<?xml version="1.0" encoding="UTF-8"?>
<testsuites tests="9" failures="0" errors="0" skipped="0">
  <testsuite timestamp="2025-05-29T15:46:40" time="88.051" tests="1" failures="0" errors="0" skipped="0">
    <properties>
      <property name="specId" value="0"/>
      <property name="suiteName" value="Create a new catalogs section"/>
      <property name="capabilities" value="chrome.136_0_7103_93.windows"/>
      <property name="file" value="file:///D:/a/1/s/test/specs/R2C/create-new-webshop-catalog-section.spec.js"/>
    </properties>
    <testcase classname="chrome.136_0_7103_93.windows.Create_a_new_catalogs_section" name="Should navigate to manage catalogs and add a new section on webshop catalog" time="70.009">
      <system-out><![CDATA[
COMMAND: POST /session/c3dee66b982ead26e192d725bf527560/execute/async - {"script":"<script> [1562 bytes]","args":[{"selector":{"controlType":"sap.m.GenericTile","properties":{"header":"Manage Catalogs"}},"wdio_ui5_key":"sapm.GenericTile{\"header\":\"Manage Catalogs\"}"}]}
RESULT: {"script":"<script> [1562 bytes]","args":[{"selector":{"controlType":"sap.m.GenericTile","properties":{"header":"Manage Catalogs"}},"wdio_ui5_key":"sapm.GenericTile{\"header\":\"Manage Catalogs\"}"}]}
RESULT: undefined
COMMAND: POST /session/c3dee66b982ead26e192d725bf527560/element - {"using":"xpath","value":"//*[@id=\"__tile37\"]"}
RESULT: {"using":"xpath","value":"//*[@id=\"__tile37\"]"}
COMMAND: POST /session/c3dee66b982ead26e192d725bf527560/element/f.9584C2A83669DBF8B89C459AF83A9E36.d.AF250592CC2337E918DEF1CCAE5B09F8.e.107/click - {}
RESULT: {}
COMMAND: GET /session/c3dee66b982ead26e192d725bf527560/screenshot - {}
RESULT: {}
COMMAND: POST /session/c3dee66b982ead26e192d725bf527560/elements - {"using":"xpath","value":"//span[text()='Error']"}
RESULT: {"using":"xpath","value":"//span[text()='Error']"}
COMMAND: POST /session/c3dee66b982ead26e192d725bf527560/execute/async - {"script":"<script> [1562 bytes]","args":[{"selector":{"controlType":"sap.m.Text","viewName":"etm.portal.ui.managecatalogs.view.MasterCatalogs","viewId":"application-managecatalogs-display-component---masterCatalogs","bindingPath":{"path":"/Catalogs('0D7502D073D53A0F1700BE067B89AFF9')","propertyPath":"DESCRIPTION","modelName":"catalogModel"}},"wdio_ui5_key":"etmportal.ui.managecatalogs.view.MasterCatalogssap.m.Text{\"path\":\"/Catalogs('0D7502D073D53A0F1700BE067B89AFF9')\",\"propertyPath\":\"DESCRIPTION\",\"modelName\":\"catalogModel\"}"}]}
RESULT: {"script":"<script> [1562 bytes]","args":[{"selector":{"controlType":"sap.m.Text","viewName":"etm.portal.ui.managecatalogs.view.MasterCatalogs","viewId":"application-managecatalogs-display-component---masterCatalogs","bindingPath":{"path":"/Catalogs('0D7502D073D53A0F1700BE067B89AFF9')","propertyPath":"DESCRIPTION","modelName":"catalogModel"}},"wdio_ui5_key":"etmportal.ui.managecatalogs.view.MasterCatalogssap.m.Text{\"path\":\"/Catalogs('0D7502D073D53A0F1700BE067B89AFF9')\",\"propertyPath\":\"DESCRIPTION\",\"modelName\":\"catalogModel\"}"}]}
RESULT: undefined
COMMAND: POST /session/c3dee66b982ead26e192d725bf527560/element - {"using":"xpath","value":"//*[@id=\"__text39-application-managecatalogs-display-component---masterCatalogs--CatalogsTable-11\"]"}
RESULT: {"using":"xpath","value":"//*[@id=\"__text39-application-managecatalogs-display-component---masterCatalogs--CatalogsTable-11\"]"}
COMMAND: POST /session/c3dee66b982ead26e192d725bf527560/element/f.9584C2A83669DBF8B89C459AF83A9E36.d.AF250592CC2337E918DEF1CCAE5B09F8.e.135/click - {}
RESULT: {}
COMMAND: POST /session/c3dee66b982ead26e192d725bf527560/execute/async - {"script":"<script> [1562 bytes]","args":[{"selector":{"controlType":"sap.ui.layout.HorizontalLayout","viewName":"etm.portal.ui.managecatalogs.view.MasterItems","viewId":"application-managecatalogs-display-component---masterCatalogItems","ancestor":{"id":"application-managecatalogs-display-component---masterCatalogItems--idCatalogItemsTree-rows-row0"}},"wdio_ui5_key":"etmportal.ui.managecatalogs.view.MasterItemssap.ui.layout.HorizontalLayout{\"id\":\"application-managecatalogs-display-component---masterCatalogItems--idCatalogItemsTree-rows-row0\"}"}]}
COMMAND: GET /session/c3dee66b982ead26e192d725bf527560/screenshot - {}
RESULT: {"script":"<script> [1562 bytes]","args":[{"selector":{"controlType":"sap.ui.layout.HorizontalLayout","viewName":"etm.portal.ui.managecatalogs.view.MasterItems","viewId":"application-managecatalogs-display-component---masterCatalogItems","ancestor":{"id":"application-managecatalogs-display-component---masterCatalogItems--idCatalogItemsTree-rows-row0"}},"wdio_ui5_key":"etmportal.ui.managecatalogs.view.MasterItemssap.ui.layout.HorizontalLayout{\"id\":\"application-managecatalogs-display-component---masterCatalogItems--idCatalogItemsTree-rows-row0\"}"}]}
RESULT: undefined
COMMAND: POST /session/c3dee66b982ead26e192d725bf527560/element - {"using":"xpath","value":"//*[@id=\"__layout3-__clone11\"]"}
RESULT: {}
RESULT: {"using":"xpath","value":"//*[@id=\"__layout3-__clone11\"]"}
COMMAND: POST /session/c3dee66b982ead26e192d725bf527560/element/f.9584C2A83669DBF8B89C459AF83A9E36.d.AF250592CC2337E918DEF1CCAE5B09F8.e.171/click - {}
RESULT: {}
COMMAND: GET /session/c3dee66b982ead26e192d725bf527560/screenshot - {}
RESULT: {}
COMMAND: POST /session/c3dee66b982ead26e192d725bf527560/execute/async - {"script":"<script> [1562 bytes]","args":[{"selector":{"controlType":"sap.m.Button","viewName":"etm.portal.ui.managecatalogs.view.Detail","viewId":"application-managecatalogs-display-component---detailCatalog","i18NText":{"propertyName":"text","key":"edit"},"interaction":{"idSuffix":"BDI-content"}},"wdio_ui5_key":"etmportal.ui.managecatalogs.view.Detailsap.m.Button{\"propertyName\":\"text\",\"key\":\"edit\"}"}]}
RESULT: {"script":"<script> [1562 bytes]","args":[{"selector":{"controlType":"sap.m.Button","viewName":"etm.portal.ui.managecatalogs.view.Detail","viewId":"application-managecatalogs-display-component---detailCatalog","i18NText":{"propertyName":"text","key":"edit"},"interaction":{"idSuffix":"BDI-content"}},"wdio_ui5_key":"etmportal.ui.managecatalogs.view.Detailsap.m.Button{\"propertyName\":\"text\",\"key\":\"edit\"}"}]}
RESULT: undefined
COMMAND: POST /session/c3dee66b982ead26e192d725bf527560/element - {"using":"xpath","value":"//*[@id=\"__button35\"]"}
RESULT: {"using":"xpath","value":"//*[@id=\"__button35\"]"}
COMMAND: POST /session/c3dee66b982ead26e192d725bf527560/element/f.9584C2A83669DBF8B89C459AF83A9E36.d.AF250592CC2337E918DEF1CCAE5B09F8.e.281/click - {}
RESULT: {}
COMMAND: GET /session/c3dee66b982ead26e192d725bf527560/screenshot - {}
RESULT: {}
COMMAND: POST /session/c3dee66b982ead26e192d725bf527560/element - {"using":"xpath","value":"//bdi[contains(text(), \"Unlock\")]"}
RESULT: {"using":"xpath","value":"//bdi[contains(text(), \"Unlock\")]"}
COMMAND: POST /session/c3dee66b982ead26e192d725bf527560/elements - {"using":"xpath","value":"//bdi[contains(text(), \"Unlock\")]"}
RESULT: {"using":"xpath","value":"//bdi[contains(text(), \"Unlock\")]"}
COMMAND: POST /session/c3dee66b982ead26e192d725bf527560/execute/async - {"script":"<script> [1562 bytes]","args":[{"selector":{"controlType":"sap.ui.core.Icon","viewName":"etm.portal.ui.managecatalogs.view.Detail","viewId":"application-managecatalogs-display-component---detailCatalog","properties":{"src":{"regex":{"source":"add\\-folder"}}}},"wdio_ui5_key":"etmportal.ui.managecatalogs.view.Detailsap.ui.core.Icon{\"src\":{\"regex\":{\"source\":\"add\\\\-folder\"}}}"}]}
RESULT: {"script":"<script> [1562 bytes]","args":[{"selector":{"controlType":"sap.ui.core.Icon","viewName":"etm.portal.ui.managecatalogs.view.Detail","viewId":"application-managecatalogs-display-component---detailCatalog","properties":{"src":{"regex":{"source":"add\\-folder"}}}},"wdio_ui5_key":"etmportal.ui.managecatalogs.view.Detailsap.ui.core.Icon{\"src\":{\"regex\":{\"source\":\"add\\\\-folder\"}}}"}]}
RESULT: undefined
COMMAND: POST /session/c3dee66b982ead26e192d725bf527560/element - {"using":"xpath","value":"//*[@id=\"__button43-img\"]"}
RESULT: {"using":"xpath","value":"//*[@id=\"__button43-img\"]"}
COMMAND: POST /session/c3dee66b982ead26e192d725bf527560/element/f.9584C2A83669DBF8B89C459AF83A9E36.d.AF250592CC2337E918DEF1CCAE5B09F8.e.290/click - {}
RESULT: {}
COMMAND: GET /session/c3dee66b982ead26e192d725bf527560/screenshot - {}
RESULT: {}
COMMAND: POST /session/c3dee66b982ead26e192d725bf527560/execute/async - {"script":"<script> [1562 bytes]","args":[{"selector":{"id":"application-managecatalogs-display-component---detailCatalog--numberInput","searchOpenDialogs":true,"interaction":{"idSuffix":"inner"}},"wdio_ui5_key":"applicationmanagecatalogs-display-component---detailCatalog--numberInput"}]}
RESULT: {"script":"<script> [1562 bytes]","args":[{"selector":{"id":"application-managecatalogs-display-component---detailCatalog--numberInput","searchOpenDialogs":true,"interaction":{"idSuffix":"inner"}},"wdio_ui5_key":"applicationmanagecatalogs-display-component---detailCatalog--numberInput"}]}
RESULT: undefined
COMMAND: POST /session/c3dee66b982ead26e192d725bf527560/execute/async - {"script":"<script> [776 bytes]","args":[{"enterText":"Sectionph2ro","selector":{"id":"application-managecatalogs-display-component---detailCatalog--numberInput","searchOpenDialogs":true,"interaction":{"idSuffix":"inner"}},"clearTextFirst":true,"interactionType":"ENTER_TEXT"}]}
RESULT: {"script":"<script> [776 bytes]","args":[{"enterText":"Sectionph2ro","selector":{"id":"application-managecatalogs-display-component---detailCatalog--numberInput","searchOpenDialogs":true,"interaction":{"idSuffix":"inner"}},"clearTextFirst":true,"interactionType":"ENTER_TEXT"}]}
COMMAND: POST /session/c3dee66b982ead26e192d725bf527560/element - {"using":"css selector","value":"#application-managecatalogs-display-component---detailCatalog--nameInput-inner"}
RESULT: {"using":"css selector","value":"#application-managecatalogs-display-component---detailCatalog--nameInput-inner"}
COMMAND: POST /session/c3dee66b982ead26e192d725bf527560/elements - {"using":"css selector","value":"#application-managecatalogs-display-component---detailCatalog--nameInput-inner"}
RESULT: {"using":"css selector","value":"#application-managecatalogs-display-component---detailCatalog--nameInput-inner"}
COMMAND: POST /session/c3dee66b982ead26e192d725bf527560/element/f.9584C2A83669DBF8B89C459AF83A9E36.d.AF250592CC2337E918DEF1CCAE5B09F8.e.294/clear - {}
RESULT: {}
COMMAND: POST /session/c3dee66b982ead26e192d725bf527560/element/f.9584C2A83669DBF8B89C459AF83A9E36.d.AF250592CC2337E918DEF1CCAE5B09F8.e.294/value - {"text":"Webdriversaz4i"}
COMMAND: GET /session/c3dee66b982ead26e192d725bf527560/screenshot - {}
RESULT: {"text":"Webdriversaz4i"}
COMMAND: POST /session/c3dee66b982ead26e192d725bf527560/execute/async - {"script":"<script> [1562 bytes]","args":[{"selector":{"controlType":"sap.m.Button","viewName":"etm.portal.ui.managecatalogs.view.Detail","viewId":"application-managecatalogs-display-component---detailCatalog","i18NText":{"propertyName":"text","key":"create"},"searchOpenDialogs":true,"interaction":{"idSuffix":"BDI-content"}},"wdio_ui5_key":"etmportal.ui.managecatalogs.view.Detailsap.m.Button{\"propertyName\":\"text\",\"key\":\"create\"}"}]}
COMMAND: GET /session/c3dee66b982ead26e192d725bf527560/screenshot - {}
RESULT: {}
RESULT: {"script":"<script> [1562 bytes]","args":[{"selector":{"controlType":"sap.m.Button","viewName":"etm.portal.ui.managecatalogs.view.Detail","viewId":"application-managecatalogs-display-component---detailCatalog","i18NText":{"propertyName":"text","key":"create"},"searchOpenDialogs":true,"interaction":{"idSuffix":"BDI-content"}},"wdio_ui5_key":"etmportal.ui.managecatalogs.view.Detailsap.m.Button{\"propertyName\":\"text\",\"key\":\"create\"}"}]}
RESULT: undefined
COMMAND: POST /session/c3dee66b982ead26e192d725bf527560/element - {"using":"xpath","value":"//*[@id=\"__button13\"]"}
RESULT: {}
RESULT: {"using":"xpath","value":"//*[@id=\"__button13\"]"}
COMMAND: POST /session/c3dee66b982ead26e192d725bf527560/element/f.9584C2A83669DBF8B89C459AF83A9E36.d.AF250592CC2337E918DEF1CCAE5B09F8.e.300/click - {}
RESULT: {}
COMMAND: GET /session/c3dee66b982ead26e192d725bf527560/screenshot - {}
RESULT: {}
COMMAND: POST /session/c3dee66b982ead26e192d725bf527560/element - {"using":"xpath","value":"//button[@title=\"Save\"]"}
RESULT: {"using":"xpath","value":"//button[@title=\"Save\"]"}
COMMAND: POST /session/c3dee66b982ead26e192d725bf527560/element/f.9584C2A83669DBF8B89C459AF83A9E36.d.AF250592CC2337E918DEF1CCAE5B09F8.e.301/click - {}
RESULT: {}
COMMAND: POST /session/c3dee66b982ead26e192d725bf527560/execute/async - {"script":"<script> [1562 bytes]","args":[{"selector":{"controlType":"sap.ui.core.Icon","viewName":"etm.portal.ui.managecatalogs.view.Detail","viewId":"application-managecatalogs-display-component---detailCatalog","properties":{"src":{"regex":{"source":"decline"}}}},"wdio_ui5_key":"etmportal.ui.managecatalogs.view.Detailsap.ui.core.Icon{\"src\":{\"regex\":{\"source\":\"decline\"}}}"}]}
COMMAND: GET /session/c3dee66b982ead26e192d725bf527560/screenshot - {}
RESULT: {"script":"<script> [1562 bytes]","args":[{"selector":{"controlType":"sap.ui.core.Icon","viewName":"etm.portal.ui.managecatalogs.view.Detail","viewId":"application-managecatalogs-display-component---detailCatalog","properties":{"src":{"regex":{"source":"decline"}}}},"wdio_ui5_key":"etmportal.ui.managecatalogs.view.Detailsap.ui.core.Icon{\"src\":{\"regex\":{\"source\":\"decline\"}}}"}]}
RESULT: undefined
COMMAND: POST /session/c3dee66b982ead26e192d725bf527560/element - {"using":"xpath","value":"//*[@id=\"__button38-img\"]"}
RESULT: {}
RESULT: {"using":"xpath","value":"//*[@id=\"__button38-img\"]"}
COMMAND: POST /session/c3dee66b982ead26e192d725bf527560/element/f.9584C2A83669DBF8B89C459AF83A9E36.d.AF250592CC2337E918DEF1CCAE5B09F8.e.307/click - {}
RESULT: {}
COMMAND: GET /session/c3dee66b982ead26e192d725bf527560/screenshot - {}
RESULT: {}
COMMAND: POST /session/c3dee66b982ead26e192d725bf527560/execute/async - {"script":"<script> [1562 bytes]","args":[{"selector":{"controlType":"sap.ui.core.Icon","viewName":"etm.portal.ui.managecatalogs.view.MasterItems","viewId":"application-managecatalogs-display-component---masterCatalogItems","properties":{"src":{"regex":{"source":"refresh"}}}},"wdio_ui5_key":"etmportal.ui.managecatalogs.view.MasterItemssap.ui.core.Icon{\"src\":{\"regex\":{\"source\":\"refresh\"}}}"}]}
RESULT: {"script":"<script> [1562 bytes]","args":[{"selector":{"controlType":"sap.ui.core.Icon","viewName":"etm.portal.ui.managecatalogs.view.MasterItems","viewId":"application-managecatalogs-display-component---masterCatalogItems","properties":{"src":{"regex":{"source":"refresh"}}}},"wdio_ui5_key":"etmportal.ui.managecatalogs.view.MasterItemssap.ui.core.Icon{\"src\":{\"regex\":{\"source\":\"refresh\"}}}"}]}
RESULT: undefined
COMMAND: POST /session/c3dee66b982ead26e192d725bf527560/element - {"using":"xpath","value":"//*[@id=\"__button11-img\"]"}
RESULT: {"using":"xpath","value":"//*[@id=\"__button11-img\"]"}
COMMAND: POST /session/c3dee66b982ead26e192d725bf527560/element/f.9584C2A83669DBF8B89C459AF83A9E36.d.AF250592CC2337E918DEF1CCAE5B09F8.e.344/click - {}
RESULT: {}
COMMAND: POST /session/c3dee66b982ead26e192d725bf527560/execute/async - {"script":"<script> [1562 bytes]","args":[{"selector":{"id":"application-managecatalogs-display-component---masterCatalogItems--searchItemsField","interaction":{"idSuffix":"I"}},"wdio_ui5_key":"applicationmanagecatalogs-display-component---masterCatalogItems--searchItemsField"}]}
COMMAND: GET /session/c3dee66b982ead26e192d725bf527560/screenshot - {}
RESULT: {"script":"<script> [1562 bytes]","args":[{"selector":{"id":"application-managecatalogs-display-component---masterCatalogItems--searchItemsField","interaction":{"idSuffix":"I"}},"wdio_ui5_key":"applicationmanagecatalogs-display-component---masterCatalogItems--searchItemsField"}]}
RESULT: undefined
COMMAND: POST /session/c3dee66b982ead26e192d725bf527560/execute/async - {"script":"<script> [776 bytes]","args":[{"enterText":"Webdriversaz4i","selector":{"id":"application-managecatalogs-display-component---masterCatalogItems--searchItemsField","interaction":{"idSuffix":"I"}},"clearTextFirst":true,"interactionType":"ENTER_TEXT"}]}
RESULT: {}
RESULT: {"script":"<script> [776 bytes]","args":[{"enterText":"Webdriversaz4i","selector":{"id":"application-managecatalogs-display-component---masterCatalogItems--searchItemsField","interaction":{"idSuffix":"I"}},"clearTextFirst":true,"interactionType":"ENTER_TEXT"}]}
COMMAND: POST /session/c3dee66b982ead26e192d725bf527560/actions - {"actions":[{"id":"action1","type":"key","parameters":{},"actions":[{"type":"keyDown","value":""},{"type":"pause","duration":10},{"type":"keyUp","value":""}]}]}
RESULT: {"actions":[{"id":"action1","type":"key","parameters":{},"actions":[{"type":"keyDown","value":""},{"type":"pause","duration":10},{"type":"keyUp","value":""}]}]}
COMMAND: POST /session/c3dee66b982ead26e192d725bf527560/element - {"using":"xpath","value":"(//span[contains(text(), \"Webdriversaz4i\")])[1]"}
COMMAND: GET /session/c3dee66b982ead26e192d725bf527560/screenshot - {}
RESULT: {"using":"xpath","value":"(//span[contains(text(), \"Webdriversaz4i\")])[1]"}
COMMAND: POST /session/c3dee66b982ead26e192d725bf527560/element/f.9584C2A83669DBF8B89C459AF83A9E36.d.AF250592CC2337E918DEF1CCAE5B09F8.e.347/click - {}
RESULT: {}
RESULT: {}
COMMAND: GET /session/c3dee66b982ead26e192d725bf527560/screenshot - {}
RESULT: {}
RESULT: undefined
COMMAND: POST /session/c3dee66b982ead26e192d725bf527560/element - {"using":"xpath","value":"//*[@id=\"__button35\"]"}
RESULT: {"using":"xpath","value":"//*[@id=\"__button35\"]"}
COMMAND: POST /session/c3dee66b982ead26e192d725bf527560/element/f.9584C2A83669DBF8B89C459AF83A9E36.d.AF250592CC2337E918DEF1CCAE5B09F8.e.384/click - {}
RESULT: {}
COMMAND: GET /session/c3dee66b982ead26e192d725bf527560/screenshot - {}
RESULT: {}
RESULT: undefined
COMMAND: POST /session/c3dee66b982ead26e192d725bf527560/element - {"using":"xpath","value":"//*[@id=\"__button43-img\"]"}
RESULT: {"using":"xpath","value":"//*[@id=\"__button43-img\"]"}
COMMAND: POST /session/c3dee66b982ead26e192d725bf527560/element/f.9584C2A83669DBF8B89C459AF83A9E36.d.AF250592CC2337E918DEF1CCAE5B09F8.e.432/click - {}
RESULT: {}
COMMAND: GET /session/c3dee66b982ead26e192d725bf527560/screenshot - {}
RESULT: {}
RESULT: undefined
COMMAND: POST /session/c3dee66b982ead26e192d725bf527560/execute/async - {"script":"<script> [776 bytes]","args":[{"enterText":"SecondSection9k8ls","selector":{"id":"application-managecatalogs-display-component---detailCatalog--numberInput","searchOpenDialogs":true,"interaction":{"idSuffix":"inner"}},"clearTextFirst":true,"interactionType":"ENTER_TEXT"}]}
RESULT: {"script":"<script> [776 bytes]","args":[{"enterText":"SecondSection9k8ls","selector":{"id":"application-managecatalogs-display-component---detailCatalog--numberInput","searchOpenDialogs":true,"interaction":{"idSuffix":"inner"}},"clearTextFirst":true,"interactionType":"ENTER_TEXT"}]}
COMMAND: POST /session/c3dee66b982ead26e192d725bf527560/element - {"using":"xpath","value":"//input[contains(@id ,\"application-managecatalogs-display-component---detailCatalog--nameInput-inner\")]"}
RESULT: {"using":"xpath","value":"//input[contains(@id ,\"application-managecatalogs-display-component---detailCatalog--nameInput-inner\")]"}
COMMAND: POST /session/c3dee66b982ead26e192d725bf527560/elements - {"using":"xpath","value":"//input[contains(@id ,\"application-managecatalogs-display-component---detailCatalog--nameInput-inner\")]"}
RESULT: {"using":"xpath","value":"//input[contains(@id ,\"application-managecatalogs-display-component---detailCatalog--nameInput-inner\")]"}
COMMAND: POST /session/c3dee66b982ead26e192d725bf527560/element/f.9584C2A83669DBF8B89C459AF83A9E36.d.AF250592CC2337E918DEF1CCAE5B09F8.e.436/clear - {}
RESULT: {}
COMMAND: POST /session/c3dee66b982ead26e192d725bf527560/element/f.9584C2A83669DBF8B89C459AF83A9E36.d.AF250592CC2337E918DEF1CCAE5B09F8.e.436/value - {"text":"webdriversecondlzm4p"}
COMMAND: GET /session/c3dee66b982ead26e192d725bf527560/screenshot - {}
RESULT: {"text":"webdriversecondlzm4p"}
COMMAND: POST /session/c3dee66b982ead26e192d725bf527560/execute/async - {"script":"<script> [1562 bytes]","args":[{"selector":{"id":"application-managecatalogs-display-component---detailCatalog--nameInput","searchOpenDialogs":true,"interaction":{"idSuffix":"inner"}},"wdio_ui5_key":"applicationmanagecatalogs-display-component---detailCatalog--nameInput"}]}
COMMAND: GET /session/c3dee66b982ead26e192d725bf527560/screenshot - {}
RESULT: {}
RESULT: {"script":"<script> [1562 bytes]","args":[{"selector":{"id":"application-managecatalogs-display-component---detailCatalog--nameInput","searchOpenDialogs":true,"interaction":{"idSuffix":"inner"}},"wdio_ui5_key":"applicationmanagecatalogs-display-component---detailCatalog--nameInput"}]}
RESULT: undefined
COMMAND: POST /session/c3dee66b982ead26e192d725bf527560/execute/async - {"script":"<script> [776 bytes]","args":[{"enterText":"webdriversecondlzm4p","selector":{"id":"application-managecatalogs-display-component---detailCatalog--nameInput","searchOpenDialogs":true,"interaction":{"idSuffix":"inner"}},"clearTextFirst":true,"interactionType":"ENTER_TEXT"}]}
RESULT: {}
RESULT: {"script":"<script> [776 bytes]","args":[{"enterText":"webdriversecondlzm4p","selector":{"id":"application-managecatalogs-display-component---detailCatalog--nameInput","searchOpenDialogs":true,"interaction":{"idSuffix":"inner"}},"clearTextFirst":true,"interactionType":"ENTER_TEXT"}]}
RESULT: undefined
COMMAND: POST /session/c3dee66b982ead26e192d725bf527560/element - {"using":"xpath","value":"//*[@id=\"__button13\"]"}
RESULT: {"using":"xpath","value":"//*[@id=\"__button13\"]"}
COMMAND: POST /session/c3dee66b982ead26e192d725bf527560/element/f.9584C2A83669DBF8B89C459AF83A9E36.d.AF250592CC2337E918DEF1CCAE5B09F8.e.440/click - {}
RESULT: {}
COMMAND: GET /session/c3dee66b982ead26e192d725bf527560/screenshot - {}
RESULT: {}
COMMAND: POST /session/c3dee66b982ead26e192d725bf527560/element - {"using":"xpath","value":"//button[@title=\"Save\"]"}
RESULT: {"using":"xpath","value":"//button[@title=\"Save\"]"}
COMMAND: POST /session/c3dee66b982ead26e192d725bf527560/element/f.9584C2A83669DBF8B89C459AF83A9E36.d.AF250592CC2337E918DEF1CCAE5B09F8.e.418/click - {}
RESULT: {}
COMMAND: GET /session/c3dee66b982ead26e192d725bf527560/screenshot - {}
RESULT: {}
RESULT: undefined
COMMAND: POST /session/c3dee66b982ead26e192d725bf527560/element - {"using":"xpath","value":"//*[@id=\"__button38-img\"]"}
RESULT: {"using":"xpath","value":"//*[@id=\"__button38-img\"]"}
COMMAND: POST /session/c3dee66b982ead26e192d725bf527560/element/f.9584C2A83669DBF8B89C459AF83A9E36.d.AF250592CC2337E918DEF1CCAE5B09F8.e.391/click - {}
RESULT: {}
COMMAND: GET /session/c3dee66b982ead26e192d725bf527560/screenshot - {}
RESULT: {}
RESULT: undefined
COMMAND: POST /session/c3dee66b982ead26e192d725bf527560/element - {"using":"xpath","value":"//*[@id=\"__button11-img\"]"}
RESULT: {"using":"xpath","value":"//*[@id=\"__button11-img\"]"}
COMMAND: POST /session/c3dee66b982ead26e192d725bf527560/element/f.9584C2A83669DBF8B89C459AF83A9E36.d.AF250592CC2337E918DEF1CCAE5B09F8.e.480/click - {}
RESULT: {}
COMMAND: GET /session/c3dee66b982ead26e192d725bf527560/screenshot - {}
RESULT: {}
RESULT: undefined
COMMAND: POST /session/c3dee66b982ead26e192d725bf527560/execute/async - {"script":"<script> [776 bytes]","args":[{"enterText":"SecondSection9k8ls","selector":{"id":"application-managecatalogs-display-component---masterCatalogItems--searchItemsField","interaction":{"idSuffix":"I"}},"clearTextFirst":true,"interactionType":"ENTER_TEXT"}]}
RESULT: {"script":"<script> [776 bytes]","args":[{"enterText":"SecondSection9k8ls","selector":{"id":"application-managecatalogs-display-component---masterCatalogItems--searchItemsField","interaction":{"idSuffix":"I"}},"clearTextFirst":true,"interactionType":"ENTER_TEXT"}]}
COMMAND: POST /session/c3dee66b982ead26e192d725bf527560/actions - {"actions":[{"id":"action2","type":"key","parameters":{},"actions":[{"type":"keyDown","value":""},{"type":"pause","duration":10},{"type":"keyUp","value":""}]}]}
RESULT: {"actions":[{"id":"action2","type":"key","parameters":{},"actions":[{"type":"keyDown","value":""},{"type":"pause","duration":10},{"type":"keyUp","value":""}]}]}
COMMAND: POST /session/c3dee66b982ead26e192d725bf527560/element - {"using":"xpath","value":"(//span[contains(text(), \"SecondSection9k8ls\")])[1]"}
COMMAND: GET /session/c3dee66b982ead26e192d725bf527560/screenshot - {}
RESULT: {"using":"xpath","value":"(//span[contains(text(), \"SecondSection9k8ls\")])[1]"}
COMMAND: POST /session/c3dee66b982ead26e192d725bf527560/element/f.9584C2A83669DBF8B89C459AF83A9E36.d.AF250592CC2337E918DEF1CCAE5B09F8.e.483/click - {}
RESULT: {}
RESULT: {}
COMMAND: POST /session/c3dee66b982ead26e192d725bf527560/element - {"using":"xpath","value":"(//span[contains(text(), \"SecondSection9k8ls\")])[1]"}
COMMAND: GET /session/c3dee66b982ead26e192d725bf527560/screenshot - {}
RESULT: {"using":"xpath","value":"(//span[contains(text(), \"SecondSection9k8ls\")])[1]"}
COMMAND: GET /session/c3dee66b982ead26e192d725bf527560/element/f.9584C2A83669DBF8B89C459AF83A9E36.d.AF250592CC2337E918DEF1CCAE5B09F8.e.483/text - {}
RESULT: {}
COMMAND: POST /session/c3dee66b982ead26e192d725bf527560/element - {"using":"xpath","value":"(//span[contains(text(), \"SecondSection9k8ls\")])[1]"}
RESULT: {"using":"xpath","value":"(//span[contains(text(), \"SecondSection9k8ls\")])[1]"}
COMMAND: GET /session/c3dee66b982ead26e192d725bf527560/element/f.9584C2A83669DBF8B89C459AF83A9E36.d.AF250592CC2337E918DEF1CCAE5B09F8.e.483/text - {}
COMMAND: POST /session/c3dee66b982ead26e192d725bf527560/element - {"using":"xpath","value":"(//span[contains(text(), \"SecondSection9k8ls\")])[1]"}
RESULT: {"using":"xpath","value":"(//span[contains(text(), \"SecondSection9k8ls\")])[1]"}
COMMAND: GET /session/c3dee66b982ead26e192d725bf527560/element/f.9584C2A83669DBF8B89C459AF83A9E36.d.AF250592CC2337E918DEF1CCAE5B09F8.e.534/text - {}
RESULT: {}
COMMAND: POST /session/c3dee66b982ead26e192d725bf527560/element - {"using":"css selector","value":"#shell-header-logo"}
RESULT: {"using":"css selector","value":"#shell-header-logo"}
COMMAND: POST /session/c3dee66b982ead26e192d725bf527560/element/f.9584C2A83669DBF8B89C459AF83A9E36.d.AF250592CC2337E918DEF1CCAE5B09F8.e.110/click - {}
RESULT: {}
COMMAND: GET /session/c3dee66b982ead26e192d725bf527560/screenshot - {}
RESULT: {}
COMMAND: POST /session/c3dee66b982ead26e192d725bf527560/execute/async - {"script":"<script> [1562 bytes]","args":[{"selector":{"controlType":"sap.m.GenericTile","properties":{"header":"Manage Classifications"}},"wdio_ui5_key":"sapm.GenericTile{\"header\":\"Manage Classifications\"}"}]}
RESULT: {"script":"<script> [1562 bytes]","args":[{"selector":{"controlType":"sap.m.GenericTile","properties":{"header":"Manage Classifications"}},"wdio_ui5_key":"sapm.GenericTile{\"header\":\"Manage Classifications\"}"}]}
RESULT: undefined
COMMAND: POST /session/c3dee66b982ead26e192d725bf527560/element - {"using":"xpath","value":"//*[@id=\"__tile115\"]"}
RESULT: {"using":"xpath","value":"//*[@id=\"__tile115\"]"}
COMMAND: POST /session/c3dee66b982ead26e192d725bf527560/element/f.9584C2A83669DBF8B89C459AF83A9E36.d.AF250592CC2337E918DEF1CCAE5B09F8.e.540/click - {}
RESULT: {}
COMMAND: GET /session/c3dee66b982ead26e192d725bf527560/screenshot - {}
RESULT: {}
COMMAND: POST /session/c3dee66b982ead26e192d725bf527560/elements - {"using":"xpath","value":"//span[text()='Error']"}
RESULT: {"using":"xpath","value":"//span[text()='Error']"}
]]></system-out>
    </testcase>
  </testsuite>
  <testsuite timestamp="2025-05-29T15:48:08" time="229.576" tests="3" failures="0" errors="0" skipped="0">
    <properties>
      <property name="specId" value="0"/>
      <property name="suiteName" value="Manage catalogs - yard assignment classification US138930"/>
      <property name="capabilities" value="chrome.136_0_7103_93.windows"/>
      <property name="file" value="file:///D:/a/1/s/test/specs/R2C/manage-catalogs-yard-assignment-classification.spec.js"/>
    </properties>
    <testcase classname="chrome.136_0_7103_93.windows.Manage_catalogs_-_yard_assignment_classification_US138930" name="Should create a new classification of type yard assignment" time="34.069">
      <system-out><![CDATA[
COMMAND: POST /session/c3dee66b982ead26e192d725bf527560/execute/async - {"script":"<script> [1562 bytes]","args":[{"selector":{"controlType":"sap.ui.core.Icon","viewName":"etm.portal.ui.manageclassifications.view.Master","viewId":"application-manageclassifications-display-component---classificationMaster","properties":{"src":{"regex":{"source":"add"}}}},"wdio_ui5_key":"etmportal.ui.manageclassifications.view.Mastersap.ui.core.Icon{\"src\":{\"regex\":{\"source\":\"add\"}}}"}]}
RESULT: {"script":"<script> [1562 bytes]","args":[{"selector":{"controlType":"sap.ui.core.Icon","viewName":"etm.portal.ui.manageclassifications.view.Master","viewId":"application-manageclassifications-display-component---classificationMaster","properties":{"src":{"regex":{"source":"add"}}}},"wdio_ui5_key":"etmportal.ui.manageclassifications.view.Mastersap.ui.core.Icon{\"src\":{\"regex\":{\"source\":\"add\"}}}"}]}
RESULT: undefined
COMMAND: POST /session/c3dee66b982ead26e192d725bf527560/element - {"using":"xpath","value":"//*[@id=\"__button77-img\"]"}
RESULT: {"using":"xpath","value":"//*[@id=\"__button77-img\"]"}
COMMAND: POST /session/c3dee66b982ead26e192d725bf527560/element/f.9584C2A83669DBF8B89C459AF83A9E36.d.AF250592CC2337E918DEF1CCAE5B09F8.e.580/click - {}
RESULT: {}
COMMAND: POST /session/c3dee66b982ead26e192d725bf527560/execute/async - {"script":"<script> [1562 bytes]","args":[{"selector":{"id":"application-manageclassifications-display-component---classificationCreate--classHeaderName","interaction":{"idSuffix":"inner"}},"wdio_ui5_key":"applicationmanageclassifications-display-component---classificationCreate--classHeaderName"}]}
COMMAND: GET /session/c3dee66b982ead26e192d725bf527560/screenshot - {}
RESULT: {"script":"<script> [1562 bytes]","args":[{"selector":{"id":"application-manageclassifications-display-component---classificationCreate--classHeaderName","interaction":{"idSuffix":"inner"}},"wdio_ui5_key":"applicationmanageclassifications-display-component---classificationCreate--classHeaderName"}]}
RESULT: undefined
COMMAND: POST /session/c3dee66b982ead26e192d725bf527560/execute/async - {"script":"<script> [776 bytes]","args":[{"enterText":"WebdriverYardClass8a2ie","selector":{"id":"application-manageclassifications-display-component---classificationCreate--classHeaderName","interaction":{"idSuffix":"inner"}},"clearTextFirst":true,"interactionType":"ENTER_TEXT"}]}
RESULT: {}
RESULT: {"script":"<script> [776 bytes]","args":[{"enterText":"WebdriverYardClass8a2ie","selector":{"id":"application-manageclassifications-display-component---classificationCreate--classHeaderName","interaction":{"idSuffix":"inner"}},"clearTextFirst":true,"interactionType":"ENTER_TEXT"}]}
COMMAND: POST /session/c3dee66b982ead26e192d725bf527560/execute/async - {"script":"<script> [1562 bytes]","args":[{"selector":{"controlType":"sap.ui.core.Icon","viewName":"etm.portal.ui.manageclassifications.view.Create","viewId":"application-manageclassifications-display-component---classificationCreate","properties":{"src":{"regex":{"source":"slim\\-arrow\\-down"}}}},"wdio_ui5_key":"etmportal.ui.manageclassifications.view.Createsap.ui.core.Icon{\"src\":{\"regex\":{\"source\":\"slim\\\\-arrow\\\\-down\"}}}"}]}
RESULT: {"script":"<script> [1562 bytes]","args":[{"selector":{"controlType":"sap.ui.core.Icon","viewName":"etm.portal.ui.manageclassifications.view.Create","viewId":"application-manageclassifications-display-component---classificationCreate","properties":{"src":{"regex":{"source":"slim\\-arrow\\-down"}}}},"wdio_ui5_key":"etmportal.ui.manageclassifications.view.Createsap.ui.core.Icon{\"src\":{\"regex\":{\"source\":\"slim\\\\-arrow\\\\-down\"}}}"}]}
RESULT: undefined
COMMAND: POST /session/c3dee66b982ead26e192d725bf527560/element - {"using":"xpath","value":"//*[@id=\"__box48-arrow\"]"}
RESULT: {"using":"xpath","value":"//*[@id=\"__box48-arrow\"]"}
COMMAND: POST /session/c3dee66b982ead26e192d725bf527560/element/f.9584C2A83669DBF8B89C459AF83A9E36.d.AF250592CC2337E918DEF1CCAE5B09F8.e.853/click - {}
RESULT: {}
COMMAND: POST /session/c3dee66b982ead26e192d725bf527560/execute/async - {"script":"<script> [1562 bytes]","args":[{"selector":{"controlType":"sap.m.StandardListItem","viewName":"etm.portal.ui.manageclassifications.view.Create","viewId":"application-manageclassifications-display-component---classificationCreate","properties":{"title":"Yard assignment"},"searchOpenDialogs":true,"interaction":{"idSuffix":"titleText"}},"wdio_ui5_key":"etmportal.ui.manageclassifications.view.Createsap.m.StandardListItem{\"title\":\"Yard assignment\"}"}]}
COMMAND: GET /session/c3dee66b982ead26e192d725bf527560/screenshot - {}
RESULT: {"script":"<script> [1562 bytes]","args":[{"selector":{"controlType":"sap.m.StandardListItem","viewName":"etm.portal.ui.manageclassifications.view.Create","viewId":"application-manageclassifications-display-component---classificationCreate","properties":{"title":"Yard assignment"},"searchOpenDialogs":true,"interaction":{"idSuffix":"titleText"}},"wdio_ui5_key":"etmportal.ui.manageclassifications.view.Createsap.m.StandardListItem{\"title\":\"Yard assignment\"}"}]}
RESULT: undefined
COMMAND: POST /session/c3dee66b982ead26e192d725bf527560/element - {"using":"xpath","value":"//*[@id=\"__item288\"]"}
RESULT: {}
RESULT: {"using":"xpath","value":"//*[@id=\"__item288\"]"}
COMMAND: POST /session/c3dee66b982ead26e192d725bf527560/element/f.9584C2A83669DBF8B89C459AF83A9E36.d.AF250592CC2337E918DEF1CCAE5B09F8.e.920/click - {}
RESULT: {}
COMMAND: POST /session/c3dee66b982ead26e192d725bf527560/execute/async - {"script":"<script> [1562 bytes]","args":[{"selector":{"controlType":"sap.ui.core.Icon","viewName":"etm.portal.ui.manageclassifications.view.Create","viewId":"application-manageclassifications-display-component---classificationCreate","properties":{"src":{"regex":{"source":"add"}}}},"wdio_ui5_key":"etmportal.ui.manageclassifications.view.Createsap.ui.core.Icon{\"src\":{\"regex\":{\"source\":\"add\"}}}"}]}
COMMAND: GET /session/c3dee66b982ead26e192d725bf527560/screenshot - {}
RESULT: {"script":"<script> [1562 bytes]","args":[{"selector":{"controlType":"sap.ui.core.Icon","viewName":"etm.portal.ui.manageclassifications.view.Create","viewId":"application-manageclassifications-display-component---classificationCreate","properties":{"src":{"regex":{"source":"add"}}}},"wdio_ui5_key":"etmportal.ui.manageclassifications.view.Createsap.ui.core.Icon{\"src\":{\"regex\":{\"source\":\"add\"}}}"}]}
RESULT: undefined
COMMAND: POST /session/c3dee66b982ead26e192d725bf527560/element - {"using":"xpath","value":"//*[@id=\"__button82-img\"]"}
RESULT: {}
RESULT: {"using":"xpath","value":"//*[@id=\"__button82-img\"]"}
COMMAND: POST /session/c3dee66b982ead26e192d725bf527560/element/f.9584C2A83669DBF8B89C459AF83A9E36.d.AF250592CC2337E918DEF1CCAE5B09F8.e.856/click - {}
RESULT: {}
COMMAND: POST /session/c3dee66b982ead26e192d725bf527560/execute/async - {"script":"<script> [1562 bytes]","args":[{"selector":{"controlType":"sap.m.Input","viewName":"etm.portal.ui.manageclassifications.view.Create","viewId":"application-manageclassifications-display-component---classificationCreate","bindingPath":{"path":"/0","propertyPath":"PROPERTY","modelName":"newConfigModel"},"interaction":{"idSuffix":"inner"}},"wdio_ui5_key":"etmportal.ui.manageclassifications.view.Createsap.m.Input{\"path\":\"/0\",\"propertyPath\":\"PROPERTY\",\"modelName\":\"newConfigModel\"}"}]}
COMMAND: GET /session/c3dee66b982ead26e192d725bf527560/screenshot - {}
RESULT: {"script":"<script> [1562 bytes]","args":[{"selector":{"controlType":"sap.m.Input","viewName":"etm.portal.ui.manageclassifications.view.Create","viewId":"application-manageclassifications-display-component---classificationCreate","bindingPath":{"path":"/0","propertyPath":"PROPERTY","modelName":"newConfigModel"},"interaction":{"idSuffix":"inner"}},"wdio_ui5_key":"etmportal.ui.manageclassifications.view.Createsap.m.Input{\"path\":\"/0\",\"propertyPath\":\"PROPERTY\",\"modelName\":\"newConfigModel\"}"}]}
RESULT: undefined
COMMAND: POST /session/c3dee66b982ead26e192d725bf527560/execute/async - {"script":"<script> [776 bytes]","args":[{"enterText":"101","selector":{"controlType":"sap.m.Input","viewName":"etm.portal.ui.manageclassifications.view.Create","viewId":"application-manageclassifications-display-component---classificationCreate","bindingPath":{"path":"/0","propertyPath":"PROPERTY","modelName":"newConfigModel"},"interaction":{"idSuffix":"inner"}},"clearTextFirst":true,"interactionType":"ENTER_TEXT"}]}
RESULT: {}
RESULT: {"script":"<script> [776 bytes]","args":[{"enterText":"101","selector":{"controlType":"sap.m.Input","viewName":"etm.portal.ui.manageclassifications.view.Create","viewId":"application-manageclassifications-display-component---classificationCreate","bindingPath":{"path":"/0","propertyPath":"PROPERTY","modelName":"newConfigModel"},"interaction":{"idSuffix":"inner"}},"clearTextFirst":true,"interactionType":"ENTER_TEXT"}]}
COMMAND: POST /session/c3dee66b982ead26e192d725bf527560/execute/async - {"script":"<script> [1562 bytes]","args":[{"selector":{"controlType":"sap.m.Input","viewName":"etm.portal.ui.manageclassifications.view.Create","viewId":"application-manageclassifications-display-component---classificationCreate","bindingPath":{"path":"/0","propertyPath":"DESCRIPTION","modelName":"newConfigModel"},"interaction":{"idSuffix":"inner"}},"wdio_ui5_key":"etmportal.ui.manageclassifications.view.Createsap.m.Input{\"path\":\"/0\",\"propertyPath\":\"DESCRIPTION\",\"modelName\":\"newConfigModel\"}"}]}
RESULT: {"script":"<script> [1562 bytes]","args":[{"selector":{"controlType":"sap.m.Input","viewName":"etm.portal.ui.manageclassifications.view.Create","viewId":"application-manageclassifications-display-component---classificationCreate","bindingPath":{"path":"/0","propertyPath":"DESCRIPTION","modelName":"newConfigModel"},"interaction":{"idSuffix":"inner"}},"wdio_ui5_key":"etmportal.ui.manageclassifications.view.Createsap.m.Input{\"path\":\"/0\",\"propertyPath\":\"DESCRIPTION\",\"modelName\":\"newConfigModel\"}"}]}
RESULT: undefined
COMMAND: POST /session/c3dee66b982ead26e192d725bf527560/execute/async - {"script":"<script> [776 bytes]","args":[{"enterText":"yard1","selector":{"controlType":"sap.m.Input","viewName":"etm.portal.ui.manageclassifications.view.Create","viewId":"application-manageclassifications-display-component---classificationCreate","bindingPath":{"path":"/0","propertyPath":"DESCRIPTION","modelName":"newConfigModel"},"interaction":{"idSuffix":"inner"}},"clearTextFirst":true,"interactionType":"ENTER_TEXT"}]}
RESULT: {"script":"<script> [776 bytes]","args":[{"enterText":"yard1","selector":{"controlType":"sap.m.Input","viewName":"etm.portal.ui.manageclassifications.view.Create","viewId":"application-manageclassifications-display-component---classificationCreate","bindingPath":{"path":"/0","propertyPath":"DESCRIPTION","modelName":"newConfigModel"},"interaction":{"idSuffix":"inner"}},"clearTextFirst":true,"interactionType":"ENTER_TEXT"}]}
COMMAND: POST /session/c3dee66b982ead26e192d725bf527560/execute/async - {"script":"<script> [1562 bytes]","args":[{"selector":{"controlType":"sap.ui.core.Icon","viewName":"etm.portal.ui.manageclassifications.view.Create","viewId":"application-manageclassifications-display-component---classificationCreate","properties":{"src":{"regex":{"source":"slim\\-arrow\\-down"}}},"ancestor":{"controlType":"sap.m.ComboBox","viewName":"etm.portal.ui.manageclassifications.view.Create","viewId":"application-manageclassifications-display-component---classificationCreate","bindingPath":{"path":"/0","propertyPath":"VALUE_TYPE","modelName":"newConfigModel"}}},"wdio_ui5_key":"etmportal.ui.manageclassifications.view.Createsap.ui.core.Icon{\"src\":{\"regex\":{\"source\":\"slim\\\\-arrow\\\\-down\"}}}{\"controlType\":\"sap.m.ComboBox\",\"viewName\":\"etm.portal.ui.manageclassifications.view.Create\",\"viewId\":\"application-manageclassifications-display-component---classificationCreate\",\"bindingPath\":{\"path\":\"/0\",\"propertyPath\":\"VALUE_TYPE\",\"modelName\":\"newConfigModel\"}}"}]}
RESULT: {"script":"<script> [1562 bytes]","args":[{"selector":{"controlType":"sap.ui.core.Icon","viewName":"etm.portal.ui.manageclassifications.view.Create","viewId":"application-manageclassifications-display-component---classificationCreate","properties":{"src":{"regex":{"source":"slim\\-arrow\\-down"}}},"ancestor":{"controlType":"sap.m.ComboBox","viewName":"etm.portal.ui.manageclassifications.view.Create","viewId":"application-manageclassifications-display-component---classificationCreate","bindingPath":{"path":"/0","propertyPath":"VALUE_TYPE","modelName":"newConfigModel"}}},"wdio_ui5_key":"etmportal.ui.manageclassifications.view.Createsap.ui.core.Icon{\"src\":{\"regex\":{\"source\":\"slim\\\\-arrow\\\\-down\"}}}{\"controlType\":\"sap.m.ComboBox\",\"viewName\":\"etm.portal.ui.manageclassifications.view.Create\",\"viewId\":\"application-manageclassifications-display-component---classificationCreate\",\"bindingPath\":{\"path\":\"/0\",\"propertyPath\":\"VALUE_TYPE\",\"modelName\":\"newConfigModel\"}}"}]}
RESULT: undefined
COMMAND: POST /session/c3dee66b982ead26e192d725bf527560/element - {"using":"xpath","value":"//*[@id=\"__box49-application-manageclassifications-display-component---classificationCreate--configurationList-0-arrow\"]"}
RESULT: {"using":"xpath","value":"//*[@id=\"__box49-application-manageclassifications-display-component---classificationCreate--configurationList-0-arrow\"]"}
COMMAND: POST /session/c3dee66b982ead26e192d725bf527560/element/f.9584C2A83669DBF8B89C459AF83A9E36.d.AF250592CC2337E918DEF1CCAE5B09F8.e.929/click - {}
RESULT: {}
COMMAND: POST /session/c3dee66b982ead26e192d725bf527560/execute/async - {"script":"<script> [1562 bytes]","args":[{"selector":{"controlType":"sap.m.StandardListItem","viewName":"etm.portal.ui.manageclassifications.view.Create","viewId":"application-manageclassifications-display-component---classificationCreate","properties":{"title":"Boolean"},"searchOpenDialogs":true,"interaction":{"idSuffix":"content"}},"wdio_ui5_key":"etmportal.ui.manageclassifications.view.Createsap.m.StandardListItem{\"title\":\"Boolean\"}"}]}
COMMAND: GET /session/c3dee66b982ead26e192d725bf527560/screenshot - {}
RESULT: {"script":"<script> [1562 bytes]","args":[{"selector":{"controlType":"sap.m.StandardListItem","viewName":"etm.portal.ui.manageclassifications.view.Create","viewId":"application-manageclassifications-display-component---classificationCreate","properties":{"title":"Boolean"},"searchOpenDialogs":true,"interaction":{"idSuffix":"content"}},"wdio_ui5_key":"etmportal.ui.manageclassifications.view.Createsap.m.StandardListItem{\"title\":\"Boolean\"}"}]}
RESULT: undefined
COMMAND: POST /session/c3dee66b982ead26e192d725bf527560/element - {"using":"xpath","value":"//*[@id=\"__item291\"]"}
RESULT: {}
RESULT: {"using":"xpath","value":"//*[@id=\"__item291\"]"}
COMMAND: POST /session/c3dee66b982ead26e192d725bf527560/element/f.9584C2A83669DBF8B89C459AF83A9E36.d.AF250592CC2337E918DEF1CCAE5B09F8.e.931/click - {}
RESULT: {}
COMMAND: POST /session/c3dee66b982ead26e192d725bf527560/element - {"using":"xpath","value":"//input[contains(@id ,\"application-manageclassifications-display-component---classificationCreate--classHeaderName-inner\")]"}
COMMAND: GET /session/c3dee66b982ead26e192d725bf527560/screenshot - {}
RESULT: {"using":"xpath","value":"//input[contains(@id ,\"application-manageclassifications-display-component---classificationCreate--classHeaderName-inner\")]"}
COMMAND: GET /session/c3dee66b982ead26e192d725bf527560/element/f.9584C2A83669DBF8B89C459AF83A9E36.d.AF250592CC2337E918DEF1CCAE5B09F8.e.759/property/value - {}
RESULT: {}
RESULT: {}
COMMAND: GET /session/c3dee66b982ead26e192d725bf527560/screenshot - {}
RESULT: {}
COMMAND: POST /session/c3dee66b982ead26e192d725bf527560/element - {"using":"xpath","value":"//button[@title=\"Save\"]"}
RESULT: {"using":"xpath","value":"//button[@title=\"Save\"]"}
COMMAND: POST /session/c3dee66b982ead26e192d725bf527560/element/f.9584C2A83669DBF8B89C459AF83A9E36.d.AF250592CC2337E918DEF1CCAE5B09F8.e.865/click - {}
RESULT: {}
COMMAND: GET /session/c3dee66b982ead26e192d725bf527560/screenshot - {}
RESULT: {}
COMMAND: POST /session/c3dee66b982ead26e192d725bf527560/execute/async - {"script":"<script> [1562 bytes]","args":[{"selector":{"id":"application-manageclassifications-display-component---classificationMaster--smartFilterBar-btnBasicSearch","interaction":{"idSuffix":"I"}},"wdio_ui5_key":"applicationmanageclassifications-display-component---classificationMaster--smartFilterBar-btnBasicSearch"}]}
RESULT: {"script":"<script> [1562 bytes]","args":[{"selector":{"id":"application-manageclassifications-display-component---classificationMaster--smartFilterBar-btnBasicSearch","interaction":{"idSuffix":"I"}},"wdio_ui5_key":"applicationmanageclassifications-display-component---classificationMaster--smartFilterBar-btnBasicSearch"}]}
RESULT: undefined
COMMAND: POST /session/c3dee66b982ead26e192d725bf527560/execute/async - {"script":"<script> [776 bytes]","args":[{"enterText":"WebdriverYardClass8a2ie","selector":{"id":"application-manageclassifications-display-component---classificationMaster--smartFilterBar-btnBasicSearch","interaction":{"idSuffix":"I"}},"clearTextFirst":true,"interactionType":"ENTER_TEXT"}]}
RESULT: {"script":"<script> [776 bytes]","args":[{"enterText":"WebdriverYardClass8a2ie","selector":{"id":"application-manageclassifications-display-component---classificationMaster--smartFilterBar-btnBasicSearch","interaction":{"idSuffix":"I"}},"clearTextFirst":true,"interactionType":"ENTER_TEXT"}]}
COMMAND: POST /session/c3dee66b982ead26e192d725bf527560/actions - {"actions":[{"id":"action3","type":"key","parameters":{},"actions":[{"type":"keyDown","value":""},{"type":"pause","duration":10},{"type":"keyUp","value":""}]}]}
RESULT: {"actions":[{"id":"action3","type":"key","parameters":{},"actions":[{"type":"keyDown","value":""},{"type":"pause","duration":10},{"type":"keyUp","value":""}]}]}
COMMAND: POST /session/c3dee66b982ead26e192d725bf527560/execute/async - {"script":"<script> [1562 bytes]","args":[{"selector":{"id":"application-manageclassifications-display-component---classificationMaster--smartTable-header"},"wdio_ui5_key":"applicationmanageclassifications-display-component---classificationMaster--smartTable-header"}]}
COMMAND: GET /session/c3dee66b982ead26e192d725bf527560/screenshot - {}
RESULT: {"script":"<script> [1562 bytes]","args":[{"selector":{"id":"application-manageclassifications-display-component---classificationMaster--smartTable-header"},"wdio_ui5_key":"applicationmanageclassifications-display-component---classificationMaster--smartTable-header"}]}
RESULT: undefined
COMMAND: POST /session/c3dee66b982ead26e192d725bf527560/execute/async - {"script":"<script> [6424 bytes]","args":[{"element-6066-11e4-a52e-4f735466cecf":"f.9584C2A83669DBF8B89C459AF83A9E36.d.AF250592CC2337E918DEF1CCAE5B09F8.e.1113"},"getText",[]]}
RESULT: {}
RESULT: {"script":"<script> [6424 bytes]","args":[{"element-6066-11e4-a52e-4f735466cecf":"f.9584C2A83669DBF8B89C459AF83A9E36.d.AF250592CC2337E918DEF1CCAE5B09F8.e.1113"},"getText",[]]}
COMMAND: POST /session/c3dee66b982ead26e192d725bf527560/element - {"using":"css selector","value":"#shell-header-logo"}
RESULT: {"using":"css selector","value":"#shell-header-logo"}
COMMAND: POST /session/c3dee66b982ead26e192d725bf527560/element/f.9584C2A83669DBF8B89C459AF83A9E36.d.AF250592CC2337E918DEF1CCAE5B09F8.e.546/click - {}
RESULT: {}
COMMAND: GET /session/c3dee66b982ead26e192d725bf527560/screenshot - {}
RESULT: {}
]]></system-out>
    </testcase>
    <testcase classname="chrome.136_0_7103_93.windows.Manage_catalogs_-_yard_assignment_classification_US138930" name="Should add the yard classification to a catalog item" time="108.636">
      <system-out><![CDATA[
RESULT: undefined
COMMAND: POST /session/c3dee66b982ead26e192d725bf527560/element - {"using":"xpath","value":"//*[@id=\"__tile37\"]"}
RESULT: {"using":"xpath","value":"//*[@id=\"__tile37\"]"}
COMMAND: POST /session/c3dee66b982ead26e192d725bf527560/element/f.9584C2A83669DBF8B89C459AF83A9E36.d.AF250592CC2337E918DEF1CCAE5B09F8.e.107/click - {}
RESULT: {}
COMMAND: GET /session/c3dee66b982ead26e192d725bf527560/screenshot - {}
RESULT: {}
COMMAND: POST /session/c3dee66b982ead26e192d725bf527560/elements - {"using":"xpath","value":"//span[text()='Error']"}
RESULT: {"using":"xpath","value":"//span[text()='Error']"}
COMMAND: POST /session/c3dee66b982ead26e192d725bf527560/refresh - {}
RESULT: {}
COMMAND: GET /session/c3dee66b982ead26e192d725bf527560/screenshot - {}
RESULT: {}
COMMAND: POST /session/c3dee66b982ead26e192d725bf527560/execute/async - {"script":"<script> [189 bytes]","args":[]}
RESULT: {"script":"<script> [189 bytes]","args":[]}
COMMAND: POST /session/c3dee66b982ead26e192d725bf527560/execute/async - {"script":"<script> [123 bytes]","args":[]}
RESULT: {"script":"<script> [123 bytes]","args":[]}
COMMAND: POST /session/c3dee66b982ead26e192d725bf527560/timeouts - {"script":"<number>"}
RESULT: {"script":"<number>"}
COMMAND: GET /session/c3dee66b982ead26e192d725bf527560/timeouts - {}
RESULT: {}
RESULT: undefined
COMMAND: POST /session/c3dee66b982ead26e192d725bf527560/execute/async - {"script":"<script> [2676 bytes]","args":[]}
RESULT: {"script":"<script> [2676 bytes]","args":[]}
COMMAND: POST /session/c3dee66b982ead26e192d725bf527560/execute/async - {"script":"<script> [2342 bytes]","args":[{"protocol":"http","hostname":"0.0.0.0","path":"/","capabilities":{"browserName":"chrome","goog:chromeOptions":{"binary":"C:\\Program Files\\Google\\Chrome\\Application\\chrome.exe","args":["--start-maximized"]}},"logLevel":"warn","connectionRetryTimeout":120000,"connectionRetryCount":3,"logLevels":{},"enableDirectConnect":true,"strictSSL":true,"_":"65 more keys: [\"cacheDir\",\"port\",\"requestedCapabilities\",\"automationProtocol\",\"baseUrl\",\"waitforInterval\",\"waitforTimeout\",\"onReload\",\"beforeCommand\",\"afterCommand\",\"rootDir\",\"specs\",\"suites\",\"exclude\",\"groupLogsByTestSpec\",\"excludeDriverLogs\",\"bail\",\"framework\",\"reporters\",\"services\",\"maxInstances\",\"maxInstancesPerCapability\",\"injectGlobals\",\"filesToWatch\",\"execArgv\",\"runnerEnv\",\"runner\",\"shard\",\"specFileRetries\",\"specFileRetriesDelay\",\"specFileRetriesDeferred\",\"reporterSyncInterval\",\"reporterSyncTimeout\",\"cucumberFeaturesWithLineNumbers\",\"autoCompileOpts\",\"mochaOpts\",\"jasmineOpts\",\"cucumberOpts\",\"onPrepare\",\"onWorkerStart\",\"onWorkerEnd\",\"before\",\"beforeSession\",\"beforeSuite\",\"beforeHook\",\"beforeTest\",\"afterTest\",\"afterHook\",\"afterSuite\",\"afterSession\",\"after\",\"onComplete\",\"beforeAssertion\",\"afterAssertion\",\"beforeFeature\",\"beforeScenario\",\"beforeStep\",\"afterStep\",\"afterScenario\",\"afterFeature\",\"_\",\"suite\",\"$0\",\"ignoredWorkerServices\",\"wdi5\"]"}]}
RESULT: {"script":"<script> [2342 bytes]","args":[{"protocol":"http","hostname":"0.0.0.0","path":"/","capabilities":{"browserName":"chrome","goog:chromeOptions":{"binary":"C:\\Program Files\\Google\\Chrome\\Application\\chrome.exe","args":["--start-maximized"]}},"logLevel":"warn","connectionRetryTimeout":120000,"connectionRetryCount":3,"logLevels":{},"enableDirectConnect":true,"strictSSL":true,"_":"65 more keys: [\"cacheDir\",\"port\",\"requestedCapabilities\",\"automationProtocol\",\"baseUrl\",\"waitforInterval\",\"waitforTimeout\",\"onReload\",\"beforeCommand\",\"afterCommand\",\"rootDir\",\"specs\",\"suites\",\"exclude\",\"groupLogsByTestSpec\",\"excludeDriverLogs\",\"bail\",\"framework\",\"reporters\",\"services\",\"maxInstances\",\"maxInstancesPerCapability\",\"injectGlobals\",\"filesToWatch\",\"execArgv\",\"runnerEnv\",\"runner\",\"shard\",\"specFileRetries\",\"specFileRetriesDelay\",\"specFileRetriesDeferred\",\"reporterSyncInterval\",\"reporterSyncTimeout\",\"cucumberFeaturesWithLineNumbers\",\"autoCompileOpts\",\"mochaOpts\",\"jasmineOpts\",\"cucumberOpts\",\"onPrepare\",\"onWorkerStart\",\"onWorkerEnd\",\"before\",\"beforeSession\",\"beforeSuite\",\"beforeHook\",\"beforeTest\",\"afterTest\",\"afterHook\",\"afterSuite\",\"afterSession\",\"after\",\"onComplete\",\"beforeAssertion\",\"afterAssertion\",\"beforeFeature\",\"beforeScenario\",\"beforeStep\",\"afterStep\",\"afterScenario\",\"afterFeature\",\"_\",\"suite\",\"$0\",\"ignoredWorkerServices\",\"wdi5\"]"}]}
COMMAND: POST /session/c3dee66b982ead26e192d725bf527560/execute/async - {"script":"<script> [21126 bytes]","args":[35000]}
RESULT: {"script":"<script> [21126 bytes]","args":[35000]}
COMMAND: POST /session/c3dee66b982ead26e192d725bf527560/element - {"using":"xpath","value":"//span[contains(text(), \"Webshop Catalog\")][contains(@id ,\"masterCatalogs\")]"}
RESULT: {"using":"xpath","value":"//span[contains(text(), \"Webshop Catalog\")][contains(@id ,\"masterCatalogs\")]"}
COMMAND: POST /session/c3dee66b982ead26e192d725bf527560/element/f.9584C2A83669DBF8B89C459AF83A9E36.d.A50229AD780FABB55100CFB25A218024.e.1218/click - {}
RESULT: {}
COMMAND: GET /session/c3dee66b982ead26e192d725bf527560/screenshot - {}
RESULT: {}
COMMAND: POST /session/c3dee66b982ead26e192d725bf527560/element - {"using":"xpath","value":"//input[contains(@id ,\"application-managecatalogs-display-component---masterCatalogItems--searchItemsField-I\")]"}
RESULT: {"using":"xpath","value":"//input[contains(@id ,\"application-managecatalogs-display-component---masterCatalogItems--searchItemsField-I\")]"}
COMMAND: POST /session/c3dee66b982ead26e192d725bf527560/element/f.9584C2A83669DBF8B89C459AF83A9E36.d.A50229AD780FABB55100CFB25A218024.e.1227/value - {"text":"SecondSection9k8ls"}
RESULT: {"text":"SecondSection9k8ls"}
COMMAND: POST /session/c3dee66b982ead26e192d725bf527560/actions - {"actions":[{"id":"action4","type":"key","parameters":{},"actions":[{"type":"keyDown","value":""},{"type":"pause","duration":10},{"type":"keyUp","value":""}]}]}
COMMAND: GET /session/c3dee66b982ead26e192d725bf527560/screenshot - {}
RESULT: {"actions":[{"id":"action4","type":"key","parameters":{},"actions":[{"type":"keyDown","value":""},{"type":"pause","duration":10},{"type":"keyUp","value":""}]}]}
COMMAND: GET /session/c3dee66b982ead26e192d725bf527560/screenshot - {}
RESULT: {}
RESULT: {}
COMMAND: POST /session/c3dee66b982ead26e192d725bf527560/element - {"using":"xpath","value":"(//span[contains(text(), \"SecondSection9k8ls\")])[1]"}
RESULT: {"using":"xpath","value":"(//span[contains(text(), \"SecondSection9k8ls\")])[1]"}
COMMAND: POST /session/c3dee66b982ead26e192d725bf527560/element/f.9584C2A83669DBF8B89C459AF83A9E36.d.A50229AD780FABB55100CFB25A218024.e.1255/click - {}
RESULT: {}
COMMAND: POST /session/c3dee66b982ead26e192d725bf527560/execute/async - {"script":"<script> [1562 bytes]","args":[{"selector":{"controlType":"sap.m.Button","viewName":"etm.portal.ui.managecatalogs.view.Detail","viewId":"application-managecatalogs-display-component---detailCatalog","i18NText":{"propertyName":"text","key":"edit"},"interaction":{"idSuffix":"BDI-content"}},"wdio_ui5_key":"etmportal.ui.managecatalogs.view.Detailsap.m.Button{\"propertyName\":\"text\",\"key\":\"edit\"}"}]}
COMMAND: GET /session/c3dee66b982ead26e192d725bf527560/screenshot - {}
RESULT: {"script":"<script> [1562 bytes]","args":[{"selector":{"controlType":"sap.m.Button","viewName":"etm.portal.ui.managecatalogs.view.Detail","viewId":"application-managecatalogs-display-component---detailCatalog","i18NText":{"propertyName":"text","key":"edit"},"interaction":{"idSuffix":"BDI-content"}},"wdio_ui5_key":"etmportal.ui.managecatalogs.view.Detailsap.m.Button{\"propertyName\":\"text\",\"key\":\"edit\"}"}]}
RESULT: undefined
COMMAND: POST /session/c3dee66b982ead26e192d725bf527560/element - {"using":"xpath","value":"//*[@id=\"__button33\"]"}
RESULT: {}
RESULT: {"using":"xpath","value":"//*[@id=\"__button33\"]"}
COMMAND: POST /session/c3dee66b982ead26e192d725bf527560/element/f.9584C2A83669DBF8B89C459AF83A9E36.d.A50229AD780FABB55100CFB25A218024.e.1324/click - {}
RESULT: {}
COMMAND: POST /session/c3dee66b982ead26e192d725bf527560/execute/async - {"script":"<script> [1562 bytes]","args":[{"selector":{"controlType":"sap.ui.core.Icon","viewName":"etm.portal.ui.managecatalogs.view.Detail","viewId":"application-managecatalogs-display-component---detailCatalog","properties":{"src":{"regex":{"source":"add\\-document"}}}},"wdio_ui5_key":"etmportal.ui.managecatalogs.view.Detailsap.ui.core.Icon{\"src\":{\"regex\":{\"source\":\"add\\\\-document\"}}}"}]}
COMMAND: GET /session/c3dee66b982ead26e192d725bf527560/screenshot - {}
RESULT: {"script":"<script> [1562 bytes]","args":[{"selector":{"controlType":"sap.ui.core.Icon","viewName":"etm.portal.ui.managecatalogs.view.Detail","viewId":"application-managecatalogs-display-component---detailCatalog","properties":{"src":{"regex":{"source":"add\\-document"}}}},"wdio_ui5_key":"etmportal.ui.managecatalogs.view.Detailsap.ui.core.Icon{\"src\":{\"regex\":{\"source\":\"add\\\\-document\"}}}"}]}
RESULT: undefined
COMMAND: POST /session/c3dee66b982ead26e192d725bf527560/element - {"using":"xpath","value":"//*[@id=\"__button42-img\"]"}
RESULT: {}
RESULT: {"using":"xpath","value":"//*[@id=\"__button42-img\"]"}
COMMAND: POST /session/c3dee66b982ead26e192d725bf527560/element/f.9584C2A83669DBF8B89C459AF83A9E36.d.A50229AD780FABB55100CFB25A218024.e.1331/click - {}
RESULT: {}
COMMAND: POST /session/c3dee66b982ead26e192d725bf527560/execute/async - {"script":"<script> [1562 bytes]","args":[{"selector":{"id":"application-managecatalogs-display-component---detailCatalog--newItemNumberInput","searchOpenDialogs":true,"interaction":{"idSuffix":"inner"}},"wdio_ui5_key":"applicationmanagecatalogs-display-component---detailCatalog--newItemNumberInput"}]}
COMMAND: GET /session/c3dee66b982ead26e192d725bf527560/screenshot - {}
RESULT: {"script":"<script> [1562 bytes]","args":[{"selector":{"id":"application-managecatalogs-display-component---detailCatalog--newItemNumberInput","searchOpenDialogs":true,"interaction":{"idSuffix":"inner"}},"wdio_ui5_key":"applicationmanagecatalogs-display-component---detailCatalog--newItemNumberInput"}]}
RESULT: undefined
COMMAND: POST /session/c3dee66b982ead26e192d725bf527560/execute/async - {"script":"<script> [776 bytes]","args":[{"enterText":"catalogItemwc806","selector":{"id":"application-managecatalogs-display-component---detailCatalog--newItemNumberInput","searchOpenDialogs":true,"interaction":{"idSuffix":"inner"}},"clearTextFirst":true,"interactionType":"ENTER_TEXT"}]}
RESULT: {}
RESULT: {"script":"<script> [776 bytes]","args":[{"enterText":"catalogItemwc806","selector":{"id":"application-managecatalogs-display-component---detailCatalog--newItemNumberInput","searchOpenDialogs":true,"interaction":{"idSuffix":"inner"}},"clearTextFirst":true,"interactionType":"ENTER_TEXT"}]}
COMMAND: POST /session/c3dee66b982ead26e192d725bf527560/execute/async - {"script":"<script> [1562 bytes]","args":[{"selector":{"controlType":"sap.m.Input","viewName":"etm.portal.ui.managecatalogs.view.Detail","viewId":"application-managecatalogs-display-component---detailCatalog","bindingPath":{"path":"","propertyPath":"/DESCRIPTION"},"searchOpenDialogs":true,"interaction":{"idSuffix":"inner"}},"wdio_ui5_key":"etmportal.ui.managecatalogs.view.Detailsap.m.Input{\"path\":\"\",\"propertyPath\":\"/DESCRIPTION\"}"}]}
RESULT: {"script":"<script> [1562 bytes]","args":[{"selector":{"controlType":"sap.m.Input","viewName":"etm.portal.ui.managecatalogs.view.Detail","viewId":"application-managecatalogs-display-component---detailCatalog","bindingPath":{"path":"","propertyPath":"/DESCRIPTION"},"searchOpenDialogs":true,"interaction":{"idSuffix":"inner"}},"wdio_ui5_key":"etmportal.ui.managecatalogs.view.Detailsap.m.Input{\"path\":\"\",\"propertyPath\":\"/DESCRIPTION\"}"}]}
RESULT: undefined
COMMAND: POST /session/c3dee66b982ead26e192d725bf527560/execute/async - {"script":"<script> [776 bytes]","args":[{"enterText":"catalogItemNameghk26","selector":{"controlType":"sap.m.Input","viewName":"etm.portal.ui.managecatalogs.view.Detail","viewId":"application-managecatalogs-display-component---detailCatalog","bindingPath":{"path":"","propertyPath":"/DESCRIPTION"},"searchOpenDialogs":true,"interaction":{"idSuffix":"inner"}},"clearTextFirst":true,"interactionType":"ENTER_TEXT"}]}
RESULT: {"script":"<script> [776 bytes]","args":[{"enterText":"catalogItemNameghk26","selector":{"controlType":"sap.m.Input","viewName":"etm.portal.ui.managecatalogs.view.Detail","viewId":"application-managecatalogs-display-component---detailCatalog","bindingPath":{"path":"","propertyPath":"/DESCRIPTION"},"searchOpenDialogs":true,"interaction":{"idSuffix":"inner"}},"clearTextFirst":true,"interactionType":"ENTER_TEXT"}]}
COMMAND: POST /session/c3dee66b982ead26e192d725bf527560/execute/async - {"script":"<script> [1562 bytes]","args":[{"selector":{"controlType":"sap.m.Button","viewName":"etm.portal.ui.managecatalogs.view.Detail","viewId":"application-managecatalogs-display-component---detailCatalog","i18NText":{"propertyName":"text","key":"create"},"searchOpenDialogs":true,"interaction":{"idSuffix":"BDI-content"}},"wdio_ui5_key":"etmportal.ui.managecatalogs.view.Detailsap.m.Button{\"propertyName\":\"text\",\"key\":\"create\"}"}]}
RESULT: {"script":"<script> [1562 bytes]","args":[{"selector":{"controlType":"sap.m.Button","viewName":"etm.portal.ui.managecatalogs.view.Detail","viewId":"application-managecatalogs-display-component---detailCatalog","i18NText":{"propertyName":"text","key":"create"},"searchOpenDialogs":true,"interaction":{"idSuffix":"BDI-content"}},"wdio_ui5_key":"etmportal.ui.managecatalogs.view.Detailsap.m.Button{\"propertyName\":\"text\",\"key\":\"create\"}"}]}
RESULT: undefined
COMMAND: POST /session/c3dee66b982ead26e192d725bf527560/element - {"using":"xpath","value":"//*[@id=\"__button17\"]"}
RESULT: {"using":"xpath","value":"//*[@id=\"__button17\"]"}
COMMAND: POST /session/c3dee66b982ead26e192d725bf527560/element/f.9584C2A83669DBF8B89C459AF83A9E36.d.A50229AD780FABB55100CFB25A218024.e.1341/click - {}
RESULT: {}
COMMAND: GET /session/c3dee66b982ead26e192d725bf527560/screenshot - {}
RESULT: {}
COMMAND: POST /session/c3dee66b982ead26e192d725bf527560/element - {"using":"xpath","value":"//button[@title=\"Save\"]"}
RESULT: {"using":"xpath","value":"//button[@title=\"Save\"]"}
COMMAND: POST /session/c3dee66b982ead26e192d725bf527560/element/f.9584C2A83669DBF8B89C459AF83A9E36.d.A50229AD780FABB55100CFB25A218024.e.1343/click - {}
RESULT: {}
COMMAND: GET /session/c3dee66b982ead26e192d725bf527560/screenshot - {}
RESULT: {}
COMMAND: POST /session/c3dee66b982ead26e192d725bf527560/execute/async - {"script":"<script> [1562 bytes]","args":[{"selector":{"controlType":"sap.ui.core.Icon","viewName":"etm.portal.ui.managecatalogs.view.Detail","viewId":"application-managecatalogs-display-component---detailCatalog","properties":{"src":{"regex":{"source":"decline"}}}},"wdio_ui5_key":"etmportal.ui.managecatalogs.view.Detailsap.ui.core.Icon{\"src\":{\"regex\":{\"source\":\"decline\"}}}"}]}
RESULT: {"script":"<script> [1562 bytes]","args":[{"selector":{"controlType":"sap.ui.core.Icon","viewName":"etm.portal.ui.managecatalogs.view.Detail","viewId":"application-managecatalogs-display-component---detailCatalog","properties":{"src":{"regex":{"source":"decline"}}}},"wdio_ui5_key":"etmportal.ui.managecatalogs.view.Detailsap.ui.core.Icon{\"src\":{\"regex\":{\"source\":\"decline\"}}}"}]}
RESULT: undefined
COMMAND: POST /session/c3dee66b982ead26e192d725bf527560/element - {"using":"xpath","value":"//*[@id=\"__button36-img\"]"}
RESULT: {"using":"xpath","value":"//*[@id=\"__button36-img\"]"}
COMMAND: POST /session/c3dee66b982ead26e192d725bf527560/element/f.9584C2A83669DBF8B89C459AF83A9E36.d.A50229AD780FABB55100CFB25A218024.e.1347/click - {}
RESULT: {}
COMMAND: GET /session/c3dee66b982ead26e192d725bf527560/screenshot - {}
RESULT: {}
COMMAND: POST /session/c3dee66b982ead26e192d725bf527560/execute/async - {"script":"<script> [1562 bytes]","args":[{"selector":{"controlType":"sap.ui.core.Icon","viewName":"etm.portal.ui.managecatalogs.view.MasterItems","viewId":"application-managecatalogs-display-component---masterCatalogItems","properties":{"src":{"regex":{"source":"refresh"}}}},"wdio_ui5_key":"etmportal.ui.managecatalogs.view.MasterItemssap.ui.core.Icon{\"src\":{\"regex\":{\"source\":\"refresh\"}}}"}]}
RESULT: {"script":"<script> [1562 bytes]","args":[{"selector":{"controlType":"sap.ui.core.Icon","viewName":"etm.portal.ui.managecatalogs.view.MasterItems","viewId":"application-managecatalogs-display-component---masterCatalogItems","properties":{"src":{"regex":{"source":"refresh"}}}},"wdio_ui5_key":"etmportal.ui.managecatalogs.view.MasterItemssap.ui.core.Icon{\"src\":{\"regex\":{\"source\":\"refresh\"}}}"}]}
RESULT: undefined
COMMAND: POST /session/c3dee66b982ead26e192d725bf527560/element - {"using":"xpath","value":"//*[@id=\"__button9-img\"]"}
RESULT: {"using":"xpath","value":"//*[@id=\"__button9-img\"]"}
COMMAND: POST /session/c3dee66b982ead26e192d725bf527560/element/f.9584C2A83669DBF8B89C459AF83A9E36.d.A50229AD780FABB55100CFB25A218024.e.1384/click - {}
RESULT: {}
COMMAND: GET /session/c3dee66b982ead26e192d725bf527560/screenshot - {}
RESULT: {}
COMMAND: POST /session/c3dee66b982ead26e192d725bf527560/execute/async - {"script":"<script> [1562 bytes]","args":[{"selector":{"id":"application-managecatalogs-display-component---masterCatalogItems--searchItemsField","interaction":{"idSuffix":"I"}},"wdio_ui5_key":"applicationmanagecatalogs-display-component---masterCatalogItems--searchItemsField"}]}
RESULT: {"script":"<script> [1562 bytes]","args":[{"selector":{"id":"application-managecatalogs-display-component---masterCatalogItems--searchItemsField","interaction":{"idSuffix":"I"}},"wdio_ui5_key":"applicationmanagecatalogs-display-component---masterCatalogItems--searchItemsField"}]}
RESULT: undefined
COMMAND: POST /session/c3dee66b982ead26e192d725bf527560/execute/async - {"script":"<script> [776 bytes]","args":[{"enterText":"catalogItemNameghk26","selector":{"id":"application-managecatalogs-display-component---masterCatalogItems--searchItemsField","interaction":{"idSuffix":"I"}},"clearTextFirst":true,"interactionType":"ENTER_TEXT"}]}
RESULT: {"script":"<script> [776 bytes]","args":[{"enterText":"catalogItemNameghk26","selector":{"id":"application-managecatalogs-display-component---masterCatalogItems--searchItemsField","interaction":{"idSuffix":"I"}},"clearTextFirst":true,"interactionType":"ENTER_TEXT"}]}
COMMAND: POST /session/c3dee66b982ead26e192d725bf527560/actions - {"actions":[{"id":"action5","type":"key","parameters":{},"actions":[{"type":"keyDown","value":""},{"type":"pause","duration":10},{"type":"keyUp","value":""}]}]}
RESULT: {"actions":[{"id":"action5","type":"key","parameters":{},"actions":[{"type":"keyDown","value":""},{"type":"pause","duration":10},{"type":"keyUp","value":""}]}]}
COMMAND: POST /session/c3dee66b982ead26e192d725bf527560/element - {"using":"xpath","value":"(//span[contains(text(), \"catalogItemNameghk26\")])[1]"}
COMMAND: GET /session/c3dee66b982ead26e192d725bf527560/screenshot - {}
RESULT: {}
RESULT: {"using":"xpath","value":"(//span[contains(text(), \"catalogItemNameghk26\")])[1]"}
COMMAND: POST /session/c3dee66b982ead26e192d725bf527560/element/f.9584C2A83669DBF8B89C459AF83A9E36.d.A50229AD780FABB55100CFB25A218024.e.1391/click - {}
RESULT: {}
COMMAND: GET /session/c3dee66b982ead26e192d725bf527560/screenshot - {}
RESULT: {}
COMMAND: POST /session/c3dee66b982ead26e192d725bf527560/element - {"using":"xpath","value":"//span[contains(text(), \"catalogItemwc806\")]"}
RESULT: {"using":"xpath","value":"//span[contains(text(), \"catalogItemwc806\")]"}
COMMAND: GET /session/c3dee66b982ead26e192d725bf527560/element/f.9584C2A83669DBF8B89C459AF83A9E36.d.A50229AD780FABB55100CFB25A218024.e.1454/text - {}
RESULT: {}
RESULT: undefined
COMMAND: POST /session/c3dee66b982ead26e192d725bf527560/element - {"using":"xpath","value":"//*[@id=\"__button33\"]"}
RESULT: {"using":"xpath","value":"//*[@id=\"__button33\"]"}
COMMAND: POST /session/c3dee66b982ead26e192d725bf527560/element/f.9584C2A83669DBF8B89C459AF83A9E36.d.A50229AD780FABB55100CFB25A218024.e.1455/click - {}
RESULT: {}
COMMAND: GET /session/c3dee66b982ead26e192d725bf527560/screenshot - {}
RESULT: {}
COMMAND: POST /session/c3dee66b982ead26e192d725bf527560/execute/async - {"script":"<script> [1562 bytes]","args":[{"selector":{"id":"application-managecatalogs-display-component---detailCatalog--BASE_UNIT_OF_MEASURE-arrow"},"wdio_ui5_key":"applicationmanagecatalogs-display-component---detailCatalog--BASE_UNIT_OF_MEASURE-arrow"}]}
RESULT: {"script":"<script> [1562 bytes]","args":[{"selector":{"id":"application-managecatalogs-display-component---detailCatalog--BASE_UNIT_OF_MEASURE-arrow"},"wdio_ui5_key":"applicationmanagecatalogs-display-component---detailCatalog--BASE_UNIT_OF_MEASURE-arrow"}]}
RESULT: undefined
COMMAND: POST /session/c3dee66b982ead26e192d725bf527560/element - {"using":"xpath","value":"//*[@id=\"application-managecatalogs-display-component---detailCatalog--BASE_UNIT_OF_MEASURE-arrow\"]"}
RESULT: {"using":"xpath","value":"//*[@id=\"application-managecatalogs-display-component---detailCatalog--BASE_UNIT_OF_MEASURE-arrow\"]"}
COMMAND: POST /session/c3dee66b982ead26e192d725bf527560/element/f.9584C2A83669DBF8B89C459AF83A9E36.d.A50229AD780FABB55100CFB25A218024.e.1483/click - {}
RESULT: {}
COMMAND: GET /session/c3dee66b982ead26e192d725bf527560/screenshot - {}
RESULT: {}
COMMAND: POST /session/c3dee66b982ead26e192d725bf527560/execute/async - {"script":"<script> [1562 bytes]","args":[{"selector":{"controlType":"sap.m.StandardListItem","viewName":"etm.portal.ui.managecatalogs.view.Detail","viewId":"application-managecatalogs-display-component---detailCatalog","properties":{"title":"Piece"},"searchOpenDialogs":true,"interaction":{"idSuffix":"titleText"}},"wdio_ui5_key":"etmportal.ui.managecatalogs.view.Detailsap.m.StandardListItem{\"title\":\"Piece\"}"}]}
RESULT: {"script":"<script> [1562 bytes]","args":[{"selector":{"controlType":"sap.m.StandardListItem","viewName":"etm.portal.ui.managecatalogs.view.Detail","viewId":"application-managecatalogs-display-component---detailCatalog","properties":{"title":"Piece"},"searchOpenDialogs":true,"interaction":{"idSuffix":"titleText"}},"wdio_ui5_key":"etmportal.ui.managecatalogs.view.Detailsap.m.StandardListItem{\"title\":\"Piece\"}"}]}
RESULT: undefined
COMMAND: POST /session/c3dee66b982ead26e192d725bf527560/element - {"using":"xpath","value":"//*[@id=\"__item220\"]"}
RESULT: {"using":"xpath","value":"//*[@id=\"__item220\"]"}
COMMAND: POST /session/c3dee66b982ead26e192d725bf527560/element/f.9584C2A83669DBF8B89C459AF83A9E36.d.A50229AD780FABB55100CFB25A218024.e.1487/click - {}
RESULT: {}
COMMAND: POST /session/c3dee66b982ead26e192d725bf527560/execute/async - {"script":"<script> [1562 bytes]","args":[{"selector":{"controlType":"sap.ui.core.Icon","viewName":"etm.portal.ui.managecatalogs.view.Detail","viewId":"application-managecatalogs-display-component---detailCatalog","properties":{"src":{"regex":{"source":"add"}}},"ancestor":{"controlType":"sap.m.Button","viewName":"etm.portal.ui.managecatalogs.view.Detail","viewId":"application-managecatalogs-display-component---detailCatalog","i18NText":{"propertyName":"tooltip","key":"addClass"}}},"wdio_ui5_key":"etmportal.ui.managecatalogs.view.Detailsap.ui.core.Icon{\"src\":{\"regex\":{\"source\":\"add\"}}}{\"controlType\":\"sap.m.Button\",\"viewName\":\"etm.portal.ui.managecatalogs.view.Detail\",\"viewId\":\"application-managecatalogs-display-component---detailCatalog\",\"i18NText\":{\"propertyName\":\"tooltip\",\"key\":\"addClass\"}}"}]}
COMMAND: GET /session/c3dee66b982ead26e192d725bf527560/screenshot - {}
RESULT: {"script":"<script> [1562 bytes]","args":[{"selector":{"controlType":"sap.ui.core.Icon","viewName":"etm.portal.ui.managecatalogs.view.Detail","viewId":"application-managecatalogs-display-component---detailCatalog","properties":{"src":{"regex":{"source":"add"}}},"ancestor":{"controlType":"sap.m.Button","viewName":"etm.portal.ui.managecatalogs.view.Detail","viewId":"application-managecatalogs-display-component---detailCatalog","i18NText":{"propertyName":"tooltip","key":"addClass"}}},"wdio_ui5_key":"etmportal.ui.managecatalogs.view.Detailsap.ui.core.Icon{\"src\":{\"regex\":{\"source\":\"add\"}}}{\"controlType\":\"sap.m.Button\",\"viewName\":\"etm.portal.ui.managecatalogs.view.Detail\",\"viewId\":\"application-managecatalogs-display-component---detailCatalog\",\"i18NText\":{\"propertyName\":\"tooltip\",\"key\":\"addClass\"}}"}]}
RESULT: undefined
COMMAND: POST /session/c3dee66b982ead26e192d725bf527560/element - {"using":"xpath","value":"//*[@id=\"__button39-img\"]"}
RESULT: {}
RESULT: {"using":"xpath","value":"//*[@id=\"__button39-img\"]"}
COMMAND: POST /session/c3dee66b982ead26e192d725bf527560/element/f.9584C2A83669DBF8B89C459AF83A9E36.d.A50229AD780FABB55100CFB25A218024.e.1488/click - {}
RESULT: {}
COMMAND: GET /session/c3dee66b982ead26e192d725bf527560/screenshot - {}
RESULT: {}
COMMAND: POST /session/c3dee66b982ead26e192d725bf527560/element - {"using":"xpath","value":"//input[contains(@id ,\"searchField-I\")]"}
RESULT: {"using":"xpath","value":"//input[contains(@id ,\"searchField-I\")]"}
COMMAND: POST /session/c3dee66b982ead26e192d725bf527560/element/f.9584C2A83669DBF8B89C459AF83A9E36.d.A50229AD780FABB55100CFB25A218024.e.1492/value - {"text":"WebdriverYardClass8a2ie"}
RESULT: {"text":"WebdriverYardClass8a2ie"}
COMMAND: POST /session/c3dee66b982ead26e192d725bf527560/actions - {"actions":[{"id":"action6","type":"key","parameters":{},"actions":[{"type":"keyDown","value":""},{"type":"pause","duration":10},{"type":"keyUp","value":""}]}]}
COMMAND: GET /session/c3dee66b982ead26e192d725bf527560/screenshot - {}
RESULT: {"actions":[{"id":"action6","type":"key","parameters":{},"actions":[{"type":"keyDown","value":""},{"type":"pause","duration":10},{"type":"keyUp","value":""}]}]}
COMMAND: GET /session/c3dee66b982ead26e192d725bf527560/screenshot - {}
RESULT: {}
RESULT: {}
COMMAND: POST /session/c3dee66b982ead26e192d725bf527560/element - {"using":"xpath","value":"//span[contains(text(), \"WebdriverYardClass8a2ie\")]"}
RESULT: {"using":"xpath","value":"//span[contains(text(), \"WebdriverYardClass8a2ie\")]"}
COMMAND: POST /session/c3dee66b982ead26e192d725bf527560/element/f.9584C2A83669DBF8B89C459AF83A9E36.d.A50229AD780FABB55100CFB25A218024.e.1524/click - {}
RESULT: {}
COMMAND: GET /session/c3dee66b982ead26e192d725bf527560/screenshot - {}
RESULT: {}
COMMAND: POST /session/c3dee66b982ead26e192d725bf527560/execute/async - {"script":"<script> [1562 bytes]","args":[{"selector":{"controlType":"sap.m.Button","viewName":"etm.portal.ui.managecatalogs.view.Detail","viewId":"application-managecatalogs-display-component---detailCatalog","properties":{"text":"Classification"},"interaction":{"idSuffix":"BDI-content"}},"wdio_ui5_key":"etmportal.ui.managecatalogs.view.Detailsap.m.Button{\"text\":\"Classification\"}"}]}
RESULT: {"script":"<script> [1562 bytes]","args":[{"selector":{"controlType":"sap.m.Button","viewName":"etm.portal.ui.managecatalogs.view.Detail","viewId":"application-managecatalogs-display-component---detailCatalog","properties":{"text":"Classification"},"interaction":{"idSuffix":"BDI-content"}},"wdio_ui5_key":"etmportal.ui.managecatalogs.view.Detailsap.m.Button{\"text\":\"Classification\"}"}]}
RESULT: undefined
COMMAND: POST /session/c3dee66b982ead26e192d725bf527560/element - {"using":"xpath","value":"//*[@id=\"application-managecatalogs-display-component---detailCatalog--ObjectPageLayout-anchBar-__section3-anchor\"]"}
RESULT: {"using":"xpath","value":"//*[@id=\"application-managecatalogs-display-component---detailCatalog--ObjectPageLayout-anchBar-__section3-anchor\"]"}
COMMAND: POST /session/c3dee66b982ead26e192d725bf527560/element/f.9584C2A83669DBF8B89C459AF83A9E36.d.A50229AD780FABB55100CFB25A218024.e.1529/click - {}
RESULT: {}
COMMAND: GET /session/c3dee66b982ead26e192d725bf527560/screenshot - {}
RESULT: {}
COMMAND: POST /session/c3dee66b982ead26e192d725bf527560/element - {"using":"xpath","value":"//span[contains(@id ,\"expandButton-img\")]"}
RESULT: {"using":"xpath","value":"//span[contains(@id ,\"expandButton-img\")]"}
COMMAND: POST /session/c3dee66b982ead26e192d725bf527560/element/f.9584C2A83669DBF8B89C459AF83A9E36.d.A50229AD780FABB55100CFB25A218024.e.1535/click - {}
RESULT: {}
COMMAND: POST /session/c3dee66b982ead26e192d725bf527560/execute/async - {"script":"<script> [1562 bytes]","args":[{"selector":{"controlType":"sap.m.CheckBox","viewName":"etm.portal.ui.managecatalogs.view.Detail","viewId":"application-managecatalogs-display-component---detailCatalog","bindingPath":{"path":"/data/0/PROPERTIES/0","propertyPath":"SELECTED","modelName":"classModel"},"interaction":{"idSuffix":"CbBg"}},"wdio_ui5_key":"etmportal.ui.managecatalogs.view.Detailsap.m.CheckBox{\"path\":\"/data/0/PROPERTIES/0\",\"propertyPath\":\"SELECTED\",\"modelName\":\"classModel\"}"}]}
COMMAND: GET /session/c3dee66b982ead26e192d725bf527560/screenshot - {}
RESULT: {"script":"<script> [1562 bytes]","args":[{"selector":{"controlType":"sap.m.CheckBox","viewName":"etm.portal.ui.managecatalogs.view.Detail","viewId":"application-managecatalogs-display-component---detailCatalog","bindingPath":{"path":"/data/0/PROPERTIES/0","propertyPath":"SELECTED","modelName":"classModel"},"interaction":{"idSuffix":"CbBg"}},"wdio_ui5_key":"etmportal.ui.managecatalogs.view.Detailsap.m.CheckBox{\"path\":\"/data/0/PROPERTIES/0\",\"propertyPath\":\"SELECTED\",\"modelName\":\"classModel\"}"}]}
RESULT: undefined
COMMAND: POST /session/c3dee66b982ead26e192d725bf527560/element - {"using":"xpath","value":"//*[@id=\"__box32\"]"}
RESULT: {}
RESULT: {"using":"xpath","value":"//*[@id=\"__box32\"]"}
COMMAND: POST /session/c3dee66b982ead26e192d725bf527560/element/f.9584C2A83669DBF8B89C459AF83A9E36.d.A50229AD780FABB55100CFB25A218024.e.1550/click - {}
RESULT: {}
RESULT: undefined
COMMAND: POST /session/c3dee66b982ead26e192d725bf527560/execute/async - {"script":"<script> [6424 bytes]","args":[{"element-6066-11e4-a52e-4f735466cecf":"f.9584C2A83669DBF8B89C459AF83A9E36.d.A50229AD780FABB55100CFB25A218024.e.1548"},"getSelected",[]]}
COMMAND: GET /session/c3dee66b982ead26e192d725bf527560/screenshot - {}
RESULT: {}
RESULT: {"script":"<script> [6424 bytes]","args":[{"element-6066-11e4-a52e-4f735466cecf":"f.9584C2A83669DBF8B89C459AF83A9E36.d.A50229AD780FABB55100CFB25A218024.e.1548"},"getSelected",[]]}
COMMAND: POST /session/c3dee66b982ead26e192d725bf527560/execute/async - {"script":"<script> [1562 bytes]","args":[{"selector":{"controlType":"sap.m.Button","viewName":"etm.portal.ui.managecatalogs.view.Detail","viewId":"application-managecatalogs-display-component---detailCatalog","i18NText":{"propertyName":"text","key":"save"},"interaction":{"idSuffix":"BDI-content"}},"wdio_ui5_key":"etmportal.ui.managecatalogs.view.Detailsap.m.Button{\"propertyName\":\"text\",\"key\":\"save\"}"}]}
RESULT: {"script":"<script> [1562 bytes]","args":[{"selector":{"controlType":"sap.m.Button","viewName":"etm.portal.ui.managecatalogs.view.Detail","viewId":"application-managecatalogs-display-component---detailCatalog","i18NText":{"propertyName":"text","key":"save"},"interaction":{"idSuffix":"BDI-content"}},"wdio_ui5_key":"etmportal.ui.managecatalogs.view.Detailsap.m.Button{\"propertyName\":\"text\",\"key\":\"save\"}"}]}
RESULT: undefined
COMMAND: POST /session/c3dee66b982ead26e192d725bf527560/element - {"using":"xpath","value":"//*[@id=\"__button51\"]"}
RESULT: {"using":"xpath","value":"//*[@id=\"__button51\"]"}
COMMAND: POST /session/c3dee66b982ead26e192d725bf527560/element/f.9584C2A83669DBF8B89C459AF83A9E36.d.A50229AD780FABB55100CFB25A218024.e.1457/click - {}
RESULT: {}
COMMAND: GET /session/c3dee66b982ead26e192d725bf527560/screenshot - {}
RESULT: {}
COMMAND: POST /session/c3dee66b982ead26e192d725bf527560/element - {"using":"css selector","value":"#shell-header-logo"}
RESULT: {"using":"css selector","value":"#shell-header-logo"}
COMMAND: POST /session/c3dee66b982ead26e192d725bf527560/element/f.9584C2A83669DBF8B89C459AF83A9E36.d.A50229AD780FABB55100CFB25A218024.e.1216/click - {}
RESULT: {}
COMMAND: GET /session/c3dee66b982ead26e192d725bf527560/screenshot - {}
RESULT: {}
]]></system-out>
    </testcase>
    <testcase classname="chrome.136_0_7103_93.windows.Manage_catalogs_-_yard_assignment_classification_US138930" name="Should verify if the catalog item is visible after selecting the yard" time="60.197">
      <system-out><![CDATA[
COMMAND: POST /session/c3dee66b982ead26e192d725bf527560/execute/async - {"script":"<script> [1562 bytes]","args":[{"selector":{"controlType":"sap.m.Text","properties":{"text":"Webshop"},"interaction":{"idSuffix":"inner"}},"wdio_ui5_key":"sapm.Text{\"text\":\"Webshop\"}"}]}
RESULT: {"script":"<script> [1562 bytes]","args":[{"selector":{"controlType":"sap.m.Text","properties":{"text":"Webshop"},"interaction":{"idSuffix":"inner"}},"wdio_ui5_key":"sapm.Text{\"text\":\"Webshop\"}"}]}
RESULT: undefined
COMMAND: POST /session/c3dee66b982ead26e192d725bf527560/element - {"using":"xpath","value":"//*[@id=\"__tile49-title\"]"}
RESULT: {"using":"xpath","value":"//*[@id=\"__tile49-title\"]"}
COMMAND: POST /session/c3dee66b982ead26e192d725bf527560/element/f.9584C2A83669DBF8B89C459AF83A9E36.d.A50229AD780FABB55100CFB25A218024.e.1580/click - {}
RESULT: {}
COMMAND: GET /session/c3dee66b982ead26e192d725bf527560/screenshot - {}
RESULT: {}
COMMAND: POST /session/c3dee66b982ead26e192d725bf527560/element - {"using":"css selector","value":"#requestCreationDialog--createRequestPopUp-title-inner"}
RESULT: {"using":"css selector","value":"#requestCreationDialog--createRequestPopUp-title-inner"}
COMMAND: POST /session/c3dee66b982ead26e192d725bf527560/execute/sync - {"script":"<script> [8489 bytes]","args":[{"element-6066-11e4-a52e-4f735466cecf":"f.9584C2A83669DBF8B89C459AF83A9E36.d.A50229AD780FABB55100CFB25A218024.e.1609","ELEMENT":"f.9584C2A83669DBF8B89C459AF83A9E36.d.A50229AD780FABB55100CFB25A218024.e.1609"}]}
RESULT: {"script":"<script> [8489 bytes]","args":[{"element-6066-11e4-a52e-4f735466cecf":"f.9584C2A83669DBF8B89C459AF83A9E36.d.A50229AD780FABB55100CFB25A218024.e.1609","ELEMENT":"f.9584C2A83669DBF8B89C459AF83A9E36.d.A50229AD780FABB55100CFB25A218024.e.1609"}]}
COMMAND: GET /session/c3dee66b982ead26e192d725bf527560/element/f.9584C2A83669DBF8B89C459AF83A9E36.d.A50229AD780FABB55100CFB25A218024.e.1609/enabled - {}
COMMAND: GET /session/c3dee66b982ead26e192d725bf527560/screenshot - {}
RESULT: {}
COMMAND: POST /session/c3dee66b982ead26e192d725bf527560/elements - {"using":"css selector","value":"#requestCreationDialog--createRequestPopUp-title-inner"}
COMMAND: GET /session/c3dee66b982ead26e192d725bf527560/screenshot - {}
RESULT: {}
RESULT: {"using":"css selector","value":"#requestCreationDialog--createRequestPopUp-title-inner"}
COMMAND: POST /session/c3dee66b982ead26e192d725bf527560/execute/async - {"script":"<script> [1562 bytes]","args":[{"selector":{"id":"requestCreationDialog--requestName","searchOpenDialogs":true,"interaction":{"idSuffix":"inner"}},"wdio_ui5_key":"requestCreationDialogrequestName"}]}
RESULT: {}
RESULT: {"script":"<script> [1562 bytes]","args":[{"selector":{"id":"requestCreationDialog--requestName","searchOpenDialogs":true,"interaction":{"idSuffix":"inner"}},"wdio_ui5_key":"requestCreationDialogrequestName"}]}
RESULT: undefined
COMMAND: POST /session/c3dee66b982ead26e192d725bf527560/execute/async - {"script":"<script> [776 bytes]","args":[{"enterText":"WebdriverTest","selector":{"id":"requestCreationDialog--requestName","searchOpenDialogs":true,"interaction":{"idSuffix":"inner"}},"clearTextFirst":true,"interactionType":"ENTER_TEXT"}]}
RESULT: {"script":"<script> [776 bytes]","args":[{"enterText":"WebdriverTest","selector":{"id":"requestCreationDialog--requestName","searchOpenDialogs":true,"interaction":{"idSuffix":"inner"}},"clearTextFirst":true,"interactionType":"ENTER_TEXT"}]}
COMMAND: POST /session/c3dee66b982ead26e192d725bf527560/element - {"using":"xpath","value":"//input[contains(@id ,\"requestCreationDialog--yardId-inner\")]"}
RESULT: {"using":"xpath","value":"//input[contains(@id ,\"requestCreationDialog--yardId-inner\")]"}
COMMAND: POST /session/c3dee66b982ead26e192d725bf527560/element/f.9584C2A83669DBF8B89C459AF83A9E36.d.A50229AD780FABB55100CFB25A218024.e.1597/clear - {}
RESULT: {}
COMMAND: POST /session/c3dee66b982ead26e192d725bf527560/element/f.9584C2A83669DBF8B89C459AF83A9E36.d.A50229AD780FABB55100CFB25A218024.e.1597/value - {"text":"101"}
COMMAND: GET /session/c3dee66b982ead26e192d725bf527560/screenshot - {}
RESULT: {"text":"101"}
COMMAND: GET /session/c3dee66b982ead26e192d725bf527560/screenshot - {}
RESULT: {}
RESULT: {}
COMMAND: POST /session/c3dee66b982ead26e192d725bf527560/execute/async - {"script":"<script> [1562 bytes]","args":[{"selector":{"id":"requestCreationDialog--okButton","searchOpenDialogs":true,"interaction":{"idSuffix":"BDI-content"}},"wdio_ui5_key":"requestCreationDialogokButton"}]}
RESULT: {"script":"<script> [1562 bytes]","args":[{"selector":{"id":"requestCreationDialog--okButton","searchOpenDialogs":true,"interaction":{"idSuffix":"BDI-content"}},"wdio_ui5_key":"requestCreationDialogokButton"}]}
RESULT: undefined
COMMAND: POST /session/c3dee66b982ead26e192d725bf527560/element - {"using":"xpath","value":"//*[@id=\"requestCreationDialog--okButton\"]"}
RESULT: {"using":"xpath","value":"//*[@id=\"requestCreationDialog--okButton\"]"}
COMMAND: POST /session/c3dee66b982ead26e192d725bf527560/element/f.9584C2A83669DBF8B89C459AF83A9E36.d.A50229AD780FABB55100CFB25A218024.e.1615/click - {}
RESULT: {}
COMMAND: GET /session/c3dee66b982ead26e192d725bf527560/screenshot - {}
COMMAND: POST /session/c3dee66b982ead26e192d725bf527560/element - {"using":"xpath","value":"//input[contains(@id ,\"searchFiledId-I\")]"}
RESULT: {}
RESULT: {"using":"xpath","value":"//input[contains(@id ,\"searchFiledId-I\")]"}
COMMAND: POST /session/c3dee66b982ead26e192d725bf527560/element/f.9584C2A83669DBF8B89C459AF83A9E36.d.A50229AD780FABB55100CFB25A218024.e.1586/value - {"text":"catalogItemwc806"}
RESULT: {"text":"catalogItemwc806"}
COMMAND: POST /session/c3dee66b982ead26e192d725bf527560/actions - {"actions":[{"id":"action7","type":"key","parameters":{},"actions":[{"type":"keyDown","value":""},{"type":"pause","duration":10},{"type":"keyUp","value":""}]}]}
COMMAND: GET /session/c3dee66b982ead26e192d725bf527560/screenshot - {}
RESULT: {"actions":[{"id":"action7","type":"key","parameters":{},"actions":[{"type":"keyDown","value":""},{"type":"pause","duration":10},{"type":"keyUp","value":""}]}]}
COMMAND: GET /session/c3dee66b982ead26e192d725bf527560/screenshot - {}
RESULT: {}
RESULT: {}
COMMAND: POST /session/c3dee66b982ead26e192d725bf527560/element - {"using":"xpath","value":"//span[contains(@id ,\"subTitle\")][contains(text(), \"catalogItemwc806\")]"}
RESULT: {"using":"xpath","value":"//span[contains(@id ,\"subTitle\")][contains(text(), \"catalogItemwc806\")]"}
COMMAND: POST /session/c3dee66b982ead26e192d725bf527560/element - {"using":"xpath","value":"//span[contains(@id ,\"subTitle\")][contains(text(), \"catalogItemwc806\")]"}
RESULT: {"using":"xpath","value":"//span[contains(@id ,\"subTitle\")][contains(text(), \"catalogItemwc806\")]"}
COMMAND: POST /session/c3dee66b982ead26e192d725bf527560/execute/async - {"script":"<script> [1562 bytes]","args":[{"selector":{"controlType":"sap.tnt.NavigationListItem","viewName":"etm.portal.ui.webshop.view.Homepage","i18NText":{"propertyName":"text","key":"exit"},"interaction":{"idSuffix":"a"}},"wdio_ui5_key":"etmportal.ui.webshop.view.Homepagesap.tnt.NavigationListItem{\"propertyName\":\"text\",\"key\":\"exit\"}"}]}
RESULT: {"script":"<script> [1562 bytes]","args":[{"selector":{"controlType":"sap.tnt.NavigationListItem","viewName":"etm.portal.ui.webshop.view.Homepage","i18NText":{"propertyName":"text","key":"exit"},"interaction":{"idSuffix":"a"}},"wdio_ui5_key":"etmportal.ui.webshop.view.Homepagesap.tnt.NavigationListItem{\"propertyName\":\"text\",\"key\":\"exit\"}"}]}
RESULT: undefined
COMMAND: POST /session/c3dee66b982ead26e192d725bf527560/element - {"using":"xpath","value":"//*[@id=\"__item280\"]"}
RESULT: {"using":"xpath","value":"//*[@id=\"__item280\"]"}
COMMAND: POST /session/c3dee66b982ead26e192d725bf527560/element/f.9584C2A83669DBF8B89C459AF83A9E36.d.A50229AD780FABB55100CFB25A218024.e.1623/click - {}
RESULT: {}
]]></system-out>
    </testcase>
  </testsuite>
  <testsuite timestamp="2025-05-29T15:51:58" time="240.133" tests="1" failures="0" errors="0" skipped="0">
    <properties>
      <property name="specId" value="0"/>
      <property name="suiteName" value="Catalogs section"/>
      <property name="capabilities" value="chrome.136_0_7103_93.windows"/>
      <property name="file" value="file:///D:/a/1/s/test/specs/R2C/manage-catalogs-values-section.spec.js"/>
    </properties>
    <testcase classname="chrome.136_0_7103_93.windows.Catalogs_section" name="Should add values to a catalog item" time="240.13">
      <system-out><![CDATA[
COMMAND: POST /session/c3dee66b982ead26e192d725bf527560/element - {"using":"xpath","value":"//span[contains(@id ,\"requestCreationDialog--createRequestPopUp-title-inner\")]"}
COMMAND: GET /session/c3dee66b982ead26e192d725bf527560/screenshot - {}
RESULT: {"using":"xpath","value":"//span[contains(@id ,\"requestCreationDialog--createRequestPopUp-title-inner\")]"}
COMMAND: POST /session/c3dee66b982ead26e192d725bf527560/elements - {"using":"xpath","value":"//span[contains(@id ,\"requestCreationDialog--createRequestPopUp-title-inner\")]"}
RESULT: {}
RESULT: {"using":"xpath","value":"//span[contains(@id ,\"requestCreationDialog--createRequestPopUp-title-inner\")]"}
COMMAND: POST /session/c3dee66b982ead26e192d725bf527560/execute/async - {"script":"<script> [1562 bytes]","args":[{"selector":{"controlType":"sap.m.GenericTile","properties":{"header":"Manage Catalogs"}},"wdio_ui5_key":"sapm.GenericTile{\"header\":\"Manage Catalogs\"}"}]}
RESULT: {"script":"<script> [1562 bytes]","args":[{"selector":{"controlType":"sap.m.GenericTile","properties":{"header":"Manage Catalogs"}},"wdio_ui5_key":"sapm.GenericTile{\"header\":\"Manage Catalogs\"}"}]}
RESULT: undefined
COMMAND: POST /session/c3dee66b982ead26e192d725bf527560/element - {"using":"xpath","value":"//*[@id=\"__tile37\"]"}
RESULT: {"using":"xpath","value":"//*[@id=\"__tile37\"]"}
COMMAND: POST /session/c3dee66b982ead26e192d725bf527560/element/f.9584C2A83669DBF8B89C459AF83A9E36.d.A50229AD780FABB55100CFB25A218024.e.1634/click - {}
RESULT: {}
COMMAND: GET /session/c3dee66b982ead26e192d725bf527560/screenshot - {}
RESULT: {}
COMMAND: POST /session/c3dee66b982ead26e192d725bf527560/elements - {"using":"xpath","value":"//span[text()='Error']"}
RESULT: {"using":"xpath","value":"//span[text()='Error']"}
COMMAND: POST /session/c3dee66b982ead26e192d725bf527560/refresh - {}
RESULT: {}
COMMAND: GET /session/c3dee66b982ead26e192d725bf527560/screenshot - {}
RESULT: {}
COMMAND: POST /session/c3dee66b982ead26e192d725bf527560/execute/async - {"script":"<script> [189 bytes]","args":[]}
RESULT: {"script":"<script> [189 bytes]","args":[]}
COMMAND: POST /session/c3dee66b982ead26e192d725bf527560/execute/async - {"script":"<script> [123 bytes]","args":[]}
RESULT: {"script":"<script> [123 bytes]","args":[]}
COMMAND: POST /session/c3dee66b982ead26e192d725bf527560/timeouts - {"script":"<number>"}
RESULT: {"script":"<number>"}
COMMAND: GET /session/c3dee66b982ead26e192d725bf527560/timeouts - {}
RESULT: {}
RESULT: undefined
COMMAND: POST /session/c3dee66b982ead26e192d725bf527560/execute/async - {"script":"<script> [2676 bytes]","args":[]}
RESULT: {"script":"<script> [2676 bytes]","args":[]}
COMMAND: POST /session/c3dee66b982ead26e192d725bf527560/execute/async - {"script":"<script> [2342 bytes]","args":[{"protocol":"http","hostname":"0.0.0.0","path":"/","capabilities":{"browserName":"chrome","goog:chromeOptions":{"binary":"C:\\Program Files\\Google\\Chrome\\Application\\chrome.exe","args":["--start-maximized"]}},"logLevel":"warn","connectionRetryTimeout":120000,"connectionRetryCount":3,"logLevels":{},"enableDirectConnect":true,"strictSSL":true,"_":"65 more keys: [\"cacheDir\",\"port\",\"requestedCapabilities\",\"automationProtocol\",\"baseUrl\",\"waitforInterval\",\"waitforTimeout\",\"onReload\",\"beforeCommand\",\"afterCommand\",\"rootDir\",\"specs\",\"suites\",\"exclude\",\"groupLogsByTestSpec\",\"excludeDriverLogs\",\"bail\",\"framework\",\"reporters\",\"services\",\"maxInstances\",\"maxInstancesPerCapability\",\"injectGlobals\",\"filesToWatch\",\"execArgv\",\"runnerEnv\",\"runner\",\"shard\",\"specFileRetries\",\"specFileRetriesDelay\",\"specFileRetriesDeferred\",\"reporterSyncInterval\",\"reporterSyncTimeout\",\"cucumberFeaturesWithLineNumbers\",\"autoCompileOpts\",\"mochaOpts\",\"jasmineOpts\",\"cucumberOpts\",\"onPrepare\",\"onWorkerStart\",\"onWorkerEnd\",\"before\",\"beforeSession\",\"beforeSuite\",\"beforeHook\",\"beforeTest\",\"afterTest\",\"afterHook\",\"afterSuite\",\"afterSession\",\"after\",\"onComplete\",\"beforeAssertion\",\"afterAssertion\",\"beforeFeature\",\"beforeScenario\",\"beforeStep\",\"afterStep\",\"afterScenario\",\"afterFeature\",\"_\",\"suite\",\"$0\",\"ignoredWorkerServices\",\"wdi5\"]"}]}
RESULT: {"script":"<script> [2342 bytes]","args":[{"protocol":"http","hostname":"0.0.0.0","path":"/","capabilities":{"browserName":"chrome","goog:chromeOptions":{"binary":"C:\\Program Files\\Google\\Chrome\\Application\\chrome.exe","args":["--start-maximized"]}},"logLevel":"warn","connectionRetryTimeout":120000,"connectionRetryCount":3,"logLevels":{},"enableDirectConnect":true,"strictSSL":true,"_":"65 more keys: [\"cacheDir\",\"port\",\"requestedCapabilities\",\"automationProtocol\",\"baseUrl\",\"waitforInterval\",\"waitforTimeout\",\"onReload\",\"beforeCommand\",\"afterCommand\",\"rootDir\",\"specs\",\"suites\",\"exclude\",\"groupLogsByTestSpec\",\"excludeDriverLogs\",\"bail\",\"framework\",\"reporters\",\"services\",\"maxInstances\",\"maxInstancesPerCapability\",\"injectGlobals\",\"filesToWatch\",\"execArgv\",\"runnerEnv\",\"runner\",\"shard\",\"specFileRetries\",\"specFileRetriesDelay\",\"specFileRetriesDeferred\",\"reporterSyncInterval\",\"reporterSyncTimeout\",\"cucumberFeaturesWithLineNumbers\",\"autoCompileOpts\",\"mochaOpts\",\"jasmineOpts\",\"cucumberOpts\",\"onPrepare\",\"onWorkerStart\",\"onWorkerEnd\",\"before\",\"beforeSession\",\"beforeSuite\",\"beforeHook\",\"beforeTest\",\"afterTest\",\"afterHook\",\"afterSuite\",\"afterSession\",\"after\",\"onComplete\",\"beforeAssertion\",\"afterAssertion\",\"beforeFeature\",\"beforeScenario\",\"beforeStep\",\"afterStep\",\"afterScenario\",\"afterFeature\",\"_\",\"suite\",\"$0\",\"ignoredWorkerServices\",\"wdi5\"]"}]}
COMMAND: POST /session/c3dee66b982ead26e192d725bf527560/execute/async - {"script":"<script> [21126 bytes]","args":[35000]}
RESULT: {"script":"<script> [21126 bytes]","args":[35000]}
COMMAND: POST /session/c3dee66b982ead26e192d725bf527560/element - {"using":"xpath","value":"//span[contains(text(), \"Webshop Catalog\")][contains(@id ,\"masterCatalogs\")]"}
RESULT: {"using":"xpath","value":"//span[contains(text(), \"Webshop Catalog\")][contains(@id ,\"masterCatalogs\")]"}
COMMAND: POST /session/c3dee66b982ead26e192d725bf527560/element/f.9584C2A83669DBF8B89C459AF83A9E36.d.4CA11ABE16DB6C5341C687BEF1500471.e.1737/click - {}
RESULT: {}
COMMAND: GET /session/c3dee66b982ead26e192d725bf527560/screenshot - {}
RESULT: {}
COMMAND: POST /session/c3dee66b982ead26e192d725bf527560/element - {"using":"xpath","value":"//input[contains(@id ,\"application-managecatalogs-display-component---masterCatalogItems--searchItemsField-I\")]"}
RESULT: {"using":"xpath","value":"//input[contains(@id ,\"application-managecatalogs-display-component---masterCatalogItems--searchItemsField-I\")]"}
COMMAND: POST /session/c3dee66b982ead26e192d725bf527560/element/f.9584C2A83669DBF8B89C459AF83A9E36.d.4CA11ABE16DB6C5341C687BEF1500471.e.1746/value - {"text":"SecondSection9k8ls"}
RESULT: {"text":"SecondSection9k8ls"}
COMMAND: POST /session/c3dee66b982ead26e192d725bf527560/actions - {"actions":[{"id":"action8","type":"key","parameters":{},"actions":[{"type":"keyDown","value":""},{"type":"pause","duration":10},{"type":"keyUp","value":""}]}]}
COMMAND: GET /session/c3dee66b982ead26e192d725bf527560/screenshot - {}
RESULT: {"actions":[{"id":"action8","type":"key","parameters":{},"actions":[{"type":"keyDown","value":""},{"type":"pause","duration":10},{"type":"keyUp","value":""}]}]}
COMMAND: GET /session/c3dee66b982ead26e192d725bf527560/screenshot - {}
RESULT: {}
RESULT: {}
COMMAND: POST /session/c3dee66b982ead26e192d725bf527560/element - {"using":"xpath","value":"(//span[contains(text(), \"SecondSection9k8ls\")])[1]"}
RESULT: {"using":"xpath","value":"(//span[contains(text(), \"SecondSection9k8ls\")])[1]"}
COMMAND: POST /session/c3dee66b982ead26e192d725bf527560/element/f.9584C2A83669DBF8B89C459AF83A9E36.d.4CA11ABE16DB6C5341C687BEF1500471.e.1774/click - {}
RESULT: {}
COMMAND: POST /session/c3dee66b982ead26e192d725bf527560/execute/async - {"script":"<script> [1562 bytes]","args":[{"selector":{"controlType":"sap.m.Button","viewName":"etm.portal.ui.managecatalogs.view.Detail","viewId":"application-managecatalogs-display-component---detailCatalog","i18NText":{"propertyName":"text","key":"edit"},"interaction":{"idSuffix":"BDI-content"}},"wdio_ui5_key":"etmportal.ui.managecatalogs.view.Detailsap.m.Button{\"propertyName\":\"text\",\"key\":\"edit\"}"}]}
COMMAND: GET /session/c3dee66b982ead26e192d725bf527560/screenshot - {}
RESULT: {"script":"<script> [1562 bytes]","args":[{"selector":{"controlType":"sap.m.Button","viewName":"etm.portal.ui.managecatalogs.view.Detail","viewId":"application-managecatalogs-display-component---detailCatalog","i18NText":{"propertyName":"text","key":"edit"},"interaction":{"idSuffix":"BDI-content"}},"wdio_ui5_key":"etmportal.ui.managecatalogs.view.Detailsap.m.Button{\"propertyName\":\"text\",\"key\":\"edit\"}"}]}
RESULT: undefined
COMMAND: POST /session/c3dee66b982ead26e192d725bf527560/element - {"using":"xpath","value":"//*[@id=\"__button33\"]"}
RESULT: {}
RESULT: {"using":"xpath","value":"//*[@id=\"__button33\"]"}
COMMAND: POST /session/c3dee66b982ead26e192d725bf527560/element/f.9584C2A83669DBF8B89C459AF83A9E36.d.4CA11ABE16DB6C5341C687BEF1500471.e.1843/click - {}
RESULT: {}
COMMAND: POST /session/c3dee66b982ead26e192d725bf527560/execute/async - {"script":"<script> [1562 bytes]","args":[{"selector":{"controlType":"sap.ui.core.Icon","viewName":"etm.portal.ui.managecatalogs.view.Detail","viewId":"application-managecatalogs-display-component---detailCatalog","properties":{"src":{"regex":{"source":"add\\-document"}}}},"wdio_ui5_key":"etmportal.ui.managecatalogs.view.Detailsap.ui.core.Icon{\"src\":{\"regex\":{\"source\":\"add\\\\-document\"}}}"}]}
COMMAND: GET /session/c3dee66b982ead26e192d725bf527560/screenshot - {}
RESULT: {"script":"<script> [1562 bytes]","args":[{"selector":{"controlType":"sap.ui.core.Icon","viewName":"etm.portal.ui.managecatalogs.view.Detail","viewId":"application-managecatalogs-display-component---detailCatalog","properties":{"src":{"regex":{"source":"add\\-document"}}}},"wdio_ui5_key":"etmportal.ui.managecatalogs.view.Detailsap.ui.core.Icon{\"src\":{\"regex\":{\"source\":\"add\\\\-document\"}}}"}]}
RESULT: undefined
COMMAND: POST /session/c3dee66b982ead26e192d725bf527560/element - {"using":"xpath","value":"//*[@id=\"__button42-img\"]"}
RESULT: {}
RESULT: {"using":"xpath","value":"//*[@id=\"__button42-img\"]"}
COMMAND: POST /session/c3dee66b982ead26e192d725bf527560/element/f.9584C2A83669DBF8B89C459AF83A9E36.d.4CA11ABE16DB6C5341C687BEF1500471.e.1851/click - {}
RESULT: {}
COMMAND: POST /session/c3dee66b982ead26e192d725bf527560/execute/async - {"script":"<script> [1562 bytes]","args":[{"selector":{"id":"application-managecatalogs-display-component---detailCatalog--newItemNumberInput","searchOpenDialogs":true,"interaction":{"idSuffix":"inner"}},"wdio_ui5_key":"applicationmanagecatalogs-display-component---detailCatalog--newItemNumberInput"}]}
COMMAND: GET /session/c3dee66b982ead26e192d725bf527560/screenshot - {}
RESULT: {"script":"<script> [1562 bytes]","args":[{"selector":{"id":"application-managecatalogs-display-component---detailCatalog--newItemNumberInput","searchOpenDialogs":true,"interaction":{"idSuffix":"inner"}},"wdio_ui5_key":"applicationmanagecatalogs-display-component---detailCatalog--newItemNumberInput"}]}
RESULT: undefined
COMMAND: POST /session/c3dee66b982ead26e192d725bf527560/execute/async - {"script":"<script> [776 bytes]","args":[{"enterText":"catalogItemk7bn7","selector":{"id":"application-managecatalogs-display-component---detailCatalog--newItemNumberInput","searchOpenDialogs":true,"interaction":{"idSuffix":"inner"}},"clearTextFirst":true,"interactionType":"ENTER_TEXT"}]}
RESULT: {}
RESULT: {"script":"<script> [776 bytes]","args":[{"enterText":"catalogItemk7bn7","selector":{"id":"application-managecatalogs-display-component---detailCatalog--newItemNumberInput","searchOpenDialogs":true,"interaction":{"idSuffix":"inner"}},"clearTextFirst":true,"interactionType":"ENTER_TEXT"}]}
COMMAND: POST /session/c3dee66b982ead26e192d725bf527560/execute/async - {"script":"<script> [1562 bytes]","args":[{"selector":{"controlType":"sap.m.Input","viewName":"etm.portal.ui.managecatalogs.view.Detail","viewId":"application-managecatalogs-display-component---detailCatalog","bindingPath":{"path":"","propertyPath":"/DESCRIPTION"},"searchOpenDialogs":true,"interaction":{"idSuffix":"inner"}},"wdio_ui5_key":"etmportal.ui.managecatalogs.view.Detailsap.m.Input{\"path\":\"\",\"propertyPath\":\"/DESCRIPTION\"}"}]}
RESULT: {"script":"<script> [1562 bytes]","args":[{"selector":{"controlType":"sap.m.Input","viewName":"etm.portal.ui.managecatalogs.view.Detail","viewId":"application-managecatalogs-display-component---detailCatalog","bindingPath":{"path":"","propertyPath":"/DESCRIPTION"},"searchOpenDialogs":true,"interaction":{"idSuffix":"inner"}},"wdio_ui5_key":"etmportal.ui.managecatalogs.view.Detailsap.m.Input{\"path\":\"\",\"propertyPath\":\"/DESCRIPTION\"}"}]}
RESULT: undefined
COMMAND: POST /session/c3dee66b982ead26e192d725bf527560/execute/async - {"script":"<script> [776 bytes]","args":[{"enterText":"catalogItemNamehyw4r","selector":{"controlType":"sap.m.Input","viewName":"etm.portal.ui.managecatalogs.view.Detail","viewId":"application-managecatalogs-display-component---detailCatalog","bindingPath":{"path":"","propertyPath":"/DESCRIPTION"},"searchOpenDialogs":true,"interaction":{"idSuffix":"inner"}},"clearTextFirst":true,"interactionType":"ENTER_TEXT"}]}
RESULT: {"script":"<script> [776 bytes]","args":[{"enterText":"catalogItemNamehyw4r","selector":{"controlType":"sap.m.Input","viewName":"etm.portal.ui.managecatalogs.view.Detail","viewId":"application-managecatalogs-display-component---detailCatalog","bindingPath":{"path":"","propertyPath":"/DESCRIPTION"},"searchOpenDialogs":true,"interaction":{"idSuffix":"inner"}},"clearTextFirst":true,"interactionType":"ENTER_TEXT"}]}
COMMAND: POST /session/c3dee66b982ead26e192d725bf527560/execute/async - {"script":"<script> [1562 bytes]","args":[{"selector":{"controlType":"sap.m.Button","viewName":"etm.portal.ui.managecatalogs.view.Detail","viewId":"application-managecatalogs-display-component---detailCatalog","i18NText":{"propertyName":"text","key":"create"},"searchOpenDialogs":true,"interaction":{"idSuffix":"BDI-content"}},"wdio_ui5_key":"etmportal.ui.managecatalogs.view.Detailsap.m.Button{\"propertyName\":\"text\",\"key\":\"create\"}"}]}
RESULT: {"script":"<script> [1562 bytes]","args":[{"selector":{"controlType":"sap.m.Button","viewName":"etm.portal.ui.managecatalogs.view.Detail","viewId":"application-managecatalogs-display-component---detailCatalog","i18NText":{"propertyName":"text","key":"create"},"searchOpenDialogs":true,"interaction":{"idSuffix":"BDI-content"}},"wdio_ui5_key":"etmportal.ui.managecatalogs.view.Detailsap.m.Button{\"propertyName\":\"text\",\"key\":\"create\"}"}]}
RESULT: undefined
COMMAND: POST /session/c3dee66b982ead26e192d725bf527560/element - {"using":"xpath","value":"//*[@id=\"__button17\"]"}
RESULT: {"using":"xpath","value":"//*[@id=\"__button17\"]"}
COMMAND: POST /session/c3dee66b982ead26e192d725bf527560/element/f.9584C2A83669DBF8B89C459AF83A9E36.d.4CA11ABE16DB6C5341C687BEF1500471.e.1860/click - {}
RESULT: {}
COMMAND: GET /session/c3dee66b982ead26e192d725bf527560/screenshot - {}
RESULT: {}
COMMAND: POST /session/c3dee66b982ead26e192d725bf527560/element - {"using":"xpath","value":"//button[@title=\"Save\"]"}
RESULT: {"using":"xpath","value":"//button[@title=\"Save\"]"}
COMMAND: POST /session/c3dee66b982ead26e192d725bf527560/element/f.9584C2A83669DBF8B89C459AF83A9E36.d.4CA11ABE16DB6C5341C687BEF1500471.e.1861/click - {}
RESULT: {}
COMMAND: GET /session/c3dee66b982ead26e192d725bf527560/screenshot - {}
RESULT: {}
COMMAND: POST /session/c3dee66b982ead26e192d725bf527560/execute/async - {"script":"<script> [1562 bytes]","args":[{"selector":{"controlType":"sap.ui.core.Icon","viewName":"etm.portal.ui.managecatalogs.view.Detail","viewId":"application-managecatalogs-display-component---detailCatalog","properties":{"src":{"regex":{"source":"decline"}}}},"wdio_ui5_key":"etmportal.ui.managecatalogs.view.Detailsap.ui.core.Icon{\"src\":{\"regex\":{\"source\":\"decline\"}}}"}]}
RESULT: {"script":"<script> [1562 bytes]","args":[{"selector":{"controlType":"sap.ui.core.Icon","viewName":"etm.portal.ui.managecatalogs.view.Detail","viewId":"application-managecatalogs-display-component---detailCatalog","properties":{"src":{"regex":{"source":"decline"}}}},"wdio_ui5_key":"etmportal.ui.managecatalogs.view.Detailsap.ui.core.Icon{\"src\":{\"regex\":{\"source\":\"decline\"}}}"}]}
RESULT: undefined
COMMAND: POST /session/c3dee66b982ead26e192d725bf527560/element - {"using":"xpath","value":"//*[@id=\"__button36-img\"]"}
RESULT: {"using":"xpath","value":"//*[@id=\"__button36-img\"]"}
COMMAND: POST /session/c3dee66b982ead26e192d725bf527560/element/f.9584C2A83669DBF8B89C459AF83A9E36.d.4CA11ABE16DB6C5341C687BEF1500471.e.1867/click - {}
RESULT: {}
COMMAND: GET /session/c3dee66b982ead26e192d725bf527560/screenshot - {}
RESULT: {}
COMMAND: POST /session/c3dee66b982ead26e192d725bf527560/execute/async - {"script":"<script> [1562 bytes]","args":[{"selector":{"controlType":"sap.ui.core.Icon","viewName":"etm.portal.ui.managecatalogs.view.MasterItems","viewId":"application-managecatalogs-display-component---masterCatalogItems","properties":{"src":{"regex":{"source":"refresh"}}}},"wdio_ui5_key":"etmportal.ui.managecatalogs.view.MasterItemssap.ui.core.Icon{\"src\":{\"regex\":{\"source\":\"refresh\"}}}"}]}
RESULT: {"script":"<script> [1562 bytes]","args":[{"selector":{"controlType":"sap.ui.core.Icon","viewName":"etm.portal.ui.managecatalogs.view.MasterItems","viewId":"application-managecatalogs-display-component---masterCatalogItems","properties":{"src":{"regex":{"source":"refresh"}}}},"wdio_ui5_key":"etmportal.ui.managecatalogs.view.MasterItemssap.ui.core.Icon{\"src\":{\"regex\":{\"source\":\"refresh\"}}}"}]}
RESULT: undefined
COMMAND: POST /session/c3dee66b982ead26e192d725bf527560/element - {"using":"xpath","value":"//*[@id=\"__button9-img\"]"}
RESULT: {"using":"xpath","value":"//*[@id=\"__button9-img\"]"}
COMMAND: POST /session/c3dee66b982ead26e192d725bf527560/element/f.9584C2A83669DBF8B89C459AF83A9E36.d.4CA11ABE16DB6C5341C687BEF1500471.e.1904/click - {}
RESULT: {}
COMMAND: GET /session/c3dee66b982ead26e192d725bf527560/screenshot - {}
RESULT: {}
COMMAND: POST /session/c3dee66b982ead26e192d725bf527560/execute/async - {"script":"<script> [1562 bytes]","args":[{"selector":{"id":"application-managecatalogs-display-component---masterCatalogItems--searchItemsField","interaction":{"idSuffix":"I"}},"wdio_ui5_key":"applicationmanagecatalogs-display-component---masterCatalogItems--searchItemsField"}]}
RESULT: {"script":"<script> [1562 bytes]","args":[{"selector":{"id":"application-managecatalogs-display-component---masterCatalogItems--searchItemsField","interaction":{"idSuffix":"I"}},"wdio_ui5_key":"applicationmanagecatalogs-display-component---masterCatalogItems--searchItemsField"}]}
RESULT: undefined
COMMAND: POST /session/c3dee66b982ead26e192d725bf527560/execute/async - {"script":"<script> [776 bytes]","args":[{"enterText":"catalogItemNamehyw4r","selector":{"id":"application-managecatalogs-display-component---masterCatalogItems--searchItemsField","interaction":{"idSuffix":"I"}},"clearTextFirst":true,"interactionType":"ENTER_TEXT"}]}
RESULT: {"script":"<script> [776 bytes]","args":[{"enterText":"catalogItemNamehyw4r","selector":{"id":"application-managecatalogs-display-component---masterCatalogItems--searchItemsField","interaction":{"idSuffix":"I"}},"clearTextFirst":true,"interactionType":"ENTER_TEXT"}]}
COMMAND: POST /session/c3dee66b982ead26e192d725bf527560/actions - {"actions":[{"id":"action9","type":"key","parameters":{},"actions":[{"type":"keyDown","value":""},{"type":"pause","duration":10},{"type":"keyUp","value":""}]}]}
RESULT: {"actions":[{"id":"action9","type":"key","parameters":{},"actions":[{"type":"keyDown","value":""},{"type":"pause","duration":10},{"type":"keyUp","value":""}]}]}
COMMAND: POST /session/c3dee66b982ead26e192d725bf527560/element - {"using":"xpath","value":"(//span[contains(text(), \"catalogItemNamehyw4r\")])[1]"}
COMMAND: GET /session/c3dee66b982ead26e192d725bf527560/screenshot - {}
RESULT: {"using":"xpath","value":"(//span[contains(text(), \"catalogItemNamehyw4r\")])[1]"}
COMMAND: POST /session/c3dee66b982ead26e192d725bf527560/element/f.9584C2A83669DBF8B89C459AF83A9E36.d.4CA11ABE16DB6C5341C687BEF1500471.e.1911/click - {}
RESULT: {}
RESULT: {}
COMMAND: GET /session/c3dee66b982ead26e192d725bf527560/screenshot - {}
RESULT: {}
COMMAND: POST /session/c3dee66b982ead26e192d725bf527560/element - {"using":"xpath","value":"//span[contains(text(), \"catalogItemk7bn7\")]"}
RESULT: {"using":"xpath","value":"//span[contains(text(), \"catalogItemk7bn7\")]"}
COMMAND: GET /session/c3dee66b982ead26e192d725bf527560/element/f.9584C2A83669DBF8B89C459AF83A9E36.d.4CA11ABE16DB6C5341C687BEF1500471.e.1973/text - {}
RESULT: {}
RESULT: undefined
COMMAND: POST /session/c3dee66b982ead26e192d725bf527560/element - {"using":"xpath","value":"//*[@id=\"__button33\"]"}
RESULT: {"using":"xpath","value":"//*[@id=\"__button33\"]"}
COMMAND: POST /session/c3dee66b982ead26e192d725bf527560/element/f.9584C2A83669DBF8B89C459AF83A9E36.d.4CA11ABE16DB6C5341C687BEF1500471.e.1974/click - {}
RESULT: {}
COMMAND: GET /session/c3dee66b982ead26e192d725bf527560/screenshot - {}
RESULT: {}
COMMAND: POST /session/c3dee66b982ead26e192d725bf527560/execute/async - {"script":"<script> [1562 bytes]","args":[{"selector":{"id":"application-managecatalogs-display-component---detailCatalog--BASE_UNIT_OF_MEASURE-arrow"},"wdio_ui5_key":"applicationmanagecatalogs-display-component---detailCatalog--BASE_UNIT_OF_MEASURE-arrow"}]}
RESULT: {"script":"<script> [1562 bytes]","args":[{"selector":{"id":"application-managecatalogs-display-component---detailCatalog--BASE_UNIT_OF_MEASURE-arrow"},"wdio_ui5_key":"applicationmanagecatalogs-display-component---detailCatalog--BASE_UNIT_OF_MEASURE-arrow"}]}
RESULT: undefined
COMMAND: POST /session/c3dee66b982ead26e192d725bf527560/element - {"using":"xpath","value":"//*[@id=\"application-managecatalogs-display-component---detailCatalog--BASE_UNIT_OF_MEASURE-arrow\"]"}
RESULT: {"using":"xpath","value":"//*[@id=\"application-managecatalogs-display-component---detailCatalog--BASE_UNIT_OF_MEASURE-arrow\"]"}
COMMAND: POST /session/c3dee66b982ead26e192d725bf527560/element/f.9584C2A83669DBF8B89C459AF83A9E36.d.4CA11ABE16DB6C5341C687BEF1500471.e.2003/click - {}
RESULT: {}
COMMAND: GET /session/c3dee66b982ead26e192d725bf527560/screenshot - {}
RESULT: {}
COMMAND: POST /session/c3dee66b982ead26e192d725bf527560/execute/async - {"script":"<script> [1562 bytes]","args":[{"selector":{"controlType":"sap.m.StandardListItem","viewName":"etm.portal.ui.managecatalogs.view.Detail","viewId":"application-managecatalogs-display-component---detailCatalog","properties":{"title":"Piece"},"searchOpenDialogs":true,"interaction":{"idSuffix":"titleText"}},"wdio_ui5_key":"etmportal.ui.managecatalogs.view.Detailsap.m.StandardListItem{\"title\":\"Piece\"}"}]}
RESULT: {"script":"<script> [1562 bytes]","args":[{"selector":{"controlType":"sap.m.StandardListItem","viewName":"etm.portal.ui.managecatalogs.view.Detail","viewId":"application-managecatalogs-display-component---detailCatalog","properties":{"title":"Piece"},"searchOpenDialogs":true,"interaction":{"idSuffix":"titleText"}},"wdio_ui5_key":"etmportal.ui.managecatalogs.view.Detailsap.m.StandardListItem{\"title\":\"Piece\"}"}]}
RESULT: undefined
COMMAND: POST /session/c3dee66b982ead26e192d725bf527560/element - {"using":"xpath","value":"//*[@id=\"__item226\"]"}
RESULT: {"using":"xpath","value":"//*[@id=\"__item226\"]"}
COMMAND: POST /session/c3dee66b982ead26e192d725bf527560/element/f.9584C2A83669DBF8B89C459AF83A9E36.d.4CA11ABE16DB6C5341C687BEF1500471.e.2005/click - {}
RESULT: {}
COMMAND: POST /session/c3dee66b982ead26e192d725bf527560/execute/async - {"script":"<script> [1562 bytes]","args":[{"selector":{"id":"application-managecatalogs-display-component---detailCatalog--ObjectPageLayout-anchBar-application-managecatalogs-display-component---detailCatalog--sectionValues-anchor","interaction":{"idSuffix":"BDI-content"}},"wdio_ui5_key":"applicationmanagecatalogs-display-component---detailCatalog--ObjectPageLayout-anchBar-application-managecatalogs-display-component---detailCatalog--sectionValues-anchor"}]}
COMMAND: GET /session/c3dee66b982ead26e192d725bf527560/screenshot - {}
RESULT: {"script":"<script> [1562 bytes]","args":[{"selector":{"id":"application-managecatalogs-display-component---detailCatalog--ObjectPageLayout-anchBar-application-managecatalogs-display-component---detailCatalog--sectionValues-anchor","interaction":{"idSuffix":"BDI-content"}},"wdio_ui5_key":"applicationmanagecatalogs-display-component---detailCatalog--ObjectPageLayout-anchBar-application-managecatalogs-display-component---detailCatalog--sectionValues-anchor"}]}
RESULT: undefined
COMMAND: POST /session/c3dee66b982ead26e192d725bf527560/element - {"using":"xpath","value":"//*[@id=\"application-managecatalogs-display-component---detailCatalog--ObjectPageLayout-anchBar-application-managecatalogs-display-component---detailCatalog--sectionValues-anchor\"]"}
RESULT: {}
RESULT: {"using":"xpath","value":"//*[@id=\"application-managecatalogs-display-component---detailCatalog--ObjectPageLayout-anchBar-application-managecatalogs-display-component---detailCatalog--sectionValues-anchor\"]"}
COMMAND: POST /session/c3dee66b982ead26e192d725bf527560/element/f.9584C2A83669DBF8B89C459AF83A9E36.d.4CA11ABE16DB6C5341C687BEF1500471.e.2007/click - {}
RESULT: {}
COMMAND: GET /session/c3dee66b982ead26e192d725bf527560/screenshot - {}
RESULT: {}
COMMAND: POST /session/c3dee66b982ead26e192d725bf527560/execute/async - {"script":"<script> [1562 bytes]","args":[{"selector":{"controlType":"sap.ui.core.Icon","viewName":"etm.portal.ui.managecatalogs.view.Detail","viewId":"application-managecatalogs-display-component---detailCatalog","properties":{"src":{"regex":{"source":"add"}}},"ancestor":{"id":"application-managecatalogs-display-component---detailCatalog--ValuesTable"}},"wdio_ui5_key":"etmportal.ui.managecatalogs.view.Detailsap.ui.core.Icon{\"src\":{\"regex\":{\"source\":\"add\"}}}{\"id\":\"application-managecatalogs-display-component---detailCatalog--ValuesTable\"}"}]}
RESULT: {"script":"<script> [1562 bytes]","args":[{"selector":{"controlType":"sap.ui.core.Icon","viewName":"etm.portal.ui.managecatalogs.view.Detail","viewId":"application-managecatalogs-display-component---detailCatalog","properties":{"src":{"regex":{"source":"add"}}},"ancestor":{"id":"application-managecatalogs-display-component---detailCatalog--ValuesTable"}},"wdio_ui5_key":"etmportal.ui.managecatalogs.view.Detailsap.ui.core.Icon{\"src\":{\"regex\":{\"source\":\"add\"}}}{\"id\":\"application-managecatalogs-display-component---detailCatalog--ValuesTable\"}"}]}
RESULT: undefined
COMMAND: POST /session/c3dee66b982ead26e192d725bf527560/element - {"using":"xpath","value":"//*[@id=\"__button45-img\"]"}
RESULT: {"using":"xpath","value":"//*[@id=\"__button45-img\"]"}
COMMAND: POST /session/c3dee66b982ead26e192d725bf527560/element/f.9584C2A83669DBF8B89C459AF83A9E36.d.4CA11ABE16DB6C5341C687BEF1500471.e.2012/click - {}
RESULT: {}
RESULT: undefined
COMMAND: POST /session/c3dee66b982ead26e192d725bf527560/element - {"using":"xpath","value":"//*[@id=\"__button45-img\"]"}
COMMAND: GET /session/c3dee66b982ead26e192d725bf527560/screenshot - {}
RESULT: {"using":"xpath","value":"//*[@id=\"__button45-img\"]"}
COMMAND: POST /session/c3dee66b982ead26e192d725bf527560/element/f.9584C2A83669DBF8B89C459AF83A9E36.d.4CA11ABE16DB6C5341C687BEF1500471.e.2012/click - {}
RESULT: {}
RESULT: {}
COMMAND: POST /session/c3dee66b982ead26e192d725bf527560/element - {"using":"xpath","value":"(//input[contains(@id ,\"application-managecatalogs-display-component---detailCatalog--ValuesTable-0-inner\")])[1]"}
COMMAND: GET /session/c3dee66b982ead26e192d725bf527560/screenshot - {}
RESULT: {"using":"xpath","value":"(//input[contains(@id ,\"application-managecatalogs-display-component---detailCatalog--ValuesTable-0-inner\")])[1]"}
COMMAND: POST /session/c3dee66b982ead26e192d725bf527560/element/f.9584C2A83669DBF8B89C459AF83A9E36.d.4CA11ABE16DB6C5341C687BEF1500471.e.2015/clear - {}
RESULT: {}
RESULT: {}
COMMAND: POST /session/c3dee66b982ead26e192d725bf527560/element/f.9584C2A83669DBF8B89C459AF83A9E36.d.4CA11ABE16DB6C5341C687BEF1500471.e.2015/value - {"text":"D&I catalog price"}
COMMAND: GET /session/c3dee66b982ead26e192d725bf527560/screenshot - {}
RESULT: {"text":"D&I catalog price"}
COMMAND: GET /session/c3dee66b982ead26e192d725bf527560/screenshot - {}
RESULT: {}
RESULT: {}
COMMAND: POST /session/c3dee66b982ead26e192d725bf527560/actions - {"actions":[{"id":"action10","type":"key","parameters":{},"actions":[{"type":"keyDown","value":""},{"type":"pause","duration":10},{"type":"keyUp","value":""}]}]}
RESULT: {"actions":[{"id":"action10","type":"key","parameters":{},"actions":[{"type":"keyDown","value":""},{"type":"pause","duration":10},{"type":"keyUp","value":""}]}]}
COMMAND: POST /session/c3dee66b982ead26e192d725bf527560/element - {"using":"xpath","value":"(//input[contains(@id ,\"application-managecatalogs-display-component---detailCatalog--ValuesTable-1-inner\")])[1]"}
COMMAND: GET /session/c3dee66b982ead26e192d725bf527560/screenshot - {}
RESULT: {"using":"xpath","value":"(//input[contains(@id ,\"application-managecatalogs-display-component---detailCatalog--ValuesTable-1-inner\")])[1]"}
COMMAND: POST /session/c3dee66b982ead26e192d725bf527560/element/f.9584C2A83669DBF8B89C459AF83A9E36.d.4CA11ABE16DB6C5341C687BEF1500471.e.2039/clear - {}
RESULT: {}
RESULT: {}
COMMAND: POST /session/c3dee66b982ead26e192d725bf527560/element/f.9584C2A83669DBF8B89C459AF83A9E36.d.4CA11ABE16DB6C5341C687BEF1500471.e.2039/value - {"text":"D&I catalog price"}
COMMAND: GET /session/c3dee66b982ead26e192d725bf527560/screenshot - {}
RESULT: {"text":"D&I catalog price"}
COMMAND: GET /session/c3dee66b982ead26e192d725bf527560/screenshot - {}
RESULT: {}
RESULT: {}
COMMAND: POST /session/c3dee66b982ead26e192d725bf527560/actions - {"actions":[{"id":"action11","type":"key","parameters":{},"actions":[{"type":"keyDown","value":""},{"type":"pause","duration":10},{"type":"keyUp","value":""}]}]}
RESULT: {"actions":[{"id":"action11","type":"key","parameters":{},"actions":[{"type":"keyDown","value":""},{"type":"pause","duration":10},{"type":"keyUp","value":""}]}]}
COMMAND: POST /session/c3dee66b982ead26e192d725bf527560/execute/async - {"script":"<script> [1562 bytes]","args":[{"selector":{"controlType":"sap.m.Button","viewName":"etm.portal.ui.managecatalogs.view.Detail","viewId":"application-managecatalogs-display-component---detailCatalog","i18NText":{"propertyName":"text","key":"save"},"interaction":{"idSuffix":"BDI-content"}},"wdio_ui5_key":"etmportal.ui.managecatalogs.view.Detailsap.m.Button{\"propertyName\":\"text\",\"key\":\"save\"}"}]}
COMMAND: GET /session/c3dee66b982ead26e192d725bf527560/screenshot - {}
RESULT: {"script":"<script> [1562 bytes]","args":[{"selector":{"controlType":"sap.m.Button","viewName":"etm.portal.ui.managecatalogs.view.Detail","viewId":"application-managecatalogs-display-component---detailCatalog","i18NText":{"propertyName":"text","key":"save"},"interaction":{"idSuffix":"BDI-content"}},"wdio_ui5_key":"etmportal.ui.managecatalogs.view.Detailsap.m.Button{\"propertyName\":\"text\",\"key\":\"save\"}"}]}
RESULT: undefined
COMMAND: POST /session/c3dee66b982ead26e192d725bf527560/element - {"using":"xpath","value":"//*[@id=\"__button51\"]"}
RESULT: {}
RESULT: {"using":"xpath","value":"//*[@id=\"__button51\"]"}
COMMAND: POST /session/c3dee66b982ead26e192d725bf527560/element/f.9584C2A83669DBF8B89C459AF83A9E36.d.4CA11ABE16DB6C5341C687BEF1500471.e.1976/click - {}
RESULT: {}
COMMAND: GET /session/c3dee66b982ead26e192d725bf527560/screenshot - {}
RESULT: {}
COMMAND: POST /session/c3dee66b982ead26e192d725bf527560/execute/async - {"script":"<script> [1562 bytes]","args":[{"selector":{"controlType":"sap.m.Text","properties":{"text":"Existing values with the same start date!"},"searchOpenDialogs":true},"wdio_ui5_key":"sapm.Text{\"text\":\"Existing values with the same start date!\"}"}]}
RESULT: {"script":"<script> [1562 bytes]","args":[{"selector":{"controlType":"sap.m.Text","properties":{"text":"Existing values with the same start date!"},"searchOpenDialogs":true},"wdio_ui5_key":"sapm.Text{\"text\":\"Existing values with the same start date!\"}"}]}
RESULT: undefined
COMMAND: POST /session/c3dee66b982ead26e192d725bf527560/execute/async - {"script":"<script> [6424 bytes]","args":[{"element-6066-11e4-a52e-4f735466cecf":"f.9584C2A83669DBF8B89C459AF83A9E36.d.4CA11ABE16DB6C5341C687BEF1500471.e.2055"},"getText",[]]}
RESULT: {"script":"<script> [6424 bytes]","args":[{"element-6066-11e4-a52e-4f735466cecf":"f.9584C2A83669DBF8B89C459AF83A9E36.d.4CA11ABE16DB6C5341C687BEF1500471.e.2055"},"getText",[]]}
COMMAND: POST /session/c3dee66b982ead26e192d725bf527560/execute/async - {"script":"<script> [1562 bytes]","args":[{"selector":{"controlType":"sap.m.Button","properties":{"text":"OK"},"searchOpenDialogs":true,"interaction":{"idSuffix":"BDI-content"}},"wdio_ui5_key":"sapm.Button{\"text\":\"OK\"}"}]}
RESULT: {"script":"<script> [1562 bytes]","args":[{"selector":{"controlType":"sap.m.Button","properties":{"text":"OK"},"searchOpenDialogs":true,"interaction":{"idSuffix":"BDI-content"}},"wdio_ui5_key":"sapm.Button{\"text\":\"OK\"}"}]}
RESULT: undefined
COMMAND: POST /session/c3dee66b982ead26e192d725bf527560/element - {"using":"xpath","value":"//*[@id=\"__mbox-btn-0\"]"}
RESULT: {"using":"xpath","value":"//*[@id=\"__mbox-btn-0\"]"}
COMMAND: POST /session/c3dee66b982ead26e192d725bf527560/element/f.9584C2A83669DBF8B89C459AF83A9E36.d.4CA11ABE16DB6C5341C687BEF1500471.e.2051/click - {}
RESULT: {}
COMMAND: POST /session/c3dee66b982ead26e192d725bf527560/execute/async - {"script":"<script> [1562 bytes]","args":[{"selector":{"controlType":"sap.m.DatePicker","viewName":"etm.portal.ui.managecatalogs.view.Detail","viewId":"application-managecatalogs-display-component---detailCatalog","bindingPath":{"propertyPath":"VALID_TO","modelName":"catalogModel"},"interaction":{"idSuffix":"inner"}},"wdio_ui5_key":"etmportal.ui.managecatalogs.view.Detailsap.m.DatePicker{\"propertyPath\":\"VALID_TO\",\"modelName\":\"catalogModel\"}"}]}
COMMAND: GET /session/c3dee66b982ead26e192d725bf527560/screenshot - {}
RESULT: {"script":"<script> [1562 bytes]","args":[{"selector":{"controlType":"sap.m.DatePicker","viewName":"etm.portal.ui.managecatalogs.view.Detail","viewId":"application-managecatalogs-display-component---detailCatalog","bindingPath":{"propertyPath":"VALID_TO","modelName":"catalogModel"},"interaction":{"idSuffix":"inner"}},"wdio_ui5_key":"etmportal.ui.managecatalogs.view.Detailsap.m.DatePicker{\"propertyPath\":\"VALID_TO\",\"modelName\":\"catalogModel\"}"}]}
RESULT: undefined
COMMAND: POST /session/c3dee66b982ead26e192d725bf527560/execute/async - {"script":"<script> [776 bytes]","args":[{"enterText":"05/30/25","selector":{"controlType":"sap.m.DatePicker","viewName":"etm.portal.ui.managecatalogs.view.Detail","viewId":"application-managecatalogs-display-component---detailCatalog","bindingPath":{"propertyPath":"VALID_TO","modelName":"catalogModel"},"interaction":{"idSuffix":"inner"}},"clearTextFirst":true,"interactionType":"ENTER_TEXT"}]}
RESULT: {}
RESULT: {"script":"<script> [776 bytes]","args":[{"enterText":"05/30/25","selector":{"controlType":"sap.m.DatePicker","viewName":"etm.portal.ui.managecatalogs.view.Detail","viewId":"application-managecatalogs-display-component---detailCatalog","bindingPath":{"propertyPath":"VALID_TO","modelName":"catalogModel"},"interaction":{"idSuffix":"inner"}},"clearTextFirst":true,"interactionType":"ENTER_TEXT"}]}
COMMAND: POST /session/c3dee66b982ead26e192d725bf527560/element - {"using":"xpath","value":"(//input[contains(@id ,\"-application-managecatalogs-display-component---detailCatalog--ValuesTable-0-inner\")])[7]"}
RESULT: {"using":"xpath","value":"(//input[contains(@id ,\"-application-managecatalogs-display-component---detailCatalog--ValuesTable-0-inner\")])[7]"}
COMMAND: POST /session/c3dee66b982ead26e192d725bf527560/element/f.9584C2A83669DBF8B89C459AF83A9E36.d.4CA11ABE16DB6C5341C687BEF1500471.e.2021/clear - {}
RESULT: {}
COMMAND: POST /session/c3dee66b982ead26e192d725bf527560/element/f.9584C2A83669DBF8B89C459AF83A9E36.d.4CA11ABE16DB6C5341C687BEF1500471.e.2021/value - {"text":"05/30/25"}
COMMAND: GET /session/c3dee66b982ead26e192d725bf527560/screenshot - {}
RESULT: {"text":"05/30/25"}
COMMAND: POST /session/c3dee66b982ead26e192d725bf527560/element - {"using":"xpath","value":"(//input[contains(@id ,\"application-managecatalogs-display-component---detailCatalog--ValuesTable-1-inner\")])[6]"}
COMMAND: GET /session/c3dee66b982ead26e192d725bf527560/screenshot - {}
RESULT: {}
RESULT: {"using":"xpath","value":"(//input[contains(@id ,\"application-managecatalogs-display-component---detailCatalog--ValuesTable-1-inner\")])[6]"}
COMMAND: POST /session/c3dee66b982ead26e192d725bf527560/element/f.9584C2A83669DBF8B89C459AF83A9E36.d.4CA11ABE16DB6C5341C687BEF1500471.e.2044/clear - {}
RESULT: {}
RESULT: {}
COMMAND: POST /session/c3dee66b982ead26e192d725bf527560/element/f.9584C2A83669DBF8B89C459AF83A9E36.d.4CA11ABE16DB6C5341C687BEF1500471.e.2044/value - {"text":"05/31/25"}
COMMAND: GET /session/c3dee66b982ead26e192d725bf527560/screenshot - {}
RESULT: {"text":"05/31/25"}
COMMAND: POST /session/c3dee66b982ead26e192d725bf527560/element - {"using":"xpath","value":"//bdi[contains(text(), \"Save\")]"}
COMMAND: GET /session/c3dee66b982ead26e192d725bf527560/screenshot - {}
RESULT: {}
RESULT: {"using":"xpath","value":"//bdi[contains(text(), \"Save\")]"}
COMMAND: POST /session/c3dee66b982ead26e192d725bf527560/element/f.9584C2A83669DBF8B89C459AF83A9E36.d.4CA11ABE16DB6C5341C687BEF1500471.e.2050/click - {}
RESULT: {}
RESULT: {}
COMMAND: POST /session/c3dee66b982ead26e192d725bf527560/execute/async - {"script":"<script> [1562 bytes]","args":[{"selector":{"controlType":"sap.m.Title","properties":{"text":"Warning"},"searchOpenDialogs":true},"wdio_ui5_key":"sapm.Title{\"text\":\"Warning\"}"}]}
COMMAND: GET /session/c3dee66b982ead26e192d725bf527560/screenshot - {}
RESULT: {"script":"<script> [1562 bytes]","args":[{"selector":{"controlType":"sap.m.Title","properties":{"text":"Warning"},"searchOpenDialogs":true},"wdio_ui5_key":"sapm.Title{\"text\":\"Warning\"}"}]}
RESULT: undefined
COMMAND: POST /session/c3dee66b982ead26e192d725bf527560/execute/async - {"script":"<script> [6424 bytes]","args":[{"element-6066-11e4-a52e-4f735466cecf":"f.9584C2A83669DBF8B89C459AF83A9E36.d.4CA11ABE16DB6C5341C687BEF1500471.e.2062"},"getText",[]]}
RESULT: {}
RESULT: {"script":"<script> [6424 bytes]","args":[{"element-6066-11e4-a52e-4f735466cecf":"f.9584C2A83669DBF8B89C459AF83A9E36.d.4CA11ABE16DB6C5341C687BEF1500471.e.2062"},"getText",[]]}
COMMAND: POST /session/c3dee66b982ead26e192d725bf527560/execute/async - {"script":"<script> [1562 bytes]","args":[{"selector":{"controlType":"sap.m.Button","properties":{"text":"Yes"},"searchOpenDialogs":true,"interaction":{"idSuffix":"BDI-content"}},"wdio_ui5_key":"sapm.Button{\"text\":\"Yes\"}"}]}
RESULT: {"script":"<script> [1562 bytes]","args":[{"selector":{"controlType":"sap.m.Button","properties":{"text":"Yes"},"searchOpenDialogs":true,"interaction":{"idSuffix":"BDI-content"}},"wdio_ui5_key":"sapm.Button{\"text\":\"Yes\"}"}]}
RESULT: undefined
COMMAND: POST /session/c3dee66b982ead26e192d725bf527560/element - {"using":"xpath","value":"//*[@id=\"__mbox-btn-1\"]"}
RESULT: {"using":"xpath","value":"//*[@id=\"__mbox-btn-1\"]"}
COMMAND: POST /session/c3dee66b982ead26e192d725bf527560/element/f.9584C2A83669DBF8B89C459AF83A9E36.d.4CA11ABE16DB6C5341C687BEF1500471.e.2059/click - {}
RESULT: {}
COMMAND: GET /session/c3dee66b982ead26e192d725bf527560/screenshot - {}
RESULT: {}
COMMAND: POST /session/c3dee66b982ead26e192d725bf527560/refresh - {}
RESULT: {}
COMMAND: GET /session/c3dee66b982ead26e192d725bf527560/screenshot - {}
RESULT: {}
COMMAND: POST /session/c3dee66b982ead26e192d725bf527560/execute/async - {"script":"<script> [189 bytes]","args":[]}
RESULT: {"script":"<script> [189 bytes]","args":[]}
COMMAND: POST /session/c3dee66b982ead26e192d725bf527560/execute/async - {"script":"<script> [123 bytes]","args":[]}
RESULT: {"script":"<script> [123 bytes]","args":[]}
COMMAND: POST /session/c3dee66b982ead26e192d725bf527560/timeouts - {"script":"<number>"}
RESULT: {"script":"<number>"}
COMMAND: GET /session/c3dee66b982ead26e192d725bf527560/timeouts - {}
RESULT: {}
RESULT: undefined
COMMAND: POST /session/c3dee66b982ead26e192d725bf527560/execute/async - {"script":"<script> [2676 bytes]","args":[]}
RESULT: {"script":"<script> [2676 bytes]","args":[]}
COMMAND: POST /session/c3dee66b982ead26e192d725bf527560/execute/async - {"script":"<script> [2342 bytes]","args":[{"protocol":"http","hostname":"0.0.0.0","path":"/","capabilities":{"browserName":"chrome","goog:chromeOptions":{"binary":"C:\\Program Files\\Google\\Chrome\\Application\\chrome.exe","args":["--start-maximized"]}},"logLevel":"warn","connectionRetryTimeout":120000,"connectionRetryCount":3,"logLevels":{},"enableDirectConnect":true,"strictSSL":true,"_":"65 more keys: [\"cacheDir\",\"port\",\"requestedCapabilities\",\"automationProtocol\",\"baseUrl\",\"waitforInterval\",\"waitforTimeout\",\"onReload\",\"beforeCommand\",\"afterCommand\",\"rootDir\",\"specs\",\"suites\",\"exclude\",\"groupLogsByTestSpec\",\"excludeDriverLogs\",\"bail\",\"framework\",\"reporters\",\"services\",\"maxInstances\",\"maxInstancesPerCapability\",\"injectGlobals\",\"filesToWatch\",\"execArgv\",\"runnerEnv\",\"runner\",\"shard\",\"specFileRetries\",\"specFileRetriesDelay\",\"specFileRetriesDeferred\",\"reporterSyncInterval\",\"reporterSyncTimeout\",\"cucumberFeaturesWithLineNumbers\",\"autoCompileOpts\",\"mochaOpts\",\"jasmineOpts\",\"cucumberOpts\",\"onPrepare\",\"onWorkerStart\",\"onWorkerEnd\",\"before\",\"beforeSession\",\"beforeSuite\",\"beforeHook\",\"beforeTest\",\"afterTest\",\"afterHook\",\"afterSuite\",\"afterSession\",\"after\",\"onComplete\",\"beforeAssertion\",\"afterAssertion\",\"beforeFeature\",\"beforeScenario\",\"beforeStep\",\"afterStep\",\"afterScenario\",\"afterFeature\",\"_\",\"suite\",\"$0\",\"ignoredWorkerServices\",\"wdi5\"]"}]}
RESULT: {"script":"<script> [2342 bytes]","args":[{"protocol":"http","hostname":"0.0.0.0","path":"/","capabilities":{"browserName":"chrome","goog:chromeOptions":{"binary":"C:\\Program Files\\Google\\Chrome\\Application\\chrome.exe","args":["--start-maximized"]}},"logLevel":"warn","connectionRetryTimeout":120000,"connectionRetryCount":3,"logLevels":{},"enableDirectConnect":true,"strictSSL":true,"_":"65 more keys: [\"cacheDir\",\"port\",\"requestedCapabilities\",\"automationProtocol\",\"baseUrl\",\"waitforInterval\",\"waitforTimeout\",\"onReload\",\"beforeCommand\",\"afterCommand\",\"rootDir\",\"specs\",\"suites\",\"exclude\",\"groupLogsByTestSpec\",\"excludeDriverLogs\",\"bail\",\"framework\",\"reporters\",\"services\",\"maxInstances\",\"maxInstancesPerCapability\",\"injectGlobals\",\"filesToWatch\",\"execArgv\",\"runnerEnv\",\"runner\",\"shard\",\"specFileRetries\",\"specFileRetriesDelay\",\"specFileRetriesDeferred\",\"reporterSyncInterval\",\"reporterSyncTimeout\",\"cucumberFeaturesWithLineNumbers\",\"autoCompileOpts\",\"mochaOpts\",\"jasmineOpts\",\"cucumberOpts\",\"onPrepare\",\"onWorkerStart\",\"onWorkerEnd\",\"before\",\"beforeSession\",\"beforeSuite\",\"beforeHook\",\"beforeTest\",\"afterTest\",\"afterHook\",\"afterSuite\",\"afterSession\",\"after\",\"onComplete\",\"beforeAssertion\",\"afterAssertion\",\"beforeFeature\",\"beforeScenario\",\"beforeStep\",\"afterStep\",\"afterScenario\",\"afterFeature\",\"_\",\"suite\",\"$0\",\"ignoredWorkerServices\",\"wdi5\"]"}]}
COMMAND: POST /session/c3dee66b982ead26e192d725bf527560/execute/async - {"script":"<script> [21126 bytes]","args":[35000]}
RESULT: {"script":"<script> [21126 bytes]","args":[35000]}
COMMAND: POST /session/c3dee66b982ead26e192d725bf527560/execute/async - {"script":"<script> [1562 bytes]","args":[{"selector":{"id":"application-managecatalogs-display-component---detailCatalog--ValuesSmartTable-header"},"wdio_ui5_key":"applicationmanagecatalogs-display-component---detailCatalog--ValuesSmartTable-header"}]}
RESULT: {"script":"<script> [1562 bytes]","args":[{"selector":{"id":"application-managecatalogs-display-component---detailCatalog--ValuesSmartTable-header"},"wdio_ui5_key":"applicationmanagecatalogs-display-component---detailCatalog--ValuesSmartTable-header"}]}
RESULT: undefined
COMMAND: POST /session/c3dee66b982ead26e192d725bf527560/execute/async - {"script":"<script> [6424 bytes]","args":[{"element-6066-11e4-a52e-4f735466cecf":"f.9584C2A83669DBF8B89C459AF83A9E36.d.46DA6888DD0EC56349167276B55885BA.e.2142"},"getText",[]]}
RESULT: {"script":"<script> [6424 bytes]","args":[{"element-6066-11e4-a52e-4f735466cecf":"f.9584C2A83669DBF8B89C459AF83A9E36.d.46DA6888DD0EC56349167276B55885BA.e.2142"},"getText",[]]}
COMMAND: POST /session/c3dee66b982ead26e192d725bf527560/execute/async - {"script":"<script> [1562 bytes]","args":[{"selector":{"controlType":"sap.m.Button","viewName":"etm.portal.ui.managecatalogs.view.Detail","viewId":"application-managecatalogs-display-component---detailCatalog","i18NText":{"propertyName":"text","key":"edit"},"interaction":{"idSuffix":"BDI-content"}},"wdio_ui5_key":"etmportal.ui.managecatalogs.view.Detailsap.m.Button{\"propertyName\":\"text\",\"key\":\"edit\"}"}]}
RESULT: {"script":"<script> [1562 bytes]","args":[{"selector":{"controlType":"sap.m.Button","viewName":"etm.portal.ui.managecatalogs.view.Detail","viewId":"application-managecatalogs-display-component---detailCatalog","i18NText":{"propertyName":"text","key":"edit"},"interaction":{"idSuffix":"BDI-content"}},"wdio_ui5_key":"etmportal.ui.managecatalogs.view.Detailsap.m.Button{\"propertyName\":\"text\",\"key\":\"edit\"}"}]}
RESULT: undefined
COMMAND: POST /session/c3dee66b982ead26e192d725bf527560/element - {"using":"xpath","value":"//*[@id=\"__button25\"]"}
RESULT: {"using":"xpath","value":"//*[@id=\"__button25\"]"}
COMMAND: POST /session/c3dee66b982ead26e192d725bf527560/element/f.9584C2A83669DBF8B89C459AF83A9E36.d.46DA6888DD0EC56349167276B55885BA.e.2144/click - {}
RESULT: {}
COMMAND: POST /session/c3dee66b982ead26e192d725bf527560/execute/async - {"script":"<script> [1562 bytes]","args":[{"selector":{"id":"application-managecatalogs-display-component---detailCatalog--ObjectPageLayout-anchBar-application-managecatalogs-display-component---detailCatalog--sectionValues-anchor","interaction":{"idSuffix":"BDI-content"}},"wdio_ui5_key":"applicationmanagecatalogs-display-component---detailCatalog--ObjectPageLayout-anchBar-application-managecatalogs-display-component---detailCatalog--sectionValues-anchor"}]}
COMMAND: GET /session/c3dee66b982ead26e192d725bf527560/screenshot - {}
RESULT: {"script":"<script> [1562 bytes]","args":[{"selector":{"id":"application-managecatalogs-display-component---detailCatalog--ObjectPageLayout-anchBar-application-managecatalogs-display-component---detailCatalog--sectionValues-anchor","interaction":{"idSuffix":"BDI-content"}},"wdio_ui5_key":"applicationmanagecatalogs-display-component---detailCatalog--ObjectPageLayout-anchBar-application-managecatalogs-display-component---detailCatalog--sectionValues-anchor"}]}
RESULT: undefined
COMMAND: POST /session/c3dee66b982ead26e192d725bf527560/element - {"using":"xpath","value":"//*[@id=\"application-managecatalogs-display-component---detailCatalog--ObjectPageLayout-anchBar-application-managecatalogs-display-component---detailCatalog--sectionValues-anchor\"]"}
RESULT: {}
RESULT: {"using":"xpath","value":"//*[@id=\"application-managecatalogs-display-component---detailCatalog--ObjectPageLayout-anchBar-application-managecatalogs-display-component---detailCatalog--sectionValues-anchor\"]"}
COMMAND: POST /session/c3dee66b982ead26e192d725bf527560/element/f.9584C2A83669DBF8B89C459AF83A9E36.d.46DA6888DD0EC56349167276B55885BA.e.2186/click - {}
RESULT: {}
COMMAND: GET /session/c3dee66b982ead26e192d725bf527560/screenshot - {}
RESULT: {}
COMMAND: POST /session/c3dee66b982ead26e192d725bf527560/execute/async - {"script":"<script> [1562 bytes]","args":[{"selector":{"id":"application-managecatalogs-display-component---detailCatalog--ValuesTable-sa","interaction":{"idSuffix":"CbBg"}},"wdio_ui5_key":"applicationmanagecatalogs-display-component---detailCatalog--ValuesTable-sa"}]}
RESULT: {"script":"<script> [1562 bytes]","args":[{"selector":{"id":"application-managecatalogs-display-component---detailCatalog--ValuesTable-sa","interaction":{"idSuffix":"CbBg"}},"wdio_ui5_key":"applicationmanagecatalogs-display-component---detailCatalog--ValuesTable-sa"}]}
RESULT: undefined
COMMAND: POST /session/c3dee66b982ead26e192d725bf527560/element - {"using":"xpath","value":"//*[@id=\"application-managecatalogs-display-component---detailCatalog--ValuesTable-sa\"]"}
RESULT: {"using":"xpath","value":"//*[@id=\"application-managecatalogs-display-component---detailCatalog--ValuesTable-sa\"]"}
COMMAND: POST /session/c3dee66b982ead26e192d725bf527560/element/f.9584C2A83669DBF8B89C459AF83A9E36.d.46DA6888DD0EC56349167276B55885BA.e.2192/click - {}
RESULT: {}
COMMAND: POST /session/c3dee66b982ead26e192d725bf527560/execute/async - {"script":"<script> [1562 bytes]","args":[{"selector":{"controlType":"sap.ui.core.Icon","viewName":"etm.portal.ui.managecatalogs.view.Detail","viewId":"application-managecatalogs-display-component---detailCatalog","properties":{"src":{"regex":{"source":"delete"}}},"ancestor":{"id":"application-managecatalogs-display-component---detailCatalog--ValuesTable"}},"wdio_ui5_key":"etmportal.ui.managecatalogs.view.Detailsap.ui.core.Icon{\"src\":{\"regex\":{\"source\":\"delete\"}}}{\"id\":\"application-managecatalogs-display-component---detailCatalog--ValuesTable\"}"}]}
COMMAND: GET /session/c3dee66b982ead26e192d725bf527560/screenshot - {}
RESULT: {"script":"<script> [1562 bytes]","args":[{"selector":{"controlType":"sap.ui.core.Icon","viewName":"etm.portal.ui.managecatalogs.view.Detail","viewId":"application-managecatalogs-display-component---detailCatalog","properties":{"src":{"regex":{"source":"delete"}}},"ancestor":{"id":"application-managecatalogs-display-component---detailCatalog--ValuesTable"}},"wdio_ui5_key":"etmportal.ui.managecatalogs.view.Detailsap.ui.core.Icon{\"src\":{\"regex\":{\"source\":\"delete\"}}}{\"id\":\"application-managecatalogs-display-component---detailCatalog--ValuesTable\"}"}]}
RESULT: undefined
COMMAND: POST /session/c3dee66b982ead26e192d725bf527560/element - {"using":"xpath","value":"//*[@id=\"__button36-img\"]"}
RESULT: {}
RESULT: {"using":"xpath","value":"//*[@id=\"__button36-img\"]"}
COMMAND: POST /session/c3dee66b982ead26e192d725bf527560/element/f.9584C2A83669DBF8B89C459AF83A9E36.d.46DA6888DD0EC56349167276B55885BA.e.2193/click - {}
RESULT: {}
COMMAND: POST /session/c3dee66b982ead26e192d725bf527560/execute/async - {"script":"<script> [1562 bytes]","args":[{"selector":{"controlType":"sap.m.Button","properties":{"text":"Yes"},"searchOpenDialogs":true,"interaction":{"idSuffix":"BDI-content"}},"wdio_ui5_key":"sapm.Button{\"text\":\"Yes\"}"}]}
COMMAND: GET /session/c3dee66b982ead26e192d725bf527560/screenshot - {}
RESULT: {"script":"<script> [1562 bytes]","args":[{"selector":{"controlType":"sap.m.Button","properties":{"text":"Yes"},"searchOpenDialogs":true,"interaction":{"idSuffix":"BDI-content"}},"wdio_ui5_key":"sapm.Button{\"text\":\"Yes\"}"}]}
RESULT: undefined
COMMAND: POST /session/c3dee66b982ead26e192d725bf527560/element - {"using":"xpath","value":"//*[@id=\"__mbox-btn-0\"]"}
RESULT: {}
RESULT: {"using":"xpath","value":"//*[@id=\"__mbox-btn-0\"]"}
COMMAND: POST /session/c3dee66b982ead26e192d725bf527560/element/f.9584C2A83669DBF8B89C459AF83A9E36.d.46DA6888DD0EC56349167276B55885BA.e.2195/click - {}
RESULT: {}
COMMAND: GET /session/c3dee66b982ead26e192d725bf527560/screenshot - {}
RESULT: {}
COMMAND: POST /session/c3dee66b982ead26e192d725bf527560/execute/async - {"script":"<script> [1562 bytes]","args":[{"selector":{"controlType":"sap.m.Button","viewName":"etm.portal.ui.managecatalogs.view.Detail","viewId":"application-managecatalogs-display-component---detailCatalog","i18NText":{"propertyName":"text","key":"save"},"interaction":{"idSuffix":"BDI-content"}},"wdio_ui5_key":"etmportal.ui.managecatalogs.view.Detailsap.m.Button{\"propertyName\":\"text\",\"key\":\"save\"}"}]}
RESULT: {"script":"<script> [1562 bytes]","args":[{"selector":{"controlType":"sap.m.Button","viewName":"etm.portal.ui.managecatalogs.view.Detail","viewId":"application-managecatalogs-display-component---detailCatalog","i18NText":{"propertyName":"text","key":"save"},"interaction":{"idSuffix":"BDI-content"}},"wdio_ui5_key":"etmportal.ui.managecatalogs.view.Detailsap.m.Button{\"propertyName\":\"text\",\"key\":\"save\"}"}]}
RESULT: undefined
COMMAND: POST /session/c3dee66b982ead26e192d725bf527560/element - {"using":"xpath","value":"//*[@id=\"__button43\"]"}
RESULT: {"using":"xpath","value":"//*[@id=\"__button43\"]"}
COMMAND: POST /session/c3dee66b982ead26e192d725bf527560/element/f.9584C2A83669DBF8B89C459AF83A9E36.d.46DA6888DD0EC56349167276B55885BA.e.2200/click - {}
RESULT: {}
COMMAND: GET /session/c3dee66b982ead26e192d725bf527560/screenshot - {}
RESULT: {}
RESULT: undefined
COMMAND: POST /session/c3dee66b982ead26e192d725bf527560/element - {"using":"xpath","value":"//*[@id=\"__button25\"]"}
RESULT: {"using":"xpath","value":"//*[@id=\"__button25\"]"}
COMMAND: POST /session/c3dee66b982ead26e192d725bf527560/element/f.9584C2A83669DBF8B89C459AF83A9E36.d.46DA6888DD0EC56349167276B55885BA.e.2202/click - {}
RESULT: {}
COMMAND: GET /session/c3dee66b982ead26e192d725bf527560/screenshot - {}
RESULT: {}
RESULT: undefined
COMMAND: POST /session/c3dee66b982ead26e192d725bf527560/element - {"using":"xpath","value":"//*[@id=\"application-managecatalogs-display-component---detailCatalog--ObjectPageLayout-anchBar-application-managecatalogs-display-component---detailCatalog--sectionValues-anchor\"]"}
RESULT: {"using":"xpath","value":"//*[@id=\"application-managecatalogs-display-component---detailCatalog--ObjectPageLayout-anchBar-application-managecatalogs-display-component---detailCatalog--sectionValues-anchor\"]"}
COMMAND: POST /session/c3dee66b982ead26e192d725bf527560/element/f.9584C2A83669DBF8B89C459AF83A9E36.d.46DA6888DD0EC56349167276B55885BA.e.2231/click - {}
RESULT: {}
COMMAND: GET /session/c3dee66b982ead26e192d725bf527560/screenshot - {}
RESULT: {}
COMMAND: POST /session/c3dee66b982ead26e192d725bf527560/execute/async - {"script":"<script> [1562 bytes]","args":[{"selector":{"controlType":"sap.ui.core.Icon","viewName":"etm.portal.ui.managecatalogs.view.Detail","viewId":"application-managecatalogs-display-component---detailCatalog","properties":{"src":{"regex":{"source":"add"}}},"ancestor":{"id":"application-managecatalogs-display-component---detailCatalog--ValuesTable"}},"wdio_ui5_key":"etmportal.ui.managecatalogs.view.Detailsap.ui.core.Icon{\"src\":{\"regex\":{\"source\":\"add\"}}}{\"id\":\"application-managecatalogs-display-component---detailCatalog--ValuesTable\"}"}]}
RESULT: {"script":"<script> [1562 bytes]","args":[{"selector":{"controlType":"sap.ui.core.Icon","viewName":"etm.portal.ui.managecatalogs.view.Detail","viewId":"application-managecatalogs-display-component---detailCatalog","properties":{"src":{"regex":{"source":"add"}}},"ancestor":{"id":"application-managecatalogs-display-component---detailCatalog--ValuesTable"}},"wdio_ui5_key":"etmportal.ui.managecatalogs.view.Detailsap.ui.core.Icon{\"src\":{\"regex\":{\"source\":\"add\"}}}{\"id\":\"application-managecatalogs-display-component---detailCatalog--ValuesTable\"}"}]}
RESULT: undefined
COMMAND: POST /session/c3dee66b982ead26e192d725bf527560/element - {"using":"xpath","value":"//*[@id=\"__button37-img\"]"}
RESULT: {"using":"xpath","value":"//*[@id=\"__button37-img\"]"}
COMMAND: POST /session/c3dee66b982ead26e192d725bf527560/element/f.9584C2A83669DBF8B89C459AF83A9E36.d.46DA6888DD0EC56349167276B55885BA.e.2232/click - {}
RESULT: {}
RESULT: undefined
COMMAND: POST /session/c3dee66b982ead26e192d725bf527560/element - {"using":"xpath","value":"//*[@id=\"__button37-img\"]"}
COMMAND: GET /session/c3dee66b982ead26e192d725bf527560/screenshot - {}
RESULT: {"using":"xpath","value":"//*[@id=\"__button37-img\"]"}
COMMAND: POST /session/c3dee66b982ead26e192d725bf527560/element/f.9584C2A83669DBF8B89C459AF83A9E36.d.46DA6888DD0EC56349167276B55885BA.e.2232/click - {}
RESULT: {}
RESULT: {}
COMMAND: POST /session/c3dee66b982ead26e192d725bf527560/element - {"using":"xpath","value":"(//input[contains(@id ,\"application-managecatalogs-display-component---detailCatalog--ValuesTable-0-inner\")])[1]"}
COMMAND: GET /session/c3dee66b982ead26e192d725bf527560/screenshot - {}
RESULT: {"using":"xpath","value":"(//input[contains(@id ,\"application-managecatalogs-display-component---detailCatalog--ValuesTable-0-inner\")])[1]"}
COMMAND: POST /session/c3dee66b982ead26e192d725bf527560/element/f.9584C2A83669DBF8B89C459AF83A9E36.d.46DA6888DD0EC56349167276B55885BA.e.2235/clear - {}
RESULT: {}
RESULT: {}
COMMAND: POST /session/c3dee66b982ead26e192d725bf527560/element/f.9584C2A83669DBF8B89C459AF83A9E36.d.46DA6888DD0EC56349167276B55885BA.e.2235/value - {"text":"D&I catalog price"}
COMMAND: GET /session/c3dee66b982ead26e192d725bf527560/screenshot - {}
RESULT: {"text":"D&I catalog price"}
COMMAND: GET /session/c3dee66b982ead26e192d725bf527560/screenshot - {}
RESULT: {}
RESULT: {}
COMMAND: POST /session/c3dee66b982ead26e192d725bf527560/actions - {"actions":[{"id":"action12","type":"key","parameters":{},"actions":[{"type":"keyDown","value":""},{"type":"pause","duration":10},{"type":"keyUp","value":""}]}]}
RESULT: {"actions":[{"id":"action12","type":"key","parameters":{},"actions":[{"type":"keyDown","value":""},{"type":"pause","duration":10},{"type":"keyUp","value":""}]}]}
COMMAND: POST /session/c3dee66b982ead26e192d725bf527560/element - {"using":"xpath","value":"(//input[contains(@id ,\"application-managecatalogs-display-component---detailCatalog--ValuesTable-1-inner\")])[1]"}
COMMAND: GET /session/c3dee66b982ead26e192d725bf527560/screenshot - {}
RESULT: {"using":"xpath","value":"(//input[contains(@id ,\"application-managecatalogs-display-component---detailCatalog--ValuesTable-1-inner\")])[1]"}
COMMAND: POST /session/c3dee66b982ead26e192d725bf527560/element/f.9584C2A83669DBF8B89C459AF83A9E36.d.46DA6888DD0EC56349167276B55885BA.e.2249/clear - {}
RESULT: {}
RESULT: {}
COMMAND: POST /session/c3dee66b982ead26e192d725bf527560/element/f.9584C2A83669DBF8B89C459AF83A9E36.d.46DA6888DD0EC56349167276B55885BA.e.2249/value - {"text":"D&I catalog price"}
COMMAND: GET /session/c3dee66b982ead26e192d725bf527560/screenshot - {}
RESULT: {"text":"D&I catalog price"}
COMMAND: GET /session/c3dee66b982ead26e192d725bf527560/screenshot - {}
RESULT: {}
RESULT: {}
COMMAND: POST /session/c3dee66b982ead26e192d725bf527560/actions - {"actions":[{"id":"action13","type":"key","parameters":{},"actions":[{"type":"keyDown","value":""},{"type":"pause","duration":10},{"type":"keyUp","value":""}]}]}
RESULT: {"actions":[{"id":"action13","type":"key","parameters":{},"actions":[{"type":"keyDown","value":""},{"type":"pause","duration":10},{"type":"keyUp","value":""}]}]}
COMMAND: POST /session/c3dee66b982ead26e192d725bf527560/element - {"using":"xpath","value":"(//input[contains(@id ,\"application-managecatalogs-display-component---detailCatalog--ValuesTable-0-inner\")])[8]"}
COMMAND: GET /session/c3dee66b982ead26e192d725bf527560/screenshot - {}
RESULT: {"using":"xpath","value":"(//input[contains(@id ,\"application-managecatalogs-display-component---detailCatalog--ValuesTable-0-inner\")])[8]"}
COMMAND: POST /session/c3dee66b982ead26e192d725bf527560/element/f.9584C2A83669DBF8B89C459AF83A9E36.d.46DA6888DD0EC56349167276B55885BA.e.2242/clear - {}
RESULT: {}
RESULT: {}
COMMAND: POST /session/c3dee66b982ead26e192d725bf527560/element/f.9584C2A83669DBF8B89C459AF83A9E36.d.46DA6888DD0EC56349167276B55885BA.e.2242/value - {"text":"101"}
COMMAND: GET /session/c3dee66b982ead26e192d725bf527560/screenshot - {}
RESULT: {"text":"101"}
COMMAND: GET /session/c3dee66b982ead26e192d725bf527560/screenshot - {}
RESULT: {}
RESULT: {}
COMMAND: POST /session/c3dee66b982ead26e192d725bf527560/actions - {"actions":[{"id":"action14","type":"key","parameters":{},"actions":[{"type":"keyDown","value":""},{"type":"pause","duration":10},{"type":"keyUp","value":""}]}]}
RESULT: {"actions":[{"id":"action14","type":"key","parameters":{},"actions":[{"type":"keyDown","value":""},{"type":"pause","duration":10},{"type":"keyUp","value":""}]}]}
COMMAND: POST /session/c3dee66b982ead26e192d725bf527560/element - {"using":"xpath","value":"(//input[contains(@id ,\"application-managecatalogs-display-component---detailCatalog--ValuesTable-1-inner\")])[8]"}
COMMAND: GET /session/c3dee66b982ead26e192d725bf527560/screenshot - {}
RESULT: {"using":"xpath","value":"(//input[contains(@id ,\"application-managecatalogs-display-component---detailCatalog--ValuesTable-1-inner\")])[8]"}
COMMAND: POST /session/c3dee66b982ead26e192d725bf527560/element/f.9584C2A83669DBF8B89C459AF83A9E36.d.46DA6888DD0EC56349167276B55885BA.e.2256/clear - {}
RESULT: {}
RESULT: {}
COMMAND: POST /session/c3dee66b982ead26e192d725bf527560/element/f.9584C2A83669DBF8B89C459AF83A9E36.d.46DA6888DD0EC56349167276B55885BA.e.2256/value - {"text":"101"}
COMMAND: GET /session/c3dee66b982ead26e192d725bf527560/screenshot - {}
RESULT: {"text":"101"}
COMMAND: GET /session/c3dee66b982ead26e192d725bf527560/screenshot - {}
RESULT: {}
RESULT: {}
COMMAND: POST /session/c3dee66b982ead26e192d725bf527560/actions - {"actions":[{"id":"action15","type":"key","parameters":{},"actions":[{"type":"keyDown","value":""},{"type":"pause","duration":10},{"type":"keyUp","value":""}]}]}
RESULT: {"actions":[{"id":"action15","type":"key","parameters":{},"actions":[{"type":"keyDown","value":""},{"type":"pause","duration":10},{"type":"keyUp","value":""}]}]}
RESULT: undefined
COMMAND: POST /session/c3dee66b982ead26e192d725bf527560/element - {"using":"xpath","value":"//*[@id=\"__button43\"]"}
COMMAND: GET /session/c3dee66b982ead26e192d725bf527560/screenshot - {}
RESULT: {"using":"xpath","value":"//*[@id=\"__button43\"]"}
COMMAND: POST /session/c3dee66b982ead26e192d725bf527560/element/f.9584C2A83669DBF8B89C459AF83A9E36.d.46DA6888DD0EC56349167276B55885BA.e.2222/click - {}
RESULT: {}
RESULT: {}
COMMAND: GET /session/c3dee66b982ead26e192d725bf527560/screenshot - {}
RESULT: {}
COMMAND: POST /session/c3dee66b982ead26e192d725bf527560/execute/async - {"script":"<script> [1562 bytes]","args":[{"selector":{"controlType":"sap.m.Text","properties":{"text":"Existing values with the same start date!"},"searchOpenDialogs":true},"wdio_ui5_key":"sapm.Text{\"text\":\"Existing values with the same start date!\"}"}]}
RESULT: {"script":"<script> [1562 bytes]","args":[{"selector":{"controlType":"sap.m.Text","properties":{"text":"Existing values with the same start date!"},"searchOpenDialogs":true},"wdio_ui5_key":"sapm.Text{\"text\":\"Existing values with the same start date!\"}"}]}
RESULT: undefined
COMMAND: POST /session/c3dee66b982ead26e192d725bf527560/execute/async - {"script":"<script> [6424 bytes]","args":[{"element-6066-11e4-a52e-4f735466cecf":"f.9584C2A83669DBF8B89C459AF83A9E36.d.46DA6888DD0EC56349167276B55885BA.e.2284"},"getText",[]]}
RESULT: {"script":"<script> [6424 bytes]","args":[{"element-6066-11e4-a52e-4f735466cecf":"f.9584C2A83669DBF8B89C459AF83A9E36.d.46DA6888DD0EC56349167276B55885BA.e.2284"},"getText",[]]}
COMMAND: POST /session/c3dee66b982ead26e192d725bf527560/execute/async - {"script":"<script> [1562 bytes]","args":[{"selector":{"controlType":"sap.m.Button","properties":{"text":"OK"},"searchOpenDialogs":true,"interaction":{"idSuffix":"BDI-content"}},"wdio_ui5_key":"sapm.Button{\"text\":\"OK\"}"}]}
RESULT: {"script":"<script> [1562 bytes]","args":[{"selector":{"controlType":"sap.m.Button","properties":{"text":"OK"},"searchOpenDialogs":true,"interaction":{"idSuffix":"BDI-content"}},"wdio_ui5_key":"sapm.Button{\"text\":\"OK\"}"}]}
RESULT: undefined
COMMAND: POST /session/c3dee66b982ead26e192d725bf527560/element - {"using":"xpath","value":"//*[@id=\"__mbox-btn-2\"]"}
RESULT: {"using":"xpath","value":"//*[@id=\"__mbox-btn-2\"]"}
COMMAND: POST /session/c3dee66b982ead26e192d725bf527560/element/f.9584C2A83669DBF8B89C459AF83A9E36.d.46DA6888DD0EC56349167276B55885BA.e.2281/click - {}
RESULT: {}
COMMAND: POST /session/c3dee66b982ead26e192d725bf527560/element - {"using":"xpath","value":"(//input[contains(@id ,\"application-managecatalogs-display-component---detailCatalog--ValuesTable-0-inner\")])[8]"}
COMMAND: GET /session/c3dee66b982ead26e192d725bf527560/screenshot - {}
RESULT: {"using":"xpath","value":"(//input[contains(@id ,\"application-managecatalogs-display-component---detailCatalog--ValuesTable-0-inner\")])[8]"}
COMMAND: POST /session/c3dee66b982ead26e192d725bf527560/element/f.9584C2A83669DBF8B89C459AF83A9E36.d.46DA6888DD0EC56349167276B55885BA.e.2242/clear - {}
RESULT: {}
RESULT: {}
COMMAND: POST /session/c3dee66b982ead26e192d725bf527560/element/f.9584C2A83669DBF8B89C459AF83A9E36.d.46DA6888DD0EC56349167276B55885BA.e.2242/value - {"text":"102"}
COMMAND: GET /session/c3dee66b982ead26e192d725bf527560/screenshot - {}
RESULT: {"text":"102"}
COMMAND: GET /session/c3dee66b982ead26e192d725bf527560/screenshot - {}
RESULT: {}
RESULT: {}
COMMAND: POST /session/c3dee66b982ead26e192d725bf527560/actions - {"actions":[{"id":"action16","type":"key","parameters":{},"actions":[{"type":"keyDown","value":""},{"type":"pause","duration":10},{"type":"keyUp","value":""}]}]}
RESULT: {"actions":[{"id":"action16","type":"key","parameters":{},"actions":[{"type":"keyDown","value":""},{"type":"pause","duration":10},{"type":"keyUp","value":""}]}]}
COMMAND: GET /session/c3dee66b982ead26e192d725bf527560/screenshot - {}
RESULT: {}
RESULT: undefined
COMMAND: POST /session/c3dee66b982ead26e192d725bf527560/element - {"using":"xpath","value":"//*[@id=\"__button43\"]"}
RESULT: {"using":"xpath","value":"//*[@id=\"__button43\"]"}
COMMAND: POST /session/c3dee66b982ead26e192d725bf527560/element/f.9584C2A83669DBF8B89C459AF83A9E36.d.46DA6888DD0EC56349167276B55885BA.e.2222/click - {}
RESULT: {}
COMMAND: GET /session/c3dee66b982ead26e192d725bf527560/screenshot - {}
RESULT: {}
COMMAND: POST /session/c3dee66b982ead26e192d725bf527560/refresh - {}
RESULT: {}
COMMAND: GET /session/c3dee66b982ead26e192d725bf527560/screenshot - {}
RESULT: {}
COMMAND: POST /session/c3dee66b982ead26e192d725bf527560/execute/async - {"script":"<script> [189 bytes]","args":[]}
RESULT: {"script":"<script> [189 bytes]","args":[]}
COMMAND: POST /session/c3dee66b982ead26e192d725bf527560/execute/async - {"script":"<script> [123 bytes]","args":[]}
RESULT: {"script":"<script> [123 bytes]","args":[]}
COMMAND: POST /session/c3dee66b982ead26e192d725bf527560/timeouts - {"script":"<number>"}
RESULT: {"script":"<number>"}
COMMAND: GET /session/c3dee66b982ead26e192d725bf527560/timeouts - {}
RESULT: {}
RESULT: undefined
COMMAND: POST /session/c3dee66b982ead26e192d725bf527560/execute/async - {"script":"<script> [2676 bytes]","args":[]}
RESULT: {"script":"<script> [2676 bytes]","args":[]}
COMMAND: POST /session/c3dee66b982ead26e192d725bf527560/execute/async - {"script":"<script> [2342 bytes]","args":[{"protocol":"http","hostname":"0.0.0.0","path":"/","capabilities":{"browserName":"chrome","goog:chromeOptions":{"binary":"C:\\Program Files\\Google\\Chrome\\Application\\chrome.exe","args":["--start-maximized"]}},"logLevel":"warn","connectionRetryTimeout":120000,"connectionRetryCount":3,"logLevels":{},"enableDirectConnect":true,"strictSSL":true,"_":"65 more keys: [\"cacheDir\",\"port\",\"requestedCapabilities\",\"automationProtocol\",\"baseUrl\",\"waitforInterval\",\"waitforTimeout\",\"onReload\",\"beforeCommand\",\"afterCommand\",\"rootDir\",\"specs\",\"suites\",\"exclude\",\"groupLogsByTestSpec\",\"excludeDriverLogs\",\"bail\",\"framework\",\"reporters\",\"services\",\"maxInstances\",\"maxInstancesPerCapability\",\"injectGlobals\",\"filesToWatch\",\"execArgv\",\"runnerEnv\",\"runner\",\"shard\",\"specFileRetries\",\"specFileRetriesDelay\",\"specFileRetriesDeferred\",\"reporterSyncInterval\",\"reporterSyncTimeout\",\"cucumberFeaturesWithLineNumbers\",\"autoCompileOpts\",\"mochaOpts\",\"jasmineOpts\",\"cucumberOpts\",\"onPrepare\",\"onWorkerStart\",\"onWorkerEnd\",\"before\",\"beforeSession\",\"beforeSuite\",\"beforeHook\",\"beforeTest\",\"afterTest\",\"afterHook\",\"afterSuite\",\"afterSession\",\"after\",\"onComplete\",\"beforeAssertion\",\"afterAssertion\",\"beforeFeature\",\"beforeScenario\",\"beforeStep\",\"afterStep\",\"afterScenario\",\"afterFeature\",\"_\",\"suite\",\"$0\",\"ignoredWorkerServices\",\"wdi5\"]"}]}
RESULT: {"script":"<script> [2342 bytes]","args":[{"protocol":"http","hostname":"0.0.0.0","path":"/","capabilities":{"browserName":"chrome","goog:chromeOptions":{"binary":"C:\\Program Files\\Google\\Chrome\\Application\\chrome.exe","args":["--start-maximized"]}},"logLevel":"warn","connectionRetryTimeout":120000,"connectionRetryCount":3,"logLevels":{},"enableDirectConnect":true,"strictSSL":true,"_":"65 more keys: [\"cacheDir\",\"port\",\"requestedCapabilities\",\"automationProtocol\",\"baseUrl\",\"waitforInterval\",\"waitforTimeout\",\"onReload\",\"beforeCommand\",\"afterCommand\",\"rootDir\",\"specs\",\"suites\",\"exclude\",\"groupLogsByTestSpec\",\"excludeDriverLogs\",\"bail\",\"framework\",\"reporters\",\"services\",\"maxInstances\",\"maxInstancesPerCapability\",\"injectGlobals\",\"filesToWatch\",\"execArgv\",\"runnerEnv\",\"runner\",\"shard\",\"specFileRetries\",\"specFileRetriesDelay\",\"specFileRetriesDeferred\",\"reporterSyncInterval\",\"reporterSyncTimeout\",\"cucumberFeaturesWithLineNumbers\",\"autoCompileOpts\",\"mochaOpts\",\"jasmineOpts\",\"cucumberOpts\",\"onPrepare\",\"onWorkerStart\",\"onWorkerEnd\",\"before\",\"beforeSession\",\"beforeSuite\",\"beforeHook\",\"beforeTest\",\"afterTest\",\"afterHook\",\"afterSuite\",\"afterSession\",\"after\",\"onComplete\",\"beforeAssertion\",\"afterAssertion\",\"beforeFeature\",\"beforeScenario\",\"beforeStep\",\"afterStep\",\"afterScenario\",\"afterFeature\",\"_\",\"suite\",\"$0\",\"ignoredWorkerServices\",\"wdi5\"]"}]}
COMMAND: POST /session/c3dee66b982ead26e192d725bf527560/execute/async - {"script":"<script> [21126 bytes]","args":[35000]}
RESULT: {"script":"<script> [21126 bytes]","args":[35000]}
COMMAND: POST /session/c3dee66b982ead26e192d725bf527560/execute/async - {"script":"<script> [1562 bytes]","args":[{"selector":{"id":"application-managecatalogs-display-component---detailCatalog--ValuesSmartTable-header"},"wdio_ui5_key":"applicationmanagecatalogs-display-component---detailCatalog--ValuesSmartTable-header"}]}
RESULT: {"script":"<script> [1562 bytes]","args":[{"selector":{"id":"application-managecatalogs-display-component---detailCatalog--ValuesSmartTable-header"},"wdio_ui5_key":"applicationmanagecatalogs-display-component---detailCatalog--ValuesSmartTable-header"}]}
RESULT: undefined
COMMAND: POST /session/c3dee66b982ead26e192d725bf527560/execute/async - {"script":"<script> [6424 bytes]","args":[{"element-6066-11e4-a52e-4f735466cecf":"f.9584C2A83669DBF8B89C459AF83A9E36.d.DD999A7FBC79920059579FD9E69FE1FB.e.2367"},"getText",[]]}
RESULT: {"script":"<script> [6424 bytes]","args":[{"element-6066-11e4-a52e-4f735466cecf":"f.9584C2A83669DBF8B89C459AF83A9E36.d.DD999A7FBC79920059579FD9E69FE1FB.e.2367"},"getText",[]]}
COMMAND: POST /session/c3dee66b982ead26e192d725bf527560/element - {"using":"css selector","value":"#shell-header-logo"}
RESULT: {"using":"css selector","value":"#shell-header-logo"}
COMMAND: POST /session/c3dee66b982ead26e192d725bf527560/element/f.9584C2A83669DBF8B89C459AF83A9E36.d.DD999A7FBC79920059579FD9E69FE1FB.e.2318/click - {}
RESULT: {}
COMMAND: GET /session/c3dee66b982ead26e192d725bf527560/screenshot - {}
RESULT: {}
]]></system-out>
    </testcase>
  </testsuite>
  <testsuite timestamp="2025-05-29T15:55:58" time="378.868" tests="4" failures="0" errors="0" skipped="0">
    <properties>
      <property name="specId" value="0"/>
      <property name="suiteName" value="Verify RU inventory split cost information US139363"/>
      <property name="capabilities" value="chrome.136_0_7103_93.windows"/>
      <property name="file" value="file:///D:/a/1/s/test/specs/R2C/verify-ru-inventory-split-cost-information.spec.js"/>
    </properties>
    <testcase classname="chrome.136_0_7103_93.windows.Verify_RU_inventory_split_cost_information_US139363" name="Should create a new contract" time="95.011">
      <system-out><![CDATA[
COMMAND: POST /session/c3dee66b982ead26e192d725bf527560/execute/async - {"script":"<script> [1562 bytes]","args":[{"selector":{"controlType":"sap.m.GenericTile","properties":{"header":"Manage Contracts"}},"wdio_ui5_key":"sapm.GenericTile{\"header\":\"Manage Contracts\"}"}]}
RESULT: {"script":"<script> [1562 bytes]","args":[{"selector":{"controlType":"sap.m.GenericTile","properties":{"header":"Manage Contracts"}},"wdio_ui5_key":"sapm.GenericTile{\"header\":\"Manage Contracts\"}"}]}
RESULT: undefined
COMMAND: POST /session/c3dee66b982ead26e192d725bf527560/element - {"using":"xpath","value":"//*[@id=\"__tile130\"]"}
RESULT: {"using":"xpath","value":"//*[@id=\"__tile130\"]"}
COMMAND: POST /session/c3dee66b982ead26e192d725bf527560/element/f.9584C2A83669DBF8B89C459AF83A9E36.d.DD999A7FBC79920059579FD9E69FE1FB.e.2380/click - {}
RESULT: {}
COMMAND: GET /session/c3dee66b982ead26e192d725bf527560/screenshot - {}
RESULT: {}
COMMAND: POST /session/c3dee66b982ead26e192d725bf527560/elements - {"using":"xpath","value":"//span[text()='Error']"}
RESULT: {"using":"xpath","value":"//span[text()='Error']"}
COMMAND: POST /session/c3dee66b982ead26e192d725bf527560/element - {"using":"xpath","value":"//button[@data-kt=\"addButton\"]"}
RESULT: {"using":"xpath","value":"//button[@data-kt=\"addButton\"]"}
COMMAND: POST /session/c3dee66b982ead26e192d725bf527560/element/f.9584C2A83669DBF8B89C459AF83A9E36.d.DD999A7FBC79920059579FD9E69FE1FB.e.2431/click - {}
RESULT: {}
COMMAND: GET /session/c3dee66b982ead26e192d725bf527560/screenshot - {}
RESULT: {}
COMMAND: POST /session/c3dee66b982ead26e192d725bf527560/execute/async - {"script":"<script> [1562 bytes]","args":[{"selector":{"id":"application-managecontracts-display-component---AddNewContract--projectDescription","interaction":{"idSuffix":"inner"}},"wdio_ui5_key":"applicationmanagecontracts-display-component---AddNewContract--projectDescription"}]}
RESULT: {"script":"<script> [1562 bytes]","args":[{"selector":{"id":"application-managecontracts-display-component---AddNewContract--projectDescription","interaction":{"idSuffix":"inner"}},"wdio_ui5_key":"applicationmanagecontracts-display-component---AddNewContract--projectDescription"}]}
RESULT: undefined
COMMAND: POST /session/c3dee66b982ead26e192d725bf527560/execute/async - {"script":"<script> [776 bytes]","args":[{"enterText":"WdIOTest32rcp","selector":{"id":"application-managecontracts-display-component---AddNewContract--projectDescription","interaction":{"idSuffix":"inner"}},"clearTextFirst":true,"interactionType":"ENTER_TEXT"}]}
RESULT: {"script":"<script> [776 bytes]","args":[{"enterText":"WdIOTest32rcp","selector":{"id":"application-managecontracts-display-component---AddNewContract--projectDescription","interaction":{"idSuffix":"inner"}},"clearTextFirst":true,"interactionType":"ENTER_TEXT"}]}
COMMAND: POST /session/c3dee66b982ead26e192d725bf527560/element - {"using":"xpath","value":"//input[@id=\"application-managecontracts-display-component---AddNewContract--yardId-inner\"]"}
RESULT: {"using":"xpath","value":"//input[@id=\"application-managecontracts-display-component---AddNewContract--yardId-inner\"]"}
COMMAND: POST /session/c3dee66b982ead26e192d725bf527560/element/f.9584C2A83669DBF8B89C459AF83A9E36.d.DD999A7FBC79920059579FD9E69FE1FB.e.2696/clear - {}
RESULT: {}
COMMAND: POST /session/c3dee66b982ead26e192d725bf527560/element/f.9584C2A83669DBF8B89C459AF83A9E36.d.DD999A7FBC79920059579FD9E69FE1FB.e.2696/value - {"text":"webdriveryard"}
COMMAND: GET /session/c3dee66b982ead26e192d725bf527560/screenshot - {}
RESULT: {"text":"webdriveryard"}
COMMAND: GET /session/c3dee66b982ead26e192d725bf527560/screenshot - {}
RESULT: {}
RESULT: {}
COMMAND: POST /session/c3dee66b982ead26e192d725bf527560/actions - {"actions":[{"id":"action17","type":"key","parameters":{},"actions":[{"type":"keyDown","value":""},{"type":"pause","duration":10},{"type":"keyUp","value":""}]}]}
RESULT: {"actions":[{"id":"action17","type":"key","parameters":{},"actions":[{"type":"keyDown","value":""},{"type":"pause","duration":10},{"type":"keyUp","value":""}]}]}
COMMAND: GET /session/c3dee66b982ead26e192d725bf527560/screenshot - {}
RESULT: {}
COMMAND: POST /session/c3dee66b982ead26e192d725bf527560/element - {"using":"xpath","value":"//input[@id=\"application-managecontracts-display-component---AddNewContract--customerSelect-inner\"]"}
RESULT: {"using":"xpath","value":"//input[@id=\"application-managecontracts-display-component---AddNewContract--customerSelect-inner\"]"}
COMMAND: POST /session/c3dee66b982ead26e192d725bf527560/element/f.9584C2A83669DBF8B89C459AF83A9E36.d.DD999A7FBC79920059579FD9E69FE1FB.e.2694/clear - {}
RESULT: {}
COMMAND: POST /session/c3dee66b982ead26e192d725bf527560/element/f.9584C2A83669DBF8B89C459AF83A9E36.d.DD999A7FBC79920059579FD9E69FE1FB.e.2694/value - {"text":"webdriverpartner"}
COMMAND: GET /session/c3dee66b982ead26e192d725bf527560/screenshot - {}
RESULT: {"text":"webdriverpartner"}
COMMAND: GET /session/c3dee66b982ead26e192d725bf527560/screenshot - {}
RESULT: {}
RESULT: {}
COMMAND: POST /session/c3dee66b982ead26e192d725bf527560/actions - {"actions":[{"id":"action18","type":"key","parameters":{},"actions":[{"type":"keyDown","value":""},{"type":"pause","duration":10},{"type":"keyUp","value":""}]}]}
RESULT: {"actions":[{"id":"action18","type":"key","parameters":{},"actions":[{"type":"keyDown","value":""},{"type":"pause","duration":10},{"type":"keyUp","value":""}]}]}
COMMAND: GET /session/c3dee66b982ead26e192d725bf527560/screenshot - {}
RESULT: {}
COMMAND: POST /session/c3dee66b982ead26e192d725bf527560/element - {"using":"xpath","value":"//input[@id=\"application-managecontracts-display-component---AddNewContract--site-inner\"]"}
RESULT: {"using":"xpath","value":"//input[@id=\"application-managecontracts-display-component---AddNewContract--site-inner\"]"}
COMMAND: POST /session/c3dee66b982ead26e192d725bf527560/element/f.9584C2A83669DBF8B89C459AF83A9E36.d.DD999A7FBC79920059579FD9E69FE1FB.e.2695/clear - {}
RESULT: {}
COMMAND: POST /session/c3dee66b982ead26e192d725bf527560/element/f.9584C2A83669DBF8B89C459AF83A9E36.d.DD999A7FBC79920059579FD9E69FE1FB.e.2695/value - {"text":"Webdriversite"}
COMMAND: GET /session/c3dee66b982ead26e192d725bf527560/screenshot - {}
RESULT: {"text":"Webdriversite"}
COMMAND: GET /session/c3dee66b982ead26e192d725bf527560/screenshot - {}
RESULT: {}
RESULT: {}
COMMAND: POST /session/c3dee66b982ead26e192d725bf527560/actions - {"actions":[{"id":"action19","type":"key","parameters":{},"actions":[{"type":"keyDown","value":""},{"type":"pause","duration":10},{"type":"keyUp","value":""}]}]}
RESULT: {"actions":[{"id":"action19","type":"key","parameters":{},"actions":[{"type":"keyDown","value":""},{"type":"pause","duration":10},{"type":"keyUp","value":""}]}]}
COMMAND: GET /session/c3dee66b982ead26e192d725bf527560/screenshot - {}
RESULT: {}
COMMAND: POST /session/c3dee66b982ead26e192d725bf527560/element - {"using":"xpath","value":"//button[@data-kt=\"saveButton\"]"}
RESULT: {"using":"xpath","value":"//button[@data-kt=\"saveButton\"]"}
COMMAND: POST /session/c3dee66b982ead26e192d725bf527560/element/f.9584C2A83669DBF8B89C459AF83A9E36.d.DD999A7FBC79920059579FD9E69FE1FB.e.2770/click - {}
RESULT: {}
COMMAND: GET /session/c3dee66b982ead26e192d725bf527560/screenshot - {}
RESULT: {}
COMMAND: POST /session/c3dee66b982ead26e192d725bf527560/execute/async - {"script":"<script> [1562 bytes]","args":[{"selector":{"id":"contractDetailTitleNoExpanded","viewName":"etm.portal.ui.managecontracts.view.Detail"},"wdio_ui5_key":"contractDetailTitleNoExpandedetmportal.ui.managecontracts.view.Detail"}]}
RESULT: {"script":"<script> [1562 bytes]","args":[{"selector":{"id":"contractDetailTitleNoExpanded","viewName":"etm.portal.ui.managecontracts.view.Detail"},"wdio_ui5_key":"contractDetailTitleNoExpandedetmportal.ui.managecontracts.view.Detail"}]}
RESULT: undefined
COMMAND: POST /session/c3dee66b982ead26e192d725bf527560/execute/async - {"script":"<script> [6424 bytes]","args":[{"element-6066-11e4-a52e-4f735466cecf":"f.9584C2A83669DBF8B89C459AF83A9E36.d.DD999A7FBC79920059579FD9E69FE1FB.e.2853"},"getText",[]]}
RESULT: {"script":"<script> [6424 bytes]","args":[{"element-6066-11e4-a52e-4f735466cecf":"f.9584C2A83669DBF8B89C459AF83A9E36.d.DD999A7FBC79920059579FD9E69FE1FB.e.2853"},"getText",[]]}
COMMAND: POST /session/c3dee66b982ead26e192d725bf527560/element - {"using":"css selector","value":"#shell-header-logo"}
RESULT: {"using":"css selector","value":"#shell-header-logo"}
COMMAND: POST /session/c3dee66b982ead26e192d725bf527560/element/f.9584C2A83669DBF8B89C459AF83A9E36.d.DD999A7FBC79920059579FD9E69FE1FB.e.2382/click - {}
RESULT: {}
COMMAND: GET /session/c3dee66b982ead26e192d725bf527560/screenshot - {}
RESULT: {}
]]></system-out>
    </testcase>
    <testcase classname="chrome.136_0_7103_93.windows.Verify_RU_inventory_split_cost_information_US139363" name="Should create a new equipment" time="117.112">
      <system-out><![CDATA[
COMMAND: POST /session/c3dee66b982ead26e192d725bf527560/execute/async - {"script":"<script> [1562 bytes]","args":[{"selector":{"controlType":"sap.m.GenericTile","properties":{"header":"Manage Resources"}},"wdio_ui5_key":"sapm.GenericTile{\"header\":\"Manage Resources\"}"}]}
RESULT: {"script":"<script> [1562 bytes]","args":[{"selector":{"controlType":"sap.m.GenericTile","properties":{"header":"Manage Resources"}},"wdio_ui5_key":"sapm.GenericTile{\"header\":\"Manage Resources\"}"}]}
RESULT: undefined
COMMAND: POST /session/c3dee66b982ead26e192d725bf527560/element - {"using":"xpath","value":"//*[@id=\"__tile39\"]"}
RESULT: {"using":"xpath","value":"//*[@id=\"__tile39\"]"}
COMMAND: POST /session/c3dee66b982ead26e192d725bf527560/element/f.9584C2A83669DBF8B89C459AF83A9E36.d.DD999A7FBC79920059579FD9E69FE1FB.e.2856/click - {}
RESULT: {}
COMMAND: GET /session/c3dee66b982ead26e192d725bf527560/screenshot - {}
RESULT: {}
COMMAND: POST /session/c3dee66b982ead26e192d725bf527560/elements - {"using":"xpath","value":"//span[text()='Error']"}
RESULT: {"using":"xpath","value":"//span[text()='Error']"}
COMMAND: POST /session/c3dee66b982ead26e192d725bf527560/element - {"using":"xpath","value":"//button[@data-kt=\"addNewRUOverflowToolbarButton\"]"}
RESULT: {"using":"xpath","value":"//button[@data-kt=\"addNewRUOverflowToolbarButton\"]"}
COMMAND: POST /session/c3dee66b982ead26e192d725bf527560/execute/sync - {"script":"<script> [8489 bytes]","args":[{"element-6066-11e4-a52e-4f735466cecf":"f.9584C2A83669DBF8B89C459AF83A9E36.d.DD999A7FBC79920059579FD9E69FE1FB.e.2897","ELEMENT":"f.9584C2A83669DBF8B89C459AF83A9E36.d.DD999A7FBC79920059579FD9E69FE1FB.e.2897"}]}
RESULT: {"script":"<script> [8489 bytes]","args":[{"element-6066-11e4-a52e-4f735466cecf":"f.9584C2A83669DBF8B89C459AF83A9E36.d.DD999A7FBC79920059579FD9E69FE1FB.e.2897","ELEMENT":"f.9584C2A83669DBF8B89C459AF83A9E36.d.DD999A7FBC79920059579FD9E69FE1FB.e.2897"}]}
COMMAND: POST /session/c3dee66b982ead26e192d725bf527560/element/f.9584C2A83669DBF8B89C459AF83A9E36.d.DD999A7FBC79920059579FD9E69FE1FB.e.2897/click - {}
COMMAND: GET /session/c3dee66b982ead26e192d725bf527560/screenshot - {}
RESULT: {}
COMMAND: GET /session/c3dee66b982ead26e192d725bf527560/screenshot - {}
RESULT: {}
COMMAND: POST /session/c3dee66b982ead26e192d725bf527560/execute/async - {"script":"<script> [1562 bytes]","args":[{"selector":{"id":"application-manageresources-display-component---newResourceUnit--TYPE-arrow"},"wdio_ui5_key":"applicationmanageresources-display-component---newResourceUnit--TYPE-arrow"}]}
RESULT: {}
RESULT: {"script":"<script> [1562 bytes]","args":[{"selector":{"id":"application-manageresources-display-component---newResourceUnit--TYPE-arrow"},"wdio_ui5_key":"applicationmanageresources-display-component---newResourceUnit--TYPE-arrow"}]}
RESULT: undefined
COMMAND: POST /session/c3dee66b982ead26e192d725bf527560/element - {"using":"xpath","value":"//*[@id=\"application-manageresources-display-component---newResourceUnit--TYPE-arrow\"]"}
RESULT: {"using":"xpath","value":"//*[@id=\"application-manageresources-display-component---newResourceUnit--TYPE-arrow\"]"}
COMMAND: POST /session/c3dee66b982ead26e192d725bf527560/element/f.9584C2A83669DBF8B89C459AF83A9E36.d.DD999A7FBC79920059579FD9E69FE1FB.e.3223/click - {}
RESULT: {}
COMMAND: POST /session/c3dee66b982ead26e192d725bf527560/execute/async - {"script":"<script> [1562 bytes]","args":[{"selector":{"controlType":"sap.m.StandardListItem","viewName":"reusables.view.manageresources.NewResourceUnit","viewId":"application-manageresources-display-component---newResourceUnit","properties":{"title":"Equipment"},"searchOpenDialogs":true,"interaction":{"idSuffix":"content"}},"wdio_ui5_key":"reusablesview.manageresources.NewResourceUnitsap.m.StandardListItem{\"title\":\"Equipment\"}"}]}
COMMAND: GET /session/c3dee66b982ead26e192d725bf527560/screenshot - {}
RESULT: {"script":"<script> [1562 bytes]","args":[{"selector":{"controlType":"sap.m.StandardListItem","viewName":"reusables.view.manageresources.NewResourceUnit","viewId":"application-manageresources-display-component---newResourceUnit","properties":{"title":"Equipment"},"searchOpenDialogs":true,"interaction":{"idSuffix":"content"}},"wdio_ui5_key":"reusablesview.manageresources.NewResourceUnitsap.m.StandardListItem{\"title\":\"Equipment\"}"}]}
RESULT: undefined
COMMAND: POST /session/c3dee66b982ead26e192d725bf527560/element - {"using":"xpath","value":"//*[@id=\"__item1632\"]"}
RESULT: {}
RESULT: {"using":"xpath","value":"//*[@id=\"__item1632\"]"}
COMMAND: POST /session/c3dee66b982ead26e192d725bf527560/element/f.9584C2A83669DBF8B89C459AF83A9E36.d.DD999A7FBC79920059579FD9E69FE1FB.e.3226/click - {}
RESULT: {}
COMMAND: POST /session/c3dee66b982ead26e192d725bf527560/execute/async - {"script":"<script> [1562 bytes]","args":[{"selector":{"id":"application-manageresources-display-component---newResourceUnit--resourceId","interaction":{"idSuffix":"inner"}},"wdio_ui5_key":"applicationmanageresources-display-component---newResourceUnit--resourceId"}]}
COMMAND: GET /session/c3dee66b982ead26e192d725bf527560/screenshot - {}
RESULT: {"script":"<script> [1562 bytes]","args":[{"selector":{"id":"application-manageresources-display-component---newResourceUnit--resourceId","interaction":{"idSuffix":"inner"}},"wdio_ui5_key":"applicationmanageresources-display-component---newResourceUnit--resourceId"}]}
RESULT: undefined
COMMAND: POST /session/c3dee66b982ead26e192d725bf527560/execute/async - {"script":"<script> [776 bytes]","args":[{"enterText":"WdIOTestEquipycz41l","selector":{"id":"application-manageresources-display-component---newResourceUnit--resourceId","interaction":{"idSuffix":"inner"}},"clearTextFirst":true,"interactionType":"ENTER_TEXT"}]}
RESULT: {}
RESULT: {"script":"<script> [776 bytes]","args":[{"enterText":"WdIOTestEquipycz41l","selector":{"id":"application-manageresources-display-component---newResourceUnit--resourceId","interaction":{"idSuffix":"inner"}},"clearTextFirst":true,"interactionType":"ENTER_TEXT"}]}
COMMAND: POST /session/c3dee66b982ead26e192d725bf527560/execute/async - {"script":"<script> [1562 bytes]","args":[{"selector":{"id":"application-manageresources-display-component---newResourceUnit--SHORT_TEXT","interaction":{"idSuffix":"inner"}},"wdio_ui5_key":"applicationmanageresources-display-component---newResourceUnit--SHORT_TEXT"}]}
RESULT: {"script":"<script> [1562 bytes]","args":[{"selector":{"id":"application-manageresources-display-component---newResourceUnit--SHORT_TEXT","interaction":{"idSuffix":"inner"}},"wdio_ui5_key":"applicationmanageresources-display-component---newResourceUnit--SHORT_TEXT"}]}
RESULT: undefined
COMMAND: POST /session/c3dee66b982ead26e192d725bf527560/execute/async - {"script":"<script> [776 bytes]","args":[{"enterText":"WdIOTestEquipycz41l","selector":{"id":"application-manageresources-display-component---newResourceUnit--SHORT_TEXT","interaction":{"idSuffix":"inner"}},"clearTextFirst":true,"interactionType":"ENTER_TEXT"}]}
RESULT: {"script":"<script> [776 bytes]","args":[{"enterText":"WdIOTestEquipycz41l","selector":{"id":"application-manageresources-display-component---newResourceUnit--SHORT_TEXT","interaction":{"idSuffix":"inner"}},"clearTextFirst":true,"interactionType":"ENTER_TEXT"}]}
COMMAND: POST /session/c3dee66b982ead26e192d725bf527560/execute/async - {"script":"<script> [1562 bytes]","args":[{"selector":{"id":"application-manageresources-display-component---newResourceUnit--BASE_UNIT_OF_MEASURE","interaction":{"idSuffix":"inner"}},"wdio_ui5_key":"applicationmanageresources-display-component---newResourceUnit--BASE_UNIT_OF_MEASURE"}]}
RESULT: {"script":"<script> [1562 bytes]","args":[{"selector":{"id":"application-manageresources-display-component---newResourceUnit--BASE_UNIT_OF_MEASURE","interaction":{"idSuffix":"inner"}},"wdio_ui5_key":"applicationmanageresources-display-component---newResourceUnit--BASE_UNIT_OF_MEASURE"}]}
RESULT: undefined
COMMAND: POST /session/c3dee66b982ead26e192d725bf527560/execute/async - {"script":"<script> [776 bytes]","args":[{"enterText":"Piece","selector":{"id":"application-manageresources-display-component---newResourceUnit--BASE_UNIT_OF_MEASURE","interaction":{"idSuffix":"inner"}},"clearTextFirst":true,"interactionType":"ENTER_TEXT"}]}
RESULT: {"script":"<script> [776 bytes]","args":[{"enterText":"Piece","selector":{"id":"application-manageresources-display-component---newResourceUnit--BASE_UNIT_OF_MEASURE","interaction":{"idSuffix":"inner"}},"clearTextFirst":true,"interactionType":"ENTER_TEXT"}]}
COMMAND: POST /session/c3dee66b982ead26e192d725bf527560/execute/async - {"script":"<script> [1562 bytes]","args":[{"selector":{"id":"application-manageresources-display-component---newResourceUnit--WEIGHT_UNIT","interaction":{"idSuffix":"inner"}},"wdio_ui5_key":"applicationmanageresources-display-component---newResourceUnit--WEIGHT_UNIT"}]}
RESULT: {"script":"<script> [1562 bytes]","args":[{"selector":{"id":"application-manageresources-display-component---newResourceUnit--WEIGHT_UNIT","interaction":{"idSuffix":"inner"}},"wdio_ui5_key":"applicationmanageresources-display-component---newResourceUnit--WEIGHT_UNIT"}]}
RESULT: undefined
COMMAND: POST /session/c3dee66b982ead26e192d725bf527560/execute/async - {"script":"<script> [776 bytes]","args":[{"enterText":"Gram","selector":{"id":"application-manageresources-display-component---newResourceUnit--WEIGHT_UNIT","interaction":{"idSuffix":"inner"}},"clearTextFirst":true,"interactionType":"ENTER_TEXT"}]}
RESULT: {"script":"<script> [776 bytes]","args":[{"enterText":"Gram","selector":{"id":"application-manageresources-display-component---newResourceUnit--WEIGHT_UNIT","interaction":{"idSuffix":"inner"}},"clearTextFirst":true,"interactionType":"ENTER_TEXT"}]}
COMMAND: POST /session/c3dee66b982ead26e192d725bf527560/execute/async - {"script":"<script> [1562 bytes]","args":[{"selector":{"id":"application-manageresources-display-component---newResourceUnit--newRRUPage-OPHeaderContent-collapseBtn-img"},"wdio_ui5_key":"applicationmanageresources-display-component---newResourceUnit--newRRUPage-OPHeaderContent-collapseBtn-img"}]}
RESULT: {"script":"<script> [1562 bytes]","args":[{"selector":{"id":"application-manageresources-display-component---newResourceUnit--newRRUPage-OPHeaderContent-collapseBtn-img"},"wdio_ui5_key":"applicationmanageresources-display-component---newResourceUnit--newRRUPage-OPHeaderContent-collapseBtn-img"}]}
RESULT: undefined
COMMAND: POST /session/c3dee66b982ead26e192d725bf527560/element - {"using":"xpath","value":"//*[@id=\"application-manageresources-display-component---newResourceUnit--newRRUPage-OPHeaderContent-collapseBtn-img\"]"}
RESULT: {"using":"xpath","value":"//*[@id=\"application-manageresources-display-component---newResourceUnit--newRRUPage-OPHeaderContent-collapseBtn-img\"]"}
COMMAND: POST /session/c3dee66b982ead26e192d725bf527560/element/f.9584C2A83669DBF8B89C459AF83A9E36.d.DD999A7FBC79920059579FD9E69FE1FB.e.3234/click - {}
RESULT: {}
COMMAND: GET /session/c3dee66b982ead26e192d725bf527560/screenshot - {}
RESULT: {}
COMMAND: POST /session/c3dee66b982ead26e192d725bf527560/element - {"using":"xpath","value":"(//span[contains(@id ,\"application-manageresources-display-component---newResourceUnit--DIMENSION_UNIT-arrow\")])[1]"}
RESULT: {"using":"xpath","value":"(//span[contains(@id ,\"application-manageresources-display-component---newResourceUnit--DIMENSION_UNIT-arrow\")])[1]"}
COMMAND: POST /session/c3dee66b982ead26e192d725bf527560/element/f.9584C2A83669DBF8B89C459AF83A9E36.d.DD999A7FBC79920059579FD9E69FE1FB.e.3384/click - {}
RESULT: {}
COMMAND: GET /session/c3dee66b982ead26e192d725bf527560/screenshot - {}
RESULT: {}
COMMAND: POST /session/c3dee66b982ead26e192d725bf527560/execute/async - {"script":"<script> [1562 bytes]","args":[{"selector":{"controlType":"sap.m.StandardListItem","viewName":"reusables.view.manageresources.NewResourceUnit","viewId":"application-manageresources-display-component---newResourceUnit","properties":{"title":"Centimeter"},"searchOpenDialogs":true,"interaction":{"idSuffix":"titleText"}},"wdio_ui5_key":"reusablesview.manageresources.NewResourceUnitsap.m.StandardListItem{\"title\":\"Centimeter\"}"}]}
RESULT: {"script":"<script> [1562 bytes]","args":[{"selector":{"controlType":"sap.m.StandardListItem","viewName":"reusables.view.manageresources.NewResourceUnit","viewId":"application-manageresources-display-component---newResourceUnit","properties":{"title":"Centimeter"},"searchOpenDialogs":true,"interaction":{"idSuffix":"titleText"}},"wdio_ui5_key":"reusablesview.manageresources.NewResourceUnitsap.m.StandardListItem{\"title\":\"Centimeter\"}"}]}
RESULT: undefined
COMMAND: POST /session/c3dee66b982ead26e192d725bf527560/element - {"using":"xpath","value":"//*[@id=\"__item1692\"]"}
RESULT: {"using":"xpath","value":"//*[@id=\"__item1692\"]"}
COMMAND: POST /session/c3dee66b982ead26e192d725bf527560/element/f.9584C2A83669DBF8B89C459AF83A9E36.d.DD999A7FBC79920059579FD9E69FE1FB.e.3386/click - {}
RESULT: {}
COMMAND: GET /session/c3dee66b982ead26e192d725bf527560/screenshot - {}
RESULT: {}
COMMAND: POST /session/c3dee66b982ead26e192d725bf527560/execute/async - {"script":"<script> [1562 bytes]","args":[{"selector":{"id":"application-manageresources-display-component---newResourceUnit--newRRUPage-anchBar-application-manageresources-display-component---newResourceUnit--control-anchor","interaction":{"idSuffix":"BDI-content"}},"wdio_ui5_key":"applicationmanageresources-display-component---newResourceUnit--newRRUPage-anchBar-application-manageresources-display-component---newResourceUnit--control-anchor"}]}
RESULT: {"script":"<script> [1562 bytes]","args":[{"selector":{"id":"application-manageresources-display-component---newResourceUnit--newRRUPage-anchBar-application-manageresources-display-component---newResourceUnit--control-anchor","interaction":{"idSuffix":"BDI-content"}},"wdio_ui5_key":"applicationmanageresources-display-component---newResourceUnit--newRRUPage-anchBar-application-manageresources-display-component---newResourceUnit--control-anchor"}]}
RESULT: undefined
COMMAND: POST /session/c3dee66b982ead26e192d725bf527560/element - {"using":"xpath","value":"//*[@id=\"application-manageresources-display-component---newResourceUnit--newRRUPage-anchBar-application-manageresources-display-component---newResourceUnit--control-anchor\"]"}
RESULT: {"using":"xpath","value":"//*[@id=\"application-manageresources-display-component---newResourceUnit--newRRUPage-anchBar-application-manageresources-display-component---newResourceUnit--control-anchor\"]"}
COMMAND: POST /session/c3dee66b982ead26e192d725bf527560/element/f.9584C2A83669DBF8B89C459AF83A9E36.d.DD999A7FBC79920059579FD9E69FE1FB.e.3388/click - {}
RESULT: {}
COMMAND: POST /session/c3dee66b982ead26e192d725bf527560/execute/async - {"script":"<script> [1562 bytes]","args":[{"selector":{"id":"application-manageresources-display-component---newResourceUnit--PLANNING_GROUP","interaction":{"idSuffix":"inner"}},"wdio_ui5_key":"applicationmanageresources-display-component---newResourceUnit--PLANNING_GROUP"}]}
COMMAND: GET /session/c3dee66b982ead26e192d725bf527560/screenshot - {}
RESULT: {"script":"<script> [1562 bytes]","args":[{"selector":{"id":"application-manageresources-display-component---newResourceUnit--PLANNING_GROUP","interaction":{"idSuffix":"inner"}},"wdio_ui5_key":"applicationmanageresources-display-component---newResourceUnit--PLANNING_GROUP"}]}
RESULT: undefined
COMMAND: POST /session/c3dee66b982ead26e192d725bf527560/execute/async - {"script":"<script> [776 bytes]","args":[{"enterText":"Heavy Equi","selector":{"id":"application-manageresources-display-component---newResourceUnit--PLANNING_GROUP","interaction":{"idSuffix":"inner"}},"clearTextFirst":true,"interactionType":"ENTER_TEXT"}]}
RESULT: {}
RESULT: {"script":"<script> [776 bytes]","args":[{"enterText":"Heavy Equi","selector":{"id":"application-manageresources-display-component---newResourceUnit--PLANNING_GROUP","interaction":{"idSuffix":"inner"}},"clearTextFirst":true,"interactionType":"ENTER_TEXT"}]}
COMMAND: POST /session/c3dee66b982ead26e192d725bf527560/execute/async - {"script":"<script> [1562 bytes]","args":[{"selector":{"id":"application-manageresources-display-component---newResourceUnit--ITEM_TYPE-arrow"},"wdio_ui5_key":"applicationmanageresources-display-component---newResourceUnit--ITEM_TYPE-arrow"}]}
RESULT: {"script":"<script> [1562 bytes]","args":[{"selector":{"id":"application-manageresources-display-component---newResourceUnit--ITEM_TYPE-arrow"},"wdio_ui5_key":"applicationmanageresources-display-component---newResourceUnit--ITEM_TYPE-arrow"}]}
RESULT: undefined
COMMAND: POST /session/c3dee66b982ead26e192d725bf527560/element - {"using":"xpath","value":"//*[@id=\"application-manageresources-display-component---newResourceUnit--ITEM_TYPE-arrow\"]"}
RESULT: {"using":"xpath","value":"//*[@id=\"application-manageresources-display-component---newResourceUnit--ITEM_TYPE-arrow\"]"}
COMMAND: POST /session/c3dee66b982ead26e192d725bf527560/element/f.9584C2A83669DBF8B89C459AF83A9E36.d.DD999A7FBC79920059579FD9E69FE1FB.e.3393/click - {}
RESULT: {}
COMMAND: POST /session/c3dee66b982ead26e192d725bf527560/execute/async - {"script":"<script> [1562 bytes]","args":[{"selector":{"controlType":"sap.m.StandardListItem","viewName":"reusables.view.manageresources.NewResourceUnit","viewId":"application-manageresources-display-component---newResourceUnit","properties":{"title":"Resource Unit"},"searchOpenDialogs":true,"interaction":{"idSuffix":"titleText"}},"wdio_ui5_key":"reusablesview.manageresources.NewResourceUnitsap.m.StandardListItem{\"title\":\"Resource Unit\"}"}]}
COMMAND: GET /session/c3dee66b982ead26e192d725bf527560/screenshot - {}
RESULT: {"script":"<script> [1562 bytes]","args":[{"selector":{"controlType":"sap.m.StandardListItem","viewName":"reusables.view.manageresources.NewResourceUnit","viewId":"application-manageresources-display-component---newResourceUnit","properties":{"title":"Resource Unit"},"searchOpenDialogs":true,"interaction":{"idSuffix":"titleText"}},"wdio_ui5_key":"reusablesview.manageresources.NewResourceUnitsap.m.StandardListItem{\"title\":\"Resource Unit\"}"}]}
RESULT: undefined
COMMAND: POST /session/c3dee66b982ead26e192d725bf527560/element - {"using":"xpath","value":"//*[@id=\"__item1714\"]"}
RESULT: {}
RESULT: {"using":"xpath","value":"//*[@id=\"__item1714\"]"}
COMMAND: POST /session/c3dee66b982ead26e192d725bf527560/element/f.9584C2A83669DBF8B89C459AF83A9E36.d.DD999A7FBC79920059579FD9E69FE1FB.e.3395/click - {}
RESULT: {}
COMMAND: POST /session/c3dee66b982ead26e192d725bf527560/element - {"using":"xpath","value":"//bdi[contains(text(), \"Time Segment\")]"}
COMMAND: GET /session/c3dee66b982ead26e192d725bf527560/screenshot - {}
RESULT: {"using":"xpath","value":"//bdi[contains(text(), \"Time Segment\")]"}
COMMAND: GET /session/c3dee66b982ead26e192d725bf527560/element/f.9584C2A83669DBF8B89C459AF83A9E36.d.DD999A7FBC79920059579FD9E69FE1FB.e.3402/rect - {}
RESULT: {}
RESULT: {}
COMMAND: GET /session/c3dee66b982ead26e192d725bf527560/window/rect - {}
RESULT: {}
COMMAND: POST /session/c3dee66b982ead26e192d725bf527560/execute/sync - {"script":"<script> [92 bytes]","args":[]}
RESULT: {"script":"<script> [92 bytes]","args":[]}
COMMAND: POST /session/c3dee66b982ead26e192d725bf527560/actions - {"actions":[{"id":"action20","type":"wheel","parameters":{},"actions":[{"type":"scroll","x":-1820,"y":-21,"deltaX":0,"deltaY":0,"duration":0,"origin":{"element-6066-11e4-a52e-4f735466cecf":"f.9584C2A83669DBF8B89C459AF83A9E36.d.DD999A7FBC79920059579FD9E69FE1FB.e.3402"}}]}]}
COMMAND: GET /session/c3dee66b982ead26e192d725bf527560/screenshot - {}
RESULT: {}
COMMAND: POST /session/c3dee66b982ead26e192d725bf527560/execute/sync - {"script":"<script> [79 bytes]","args":[{"element-6066-11e4-a52e-4f735466cecf":"f.9584C2A83669DBF8B89C459AF83A9E36.d.DD999A7FBC79920059579FD9E69FE1FB.e.3402","ELEMENT":"f.9584C2A83669DBF8B89C459AF83A9E36.d.DD999A7FBC79920059579FD9E69FE1FB.e.3402"},{"block":"start","inline":"nearest"}]}
RESULT: {"script":"<script> [79 bytes]","args":[{"element-6066-11e4-a52e-4f735466cecf":"f.9584C2A83669DBF8B89C459AF83A9E36.d.DD999A7FBC79920059579FD9E69FE1FB.e.3402","ELEMENT":"f.9584C2A83669DBF8B89C459AF83A9E36.d.DD999A7FBC79920059579FD9E69FE1FB.e.3402"},{"block":"start","inline":"nearest"}]}
COMMAND: POST /session/c3dee66b982ead26e192d725bf527560/execute/async - {"script":"<script> [1562 bytes]","args":[{"selector":{"id":"application-manageresources-display-component---newResourceUnit--btnAddTimeSegment-img"},"wdio_ui5_key":"applicationmanageresources-display-component---newResourceUnit--btnAddTimeSegment-img"}]}
COMMAND: GET /session/c3dee66b982ead26e192d725bf527560/screenshot - {}
RESULT: {"script":"<script> [1562 bytes]","args":[{"selector":{"id":"application-manageresources-display-component---newResourceUnit--btnAddTimeSegment-img"},"wdio_ui5_key":"applicationmanageresources-display-component---newResourceUnit--btnAddTimeSegment-img"}]}
RESULT: undefined
COMMAND: POST /session/c3dee66b982ead26e192d725bf527560/element - {"using":"xpath","value":"//*[@id=\"application-manageresources-display-component---newResourceUnit--btnAddTimeSegment-img\"]"}
RESULT: {}
RESULT: {"using":"xpath","value":"//*[@id=\"application-manageresources-display-component---newResourceUnit--btnAddTimeSegment-img\"]"}
COMMAND: POST /session/c3dee66b982ead26e192d725bf527560/element/f.9584C2A83669DBF8B89C459AF83A9E36.d.DD999A7FBC79920059579FD9E69FE1FB.e.3405/click - {}
RESULT: {}
COMMAND: GET /session/c3dee66b982ead26e192d725bf527560/screenshot - {}
RESULT: {}
COMMAND: POST /session/c3dee66b982ead26e192d725bf527560/element - {"using":"xpath","value":"//input[@id=\"application-manageresources-display-component---newResourceUnit--idRuTSAdmin-application-manageresources-display-component---newResourceUnit--RUTimeSegment-0-inner\"]"}
RESULT: {"using":"xpath","value":"//input[@id=\"application-manageresources-display-component---newResourceUnit--idRuTSAdmin-application-manageresources-display-component---newResourceUnit--RUTimeSegment-0-inner\"]"}
COMMAND: POST /session/c3dee66b982ead26e192d725bf527560/element/f.9584C2A83669DBF8B89C459AF83A9E36.d.DD999A7FBC79920059579FD9E69FE1FB.e.3409/clear - {}
RESULT: {}
COMMAND: POST /session/c3dee66b982ead26e192d725bf527560/element/f.9584C2A83669DBF8B89C459AF83A9E36.d.DD999A7FBC79920059579FD9E69FE1FB.e.3409/value - {"text":"webdriveryard"}
COMMAND: GET /session/c3dee66b982ead26e192d725bf527560/screenshot - {}
RESULT: {"text":"webdriveryard"}
COMMAND: GET /session/c3dee66b982ead26e192d725bf527560/screenshot - {}
RESULT: {}
RESULT: {}
COMMAND: POST /session/c3dee66b982ead26e192d725bf527560/actions - {"actions":[{"id":"action21","type":"key","parameters":{},"actions":[{"type":"keyDown","value":""},{"type":"pause","duration":10},{"type":"keyUp","value":""}]}]}
RESULT: {"actions":[{"id":"action21","type":"key","parameters":{},"actions":[{"type":"keyDown","value":""},{"type":"pause","duration":10},{"type":"keyUp","value":""}]}]}
COMMAND: POST /session/c3dee66b982ead26e192d725bf527560/execute/async - {"script":"<script> [1562 bytes]","args":[{"selector":{"controlType":"sap.ui.core.Icon","viewName":"reusables.view.manageresources.NewResourceUnit","viewId":"application-manageresources-display-component---newResourceUnit","properties":{"src":{"regex":{"source":"slim\\-arrow\\-down"}}},"ancestor":{"controlType":"sap.m.ComboBox","viewName":"reusables.view.manageresources.NewResourceUnit","viewId":"application-manageresources-display-component---newResourceUnit","bindingPath":{"path":"/RESOURCE_UNIT_TIME_SEQUENCES/0","propertyPath":"COST_OBJECT_ADMIN_CST_TYPE","modelName":"oNewRruModel"}}},"wdio_ui5_key":"reusablesview.manageresources.NewResourceUnitsap.ui.core.Icon{\"src\":{\"regex\":{\"source\":\"slim\\\\-arrow\\\\-down\"}}}{\"controlType\":\"sap.m.ComboBox\",\"viewName\":\"reusables.view.manageresources.NewResourceUnit\",\"viewId\":\"application-manageresources-display-component---newResourceUnit\",\"bindingPath\":{\"path\":\"/RESOURCE_UNIT_TIME_SEQUENCES/0\",\"propertyPath\":\"COST_OBJECT_ADMIN_CST_TYPE\",\"modelName\":\"oNewRruModel\"}}"}]}
COMMAND: GET /session/c3dee66b982ead26e192d725bf527560/screenshot - {}
RESULT: {"script":"<script> [1562 bytes]","args":[{"selector":{"controlType":"sap.ui.core.Icon","viewName":"reusables.view.manageresources.NewResourceUnit","viewId":"application-manageresources-display-component---newResourceUnit","properties":{"src":{"regex":{"source":"slim\\-arrow\\-down"}}},"ancestor":{"controlType":"sap.m.ComboBox","viewName":"reusables.view.manageresources.NewResourceUnit","viewId":"application-manageresources-display-component---newResourceUnit","bindingPath":{"path":"/RESOURCE_UNIT_TIME_SEQUENCES/0","propertyPath":"COST_OBJECT_ADMIN_CST_TYPE","modelName":"oNewRruModel"}}},"wdio_ui5_key":"reusablesview.manageresources.NewResourceUnitsap.ui.core.Icon{\"src\":{\"regex\":{\"source\":\"slim\\\\-arrow\\\\-down\"}}}{\"controlType\":\"sap.m.ComboBox\",\"viewName\":\"reusables.view.manageresources.NewResourceUnit\",\"viewId\":\"application-manageresources-display-component---newResourceUnit\",\"bindingPath\":{\"path\":\"/RESOURCE_UNIT_TIME_SEQUENCES/0\",\"propertyPath\":\"COST_OBJECT_ADMIN_CST_TYPE\",\"modelName\":\"oNewRruModel\"}}"}]}
RESULT: undefined
COMMAND: POST /session/c3dee66b982ead26e192d725bf527560/element - {"using":"xpath","value":"//*[@id=\"__box16-application-manageresources-display-component---newResourceUnit--RUTimeSegment-0-arrow\"]"}
RESULT: {}
RESULT: {"using":"xpath","value":"//*[@id=\"__box16-application-manageresources-display-component---newResourceUnit--RUTimeSegment-0-arrow\"]"}
COMMAND: POST /session/c3dee66b982ead26e192d725bf527560/element/f.9584C2A83669DBF8B89C459AF83A9E36.d.DD999A7FBC79920059579FD9E69FE1FB.e.3423/click - {}
RESULT: {}
COMMAND: POST /session/c3dee66b982ead26e192d725bf527560/execute/async - {"script":"<script> [1562 bytes]","args":[{"selector":{"controlType":"sap.m.StandardListItem","viewName":"reusables.view.manageresources.NewResourceUnit","viewId":"application-manageresources-display-component---newResourceUnit","properties":{"title":"PM Order"},"searchOpenDialogs":true,"interaction":{"idSuffix":"titleText"}},"wdio_ui5_key":"reusablesview.manageresources.NewResourceUnitsap.m.StandardListItem{\"title\":\"PM Order\"}"}]}
COMMAND: GET /session/c3dee66b982ead26e192d725bf527560/screenshot - {}
RESULT: {"script":"<script> [1562 bytes]","args":[{"selector":{"controlType":"sap.m.StandardListItem","viewName":"reusables.view.manageresources.NewResourceUnit","viewId":"application-manageresources-display-component---newResourceUnit","properties":{"title":"PM Order"},"searchOpenDialogs":true,"interaction":{"idSuffix":"titleText"}},"wdio_ui5_key":"reusablesview.manageresources.NewResourceUnitsap.m.StandardListItem{\"title\":\"PM Order\"}"}]}
RESULT: undefined
COMMAND: POST /session/c3dee66b982ead26e192d725bf527560/element - {"using":"xpath","value":"//*[@id=\"__item2130\"]"}
RESULT: {}
RESULT: {"using":"xpath","value":"//*[@id=\"__item2130\"]"}
COMMAND: POST /session/c3dee66b982ead26e192d725bf527560/element/f.9584C2A83669DBF8B89C459AF83A9E36.d.DD999A7FBC79920059579FD9E69FE1FB.e.3427/click - {}
RESULT: {}
COMMAND: GET /session/c3dee66b982ead26e192d725bf527560/screenshot - {}
RESULT: {}
COMMAND: POST /session/c3dee66b982ead26e192d725bf527560/element - {"using":"xpath","value":"(//input[contains(@id ,\"-application-manageresources-display-component---newResourceUnit--RUTimeSegment-0-inner\")])[8]"}
RESULT: {"using":"xpath","value":"(//input[contains(@id ,\"-application-manageresources-display-component---newResourceUnit--RUTimeSegment-0-inner\")])[8]"}
COMMAND: POST /session/c3dee66b982ead26e192d725bf527560/element/f.9584C2A83669DBF8B89C459AF83A9E36.d.DD999A7FBC79920059579FD9E69FE1FB.e.3430/clear - {}
RESULT: {}
COMMAND: POST /session/c3dee66b982ead26e192d725bf527560/element/f.9584C2A83669DBF8B89C459AF83A9E36.d.DD999A7FBC79920059579FD9E69FE1FB.e.3430/value - {"text":"4000360"}
COMMAND: GET /session/c3dee66b982ead26e192d725bf527560/screenshot - {}
RESULT: {"text":"4000360"}
COMMAND: GET /session/c3dee66b982ead26e192d725bf527560/screenshot - {}
RESULT: {}
RESULT: {}
COMMAND: POST /session/c3dee66b982ead26e192d725bf527560/actions - {"actions":[{"id":"action22","type":"key","parameters":{},"actions":[{"type":"keyDown","value":""},{"type":"pause","duration":10},{"type":"keyUp","value":""}]}]}
RESULT: {"actions":[{"id":"action22","type":"key","parameters":{},"actions":[{"type":"keyDown","value":""},{"type":"pause","duration":10},{"type":"keyUp","value":""}]}]}
COMMAND: GET /session/c3dee66b982ead26e192d725bf527560/screenshot - {}
RESULT: {}
COMMAND: POST /session/c3dee66b982ead26e192d725bf527560/element - {"using":"xpath","value":"//input[contains(@id ,\"application-manageresources-display-component---newResourceUnit--newTimeSegmentFromDatePicker-application-manageresources-display-component---newResourceUnit--RUTimeSegment-0-inner\")]"}
RESULT: {"using":"xpath","value":"//input[contains(@id ,\"application-manageresources-display-component---newResourceUnit--newTimeSegmentFromDatePicker-application-manageresources-display-component---newResourceUnit--RUTimeSegment-0-inner\")]"}
COMMAND: POST /session/c3dee66b982ead26e192d725bf527560/element/f.9584C2A83669DBF8B89C459AF83A9E36.d.DD999A7FBC79920059579FD9E69FE1FB.e.3416/clear - {}
RESULT: {}
COMMAND: POST /session/c3dee66b982ead26e192d725bf527560/element/f.9584C2A83669DBF8B89C459AF83A9E36.d.DD999A7FBC79920059579FD9E69FE1FB.e.3416/clear - {}
COMMAND: GET /session/c3dee66b982ead26e192d725bf527560/screenshot - {}
RESULT: {}
COMMAND: POST /session/c3dee66b982ead26e192d725bf527560/element/f.9584C2A83669DBF8B89C459AF83A9E36.d.DD999A7FBC79920059579FD9E69FE1FB.e.3416/value - {"text":"06/29/24"}
COMMAND: GET /session/c3dee66b982ead26e192d725bf527560/screenshot - {}
RESULT: {}
RESULT: {"text":"06/29/24"}
COMMAND: POST /session/c3dee66b982ead26e192d725bf527560/execute/async - {"script":"<script> [1562 bytes]","args":[{"selector":{"id":"application-manageresources-display-component---newResourceUnit--newRRUPage-anchBar-application-manageresources-display-component---newResourceUnit--resource-anchor","interaction":{"idSuffix":"BDI-content"}},"wdio_ui5_key":"applicationmanageresources-display-component---newResourceUnit--newRRUPage-anchBar-application-manageresources-display-component---newResourceUnit--resource-anchor"}]}
COMMAND: GET /session/c3dee66b982ead26e192d725bf527560/screenshot - {}
RESULT: {}
RESULT: {"script":"<script> [1562 bytes]","args":[{"selector":{"id":"application-manageresources-display-component---newResourceUnit--newRRUPage-anchBar-application-manageresources-display-component---newResourceUnit--resource-anchor","interaction":{"idSuffix":"BDI-content"}},"wdio_ui5_key":"applicationmanageresources-display-component---newResourceUnit--newRRUPage-anchBar-application-manageresources-display-component---newResourceUnit--resource-anchor"}]}
RESULT: undefined
COMMAND: POST /session/c3dee66b982ead26e192d725bf527560/element - {"using":"xpath","value":"//*[@id=\"application-manageresources-display-component---newResourceUnit--newRRUPage-anchBar-application-manageresources-display-component---newResourceUnit--resource-anchor\"]"}
RESULT: {}
RESULT: {"using":"xpath","value":"//*[@id=\"application-manageresources-display-component---newResourceUnit--newRRUPage-anchBar-application-manageresources-display-component---newResourceUnit--resource-anchor\"]"}
COMMAND: POST /session/c3dee66b982ead26e192d725bf527560/element/f.9584C2A83669DBF8B89C459AF83A9E36.d.DD999A7FBC79920059579FD9E69FE1FB.e.3451/click - {}
RESULT: {}
COMMAND: POST /session/c3dee66b982ead26e192d725bf527560/execute/async - {"script":"<script> [1562 bytes]","args":[{"selector":{"id":"application-manageresources-display-component---newResourceUnit--PLANNED_DELIVERY_DATE","interaction":{"idSuffix":"inner"}},"wdio_ui5_key":"applicationmanageresources-display-component---newResourceUnit--PLANNED_DELIVERY_DATE"}]}
COMMAND: GET /session/c3dee66b982ead26e192d725bf527560/screenshot - {}
RESULT: {"script":"<script> [1562 bytes]","args":[{"selector":{"id":"application-manageresources-display-component---newResourceUnit--PLANNED_DELIVERY_DATE","interaction":{"idSuffix":"inner"}},"wdio_ui5_key":"applicationmanageresources-display-component---newResourceUnit--PLANNED_DELIVERY_DATE"}]}
RESULT: undefined
COMMAND: POST /session/c3dee66b982ead26e192d725bf527560/execute/async - {"script":"<script> [6424 bytes]","args":[{"element-6066-11e4-a52e-4f735466cecf":"f.9584C2A83669DBF8B89C459AF83A9E36.d.DD999A7FBC79920059579FD9E69FE1FB.e.3281"},"setValue",["06/29/24"]]}
RESULT: {}
RESULT: {"script":"<script> [6424 bytes]","args":[{"element-6066-11e4-a52e-4f735466cecf":"f.9584C2A83669DBF8B89C459AF83A9E36.d.DD999A7FBC79920059579FD9E69FE1FB.e.3281"},"setValue",["06/29/24"]]}
COMMAND: POST /session/c3dee66b982ead26e192d725bf527560/execute/async - {"script":"<script> [1562 bytes]","args":[{"selector":{"id":"application-manageresources-display-component---newResourceUnit--RETIRE_PLANNED_DATE","interaction":{"idSuffix":"inner"}},"wdio_ui5_key":"applicationmanageresources-display-component---newResourceUnit--RETIRE_PLANNED_DATE"}]}
RESULT: {"script":"<script> [1562 bytes]","args":[{"selector":{"id":"application-manageresources-display-component---newResourceUnit--RETIRE_PLANNED_DATE","interaction":{"idSuffix":"inner"}},"wdio_ui5_key":"applicationmanageresources-display-component---newResourceUnit--RETIRE_PLANNED_DATE"}]}
RESULT: undefined
COMMAND: POST /session/c3dee66b982ead26e192d725bf527560/execute/async - {"script":"<script> [776 bytes]","args":[{"enterText":"3/14/29","selector":{"id":"application-manageresources-display-component---newResourceUnit--RETIRE_PLANNED_DATE","interaction":{"idSuffix":"inner"}},"clearTextFirst":true,"interactionType":"ENTER_TEXT"}]}
RESULT: {"script":"<script> [776 bytes]","args":[{"enterText":"3/14/29","selector":{"id":"application-manageresources-display-component---newResourceUnit--RETIRE_PLANNED_DATE","interaction":{"idSuffix":"inner"}},"clearTextFirst":true,"interactionType":"ENTER_TEXT"}]}
COMMAND: POST /session/c3dee66b982ead26e192d725bf527560/execute/async - {"script":"<script> [1562 bytes]","args":[{"selector":{"controlType":"sap.m.Button","viewName":"reusables.view.manageresources.NewResourceUnit","viewId":"application-manageresources-display-component---newResourceUnit","i18NText":{"propertyName":"tooltip","key":"save"},"interaction":{"idSuffix":"BDI-content"}},"wdio_ui5_key":"reusablesview.manageresources.NewResourceUnitsap.m.Button{\"propertyName\":\"tooltip\",\"key\":\"save\"}"}]}
RESULT: {"script":"<script> [1562 bytes]","args":[{"selector":{"controlType":"sap.m.Button","viewName":"reusables.view.manageresources.NewResourceUnit","viewId":"application-manageresources-display-component---newResourceUnit","i18NText":{"propertyName":"tooltip","key":"save"},"interaction":{"idSuffix":"BDI-content"}},"wdio_ui5_key":"reusablesview.manageresources.NewResourceUnitsap.m.Button{\"propertyName\":\"tooltip\",\"key\":\"save\"}"}]}
RESULT: undefined
COMMAND: POST /session/c3dee66b982ead26e192d725bf527560/element - {"using":"xpath","value":"//*[@id=\"application-manageresources-display-component---newResourceUnit--createRuButton\"]"}
RESULT: {"using":"xpath","value":"//*[@id=\"application-manageresources-display-component---newResourceUnit--createRuButton\"]"}
COMMAND: POST /session/c3dee66b982ead26e192d725bf527560/element/f.9584C2A83669DBF8B89C459AF83A9E36.d.DD999A7FBC79920059579FD9E69FE1FB.e.3240/click - {}
RESULT: {}
COMMAND: GET /session/c3dee66b982ead26e192d725bf527560/screenshot - {}
RESULT: {}
COMMAND: POST /session/c3dee66b982ead26e192d725bf527560/execute/async - {"script":"<script> [1562 bytes]","args":[{"selector":{"controlType":"sap.m.Button","properties":{"text":"Close"},"searchOpenDialogs":true,"interaction":{"idSuffix":"inner"}},"wdio_ui5_key":"sapm.Button{\"text\":\"Close\"}"}]}
RESULT: {"script":"<script> [1562 bytes]","args":[{"selector":{"controlType":"sap.m.Button","properties":{"text":"Close"},"searchOpenDialogs":true,"interaction":{"idSuffix":"inner"}},"wdio_ui5_key":"sapm.Button{\"text\":\"Close\"}"}]}
RESULT: undefined
COMMAND: POST /session/c3dee66b982ead26e192d725bf527560/element - {"using":"xpath","value":"//*[@id=\"__mbox-btn-0\"]"}
RESULT: {"using":"xpath","value":"//*[@id=\"__mbox-btn-0\"]"}
COMMAND: POST /session/c3dee66b982ead26e192d725bf527560/element/f.9584C2A83669DBF8B89C459AF83A9E36.d.DD999A7FBC79920059579FD9E69FE1FB.e.3459/click - {}
RESULT: {}
COMMAND: GET /session/c3dee66b982ead26e192d725bf527560/screenshot - {}
RESULT: {}
COMMAND: POST /session/c3dee66b982ead26e192d725bf527560/execute/async - {"script":"<script> [1562 bytes]","args":[{"selector":{"controlType":"sap.m.Text","viewName":"etm.portal.ui.manageresources.view.Detail","viewId":"application-manageresources-display-component---detailRU","bindingPath":{"propertyPath":"ID","modelName":"catalogModel"}},"wdio_ui5_key":"etmportal.ui.manageresources.view.Detailsap.m.Text{\"propertyPath\":\"ID\",\"modelName\":\"catalogModel\"}"}]}
RESULT: {"script":"<script> [1562 bytes]","args":[{"selector":{"controlType":"sap.m.Text","viewName":"etm.portal.ui.manageresources.view.Detail","viewId":"application-manageresources-display-component---detailRU","bindingPath":{"propertyPath":"ID","modelName":"catalogModel"}},"wdio_ui5_key":"etmportal.ui.manageresources.view.Detailsap.m.Text{\"propertyPath\":\"ID\",\"modelName\":\"catalogModel\"}"}]}
RESULT: undefined
COMMAND: POST /session/c3dee66b982ead26e192d725bf527560/execute/async - {"script":"<script> [6424 bytes]","args":[{"element-6066-11e4-a52e-4f735466cecf":"f.9584C2A83669DBF8B89C459AF83A9E36.d.DD999A7FBC79920059579FD9E69FE1FB.e.3496"},"getText",[]]}
RESULT: {"script":"<script> [6424 bytes]","args":[{"element-6066-11e4-a52e-4f735466cecf":"f.9584C2A83669DBF8B89C459AF83A9E36.d.DD999A7FBC79920059579FD9E69FE1FB.e.3496"},"getText",[]]}
COMMAND: POST /session/c3dee66b982ead26e192d725bf527560/element - {"using":"css selector","value":"#shell-header-logo"}
RESULT: {"using":"css selector","value":"#shell-header-logo"}
COMMAND: POST /session/c3dee66b982ead26e192d725bf527560/element/f.9584C2A83669DBF8B89C459AF83A9E36.d.DD999A7FBC79920059579FD9E69FE1FB.e.2858/click - {}
RESULT: {}
COMMAND: GET /session/c3dee66b982ead26e192d725bf527560/screenshot - {}
RESULT: {}
]]></system-out>
    </testcase>
    <testcase classname="chrome.136_0_7103_93.windows.Verify_RU_inventory_split_cost_information_US139363" name="Should do a stock increase for the equipment" time="80.335">
      <system-out><![CDATA[
COMMAND: POST /session/c3dee66b982ead26e192d725bf527560/execute/async - {"script":"<script> [1562 bytes]","args":[{"selector":{"controlType":"sap.m.GenericTile","properties":{"header":"Manage Handovers"}},"wdio_ui5_key":"sapm.GenericTile{\"header\":\"Manage Handovers\"}"}]}
RESULT: {"script":"<script> [1562 bytes]","args":[{"selector":{"controlType":"sap.m.GenericTile","properties":{"header":"Manage Handovers"}},"wdio_ui5_key":"sapm.GenericTile{\"header\":\"Manage Handovers\"}"}]}
RESULT: undefined
COMMAND: POST /session/c3dee66b982ead26e192d725bf527560/element - {"using":"xpath","value":"//*[@id=\"__tile132\"]"}
RESULT: {"using":"xpath","value":"//*[@id=\"__tile132\"]"}
COMMAND: POST /session/c3dee66b982ead26e192d725bf527560/element/f.9584C2A83669DBF8B89C459AF83A9E36.d.DD999A7FBC79920059579FD9E69FE1FB.e.3498/click - {}
RESULT: {}
COMMAND: GET /session/c3dee66b982ead26e192d725bf527560/screenshot - {}
RESULT: {}
COMMAND: POST /session/c3dee66b982ead26e192d725bf527560/elements - {"using":"xpath","value":"//span[text()='Error']"}
RESULT: {"using":"xpath","value":"//span[text()='Error']"}
COMMAND: POST /session/c3dee66b982ead26e192d725bf527560/element - {"using":"xpath","value":"//button[@data-kt=\"masterHOAddButton\"]"}
RESULT: {"using":"xpath","value":"//button[@data-kt=\"masterHOAddButton\"]"}
COMMAND: POST /session/c3dee66b982ead26e192d725bf527560/execute/sync - {"script":"<script> [8489 bytes]","args":[{"element-6066-11e4-a52e-4f735466cecf":"f.9584C2A83669DBF8B89C459AF83A9E36.d.DD999A7FBC79920059579FD9E69FE1FB.e.3552","ELEMENT":"f.9584C2A83669DBF8B89C459AF83A9E36.d.DD999A7FBC79920059579FD9E69FE1FB.e.3552"}]}
RESULT: {"script":"<script> [8489 bytes]","args":[{"element-6066-11e4-a52e-4f735466cecf":"f.9584C2A83669DBF8B89C459AF83A9E36.d.DD999A7FBC79920059579FD9E69FE1FB.e.3552","ELEMENT":"f.9584C2A83669DBF8B89C459AF83A9E36.d.DD999A7FBC79920059579FD9E69FE1FB.e.3552"}]}
COMMAND: POST /session/c3dee66b982ead26e192d725bf527560/element/f.9584C2A83669DBF8B89C459AF83A9E36.d.DD999A7FBC79920059579FD9E69FE1FB.e.3552/click - {}
COMMAND: GET /session/c3dee66b982ead26e192d725bf527560/screenshot - {}
RESULT: {}
COMMAND: GET /session/c3dee66b982ead26e192d725bf527560/screenshot - {}
COMMAND: POST /session/c3dee66b982ead26e192d725bf527560/element - {"using":"xpath","value":"//span[contains(@id ,\"AddNewHO--typeSelect-arrow\")]"}
RESULT: {}
RESULT: {}
RESULT: {"using":"xpath","value":"//span[contains(@id ,\"AddNewHO--typeSelect-arrow\")]"}
COMMAND: POST /session/c3dee66b982ead26e192d725bf527560/element/f.9584C2A83669DBF8B89C459AF83A9E36.d.DD999A7FBC79920059579FD9E69FE1FB.e.3909/click - {}
RESULT: {}
COMMAND: GET /session/c3dee66b982ead26e192d725bf527560/screenshot - {}
RESULT: {}
COMMAND: POST /session/c3dee66b982ead26e192d725bf527560/element - {"using":"xpath","value":"(//li[contains(text(), \"stock increase yard\")])[1]"}
RESULT: {"using":"xpath","value":"(//li[contains(text(), \"stock increase yard\")])[1]"}
COMMAND: POST /session/c3dee66b982ead26e192d725bf527560/element/f.9584C2A83669DBF8B89C459AF83A9E36.d.DD999A7FBC79920059579FD9E69FE1FB.e.3910/click - {}
RESULT: {}
COMMAND: GET /session/c3dee66b982ead26e192d725bf527560/screenshot - {}
RESULT: {}
COMMAND: POST /session/c3dee66b982ead26e192d725bf527560/execute/async - {"script":"<script> [1562 bytes]","args":[{"selector":{"id":"application-managehandovers-display-component---AddNewHO--dueDate","interaction":{"idSuffix":"inner"}},"wdio_ui5_key":"applicationmanagehandovers-display-component---AddNewHO--dueDate"}]}
RESULT: {"script":"<script> [1562 bytes]","args":[{"selector":{"id":"application-managehandovers-display-component---AddNewHO--dueDate","interaction":{"idSuffix":"inner"}},"wdio_ui5_key":"applicationmanagehandovers-display-component---AddNewHO--dueDate"}]}
RESULT: undefined
COMMAND: POST /session/c3dee66b982ead26e192d725bf527560/execute/async - {"script":"<script> [6424 bytes]","args":[{"element-6066-11e4-a52e-4f735466cecf":"f.9584C2A83669DBF8B89C459AF83A9E36.d.DD999A7FBC79920059579FD9E69FE1FB.e.3913"},"setValue",["5/29/25"]]}
RESULT: {"script":"<script> [6424 bytes]","args":[{"element-6066-11e4-a52e-4f735466cecf":"f.9584C2A83669DBF8B89C459AF83A9E36.d.DD999A7FBC79920059579FD9E69FE1FB.e.3913"},"setValue",["5/29/25"]]}
COMMAND: POST /session/c3dee66b982ead26e192d725bf527560/element - {"using":"xpath","value":"//input[@id=\"generalSectionFrg--receiveYard-inner\"]"}
RESULT: {"using":"xpath","value":"//input[@id=\"generalSectionFrg--receiveYard-inner\"]"}
COMMAND: POST /session/c3dee66b982ead26e192d725bf527560/element/f.9584C2A83669DBF8B89C459AF83A9E36.d.DD999A7FBC79920059579FD9E69FE1FB.e.3919/clear - {}
RESULT: {}
COMMAND: POST /session/c3dee66b982ead26e192d725bf527560/element/f.9584C2A83669DBF8B89C459AF83A9E36.d.DD999A7FBC79920059579FD9E69FE1FB.e.3919/value - {"text":"webdriveryard"}
COMMAND: GET /session/c3dee66b982ead26e192d725bf527560/screenshot - {}
RESULT: {"text":"webdriveryard"}
COMMAND: GET /session/c3dee66b982ead26e192d725bf527560/screenshot - {}
RESULT: {}
RESULT: {}
COMMAND: POST /session/c3dee66b982ead26e192d725bf527560/execute/async - {"script":"<script> [1562 bytes]","args":[{"selector":{"id":"application-managehandovers-display-component---AddNewHO--ObjectPageLayout-anchBar-application-managehandovers-display-component---AddNewHO--section4-anchor","interaction":{"idSuffix":"BDI-content"}},"wdio_ui5_key":"applicationmanagehandovers-display-component---AddNewHO--ObjectPageLayout-anchBar-application-managehandovers-display-component---AddNewHO--section4-anchor"}]}
RESULT: {"script":"<script> [1562 bytes]","args":[{"selector":{"id":"application-managehandovers-display-component---AddNewHO--ObjectPageLayout-anchBar-application-managehandovers-display-component---AddNewHO--section4-anchor","interaction":{"idSuffix":"BDI-content"}},"wdio_ui5_key":"applicationmanagehandovers-display-component---AddNewHO--ObjectPageLayout-anchBar-application-managehandovers-display-component---AddNewHO--section4-anchor"}]}
RESULT: undefined
COMMAND: POST /session/c3dee66b982ead26e192d725bf527560/element - {"using":"xpath","value":"//*[@id=\"application-managehandovers-display-component---AddNewHO--ObjectPageLayout-anchBar-application-managehandovers-display-component---AddNewHO--section4-anchor\"]"}
RESULT: {"using":"xpath","value":"//*[@id=\"application-managehandovers-display-component---AddNewHO--ObjectPageLayout-anchBar-application-managehandovers-display-component---AddNewHO--section4-anchor\"]"}
COMMAND: POST /session/c3dee66b982ead26e192d725bf527560/element/f.9584C2A83669DBF8B89C459AF83A9E36.d.DD999A7FBC79920059579FD9E69FE1FB.e.3940/click - {}
RESULT: {}
COMMAND: GET /session/c3dee66b982ead26e192d725bf527560/screenshot - {}
RESULT: {}
COMMAND: POST /session/c3dee66b982ead26e192d725bf527560/element - {"using":"xpath","value":"//button[@aria-label=\"Add\"]"}
RESULT: {"using":"xpath","value":"//button[@aria-label=\"Add\"]"}
COMMAND: POST /session/c3dee66b982ead26e192d725bf527560/element/f.9584C2A83669DBF8B89C459AF83A9E36.d.DD999A7FBC79920059579FD9E69FE1FB.e.3944/click - {}
RESULT: {}
COMMAND: GET /session/c3dee66b982ead26e192d725bf527560/screenshot - {}
RESULT: {}
COMMAND: POST /session/c3dee66b982ead26e192d725bf527560/execute/async - {"script":"<script> [1562 bytes]","args":[{"selector":{"id":"application-managehandovers-display-component---AddNewHO--smartFilterBar-btnBasicSearch","searchOpenDialogs":true,"interaction":{"idSuffix":"I"}},"wdio_ui5_key":"applicationmanagehandovers-display-component---AddNewHO--smartFilterBar-btnBasicSearch"}]}
RESULT: {"script":"<script> [1562 bytes]","args":[{"selector":{"id":"application-managehandovers-display-component---AddNewHO--smartFilterBar-btnBasicSearch","searchOpenDialogs":true,"interaction":{"idSuffix":"I"}},"wdio_ui5_key":"applicationmanagehandovers-display-component---AddNewHO--smartFilterBar-btnBasicSearch"}]}
RESULT: undefined
COMMAND: POST /session/c3dee66b982ead26e192d725bf527560/execute/async - {"script":"<script> [776 bytes]","args":[{"enterText":"WdIOTestEquipycz41l","selector":{"id":"application-managehandovers-display-component---AddNewHO--smartFilterBar-btnBasicSearch","searchOpenDialogs":true,"interaction":{"idSuffix":"I"}},"clearTextFirst":true,"interactionType":"ENTER_TEXT"}]}
RESULT: {"script":"<script> [776 bytes]","args":[{"enterText":"WdIOTestEquipycz41l","selector":{"id":"application-managehandovers-display-component---AddNewHO--smartFilterBar-btnBasicSearch","searchOpenDialogs":true,"interaction":{"idSuffix":"I"}},"clearTextFirst":true,"interactionType":"ENTER_TEXT"}]}
COMMAND: POST /session/c3dee66b982ead26e192d725bf527560/actions - {"actions":[{"id":"action23","type":"key","parameters":{},"actions":[{"type":"keyDown","value":""},{"type":"pause","duration":10},{"type":"keyUp","value":""}]}]}
RESULT: {"actions":[{"id":"action23","type":"key","parameters":{},"actions":[{"type":"keyDown","value":""},{"type":"pause","duration":10},{"type":"keyUp","value":""}]}]}
COMMAND: POST /session/c3dee66b982ead26e192d725bf527560/execute/async - {"script":"<script> [1562 bytes]","args":[{"selector":{"id":"application-managehandovers-display-component---AddNewHO--popup-sa","searchOpenDialogs":true,"interaction":{"idSuffix":"CbBg"}},"wdio_ui5_key":"applicationmanagehandovers-display-component---AddNewHO--popup-sa"}]}
COMMAND: GET /session/c3dee66b982ead26e192d725bf527560/screenshot - {}
RESULT: {"script":"<script> [1562 bytes]","args":[{"selector":{"id":"application-managehandovers-display-component---AddNewHO--popup-sa","searchOpenDialogs":true,"interaction":{"idSuffix":"CbBg"}},"wdio_ui5_key":"applicationmanagehandovers-display-component---AddNewHO--popup-sa"}]}
RESULT: undefined
COMMAND: POST /session/c3dee66b982ead26e192d725bf527560/element - {"using":"xpath","value":"//*[@id=\"application-managehandovers-display-component---AddNewHO--popup-sa\"]"}
RESULT: {}
RESULT: {"using":"xpath","value":"//*[@id=\"application-managehandovers-display-component---AddNewHO--popup-sa\"]"}
COMMAND: POST /session/c3dee66b982ead26e192d725bf527560/element/f.9584C2A83669DBF8B89C459AF83A9E36.d.DD999A7FBC79920059579FD9E69FE1FB.e.4056/click - {}
RESULT: {}
COMMAND: GET /session/c3dee66b982ead26e192d725bf527560/screenshot - {}
RESULT: {}
COMMAND: POST /session/c3dee66b982ead26e192d725bf527560/element - {"using":"xpath","value":"//bdi[contains(text(), \"Select\")]"}
RESULT: {"using":"xpath","value":"//bdi[contains(text(), \"Select\")]"}
COMMAND: POST /session/c3dee66b982ead26e192d725bf527560/element/f.9584C2A83669DBF8B89C459AF83A9E36.d.DD999A7FBC79920059579FD9E69FE1FB.e.4057/click - {}
RESULT: {}
COMMAND: GET /session/c3dee66b982ead26e192d725bf527560/screenshot - {}
RESULT: {}
COMMAND: POST /session/c3dee66b982ead26e192d725bf527560/element - {"using":"xpath","value":"//button[@data-kt=\"AddNewHOSaveButton\"]"}
RESULT: {"using":"xpath","value":"//button[@data-kt=\"AddNewHOSaveButton\"]"}
COMMAND: POST /session/c3dee66b982ead26e192d725bf527560/element/f.9584C2A83669DBF8B89C459AF83A9E36.d.DD999A7FBC79920059579FD9E69FE1FB.e.4061/click - {}
RESULT: {}
COMMAND: GET /session/c3dee66b982ead26e192d725bf527560/screenshot - {}
RESULT: {}
COMMAND: POST /session/c3dee66b982ead26e192d725bf527560/execute/async - {"script":"<script> [1562 bytes]","args":[{"selector":{"id":"receiptDatePicker","viewName":"etm.portal.ui.managehandovers.view.DetailExecuteHO","interaction":{"idSuffix":"inner"}},"wdio_ui5_key":"receiptDatePickeretmportal.ui.managehandovers.view.DetailExecuteHO"}]}
RESULT: {"script":"<script> [1562 bytes]","args":[{"selector":{"id":"receiptDatePicker","viewName":"etm.portal.ui.managehandovers.view.DetailExecuteHO","interaction":{"idSuffix":"inner"}},"wdio_ui5_key":"receiptDatePickeretmportal.ui.managehandovers.view.DetailExecuteHO"}]}
RESULT: undefined
COMMAND: POST /session/c3dee66b982ead26e192d725bf527560/execute/async - {"script":"<script> [6424 bytes]","args":[{"element-6066-11e4-a52e-4f735466cecf":"f.9584C2A83669DBF8B89C459AF83A9E36.d.DD999A7FBC79920059579FD9E69FE1FB.e.4090"},"setValue",["5/29/25"]]}
RESULT: {"script":"<script> [6424 bytes]","args":[{"element-6066-11e4-a52e-4f735466cecf":"f.9584C2A83669DBF8B89C459AF83A9E36.d.DD999A7FBC79920059579FD9E69FE1FB.e.4090"},"setValue",["5/29/25"]]}
COMMAND: POST /session/c3dee66b982ead26e192d725bf527560/actions - {"actions":[{"id":"action24","type":"key","parameters":{},"actions":[{"type":"keyDown","value":""},{"type":"pause","duration":10},{"type":"keyUp","value":""}]}]}
RESULT: {"actions":[{"id":"action24","type":"key","parameters":{},"actions":[{"type":"keyDown","value":""},{"type":"pause","duration":10},{"type":"keyUp","value":""}]}]}
COMMAND: POST /session/c3dee66b982ead26e192d725bf527560/actions - {"actions":[{"id":"action25","type":"key","parameters":{},"actions":[{"type":"keyDown","value":""},{"type":"pause","duration":10},{"type":"keyUp","value":""}]}]}
COMMAND: GET /session/c3dee66b982ead26e192d725bf527560/screenshot - {}
RESULT: {"actions":[{"id":"action25","type":"key","parameters":{},"actions":[{"type":"keyDown","value":""},{"type":"pause","duration":10},{"type":"keyUp","value":""}]}]}
COMMAND: POST /session/c3dee66b982ead26e192d725bf527560/element - {"using":"xpath","value":"//button[@data-kt=\"ReceivingTableConfirmAllButton\"]"}
COMMAND: GET /session/c3dee66b982ead26e192d725bf527560/screenshot - {}
RESULT: {}
RESULT: {"using":"xpath","value":"//button[@data-kt=\"ReceivingTableConfirmAllButton\"]"}
COMMAND: POST /session/c3dee66b982ead26e192d725bf527560/element/f.9584C2A83669DBF8B89C459AF83A9E36.d.DD999A7FBC79920059579FD9E69FE1FB.e.4106/click - {}
RESULT: {}
RESULT: {}
COMMAND: GET /session/c3dee66b982ead26e192d725bf527560/screenshot - {}
RESULT: {}
COMMAND: POST /session/c3dee66b982ead26e192d725bf527560/element - {"using":"xpath","value":"//bdi[contains(text(), \"OK\")]"}
RESULT: {"using":"xpath","value":"//bdi[contains(text(), \"OK\")]"}
COMMAND: POST /session/c3dee66b982ead26e192d725bf527560/element/f.9584C2A83669DBF8B89C459AF83A9E36.d.DD999A7FBC79920059579FD9E69FE1FB.e.4109/click - {}
RESULT: {}
COMMAND: GET /session/c3dee66b982ead26e192d725bf527560/screenshot - {}
RESULT: {}
COMMAND: POST /session/c3dee66b982ead26e192d725bf527560/element - {"using":"xpath","value":"(//bdi[contains(text(), \"Receive\")])[2]"}
RESULT: {"using":"xpath","value":"(//bdi[contains(text(), \"Receive\")])[2]"}
COMMAND: POST /session/c3dee66b982ead26e192d725bf527560/element/f.9584C2A83669DBF8B89C459AF83A9E36.d.DD999A7FBC79920059579FD9E69FE1FB.e.4110/click - {}
RESULT: {}
COMMAND: GET /session/c3dee66b982ead26e192d725bf527560/screenshot - {}
RESULT: {}
COMMAND: POST /session/c3dee66b982ead26e192d725bf527560/element - {"using":"css selector","value":"#shell-header-logo"}
RESULT: {"using":"css selector","value":"#shell-header-logo"}
COMMAND: POST /session/c3dee66b982ead26e192d725bf527560/element/f.9584C2A83669DBF8B89C459AF83A9E36.d.DD999A7FBC79920059579FD9E69FE1FB.e.3502/click - {}
RESULT: {}
COMMAND: GET /session/c3dee66b982ead26e192d725bf527560/screenshot - {}
]]></system-out>
    </testcase>
    <testcase classname="chrome.136_0_7103_93.windows.Verify_RU_inventory_split_cost_information_US139363" name="Should navigate to RU inventory and add the resource to the contract" time="82.141">
      <system-out><![CDATA[
COMMAND: POST /session/c3dee66b982ead26e192d725bf527560/execute/async - {"script":"<script> [1562 bytes]","args":[{"selector":{"controlType":"sap.m.GenericTile","properties":{"header":"RU Inventory List"}},"wdio_ui5_key":"sapm.GenericTile{\"header\":\"RU Inventory List\"}"}]}
RESULT: {}
RESULT: {"script":"<script> [1562 bytes]","args":[{"selector":{"controlType":"sap.m.GenericTile","properties":{"header":"RU Inventory List"}},"wdio_ui5_key":"sapm.GenericTile{\"header\":\"RU Inventory List\"}"}]}
RESULT: undefined
COMMAND: POST /session/c3dee66b982ead26e192d725bf527560/element - {"using":"xpath","value":"//*[@id=\"__tile99\"]"}
RESULT: {"using":"xpath","value":"//*[@id=\"__tile99\"]"}
COMMAND: POST /session/c3dee66b982ead26e192d725bf527560/element/f.9584C2A83669DBF8B89C459AF83A9E36.d.DD999A7FBC79920059579FD9E69FE1FB.e.4256/click - {}
RESULT: {}
COMMAND: GET /session/c3dee66b982ead26e192d725bf527560/screenshot - {}
RESULT: {}
COMMAND: POST /session/c3dee66b982ead26e192d725bf527560/elements - {"using":"xpath","value":"//span[text()='Error']"}
RESULT: {"using":"xpath","value":"//span[text()='Error']"}
COMMAND: POST /session/c3dee66b982ead26e192d725bf527560/execute/async - {"script":"<script> [1562 bytes]","args":[{"selector":{"id":"application-ruinventorylist-display-component---Master--smartFilterBar-btnBasicSearch","interaction":{"idSuffix":"I"}},"wdio_ui5_key":"applicationruinventorylist-display-component---Master--smartFilterBar-btnBasicSearch"}]}
RESULT: {"script":"<script> [1562 bytes]","args":[{"selector":{"id":"application-ruinventorylist-display-component---Master--smartFilterBar-btnBasicSearch","interaction":{"idSuffix":"I"}},"wdio_ui5_key":"applicationruinventorylist-display-component---Master--smartFilterBar-btnBasicSearch"}]}
RESULT: undefined
COMMAND: POST /session/c3dee66b982ead26e192d725bf527560/execute/async - {"script":"<script> [776 bytes]","args":[{"enterText":"WdIOTestEquipycz41l","selector":{"id":"application-ruinventorylist-display-component---Master--smartFilterBar-btnBasicSearch","interaction":{"idSuffix":"I"}},"clearTextFirst":true,"interactionType":"ENTER_TEXT"}]}
RESULT: {"script":"<script> [776 bytes]","args":[{"enterText":"WdIOTestEquipycz41l","selector":{"id":"application-ruinventorylist-display-component---Master--smartFilterBar-btnBasicSearch","interaction":{"idSuffix":"I"}},"clearTextFirst":true,"interactionType":"ENTER_TEXT"}]}
COMMAND: POST /session/c3dee66b982ead26e192d725bf527560/actions - {"actions":[{"id":"action26","type":"key","parameters":{},"actions":[{"type":"keyDown","value":""},{"type":"pause","duration":10},{"type":"keyUp","value":""}]}]}
RESULT: {"actions":[{"id":"action26","type":"key","parameters":{},"actions":[{"type":"keyDown","value":""},{"type":"pause","duration":10},{"type":"keyUp","value":""}]}]}
COMMAND: GET /session/c3dee66b982ead26e192d725bf527560/screenshot - {}
RESULT: {}
COMMAND: POST /session/c3dee66b982ead26e192d725bf527560/execute/async - {"script":"<script> [1562 bytes]","args":[{"selector":{"id":"application-ruinventorylist-display-component---Master--smartTableRuInventoryList-header"},"wdio_ui5_key":"applicationruinventorylist-display-component---Master--smartTableRuInventoryList-header"}]}
RESULT: {"script":"<script> [1562 bytes]","args":[{"selector":{"id":"application-ruinventorylist-display-component---Master--smartTableRuInventoryList-header"},"wdio_ui5_key":"applicationruinventorylist-display-component---Master--smartTableRuInventoryList-header"}]}
RESULT: undefined
COMMAND: POST /session/c3dee66b982ead26e192d725bf527560/execute/async - {"script":"<script> [6424 bytes]","args":[{"element-6066-11e4-a52e-4f735466cecf":"f.9584C2A83669DBF8B89C459AF83A9E36.d.DD999A7FBC79920059579FD9E69FE1FB.e.4464"},"getText",[]]}
RESULT: {"script":"<script> [6424 bytes]","args":[{"element-6066-11e4-a52e-4f735466cecf":"f.9584C2A83669DBF8B89C459AF83A9E36.d.DD999A7FBC79920059579FD9E69FE1FB.e.4464"},"getText",[]]}
COMMAND: POST /session/c3dee66b982ead26e192d725bf527560/execute/async - {"script":"<script> [1562 bytes]","args":[{"selector":{"id":"application-ruinventorylist-display-component---Master--createContractItemsBtn-img"},"wdio_ui5_key":"applicationruinventorylist-display-component---Master--createContractItemsBtn-img"}]}
RESULT: {"script":"<script> [1562 bytes]","args":[{"selector":{"id":"application-ruinventorylist-display-component---Master--createContractItemsBtn-img"},"wdio_ui5_key":"applicationruinventorylist-display-component---Master--createContractItemsBtn-img"}]}
RESULT: undefined
COMMAND: POST /session/c3dee66b982ead26e192d725bf527560/element - {"using":"xpath","value":"//*[@id=\"application-ruinventorylist-display-component---Master--createContractItemsBtn-img\"]"}
RESULT: {"using":"xpath","value":"//*[@id=\"application-ruinventorylist-display-component---Master--createContractItemsBtn-img\"]"}
COMMAND: POST /session/c3dee66b982ead26e192d725bf527560/element/f.9584C2A83669DBF8B89C459AF83A9E36.d.DD999A7FBC79920059579FD9E69FE1FB.e.4302/click - {}
RESULT: {}
COMMAND: GET /session/c3dee66b982ead26e192d725bf527560/screenshot - {}
RESULT: {}
COMMAND: POST /session/c3dee66b982ead26e192d725bf527560/element - {"using":"xpath","value":"//div[contains(@id ,\"application-ruinventorylist-display-component---Master--tableRuInventoryList-sa-CbBg\")]"}
RESULT: {"using":"xpath","value":"//div[contains(@id ,\"application-ruinventorylist-display-component---Master--tableRuInventoryList-sa-CbBg\")]"}
COMMAND: POST /session/c3dee66b982ead26e192d725bf527560/element/f.9584C2A83669DBF8B89C459AF83A9E36.d.DD999A7FBC79920059579FD9E69FE1FB.e.4473/click - {}
RESULT: {}
RESULT: undefined
COMMAND: POST /session/c3dee66b982ead26e192d725bf527560/element - {"using":"xpath","value":"//*[@id=\"application-ruinventorylist-display-component---Master--createContractItemsBtn-img\"]"}
COMMAND: GET /session/c3dee66b982ead26e192d725bf527560/screenshot - {}
RESULT: {"using":"xpath","value":"//*[@id=\"application-ruinventorylist-display-component---Master--createContractItemsBtn-img\"]"}
COMMAND: POST /session/c3dee66b982ead26e192d725bf527560/element/f.9584C2A83669DBF8B89C459AF83A9E36.d.DD999A7FBC79920059579FD9E69FE1FB.e.4302/click - {}
RESULT: {}
RESULT: {}
COMMAND: GET /session/c3dee66b982ead26e192d725bf527560/screenshot - {}
RESULT: {}
COMMAND: POST /session/c3dee66b982ead26e192d725bf527560/element - {"using":"xpath","value":"//div[contains(@class ,\"sapMObjStatus sapMObjStatusError sapMObjStatusActive\")]"}
RESULT: {"using":"xpath","value":"//div[contains(@class ,\"sapMObjStatus sapMObjStatusError sapMObjStatusActive\")]"}
COMMAND: POST /session/c3dee66b982ead26e192d725bf527560/elements - {"using":"xpath","value":"//div[contains(@class ,\"sapMObjStatus sapMObjStatusError sapMObjStatusActive\")]"}
RESULT: {"using":"xpath","value":"//div[contains(@class ,\"sapMObjStatus sapMObjStatusError sapMObjStatusActive\")]"}
COMMAND: POST /session/c3dee66b982ead26e192d725bf527560/element - {"using":"xpath","value":"//input[contains(@id, \"application-ruinventorylist-display-component---Master--contractCb-inner\")]"}
RESULT: {"using":"xpath","value":"//input[contains(@id, \"application-ruinventorylist-display-component---Master--contractCb-inner\")]"}
COMMAND: POST /session/c3dee66b982ead26e192d725bf527560/element/f.9584C2A83669DBF8B89C459AF83A9E36.d.DD999A7FBC79920059579FD9E69FE1FB.e.4476/clear - {}
RESULT: {}
COMMAND: POST /session/c3dee66b982ead26e192d725bf527560/element/f.9584C2A83669DBF8B89C459AF83A9E36.d.DD999A7FBC79920059579FD9E69FE1FB.e.4476/value - {"text":"10372"}
COMMAND: GET /session/c3dee66b982ead26e192d725bf527560/screenshot - {}
RESULT: {"text":"10372"}
COMMAND: GET /session/c3dee66b982ead26e192d725bf527560/screenshot - {}
RESULT: {}
RESULT: {}
COMMAND: POST /session/c3dee66b982ead26e192d725bf527560/actions - {"actions":[{"id":"action27","type":"key","parameters":{},"actions":[{"type":"keyDown","value":""},{"type":"pause","duration":10},{"type":"keyUp","value":""}]}]}
RESULT: {"actions":[{"id":"action27","type":"key","parameters":{},"actions":[{"type":"keyDown","value":""},{"type":"pause","duration":10},{"type":"keyUp","value":""}]}]}
COMMAND: GET /session/c3dee66b982ead26e192d725bf527560/screenshot - {}
RESULT: {}
COMMAND: POST /session/c3dee66b982ead26e192d725bf527560/actions - {"actions":[{"id":"action28","type":"key","parameters":{},"actions":[{"type":"keyDown","value":""},{"type":"pause","duration":10},{"type":"keyUp","value":""}]}]}
RESULT: {"actions":[{"id":"action28","type":"key","parameters":{},"actions":[{"type":"keyDown","value":""},{"type":"pause","duration":10},{"type":"keyUp","value":""}]}]}
COMMAND: GET /session/c3dee66b982ead26e192d725bf527560/screenshot - {}
RESULT: {}
COMMAND: POST /session/c3dee66b982ead26e192d725bf527560/element - {"using":"xpath","value":"//input[contains(@id, \"application-ruinventorylist-display-component---Master--endDate-inner\")]"}
RESULT: {"using":"xpath","value":"//input[contains(@id, \"application-ruinventorylist-display-component---Master--endDate-inner\")]"}
COMMAND: POST /session/c3dee66b982ead26e192d725bf527560/element/f.9584C2A83669DBF8B89C459AF83A9E36.d.DD999A7FBC79920059579FD9E69FE1FB.e.4479/clear - {}
RESULT: {}
COMMAND: POST /session/c3dee66b982ead26e192d725bf527560/element/f.9584C2A83669DBF8B89C459AF83A9E36.d.DD999A7FBC79920059579FD9E69FE1FB.e.4479/value - {"text":"05/30/25"}
COMMAND: GET /session/c3dee66b982ead26e192d725bf527560/screenshot - {}
RESULT: {"text":"05/30/25"}
COMMAND: POST /session/c3dee66b982ead26e192d725bf527560/element - {"using":"xpath","value":"(//div[contains(@data-kt ,\"characteristicsObjectStatus\")])[2]"}
COMMAND: GET /session/c3dee66b982ead26e192d725bf527560/screenshot - {}
RESULT: {}
RESULT: {"using":"xpath","value":"(//div[contains(@data-kt ,\"characteristicsObjectStatus\")])[2]"}
COMMAND: POST /session/c3dee66b982ead26e192d725bf527560/element/f.9584C2A83669DBF8B89C459AF83A9E36.d.DD999A7FBC79920059579FD9E69FE1FB.e.4493/click - {}
RESULT: {}
RESULT: {}
COMMAND: GET /session/c3dee66b982ead26e192d725bf527560/screenshot - {}
RESULT: {}
COMMAND: POST /session/c3dee66b982ead26e192d725bf527560/element - {"using":"xpath","value":"//span[contains(@id ,\"application-ruinventorylist-display-component---Master--addSplitCharacteristicsRowButton-img\")]"}
RESULT: {"using":"xpath","value":"//span[contains(@id ,\"application-ruinventorylist-display-component---Master--addSplitCharacteristicsRowButton-img\")]"}
COMMAND: POST /session/c3dee66b982ead26e192d725bf527560/element/f.9584C2A83669DBF8B89C459AF83A9E36.d.DD999A7FBC79920059579FD9E69FE1FB.e.4497/click - {}
RESULT: {}
COMMAND: POST /session/c3dee66b982ead26e192d725bf527560/element - {"using":"xpath","value":"(//input[contains(@id ,\"application-ruinventorylist-display-component---Master--splitCharacteristicsTable-0-inner\")])[1]"}
COMMAND: GET /session/c3dee66b982ead26e192d725bf527560/screenshot - {}
RESULT: {"using":"xpath","value":"(//input[contains(@id ,\"application-ruinventorylist-display-component---Master--splitCharacteristicsTable-0-inner\")])[1]"}
COMMAND: POST /session/c3dee66b982ead26e192d725bf527560/element/f.9584C2A83669DBF8B89C459AF83A9E36.d.DD999A7FBC79920059579FD9E69FE1FB.e.4499/clear - {}
RESULT: {}
RESULT: {}
COMMAND: POST /session/c3dee66b982ead26e192d725bf527560/element/f.9584C2A83669DBF8B89C459AF83A9E36.d.DD999A7FBC79920059579FD9E69FE1FB.e.4499/value - {"text":"Cost Center"}
COMMAND: GET /session/c3dee66b982ead26e192d725bf527560/screenshot - {}
RESULT: {"text":"Cost Center"}
COMMAND: GET /session/c3dee66b982ead26e192d725bf527560/screenshot - {}
RESULT: {}
RESULT: {}
COMMAND: POST /session/c3dee66b982ead26e192d725bf527560/actions - {"actions":[{"id":"action29","type":"key","parameters":{},"actions":[{"type":"keyDown","value":""},{"type":"pause","duration":10},{"type":"keyUp","value":""}]}]}
RESULT: {"actions":[{"id":"action29","type":"key","parameters":{},"actions":[{"type":"keyDown","value":""},{"type":"pause","duration":10},{"type":"keyUp","value":""}]}]}
COMMAND: POST /session/c3dee66b982ead26e192d725bf527560/execute/async - {"script":"<script> [1562 bytes]","args":[{"selector":{"controlType":"sap.ui.core.Icon","viewName":"etm.portal.ui.ruinventorylist.view.Master","viewId":"application-ruinventorylist-display-component---Master","properties":{"src":{"regex":{"source":"value\\-help"}}},"searchOpenDialogs":true,"ancestor":{"controlType":"sap.m.ColumnListItem","viewName":"etm.portal.ui.ruinventorylist.view.Master","viewId":"application-ruinventorylist-display-component---Master","bindingPath":{"modelName":"additionalRequiredFields","path":"/currentCharacteristics/0"},"ancestor":{"id":"application-ruinventorylist-display-component---Master--splitCharacteristicsTable","searchOpenDialogs":true}}},"wdio_ui5_key":"etmportal.ui.ruinventorylist.view.Mastersap.ui.core.Icon{\"src\":{\"regex\":{\"source\":\"value\\\\-help\"}}}{\"controlType\":\"sap.m.ColumnListItem\",\"viewName\":\"etm.portal.ui.ruinventorylist.view.Master\",\"viewId\":\"application-ruinventorylist-display-component---Master\",\"bindingPath\":{\"modelName\":\"additionalRequiredFields\",\"path\":\"/currentCharacteristics/0\"},\"ancestor\":{\"id\":\"application-ruinventorylist-display-component---Master--splitCharacteristicsTable\",\"searchOpenDialogs\":true}}"}]}
COMMAND: GET /session/c3dee66b982ead26e192d725bf527560/screenshot - {}
RESULT: {"script":"<script> [1562 bytes]","args":[{"selector":{"controlType":"sap.ui.core.Icon","viewName":"etm.portal.ui.ruinventorylist.view.Master","viewId":"application-ruinventorylist-display-component---Master","properties":{"src":{"regex":{"source":"value\\-help"}}},"searchOpenDialogs":true,"ancestor":{"controlType":"sap.m.ColumnListItem","viewName":"etm.portal.ui.ruinventorylist.view.Master","viewId":"application-ruinventorylist-display-component---Master","bindingPath":{"modelName":"additionalRequiredFields","path":"/currentCharacteristics/0"},"ancestor":{"id":"application-ruinventorylist-display-component---Master--splitCharacteristicsTable","searchOpenDialogs":true}}},"wdio_ui5_key":"etmportal.ui.ruinventorylist.view.Mastersap.ui.core.Icon{\"src\":{\"regex\":{\"source\":\"value\\\\-help\"}}}{\"controlType\":\"sap.m.ColumnListItem\",\"viewName\":\"etm.portal.ui.ruinventorylist.view.Master\",\"viewId\":\"application-ruinventorylist-display-component---Master\",\"bindingPath\":{\"modelName\":\"additionalRequiredFields\",\"path\":\"/currentCharacteristics/0\"},\"ancestor\":{\"id\":\"application-ruinventorylist-display-component---Master--splitCharacteristicsTable\",\"searchOpenDialogs\":true}}"}]}
RESULT: undefined
COMMAND: POST /session/c3dee66b982ead26e192d725bf527560/element - {"using":"xpath","value":"//*[@id=\"__help4-application-ruinventorylist-display-component---Master--splitCharacteristicsTable-0-vhi\"]"}
RESULT: {}
RESULT: {"using":"xpath","value":"//*[@id=\"__help4-application-ruinventorylist-display-component---Master--splitCharacteristicsTable-0-vhi\"]"}
COMMAND: POST /session/c3dee66b982ead26e192d725bf527560/element/f.9584C2A83669DBF8B89C459AF83A9E36.d.DD999A7FBC79920059579FD9E69FE1FB.e.4507/click - {}
RESULT: {}
COMMAND: POST /session/c3dee66b982ead26e192d725bf527560/element - {"using":"xpath","value":"(//input[contains(@aria-label ,\"Search\")])[1]"}
COMMAND: GET /session/c3dee66b982ead26e192d725bf527560/screenshot - {}
RESULT: {"using":"xpath","value":"(//input[contains(@aria-label ,\"Search\")])[1]"}
COMMAND: POST /session/c3dee66b982ead26e192d725bf527560/element/f.9584C2A83669DBF8B89C459AF83A9E36.d.DD999A7FBC79920059579FD9E69FE1FB.e.4509/clear - {}
RESULT: {}
RESULT: {}
COMMAND: POST /session/c3dee66b982ead26e192d725bf527560/element/f.9584C2A83669DBF8B89C459AF83A9E36.d.DD999A7FBC79920059579FD9E69FE1FB.e.4509/value - {"text":"10001010"}
COMMAND: GET /session/c3dee66b982ead26e192d725bf527560/screenshot - {}
RESULT: {"text":"10001010"}
COMMAND: POST /session/c3dee66b982ead26e192d725bf527560/actions - {"actions":[{"id":"action30","type":"key","parameters":{},"actions":[{"type":"keyDown","value":""},{"type":"pause","duration":10},{"type":"keyUp","value":""}]}]}
COMMAND: GET /session/c3dee66b982ead26e192d725bf527560/screenshot - {}
RESULT: {}
RESULT: {"actions":[{"id":"action30","type":"key","parameters":{},"actions":[{"type":"keyDown","value":""},{"type":"pause","duration":10},{"type":"keyUp","value":""}]}]}
COMMAND: GET /session/c3dee66b982ead26e192d725bf527560/screenshot - {}
RESULT: {}
RESULT: {}
COMMAND: POST /session/c3dee66b982ead26e192d725bf527560/element - {"using":"xpath","value":"(//span[contains(text(), \"Purchasing\")])[1]"}
RESULT: {"using":"xpath","value":"(//span[contains(text(), \"Purchasing\")])[1]"}
COMMAND: POST /session/c3dee66b982ead26e192d725bf527560/element/f.9584C2A83669DBF8B89C459AF83A9E36.d.DD999A7FBC79920059579FD9E69FE1FB.e.4546/click - {}
RESULT: {}
COMMAND: GET /session/c3dee66b982ead26e192d725bf527560/screenshot - {}
RESULT: {}
COMMAND: POST /session/c3dee66b982ead26e192d725bf527560/element - {"using":"xpath","value":"//span[contains(@id ,\"ok-content\")]"}
RESULT: {"using":"xpath","value":"//span[contains(@id ,\"ok-content\")]"}
COMMAND: POST /session/c3dee66b982ead26e192d725bf527560/element/f.9584C2A83669DBF8B89C459AF83A9E36.d.DD999A7FBC79920059579FD9E69FE1FB.e.4547/click - {}
RESULT: {}
COMMAND: GET /session/c3dee66b982ead26e192d725bf527560/screenshot - {}
RESULT: {}
COMMAND: POST /session/c3dee66b982ead26e192d725bf527560/element - {"using":"xpath","value":"//bdi[contains(text(), \"Save\")]"}
RESULT: {"using":"xpath","value":"//bdi[contains(text(), \"Save\")]"}
COMMAND: POST /session/c3dee66b982ead26e192d725bf527560/element/f.9584C2A83669DBF8B89C459AF83A9E36.d.DD999A7FBC79920059579FD9E69FE1FB.e.4550/click - {}
RESULT: {}
COMMAND: GET /session/c3dee66b982ead26e192d725bf527560/screenshot - {}
RESULT: {}
COMMAND: POST /session/c3dee66b982ead26e192d725bf527560/element - {"using":"xpath","value":"//bdi[contains(text(), \"OK\")]"}
RESULT: {"using":"xpath","value":"//bdi[contains(text(), \"OK\")]"}
COMMAND: POST /session/c3dee66b982ead26e192d725bf527560/element/f.9584C2A83669DBF8B89C459AF83A9E36.d.DD999A7FBC79920059579FD9E69FE1FB.e.4552/click - {}
RESULT: {}
COMMAND: GET /session/c3dee66b982ead26e192d725bf527560/screenshot - {}
RESULT: {}
COMMAND: POST /session/c3dee66b982ead26e192d725bf527560/actions - {"actions":[{"id":"action31","type":"key","parameters":{},"actions":[{"type":"keyDown","value":""},{"type":"pause","duration":10},{"type":"keyUp","value":""}]}]}
RESULT: {"actions":[{"id":"action31","type":"key","parameters":{},"actions":[{"type":"keyDown","value":""},{"type":"pause","duration":10},{"type":"keyUp","value":""}]}]}
COMMAND: GET /session/c3dee66b982ead26e192d725bf527560/screenshot - {}
RESULT: {}
COMMAND: POST /session/c3dee66b982ead26e192d725bf527560/execute/async - {"script":"<script> [1562 bytes]","args":[{"selector":{"controlType":"sap.m.Title","viewName":"etm.portal.ui.managecontracts.view.Detail","properties":{"text":"Contract Items (1)"}},"wdio_ui5_key":"etmportal.ui.managecontracts.view.Detailsap.m.Title{\"text\":\"Contract Items (1)\"}"}]}
RESULT: {"script":"<script> [1562 bytes]","args":[{"selector":{"controlType":"sap.m.Title","viewName":"etm.portal.ui.managecontracts.view.Detail","properties":{"text":"Contract Items (1)"}},"wdio_ui5_key":"etmportal.ui.managecontracts.view.Detailsap.m.Title{\"text\":\"Contract Items (1)\"}"}]}
RESULT: undefined
COMMAND: POST /session/c3dee66b982ead26e192d725bf527560/execute/async - {"script":"<script> [6424 bytes]","args":[{"element-6066-11e4-a52e-4f735466cecf":"f.9584C2A83669DBF8B89C459AF83A9E36.d.DD999A7FBC79920059579FD9E69FE1FB.e.4797"},"getText",[]]}
RESULT: {"script":"<script> [6424 bytes]","args":[{"element-6066-11e4-a52e-4f735466cecf":"f.9584C2A83669DBF8B89C459AF83A9E36.d.DD999A7FBC79920059579FD9E69FE1FB.e.4797"},"getText",[]]}
COMMAND: POST /session/c3dee66b982ead26e192d725bf527560/element - {"using":"xpath","value":"//div[contains(@data-kt ,\"characteristicsObjectStatus\")]"}
RESULT: {"using":"xpath","value":"//div[contains(@data-kt ,\"characteristicsObjectStatus\")]"}
COMMAND: POST /session/c3dee66b982ead26e192d725bf527560/element/f.9584C2A83669DBF8B89C459AF83A9E36.d.DD999A7FBC79920059579FD9E69FE1FB.e.4798/click - {}
RESULT: {}
COMMAND: GET /session/c3dee66b982ead26e192d725bf527560/screenshot - {}
RESULT: {}
COMMAND: POST /session/c3dee66b982ead26e192d725bf527560/element - {"using":"xpath","value":"(//input[contains(@class ,\"sapMInputBaseInner sapMComboBoxInner\")])[2]"}
RESULT: {"using":"xpath","value":"(//input[contains(@class ,\"sapMInputBaseInner sapMComboBoxInner\")])[2]"}
COMMAND: GET /session/c3dee66b982ead26e192d725bf527560/element/f.9584C2A83669DBF8B89C459AF83A9E36.d.DD999A7FBC79920059579FD9E69FE1FB.e.4804/property/value - {}
RESULT: {}
COMMAND: POST /session/c3dee66b982ead26e192d725bf527560/element - {"using":"xpath","value":"//span[contains(text(), \"Input (10001010) 10001010 - Purchasing\")]"}
COMMAND: GET /session/c3dee66b982ead26e192d725bf527560/screenshot - {}
RESULT: {"using":"xpath","value":"//span[contains(text(), \"Input (10001010) 10001010 - Purchasing\")]"}
COMMAND: POST /session/c3dee66b982ead26e192d725bf527560/elements - {"using":"xpath","value":"//span[contains(text(), \"Input (10001010) 10001010 - Purchasing\")]"}
RESULT: {}
RESULT: {"using":"xpath","value":"//span[contains(text(), \"Input (10001010) 10001010 - Purchasing\")]"}
COMMAND: POST /session/c3dee66b982ead26e192d725bf527560/elements - {"using":"xpath","value":"//span[contains(text(), \"Input (10001010) 10001010 - Purchasing\")]"}
RESULT: {"using":"xpath","value":"//span[contains(text(), \"Input (10001010) 10001010 - Purchasing\")]"}
COMMAND: POST /session/c3dee66b982ead26e192d725bf527560/elements - {"using":"xpath","value":"//span[contains(text(), \"Input (10001010) 10001010 - Purchasing\")]"}
RESULT: {"using":"xpath","value":"//span[contains(text(), \"Input (10001010) 10001010 - Purchasing\")]"}
COMMAND: POST /session/c3dee66b982ead26e192d725bf527560/elements - {"using":"xpath","value":"//span[contains(text(), \"Input (10001010) 10001010 - Purchasing\")]"}
RESULT: {"using":"xpath","value":"//span[contains(text(), \"Input (10001010) 10001010 - Purchasing\")]"}
COMMAND: POST /session/c3dee66b982ead26e192d725bf527560/elements - {"using":"xpath","value":"//span[contains(text(), \"Input (10001010) 10001010 - Purchasing\")]"}
RESULT: {"using":"xpath","value":"//span[contains(text(), \"Input (10001010) 10001010 - Purchasing\")]"}
COMMAND: POST /session/c3dee66b982ead26e192d725bf527560/elements - {"using":"xpath","value":"//span[contains(text(), \"Input (10001010) 10001010 - Purchasing\")]"}
RESULT: {"using":"xpath","value":"//span[contains(text(), \"Input (10001010) 10001010 - Purchasing\")]"}
COMMAND: POST /session/c3dee66b982ead26e192d725bf527560/elements - {"using":"xpath","value":"//span[contains(text(), \"Input (10001010) 10001010 - Purchasing\")]"}
RESULT: {"using":"xpath","value":"//span[contains(text(), \"Input (10001010) 10001010 - Purchasing\")]"}
COMMAND: POST /session/c3dee66b982ead26e192d725bf527560/elements - {"using":"xpath","value":"//span[contains(text(), \"Input (10001010) 10001010 - Purchasing\")]"}
RESULT: {"using":"xpath","value":"//span[contains(text(), \"Input (10001010) 10001010 - Purchasing\")]"}
COMMAND: POST /session/c3dee66b982ead26e192d725bf527560/elements - {"using":"xpath","value":"//span[contains(text(), \"Input (10001010) 10001010 - Purchasing\")]"}
RESULT: {"using":"xpath","value":"//span[contains(text(), \"Input (10001010) 10001010 - Purchasing\")]"}
COMMAND: POST /session/c3dee66b982ead26e192d725bf527560/elements - {"using":"xpath","value":"//span[contains(text(), \"Input (10001010) 10001010 - Purchasing\")]"}
RESULT: {"using":"xpath","value":"//span[contains(text(), \"Input (10001010) 10001010 - Purchasing\")]"}
COMMAND: POST /session/c3dee66b982ead26e192d725bf527560/elements - {"using":"xpath","value":"//span[contains(text(), \"Input (10001010) 10001010 - Purchasing\")]"}
RESULT: {"using":"xpath","value":"//span[contains(text(), \"Input (10001010) 10001010 - Purchasing\")]"}
COMMAND: POST /session/c3dee66b982ead26e192d725bf527560/elements - {"using":"xpath","value":"//span[contains(text(), \"Input (10001010) 10001010 - Purchasing\")]"}
RESULT: {"using":"xpath","value":"//span[contains(text(), \"Input (10001010) 10001010 - Purchasing\")]"}
COMMAND: POST /session/c3dee66b982ead26e192d725bf527560/elements - {"using":"xpath","value":"//span[contains(text(), \"Input (10001010) 10001010 - Purchasing\")]"}
RESULT: {"using":"xpath","value":"//span[contains(text(), \"Input (10001010) 10001010 - Purchasing\")]"}
COMMAND: POST /session/c3dee66b982ead26e192d725bf527560/elements - {"using":"xpath","value":"//span[contains(text(), \"Input (10001010) 10001010 - Purchasing\")]"}
RESULT: {"using":"xpath","value":"//span[contains(text(), \"Input (10001010) 10001010 - Purchasing\")]"}
COMMAND: POST /session/c3dee66b982ead26e192d725bf527560/elements - {"using":"xpath","value":"//span[contains(text(), \"Input (10001010) 10001010 - Purchasing\")]"}
RESULT: {"using":"xpath","value":"//span[contains(text(), \"Input (10001010) 10001010 - Purchasing\")]"}
COMMAND: POST /session/c3dee66b982ead26e192d725bf527560/elements - {"using":"xpath","value":"//span[contains(text(), \"Input (10001010) 10001010 - Purchasing\")]"}
RESULT: {"using":"xpath","value":"//span[contains(text(), \"Input (10001010) 10001010 - Purchasing\")]"}
COMMAND: POST /session/c3dee66b982ead26e192d725bf527560/elements - {"using":"xpath","value":"//span[contains(text(), \"Input (10001010) 10001010 - Purchasing\")]"}
RESULT: {"using":"xpath","value":"//span[contains(text(), \"Input (10001010) 10001010 - Purchasing\")]"}
COMMAND: POST /session/c3dee66b982ead26e192d725bf527560/elements - {"using":"xpath","value":"//span[contains(text(), \"Input (10001010) 10001010 - Purchasing\")]"}
RESULT: {"using":"xpath","value":"//span[contains(text(), \"Input (10001010) 10001010 - Purchasing\")]"}
COMMAND: POST /session/c3dee66b982ead26e192d725bf527560/elements - {"using":"xpath","value":"//span[contains(text(), \"Input (10001010) 10001010 - Purchasing\")]"}
RESULT: {"using":"xpath","value":"//span[contains(text(), \"Input (10001010) 10001010 - Purchasing\")]"}
COMMAND: DELETE /session/c3dee66b982ead26e192d725bf527560 - {}
RESULT: {}
]]></system-out>
    </testcase>
  </testsuite>
</testsuites>