<?xml version="1.0" encoding="UTF-8"?>
<testsuites tests="17" failures="1" errors="1" skipped="2">
  <testsuite timestamp="2025-05-13T07:02:00" time="1832.261" tests="13" failures="1" errors="1" skipped="2">
    <properties>
      <property name="specId" value="0" />
      <property name="suiteName" value="Partner specific tests US150819 US151080 US151654 US151176 US103444 US151078 US151079 US151109 US151174 US151175 US151189" />
      <property name="capabilities" value="chrome.136_0_7103_49.windows" />
      <property name="file" value="file:///D:/a/1/s/test/specs/BTS/manage-partners.spec.js" />
    </properties>
    <testcase classname="chrome.136_0_7103_49.windows.Partner_specific_tests_US150819_US151080_US151654_US151176_US103444_US151078_US151079_US151109_US151174_US151175_US151189" name="Should create a new yard prerequisite" time="142.967">
      <system-out><![CDATA[
COMMAND: POST /session/59746a33121488b03cb28927e3139cef/window/fullscreen - {}
RESULT: {}
COMMAND: POST /session/59746a33121488b03cb28927e3139cef/element - {"using":"xpath","value":"//li[.//span[text()=\"Manage Partners\"]]"}
RESULT: {"using":"xpath","value":"//li[.//span[text()=\"Manage Partners\"]]"}
COMMAND: POST /session/59746a33121488b03cb28927e3139cef/element - {"using":"xpath","value":"//li[.//span[text()=\"Manage Partners\"]]"}
RESULT: {"using":"xpath","value":"//li[.//span[text()=\"Manage Partners\"]]"}
COMMAND: POST /session/59746a33121488b03cb28927e3139cef/element - {"using":"css selector","value":"#shell-header-logo"}
RESULT: {"using":"css selector","value":"#shell-header-logo"}
COMMAND: POST /session/59746a33121488b03cb28927e3139cef/element/f.683367EF064D6F54A1F942EA8E2F8118.d.E1AF8D7492BA26084F6346D3B9DE75D3.e.258/click - {}
COMMAND: POST /session/59746a33121488b03cb28927e3139cef/execute/sync - {"script":"<script> [8489 bytes]","args":[{"element-6066-11e4-a52e-4f735466cecf":"f.683367EF064D6F54A1F942EA8E2F8118.d.E1AF8D7492BA26084F6346D3B9DE75D3.e.258","ELEMENT":"f.683367EF064D6F54A1F942EA8E2F8118.d.E1AF8D7492BA26084F6346D3B9DE75D3.e.258"}]}
RESULT: {}
COMMAND: GET /session/59746a33121488b03cb28927e3139cef/screenshot - {}
RESULT: {"script":"<script> [8489 bytes]","args":[{"element-6066-11e4-a52e-4f735466cecf":"f.683367EF064D6F54A1F942EA8E2F8118.d.E1AF8D7492BA26084F6346D3B9DE75D3.e.258","ELEMENT":"f.683367EF064D6F54A1F942EA8E2F8118.d.E1AF8D7492BA26084F6346D3B9DE75D3.e.258"}]}
COMMAND: POST /session/59746a33121488b03cb28927e3139cef/execute/sync - {"script":"<script> [5351 bytes]","args":[{"element-6066-11e4-a52e-4f735466cecf":"f.683367EF064D6F54A1F942EA8E2F8118.d.E1AF8D7492BA26084F6346D3B9DE75D3.e.258","ELEMENT":"f.683367EF064D6F54A1F942EA8E2F8118.d.E1AF8D7492BA26084F6346D3B9DE75D3.e.258"}]}
COMMAND: GET /session/59746a33121488b03cb28927e3139cef/screenshot - {}
RESULT: {}
RESULT: {"script":"<script> [5351 bytes]","args":[{"element-6066-11e4-a52e-4f735466cecf":"f.683367EF064D6F54A1F942EA8E2F8118.d.E1AF8D7492BA26084F6346D3B9DE75D3.e.258","ELEMENT":"f.683367EF064D6F54A1F942EA8E2F8118.d.E1AF8D7492BA26084F6346D3B9DE75D3.e.258"}]}
COMMAND: GET /session/59746a33121488b03cb28927e3139cef/screenshot - {}
RESULT: {}
RESULT: {}
COMMAND: POST /session/59746a33121488b03cb28927e3139cef/execute/async - {"script":"<script> [1562 bytes]","args":[{"selector":{"controlType":"sap.m.GenericTile","properties":{"header":"Manage Yards"}},"wdio_ui5_key":"sapm.GenericTile{\"header\":\"Manage Yards\"}"}]}
RESULT: {"script":"<script> [1562 bytes]","args":[{"selector":{"controlType":"sap.m.GenericTile","properties":{"header":"Manage Yards"}},"wdio_ui5_key":"sapm.GenericTile{\"header\":\"Manage Yards\"}"}]}
RESULT: undefined
COMMAND: POST /session/59746a33121488b03cb28927e3139cef/element - {"using":"xpath","value":"//*[@id=\"__tile41\"]"}
RESULT: {"using":"xpath","value":"//*[@id=\"__tile41\"]"}
COMMAND: POST /session/59746a33121488b03cb28927e3139cef/element/f.683367EF064D6F54A1F942EA8E2F8118.d.E1AF8D7492BA26084F6346D3B9DE75D3.e.154/click - {}
RESULT: {}
COMMAND: POST /session/59746a33121488b03cb28927e3139cef/element - {"using":"xpath","value":"//button[@data-kt=\"addNewYardOverflowToolbarButton\"]"}
COMMAND: GET /session/59746a33121488b03cb28927e3139cef/screenshot - {}
RESULT: {"using":"xpath","value":"//button[@data-kt=\"addNewYardOverflowToolbarButton\"]"}
COMMAND: POST /session/59746a33121488b03cb28927e3139cef/elements - {"using":"xpath","value":"//button[@data-kt=\"addNewYardOverflowToolbarButton\"]"}
RESULT: {}
RESULT: {"using":"xpath","value":"//button[@data-kt=\"addNewYardOverflowToolbarButton\"]"}
COMMAND: POST /session/59746a33121488b03cb28927e3139cef/elements - {"using":"xpath","value":"//button[@data-kt=\"addNewYardOverflowToolbarButton\"]"}
RESULT: {"using":"xpath","value":"//button[@data-kt=\"addNewYardOverflowToolbarButton\"]"}
COMMAND: POST /session/59746a33121488b03cb28927e3139cef/elements - {"using":"xpath","value":"//button[@data-kt=\"addNewYardOverflowToolbarButton\"]"}
RESULT: {"using":"xpath","value":"//button[@data-kt=\"addNewYardOverflowToolbarButton\"]"}
COMMAND: POST /session/59746a33121488b03cb28927e3139cef/elements - {"using":"xpath","value":"//button[@data-kt=\"addNewYardOverflowToolbarButton\"]"}
RESULT: {"using":"xpath","value":"//button[@data-kt=\"addNewYardOverflowToolbarButton\"]"}
COMMAND: POST /session/59746a33121488b03cb28927e3139cef/elements - {"using":"xpath","value":"//button[@data-kt=\"addNewYardOverflowToolbarButton\"]"}
RESULT: {"using":"xpath","value":"//button[@data-kt=\"addNewYardOverflowToolbarButton\"]"}
COMMAND: POST /session/59746a33121488b03cb28927e3139cef/elements - {"using":"xpath","value":"//button[@data-kt=\"addNewYardOverflowToolbarButton\"]"}
RESULT: {"using":"xpath","value":"//button[@data-kt=\"addNewYardOverflowToolbarButton\"]"}
COMMAND: POST /session/59746a33121488b03cb28927e3139cef/elements - {"using":"xpath","value":"//button[@data-kt=\"addNewYardOverflowToolbarButton\"]"}
RESULT: {"using":"xpath","value":"//button[@data-kt=\"addNewYardOverflowToolbarButton\"]"}
COMMAND: POST /session/59746a33121488b03cb28927e3139cef/elements - {"using":"xpath","value":"//button[@data-kt=\"addNewYardOverflowToolbarButton\"]"}
RESULT: {"using":"xpath","value":"//button[@data-kt=\"addNewYardOverflowToolbarButton\"]"}
COMMAND: POST /session/59746a33121488b03cb28927e3139cef/elements - {"using":"xpath","value":"//button[@data-kt=\"addNewYardOverflowToolbarButton\"]"}
RESULT: {"using":"xpath","value":"//button[@data-kt=\"addNewYardOverflowToolbarButton\"]"}
COMMAND: POST /session/59746a33121488b03cb28927e3139cef/elements - {"using":"xpath","value":"//button[@data-kt=\"addNewYardOverflowToolbarButton\"]"}
RESULT: {"using":"xpath","value":"//button[@data-kt=\"addNewYardOverflowToolbarButton\"]"}
COMMAND: POST /session/59746a33121488b03cb28927e3139cef/elements - {"using":"xpath","value":"//button[@data-kt=\"addNewYardOverflowToolbarButton\"]"}
RESULT: {"using":"xpath","value":"//button[@data-kt=\"addNewYardOverflowToolbarButton\"]"}
COMMAND: POST /session/59746a33121488b03cb28927e3139cef/elements - {"using":"xpath","value":"//button[@data-kt=\"addNewYardOverflowToolbarButton\"]"}
RESULT: {"using":"xpath","value":"//button[@data-kt=\"addNewYardOverflowToolbarButton\"]"}
COMMAND: POST /session/59746a33121488b03cb28927e3139cef/elements - {"using":"xpath","value":"//button[@data-kt=\"addNewYardOverflowToolbarButton\"]"}
RESULT: {"using":"xpath","value":"//button[@data-kt=\"addNewYardOverflowToolbarButton\"]"}
COMMAND: POST /session/59746a33121488b03cb28927e3139cef/elements - {"using":"xpath","value":"//button[@data-kt=\"addNewYardOverflowToolbarButton\"]"}
RESULT: {"using":"xpath","value":"//button[@data-kt=\"addNewYardOverflowToolbarButton\"]"}
COMMAND: POST /session/59746a33121488b03cb28927e3139cef/elements - {"using":"xpath","value":"//button[@data-kt=\"addNewYardOverflowToolbarButton\"]"}
RESULT: {"using":"xpath","value":"//button[@data-kt=\"addNewYardOverflowToolbarButton\"]"}
COMMAND: POST /session/59746a33121488b03cb28927e3139cef/elements - {"using":"xpath","value":"//button[@data-kt=\"addNewYardOverflowToolbarButton\"]"}
RESULT: {"using":"xpath","value":"//button[@data-kt=\"addNewYardOverflowToolbarButton\"]"}
COMMAND: POST /session/59746a33121488b03cb28927e3139cef/elements - {"using":"xpath","value":"//button[@data-kt=\"addNewYardOverflowToolbarButton\"]"}
RESULT: {"using":"xpath","value":"//button[@data-kt=\"addNewYardOverflowToolbarButton\"]"}
COMMAND: POST /session/59746a33121488b03cb28927e3139cef/elements - {"using":"xpath","value":"//button[@data-kt=\"addNewYardOverflowToolbarButton\"]"}
RESULT: {"using":"xpath","value":"//button[@data-kt=\"addNewYardOverflowToolbarButton\"]"}
COMMAND: POST /session/59746a33121488b03cb28927e3139cef/elements - {"using":"xpath","value":"//button[@data-kt=\"addNewYardOverflowToolbarButton\"]"}
RESULT: {"using":"xpath","value":"//button[@data-kt=\"addNewYardOverflowToolbarButton\"]"}
COMMAND: POST /session/59746a33121488b03cb28927e3139cef/elements - {"using":"xpath","value":"//button[@data-kt=\"addNewYardOverflowToolbarButton\"]"}
RESULT: {"using":"xpath","value":"//button[@data-kt=\"addNewYardOverflowToolbarButton\"]"}
COMMAND: POST /session/59746a33121488b03cb28927e3139cef/elements - {"using":"xpath","value":"//button[@data-kt=\"addNewYardOverflowToolbarButton\"]"}
RESULT: {"using":"xpath","value":"//button[@data-kt=\"addNewYardOverflowToolbarButton\"]"}
COMMAND: POST /session/59746a33121488b03cb28927e3139cef/elements - {"using":"xpath","value":"//button[@data-kt=\"addNewYardOverflowToolbarButton\"]"}
RESULT: {"using":"xpath","value":"//button[@data-kt=\"addNewYardOverflowToolbarButton\"]"}
COMMAND: POST /session/59746a33121488b03cb28927e3139cef/elements - {"using":"xpath","value":"//button[@data-kt=\"addNewYardOverflowToolbarButton\"]"}
RESULT: {"using":"xpath","value":"//button[@data-kt=\"addNewYardOverflowToolbarButton\"]"}
COMMAND: POST /session/59746a33121488b03cb28927e3139cef/elements - {"using":"xpath","value":"//button[@data-kt=\"addNewYardOverflowToolbarButton\"]"}
RESULT: {"using":"xpath","value":"//button[@data-kt=\"addNewYardOverflowToolbarButton\"]"}
COMMAND: POST /session/59746a33121488b03cb28927e3139cef/elements - {"using":"xpath","value":"//button[@data-kt=\"addNewYardOverflowToolbarButton\"]"}
RESULT: {"using":"xpath","value":"//button[@data-kt=\"addNewYardOverflowToolbarButton\"]"}
COMMAND: POST /session/59746a33121488b03cb28927e3139cef/elements - {"using":"xpath","value":"//button[@data-kt=\"addNewYardOverflowToolbarButton\"]"}
RESULT: {"using":"xpath","value":"//button[@data-kt=\"addNewYardOverflowToolbarButton\"]"}
COMMAND: POST /session/59746a33121488b03cb28927e3139cef/elements - {"using":"xpath","value":"//button[@data-kt=\"addNewYardOverflowToolbarButton\"]"}
RESULT: {"using":"xpath","value":"//button[@data-kt=\"addNewYardOverflowToolbarButton\"]"}
COMMAND: POST /session/59746a33121488b03cb28927e3139cef/elements - {"using":"xpath","value":"//button[@data-kt=\"addNewYardOverflowToolbarButton\"]"}
RESULT: {"using":"xpath","value":"//button[@data-kt=\"addNewYardOverflowToolbarButton\"]"}
COMMAND: POST /session/59746a33121488b03cb28927e3139cef/elements - {"using":"xpath","value":"//button[@data-kt=\"addNewYardOverflowToolbarButton\"]"}
RESULT: {"using":"xpath","value":"//button[@data-kt=\"addNewYardOverflowToolbarButton\"]"}
COMMAND: POST /session/59746a33121488b03cb28927e3139cef/elements - {"using":"xpath","value":"//button[@data-kt=\"addNewYardOverflowToolbarButton\"]"}
RESULT: {"using":"xpath","value":"//button[@data-kt=\"addNewYardOverflowToolbarButton\"]"}
COMMAND: POST /session/59746a33121488b03cb28927e3139cef/elements - {"using":"xpath","value":"//button[@data-kt=\"addNewYardOverflowToolbarButton\"]"}
RESULT: {"using":"xpath","value":"//button[@data-kt=\"addNewYardOverflowToolbarButton\"]"}
COMMAND: POST /session/59746a33121488b03cb28927e3139cef/elements - {"using":"xpath","value":"//button[@data-kt=\"addNewYardOverflowToolbarButton\"]"}
RESULT: {"using":"xpath","value":"//button[@data-kt=\"addNewYardOverflowToolbarButton\"]"}
COMMAND: POST /session/59746a33121488b03cb28927e3139cef/elements - {"using":"xpath","value":"//button[@data-kt=\"addNewYardOverflowToolbarButton\"]"}
RESULT: {"using":"xpath","value":"//button[@data-kt=\"addNewYardOverflowToolbarButton\"]"}
COMMAND: POST /session/59746a33121488b03cb28927e3139cef/elements - {"using":"xpath","value":"//button[@data-kt=\"addNewYardOverflowToolbarButton\"]"}
RESULT: {"using":"xpath","value":"//button[@data-kt=\"addNewYardOverflowToolbarButton\"]"}
COMMAND: POST /session/59746a33121488b03cb28927e3139cef/elements - {"using":"xpath","value":"//button[@data-kt=\"addNewYardOverflowToolbarButton\"]"}
RESULT: {"using":"xpath","value":"//button[@data-kt=\"addNewYardOverflowToolbarButton\"]"}
COMMAND: POST /session/59746a33121488b03cb28927e3139cef/elements - {"using":"xpath","value":"//button[@data-kt=\"addNewYardOverflowToolbarButton\"]"}
RESULT: {"using":"xpath","value":"//button[@data-kt=\"addNewYardOverflowToolbarButton\"]"}
COMMAND: POST /session/59746a33121488b03cb28927e3139cef/elements - {"using":"xpath","value":"//button[@data-kt=\"addNewYardOverflowToolbarButton\"]"}
RESULT: {"using":"xpath","value":"//button[@data-kt=\"addNewYardOverflowToolbarButton\"]"}
COMMAND: POST /session/59746a33121488b03cb28927e3139cef/elements - {"using":"xpath","value":"//button[@data-kt=\"addNewYardOverflowToolbarButton\"]"}
RESULT: {"using":"xpath","value":"//button[@data-kt=\"addNewYardOverflowToolbarButton\"]"}
COMMAND: POST /session/59746a33121488b03cb28927e3139cef/elements - {"using":"xpath","value":"//button[@data-kt=\"addNewYardOverflowToolbarButton\"]"}
RESULT: {"using":"xpath","value":"//button[@data-kt=\"addNewYardOverflowToolbarButton\"]"}
COMMAND: POST /session/59746a33121488b03cb28927e3139cef/elements - {"using":"xpath","value":"//button[@data-kt=\"addNewYardOverflowToolbarButton\"]"}
RESULT: {"using":"xpath","value":"//button[@data-kt=\"addNewYardOverflowToolbarButton\"]"}
COMMAND: POST /session/59746a33121488b03cb28927e3139cef/elements - {"using":"xpath","value":"//button[@data-kt=\"addNewYardOverflowToolbarButton\"]"}
RESULT: {"using":"xpath","value":"//button[@data-kt=\"addNewYardOverflowToolbarButton\"]"}
COMMAND: POST /session/59746a33121488b03cb28927e3139cef/elements - {"using":"xpath","value":"//button[@data-kt=\"addNewYardOverflowToolbarButton\"]"}
RESULT: {"using":"xpath","value":"//button[@data-kt=\"addNewYardOverflowToolbarButton\"]"}
COMMAND: POST /session/59746a33121488b03cb28927e3139cef/elements - {"using":"xpath","value":"//button[@data-kt=\"addNewYardOverflowToolbarButton\"]"}
RESULT: {"using":"xpath","value":"//button[@data-kt=\"addNewYardOverflowToolbarButton\"]"}
COMMAND: POST /session/59746a33121488b03cb28927e3139cef/elements - {"using":"xpath","value":"//button[@data-kt=\"addNewYardOverflowToolbarButton\"]"}
RESULT: {"using":"xpath","value":"//button[@data-kt=\"addNewYardOverflowToolbarButton\"]"}
COMMAND: POST /session/59746a33121488b03cb28927e3139cef/elements - {"using":"xpath","value":"//button[@data-kt=\"addNewYardOverflowToolbarButton\"]"}
RESULT: {"using":"xpath","value":"//button[@data-kt=\"addNewYardOverflowToolbarButton\"]"}
COMMAND: POST /session/59746a33121488b03cb28927e3139cef/elements - {"using":"xpath","value":"//button[@data-kt=\"addNewYardOverflowToolbarButton\"]"}
RESULT: {"using":"xpath","value":"//button[@data-kt=\"addNewYardOverflowToolbarButton\"]"}
COMMAND: POST /session/59746a33121488b03cb28927e3139cef/elements - {"using":"xpath","value":"//button[@data-kt=\"addNewYardOverflowToolbarButton\"]"}
RESULT: {"using":"xpath","value":"//button[@data-kt=\"addNewYardOverflowToolbarButton\"]"}
COMMAND: POST /session/59746a33121488b03cb28927e3139cef/elements - {"using":"xpath","value":"//button[@data-kt=\"addNewYardOverflowToolbarButton\"]"}
RESULT: {"using":"xpath","value":"//button[@data-kt=\"addNewYardOverflowToolbarButton\"]"}
COMMAND: POST /session/59746a33121488b03cb28927e3139cef/element - {"using":"xpath","value":"//button[@data-kt=\"addNewYardOverflowToolbarButton\"]"}
RESULT: {"using":"xpath","value":"//button[@data-kt=\"addNewYardOverflowToolbarButton\"]"}
COMMAND: POST /session/59746a33121488b03cb28927e3139cef/execute/sync - {"script":"<script> [8489 bytes]","args":[{"element-6066-11e4-a52e-4f735466cecf":"f.683367EF064D6F54A1F942EA8E2F8118.d.E1AF8D7492BA26084F6346D3B9DE75D3.e.290","ELEMENT":"f.683367EF064D6F54A1F942EA8E2F8118.d.E1AF8D7492BA26084F6346D3B9DE75D3.e.290"}]}
RESULT: {"script":"<script> [8489 bytes]","args":[{"element-6066-11e4-a52e-4f735466cecf":"f.683367EF064D6F54A1F942EA8E2F8118.d.E1AF8D7492BA26084F6346D3B9DE75D3.e.290","ELEMENT":"f.683367EF064D6F54A1F942EA8E2F8118.d.E1AF8D7492BA26084F6346D3B9DE75D3.e.290"}]}
COMMAND: GET /session/59746a33121488b03cb28927e3139cef/element/f.683367EF064D6F54A1F942EA8E2F8118.d.E1AF8D7492BA26084F6346D3B9DE75D3.e.290/enabled - {}
COMMAND: GET /session/59746a33121488b03cb28927e3139cef/screenshot - {}
RESULT: {}
COMMAND: POST /session/59746a33121488b03cb28927e3139cef/execute/sync - {"script":"<script> [8489 bytes]","args":[{"element-6066-11e4-a52e-4f735466cecf":"f.683367EF064D6F54A1F942EA8E2F8118.d.E1AF8D7492BA26084F6346D3B9DE75D3.e.290","ELEMENT":"f.683367EF064D6F54A1F942EA8E2F8118.d.E1AF8D7492BA26084F6346D3B9DE75D3.e.290"}]}
COMMAND: GET /session/59746a33121488b03cb28927e3139cef/screenshot - {}
RESULT: {}
RESULT: {"script":"<script> [8489 bytes]","args":[{"element-6066-11e4-a52e-4f735466cecf":"f.683367EF064D6F54A1F942EA8E2F8118.d.E1AF8D7492BA26084F6346D3B9DE75D3.e.290","ELEMENT":"f.683367EF064D6F54A1F942EA8E2F8118.d.E1AF8D7492BA26084F6346D3B9DE75D3.e.290"}]}
COMMAND: POST /session/59746a33121488b03cb28927e3139cef/execute/sync - {"script":"<script> [5351 bytes]","args":[{"element-6066-11e4-a52e-4f735466cecf":"f.683367EF064D6F54A1F942EA8E2F8118.d.E1AF8D7492BA26084F6346D3B9DE75D3.e.290","ELEMENT":"f.683367EF064D6F54A1F942EA8E2F8118.d.E1AF8D7492BA26084F6346D3B9DE75D3.e.290"}]}
COMMAND: GET /session/59746a33121488b03cb28927e3139cef/screenshot - {}
RESULT: {}
RESULT: {"script":"<script> [5351 bytes]","args":[{"element-6066-11e4-a52e-4f735466cecf":"f.683367EF064D6F54A1F942EA8E2F8118.d.E1AF8D7492BA26084F6346D3B9DE75D3.e.290","ELEMENT":"f.683367EF064D6F54A1F942EA8E2F8118.d.E1AF8D7492BA26084F6346D3B9DE75D3.e.290"}]}
COMMAND: POST /session/59746a33121488b03cb28927e3139cef/element/f.683367EF064D6F54A1F942EA8E2F8118.d.E1AF8D7492BA26084F6346D3B9DE75D3.e.290/click - {}
COMMAND: GET /session/59746a33121488b03cb28927e3139cef/screenshot - {}
RESULT: {}
RESULT: {}
COMMAND: GET /session/59746a33121488b03cb28927e3139cef/screenshot - {}
COMMAND: POST /session/59746a33121488b03cb28927e3139cef/element - {"using":"xpath","value":"//input[@id=\"application-manageyards-display-component---NewYard--yardId-inner\"]"}
RESULT: {}
RESULT: {}
RESULT: {"using":"xpath","value":"//input[@id=\"application-manageyards-display-component---NewYard--yardId-inner\"]"}
COMMAND: POST /session/59746a33121488b03cb28927e3139cef/element - {"using":"xpath","value":"//input[@id=\"application-manageyards-display-component---NewYard--yardId-inner\"]"}
RESULT: {"using":"xpath","value":"//input[@id=\"application-manageyards-display-component---NewYard--yardId-inner\"]"}
COMMAND: POST /session/59746a33121488b03cb28927e3139cef/execute/async - {"script":"<script> [1562 bytes]","args":[{"selector":{"id":"application-manageyards-display-component---NewYard--addressDetailDetailsName1","interaction":{"idSuffix":"inner"}},"wdio_ui5_key":"applicationmanageyards-display-component---NewYard--addressDetailDetailsName1"}]}
RESULT: {"script":"<script> [1562 bytes]","args":[{"selector":{"id":"application-manageyards-display-component---NewYard--addressDetailDetailsName1","interaction":{"idSuffix":"inner"}},"wdio_ui5_key":"applicationmanageyards-display-component---NewYard--addressDetailDetailsName1"}]}
RESULT: undefined
COMMAND: POST /session/59746a33121488b03cb28927e3139cef/execute/async - {"script":"<script> [776 bytes]","args":[{"enterText":"Intracompany Yard wdIO","selector":{"id":"application-manageyards-display-component---NewYard--addressDetailDetailsName1","interaction":{"idSuffix":"inner"}},"clearTextFirst":true,"interactionType":"ENTER_TEXT"}]}
RESULT: {"script":"<script> [776 bytes]","args":[{"enterText":"Intracompany Yard wdIO","selector":{"id":"application-manageyards-display-component---NewYard--addressDetailDetailsName1","interaction":{"idSuffix":"inner"}},"clearTextFirst":true,"interactionType":"ENTER_TEXT"}]}
COMMAND: POST /session/59746a33121488b03cb28927e3139cef/execute/async - {"script":"<script> [1562 bytes]","args":[{"selector":{"id":"application-manageyards-display-component---NewYard--addressDetailDetailsLanguage-arrow"},"wdio_ui5_key":"applicationmanageyards-display-component---NewYard--addressDetailDetailsLanguage-arrow"}]}
RESULT: {"script":"<script> [1562 bytes]","args":[{"selector":{"id":"application-manageyards-display-component---NewYard--addressDetailDetailsLanguage-arrow"},"wdio_ui5_key":"applicationmanageyards-display-component---NewYard--addressDetailDetailsLanguage-arrow"}]}
RESULT: undefined
COMMAND: POST /session/59746a33121488b03cb28927e3139cef/element - {"using":"xpath","value":"//*[@id=\"application-manageyards-display-component---NewYard--addressDetailDetailsLanguage-arrow\"]"}
RESULT: {"using":"xpath","value":"//*[@id=\"application-manageyards-display-component---NewYard--addressDetailDetailsLanguage-arrow\"]"}
COMMAND: POST /session/59746a33121488b03cb28927e3139cef/element/f.683367EF064D6F54A1F942EA8E2F8118.d.E1AF8D7492BA26084F6346D3B9DE75D3.e.691/click - {}
RESULT: {}
COMMAND: POST /session/59746a33121488b03cb28927e3139cef/element - {"using":"xpath","value":"//span[contains(text(), \"English\")]"}
COMMAND: GET /session/59746a33121488b03cb28927e3139cef/screenshot - {}
RESULT: {"using":"xpath","value":"//span[contains(text(), \"English\")]"}
COMMAND: POST /session/59746a33121488b03cb28927e3139cef/element/f.683367EF064D6F54A1F942EA8E2F8118.d.E1AF8D7492BA26084F6346D3B9DE75D3.e.692/click - {}
RESULT: {}
RESULT: {}
COMMAND: POST /session/59746a33121488b03cb28927e3139cef/execute/async - {"script":"<script> [1562 bytes]","args":[{"selector":{"id":"application-manageyards-display-component---NewYard--addressDetailDetailsCity1","interaction":{"idSuffix":"inner"}},"wdio_ui5_key":"applicationmanageyards-display-component---NewYard--addressDetailDetailsCity1"}]}
COMMAND: GET /session/59746a33121488b03cb28927e3139cef/screenshot - {}
RESULT: {"script":"<script> [1562 bytes]","args":[{"selector":{"id":"application-manageyards-display-component---NewYard--addressDetailDetailsCity1","interaction":{"idSuffix":"inner"}},"wdio_ui5_key":"applicationmanageyards-display-component---NewYard--addressDetailDetailsCity1"}]}
RESULT: undefined
COMMAND: POST /session/59746a33121488b03cb28927e3139cef/execute/async - {"script":"<script> [776 bytes]","args":[{"enterText":"Rosario","selector":{"id":"application-manageyards-display-component---NewYard--addressDetailDetailsCity1","interaction":{"idSuffix":"inner"}},"clearTextFirst":true,"interactionType":"ENTER_TEXT"}]}
RESULT: {}
RESULT: {"script":"<script> [776 bytes]","args":[{"enterText":"Rosario","selector":{"id":"application-manageyards-display-component---NewYard--addressDetailDetailsCity1","interaction":{"idSuffix":"inner"}},"clearTextFirst":true,"interactionType":"ENTER_TEXT"}]}
COMMAND: POST /session/59746a33121488b03cb28927e3139cef/execute/async - {"script":"<script> [1562 bytes]","args":[{"selector":{"id":"application-manageyards-display-component---NewYard--addressDetailDetailsCountry-arrow"},"wdio_ui5_key":"applicationmanageyards-display-component---NewYard--addressDetailDetailsCountry-arrow"}]}
RESULT: {"script":"<script> [1562 bytes]","args":[{"selector":{"id":"application-manageyards-display-component---NewYard--addressDetailDetailsCountry-arrow"},"wdio_ui5_key":"applicationmanageyards-display-component---NewYard--addressDetailDetailsCountry-arrow"}]}
RESULT: undefined
COMMAND: POST /session/59746a33121488b03cb28927e3139cef/element - {"using":"xpath","value":"//*[@id=\"application-manageyards-display-component---NewYard--addressDetailDetailsCountry-arrow\"]"}
RESULT: {"using":"xpath","value":"//*[@id=\"application-manageyards-display-component---NewYard--addressDetailDetailsCountry-arrow\"]"}
COMMAND: POST /session/59746a33121488b03cb28927e3139cef/element/f.683367EF064D6F54A1F942EA8E2F8118.d.E1AF8D7492BA26084F6346D3B9DE75D3.e.694/click - {}
RESULT: {}
COMMAND: POST /session/59746a33121488b03cb28927e3139cef/element - {"using":"xpath","value":"//span[contains(text(), \"Argentina\")]"}
COMMAND: GET /session/59746a33121488b03cb28927e3139cef/screenshot - {}
RESULT: {"using":"xpath","value":"//span[contains(text(), \"Argentina\")]"}
COMMAND: POST /session/59746a33121488b03cb28927e3139cef/element/f.683367EF064D6F54A1F942EA8E2F8118.d.E1AF8D7492BA26084F6346D3B9DE75D3.e.696/click - {}
RESULT: {}
RESULT: {}
COMMAND: POST /session/59746a33121488b03cb28927e3139cef/execute/async - {"script":"<script> [1562 bytes]","args":[{"selector":{"id":"application-manageyards-display-component---NewYard--addressEditDetailsCostObjectCstType-arrow"},"wdio_ui5_key":"applicationmanageyards-display-component---NewYard--addressEditDetailsCostObjectCstType-arrow"}]}
COMMAND: GET /session/59746a33121488b03cb28927e3139cef/screenshot - {}
RESULT: {"script":"<script> [1562 bytes]","args":[{"selector":{"id":"application-manageyards-display-component---NewYard--addressEditDetailsCostObjectCstType-arrow"},"wdio_ui5_key":"applicationmanageyards-display-component---NewYard--addressEditDetailsCostObjectCstType-arrow"}]}
RESULT: undefined
COMMAND: POST /session/59746a33121488b03cb28927e3139cef/element - {"using":"xpath","value":"//*[@id=\"application-manageyards-display-component---NewYard--addressEditDetailsCostObjectCstType-arrow\"]"}
RESULT: {}
RESULT: {"using":"xpath","value":"//*[@id=\"application-manageyards-display-component---NewYard--addressEditDetailsCostObjectCstType-arrow\"]"}
COMMAND: POST /session/59746a33121488b03cb28927e3139cef/element/f.683367EF064D6F54A1F942EA8E2F8118.d.E1AF8D7492BA26084F6346D3B9DE75D3.e.697/click - {}
RESULT: {}
COMMAND: POST /session/59746a33121488b03cb28927e3139cef/element - {"using":"xpath","value":"//span[contains(text(), \"Cost Center\")]"}
COMMAND: GET /session/59746a33121488b03cb28927e3139cef/screenshot - {}
RESULT: {"using":"xpath","value":"//span[contains(text(), \"Cost Center\")]"}
COMMAND: POST /session/59746a33121488b03cb28927e3139cef/element/f.683367EF064D6F54A1F942EA8E2F8118.d.E1AF8D7492BA26084F6346D3B9DE75D3.e.698/click - {}
RESULT: {}
RESULT: {}
COMMAND: GET /session/59746a33121488b03cb28927e3139cef/screenshot - {}
RESULT: {}
COMMAND: POST /session/59746a33121488b03cb28927e3139cef/element - {"using":"xpath","value":"//span[@id=\"application-manageyards-display-component---NewYard--addressNewCostObjectCstID-vhi\"]"}
RESULT: {"using":"xpath","value":"//span[@id=\"application-manageyards-display-component---NewYard--addressNewCostObjectCstID-vhi\"]"}
COMMAND: POST /session/59746a33121488b03cb28927e3139cef/execute/sync - {"script":"<script> [8489 bytes]","args":[{"element-6066-11e4-a52e-4f735466cecf":"f.683367EF064D6F54A1F942EA8E2F8118.d.E1AF8D7492BA26084F6346D3B9DE75D3.e.702","ELEMENT":"f.683367EF064D6F54A1F942EA8E2F8118.d.E1AF8D7492BA26084F6346D3B9DE75D3.e.702"}]}
RESULT: {"script":"<script> [8489 bytes]","args":[{"element-6066-11e4-a52e-4f735466cecf":"f.683367EF064D6F54A1F942EA8E2F8118.d.E1AF8D7492BA26084F6346D3B9DE75D3.e.702","ELEMENT":"f.683367EF064D6F54A1F942EA8E2F8118.d.E1AF8D7492BA26084F6346D3B9DE75D3.e.702"}]}
COMMAND: POST /session/59746a33121488b03cb28927e3139cef/execute/async - {"script":"<script> [1562 bytes]","args":[{"selector":{"id":"application-manageyards-display-component---NewYard--addressNewCostObjectCstID-vhi"},"wdio_ui5_key":"applicationmanageyards-display-component---NewYard--addressNewCostObjectCstID-vhi"}]}
COMMAND: GET /session/59746a33121488b03cb28927e3139cef/screenshot - {}
RESULT: {"script":"<script> [1562 bytes]","args":[{"selector":{"id":"application-manageyards-display-component---NewYard--addressNewCostObjectCstID-vhi"},"wdio_ui5_key":"applicationmanageyards-display-component---NewYard--addressNewCostObjectCstID-vhi"}]}
RESULT: undefined
COMMAND: POST /session/59746a33121488b03cb28927e3139cef/element - {"using":"xpath","value":"//*[@id=\"application-manageyards-display-component---NewYard--addressNewCostObjectCstID-vhi\"]"}
RESULT: {}
RESULT: {"using":"xpath","value":"//*[@id=\"application-manageyards-display-component---NewYard--addressNewCostObjectCstID-vhi\"]"}
COMMAND: POST /session/59746a33121488b03cb28927e3139cef/element/f.683367EF064D6F54A1F942EA8E2F8118.d.E1AF8D7492BA26084F6346D3B9DE75D3.e.702/click - {}
RESULT: {}
COMMAND: GET /session/59746a33121488b03cb28927e3139cef/screenshot - {}
RESULT: {}
COMMAND: POST /session/59746a33121488b03cb28927e3139cef/execute/async - {"script":"<script> [1562 bytes]","args":[{"selector":{"controlType":"sap.m.SearchField","properties":{"placeholder":"Search"},"searchOpenDialogs":true,"interaction":{"idSuffix":"I"}},"wdio_ui5_key":"sapm.SearchField{\"placeholder\":\"Search\"}"}]}
RESULT: {"script":"<script> [1562 bytes]","args":[{"selector":{"controlType":"sap.m.SearchField","properties":{"placeholder":"Search"},"searchOpenDialogs":true,"interaction":{"idSuffix":"I"}},"wdio_ui5_key":"sapm.SearchField{\"placeholder\":\"Search\"}"}]}
RESULT: undefined
COMMAND: POST /session/59746a33121488b03cb28927e3139cef/execute/async - {"script":"<script> [776 bytes]","args":[{"enterText":"10001013","selector":{"controlType":"sap.m.SearchField","properties":{"placeholder":"Search"},"searchOpenDialogs":true,"interaction":{"idSuffix":"I"}},"clearTextFirst":true,"interactionType":"ENTER_TEXT"}]}
RESULT: {"script":"<script> [776 bytes]","args":[{"enterText":"10001013","selector":{"controlType":"sap.m.SearchField","properties":{"placeholder":"Search"},"searchOpenDialogs":true,"interaction":{"idSuffix":"I"}},"clearTextFirst":true,"interactionType":"ENTER_TEXT"}]}
COMMAND: POST /session/59746a33121488b03cb28927e3139cef/actions - {"actions":[{"id":"action1","type":"key","parameters":{},"actions":[{"type":"keyDown","value":"î€‡"},{"type":"pause","duration":10},{"type":"keyUp","value":"î€‡"}]}]}
RESULT: {"actions":[{"id":"action1","type":"key","parameters":{},"actions":[{"type":"keyDown","value":"î€‡"},{"type":"pause","duration":10},{"type":"keyUp","value":"î€‡"}]}]}
COMMAND: GET /session/59746a33121488b03cb28927e3139cef/screenshot - {}
RESULT: {}
COMMAND: POST /session/59746a33121488b03cb28927e3139cef/element - {"using":"xpath","value":"//span[contains(text(), \"General Management\")]"}
RESULT: {"using":"xpath","value":"//span[contains(text(), \"General Management\")]"}
COMMAND: POST /session/59746a33121488b03cb28927e3139cef/element/f.683367EF064D6F54A1F942EA8E2F8118.d.E1AF8D7492BA26084F6346D3B9DE75D3.e.711/click - {}
RESULT: {}
COMMAND: GET /session/59746a33121488b03cb28927e3139cef/screenshot - {}
RESULT: {}
COMMAND: POST /session/59746a33121488b03cb28927e3139cef/element - {"using":"xpath","value":"//bdi[contains(text(), \"OK\")]"}
RESULT: {"using":"xpath","value":"//bdi[contains(text(), \"OK\")]"}
COMMAND: POST /session/59746a33121488b03cb28927e3139cef/element/f.683367EF064D6F54A1F942EA8E2F8118.d.E1AF8D7492BA26084F6346D3B9DE75D3.e.713/click - {}
RESULT: {}
COMMAND: GET /session/59746a33121488b03cb28927e3139cef/screenshot - {}
RESULT: {}
COMMAND: POST /session/59746a33121488b03cb28927e3139cef/execute/async - {"script":"<script> [1562 bytes]","args":[{"selector":{"id":"application-manageyards-display-component---NewYard--addressEditDetailsCurrency-arrow"},"wdio_ui5_key":"applicationmanageyards-display-component---NewYard--addressEditDetailsCurrency-arrow"}]}
RESULT: {"script":"<script> [1562 bytes]","args":[{"selector":{"id":"application-manageyards-display-component---NewYard--addressEditDetailsCurrency-arrow"},"wdio_ui5_key":"applicationmanageyards-display-component---NewYard--addressEditDetailsCurrency-arrow"}]}
RESULT: undefined
COMMAND: POST /session/59746a33121488b03cb28927e3139cef/element - {"using":"xpath","value":"//*[@id=\"application-manageyards-display-component---NewYard--addressEditDetailsCurrency-arrow\"]"}
RESULT: {"using":"xpath","value":"//*[@id=\"application-manageyards-display-component---NewYard--addressEditDetailsCurrency-arrow\"]"}
COMMAND: POST /session/59746a33121488b03cb28927e3139cef/element/f.683367EF064D6F54A1F942EA8E2F8118.d.E1AF8D7492BA26084F6346D3B9DE75D3.e.716/click - {}
RESULT: {}
COMMAND: POST /session/59746a33121488b03cb28927e3139cef/element - {"using":"xpath","value":"//span[contains(text(), \"Euro\")]"}
COMMAND: GET /session/59746a33121488b03cb28927e3139cef/screenshot - {}
RESULT: {"using":"xpath","value":"//span[contains(text(), \"Euro\")]"}
COMMAND: POST /session/59746a33121488b03cb28927e3139cef/element/f.683367EF064D6F54A1F942EA8E2F8118.d.E1AF8D7492BA26084F6346D3B9DE75D3.e.717/click - {}
RESULT: {}
RESULT: {}
COMMAND: POST /session/59746a33121488b03cb28927e3139cef/execute/async - {"script":"<script> [1562 bytes]","args":[{"selector":{"controlType":"sap.m.Input","viewName":"etm.portal.ui.manageyards.view.New","viewId":"application-manageyards-display-component---NewYard","bindingPath":{"path":"","propertyPath":"/CONTROLLING_AREA","modelName":"NewYardModel"},"interaction":{"idSuffix":"inner"}},"wdio_ui5_key":"etmportal.ui.manageyards.view.Newsap.m.Input{\"path\":\"\",\"propertyPath\":\"/CONTROLLING_AREA\",\"modelName\":\"NewYardModel\"}"}]}
COMMAND: GET /session/59746a33121488b03cb28927e3139cef/screenshot - {}
RESULT: {"script":"<script> [1562 bytes]","args":[{"selector":{"controlType":"sap.m.Input","viewName":"etm.portal.ui.manageyards.view.New","viewId":"application-manageyards-display-component---NewYard","bindingPath":{"path":"","propertyPath":"/CONTROLLING_AREA","modelName":"NewYardModel"},"interaction":{"idSuffix":"inner"}},"wdio_ui5_key":"etmportal.ui.manageyards.view.Newsap.m.Input{\"path\":\"\",\"propertyPath\":\"/CONTROLLING_AREA\",\"modelName\":\"NewYardModel\"}"}]}
RESULT: undefined
COMMAND: POST /session/59746a33121488b03cb28927e3139cef/execute/async - {"script":"<script> [776 bytes]","args":[{"enterText":"Z001","selector":{"controlType":"sap.m.Input","viewName":"etm.portal.ui.manageyards.view.New","viewId":"application-manageyards-display-component---NewYard","bindingPath":{"path":"","propertyPath":"/CONTROLLING_AREA","modelName":"NewYardModel"},"interaction":{"idSuffix":"inner"}},"clearTextFirst":true,"interactionType":"ENTER_TEXT"}]}
RESULT: {}
RESULT: {"script":"<script> [776 bytes]","args":[{"enterText":"Z001","selector":{"controlType":"sap.m.Input","viewName":"etm.portal.ui.manageyards.view.New","viewId":"application-manageyards-display-component---NewYard","bindingPath":{"path":"","propertyPath":"/CONTROLLING_AREA","modelName":"NewYardModel"},"interaction":{"idSuffix":"inner"}},"clearTextFirst":true,"interactionType":"ENTER_TEXT"}]}
COMMAND: POST /session/59746a33121488b03cb28927e3139cef/execute/async - {"script":"<script> [1562 bytes]","args":[{"selector":{"id":"application-manageyards-display-component---NewYard--companyCodeComboBox","interaction":{"idSuffix":"inner"}},"wdio_ui5_key":"applicationmanageyards-display-component---NewYard--companyCodeComboBox"}]}
RESULT: {"script":"<script> [1562 bytes]","args":[{"selector":{"id":"application-manageyards-display-component---NewYard--companyCodeComboBox","interaction":{"idSuffix":"inner"}},"wdio_ui5_key":"applicationmanageyards-display-component---NewYard--companyCodeComboBox"}]}
RESULT: undefined
COMMAND: POST /session/59746a33121488b03cb28927e3139cef/execute/async - {"script":"<script> [776 bytes]","args":[{"enterText":"1000","selector":{"id":"application-manageyards-display-component---NewYard--companyCodeComboBox","interaction":{"idSuffix":"inner"}},"clearTextFirst":true,"interactionType":"ENTER_TEXT"}]}
RESULT: {"script":"<script> [776 bytes]","args":[{"enterText":"1000","selector":{"id":"application-manageyards-display-component---NewYard--companyCodeComboBox","interaction":{"idSuffix":"inner"}},"clearTextFirst":true,"interactionType":"ENTER_TEXT"}]}
COMMAND: POST /session/59746a33121488b03cb28927e3139cef/execute/async - {"script":"<script> [1562 bytes]","args":[{"selector":{"controlType":"sap.m.Input","viewName":"etm.portal.ui.manageyards.view.New","viewId":"application-manageyards-display-component---NewYard","bindingPath":{"path":"","propertyPath":"/PLANT","modelName":"NewYardModel"},"interaction":{"idSuffix":"inner"}},"wdio_ui5_key":"etmportal.ui.manageyards.view.Newsap.m.Input{\"path\":\"\",\"propertyPath\":\"/PLANT\",\"modelName\":\"NewYardModel\"}"}]}
RESULT: {"script":"<script> [1562 bytes]","args":[{"selector":{"controlType":"sap.m.Input","viewName":"etm.portal.ui.manageyards.view.New","viewId":"application-manageyards-display-component---NewYard","bindingPath":{"path":"","propertyPath":"/PLANT","modelName":"NewYardModel"},"interaction":{"idSuffix":"inner"}},"wdio_ui5_key":"etmportal.ui.manageyards.view.Newsap.m.Input{\"path\":\"\",\"propertyPath\":\"/PLANT\",\"modelName\":\"NewYardModel\"}"}]}
RESULT: undefined
COMMAND: POST /session/59746a33121488b03cb28927e3139cef/execute/async - {"script":"<script> [776 bytes]","args":[{"enterText":"1001","selector":{"controlType":"sap.m.Input","viewName":"etm.portal.ui.manageyards.view.New","viewId":"application-manageyards-display-component---NewYard","bindingPath":{"path":"","propertyPath":"/PLANT","modelName":"NewYardModel"},"interaction":{"idSuffix":"inner"}},"clearTextFirst":true,"interactionType":"ENTER_TEXT"}]}
RESULT: {"script":"<script> [776 bytes]","args":[{"enterText":"1001","selector":{"controlType":"sap.m.Input","viewName":"etm.portal.ui.manageyards.view.New","viewId":"application-manageyards-display-component---NewYard","bindingPath":{"path":"","propertyPath":"/PLANT","modelName":"NewYardModel"},"interaction":{"idSuffix":"inner"}},"clearTextFirst":true,"interactionType":"ENTER_TEXT"}]}
COMMAND: POST /session/59746a33121488b03cb28927e3139cef/execute/async - {"script":"<script> [1562 bytes]","args":[{"selector":{"controlType":"sap.m.Input","viewName":"etm.portal.ui.manageyards.view.New","viewId":"application-manageyards-display-component---NewYard","bindingPath":{"path":"","propertyPath":"/SALES_AREA_VKORG","modelName":"NewYardModel"},"interaction":{"idSuffix":"inner"}},"wdio_ui5_key":"etmportal.ui.manageyards.view.Newsap.m.Input{\"path\":\"\",\"propertyPath\":\"/SALES_AREA_VKORG\",\"modelName\":\"NewYardModel\"}"}]}
RESULT: {"script":"<script> [1562 bytes]","args":[{"selector":{"controlType":"sap.m.Input","viewName":"etm.portal.ui.manageyards.view.New","viewId":"application-manageyards-display-component---NewYard","bindingPath":{"path":"","propertyPath":"/SALES_AREA_VKORG","modelName":"NewYardModel"},"interaction":{"idSuffix":"inner"}},"wdio_ui5_key":"etmportal.ui.manageyards.view.Newsap.m.Input{\"path\":\"\",\"propertyPath\":\"/SALES_AREA_VKORG\",\"modelName\":\"NewYardModel\"}"}]}
RESULT: undefined
COMMAND: POST /session/59746a33121488b03cb28927e3139cef/execute/async - {"script":"<script> [776 bytes]","args":[{"enterText":"C002","selector":{"controlType":"sap.m.Input","viewName":"etm.portal.ui.manageyards.view.New","viewId":"application-manageyards-display-component---NewYard","bindingPath":{"path":"","propertyPath":"/SALES_AREA_VKORG","modelName":"NewYardModel"},"interaction":{"idSuffix":"inner"}},"clearTextFirst":true,"interactionType":"ENTER_TEXT"}]}
RESULT: {"script":"<script> [776 bytes]","args":[{"enterText":"C002","selector":{"controlType":"sap.m.Input","viewName":"etm.portal.ui.manageyards.view.New","viewId":"application-manageyards-display-component---NewYard","bindingPath":{"path":"","propertyPath":"/SALES_AREA_VKORG","modelName":"NewYardModel"},"interaction":{"idSuffix":"inner"}},"clearTextFirst":true,"interactionType":"ENTER_TEXT"}]}
COMMAND: POST /session/59746a33121488b03cb28927e3139cef/execute/async - {"script":"<script> [1562 bytes]","args":[{"selector":{"controlType":"sap.m.Input","viewName":"etm.portal.ui.manageyards.view.New","viewId":"application-manageyards-display-component---NewYard","bindingPath":{"path":"","propertyPath":"/SALES_AREA_VTWEG","modelName":"NewYardModel"},"interaction":{"idSuffix":"inner"}},"wdio_ui5_key":"etmportal.ui.manageyards.view.Newsap.m.Input{\"path\":\"\",\"propertyPath\":\"/SALES_AREA_VTWEG\",\"modelName\":\"NewYardModel\"}"}]}
RESULT: {"script":"<script> [1562 bytes]","args":[{"selector":{"controlType":"sap.m.Input","viewName":"etm.portal.ui.manageyards.view.New","viewId":"application-manageyards-display-component---NewYard","bindingPath":{"path":"","propertyPath":"/SALES_AREA_VTWEG","modelName":"NewYardModel"},"interaction":{"idSuffix":"inner"}},"wdio_ui5_key":"etmportal.ui.manageyards.view.Newsap.m.Input{\"path\":\"\",\"propertyPath\":\"/SALES_AREA_VTWEG\",\"modelName\":\"NewYardModel\"}"}]}
RESULT: undefined
COMMAND: POST /session/59746a33121488b03cb28927e3139cef/execute/async - {"script":"<script> [776 bytes]","args":[{"enterText":"C2","selector":{"controlType":"sap.m.Input","viewName":"etm.portal.ui.manageyards.view.New","viewId":"application-manageyards-display-component---NewYard","bindingPath":{"path":"","propertyPath":"/SALES_AREA_VTWEG","modelName":"NewYardModel"},"interaction":{"idSuffix":"inner"}},"clearTextFirst":true,"interactionType":"ENTER_TEXT"}]}
RESULT: {"script":"<script> [776 bytes]","args":[{"enterText":"C2","selector":{"controlType":"sap.m.Input","viewName":"etm.portal.ui.manageyards.view.New","viewId":"application-manageyards-display-component---NewYard","bindingPath":{"path":"","propertyPath":"/SALES_AREA_VTWEG","modelName":"NewYardModel"},"interaction":{"idSuffix":"inner"}},"clearTextFirst":true,"interactionType":"ENTER_TEXT"}]}
COMMAND: POST /session/59746a33121488b03cb28927e3139cef/execute/async - {"script":"<script> [1562 bytes]","args":[{"selector":{"controlType":"sap.m.Input","viewName":"etm.portal.ui.manageyards.view.New","viewId":"application-manageyards-display-component---NewYard","bindingPath":{"path":"","propertyPath":"/SALES_AREA_SPART","modelName":"NewYardModel"},"interaction":{"idSuffix":"inner"}},"wdio_ui5_key":"etmportal.ui.manageyards.view.Newsap.m.Input{\"path\":\"\",\"propertyPath\":\"/SALES_AREA_SPART\",\"modelName\":\"NewYardModel\"}"}]}
RESULT: {"script":"<script> [1562 bytes]","args":[{"selector":{"controlType":"sap.m.Input","viewName":"etm.portal.ui.manageyards.view.New","viewId":"application-manageyards-display-component---NewYard","bindingPath":{"path":"","propertyPath":"/SALES_AREA_SPART","modelName":"NewYardModel"},"interaction":{"idSuffix":"inner"}},"wdio_ui5_key":"etmportal.ui.manageyards.view.Newsap.m.Input{\"path\":\"\",\"propertyPath\":\"/SALES_AREA_SPART\",\"modelName\":\"NewYardModel\"}"}]}
RESULT: undefined
COMMAND: POST /session/59746a33121488b03cb28927e3139cef/execute/async - {"script":"<script> [776 bytes]","args":[{"enterText":"C2","selector":{"controlType":"sap.m.Input","viewName":"etm.portal.ui.manageyards.view.New","viewId":"application-manageyards-display-component---NewYard","bindingPath":{"path":"","propertyPath":"/SALES_AREA_SPART","modelName":"NewYardModel"},"interaction":{"idSuffix":"inner"}},"clearTextFirst":true,"interactionType":"ENTER_TEXT"}]}
RESULT: {"script":"<script> [776 bytes]","args":[{"enterText":"C2","selector":{"controlType":"sap.m.Input","viewName":"etm.portal.ui.manageyards.view.New","viewId":"application-manageyards-display-component---NewYard","bindingPath":{"path":"","propertyPath":"/SALES_AREA_SPART","modelName":"NewYardModel"},"interaction":{"idSuffix":"inner"}},"clearTextFirst":true,"interactionType":"ENTER_TEXT"}]}
COMMAND: POST /session/59746a33121488b03cb28927e3139cef/execute/async - {"script":"<script> [1562 bytes]","args":[{"selector":{"controlType":"sap.m.Input","viewName":"etm.portal.ui.manageyards.view.New","viewId":"application-manageyards-display-component---NewYard","bindingPath":{"path":"","propertyPath":"/SHIP_POINT","modelName":"NewYardModel"},"interaction":{"idSuffix":"inner"}},"wdio_ui5_key":"etmportal.ui.manageyards.view.Newsap.m.Input{\"path\":\"\",\"propertyPath\":\"/SHIP_POINT\",\"modelName\":\"NewYardModel\"}"}]}
RESULT: {"script":"<script> [1562 bytes]","args":[{"selector":{"controlType":"sap.m.Input","viewName":"etm.portal.ui.manageyards.view.New","viewId":"application-manageyards-display-component---NewYard","bindingPath":{"path":"","propertyPath":"/SHIP_POINT","modelName":"NewYardModel"},"interaction":{"idSuffix":"inner"}},"wdio_ui5_key":"etmportal.ui.manageyards.view.Newsap.m.Input{\"path\":\"\",\"propertyPath\":\"/SHIP_POINT\",\"modelName\":\"NewYardModel\"}"}]}
RESULT: undefined
COMMAND: POST /session/59746a33121488b03cb28927e3139cef/execute/async - {"script":"<script> [776 bytes]","args":[{"enterText":"1710","selector":{"controlType":"sap.m.Input","viewName":"etm.portal.ui.manageyards.view.New","viewId":"application-manageyards-display-component---NewYard","bindingPath":{"path":"","propertyPath":"/SHIP_POINT","modelName":"NewYardModel"},"interaction":{"idSuffix":"inner"}},"clearTextFirst":true,"interactionType":"ENTER_TEXT"}]}
RESULT: {"script":"<script> [776 bytes]","args":[{"enterText":"1710","selector":{"controlType":"sap.m.Input","viewName":"etm.portal.ui.manageyards.view.New","viewId":"application-manageyards-display-component---NewYard","bindingPath":{"path":"","propertyPath":"/SHIP_POINT","modelName":"NewYardModel"},"interaction":{"idSuffix":"inner"}},"clearTextFirst":true,"interactionType":"ENTER_TEXT"}]}
COMMAND: POST /session/59746a33121488b03cb28927e3139cef/execute/async - {"script":"<script> [1562 bytes]","args":[{"selector":{"controlType":"sap.m.Input","viewName":"etm.portal.ui.manageyards.view.New","viewId":"application-manageyards-display-component---NewYard","bindingPath":{"path":"","propertyPath":"/DELIVERY_TYPE","modelName":"NewYardModel"},"interaction":{"idSuffix":"inner"}},"wdio_ui5_key":"etmportal.ui.manageyards.view.Newsap.m.Input{\"path\":\"\",\"propertyPath\":\"/DELIVERY_TYPE\",\"modelName\":\"NewYardModel\"}"}]}
RESULT: {"script":"<script> [1562 bytes]","args":[{"selector":{"controlType":"sap.m.Input","viewName":"etm.portal.ui.manageyards.view.New","viewId":"application-manageyards-display-component---NewYard","bindingPath":{"path":"","propertyPath":"/DELIVERY_TYPE","modelName":"NewYardModel"},"interaction":{"idSuffix":"inner"}},"wdio_ui5_key":"etmportal.ui.manageyards.view.Newsap.m.Input{\"path\":\"\",\"propertyPath\":\"/DELIVERY_TYPE\",\"modelName\":\"NewYardModel\"}"}]}
RESULT: undefined
COMMAND: POST /session/59746a33121488b03cb28927e3139cef/execute/async - {"script":"<script> [776 bytes]","args":[{"enterText":"ZL01","selector":{"controlType":"sap.m.Input","viewName":"etm.portal.ui.manageyards.view.New","viewId":"application-manageyards-display-component---NewYard","bindingPath":{"path":"","propertyPath":"/DELIVERY_TYPE","modelName":"NewYardModel"},"interaction":{"idSuffix":"inner"}},"clearTextFirst":true,"interactionType":"ENTER_TEXT"}]}
RESULT: {"script":"<script> [776 bytes]","args":[{"enterText":"ZL01","selector":{"controlType":"sap.m.Input","viewName":"etm.portal.ui.manageyards.view.New","viewId":"application-manageyards-display-component---NewYard","bindingPath":{"path":"","propertyPath":"/DELIVERY_TYPE","modelName":"NewYardModel"},"interaction":{"idSuffix":"inner"}},"clearTextFirst":true,"interactionType":"ENTER_TEXT"}]}
COMMAND: POST /session/59746a33121488b03cb28927e3139cef/execute/async - {"script":"<script> [1562 bytes]","args":[{"selector":{"controlType":"sap.m.Input","viewName":"etm.portal.ui.manageyards.view.New","viewId":"application-manageyards-display-component---NewYard","bindingPath":{"path":"","propertyPath":"/AUART","modelName":"NewYardModel"},"interaction":{"idSuffix":"inner"}},"wdio_ui5_key":"etmportal.ui.manageyards.view.Newsap.m.Input{\"path\":\"\",\"propertyPath\":\"/AUART\",\"modelName\":\"NewYardModel\"}"}]}
RESULT: {"script":"<script> [1562 bytes]","args":[{"selector":{"controlType":"sap.m.Input","viewName":"etm.portal.ui.manageyards.view.New","viewId":"application-manageyards-display-component---NewYard","bindingPath":{"path":"","propertyPath":"/AUART","modelName":"NewYardModel"},"interaction":{"idSuffix":"inner"}},"wdio_ui5_key":"etmportal.ui.manageyards.view.Newsap.m.Input{\"path\":\"\",\"propertyPath\":\"/AUART\",\"modelName\":\"NewYardModel\"}"}]}
RESULT: undefined
COMMAND: POST /session/59746a33121488b03cb28927e3139cef/execute/async - {"script":"<script> [776 bytes]","args":[{"enterText":"TA","selector":{"controlType":"sap.m.Input","viewName":"etm.portal.ui.manageyards.view.New","viewId":"application-manageyards-display-component---NewYard","bindingPath":{"path":"","propertyPath":"/AUART","modelName":"NewYardModel"},"interaction":{"idSuffix":"inner"}},"clearTextFirst":true,"interactionType":"ENTER_TEXT"}]}
RESULT: {"script":"<script> [776 bytes]","args":[{"enterText":"TA","selector":{"controlType":"sap.m.Input","viewName":"etm.portal.ui.manageyards.view.New","viewId":"application-manageyards-display-component---NewYard","bindingPath":{"path":"","propertyPath":"/AUART","modelName":"NewYardModel"},"interaction":{"idSuffix":"inner"}},"clearTextFirst":true,"interactionType":"ENTER_TEXT"}]}
COMMAND: POST /session/59746a33121488b03cb28927e3139cef/element - {"using":"xpath","value":"//button[@data-kt=\"newYardSaveButton\"]"}
RESULT: {"using":"xpath","value":"//button[@data-kt=\"newYardSaveButton\"]"}
COMMAND: POST /session/59746a33121488b03cb28927e3139cef/element/f.683367EF064D6F54A1F942EA8E2F8118.d.E1AF8D7492BA26084F6346D3B9DE75D3.e.647/click - {}
RESULT: {}
COMMAND: GET /session/59746a33121488b03cb28927e3139cef/screenshot - {}
RESULT: {}
COMMAND: POST /session/59746a33121488b03cb28927e3139cef/element - {"using":"xpath","value":"//header[contains(@id, 'ObjectPageLayout-headerTitle')]/div[1]/div[2]/div[1]/span[1]"}
RESULT: {"using":"xpath","value":"//header[contains(@id, 'ObjectPageLayout-headerTitle')]/div[1]/div[2]/div[1]/span[1]"}
COMMAND: POST /session/59746a33121488b03cb28927e3139cef/elements - {"using":"xpath","value":"//header[contains(@id, 'ObjectPageLayout-headerTitle')]/div[1]/div[2]/div[1]/span[1]"}
RESULT: {"using":"xpath","value":"//header[contains(@id, 'ObjectPageLayout-headerTitle')]/div[1]/div[2]/div[1]/span[1]"}
COMMAND: POST /session/59746a33121488b03cb28927e3139cef/execute/sync - {"script":"<script> [56 bytes]","args":[{"element-6066-11e4-a52e-4f735466cecf":"f.683367EF064D6F54A1F942EA8E2F8118.d.E1AF8D7492BA26084F6346D3B9DE75D3.e.931","ELEMENT":"f.683367EF064D6F54A1F942EA8E2F8118.d.E1AF8D7492BA26084F6346D3B9DE75D3.e.931"}]}
RESULT: {"script":"<script> [56 bytes]","args":[{"element-6066-11e4-a52e-4f735466cecf":"f.683367EF064D6F54A1F942EA8E2F8118.d.E1AF8D7492BA26084F6346D3B9DE75D3.e.931","ELEMENT":"f.683367EF064D6F54A1F942EA8E2F8118.d.E1AF8D7492BA26084F6346D3B9DE75D3.e.931"}]}
COMMAND: GET /session/59746a33121488b03cb28927e3139cef/screenshot - {}
RESULT: {}
COMMAND: POST /session/59746a33121488b03cb28927e3139cef/element - {"using":"css selector","value":"#shell-header-logo"}
RESULT: {"using":"css selector","value":"#shell-header-logo"}
COMMAND: POST /session/59746a33121488b03cb28927e3139cef/element/f.683367EF064D6F54A1F942EA8E2F8118.d.E1AF8D7492BA26084F6346D3B9DE75D3.e.258/click - {}
RESULT: {}
COMMAND: GET /session/59746a33121488b03cb28927e3139cef/screenshot - {}
RESULT: {}
COMMAND: POST /session/59746a33121488b03cb28927e3139cef/execute/sync - {"script":"<script> [299 bytes]","args":[["getModel","getResource"]]}
RESULT: {"script":"<script> [299 bytes]","args":[["getModel","getResource"]]}
COMMAND: GET /session/59746a33121488b03cb28927e3139cef/screenshot - {}
]]></system-out>
    </testcase>
    <testcase classname="chrome.136_0_7103_49.windows.Partner_specific_tests_US150819_US151080_US151654_US151176_US103444_US151078_US151079_US151109_US151174_US151175_US151189" name="Should create new external partner US150819" time="113.044">
      <system-out><![CDATA[
COMMAND: POST /session/59746a33121488b03cb28927e3139cef/element - {"using":"xpath","value":"//li[.//span[text()=\"Manage Partners\"]]"}
RESULT: {}
RESULT: {"using":"xpath","value":"//li[.//span[text()=\"Manage Partners\"]]"}
COMMAND: POST /session/59746a33121488b03cb28927e3139cef/element - {"using":"xpath","value":"//li[.//span[text()=\"Manage Partners\"]]"}
RESULT: {"using":"xpath","value":"//li[.//span[text()=\"Manage Partners\"]]"}
COMMAND: POST /session/59746a33121488b03cb28927e3139cef/element - {"using":"css selector","value":"#shell-header-logo"}
RESULT: {"using":"css selector","value":"#shell-header-logo"}
COMMAND: POST /session/59746a33121488b03cb28927e3139cef/element/f.683367EF064D6F54A1F942EA8E2F8118.d.E1AF8D7492BA26084F6346D3B9DE75D3.e.933/click - {}
COMMAND: POST /session/59746a33121488b03cb28927e3139cef/execute/sync - {"script":"<script> [8489 bytes]","args":[{"element-6066-11e4-a52e-4f735466cecf":"f.683367EF064D6F54A1F942EA8E2F8118.d.E1AF8D7492BA26084F6346D3B9DE75D3.e.933","ELEMENT":"f.683367EF064D6F54A1F942EA8E2F8118.d.E1AF8D7492BA26084F6346D3B9DE75D3.e.933"}]}
RESULT: {}
COMMAND: GET /session/59746a33121488b03cb28927e3139cef/screenshot - {}
RESULT: {"script":"<script> [8489 bytes]","args":[{"element-6066-11e4-a52e-4f735466cecf":"f.683367EF064D6F54A1F942EA8E2F8118.d.E1AF8D7492BA26084F6346D3B9DE75D3.e.933","ELEMENT":"f.683367EF064D6F54A1F942EA8E2F8118.d.E1AF8D7492BA26084F6346D3B9DE75D3.e.933"}]}
COMMAND: POST /session/59746a33121488b03cb28927e3139cef/execute/sync - {"script":"<script> [5351 bytes]","args":[{"element-6066-11e4-a52e-4f735466cecf":"f.683367EF064D6F54A1F942EA8E2F8118.d.E1AF8D7492BA26084F6346D3B9DE75D3.e.933","ELEMENT":"f.683367EF064D6F54A1F942EA8E2F8118.d.E1AF8D7492BA26084F6346D3B9DE75D3.e.933"}]}
COMMAND: GET /session/59746a33121488b03cb28927e3139cef/screenshot - {}
RESULT: {}
RESULT: {"script":"<script> [5351 bytes]","args":[{"element-6066-11e4-a52e-4f735466cecf":"f.683367EF064D6F54A1F942EA8E2F8118.d.E1AF8D7492BA26084F6346D3B9DE75D3.e.933","ELEMENT":"f.683367EF064D6F54A1F942EA8E2F8118.d.E1AF8D7492BA26084F6346D3B9DE75D3.e.933"}]}
COMMAND: GET /session/59746a33121488b03cb28927e3139cef/screenshot - {}
RESULT: {}
RESULT: {}
COMMAND: POST /session/59746a33121488b03cb28927e3139cef/window/fullscreen - {}
RESULT: {}
COMMAND: POST /session/59746a33121488b03cb28927e3139cef/execute/async - {"script":"<script> [1562 bytes]","args":[{"selector":{"controlType":"sap.m.GenericTile","properties":{"header":"Manage Partners"}},"wdio_ui5_key":"sapm.GenericTile{\"header\":\"Manage Partners\"}"}]}
RESULT: {"script":"<script> [1562 bytes]","args":[{"selector":{"controlType":"sap.m.GenericTile","properties":{"header":"Manage Partners"}},"wdio_ui5_key":"sapm.GenericTile{\"header\":\"Manage Partners\"}"}]}
RESULT: undefined
COMMAND: POST /session/59746a33121488b03cb28927e3139cef/element - {"using":"xpath","value":"//*[@id=\"__tile38\"]"}
RESULT: {"using":"xpath","value":"//*[@id=\"__tile38\"]"}
COMMAND: POST /session/59746a33121488b03cb28927e3139cef/element/f.683367EF064D6F54A1F942EA8E2F8118.d.E1AF8D7492BA26084F6346D3B9DE75D3.e.145/click - {}
RESULT: {}
COMMAND: POST /session/59746a33121488b03cb28927e3139cef/element - {"using":"xpath","value":"//button[@data-kt=\"addButton\"]"}
COMMAND: GET /session/59746a33121488b03cb28927e3139cef/screenshot - {}
RESULT: {"using":"xpath","value":"//button[@data-kt=\"addButton\"]"}
COMMAND: POST /session/59746a33121488b03cb28927e3139cef/elements - {"using":"xpath","value":"//button[@data-kt=\"addButton\"]"}
RESULT: {}
RESULT: {"using":"xpath","value":"//button[@data-kt=\"addButton\"]"}
COMMAND: POST /session/59746a33121488b03cb28927e3139cef/elements - {"using":"xpath","value":"//button[@data-kt=\"addButton\"]"}
RESULT: {"using":"xpath","value":"//button[@data-kt=\"addButton\"]"}
COMMAND: POST /session/59746a33121488b03cb28927e3139cef/elements - {"using":"xpath","value":"//button[@data-kt=\"addButton\"]"}
RESULT: {"using":"xpath","value":"//button[@data-kt=\"addButton\"]"}
COMMAND: POST /session/59746a33121488b03cb28927e3139cef/elements - {"using":"xpath","value":"//button[@data-kt=\"addButton\"]"}
RESULT: {"using":"xpath","value":"//button[@data-kt=\"addButton\"]"}
COMMAND: POST /session/59746a33121488b03cb28927e3139cef/elements - {"using":"xpath","value":"//button[@data-kt=\"addButton\"]"}
RESULT: {"using":"xpath","value":"//button[@data-kt=\"addButton\"]"}
COMMAND: POST /session/59746a33121488b03cb28927e3139cef/elements - {"using":"xpath","value":"//button[@data-kt=\"addButton\"]"}
RESULT: {"using":"xpath","value":"//button[@data-kt=\"addButton\"]"}
COMMAND: POST /session/59746a33121488b03cb28927e3139cef/elements - {"using":"xpath","value":"//button[@data-kt=\"addButton\"]"}
RESULT: {"using":"xpath","value":"//button[@data-kt=\"addButton\"]"}
COMMAND: POST /session/59746a33121488b03cb28927e3139cef/elements - {"using":"xpath","value":"//button[@data-kt=\"addButton\"]"}
RESULT: {"using":"xpath","value":"//button[@data-kt=\"addButton\"]"}
COMMAND: POST /session/59746a33121488b03cb28927e3139cef/elements - {"using":"xpath","value":"//button[@data-kt=\"addButton\"]"}
RESULT: {"using":"xpath","value":"//button[@data-kt=\"addButton\"]"}
COMMAND: POST /session/59746a33121488b03cb28927e3139cef/elements - {"using":"xpath","value":"//button[@data-kt=\"addButton\"]"}
RESULT: {"using":"xpath","value":"//button[@data-kt=\"addButton\"]"}
COMMAND: POST /session/59746a33121488b03cb28927e3139cef/elements - {"using":"xpath","value":"//button[@data-kt=\"addButton\"]"}
RESULT: {"using":"xpath","value":"//button[@data-kt=\"addButton\"]"}
COMMAND: POST /session/59746a33121488b03cb28927e3139cef/elements - {"using":"xpath","value":"//button[@data-kt=\"addButton\"]"}
RESULT: {"using":"xpath","value":"//button[@data-kt=\"addButton\"]"}
COMMAND: POST /session/59746a33121488b03cb28927e3139cef/elements - {"using":"xpath","value":"//button[@data-kt=\"addButton\"]"}
RESULT: {"using":"xpath","value":"//button[@data-kt=\"addButton\"]"}
COMMAND: POST /session/59746a33121488b03cb28927e3139cef/elements - {"using":"xpath","value":"//button[@data-kt=\"addButton\"]"}
RESULT: {"using":"xpath","value":"//button[@data-kt=\"addButton\"]"}
COMMAND: POST /session/59746a33121488b03cb28927e3139cef/elements - {"using":"xpath","value":"//button[@data-kt=\"addButton\"]"}
RESULT: {"using":"xpath","value":"//button[@data-kt=\"addButton\"]"}
COMMAND: POST /session/59746a33121488b03cb28927e3139cef/elements - {"using":"xpath","value":"//button[@data-kt=\"addButton\"]"}
RESULT: {"using":"xpath","value":"//button[@data-kt=\"addButton\"]"}
COMMAND: POST /session/59746a33121488b03cb28927e3139cef/elements - {"using":"xpath","value":"//button[@data-kt=\"addButton\"]"}
RESULT: {"using":"xpath","value":"//button[@data-kt=\"addButton\"]"}
COMMAND: POST /session/59746a33121488b03cb28927e3139cef/elements - {"using":"xpath","value":"//button[@data-kt=\"addButton\"]"}
RESULT: {"using":"xpath","value":"//button[@data-kt=\"addButton\"]"}
COMMAND: POST /session/59746a33121488b03cb28927e3139cef/elements - {"using":"xpath","value":"//button[@data-kt=\"addButton\"]"}
RESULT: {"using":"xpath","value":"//button[@data-kt=\"addButton\"]"}
COMMAND: POST /session/59746a33121488b03cb28927e3139cef/elements - {"using":"xpath","value":"//button[@data-kt=\"addButton\"]"}
RESULT: {"using":"xpath","value":"//button[@data-kt=\"addButton\"]"}
COMMAND: POST /session/59746a33121488b03cb28927e3139cef/element - {"using":"xpath","value":"//button[@data-kt=\"addButton\"]"}
RESULT: {"using":"xpath","value":"//button[@data-kt=\"addButton\"]"}
COMMAND: POST /session/59746a33121488b03cb28927e3139cef/execute/sync - {"script":"<script> [8489 bytes]","args":[{"element-6066-11e4-a52e-4f735466cecf":"f.683367EF064D6F54A1F942EA8E2F8118.d.E1AF8D7492BA26084F6346D3B9DE75D3.e.969","ELEMENT":"f.683367EF064D6F54A1F942EA8E2F8118.d.E1AF8D7492BA26084F6346D3B9DE75D3.e.969"}]}
RESULT: {"script":"<script> [8489 bytes]","args":[{"element-6066-11e4-a52e-4f735466cecf":"f.683367EF064D6F54A1F942EA8E2F8118.d.E1AF8D7492BA26084F6346D3B9DE75D3.e.969","ELEMENT":"f.683367EF064D6F54A1F942EA8E2F8118.d.E1AF8D7492BA26084F6346D3B9DE75D3.e.969"}]}
COMMAND: GET /session/59746a33121488b03cb28927e3139cef/element/f.683367EF064D6F54A1F942EA8E2F8118.d.E1AF8D7492BA26084F6346D3B9DE75D3.e.969/enabled - {}
COMMAND: GET /session/59746a33121488b03cb28927e3139cef/screenshot - {}
RESULT: {}
COMMAND: POST /session/59746a33121488b03cb28927e3139cef/execute/sync - {"script":"<script> [8489 bytes]","args":[{"element-6066-11e4-a52e-4f735466cecf":"f.683367EF064D6F54A1F942EA8E2F8118.d.E1AF8D7492BA26084F6346D3B9DE75D3.e.969","ELEMENT":"f.683367EF064D6F54A1F942EA8E2F8118.d.E1AF8D7492BA26084F6346D3B9DE75D3.e.969"}]}
COMMAND: GET /session/59746a33121488b03cb28927e3139cef/screenshot - {}
RESULT: {}
RESULT: {"script":"<script> [8489 bytes]","args":[{"element-6066-11e4-a52e-4f735466cecf":"f.683367EF064D6F54A1F942EA8E2F8118.d.E1AF8D7492BA26084F6346D3B9DE75D3.e.969","ELEMENT":"f.683367EF064D6F54A1F942EA8E2F8118.d.E1AF8D7492BA26084F6346D3B9DE75D3.e.969"}]}
COMMAND: POST /session/59746a33121488b03cb28927e3139cef/execute/sync - {"script":"<script> [5351 bytes]","args":[{"element-6066-11e4-a52e-4f735466cecf":"f.683367EF064D6F54A1F942EA8E2F8118.d.E1AF8D7492BA26084F6346D3B9DE75D3.e.969","ELEMENT":"f.683367EF064D6F54A1F942EA8E2F8118.d.E1AF8D7492BA26084F6346D3B9DE75D3.e.969"}]}
COMMAND: GET /session/59746a33121488b03cb28927e3139cef/screenshot - {}
RESULT: {}
RESULT: {"script":"<script> [5351 bytes]","args":[{"element-6066-11e4-a52e-4f735466cecf":"f.683367EF064D6F54A1F942EA8E2F8118.d.E1AF8D7492BA26084F6346D3B9DE75D3.e.969","ELEMENT":"f.683367EF064D6F54A1F942EA8E2F8118.d.E1AF8D7492BA26084F6346D3B9DE75D3.e.969"}]}
COMMAND: POST /session/59746a33121488b03cb28927e3139cef/element/f.683367EF064D6F54A1F942EA8E2F8118.d.E1AF8D7492BA26084F6346D3B9DE75D3.e.969/click - {}
COMMAND: GET /session/59746a33121488b03cb28927e3139cef/screenshot - {}
RESULT: {}
RESULT: {}
COMMAND: GET /session/59746a33121488b03cb28927e3139cef/screenshot - {}
COMMAND: POST /session/59746a33121488b03cb28927e3139cef/execute/async - {"script":"<script> [1562 bytes]","args":[{"selector":{"id":"application-managepartners-display-component---NewPartner--addressDetailDetailsName1","interaction":{"idSuffix":"inner"}},"wdio_ui5_key":"applicationmanagepartners-display-component---NewPartner--addressDetailDetailsName1"}]}
RESULT: {}
RESULT: {}
RESULT: {"script":"<script> [1562 bytes]","args":[{"selector":{"id":"application-managepartners-display-component---NewPartner--addressDetailDetailsName1","interaction":{"idSuffix":"inner"}},"wdio_ui5_key":"applicationmanagepartners-display-component---NewPartner--addressDetailDetailsName1"}]}
RESULT: undefined
COMMAND: POST /session/59746a33121488b03cb28927e3139cef/execute/async - {"script":"<script> [776 bytes]","args":[{"enterText":"External Partner WDIO","selector":{"id":"application-managepartners-display-component---NewPartner--addressDetailDetailsName1","interaction":{"idSuffix":"inner"}},"clearTextFirst":true,"interactionType":"ENTER_TEXT"}]}
RESULT: {"script":"<script> [776 bytes]","args":[{"enterText":"External Partner WDIO","selector":{"id":"application-managepartners-display-component---NewPartner--addressDetailDetailsName1","interaction":{"idSuffix":"inner"}},"clearTextFirst":true,"interactionType":"ENTER_TEXT"}]}
COMMAND: POST /session/59746a33121488b03cb28927e3139cef/execute/async - {"script":"<script> [1562 bytes]","args":[{"selector":{"id":"application-managepartners-display-component---NewPartner--addressDetailDetailsLanguage-arrow"},"wdio_ui5_key":"applicationmanagepartners-display-component---NewPartner--addressDetailDetailsLanguage-arrow"}]}
RESULT: {"script":"<script> [1562 bytes]","args":[{"selector":{"id":"application-managepartners-display-component---NewPartner--addressDetailDetailsLanguage-arrow"},"wdio_ui5_key":"applicationmanagepartners-display-component---NewPartner--addressDetailDetailsLanguage-arrow"}]}
RESULT: undefined
COMMAND: POST /session/59746a33121488b03cb28927e3139cef/element - {"using":"xpath","value":"//*[@id=\"application-managepartners-display-component---NewPartner--addressDetailDetailsLanguage-arrow\"]"}
RESULT: {"using":"xpath","value":"//*[@id=\"application-managepartners-display-component---NewPartner--addressDetailDetailsLanguage-arrow\"]"}
COMMAND: POST /session/59746a33121488b03cb28927e3139cef/element/f.683367EF064D6F54A1F942EA8E2F8118.d.E1AF8D7492BA26084F6346D3B9DE75D3.e.1301/click - {}
RESULT: {}
COMMAND: POST /session/59746a33121488b03cb28927e3139cef/element - {"using":"xpath","value":"//span[contains(text(), \"English\")]"}
COMMAND: GET /session/59746a33121488b03cb28927e3139cef/screenshot - {}
RESULT: {"using":"xpath","value":"//span[contains(text(), \"English\")]"}
COMMAND: POST /session/59746a33121488b03cb28927e3139cef/element/f.683367EF064D6F54A1F942EA8E2F8118.d.E1AF8D7492BA26084F6346D3B9DE75D3.e.1302/click - {}
RESULT: {}
RESULT: {}
COMMAND: GET /session/59746a33121488b03cb28927e3139cef/screenshot - {}
RESULT: {}
COMMAND: POST /session/59746a33121488b03cb28927e3139cef/execute/async - {"script":"<script> [1562 bytes]","args":[{"selector":{"id":"application-managepartners-display-component---NewPartner--addressDetailDetailsCity1","interaction":{"idSuffix":"inner"}},"wdio_ui5_key":"applicationmanagepartners-display-component---NewPartner--addressDetailDetailsCity1"}]}
RESULT: {"script":"<script> [1562 bytes]","args":[{"selector":{"id":"application-managepartners-display-component---NewPartner--addressDetailDetailsCity1","interaction":{"idSuffix":"inner"}},"wdio_ui5_key":"applicationmanagepartners-display-component---NewPartner--addressDetailDetailsCity1"}]}
RESULT: undefined
COMMAND: POST /session/59746a33121488b03cb28927e3139cef/execute/async - {"script":"<script> [776 bytes]","args":[{"enterText":"Rosario","selector":{"id":"application-managepartners-display-component---NewPartner--addressDetailDetailsCity1","interaction":{"idSuffix":"inner"}},"clearTextFirst":true,"interactionType":"ENTER_TEXT"}]}
RESULT: {"script":"<script> [776 bytes]","args":[{"enterText":"Rosario","selector":{"id":"application-managepartners-display-component---NewPartner--addressDetailDetailsCity1","interaction":{"idSuffix":"inner"}},"clearTextFirst":true,"interactionType":"ENTER_TEXT"}]}
COMMAND: POST /session/59746a33121488b03cb28927e3139cef/execute/async - {"script":"<script> [1562 bytes]","args":[{"selector":{"id":"application-managepartners-display-component---NewPartner--addressDetailDetailsCountry-arrow"},"wdio_ui5_key":"applicationmanagepartners-display-component---NewPartner--addressDetailDetailsCountry-arrow"}]}
RESULT: {"script":"<script> [1562 bytes]","args":[{"selector":{"id":"application-managepartners-display-component---NewPartner--addressDetailDetailsCountry-arrow"},"wdio_ui5_key":"applicationmanagepartners-display-component---NewPartner--addressDetailDetailsCountry-arrow"}]}
RESULT: undefined
COMMAND: POST /session/59746a33121488b03cb28927e3139cef/element - {"using":"xpath","value":"//*[@id=\"application-managepartners-display-component---NewPartner--addressDetailDetailsCountry-arrow\"]"}
RESULT: {"using":"xpath","value":"//*[@id=\"application-managepartners-display-component---NewPartner--addressDetailDetailsCountry-arrow\"]"}
COMMAND: POST /session/59746a33121488b03cb28927e3139cef/element/f.683367EF064D6F54A1F942EA8E2F8118.d.E1AF8D7492BA26084F6346D3B9DE75D3.e.1288/click - {}
RESULT: {}
COMMAND: POST /session/59746a33121488b03cb28927e3139cef/element - {"using":"xpath","value":"//span[contains(text(), \"Argentina\")]"}
COMMAND: GET /session/59746a33121488b03cb28927e3139cef/screenshot - {}
RESULT: {"using":"xpath","value":"//span[contains(text(), \"Argentina\")]"}
COMMAND: POST /session/59746a33121488b03cb28927e3139cef/element/f.683367EF064D6F54A1F942EA8E2F8118.d.E1AF8D7492BA26084F6346D3B9DE75D3.e.1304/click - {}
RESULT: {}
RESULT: {}
COMMAND: GET /session/59746a33121488b03cb28927e3139cef/screenshot - {}
RESULT: {}
COMMAND: POST /session/59746a33121488b03cb28927e3139cef/element - {"using":"xpath","value":"//bdi[contains(text(), \"Commercial\")]"}
RESULT: {"using":"xpath","value":"//bdi[contains(text(), \"Commercial\")]"}
COMMAND: POST /session/59746a33121488b03cb28927e3139cef/element/f.683367EF064D6F54A1F942EA8E2F8118.d.E1AF8D7492BA26084F6346D3B9DE75D3.e.1305/click - {}
RESULT: {}
COMMAND: GET /session/59746a33121488b03cb28927e3139cef/screenshot - {}
RESULT: {}
COMMAND: POST /session/59746a33121488b03cb28927e3139cef/execute/async - {"script":"<script> [1562 bytes]","args":[{"selector":{"id":"application-managepartners-display-component---NewPartner--partnerDetailInternal-arrow"},"wdio_ui5_key":"applicationmanagepartners-display-component---NewPartner--partnerDetailInternal-arrow"}]}
RESULT: {"script":"<script> [1562 bytes]","args":[{"selector":{"id":"application-managepartners-display-component---NewPartner--partnerDetailInternal-arrow"},"wdio_ui5_key":"applicationmanagepartners-display-component---NewPartner--partnerDetailInternal-arrow"}]}
RESULT: undefined
COMMAND: POST /session/59746a33121488b03cb28927e3139cef/element - {"using":"xpath","value":"//*[@id=\"application-managepartners-display-component---NewPartner--partnerDetailInternal-arrow\"]"}
RESULT: {"using":"xpath","value":"//*[@id=\"application-managepartners-display-component---NewPartner--partnerDetailInternal-arrow\"]"}
COMMAND: POST /session/59746a33121488b03cb28927e3139cef/element/f.683367EF064D6F54A1F942EA8E2F8118.d.E1AF8D7492BA26084F6346D3B9DE75D3.e.1311/click - {}
RESULT: {}
COMMAND: POST /session/59746a33121488b03cb28927e3139cef/element - {"using":"xpath","value":"//span[contains(text(), \"External partner\")]"}
COMMAND: GET /session/59746a33121488b03cb28927e3139cef/screenshot - {}
RESULT: {"using":"xpath","value":"//span[contains(text(), \"External partner\")]"}
COMMAND: POST /session/59746a33121488b03cb28927e3139cef/element/f.683367EF064D6F54A1F942EA8E2F8118.d.E1AF8D7492BA26084F6346D3B9DE75D3.e.1313/click - {}
RESULT: {}
RESULT: {}
COMMAND: POST /session/59746a33121488b03cb28927e3139cef/execute/async - {"script":"<script> [1562 bytes]","args":[{"selector":{"id":"application-managepartners-display-component---NewPartner--partnerDetailsCurrency-arrow"},"wdio_ui5_key":"applicationmanagepartners-display-component---NewPartner--partnerDetailsCurrency-arrow"}]}
COMMAND: GET /session/59746a33121488b03cb28927e3139cef/screenshot - {}
RESULT: {"script":"<script> [1562 bytes]","args":[{"selector":{"id":"application-managepartners-display-component---NewPartner--partnerDetailsCurrency-arrow"},"wdio_ui5_key":"applicationmanagepartners-display-component---NewPartner--partnerDetailsCurrency-arrow"}]}
RESULT: undefined
COMMAND: POST /session/59746a33121488b03cb28927e3139cef/element - {"using":"xpath","value":"//*[@id=\"application-managepartners-display-component---NewPartner--partnerDetailsCurrency-arrow\"]"}
RESULT: {}
RESULT: {"using":"xpath","value":"//*[@id=\"application-managepartners-display-component---NewPartner--partnerDetailsCurrency-arrow\"]"}
COMMAND: POST /session/59746a33121488b03cb28927e3139cef/element/f.683367EF064D6F54A1F942EA8E2F8118.d.E1AF8D7492BA26084F6346D3B9DE75D3.e.1318/click - {}
RESULT: {}
COMMAND: POST /session/59746a33121488b03cb28927e3139cef/element - {"using":"xpath","value":"//span[contains(text(), \"US Dollar\")]"}
COMMAND: GET /session/59746a33121488b03cb28927e3139cef/screenshot - {}
RESULT: {"using":"xpath","value":"//span[contains(text(), \"US Dollar\")]"}
COMMAND: POST /session/59746a33121488b03cb28927e3139cef/element/f.683367EF064D6F54A1F942EA8E2F8118.d.E1AF8D7492BA26084F6346D3B9DE75D3.e.1319/click - {}
RESULT: {}
RESULT: {}
COMMAND: GET /session/59746a33121488b03cb28927e3139cef/screenshot - {}
RESULT: {}
COMMAND: POST /session/59746a33121488b03cb28927e3139cef/element - {"using":"xpath","value":"//input[@id=\"application-managepartners-display-component---NewPartner--companyCodeComboBox-inner\"]"}
RESULT: {"using":"xpath","value":"//input[@id=\"application-managepartners-display-component---NewPartner--companyCodeComboBox-inner\"]"}
COMMAND: POST /session/59746a33121488b03cb28927e3139cef/element/f.683367EF064D6F54A1F942EA8E2F8118.d.E1AF8D7492BA26084F6346D3B9DE75D3.e.1170/clear - {}
RESULT: {}
COMMAND: POST /session/59746a33121488b03cb28927e3139cef/element/f.683367EF064D6F54A1F942EA8E2F8118.d.E1AF8D7492BA26084F6346D3B9DE75D3.e.1170/value - {"text":"C002"}
COMMAND: GET /session/59746a33121488b03cb28927e3139cef/screenshot - {}
RESULT: {"text":"C002"}
COMMAND: GET /session/59746a33121488b03cb28927e3139cef/screenshot - {}
COMMAND: POST /session/59746a33121488b03cb28927e3139cef/element - {"using":"xpath","value":"//li[.//span[text()= \"C002\"]]"}
RESULT: {}
RESULT: {}
RESULT: {"using":"xpath","value":"//li[.//span[text()= \"C002\"]]"}
COMMAND: POST /session/59746a33121488b03cb28927e3139cef/element/f.683367EF064D6F54A1F942EA8E2F8118.d.E1AF8D7492BA26084F6346D3B9DE75D3.e.1323/click - {}
RESULT: {}
COMMAND: GET /session/59746a33121488b03cb28927e3139cef/screenshot - {}
RESULT: {}
COMMAND: POST /session/59746a33121488b03cb28927e3139cef/execute/async - {"script":"<script> [1562 bytes]","args":[{"selector":{"id":"application-managepartners-display-component---NewPartner--btnAddTableRow-img"},"wdio_ui5_key":"applicationmanagepartners-display-component---NewPartner--btnAddTableRow-img"}]}
RESULT: {"script":"<script> [1562 bytes]","args":[{"selector":{"id":"application-managepartners-display-component---NewPartner--btnAddTableRow-img"},"wdio_ui5_key":"applicationmanagepartners-display-component---NewPartner--btnAddTableRow-img"}]}
RESULT: undefined
COMMAND: POST /session/59746a33121488b03cb28927e3139cef/element - {"using":"xpath","value":"//*[@id=\"application-managepartners-display-component---NewPartner--btnAddTableRow-img\"]"}
RESULT: {"using":"xpath","value":"//*[@id=\"application-managepartners-display-component---NewPartner--btnAddTableRow-img\"]"}
COMMAND: POST /session/59746a33121488b03cb28927e3139cef/element/f.683367EF064D6F54A1F942EA8E2F8118.d.E1AF8D7492BA26084F6346D3B9DE75D3.e.1324/click - {}
RESULT: {}
COMMAND: GET /session/59746a33121488b03cb28927e3139cef/screenshot - {}
RESULT: {}
COMMAND: POST /session/59746a33121488b03cb28927e3139cef/element - {"using":"xpath","value":"//input[@id=\"application-managepartners-display-component---NewPartner--assignmentYard-application-managepartners-display-component---NewPartner--assignmentsTable-0-inner\"]"}
RESULT: {"using":"xpath","value":"//input[@id=\"application-managepartners-display-component---NewPartner--assignmentYard-application-managepartners-display-component---NewPartner--assignmentsTable-0-inner\"]"}
COMMAND: POST /session/59746a33121488b03cb28927e3139cef/element/f.683367EF064D6F54A1F942EA8E2F8118.d.E1AF8D7492BA26084F6346D3B9DE75D3.e.1327/clear - {}
RESULT: {}
COMMAND: POST /session/59746a33121488b03cb28927e3139cef/element/f.683367EF064D6F54A1F942EA8E2F8118.d.E1AF8D7492BA26084F6346D3B9DE75D3.e.1327/value - {"text":"188"}
COMMAND: GET /session/59746a33121488b03cb28927e3139cef/screenshot - {}
RESULT: {"text":"188"}
COMMAND: GET /session/59746a33121488b03cb28927e3139cef/screenshot - {}
RESULT: {}
RESULT: {}
COMMAND: POST /session/59746a33121488b03cb28927e3139cef/element - {"using":"xpath","value":"//li[.//span[text()='188']]"}
RESULT: {"using":"xpath","value":"//li[.//span[text()='188']]"}
COMMAND: POST /session/59746a33121488b03cb28927e3139cef/element/f.683367EF064D6F54A1F942EA8E2F8118.d.E1AF8D7492BA26084F6346D3B9DE75D3.e.1335/click - {}
RESULT: {}
COMMAND: GET /session/59746a33121488b03cb28927e3139cef/screenshot - {}
RESULT: {}
COMMAND: POST /session/59746a33121488b03cb28927e3139cef/actions - {"actions":[{"id":"action2","type":"key","parameters":{},"actions":[{"type":"keyDown","value":"î€‡"},{"type":"pause","duration":10},{"type":"keyUp","value":"î€‡"}]}]}
RESULT: {"actions":[{"id":"action2","type":"key","parameters":{},"actions":[{"type":"keyDown","value":"î€‡"},{"type":"pause","duration":10},{"type":"keyUp","value":"î€‡"}]}]}
COMMAND: POST /session/59746a33121488b03cb28927e3139cef/element - {"using":"xpath","value":"//td[contains(@id, \"assignmentsTable-0-cell2\")]/div/div"}
COMMAND: GET /session/59746a33121488b03cb28927e3139cef/screenshot - {}
RESULT: {"using":"xpath","value":"//td[contains(@id, \"assignmentsTable-0-cell2\")]/div/div"}
COMMAND: POST /session/59746a33121488b03cb28927e3139cef/element/f.683367EF064D6F54A1F942EA8E2F8118.d.E1AF8D7492BA26084F6346D3B9DE75D3.e.1338/click - {}
RESULT: {}
RESULT: {}
COMMAND: GET /session/59746a33121488b03cb28927e3139cef/screenshot - {}
RESULT: {}
COMMAND: POST /session/59746a33121488b03cb28927e3139cef/element - {"using":"xpath","value":"//button[@data-kt=\"saveButton\"]"}
RESULT: {"using":"xpath","value":"//button[@data-kt=\"saveButton\"]"}
COMMAND: POST /session/59746a33121488b03cb28927e3139cef/element/f.683367EF064D6F54A1F942EA8E2F8118.d.E1AF8D7492BA26084F6346D3B9DE75D3.e.1179/click - {}
RESULT: {}
COMMAND: GET /session/59746a33121488b03cb28927e3139cef/screenshot - {}
RESULT: {}
COMMAND: POST /session/59746a33121488b03cb28927e3139cef/element - {"using":"xpath","value":"//header[contains(@id, 'ObjectPageLayout-headerTitle')]/div[1]/div[2]/div[2]/span[1]"}
RESULT: {"using":"xpath","value":"//header[contains(@id, 'ObjectPageLayout-headerTitle')]/div[1]/div[2]/div[2]/span[1]"}
COMMAND: POST /session/59746a33121488b03cb28927e3139cef/elements - {"using":"xpath","value":"//header[contains(@id, 'ObjectPageLayout-headerTitle')]/div[1]/div[2]/div[2]/span[1]"}
RESULT: {"using":"xpath","value":"//header[contains(@id, 'ObjectPageLayout-headerTitle')]/div[1]/div[2]/div[2]/span[1]"}
COMMAND: POST /session/59746a33121488b03cb28927e3139cef/execute/sync - {"script":"<script> [56 bytes]","args":[{"element-6066-11e4-a52e-4f735466cecf":"f.683367EF064D6F54A1F942EA8E2F8118.d.E1AF8D7492BA26084F6346D3B9DE75D3.e.1439","ELEMENT":"f.683367EF064D6F54A1F942EA8E2F8118.d.E1AF8D7492BA26084F6346D3B9DE75D3.e.1439"}]}
RESULT: {"script":"<script> [56 bytes]","args":[{"element-6066-11e4-a52e-4f735466cecf":"f.683367EF064D6F54A1F942EA8E2F8118.d.E1AF8D7492BA26084F6346D3B9DE75D3.e.1439","ELEMENT":"f.683367EF064D6F54A1F942EA8E2F8118.d.E1AF8D7492BA26084F6346D3B9DE75D3.e.1439"}]}
COMMAND: POST /session/59746a33121488b03cb28927e3139cef/element - {"using":"css selector","value":"#shell-header-logo"}
COMMAND: GET /session/59746a33121488b03cb28927e3139cef/screenshot - {}
RESULT: {"using":"css selector","value":"#shell-header-logo"}
COMMAND: POST /session/59746a33121488b03cb28927e3139cef/element/f.683367EF064D6F54A1F942EA8E2F8118.d.E1AF8D7492BA26084F6346D3B9DE75D3.e.933/click - {}
RESULT: {}
RESULT: {}
COMMAND: GET /session/59746a33121488b03cb28927e3139cef/screenshot - {}
RESULT: {}
COMMAND: POST /session/59746a33121488b03cb28927e3139cef/execute/sync - {"script":"<script> [299 bytes]","args":[["getModel","getResource"]]}
RESULT: {"script":"<script> [299 bytes]","args":[["getModel","getResource"]]}
COMMAND: GET /session/59746a33121488b03cb28927e3139cef/screenshot - {}
]]></system-out>
    </testcase>
    <testcase classname="chrome.136_0_7103_49.windows.Partner_specific_tests_US150819_US151080_US151654_US151176_US103444_US151078_US151079_US151109_US151174_US151175_US151189" name="Should filter and search partners US151080" time="97.852">
      <system-out><![CDATA[
COMMAND: POST /session/59746a33121488b03cb28927e3139cef/element - {"using":"xpath","value":"//li[.//span[text()=\"Manage Partners\"]]"}
RESULT: {}
RESULT: {"using":"xpath","value":"//li[.//span[text()=\"Manage Partners\"]]"}
COMMAND: POST /session/59746a33121488b03cb28927e3139cef/element - {"using":"xpath","value":"//li[.//span[text()=\"Manage Partners\"]]"}
RESULT: {"using":"xpath","value":"//li[.//span[text()=\"Manage Partners\"]]"}
COMMAND: POST /session/59746a33121488b03cb28927e3139cef/element - {"using":"css selector","value":"#shell-header-logo"}
RESULT: {"using":"css selector","value":"#shell-header-logo"}
COMMAND: POST /session/59746a33121488b03cb28927e3139cef/element/f.683367EF064D6F54A1F942EA8E2F8118.d.E1AF8D7492BA26084F6346D3B9DE75D3.e.1441/click - {}
COMMAND: POST /session/59746a33121488b03cb28927e3139cef/execute/sync - {"script":"<script> [8489 bytes]","args":[{"element-6066-11e4-a52e-4f735466cecf":"f.683367EF064D6F54A1F942EA8E2F8118.d.E1AF8D7492BA26084F6346D3B9DE75D3.e.1441","ELEMENT":"f.683367EF064D6F54A1F942EA8E2F8118.d.E1AF8D7492BA26084F6346D3B9DE75D3.e.1441"}]}
RESULT: {"script":"<script> [8489 bytes]","args":[{"element-6066-11e4-a52e-4f735466cecf":"f.683367EF064D6F54A1F942EA8E2F8118.d.E1AF8D7492BA26084F6346D3B9DE75D3.e.1441","ELEMENT":"f.683367EF064D6F54A1F942EA8E2F8118.d.E1AF8D7492BA26084F6346D3B9DE75D3.e.1441"}]}
COMMAND: POST /session/59746a33121488b03cb28927e3139cef/execute/sync - {"script":"<script> [5351 bytes]","args":[{"element-6066-11e4-a52e-4f735466cecf":"f.683367EF064D6F54A1F942EA8E2F8118.d.E1AF8D7492BA26084F6346D3B9DE75D3.e.1441","ELEMENT":"f.683367EF064D6F54A1F942EA8E2F8118.d.E1AF8D7492BA26084F6346D3B9DE75D3.e.1441"}]}
COMMAND: GET /session/59746a33121488b03cb28927e3139cef/screenshot - {}
RESULT: {}
COMMAND: GET /session/59746a33121488b03cb28927e3139cef/screenshot - {}
RESULT: {"script":"<script> [5351 bytes]","args":[{"element-6066-11e4-a52e-4f735466cecf":"f.683367EF064D6F54A1F942EA8E2F8118.d.E1AF8D7492BA26084F6346D3B9DE75D3.e.1441","ELEMENT":"f.683367EF064D6F54A1F942EA8E2F8118.d.E1AF8D7492BA26084F6346D3B9DE75D3.e.1441"}]}
COMMAND: GET /session/59746a33121488b03cb28927e3139cef/screenshot - {}
RESULT: {}
RESULT: {}
RESULT: {}
RESULT: undefined
COMMAND: POST /session/59746a33121488b03cb28927e3139cef/element - {"using":"xpath","value":"//*[@id=\"__tile38\"]"}
RESULT: {"using":"xpath","value":"//*[@id=\"__tile38\"]"}
COMMAND: POST /session/59746a33121488b03cb28927e3139cef/element/f.683367EF064D6F54A1F942EA8E2F8118.d.E1AF8D7492BA26084F6346D3B9DE75D3.e.145/click - {}
RESULT: {}
COMMAND: POST /session/59746a33121488b03cb28927e3139cef/element - {"using":"xpath","value":"//button[@data-kt=\"addButton\"]"}
COMMAND: GET /session/59746a33121488b03cb28927e3139cef/screenshot - {}
RESULT: {"using":"xpath","value":"//button[@data-kt=\"addButton\"]"}
COMMAND: POST /session/59746a33121488b03cb28927e3139cef/elements - {"using":"xpath","value":"//button[@data-kt=\"addButton\"]"}
RESULT: {}
RESULT: {"using":"xpath","value":"//button[@data-kt=\"addButton\"]"}
COMMAND: POST /session/59746a33121488b03cb28927e3139cef/execute/sync - {"script":"<script> [8489 bytes]","args":[{"element-6066-11e4-a52e-4f735466cecf":"f.683367EF064D6F54A1F942EA8E2F8118.d.E1AF8D7492BA26084F6346D3B9DE75D3.e.1486","ELEMENT":"f.683367EF064D6F54A1F942EA8E2F8118.d.E1AF8D7492BA26084F6346D3B9DE75D3.e.1486"}]}
RESULT: {"script":"<script> [8489 bytes]","args":[{"element-6066-11e4-a52e-4f735466cecf":"f.683367EF064D6F54A1F942EA8E2F8118.d.E1AF8D7492BA26084F6346D3B9DE75D3.e.1486","ELEMENT":"f.683367EF064D6F54A1F942EA8E2F8118.d.E1AF8D7492BA26084F6346D3B9DE75D3.e.1486"}]}
COMMAND: GET /session/59746a33121488b03cb28927e3139cef/element/f.683367EF064D6F54A1F942EA8E2F8118.d.E1AF8D7492BA26084F6346D3B9DE75D3.e.1486/enabled - {}
COMMAND: GET /session/59746a33121488b03cb28927e3139cef/screenshot - {}
RESULT: {}
COMMAND: POST /session/59746a33121488b03cb28927e3139cef/execute/sync - {"script":"<script> [8489 bytes]","args":[{"element-6066-11e4-a52e-4f735466cecf":"f.683367EF064D6F54A1F942EA8E2F8118.d.E1AF8D7492BA26084F6346D3B9DE75D3.e.1486","ELEMENT":"f.683367EF064D6F54A1F942EA8E2F8118.d.E1AF8D7492BA26084F6346D3B9DE75D3.e.1486"}]}
COMMAND: GET /session/59746a33121488b03cb28927e3139cef/screenshot - {}
RESULT: {}
RESULT: {"script":"<script> [8489 bytes]","args":[{"element-6066-11e4-a52e-4f735466cecf":"f.683367EF064D6F54A1F942EA8E2F8118.d.E1AF8D7492BA26084F6346D3B9DE75D3.e.1486","ELEMENT":"f.683367EF064D6F54A1F942EA8E2F8118.d.E1AF8D7492BA26084F6346D3B9DE75D3.e.1486"}]}
COMMAND: POST /session/59746a33121488b03cb28927e3139cef/execute/sync - {"script":"<script> [5351 bytes]","args":[{"element-6066-11e4-a52e-4f735466cecf":"f.683367EF064D6F54A1F942EA8E2F8118.d.E1AF8D7492BA26084F6346D3B9DE75D3.e.1486","ELEMENT":"f.683367EF064D6F54A1F942EA8E2F8118.d.E1AF8D7492BA26084F6346D3B9DE75D3.e.1486"}]}
COMMAND: GET /session/59746a33121488b03cb28927e3139cef/screenshot - {}
RESULT: {}
RESULT: {"script":"<script> [5351 bytes]","args":[{"element-6066-11e4-a52e-4f735466cecf":"f.683367EF064D6F54A1F942EA8E2F8118.d.E1AF8D7492BA26084F6346D3B9DE75D3.e.1486","ELEMENT":"f.683367EF064D6F54A1F942EA8E2F8118.d.E1AF8D7492BA26084F6346D3B9DE75D3.e.1486"}]}
COMMAND: GET /session/59746a33121488b03cb28927e3139cef/screenshot - {}
RESULT: {}
RESULT: {}
COMMAND: POST /session/59746a33121488b03cb28927e3139cef/execute/async - {"script":"<script> [1562 bytes]","args":[{"selector":{"id":"application-managepartners-display-component---masterPtm--smartTable-btnPersonalisation-img"},"wdio_ui5_key":"applicationmanagepartners-display-component---masterPtm--smartTable-btnPersonalisation-img"}]}
RESULT: {"script":"<script> [1562 bytes]","args":[{"selector":{"id":"application-managepartners-display-component---masterPtm--smartTable-btnPersonalisation-img"},"wdio_ui5_key":"applicationmanagepartners-display-component---masterPtm--smartTable-btnPersonalisation-img"}]}
RESULT: undefined
COMMAND: POST /session/59746a33121488b03cb28927e3139cef/element - {"using":"xpath","value":"//*[@id=\"application-managepartners-display-component---masterPtm--smartTable-btnPersonalisation-img\"]"}
RESULT: {"using":"xpath","value":"//*[@id=\"application-managepartners-display-component---masterPtm--smartTable-btnPersonalisation-img\"]"}
COMMAND: POST /session/59746a33121488b03cb28927e3139cef/element/f.683367EF064D6F54A1F942EA8E2F8118.d.E1AF8D7492BA26084F6346D3B9DE75D3.e.1491/click - {}
RESULT: {}
COMMAND: GET /session/59746a33121488b03cb28927e3139cef/screenshot - {}
RESULT: {}
COMMAND: POST /session/59746a33121488b03cb28927e3139cef/execute/async - {"script":"<script> [1562 bytes]","args":[{"selector":{"controlType":"sap.m.IconTabFilter","viewName":"etm.portal.ui.managepartners.view.Master","viewId":"application-managepartners-display-component---masterPtm","properties":{"text":"Sort"},"searchOpenDialogs":true,"interaction":{"idSuffix":"text"}},"wdio_ui5_key":"etmportal.ui.managepartners.view.Mastersap.m.IconTabFilter{\"text\":\"Sort\"}"}]}
RESULT: {"script":"<script> [1562 bytes]","args":[{"selector":{"controlType":"sap.m.IconTabFilter","viewName":"etm.portal.ui.managepartners.view.Master","viewId":"application-managepartners-display-component---masterPtm","properties":{"text":"Sort"},"searchOpenDialogs":true,"interaction":{"idSuffix":"text"}},"wdio_ui5_key":"etmportal.ui.managepartners.view.Mastersap.m.IconTabFilter{\"text\":\"Sort\"}"}]}
RESULT: undefined
COMMAND: POST /session/59746a33121488b03cb28927e3139cef/element - {"using":"xpath","value":"//*[@id=\"__filter1\"]"}
RESULT: {"using":"xpath","value":"//*[@id=\"__filter1\"]"}
COMMAND: POST /session/59746a33121488b03cb28927e3139cef/element/f.683367EF064D6F54A1F942EA8E2F8118.d.E1AF8D7492BA26084F6346D3B9DE75D3.e.1570/click - {}
RESULT: {}
COMMAND: GET /session/59746a33121488b03cb28927e3139cef/screenshot - {}
RESULT: {}
COMMAND: POST /session/59746a33121488b03cb28927e3139cef/element - {"using":"xpath","value":"//input[@placeholder=\"Sort by\"]/following-sibling::div//span"}
RESULT: {"using":"xpath","value":"//input[@placeholder=\"Sort by\"]/following-sibling::div//span"}
COMMAND: POST /session/59746a33121488b03cb28927e3139cef/element/f.683367EF064D6F54A1F942EA8E2F8118.d.E1AF8D7492BA26084F6346D3B9DE75D3.e.1572/click - {}
RESULT: {}
COMMAND: GET /session/59746a33121488b03cb28927e3139cef/screenshot - {}
RESULT: {}
COMMAND: POST /session/59746a33121488b03cb28927e3139cef/element - {"using":"xpath","value":"//li[.//span[text()=\"Language\"]]"}
RESULT: {"using":"xpath","value":"//li[.//span[text()=\"Language\"]]"}
COMMAND: POST /session/59746a33121488b03cb28927e3139cef/element/f.683367EF064D6F54A1F942EA8E2F8118.d.E1AF8D7492BA26084F6346D3B9DE75D3.e.1573/click - {}
RESULT: {}
COMMAND: GET /session/59746a33121488b03cb28927e3139cef/screenshot - {}
RESULT: {}
COMMAND: POST /session/59746a33121488b03cb28927e3139cef/element - {"using":"xpath","value":"//bdi[contains(text(), \"OK\")]"}
RESULT: {"using":"xpath","value":"//bdi[contains(text(), \"OK\")]"}
COMMAND: POST /session/59746a33121488b03cb28927e3139cef/element/f.683367EF064D6F54A1F942EA8E2F8118.d.E1AF8D7492BA26084F6346D3B9DE75D3.e.1577/click - {}
RESULT: {}
COMMAND: GET /session/59746a33121488b03cb28927e3139cef/screenshot - {}
RESULT: {}
COMMAND: POST /session/59746a33121488b03cb28927e3139cef/element - {"using":"xpath","value":"//table[contains(@id, \"customPartnersTable\")]//tbody/tr[1]/td[3]/span"}
RESULT: {"using":"xpath","value":"//table[contains(@id, \"customPartnersTable\")]//tbody/tr[1]/td[3]/span"}
COMMAND: POST /session/59746a33121488b03cb28927e3139cef/execute/sync - {"script":"<script> [56 bytes]","args":[{"element-6066-11e4-a52e-4f735466cecf":"f.683367EF064D6F54A1F942EA8E2F8118.d.E1AF8D7492BA26084F6346D3B9DE75D3.e.1659","ELEMENT":"f.683367EF064D6F54A1F942EA8E2F8118.d.E1AF8D7492BA26084F6346D3B9DE75D3.e.1659"}]}
RESULT: {"script":"<script> [56 bytes]","args":[{"element-6066-11e4-a52e-4f735466cecf":"f.683367EF064D6F54A1F942EA8E2F8118.d.E1AF8D7492BA26084F6346D3B9DE75D3.e.1659","ELEMENT":"f.683367EF064D6F54A1F942EA8E2F8118.d.E1AF8D7492BA26084F6346D3B9DE75D3.e.1659"}]}
RESULT: undefined
COMMAND: POST /session/59746a33121488b03cb28927e3139cef/element - {"using":"xpath","value":"//*[@id=\"application-managepartners-display-component---masterPtm--smartTable-btnPersonalisation-img\"]"}
COMMAND: GET /session/59746a33121488b03cb28927e3139cef/screenshot - {}
RESULT: {"using":"xpath","value":"//*[@id=\"application-managepartners-display-component---masterPtm--smartTable-btnPersonalisation-img\"]"}
COMMAND: POST /session/59746a33121488b03cb28927e3139cef/element/f.683367EF064D6F54A1F942EA8E2F8118.d.E1AF8D7492BA26084F6346D3B9DE75D3.e.1491/click - {}
RESULT: {}
RESULT: {}
COMMAND: GET /session/59746a33121488b03cb28927e3139cef/screenshot - {}
RESULT: {}
COMMAND: POST /session/59746a33121488b03cb28927e3139cef/element - {"using":"xpath","value":"//bdi[contains(text(), \"Reset\")]"}
RESULT: {"using":"xpath","value":"//bdi[contains(text(), \"Reset\")]"}
COMMAND: POST /session/59746a33121488b03cb28927e3139cef/element/f.683367EF064D6F54A1F942EA8E2F8118.d.E1AF8D7492BA26084F6346D3B9DE75D3.e.1663/click - {}
RESULT: {}
COMMAND: GET /session/59746a33121488b03cb28927e3139cef/screenshot - {}
RESULT: {}
COMMAND: POST /session/59746a33121488b03cb28927e3139cef/element - {"using":"xpath","value":"(//bdi[contains(text(), \"OK\")])[2]"}
RESULT: {"using":"xpath","value":"(//bdi[contains(text(), \"OK\")])[2]"}
COMMAND: POST /session/59746a33121488b03cb28927e3139cef/element/f.683367EF064D6F54A1F942EA8E2F8118.d.E1AF8D7492BA26084F6346D3B9DE75D3.e.1666/click - {}
RESULT: {}
COMMAND: GET /session/59746a33121488b03cb28927e3139cef/screenshot - {}
RESULT: {}
COMMAND: POST /session/59746a33121488b03cb28927e3139cef/element - {"using":"xpath","value":"//bdi[contains(text(), \"OK\")]"}
RESULT: {"using":"xpath","value":"//bdi[contains(text(), \"OK\")]"}
COMMAND: POST /session/59746a33121488b03cb28927e3139cef/element/f.683367EF064D6F54A1F942EA8E2F8118.d.E1AF8D7492BA26084F6346D3B9DE75D3.e.1695/click - {}
RESULT: {}
COMMAND: GET /session/59746a33121488b03cb28927e3139cef/screenshot - {}
RESULT: {}
COMMAND: POST /session/59746a33121488b03cb28927e3139cef/element - {"using":"xpath","value":"//table[contains(@id, \"customPartnersTable\")]//tbody/tr[1]/td[3]/span"}
RESULT: {"using":"xpath","value":"//table[contains(@id, \"customPartnersTable\")]//tbody/tr[1]/td[3]/span"}
COMMAND: POST /session/59746a33121488b03cb28927e3139cef/execute/sync - {"script":"<script> [56 bytes]","args":[{"element-6066-11e4-a52e-4f735466cecf":"f.683367EF064D6F54A1F942EA8E2F8118.d.E1AF8D7492BA26084F6346D3B9DE75D3.e.1698","ELEMENT":"f.683367EF064D6F54A1F942EA8E2F8118.d.E1AF8D7492BA26084F6346D3B9DE75D3.e.1698"}]}
RESULT: {"script":"<script> [56 bytes]","args":[{"element-6066-11e4-a52e-4f735466cecf":"f.683367EF064D6F54A1F942EA8E2F8118.d.E1AF8D7492BA26084F6346D3B9DE75D3.e.1698","ELEMENT":"f.683367EF064D6F54A1F942EA8E2F8118.d.E1AF8D7492BA26084F6346D3B9DE75D3.e.1698"}]}
RESULT: undefined
COMMAND: POST /session/59746a33121488b03cb28927e3139cef/element - {"using":"xpath","value":"//*[@id=\"application-managepartners-display-component---masterPtm--smartTable-btnPersonalisation-img\"]"}
COMMAND: GET /session/59746a33121488b03cb28927e3139cef/screenshot - {}
RESULT: {"using":"xpath","value":"//*[@id=\"application-managepartners-display-component---masterPtm--smartTable-btnPersonalisation-img\"]"}
COMMAND: POST /session/59746a33121488b03cb28927e3139cef/element/f.683367EF064D6F54A1F942EA8E2F8118.d.E1AF8D7492BA26084F6346D3B9DE75D3.e.1491/click - {}
RESULT: {}
RESULT: {}
COMMAND: GET /session/59746a33121488b03cb28927e3139cef/screenshot - {}
RESULT: {}
COMMAND: POST /session/59746a33121488b03cb28927e3139cef/execute/async - {"script":"<script> [1562 bytes]","args":[{"selector":{"controlType":"sap.m.IconTabFilter","viewName":"etm.portal.ui.managepartners.view.Master","viewId":"application-managepartners-display-component---masterPtm","properties":{"text":"Filter"},"searchOpenDialogs":true,"interaction":{"idSuffix":"text"}},"wdio_ui5_key":"etmportal.ui.managepartners.view.Mastersap.m.IconTabFilter{\"text\":\"Filter\"}"}]}
RESULT: {"script":"<script> [1562 bytes]","args":[{"selector":{"controlType":"sap.m.IconTabFilter","viewName":"etm.portal.ui.managepartners.view.Master","viewId":"application-managepartners-display-component---masterPtm","properties":{"text":"Filter"},"searchOpenDialogs":true,"interaction":{"idSuffix":"text"}},"wdio_ui5_key":"etmportal.ui.managepartners.view.Mastersap.m.IconTabFilter{\"text\":\"Filter\"}"}]}
RESULT: undefined
COMMAND: POST /session/59746a33121488b03cb28927e3139cef/element - {"using":"xpath","value":"//*[@id=\"__filter10\"]"}
RESULT: {"using":"xpath","value":"//*[@id=\"__filter10\"]"}
COMMAND: POST /session/59746a33121488b03cb28927e3139cef/element/f.683367EF064D6F54A1F942EA8E2F8118.d.E1AF8D7492BA26084F6346D3B9DE75D3.e.1703/click - {}
RESULT: {}
COMMAND: GET /session/59746a33121488b03cb28927e3139cef/screenshot - {}
RESULT: {}
COMMAND: POST /session/59746a33121488b03cb28927e3139cef/element - {"using":"xpath","value":"//input[@placeholder=\"Filter by\"]/following-sibling::div//span"}
RESULT: {"using":"xpath","value":"//input[@placeholder=\"Filter by\"]/following-sibling::div//span"}
COMMAND: POST /session/59746a33121488b03cb28927e3139cef/element/f.683367EF064D6F54A1F942EA8E2F8118.d.E1AF8D7492BA26084F6346D3B9DE75D3.e.1705/click - {}
RESULT: {}
COMMAND: GET /session/59746a33121488b03cb28927e3139cef/screenshot - {}
RESULT: {}
COMMAND: POST /session/59746a33121488b03cb28927e3139cef/element - {"using":"xpath","value":"//li[.//span[text()=\"Preferred Yard\"]]"}
RESULT: {"using":"xpath","value":"//li[.//span[text()=\"Preferred Yard\"]]"}
COMMAND: POST /session/59746a33121488b03cb28927e3139cef/element/f.683367EF064D6F54A1F942EA8E2F8118.d.E1AF8D7492BA26084F6346D3B9DE75D3.e.1706/click - {}
RESULT: {}
COMMAND: GET /session/59746a33121488b03cb28927e3139cef/screenshot - {}
RESULT: {}
COMMAND: POST /session/59746a33121488b03cb28927e3139cef/execute/async - {"script":"<script> [1562 bytes]","args":[{"selector":{"id":"FilterPanel-filterItemControl_BASIC-application-managepartners-display-component---masterPtm--smartTable-YARDYARD-vhi","searchOpenDialogs":true},"wdio_ui5_key":"FilterPanelfilterItemControl_BASIC-application-managepartners-display-component---masterPtm--smartTable-YARDYARD-vhi"}]}
RESULT: {"script":"<script> [1562 bytes]","args":[{"selector":{"id":"FilterPanel-filterItemControl_BASIC-application-managepartners-display-component---masterPtm--smartTable-YARDYARD-vhi","searchOpenDialogs":true},"wdio_ui5_key":"FilterPanelfilterItemControl_BASIC-application-managepartners-display-component---masterPtm--smartTable-YARDYARD-vhi"}]}
RESULT: undefined
COMMAND: POST /session/59746a33121488b03cb28927e3139cef/element - {"using":"xpath","value":"//*[@id=\"FilterPanel-filterItemControl_BASIC-application-managepartners-display-component---masterPtm--smartTable-YARDYARD-vhi\"]"}
RESULT: {"using":"xpath","value":"//*[@id=\"FilterPanel-filterItemControl_BASIC-application-managepartners-display-component---masterPtm--smartTable-YARDYARD-vhi\"]"}
COMMAND: POST /session/59746a33121488b03cb28927e3139cef/element/f.683367EF064D6F54A1F942EA8E2F8118.d.E1AF8D7492BA26084F6346D3B9DE75D3.e.1709/click - {}
RESULT: {}
COMMAND: GET /session/59746a33121488b03cb28927e3139cef/screenshot - {}
RESULT: {}
COMMAND: POST /session/59746a33121488b03cb28927e3139cef/execute/async - {"script":"<script> [1562 bytes]","args":[{"selector":{"id":"FilterPanel-filterItemControl_BASIC-application-managepartners-display-component---masterPtm--smartTable-YARDYARD-valueHelpDialog-smartFilterBar-btnBasicSearch","searchOpenDialogs":true,"interaction":{"idSuffix":"I"}},"wdio_ui5_key":"FilterPanelfilterItemControl_BASIC-application-managepartners-display-component---masterPtm--smartTable-YARDYARD-valueHelpDialog-smartFilterBar-btnBasicSearch"}]}
RESULT: {"script":"<script> [1562 bytes]","args":[{"selector":{"id":"FilterPanel-filterItemControl_BASIC-application-managepartners-display-component---masterPtm--smartTable-YARDYARD-valueHelpDialog-smartFilterBar-btnBasicSearch","searchOpenDialogs":true,"interaction":{"idSuffix":"I"}},"wdio_ui5_key":"FilterPanelfilterItemControl_BASIC-application-managepartners-display-component---masterPtm--smartTable-YARDYARD-valueHelpDialog-smartFilterBar-btnBasicSearch"}]}
RESULT: undefined
COMMAND: POST /session/59746a33121488b03cb28927e3139cef/execute/async - {"script":"<script> [776 bytes]","args":[{"enterText":"188","selector":{"id":"FilterPanel-filterItemControl_BASIC-application-managepartners-display-component---masterPtm--smartTable-YARDYARD-valueHelpDialog-smartFilterBar-btnBasicSearch","searchOpenDialogs":true,"interaction":{"idSuffix":"I"}},"clearTextFirst":true,"interactionType":"ENTER_TEXT"}]}
RESULT: {"script":"<script> [776 bytes]","args":[{"enterText":"188","selector":{"id":"FilterPanel-filterItemControl_BASIC-application-managepartners-display-component---masterPtm--smartTable-YARDYARD-valueHelpDialog-smartFilterBar-btnBasicSearch","searchOpenDialogs":true,"interaction":{"idSuffix":"I"}},"clearTextFirst":true,"interactionType":"ENTER_TEXT"}]}
COMMAND: POST /session/59746a33121488b03cb28927e3139cef/actions - {"actions":[{"id":"action3","type":"key","parameters":{},"actions":[{"type":"keyDown","value":"î€‡"},{"type":"pause","duration":10},{"type":"keyUp","value":"î€‡"}]}]}
RESULT: {"actions":[{"id":"action3","type":"key","parameters":{},"actions":[{"type":"keyDown","value":"î€‡"},{"type":"pause","duration":10},{"type":"keyUp","value":"î€‡"}]}]}
COMMAND: GET /session/59746a33121488b03cb28927e3139cef/screenshot - {}
RESULT: {}
COMMAND: POST /session/59746a33121488b03cb28927e3139cef/elements - {"using":"xpath","value":"//table[contains(@id, \"smartTable-YARDYARD-valueHelpDialog-table-table\")]/tbody/tr"}
RESULT: {"using":"xpath","value":"//table[contains(@id, \"smartTable-YARDYARD-valueHelpDialog-table-table\")]/tbody/tr"}
COMMAND: POST /session/59746a33121488b03cb28927e3139cef/element - {"using":"xpath","value":"//table[contains(@id, \"smartTable-YARDYARD-valueHelpDialog-table-table\")]/tbody/tr[1]/td[1]/div/span"}
RESULT: {"using":"xpath","value":"//table[contains(@id, \"smartTable-YARDYARD-valueHelpDialog-table-table\")]/tbody/tr[1]/td[1]/div/span"}
COMMAND: POST /session/59746a33121488b03cb28927e3139cef/elements - {"using":"xpath","value":"//table[contains(@id, \"smartTable-YARDYARD-valueHelpDialog-table-table\")]/tbody/tr[1]/td[1]/div/span"}
RESULT: {"using":"xpath","value":"//table[contains(@id, \"smartTable-YARDYARD-valueHelpDialog-table-table\")]/tbody/tr[1]/td[1]/div/span"}
COMMAND: POST /session/59746a33121488b03cb28927e3139cef/execute/sync - {"script":"<script> [56 bytes]","args":[{"element-6066-11e4-a52e-4f735466cecf":"f.683367EF064D6F54A1F942EA8E2F8118.d.E1AF8D7492BA26084F6346D3B9DE75D3.e.1728","ELEMENT":"f.683367EF064D6F54A1F942EA8E2F8118.d.E1AF8D7492BA26084F6346D3B9DE75D3.e.1728"}]}
RESULT: {"script":"<script> [56 bytes]","args":[{"element-6066-11e4-a52e-4f735466cecf":"f.683367EF064D6F54A1F942EA8E2F8118.d.E1AF8D7492BA26084F6346D3B9DE75D3.e.1728","ELEMENT":"f.683367EF064D6F54A1F942EA8E2F8118.d.E1AF8D7492BA26084F6346D3B9DE75D3.e.1728"}]}
COMMAND: POST /session/59746a33121488b03cb28927e3139cef/element - {"using":"xpath","value":"//div[contains(@id, \"YARDYARD-valueHelpDialog-table-rowsel0\")]"}
COMMAND: GET /session/59746a33121488b03cb28927e3139cef/screenshot - {}
RESULT: {"using":"xpath","value":"//div[contains(@id, \"YARDYARD-valueHelpDialog-table-rowsel0\")]"}
COMMAND: POST /session/59746a33121488b03cb28927e3139cef/element/f.683367EF064D6F54A1F942EA8E2F8118.d.E1AF8D7492BA26084F6346D3B9DE75D3.e.1729/click - {}
RESULT: {}
RESULT: {}
COMMAND: GET /session/59746a33121488b03cb28927e3139cef/screenshot - {}
RESULT: {}
COMMAND: POST /session/59746a33121488b03cb28927e3139cef/element - {"using":"xpath","value":"(//bdi[contains(text(), \"OK\")])[2]"}
RESULT: {"using":"xpath","value":"(//bdi[contains(text(), \"OK\")])[2]"}
COMMAND: POST /session/59746a33121488b03cb28927e3139cef/element/f.683367EF064D6F54A1F942EA8E2F8118.d.E1AF8D7492BA26084F6346D3B9DE75D3.e.1731/click - {}
RESULT: {}
COMMAND: GET /session/59746a33121488b03cb28927e3139cef/screenshot - {}
RESULT: {}
COMMAND: POST /session/59746a33121488b03cb28927e3139cef/element - {"using":"xpath","value":"//bdi[contains(text(), \"OK\")]"}
RESULT: {"using":"xpath","value":"//bdi[contains(text(), \"OK\")]"}
COMMAND: POST /session/59746a33121488b03cb28927e3139cef/element/f.683367EF064D6F54A1F942EA8E2F8118.d.E1AF8D7492BA26084F6346D3B9DE75D3.e.1734/click - {}
RESULT: {}
COMMAND: GET /session/59746a33121488b03cb28927e3139cef/screenshot - {}
RESULT: {}
COMMAND: POST /session/59746a33121488b03cb28927e3139cef/element - {"using":"xpath","value":"//table[contains(@id, \"customPartnersTable\")]//tbody/tr[1]/td[3]/span"}
RESULT: {"using":"xpath","value":"//table[contains(@id, \"customPartnersTable\")]//tbody/tr[1]/td[3]/span"}
COMMAND: POST /session/59746a33121488b03cb28927e3139cef/execute/sync - {"script":"<script> [56 bytes]","args":[{"element-6066-11e4-a52e-4f735466cecf":"f.683367EF064D6F54A1F942EA8E2F8118.d.E1AF8D7492BA26084F6346D3B9DE75D3.e.1786","ELEMENT":"f.683367EF064D6F54A1F942EA8E2F8118.d.E1AF8D7492BA26084F6346D3B9DE75D3.e.1786"}]}
RESULT: {"script":"<script> [56 bytes]","args":[{"element-6066-11e4-a52e-4f735466cecf":"f.683367EF064D6F54A1F942EA8E2F8118.d.E1AF8D7492BA26084F6346D3B9DE75D3.e.1786","ELEMENT":"f.683367EF064D6F54A1F942EA8E2F8118.d.E1AF8D7492BA26084F6346D3B9DE75D3.e.1786"}]}
COMMAND: POST /session/59746a33121488b03cb28927e3139cef/element - {"using":"css selector","value":"#shell-header-logo"}
COMMAND: GET /session/59746a33121488b03cb28927e3139cef/screenshot - {}
RESULT: {}
RESULT: {"using":"css selector","value":"#shell-header-logo"}
COMMAND: POST /session/59746a33121488b03cb28927e3139cef/element/f.683367EF064D6F54A1F942EA8E2F8118.d.E1AF8D7492BA26084F6346D3B9DE75D3.e.1441/click - {}
RESULT: {}
COMMAND: GET /session/59746a33121488b03cb28927e3139cef/screenshot - {}
RESULT: {}
]]></system-out>
    </testcase>
    <testcase classname="chrome.136_0_7103_49.windows.Partner_specific_tests_US150819_US151080_US151654_US151176_US103444_US151078_US151079_US151109_US151174_US151175_US151189" name="Should deactivate the created partner in earlier step US151654" time="57.328">
      <system-out><![CDATA[
COMMAND: POST /session/59746a33121488b03cb28927e3139cef/element - {"using":"xpath","value":"//li[.//span[text()=\"Manage Partners\"]]"}
RESULT: {"using":"xpath","value":"//li[.//span[text()=\"Manage Partners\"]]"}
COMMAND: POST /session/59746a33121488b03cb28927e3139cef/element - {"using":"xpath","value":"//li[.//span[text()=\"Manage Partners\"]]"}
RESULT: {"using":"xpath","value":"//li[.//span[text()=\"Manage Partners\"]]"}
COMMAND: POST /session/59746a33121488b03cb28927e3139cef/element - {"using":"css selector","value":"#shell-header-logo"}
RESULT: {"using":"css selector","value":"#shell-header-logo"}
COMMAND: POST /session/59746a33121488b03cb28927e3139cef/element/f.683367EF064D6F54A1F942EA8E2F8118.d.E1AF8D7492BA26084F6346D3B9DE75D3.e.1788/click - {}
COMMAND: POST /session/59746a33121488b03cb28927e3139cef/execute/sync - {"script":"<script> [8489 bytes]","args":[{"element-6066-11e4-a52e-4f735466cecf":"f.683367EF064D6F54A1F942EA8E2F8118.d.E1AF8D7492BA26084F6346D3B9DE75D3.e.1788","ELEMENT":"f.683367EF064D6F54A1F942EA8E2F8118.d.E1AF8D7492BA26084F6346D3B9DE75D3.e.1788"}]}
RESULT: {}
COMMAND: GET /session/59746a33121488b03cb28927e3139cef/screenshot - {}
RESULT: {"script":"<script> [8489 bytes]","args":[{"element-6066-11e4-a52e-4f735466cecf":"f.683367EF064D6F54A1F942EA8E2F8118.d.E1AF8D7492BA26084F6346D3B9DE75D3.e.1788","ELEMENT":"f.683367EF064D6F54A1F942EA8E2F8118.d.E1AF8D7492BA26084F6346D3B9DE75D3.e.1788"}]}
COMMAND: POST /session/59746a33121488b03cb28927e3139cef/execute/sync - {"script":"<script> [5351 bytes]","args":[{"element-6066-11e4-a52e-4f735466cecf":"f.683367EF064D6F54A1F942EA8E2F8118.d.E1AF8D7492BA26084F6346D3B9DE75D3.e.1788","ELEMENT":"f.683367EF064D6F54A1F942EA8E2F8118.d.E1AF8D7492BA26084F6346D3B9DE75D3.e.1788"}]}
COMMAND: GET /session/59746a33121488b03cb28927e3139cef/screenshot - {}
RESULT: {}
RESULT: {"script":"<script> [5351 bytes]","args":[{"element-6066-11e4-a52e-4f735466cecf":"f.683367EF064D6F54A1F942EA8E2F8118.d.E1AF8D7492BA26084F6346D3B9DE75D3.e.1788","ELEMENT":"f.683367EF064D6F54A1F942EA8E2F8118.d.E1AF8D7492BA26084F6346D3B9DE75D3.e.1788"}]}
COMMAND: GET /session/59746a33121488b03cb28927e3139cef/screenshot - {}
RESULT: {}
RESULT: {}
RESULT: undefined
COMMAND: POST /session/59746a33121488b03cb28927e3139cef/element - {"using":"xpath","value":"//*[@id=\"__tile38\"]"}
RESULT: {"using":"xpath","value":"//*[@id=\"__tile38\"]"}
COMMAND: POST /session/59746a33121488b03cb28927e3139cef/element/f.683367EF064D6F54A1F942EA8E2F8118.d.E1AF8D7492BA26084F6346D3B9DE75D3.e.145/click - {}
RESULT: {}
COMMAND: POST /session/59746a33121488b03cb28927e3139cef/element - {"using":"xpath","value":"//button[@data-kt=\"addButton\"]"}
COMMAND: GET /session/59746a33121488b03cb28927e3139cef/screenshot - {}
RESULT: {"using":"xpath","value":"//button[@data-kt=\"addButton\"]"}
COMMAND: POST /session/59746a33121488b03cb28927e3139cef/elements - {"using":"xpath","value":"//button[@data-kt=\"addButton\"]"}
RESULT: {}
RESULT: {"using":"xpath","value":"//button[@data-kt=\"addButton\"]"}
COMMAND: POST /session/59746a33121488b03cb28927e3139cef/element - {"using":"xpath","value":"//button[@data-kt=\"addButton\"]"}
RESULT: {"using":"xpath","value":"//button[@data-kt=\"addButton\"]"}
COMMAND: POST /session/59746a33121488b03cb28927e3139cef/execute/sync - {"script":"<script> [8489 bytes]","args":[{"element-6066-11e4-a52e-4f735466cecf":"f.683367EF064D6F54A1F942EA8E2F8118.d.E1AF8D7492BA26084F6346D3B9DE75D3.e.1834","ELEMENT":"f.683367EF064D6F54A1F942EA8E2F8118.d.E1AF8D7492BA26084F6346D3B9DE75D3.e.1834"}]}
RESULT: {"script":"<script> [8489 bytes]","args":[{"element-6066-11e4-a52e-4f735466cecf":"f.683367EF064D6F54A1F942EA8E2F8118.d.E1AF8D7492BA26084F6346D3B9DE75D3.e.1834","ELEMENT":"f.683367EF064D6F54A1F942EA8E2F8118.d.E1AF8D7492BA26084F6346D3B9DE75D3.e.1834"}]}
COMMAND: GET /session/59746a33121488b03cb28927e3139cef/element/f.683367EF064D6F54A1F942EA8E2F8118.d.E1AF8D7492BA26084F6346D3B9DE75D3.e.1834/enabled - {}
COMMAND: GET /session/59746a33121488b03cb28927e3139cef/screenshot - {}
RESULT: {}
COMMAND: POST /session/59746a33121488b03cb28927e3139cef/execute/sync - {"script":"<script> [8489 bytes]","args":[{"element-6066-11e4-a52e-4f735466cecf":"f.683367EF064D6F54A1F942EA8E2F8118.d.E1AF8D7492BA26084F6346D3B9DE75D3.e.1834","ELEMENT":"f.683367EF064D6F54A1F942EA8E2F8118.d.E1AF8D7492BA26084F6346D3B9DE75D3.e.1834"}]}
COMMAND: GET /session/59746a33121488b03cb28927e3139cef/screenshot - {}
RESULT: {}
RESULT: {"script":"<script> [8489 bytes]","args":[{"element-6066-11e4-a52e-4f735466cecf":"f.683367EF064D6F54A1F942EA8E2F8118.d.E1AF8D7492BA26084F6346D3B9DE75D3.e.1834","ELEMENT":"f.683367EF064D6F54A1F942EA8E2F8118.d.E1AF8D7492BA26084F6346D3B9DE75D3.e.1834"}]}
COMMAND: POST /session/59746a33121488b03cb28927e3139cef/execute/sync - {"script":"<script> [5351 bytes]","args":[{"element-6066-11e4-a52e-4f735466cecf":"f.683367EF064D6F54A1F942EA8E2F8118.d.E1AF8D7492BA26084F6346D3B9DE75D3.e.1834","ELEMENT":"f.683367EF064D6F54A1F942EA8E2F8118.d.E1AF8D7492BA26084F6346D3B9DE75D3.e.1834"}]}
COMMAND: GET /session/59746a33121488b03cb28927e3139cef/screenshot - {}
RESULT: {}
RESULT: {"script":"<script> [5351 bytes]","args":[{"element-6066-11e4-a52e-4f735466cecf":"f.683367EF064D6F54A1F942EA8E2F8118.d.E1AF8D7492BA26084F6346D3B9DE75D3.e.1834","ELEMENT":"f.683367EF064D6F54A1F942EA8E2F8118.d.E1AF8D7492BA26084F6346D3B9DE75D3.e.1834"}]}
COMMAND: GET /session/59746a33121488b03cb28927e3139cef/screenshot - {}
RESULT: {}
RESULT: {}
COMMAND: POST /session/59746a33121488b03cb28927e3139cef/execute/async - {"script":"<script> [1562 bytes]","args":[{"selector":{"id":"application-managepartners-display-component---masterPtm--smartFilterBar-btnBasicSearch","interaction":{"idSuffix":"I"}},"wdio_ui5_key":"applicationmanagepartners-display-component---masterPtm--smartFilterBar-btnBasicSearch"}]}
RESULT: {"script":"<script> [1562 bytes]","args":[{"selector":{"id":"application-managepartners-display-component---masterPtm--smartFilterBar-btnBasicSearch","interaction":{"idSuffix":"I"}},"wdio_ui5_key":"applicationmanagepartners-display-component---masterPtm--smartFilterBar-btnBasicSearch"}]}
RESULT: undefined
COMMAND: POST /session/59746a33121488b03cb28927e3139cef/execute/async - {"script":"<script> [776 bytes]","args":[{"enterText":"1046","selector":{"id":"application-managepartners-display-component---masterPtm--smartFilterBar-btnBasicSearch","interaction":{"idSuffix":"I"}},"clearTextFirst":true,"interactionType":"ENTER_TEXT"}]}
RESULT: {"script":"<script> [776 bytes]","args":[{"enterText":"1046","selector":{"id":"application-managepartners-display-component---masterPtm--smartFilterBar-btnBasicSearch","interaction":{"idSuffix":"I"}},"clearTextFirst":true,"interactionType":"ENTER_TEXT"}]}
COMMAND: POST /session/59746a33121488b03cb28927e3139cef/actions - {"actions":[{"id":"action4","type":"key","parameters":{},"actions":[{"type":"keyDown","value":"î€‡"},{"type":"pause","duration":10},{"type":"keyUp","value":"î€‡"}]}]}
RESULT: {"actions":[{"id":"action4","type":"key","parameters":{},"actions":[{"type":"keyDown","value":"î€‡"},{"type":"pause","duration":10},{"type":"keyUp","value":"î€‡"}]}]}
COMMAND: GET /session/59746a33121488b03cb28927e3139cef/screenshot - {}
RESULT: {}
COMMAND: POST /session/59746a33121488b03cb28927e3139cef/elements - {"using":"xpath","value":"//table[contains(@id, \"customPartnersTable-listUl\")]/tbody/tr"}
RESULT: {"using":"xpath","value":"//table[contains(@id, \"customPartnersTable-listUl\")]/tbody/tr"}
COMMAND: POST /session/59746a33121488b03cb28927e3139cef/element - {"using":"xpath","value":"//table[contains(@id, \"customPartnersTable-listUl\")]/tbody/tr[1]/td[3]/span"}
RESULT: {"using":"xpath","value":"//table[contains(@id, \"customPartnersTable-listUl\")]/tbody/tr[1]/td[3]/span"}
COMMAND: POST /session/59746a33121488b03cb28927e3139cef/elements - {"using":"xpath","value":"//table[contains(@id, \"customPartnersTable-listUl\")]/tbody/tr[1]/td[3]/span"}
RESULT: {"using":"xpath","value":"//table[contains(@id, \"customPartnersTable-listUl\")]/tbody/tr[1]/td[3]/span"}
COMMAND: POST /session/59746a33121488b03cb28927e3139cef/execute/sync - {"script":"<script> [56 bytes]","args":[{"element-6066-11e4-a52e-4f735466cecf":"f.683367EF064D6F54A1F942EA8E2F8118.d.E1AF8D7492BA26084F6346D3B9DE75D3.e.1910","ELEMENT":"f.683367EF064D6F54A1F942EA8E2F8118.d.E1AF8D7492BA26084F6346D3B9DE75D3.e.1910"}]}
RESULT: {"script":"<script> [56 bytes]","args":[{"element-6066-11e4-a52e-4f735466cecf":"f.683367EF064D6F54A1F942EA8E2F8118.d.E1AF8D7492BA26084F6346D3B9DE75D3.e.1910","ELEMENT":"f.683367EF064D6F54A1F942EA8E2F8118.d.E1AF8D7492BA26084F6346D3B9DE75D3.e.1910"}]}
COMMAND: POST /session/59746a33121488b03cb28927e3139cef/element - {"using":"xpath","value":"//table[contains(@id, \"customPartnersTable-listUl\")]/tbody/tr[1]/td[7]/div/span"}
COMMAND: GET /session/59746a33121488b03cb28927e3139cef/screenshot - {}
RESULT: {"using":"xpath","value":"//table[contains(@id, \"customPartnersTable-listUl\")]/tbody/tr[1]/td[7]/div/span"}
COMMAND: POST /session/59746a33121488b03cb28927e3139cef/execute/sync - {"script":"<script> [56 bytes]","args":[{"element-6066-11e4-a52e-4f735466cecf":"f.683367EF064D6F54A1F942EA8E2F8118.d.E1AF8D7492BA26084F6346D3B9DE75D3.e.1911","ELEMENT":"f.683367EF064D6F54A1F942EA8E2F8118.d.E1AF8D7492BA26084F6346D3B9DE75D3.e.1911"}]}
RESULT: {}
RESULT: {"script":"<script> [56 bytes]","args":[{"element-6066-11e4-a52e-4f735466cecf":"f.683367EF064D6F54A1F942EA8E2F8118.d.E1AF8D7492BA26084F6346D3B9DE75D3.e.1911","ELEMENT":"f.683367EF064D6F54A1F942EA8E2F8118.d.E1AF8D7492BA26084F6346D3B9DE75D3.e.1911"}]}
COMMAND: POST /session/59746a33121488b03cb28927e3139cef/element - {"using":"xpath","value":"//table[contains(@id, \"customPartnersTable-listUl\")]/tbody/tr[1]/td[2]/div/div"}
COMMAND: GET /session/59746a33121488b03cb28927e3139cef/screenshot - {}
RESULT: {"using":"xpath","value":"//table[contains(@id, \"customPartnersTable-listUl\")]/tbody/tr[1]/td[2]/div/div"}
COMMAND: POST /session/59746a33121488b03cb28927e3139cef/element/f.683367EF064D6F54A1F942EA8E2F8118.d.E1AF8D7492BA26084F6346D3B9DE75D3.e.1903/click - {}
RESULT: {}
RESULT: {}
COMMAND: GET /session/59746a33121488b03cb28927e3139cef/screenshot - {}
RESULT: {}
COMMAND: POST /session/59746a33121488b03cb28927e3139cef/element - {"using":"xpath","value":"//bdi[contains(text(), \"Deactivate\")]"}
RESULT: {"using":"xpath","value":"//bdi[contains(text(), \"Deactivate\")]"}
COMMAND: POST /session/59746a33121488b03cb28927e3139cef/element/f.683367EF064D6F54A1F942EA8E2F8118.d.E1AF8D7492BA26084F6346D3B9DE75D3.e.1912/click - {}
RESULT: {}
COMMAND: GET /session/59746a33121488b03cb28927e3139cef/screenshot - {}
RESULT: {}
COMMAND: POST /session/59746a33121488b03cb28927e3139cef/element - {"using":"xpath","value":"//bdi[contains(text(), \"Yes\")]"}
RESULT: {"using":"xpath","value":"//bdi[contains(text(), \"Yes\")]"}
COMMAND: POST /session/59746a33121488b03cb28927e3139cef/element/f.683367EF064D6F54A1F942EA8E2F8118.d.E1AF8D7492BA26084F6346D3B9DE75D3.e.1914/click - {}
RESULT: {}
COMMAND: GET /session/59746a33121488b03cb28927e3139cef/screenshot - {}
RESULT: {}
COMMAND: POST /session/59746a33121488b03cb28927e3139cef/element - {"using":"xpath","value":"//table[contains(@id, \"customPartnersTable-listUl\")]/tbody/tr[1]/td[7]/div/span"}
RESULT: {"using":"xpath","value":"//table[contains(@id, \"customPartnersTable-listUl\")]/tbody/tr[1]/td[7]/div/span"}
COMMAND: POST /session/59746a33121488b03cb28927e3139cef/execute/sync - {"script":"<script> [56 bytes]","args":[{"element-6066-11e4-a52e-4f735466cecf":"f.683367EF064D6F54A1F942EA8E2F8118.d.E1AF8D7492BA26084F6346D3B9DE75D3.e.1911","ELEMENT":"f.683367EF064D6F54A1F942EA8E2F8118.d.E1AF8D7492BA26084F6346D3B9DE75D3.e.1911"}]}
RESULT: {"script":"<script> [56 bytes]","args":[{"element-6066-11e4-a52e-4f735466cecf":"f.683367EF064D6F54A1F942EA8E2F8118.d.E1AF8D7492BA26084F6346D3B9DE75D3.e.1911","ELEMENT":"f.683367EF064D6F54A1F942EA8E2F8118.d.E1AF8D7492BA26084F6346D3B9DE75D3.e.1911"}]}
COMMAND: GET /session/59746a33121488b03cb28927e3139cef/screenshot - {}
RESULT: {}
COMMAND: POST /session/59746a33121488b03cb28927e3139cef/element - {"using":"css selector","value":"#shell-header-logo"}
RESULT: {"using":"css selector","value":"#shell-header-logo"}
COMMAND: POST /session/59746a33121488b03cb28927e3139cef/element/f.683367EF064D6F54A1F942EA8E2F8118.d.E1AF8D7492BA26084F6346D3B9DE75D3.e.1788/click - {}
RESULT: {}
COMMAND: GET /session/59746a33121488b03cb28927e3139cef/screenshot - {}
RESULT: {}
]]></system-out>
    </testcase>
    <testcase classname="chrome.136_0_7103_49.windows.Partner_specific_tests_US150819_US151080_US151654_US151176_US103444_US151078_US151079_US151109_US151174_US151175_US151189" name="Should activate the created partner again US151176" time="56.885">
      <system-out><![CDATA[
COMMAND: POST /session/59746a33121488b03cb28927e3139cef/element - {"using":"xpath","value":"//li[.//span[text()=\"Manage Partners\"]]"}
RESULT: {"using":"xpath","value":"//li[.//span[text()=\"Manage Partners\"]]"}
COMMAND: POST /session/59746a33121488b03cb28927e3139cef/element - {"using":"xpath","value":"//li[.//span[text()=\"Manage Partners\"]]"}
RESULT: {"using":"xpath","value":"//li[.//span[text()=\"Manage Partners\"]]"}
COMMAND: POST /session/59746a33121488b03cb28927e3139cef/element - {"using":"css selector","value":"#shell-header-logo"}
RESULT: {"using":"css selector","value":"#shell-header-logo"}
COMMAND: POST /session/59746a33121488b03cb28927e3139cef/element/f.683367EF064D6F54A1F942EA8E2F8118.d.E1AF8D7492BA26084F6346D3B9DE75D3.e.1918/click - {}
COMMAND: POST /session/59746a33121488b03cb28927e3139cef/execute/sync - {"script":"<script> [8489 bytes]","args":[{"element-6066-11e4-a52e-4f735466cecf":"f.683367EF064D6F54A1F942EA8E2F8118.d.E1AF8D7492BA26084F6346D3B9DE75D3.e.1918","ELEMENT":"f.683367EF064D6F54A1F942EA8E2F8118.d.E1AF8D7492BA26084F6346D3B9DE75D3.e.1918"}]}
RESULT: {"script":"<script> [8489 bytes]","args":[{"element-6066-11e4-a52e-4f735466cecf":"f.683367EF064D6F54A1F942EA8E2F8118.d.E1AF8D7492BA26084F6346D3B9DE75D3.e.1918","ELEMENT":"f.683367EF064D6F54A1F942EA8E2F8118.d.E1AF8D7492BA26084F6346D3B9DE75D3.e.1918"}]}
COMMAND: POST /session/59746a33121488b03cb28927e3139cef/execute/sync - {"script":"<script> [5351 bytes]","args":[{"element-6066-11e4-a52e-4f735466cecf":"f.683367EF064D6F54A1F942EA8E2F8118.d.E1AF8D7492BA26084F6346D3B9DE75D3.e.1918","ELEMENT":"f.683367EF064D6F54A1F942EA8E2F8118.d.E1AF8D7492BA26084F6346D3B9DE75D3.e.1918"}]}
COMMAND: GET /session/59746a33121488b03cb28927e3139cef/screenshot - {}
RESULT: {}
COMMAND: GET /session/59746a33121488b03cb28927e3139cef/screenshot - {}
RESULT: {"script":"<script> [5351 bytes]","args":[{"element-6066-11e4-a52e-4f735466cecf":"f.683367EF064D6F54A1F942EA8E2F8118.d.E1AF8D7492BA26084F6346D3B9DE75D3.e.1918","ELEMENT":"f.683367EF064D6F54A1F942EA8E2F8118.d.E1AF8D7492BA26084F6346D3B9DE75D3.e.1918"}]}
COMMAND: GET /session/59746a33121488b03cb28927e3139cef/screenshot - {}
RESULT: {}
RESULT: {}
RESULT: {}
RESULT: undefined
COMMAND: POST /session/59746a33121488b03cb28927e3139cef/element - {"using":"xpath","value":"//*[@id=\"__tile38\"]"}
RESULT: {"using":"xpath","value":"//*[@id=\"__tile38\"]"}
COMMAND: POST /session/59746a33121488b03cb28927e3139cef/element/f.683367EF064D6F54A1F942EA8E2F8118.d.E1AF8D7492BA26084F6346D3B9DE75D3.e.145/click - {}
RESULT: {}
COMMAND: POST /session/59746a33121488b03cb28927e3139cef/element - {"using":"xpath","value":"//button[@data-kt=\"addButton\"]"}
COMMAND: GET /session/59746a33121488b03cb28927e3139cef/screenshot - {}
RESULT: {"using":"xpath","value":"//button[@data-kt=\"addButton\"]"}
COMMAND: POST /session/59746a33121488b03cb28927e3139cef/elements - {"using":"xpath","value":"//button[@data-kt=\"addButton\"]"}
RESULT: {}
RESULT: {"using":"xpath","value":"//button[@data-kt=\"addButton\"]"}
COMMAND: POST /session/59746a33121488b03cb28927e3139cef/execute/sync - {"script":"<script> [8489 bytes]","args":[{"element-6066-11e4-a52e-4f735466cecf":"f.683367EF064D6F54A1F942EA8E2F8118.d.E1AF8D7492BA26084F6346D3B9DE75D3.e.1952","ELEMENT":"f.683367EF064D6F54A1F942EA8E2F8118.d.E1AF8D7492BA26084F6346D3B9DE75D3.e.1952"}]}
RESULT: {"script":"<script> [8489 bytes]","args":[{"element-6066-11e4-a52e-4f735466cecf":"f.683367EF064D6F54A1F942EA8E2F8118.d.E1AF8D7492BA26084F6346D3B9DE75D3.e.1952","ELEMENT":"f.683367EF064D6F54A1F942EA8E2F8118.d.E1AF8D7492BA26084F6346D3B9DE75D3.e.1952"}]}
COMMAND: GET /session/59746a33121488b03cb28927e3139cef/element/f.683367EF064D6F54A1F942EA8E2F8118.d.E1AF8D7492BA26084F6346D3B9DE75D3.e.1952/enabled - {}
COMMAND: GET /session/59746a33121488b03cb28927e3139cef/screenshot - {}
RESULT: {}
COMMAND: POST /session/59746a33121488b03cb28927e3139cef/execute/sync - {"script":"<script> [8489 bytes]","args":[{"element-6066-11e4-a52e-4f735466cecf":"f.683367EF064D6F54A1F942EA8E2F8118.d.E1AF8D7492BA26084F6346D3B9DE75D3.e.1952","ELEMENT":"f.683367EF064D6F54A1F942EA8E2F8118.d.E1AF8D7492BA26084F6346D3B9DE75D3.e.1952"}]}
COMMAND: GET /session/59746a33121488b03cb28927e3139cef/screenshot - {}
RESULT: {}
RESULT: {"script":"<script> [8489 bytes]","args":[{"element-6066-11e4-a52e-4f735466cecf":"f.683367EF064D6F54A1F942EA8E2F8118.d.E1AF8D7492BA26084F6346D3B9DE75D3.e.1952","ELEMENT":"f.683367EF064D6F54A1F942EA8E2F8118.d.E1AF8D7492BA26084F6346D3B9DE75D3.e.1952"}]}
COMMAND: POST /session/59746a33121488b03cb28927e3139cef/execute/sync - {"script":"<script> [5351 bytes]","args":[{"element-6066-11e4-a52e-4f735466cecf":"f.683367EF064D6F54A1F942EA8E2F8118.d.E1AF8D7492BA26084F6346D3B9DE75D3.e.1952","ELEMENT":"f.683367EF064D6F54A1F942EA8E2F8118.d.E1AF8D7492BA26084F6346D3B9DE75D3.e.1952"}]}
COMMAND: GET /session/59746a33121488b03cb28927e3139cef/screenshot - {}
RESULT: {}
RESULT: {"script":"<script> [5351 bytes]","args":[{"element-6066-11e4-a52e-4f735466cecf":"f.683367EF064D6F54A1F942EA8E2F8118.d.E1AF8D7492BA26084F6346D3B9DE75D3.e.1952","ELEMENT":"f.683367EF064D6F54A1F942EA8E2F8118.d.E1AF8D7492BA26084F6346D3B9DE75D3.e.1952"}]}
COMMAND: GET /session/59746a33121488b03cb28927e3139cef/screenshot - {}
RESULT: {}
RESULT: {}
RESULT: undefined
COMMAND: POST /session/59746a33121488b03cb28927e3139cef/execute/async - {"script":"<script> [776 bytes]","args":[{"enterText":"1046","selector":{"id":"application-managepartners-display-component---masterPtm--smartFilterBar-btnBasicSearch","interaction":{"idSuffix":"I"}},"clearTextFirst":true,"interactionType":"ENTER_TEXT"}]}
RESULT: {"script":"<script> [776 bytes]","args":[{"enterText":"1046","selector":{"id":"application-managepartners-display-component---masterPtm--smartFilterBar-btnBasicSearch","interaction":{"idSuffix":"I"}},"clearTextFirst":true,"interactionType":"ENTER_TEXT"}]}
COMMAND: POST /session/59746a33121488b03cb28927e3139cef/actions - {"actions":[{"id":"action5","type":"key","parameters":{},"actions":[{"type":"keyDown","value":"î€‡"},{"type":"pause","duration":10},{"type":"keyUp","value":"î€‡"}]}]}
RESULT: {"actions":[{"id":"action5","type":"key","parameters":{},"actions":[{"type":"keyDown","value":"î€‡"},{"type":"pause","duration":10},{"type":"keyUp","value":"î€‡"}]}]}
COMMAND: GET /session/59746a33121488b03cb28927e3139cef/screenshot - {}
RESULT: {}
COMMAND: POST /session/59746a33121488b03cb28927e3139cef/elements - {"using":"xpath","value":"//table[contains(@id, \"customPartnersTable-listUl\")]/tbody/tr"}
RESULT: {"using":"xpath","value":"//table[contains(@id, \"customPartnersTable-listUl\")]/tbody/tr"}
COMMAND: POST /session/59746a33121488b03cb28927e3139cef/element - {"using":"xpath","value":"//table[contains(@id, \"customPartnersTable-listUl\")]/tbody/tr[1]/td[3]/span"}
RESULT: {"using":"xpath","value":"//table[contains(@id, \"customPartnersTable-listUl\")]/tbody/tr[1]/td[3]/span"}
COMMAND: POST /session/59746a33121488b03cb28927e3139cef/elements - {"using":"xpath","value":"//table[contains(@id, \"customPartnersTable-listUl\")]/tbody/tr[1]/td[3]/span"}
RESULT: {"using":"xpath","value":"//table[contains(@id, \"customPartnersTable-listUl\")]/tbody/tr[1]/td[3]/span"}
COMMAND: POST /session/59746a33121488b03cb28927e3139cef/execute/sync - {"script":"<script> [56 bytes]","args":[{"element-6066-11e4-a52e-4f735466cecf":"f.683367EF064D6F54A1F942EA8E2F8118.d.E1AF8D7492BA26084F6346D3B9DE75D3.e.2040","ELEMENT":"f.683367EF064D6F54A1F942EA8E2F8118.d.E1AF8D7492BA26084F6346D3B9DE75D3.e.2040"}]}
RESULT: {"script":"<script> [56 bytes]","args":[{"element-6066-11e4-a52e-4f735466cecf":"f.683367EF064D6F54A1F942EA8E2F8118.d.E1AF8D7492BA26084F6346D3B9DE75D3.e.2040","ELEMENT":"f.683367EF064D6F54A1F942EA8E2F8118.d.E1AF8D7492BA26084F6346D3B9DE75D3.e.2040"}]}
COMMAND: POST /session/59746a33121488b03cb28927e3139cef/element - {"using":"xpath","value":"//table[contains(@id, \"customPartnersTable-listUl\")]/tbody/tr[1]/td[7]/div/span"}
COMMAND: GET /session/59746a33121488b03cb28927e3139cef/screenshot - {}
RESULT: {"using":"xpath","value":"//table[contains(@id, \"customPartnersTable-listUl\")]/tbody/tr[1]/td[7]/div/span"}
COMMAND: POST /session/59746a33121488b03cb28927e3139cef/execute/sync - {"script":"<script> [56 bytes]","args":[{"element-6066-11e4-a52e-4f735466cecf":"f.683367EF064D6F54A1F942EA8E2F8118.d.E1AF8D7492BA26084F6346D3B9DE75D3.e.2041","ELEMENT":"f.683367EF064D6F54A1F942EA8E2F8118.d.E1AF8D7492BA26084F6346D3B9DE75D3.e.2041"}]}
RESULT: {}
RESULT: {"script":"<script> [56 bytes]","args":[{"element-6066-11e4-a52e-4f735466cecf":"f.683367EF064D6F54A1F942EA8E2F8118.d.E1AF8D7492BA26084F6346D3B9DE75D3.e.2041","ELEMENT":"f.683367EF064D6F54A1F942EA8E2F8118.d.E1AF8D7492BA26084F6346D3B9DE75D3.e.2041"}]}
COMMAND: POST /session/59746a33121488b03cb28927e3139cef/element - {"using":"xpath","value":"//table[contains(@id, \"customPartnersTable-listUl\")]/tbody/tr[1]/td[2]/div/div"}
COMMAND: GET /session/59746a33121488b03cb28927e3139cef/screenshot - {}
RESULT: {"using":"xpath","value":"//table[contains(@id, \"customPartnersTable-listUl\")]/tbody/tr[1]/td[2]/div/div"}
COMMAND: POST /session/59746a33121488b03cb28927e3139cef/element/f.683367EF064D6F54A1F942EA8E2F8118.d.E1AF8D7492BA26084F6346D3B9DE75D3.e.2033/click - {}
RESULT: {}
RESULT: {}
COMMAND: GET /session/59746a33121488b03cb28927e3139cef/screenshot - {}
RESULT: {}
COMMAND: POST /session/59746a33121488b03cb28927e3139cef/element - {"using":"xpath","value":"//bdi[contains(text(), \"Activate\")]"}
RESULT: {"using":"xpath","value":"//bdi[contains(text(), \"Activate\")]"}
COMMAND: POST /session/59746a33121488b03cb28927e3139cef/element/f.683367EF064D6F54A1F942EA8E2F8118.d.E1AF8D7492BA26084F6346D3B9DE75D3.e.2042/click - {}
RESULT: {}
COMMAND: GET /session/59746a33121488b03cb28927e3139cef/screenshot - {}
RESULT: {}
COMMAND: POST /session/59746a33121488b03cb28927e3139cef/element - {"using":"xpath","value":"//bdi[contains(text(), \"Yes\")]"}
RESULT: {"using":"xpath","value":"//bdi[contains(text(), \"Yes\")]"}
COMMAND: POST /session/59746a33121488b03cb28927e3139cef/element/f.683367EF064D6F54A1F942EA8E2F8118.d.E1AF8D7492BA26084F6346D3B9DE75D3.e.2044/click - {}
RESULT: {}
COMMAND: GET /session/59746a33121488b03cb28927e3139cef/screenshot - {}
RESULT: {}
COMMAND: POST /session/59746a33121488b03cb28927e3139cef/element - {"using":"xpath","value":"//table[contains(@id, \"customPartnersTable-listUl\")]/tbody/tr[1]/td[7]/div/span"}
RESULT: {"using":"xpath","value":"//table[contains(@id, \"customPartnersTable-listUl\")]/tbody/tr[1]/td[7]/div/span"}
COMMAND: POST /session/59746a33121488b03cb28927e3139cef/execute/sync - {"script":"<script> [56 bytes]","args":[{"element-6066-11e4-a52e-4f735466cecf":"f.683367EF064D6F54A1F942EA8E2F8118.d.E1AF8D7492BA26084F6346D3B9DE75D3.e.2041","ELEMENT":"f.683367EF064D6F54A1F942EA8E2F8118.d.E1AF8D7492BA26084F6346D3B9DE75D3.e.2041"}]}
RESULT: {"script":"<script> [56 bytes]","args":[{"element-6066-11e4-a52e-4f735466cecf":"f.683367EF064D6F54A1F942EA8E2F8118.d.E1AF8D7492BA26084F6346D3B9DE75D3.e.2041","ELEMENT":"f.683367EF064D6F54A1F942EA8E2F8118.d.E1AF8D7492BA26084F6346D3B9DE75D3.e.2041"}]}
COMMAND: GET /session/59746a33121488b03cb28927e3139cef/screenshot - {}
RESULT: {}
COMMAND: POST /session/59746a33121488b03cb28927e3139cef/element - {"using":"css selector","value":"#shell-header-logo"}
RESULT: {"using":"css selector","value":"#shell-header-logo"}
COMMAND: POST /session/59746a33121488b03cb28927e3139cef/element/f.683367EF064D6F54A1F942EA8E2F8118.d.E1AF8D7492BA26084F6346D3B9DE75D3.e.1918/click - {}
RESULT: {}
COMMAND: GET /session/59746a33121488b03cb28927e3139cef/screenshot - {}
RESULT: {}
]]></system-out>
    </testcase>
    <testcase classname="chrome.136_0_7103_49.windows.Partner_specific_tests_US150819_US151080_US151654_US151176_US103444_US151078_US151079_US151109_US151174_US151175_US151189" name="Should edit the created external partner and save it and check its content US103444" time="69.389">
      <system-out><![CDATA[
COMMAND: POST /session/59746a33121488b03cb28927e3139cef/element - {"using":"xpath","value":"//li[.//span[text()=\"Manage Partners\"]]"}
RESULT: {"using":"xpath","value":"//li[.//span[text()=\"Manage Partners\"]]"}
COMMAND: POST /session/59746a33121488b03cb28927e3139cef/element - {"using":"xpath","value":"//li[.//span[text()=\"Manage Partners\"]]"}
RESULT: {"using":"xpath","value":"//li[.//span[text()=\"Manage Partners\"]]"}
COMMAND: POST /session/59746a33121488b03cb28927e3139cef/element - {"using":"css selector","value":"#shell-header-logo"}
RESULT: {"using":"css selector","value":"#shell-header-logo"}
COMMAND: POST /session/59746a33121488b03cb28927e3139cef/element/f.683367EF064D6F54A1F942EA8E2F8118.d.E1AF8D7492BA26084F6346D3B9DE75D3.e.2048/click - {}
COMMAND: POST /session/59746a33121488b03cb28927e3139cef/execute/sync - {"script":"<script> [8489 bytes]","args":[{"element-6066-11e4-a52e-4f735466cecf":"f.683367EF064D6F54A1F942EA8E2F8118.d.E1AF8D7492BA26084F6346D3B9DE75D3.e.2048","ELEMENT":"f.683367EF064D6F54A1F942EA8E2F8118.d.E1AF8D7492BA26084F6346D3B9DE75D3.e.2048"}]}
RESULT: {}
COMMAND: GET /session/59746a33121488b03cb28927e3139cef/screenshot - {}
RESULT: {"script":"<script> [8489 bytes]","args":[{"element-6066-11e4-a52e-4f735466cecf":"f.683367EF064D6F54A1F942EA8E2F8118.d.E1AF8D7492BA26084F6346D3B9DE75D3.e.2048","ELEMENT":"f.683367EF064D6F54A1F942EA8E2F8118.d.E1AF8D7492BA26084F6346D3B9DE75D3.e.2048"}]}
COMMAND: POST /session/59746a33121488b03cb28927e3139cef/execute/sync - {"script":"<script> [5351 bytes]","args":[{"element-6066-11e4-a52e-4f735466cecf":"f.683367EF064D6F54A1F942EA8E2F8118.d.E1AF8D7492BA26084F6346D3B9DE75D3.e.2048","ELEMENT":"f.683367EF064D6F54A1F942EA8E2F8118.d.E1AF8D7492BA26084F6346D3B9DE75D3.e.2048"}]}
COMMAND: GET /session/59746a33121488b03cb28927e3139cef/screenshot - {}
RESULT: {}
RESULT: {"script":"<script> [5351 bytes]","args":[{"element-6066-11e4-a52e-4f735466cecf":"f.683367EF064D6F54A1F942EA8E2F8118.d.E1AF8D7492BA26084F6346D3B9DE75D3.e.2048","ELEMENT":"f.683367EF064D6F54A1F942EA8E2F8118.d.E1AF8D7492BA26084F6346D3B9DE75D3.e.2048"}]}
COMMAND: GET /session/59746a33121488b03cb28927e3139cef/screenshot - {}
RESULT: {}
RESULT: {}
RESULT: undefined
COMMAND: POST /session/59746a33121488b03cb28927e3139cef/element - {"using":"xpath","value":"//*[@id=\"__tile38\"]"}
RESULT: {"using":"xpath","value":"//*[@id=\"__tile38\"]"}
COMMAND: POST /session/59746a33121488b03cb28927e3139cef/element/f.683367EF064D6F54A1F942EA8E2F8118.d.E1AF8D7492BA26084F6346D3B9DE75D3.e.145/click - {}
RESULT: {}
COMMAND: POST /session/59746a33121488b03cb28927e3139cef/element - {"using":"xpath","value":"//button[@data-kt=\"addButton\"]"}
COMMAND: GET /session/59746a33121488b03cb28927e3139cef/screenshot - {}
RESULT: {"using":"xpath","value":"//button[@data-kt=\"addButton\"]"}
COMMAND: POST /session/59746a33121488b03cb28927e3139cef/elements - {"using":"xpath","value":"//button[@data-kt=\"addButton\"]"}
RESULT: {}
RESULT: {"using":"xpath","value":"//button[@data-kt=\"addButton\"]"}
COMMAND: POST /session/59746a33121488b03cb28927e3139cef/elements - {"using":"xpath","value":"//button[@data-kt=\"addButton\"]"}
RESULT: {"using":"xpath","value":"//button[@data-kt=\"addButton\"]"}
COMMAND: POST /session/59746a33121488b03cb28927e3139cef/elements - {"using":"xpath","value":"//button[@data-kt=\"addButton\"]"}
RESULT: {"using":"xpath","value":"//button[@data-kt=\"addButton\"]"}
COMMAND: POST /session/59746a33121488b03cb28927e3139cef/element - {"using":"xpath","value":"//button[@data-kt=\"addButton\"]"}
RESULT: {"using":"xpath","value":"//button[@data-kt=\"addButton\"]"}
COMMAND: POST /session/59746a33121488b03cb28927e3139cef/execute/sync - {"script":"<script> [8489 bytes]","args":[{"element-6066-11e4-a52e-4f735466cecf":"f.683367EF064D6F54A1F942EA8E2F8118.d.E1AF8D7492BA26084F6346D3B9DE75D3.e.2082","ELEMENT":"f.683367EF064D6F54A1F942EA8E2F8118.d.E1AF8D7492BA26084F6346D3B9DE75D3.e.2082"}]}
RESULT: {"script":"<script> [8489 bytes]","args":[{"element-6066-11e4-a52e-4f735466cecf":"f.683367EF064D6F54A1F942EA8E2F8118.d.E1AF8D7492BA26084F6346D3B9DE75D3.e.2082","ELEMENT":"f.683367EF064D6F54A1F942EA8E2F8118.d.E1AF8D7492BA26084F6346D3B9DE75D3.e.2082"}]}
COMMAND: GET /session/59746a33121488b03cb28927e3139cef/element/f.683367EF064D6F54A1F942EA8E2F8118.d.E1AF8D7492BA26084F6346D3B9DE75D3.e.2082/enabled - {}
COMMAND: GET /session/59746a33121488b03cb28927e3139cef/screenshot - {}
RESULT: {}
COMMAND: POST /session/59746a33121488b03cb28927e3139cef/execute/sync - {"script":"<script> [8489 bytes]","args":[{"element-6066-11e4-a52e-4f735466cecf":"f.683367EF064D6F54A1F942EA8E2F8118.d.E1AF8D7492BA26084F6346D3B9DE75D3.e.2082","ELEMENT":"f.683367EF064D6F54A1F942EA8E2F8118.d.E1AF8D7492BA26084F6346D3B9DE75D3.e.2082"}]}
COMMAND: GET /session/59746a33121488b03cb28927e3139cef/screenshot - {}
RESULT: {}
RESULT: {"script":"<script> [8489 bytes]","args":[{"element-6066-11e4-a52e-4f735466cecf":"f.683367EF064D6F54A1F942EA8E2F8118.d.E1AF8D7492BA26084F6346D3B9DE75D3.e.2082","ELEMENT":"f.683367EF064D6F54A1F942EA8E2F8118.d.E1AF8D7492BA26084F6346D3B9DE75D3.e.2082"}]}
COMMAND: POST /session/59746a33121488b03cb28927e3139cef/execute/sync - {"script":"<script> [5351 bytes]","args":[{"element-6066-11e4-a52e-4f735466cecf":"f.683367EF064D6F54A1F942EA8E2F8118.d.E1AF8D7492BA26084F6346D3B9DE75D3.e.2082","ELEMENT":"f.683367EF064D6F54A1F942EA8E2F8118.d.E1AF8D7492BA26084F6346D3B9DE75D3.e.2082"}]}
COMMAND: GET /session/59746a33121488b03cb28927e3139cef/screenshot - {}
RESULT: {}
RESULT: {"script":"<script> [5351 bytes]","args":[{"element-6066-11e4-a52e-4f735466cecf":"f.683367EF064D6F54A1F942EA8E2F8118.d.E1AF8D7492BA26084F6346D3B9DE75D3.e.2082","ELEMENT":"f.683367EF064D6F54A1F942EA8E2F8118.d.E1AF8D7492BA26084F6346D3B9DE75D3.e.2082"}]}
COMMAND: GET /session/59746a33121488b03cb28927e3139cef/screenshot - {}
RESULT: {}
RESULT: {}
RESULT: undefined
COMMAND: POST /session/59746a33121488b03cb28927e3139cef/execute/async - {"script":"<script> [776 bytes]","args":[{"enterText":"1046","selector":{"id":"application-managepartners-display-component---masterPtm--smartFilterBar-btnBasicSearch","interaction":{"idSuffix":"I"}},"clearTextFirst":true,"interactionType":"ENTER_TEXT"}]}
RESULT: {"script":"<script> [776 bytes]","args":[{"enterText":"1046","selector":{"id":"application-managepartners-display-component---masterPtm--smartFilterBar-btnBasicSearch","interaction":{"idSuffix":"I"}},"clearTextFirst":true,"interactionType":"ENTER_TEXT"}]}
COMMAND: POST /session/59746a33121488b03cb28927e3139cef/actions - {"actions":[{"id":"action6","type":"key","parameters":{},"actions":[{"type":"keyDown","value":"î€‡"},{"type":"pause","duration":10},{"type":"keyUp","value":"î€‡"}]}]}
RESULT: {"actions":[{"id":"action6","type":"key","parameters":{},"actions":[{"type":"keyDown","value":"î€‡"},{"type":"pause","duration":10},{"type":"keyUp","value":"î€‡"}]}]}
COMMAND: GET /session/59746a33121488b03cb28927e3139cef/screenshot - {}
RESULT: {}
COMMAND: POST /session/59746a33121488b03cb28927e3139cef/elements - {"using":"xpath","value":"//table[contains(@id, \"customPartnersTable-listUl\")]/tbody/tr"}
RESULT: {"using":"xpath","value":"//table[contains(@id, \"customPartnersTable-listUl\")]/tbody/tr"}
COMMAND: POST /session/59746a33121488b03cb28927e3139cef/element - {"using":"xpath","value":"//table[contains(@id, \"customPartnersTable-listUl\")]/tbody/tr[1]/td[3]/span"}
RESULT: {"using":"xpath","value":"//table[contains(@id, \"customPartnersTable-listUl\")]/tbody/tr[1]/td[3]/span"}
COMMAND: POST /session/59746a33121488b03cb28927e3139cef/elements - {"using":"xpath","value":"//table[contains(@id, \"customPartnersTable-listUl\")]/tbody/tr[1]/td[3]/span"}
RESULT: {"using":"xpath","value":"//table[contains(@id, \"customPartnersTable-listUl\")]/tbody/tr[1]/td[3]/span"}
COMMAND: POST /session/59746a33121488b03cb28927e3139cef/execute/sync - {"script":"<script> [56 bytes]","args":[{"element-6066-11e4-a52e-4f735466cecf":"f.683367EF064D6F54A1F942EA8E2F8118.d.E1AF8D7492BA26084F6346D3B9DE75D3.e.2170","ELEMENT":"f.683367EF064D6F54A1F942EA8E2F8118.d.E1AF8D7492BA26084F6346D3B9DE75D3.e.2170"}]}
RESULT: {"script":"<script> [56 bytes]","args":[{"element-6066-11e4-a52e-4f735466cecf":"f.683367EF064D6F54A1F942EA8E2F8118.d.E1AF8D7492BA26084F6346D3B9DE75D3.e.2170","ELEMENT":"f.683367EF064D6F54A1F942EA8E2F8118.d.E1AF8D7492BA26084F6346D3B9DE75D3.e.2170"}]}
COMMAND: POST /session/59746a33121488b03cb28927e3139cef/element - {"using":"xpath","value":"(//span[contains(@id, \"imgNav\")])[1]"}
COMMAND: GET /session/59746a33121488b03cb28927e3139cef/screenshot - {}
RESULT: {"using":"xpath","value":"(//span[contains(@id, \"imgNav\")])[1]"}
COMMAND: POST /session/59746a33121488b03cb28927e3139cef/element/f.683367EF064D6F54A1F942EA8E2F8118.d.E1AF8D7492BA26084F6346D3B9DE75D3.e.2169/click - {}
RESULT: {}
RESULT: {}
COMMAND: GET /session/59746a33121488b03cb28927e3139cef/screenshot - {}
RESULT: {}
COMMAND: POST /session/59746a33121488b03cb28927e3139cef/element - {"using":"xpath","value":"//bdi[contains(text(), \"Edit\")]"}
RESULT: {"using":"xpath","value":"//bdi[contains(text(), \"Edit\")]"}
COMMAND: POST /session/59746a33121488b03cb28927e3139cef/element/f.683367EF064D6F54A1F942EA8E2F8118.d.E1AF8D7492BA26084F6346D3B9DE75D3.e.2309/click - {}
RESULT: {}
COMMAND: GET /session/59746a33121488b03cb28927e3139cef/screenshot - {}
RESULT: {}
COMMAND: POST /session/59746a33121488b03cb28927e3139cef/execute/async - {"script":"<script> [1562 bytes]","args":[{"selector":{"controlType":"sap.m.Input","viewName":"etm.portal.ui.managepartners.view.EditDetail","labelFor":{"text":"Name"},"interaction":{"idSuffix":"inner"}},"wdio_ui5_key":"etmportal.ui.managepartners.view.EditDetailsap.m.Input{\"text\":\"Name\"}"}]}
RESULT: {"script":"<script> [1562 bytes]","args":[{"selector":{"controlType":"sap.m.Input","viewName":"etm.portal.ui.managepartners.view.EditDetail","labelFor":{"text":"Name"},"interaction":{"idSuffix":"inner"}},"wdio_ui5_key":"etmportal.ui.managepartners.view.EditDetailsap.m.Input{\"text\":\"Name\"}"}]}
RESULT: undefined
COMMAND: POST /session/59746a33121488b03cb28927e3139cef/execute/async - {"script":"<script> [776 bytes]","args":[{"enterText":"External EDIT","selector":{"controlType":"sap.m.Input","viewName":"etm.portal.ui.managepartners.view.EditDetail","labelFor":{"text":"Name"},"interaction":{"idSuffix":"inner"}},"clearTextFirst":true,"interactionType":"ENTER_TEXT"}]}
RESULT: {"script":"<script> [776 bytes]","args":[{"enterText":"External EDIT","selector":{"controlType":"sap.m.Input","viewName":"etm.portal.ui.managepartners.view.EditDetail","labelFor":{"text":"Name"},"interaction":{"idSuffix":"inner"}},"clearTextFirst":true,"interactionType":"ENTER_TEXT"}]}
COMMAND: POST /session/59746a33121488b03cb28927e3139cef/element - {"using":"xpath","value":"(//span[contains(@id,\"addressDetailDetailsLanguage-arrow\")])[1]"}
RESULT: {"using":"xpath","value":"(//span[contains(@id,\"addressDetailDetailsLanguage-arrow\")])[1]"}
COMMAND: POST /session/59746a33121488b03cb28927e3139cef/element/f.683367EF064D6F54A1F942EA8E2F8118.d.E1AF8D7492BA26084F6346D3B9DE75D3.e.2385/click - {}
RESULT: {}
COMMAND: POST /session/59746a33121488b03cb28927e3139cef/element - {"using":"xpath","value":"//span[contains(text(), \"Chinese\")]"}
COMMAND: GET /session/59746a33121488b03cb28927e3139cef/screenshot - {}
RESULT: {"using":"xpath","value":"//span[contains(text(), \"Chinese\")]"}
COMMAND: POST /session/59746a33121488b03cb28927e3139cef/element/f.683367EF064D6F54A1F942EA8E2F8118.d.E1AF8D7492BA26084F6346D3B9DE75D3.e.2386/click - {}
RESULT: {}
RESULT: {}
COMMAND: GET /session/59746a33121488b03cb28927e3139cef/screenshot - {}
RESULT: {}
COMMAND: POST /session/59746a33121488b03cb28927e3139cef/execute/async - {"script":"<script> [1562 bytes]","args":[{"selector":{"controlType":"sap.m.Input","viewName":"etm.portal.ui.managepartners.view.EditDetail","labelFor":{"text":"City"},"interaction":{"idSuffix":"inner"}},"wdio_ui5_key":"etmportal.ui.managepartners.view.EditDetailsap.m.Input{\"text\":\"City\"}"}]}
RESULT: {"script":"<script> [1562 bytes]","args":[{"selector":{"controlType":"sap.m.Input","viewName":"etm.portal.ui.managepartners.view.EditDetail","labelFor":{"text":"City"},"interaction":{"idSuffix":"inner"}},"wdio_ui5_key":"etmportal.ui.managepartners.view.EditDetailsap.m.Input{\"text\":\"City\"}"}]}
RESULT: undefined
COMMAND: POST /session/59746a33121488b03cb28927e3139cef/execute/async - {"script":"<script> [776 bytes]","args":[{"enterText":"Clooj-Napoca","selector":{"controlType":"sap.m.Input","viewName":"etm.portal.ui.managepartners.view.EditDetail","labelFor":{"text":"City"},"interaction":{"idSuffix":"inner"}},"clearTextFirst":true,"interactionType":"ENTER_TEXT"}]}
RESULT: {"script":"<script> [776 bytes]","args":[{"enterText":"Clooj-Napoca","selector":{"controlType":"sap.m.Input","viewName":"etm.portal.ui.managepartners.view.EditDetail","labelFor":{"text":"City"},"interaction":{"idSuffix":"inner"}},"clearTextFirst":true,"interactionType":"ENTER_TEXT"}]}
COMMAND: POST /session/59746a33121488b03cb28927e3139cef/element - {"using":"xpath","value":"//button[@data-kt=\"saveButton\"]"}
RESULT: {"using":"xpath","value":"//button[@data-kt=\"saveButton\"]"}
COMMAND: POST /session/59746a33121488b03cb28927e3139cef/element/f.683367EF064D6F54A1F942EA8E2F8118.d.E1AF8D7492BA26084F6346D3B9DE75D3.e.2368/click - {}
RESULT: {}
COMMAND: GET /session/59746a33121488b03cb28927e3139cef/screenshot - {}
RESULT: {}
COMMAND: POST /session/59746a33121488b03cb28927e3139cef/execute/async - {"script":"<script> [1562 bytes]","args":[{"selector":{"id":"application-managepartners-display-component---detailPtm--addressDetailDetailsName1"},"wdio_ui5_key":"applicationmanagepartners-display-component---detailPtm--addressDetailDetailsName1"}]}
RESULT: {"script":"<script> [1562 bytes]","args":[{"selector":{"id":"application-managepartners-display-component---detailPtm--addressDetailDetailsName1"},"wdio_ui5_key":"applicationmanagepartners-display-component---detailPtm--addressDetailDetailsName1"}]}
RESULT: undefined
COMMAND: POST /session/59746a33121488b03cb28927e3139cef/execute/async - {"script":"<script> [6424 bytes]","args":[{"element-6066-11e4-a52e-4f735466cecf":"f.683367EF064D6F54A1F942EA8E2F8118.d.E1AF8D7492BA26084F6346D3B9DE75D3.e.2418"},"getValue",[]]}
RESULT: {"script":"<script> [6424 bytes]","args":[{"element-6066-11e4-a52e-4f735466cecf":"f.683367EF064D6F54A1F942EA8E2F8118.d.E1AF8D7492BA26084F6346D3B9DE75D3.e.2418"},"getValue",[]]}
COMMAND: POST /session/59746a33121488b03cb28927e3139cef/element - {"using":"xpath","value":"//input[@id = \"application-managepartners-display-component---detailPtm--addressDetailDetailsLanguage-inner\"]"}
RESULT: {"using":"xpath","value":"//input[@id = \"application-managepartners-display-component---detailPtm--addressDetailDetailsLanguage-inner\"]"}
COMMAND: GET /session/59746a33121488b03cb28927e3139cef/element/f.683367EF064D6F54A1F942EA8E2F8118.d.E1AF8D7492BA26084F6346D3B9DE75D3.e.2419/property/value - {}
RESULT: {}
COMMAND: POST /session/59746a33121488b03cb28927e3139cef/execute/async - {"script":"<script> [1562 bytes]","args":[{"selector":{"id":"application-managepartners-display-component---detailPtm--addressDetailDetailsCity1"},"wdio_ui5_key":"applicationmanagepartners-display-component---detailPtm--addressDetailDetailsCity1"}]}
COMMAND: GET /session/59746a33121488b03cb28927e3139cef/screenshot - {}
RESULT: {"script":"<script> [1562 bytes]","args":[{"selector":{"id":"application-managepartners-display-component---detailPtm--addressDetailDetailsCity1"},"wdio_ui5_key":"applicationmanagepartners-display-component---detailPtm--addressDetailDetailsCity1"}]}
RESULT: undefined
COMMAND: POST /session/59746a33121488b03cb28927e3139cef/execute/async - {"script":"<script> [6424 bytes]","args":[{"element-6066-11e4-a52e-4f735466cecf":"f.683367EF064D6F54A1F942EA8E2F8118.d.E1AF8D7492BA26084F6346D3B9DE75D3.e.2420"},"getValue",[]]}
RESULT: {}
RESULT: {"script":"<script> [6424 bytes]","args":[{"element-6066-11e4-a52e-4f735466cecf":"f.683367EF064D6F54A1F942EA8E2F8118.d.E1AF8D7492BA26084F6346D3B9DE75D3.e.2420"},"getValue",[]]}
COMMAND: POST /session/59746a33121488b03cb28927e3139cef/element - {"using":"css selector","value":"#shell-header-logo"}
RESULT: {"using":"css selector","value":"#shell-header-logo"}
COMMAND: POST /session/59746a33121488b03cb28927e3139cef/element/f.683367EF064D6F54A1F942EA8E2F8118.d.E1AF8D7492BA26084F6346D3B9DE75D3.e.2048/click - {}
RESULT: {}
COMMAND: GET /session/59746a33121488b03cb28927e3139cef/screenshot - {}
RESULT: {}
]]></system-out>
    </testcase>
    <testcase classname="chrome.136_0_7103_49.windows.Partner_specific_tests_US150819_US151080_US151654_US151176_US103444_US151078_US151079_US151109_US151174_US151175_US151189" name="Should create a new intercompany partner edit some of its fields US151078" time="266.956">
      <system-out><![CDATA[
COMMAND: POST /session/59746a33121488b03cb28927e3139cef/element - {"using":"xpath","value":"//li[.//span[text()=\"Manage Partners\"]]"}
RESULT: {"using":"xpath","value":"//li[.//span[text()=\"Manage Partners\"]]"}
COMMAND: POST /session/59746a33121488b03cb28927e3139cef/element - {"using":"xpath","value":"//li[.//span[text()=\"Manage Partners\"]]"}
RESULT: {"using":"xpath","value":"//li[.//span[text()=\"Manage Partners\"]]"}
COMMAND: POST /session/59746a33121488b03cb28927e3139cef/element - {"using":"css selector","value":"#shell-header-logo"}
RESULT: {"using":"css selector","value":"#shell-header-logo"}
COMMAND: POST /session/59746a33121488b03cb28927e3139cef/element/f.683367EF064D6F54A1F942EA8E2F8118.d.E1AF8D7492BA26084F6346D3B9DE75D3.e.2451/click - {}
COMMAND: POST /session/59746a33121488b03cb28927e3139cef/execute/sync - {"script":"<script> [8489 bytes]","args":[{"element-6066-11e4-a52e-4f735466cecf":"f.683367EF064D6F54A1F942EA8E2F8118.d.E1AF8D7492BA26084F6346D3B9DE75D3.e.2451","ELEMENT":"f.683367EF064D6F54A1F942EA8E2F8118.d.E1AF8D7492BA26084F6346D3B9DE75D3.e.2451"}]}
RESULT: {"script":"<script> [8489 bytes]","args":[{"element-6066-11e4-a52e-4f735466cecf":"f.683367EF064D6F54A1F942EA8E2F8118.d.E1AF8D7492BA26084F6346D3B9DE75D3.e.2451","ELEMENT":"f.683367EF064D6F54A1F942EA8E2F8118.d.E1AF8D7492BA26084F6346D3B9DE75D3.e.2451"}]}
COMMAND: POST /session/59746a33121488b03cb28927e3139cef/execute/sync - {"script":"<script> [5351 bytes]","args":[{"element-6066-11e4-a52e-4f735466cecf":"f.683367EF064D6F54A1F942EA8E2F8118.d.E1AF8D7492BA26084F6346D3B9DE75D3.e.2451","ELEMENT":"f.683367EF064D6F54A1F942EA8E2F8118.d.E1AF8D7492BA26084F6346D3B9DE75D3.e.2451"}]}
COMMAND: GET /session/59746a33121488b03cb28927e3139cef/screenshot - {}
RESULT: {}
COMMAND: GET /session/59746a33121488b03cb28927e3139cef/screenshot - {}
RESULT: {"script":"<script> [5351 bytes]","args":[{"element-6066-11e4-a52e-4f735466cecf":"f.683367EF064D6F54A1F942EA8E2F8118.d.E1AF8D7492BA26084F6346D3B9DE75D3.e.2451","ELEMENT":"f.683367EF064D6F54A1F942EA8E2F8118.d.E1AF8D7492BA26084F6346D3B9DE75D3.e.2451"}]}
COMMAND: GET /session/59746a33121488b03cb28927e3139cef/screenshot - {}
RESULT: {}
RESULT: {}
RESULT: {}
COMMAND: POST /session/59746a33121488b03cb28927e3139cef/refresh - {}
RESULT: {}
COMMAND: GET /session/59746a33121488b03cb28927e3139cef/screenshot - {}
RESULT: {}
COMMAND: POST /session/59746a33121488b03cb28927e3139cef/refresh - {}
RESULT: {}
COMMAND: GET /session/59746a33121488b03cb28927e3139cef/screenshot - {}
RESULT: {}
COMMAND: POST /session/59746a33121488b03cb28927e3139cef/window/fullscreen - {}
RESULT: {}
COMMAND: POST /session/59746a33121488b03cb28927e3139cef/execute/async - {"script":"<script> [189 bytes]","args":[]}
RESULT: {"script":"<script> [189 bytes]","args":[]}
COMMAND: POST /session/59746a33121488b03cb28927e3139cef/execute/async - {"script":"<script> [123 bytes]","args":[]}
RESULT: {"script":"<script> [123 bytes]","args":[]}
COMMAND: POST /session/59746a33121488b03cb28927e3139cef/timeouts - {"script":"<number>"}
RESULT: {"script":"<number>"}
COMMAND: GET /session/59746a33121488b03cb28927e3139cef/timeouts - {}
RESULT: {}
RESULT: undefined
COMMAND: POST /session/59746a33121488b03cb28927e3139cef/execute/async - {"script":"<script> [2676 bytes]","args":[]}
RESULT: {"script":"<script> [2676 bytes]","args":[]}
COMMAND: POST /session/59746a33121488b03cb28927e3139cef/execute/async - {"script":"<script> [2342 bytes]","args":[{"protocol":"http","hostname":"0.0.0.0","path":"/","capabilities":{"browserName":"chrome","goog:chromeOptions":{"binary":"C:\\Program Files\\Google\\Chrome\\Application\\chrome.exe","args":["--start-maximized"]}},"logLevel":"warn","connectionRetryTimeout":120000,"connectionRetryCount":3,"logLevels":{},"enableDirectConnect":true,"strictSSL":true,"_":"65 more keys: [\"cacheDir\",\"port\",\"requestedCapabilities\",\"automationProtocol\",\"baseUrl\",\"waitforInterval\",\"waitforTimeout\",\"onReload\",\"beforeCommand\",\"afterCommand\",\"rootDir\",\"specs\",\"suites\",\"exclude\",\"groupLogsByTestSpec\",\"excludeDriverLogs\",\"bail\",\"framework\",\"reporters\",\"services\",\"maxInstances\",\"maxInstancesPerCapability\",\"injectGlobals\",\"filesToWatch\",\"execArgv\",\"runnerEnv\",\"runner\",\"shard\",\"specFileRetries\",\"specFileRetriesDelay\",\"specFileRetriesDeferred\",\"reporterSyncInterval\",\"reporterSyncTimeout\",\"cucumberFeaturesWithLineNumbers\",\"autoCompileOpts\",\"mochaOpts\",\"jasmineOpts\",\"cucumberOpts\",\"onPrepare\",\"onWorkerStart\",\"onWorkerEnd\",\"before\",\"beforeSession\",\"beforeSuite\",\"beforeHook\",\"beforeTest\",\"afterTest\",\"afterHook\",\"afterSuite\",\"afterSession\",\"after\",\"onComplete\",\"beforeAssertion\",\"afterAssertion\",\"beforeFeature\",\"beforeScenario\",\"beforeStep\",\"afterStep\",\"afterScenario\",\"afterFeature\",\"_\",\"suite\",\"$0\",\"ignoredWorkerServices\",\"wdi5\"]"}]}
RESULT: {"script":"<script> [2342 bytes]","args":[{"protocol":"http","hostname":"0.0.0.0","path":"/","capabilities":{"browserName":"chrome","goog:chromeOptions":{"binary":"C:\\Program Files\\Google\\Chrome\\Application\\chrome.exe","args":["--start-maximized"]}},"logLevel":"warn","connectionRetryTimeout":120000,"connectionRetryCount":3,"logLevels":{},"enableDirectConnect":true,"strictSSL":true,"_":"65 more keys: [\"cacheDir\",\"port\",\"requestedCapabilities\",\"automationProtocol\",\"baseUrl\",\"waitforInterval\",\"waitforTimeout\",\"onReload\",\"beforeCommand\",\"afterCommand\",\"rootDir\",\"specs\",\"suites\",\"exclude\",\"groupLogsByTestSpec\",\"excludeDriverLogs\",\"bail\",\"framework\",\"reporters\",\"services\",\"maxInstances\",\"maxInstancesPerCapability\",\"injectGlobals\",\"filesToWatch\",\"execArgv\",\"runnerEnv\",\"runner\",\"shard\",\"specFileRetries\",\"specFileRetriesDelay\",\"specFileRetriesDeferred\",\"reporterSyncInterval\",\"reporterSyncTimeout\",\"cucumberFeaturesWithLineNumbers\",\"autoCompileOpts\",\"mochaOpts\",\"jasmineOpts\",\"cucumberOpts\",\"onPrepare\",\"onWorkerStart\",\"onWorkerEnd\",\"before\",\"beforeSession\",\"beforeSuite\",\"beforeHook\",\"beforeTest\",\"afterTest\",\"afterHook\",\"afterSuite\",\"afterSession\",\"after\",\"onComplete\",\"beforeAssertion\",\"afterAssertion\",\"beforeFeature\",\"beforeScenario\",\"beforeStep\",\"afterStep\",\"afterScenario\",\"afterFeature\",\"_\",\"suite\",\"$0\",\"ignoredWorkerServices\",\"wdi5\"]"}]}
COMMAND: POST /session/59746a33121488b03cb28927e3139cef/execute/async - {"script":"<script> [21126 bytes]","args":[35000]}
RESULT: {"script":"<script> [21126 bytes]","args":[35000]}
COMMAND: POST /session/59746a33121488b03cb28927e3139cef/window/fullscreen - {}
RESULT: {}
COMMAND: POST /session/59746a33121488b03cb28927e3139cef/window/fullscreen - {}
RESULT: {}
COMMAND: POST /session/59746a33121488b03cb28927e3139cef/execute/async - {"script":"<script> [1562 bytes]","args":[{"selector":{"controlType":"sap.m.GenericTile","properties":{"header":"Manage Partners"}},"wdio_ui5_key":"sapm.GenericTile{\"header\":\"Manage Partners\"}"}]}
RESULT: {"script":"<script> [1562 bytes]","args":[{"selector":{"controlType":"sap.m.GenericTile","properties":{"header":"Manage Partners"}},"wdio_ui5_key":"sapm.GenericTile{\"header\":\"Manage Partners\"}"}]}
RESULT: undefined
COMMAND: POST /session/59746a33121488b03cb28927e3139cef/element - {"using":"xpath","value":"//*[@id=\"__tile30\"]"}
RESULT: {"using":"xpath","value":"//*[@id=\"__tile30\"]"}
COMMAND: POST /session/59746a33121488b03cb28927e3139cef/element/f.683367EF064D6F54A1F942EA8E2F8118.d.E5F0794A434F24FD1BE2202C34F5C8A3.e.2510/click - {}
RESULT: {}
COMMAND: POST /session/59746a33121488b03cb28927e3139cef/element - {"using":"xpath","value":"//button[@data-kt=\"addButton\"]"}
COMMAND: GET /session/59746a33121488b03cb28927e3139cef/screenshot - {}
RESULT: {"using":"xpath","value":"//button[@data-kt=\"addButton\"]"}
COMMAND: POST /session/59746a33121488b03cb28927e3139cef/elements - {"using":"xpath","value":"//button[@data-kt=\"addButton\"]"}
RESULT: {}
RESULT: {"using":"xpath","value":"//button[@data-kt=\"addButton\"]"}
COMMAND: POST /session/59746a33121488b03cb28927e3139cef/elements - {"using":"xpath","value":"//button[@data-kt=\"addButton\"]"}
RESULT: {"using":"xpath","value":"//button[@data-kt=\"addButton\"]"}
COMMAND: POST /session/59746a33121488b03cb28927e3139cef/elements - {"using":"xpath","value":"//button[@data-kt=\"addButton\"]"}
RESULT: {"using":"xpath","value":"//button[@data-kt=\"addButton\"]"}
COMMAND: POST /session/59746a33121488b03cb28927e3139cef/elements - {"using":"xpath","value":"//button[@data-kt=\"addButton\"]"}
RESULT: {"using":"xpath","value":"//button[@data-kt=\"addButton\"]"}
COMMAND: POST /session/59746a33121488b03cb28927e3139cef/elements - {"using":"xpath","value":"//button[@data-kt=\"addButton\"]"}
RESULT: {"using":"xpath","value":"//button[@data-kt=\"addButton\"]"}
COMMAND: POST /session/59746a33121488b03cb28927e3139cef/elements - {"using":"xpath","value":"//button[@data-kt=\"addButton\"]"}
RESULT: {"using":"xpath","value":"//button[@data-kt=\"addButton\"]"}
COMMAND: POST /session/59746a33121488b03cb28927e3139cef/elements - {"using":"xpath","value":"//button[@data-kt=\"addButton\"]"}
RESULT: {"using":"xpath","value":"//button[@data-kt=\"addButton\"]"}
COMMAND: POST /session/59746a33121488b03cb28927e3139cef/elements - {"using":"xpath","value":"//button[@data-kt=\"addButton\"]"}
RESULT: {"using":"xpath","value":"//button[@data-kt=\"addButton\"]"}
COMMAND: POST /session/59746a33121488b03cb28927e3139cef/elements - {"using":"xpath","value":"//button[@data-kt=\"addButton\"]"}
RESULT: {"using":"xpath","value":"//button[@data-kt=\"addButton\"]"}
COMMAND: POST /session/59746a33121488b03cb28927e3139cef/elements - {"using":"xpath","value":"//button[@data-kt=\"addButton\"]"}
RESULT: {"using":"xpath","value":"//button[@data-kt=\"addButton\"]"}
COMMAND: POST /session/59746a33121488b03cb28927e3139cef/elements - {"using":"xpath","value":"//button[@data-kt=\"addButton\"]"}
RESULT: {"using":"xpath","value":"//button[@data-kt=\"addButton\"]"}
COMMAND: POST /session/59746a33121488b03cb28927e3139cef/elements - {"using":"xpath","value":"//button[@data-kt=\"addButton\"]"}
RESULT: {"using":"xpath","value":"//button[@data-kt=\"addButton\"]"}
COMMAND: POST /session/59746a33121488b03cb28927e3139cef/elements - {"using":"xpath","value":"//button[@data-kt=\"addButton\"]"}
RESULT: {"using":"xpath","value":"//button[@data-kt=\"addButton\"]"}
COMMAND: POST /session/59746a33121488b03cb28927e3139cef/elements - {"using":"xpath","value":"//button[@data-kt=\"addButton\"]"}
RESULT: {"using":"xpath","value":"//button[@data-kt=\"addButton\"]"}
COMMAND: POST /session/59746a33121488b03cb28927e3139cef/elements - {"using":"xpath","value":"//button[@data-kt=\"addButton\"]"}
RESULT: {"using":"xpath","value":"//button[@data-kt=\"addButton\"]"}
COMMAND: POST /session/59746a33121488b03cb28927e3139cef/elements - {"using":"xpath","value":"//button[@data-kt=\"addButton\"]"}
RESULT: {"using":"xpath","value":"//button[@data-kt=\"addButton\"]"}
COMMAND: POST /session/59746a33121488b03cb28927e3139cef/elements - {"using":"xpath","value":"//button[@data-kt=\"addButton\"]"}
RESULT: {"using":"xpath","value":"//button[@data-kt=\"addButton\"]"}
COMMAND: POST /session/59746a33121488b03cb28927e3139cef/elements - {"using":"xpath","value":"//button[@data-kt=\"addButton\"]"}
RESULT: {"using":"xpath","value":"//button[@data-kt=\"addButton\"]"}
COMMAND: POST /session/59746a33121488b03cb28927e3139cef/elements - {"using":"xpath","value":"//button[@data-kt=\"addButton\"]"}
RESULT: {"using":"xpath","value":"//button[@data-kt=\"addButton\"]"}
COMMAND: POST /session/59746a33121488b03cb28927e3139cef/elements - {"using":"xpath","value":"//button[@data-kt=\"addButton\"]"}
RESULT: {"using":"xpath","value":"//button[@data-kt=\"addButton\"]"}
COMMAND: POST /session/59746a33121488b03cb28927e3139cef/elements - {"using":"xpath","value":"//button[@data-kt=\"addButton\"]"}
RESULT: {"using":"xpath","value":"//button[@data-kt=\"addButton\"]"}
COMMAND: POST /session/59746a33121488b03cb28927e3139cef/elements - {"using":"xpath","value":"//button[@data-kt=\"addButton\"]"}
RESULT: {"using":"xpath","value":"//button[@data-kt=\"addButton\"]"}
COMMAND: POST /session/59746a33121488b03cb28927e3139cef/elements - {"using":"xpath","value":"//button[@data-kt=\"addButton\"]"}
RESULT: {"using":"xpath","value":"//button[@data-kt=\"addButton\"]"}
COMMAND: POST /session/59746a33121488b03cb28927e3139cef/elements - {"using":"xpath","value":"//button[@data-kt=\"addButton\"]"}
RESULT: {"using":"xpath","value":"//button[@data-kt=\"addButton\"]"}
COMMAND: POST /session/59746a33121488b03cb28927e3139cef/element - {"using":"xpath","value":"//button[@data-kt=\"addButton\"]"}
RESULT: {"using":"xpath","value":"//button[@data-kt=\"addButton\"]"}
COMMAND: POST /session/59746a33121488b03cb28927e3139cef/execute/sync - {"script":"<script> [8489 bytes]","args":[{"element-6066-11e4-a52e-4f735466cecf":"f.683367EF064D6F54A1F942EA8E2F8118.d.E5F0794A434F24FD1BE2202C34F5C8A3.e.2626","ELEMENT":"f.683367EF064D6F54A1F942EA8E2F8118.d.E5F0794A434F24FD1BE2202C34F5C8A3.e.2626"}]}
RESULT: {"script":"<script> [8489 bytes]","args":[{"element-6066-11e4-a52e-4f735466cecf":"f.683367EF064D6F54A1F942EA8E2F8118.d.E5F0794A434F24FD1BE2202C34F5C8A3.e.2626","ELEMENT":"f.683367EF064D6F54A1F942EA8E2F8118.d.E5F0794A434F24FD1BE2202C34F5C8A3.e.2626"}]}
COMMAND: GET /session/59746a33121488b03cb28927e3139cef/element/f.683367EF064D6F54A1F942EA8E2F8118.d.E5F0794A434F24FD1BE2202C34F5C8A3.e.2626/enabled - {}
COMMAND: GET /session/59746a33121488b03cb28927e3139cef/screenshot - {}
RESULT: {}
COMMAND: POST /session/59746a33121488b03cb28927e3139cef/execute/sync - {"script":"<script> [8489 bytes]","args":[{"element-6066-11e4-a52e-4f735466cecf":"f.683367EF064D6F54A1F942EA8E2F8118.d.E5F0794A434F24FD1BE2202C34F5C8A3.e.2626","ELEMENT":"f.683367EF064D6F54A1F942EA8E2F8118.d.E5F0794A434F24FD1BE2202C34F5C8A3.e.2626"}]}
COMMAND: GET /session/59746a33121488b03cb28927e3139cef/screenshot - {}
RESULT: {}
RESULT: {"script":"<script> [8489 bytes]","args":[{"element-6066-11e4-a52e-4f735466cecf":"f.683367EF064D6F54A1F942EA8E2F8118.d.E5F0794A434F24FD1BE2202C34F5C8A3.e.2626","ELEMENT":"f.683367EF064D6F54A1F942EA8E2F8118.d.E5F0794A434F24FD1BE2202C34F5C8A3.e.2626"}]}
COMMAND: POST /session/59746a33121488b03cb28927e3139cef/execute/sync - {"script":"<script> [5351 bytes]","args":[{"element-6066-11e4-a52e-4f735466cecf":"f.683367EF064D6F54A1F942EA8E2F8118.d.E5F0794A434F24FD1BE2202C34F5C8A3.e.2626","ELEMENT":"f.683367EF064D6F54A1F942EA8E2F8118.d.E5F0794A434F24FD1BE2202C34F5C8A3.e.2626"}]}
COMMAND: GET /session/59746a33121488b03cb28927e3139cef/screenshot - {}
RESULT: {}
RESULT: {"script":"<script> [5351 bytes]","args":[{"element-6066-11e4-a52e-4f735466cecf":"f.683367EF064D6F54A1F942EA8E2F8118.d.E5F0794A434F24FD1BE2202C34F5C8A3.e.2626","ELEMENT":"f.683367EF064D6F54A1F942EA8E2F8118.d.E5F0794A434F24FD1BE2202C34F5C8A3.e.2626"}]}
COMMAND: POST /session/59746a33121488b03cb28927e3139cef/element/f.683367EF064D6F54A1F942EA8E2F8118.d.E5F0794A434F24FD1BE2202C34F5C8A3.e.2626/click - {}
COMMAND: GET /session/59746a33121488b03cb28927e3139cef/screenshot - {}
RESULT: {}
RESULT: {}
COMMAND: GET /session/59746a33121488b03cb28927e3139cef/screenshot - {}
COMMAND: POST /session/59746a33121488b03cb28927e3139cef/execute/async - {"script":"<script> [1562 bytes]","args":[{"selector":{"id":"application-managepartners-display-component---NewPartner--addressDetailDetailsName1","interaction":{"idSuffix":"inner"}},"wdio_ui5_key":"applicationmanagepartners-display-component---NewPartner--addressDetailDetailsName1"}]}
RESULT: {}
RESULT: {}
RESULT: {"script":"<script> [1562 bytes]","args":[{"selector":{"id":"application-managepartners-display-component---NewPartner--addressDetailDetailsName1","interaction":{"idSuffix":"inner"}},"wdio_ui5_key":"applicationmanagepartners-display-component---NewPartner--addressDetailDetailsName1"}]}
RESULT: undefined
COMMAND: POST /session/59746a33121488b03cb28927e3139cef/execute/async - {"script":"<script> [776 bytes]","args":[{"enterText":"Intercompany Partner WDIO","selector":{"id":"application-managepartners-display-component---NewPartner--addressDetailDetailsName1","interaction":{"idSuffix":"inner"}},"clearTextFirst":true,"interactionType":"ENTER_TEXT"}]}
RESULT: {"script":"<script> [776 bytes]","args":[{"enterText":"Intercompany Partner WDIO","selector":{"id":"application-managepartners-display-component---NewPartner--addressDetailDetailsName1","interaction":{"idSuffix":"inner"}},"clearTextFirst":true,"interactionType":"ENTER_TEXT"}]}
COMMAND: POST /session/59746a33121488b03cb28927e3139cef/execute/async - {"script":"<script> [1562 bytes]","args":[{"selector":{"id":"application-managepartners-display-component---NewPartner--addressDetailDetailsLanguage-arrow"},"wdio_ui5_key":"applicationmanagepartners-display-component---NewPartner--addressDetailDetailsLanguage-arrow"}]}
RESULT: {"script":"<script> [1562 bytes]","args":[{"selector":{"id":"application-managepartners-display-component---NewPartner--addressDetailDetailsLanguage-arrow"},"wdio_ui5_key":"applicationmanagepartners-display-component---NewPartner--addressDetailDetailsLanguage-arrow"}]}
RESULT: undefined
COMMAND: POST /session/59746a33121488b03cb28927e3139cef/element - {"using":"xpath","value":"//*[@id=\"application-managepartners-display-component---NewPartner--addressDetailDetailsLanguage-arrow\"]"}
RESULT: {"using":"xpath","value":"//*[@id=\"application-managepartners-display-component---NewPartner--addressDetailDetailsLanguage-arrow\"]"}
COMMAND: POST /session/59746a33121488b03cb28927e3139cef/element/f.683367EF064D6F54A1F942EA8E2F8118.d.E5F0794A434F24FD1BE2202C34F5C8A3.e.2962/click - {}
RESULT: {}
COMMAND: POST /session/59746a33121488b03cb28927e3139cef/element - {"using":"xpath","value":"//span[contains(text(), \"English\")]"}
COMMAND: GET /session/59746a33121488b03cb28927e3139cef/screenshot - {}
RESULT: {"using":"xpath","value":"//span[contains(text(), \"English\")]"}
COMMAND: POST /session/59746a33121488b03cb28927e3139cef/element/f.683367EF064D6F54A1F942EA8E2F8118.d.E5F0794A434F24FD1BE2202C34F5C8A3.e.2963/click - {}
RESULT: {}
RESULT: {}
COMMAND: GET /session/59746a33121488b03cb28927e3139cef/screenshot - {}
RESULT: {}
COMMAND: POST /session/59746a33121488b03cb28927e3139cef/execute/async - {"script":"<script> [1562 bytes]","args":[{"selector":{"id":"application-managepartners-display-component---NewPartner--addressDetailDetailsCity1","interaction":{"idSuffix":"inner"}},"wdio_ui5_key":"applicationmanagepartners-display-component---NewPartner--addressDetailDetailsCity1"}]}
RESULT: {"script":"<script> [1562 bytes]","args":[{"selector":{"id":"application-managepartners-display-component---NewPartner--addressDetailDetailsCity1","interaction":{"idSuffix":"inner"}},"wdio_ui5_key":"applicationmanagepartners-display-component---NewPartner--addressDetailDetailsCity1"}]}
RESULT: undefined
COMMAND: POST /session/59746a33121488b03cb28927e3139cef/execute/async - {"script":"<script> [776 bytes]","args":[{"enterText":"Rosario","selector":{"id":"application-managepartners-display-component---NewPartner--addressDetailDetailsCity1","interaction":{"idSuffix":"inner"}},"clearTextFirst":true,"interactionType":"ENTER_TEXT"}]}
RESULT: {"script":"<script> [776 bytes]","args":[{"enterText":"Rosario","selector":{"id":"application-managepartners-display-component---NewPartner--addressDetailDetailsCity1","interaction":{"idSuffix":"inner"}},"clearTextFirst":true,"interactionType":"ENTER_TEXT"}]}
COMMAND: POST /session/59746a33121488b03cb28927e3139cef/execute/async - {"script":"<script> [1562 bytes]","args":[{"selector":{"id":"application-managepartners-display-component---NewPartner--addressDetailDetailsCountry-arrow"},"wdio_ui5_key":"applicationmanagepartners-display-component---NewPartner--addressDetailDetailsCountry-arrow"}]}
RESULT: {"script":"<script> [1562 bytes]","args":[{"selector":{"id":"application-managepartners-display-component---NewPartner--addressDetailDetailsCountry-arrow"},"wdio_ui5_key":"applicationmanagepartners-display-component---NewPartner--addressDetailDetailsCountry-arrow"}]}
RESULT: undefined
COMMAND: POST /session/59746a33121488b03cb28927e3139cef/element - {"using":"xpath","value":"//*[@id=\"application-managepartners-display-component---NewPartner--addressDetailDetailsCountry-arrow\"]"}
RESULT: {"using":"xpath","value":"//*[@id=\"application-managepartners-display-component---NewPartner--addressDetailDetailsCountry-arrow\"]"}
COMMAND: POST /session/59746a33121488b03cb28927e3139cef/element/f.683367EF064D6F54A1F942EA8E2F8118.d.E5F0794A434F24FD1BE2202C34F5C8A3.e.2949/click - {}
RESULT: {}
COMMAND: POST /session/59746a33121488b03cb28927e3139cef/element - {"using":"xpath","value":"//span[contains(text(), \"Argentina\")]"}
COMMAND: GET /session/59746a33121488b03cb28927e3139cef/screenshot - {}
RESULT: {"using":"xpath","value":"//span[contains(text(), \"Argentina\")]"}
COMMAND: POST /session/59746a33121488b03cb28927e3139cef/element/f.683367EF064D6F54A1F942EA8E2F8118.d.E5F0794A434F24FD1BE2202C34F5C8A3.e.2965/click - {}
RESULT: {}
RESULT: {}
COMMAND: GET /session/59746a33121488b03cb28927e3139cef/screenshot - {}
RESULT: {}
COMMAND: POST /session/59746a33121488b03cb28927e3139cef/element - {"using":"xpath","value":"//bdi[contains(text(), \"Commercial\")]"}
RESULT: {"using":"xpath","value":"//bdi[contains(text(), \"Commercial\")]"}
COMMAND: POST /session/59746a33121488b03cb28927e3139cef/element/f.683367EF064D6F54A1F942EA8E2F8118.d.E5F0794A434F24FD1BE2202C34F5C8A3.e.2966/click - {}
RESULT: {}
COMMAND: GET /session/59746a33121488b03cb28927e3139cef/screenshot - {}
RESULT: {}
COMMAND: POST /session/59746a33121488b03cb28927e3139cef/execute/async - {"script":"<script> [1562 bytes]","args":[{"selector":{"id":"application-managepartners-display-component---NewPartner--partnerDetailInternal-arrow"},"wdio_ui5_key":"applicationmanagepartners-display-component---NewPartner--partnerDetailInternal-arrow"}]}
RESULT: {"script":"<script> [1562 bytes]","args":[{"selector":{"id":"application-managepartners-display-component---NewPartner--partnerDetailInternal-arrow"},"wdio_ui5_key":"applicationmanagepartners-display-component---NewPartner--partnerDetailInternal-arrow"}]}
RESULT: undefined
COMMAND: POST /session/59746a33121488b03cb28927e3139cef/element - {"using":"xpath","value":"//*[@id=\"application-managepartners-display-component---NewPartner--partnerDetailInternal-arrow\"]"}
RESULT: {"using":"xpath","value":"//*[@id=\"application-managepartners-display-component---NewPartner--partnerDetailInternal-arrow\"]"}
COMMAND: POST /session/59746a33121488b03cb28927e3139cef/element/f.683367EF064D6F54A1F942EA8E2F8118.d.E5F0794A434F24FD1BE2202C34F5C8A3.e.2972/click - {}
RESULT: {}
COMMAND: POST /session/59746a33121488b03cb28927e3139cef/element - {"using":"xpath","value":"//span[contains(text(), \"Affiliated company\")]"}
COMMAND: GET /session/59746a33121488b03cb28927e3139cef/screenshot - {}
RESULT: {"using":"xpath","value":"//span[contains(text(), \"Affiliated company\")]"}
COMMAND: POST /session/59746a33121488b03cb28927e3139cef/element/f.683367EF064D6F54A1F942EA8E2F8118.d.E5F0794A434F24FD1BE2202C34F5C8A3.e.2973/click - {}
RESULT: {}
RESULT: {}
COMMAND: POST /session/59746a33121488b03cb28927e3139cef/execute/async - {"script":"<script> [1562 bytes]","args":[{"selector":{"id":"application-managepartners-display-component---NewPartner--partnerDetailsCurrency-arrow"},"wdio_ui5_key":"applicationmanagepartners-display-component---NewPartner--partnerDetailsCurrency-arrow"}]}
COMMAND: GET /session/59746a33121488b03cb28927e3139cef/screenshot - {}
RESULT: {"script":"<script> [1562 bytes]","args":[{"selector":{"id":"application-managepartners-display-component---NewPartner--partnerDetailsCurrency-arrow"},"wdio_ui5_key":"applicationmanagepartners-display-component---NewPartner--partnerDetailsCurrency-arrow"}]}
RESULT: undefined
COMMAND: POST /session/59746a33121488b03cb28927e3139cef/element - {"using":"xpath","value":"//*[@id=\"application-managepartners-display-component---NewPartner--partnerDetailsCurrency-arrow\"]"}
RESULT: {}
RESULT: {"using":"xpath","value":"//*[@id=\"application-managepartners-display-component---NewPartner--partnerDetailsCurrency-arrow\"]"}
COMMAND: POST /session/59746a33121488b03cb28927e3139cef/element/f.683367EF064D6F54A1F942EA8E2F8118.d.E5F0794A434F24FD1BE2202C34F5C8A3.e.2980/click - {}
RESULT: {}
COMMAND: POST /session/59746a33121488b03cb28927e3139cef/element - {"using":"xpath","value":"//span[contains(text(), \"Euro\")]"}
COMMAND: GET /session/59746a33121488b03cb28927e3139cef/screenshot - {}
RESULT: {"using":"xpath","value":"//span[contains(text(), \"Euro\")]"}
COMMAND: POST /session/59746a33121488b03cb28927e3139cef/element/f.683367EF064D6F54A1F942EA8E2F8118.d.E5F0794A434F24FD1BE2202C34F5C8A3.e.2981/click - {}
RESULT: {}
RESULT: {}
COMMAND: POST /session/59746a33121488b03cb28927e3139cef/execute/async - {"script":"<script> [1562 bytes]","args":[{"selector":{"id":"application-managepartners-display-component---NewPartner--addressEditDetailsCostObjectCstType-arrow"},"wdio_ui5_key":"applicationmanagepartners-display-component---NewPartner--addressEditDetailsCostObjectCstType-arrow"}]}
COMMAND: GET /session/59746a33121488b03cb28927e3139cef/screenshot - {}
RESULT: {"script":"<script> [1562 bytes]","args":[{"selector":{"id":"application-managepartners-display-component---NewPartner--addressEditDetailsCostObjectCstType-arrow"},"wdio_ui5_key":"applicationmanagepartners-display-component---NewPartner--addressEditDetailsCostObjectCstType-arrow"}]}
RESULT: undefined
COMMAND: POST /session/59746a33121488b03cb28927e3139cef/element - {"using":"xpath","value":"//*[@id=\"application-managepartners-display-component---NewPartner--addressEditDetailsCostObjectCstType-arrow\"]"}
RESULT: {}
RESULT: {"using":"xpath","value":"//*[@id=\"application-managepartners-display-component---NewPartner--addressEditDetailsCostObjectCstType-arrow\"]"}
COMMAND: POST /session/59746a33121488b03cb28927e3139cef/element/f.683367EF064D6F54A1F942EA8E2F8118.d.E5F0794A434F24FD1BE2202C34F5C8A3.e.2982/click - {}
RESULT: {}
COMMAND: POST /session/59746a33121488b03cb28927e3139cef/element - {"using":"xpath","value":"//span[contains(text(), \"Cost Center\")]"}
COMMAND: GET /session/59746a33121488b03cb28927e3139cef/screenshot - {}
RESULT: {"using":"xpath","value":"//span[contains(text(), \"Cost Center\")]"}
COMMAND: POST /session/59746a33121488b03cb28927e3139cef/element/f.683367EF064D6F54A1F942EA8E2F8118.d.E5F0794A434F24FD1BE2202C34F5C8A3.e.2983/click - {}
RESULT: {}
RESULT: {}
COMMAND: GET /session/59746a33121488b03cb28927e3139cef/screenshot - {}
RESULT: {}
COMMAND: POST /session/59746a33121488b03cb28927e3139cef/element - {"using":"xpath","value":"//span[@id=\"application-managepartners-display-component---NewPartner--addressNewCostObjectCstID-vhi\"]"}
RESULT: {"using":"xpath","value":"//span[@id=\"application-managepartners-display-component---NewPartner--addressNewCostObjectCstID-vhi\"]"}
COMMAND: POST /session/59746a33121488b03cb28927e3139cef/execute/sync - {"script":"<script> [8489 bytes]","args":[{"element-6066-11e4-a52e-4f735466cecf":"f.683367EF064D6F54A1F942EA8E2F8118.d.E5F0794A434F24FD1BE2202C34F5C8A3.e.2987","ELEMENT":"f.683367EF064D6F54A1F942EA8E2F8118.d.E5F0794A434F24FD1BE2202C34F5C8A3.e.2987"}]}
RESULT: {"script":"<script> [8489 bytes]","args":[{"element-6066-11e4-a52e-4f735466cecf":"f.683367EF064D6F54A1F942EA8E2F8118.d.E5F0794A434F24FD1BE2202C34F5C8A3.e.2987","ELEMENT":"f.683367EF064D6F54A1F942EA8E2F8118.d.E5F0794A434F24FD1BE2202C34F5C8A3.e.2987"}]}
COMMAND: POST /session/59746a33121488b03cb28927e3139cef/execute/async - {"script":"<script> [1562 bytes]","args":[{"selector":{"id":"application-managepartners-display-component---NewPartner--addressNewCostObjectCstID-vhi"},"wdio_ui5_key":"applicationmanagepartners-display-component---NewPartner--addressNewCostObjectCstID-vhi"}]}
COMMAND: GET /session/59746a33121488b03cb28927e3139cef/screenshot - {}
RESULT: {"script":"<script> [1562 bytes]","args":[{"selector":{"id":"application-managepartners-display-component---NewPartner--addressNewCostObjectCstID-vhi"},"wdio_ui5_key":"applicationmanagepartners-display-component---NewPartner--addressNewCostObjectCstID-vhi"}]}
RESULT: undefined
COMMAND: POST /session/59746a33121488b03cb28927e3139cef/element - {"using":"xpath","value":"//*[@id=\"application-managepartners-display-component---NewPartner--addressNewCostObjectCstID-vhi\"]"}
RESULT: {}
RESULT: {"using":"xpath","value":"//*[@id=\"application-managepartners-display-component---NewPartner--addressNewCostObjectCstID-vhi\"]"}
COMMAND: POST /session/59746a33121488b03cb28927e3139cef/element/f.683367EF064D6F54A1F942EA8E2F8118.d.E5F0794A434F24FD1BE2202C34F5C8A3.e.2987/click - {}
RESULT: {}
COMMAND: GET /session/59746a33121488b03cb28927e3139cef/screenshot - {}
RESULT: {}
COMMAND: POST /session/59746a33121488b03cb28927e3139cef/execute/async - {"script":"<script> [1562 bytes]","args":[{"selector":{"controlType":"sap.m.SearchField","properties":{"placeholder":"Search"},"searchOpenDialogs":true,"interaction":{"idSuffix":"I"}},"wdio_ui5_key":"sapm.SearchField{\"placeholder\":\"Search\"}"}]}
RESULT: {"script":"<script> [1562 bytes]","args":[{"selector":{"controlType":"sap.m.SearchField","properties":{"placeholder":"Search"},"searchOpenDialogs":true,"interaction":{"idSuffix":"I"}},"wdio_ui5_key":"sapm.SearchField{\"placeholder\":\"Search\"}"}]}
RESULT: undefined
COMMAND: POST /session/59746a33121488b03cb28927e3139cef/execute/async - {"script":"<script> [776 bytes]","args":[{"enterText":"10001013","selector":{"controlType":"sap.m.SearchField","properties":{"placeholder":"Search"},"searchOpenDialogs":true,"interaction":{"idSuffix":"I"}},"clearTextFirst":true,"interactionType":"ENTER_TEXT"}]}
RESULT: {"script":"<script> [776 bytes]","args":[{"enterText":"10001013","selector":{"controlType":"sap.m.SearchField","properties":{"placeholder":"Search"},"searchOpenDialogs":true,"interaction":{"idSuffix":"I"}},"clearTextFirst":true,"interactionType":"ENTER_TEXT"}]}
COMMAND: POST /session/59746a33121488b03cb28927e3139cef/actions - {"actions":[{"id":"action7","type":"key","parameters":{},"actions":[{"type":"keyDown","value":"î€‡"},{"type":"pause","duration":10},{"type":"keyUp","value":"î€‡"}]}]}
RESULT: {"actions":[{"id":"action7","type":"key","parameters":{},"actions":[{"type":"keyDown","value":"î€‡"},{"type":"pause","duration":10},{"type":"keyUp","value":"î€‡"}]}]}
COMMAND: GET /session/59746a33121488b03cb28927e3139cef/screenshot - {}
RESULT: {}
COMMAND: POST /session/59746a33121488b03cb28927e3139cef/element - {"using":"xpath","value":"//span[contains(text(), \"General Management\")]"}
RESULT: {"using":"xpath","value":"//span[contains(text(), \"General Management\")]"}
COMMAND: POST /session/59746a33121488b03cb28927e3139cef/element/f.683367EF064D6F54A1F942EA8E2F8118.d.E5F0794A434F24FD1BE2202C34F5C8A3.e.3029/click - {}
RESULT: {}
COMMAND: GET /session/59746a33121488b03cb28927e3139cef/screenshot - {}
RESULT: {}
COMMAND: POST /session/59746a33121488b03cb28927e3139cef/element - {"using":"xpath","value":"//bdi[contains(text(), \"OK\")]"}
RESULT: {"using":"xpath","value":"//bdi[contains(text(), \"OK\")]"}
COMMAND: POST /session/59746a33121488b03cb28927e3139cef/element/f.683367EF064D6F54A1F942EA8E2F8118.d.E5F0794A434F24FD1BE2202C34F5C8A3.e.3030/click - {}
RESULT: {}
COMMAND: GET /session/59746a33121488b03cb28927e3139cef/screenshot - {}
RESULT: {}
COMMAND: POST /session/59746a33121488b03cb28927e3139cef/element - {"using":"xpath","value":"//input[@id=\"application-managepartners-display-component---NewPartner--companyCodeComboBox-inner\"]"}
RESULT: {"using":"xpath","value":"//input[@id=\"application-managepartners-display-component---NewPartner--companyCodeComboBox-inner\"]"}
COMMAND: POST /session/59746a33121488b03cb28927e3139cef/element/f.683367EF064D6F54A1F942EA8E2F8118.d.E5F0794A434F24FD1BE2202C34F5C8A3.e.2831/clear - {}
RESULT: {}
COMMAND: POST /session/59746a33121488b03cb28927e3139cef/element/f.683367EF064D6F54A1F942EA8E2F8118.d.E5F0794A434F24FD1BE2202C34F5C8A3.e.2831/value - {"text":"C002"}
COMMAND: GET /session/59746a33121488b03cb28927e3139cef/screenshot - {}
RESULT: {"text":"C002"}
COMMAND: GET /session/59746a33121488b03cb28927e3139cef/screenshot - {}
RESULT: {}
RESULT: {}
COMMAND: POST /session/59746a33121488b03cb28927e3139cef/element - {"using":"xpath","value":"//li[.//span[text()= \"C002\"]]"}
RESULT: {"using":"xpath","value":"//li[.//span[text()= \"C002\"]]"}
COMMAND: POST /session/59746a33121488b03cb28927e3139cef/element/f.683367EF064D6F54A1F942EA8E2F8118.d.E5F0794A434F24FD1BE2202C34F5C8A3.e.3036/click - {}
RESULT: {}
COMMAND: GET /session/59746a33121488b03cb28927e3139cef/screenshot - {}
RESULT: {}
COMMAND: POST /session/59746a33121488b03cb28927e3139cef/execute/async - {"script":"<script> [1562 bytes]","args":[{"selector":{"id":"application-managepartners-display-component---NewPartner--btnAddTableRow-img"},"wdio_ui5_key":"applicationmanagepartners-display-component---NewPartner--btnAddTableRow-img"}]}
RESULT: {"script":"<script> [1562 bytes]","args":[{"selector":{"id":"application-managepartners-display-component---NewPartner--btnAddTableRow-img"},"wdio_ui5_key":"applicationmanagepartners-display-component---NewPartner--btnAddTableRow-img"}]}
RESULT: undefined
COMMAND: POST /session/59746a33121488b03cb28927e3139cef/element - {"using":"xpath","value":"//*[@id=\"application-managepartners-display-component---NewPartner--btnAddTableRow-img\"]"}
RESULT: {"using":"xpath","value":"//*[@id=\"application-managepartners-display-component---NewPartner--btnAddTableRow-img\"]"}
COMMAND: POST /session/59746a33121488b03cb28927e3139cef/element/f.683367EF064D6F54A1F942EA8E2F8118.d.E5F0794A434F24FD1BE2202C34F5C8A3.e.3037/click - {}
RESULT: {}
COMMAND: GET /session/59746a33121488b03cb28927e3139cef/screenshot - {}
RESULT: {}
COMMAND: POST /session/59746a33121488b03cb28927e3139cef/element - {"using":"xpath","value":"//input[@id=\"application-managepartners-display-component---NewPartner--assignmentYard-application-managepartners-display-component---NewPartner--assignmentsTable-0-inner\"]"}
RESULT: {"using":"xpath","value":"//input[@id=\"application-managepartners-display-component---NewPartner--assignmentYard-application-managepartners-display-component---NewPartner--assignmentsTable-0-inner\"]"}
COMMAND: POST /session/59746a33121488b03cb28927e3139cef/element/f.683367EF064D6F54A1F942EA8E2F8118.d.E5F0794A434F24FD1BE2202C34F5C8A3.e.3040/clear - {}
RESULT: {}
COMMAND: POST /session/59746a33121488b03cb28927e3139cef/element/f.683367EF064D6F54A1F942EA8E2F8118.d.E5F0794A434F24FD1BE2202C34F5C8A3.e.3040/value - {"text":"188"}
COMMAND: GET /session/59746a33121488b03cb28927e3139cef/screenshot - {}
RESULT: {"text":"188"}
COMMAND: GET /session/59746a33121488b03cb28927e3139cef/screenshot - {}
RESULT: {}
RESULT: {}
COMMAND: POST /session/59746a33121488b03cb28927e3139cef/element - {"using":"xpath","value":"//li[.//span[text()='188']]"}
RESULT: {"using":"xpath","value":"//li[.//span[text()='188']]"}
COMMAND: POST /session/59746a33121488b03cb28927e3139cef/element/f.683367EF064D6F54A1F942EA8E2F8118.d.E5F0794A434F24FD1BE2202C34F5C8A3.e.3049/click - {}
RESULT: {}
COMMAND: GET /session/59746a33121488b03cb28927e3139cef/screenshot - {}
RESULT: {}
COMMAND: POST /session/59746a33121488b03cb28927e3139cef/actions - {"actions":[{"id":"action8","type":"key","parameters":{},"actions":[{"type":"keyDown","value":"î€‡"},{"type":"pause","duration":10},{"type":"keyUp","value":"î€‡"}]}]}
RESULT: {"actions":[{"id":"action8","type":"key","parameters":{},"actions":[{"type":"keyDown","value":"î€‡"},{"type":"pause","duration":10},{"type":"keyUp","value":"î€‡"}]}]}
COMMAND: POST /session/59746a33121488b03cb28927e3139cef/execute/async - {"script":"<script> [1562 bytes]","args":[{"selector":{"id":"application-managepartners-display-component---NewPartner--externalCustomerComboBox-application-managepartners-display-component---NewPartner--assignmentsTable-0-vhi"},"wdio_ui5_key":"applicationmanagepartners-display-component---NewPartner--externalCustomerComboBox-application-managepartners-display-component---NewPartner--assignmentsTable-0-vhi"}]}
COMMAND: GET /session/59746a33121488b03cb28927e3139cef/screenshot - {}
RESULT: {"script":"<script> [1562 bytes]","args":[{"selector":{"id":"application-managepartners-display-component---NewPartner--externalCustomerComboBox-application-managepartners-display-component---NewPartner--assignmentsTable-0-vhi"},"wdio_ui5_key":"applicationmanagepartners-display-component---NewPartner--externalCustomerComboBox-application-managepartners-display-component---NewPartner--assignmentsTable-0-vhi"}]}
RESULT: undefined
COMMAND: POST /session/59746a33121488b03cb28927e3139cef/element - {"using":"xpath","value":"//*[@id=\"application-managepartners-display-component---NewPartner--externalCustomerComboBox-application-managepartners-display-component---NewPartner--assignmentsTable-0-vhi\"]"}
RESULT: {}
RESULT: {"using":"xpath","value":"//*[@id=\"application-managepartners-display-component---NewPartner--externalCustomerComboBox-application-managepartners-display-component---NewPartner--assignmentsTable-0-vhi\"]"}
COMMAND: POST /session/59746a33121488b03cb28927e3139cef/element/f.683367EF064D6F54A1F942EA8E2F8118.d.E5F0794A434F24FD1BE2202C34F5C8A3.e.3053/click - {}
RESULT: {}
RESULT: undefined
COMMAND: POST /session/59746a33121488b03cb28927e3139cef/execute/async - {"script":"<script> [776 bytes]","args":[{"enterText":"300003","selector":{"controlType":"sap.m.SearchField","properties":{"placeholder":"Search"},"searchOpenDialogs":true,"interaction":{"idSuffix":"I"}},"clearTextFirst":true,"interactionType":"ENTER_TEXT"}]}
COMMAND: GET /session/59746a33121488b03cb28927e3139cef/screenshot - {}
RESULT: {"script":"<script> [776 bytes]","args":[{"enterText":"300003","selector":{"controlType":"sap.m.SearchField","properties":{"placeholder":"Search"},"searchOpenDialogs":true,"interaction":{"idSuffix":"I"}},"clearTextFirst":true,"interactionType":"ENTER_TEXT"}]}
COMMAND: POST /session/59746a33121488b03cb28927e3139cef/actions - {"actions":[{"id":"action9","type":"key","parameters":{},"actions":[{"type":"keyDown","value":"î€‡"},{"type":"pause","duration":10},{"type":"keyUp","value":"î€‡"}]}]}
RESULT: {}
RESULT: {"actions":[{"id":"action9","type":"key","parameters":{},"actions":[{"type":"keyDown","value":"î€‡"},{"type":"pause","duration":10},{"type":"keyUp","value":"î€‡"}]}]}
COMMAND: GET /session/59746a33121488b03cb28927e3139cef/screenshot - {}
RESULT: {}
COMMAND: POST /session/59746a33121488b03cb28927e3139cef/element - {"using":"xpath","value":"//span[contains(text(), \"300003\")]"}
RESULT: {"using":"xpath","value":"//span[contains(text(), \"300003\")]"}
COMMAND: POST /session/59746a33121488b03cb28927e3139cef/element/f.683367EF064D6F54A1F942EA8E2F8118.d.E5F0794A434F24FD1BE2202C34F5C8A3.e.3071/click - {}
RESULT: {}
COMMAND: GET /session/59746a33121488b03cb28927e3139cef/screenshot - {}
RESULT: {}
COMMAND: POST /session/59746a33121488b03cb28927e3139cef/element - {"using":"xpath","value":"//bdi[contains(text(), \"OK\")]"}
RESULT: {"using":"xpath","value":"//bdi[contains(text(), \"OK\")]"}
COMMAND: POST /session/59746a33121488b03cb28927e3139cef/element/f.683367EF064D6F54A1F942EA8E2F8118.d.E5F0794A434F24FD1BE2202C34F5C8A3.e.3073/click - {}
RESULT: {}
COMMAND: GET /session/59746a33121488b03cb28927e3139cef/screenshot - {}
RESULT: {}
COMMAND: POST /session/59746a33121488b03cb28927e3139cef/execute/async - {"script":"<script> [1562 bytes]","args":[{"selector":{"id":"application-managepartners-display-component---NewPartner--intercompVendorComboBox-application-managepartners-display-component---NewPartner--assignmentsTable-0-vhi"},"wdio_ui5_key":"applicationmanagepartners-display-component---NewPartner--intercompVendorComboBox-application-managepartners-display-component---NewPartner--assignmentsTable-0-vhi"}]}
RESULT: {"script":"<script> [1562 bytes]","args":[{"selector":{"id":"application-managepartners-display-component---NewPartner--intercompVendorComboBox-application-managepartners-display-component---NewPartner--assignmentsTable-0-vhi"},"wdio_ui5_key":"applicationmanagepartners-display-component---NewPartner--intercompVendorComboBox-application-managepartners-display-component---NewPartner--assignmentsTable-0-vhi"}]}
RESULT: undefined
COMMAND: POST /session/59746a33121488b03cb28927e3139cef/element - {"using":"xpath","value":"//*[@id=\"application-managepartners-display-component---NewPartner--intercompVendorComboBox-application-managepartners-display-component---NewPartner--assignmentsTable-0-vhi\"]"}
RESULT: {"using":"xpath","value":"//*[@id=\"application-managepartners-display-component---NewPartner--intercompVendorComboBox-application-managepartners-display-component---NewPartner--assignmentsTable-0-vhi\"]"}
COMMAND: POST /session/59746a33121488b03cb28927e3139cef/element/f.683367EF064D6F54A1F942EA8E2F8118.d.E5F0794A434F24FD1BE2202C34F5C8A3.e.3076/click - {}
RESULT: {}
RESULT: undefined
COMMAND: POST /session/59746a33121488b03cb28927e3139cef/execute/async - {"script":"<script> [776 bytes]","args":[{"enterText":"100005","selector":{"controlType":"sap.m.SearchField","properties":{"placeholder":"Search"},"searchOpenDialogs":true,"interaction":{"idSuffix":"I"}},"clearTextFirst":true,"interactionType":"ENTER_TEXT"}]}
COMMAND: GET /session/59746a33121488b03cb28927e3139cef/screenshot - {}
RESULT: {"script":"<script> [776 bytes]","args":[{"enterText":"100005","selector":{"controlType":"sap.m.SearchField","properties":{"placeholder":"Search"},"searchOpenDialogs":true,"interaction":{"idSuffix":"I"}},"clearTextFirst":true,"interactionType":"ENTER_TEXT"}]}
COMMAND: POST /session/59746a33121488b03cb28927e3139cef/actions - {"actions":[{"id":"action10","type":"key","parameters":{},"actions":[{"type":"keyDown","value":"î€‡"},{"type":"pause","duration":10},{"type":"keyUp","value":"î€‡"}]}]}
RESULT: {}
RESULT: {"actions":[{"id":"action10","type":"key","parameters":{},"actions":[{"type":"keyDown","value":"î€‡"},{"type":"pause","duration":10},{"type":"keyUp","value":"î€‡"}]}]}
COMMAND: GET /session/59746a33121488b03cb28927e3139cef/screenshot - {}
RESULT: {}
COMMAND: POST /session/59746a33121488b03cb28927e3139cef/element - {"using":"xpath","value":"//span[contains(text(), \"Penguins - Field/12345 Berlin\")]"}
RESULT: {"using":"xpath","value":"//span[contains(text(), \"Penguins - Field/12345 Berlin\")]"}
COMMAND: POST /session/59746a33121488b03cb28927e3139cef/element/f.683367EF064D6F54A1F942EA8E2F8118.d.E5F0794A434F24FD1BE2202C34F5C8A3.e.3094/click - {}
RESULT: {}
COMMAND: GET /session/59746a33121488b03cb28927e3139cef/screenshot - {}
RESULT: {}
COMMAND: POST /session/59746a33121488b03cb28927e3139cef/element - {"using":"xpath","value":"//bdi[contains(text(), \"OK\")]"}
RESULT: {"using":"xpath","value":"//bdi[contains(text(), \"OK\")]"}
COMMAND: POST /session/59746a33121488b03cb28927e3139cef/element/f.683367EF064D6F54A1F942EA8E2F8118.d.E5F0794A434F24FD1BE2202C34F5C8A3.e.3095/click - {}
RESULT: {}
COMMAND: GET /session/59746a33121488b03cb28927e3139cef/screenshot - {}
RESULT: {}
COMMAND: POST /session/59746a33121488b03cb28927e3139cef/element - {"using":"xpath","value":"//button[@data-kt=\"saveButton\"]"}
RESULT: {"using":"xpath","value":"//button[@data-kt=\"saveButton\"]"}
COMMAND: POST /session/59746a33121488b03cb28927e3139cef/element/f.683367EF064D6F54A1F942EA8E2F8118.d.E5F0794A434F24FD1BE2202C34F5C8A3.e.2863/click - {}
RESULT: {}
COMMAND: GET /session/59746a33121488b03cb28927e3139cef/screenshot - {}
RESULT: {}
COMMAND: POST /session/59746a33121488b03cb28927e3139cef/element - {"using":"xpath","value":"//header[contains(@id, 'ObjectPageLayout-headerTitle')]/div[1]/div[2]/div[2]/span[1]"}
RESULT: {"using":"xpath","value":"//header[contains(@id, 'ObjectPageLayout-headerTitle')]/div[1]/div[2]/div[2]/span[1]"}
COMMAND: POST /session/59746a33121488b03cb28927e3139cef/elements - {"using":"xpath","value":"//header[contains(@id, 'ObjectPageLayout-headerTitle')]/div[1]/div[2]/div[2]/span[1]"}
RESULT: {"using":"xpath","value":"//header[contains(@id, 'ObjectPageLayout-headerTitle')]/div[1]/div[2]/div[2]/span[1]"}
COMMAND: POST /session/59746a33121488b03cb28927e3139cef/execute/sync - {"script":"<script> [56 bytes]","args":[{"element-6066-11e4-a52e-4f735466cecf":"f.683367EF064D6F54A1F942EA8E2F8118.d.E5F0794A434F24FD1BE2202C34F5C8A3.e.3200","ELEMENT":"f.683367EF064D6F54A1F942EA8E2F8118.d.E5F0794A434F24FD1BE2202C34F5C8A3.e.3200"}]}
RESULT: {"script":"<script> [56 bytes]","args":[{"element-6066-11e4-a52e-4f735466cecf":"f.683367EF064D6F54A1F942EA8E2F8118.d.E5F0794A434F24FD1BE2202C34F5C8A3.e.3200","ELEMENT":"f.683367EF064D6F54A1F942EA8E2F8118.d.E5F0794A434F24FD1BE2202C34F5C8A3.e.3200"}]}
COMMAND: POST /session/59746a33121488b03cb28927e3139cef/element - {"using":"css selector","value":"#shell-header-logo"}
COMMAND: GET /session/59746a33121488b03cb28927e3139cef/screenshot - {}
RESULT: {"using":"css selector","value":"#shell-header-logo"}
COMMAND: POST /session/59746a33121488b03cb28927e3139cef/element/f.683367EF064D6F54A1F942EA8E2F8118.d.E5F0794A434F24FD1BE2202C34F5C8A3.e.2591/click - {}
RESULT: {}
RESULT: {}
COMMAND: GET /session/59746a33121488b03cb28927e3139cef/screenshot - {}
RESULT: {}
COMMAND: POST /session/59746a33121488b03cb28927e3139cef/execute/sync - {"script":"<script> [299 bytes]","args":[["getModel","getResource"]]}
RESULT: {"script":"<script> [299 bytes]","args":[["getModel","getResource"]]}
RESULT: undefined
COMMAND: POST /session/59746a33121488b03cb28927e3139cef/element - {"using":"xpath","value":"//*[@id=\"__tile30\"]"}
COMMAND: GET /session/59746a33121488b03cb28927e3139cef/screenshot - {}
RESULT: {"using":"xpath","value":"//*[@id=\"__tile30\"]"}
COMMAND: POST /session/59746a33121488b03cb28927e3139cef/element/f.683367EF064D6F54A1F942EA8E2F8118.d.E5F0794A434F24FD1BE2202C34F5C8A3.e.2510/click - {}
RESULT: {}
RESULT: {}
COMMAND: POST /session/59746a33121488b03cb28927e3139cef/element - {"using":"xpath","value":"//button[@data-kt=\"addButton\"]"}
COMMAND: GET /session/59746a33121488b03cb28927e3139cef/screenshot - {}
RESULT: {"using":"xpath","value":"//button[@data-kt=\"addButton\"]"}
COMMAND: POST /session/59746a33121488b03cb28927e3139cef/elements - {"using":"xpath","value":"//button[@data-kt=\"addButton\"]"}
RESULT: {}
RESULT: {"using":"xpath","value":"//button[@data-kt=\"addButton\"]"}
COMMAND: POST /session/59746a33121488b03cb28927e3139cef/elements - {"using":"xpath","value":"//button[@data-kt=\"addButton\"]"}
RESULT: {"using":"xpath","value":"//button[@data-kt=\"addButton\"]"}
COMMAND: POST /session/59746a33121488b03cb28927e3139cef/element - {"using":"xpath","value":"//button[@data-kt=\"addButton\"]"}
RESULT: {"using":"xpath","value":"//button[@data-kt=\"addButton\"]"}
COMMAND: POST /session/59746a33121488b03cb28927e3139cef/execute/sync - {"script":"<script> [8489 bytes]","args":[{"element-6066-11e4-a52e-4f735466cecf":"f.683367EF064D6F54A1F942EA8E2F8118.d.E5F0794A434F24FD1BE2202C34F5C8A3.e.3248","ELEMENT":"f.683367EF064D6F54A1F942EA8E2F8118.d.E5F0794A434F24FD1BE2202C34F5C8A3.e.3248"}]}
RESULT: {"script":"<script> [8489 bytes]","args":[{"element-6066-11e4-a52e-4f735466cecf":"f.683367EF064D6F54A1F942EA8E2F8118.d.E5F0794A434F24FD1BE2202C34F5C8A3.e.3248","ELEMENT":"f.683367EF064D6F54A1F942EA8E2F8118.d.E5F0794A434F24FD1BE2202C34F5C8A3.e.3248"}]}
COMMAND: GET /session/59746a33121488b03cb28927e3139cef/element/f.683367EF064D6F54A1F942EA8E2F8118.d.E5F0794A434F24FD1BE2202C34F5C8A3.e.3248/enabled - {}
COMMAND: GET /session/59746a33121488b03cb28927e3139cef/screenshot - {}
RESULT: {}
COMMAND: POST /session/59746a33121488b03cb28927e3139cef/execute/sync - {"script":"<script> [8489 bytes]","args":[{"element-6066-11e4-a52e-4f735466cecf":"f.683367EF064D6F54A1F942EA8E2F8118.d.E5F0794A434F24FD1BE2202C34F5C8A3.e.3248","ELEMENT":"f.683367EF064D6F54A1F942EA8E2F8118.d.E5F0794A434F24FD1BE2202C34F5C8A3.e.3248"}]}
COMMAND: GET /session/59746a33121488b03cb28927e3139cef/screenshot - {}
RESULT: {}
RESULT: {"script":"<script> [8489 bytes]","args":[{"element-6066-11e4-a52e-4f735466cecf":"f.683367EF064D6F54A1F942EA8E2F8118.d.E5F0794A434F24FD1BE2202C34F5C8A3.e.3248","ELEMENT":"f.683367EF064D6F54A1F942EA8E2F8118.d.E5F0794A434F24FD1BE2202C34F5C8A3.e.3248"}]}
COMMAND: POST /session/59746a33121488b03cb28927e3139cef/execute/sync - {"script":"<script> [5351 bytes]","args":[{"element-6066-11e4-a52e-4f735466cecf":"f.683367EF064D6F54A1F942EA8E2F8118.d.E5F0794A434F24FD1BE2202C34F5C8A3.e.3248","ELEMENT":"f.683367EF064D6F54A1F942EA8E2F8118.d.E5F0794A434F24FD1BE2202C34F5C8A3.e.3248"}]}
COMMAND: GET /session/59746a33121488b03cb28927e3139cef/screenshot - {}
RESULT: {}
RESULT: {"script":"<script> [5351 bytes]","args":[{"element-6066-11e4-a52e-4f735466cecf":"f.683367EF064D6F54A1F942EA8E2F8118.d.E5F0794A434F24FD1BE2202C34F5C8A3.e.3248","ELEMENT":"f.683367EF064D6F54A1F942EA8E2F8118.d.E5F0794A434F24FD1BE2202C34F5C8A3.e.3248"}]}
COMMAND: GET /session/59746a33121488b03cb28927e3139cef/screenshot - {}
RESULT: {}
RESULT: {}
COMMAND: POST /session/59746a33121488b03cb28927e3139cef/execute/async - {"script":"<script> [1562 bytes]","args":[{"selector":{"id":"application-managepartners-display-component---masterPtm--smartFilterBar-btnBasicSearch","interaction":{"idSuffix":"I"}},"wdio_ui5_key":"applicationmanagepartners-display-component---masterPtm--smartFilterBar-btnBasicSearch"}]}
RESULT: {"script":"<script> [1562 bytes]","args":[{"selector":{"id":"application-managepartners-display-component---masterPtm--smartFilterBar-btnBasicSearch","interaction":{"idSuffix":"I"}},"wdio_ui5_key":"applicationmanagepartners-display-component---masterPtm--smartFilterBar-btnBasicSearch"}]}
RESULT: undefined
COMMAND: POST /session/59746a33121488b03cb28927e3139cef/execute/async - {"script":"<script> [776 bytes]","args":[{"enterText":"1048","selector":{"id":"application-managepartners-display-component---masterPtm--smartFilterBar-btnBasicSearch","interaction":{"idSuffix":"I"}},"clearTextFirst":true,"interactionType":"ENTER_TEXT"}]}
RESULT: {"script":"<script> [776 bytes]","args":[{"enterText":"1048","selector":{"id":"application-managepartners-display-component---masterPtm--smartFilterBar-btnBasicSearch","interaction":{"idSuffix":"I"}},"clearTextFirst":true,"interactionType":"ENTER_TEXT"}]}
COMMAND: POST /session/59746a33121488b03cb28927e3139cef/actions - {"actions":[{"id":"action11","type":"key","parameters":{},"actions":[{"type":"keyDown","value":"î€‡"},{"type":"pause","duration":10},{"type":"keyUp","value":"î€‡"}]}]}
RESULT: {"actions":[{"id":"action11","type":"key","parameters":{},"actions":[{"type":"keyDown","value":"î€‡"},{"type":"pause","duration":10},{"type":"keyUp","value":"î€‡"}]}]}
COMMAND: GET /session/59746a33121488b03cb28927e3139cef/screenshot - {}
RESULT: {}
COMMAND: POST /session/59746a33121488b03cb28927e3139cef/elements - {"using":"xpath","value":"//table[contains(@id, \"customPartnersTable-listUl\")]/tbody/tr"}
RESULT: {"using":"xpath","value":"//table[contains(@id, \"customPartnersTable-listUl\")]/tbody/tr"}
COMMAND: POST /session/59746a33121488b03cb28927e3139cef/element - {"using":"xpath","value":"//table[contains(@id, \"customPartnersTable-listUl\")]/tbody/tr[1]/td[3]/span"}
RESULT: {"using":"xpath","value":"//table[contains(@id, \"customPartnersTable-listUl\")]/tbody/tr[1]/td[3]/span"}
COMMAND: POST /session/59746a33121488b03cb28927e3139cef/elements - {"using":"xpath","value":"//table[contains(@id, \"customPartnersTable-listUl\")]/tbody/tr[1]/td[3]/span"}
RESULT: {"using":"xpath","value":"//table[contains(@id, \"customPartnersTable-listUl\")]/tbody/tr[1]/td[3]/span"}
COMMAND: POST /session/59746a33121488b03cb28927e3139cef/execute/sync - {"script":"<script> [56 bytes]","args":[{"element-6066-11e4-a52e-4f735466cecf":"f.683367EF064D6F54A1F942EA8E2F8118.d.E5F0794A434F24FD1BE2202C34F5C8A3.e.3327","ELEMENT":"f.683367EF064D6F54A1F942EA8E2F8118.d.E5F0794A434F24FD1BE2202C34F5C8A3.e.3327"}]}
RESULT: {"script":"<script> [56 bytes]","args":[{"element-6066-11e4-a52e-4f735466cecf":"f.683367EF064D6F54A1F942EA8E2F8118.d.E5F0794A434F24FD1BE2202C34F5C8A3.e.3327","ELEMENT":"f.683367EF064D6F54A1F942EA8E2F8118.d.E5F0794A434F24FD1BE2202C34F5C8A3.e.3327"}]}
COMMAND: POST /session/59746a33121488b03cb28927e3139cef/element - {"using":"xpath","value":"(//span[contains(@id, \"imgNav\")])[1]"}
COMMAND: GET /session/59746a33121488b03cb28927e3139cef/screenshot - {}
RESULT: {"using":"xpath","value":"(//span[contains(@id, \"imgNav\")])[1]"}
COMMAND: POST /session/59746a33121488b03cb28927e3139cef/element/f.683367EF064D6F54A1F942EA8E2F8118.d.E5F0794A434F24FD1BE2202C34F5C8A3.e.3326/click - {}
RESULT: {}
RESULT: {}
COMMAND: GET /session/59746a33121488b03cb28927e3139cef/screenshot - {}
COMMAND: POST /session/59746a33121488b03cb28927e3139cef/element - {"using":"xpath","value":"//bdi[contains(text(), \"Edit\")]"}
RESULT: {}
RESULT: {"using":"xpath","value":"//bdi[contains(text(), \"Edit\")]"}
COMMAND: POST /session/59746a33121488b03cb28927e3139cef/element/f.683367EF064D6F54A1F942EA8E2F8118.d.E5F0794A434F24FD1BE2202C34F5C8A3.e.3470/click - {}
RESULT: {}
COMMAND: GET /session/59746a33121488b03cb28927e3139cef/screenshot - {}
RESULT: {}
COMMAND: POST /session/59746a33121488b03cb28927e3139cef/execute/async - {"script":"<script> [1562 bytes]","args":[{"selector":{"controlType":"sap.m.Input","viewName":"etm.portal.ui.managepartners.view.EditDetail","labelFor":{"text":"Name"},"interaction":{"idSuffix":"inner"}},"wdio_ui5_key":"etmportal.ui.managepartners.view.EditDetailsap.m.Input{\"text\":\"Name\"}"}]}
RESULT: {"script":"<script> [1562 bytes]","args":[{"selector":{"controlType":"sap.m.Input","viewName":"etm.portal.ui.managepartners.view.EditDetail","labelFor":{"text":"Name"},"interaction":{"idSuffix":"inner"}},"wdio_ui5_key":"etmportal.ui.managepartners.view.EditDetailsap.m.Input{\"text\":\"Name\"}"}]}
RESULT: undefined
COMMAND: POST /session/59746a33121488b03cb28927e3139cef/execute/async - {"script":"<script> [776 bytes]","args":[{"enterText":"Intercompany EDIT","selector":{"controlType":"sap.m.Input","viewName":"etm.portal.ui.managepartners.view.EditDetail","labelFor":{"text":"Name"},"interaction":{"idSuffix":"inner"}},"clearTextFirst":true,"interactionType":"ENTER_TEXT"}]}
RESULT: {"script":"<script> [776 bytes]","args":[{"enterText":"Intercompany EDIT","selector":{"controlType":"sap.m.Input","viewName":"etm.portal.ui.managepartners.view.EditDetail","labelFor":{"text":"Name"},"interaction":{"idSuffix":"inner"}},"clearTextFirst":true,"interactionType":"ENTER_TEXT"}]}
COMMAND: POST /session/59746a33121488b03cb28927e3139cef/element - {"using":"xpath","value":"(//span[contains(@id,\"addressDetailDetailsLanguage-arrow\")])[1]"}
RESULT: {"using":"xpath","value":"(//span[contains(@id,\"addressDetailDetailsLanguage-arrow\")])[1]"}
COMMAND: POST /session/59746a33121488b03cb28927e3139cef/element/f.683367EF064D6F54A1F942EA8E2F8118.d.E5F0794A434F24FD1BE2202C34F5C8A3.e.3552/click - {}
RESULT: {}
COMMAND: POST /session/59746a33121488b03cb28927e3139cef/element - {"using":"xpath","value":"//span[contains(text(), \"Chinese\")]"}
COMMAND: GET /session/59746a33121488b03cb28927e3139cef/screenshot - {}
RESULT: {"using":"xpath","value":"//span[contains(text(), \"Chinese\")]"}
COMMAND: POST /session/59746a33121488b03cb28927e3139cef/element/f.683367EF064D6F54A1F942EA8E2F8118.d.E5F0794A434F24FD1BE2202C34F5C8A3.e.3553/click - {}
RESULT: {}
RESULT: {}
COMMAND: GET /session/59746a33121488b03cb28927e3139cef/screenshot - {}
RESULT: {}
COMMAND: POST /session/59746a33121488b03cb28927e3139cef/execute/async - {"script":"<script> [1562 bytes]","args":[{"selector":{"controlType":"sap.m.Input","viewName":"etm.portal.ui.managepartners.view.EditDetail","labelFor":{"text":"City"},"interaction":{"idSuffix":"inner"}},"wdio_ui5_key":"etmportal.ui.managepartners.view.EditDetailsap.m.Input{\"text\":\"City\"}"}]}
RESULT: {"script":"<script> [1562 bytes]","args":[{"selector":{"controlType":"sap.m.Input","viewName":"etm.portal.ui.managepartners.view.EditDetail","labelFor":{"text":"City"},"interaction":{"idSuffix":"inner"}},"wdio_ui5_key":"etmportal.ui.managepartners.view.EditDetailsap.m.Input{\"text\":\"City\"}"}]}
RESULT: undefined
COMMAND: POST /session/59746a33121488b03cb28927e3139cef/execute/async - {"script":"<script> [776 bytes]","args":[{"enterText":"Clooj-Napoca","selector":{"controlType":"sap.m.Input","viewName":"etm.portal.ui.managepartners.view.EditDetail","labelFor":{"text":"City"},"interaction":{"idSuffix":"inner"}},"clearTextFirst":true,"interactionType":"ENTER_TEXT"}]}
RESULT: {"script":"<script> [776 bytes]","args":[{"enterText":"Clooj-Napoca","selector":{"controlType":"sap.m.Input","viewName":"etm.portal.ui.managepartners.view.EditDetail","labelFor":{"text":"City"},"interaction":{"idSuffix":"inner"}},"clearTextFirst":true,"interactionType":"ENTER_TEXT"}]}
COMMAND: POST /session/59746a33121488b03cb28927e3139cef/element - {"using":"xpath","value":"//button[@data-kt=\"saveButton\"]"}
RESULT: {"using":"xpath","value":"//button[@data-kt=\"saveButton\"]"}
COMMAND: POST /session/59746a33121488b03cb28927e3139cef/element/f.683367EF064D6F54A1F942EA8E2F8118.d.E5F0794A434F24FD1BE2202C34F5C8A3.e.3531/click - {}
RESULT: {}
COMMAND: GET /session/59746a33121488b03cb28927e3139cef/screenshot - {}
RESULT: {}
COMMAND: POST /session/59746a33121488b03cb28927e3139cef/execute/async - {"script":"<script> [1562 bytes]","args":[{"selector":{"id":"application-managepartners-display-component---detailPtm--addressDetailDetailsName1"},"wdio_ui5_key":"applicationmanagepartners-display-component---detailPtm--addressDetailDetailsName1"}]}
RESULT: {"script":"<script> [1562 bytes]","args":[{"selector":{"id":"application-managepartners-display-component---detailPtm--addressDetailDetailsName1"},"wdio_ui5_key":"applicationmanagepartners-display-component---detailPtm--addressDetailDetailsName1"}]}
RESULT: undefined
COMMAND: POST /session/59746a33121488b03cb28927e3139cef/execute/async - {"script":"<script> [6424 bytes]","args":[{"element-6066-11e4-a52e-4f735466cecf":"f.683367EF064D6F54A1F942EA8E2F8118.d.E5F0794A434F24FD1BE2202C34F5C8A3.e.3584"},"getValue",[]]}
RESULT: {"script":"<script> [6424 bytes]","args":[{"element-6066-11e4-a52e-4f735466cecf":"f.683367EF064D6F54A1F942EA8E2F8118.d.E5F0794A434F24FD1BE2202C34F5C8A3.e.3584"},"getValue",[]]}
COMMAND: POST /session/59746a33121488b03cb28927e3139cef/element - {"using":"xpath","value":"//input[@id = \"application-managepartners-display-component---detailPtm--addressDetailDetailsLanguage-inner\"]"}
RESULT: {"using":"xpath","value":"//input[@id = \"application-managepartners-display-component---detailPtm--addressDetailDetailsLanguage-inner\"]"}
COMMAND: GET /session/59746a33121488b03cb28927e3139cef/element/f.683367EF064D6F54A1F942EA8E2F8118.d.E5F0794A434F24FD1BE2202C34F5C8A3.e.3585/property/value - {}
RESULT: {}
COMMAND: POST /session/59746a33121488b03cb28927e3139cef/execute/async - {"script":"<script> [1562 bytes]","args":[{"selector":{"id":"application-managepartners-display-component---detailPtm--addressDetailDetailsCity1"},"wdio_ui5_key":"applicationmanagepartners-display-component---detailPtm--addressDetailDetailsCity1"}]}
COMMAND: GET /session/59746a33121488b03cb28927e3139cef/screenshot - {}
RESULT: {"script":"<script> [1562 bytes]","args":[{"selector":{"id":"application-managepartners-display-component---detailPtm--addressDetailDetailsCity1"},"wdio_ui5_key":"applicationmanagepartners-display-component---detailPtm--addressDetailDetailsCity1"}]}
RESULT: undefined
COMMAND: POST /session/59746a33121488b03cb28927e3139cef/execute/async - {"script":"<script> [6424 bytes]","args":[{"element-6066-11e4-a52e-4f735466cecf":"f.683367EF064D6F54A1F942EA8E2F8118.d.E5F0794A434F24FD1BE2202C34F5C8A3.e.3586"},"getValue",[]]}
RESULT: {}
RESULT: {"script":"<script> [6424 bytes]","args":[{"element-6066-11e4-a52e-4f735466cecf":"f.683367EF064D6F54A1F942EA8E2F8118.d.E5F0794A434F24FD1BE2202C34F5C8A3.e.3586"},"getValue",[]]}
COMMAND: POST /session/59746a33121488b03cb28927e3139cef/element - {"using":"css selector","value":"#shell-header-logo"}
RESULT: {"using":"css selector","value":"#shell-header-logo"}
COMMAND: POST /session/59746a33121488b03cb28927e3139cef/element/f.683367EF064D6F54A1F942EA8E2F8118.d.E5F0794A434F24FD1BE2202C34F5C8A3.e.3203/click - {}
RESULT: {}
COMMAND: GET /session/59746a33121488b03cb28927e3139cef/screenshot - {}
RESULT: {}
]]></system-out>
    </testcase>
    <testcase classname="chrome.136_0_7103_49.windows.Partner_specific_tests_US150819_US151080_US151654_US151176_US103444_US151078_US151079_US151109_US151174_US151175_US151189" name="Should create a new intracompany partner edit some of its fields US151079" time="249.573">
      <system-out><![CDATA[
COMMAND: POST /session/59746a33121488b03cb28927e3139cef/element - {"using":"xpath","value":"//li[.//span[text()=\"Manage Partners\"]]"}
RESULT: {"using":"xpath","value":"//li[.//span[text()=\"Manage Partners\"]]"}
COMMAND: POST /session/59746a33121488b03cb28927e3139cef/element - {"using":"xpath","value":"//li[.//span[text()=\"Manage Partners\"]]"}
RESULT: {"using":"xpath","value":"//li[.//span[text()=\"Manage Partners\"]]"}
COMMAND: POST /session/59746a33121488b03cb28927e3139cef/element - {"using":"css selector","value":"#shell-header-logo"}
RESULT: {"using":"css selector","value":"#shell-header-logo"}
COMMAND: POST /session/59746a33121488b03cb28927e3139cef/element/f.683367EF064D6F54A1F942EA8E2F8118.d.E5F0794A434F24FD1BE2202C34F5C8A3.e.3617/click - {}
COMMAND: POST /session/59746a33121488b03cb28927e3139cef/execute/sync - {"script":"<script> [8489 bytes]","args":[{"element-6066-11e4-a52e-4f735466cecf":"f.683367EF064D6F54A1F942EA8E2F8118.d.E5F0794A434F24FD1BE2202C34F5C8A3.e.3617","ELEMENT":"f.683367EF064D6F54A1F942EA8E2F8118.d.E5F0794A434F24FD1BE2202C34F5C8A3.e.3617"}]}
RESULT: {}
COMMAND: GET /session/59746a33121488b03cb28927e3139cef/screenshot - {}
RESULT: {"script":"<script> [8489 bytes]","args":[{"element-6066-11e4-a52e-4f735466cecf":"f.683367EF064D6F54A1F942EA8E2F8118.d.E5F0794A434F24FD1BE2202C34F5C8A3.e.3617","ELEMENT":"f.683367EF064D6F54A1F942EA8E2F8118.d.E5F0794A434F24FD1BE2202C34F5C8A3.e.3617"}]}
COMMAND: POST /session/59746a33121488b03cb28927e3139cef/execute/sync - {"script":"<script> [5351 bytes]","args":[{"element-6066-11e4-a52e-4f735466cecf":"f.683367EF064D6F54A1F942EA8E2F8118.d.E5F0794A434F24FD1BE2202C34F5C8A3.e.3617","ELEMENT":"f.683367EF064D6F54A1F942EA8E2F8118.d.E5F0794A434F24FD1BE2202C34F5C8A3.e.3617"}]}
COMMAND: GET /session/59746a33121488b03cb28927e3139cef/screenshot - {}
RESULT: {}
RESULT: {"script":"<script> [5351 bytes]","args":[{"element-6066-11e4-a52e-4f735466cecf":"f.683367EF064D6F54A1F942EA8E2F8118.d.E5F0794A434F24FD1BE2202C34F5C8A3.e.3617","ELEMENT":"f.683367EF064D6F54A1F942EA8E2F8118.d.E5F0794A434F24FD1BE2202C34F5C8A3.e.3617"}]}
COMMAND: GET /session/59746a33121488b03cb28927e3139cef/screenshot - {}
RESULT: {}
RESULT: {}
COMMAND: POST /session/59746a33121488b03cb28927e3139cef/refresh - {}
RESULT: {}
COMMAND: GET /session/59746a33121488b03cb28927e3139cef/screenshot - {}
RESULT: {}
RESULT: undefined
COMMAND: POST /session/59746a33121488b03cb28927e3139cef/refresh - {}
RESULT: {}
COMMAND: GET /session/59746a33121488b03cb28927e3139cef/screenshot - {}
RESULT: {}
COMMAND: POST /session/59746a33121488b03cb28927e3139cef/window/fullscreen - {}
RESULT: {}
COMMAND: POST /session/59746a33121488b03cb28927e3139cef/execute/async - {"script":"<script> [189 bytes]","args":[]}
RESULT: {"script":"<script> [189 bytes]","args":[]}
COMMAND: POST /session/59746a33121488b03cb28927e3139cef/execute/async - {"script":"<script> [123 bytes]","args":[]}
RESULT: {"script":"<script> [123 bytes]","args":[]}
COMMAND: POST /session/59746a33121488b03cb28927e3139cef/timeouts - {"script":"<number>"}
RESULT: {"script":"<number>"}
COMMAND: GET /session/59746a33121488b03cb28927e3139cef/timeouts - {}
RESULT: {}
RESULT: undefined
COMMAND: POST /session/59746a33121488b03cb28927e3139cef/execute/async - {"script":"<script> [2676 bytes]","args":[]}
RESULT: {"script":"<script> [2676 bytes]","args":[]}
COMMAND: POST /session/59746a33121488b03cb28927e3139cef/execute/async - {"script":"<script> [2342 bytes]","args":[{"protocol":"http","hostname":"0.0.0.0","path":"/","capabilities":{"browserName":"chrome","goog:chromeOptions":{"binary":"C:\\Program Files\\Google\\Chrome\\Application\\chrome.exe","args":["--start-maximized"]}},"logLevel":"warn","connectionRetryTimeout":120000,"connectionRetryCount":3,"logLevels":{},"enableDirectConnect":true,"strictSSL":true,"_":"65 more keys: [\"cacheDir\",\"port\",\"requestedCapabilities\",\"automationProtocol\",\"baseUrl\",\"waitforInterval\",\"waitforTimeout\",\"onReload\",\"beforeCommand\",\"afterCommand\",\"rootDir\",\"specs\",\"suites\",\"exclude\",\"groupLogsByTestSpec\",\"excludeDriverLogs\",\"bail\",\"framework\",\"reporters\",\"services\",\"maxInstances\",\"maxInstancesPerCapability\",\"injectGlobals\",\"filesToWatch\",\"execArgv\",\"runnerEnv\",\"runner\",\"shard\",\"specFileRetries\",\"specFileRetriesDelay\",\"specFileRetriesDeferred\",\"reporterSyncInterval\",\"reporterSyncTimeout\",\"cucumberFeaturesWithLineNumbers\",\"autoCompileOpts\",\"mochaOpts\",\"jasmineOpts\",\"cucumberOpts\",\"onPrepare\",\"onWorkerStart\",\"onWorkerEnd\",\"before\",\"beforeSession\",\"beforeSuite\",\"beforeHook\",\"beforeTest\",\"afterTest\",\"afterHook\",\"afterSuite\",\"afterSession\",\"after\",\"onComplete\",\"beforeAssertion\",\"afterAssertion\",\"beforeFeature\",\"beforeScenario\",\"beforeStep\",\"afterStep\",\"afterScenario\",\"afterFeature\",\"_\",\"suite\",\"$0\",\"ignoredWorkerServices\",\"wdi5\"]"}]}
RESULT: {"script":"<script> [2342 bytes]","args":[{"protocol":"http","hostname":"0.0.0.0","path":"/","capabilities":{"browserName":"chrome","goog:chromeOptions":{"binary":"C:\\Program Files\\Google\\Chrome\\Application\\chrome.exe","args":["--start-maximized"]}},"logLevel":"warn","connectionRetryTimeout":120000,"connectionRetryCount":3,"logLevels":{},"enableDirectConnect":true,"strictSSL":true,"_":"65 more keys: [\"cacheDir\",\"port\",\"requestedCapabilities\",\"automationProtocol\",\"baseUrl\",\"waitforInterval\",\"waitforTimeout\",\"onReload\",\"beforeCommand\",\"afterCommand\",\"rootDir\",\"specs\",\"suites\",\"exclude\",\"groupLogsByTestSpec\",\"excludeDriverLogs\",\"bail\",\"framework\",\"reporters\",\"services\",\"maxInstances\",\"maxInstancesPerCapability\",\"injectGlobals\",\"filesToWatch\",\"execArgv\",\"runnerEnv\",\"runner\",\"shard\",\"specFileRetries\",\"specFileRetriesDelay\",\"specFileRetriesDeferred\",\"reporterSyncInterval\",\"reporterSyncTimeout\",\"cucumberFeaturesWithLineNumbers\",\"autoCompileOpts\",\"mochaOpts\",\"jasmineOpts\",\"cucumberOpts\",\"onPrepare\",\"onWorkerStart\",\"onWorkerEnd\",\"before\",\"beforeSession\",\"beforeSuite\",\"beforeHook\",\"beforeTest\",\"afterTest\",\"afterHook\",\"afterSuite\",\"afterSession\",\"after\",\"onComplete\",\"beforeAssertion\",\"afterAssertion\",\"beforeFeature\",\"beforeScenario\",\"beforeStep\",\"afterStep\",\"afterScenario\",\"afterFeature\",\"_\",\"suite\",\"$0\",\"ignoredWorkerServices\",\"wdi5\"]"}]}
COMMAND: POST /session/59746a33121488b03cb28927e3139cef/execute/async - {"script":"<script> [21126 bytes]","args":[35000]}
RESULT: {"script":"<script> [21126 bytes]","args":[35000]}
COMMAND: POST /session/59746a33121488b03cb28927e3139cef/window/fullscreen - {}
RESULT: {}
COMMAND: POST /session/59746a33121488b03cb28927e3139cef/window/fullscreen - {}
RESULT: {}
COMMAND: POST /session/59746a33121488b03cb28927e3139cef/execute/async - {"script":"<script> [1562 bytes]","args":[{"selector":{"controlType":"sap.m.GenericTile","properties":{"header":"Manage Partners"}},"wdio_ui5_key":"sapm.GenericTile{\"header\":\"Manage Partners\"}"}]}
RESULT: {"script":"<script> [1562 bytes]","args":[{"selector":{"controlType":"sap.m.GenericTile","properties":{"header":"Manage Partners"}},"wdio_ui5_key":"sapm.GenericTile{\"header\":\"Manage Partners\"}"}]}
RESULT: undefined
COMMAND: POST /session/59746a33121488b03cb28927e3139cef/element - {"using":"xpath","value":"//*[@id=\"__tile30\"]"}
RESULT: {"using":"xpath","value":"//*[@id=\"__tile30\"]"}
COMMAND: POST /session/59746a33121488b03cb28927e3139cef/element/f.683367EF064D6F54A1F942EA8E2F8118.d.2ED8A614E438F770C21AD7CAB229BA81.e.3684/click - {}
RESULT: {}
COMMAND: POST /session/59746a33121488b03cb28927e3139cef/element - {"using":"xpath","value":"//button[@data-kt=\"addButton\"]"}
COMMAND: GET /session/59746a33121488b03cb28927e3139cef/screenshot - {}
RESULT: {"using":"xpath","value":"//button[@data-kt=\"addButton\"]"}
COMMAND: POST /session/59746a33121488b03cb28927e3139cef/elements - {"using":"xpath","value":"//button[@data-kt=\"addButton\"]"}
RESULT: {}
RESULT: {"using":"xpath","value":"//button[@data-kt=\"addButton\"]"}
COMMAND: POST /session/59746a33121488b03cb28927e3139cef/elements - {"using":"xpath","value":"//button[@data-kt=\"addButton\"]"}
RESULT: {"using":"xpath","value":"//button[@data-kt=\"addButton\"]"}
COMMAND: POST /session/59746a33121488b03cb28927e3139cef/elements - {"using":"xpath","value":"//button[@data-kt=\"addButton\"]"}
RESULT: {"using":"xpath","value":"//button[@data-kt=\"addButton\"]"}
COMMAND: POST /session/59746a33121488b03cb28927e3139cef/elements - {"using":"xpath","value":"//button[@data-kt=\"addButton\"]"}
RESULT: {"using":"xpath","value":"//button[@data-kt=\"addButton\"]"}
COMMAND: POST /session/59746a33121488b03cb28927e3139cef/elements - {"using":"xpath","value":"//button[@data-kt=\"addButton\"]"}
RESULT: {"using":"xpath","value":"//button[@data-kt=\"addButton\"]"}
COMMAND: POST /session/59746a33121488b03cb28927e3139cef/elements - {"using":"xpath","value":"//button[@data-kt=\"addButton\"]"}
RESULT: {"using":"xpath","value":"//button[@data-kt=\"addButton\"]"}
COMMAND: POST /session/59746a33121488b03cb28927e3139cef/elements - {"using":"xpath","value":"//button[@data-kt=\"addButton\"]"}
RESULT: {"using":"xpath","value":"//button[@data-kt=\"addButton\"]"}
COMMAND: POST /session/59746a33121488b03cb28927e3139cef/elements - {"using":"xpath","value":"//button[@data-kt=\"addButton\"]"}
RESULT: {"using":"xpath","value":"//button[@data-kt=\"addButton\"]"}
COMMAND: POST /session/59746a33121488b03cb28927e3139cef/elements - {"using":"xpath","value":"//button[@data-kt=\"addButton\"]"}
RESULT: {"using":"xpath","value":"//button[@data-kt=\"addButton\"]"}
COMMAND: POST /session/59746a33121488b03cb28927e3139cef/elements - {"using":"xpath","value":"//button[@data-kt=\"addButton\"]"}
RESULT: {"using":"xpath","value":"//button[@data-kt=\"addButton\"]"}
COMMAND: POST /session/59746a33121488b03cb28927e3139cef/elements - {"using":"xpath","value":"//button[@data-kt=\"addButton\"]"}
RESULT: {"using":"xpath","value":"//button[@data-kt=\"addButton\"]"}
COMMAND: POST /session/59746a33121488b03cb28927e3139cef/elements - {"using":"xpath","value":"//button[@data-kt=\"addButton\"]"}
RESULT: {"using":"xpath","value":"//button[@data-kt=\"addButton\"]"}
COMMAND: POST /session/59746a33121488b03cb28927e3139cef/elements - {"using":"xpath","value":"//button[@data-kt=\"addButton\"]"}
RESULT: {"using":"xpath","value":"//button[@data-kt=\"addButton\"]"}
COMMAND: POST /session/59746a33121488b03cb28927e3139cef/elements - {"using":"xpath","value":"//button[@data-kt=\"addButton\"]"}
RESULT: {"using":"xpath","value":"//button[@data-kt=\"addButton\"]"}
COMMAND: POST /session/59746a33121488b03cb28927e3139cef/elements - {"using":"xpath","value":"//button[@data-kt=\"addButton\"]"}
RESULT: {"using":"xpath","value":"//button[@data-kt=\"addButton\"]"}
COMMAND: POST /session/59746a33121488b03cb28927e3139cef/elements - {"using":"xpath","value":"//button[@data-kt=\"addButton\"]"}
RESULT: {"using":"xpath","value":"//button[@data-kt=\"addButton\"]"}
COMMAND: POST /session/59746a33121488b03cb28927e3139cef/elements - {"using":"xpath","value":"//button[@data-kt=\"addButton\"]"}
RESULT: {"using":"xpath","value":"//button[@data-kt=\"addButton\"]"}
COMMAND: POST /session/59746a33121488b03cb28927e3139cef/element - {"using":"xpath","value":"//button[@data-kt=\"addButton\"]"}
RESULT: {"using":"xpath","value":"//button[@data-kt=\"addButton\"]"}
COMMAND: POST /session/59746a33121488b03cb28927e3139cef/execute/sync - {"script":"<script> [8489 bytes]","args":[{"element-6066-11e4-a52e-4f735466cecf":"f.683367EF064D6F54A1F942EA8E2F8118.d.2ED8A614E438F770C21AD7CAB229BA81.e.3800","ELEMENT":"f.683367EF064D6F54A1F942EA8E2F8118.d.2ED8A614E438F770C21AD7CAB229BA81.e.3800"}]}
RESULT: {"script":"<script> [8489 bytes]","args":[{"element-6066-11e4-a52e-4f735466cecf":"f.683367EF064D6F54A1F942EA8E2F8118.d.2ED8A614E438F770C21AD7CAB229BA81.e.3800","ELEMENT":"f.683367EF064D6F54A1F942EA8E2F8118.d.2ED8A614E438F770C21AD7CAB229BA81.e.3800"}]}
COMMAND: GET /session/59746a33121488b03cb28927e3139cef/element/f.683367EF064D6F54A1F942EA8E2F8118.d.2ED8A614E438F770C21AD7CAB229BA81.e.3800/enabled - {}
COMMAND: GET /session/59746a33121488b03cb28927e3139cef/screenshot - {}
RESULT: {}
COMMAND: POST /session/59746a33121488b03cb28927e3139cef/execute/sync - {"script":"<script> [8489 bytes]","args":[{"element-6066-11e4-a52e-4f735466cecf":"f.683367EF064D6F54A1F942EA8E2F8118.d.2ED8A614E438F770C21AD7CAB229BA81.e.3800","ELEMENT":"f.683367EF064D6F54A1F942EA8E2F8118.d.2ED8A614E438F770C21AD7CAB229BA81.e.3800"}]}
COMMAND: GET /session/59746a33121488b03cb28927e3139cef/screenshot - {}
RESULT: {}
RESULT: {"script":"<script> [8489 bytes]","args":[{"element-6066-11e4-a52e-4f735466cecf":"f.683367EF064D6F54A1F942EA8E2F8118.d.2ED8A614E438F770C21AD7CAB229BA81.e.3800","ELEMENT":"f.683367EF064D6F54A1F942EA8E2F8118.d.2ED8A614E438F770C21AD7CAB229BA81.e.3800"}]}
COMMAND: POST /session/59746a33121488b03cb28927e3139cef/execute/sync - {"script":"<script> [5351 bytes]","args":[{"element-6066-11e4-a52e-4f735466cecf":"f.683367EF064D6F54A1F942EA8E2F8118.d.2ED8A614E438F770C21AD7CAB229BA81.e.3800","ELEMENT":"f.683367EF064D6F54A1F942EA8E2F8118.d.2ED8A614E438F770C21AD7CAB229BA81.e.3800"}]}
COMMAND: GET /session/59746a33121488b03cb28927e3139cef/screenshot - {}
RESULT: {}
RESULT: {"script":"<script> [5351 bytes]","args":[{"element-6066-11e4-a52e-4f735466cecf":"f.683367EF064D6F54A1F942EA8E2F8118.d.2ED8A614E438F770C21AD7CAB229BA81.e.3800","ELEMENT":"f.683367EF064D6F54A1F942EA8E2F8118.d.2ED8A614E438F770C21AD7CAB229BA81.e.3800"}]}
COMMAND: POST /session/59746a33121488b03cb28927e3139cef/element/f.683367EF064D6F54A1F942EA8E2F8118.d.2ED8A614E438F770C21AD7CAB229BA81.e.3800/click - {}
COMMAND: GET /session/59746a33121488b03cb28927e3139cef/screenshot - {}
RESULT: {}
RESULT: {}
COMMAND: GET /session/59746a33121488b03cb28927e3139cef/screenshot - {}
COMMAND: POST /session/59746a33121488b03cb28927e3139cef/execute/async - {"script":"<script> [1562 bytes]","args":[{"selector":{"id":"application-managepartners-display-component---NewPartner--addressDetailDetailsName1","interaction":{"idSuffix":"inner"}},"wdio_ui5_key":"applicationmanagepartners-display-component---NewPartner--addressDetailDetailsName1"}]}
RESULT: {}
RESULT: {}
RESULT: {"script":"<script> [1562 bytes]","args":[{"selector":{"id":"application-managepartners-display-component---NewPartner--addressDetailDetailsName1","interaction":{"idSuffix":"inner"}},"wdio_ui5_key":"applicationmanagepartners-display-component---NewPartner--addressDetailDetailsName1"}]}
RESULT: undefined
COMMAND: POST /session/59746a33121488b03cb28927e3139cef/execute/async - {"script":"<script> [776 bytes]","args":[{"enterText":"Intracompany Partner WDIO","selector":{"id":"application-managepartners-display-component---NewPartner--addressDetailDetailsName1","interaction":{"idSuffix":"inner"}},"clearTextFirst":true,"interactionType":"ENTER_TEXT"}]}
RESULT: {"script":"<script> [776 bytes]","args":[{"enterText":"Intracompany Partner WDIO","selector":{"id":"application-managepartners-display-component---NewPartner--addressDetailDetailsName1","interaction":{"idSuffix":"inner"}},"clearTextFirst":true,"interactionType":"ENTER_TEXT"}]}
COMMAND: POST /session/59746a33121488b03cb28927e3139cef/execute/async - {"script":"<script> [1562 bytes]","args":[{"selector":{"id":"application-managepartners-display-component---NewPartner--addressDetailDetailsLanguage-arrow"},"wdio_ui5_key":"applicationmanagepartners-display-component---NewPartner--addressDetailDetailsLanguage-arrow"}]}
RESULT: {"script":"<script> [1562 bytes]","args":[{"selector":{"id":"application-managepartners-display-component---NewPartner--addressDetailDetailsLanguage-arrow"},"wdio_ui5_key":"applicationmanagepartners-display-component---NewPartner--addressDetailDetailsLanguage-arrow"}]}
RESULT: undefined
COMMAND: POST /session/59746a33121488b03cb28927e3139cef/element - {"using":"xpath","value":"//*[@id=\"application-managepartners-display-component---NewPartner--addressDetailDetailsLanguage-arrow\"]"}
RESULT: {"using":"xpath","value":"//*[@id=\"application-managepartners-display-component---NewPartner--addressDetailDetailsLanguage-arrow\"]"}
COMMAND: POST /session/59746a33121488b03cb28927e3139cef/element/f.683367EF064D6F54A1F942EA8E2F8118.d.2ED8A614E438F770C21AD7CAB229BA81.e.4108/click - {}
RESULT: {}
COMMAND: POST /session/59746a33121488b03cb28927e3139cef/element - {"using":"xpath","value":"//span[contains(text(), \"English\")]"}
COMMAND: GET /session/59746a33121488b03cb28927e3139cef/screenshot - {}
RESULT: {"using":"xpath","value":"//span[contains(text(), \"English\")]"}
COMMAND: POST /session/59746a33121488b03cb28927e3139cef/element/f.683367EF064D6F54A1F942EA8E2F8118.d.2ED8A614E438F770C21AD7CAB229BA81.e.4109/click - {}
RESULT: {}
RESULT: {}
COMMAND: GET /session/59746a33121488b03cb28927e3139cef/screenshot - {}
RESULT: {}
COMMAND: POST /session/59746a33121488b03cb28927e3139cef/execute/async - {"script":"<script> [1562 bytes]","args":[{"selector":{"id":"application-managepartners-display-component---NewPartner--addressDetailDetailsCity1","interaction":{"idSuffix":"inner"}},"wdio_ui5_key":"applicationmanagepartners-display-component---NewPartner--addressDetailDetailsCity1"}]}
RESULT: {"script":"<script> [1562 bytes]","args":[{"selector":{"id":"application-managepartners-display-component---NewPartner--addressDetailDetailsCity1","interaction":{"idSuffix":"inner"}},"wdio_ui5_key":"applicationmanagepartners-display-component---NewPartner--addressDetailDetailsCity1"}]}
RESULT: undefined
COMMAND: POST /session/59746a33121488b03cb28927e3139cef/execute/async - {"script":"<script> [776 bytes]","args":[{"enterText":"Rosario","selector":{"id":"application-managepartners-display-component---NewPartner--addressDetailDetailsCity1","interaction":{"idSuffix":"inner"}},"clearTextFirst":true,"interactionType":"ENTER_TEXT"}]}
RESULT: {"script":"<script> [776 bytes]","args":[{"enterText":"Rosario","selector":{"id":"application-managepartners-display-component---NewPartner--addressDetailDetailsCity1","interaction":{"idSuffix":"inner"}},"clearTextFirst":true,"interactionType":"ENTER_TEXT"}]}
COMMAND: POST /session/59746a33121488b03cb28927e3139cef/execute/async - {"script":"<script> [1562 bytes]","args":[{"selector":{"id":"application-managepartners-display-component---NewPartner--addressDetailDetailsCountry-arrow"},"wdio_ui5_key":"applicationmanagepartners-display-component---NewPartner--addressDetailDetailsCountry-arrow"}]}
RESULT: {"script":"<script> [1562 bytes]","args":[{"selector":{"id":"application-managepartners-display-component---NewPartner--addressDetailDetailsCountry-arrow"},"wdio_ui5_key":"applicationmanagepartners-display-component---NewPartner--addressDetailDetailsCountry-arrow"}]}
RESULT: undefined
COMMAND: POST /session/59746a33121488b03cb28927e3139cef/element - {"using":"xpath","value":"//*[@id=\"application-managepartners-display-component---NewPartner--addressDetailDetailsCountry-arrow\"]"}
RESULT: {"using":"xpath","value":"//*[@id=\"application-managepartners-display-component---NewPartner--addressDetailDetailsCountry-arrow\"]"}
COMMAND: POST /session/59746a33121488b03cb28927e3139cef/element/f.683367EF064D6F54A1F942EA8E2F8118.d.2ED8A614E438F770C21AD7CAB229BA81.e.4088/click - {}
RESULT: {}
COMMAND: POST /session/59746a33121488b03cb28927e3139cef/element - {"using":"xpath","value":"//span[contains(text(), \"Argentina\")]"}
COMMAND: GET /session/59746a33121488b03cb28927e3139cef/screenshot - {}
RESULT: {"using":"xpath","value":"//span[contains(text(), \"Argentina\")]"}
COMMAND: POST /session/59746a33121488b03cb28927e3139cef/element/f.683367EF064D6F54A1F942EA8E2F8118.d.2ED8A614E438F770C21AD7CAB229BA81.e.4111/click - {}
RESULT: {}
RESULT: {}
COMMAND: GET /session/59746a33121488b03cb28927e3139cef/screenshot - {}
RESULT: {}
COMMAND: POST /session/59746a33121488b03cb28927e3139cef/element - {"using":"xpath","value":"//bdi[contains(text(), \"Commercial\")]"}
RESULT: {"using":"xpath","value":"//bdi[contains(text(), \"Commercial\")]"}
COMMAND: POST /session/59746a33121488b03cb28927e3139cef/element/f.683367EF064D6F54A1F942EA8E2F8118.d.2ED8A614E438F770C21AD7CAB229BA81.e.4112/click - {}
RESULT: {}
COMMAND: GET /session/59746a33121488b03cb28927e3139cef/screenshot - {}
RESULT: {}
COMMAND: POST /session/59746a33121488b03cb28927e3139cef/execute/async - {"script":"<script> [1562 bytes]","args":[{"selector":{"id":"application-managepartners-display-component---NewPartner--partnerDetailInternal-arrow"},"wdio_ui5_key":"applicationmanagepartners-display-component---NewPartner--partnerDetailInternal-arrow"}]}
RESULT: {"script":"<script> [1562 bytes]","args":[{"selector":{"id":"application-managepartners-display-component---NewPartner--partnerDetailInternal-arrow"},"wdio_ui5_key":"applicationmanagepartners-display-component---NewPartner--partnerDetailInternal-arrow"}]}
RESULT: undefined
COMMAND: POST /session/59746a33121488b03cb28927e3139cef/element - {"using":"xpath","value":"//*[@id=\"application-managepartners-display-component---NewPartner--partnerDetailInternal-arrow\"]"}
RESULT: {"using":"xpath","value":"//*[@id=\"application-managepartners-display-component---NewPartner--partnerDetailInternal-arrow\"]"}
COMMAND: POST /session/59746a33121488b03cb28927e3139cef/element/f.683367EF064D6F54A1F942EA8E2F8118.d.2ED8A614E438F770C21AD7CAB229BA81.e.4118/click - {}
RESULT: {}
COMMAND: POST /session/59746a33121488b03cb28927e3139cef/element - {"using":"xpath","value":"//span[contains(text(), \"Affiliated company\")]"}
COMMAND: GET /session/59746a33121488b03cb28927e3139cef/screenshot - {}
RESULT: {"using":"xpath","value":"//span[contains(text(), \"Affiliated company\")]"}
COMMAND: POST /session/59746a33121488b03cb28927e3139cef/element/f.683367EF064D6F54A1F942EA8E2F8118.d.2ED8A614E438F770C21AD7CAB229BA81.e.4119/click - {}
RESULT: {}
RESULT: {}
COMMAND: POST /session/59746a33121488b03cb28927e3139cef/execute/async - {"script":"<script> [1562 bytes]","args":[{"selector":{"id":"application-managepartners-display-component---NewPartner--partnerDetailsCurrency-arrow"},"wdio_ui5_key":"applicationmanagepartners-display-component---NewPartner--partnerDetailsCurrency-arrow"}]}
COMMAND: GET /session/59746a33121488b03cb28927e3139cef/screenshot - {}
RESULT: {"script":"<script> [1562 bytes]","args":[{"selector":{"id":"application-managepartners-display-component---NewPartner--partnerDetailsCurrency-arrow"},"wdio_ui5_key":"applicationmanagepartners-display-component---NewPartner--partnerDetailsCurrency-arrow"}]}
RESULT: undefined
COMMAND: POST /session/59746a33121488b03cb28927e3139cef/element - {"using":"xpath","value":"//*[@id=\"application-managepartners-display-component---NewPartner--partnerDetailsCurrency-arrow\"]"}
RESULT: {}
RESULT: {"using":"xpath","value":"//*[@id=\"application-managepartners-display-component---NewPartner--partnerDetailsCurrency-arrow\"]"}
COMMAND: POST /session/59746a33121488b03cb28927e3139cef/element/f.683367EF064D6F54A1F942EA8E2F8118.d.2ED8A614E438F770C21AD7CAB229BA81.e.4126/click - {}
RESULT: {}
COMMAND: POST /session/59746a33121488b03cb28927e3139cef/element - {"using":"xpath","value":"//span[contains(text(), \"Euro\")]"}
COMMAND: GET /session/59746a33121488b03cb28927e3139cef/screenshot - {}
RESULT: {"using":"xpath","value":"//span[contains(text(), \"Euro\")]"}
COMMAND: POST /session/59746a33121488b03cb28927e3139cef/element/f.683367EF064D6F54A1F942EA8E2F8118.d.2ED8A614E438F770C21AD7CAB229BA81.e.4127/click - {}
RESULT: {}
RESULT: {}
COMMAND: POST /session/59746a33121488b03cb28927e3139cef/execute/async - {"script":"<script> [1562 bytes]","args":[{"selector":{"id":"application-managepartners-display-component---NewPartner--addressEditDetailsCostObjectCstType-arrow"},"wdio_ui5_key":"applicationmanagepartners-display-component---NewPartner--addressEditDetailsCostObjectCstType-arrow"}]}
COMMAND: GET /session/59746a33121488b03cb28927e3139cef/screenshot - {}
RESULT: {"script":"<script> [1562 bytes]","args":[{"selector":{"id":"application-managepartners-display-component---NewPartner--addressEditDetailsCostObjectCstType-arrow"},"wdio_ui5_key":"applicationmanagepartners-display-component---NewPartner--addressEditDetailsCostObjectCstType-arrow"}]}
RESULT: undefined
COMMAND: POST /session/59746a33121488b03cb28927e3139cef/element - {"using":"xpath","value":"//*[@id=\"application-managepartners-display-component---NewPartner--addressEditDetailsCostObjectCstType-arrow\"]"}
RESULT: {}
RESULT: {"using":"xpath","value":"//*[@id=\"application-managepartners-display-component---NewPartner--addressEditDetailsCostObjectCstType-arrow\"]"}
COMMAND: POST /session/59746a33121488b03cb28927e3139cef/element/f.683367EF064D6F54A1F942EA8E2F8118.d.2ED8A614E438F770C21AD7CAB229BA81.e.4128/click - {}
RESULT: {}
COMMAND: POST /session/59746a33121488b03cb28927e3139cef/element - {"using":"xpath","value":"//span[contains(text(), \"Cost Center\")]"}
COMMAND: GET /session/59746a33121488b03cb28927e3139cef/screenshot - {}
RESULT: {"using":"xpath","value":"//span[contains(text(), \"Cost Center\")]"}
COMMAND: POST /session/59746a33121488b03cb28927e3139cef/element/f.683367EF064D6F54A1F942EA8E2F8118.d.2ED8A614E438F770C21AD7CAB229BA81.e.4129/click - {}
RESULT: {}
RESULT: {}
COMMAND: GET /session/59746a33121488b03cb28927e3139cef/screenshot - {}
RESULT: {}
COMMAND: POST /session/59746a33121488b03cb28927e3139cef/element - {"using":"xpath","value":"//span[@id=\"application-managepartners-display-component---NewPartner--addressNewCostObjectCstID-vhi\"]"}
RESULT: {"using":"xpath","value":"//span[@id=\"application-managepartners-display-component---NewPartner--addressNewCostObjectCstID-vhi\"]"}
COMMAND: POST /session/59746a33121488b03cb28927e3139cef/execute/sync - {"script":"<script> [8489 bytes]","args":[{"element-6066-11e4-a52e-4f735466cecf":"f.683367EF064D6F54A1F942EA8E2F8118.d.2ED8A614E438F770C21AD7CAB229BA81.e.4133","ELEMENT":"f.683367EF064D6F54A1F942EA8E2F8118.d.2ED8A614E438F770C21AD7CAB229BA81.e.4133"}]}
RESULT: {"script":"<script> [8489 bytes]","args":[{"element-6066-11e4-a52e-4f735466cecf":"f.683367EF064D6F54A1F942EA8E2F8118.d.2ED8A614E438F770C21AD7CAB229BA81.e.4133","ELEMENT":"f.683367EF064D6F54A1F942EA8E2F8118.d.2ED8A614E438F770C21AD7CAB229BA81.e.4133"}]}
COMMAND: POST /session/59746a33121488b03cb28927e3139cef/execute/async - {"script":"<script> [1562 bytes]","args":[{"selector":{"id":"application-managepartners-display-component---NewPartner--addressNewCostObjectCstID-vhi"},"wdio_ui5_key":"applicationmanagepartners-display-component---NewPartner--addressNewCostObjectCstID-vhi"}]}
COMMAND: GET /session/59746a33121488b03cb28927e3139cef/screenshot - {}
RESULT: {"script":"<script> [1562 bytes]","args":[{"selector":{"id":"application-managepartners-display-component---NewPartner--addressNewCostObjectCstID-vhi"},"wdio_ui5_key":"applicationmanagepartners-display-component---NewPartner--addressNewCostObjectCstID-vhi"}]}
RESULT: undefined
COMMAND: POST /session/59746a33121488b03cb28927e3139cef/element - {"using":"xpath","value":"//*[@id=\"application-managepartners-display-component---NewPartner--addressNewCostObjectCstID-vhi\"]"}
RESULT: {}
RESULT: {"using":"xpath","value":"//*[@id=\"application-managepartners-display-component---NewPartner--addressNewCostObjectCstID-vhi\"]"}
COMMAND: POST /session/59746a33121488b03cb28927e3139cef/element/f.683367EF064D6F54A1F942EA8E2F8118.d.2ED8A614E438F770C21AD7CAB229BA81.e.4133/click - {}
RESULT: {}
COMMAND: GET /session/59746a33121488b03cb28927e3139cef/screenshot - {}
RESULT: {}
COMMAND: POST /session/59746a33121488b03cb28927e3139cef/execute/async - {"script":"<script> [1562 bytes]","args":[{"selector":{"controlType":"sap.m.SearchField","properties":{"placeholder":"Search"},"searchOpenDialogs":true,"interaction":{"idSuffix":"I"}},"wdio_ui5_key":"sapm.SearchField{\"placeholder\":\"Search\"}"}]}
RESULT: {"script":"<script> [1562 bytes]","args":[{"selector":{"controlType":"sap.m.SearchField","properties":{"placeholder":"Search"},"searchOpenDialogs":true,"interaction":{"idSuffix":"I"}},"wdio_ui5_key":"sapm.SearchField{\"placeholder\":\"Search\"}"}]}
RESULT: undefined
COMMAND: POST /session/59746a33121488b03cb28927e3139cef/execute/async - {"script":"<script> [776 bytes]","args":[{"enterText":"10001013","selector":{"controlType":"sap.m.SearchField","properties":{"placeholder":"Search"},"searchOpenDialogs":true,"interaction":{"idSuffix":"I"}},"clearTextFirst":true,"interactionType":"ENTER_TEXT"}]}
RESULT: {"script":"<script> [776 bytes]","args":[{"enterText":"10001013","selector":{"controlType":"sap.m.SearchField","properties":{"placeholder":"Search"},"searchOpenDialogs":true,"interaction":{"idSuffix":"I"}},"clearTextFirst":true,"interactionType":"ENTER_TEXT"}]}
COMMAND: POST /session/59746a33121488b03cb28927e3139cef/actions - {"actions":[{"id":"action12","type":"key","parameters":{},"actions":[{"type":"keyDown","value":"î€‡"},{"type":"pause","duration":10},{"type":"keyUp","value":"î€‡"}]}]}
RESULT: {"actions":[{"id":"action12","type":"key","parameters":{},"actions":[{"type":"keyDown","value":"î€‡"},{"type":"pause","duration":10},{"type":"keyUp","value":"î€‡"}]}]}
COMMAND: GET /session/59746a33121488b03cb28927e3139cef/screenshot - {}
RESULT: {}
COMMAND: POST /session/59746a33121488b03cb28927e3139cef/element - {"using":"xpath","value":"//span[contains(text(), \"General Management\")]"}
RESULT: {"using":"xpath","value":"//span[contains(text(), \"General Management\")]"}
COMMAND: POST /session/59746a33121488b03cb28927e3139cef/element/f.683367EF064D6F54A1F942EA8E2F8118.d.2ED8A614E438F770C21AD7CAB229BA81.e.4174/click - {}
RESULT: {}
COMMAND: GET /session/59746a33121488b03cb28927e3139cef/screenshot - {}
RESULT: {}
COMMAND: POST /session/59746a33121488b03cb28927e3139cef/element - {"using":"xpath","value":"//bdi[contains(text(), \"OK\")]"}
RESULT: {"using":"xpath","value":"//bdi[contains(text(), \"OK\")]"}
COMMAND: POST /session/59746a33121488b03cb28927e3139cef/element/f.683367EF064D6F54A1F942EA8E2F8118.d.2ED8A614E438F770C21AD7CAB229BA81.e.4175/click - {}
RESULT: {}
COMMAND: GET /session/59746a33121488b03cb28927e3139cef/screenshot - {}
RESULT: {}
COMMAND: POST /session/59746a33121488b03cb28927e3139cef/element - {"using":"xpath","value":"//input[@id=\"application-managepartners-display-component---NewPartner--companyCodeComboBox-inner\"]"}
RESULT: {"using":"xpath","value":"//input[@id=\"application-managepartners-display-component---NewPartner--companyCodeComboBox-inner\"]"}
COMMAND: POST /session/59746a33121488b03cb28927e3139cef/element/f.683367EF064D6F54A1F942EA8E2F8118.d.2ED8A614E438F770C21AD7CAB229BA81.e.4006/clear - {}
RESULT: {}
COMMAND: POST /session/59746a33121488b03cb28927e3139cef/element/f.683367EF064D6F54A1F942EA8E2F8118.d.2ED8A614E438F770C21AD7CAB229BA81.e.4006/value - {"text":"1000"}
COMMAND: GET /session/59746a33121488b03cb28927e3139cef/screenshot - {}
RESULT: {"text":"1000"}
COMMAND: GET /session/59746a33121488b03cb28927e3139cef/screenshot - {}
RESULT: {}
RESULT: {}
COMMAND: POST /session/59746a33121488b03cb28927e3139cef/element - {"using":"xpath","value":"//li[.//span[text()= \"1000\"]]"}
RESULT: {"using":"xpath","value":"//li[.//span[text()= \"1000\"]]"}
COMMAND: POST /session/59746a33121488b03cb28927e3139cef/element/f.683367EF064D6F54A1F942EA8E2F8118.d.2ED8A614E438F770C21AD7CAB229BA81.e.4181/click - {}
RESULT: {}
COMMAND: GET /session/59746a33121488b03cb28927e3139cef/screenshot - {}
RESULT: {}
COMMAND: POST /session/59746a33121488b03cb28927e3139cef/execute/async - {"script":"<script> [1562 bytes]","args":[{"selector":{"id":"application-managepartners-display-component---NewPartner--btnAddTableRow-img"},"wdio_ui5_key":"applicationmanagepartners-display-component---NewPartner--btnAddTableRow-img"}]}
RESULT: {"script":"<script> [1562 bytes]","args":[{"selector":{"id":"application-managepartners-display-component---NewPartner--btnAddTableRow-img"},"wdio_ui5_key":"applicationmanagepartners-display-component---NewPartner--btnAddTableRow-img"}]}
RESULT: undefined
COMMAND: POST /session/59746a33121488b03cb28927e3139cef/element - {"using":"xpath","value":"//*[@id=\"application-managepartners-display-component---NewPartner--btnAddTableRow-img\"]"}
RESULT: {"using":"xpath","value":"//*[@id=\"application-managepartners-display-component---NewPartner--btnAddTableRow-img\"]"}
COMMAND: POST /session/59746a33121488b03cb28927e3139cef/element/f.683367EF064D6F54A1F942EA8E2F8118.d.2ED8A614E438F770C21AD7CAB229BA81.e.4182/click - {}
RESULT: {}
COMMAND: GET /session/59746a33121488b03cb28927e3139cef/screenshot - {}
RESULT: {}
COMMAND: POST /session/59746a33121488b03cb28927e3139cef/element - {"using":"xpath","value":"//input[@id=\"application-managepartners-display-component---NewPartner--assignmentYard-application-managepartners-display-component---NewPartner--assignmentsTable-0-inner\"]"}
RESULT: {"using":"xpath","value":"//input[@id=\"application-managepartners-display-component---NewPartner--assignmentYard-application-managepartners-display-component---NewPartner--assignmentsTable-0-inner\"]"}
COMMAND: POST /session/59746a33121488b03cb28927e3139cef/element/f.683367EF064D6F54A1F942EA8E2F8118.d.2ED8A614E438F770C21AD7CAB229BA81.e.4185/clear - {}
RESULT: {}
COMMAND: POST /session/59746a33121488b03cb28927e3139cef/element/f.683367EF064D6F54A1F942EA8E2F8118.d.2ED8A614E438F770C21AD7CAB229BA81.e.4185/value - {"text":"188"}
COMMAND: GET /session/59746a33121488b03cb28927e3139cef/screenshot - {}
RESULT: {"text":"188"}
COMMAND: GET /session/59746a33121488b03cb28927e3139cef/screenshot - {}
RESULT: {}
RESULT: {}
COMMAND: POST /session/59746a33121488b03cb28927e3139cef/element - {"using":"xpath","value":"//li[.//span[text()='188']]"}
RESULT: {"using":"xpath","value":"//li[.//span[text()='188']]"}
COMMAND: POST /session/59746a33121488b03cb28927e3139cef/element/f.683367EF064D6F54A1F942EA8E2F8118.d.2ED8A614E438F770C21AD7CAB229BA81.e.4194/click - {}
RESULT: {}
COMMAND: GET /session/59746a33121488b03cb28927e3139cef/screenshot - {}
RESULT: {}
COMMAND: POST /session/59746a33121488b03cb28927e3139cef/actions - {"actions":[{"id":"action13","type":"key","parameters":{},"actions":[{"type":"keyDown","value":"î€‡"},{"type":"pause","duration":10},{"type":"keyUp","value":"î€‡"}]}]}
RESULT: {"actions":[{"id":"action13","type":"key","parameters":{},"actions":[{"type":"keyDown","value":"î€‡"},{"type":"pause","duration":10},{"type":"keyUp","value":"î€‡"}]}]}
COMMAND: POST /session/59746a33121488b03cb28927e3139cef/execute/async - {"script":"<script> [1562 bytes]","args":[{"selector":{"id":"application-managepartners-display-component---NewPartner--externalCustomerComboBox-application-managepartners-display-component---NewPartner--assignmentsTable-0-vhi"},"wdio_ui5_key":"applicationmanagepartners-display-component---NewPartner--externalCustomerComboBox-application-managepartners-display-component---NewPartner--assignmentsTable-0-vhi"}]}
COMMAND: GET /session/59746a33121488b03cb28927e3139cef/screenshot - {}
RESULT: {"script":"<script> [1562 bytes]","args":[{"selector":{"id":"application-managepartners-display-component---NewPartner--externalCustomerComboBox-application-managepartners-display-component---NewPartner--assignmentsTable-0-vhi"},"wdio_ui5_key":"applicationmanagepartners-display-component---NewPartner--externalCustomerComboBox-application-managepartners-display-component---NewPartner--assignmentsTable-0-vhi"}]}
RESULT: undefined
COMMAND: POST /session/59746a33121488b03cb28927e3139cef/element - {"using":"xpath","value":"//*[@id=\"application-managepartners-display-component---NewPartner--externalCustomerComboBox-application-managepartners-display-component---NewPartner--assignmentsTable-0-vhi\"]"}
RESULT: {}
RESULT: {"using":"xpath","value":"//*[@id=\"application-managepartners-display-component---NewPartner--externalCustomerComboBox-application-managepartners-display-component---NewPartner--assignmentsTable-0-vhi\"]"}
COMMAND: POST /session/59746a33121488b03cb28927e3139cef/element/f.683367EF064D6F54A1F942EA8E2F8118.d.2ED8A614E438F770C21AD7CAB229BA81.e.4198/click - {}
RESULT: {}
RESULT: undefined
COMMAND: POST /session/59746a33121488b03cb28927e3139cef/execute/async - {"script":"<script> [776 bytes]","args":[{"enterText":"300003","selector":{"controlType":"sap.m.SearchField","properties":{"placeholder":"Search"},"searchOpenDialogs":true,"interaction":{"idSuffix":"I"}},"clearTextFirst":true,"interactionType":"ENTER_TEXT"}]}
COMMAND: GET /session/59746a33121488b03cb28927e3139cef/screenshot - {}
RESULT: {"script":"<script> [776 bytes]","args":[{"enterText":"300003","selector":{"controlType":"sap.m.SearchField","properties":{"placeholder":"Search"},"searchOpenDialogs":true,"interaction":{"idSuffix":"I"}},"clearTextFirst":true,"interactionType":"ENTER_TEXT"}]}
COMMAND: POST /session/59746a33121488b03cb28927e3139cef/actions - {"actions":[{"id":"action14","type":"key","parameters":{},"actions":[{"type":"keyDown","value":"î€‡"},{"type":"pause","duration":10},{"type":"keyUp","value":"î€‡"}]}]}
RESULT: {}
RESULT: {"actions":[{"id":"action14","type":"key","parameters":{},"actions":[{"type":"keyDown","value":"î€‡"},{"type":"pause","duration":10},{"type":"keyUp","value":"î€‡"}]}]}
COMMAND: GET /session/59746a33121488b03cb28927e3139cef/screenshot - {}
RESULT: {}
COMMAND: POST /session/59746a33121488b03cb28927e3139cef/element - {"using":"xpath","value":"//span[contains(text(), \"300003\")]"}
RESULT: {"using":"xpath","value":"//span[contains(text(), \"300003\")]"}
COMMAND: POST /session/59746a33121488b03cb28927e3139cef/element/f.683367EF064D6F54A1F942EA8E2F8118.d.2ED8A614E438F770C21AD7CAB229BA81.e.4216/click - {}
RESULT: {}
COMMAND: GET /session/59746a33121488b03cb28927e3139cef/screenshot - {}
RESULT: {}
COMMAND: POST /session/59746a33121488b03cb28927e3139cef/element - {"using":"xpath","value":"//bdi[contains(text(), \"OK\")]"}
RESULT: {"using":"xpath","value":"//bdi[contains(text(), \"OK\")]"}
COMMAND: POST /session/59746a33121488b03cb28927e3139cef/element/f.683367EF064D6F54A1F942EA8E2F8118.d.2ED8A614E438F770C21AD7CAB229BA81.e.4218/click - {}
RESULT: {}
COMMAND: GET /session/59746a33121488b03cb28927e3139cef/screenshot - {}
COMMAND: POST /session/59746a33121488b03cb28927e3139cef/execute/async - {"script":"<script> [1562 bytes]","args":[{"selector":{"id":"application-managepartners-display-component---NewPartner--intercompVendorComboBox-application-managepartners-display-component---NewPartner--assignmentsTable-0-vhi"},"wdio_ui5_key":"applicationmanagepartners-display-component---NewPartner--intercompVendorComboBox-application-managepartners-display-component---NewPartner--assignmentsTable-0-vhi"}]}
RESULT: {}
RESULT: {"script":"<script> [1562 bytes]","args":[{"selector":{"id":"application-managepartners-display-component---NewPartner--intercompVendorComboBox-application-managepartners-display-component---NewPartner--assignmentsTable-0-vhi"},"wdio_ui5_key":"applicationmanagepartners-display-component---NewPartner--intercompVendorComboBox-application-managepartners-display-component---NewPartner--assignmentsTable-0-vhi"}]}
RESULT: undefined
COMMAND: POST /session/59746a33121488b03cb28927e3139cef/element - {"using":"xpath","value":"//*[@id=\"application-managepartners-display-component---NewPartner--intercompVendorComboBox-application-managepartners-display-component---NewPartner--assignmentsTable-0-vhi\"]"}
RESULT: {"using":"xpath","value":"//*[@id=\"application-managepartners-display-component---NewPartner--intercompVendorComboBox-application-managepartners-display-component---NewPartner--assignmentsTable-0-vhi\"]"}
COMMAND: POST /session/59746a33121488b03cb28927e3139cef/element/f.683367EF064D6F54A1F942EA8E2F8118.d.2ED8A614E438F770C21AD7CAB229BA81.e.4222/click - {}
RESULT: {}
RESULT: undefined
COMMAND: POST /session/59746a33121488b03cb28927e3139cef/execute/async - {"script":"<script> [776 bytes]","args":[{"enterText":"100005","selector":{"controlType":"sap.m.SearchField","properties":{"placeholder":"Search"},"searchOpenDialogs":true,"interaction":{"idSuffix":"I"}},"clearTextFirst":true,"interactionType":"ENTER_TEXT"}]}
COMMAND: GET /session/59746a33121488b03cb28927e3139cef/screenshot - {}
RESULT: {"script":"<script> [776 bytes]","args":[{"enterText":"100005","selector":{"controlType":"sap.m.SearchField","properties":{"placeholder":"Search"},"searchOpenDialogs":true,"interaction":{"idSuffix":"I"}},"clearTextFirst":true,"interactionType":"ENTER_TEXT"}]}
COMMAND: POST /session/59746a33121488b03cb28927e3139cef/actions - {"actions":[{"id":"action15","type":"key","parameters":{},"actions":[{"type":"keyDown","value":"î€‡"},{"type":"pause","duration":10},{"type":"keyUp","value":"î€‡"}]}]}
RESULT: {}
RESULT: {"actions":[{"id":"action15","type":"key","parameters":{},"actions":[{"type":"keyDown","value":"î€‡"},{"type":"pause","duration":10},{"type":"keyUp","value":"î€‡"}]}]}
COMMAND: GET /session/59746a33121488b03cb28927e3139cef/screenshot - {}
RESULT: {}
COMMAND: POST /session/59746a33121488b03cb28927e3139cef/element - {"using":"xpath","value":"//span[contains(text(), \"Penguins - Field/12345 Berlin\")]"}
RESULT: {"using":"xpath","value":"//span[contains(text(), \"Penguins - Field/12345 Berlin\")]"}
COMMAND: POST /session/59746a33121488b03cb28927e3139cef/element/f.683367EF064D6F54A1F942EA8E2F8118.d.2ED8A614E438F770C21AD7CAB229BA81.e.4241/click - {}
RESULT: {}
COMMAND: GET /session/59746a33121488b03cb28927e3139cef/screenshot - {}
RESULT: {}
COMMAND: POST /session/59746a33121488b03cb28927e3139cef/element - {"using":"xpath","value":"//bdi[contains(text(), \"OK\")]"}
RESULT: {"using":"xpath","value":"//bdi[contains(text(), \"OK\")]"}
COMMAND: POST /session/59746a33121488b03cb28927e3139cef/element/f.683367EF064D6F54A1F942EA8E2F8118.d.2ED8A614E438F770C21AD7CAB229BA81.e.4242/click - {}
RESULT: {}
COMMAND: GET /session/59746a33121488b03cb28927e3139cef/screenshot - {}
RESULT: {}
COMMAND: POST /session/59746a33121488b03cb28927e3139cef/element - {"using":"xpath","value":"//button[@data-kt=\"saveButton\"]"}
RESULT: {"using":"xpath","value":"//button[@data-kt=\"saveButton\"]"}
COMMAND: POST /session/59746a33121488b03cb28927e3139cef/element/f.683367EF064D6F54A1F942EA8E2F8118.d.2ED8A614E438F770C21AD7CAB229BA81.e.4017/click - {}
RESULT: {}
COMMAND: GET /session/59746a33121488b03cb28927e3139cef/screenshot - {}
RESULT: {}
COMMAND: POST /session/59746a33121488b03cb28927e3139cef/element - {"using":"xpath","value":"//header[contains(@id, 'ObjectPageLayout-headerTitle')]/div[1]/div[2]/div[2]/span[1]"}
RESULT: {"using":"xpath","value":"//header[contains(@id, 'ObjectPageLayout-headerTitle')]/div[1]/div[2]/div[2]/span[1]"}
COMMAND: POST /session/59746a33121488b03cb28927e3139cef/elements - {"using":"xpath","value":"//header[contains(@id, 'ObjectPageLayout-headerTitle')]/div[1]/div[2]/div[2]/span[1]"}
RESULT: {"using":"xpath","value":"//header[contains(@id, 'ObjectPageLayout-headerTitle')]/div[1]/div[2]/div[2]/span[1]"}
COMMAND: POST /session/59746a33121488b03cb28927e3139cef/execute/sync - {"script":"<script> [56 bytes]","args":[{"element-6066-11e4-a52e-4f735466cecf":"f.683367EF064D6F54A1F942EA8E2F8118.d.2ED8A614E438F770C21AD7CAB229BA81.e.4348","ELEMENT":"f.683367EF064D6F54A1F942EA8E2F8118.d.2ED8A614E438F770C21AD7CAB229BA81.e.4348"}]}
RESULT: {"script":"<script> [56 bytes]","args":[{"element-6066-11e4-a52e-4f735466cecf":"f.683367EF064D6F54A1F942EA8E2F8118.d.2ED8A614E438F770C21AD7CAB229BA81.e.4348","ELEMENT":"f.683367EF064D6F54A1F942EA8E2F8118.d.2ED8A614E438F770C21AD7CAB229BA81.e.4348"}]}
COMMAND: POST /session/59746a33121488b03cb28927e3139cef/element - {"using":"css selector","value":"#shell-header-logo"}
COMMAND: GET /session/59746a33121488b03cb28927e3139cef/screenshot - {}
RESULT: {"using":"css selector","value":"#shell-header-logo"}
COMMAND: POST /session/59746a33121488b03cb28927e3139cef/element/f.683367EF064D6F54A1F942EA8E2F8118.d.2ED8A614E438F770C21AD7CAB229BA81.e.3765/click - {}
RESULT: {}
RESULT: {}
COMMAND: GET /session/59746a33121488b03cb28927e3139cef/screenshot - {}
RESULT: {}
COMMAND: POST /session/59746a33121488b03cb28927e3139cef/execute/sync - {"script":"<script> [299 bytes]","args":[["getModel","getResource"]]}
RESULT: {"script":"<script> [299 bytes]","args":[["getModel","getResource"]]}
RESULT: undefined
COMMAND: POST /session/59746a33121488b03cb28927e3139cef/element - {"using":"xpath","value":"//*[@id=\"__tile30\"]"}
COMMAND: GET /session/59746a33121488b03cb28927e3139cef/screenshot - {}
RESULT: {"using":"xpath","value":"//*[@id=\"__tile30\"]"}
COMMAND: POST /session/59746a33121488b03cb28927e3139cef/element/f.683367EF064D6F54A1F942EA8E2F8118.d.2ED8A614E438F770C21AD7CAB229BA81.e.3684/click - {}
RESULT: {}
RESULT: {}
COMMAND: POST /session/59746a33121488b03cb28927e3139cef/element - {"using":"xpath","value":"//button[@data-kt=\"addButton\"]"}
COMMAND: GET /session/59746a33121488b03cb28927e3139cef/screenshot - {}
RESULT: {"using":"xpath","value":"//button[@data-kt=\"addButton\"]"}
COMMAND: POST /session/59746a33121488b03cb28927e3139cef/elements - {"using":"xpath","value":"//button[@data-kt=\"addButton\"]"}
RESULT: {}
RESULT: {"using":"xpath","value":"//button[@data-kt=\"addButton\"]"}
COMMAND: POST /session/59746a33121488b03cb28927e3139cef/execute/sync - {"script":"<script> [8489 bytes]","args":[{"element-6066-11e4-a52e-4f735466cecf":"f.683367EF064D6F54A1F942EA8E2F8118.d.2ED8A614E438F770C21AD7CAB229BA81.e.4366","ELEMENT":"f.683367EF064D6F54A1F942EA8E2F8118.d.2ED8A614E438F770C21AD7CAB229BA81.e.4366"}]}
RESULT: {"script":"<script> [8489 bytes]","args":[{"element-6066-11e4-a52e-4f735466cecf":"f.683367EF064D6F54A1F942EA8E2F8118.d.2ED8A614E438F770C21AD7CAB229BA81.e.4366","ELEMENT":"f.683367EF064D6F54A1F942EA8E2F8118.d.2ED8A614E438F770C21AD7CAB229BA81.e.4366"}]}
COMMAND: GET /session/59746a33121488b03cb28927e3139cef/element/f.683367EF064D6F54A1F942EA8E2F8118.d.2ED8A614E438F770C21AD7CAB229BA81.e.4366/enabled - {}
COMMAND: GET /session/59746a33121488b03cb28927e3139cef/screenshot - {}
RESULT: {}
COMMAND: POST /session/59746a33121488b03cb28927e3139cef/execute/sync - {"script":"<script> [8489 bytes]","args":[{"element-6066-11e4-a52e-4f735466cecf":"f.683367EF064D6F54A1F942EA8E2F8118.d.2ED8A614E438F770C21AD7CAB229BA81.e.4366","ELEMENT":"f.683367EF064D6F54A1F942EA8E2F8118.d.2ED8A614E438F770C21AD7CAB229BA81.e.4366"}]}
COMMAND: GET /session/59746a33121488b03cb28927e3139cef/screenshot - {}
RESULT: {}
RESULT: {"script":"<script> [8489 bytes]","args":[{"element-6066-11e4-a52e-4f735466cecf":"f.683367EF064D6F54A1F942EA8E2F8118.d.2ED8A614E438F770C21AD7CAB229BA81.e.4366","ELEMENT":"f.683367EF064D6F54A1F942EA8E2F8118.d.2ED8A614E438F770C21AD7CAB229BA81.e.4366"}]}
COMMAND: POST /session/59746a33121488b03cb28927e3139cef/execute/sync - {"script":"<script> [5351 bytes]","args":[{"element-6066-11e4-a52e-4f735466cecf":"f.683367EF064D6F54A1F942EA8E2F8118.d.2ED8A614E438F770C21AD7CAB229BA81.e.4366","ELEMENT":"f.683367EF064D6F54A1F942EA8E2F8118.d.2ED8A614E438F770C21AD7CAB229BA81.e.4366"}]}
COMMAND: GET /session/59746a33121488b03cb28927e3139cef/screenshot - {}
RESULT: {}
RESULT: {"script":"<script> [5351 bytes]","args":[{"element-6066-11e4-a52e-4f735466cecf":"f.683367EF064D6F54A1F942EA8E2F8118.d.2ED8A614E438F770C21AD7CAB229BA81.e.4366","ELEMENT":"f.683367EF064D6F54A1F942EA8E2F8118.d.2ED8A614E438F770C21AD7CAB229BA81.e.4366"}]}
COMMAND: GET /session/59746a33121488b03cb28927e3139cef/screenshot - {}
RESULT: {}
RESULT: {}
COMMAND: POST /session/59746a33121488b03cb28927e3139cef/execute/async - {"script":"<script> [1562 bytes]","args":[{"selector":{"id":"application-managepartners-display-component---masterPtm--smartFilterBar-btnBasicSearch","interaction":{"idSuffix":"I"}},"wdio_ui5_key":"applicationmanagepartners-display-component---masterPtm--smartFilterBar-btnBasicSearch"}]}
RESULT: {"script":"<script> [1562 bytes]","args":[{"selector":{"id":"application-managepartners-display-component---masterPtm--smartFilterBar-btnBasicSearch","interaction":{"idSuffix":"I"}},"wdio_ui5_key":"applicationmanagepartners-display-component---masterPtm--smartFilterBar-btnBasicSearch"}]}
RESULT: undefined
COMMAND: POST /session/59746a33121488b03cb28927e3139cef/execute/async - {"script":"<script> [776 bytes]","args":[{"enterText":"1052","selector":{"id":"application-managepartners-display-component---masterPtm--smartFilterBar-btnBasicSearch","interaction":{"idSuffix":"I"}},"clearTextFirst":true,"interactionType":"ENTER_TEXT"}]}
RESULT: {"script":"<script> [776 bytes]","args":[{"enterText":"1052","selector":{"id":"application-managepartners-display-component---masterPtm--smartFilterBar-btnBasicSearch","interaction":{"idSuffix":"I"}},"clearTextFirst":true,"interactionType":"ENTER_TEXT"}]}
COMMAND: POST /session/59746a33121488b03cb28927e3139cef/actions - {"actions":[{"id":"action16","type":"key","parameters":{},"actions":[{"type":"keyDown","value":"î€‡"},{"type":"pause","duration":10},{"type":"keyUp","value":"î€‡"}]}]}
RESULT: {"actions":[{"id":"action16","type":"key","parameters":{},"actions":[{"type":"keyDown","value":"î€‡"},{"type":"pause","duration":10},{"type":"keyUp","value":"î€‡"}]}]}
COMMAND: GET /session/59746a33121488b03cb28927e3139cef/screenshot - {}
RESULT: {}
COMMAND: POST /session/59746a33121488b03cb28927e3139cef/elements - {"using":"xpath","value":"//table[contains(@id, \"customPartnersTable-listUl\")]/tbody/tr"}
RESULT: {"using":"xpath","value":"//table[contains(@id, \"customPartnersTable-listUl\")]/tbody/tr"}
COMMAND: POST /session/59746a33121488b03cb28927e3139cef/element - {"using":"xpath","value":"//table[contains(@id, \"customPartnersTable-listUl\")]/tbody/tr[1]/td[3]/span"}
RESULT: {"using":"xpath","value":"//table[contains(@id, \"customPartnersTable-listUl\")]/tbody/tr[1]/td[3]/span"}
COMMAND: POST /session/59746a33121488b03cb28927e3139cef/elements - {"using":"xpath","value":"//table[contains(@id, \"customPartnersTable-listUl\")]/tbody/tr[1]/td[3]/span"}
RESULT: {"using":"xpath","value":"//table[contains(@id, \"customPartnersTable-listUl\")]/tbody/tr[1]/td[3]/span"}
COMMAND: POST /session/59746a33121488b03cb28927e3139cef/execute/sync - {"script":"<script> [56 bytes]","args":[{"element-6066-11e4-a52e-4f735466cecf":"f.683367EF064D6F54A1F942EA8E2F8118.d.2ED8A614E438F770C21AD7CAB229BA81.e.4477","ELEMENT":"f.683367EF064D6F54A1F942EA8E2F8118.d.2ED8A614E438F770C21AD7CAB229BA81.e.4477"}]}
RESULT: {"script":"<script> [56 bytes]","args":[{"element-6066-11e4-a52e-4f735466cecf":"f.683367EF064D6F54A1F942EA8E2F8118.d.2ED8A614E438F770C21AD7CAB229BA81.e.4477","ELEMENT":"f.683367EF064D6F54A1F942EA8E2F8118.d.2ED8A614E438F770C21AD7CAB229BA81.e.4477"}]}
COMMAND: POST /session/59746a33121488b03cb28927e3139cef/element - {"using":"xpath","value":"(//span[contains(@id, \"imgNav\")])[1]"}
COMMAND: GET /session/59746a33121488b03cb28927e3139cef/screenshot - {}
RESULT: {"using":"xpath","value":"(//span[contains(@id, \"imgNav\")])[1]"}
COMMAND: POST /session/59746a33121488b03cb28927e3139cef/element/f.683367EF064D6F54A1F942EA8E2F8118.d.2ED8A614E438F770C21AD7CAB229BA81.e.4476/click - {}
RESULT: {}
RESULT: {}
COMMAND: GET /session/59746a33121488b03cb28927e3139cef/screenshot - {}
RESULT: {}
COMMAND: POST /session/59746a33121488b03cb28927e3139cef/element - {"using":"xpath","value":"//bdi[contains(text(), \"Edit\")]"}
RESULT: {"using":"xpath","value":"//bdi[contains(text(), \"Edit\")]"}
COMMAND: POST /session/59746a33121488b03cb28927e3139cef/element/f.683367EF064D6F54A1F942EA8E2F8118.d.2ED8A614E438F770C21AD7CAB229BA81.e.4617/click - {}
RESULT: {}
COMMAND: GET /session/59746a33121488b03cb28927e3139cef/screenshot - {}
RESULT: {}
COMMAND: POST /session/59746a33121488b03cb28927e3139cef/execute/async - {"script":"<script> [1562 bytes]","args":[{"selector":{"controlType":"sap.m.Input","viewName":"etm.portal.ui.managepartners.view.EditDetail","labelFor":{"text":"Name"},"interaction":{"idSuffix":"inner"}},"wdio_ui5_key":"etmportal.ui.managepartners.view.EditDetailsap.m.Input{\"text\":\"Name\"}"}]}
RESULT: {"script":"<script> [1562 bytes]","args":[{"selector":{"controlType":"sap.m.Input","viewName":"etm.portal.ui.managepartners.view.EditDetail","labelFor":{"text":"Name"},"interaction":{"idSuffix":"inner"}},"wdio_ui5_key":"etmportal.ui.managepartners.view.EditDetailsap.m.Input{\"text\":\"Name\"}"}]}
RESULT: undefined
COMMAND: POST /session/59746a33121488b03cb28927e3139cef/execute/async - {"script":"<script> [776 bytes]","args":[{"enterText":"Intracompany EDIT","selector":{"controlType":"sap.m.Input","viewName":"etm.portal.ui.managepartners.view.EditDetail","labelFor":{"text":"Name"},"interaction":{"idSuffix":"inner"}},"clearTextFirst":true,"interactionType":"ENTER_TEXT"}]}
RESULT: {"script":"<script> [776 bytes]","args":[{"enterText":"Intracompany EDIT","selector":{"controlType":"sap.m.Input","viewName":"etm.portal.ui.managepartners.view.EditDetail","labelFor":{"text":"Name"},"interaction":{"idSuffix":"inner"}},"clearTextFirst":true,"interactionType":"ENTER_TEXT"}]}
COMMAND: POST /session/59746a33121488b03cb28927e3139cef/element - {"using":"xpath","value":"(//span[contains(@id,\"addressDetailDetailsLanguage-arrow\")])[1]"}
RESULT: {"using":"xpath","value":"(//span[contains(@id,\"addressDetailDetailsLanguage-arrow\")])[1]"}
COMMAND: POST /session/59746a33121488b03cb28927e3139cef/element/f.683367EF064D6F54A1F942EA8E2F8118.d.2ED8A614E438F770C21AD7CAB229BA81.e.4699/click - {}
RESULT: {}
COMMAND: POST /session/59746a33121488b03cb28927e3139cef/element - {"using":"xpath","value":"//span[contains(text(), \"Chinese\")]"}
COMMAND: GET /session/59746a33121488b03cb28927e3139cef/screenshot - {}
RESULT: {"using":"xpath","value":"//span[contains(text(), \"Chinese\")]"}
COMMAND: POST /session/59746a33121488b03cb28927e3139cef/element/f.683367EF064D6F54A1F942EA8E2F8118.d.2ED8A614E438F770C21AD7CAB229BA81.e.4700/click - {}
RESULT: {}
RESULT: {}
COMMAND: GET /session/59746a33121488b03cb28927e3139cef/screenshot - {}
RESULT: {}
COMMAND: POST /session/59746a33121488b03cb28927e3139cef/execute/async - {"script":"<script> [1562 bytes]","args":[{"selector":{"controlType":"sap.m.Input","viewName":"etm.portal.ui.managepartners.view.EditDetail","labelFor":{"text":"City"},"interaction":{"idSuffix":"inner"}},"wdio_ui5_key":"etmportal.ui.managepartners.view.EditDetailsap.m.Input{\"text\":\"City\"}"}]}
RESULT: {"script":"<script> [1562 bytes]","args":[{"selector":{"controlType":"sap.m.Input","viewName":"etm.portal.ui.managepartners.view.EditDetail","labelFor":{"text":"City"},"interaction":{"idSuffix":"inner"}},"wdio_ui5_key":"etmportal.ui.managepartners.view.EditDetailsap.m.Input{\"text\":\"City\"}"}]}
RESULT: undefined
COMMAND: POST /session/59746a33121488b03cb28927e3139cef/execute/async - {"script":"<script> [776 bytes]","args":[{"enterText":"Clooj-Napoca","selector":{"controlType":"sap.m.Input","viewName":"etm.portal.ui.managepartners.view.EditDetail","labelFor":{"text":"City"},"interaction":{"idSuffix":"inner"}},"clearTextFirst":true,"interactionType":"ENTER_TEXT"}]}
RESULT: {"script":"<script> [776 bytes]","args":[{"enterText":"Clooj-Napoca","selector":{"controlType":"sap.m.Input","viewName":"etm.portal.ui.managepartners.view.EditDetail","labelFor":{"text":"City"},"interaction":{"idSuffix":"inner"}},"clearTextFirst":true,"interactionType":"ENTER_TEXT"}]}
COMMAND: POST /session/59746a33121488b03cb28927e3139cef/element - {"using":"xpath","value":"//button[@data-kt=\"saveButton\"]"}
RESULT: {"using":"xpath","value":"//button[@data-kt=\"saveButton\"]"}
COMMAND: POST /session/59746a33121488b03cb28927e3139cef/element/f.683367EF064D6F54A1F942EA8E2F8118.d.2ED8A614E438F770C21AD7CAB229BA81.e.4678/click - {}
RESULT: {}
COMMAND: GET /session/59746a33121488b03cb28927e3139cef/screenshot - {}
RESULT: {}
COMMAND: POST /session/59746a33121488b03cb28927e3139cef/execute/async - {"script":"<script> [1562 bytes]","args":[{"selector":{"id":"application-managepartners-display-component---detailPtm--addressDetailDetailsName1"},"wdio_ui5_key":"applicationmanagepartners-display-component---detailPtm--addressDetailDetailsName1"}]}
RESULT: {"script":"<script> [1562 bytes]","args":[{"selector":{"id":"application-managepartners-display-component---detailPtm--addressDetailDetailsName1"},"wdio_ui5_key":"applicationmanagepartners-display-component---detailPtm--addressDetailDetailsName1"}]}
RESULT: undefined
COMMAND: POST /session/59746a33121488b03cb28927e3139cef/execute/async - {"script":"<script> [6424 bytes]","args":[{"element-6066-11e4-a52e-4f735466cecf":"f.683367EF064D6F54A1F942EA8E2F8118.d.2ED8A614E438F770C21AD7CAB229BA81.e.4731"},"getValue",[]]}
RESULT: {"script":"<script> [6424 bytes]","args":[{"element-6066-11e4-a52e-4f735466cecf":"f.683367EF064D6F54A1F942EA8E2F8118.d.2ED8A614E438F770C21AD7CAB229BA81.e.4731"},"getValue",[]]}
COMMAND: POST /session/59746a33121488b03cb28927e3139cef/element - {"using":"xpath","value":"//input[@id = \"application-managepartners-display-component---detailPtm--addressDetailDetailsLanguage-inner\"]"}
RESULT: {"using":"xpath","value":"//input[@id = \"application-managepartners-display-component---detailPtm--addressDetailDetailsLanguage-inner\"]"}
COMMAND: GET /session/59746a33121488b03cb28927e3139cef/element/f.683367EF064D6F54A1F942EA8E2F8118.d.2ED8A614E438F770C21AD7CAB229BA81.e.4732/property/value - {}
RESULT: {}
COMMAND: POST /session/59746a33121488b03cb28927e3139cef/execute/async - {"script":"<script> [1562 bytes]","args":[{"selector":{"id":"application-managepartners-display-component---detailPtm--addressDetailDetailsCity1"},"wdio_ui5_key":"applicationmanagepartners-display-component---detailPtm--addressDetailDetailsCity1"}]}
COMMAND: GET /session/59746a33121488b03cb28927e3139cef/screenshot - {}
RESULT: {}
RESULT: {"script":"<script> [1562 bytes]","args":[{"selector":{"id":"application-managepartners-display-component---detailPtm--addressDetailDetailsCity1"},"wdio_ui5_key":"applicationmanagepartners-display-component---detailPtm--addressDetailDetailsCity1"}]}
RESULT: undefined
COMMAND: POST /session/59746a33121488b03cb28927e3139cef/execute/async - {"script":"<script> [6424 bytes]","args":[{"element-6066-11e4-a52e-4f735466cecf":"f.683367EF064D6F54A1F942EA8E2F8118.d.2ED8A614E438F770C21AD7CAB229BA81.e.4733"},"getValue",[]]}
RESULT: {"script":"<script> [6424 bytes]","args":[{"element-6066-11e4-a52e-4f735466cecf":"f.683367EF064D6F54A1F942EA8E2F8118.d.2ED8A614E438F770C21AD7CAB229BA81.e.4733"},"getValue",[]]}
COMMAND: POST /session/59746a33121488b03cb28927e3139cef/element - {"using":"css selector","value":"#shell-header-logo"}
RESULT: {"using":"css selector","value":"#shell-header-logo"}
COMMAND: POST /session/59746a33121488b03cb28927e3139cef/element/f.683367EF064D6F54A1F942EA8E2F8118.d.2ED8A614E438F770C21AD7CAB229BA81.e.4351/click - {}
RESULT: {}
COMMAND: GET /session/59746a33121488b03cb28927e3139cef/screenshot - {}
RESULT: {}
]]></system-out>
    </testcase>
    <testcase classname="chrome.136_0_7103_49.windows.Partner_specific_tests_US150819_US151080_US151654_US151176_US103444_US151078_US151079_US151109_US151174_US151175_US151189" name="Should do filtering and navigation tests US151109" time="161.495">
      <skipped />
      <system-out><![CDATA[
COMMAND: POST /session/59746a33121488b03cb28927e3139cef/element - {"using":"xpath","value":"//li[.//span[text()=\"Manage Partners\"]]"}
RESULT: {"using":"xpath","value":"//li[.//span[text()=\"Manage Partners\"]]"}
COMMAND: POST /session/59746a33121488b03cb28927e3139cef/element - {"using":"xpath","value":"//li[.//span[text()=\"Manage Partners\"]]"}
RESULT: {"using":"xpath","value":"//li[.//span[text()=\"Manage Partners\"]]"}
COMMAND: POST /session/59746a33121488b03cb28927e3139cef/element - {"using":"css selector","value":"#shell-header-logo"}
RESULT: {"using":"css selector","value":"#shell-header-logo"}
COMMAND: POST /session/59746a33121488b03cb28927e3139cef/element/f.683367EF064D6F54A1F942EA8E2F8118.d.2ED8A614E438F770C21AD7CAB229BA81.e.4764/click - {}
COMMAND: POST /session/59746a33121488b03cb28927e3139cef/execute/sync - {"script":"<script> [8489 bytes]","args":[{"element-6066-11e4-a52e-4f735466cecf":"f.683367EF064D6F54A1F942EA8E2F8118.d.2ED8A614E438F770C21AD7CAB229BA81.e.4764","ELEMENT":"f.683367EF064D6F54A1F942EA8E2F8118.d.2ED8A614E438F770C21AD7CAB229BA81.e.4764"}]}
RESULT: {"script":"<script> [8489 bytes]","args":[{"element-6066-11e4-a52e-4f735466cecf":"f.683367EF064D6F54A1F942EA8E2F8118.d.2ED8A614E438F770C21AD7CAB229BA81.e.4764","ELEMENT":"f.683367EF064D6F54A1F942EA8E2F8118.d.2ED8A614E438F770C21AD7CAB229BA81.e.4764"}]}
COMMAND: POST /session/59746a33121488b03cb28927e3139cef/execute/sync - {"script":"<script> [5351 bytes]","args":[{"element-6066-11e4-a52e-4f735466cecf":"f.683367EF064D6F54A1F942EA8E2F8118.d.2ED8A614E438F770C21AD7CAB229BA81.e.4764","ELEMENT":"f.683367EF064D6F54A1F942EA8E2F8118.d.2ED8A614E438F770C21AD7CAB229BA81.e.4764"}]}
COMMAND: GET /session/59746a33121488b03cb28927e3139cef/screenshot - {}
RESULT: {}
COMMAND: GET /session/59746a33121488b03cb28927e3139cef/screenshot - {}
RESULT: {"script":"<script> [5351 bytes]","args":[{"element-6066-11e4-a52e-4f735466cecf":"f.683367EF064D6F54A1F942EA8E2F8118.d.2ED8A614E438F770C21AD7CAB229BA81.e.4764","ELEMENT":"f.683367EF064D6F54A1F942EA8E2F8118.d.2ED8A614E438F770C21AD7CAB229BA81.e.4764"}]}
COMMAND: GET /session/59746a33121488b03cb28927e3139cef/screenshot - {}
RESULT: {}
RESULT: {}
RESULT: {}
RESULT: undefined
COMMAND: POST /session/59746a33121488b03cb28927e3139cef/element - {"using":"xpath","value":"//*[@id=\"__tile30\"]"}
RESULT: {"using":"xpath","value":"//*[@id=\"__tile30\"]"}
COMMAND: POST /session/59746a33121488b03cb28927e3139cef/element/f.683367EF064D6F54A1F942EA8E2F8118.d.2ED8A614E438F770C21AD7CAB229BA81.e.3684/click - {}
RESULT: {}
COMMAND: POST /session/59746a33121488b03cb28927e3139cef/element - {"using":"xpath","value":"//button[@data-kt=\"addButton\"]"}
COMMAND: GET /session/59746a33121488b03cb28927e3139cef/screenshot - {}
RESULT: {"using":"xpath","value":"//button[@data-kt=\"addButton\"]"}
COMMAND: POST /session/59746a33121488b03cb28927e3139cef/elements - {"using":"xpath","value":"//button[@data-kt=\"addButton\"]"}
RESULT: {}
RESULT: {"using":"xpath","value":"//button[@data-kt=\"addButton\"]"}
COMMAND: POST /session/59746a33121488b03cb28927e3139cef/elements - {"using":"xpath","value":"//button[@data-kt=\"addButton\"]"}
RESULT: {"using":"xpath","value":"//button[@data-kt=\"addButton\"]"}
COMMAND: POST /session/59746a33121488b03cb28927e3139cef/element - {"using":"xpath","value":"//button[@data-kt=\"addButton\"]"}
RESULT: {"using":"xpath","value":"//button[@data-kt=\"addButton\"]"}
COMMAND: POST /session/59746a33121488b03cb28927e3139cef/execute/sync - {"script":"<script> [8489 bytes]","args":[{"element-6066-11e4-a52e-4f735466cecf":"f.683367EF064D6F54A1F942EA8E2F8118.d.2ED8A614E438F770C21AD7CAB229BA81.e.4810","ELEMENT":"f.683367EF064D6F54A1F942EA8E2F8118.d.2ED8A614E438F770C21AD7CAB229BA81.e.4810"}]}
RESULT: {"script":"<script> [8489 bytes]","args":[{"element-6066-11e4-a52e-4f735466cecf":"f.683367EF064D6F54A1F942EA8E2F8118.d.2ED8A614E438F770C21AD7CAB229BA81.e.4810","ELEMENT":"f.683367EF064D6F54A1F942EA8E2F8118.d.2ED8A614E438F770C21AD7CAB229BA81.e.4810"}]}
COMMAND: GET /session/59746a33121488b03cb28927e3139cef/element/f.683367EF064D6F54A1F942EA8E2F8118.d.2ED8A614E438F770C21AD7CAB229BA81.e.4810/enabled - {}
COMMAND: GET /session/59746a33121488b03cb28927e3139cef/screenshot - {}
RESULT: {}
COMMAND: POST /session/59746a33121488b03cb28927e3139cef/execute/sync - {"script":"<script> [8489 bytes]","args":[{"element-6066-11e4-a52e-4f735466cecf":"f.683367EF064D6F54A1F942EA8E2F8118.d.2ED8A614E438F770C21AD7CAB229BA81.e.4810","ELEMENT":"f.683367EF064D6F54A1F942EA8E2F8118.d.2ED8A614E438F770C21AD7CAB229BA81.e.4810"}]}
COMMAND: GET /session/59746a33121488b03cb28927e3139cef/screenshot - {}
RESULT: {}
RESULT: {"script":"<script> [8489 bytes]","args":[{"element-6066-11e4-a52e-4f735466cecf":"f.683367EF064D6F54A1F942EA8E2F8118.d.2ED8A614E438F770C21AD7CAB229BA81.e.4810","ELEMENT":"f.683367EF064D6F54A1F942EA8E2F8118.d.2ED8A614E438F770C21AD7CAB229BA81.e.4810"}]}
COMMAND: POST /session/59746a33121488b03cb28927e3139cef/execute/sync - {"script":"<script> [5351 bytes]","args":[{"element-6066-11e4-a52e-4f735466cecf":"f.683367EF064D6F54A1F942EA8E2F8118.d.2ED8A614E438F770C21AD7CAB229BA81.e.4810","ELEMENT":"f.683367EF064D6F54A1F942EA8E2F8118.d.2ED8A614E438F770C21AD7CAB229BA81.e.4810"}]}
COMMAND: GET /session/59746a33121488b03cb28927e3139cef/screenshot - {}
RESULT: {}
RESULT: {"script":"<script> [5351 bytes]","args":[{"element-6066-11e4-a52e-4f735466cecf":"f.683367EF064D6F54A1F942EA8E2F8118.d.2ED8A614E438F770C21AD7CAB229BA81.e.4810","ELEMENT":"f.683367EF064D6F54A1F942EA8E2F8118.d.2ED8A614E438F770C21AD7CAB229BA81.e.4810"}]}
COMMAND: GET /session/59746a33121488b03cb28927e3139cef/screenshot - {}
RESULT: {}
RESULT: {}
COMMAND: POST /session/59746a33121488b03cb28927e3139cef/element - {"using":"xpath","value":"//span[@id=\"application-managepartners-display-component---masterPtm--smartTable-header-inner\"]"}
RESULT: {"using":"xpath","value":"//span[@id=\"application-managepartners-display-component---masterPtm--smartTable-header-inner\"]"}
COMMAND: POST /session/59746a33121488b03cb28927e3139cef/elements - {"using":"xpath","value":"//span[@id=\"application-managepartners-display-component---masterPtm--smartTable-header-inner\"]"}
RESULT: {"using":"xpath","value":"//span[@id=\"application-managepartners-display-component---masterPtm--smartTable-header-inner\"]"}
COMMAND: POST /session/59746a33121488b03cb28927e3139cef/execute/sync - {"script":"<script> [56 bytes]","args":[{"element-6066-11e4-a52e-4f735466cecf":"f.683367EF064D6F54A1F942EA8E2F8118.d.2ED8A614E438F770C21AD7CAB229BA81.e.4879","ELEMENT":"f.683367EF064D6F54A1F942EA8E2F8118.d.2ED8A614E438F770C21AD7CAB229BA81.e.4879"}]}
RESULT: {"script":"<script> [56 bytes]","args":[{"element-6066-11e4-a52e-4f735466cecf":"f.683367EF064D6F54A1F942EA8E2F8118.d.2ED8A614E438F770C21AD7CAB229BA81.e.4879","ELEMENT":"f.683367EF064D6F54A1F942EA8E2F8118.d.2ED8A614E438F770C21AD7CAB229BA81.e.4879"}]}
RESULT: undefined
COMMAND: POST /session/59746a33121488b03cb28927e3139cef/execute/async - {"script":"<script> [776 bytes]","args":[{"enterText":"External Partner WDIO","selector":{"id":"application-managepartners-display-component---masterPtm--smartFilterBar-btnBasicSearch","interaction":{"idSuffix":"I"}},"clearTextFirst":true,"interactionType":"ENTER_TEXT"}]}
COMMAND: GET /session/59746a33121488b03cb28927e3139cef/screenshot - {}
RESULT: {"script":"<script> [776 bytes]","args":[{"enterText":"External Partner WDIO","selector":{"id":"application-managepartners-display-component---masterPtm--smartFilterBar-btnBasicSearch","interaction":{"idSuffix":"I"}},"clearTextFirst":true,"interactionType":"ENTER_TEXT"}]}
RESULT: {}
COMMAND: POST /session/59746a33121488b03cb28927e3139cef/actions - {"actions":[{"id":"action17","type":"key","parameters":{},"actions":[{"type":"keyDown","value":"î€‡"},{"type":"pause","duration":10},{"type":"keyUp","value":"î€‡"}]}]}
RESULT: {"actions":[{"id":"action17","type":"key","parameters":{},"actions":[{"type":"keyDown","value":"î€‡"},{"type":"pause","duration":10},{"type":"keyUp","value":"î€‡"}]}]}
COMMAND: GET /session/59746a33121488b03cb28927e3139cef/screenshot - {}
RESULT: {}
COMMAND: POST /session/59746a33121488b03cb28927e3139cef/element - {"using":"xpath","value":"//span[@id=\"application-managepartners-display-component---masterPtm--smartTable-header-inner\"]"}
RESULT: {"using":"xpath","value":"//span[@id=\"application-managepartners-display-component---masterPtm--smartTable-header-inner\"]"}
COMMAND: POST /session/59746a33121488b03cb28927e3139cef/elements - {"using":"xpath","value":"//span[@id=\"application-managepartners-display-component---masterPtm--smartTable-header-inner\"]"}
RESULT: {"using":"xpath","value":"//span[@id=\"application-managepartners-display-component---masterPtm--smartTable-header-inner\"]"}
COMMAND: POST /session/59746a33121488b03cb28927e3139cef/execute/sync - {"script":"<script> [56 bytes]","args":[{"element-6066-11e4-a52e-4f735466cecf":"f.683367EF064D6F54A1F942EA8E2F8118.d.2ED8A614E438F770C21AD7CAB229BA81.e.4879","ELEMENT":"f.683367EF064D6F54A1F942EA8E2F8118.d.2ED8A614E438F770C21AD7CAB229BA81.e.4879"}]}
RESULT: {"script":"<script> [56 bytes]","args":[{"element-6066-11e4-a52e-4f735466cecf":"f.683367EF064D6F54A1F942EA8E2F8118.d.2ED8A614E438F770C21AD7CAB229BA81.e.4879","ELEMENT":"f.683367EF064D6F54A1F942EA8E2F8118.d.2ED8A614E438F770C21AD7CAB229BA81.e.4879"}]}
COMMAND: POST /session/59746a33121488b03cb28927e3139cef/element - {"using":"xpath","value":"//div[contains(@id, \"managepartners-display-component---masterPtm--smartFilterBar-btnBasicSearch-reset\")]"}
COMMAND: GET /session/59746a33121488b03cb28927e3139cef/screenshot - {}
RESULT: {"using":"xpath","value":"//div[contains(@id, \"managepartners-display-component---masterPtm--smartFilterBar-btnBasicSearch-reset\")]"}
COMMAND: POST /session/59746a33121488b03cb28927e3139cef/element/f.683367EF064D6F54A1F942EA8E2F8118.d.2ED8A614E438F770C21AD7CAB229BA81.e.4892/click - {}
RESULT: {}
RESULT: {}
COMMAND: GET /session/59746a33121488b03cb28927e3139cef/screenshot - {}
RESULT: {}
COMMAND: POST /session/59746a33121488b03cb28927e3139cef/execute/async - {"script":"<script> [1562 bytes]","args":[{"selector":{"id":"application-managepartners-display-component---masterPtm--smartFilterBar-filterItemControl_BASIC-MAIN_ADDRESS-vhi"},"wdio_ui5_key":"applicationmanagepartners-display-component---masterPtm--smartFilterBar-filterItemControl_BASIC-MAIN_ADDRESS-vhi"}]}
RESULT: {"script":"<script> [1562 bytes]","args":[{"selector":{"id":"application-managepartners-display-component---masterPtm--smartFilterBar-filterItemControl_BASIC-MAIN_ADDRESS-vhi"},"wdio_ui5_key":"applicationmanagepartners-display-component---masterPtm--smartFilterBar-filterItemControl_BASIC-MAIN_ADDRESS-vhi"}]}
RESULT: undefined
COMMAND: POST /session/59746a33121488b03cb28927e3139cef/element - {"using":"xpath","value":"//*[@id=\"application-managepartners-display-component---masterPtm--smartFilterBar-filterItemControl_BASIC-MAIN_ADDRESS-vhi\"]"}
RESULT: {"using":"xpath","value":"//*[@id=\"application-managepartners-display-component---masterPtm--smartFilterBar-filterItemControl_BASIC-MAIN_ADDRESS-vhi\"]"}
COMMAND: POST /session/59746a33121488b03cb28927e3139cef/element/f.683367EF064D6F54A1F942EA8E2F8118.d.2ED8A614E438F770C21AD7CAB229BA81.e.4944/click - {}
RESULT: {}
COMMAND: GET /session/59746a33121488b03cb28927e3139cef/screenshot - {}
RESULT: {}
COMMAND: POST /session/59746a33121488b03cb28927e3139cef/execute/async - {"script":"<script> [1562 bytes]","args":[{"selector":{"id":"application-managepartners-display-component---masterPtm--smartFilterBar-filterItemControl_BASIC-MAIN_ADDRESS-valueHelpDialog-smartFilterBar-btnBasicSearch","searchOpenDialogs":true,"interaction":{"idSuffix":"I"}},"wdio_ui5_key":"applicationmanagepartners-display-component---masterPtm--smartFilterBar-filterItemControl_BASIC-MAIN_ADDRESS-valueHelpDialog-smartFilterBar-btnBasicSearch"}]}
RESULT: {"script":"<script> [1562 bytes]","args":[{"selector":{"id":"application-managepartners-display-component---masterPtm--smartFilterBar-filterItemControl_BASIC-MAIN_ADDRESS-valueHelpDialog-smartFilterBar-btnBasicSearch","searchOpenDialogs":true,"interaction":{"idSuffix":"I"}},"wdio_ui5_key":"applicationmanagepartners-display-component---masterPtm--smartFilterBar-filterItemControl_BASIC-MAIN_ADDRESS-valueHelpDialog-smartFilterBar-btnBasicSearch"}]}
RESULT: undefined
COMMAND: POST /session/59746a33121488b03cb28927e3139cef/execute/async - {"script":"<script> [776 bytes]","args":[{"enterText":"Romania","selector":{"id":"application-managepartners-display-component---masterPtm--smartFilterBar-filterItemControl_BASIC-MAIN_ADDRESS-valueHelpDialog-smartFilterBar-btnBasicSearch","searchOpenDialogs":true,"interaction":{"idSuffix":"I"}},"clearTextFirst":true,"interactionType":"ENTER_TEXT"}]}
RESULT: {"script":"<script> [776 bytes]","args":[{"enterText":"Romania","selector":{"id":"application-managepartners-display-component---masterPtm--smartFilterBar-filterItemControl_BASIC-MAIN_ADDRESS-valueHelpDialog-smartFilterBar-btnBasicSearch","searchOpenDialogs":true,"interaction":{"idSuffix":"I"}},"clearTextFirst":true,"interactionType":"ENTER_TEXT"}]}
COMMAND: POST /session/59746a33121488b03cb28927e3139cef/actions - {"actions":[{"id":"action18","type":"key","parameters":{},"actions":[{"type":"keyDown","value":"î€‡"},{"type":"pause","duration":10},{"type":"keyUp","value":"î€‡"}]}]}
RESULT: {"actions":[{"id":"action18","type":"key","parameters":{},"actions":[{"type":"keyDown","value":"î€‡"},{"type":"pause","duration":10},{"type":"keyUp","value":"î€‡"}]}]}
COMMAND: POST /session/59746a33121488b03cb28927e3139cef/elements - {"using":"xpath","value":"//table[contains(@id, \"smartFilterBar-filterItemControl_BASIC-MAIN_ADDRESS-valueHelpDialog-table-table\")]/tbody/tr"}
COMMAND: GET /session/59746a33121488b03cb28927e3139cef/screenshot - {}
RESULT: {"using":"xpath","value":"//table[contains(@id, \"smartFilterBar-filterItemControl_BASIC-MAIN_ADDRESS-valueHelpDialog-table-table\")]/tbody/tr"}
COMMAND: POST /session/59746a33121488b03cb28927e3139cef/element - {"using":"xpath","value":"//table[contains(@id, \"smartFilterBar-filterItemControl_BASIC-MAIN_ADDRESS-valueHelpDialog-table-table\")]/tbody/tr[1]/td[1]/div/span"}
RESULT: {}
RESULT: {"using":"xpath","value":"//table[contains(@id, \"smartFilterBar-filterItemControl_BASIC-MAIN_ADDRESS-valueHelpDialog-table-table\")]/tbody/tr[1]/td[1]/div/span"}
COMMAND: POST /session/59746a33121488b03cb28927e3139cef/elements - {"using":"xpath","value":"//table[contains(@id, \"smartFilterBar-filterItemControl_BASIC-MAIN_ADDRESS-valueHelpDialog-table-table\")]/tbody/tr[1]/td[1]/div/span"}
RESULT: {"using":"xpath","value":"//table[contains(@id, \"smartFilterBar-filterItemControl_BASIC-MAIN_ADDRESS-valueHelpDialog-table-table\")]/tbody/tr[1]/td[1]/div/span"}
COMMAND: POST /session/59746a33121488b03cb28927e3139cef/execute/sync - {"script":"<script> [56 bytes]","args":[{"element-6066-11e4-a52e-4f735466cecf":"f.683367EF064D6F54A1F942EA8E2F8118.d.2ED8A614E438F770C21AD7CAB229BA81.e.4965","ELEMENT":"f.683367EF064D6F54A1F942EA8E2F8118.d.2ED8A614E438F770C21AD7CAB229BA81.e.4965"}]}
RESULT: {"script":"<script> [56 bytes]","args":[{"element-6066-11e4-a52e-4f735466cecf":"f.683367EF064D6F54A1F942EA8E2F8118.d.2ED8A614E438F770C21AD7CAB229BA81.e.4965","ELEMENT":"f.683367EF064D6F54A1F942EA8E2F8118.d.2ED8A614E438F770C21AD7CAB229BA81.e.4965"}]}
COMMAND: POST /session/59746a33121488b03cb28927e3139cef/element - {"using":"xpath","value":"//div[contains(@id, \"filterItemControl_BASIC-MAIN_ADDRESS-valueHelpDialog-table-rowsel0\")]"}
COMMAND: GET /session/59746a33121488b03cb28927e3139cef/screenshot - {}
RESULT: {"using":"xpath","value":"//div[contains(@id, \"filterItemControl_BASIC-MAIN_ADDRESS-valueHelpDialog-table-rowsel0\")]"}
COMMAND: POST /session/59746a33121488b03cb28927e3139cef/element/f.683367EF064D6F54A1F942EA8E2F8118.d.2ED8A614E438F770C21AD7CAB229BA81.e.4966/click - {}
RESULT: {}
RESULT: {}
COMMAND: GET /session/59746a33121488b03cb28927e3139cef/screenshot - {}
RESULT: {}
COMMAND: POST /session/59746a33121488b03cb28927e3139cef/element - {"using":"xpath","value":"(//bdi[contains(text(), \"OK\")])[1]"}
RESULT: {"using":"xpath","value":"(//bdi[contains(text(), \"OK\")])[1]"}
COMMAND: POST /session/59746a33121488b03cb28927e3139cef/element/f.683367EF064D6F54A1F942EA8E2F8118.d.2ED8A614E438F770C21AD7CAB229BA81.e.4968/click - {}
RESULT: {}
COMMAND: GET /session/59746a33121488b03cb28927e3139cef/screenshot - {}
RESULT: {}
COMMAND: POST /session/59746a33121488b03cb28927e3139cef/element - {"using":"xpath","value":"//span[@id=\"application-managepartners-display-component---masterPtm--smartTable-header-inner\"]"}
RESULT: {"using":"xpath","value":"//span[@id=\"application-managepartners-display-component---masterPtm--smartTable-header-inner\"]"}
COMMAND: POST /session/59746a33121488b03cb28927e3139cef/elements - {"using":"xpath","value":"//span[@id=\"application-managepartners-display-component---masterPtm--smartTable-header-inner\"]"}
RESULT: {"using":"xpath","value":"//span[@id=\"application-managepartners-display-component---masterPtm--smartTable-header-inner\"]"}
COMMAND: POST /session/59746a33121488b03cb28927e3139cef/execute/sync - {"script":"<script> [56 bytes]","args":[{"element-6066-11e4-a52e-4f735466cecf":"f.683367EF064D6F54A1F942EA8E2F8118.d.2ED8A614E438F770C21AD7CAB229BA81.e.4879","ELEMENT":"f.683367EF064D6F54A1F942EA8E2F8118.d.2ED8A614E438F770C21AD7CAB229BA81.e.4879"}]}
RESULT: {"script":"<script> [56 bytes]","args":[{"element-6066-11e4-a52e-4f735466cecf":"f.683367EF064D6F54A1F942EA8E2F8118.d.2ED8A614E438F770C21AD7CAB229BA81.e.4879","ELEMENT":"f.683367EF064D6F54A1F942EA8E2F8118.d.2ED8A614E438F770C21AD7CAB229BA81.e.4879"}]}
COMMAND: POST /session/59746a33121488b03cb28927e3139cef/element - {"using":"xpath","value":"//span[contains(@title, \"Remove\")]"}
COMMAND: GET /session/59746a33121488b03cb28927e3139cef/screenshot - {}
RESULT: {"using":"xpath","value":"//span[contains(@title, \"Remove\")]"}
COMMAND: POST /session/59746a33121488b03cb28927e3139cef/element/f.683367EF064D6F54A1F942EA8E2F8118.d.2ED8A614E438F770C21AD7CAB229BA81.e.4982/click - {}
RESULT: {}
RESULT: {}
COMMAND: GET /session/59746a33121488b03cb28927e3139cef/screenshot - {}
RESULT: {}
COMMAND: POST /session/59746a33121488b03cb28927e3139cef/element - {"using":"xpath","value":"//span[@id=\"application-managepartners-display-component---masterPtm--smartTable-header-inner\"]"}
RESULT: {"using":"xpath","value":"//span[@id=\"application-managepartners-display-component---masterPtm--smartTable-header-inner\"]"}
COMMAND: POST /session/59746a33121488b03cb28927e3139cef/elements - {"using":"xpath","value":"//span[@id=\"application-managepartners-display-component---masterPtm--smartTable-header-inner\"]"}
RESULT: {"using":"xpath","value":"//span[@id=\"application-managepartners-display-component---masterPtm--smartTable-header-inner\"]"}
COMMAND: POST /session/59746a33121488b03cb28927e3139cef/execute/sync - {"script":"<script> [56 bytes]","args":[{"element-6066-11e4-a52e-4f735466cecf":"f.683367EF064D6F54A1F942EA8E2F8118.d.2ED8A614E438F770C21AD7CAB229BA81.e.4879","ELEMENT":"f.683367EF064D6F54A1F942EA8E2F8118.d.2ED8A614E438F770C21AD7CAB229BA81.e.4879"}]}
RESULT: {"script":"<script> [56 bytes]","args":[{"element-6066-11e4-a52e-4f735466cecf":"f.683367EF064D6F54A1F942EA8E2F8118.d.2ED8A614E438F770C21AD7CAB229BA81.e.4879","ELEMENT":"f.683367EF064D6F54A1F942EA8E2F8118.d.2ED8A614E438F770C21AD7CAB229BA81.e.4879"}]}
COMMAND: POST /session/59746a33121488b03cb28927e3139cef/execute/async - {"script":"<script> [1562 bytes]","args":[{"selector":{"id":"application-managepartners-display-component---masterPtm--smartFilterBar-filterItemControl_BASIC-YARD-vhi"},"wdio_ui5_key":"applicationmanagepartners-display-component---masterPtm--smartFilterBar-filterItemControl_BASIC-YARD-vhi"}]}
COMMAND: GET /session/59746a33121488b03cb28927e3139cef/screenshot - {}
RESULT: {"script":"<script> [1562 bytes]","args":[{"selector":{"id":"application-managepartners-display-component---masterPtm--smartFilterBar-filterItemControl_BASIC-YARD-vhi"},"wdio_ui5_key":"applicationmanagepartners-display-component---masterPtm--smartFilterBar-filterItemControl_BASIC-YARD-vhi"}]}
RESULT: undefined
COMMAND: POST /session/59746a33121488b03cb28927e3139cef/element - {"using":"xpath","value":"//*[@id=\"application-managepartners-display-component---masterPtm--smartFilterBar-filterItemControl_BASIC-YARD-vhi\"]"}
RESULT: {}
RESULT: {"using":"xpath","value":"//*[@id=\"application-managepartners-display-component---masterPtm--smartFilterBar-filterItemControl_BASIC-YARD-vhi\"]"}
COMMAND: POST /session/59746a33121488b03cb28927e3139cef/element/f.683367EF064D6F54A1F942EA8E2F8118.d.2ED8A614E438F770C21AD7CAB229BA81.e.5035/click - {}
RESULT: {}
COMMAND: GET /session/59746a33121488b03cb28927e3139cef/screenshot - {}
RESULT: {}
COMMAND: POST /session/59746a33121488b03cb28927e3139cef/execute/async - {"script":"<script> [1562 bytes]","args":[{"selector":{"id":"application-managepartners-display-component---masterPtm--smartFilterBar-filterItemControl_BASIC-YARD-valueHelpDialog-smartFilterBar-btnBasicSearch","searchOpenDialogs":true,"interaction":{"idSuffix":"I"}},"wdio_ui5_key":"applicationmanagepartners-display-component---masterPtm--smartFilterBar-filterItemControl_BASIC-YARD-valueHelpDialog-smartFilterBar-btnBasicSearch"}]}
RESULT: {"script":"<script> [1562 bytes]","args":[{"selector":{"id":"application-managepartners-display-component---masterPtm--smartFilterBar-filterItemControl_BASIC-YARD-valueHelpDialog-smartFilterBar-btnBasicSearch","searchOpenDialogs":true,"interaction":{"idSuffix":"I"}},"wdio_ui5_key":"applicationmanagepartners-display-component---masterPtm--smartFilterBar-filterItemControl_BASIC-YARD-valueHelpDialog-smartFilterBar-btnBasicSearch"}]}
RESULT: undefined
COMMAND: POST /session/59746a33121488b03cb28927e3139cef/execute/async - {"script":"<script> [776 bytes]","args":[{"enterText":"Test","selector":{"id":"application-managepartners-display-component---masterPtm--smartFilterBar-filterItemControl_BASIC-YARD-valueHelpDialog-smartFilterBar-btnBasicSearch","searchOpenDialogs":true,"interaction":{"idSuffix":"I"}},"clearTextFirst":true,"interactionType":"ENTER_TEXT"}]}
RESULT: {"script":"<script> [776 bytes]","args":[{"enterText":"Test","selector":{"id":"application-managepartners-display-component---masterPtm--smartFilterBar-filterItemControl_BASIC-YARD-valueHelpDialog-smartFilterBar-btnBasicSearch","searchOpenDialogs":true,"interaction":{"idSuffix":"I"}},"clearTextFirst":true,"interactionType":"ENTER_TEXT"}]}
COMMAND: POST /session/59746a33121488b03cb28927e3139cef/actions - {"actions":[{"id":"action19","type":"key","parameters":{},"actions":[{"type":"keyDown","value":"î€‡"},{"type":"pause","duration":10},{"type":"keyUp","value":"î€‡"}]}]}
RESULT: {"actions":[{"id":"action19","type":"key","parameters":{},"actions":[{"type":"keyDown","value":"î€‡"},{"type":"pause","duration":10},{"type":"keyUp","value":"î€‡"}]}]}
COMMAND: POST /session/59746a33121488b03cb28927e3139cef/elements - {"using":"xpath","value":"//table[contains(@id, \"smartFilterBar-filterItemControl_BASIC-YARD-valueHelpDialog-table-table\")]/tbody/tr"}
COMMAND: GET /session/59746a33121488b03cb28927e3139cef/screenshot - {}
RESULT: {"using":"xpath","value":"//table[contains(@id, \"smartFilterBar-filterItemControl_BASIC-YARD-valueHelpDialog-table-table\")]/tbody/tr"}
COMMAND: POST /session/59746a33121488b03cb28927e3139cef/element - {"using":"xpath","value":"//table[contains(@id, \"smartFilterBar-filterItemControl_BASIC-YARD-valueHelpDialog-table-table\")]/tbody/tr[1]/td[1]/div/span"}
RESULT: {}
RESULT: {"using":"xpath","value":"//table[contains(@id, \"smartFilterBar-filterItemControl_BASIC-YARD-valueHelpDialog-table-table\")]/tbody/tr[1]/td[1]/div/span"}
COMMAND: POST /session/59746a33121488b03cb28927e3139cef/elements - {"using":"xpath","value":"//table[contains(@id, \"smartFilterBar-filterItemControl_BASIC-YARD-valueHelpDialog-table-table\")]/tbody/tr[1]/td[1]/div/span"}
RESULT: {"using":"xpath","value":"//table[contains(@id, \"smartFilterBar-filterItemControl_BASIC-YARD-valueHelpDialog-table-table\")]/tbody/tr[1]/td[1]/div/span"}
COMMAND: POST /session/59746a33121488b03cb28927e3139cef/execute/sync - {"script":"<script> [56 bytes]","args":[{"element-6066-11e4-a52e-4f735466cecf":"f.683367EF064D6F54A1F942EA8E2F8118.d.2ED8A614E438F770C21AD7CAB229BA81.e.5055","ELEMENT":"f.683367EF064D6F54A1F942EA8E2F8118.d.2ED8A614E438F770C21AD7CAB229BA81.e.5055"}]}
RESULT: {"script":"<script> [56 bytes]","args":[{"element-6066-11e4-a52e-4f735466cecf":"f.683367EF064D6F54A1F942EA8E2F8118.d.2ED8A614E438F770C21AD7CAB229BA81.e.5055","ELEMENT":"f.683367EF064D6F54A1F942EA8E2F8118.d.2ED8A614E438F770C21AD7CAB229BA81.e.5055"}]}
COMMAND: POST /session/59746a33121488b03cb28927e3139cef/element - {"using":"xpath","value":"//table[contains(@id, \"smartFilterBar-filterItemControl_BASIC-YARD-valueHelpDialog-table-table\")]/tbody/tr[2]/td[1]/div/span"}
COMMAND: GET /session/59746a33121488b03cb28927e3139cef/screenshot - {}
RESULT: {"using":"xpath","value":"//table[contains(@id, \"smartFilterBar-filterItemControl_BASIC-YARD-valueHelpDialog-table-table\")]/tbody/tr[2]/td[1]/div/span"}
COMMAND: POST /session/59746a33121488b03cb28927e3139cef/elements - {"using":"xpath","value":"//table[contains(@id, \"smartFilterBar-filterItemControl_BASIC-YARD-valueHelpDialog-table-table\")]/tbody/tr[2]/td[1]/div/span"}
RESULT: {}
RESULT: {"using":"xpath","value":"//table[contains(@id, \"smartFilterBar-filterItemControl_BASIC-YARD-valueHelpDialog-table-table\")]/tbody/tr[2]/td[1]/div/span"}
COMMAND: POST /session/59746a33121488b03cb28927e3139cef/execute/sync - {"script":"<script> [56 bytes]","args":[{"element-6066-11e4-a52e-4f735466cecf":"f.683367EF064D6F54A1F942EA8E2F8118.d.2ED8A614E438F770C21AD7CAB229BA81.e.5056","ELEMENT":"f.683367EF064D6F54A1F942EA8E2F8118.d.2ED8A614E438F770C21AD7CAB229BA81.e.5056"}]}
RESULT: {"script":"<script> [56 bytes]","args":[{"element-6066-11e4-a52e-4f735466cecf":"f.683367EF064D6F54A1F942EA8E2F8118.d.2ED8A614E438F770C21AD7CAB229BA81.e.5056","ELEMENT":"f.683367EF064D6F54A1F942EA8E2F8118.d.2ED8A614E438F770C21AD7CAB229BA81.e.5056"}]}
COMMAND: POST /session/59746a33121488b03cb28927e3139cef/element - {"using":"xpath","value":"//table[contains(@id, \"smartFilterBar-filterItemControl_BASIC-YARD-valueHelpDialog-table-table\")]/tbody/tr[3]/td[1]/div/span"}
COMMAND: GET /session/59746a33121488b03cb28927e3139cef/screenshot - {}
RESULT: {"using":"xpath","value":"//table[contains(@id, \"smartFilterBar-filterItemControl_BASIC-YARD-valueHelpDialog-table-table\")]/tbody/tr[3]/td[1]/div/span"}
COMMAND: POST /session/59746a33121488b03cb28927e3139cef/elements - {"using":"xpath","value":"//table[contains(@id, \"smartFilterBar-filterItemControl_BASIC-YARD-valueHelpDialog-table-table\")]/tbody/tr[3]/td[1]/div/span"}
RESULT: {}
RESULT: {"using":"xpath","value":"//table[contains(@id, \"smartFilterBar-filterItemControl_BASIC-YARD-valueHelpDialog-table-table\")]/tbody/tr[3]/td[1]/div/span"}
COMMAND: POST /session/59746a33121488b03cb28927e3139cef/execute/sync - {"script":"<script> [56 bytes]","args":[{"element-6066-11e4-a52e-4f735466cecf":"f.683367EF064D6F54A1F942EA8E2F8118.d.2ED8A614E438F770C21AD7CAB229BA81.e.5057","ELEMENT":"f.683367EF064D6F54A1F942EA8E2F8118.d.2ED8A614E438F770C21AD7CAB229BA81.e.5057"}]}
RESULT: {"script":"<script> [56 bytes]","args":[{"element-6066-11e4-a52e-4f735466cecf":"f.683367EF064D6F54A1F942EA8E2F8118.d.2ED8A614E438F770C21AD7CAB229BA81.e.5057","ELEMENT":"f.683367EF064D6F54A1F942EA8E2F8118.d.2ED8A614E438F770C21AD7CAB229BA81.e.5057"}]}
COMMAND: POST /session/59746a33121488b03cb28927e3139cef/element - {"using":"xpath","value":"//div[contains(@id, \"filterItemControl_BASIC-YARD-valueHelpDialog-table-rowsel2\")]"}
COMMAND: GET /session/59746a33121488b03cb28927e3139cef/screenshot - {}
RESULT: {"using":"xpath","value":"//div[contains(@id, \"filterItemControl_BASIC-YARD-valueHelpDialog-table-rowsel2\")]"}
COMMAND: POST /session/59746a33121488b03cb28927e3139cef/element/f.683367EF064D6F54A1F942EA8E2F8118.d.2ED8A614E438F770C21AD7CAB229BA81.e.5058/click - {}
RESULT: {}
RESULT: {}
COMMAND: GET /session/59746a33121488b03cb28927e3139cef/screenshot - {}
RESULT: {}
COMMAND: POST /session/59746a33121488b03cb28927e3139cef/element - {"using":"xpath","value":"(//bdi[contains(text(), \"OK\")])[1]"}
RESULT: {"using":"xpath","value":"(//bdi[contains(text(), \"OK\")])[1]"}
COMMAND: POST /session/59746a33121488b03cb28927e3139cef/element/f.683367EF064D6F54A1F942EA8E2F8118.d.2ED8A614E438F770C21AD7CAB229BA81.e.5060/click - {}
RESULT: {}
COMMAND: GET /session/59746a33121488b03cb28927e3139cef/screenshot - {}
RESULT: {}
COMMAND: POST /session/59746a33121488b03cb28927e3139cef/element - {"using":"xpath","value":"//span[@id=\"application-managepartners-display-component---masterPtm--smartTable-header-inner\"]"}
RESULT: {"using":"xpath","value":"//span[@id=\"application-managepartners-display-component---masterPtm--smartTable-header-inner\"]"}
COMMAND: POST /session/59746a33121488b03cb28927e3139cef/elements - {"using":"xpath","value":"//span[@id=\"application-managepartners-display-component---masterPtm--smartTable-header-inner\"]"}
RESULT: {"using":"xpath","value":"//span[@id=\"application-managepartners-display-component---masterPtm--smartTable-header-inner\"]"}
COMMAND: POST /session/59746a33121488b03cb28927e3139cef/execute/sync - {"script":"<script> [56 bytes]","args":[{"element-6066-11e4-a52e-4f735466cecf":"f.683367EF064D6F54A1F942EA8E2F8118.d.2ED8A614E438F770C21AD7CAB229BA81.e.4879","ELEMENT":"f.683367EF064D6F54A1F942EA8E2F8118.d.2ED8A614E438F770C21AD7CAB229BA81.e.4879"}]}
RESULT: {"script":"<script> [56 bytes]","args":[{"element-6066-11e4-a52e-4f735466cecf":"f.683367EF064D6F54A1F942EA8E2F8118.d.2ED8A614E438F770C21AD7CAB229BA81.e.4879","ELEMENT":"f.683367EF064D6F54A1F942EA8E2F8118.d.2ED8A614E438F770C21AD7CAB229BA81.e.4879"}]}
COMMAND: POST /session/59746a33121488b03cb28927e3139cef/element - {"using":"xpath","value":"//span[contains(@title, \"Remove\")]"}
COMMAND: GET /session/59746a33121488b03cb28927e3139cef/screenshot - {}
RESULT: {"using":"xpath","value":"//span[contains(@title, \"Remove\")]"}
COMMAND: POST /session/59746a33121488b03cb28927e3139cef/element/f.683367EF064D6F54A1F942EA8E2F8118.d.2ED8A614E438F770C21AD7CAB229BA81.e.5074/click - {}
RESULT: {}
RESULT: {}
COMMAND: GET /session/59746a33121488b03cb28927e3139cef/screenshot - {}
RESULT: {}
COMMAND: POST /session/59746a33121488b03cb28927e3139cef/element - {"using":"xpath","value":"//span[@id=\"application-managepartners-display-component---masterPtm--smartTable-header-inner\"]"}
RESULT: {"using":"xpath","value":"//span[@id=\"application-managepartners-display-component---masterPtm--smartTable-header-inner\"]"}
COMMAND: POST /session/59746a33121488b03cb28927e3139cef/elements - {"using":"xpath","value":"//span[@id=\"application-managepartners-display-component---masterPtm--smartTable-header-inner\"]"}
RESULT: {"using":"xpath","value":"//span[@id=\"application-managepartners-display-component---masterPtm--smartTable-header-inner\"]"}
COMMAND: POST /session/59746a33121488b03cb28927e3139cef/execute/sync - {"script":"<script> [56 bytes]","args":[{"element-6066-11e4-a52e-4f735466cecf":"f.683367EF064D6F54A1F942EA8E2F8118.d.2ED8A614E438F770C21AD7CAB229BA81.e.4879","ELEMENT":"f.683367EF064D6F54A1F942EA8E2F8118.d.2ED8A614E438F770C21AD7CAB229BA81.e.4879"}]}
RESULT: {"script":"<script> [56 bytes]","args":[{"element-6066-11e4-a52e-4f735466cecf":"f.683367EF064D6F54A1F942EA8E2F8118.d.2ED8A614E438F770C21AD7CAB229BA81.e.4879","ELEMENT":"f.683367EF064D6F54A1F942EA8E2F8118.d.2ED8A614E438F770C21AD7CAB229BA81.e.4879"}]}
COMMAND: POST /session/59746a33121488b03cb28927e3139cef/execute/async - {"script":"<script> [1562 bytes]","args":[{"selector":{"id":"application-managepartners-display-component---masterPtm--smartFilterBar-filterItemControl_BASIC-ALL_TAGS-vhi"},"wdio_ui5_key":"applicationmanagepartners-display-component---masterPtm--smartFilterBar-filterItemControl_BASIC-ALL_TAGS-vhi"}]}
COMMAND: GET /session/59746a33121488b03cb28927e3139cef/screenshot - {}
RESULT: {"script":"<script> [1562 bytes]","args":[{"selector":{"id":"application-managepartners-display-component---masterPtm--smartFilterBar-filterItemControl_BASIC-ALL_TAGS-vhi"},"wdio_ui5_key":"applicationmanagepartners-display-component---masterPtm--smartFilterBar-filterItemControl_BASIC-ALL_TAGS-vhi"}]}
RESULT: undefined
COMMAND: POST /session/59746a33121488b03cb28927e3139cef/element - {"using":"xpath","value":"//*[@id=\"application-managepartners-display-component---masterPtm--smartFilterBar-filterItemControl_BASIC-ALL_TAGS-vhi\"]"}
RESULT: {}
RESULT: {"using":"xpath","value":"//*[@id=\"application-managepartners-display-component---masterPtm--smartFilterBar-filterItemControl_BASIC-ALL_TAGS-vhi\"]"}
COMMAND: POST /session/59746a33121488b03cb28927e3139cef/element/f.683367EF064D6F54A1F942EA8E2F8118.d.2ED8A614E438F770C21AD7CAB229BA81.e.5127/click - {}
RESULT: {}
COMMAND: GET /session/59746a33121488b03cb28927e3139cef/screenshot - {}
RESULT: {}
COMMAND: POST /session/59746a33121488b03cb28927e3139cef/execute/async - {"script":"<script> [1562 bytes]","args":[{"selector":{"id":"application-managepartners-display-component---masterPtm--smartFilterBar-filterItemControl_BASIC-ALL_TAGS-valueHelpDialog-smartFilterBar-btnBasicSearch","searchOpenDialogs":true,"interaction":{"idSuffix":"I"}},"wdio_ui5_key":"applicationmanagepartners-display-component---masterPtm--smartFilterBar-filterItemControl_BASIC-ALL_TAGS-valueHelpDialog-smartFilterBar-btnBasicSearch"}]}
RESULT: {"script":"<script> [1562 bytes]","args":[{"selector":{"id":"application-managepartners-display-component---masterPtm--smartFilterBar-filterItemControl_BASIC-ALL_TAGS-valueHelpDialog-smartFilterBar-btnBasicSearch","searchOpenDialogs":true,"interaction":{"idSuffix":"I"}},"wdio_ui5_key":"applicationmanagepartners-display-component---masterPtm--smartFilterBar-filterItemControl_BASIC-ALL_TAGS-valueHelpDialog-smartFilterBar-btnBasicSearch"}]}
RESULT: undefined
COMMAND: POST /session/59746a33121488b03cb28927e3139cef/execute/async - {"script":"<script> [776 bytes]","args":[{"enterText":"test-tag-1","selector":{"id":"application-managepartners-display-component---masterPtm--smartFilterBar-filterItemControl_BASIC-ALL_TAGS-valueHelpDialog-smartFilterBar-btnBasicSearch","searchOpenDialogs":true,"interaction":{"idSuffix":"I"}},"clearTextFirst":true,"interactionType":"ENTER_TEXT"}]}
RESULT: {"script":"<script> [776 bytes]","args":[{"enterText":"test-tag-1","selector":{"id":"application-managepartners-display-component---masterPtm--smartFilterBar-filterItemControl_BASIC-ALL_TAGS-valueHelpDialog-smartFilterBar-btnBasicSearch","searchOpenDialogs":true,"interaction":{"idSuffix":"I"}},"clearTextFirst":true,"interactionType":"ENTER_TEXT"}]}
COMMAND: POST /session/59746a33121488b03cb28927e3139cef/actions - {"actions":[{"id":"action20","type":"key","parameters":{},"actions":[{"type":"keyDown","value":"î€‡"},{"type":"pause","duration":10},{"type":"keyUp","value":"î€‡"}]}]}
RESULT: {"actions":[{"id":"action20","type":"key","parameters":{},"actions":[{"type":"keyDown","value":"î€‡"},{"type":"pause","duration":10},{"type":"keyUp","value":"î€‡"}]}]}
COMMAND: POST /session/59746a33121488b03cb28927e3139cef/elements - {"using":"xpath","value":"//table[contains(@id, \"smartFilterBar-filterItemControl_BASIC-ALL_TAGS-valueHelpDialog-table-table\")]/tbody/tr"}
COMMAND: GET /session/59746a33121488b03cb28927e3139cef/screenshot - {}
RESULT: {"using":"xpath","value":"//table[contains(@id, \"smartFilterBar-filterItemControl_BASIC-ALL_TAGS-valueHelpDialog-table-table\")]/tbody/tr"}
COMMAND: POST /session/59746a33121488b03cb28927e3139cef/element - {"using":"xpath","value":"//table[contains(@id, \"smartFilterBar-filterItemControl_BASIC-ALL_TAGS-valueHelpDialog-table-table\")]/tbody/tr[1]/td[1]/div/span"}
RESULT: {}
RESULT: {"using":"xpath","value":"//table[contains(@id, \"smartFilterBar-filterItemControl_BASIC-ALL_TAGS-valueHelpDialog-table-table\")]/tbody/tr[1]/td[1]/div/span"}
COMMAND: POST /session/59746a33121488b03cb28927e3139cef/elements - {"using":"xpath","value":"//table[contains(@id, \"smartFilterBar-filterItemControl_BASIC-ALL_TAGS-valueHelpDialog-table-table\")]/tbody/tr[1]/td[1]/div/span"}
RESULT: {"using":"xpath","value":"//table[contains(@id, \"smartFilterBar-filterItemControl_BASIC-ALL_TAGS-valueHelpDialog-table-table\")]/tbody/tr[1]/td[1]/div/span"}
COMMAND: POST /session/59746a33121488b03cb28927e3139cef/execute/sync - {"script":"<script> [56 bytes]","args":[{"element-6066-11e4-a52e-4f735466cecf":"f.683367EF064D6F54A1F942EA8E2F8118.d.2ED8A614E438F770C21AD7CAB229BA81.e.5147","ELEMENT":"f.683367EF064D6F54A1F942EA8E2F8118.d.2ED8A614E438F770C21AD7CAB229BA81.e.5147"}]}
RESULT: {"script":"<script> [56 bytes]","args":[{"element-6066-11e4-a52e-4f735466cecf":"f.683367EF064D6F54A1F942EA8E2F8118.d.2ED8A614E438F770C21AD7CAB229BA81.e.5147","ELEMENT":"f.683367EF064D6F54A1F942EA8E2F8118.d.2ED8A614E438F770C21AD7CAB229BA81.e.5147"}]}
COMMAND: POST /session/59746a33121488b03cb28927e3139cef/element - {"using":"xpath","value":"//div[contains(@id, \"filterItemControl_BASIC-ALL_TAGS-valueHelpDialog-table-rowsel0\")]"}
COMMAND: GET /session/59746a33121488b03cb28927e3139cef/screenshot - {}
RESULT: {"using":"xpath","value":"//div[contains(@id, \"filterItemControl_BASIC-ALL_TAGS-valueHelpDialog-table-rowsel0\")]"}
COMMAND: POST /session/59746a33121488b03cb28927e3139cef/element/f.683367EF064D6F54A1F942EA8E2F8118.d.2ED8A614E438F770C21AD7CAB229BA81.e.5148/click - {}
RESULT: {}
RESULT: {}
COMMAND: GET /session/59746a33121488b03cb28927e3139cef/screenshot - {}
RESULT: {}
COMMAND: POST /session/59746a33121488b03cb28927e3139cef/element - {"using":"xpath","value":"(//bdi[contains(text(), \"OK\")])[1]"}
RESULT: {"using":"xpath","value":"(//bdi[contains(text(), \"OK\")])[1]"}
COMMAND: POST /session/59746a33121488b03cb28927e3139cef/element/f.683367EF064D6F54A1F942EA8E2F8118.d.2ED8A614E438F770C21AD7CAB229BA81.e.5150/click - {}
RESULT: {}
COMMAND: GET /session/59746a33121488b03cb28927e3139cef/screenshot - {}
RESULT: {}
COMMAND: POST /session/59746a33121488b03cb28927e3139cef/element - {"using":"xpath","value":"//span[@id=\"application-managepartners-display-component---masterPtm--smartTable-header-inner\"]"}
RESULT: {"using":"xpath","value":"//span[@id=\"application-managepartners-display-component---masterPtm--smartTable-header-inner\"]"}
COMMAND: POST /session/59746a33121488b03cb28927e3139cef/elements - {"using":"xpath","value":"//span[@id=\"application-managepartners-display-component---masterPtm--smartTable-header-inner\"]"}
RESULT: {"using":"xpath","value":"//span[@id=\"application-managepartners-display-component---masterPtm--smartTable-header-inner\"]"}
COMMAND: POST /session/59746a33121488b03cb28927e3139cef/execute/sync - {"script":"<script> [56 bytes]","args":[{"element-6066-11e4-a52e-4f735466cecf":"f.683367EF064D6F54A1F942EA8E2F8118.d.2ED8A614E438F770C21AD7CAB229BA81.e.4879","ELEMENT":"f.683367EF064D6F54A1F942EA8E2F8118.d.2ED8A614E438F770C21AD7CAB229BA81.e.4879"}]}
RESULT: {"script":"<script> [56 bytes]","args":[{"element-6066-11e4-a52e-4f735466cecf":"f.683367EF064D6F54A1F942EA8E2F8118.d.2ED8A614E438F770C21AD7CAB229BA81.e.4879","ELEMENT":"f.683367EF064D6F54A1F942EA8E2F8118.d.2ED8A614E438F770C21AD7CAB229BA81.e.4879"}]}
COMMAND: POST /session/59746a33121488b03cb28927e3139cef/element - {"using":"xpath","value":"//span[contains(@title, \"Remove\")]"}
COMMAND: GET /session/59746a33121488b03cb28927e3139cef/screenshot - {}
RESULT: {"using":"xpath","value":"//span[contains(@title, \"Remove\")]"}
COMMAND: POST /session/59746a33121488b03cb28927e3139cef/element/f.683367EF064D6F54A1F942EA8E2F8118.d.2ED8A614E438F770C21AD7CAB229BA81.e.5173/click - {}
RESULT: {}
RESULT: {}
COMMAND: GET /session/59746a33121488b03cb28927e3139cef/screenshot - {}
RESULT: {}
COMMAND: POST /session/59746a33121488b03cb28927e3139cef/execute/async - {"script":"<script> [1562 bytes]","args":[{"selector":{"id":"application-managepartners-display-component---masterPtm--partnerTypes-arrow"},"wdio_ui5_key":"applicationmanagepartners-display-component---masterPtm--partnerTypes-arrow"}]}
RESULT: {"script":"<script> [1562 bytes]","args":[{"selector":{"id":"application-managepartners-display-component---masterPtm--partnerTypes-arrow"},"wdio_ui5_key":"applicationmanagepartners-display-component---masterPtm--partnerTypes-arrow"}]}
RESULT: undefined
COMMAND: POST /session/59746a33121488b03cb28927e3139cef/element - {"using":"xpath","value":"//*[@id=\"application-managepartners-display-component---masterPtm--partnerTypes-arrow\"]"}
RESULT: {"using":"xpath","value":"//*[@id=\"application-managepartners-display-component---masterPtm--partnerTypes-arrow\"]"}
COMMAND: POST /session/59746a33121488b03cb28927e3139cef/element/f.683367EF064D6F54A1F942EA8E2F8118.d.2ED8A614E438F770C21AD7CAB229BA81.e.5226/click - {}
RESULT: {}
COMMAND: GET /session/59746a33121488b03cb28927e3139cef/screenshot - {}
RESULT: {}
COMMAND: POST /session/59746a33121488b03cb28927e3139cef/element - {"using":"xpath","value":"//li[.//span[text()=\"External partner\"]]//div[contains(@class,\"sapMCbBg\")]"}
RESULT: {"using":"xpath","value":"//li[.//span[text()=\"External partner\"]]//div[contains(@class,\"sapMCbBg\")]"}
COMMAND: POST /session/59746a33121488b03cb28927e3139cef/element/f.683367EF064D6F54A1F942EA8E2F8118.d.2ED8A614E438F770C21AD7CAB229BA81.e.5229/click - {}
RESULT: {}
COMMAND: GET /session/59746a33121488b03cb28927e3139cef/screenshot - {}
RESULT: {}
COMMAND: POST /session/59746a33121488b03cb28927e3139cef/element - {"using":"xpath","value":"//span[@id=\"application-managepartners-display-component---masterPtm--smartTable-header-inner\"]"}
RESULT: {"using":"xpath","value":"//span[@id=\"application-managepartners-display-component---masterPtm--smartTable-header-inner\"]"}
COMMAND: POST /session/59746a33121488b03cb28927e3139cef/elements - {"using":"xpath","value":"//span[@id=\"application-managepartners-display-component---masterPtm--smartTable-header-inner\"]"}
RESULT: {"using":"xpath","value":"//span[@id=\"application-managepartners-display-component---masterPtm--smartTable-header-inner\"]"}
COMMAND: POST /session/59746a33121488b03cb28927e3139cef/execute/sync - {"script":"<script> [56 bytes]","args":[{"element-6066-11e4-a52e-4f735466cecf":"f.683367EF064D6F54A1F942EA8E2F8118.d.2ED8A614E438F770C21AD7CAB229BA81.e.4879","ELEMENT":"f.683367EF064D6F54A1F942EA8E2F8118.d.2ED8A614E438F770C21AD7CAB229BA81.e.4879"}]}
RESULT: {"script":"<script> [56 bytes]","args":[{"element-6066-11e4-a52e-4f735466cecf":"f.683367EF064D6F54A1F942EA8E2F8118.d.2ED8A614E438F770C21AD7CAB229BA81.e.4879","ELEMENT":"f.683367EF064D6F54A1F942EA8E2F8118.d.2ED8A614E438F770C21AD7CAB229BA81.e.4879"}]}
COMMAND: POST /session/59746a33121488b03cb28927e3139cef/element - {"using":"xpath","value":"//span[contains(@title, \"Remove\")]"}
COMMAND: GET /session/59746a33121488b03cb28927e3139cef/screenshot - {}
RESULT: {"using":"xpath","value":"//span[contains(@title, \"Remove\")]"}
COMMAND: POST /session/59746a33121488b03cb28927e3139cef/element/f.683367EF064D6F54A1F942EA8E2F8118.d.2ED8A614E438F770C21AD7CAB229BA81.e.5275/click - {}
RESULT: {}
RESULT: {}
COMMAND: GET /session/59746a33121488b03cb28927e3139cef/screenshot - {}
RESULT: {}
COMMAND: POST /session/59746a33121488b03cb28927e3139cef/execute/async - {"script":"<script> [1562 bytes]","args":[{"selector":{"id":"application-managepartners-display-component---masterPtm--smartFilterBar-btnFilters","interaction":{"idSuffix":"BDI-content"}},"wdio_ui5_key":"applicationmanagepartners-display-component---masterPtm--smartFilterBar-btnFilters"}]}
RESULT: {"script":"<script> [1562 bytes]","args":[{"selector":{"id":"application-managepartners-display-component---masterPtm--smartFilterBar-btnFilters","interaction":{"idSuffix":"BDI-content"}},"wdio_ui5_key":"applicationmanagepartners-display-component---masterPtm--smartFilterBar-btnFilters"}]}
RESULT: undefined
COMMAND: POST /session/59746a33121488b03cb28927e3139cef/element - {"using":"xpath","value":"//*[@id=\"application-managepartners-display-component---masterPtm--smartFilterBar-btnFilters\"]"}
RESULT: {"using":"xpath","value":"//*[@id=\"application-managepartners-display-component---masterPtm--smartFilterBar-btnFilters\"]"}
COMMAND: POST /session/59746a33121488b03cb28927e3139cef/element/f.683367EF064D6F54A1F942EA8E2F8118.d.2ED8A614E438F770C21AD7CAB229BA81.e.4775/click - {}
RESULT: {}
COMMAND: GET /session/59746a33121488b03cb28927e3139cef/screenshot - {}
RESULT: {}
COMMAND: POST /session/59746a33121488b03cb28927e3139cef/elements - {"using":"xpath","value":"//table[contains(@id, \"listView-innerSelectionPanelTable-listUl\")]/tbody/tr"}
RESULT: {"using":"xpath","value":"//table[contains(@id, \"listView-innerSelectionPanelTable-listUl\")]/tbody/tr"}
COMMAND: POST /session/59746a33121488b03cb28927e3139cef/element - {"using":"xpath","value":"//table[contains(@id, \"listView-innerSelectionPanelTable-listUl\")]/tbody/tr[2]/td[2]/div/div"}
RESULT: {"using":"xpath","value":"//table[contains(@id, \"listView-innerSelectionPanelTable-listUl\")]/tbody/tr[2]/td[2]/div/div"}
COMMAND: POST /session/59746a33121488b03cb28927e3139cef/element - {"using":"xpath","value":"//table[contains(@id, \"listView-innerSelectionPanelTable-listUl\")]/tbody/tr[2]/td[2]/div"}
RESULT: {"using":"xpath","value":"//table[contains(@id, \"listView-innerSelectionPanelTable-listUl\")]/tbody/tr[2]/td[2]/div"}
COMMAND: POST /session/59746a33121488b03cb28927e3139cef/element - {"using":"xpath","value":"//table[contains(@id, \"listView-innerSelectionPanelTable-listUl\")]/tbody/tr[2]/td[3]/div/div/span/span[1]/bdi"}
RESULT: {"using":"xpath","value":"//table[contains(@id, \"listView-innerSelectionPanelTable-listUl\")]/tbody/tr[2]/td[3]/div/div/span/span[1]/bdi"}
COMMAND: POST /session/59746a33121488b03cb28927e3139cef/execute/sync - {"script":"<script> [56 bytes]","args":[{"element-6066-11e4-a52e-4f735466cecf":"f.683367EF064D6F54A1F942EA8E2F8118.d.2ED8A614E438F770C21AD7CAB229BA81.e.5365","ELEMENT":"f.683367EF064D6F54A1F942EA8E2F8118.d.2ED8A614E438F770C21AD7CAB229BA81.e.5365"}]}
RESULT: {"script":"<script> [56 bytes]","args":[{"element-6066-11e4-a52e-4f735466cecf":"f.683367EF064D6F54A1F942EA8E2F8118.d.2ED8A614E438F770C21AD7CAB229BA81.e.5365","ELEMENT":"f.683367EF064D6F54A1F942EA8E2F8118.d.2ED8A614E438F770C21AD7CAB229BA81.e.5365"}]}
COMMAND: GET /session/59746a33121488b03cb28927e3139cef/element/f.683367EF064D6F54A1F942EA8E2F8118.d.2ED8A614E438F770C21AD7CAB229BA81.e.5364/attribute/aria-checked - {}
COMMAND: GET /session/59746a33121488b03cb28927e3139cef/screenshot - {}
RESULT: {}
COMMAND: POST /session/59746a33121488b03cb28927e3139cef/element - {"using":"xpath","value":"//table[contains(@id, \"listView-innerSelectionPanelTable-listUl\")]/tbody/tr[3]/td[2]/div/div"}
RESULT: {}
RESULT: {"using":"xpath","value":"//table[contains(@id, \"listView-innerSelectionPanelTable-listUl\")]/tbody/tr[3]/td[2]/div/div"}
COMMAND: POST /session/59746a33121488b03cb28927e3139cef/element - {"using":"xpath","value":"//table[contains(@id, \"listView-innerSelectionPanelTable-listUl\")]/tbody/tr[3]/td[2]/div"}
RESULT: {"using":"xpath","value":"//table[contains(@id, \"listView-innerSelectionPanelTable-listUl\")]/tbody/tr[3]/td[2]/div"}
COMMAND: POST /session/59746a33121488b03cb28927e3139cef/element - {"using":"xpath","value":"//table[contains(@id, \"listView-innerSelectionPanelTable-listUl\")]/tbody/tr[3]/td[3]/div/div/span/span[1]/bdi"}
RESULT: {"using":"xpath","value":"//table[contains(@id, \"listView-innerSelectionPanelTable-listUl\")]/tbody/tr[3]/td[3]/div/div/span/span[1]/bdi"}
COMMAND: POST /session/59746a33121488b03cb28927e3139cef/execute/sync - {"script":"<script> [56 bytes]","args":[{"element-6066-11e4-a52e-4f735466cecf":"f.683367EF064D6F54A1F942EA8E2F8118.d.2ED8A614E438F770C21AD7CAB229BA81.e.5368","ELEMENT":"f.683367EF064D6F54A1F942EA8E2F8118.d.2ED8A614E438F770C21AD7CAB229BA81.e.5368"}]}
RESULT: {"script":"<script> [56 bytes]","args":[{"element-6066-11e4-a52e-4f735466cecf":"f.683367EF064D6F54A1F942EA8E2F8118.d.2ED8A614E438F770C21AD7CAB229BA81.e.5368","ELEMENT":"f.683367EF064D6F54A1F942EA8E2F8118.d.2ED8A614E438F770C21AD7CAB229BA81.e.5368"}]}
COMMAND: GET /session/59746a33121488b03cb28927e3139cef/element/f.683367EF064D6F54A1F942EA8E2F8118.d.2ED8A614E438F770C21AD7CAB229BA81.e.5367/attribute/aria-checked - {}
COMMAND: GET /session/59746a33121488b03cb28927e3139cef/screenshot - {}
RESULT: {}
COMMAND: POST /session/59746a33121488b03cb28927e3139cef/element - {"using":"xpath","value":"//table[contains(@id, \"listView-innerSelectionPanelTable-listUl\")]/tbody/tr[4]/td[2]/div/div"}
RESULT: {}
RESULT: {"using":"xpath","value":"//table[contains(@id, \"listView-innerSelectionPanelTable-listUl\")]/tbody/tr[4]/td[2]/div/div"}
COMMAND: POST /session/59746a33121488b03cb28927e3139cef/element - {"using":"xpath","value":"//table[contains(@id, \"listView-innerSelectionPanelTable-listUl\")]/tbody/tr[4]/td[2]/div"}
RESULT: {"using":"xpath","value":"//table[contains(@id, \"listView-innerSelectionPanelTable-listUl\")]/tbody/tr[4]/td[2]/div"}
COMMAND: POST /session/59746a33121488b03cb28927e3139cef/element - {"using":"xpath","value":"//table[contains(@id, \"listView-innerSelectionPanelTable-listUl\")]/tbody/tr[4]/td[3]/div/div/span/span[1]/bdi"}
RESULT: {"using":"xpath","value":"//table[contains(@id, \"listView-innerSelectionPanelTable-listUl\")]/tbody/tr[4]/td[3]/div/div/span/span[1]/bdi"}
COMMAND: POST /session/59746a33121488b03cb28927e3139cef/execute/sync - {"script":"<script> [56 bytes]","args":[{"element-6066-11e4-a52e-4f735466cecf":"f.683367EF064D6F54A1F942EA8E2F8118.d.2ED8A614E438F770C21AD7CAB229BA81.e.5371","ELEMENT":"f.683367EF064D6F54A1F942EA8E2F8118.d.2ED8A614E438F770C21AD7CAB229BA81.e.5371"}]}
RESULT: {"script":"<script> [56 bytes]","args":[{"element-6066-11e4-a52e-4f735466cecf":"f.683367EF064D6F54A1F942EA8E2F8118.d.2ED8A614E438F770C21AD7CAB229BA81.e.5371","ELEMENT":"f.683367EF064D6F54A1F942EA8E2F8118.d.2ED8A614E438F770C21AD7CAB229BA81.e.5371"}]}
COMMAND: GET /session/59746a33121488b03cb28927e3139cef/element/f.683367EF064D6F54A1F942EA8E2F8118.d.2ED8A614E438F770C21AD7CAB229BA81.e.5370/attribute/aria-checked - {}
COMMAND: GET /session/59746a33121488b03cb28927e3139cef/screenshot - {}
RESULT: {}
COMMAND: POST /session/59746a33121488b03cb28927e3139cef/element - {"using":"xpath","value":"//table[contains(@id, \"listView-innerSelectionPanelTable-listUl\")]/tbody/tr[5]/td[2]/div/div"}
RESULT: {}
RESULT: {"using":"xpath","value":"//table[contains(@id, \"listView-innerSelectionPanelTable-listUl\")]/tbody/tr[5]/td[2]/div/div"}
COMMAND: POST /session/59746a33121488b03cb28927e3139cef/element - {"using":"xpath","value":"//table[contains(@id, \"listView-innerSelectionPanelTable-listUl\")]/tbody/tr[5]/td[2]/div"}
RESULT: {"using":"xpath","value":"//table[contains(@id, \"listView-innerSelectionPanelTable-listUl\")]/tbody/tr[5]/td[2]/div"}
COMMAND: POST /session/59746a33121488b03cb28927e3139cef/element - {"using":"xpath","value":"//table[contains(@id, \"listView-innerSelectionPanelTable-listUl\")]/tbody/tr[5]/td[3]/div/div/span/span[1]/bdi"}
RESULT: {"using":"xpath","value":"//table[contains(@id, \"listView-innerSelectionPanelTable-listUl\")]/tbody/tr[5]/td[3]/div/div/span/span[1]/bdi"}
COMMAND: POST /session/59746a33121488b03cb28927e3139cef/execute/sync - {"script":"<script> [56 bytes]","args":[{"element-6066-11e4-a52e-4f735466cecf":"f.683367EF064D6F54A1F942EA8E2F8118.d.2ED8A614E438F770C21AD7CAB229BA81.e.5374","ELEMENT":"f.683367EF064D6F54A1F942EA8E2F8118.d.2ED8A614E438F770C21AD7CAB229BA81.e.5374"}]}
RESULT: {"script":"<script> [56 bytes]","args":[{"element-6066-11e4-a52e-4f735466cecf":"f.683367EF064D6F54A1F942EA8E2F8118.d.2ED8A614E438F770C21AD7CAB229BA81.e.5374","ELEMENT":"f.683367EF064D6F54A1F942EA8E2F8118.d.2ED8A614E438F770C21AD7CAB229BA81.e.5374"}]}
COMMAND: GET /session/59746a33121488b03cb28927e3139cef/element/f.683367EF064D6F54A1F942EA8E2F8118.d.2ED8A614E438F770C21AD7CAB229BA81.e.5373/attribute/aria-checked - {}
COMMAND: GET /session/59746a33121488b03cb28927e3139cef/screenshot - {}
RESULT: {}
COMMAND: POST /session/59746a33121488b03cb28927e3139cef/element - {"using":"xpath","value":"//table[contains(@id, \"listView-innerSelectionPanelTable-listUl\")]/tbody/tr[6]/td[2]/div/div"}
RESULT: {}
RESULT: {"using":"xpath","value":"//table[contains(@id, \"listView-innerSelectionPanelTable-listUl\")]/tbody/tr[6]/td[2]/div/div"}
COMMAND: POST /session/59746a33121488b03cb28927e3139cef/element - {"using":"xpath","value":"//table[contains(@id, \"listView-innerSelectionPanelTable-listUl\")]/tbody/tr[6]/td[2]/div"}
RESULT: {"using":"xpath","value":"//table[contains(@id, \"listView-innerSelectionPanelTable-listUl\")]/tbody/tr[6]/td[2]/div"}
COMMAND: POST /session/59746a33121488b03cb28927e3139cef/element - {"using":"xpath","value":"//table[contains(@id, \"listView-innerSelectionPanelTable-listUl\")]/tbody/tr[6]/td[3]/div/div/span/span[1]/bdi"}
RESULT: {"using":"xpath","value":"//table[contains(@id, \"listView-innerSelectionPanelTable-listUl\")]/tbody/tr[6]/td[3]/div/div/span/span[1]/bdi"}
COMMAND: POST /session/59746a33121488b03cb28927e3139cef/execute/sync - {"script":"<script> [56 bytes]","args":[{"element-6066-11e4-a52e-4f735466cecf":"f.683367EF064D6F54A1F942EA8E2F8118.d.2ED8A614E438F770C21AD7CAB229BA81.e.5377","ELEMENT":"f.683367EF064D6F54A1F942EA8E2F8118.d.2ED8A614E438F770C21AD7CAB229BA81.e.5377"}]}
RESULT: {"script":"<script> [56 bytes]","args":[{"element-6066-11e4-a52e-4f735466cecf":"f.683367EF064D6F54A1F942EA8E2F8118.d.2ED8A614E438F770C21AD7CAB229BA81.e.5377","ELEMENT":"f.683367EF064D6F54A1F942EA8E2F8118.d.2ED8A614E438F770C21AD7CAB229BA81.e.5377"}]}
COMMAND: GET /session/59746a33121488b03cb28927e3139cef/element/f.683367EF064D6F54A1F942EA8E2F8118.d.2ED8A614E438F770C21AD7CAB229BA81.e.5376/attribute/aria-checked - {}
COMMAND: GET /session/59746a33121488b03cb28927e3139cef/screenshot - {}
RESULT: {}
COMMAND: POST /session/59746a33121488b03cb28927e3139cef/element - {"using":"xpath","value":"//table[contains(@id, \"listView-innerSelectionPanelTable-listUl\")]/tbody/tr[7]/td[2]/div/div"}
RESULT: {}
RESULT: {"using":"xpath","value":"//table[contains(@id, \"listView-innerSelectionPanelTable-listUl\")]/tbody/tr[7]/td[2]/div/div"}
COMMAND: POST /session/59746a33121488b03cb28927e3139cef/element - {"using":"xpath","value":"//table[contains(@id, \"listView-innerSelectionPanelTable-listUl\")]/tbody/tr[7]/td[2]/div"}
RESULT: {"using":"xpath","value":"//table[contains(@id, \"listView-innerSelectionPanelTable-listUl\")]/tbody/tr[7]/td[2]/div"}
COMMAND: POST /session/59746a33121488b03cb28927e3139cef/element - {"using":"xpath","value":"//table[contains(@id, \"listView-innerSelectionPanelTable-listUl\")]/tbody/tr[7]/td[3]/div/div/span/span[1]/bdi"}
RESULT: {"using":"xpath","value":"//table[contains(@id, \"listView-innerSelectionPanelTable-listUl\")]/tbody/tr[7]/td[3]/div/div/span/span[1]/bdi"}
COMMAND: POST /session/59746a33121488b03cb28927e3139cef/execute/sync - {"script":"<script> [56 bytes]","args":[{"element-6066-11e4-a52e-4f735466cecf":"f.683367EF064D6F54A1F942EA8E2F8118.d.2ED8A614E438F770C21AD7CAB229BA81.e.5380","ELEMENT":"f.683367EF064D6F54A1F942EA8E2F8118.d.2ED8A614E438F770C21AD7CAB229BA81.e.5380"}]}
RESULT: {"script":"<script> [56 bytes]","args":[{"element-6066-11e4-a52e-4f735466cecf":"f.683367EF064D6F54A1F942EA8E2F8118.d.2ED8A614E438F770C21AD7CAB229BA81.e.5380","ELEMENT":"f.683367EF064D6F54A1F942EA8E2F8118.d.2ED8A614E438F770C21AD7CAB229BA81.e.5380"}]}
COMMAND: GET /session/59746a33121488b03cb28927e3139cef/element/f.683367EF064D6F54A1F942EA8E2F8118.d.2ED8A614E438F770C21AD7CAB229BA81.e.5379/attribute/aria-checked - {}
COMMAND: GET /session/59746a33121488b03cb28927e3139cef/screenshot - {}
RESULT: {}
COMMAND: POST /session/59746a33121488b03cb28927e3139cef/element - {"using":"xpath","value":"//table[contains(@id, \"listView-innerSelectionPanelTable-listUl\")]/tbody/tr[8]/td[2]/div/div"}
RESULT: {}
RESULT: {"using":"xpath","value":"//table[contains(@id, \"listView-innerSelectionPanelTable-listUl\")]/tbody/tr[8]/td[2]/div/div"}
COMMAND: POST /session/59746a33121488b03cb28927e3139cef/element - {"using":"xpath","value":"//table[contains(@id, \"listView-innerSelectionPanelTable-listUl\")]/tbody/tr[8]/td[2]/div"}
RESULT: {"using":"xpath","value":"//table[contains(@id, \"listView-innerSelectionPanelTable-listUl\")]/tbody/tr[8]/td[2]/div"}
COMMAND: POST /session/59746a33121488b03cb28927e3139cef/element - {"using":"xpath","value":"//table[contains(@id, \"listView-innerSelectionPanelTable-listUl\")]/tbody/tr[8]/td[3]/div/div/span/span[1]/bdi"}
RESULT: {"using":"xpath","value":"//table[contains(@id, \"listView-innerSelectionPanelTable-listUl\")]/tbody/tr[8]/td[3]/div/div/span/span[1]/bdi"}
COMMAND: POST /session/59746a33121488b03cb28927e3139cef/execute/sync - {"script":"<script> [56 bytes]","args":[{"element-6066-11e4-a52e-4f735466cecf":"f.683367EF064D6F54A1F942EA8E2F8118.d.2ED8A614E438F770C21AD7CAB229BA81.e.5383","ELEMENT":"f.683367EF064D6F54A1F942EA8E2F8118.d.2ED8A614E438F770C21AD7CAB229BA81.e.5383"}]}
RESULT: {"script":"<script> [56 bytes]","args":[{"element-6066-11e4-a52e-4f735466cecf":"f.683367EF064D6F54A1F942EA8E2F8118.d.2ED8A614E438F770C21AD7CAB229BA81.e.5383","ELEMENT":"f.683367EF064D6F54A1F942EA8E2F8118.d.2ED8A614E438F770C21AD7CAB229BA81.e.5383"}]}
COMMAND: GET /session/59746a33121488b03cb28927e3139cef/element/f.683367EF064D6F54A1F942EA8E2F8118.d.2ED8A614E438F770C21AD7CAB229BA81.e.5382/attribute/aria-checked - {}
COMMAND: GET /session/59746a33121488b03cb28927e3139cef/screenshot - {}
RESULT: {}
COMMAND: POST /session/59746a33121488b03cb28927e3139cef/element - {"using":"xpath","value":"//table[contains(@id, \"listView-innerSelectionPanelTable-listUl\")]/tbody/tr[9]/td[2]/div/div"}
RESULT: {}
RESULT: {"using":"xpath","value":"//table[contains(@id, \"listView-innerSelectionPanelTable-listUl\")]/tbody/tr[9]/td[2]/div/div"}
COMMAND: POST /session/59746a33121488b03cb28927e3139cef/element - {"using":"xpath","value":"//table[contains(@id, \"listView-innerSelectionPanelTable-listUl\")]/tbody/tr[9]/td[2]/div"}
RESULT: {"using":"xpath","value":"//table[contains(@id, \"listView-innerSelectionPanelTable-listUl\")]/tbody/tr[9]/td[2]/div"}
COMMAND: POST /session/59746a33121488b03cb28927e3139cef/element - {"using":"xpath","value":"//table[contains(@id, \"listView-innerSelectionPanelTable-listUl\")]/tbody/tr[9]/td[3]/div/div/span/span[1]/bdi"}
RESULT: {"using":"xpath","value":"//table[contains(@id, \"listView-innerSelectionPanelTable-listUl\")]/tbody/tr[9]/td[3]/div/div/span/span[1]/bdi"}
COMMAND: POST /session/59746a33121488b03cb28927e3139cef/execute/sync - {"script":"<script> [56 bytes]","args":[{"element-6066-11e4-a52e-4f735466cecf":"f.683367EF064D6F54A1F942EA8E2F8118.d.2ED8A614E438F770C21AD7CAB229BA81.e.5386","ELEMENT":"f.683367EF064D6F54A1F942EA8E2F8118.d.2ED8A614E438F770C21AD7CAB229BA81.e.5386"}]}
RESULT: {"script":"<script> [56 bytes]","args":[{"element-6066-11e4-a52e-4f735466cecf":"f.683367EF064D6F54A1F942EA8E2F8118.d.2ED8A614E438F770C21AD7CAB229BA81.e.5386","ELEMENT":"f.683367EF064D6F54A1F942EA8E2F8118.d.2ED8A614E438F770C21AD7CAB229BA81.e.5386"}]}
COMMAND: GET /session/59746a33121488b03cb28927e3139cef/element/f.683367EF064D6F54A1F942EA8E2F8118.d.2ED8A614E438F770C21AD7CAB229BA81.e.5385/attribute/aria-checked - {}
COMMAND: GET /session/59746a33121488b03cb28927e3139cef/screenshot - {}
RESULT: {}
COMMAND: POST /session/59746a33121488b03cb28927e3139cef/element - {"using":"xpath","value":"//table[contains(@id, \"listView-innerSelectionPanelTable-listUl\")]/tbody/tr[10]/td[2]/div/div"}
RESULT: {}
RESULT: {"using":"xpath","value":"//table[contains(@id, \"listView-innerSelectionPanelTable-listUl\")]/tbody/tr[10]/td[2]/div/div"}
COMMAND: POST /session/59746a33121488b03cb28927e3139cef/element - {"using":"xpath","value":"//table[contains(@id, \"listView-innerSelectionPanelTable-listUl\")]/tbody/tr[10]/td[2]/div"}
RESULT: {"using":"xpath","value":"//table[contains(@id, \"listView-innerSelectionPanelTable-listUl\")]/tbody/tr[10]/td[2]/div"}
COMMAND: POST /session/59746a33121488b03cb28927e3139cef/element - {"using":"xpath","value":"//table[contains(@id, \"listView-innerSelectionPanelTable-listUl\")]/tbody/tr[10]/td[3]/div/div/span/span[1]/bdi"}
RESULT: {"using":"xpath","value":"//table[contains(@id, \"listView-innerSelectionPanelTable-listUl\")]/tbody/tr[10]/td[3]/div/div/span/span[1]/bdi"}
COMMAND: POST /session/59746a33121488b03cb28927e3139cef/execute/sync - {"script":"<script> [56 bytes]","args":[{"element-6066-11e4-a52e-4f735466cecf":"f.683367EF064D6F54A1F942EA8E2F8118.d.2ED8A614E438F770C21AD7CAB229BA81.e.5389","ELEMENT":"f.683367EF064D6F54A1F942EA8E2F8118.d.2ED8A614E438F770C21AD7CAB229BA81.e.5389"}]}
RESULT: {"script":"<script> [56 bytes]","args":[{"element-6066-11e4-a52e-4f735466cecf":"f.683367EF064D6F54A1F942EA8E2F8118.d.2ED8A614E438F770C21AD7CAB229BA81.e.5389","ELEMENT":"f.683367EF064D6F54A1F942EA8E2F8118.d.2ED8A614E438F770C21AD7CAB229BA81.e.5389"}]}
COMMAND: GET /session/59746a33121488b03cb28927e3139cef/element/f.683367EF064D6F54A1F942EA8E2F8118.d.2ED8A614E438F770C21AD7CAB229BA81.e.5388/attribute/aria-checked - {}
COMMAND: GET /session/59746a33121488b03cb28927e3139cef/screenshot - {}
RESULT: {}
COMMAND: POST /session/59746a33121488b03cb28927e3139cef/element - {"using":"xpath","value":"//table[contains(@id, \"listView-innerSelectionPanelTable-listUl\")]/tbody/tr[11]/td[2]/div/div"}
RESULT: {}
RESULT: {"using":"xpath","value":"//table[contains(@id, \"listView-innerSelectionPanelTable-listUl\")]/tbody/tr[11]/td[2]/div/div"}
COMMAND: POST /session/59746a33121488b03cb28927e3139cef/element - {"using":"xpath","value":"//table[contains(@id, \"listView-innerSelectionPanelTable-listUl\")]/tbody/tr[11]/td[2]/div"}
RESULT: {"using":"xpath","value":"//table[contains(@id, \"listView-innerSelectionPanelTable-listUl\")]/tbody/tr[11]/td[2]/div"}
COMMAND: POST /session/59746a33121488b03cb28927e3139cef/element - {"using":"xpath","value":"//table[contains(@id, \"listView-innerSelectionPanelTable-listUl\")]/tbody/tr[11]/td[3]/div/div/span/span[1]/bdi"}
RESULT: {"using":"xpath","value":"//table[contains(@id, \"listView-innerSelectionPanelTable-listUl\")]/tbody/tr[11]/td[3]/div/div/span/span[1]/bdi"}
COMMAND: POST /session/59746a33121488b03cb28927e3139cef/execute/sync - {"script":"<script> [56 bytes]","args":[{"element-6066-11e4-a52e-4f735466cecf":"f.683367EF064D6F54A1F942EA8E2F8118.d.2ED8A614E438F770C21AD7CAB229BA81.e.5392","ELEMENT":"f.683367EF064D6F54A1F942EA8E2F8118.d.2ED8A614E438F770C21AD7CAB229BA81.e.5392"}]}
RESULT: {"script":"<script> [56 bytes]","args":[{"element-6066-11e4-a52e-4f735466cecf":"f.683367EF064D6F54A1F942EA8E2F8118.d.2ED8A614E438F770C21AD7CAB229BA81.e.5392","ELEMENT":"f.683367EF064D6F54A1F942EA8E2F8118.d.2ED8A614E438F770C21AD7CAB229BA81.e.5392"}]}
COMMAND: GET /session/59746a33121488b03cb28927e3139cef/element/f.683367EF064D6F54A1F942EA8E2F8118.d.2ED8A614E438F770C21AD7CAB229BA81.e.5391/attribute/aria-checked - {}
COMMAND: GET /session/59746a33121488b03cb28927e3139cef/screenshot - {}
RESULT: {}
COMMAND: POST /session/59746a33121488b03cb28927e3139cef/element - {"using":"xpath","value":"//table[contains(@id, \"listView-innerSelectionPanelTable-listUl\")]/tbody/tr[12]/td[2]/div/div"}
RESULT: {}
RESULT: {"using":"xpath","value":"//table[contains(@id, \"listView-innerSelectionPanelTable-listUl\")]/tbody/tr[12]/td[2]/div/div"}
COMMAND: POST /session/59746a33121488b03cb28927e3139cef/element - {"using":"xpath","value":"//table[contains(@id, \"listView-innerSelectionPanelTable-listUl\")]/tbody/tr[12]/td[2]/div"}
RESULT: {"using":"xpath","value":"//table[contains(@id, \"listView-innerSelectionPanelTable-listUl\")]/tbody/tr[12]/td[2]/div"}
COMMAND: POST /session/59746a33121488b03cb28927e3139cef/element - {"using":"xpath","value":"//table[contains(@id, \"listView-innerSelectionPanelTable-listUl\")]/tbody/tr[12]/td[3]/div/div/span/span[1]/bdi"}
RESULT: {"using":"xpath","value":"//table[contains(@id, \"listView-innerSelectionPanelTable-listUl\")]/tbody/tr[12]/td[3]/div/div/span/span[1]/bdi"}
COMMAND: POST /session/59746a33121488b03cb28927e3139cef/execute/sync - {"script":"<script> [56 bytes]","args":[{"element-6066-11e4-a52e-4f735466cecf":"f.683367EF064D6F54A1F942EA8E2F8118.d.2ED8A614E438F770C21AD7CAB229BA81.e.5395","ELEMENT":"f.683367EF064D6F54A1F942EA8E2F8118.d.2ED8A614E438F770C21AD7CAB229BA81.e.5395"}]}
RESULT: {"script":"<script> [56 bytes]","args":[{"element-6066-11e4-a52e-4f735466cecf":"f.683367EF064D6F54A1F942EA8E2F8118.d.2ED8A614E438F770C21AD7CAB229BA81.e.5395","ELEMENT":"f.683367EF064D6F54A1F942EA8E2F8118.d.2ED8A614E438F770C21AD7CAB229BA81.e.5395"}]}
COMMAND: GET /session/59746a33121488b03cb28927e3139cef/element/f.683367EF064D6F54A1F942EA8E2F8118.d.2ED8A614E438F770C21AD7CAB229BA81.e.5394/attribute/aria-checked - {}
COMMAND: GET /session/59746a33121488b03cb28927e3139cef/screenshot - {}
RESULT: {}
COMMAND: POST /session/59746a33121488b03cb28927e3139cef/element - {"using":"xpath","value":"//table[contains(@id, \"listView-innerSelectionPanelTable-listUl\")]/tbody/tr[13]/td[2]/div/div"}
RESULT: {}
RESULT: {"using":"xpath","value":"//table[contains(@id, \"listView-innerSelectionPanelTable-listUl\")]/tbody/tr[13]/td[2]/div/div"}
COMMAND: POST /session/59746a33121488b03cb28927e3139cef/element - {"using":"xpath","value":"//table[contains(@id, \"listView-innerSelectionPanelTable-listUl\")]/tbody/tr[13]/td[2]/div"}
RESULT: {"using":"xpath","value":"//table[contains(@id, \"listView-innerSelectionPanelTable-listUl\")]/tbody/tr[13]/td[2]/div"}
COMMAND: POST /session/59746a33121488b03cb28927e3139cef/element - {"using":"xpath","value":"//table[contains(@id, \"listView-innerSelectionPanelTable-listUl\")]/tbody/tr[13]/td[3]/div/div/span/span[1]/bdi"}
RESULT: {"using":"xpath","value":"//table[contains(@id, \"listView-innerSelectionPanelTable-listUl\")]/tbody/tr[13]/td[3]/div/div/span/span[1]/bdi"}
COMMAND: POST /session/59746a33121488b03cb28927e3139cef/execute/sync - {"script":"<script> [56 bytes]","args":[{"element-6066-11e4-a52e-4f735466cecf":"f.683367EF064D6F54A1F942EA8E2F8118.d.2ED8A614E438F770C21AD7CAB229BA81.e.5398","ELEMENT":"f.683367EF064D6F54A1F942EA8E2F8118.d.2ED8A614E438F770C21AD7CAB229BA81.e.5398"}]}
RESULT: {"script":"<script> [56 bytes]","args":[{"element-6066-11e4-a52e-4f735466cecf":"f.683367EF064D6F54A1F942EA8E2F8118.d.2ED8A614E438F770C21AD7CAB229BA81.e.5398","ELEMENT":"f.683367EF064D6F54A1F942EA8E2F8118.d.2ED8A614E438F770C21AD7CAB229BA81.e.5398"}]}
COMMAND: GET /session/59746a33121488b03cb28927e3139cef/element/f.683367EF064D6F54A1F942EA8E2F8118.d.2ED8A614E438F770C21AD7CAB229BA81.e.5397/attribute/aria-checked - {}
COMMAND: GET /session/59746a33121488b03cb28927e3139cef/screenshot - {}
RESULT: {}
COMMAND: POST /session/59746a33121488b03cb28927e3139cef/element - {"using":"xpath","value":"//table[contains(@id, \"listView-innerSelectionPanelTable-listUl\")]/tbody/tr[14]/td[2]/div/div"}
COMMAND: POST /session/59746a33121488b03cb28927e3139cef/element/f.683367EF064D6F54A1F942EA8E2F8118.d.2ED8A614E438F770C21AD7CAB229BA81.e.5396/click - {}
RESULT: {}
RESULT: {"using":"xpath","value":"//table[contains(@id, \"listView-innerSelectionPanelTable-listUl\")]/tbody/tr[14]/td[2]/div/div"}
COMMAND: POST /session/59746a33121488b03cb28927e3139cef/element - {"using":"xpath","value":"//table[contains(@id, \"listView-innerSelectionPanelTable-listUl\")]/tbody/tr[14]/td[2]/div"}
RESULT: {}
COMMAND: GET /session/59746a33121488b03cb28927e3139cef/screenshot - {}
RESULT: {"using":"xpath","value":"//table[contains(@id, \"listView-innerSelectionPanelTable-listUl\")]/tbody/tr[14]/td[2]/div"}
COMMAND: POST /session/59746a33121488b03cb28927e3139cef/element - {"using":"xpath","value":"//table[contains(@id, \"listView-innerSelectionPanelTable-listUl\")]/tbody/tr[14]/td[3]/div/div/span/span[1]/bdi"}
RESULT: {}
RESULT: {"using":"xpath","value":"//table[contains(@id, \"listView-innerSelectionPanelTable-listUl\")]/tbody/tr[14]/td[3]/div/div/span/span[1]/bdi"}
COMMAND: POST /session/59746a33121488b03cb28927e3139cef/execute/sync - {"script":"<script> [56 bytes]","args":[{"element-6066-11e4-a52e-4f735466cecf":"f.683367EF064D6F54A1F942EA8E2F8118.d.2ED8A614E438F770C21AD7CAB229BA81.e.5402","ELEMENT":"f.683367EF064D6F54A1F942EA8E2F8118.d.2ED8A614E438F770C21AD7CAB229BA81.e.5402"}]}
RESULT: {"script":"<script> [56 bytes]","args":[{"element-6066-11e4-a52e-4f735466cecf":"f.683367EF064D6F54A1F942EA8E2F8118.d.2ED8A614E438F770C21AD7CAB229BA81.e.5402","ELEMENT":"f.683367EF064D6F54A1F942EA8E2F8118.d.2ED8A614E438F770C21AD7CAB229BA81.e.5402"}]}
COMMAND: GET /session/59746a33121488b03cb28927e3139cef/element/f.683367EF064D6F54A1F942EA8E2F8118.d.2ED8A614E438F770C21AD7CAB229BA81.e.5401/attribute/aria-checked - {}
COMMAND: GET /session/59746a33121488b03cb28927e3139cef/screenshot - {}
RESULT: {}
COMMAND: POST /session/59746a33121488b03cb28927e3139cef/element - {"using":"xpath","value":"//table[contains(@id, \"listView-innerSelectionPanelTable-listUl\")]/tbody/tr[15]/td[2]/div/div"}
RESULT: {}
RESULT: {"using":"xpath","value":"//table[contains(@id, \"listView-innerSelectionPanelTable-listUl\")]/tbody/tr[15]/td[2]/div/div"}
COMMAND: POST /session/59746a33121488b03cb28927e3139cef/element - {"using":"xpath","value":"//table[contains(@id, \"listView-innerSelectionPanelTable-listUl\")]/tbody/tr[15]/td[2]/div"}
RESULT: {"using":"xpath","value":"//table[contains(@id, \"listView-innerSelectionPanelTable-listUl\")]/tbody/tr[15]/td[2]/div"}
COMMAND: POST /session/59746a33121488b03cb28927e3139cef/element - {"using":"xpath","value":"//table[contains(@id, \"listView-innerSelectionPanelTable-listUl\")]/tbody/tr[15]/td[3]/div/div/span/span[1]/bdi"}
RESULT: {"using":"xpath","value":"//table[contains(@id, \"listView-innerSelectionPanelTable-listUl\")]/tbody/tr[15]/td[3]/div/div/span/span[1]/bdi"}
COMMAND: POST /session/59746a33121488b03cb28927e3139cef/execute/sync - {"script":"<script> [56 bytes]","args":[{"element-6066-11e4-a52e-4f735466cecf":"f.683367EF064D6F54A1F942EA8E2F8118.d.2ED8A614E438F770C21AD7CAB229BA81.e.5405","ELEMENT":"f.683367EF064D6F54A1F942EA8E2F8118.d.2ED8A614E438F770C21AD7CAB229BA81.e.5405"}]}
RESULT: {"script":"<script> [56 bytes]","args":[{"element-6066-11e4-a52e-4f735466cecf":"f.683367EF064D6F54A1F942EA8E2F8118.d.2ED8A614E438F770C21AD7CAB229BA81.e.5405","ELEMENT":"f.683367EF064D6F54A1F942EA8E2F8118.d.2ED8A614E438F770C21AD7CAB229BA81.e.5405"}]}
COMMAND: GET /session/59746a33121488b03cb28927e3139cef/element/f.683367EF064D6F54A1F942EA8E2F8118.d.2ED8A614E438F770C21AD7CAB229BA81.e.5404/attribute/aria-checked - {}
COMMAND: GET /session/59746a33121488b03cb28927e3139cef/screenshot - {}
RESULT: {}
COMMAND: POST /session/59746a33121488b03cb28927e3139cef/element - {"using":"xpath","value":"//table[contains(@id, \"listView-innerSelectionPanelTable-listUl\")]/tbody/tr[16]/td[2]/div/div"}
RESULT: {}
RESULT: {"using":"xpath","value":"//table[contains(@id, \"listView-innerSelectionPanelTable-listUl\")]/tbody/tr[16]/td[2]/div/div"}
COMMAND: POST /session/59746a33121488b03cb28927e3139cef/element - {"using":"xpath","value":"//table[contains(@id, \"listView-innerSelectionPanelTable-listUl\")]/tbody/tr[16]/td[2]/div"}
RESULT: {"using":"xpath","value":"//table[contains(@id, \"listView-innerSelectionPanelTable-listUl\")]/tbody/tr[16]/td[2]/div"}
COMMAND: POST /session/59746a33121488b03cb28927e3139cef/element - {"using":"xpath","value":"//table[contains(@id, \"listView-innerSelectionPanelTable-listUl\")]/tbody/tr[16]/td[3]/div/div/span/span[1]/bdi"}
RESULT: {"using":"xpath","value":"//table[contains(@id, \"listView-innerSelectionPanelTable-listUl\")]/tbody/tr[16]/td[3]/div/div/span/span[1]/bdi"}
COMMAND: POST /session/59746a33121488b03cb28927e3139cef/execute/sync - {"script":"<script> [56 bytes]","args":[{"element-6066-11e4-a52e-4f735466cecf":"f.683367EF064D6F54A1F942EA8E2F8118.d.2ED8A614E438F770C21AD7CAB229BA81.e.5408","ELEMENT":"f.683367EF064D6F54A1F942EA8E2F8118.d.2ED8A614E438F770C21AD7CAB229BA81.e.5408"}]}
RESULT: {"script":"<script> [56 bytes]","args":[{"element-6066-11e4-a52e-4f735466cecf":"f.683367EF064D6F54A1F942EA8E2F8118.d.2ED8A614E438F770C21AD7CAB229BA81.e.5408","ELEMENT":"f.683367EF064D6F54A1F942EA8E2F8118.d.2ED8A614E438F770C21AD7CAB229BA81.e.5408"}]}
COMMAND: GET /session/59746a33121488b03cb28927e3139cef/element/f.683367EF064D6F54A1F942EA8E2F8118.d.2ED8A614E438F770C21AD7CAB229BA81.e.5407/attribute/aria-checked - {}
COMMAND: GET /session/59746a33121488b03cb28927e3139cef/screenshot - {}
RESULT: {}
COMMAND: POST /session/59746a33121488b03cb28927e3139cef/element - {"using":"xpath","value":"//table[contains(@id, \"listView-innerSelectionPanelTable-listUl\")]/tbody/tr[17]/td[2]/div/div"}
RESULT: {}
RESULT: {"using":"xpath","value":"//table[contains(@id, \"listView-innerSelectionPanelTable-listUl\")]/tbody/tr[17]/td[2]/div/div"}
COMMAND: POST /session/59746a33121488b03cb28927e3139cef/element - {"using":"xpath","value":"//table[contains(@id, \"listView-innerSelectionPanelTable-listUl\")]/tbody/tr[17]/td[2]/div"}
RESULT: {"using":"xpath","value":"//table[contains(@id, \"listView-innerSelectionPanelTable-listUl\")]/tbody/tr[17]/td[2]/div"}
COMMAND: POST /session/59746a33121488b03cb28927e3139cef/element - {"using":"xpath","value":"//table[contains(@id, \"listView-innerSelectionPanelTable-listUl\")]/tbody/tr[17]/td[3]/div/div/span/span[1]/bdi"}
RESULT: {"using":"xpath","value":"//table[contains(@id, \"listView-innerSelectionPanelTable-listUl\")]/tbody/tr[17]/td[3]/div/div/span/span[1]/bdi"}
COMMAND: POST /session/59746a33121488b03cb28927e3139cef/execute/sync - {"script":"<script> [56 bytes]","args":[{"element-6066-11e4-a52e-4f735466cecf":"f.683367EF064D6F54A1F942EA8E2F8118.d.2ED8A614E438F770C21AD7CAB229BA81.e.5411","ELEMENT":"f.683367EF064D6F54A1F942EA8E2F8118.d.2ED8A614E438F770C21AD7CAB229BA81.e.5411"}]}
RESULT: {"script":"<script> [56 bytes]","args":[{"element-6066-11e4-a52e-4f735466cecf":"f.683367EF064D6F54A1F942EA8E2F8118.d.2ED8A614E438F770C21AD7CAB229BA81.e.5411","ELEMENT":"f.683367EF064D6F54A1F942EA8E2F8118.d.2ED8A614E438F770C21AD7CAB229BA81.e.5411"}]}
COMMAND: GET /session/59746a33121488b03cb28927e3139cef/element/f.683367EF064D6F54A1F942EA8E2F8118.d.2ED8A614E438F770C21AD7CAB229BA81.e.5410/attribute/aria-checked - {}
COMMAND: GET /session/59746a33121488b03cb28927e3139cef/screenshot - {}
RESULT: {}
COMMAND: POST /session/59746a33121488b03cb28927e3139cef/element - {"using":"xpath","value":"//table[contains(@id, \"listView-innerSelectionPanelTable-listUl\")]/tbody/tr[18]/td[2]/div/div"}
RESULT: {}
RESULT: {"using":"xpath","value":"//table[contains(@id, \"listView-innerSelectionPanelTable-listUl\")]/tbody/tr[18]/td[2]/div/div"}
COMMAND: POST /session/59746a33121488b03cb28927e3139cef/element - {"using":"xpath","value":"//table[contains(@id, \"listView-innerSelectionPanelTable-listUl\")]/tbody/tr[18]/td[2]/div"}
RESULT: {"using":"xpath","value":"//table[contains(@id, \"listView-innerSelectionPanelTable-listUl\")]/tbody/tr[18]/td[2]/div"}
COMMAND: POST /session/59746a33121488b03cb28927e3139cef/element - {"using":"xpath","value":"//table[contains(@id, \"listView-innerSelectionPanelTable-listUl\")]/tbody/tr[18]/td[3]/div/div/span/span[1]/bdi"}
RESULT: {"using":"xpath","value":"//table[contains(@id, \"listView-innerSelectionPanelTable-listUl\")]/tbody/tr[18]/td[3]/div/div/span/span[1]/bdi"}
COMMAND: POST /session/59746a33121488b03cb28927e3139cef/execute/sync - {"script":"<script> [56 bytes]","args":[{"element-6066-11e4-a52e-4f735466cecf":"f.683367EF064D6F54A1F942EA8E2F8118.d.2ED8A614E438F770C21AD7CAB229BA81.e.5414","ELEMENT":"f.683367EF064D6F54A1F942EA8E2F8118.d.2ED8A614E438F770C21AD7CAB229BA81.e.5414"}]}
RESULT: {"script":"<script> [56 bytes]","args":[{"element-6066-11e4-a52e-4f735466cecf":"f.683367EF064D6F54A1F942EA8E2F8118.d.2ED8A614E438F770C21AD7CAB229BA81.e.5414","ELEMENT":"f.683367EF064D6F54A1F942EA8E2F8118.d.2ED8A614E438F770C21AD7CAB229BA81.e.5414"}]}
COMMAND: GET /session/59746a33121488b03cb28927e3139cef/element/f.683367EF064D6F54A1F942EA8E2F8118.d.2ED8A614E438F770C21AD7CAB229BA81.e.5413/attribute/aria-checked - {}
COMMAND: GET /session/59746a33121488b03cb28927e3139cef/screenshot - {}
RESULT: {}
COMMAND: POST /session/59746a33121488b03cb28927e3139cef/element - {"using":"xpath","value":"//table[contains(@id, \"listView-innerSelectionPanelTable-listUl\")]/tbody/tr[19]/td[2]/div/div"}
RESULT: {}
RESULT: {"using":"xpath","value":"//table[contains(@id, \"listView-innerSelectionPanelTable-listUl\")]/tbody/tr[19]/td[2]/div/div"}
COMMAND: POST /session/59746a33121488b03cb28927e3139cef/element - {"using":"xpath","value":"//table[contains(@id, \"listView-innerSelectionPanelTable-listUl\")]/tbody/tr[19]/td[2]/div"}
RESULT: {"using":"xpath","value":"//table[contains(@id, \"listView-innerSelectionPanelTable-listUl\")]/tbody/tr[19]/td[2]/div"}
COMMAND: POST /session/59746a33121488b03cb28927e3139cef/element - {"using":"xpath","value":"//table[contains(@id, \"listView-innerSelectionPanelTable-listUl\")]/tbody/tr[19]/td[3]/div/div/span/span[1]/bdi"}
RESULT: {"using":"xpath","value":"//table[contains(@id, \"listView-innerSelectionPanelTable-listUl\")]/tbody/tr[19]/td[3]/div/div/span/span[1]/bdi"}
COMMAND: POST /session/59746a33121488b03cb28927e3139cef/execute/sync - {"script":"<script> [56 bytes]","args":[{"element-6066-11e4-a52e-4f735466cecf":"f.683367EF064D6F54A1F942EA8E2F8118.d.2ED8A614E438F770C21AD7CAB229BA81.e.5417","ELEMENT":"f.683367EF064D6F54A1F942EA8E2F8118.d.2ED8A614E438F770C21AD7CAB229BA81.e.5417"}]}
RESULT: {"script":"<script> [56 bytes]","args":[{"element-6066-11e4-a52e-4f735466cecf":"f.683367EF064D6F54A1F942EA8E2F8118.d.2ED8A614E438F770C21AD7CAB229BA81.e.5417","ELEMENT":"f.683367EF064D6F54A1F942EA8E2F8118.d.2ED8A614E438F770C21AD7CAB229BA81.e.5417"}]}
COMMAND: GET /session/59746a33121488b03cb28927e3139cef/element/f.683367EF064D6F54A1F942EA8E2F8118.d.2ED8A614E438F770C21AD7CAB229BA81.e.5416/attribute/aria-checked - {}
COMMAND: GET /session/59746a33121488b03cb28927e3139cef/screenshot - {}
RESULT: {}
COMMAND: POST /session/59746a33121488b03cb28927e3139cef/element - {"using":"xpath","value":"//table[contains(@id, \"listView-innerSelectionPanelTable-listUl\")]/tbody/tr[20]/td[2]/div/div"}
RESULT: {}
RESULT: {"using":"xpath","value":"//table[contains(@id, \"listView-innerSelectionPanelTable-listUl\")]/tbody/tr[20]/td[2]/div/div"}
COMMAND: POST /session/59746a33121488b03cb28927e3139cef/element - {"using":"xpath","value":"//table[contains(@id, \"listView-innerSelectionPanelTable-listUl\")]/tbody/tr[20]/td[2]/div"}
RESULT: {"using":"xpath","value":"//table[contains(@id, \"listView-innerSelectionPanelTable-listUl\")]/tbody/tr[20]/td[2]/div"}
COMMAND: POST /session/59746a33121488b03cb28927e3139cef/element - {"using":"xpath","value":"//table[contains(@id, \"listView-innerSelectionPanelTable-listUl\")]/tbody/tr[20]/td[3]/div/div/span/span[1]/bdi"}
RESULT: {"using":"xpath","value":"//table[contains(@id, \"listView-innerSelectionPanelTable-listUl\")]/tbody/tr[20]/td[3]/div/div/span/span[1]/bdi"}
COMMAND: POST /session/59746a33121488b03cb28927e3139cef/execute/sync - {"script":"<script> [56 bytes]","args":[{"element-6066-11e4-a52e-4f735466cecf":"f.683367EF064D6F54A1F942EA8E2F8118.d.2ED8A614E438F770C21AD7CAB229BA81.e.5420","ELEMENT":"f.683367EF064D6F54A1F942EA8E2F8118.d.2ED8A614E438F770C21AD7CAB229BA81.e.5420"}]}
RESULT: {"script":"<script> [56 bytes]","args":[{"element-6066-11e4-a52e-4f735466cecf":"f.683367EF064D6F54A1F942EA8E2F8118.d.2ED8A614E438F770C21AD7CAB229BA81.e.5420","ELEMENT":"f.683367EF064D6F54A1F942EA8E2F8118.d.2ED8A614E438F770C21AD7CAB229BA81.e.5420"}]}
COMMAND: GET /session/59746a33121488b03cb28927e3139cef/element/f.683367EF064D6F54A1F942EA8E2F8118.d.2ED8A614E438F770C21AD7CAB229BA81.e.5419/attribute/aria-checked - {}
COMMAND: GET /session/59746a33121488b03cb28927e3139cef/screenshot - {}
RESULT: {}
COMMAND: POST /session/59746a33121488b03cb28927e3139cef/element - {"using":"xpath","value":"//table[contains(@id, \"listView-innerSelectionPanelTable-listUl\")]/tbody/tr[21]/td[2]/div/div"}
RESULT: {}
RESULT: {"using":"xpath","value":"//table[contains(@id, \"listView-innerSelectionPanelTable-listUl\")]/tbody/tr[21]/td[2]/div/div"}
COMMAND: POST /session/59746a33121488b03cb28927e3139cef/element - {"using":"xpath","value":"//table[contains(@id, \"listView-innerSelectionPanelTable-listUl\")]/tbody/tr[21]/td[2]/div"}
RESULT: {"using":"xpath","value":"//table[contains(@id, \"listView-innerSelectionPanelTable-listUl\")]/tbody/tr[21]/td[2]/div"}
COMMAND: POST /session/59746a33121488b03cb28927e3139cef/element - {"using":"xpath","value":"//table[contains(@id, \"listView-innerSelectionPanelTable-listUl\")]/tbody/tr[21]/td[3]/div/div/span/span[1]/bdi"}
RESULT: {"using":"xpath","value":"//table[contains(@id, \"listView-innerSelectionPanelTable-listUl\")]/tbody/tr[21]/td[3]/div/div/span/span[1]/bdi"}
COMMAND: POST /session/59746a33121488b03cb28927e3139cef/execute/sync - {"script":"<script> [56 bytes]","args":[{"element-6066-11e4-a52e-4f735466cecf":"f.683367EF064D6F54A1F942EA8E2F8118.d.2ED8A614E438F770C21AD7CAB229BA81.e.5423","ELEMENT":"f.683367EF064D6F54A1F942EA8E2F8118.d.2ED8A614E438F770C21AD7CAB229BA81.e.5423"}]}
RESULT: {"script":"<script> [56 bytes]","args":[{"element-6066-11e4-a52e-4f735466cecf":"f.683367EF064D6F54A1F942EA8E2F8118.d.2ED8A614E438F770C21AD7CAB229BA81.e.5423","ELEMENT":"f.683367EF064D6F54A1F942EA8E2F8118.d.2ED8A614E438F770C21AD7CAB229BA81.e.5423"}]}
COMMAND: GET /session/59746a33121488b03cb28927e3139cef/element/f.683367EF064D6F54A1F942EA8E2F8118.d.2ED8A614E438F770C21AD7CAB229BA81.e.5422/attribute/aria-checked - {}
COMMAND: GET /session/59746a33121488b03cb28927e3139cef/screenshot - {}
RESULT: {}
COMMAND: POST /session/59746a33121488b03cb28927e3139cef/element - {"using":"xpath","value":"//table[contains(@id, \"listView-innerSelectionPanelTable-listUl\")]/tbody/tr[22]/td[2]/div/div"}
RESULT: {}
RESULT: {"using":"xpath","value":"//table[contains(@id, \"listView-innerSelectionPanelTable-listUl\")]/tbody/tr[22]/td[2]/div/div"}
COMMAND: POST /session/59746a33121488b03cb28927e3139cef/element - {"using":"xpath","value":"//table[contains(@id, \"listView-innerSelectionPanelTable-listUl\")]/tbody/tr[22]/td[2]/div"}
RESULT: {"using":"xpath","value":"//table[contains(@id, \"listView-innerSelectionPanelTable-listUl\")]/tbody/tr[22]/td[2]/div"}
COMMAND: POST /session/59746a33121488b03cb28927e3139cef/element - {"using":"xpath","value":"//table[contains(@id, \"listView-innerSelectionPanelTable-listUl\")]/tbody/tr[22]/td[3]/div/div/span/span[1]/bdi"}
RESULT: {"using":"xpath","value":"//table[contains(@id, \"listView-innerSelectionPanelTable-listUl\")]/tbody/tr[22]/td[3]/div/div/span/span[1]/bdi"}
COMMAND: POST /session/59746a33121488b03cb28927e3139cef/execute/sync - {"script":"<script> [56 bytes]","args":[{"element-6066-11e4-a52e-4f735466cecf":"f.683367EF064D6F54A1F942EA8E2F8118.d.2ED8A614E438F770C21AD7CAB229BA81.e.5426","ELEMENT":"f.683367EF064D6F54A1F942EA8E2F8118.d.2ED8A614E438F770C21AD7CAB229BA81.e.5426"}]}
RESULT: {"script":"<script> [56 bytes]","args":[{"element-6066-11e4-a52e-4f735466cecf":"f.683367EF064D6F54A1F942EA8E2F8118.d.2ED8A614E438F770C21AD7CAB229BA81.e.5426","ELEMENT":"f.683367EF064D6F54A1F942EA8E2F8118.d.2ED8A614E438F770C21AD7CAB229BA81.e.5426"}]}
COMMAND: GET /session/59746a33121488b03cb28927e3139cef/element/f.683367EF064D6F54A1F942EA8E2F8118.d.2ED8A614E438F770C21AD7CAB229BA81.e.5425/attribute/aria-checked - {}
COMMAND: GET /session/59746a33121488b03cb28927e3139cef/screenshot - {}
RESULT: {}
COMMAND: POST /session/59746a33121488b03cb28927e3139cef/element - {"using":"xpath","value":"//table[contains(@id, \"listView-innerSelectionPanelTable-listUl\")]/tbody/tr[23]/td[2]/div/div"}
RESULT: {}
RESULT: {"using":"xpath","value":"//table[contains(@id, \"listView-innerSelectionPanelTable-listUl\")]/tbody/tr[23]/td[2]/div/div"}
COMMAND: POST /session/59746a33121488b03cb28927e3139cef/element - {"using":"xpath","value":"//table[contains(@id, \"listView-innerSelectionPanelTable-listUl\")]/tbody/tr[23]/td[2]/div"}
RESULT: {"using":"xpath","value":"//table[contains(@id, \"listView-innerSelectionPanelTable-listUl\")]/tbody/tr[23]/td[2]/div"}
COMMAND: POST /session/59746a33121488b03cb28927e3139cef/element - {"using":"xpath","value":"//table[contains(@id, \"listView-innerSelectionPanelTable-listUl\")]/tbody/tr[23]/td[3]/div/div/span/span[1]/bdi"}
RESULT: {"using":"xpath","value":"//table[contains(@id, \"listView-innerSelectionPanelTable-listUl\")]/tbody/tr[23]/td[3]/div/div/span/span[1]/bdi"}
COMMAND: POST /session/59746a33121488b03cb28927e3139cef/execute/sync - {"script":"<script> [56 bytes]","args":[{"element-6066-11e4-a52e-4f735466cecf":"f.683367EF064D6F54A1F942EA8E2F8118.d.2ED8A614E438F770C21AD7CAB229BA81.e.5429","ELEMENT":"f.683367EF064D6F54A1F942EA8E2F8118.d.2ED8A614E438F770C21AD7CAB229BA81.e.5429"}]}
RESULT: {"script":"<script> [56 bytes]","args":[{"element-6066-11e4-a52e-4f735466cecf":"f.683367EF064D6F54A1F942EA8E2F8118.d.2ED8A614E438F770C21AD7CAB229BA81.e.5429","ELEMENT":"f.683367EF064D6F54A1F942EA8E2F8118.d.2ED8A614E438F770C21AD7CAB229BA81.e.5429"}]}
COMMAND: GET /session/59746a33121488b03cb28927e3139cef/element/f.683367EF064D6F54A1F942EA8E2F8118.d.2ED8A614E438F770C21AD7CAB229BA81.e.5428/attribute/aria-checked - {}
COMMAND: GET /session/59746a33121488b03cb28927e3139cef/screenshot - {}
RESULT: {}
COMMAND: POST /session/59746a33121488b03cb28927e3139cef/element - {"using":"xpath","value":"//table[contains(@id, \"listView-innerSelectionPanelTable-listUl\")]/tbody/tr[24]/td[2]/div/div"}
RESULT: {}
RESULT: {"using":"xpath","value":"//table[contains(@id, \"listView-innerSelectionPanelTable-listUl\")]/tbody/tr[24]/td[2]/div/div"}
COMMAND: POST /session/59746a33121488b03cb28927e3139cef/element - {"using":"xpath","value":"//table[contains(@id, \"listView-innerSelectionPanelTable-listUl\")]/tbody/tr[24]/td[2]/div"}
RESULT: {"using":"xpath","value":"//table[contains(@id, \"listView-innerSelectionPanelTable-listUl\")]/tbody/tr[24]/td[2]/div"}
COMMAND: POST /session/59746a33121488b03cb28927e3139cef/element - {"using":"xpath","value":"//table[contains(@id, \"listView-innerSelectionPanelTable-listUl\")]/tbody/tr[24]/td[3]/div/div/span/span[1]/bdi"}
RESULT: {"using":"xpath","value":"//table[contains(@id, \"listView-innerSelectionPanelTable-listUl\")]/tbody/tr[24]/td[3]/div/div/span/span[1]/bdi"}
COMMAND: POST /session/59746a33121488b03cb28927e3139cef/execute/sync - {"script":"<script> [56 bytes]","args":[{"element-6066-11e4-a52e-4f735466cecf":"f.683367EF064D6F54A1F942EA8E2F8118.d.2ED8A614E438F770C21AD7CAB229BA81.e.5432","ELEMENT":"f.683367EF064D6F54A1F942EA8E2F8118.d.2ED8A614E438F770C21AD7CAB229BA81.e.5432"}]}
RESULT: {"script":"<script> [56 bytes]","args":[{"element-6066-11e4-a52e-4f735466cecf":"f.683367EF064D6F54A1F942EA8E2F8118.d.2ED8A614E438F770C21AD7CAB229BA81.e.5432","ELEMENT":"f.683367EF064D6F54A1F942EA8E2F8118.d.2ED8A614E438F770C21AD7CAB229BA81.e.5432"}]}
COMMAND: GET /session/59746a33121488b03cb28927e3139cef/element/f.683367EF064D6F54A1F942EA8E2F8118.d.2ED8A614E438F770C21AD7CAB229BA81.e.5431/attribute/aria-checked - {}
COMMAND: GET /session/59746a33121488b03cb28927e3139cef/screenshot - {}
RESULT: {}
COMMAND: POST /session/59746a33121488b03cb28927e3139cef/element - {"using":"xpath","value":"//table[contains(@id, \"listView-innerSelectionPanelTable-listUl\")]/tbody/tr[25]/td[2]/div/div"}
RESULT: {}
RESULT: {"using":"xpath","value":"//table[contains(@id, \"listView-innerSelectionPanelTable-listUl\")]/tbody/tr[25]/td[2]/div/div"}
COMMAND: POST /session/59746a33121488b03cb28927e3139cef/element - {"using":"xpath","value":"//table[contains(@id, \"listView-innerSelectionPanelTable-listUl\")]/tbody/tr[25]/td[2]/div"}
RESULT: {"using":"xpath","value":"//table[contains(@id, \"listView-innerSelectionPanelTable-listUl\")]/tbody/tr[25]/td[2]/div"}
COMMAND: POST /session/59746a33121488b03cb28927e3139cef/element - {"using":"xpath","value":"//table[contains(@id, \"listView-innerSelectionPanelTable-listUl\")]/tbody/tr[25]/td[3]/div/div/span/span[1]/bdi"}
RESULT: {"using":"xpath","value":"//table[contains(@id, \"listView-innerSelectionPanelTable-listUl\")]/tbody/tr[25]/td[3]/div/div/span/span[1]/bdi"}
COMMAND: POST /session/59746a33121488b03cb28927e3139cef/execute/sync - {"script":"<script> [56 bytes]","args":[{"element-6066-11e4-a52e-4f735466cecf":"f.683367EF064D6F54A1F942EA8E2F8118.d.2ED8A614E438F770C21AD7CAB229BA81.e.5435","ELEMENT":"f.683367EF064D6F54A1F942EA8E2F8118.d.2ED8A614E438F770C21AD7CAB229BA81.e.5435"}]}
RESULT: {"script":"<script> [56 bytes]","args":[{"element-6066-11e4-a52e-4f735466cecf":"f.683367EF064D6F54A1F942EA8E2F8118.d.2ED8A614E438F770C21AD7CAB229BA81.e.5435","ELEMENT":"f.683367EF064D6F54A1F942EA8E2F8118.d.2ED8A614E438F770C21AD7CAB229BA81.e.5435"}]}
COMMAND: GET /session/59746a33121488b03cb28927e3139cef/element/f.683367EF064D6F54A1F942EA8E2F8118.d.2ED8A614E438F770C21AD7CAB229BA81.e.5434/attribute/aria-checked - {}
COMMAND: GET /session/59746a33121488b03cb28927e3139cef/screenshot - {}
RESULT: {}
COMMAND: POST /session/59746a33121488b03cb28927e3139cef/element - {"using":"xpath","value":"//bdi[contains(text(), \"OK\")]"}
RESULT: {}
RESULT: {"using":"xpath","value":"//bdi[contains(text(), \"OK\")]"}
COMMAND: POST /session/59746a33121488b03cb28927e3139cef/element/f.683367EF064D6F54A1F942EA8E2F8118.d.2ED8A614E438F770C21AD7CAB229BA81.e.5436/click - {}
RESULT: {}
COMMAND: GET /session/59746a33121488b03cb28927e3139cef/screenshot - {}
RESULT: {}
COMMAND: POST /session/59746a33121488b03cb28927e3139cef/execute/async - {"script":"<script> [1562 bytes]","args":[{"selector":{"id":"application-managepartners-display-component---masterPtm--smartFilterBar-filterItemControlA_-LINK_TO_ADDRESSES_MAIN.CITY1-vhi"},"wdio_ui5_key":"applicationmanagepartners-display-component---masterPtm--smartFilterBar-filterItemControlA_-LINK_TO_ADDRESSES_MAIN.CITY1-vhi"}]}
RESULT: {"script":"<script> [1562 bytes]","args":[{"selector":{"id":"application-managepartners-display-component---masterPtm--smartFilterBar-filterItemControlA_-LINK_TO_ADDRESSES_MAIN.CITY1-vhi"},"wdio_ui5_key":"applicationmanagepartners-display-component---masterPtm--smartFilterBar-filterItemControlA_-LINK_TO_ADDRESSES_MAIN.CITY1-vhi"}]}
RESULT: undefined
COMMAND: POST /session/59746a33121488b03cb28927e3139cef/element - {"using":"xpath","value":"//*[@id=\"application-managepartners-display-component---masterPtm--smartFilterBar-filterItemControlA_-LINK_TO_ADDRESSES_MAIN.CITY1-vhi\"]"}
RESULT: {"using":"xpath","value":"//*[@id=\"application-managepartners-display-component---masterPtm--smartFilterBar-filterItemControlA_-LINK_TO_ADDRESSES_MAIN.CITY1-vhi\"]"}
COMMAND: POST /session/59746a33121488b03cb28927e3139cef/element/f.683367EF064D6F54A1F942EA8E2F8118.d.2ED8A614E438F770C21AD7CAB229BA81.e.5450/click - {}
RESULT: {}
COMMAND: GET /session/59746a33121488b03cb28927e3139cef/screenshot - {}
RESULT: {}
COMMAND: POST /session/59746a33121488b03cb28927e3139cef/execute/async - {"script":"<script> [1562 bytes]","args":[{"selector":{"controlType":"sap.m.Input","viewName":"etm.portal.ui.managepartners.view.Master","viewId":"application-managepartners-display-component---masterPtm","properties":{"valueState":"None"},"searchOpenDialogs":true,"interaction":{"idSuffix":"inner"}},"wdio_ui5_key":"etmportal.ui.managepartners.view.Mastersap.m.Input{\"valueState\":\"None\"}"}]}
RESULT: {"script":"<script> [1562 bytes]","args":[{"selector":{"controlType":"sap.m.Input","viewName":"etm.portal.ui.managepartners.view.Master","viewId":"application-managepartners-display-component---masterPtm","properties":{"valueState":"None"},"searchOpenDialogs":true,"interaction":{"idSuffix":"inner"}},"wdio_ui5_key":"etmportal.ui.managepartners.view.Mastersap.m.Input{\"valueState\":\"None\"}"}]}
RESULT: undefined
COMMAND: POST /session/59746a33121488b03cb28927e3139cef/execute/async - {"script":"<script> [776 bytes]","args":[{"enterText":"Bangalore","selector":{"controlType":"sap.m.Input","viewName":"etm.portal.ui.managepartners.view.Master","viewId":"application-managepartners-display-component---masterPtm","properties":{"valueState":"None"},"searchOpenDialogs":true,"interaction":{"idSuffix":"inner"}},"clearTextFirst":true,"interactionType":"ENTER_TEXT"}]}
RESULT: {"script":"<script> [776 bytes]","args":[{"enterText":"Bangalore","selector":{"controlType":"sap.m.Input","viewName":"etm.portal.ui.managepartners.view.Master","viewId":"application-managepartners-display-component---masterPtm","properties":{"valueState":"None"},"searchOpenDialogs":true,"interaction":{"idSuffix":"inner"}},"clearTextFirst":true,"interactionType":"ENTER_TEXT"}]}
COMMAND: POST /session/59746a33121488b03cb28927e3139cef/actions - {"actions":[{"id":"action21","type":"key","parameters":{},"actions":[{"type":"keyDown","value":"î€‡"},{"type":"pause","duration":10},{"type":"keyUp","value":"î€‡"}]}]}
RESULT: {"actions":[{"id":"action21","type":"key","parameters":{},"actions":[{"type":"keyDown","value":"î€‡"},{"type":"pause","duration":10},{"type":"keyUp","value":"î€‡"}]}]}
COMMAND: GET /session/59746a33121488b03cb28927e3139cef/screenshot - {}
RESULT: {}
COMMAND: POST /session/59746a33121488b03cb28927e3139cef/element - {"using":"xpath","value":"(//bdi[contains(text(), \"OK\")])[1]"}
RESULT: {"using":"xpath","value":"(//bdi[contains(text(), \"OK\")])[1]"}
COMMAND: POST /session/59746a33121488b03cb28927e3139cef/element/f.683367EF064D6F54A1F942EA8E2F8118.d.2ED8A614E438F770C21AD7CAB229BA81.e.5456/click - {}
RESULT: {}
COMMAND: GET /session/59746a33121488b03cb28927e3139cef/screenshot - {}
RESULT: {}
COMMAND: POST /session/59746a33121488b03cb28927e3139cef/element - {"using":"xpath","value":"//span[@id=\"application-managepartners-display-component---masterPtm--smartTable-header-inner\"]"}
RESULT: {"using":"xpath","value":"//span[@id=\"application-managepartners-display-component---masterPtm--smartTable-header-inner\"]"}
COMMAND: POST /session/59746a33121488b03cb28927e3139cef/elements - {"using":"xpath","value":"//span[@id=\"application-managepartners-display-component---masterPtm--smartTable-header-inner\"]"}
RESULT: {"using":"xpath","value":"//span[@id=\"application-managepartners-display-component---masterPtm--smartTable-header-inner\"]"}
COMMAND: POST /session/59746a33121488b03cb28927e3139cef/execute/sync - {"script":"<script> [56 bytes]","args":[{"element-6066-11e4-a52e-4f735466cecf":"f.683367EF064D6F54A1F942EA8E2F8118.d.2ED8A614E438F770C21AD7CAB229BA81.e.4879","ELEMENT":"f.683367EF064D6F54A1F942EA8E2F8118.d.2ED8A614E438F770C21AD7CAB229BA81.e.4879"}]}
RESULT: {"script":"<script> [56 bytes]","args":[{"element-6066-11e4-a52e-4f735466cecf":"f.683367EF064D6F54A1F942EA8E2F8118.d.2ED8A614E438F770C21AD7CAB229BA81.e.4879","ELEMENT":"f.683367EF064D6F54A1F942EA8E2F8118.d.2ED8A614E438F770C21AD7CAB229BA81.e.4879"}]}
COMMAND: GET /session/59746a33121488b03cb28927e3139cef/screenshot - {}
COMMAND: GET /session/59746a33121488b03cb28927e3139cef/screenshot - {}
RESULT: {}
]]></system-out>
      <system-err><![CDATA[
TypeError: Cannot read properties of null (reading '0')
    at Context.<anonymous> (D:\a\1\s\test\specs\BTS\manage-partners.spec.js:664:91)
]]></system-err>
    </testcase>
    <testcase classname="chrome.136_0_7103_49.windows.Partner_specific_tests_US150819_US151080_US151654_US151176_US103444_US151078_US151079_US151109_US151174_US151175_US151189" name="Should do filtering and navigation tests US151109" time="162.602">
      <skipped />
      <system-out><![CDATA[
COMMAND: POST /session/59746a33121488b03cb28927e3139cef/element - {"using":"xpath","value":"//li[.//span[text()=\"Manage Partners\"]]"}
RESULT: {}
RESULT: {"using":"xpath","value":"//li[.//span[text()=\"Manage Partners\"]]"}
COMMAND: POST /session/59746a33121488b03cb28927e3139cef/element - {"using":"xpath","value":"//li[.//span[text()=\"Manage Partners\"]]"}
RESULT: {"using":"xpath","value":"//li[.//span[text()=\"Manage Partners\"]]"}
COMMAND: POST /session/59746a33121488b03cb28927e3139cef/element - {"using":"css selector","value":"#shell-header-logo"}
RESULT: {"using":"css selector","value":"#shell-header-logo"}
COMMAND: POST /session/59746a33121488b03cb28927e3139cef/element/f.683367EF064D6F54A1F942EA8E2F8118.d.2ED8A614E438F770C21AD7CAB229BA81.e.4764/click - {}
COMMAND: POST /session/59746a33121488b03cb28927e3139cef/execute/sync - {"script":"<script> [8489 bytes]","args":[{"element-6066-11e4-a52e-4f735466cecf":"f.683367EF064D6F54A1F942EA8E2F8118.d.2ED8A614E438F770C21AD7CAB229BA81.e.4764","ELEMENT":"f.683367EF064D6F54A1F942EA8E2F8118.d.2ED8A614E438F770C21AD7CAB229BA81.e.4764"}]}
RESULT: {}
COMMAND: GET /session/59746a33121488b03cb28927e3139cef/screenshot - {}
COMMAND: POST /session/59746a33121488b03cb28927e3139cef/element - {"using":"css selector","value":"#shell-header-logo"}
RESULT: {}
RESULT: {"using":"css selector","value":"#shell-header-logo"}
COMMAND: POST /session/59746a33121488b03cb28927e3139cef/execute/sync - {"script":"<script> [8489 bytes]","args":[{"element-6066-11e4-a52e-4f735466cecf":"f.683367EF064D6F54A1F942EA8E2F8118.d.2ED8A614E438F770C21AD7CAB229BA81.e.5462","ELEMENT":"f.683367EF064D6F54A1F942EA8E2F8118.d.2ED8A614E438F770C21AD7CAB229BA81.e.5462"}]}
RESULT: {"script":"<script> [8489 bytes]","args":[{"element-6066-11e4-a52e-4f735466cecf":"f.683367EF064D6F54A1F942EA8E2F8118.d.2ED8A614E438F770C21AD7CAB229BA81.e.5462","ELEMENT":"f.683367EF064D6F54A1F942EA8E2F8118.d.2ED8A614E438F770C21AD7CAB229BA81.e.5462"}]}
COMMAND: POST /session/59746a33121488b03cb28927e3139cef/execute/sync - {"script":"<script> [5351 bytes]","args":[{"element-6066-11e4-a52e-4f735466cecf":"f.683367EF064D6F54A1F942EA8E2F8118.d.2ED8A614E438F770C21AD7CAB229BA81.e.5462","ELEMENT":"f.683367EF064D6F54A1F942EA8E2F8118.d.2ED8A614E438F770C21AD7CAB229BA81.e.5462"}]}
COMMAND: GET /session/59746a33121488b03cb28927e3139cef/screenshot - {}
RESULT: {"script":"<script> [5351 bytes]","args":[{"element-6066-11e4-a52e-4f735466cecf":"f.683367EF064D6F54A1F942EA8E2F8118.d.2ED8A614E438F770C21AD7CAB229BA81.e.5462","ELEMENT":"f.683367EF064D6F54A1F942EA8E2F8118.d.2ED8A614E438F770C21AD7CAB229BA81.e.5462"}]}
COMMAND: GET /session/59746a33121488b03cb28927e3139cef/screenshot - {}
RESULT: {}
RESULT: {}
RESULT: undefined
COMMAND: POST /session/59746a33121488b03cb28927e3139cef/element - {"using":"xpath","value":"//*[@id=\"__tile30\"]"}
RESULT: {"using":"xpath","value":"//*[@id=\"__tile30\"]"}
COMMAND: POST /session/59746a33121488b03cb28927e3139cef/element/f.683367EF064D6F54A1F942EA8E2F8118.d.2ED8A614E438F770C21AD7CAB229BA81.e.3684/click - {}
RESULT: {}
COMMAND: POST /session/59746a33121488b03cb28927e3139cef/element - {"using":"xpath","value":"//button[@data-kt=\"addButton\"]"}
COMMAND: GET /session/59746a33121488b03cb28927e3139cef/screenshot - {}
RESULT: {"using":"xpath","value":"//button[@data-kt=\"addButton\"]"}
COMMAND: POST /session/59746a33121488b03cb28927e3139cef/elements - {"using":"xpath","value":"//button[@data-kt=\"addButton\"]"}
RESULT: {}
RESULT: {"using":"xpath","value":"//button[@data-kt=\"addButton\"]"}
COMMAND: POST /session/59746a33121488b03cb28927e3139cef/element - {"using":"xpath","value":"//button[@data-kt=\"addButton\"]"}
RESULT: {"using":"xpath","value":"//button[@data-kt=\"addButton\"]"}
COMMAND: POST /session/59746a33121488b03cb28927e3139cef/execute/sync - {"script":"<script> [8489 bytes]","args":[{"element-6066-11e4-a52e-4f735466cecf":"f.683367EF064D6F54A1F942EA8E2F8118.d.2ED8A614E438F770C21AD7CAB229BA81.e.5508","ELEMENT":"f.683367EF064D6F54A1F942EA8E2F8118.d.2ED8A614E438F770C21AD7CAB229BA81.e.5508"}]}
RESULT: {"script":"<script> [8489 bytes]","args":[{"element-6066-11e4-a52e-4f735466cecf":"f.683367EF064D6F54A1F942EA8E2F8118.d.2ED8A614E438F770C21AD7CAB229BA81.e.5508","ELEMENT":"f.683367EF064D6F54A1F942EA8E2F8118.d.2ED8A614E438F770C21AD7CAB229BA81.e.5508"}]}
COMMAND: GET /session/59746a33121488b03cb28927e3139cef/element/f.683367EF064D6F54A1F942EA8E2F8118.d.2ED8A614E438F770C21AD7CAB229BA81.e.5508/enabled - {}
COMMAND: GET /session/59746a33121488b03cb28927e3139cef/screenshot - {}
RESULT: {}
COMMAND: POST /session/59746a33121488b03cb28927e3139cef/execute/sync - {"script":"<script> [8489 bytes]","args":[{"element-6066-11e4-a52e-4f735466cecf":"f.683367EF064D6F54A1F942EA8E2F8118.d.2ED8A614E438F770C21AD7CAB229BA81.e.5508","ELEMENT":"f.683367EF064D6F54A1F942EA8E2F8118.d.2ED8A614E438F770C21AD7CAB229BA81.e.5508"}]}
COMMAND: GET /session/59746a33121488b03cb28927e3139cef/screenshot - {}
RESULT: {}
RESULT: {"script":"<script> [8489 bytes]","args":[{"element-6066-11e4-a52e-4f735466cecf":"f.683367EF064D6F54A1F942EA8E2F8118.d.2ED8A614E438F770C21AD7CAB229BA81.e.5508","ELEMENT":"f.683367EF064D6F54A1F942EA8E2F8118.d.2ED8A614E438F770C21AD7CAB229BA81.e.5508"}]}
COMMAND: POST /session/59746a33121488b03cb28927e3139cef/execute/sync - {"script":"<script> [5351 bytes]","args":[{"element-6066-11e4-a52e-4f735466cecf":"f.683367EF064D6F54A1F942EA8E2F8118.d.2ED8A614E438F770C21AD7CAB229BA81.e.5508","ELEMENT":"f.683367EF064D6F54A1F942EA8E2F8118.d.2ED8A614E438F770C21AD7CAB229BA81.e.5508"}]}
COMMAND: GET /session/59746a33121488b03cb28927e3139cef/screenshot - {}
RESULT: {}
RESULT: {"script":"<script> [5351 bytes]","args":[{"element-6066-11e4-a52e-4f735466cecf":"f.683367EF064D6F54A1F942EA8E2F8118.d.2ED8A614E438F770C21AD7CAB229BA81.e.5508","ELEMENT":"f.683367EF064D6F54A1F942EA8E2F8118.d.2ED8A614E438F770C21AD7CAB229BA81.e.5508"}]}
COMMAND: GET /session/59746a33121488b03cb28927e3139cef/screenshot - {}
RESULT: {}
RESULT: {}
COMMAND: POST /session/59746a33121488b03cb28927e3139cef/element - {"using":"xpath","value":"//span[@id=\"application-managepartners-display-component---masterPtm--smartTable-header-inner\"]"}
RESULT: {"using":"xpath","value":"//span[@id=\"application-managepartners-display-component---masterPtm--smartTable-header-inner\"]"}
COMMAND: POST /session/59746a33121488b03cb28927e3139cef/elements - {"using":"xpath","value":"//span[@id=\"application-managepartners-display-component---masterPtm--smartTable-header-inner\"]"}
RESULT: {"using":"xpath","value":"//span[@id=\"application-managepartners-display-component---masterPtm--smartTable-header-inner\"]"}
COMMAND: POST /session/59746a33121488b03cb28927e3139cef/execute/sync - {"script":"<script> [56 bytes]","args":[{"element-6066-11e4-a52e-4f735466cecf":"f.683367EF064D6F54A1F942EA8E2F8118.d.2ED8A614E438F770C21AD7CAB229BA81.e.5581","ELEMENT":"f.683367EF064D6F54A1F942EA8E2F8118.d.2ED8A614E438F770C21AD7CAB229BA81.e.5581"}]}
RESULT: {"script":"<script> [56 bytes]","args":[{"element-6066-11e4-a52e-4f735466cecf":"f.683367EF064D6F54A1F942EA8E2F8118.d.2ED8A614E438F770C21AD7CAB229BA81.e.5581","ELEMENT":"f.683367EF064D6F54A1F942EA8E2F8118.d.2ED8A614E438F770C21AD7CAB229BA81.e.5581"}]}
RESULT: undefined
COMMAND: POST /session/59746a33121488b03cb28927e3139cef/execute/async - {"script":"<script> [776 bytes]","args":[{"enterText":"External Partner WDIO","selector":{"id":"application-managepartners-display-component---masterPtm--smartFilterBar-btnBasicSearch","interaction":{"idSuffix":"I"}},"clearTextFirst":true,"interactionType":"ENTER_TEXT"}]}
COMMAND: GET /session/59746a33121488b03cb28927e3139cef/screenshot - {}
RESULT: {"script":"<script> [776 bytes]","args":[{"enterText":"External Partner WDIO","selector":{"id":"application-managepartners-display-component---masterPtm--smartFilterBar-btnBasicSearch","interaction":{"idSuffix":"I"}},"clearTextFirst":true,"interactionType":"ENTER_TEXT"}]}
RESULT: {}
COMMAND: POST /session/59746a33121488b03cb28927e3139cef/actions - {"actions":[{"id":"action22","type":"key","parameters":{},"actions":[{"type":"keyDown","value":"î€‡"},{"type":"pause","duration":10},{"type":"keyUp","value":"î€‡"}]}]}
RESULT: {"actions":[{"id":"action22","type":"key","parameters":{},"actions":[{"type":"keyDown","value":"î€‡"},{"type":"pause","duration":10},{"type":"keyUp","value":"î€‡"}]}]}
COMMAND: GET /session/59746a33121488b03cb28927e3139cef/screenshot - {}
RESULT: {}
COMMAND: POST /session/59746a33121488b03cb28927e3139cef/element - {"using":"xpath","value":"//span[@id=\"application-managepartners-display-component---masterPtm--smartTable-header-inner\"]"}
RESULT: {"using":"xpath","value":"//span[@id=\"application-managepartners-display-component---masterPtm--smartTable-header-inner\"]"}
COMMAND: POST /session/59746a33121488b03cb28927e3139cef/elements - {"using":"xpath","value":"//span[@id=\"application-managepartners-display-component---masterPtm--smartTable-header-inner\"]"}
RESULT: {"using":"xpath","value":"//span[@id=\"application-managepartners-display-component---masterPtm--smartTable-header-inner\"]"}
COMMAND: POST /session/59746a33121488b03cb28927e3139cef/execute/sync - {"script":"<script> [56 bytes]","args":[{"element-6066-11e4-a52e-4f735466cecf":"f.683367EF064D6F54A1F942EA8E2F8118.d.2ED8A614E438F770C21AD7CAB229BA81.e.5581","ELEMENT":"f.683367EF064D6F54A1F942EA8E2F8118.d.2ED8A614E438F770C21AD7CAB229BA81.e.5581"}]}
RESULT: {"script":"<script> [56 bytes]","args":[{"element-6066-11e4-a52e-4f735466cecf":"f.683367EF064D6F54A1F942EA8E2F8118.d.2ED8A614E438F770C21AD7CAB229BA81.e.5581","ELEMENT":"f.683367EF064D6F54A1F942EA8E2F8118.d.2ED8A614E438F770C21AD7CAB229BA81.e.5581"}]}
COMMAND: POST /session/59746a33121488b03cb28927e3139cef/element - {"using":"xpath","value":"//div[contains(@id, \"managepartners-display-component---masterPtm--smartFilterBar-btnBasicSearch-reset\")]"}
COMMAND: GET /session/59746a33121488b03cb28927e3139cef/screenshot - {}
RESULT: {"using":"xpath","value":"//div[contains(@id, \"managepartners-display-component---masterPtm--smartFilterBar-btnBasicSearch-reset\")]"}
COMMAND: POST /session/59746a33121488b03cb28927e3139cef/element/f.683367EF064D6F54A1F942EA8E2F8118.d.2ED8A614E438F770C21AD7CAB229BA81.e.5594/click - {}
RESULT: {}
RESULT: {}
COMMAND: GET /session/59746a33121488b03cb28927e3139cef/screenshot - {}
RESULT: {}
RESULT: undefined
COMMAND: POST /session/59746a33121488b03cb28927e3139cef/element - {"using":"xpath","value":"//*[@id=\"application-managepartners-display-component---masterPtm--smartFilterBar-filterItemControl_BASIC-MAIN_ADDRESS-vhi\"]"}
RESULT: {"using":"xpath","value":"//*[@id=\"application-managepartners-display-component---masterPtm--smartFilterBar-filterItemControl_BASIC-MAIN_ADDRESS-vhi\"]"}
COMMAND: POST /session/59746a33121488b03cb28927e3139cef/element/f.683367EF064D6F54A1F942EA8E2F8118.d.2ED8A614E438F770C21AD7CAB229BA81.e.5646/click - {}
RESULT: {}
COMMAND: GET /session/59746a33121488b03cb28927e3139cef/screenshot - {}
RESULT: {}
RESULT: undefined
COMMAND: POST /session/59746a33121488b03cb28927e3139cef/execute/async - {"script":"<script> [776 bytes]","args":[{"enterText":"Romania","selector":{"id":"application-managepartners-display-component---masterPtm--smartFilterBar-filterItemControl_BASIC-MAIN_ADDRESS-valueHelpDialog-smartFilterBar-btnBasicSearch","searchOpenDialogs":true,"interaction":{"idSuffix":"I"}},"clearTextFirst":true,"interactionType":"ENTER_TEXT"}]}
RESULT: {"script":"<script> [776 bytes]","args":[{"enterText":"Romania","selector":{"id":"application-managepartners-display-component---masterPtm--smartFilterBar-filterItemControl_BASIC-MAIN_ADDRESS-valueHelpDialog-smartFilterBar-btnBasicSearch","searchOpenDialogs":true,"interaction":{"idSuffix":"I"}},"clearTextFirst":true,"interactionType":"ENTER_TEXT"}]}
COMMAND: POST /session/59746a33121488b03cb28927e3139cef/actions - {"actions":[{"id":"action23","type":"key","parameters":{},"actions":[{"type":"keyDown","value":"î€‡"},{"type":"pause","duration":10},{"type":"keyUp","value":"î€‡"}]}]}
RESULT: {"actions":[{"id":"action23","type":"key","parameters":{},"actions":[{"type":"keyDown","value":"î€‡"},{"type":"pause","duration":10},{"type":"keyUp","value":"î€‡"}]}]}
COMMAND: POST /session/59746a33121488b03cb28927e3139cef/elements - {"using":"xpath","value":"//table[contains(@id, \"smartFilterBar-filterItemControl_BASIC-MAIN_ADDRESS-valueHelpDialog-table-table\")]/tbody/tr"}
COMMAND: GET /session/59746a33121488b03cb28927e3139cef/screenshot - {}
RESULT: {"using":"xpath","value":"//table[contains(@id, \"smartFilterBar-filterItemControl_BASIC-MAIN_ADDRESS-valueHelpDialog-table-table\")]/tbody/tr"}
COMMAND: POST /session/59746a33121488b03cb28927e3139cef/element - {"using":"xpath","value":"//table[contains(@id, \"smartFilterBar-filterItemControl_BASIC-MAIN_ADDRESS-valueHelpDialog-table-table\")]/tbody/tr[1]/td[1]/div/span"}
RESULT: {}
RESULT: {"using":"xpath","value":"//table[contains(@id, \"smartFilterBar-filterItemControl_BASIC-MAIN_ADDRESS-valueHelpDialog-table-table\")]/tbody/tr[1]/td[1]/div/span"}
COMMAND: POST /session/59746a33121488b03cb28927e3139cef/elements - {"using":"xpath","value":"//table[contains(@id, \"smartFilterBar-filterItemControl_BASIC-MAIN_ADDRESS-valueHelpDialog-table-table\")]/tbody/tr[1]/td[1]/div/span"}
RESULT: {"using":"xpath","value":"//table[contains(@id, \"smartFilterBar-filterItemControl_BASIC-MAIN_ADDRESS-valueHelpDialog-table-table\")]/tbody/tr[1]/td[1]/div/span"}
COMMAND: POST /session/59746a33121488b03cb28927e3139cef/execute/sync - {"script":"<script> [56 bytes]","args":[{"element-6066-11e4-a52e-4f735466cecf":"f.683367EF064D6F54A1F942EA8E2F8118.d.2ED8A614E438F770C21AD7CAB229BA81.e.5665","ELEMENT":"f.683367EF064D6F54A1F942EA8E2F8118.d.2ED8A614E438F770C21AD7CAB229BA81.e.5665"}]}
RESULT: {"script":"<script> [56 bytes]","args":[{"element-6066-11e4-a52e-4f735466cecf":"f.683367EF064D6F54A1F942EA8E2F8118.d.2ED8A614E438F770C21AD7CAB229BA81.e.5665","ELEMENT":"f.683367EF064D6F54A1F942EA8E2F8118.d.2ED8A614E438F770C21AD7CAB229BA81.e.5665"}]}
COMMAND: POST /session/59746a33121488b03cb28927e3139cef/element - {"using":"xpath","value":"//div[contains(@id, \"filterItemControl_BASIC-MAIN_ADDRESS-valueHelpDialog-table-rowsel0\")]"}
COMMAND: GET /session/59746a33121488b03cb28927e3139cef/screenshot - {}
RESULT: {"using":"xpath","value":"//div[contains(@id, \"filterItemControl_BASIC-MAIN_ADDRESS-valueHelpDialog-table-rowsel0\")]"}
COMMAND: POST /session/59746a33121488b03cb28927e3139cef/element/f.683367EF064D6F54A1F942EA8E2F8118.d.2ED8A614E438F770C21AD7CAB229BA81.e.5666/click - {}
RESULT: {}
RESULT: {}
COMMAND: GET /session/59746a33121488b03cb28927e3139cef/screenshot - {}
RESULT: {}
COMMAND: POST /session/59746a33121488b03cb28927e3139cef/element - {"using":"xpath","value":"(//bdi[contains(text(), \"OK\")])[1]"}
RESULT: {"using":"xpath","value":"(//bdi[contains(text(), \"OK\")])[1]"}
COMMAND: POST /session/59746a33121488b03cb28927e3139cef/element/f.683367EF064D6F54A1F942EA8E2F8118.d.2ED8A614E438F770C21AD7CAB229BA81.e.5668/click - {}
RESULT: {}
COMMAND: GET /session/59746a33121488b03cb28927e3139cef/screenshot - {}
RESULT: {}
COMMAND: POST /session/59746a33121488b03cb28927e3139cef/element - {"using":"xpath","value":"//span[@id=\"application-managepartners-display-component---masterPtm--smartTable-header-inner\"]"}
RESULT: {"using":"xpath","value":"//span[@id=\"application-managepartners-display-component---masterPtm--smartTable-header-inner\"]"}
COMMAND: POST /session/59746a33121488b03cb28927e3139cef/elements - {"using":"xpath","value":"//span[@id=\"application-managepartners-display-component---masterPtm--smartTable-header-inner\"]"}
RESULT: {"using":"xpath","value":"//span[@id=\"application-managepartners-display-component---masterPtm--smartTable-header-inner\"]"}
COMMAND: POST /session/59746a33121488b03cb28927e3139cef/execute/sync - {"script":"<script> [56 bytes]","args":[{"element-6066-11e4-a52e-4f735466cecf":"f.683367EF064D6F54A1F942EA8E2F8118.d.2ED8A614E438F770C21AD7CAB229BA81.e.5581","ELEMENT":"f.683367EF064D6F54A1F942EA8E2F8118.d.2ED8A614E438F770C21AD7CAB229BA81.e.5581"}]}
RESULT: {"script":"<script> [56 bytes]","args":[{"element-6066-11e4-a52e-4f735466cecf":"f.683367EF064D6F54A1F942EA8E2F8118.d.2ED8A614E438F770C21AD7CAB229BA81.e.5581","ELEMENT":"f.683367EF064D6F54A1F942EA8E2F8118.d.2ED8A614E438F770C21AD7CAB229BA81.e.5581"}]}
COMMAND: POST /session/59746a33121488b03cb28927e3139cef/element - {"using":"xpath","value":"//span[contains(@title, \"Remove\")]"}
COMMAND: GET /session/59746a33121488b03cb28927e3139cef/screenshot - {}
RESULT: {"using":"xpath","value":"//span[contains(@title, \"Remove\")]"}
COMMAND: POST /session/59746a33121488b03cb28927e3139cef/element/f.683367EF064D6F54A1F942EA8E2F8118.d.2ED8A614E438F770C21AD7CAB229BA81.e.5681/click - {}
RESULT: {}
RESULT: {}
COMMAND: GET /session/59746a33121488b03cb28927e3139cef/screenshot - {}
COMMAND: POST /session/59746a33121488b03cb28927e3139cef/element - {"using":"xpath","value":"//span[@id=\"application-managepartners-display-component---masterPtm--smartTable-header-inner\"]"}
RESULT: {}
RESULT: {"using":"xpath","value":"//span[@id=\"application-managepartners-display-component---masterPtm--smartTable-header-inner\"]"}
COMMAND: POST /session/59746a33121488b03cb28927e3139cef/elements - {"using":"xpath","value":"//span[@id=\"application-managepartners-display-component---masterPtm--smartTable-header-inner\"]"}
RESULT: {"using":"xpath","value":"//span[@id=\"application-managepartners-display-component---masterPtm--smartTable-header-inner\"]"}
COMMAND: POST /session/59746a33121488b03cb28927e3139cef/execute/sync - {"script":"<script> [56 bytes]","args":[{"element-6066-11e4-a52e-4f735466cecf":"f.683367EF064D6F54A1F942EA8E2F8118.d.2ED8A614E438F770C21AD7CAB229BA81.e.5581","ELEMENT":"f.683367EF064D6F54A1F942EA8E2F8118.d.2ED8A614E438F770C21AD7CAB229BA81.e.5581"}]}
RESULT: {"script":"<script> [56 bytes]","args":[{"element-6066-11e4-a52e-4f735466cecf":"f.683367EF064D6F54A1F942EA8E2F8118.d.2ED8A614E438F770C21AD7CAB229BA81.e.5581","ELEMENT":"f.683367EF064D6F54A1F942EA8E2F8118.d.2ED8A614E438F770C21AD7CAB229BA81.e.5581"}]}
RESULT: undefined
COMMAND: POST /session/59746a33121488b03cb28927e3139cef/element - {"using":"xpath","value":"//*[@id=\"application-managepartners-display-component---masterPtm--smartFilterBar-filterItemControl_BASIC-YARD-vhi\"]"}
COMMAND: GET /session/59746a33121488b03cb28927e3139cef/screenshot - {}
RESULT: {"using":"xpath","value":"//*[@id=\"application-managepartners-display-component---masterPtm--smartFilterBar-filterItemControl_BASIC-YARD-vhi\"]"}
COMMAND: POST /session/59746a33121488b03cb28927e3139cef/element/f.683367EF064D6F54A1F942EA8E2F8118.d.2ED8A614E438F770C21AD7CAB229BA81.e.5735/click - {}
RESULT: {}
RESULT: {}
COMMAND: GET /session/59746a33121488b03cb28927e3139cef/screenshot - {}
RESULT: undefined
COMMAND: POST /session/59746a33121488b03cb28927e3139cef/execute/async - {"script":"<script> [776 bytes]","args":[{"enterText":"Test","selector":{"id":"application-managepartners-display-component---masterPtm--smartFilterBar-filterItemControl_BASIC-YARD-valueHelpDialog-smartFilterBar-btnBasicSearch","searchOpenDialogs":true,"interaction":{"idSuffix":"I"}},"clearTextFirst":true,"interactionType":"ENTER_TEXT"}]}
RESULT: {}
RESULT: {"script":"<script> [776 bytes]","args":[{"enterText":"Test","selector":{"id":"application-managepartners-display-component---masterPtm--smartFilterBar-filterItemControl_BASIC-YARD-valueHelpDialog-smartFilterBar-btnBasicSearch","searchOpenDialogs":true,"interaction":{"idSuffix":"I"}},"clearTextFirst":true,"interactionType":"ENTER_TEXT"}]}
COMMAND: POST /session/59746a33121488b03cb28927e3139cef/actions - {"actions":[{"id":"action24","type":"key","parameters":{},"actions":[{"type":"keyDown","value":"î€‡"},{"type":"pause","duration":10},{"type":"keyUp","value":"î€‡"}]}]}
RESULT: {"actions":[{"id":"action24","type":"key","parameters":{},"actions":[{"type":"keyDown","value":"î€‡"},{"type":"pause","duration":10},{"type":"keyUp","value":"î€‡"}]}]}
COMMAND: POST /session/59746a33121488b03cb28927e3139cef/elements - {"using":"xpath","value":"//table[contains(@id, \"smartFilterBar-filterItemControl_BASIC-YARD-valueHelpDialog-table-table\")]/tbody/tr"}
COMMAND: GET /session/59746a33121488b03cb28927e3139cef/screenshot - {}
RESULT: {"using":"xpath","value":"//table[contains(@id, \"smartFilterBar-filterItemControl_BASIC-YARD-valueHelpDialog-table-table\")]/tbody/tr"}
COMMAND: POST /session/59746a33121488b03cb28927e3139cef/element - {"using":"xpath","value":"//table[contains(@id, \"smartFilterBar-filterItemControl_BASIC-YARD-valueHelpDialog-table-table\")]/tbody/tr[1]/td[1]/div/span"}
RESULT: {}
RESULT: {"using":"xpath","value":"//table[contains(@id, \"smartFilterBar-filterItemControl_BASIC-YARD-valueHelpDialog-table-table\")]/tbody/tr[1]/td[1]/div/span"}
COMMAND: POST /session/59746a33121488b03cb28927e3139cef/elements - {"using":"xpath","value":"//table[contains(@id, \"smartFilterBar-filterItemControl_BASIC-YARD-valueHelpDialog-table-table\")]/tbody/tr[1]/td[1]/div/span"}
RESULT: {"using":"xpath","value":"//table[contains(@id, \"smartFilterBar-filterItemControl_BASIC-YARD-valueHelpDialog-table-table\")]/tbody/tr[1]/td[1]/div/span"}
COMMAND: POST /session/59746a33121488b03cb28927e3139cef/execute/sync - {"script":"<script> [56 bytes]","args":[{"element-6066-11e4-a52e-4f735466cecf":"f.683367EF064D6F54A1F942EA8E2F8118.d.2ED8A614E438F770C21AD7CAB229BA81.e.5756","ELEMENT":"f.683367EF064D6F54A1F942EA8E2F8118.d.2ED8A614E438F770C21AD7CAB229BA81.e.5756"}]}
RESULT: {"script":"<script> [56 bytes]","args":[{"element-6066-11e4-a52e-4f735466cecf":"f.683367EF064D6F54A1F942EA8E2F8118.d.2ED8A614E438F770C21AD7CAB229BA81.e.5756","ELEMENT":"f.683367EF064D6F54A1F942EA8E2F8118.d.2ED8A614E438F770C21AD7CAB229BA81.e.5756"}]}
COMMAND: POST /session/59746a33121488b03cb28927e3139cef/element - {"using":"xpath","value":"//table[contains(@id, \"smartFilterBar-filterItemControl_BASIC-YARD-valueHelpDialog-table-table\")]/tbody/tr[2]/td[1]/div/span"}
COMMAND: GET /session/59746a33121488b03cb28927e3139cef/screenshot - {}
RESULT: {"using":"xpath","value":"//table[contains(@id, \"smartFilterBar-filterItemControl_BASIC-YARD-valueHelpDialog-table-table\")]/tbody/tr[2]/td[1]/div/span"}
COMMAND: POST /session/59746a33121488b03cb28927e3139cef/elements - {"using":"xpath","value":"//table[contains(@id, \"smartFilterBar-filterItemControl_BASIC-YARD-valueHelpDialog-table-table\")]/tbody/tr[2]/td[1]/div/span"}
RESULT: {}
RESULT: {"using":"xpath","value":"//table[contains(@id, \"smartFilterBar-filterItemControl_BASIC-YARD-valueHelpDialog-table-table\")]/tbody/tr[2]/td[1]/div/span"}
COMMAND: POST /session/59746a33121488b03cb28927e3139cef/execute/sync - {"script":"<script> [56 bytes]","args":[{"element-6066-11e4-a52e-4f735466cecf":"f.683367EF064D6F54A1F942EA8E2F8118.d.2ED8A614E438F770C21AD7CAB229BA81.e.5757","ELEMENT":"f.683367EF064D6F54A1F942EA8E2F8118.d.2ED8A614E438F770C21AD7CAB229BA81.e.5757"}]}
RESULT: {"script":"<script> [56 bytes]","args":[{"element-6066-11e4-a52e-4f735466cecf":"f.683367EF064D6F54A1F942EA8E2F8118.d.2ED8A614E438F770C21AD7CAB229BA81.e.5757","ELEMENT":"f.683367EF064D6F54A1F942EA8E2F8118.d.2ED8A614E438F770C21AD7CAB229BA81.e.5757"}]}
COMMAND: POST /session/59746a33121488b03cb28927e3139cef/element - {"using":"xpath","value":"//table[contains(@id, \"smartFilterBar-filterItemControl_BASIC-YARD-valueHelpDialog-table-table\")]/tbody/tr[3]/td[1]/div/span"}
COMMAND: GET /session/59746a33121488b03cb28927e3139cef/screenshot - {}
RESULT: {"using":"xpath","value":"//table[contains(@id, \"smartFilterBar-filterItemControl_BASIC-YARD-valueHelpDialog-table-table\")]/tbody/tr[3]/td[1]/div/span"}
COMMAND: POST /session/59746a33121488b03cb28927e3139cef/elements - {"using":"xpath","value":"//table[contains(@id, \"smartFilterBar-filterItemControl_BASIC-YARD-valueHelpDialog-table-table\")]/tbody/tr[3]/td[1]/div/span"}
RESULT: {}
RESULT: {"using":"xpath","value":"//table[contains(@id, \"smartFilterBar-filterItemControl_BASIC-YARD-valueHelpDialog-table-table\")]/tbody/tr[3]/td[1]/div/span"}
COMMAND: POST /session/59746a33121488b03cb28927e3139cef/execute/sync - {"script":"<script> [56 bytes]","args":[{"element-6066-11e4-a52e-4f735466cecf":"f.683367EF064D6F54A1F942EA8E2F8118.d.2ED8A614E438F770C21AD7CAB229BA81.e.5758","ELEMENT":"f.683367EF064D6F54A1F942EA8E2F8118.d.2ED8A614E438F770C21AD7CAB229BA81.e.5758"}]}
RESULT: {"script":"<script> [56 bytes]","args":[{"element-6066-11e4-a52e-4f735466cecf":"f.683367EF064D6F54A1F942EA8E2F8118.d.2ED8A614E438F770C21AD7CAB229BA81.e.5758","ELEMENT":"f.683367EF064D6F54A1F942EA8E2F8118.d.2ED8A614E438F770C21AD7CAB229BA81.e.5758"}]}
COMMAND: POST /session/59746a33121488b03cb28927e3139cef/element - {"using":"xpath","value":"//div[contains(@id, \"filterItemControl_BASIC-YARD-valueHelpDialog-table-rowsel2\")]"}
COMMAND: GET /session/59746a33121488b03cb28927e3139cef/screenshot - {}
RESULT: {"using":"xpath","value":"//div[contains(@id, \"filterItemControl_BASIC-YARD-valueHelpDialog-table-rowsel2\")]"}
COMMAND: POST /session/59746a33121488b03cb28927e3139cef/element/f.683367EF064D6F54A1F942EA8E2F8118.d.2ED8A614E438F770C21AD7CAB229BA81.e.5759/click - {}
RESULT: {}
RESULT: {}
COMMAND: GET /session/59746a33121488b03cb28927e3139cef/screenshot - {}
RESULT: {}
COMMAND: POST /session/59746a33121488b03cb28927e3139cef/element - {"using":"xpath","value":"(//bdi[contains(text(), \"OK\")])[1]"}
RESULT: {"using":"xpath","value":"(//bdi[contains(text(), \"OK\")])[1]"}
COMMAND: POST /session/59746a33121488b03cb28927e3139cef/element/f.683367EF064D6F54A1F942EA8E2F8118.d.2ED8A614E438F770C21AD7CAB229BA81.e.5761/click - {}
RESULT: {}
COMMAND: GET /session/59746a33121488b03cb28927e3139cef/screenshot - {}
RESULT: {}
COMMAND: POST /session/59746a33121488b03cb28927e3139cef/element - {"using":"xpath","value":"//span[@id=\"application-managepartners-display-component---masterPtm--smartTable-header-inner\"]"}
RESULT: {"using":"xpath","value":"//span[@id=\"application-managepartners-display-component---masterPtm--smartTable-header-inner\"]"}
COMMAND: POST /session/59746a33121488b03cb28927e3139cef/elements - {"using":"xpath","value":"//span[@id=\"application-managepartners-display-component---masterPtm--smartTable-header-inner\"]"}
RESULT: {"using":"xpath","value":"//span[@id=\"application-managepartners-display-component---masterPtm--smartTable-header-inner\"]"}
COMMAND: POST /session/59746a33121488b03cb28927e3139cef/execute/sync - {"script":"<script> [56 bytes]","args":[{"element-6066-11e4-a52e-4f735466cecf":"f.683367EF064D6F54A1F942EA8E2F8118.d.2ED8A614E438F770C21AD7CAB229BA81.e.5581","ELEMENT":"f.683367EF064D6F54A1F942EA8E2F8118.d.2ED8A614E438F770C21AD7CAB229BA81.e.5581"}]}
RESULT: {"script":"<script> [56 bytes]","args":[{"element-6066-11e4-a52e-4f735466cecf":"f.683367EF064D6F54A1F942EA8E2F8118.d.2ED8A614E438F770C21AD7CAB229BA81.e.5581","ELEMENT":"f.683367EF064D6F54A1F942EA8E2F8118.d.2ED8A614E438F770C21AD7CAB229BA81.e.5581"}]}
COMMAND: POST /session/59746a33121488b03cb28927e3139cef/element - {"using":"xpath","value":"//span[contains(@title, \"Remove\")]"}
COMMAND: GET /session/59746a33121488b03cb28927e3139cef/screenshot - {}
RESULT: {"using":"xpath","value":"//span[contains(@title, \"Remove\")]"}
COMMAND: POST /session/59746a33121488b03cb28927e3139cef/element/f.683367EF064D6F54A1F942EA8E2F8118.d.2ED8A614E438F770C21AD7CAB229BA81.e.5774/click - {}
RESULT: {}
RESULT: {}
COMMAND: GET /session/59746a33121488b03cb28927e3139cef/screenshot - {}
RESULT: {}
COMMAND: POST /session/59746a33121488b03cb28927e3139cef/element - {"using":"xpath","value":"//span[@id=\"application-managepartners-display-component---masterPtm--smartTable-header-inner\"]"}
RESULT: {"using":"xpath","value":"//span[@id=\"application-managepartners-display-component---masterPtm--smartTable-header-inner\"]"}
COMMAND: POST /session/59746a33121488b03cb28927e3139cef/elements - {"using":"xpath","value":"//span[@id=\"application-managepartners-display-component---masterPtm--smartTable-header-inner\"]"}
RESULT: {"using":"xpath","value":"//span[@id=\"application-managepartners-display-component---masterPtm--smartTable-header-inner\"]"}
COMMAND: POST /session/59746a33121488b03cb28927e3139cef/execute/sync - {"script":"<script> [56 bytes]","args":[{"element-6066-11e4-a52e-4f735466cecf":"f.683367EF064D6F54A1F942EA8E2F8118.d.2ED8A614E438F770C21AD7CAB229BA81.e.5581","ELEMENT":"f.683367EF064D6F54A1F942EA8E2F8118.d.2ED8A614E438F770C21AD7CAB229BA81.e.5581"}]}
RESULT: {"script":"<script> [56 bytes]","args":[{"element-6066-11e4-a52e-4f735466cecf":"f.683367EF064D6F54A1F942EA8E2F8118.d.2ED8A614E438F770C21AD7CAB229BA81.e.5581","ELEMENT":"f.683367EF064D6F54A1F942EA8E2F8118.d.2ED8A614E438F770C21AD7CAB229BA81.e.5581"}]}
RESULT: undefined
COMMAND: POST /session/59746a33121488b03cb28927e3139cef/element - {"using":"xpath","value":"//*[@id=\"application-managepartners-display-component---masterPtm--smartFilterBar-filterItemControl_BASIC-ALL_TAGS-vhi\"]"}
COMMAND: GET /session/59746a33121488b03cb28927e3139cef/screenshot - {}
RESULT: {"using":"xpath","value":"//*[@id=\"application-managepartners-display-component---masterPtm--smartFilterBar-filterItemControl_BASIC-ALL_TAGS-vhi\"]"}
COMMAND: POST /session/59746a33121488b03cb28927e3139cef/element/f.683367EF064D6F54A1F942EA8E2F8118.d.2ED8A614E438F770C21AD7CAB229BA81.e.5825/click - {}
RESULT: {}
RESULT: {}
COMMAND: GET /session/59746a33121488b03cb28927e3139cef/screenshot - {}
RESULT: {}
RESULT: undefined
COMMAND: POST /session/59746a33121488b03cb28927e3139cef/execute/async - {"script":"<script> [776 bytes]","args":[{"enterText":"test-tag-1","selector":{"id":"application-managepartners-display-component---masterPtm--smartFilterBar-filterItemControl_BASIC-ALL_TAGS-valueHelpDialog-smartFilterBar-btnBasicSearch","searchOpenDialogs":true,"interaction":{"idSuffix":"I"}},"clearTextFirst":true,"interactionType":"ENTER_TEXT"}]}
RESULT: {"script":"<script> [776 bytes]","args":[{"enterText":"test-tag-1","selector":{"id":"application-managepartners-display-component---masterPtm--smartFilterBar-filterItemControl_BASIC-ALL_TAGS-valueHelpDialog-smartFilterBar-btnBasicSearch","searchOpenDialogs":true,"interaction":{"idSuffix":"I"}},"clearTextFirst":true,"interactionType":"ENTER_TEXT"}]}
COMMAND: POST /session/59746a33121488b03cb28927e3139cef/actions - {"actions":[{"id":"action25","type":"key","parameters":{},"actions":[{"type":"keyDown","value":"î€‡"},{"type":"pause","duration":10},{"type":"keyUp","value":"î€‡"}]}]}
RESULT: {"actions":[{"id":"action25","type":"key","parameters":{},"actions":[{"type":"keyDown","value":"î€‡"},{"type":"pause","duration":10},{"type":"keyUp","value":"î€‡"}]}]}
COMMAND: POST /session/59746a33121488b03cb28927e3139cef/elements - {"using":"xpath","value":"//table[contains(@id, \"smartFilterBar-filterItemControl_BASIC-ALL_TAGS-valueHelpDialog-table-table\")]/tbody/tr"}
COMMAND: GET /session/59746a33121488b03cb28927e3139cef/screenshot - {}
RESULT: {"using":"xpath","value":"//table[contains(@id, \"smartFilterBar-filterItemControl_BASIC-ALL_TAGS-valueHelpDialog-table-table\")]/tbody/tr"}
COMMAND: POST /session/59746a33121488b03cb28927e3139cef/element - {"using":"xpath","value":"//table[contains(@id, \"smartFilterBar-filterItemControl_BASIC-ALL_TAGS-valueHelpDialog-table-table\")]/tbody/tr[1]/td[1]/div/span"}
RESULT: {}
RESULT: {"using":"xpath","value":"//table[contains(@id, \"smartFilterBar-filterItemControl_BASIC-ALL_TAGS-valueHelpDialog-table-table\")]/tbody/tr[1]/td[1]/div/span"}
COMMAND: POST /session/59746a33121488b03cb28927e3139cef/elements - {"using":"xpath","value":"//table[contains(@id, \"smartFilterBar-filterItemControl_BASIC-ALL_TAGS-valueHelpDialog-table-table\")]/tbody/tr[1]/td[1]/div/span"}
RESULT: {"using":"xpath","value":"//table[contains(@id, \"smartFilterBar-filterItemControl_BASIC-ALL_TAGS-valueHelpDialog-table-table\")]/tbody/tr[1]/td[1]/div/span"}
COMMAND: POST /session/59746a33121488b03cb28927e3139cef/execute/sync - {"script":"<script> [56 bytes]","args":[{"element-6066-11e4-a52e-4f735466cecf":"f.683367EF064D6F54A1F942EA8E2F8118.d.2ED8A614E438F770C21AD7CAB229BA81.e.5845","ELEMENT":"f.683367EF064D6F54A1F942EA8E2F8118.d.2ED8A614E438F770C21AD7CAB229BA81.e.5845"}]}
RESULT: {"script":"<script> [56 bytes]","args":[{"element-6066-11e4-a52e-4f735466cecf":"f.683367EF064D6F54A1F942EA8E2F8118.d.2ED8A614E438F770C21AD7CAB229BA81.e.5845","ELEMENT":"f.683367EF064D6F54A1F942EA8E2F8118.d.2ED8A614E438F770C21AD7CAB229BA81.e.5845"}]}
COMMAND: POST /session/59746a33121488b03cb28927e3139cef/element - {"using":"xpath","value":"//div[contains(@id, \"filterItemControl_BASIC-ALL_TAGS-valueHelpDialog-table-rowsel0\")]"}
COMMAND: GET /session/59746a33121488b03cb28927e3139cef/screenshot - {}
RESULT: {"using":"xpath","value":"//div[contains(@id, \"filterItemControl_BASIC-ALL_TAGS-valueHelpDialog-table-rowsel0\")]"}
COMMAND: POST /session/59746a33121488b03cb28927e3139cef/element/f.683367EF064D6F54A1F942EA8E2F8118.d.2ED8A614E438F770C21AD7CAB229BA81.e.5846/click - {}
RESULT: {}
RESULT: {}
COMMAND: GET /session/59746a33121488b03cb28927e3139cef/screenshot - {}
RESULT: {}
COMMAND: POST /session/59746a33121488b03cb28927e3139cef/element - {"using":"xpath","value":"(//bdi[contains(text(), \"OK\")])[1]"}
RESULT: {"using":"xpath","value":"(//bdi[contains(text(), \"OK\")])[1]"}
COMMAND: POST /session/59746a33121488b03cb28927e3139cef/element/f.683367EF064D6F54A1F942EA8E2F8118.d.2ED8A614E438F770C21AD7CAB229BA81.e.5848/click - {}
RESULT: {}
COMMAND: GET /session/59746a33121488b03cb28927e3139cef/screenshot - {}
RESULT: {}
COMMAND: POST /session/59746a33121488b03cb28927e3139cef/element - {"using":"xpath","value":"//span[@id=\"application-managepartners-display-component---masterPtm--smartTable-header-inner\"]"}
RESULT: {"using":"xpath","value":"//span[@id=\"application-managepartners-display-component---masterPtm--smartTable-header-inner\"]"}
COMMAND: POST /session/59746a33121488b03cb28927e3139cef/elements - {"using":"xpath","value":"//span[@id=\"application-managepartners-display-component---masterPtm--smartTable-header-inner\"]"}
RESULT: {"using":"xpath","value":"//span[@id=\"application-managepartners-display-component---masterPtm--smartTable-header-inner\"]"}
COMMAND: POST /session/59746a33121488b03cb28927e3139cef/execute/sync - {"script":"<script> [56 bytes]","args":[{"element-6066-11e4-a52e-4f735466cecf":"f.683367EF064D6F54A1F942EA8E2F8118.d.2ED8A614E438F770C21AD7CAB229BA81.e.5581","ELEMENT":"f.683367EF064D6F54A1F942EA8E2F8118.d.2ED8A614E438F770C21AD7CAB229BA81.e.5581"}]}
RESULT: {"script":"<script> [56 bytes]","args":[{"element-6066-11e4-a52e-4f735466cecf":"f.683367EF064D6F54A1F942EA8E2F8118.d.2ED8A614E438F770C21AD7CAB229BA81.e.5581","ELEMENT":"f.683367EF064D6F54A1F942EA8E2F8118.d.2ED8A614E438F770C21AD7CAB229BA81.e.5581"}]}
COMMAND: POST /session/59746a33121488b03cb28927e3139cef/element - {"using":"xpath","value":"//span[contains(@title, \"Remove\")]"}
COMMAND: GET /session/59746a33121488b03cb28927e3139cef/screenshot - {}
RESULT: {"using":"xpath","value":"//span[contains(@title, \"Remove\")]"}
COMMAND: POST /session/59746a33121488b03cb28927e3139cef/element/f.683367EF064D6F54A1F942EA8E2F8118.d.2ED8A614E438F770C21AD7CAB229BA81.e.5870/click - {}
RESULT: {}
RESULT: {}
COMMAND: GET /session/59746a33121488b03cb28927e3139cef/screenshot - {}
RESULT: {}
RESULT: undefined
COMMAND: POST /session/59746a33121488b03cb28927e3139cef/element - {"using":"xpath","value":"//*[@id=\"application-managepartners-display-component---masterPtm--partnerTypes-arrow\"]"}
RESULT: {"using":"xpath","value":"//*[@id=\"application-managepartners-display-component---masterPtm--partnerTypes-arrow\"]"}
COMMAND: POST /session/59746a33121488b03cb28927e3139cef/element/f.683367EF064D6F54A1F942EA8E2F8118.d.2ED8A614E438F770C21AD7CAB229BA81.e.5921/click - {}
RESULT: {}
COMMAND: GET /session/59746a33121488b03cb28927e3139cef/screenshot - {}
RESULT: {}
COMMAND: POST /session/59746a33121488b03cb28927e3139cef/element - {"using":"xpath","value":"//li[.//span[text()=\"External partner\"]]//div[contains(@class,\"sapMCbBg\")]"}
RESULT: {"using":"xpath","value":"//li[.//span[text()=\"External partner\"]]//div[contains(@class,\"sapMCbBg\")]"}
COMMAND: POST /session/59746a33121488b03cb28927e3139cef/element/f.683367EF064D6F54A1F942EA8E2F8118.d.2ED8A614E438F770C21AD7CAB229BA81.e.5924/click - {}
RESULT: {}
COMMAND: GET /session/59746a33121488b03cb28927e3139cef/screenshot - {}
RESULT: {}
COMMAND: POST /session/59746a33121488b03cb28927e3139cef/element - {"using":"xpath","value":"//span[@id=\"application-managepartners-display-component---masterPtm--smartTable-header-inner\"]"}
RESULT: {"using":"xpath","value":"//span[@id=\"application-managepartners-display-component---masterPtm--smartTable-header-inner\"]"}
COMMAND: POST /session/59746a33121488b03cb28927e3139cef/elements - {"using":"xpath","value":"//span[@id=\"application-managepartners-display-component---masterPtm--smartTable-header-inner\"]"}
RESULT: {"using":"xpath","value":"//span[@id=\"application-managepartners-display-component---masterPtm--smartTable-header-inner\"]"}
COMMAND: POST /session/59746a33121488b03cb28927e3139cef/execute/sync - {"script":"<script> [56 bytes]","args":[{"element-6066-11e4-a52e-4f735466cecf":"f.683367EF064D6F54A1F942EA8E2F8118.d.2ED8A614E438F770C21AD7CAB229BA81.e.5581","ELEMENT":"f.683367EF064D6F54A1F942EA8E2F8118.d.2ED8A614E438F770C21AD7CAB229BA81.e.5581"}]}
RESULT: {"script":"<script> [56 bytes]","args":[{"element-6066-11e4-a52e-4f735466cecf":"f.683367EF064D6F54A1F942EA8E2F8118.d.2ED8A614E438F770C21AD7CAB229BA81.e.5581","ELEMENT":"f.683367EF064D6F54A1F942EA8E2F8118.d.2ED8A614E438F770C21AD7CAB229BA81.e.5581"}]}
COMMAND: POST /session/59746a33121488b03cb28927e3139cef/element - {"using":"xpath","value":"//span[contains(@title, \"Remove\")]"}
COMMAND: GET /session/59746a33121488b03cb28927e3139cef/screenshot - {}
RESULT: {"using":"xpath","value":"//span[contains(@title, \"Remove\")]"}
COMMAND: POST /session/59746a33121488b03cb28927e3139cef/element/f.683367EF064D6F54A1F942EA8E2F8118.d.2ED8A614E438F770C21AD7CAB229BA81.e.5969/click - {}
RESULT: {}
RESULT: {}
COMMAND: GET /session/59746a33121488b03cb28927e3139cef/screenshot - {}
RESULT: {}
RESULT: undefined
COMMAND: POST /session/59746a33121488b03cb28927e3139cef/element - {"using":"xpath","value":"//*[@id=\"application-managepartners-display-component---masterPtm--smartFilterBar-btnFilters\"]"}
RESULT: {"using":"xpath","value":"//*[@id=\"application-managepartners-display-component---masterPtm--smartFilterBar-btnFilters\"]"}
COMMAND: POST /session/59746a33121488b03cb28927e3139cef/element/f.683367EF064D6F54A1F942EA8E2F8118.d.2ED8A614E438F770C21AD7CAB229BA81.e.5473/click - {}
RESULT: {}
COMMAND: GET /session/59746a33121488b03cb28927e3139cef/screenshot - {}
RESULT: {}
COMMAND: POST /session/59746a33121488b03cb28927e3139cef/elements - {"using":"xpath","value":"//table[contains(@id, \"listView-innerSelectionPanelTable-listUl\")]/tbody/tr"}
RESULT: {"using":"xpath","value":"//table[contains(@id, \"listView-innerSelectionPanelTable-listUl\")]/tbody/tr"}
COMMAND: POST /session/59746a33121488b03cb28927e3139cef/element - {"using":"xpath","value":"//table[contains(@id, \"listView-innerSelectionPanelTable-listUl\")]/tbody/tr[2]/td[2]/div/div"}
RESULT: {"using":"xpath","value":"//table[contains(@id, \"listView-innerSelectionPanelTable-listUl\")]/tbody/tr[2]/td[2]/div/div"}
COMMAND: POST /session/59746a33121488b03cb28927e3139cef/element - {"using":"xpath","value":"//table[contains(@id, \"listView-innerSelectionPanelTable-listUl\")]/tbody/tr[2]/td[2]/div"}
RESULT: {"using":"xpath","value":"//table[contains(@id, \"listView-innerSelectionPanelTable-listUl\")]/tbody/tr[2]/td[2]/div"}
COMMAND: POST /session/59746a33121488b03cb28927e3139cef/element - {"using":"xpath","value":"//table[contains(@id, \"listView-innerSelectionPanelTable-listUl\")]/tbody/tr[2]/td[3]/div/div/span/span[1]/bdi"}
RESULT: {"using":"xpath","value":"//table[contains(@id, \"listView-innerSelectionPanelTable-listUl\")]/tbody/tr[2]/td[3]/div/div/span/span[1]/bdi"}
COMMAND: POST /session/59746a33121488b03cb28927e3139cef/execute/sync - {"script":"<script> [56 bytes]","args":[{"element-6066-11e4-a52e-4f735466cecf":"f.683367EF064D6F54A1F942EA8E2F8118.d.2ED8A614E438F770C21AD7CAB229BA81.e.6058","ELEMENT":"f.683367EF064D6F54A1F942EA8E2F8118.d.2ED8A614E438F770C21AD7CAB229BA81.e.6058"}]}
RESULT: {"script":"<script> [56 bytes]","args":[{"element-6066-11e4-a52e-4f735466cecf":"f.683367EF064D6F54A1F942EA8E2F8118.d.2ED8A614E438F770C21AD7CAB229BA81.e.6058","ELEMENT":"f.683367EF064D6F54A1F942EA8E2F8118.d.2ED8A614E438F770C21AD7CAB229BA81.e.6058"}]}
COMMAND: GET /session/59746a33121488b03cb28927e3139cef/element/f.683367EF064D6F54A1F942EA8E2F8118.d.2ED8A614E438F770C21AD7CAB229BA81.e.6057/attribute/aria-checked - {}
COMMAND: GET /session/59746a33121488b03cb28927e3139cef/screenshot - {}
RESULT: {}
COMMAND: POST /session/59746a33121488b03cb28927e3139cef/element - {"using":"xpath","value":"//table[contains(@id, \"listView-innerSelectionPanelTable-listUl\")]/tbody/tr[3]/td[2]/div/div"}
RESULT: {}
RESULT: {"using":"xpath","value":"//table[contains(@id, \"listView-innerSelectionPanelTable-listUl\")]/tbody/tr[3]/td[2]/div/div"}
COMMAND: POST /session/59746a33121488b03cb28927e3139cef/element - {"using":"xpath","value":"//table[contains(@id, \"listView-innerSelectionPanelTable-listUl\")]/tbody/tr[3]/td[2]/div"}
RESULT: {"using":"xpath","value":"//table[contains(@id, \"listView-innerSelectionPanelTable-listUl\")]/tbody/tr[3]/td[2]/div"}
COMMAND: POST /session/59746a33121488b03cb28927e3139cef/element - {"using":"xpath","value":"//table[contains(@id, \"listView-innerSelectionPanelTable-listUl\")]/tbody/tr[3]/td[3]/div/div/span/span[1]/bdi"}
RESULT: {"using":"xpath","value":"//table[contains(@id, \"listView-innerSelectionPanelTable-listUl\")]/tbody/tr[3]/td[3]/div/div/span/span[1]/bdi"}
COMMAND: POST /session/59746a33121488b03cb28927e3139cef/execute/sync - {"script":"<script> [56 bytes]","args":[{"element-6066-11e4-a52e-4f735466cecf":"f.683367EF064D6F54A1F942EA8E2F8118.d.2ED8A614E438F770C21AD7CAB229BA81.e.6061","ELEMENT":"f.683367EF064D6F54A1F942EA8E2F8118.d.2ED8A614E438F770C21AD7CAB229BA81.e.6061"}]}
RESULT: {"script":"<script> [56 bytes]","args":[{"element-6066-11e4-a52e-4f735466cecf":"f.683367EF064D6F54A1F942EA8E2F8118.d.2ED8A614E438F770C21AD7CAB229BA81.e.6061","ELEMENT":"f.683367EF064D6F54A1F942EA8E2F8118.d.2ED8A614E438F770C21AD7CAB229BA81.e.6061"}]}
COMMAND: GET /session/59746a33121488b03cb28927e3139cef/element/f.683367EF064D6F54A1F942EA8E2F8118.d.2ED8A614E438F770C21AD7CAB229BA81.e.6060/attribute/aria-checked - {}
COMMAND: GET /session/59746a33121488b03cb28927e3139cef/screenshot - {}
RESULT: {}
COMMAND: POST /session/59746a33121488b03cb28927e3139cef/element - {"using":"xpath","value":"//table[contains(@id, \"listView-innerSelectionPanelTable-listUl\")]/tbody/tr[4]/td[2]/div/div"}
RESULT: {}
RESULT: {"using":"xpath","value":"//table[contains(@id, \"listView-innerSelectionPanelTable-listUl\")]/tbody/tr[4]/td[2]/div/div"}
COMMAND: POST /session/59746a33121488b03cb28927e3139cef/element - {"using":"xpath","value":"//table[contains(@id, \"listView-innerSelectionPanelTable-listUl\")]/tbody/tr[4]/td[2]/div"}
RESULT: {"using":"xpath","value":"//table[contains(@id, \"listView-innerSelectionPanelTable-listUl\")]/tbody/tr[4]/td[2]/div"}
COMMAND: POST /session/59746a33121488b03cb28927e3139cef/element - {"using":"xpath","value":"//table[contains(@id, \"listView-innerSelectionPanelTable-listUl\")]/tbody/tr[4]/td[3]/div/div/span/span[1]/bdi"}
RESULT: {"using":"xpath","value":"//table[contains(@id, \"listView-innerSelectionPanelTable-listUl\")]/tbody/tr[4]/td[3]/div/div/span/span[1]/bdi"}
COMMAND: POST /session/59746a33121488b03cb28927e3139cef/execute/sync - {"script":"<script> [56 bytes]","args":[{"element-6066-11e4-a52e-4f735466cecf":"f.683367EF064D6F54A1F942EA8E2F8118.d.2ED8A614E438F770C21AD7CAB229BA81.e.6064","ELEMENT":"f.683367EF064D6F54A1F942EA8E2F8118.d.2ED8A614E438F770C21AD7CAB229BA81.e.6064"}]}
RESULT: {"script":"<script> [56 bytes]","args":[{"element-6066-11e4-a52e-4f735466cecf":"f.683367EF064D6F54A1F942EA8E2F8118.d.2ED8A614E438F770C21AD7CAB229BA81.e.6064","ELEMENT":"f.683367EF064D6F54A1F942EA8E2F8118.d.2ED8A614E438F770C21AD7CAB229BA81.e.6064"}]}
COMMAND: GET /session/59746a33121488b03cb28927e3139cef/element/f.683367EF064D6F54A1F942EA8E2F8118.d.2ED8A614E438F770C21AD7CAB229BA81.e.6063/attribute/aria-checked - {}
COMMAND: GET /session/59746a33121488b03cb28927e3139cef/screenshot - {}
RESULT: {}
COMMAND: POST /session/59746a33121488b03cb28927e3139cef/element - {"using":"xpath","value":"//table[contains(@id, \"listView-innerSelectionPanelTable-listUl\")]/tbody/tr[5]/td[2]/div/div"}
RESULT: {}
RESULT: {"using":"xpath","value":"//table[contains(@id, \"listView-innerSelectionPanelTable-listUl\")]/tbody/tr[5]/td[2]/div/div"}
COMMAND: POST /session/59746a33121488b03cb28927e3139cef/element - {"using":"xpath","value":"//table[contains(@id, \"listView-innerSelectionPanelTable-listUl\")]/tbody/tr[5]/td[2]/div"}
RESULT: {"using":"xpath","value":"//table[contains(@id, \"listView-innerSelectionPanelTable-listUl\")]/tbody/tr[5]/td[2]/div"}
COMMAND: POST /session/59746a33121488b03cb28927e3139cef/element - {"using":"xpath","value":"//table[contains(@id, \"listView-innerSelectionPanelTable-listUl\")]/tbody/tr[5]/td[3]/div/div/span/span[1]/bdi"}
RESULT: {"using":"xpath","value":"//table[contains(@id, \"listView-innerSelectionPanelTable-listUl\")]/tbody/tr[5]/td[3]/div/div/span/span[1]/bdi"}
COMMAND: POST /session/59746a33121488b03cb28927e3139cef/execute/sync - {"script":"<script> [56 bytes]","args":[{"element-6066-11e4-a52e-4f735466cecf":"f.683367EF064D6F54A1F942EA8E2F8118.d.2ED8A614E438F770C21AD7CAB229BA81.e.6067","ELEMENT":"f.683367EF064D6F54A1F942EA8E2F8118.d.2ED8A614E438F770C21AD7CAB229BA81.e.6067"}]}
RESULT: {"script":"<script> [56 bytes]","args":[{"element-6066-11e4-a52e-4f735466cecf":"f.683367EF064D6F54A1F942EA8E2F8118.d.2ED8A614E438F770C21AD7CAB229BA81.e.6067","ELEMENT":"f.683367EF064D6F54A1F942EA8E2F8118.d.2ED8A614E438F770C21AD7CAB229BA81.e.6067"}]}
COMMAND: GET /session/59746a33121488b03cb28927e3139cef/element/f.683367EF064D6F54A1F942EA8E2F8118.d.2ED8A614E438F770C21AD7CAB229BA81.e.6066/attribute/aria-checked - {}
COMMAND: GET /session/59746a33121488b03cb28927e3139cef/screenshot - {}
RESULT: {}
COMMAND: POST /session/59746a33121488b03cb28927e3139cef/element - {"using":"xpath","value":"//table[contains(@id, \"listView-innerSelectionPanelTable-listUl\")]/tbody/tr[6]/td[2]/div/div"}
RESULT: {}
RESULT: {"using":"xpath","value":"//table[contains(@id, \"listView-innerSelectionPanelTable-listUl\")]/tbody/tr[6]/td[2]/div/div"}
COMMAND: POST /session/59746a33121488b03cb28927e3139cef/element - {"using":"xpath","value":"//table[contains(@id, \"listView-innerSelectionPanelTable-listUl\")]/tbody/tr[6]/td[2]/div"}
RESULT: {"using":"xpath","value":"//table[contains(@id, \"listView-innerSelectionPanelTable-listUl\")]/tbody/tr[6]/td[2]/div"}
COMMAND: POST /session/59746a33121488b03cb28927e3139cef/element - {"using":"xpath","value":"//table[contains(@id, \"listView-innerSelectionPanelTable-listUl\")]/tbody/tr[6]/td[3]/div/div/span/span[1]/bdi"}
RESULT: {"using":"xpath","value":"//table[contains(@id, \"listView-innerSelectionPanelTable-listUl\")]/tbody/tr[6]/td[3]/div/div/span/span[1]/bdi"}
COMMAND: POST /session/59746a33121488b03cb28927e3139cef/execute/sync - {"script":"<script> [56 bytes]","args":[{"element-6066-11e4-a52e-4f735466cecf":"f.683367EF064D6F54A1F942EA8E2F8118.d.2ED8A614E438F770C21AD7CAB229BA81.e.6070","ELEMENT":"f.683367EF064D6F54A1F942EA8E2F8118.d.2ED8A614E438F770C21AD7CAB229BA81.e.6070"}]}
RESULT: {"script":"<script> [56 bytes]","args":[{"element-6066-11e4-a52e-4f735466cecf":"f.683367EF064D6F54A1F942EA8E2F8118.d.2ED8A614E438F770C21AD7CAB229BA81.e.6070","ELEMENT":"f.683367EF064D6F54A1F942EA8E2F8118.d.2ED8A614E438F770C21AD7CAB229BA81.e.6070"}]}
COMMAND: GET /session/59746a33121488b03cb28927e3139cef/element/f.683367EF064D6F54A1F942EA8E2F8118.d.2ED8A614E438F770C21AD7CAB229BA81.e.6069/attribute/aria-checked - {}
COMMAND: GET /session/59746a33121488b03cb28927e3139cef/screenshot - {}
RESULT: {}
COMMAND: POST /session/59746a33121488b03cb28927e3139cef/element - {"using":"xpath","value":"//table[contains(@id, \"listView-innerSelectionPanelTable-listUl\")]/tbody/tr[7]/td[2]/div/div"}
RESULT: {}
RESULT: {"using":"xpath","value":"//table[contains(@id, \"listView-innerSelectionPanelTable-listUl\")]/tbody/tr[7]/td[2]/div/div"}
COMMAND: POST /session/59746a33121488b03cb28927e3139cef/element - {"using":"xpath","value":"//table[contains(@id, \"listView-innerSelectionPanelTable-listUl\")]/tbody/tr[7]/td[2]/div"}
RESULT: {"using":"xpath","value":"//table[contains(@id, \"listView-innerSelectionPanelTable-listUl\")]/tbody/tr[7]/td[2]/div"}
COMMAND: POST /session/59746a33121488b03cb28927e3139cef/element - {"using":"xpath","value":"//table[contains(@id, \"listView-innerSelectionPanelTable-listUl\")]/tbody/tr[7]/td[3]/div/div/span/span[1]/bdi"}
RESULT: {"using":"xpath","value":"//table[contains(@id, \"listView-innerSelectionPanelTable-listUl\")]/tbody/tr[7]/td[3]/div/div/span/span[1]/bdi"}
COMMAND: POST /session/59746a33121488b03cb28927e3139cef/execute/sync - {"script":"<script> [56 bytes]","args":[{"element-6066-11e4-a52e-4f735466cecf":"f.683367EF064D6F54A1F942EA8E2F8118.d.2ED8A614E438F770C21AD7CAB229BA81.e.6073","ELEMENT":"f.683367EF064D6F54A1F942EA8E2F8118.d.2ED8A614E438F770C21AD7CAB229BA81.e.6073"}]}
RESULT: {"script":"<script> [56 bytes]","args":[{"element-6066-11e4-a52e-4f735466cecf":"f.683367EF064D6F54A1F942EA8E2F8118.d.2ED8A614E438F770C21AD7CAB229BA81.e.6073","ELEMENT":"f.683367EF064D6F54A1F942EA8E2F8118.d.2ED8A614E438F770C21AD7CAB229BA81.e.6073"}]}
COMMAND: GET /session/59746a33121488b03cb28927e3139cef/element/f.683367EF064D6F54A1F942EA8E2F8118.d.2ED8A614E438F770C21AD7CAB229BA81.e.6072/attribute/aria-checked - {}
COMMAND: GET /session/59746a33121488b03cb28927e3139cef/screenshot - {}
RESULT: {}
RESULT: {}
COMMAND: POST /session/59746a33121488b03cb28927e3139cef/element - {"using":"xpath","value":"//table[contains(@id, \"listView-innerSelectionPanelTable-listUl\")]/tbody/tr[8]/td[2]/div/div"}
RESULT: {"using":"xpath","value":"//table[contains(@id, \"listView-innerSelectionPanelTable-listUl\")]/tbody/tr[8]/td[2]/div/div"}
COMMAND: POST /session/59746a33121488b03cb28927e3139cef/element - {"using":"xpath","value":"//table[contains(@id, \"listView-innerSelectionPanelTable-listUl\")]/tbody/tr[8]/td[2]/div"}
RESULT: {"using":"xpath","value":"//table[contains(@id, \"listView-innerSelectionPanelTable-listUl\")]/tbody/tr[8]/td[2]/div"}
COMMAND: POST /session/59746a33121488b03cb28927e3139cef/element - {"using":"xpath","value":"//table[contains(@id, \"listView-innerSelectionPanelTable-listUl\")]/tbody/tr[8]/td[3]/div/div/span/span[1]/bdi"}
RESULT: {"using":"xpath","value":"//table[contains(@id, \"listView-innerSelectionPanelTable-listUl\")]/tbody/tr[8]/td[3]/div/div/span/span[1]/bdi"}
COMMAND: POST /session/59746a33121488b03cb28927e3139cef/execute/sync - {"script":"<script> [56 bytes]","args":[{"element-6066-11e4-a52e-4f735466cecf":"f.683367EF064D6F54A1F942EA8E2F8118.d.2ED8A614E438F770C21AD7CAB229BA81.e.6076","ELEMENT":"f.683367EF064D6F54A1F942EA8E2F8118.d.2ED8A614E438F770C21AD7CAB229BA81.e.6076"}]}
RESULT: {"script":"<script> [56 bytes]","args":[{"element-6066-11e4-a52e-4f735466cecf":"f.683367EF064D6F54A1F942EA8E2F8118.d.2ED8A614E438F770C21AD7CAB229BA81.e.6076","ELEMENT":"f.683367EF064D6F54A1F942EA8E2F8118.d.2ED8A614E438F770C21AD7CAB229BA81.e.6076"}]}
COMMAND: GET /session/59746a33121488b03cb28927e3139cef/element/f.683367EF064D6F54A1F942EA8E2F8118.d.2ED8A614E438F770C21AD7CAB229BA81.e.6075/attribute/aria-checked - {}
COMMAND: GET /session/59746a33121488b03cb28927e3139cef/screenshot - {}
RESULT: {}
COMMAND: POST /session/59746a33121488b03cb28927e3139cef/element - {"using":"xpath","value":"//table[contains(@id, \"listView-innerSelectionPanelTable-listUl\")]/tbody/tr[9]/td[2]/div/div"}
RESULT: {}
RESULT: {"using":"xpath","value":"//table[contains(@id, \"listView-innerSelectionPanelTable-listUl\")]/tbody/tr[9]/td[2]/div/div"}
COMMAND: POST /session/59746a33121488b03cb28927e3139cef/element - {"using":"xpath","value":"//table[contains(@id, \"listView-innerSelectionPanelTable-listUl\")]/tbody/tr[9]/td[2]/div"}
RESULT: {"using":"xpath","value":"//table[contains(@id, \"listView-innerSelectionPanelTable-listUl\")]/tbody/tr[9]/td[2]/div"}
COMMAND: POST /session/59746a33121488b03cb28927e3139cef/element - {"using":"xpath","value":"//table[contains(@id, \"listView-innerSelectionPanelTable-listUl\")]/tbody/tr[9]/td[3]/div/div/span/span[1]/bdi"}
RESULT: {"using":"xpath","value":"//table[contains(@id, \"listView-innerSelectionPanelTable-listUl\")]/tbody/tr[9]/td[3]/div/div/span/span[1]/bdi"}
COMMAND: POST /session/59746a33121488b03cb28927e3139cef/execute/sync - {"script":"<script> [56 bytes]","args":[{"element-6066-11e4-a52e-4f735466cecf":"f.683367EF064D6F54A1F942EA8E2F8118.d.2ED8A614E438F770C21AD7CAB229BA81.e.6079","ELEMENT":"f.683367EF064D6F54A1F942EA8E2F8118.d.2ED8A614E438F770C21AD7CAB229BA81.e.6079"}]}
RESULT: {"script":"<script> [56 bytes]","args":[{"element-6066-11e4-a52e-4f735466cecf":"f.683367EF064D6F54A1F942EA8E2F8118.d.2ED8A614E438F770C21AD7CAB229BA81.e.6079","ELEMENT":"f.683367EF064D6F54A1F942EA8E2F8118.d.2ED8A614E438F770C21AD7CAB229BA81.e.6079"}]}
COMMAND: GET /session/59746a33121488b03cb28927e3139cef/element/f.683367EF064D6F54A1F942EA8E2F8118.d.2ED8A614E438F770C21AD7CAB229BA81.e.6078/attribute/aria-checked - {}
COMMAND: GET /session/59746a33121488b03cb28927e3139cef/screenshot - {}
RESULT: {}
COMMAND: POST /session/59746a33121488b03cb28927e3139cef/element - {"using":"xpath","value":"//table[contains(@id, \"listView-innerSelectionPanelTable-listUl\")]/tbody/tr[10]/td[2]/div/div"}
RESULT: {}
RESULT: {"using":"xpath","value":"//table[contains(@id, \"listView-innerSelectionPanelTable-listUl\")]/tbody/tr[10]/td[2]/div/div"}
COMMAND: POST /session/59746a33121488b03cb28927e3139cef/element - {"using":"xpath","value":"//table[contains(@id, \"listView-innerSelectionPanelTable-listUl\")]/tbody/tr[10]/td[2]/div"}
RESULT: {"using":"xpath","value":"//table[contains(@id, \"listView-innerSelectionPanelTable-listUl\")]/tbody/tr[10]/td[2]/div"}
COMMAND: POST /session/59746a33121488b03cb28927e3139cef/element - {"using":"xpath","value":"//table[contains(@id, \"listView-innerSelectionPanelTable-listUl\")]/tbody/tr[10]/td[3]/div/div/span/span[1]/bdi"}
RESULT: {"using":"xpath","value":"//table[contains(@id, \"listView-innerSelectionPanelTable-listUl\")]/tbody/tr[10]/td[3]/div/div/span/span[1]/bdi"}
COMMAND: POST /session/59746a33121488b03cb28927e3139cef/execute/sync - {"script":"<script> [56 bytes]","args":[{"element-6066-11e4-a52e-4f735466cecf":"f.683367EF064D6F54A1F942EA8E2F8118.d.2ED8A614E438F770C21AD7CAB229BA81.e.6082","ELEMENT":"f.683367EF064D6F54A1F942EA8E2F8118.d.2ED8A614E438F770C21AD7CAB229BA81.e.6082"}]}
RESULT: {"script":"<script> [56 bytes]","args":[{"element-6066-11e4-a52e-4f735466cecf":"f.683367EF064D6F54A1F942EA8E2F8118.d.2ED8A614E438F770C21AD7CAB229BA81.e.6082","ELEMENT":"f.683367EF064D6F54A1F942EA8E2F8118.d.2ED8A614E438F770C21AD7CAB229BA81.e.6082"}]}
COMMAND: GET /session/59746a33121488b03cb28927e3139cef/element/f.683367EF064D6F54A1F942EA8E2F8118.d.2ED8A614E438F770C21AD7CAB229BA81.e.6081/attribute/aria-checked - {}
COMMAND: GET /session/59746a33121488b03cb28927e3139cef/screenshot - {}
RESULT: {}
COMMAND: POST /session/59746a33121488b03cb28927e3139cef/element - {"using":"xpath","value":"//table[contains(@id, \"listView-innerSelectionPanelTable-listUl\")]/tbody/tr[11]/td[2]/div/div"}
RESULT: {}
RESULT: {"using":"xpath","value":"//table[contains(@id, \"listView-innerSelectionPanelTable-listUl\")]/tbody/tr[11]/td[2]/div/div"}
COMMAND: POST /session/59746a33121488b03cb28927e3139cef/element - {"using":"xpath","value":"//table[contains(@id, \"listView-innerSelectionPanelTable-listUl\")]/tbody/tr[11]/td[2]/div"}
RESULT: {"using":"xpath","value":"//table[contains(@id, \"listView-innerSelectionPanelTable-listUl\")]/tbody/tr[11]/td[2]/div"}
COMMAND: POST /session/59746a33121488b03cb28927e3139cef/element - {"using":"xpath","value":"//table[contains(@id, \"listView-innerSelectionPanelTable-listUl\")]/tbody/tr[11]/td[3]/div/div/span/span[1]/bdi"}
RESULT: {"using":"xpath","value":"//table[contains(@id, \"listView-innerSelectionPanelTable-listUl\")]/tbody/tr[11]/td[3]/div/div/span/span[1]/bdi"}
COMMAND: POST /session/59746a33121488b03cb28927e3139cef/execute/sync - {"script":"<script> [56 bytes]","args":[{"element-6066-11e4-a52e-4f735466cecf":"f.683367EF064D6F54A1F942EA8E2F8118.d.2ED8A614E438F770C21AD7CAB229BA81.e.6085","ELEMENT":"f.683367EF064D6F54A1F942EA8E2F8118.d.2ED8A614E438F770C21AD7CAB229BA81.e.6085"}]}
RESULT: {"script":"<script> [56 bytes]","args":[{"element-6066-11e4-a52e-4f735466cecf":"f.683367EF064D6F54A1F942EA8E2F8118.d.2ED8A614E438F770C21AD7CAB229BA81.e.6085","ELEMENT":"f.683367EF064D6F54A1F942EA8E2F8118.d.2ED8A614E438F770C21AD7CAB229BA81.e.6085"}]}
COMMAND: GET /session/59746a33121488b03cb28927e3139cef/element/f.683367EF064D6F54A1F942EA8E2F8118.d.2ED8A614E438F770C21AD7CAB229BA81.e.6084/attribute/aria-checked - {}
COMMAND: GET /session/59746a33121488b03cb28927e3139cef/screenshot - {}
RESULT: {}
COMMAND: POST /session/59746a33121488b03cb28927e3139cef/element - {"using":"xpath","value":"//table[contains(@id, \"listView-innerSelectionPanelTable-listUl\")]/tbody/tr[12]/td[2]/div/div"}
RESULT: {}
RESULT: {"using":"xpath","value":"//table[contains(@id, \"listView-innerSelectionPanelTable-listUl\")]/tbody/tr[12]/td[2]/div/div"}
COMMAND: POST /session/59746a33121488b03cb28927e3139cef/element - {"using":"xpath","value":"//table[contains(@id, \"listView-innerSelectionPanelTable-listUl\")]/tbody/tr[12]/td[2]/div"}
RESULT: {"using":"xpath","value":"//table[contains(@id, \"listView-innerSelectionPanelTable-listUl\")]/tbody/tr[12]/td[2]/div"}
COMMAND: POST /session/59746a33121488b03cb28927e3139cef/element - {"using":"xpath","value":"//table[contains(@id, \"listView-innerSelectionPanelTable-listUl\")]/tbody/tr[12]/td[3]/div/div/span/span[1]/bdi"}
RESULT: {"using":"xpath","value":"//table[contains(@id, \"listView-innerSelectionPanelTable-listUl\")]/tbody/tr[12]/td[3]/div/div/span/span[1]/bdi"}
COMMAND: POST /session/59746a33121488b03cb28927e3139cef/execute/sync - {"script":"<script> [56 bytes]","args":[{"element-6066-11e4-a52e-4f735466cecf":"f.683367EF064D6F54A1F942EA8E2F8118.d.2ED8A614E438F770C21AD7CAB229BA81.e.6088","ELEMENT":"f.683367EF064D6F54A1F942EA8E2F8118.d.2ED8A614E438F770C21AD7CAB229BA81.e.6088"}]}
RESULT: {"script":"<script> [56 bytes]","args":[{"element-6066-11e4-a52e-4f735466cecf":"f.683367EF064D6F54A1F942EA8E2F8118.d.2ED8A614E438F770C21AD7CAB229BA81.e.6088","ELEMENT":"f.683367EF064D6F54A1F942EA8E2F8118.d.2ED8A614E438F770C21AD7CAB229BA81.e.6088"}]}
COMMAND: GET /session/59746a33121488b03cb28927e3139cef/element/f.683367EF064D6F54A1F942EA8E2F8118.d.2ED8A614E438F770C21AD7CAB229BA81.e.6087/attribute/aria-checked - {}
COMMAND: GET /session/59746a33121488b03cb28927e3139cef/screenshot - {}
RESULT: {}
COMMAND: POST /session/59746a33121488b03cb28927e3139cef/element - {"using":"xpath","value":"//table[contains(@id, \"listView-innerSelectionPanelTable-listUl\")]/tbody/tr[13]/td[2]/div/div"}
RESULT: {}
RESULT: {"using":"xpath","value":"//table[contains(@id, \"listView-innerSelectionPanelTable-listUl\")]/tbody/tr[13]/td[2]/div/div"}
COMMAND: POST /session/59746a33121488b03cb28927e3139cef/element - {"using":"xpath","value":"//table[contains(@id, \"listView-innerSelectionPanelTable-listUl\")]/tbody/tr[13]/td[2]/div"}
RESULT: {"using":"xpath","value":"//table[contains(@id, \"listView-innerSelectionPanelTable-listUl\")]/tbody/tr[13]/td[2]/div"}
COMMAND: POST /session/59746a33121488b03cb28927e3139cef/element - {"using":"xpath","value":"//table[contains(@id, \"listView-innerSelectionPanelTable-listUl\")]/tbody/tr[13]/td[3]/div/div/span/span[1]/bdi"}
RESULT: {"using":"xpath","value":"//table[contains(@id, \"listView-innerSelectionPanelTable-listUl\")]/tbody/tr[13]/td[3]/div/div/span/span[1]/bdi"}
COMMAND: POST /session/59746a33121488b03cb28927e3139cef/execute/sync - {"script":"<script> [56 bytes]","args":[{"element-6066-11e4-a52e-4f735466cecf":"f.683367EF064D6F54A1F942EA8E2F8118.d.2ED8A614E438F770C21AD7CAB229BA81.e.6091","ELEMENT":"f.683367EF064D6F54A1F942EA8E2F8118.d.2ED8A614E438F770C21AD7CAB229BA81.e.6091"}]}
RESULT: {"script":"<script> [56 bytes]","args":[{"element-6066-11e4-a52e-4f735466cecf":"f.683367EF064D6F54A1F942EA8E2F8118.d.2ED8A614E438F770C21AD7CAB229BA81.e.6091","ELEMENT":"f.683367EF064D6F54A1F942EA8E2F8118.d.2ED8A614E438F770C21AD7CAB229BA81.e.6091"}]}
COMMAND: GET /session/59746a33121488b03cb28927e3139cef/element/f.683367EF064D6F54A1F942EA8E2F8118.d.2ED8A614E438F770C21AD7CAB229BA81.e.6090/attribute/aria-checked - {}
COMMAND: GET /session/59746a33121488b03cb28927e3139cef/screenshot - {}
RESULT: {}
COMMAND: POST /session/59746a33121488b03cb28927e3139cef/element - {"using":"xpath","value":"//table[contains(@id, \"listView-innerSelectionPanelTable-listUl\")]/tbody/tr[14]/td[2]/div/div"}
COMMAND: POST /session/59746a33121488b03cb28927e3139cef/element/f.683367EF064D6F54A1F942EA8E2F8118.d.2ED8A614E438F770C21AD7CAB229BA81.e.6089/click - {}
RESULT: {}
RESULT: {}
COMMAND: GET /session/59746a33121488b03cb28927e3139cef/screenshot - {}
RESULT: {"using":"xpath","value":"//table[contains(@id, \"listView-innerSelectionPanelTable-listUl\")]/tbody/tr[14]/td[2]/div/div"}
COMMAND: POST /session/59746a33121488b03cb28927e3139cef/element - {"using":"xpath","value":"//table[contains(@id, \"listView-innerSelectionPanelTable-listUl\")]/tbody/tr[14]/td[2]/div"}
RESULT: {}
RESULT: {"using":"xpath","value":"//table[contains(@id, \"listView-innerSelectionPanelTable-listUl\")]/tbody/tr[14]/td[2]/div"}
COMMAND: POST /session/59746a33121488b03cb28927e3139cef/element - {"using":"xpath","value":"//table[contains(@id, \"listView-innerSelectionPanelTable-listUl\")]/tbody/tr[14]/td[3]/div/div/span/span[1]/bdi"}
RESULT: {"using":"xpath","value":"//table[contains(@id, \"listView-innerSelectionPanelTable-listUl\")]/tbody/tr[14]/td[3]/div/div/span/span[1]/bdi"}
COMMAND: POST /session/59746a33121488b03cb28927e3139cef/execute/sync - {"script":"<script> [56 bytes]","args":[{"element-6066-11e4-a52e-4f735466cecf":"f.683367EF064D6F54A1F942EA8E2F8118.d.2ED8A614E438F770C21AD7CAB229BA81.e.6095","ELEMENT":"f.683367EF064D6F54A1F942EA8E2F8118.d.2ED8A614E438F770C21AD7CAB229BA81.e.6095"}]}
RESULT: {"script":"<script> [56 bytes]","args":[{"element-6066-11e4-a52e-4f735466cecf":"f.683367EF064D6F54A1F942EA8E2F8118.d.2ED8A614E438F770C21AD7CAB229BA81.e.6095","ELEMENT":"f.683367EF064D6F54A1F942EA8E2F8118.d.2ED8A614E438F770C21AD7CAB229BA81.e.6095"}]}
COMMAND: GET /session/59746a33121488b03cb28927e3139cef/element/f.683367EF064D6F54A1F942EA8E2F8118.d.2ED8A614E438F770C21AD7CAB229BA81.e.6094/attribute/aria-checked - {}
COMMAND: GET /session/59746a33121488b03cb28927e3139cef/screenshot - {}
RESULT: {}
COMMAND: POST /session/59746a33121488b03cb28927e3139cef/element - {"using":"xpath","value":"//table[contains(@id, \"listView-innerSelectionPanelTable-listUl\")]/tbody/tr[15]/td[2]/div/div"}
RESULT: {}
RESULT: {"using":"xpath","value":"//table[contains(@id, \"listView-innerSelectionPanelTable-listUl\")]/tbody/tr[15]/td[2]/div/div"}
COMMAND: POST /session/59746a33121488b03cb28927e3139cef/element - {"using":"xpath","value":"//table[contains(@id, \"listView-innerSelectionPanelTable-listUl\")]/tbody/tr[15]/td[2]/div"}
RESULT: {"using":"xpath","value":"//table[contains(@id, \"listView-innerSelectionPanelTable-listUl\")]/tbody/tr[15]/td[2]/div"}
COMMAND: POST /session/59746a33121488b03cb28927e3139cef/element - {"using":"xpath","value":"//table[contains(@id, \"listView-innerSelectionPanelTable-listUl\")]/tbody/tr[15]/td[3]/div/div/span/span[1]/bdi"}
RESULT: {"using":"xpath","value":"//table[contains(@id, \"listView-innerSelectionPanelTable-listUl\")]/tbody/tr[15]/td[3]/div/div/span/span[1]/bdi"}
COMMAND: POST /session/59746a33121488b03cb28927e3139cef/execute/sync - {"script":"<script> [56 bytes]","args":[{"element-6066-11e4-a52e-4f735466cecf":"f.683367EF064D6F54A1F942EA8E2F8118.d.2ED8A614E438F770C21AD7CAB229BA81.e.6098","ELEMENT":"f.683367EF064D6F54A1F942EA8E2F8118.d.2ED8A614E438F770C21AD7CAB229BA81.e.6098"}]}
RESULT: {"script":"<script> [56 bytes]","args":[{"element-6066-11e4-a52e-4f735466cecf":"f.683367EF064D6F54A1F942EA8E2F8118.d.2ED8A614E438F770C21AD7CAB229BA81.e.6098","ELEMENT":"f.683367EF064D6F54A1F942EA8E2F8118.d.2ED8A614E438F770C21AD7CAB229BA81.e.6098"}]}
COMMAND: GET /session/59746a33121488b03cb28927e3139cef/element/f.683367EF064D6F54A1F942EA8E2F8118.d.2ED8A614E438F770C21AD7CAB229BA81.e.6097/attribute/aria-checked - {}
COMMAND: GET /session/59746a33121488b03cb28927e3139cef/screenshot - {}
RESULT: {}
COMMAND: POST /session/59746a33121488b03cb28927e3139cef/element - {"using":"xpath","value":"//table[contains(@id, \"listView-innerSelectionPanelTable-listUl\")]/tbody/tr[16]/td[2]/div/div"}
RESULT: {}
RESULT: {"using":"xpath","value":"//table[contains(@id, \"listView-innerSelectionPanelTable-listUl\")]/tbody/tr[16]/td[2]/div/div"}
COMMAND: POST /session/59746a33121488b03cb28927e3139cef/element - {"using":"xpath","value":"//table[contains(@id, \"listView-innerSelectionPanelTable-listUl\")]/tbody/tr[16]/td[2]/div"}
RESULT: {"using":"xpath","value":"//table[contains(@id, \"listView-innerSelectionPanelTable-listUl\")]/tbody/tr[16]/td[2]/div"}
COMMAND: POST /session/59746a33121488b03cb28927e3139cef/element - {"using":"xpath","value":"//table[contains(@id, \"listView-innerSelectionPanelTable-listUl\")]/tbody/tr[16]/td[3]/div/div/span/span[1]/bdi"}
RESULT: {"using":"xpath","value":"//table[contains(@id, \"listView-innerSelectionPanelTable-listUl\")]/tbody/tr[16]/td[3]/div/div/span/span[1]/bdi"}
COMMAND: POST /session/59746a33121488b03cb28927e3139cef/execute/sync - {"script":"<script> [56 bytes]","args":[{"element-6066-11e4-a52e-4f735466cecf":"f.683367EF064D6F54A1F942EA8E2F8118.d.2ED8A614E438F770C21AD7CAB229BA81.e.6101","ELEMENT":"f.683367EF064D6F54A1F942EA8E2F8118.d.2ED8A614E438F770C21AD7CAB229BA81.e.6101"}]}
RESULT: {"script":"<script> [56 bytes]","args":[{"element-6066-11e4-a52e-4f735466cecf":"f.683367EF064D6F54A1F942EA8E2F8118.d.2ED8A614E438F770C21AD7CAB229BA81.e.6101","ELEMENT":"f.683367EF064D6F54A1F942EA8E2F8118.d.2ED8A614E438F770C21AD7CAB229BA81.e.6101"}]}
COMMAND: GET /session/59746a33121488b03cb28927e3139cef/element/f.683367EF064D6F54A1F942EA8E2F8118.d.2ED8A614E438F770C21AD7CAB229BA81.e.6100/attribute/aria-checked - {}
COMMAND: GET /session/59746a33121488b03cb28927e3139cef/screenshot - {}
RESULT: {}
COMMAND: POST /session/59746a33121488b03cb28927e3139cef/element - {"using":"xpath","value":"//table[contains(@id, \"listView-innerSelectionPanelTable-listUl\")]/tbody/tr[17]/td[2]/div/div"}
RESULT: {}
RESULT: {"using":"xpath","value":"//table[contains(@id, \"listView-innerSelectionPanelTable-listUl\")]/tbody/tr[17]/td[2]/div/div"}
COMMAND: POST /session/59746a33121488b03cb28927e3139cef/element - {"using":"xpath","value":"//table[contains(@id, \"listView-innerSelectionPanelTable-listUl\")]/tbody/tr[17]/td[2]/div"}
RESULT: {"using":"xpath","value":"//table[contains(@id, \"listView-innerSelectionPanelTable-listUl\")]/tbody/tr[17]/td[2]/div"}
COMMAND: POST /session/59746a33121488b03cb28927e3139cef/element - {"using":"xpath","value":"//table[contains(@id, \"listView-innerSelectionPanelTable-listUl\")]/tbody/tr[17]/td[3]/div/div/span/span[1]/bdi"}
RESULT: {"using":"xpath","value":"//table[contains(@id, \"listView-innerSelectionPanelTable-listUl\")]/tbody/tr[17]/td[3]/div/div/span/span[1]/bdi"}
COMMAND: POST /session/59746a33121488b03cb28927e3139cef/execute/sync - {"script":"<script> [56 bytes]","args":[{"element-6066-11e4-a52e-4f735466cecf":"f.683367EF064D6F54A1F942EA8E2F8118.d.2ED8A614E438F770C21AD7CAB229BA81.e.6104","ELEMENT":"f.683367EF064D6F54A1F942EA8E2F8118.d.2ED8A614E438F770C21AD7CAB229BA81.e.6104"}]}
RESULT: {"script":"<script> [56 bytes]","args":[{"element-6066-11e4-a52e-4f735466cecf":"f.683367EF064D6F54A1F942EA8E2F8118.d.2ED8A614E438F770C21AD7CAB229BA81.e.6104","ELEMENT":"f.683367EF064D6F54A1F942EA8E2F8118.d.2ED8A614E438F770C21AD7CAB229BA81.e.6104"}]}
COMMAND: GET /session/59746a33121488b03cb28927e3139cef/element/f.683367EF064D6F54A1F942EA8E2F8118.d.2ED8A614E438F770C21AD7CAB229BA81.e.6103/attribute/aria-checked - {}
COMMAND: GET /session/59746a33121488b03cb28927e3139cef/screenshot - {}
RESULT: {}
COMMAND: POST /session/59746a33121488b03cb28927e3139cef/element - {"using":"xpath","value":"//table[contains(@id, \"listView-innerSelectionPanelTable-listUl\")]/tbody/tr[18]/td[2]/div/div"}
RESULT: {}
RESULT: {"using":"xpath","value":"//table[contains(@id, \"listView-innerSelectionPanelTable-listUl\")]/tbody/tr[18]/td[2]/div/div"}
COMMAND: POST /session/59746a33121488b03cb28927e3139cef/element - {"using":"xpath","value":"//table[contains(@id, \"listView-innerSelectionPanelTable-listUl\")]/tbody/tr[18]/td[2]/div"}
RESULT: {"using":"xpath","value":"//table[contains(@id, \"listView-innerSelectionPanelTable-listUl\")]/tbody/tr[18]/td[2]/div"}
COMMAND: POST /session/59746a33121488b03cb28927e3139cef/element - {"using":"xpath","value":"//table[contains(@id, \"listView-innerSelectionPanelTable-listUl\")]/tbody/tr[18]/td[3]/div/div/span/span[1]/bdi"}
RESULT: {"using":"xpath","value":"//table[contains(@id, \"listView-innerSelectionPanelTable-listUl\")]/tbody/tr[18]/td[3]/div/div/span/span[1]/bdi"}
COMMAND: POST /session/59746a33121488b03cb28927e3139cef/execute/sync - {"script":"<script> [56 bytes]","args":[{"element-6066-11e4-a52e-4f735466cecf":"f.683367EF064D6F54A1F942EA8E2F8118.d.2ED8A614E438F770C21AD7CAB229BA81.e.6107","ELEMENT":"f.683367EF064D6F54A1F942EA8E2F8118.d.2ED8A614E438F770C21AD7CAB229BA81.e.6107"}]}
RESULT: {"script":"<script> [56 bytes]","args":[{"element-6066-11e4-a52e-4f735466cecf":"f.683367EF064D6F54A1F942EA8E2F8118.d.2ED8A614E438F770C21AD7CAB229BA81.e.6107","ELEMENT":"f.683367EF064D6F54A1F942EA8E2F8118.d.2ED8A614E438F770C21AD7CAB229BA81.e.6107"}]}
COMMAND: GET /session/59746a33121488b03cb28927e3139cef/element/f.683367EF064D6F54A1F942EA8E2F8118.d.2ED8A614E438F770C21AD7CAB229BA81.e.6106/attribute/aria-checked - {}
COMMAND: GET /session/59746a33121488b03cb28927e3139cef/screenshot - {}
RESULT: {}
COMMAND: POST /session/59746a33121488b03cb28927e3139cef/element - {"using":"xpath","value":"//table[contains(@id, \"listView-innerSelectionPanelTable-listUl\")]/tbody/tr[19]/td[2]/div/div"}
RESULT: {}
RESULT: {"using":"xpath","value":"//table[contains(@id, \"listView-innerSelectionPanelTable-listUl\")]/tbody/tr[19]/td[2]/div/div"}
COMMAND: POST /session/59746a33121488b03cb28927e3139cef/element - {"using":"xpath","value":"//table[contains(@id, \"listView-innerSelectionPanelTable-listUl\")]/tbody/tr[19]/td[2]/div"}
RESULT: {"using":"xpath","value":"//table[contains(@id, \"listView-innerSelectionPanelTable-listUl\")]/tbody/tr[19]/td[2]/div"}
COMMAND: POST /session/59746a33121488b03cb28927e3139cef/element - {"using":"xpath","value":"//table[contains(@id, \"listView-innerSelectionPanelTable-listUl\")]/tbody/tr[19]/td[3]/div/div/span/span[1]/bdi"}
RESULT: {"using":"xpath","value":"//table[contains(@id, \"listView-innerSelectionPanelTable-listUl\")]/tbody/tr[19]/td[3]/div/div/span/span[1]/bdi"}
COMMAND: POST /session/59746a33121488b03cb28927e3139cef/execute/sync - {"script":"<script> [56 bytes]","args":[{"element-6066-11e4-a52e-4f735466cecf":"f.683367EF064D6F54A1F942EA8E2F8118.d.2ED8A614E438F770C21AD7CAB229BA81.e.6110","ELEMENT":"f.683367EF064D6F54A1F942EA8E2F8118.d.2ED8A614E438F770C21AD7CAB229BA81.e.6110"}]}
RESULT: {"script":"<script> [56 bytes]","args":[{"element-6066-11e4-a52e-4f735466cecf":"f.683367EF064D6F54A1F942EA8E2F8118.d.2ED8A614E438F770C21AD7CAB229BA81.e.6110","ELEMENT":"f.683367EF064D6F54A1F942EA8E2F8118.d.2ED8A614E438F770C21AD7CAB229BA81.e.6110"}]}
COMMAND: GET /session/59746a33121488b03cb28927e3139cef/element/f.683367EF064D6F54A1F942EA8E2F8118.d.2ED8A614E438F770C21AD7CAB229BA81.e.6109/attribute/aria-checked - {}
COMMAND: GET /session/59746a33121488b03cb28927e3139cef/screenshot - {}
RESULT: {}
COMMAND: POST /session/59746a33121488b03cb28927e3139cef/element - {"using":"xpath","value":"//table[contains(@id, \"listView-innerSelectionPanelTable-listUl\")]/tbody/tr[20]/td[2]/div/div"}
RESULT: {}
RESULT: {"using":"xpath","value":"//table[contains(@id, \"listView-innerSelectionPanelTable-listUl\")]/tbody/tr[20]/td[2]/div/div"}
COMMAND: POST /session/59746a33121488b03cb28927e3139cef/element - {"using":"xpath","value":"//table[contains(@id, \"listView-innerSelectionPanelTable-listUl\")]/tbody/tr[20]/td[2]/div"}
RESULT: {"using":"xpath","value":"//table[contains(@id, \"listView-innerSelectionPanelTable-listUl\")]/tbody/tr[20]/td[2]/div"}
COMMAND: POST /session/59746a33121488b03cb28927e3139cef/element - {"using":"xpath","value":"//table[contains(@id, \"listView-innerSelectionPanelTable-listUl\")]/tbody/tr[20]/td[3]/div/div/span/span[1]/bdi"}
RESULT: {"using":"xpath","value":"//table[contains(@id, \"listView-innerSelectionPanelTable-listUl\")]/tbody/tr[20]/td[3]/div/div/span/span[1]/bdi"}
COMMAND: POST /session/59746a33121488b03cb28927e3139cef/execute/sync - {"script":"<script> [56 bytes]","args":[{"element-6066-11e4-a52e-4f735466cecf":"f.683367EF064D6F54A1F942EA8E2F8118.d.2ED8A614E438F770C21AD7CAB229BA81.e.6113","ELEMENT":"f.683367EF064D6F54A1F942EA8E2F8118.d.2ED8A614E438F770C21AD7CAB229BA81.e.6113"}]}
RESULT: {"script":"<script> [56 bytes]","args":[{"element-6066-11e4-a52e-4f735466cecf":"f.683367EF064D6F54A1F942EA8E2F8118.d.2ED8A614E438F770C21AD7CAB229BA81.e.6113","ELEMENT":"f.683367EF064D6F54A1F942EA8E2F8118.d.2ED8A614E438F770C21AD7CAB229BA81.e.6113"}]}
COMMAND: GET /session/59746a33121488b03cb28927e3139cef/element/f.683367EF064D6F54A1F942EA8E2F8118.d.2ED8A614E438F770C21AD7CAB229BA81.e.6112/attribute/aria-checked - {}
COMMAND: GET /session/59746a33121488b03cb28927e3139cef/screenshot - {}
RESULT: {}
COMMAND: POST /session/59746a33121488b03cb28927e3139cef/element - {"using":"xpath","value":"//table[contains(@id, \"listView-innerSelectionPanelTable-listUl\")]/tbody/tr[21]/td[2]/div/div"}
RESULT: {}
RESULT: {"using":"xpath","value":"//table[contains(@id, \"listView-innerSelectionPanelTable-listUl\")]/tbody/tr[21]/td[2]/div/div"}
COMMAND: POST /session/59746a33121488b03cb28927e3139cef/element - {"using":"xpath","value":"//table[contains(@id, \"listView-innerSelectionPanelTable-listUl\")]/tbody/tr[21]/td[2]/div"}
RESULT: {"using":"xpath","value":"//table[contains(@id, \"listView-innerSelectionPanelTable-listUl\")]/tbody/tr[21]/td[2]/div"}
COMMAND: POST /session/59746a33121488b03cb28927e3139cef/element - {"using":"xpath","value":"//table[contains(@id, \"listView-innerSelectionPanelTable-listUl\")]/tbody/tr[21]/td[3]/div/div/span/span[1]/bdi"}
RESULT: {"using":"xpath","value":"//table[contains(@id, \"listView-innerSelectionPanelTable-listUl\")]/tbody/tr[21]/td[3]/div/div/span/span[1]/bdi"}
COMMAND: POST /session/59746a33121488b03cb28927e3139cef/execute/sync - {"script":"<script> [56 bytes]","args":[{"element-6066-11e4-a52e-4f735466cecf":"f.683367EF064D6F54A1F942EA8E2F8118.d.2ED8A614E438F770C21AD7CAB229BA81.e.6116","ELEMENT":"f.683367EF064D6F54A1F942EA8E2F8118.d.2ED8A614E438F770C21AD7CAB229BA81.e.6116"}]}
RESULT: {"script":"<script> [56 bytes]","args":[{"element-6066-11e4-a52e-4f735466cecf":"f.683367EF064D6F54A1F942EA8E2F8118.d.2ED8A614E438F770C21AD7CAB229BA81.e.6116","ELEMENT":"f.683367EF064D6F54A1F942EA8E2F8118.d.2ED8A614E438F770C21AD7CAB229BA81.e.6116"}]}
COMMAND: GET /session/59746a33121488b03cb28927e3139cef/element/f.683367EF064D6F54A1F942EA8E2F8118.d.2ED8A614E438F770C21AD7CAB229BA81.e.6115/attribute/aria-checked - {}
COMMAND: GET /session/59746a33121488b03cb28927e3139cef/screenshot - {}
RESULT: {}
COMMAND: POST /session/59746a33121488b03cb28927e3139cef/element - {"using":"xpath","value":"//table[contains(@id, \"listView-innerSelectionPanelTable-listUl\")]/tbody/tr[22]/td[2]/div/div"}
RESULT: {}
RESULT: {"using":"xpath","value":"//table[contains(@id, \"listView-innerSelectionPanelTable-listUl\")]/tbody/tr[22]/td[2]/div/div"}
COMMAND: POST /session/59746a33121488b03cb28927e3139cef/element - {"using":"xpath","value":"//table[contains(@id, \"listView-innerSelectionPanelTable-listUl\")]/tbody/tr[22]/td[2]/div"}
RESULT: {"using":"xpath","value":"//table[contains(@id, \"listView-innerSelectionPanelTable-listUl\")]/tbody/tr[22]/td[2]/div"}
COMMAND: POST /session/59746a33121488b03cb28927e3139cef/element - {"using":"xpath","value":"//table[contains(@id, \"listView-innerSelectionPanelTable-listUl\")]/tbody/tr[22]/td[3]/div/div/span/span[1]/bdi"}
RESULT: {"using":"xpath","value":"//table[contains(@id, \"listView-innerSelectionPanelTable-listUl\")]/tbody/tr[22]/td[3]/div/div/span/span[1]/bdi"}
COMMAND: POST /session/59746a33121488b03cb28927e3139cef/execute/sync - {"script":"<script> [56 bytes]","args":[{"element-6066-11e4-a52e-4f735466cecf":"f.683367EF064D6F54A1F942EA8E2F8118.d.2ED8A614E438F770C21AD7CAB229BA81.e.6119","ELEMENT":"f.683367EF064D6F54A1F942EA8E2F8118.d.2ED8A614E438F770C21AD7CAB229BA81.e.6119"}]}
RESULT: {"script":"<script> [56 bytes]","args":[{"element-6066-11e4-a52e-4f735466cecf":"f.683367EF064D6F54A1F942EA8E2F8118.d.2ED8A614E438F770C21AD7CAB229BA81.e.6119","ELEMENT":"f.683367EF064D6F54A1F942EA8E2F8118.d.2ED8A614E438F770C21AD7CAB229BA81.e.6119"}]}
COMMAND: GET /session/59746a33121488b03cb28927e3139cef/element/f.683367EF064D6F54A1F942EA8E2F8118.d.2ED8A614E438F770C21AD7CAB229BA81.e.6118/attribute/aria-checked - {}
COMMAND: GET /session/59746a33121488b03cb28927e3139cef/screenshot - {}
RESULT: {}
COMMAND: POST /session/59746a33121488b03cb28927e3139cef/element - {"using":"xpath","value":"//table[contains(@id, \"listView-innerSelectionPanelTable-listUl\")]/tbody/tr[23]/td[2]/div/div"}
RESULT: {}
RESULT: {"using":"xpath","value":"//table[contains(@id, \"listView-innerSelectionPanelTable-listUl\")]/tbody/tr[23]/td[2]/div/div"}
COMMAND: POST /session/59746a33121488b03cb28927e3139cef/element - {"using":"xpath","value":"//table[contains(@id, \"listView-innerSelectionPanelTable-listUl\")]/tbody/tr[23]/td[2]/div"}
RESULT: {"using":"xpath","value":"//table[contains(@id, \"listView-innerSelectionPanelTable-listUl\")]/tbody/tr[23]/td[2]/div"}
COMMAND: POST /session/59746a33121488b03cb28927e3139cef/element - {"using":"xpath","value":"//table[contains(@id, \"listView-innerSelectionPanelTable-listUl\")]/tbody/tr[23]/td[3]/div/div/span/span[1]/bdi"}
RESULT: {"using":"xpath","value":"//table[contains(@id, \"listView-innerSelectionPanelTable-listUl\")]/tbody/tr[23]/td[3]/div/div/span/span[1]/bdi"}
COMMAND: POST /session/59746a33121488b03cb28927e3139cef/execute/sync - {"script":"<script> [56 bytes]","args":[{"element-6066-11e4-a52e-4f735466cecf":"f.683367EF064D6F54A1F942EA8E2F8118.d.2ED8A614E438F770C21AD7CAB229BA81.e.6122","ELEMENT":"f.683367EF064D6F54A1F942EA8E2F8118.d.2ED8A614E438F770C21AD7CAB229BA81.e.6122"}]}
RESULT: {"script":"<script> [56 bytes]","args":[{"element-6066-11e4-a52e-4f735466cecf":"f.683367EF064D6F54A1F942EA8E2F8118.d.2ED8A614E438F770C21AD7CAB229BA81.e.6122","ELEMENT":"f.683367EF064D6F54A1F942EA8E2F8118.d.2ED8A614E438F770C21AD7CAB229BA81.e.6122"}]}
COMMAND: GET /session/59746a33121488b03cb28927e3139cef/element/f.683367EF064D6F54A1F942EA8E2F8118.d.2ED8A614E438F770C21AD7CAB229BA81.e.6121/attribute/aria-checked - {}
COMMAND: GET /session/59746a33121488b03cb28927e3139cef/screenshot - {}
RESULT: {}
COMMAND: POST /session/59746a33121488b03cb28927e3139cef/element - {"using":"xpath","value":"//table[contains(@id, \"listView-innerSelectionPanelTable-listUl\")]/tbody/tr[24]/td[2]/div/div"}
RESULT: {}
RESULT: {"using":"xpath","value":"//table[contains(@id, \"listView-innerSelectionPanelTable-listUl\")]/tbody/tr[24]/td[2]/div/div"}
COMMAND: POST /session/59746a33121488b03cb28927e3139cef/element - {"using":"xpath","value":"//table[contains(@id, \"listView-innerSelectionPanelTable-listUl\")]/tbody/tr[24]/td[2]/div"}
RESULT: {"using":"xpath","value":"//table[contains(@id, \"listView-innerSelectionPanelTable-listUl\")]/tbody/tr[24]/td[2]/div"}
COMMAND: POST /session/59746a33121488b03cb28927e3139cef/element - {"using":"xpath","value":"//table[contains(@id, \"listView-innerSelectionPanelTable-listUl\")]/tbody/tr[24]/td[3]/div/div/span/span[1]/bdi"}
RESULT: {"using":"xpath","value":"//table[contains(@id, \"listView-innerSelectionPanelTable-listUl\")]/tbody/tr[24]/td[3]/div/div/span/span[1]/bdi"}
COMMAND: POST /session/59746a33121488b03cb28927e3139cef/execute/sync - {"script":"<script> [56 bytes]","args":[{"element-6066-11e4-a52e-4f735466cecf":"f.683367EF064D6F54A1F942EA8E2F8118.d.2ED8A614E438F770C21AD7CAB229BA81.e.6125","ELEMENT":"f.683367EF064D6F54A1F942EA8E2F8118.d.2ED8A614E438F770C21AD7CAB229BA81.e.6125"}]}
RESULT: {"script":"<script> [56 bytes]","args":[{"element-6066-11e4-a52e-4f735466cecf":"f.683367EF064D6F54A1F942EA8E2F8118.d.2ED8A614E438F770C21AD7CAB229BA81.e.6125","ELEMENT":"f.683367EF064D6F54A1F942EA8E2F8118.d.2ED8A614E438F770C21AD7CAB229BA81.e.6125"}]}
COMMAND: GET /session/59746a33121488b03cb28927e3139cef/element/f.683367EF064D6F54A1F942EA8E2F8118.d.2ED8A614E438F770C21AD7CAB229BA81.e.6124/attribute/aria-checked - {}
COMMAND: GET /session/59746a33121488b03cb28927e3139cef/screenshot - {}
RESULT: {}
COMMAND: POST /session/59746a33121488b03cb28927e3139cef/element - {"using":"xpath","value":"//table[contains(@id, \"listView-innerSelectionPanelTable-listUl\")]/tbody/tr[25]/td[2]/div/div"}
RESULT: {}
RESULT: {"using":"xpath","value":"//table[contains(@id, \"listView-innerSelectionPanelTable-listUl\")]/tbody/tr[25]/td[2]/div/div"}
COMMAND: POST /session/59746a33121488b03cb28927e3139cef/element - {"using":"xpath","value":"//table[contains(@id, \"listView-innerSelectionPanelTable-listUl\")]/tbody/tr[25]/td[2]/div"}
RESULT: {"using":"xpath","value":"//table[contains(@id, \"listView-innerSelectionPanelTable-listUl\")]/tbody/tr[25]/td[2]/div"}
COMMAND: POST /session/59746a33121488b03cb28927e3139cef/element - {"using":"xpath","value":"//table[contains(@id, \"listView-innerSelectionPanelTable-listUl\")]/tbody/tr[25]/td[3]/div/div/span/span[1]/bdi"}
RESULT: {"using":"xpath","value":"//table[contains(@id, \"listView-innerSelectionPanelTable-listUl\")]/tbody/tr[25]/td[3]/div/div/span/span[1]/bdi"}
COMMAND: POST /session/59746a33121488b03cb28927e3139cef/execute/sync - {"script":"<script> [56 bytes]","args":[{"element-6066-11e4-a52e-4f735466cecf":"f.683367EF064D6F54A1F942EA8E2F8118.d.2ED8A614E438F770C21AD7CAB229BA81.e.6128","ELEMENT":"f.683367EF064D6F54A1F942EA8E2F8118.d.2ED8A614E438F770C21AD7CAB229BA81.e.6128"}]}
RESULT: {"script":"<script> [56 bytes]","args":[{"element-6066-11e4-a52e-4f735466cecf":"f.683367EF064D6F54A1F942EA8E2F8118.d.2ED8A614E438F770C21AD7CAB229BA81.e.6128","ELEMENT":"f.683367EF064D6F54A1F942EA8E2F8118.d.2ED8A614E438F770C21AD7CAB229BA81.e.6128"}]}
COMMAND: GET /session/59746a33121488b03cb28927e3139cef/element/f.683367EF064D6F54A1F942EA8E2F8118.d.2ED8A614E438F770C21AD7CAB229BA81.e.6127/attribute/aria-checked - {}
COMMAND: GET /session/59746a33121488b03cb28927e3139cef/screenshot - {}
RESULT: {}
COMMAND: POST /session/59746a33121488b03cb28927e3139cef/element - {"using":"xpath","value":"//bdi[contains(text(), \"OK\")]"}
RESULT: {}
RESULT: {"using":"xpath","value":"//bdi[contains(text(), \"OK\")]"}
COMMAND: POST /session/59746a33121488b03cb28927e3139cef/element/f.683367EF064D6F54A1F942EA8E2F8118.d.2ED8A614E438F770C21AD7CAB229BA81.e.6129/click - {}
RESULT: {}
COMMAND: GET /session/59746a33121488b03cb28927e3139cef/screenshot - {}
RESULT: {}
RESULT: undefined
COMMAND: POST /session/59746a33121488b03cb28927e3139cef/element - {"using":"xpath","value":"//*[@id=\"application-managepartners-display-component---masterPtm--smartFilterBar-filterItemControlA_-LINK_TO_ADDRESSES_MAIN.CITY1-vhi\"]"}
RESULT: {"using":"xpath","value":"//*[@id=\"application-managepartners-display-component---masterPtm--smartFilterBar-filterItemControlA_-LINK_TO_ADDRESSES_MAIN.CITY1-vhi\"]"}
COMMAND: POST /session/59746a33121488b03cb28927e3139cef/element/f.683367EF064D6F54A1F942EA8E2F8118.d.2ED8A614E438F770C21AD7CAB229BA81.e.6143/click - {}
RESULT: {}
COMMAND: GET /session/59746a33121488b03cb28927e3139cef/screenshot - {}
RESULT: {}
RESULT: undefined
COMMAND: POST /session/59746a33121488b03cb28927e3139cef/execute/async - {"script":"<script> [776 bytes]","args":[{"enterText":"Bangalore","selector":{"controlType":"sap.m.Input","viewName":"etm.portal.ui.managepartners.view.Master","viewId":"application-managepartners-display-component---masterPtm","properties":{"valueState":"None"},"searchOpenDialogs":true,"interaction":{"idSuffix":"inner"}},"clearTextFirst":true,"interactionType":"ENTER_TEXT"}]}
RESULT: {"script":"<script> [776 bytes]","args":[{"enterText":"Bangalore","selector":{"controlType":"sap.m.Input","viewName":"etm.portal.ui.managepartners.view.Master","viewId":"application-managepartners-display-component---masterPtm","properties":{"valueState":"None"},"searchOpenDialogs":true,"interaction":{"idSuffix":"inner"}},"clearTextFirst":true,"interactionType":"ENTER_TEXT"}]}
COMMAND: POST /session/59746a33121488b03cb28927e3139cef/actions - {"actions":[{"id":"action26","type":"key","parameters":{},"actions":[{"type":"keyDown","value":"î€‡"},{"type":"pause","duration":10},{"type":"keyUp","value":"î€‡"}]}]}
RESULT: {"actions":[{"id":"action26","type":"key","parameters":{},"actions":[{"type":"keyDown","value":"î€‡"},{"type":"pause","duration":10},{"type":"keyUp","value":"î€‡"}]}]}
COMMAND: GET /session/59746a33121488b03cb28927e3139cef/screenshot - {}
RESULT: {}
COMMAND: POST /session/59746a33121488b03cb28927e3139cef/element - {"using":"xpath","value":"(//bdi[contains(text(), \"OK\")])[1]"}
RESULT: {"using":"xpath","value":"(//bdi[contains(text(), \"OK\")])[1]"}
COMMAND: POST /session/59746a33121488b03cb28927e3139cef/element/f.683367EF064D6F54A1F942EA8E2F8118.d.2ED8A614E438F770C21AD7CAB229BA81.e.6148/click - {}
RESULT: {}
COMMAND: GET /session/59746a33121488b03cb28927e3139cef/screenshot - {}
RESULT: {}
COMMAND: POST /session/59746a33121488b03cb28927e3139cef/element - {"using":"xpath","value":"//span[@id=\"application-managepartners-display-component---masterPtm--smartTable-header-inner\"]"}
RESULT: {"using":"xpath","value":"//span[@id=\"application-managepartners-display-component---masterPtm--smartTable-header-inner\"]"}
COMMAND: POST /session/59746a33121488b03cb28927e3139cef/elements - {"using":"xpath","value":"//span[@id=\"application-managepartners-display-component---masterPtm--smartTable-header-inner\"]"}
RESULT: {"using":"xpath","value":"//span[@id=\"application-managepartners-display-component---masterPtm--smartTable-header-inner\"]"}
COMMAND: POST /session/59746a33121488b03cb28927e3139cef/execute/sync - {"script":"<script> [56 bytes]","args":[{"element-6066-11e4-a52e-4f735466cecf":"f.683367EF064D6F54A1F942EA8E2F8118.d.2ED8A614E438F770C21AD7CAB229BA81.e.5581","ELEMENT":"f.683367EF064D6F54A1F942EA8E2F8118.d.2ED8A614E438F770C21AD7CAB229BA81.e.5581"}]}
RESULT: {"script":"<script> [56 bytes]","args":[{"element-6066-11e4-a52e-4f735466cecf":"f.683367EF064D6F54A1F942EA8E2F8118.d.2ED8A614E438F770C21AD7CAB229BA81.e.5581","ELEMENT":"f.683367EF064D6F54A1F942EA8E2F8118.d.2ED8A614E438F770C21AD7CAB229BA81.e.5581"}]}
COMMAND: GET /session/59746a33121488b03cb28927e3139cef/screenshot - {}
COMMAND: GET /session/59746a33121488b03cb28927e3139cef/screenshot - {}
RESULT: {}
]]></system-out>
      <system-err><![CDATA[
TypeError: Cannot read properties of null (reading '0')
    at Context.<anonymous> (D:\a\1\s\test\specs\BTS\manage-partners.spec.js:664:91)
]]></system-err>
    </testcase>
    <testcase classname="chrome.136_0_7103_49.windows.Partner_specific_tests_US150819_US151080_US151654_US151176_US103444_US151078_US151079_US151109_US151174_US151175_US151189" name="Should try to save empty partner US151174" time="51.849">
      <system-out><![CDATA[
COMMAND: POST /session/59746a33121488b03cb28927e3139cef/element - {"using":"xpath","value":"//li[.//span[text()=\"Manage Partners\"]]"}
COMMAND: GET /session/59746a33121488b03cb28927e3139cef/screenshot - {}
RESULT: {}
RESULT: {"using":"xpath","value":"//li[.//span[text()=\"Manage Partners\"]]"}
COMMAND: POST /session/59746a33121488b03cb28927e3139cef/element - {"using":"xpath","value":"//li[.//span[text()=\"Manage Partners\"]]"}
RESULT: {}
RESULT: {"using":"xpath","value":"//li[.//span[text()=\"Manage Partners\"]]"}
COMMAND: POST /session/59746a33121488b03cb28927e3139cef/element - {"using":"css selector","value":"#shell-header-logo"}
RESULT: {"using":"css selector","value":"#shell-header-logo"}
COMMAND: POST /session/59746a33121488b03cb28927e3139cef/element/f.683367EF064D6F54A1F942EA8E2F8118.d.2ED8A614E438F770C21AD7CAB229BA81.e.6153/click - {}
COMMAND: POST /session/59746a33121488b03cb28927e3139cef/execute/sync - {"script":"<script> [8489 bytes]","args":[{"element-6066-11e4-a52e-4f735466cecf":"f.683367EF064D6F54A1F942EA8E2F8118.d.2ED8A614E438F770C21AD7CAB229BA81.e.6153","ELEMENT":"f.683367EF064D6F54A1F942EA8E2F8118.d.2ED8A614E438F770C21AD7CAB229BA81.e.6153"}]}
RESULT: {}
COMMAND: GET /session/59746a33121488b03cb28927e3139cef/screenshot - {}
COMMAND: POST /session/59746a33121488b03cb28927e3139cef/element - {"using":"css selector","value":"#shell-header-logo"}
RESULT: {}
RESULT: {"using":"css selector","value":"#shell-header-logo"}
COMMAND: POST /session/59746a33121488b03cb28927e3139cef/execute/sync - {"script":"<script> [8489 bytes]","args":[{"element-6066-11e4-a52e-4f735466cecf":"f.683367EF064D6F54A1F942EA8E2F8118.d.2ED8A614E438F770C21AD7CAB229BA81.e.6842","ELEMENT":"f.683367EF064D6F54A1F942EA8E2F8118.d.2ED8A614E438F770C21AD7CAB229BA81.e.6842"}]}
RESULT: {"script":"<script> [8489 bytes]","args":[{"element-6066-11e4-a52e-4f735466cecf":"f.683367EF064D6F54A1F942EA8E2F8118.d.2ED8A614E438F770C21AD7CAB229BA81.e.6842","ELEMENT":"f.683367EF064D6F54A1F942EA8E2F8118.d.2ED8A614E438F770C21AD7CAB229BA81.e.6842"}]}
COMMAND: POST /session/59746a33121488b03cb28927e3139cef/execute/sync - {"script":"<script> [5351 bytes]","args":[{"element-6066-11e4-a52e-4f735466cecf":"f.683367EF064D6F54A1F942EA8E2F8118.d.2ED8A614E438F770C21AD7CAB229BA81.e.6842","ELEMENT":"f.683367EF064D6F54A1F942EA8E2F8118.d.2ED8A614E438F770C21AD7CAB229BA81.e.6842"}]}
COMMAND: GET /session/59746a33121488b03cb28927e3139cef/screenshot - {}
RESULT: {"script":"<script> [5351 bytes]","args":[{"element-6066-11e4-a52e-4f735466cecf":"f.683367EF064D6F54A1F942EA8E2F8118.d.2ED8A614E438F770C21AD7CAB229BA81.e.6842","ELEMENT":"f.683367EF064D6F54A1F942EA8E2F8118.d.2ED8A614E438F770C21AD7CAB229BA81.e.6842"}]}
COMMAND: GET /session/59746a33121488b03cb28927e3139cef/screenshot - {}
RESULT: {}
RESULT: {}
RESULT: undefined
COMMAND: POST /session/59746a33121488b03cb28927e3139cef/element - {"using":"xpath","value":"//*[@id=\"__tile30\"]"}
RESULT: {"using":"xpath","value":"//*[@id=\"__tile30\"]"}
COMMAND: POST /session/59746a33121488b03cb28927e3139cef/element/f.683367EF064D6F54A1F942EA8E2F8118.d.2ED8A614E438F770C21AD7CAB229BA81.e.3684/click - {}
RESULT: {}
COMMAND: POST /session/59746a33121488b03cb28927e3139cef/element - {"using":"xpath","value":"//button[@data-kt=\"addButton\"]"}
COMMAND: GET /session/59746a33121488b03cb28927e3139cef/screenshot - {}
RESULT: {"using":"xpath","value":"//button[@data-kt=\"addButton\"]"}
COMMAND: POST /session/59746a33121488b03cb28927e3139cef/elements - {"using":"xpath","value":"//button[@data-kt=\"addButton\"]"}
RESULT: {}
RESULT: {"using":"xpath","value":"//button[@data-kt=\"addButton\"]"}
COMMAND: POST /session/59746a33121488b03cb28927e3139cef/element - {"using":"xpath","value":"//button[@data-kt=\"addButton\"]"}
RESULT: {"using":"xpath","value":"//button[@data-kt=\"addButton\"]"}
COMMAND: POST /session/59746a33121488b03cb28927e3139cef/execute/sync - {"script":"<script> [8489 bytes]","args":[{"element-6066-11e4-a52e-4f735466cecf":"f.683367EF064D6F54A1F942EA8E2F8118.d.2ED8A614E438F770C21AD7CAB229BA81.e.6888","ELEMENT":"f.683367EF064D6F54A1F942EA8E2F8118.d.2ED8A614E438F770C21AD7CAB229BA81.e.6888"}]}
RESULT: {"script":"<script> [8489 bytes]","args":[{"element-6066-11e4-a52e-4f735466cecf":"f.683367EF064D6F54A1F942EA8E2F8118.d.2ED8A614E438F770C21AD7CAB229BA81.e.6888","ELEMENT":"f.683367EF064D6F54A1F942EA8E2F8118.d.2ED8A614E438F770C21AD7CAB229BA81.e.6888"}]}
COMMAND: GET /session/59746a33121488b03cb28927e3139cef/element/f.683367EF064D6F54A1F942EA8E2F8118.d.2ED8A614E438F770C21AD7CAB229BA81.e.6888/enabled - {}
COMMAND: GET /session/59746a33121488b03cb28927e3139cef/screenshot - {}
RESULT: {}
COMMAND: POST /session/59746a33121488b03cb28927e3139cef/execute/sync - {"script":"<script> [8489 bytes]","args":[{"element-6066-11e4-a52e-4f735466cecf":"f.683367EF064D6F54A1F942EA8E2F8118.d.2ED8A614E438F770C21AD7CAB229BA81.e.6888","ELEMENT":"f.683367EF064D6F54A1F942EA8E2F8118.d.2ED8A614E438F770C21AD7CAB229BA81.e.6888"}]}
COMMAND: GET /session/59746a33121488b03cb28927e3139cef/screenshot - {}
RESULT: {}
RESULT: {"script":"<script> [8489 bytes]","args":[{"element-6066-11e4-a52e-4f735466cecf":"f.683367EF064D6F54A1F942EA8E2F8118.d.2ED8A614E438F770C21AD7CAB229BA81.e.6888","ELEMENT":"f.683367EF064D6F54A1F942EA8E2F8118.d.2ED8A614E438F770C21AD7CAB229BA81.e.6888"}]}
COMMAND: POST /session/59746a33121488b03cb28927e3139cef/execute/sync - {"script":"<script> [5351 bytes]","args":[{"element-6066-11e4-a52e-4f735466cecf":"f.683367EF064D6F54A1F942EA8E2F8118.d.2ED8A614E438F770C21AD7CAB229BA81.e.6888","ELEMENT":"f.683367EF064D6F54A1F942EA8E2F8118.d.2ED8A614E438F770C21AD7CAB229BA81.e.6888"}]}
COMMAND: GET /session/59746a33121488b03cb28927e3139cef/screenshot - {}
RESULT: {}
RESULT: {"script":"<script> [5351 bytes]","args":[{"element-6066-11e4-a52e-4f735466cecf":"f.683367EF064D6F54A1F942EA8E2F8118.d.2ED8A614E438F770C21AD7CAB229BA81.e.6888","ELEMENT":"f.683367EF064D6F54A1F942EA8E2F8118.d.2ED8A614E438F770C21AD7CAB229BA81.e.6888"}]}
COMMAND: POST /session/59746a33121488b03cb28927e3139cef/element/f.683367EF064D6F54A1F942EA8E2F8118.d.2ED8A614E438F770C21AD7CAB229BA81.e.6888/click - {}
COMMAND: GET /session/59746a33121488b03cb28927e3139cef/screenshot - {}
RESULT: {}
RESULT: {}
COMMAND: GET /session/59746a33121488b03cb28927e3139cef/screenshot - {}
RESULT: {}
RESULT: {}
COMMAND: POST /session/59746a33121488b03cb28927e3139cef/element - {"using":"xpath","value":"//button[@data-kt=\"saveButton\"]"}
RESULT: {"using":"xpath","value":"//button[@data-kt=\"saveButton\"]"}
COMMAND: POST /session/59746a33121488b03cb28927e3139cef/element/f.683367EF064D6F54A1F942EA8E2F8118.d.2ED8A614E438F770C21AD7CAB229BA81.e.7102/click - {}
RESULT: {}
COMMAND: GET /session/59746a33121488b03cb28927e3139cef/screenshot - {}
RESULT: {}
COMMAND: POST /session/59746a33121488b03cb28927e3139cef/element - {"using":"xpath","value":"//span[contains(@class, \"sapMMsgBoxText\")]"}
RESULT: {"using":"xpath","value":"//span[contains(@class, \"sapMMsgBoxText\")]"}
COMMAND: POST /session/59746a33121488b03cb28927e3139cef/execute/sync - {"script":"<script> [56 bytes]","args":[{"element-6066-11e4-a52e-4f735466cecf":"f.683367EF064D6F54A1F942EA8E2F8118.d.2ED8A614E438F770C21AD7CAB229BA81.e.7227","ELEMENT":"f.683367EF064D6F54A1F942EA8E2F8118.d.2ED8A614E438F770C21AD7CAB229BA81.e.7227"}]}
RESULT: {"script":"<script> [56 bytes]","args":[{"element-6066-11e4-a52e-4f735466cecf":"f.683367EF064D6F54A1F942EA8E2F8118.d.2ED8A614E438F770C21AD7CAB229BA81.e.7227","ELEMENT":"f.683367EF064D6F54A1F942EA8E2F8118.d.2ED8A614E438F770C21AD7CAB229BA81.e.7227"}]}
COMMAND: POST /session/59746a33121488b03cb28927e3139cef/element - {"using":"xpath","value":"(//bdi[contains(text(), \"Close\")])[1]"}
COMMAND: POST /session/59746a33121488b03cb28927e3139cef/elements - {"using":"xpath","value":"//span[contains(@class, \"sapMMsgBoxText\")]"}
COMMAND: GET /session/59746a33121488b03cb28927e3139cef/screenshot - {}
RESULT: {}
RESULT: {"using":"xpath","value":"//span[contains(@class, \"sapMMsgBoxText\")]"}
RESULT: {"using":"xpath","value":"(//bdi[contains(text(), \"Close\")])[1]"}
COMMAND: POST /session/59746a33121488b03cb28927e3139cef/element/f.683367EF064D6F54A1F942EA8E2F8118.d.2ED8A614E438F770C21AD7CAB229BA81.e.7228/click - {}
RESULT: {}
COMMAND: GET /session/59746a33121488b03cb28927e3139cef/screenshot - {}
RESULT: {}
COMMAND: POST /session/59746a33121488b03cb28927e3139cef/element - {"using":"css selector","value":"#shell-header-logo"}
RESULT: {"using":"css selector","value":"#shell-header-logo"}
COMMAND: POST /session/59746a33121488b03cb28927e3139cef/element/f.683367EF064D6F54A1F942EA8E2F8118.d.2ED8A614E438F770C21AD7CAB229BA81.e.6842/click - {}
RESULT: {}
COMMAND: GET /session/59746a33121488b03cb28927e3139cef/screenshot - {}
RESULT: {}
]]></system-out>
    </testcase>
    <testcase classname="chrome.136_0_7103_49.windows.Partner_specific_tests_US150819_US151080_US151654_US151176_US103444_US151078_US151079_US151109_US151174_US151175_US151189" name="Should do various searches US151175" time="166.891">
      <system-out><![CDATA[
COMMAND: POST /session/59746a33121488b03cb28927e3139cef/element - {"using":"xpath","value":"//li[.//span[text()=\"Manage Partners\"]]"}
RESULT: {"using":"xpath","value":"//li[.//span[text()=\"Manage Partners\"]]"}
COMMAND: POST /session/59746a33121488b03cb28927e3139cef/element - {"using":"xpath","value":"//li[.//span[text()=\"Manage Partners\"]]"}
RESULT: {"using":"xpath","value":"//li[.//span[text()=\"Manage Partners\"]]"}
COMMAND: POST /session/59746a33121488b03cb28927e3139cef/element - {"using":"css selector","value":"#shell-header-logo"}
RESULT: {"using":"css selector","value":"#shell-header-logo"}
COMMAND: POST /session/59746a33121488b03cb28927e3139cef/element/f.683367EF064D6F54A1F942EA8E2F8118.d.2ED8A614E438F770C21AD7CAB229BA81.e.7230/click - {}
COMMAND: POST /session/59746a33121488b03cb28927e3139cef/execute/sync - {"script":"<script> [8489 bytes]","args":[{"element-6066-11e4-a52e-4f735466cecf":"f.683367EF064D6F54A1F942EA8E2F8118.d.2ED8A614E438F770C21AD7CAB229BA81.e.7230","ELEMENT":"f.683367EF064D6F54A1F942EA8E2F8118.d.2ED8A614E438F770C21AD7CAB229BA81.e.7230"}]}
RESULT: {}
COMMAND: GET /session/59746a33121488b03cb28927e3139cef/screenshot - {}
RESULT: {"script":"<script> [8489 bytes]","args":[{"element-6066-11e4-a52e-4f735466cecf":"f.683367EF064D6F54A1F942EA8E2F8118.d.2ED8A614E438F770C21AD7CAB229BA81.e.7230","ELEMENT":"f.683367EF064D6F54A1F942EA8E2F8118.d.2ED8A614E438F770C21AD7CAB229BA81.e.7230"}]}
COMMAND: POST /session/59746a33121488b03cb28927e3139cef/execute/sync - {"script":"<script> [5351 bytes]","args":[{"element-6066-11e4-a52e-4f735466cecf":"f.683367EF064D6F54A1F942EA8E2F8118.d.2ED8A614E438F770C21AD7CAB229BA81.e.7230","ELEMENT":"f.683367EF064D6F54A1F942EA8E2F8118.d.2ED8A614E438F770C21AD7CAB229BA81.e.7230"}]}
COMMAND: GET /session/59746a33121488b03cb28927e3139cef/screenshot - {}
RESULT: {}
RESULT: {"script":"<script> [5351 bytes]","args":[{"element-6066-11e4-a52e-4f735466cecf":"f.683367EF064D6F54A1F942EA8E2F8118.d.2ED8A614E438F770C21AD7CAB229BA81.e.7230","ELEMENT":"f.683367EF064D6F54A1F942EA8E2F8118.d.2ED8A614E438F770C21AD7CAB229BA81.e.7230"}]}
COMMAND: GET /session/59746a33121488b03cb28927e3139cef/screenshot - {}
RESULT: {}
RESULT: {}
RESULT: undefined
COMMAND: POST /session/59746a33121488b03cb28927e3139cef/element - {"using":"xpath","value":"//*[@id=\"__tile30\"]"}
RESULT: {"using":"xpath","value":"//*[@id=\"__tile30\"]"}
COMMAND: POST /session/59746a33121488b03cb28927e3139cef/element/f.683367EF064D6F54A1F942EA8E2F8118.d.2ED8A614E438F770C21AD7CAB229BA81.e.3684/click - {}
RESULT: {}
COMMAND: POST /session/59746a33121488b03cb28927e3139cef/element - {"using":"xpath","value":"//button[@data-kt=\"addButton\"]"}
COMMAND: GET /session/59746a33121488b03cb28927e3139cef/screenshot - {}
RESULT: {"using":"xpath","value":"//button[@data-kt=\"addButton\"]"}
COMMAND: POST /session/59746a33121488b03cb28927e3139cef/elements - {"using":"xpath","value":"//button[@data-kt=\"addButton\"]"}
RESULT: {}
RESULT: {"using":"xpath","value":"//button[@data-kt=\"addButton\"]"}
COMMAND: POST /session/59746a33121488b03cb28927e3139cef/element - {"using":"xpath","value":"//button[@data-kt=\"addButton\"]"}
RESULT: {"using":"xpath","value":"//button[@data-kt=\"addButton\"]"}
COMMAND: POST /session/59746a33121488b03cb28927e3139cef/execute/sync - {"script":"<script> [8489 bytes]","args":[{"element-6066-11e4-a52e-4f735466cecf":"f.683367EF064D6F54A1F942EA8E2F8118.d.2ED8A614E438F770C21AD7CAB229BA81.e.7314","ELEMENT":"f.683367EF064D6F54A1F942EA8E2F8118.d.2ED8A614E438F770C21AD7CAB229BA81.e.7314"}]}
RESULT: {"script":"<script> [8489 bytes]","args":[{"element-6066-11e4-a52e-4f735466cecf":"f.683367EF064D6F54A1F942EA8E2F8118.d.2ED8A614E438F770C21AD7CAB229BA81.e.7314","ELEMENT":"f.683367EF064D6F54A1F942EA8E2F8118.d.2ED8A614E438F770C21AD7CAB229BA81.e.7314"}]}
COMMAND: GET /session/59746a33121488b03cb28927e3139cef/element/f.683367EF064D6F54A1F942EA8E2F8118.d.2ED8A614E438F770C21AD7CAB229BA81.e.7314/enabled - {}
COMMAND: GET /session/59746a33121488b03cb28927e3139cef/screenshot - {}
RESULT: {}
COMMAND: POST /session/59746a33121488b03cb28927e3139cef/execute/sync - {"script":"<script> [8489 bytes]","args":[{"element-6066-11e4-a52e-4f735466cecf":"f.683367EF064D6F54A1F942EA8E2F8118.d.2ED8A614E438F770C21AD7CAB229BA81.e.7314","ELEMENT":"f.683367EF064D6F54A1F942EA8E2F8118.d.2ED8A614E438F770C21AD7CAB229BA81.e.7314"}]}
COMMAND: GET /session/59746a33121488b03cb28927e3139cef/screenshot - {}
RESULT: {}
RESULT: {"script":"<script> [8489 bytes]","args":[{"element-6066-11e4-a52e-4f735466cecf":"f.683367EF064D6F54A1F942EA8E2F8118.d.2ED8A614E438F770C21AD7CAB229BA81.e.7314","ELEMENT":"f.683367EF064D6F54A1F942EA8E2F8118.d.2ED8A614E438F770C21AD7CAB229BA81.e.7314"}]}
COMMAND: POST /session/59746a33121488b03cb28927e3139cef/execute/sync - {"script":"<script> [5351 bytes]","args":[{"element-6066-11e4-a52e-4f735466cecf":"f.683367EF064D6F54A1F942EA8E2F8118.d.2ED8A614E438F770C21AD7CAB229BA81.e.7314","ELEMENT":"f.683367EF064D6F54A1F942EA8E2F8118.d.2ED8A614E438F770C21AD7CAB229BA81.e.7314"}]}
COMMAND: GET /session/59746a33121488b03cb28927e3139cef/screenshot - {}
RESULT: {}
RESULT: {"script":"<script> [5351 bytes]","args":[{"element-6066-11e4-a52e-4f735466cecf":"f.683367EF064D6F54A1F942EA8E2F8118.d.2ED8A614E438F770C21AD7CAB229BA81.e.7314","ELEMENT":"f.683367EF064D6F54A1F942EA8E2F8118.d.2ED8A614E438F770C21AD7CAB229BA81.e.7314"}]}
COMMAND: GET /session/59746a33121488b03cb28927e3139cef/screenshot - {}
RESULT: {}
RESULT: {}
COMMAND: POST /session/59746a33121488b03cb28927e3139cef/element - {"using":"xpath","value":"//span[@id=\"application-managepartners-display-component---masterPtm--smartTable-header-inner\"]"}
RESULT: {"using":"xpath","value":"//span[@id=\"application-managepartners-display-component---masterPtm--smartTable-header-inner\"]"}
COMMAND: POST /session/59746a33121488b03cb28927e3139cef/elements - {"using":"xpath","value":"//span[@id=\"application-managepartners-display-component---masterPtm--smartTable-header-inner\"]"}
RESULT: {"using":"xpath","value":"//span[@id=\"application-managepartners-display-component---masterPtm--smartTable-header-inner\"]"}
COMMAND: POST /session/59746a33121488b03cb28927e3139cef/execute/sync - {"script":"<script> [56 bytes]","args":[{"element-6066-11e4-a52e-4f735466cecf":"f.683367EF064D6F54A1F942EA8E2F8118.d.2ED8A614E438F770C21AD7CAB229BA81.e.7339","ELEMENT":"f.683367EF064D6F54A1F942EA8E2F8118.d.2ED8A614E438F770C21AD7CAB229BA81.e.7339"}]}
RESULT: {"script":"<script> [56 bytes]","args":[{"element-6066-11e4-a52e-4f735466cecf":"f.683367EF064D6F54A1F942EA8E2F8118.d.2ED8A614E438F770C21AD7CAB229BA81.e.7339","ELEMENT":"f.683367EF064D6F54A1F942EA8E2F8118.d.2ED8A614E438F770C21AD7CAB229BA81.e.7339"}]}
RESULT: undefined
COMMAND: POST /session/59746a33121488b03cb28927e3139cef/element - {"using":"xpath","value":"//*[@id=\"application-managepartners-display-component---masterPtm--smartFilterBar-btnFilters\"]"}
COMMAND: GET /session/59746a33121488b03cb28927e3139cef/screenshot - {}
RESULT: {"using":"xpath","value":"//*[@id=\"application-managepartners-display-component---masterPtm--smartFilterBar-btnFilters\"]"}
COMMAND: POST /session/59746a33121488b03cb28927e3139cef/element/f.683367EF064D6F54A1F942EA8E2F8118.d.2ED8A614E438F770C21AD7CAB229BA81.e.7297/click - {}
RESULT: {}
RESULT: {}
COMMAND: GET /session/59746a33121488b03cb28927e3139cef/screenshot - {}
RESULT: {}
COMMAND: POST /session/59746a33121488b03cb28927e3139cef/elements - {"using":"xpath","value":"//table[contains(@id, \"listView-innerSelectionPanelTable-listUl\")]/tbody/tr"}
RESULT: {"using":"xpath","value":"//table[contains(@id, \"listView-innerSelectionPanelTable-listUl\")]/tbody/tr"}
COMMAND: POST /session/59746a33121488b03cb28927e3139cef/element - {"using":"xpath","value":"//table[contains(@id, \"listView-innerSelectionPanelTable-listUl\")]/tbody/tr[2]/td[2]/div/div"}
RESULT: {"using":"xpath","value":"//table[contains(@id, \"listView-innerSelectionPanelTable-listUl\")]/tbody/tr[2]/td[2]/div/div"}
COMMAND: POST /session/59746a33121488b03cb28927e3139cef/element - {"using":"xpath","value":"//table[contains(@id, \"listView-innerSelectionPanelTable-listUl\")]/tbody/tr[2]/td[2]/div"}
RESULT: {"using":"xpath","value":"//table[contains(@id, \"listView-innerSelectionPanelTable-listUl\")]/tbody/tr[2]/td[2]/div"}
COMMAND: POST /session/59746a33121488b03cb28927e3139cef/element - {"using":"xpath","value":"//table[contains(@id, \"listView-innerSelectionPanelTable-listUl\")]/tbody/tr[2]/td[3]/div/div/span/span[1]/bdi"}
RESULT: {"using":"xpath","value":"//table[contains(@id, \"listView-innerSelectionPanelTable-listUl\")]/tbody/tr[2]/td[3]/div/div/span/span[1]/bdi"}
COMMAND: POST /session/59746a33121488b03cb28927e3139cef/execute/sync - {"script":"<script> [56 bytes]","args":[{"element-6066-11e4-a52e-4f735466cecf":"f.683367EF064D6F54A1F942EA8E2F8118.d.2ED8A614E438F770C21AD7CAB229BA81.e.7407","ELEMENT":"f.683367EF064D6F54A1F942EA8E2F8118.d.2ED8A614E438F770C21AD7CAB229BA81.e.7407"}]}
RESULT: {"script":"<script> [56 bytes]","args":[{"element-6066-11e4-a52e-4f735466cecf":"f.683367EF064D6F54A1F942EA8E2F8118.d.2ED8A614E438F770C21AD7CAB229BA81.e.7407","ELEMENT":"f.683367EF064D6F54A1F942EA8E2F8118.d.2ED8A614E438F770C21AD7CAB229BA81.e.7407"}]}
COMMAND: GET /session/59746a33121488b03cb28927e3139cef/element/f.683367EF064D6F54A1F942EA8E2F8118.d.2ED8A614E438F770C21AD7CAB229BA81.e.7406/attribute/aria-checked - {}
COMMAND: GET /session/59746a33121488b03cb28927e3139cef/screenshot - {}
RESULT: {}
COMMAND: POST /session/59746a33121488b03cb28927e3139cef/element - {"using":"xpath","value":"//table[contains(@id, \"listView-innerSelectionPanelTable-listUl\")]/tbody/tr[3]/td[2]/div/div"}
RESULT: {}
RESULT: {"using":"xpath","value":"//table[contains(@id, \"listView-innerSelectionPanelTable-listUl\")]/tbody/tr[3]/td[2]/div/div"}
COMMAND: POST /session/59746a33121488b03cb28927e3139cef/element - {"using":"xpath","value":"//table[contains(@id, \"listView-innerSelectionPanelTable-listUl\")]/tbody/tr[3]/td[2]/div"}
RESULT: {"using":"xpath","value":"//table[contains(@id, \"listView-innerSelectionPanelTable-listUl\")]/tbody/tr[3]/td[2]/div"}
COMMAND: POST /session/59746a33121488b03cb28927e3139cef/element - {"using":"xpath","value":"//table[contains(@id, \"listView-innerSelectionPanelTable-listUl\")]/tbody/tr[3]/td[3]/div/div/span/span[1]/bdi"}
RESULT: {"using":"xpath","value":"//table[contains(@id, \"listView-innerSelectionPanelTable-listUl\")]/tbody/tr[3]/td[3]/div/div/span/span[1]/bdi"}
COMMAND: POST /session/59746a33121488b03cb28927e3139cef/execute/sync - {"script":"<script> [56 bytes]","args":[{"element-6066-11e4-a52e-4f735466cecf":"f.683367EF064D6F54A1F942EA8E2F8118.d.2ED8A614E438F770C21AD7CAB229BA81.e.7410","ELEMENT":"f.683367EF064D6F54A1F942EA8E2F8118.d.2ED8A614E438F770C21AD7CAB229BA81.e.7410"}]}
RESULT: {"script":"<script> [56 bytes]","args":[{"element-6066-11e4-a52e-4f735466cecf":"f.683367EF064D6F54A1F942EA8E2F8118.d.2ED8A614E438F770C21AD7CAB229BA81.e.7410","ELEMENT":"f.683367EF064D6F54A1F942EA8E2F8118.d.2ED8A614E438F770C21AD7CAB229BA81.e.7410"}]}
COMMAND: GET /session/59746a33121488b03cb28927e3139cef/element/f.683367EF064D6F54A1F942EA8E2F8118.d.2ED8A614E438F770C21AD7CAB229BA81.e.7409/attribute/aria-checked - {}
COMMAND: GET /session/59746a33121488b03cb28927e3139cef/screenshot - {}
RESULT: {}
COMMAND: POST /session/59746a33121488b03cb28927e3139cef/element - {"using":"xpath","value":"//table[contains(@id, \"listView-innerSelectionPanelTable-listUl\")]/tbody/tr[4]/td[2]/div/div"}
RESULT: {}
RESULT: {"using":"xpath","value":"//table[contains(@id, \"listView-innerSelectionPanelTable-listUl\")]/tbody/tr[4]/td[2]/div/div"}
COMMAND: POST /session/59746a33121488b03cb28927e3139cef/element - {"using":"xpath","value":"//table[contains(@id, \"listView-innerSelectionPanelTable-listUl\")]/tbody/tr[4]/td[2]/div"}
RESULT: {"using":"xpath","value":"//table[contains(@id, \"listView-innerSelectionPanelTable-listUl\")]/tbody/tr[4]/td[2]/div"}
COMMAND: POST /session/59746a33121488b03cb28927e3139cef/element - {"using":"xpath","value":"//table[contains(@id, \"listView-innerSelectionPanelTable-listUl\")]/tbody/tr[4]/td[3]/div/div/span/span[1]/bdi"}
RESULT: {"using":"xpath","value":"//table[contains(@id, \"listView-innerSelectionPanelTable-listUl\")]/tbody/tr[4]/td[3]/div/div/span/span[1]/bdi"}
COMMAND: POST /session/59746a33121488b03cb28927e3139cef/execute/sync - {"script":"<script> [56 bytes]","args":[{"element-6066-11e4-a52e-4f735466cecf":"f.683367EF064D6F54A1F942EA8E2F8118.d.2ED8A614E438F770C21AD7CAB229BA81.e.7413","ELEMENT":"f.683367EF064D6F54A1F942EA8E2F8118.d.2ED8A614E438F770C21AD7CAB229BA81.e.7413"}]}
RESULT: {"script":"<script> [56 bytes]","args":[{"element-6066-11e4-a52e-4f735466cecf":"f.683367EF064D6F54A1F942EA8E2F8118.d.2ED8A614E438F770C21AD7CAB229BA81.e.7413","ELEMENT":"f.683367EF064D6F54A1F942EA8E2F8118.d.2ED8A614E438F770C21AD7CAB229BA81.e.7413"}]}
COMMAND: GET /session/59746a33121488b03cb28927e3139cef/element/f.683367EF064D6F54A1F942EA8E2F8118.d.2ED8A614E438F770C21AD7CAB229BA81.e.7412/attribute/aria-checked - {}
COMMAND: GET /session/59746a33121488b03cb28927e3139cef/screenshot - {}
RESULT: {}
COMMAND: POST /session/59746a33121488b03cb28927e3139cef/element - {"using":"xpath","value":"//table[contains(@id, \"listView-innerSelectionPanelTable-listUl\")]/tbody/tr[5]/td[2]/div/div"}
RESULT: {}
RESULT: {"using":"xpath","value":"//table[contains(@id, \"listView-innerSelectionPanelTable-listUl\")]/tbody/tr[5]/td[2]/div/div"}
COMMAND: POST /session/59746a33121488b03cb28927e3139cef/element - {"using":"xpath","value":"//table[contains(@id, \"listView-innerSelectionPanelTable-listUl\")]/tbody/tr[5]/td[2]/div"}
RESULT: {"using":"xpath","value":"//table[contains(@id, \"listView-innerSelectionPanelTable-listUl\")]/tbody/tr[5]/td[2]/div"}
COMMAND: POST /session/59746a33121488b03cb28927e3139cef/element - {"using":"xpath","value":"//table[contains(@id, \"listView-innerSelectionPanelTable-listUl\")]/tbody/tr[5]/td[3]/div/div/span/span[1]/bdi"}
RESULT: {"using":"xpath","value":"//table[contains(@id, \"listView-innerSelectionPanelTable-listUl\")]/tbody/tr[5]/td[3]/div/div/span/span[1]/bdi"}
COMMAND: POST /session/59746a33121488b03cb28927e3139cef/execute/sync - {"script":"<script> [56 bytes]","args":[{"element-6066-11e4-a52e-4f735466cecf":"f.683367EF064D6F54A1F942EA8E2F8118.d.2ED8A614E438F770C21AD7CAB229BA81.e.7416","ELEMENT":"f.683367EF064D6F54A1F942EA8E2F8118.d.2ED8A614E438F770C21AD7CAB229BA81.e.7416"}]}
RESULT: {"script":"<script> [56 bytes]","args":[{"element-6066-11e4-a52e-4f735466cecf":"f.683367EF064D6F54A1F942EA8E2F8118.d.2ED8A614E438F770C21AD7CAB229BA81.e.7416","ELEMENT":"f.683367EF064D6F54A1F942EA8E2F8118.d.2ED8A614E438F770C21AD7CAB229BA81.e.7416"}]}
COMMAND: GET /session/59746a33121488b03cb28927e3139cef/element/f.683367EF064D6F54A1F942EA8E2F8118.d.2ED8A614E438F770C21AD7CAB229BA81.e.7415/attribute/aria-checked - {}
COMMAND: GET /session/59746a33121488b03cb28927e3139cef/screenshot - {}
RESULT: {}
COMMAND: POST /session/59746a33121488b03cb28927e3139cef/element - {"using":"xpath","value":"//table[contains(@id, \"listView-innerSelectionPanelTable-listUl\")]/tbody/tr[6]/td[2]/div/div"}
RESULT: {}
RESULT: {"using":"xpath","value":"//table[contains(@id, \"listView-innerSelectionPanelTable-listUl\")]/tbody/tr[6]/td[2]/div/div"}
COMMAND: POST /session/59746a33121488b03cb28927e3139cef/element - {"using":"xpath","value":"//table[contains(@id, \"listView-innerSelectionPanelTable-listUl\")]/tbody/tr[6]/td[2]/div"}
RESULT: {"using":"xpath","value":"//table[contains(@id, \"listView-innerSelectionPanelTable-listUl\")]/tbody/tr[6]/td[2]/div"}
COMMAND: POST /session/59746a33121488b03cb28927e3139cef/element - {"using":"xpath","value":"//table[contains(@id, \"listView-innerSelectionPanelTable-listUl\")]/tbody/tr[6]/td[3]/div/div/span/span[1]/bdi"}
RESULT: {"using":"xpath","value":"//table[contains(@id, \"listView-innerSelectionPanelTable-listUl\")]/tbody/tr[6]/td[3]/div/div/span/span[1]/bdi"}
COMMAND: POST /session/59746a33121488b03cb28927e3139cef/execute/sync - {"script":"<script> [56 bytes]","args":[{"element-6066-11e4-a52e-4f735466cecf":"f.683367EF064D6F54A1F942EA8E2F8118.d.2ED8A614E438F770C21AD7CAB229BA81.e.7419","ELEMENT":"f.683367EF064D6F54A1F942EA8E2F8118.d.2ED8A614E438F770C21AD7CAB229BA81.e.7419"}]}
RESULT: {"script":"<script> [56 bytes]","args":[{"element-6066-11e4-a52e-4f735466cecf":"f.683367EF064D6F54A1F942EA8E2F8118.d.2ED8A614E438F770C21AD7CAB229BA81.e.7419","ELEMENT":"f.683367EF064D6F54A1F942EA8E2F8118.d.2ED8A614E438F770C21AD7CAB229BA81.e.7419"}]}
COMMAND: GET /session/59746a33121488b03cb28927e3139cef/element/f.683367EF064D6F54A1F942EA8E2F8118.d.2ED8A614E438F770C21AD7CAB229BA81.e.7418/attribute/aria-checked - {}
COMMAND: GET /session/59746a33121488b03cb28927e3139cef/screenshot - {}
RESULT: {}
COMMAND: POST /session/59746a33121488b03cb28927e3139cef/element - {"using":"xpath","value":"//table[contains(@id, \"listView-innerSelectionPanelTable-listUl\")]/tbody/tr[7]/td[2]/div/div"}
RESULT: {}
RESULT: {"using":"xpath","value":"//table[contains(@id, \"listView-innerSelectionPanelTable-listUl\")]/tbody/tr[7]/td[2]/div/div"}
COMMAND: POST /session/59746a33121488b03cb28927e3139cef/element - {"using":"xpath","value":"//table[contains(@id, \"listView-innerSelectionPanelTable-listUl\")]/tbody/tr[7]/td[2]/div"}
RESULT: {"using":"xpath","value":"//table[contains(@id, \"listView-innerSelectionPanelTable-listUl\")]/tbody/tr[7]/td[2]/div"}
COMMAND: POST /session/59746a33121488b03cb28927e3139cef/element - {"using":"xpath","value":"//table[contains(@id, \"listView-innerSelectionPanelTable-listUl\")]/tbody/tr[7]/td[3]/div/div/span/span[1]/bdi"}
RESULT: {"using":"xpath","value":"//table[contains(@id, \"listView-innerSelectionPanelTable-listUl\")]/tbody/tr[7]/td[3]/div/div/span/span[1]/bdi"}
COMMAND: POST /session/59746a33121488b03cb28927e3139cef/execute/sync - {"script":"<script> [56 bytes]","args":[{"element-6066-11e4-a52e-4f735466cecf":"f.683367EF064D6F54A1F942EA8E2F8118.d.2ED8A614E438F770C21AD7CAB229BA81.e.7422","ELEMENT":"f.683367EF064D6F54A1F942EA8E2F8118.d.2ED8A614E438F770C21AD7CAB229BA81.e.7422"}]}
RESULT: {"script":"<script> [56 bytes]","args":[{"element-6066-11e4-a52e-4f735466cecf":"f.683367EF064D6F54A1F942EA8E2F8118.d.2ED8A614E438F770C21AD7CAB229BA81.e.7422","ELEMENT":"f.683367EF064D6F54A1F942EA8E2F8118.d.2ED8A614E438F770C21AD7CAB229BA81.e.7422"}]}
COMMAND: GET /session/59746a33121488b03cb28927e3139cef/element/f.683367EF064D6F54A1F942EA8E2F8118.d.2ED8A614E438F770C21AD7CAB229BA81.e.7421/attribute/aria-checked - {}
COMMAND: GET /session/59746a33121488b03cb28927e3139cef/screenshot - {}
RESULT: {}
COMMAND: POST /session/59746a33121488b03cb28927e3139cef/element - {"using":"xpath","value":"//table[contains(@id, \"listView-innerSelectionPanelTable-listUl\")]/tbody/tr[8]/td[2]/div/div"}
RESULT: {}
RESULT: {"using":"xpath","value":"//table[contains(@id, \"listView-innerSelectionPanelTable-listUl\")]/tbody/tr[8]/td[2]/div/div"}
COMMAND: POST /session/59746a33121488b03cb28927e3139cef/element - {"using":"xpath","value":"//table[contains(@id, \"listView-innerSelectionPanelTable-listUl\")]/tbody/tr[8]/td[2]/div"}
RESULT: {"using":"xpath","value":"//table[contains(@id, \"listView-innerSelectionPanelTable-listUl\")]/tbody/tr[8]/td[2]/div"}
COMMAND: POST /session/59746a33121488b03cb28927e3139cef/element - {"using":"xpath","value":"//table[contains(@id, \"listView-innerSelectionPanelTable-listUl\")]/tbody/tr[8]/td[3]/div/div/span/span[1]/bdi"}
RESULT: {"using":"xpath","value":"//table[contains(@id, \"listView-innerSelectionPanelTable-listUl\")]/tbody/tr[8]/td[3]/div/div/span/span[1]/bdi"}
COMMAND: POST /session/59746a33121488b03cb28927e3139cef/execute/sync - {"script":"<script> [56 bytes]","args":[{"element-6066-11e4-a52e-4f735466cecf":"f.683367EF064D6F54A1F942EA8E2F8118.d.2ED8A614E438F770C21AD7CAB229BA81.e.7425","ELEMENT":"f.683367EF064D6F54A1F942EA8E2F8118.d.2ED8A614E438F770C21AD7CAB229BA81.e.7425"}]}
RESULT: {"script":"<script> [56 bytes]","args":[{"element-6066-11e4-a52e-4f735466cecf":"f.683367EF064D6F54A1F942EA8E2F8118.d.2ED8A614E438F770C21AD7CAB229BA81.e.7425","ELEMENT":"f.683367EF064D6F54A1F942EA8E2F8118.d.2ED8A614E438F770C21AD7CAB229BA81.e.7425"}]}
COMMAND: GET /session/59746a33121488b03cb28927e3139cef/element/f.683367EF064D6F54A1F942EA8E2F8118.d.2ED8A614E438F770C21AD7CAB229BA81.e.7424/attribute/aria-checked - {}
COMMAND: GET /session/59746a33121488b03cb28927e3139cef/screenshot - {}
RESULT: {}
COMMAND: POST /session/59746a33121488b03cb28927e3139cef/element - {"using":"xpath","value":"//table[contains(@id, \"listView-innerSelectionPanelTable-listUl\")]/tbody/tr[9]/td[2]/div/div"}
RESULT: {}
RESULT: {"using":"xpath","value":"//table[contains(@id, \"listView-innerSelectionPanelTable-listUl\")]/tbody/tr[9]/td[2]/div/div"}
COMMAND: POST /session/59746a33121488b03cb28927e3139cef/element - {"using":"xpath","value":"//table[contains(@id, \"listView-innerSelectionPanelTable-listUl\")]/tbody/tr[9]/td[2]/div"}
RESULT: {"using":"xpath","value":"//table[contains(@id, \"listView-innerSelectionPanelTable-listUl\")]/tbody/tr[9]/td[2]/div"}
COMMAND: POST /session/59746a33121488b03cb28927e3139cef/element - {"using":"xpath","value":"//table[contains(@id, \"listView-innerSelectionPanelTable-listUl\")]/tbody/tr[9]/td[3]/div/div/span/span[1]/bdi"}
RESULT: {"using":"xpath","value":"//table[contains(@id, \"listView-innerSelectionPanelTable-listUl\")]/tbody/tr[9]/td[3]/div/div/span/span[1]/bdi"}
COMMAND: POST /session/59746a33121488b03cb28927e3139cef/execute/sync - {"script":"<script> [56 bytes]","args":[{"element-6066-11e4-a52e-4f735466cecf":"f.683367EF064D6F54A1F942EA8E2F8118.d.2ED8A614E438F770C21AD7CAB229BA81.e.7428","ELEMENT":"f.683367EF064D6F54A1F942EA8E2F8118.d.2ED8A614E438F770C21AD7CAB229BA81.e.7428"}]}
RESULT: {"script":"<script> [56 bytes]","args":[{"element-6066-11e4-a52e-4f735466cecf":"f.683367EF064D6F54A1F942EA8E2F8118.d.2ED8A614E438F770C21AD7CAB229BA81.e.7428","ELEMENT":"f.683367EF064D6F54A1F942EA8E2F8118.d.2ED8A614E438F770C21AD7CAB229BA81.e.7428"}]}
COMMAND: GET /session/59746a33121488b03cb28927e3139cef/element/f.683367EF064D6F54A1F942EA8E2F8118.d.2ED8A614E438F770C21AD7CAB229BA81.e.7427/attribute/aria-checked - {}
COMMAND: GET /session/59746a33121488b03cb28927e3139cef/screenshot - {}
RESULT: {}
COMMAND: POST /session/59746a33121488b03cb28927e3139cef/element - {"using":"xpath","value":"//table[contains(@id, \"listView-innerSelectionPanelTable-listUl\")]/tbody/tr[10]/td[2]/div/div"}
RESULT: {}
RESULT: {"using":"xpath","value":"//table[contains(@id, \"listView-innerSelectionPanelTable-listUl\")]/tbody/tr[10]/td[2]/div/div"}
COMMAND: POST /session/59746a33121488b03cb28927e3139cef/element - {"using":"xpath","value":"//table[contains(@id, \"listView-innerSelectionPanelTable-listUl\")]/tbody/tr[10]/td[2]/div"}
RESULT: {"using":"xpath","value":"//table[contains(@id, \"listView-innerSelectionPanelTable-listUl\")]/tbody/tr[10]/td[2]/div"}
COMMAND: POST /session/59746a33121488b03cb28927e3139cef/element - {"using":"xpath","value":"//table[contains(@id, \"listView-innerSelectionPanelTable-listUl\")]/tbody/tr[10]/td[3]/div/div/span/span[1]/bdi"}
RESULT: {"using":"xpath","value":"//table[contains(@id, \"listView-innerSelectionPanelTable-listUl\")]/tbody/tr[10]/td[3]/div/div/span/span[1]/bdi"}
COMMAND: POST /session/59746a33121488b03cb28927e3139cef/execute/sync - {"script":"<script> [56 bytes]","args":[{"element-6066-11e4-a52e-4f735466cecf":"f.683367EF064D6F54A1F942EA8E2F8118.d.2ED8A614E438F770C21AD7CAB229BA81.e.7431","ELEMENT":"f.683367EF064D6F54A1F942EA8E2F8118.d.2ED8A614E438F770C21AD7CAB229BA81.e.7431"}]}
RESULT: {"script":"<script> [56 bytes]","args":[{"element-6066-11e4-a52e-4f735466cecf":"f.683367EF064D6F54A1F942EA8E2F8118.d.2ED8A614E438F770C21AD7CAB229BA81.e.7431","ELEMENT":"f.683367EF064D6F54A1F942EA8E2F8118.d.2ED8A614E438F770C21AD7CAB229BA81.e.7431"}]}
COMMAND: GET /session/59746a33121488b03cb28927e3139cef/element/f.683367EF064D6F54A1F942EA8E2F8118.d.2ED8A614E438F770C21AD7CAB229BA81.e.7430/attribute/aria-checked - {}
COMMAND: GET /session/59746a33121488b03cb28927e3139cef/screenshot - {}
RESULT: {}
COMMAND: POST /session/59746a33121488b03cb28927e3139cef/element - {"using":"xpath","value":"//table[contains(@id, \"listView-innerSelectionPanelTable-listUl\")]/tbody/tr[11]/td[2]/div/div"}
RESULT: {}
RESULT: {"using":"xpath","value":"//table[contains(@id, \"listView-innerSelectionPanelTable-listUl\")]/tbody/tr[11]/td[2]/div/div"}
COMMAND: POST /session/59746a33121488b03cb28927e3139cef/element - {"using":"xpath","value":"//table[contains(@id, \"listView-innerSelectionPanelTable-listUl\")]/tbody/tr[11]/td[2]/div"}
RESULT: {"using":"xpath","value":"//table[contains(@id, \"listView-innerSelectionPanelTable-listUl\")]/tbody/tr[11]/td[2]/div"}
COMMAND: POST /session/59746a33121488b03cb28927e3139cef/element - {"using":"xpath","value":"//table[contains(@id, \"listView-innerSelectionPanelTable-listUl\")]/tbody/tr[11]/td[3]/div/div/span/span[1]/bdi"}
RESULT: {"using":"xpath","value":"//table[contains(@id, \"listView-innerSelectionPanelTable-listUl\")]/tbody/tr[11]/td[3]/div/div/span/span[1]/bdi"}
COMMAND: POST /session/59746a33121488b03cb28927e3139cef/execute/sync - {"script":"<script> [56 bytes]","args":[{"element-6066-11e4-a52e-4f735466cecf":"f.683367EF064D6F54A1F942EA8E2F8118.d.2ED8A614E438F770C21AD7CAB229BA81.e.7434","ELEMENT":"f.683367EF064D6F54A1F942EA8E2F8118.d.2ED8A614E438F770C21AD7CAB229BA81.e.7434"}]}
RESULT: {"script":"<script> [56 bytes]","args":[{"element-6066-11e4-a52e-4f735466cecf":"f.683367EF064D6F54A1F942EA8E2F8118.d.2ED8A614E438F770C21AD7CAB229BA81.e.7434","ELEMENT":"f.683367EF064D6F54A1F942EA8E2F8118.d.2ED8A614E438F770C21AD7CAB229BA81.e.7434"}]}
COMMAND: GET /session/59746a33121488b03cb28927e3139cef/element/f.683367EF064D6F54A1F942EA8E2F8118.d.2ED8A614E438F770C21AD7CAB229BA81.e.7433/attribute/aria-checked - {}
COMMAND: GET /session/59746a33121488b03cb28927e3139cef/screenshot - {}
RESULT: {}
COMMAND: POST /session/59746a33121488b03cb28927e3139cef/element - {"using":"xpath","value":"//table[contains(@id, \"listView-innerSelectionPanelTable-listUl\")]/tbody/tr[12]/td[2]/div/div"}
RESULT: {}
RESULT: {"using":"xpath","value":"//table[contains(@id, \"listView-innerSelectionPanelTable-listUl\")]/tbody/tr[12]/td[2]/div/div"}
COMMAND: POST /session/59746a33121488b03cb28927e3139cef/element - {"using":"xpath","value":"//table[contains(@id, \"listView-innerSelectionPanelTable-listUl\")]/tbody/tr[12]/td[2]/div"}
RESULT: {"using":"xpath","value":"//table[contains(@id, \"listView-innerSelectionPanelTable-listUl\")]/tbody/tr[12]/td[2]/div"}
COMMAND: POST /session/59746a33121488b03cb28927e3139cef/element - {"using":"xpath","value":"//table[contains(@id, \"listView-innerSelectionPanelTable-listUl\")]/tbody/tr[12]/td[3]/div/div/span/span[1]/bdi"}
RESULT: {"using":"xpath","value":"//table[contains(@id, \"listView-innerSelectionPanelTable-listUl\")]/tbody/tr[12]/td[3]/div/div/span/span[1]/bdi"}
COMMAND: POST /session/59746a33121488b03cb28927e3139cef/execute/sync - {"script":"<script> [56 bytes]","args":[{"element-6066-11e4-a52e-4f735466cecf":"f.683367EF064D6F54A1F942EA8E2F8118.d.2ED8A614E438F770C21AD7CAB229BA81.e.7437","ELEMENT":"f.683367EF064D6F54A1F942EA8E2F8118.d.2ED8A614E438F770C21AD7CAB229BA81.e.7437"}]}
RESULT: {"script":"<script> [56 bytes]","args":[{"element-6066-11e4-a52e-4f735466cecf":"f.683367EF064D6F54A1F942EA8E2F8118.d.2ED8A614E438F770C21AD7CAB229BA81.e.7437","ELEMENT":"f.683367EF064D6F54A1F942EA8E2F8118.d.2ED8A614E438F770C21AD7CAB229BA81.e.7437"}]}
COMMAND: GET /session/59746a33121488b03cb28927e3139cef/element/f.683367EF064D6F54A1F942EA8E2F8118.d.2ED8A614E438F770C21AD7CAB229BA81.e.7436/attribute/aria-checked - {}
COMMAND: GET /session/59746a33121488b03cb28927e3139cef/screenshot - {}
RESULT: {}
COMMAND: POST /session/59746a33121488b03cb28927e3139cef/element - {"using":"xpath","value":"//table[contains(@id, \"listView-innerSelectionPanelTable-listUl\")]/tbody/tr[13]/td[2]/div/div"}
RESULT: {}
RESULT: {"using":"xpath","value":"//table[contains(@id, \"listView-innerSelectionPanelTable-listUl\")]/tbody/tr[13]/td[2]/div/div"}
COMMAND: POST /session/59746a33121488b03cb28927e3139cef/element - {"using":"xpath","value":"//table[contains(@id, \"listView-innerSelectionPanelTable-listUl\")]/tbody/tr[13]/td[2]/div"}
RESULT: {"using":"xpath","value":"//table[contains(@id, \"listView-innerSelectionPanelTable-listUl\")]/tbody/tr[13]/td[2]/div"}
COMMAND: POST /session/59746a33121488b03cb28927e3139cef/element - {"using":"xpath","value":"//table[contains(@id, \"listView-innerSelectionPanelTable-listUl\")]/tbody/tr[13]/td[3]/div/div/span/span[1]/bdi"}
RESULT: {"using":"xpath","value":"//table[contains(@id, \"listView-innerSelectionPanelTable-listUl\")]/tbody/tr[13]/td[3]/div/div/span/span[1]/bdi"}
COMMAND: POST /session/59746a33121488b03cb28927e3139cef/execute/sync - {"script":"<script> [56 bytes]","args":[{"element-6066-11e4-a52e-4f735466cecf":"f.683367EF064D6F54A1F942EA8E2F8118.d.2ED8A614E438F770C21AD7CAB229BA81.e.7440","ELEMENT":"f.683367EF064D6F54A1F942EA8E2F8118.d.2ED8A614E438F770C21AD7CAB229BA81.e.7440"}]}
RESULT: {"script":"<script> [56 bytes]","args":[{"element-6066-11e4-a52e-4f735466cecf":"f.683367EF064D6F54A1F942EA8E2F8118.d.2ED8A614E438F770C21AD7CAB229BA81.e.7440","ELEMENT":"f.683367EF064D6F54A1F942EA8E2F8118.d.2ED8A614E438F770C21AD7CAB229BA81.e.7440"}]}
COMMAND: GET /session/59746a33121488b03cb28927e3139cef/element/f.683367EF064D6F54A1F942EA8E2F8118.d.2ED8A614E438F770C21AD7CAB229BA81.e.7439/attribute/aria-checked - {}
COMMAND: GET /session/59746a33121488b03cb28927e3139cef/screenshot - {}
RESULT: {}
COMMAND: POST /session/59746a33121488b03cb28927e3139cef/element - {"using":"xpath","value":"//table[contains(@id, \"listView-innerSelectionPanelTable-listUl\")]/tbody/tr[14]/td[2]/div/div"}
RESULT: {}
RESULT: {"using":"xpath","value":"//table[contains(@id, \"listView-innerSelectionPanelTable-listUl\")]/tbody/tr[14]/td[2]/div/div"}
COMMAND: POST /session/59746a33121488b03cb28927e3139cef/element - {"using":"xpath","value":"//table[contains(@id, \"listView-innerSelectionPanelTable-listUl\")]/tbody/tr[14]/td[2]/div"}
RESULT: {"using":"xpath","value":"//table[contains(@id, \"listView-innerSelectionPanelTable-listUl\")]/tbody/tr[14]/td[2]/div"}
COMMAND: POST /session/59746a33121488b03cb28927e3139cef/element - {"using":"xpath","value":"//table[contains(@id, \"listView-innerSelectionPanelTable-listUl\")]/tbody/tr[14]/td[3]/div/div/span/span[1]/bdi"}
RESULT: {"using":"xpath","value":"//table[contains(@id, \"listView-innerSelectionPanelTable-listUl\")]/tbody/tr[14]/td[3]/div/div/span/span[1]/bdi"}
COMMAND: POST /session/59746a33121488b03cb28927e3139cef/execute/sync - {"script":"<script> [56 bytes]","args":[{"element-6066-11e4-a52e-4f735466cecf":"f.683367EF064D6F54A1F942EA8E2F8118.d.2ED8A614E438F770C21AD7CAB229BA81.e.7443","ELEMENT":"f.683367EF064D6F54A1F942EA8E2F8118.d.2ED8A614E438F770C21AD7CAB229BA81.e.7443"}]}
RESULT: {"script":"<script> [56 bytes]","args":[{"element-6066-11e4-a52e-4f735466cecf":"f.683367EF064D6F54A1F942EA8E2F8118.d.2ED8A614E438F770C21AD7CAB229BA81.e.7443","ELEMENT":"f.683367EF064D6F54A1F942EA8E2F8118.d.2ED8A614E438F770C21AD7CAB229BA81.e.7443"}]}
COMMAND: GET /session/59746a33121488b03cb28927e3139cef/element/f.683367EF064D6F54A1F942EA8E2F8118.d.2ED8A614E438F770C21AD7CAB229BA81.e.7442/attribute/aria-checked - {}
COMMAND: GET /session/59746a33121488b03cb28927e3139cef/screenshot - {}
RESULT: {}
COMMAND: POST /session/59746a33121488b03cb28927e3139cef/element - {"using":"xpath","value":"//table[contains(@id, \"listView-innerSelectionPanelTable-listUl\")]/tbody/tr[15]/td[2]/div/div"}
RESULT: {}
RESULT: {"using":"xpath","value":"//table[contains(@id, \"listView-innerSelectionPanelTable-listUl\")]/tbody/tr[15]/td[2]/div/div"}
COMMAND: POST /session/59746a33121488b03cb28927e3139cef/element - {"using":"xpath","value":"//table[contains(@id, \"listView-innerSelectionPanelTable-listUl\")]/tbody/tr[15]/td[2]/div"}
RESULT: {"using":"xpath","value":"//table[contains(@id, \"listView-innerSelectionPanelTable-listUl\")]/tbody/tr[15]/td[2]/div"}
COMMAND: POST /session/59746a33121488b03cb28927e3139cef/element - {"using":"xpath","value":"//table[contains(@id, \"listView-innerSelectionPanelTable-listUl\")]/tbody/tr[15]/td[3]/div/div/span/span[1]/bdi"}
RESULT: {"using":"xpath","value":"//table[contains(@id, \"listView-innerSelectionPanelTable-listUl\")]/tbody/tr[15]/td[3]/div/div/span/span[1]/bdi"}
COMMAND: POST /session/59746a33121488b03cb28927e3139cef/execute/sync - {"script":"<script> [56 bytes]","args":[{"element-6066-11e4-a52e-4f735466cecf":"f.683367EF064D6F54A1F942EA8E2F8118.d.2ED8A614E438F770C21AD7CAB229BA81.e.7446","ELEMENT":"f.683367EF064D6F54A1F942EA8E2F8118.d.2ED8A614E438F770C21AD7CAB229BA81.e.7446"}]}
RESULT: {"script":"<script> [56 bytes]","args":[{"element-6066-11e4-a52e-4f735466cecf":"f.683367EF064D6F54A1F942EA8E2F8118.d.2ED8A614E438F770C21AD7CAB229BA81.e.7446","ELEMENT":"f.683367EF064D6F54A1F942EA8E2F8118.d.2ED8A614E438F770C21AD7CAB229BA81.e.7446"}]}
COMMAND: GET /session/59746a33121488b03cb28927e3139cef/element/f.683367EF064D6F54A1F942EA8E2F8118.d.2ED8A614E438F770C21AD7CAB229BA81.e.7445/attribute/aria-checked - {}
COMMAND: GET /session/59746a33121488b03cb28927e3139cef/screenshot - {}
RESULT: {}
COMMAND: POST /session/59746a33121488b03cb28927e3139cef/element - {"using":"xpath","value":"//table[contains(@id, \"listView-innerSelectionPanelTable-listUl\")]/tbody/tr[16]/td[2]/div/div"}
RESULT: {}
RESULT: {"using":"xpath","value":"//table[contains(@id, \"listView-innerSelectionPanelTable-listUl\")]/tbody/tr[16]/td[2]/div/div"}
COMMAND: POST /session/59746a33121488b03cb28927e3139cef/element - {"using":"xpath","value":"//table[contains(@id, \"listView-innerSelectionPanelTable-listUl\")]/tbody/tr[16]/td[2]/div"}
RESULT: {"using":"xpath","value":"//table[contains(@id, \"listView-innerSelectionPanelTable-listUl\")]/tbody/tr[16]/td[2]/div"}
COMMAND: POST /session/59746a33121488b03cb28927e3139cef/element - {"using":"xpath","value":"//table[contains(@id, \"listView-innerSelectionPanelTable-listUl\")]/tbody/tr[16]/td[3]/div/div/span/span[1]/bdi"}
RESULT: {"using":"xpath","value":"//table[contains(@id, \"listView-innerSelectionPanelTable-listUl\")]/tbody/tr[16]/td[3]/div/div/span/span[1]/bdi"}
COMMAND: POST /session/59746a33121488b03cb28927e3139cef/execute/sync - {"script":"<script> [56 bytes]","args":[{"element-6066-11e4-a52e-4f735466cecf":"f.683367EF064D6F54A1F942EA8E2F8118.d.2ED8A614E438F770C21AD7CAB229BA81.e.7449","ELEMENT":"f.683367EF064D6F54A1F942EA8E2F8118.d.2ED8A614E438F770C21AD7CAB229BA81.e.7449"}]}
RESULT: {"script":"<script> [56 bytes]","args":[{"element-6066-11e4-a52e-4f735466cecf":"f.683367EF064D6F54A1F942EA8E2F8118.d.2ED8A614E438F770C21AD7CAB229BA81.e.7449","ELEMENT":"f.683367EF064D6F54A1F942EA8E2F8118.d.2ED8A614E438F770C21AD7CAB229BA81.e.7449"}]}
COMMAND: GET /session/59746a33121488b03cb28927e3139cef/element/f.683367EF064D6F54A1F942EA8E2F8118.d.2ED8A614E438F770C21AD7CAB229BA81.e.7448/attribute/aria-checked - {}
COMMAND: GET /session/59746a33121488b03cb28927e3139cef/screenshot - {}
RESULT: {}
COMMAND: POST /session/59746a33121488b03cb28927e3139cef/element - {"using":"xpath","value":"//table[contains(@id, \"listView-innerSelectionPanelTable-listUl\")]/tbody/tr[17]/td[2]/div/div"}
RESULT: {}
RESULT: {"using":"xpath","value":"//table[contains(@id, \"listView-innerSelectionPanelTable-listUl\")]/tbody/tr[17]/td[2]/div/div"}
COMMAND: POST /session/59746a33121488b03cb28927e3139cef/element - {"using":"xpath","value":"//table[contains(@id, \"listView-innerSelectionPanelTable-listUl\")]/tbody/tr[17]/td[2]/div"}
RESULT: {"using":"xpath","value":"//table[contains(@id, \"listView-innerSelectionPanelTable-listUl\")]/tbody/tr[17]/td[2]/div"}
COMMAND: POST /session/59746a33121488b03cb28927e3139cef/element - {"using":"xpath","value":"//table[contains(@id, \"listView-innerSelectionPanelTable-listUl\")]/tbody/tr[17]/td[3]/div/div/span/span[1]/bdi"}
RESULT: {"using":"xpath","value":"//table[contains(@id, \"listView-innerSelectionPanelTable-listUl\")]/tbody/tr[17]/td[3]/div/div/span/span[1]/bdi"}
COMMAND: POST /session/59746a33121488b03cb28927e3139cef/execute/sync - {"script":"<script> [56 bytes]","args":[{"element-6066-11e4-a52e-4f735466cecf":"f.683367EF064D6F54A1F942EA8E2F8118.d.2ED8A614E438F770C21AD7CAB229BA81.e.7452","ELEMENT":"f.683367EF064D6F54A1F942EA8E2F8118.d.2ED8A614E438F770C21AD7CAB229BA81.e.7452"}]}
RESULT: {"script":"<script> [56 bytes]","args":[{"element-6066-11e4-a52e-4f735466cecf":"f.683367EF064D6F54A1F942EA8E2F8118.d.2ED8A614E438F770C21AD7CAB229BA81.e.7452","ELEMENT":"f.683367EF064D6F54A1F942EA8E2F8118.d.2ED8A614E438F770C21AD7CAB229BA81.e.7452"}]}
COMMAND: GET /session/59746a33121488b03cb28927e3139cef/element/f.683367EF064D6F54A1F942EA8E2F8118.d.2ED8A614E438F770C21AD7CAB229BA81.e.7451/attribute/aria-checked - {}
COMMAND: GET /session/59746a33121488b03cb28927e3139cef/screenshot - {}
RESULT: {}
COMMAND: POST /session/59746a33121488b03cb28927e3139cef/element - {"using":"xpath","value":"//table[contains(@id, \"listView-innerSelectionPanelTable-listUl\")]/tbody/tr[18]/td[2]/div/div"}
RESULT: {}
RESULT: {"using":"xpath","value":"//table[contains(@id, \"listView-innerSelectionPanelTable-listUl\")]/tbody/tr[18]/td[2]/div/div"}
COMMAND: POST /session/59746a33121488b03cb28927e3139cef/element - {"using":"xpath","value":"//table[contains(@id, \"listView-innerSelectionPanelTable-listUl\")]/tbody/tr[18]/td[2]/div"}
RESULT: {"using":"xpath","value":"//table[contains(@id, \"listView-innerSelectionPanelTable-listUl\")]/tbody/tr[18]/td[2]/div"}
COMMAND: POST /session/59746a33121488b03cb28927e3139cef/element - {"using":"xpath","value":"//table[contains(@id, \"listView-innerSelectionPanelTable-listUl\")]/tbody/tr[18]/td[3]/div/div/span/span[1]/bdi"}
RESULT: {"using":"xpath","value":"//table[contains(@id, \"listView-innerSelectionPanelTable-listUl\")]/tbody/tr[18]/td[3]/div/div/span/span[1]/bdi"}
COMMAND: POST /session/59746a33121488b03cb28927e3139cef/execute/sync - {"script":"<script> [56 bytes]","args":[{"element-6066-11e4-a52e-4f735466cecf":"f.683367EF064D6F54A1F942EA8E2F8118.d.2ED8A614E438F770C21AD7CAB229BA81.e.7455","ELEMENT":"f.683367EF064D6F54A1F942EA8E2F8118.d.2ED8A614E438F770C21AD7CAB229BA81.e.7455"}]}
RESULT: {"script":"<script> [56 bytes]","args":[{"element-6066-11e4-a52e-4f735466cecf":"f.683367EF064D6F54A1F942EA8E2F8118.d.2ED8A614E438F770C21AD7CAB229BA81.e.7455","ELEMENT":"f.683367EF064D6F54A1F942EA8E2F8118.d.2ED8A614E438F770C21AD7CAB229BA81.e.7455"}]}
COMMAND: GET /session/59746a33121488b03cb28927e3139cef/element/f.683367EF064D6F54A1F942EA8E2F8118.d.2ED8A614E438F770C21AD7CAB229BA81.e.7454/attribute/aria-checked - {}
COMMAND: GET /session/59746a33121488b03cb28927e3139cef/screenshot - {}
RESULT: {}
COMMAND: POST /session/59746a33121488b03cb28927e3139cef/element - {"using":"xpath","value":"//table[contains(@id, \"listView-innerSelectionPanelTable-listUl\")]/tbody/tr[19]/td[2]/div/div"}
RESULT: {}
RESULT: {"using":"xpath","value":"//table[contains(@id, \"listView-innerSelectionPanelTable-listUl\")]/tbody/tr[19]/td[2]/div/div"}
COMMAND: POST /session/59746a33121488b03cb28927e3139cef/element - {"using":"xpath","value":"//table[contains(@id, \"listView-innerSelectionPanelTable-listUl\")]/tbody/tr[19]/td[2]/div"}
RESULT: {"using":"xpath","value":"//table[contains(@id, \"listView-innerSelectionPanelTable-listUl\")]/tbody/tr[19]/td[2]/div"}
COMMAND: POST /session/59746a33121488b03cb28927e3139cef/element - {"using":"xpath","value":"//table[contains(@id, \"listView-innerSelectionPanelTable-listUl\")]/tbody/tr[19]/td[3]/div/div/span/span[1]/bdi"}
RESULT: {"using":"xpath","value":"//table[contains(@id, \"listView-innerSelectionPanelTable-listUl\")]/tbody/tr[19]/td[3]/div/div/span/span[1]/bdi"}
COMMAND: POST /session/59746a33121488b03cb28927e3139cef/execute/sync - {"script":"<script> [56 bytes]","args":[{"element-6066-11e4-a52e-4f735466cecf":"f.683367EF064D6F54A1F942EA8E2F8118.d.2ED8A614E438F770C21AD7CAB229BA81.e.7458","ELEMENT":"f.683367EF064D6F54A1F942EA8E2F8118.d.2ED8A614E438F770C21AD7CAB229BA81.e.7458"}]}
RESULT: {"script":"<script> [56 bytes]","args":[{"element-6066-11e4-a52e-4f735466cecf":"f.683367EF064D6F54A1F942EA8E2F8118.d.2ED8A614E438F770C21AD7CAB229BA81.e.7458","ELEMENT":"f.683367EF064D6F54A1F942EA8E2F8118.d.2ED8A614E438F770C21AD7CAB229BA81.e.7458"}]}
COMMAND: GET /session/59746a33121488b03cb28927e3139cef/element/f.683367EF064D6F54A1F942EA8E2F8118.d.2ED8A614E438F770C21AD7CAB229BA81.e.7457/attribute/aria-checked - {}
COMMAND: GET /session/59746a33121488b03cb28927e3139cef/screenshot - {}
RESULT: {}
COMMAND: POST /session/59746a33121488b03cb28927e3139cef/element - {"using":"xpath","value":"//table[contains(@id, \"listView-innerSelectionPanelTable-listUl\")]/tbody/tr[20]/td[2]/div/div"}
RESULT: {}
RESULT: {"using":"xpath","value":"//table[contains(@id, \"listView-innerSelectionPanelTable-listUl\")]/tbody/tr[20]/td[2]/div/div"}
COMMAND: POST /session/59746a33121488b03cb28927e3139cef/element - {"using":"xpath","value":"//table[contains(@id, \"listView-innerSelectionPanelTable-listUl\")]/tbody/tr[20]/td[2]/div"}
RESULT: {"using":"xpath","value":"//table[contains(@id, \"listView-innerSelectionPanelTable-listUl\")]/tbody/tr[20]/td[2]/div"}
COMMAND: POST /session/59746a33121488b03cb28927e3139cef/element - {"using":"xpath","value":"//table[contains(@id, \"listView-innerSelectionPanelTable-listUl\")]/tbody/tr[20]/td[3]/div/div/span/span[1]/bdi"}
RESULT: {"using":"xpath","value":"//table[contains(@id, \"listView-innerSelectionPanelTable-listUl\")]/tbody/tr[20]/td[3]/div/div/span/span[1]/bdi"}
COMMAND: POST /session/59746a33121488b03cb28927e3139cef/execute/sync - {"script":"<script> [56 bytes]","args":[{"element-6066-11e4-a52e-4f735466cecf":"f.683367EF064D6F54A1F942EA8E2F8118.d.2ED8A614E438F770C21AD7CAB229BA81.e.7461","ELEMENT":"f.683367EF064D6F54A1F942EA8E2F8118.d.2ED8A614E438F770C21AD7CAB229BA81.e.7461"}]}
RESULT: {"script":"<script> [56 bytes]","args":[{"element-6066-11e4-a52e-4f735466cecf":"f.683367EF064D6F54A1F942EA8E2F8118.d.2ED8A614E438F770C21AD7CAB229BA81.e.7461","ELEMENT":"f.683367EF064D6F54A1F942EA8E2F8118.d.2ED8A614E438F770C21AD7CAB229BA81.e.7461"}]}
COMMAND: GET /session/59746a33121488b03cb28927e3139cef/element/f.683367EF064D6F54A1F942EA8E2F8118.d.2ED8A614E438F770C21AD7CAB229BA81.e.7460/attribute/aria-checked - {}
COMMAND: GET /session/59746a33121488b03cb28927e3139cef/screenshot - {}
RESULT: {}
COMMAND: POST /session/59746a33121488b03cb28927e3139cef/element - {"using":"xpath","value":"//table[contains(@id, \"listView-innerSelectionPanelTable-listUl\")]/tbody/tr[21]/td[2]/div/div"}
COMMAND: POST /session/59746a33121488b03cb28927e3139cef/element/f.683367EF064D6F54A1F942EA8E2F8118.d.2ED8A614E438F770C21AD7CAB229BA81.e.7459/click - {}
RESULT: {}
RESULT: {"using":"xpath","value":"//table[contains(@id, \"listView-innerSelectionPanelTable-listUl\")]/tbody/tr[21]/td[2]/div/div"}
COMMAND: POST /session/59746a33121488b03cb28927e3139cef/element - {"using":"xpath","value":"//table[contains(@id, \"listView-innerSelectionPanelTable-listUl\")]/tbody/tr[21]/td[2]/div"}
RESULT: {}
COMMAND: GET /session/59746a33121488b03cb28927e3139cef/screenshot - {}
RESULT: {"using":"xpath","value":"//table[contains(@id, \"listView-innerSelectionPanelTable-listUl\")]/tbody/tr[21]/td[2]/div"}
COMMAND: POST /session/59746a33121488b03cb28927e3139cef/element - {"using":"xpath","value":"//table[contains(@id, \"listView-innerSelectionPanelTable-listUl\")]/tbody/tr[21]/td[3]/div/div/span/span[1]/bdi"}
RESULT: {}
RESULT: {"using":"xpath","value":"//table[contains(@id, \"listView-innerSelectionPanelTable-listUl\")]/tbody/tr[21]/td[3]/div/div/span/span[1]/bdi"}
COMMAND: POST /session/59746a33121488b03cb28927e3139cef/execute/sync - {"script":"<script> [56 bytes]","args":[{"element-6066-11e4-a52e-4f735466cecf":"f.683367EF064D6F54A1F942EA8E2F8118.d.2ED8A614E438F770C21AD7CAB229BA81.e.7471","ELEMENT":"f.683367EF064D6F54A1F942EA8E2F8118.d.2ED8A614E438F770C21AD7CAB229BA81.e.7471"}]}
RESULT: {"script":"<script> [56 bytes]","args":[{"element-6066-11e4-a52e-4f735466cecf":"f.683367EF064D6F54A1F942EA8E2F8118.d.2ED8A614E438F770C21AD7CAB229BA81.e.7471","ELEMENT":"f.683367EF064D6F54A1F942EA8E2F8118.d.2ED8A614E438F770C21AD7CAB229BA81.e.7471"}]}
COMMAND: GET /session/59746a33121488b03cb28927e3139cef/element/f.683367EF064D6F54A1F942EA8E2F8118.d.2ED8A614E438F770C21AD7CAB229BA81.e.7470/attribute/aria-checked - {}
COMMAND: GET /session/59746a33121488b03cb28927e3139cef/screenshot - {}
RESULT: {}
COMMAND: POST /session/59746a33121488b03cb28927e3139cef/element - {"using":"xpath","value":"//table[contains(@id, \"listView-innerSelectionPanelTable-listUl\")]/tbody/tr[22]/td[2]/div/div"}
COMMAND: POST /session/59746a33121488b03cb28927e3139cef/element/f.683367EF064D6F54A1F942EA8E2F8118.d.2ED8A614E438F770C21AD7CAB229BA81.e.7462/click - {}
RESULT: {}
RESULT: {"using":"xpath","value":"//table[contains(@id, \"listView-innerSelectionPanelTable-listUl\")]/tbody/tr[22]/td[2]/div/div"}
COMMAND: POST /session/59746a33121488b03cb28927e3139cef/element - {"using":"xpath","value":"//table[contains(@id, \"listView-innerSelectionPanelTable-listUl\")]/tbody/tr[22]/td[2]/div"}
RESULT: {}
COMMAND: GET /session/59746a33121488b03cb28927e3139cef/screenshot - {}
RESULT: {"using":"xpath","value":"//table[contains(@id, \"listView-innerSelectionPanelTable-listUl\")]/tbody/tr[22]/td[2]/div"}
COMMAND: POST /session/59746a33121488b03cb28927e3139cef/element - {"using":"xpath","value":"//table[contains(@id, \"listView-innerSelectionPanelTable-listUl\")]/tbody/tr[22]/td[3]/div/div/span/span[1]/bdi"}
RESULT: {}
RESULT: {"using":"xpath","value":"//table[contains(@id, \"listView-innerSelectionPanelTable-listUl\")]/tbody/tr[22]/td[3]/div/div/span/span[1]/bdi"}
COMMAND: POST /session/59746a33121488b03cb28927e3139cef/execute/sync - {"script":"<script> [56 bytes]","args":[{"element-6066-11e4-a52e-4f735466cecf":"f.683367EF064D6F54A1F942EA8E2F8118.d.2ED8A614E438F770C21AD7CAB229BA81.e.7475","ELEMENT":"f.683367EF064D6F54A1F942EA8E2F8118.d.2ED8A614E438F770C21AD7CAB229BA81.e.7475"}]}
RESULT: {"script":"<script> [56 bytes]","args":[{"element-6066-11e4-a52e-4f735466cecf":"f.683367EF064D6F54A1F942EA8E2F8118.d.2ED8A614E438F770C21AD7CAB229BA81.e.7475","ELEMENT":"f.683367EF064D6F54A1F942EA8E2F8118.d.2ED8A614E438F770C21AD7CAB229BA81.e.7475"}]}
COMMAND: GET /session/59746a33121488b03cb28927e3139cef/element/f.683367EF064D6F54A1F942EA8E2F8118.d.2ED8A614E438F770C21AD7CAB229BA81.e.7474/attribute/aria-checked - {}
COMMAND: GET /session/59746a33121488b03cb28927e3139cef/screenshot - {}
RESULT: {}
COMMAND: POST /session/59746a33121488b03cb28927e3139cef/element - {"using":"xpath","value":"//table[contains(@id, \"listView-innerSelectionPanelTable-listUl\")]/tbody/tr[23]/td[2]/div/div"}
RESULT: {}
RESULT: {"using":"xpath","value":"//table[contains(@id, \"listView-innerSelectionPanelTable-listUl\")]/tbody/tr[23]/td[2]/div/div"}
COMMAND: POST /session/59746a33121488b03cb28927e3139cef/element - {"using":"xpath","value":"//table[contains(@id, \"listView-innerSelectionPanelTable-listUl\")]/tbody/tr[23]/td[2]/div"}
RESULT: {"using":"xpath","value":"//table[contains(@id, \"listView-innerSelectionPanelTable-listUl\")]/tbody/tr[23]/td[2]/div"}
COMMAND: POST /session/59746a33121488b03cb28927e3139cef/element - {"using":"xpath","value":"//table[contains(@id, \"listView-innerSelectionPanelTable-listUl\")]/tbody/tr[23]/td[3]/div/div/span/span[1]/bdi"}
RESULT: {"using":"xpath","value":"//table[contains(@id, \"listView-innerSelectionPanelTable-listUl\")]/tbody/tr[23]/td[3]/div/div/span/span[1]/bdi"}
COMMAND: POST /session/59746a33121488b03cb28927e3139cef/execute/sync - {"script":"<script> [56 bytes]","args":[{"element-6066-11e4-a52e-4f735466cecf":"f.683367EF064D6F54A1F942EA8E2F8118.d.2ED8A614E438F770C21AD7CAB229BA81.e.7478","ELEMENT":"f.683367EF064D6F54A1F942EA8E2F8118.d.2ED8A614E438F770C21AD7CAB229BA81.e.7478"}]}
RESULT: {"script":"<script> [56 bytes]","args":[{"element-6066-11e4-a52e-4f735466cecf":"f.683367EF064D6F54A1F942EA8E2F8118.d.2ED8A614E438F770C21AD7CAB229BA81.e.7478","ELEMENT":"f.683367EF064D6F54A1F942EA8E2F8118.d.2ED8A614E438F770C21AD7CAB229BA81.e.7478"}]}
COMMAND: GET /session/59746a33121488b03cb28927e3139cef/element/f.683367EF064D6F54A1F942EA8E2F8118.d.2ED8A614E438F770C21AD7CAB229BA81.e.7477/attribute/aria-checked - {}
COMMAND: GET /session/59746a33121488b03cb28927e3139cef/screenshot - {}
RESULT: {}
COMMAND: POST /session/59746a33121488b03cb28927e3139cef/element - {"using":"xpath","value":"//table[contains(@id, \"listView-innerSelectionPanelTable-listUl\")]/tbody/tr[24]/td[2]/div/div"}
RESULT: {}
RESULT: {"using":"xpath","value":"//table[contains(@id, \"listView-innerSelectionPanelTable-listUl\")]/tbody/tr[24]/td[2]/div/div"}
COMMAND: POST /session/59746a33121488b03cb28927e3139cef/element - {"using":"xpath","value":"//table[contains(@id, \"listView-innerSelectionPanelTable-listUl\")]/tbody/tr[24]/td[2]/div"}
RESULT: {"using":"xpath","value":"//table[contains(@id, \"listView-innerSelectionPanelTable-listUl\")]/tbody/tr[24]/td[2]/div"}
COMMAND: POST /session/59746a33121488b03cb28927e3139cef/element - {"using":"xpath","value":"//table[contains(@id, \"listView-innerSelectionPanelTable-listUl\")]/tbody/tr[24]/td[3]/div/div/span/span[1]/bdi"}
RESULT: {"using":"xpath","value":"//table[contains(@id, \"listView-innerSelectionPanelTable-listUl\")]/tbody/tr[24]/td[3]/div/div/span/span[1]/bdi"}
COMMAND: POST /session/59746a33121488b03cb28927e3139cef/execute/sync - {"script":"<script> [56 bytes]","args":[{"element-6066-11e4-a52e-4f735466cecf":"f.683367EF064D6F54A1F942EA8E2F8118.d.2ED8A614E438F770C21AD7CAB229BA81.e.7481","ELEMENT":"f.683367EF064D6F54A1F942EA8E2F8118.d.2ED8A614E438F770C21AD7CAB229BA81.e.7481"}]}
RESULT: {"script":"<script> [56 bytes]","args":[{"element-6066-11e4-a52e-4f735466cecf":"f.683367EF064D6F54A1F942EA8E2F8118.d.2ED8A614E438F770C21AD7CAB229BA81.e.7481","ELEMENT":"f.683367EF064D6F54A1F942EA8E2F8118.d.2ED8A614E438F770C21AD7CAB229BA81.e.7481"}]}
COMMAND: GET /session/59746a33121488b03cb28927e3139cef/element/f.683367EF064D6F54A1F942EA8E2F8118.d.2ED8A614E438F770C21AD7CAB229BA81.e.7480/attribute/aria-checked - {}
COMMAND: GET /session/59746a33121488b03cb28927e3139cef/screenshot - {}
RESULT: {}
COMMAND: POST /session/59746a33121488b03cb28927e3139cef/element - {"using":"xpath","value":"//table[contains(@id, \"listView-innerSelectionPanelTable-listUl\")]/tbody/tr[25]/td[2]/div/div"}
RESULT: {}
RESULT: {"using":"xpath","value":"//table[contains(@id, \"listView-innerSelectionPanelTable-listUl\")]/tbody/tr[25]/td[2]/div/div"}
COMMAND: POST /session/59746a33121488b03cb28927e3139cef/element - {"using":"xpath","value":"//table[contains(@id, \"listView-innerSelectionPanelTable-listUl\")]/tbody/tr[25]/td[2]/div"}
RESULT: {"using":"xpath","value":"//table[contains(@id, \"listView-innerSelectionPanelTable-listUl\")]/tbody/tr[25]/td[2]/div"}
COMMAND: POST /session/59746a33121488b03cb28927e3139cef/element - {"using":"xpath","value":"//table[contains(@id, \"listView-innerSelectionPanelTable-listUl\")]/tbody/tr[25]/td[3]/div/div/span/span[1]/bdi"}
RESULT: {"using":"xpath","value":"//table[contains(@id, \"listView-innerSelectionPanelTable-listUl\")]/tbody/tr[25]/td[3]/div/div/span/span[1]/bdi"}
COMMAND: POST /session/59746a33121488b03cb28927e3139cef/execute/sync - {"script":"<script> [56 bytes]","args":[{"element-6066-11e4-a52e-4f735466cecf":"f.683367EF064D6F54A1F942EA8E2F8118.d.2ED8A614E438F770C21AD7CAB229BA81.e.7484","ELEMENT":"f.683367EF064D6F54A1F942EA8E2F8118.d.2ED8A614E438F770C21AD7CAB229BA81.e.7484"}]}
RESULT: {"script":"<script> [56 bytes]","args":[{"element-6066-11e4-a52e-4f735466cecf":"f.683367EF064D6F54A1F942EA8E2F8118.d.2ED8A614E438F770C21AD7CAB229BA81.e.7484","ELEMENT":"f.683367EF064D6F54A1F942EA8E2F8118.d.2ED8A614E438F770C21AD7CAB229BA81.e.7484"}]}
COMMAND: GET /session/59746a33121488b03cb28927e3139cef/element/f.683367EF064D6F54A1F942EA8E2F8118.d.2ED8A614E438F770C21AD7CAB229BA81.e.7483/attribute/aria-checked - {}
COMMAND: GET /session/59746a33121488b03cb28927e3139cef/screenshot - {}
RESULT: {}
COMMAND: POST /session/59746a33121488b03cb28927e3139cef/element - {"using":"xpath","value":"//bdi[contains(text(), \"OK\")]"}
RESULT: {}
RESULT: {"using":"xpath","value":"//bdi[contains(text(), \"OK\")]"}
COMMAND: POST /session/59746a33121488b03cb28927e3139cef/element/f.683367EF064D6F54A1F942EA8E2F8118.d.2ED8A614E438F770C21AD7CAB229BA81.e.7485/click - {}
RESULT: {}
COMMAND: GET /session/59746a33121488b03cb28927e3139cef/screenshot - {}
RESULT: {}
COMMAND: POST /session/59746a33121488b03cb28927e3139cef/execute/async - {"script":"<script> [1562 bytes]","args":[{"selector":{"id":"application-managepartners-display-component---masterPtm--smartFilterBar-filterItemControlA_-LINK_TO_ADDRESSES_MAIN.ID-vhi"},"wdio_ui5_key":"applicationmanagepartners-display-component---masterPtm--smartFilterBar-filterItemControlA_-LINK_TO_ADDRESSES_MAIN.ID-vhi"}]}
RESULT: {"script":"<script> [1562 bytes]","args":[{"selector":{"id":"application-managepartners-display-component---masterPtm--smartFilterBar-filterItemControlA_-LINK_TO_ADDRESSES_MAIN.ID-vhi"},"wdio_ui5_key":"applicationmanagepartners-display-component---masterPtm--smartFilterBar-filterItemControlA_-LINK_TO_ADDRESSES_MAIN.ID-vhi"}]}
RESULT: undefined
COMMAND: POST /session/59746a33121488b03cb28927e3139cef/element - {"using":"xpath","value":"//*[@id=\"application-managepartners-display-component---masterPtm--smartFilterBar-filterItemControlA_-LINK_TO_ADDRESSES_MAIN.ID-vhi\"]"}
RESULT: {"using":"xpath","value":"//*[@id=\"application-managepartners-display-component---masterPtm--smartFilterBar-filterItemControlA_-LINK_TO_ADDRESSES_MAIN.ID-vhi\"]"}
COMMAND: POST /session/59746a33121488b03cb28927e3139cef/element/f.683367EF064D6F54A1F942EA8E2F8118.d.2ED8A614E438F770C21AD7CAB229BA81.e.7498/click - {}
RESULT: {}
COMMAND: GET /session/59746a33121488b03cb28927e3139cef/screenshot - {}
RESULT: {}
COMMAND: POST /session/59746a33121488b03cb28927e3139cef/element - {"using":"xpath","value":"//div[input[@value=\"contains\"]]//span[contains(@id, \"arrow\")]"}
RESULT: {"using":"xpath","value":"//div[input[@value=\"contains\"]]//span[contains(@id, \"arrow\")]"}
COMMAND: POST /session/59746a33121488b03cb28927e3139cef/element/f.683367EF064D6F54A1F942EA8E2F8118.d.2ED8A614E438F770C21AD7CAB229BA81.e.7503/click - {}
RESULT: {}
COMMAND: GET /session/59746a33121488b03cb28927e3139cef/screenshot - {}
RESULT: {}
COMMAND: POST /session/59746a33121488b03cb28927e3139cef/element - {"using":"xpath","value":"//li[.//span[text()='equal to']]"}
RESULT: {"using":"xpath","value":"//li[.//span[text()='equal to']]"}
COMMAND: POST /session/59746a33121488b03cb28927e3139cef/element/f.683367EF064D6F54A1F942EA8E2F8118.d.2ED8A614E438F770C21AD7CAB229BA81.e.7504/click - {}
RESULT: {}
COMMAND: GET /session/59746a33121488b03cb28927e3139cef/screenshot - {}
RESULT: {}
RESULT: undefined
COMMAND: POST /session/59746a33121488b03cb28927e3139cef/execute/async - {"script":"<script> [776 bytes]","args":[{"enterText":"1006","selector":{"controlType":"sap.m.Input","viewName":"etm.portal.ui.managepartners.view.Master","viewId":"application-managepartners-display-component---masterPtm","properties":{"valueState":"None"},"searchOpenDialogs":true,"interaction":{"idSuffix":"inner"}},"clearTextFirst":true,"interactionType":"ENTER_TEXT"}]}
RESULT: {"script":"<script> [776 bytes]","args":[{"enterText":"1006","selector":{"controlType":"sap.m.Input","viewName":"etm.portal.ui.managepartners.view.Master","viewId":"application-managepartners-display-component---masterPtm","properties":{"valueState":"None"},"searchOpenDialogs":true,"interaction":{"idSuffix":"inner"}},"clearTextFirst":true,"interactionType":"ENTER_TEXT"}]}
COMMAND: POST /session/59746a33121488b03cb28927e3139cef/actions - {"actions":[{"id":"action32","type":"key","parameters":{},"actions":[{"type":"keyDown","value":"î€‡"},{"type":"pause","duration":10},{"type":"keyUp","value":"î€‡"}]}]}
RESULT: {"actions":[{"id":"action32","type":"key","parameters":{},"actions":[{"type":"keyDown","value":"î€‡"},{"type":"pause","duration":10},{"type":"keyUp","value":"î€‡"}]}]}
COMMAND: GET /session/59746a33121488b03cb28927e3139cef/screenshot - {}
RESULT: {}
COMMAND: POST /session/59746a33121488b03cb28927e3139cef/element - {"using":"xpath","value":"(//bdi[contains(text(), \"OK\")])[1]"}
RESULT: {"using":"xpath","value":"(//bdi[contains(text(), \"OK\")])[1]"}
COMMAND: POST /session/59746a33121488b03cb28927e3139cef/element/f.683367EF064D6F54A1F942EA8E2F8118.d.2ED8A614E438F770C21AD7CAB229BA81.e.7505/click - {}
RESULT: {}
COMMAND: GET /session/59746a33121488b03cb28927e3139cef/screenshot - {}
RESULT: {}
COMMAND: POST /session/59746a33121488b03cb28927e3139cef/element - {"using":"xpath","value":"//span[@id=\"application-managepartners-display-component---masterPtm--smartTable-header-inner\"]"}
RESULT: {"using":"xpath","value":"//span[@id=\"application-managepartners-display-component---masterPtm--smartTable-header-inner\"]"}
COMMAND: POST /session/59746a33121488b03cb28927e3139cef/elements - {"using":"xpath","value":"//span[@id=\"application-managepartners-display-component---masterPtm--smartTable-header-inner\"]"}
RESULT: {"using":"xpath","value":"//span[@id=\"application-managepartners-display-component---masterPtm--smartTable-header-inner\"]"}
COMMAND: POST /session/59746a33121488b03cb28927e3139cef/execute/sync - {"script":"<script> [56 bytes]","args":[{"element-6066-11e4-a52e-4f735466cecf":"f.683367EF064D6F54A1F942EA8E2F8118.d.2ED8A614E438F770C21AD7CAB229BA81.e.7339","ELEMENT":"f.683367EF064D6F54A1F942EA8E2F8118.d.2ED8A614E438F770C21AD7CAB229BA81.e.7339"}]}
RESULT: {"script":"<script> [56 bytes]","args":[{"element-6066-11e4-a52e-4f735466cecf":"f.683367EF064D6F54A1F942EA8E2F8118.d.2ED8A614E438F770C21AD7CAB229BA81.e.7339","ELEMENT":"f.683367EF064D6F54A1F942EA8E2F8118.d.2ED8A614E438F770C21AD7CAB229BA81.e.7339"}]}
COMMAND: POST /session/59746a33121488b03cb28927e3139cef/element - {"using":"xpath","value":"//span[contains(@title, \"Remove\")]"}
COMMAND: GET /session/59746a33121488b03cb28927e3139cef/screenshot - {}
RESULT: {"using":"xpath","value":"//span[contains(@title, \"Remove\")]"}
COMMAND: POST /session/59746a33121488b03cb28927e3139cef/element/f.683367EF064D6F54A1F942EA8E2F8118.d.2ED8A614E438F770C21AD7CAB229BA81.e.7510/click - {}
RESULT: {}
RESULT: {}
COMMAND: GET /session/59746a33121488b03cb28927e3139cef/screenshot - {}
RESULT: {}
RESULT: undefined
COMMAND: POST /session/59746a33121488b03cb28927e3139cef/element - {"using":"xpath","value":"//*[@id=\"application-managepartners-display-component---masterPtm--smartFilterBar-filterItemControl_BASIC-YARD-vhi\"]"}
RESULT: {"using":"xpath","value":"//*[@id=\"application-managepartners-display-component---masterPtm--smartFilterBar-filterItemControl_BASIC-YARD-vhi\"]"}
COMMAND: POST /session/59746a33121488b03cb28927e3139cef/element/f.683367EF064D6F54A1F942EA8E2F8118.d.2ED8A614E438F770C21AD7CAB229BA81.e.7565/click - {}
RESULT: {}
COMMAND: GET /session/59746a33121488b03cb28927e3139cef/screenshot - {}
RESULT: {}
RESULT: undefined
COMMAND: POST /session/59746a33121488b03cb28927e3139cef/execute/async - {"script":"<script> [776 bytes]","args":[{"enterText":"Test","selector":{"id":"application-managepartners-display-component---masterPtm--smartFilterBar-filterItemControl_BASIC-YARD-valueHelpDialog-smartFilterBar-btnBasicSearch","searchOpenDialogs":true,"interaction":{"idSuffix":"I"}},"clearTextFirst":true,"interactionType":"ENTER_TEXT"}]}
RESULT: {"script":"<script> [776 bytes]","args":[{"enterText":"Test","selector":{"id":"application-managepartners-display-component---masterPtm--smartFilterBar-filterItemControl_BASIC-YARD-valueHelpDialog-smartFilterBar-btnBasicSearch","searchOpenDialogs":true,"interaction":{"idSuffix":"I"}},"clearTextFirst":true,"interactionType":"ENTER_TEXT"}]}
COMMAND: POST /session/59746a33121488b03cb28927e3139cef/actions - {"actions":[{"id":"action33","type":"key","parameters":{},"actions":[{"type":"keyDown","value":"î€‡"},{"type":"pause","duration":10},{"type":"keyUp","value":"î€‡"}]}]}
RESULT: {"actions":[{"id":"action33","type":"key","parameters":{},"actions":[{"type":"keyDown","value":"î€‡"},{"type":"pause","duration":10},{"type":"keyUp","value":"î€‡"}]}]}
COMMAND: POST /session/59746a33121488b03cb28927e3139cef/elements - {"using":"xpath","value":"//table[contains(@id, \"smartFilterBar-filterItemControl_BASIC-YARD-valueHelpDialog-table-table\")]/tbody/tr"}
COMMAND: GET /session/59746a33121488b03cb28927e3139cef/screenshot - {}
RESULT: {"using":"xpath","value":"//table[contains(@id, \"smartFilterBar-filterItemControl_BASIC-YARD-valueHelpDialog-table-table\")]/tbody/tr"}
COMMAND: POST /session/59746a33121488b03cb28927e3139cef/element - {"using":"xpath","value":"//table[contains(@id, \"smartFilterBar-filterItemControl_BASIC-YARD-valueHelpDialog-table-table\")]/tbody/tr[1]/td[1]/div/span"}
RESULT: {}
RESULT: {"using":"xpath","value":"//table[contains(@id, \"smartFilterBar-filterItemControl_BASIC-YARD-valueHelpDialog-table-table\")]/tbody/tr[1]/td[1]/div/span"}
COMMAND: POST /session/59746a33121488b03cb28927e3139cef/elements - {"using":"xpath","value":"//table[contains(@id, \"smartFilterBar-filterItemControl_BASIC-YARD-valueHelpDialog-table-table\")]/tbody/tr[1]/td[1]/div/span"}
RESULT: {"using":"xpath","value":"//table[contains(@id, \"smartFilterBar-filterItemControl_BASIC-YARD-valueHelpDialog-table-table\")]/tbody/tr[1]/td[1]/div/span"}
COMMAND: POST /session/59746a33121488b03cb28927e3139cef/execute/sync - {"script":"<script> [56 bytes]","args":[{"element-6066-11e4-a52e-4f735466cecf":"f.683367EF064D6F54A1F942EA8E2F8118.d.2ED8A614E438F770C21AD7CAB229BA81.e.7584","ELEMENT":"f.683367EF064D6F54A1F942EA8E2F8118.d.2ED8A614E438F770C21AD7CAB229BA81.e.7584"}]}
RESULT: {"script":"<script> [56 bytes]","args":[{"element-6066-11e4-a52e-4f735466cecf":"f.683367EF064D6F54A1F942EA8E2F8118.d.2ED8A614E438F770C21AD7CAB229BA81.e.7584","ELEMENT":"f.683367EF064D6F54A1F942EA8E2F8118.d.2ED8A614E438F770C21AD7CAB229BA81.e.7584"}]}
COMMAND: POST /session/59746a33121488b03cb28927e3139cef/element - {"using":"xpath","value":"//table[contains(@id, \"smartFilterBar-filterItemControl_BASIC-YARD-valueHelpDialog-table-table\")]/tbody/tr[2]/td[1]/div/span"}
COMMAND: GET /session/59746a33121488b03cb28927e3139cef/screenshot - {}
RESULT: {"using":"xpath","value":"//table[contains(@id, \"smartFilterBar-filterItemControl_BASIC-YARD-valueHelpDialog-table-table\")]/tbody/tr[2]/td[1]/div/span"}
COMMAND: POST /session/59746a33121488b03cb28927e3139cef/elements - {"using":"xpath","value":"//table[contains(@id, \"smartFilterBar-filterItemControl_BASIC-YARD-valueHelpDialog-table-table\")]/tbody/tr[2]/td[1]/div/span"}
RESULT: {}
RESULT: {"using":"xpath","value":"//table[contains(@id, \"smartFilterBar-filterItemControl_BASIC-YARD-valueHelpDialog-table-table\")]/tbody/tr[2]/td[1]/div/span"}
COMMAND: POST /session/59746a33121488b03cb28927e3139cef/execute/sync - {"script":"<script> [56 bytes]","args":[{"element-6066-11e4-a52e-4f735466cecf":"f.683367EF064D6F54A1F942EA8E2F8118.d.2ED8A614E438F770C21AD7CAB229BA81.e.7585","ELEMENT":"f.683367EF064D6F54A1F942EA8E2F8118.d.2ED8A614E438F770C21AD7CAB229BA81.e.7585"}]}
RESULT: {"script":"<script> [56 bytes]","args":[{"element-6066-11e4-a52e-4f735466cecf":"f.683367EF064D6F54A1F942EA8E2F8118.d.2ED8A614E438F770C21AD7CAB229BA81.e.7585","ELEMENT":"f.683367EF064D6F54A1F942EA8E2F8118.d.2ED8A614E438F770C21AD7CAB229BA81.e.7585"}]}
COMMAND: POST /session/59746a33121488b03cb28927e3139cef/element - {"using":"xpath","value":"//table[contains(@id, \"smartFilterBar-filterItemControl_BASIC-YARD-valueHelpDialog-table-table\")]/tbody/tr[3]/td[1]/div/span"}
COMMAND: GET /session/59746a33121488b03cb28927e3139cef/screenshot - {}
RESULT: {"using":"xpath","value":"//table[contains(@id, \"smartFilterBar-filterItemControl_BASIC-YARD-valueHelpDialog-table-table\")]/tbody/tr[3]/td[1]/div/span"}
COMMAND: POST /session/59746a33121488b03cb28927e3139cef/elements - {"using":"xpath","value":"//table[contains(@id, \"smartFilterBar-filterItemControl_BASIC-YARD-valueHelpDialog-table-table\")]/tbody/tr[3]/td[1]/div/span"}
RESULT: {}
RESULT: {"using":"xpath","value":"//table[contains(@id, \"smartFilterBar-filterItemControl_BASIC-YARD-valueHelpDialog-table-table\")]/tbody/tr[3]/td[1]/div/span"}
COMMAND: POST /session/59746a33121488b03cb28927e3139cef/execute/sync - {"script":"<script> [56 bytes]","args":[{"element-6066-11e4-a52e-4f735466cecf":"f.683367EF064D6F54A1F942EA8E2F8118.d.2ED8A614E438F770C21AD7CAB229BA81.e.7586","ELEMENT":"f.683367EF064D6F54A1F942EA8E2F8118.d.2ED8A614E438F770C21AD7CAB229BA81.e.7586"}]}
RESULT: {"script":"<script> [56 bytes]","args":[{"element-6066-11e4-a52e-4f735466cecf":"f.683367EF064D6F54A1F942EA8E2F8118.d.2ED8A614E438F770C21AD7CAB229BA81.e.7586","ELEMENT":"f.683367EF064D6F54A1F942EA8E2F8118.d.2ED8A614E438F770C21AD7CAB229BA81.e.7586"}]}
COMMAND: POST /session/59746a33121488b03cb28927e3139cef/element - {"using":"xpath","value":"//div[contains(@id, \"filterItemControl_BASIC-YARD-valueHelpDialog-table-rowsel2\")]"}
COMMAND: GET /session/59746a33121488b03cb28927e3139cef/screenshot - {}
RESULT: {"using":"xpath","value":"//div[contains(@id, \"filterItemControl_BASIC-YARD-valueHelpDialog-table-rowsel2\")]"}
COMMAND: POST /session/59746a33121488b03cb28927e3139cef/element/f.683367EF064D6F54A1F942EA8E2F8118.d.2ED8A614E438F770C21AD7CAB229BA81.e.7587/click - {}
RESULT: {}
RESULT: {}
COMMAND: GET /session/59746a33121488b03cb28927e3139cef/screenshot - {}
RESULT: {}
COMMAND: POST /session/59746a33121488b03cb28927e3139cef/element - {"using":"xpath","value":"(//bdi[contains(text(), \"OK\")])[1]"}
RESULT: {"using":"xpath","value":"(//bdi[contains(text(), \"OK\")])[1]"}
COMMAND: POST /session/59746a33121488b03cb28927e3139cef/element/f.683367EF064D6F54A1F942EA8E2F8118.d.2ED8A614E438F770C21AD7CAB229BA81.e.7589/click - {}
RESULT: {}
COMMAND: GET /session/59746a33121488b03cb28927e3139cef/screenshot - {}
RESULT: {}
COMMAND: POST /session/59746a33121488b03cb28927e3139cef/element - {"using":"xpath","value":"//span[@id=\"application-managepartners-display-component---masterPtm--smartTable-header-inner\"]"}
RESULT: {"using":"xpath","value":"//span[@id=\"application-managepartners-display-component---masterPtm--smartTable-header-inner\"]"}
COMMAND: POST /session/59746a33121488b03cb28927e3139cef/elements - {"using":"xpath","value":"//span[@id=\"application-managepartners-display-component---masterPtm--smartTable-header-inner\"]"}
RESULT: {"using":"xpath","value":"//span[@id=\"application-managepartners-display-component---masterPtm--smartTable-header-inner\"]"}
COMMAND: POST /session/59746a33121488b03cb28927e3139cef/execute/sync - {"script":"<script> [56 bytes]","args":[{"element-6066-11e4-a52e-4f735466cecf":"f.683367EF064D6F54A1F942EA8E2F8118.d.2ED8A614E438F770C21AD7CAB229BA81.e.7339","ELEMENT":"f.683367EF064D6F54A1F942EA8E2F8118.d.2ED8A614E438F770C21AD7CAB229BA81.e.7339"}]}
RESULT: {"script":"<script> [56 bytes]","args":[{"element-6066-11e4-a52e-4f735466cecf":"f.683367EF064D6F54A1F942EA8E2F8118.d.2ED8A614E438F770C21AD7CAB229BA81.e.7339","ELEMENT":"f.683367EF064D6F54A1F942EA8E2F8118.d.2ED8A614E438F770C21AD7CAB229BA81.e.7339"}]}
COMMAND: POST /session/59746a33121488b03cb28927e3139cef/element - {"using":"xpath","value":"//span[contains(@title, \"Remove\")]"}
COMMAND: GET /session/59746a33121488b03cb28927e3139cef/screenshot - {}
RESULT: {"using":"xpath","value":"//span[contains(@title, \"Remove\")]"}
COMMAND: POST /session/59746a33121488b03cb28927e3139cef/element/f.683367EF064D6F54A1F942EA8E2F8118.d.2ED8A614E438F770C21AD7CAB229BA81.e.7602/click - {}
RESULT: {}
RESULT: {}
COMMAND: GET /session/59746a33121488b03cb28927e3139cef/screenshot - {}
RESULT: {}
RESULT: undefined
COMMAND: POST /session/59746a33121488b03cb28927e3139cef/element - {"using":"xpath","value":"//*[@id=\"application-managepartners-display-component---masterPtm--smartFilterBar-filterItemControl_BASIC-MAIN_ADDRESS-vhi\"]"}
RESULT: {"using":"xpath","value":"//*[@id=\"application-managepartners-display-component---masterPtm--smartFilterBar-filterItemControl_BASIC-MAIN_ADDRESS-vhi\"]"}
COMMAND: POST /session/59746a33121488b03cb28927e3139cef/element/f.683367EF064D6F54A1F942EA8E2F8118.d.2ED8A614E438F770C21AD7CAB229BA81.e.7657/click - {}
RESULT: {}
COMMAND: GET /session/59746a33121488b03cb28927e3139cef/screenshot - {}
RESULT: {}
RESULT: undefined
COMMAND: POST /session/59746a33121488b03cb28927e3139cef/execute/async - {"script":"<script> [776 bytes]","args":[{"enterText":"Romania","selector":{"id":"application-managepartners-display-component---masterPtm--smartFilterBar-filterItemControl_BASIC-MAIN_ADDRESS-valueHelpDialog-smartFilterBar-btnBasicSearch","searchOpenDialogs":true,"interaction":{"idSuffix":"I"}},"clearTextFirst":true,"interactionType":"ENTER_TEXT"}]}
RESULT: {"script":"<script> [776 bytes]","args":[{"enterText":"Romania","selector":{"id":"application-managepartners-display-component---masterPtm--smartFilterBar-filterItemControl_BASIC-MAIN_ADDRESS-valueHelpDialog-smartFilterBar-btnBasicSearch","searchOpenDialogs":true,"interaction":{"idSuffix":"I"}},"clearTextFirst":true,"interactionType":"ENTER_TEXT"}]}
COMMAND: POST /session/59746a33121488b03cb28927e3139cef/actions - {"actions":[{"id":"action34","type":"key","parameters":{},"actions":[{"type":"keyDown","value":"î€‡"},{"type":"pause","duration":10},{"type":"keyUp","value":"î€‡"}]}]}
RESULT: {"actions":[{"id":"action34","type":"key","parameters":{},"actions":[{"type":"keyDown","value":"î€‡"},{"type":"pause","duration":10},{"type":"keyUp","value":"î€‡"}]}]}
COMMAND: POST /session/59746a33121488b03cb28927e3139cef/elements - {"using":"xpath","value":"//table[contains(@id, \"smartFilterBar-filterItemControl_BASIC-MAIN_ADDRESS-valueHelpDialog-table-table\")]/tbody/tr"}
COMMAND: GET /session/59746a33121488b03cb28927e3139cef/screenshot - {}
RESULT: {"using":"xpath","value":"//table[contains(@id, \"smartFilterBar-filterItemControl_BASIC-MAIN_ADDRESS-valueHelpDialog-table-table\")]/tbody/tr"}
COMMAND: POST /session/59746a33121488b03cb28927e3139cef/element - {"using":"xpath","value":"//table[contains(@id, \"smartFilterBar-filterItemControl_BASIC-MAIN_ADDRESS-valueHelpDialog-table-table\")]/tbody/tr[1]/td[1]/div/span"}
RESULT: {}
RESULT: {"using":"xpath","value":"//table[contains(@id, \"smartFilterBar-filterItemControl_BASIC-MAIN_ADDRESS-valueHelpDialog-table-table\")]/tbody/tr[1]/td[1]/div/span"}
COMMAND: POST /session/59746a33121488b03cb28927e3139cef/elements - {"using":"xpath","value":"//table[contains(@id, \"smartFilterBar-filterItemControl_BASIC-MAIN_ADDRESS-valueHelpDialog-table-table\")]/tbody/tr[1]/td[1]/div/span"}
RESULT: {"using":"xpath","value":"//table[contains(@id, \"smartFilterBar-filterItemControl_BASIC-MAIN_ADDRESS-valueHelpDialog-table-table\")]/tbody/tr[1]/td[1]/div/span"}
COMMAND: POST /session/59746a33121488b03cb28927e3139cef/execute/sync - {"script":"<script> [56 bytes]","args":[{"element-6066-11e4-a52e-4f735466cecf":"f.683367EF064D6F54A1F942EA8E2F8118.d.2ED8A614E438F770C21AD7CAB229BA81.e.7677","ELEMENT":"f.683367EF064D6F54A1F942EA8E2F8118.d.2ED8A614E438F770C21AD7CAB229BA81.e.7677"}]}
RESULT: {"script":"<script> [56 bytes]","args":[{"element-6066-11e4-a52e-4f735466cecf":"f.683367EF064D6F54A1F942EA8E2F8118.d.2ED8A614E438F770C21AD7CAB229BA81.e.7677","ELEMENT":"f.683367EF064D6F54A1F942EA8E2F8118.d.2ED8A614E438F770C21AD7CAB229BA81.e.7677"}]}
COMMAND: POST /session/59746a33121488b03cb28927e3139cef/element - {"using":"xpath","value":"//div[contains(@id, \"filterItemControl_BASIC-MAIN_ADDRESS-valueHelpDialog-table-rowsel0\")]"}
COMMAND: GET /session/59746a33121488b03cb28927e3139cef/screenshot - {}
RESULT: {"using":"xpath","value":"//div[contains(@id, \"filterItemControl_BASIC-MAIN_ADDRESS-valueHelpDialog-table-rowsel0\")]"}
COMMAND: POST /session/59746a33121488b03cb28927e3139cef/element/f.683367EF064D6F54A1F942EA8E2F8118.d.2ED8A614E438F770C21AD7CAB229BA81.e.7678/click - {}
RESULT: {}
RESULT: {}
COMMAND: GET /session/59746a33121488b03cb28927e3139cef/screenshot - {}
RESULT: {}
COMMAND: POST /session/59746a33121488b03cb28927e3139cef/element - {"using":"xpath","value":"(//bdi[contains(text(), \"OK\")])[1]"}
RESULT: {"using":"xpath","value":"(//bdi[contains(text(), \"OK\")])[1]"}
COMMAND: POST /session/59746a33121488b03cb28927e3139cef/element/f.683367EF064D6F54A1F942EA8E2F8118.d.2ED8A614E438F770C21AD7CAB229BA81.e.7680/click - {}
RESULT: {}
COMMAND: GET /session/59746a33121488b03cb28927e3139cef/screenshot - {}
RESULT: {}
COMMAND: POST /session/59746a33121488b03cb28927e3139cef/element - {"using":"xpath","value":"//span[@id=\"application-managepartners-display-component---masterPtm--smartTable-header-inner\"]"}
RESULT: {"using":"xpath","value":"//span[@id=\"application-managepartners-display-component---masterPtm--smartTable-header-inner\"]"}
COMMAND: POST /session/59746a33121488b03cb28927e3139cef/elements - {"using":"xpath","value":"//span[@id=\"application-managepartners-display-component---masterPtm--smartTable-header-inner\"]"}
RESULT: {"using":"xpath","value":"//span[@id=\"application-managepartners-display-component---masterPtm--smartTable-header-inner\"]"}
COMMAND: POST /session/59746a33121488b03cb28927e3139cef/execute/sync - {"script":"<script> [56 bytes]","args":[{"element-6066-11e4-a52e-4f735466cecf":"f.683367EF064D6F54A1F942EA8E2F8118.d.2ED8A614E438F770C21AD7CAB229BA81.e.7339","ELEMENT":"f.683367EF064D6F54A1F942EA8E2F8118.d.2ED8A614E438F770C21AD7CAB229BA81.e.7339"}]}
RESULT: {"script":"<script> [56 bytes]","args":[{"element-6066-11e4-a52e-4f735466cecf":"f.683367EF064D6F54A1F942EA8E2F8118.d.2ED8A614E438F770C21AD7CAB229BA81.e.7339","ELEMENT":"f.683367EF064D6F54A1F942EA8E2F8118.d.2ED8A614E438F770C21AD7CAB229BA81.e.7339"}]}
COMMAND: POST /session/59746a33121488b03cb28927e3139cef/element - {"using":"xpath","value":"//span[contains(@title, \"Remove\")]"}
COMMAND: GET /session/59746a33121488b03cb28927e3139cef/screenshot - {}
RESULT: {"using":"xpath","value":"//span[contains(@title, \"Remove\")]"}
COMMAND: POST /session/59746a33121488b03cb28927e3139cef/element/f.683367EF064D6F54A1F942EA8E2F8118.d.2ED8A614E438F770C21AD7CAB229BA81.e.7694/click - {}
RESULT: {}
RESULT: {}
COMMAND: GET /session/59746a33121488b03cb28927e3139cef/screenshot - {}
RESULT: {}
COMMAND: POST /session/59746a33121488b03cb28927e3139cef/execute/async - {"script":"<script> [1562 bytes]","args":[{"selector":{"id":"application-managepartners-display-component---masterPtm--catalogs-arrow"},"wdio_ui5_key":"applicationmanagepartners-display-component---masterPtm--catalogs-arrow"}]}
RESULT: {"script":"<script> [1562 bytes]","args":[{"selector":{"id":"application-managepartners-display-component---masterPtm--catalogs-arrow"},"wdio_ui5_key":"applicationmanagepartners-display-component---masterPtm--catalogs-arrow"}]}
RESULT: undefined
COMMAND: POST /session/59746a33121488b03cb28927e3139cef/element - {"using":"xpath","value":"//*[@id=\"application-managepartners-display-component---masterPtm--catalogs-arrow\"]"}
RESULT: {"using":"xpath","value":"//*[@id=\"application-managepartners-display-component---masterPtm--catalogs-arrow\"]"}
COMMAND: POST /session/59746a33121488b03cb28927e3139cef/element/f.683367EF064D6F54A1F942EA8E2F8118.d.2ED8A614E438F770C21AD7CAB229BA81.e.7746/click - {}
RESULT: {}
COMMAND: GET /session/59746a33121488b03cb28927e3139cef/screenshot - {}
RESULT: {}
COMMAND: POST /session/59746a33121488b03cb28927e3139cef/element - {"using":"xpath","value":"//li[.//span[text()=\"Webshop Catalog\"]]//div[contains(@class,\"sapMCbBg\")]"}
RESULT: {"using":"xpath","value":"//li[.//span[text()=\"Webshop Catalog\"]]//div[contains(@class,\"sapMCbBg\")]"}
COMMAND: POST /session/59746a33121488b03cb28927e3139cef/element/f.683367EF064D6F54A1F942EA8E2F8118.d.2ED8A614E438F770C21AD7CAB229BA81.e.7758/click - {}
RESULT: {}
COMMAND: GET /session/59746a33121488b03cb28927e3139cef/screenshot - {}
RESULT: {}
RESULT: undefined
COMMAND: POST /session/59746a33121488b03cb28927e3139cef/element - {"using":"xpath","value":"//*[@id=\"application-managepartners-display-component---masterPtm--catalogs-arrow\"]"}
RESULT: {"using":"xpath","value":"//*[@id=\"application-managepartners-display-component---masterPtm--catalogs-arrow\"]"}
COMMAND: POST /session/59746a33121488b03cb28927e3139cef/element/f.683367EF064D6F54A1F942EA8E2F8118.d.2ED8A614E438F770C21AD7CAB229BA81.e.7746/click - {}
RESULT: {}
COMMAND: POST /session/59746a33121488b03cb28927e3139cef/element - {"using":"xpath","value":"//span[@id=\"application-managepartners-display-component---masterPtm--smartTable-header-inner\"]"}
COMMAND: GET /session/59746a33121488b03cb28927e3139cef/screenshot - {}
RESULT: {"using":"xpath","value":"//span[@id=\"application-managepartners-display-component---masterPtm--smartTable-header-inner\"]"}
COMMAND: POST /session/59746a33121488b03cb28927e3139cef/elements - {"using":"xpath","value":"//span[@id=\"application-managepartners-display-component---masterPtm--smartTable-header-inner\"]"}
RESULT: {}
RESULT: {"using":"xpath","value":"//span[@id=\"application-managepartners-display-component---masterPtm--smartTable-header-inner\"]"}
COMMAND: POST /session/59746a33121488b03cb28927e3139cef/execute/sync - {"script":"<script> [56 bytes]","args":[{"element-6066-11e4-a52e-4f735466cecf":"f.683367EF064D6F54A1F942EA8E2F8118.d.2ED8A614E438F770C21AD7CAB229BA81.e.7339","ELEMENT":"f.683367EF064D6F54A1F942EA8E2F8118.d.2ED8A614E438F770C21AD7CAB229BA81.e.7339"}]}
RESULT: {"script":"<script> [56 bytes]","args":[{"element-6066-11e4-a52e-4f735466cecf":"f.683367EF064D6F54A1F942EA8E2F8118.d.2ED8A614E438F770C21AD7CAB229BA81.e.7339","ELEMENT":"f.683367EF064D6F54A1F942EA8E2F8118.d.2ED8A614E438F770C21AD7CAB229BA81.e.7339"}]}
COMMAND: POST /session/59746a33121488b03cb28927e3139cef/element - {"using":"xpath","value":"//span[contains(@title, \"Remove\")]"}
COMMAND: GET /session/59746a33121488b03cb28927e3139cef/screenshot - {}
RESULT: {"using":"xpath","value":"//span[contains(@title, \"Remove\")]"}
COMMAND: POST /session/59746a33121488b03cb28927e3139cef/element/f.683367EF064D6F54A1F942EA8E2F8118.d.2ED8A614E438F770C21AD7CAB229BA81.e.7773/click - {}
RESULT: {}
RESULT: {}
COMMAND: GET /session/59746a33121488b03cb28927e3139cef/screenshot - {}
RESULT: {}
COMMAND: POST /session/59746a33121488b03cb28927e3139cef/execute/async - {"script":"<script> [1562 bytes]","args":[{"selector":{"id":"application-managepartners-display-component---masterPtm--currencies-arrow"},"wdio_ui5_key":"applicationmanagepartners-display-component---masterPtm--currencies-arrow"}]}
RESULT: {"script":"<script> [1562 bytes]","args":[{"selector":{"id":"application-managepartners-display-component---masterPtm--currencies-arrow"},"wdio_ui5_key":"applicationmanagepartners-display-component---masterPtm--currencies-arrow"}]}
RESULT: undefined
COMMAND: POST /session/59746a33121488b03cb28927e3139cef/element - {"using":"xpath","value":"//*[@id=\"application-managepartners-display-component---masterPtm--currencies-arrow\"]"}
RESULT: {"using":"xpath","value":"//*[@id=\"application-managepartners-display-component---masterPtm--currencies-arrow\"]"}
COMMAND: POST /session/59746a33121488b03cb28927e3139cef/element/f.683367EF064D6F54A1F942EA8E2F8118.d.2ED8A614E438F770C21AD7CAB229BA81.e.7836/click - {}
RESULT: {}
COMMAND: GET /session/59746a33121488b03cb28927e3139cef/screenshot - {}
RESULT: {}
COMMAND: POST /session/59746a33121488b03cb28927e3139cef/element - {"using":"xpath","value":"//li[.//span[text()=\"US Dollar\"]]//div[contains(@class,\"sapMCbBg\")]"}
RESULT: {"using":"xpath","value":"//li[.//span[text()=\"US Dollar\"]]//div[contains(@class,\"sapMCbBg\")]"}
COMMAND: POST /session/59746a33121488b03cb28927e3139cef/element/f.683367EF064D6F54A1F942EA8E2F8118.d.2ED8A614E438F770C21AD7CAB229BA81.e.7839/click - {}
RESULT: {}
COMMAND: GET /session/59746a33121488b03cb28927e3139cef/screenshot - {}
RESULT: {}
RESULT: undefined
COMMAND: POST /session/59746a33121488b03cb28927e3139cef/element - {"using":"xpath","value":"//*[@id=\"application-managepartners-display-component---masterPtm--currencies-arrow\"]"}
RESULT: {"using":"xpath","value":"//*[@id=\"application-managepartners-display-component---masterPtm--currencies-arrow\"]"}
COMMAND: POST /session/59746a33121488b03cb28927e3139cef/element/f.683367EF064D6F54A1F942EA8E2F8118.d.2ED8A614E438F770C21AD7CAB229BA81.e.7836/click - {}
RESULT: {}
COMMAND: POST /session/59746a33121488b03cb28927e3139cef/element - {"using":"xpath","value":"//span[@id=\"application-managepartners-display-component---masterPtm--smartTable-header-inner\"]"}
COMMAND: GET /session/59746a33121488b03cb28927e3139cef/screenshot - {}
RESULT: {"using":"xpath","value":"//span[@id=\"application-managepartners-display-component---masterPtm--smartTable-header-inner\"]"}
COMMAND: POST /session/59746a33121488b03cb28927e3139cef/elements - {"using":"xpath","value":"//span[@id=\"application-managepartners-display-component---masterPtm--smartTable-header-inner\"]"}
RESULT: {}
RESULT: {"using":"xpath","value":"//span[@id=\"application-managepartners-display-component---masterPtm--smartTable-header-inner\"]"}
COMMAND: POST /session/59746a33121488b03cb28927e3139cef/execute/sync - {"script":"<script> [56 bytes]","args":[{"element-6066-11e4-a52e-4f735466cecf":"f.683367EF064D6F54A1F942EA8E2F8118.d.2ED8A614E438F770C21AD7CAB229BA81.e.7339","ELEMENT":"f.683367EF064D6F54A1F942EA8E2F8118.d.2ED8A614E438F770C21AD7CAB229BA81.e.7339"}]}
RESULT: {"script":"<script> [56 bytes]","args":[{"element-6066-11e4-a52e-4f735466cecf":"f.683367EF064D6F54A1F942EA8E2F8118.d.2ED8A614E438F770C21AD7CAB229BA81.e.7339","ELEMENT":"f.683367EF064D6F54A1F942EA8E2F8118.d.2ED8A614E438F770C21AD7CAB229BA81.e.7339"}]}
COMMAND: POST /session/59746a33121488b03cb28927e3139cef/element - {"using":"xpath","value":"//span[contains(@title, \"Remove\")]"}
COMMAND: GET /session/59746a33121488b03cb28927e3139cef/screenshot - {}
RESULT: {"using":"xpath","value":"//span[contains(@title, \"Remove\")]"}
COMMAND: POST /session/59746a33121488b03cb28927e3139cef/element/f.683367EF064D6F54A1F942EA8E2F8118.d.2ED8A614E438F770C21AD7CAB229BA81.e.7862/click - {}
RESULT: {}
RESULT: {}
COMMAND: GET /session/59746a33121488b03cb28927e3139cef/screenshot - {}
RESULT: {}
COMMAND: POST /session/59746a33121488b03cb28927e3139cef/execute/async - {"script":"<script> [1562 bytes]","args":[{"selector":{"id":"application-managepartners-display-component---masterPtm--languages-arrow"},"wdio_ui5_key":"applicationmanagepartners-display-component---masterPtm--languages-arrow"}]}
RESULT: {"script":"<script> [1562 bytes]","args":[{"selector":{"id":"application-managepartners-display-component---masterPtm--languages-arrow"},"wdio_ui5_key":"applicationmanagepartners-display-component---masterPtm--languages-arrow"}]}
RESULT: undefined
COMMAND: POST /session/59746a33121488b03cb28927e3139cef/element - {"using":"xpath","value":"//*[@id=\"application-managepartners-display-component---masterPtm--languages-arrow\"]"}
RESULT: {"using":"xpath","value":"//*[@id=\"application-managepartners-display-component---masterPtm--languages-arrow\"]"}
COMMAND: POST /session/59746a33121488b03cb28927e3139cef/element/f.683367EF064D6F54A1F942EA8E2F8118.d.2ED8A614E438F770C21AD7CAB229BA81.e.7916/click - {}
RESULT: {}
COMMAND: GET /session/59746a33121488b03cb28927e3139cef/screenshot - {}
RESULT: {}
COMMAND: POST /session/59746a33121488b03cb28927e3139cef/element - {"using":"xpath","value":"//li[.//span[text()=\"German\"]]//div[contains(@class,\"sapMCbBg\")]"}
RESULT: {"using":"xpath","value":"//li[.//span[text()=\"German\"]]//div[contains(@class,\"sapMCbBg\")]"}
COMMAND: POST /session/59746a33121488b03cb28927e3139cef/element/f.683367EF064D6F54A1F942EA8E2F8118.d.2ED8A614E438F770C21AD7CAB229BA81.e.7960/click - {}
RESULT: {}
COMMAND: GET /session/59746a33121488b03cb28927e3139cef/screenshot - {}
RESULT: {}
RESULT: undefined
COMMAND: POST /session/59746a33121488b03cb28927e3139cef/element - {"using":"xpath","value":"//*[@id=\"application-managepartners-display-component---masterPtm--languages-arrow\"]"}
RESULT: {"using":"xpath","value":"//*[@id=\"application-managepartners-display-component---masterPtm--languages-arrow\"]"}
COMMAND: POST /session/59746a33121488b03cb28927e3139cef/element/f.683367EF064D6F54A1F942EA8E2F8118.d.2ED8A614E438F770C21AD7CAB229BA81.e.7916/click - {}
RESULT: {}
COMMAND: POST /session/59746a33121488b03cb28927e3139cef/element - {"using":"xpath","value":"//span[@id=\"application-managepartners-display-component---masterPtm--smartTable-header-inner\"]"}
COMMAND: GET /session/59746a33121488b03cb28927e3139cef/screenshot - {}
RESULT: {"using":"xpath","value":"//span[@id=\"application-managepartners-display-component---masterPtm--smartTable-header-inner\"]"}
COMMAND: POST /session/59746a33121488b03cb28927e3139cef/elements - {"using":"xpath","value":"//span[@id=\"application-managepartners-display-component---masterPtm--smartTable-header-inner\"]"}
RESULT: {}
RESULT: {"using":"xpath","value":"//span[@id=\"application-managepartners-display-component---masterPtm--smartTable-header-inner\"]"}
COMMAND: POST /session/59746a33121488b03cb28927e3139cef/execute/sync - {"script":"<script> [56 bytes]","args":[{"element-6066-11e4-a52e-4f735466cecf":"f.683367EF064D6F54A1F942EA8E2F8118.d.2ED8A614E438F770C21AD7CAB229BA81.e.7339","ELEMENT":"f.683367EF064D6F54A1F942EA8E2F8118.d.2ED8A614E438F770C21AD7CAB229BA81.e.7339"}]}
RESULT: {"script":"<script> [56 bytes]","args":[{"element-6066-11e4-a52e-4f735466cecf":"f.683367EF064D6F54A1F942EA8E2F8118.d.2ED8A614E438F770C21AD7CAB229BA81.e.7339","ELEMENT":"f.683367EF064D6F54A1F942EA8E2F8118.d.2ED8A614E438F770C21AD7CAB229BA81.e.7339"}]}
COMMAND: POST /session/59746a33121488b03cb28927e3139cef/element - {"using":"css selector","value":"#shell-header-logo"}
COMMAND: GET /session/59746a33121488b03cb28927e3139cef/screenshot - {}
RESULT: {"using":"css selector","value":"#shell-header-logo"}
COMMAND: POST /session/59746a33121488b03cb28927e3139cef/element/f.683367EF064D6F54A1F942EA8E2F8118.d.2ED8A614E438F770C21AD7CAB229BA81.e.7230/click - {}
RESULT: {}
RESULT: {}
COMMAND: GET /session/59746a33121488b03cb28927e3139cef/screenshot - {}
RESULT: {}
COMMAND: POST /session/59746a33121488b03cb28927e3139cef/element - {"using":"css selector","value":"#j_username"}
COMMAND: POST /session/59746a33121488b03cb28927e3139cef/url - {"url":"https://qa-testing-00-live-etm-ui.cfapps.eu10-004.hana.ondemand.com/"}
COMMAND: GET /session/59746a33121488b03cb28927e3139cef/screenshot - {}
RESULT: {"using":"css selector","value":"#j_username"}
COMMAND: POST /session/59746a33121488b03cb28927e3139cef/element - {"using":"css selector","value":"#j_username"}
RESULT: {"url":"https://qa-testing-00-live-etm-ui.cfapps.eu10-004.hana.ondemand.com/"}
RESULT: undefined
COMMAND: GET /session/59746a33121488b03cb28927e3139cef/screenshot - {}
RESULT: {}
RESULT: {"using":"css selector","value":"#j_username"}
COMMAND: POST /session/59746a33121488b03cb28927e3139cef/element - {"using":"css selector","value":"#shell-header-logo"}
RESULT: {}
RESULT: {"using":"css selector","value":"#shell-header-logo"}
COMMAND: POST /session/59746a33121488b03cb28927e3139cef/execute/sync - {"script":"<script> [8489 bytes]","args":[{"element-6066-11e4-a52e-4f735466cecf":"f.683367EF064D6F54A1F942EA8E2F8118.d.C24452D8AFDF088717478BDCEE86708E.e.8043","ELEMENT":"f.683367EF064D6F54A1F942EA8E2F8118.d.C24452D8AFDF088717478BDCEE86708E.e.8043"}]}
RESULT: {"script":"<script> [8489 bytes]","args":[{"element-6066-11e4-a52e-4f735466cecf":"f.683367EF064D6F54A1F942EA8E2F8118.d.C24452D8AFDF088717478BDCEE86708E.e.8043","ELEMENT":"f.683367EF064D6F54A1F942EA8E2F8118.d.C24452D8AFDF088717478BDCEE86708E.e.8043"}]}
COMMAND: POST /session/59746a33121488b03cb28927e3139cef/element - {"using":"css selector","value":"#shell-header-logo"}
COMMAND: GET /session/59746a33121488b03cb28927e3139cef/screenshot - {}
RESULT: {"using":"css selector","value":"#shell-header-logo"}
COMMAND: POST /session/59746a33121488b03cb28927e3139cef/execute/sync - {"script":"<script> [8489 bytes]","args":[{"element-6066-11e4-a52e-4f735466cecf":"f.683367EF064D6F54A1F942EA8E2F8118.d.C24452D8AFDF088717478BDCEE86708E.e.8043","ELEMENT":"f.683367EF064D6F54A1F942EA8E2F8118.d.C24452D8AFDF088717478BDCEE86708E.e.8043"}]}
RESULT: {}
RESULT: {"script":"<script> [8489 bytes]","args":[{"element-6066-11e4-a52e-4f735466cecf":"f.683367EF064D6F54A1F942EA8E2F8118.d.C24452D8AFDF088717478BDCEE86708E.e.8043","ELEMENT":"f.683367EF064D6F54A1F942EA8E2F8118.d.C24452D8AFDF088717478BDCEE86708E.e.8043"}]}
COMMAND: POST /session/59746a33121488b03cb28927e3139cef/execute/sync - {"script":"<script> [5351 bytes]","args":[{"element-6066-11e4-a52e-4f735466cecf":"f.683367EF064D6F54A1F942EA8E2F8118.d.C24452D8AFDF088717478BDCEE86708E.e.8043","ELEMENT":"f.683367EF064D6F54A1F942EA8E2F8118.d.C24452D8AFDF088717478BDCEE86708E.e.8043"}]}
COMMAND: GET /session/59746a33121488b03cb28927e3139cef/screenshot - {}
RESULT: {"script":"<script> [5351 bytes]","args":[{"element-6066-11e4-a52e-4f735466cecf":"f.683367EF064D6F54A1F942EA8E2F8118.d.C24452D8AFDF088717478BDCEE86708E.e.8043","ELEMENT":"f.683367EF064D6F54A1F942EA8E2F8118.d.C24452D8AFDF088717478BDCEE86708E.e.8043"}]}
COMMAND: POST /session/59746a33121488b03cb28927e3139cef/element - {"using":"css selector","value":"#shell-header-logo"}
COMMAND: GET /session/59746a33121488b03cb28927e3139cef/screenshot - {}
RESULT: {}
RESULT: {"using":"css selector","value":"#shell-header-logo"}
COMMAND: POST /session/59746a33121488b03cb28927e3139cef/element/f.683367EF064D6F54A1F942EA8E2F8118.d.C24452D8AFDF088717478BDCEE86708E.e.8043/click - {}
RESULT: {}
RESULT: {}
COMMAND: GET /session/59746a33121488b03cb28927e3139cef/screenshot - {}
RESULT: {}
COMMAND: POST /session/59746a33121488b03cb28927e3139cef/execute/async - {"script":"<script> [189 bytes]","args":[]}
RESULT: {"script":"<script> [189 bytes]","args":[]}
COMMAND: POST /session/59746a33121488b03cb28927e3139cef/execute/async - {"script":"<script> [123 bytes]","args":[]}
RESULT: {"script":"<script> [123 bytes]","args":[]}
COMMAND: POST /session/59746a33121488b03cb28927e3139cef/timeouts - {"script":"<number>"}
RESULT: {"script":"<number>"}
COMMAND: GET /session/59746a33121488b03cb28927e3139cef/timeouts - {}
RESULT: {}
RESULT: undefined
COMMAND: POST /session/59746a33121488b03cb28927e3139cef/execute/async - {"script":"<script> [2676 bytes]","args":[]}
RESULT: {"script":"<script> [2676 bytes]","args":[]}
COMMAND: POST /session/59746a33121488b03cb28927e3139cef/execute/async - {"script":"<script> [2342 bytes]","args":[{"protocol":"http","hostname":"0.0.0.0","path":"/","capabilities":{"browserName":"chrome","goog:chromeOptions":{"binary":"C:\\Program Files\\Google\\Chrome\\Application\\chrome.exe","args":["--start-maximized"]}},"logLevel":"warn","connectionRetryTimeout":120000,"connectionRetryCount":3,"logLevels":{},"enableDirectConnect":true,"strictSSL":true,"_":"65 more keys: [\"cacheDir\",\"port\",\"requestedCapabilities\",\"automationProtocol\",\"baseUrl\",\"waitforInterval\",\"waitforTimeout\",\"onReload\",\"beforeCommand\",\"afterCommand\",\"rootDir\",\"specs\",\"suites\",\"exclude\",\"groupLogsByTestSpec\",\"excludeDriverLogs\",\"bail\",\"framework\",\"reporters\",\"services\",\"maxInstances\",\"maxInstancesPerCapability\",\"injectGlobals\",\"filesToWatch\",\"execArgv\",\"runnerEnv\",\"runner\",\"shard\",\"specFileRetries\",\"specFileRetriesDelay\",\"specFileRetriesDeferred\",\"reporterSyncInterval\",\"reporterSyncTimeout\",\"cucumberFeaturesWithLineNumbers\",\"autoCompileOpts\",\"mochaOpts\",\"jasmineOpts\",\"cucumberOpts\",\"onPrepare\",\"onWorkerStart\",\"onWorkerEnd\",\"before\",\"beforeSession\",\"beforeSuite\",\"beforeHook\",\"beforeTest\",\"afterTest\",\"afterHook\",\"afterSuite\",\"afterSession\",\"after\",\"onComplete\",\"beforeAssertion\",\"afterAssertion\",\"beforeFeature\",\"beforeScenario\",\"beforeStep\",\"afterStep\",\"afterScenario\",\"afterFeature\",\"_\",\"suite\",\"$0\",\"ignoredWorkerServices\",\"wdi5\"]"}]}
RESULT: {"script":"<script> [2342 bytes]","args":[{"protocol":"http","hostname":"0.0.0.0","path":"/","capabilities":{"browserName":"chrome","goog:chromeOptions":{"binary":"C:\\Program Files\\Google\\Chrome\\Application\\chrome.exe","args":["--start-maximized"]}},"logLevel":"warn","connectionRetryTimeout":120000,"connectionRetryCount":3,"logLevels":{},"enableDirectConnect":true,"strictSSL":true,"_":"65 more keys: [\"cacheDir\",\"port\",\"requestedCapabilities\",\"automationProtocol\",\"baseUrl\",\"waitforInterval\",\"waitforTimeout\",\"onReload\",\"beforeCommand\",\"afterCommand\",\"rootDir\",\"specs\",\"suites\",\"exclude\",\"groupLogsByTestSpec\",\"excludeDriverLogs\",\"bail\",\"framework\",\"reporters\",\"services\",\"maxInstances\",\"maxInstancesPerCapability\",\"injectGlobals\",\"filesToWatch\",\"execArgv\",\"runnerEnv\",\"runner\",\"shard\",\"specFileRetries\",\"specFileRetriesDelay\",\"specFileRetriesDeferred\",\"reporterSyncInterval\",\"reporterSyncTimeout\",\"cucumberFeaturesWithLineNumbers\",\"autoCompileOpts\",\"mochaOpts\",\"jasmineOpts\",\"cucumberOpts\",\"onPrepare\",\"onWorkerStart\",\"onWorkerEnd\",\"before\",\"beforeSession\",\"beforeSuite\",\"beforeHook\",\"beforeTest\",\"afterTest\",\"afterHook\",\"afterSuite\",\"afterSession\",\"after\",\"onComplete\",\"beforeAssertion\",\"afterAssertion\",\"beforeFeature\",\"beforeScenario\",\"beforeStep\",\"afterStep\",\"afterScenario\",\"afterFeature\",\"_\",\"suite\",\"$0\",\"ignoredWorkerServices\",\"wdi5\"]"}]}
COMMAND: POST /session/59746a33121488b03cb28927e3139cef/execute/async - {"script":"<script> [21126 bytes]","args":[35000]}
RESULT: {"script":"<script> [21126 bytes]","args":[35000]}
COMMAND: POST /session/59746a33121488b03cb28927e3139cef/window/maximize - {}
RESULT: {}
COMMAND: POST /session/59746a33121488b03cb28927e3139cef/execute/async - {"script":"<script> [1562 bytes]","args":[{"selector":{"id":"shell-header","interaction":{"idSuffix":"icon"}},"wdio_ui5_key":"shellheader"}]}
COMMAND: GET /session/59746a33121488b03cb28927e3139cef/screenshot - {}
RESULT: {"script":"<script> [1562 bytes]","args":[{"selector":{"id":"shell-header","interaction":{"idSuffix":"icon"}},"wdio_ui5_key":"shellheader"}]}
RESULT: undefined
COMMAND: POST /session/59746a33121488b03cb28927e3139cef/refresh - {}
RESULT: {}
RESULT: {}
COMMAND: GET /session/59746a33121488b03cb28927e3139cef/screenshot - {}
RESULT: {}
COMMAND: POST /session/59746a33121488b03cb28927e3139cef/refresh - {}
RESULT: {}
COMMAND: GET /session/59746a33121488b03cb28927e3139cef/screenshot - {}
RESULT: {}
COMMAND: POST /session/59746a33121488b03cb28927e3139cef/window/fullscreen - {}
RESULT: {}
COMMAND: POST /session/59746a33121488b03cb28927e3139cef/execute/async - {"script":"<script> [189 bytes]","args":[]}
RESULT: {"script":"<script> [189 bytes]","args":[]}
COMMAND: POST /session/59746a33121488b03cb28927e3139cef/execute/async - {"script":"<script> [123 bytes]","args":[]}
RESULT: {"script":"<script> [123 bytes]","args":[]}
COMMAND: POST /session/59746a33121488b03cb28927e3139cef/timeouts - {"script":"<number>"}
RESULT: {"script":"<number>"}
COMMAND: GET /session/59746a33121488b03cb28927e3139cef/timeouts - {}
RESULT: {}
RESULT: undefined
COMMAND: POST /session/59746a33121488b03cb28927e3139cef/execute/async - {"script":"<script> [2676 bytes]","args":[]}
RESULT: {"script":"<script> [2676 bytes]","args":[]}
COMMAND: POST /session/59746a33121488b03cb28927e3139cef/execute/async - {"script":"<script> [2342 bytes]","args":[{"protocol":"http","hostname":"0.0.0.0","path":"/","capabilities":{"browserName":"chrome","goog:chromeOptions":{"binary":"C:\\Program Files\\Google\\Chrome\\Application\\chrome.exe","args":["--start-maximized"]}},"logLevel":"warn","connectionRetryTimeout":120000,"connectionRetryCount":3,"logLevels":{},"enableDirectConnect":true,"strictSSL":true,"_":"65 more keys: [\"cacheDir\",\"port\",\"requestedCapabilities\",\"automationProtocol\",\"baseUrl\",\"waitforInterval\",\"waitforTimeout\",\"onReload\",\"beforeCommand\",\"afterCommand\",\"rootDir\",\"specs\",\"suites\",\"exclude\",\"groupLogsByTestSpec\",\"excludeDriverLogs\",\"bail\",\"framework\",\"reporters\",\"services\",\"maxInstances\",\"maxInstancesPerCapability\",\"injectGlobals\",\"filesToWatch\",\"execArgv\",\"runnerEnv\",\"runner\",\"shard\",\"specFileRetries\",\"specFileRetriesDelay\",\"specFileRetriesDeferred\",\"reporterSyncInterval\",\"reporterSyncTimeout\",\"cucumberFeaturesWithLineNumbers\",\"autoCompileOpts\",\"mochaOpts\",\"jasmineOpts\",\"cucumberOpts\",\"onPrepare\",\"onWorkerStart\",\"onWorkerEnd\",\"before\",\"beforeSession\",\"beforeSuite\",\"beforeHook\",\"beforeTest\",\"afterTest\",\"afterHook\",\"afterSuite\",\"afterSession\",\"after\",\"onComplete\",\"beforeAssertion\",\"afterAssertion\",\"beforeFeature\",\"beforeScenario\",\"beforeStep\",\"afterStep\",\"afterScenario\",\"afterFeature\",\"_\",\"suite\",\"$0\",\"ignoredWorkerServices\",\"wdi5\"]"}]}
RESULT: {"script":"<script> [2342 bytes]","args":[{"protocol":"http","hostname":"0.0.0.0","path":"/","capabilities":{"browserName":"chrome","goog:chromeOptions":{"binary":"C:\\Program Files\\Google\\Chrome\\Application\\chrome.exe","args":["--start-maximized"]}},"logLevel":"warn","connectionRetryTimeout":120000,"connectionRetryCount":3,"logLevels":{},"enableDirectConnect":true,"strictSSL":true,"_":"65 more keys: [\"cacheDir\",\"port\",\"requestedCapabilities\",\"automationProtocol\",\"baseUrl\",\"waitforInterval\",\"waitforTimeout\",\"onReload\",\"beforeCommand\",\"afterCommand\",\"rootDir\",\"specs\",\"suites\",\"exclude\",\"groupLogsByTestSpec\",\"excludeDriverLogs\",\"bail\",\"framework\",\"reporters\",\"services\",\"maxInstances\",\"maxInstancesPerCapability\",\"injectGlobals\",\"filesToWatch\",\"execArgv\",\"runnerEnv\",\"runner\",\"shard\",\"specFileRetries\",\"specFileRetriesDelay\",\"specFileRetriesDeferred\",\"reporterSyncInterval\",\"reporterSyncTimeout\",\"cucumberFeaturesWithLineNumbers\",\"autoCompileOpts\",\"mochaOpts\",\"jasmineOpts\",\"cucumberOpts\",\"onPrepare\",\"onWorkerStart\",\"onWorkerEnd\",\"before\",\"beforeSession\",\"beforeSuite\",\"beforeHook\",\"beforeTest\",\"afterTest\",\"afterHook\",\"afterSuite\",\"afterSession\",\"after\",\"onComplete\",\"beforeAssertion\",\"afterAssertion\",\"beforeFeature\",\"beforeScenario\",\"beforeStep\",\"afterStep\",\"afterScenario\",\"afterFeature\",\"_\",\"suite\",\"$0\",\"ignoredWorkerServices\",\"wdi5\"]"}]}
COMMAND: POST /session/59746a33121488b03cb28927e3139cef/execute/async - {"script":"<script> [21126 bytes]","args":[35000]}
RESULT: {"script":"<script> [21126 bytes]","args":[35000]}
]]></system-out>
    </testcase>
  </testsuite>
  <testsuite timestamp="2025-05-13T07:32:32" time="502.469" tests="4" failures="0" errors="0" skipped="0">
    <properties>
      <property name="specId" value="0" />
      <property name="suiteName" value="Create partner US118246" />
      <property name="capabilities" value="chrome.136_0_7103_49.windows" />
      <property name="file" value="file:///D:/a/1/s/test/specs/BTS/create-partner.spec.js" />
    </properties>
    <testcase classname="chrome.136_0_7103_49.windows.Create_partner_US118246" name="Should create a new yard in case create yard failed" time="142.473">
      <system-out><![CDATA[
COMMAND: POST /session/59746a33121488b03cb28927e3139cef/window/fullscreen - {}
RESULT: {}
COMMAND: POST /session/59746a33121488b03cb28927e3139cef/execute/async - {"script":"<script> [1562 bytes]","args":[{"selector":{"controlType":"sap.m.GenericTile","properties":{"header":"Manage Yards"}},"wdio_ui5_key":"sapm.GenericTile{\"header\":\"Manage Yards\"}"}]}
RESULT: {"script":"<script> [1562 bytes]","args":[{"selector":{"controlType":"sap.m.GenericTile","properties":{"header":"Manage Yards"}},"wdio_ui5_key":"sapm.GenericTile{\"header\":\"Manage Yards\"}"}]}
RESULT: undefined
COMMAND: POST /session/59746a33121488b03cb28927e3139cef/element - {"using":"xpath","value":"//*[@id=\"__tile41\"]"}
RESULT: {"using":"xpath","value":"//*[@id=\"__tile41\"]"}
COMMAND: POST /session/59746a33121488b03cb28927e3139cef/element/f.683367EF064D6F54A1F942EA8E2F8118.d.2AC284A772D497798317692B20263DAF.e.8193/click - {}
RESULT: {}
COMMAND: POST /session/59746a33121488b03cb28927e3139cef/element - {"using":"xpath","value":"//button[@data-kt=\"addNewYardOverflowToolbarButton\"]"}
COMMAND: GET /session/59746a33121488b03cb28927e3139cef/screenshot - {}
RESULT: {"using":"xpath","value":"//button[@data-kt=\"addNewYardOverflowToolbarButton\"]"}
COMMAND: POST /session/59746a33121488b03cb28927e3139cef/elements - {"using":"xpath","value":"//button[@data-kt=\"addNewYardOverflowToolbarButton\"]"}
RESULT: {}
RESULT: {"using":"xpath","value":"//button[@data-kt=\"addNewYardOverflowToolbarButton\"]"}
COMMAND: POST /session/59746a33121488b03cb28927e3139cef/elements - {"using":"xpath","value":"//button[@data-kt=\"addNewYardOverflowToolbarButton\"]"}
RESULT: {"using":"xpath","value":"//button[@data-kt=\"addNewYardOverflowToolbarButton\"]"}
COMMAND: POST /session/59746a33121488b03cb28927e3139cef/elements - {"using":"xpath","value":"//button[@data-kt=\"addNewYardOverflowToolbarButton\"]"}
RESULT: {"using":"xpath","value":"//button[@data-kt=\"addNewYardOverflowToolbarButton\"]"}
COMMAND: POST /session/59746a33121488b03cb28927e3139cef/elements - {"using":"xpath","value":"//button[@data-kt=\"addNewYardOverflowToolbarButton\"]"}
RESULT: {"using":"xpath","value":"//button[@data-kt=\"addNewYardOverflowToolbarButton\"]"}
COMMAND: POST /session/59746a33121488b03cb28927e3139cef/elements - {"using":"xpath","value":"//button[@data-kt=\"addNewYardOverflowToolbarButton\"]"}
RESULT: {"using":"xpath","value":"//button[@data-kt=\"addNewYardOverflowToolbarButton\"]"}
COMMAND: POST /session/59746a33121488b03cb28927e3139cef/elements - {"using":"xpath","value":"//button[@data-kt=\"addNewYardOverflowToolbarButton\"]"}
RESULT: {"using":"xpath","value":"//button[@data-kt=\"addNewYardOverflowToolbarButton\"]"}
COMMAND: POST /session/59746a33121488b03cb28927e3139cef/elements - {"using":"xpath","value":"//button[@data-kt=\"addNewYardOverflowToolbarButton\"]"}
RESULT: {"using":"xpath","value":"//button[@data-kt=\"addNewYardOverflowToolbarButton\"]"}
COMMAND: POST /session/59746a33121488b03cb28927e3139cef/elements - {"using":"xpath","value":"//button[@data-kt=\"addNewYardOverflowToolbarButton\"]"}
RESULT: {"using":"xpath","value":"//button[@data-kt=\"addNewYardOverflowToolbarButton\"]"}
COMMAND: POST /session/59746a33121488b03cb28927e3139cef/elements - {"using":"xpath","value":"//button[@data-kt=\"addNewYardOverflowToolbarButton\"]"}
RESULT: {"using":"xpath","value":"//button[@data-kt=\"addNewYardOverflowToolbarButton\"]"}
COMMAND: POST /session/59746a33121488b03cb28927e3139cef/elements - {"using":"xpath","value":"//button[@data-kt=\"addNewYardOverflowToolbarButton\"]"}
RESULT: {"using":"xpath","value":"//button[@data-kt=\"addNewYardOverflowToolbarButton\"]"}
COMMAND: POST /session/59746a33121488b03cb28927e3139cef/elements - {"using":"xpath","value":"//button[@data-kt=\"addNewYardOverflowToolbarButton\"]"}
RESULT: {"using":"xpath","value":"//button[@data-kt=\"addNewYardOverflowToolbarButton\"]"}
COMMAND: POST /session/59746a33121488b03cb28927e3139cef/elements - {"using":"xpath","value":"//button[@data-kt=\"addNewYardOverflowToolbarButton\"]"}
RESULT: {"using":"xpath","value":"//button[@data-kt=\"addNewYardOverflowToolbarButton\"]"}
COMMAND: POST /session/59746a33121488b03cb28927e3139cef/elements - {"using":"xpath","value":"//button[@data-kt=\"addNewYardOverflowToolbarButton\"]"}
RESULT: {"using":"xpath","value":"//button[@data-kt=\"addNewYardOverflowToolbarButton\"]"}
COMMAND: POST /session/59746a33121488b03cb28927e3139cef/elements - {"using":"xpath","value":"//button[@data-kt=\"addNewYardOverflowToolbarButton\"]"}
RESULT: {"using":"xpath","value":"//button[@data-kt=\"addNewYardOverflowToolbarButton\"]"}
COMMAND: POST /session/59746a33121488b03cb28927e3139cef/elements - {"using":"xpath","value":"//button[@data-kt=\"addNewYardOverflowToolbarButton\"]"}
RESULT: {"using":"xpath","value":"//button[@data-kt=\"addNewYardOverflowToolbarButton\"]"}
COMMAND: POST /session/59746a33121488b03cb28927e3139cef/elements - {"using":"xpath","value":"//button[@data-kt=\"addNewYardOverflowToolbarButton\"]"}
RESULT: {"using":"xpath","value":"//button[@data-kt=\"addNewYardOverflowToolbarButton\"]"}
COMMAND: POST /session/59746a33121488b03cb28927e3139cef/elements - {"using":"xpath","value":"//button[@data-kt=\"addNewYardOverflowToolbarButton\"]"}
RESULT: {"using":"xpath","value":"//button[@data-kt=\"addNewYardOverflowToolbarButton\"]"}
COMMAND: POST /session/59746a33121488b03cb28927e3139cef/elements - {"using":"xpath","value":"//button[@data-kt=\"addNewYardOverflowToolbarButton\"]"}
RESULT: {"using":"xpath","value":"//button[@data-kt=\"addNewYardOverflowToolbarButton\"]"}
COMMAND: POST /session/59746a33121488b03cb28927e3139cef/elements - {"using":"xpath","value":"//button[@data-kt=\"addNewYardOverflowToolbarButton\"]"}
RESULT: {"using":"xpath","value":"//button[@data-kt=\"addNewYardOverflowToolbarButton\"]"}
COMMAND: POST /session/59746a33121488b03cb28927e3139cef/elements - {"using":"xpath","value":"//button[@data-kt=\"addNewYardOverflowToolbarButton\"]"}
RESULT: {"using":"xpath","value":"//button[@data-kt=\"addNewYardOverflowToolbarButton\"]"}
COMMAND: POST /session/59746a33121488b03cb28927e3139cef/elements - {"using":"xpath","value":"//button[@data-kt=\"addNewYardOverflowToolbarButton\"]"}
RESULT: {"using":"xpath","value":"//button[@data-kt=\"addNewYardOverflowToolbarButton\"]"}
COMMAND: POST /session/59746a33121488b03cb28927e3139cef/elements - {"using":"xpath","value":"//button[@data-kt=\"addNewYardOverflowToolbarButton\"]"}
RESULT: {"using":"xpath","value":"//button[@data-kt=\"addNewYardOverflowToolbarButton\"]"}
COMMAND: POST /session/59746a33121488b03cb28927e3139cef/elements - {"using":"xpath","value":"//button[@data-kt=\"addNewYardOverflowToolbarButton\"]"}
RESULT: {"using":"xpath","value":"//button[@data-kt=\"addNewYardOverflowToolbarButton\"]"}
COMMAND: POST /session/59746a33121488b03cb28927e3139cef/elements - {"using":"xpath","value":"//button[@data-kt=\"addNewYardOverflowToolbarButton\"]"}
RESULT: {"using":"xpath","value":"//button[@data-kt=\"addNewYardOverflowToolbarButton\"]"}
COMMAND: POST /session/59746a33121488b03cb28927e3139cef/elements - {"using":"xpath","value":"//button[@data-kt=\"addNewYardOverflowToolbarButton\"]"}
RESULT: {"using":"xpath","value":"//button[@data-kt=\"addNewYardOverflowToolbarButton\"]"}
COMMAND: POST /session/59746a33121488b03cb28927e3139cef/elements - {"using":"xpath","value":"//button[@data-kt=\"addNewYardOverflowToolbarButton\"]"}
RESULT: {"using":"xpath","value":"//button[@data-kt=\"addNewYardOverflowToolbarButton\"]"}
COMMAND: POST /session/59746a33121488b03cb28927e3139cef/elements - {"using":"xpath","value":"//button[@data-kt=\"addNewYardOverflowToolbarButton\"]"}
RESULT: {"using":"xpath","value":"//button[@data-kt=\"addNewYardOverflowToolbarButton\"]"}
COMMAND: POST /session/59746a33121488b03cb28927e3139cef/elements - {"using":"xpath","value":"//button[@data-kt=\"addNewYardOverflowToolbarButton\"]"}
RESULT: {"using":"xpath","value":"//button[@data-kt=\"addNewYardOverflowToolbarButton\"]"}
COMMAND: POST /session/59746a33121488b03cb28927e3139cef/elements - {"using":"xpath","value":"//button[@data-kt=\"addNewYardOverflowToolbarButton\"]"}
RESULT: {"using":"xpath","value":"//button[@data-kt=\"addNewYardOverflowToolbarButton\"]"}
COMMAND: POST /session/59746a33121488b03cb28927e3139cef/elements - {"using":"xpath","value":"//button[@data-kt=\"addNewYardOverflowToolbarButton\"]"}
RESULT: {"using":"xpath","value":"//button[@data-kt=\"addNewYardOverflowToolbarButton\"]"}
COMMAND: POST /session/59746a33121488b03cb28927e3139cef/elements - {"using":"xpath","value":"//button[@data-kt=\"addNewYardOverflowToolbarButton\"]"}
RESULT: {"using":"xpath","value":"//button[@data-kt=\"addNewYardOverflowToolbarButton\"]"}
COMMAND: POST /session/59746a33121488b03cb28927e3139cef/elements - {"using":"xpath","value":"//button[@data-kt=\"addNewYardOverflowToolbarButton\"]"}
RESULT: {"using":"xpath","value":"//button[@data-kt=\"addNewYardOverflowToolbarButton\"]"}
COMMAND: POST /session/59746a33121488b03cb28927e3139cef/elements - {"using":"xpath","value":"//button[@data-kt=\"addNewYardOverflowToolbarButton\"]"}
RESULT: {"using":"xpath","value":"//button[@data-kt=\"addNewYardOverflowToolbarButton\"]"}
COMMAND: POST /session/59746a33121488b03cb28927e3139cef/elements - {"using":"xpath","value":"//button[@data-kt=\"addNewYardOverflowToolbarButton\"]"}
RESULT: {"using":"xpath","value":"//button[@data-kt=\"addNewYardOverflowToolbarButton\"]"}
COMMAND: POST /session/59746a33121488b03cb28927e3139cef/elements - {"using":"xpath","value":"//button[@data-kt=\"addNewYardOverflowToolbarButton\"]"}
RESULT: {"using":"xpath","value":"//button[@data-kt=\"addNewYardOverflowToolbarButton\"]"}
COMMAND: POST /session/59746a33121488b03cb28927e3139cef/elements - {"using":"xpath","value":"//button[@data-kt=\"addNewYardOverflowToolbarButton\"]"}
RESULT: {"using":"xpath","value":"//button[@data-kt=\"addNewYardOverflowToolbarButton\"]"}
COMMAND: POST /session/59746a33121488b03cb28927e3139cef/elements - {"using":"xpath","value":"//button[@data-kt=\"addNewYardOverflowToolbarButton\"]"}
RESULT: {"using":"xpath","value":"//button[@data-kt=\"addNewYardOverflowToolbarButton\"]"}
COMMAND: POST /session/59746a33121488b03cb28927e3139cef/elements - {"using":"xpath","value":"//button[@data-kt=\"addNewYardOverflowToolbarButton\"]"}
RESULT: {"using":"xpath","value":"//button[@data-kt=\"addNewYardOverflowToolbarButton\"]"}
COMMAND: POST /session/59746a33121488b03cb28927e3139cef/elements - {"using":"xpath","value":"//button[@data-kt=\"addNewYardOverflowToolbarButton\"]"}
RESULT: {"using":"xpath","value":"//button[@data-kt=\"addNewYardOverflowToolbarButton\"]"}
COMMAND: POST /session/59746a33121488b03cb28927e3139cef/elements - {"using":"xpath","value":"//button[@data-kt=\"addNewYardOverflowToolbarButton\"]"}
RESULT: {"using":"xpath","value":"//button[@data-kt=\"addNewYardOverflowToolbarButton\"]"}
COMMAND: POST /session/59746a33121488b03cb28927e3139cef/elements - {"using":"xpath","value":"//button[@data-kt=\"addNewYardOverflowToolbarButton\"]"}
RESULT: {"using":"xpath","value":"//button[@data-kt=\"addNewYardOverflowToolbarButton\"]"}
COMMAND: POST /session/59746a33121488b03cb28927e3139cef/elements - {"using":"xpath","value":"//button[@data-kt=\"addNewYardOverflowToolbarButton\"]"}
RESULT: {"using":"xpath","value":"//button[@data-kt=\"addNewYardOverflowToolbarButton\"]"}
COMMAND: POST /session/59746a33121488b03cb28927e3139cef/elements - {"using":"xpath","value":"//button[@data-kt=\"addNewYardOverflowToolbarButton\"]"}
RESULT: {"using":"xpath","value":"//button[@data-kt=\"addNewYardOverflowToolbarButton\"]"}
COMMAND: POST /session/59746a33121488b03cb28927e3139cef/elements - {"using":"xpath","value":"//button[@data-kt=\"addNewYardOverflowToolbarButton\"]"}
RESULT: {"using":"xpath","value":"//button[@data-kt=\"addNewYardOverflowToolbarButton\"]"}
COMMAND: POST /session/59746a33121488b03cb28927e3139cef/elements - {"using":"xpath","value":"//button[@data-kt=\"addNewYardOverflowToolbarButton\"]"}
RESULT: {"using":"xpath","value":"//button[@data-kt=\"addNewYardOverflowToolbarButton\"]"}
COMMAND: POST /session/59746a33121488b03cb28927e3139cef/elements - {"using":"xpath","value":"//button[@data-kt=\"addNewYardOverflowToolbarButton\"]"}
RESULT: {"using":"xpath","value":"//button[@data-kt=\"addNewYardOverflowToolbarButton\"]"}
COMMAND: POST /session/59746a33121488b03cb28927e3139cef/elements - {"using":"xpath","value":"//button[@data-kt=\"addNewYardOverflowToolbarButton\"]"}
RESULT: {"using":"xpath","value":"//button[@data-kt=\"addNewYardOverflowToolbarButton\"]"}
COMMAND: POST /session/59746a33121488b03cb28927e3139cef/elements - {"using":"xpath","value":"//button[@data-kt=\"addNewYardOverflowToolbarButton\"]"}
RESULT: {"using":"xpath","value":"//button[@data-kt=\"addNewYardOverflowToolbarButton\"]"}
COMMAND: POST /session/59746a33121488b03cb28927e3139cef/elements - {"using":"xpath","value":"//button[@data-kt=\"addNewYardOverflowToolbarButton\"]"}
RESULT: {"using":"xpath","value":"//button[@data-kt=\"addNewYardOverflowToolbarButton\"]"}
COMMAND: POST /session/59746a33121488b03cb28927e3139cef/elements - {"using":"xpath","value":"//button[@data-kt=\"addNewYardOverflowToolbarButton\"]"}
RESULT: {"using":"xpath","value":"//button[@data-kt=\"addNewYardOverflowToolbarButton\"]"}
COMMAND: POST /session/59746a33121488b03cb28927e3139cef/elements - {"using":"xpath","value":"//button[@data-kt=\"addNewYardOverflowToolbarButton\"]"}
RESULT: {"using":"xpath","value":"//button[@data-kt=\"addNewYardOverflowToolbarButton\"]"}
COMMAND: POST /session/59746a33121488b03cb28927e3139cef/elements - {"using":"xpath","value":"//button[@data-kt=\"addNewYardOverflowToolbarButton\"]"}
RESULT: {"using":"xpath","value":"//button[@data-kt=\"addNewYardOverflowToolbarButton\"]"}
COMMAND: POST /session/59746a33121488b03cb28927e3139cef/elements - {"using":"xpath","value":"//button[@data-kt=\"addNewYardOverflowToolbarButton\"]"}
RESULT: {"using":"xpath","value":"//button[@data-kt=\"addNewYardOverflowToolbarButton\"]"}
COMMAND: POST /session/59746a33121488b03cb28927e3139cef/elements - {"using":"xpath","value":"//button[@data-kt=\"addNewYardOverflowToolbarButton\"]"}
RESULT: {"using":"xpath","value":"//button[@data-kt=\"addNewYardOverflowToolbarButton\"]"}
COMMAND: POST /session/59746a33121488b03cb28927e3139cef/elements - {"using":"xpath","value":"//button[@data-kt=\"addNewYardOverflowToolbarButton\"]"}
RESULT: {"using":"xpath","value":"//button[@data-kt=\"addNewYardOverflowToolbarButton\"]"}
COMMAND: POST /session/59746a33121488b03cb28927e3139cef/elements - {"using":"xpath","value":"//button[@data-kt=\"addNewYardOverflowToolbarButton\"]"}
RESULT: {"using":"xpath","value":"//button[@data-kt=\"addNewYardOverflowToolbarButton\"]"}
COMMAND: POST /session/59746a33121488b03cb28927e3139cef/element - {"using":"xpath","value":"//button[@data-kt=\"addNewYardOverflowToolbarButton\"]"}
RESULT: {"using":"xpath","value":"//button[@data-kt=\"addNewYardOverflowToolbarButton\"]"}
COMMAND: POST /session/59746a33121488b03cb28927e3139cef/execute/sync - {"script":"<script> [8489 bytes]","args":[{"element-6066-11e4-a52e-4f735466cecf":"f.683367EF064D6F54A1F942EA8E2F8118.d.2AC284A772D497798317692B20263DAF.e.8323","ELEMENT":"f.683367EF064D6F54A1F942EA8E2F8118.d.2AC284A772D497798317692B20263DAF.e.8323"}]}
RESULT: {"script":"<script> [8489 bytes]","args":[{"element-6066-11e4-a52e-4f735466cecf":"f.683367EF064D6F54A1F942EA8E2F8118.d.2AC284A772D497798317692B20263DAF.e.8323","ELEMENT":"f.683367EF064D6F54A1F942EA8E2F8118.d.2AC284A772D497798317692B20263DAF.e.8323"}]}
COMMAND: GET /session/59746a33121488b03cb28927e3139cef/element/f.683367EF064D6F54A1F942EA8E2F8118.d.2AC284A772D497798317692B20263DAF.e.8323/enabled - {}
COMMAND: GET /session/59746a33121488b03cb28927e3139cef/screenshot - {}
RESULT: {}
COMMAND: POST /session/59746a33121488b03cb28927e3139cef/execute/sync - {"script":"<script> [8489 bytes]","args":[{"element-6066-11e4-a52e-4f735466cecf":"f.683367EF064D6F54A1F942EA8E2F8118.d.2AC284A772D497798317692B20263DAF.e.8323","ELEMENT":"f.683367EF064D6F54A1F942EA8E2F8118.d.2AC284A772D497798317692B20263DAF.e.8323"}]}
COMMAND: GET /session/59746a33121488b03cb28927e3139cef/screenshot - {}
RESULT: {}
RESULT: {"script":"<script> [8489 bytes]","args":[{"element-6066-11e4-a52e-4f735466cecf":"f.683367EF064D6F54A1F942EA8E2F8118.d.2AC284A772D497798317692B20263DAF.e.8323","ELEMENT":"f.683367EF064D6F54A1F942EA8E2F8118.d.2AC284A772D497798317692B20263DAF.e.8323"}]}
COMMAND: POST /session/59746a33121488b03cb28927e3139cef/execute/sync - {"script":"<script> [5351 bytes]","args":[{"element-6066-11e4-a52e-4f735466cecf":"f.683367EF064D6F54A1F942EA8E2F8118.d.2AC284A772D497798317692B20263DAF.e.8323","ELEMENT":"f.683367EF064D6F54A1F942EA8E2F8118.d.2AC284A772D497798317692B20263DAF.e.8323"}]}
COMMAND: GET /session/59746a33121488b03cb28927e3139cef/screenshot - {}
RESULT: {}
RESULT: {"script":"<script> [5351 bytes]","args":[{"element-6066-11e4-a52e-4f735466cecf":"f.683367EF064D6F54A1F942EA8E2F8118.d.2AC284A772D497798317692B20263DAF.e.8323","ELEMENT":"f.683367EF064D6F54A1F942EA8E2F8118.d.2AC284A772D497798317692B20263DAF.e.8323"}]}
COMMAND: POST /session/59746a33121488b03cb28927e3139cef/element/f.683367EF064D6F54A1F942EA8E2F8118.d.2AC284A772D497798317692B20263DAF.e.8323/click - {}
COMMAND: GET /session/59746a33121488b03cb28927e3139cef/screenshot - {}
RESULT: {}
RESULT: {}
COMMAND: GET /session/59746a33121488b03cb28927e3139cef/screenshot - {}
COMMAND: POST /session/59746a33121488b03cb28927e3139cef/element - {"using":"xpath","value":"//input[@id=\"application-manageyards-display-component---NewYard--yardId-inner\"]"}
RESULT: {}
RESULT: {}
RESULT: {"using":"xpath","value":"//input[@id=\"application-manageyards-display-component---NewYard--yardId-inner\"]"}
COMMAND: POST /session/59746a33121488b03cb28927e3139cef/element - {"using":"xpath","value":"//input[@id=\"application-manageyards-display-component---NewYard--yardId-inner\"]"}
RESULT: {"using":"xpath","value":"//input[@id=\"application-manageyards-display-component---NewYard--yardId-inner\"]"}
COMMAND: POST /session/59746a33121488b03cb28927e3139cef/execute/async - {"script":"<script> [1562 bytes]","args":[{"selector":{"id":"application-manageyards-display-component---NewYard--addressDetailDetailsName1","interaction":{"idSuffix":"inner"}},"wdio_ui5_key":"applicationmanageyards-display-component---NewYard--addressDetailDetailsName1"}]}
RESULT: {"script":"<script> [1562 bytes]","args":[{"selector":{"id":"application-manageyards-display-component---NewYard--addressDetailDetailsName1","interaction":{"idSuffix":"inner"}},"wdio_ui5_key":"applicationmanageyards-display-component---NewYard--addressDetailDetailsName1"}]}
RESULT: undefined
COMMAND: POST /session/59746a33121488b03cb28927e3139cef/execute/async - {"script":"<script> [776 bytes]","args":[{"enterText":"Intracompany Yard wdIO","selector":{"id":"application-manageyards-display-component---NewYard--addressDetailDetailsName1","interaction":{"idSuffix":"inner"}},"clearTextFirst":true,"interactionType":"ENTER_TEXT"}]}
RESULT: {"script":"<script> [776 bytes]","args":[{"enterText":"Intracompany Yard wdIO","selector":{"id":"application-manageyards-display-component---NewYard--addressDetailDetailsName1","interaction":{"idSuffix":"inner"}},"clearTextFirst":true,"interactionType":"ENTER_TEXT"}]}
COMMAND: POST /session/59746a33121488b03cb28927e3139cef/execute/async - {"script":"<script> [1562 bytes]","args":[{"selector":{"id":"application-manageyards-display-component---NewYard--addressDetailDetailsLanguage-arrow"},"wdio_ui5_key":"applicationmanageyards-display-component---NewYard--addressDetailDetailsLanguage-arrow"}]}
RESULT: {"script":"<script> [1562 bytes]","args":[{"selector":{"id":"application-manageyards-display-component---NewYard--addressDetailDetailsLanguage-arrow"},"wdio_ui5_key":"applicationmanageyards-display-component---NewYard--addressDetailDetailsLanguage-arrow"}]}
RESULT: undefined
COMMAND: POST /session/59746a33121488b03cb28927e3139cef/element - {"using":"xpath","value":"//*[@id=\"application-manageyards-display-component---NewYard--addressDetailDetailsLanguage-arrow\"]"}
RESULT: {"using":"xpath","value":"//*[@id=\"application-manageyards-display-component---NewYard--addressDetailDetailsLanguage-arrow\"]"}
COMMAND: POST /session/59746a33121488b03cb28927e3139cef/element/f.683367EF064D6F54A1F942EA8E2F8118.d.2AC284A772D497798317692B20263DAF.e.8755/click - {}
RESULT: {}
COMMAND: POST /session/59746a33121488b03cb28927e3139cef/element - {"using":"xpath","value":"//span[contains(text(), \"English\")]"}
COMMAND: GET /session/59746a33121488b03cb28927e3139cef/screenshot - {}
RESULT: {"using":"xpath","value":"//span[contains(text(), \"English\")]"}
COMMAND: POST /session/59746a33121488b03cb28927e3139cef/element/f.683367EF064D6F54A1F942EA8E2F8118.d.2AC284A772D497798317692B20263DAF.e.8756/click - {}
RESULT: {}
RESULT: {}
COMMAND: POST /session/59746a33121488b03cb28927e3139cef/execute/async - {"script":"<script> [1562 bytes]","args":[{"selector":{"id":"application-manageyards-display-component---NewYard--addressDetailDetailsCity1","interaction":{"idSuffix":"inner"}},"wdio_ui5_key":"applicationmanageyards-display-component---NewYard--addressDetailDetailsCity1"}]}
COMMAND: GET /session/59746a33121488b03cb28927e3139cef/screenshot - {}
RESULT: {"script":"<script> [1562 bytes]","args":[{"selector":{"id":"application-manageyards-display-component---NewYard--addressDetailDetailsCity1","interaction":{"idSuffix":"inner"}},"wdio_ui5_key":"applicationmanageyards-display-component---NewYard--addressDetailDetailsCity1"}]}
RESULT: undefined
COMMAND: POST /session/59746a33121488b03cb28927e3139cef/execute/async - {"script":"<script> [776 bytes]","args":[{"enterText":"Rosario","selector":{"id":"application-manageyards-display-component---NewYard--addressDetailDetailsCity1","interaction":{"idSuffix":"inner"}},"clearTextFirst":true,"interactionType":"ENTER_TEXT"}]}
RESULT: {}
RESULT: {"script":"<script> [776 bytes]","args":[{"enterText":"Rosario","selector":{"id":"application-manageyards-display-component---NewYard--addressDetailDetailsCity1","interaction":{"idSuffix":"inner"}},"clearTextFirst":true,"interactionType":"ENTER_TEXT"}]}
COMMAND: POST /session/59746a33121488b03cb28927e3139cef/execute/async - {"script":"<script> [1562 bytes]","args":[{"selector":{"id":"application-manageyards-display-component---NewYard--addressDetailDetailsCountry-arrow"},"wdio_ui5_key":"applicationmanageyards-display-component---NewYard--addressDetailDetailsCountry-arrow"}]}
RESULT: {"script":"<script> [1562 bytes]","args":[{"selector":{"id":"application-manageyards-display-component---NewYard--addressDetailDetailsCountry-arrow"},"wdio_ui5_key":"applicationmanageyards-display-component---NewYard--addressDetailDetailsCountry-arrow"}]}
RESULT: undefined
COMMAND: POST /session/59746a33121488b03cb28927e3139cef/element - {"using":"xpath","value":"//*[@id=\"application-manageyards-display-component---NewYard--addressDetailDetailsCountry-arrow\"]"}
RESULT: {"using":"xpath","value":"//*[@id=\"application-manageyards-display-component---NewYard--addressDetailDetailsCountry-arrow\"]"}
COMMAND: POST /session/59746a33121488b03cb28927e3139cef/element/f.683367EF064D6F54A1F942EA8E2F8118.d.2AC284A772D497798317692B20263DAF.e.8758/click - {}
RESULT: {}
COMMAND: POST /session/59746a33121488b03cb28927e3139cef/element - {"using":"xpath","value":"//span[contains(text(), \"Argentina\")]"}
COMMAND: GET /session/59746a33121488b03cb28927e3139cef/screenshot - {}
RESULT: {"using":"xpath","value":"//span[contains(text(), \"Argentina\")]"}
COMMAND: POST /session/59746a33121488b03cb28927e3139cef/element/f.683367EF064D6F54A1F942EA8E2F8118.d.2AC284A772D497798317692B20263DAF.e.8760/click - {}
RESULT: {}
RESULT: {}
COMMAND: POST /session/59746a33121488b03cb28927e3139cef/execute/async - {"script":"<script> [1562 bytes]","args":[{"selector":{"id":"application-manageyards-display-component---NewYard--addressEditDetailsCostObjectCstType-arrow"},"wdio_ui5_key":"applicationmanageyards-display-component---NewYard--addressEditDetailsCostObjectCstType-arrow"}]}
COMMAND: GET /session/59746a33121488b03cb28927e3139cef/screenshot - {}
RESULT: {"script":"<script> [1562 bytes]","args":[{"selector":{"id":"application-manageyards-display-component---NewYard--addressEditDetailsCostObjectCstType-arrow"},"wdio_ui5_key":"applicationmanageyards-display-component---NewYard--addressEditDetailsCostObjectCstType-arrow"}]}
RESULT: undefined
COMMAND: POST /session/59746a33121488b03cb28927e3139cef/element - {"using":"xpath","value":"//*[@id=\"application-manageyards-display-component---NewYard--addressEditDetailsCostObjectCstType-arrow\"]"}
RESULT: {}
RESULT: {"using":"xpath","value":"//*[@id=\"application-manageyards-display-component---NewYard--addressEditDetailsCostObjectCstType-arrow\"]"}
COMMAND: POST /session/59746a33121488b03cb28927e3139cef/element/f.683367EF064D6F54A1F942EA8E2F8118.d.2AC284A772D497798317692B20263DAF.e.8761/click - {}
RESULT: {}
COMMAND: POST /session/59746a33121488b03cb28927e3139cef/element - {"using":"xpath","value":"//span[contains(text(), \"Cost Center\")]"}
COMMAND: GET /session/59746a33121488b03cb28927e3139cef/screenshot - {}
RESULT: {"using":"xpath","value":"//span[contains(text(), \"Cost Center\")]"}
COMMAND: POST /session/59746a33121488b03cb28927e3139cef/element/f.683367EF064D6F54A1F942EA8E2F8118.d.2AC284A772D497798317692B20263DAF.e.8762/click - {}
RESULT: {}
RESULT: {}
COMMAND: GET /session/59746a33121488b03cb28927e3139cef/screenshot - {}
RESULT: {}
COMMAND: POST /session/59746a33121488b03cb28927e3139cef/element - {"using":"xpath","value":"//span[@id=\"application-manageyards-display-component---NewYard--addressNewCostObjectCstID-vhi\"]"}
RESULT: {"using":"xpath","value":"//span[@id=\"application-manageyards-display-component---NewYard--addressNewCostObjectCstID-vhi\"]"}
COMMAND: POST /session/59746a33121488b03cb28927e3139cef/execute/sync - {"script":"<script> [8489 bytes]","args":[{"element-6066-11e4-a52e-4f735466cecf":"f.683367EF064D6F54A1F942EA8E2F8118.d.2AC284A772D497798317692B20263DAF.e.8766","ELEMENT":"f.683367EF064D6F54A1F942EA8E2F8118.d.2AC284A772D497798317692B20263DAF.e.8766"}]}
RESULT: {"script":"<script> [8489 bytes]","args":[{"element-6066-11e4-a52e-4f735466cecf":"f.683367EF064D6F54A1F942EA8E2F8118.d.2AC284A772D497798317692B20263DAF.e.8766","ELEMENT":"f.683367EF064D6F54A1F942EA8E2F8118.d.2AC284A772D497798317692B20263DAF.e.8766"}]}
COMMAND: POST /session/59746a33121488b03cb28927e3139cef/execute/async - {"script":"<script> [1562 bytes]","args":[{"selector":{"id":"application-manageyards-display-component---NewYard--addressNewCostObjectCstID-vhi"},"wdio_ui5_key":"applicationmanageyards-display-component---NewYard--addressNewCostObjectCstID-vhi"}]}
COMMAND: GET /session/59746a33121488b03cb28927e3139cef/screenshot - {}
RESULT: {"script":"<script> [1562 bytes]","args":[{"selector":{"id":"application-manageyards-display-component---NewYard--addressNewCostObjectCstID-vhi"},"wdio_ui5_key":"applicationmanageyards-display-component---NewYard--addressNewCostObjectCstID-vhi"}]}
RESULT: undefined
COMMAND: POST /session/59746a33121488b03cb28927e3139cef/element - {"using":"xpath","value":"//*[@id=\"application-manageyards-display-component---NewYard--addressNewCostObjectCstID-vhi\"]"}
RESULT: {}
RESULT: {"using":"xpath","value":"//*[@id=\"application-manageyards-display-component---NewYard--addressNewCostObjectCstID-vhi\"]"}
COMMAND: POST /session/59746a33121488b03cb28927e3139cef/element/f.683367EF064D6F54A1F942EA8E2F8118.d.2AC284A772D497798317692B20263DAF.e.8766/click - {}
RESULT: {}
COMMAND: GET /session/59746a33121488b03cb28927e3139cef/screenshot - {}
RESULT: {}
COMMAND: POST /session/59746a33121488b03cb28927e3139cef/execute/async - {"script":"<script> [1562 bytes]","args":[{"selector":{"controlType":"sap.m.SearchField","properties":{"placeholder":"Search"},"searchOpenDialogs":true,"interaction":{"idSuffix":"I"}},"wdio_ui5_key":"sapm.SearchField{\"placeholder\":\"Search\"}"}]}
RESULT: {"script":"<script> [1562 bytes]","args":[{"selector":{"controlType":"sap.m.SearchField","properties":{"placeholder":"Search"},"searchOpenDialogs":true,"interaction":{"idSuffix":"I"}},"wdio_ui5_key":"sapm.SearchField{\"placeholder\":\"Search\"}"}]}
RESULT: undefined
COMMAND: POST /session/59746a33121488b03cb28927e3139cef/execute/async - {"script":"<script> [776 bytes]","args":[{"enterText":"10001013","selector":{"controlType":"sap.m.SearchField","properties":{"placeholder":"Search"},"searchOpenDialogs":true,"interaction":{"idSuffix":"I"}},"clearTextFirst":true,"interactionType":"ENTER_TEXT"}]}
RESULT: {"script":"<script> [776 bytes]","args":[{"enterText":"10001013","selector":{"controlType":"sap.m.SearchField","properties":{"placeholder":"Search"},"searchOpenDialogs":true,"interaction":{"idSuffix":"I"}},"clearTextFirst":true,"interactionType":"ENTER_TEXT"}]}
COMMAND: POST /session/59746a33121488b03cb28927e3139cef/actions - {"actions":[{"id":"action35","type":"key","parameters":{},"actions":[{"type":"keyDown","value":"î€‡"},{"type":"pause","duration":10},{"type":"keyUp","value":"î€‡"}]}]}
RESULT: {"actions":[{"id":"action35","type":"key","parameters":{},"actions":[{"type":"keyDown","value":"î€‡"},{"type":"pause","duration":10},{"type":"keyUp","value":"î€‡"}]}]}
COMMAND: GET /session/59746a33121488b03cb28927e3139cef/screenshot - {}
RESULT: {}
COMMAND: POST /session/59746a33121488b03cb28927e3139cef/element - {"using":"xpath","value":"//span[contains(text(), \"General Management\")]"}
RESULT: {"using":"xpath","value":"//span[contains(text(), \"General Management\")]"}
COMMAND: POST /session/59746a33121488b03cb28927e3139cef/element/f.683367EF064D6F54A1F942EA8E2F8118.d.2AC284A772D497798317692B20263DAF.e.8775/click - {}
RESULT: {}
COMMAND: GET /session/59746a33121488b03cb28927e3139cef/screenshot - {}
RESULT: {}
COMMAND: POST /session/59746a33121488b03cb28927e3139cef/element - {"using":"xpath","value":"//bdi[contains(text(), \"OK\")]"}
RESULT: {"using":"xpath","value":"//bdi[contains(text(), \"OK\")]"}
COMMAND: POST /session/59746a33121488b03cb28927e3139cef/element/f.683367EF064D6F54A1F942EA8E2F8118.d.2AC284A772D497798317692B20263DAF.e.8777/click - {}
RESULT: {}
COMMAND: GET /session/59746a33121488b03cb28927e3139cef/screenshot - {}
RESULT: {}
COMMAND: POST /session/59746a33121488b03cb28927e3139cef/execute/async - {"script":"<script> [1562 bytes]","args":[{"selector":{"id":"application-manageyards-display-component---NewYard--addressEditDetailsCurrency-arrow"},"wdio_ui5_key":"applicationmanageyards-display-component---NewYard--addressEditDetailsCurrency-arrow"}]}
RESULT: {"script":"<script> [1562 bytes]","args":[{"selector":{"id":"application-manageyards-display-component---NewYard--addressEditDetailsCurrency-arrow"},"wdio_ui5_key":"applicationmanageyards-display-component---NewYard--addressEditDetailsCurrency-arrow"}]}
RESULT: undefined
COMMAND: POST /session/59746a33121488b03cb28927e3139cef/element - {"using":"xpath","value":"//*[@id=\"application-manageyards-display-component---NewYard--addressEditDetailsCurrency-arrow\"]"}
RESULT: {"using":"xpath","value":"//*[@id=\"application-manageyards-display-component---NewYard--addressEditDetailsCurrency-arrow\"]"}
COMMAND: POST /session/59746a33121488b03cb28927e3139cef/element/f.683367EF064D6F54A1F942EA8E2F8118.d.2AC284A772D497798317692B20263DAF.e.8780/click - {}
RESULT: {}
COMMAND: POST /session/59746a33121488b03cb28927e3139cef/element - {"using":"xpath","value":"//span[contains(text(), \"Euro\")]"}
COMMAND: GET /session/59746a33121488b03cb28927e3139cef/screenshot - {}
RESULT: {"using":"xpath","value":"//span[contains(text(), \"Euro\")]"}
COMMAND: POST /session/59746a33121488b03cb28927e3139cef/element/f.683367EF064D6F54A1F942EA8E2F8118.d.2AC284A772D497798317692B20263DAF.e.8781/click - {}
RESULT: {}
RESULT: {}
COMMAND: POST /session/59746a33121488b03cb28927e3139cef/execute/async - {"script":"<script> [1562 bytes]","args":[{"selector":{"controlType":"sap.m.Input","viewName":"etm.portal.ui.manageyards.view.New","viewId":"application-manageyards-display-component---NewYard","bindingPath":{"path":"","propertyPath":"/CONTROLLING_AREA","modelName":"NewYardModel"},"interaction":{"idSuffix":"inner"}},"wdio_ui5_key":"etmportal.ui.manageyards.view.Newsap.m.Input{\"path\":\"\",\"propertyPath\":\"/CONTROLLING_AREA\",\"modelName\":\"NewYardModel\"}"}]}
COMMAND: GET /session/59746a33121488b03cb28927e3139cef/screenshot - {}
RESULT: {"script":"<script> [1562 bytes]","args":[{"selector":{"controlType":"sap.m.Input","viewName":"etm.portal.ui.manageyards.view.New","viewId":"application-manageyards-display-component---NewYard","bindingPath":{"path":"","propertyPath":"/CONTROLLING_AREA","modelName":"NewYardModel"},"interaction":{"idSuffix":"inner"}},"wdio_ui5_key":"etmportal.ui.manageyards.view.Newsap.m.Input{\"path\":\"\",\"propertyPath\":\"/CONTROLLING_AREA\",\"modelName\":\"NewYardModel\"}"}]}
RESULT: undefined
COMMAND: POST /session/59746a33121488b03cb28927e3139cef/execute/async - {"script":"<script> [776 bytes]","args":[{"enterText":"Z001","selector":{"controlType":"sap.m.Input","viewName":"etm.portal.ui.manageyards.view.New","viewId":"application-manageyards-display-component---NewYard","bindingPath":{"path":"","propertyPath":"/CONTROLLING_AREA","modelName":"NewYardModel"},"interaction":{"idSuffix":"inner"}},"clearTextFirst":true,"interactionType":"ENTER_TEXT"}]}
RESULT: {}
RESULT: {"script":"<script> [776 bytes]","args":[{"enterText":"Z001","selector":{"controlType":"sap.m.Input","viewName":"etm.portal.ui.manageyards.view.New","viewId":"application-manageyards-display-component---NewYard","bindingPath":{"path":"","propertyPath":"/CONTROLLING_AREA","modelName":"NewYardModel"},"interaction":{"idSuffix":"inner"}},"clearTextFirst":true,"interactionType":"ENTER_TEXT"}]}
COMMAND: POST /session/59746a33121488b03cb28927e3139cef/execute/async - {"script":"<script> [1562 bytes]","args":[{"selector":{"id":"application-manageyards-display-component---NewYard--companyCodeComboBox","interaction":{"idSuffix":"inner"}},"wdio_ui5_key":"applicationmanageyards-display-component---NewYard--companyCodeComboBox"}]}
RESULT: {"script":"<script> [1562 bytes]","args":[{"selector":{"id":"application-manageyards-display-component---NewYard--companyCodeComboBox","interaction":{"idSuffix":"inner"}},"wdio_ui5_key":"applicationmanageyards-display-component---NewYard--companyCodeComboBox"}]}
RESULT: undefined
COMMAND: POST /session/59746a33121488b03cb28927e3139cef/execute/async - {"script":"<script> [776 bytes]","args":[{"enterText":"1000","selector":{"id":"application-manageyards-display-component---NewYard--companyCodeComboBox","interaction":{"idSuffix":"inner"}},"clearTextFirst":true,"interactionType":"ENTER_TEXT"}]}
RESULT: {"script":"<script> [776 bytes]","args":[{"enterText":"1000","selector":{"id":"application-manageyards-display-component---NewYard--companyCodeComboBox","interaction":{"idSuffix":"inner"}},"clearTextFirst":true,"interactionType":"ENTER_TEXT"}]}
COMMAND: POST /session/59746a33121488b03cb28927e3139cef/execute/async - {"script":"<script> [1562 bytes]","args":[{"selector":{"controlType":"sap.m.Input","viewName":"etm.portal.ui.manageyards.view.New","viewId":"application-manageyards-display-component---NewYard","bindingPath":{"path":"","propertyPath":"/PLANT","modelName":"NewYardModel"},"interaction":{"idSuffix":"inner"}},"wdio_ui5_key":"etmportal.ui.manageyards.view.Newsap.m.Input{\"path\":\"\",\"propertyPath\":\"/PLANT\",\"modelName\":\"NewYardModel\"}"}]}
RESULT: {"script":"<script> [1562 bytes]","args":[{"selector":{"controlType":"sap.m.Input","viewName":"etm.portal.ui.manageyards.view.New","viewId":"application-manageyards-display-component---NewYard","bindingPath":{"path":"","propertyPath":"/PLANT","modelName":"NewYardModel"},"interaction":{"idSuffix":"inner"}},"wdio_ui5_key":"etmportal.ui.manageyards.view.Newsap.m.Input{\"path\":\"\",\"propertyPath\":\"/PLANT\",\"modelName\":\"NewYardModel\"}"}]}
RESULT: undefined
COMMAND: POST /session/59746a33121488b03cb28927e3139cef/execute/async - {"script":"<script> [776 bytes]","args":[{"enterText":"1001","selector":{"controlType":"sap.m.Input","viewName":"etm.portal.ui.manageyards.view.New","viewId":"application-manageyards-display-component---NewYard","bindingPath":{"path":"","propertyPath":"/PLANT","modelName":"NewYardModel"},"interaction":{"idSuffix":"inner"}},"clearTextFirst":true,"interactionType":"ENTER_TEXT"}]}
RESULT: {"script":"<script> [776 bytes]","args":[{"enterText":"1001","selector":{"controlType":"sap.m.Input","viewName":"etm.portal.ui.manageyards.view.New","viewId":"application-manageyards-display-component---NewYard","bindingPath":{"path":"","propertyPath":"/PLANT","modelName":"NewYardModel"},"interaction":{"idSuffix":"inner"}},"clearTextFirst":true,"interactionType":"ENTER_TEXT"}]}
COMMAND: POST /session/59746a33121488b03cb28927e3139cef/execute/async - {"script":"<script> [1562 bytes]","args":[{"selector":{"controlType":"sap.m.Input","viewName":"etm.portal.ui.manageyards.view.New","viewId":"application-manageyards-display-component---NewYard","bindingPath":{"path":"","propertyPath":"/SALES_AREA_VKORG","modelName":"NewYardModel"},"interaction":{"idSuffix":"inner"}},"wdio_ui5_key":"etmportal.ui.manageyards.view.Newsap.m.Input{\"path\":\"\",\"propertyPath\":\"/SALES_AREA_VKORG\",\"modelName\":\"NewYardModel\"}"}]}
RESULT: {"script":"<script> [1562 bytes]","args":[{"selector":{"controlType":"sap.m.Input","viewName":"etm.portal.ui.manageyards.view.New","viewId":"application-manageyards-display-component---NewYard","bindingPath":{"path":"","propertyPath":"/SALES_AREA_VKORG","modelName":"NewYardModel"},"interaction":{"idSuffix":"inner"}},"wdio_ui5_key":"etmportal.ui.manageyards.view.Newsap.m.Input{\"path\":\"\",\"propertyPath\":\"/SALES_AREA_VKORG\",\"modelName\":\"NewYardModel\"}"}]}
RESULT: undefined
COMMAND: POST /session/59746a33121488b03cb28927e3139cef/execute/async - {"script":"<script> [776 bytes]","args":[{"enterText":"C002","selector":{"controlType":"sap.m.Input","viewName":"etm.portal.ui.manageyards.view.New","viewId":"application-manageyards-display-component---NewYard","bindingPath":{"path":"","propertyPath":"/SALES_AREA_VKORG","modelName":"NewYardModel"},"interaction":{"idSuffix":"inner"}},"clearTextFirst":true,"interactionType":"ENTER_TEXT"}]}
RESULT: {"script":"<script> [776 bytes]","args":[{"enterText":"C002","selector":{"controlType":"sap.m.Input","viewName":"etm.portal.ui.manageyards.view.New","viewId":"application-manageyards-display-component---NewYard","bindingPath":{"path":"","propertyPath":"/SALES_AREA_VKORG","modelName":"NewYardModel"},"interaction":{"idSuffix":"inner"}},"clearTextFirst":true,"interactionType":"ENTER_TEXT"}]}
COMMAND: POST /session/59746a33121488b03cb28927e3139cef/execute/async - {"script":"<script> [1562 bytes]","args":[{"selector":{"controlType":"sap.m.Input","viewName":"etm.portal.ui.manageyards.view.New","viewId":"application-manageyards-display-component---NewYard","bindingPath":{"path":"","propertyPath":"/SALES_AREA_VTWEG","modelName":"NewYardModel"},"interaction":{"idSuffix":"inner"}},"wdio_ui5_key":"etmportal.ui.manageyards.view.Newsap.m.Input{\"path\":\"\",\"propertyPath\":\"/SALES_AREA_VTWEG\",\"modelName\":\"NewYardModel\"}"}]}
RESULT: {"script":"<script> [1562 bytes]","args":[{"selector":{"controlType":"sap.m.Input","viewName":"etm.portal.ui.manageyards.view.New","viewId":"application-manageyards-display-component---NewYard","bindingPath":{"path":"","propertyPath":"/SALES_AREA_VTWEG","modelName":"NewYardModel"},"interaction":{"idSuffix":"inner"}},"wdio_ui5_key":"etmportal.ui.manageyards.view.Newsap.m.Input{\"path\":\"\",\"propertyPath\":\"/SALES_AREA_VTWEG\",\"modelName\":\"NewYardModel\"}"}]}
RESULT: undefined
COMMAND: POST /session/59746a33121488b03cb28927e3139cef/execute/async - {"script":"<script> [776 bytes]","args":[{"enterText":"C2","selector":{"controlType":"sap.m.Input","viewName":"etm.portal.ui.manageyards.view.New","viewId":"application-manageyards-display-component---NewYard","bindingPath":{"path":"","propertyPath":"/SALES_AREA_VTWEG","modelName":"NewYardModel"},"interaction":{"idSuffix":"inner"}},"clearTextFirst":true,"interactionType":"ENTER_TEXT"}]}
RESULT: {"script":"<script> [776 bytes]","args":[{"enterText":"C2","selector":{"controlType":"sap.m.Input","viewName":"etm.portal.ui.manageyards.view.New","viewId":"application-manageyards-display-component---NewYard","bindingPath":{"path":"","propertyPath":"/SALES_AREA_VTWEG","modelName":"NewYardModel"},"interaction":{"idSuffix":"inner"}},"clearTextFirst":true,"interactionType":"ENTER_TEXT"}]}
COMMAND: POST /session/59746a33121488b03cb28927e3139cef/execute/async - {"script":"<script> [1562 bytes]","args":[{"selector":{"controlType":"sap.m.Input","viewName":"etm.portal.ui.manageyards.view.New","viewId":"application-manageyards-display-component---NewYard","bindingPath":{"path":"","propertyPath":"/SALES_AREA_SPART","modelName":"NewYardModel"},"interaction":{"idSuffix":"inner"}},"wdio_ui5_key":"etmportal.ui.manageyards.view.Newsap.m.Input{\"path\":\"\",\"propertyPath\":\"/SALES_AREA_SPART\",\"modelName\":\"NewYardModel\"}"}]}
RESULT: {"script":"<script> [1562 bytes]","args":[{"selector":{"controlType":"sap.m.Input","viewName":"etm.portal.ui.manageyards.view.New","viewId":"application-manageyards-display-component---NewYard","bindingPath":{"path":"","propertyPath":"/SALES_AREA_SPART","modelName":"NewYardModel"},"interaction":{"idSuffix":"inner"}},"wdio_ui5_key":"etmportal.ui.manageyards.view.Newsap.m.Input{\"path\":\"\",\"propertyPath\":\"/SALES_AREA_SPART\",\"modelName\":\"NewYardModel\"}"}]}
RESULT: undefined
COMMAND: POST /session/59746a33121488b03cb28927e3139cef/execute/async - {"script":"<script> [776 bytes]","args":[{"enterText":"C2","selector":{"controlType":"sap.m.Input","viewName":"etm.portal.ui.manageyards.view.New","viewId":"application-manageyards-display-component---NewYard","bindingPath":{"path":"","propertyPath":"/SALES_AREA_SPART","modelName":"NewYardModel"},"interaction":{"idSuffix":"inner"}},"clearTextFirst":true,"interactionType":"ENTER_TEXT"}]}
RESULT: {"script":"<script> [776 bytes]","args":[{"enterText":"C2","selector":{"controlType":"sap.m.Input","viewName":"etm.portal.ui.manageyards.view.New","viewId":"application-manageyards-display-component---NewYard","bindingPath":{"path":"","propertyPath":"/SALES_AREA_SPART","modelName":"NewYardModel"},"interaction":{"idSuffix":"inner"}},"clearTextFirst":true,"interactionType":"ENTER_TEXT"}]}
COMMAND: POST /session/59746a33121488b03cb28927e3139cef/execute/async - {"script":"<script> [1562 bytes]","args":[{"selector":{"controlType":"sap.m.Input","viewName":"etm.portal.ui.manageyards.view.New","viewId":"application-manageyards-display-component---NewYard","bindingPath":{"path":"","propertyPath":"/SHIP_POINT","modelName":"NewYardModel"},"interaction":{"idSuffix":"inner"}},"wdio_ui5_key":"etmportal.ui.manageyards.view.Newsap.m.Input{\"path\":\"\",\"propertyPath\":\"/SHIP_POINT\",\"modelName\":\"NewYardModel\"}"}]}
RESULT: {"script":"<script> [1562 bytes]","args":[{"selector":{"controlType":"sap.m.Input","viewName":"etm.portal.ui.manageyards.view.New","viewId":"application-manageyards-display-component---NewYard","bindingPath":{"path":"","propertyPath":"/SHIP_POINT","modelName":"NewYardModel"},"interaction":{"idSuffix":"inner"}},"wdio_ui5_key":"etmportal.ui.manageyards.view.Newsap.m.Input{\"path\":\"\",\"propertyPath\":\"/SHIP_POINT\",\"modelName\":\"NewYardModel\"}"}]}
RESULT: undefined
COMMAND: POST /session/59746a33121488b03cb28927e3139cef/execute/async - {"script":"<script> [776 bytes]","args":[{"enterText":"1710","selector":{"controlType":"sap.m.Input","viewName":"etm.portal.ui.manageyards.view.New","viewId":"application-manageyards-display-component---NewYard","bindingPath":{"path":"","propertyPath":"/SHIP_POINT","modelName":"NewYardModel"},"interaction":{"idSuffix":"inner"}},"clearTextFirst":true,"interactionType":"ENTER_TEXT"}]}
RESULT: {"script":"<script> [776 bytes]","args":[{"enterText":"1710","selector":{"controlType":"sap.m.Input","viewName":"etm.portal.ui.manageyards.view.New","viewId":"application-manageyards-display-component---NewYard","bindingPath":{"path":"","propertyPath":"/SHIP_POINT","modelName":"NewYardModel"},"interaction":{"idSuffix":"inner"}},"clearTextFirst":true,"interactionType":"ENTER_TEXT"}]}
COMMAND: POST /session/59746a33121488b03cb28927e3139cef/execute/async - {"script":"<script> [1562 bytes]","args":[{"selector":{"controlType":"sap.m.Input","viewName":"etm.portal.ui.manageyards.view.New","viewId":"application-manageyards-display-component---NewYard","bindingPath":{"path":"","propertyPath":"/DELIVERY_TYPE","modelName":"NewYardModel"},"interaction":{"idSuffix":"inner"}},"wdio_ui5_key":"etmportal.ui.manageyards.view.Newsap.m.Input{\"path\":\"\",\"propertyPath\":\"/DELIVERY_TYPE\",\"modelName\":\"NewYardModel\"}"}]}
RESULT: {"script":"<script> [1562 bytes]","args":[{"selector":{"controlType":"sap.m.Input","viewName":"etm.portal.ui.manageyards.view.New","viewId":"application-manageyards-display-component---NewYard","bindingPath":{"path":"","propertyPath":"/DELIVERY_TYPE","modelName":"NewYardModel"},"interaction":{"idSuffix":"inner"}},"wdio_ui5_key":"etmportal.ui.manageyards.view.Newsap.m.Input{\"path\":\"\",\"propertyPath\":\"/DELIVERY_TYPE\",\"modelName\":\"NewYardModel\"}"}]}
RESULT: undefined
COMMAND: POST /session/59746a33121488b03cb28927e3139cef/execute/async - {"script":"<script> [776 bytes]","args":[{"enterText":"ZL01","selector":{"controlType":"sap.m.Input","viewName":"etm.portal.ui.manageyards.view.New","viewId":"application-manageyards-display-component---NewYard","bindingPath":{"path":"","propertyPath":"/DELIVERY_TYPE","modelName":"NewYardModel"},"interaction":{"idSuffix":"inner"}},"clearTextFirst":true,"interactionType":"ENTER_TEXT"}]}
RESULT: {"script":"<script> [776 bytes]","args":[{"enterText":"ZL01","selector":{"controlType":"sap.m.Input","viewName":"etm.portal.ui.manageyards.view.New","viewId":"application-manageyards-display-component---NewYard","bindingPath":{"path":"","propertyPath":"/DELIVERY_TYPE","modelName":"NewYardModel"},"interaction":{"idSuffix":"inner"}},"clearTextFirst":true,"interactionType":"ENTER_TEXT"}]}
COMMAND: POST /session/59746a33121488b03cb28927e3139cef/execute/async - {"script":"<script> [1562 bytes]","args":[{"selector":{"controlType":"sap.m.Input","viewName":"etm.portal.ui.manageyards.view.New","viewId":"application-manageyards-display-component---NewYard","bindingPath":{"path":"","propertyPath":"/AUART","modelName":"NewYardModel"},"interaction":{"idSuffix":"inner"}},"wdio_ui5_key":"etmportal.ui.manageyards.view.Newsap.m.Input{\"path\":\"\",\"propertyPath\":\"/AUART\",\"modelName\":\"NewYardModel\"}"}]}
RESULT: {"script":"<script> [1562 bytes]","args":[{"selector":{"controlType":"sap.m.Input","viewName":"etm.portal.ui.manageyards.view.New","viewId":"application-manageyards-display-component---NewYard","bindingPath":{"path":"","propertyPath":"/AUART","modelName":"NewYardModel"},"interaction":{"idSuffix":"inner"}},"wdio_ui5_key":"etmportal.ui.manageyards.view.Newsap.m.Input{\"path\":\"\",\"propertyPath\":\"/AUART\",\"modelName\":\"NewYardModel\"}"}]}
RESULT: undefined
COMMAND: POST /session/59746a33121488b03cb28927e3139cef/execute/async - {"script":"<script> [776 bytes]","args":[{"enterText":"TA","selector":{"controlType":"sap.m.Input","viewName":"etm.portal.ui.manageyards.view.New","viewId":"application-manageyards-display-component---NewYard","bindingPath":{"path":"","propertyPath":"/AUART","modelName":"NewYardModel"},"interaction":{"idSuffix":"inner"}},"clearTextFirst":true,"interactionType":"ENTER_TEXT"}]}
RESULT: {"script":"<script> [776 bytes]","args":[{"enterText":"TA","selector":{"controlType":"sap.m.Input","viewName":"etm.portal.ui.manageyards.view.New","viewId":"application-manageyards-display-component---NewYard","bindingPath":{"path":"","propertyPath":"/AUART","modelName":"NewYardModel"},"interaction":{"idSuffix":"inner"}},"clearTextFirst":true,"interactionType":"ENTER_TEXT"}]}
COMMAND: POST /session/59746a33121488b03cb28927e3139cef/element - {"using":"xpath","value":"//button[@data-kt=\"newYardSaveButton\"]"}
RESULT: {"using":"xpath","value":"//button[@data-kt=\"newYardSaveButton\"]"}
COMMAND: POST /session/59746a33121488b03cb28927e3139cef/element/f.683367EF064D6F54A1F942EA8E2F8118.d.2AC284A772D497798317692B20263DAF.e.8716/click - {}
RESULT: {}
COMMAND: GET /session/59746a33121488b03cb28927e3139cef/screenshot - {}
RESULT: {}
COMMAND: POST /session/59746a33121488b03cb28927e3139cef/element - {"using":"xpath","value":"//header[contains(@id, 'ObjectPageLayout-headerTitle')]/div[1]/div[2]/div[1]/span[1]"}
RESULT: {"using":"xpath","value":"//header[contains(@id, 'ObjectPageLayout-headerTitle')]/div[1]/div[2]/div[1]/span[1]"}
COMMAND: POST /session/59746a33121488b03cb28927e3139cef/elements - {"using":"xpath","value":"//header[contains(@id, 'ObjectPageLayout-headerTitle')]/div[1]/div[2]/div[1]/span[1]"}
RESULT: {"using":"xpath","value":"//header[contains(@id, 'ObjectPageLayout-headerTitle')]/div[1]/div[2]/div[1]/span[1]"}
COMMAND: POST /session/59746a33121488b03cb28927e3139cef/execute/sync - {"script":"<script> [56 bytes]","args":[{"element-6066-11e4-a52e-4f735466cecf":"f.683367EF064D6F54A1F942EA8E2F8118.d.2AC284A772D497798317692B20263DAF.e.9005","ELEMENT":"f.683367EF064D6F54A1F942EA8E2F8118.d.2AC284A772D497798317692B20263DAF.e.9005"}]}
RESULT: {"script":"<script> [56 bytes]","args":[{"element-6066-11e4-a52e-4f735466cecf":"f.683367EF064D6F54A1F942EA8E2F8118.d.2AC284A772D497798317692B20263DAF.e.9005","ELEMENT":"f.683367EF064D6F54A1F942EA8E2F8118.d.2AC284A772D497798317692B20263DAF.e.9005"}]}
COMMAND: GET /session/59746a33121488b03cb28927e3139cef/screenshot - {}
RESULT: {}
COMMAND: POST /session/59746a33121488b03cb28927e3139cef/element - {"using":"css selector","value":"#shell-header-logo"}
RESULT: {"using":"css selector","value":"#shell-header-logo"}
COMMAND: POST /session/59746a33121488b03cb28927e3139cef/element/f.683367EF064D6F54A1F942EA8E2F8118.d.2AC284A772D497798317692B20263DAF.e.8291/click - {}
RESULT: {}
COMMAND: GET /session/59746a33121488b03cb28927e3139cef/screenshot - {}
RESULT: {}
COMMAND: POST /session/59746a33121488b03cb28927e3139cef/execute/sync - {"script":"<script> [299 bytes]","args":[["getModel","getResource"]]}
RESULT: {"script":"<script> [299 bytes]","args":[["getModel","getResource"]]}
]]></system-out>
    </testcase>
    <testcase classname="chrome.136_0_7103_49.windows.Create_partner_US118246" name="Should create new external partner" time="95.312">
      <system-out><![CDATA[
COMMAND: GET /session/59746a33121488b03cb28927e3139cef/screenshot - {}
COMMAND: POST /session/59746a33121488b03cb28927e3139cef/window/fullscreen - {}
RESULT: {}
RESULT: {}
COMMAND: POST /session/59746a33121488b03cb28927e3139cef/execute/async - {"script":"<script> [1562 bytes]","args":[{"selector":{"controlType":"sap.m.GenericTile","properties":{"header":"Manage Partners"}},"wdio_ui5_key":"sapm.GenericTile{\"header\":\"Manage Partners\"}"}]}
RESULT: {"script":"<script> [1562 bytes]","args":[{"selector":{"controlType":"sap.m.GenericTile","properties":{"header":"Manage Partners"}},"wdio_ui5_key":"sapm.GenericTile{\"header\":\"Manage Partners\"}"}]}
RESULT: undefined
COMMAND: POST /session/59746a33121488b03cb28927e3139cef/element - {"using":"xpath","value":"//*[@id=\"__tile38\"]"}
RESULT: {"using":"xpath","value":"//*[@id=\"__tile38\"]"}
COMMAND: POST /session/59746a33121488b03cb28927e3139cef/element/f.683367EF064D6F54A1F942EA8E2F8118.d.2AC284A772D497798317692B20263DAF.e.8184/click - {}
RESULT: {}
COMMAND: POST /session/59746a33121488b03cb28927e3139cef/element - {"using":"xpath","value":"//button[@data-kt=\"addButton\"]"}
COMMAND: GET /session/59746a33121488b03cb28927e3139cef/screenshot - {}
RESULT: {"using":"xpath","value":"//button[@data-kt=\"addButton\"]"}
COMMAND: POST /session/59746a33121488b03cb28927e3139cef/elements - {"using":"xpath","value":"//button[@data-kt=\"addButton\"]"}
RESULT: {}
RESULT: {"using":"xpath","value":"//button[@data-kt=\"addButton\"]"}
COMMAND: POST /session/59746a33121488b03cb28927e3139cef/elements - {"using":"xpath","value":"//button[@data-kt=\"addButton\"]"}
RESULT: {"using":"xpath","value":"//button[@data-kt=\"addButton\"]"}
COMMAND: POST /session/59746a33121488b03cb28927e3139cef/elements - {"using":"xpath","value":"//button[@data-kt=\"addButton\"]"}
RESULT: {"using":"xpath","value":"//button[@data-kt=\"addButton\"]"}
COMMAND: POST /session/59746a33121488b03cb28927e3139cef/elements - {"using":"xpath","value":"//button[@data-kt=\"addButton\"]"}
RESULT: {"using":"xpath","value":"//button[@data-kt=\"addButton\"]"}
COMMAND: POST /session/59746a33121488b03cb28927e3139cef/elements - {"using":"xpath","value":"//button[@data-kt=\"addButton\"]"}
RESULT: {"using":"xpath","value":"//button[@data-kt=\"addButton\"]"}
COMMAND: POST /session/59746a33121488b03cb28927e3139cef/elements - {"using":"xpath","value":"//button[@data-kt=\"addButton\"]"}
RESULT: {"using":"xpath","value":"//button[@data-kt=\"addButton\"]"}
COMMAND: POST /session/59746a33121488b03cb28927e3139cef/elements - {"using":"xpath","value":"//button[@data-kt=\"addButton\"]"}
RESULT: {"using":"xpath","value":"//button[@data-kt=\"addButton\"]"}
COMMAND: POST /session/59746a33121488b03cb28927e3139cef/elements - {"using":"xpath","value":"//button[@data-kt=\"addButton\"]"}
RESULT: {"using":"xpath","value":"//button[@data-kt=\"addButton\"]"}
COMMAND: POST /session/59746a33121488b03cb28927e3139cef/elements - {"using":"xpath","value":"//button[@data-kt=\"addButton\"]"}
RESULT: {"using":"xpath","value":"//button[@data-kt=\"addButton\"]"}
COMMAND: POST /session/59746a33121488b03cb28927e3139cef/elements - {"using":"xpath","value":"//button[@data-kt=\"addButton\"]"}
RESULT: {"using":"xpath","value":"//button[@data-kt=\"addButton\"]"}
COMMAND: POST /session/59746a33121488b03cb28927e3139cef/elements - {"using":"xpath","value":"//button[@data-kt=\"addButton\"]"}
RESULT: {"using":"xpath","value":"//button[@data-kt=\"addButton\"]"}
COMMAND: POST /session/59746a33121488b03cb28927e3139cef/elements - {"using":"xpath","value":"//button[@data-kt=\"addButton\"]"}
RESULT: {"using":"xpath","value":"//button[@data-kt=\"addButton\"]"}
COMMAND: POST /session/59746a33121488b03cb28927e3139cef/elements - {"using":"xpath","value":"//button[@data-kt=\"addButton\"]"}
RESULT: {"using":"xpath","value":"//button[@data-kt=\"addButton\"]"}
COMMAND: POST /session/59746a33121488b03cb28927e3139cef/elements - {"using":"xpath","value":"//button[@data-kt=\"addButton\"]"}
RESULT: {"using":"xpath","value":"//button[@data-kt=\"addButton\"]"}
COMMAND: POST /session/59746a33121488b03cb28927e3139cef/elements - {"using":"xpath","value":"//button[@data-kt=\"addButton\"]"}
RESULT: {"using":"xpath","value":"//button[@data-kt=\"addButton\"]"}
COMMAND: POST /session/59746a33121488b03cb28927e3139cef/elements - {"using":"xpath","value":"//button[@data-kt=\"addButton\"]"}
RESULT: {"using":"xpath","value":"//button[@data-kt=\"addButton\"]"}
COMMAND: POST /session/59746a33121488b03cb28927e3139cef/elements - {"using":"xpath","value":"//button[@data-kt=\"addButton\"]"}
RESULT: {"using":"xpath","value":"//button[@data-kt=\"addButton\"]"}
COMMAND: POST /session/59746a33121488b03cb28927e3139cef/elements - {"using":"xpath","value":"//button[@data-kt=\"addButton\"]"}
RESULT: {"using":"xpath","value":"//button[@data-kt=\"addButton\"]"}
COMMAND: POST /session/59746a33121488b03cb28927e3139cef/element - {"using":"xpath","value":"//button[@data-kt=\"addButton\"]"}
RESULT: {"using":"xpath","value":"//button[@data-kt=\"addButton\"]"}
COMMAND: POST /session/59746a33121488b03cb28927e3139cef/execute/sync - {"script":"<script> [8489 bytes]","args":[{"element-6066-11e4-a52e-4f735466cecf":"f.683367EF064D6F54A1F942EA8E2F8118.d.2AC284A772D497798317692B20263DAF.e.9053","ELEMENT":"f.683367EF064D6F54A1F942EA8E2F8118.d.2AC284A772D497798317692B20263DAF.e.9053"}]}
RESULT: {"script":"<script> [8489 bytes]","args":[{"element-6066-11e4-a52e-4f735466cecf":"f.683367EF064D6F54A1F942EA8E2F8118.d.2AC284A772D497798317692B20263DAF.e.9053","ELEMENT":"f.683367EF064D6F54A1F942EA8E2F8118.d.2AC284A772D497798317692B20263DAF.e.9053"}]}
COMMAND: GET /session/59746a33121488b03cb28927e3139cef/element/f.683367EF064D6F54A1F942EA8E2F8118.d.2AC284A772D497798317692B20263DAF.e.9053/enabled - {}
COMMAND: GET /session/59746a33121488b03cb28927e3139cef/screenshot - {}
RESULT: {}
COMMAND: POST /session/59746a33121488b03cb28927e3139cef/execute/sync - {"script":"<script> [8489 bytes]","args":[{"element-6066-11e4-a52e-4f735466cecf":"f.683367EF064D6F54A1F942EA8E2F8118.d.2AC284A772D497798317692B20263DAF.e.9053","ELEMENT":"f.683367EF064D6F54A1F942EA8E2F8118.d.2AC284A772D497798317692B20263DAF.e.9053"}]}
COMMAND: GET /session/59746a33121488b03cb28927e3139cef/screenshot - {}
RESULT: {}
RESULT: {"script":"<script> [8489 bytes]","args":[{"element-6066-11e4-a52e-4f735466cecf":"f.683367EF064D6F54A1F942EA8E2F8118.d.2AC284A772D497798317692B20263DAF.e.9053","ELEMENT":"f.683367EF064D6F54A1F942EA8E2F8118.d.2AC284A772D497798317692B20263DAF.e.9053"}]}
COMMAND: POST /session/59746a33121488b03cb28927e3139cef/execute/sync - {"script":"<script> [5351 bytes]","args":[{"element-6066-11e4-a52e-4f735466cecf":"f.683367EF064D6F54A1F942EA8E2F8118.d.2AC284A772D497798317692B20263DAF.e.9053","ELEMENT":"f.683367EF064D6F54A1F942EA8E2F8118.d.2AC284A772D497798317692B20263DAF.e.9053"}]}
COMMAND: GET /session/59746a33121488b03cb28927e3139cef/screenshot - {}
RESULT: {}
RESULT: {"script":"<script> [5351 bytes]","args":[{"element-6066-11e4-a52e-4f735466cecf":"f.683367EF064D6F54A1F942EA8E2F8118.d.2AC284A772D497798317692B20263DAF.e.9053","ELEMENT":"f.683367EF064D6F54A1F942EA8E2F8118.d.2AC284A772D497798317692B20263DAF.e.9053"}]}
COMMAND: POST /session/59746a33121488b03cb28927e3139cef/element/f.683367EF064D6F54A1F942EA8E2F8118.d.2AC284A772D497798317692B20263DAF.e.9053/click - {}
COMMAND: GET /session/59746a33121488b03cb28927e3139cef/screenshot - {}
RESULT: {}
RESULT: {}
COMMAND: GET /session/59746a33121488b03cb28927e3139cef/screenshot - {}
COMMAND: POST /session/59746a33121488b03cb28927e3139cef/execute/async - {"script":"<script> [1562 bytes]","args":[{"selector":{"id":"application-managepartners-display-component---NewPartner--addressDetailDetailsName1","interaction":{"idSuffix":"inner"}},"wdio_ui5_key":"applicationmanagepartners-display-component---NewPartner--addressDetailDetailsName1"}]}
RESULT: {}
RESULT: {}
RESULT: {"script":"<script> [1562 bytes]","args":[{"selector":{"id":"application-managepartners-display-component---NewPartner--addressDetailDetailsName1","interaction":{"idSuffix":"inner"}},"wdio_ui5_key":"applicationmanagepartners-display-component---NewPartner--addressDetailDetailsName1"}]}
RESULT: undefined
COMMAND: POST /session/59746a33121488b03cb28927e3139cef/execute/async - {"script":"<script> [776 bytes]","args":[{"enterText":"External Partner WDIO","selector":{"id":"application-managepartners-display-component---NewPartner--addressDetailDetailsName1","interaction":{"idSuffix":"inner"}},"clearTextFirst":true,"interactionType":"ENTER_TEXT"}]}
RESULT: {"script":"<script> [776 bytes]","args":[{"enterText":"External Partner WDIO","selector":{"id":"application-managepartners-display-component---NewPartner--addressDetailDetailsName1","interaction":{"idSuffix":"inner"}},"clearTextFirst":true,"interactionType":"ENTER_TEXT"}]}
COMMAND: POST /session/59746a33121488b03cb28927e3139cef/execute/async - {"script":"<script> [1562 bytes]","args":[{"selector":{"id":"application-managepartners-display-component---NewPartner--addressDetailDetailsLanguage-arrow"},"wdio_ui5_key":"applicationmanagepartners-display-component---NewPartner--addressDetailDetailsLanguage-arrow"}]}
RESULT: {"script":"<script> [1562 bytes]","args":[{"selector":{"id":"application-managepartners-display-component---NewPartner--addressDetailDetailsLanguage-arrow"},"wdio_ui5_key":"applicationmanagepartners-display-component---NewPartner--addressDetailDetailsLanguage-arrow"}]}
RESULT: undefined
COMMAND: POST /session/59746a33121488b03cb28927e3139cef/element - {"using":"xpath","value":"//*[@id=\"application-managepartners-display-component---NewPartner--addressDetailDetailsLanguage-arrow\"]"}
RESULT: {"using":"xpath","value":"//*[@id=\"application-managepartners-display-component---NewPartner--addressDetailDetailsLanguage-arrow\"]"}
COMMAND: POST /session/59746a33121488b03cb28927e3139cef/element/f.683367EF064D6F54A1F942EA8E2F8118.d.2AC284A772D497798317692B20263DAF.e.9396/click - {}
RESULT: {}
COMMAND: POST /session/59746a33121488b03cb28927e3139cef/element - {"using":"xpath","value":"//span[contains(text(), \"English\")]"}
COMMAND: GET /session/59746a33121488b03cb28927e3139cef/screenshot - {}
RESULT: {"using":"xpath","value":"//span[contains(text(), \"English\")]"}
COMMAND: POST /session/59746a33121488b03cb28927e3139cef/element/f.683367EF064D6F54A1F942EA8E2F8118.d.2AC284A772D497798317692B20263DAF.e.9397/click - {}
RESULT: {}
RESULT: {}
COMMAND: GET /session/59746a33121488b03cb28927e3139cef/screenshot - {}
RESULT: {}
COMMAND: POST /session/59746a33121488b03cb28927e3139cef/execute/async - {"script":"<script> [1562 bytes]","args":[{"selector":{"id":"application-managepartners-display-component---NewPartner--addressDetailDetailsCity1","interaction":{"idSuffix":"inner"}},"wdio_ui5_key":"applicationmanagepartners-display-component---NewPartner--addressDetailDetailsCity1"}]}
RESULT: {"script":"<script> [1562 bytes]","args":[{"selector":{"id":"application-managepartners-display-component---NewPartner--addressDetailDetailsCity1","interaction":{"idSuffix":"inner"}},"wdio_ui5_key":"applicationmanagepartners-display-component---NewPartner--addressDetailDetailsCity1"}]}
RESULT: undefined
COMMAND: POST /session/59746a33121488b03cb28927e3139cef/execute/async - {"script":"<script> [776 bytes]","args":[{"enterText":"Rosario","selector":{"id":"application-managepartners-display-component---NewPartner--addressDetailDetailsCity1","interaction":{"idSuffix":"inner"}},"clearTextFirst":true,"interactionType":"ENTER_TEXT"}]}
RESULT: {"script":"<script> [776 bytes]","args":[{"enterText":"Rosario","selector":{"id":"application-managepartners-display-component---NewPartner--addressDetailDetailsCity1","interaction":{"idSuffix":"inner"}},"clearTextFirst":true,"interactionType":"ENTER_TEXT"}]}
COMMAND: POST /session/59746a33121488b03cb28927e3139cef/execute/async - {"script":"<script> [1562 bytes]","args":[{"selector":{"id":"application-managepartners-display-component---NewPartner--addressDetailDetailsCountry-arrow"},"wdio_ui5_key":"applicationmanagepartners-display-component---NewPartner--addressDetailDetailsCountry-arrow"}]}
RESULT: {"script":"<script> [1562 bytes]","args":[{"selector":{"id":"application-managepartners-display-component---NewPartner--addressDetailDetailsCountry-arrow"},"wdio_ui5_key":"applicationmanagepartners-display-component---NewPartner--addressDetailDetailsCountry-arrow"}]}
RESULT: undefined
COMMAND: POST /session/59746a33121488b03cb28927e3139cef/element - {"using":"xpath","value":"//*[@id=\"application-managepartners-display-component---NewPartner--addressDetailDetailsCountry-arrow\"]"}
RESULT: {"using":"xpath","value":"//*[@id=\"application-managepartners-display-component---NewPartner--addressDetailDetailsCountry-arrow\"]"}
COMMAND: POST /session/59746a33121488b03cb28927e3139cef/element/f.683367EF064D6F54A1F942EA8E2F8118.d.2AC284A772D497798317692B20263DAF.e.9383/click - {}
RESULT: {}
COMMAND: POST /session/59746a33121488b03cb28927e3139cef/element - {"using":"xpath","value":"//span[contains(text(), \"Argentina\")]"}
COMMAND: GET /session/59746a33121488b03cb28927e3139cef/screenshot - {}
RESULT: {"using":"xpath","value":"//span[contains(text(), \"Argentina\")]"}
COMMAND: POST /session/59746a33121488b03cb28927e3139cef/element/f.683367EF064D6F54A1F942EA8E2F8118.d.2AC284A772D497798317692B20263DAF.e.9399/click - {}
RESULT: {}
RESULT: {}
COMMAND: GET /session/59746a33121488b03cb28927e3139cef/screenshot - {}
RESULT: {}
COMMAND: POST /session/59746a33121488b03cb28927e3139cef/element - {"using":"xpath","value":"//bdi[contains(text(), \"Commercial\")]"}
RESULT: {"using":"xpath","value":"//bdi[contains(text(), \"Commercial\")]"}
COMMAND: POST /session/59746a33121488b03cb28927e3139cef/element/f.683367EF064D6F54A1F942EA8E2F8118.d.2AC284A772D497798317692B20263DAF.e.9400/click - {}
RESULT: {}
COMMAND: GET /session/59746a33121488b03cb28927e3139cef/screenshot - {}
RESULT: {}
COMMAND: POST /session/59746a33121488b03cb28927e3139cef/execute/async - {"script":"<script> [1562 bytes]","args":[{"selector":{"id":"application-managepartners-display-component---NewPartner--partnerDetailInternal-arrow"},"wdio_ui5_key":"applicationmanagepartners-display-component---NewPartner--partnerDetailInternal-arrow"}]}
RESULT: {"script":"<script> [1562 bytes]","args":[{"selector":{"id":"application-managepartners-display-component---NewPartner--partnerDetailInternal-arrow"},"wdio_ui5_key":"applicationmanagepartners-display-component---NewPartner--partnerDetailInternal-arrow"}]}
RESULT: undefined
COMMAND: POST /session/59746a33121488b03cb28927e3139cef/element - {"using":"xpath","value":"//*[@id=\"application-managepartners-display-component---NewPartner--partnerDetailInternal-arrow\"]"}
RESULT: {"using":"xpath","value":"//*[@id=\"application-managepartners-display-component---NewPartner--partnerDetailInternal-arrow\"]"}
COMMAND: POST /session/59746a33121488b03cb28927e3139cef/element/f.683367EF064D6F54A1F942EA8E2F8118.d.2AC284A772D497798317692B20263DAF.e.9408/click - {}
RESULT: {}
COMMAND: POST /session/59746a33121488b03cb28927e3139cef/element - {"using":"xpath","value":"//span[contains(text(), \"External partner\")]"}
COMMAND: GET /session/59746a33121488b03cb28927e3139cef/screenshot - {}
RESULT: {"using":"xpath","value":"//span[contains(text(), \"External partner\")]"}
COMMAND: POST /session/59746a33121488b03cb28927e3139cef/element/f.683367EF064D6F54A1F942EA8E2F8118.d.2AC284A772D497798317692B20263DAF.e.9409/click - {}
RESULT: {}
RESULT: {}
COMMAND: POST /session/59746a33121488b03cb28927e3139cef/execute/async - {"script":"<script> [1562 bytes]","args":[{"selector":{"id":"application-managepartners-display-component---NewPartner--partnerDetailsCurrency-arrow"},"wdio_ui5_key":"applicationmanagepartners-display-component---NewPartner--partnerDetailsCurrency-arrow"}]}
COMMAND: GET /session/59746a33121488b03cb28927e3139cef/screenshot - {}
RESULT: {"script":"<script> [1562 bytes]","args":[{"selector":{"id":"application-managepartners-display-component---NewPartner--partnerDetailsCurrency-arrow"},"wdio_ui5_key":"applicationmanagepartners-display-component---NewPartner--partnerDetailsCurrency-arrow"}]}
RESULT: undefined
COMMAND: POST /session/59746a33121488b03cb28927e3139cef/element - {"using":"xpath","value":"//*[@id=\"application-managepartners-display-component---NewPartner--partnerDetailsCurrency-arrow\"]"}
RESULT: {}
RESULT: {"using":"xpath","value":"//*[@id=\"application-managepartners-display-component---NewPartner--partnerDetailsCurrency-arrow\"]"}
COMMAND: POST /session/59746a33121488b03cb28927e3139cef/element/f.683367EF064D6F54A1F942EA8E2F8118.d.2AC284A772D497798317692B20263DAF.e.9414/click - {}
RESULT: {}
COMMAND: POST /session/59746a33121488b03cb28927e3139cef/element - {"using":"xpath","value":"//span[contains(text(), \"US Dollar\")]"}
COMMAND: GET /session/59746a33121488b03cb28927e3139cef/screenshot - {}
RESULT: {"using":"xpath","value":"//span[contains(text(), \"US Dollar\")]"}
COMMAND: POST /session/59746a33121488b03cb28927e3139cef/element/f.683367EF064D6F54A1F942EA8E2F8118.d.2AC284A772D497798317692B20263DAF.e.9415/click - {}
RESULT: {}
RESULT: {}
COMMAND: GET /session/59746a33121488b03cb28927e3139cef/screenshot - {}
RESULT: {}
COMMAND: POST /session/59746a33121488b03cb28927e3139cef/element - {"using":"xpath","value":"//input[@id=\"application-managepartners-display-component---NewPartner--companyCodeComboBox-inner\"]"}
RESULT: {"using":"xpath","value":"//input[@id=\"application-managepartners-display-component---NewPartner--companyCodeComboBox-inner\"]"}
COMMAND: POST /session/59746a33121488b03cb28927e3139cef/element/f.683367EF064D6F54A1F942EA8E2F8118.d.2AC284A772D497798317692B20263DAF.e.9265/clear - {}
RESULT: {}
COMMAND: POST /session/59746a33121488b03cb28927e3139cef/element/f.683367EF064D6F54A1F942EA8E2F8118.d.2AC284A772D497798317692B20263DAF.e.9265/value - {"text":"C002"}
COMMAND: GET /session/59746a33121488b03cb28927e3139cef/screenshot - {}
RESULT: {"text":"C002"}
COMMAND: GET /session/59746a33121488b03cb28927e3139cef/screenshot - {}
RESULT: {}
RESULT: {}
COMMAND: POST /session/59746a33121488b03cb28927e3139cef/element - {"using":"xpath","value":"//li[.//span[text()= \"C002\"]]"}
RESULT: {"using":"xpath","value":"//li[.//span[text()= \"C002\"]]"}
COMMAND: POST /session/59746a33121488b03cb28927e3139cef/element/f.683367EF064D6F54A1F942EA8E2F8118.d.2AC284A772D497798317692B20263DAF.e.9419/click - {}
RESULT: {}
COMMAND: GET /session/59746a33121488b03cb28927e3139cef/screenshot - {}
RESULT: {}
COMMAND: POST /session/59746a33121488b03cb28927e3139cef/execute/async - {"script":"<script> [1562 bytes]","args":[{"selector":{"id":"application-managepartners-display-component---NewPartner--btnAddTableRow-img"},"wdio_ui5_key":"applicationmanagepartners-display-component---NewPartner--btnAddTableRow-img"}]}
RESULT: {"script":"<script> [1562 bytes]","args":[{"selector":{"id":"application-managepartners-display-component---NewPartner--btnAddTableRow-img"},"wdio_ui5_key":"applicationmanagepartners-display-component---NewPartner--btnAddTableRow-img"}]}
RESULT: undefined
COMMAND: POST /session/59746a33121488b03cb28927e3139cef/element - {"using":"xpath","value":"//*[@id=\"application-managepartners-display-component---NewPartner--btnAddTableRow-img\"]"}
RESULT: {"using":"xpath","value":"//*[@id=\"application-managepartners-display-component---NewPartner--btnAddTableRow-img\"]"}
COMMAND: POST /session/59746a33121488b03cb28927e3139cef/element/f.683367EF064D6F54A1F942EA8E2F8118.d.2AC284A772D497798317692B20263DAF.e.9420/click - {}
RESULT: {}
COMMAND: GET /session/59746a33121488b03cb28927e3139cef/screenshot - {}
RESULT: {}
COMMAND: POST /session/59746a33121488b03cb28927e3139cef/element - {"using":"xpath","value":"//input[@id=\"application-managepartners-display-component---NewPartner--assignmentYard-application-managepartners-display-component---NewPartner--assignmentsTable-0-inner\"]"}
RESULT: {"using":"xpath","value":"//input[@id=\"application-managepartners-display-component---NewPartner--assignmentYard-application-managepartners-display-component---NewPartner--assignmentsTable-0-inner\"]"}
COMMAND: POST /session/59746a33121488b03cb28927e3139cef/element/f.683367EF064D6F54A1F942EA8E2F8118.d.2AC284A772D497798317692B20263DAF.e.9423/clear - {}
RESULT: {}
COMMAND: POST /session/59746a33121488b03cb28927e3139cef/element/f.683367EF064D6F54A1F942EA8E2F8118.d.2AC284A772D497798317692B20263DAF.e.9423/value - {"text":"198"}
COMMAND: GET /session/59746a33121488b03cb28927e3139cef/screenshot - {}
RESULT: {"text":"198"}
COMMAND: GET /session/59746a33121488b03cb28927e3139cef/screenshot - {}
RESULT: {}
RESULT: {}
COMMAND: POST /session/59746a33121488b03cb28927e3139cef/element - {"using":"xpath","value":"//li[.//span[text()='198']]"}
RESULT: {"using":"xpath","value":"//li[.//span[text()='198']]"}
COMMAND: POST /session/59746a33121488b03cb28927e3139cef/element/f.683367EF064D6F54A1F942EA8E2F8118.d.2AC284A772D497798317692B20263DAF.e.9432/click - {}
RESULT: {}
COMMAND: GET /session/59746a33121488b03cb28927e3139cef/screenshot - {}
RESULT: {}
COMMAND: POST /session/59746a33121488b03cb28927e3139cef/actions - {"actions":[{"id":"action36","type":"key","parameters":{},"actions":[{"type":"keyDown","value":"î€‡"},{"type":"pause","duration":10},{"type":"keyUp","value":"î€‡"}]}]}
RESULT: {"actions":[{"id":"action36","type":"key","parameters":{},"actions":[{"type":"keyDown","value":"î€‡"},{"type":"pause","duration":10},{"type":"keyUp","value":"î€‡"}]}]}
COMMAND: POST /session/59746a33121488b03cb28927e3139cef/element - {"using":"xpath","value":"//td[contains(@id, \"assignmentsTable-0-cell2\")]/div/div"}
COMMAND: GET /session/59746a33121488b03cb28927e3139cef/screenshot - {}
RESULT: {"using":"xpath","value":"//td[contains(@id, \"assignmentsTable-0-cell2\")]/div/div"}
COMMAND: POST /session/59746a33121488b03cb28927e3139cef/element/f.683367EF064D6F54A1F942EA8E2F8118.d.2AC284A772D497798317692B20263DAF.e.9435/click - {}
RESULT: {}
RESULT: {}
COMMAND: GET /session/59746a33121488b03cb28927e3139cef/screenshot - {}
RESULT: {}
COMMAND: POST /session/59746a33121488b03cb28927e3139cef/element - {"using":"xpath","value":"//button[@data-kt=\"saveButton\"]"}
RESULT: {"using":"xpath","value":"//button[@data-kt=\"saveButton\"]"}
COMMAND: POST /session/59746a33121488b03cb28927e3139cef/element/f.683367EF064D6F54A1F942EA8E2F8118.d.2AC284A772D497798317692B20263DAF.e.9274/click - {}
RESULT: {}
COMMAND: GET /session/59746a33121488b03cb28927e3139cef/screenshot - {}
RESULT: {}
COMMAND: POST /session/59746a33121488b03cb28927e3139cef/element - {"using":"xpath","value":"//header[contains(@id, 'ObjectPageLayout-headerTitle')]/div[1]/div[2]/div[2]/span[1]"}
RESULT: {"using":"xpath","value":"//header[contains(@id, 'ObjectPageLayout-headerTitle')]/div[1]/div[2]/div[2]/span[1]"}
COMMAND: POST /session/59746a33121488b03cb28927e3139cef/elements - {"using":"xpath","value":"//header[contains(@id, 'ObjectPageLayout-headerTitle')]/div[1]/div[2]/div[2]/span[1]"}
RESULT: {"using":"xpath","value":"//header[contains(@id, 'ObjectPageLayout-headerTitle')]/div[1]/div[2]/div[2]/span[1]"}
COMMAND: POST /session/59746a33121488b03cb28927e3139cef/execute/sync - {"script":"<script> [56 bytes]","args":[{"element-6066-11e4-a52e-4f735466cecf":"f.683367EF064D6F54A1F942EA8E2F8118.d.2AC284A772D497798317692B20263DAF.e.9546","ELEMENT":"f.683367EF064D6F54A1F942EA8E2F8118.d.2AC284A772D497798317692B20263DAF.e.9546"}]}
RESULT: {"script":"<script> [56 bytes]","args":[{"element-6066-11e4-a52e-4f735466cecf":"f.683367EF064D6F54A1F942EA8E2F8118.d.2AC284A772D497798317692B20263DAF.e.9546","ELEMENT":"f.683367EF064D6F54A1F942EA8E2F8118.d.2AC284A772D497798317692B20263DAF.e.9546"}]}
COMMAND: POST /session/59746a33121488b03cb28927e3139cef/element - {"using":"css selector","value":"#shell-header-logo"}
COMMAND: GET /session/59746a33121488b03cb28927e3139cef/screenshot - {}
RESULT: {"using":"css selector","value":"#shell-header-logo"}
COMMAND: POST /session/59746a33121488b03cb28927e3139cef/element/f.683367EF064D6F54A1F942EA8E2F8118.d.2AC284A772D497798317692B20263DAF.e.9008/click - {}
RESULT: {}
RESULT: {}
COMMAND: GET /session/59746a33121488b03cb28927e3139cef/screenshot - {}
RESULT: {}
COMMAND: POST /session/59746a33121488b03cb28927e3139cef/execute/sync - {"script":"<script> [299 bytes]","args":[["getModel","getResource"]]}
RESULT: {"script":"<script> [299 bytes]","args":[["getModel","getResource"]]}
]]></system-out>
    </testcase>
    <testcase classname="chrome.136_0_7103_49.windows.Create_partner_US118246" name="Should create a new yard in case create yard failed" time="118.443">
      <system-out><![CDATA[
RESULT: undefined
COMMAND: POST /session/59746a33121488b03cb28927e3139cef/element - {"using":"xpath","value":"//*[@id=\"__tile41\"]"}
COMMAND: GET /session/59746a33121488b03cb28927e3139cef/screenshot - {}
RESULT: {"using":"xpath","value":"//*[@id=\"__tile41\"]"}
COMMAND: POST /session/59746a33121488b03cb28927e3139cef/element/f.683367EF064D6F54A1F942EA8E2F8118.d.2AC284A772D497798317692B20263DAF.e.8193/click - {}
RESULT: {}
RESULT: {}
COMMAND: POST /session/59746a33121488b03cb28927e3139cef/element - {"using":"xpath","value":"//button[@data-kt=\"addNewYardOverflowToolbarButton\"]"}
COMMAND: GET /session/59746a33121488b03cb28927e3139cef/screenshot - {}
RESULT: {"using":"xpath","value":"//button[@data-kt=\"addNewYardOverflowToolbarButton\"]"}
COMMAND: POST /session/59746a33121488b03cb28927e3139cef/elements - {"using":"xpath","value":"//button[@data-kt=\"addNewYardOverflowToolbarButton\"]"}
RESULT: {}
RESULT: {"using":"xpath","value":"//button[@data-kt=\"addNewYardOverflowToolbarButton\"]"}
COMMAND: POST /session/59746a33121488b03cb28927e3139cef/execute/sync - {"script":"<script> [8489 bytes]","args":[{"element-6066-11e4-a52e-4f735466cecf":"f.683367EF064D6F54A1F942EA8E2F8118.d.2AC284A772D497798317692B20263DAF.e.9582","ELEMENT":"f.683367EF064D6F54A1F942EA8E2F8118.d.2AC284A772D497798317692B20263DAF.e.9582"}]}
RESULT: {"script":"<script> [8489 bytes]","args":[{"element-6066-11e4-a52e-4f735466cecf":"f.683367EF064D6F54A1F942EA8E2F8118.d.2AC284A772D497798317692B20263DAF.e.9582","ELEMENT":"f.683367EF064D6F54A1F942EA8E2F8118.d.2AC284A772D497798317692B20263DAF.e.9582"}]}
COMMAND: GET /session/59746a33121488b03cb28927e3139cef/element/f.683367EF064D6F54A1F942EA8E2F8118.d.2AC284A772D497798317692B20263DAF.e.9582/enabled - {}
COMMAND: GET /session/59746a33121488b03cb28927e3139cef/screenshot - {}
RESULT: {}
COMMAND: POST /session/59746a33121488b03cb28927e3139cef/execute/sync - {"script":"<script> [8489 bytes]","args":[{"element-6066-11e4-a52e-4f735466cecf":"f.683367EF064D6F54A1F942EA8E2F8118.d.2AC284A772D497798317692B20263DAF.e.9582","ELEMENT":"f.683367EF064D6F54A1F942EA8E2F8118.d.2AC284A772D497798317692B20263DAF.e.9582"}]}
COMMAND: GET /session/59746a33121488b03cb28927e3139cef/screenshot - {}
RESULT: {}
RESULT: {"script":"<script> [8489 bytes]","args":[{"element-6066-11e4-a52e-4f735466cecf":"f.683367EF064D6F54A1F942EA8E2F8118.d.2AC284A772D497798317692B20263DAF.e.9582","ELEMENT":"f.683367EF064D6F54A1F942EA8E2F8118.d.2AC284A772D497798317692B20263DAF.e.9582"}]}
COMMAND: POST /session/59746a33121488b03cb28927e3139cef/execute/sync - {"script":"<script> [5351 bytes]","args":[{"element-6066-11e4-a52e-4f735466cecf":"f.683367EF064D6F54A1F942EA8E2F8118.d.2AC284A772D497798317692B20263DAF.e.9582","ELEMENT":"f.683367EF064D6F54A1F942EA8E2F8118.d.2AC284A772D497798317692B20263DAF.e.9582"}]}
COMMAND: GET /session/59746a33121488b03cb28927e3139cef/screenshot - {}
RESULT: {}
RESULT: {"script":"<script> [5351 bytes]","args":[{"element-6066-11e4-a52e-4f735466cecf":"f.683367EF064D6F54A1F942EA8E2F8118.d.2AC284A772D497798317692B20263DAF.e.9582","ELEMENT":"f.683367EF064D6F54A1F942EA8E2F8118.d.2AC284A772D497798317692B20263DAF.e.9582"}]}
COMMAND: POST /session/59746a33121488b03cb28927e3139cef/element/f.683367EF064D6F54A1F942EA8E2F8118.d.2AC284A772D497798317692B20263DAF.e.9582/click - {}
COMMAND: GET /session/59746a33121488b03cb28927e3139cef/screenshot - {}
RESULT: {}
RESULT: {}
COMMAND: GET /session/59746a33121488b03cb28927e3139cef/screenshot - {}
COMMAND: POST /session/59746a33121488b03cb28927e3139cef/element - {"using":"xpath","value":"//input[@id=\"application-manageyards-display-component---NewYard--yardId-inner\"]"}
RESULT: {}
RESULT: {}
RESULT: {"using":"xpath","value":"//input[@id=\"application-manageyards-display-component---NewYard--yardId-inner\"]"}
COMMAND: POST /session/59746a33121488b03cb28927e3139cef/element - {"using":"xpath","value":"//input[@id=\"application-manageyards-display-component---NewYard--yardId-inner\"]"}
RESULT: {"using":"xpath","value":"//input[@id=\"application-manageyards-display-component---NewYard--yardId-inner\"]"}
RESULT: undefined
COMMAND: POST /session/59746a33121488b03cb28927e3139cef/execute/async - {"script":"<script> [776 bytes]","args":[{"enterText":"Warehouse Managed WDIO","selector":{"id":"application-manageyards-display-component---NewYard--addressDetailDetailsName1","interaction":{"idSuffix":"inner"}},"clearTextFirst":true,"interactionType":"ENTER_TEXT"}]}
RESULT: {"script":"<script> [776 bytes]","args":[{"enterText":"Warehouse Managed WDIO","selector":{"id":"application-manageyards-display-component---NewYard--addressDetailDetailsName1","interaction":{"idSuffix":"inner"}},"clearTextFirst":true,"interactionType":"ENTER_TEXT"}]}
RESULT: undefined
COMMAND: POST /session/59746a33121488b03cb28927e3139cef/element - {"using":"xpath","value":"//*[@id=\"application-manageyards-display-component---NewYard--addressDetailDetailsLanguage-arrow\"]"}
RESULT: {"using":"xpath","value":"//*[@id=\"application-manageyards-display-component---NewYard--addressDetailDetailsLanguage-arrow\"]"}
COMMAND: POST /session/59746a33121488b03cb28927e3139cef/element/f.683367EF064D6F54A1F942EA8E2F8118.d.2AC284A772D497798317692B20263DAF.e.10009/click - {}
RESULT: {}
COMMAND: POST /session/59746a33121488b03cb28927e3139cef/element - {"using":"xpath","value":"//span[contains(text(), \"English\")]"}
COMMAND: GET /session/59746a33121488b03cb28927e3139cef/screenshot - {}
RESULT: {"using":"xpath","value":"//span[contains(text(), \"English\")]"}
COMMAND: POST /session/59746a33121488b03cb28927e3139cef/element/f.683367EF064D6F54A1F942EA8E2F8118.d.2AC284A772D497798317692B20263DAF.e.10010/click - {}
RESULT: {}
RESULT: {}
RESULT: undefined
COMMAND: POST /session/59746a33121488b03cb28927e3139cef/execute/async - {"script":"<script> [776 bytes]","args":[{"enterText":"Rosario","selector":{"id":"application-manageyards-display-component---NewYard--addressDetailDetailsCity1","interaction":{"idSuffix":"inner"}},"clearTextFirst":true,"interactionType":"ENTER_TEXT"}]}
COMMAND: GET /session/59746a33121488b03cb28927e3139cef/screenshot - {}
RESULT: {"script":"<script> [776 bytes]","args":[{"enterText":"Rosario","selector":{"id":"application-manageyards-display-component---NewYard--addressDetailDetailsCity1","interaction":{"idSuffix":"inner"}},"clearTextFirst":true,"interactionType":"ENTER_TEXT"}]}
RESULT: undefined
COMMAND: POST /session/59746a33121488b03cb28927e3139cef/element - {"using":"xpath","value":"//*[@id=\"application-manageyards-display-component---NewYard--addressDetailDetailsCountry-arrow\"]"}
RESULT: {}
RESULT: {"using":"xpath","value":"//*[@id=\"application-manageyards-display-component---NewYard--addressDetailDetailsCountry-arrow\"]"}
COMMAND: POST /session/59746a33121488b03cb28927e3139cef/element/f.683367EF064D6F54A1F942EA8E2F8118.d.2AC284A772D497798317692B20263DAF.e.10011/click - {}
RESULT: {}
COMMAND: POST /session/59746a33121488b03cb28927e3139cef/element - {"using":"xpath","value":"//span[contains(text(), \"Argentina\")]"}
COMMAND: GET /session/59746a33121488b03cb28927e3139cef/screenshot - {}
RESULT: {"using":"xpath","value":"//span[contains(text(), \"Argentina\")]"}
COMMAND: POST /session/59746a33121488b03cb28927e3139cef/element/f.683367EF064D6F54A1F942EA8E2F8118.d.2AC284A772D497798317692B20263DAF.e.10012/click - {}
RESULT: {}
RESULT: {}
RESULT: undefined
COMMAND: POST /session/59746a33121488b03cb28927e3139cef/element - {"using":"xpath","value":"//*[@id=\"application-manageyards-display-component---NewYard--addressEditDetailsCostObjectCstType-arrow\"]"}
COMMAND: GET /session/59746a33121488b03cb28927e3139cef/screenshot - {}
RESULT: {"using":"xpath","value":"//*[@id=\"application-manageyards-display-component---NewYard--addressEditDetailsCostObjectCstType-arrow\"]"}
COMMAND: POST /session/59746a33121488b03cb28927e3139cef/element/f.683367EF064D6F54A1F942EA8E2F8118.d.2AC284A772D497798317692B20263DAF.e.10014/click - {}
RESULT: {}
RESULT: {}
COMMAND: POST /session/59746a33121488b03cb28927e3139cef/element - {"using":"xpath","value":"//span[contains(text(), \"Cost Center\")]"}
COMMAND: GET /session/59746a33121488b03cb28927e3139cef/screenshot - {}
RESULT: {"using":"xpath","value":"//span[contains(text(), \"Cost Center\")]"}
COMMAND: POST /session/59746a33121488b03cb28927e3139cef/element/f.683367EF064D6F54A1F942EA8E2F8118.d.2AC284A772D497798317692B20263DAF.e.10015/click - {}
RESULT: {}
RESULT: {}
COMMAND: GET /session/59746a33121488b03cb28927e3139cef/screenshot - {}
RESULT: {}
COMMAND: POST /session/59746a33121488b03cb28927e3139cef/element - {"using":"xpath","value":"//span[@id=\"application-manageyards-display-component---NewYard--addressNewCostObjectCstID-vhi\"]"}
RESULT: {"using":"xpath","value":"//span[@id=\"application-manageyards-display-component---NewYard--addressNewCostObjectCstID-vhi\"]"}
COMMAND: POST /session/59746a33121488b03cb28927e3139cef/execute/sync - {"script":"<script> [8489 bytes]","args":[{"element-6066-11e4-a52e-4f735466cecf":"f.683367EF064D6F54A1F942EA8E2F8118.d.2AC284A772D497798317692B20263DAF.e.10019","ELEMENT":"f.683367EF064D6F54A1F942EA8E2F8118.d.2AC284A772D497798317692B20263DAF.e.10019"}]}
RESULT: {"script":"<script> [8489 bytes]","args":[{"element-6066-11e4-a52e-4f735466cecf":"f.683367EF064D6F54A1F942EA8E2F8118.d.2AC284A772D497798317692B20263DAF.e.10019","ELEMENT":"f.683367EF064D6F54A1F942EA8E2F8118.d.2AC284A772D497798317692B20263DAF.e.10019"}]}
RESULT: undefined
COMMAND: POST /session/59746a33121488b03cb28927e3139cef/element - {"using":"xpath","value":"//*[@id=\"application-manageyards-display-component---NewYard--addressNewCostObjectCstID-vhi\"]"}
COMMAND: GET /session/59746a33121488b03cb28927e3139cef/screenshot - {}
RESULT: {"using":"xpath","value":"//*[@id=\"application-manageyards-display-component---NewYard--addressNewCostObjectCstID-vhi\"]"}
COMMAND: POST /session/59746a33121488b03cb28927e3139cef/element/f.683367EF064D6F54A1F942EA8E2F8118.d.2AC284A772D497798317692B20263DAF.e.10019/click - {}
RESULT: {}
RESULT: {}
COMMAND: GET /session/59746a33121488b03cb28927e3139cef/screenshot - {}
RESULT: undefined
COMMAND: POST /session/59746a33121488b03cb28927e3139cef/execute/async - {"script":"<script> [776 bytes]","args":[{"enterText":"10001013","selector":{"controlType":"sap.m.SearchField","properties":{"placeholder":"Search"},"searchOpenDialogs":true,"interaction":{"idSuffix":"I"}},"clearTextFirst":true,"interactionType":"ENTER_TEXT"}]}
RESULT: {}
RESULT: {"script":"<script> [776 bytes]","args":[{"enterText":"10001013","selector":{"controlType":"sap.m.SearchField","properties":{"placeholder":"Search"},"searchOpenDialogs":true,"interaction":{"idSuffix":"I"}},"clearTextFirst":true,"interactionType":"ENTER_TEXT"}]}
COMMAND: POST /session/59746a33121488b03cb28927e3139cef/actions - {"actions":[{"id":"action37","type":"key","parameters":{},"actions":[{"type":"keyDown","value":"î€‡"},{"type":"pause","duration":10},{"type":"keyUp","value":"î€‡"}]}]}
RESULT: {"actions":[{"id":"action37","type":"key","parameters":{},"actions":[{"type":"keyDown","value":"î€‡"},{"type":"pause","duration":10},{"type":"keyUp","value":"î€‡"}]}]}
COMMAND: GET /session/59746a33121488b03cb28927e3139cef/screenshot - {}
RESULT: {}
COMMAND: POST /session/59746a33121488b03cb28927e3139cef/element - {"using":"xpath","value":"//span[contains(text(), \"General Management\")]"}
RESULT: {"using":"xpath","value":"//span[contains(text(), \"General Management\")]"}
COMMAND: POST /session/59746a33121488b03cb28927e3139cef/element/f.683367EF064D6F54A1F942EA8E2F8118.d.2AC284A772D497798317692B20263DAF.e.10058/click - {}
RESULT: {}
COMMAND: GET /session/59746a33121488b03cb28927e3139cef/screenshot - {}
RESULT: {}
COMMAND: POST /session/59746a33121488b03cb28927e3139cef/element - {"using":"xpath","value":"//bdi[contains(text(), \"OK\")]"}
RESULT: {"using":"xpath","value":"//bdi[contains(text(), \"OK\")]"}
COMMAND: POST /session/59746a33121488b03cb28927e3139cef/element/f.683367EF064D6F54A1F942EA8E2F8118.d.2AC284A772D497798317692B20263DAF.e.10059/click - {}
RESULT: {}
COMMAND: GET /session/59746a33121488b03cb28927e3139cef/screenshot - {}
RESULT: {}
RESULT: undefined
COMMAND: POST /session/59746a33121488b03cb28927e3139cef/element - {"using":"xpath","value":"//*[@id=\"application-manageyards-display-component---NewYard--addressEditDetailsCurrency-arrow\"]"}
RESULT: {"using":"xpath","value":"//*[@id=\"application-manageyards-display-component---NewYard--addressEditDetailsCurrency-arrow\"]"}
COMMAND: POST /session/59746a33121488b03cb28927e3139cef/element/f.683367EF064D6F54A1F942EA8E2F8118.d.2AC284A772D497798317692B20263DAF.e.10062/click - {}
RESULT: {}
COMMAND: POST /session/59746a33121488b03cb28927e3139cef/element - {"using":"xpath","value":"//span[contains(text(), \"Euro\")]"}
COMMAND: GET /session/59746a33121488b03cb28927e3139cef/screenshot - {}
RESULT: {"using":"xpath","value":"//span[contains(text(), \"Euro\")]"}
COMMAND: POST /session/59746a33121488b03cb28927e3139cef/element/f.683367EF064D6F54A1F942EA8E2F8118.d.2AC284A772D497798317692B20263DAF.e.10063/click - {}
RESULT: {}
RESULT: {}
RESULT: undefined
COMMAND: POST /session/59746a33121488b03cb28927e3139cef/execute/async - {"script":"<script> [776 bytes]","args":[{"enterText":"Z001","selector":{"controlType":"sap.m.Input","viewName":"etm.portal.ui.manageyards.view.New","viewId":"application-manageyards-display-component---NewYard","bindingPath":{"path":"","propertyPath":"/CONTROLLING_AREA","modelName":"NewYardModel"},"interaction":{"idSuffix":"inner"}},"clearTextFirst":true,"interactionType":"ENTER_TEXT"}]}
COMMAND: GET /session/59746a33121488b03cb28927e3139cef/screenshot - {}
RESULT: {"script":"<script> [776 bytes]","args":[{"enterText":"Z001","selector":{"controlType":"sap.m.Input","viewName":"etm.portal.ui.manageyards.view.New","viewId":"application-manageyards-display-component---NewYard","bindingPath":{"path":"","propertyPath":"/CONTROLLING_AREA","modelName":"NewYardModel"},"interaction":{"idSuffix":"inner"}},"clearTextFirst":true,"interactionType":"ENTER_TEXT"}]}
RESULT: undefined
COMMAND: POST /session/59746a33121488b03cb28927e3139cef/execute/async - {"script":"<script> [776 bytes]","args":[{"enterText":"1000","selector":{"id":"application-manageyards-display-component---NewYard--companyCodeComboBox","interaction":{"idSuffix":"inner"}},"clearTextFirst":true,"interactionType":"ENTER_TEXT"}]}
RESULT: {}
RESULT: {"script":"<script> [776 bytes]","args":[{"enterText":"1000","selector":{"id":"application-manageyards-display-component---NewYard--companyCodeComboBox","interaction":{"idSuffix":"inner"}},"clearTextFirst":true,"interactionType":"ENTER_TEXT"}]}
RESULT: undefined
COMMAND: POST /session/59746a33121488b03cb28927e3139cef/execute/async - {"script":"<script> [776 bytes]","args":[{"enterText":"1001","selector":{"controlType":"sap.m.Input","viewName":"etm.portal.ui.manageyards.view.New","viewId":"application-manageyards-display-component---NewYard","bindingPath":{"path":"","propertyPath":"/PLANT","modelName":"NewYardModel"},"interaction":{"idSuffix":"inner"}},"clearTextFirst":true,"interactionType":"ENTER_TEXT"}]}
RESULT: {"script":"<script> [776 bytes]","args":[{"enterText":"1001","selector":{"controlType":"sap.m.Input","viewName":"etm.portal.ui.manageyards.view.New","viewId":"application-manageyards-display-component---NewYard","bindingPath":{"path":"","propertyPath":"/PLANT","modelName":"NewYardModel"},"interaction":{"idSuffix":"inner"}},"clearTextFirst":true,"interactionType":"ENTER_TEXT"}]}
RESULT: undefined
COMMAND: POST /session/59746a33121488b03cb28927e3139cef/execute/async - {"script":"<script> [776 bytes]","args":[{"enterText":"C002","selector":{"controlType":"sap.m.Input","viewName":"etm.portal.ui.manageyards.view.New","viewId":"application-manageyards-display-component---NewYard","bindingPath":{"path":"","propertyPath":"/SALES_AREA_VKORG","modelName":"NewYardModel"},"interaction":{"idSuffix":"inner"}},"clearTextFirst":true,"interactionType":"ENTER_TEXT"}]}
RESULT: {"script":"<script> [776 bytes]","args":[{"enterText":"C002","selector":{"controlType":"sap.m.Input","viewName":"etm.portal.ui.manageyards.view.New","viewId":"application-manageyards-display-component---NewYard","bindingPath":{"path":"","propertyPath":"/SALES_AREA_VKORG","modelName":"NewYardModel"},"interaction":{"idSuffix":"inner"}},"clearTextFirst":true,"interactionType":"ENTER_TEXT"}]}
RESULT: undefined
COMMAND: POST /session/59746a33121488b03cb28927e3139cef/execute/async - {"script":"<script> [776 bytes]","args":[{"enterText":"C2","selector":{"controlType":"sap.m.Input","viewName":"etm.portal.ui.manageyards.view.New","viewId":"application-manageyards-display-component---NewYard","bindingPath":{"path":"","propertyPath":"/SALES_AREA_VTWEG","modelName":"NewYardModel"},"interaction":{"idSuffix":"inner"}},"clearTextFirst":true,"interactionType":"ENTER_TEXT"}]}
RESULT: {"script":"<script> [776 bytes]","args":[{"enterText":"C2","selector":{"controlType":"sap.m.Input","viewName":"etm.portal.ui.manageyards.view.New","viewId":"application-manageyards-display-component---NewYard","bindingPath":{"path":"","propertyPath":"/SALES_AREA_VTWEG","modelName":"NewYardModel"},"interaction":{"idSuffix":"inner"}},"clearTextFirst":true,"interactionType":"ENTER_TEXT"}]}
RESULT: undefined
COMMAND: POST /session/59746a33121488b03cb28927e3139cef/execute/async - {"script":"<script> [776 bytes]","args":[{"enterText":"C2","selector":{"controlType":"sap.m.Input","viewName":"etm.portal.ui.manageyards.view.New","viewId":"application-manageyards-display-component---NewYard","bindingPath":{"path":"","propertyPath":"/SALES_AREA_SPART","modelName":"NewYardModel"},"interaction":{"idSuffix":"inner"}},"clearTextFirst":true,"interactionType":"ENTER_TEXT"}]}
RESULT: {"script":"<script> [776 bytes]","args":[{"enterText":"C2","selector":{"controlType":"sap.m.Input","viewName":"etm.portal.ui.manageyards.view.New","viewId":"application-manageyards-display-component---NewYard","bindingPath":{"path":"","propertyPath":"/SALES_AREA_SPART","modelName":"NewYardModel"},"interaction":{"idSuffix":"inner"}},"clearTextFirst":true,"interactionType":"ENTER_TEXT"}]}
RESULT: undefined
COMMAND: POST /session/59746a33121488b03cb28927e3139cef/execute/async - {"script":"<script> [776 bytes]","args":[{"enterText":"1710","selector":{"controlType":"sap.m.Input","viewName":"etm.portal.ui.manageyards.view.New","viewId":"application-manageyards-display-component---NewYard","bindingPath":{"path":"","propertyPath":"/SHIP_POINT","modelName":"NewYardModel"},"interaction":{"idSuffix":"inner"}},"clearTextFirst":true,"interactionType":"ENTER_TEXT"}]}
RESULT: {"script":"<script> [776 bytes]","args":[{"enterText":"1710","selector":{"controlType":"sap.m.Input","viewName":"etm.portal.ui.manageyards.view.New","viewId":"application-manageyards-display-component---NewYard","bindingPath":{"path":"","propertyPath":"/SHIP_POINT","modelName":"NewYardModel"},"interaction":{"idSuffix":"inner"}},"clearTextFirst":true,"interactionType":"ENTER_TEXT"}]}
RESULT: undefined
COMMAND: POST /session/59746a33121488b03cb28927e3139cef/execute/async - {"script":"<script> [776 bytes]","args":[{"enterText":"ZL01","selector":{"controlType":"sap.m.Input","viewName":"etm.portal.ui.manageyards.view.New","viewId":"application-manageyards-display-component---NewYard","bindingPath":{"path":"","propertyPath":"/DELIVERY_TYPE","modelName":"NewYardModel"},"interaction":{"idSuffix":"inner"}},"clearTextFirst":true,"interactionType":"ENTER_TEXT"}]}
RESULT: {"script":"<script> [776 bytes]","args":[{"enterText":"ZL01","selector":{"controlType":"sap.m.Input","viewName":"etm.portal.ui.manageyards.view.New","viewId":"application-manageyards-display-component---NewYard","bindingPath":{"path":"","propertyPath":"/DELIVERY_TYPE","modelName":"NewYardModel"},"interaction":{"idSuffix":"inner"}},"clearTextFirst":true,"interactionType":"ENTER_TEXT"}]}
RESULT: undefined
COMMAND: POST /session/59746a33121488b03cb28927e3139cef/execute/async - {"script":"<script> [776 bytes]","args":[{"enterText":"TA","selector":{"controlType":"sap.m.Input","viewName":"etm.portal.ui.manageyards.view.New","viewId":"application-manageyards-display-component---NewYard","bindingPath":{"path":"","propertyPath":"/AUART","modelName":"NewYardModel"},"interaction":{"idSuffix":"inner"}},"clearTextFirst":true,"interactionType":"ENTER_TEXT"}]}
RESULT: {"script":"<script> [776 bytes]","args":[{"enterText":"TA","selector":{"controlType":"sap.m.Input","viewName":"etm.portal.ui.manageyards.view.New","viewId":"application-manageyards-display-component---NewYard","bindingPath":{"path":"","propertyPath":"/AUART","modelName":"NewYardModel"},"interaction":{"idSuffix":"inner"}},"clearTextFirst":true,"interactionType":"ENTER_TEXT"}]}
COMMAND: POST /session/59746a33121488b03cb28927e3139cef/execute/async - {"script":"<script> [1562 bytes]","args":[{"selector":{"id":"application-manageyards-display-component---NewYard--whmCheckBox","interaction":{"idSuffix":"CbBg"}},"wdio_ui5_key":"applicationmanageyards-display-component---NewYard--whmCheckBox"}]}
RESULT: {"script":"<script> [1562 bytes]","args":[{"selector":{"id":"application-manageyards-display-component---NewYard--whmCheckBox","interaction":{"idSuffix":"CbBg"}},"wdio_ui5_key":"applicationmanageyards-display-component---NewYard--whmCheckBox"}]}
RESULT: undefined
COMMAND: POST /session/59746a33121488b03cb28927e3139cef/element - {"using":"xpath","value":"//*[@id=\"application-manageyards-display-component---NewYard--whmCheckBox\"]"}
RESULT: {"using":"xpath","value":"//*[@id=\"application-manageyards-display-component---NewYard--whmCheckBox\"]"}
COMMAND: POST /session/59746a33121488b03cb28927e3139cef/element/f.683367EF064D6F54A1F942EA8E2F8118.d.2AC284A772D497798317692B20263DAF.e.10074/click - {}
RESULT: {}
COMMAND: GET /session/59746a33121488b03cb28927e3139cef/screenshot - {}
RESULT: {}
COMMAND: POST /session/59746a33121488b03cb28927e3139cef/element - {"using":"xpath","value":"//button[@data-kt=\"newYardSaveButton\"]"}
RESULT: {"using":"xpath","value":"//button[@data-kt=\"newYardSaveButton\"]"}
COMMAND: POST /session/59746a33121488b03cb28927e3139cef/element/f.683367EF064D6F54A1F942EA8E2F8118.d.2AC284A772D497798317692B20263DAF.e.9975/click - {}
RESULT: {}
COMMAND: GET /session/59746a33121488b03cb28927e3139cef/screenshot - {}
RESULT: {}
COMMAND: POST /session/59746a33121488b03cb28927e3139cef/element - {"using":"xpath","value":"//header[contains(@id, 'ObjectPageLayout-headerTitle')]/div[1]/div[2]/div[1]/span[1]"}
RESULT: {"using":"xpath","value":"//header[contains(@id, 'ObjectPageLayout-headerTitle')]/div[1]/div[2]/div[1]/span[1]"}
COMMAND: POST /session/59746a33121488b03cb28927e3139cef/elements - {"using":"xpath","value":"//header[contains(@id, 'ObjectPageLayout-headerTitle')]/div[1]/div[2]/div[1]/span[1]"}
RESULT: {"using":"xpath","value":"//header[contains(@id, 'ObjectPageLayout-headerTitle')]/div[1]/div[2]/div[1]/span[1]"}
COMMAND: POST /session/59746a33121488b03cb28927e3139cef/execute/sync - {"script":"<script> [56 bytes]","args":[{"element-6066-11e4-a52e-4f735466cecf":"f.683367EF064D6F54A1F942EA8E2F8118.d.2AC284A772D497798317692B20263DAF.e.10265","ELEMENT":"f.683367EF064D6F54A1F942EA8E2F8118.d.2AC284A772D497798317692B20263DAF.e.10265"}]}
RESULT: {"script":"<script> [56 bytes]","args":[{"element-6066-11e4-a52e-4f735466cecf":"f.683367EF064D6F54A1F942EA8E2F8118.d.2AC284A772D497798317692B20263DAF.e.10265","ELEMENT":"f.683367EF064D6F54A1F942EA8E2F8118.d.2AC284A772D497798317692B20263DAF.e.10265"}]}
COMMAND: GET /session/59746a33121488b03cb28927e3139cef/screenshot - {}
RESULT: {}
COMMAND: POST /session/59746a33121488b03cb28927e3139cef/element - {"using":"css selector","value":"#shell-header-logo"}
RESULT: {"using":"css selector","value":"#shell-header-logo"}
COMMAND: POST /session/59746a33121488b03cb28927e3139cef/element/f.683367EF064D6F54A1F942EA8E2F8118.d.2AC284A772D497798317692B20263DAF.e.9550/click - {}
RESULT: {}
COMMAND: GET /session/59746a33121488b03cb28927e3139cef/screenshot - {}
RESULT: {}
COMMAND: POST /session/59746a33121488b03cb28927e3139cef/execute/sync - {"script":"<script> [299 bytes]","args":[["getModel","getResource"]]}
RESULT: {"script":"<script> [299 bytes]","args":[["getModel","getResource"]]}
COMMAND: GET /session/59746a33121488b03cb28927e3139cef/screenshot - {}
]]></system-out>
    </testcase>
    <testcase classname="chrome.136_0_7103_49.windows.Create_partner_US118246" name="Should create new external WHM partner" time="84.016">
      <system-out><![CDATA[
COMMAND: POST /session/59746a33121488b03cb28927e3139cef/window/fullscreen - {}
RESULT: {}
RESULT: {}
RESULT: undefined
COMMAND: POST /session/59746a33121488b03cb28927e3139cef/element - {"using":"xpath","value":"//*[@id=\"__tile38\"]"}
RESULT: {"using":"xpath","value":"//*[@id=\"__tile38\"]"}
COMMAND: POST /session/59746a33121488b03cb28927e3139cef/element/f.683367EF064D6F54A1F942EA8E2F8118.d.2AC284A772D497798317692B20263DAF.e.8184/click - {}
RESULT: {}
COMMAND: POST /session/59746a33121488b03cb28927e3139cef/element - {"using":"xpath","value":"//button[@data-kt=\"addButton\"]"}
COMMAND: GET /session/59746a33121488b03cb28927e3139cef/screenshot - {}
RESULT: {"using":"xpath","value":"//button[@data-kt=\"addButton\"]"}
COMMAND: POST /session/59746a33121488b03cb28927e3139cef/elements - {"using":"xpath","value":"//button[@data-kt=\"addButton\"]"}
RESULT: {}
RESULT: {"using":"xpath","value":"//button[@data-kt=\"addButton\"]"}
COMMAND: POST /session/59746a33121488b03cb28927e3139cef/element - {"using":"xpath","value":"//button[@data-kt=\"addButton\"]"}
RESULT: {"using":"xpath","value":"//button[@data-kt=\"addButton\"]"}
COMMAND: POST /session/59746a33121488b03cb28927e3139cef/execute/sync - {"script":"<script> [8489 bytes]","args":[{"element-6066-11e4-a52e-4f735466cecf":"f.683367EF064D6F54A1F942EA8E2F8118.d.2AC284A772D497798317692B20263DAF.e.10314","ELEMENT":"f.683367EF064D6F54A1F942EA8E2F8118.d.2AC284A772D497798317692B20263DAF.e.10314"}]}
RESULT: {"script":"<script> [8489 bytes]","args":[{"element-6066-11e4-a52e-4f735466cecf":"f.683367EF064D6F54A1F942EA8E2F8118.d.2AC284A772D497798317692B20263DAF.e.10314","ELEMENT":"f.683367EF064D6F54A1F942EA8E2F8118.d.2AC284A772D497798317692B20263DAF.e.10314"}]}
COMMAND: GET /session/59746a33121488b03cb28927e3139cef/element/f.683367EF064D6F54A1F942EA8E2F8118.d.2AC284A772D497798317692B20263DAF.e.10314/enabled - {}
COMMAND: GET /session/59746a33121488b03cb28927e3139cef/screenshot - {}
RESULT: {}
COMMAND: POST /session/59746a33121488b03cb28927e3139cef/execute/sync - {"script":"<script> [8489 bytes]","args":[{"element-6066-11e4-a52e-4f735466cecf":"f.683367EF064D6F54A1F942EA8E2F8118.d.2AC284A772D497798317692B20263DAF.e.10314","ELEMENT":"f.683367EF064D6F54A1F942EA8E2F8118.d.2AC284A772D497798317692B20263DAF.e.10314"}]}
COMMAND: GET /session/59746a33121488b03cb28927e3139cef/screenshot - {}
RESULT: {}
RESULT: {"script":"<script> [8489 bytes]","args":[{"element-6066-11e4-a52e-4f735466cecf":"f.683367EF064D6F54A1F942EA8E2F8118.d.2AC284A772D497798317692B20263DAF.e.10314","ELEMENT":"f.683367EF064D6F54A1F942EA8E2F8118.d.2AC284A772D497798317692B20263DAF.e.10314"}]}
COMMAND: POST /session/59746a33121488b03cb28927e3139cef/execute/sync - {"script":"<script> [5351 bytes]","args":[{"element-6066-11e4-a52e-4f735466cecf":"f.683367EF064D6F54A1F942EA8E2F8118.d.2AC284A772D497798317692B20263DAF.e.10314","ELEMENT":"f.683367EF064D6F54A1F942EA8E2F8118.d.2AC284A772D497798317692B20263DAF.e.10314"}]}
COMMAND: GET /session/59746a33121488b03cb28927e3139cef/screenshot - {}
RESULT: {}
RESULT: {"script":"<script> [5351 bytes]","args":[{"element-6066-11e4-a52e-4f735466cecf":"f.683367EF064D6F54A1F942EA8E2F8118.d.2AC284A772D497798317692B20263DAF.e.10314","ELEMENT":"f.683367EF064D6F54A1F942EA8E2F8118.d.2AC284A772D497798317692B20263DAF.e.10314"}]}
COMMAND: POST /session/59746a33121488b03cb28927e3139cef/element/f.683367EF064D6F54A1F942EA8E2F8118.d.2AC284A772D497798317692B20263DAF.e.10314/click - {}
COMMAND: GET /session/59746a33121488b03cb28927e3139cef/screenshot - {}
RESULT: {}
RESULT: {}
COMMAND: GET /session/59746a33121488b03cb28927e3139cef/screenshot - {}
RESULT: {}
RESULT: {}
RESULT: undefined
COMMAND: POST /session/59746a33121488b03cb28927e3139cef/execute/async - {"script":"<script> [776 bytes]","args":[{"enterText":"External Partner WDIO","selector":{"id":"application-managepartners-display-component---NewPartner--addressDetailDetailsName1","interaction":{"idSuffix":"inner"}},"clearTextFirst":true,"interactionType":"ENTER_TEXT"}]}
RESULT: {"script":"<script> [776 bytes]","args":[{"enterText":"External Partner WDIO","selector":{"id":"application-managepartners-display-component---NewPartner--addressDetailDetailsName1","interaction":{"idSuffix":"inner"}},"clearTextFirst":true,"interactionType":"ENTER_TEXT"}]}
RESULT: undefined
COMMAND: POST /session/59746a33121488b03cb28927e3139cef/element - {"using":"xpath","value":"//*[@id=\"application-managepartners-display-component---NewPartner--addressDetailDetailsLanguage-arrow\"]"}
RESULT: {"using":"xpath","value":"//*[@id=\"application-managepartners-display-component---NewPartner--addressDetailDetailsLanguage-arrow\"]"}
COMMAND: POST /session/59746a33121488b03cb28927e3139cef/element/f.683367EF064D6F54A1F942EA8E2F8118.d.2AC284A772D497798317692B20263DAF.e.10612/click - {}
RESULT: {}
COMMAND: POST /session/59746a33121488b03cb28927e3139cef/element - {"using":"xpath","value":"//span[contains(text(), \"English\")]"}
COMMAND: GET /session/59746a33121488b03cb28927e3139cef/screenshot - {}
RESULT: {"using":"xpath","value":"//span[contains(text(), \"English\")]"}
COMMAND: POST /session/59746a33121488b03cb28927e3139cef/element/f.683367EF064D6F54A1F942EA8E2F8118.d.2AC284A772D497798317692B20263DAF.e.10613/click - {}
RESULT: {}
RESULT: {}
COMMAND: GET /session/59746a33121488b03cb28927e3139cef/screenshot - {}
RESULT: {}
RESULT: undefined
COMMAND: POST /session/59746a33121488b03cb28927e3139cef/execute/async - {"script":"<script> [776 bytes]","args":[{"enterText":"Rosario","selector":{"id":"application-managepartners-display-component---NewPartner--addressDetailDetailsCity1","interaction":{"idSuffix":"inner"}},"clearTextFirst":true,"interactionType":"ENTER_TEXT"}]}
RESULT: {"script":"<script> [776 bytes]","args":[{"enterText":"Rosario","selector":{"id":"application-managepartners-display-component---NewPartner--addressDetailDetailsCity1","interaction":{"idSuffix":"inner"}},"clearTextFirst":true,"interactionType":"ENTER_TEXT"}]}
RESULT: undefined
COMMAND: POST /session/59746a33121488b03cb28927e3139cef/element - {"using":"xpath","value":"//*[@id=\"application-managepartners-display-component---NewPartner--addressDetailDetailsCountry-arrow\"]"}
RESULT: {"using":"xpath","value":"//*[@id=\"application-managepartners-display-component---NewPartner--addressDetailDetailsCountry-arrow\"]"}
COMMAND: POST /session/59746a33121488b03cb28927e3139cef/element/f.683367EF064D6F54A1F942EA8E2F8118.d.2AC284A772D497798317692B20263DAF.e.10599/click - {}
RESULT: {}
COMMAND: POST /session/59746a33121488b03cb28927e3139cef/element - {"using":"xpath","value":"//span[contains(text(), \"Argentina\")]"}
COMMAND: GET /session/59746a33121488b03cb28927e3139cef/screenshot - {}
RESULT: {"using":"xpath","value":"//span[contains(text(), \"Argentina\")]"}
COMMAND: POST /session/59746a33121488b03cb28927e3139cef/element/f.683367EF064D6F54A1F942EA8E2F8118.d.2AC284A772D497798317692B20263DAF.e.10614/click - {}
RESULT: {}
RESULT: {}
COMMAND: GET /session/59746a33121488b03cb28927e3139cef/screenshot - {}
RESULT: {}
COMMAND: POST /session/59746a33121488b03cb28927e3139cef/element - {"using":"xpath","value":"//bdi[contains(text(), \"Commercial\")]"}
RESULT: {"using":"xpath","value":"//bdi[contains(text(), \"Commercial\")]"}
COMMAND: POST /session/59746a33121488b03cb28927e3139cef/element/f.683367EF064D6F54A1F942EA8E2F8118.d.2AC284A772D497798317692B20263DAF.e.10615/click - {}
RESULT: {}
COMMAND: GET /session/59746a33121488b03cb28927e3139cef/screenshot - {}
RESULT: {}
RESULT: undefined
COMMAND: POST /session/59746a33121488b03cb28927e3139cef/element - {"using":"xpath","value":"//*[@id=\"application-managepartners-display-component---NewPartner--partnerDetailInternal-arrow\"]"}
RESULT: {"using":"xpath","value":"//*[@id=\"application-managepartners-display-component---NewPartner--partnerDetailInternal-arrow\"]"}
COMMAND: POST /session/59746a33121488b03cb28927e3139cef/element/f.683367EF064D6F54A1F942EA8E2F8118.d.2AC284A772D497798317692B20263DAF.e.10621/click - {}
RESULT: {}
COMMAND: POST /session/59746a33121488b03cb28927e3139cef/element - {"using":"xpath","value":"//span[contains(text(), \"External partner\")]"}
COMMAND: GET /session/59746a33121488b03cb28927e3139cef/screenshot - {}
RESULT: {"using":"xpath","value":"//span[contains(text(), \"External partner\")]"}
COMMAND: POST /session/59746a33121488b03cb28927e3139cef/element/f.683367EF064D6F54A1F942EA8E2F8118.d.2AC284A772D497798317692B20263DAF.e.10624/click - {}
RESULT: {}
RESULT: {}
RESULT: undefined
COMMAND: POST /session/59746a33121488b03cb28927e3139cef/element - {"using":"xpath","value":"//*[@id=\"application-managepartners-display-component---NewPartner--partnerDetailsCurrency-arrow\"]"}
COMMAND: GET /session/59746a33121488b03cb28927e3139cef/screenshot - {}
RESULT: {"using":"xpath","value":"//*[@id=\"application-managepartners-display-component---NewPartner--partnerDetailsCurrency-arrow\"]"}
COMMAND: POST /session/59746a33121488b03cb28927e3139cef/element/f.683367EF064D6F54A1F942EA8E2F8118.d.2AC284A772D497798317692B20263DAF.e.10629/click - {}
RESULT: {}
RESULT: {}
COMMAND: POST /session/59746a33121488b03cb28927e3139cef/element - {"using":"xpath","value":"//span[contains(text(), \"US Dollar\")]"}
COMMAND: GET /session/59746a33121488b03cb28927e3139cef/screenshot - {}
RESULT: {"using":"xpath","value":"//span[contains(text(), \"US Dollar\")]"}
COMMAND: POST /session/59746a33121488b03cb28927e3139cef/element/f.683367EF064D6F54A1F942EA8E2F8118.d.2AC284A772D497798317692B20263DAF.e.10630/click - {}
RESULT: {}
RESULT: {}
COMMAND: GET /session/59746a33121488b03cb28927e3139cef/screenshot - {}
RESULT: {}
COMMAND: POST /session/59746a33121488b03cb28927e3139cef/element - {"using":"xpath","value":"//input[@id=\"application-managepartners-display-component---NewPartner--companyCodeComboBox-inner\"]"}
RESULT: {"using":"xpath","value":"//input[@id=\"application-managepartners-display-component---NewPartner--companyCodeComboBox-inner\"]"}
COMMAND: POST /session/59746a33121488b03cb28927e3139cef/element/f.683367EF064D6F54A1F942EA8E2F8118.d.2AC284A772D497798317692B20263DAF.e.10477/clear - {}
RESULT: {}
COMMAND: POST /session/59746a33121488b03cb28927e3139cef/element/f.683367EF064D6F54A1F942EA8E2F8118.d.2AC284A772D497798317692B20263DAF.e.10477/value - {"text":"C002"}
COMMAND: GET /session/59746a33121488b03cb28927e3139cef/screenshot - {}
RESULT: {"text":"C002"}
COMMAND: GET /session/59746a33121488b03cb28927e3139cef/screenshot - {}
RESULT: {}
RESULT: {}
COMMAND: POST /session/59746a33121488b03cb28927e3139cef/element - {"using":"xpath","value":"//li[.//span[text()= \"C002\"]]"}
RESULT: {"using":"xpath","value":"//li[.//span[text()= \"C002\"]]"}
COMMAND: POST /session/59746a33121488b03cb28927e3139cef/element/f.683367EF064D6F54A1F942EA8E2F8118.d.2AC284A772D497798317692B20263DAF.e.10634/click - {}
RESULT: {}
COMMAND: GET /session/59746a33121488b03cb28927e3139cef/screenshot - {}
RESULT: {}
RESULT: undefined
COMMAND: POST /session/59746a33121488b03cb28927e3139cef/element - {"using":"xpath","value":"//*[@id=\"application-managepartners-display-component---NewPartner--btnAddTableRow-img\"]"}
RESULT: {"using":"xpath","value":"//*[@id=\"application-managepartners-display-component---NewPartner--btnAddTableRow-img\"]"}
COMMAND: POST /session/59746a33121488b03cb28927e3139cef/element/f.683367EF064D6F54A1F942EA8E2F8118.d.2AC284A772D497798317692B20263DAF.e.10635/click - {}
RESULT: {}
COMMAND: GET /session/59746a33121488b03cb28927e3139cef/screenshot - {}
RESULT: {}
COMMAND: POST /session/59746a33121488b03cb28927e3139cef/element - {"using":"xpath","value":"//input[@id=\"application-managepartners-display-component---NewPartner--assignmentYard-application-managepartners-display-component---NewPartner--assignmentsTable-0-inner\"]"}
RESULT: {"using":"xpath","value":"//input[@id=\"application-managepartners-display-component---NewPartner--assignmentYard-application-managepartners-display-component---NewPartner--assignmentsTable-0-inner\"]"}
COMMAND: POST /session/59746a33121488b03cb28927e3139cef/element/f.683367EF064D6F54A1F942EA8E2F8118.d.2AC284A772D497798317692B20263DAF.e.10638/clear - {}
RESULT: {}
COMMAND: POST /session/59746a33121488b03cb28927e3139cef/element/f.683367EF064D6F54A1F942EA8E2F8118.d.2AC284A772D497798317692B20263DAF.e.10638/value - {"text":"200"}
COMMAND: GET /session/59746a33121488b03cb28927e3139cef/screenshot - {}
RESULT: {"text":"200"}
COMMAND: GET /session/59746a33121488b03cb28927e3139cef/screenshot - {}
RESULT: {}
RESULT: {}
COMMAND: POST /session/59746a33121488b03cb28927e3139cef/element - {"using":"xpath","value":"//li[.//span[text()='200']]"}
RESULT: {"using":"xpath","value":"//li[.//span[text()='200']]"}
COMMAND: POST /session/59746a33121488b03cb28927e3139cef/element/f.683367EF064D6F54A1F942EA8E2F8118.d.2AC284A772D497798317692B20263DAF.e.10647/click - {}
RESULT: {}
COMMAND: GET /session/59746a33121488b03cb28927e3139cef/screenshot - {}
RESULT: {}
COMMAND: POST /session/59746a33121488b03cb28927e3139cef/actions - {"actions":[{"id":"action38","type":"key","parameters":{},"actions":[{"type":"keyDown","value":"î€‡"},{"type":"pause","duration":10},{"type":"keyUp","value":"î€‡"}]}]}
RESULT: {"actions":[{"id":"action38","type":"key","parameters":{},"actions":[{"type":"keyDown","value":"î€‡"},{"type":"pause","duration":10},{"type":"keyUp","value":"î€‡"}]}]}
COMMAND: POST /session/59746a33121488b03cb28927e3139cef/element - {"using":"xpath","value":"//td[contains(@id, \"assignmentsTable-0-cell2\")]/div/div"}
COMMAND: GET /session/59746a33121488b03cb28927e3139cef/screenshot - {}
RESULT: {"using":"xpath","value":"//td[contains(@id, \"assignmentsTable-0-cell2\")]/div/div"}
COMMAND: POST /session/59746a33121488b03cb28927e3139cef/element/f.683367EF064D6F54A1F942EA8E2F8118.d.2AC284A772D497798317692B20263DAF.e.10650/click - {}
RESULT: {}
RESULT: {}
COMMAND: GET /session/59746a33121488b03cb28927e3139cef/screenshot - {}
RESULT: {}
COMMAND: POST /session/59746a33121488b03cb28927e3139cef/element - {"using":"xpath","value":"//button[@data-kt=\"saveButton\"]"}
RESULT: {"using":"xpath","value":"//button[@data-kt=\"saveButton\"]"}
COMMAND: POST /session/59746a33121488b03cb28927e3139cef/element/f.683367EF064D6F54A1F942EA8E2F8118.d.2AC284A772D497798317692B20263DAF.e.10651/click - {}
RESULT: {}
COMMAND: GET /session/59746a33121488b03cb28927e3139cef/screenshot - {}
RESULT: {}
COMMAND: POST /session/59746a33121488b03cb28927e3139cef/element - {"using":"xpath","value":"//header[contains(@id, 'ObjectPageLayout-headerTitle')]/div[1]/div[2]/div[2]/span[1]"}
RESULT: {"using":"xpath","value":"//header[contains(@id, 'ObjectPageLayout-headerTitle')]/div[1]/div[2]/div[2]/span[1]"}
COMMAND: POST /session/59746a33121488b03cb28927e3139cef/elements - {"using":"xpath","value":"//header[contains(@id, 'ObjectPageLayout-headerTitle')]/div[1]/div[2]/div[2]/span[1]"}
RESULT: {"using":"xpath","value":"//header[contains(@id, 'ObjectPageLayout-headerTitle')]/div[1]/div[2]/div[2]/span[1]"}
COMMAND: POST /session/59746a33121488b03cb28927e3139cef/execute/sync - {"script":"<script> [56 bytes]","args":[{"element-6066-11e4-a52e-4f735466cecf":"f.683367EF064D6F54A1F942EA8E2F8118.d.2AC284A772D497798317692B20263DAF.e.10766","ELEMENT":"f.683367EF064D6F54A1F942EA8E2F8118.d.2AC284A772D497798317692B20263DAF.e.10766"}]}
RESULT: {"script":"<script> [56 bytes]","args":[{"element-6066-11e4-a52e-4f735466cecf":"f.683367EF064D6F54A1F942EA8E2F8118.d.2AC284A772D497798317692B20263DAF.e.10766","ELEMENT":"f.683367EF064D6F54A1F942EA8E2F8118.d.2AC284A772D497798317692B20263DAF.e.10766"}]}
COMMAND: POST /session/59746a33121488b03cb28927e3139cef/element - {"using":"css selector","value":"#shell-header-logo"}
COMMAND: GET /session/59746a33121488b03cb28927e3139cef/screenshot - {}
RESULT: {"using":"css selector","value":"#shell-header-logo"}
COMMAND: POST /session/59746a33121488b03cb28927e3139cef/element/f.683367EF064D6F54A1F942EA8E2F8118.d.2AC284A772D497798317692B20263DAF.e.10269/click - {}
RESULT: {}
RESULT: {}
COMMAND: GET /session/59746a33121488b03cb28927e3139cef/screenshot - {}
RESULT: {}
COMMAND: POST /session/59746a33121488b03cb28927e3139cef/execute/sync - {"script":"<script> [299 bytes]","args":[["getModel","getResource"]]}
RESULT: {"script":"<script> [299 bytes]","args":[["getModel","getResource"]]}
COMMAND: GET /session/59746a33121488b03cb28927e3139cef/screenshot - {}
RESULT: {}
COMMAND: DELETE /session/59746a33121488b03cb28927e3139cef - {}
RESULT: {}
]]></system-out>
    </testcase>
  </testsuite>
</testsuites>