<?xml version="1.0" encoding="UTF-8"?>
<testsuites tests="15" failures="0" errors="0" skipped="0">
  <testsuite timestamp="2025-05-19T15:18:12" time="74.624" tests="2" failures="0" errors="0" skipped="0">
    <properties>
      <property name="specId" value="0" />
      <property name="suiteName" value="Assign the user test user id to an address" />
      <property name="capabilities" value="chrome.136_0_7103_93.windows" />
      <property name="file" value="file:///D:/a/1/s/test/specs/R2C/assign-user-id-to-an-address.spec.js" />
    </properties>
    <testcase classname="chrome.136_0_7103_93.windows.Assign_the_user_test_user_id_to_an_address" name="Should search for test1ETM create only if not present" time="18.347">
      <system-out><![CDATA[
COMMAND: POST /session/7b7deb7c8590fa6091596ec8cf2db6e4/execute/async - {"script":"<script> [1562 bytes]","args":[{"selector":{"id":"application-addressmanagement-display-component---masterAdm--smartFilterBar-filterItemControl_BASIC-NAME-vhi"},"wdio_ui5_key":"applicationaddressmanagement-display-component---masterAdm--smartFilterBar-filterItemControl_BASIC-NAME-vhi"}]}
RESULT: {"script":"<script> [1562 bytes]","args":[{"selector":{"id":"application-addressmanagement-display-component---masterAdm--smartFilterBar-filterItemControl_BASIC-NAME-vhi"},"wdio_ui5_key":"applicationaddressmanagement-display-component---masterAdm--smartFilterBar-filterItemControl_BASIC-NAME-vhi"}]}
RESULT: undefined
COMMAND: POST /session/7b7deb7c8590fa6091596ec8cf2db6e4/element - {"using":"xpath","value":"//*[@id=\"application-addressmanagement-display-component---masterAdm--smartFilterBar-filterItemControl_BASIC-NAME-vhi\"]"}
RESULT: {"using":"xpath","value":"//*[@id=\"application-addressmanagement-display-component---masterAdm--smartFilterBar-filterItemControl_BASIC-NAME-vhi\"]"}
COMMAND: POST /session/7b7deb7c8590fa6091596ec8cf2db6e4/element/f.00692CF0BC94F1C607A97A5075ACE774.d.C6A241C4E63E8D1979FF14CB612AF616.e.291/click - {}
RESULT: {}
COMMAND: POST /session/7b7deb7c8590fa6091596ec8cf2db6e4/execute/async - {"script":"<script> [1562 bytes]","args":[{"selector":{"controlType":"sap.m.Input","viewName":"etm.portal.ui.addressmanagement.view.Master","viewId":"application-addressmanagement-display-component---masterAdm","properties":{"valueState":"None"},"searchOpenDialogs":true,"interaction":{"idSuffix":"inner"}},"wdio_ui5_key":"etmportal.ui.addressmanagement.view.Mastersap.m.Input{\"valueState\":\"None\"}"}]}
COMMAND: GET /session/7b7deb7c8590fa6091596ec8cf2db6e4/screenshot - {}
RESULT: {"script":"<script> [1562 bytes]","args":[{"selector":{"controlType":"sap.m.Input","viewName":"etm.portal.ui.addressmanagement.view.Master","viewId":"application-addressmanagement-display-component---masterAdm","properties":{"valueState":"None"},"searchOpenDialogs":true,"interaction":{"idSuffix":"inner"}},"wdio_ui5_key":"etmportal.ui.addressmanagement.view.Mastersap.m.Input{\"valueState\":\"None\"}"}]}
RESULT: undefined
COMMAND: POST /session/7b7deb7c8590fa6091596ec8cf2db6e4/execute/async - {"script":"<script> [776 bytes]","args":[{"enterText":"Test1ETM","selector":{"controlType":"sap.m.Input","viewName":"etm.portal.ui.addressmanagement.view.Master","viewId":"application-addressmanagement-display-component---masterAdm","properties":{"valueState":"None"},"searchOpenDialogs":true,"interaction":{"idSuffix":"inner"}},"clearTextFirst":true,"interactionType":"ENTER_TEXT"}]}
RESULT: {}
RESULT: {"script":"<script> [776 bytes]","args":[{"enterText":"Test1ETM","selector":{"controlType":"sap.m.Input","viewName":"etm.portal.ui.addressmanagement.view.Master","viewId":"application-addressmanagement-display-component---masterAdm","properties":{"valueState":"None"},"searchOpenDialogs":true,"interaction":{"idSuffix":"inner"}},"clearTextFirst":true,"interactionType":"ENTER_TEXT"}]}
COMMAND: POST /session/7b7deb7c8590fa6091596ec8cf2db6e4/actions - {"actions":[{"id":"action1","type":"key","parameters":{},"actions":[{"type":"keyDown","value":"î€‡"},{"type":"pause","duration":10},{"type":"keyUp","value":"î€‡"}]}]}
RESULT: {"actions":[{"id":"action1","type":"key","parameters":{},"actions":[{"type":"keyDown","value":"î€‡"},{"type":"pause","duration":10},{"type":"keyUp","value":"î€‡"}]}]}
COMMAND: POST /session/7b7deb7c8590fa6091596ec8cf2db6e4/execute/async - {"script":"<script> [1562 bytes]","args":[{"selector":{"id":"application-addressmanagement-display-component---masterAdm--smartFilterBar-filterItemControl_BASIC-NAME-valueHelpDialog-ok","searchOpenDialogs":true,"interaction":{"idSuffix":"BDI-content"}},"wdio_ui5_key":"applicationaddressmanagement-display-component---masterAdm--smartFilterBar-filterItemControl_BASIC-NAME-valueHelpDialog-ok"}]}
COMMAND: GET /session/7b7deb7c8590fa6091596ec8cf2db6e4/screenshot - {}
RESULT: {"script":"<script> [1562 bytes]","args":[{"selector":{"id":"application-addressmanagement-display-component---masterAdm--smartFilterBar-filterItemControl_BASIC-NAME-valueHelpDialog-ok","searchOpenDialogs":true,"interaction":{"idSuffix":"BDI-content"}},"wdio_ui5_key":"applicationaddressmanagement-display-component---masterAdm--smartFilterBar-filterItemControl_BASIC-NAME-valueHelpDialog-ok"}]}
RESULT: undefined
COMMAND: POST /session/7b7deb7c8590fa6091596ec8cf2db6e4/element - {"using":"xpath","value":"//*[@id=\"application-addressmanagement-display-component---masterAdm--smartFilterBar-filterItemControl_BASIC-NAME-valueHelpDialog-ok\"]"}
RESULT: {}
RESULT: {"using":"xpath","value":"//*[@id=\"application-addressmanagement-display-component---masterAdm--smartFilterBar-filterItemControl_BASIC-NAME-valueHelpDialog-ok\"]"}
COMMAND: POST /session/7b7deb7c8590fa6091596ec8cf2db6e4/element/f.00692CF0BC94F1C607A97A5075ACE774.d.C6A241C4E63E8D1979FF14CB612AF616.e.300/click - {}
RESULT: {}
COMMAND: GET /session/7b7deb7c8590fa6091596ec8cf2db6e4/screenshot - {}
RESULT: {}
COMMAND: POST /session/7b7deb7c8590fa6091596ec8cf2db6e4/element - {"using":"xpath","value":"(//span[text()=\"Active\"])[1]"}
RESULT: {"using":"xpath","value":"(//span[text()=\"Active\"])[1]"}
COMMAND: POST /session/7b7deb7c8590fa6091596ec8cf2db6e4/elements - {"using":"xpath","value":"(//span[text()=\"Active\"])[1]"}
RESULT: {"using":"xpath","value":"(//span[text()=\"Active\"])[1]"}
COMMAND: POST /session/7b7deb7c8590fa6091596ec8cf2db6e4/execute/sync - {"script":"<script> [8489 bytes]","args":[{"element-6066-11e4-a52e-4f735466cecf":"f.00692CF0BC94F1C607A97A5075ACE774.d.C6A241C4E63E8D1979FF14CB612AF616.e.318","ELEMENT":"f.00692CF0BC94F1C607A97A5075ACE774.d.C6A241C4E63E8D1979FF14CB612AF616.e.318"}]}
RESULT: {"script":"<script> [8489 bytes]","args":[{"element-6066-11e4-a52e-4f735466cecf":"f.00692CF0BC94F1C607A97A5075ACE774.d.C6A241C4E63E8D1979FF14CB612AF616.e.318","ELEMENT":"f.00692CF0BC94F1C607A97A5075ACE774.d.C6A241C4E63E8D1979FF14CB612AF616.e.318"}]}
COMMAND: POST /session/7b7deb7c8590fa6091596ec8cf2db6e4/execute/sync - {"script":"<script> [5351 bytes]","args":[{"element-6066-11e4-a52e-4f735466cecf":"f.00692CF0BC94F1C607A97A5075ACE774.d.C6A241C4E63E8D1979FF14CB612AF616.e.318","ELEMENT":"f.00692CF0BC94F1C607A97A5075ACE774.d.C6A241C4E63E8D1979FF14CB612AF616.e.318"}]}
COMMAND: GET /session/7b7deb7c8590fa6091596ec8cf2db6e4/screenshot - {}
RESULT: {"script":"<script> [5351 bytes]","args":[{"element-6066-11e4-a52e-4f735466cecf":"f.00692CF0BC94F1C607A97A5075ACE774.d.C6A241C4E63E8D1979FF14CB612AF616.e.318","ELEMENT":"f.00692CF0BC94F1C607A97A5075ACE774.d.C6A241C4E63E8D1979FF14CB612AF616.e.318"}]}
COMMAND: POST /session/7b7deb7c8590fa6091596ec8cf2db6e4/element/f.00692CF0BC94F1C607A97A5075ACE774.d.C6A241C4E63E8D1979FF14CB612AF616.e.318/click - {}
COMMAND: GET /session/7b7deb7c8590fa6091596ec8cf2db6e4/screenshot - {}
RESULT: {}
RESULT: {}
COMMAND: POST /session/7b7deb7c8590fa6091596ec8cf2db6e4/element - {"using":"xpath","value":"//span[@id=\"application-addressmanagement-display-component---detailAdm--addressDetailDetailsName1\"]"}
COMMAND: GET /session/7b7deb7c8590fa6091596ec8cf2db6e4/screenshot - {}
RESULT: {}
RESULT: {"using":"xpath","value":"//span[@id=\"application-addressmanagement-display-component---detailAdm--addressDetailDetailsName1\"]"}
COMMAND: POST /session/7b7deb7c8590fa6091596ec8cf2db6e4/execute/sync - {"script":"<script> [8489 bytes]","args":[{"element-6066-11e4-a52e-4f735466cecf":"f.00692CF0BC94F1C607A97A5075ACE774.d.C6A241C4E63E8D1979FF14CB612AF616.e.402","ELEMENT":"f.00692CF0BC94F1C607A97A5075ACE774.d.C6A241C4E63E8D1979FF14CB612AF616.e.402"}]}
RESULT: {}
RESULT: {"script":"<script> [8489 bytes]","args":[{"element-6066-11e4-a52e-4f735466cecf":"f.00692CF0BC94F1C607A97A5075ACE774.d.C6A241C4E63E8D1979FF14CB612AF616.e.402","ELEMENT":"f.00692CF0BC94F1C607A97A5075ACE774.d.C6A241C4E63E8D1979FF14CB612AF616.e.402"}]}
]]></system-out>
    </testcase>
    <testcase classname="chrome.136_0_7103_93.windows.Assign_the_user_test_user_id_to_an_address" name="Should edit the title of the created found address" time="10.166">
      <system-out><![CDATA[
COMMAND: POST /session/7b7deb7c8590fa6091596ec8cf2db6e4/execute/async - {"script":"<script> [1562 bytes]","args":[{"selector":{"controlType":"sap.m.Button","viewName":"etm.portal.ui.addressmanagement.view.Detail","viewId":"application-addressmanagement-display-component---detailAdm","i18NText":{"propertyName":"text","key":"edit"}},"wdio_ui5_key":"etmportal.ui.addressmanagement.view.Detailsap.m.Button{\"propertyName\":\"text\",\"key\":\"edit\"}"}]}
COMMAND: GET /session/7b7deb7c8590fa6091596ec8cf2db6e4/screenshot - {}
RESULT: {"script":"<script> [1562 bytes]","args":[{"selector":{"controlType":"sap.m.Button","viewName":"etm.portal.ui.addressmanagement.view.Detail","viewId":"application-addressmanagement-display-component---detailAdm","i18NText":{"propertyName":"text","key":"edit"}},"wdio_ui5_key":"etmportal.ui.addressmanagement.view.Detailsap.m.Button{\"propertyName\":\"text\",\"key\":\"edit\"}"}]}
RESULT: undefined
COMMAND: POST /session/7b7deb7c8590fa6091596ec8cf2db6e4/element - {"using":"xpath","value":"//*[@id=\"__button16\"]"}
RESULT: {}
RESULT: {"using":"xpath","value":"//*[@id=\"__button16\"]"}
COMMAND: POST /session/7b7deb7c8590fa6091596ec8cf2db6e4/element/f.00692CF0BC94F1C607A97A5075ACE774.d.C6A241C4E63E8D1979FF14CB612AF616.e.405/click - {}
RESULT: {}
COMMAND: POST /session/7b7deb7c8590fa6091596ec8cf2db6e4/execute/async - {"script":"<script> [1562 bytes]","args":[{"selector":{"controlType":"sap.ui.core.Icon","viewName":"etm.portal.ui.addressmanagement.view.EditDetail","properties":{"src":{"regex":{"source":"slim\\-arrow\\-down"}}},"ancestor":{"id":"addressTitle","viewName":"etm.portal.ui.addressmanagement.view.EditDetail"}},"wdio_ui5_key":"etmportal.ui.addressmanagement.view.EditDetailsap.ui.core.Icon{\"src\":{\"regex\":{\"source\":\"slim\\\\-arrow\\\\-down\"}}}{\"id\":\"addressTitle\",\"viewName\":\"etm.portal.ui.addressmanagement.view.EditDetail\"}"}]}
COMMAND: GET /session/7b7deb7c8590fa6091596ec8cf2db6e4/screenshot - {}
RESULT: {"script":"<script> [1562 bytes]","args":[{"selector":{"controlType":"sap.ui.core.Icon","viewName":"etm.portal.ui.addressmanagement.view.EditDetail","properties":{"src":{"regex":{"source":"slim\\-arrow\\-down"}}},"ancestor":{"id":"addressTitle","viewName":"etm.portal.ui.addressmanagement.view.EditDetail"}},"wdio_ui5_key":"etmportal.ui.addressmanagement.view.EditDetailsap.ui.core.Icon{\"src\":{\"regex\":{\"source\":\"slim\\\\-arrow\\\\-down\"}}}{\"id\":\"addressTitle\",\"viewName\":\"etm.portal.ui.addressmanagement.view.EditDetail\"}"}]}
RESULT: undefined
COMMAND: POST /session/7b7deb7c8590fa6091596ec8cf2db6e4/element - {"using":"xpath","value":"//*[@id=\"__xmlview58--addressTitle-arrow\"]"}
RESULT: {}
RESULT: {"using":"xpath","value":"//*[@id=\"__xmlview58--addressTitle-arrow\"]"}
COMMAND: POST /session/7b7deb7c8590fa6091596ec8cf2db6e4/element/f.00692CF0BC94F1C607A97A5075ACE774.d.C6A241C4E63E8D1979FF14CB612AF616.e.440/click - {}
RESULT: {}
COMMAND: POST /session/7b7deb7c8590fa6091596ec8cf2db6e4/execute/async - {"script":"<script> [1562 bytes]","args":[{"selector":{"controlType":"sap.m.StandardListItem","viewName":"etm.portal.ui.addressmanagement.view.EditDetail","properties":{"title":"Dr."},"searchOpenDialogs":true},"wdio_ui5_key":"etmportal.ui.addressmanagement.view.EditDetailsap.m.StandardListItem{\"title\":\"Dr.\"}"}]}
COMMAND: GET /session/7b7deb7c8590fa6091596ec8cf2db6e4/screenshot - {}
RESULT: {"script":"<script> [1562 bytes]","args":[{"selector":{"controlType":"sap.m.StandardListItem","viewName":"etm.portal.ui.addressmanagement.view.EditDetail","properties":{"title":"Dr."},"searchOpenDialogs":true},"wdio_ui5_key":"etmportal.ui.addressmanagement.view.EditDetailsap.m.StandardListItem{\"title\":\"Dr.\"}"}]}
RESULT: undefined
COMMAND: POST /session/7b7deb7c8590fa6091596ec8cf2db6e4/element - {"using":"xpath","value":"//*[@id=\"__item219\"]"}
RESULT: {}
RESULT: {"using":"xpath","value":"//*[@id=\"__item219\"]"}
COMMAND: POST /session/7b7deb7c8590fa6091596ec8cf2db6e4/element/f.00692CF0BC94F1C607A97A5075ACE774.d.C6A241C4E63E8D1979FF14CB612AF616.e.441/click - {}
RESULT: {}
COMMAND: POST /session/7b7deb7c8590fa6091596ec8cf2db6e4/execute/async - {"script":"<script> [1562 bytes]","args":[{"selector":{"controlType":"sap.m.Button","viewName":"etm.portal.ui.addressmanagement.view.EditDetail","i18NText":{"propertyName":"text","key":"save"}},"wdio_ui5_key":"etmportal.ui.addressmanagement.view.EditDetailsap.m.Button{\"propertyName\":\"text\",\"key\":\"save\"}"}]}
COMMAND: GET /session/7b7deb7c8590fa6091596ec8cf2db6e4/screenshot - {}
RESULT: {"script":"<script> [1562 bytes]","args":[{"selector":{"controlType":"sap.m.Button","viewName":"etm.portal.ui.addressmanagement.view.EditDetail","i18NText":{"propertyName":"text","key":"save"}},"wdio_ui5_key":"etmportal.ui.addressmanagement.view.EditDetailsap.m.Button{\"propertyName\":\"text\",\"key\":\"save\"}"}]}
RESULT: undefined
COMMAND: POST /session/7b7deb7c8590fa6091596ec8cf2db6e4/element - {"using":"xpath","value":"//*[@id=\"__button37\"]"}
RESULT: {}
RESULT: {"using":"xpath","value":"//*[@id=\"__button37\"]"}
COMMAND: POST /session/7b7deb7c8590fa6091596ec8cf2db6e4/element/f.00692CF0BC94F1C607A97A5075ACE774.d.C6A241C4E63E8D1979FF14CB612AF616.e.442/click - {}
RESULT: {}
COMMAND: GET /session/7b7deb7c8590fa6091596ec8cf2db6e4/screenshot - {}
RESULT: {}
COMMAND: POST /session/7b7deb7c8590fa6091596ec8cf2db6e4/element - {"using":"xpath","value":"//span[@id=\"application-addressmanagement-display-component---detailAdm--addressTitle\"]"}
RESULT: {"using":"xpath","value":"//span[@id=\"application-addressmanagement-display-component---detailAdm--addressTitle\"]"}
COMMAND: GET /session/7b7deb7c8590fa6091596ec8cf2db6e4/element/f.00692CF0BC94F1C607A97A5075ACE774.d.C6A241C4E63E8D1979FF14CB612AF616.e.448/text - {}
RESULT: {}
COMMAND: POST /session/7b7deb7c8590fa6091596ec8cf2db6e4/element - {"using":"xpath","value":"//span[@id=\"application-addressmanagement-display-component---detailAdm--addressDetailDetailsName1\"]"}
RESULT: {"using":"xpath","value":"//span[@id=\"application-addressmanagement-display-component---detailAdm--addressDetailDetailsName1\"]"}
COMMAND: GET /session/7b7deb7c8590fa6091596ec8cf2db6e4/element/f.00692CF0BC94F1C607A97A5075ACE774.d.C6A241C4E63E8D1979FF14CB612AF616.e.402/text - {}
RESULT: {}
COMMAND: POST /session/7b7deb7c8590fa6091596ec8cf2db6e4/refresh - {}
RESULT: {}
COMMAND: GET /session/7b7deb7c8590fa6091596ec8cf2db6e4/screenshot - {}
RESULT: {}
COMMAND: POST /session/7b7deb7c8590fa6091596ec8cf2db6e4/refresh - {}
RESULT: {}
COMMAND: GET /session/7b7deb7c8590fa6091596ec8cf2db6e4/screenshot - {}
RESULT: {}
COMMAND: POST /session/7b7deb7c8590fa6091596ec8cf2db6e4/window/fullscreen - {}
RESULT: {}
COMMAND: POST /session/7b7deb7c8590fa6091596ec8cf2db6e4/execute/async - {"script":"<script> [189 bytes]","args":[]}
RESULT: {"script":"<script> [189 bytes]","args":[]}
COMMAND: POST /session/7b7deb7c8590fa6091596ec8cf2db6e4/execute/async - {"script":"<script> [123 bytes]","args":[]}
RESULT: {"script":"<script> [123 bytes]","args":[]}
COMMAND: POST /session/7b7deb7c8590fa6091596ec8cf2db6e4/timeouts - {"script":"<number>"}
RESULT: {"script":"<number>"}
COMMAND: GET /session/7b7deb7c8590fa6091596ec8cf2db6e4/timeouts - {}
RESULT: {}
RESULT: undefined
COMMAND: POST /session/7b7deb7c8590fa6091596ec8cf2db6e4/execute/async - {"script":"<script> [2676 bytes]","args":[]}
RESULT: {"script":"<script> [2676 bytes]","args":[]}
COMMAND: POST /session/7b7deb7c8590fa6091596ec8cf2db6e4/execute/async - {"script":"<script> [2342 bytes]","args":[{"protocol":"http","hostname":"0.0.0.0","path":"/","capabilities":{"browserName":"chrome","goog:chromeOptions":{"binary":"C:\\Program Files\\Google\\Chrome\\Application\\chrome.exe","args":["--start-maximized"]}},"logLevel":"warn","connectionRetryTimeout":120000,"connectionRetryCount":3,"logLevels":{},"enableDirectConnect":true,"strictSSL":true,"_":"65 more keys: [\"cacheDir\",\"port\",\"requestedCapabilities\",\"automationProtocol\",\"baseUrl\",\"waitforInterval\",\"waitforTimeout\",\"onReload\",\"beforeCommand\",\"afterCommand\",\"rootDir\",\"specs\",\"suites\",\"exclude\",\"groupLogsByTestSpec\",\"excludeDriverLogs\",\"bail\",\"framework\",\"reporters\",\"services\",\"maxInstances\",\"maxInstancesPerCapability\",\"injectGlobals\",\"filesToWatch\",\"execArgv\",\"runnerEnv\",\"runner\",\"shard\",\"specFileRetries\",\"specFileRetriesDelay\",\"specFileRetriesDeferred\",\"reporterSyncInterval\",\"reporterSyncTimeout\",\"cucumberFeaturesWithLineNumbers\",\"autoCompileOpts\",\"mochaOpts\",\"jasmineOpts\",\"cucumberOpts\",\"onPrepare\",\"onWorkerStart\",\"onWorkerEnd\",\"before\",\"beforeSession\",\"beforeSuite\",\"beforeHook\",\"beforeTest\",\"afterTest\",\"afterHook\",\"afterSuite\",\"afterSession\",\"after\",\"onComplete\",\"beforeAssertion\",\"afterAssertion\",\"beforeFeature\",\"beforeScenario\",\"beforeStep\",\"afterStep\",\"afterScenario\",\"afterFeature\",\"_\",\"suite\",\"$0\",\"ignoredWorkerServices\",\"wdi5\"]"}]}
RESULT: {"script":"<script> [2342 bytes]","args":[{"protocol":"http","hostname":"0.0.0.0","path":"/","capabilities":{"browserName":"chrome","goog:chromeOptions":{"binary":"C:\\Program Files\\Google\\Chrome\\Application\\chrome.exe","args":["--start-maximized"]}},"logLevel":"warn","connectionRetryTimeout":120000,"connectionRetryCount":3,"logLevels":{},"enableDirectConnect":true,"strictSSL":true,"_":"65 more keys: [\"cacheDir\",\"port\",\"requestedCapabilities\",\"automationProtocol\",\"baseUrl\",\"waitforInterval\",\"waitforTimeout\",\"onReload\",\"beforeCommand\",\"afterCommand\",\"rootDir\",\"specs\",\"suites\",\"exclude\",\"groupLogsByTestSpec\",\"excludeDriverLogs\",\"bail\",\"framework\",\"reporters\",\"services\",\"maxInstances\",\"maxInstancesPerCapability\",\"injectGlobals\",\"filesToWatch\",\"execArgv\",\"runnerEnv\",\"runner\",\"shard\",\"specFileRetries\",\"specFileRetriesDelay\",\"specFileRetriesDeferred\",\"reporterSyncInterval\",\"reporterSyncTimeout\",\"cucumberFeaturesWithLineNumbers\",\"autoCompileOpts\",\"mochaOpts\",\"jasmineOpts\",\"cucumberOpts\",\"onPrepare\",\"onWorkerStart\",\"onWorkerEnd\",\"before\",\"beforeSession\",\"beforeSuite\",\"beforeHook\",\"beforeTest\",\"afterTest\",\"afterHook\",\"afterSuite\",\"afterSession\",\"after\",\"onComplete\",\"beforeAssertion\",\"afterAssertion\",\"beforeFeature\",\"beforeScenario\",\"beforeStep\",\"afterStep\",\"afterScenario\",\"afterFeature\",\"_\",\"suite\",\"$0\",\"ignoredWorkerServices\",\"wdi5\"]"}]}
COMMAND: POST /session/7b7deb7c8590fa6091596ec8cf2db6e4/execute/async - {"script":"<script> [21126 bytes]","args":[35000]}
RESULT: {"script":"<script> [21126 bytes]","args":[35000]}
COMMAND: POST /session/7b7deb7c8590fa6091596ec8cf2db6e4/element - {"using":"css selector","value":"#shell-header-logo"}
RESULT: {"using":"css selector","value":"#shell-header-logo"}
COMMAND: POST /session/7b7deb7c8590fa6091596ec8cf2db6e4/element/f.00692CF0BC94F1C607A97A5075ACE774.d.B1D36956A01912677B4D33FC88A0270B.e.693/click - {}
RESULT: {}
COMMAND: GET /session/7b7deb7c8590fa6091596ec8cf2db6e4/screenshot - {}
COMMAND: POST /session/7b7deb7c8590fa6091596ec8cf2db6e4/execute/async - {"script":"<script> [1562 bytes]","args":[{"selector":{"controlType":"sap.m.GenericTile","properties":{"header":"Manage Yards"}},"wdio_ui5_key":"sapm.GenericTile{\"header\":\"Manage Yards\"}"}]}
RESULT: {}
RESULT: {"script":"<script> [1562 bytes]","args":[{"selector":{"controlType":"sap.m.GenericTile","properties":{"header":"Manage Yards"}},"wdio_ui5_key":"sapm.GenericTile{\"header\":\"Manage Yards\"}"}]}
RESULT: undefined
COMMAND: POST /session/7b7deb7c8590fa6091596ec8cf2db6e4/element - {"using":"xpath","value":"//*[@id=\"__tile52\"]"}
RESULT: {"using":"xpath","value":"//*[@id=\"__tile52\"]"}
COMMAND: POST /session/7b7deb7c8590fa6091596ec8cf2db6e4/element/f.00692CF0BC94F1C607A97A5075ACE774.d.B1D36956A01912677B4D33FC88A0270B.e.1189/click - {}
RESULT: {}
COMMAND: GET /session/7b7deb7c8590fa6091596ec8cf2db6e4/screenshot - {}
RESULT: {}
COMMAND: POST /session/7b7deb7c8590fa6091596ec8cf2db6e4/elements - {"using":"xpath","value":"//span[text()='Error']"}
RESULT: {"using":"xpath","value":"//span[text()='Error']"}
]]></system-out>
    </testcase>
  </testsuite>
  <testsuite timestamp="2025-05-19T15:19:27" time="301.548" tests="2" failures="0" errors="0" skipped="0">
    <properties>
      <property name="specId" value="0" />
      <property name="suiteName" value="Create 2 Yards US112496" />
      <property name="capabilities" value="chrome.136_0_7103_93.windows" />
      <property name="file" value="file:///D:/a/1/s/test/specs/R2C/create-yard.spec.js" />
    </properties>
    <testcase classname="chrome.136_0_7103_93.windows.Create_2_Yards_US112496" name="Should create a new simple yard" time="132.454">
      <system-out><![CDATA[
COMMAND: POST /session/7b7deb7c8590fa6091596ec8cf2db6e4/execute/async - {"script":"<script> [1562 bytes]","args":[{"selector":{"controlType":"sap.ui.core.Icon","viewName":"etm.portal.ui.manageyards.view.Master","viewId":"application-manageyards-display-component---masterYard","properties":{"src":{"regex":{"source":"add"}}}},"wdio_ui5_key":"etmportal.ui.manageyards.view.Mastersap.ui.core.Icon{\"src\":{\"regex\":{\"source\":\"add\"}}}"}]}
RESULT: {"script":"<script> [1562 bytes]","args":[{"selector":{"controlType":"sap.ui.core.Icon","viewName":"etm.portal.ui.manageyards.view.Master","viewId":"application-manageyards-display-component---masterYard","properties":{"src":{"regex":{"source":"add"}}}},"wdio_ui5_key":"etmportal.ui.manageyards.view.Mastersap.ui.core.Icon{\"src\":{\"regex\":{\"source\":\"add\"}}}"}]}
RESULT: undefined
COMMAND: POST /session/7b7deb7c8590fa6091596ec8cf2db6e4/element - {"using":"xpath","value":"//*[@id=\"__button23-img\"]"}
RESULT: {"using":"xpath","value":"//*[@id=\"__button23-img\"]"}
COMMAND: POST /session/7b7deb7c8590fa6091596ec8cf2db6e4/element/f.00692CF0BC94F1C607A97A5075ACE774.d.B1D36956A01912677B4D33FC88A0270B.e.1233/click - {}
RESULT: {}
COMMAND: GET /session/7b7deb7c8590fa6091596ec8cf2db6e4/screenshot - {}
RESULT: {}
COMMAND: POST /session/7b7deb7c8590fa6091596ec8cf2db6e4/execute/async - {"script":"<script> [1562 bytes]","args":[{"selector":{"id":"application-manageyards-display-component---NewYard--yardId","interaction":{"idSuffix":"inner"}},"wdio_ui5_key":"applicationmanageyards-display-component---NewYard--yardId"}]}
RESULT: {"script":"<script> [1562 bytes]","args":[{"selector":{"id":"application-manageyards-display-component---NewYard--yardId","interaction":{"idSuffix":"inner"}},"wdio_ui5_key":"applicationmanageyards-display-component---NewYard--yardId"}]}
RESULT: undefined
COMMAND: POST /session/7b7deb7c8590fa6091596ec8cf2db6e4/element - {"using":"xpath","value":"//*[@id=\"application-manageyards-display-component---NewYard--addressDetailDetailsName1-inner\"]"}
RESULT: {"using":"xpath","value":"//*[@id=\"application-manageyards-display-component---NewYard--addressDetailDetailsName1-inner\"]"}
COMMAND: POST /session/7b7deb7c8590fa6091596ec8cf2db6e4/element/f.00692CF0BC94F1C607A97A5075ACE774.d.B1D36956A01912677B4D33FC88A0270B.e.1491/clear - {}
RESULT: {}
COMMAND: POST /session/7b7deb7c8590fa6091596ec8cf2db6e4/element/f.00692CF0BC94F1C607A97A5075ACE774.d.B1D36956A01912677B4D33FC88A0270B.e.1491/value - {"text":"Webdriver Yard 2endc"}
COMMAND: GET /session/7b7deb7c8590fa6091596ec8cf2db6e4/screenshot - {}
RESULT: {"text":"Webdriver Yard 2endc"}
COMMAND: POST /session/7b7deb7c8590fa6091596ec8cf2db6e4/element - {"using":"xpath","value":"//*[@id=\"application-manageyards-display-component---NewYard--addressDetailDetailsLanguage-inner\"]"}
COMMAND: GET /session/7b7deb7c8590fa6091596ec8cf2db6e4/screenshot - {}
RESULT: {}
RESULT: {"using":"xpath","value":"//*[@id=\"application-manageyards-display-component---NewYard--addressDetailDetailsLanguage-inner\"]"}
COMMAND: POST /session/7b7deb7c8590fa6091596ec8cf2db6e4/element/f.00692CF0BC94F1C607A97A5075ACE774.d.B1D36956A01912677B4D33FC88A0270B.e.1492/clear - {}
RESULT: {}
RESULT: {}
COMMAND: POST /session/7b7deb7c8590fa6091596ec8cf2db6e4/element/f.00692CF0BC94F1C607A97A5075ACE774.d.B1D36956A01912677B4D33FC88A0270B.e.1492/value - {"text":"Romanian"}
COMMAND: GET /session/7b7deb7c8590fa6091596ec8cf2db6e4/screenshot - {}
RESULT: {}
RESULT: {"text":"Romanian"}
COMMAND: GET /session/7b7deb7c8590fa6091596ec8cf2db6e4/screenshot - {}
RESULT: {}
COMMAND: POST /session/7b7deb7c8590fa6091596ec8cf2db6e4/element - {"using":"xpath","value":"//*[@id=\"application-manageyards-display-component---NewYard--addressDetailDetailsCity1-inner\"]"}
RESULT: {"using":"xpath","value":"//*[@id=\"application-manageyards-display-component---NewYard--addressDetailDetailsCity1-inner\"]"}
COMMAND: POST /session/7b7deb7c8590fa6091596ec8cf2db6e4/element/f.00692CF0BC94F1C607A97A5075ACE774.d.B1D36956A01912677B4D33FC88A0270B.e.1494/clear - {}
RESULT: {}
COMMAND: POST /session/7b7deb7c8590fa6091596ec8cf2db6e4/element/f.00692CF0BC94F1C607A97A5075ACE774.d.B1D36956A01912677B4D33FC88A0270B.e.1494/value - {"text":"Bucuresti"}
COMMAND: GET /session/7b7deb7c8590fa6091596ec8cf2db6e4/screenshot - {}
RESULT: {"text":"Bucuresti"}
COMMAND: GET /session/7b7deb7c8590fa6091596ec8cf2db6e4/screenshot - {}
RESULT: {}
COMMAND: POST /session/7b7deb7c8590fa6091596ec8cf2db6e4/element - {"using":"xpath","value":"//*[@id=\"application-manageyards-display-component---NewYard--addressDetailDetailsCountry-inner\"]"}
RESULT: {}
RESULT: {"using":"xpath","value":"//*[@id=\"application-manageyards-display-component---NewYard--addressDetailDetailsCountry-inner\"]"}
COMMAND: POST /session/7b7deb7c8590fa6091596ec8cf2db6e4/element/f.00692CF0BC94F1C607A97A5075ACE774.d.B1D36956A01912677B4D33FC88A0270B.e.1498/clear - {}
RESULT: {}
COMMAND: POST /session/7b7deb7c8590fa6091596ec8cf2db6e4/element/f.00692CF0BC94F1C607A97A5075ACE774.d.B1D36956A01912677B4D33FC88A0270B.e.1498/value - {"text":"Romania"}
COMMAND: GET /session/7b7deb7c8590fa6091596ec8cf2db6e4/screenshot - {}
RESULT: {"text":"Romania"}
COMMAND: GET /session/7b7deb7c8590fa6091596ec8cf2db6e4/screenshot - {}
RESULT: {}
COMMAND: POST /session/7b7deb7c8590fa6091596ec8cf2db6e4/element - {"using":"xpath","value":"//div[contains(text(), \"Commercial\")]"}
RESULT: {}
RESULT: {"using":"xpath","value":"//div[contains(text(), \"Commercial\")]"}
COMMAND: GET /session/7b7deb7c8590fa6091596ec8cf2db6e4/element/f.00692CF0BC94F1C607A97A5075ACE774.d.B1D36956A01912677B4D33FC88A0270B.e.1668/rect - {}
RESULT: {}
COMMAND: GET /session/7b7deb7c8590fa6091596ec8cf2db6e4/window/rect - {}
RESULT: {}
COMMAND: POST /session/7b7deb7c8590fa6091596ec8cf2db6e4/execute/sync - {"script":"<script> [92 bytes]","args":[]}
RESULT: {"script":"<script> [92 bytes]","args":[]}
COMMAND: POST /session/7b7deb7c8590fa6091596ec8cf2db6e4/actions - {"actions":[{"id":"action2","type":"wheel","parameters":{},"actions":[{"type":"scroll","x":-1825,"y":-44,"deltaX":0,"deltaY":0,"duration":0,"origin":{"element-6066-11e4-a52e-4f735466cecf":"f.00692CF0BC94F1C607A97A5075ACE774.d.B1D36956A01912677B4D33FC88A0270B.e.1668"}}]}]}
COMMAND: GET /session/7b7deb7c8590fa6091596ec8cf2db6e4/screenshot - {}
RESULT: {}
COMMAND: POST /session/7b7deb7c8590fa6091596ec8cf2db6e4/execute/sync - {"script":"<script> [79 bytes]","args":[{"element-6066-11e4-a52e-4f735466cecf":"f.00692CF0BC94F1C607A97A5075ACE774.d.B1D36956A01912677B4D33FC88A0270B.e.1668","ELEMENT":"f.00692CF0BC94F1C607A97A5075ACE774.d.B1D36956A01912677B4D33FC88A0270B.e.1668"},{"block":"start","inline":"nearest"}]}
RESULT: {"script":"<script> [79 bytes]","args":[{"element-6066-11e4-a52e-4f735466cecf":"f.00692CF0BC94F1C607A97A5075ACE774.d.B1D36956A01912677B4D33FC88A0270B.e.1668","ELEMENT":"f.00692CF0BC94F1C607A97A5075ACE774.d.B1D36956A01912677B4D33FC88A0270B.e.1668"},{"block":"start","inline":"nearest"}]}
COMMAND: GET /session/7b7deb7c8590fa6091596ec8cf2db6e4/screenshot - {}
RESULT: {}
COMMAND: POST /session/7b7deb7c8590fa6091596ec8cf2db6e4/element - {"using":"xpath","value":"//input[@id='application-manageyards-display-component---NewYard--addressEditDetailsCostObjectCstType-inner']"}
RESULT: {"using":"xpath","value":"//input[@id='application-manageyards-display-component---NewYard--addressEditDetailsCostObjectCstType-inner']"}
COMMAND: POST /session/7b7deb7c8590fa6091596ec8cf2db6e4/execute/sync - {"script":"<script> [8489 bytes]","args":[{"element-6066-11e4-a52e-4f735466cecf":"f.00692CF0BC94F1C607A97A5075ACE774.d.B1D36956A01912677B4D33FC88A0270B.e.1504","ELEMENT":"f.00692CF0BC94F1C607A97A5075ACE774.d.B1D36956A01912677B4D33FC88A0270B.e.1504"}]}
RESULT: {"script":"<script> [8489 bytes]","args":[{"element-6066-11e4-a52e-4f735466cecf":"f.00692CF0BC94F1C607A97A5075ACE774.d.B1D36956A01912677B4D33FC88A0270B.e.1504","ELEMENT":"f.00692CF0BC94F1C607A97A5075ACE774.d.B1D36956A01912677B4D33FC88A0270B.e.1504"}]}
COMMAND: POST /session/7b7deb7c8590fa6091596ec8cf2db6e4/element/f.00692CF0BC94F1C607A97A5075ACE774.d.B1D36956A01912677B4D33FC88A0270B.e.1504/clear - {}
COMMAND: GET /session/7b7deb7c8590fa6091596ec8cf2db6e4/screenshot - {}
RESULT: {}
COMMAND: POST /session/7b7deb7c8590fa6091596ec8cf2db6e4/element/f.00692CF0BC94F1C607A97A5075ACE774.d.B1D36956A01912677B4D33FC88A0270B.e.1504/value - {"text":"Cost"}
COMMAND: GET /session/7b7deb7c8590fa6091596ec8cf2db6e4/screenshot - {}
RESULT: {}
RESULT: {"text":"Cost"}
COMMAND: GET /session/7b7deb7c8590fa6091596ec8cf2db6e4/screenshot - {}
RESULT: {}
RESULT: {}
COMMAND: POST /session/7b7deb7c8590fa6091596ec8cf2db6e4/execute/async - {"script":"<script> [1562 bytes]","args":[{"selector":{"id":"application-manageyards-display-component---NewYard--addressNewCostObjectCstID","interaction":{"idSuffix":"inner"}},"wdio_ui5_key":"applicationmanageyards-display-component---NewYard--addressNewCostObjectCstID"}]}
RESULT: {"script":"<script> [1562 bytes]","args":[{"selector":{"id":"application-manageyards-display-component---NewYard--addressNewCostObjectCstID","interaction":{"idSuffix":"inner"}},"wdio_ui5_key":"applicationmanageyards-display-component---NewYard--addressNewCostObjectCstID"}]}
RESULT: undefined
COMMAND: POST /session/7b7deb7c8590fa6091596ec8cf2db6e4/execute/async - {"script":"<script> [776 bytes]","args":[{"enterText":"10001013","selector":{"id":"application-manageyards-display-component---NewYard--addressNewCostObjectCstID","interaction":{"idSuffix":"inner"}},"clearTextFirst":true,"interactionType":"ENTER_TEXT"}]}
RESULT: {"script":"<script> [776 bytes]","args":[{"enterText":"10001013","selector":{"id":"application-manageyards-display-component---NewYard--addressNewCostObjectCstID","interaction":{"idSuffix":"inner"}},"clearTextFirst":true,"interactionType":"ENTER_TEXT"}]}
COMMAND: POST /session/7b7deb7c8590fa6091596ec8cf2db6e4/actions - {"actions":[{"id":"action3","type":"key","parameters":{},"actions":[{"type":"keyDown","value":"î€‡"},{"type":"pause","duration":10},{"type":"keyUp","value":"î€‡"}]}]}
RESULT: {"actions":[{"id":"action3","type":"key","parameters":{},"actions":[{"type":"keyDown","value":"î€‡"},{"type":"pause","duration":10},{"type":"keyUp","value":"î€‡"}]}]}
COMMAND: GET /session/7b7deb7c8590fa6091596ec8cf2db6e4/screenshot - {}
RESULT: {}
COMMAND: POST /session/7b7deb7c8590fa6091596ec8cf2db6e4/execute/async - {"script":"<script> [1562 bytes]","args":[{"selector":{"controlType":"sap.m.Button","viewName":"etm.portal.ui.manageyards.view.New","viewId":"application-manageyards-display-component---NewYard","i18NText":{"propertyName":"text","key":"save"},"interaction":{"idSuffix":"inner"}},"wdio_ui5_key":"etmportal.ui.manageyards.view.Newsap.m.Button{\"propertyName\":\"text\",\"key\":\"save\"}"}]}
RESULT: {"script":"<script> [1562 bytes]","args":[{"selector":{"controlType":"sap.m.Button","viewName":"etm.portal.ui.manageyards.view.New","viewId":"application-manageyards-display-component---NewYard","i18NText":{"propertyName":"text","key":"save"},"interaction":{"idSuffix":"inner"}},"wdio_ui5_key":"etmportal.ui.manageyards.view.Newsap.m.Button{\"propertyName\":\"text\",\"key\":\"save\"}"}]}
RESULT: undefined
COMMAND: POST /session/7b7deb7c8590fa6091596ec8cf2db6e4/element - {"using":"xpath","value":"//*[@id=\"__button37\"]"}
RESULT: {"using":"xpath","value":"//*[@id=\"__button37\"]"}
COMMAND: POST /session/7b7deb7c8590fa6091596ec8cf2db6e4/element/f.00692CF0BC94F1C607A97A5075ACE774.d.B1D36956A01912677B4D33FC88A0270B.e.1625/click - {}
RESULT: {}
COMMAND: GET /session/7b7deb7c8590fa6091596ec8cf2db6e4/screenshot - {}
RESULT: {}
COMMAND: POST /session/7b7deb7c8590fa6091596ec8cf2db6e4/element - {"using":"xpath","value":"//header/div/div/div/div/div/div[2]/div/span"}
RESULT: {"using":"xpath","value":"//header/div/div/div/div/div/div[2]/div/span"}
COMMAND: GET /session/7b7deb7c8590fa6091596ec8cf2db6e4/element/f.00692CF0BC94F1C607A97A5075ACE774.d.B1D36956A01912677B4D33FC88A0270B.e.1890/text - {}
RESULT: {}
COMMAND: POST /session/7b7deb7c8590fa6091596ec8cf2db6e4/element - {"using":"xpath","value":"//header/div/div[2]/div[2]/span"}
RESULT: {"using":"xpath","value":"//header/div/div[2]/div[2]/span"}
COMMAND: GET /session/7b7deb7c8590fa6091596ec8cf2db6e4/element/f.00692CF0BC94F1C607A97A5075ACE774.d.B1D36956A01912677B4D33FC88A0270B.e.1891/text - {}
RESULT: {}
COMMAND: POST /session/7b7deb7c8590fa6091596ec8cf2db6e4/execute/async - {"script":"<script> [1562 bytes]","args":[{"selector":{"controlType":"sap.m.OverflowToolbarButton","viewName":"etm.portal.ui.manageyards.view.Detail","viewId":"application-manageyards-display-component---detailYard","i18NText":{"propertyName":"tooltip","key":"closeColumn"},"interaction":{"idSuffix":"inner"}},"wdio_ui5_key":"etmportal.ui.manageyards.view.Detailsap.m.OverflowToolbarButton{\"propertyName\":\"tooltip\",\"key\":\"closeColumn\"}"}]}
RESULT: {"script":"<script> [1562 bytes]","args":[{"selector":{"controlType":"sap.m.OverflowToolbarButton","viewName":"etm.portal.ui.manageyards.view.Detail","viewId":"application-manageyards-display-component---detailYard","i18NText":{"propertyName":"tooltip","key":"closeColumn"},"interaction":{"idSuffix":"inner"}},"wdio_ui5_key":"etmportal.ui.manageyards.view.Detailsap.m.OverflowToolbarButton{\"propertyName\":\"tooltip\",\"key\":\"closeColumn\"}"}]}
RESULT: undefined
COMMAND: POST /session/7b7deb7c8590fa6091596ec8cf2db6e4/element - {"using":"xpath","value":"//*[@id=\"__button58\"]"}
RESULT: {"using":"xpath","value":"//*[@id=\"__button58\"]"}
COMMAND: POST /session/7b7deb7c8590fa6091596ec8cf2db6e4/element/f.00692CF0BC94F1C607A97A5075ACE774.d.B1D36956A01912677B4D33FC88A0270B.e.1893/click - {}
RESULT: {}
COMMAND: POST /session/7b7deb7c8590fa6091596ec8cf2db6e4/refresh - {}
COMMAND: GET /session/7b7deb7c8590fa6091596ec8cf2db6e4/screenshot - {}
RESULT: {}
COMMAND: GET /session/7b7deb7c8590fa6091596ec8cf2db6e4/screenshot - {}
RESULT: {}
RESULT: {}
COMMAND: POST /session/7b7deb7c8590fa6091596ec8cf2db6e4/refresh - {}
RESULT: {}
COMMAND: GET /session/7b7deb7c8590fa6091596ec8cf2db6e4/screenshot - {}
RESULT: {}
COMMAND: POST /session/7b7deb7c8590fa6091596ec8cf2db6e4/window/fullscreen - {}
RESULT: {}
COMMAND: POST /session/7b7deb7c8590fa6091596ec8cf2db6e4/execute/async - {"script":"<script> [189 bytes]","args":[]}
RESULT: {"script":"<script> [189 bytes]","args":[]}
COMMAND: POST /session/7b7deb7c8590fa6091596ec8cf2db6e4/execute/async - {"script":"<script> [123 bytes]","args":[]}
RESULT: {"script":"<script> [123 bytes]","args":[]}
COMMAND: POST /session/7b7deb7c8590fa6091596ec8cf2db6e4/timeouts - {"script":"<number>"}
RESULT: {"script":"<number>"}
COMMAND: GET /session/7b7deb7c8590fa6091596ec8cf2db6e4/timeouts - {}
RESULT: {}
RESULT: undefined
COMMAND: POST /session/7b7deb7c8590fa6091596ec8cf2db6e4/execute/async - {"script":"<script> [2676 bytes]","args":[]}
RESULT: {"script":"<script> [2676 bytes]","args":[]}
COMMAND: POST /session/7b7deb7c8590fa6091596ec8cf2db6e4/execute/async - {"script":"<script> [2342 bytes]","args":[{"protocol":"http","hostname":"0.0.0.0","path":"/","capabilities":{"browserName":"chrome","goog:chromeOptions":{"binary":"C:\\Program Files\\Google\\Chrome\\Application\\chrome.exe","args":["--start-maximized"]}},"logLevel":"warn","connectionRetryTimeout":120000,"connectionRetryCount":3,"logLevels":{},"enableDirectConnect":true,"strictSSL":true,"_":"65 more keys: [\"cacheDir\",\"port\",\"requestedCapabilities\",\"automationProtocol\",\"baseUrl\",\"waitforInterval\",\"waitforTimeout\",\"onReload\",\"beforeCommand\",\"afterCommand\",\"rootDir\",\"specs\",\"suites\",\"exclude\",\"groupLogsByTestSpec\",\"excludeDriverLogs\",\"bail\",\"framework\",\"reporters\",\"services\",\"maxInstances\",\"maxInstancesPerCapability\",\"injectGlobals\",\"filesToWatch\",\"execArgv\",\"runnerEnv\",\"runner\",\"shard\",\"specFileRetries\",\"specFileRetriesDelay\",\"specFileRetriesDeferred\",\"reporterSyncInterval\",\"reporterSyncTimeout\",\"cucumberFeaturesWithLineNumbers\",\"autoCompileOpts\",\"mochaOpts\",\"jasmineOpts\",\"cucumberOpts\",\"onPrepare\",\"onWorkerStart\",\"onWorkerEnd\",\"before\",\"beforeSession\",\"beforeSuite\",\"beforeHook\",\"beforeTest\",\"afterTest\",\"afterHook\",\"afterSuite\",\"afterSession\",\"after\",\"onComplete\",\"beforeAssertion\",\"afterAssertion\",\"beforeFeature\",\"beforeScenario\",\"beforeStep\",\"afterStep\",\"afterScenario\",\"afterFeature\",\"_\",\"suite\",\"$0\",\"ignoredWorkerServices\",\"wdi5\"]"}]}
RESULT: {"script":"<script> [2342 bytes]","args":[{"protocol":"http","hostname":"0.0.0.0","path":"/","capabilities":{"browserName":"chrome","goog:chromeOptions":{"binary":"C:\\Program Files\\Google\\Chrome\\Application\\chrome.exe","args":["--start-maximized"]}},"logLevel":"warn","connectionRetryTimeout":120000,"connectionRetryCount":3,"logLevels":{},"enableDirectConnect":true,"strictSSL":true,"_":"65 more keys: [\"cacheDir\",\"port\",\"requestedCapabilities\",\"automationProtocol\",\"baseUrl\",\"waitforInterval\",\"waitforTimeout\",\"onReload\",\"beforeCommand\",\"afterCommand\",\"rootDir\",\"specs\",\"suites\",\"exclude\",\"groupLogsByTestSpec\",\"excludeDriverLogs\",\"bail\",\"framework\",\"reporters\",\"services\",\"maxInstances\",\"maxInstancesPerCapability\",\"injectGlobals\",\"filesToWatch\",\"execArgv\",\"runnerEnv\",\"runner\",\"shard\",\"specFileRetries\",\"specFileRetriesDelay\",\"specFileRetriesDeferred\",\"reporterSyncInterval\",\"reporterSyncTimeout\",\"cucumberFeaturesWithLineNumbers\",\"autoCompileOpts\",\"mochaOpts\",\"jasmineOpts\",\"cucumberOpts\",\"onPrepare\",\"onWorkerStart\",\"onWorkerEnd\",\"before\",\"beforeSession\",\"beforeSuite\",\"beforeHook\",\"beforeTest\",\"afterTest\",\"afterHook\",\"afterSuite\",\"afterSession\",\"after\",\"onComplete\",\"beforeAssertion\",\"afterAssertion\",\"beforeFeature\",\"beforeScenario\",\"beforeStep\",\"afterStep\",\"afterScenario\",\"afterFeature\",\"_\",\"suite\",\"$0\",\"ignoredWorkerServices\",\"wdi5\"]"}]}
COMMAND: POST /session/7b7deb7c8590fa6091596ec8cf2db6e4/execute/async - {"script":"<script> [21126 bytes]","args":[35000]}
RESULT: {"script":"<script> [21126 bytes]","args":[35000]}
]]></system-out>
    </testcase>
    <testcase classname="chrome.136_0_7103_93.windows.Create_2_Yards_US112496" name="Should create a WHM yard" time="91.766">
      <system-out><![CDATA[
COMMAND: POST /session/7b7deb7c8590fa6091596ec8cf2db6e4/execute/async - {"script":"<script> [1562 bytes]","args":[{"selector":{"controlType":"sap.ui.core.Icon","viewName":"etm.portal.ui.manageyards.view.Master","viewId":"application-manageyards-display-component---masterYard","properties":{"src":{"regex":{"source":"add"}}}},"wdio_ui5_key":"etmportal.ui.manageyards.view.Mastersap.ui.core.Icon{\"src\":{\"regex\":{\"source\":\"add\"}}}"}]}
RESULT: {"script":"<script> [1562 bytes]","args":[{"selector":{"controlType":"sap.ui.core.Icon","viewName":"etm.portal.ui.manageyards.view.Master","viewId":"application-manageyards-display-component---masterYard","properties":{"src":{"regex":{"source":"add"}}}},"wdio_ui5_key":"etmportal.ui.manageyards.view.Mastersap.ui.core.Icon{\"src\":{\"regex\":{\"source\":\"add\"}}}"}]}
RESULT: undefined
COMMAND: POST /session/7b7deb7c8590fa6091596ec8cf2db6e4/element - {"using":"xpath","value":"//*[@id=\"__button9-img\"]"}
RESULT: {"using":"xpath","value":"//*[@id=\"__button9-img\"]"}
COMMAND: POST /session/7b7deb7c8590fa6091596ec8cf2db6e4/element/f.00692CF0BC94F1C607A97A5075ACE774.d.613252417182A034B2884DF35AC80767.e.2005/click - {}
RESULT: {}
COMMAND: GET /session/7b7deb7c8590fa6091596ec8cf2db6e4/screenshot - {}
RESULT: {}
COMMAND: POST /session/7b7deb7c8590fa6091596ec8cf2db6e4/execute/async - {"script":"<script> [1562 bytes]","args":[{"selector":{"id":"application-manageyards-display-component---NewYard--yardId","interaction":{"idSuffix":"inner"}},"wdio_ui5_key":"applicationmanageyards-display-component---NewYard--yardId"}]}
RESULT: {"script":"<script> [1562 bytes]","args":[{"selector":{"id":"application-manageyards-display-component---NewYard--yardId","interaction":{"idSuffix":"inner"}},"wdio_ui5_key":"applicationmanageyards-display-component---NewYard--yardId"}]}
RESULT: undefined
COMMAND: POST /session/7b7deb7c8590fa6091596ec8cf2db6e4/element - {"using":"xpath","value":"//*[@id=\"application-manageyards-display-component---NewYard--addressDetailDetailsName1-inner\"]"}
RESULT: {"using":"xpath","value":"//*[@id=\"application-manageyards-display-component---NewYard--addressDetailDetailsName1-inner\"]"}
COMMAND: POST /session/7b7deb7c8590fa6091596ec8cf2db6e4/element/f.00692CF0BC94F1C607A97A5075ACE774.d.613252417182A034B2884DF35AC80767.e.2151/clear - {}
RESULT: {}
COMMAND: POST /session/7b7deb7c8590fa6091596ec8cf2db6e4/element/f.00692CF0BC94F1C607A97A5075ACE774.d.613252417182A034B2884DF35AC80767.e.2151/value - {"text":"Webdriver WHM Yard ei7hp"}
COMMAND: GET /session/7b7deb7c8590fa6091596ec8cf2db6e4/screenshot - {}
RESULT: {"text":"Webdriver WHM Yard ei7hp"}
COMMAND: POST /session/7b7deb7c8590fa6091596ec8cf2db6e4/element - {"using":"xpath","value":"//*[@id=\"application-manageyards-display-component---NewYard--addressDetailDetailsLanguage-inner\"]"}
COMMAND: GET /session/7b7deb7c8590fa6091596ec8cf2db6e4/screenshot - {}
RESULT: {}
RESULT: {"using":"xpath","value":"//*[@id=\"application-manageyards-display-component---NewYard--addressDetailDetailsLanguage-inner\"]"}
COMMAND: POST /session/7b7deb7c8590fa6091596ec8cf2db6e4/element/f.00692CF0BC94F1C607A97A5075ACE774.d.613252417182A034B2884DF35AC80767.e.2152/clear - {}
RESULT: {}
RESULT: {}
COMMAND: POST /session/7b7deb7c8590fa6091596ec8cf2db6e4/element/f.00692CF0BC94F1C607A97A5075ACE774.d.613252417182A034B2884DF35AC80767.e.2152/value - {"text":"Romanian"}
COMMAND: GET /session/7b7deb7c8590fa6091596ec8cf2db6e4/screenshot - {}
RESULT: {"text":"Romanian"}
COMMAND: GET /session/7b7deb7c8590fa6091596ec8cf2db6e4/screenshot - {}
RESULT: {}
RESULT: {}
COMMAND: POST /session/7b7deb7c8590fa6091596ec8cf2db6e4/element - {"using":"xpath","value":"//*[@id=\"application-manageyards-display-component---NewYard--addressDetailDetailsCity1-inner\"]"}
RESULT: {"using":"xpath","value":"//*[@id=\"application-manageyards-display-component---NewYard--addressDetailDetailsCity1-inner\"]"}
COMMAND: POST /session/7b7deb7c8590fa6091596ec8cf2db6e4/element/f.00692CF0BC94F1C607A97A5075ACE774.d.613252417182A034B2884DF35AC80767.e.2154/clear - {}
RESULT: {}
COMMAND: POST /session/7b7deb7c8590fa6091596ec8cf2db6e4/element/f.00692CF0BC94F1C607A97A5075ACE774.d.613252417182A034B2884DF35AC80767.e.2154/value - {"text":"Bucuresti"}
COMMAND: GET /session/7b7deb7c8590fa6091596ec8cf2db6e4/screenshot - {}
RESULT: {"text":"Bucuresti"}
COMMAND: GET /session/7b7deb7c8590fa6091596ec8cf2db6e4/screenshot - {}
RESULT: {}
COMMAND: POST /session/7b7deb7c8590fa6091596ec8cf2db6e4/element - {"using":"xpath","value":"//*[@id=\"application-manageyards-display-component---NewYard--addressDetailDetailsCountry-inner\"]"}
RESULT: {}
RESULT: {"using":"xpath","value":"//*[@id=\"application-manageyards-display-component---NewYard--addressDetailDetailsCountry-inner\"]"}
COMMAND: POST /session/7b7deb7c8590fa6091596ec8cf2db6e4/element/f.00692CF0BC94F1C607A97A5075ACE774.d.613252417182A034B2884DF35AC80767.e.2158/clear - {}
RESULT: {}
COMMAND: POST /session/7b7deb7c8590fa6091596ec8cf2db6e4/element/f.00692CF0BC94F1C607A97A5075ACE774.d.613252417182A034B2884DF35AC80767.e.2158/value - {"text":"Romania"}
COMMAND: GET /session/7b7deb7c8590fa6091596ec8cf2db6e4/screenshot - {}
RESULT: {"text":"Romania"}
COMMAND: GET /session/7b7deb7c8590fa6091596ec8cf2db6e4/screenshot - {}
RESULT: {}
COMMAND: POST /session/7b7deb7c8590fa6091596ec8cf2db6e4/execute/async - {"script":"<script> [1562 bytes]","args":[{"selector":{"controlType":"sap.m.Button","viewName":"etm.portal.ui.manageyards.view.New","viewId":"application-manageyards-display-component---NewYard","properties":{"text":"Commercial"},"interaction":{"idSuffix":"BDI-content"}},"wdio_ui5_key":"etmportal.ui.manageyards.view.Newsap.m.Button{\"text\":\"Commercial\"}"}]}
RESULT: {}
RESULT: {"script":"<script> [1562 bytes]","args":[{"selector":{"controlType":"sap.m.Button","viewName":"etm.portal.ui.manageyards.view.New","viewId":"application-manageyards-display-component---NewYard","properties":{"text":"Commercial"},"interaction":{"idSuffix":"BDI-content"}},"wdio_ui5_key":"etmportal.ui.manageyards.view.Newsap.m.Button{\"text\":\"Commercial\"}"}]}
RESULT: undefined
COMMAND: POST /session/7b7deb7c8590fa6091596ec8cf2db6e4/element - {"using":"xpath","value":"//*[@id=\"application-manageyards-display-component---NewYard--ObjectPageLayout-anchBar-__section17-anchor\"]"}
RESULT: {"using":"xpath","value":"//*[@id=\"application-manageyards-display-component---NewYard--ObjectPageLayout-anchBar-__section17-anchor\"]"}
COMMAND: POST /session/7b7deb7c8590fa6091596ec8cf2db6e4/element/f.00692CF0BC94F1C607A97A5075ACE774.d.613252417182A034B2884DF35AC80767.e.2301/click - {}
RESULT: {}
COMMAND: GET /session/7b7deb7c8590fa6091596ec8cf2db6e4/screenshot - {}
RESULT: {}
COMMAND: POST /session/7b7deb7c8590fa6091596ec8cf2db6e4/element - {"using":"xpath","value":"//input[@id='application-manageyards-display-component---NewYard--addressEditDetailsCostObjectCstType-inner']"}
RESULT: {"using":"xpath","value":"//input[@id='application-manageyards-display-component---NewYard--addressEditDetailsCostObjectCstType-inner']"}
COMMAND: POST /session/7b7deb7c8590fa6091596ec8cf2db6e4/execute/sync - {"script":"<script> [8489 bytes]","args":[{"element-6066-11e4-a52e-4f735466cecf":"f.00692CF0BC94F1C607A97A5075ACE774.d.613252417182A034B2884DF35AC80767.e.2164","ELEMENT":"f.00692CF0BC94F1C607A97A5075ACE774.d.613252417182A034B2884DF35AC80767.e.2164"}]}
RESULT: {"script":"<script> [8489 bytes]","args":[{"element-6066-11e4-a52e-4f735466cecf":"f.00692CF0BC94F1C607A97A5075ACE774.d.613252417182A034B2884DF35AC80767.e.2164","ELEMENT":"f.00692CF0BC94F1C607A97A5075ACE774.d.613252417182A034B2884DF35AC80767.e.2164"}]}
COMMAND: POST /session/7b7deb7c8590fa6091596ec8cf2db6e4/element/f.00692CF0BC94F1C607A97A5075ACE774.d.613252417182A034B2884DF35AC80767.e.2164/clear - {}
COMMAND: GET /session/7b7deb7c8590fa6091596ec8cf2db6e4/screenshot - {}
RESULT: {}
COMMAND: POST /session/7b7deb7c8590fa6091596ec8cf2db6e4/element/f.00692CF0BC94F1C607A97A5075ACE774.d.613252417182A034B2884DF35AC80767.e.2164/value - {"text":"Cost"}
COMMAND: GET /session/7b7deb7c8590fa6091596ec8cf2db6e4/screenshot - {}
RESULT: {}
RESULT: {"text":"Cost"}
COMMAND: GET /session/7b7deb7c8590fa6091596ec8cf2db6e4/screenshot - {}
RESULT: {}
RESULT: {}
COMMAND: POST /session/7b7deb7c8590fa6091596ec8cf2db6e4/execute/async - {"script":"<script> [1562 bytes]","args":[{"selector":{"id":"application-manageyards-display-component---NewYard--addressNewCostObjectCstID","interaction":{"idSuffix":"inner"}},"wdio_ui5_key":"applicationmanageyards-display-component---NewYard--addressNewCostObjectCstID"}]}
RESULT: {"script":"<script> [1562 bytes]","args":[{"selector":{"id":"application-manageyards-display-component---NewYard--addressNewCostObjectCstID","interaction":{"idSuffix":"inner"}},"wdio_ui5_key":"applicationmanageyards-display-component---NewYard--addressNewCostObjectCstID"}]}
RESULT: undefined
COMMAND: POST /session/7b7deb7c8590fa6091596ec8cf2db6e4/execute/async - {"script":"<script> [776 bytes]","args":[{"enterText":"10001013","selector":{"id":"application-manageyards-display-component---NewYard--addressNewCostObjectCstID","interaction":{"idSuffix":"inner"}},"clearTextFirst":true,"interactionType":"ENTER_TEXT"}]}
RESULT: {"script":"<script> [776 bytes]","args":[{"enterText":"10001013","selector":{"id":"application-manageyards-display-component---NewYard--addressNewCostObjectCstID","interaction":{"idSuffix":"inner"}},"clearTextFirst":true,"interactionType":"ENTER_TEXT"}]}
COMMAND: POST /session/7b7deb7c8590fa6091596ec8cf2db6e4/actions - {"actions":[{"id":"action4","type":"key","parameters":{},"actions":[{"type":"keyDown","value":"î€‡"},{"type":"pause","duration":10},{"type":"keyUp","value":"î€‡"}]}]}
RESULT: {"actions":[{"id":"action4","type":"key","parameters":{},"actions":[{"type":"keyDown","value":"î€‡"},{"type":"pause","duration":10},{"type":"keyUp","value":"î€‡"}]}]}
COMMAND: POST /session/7b7deb7c8590fa6091596ec8cf2db6e4/execute/async - {"script":"<script> [1562 bytes]","args":[{"selector":{"id":"application-manageyards-display-component---NewYard--addressEditDetailsCurrency","interaction":{"idSuffix":"inner"}},"wdio_ui5_key":"applicationmanageyards-display-component---NewYard--addressEditDetailsCurrency"}]}
COMMAND: GET /session/7b7deb7c8590fa6091596ec8cf2db6e4/screenshot - {}
RESULT: {"script":"<script> [1562 bytes]","args":[{"selector":{"id":"application-manageyards-display-component---NewYard--addressEditDetailsCurrency","interaction":{"idSuffix":"inner"}},"wdio_ui5_key":"applicationmanageyards-display-component---NewYard--addressEditDetailsCurrency"}]}
RESULT: undefined
COMMAND: POST /session/7b7deb7c8590fa6091596ec8cf2db6e4/execute/async - {"script":"<script> [776 bytes]","args":[{"enterText":"Euro","selector":{"id":"application-manageyards-display-component---NewYard--addressEditDetailsCurrency","interaction":{"idSuffix":"inner"}},"clearTextFirst":true,"interactionType":"ENTER_TEXT"}]}
RESULT: {}
RESULT: {"script":"<script> [776 bytes]","args":[{"enterText":"Euro","selector":{"id":"application-manageyards-display-component---NewYard--addressEditDetailsCurrency","interaction":{"idSuffix":"inner"}},"clearTextFirst":true,"interactionType":"ENTER_TEXT"}]}
COMMAND: POST /session/7b7deb7c8590fa6091596ec8cf2db6e4/execute/async - {"script":"<script> [1562 bytes]","args":[{"selector":{"controlType":"sap.m.Input","viewName":"etm.portal.ui.manageyards.view.New","viewId":"application-manageyards-display-component---NewYard","bindingPath":{"path":"","propertyPath":"/CONTROLLING_AREA","modelName":"NewYardModel"},"interaction":{"idSuffix":"inner"}},"wdio_ui5_key":"etmportal.ui.manageyards.view.Newsap.m.Input{\"path\":\"\",\"propertyPath\":\"/CONTROLLING_AREA\",\"modelName\":\"NewYardModel\"}"}]}
RESULT: {"script":"<script> [1562 bytes]","args":[{"selector":{"controlType":"sap.m.Input","viewName":"etm.portal.ui.manageyards.view.New","viewId":"application-manageyards-display-component---NewYard","bindingPath":{"path":"","propertyPath":"/CONTROLLING_AREA","modelName":"NewYardModel"},"interaction":{"idSuffix":"inner"}},"wdio_ui5_key":"etmportal.ui.manageyards.view.Newsap.m.Input{\"path\":\"\",\"propertyPath\":\"/CONTROLLING_AREA\",\"modelName\":\"NewYardModel\"}"}]}
RESULT: undefined
COMMAND: POST /session/7b7deb7c8590fa6091596ec8cf2db6e4/execute/async - {"script":"<script> [776 bytes]","args":[{"enterText":"Z001","selector":{"controlType":"sap.m.Input","viewName":"etm.portal.ui.manageyards.view.New","viewId":"application-manageyards-display-component---NewYard","bindingPath":{"path":"","propertyPath":"/CONTROLLING_AREA","modelName":"NewYardModel"},"interaction":{"idSuffix":"inner"}},"clearTextFirst":true,"interactionType":"ENTER_TEXT"}]}
RESULT: {"script":"<script> [776 bytes]","args":[{"enterText":"Z001","selector":{"controlType":"sap.m.Input","viewName":"etm.portal.ui.manageyards.view.New","viewId":"application-manageyards-display-component---NewYard","bindingPath":{"path":"","propertyPath":"/CONTROLLING_AREA","modelName":"NewYardModel"},"interaction":{"idSuffix":"inner"}},"clearTextFirst":true,"interactionType":"ENTER_TEXT"}]}
COMMAND: POST /session/7b7deb7c8590fa6091596ec8cf2db6e4/execute/async - {"script":"<script> [1562 bytes]","args":[{"selector":{"id":"application-manageyards-display-component---NewYard--companyCodeComboBox","interaction":{"idSuffix":"inner"}},"wdio_ui5_key":"applicationmanageyards-display-component---NewYard--companyCodeComboBox"}]}
RESULT: {"script":"<script> [1562 bytes]","args":[{"selector":{"id":"application-manageyards-display-component---NewYard--companyCodeComboBox","interaction":{"idSuffix":"inner"}},"wdio_ui5_key":"applicationmanageyards-display-component---NewYard--companyCodeComboBox"}]}
RESULT: undefined
COMMAND: POST /session/7b7deb7c8590fa6091596ec8cf2db6e4/execute/async - {"script":"<script> [776 bytes]","args":[{"enterText":"1000","selector":{"id":"application-manageyards-display-component---NewYard--companyCodeComboBox","interaction":{"idSuffix":"inner"}},"clearTextFirst":true,"interactionType":"ENTER_TEXT"}]}
RESULT: {"script":"<script> [776 bytes]","args":[{"enterText":"1000","selector":{"id":"application-manageyards-display-component---NewYard--companyCodeComboBox","interaction":{"idSuffix":"inner"}},"clearTextFirst":true,"interactionType":"ENTER_TEXT"}]}
COMMAND: POST /session/7b7deb7c8590fa6091596ec8cf2db6e4/actions - {"actions":[{"id":"action5","type":"key","parameters":{},"actions":[{"type":"keyDown","value":"î€‡"},{"type":"pause","duration":10},{"type":"keyUp","value":"î€‡"}]}]}
RESULT: {"actions":[{"id":"action5","type":"key","parameters":{},"actions":[{"type":"keyDown","value":"î€‡"},{"type":"pause","duration":10},{"type":"keyUp","value":"î€‡"}]}]}
COMMAND: POST /session/7b7deb7c8590fa6091596ec8cf2db6e4/execute/async - {"script":"<script> [1562 bytes]","args":[{"selector":{"controlType":"sap.m.Input","viewName":"etm.portal.ui.manageyards.view.New","viewId":"application-manageyards-display-component---NewYard","bindingPath":{"path":"","propertyPath":"/PLANT","modelName":"NewYardModel"},"interaction":{"idSuffix":"inner"}},"wdio_ui5_key":"etmportal.ui.manageyards.view.Newsap.m.Input{\"path\":\"\",\"propertyPath\":\"/PLANT\",\"modelName\":\"NewYardModel\"}"}]}
COMMAND: GET /session/7b7deb7c8590fa6091596ec8cf2db6e4/screenshot - {}
RESULT: {"script":"<script> [1562 bytes]","args":[{"selector":{"controlType":"sap.m.Input","viewName":"etm.portal.ui.manageyards.view.New","viewId":"application-manageyards-display-component---NewYard","bindingPath":{"path":"","propertyPath":"/PLANT","modelName":"NewYardModel"},"interaction":{"idSuffix":"inner"}},"wdio_ui5_key":"etmportal.ui.manageyards.view.Newsap.m.Input{\"path\":\"\",\"propertyPath\":\"/PLANT\",\"modelName\":\"NewYardModel\"}"}]}
RESULT: undefined
COMMAND: POST /session/7b7deb7c8590fa6091596ec8cf2db6e4/execute/async - {"script":"<script> [776 bytes]","args":[{"enterText":"1001","selector":{"controlType":"sap.m.Input","viewName":"etm.portal.ui.manageyards.view.New","viewId":"application-manageyards-display-component---NewYard","bindingPath":{"path":"","propertyPath":"/PLANT","modelName":"NewYardModel"},"interaction":{"idSuffix":"inner"}},"clearTextFirst":true,"interactionType":"ENTER_TEXT"}]}
RESULT: {}
RESULT: {"script":"<script> [776 bytes]","args":[{"enterText":"1001","selector":{"controlType":"sap.m.Input","viewName":"etm.portal.ui.manageyards.view.New","viewId":"application-manageyards-display-component---NewYard","bindingPath":{"path":"","propertyPath":"/PLANT","modelName":"NewYardModel"},"interaction":{"idSuffix":"inner"}},"clearTextFirst":true,"interactionType":"ENTER_TEXT"}]}
COMMAND: POST /session/7b7deb7c8590fa6091596ec8cf2db6e4/execute/async - {"script":"<script> [1562 bytes]","args":[{"selector":{"controlType":"sap.m.Input","viewName":"etm.portal.ui.manageyards.view.New","viewId":"application-manageyards-display-component---NewYard","bindingPath":{"path":"","propertyPath":"/SALES_AREA_VKORG","modelName":"NewYardModel"},"interaction":{"idSuffix":"inner"}},"wdio_ui5_key":"etmportal.ui.manageyards.view.Newsap.m.Input{\"path\":\"\",\"propertyPath\":\"/SALES_AREA_VKORG\",\"modelName\":\"NewYardModel\"}"}]}
RESULT: {"script":"<script> [1562 bytes]","args":[{"selector":{"controlType":"sap.m.Input","viewName":"etm.portal.ui.manageyards.view.New","viewId":"application-manageyards-display-component---NewYard","bindingPath":{"path":"","propertyPath":"/SALES_AREA_VKORG","modelName":"NewYardModel"},"interaction":{"idSuffix":"inner"}},"wdio_ui5_key":"etmportal.ui.manageyards.view.Newsap.m.Input{\"path\":\"\",\"propertyPath\":\"/SALES_AREA_VKORG\",\"modelName\":\"NewYardModel\"}"}]}
RESULT: undefined
COMMAND: POST /session/7b7deb7c8590fa6091596ec8cf2db6e4/execute/async - {"script":"<script> [776 bytes]","args":[{"enterText":"C002","selector":{"controlType":"sap.m.Input","viewName":"etm.portal.ui.manageyards.view.New","viewId":"application-manageyards-display-component---NewYard","bindingPath":{"path":"","propertyPath":"/SALES_AREA_VKORG","modelName":"NewYardModel"},"interaction":{"idSuffix":"inner"}},"clearTextFirst":true,"interactionType":"ENTER_TEXT"}]}
RESULT: {"script":"<script> [776 bytes]","args":[{"enterText":"C002","selector":{"controlType":"sap.m.Input","viewName":"etm.portal.ui.manageyards.view.New","viewId":"application-manageyards-display-component---NewYard","bindingPath":{"path":"","propertyPath":"/SALES_AREA_VKORG","modelName":"NewYardModel"},"interaction":{"idSuffix":"inner"}},"clearTextFirst":true,"interactionType":"ENTER_TEXT"}]}
COMMAND: POST /session/7b7deb7c8590fa6091596ec8cf2db6e4/execute/async - {"script":"<script> [1562 bytes]","args":[{"selector":{"controlType":"sap.m.Input","viewName":"etm.portal.ui.manageyards.view.New","viewId":"application-manageyards-display-component---NewYard","bindingPath":{"path":"","propertyPath":"/SALES_AREA_VTWEG","modelName":"NewYardModel"},"interaction":{"idSuffix":"inner"}},"wdio_ui5_key":"etmportal.ui.manageyards.view.Newsap.m.Input{\"path\":\"\",\"propertyPath\":\"/SALES_AREA_VTWEG\",\"modelName\":\"NewYardModel\"}"}]}
RESULT: {"script":"<script> [1562 bytes]","args":[{"selector":{"controlType":"sap.m.Input","viewName":"etm.portal.ui.manageyards.view.New","viewId":"application-manageyards-display-component---NewYard","bindingPath":{"path":"","propertyPath":"/SALES_AREA_VTWEG","modelName":"NewYardModel"},"interaction":{"idSuffix":"inner"}},"wdio_ui5_key":"etmportal.ui.manageyards.view.Newsap.m.Input{\"path\":\"\",\"propertyPath\":\"/SALES_AREA_VTWEG\",\"modelName\":\"NewYardModel\"}"}]}
RESULT: undefined
COMMAND: POST /session/7b7deb7c8590fa6091596ec8cf2db6e4/execute/async - {"script":"<script> [776 bytes]","args":[{"enterText":"C2","selector":{"controlType":"sap.m.Input","viewName":"etm.portal.ui.manageyards.view.New","viewId":"application-manageyards-display-component---NewYard","bindingPath":{"path":"","propertyPath":"/SALES_AREA_VTWEG","modelName":"NewYardModel"},"interaction":{"idSuffix":"inner"}},"clearTextFirst":true,"interactionType":"ENTER_TEXT"}]}
RESULT: {"script":"<script> [776 bytes]","args":[{"enterText":"C2","selector":{"controlType":"sap.m.Input","viewName":"etm.portal.ui.manageyards.view.New","viewId":"application-manageyards-display-component---NewYard","bindingPath":{"path":"","propertyPath":"/SALES_AREA_VTWEG","modelName":"NewYardModel"},"interaction":{"idSuffix":"inner"}},"clearTextFirst":true,"interactionType":"ENTER_TEXT"}]}
COMMAND: POST /session/7b7deb7c8590fa6091596ec8cf2db6e4/execute/async - {"script":"<script> [1562 bytes]","args":[{"selector":{"controlType":"sap.m.Input","viewName":"etm.portal.ui.manageyards.view.New","viewId":"application-manageyards-display-component---NewYard","bindingPath":{"path":"","propertyPath":"/SALES_AREA_SPART","modelName":"NewYardModel"},"interaction":{"idSuffix":"inner"}},"wdio_ui5_key":"etmportal.ui.manageyards.view.Newsap.m.Input{\"path\":\"\",\"propertyPath\":\"/SALES_AREA_SPART\",\"modelName\":\"NewYardModel\"}"}]}
RESULT: {"script":"<script> [1562 bytes]","args":[{"selector":{"controlType":"sap.m.Input","viewName":"etm.portal.ui.manageyards.view.New","viewId":"application-manageyards-display-component---NewYard","bindingPath":{"path":"","propertyPath":"/SALES_AREA_SPART","modelName":"NewYardModel"},"interaction":{"idSuffix":"inner"}},"wdio_ui5_key":"etmportal.ui.manageyards.view.Newsap.m.Input{\"path\":\"\",\"propertyPath\":\"/SALES_AREA_SPART\",\"modelName\":\"NewYardModel\"}"}]}
RESULT: undefined
COMMAND: POST /session/7b7deb7c8590fa6091596ec8cf2db6e4/execute/async - {"script":"<script> [776 bytes]","args":[{"enterText":"C2","selector":{"controlType":"sap.m.Input","viewName":"etm.portal.ui.manageyards.view.New","viewId":"application-manageyards-display-component---NewYard","bindingPath":{"path":"","propertyPath":"/SALES_AREA_SPART","modelName":"NewYardModel"},"interaction":{"idSuffix":"inner"}},"clearTextFirst":true,"interactionType":"ENTER_TEXT"}]}
RESULT: {"script":"<script> [776 bytes]","args":[{"enterText":"C2","selector":{"controlType":"sap.m.Input","viewName":"etm.portal.ui.manageyards.view.New","viewId":"application-manageyards-display-component---NewYard","bindingPath":{"path":"","propertyPath":"/SALES_AREA_SPART","modelName":"NewYardModel"},"interaction":{"idSuffix":"inner"}},"clearTextFirst":true,"interactionType":"ENTER_TEXT"}]}
COMMAND: POST /session/7b7deb7c8590fa6091596ec8cf2db6e4/execute/async - {"script":"<script> [1562 bytes]","args":[{"selector":{"id":"application-manageyards-display-component---NewYard--whmCheckBox","interaction":{"idSuffix":"CbBg"}},"wdio_ui5_key":"applicationmanageyards-display-component---NewYard--whmCheckBox"}]}
RESULT: {"script":"<script> [1562 bytes]","args":[{"selector":{"id":"application-manageyards-display-component---NewYard--whmCheckBox","interaction":{"idSuffix":"CbBg"}},"wdio_ui5_key":"applicationmanageyards-display-component---NewYard--whmCheckBox"}]}
RESULT: undefined
COMMAND: POST /session/7b7deb7c8590fa6091596ec8cf2db6e4/element - {"using":"xpath","value":"//*[@id=\"application-manageyards-display-component---NewYard--whmCheckBox\"]"}
RESULT: {"using":"xpath","value":"//*[@id=\"application-manageyards-display-component---NewYard--whmCheckBox\"]"}
COMMAND: POST /session/7b7deb7c8590fa6091596ec8cf2db6e4/element/f.00692CF0BC94F1C607A97A5075ACE774.d.613252417182A034B2884DF35AC80767.e.2324/click - {}
RESULT: {}
COMMAND: POST /session/7b7deb7c8590fa6091596ec8cf2db6e4/execute/async - {"script":"<script> [1562 bytes]","args":[{"selector":{"controlType":"sap.m.Button","viewName":"etm.portal.ui.manageyards.view.New","viewId":"application-manageyards-display-component---NewYard","i18NText":{"propertyName":"text","key":"save"},"interaction":{"idSuffix":"inner"}},"wdio_ui5_key":"etmportal.ui.manageyards.view.Newsap.m.Button{\"propertyName\":\"text\",\"key\":\"save\"}"}]}
COMMAND: GET /session/7b7deb7c8590fa6091596ec8cf2db6e4/screenshot - {}
RESULT: {"script":"<script> [1562 bytes]","args":[{"selector":{"controlType":"sap.m.Button","viewName":"etm.portal.ui.manageyards.view.New","viewId":"application-manageyards-display-component---NewYard","i18NText":{"propertyName":"text","key":"save"},"interaction":{"idSuffix":"inner"}},"wdio_ui5_key":"etmportal.ui.manageyards.view.Newsap.m.Button{\"propertyName\":\"text\",\"key\":\"save\"}"}]}
RESULT: undefined
COMMAND: POST /session/7b7deb7c8590fa6091596ec8cf2db6e4/element - {"using":"xpath","value":"//*[@id=\"__button41\"]"}
RESULT: {}
RESULT: {"using":"xpath","value":"//*[@id=\"__button41\"]"}
COMMAND: POST /session/7b7deb7c8590fa6091596ec8cf2db6e4/element/f.00692CF0BC94F1C607A97A5075ACE774.d.613252417182A034B2884DF35AC80767.e.2286/click - {}
RESULT: {}
COMMAND: GET /session/7b7deb7c8590fa6091596ec8cf2db6e4/screenshot - {}
RESULT: {}
COMMAND: POST /session/7b7deb7c8590fa6091596ec8cf2db6e4/element - {"using":"xpath","value":"//header/div/div/div/div/div/div[2]/div/span"}
RESULT: {"using":"xpath","value":"//header/div/div/div/div/div/div[2]/div/span"}
COMMAND: GET /session/7b7deb7c8590fa6091596ec8cf2db6e4/element/f.00692CF0BC94F1C607A97A5075ACE774.d.613252417182A034B2884DF35AC80767.e.2475/text - {}
RESULT: {}
COMMAND: POST /session/7b7deb7c8590fa6091596ec8cf2db6e4/element - {"using":"xpath","value":"//header/div/div[2]/div[2]/span"}
RESULT: {"using":"xpath","value":"//header/div/div[2]/div[2]/span"}
COMMAND: GET /session/7b7deb7c8590fa6091596ec8cf2db6e4/element/f.00692CF0BC94F1C607A97A5075ACE774.d.613252417182A034B2884DF35AC80767.e.2476/text - {}
RESULT: {}
COMMAND: POST /session/7b7deb7c8590fa6091596ec8cf2db6e4/element - {"using":"css selector","value":"#j_username"}
COMMAND: POST /session/7b7deb7c8590fa6091596ec8cf2db6e4/url - {"url":"https://qa-testing-00-live-etm-ui.cfapps.eu10-004.hana.ondemand.com/"}
RESULT: {"using":"css selector","value":"#j_username"}
COMMAND: POST /session/7b7deb7c8590fa6091596ec8cf2db6e4/element - {"using":"css selector","value":"#j_username"}
RESULT: {"url":"https://qa-testing-00-live-etm-ui.cfapps.eu10-004.hana.ondemand.com/"}
RESULT: undefined
COMMAND: GET /session/7b7deb7c8590fa6091596ec8cf2db6e4/screenshot - {}
RESULT: {"using":"css selector","value":"#j_username"}
COMMAND: POST /session/7b7deb7c8590fa6091596ec8cf2db6e4/element - {"using":"css selector","value":"#shell-header-logo"}
RESULT: {}
RESULT: {"using":"css selector","value":"#shell-header-logo"}
COMMAND: POST /session/7b7deb7c8590fa6091596ec8cf2db6e4/execute/sync - {"script":"<script> [8489 bytes]","args":[{"element-6066-11e4-a52e-4f735466cecf":"f.00692CF0BC94F1C607A97A5075ACE774.d.0D14003D085FD1C6A17F4B5C198FEC62.e.2483","ELEMENT":"f.00692CF0BC94F1C607A97A5075ACE774.d.0D14003D085FD1C6A17F4B5C198FEC62.e.2483"}]}
RESULT: {"script":"<script> [8489 bytes]","args":[{"element-6066-11e4-a52e-4f735466cecf":"f.00692CF0BC94F1C607A97A5075ACE774.d.0D14003D085FD1C6A17F4B5C198FEC62.e.2483","ELEMENT":"f.00692CF0BC94F1C607A97A5075ACE774.d.0D14003D085FD1C6A17F4B5C198FEC62.e.2483"}]}
COMMAND: POST /session/7b7deb7c8590fa6091596ec8cf2db6e4/element - {"using":"css selector","value":"#shell-header-logo"}
COMMAND: GET /session/7b7deb7c8590fa6091596ec8cf2db6e4/screenshot - {}
RESULT: {"using":"css selector","value":"#shell-header-logo"}
COMMAND: POST /session/7b7deb7c8590fa6091596ec8cf2db6e4/execute/sync - {"script":"<script> [8489 bytes]","args":[{"element-6066-11e4-a52e-4f735466cecf":"f.00692CF0BC94F1C607A97A5075ACE774.d.0D14003D085FD1C6A17F4B5C198FEC62.e.2483","ELEMENT":"f.00692CF0BC94F1C607A97A5075ACE774.d.0D14003D085FD1C6A17F4B5C198FEC62.e.2483"}]}
RESULT: {}
RESULT: {"script":"<script> [8489 bytes]","args":[{"element-6066-11e4-a52e-4f735466cecf":"f.00692CF0BC94F1C607A97A5075ACE774.d.0D14003D085FD1C6A17F4B5C198FEC62.e.2483","ELEMENT":"f.00692CF0BC94F1C607A97A5075ACE774.d.0D14003D085FD1C6A17F4B5C198FEC62.e.2483"}]}
COMMAND: POST /session/7b7deb7c8590fa6091596ec8cf2db6e4/execute/sync - {"script":"<script> [5351 bytes]","args":[{"element-6066-11e4-a52e-4f735466cecf":"f.00692CF0BC94F1C607A97A5075ACE774.d.0D14003D085FD1C6A17F4B5C198FEC62.e.2483","ELEMENT":"f.00692CF0BC94F1C607A97A5075ACE774.d.0D14003D085FD1C6A17F4B5C198FEC62.e.2483"}]}
COMMAND: GET /session/7b7deb7c8590fa6091596ec8cf2db6e4/screenshot - {}
RESULT: {"script":"<script> [5351 bytes]","args":[{"element-6066-11e4-a52e-4f735466cecf":"f.00692CF0BC94F1C607A97A5075ACE774.d.0D14003D085FD1C6A17F4B5C198FEC62.e.2483","ELEMENT":"f.00692CF0BC94F1C607A97A5075ACE774.d.0D14003D085FD1C6A17F4B5C198FEC62.e.2483"}]}
COMMAND: POST /session/7b7deb7c8590fa6091596ec8cf2db6e4/element - {"using":"css selector","value":"#shell-header-logo"}
COMMAND: GET /session/7b7deb7c8590fa6091596ec8cf2db6e4/screenshot - {}
RESULT: {}
RESULT: {"using":"css selector","value":"#shell-header-logo"}
COMMAND: POST /session/7b7deb7c8590fa6091596ec8cf2db6e4/element/f.00692CF0BC94F1C607A97A5075ACE774.d.0D14003D085FD1C6A17F4B5C198FEC62.e.2483/click - {}
RESULT: {}
RESULT: {}
COMMAND: GET /session/7b7deb7c8590fa6091596ec8cf2db6e4/screenshot - {}
RESULT: {}
COMMAND: POST /session/7b7deb7c8590fa6091596ec8cf2db6e4/execute/async - {"script":"<script> [189 bytes]","args":[]}
RESULT: {"script":"<script> [189 bytes]","args":[]}
COMMAND: POST /session/7b7deb7c8590fa6091596ec8cf2db6e4/execute/async - {"script":"<script> [123 bytes]","args":[]}
RESULT: {"script":"<script> [123 bytes]","args":[]}
COMMAND: POST /session/7b7deb7c8590fa6091596ec8cf2db6e4/timeouts - {"script":"<number>"}
RESULT: {"script":"<number>"}
COMMAND: GET /session/7b7deb7c8590fa6091596ec8cf2db6e4/timeouts - {}
RESULT: {}
RESULT: undefined
COMMAND: POST /session/7b7deb7c8590fa6091596ec8cf2db6e4/execute/async - {"script":"<script> [2676 bytes]","args":[]}
RESULT: {"script":"<script> [2676 bytes]","args":[]}
COMMAND: POST /session/7b7deb7c8590fa6091596ec8cf2db6e4/execute/async - {"script":"<script> [2342 bytes]","args":[{"protocol":"http","hostname":"0.0.0.0","path":"/","capabilities":{"browserName":"chrome","goog:chromeOptions":{"binary":"C:\\Program Files\\Google\\Chrome\\Application\\chrome.exe","args":["--start-maximized"]}},"logLevel":"warn","connectionRetryTimeout":120000,"connectionRetryCount":3,"logLevels":{},"enableDirectConnect":true,"strictSSL":true,"_":"65 more keys: [\"cacheDir\",\"port\",\"requestedCapabilities\",\"automationProtocol\",\"baseUrl\",\"waitforInterval\",\"waitforTimeout\",\"onReload\",\"beforeCommand\",\"afterCommand\",\"rootDir\",\"specs\",\"suites\",\"exclude\",\"groupLogsByTestSpec\",\"excludeDriverLogs\",\"bail\",\"framework\",\"reporters\",\"services\",\"maxInstances\",\"maxInstancesPerCapability\",\"injectGlobals\",\"filesToWatch\",\"execArgv\",\"runnerEnv\",\"runner\",\"shard\",\"specFileRetries\",\"specFileRetriesDelay\",\"specFileRetriesDeferred\",\"reporterSyncInterval\",\"reporterSyncTimeout\",\"cucumberFeaturesWithLineNumbers\",\"autoCompileOpts\",\"mochaOpts\",\"jasmineOpts\",\"cucumberOpts\",\"onPrepare\",\"onWorkerStart\",\"onWorkerEnd\",\"before\",\"beforeSession\",\"beforeSuite\",\"beforeHook\",\"beforeTest\",\"afterTest\",\"afterHook\",\"afterSuite\",\"afterSession\",\"after\",\"onComplete\",\"beforeAssertion\",\"afterAssertion\",\"beforeFeature\",\"beforeScenario\",\"beforeStep\",\"afterStep\",\"afterScenario\",\"afterFeature\",\"_\",\"suite\",\"$0\",\"ignoredWorkerServices\",\"wdi5\"]"}]}
RESULT: {"script":"<script> [2342 bytes]","args":[{"protocol":"http","hostname":"0.0.0.0","path":"/","capabilities":{"browserName":"chrome","goog:chromeOptions":{"binary":"C:\\Program Files\\Google\\Chrome\\Application\\chrome.exe","args":["--start-maximized"]}},"logLevel":"warn","connectionRetryTimeout":120000,"connectionRetryCount":3,"logLevels":{},"enableDirectConnect":true,"strictSSL":true,"_":"65 more keys: [\"cacheDir\",\"port\",\"requestedCapabilities\",\"automationProtocol\",\"baseUrl\",\"waitforInterval\",\"waitforTimeout\",\"onReload\",\"beforeCommand\",\"afterCommand\",\"rootDir\",\"specs\",\"suites\",\"exclude\",\"groupLogsByTestSpec\",\"excludeDriverLogs\",\"bail\",\"framework\",\"reporters\",\"services\",\"maxInstances\",\"maxInstancesPerCapability\",\"injectGlobals\",\"filesToWatch\",\"execArgv\",\"runnerEnv\",\"runner\",\"shard\",\"specFileRetries\",\"specFileRetriesDelay\",\"specFileRetriesDeferred\",\"reporterSyncInterval\",\"reporterSyncTimeout\",\"cucumberFeaturesWithLineNumbers\",\"autoCompileOpts\",\"mochaOpts\",\"jasmineOpts\",\"cucumberOpts\",\"onPrepare\",\"onWorkerStart\",\"onWorkerEnd\",\"before\",\"beforeSession\",\"beforeSuite\",\"beforeHook\",\"beforeTest\",\"afterTest\",\"afterHook\",\"afterSuite\",\"afterSession\",\"after\",\"onComplete\",\"beforeAssertion\",\"afterAssertion\",\"beforeFeature\",\"beforeScenario\",\"beforeStep\",\"afterStep\",\"afterScenario\",\"afterFeature\",\"_\",\"suite\",\"$0\",\"ignoredWorkerServices\",\"wdi5\"]"}]}
COMMAND: POST /session/7b7deb7c8590fa6091596ec8cf2db6e4/execute/async - {"script":"<script> [21126 bytes]","args":[35000]}
RESULT: {"script":"<script> [21126 bytes]","args":[35000]}
COMMAND: POST /session/7b7deb7c8590fa6091596ec8cf2db6e4/window/maximize - {}
RESULT: {}
COMMAND: POST /session/7b7deb7c8590fa6091596ec8cf2db6e4/execute/async - {"script":"<script> [1562 bytes]","args":[{"selector":{"id":"shell-header","interaction":{"idSuffix":"icon"}},"wdio_ui5_key":"shellheader"}]}
COMMAND: GET /session/7b7deb7c8590fa6091596ec8cf2db6e4/screenshot - {}
RESULT: {"script":"<script> [1562 bytes]","args":[{"selector":{"id":"shell-header","interaction":{"idSuffix":"icon"}},"wdio_ui5_key":"shellheader"}]}
RESULT: undefined
COMMAND: POST /session/7b7deb7c8590fa6091596ec8cf2db6e4/refresh - {}
RESULT: {}
RESULT: {}
COMMAND: GET /session/7b7deb7c8590fa6091596ec8cf2db6e4/screenshot - {}
RESULT: {}
COMMAND: POST /session/7b7deb7c8590fa6091596ec8cf2db6e4/refresh - {}
RESULT: {}
COMMAND: GET /session/7b7deb7c8590fa6091596ec8cf2db6e4/screenshot - {}
RESULT: {}
COMMAND: POST /session/7b7deb7c8590fa6091596ec8cf2db6e4/window/fullscreen - {}
RESULT: {}
COMMAND: POST /session/7b7deb7c8590fa6091596ec8cf2db6e4/execute/async - {"script":"<script> [189 bytes]","args":[]}
RESULT: {"script":"<script> [189 bytes]","args":[]}
COMMAND: POST /session/7b7deb7c8590fa6091596ec8cf2db6e4/execute/async - {"script":"<script> [123 bytes]","args":[]}
RESULT: {"script":"<script> [123 bytes]","args":[]}
COMMAND: POST /session/7b7deb7c8590fa6091596ec8cf2db6e4/timeouts - {"script":"<number>"}
RESULT: {"script":"<number>"}
COMMAND: GET /session/7b7deb7c8590fa6091596ec8cf2db6e4/timeouts - {}
RESULT: {}
RESULT: undefined
COMMAND: POST /session/7b7deb7c8590fa6091596ec8cf2db6e4/execute/async - {"script":"<script> [2676 bytes]","args":[]}
RESULT: {"script":"<script> [2676 bytes]","args":[]}
COMMAND: POST /session/7b7deb7c8590fa6091596ec8cf2db6e4/execute/async - {"script":"<script> [2342 bytes]","args":[{"protocol":"http","hostname":"0.0.0.0","path":"/","capabilities":{"browserName":"chrome","goog:chromeOptions":{"binary":"C:\\Program Files\\Google\\Chrome\\Application\\chrome.exe","args":["--start-maximized"]}},"logLevel":"warn","connectionRetryTimeout":120000,"connectionRetryCount":3,"logLevels":{},"enableDirectConnect":true,"strictSSL":true,"_":"65 more keys: [\"cacheDir\",\"port\",\"requestedCapabilities\",\"automationProtocol\",\"baseUrl\",\"waitforInterval\",\"waitforTimeout\",\"onReload\",\"beforeCommand\",\"afterCommand\",\"rootDir\",\"specs\",\"suites\",\"exclude\",\"groupLogsByTestSpec\",\"excludeDriverLogs\",\"bail\",\"framework\",\"reporters\",\"services\",\"maxInstances\",\"maxInstancesPerCapability\",\"injectGlobals\",\"filesToWatch\",\"execArgv\",\"runnerEnv\",\"runner\",\"shard\",\"specFileRetries\",\"specFileRetriesDelay\",\"specFileRetriesDeferred\",\"reporterSyncInterval\",\"reporterSyncTimeout\",\"cucumberFeaturesWithLineNumbers\",\"autoCompileOpts\",\"mochaOpts\",\"jasmineOpts\",\"cucumberOpts\",\"onPrepare\",\"onWorkerStart\",\"onWorkerEnd\",\"before\",\"beforeSession\",\"beforeSuite\",\"beforeHook\",\"beforeTest\",\"afterTest\",\"afterHook\",\"afterSuite\",\"afterSession\",\"after\",\"onComplete\",\"beforeAssertion\",\"afterAssertion\",\"beforeFeature\",\"beforeScenario\",\"beforeStep\",\"afterStep\",\"afterScenario\",\"afterFeature\",\"_\",\"suite\",\"$0\",\"ignoredWorkerServices\",\"wdi5\"]"}]}
RESULT: {"script":"<script> [2342 bytes]","args":[{"protocol":"http","hostname":"0.0.0.0","path":"/","capabilities":{"browserName":"chrome","goog:chromeOptions":{"binary":"C:\\Program Files\\Google\\Chrome\\Application\\chrome.exe","args":["--start-maximized"]}},"logLevel":"warn","connectionRetryTimeout":120000,"connectionRetryCount":3,"logLevels":{},"enableDirectConnect":true,"strictSSL":true,"_":"65 more keys: [\"cacheDir\",\"port\",\"requestedCapabilities\",\"automationProtocol\",\"baseUrl\",\"waitforInterval\",\"waitforTimeout\",\"onReload\",\"beforeCommand\",\"afterCommand\",\"rootDir\",\"specs\",\"suites\",\"exclude\",\"groupLogsByTestSpec\",\"excludeDriverLogs\",\"bail\",\"framework\",\"reporters\",\"services\",\"maxInstances\",\"maxInstancesPerCapability\",\"injectGlobals\",\"filesToWatch\",\"execArgv\",\"runnerEnv\",\"runner\",\"shard\",\"specFileRetries\",\"specFileRetriesDelay\",\"specFileRetriesDeferred\",\"reporterSyncInterval\",\"reporterSyncTimeout\",\"cucumberFeaturesWithLineNumbers\",\"autoCompileOpts\",\"mochaOpts\",\"jasmineOpts\",\"cucumberOpts\",\"onPrepare\",\"onWorkerStart\",\"onWorkerEnd\",\"before\",\"beforeSession\",\"beforeSuite\",\"beforeHook\",\"beforeTest\",\"afterTest\",\"afterHook\",\"afterSuite\",\"afterSession\",\"after\",\"onComplete\",\"beforeAssertion\",\"afterAssertion\",\"beforeFeature\",\"beforeScenario\",\"beforeStep\",\"afterStep\",\"afterScenario\",\"afterFeature\",\"_\",\"suite\",\"$0\",\"ignoredWorkerServices\",\"wdi5\"]"}]}
COMMAND: POST /session/7b7deb7c8590fa6091596ec8cf2db6e4/execute/async - {"script":"<script> [21126 bytes]","args":[35000]}
RESULT: {"script":"<script> [21126 bytes]","args":[35000]}
]]></system-out>
    </testcase>
  </testsuite>
  <testsuite timestamp="2025-05-19T15:24:28" time="269.513" tests="4" failures="0" errors="0" skipped="0">
    <properties>
      <property name="specId" value="0" />
      <property name="suiteName" value="Create partner US118246" />
      <property name="capabilities" value="chrome.136_0_7103_93.windows" />
      <property name="file" value="file:///D:/a/1/s/test/specs/BTS/create-partner.spec.js" />
    </properties>
    <testcase classname="chrome.136_0_7103_93.windows.Create_partner_US118246" name="Should create a new yard in case create yard failed" time="0.028">
      <system-out><![CDATA[
COMMAND: POST /session/7b7deb7c8590fa6091596ec8cf2db6e4/window/fullscreen - {}
RESULT: {}
]]></system-out>
    </testcase>
    <testcase classname="chrome.136_0_7103_93.windows.Create_partner_US118246" name="Should create new external partner" time="114.715">
      <system-out><![CDATA[
COMMAND: POST /session/7b7deb7c8590fa6091596ec8cf2db6e4/window/fullscreen - {}
RESULT: {}
COMMAND: POST /session/7b7deb7c8590fa6091596ec8cf2db6e4/execute/async - {"script":"<script> [1562 bytes]","args":[{"selector":{"controlType":"sap.m.GenericTile","properties":{"header":"Manage Partners"}},"wdio_ui5_key":"sapm.GenericTile{\"header\":\"Manage Partners\"}"}]}
RESULT: {"script":"<script> [1562 bytes]","args":[{"selector":{"controlType":"sap.m.GenericTile","properties":{"header":"Manage Partners"}},"wdio_ui5_key":"sapm.GenericTile{\"header\":\"Manage Partners\"}"}]}
RESULT: undefined
COMMAND: POST /session/7b7deb7c8590fa6091596ec8cf2db6e4/element - {"using":"xpath","value":"//*[@id=\"__tile38\"]"}
RESULT: {"using":"xpath","value":"//*[@id=\"__tile38\"]"}
COMMAND: POST /session/7b7deb7c8590fa6091596ec8cf2db6e4/element/f.00692CF0BC94F1C607A97A5075ACE774.d.A74A056332B95CEC9572F11600CFD238.e.2642/click - {}
RESULT: {}
COMMAND: GET /session/7b7deb7c8590fa6091596ec8cf2db6e4/screenshot - {}
RESULT: {}
COMMAND: POST /session/7b7deb7c8590fa6091596ec8cf2db6e4/elements - {"using":"xpath","value":"//span[text()='Error']"}
RESULT: {"using":"xpath","value":"//span[text()='Error']"}
COMMAND: POST /session/7b7deb7c8590fa6091596ec8cf2db6e4/element - {"using":"xpath","value":"//button[@data-kt=\"addButton\"]"}
RESULT: {"using":"xpath","value":"//button[@data-kt=\"addButton\"]"}
COMMAND: POST /session/7b7deb7c8590fa6091596ec8cf2db6e4/elements - {"using":"xpath","value":"//button[@data-kt=\"addButton\"]"}
RESULT: {"using":"xpath","value":"//button[@data-kt=\"addButton\"]"}
COMMAND: POST /session/7b7deb7c8590fa6091596ec8cf2db6e4/elements - {"using":"xpath","value":"//button[@data-kt=\"addButton\"]"}
RESULT: {"using":"xpath","value":"//button[@data-kt=\"addButton\"]"}
COMMAND: POST /session/7b7deb7c8590fa6091596ec8cf2db6e4/elements - {"using":"xpath","value":"//button[@data-kt=\"addButton\"]"}
RESULT: {"using":"xpath","value":"//button[@data-kt=\"addButton\"]"}
COMMAND: POST /session/7b7deb7c8590fa6091596ec8cf2db6e4/elements - {"using":"xpath","value":"//button[@data-kt=\"addButton\"]"}
RESULT: {"using":"xpath","value":"//button[@data-kt=\"addButton\"]"}
COMMAND: POST /session/7b7deb7c8590fa6091596ec8cf2db6e4/elements - {"using":"xpath","value":"//button[@data-kt=\"addButton\"]"}
RESULT: {"using":"xpath","value":"//button[@data-kt=\"addButton\"]"}
COMMAND: POST /session/7b7deb7c8590fa6091596ec8cf2db6e4/elements - {"using":"xpath","value":"//button[@data-kt=\"addButton\"]"}
RESULT: {"using":"xpath","value":"//button[@data-kt=\"addButton\"]"}
COMMAND: POST /session/7b7deb7c8590fa6091596ec8cf2db6e4/elements - {"using":"xpath","value":"//button[@data-kt=\"addButton\"]"}
RESULT: {"using":"xpath","value":"//button[@data-kt=\"addButton\"]"}
COMMAND: POST /session/7b7deb7c8590fa6091596ec8cf2db6e4/elements - {"using":"xpath","value":"//button[@data-kt=\"addButton\"]"}
RESULT: {"using":"xpath","value":"//button[@data-kt=\"addButton\"]"}
COMMAND: POST /session/7b7deb7c8590fa6091596ec8cf2db6e4/elements - {"using":"xpath","value":"//button[@data-kt=\"addButton\"]"}
RESULT: {"using":"xpath","value":"//button[@data-kt=\"addButton\"]"}
COMMAND: POST /session/7b7deb7c8590fa6091596ec8cf2db6e4/elements - {"using":"xpath","value":"//button[@data-kt=\"addButton\"]"}
RESULT: {"using":"xpath","value":"//button[@data-kt=\"addButton\"]"}
COMMAND: POST /session/7b7deb7c8590fa6091596ec8cf2db6e4/elements - {"using":"xpath","value":"//button[@data-kt=\"addButton\"]"}
RESULT: {"using":"xpath","value":"//button[@data-kt=\"addButton\"]"}
COMMAND: POST /session/7b7deb7c8590fa6091596ec8cf2db6e4/elements - {"using":"xpath","value":"//button[@data-kt=\"addButton\"]"}
RESULT: {"using":"xpath","value":"//button[@data-kt=\"addButton\"]"}
COMMAND: POST /session/7b7deb7c8590fa6091596ec8cf2db6e4/elements - {"using":"xpath","value":"//button[@data-kt=\"addButton\"]"}
RESULT: {"using":"xpath","value":"//button[@data-kt=\"addButton\"]"}
COMMAND: POST /session/7b7deb7c8590fa6091596ec8cf2db6e4/elements - {"using":"xpath","value":"//button[@data-kt=\"addButton\"]"}
RESULT: {"using":"xpath","value":"//button[@data-kt=\"addButton\"]"}
COMMAND: POST /session/7b7deb7c8590fa6091596ec8cf2db6e4/elements - {"using":"xpath","value":"//button[@data-kt=\"addButton\"]"}
RESULT: {"using":"xpath","value":"//button[@data-kt=\"addButton\"]"}
COMMAND: POST /session/7b7deb7c8590fa6091596ec8cf2db6e4/elements - {"using":"xpath","value":"//button[@data-kt=\"addButton\"]"}
RESULT: {"using":"xpath","value":"//button[@data-kt=\"addButton\"]"}
COMMAND: POST /session/7b7deb7c8590fa6091596ec8cf2db6e4/elements - {"using":"xpath","value":"//button[@data-kt=\"addButton\"]"}
RESULT: {"using":"xpath","value":"//button[@data-kt=\"addButton\"]"}
COMMAND: POST /session/7b7deb7c8590fa6091596ec8cf2db6e4/elements - {"using":"xpath","value":"//button[@data-kt=\"addButton\"]"}
RESULT: {"using":"xpath","value":"//button[@data-kt=\"addButton\"]"}
COMMAND: POST /session/7b7deb7c8590fa6091596ec8cf2db6e4/elements - {"using":"xpath","value":"//button[@data-kt=\"addButton\"]"}
RESULT: {"using":"xpath","value":"//button[@data-kt=\"addButton\"]"}
COMMAND: POST /session/7b7deb7c8590fa6091596ec8cf2db6e4/elements - {"using":"xpath","value":"//button[@data-kt=\"addButton\"]"}
RESULT: {"using":"xpath","value":"//button[@data-kt=\"addButton\"]"}
COMMAND: POST /session/7b7deb7c8590fa6091596ec8cf2db6e4/elements - {"using":"xpath","value":"//button[@data-kt=\"addButton\"]"}
RESULT: {"using":"xpath","value":"//button[@data-kt=\"addButton\"]"}
COMMAND: POST /session/7b7deb7c8590fa6091596ec8cf2db6e4/elements - {"using":"xpath","value":"//button[@data-kt=\"addButton\"]"}
RESULT: {"using":"xpath","value":"//button[@data-kt=\"addButton\"]"}
COMMAND: POST /session/7b7deb7c8590fa6091596ec8cf2db6e4/elements - {"using":"xpath","value":"//button[@data-kt=\"addButton\"]"}
RESULT: {"using":"xpath","value":"//button[@data-kt=\"addButton\"]"}
COMMAND: POST /session/7b7deb7c8590fa6091596ec8cf2db6e4/elements - {"using":"xpath","value":"//button[@data-kt=\"addButton\"]"}
RESULT: {"using":"xpath","value":"//button[@data-kt=\"addButton\"]"}
COMMAND: POST /session/7b7deb7c8590fa6091596ec8cf2db6e4/elements - {"using":"xpath","value":"//button[@data-kt=\"addButton\"]"}
RESULT: {"using":"xpath","value":"//button[@data-kt=\"addButton\"]"}
COMMAND: POST /session/7b7deb7c8590fa6091596ec8cf2db6e4/elements - {"using":"xpath","value":"//button[@data-kt=\"addButton\"]"}
RESULT: {"using":"xpath","value":"//button[@data-kt=\"addButton\"]"}
COMMAND: POST /session/7b7deb7c8590fa6091596ec8cf2db6e4/elements - {"using":"xpath","value":"//button[@data-kt=\"addButton\"]"}
RESULT: {"using":"xpath","value":"//button[@data-kt=\"addButton\"]"}
COMMAND: POST /session/7b7deb7c8590fa6091596ec8cf2db6e4/element - {"using":"xpath","value":"//button[@data-kt=\"addButton\"]"}
RESULT: {"using":"xpath","value":"//button[@data-kt=\"addButton\"]"}
COMMAND: POST /session/7b7deb7c8590fa6091596ec8cf2db6e4/execute/sync - {"script":"<script> [8489 bytes]","args":[{"element-6066-11e4-a52e-4f735466cecf":"f.00692CF0BC94F1C607A97A5075ACE774.d.A74A056332B95CEC9572F11600CFD238.e.2780","ELEMENT":"f.00692CF0BC94F1C607A97A5075ACE774.d.A74A056332B95CEC9572F11600CFD238.e.2780"}]}
RESULT: {"script":"<script> [8489 bytes]","args":[{"element-6066-11e4-a52e-4f735466cecf":"f.00692CF0BC94F1C607A97A5075ACE774.d.A74A056332B95CEC9572F11600CFD238.e.2780","ELEMENT":"f.00692CF0BC94F1C607A97A5075ACE774.d.A74A056332B95CEC9572F11600CFD238.e.2780"}]}
COMMAND: GET /session/7b7deb7c8590fa6091596ec8cf2db6e4/element/f.00692CF0BC94F1C607A97A5075ACE774.d.A74A056332B95CEC9572F11600CFD238.e.2780/enabled - {}
COMMAND: GET /session/7b7deb7c8590fa6091596ec8cf2db6e4/screenshot - {}
RESULT: {}
RESULT: {}
COMMAND: POST /session/7b7deb7c8590fa6091596ec8cf2db6e4/execute/sync - {"script":"<script> [8489 bytes]","args":[{"element-6066-11e4-a52e-4f735466cecf":"f.00692CF0BC94F1C607A97A5075ACE774.d.A74A056332B95CEC9572F11600CFD238.e.2780","ELEMENT":"f.00692CF0BC94F1C607A97A5075ACE774.d.A74A056332B95CEC9572F11600CFD238.e.2780"}]}
COMMAND: GET /session/7b7deb7c8590fa6091596ec8cf2db6e4/screenshot - {}
RESULT: {"script":"<script> [8489 bytes]","args":[{"element-6066-11e4-a52e-4f735466cecf":"f.00692CF0BC94F1C607A97A5075ACE774.d.A74A056332B95CEC9572F11600CFD238.e.2780","ELEMENT":"f.00692CF0BC94F1C607A97A5075ACE774.d.A74A056332B95CEC9572F11600CFD238.e.2780"}]}
COMMAND: POST /session/7b7deb7c8590fa6091596ec8cf2db6e4/execute/sync - {"script":"<script> [5351 bytes]","args":[{"element-6066-11e4-a52e-4f735466cecf":"f.00692CF0BC94F1C607A97A5075ACE774.d.A74A056332B95CEC9572F11600CFD238.e.2780","ELEMENT":"f.00692CF0BC94F1C607A97A5075ACE774.d.A74A056332B95CEC9572F11600CFD238.e.2780"}]}
COMMAND: GET /session/7b7deb7c8590fa6091596ec8cf2db6e4/screenshot - {}
RESULT: {}
RESULT: {"script":"<script> [5351 bytes]","args":[{"element-6066-11e4-a52e-4f735466cecf":"f.00692CF0BC94F1C607A97A5075ACE774.d.A74A056332B95CEC9572F11600CFD238.e.2780","ELEMENT":"f.00692CF0BC94F1C607A97A5075ACE774.d.A74A056332B95CEC9572F11600CFD238.e.2780"}]}
COMMAND: POST /session/7b7deb7c8590fa6091596ec8cf2db6e4/element/f.00692CF0BC94F1C607A97A5075ACE774.d.A74A056332B95CEC9572F11600CFD238.e.2780/click - {}
COMMAND: GET /session/7b7deb7c8590fa6091596ec8cf2db6e4/screenshot - {}
RESULT: {}
RESULT: {}
COMMAND: GET /session/7b7deb7c8590fa6091596ec8cf2db6e4/screenshot - {}
COMMAND: POST /session/7b7deb7c8590fa6091596ec8cf2db6e4/execute/async - {"script":"<script> [1562 bytes]","args":[{"selector":{"id":"application-managepartners-display-component---NewPartner--addressDetailDetailsName1","interaction":{"idSuffix":"inner"}},"wdio_ui5_key":"applicationmanagepartners-display-component---NewPartner--addressDetailDetailsName1"}]}
RESULT: {}
RESULT: {}
RESULT: {"script":"<script> [1562 bytes]","args":[{"selector":{"id":"application-managepartners-display-component---NewPartner--addressDetailDetailsName1","interaction":{"idSuffix":"inner"}},"wdio_ui5_key":"applicationmanagepartners-display-component---NewPartner--addressDetailDetailsName1"}]}
RESULT: undefined
COMMAND: POST /session/7b7deb7c8590fa6091596ec8cf2db6e4/execute/async - {"script":"<script> [776 bytes]","args":[{"enterText":"External Partner WDIO","selector":{"id":"application-managepartners-display-component---NewPartner--addressDetailDetailsName1","interaction":{"idSuffix":"inner"}},"clearTextFirst":true,"interactionType":"ENTER_TEXT"}]}
RESULT: {"script":"<script> [776 bytes]","args":[{"enterText":"External Partner WDIO","selector":{"id":"application-managepartners-display-component---NewPartner--addressDetailDetailsName1","interaction":{"idSuffix":"inner"}},"clearTextFirst":true,"interactionType":"ENTER_TEXT"}]}
COMMAND: POST /session/7b7deb7c8590fa6091596ec8cf2db6e4/execute/async - {"script":"<script> [1562 bytes]","args":[{"selector":{"id":"application-managepartners-display-component---NewPartner--addressDetailDetailsLanguage-arrow"},"wdio_ui5_key":"applicationmanagepartners-display-component---NewPartner--addressDetailDetailsLanguage-arrow"}]}
RESULT: {"script":"<script> [1562 bytes]","args":[{"selector":{"id":"application-managepartners-display-component---NewPartner--addressDetailDetailsLanguage-arrow"},"wdio_ui5_key":"applicationmanagepartners-display-component---NewPartner--addressDetailDetailsLanguage-arrow"}]}
RESULT: undefined
COMMAND: POST /session/7b7deb7c8590fa6091596ec8cf2db6e4/element - {"using":"xpath","value":"//*[@id=\"application-managepartners-display-component---NewPartner--addressDetailDetailsLanguage-arrow\"]"}
RESULT: {"using":"xpath","value":"//*[@id=\"application-managepartners-display-component---NewPartner--addressDetailDetailsLanguage-arrow\"]"}
COMMAND: POST /session/7b7deb7c8590fa6091596ec8cf2db6e4/element/f.00692CF0BC94F1C607A97A5075ACE774.d.A74A056332B95CEC9572F11600CFD238.e.3226/click - {}
RESULT: {}
COMMAND: POST /session/7b7deb7c8590fa6091596ec8cf2db6e4/element - {"using":"xpath","value":"//span[contains(text(), \"English\")]"}
COMMAND: GET /session/7b7deb7c8590fa6091596ec8cf2db6e4/screenshot - {}
RESULT: {"using":"xpath","value":"//span[contains(text(), \"English\")]"}
COMMAND: POST /session/7b7deb7c8590fa6091596ec8cf2db6e4/element/f.00692CF0BC94F1C607A97A5075ACE774.d.A74A056332B95CEC9572F11600CFD238.e.3227/click - {}
RESULT: {}
RESULT: {}
COMMAND: GET /session/7b7deb7c8590fa6091596ec8cf2db6e4/screenshot - {}
RESULT: {}
COMMAND: POST /session/7b7deb7c8590fa6091596ec8cf2db6e4/execute/async - {"script":"<script> [1562 bytes]","args":[{"selector":{"id":"application-managepartners-display-component---NewPartner--addressDetailDetailsCity1","interaction":{"idSuffix":"inner"}},"wdio_ui5_key":"applicationmanagepartners-display-component---NewPartner--addressDetailDetailsCity1"}]}
RESULT: {"script":"<script> [1562 bytes]","args":[{"selector":{"id":"application-managepartners-display-component---NewPartner--addressDetailDetailsCity1","interaction":{"idSuffix":"inner"}},"wdio_ui5_key":"applicationmanagepartners-display-component---NewPartner--addressDetailDetailsCity1"}]}
RESULT: undefined
COMMAND: POST /session/7b7deb7c8590fa6091596ec8cf2db6e4/execute/async - {"script":"<script> [776 bytes]","args":[{"enterText":"Rosario","selector":{"id":"application-managepartners-display-component---NewPartner--addressDetailDetailsCity1","interaction":{"idSuffix":"inner"}},"clearTextFirst":true,"interactionType":"ENTER_TEXT"}]}
RESULT: {"script":"<script> [776 bytes]","args":[{"enterText":"Rosario","selector":{"id":"application-managepartners-display-component---NewPartner--addressDetailDetailsCity1","interaction":{"idSuffix":"inner"}},"clearTextFirst":true,"interactionType":"ENTER_TEXT"}]}
COMMAND: POST /session/7b7deb7c8590fa6091596ec8cf2db6e4/execute/async - {"script":"<script> [1562 bytes]","args":[{"selector":{"id":"application-managepartners-display-component---NewPartner--addressDetailDetailsCountry-arrow"},"wdio_ui5_key":"applicationmanagepartners-display-component---NewPartner--addressDetailDetailsCountry-arrow"}]}
RESULT: {"script":"<script> [1562 bytes]","args":[{"selector":{"id":"application-managepartners-display-component---NewPartner--addressDetailDetailsCountry-arrow"},"wdio_ui5_key":"applicationmanagepartners-display-component---NewPartner--addressDetailDetailsCountry-arrow"}]}
RESULT: undefined
COMMAND: POST /session/7b7deb7c8590fa6091596ec8cf2db6e4/element - {"using":"xpath","value":"//*[@id=\"application-managepartners-display-component---NewPartner--addressDetailDetailsCountry-arrow\"]"}
RESULT: {"using":"xpath","value":"//*[@id=\"application-managepartners-display-component---NewPartner--addressDetailDetailsCountry-arrow\"]"}
COMMAND: POST /session/7b7deb7c8590fa6091596ec8cf2db6e4/element/f.00692CF0BC94F1C607A97A5075ACE774.d.A74A056332B95CEC9572F11600CFD238.e.3193/click - {}
RESULT: {}
COMMAND: POST /session/7b7deb7c8590fa6091596ec8cf2db6e4/element - {"using":"xpath","value":"//span[contains(text(), \"Argentina\")]"}
COMMAND: GET /session/7b7deb7c8590fa6091596ec8cf2db6e4/screenshot - {}
RESULT: {"using":"xpath","value":"//span[contains(text(), \"Argentina\")]"}
COMMAND: POST /session/7b7deb7c8590fa6091596ec8cf2db6e4/element/f.00692CF0BC94F1C607A97A5075ACE774.d.A74A056332B95CEC9572F11600CFD238.e.3229/click - {}
RESULT: {}
RESULT: {}
COMMAND: GET /session/7b7deb7c8590fa6091596ec8cf2db6e4/screenshot - {}
RESULT: {}
COMMAND: POST /session/7b7deb7c8590fa6091596ec8cf2db6e4/element - {"using":"xpath","value":"//bdi[contains(text(), \"Commercial\")]"}
RESULT: {"using":"xpath","value":"//bdi[contains(text(), \"Commercial\")]"}
COMMAND: POST /session/7b7deb7c8590fa6091596ec8cf2db6e4/element/f.00692CF0BC94F1C607A97A5075ACE774.d.A74A056332B95CEC9572F11600CFD238.e.3230/click - {}
RESULT: {}
COMMAND: GET /session/7b7deb7c8590fa6091596ec8cf2db6e4/screenshot - {}
RESULT: {}
COMMAND: POST /session/7b7deb7c8590fa6091596ec8cf2db6e4/execute/async - {"script":"<script> [1562 bytes]","args":[{"selector":{"id":"application-managepartners-display-component---NewPartner--partnerDetailInternal-arrow"},"wdio_ui5_key":"applicationmanagepartners-display-component---NewPartner--partnerDetailInternal-arrow"}]}
RESULT: {"script":"<script> [1562 bytes]","args":[{"selector":{"id":"application-managepartners-display-component---NewPartner--partnerDetailInternal-arrow"},"wdio_ui5_key":"applicationmanagepartners-display-component---NewPartner--partnerDetailInternal-arrow"}]}
RESULT: undefined
COMMAND: POST /session/7b7deb7c8590fa6091596ec8cf2db6e4/element - {"using":"xpath","value":"//*[@id=\"application-managepartners-display-component---NewPartner--partnerDetailInternal-arrow\"]"}
RESULT: {"using":"xpath","value":"//*[@id=\"application-managepartners-display-component---NewPartner--partnerDetailInternal-arrow\"]"}
COMMAND: POST /session/7b7deb7c8590fa6091596ec8cf2db6e4/element/f.00692CF0BC94F1C607A97A5075ACE774.d.A74A056332B95CEC9572F11600CFD238.e.3236/click - {}
RESULT: {}
COMMAND: POST /session/7b7deb7c8590fa6091596ec8cf2db6e4/element - {"using":"xpath","value":"//span[contains(text(), \"External partner\")]"}
COMMAND: GET /session/7b7deb7c8590fa6091596ec8cf2db6e4/screenshot - {}
RESULT: {"using":"xpath","value":"//span[contains(text(), \"External partner\")]"}
COMMAND: POST /session/7b7deb7c8590fa6091596ec8cf2db6e4/element/f.00692CF0BC94F1C607A97A5075ACE774.d.A74A056332B95CEC9572F11600CFD238.e.3237/click - {}
RESULT: {}
RESULT: {}
COMMAND: POST /session/7b7deb7c8590fa6091596ec8cf2db6e4/execute/async - {"script":"<script> [1562 bytes]","args":[{"selector":{"id":"application-managepartners-display-component---NewPartner--partnerDetailsCurrency-arrow"},"wdio_ui5_key":"applicationmanagepartners-display-component---NewPartner--partnerDetailsCurrency-arrow"}]}
COMMAND: GET /session/7b7deb7c8590fa6091596ec8cf2db6e4/screenshot - {}
RESULT: {"script":"<script> [1562 bytes]","args":[{"selector":{"id":"application-managepartners-display-component---NewPartner--partnerDetailsCurrency-arrow"},"wdio_ui5_key":"applicationmanagepartners-display-component---NewPartner--partnerDetailsCurrency-arrow"}]}
RESULT: undefined
COMMAND: POST /session/7b7deb7c8590fa6091596ec8cf2db6e4/element - {"using":"xpath","value":"//*[@id=\"application-managepartners-display-component---NewPartner--partnerDetailsCurrency-arrow\"]"}
RESULT: {}
RESULT: {"using":"xpath","value":"//*[@id=\"application-managepartners-display-component---NewPartner--partnerDetailsCurrency-arrow\"]"}
COMMAND: POST /session/7b7deb7c8590fa6091596ec8cf2db6e4/element/f.00692CF0BC94F1C607A97A5075ACE774.d.A74A056332B95CEC9572F11600CFD238.e.3242/click - {}
RESULT: {}
COMMAND: POST /session/7b7deb7c8590fa6091596ec8cf2db6e4/element - {"using":"xpath","value":"//span[contains(text(), \"US Dollar\")]"}
COMMAND: GET /session/7b7deb7c8590fa6091596ec8cf2db6e4/screenshot - {}
RESULT: {"using":"xpath","value":"//span[contains(text(), \"US Dollar\")]"}
COMMAND: POST /session/7b7deb7c8590fa6091596ec8cf2db6e4/element/f.00692CF0BC94F1C607A97A5075ACE774.d.A74A056332B95CEC9572F11600CFD238.e.3243/click - {}
RESULT: {}
RESULT: {}
COMMAND: GET /session/7b7deb7c8590fa6091596ec8cf2db6e4/screenshot - {}
RESULT: {}
COMMAND: POST /session/7b7deb7c8590fa6091596ec8cf2db6e4/element - {"using":"xpath","value":"//input[@id=\"application-managepartners-display-component---NewPartner--companyCodeComboBox-inner\"]"}
RESULT: {"using":"xpath","value":"//input[@id=\"application-managepartners-display-component---NewPartner--companyCodeComboBox-inner\"]"}
COMMAND: POST /session/7b7deb7c8590fa6091596ec8cf2db6e4/element/f.00692CF0BC94F1C607A97A5075ACE774.d.A74A056332B95CEC9572F11600CFD238.e.3102/clear - {}
RESULT: {}
COMMAND: POST /session/7b7deb7c8590fa6091596ec8cf2db6e4/element/f.00692CF0BC94F1C607A97A5075ACE774.d.A74A056332B95CEC9572F11600CFD238.e.3102/value - {"text":"C002"}
COMMAND: GET /session/7b7deb7c8590fa6091596ec8cf2db6e4/screenshot - {}
RESULT: {"text":"C002"}
COMMAND: GET /session/7b7deb7c8590fa6091596ec8cf2db6e4/screenshot - {}
RESULT: {}
RESULT: {}
COMMAND: POST /session/7b7deb7c8590fa6091596ec8cf2db6e4/element - {"using":"xpath","value":"//li[.//span[text()= \"C002\"]]"}
RESULT: {"using":"xpath","value":"//li[.//span[text()= \"C002\"]]"}
COMMAND: POST /session/7b7deb7c8590fa6091596ec8cf2db6e4/element/f.00692CF0BC94F1C607A97A5075ACE774.d.A74A056332B95CEC9572F11600CFD238.e.3247/click - {}
RESULT: {}
COMMAND: GET /session/7b7deb7c8590fa6091596ec8cf2db6e4/screenshot - {}
RESULT: {}
COMMAND: POST /session/7b7deb7c8590fa6091596ec8cf2db6e4/execute/async - {"script":"<script> [1562 bytes]","args":[{"selector":{"id":"application-managepartners-display-component---NewPartner--btnAddTableRow-img"},"wdio_ui5_key":"applicationmanagepartners-display-component---NewPartner--btnAddTableRow-img"}]}
RESULT: {"script":"<script> [1562 bytes]","args":[{"selector":{"id":"application-managepartners-display-component---NewPartner--btnAddTableRow-img"},"wdio_ui5_key":"applicationmanagepartners-display-component---NewPartner--btnAddTableRow-img"}]}
RESULT: undefined
COMMAND: POST /session/7b7deb7c8590fa6091596ec8cf2db6e4/element - {"using":"xpath","value":"//*[@id=\"application-managepartners-display-component---NewPartner--btnAddTableRow-img\"]"}
RESULT: {"using":"xpath","value":"//*[@id=\"application-managepartners-display-component---NewPartner--btnAddTableRow-img\"]"}
COMMAND: POST /session/7b7deb7c8590fa6091596ec8cf2db6e4/element/f.00692CF0BC94F1C607A97A5075ACE774.d.A74A056332B95CEC9572F11600CFD238.e.3248/click - {}
RESULT: {}
COMMAND: GET /session/7b7deb7c8590fa6091596ec8cf2db6e4/screenshot - {}
RESULT: {}
COMMAND: POST /session/7b7deb7c8590fa6091596ec8cf2db6e4/element - {"using":"xpath","value":"//input[@id=\"application-managepartners-display-component---NewPartner--assignmentYard-application-managepartners-display-component---NewPartner--assignmentsTable-0-inner\"]"}
RESULT: {"using":"xpath","value":"//input[@id=\"application-managepartners-display-component---NewPartner--assignmentYard-application-managepartners-display-component---NewPartner--assignmentsTable-0-inner\"]"}
COMMAND: POST /session/7b7deb7c8590fa6091596ec8cf2db6e4/element/f.00692CF0BC94F1C607A97A5075ACE774.d.A74A056332B95CEC9572F11600CFD238.e.3251/clear - {}
RESULT: {}
COMMAND: POST /session/7b7deb7c8590fa6091596ec8cf2db6e4/element/f.00692CF0BC94F1C607A97A5075ACE774.d.A74A056332B95CEC9572F11600CFD238.e.3251/value - {"text":"550"}
COMMAND: GET /session/7b7deb7c8590fa6091596ec8cf2db6e4/screenshot - {}
RESULT: {"text":"550"}
COMMAND: GET /session/7b7deb7c8590fa6091596ec8cf2db6e4/screenshot - {}
RESULT: {}
RESULT: {}
COMMAND: POST /session/7b7deb7c8590fa6091596ec8cf2db6e4/element - {"using":"xpath","value":"//li[.//span[text()='550']]"}
RESULT: {"using":"xpath","value":"//li[.//span[text()='550']]"}
COMMAND: POST /session/7b7deb7c8590fa6091596ec8cf2db6e4/element/f.00692CF0BC94F1C607A97A5075ACE774.d.A74A056332B95CEC9572F11600CFD238.e.3259/click - {}
RESULT: {}
COMMAND: GET /session/7b7deb7c8590fa6091596ec8cf2db6e4/screenshot - {}
RESULT: {}
COMMAND: POST /session/7b7deb7c8590fa6091596ec8cf2db6e4/actions - {"actions":[{"id":"action6","type":"key","parameters":{},"actions":[{"type":"keyDown","value":"î€‡"},{"type":"pause","duration":10},{"type":"keyUp","value":"î€‡"}]}]}
RESULT: {"actions":[{"id":"action6","type":"key","parameters":{},"actions":[{"type":"keyDown","value":"î€‡"},{"type":"pause","duration":10},{"type":"keyUp","value":"î€‡"}]}]}
COMMAND: POST /session/7b7deb7c8590fa6091596ec8cf2db6e4/element - {"using":"xpath","value":"//td[contains(@id, \"assignmentsTable-0-cell2\")]/div/div"}
COMMAND: GET /session/7b7deb7c8590fa6091596ec8cf2db6e4/screenshot - {}
RESULT: {"using":"xpath","value":"//td[contains(@id, \"assignmentsTable-0-cell2\")]/div/div"}
COMMAND: POST /session/7b7deb7c8590fa6091596ec8cf2db6e4/element/f.00692CF0BC94F1C607A97A5075ACE774.d.A74A056332B95CEC9572F11600CFD238.e.3262/click - {}
RESULT: {}
RESULT: {}
COMMAND: GET /session/7b7deb7c8590fa6091596ec8cf2db6e4/screenshot - {}
RESULT: {}
COMMAND: POST /session/7b7deb7c8590fa6091596ec8cf2db6e4/element - {"using":"xpath","value":"//button[@data-kt=\"saveButton\"]"}
RESULT: {"using":"xpath","value":"//button[@data-kt=\"saveButton\"]"}
COMMAND: POST /session/7b7deb7c8590fa6091596ec8cf2db6e4/element/f.00692CF0BC94F1C607A97A5075ACE774.d.A74A056332B95CEC9572F11600CFD238.e.3111/click - {}
RESULT: {}
COMMAND: GET /session/7b7deb7c8590fa6091596ec8cf2db6e4/screenshot - {}
RESULT: {}
COMMAND: POST /session/7b7deb7c8590fa6091596ec8cf2db6e4/element - {"using":"xpath","value":"//header[contains(@id, 'ObjectPageLayout-headerTitle')]/div[1]/div[2]/div[2]/span[1]"}
RESULT: {"using":"xpath","value":"//header[contains(@id, 'ObjectPageLayout-headerTitle')]/div[1]/div[2]/div[2]/span[1]"}
COMMAND: POST /session/7b7deb7c8590fa6091596ec8cf2db6e4/elements - {"using":"xpath","value":"//header[contains(@id, 'ObjectPageLayout-headerTitle')]/div[1]/div[2]/div[2]/span[1]"}
RESULT: {"using":"xpath","value":"//header[contains(@id, 'ObjectPageLayout-headerTitle')]/div[1]/div[2]/div[2]/span[1]"}
COMMAND: POST /session/7b7deb7c8590fa6091596ec8cf2db6e4/execute/sync - {"script":"<script> [56 bytes]","args":[{"element-6066-11e4-a52e-4f735466cecf":"f.00692CF0BC94F1C607A97A5075ACE774.d.A74A056332B95CEC9572F11600CFD238.e.3426","ELEMENT":"f.00692CF0BC94F1C607A97A5075ACE774.d.A74A056332B95CEC9572F11600CFD238.e.3426"}]}
RESULT: {"script":"<script> [56 bytes]","args":[{"element-6066-11e4-a52e-4f735466cecf":"f.00692CF0BC94F1C607A97A5075ACE774.d.A74A056332B95CEC9572F11600CFD238.e.3426","ELEMENT":"f.00692CF0BC94F1C607A97A5075ACE774.d.A74A056332B95CEC9572F11600CFD238.e.3426"}]}
COMMAND: POST /session/7b7deb7c8590fa6091596ec8cf2db6e4/element - {"using":"css selector","value":"#shell-header-logo"}
COMMAND: GET /session/7b7deb7c8590fa6091596ec8cf2db6e4/screenshot - {}
RESULT: {"using":"css selector","value":"#shell-header-logo"}
COMMAND: POST /session/7b7deb7c8590fa6091596ec8cf2db6e4/element/f.00692CF0BC94F1C607A97A5075ACE774.d.A74A056332B95CEC9572F11600CFD238.e.2745/click - {}
RESULT: {}
RESULT: {}
COMMAND: GET /session/7b7deb7c8590fa6091596ec8cf2db6e4/screenshot - {}
RESULT: {}
COMMAND: POST /session/7b7deb7c8590fa6091596ec8cf2db6e4/execute/sync - {"script":"<script> [299 bytes]","args":[["getModel","getResource"]]}
RESULT: {"script":"<script> [299 bytes]","args":[["getModel","getResource"]]}
]]></system-out>
    </testcase>
    <testcase classname="chrome.136_0_7103_93.windows.Create_partner_US118246" name="Should create a new yard in case create yard failed" time="0.008">
      <system-out><![CDATA[
COMMAND: GET /session/7b7deb7c8590fa6091596ec8cf2db6e4/screenshot - {}
]]></system-out>
    </testcase>
    <testcase classname="chrome.136_0_7103_93.windows.Create_partner_US118246" name="Should create new external WHM partner" time="100.344">
      <system-out><![CDATA[
COMMAND: POST /session/7b7deb7c8590fa6091596ec8cf2db6e4/window/fullscreen - {}
RESULT: {}
RESULT: {}
RESULT: undefined
COMMAND: POST /session/7b7deb7c8590fa6091596ec8cf2db6e4/element - {"using":"xpath","value":"//*[@id=\"__tile38\"]"}
RESULT: {"using":"xpath","value":"//*[@id=\"__tile38\"]"}
COMMAND: POST /session/7b7deb7c8590fa6091596ec8cf2db6e4/element/f.00692CF0BC94F1C607A97A5075ACE774.d.A74A056332B95CEC9572F11600CFD238.e.2642/click - {}
RESULT: {}
COMMAND: GET /session/7b7deb7c8590fa6091596ec8cf2db6e4/screenshot - {}
RESULT: {}
COMMAND: POST /session/7b7deb7c8590fa6091596ec8cf2db6e4/elements - {"using":"xpath","value":"//span[text()='Error']"}
RESULT: {"using":"xpath","value":"//span[text()='Error']"}
COMMAND: POST /session/7b7deb7c8590fa6091596ec8cf2db6e4/element - {"using":"xpath","value":"//button[@data-kt=\"addButton\"]"}
RESULT: {"using":"xpath","value":"//button[@data-kt=\"addButton\"]"}
COMMAND: POST /session/7b7deb7c8590fa6091596ec8cf2db6e4/elements - {"using":"xpath","value":"//button[@data-kt=\"addButton\"]"}
RESULT: {"using":"xpath","value":"//button[@data-kt=\"addButton\"]"}
COMMAND: POST /session/7b7deb7c8590fa6091596ec8cf2db6e4/execute/sync - {"script":"<script> [8489 bytes]","args":[{"element-6066-11e4-a52e-4f735466cecf":"f.00692CF0BC94F1C607A97A5075ACE774.d.A74A056332B95CEC9572F11600CFD238.e.3473","ELEMENT":"f.00692CF0BC94F1C607A97A5075ACE774.d.A74A056332B95CEC9572F11600CFD238.e.3473"}]}
RESULT: {"script":"<script> [8489 bytes]","args":[{"element-6066-11e4-a52e-4f735466cecf":"f.00692CF0BC94F1C607A97A5075ACE774.d.A74A056332B95CEC9572F11600CFD238.e.3473","ELEMENT":"f.00692CF0BC94F1C607A97A5075ACE774.d.A74A056332B95CEC9572F11600CFD238.e.3473"}]}
COMMAND: GET /session/7b7deb7c8590fa6091596ec8cf2db6e4/element/f.00692CF0BC94F1C607A97A5075ACE774.d.A74A056332B95CEC9572F11600CFD238.e.3473/enabled - {}
COMMAND: GET /session/7b7deb7c8590fa6091596ec8cf2db6e4/screenshot - {}
RESULT: {}
COMMAND: POST /session/7b7deb7c8590fa6091596ec8cf2db6e4/execute/sync - {"script":"<script> [8489 bytes]","args":[{"element-6066-11e4-a52e-4f735466cecf":"f.00692CF0BC94F1C607A97A5075ACE774.d.A74A056332B95CEC9572F11600CFD238.e.3473","ELEMENT":"f.00692CF0BC94F1C607A97A5075ACE774.d.A74A056332B95CEC9572F11600CFD238.e.3473"}]}
COMMAND: GET /session/7b7deb7c8590fa6091596ec8cf2db6e4/screenshot - {}
RESULT: {}
RESULT: {"script":"<script> [8489 bytes]","args":[{"element-6066-11e4-a52e-4f735466cecf":"f.00692CF0BC94F1C607A97A5075ACE774.d.A74A056332B95CEC9572F11600CFD238.e.3473","ELEMENT":"f.00692CF0BC94F1C607A97A5075ACE774.d.A74A056332B95CEC9572F11600CFD238.e.3473"}]}
COMMAND: POST /session/7b7deb7c8590fa6091596ec8cf2db6e4/execute/sync - {"script":"<script> [5351 bytes]","args":[{"element-6066-11e4-a52e-4f735466cecf":"f.00692CF0BC94F1C607A97A5075ACE774.d.A74A056332B95CEC9572F11600CFD238.e.3473","ELEMENT":"f.00692CF0BC94F1C607A97A5075ACE774.d.A74A056332B95CEC9572F11600CFD238.e.3473"}]}
COMMAND: GET /session/7b7deb7c8590fa6091596ec8cf2db6e4/screenshot - {}
RESULT: {}
RESULT: {"script":"<script> [5351 bytes]","args":[{"element-6066-11e4-a52e-4f735466cecf":"f.00692CF0BC94F1C607A97A5075ACE774.d.A74A056332B95CEC9572F11600CFD238.e.3473","ELEMENT":"f.00692CF0BC94F1C607A97A5075ACE774.d.A74A056332B95CEC9572F11600CFD238.e.3473"}]}
COMMAND: POST /session/7b7deb7c8590fa6091596ec8cf2db6e4/element/f.00692CF0BC94F1C607A97A5075ACE774.d.A74A056332B95CEC9572F11600CFD238.e.3473/click - {}
COMMAND: GET /session/7b7deb7c8590fa6091596ec8cf2db6e4/screenshot - {}
RESULT: {}
RESULT: {}
COMMAND: GET /session/7b7deb7c8590fa6091596ec8cf2db6e4/screenshot - {}
RESULT: undefined
COMMAND: POST /session/7b7deb7c8590fa6091596ec8cf2db6e4/execute/async - {"script":"<script> [776 bytes]","args":[{"enterText":"External Partner WDIO","selector":{"id":"application-managepartners-display-component---NewPartner--addressDetailDetailsName1","interaction":{"idSuffix":"inner"}},"clearTextFirst":true,"interactionType":"ENTER_TEXT"}]}
RESULT: {}
RESULT: {}
RESULT: {"script":"<script> [776 bytes]","args":[{"enterText":"External Partner WDIO","selector":{"id":"application-managepartners-display-component---NewPartner--addressDetailDetailsName1","interaction":{"idSuffix":"inner"}},"clearTextFirst":true,"interactionType":"ENTER_TEXT"}]}
RESULT: undefined
COMMAND: POST /session/7b7deb7c8590fa6091596ec8cf2db6e4/element - {"using":"xpath","value":"//*[@id=\"application-managepartners-display-component---NewPartner--addressDetailDetailsLanguage-arrow\"]"}
RESULT: {"using":"xpath","value":"//*[@id=\"application-managepartners-display-component---NewPartner--addressDetailDetailsLanguage-arrow\"]"}
COMMAND: POST /session/7b7deb7c8590fa6091596ec8cf2db6e4/element/f.00692CF0BC94F1C607A97A5075ACE774.d.A74A056332B95CEC9572F11600CFD238.e.3914/click - {}
RESULT: {}
COMMAND: POST /session/7b7deb7c8590fa6091596ec8cf2db6e4/element - {"using":"xpath","value":"//span[contains(text(), \"English\")]"}
COMMAND: GET /session/7b7deb7c8590fa6091596ec8cf2db6e4/screenshot - {}
RESULT: {"using":"xpath","value":"//span[contains(text(), \"English\")]"}
COMMAND: POST /session/7b7deb7c8590fa6091596ec8cf2db6e4/element/f.00692CF0BC94F1C607A97A5075ACE774.d.A74A056332B95CEC9572F11600CFD238.e.3915/click - {}
RESULT: {}
RESULT: {}
COMMAND: GET /session/7b7deb7c8590fa6091596ec8cf2db6e4/screenshot - {}
RESULT: {}
RESULT: undefined
COMMAND: POST /session/7b7deb7c8590fa6091596ec8cf2db6e4/execute/async - {"script":"<script> [776 bytes]","args":[{"enterText":"Rosario","selector":{"id":"application-managepartners-display-component---NewPartner--addressDetailDetailsCity1","interaction":{"idSuffix":"inner"}},"clearTextFirst":true,"interactionType":"ENTER_TEXT"}]}
RESULT: {"script":"<script> [776 bytes]","args":[{"enterText":"Rosario","selector":{"id":"application-managepartners-display-component---NewPartner--addressDetailDetailsCity1","interaction":{"idSuffix":"inner"}},"clearTextFirst":true,"interactionType":"ENTER_TEXT"}]}
RESULT: undefined
COMMAND: POST /session/7b7deb7c8590fa6091596ec8cf2db6e4/element - {"using":"xpath","value":"//*[@id=\"application-managepartners-display-component---NewPartner--addressDetailDetailsCountry-arrow\"]"}
RESULT: {"using":"xpath","value":"//*[@id=\"application-managepartners-display-component---NewPartner--addressDetailDetailsCountry-arrow\"]"}
COMMAND: POST /session/7b7deb7c8590fa6091596ec8cf2db6e4/element/f.00692CF0BC94F1C607A97A5075ACE774.d.A74A056332B95CEC9572F11600CFD238.e.3883/click - {}
RESULT: {}
COMMAND: POST /session/7b7deb7c8590fa6091596ec8cf2db6e4/element - {"using":"xpath","value":"//span[contains(text(), \"Argentina\")]"}
COMMAND: GET /session/7b7deb7c8590fa6091596ec8cf2db6e4/screenshot - {}
RESULT: {"using":"xpath","value":"//span[contains(text(), \"Argentina\")]"}
COMMAND: POST /session/7b7deb7c8590fa6091596ec8cf2db6e4/element/f.00692CF0BC94F1C607A97A5075ACE774.d.A74A056332B95CEC9572F11600CFD238.e.3916/click - {}
RESULT: {}
RESULT: {}
COMMAND: GET /session/7b7deb7c8590fa6091596ec8cf2db6e4/screenshot - {}
RESULT: {}
COMMAND: POST /session/7b7deb7c8590fa6091596ec8cf2db6e4/element - {"using":"xpath","value":"//bdi[contains(text(), \"Commercial\")]"}
RESULT: {"using":"xpath","value":"//bdi[contains(text(), \"Commercial\")]"}
COMMAND: POST /session/7b7deb7c8590fa6091596ec8cf2db6e4/element/f.00692CF0BC94F1C607A97A5075ACE774.d.A74A056332B95CEC9572F11600CFD238.e.3917/click - {}
RESULT: {}
COMMAND: GET /session/7b7deb7c8590fa6091596ec8cf2db6e4/screenshot - {}
RESULT: {}
RESULT: undefined
COMMAND: POST /session/7b7deb7c8590fa6091596ec8cf2db6e4/element - {"using":"xpath","value":"//*[@id=\"application-managepartners-display-component---NewPartner--partnerDetailInternal-arrow\"]"}
RESULT: {"using":"xpath","value":"//*[@id=\"application-managepartners-display-component---NewPartner--partnerDetailInternal-arrow\"]"}
COMMAND: POST /session/7b7deb7c8590fa6091596ec8cf2db6e4/element/f.00692CF0BC94F1C607A97A5075ACE774.d.A74A056332B95CEC9572F11600CFD238.e.3923/click - {}
RESULT: {}
COMMAND: POST /session/7b7deb7c8590fa6091596ec8cf2db6e4/element - {"using":"xpath","value":"//span[contains(text(), \"External partner\")]"}
COMMAND: GET /session/7b7deb7c8590fa6091596ec8cf2db6e4/screenshot - {}
RESULT: {"using":"xpath","value":"//span[contains(text(), \"External partner\")]"}
COMMAND: POST /session/7b7deb7c8590fa6091596ec8cf2db6e4/element/f.00692CF0BC94F1C607A97A5075ACE774.d.A74A056332B95CEC9572F11600CFD238.e.3924/click - {}
RESULT: {}
RESULT: {}
RESULT: undefined
COMMAND: POST /session/7b7deb7c8590fa6091596ec8cf2db6e4/element - {"using":"xpath","value":"//*[@id=\"application-managepartners-display-component---NewPartner--partnerDetailsCurrency-arrow\"]"}
COMMAND: GET /session/7b7deb7c8590fa6091596ec8cf2db6e4/screenshot - {}
RESULT: {"using":"xpath","value":"//*[@id=\"application-managepartners-display-component---NewPartner--partnerDetailsCurrency-arrow\"]"}
COMMAND: POST /session/7b7deb7c8590fa6091596ec8cf2db6e4/element/f.00692CF0BC94F1C607A97A5075ACE774.d.A74A056332B95CEC9572F11600CFD238.e.3929/click - {}
RESULT: {}
RESULT: {}
COMMAND: POST /session/7b7deb7c8590fa6091596ec8cf2db6e4/element - {"using":"xpath","value":"//span[contains(text(), \"US Dollar\")]"}
COMMAND: GET /session/7b7deb7c8590fa6091596ec8cf2db6e4/screenshot - {}
RESULT: {"using":"xpath","value":"//span[contains(text(), \"US Dollar\")]"}
COMMAND: POST /session/7b7deb7c8590fa6091596ec8cf2db6e4/element/f.00692CF0BC94F1C607A97A5075ACE774.d.A74A056332B95CEC9572F11600CFD238.e.3930/click - {}
RESULT: {}
RESULT: {}
COMMAND: GET /session/7b7deb7c8590fa6091596ec8cf2db6e4/screenshot - {}
RESULT: {}
COMMAND: POST /session/7b7deb7c8590fa6091596ec8cf2db6e4/element - {"using":"xpath","value":"//input[@id=\"application-managepartners-display-component---NewPartner--companyCodeComboBox-inner\"]"}
RESULT: {"using":"xpath","value":"//input[@id=\"application-managepartners-display-component---NewPartner--companyCodeComboBox-inner\"]"}
COMMAND: POST /session/7b7deb7c8590fa6091596ec8cf2db6e4/element/f.00692CF0BC94F1C607A97A5075ACE774.d.A74A056332B95CEC9572F11600CFD238.e.3788/clear - {}
RESULT: {}
COMMAND: POST /session/7b7deb7c8590fa6091596ec8cf2db6e4/element/f.00692CF0BC94F1C607A97A5075ACE774.d.A74A056332B95CEC9572F11600CFD238.e.3788/value - {"text":"C002"}
COMMAND: GET /session/7b7deb7c8590fa6091596ec8cf2db6e4/screenshot - {}
RESULT: {"text":"C002"}
COMMAND: GET /session/7b7deb7c8590fa6091596ec8cf2db6e4/screenshot - {}
RESULT: {}
RESULT: {}
COMMAND: POST /session/7b7deb7c8590fa6091596ec8cf2db6e4/element - {"using":"xpath","value":"//li[.//span[text()= \"C002\"]]"}
RESULT: {"using":"xpath","value":"//li[.//span[text()= \"C002\"]]"}
COMMAND: POST /session/7b7deb7c8590fa6091596ec8cf2db6e4/element/f.00692CF0BC94F1C607A97A5075ACE774.d.A74A056332B95CEC9572F11600CFD238.e.3934/click - {}
RESULT: {}
COMMAND: GET /session/7b7deb7c8590fa6091596ec8cf2db6e4/screenshot - {}
RESULT: {}
RESULT: undefined
COMMAND: POST /session/7b7deb7c8590fa6091596ec8cf2db6e4/element - {"using":"xpath","value":"//*[@id=\"application-managepartners-display-component---NewPartner--btnAddTableRow-img\"]"}
RESULT: {"using":"xpath","value":"//*[@id=\"application-managepartners-display-component---NewPartner--btnAddTableRow-img\"]"}
COMMAND: POST /session/7b7deb7c8590fa6091596ec8cf2db6e4/element/f.00692CF0BC94F1C607A97A5075ACE774.d.A74A056332B95CEC9572F11600CFD238.e.3935/click - {}
RESULT: {}
COMMAND: GET /session/7b7deb7c8590fa6091596ec8cf2db6e4/screenshot - {}
RESULT: {}
COMMAND: POST /session/7b7deb7c8590fa6091596ec8cf2db6e4/element - {"using":"xpath","value":"//input[@id=\"application-managepartners-display-component---NewPartner--assignmentYard-application-managepartners-display-component---NewPartner--assignmentsTable-0-inner\"]"}
RESULT: {"using":"xpath","value":"//input[@id=\"application-managepartners-display-component---NewPartner--assignmentYard-application-managepartners-display-component---NewPartner--assignmentsTable-0-inner\"]"}
COMMAND: POST /session/7b7deb7c8590fa6091596ec8cf2db6e4/element/f.00692CF0BC94F1C607A97A5075ACE774.d.A74A056332B95CEC9572F11600CFD238.e.3938/clear - {}
RESULT: {}
COMMAND: POST /session/7b7deb7c8590fa6091596ec8cf2db6e4/element/f.00692CF0BC94F1C607A97A5075ACE774.d.A74A056332B95CEC9572F11600CFD238.e.3938/value - {"text":"551"}
COMMAND: GET /session/7b7deb7c8590fa6091596ec8cf2db6e4/screenshot - {}
RESULT: {"text":"551"}
COMMAND: GET /session/7b7deb7c8590fa6091596ec8cf2db6e4/screenshot - {}
RESULT: {}
RESULT: {}
COMMAND: POST /session/7b7deb7c8590fa6091596ec8cf2db6e4/element - {"using":"xpath","value":"//li[.//span[text()='551']]"}
RESULT: {"using":"xpath","value":"//li[.//span[text()='551']]"}
COMMAND: POST /session/7b7deb7c8590fa6091596ec8cf2db6e4/element/f.00692CF0BC94F1C607A97A5075ACE774.d.A74A056332B95CEC9572F11600CFD238.e.3946/click - {}
RESULT: {}
COMMAND: GET /session/7b7deb7c8590fa6091596ec8cf2db6e4/screenshot - {}
RESULT: {}
COMMAND: POST /session/7b7deb7c8590fa6091596ec8cf2db6e4/actions - {"actions":[{"id":"action7","type":"key","parameters":{},"actions":[{"type":"keyDown","value":"î€‡"},{"type":"pause","duration":10},{"type":"keyUp","value":"î€‡"}]}]}
RESULT: {"actions":[{"id":"action7","type":"key","parameters":{},"actions":[{"type":"keyDown","value":"î€‡"},{"type":"pause","duration":10},{"type":"keyUp","value":"î€‡"}]}]}
COMMAND: POST /session/7b7deb7c8590fa6091596ec8cf2db6e4/element - {"using":"xpath","value":"//td[contains(@id, \"assignmentsTable-0-cell2\")]/div/div"}
COMMAND: GET /session/7b7deb7c8590fa6091596ec8cf2db6e4/screenshot - {}
RESULT: {}
RESULT: {"using":"xpath","value":"//td[contains(@id, \"assignmentsTable-0-cell2\")]/div/div"}
COMMAND: POST /session/7b7deb7c8590fa6091596ec8cf2db6e4/element/f.00692CF0BC94F1C607A97A5075ACE774.d.A74A056332B95CEC9572F11600CFD238.e.3949/click - {}
RESULT: {}
COMMAND: GET /session/7b7deb7c8590fa6091596ec8cf2db6e4/screenshot - {}
RESULT: {}
COMMAND: POST /session/7b7deb7c8590fa6091596ec8cf2db6e4/element - {"using":"xpath","value":"//button[@data-kt=\"saveButton\"]"}
RESULT: {"using":"xpath","value":"//button[@data-kt=\"saveButton\"]"}
COMMAND: POST /session/7b7deb7c8590fa6091596ec8cf2db6e4/element/f.00692CF0BC94F1C607A97A5075ACE774.d.A74A056332B95CEC9572F11600CFD238.e.3822/click - {}
RESULT: {}
COMMAND: GET /session/7b7deb7c8590fa6091596ec8cf2db6e4/screenshot - {}
RESULT: {}
COMMAND: POST /session/7b7deb7c8590fa6091596ec8cf2db6e4/element - {"using":"xpath","value":"//header[contains(@id, 'ObjectPageLayout-headerTitle')]/div[1]/div[2]/div[2]/span[1]"}
RESULT: {"using":"xpath","value":"//header[contains(@id, 'ObjectPageLayout-headerTitle')]/div[1]/div[2]/div[2]/span[1]"}
COMMAND: POST /session/7b7deb7c8590fa6091596ec8cf2db6e4/elements - {"using":"xpath","value":"//header[contains(@id, 'ObjectPageLayout-headerTitle')]/div[1]/div[2]/div[2]/span[1]"}
RESULT: {"using":"xpath","value":"//header[contains(@id, 'ObjectPageLayout-headerTitle')]/div[1]/div[2]/div[2]/span[1]"}
COMMAND: POST /session/7b7deb7c8590fa6091596ec8cf2db6e4/execute/sync - {"script":"<script> [56 bytes]","args":[{"element-6066-11e4-a52e-4f735466cecf":"f.00692CF0BC94F1C607A97A5075ACE774.d.A74A056332B95CEC9572F11600CFD238.e.4114","ELEMENT":"f.00692CF0BC94F1C607A97A5075ACE774.d.A74A056332B95CEC9572F11600CFD238.e.4114"}]}
RESULT: {"script":"<script> [56 bytes]","args":[{"element-6066-11e4-a52e-4f735466cecf":"f.00692CF0BC94F1C607A97A5075ACE774.d.A74A056332B95CEC9572F11600CFD238.e.4114","ELEMENT":"f.00692CF0BC94F1C607A97A5075ACE774.d.A74A056332B95CEC9572F11600CFD238.e.4114"}]}
COMMAND: POST /session/7b7deb7c8590fa6091596ec8cf2db6e4/element - {"using":"css selector","value":"#shell-header-logo"}
COMMAND: GET /session/7b7deb7c8590fa6091596ec8cf2db6e4/screenshot - {}
RESULT: {"using":"css selector","value":"#shell-header-logo"}
COMMAND: POST /session/7b7deb7c8590fa6091596ec8cf2db6e4/element/f.00692CF0BC94F1C607A97A5075ACE774.d.A74A056332B95CEC9572F11600CFD238.e.3429/click - {}
RESULT: {}
RESULT: {}
COMMAND: GET /session/7b7deb7c8590fa6091596ec8cf2db6e4/screenshot - {}
RESULT: {}
COMMAND: POST /session/7b7deb7c8590fa6091596ec8cf2db6e4/execute/sync - {"script":"<script> [299 bytes]","args":[["getModel","getResource"]]}
RESULT: {"script":"<script> [299 bytes]","args":[["getModel","getResource"]]}
COMMAND: GET /session/7b7deb7c8590fa6091596ec8cf2db6e4/screenshot - {}
COMMAND: POST /session/7b7deb7c8590fa6091596ec8cf2db6e4/refresh - {}
RESULT: {}
RESULT: {}
COMMAND: GET /session/7b7deb7c8590fa6091596ec8cf2db6e4/screenshot - {}
RESULT: {}
COMMAND: POST /session/7b7deb7c8590fa6091596ec8cf2db6e4/refresh - {}
RESULT: {}
COMMAND: GET /session/7b7deb7c8590fa6091596ec8cf2db6e4/screenshot - {}
RESULT: {}
COMMAND: POST /session/7b7deb7c8590fa6091596ec8cf2db6e4/window/fullscreen - {}
RESULT: {}
COMMAND: POST /session/7b7deb7c8590fa6091596ec8cf2db6e4/execute/async - {"script":"<script> [189 bytes]","args":[]}
RESULT: {"script":"<script> [189 bytes]","args":[]}
COMMAND: POST /session/7b7deb7c8590fa6091596ec8cf2db6e4/execute/async - {"script":"<script> [123 bytes]","args":[]}
RESULT: {"script":"<script> [123 bytes]","args":[]}
COMMAND: POST /session/7b7deb7c8590fa6091596ec8cf2db6e4/timeouts - {"script":"<number>"}
RESULT: {"script":"<number>"}
COMMAND: GET /session/7b7deb7c8590fa6091596ec8cf2db6e4/timeouts - {}
RESULT: {}
RESULT: undefined
COMMAND: POST /session/7b7deb7c8590fa6091596ec8cf2db6e4/execute/async - {"script":"<script> [2676 bytes]","args":[]}
RESULT: {"script":"<script> [2676 bytes]","args":[]}
COMMAND: POST /session/7b7deb7c8590fa6091596ec8cf2db6e4/execute/async - {"script":"<script> [2342 bytes]","args":[{"protocol":"http","hostname":"0.0.0.0","path":"/","capabilities":{"browserName":"chrome","goog:chromeOptions":{"binary":"C:\\Program Files\\Google\\Chrome\\Application\\chrome.exe","args":["--start-maximized"]}},"logLevel":"warn","connectionRetryTimeout":120000,"connectionRetryCount":3,"logLevels":{},"enableDirectConnect":true,"strictSSL":true,"_":"65 more keys: [\"cacheDir\",\"port\",\"requestedCapabilities\",\"automationProtocol\",\"baseUrl\",\"waitforInterval\",\"waitforTimeout\",\"onReload\",\"beforeCommand\",\"afterCommand\",\"rootDir\",\"specs\",\"suites\",\"exclude\",\"groupLogsByTestSpec\",\"excludeDriverLogs\",\"bail\",\"framework\",\"reporters\",\"services\",\"maxInstances\",\"maxInstancesPerCapability\",\"injectGlobals\",\"filesToWatch\",\"execArgv\",\"runnerEnv\",\"runner\",\"shard\",\"specFileRetries\",\"specFileRetriesDelay\",\"specFileRetriesDeferred\",\"reporterSyncInterval\",\"reporterSyncTimeout\",\"cucumberFeaturesWithLineNumbers\",\"autoCompileOpts\",\"mochaOpts\",\"jasmineOpts\",\"cucumberOpts\",\"onPrepare\",\"onWorkerStart\",\"onWorkerEnd\",\"before\",\"beforeSession\",\"beforeSuite\",\"beforeHook\",\"beforeTest\",\"afterTest\",\"afterHook\",\"afterSuite\",\"afterSession\",\"after\",\"onComplete\",\"beforeAssertion\",\"afterAssertion\",\"beforeFeature\",\"beforeScenario\",\"beforeStep\",\"afterStep\",\"afterScenario\",\"afterFeature\",\"_\",\"suite\",\"$0\",\"ignoredWorkerServices\",\"wdi5\"]"}]}
RESULT: {"script":"<script> [2342 bytes]","args":[{"protocol":"http","hostname":"0.0.0.0","path":"/","capabilities":{"browserName":"chrome","goog:chromeOptions":{"binary":"C:\\Program Files\\Google\\Chrome\\Application\\chrome.exe","args":["--start-maximized"]}},"logLevel":"warn","connectionRetryTimeout":120000,"connectionRetryCount":3,"logLevels":{},"enableDirectConnect":true,"strictSSL":true,"_":"65 more keys: [\"cacheDir\",\"port\",\"requestedCapabilities\",\"automationProtocol\",\"baseUrl\",\"waitforInterval\",\"waitforTimeout\",\"onReload\",\"beforeCommand\",\"afterCommand\",\"rootDir\",\"specs\",\"suites\",\"exclude\",\"groupLogsByTestSpec\",\"excludeDriverLogs\",\"bail\",\"framework\",\"reporters\",\"services\",\"maxInstances\",\"maxInstancesPerCapability\",\"injectGlobals\",\"filesToWatch\",\"execArgv\",\"runnerEnv\",\"runner\",\"shard\",\"specFileRetries\",\"specFileRetriesDelay\",\"specFileRetriesDeferred\",\"reporterSyncInterval\",\"reporterSyncTimeout\",\"cucumberFeaturesWithLineNumbers\",\"autoCompileOpts\",\"mochaOpts\",\"jasmineOpts\",\"cucumberOpts\",\"onPrepare\",\"onWorkerStart\",\"onWorkerEnd\",\"before\",\"beforeSession\",\"beforeSuite\",\"beforeHook\",\"beforeTest\",\"afterTest\",\"afterHook\",\"afterSuite\",\"afterSession\",\"after\",\"onComplete\",\"beforeAssertion\",\"afterAssertion\",\"beforeFeature\",\"beforeScenario\",\"beforeStep\",\"afterStep\",\"afterScenario\",\"afterFeature\",\"_\",\"suite\",\"$0\",\"ignoredWorkerServices\",\"wdi5\"]"}]}
COMMAND: POST /session/7b7deb7c8590fa6091596ec8cf2db6e4/execute/async - {"script":"<script> [21126 bytes]","args":[35000]}
RESULT: {"script":"<script> [21126 bytes]","args":[35000]}
COMMAND: POST /session/7b7deb7c8590fa6091596ec8cf2db6e4/element - {"using":"css selector","value":"#shell-header-logo"}
RESULT: {"using":"css selector","value":"#shell-header-logo"}
COMMAND: POST /session/7b7deb7c8590fa6091596ec8cf2db6e4/element/f.00692CF0BC94F1C607A97A5075ACE774.d.BE9C5460A64B7ABA366D06A28D04DDCF.e.4258/click - {}
RESULT: {}
COMMAND: GET /session/7b7deb7c8590fa6091596ec8cf2db6e4/screenshot - {}
RESULT: {}
COMMAND: POST /session/7b7deb7c8590fa6091596ec8cf2db6e4/execute/async - {"script":"<script> [1562 bytes]","args":[{"selector":{"controlType":"sap.m.GenericTile","properties":{"header":"Manage Sites"}},"wdio_ui5_key":"sapm.GenericTile{\"header\":\"Manage Sites\"}"}]}
RESULT: {"script":"<script> [1562 bytes]","args":[{"selector":{"controlType":"sap.m.GenericTile","properties":{"header":"Manage Sites"}},"wdio_ui5_key":"sapm.GenericTile{\"header\":\"Manage Sites\"}"}]}
RESULT: undefined
COMMAND: POST /session/7b7deb7c8590fa6091596ec8cf2db6e4/element - {"using":"xpath","value":"//*[@id=\"__tile32\"]"}
RESULT: {"using":"xpath","value":"//*[@id=\"__tile32\"]"}
COMMAND: POST /session/7b7deb7c8590fa6091596ec8cf2db6e4/element/f.00692CF0BC94F1C607A97A5075ACE774.d.BE9C5460A64B7ABA366D06A28D04DDCF.e.4187/click - {}
RESULT: {}
COMMAND: GET /session/7b7deb7c8590fa6091596ec8cf2db6e4/screenshot - {}
RESULT: {}
COMMAND: POST /session/7b7deb7c8590fa6091596ec8cf2db6e4/elements - {"using":"xpath","value":"//span[text()='Error']"}
RESULT: {"using":"xpath","value":"//span[text()='Error']"}
]]></system-out>
    </testcase>
  </testsuite>
  <testsuite timestamp="2025-05-19T15:28:58" time="202.42" tests="2" failures="0" errors="0" skipped="0">
    <properties>
      <property name="specId" value="0" />
      <property name="suiteName" value="Create 2 sites US118246" />
      <property name="capabilities" value="chrome.136_0_7103_93.windows" />
      <property name="file" value="file:///D:/a/1/s/test/specs/R2C/create-site.spec.js" />
    </properties>
    <testcase classname="chrome.136_0_7103_93.windows.Create_2_sites_US118246" name="Should create new site" time="84.264">
      <system-out><![CDATA[
COMMAND: POST /session/7b7deb7c8590fa6091596ec8cf2db6e4/execute/async - {"script":"<script> [1562 bytes]","args":[{"selector":{"controlType":"sap.m.Title","viewName":"etm.portal.ui.managesites.view.Master","viewId":"application-managesites-display-component---masterSite","i18NText":{"propertyName":"text","key":"sites"}},"wdio_ui5_key":"etmportal.ui.managesites.view.Mastersap.m.Title{\"propertyName\":\"text\",\"key\":\"sites\"}"}]}
RESULT: {"script":"<script> [1562 bytes]","args":[{"selector":{"controlType":"sap.m.Title","viewName":"etm.portal.ui.managesites.view.Master","viewId":"application-managesites-display-component---masterSite","i18NText":{"propertyName":"text","key":"sites"}},"wdio_ui5_key":"etmportal.ui.managesites.view.Mastersap.m.Title{\"propertyName\":\"text\",\"key\":\"sites\"}"}]}
RESULT: undefined
COMMAND: POST /session/7b7deb7c8590fa6091596ec8cf2db6e4/execute/async - {"script":"<script> [6424 bytes]","args":[{"element-6066-11e4-a52e-4f735466cecf":"f.00692CF0BC94F1C607A97A5075ACE774.d.BE9C5460A64B7ABA366D06A28D04DDCF.e.4431"},"getText",[]]}
RESULT: {"script":"<script> [6424 bytes]","args":[{"element-6066-11e4-a52e-4f735466cecf":"f.00692CF0BC94F1C607A97A5075ACE774.d.BE9C5460A64B7ABA366D06A28D04DDCF.e.4431"},"getText",[]]}
COMMAND: POST /session/7b7deb7c8590fa6091596ec8cf2db6e4/execute/async - {"script":"<script> [1562 bytes]","args":[{"selector":{"controlType":"sap.ui.core.Icon","viewName":"etm.portal.ui.managesites.view.Master","viewId":"application-managesites-display-component---masterSite","properties":{"src":{"regex":{"source":"add"}}}},"wdio_ui5_key":"etmportal.ui.managesites.view.Mastersap.ui.core.Icon{\"src\":{\"regex\":{\"source\":\"add\"}}}"}]}
RESULT: {"script":"<script> [1562 bytes]","args":[{"selector":{"controlType":"sap.ui.core.Icon","viewName":"etm.portal.ui.managesites.view.Master","viewId":"application-managesites-display-component---masterSite","properties":{"src":{"regex":{"source":"add"}}}},"wdio_ui5_key":"etmportal.ui.managesites.view.Mastersap.ui.core.Icon{\"src\":{\"regex\":{\"source\":\"add\"}}}"}]}
RESULT: undefined
COMMAND: POST /session/7b7deb7c8590fa6091596ec8cf2db6e4/element - {"using":"xpath","value":"//*[@id=\"__button4-img\"]"}
RESULT: {"using":"xpath","value":"//*[@id=\"__button4-img\"]"}
COMMAND: POST /session/7b7deb7c8590fa6091596ec8cf2db6e4/element/f.00692CF0BC94F1C607A97A5075ACE774.d.BE9C5460A64B7ABA366D06A28D04DDCF.e.4307/click - {}
RESULT: {}
COMMAND: POST /session/7b7deb7c8590fa6091596ec8cf2db6e4/execute/async - {"script":"<script> [1562 bytes]","args":[{"selector":{"id":"application-managesites-display-component---NewSite--siteId","interaction":{"idSuffix":"inner"}},"wdio_ui5_key":"applicationmanagesites-display-component---NewSite--siteId"}]}
COMMAND: GET /session/7b7deb7c8590fa6091596ec8cf2db6e4/screenshot - {}
RESULT: {"script":"<script> [1562 bytes]","args":[{"selector":{"id":"application-managesites-display-component---NewSite--siteId","interaction":{"idSuffix":"inner"}},"wdio_ui5_key":"applicationmanagesites-display-component---NewSite--siteId"}]}
RESULT: undefined
COMMAND: POST /session/7b7deb7c8590fa6091596ec8cf2db6e4/execute/async - {"script":"<script> [1562 bytes]","args":[{"selector":{"id":"application-managesites-display-component---NewSite--addressDetailDetailsName1","interaction":{"idSuffix":"inner"}},"wdio_ui5_key":"applicationmanagesites-display-component---NewSite--addressDetailDetailsName1"}]}
RESULT: {}
RESULT: {"script":"<script> [1562 bytes]","args":[{"selector":{"id":"application-managesites-display-component---NewSite--addressDetailDetailsName1","interaction":{"idSuffix":"inner"}},"wdio_ui5_key":"applicationmanagesites-display-component---NewSite--addressDetailDetailsName1"}]}
RESULT: undefined
COMMAND: POST /session/7b7deb7c8590fa6091596ec8cf2db6e4/execute/async - {"script":"<script> [776 bytes]","args":[{"enterText":"Webdriver Site asajj","selector":{"id":"application-managesites-display-component---NewSite--addressDetailDetailsName1","interaction":{"idSuffix":"inner"}},"clearTextFirst":true,"interactionType":"ENTER_TEXT"}]}
RESULT: {"script":"<script> [776 bytes]","args":[{"enterText":"Webdriver Site asajj","selector":{"id":"application-managesites-display-component---NewSite--addressDetailDetailsName1","interaction":{"idSuffix":"inner"}},"clearTextFirst":true,"interactionType":"ENTER_TEXT"}]}
COMMAND: POST /session/7b7deb7c8590fa6091596ec8cf2db6e4/execute/async - {"script":"<script> [1562 bytes]","args":[{"selector":{"id":"application-managesites-display-component---NewSite--addressDetailDetailsLanguage","interaction":{"idSuffix":"inner"}},"wdio_ui5_key":"applicationmanagesites-display-component---NewSite--addressDetailDetailsLanguage"}]}
RESULT: {"script":"<script> [1562 bytes]","args":[{"selector":{"id":"application-managesites-display-component---NewSite--addressDetailDetailsLanguage","interaction":{"idSuffix":"inner"}},"wdio_ui5_key":"applicationmanagesites-display-component---NewSite--addressDetailDetailsLanguage"}]}
RESULT: undefined
COMMAND: POST /session/7b7deb7c8590fa6091596ec8cf2db6e4/execute/async - {"script":"<script> [776 bytes]","args":[{"enterText":"Romanian","selector":{"id":"application-managesites-display-component---NewSite--addressDetailDetailsLanguage","interaction":{"idSuffix":"inner"}},"clearTextFirst":true,"interactionType":"ENTER_TEXT"}]}
RESULT: {"script":"<script> [776 bytes]","args":[{"enterText":"Romanian","selector":{"id":"application-managesites-display-component---NewSite--addressDetailDetailsLanguage","interaction":{"idSuffix":"inner"}},"clearTextFirst":true,"interactionType":"ENTER_TEXT"}]}
COMMAND: POST /session/7b7deb7c8590fa6091596ec8cf2db6e4/execute/async - {"script":"<script> [1562 bytes]","args":[{"selector":{"id":"application-managesites-display-component---NewSite--addressDetailDetailsCity1","interaction":{"idSuffix":"inner"}},"wdio_ui5_key":"applicationmanagesites-display-component---NewSite--addressDetailDetailsCity1"}]}
RESULT: {"script":"<script> [1562 bytes]","args":[{"selector":{"id":"application-managesites-display-component---NewSite--addressDetailDetailsCity1","interaction":{"idSuffix":"inner"}},"wdio_ui5_key":"applicationmanagesites-display-component---NewSite--addressDetailDetailsCity1"}]}
RESULT: undefined
COMMAND: POST /session/7b7deb7c8590fa6091596ec8cf2db6e4/execute/async - {"script":"<script> [776 bytes]","args":[{"enterText":"Bucharest","selector":{"id":"application-managesites-display-component---NewSite--addressDetailDetailsCity1","interaction":{"idSuffix":"inner"}},"clearTextFirst":true,"interactionType":"ENTER_TEXT"}]}
RESULT: {"script":"<script> [776 bytes]","args":[{"enterText":"Bucharest","selector":{"id":"application-managesites-display-component---NewSite--addressDetailDetailsCity1","interaction":{"idSuffix":"inner"}},"clearTextFirst":true,"interactionType":"ENTER_TEXT"}]}
COMMAND: POST /session/7b7deb7c8590fa6091596ec8cf2db6e4/execute/async - {"script":"<script> [1562 bytes]","args":[{"selector":{"id":"application-managesites-display-component---NewSite--addressDetailDetailsCountry","interaction":{"idSuffix":"inner"}},"wdio_ui5_key":"applicationmanagesites-display-component---NewSite--addressDetailDetailsCountry"}]}
RESULT: {"script":"<script> [1562 bytes]","args":[{"selector":{"id":"application-managesites-display-component---NewSite--addressDetailDetailsCountry","interaction":{"idSuffix":"inner"}},"wdio_ui5_key":"applicationmanagesites-display-component---NewSite--addressDetailDetailsCountry"}]}
RESULT: undefined
COMMAND: POST /session/7b7deb7c8590fa6091596ec8cf2db6e4/execute/async - {"script":"<script> [776 bytes]","args":[{"enterText":"Romania","selector":{"id":"application-managesites-display-component---NewSite--addressDetailDetailsCountry","interaction":{"idSuffix":"inner"}},"clearTextFirst":true,"interactionType":"ENTER_TEXT"}]}
RESULT: {"script":"<script> [776 bytes]","args":[{"enterText":"Romania","selector":{"id":"application-managesites-display-component---NewSite--addressDetailDetailsCountry","interaction":{"idSuffix":"inner"}},"clearTextFirst":true,"interactionType":"ENTER_TEXT"}]}
COMMAND: POST /session/7b7deb7c8590fa6091596ec8cf2db6e4/execute/async - {"script":"<script> [1562 bytes]","args":[{"selector":{"id":"application-managesites-display-component---NewSite--addressDetailDetailsCalendar","interaction":{"idSuffix":"inner"}},"wdio_ui5_key":"applicationmanagesites-display-component---NewSite--addressDetailDetailsCalendar"}]}
RESULT: {"script":"<script> [1562 bytes]","args":[{"selector":{"id":"application-managesites-display-component---NewSite--addressDetailDetailsCalendar","interaction":{"idSuffix":"inner"}},"wdio_ui5_key":"applicationmanagesites-display-component---NewSite--addressDetailDetailsCalendar"}]}
RESULT: undefined
COMMAND: POST /session/7b7deb7c8590fa6091596ec8cf2db6e4/execute/async - {"script":"<script> [776 bytes]","args":[{"enterText":"Germany","selector":{"id":"application-managesites-display-component---NewSite--addressDetailDetailsCalendar","interaction":{"idSuffix":"inner"}},"clearTextFirst":true,"interactionType":"ENTER_TEXT"}]}
RESULT: {"script":"<script> [776 bytes]","args":[{"enterText":"Germany","selector":{"id":"application-managesites-display-component---NewSite--addressDetailDetailsCalendar","interaction":{"idSuffix":"inner"}},"clearTextFirst":true,"interactionType":"ENTER_TEXT"}]}
COMMAND: POST /session/7b7deb7c8590fa6091596ec8cf2db6e4/execute/async - {"script":"<script> [1562 bytes]","args":[{"selector":{"id":"application-managesites-display-component---NewSite--addressEditDetailsCostObjectCstType-arrow"},"wdio_ui5_key":"applicationmanagesites-display-component---NewSite--addressEditDetailsCostObjectCstType-arrow"}]}
RESULT: {"script":"<script> [1562 bytes]","args":[{"selector":{"id":"application-managesites-display-component---NewSite--addressEditDetailsCostObjectCstType-arrow"},"wdio_ui5_key":"applicationmanagesites-display-component---NewSite--addressEditDetailsCostObjectCstType-arrow"}]}
RESULT: undefined
COMMAND: POST /session/7b7deb7c8590fa6091596ec8cf2db6e4/element - {"using":"xpath","value":"//*[@id=\"application-managesites-display-component---NewSite--addressEditDetailsCostObjectCstType-arrow\"]"}
RESULT: {"using":"xpath","value":"//*[@id=\"application-managesites-display-component---NewSite--addressEditDetailsCostObjectCstType-arrow\"]"}
COMMAND: POST /session/7b7deb7c8590fa6091596ec8cf2db6e4/element/f.00692CF0BC94F1C607A97A5075ACE774.d.BE9C5460A64B7ABA366D06A28D04DDCF.e.4709/click - {}
RESULT: {}
COMMAND: POST /session/7b7deb7c8590fa6091596ec8cf2db6e4/element - {"using":"xpath","value":"//span[contains(text(), \"Work Breakdown Structure\")]"}
COMMAND: GET /session/7b7deb7c8590fa6091596ec8cf2db6e4/screenshot - {}
RESULT: {"using":"xpath","value":"//span[contains(text(), \"Work Breakdown Structure\")]"}
COMMAND: POST /session/7b7deb7c8590fa6091596ec8cf2db6e4/element/f.00692CF0BC94F1C607A97A5075ACE774.d.BE9C5460A64B7ABA366D06A28D04DDCF.e.4710/click - {}
RESULT: {}
RESULT: {}
COMMAND: GET /session/7b7deb7c8590fa6091596ec8cf2db6e4/screenshot - {}
RESULT: {}
COMMAND: POST /session/7b7deb7c8590fa6091596ec8cf2db6e4/execute/async - {"script":"<script> [1562 bytes]","args":[{"selector":{"id":"application-managesites-display-component---NewSite--addressNewCostObjectCstID-vhi"},"wdio_ui5_key":"applicationmanagesites-display-component---NewSite--addressNewCostObjectCstID-vhi"}]}
RESULT: {"script":"<script> [1562 bytes]","args":[{"selector":{"id":"application-managesites-display-component---NewSite--addressNewCostObjectCstID-vhi"},"wdio_ui5_key":"applicationmanagesites-display-component---NewSite--addressNewCostObjectCstID-vhi"}]}
RESULT: undefined
COMMAND: POST /session/7b7deb7c8590fa6091596ec8cf2db6e4/element - {"using":"xpath","value":"//*[@id=\"application-managesites-display-component---NewSite--addressNewCostObjectCstID-vhi\"]"}
RESULT: {"using":"xpath","value":"//*[@id=\"application-managesites-display-component---NewSite--addressNewCostObjectCstID-vhi\"]"}
COMMAND: POST /session/7b7deb7c8590fa6091596ec8cf2db6e4/element/f.00692CF0BC94F1C607A97A5075ACE774.d.BE9C5460A64B7ABA366D06A28D04DDCF.e.4714/click - {}
RESULT: {}
COMMAND: GET /session/7b7deb7c8590fa6091596ec8cf2db6e4/screenshot - {}
RESULT: {}
COMMAND: POST /session/7b7deb7c8590fa6091596ec8cf2db6e4/execute/async - {"script":"<script> [1562 bytes]","args":[{"selector":{"controlType":"sap.m.SearchField","properties":{"placeholder":"Search"},"searchOpenDialogs":true,"interaction":{"idSuffix":"I"}},"wdio_ui5_key":"sapm.SearchField{\"placeholder\":\"Search\"}"}]}
RESULT: {"script":"<script> [1562 bytes]","args":[{"selector":{"controlType":"sap.m.SearchField","properties":{"placeholder":"Search"},"searchOpenDialogs":true,"interaction":{"idSuffix":"I"}},"wdio_ui5_key":"sapm.SearchField{\"placeholder\":\"Search\"}"}]}
RESULT: undefined
COMMAND: POST /session/7b7deb7c8590fa6091596ec8cf2db6e4/execute/async - {"script":"<script> [776 bytes]","args":[{"enterText":"A1-000100-01","selector":{"controlType":"sap.m.SearchField","properties":{"placeholder":"Search"},"searchOpenDialogs":true,"interaction":{"idSuffix":"I"}},"clearTextFirst":true,"interactionType":"ENTER_TEXT"}]}
RESULT: {"script":"<script> [776 bytes]","args":[{"enterText":"A1-000100-01","selector":{"controlType":"sap.m.SearchField","properties":{"placeholder":"Search"},"searchOpenDialogs":true,"interaction":{"idSuffix":"I"}},"clearTextFirst":true,"interactionType":"ENTER_TEXT"}]}
COMMAND: POST /session/7b7deb7c8590fa6091596ec8cf2db6e4/actions - {"actions":[{"id":"action8","type":"key","parameters":{},"actions":[{"type":"keyDown","value":"î€‡"},{"type":"pause","duration":10},{"type":"keyUp","value":"î€‡"}]}]}
RESULT: {"actions":[{"id":"action8","type":"key","parameters":{},"actions":[{"type":"keyDown","value":"î€‡"},{"type":"pause","duration":10},{"type":"keyUp","value":"î€‡"}]}]}
COMMAND: GET /session/7b7deb7c8590fa6091596ec8cf2db6e4/screenshot - {}
RESULT: {}
COMMAND: POST /session/7b7deb7c8590fa6091596ec8cf2db6e4/element - {"using":"xpath","value":"//span[contains(text(), \"Template for ETO-Process\")]"}
RESULT: {"using":"xpath","value":"//span[contains(text(), \"Template for ETO-Process\")]"}
COMMAND: POST /session/7b7deb7c8590fa6091596ec8cf2db6e4/element/f.00692CF0BC94F1C607A97A5075ACE774.d.BE9C5460A64B7ABA366D06A28D04DDCF.e.4735/click - {}
RESULT: {}
COMMAND: GET /session/7b7deb7c8590fa6091596ec8cf2db6e4/screenshot - {}
RESULT: {}
COMMAND: POST /session/7b7deb7c8590fa6091596ec8cf2db6e4/element - {"using":"xpath","value":"//bdi[contains(text(), \"OK\")]"}
RESULT: {"using":"xpath","value":"//bdi[contains(text(), \"OK\")]"}
COMMAND: POST /session/7b7deb7c8590fa6091596ec8cf2db6e4/element/f.00692CF0BC94F1C607A97A5075ACE774.d.BE9C5460A64B7ABA366D06A28D04DDCF.e.4736/click - {}
RESULT: {}
COMMAND: GET /session/7b7deb7c8590fa6091596ec8cf2db6e4/screenshot - {}
RESULT: {}
COMMAND: POST /session/7b7deb7c8590fa6091596ec8cf2db6e4/element - {"using":"xpath","value":"//input[@id=\"application-managesites-display-component---NewSite--addressDetailDetailsYard-inner\"]"}
RESULT: {"using":"xpath","value":"//input[@id=\"application-managesites-display-component---NewSite--addressDetailDetailsYard-inner\"]"}
COMMAND: POST /session/7b7deb7c8590fa6091596ec8cf2db6e4/element/f.00692CF0BC94F1C607A97A5075ACE774.d.BE9C5460A64B7ABA366D06A28D04DDCF.e.4500/value - {"text":"550"}
RESULT: {"text":"550"}
COMMAND: GET /session/7b7deb7c8590fa6091596ec8cf2db6e4/screenshot - {}
RESULT: {}
COMMAND: POST /session/7b7deb7c8590fa6091596ec8cf2db6e4/actions - {"actions":[{"id":"action9","type":"key","parameters":{},"actions":[{"type":"keyDown","value":"î€‡"},{"type":"pause","duration":10},{"type":"keyUp","value":"î€‡"}]}]}
RESULT: {"actions":[{"id":"action9","type":"key","parameters":{},"actions":[{"type":"keyDown","value":"î€‡"},{"type":"pause","duration":10},{"type":"keyUp","value":"î€‡"}]}]}
COMMAND: GET /session/7b7deb7c8590fa6091596ec8cf2db6e4/screenshot - {}
RESULT: {}
COMMAND: POST /session/7b7deb7c8590fa6091596ec8cf2db6e4/element - {"using":"xpath","value":"//input[@id=\"application-managesites-display-component---NewSite--addressDetailDetailsPartner-inner\"]"}
RESULT: {"using":"xpath","value":"//input[@id=\"application-managesites-display-component---NewSite--addressDetailDetailsPartner-inner\"]"}
COMMAND: POST /session/7b7deb7c8590fa6091596ec8cf2db6e4/elements - {"using":"xpath","value":"//input[@id=\"application-managesites-display-component---NewSite--addressDetailDetailsPartner-inner\"]"}
RESULT: {"using":"xpath","value":"//input[@id=\"application-managesites-display-component---NewSite--addressDetailDetailsPartner-inner\"]"}
COMMAND: POST /session/7b7deb7c8590fa6091596ec8cf2db6e4/execute/async - {"script":"<script> [1562 bytes]","args":[{"selector":{"controlType":"sap.m.Button","viewName":"etm.portal.ui.managesites.view.NewSmartSite","viewId":"application-managesites-display-component---NewSite","properties":{"text":"Commercial"},"interaction":{"idSuffix":"BDI-content"}},"wdio_ui5_key":"etmportal.ui.managesites.view.NewSmartSitesap.m.Button{\"text\":\"Commercial\"}"}]}
RESULT: {"script":"<script> [1562 bytes]","args":[{"selector":{"controlType":"sap.m.Button","viewName":"etm.portal.ui.managesites.view.NewSmartSite","viewId":"application-managesites-display-component---NewSite","properties":{"text":"Commercial"},"interaction":{"idSuffix":"BDI-content"}},"wdio_ui5_key":"etmportal.ui.managesites.view.NewSmartSitesap.m.Button{\"text\":\"Commercial\"}"}]}
RESULT: undefined
COMMAND: POST /session/7b7deb7c8590fa6091596ec8cf2db6e4/element - {"using":"xpath","value":"//*[@id=\"application-managesites-display-component---NewSite--ObjectPageLayout-anchBar-__section5-anchor\"]"}
RESULT: {"using":"xpath","value":"//*[@id=\"application-managesites-display-component---NewSite--ObjectPageLayout-anchBar-__section5-anchor\"]"}
COMMAND: POST /session/7b7deb7c8590fa6091596ec8cf2db6e4/element/f.00692CF0BC94F1C607A97A5075ACE774.d.BE9C5460A64B7ABA366D06A28D04DDCF.e.4743/click - {}
RESULT: {}
COMMAND: POST /session/7b7deb7c8590fa6091596ec8cf2db6e4/execute/async - {"script":"<script> [1562 bytes]","args":[{"selector":{"controlType":"sap.m.Button","viewName":"etm.portal.ui.managesites.view.NewSmartSite","viewId":"application-managesites-display-component---NewSite","i18NText":{"propertyName":"text","key":"save"},"interaction":{"idSuffix":"BDI-content"}},"wdio_ui5_key":"etmportal.ui.managesites.view.NewSmartSitesap.m.Button{\"propertyName\":\"text\",\"key\":\"save\"}"}]}
COMMAND: GET /session/7b7deb7c8590fa6091596ec8cf2db6e4/screenshot - {}
RESULT: {"script":"<script> [1562 bytes]","args":[{"selector":{"controlType":"sap.m.Button","viewName":"etm.portal.ui.managesites.view.NewSmartSite","viewId":"application-managesites-display-component---NewSite","i18NText":{"propertyName":"text","key":"save"},"interaction":{"idSuffix":"BDI-content"}},"wdio_ui5_key":"etmportal.ui.managesites.view.NewSmartSitesap.m.Button{\"propertyName\":\"text\",\"key\":\"save\"}"}]}
RESULT: undefined
COMMAND: POST /session/7b7deb7c8590fa6091596ec8cf2db6e4/element - {"using":"xpath","value":"//*[@id=\"__button16\"]"}
RESULT: {}
RESULT: {"using":"xpath","value":"//*[@id=\"__button16\"]"}
COMMAND: POST /session/7b7deb7c8590fa6091596ec8cf2db6e4/element/f.00692CF0BC94F1C607A97A5075ACE774.d.BE9C5460A64B7ABA366D06A28D04DDCF.e.4638/click - {}
RESULT: {}
COMMAND: GET /session/7b7deb7c8590fa6091596ec8cf2db6e4/screenshot - {}
RESULT: {}
COMMAND: POST /session/7b7deb7c8590fa6091596ec8cf2db6e4/execute/async - {"script":"<script> [1562 bytes]","args":[{"selector":{"id":"application-managesites-display-component---detailSite--addressDetailDetailsYardText"},"wdio_ui5_key":"applicationmanagesites-display-component---detailSite--addressDetailDetailsYardText"}]}
RESULT: {"script":"<script> [1562 bytes]","args":[{"selector":{"id":"application-managesites-display-component---detailSite--addressDetailDetailsYardText"},"wdio_ui5_key":"applicationmanagesites-display-component---detailSite--addressDetailDetailsYardText"}]}
RESULT: undefined
COMMAND: POST /session/7b7deb7c8590fa6091596ec8cf2db6e4/element - {"using":"xpath","value":"//header/div/div[2]/div[2]/span"}
RESULT: {"using":"xpath","value":"//header/div/div[2]/div[2]/span"}
COMMAND: GET /session/7b7deb7c8590fa6091596ec8cf2db6e4/element/f.00692CF0BC94F1C607A97A5075ACE774.d.BE9C5460A64B7ABA366D06A28D04DDCF.e.4967/text - {}
RESULT: {}
COMMAND: POST /session/7b7deb7c8590fa6091596ec8cf2db6e4/execute/async - {"script":"<script> [1562 bytes]","args":[{"selector":{"controlType":"sap.m.Label","viewName":"etm.portal.ui.managesites.view.Detail","viewId":"application-managesites-display-component---detailSite","i18NText":{"propertyName":"text","key":"status"}},"wdio_ui5_key":"etmportal.ui.managesites.view.Detailsap.m.Label{\"propertyName\":\"text\",\"key\":\"status\"}"}]}
RESULT: {"script":"<script> [1562 bytes]","args":[{"selector":{"controlType":"sap.m.Label","viewName":"etm.portal.ui.managesites.view.Detail","viewId":"application-managesites-display-component---detailSite","i18NText":{"propertyName":"text","key":"status"}},"wdio_ui5_key":"etmportal.ui.managesites.view.Detailsap.m.Label{\"propertyName\":\"text\",\"key\":\"status\"}"}]}
RESULT: undefined
COMMAND: POST /session/7b7deb7c8590fa6091596ec8cf2db6e4/execute/async - {"script":"<script> [6424 bytes]","args":[{"element-6066-11e4-a52e-4f735466cecf":"f.00692CF0BC94F1C607A97A5075ACE774.d.BE9C5460A64B7ABA366D06A28D04DDCF.e.4954"},"getText",[]]}
RESULT: {"script":"<script> [6424 bytes]","args":[{"element-6066-11e4-a52e-4f735466cecf":"f.00692CF0BC94F1C607A97A5075ACE774.d.BE9C5460A64B7ABA366D06A28D04DDCF.e.4954"},"getText",[]]}
]]></system-out>
    </testcase>
    <testcase classname="chrome.136_0_7103_93.windows.Create_2_sites_US118246" name="Should create WHM site" time="58.469">
      <system-out><![CDATA[
RESULT: undefined
COMMAND: POST /session/7b7deb7c8590fa6091596ec8cf2db6e4/element - {"using":"xpath","value":"//*[@id=\"__button4-img\"]"}
RESULT: {"using":"xpath","value":"//*[@id=\"__button4-img\"]"}
COMMAND: POST /session/7b7deb7c8590fa6091596ec8cf2db6e4/element/f.00692CF0BC94F1C607A97A5075ACE774.d.BE9C5460A64B7ABA366D06A28D04DDCF.e.4968/click - {}
RESULT: {}
COMMAND: GET /session/7b7deb7c8590fa6091596ec8cf2db6e4/screenshot - {}
RESULT: undefined
COMMAND: POST /session/7b7deb7c8590fa6091596ec8cf2db6e4/execute/async - {"script":"<script> [1562 bytes]","args":[{"selector":{"controlType":"sap.m.Button","viewName":"etm.portal.ui.managesites.view.NewSmartSite","viewId":"application-managesites-display-component---NewSite","properties":{"text":"General Information"},"interaction":{"idSuffix":"BDI-content"}},"wdio_ui5_key":"etmportal.ui.managesites.view.NewSmartSitesap.m.Button{\"text\":\"General Information\"}"}]}
RESULT: {}
RESULT: {"script":"<script> [1562 bytes]","args":[{"selector":{"controlType":"sap.m.Button","viewName":"etm.portal.ui.managesites.view.NewSmartSite","viewId":"application-managesites-display-component---NewSite","properties":{"text":"General Information"},"interaction":{"idSuffix":"BDI-content"}},"wdio_ui5_key":"etmportal.ui.managesites.view.NewSmartSitesap.m.Button{\"text\":\"General Information\"}"}]}
RESULT: undefined
COMMAND: POST /session/7b7deb7c8590fa6091596ec8cf2db6e4/element - {"using":"xpath","value":"//*[@id=\"application-managesites-display-component---NewSite--ObjectPageLayout-anchBar-__section3-anchor\"]"}
RESULT: {"using":"xpath","value":"//*[@id=\"application-managesites-display-component---NewSite--ObjectPageLayout-anchBar-__section3-anchor\"]"}
COMMAND: POST /session/7b7deb7c8590fa6091596ec8cf2db6e4/element/f.00692CF0BC94F1C607A97A5075ACE774.d.BE9C5460A64B7ABA366D06A28D04DDCF.e.5151/click - {}
RESULT: {}
RESULT: undefined
COMMAND: POST /session/7b7deb7c8590fa6091596ec8cf2db6e4/execute/async - {"script":"<script> [776 bytes]","args":[{"enterText":"Webdriver WHM Site bs98e","selector":{"id":"application-managesites-display-component---NewSite--addressDetailDetailsName1","interaction":{"idSuffix":"inner"}},"clearTextFirst":true,"interactionType":"ENTER_TEXT"}]}
COMMAND: GET /session/7b7deb7c8590fa6091596ec8cf2db6e4/screenshot - {}
RESULT: {"script":"<script> [776 bytes]","args":[{"enterText":"Webdriver WHM Site bs98e","selector":{"id":"application-managesites-display-component---NewSite--addressDetailDetailsName1","interaction":{"idSuffix":"inner"}},"clearTextFirst":true,"interactionType":"ENTER_TEXT"}]}
RESULT: {}
RESULT: undefined
COMMAND: POST /session/7b7deb7c8590fa6091596ec8cf2db6e4/execute/async - {"script":"<script> [776 bytes]","args":[{"enterText":"Romanian","selector":{"id":"application-managesites-display-component---NewSite--addressDetailDetailsLanguage","interaction":{"idSuffix":"inner"}},"clearTextFirst":true,"interactionType":"ENTER_TEXT"}]}
RESULT: {"script":"<script> [776 bytes]","args":[{"enterText":"Romanian","selector":{"id":"application-managesites-display-component---NewSite--addressDetailDetailsLanguage","interaction":{"idSuffix":"inner"}},"clearTextFirst":true,"interactionType":"ENTER_TEXT"}]}
COMMAND: POST /session/7b7deb7c8590fa6091596ec8cf2db6e4/actions - {"actions":[{"id":"action10","type":"key","parameters":{},"actions":[{"type":"keyDown","value":"î€‡"},{"type":"pause","duration":10},{"type":"keyUp","value":"î€‡"}]}]}
RESULT: {"actions":[{"id":"action10","type":"key","parameters":{},"actions":[{"type":"keyDown","value":"î€‡"},{"type":"pause","duration":10},{"type":"keyUp","value":"î€‡"}]}]}
RESULT: undefined
COMMAND: POST /session/7b7deb7c8590fa6091596ec8cf2db6e4/execute/async - {"script":"<script> [776 bytes]","args":[{"enterText":"Bucharest","selector":{"id":"application-managesites-display-component---NewSite--addressDetailDetailsCity1","interaction":{"idSuffix":"inner"}},"clearTextFirst":true,"interactionType":"ENTER_TEXT"}]}
COMMAND: GET /session/7b7deb7c8590fa6091596ec8cf2db6e4/screenshot - {}
RESULT: {"script":"<script> [776 bytes]","args":[{"enterText":"Bucharest","selector":{"id":"application-managesites-display-component---NewSite--addressDetailDetailsCity1","interaction":{"idSuffix":"inner"}},"clearTextFirst":true,"interactionType":"ENTER_TEXT"}]}
RESULT: {}
COMMAND: POST /session/7b7deb7c8590fa6091596ec8cf2db6e4/actions - {"actions":[{"id":"action11","type":"key","parameters":{},"actions":[{"type":"keyDown","value":"î€‡"},{"type":"pause","duration":10},{"type":"keyUp","value":"î€‡"}]}]}
RESULT: {"actions":[{"id":"action11","type":"key","parameters":{},"actions":[{"type":"keyDown","value":"î€‡"},{"type":"pause","duration":10},{"type":"keyUp","value":"î€‡"}]}]}
RESULT: undefined
COMMAND: POST /session/7b7deb7c8590fa6091596ec8cf2db6e4/execute/async - {"script":"<script> [6424 bytes]","args":[{"element-6066-11e4-a52e-4f735466cecf":"f.00692CF0BC94F1C607A97A5075ACE774.d.BE9C5460A64B7ABA366D06A28D04DDCF.e.4489"},"setValue",["Romania"]]}
COMMAND: GET /session/7b7deb7c8590fa6091596ec8cf2db6e4/screenshot - {}
COMMAND: POST /session/7b7deb7c8590fa6091596ec8cf2db6e4/execute/async - {"script":"<script> [1562 bytes]","args":[{"selector":{"id":"application-managesites-display-component---NewSite--addressDetailDetailsCountry","interaction":{"idSuffix":"inner"}},"wdio_ui5_key":"applicationmanagesites-display-component---NewSite--addressDetailDetailsCountry"}]}
RESULT: {}
RESULT: {"script":"<script> [1562 bytes]","args":[{"selector":{"id":"application-managesites-display-component---NewSite--addressDetailDetailsCountry","interaction":{"idSuffix":"inner"}},"wdio_ui5_key":"applicationmanagesites-display-component---NewSite--addressDetailDetailsCountry"}]}
COMMAND: POST /session/7b7deb7c8590fa6091596ec8cf2db6e4/execute/async - {"script":"<script> [6424 bytes]","args":[{"element-6066-11e4-a52e-4f735466cecf":"f.00692CF0BC94F1C607A97A5075ACE774.d.BE9C5460A64B7ABA366D06A28D04DDCF.e.5025"},"setValue",["Romania"]]}
RESULT: {"script":"<script> [6424 bytes]","args":[{"element-6066-11e4-a52e-4f735466cecf":"f.00692CF0BC94F1C607A97A5075ACE774.d.BE9C5460A64B7ABA366D06A28D04DDCF.e.5025"},"setValue",["Romania"]]}
COMMAND: POST /session/7b7deb7c8590fa6091596ec8cf2db6e4/actions - {"actions":[{"id":"action12","type":"key","parameters":{},"actions":[{"type":"keyDown","value":"î€‡"},{"type":"pause","duration":10},{"type":"keyUp","value":"î€‡"}]}]}
RESULT: {"actions":[{"id":"action12","type":"key","parameters":{},"actions":[{"type":"keyDown","value":"î€‡"},{"type":"pause","duration":10},{"type":"keyUp","value":"î€‡"}]}]}
RESULT: undefined
COMMAND: POST /session/7b7deb7c8590fa6091596ec8cf2db6e4/execute/async - {"script":"<script> [776 bytes]","args":[{"enterText":"Germany","selector":{"id":"application-managesites-display-component---NewSite--addressDetailDetailsCalendar","interaction":{"idSuffix":"inner"}},"clearTextFirst":true,"interactionType":"ENTER_TEXT"}]}
COMMAND: GET /session/7b7deb7c8590fa6091596ec8cf2db6e4/screenshot - {}
RESULT: {"script":"<script> [776 bytes]","args":[{"enterText":"Germany","selector":{"id":"application-managesites-display-component---NewSite--addressDetailDetailsCalendar","interaction":{"idSuffix":"inner"}},"clearTextFirst":true,"interactionType":"ENTER_TEXT"}]}
RESULT: {}
COMMAND: POST /session/7b7deb7c8590fa6091596ec8cf2db6e4/actions - {"actions":[{"id":"action13","type":"key","parameters":{},"actions":[{"type":"keyDown","value":"î€‡"},{"type":"pause","duration":10},{"type":"keyUp","value":"î€‡"}]}]}
RESULT: {"actions":[{"id":"action13","type":"key","parameters":{},"actions":[{"type":"keyDown","value":"î€‡"},{"type":"pause","duration":10},{"type":"keyUp","value":"î€‡"}]}]}
COMMAND: POST /session/7b7deb7c8590fa6091596ec8cf2db6e4/execute/async - {"script":"<script> [1562 bytes]","args":[{"selector":{"id":"application-managesites-display-component---NewSite--addressEditDetailsCostObjectCstType","interaction":{"idSuffix":"inner"}},"wdio_ui5_key":"applicationmanagesites-display-component---NewSite--addressEditDetailsCostObjectCstType"}]}
COMMAND: GET /session/7b7deb7c8590fa6091596ec8cf2db6e4/screenshot - {}
RESULT: {"script":"<script> [1562 bytes]","args":[{"selector":{"id":"application-managesites-display-component---NewSite--addressEditDetailsCostObjectCstType","interaction":{"idSuffix":"inner"}},"wdio_ui5_key":"applicationmanagesites-display-component---NewSite--addressEditDetailsCostObjectCstType"}]}
RESULT: undefined
COMMAND: POST /session/7b7deb7c8590fa6091596ec8cf2db6e4/execute/async - {"script":"<script> [776 bytes]","args":[{"enterText":"Cost","selector":{"id":"application-managesites-display-component---NewSite--addressEditDetailsCostObjectCstType","interaction":{"idSuffix":"inner"}},"clearTextFirst":true,"interactionType":"ENTER_TEXT"}]}
RESULT: {}
RESULT: {"script":"<script> [776 bytes]","args":[{"enterText":"Cost","selector":{"id":"application-managesites-display-component---NewSite--addressEditDetailsCostObjectCstType","interaction":{"idSuffix":"inner"}},"clearTextFirst":true,"interactionType":"ENTER_TEXT"}]}
COMMAND: POST /session/7b7deb7c8590fa6091596ec8cf2db6e4/actions - {"actions":[{"id":"action14","type":"key","parameters":{},"actions":[{"type":"keyDown","value":"î€‡"},{"type":"pause","duration":10},{"type":"keyUp","value":"î€‡"}]}]}
RESULT: {"actions":[{"id":"action14","type":"key","parameters":{},"actions":[{"type":"keyDown","value":"î€‡"},{"type":"pause","duration":10},{"type":"keyUp","value":"î€‡"}]}]}
COMMAND: POST /session/7b7deb7c8590fa6091596ec8cf2db6e4/execute/async - {"script":"<script> [1562 bytes]","args":[{"selector":{"id":"application-managesites-display-component---NewSite--addressNewCostObjectCstID","interaction":{"idSuffix":"inner"}},"wdio_ui5_key":"applicationmanagesites-display-component---NewSite--addressNewCostObjectCstID"}]}
COMMAND: GET /session/7b7deb7c8590fa6091596ec8cf2db6e4/screenshot - {}
RESULT: {"script":"<script> [1562 bytes]","args":[{"selector":{"id":"application-managesites-display-component---NewSite--addressNewCostObjectCstID","interaction":{"idSuffix":"inner"}},"wdio_ui5_key":"applicationmanagesites-display-component---NewSite--addressNewCostObjectCstID"}]}
RESULT: undefined
COMMAND: POST /session/7b7deb7c8590fa6091596ec8cf2db6e4/execute/async - {"script":"<script> [776 bytes]","args":[{"enterText":"1001","selector":{"id":"application-managesites-display-component---NewSite--addressNewCostObjectCstID","interaction":{"idSuffix":"inner"}},"clearTextFirst":true,"interactionType":"ENTER_TEXT"}]}
RESULT: {}
RESULT: {"script":"<script> [776 bytes]","args":[{"enterText":"1001","selector":{"id":"application-managesites-display-component---NewSite--addressNewCostObjectCstID","interaction":{"idSuffix":"inner"}},"clearTextFirst":true,"interactionType":"ENTER_TEXT"}]}
COMMAND: POST /session/7b7deb7c8590fa6091596ec8cf2db6e4/actions - {"actions":[{"id":"action15","type":"key","parameters":{},"actions":[{"type":"keyDown","value":"î€‡"},{"type":"pause","duration":10},{"type":"keyUp","value":"î€‡"}]}]}
RESULT: {"actions":[{"id":"action15","type":"key","parameters":{},"actions":[{"type":"keyDown","value":"î€‡"},{"type":"pause","duration":10},{"type":"keyUp","value":"î€‡"}]}]}
COMMAND: POST /session/7b7deb7c8590fa6091596ec8cf2db6e4/element - {"using":"xpath","value":"//input[@id=\"application-managesites-display-component---NewSite--addressDetailDetailsYard-inner\"]"}
COMMAND: GET /session/7b7deb7c8590fa6091596ec8cf2db6e4/screenshot - {}
RESULT: {"using":"xpath","value":"//input[@id=\"application-managesites-display-component---NewSite--addressDetailDetailsYard-inner\"]"}
COMMAND: POST /session/7b7deb7c8590fa6091596ec8cf2db6e4/element/f.00692CF0BC94F1C607A97A5075ACE774.d.BE9C5460A64B7ABA366D06A28D04DDCF.e.5036/value - {"text":"551"}
RESULT: {}
RESULT: {"text":"551"}
COMMAND: GET /session/7b7deb7c8590fa6091596ec8cf2db6e4/screenshot - {}
RESULT: {}
COMMAND: POST /session/7b7deb7c8590fa6091596ec8cf2db6e4/actions - {"actions":[{"id":"action16","type":"key","parameters":{},"actions":[{"type":"keyDown","value":"î€‡"},{"type":"pause","duration":10},{"type":"keyUp","value":"î€‡"}]}]}
RESULT: {"actions":[{"id":"action16","type":"key","parameters":{},"actions":[{"type":"keyDown","value":"î€‡"},{"type":"pause","duration":10},{"type":"keyUp","value":"î€‡"}]}]}
COMMAND: GET /session/7b7deb7c8590fa6091596ec8cf2db6e4/screenshot - {}
RESULT: {}
COMMAND: POST /session/7b7deb7c8590fa6091596ec8cf2db6e4/element - {"using":"xpath","value":"//input[@id=\"application-managesites-display-component---NewSite--addressDetailDetailsPartner-inner\"]"}
RESULT: {"using":"xpath","value":"//input[@id=\"application-managesites-display-component---NewSite--addressDetailDetailsPartner-inner\"]"}
COMMAND: POST /session/7b7deb7c8590fa6091596ec8cf2db6e4/elements - {"using":"xpath","value":"//input[@id=\"application-managesites-display-component---NewSite--addressDetailDetailsPartner-inner\"]"}
RESULT: {"using":"xpath","value":"//input[@id=\"application-managesites-display-component---NewSite--addressDetailDetailsPartner-inner\"]"}
RESULT: undefined
COMMAND: POST /session/7b7deb7c8590fa6091596ec8cf2db6e4/element - {"using":"xpath","value":"//*[@id=\"application-managesites-display-component---NewSite--ObjectPageLayout-anchBar-__section5-anchor\"]"}
RESULT: {"using":"xpath","value":"//*[@id=\"application-managesites-display-component---NewSite--ObjectPageLayout-anchBar-__section5-anchor\"]"}
COMMAND: POST /session/7b7deb7c8590fa6091596ec8cf2db6e4/element/f.00692CF0BC94F1C607A97A5075ACE774.d.BE9C5460A64B7ABA366D06A28D04DDCF.e.5158/click - {}
RESULT: {}
COMMAND: POST /session/7b7deb7c8590fa6091596ec8cf2db6e4/execute/async - {"script":"<script> [1562 bytes]","args":[{"selector":{"id":"application-managesites-display-component---NewSite--siteWhmCheckBox-label","interaction":{"idSuffix":"bdi"}},"wdio_ui5_key":"applicationmanagesites-display-component---NewSite--siteWhmCheckBox-label"}]}
COMMAND: GET /session/7b7deb7c8590fa6091596ec8cf2db6e4/screenshot - {}
RESULT: {"script":"<script> [1562 bytes]","args":[{"selector":{"id":"application-managesites-display-component---NewSite--siteWhmCheckBox-label","interaction":{"idSuffix":"bdi"}},"wdio_ui5_key":"applicationmanagesites-display-component---NewSite--siteWhmCheckBox-label"}]}
RESULT: undefined
COMMAND: POST /session/7b7deb7c8590fa6091596ec8cf2db6e4/element - {"using":"xpath","value":"//*[@id=\"application-managesites-display-component---NewSite--siteWhmCheckBox-label\"]"}
RESULT: {}
RESULT: {"using":"xpath","value":"//*[@id=\"application-managesites-display-component---NewSite--siteWhmCheckBox-label\"]"}
COMMAND: POST /session/7b7deb7c8590fa6091596ec8cf2db6e4/element/f.00692CF0BC94F1C607A97A5075ACE774.d.BE9C5460A64B7ABA366D06A28D04DDCF.e.5162/click - {}
RESULT: {}
RESULT: undefined
COMMAND: POST /session/7b7deb7c8590fa6091596ec8cf2db6e4/element - {"using":"xpath","value":"//*[@id=\"__button16\"]"}
COMMAND: GET /session/7b7deb7c8590fa6091596ec8cf2db6e4/screenshot - {}
RESULT: {"using":"xpath","value":"//*[@id=\"__button16\"]"}
COMMAND: POST /session/7b7deb7c8590fa6091596ec8cf2db6e4/element/f.00692CF0BC94F1C607A97A5075ACE774.d.BE9C5460A64B7ABA366D06A28D04DDCF.e.5163/click - {}
RESULT: {}
RESULT: {}
COMMAND: GET /session/7b7deb7c8590fa6091596ec8cf2db6e4/screenshot - {}
COMMAND: POST /session/7b7deb7c8590fa6091596ec8cf2db6e4/element - {"using":"xpath","value":"//header/div/div[2]/div[2]/span"}
RESULT: {}
RESULT: {"using":"xpath","value":"//header/div/div[2]/div[2]/span"}
COMMAND: GET /session/7b7deb7c8590fa6091596ec8cf2db6e4/element/f.00692CF0BC94F1C607A97A5075ACE774.d.BE9C5460A64B7ABA366D06A28D04DDCF.e.5365/text - {}
RESULT: {}
RESULT: undefined
RESULT: undefined
COMMAND: POST /session/7b7deb7c8590fa6091596ec8cf2db6e4/execute/async - {"script":"<script> [6424 bytes]","args":[{"element-6066-11e4-a52e-4f735466cecf":"f.00692CF0BC94F1C607A97A5075ACE774.d.BE9C5460A64B7ABA366D06A28D04DDCF.e.4954"},"getText",[]]}
COMMAND: POST /session/7b7deb7c8590fa6091596ec8cf2db6e4/execute/async - {"script":"<script> [1562 bytes]","args":[{"selector":{"controlType":"sap.m.Label","viewName":"etm.portal.ui.managesites.view.Detail","viewId":"application-managesites-display-component---detailSite","i18NText":{"propertyName":"text","key":"status"}},"wdio_ui5_key":"etmportal.ui.managesites.view.Detailsap.m.Label{\"propertyName\":\"text\",\"key\":\"status\"}"}]}
RESULT: {"script":"<script> [1562 bytes]","args":[{"selector":{"controlType":"sap.m.Label","viewName":"etm.portal.ui.managesites.view.Detail","viewId":"application-managesites-display-component---detailSite","i18NText":{"propertyName":"text","key":"status"}},"wdio_ui5_key":"etmportal.ui.managesites.view.Detailsap.m.Label{\"propertyName\":\"text\",\"key\":\"status\"}"}]}
COMMAND: POST /session/7b7deb7c8590fa6091596ec8cf2db6e4/execute/async - {"script":"<script> [6424 bytes]","args":[{"element-6066-11e4-a52e-4f735466cecf":"f.00692CF0BC94F1C607A97A5075ACE774.d.BE9C5460A64B7ABA366D06A28D04DDCF.e.5352"},"getText",[]]}
RESULT: {"script":"<script> [6424 bytes]","args":[{"element-6066-11e4-a52e-4f735466cecf":"f.00692CF0BC94F1C607A97A5075ACE774.d.BE9C5460A64B7ABA366D06A28D04DDCF.e.5352"},"getText",[]]}
COMMAND: POST /session/7b7deb7c8590fa6091596ec8cf2db6e4/execute/async - {"script":"<script> [1562 bytes]","args":[{"selector":{"id":"shell-header","interaction":{"idSuffix":"icon"}},"wdio_ui5_key":"shellheader"}]}
RESULT: {"script":"<script> [1562 bytes]","args":[{"selector":{"id":"shell-header","interaction":{"idSuffix":"icon"}},"wdio_ui5_key":"shellheader"}]}
RESULT: undefined
COMMAND: POST /session/7b7deb7c8590fa6091596ec8cf2db6e4/element - {"using":"xpath","value":"//*[@id=\"shell-header\"]"}
RESULT: {"using":"xpath","value":"//*[@id=\"shell-header\"]"}
COMMAND: POST /session/7b7deb7c8590fa6091596ec8cf2db6e4/element/f.00692CF0BC94F1C607A97A5075ACE774.d.BE9C5460A64B7ABA366D06A28D04DDCF.e.5366/click - {}
RESULT: {}
COMMAND: GET /session/7b7deb7c8590fa6091596ec8cf2db6e4/screenshot - {}
COMMAND: POST /session/7b7deb7c8590fa6091596ec8cf2db6e4/refresh - {}
RESULT: {}
RESULT: {}
COMMAND: GET /session/7b7deb7c8590fa6091596ec8cf2db6e4/screenshot - {}
RESULT: {}
COMMAND: POST /session/7b7deb7c8590fa6091596ec8cf2db6e4/refresh - {}
RESULT: {}
COMMAND: GET /session/7b7deb7c8590fa6091596ec8cf2db6e4/screenshot - {}
RESULT: {}
COMMAND: POST /session/7b7deb7c8590fa6091596ec8cf2db6e4/window/fullscreen - {}
RESULT: {}
COMMAND: POST /session/7b7deb7c8590fa6091596ec8cf2db6e4/execute/async - {"script":"<script> [189 bytes]","args":[]}
RESULT: {"script":"<script> [189 bytes]","args":[]}
COMMAND: POST /session/7b7deb7c8590fa6091596ec8cf2db6e4/execute/async - {"script":"<script> [123 bytes]","args":[]}
RESULT: {"script":"<script> [123 bytes]","args":[]}
COMMAND: POST /session/7b7deb7c8590fa6091596ec8cf2db6e4/timeouts - {"script":"<number>"}
RESULT: {"script":"<number>"}
COMMAND: GET /session/7b7deb7c8590fa6091596ec8cf2db6e4/timeouts - {}
RESULT: {}
RESULT: undefined
COMMAND: POST /session/7b7deb7c8590fa6091596ec8cf2db6e4/execute/async - {"script":"<script> [2676 bytes]","args":[]}
RESULT: {"script":"<script> [2676 bytes]","args":[]}
COMMAND: POST /session/7b7deb7c8590fa6091596ec8cf2db6e4/execute/async - {"script":"<script> [2342 bytes]","args":[{"protocol":"http","hostname":"0.0.0.0","path":"/","capabilities":{"browserName":"chrome","goog:chromeOptions":{"binary":"C:\\Program Files\\Google\\Chrome\\Application\\chrome.exe","args":["--start-maximized"]}},"logLevel":"warn","connectionRetryTimeout":120000,"connectionRetryCount":3,"logLevels":{},"enableDirectConnect":true,"strictSSL":true,"_":"65 more keys: [\"cacheDir\",\"port\",\"requestedCapabilities\",\"automationProtocol\",\"baseUrl\",\"waitforInterval\",\"waitforTimeout\",\"onReload\",\"beforeCommand\",\"afterCommand\",\"rootDir\",\"specs\",\"suites\",\"exclude\",\"groupLogsByTestSpec\",\"excludeDriverLogs\",\"bail\",\"framework\",\"reporters\",\"services\",\"maxInstances\",\"maxInstancesPerCapability\",\"injectGlobals\",\"filesToWatch\",\"execArgv\",\"runnerEnv\",\"runner\",\"shard\",\"specFileRetries\",\"specFileRetriesDelay\",\"specFileRetriesDeferred\",\"reporterSyncInterval\",\"reporterSyncTimeout\",\"cucumberFeaturesWithLineNumbers\",\"autoCompileOpts\",\"mochaOpts\",\"jasmineOpts\",\"cucumberOpts\",\"onPrepare\",\"onWorkerStart\",\"onWorkerEnd\",\"before\",\"beforeSession\",\"beforeSuite\",\"beforeHook\",\"beforeTest\",\"afterTest\",\"afterHook\",\"afterSuite\",\"afterSession\",\"after\",\"onComplete\",\"beforeAssertion\",\"afterAssertion\",\"beforeFeature\",\"beforeScenario\",\"beforeStep\",\"afterStep\",\"afterScenario\",\"afterFeature\",\"_\",\"suite\",\"$0\",\"ignoredWorkerServices\",\"wdi5\"]"}]}
RESULT: {"script":"<script> [2342 bytes]","args":[{"protocol":"http","hostname":"0.0.0.0","path":"/","capabilities":{"browserName":"chrome","goog:chromeOptions":{"binary":"C:\\Program Files\\Google\\Chrome\\Application\\chrome.exe","args":["--start-maximized"]}},"logLevel":"warn","connectionRetryTimeout":120000,"connectionRetryCount":3,"logLevels":{},"enableDirectConnect":true,"strictSSL":true,"_":"65 more keys: [\"cacheDir\",\"port\",\"requestedCapabilities\",\"automationProtocol\",\"baseUrl\",\"waitforInterval\",\"waitforTimeout\",\"onReload\",\"beforeCommand\",\"afterCommand\",\"rootDir\",\"specs\",\"suites\",\"exclude\",\"groupLogsByTestSpec\",\"excludeDriverLogs\",\"bail\",\"framework\",\"reporters\",\"services\",\"maxInstances\",\"maxInstancesPerCapability\",\"injectGlobals\",\"filesToWatch\",\"execArgv\",\"runnerEnv\",\"runner\",\"shard\",\"specFileRetries\",\"specFileRetriesDelay\",\"specFileRetriesDeferred\",\"reporterSyncInterval\",\"reporterSyncTimeout\",\"cucumberFeaturesWithLineNumbers\",\"autoCompileOpts\",\"mochaOpts\",\"jasmineOpts\",\"cucumberOpts\",\"onPrepare\",\"onWorkerStart\",\"onWorkerEnd\",\"before\",\"beforeSession\",\"beforeSuite\",\"beforeHook\",\"beforeTest\",\"afterTest\",\"afterHook\",\"afterSuite\",\"afterSession\",\"after\",\"onComplete\",\"beforeAssertion\",\"afterAssertion\",\"beforeFeature\",\"beforeScenario\",\"beforeStep\",\"afterStep\",\"afterScenario\",\"afterFeature\",\"_\",\"suite\",\"$0\",\"ignoredWorkerServices\",\"wdi5\"]"}]}
COMMAND: POST /session/7b7deb7c8590fa6091596ec8cf2db6e4/execute/async - {"script":"<script> [21126 bytes]","args":[35000]}
RESULT: {"script":"<script> [21126 bytes]","args":[35000]}
COMMAND: POST /session/7b7deb7c8590fa6091596ec8cf2db6e4/element - {"using":"css selector","value":"#j_username"}
COMMAND: POST /session/7b7deb7c8590fa6091596ec8cf2db6e4/url - {"url":"https://qa-testing-00-live-etm-ui.cfapps.eu10-004.hana.ondemand.com/"}
RESULT: {"using":"css selector","value":"#j_username"}
COMMAND: POST /session/7b7deb7c8590fa6091596ec8cf2db6e4/element - {"using":"css selector","value":"#j_username"}
RESULT: {"url":"https://qa-testing-00-live-etm-ui.cfapps.eu10-004.hana.ondemand.com/"}
RESULT: undefined
COMMAND: GET /session/7b7deb7c8590fa6091596ec8cf2db6e4/screenshot - {}
RESULT: {"using":"css selector","value":"#j_username"}
COMMAND: POST /session/7b7deb7c8590fa6091596ec8cf2db6e4/element - {"using":"css selector","value":"#shell-header-logo"}
RESULT: {}
RESULT: {"using":"css selector","value":"#shell-header-logo"}
COMMAND: POST /session/7b7deb7c8590fa6091596ec8cf2db6e4/execute/sync - {"script":"<script> [8489 bytes]","args":[{"element-6066-11e4-a52e-4f735466cecf":"f.00692CF0BC94F1C607A97A5075ACE774.d.E36887CF2BF586C689255961CA30F2D5.e.5631","ELEMENT":"f.00692CF0BC94F1C607A97A5075ACE774.d.E36887CF2BF586C689255961CA30F2D5.e.5631"}]}
RESULT: {"script":"<script> [8489 bytes]","args":[{"element-6066-11e4-a52e-4f735466cecf":"f.00692CF0BC94F1C607A97A5075ACE774.d.E36887CF2BF586C689255961CA30F2D5.e.5631","ELEMENT":"f.00692CF0BC94F1C607A97A5075ACE774.d.E36887CF2BF586C689255961CA30F2D5.e.5631"}]}
COMMAND: POST /session/7b7deb7c8590fa6091596ec8cf2db6e4/element - {"using":"css selector","value":"#shell-header-logo"}
COMMAND: GET /session/7b7deb7c8590fa6091596ec8cf2db6e4/screenshot - {}
RESULT: {"using":"css selector","value":"#shell-header-logo"}
COMMAND: POST /session/7b7deb7c8590fa6091596ec8cf2db6e4/execute/sync - {"script":"<script> [8489 bytes]","args":[{"element-6066-11e4-a52e-4f735466cecf":"f.00692CF0BC94F1C607A97A5075ACE774.d.E36887CF2BF586C689255961CA30F2D5.e.5631","ELEMENT":"f.00692CF0BC94F1C607A97A5075ACE774.d.E36887CF2BF586C689255961CA30F2D5.e.5631"}]}
RESULT: {}
RESULT: {"script":"<script> [8489 bytes]","args":[{"element-6066-11e4-a52e-4f735466cecf":"f.00692CF0BC94F1C607A97A5075ACE774.d.E36887CF2BF586C689255961CA30F2D5.e.5631","ELEMENT":"f.00692CF0BC94F1C607A97A5075ACE774.d.E36887CF2BF586C689255961CA30F2D5.e.5631"}]}
COMMAND: POST /session/7b7deb7c8590fa6091596ec8cf2db6e4/execute/sync - {"script":"<script> [5351 bytes]","args":[{"element-6066-11e4-a52e-4f735466cecf":"f.00692CF0BC94F1C607A97A5075ACE774.d.E36887CF2BF586C689255961CA30F2D5.e.5631","ELEMENT":"f.00692CF0BC94F1C607A97A5075ACE774.d.E36887CF2BF586C689255961CA30F2D5.e.5631"}]}
COMMAND: GET /session/7b7deb7c8590fa6091596ec8cf2db6e4/screenshot - {}
RESULT: {"script":"<script> [5351 bytes]","args":[{"element-6066-11e4-a52e-4f735466cecf":"f.00692CF0BC94F1C607A97A5075ACE774.d.E36887CF2BF586C689255961CA30F2D5.e.5631","ELEMENT":"f.00692CF0BC94F1C607A97A5075ACE774.d.E36887CF2BF586C689255961CA30F2D5.e.5631"}]}
COMMAND: POST /session/7b7deb7c8590fa6091596ec8cf2db6e4/element - {"using":"css selector","value":"#shell-header-logo"}
COMMAND: GET /session/7b7deb7c8590fa6091596ec8cf2db6e4/screenshot - {}
RESULT: {}
RESULT: {"using":"css selector","value":"#shell-header-logo"}
COMMAND: POST /session/7b7deb7c8590fa6091596ec8cf2db6e4/element/f.00692CF0BC94F1C607A97A5075ACE774.d.E36887CF2BF586C689255961CA30F2D5.e.5631/click - {}
RESULT: {}
RESULT: {}
COMMAND: GET /session/7b7deb7c8590fa6091596ec8cf2db6e4/screenshot - {}
RESULT: {}
COMMAND: POST /session/7b7deb7c8590fa6091596ec8cf2db6e4/execute/async - {"script":"<script> [189 bytes]","args":[]}
RESULT: {"script":"<script> [189 bytes]","args":[]}
COMMAND: POST /session/7b7deb7c8590fa6091596ec8cf2db6e4/execute/async - {"script":"<script> [123 bytes]","args":[]}
RESULT: {"script":"<script> [123 bytes]","args":[]}
COMMAND: POST /session/7b7deb7c8590fa6091596ec8cf2db6e4/timeouts - {"script":"<number>"}
RESULT: {"script":"<number>"}
COMMAND: GET /session/7b7deb7c8590fa6091596ec8cf2db6e4/timeouts - {}
RESULT: {}
RESULT: undefined
COMMAND: POST /session/7b7deb7c8590fa6091596ec8cf2db6e4/execute/async - {"script":"<script> [2676 bytes]","args":[]}
RESULT: {"script":"<script> [2676 bytes]","args":[]}
COMMAND: POST /session/7b7deb7c8590fa6091596ec8cf2db6e4/execute/async - {"script":"<script> [2342 bytes]","args":[{"protocol":"http","hostname":"0.0.0.0","path":"/","capabilities":{"browserName":"chrome","goog:chromeOptions":{"binary":"C:\\Program Files\\Google\\Chrome\\Application\\chrome.exe","args":["--start-maximized"]}},"logLevel":"warn","connectionRetryTimeout":120000,"connectionRetryCount":3,"logLevels":{},"enableDirectConnect":true,"strictSSL":true,"_":"65 more keys: [\"cacheDir\",\"port\",\"requestedCapabilities\",\"automationProtocol\",\"baseUrl\",\"waitforInterval\",\"waitforTimeout\",\"onReload\",\"beforeCommand\",\"afterCommand\",\"rootDir\",\"specs\",\"suites\",\"exclude\",\"groupLogsByTestSpec\",\"excludeDriverLogs\",\"bail\",\"framework\",\"reporters\",\"services\",\"maxInstances\",\"maxInstancesPerCapability\",\"injectGlobals\",\"filesToWatch\",\"execArgv\",\"runnerEnv\",\"runner\",\"shard\",\"specFileRetries\",\"specFileRetriesDelay\",\"specFileRetriesDeferred\",\"reporterSyncInterval\",\"reporterSyncTimeout\",\"cucumberFeaturesWithLineNumbers\",\"autoCompileOpts\",\"mochaOpts\",\"jasmineOpts\",\"cucumberOpts\",\"onPrepare\",\"onWorkerStart\",\"onWorkerEnd\",\"before\",\"beforeSession\",\"beforeSuite\",\"beforeHook\",\"beforeTest\",\"afterTest\",\"afterHook\",\"afterSuite\",\"afterSession\",\"after\",\"onComplete\",\"beforeAssertion\",\"afterAssertion\",\"beforeFeature\",\"beforeScenario\",\"beforeStep\",\"afterStep\",\"afterScenario\",\"afterFeature\",\"_\",\"suite\",\"$0\",\"ignoredWorkerServices\",\"wdi5\"]"}]}
RESULT: {"script":"<script> [2342 bytes]","args":[{"protocol":"http","hostname":"0.0.0.0","path":"/","capabilities":{"browserName":"chrome","goog:chromeOptions":{"binary":"C:\\Program Files\\Google\\Chrome\\Application\\chrome.exe","args":["--start-maximized"]}},"logLevel":"warn","connectionRetryTimeout":120000,"connectionRetryCount":3,"logLevels":{},"enableDirectConnect":true,"strictSSL":true,"_":"65 more keys: [\"cacheDir\",\"port\",\"requestedCapabilities\",\"automationProtocol\",\"baseUrl\",\"waitforInterval\",\"waitforTimeout\",\"onReload\",\"beforeCommand\",\"afterCommand\",\"rootDir\",\"specs\",\"suites\",\"exclude\",\"groupLogsByTestSpec\",\"excludeDriverLogs\",\"bail\",\"framework\",\"reporters\",\"services\",\"maxInstances\",\"maxInstancesPerCapability\",\"injectGlobals\",\"filesToWatch\",\"execArgv\",\"runnerEnv\",\"runner\",\"shard\",\"specFileRetries\",\"specFileRetriesDelay\",\"specFileRetriesDeferred\",\"reporterSyncInterval\",\"reporterSyncTimeout\",\"cucumberFeaturesWithLineNumbers\",\"autoCompileOpts\",\"mochaOpts\",\"jasmineOpts\",\"cucumberOpts\",\"onPrepare\",\"onWorkerStart\",\"onWorkerEnd\",\"before\",\"beforeSession\",\"beforeSuite\",\"beforeHook\",\"beforeTest\",\"afterTest\",\"afterHook\",\"afterSuite\",\"afterSession\",\"after\",\"onComplete\",\"beforeAssertion\",\"afterAssertion\",\"beforeFeature\",\"beforeScenario\",\"beforeStep\",\"afterStep\",\"afterScenario\",\"afterFeature\",\"_\",\"suite\",\"$0\",\"ignoredWorkerServices\",\"wdi5\"]"}]}
COMMAND: POST /session/7b7deb7c8590fa6091596ec8cf2db6e4/execute/async - {"script":"<script> [21126 bytes]","args":[35000]}
RESULT: {"script":"<script> [21126 bytes]","args":[35000]}
COMMAND: POST /session/7b7deb7c8590fa6091596ec8cf2db6e4/window/maximize - {}
RESULT: {}
COMMAND: POST /session/7b7deb7c8590fa6091596ec8cf2db6e4/execute/async - {"script":"<script> [1562 bytes]","args":[{"selector":{"id":"shell-header","interaction":{"idSuffix":"icon"}},"wdio_ui5_key":"shellheader"}]}
COMMAND: GET /session/7b7deb7c8590fa6091596ec8cf2db6e4/screenshot - {}
RESULT: {"script":"<script> [1562 bytes]","args":[{"selector":{"id":"shell-header","interaction":{"idSuffix":"icon"}},"wdio_ui5_key":"shellheader"}]}
RESULT: undefined
RESULT: {}
COMMAND: POST /session/7b7deb7c8590fa6091596ec8cf2db6e4/execute/async - {"script":"<script> [1562 bytes]","args":[{"selector":{"controlType":"sap.m.Title","i18NText":{"propertyName":"text","key":"dataCollectionAgreement"},"searchOpenDialogs":true},"wdio_ui5_key":"sapm.Title{\"propertyName\":\"text\",\"key\":\"dataCollectionAgreement\"}"}]}
RESULT: {"script":"<script> [1562 bytes]","args":[{"selector":{"controlType":"sap.m.Title","i18NText":{"propertyName":"text","key":"dataCollectionAgreement"},"searchOpenDialogs":true},"wdio_ui5_key":"sapm.Title{\"propertyName\":\"text\",\"key\":\"dataCollectionAgreement\"}"}]}
RESULT: undefined
COMMAND: POST /session/7b7deb7c8590fa6091596ec8cf2db6e4/execute/async - {"script":"<script> [1562 bytes]","args":[{"selector":{"controlType":"sap.m.GenericTile","properties":{"header":"Manage Resources"}},"wdio_ui5_key":"sapm.GenericTile{\"header\":\"Manage Resources\"}"}]}
RESULT: {"script":"<script> [1562 bytes]","args":[{"selector":{"controlType":"sap.m.GenericTile","properties":{"header":"Manage Resources"}},"wdio_ui5_key":"sapm.GenericTile{\"header\":\"Manage Resources\"}"}]}
RESULT: undefined
COMMAND: POST /session/7b7deb7c8590fa6091596ec8cf2db6e4/element - {"using":"xpath","value":"//*[@id=\"__tile31\"]"}
RESULT: {"using":"xpath","value":"//*[@id=\"__tile31\"]"}
COMMAND: POST /session/7b7deb7c8590fa6091596ec8cf2db6e4/element/f.00692CF0BC94F1C607A97A5075ACE774.d.E36887CF2BF586C689255961CA30F2D5.e.5654/click - {}
RESULT: {}
COMMAND: GET /session/7b7deb7c8590fa6091596ec8cf2db6e4/screenshot - {}
RESULT: {}
COMMAND: POST /session/7b7deb7c8590fa6091596ec8cf2db6e4/elements - {"using":"xpath","value":"//span[text()='Error']"}
RESULT: {"using":"xpath","value":"//span[text()='Error']"}
]]></system-out>
    </testcase>
  </testsuite>
  <testsuite timestamp="2025-05-19T15:32:20" time="549.862" tests="2" failures="0" errors="0" skipped="0">
    <properties>
      <property name="specId" value="0" />
      <property name="suiteName" value="Create 2 RU material US118246" />
      <property name="capabilities" value="chrome.136_0_7103_93.windows" />
      <property name="file" value="file:///D:/a/1/s/test/specs/R2C/create-material.spec.js" />
    </properties>
    <testcase classname="chrome.136_0_7103_93.windows.Create_2_RU_material_US118246" name="Create material" time="251.853">
      <system-out><![CDATA[
COMMAND: POST /session/7b7deb7c8590fa6091596ec8cf2db6e4/element - {"using":"xpath","value":"//button[@data-kt=\"addNewRUOverflowToolbarButton\"]"}
RESULT: {"using":"xpath","value":"//button[@data-kt=\"addNewRUOverflowToolbarButton\"]"}
COMMAND: POST /session/7b7deb7c8590fa6091596ec8cf2db6e4/execute/sync - {"script":"<script> [8489 bytes]","args":[{"element-6066-11e4-a52e-4f735466cecf":"f.00692CF0BC94F1C607A97A5075ACE774.d.E36887CF2BF586C689255961CA30F2D5.e.5791","ELEMENT":"f.00692CF0BC94F1C607A97A5075ACE774.d.E36887CF2BF586C689255961CA30F2D5.e.5791"}]}
RESULT: {"script":"<script> [8489 bytes]","args":[{"element-6066-11e4-a52e-4f735466cecf":"f.00692CF0BC94F1C607A97A5075ACE774.d.E36887CF2BF586C689255961CA30F2D5.e.5791","ELEMENT":"f.00692CF0BC94F1C607A97A5075ACE774.d.E36887CF2BF586C689255961CA30F2D5.e.5791"}]}
COMMAND: POST /session/7b7deb7c8590fa6091596ec8cf2db6e4/element/f.00692CF0BC94F1C607A97A5075ACE774.d.E36887CF2BF586C689255961CA30F2D5.e.5791/click - {}
COMMAND: GET /session/7b7deb7c8590fa6091596ec8cf2db6e4/screenshot - {}
RESULT: {}
COMMAND: GET /session/7b7deb7c8590fa6091596ec8cf2db6e4/screenshot - {}
RESULT: {}
RESULT: {}
COMMAND: POST /session/7b7deb7c8590fa6091596ec8cf2db6e4/execute/async - {"script":"<script> [1562 bytes]","args":[{"selector":{"controlType":"sap.m.ComboBox","viewName":"reusables.view.manageresources.NewResourceUnit","viewId":"application-manageresources-display-component---newResourceUnit","bindingPath":{"path":"","propertyPath":"/RuTypes","modelName":"catalogModel"},"searchOpenDialogs":true},"wdio_ui5_key":"reusablesview.manageresources.NewResourceUnitsap.m.ComboBox{\"path\":\"\",\"propertyPath\":\"/RuTypes\",\"modelName\":\"catalogModel\"}"}]}
RESULT: {"script":"<script> [1562 bytes]","args":[{"selector":{"controlType":"sap.m.ComboBox","viewName":"reusables.view.manageresources.NewResourceUnit","viewId":"application-manageresources-display-component---newResourceUnit","bindingPath":{"path":"","propertyPath":"/RuTypes","modelName":"catalogModel"},"searchOpenDialogs":true},"wdio_ui5_key":"reusablesview.manageresources.NewResourceUnitsap.m.ComboBox{\"path\":\"\",\"propertyPath\":\"/RuTypes\",\"modelName\":\"catalogModel\"}"}]}
RESULT: undefined
COMMAND: POST /session/7b7deb7c8590fa6091596ec8cf2db6e4/execute/async - {"script":"<script> [1562 bytes]","args":[{"selector":{"controlType":"sap.m.ComboBox","viewName":"reusables.view.manageresources.NewResourceUnit","viewId":"application-manageresources-display-component---newResourceUnit","bindingPath":{"path":"","propertyPath":"/Yards","modelName":"catalogModel"},"searchOpenDialogs":true},"wdio_ui5_key":"reusablesview.manageresources.NewResourceUnitsap.m.ComboBox{\"path\":\"\",\"propertyPath\":\"/Yards\",\"modelName\":\"catalogModel\"}"}]}
RESULT: {"script":"<script> [1562 bytes]","args":[{"selector":{"controlType":"sap.m.ComboBox","viewName":"reusables.view.manageresources.NewResourceUnit","viewId":"application-manageresources-display-component---newResourceUnit","bindingPath":{"path":"","propertyPath":"/Yards","modelName":"catalogModel"},"searchOpenDialogs":true},"wdio_ui5_key":"reusablesview.manageresources.NewResourceUnitsap.m.ComboBox{\"path\":\"\",\"propertyPath\":\"/Yards\",\"modelName\":\"catalogModel\"}"}]}
RESULT: undefined
COMMAND: POST /session/7b7deb7c8590fa6091596ec8cf2db6e4/execute/async - {"script":"<script> [1562 bytes]","args":[{"selector":{"controlType":"etm.portal.ui.reusables.customControls.LiveSearchComboBox","viewName":"reusables.view.manageresources.NewResourceUnit","viewId":"application-manageresources-display-component---newResourceUnit","bindingPath":{"path":"","propertyPath":"/CatalogItems","modelName":"catalogModel"},"searchOpenDialogs":true},"wdio_ui5_key":"reusablesview.manageresources.NewResourceUnitetm.portal.ui.reusables.customControls.LiveSearchComboBox{\"path\":\"\",\"propertyPath\":\"/CatalogItems\",\"modelName\":\"catalogModel\"}"}]}
RESULT: {"script":"<script> [1562 bytes]","args":[{"selector":{"controlType":"etm.portal.ui.reusables.customControls.LiveSearchComboBox","viewName":"reusables.view.manageresources.NewResourceUnit","viewId":"application-manageresources-display-component---newResourceUnit","bindingPath":{"path":"","propertyPath":"/CatalogItems","modelName":"catalogModel"},"searchOpenDialogs":true},"wdio_ui5_key":"reusablesview.manageresources.NewResourceUnitetm.portal.ui.reusables.customControls.LiveSearchComboBox{\"path\":\"\",\"propertyPath\":\"/CatalogItems\",\"modelName\":\"catalogModel\"}"}]}
RESULT: undefined
COMMAND: POST /session/7b7deb7c8590fa6091596ec8cf2db6e4/element - {"using":"xpath","value":"//bdi[text()=\"OK\"]"}
RESULT: {"using":"xpath","value":"//bdi[text()=\"OK\"]"}
COMMAND: POST /session/7b7deb7c8590fa6091596ec8cf2db6e4/elements - {"using":"xpath","value":"//bdi[text()=\"OK\"]"}
RESULT: {"using":"xpath","value":"//bdi[text()=\"OK\"]"}
COMMAND: POST /session/7b7deb7c8590fa6091596ec8cf2db6e4/elements - {"using":"xpath","value":"//bdi[text()=\"OK\"]"}
RESULT: {"using":"xpath","value":"//bdi[text()=\"OK\"]"}
COMMAND: POST /session/7b7deb7c8590fa6091596ec8cf2db6e4/elements - {"using":"xpath","value":"//bdi[text()=\"OK\"]"}
RESULT: {"using":"xpath","value":"//bdi[text()=\"OK\"]"}
COMMAND: POST /session/7b7deb7c8590fa6091596ec8cf2db6e4/elements - {"using":"xpath","value":"//bdi[text()=\"OK\"]"}
RESULT: {"using":"xpath","value":"//bdi[text()=\"OK\"]"}
COMMAND: POST /session/7b7deb7c8590fa6091596ec8cf2db6e4/elements - {"using":"xpath","value":"//bdi[text()=\"OK\"]"}
RESULT: {"using":"xpath","value":"//bdi[text()=\"OK\"]"}
COMMAND: POST /session/7b7deb7c8590fa6091596ec8cf2db6e4/elements - {"using":"xpath","value":"//bdi[text()=\"OK\"]"}
RESULT: {"using":"xpath","value":"//bdi[text()=\"OK\"]"}
COMMAND: POST /session/7b7deb7c8590fa6091596ec8cf2db6e4/elements - {"using":"xpath","value":"//bdi[text()=\"OK\"]"}
RESULT: {"using":"xpath","value":"//bdi[text()=\"OK\"]"}
COMMAND: POST /session/7b7deb7c8590fa6091596ec8cf2db6e4/elements - {"using":"xpath","value":"//bdi[text()=\"OK\"]"}
RESULT: {"using":"xpath","value":"//bdi[text()=\"OK\"]"}
COMMAND: POST /session/7b7deb7c8590fa6091596ec8cf2db6e4/elements - {"using":"xpath","value":"//bdi[text()=\"OK\"]"}
RESULT: {"using":"xpath","value":"//bdi[text()=\"OK\"]"}
COMMAND: POST /session/7b7deb7c8590fa6091596ec8cf2db6e4/elements - {"using":"xpath","value":"//bdi[text()=\"OK\"]"}
RESULT: {"using":"xpath","value":"//bdi[text()=\"OK\"]"}
COMMAND: POST /session/7b7deb7c8590fa6091596ec8cf2db6e4/elements - {"using":"xpath","value":"//bdi[text()=\"OK\"]"}
RESULT: {"using":"xpath","value":"//bdi[text()=\"OK\"]"}
COMMAND: POST /session/7b7deb7c8590fa6091596ec8cf2db6e4/elements - {"using":"xpath","value":"//bdi[text()=\"OK\"]"}
RESULT: {"using":"xpath","value":"//bdi[text()=\"OK\"]"}
COMMAND: POST /session/7b7deb7c8590fa6091596ec8cf2db6e4/elements - {"using":"xpath","value":"//bdi[text()=\"OK\"]"}
RESULT: {"using":"xpath","value":"//bdi[text()=\"OK\"]"}
COMMAND: POST /session/7b7deb7c8590fa6091596ec8cf2db6e4/elements - {"using":"xpath","value":"//bdi[text()=\"OK\"]"}
RESULT: {"using":"xpath","value":"//bdi[text()=\"OK\"]"}
COMMAND: POST /session/7b7deb7c8590fa6091596ec8cf2db6e4/elements - {"using":"xpath","value":"//bdi[text()=\"OK\"]"}
RESULT: {"using":"xpath","value":"//bdi[text()=\"OK\"]"}
COMMAND: POST /session/7b7deb7c8590fa6091596ec8cf2db6e4/elements - {"using":"xpath","value":"//bdi[text()=\"OK\"]"}
RESULT: {"using":"xpath","value":"//bdi[text()=\"OK\"]"}
COMMAND: POST /session/7b7deb7c8590fa6091596ec8cf2db6e4/elements - {"using":"xpath","value":"//bdi[text()=\"OK\"]"}
RESULT: {"using":"xpath","value":"//bdi[text()=\"OK\"]"}
COMMAND: POST /session/7b7deb7c8590fa6091596ec8cf2db6e4/elements - {"using":"xpath","value":"//bdi[text()=\"OK\"]"}
RESULT: {"using":"xpath","value":"//bdi[text()=\"OK\"]"}
COMMAND: POST /session/7b7deb7c8590fa6091596ec8cf2db6e4/elements - {"using":"xpath","value":"//bdi[text()=\"OK\"]"}
RESULT: {"using":"xpath","value":"//bdi[text()=\"OK\"]"}
COMMAND: POST /session/7b7deb7c8590fa6091596ec8cf2db6e4/elements - {"using":"xpath","value":"//bdi[text()=\"OK\"]"}
RESULT: {"using":"xpath","value":"//bdi[text()=\"OK\"]"}
COMMAND: POST /session/7b7deb7c8590fa6091596ec8cf2db6e4/elements - {"using":"xpath","value":"//bdi[text()=\"OK\"]"}
RESULT: {"using":"xpath","value":"//bdi[text()=\"OK\"]"}
COMMAND: POST /session/7b7deb7c8590fa6091596ec8cf2db6e4/elements - {"using":"xpath","value":"//bdi[text()=\"OK\"]"}
RESULT: {"using":"xpath","value":"//bdi[text()=\"OK\"]"}
COMMAND: POST /session/7b7deb7c8590fa6091596ec8cf2db6e4/elements - {"using":"xpath","value":"//bdi[text()=\"OK\"]"}
RESULT: {"using":"xpath","value":"//bdi[text()=\"OK\"]"}
COMMAND: POST /session/7b7deb7c8590fa6091596ec8cf2db6e4/elements - {"using":"xpath","value":"//bdi[text()=\"OK\"]"}
RESULT: {"using":"xpath","value":"//bdi[text()=\"OK\"]"}
COMMAND: POST /session/7b7deb7c8590fa6091596ec8cf2db6e4/elements - {"using":"xpath","value":"//bdi[text()=\"OK\"]"}
RESULT: {"using":"xpath","value":"//bdi[text()=\"OK\"]"}
COMMAND: POST /session/7b7deb7c8590fa6091596ec8cf2db6e4/elements - {"using":"xpath","value":"//bdi[text()=\"OK\"]"}
RESULT: {"using":"xpath","value":"//bdi[text()=\"OK\"]"}
COMMAND: POST /session/7b7deb7c8590fa6091596ec8cf2db6e4/elements - {"using":"xpath","value":"//bdi[text()=\"OK\"]"}
RESULT: {"using":"xpath","value":"//bdi[text()=\"OK\"]"}
COMMAND: POST /session/7b7deb7c8590fa6091596ec8cf2db6e4/elements - {"using":"xpath","value":"//bdi[text()=\"OK\"]"}
RESULT: {"using":"xpath","value":"//bdi[text()=\"OK\"]"}
COMMAND: POST /session/7b7deb7c8590fa6091596ec8cf2db6e4/elements - {"using":"xpath","value":"//bdi[text()=\"OK\"]"}
RESULT: {"using":"xpath","value":"//bdi[text()=\"OK\"]"}
COMMAND: POST /session/7b7deb7c8590fa6091596ec8cf2db6e4/elements - {"using":"xpath","value":"//bdi[text()=\"OK\"]"}
RESULT: {"using":"xpath","value":"//bdi[text()=\"OK\"]"}
COMMAND: POST /session/7b7deb7c8590fa6091596ec8cf2db6e4/elements - {"using":"xpath","value":"//bdi[text()=\"OK\"]"}
RESULT: {"using":"xpath","value":"//bdi[text()=\"OK\"]"}
COMMAND: POST /session/7b7deb7c8590fa6091596ec8cf2db6e4/elements - {"using":"xpath","value":"//bdi[text()=\"OK\"]"}
RESULT: {"using":"xpath","value":"//bdi[text()=\"OK\"]"}
COMMAND: POST /session/7b7deb7c8590fa6091596ec8cf2db6e4/elements - {"using":"xpath","value":"//bdi[text()=\"OK\"]"}
RESULT: {"using":"xpath","value":"//bdi[text()=\"OK\"]"}
COMMAND: POST /session/7b7deb7c8590fa6091596ec8cf2db6e4/elements - {"using":"xpath","value":"//bdi[text()=\"OK\"]"}
RESULT: {"using":"xpath","value":"//bdi[text()=\"OK\"]"}
COMMAND: POST /session/7b7deb7c8590fa6091596ec8cf2db6e4/elements - {"using":"xpath","value":"//bdi[text()=\"OK\"]"}
RESULT: {"using":"xpath","value":"//bdi[text()=\"OK\"]"}
COMMAND: POST /session/7b7deb7c8590fa6091596ec8cf2db6e4/elements - {"using":"xpath","value":"//bdi[text()=\"OK\"]"}
RESULT: {"using":"xpath","value":"//bdi[text()=\"OK\"]"}
COMMAND: POST /session/7b7deb7c8590fa6091596ec8cf2db6e4/elements - {"using":"xpath","value":"//bdi[text()=\"OK\"]"}
RESULT: {"using":"xpath","value":"//bdi[text()=\"OK\"]"}
COMMAND: POST /session/7b7deb7c8590fa6091596ec8cf2db6e4/elements - {"using":"xpath","value":"//bdi[text()=\"OK\"]"}
RESULT: {"using":"xpath","value":"//bdi[text()=\"OK\"]"}
COMMAND: POST /session/7b7deb7c8590fa6091596ec8cf2db6e4/elements - {"using":"xpath","value":"//bdi[text()=\"OK\"]"}
RESULT: {"using":"xpath","value":"//bdi[text()=\"OK\"]"}
COMMAND: POST /session/7b7deb7c8590fa6091596ec8cf2db6e4/elements - {"using":"xpath","value":"//bdi[text()=\"OK\"]"}
RESULT: {"using":"xpath","value":"//bdi[text()=\"OK\"]"}
COMMAND: POST /session/7b7deb7c8590fa6091596ec8cf2db6e4/elements - {"using":"xpath","value":"//bdi[text()=\"OK\"]"}
RESULT: {"using":"xpath","value":"//bdi[text()=\"OK\"]"}
COMMAND: POST /session/7b7deb7c8590fa6091596ec8cf2db6e4/elements - {"using":"xpath","value":"//bdi[text()=\"OK\"]"}
RESULT: {"using":"xpath","value":"//bdi[text()=\"OK\"]"}
COMMAND: POST /session/7b7deb7c8590fa6091596ec8cf2db6e4/elements - {"using":"xpath","value":"//bdi[text()=\"OK\"]"}
RESULT: {"using":"xpath","value":"//bdi[text()=\"OK\"]"}
COMMAND: POST /session/7b7deb7c8590fa6091596ec8cf2db6e4/elements - {"using":"xpath","value":"//bdi[text()=\"OK\"]"}
RESULT: {"using":"xpath","value":"//bdi[text()=\"OK\"]"}
COMMAND: POST /session/7b7deb7c8590fa6091596ec8cf2db6e4/elements - {"using":"xpath","value":"//bdi[text()=\"OK\"]"}
RESULT: {"using":"xpath","value":"//bdi[text()=\"OK\"]"}
COMMAND: POST /session/7b7deb7c8590fa6091596ec8cf2db6e4/elements - {"using":"xpath","value":"//bdi[text()=\"OK\"]"}
RESULT: {"using":"xpath","value":"//bdi[text()=\"OK\"]"}
COMMAND: POST /session/7b7deb7c8590fa6091596ec8cf2db6e4/elements - {"using":"xpath","value":"//bdi[text()=\"OK\"]"}
RESULT: {"using":"xpath","value":"//bdi[text()=\"OK\"]"}
COMMAND: POST /session/7b7deb7c8590fa6091596ec8cf2db6e4/elements - {"using":"xpath","value":"//bdi[text()=\"OK\"]"}
RESULT: {"using":"xpath","value":"//bdi[text()=\"OK\"]"}
COMMAND: POST /session/7b7deb7c8590fa6091596ec8cf2db6e4/elements - {"using":"xpath","value":"//bdi[text()=\"OK\"]"}
RESULT: {"using":"xpath","value":"//bdi[text()=\"OK\"]"}
COMMAND: POST /session/7b7deb7c8590fa6091596ec8cf2db6e4/elements - {"using":"xpath","value":"//bdi[text()=\"OK\"]"}
RESULT: {"using":"xpath","value":"//bdi[text()=\"OK\"]"}
COMMAND: POST /session/7b7deb7c8590fa6091596ec8cf2db6e4/elements - {"using":"xpath","value":"//bdi[text()=\"OK\"]"}
RESULT: {"using":"xpath","value":"//bdi[text()=\"OK\"]"}
COMMAND: POST /session/7b7deb7c8590fa6091596ec8cf2db6e4/elements - {"using":"xpath","value":"//bdi[text()=\"OK\"]"}
RESULT: {"using":"xpath","value":"//bdi[text()=\"OK\"]"}
COMMAND: POST /session/7b7deb7c8590fa6091596ec8cf2db6e4/elements - {"using":"xpath","value":"//bdi[text()=\"OK\"]"}
RESULT: {"using":"xpath","value":"//bdi[text()=\"OK\"]"}
COMMAND: POST /session/7b7deb7c8590fa6091596ec8cf2db6e4/elements - {"using":"xpath","value":"//bdi[text()=\"OK\"]"}
RESULT: {"using":"xpath","value":"//bdi[text()=\"OK\"]"}
COMMAND: POST /session/7b7deb7c8590fa6091596ec8cf2db6e4/elements - {"using":"xpath","value":"//bdi[text()=\"OK\"]"}
RESULT: {"using":"xpath","value":"//bdi[text()=\"OK\"]"}
COMMAND: POST /session/7b7deb7c8590fa6091596ec8cf2db6e4/elements - {"using":"xpath","value":"//bdi[text()=\"OK\"]"}
RESULT: {"using":"xpath","value":"//bdi[text()=\"OK\"]"}
COMMAND: POST /session/7b7deb7c8590fa6091596ec8cf2db6e4/elements - {"using":"xpath","value":"//bdi[text()=\"OK\"]"}
RESULT: {"using":"xpath","value":"//bdi[text()=\"OK\"]"}
COMMAND: POST /session/7b7deb7c8590fa6091596ec8cf2db6e4/elements - {"using":"xpath","value":"//bdi[text()=\"OK\"]"}
RESULT: {"using":"xpath","value":"//bdi[text()=\"OK\"]"}
COMMAND: POST /session/7b7deb7c8590fa6091596ec8cf2db6e4/elements - {"using":"xpath","value":"//bdi[text()=\"OK\"]"}
RESULT: {"using":"xpath","value":"//bdi[text()=\"OK\"]"}
COMMAND: POST /session/7b7deb7c8590fa6091596ec8cf2db6e4/elements - {"using":"xpath","value":"//bdi[text()=\"OK\"]"}
RESULT: {"using":"xpath","value":"//bdi[text()=\"OK\"]"}
COMMAND: POST /session/7b7deb7c8590fa6091596ec8cf2db6e4/elements - {"using":"xpath","value":"//bdi[text()=\"OK\"]"}
RESULT: {"using":"xpath","value":"//bdi[text()=\"OK\"]"}
COMMAND: POST /session/7b7deb7c8590fa6091596ec8cf2db6e4/elements - {"using":"xpath","value":"//bdi[text()=\"OK\"]"}
RESULT: {"using":"xpath","value":"//bdi[text()=\"OK\"]"}
COMMAND: POST /session/7b7deb7c8590fa6091596ec8cf2db6e4/elements - {"using":"xpath","value":"//bdi[text()=\"OK\"]"}
RESULT: {"using":"xpath","value":"//bdi[text()=\"OK\"]"}
COMMAND: POST /session/7b7deb7c8590fa6091596ec8cf2db6e4/elements - {"using":"xpath","value":"//bdi[text()=\"OK\"]"}
RESULT: {"using":"xpath","value":"//bdi[text()=\"OK\"]"}
COMMAND: POST /session/7b7deb7c8590fa6091596ec8cf2db6e4/elements - {"using":"xpath","value":"//bdi[text()=\"OK\"]"}
RESULT: {"using":"xpath","value":"//bdi[text()=\"OK\"]"}
COMMAND: POST /session/7b7deb7c8590fa6091596ec8cf2db6e4/elements - {"using":"xpath","value":"//bdi[text()=\"OK\"]"}
RESULT: {"using":"xpath","value":"//bdi[text()=\"OK\"]"}
COMMAND: POST /session/7b7deb7c8590fa6091596ec8cf2db6e4/elements - {"using":"xpath","value":"//bdi[text()=\"OK\"]"}
RESULT: {"using":"xpath","value":"//bdi[text()=\"OK\"]"}
COMMAND: POST /session/7b7deb7c8590fa6091596ec8cf2db6e4/elements - {"using":"xpath","value":"//bdi[text()=\"OK\"]"}
RESULT: {"using":"xpath","value":"//bdi[text()=\"OK\"]"}
COMMAND: POST /session/7b7deb7c8590fa6091596ec8cf2db6e4/elements - {"using":"xpath","value":"//bdi[text()=\"OK\"]"}
RESULT: {"using":"xpath","value":"//bdi[text()=\"OK\"]"}
COMMAND: POST /session/7b7deb7c8590fa6091596ec8cf2db6e4/elements - {"using":"xpath","value":"//bdi[text()=\"OK\"]"}
RESULT: {"using":"xpath","value":"//bdi[text()=\"OK\"]"}
COMMAND: POST /session/7b7deb7c8590fa6091596ec8cf2db6e4/elements - {"using":"xpath","value":"//bdi[text()=\"OK\"]"}
RESULT: {"using":"xpath","value":"//bdi[text()=\"OK\"]"}
COMMAND: POST /session/7b7deb7c8590fa6091596ec8cf2db6e4/elements - {"using":"xpath","value":"//bdi[text()=\"OK\"]"}
RESULT: {"using":"xpath","value":"//bdi[text()=\"OK\"]"}
COMMAND: POST /session/7b7deb7c8590fa6091596ec8cf2db6e4/elements - {"using":"xpath","value":"//bdi[text()=\"OK\"]"}
RESULT: {"using":"xpath","value":"//bdi[text()=\"OK\"]"}
COMMAND: POST /session/7b7deb7c8590fa6091596ec8cf2db6e4/elements - {"using":"xpath","value":"//bdi[text()=\"OK\"]"}
RESULT: {"using":"xpath","value":"//bdi[text()=\"OK\"]"}
COMMAND: POST /session/7b7deb7c8590fa6091596ec8cf2db6e4/elements - {"using":"xpath","value":"//bdi[text()=\"OK\"]"}
RESULT: {"using":"xpath","value":"//bdi[text()=\"OK\"]"}
COMMAND: POST /session/7b7deb7c8590fa6091596ec8cf2db6e4/elements - {"using":"xpath","value":"//bdi[text()=\"OK\"]"}
RESULT: {"using":"xpath","value":"//bdi[text()=\"OK\"]"}
COMMAND: POST /session/7b7deb7c8590fa6091596ec8cf2db6e4/elements - {"using":"xpath","value":"//bdi[text()=\"OK\"]"}
RESULT: {"using":"xpath","value":"//bdi[text()=\"OK\"]"}
COMMAND: POST /session/7b7deb7c8590fa6091596ec8cf2db6e4/elements - {"using":"xpath","value":"//bdi[text()=\"OK\"]"}
RESULT: {"using":"xpath","value":"//bdi[text()=\"OK\"]"}
COMMAND: POST /session/7b7deb7c8590fa6091596ec8cf2db6e4/elements - {"using":"xpath","value":"//bdi[text()=\"OK\"]"}
RESULT: {"using":"xpath","value":"//bdi[text()=\"OK\"]"}
COMMAND: POST /session/7b7deb7c8590fa6091596ec8cf2db6e4/elements - {"using":"xpath","value":"//bdi[text()=\"OK\"]"}
RESULT: {"using":"xpath","value":"//bdi[text()=\"OK\"]"}
COMMAND: POST /session/7b7deb7c8590fa6091596ec8cf2db6e4/elements - {"using":"xpath","value":"//bdi[text()=\"OK\"]"}
RESULT: {"using":"xpath","value":"//bdi[text()=\"OK\"]"}
COMMAND: POST /session/7b7deb7c8590fa6091596ec8cf2db6e4/elements - {"using":"xpath","value":"//bdi[text()=\"OK\"]"}
RESULT: {"using":"xpath","value":"//bdi[text()=\"OK\"]"}
COMMAND: POST /session/7b7deb7c8590fa6091596ec8cf2db6e4/elements - {"using":"xpath","value":"//bdi[text()=\"OK\"]"}
RESULT: {"using":"xpath","value":"//bdi[text()=\"OK\"]"}
COMMAND: POST /session/7b7deb7c8590fa6091596ec8cf2db6e4/elements - {"using":"xpath","value":"//bdi[text()=\"OK\"]"}
RESULT: {"using":"xpath","value":"//bdi[text()=\"OK\"]"}
COMMAND: POST /session/7b7deb7c8590fa6091596ec8cf2db6e4/elements - {"using":"xpath","value":"//bdi[text()=\"OK\"]"}
RESULT: {"using":"xpath","value":"//bdi[text()=\"OK\"]"}
COMMAND: POST /session/7b7deb7c8590fa6091596ec8cf2db6e4/elements - {"using":"xpath","value":"//bdi[text()=\"OK\"]"}
RESULT: {"using":"xpath","value":"//bdi[text()=\"OK\"]"}
COMMAND: POST /session/7b7deb7c8590fa6091596ec8cf2db6e4/elements - {"using":"xpath","value":"//bdi[text()=\"OK\"]"}
RESULT: {"using":"xpath","value":"//bdi[text()=\"OK\"]"}
COMMAND: POST /session/7b7deb7c8590fa6091596ec8cf2db6e4/elements - {"using":"xpath","value":"//bdi[text()=\"OK\"]"}
RESULT: {"using":"xpath","value":"//bdi[text()=\"OK\"]"}
COMMAND: POST /session/7b7deb7c8590fa6091596ec8cf2db6e4/elements - {"using":"xpath","value":"//bdi[text()=\"OK\"]"}
RESULT: {"using":"xpath","value":"//bdi[text()=\"OK\"]"}
COMMAND: POST /session/7b7deb7c8590fa6091596ec8cf2db6e4/elements - {"using":"xpath","value":"//bdi[text()=\"OK\"]"}
RESULT: {"using":"xpath","value":"//bdi[text()=\"OK\"]"}
COMMAND: POST /session/7b7deb7c8590fa6091596ec8cf2db6e4/elements - {"using":"xpath","value":"//bdi[text()=\"OK\"]"}
RESULT: {"using":"xpath","value":"//bdi[text()=\"OK\"]"}
COMMAND: POST /session/7b7deb7c8590fa6091596ec8cf2db6e4/elements - {"using":"xpath","value":"//bdi[text()=\"OK\"]"}
RESULT: {"using":"xpath","value":"//bdi[text()=\"OK\"]"}
COMMAND: POST /session/7b7deb7c8590fa6091596ec8cf2db6e4/elements - {"using":"xpath","value":"//bdi[text()=\"OK\"]"}
RESULT: {"using":"xpath","value":"//bdi[text()=\"OK\"]"}
COMMAND: POST /session/7b7deb7c8590fa6091596ec8cf2db6e4/elements - {"using":"xpath","value":"//bdi[text()=\"OK\"]"}
RESULT: {"using":"xpath","value":"//bdi[text()=\"OK\"]"}
COMMAND: POST /session/7b7deb7c8590fa6091596ec8cf2db6e4/elements - {"using":"xpath","value":"//bdi[text()=\"OK\"]"}
RESULT: {"using":"xpath","value":"//bdi[text()=\"OK\"]"}
COMMAND: POST /session/7b7deb7c8590fa6091596ec8cf2db6e4/elements - {"using":"xpath","value":"//bdi[text()=\"OK\"]"}
RESULT: {"using":"xpath","value":"//bdi[text()=\"OK\"]"}
COMMAND: POST /session/7b7deb7c8590fa6091596ec8cf2db6e4/elements - {"using":"xpath","value":"//bdi[text()=\"OK\"]"}
RESULT: {"using":"xpath","value":"//bdi[text()=\"OK\"]"}
COMMAND: POST /session/7b7deb7c8590fa6091596ec8cf2db6e4/elements - {"using":"xpath","value":"//bdi[text()=\"OK\"]"}
RESULT: {"using":"xpath","value":"//bdi[text()=\"OK\"]"}
COMMAND: POST /session/7b7deb7c8590fa6091596ec8cf2db6e4/elements - {"using":"xpath","value":"//bdi[text()=\"OK\"]"}
RESULT: {"using":"xpath","value":"//bdi[text()=\"OK\"]"}
COMMAND: POST /session/7b7deb7c8590fa6091596ec8cf2db6e4/elements - {"using":"xpath","value":"//bdi[text()=\"OK\"]"}
RESULT: {"using":"xpath","value":"//bdi[text()=\"OK\"]"}
COMMAND: POST /session/7b7deb7c8590fa6091596ec8cf2db6e4/elements - {"using":"xpath","value":"//bdi[text()=\"OK\"]"}
RESULT: {"using":"xpath","value":"//bdi[text()=\"OK\"]"}
COMMAND: POST /session/7b7deb7c8590fa6091596ec8cf2db6e4/elements - {"using":"xpath","value":"//bdi[text()=\"OK\"]"}
RESULT: {"using":"xpath","value":"//bdi[text()=\"OK\"]"}
COMMAND: POST /session/7b7deb7c8590fa6091596ec8cf2db6e4/elements - {"using":"xpath","value":"//bdi[text()=\"OK\"]"}
RESULT: {"using":"xpath","value":"//bdi[text()=\"OK\"]"}
COMMAND: POST /session/7b7deb7c8590fa6091596ec8cf2db6e4/elements - {"using":"xpath","value":"//bdi[text()=\"OK\"]"}
RESULT: {"using":"xpath","value":"//bdi[text()=\"OK\"]"}
COMMAND: POST /session/7b7deb7c8590fa6091596ec8cf2db6e4/elements - {"using":"xpath","value":"//bdi[text()=\"OK\"]"}
RESULT: {"using":"xpath","value":"//bdi[text()=\"OK\"]"}
COMMAND: POST /session/7b7deb7c8590fa6091596ec8cf2db6e4/elements - {"using":"xpath","value":"//bdi[text()=\"OK\"]"}
RESULT: {"using":"xpath","value":"//bdi[text()=\"OK\"]"}
COMMAND: POST /session/7b7deb7c8590fa6091596ec8cf2db6e4/elements - {"using":"xpath","value":"//bdi[text()=\"OK\"]"}
RESULT: {"using":"xpath","value":"//bdi[text()=\"OK\"]"}
COMMAND: POST /session/7b7deb7c8590fa6091596ec8cf2db6e4/elements - {"using":"xpath","value":"//bdi[text()=\"OK\"]"}
RESULT: {"using":"xpath","value":"//bdi[text()=\"OK\"]"}
COMMAND: POST /session/7b7deb7c8590fa6091596ec8cf2db6e4/elements - {"using":"xpath","value":"//bdi[text()=\"OK\"]"}
RESULT: {"using":"xpath","value":"//bdi[text()=\"OK\"]"}
COMMAND: POST /session/7b7deb7c8590fa6091596ec8cf2db6e4/elements - {"using":"xpath","value":"//bdi[text()=\"OK\"]"}
RESULT: {"using":"xpath","value":"//bdi[text()=\"OK\"]"}
COMMAND: POST /session/7b7deb7c8590fa6091596ec8cf2db6e4/elements - {"using":"xpath","value":"//bdi[text()=\"OK\"]"}
RESULT: {"using":"xpath","value":"//bdi[text()=\"OK\"]"}
COMMAND: POST /session/7b7deb7c8590fa6091596ec8cf2db6e4/elements - {"using":"xpath","value":"//bdi[text()=\"OK\"]"}
RESULT: {"using":"xpath","value":"//bdi[text()=\"OK\"]"}
COMMAND: POST /session/7b7deb7c8590fa6091596ec8cf2db6e4/elements - {"using":"xpath","value":"//bdi[text()=\"OK\"]"}
RESULT: {"using":"xpath","value":"//bdi[text()=\"OK\"]"}
COMMAND: POST /session/7b7deb7c8590fa6091596ec8cf2db6e4/elements - {"using":"xpath","value":"//bdi[text()=\"OK\"]"}
RESULT: {"using":"xpath","value":"//bdi[text()=\"OK\"]"}
COMMAND: POST /session/7b7deb7c8590fa6091596ec8cf2db6e4/elements - {"using":"xpath","value":"//bdi[text()=\"OK\"]"}
RESULT: {"using":"xpath","value":"//bdi[text()=\"OK\"]"}
COMMAND: POST /session/7b7deb7c8590fa6091596ec8cf2db6e4/elements - {"using":"xpath","value":"//bdi[text()=\"OK\"]"}
RESULT: {"using":"xpath","value":"//bdi[text()=\"OK\"]"}
COMMAND: POST /session/7b7deb7c8590fa6091596ec8cf2db6e4/elements - {"using":"xpath","value":"//bdi[text()=\"OK\"]"}
RESULT: {"using":"xpath","value":"//bdi[text()=\"OK\"]"}
COMMAND: POST /session/7b7deb7c8590fa6091596ec8cf2db6e4/elements - {"using":"xpath","value":"//bdi[text()=\"OK\"]"}
RESULT: {"using":"xpath","value":"//bdi[text()=\"OK\"]"}
COMMAND: POST /session/7b7deb7c8590fa6091596ec8cf2db6e4/elements - {"using":"xpath","value":"//bdi[text()=\"OK\"]"}
RESULT: {"using":"xpath","value":"//bdi[text()=\"OK\"]"}
COMMAND: POST /session/7b7deb7c8590fa6091596ec8cf2db6e4/elements - {"using":"xpath","value":"//bdi[text()=\"OK\"]"}
RESULT: {"using":"xpath","value":"//bdi[text()=\"OK\"]"}
COMMAND: POST /session/7b7deb7c8590fa6091596ec8cf2db6e4/elements - {"using":"xpath","value":"//bdi[text()=\"OK\"]"}
COMMAND: POST /session/7b7deb7c8590fa6091596ec8cf2db6e4/element - {"using":"xpath","value":"//bdi[text()=\"OK\"]"}
RESULT: {"using":"xpath","value":"//bdi[text()=\"OK\"]"}
RESULT: {"using":"xpath","value":"//bdi[text()=\"OK\"]"}
COMMAND: POST /session/7b7deb7c8590fa6091596ec8cf2db6e4/elements - {"using":"xpath","value":"//bdi[text()=\"OK\"]"}
RESULT: {"using":"xpath","value":"//bdi[text()=\"OK\"]"}
COMMAND: POST /session/7b7deb7c8590fa6091596ec8cf2db6e4/elements - {"using":"xpath","value":"//bdi[text()=\"OK\"]"}
RESULT: {"using":"xpath","value":"//bdi[text()=\"OK\"]"}
COMMAND: POST /session/7b7deb7c8590fa6091596ec8cf2db6e4/elements - {"using":"xpath","value":"//bdi[text()=\"OK\"]"}
RESULT: {"using":"xpath","value":"//bdi[text()=\"OK\"]"}
COMMAND: POST /session/7b7deb7c8590fa6091596ec8cf2db6e4/elements - {"using":"xpath","value":"//bdi[text()=\"OK\"]"}
RESULT: {"using":"xpath","value":"//bdi[text()=\"OK\"]"}
COMMAND: POST /session/7b7deb7c8590fa6091596ec8cf2db6e4/elements - {"using":"xpath","value":"//bdi[text()=\"OK\"]"}
RESULT: {"using":"xpath","value":"//bdi[text()=\"OK\"]"}
COMMAND: POST /session/7b7deb7c8590fa6091596ec8cf2db6e4/elements - {"using":"xpath","value":"//bdi[text()=\"OK\"]"}
RESULT: {"using":"xpath","value":"//bdi[text()=\"OK\"]"}
COMMAND: POST /session/7b7deb7c8590fa6091596ec8cf2db6e4/elements - {"using":"xpath","value":"//bdi[text()=\"OK\"]"}
RESULT: {"using":"xpath","value":"//bdi[text()=\"OK\"]"}
COMMAND: POST /session/7b7deb7c8590fa6091596ec8cf2db6e4/elements - {"using":"xpath","value":"//bdi[text()=\"OK\"]"}
RESULT: {"using":"xpath","value":"//bdi[text()=\"OK\"]"}
COMMAND: POST /session/7b7deb7c8590fa6091596ec8cf2db6e4/elements - {"using":"xpath","value":"//bdi[text()=\"OK\"]"}
RESULT: {"using":"xpath","value":"//bdi[text()=\"OK\"]"}
COMMAND: POST /session/7b7deb7c8590fa6091596ec8cf2db6e4/elements - {"using":"xpath","value":"//bdi[text()=\"OK\"]"}
RESULT: {"using":"xpath","value":"//bdi[text()=\"OK\"]"}
COMMAND: POST /session/7b7deb7c8590fa6091596ec8cf2db6e4/elements - {"using":"xpath","value":"//bdi[text()=\"OK\"]"}
RESULT: {"using":"xpath","value":"//bdi[text()=\"OK\"]"}
COMMAND: POST /session/7b7deb7c8590fa6091596ec8cf2db6e4/elements - {"using":"xpath","value":"//bdi[text()=\"OK\"]"}
RESULT: {"using":"xpath","value":"//bdi[text()=\"OK\"]"}
COMMAND: POST /session/7b7deb7c8590fa6091596ec8cf2db6e4/elements - {"using":"xpath","value":"//bdi[text()=\"OK\"]"}
RESULT: {"using":"xpath","value":"//bdi[text()=\"OK\"]"}
COMMAND: POST /session/7b7deb7c8590fa6091596ec8cf2db6e4/elements - {"using":"xpath","value":"//bdi[text()=\"OK\"]"}
RESULT: {"using":"xpath","value":"//bdi[text()=\"OK\"]"}
COMMAND: POST /session/7b7deb7c8590fa6091596ec8cf2db6e4/elements - {"using":"xpath","value":"//bdi[text()=\"OK\"]"}
RESULT: {"using":"xpath","value":"//bdi[text()=\"OK\"]"}
COMMAND: POST /session/7b7deb7c8590fa6091596ec8cf2db6e4/elements - {"using":"xpath","value":"//bdi[text()=\"OK\"]"}
RESULT: {"using":"xpath","value":"//bdi[text()=\"OK\"]"}
COMMAND: POST /session/7b7deb7c8590fa6091596ec8cf2db6e4/elements - {"using":"xpath","value":"//bdi[text()=\"OK\"]"}
RESULT: {"using":"xpath","value":"//bdi[text()=\"OK\"]"}
COMMAND: POST /session/7b7deb7c8590fa6091596ec8cf2db6e4/elements - {"using":"xpath","value":"//bdi[text()=\"OK\"]"}
RESULT: {"using":"xpath","value":"//bdi[text()=\"OK\"]"}
COMMAND: POST /session/7b7deb7c8590fa6091596ec8cf2db6e4/elements - {"using":"xpath","value":"//bdi[text()=\"OK\"]"}
RESULT: {"using":"xpath","value":"//bdi[text()=\"OK\"]"}
COMMAND: POST /session/7b7deb7c8590fa6091596ec8cf2db6e4/elements - {"using":"xpath","value":"//bdi[text()=\"OK\"]"}
RESULT: {"using":"xpath","value":"//bdi[text()=\"OK\"]"}
COMMAND: POST /session/7b7deb7c8590fa6091596ec8cf2db6e4/elements - {"using":"xpath","value":"//bdi[text()=\"OK\"]"}
RESULT: {"using":"xpath","value":"//bdi[text()=\"OK\"]"}
COMMAND: POST /session/7b7deb7c8590fa6091596ec8cf2db6e4/elements - {"using":"xpath","value":"//bdi[text()=\"OK\"]"}
RESULT: {"using":"xpath","value":"//bdi[text()=\"OK\"]"}
COMMAND: POST /session/7b7deb7c8590fa6091596ec8cf2db6e4/elements - {"using":"xpath","value":"//bdi[text()=\"OK\"]"}
RESULT: {"using":"xpath","value":"//bdi[text()=\"OK\"]"}
COMMAND: POST /session/7b7deb7c8590fa6091596ec8cf2db6e4/elements - {"using":"xpath","value":"//bdi[text()=\"OK\"]"}
RESULT: {"using":"xpath","value":"//bdi[text()=\"OK\"]"}
COMMAND: POST /session/7b7deb7c8590fa6091596ec8cf2db6e4/elements - {"using":"xpath","value":"//bdi[text()=\"OK\"]"}
RESULT: {"using":"xpath","value":"//bdi[text()=\"OK\"]"}
COMMAND: POST /session/7b7deb7c8590fa6091596ec8cf2db6e4/elements - {"using":"xpath","value":"//bdi[text()=\"OK\"]"}
RESULT: {"using":"xpath","value":"//bdi[text()=\"OK\"]"}
COMMAND: POST /session/7b7deb7c8590fa6091596ec8cf2db6e4/elements - {"using":"xpath","value":"//bdi[text()=\"OK\"]"}
RESULT: {"using":"xpath","value":"//bdi[text()=\"OK\"]"}
COMMAND: POST /session/7b7deb7c8590fa6091596ec8cf2db6e4/elements - {"using":"xpath","value":"//bdi[text()=\"OK\"]"}
RESULT: {"using":"xpath","value":"//bdi[text()=\"OK\"]"}
COMMAND: POST /session/7b7deb7c8590fa6091596ec8cf2db6e4/elements - {"using":"xpath","value":"//bdi[text()=\"OK\"]"}
RESULT: {"using":"xpath","value":"//bdi[text()=\"OK\"]"}
COMMAND: POST /session/7b7deb7c8590fa6091596ec8cf2db6e4/elements - {"using":"xpath","value":"//bdi[text()=\"OK\"]"}
RESULT: {"using":"xpath","value":"//bdi[text()=\"OK\"]"}
COMMAND: POST /session/7b7deb7c8590fa6091596ec8cf2db6e4/elements - {"using":"xpath","value":"//bdi[text()=\"OK\"]"}
RESULT: {"using":"xpath","value":"//bdi[text()=\"OK\"]"}
COMMAND: POST /session/7b7deb7c8590fa6091596ec8cf2db6e4/elements - {"using":"xpath","value":"//bdi[text()=\"OK\"]"}
RESULT: {"using":"xpath","value":"//bdi[text()=\"OK\"]"}
COMMAND: POST /session/7b7deb7c8590fa6091596ec8cf2db6e4/elements - {"using":"xpath","value":"//bdi[text()=\"OK\"]"}
RESULT: {"using":"xpath","value":"//bdi[text()=\"OK\"]"}
COMMAND: POST /session/7b7deb7c8590fa6091596ec8cf2db6e4/elements - {"using":"xpath","value":"//bdi[text()=\"OK\"]"}
RESULT: {"using":"xpath","value":"//bdi[text()=\"OK\"]"}
COMMAND: POST /session/7b7deb7c8590fa6091596ec8cf2db6e4/elements - {"using":"xpath","value":"//bdi[text()=\"OK\"]"}
RESULT: {"using":"xpath","value":"//bdi[text()=\"OK\"]"}
COMMAND: POST /session/7b7deb7c8590fa6091596ec8cf2db6e4/elements - {"using":"xpath","value":"//bdi[text()=\"OK\"]"}
RESULT: {"using":"xpath","value":"//bdi[text()=\"OK\"]"}
COMMAND: POST /session/7b7deb7c8590fa6091596ec8cf2db6e4/elements - {"using":"xpath","value":"//bdi[text()=\"OK\"]"}
RESULT: {"using":"xpath","value":"//bdi[text()=\"OK\"]"}
COMMAND: POST /session/7b7deb7c8590fa6091596ec8cf2db6e4/elements - {"using":"xpath","value":"//bdi[text()=\"OK\"]"}
RESULT: {"using":"xpath","value":"//bdi[text()=\"OK\"]"}
COMMAND: POST /session/7b7deb7c8590fa6091596ec8cf2db6e4/elements - {"using":"xpath","value":"//bdi[text()=\"OK\"]"}
RESULT: {"using":"xpath","value":"//bdi[text()=\"OK\"]"}
COMMAND: POST /session/7b7deb7c8590fa6091596ec8cf2db6e4/elements - {"using":"xpath","value":"//bdi[text()=\"OK\"]"}
RESULT: {"using":"xpath","value":"//bdi[text()=\"OK\"]"}
COMMAND: POST /session/7b7deb7c8590fa6091596ec8cf2db6e4/elements - {"using":"xpath","value":"//bdi[text()=\"OK\"]"}
RESULT: {"using":"xpath","value":"//bdi[text()=\"OK\"]"}
COMMAND: POST /session/7b7deb7c8590fa6091596ec8cf2db6e4/elements - {"using":"xpath","value":"//bdi[text()=\"OK\"]"}
RESULT: {"using":"xpath","value":"//bdi[text()=\"OK\"]"}
COMMAND: POST /session/7b7deb7c8590fa6091596ec8cf2db6e4/elements - {"using":"xpath","value":"//bdi[text()=\"OK\"]"}
RESULT: {"using":"xpath","value":"//bdi[text()=\"OK\"]"}
COMMAND: POST /session/7b7deb7c8590fa6091596ec8cf2db6e4/elements - {"using":"xpath","value":"//bdi[text()=\"OK\"]"}
RESULT: {"using":"xpath","value":"//bdi[text()=\"OK\"]"}
COMMAND: POST /session/7b7deb7c8590fa6091596ec8cf2db6e4/elements - {"using":"xpath","value":"//bdi[text()=\"OK\"]"}
RESULT: {"using":"xpath","value":"//bdi[text()=\"OK\"]"}
COMMAND: POST /session/7b7deb7c8590fa6091596ec8cf2db6e4/elements - {"using":"xpath","value":"//bdi[text()=\"OK\"]"}
RESULT: {"using":"xpath","value":"//bdi[text()=\"OK\"]"}
COMMAND: POST /session/7b7deb7c8590fa6091596ec8cf2db6e4/elements - {"using":"xpath","value":"//bdi[text()=\"OK\"]"}
RESULT: {"using":"xpath","value":"//bdi[text()=\"OK\"]"}
COMMAND: POST /session/7b7deb7c8590fa6091596ec8cf2db6e4/elements - {"using":"xpath","value":"//bdi[text()=\"OK\"]"}
RESULT: {"using":"xpath","value":"//bdi[text()=\"OK\"]"}
COMMAND: POST /session/7b7deb7c8590fa6091596ec8cf2db6e4/elements - {"using":"xpath","value":"//bdi[text()=\"OK\"]"}
RESULT: {"using":"xpath","value":"//bdi[text()=\"OK\"]"}
COMMAND: POST /session/7b7deb7c8590fa6091596ec8cf2db6e4/elements - {"using":"xpath","value":"//bdi[text()=\"OK\"]"}
RESULT: {"using":"xpath","value":"//bdi[text()=\"OK\"]"}
COMMAND: POST /session/7b7deb7c8590fa6091596ec8cf2db6e4/elements - {"using":"xpath","value":"//bdi[text()=\"OK\"]"}
RESULT: {"using":"xpath","value":"//bdi[text()=\"OK\"]"}
COMMAND: POST /session/7b7deb7c8590fa6091596ec8cf2db6e4/elements - {"using":"xpath","value":"//bdi[text()=\"OK\"]"}
RESULT: {"using":"xpath","value":"//bdi[text()=\"OK\"]"}
COMMAND: POST /session/7b7deb7c8590fa6091596ec8cf2db6e4/elements - {"using":"xpath","value":"//bdi[text()=\"OK\"]"}
RESULT: {"using":"xpath","value":"//bdi[text()=\"OK\"]"}
COMMAND: POST /session/7b7deb7c8590fa6091596ec8cf2db6e4/elements - {"using":"xpath","value":"//bdi[text()=\"OK\"]"}
RESULT: {"using":"xpath","value":"//bdi[text()=\"OK\"]"}
COMMAND: POST /session/7b7deb7c8590fa6091596ec8cf2db6e4/elements - {"using":"xpath","value":"//bdi[text()=\"OK\"]"}
RESULT: {"using":"xpath","value":"//bdi[text()=\"OK\"]"}
COMMAND: POST /session/7b7deb7c8590fa6091596ec8cf2db6e4/elements - {"using":"xpath","value":"//bdi[text()=\"OK\"]"}
RESULT: {"using":"xpath","value":"//bdi[text()=\"OK\"]"}
COMMAND: POST /session/7b7deb7c8590fa6091596ec8cf2db6e4/elements - {"using":"xpath","value":"//bdi[text()=\"OK\"]"}
RESULT: {"using":"xpath","value":"//bdi[text()=\"OK\"]"}
COMMAND: POST /session/7b7deb7c8590fa6091596ec8cf2db6e4/elements - {"using":"xpath","value":"//bdi[text()=\"OK\"]"}
RESULT: {"using":"xpath","value":"//bdi[text()=\"OK\"]"}
COMMAND: POST /session/7b7deb7c8590fa6091596ec8cf2db6e4/elements - {"using":"xpath","value":"//bdi[text()=\"OK\"]"}
RESULT: {"using":"xpath","value":"//bdi[text()=\"OK\"]"}
COMMAND: POST /session/7b7deb7c8590fa6091596ec8cf2db6e4/elements - {"using":"xpath","value":"//bdi[text()=\"OK\"]"}
RESULT: {"using":"xpath","value":"//bdi[text()=\"OK\"]"}
COMMAND: POST /session/7b7deb7c8590fa6091596ec8cf2db6e4/elements - {"using":"xpath","value":"//bdi[text()=\"OK\"]"}
RESULT: {"using":"xpath","value":"//bdi[text()=\"OK\"]"}
COMMAND: POST /session/7b7deb7c8590fa6091596ec8cf2db6e4/elements - {"using":"xpath","value":"//bdi[text()=\"OK\"]"}
RESULT: {"using":"xpath","value":"//bdi[text()=\"OK\"]"}
COMMAND: POST /session/7b7deb7c8590fa6091596ec8cf2db6e4/elements - {"using":"xpath","value":"//bdi[text()=\"OK\"]"}
RESULT: {"using":"xpath","value":"//bdi[text()=\"OK\"]"}
COMMAND: POST /session/7b7deb7c8590fa6091596ec8cf2db6e4/elements - {"using":"xpath","value":"//bdi[text()=\"OK\"]"}
RESULT: {"using":"xpath","value":"//bdi[text()=\"OK\"]"}
COMMAND: POST /session/7b7deb7c8590fa6091596ec8cf2db6e4/elements - {"using":"xpath","value":"//bdi[text()=\"OK\"]"}
RESULT: {"using":"xpath","value":"//bdi[text()=\"OK\"]"}
COMMAND: POST /session/7b7deb7c8590fa6091596ec8cf2db6e4/elements - {"using":"xpath","value":"//bdi[text()=\"OK\"]"}
RESULT: {"using":"xpath","value":"//bdi[text()=\"OK\"]"}
COMMAND: POST /session/7b7deb7c8590fa6091596ec8cf2db6e4/elements - {"using":"xpath","value":"//bdi[text()=\"OK\"]"}
RESULT: {"using":"xpath","value":"//bdi[text()=\"OK\"]"}
COMMAND: POST /session/7b7deb7c8590fa6091596ec8cf2db6e4/elements - {"using":"xpath","value":"//bdi[text()=\"OK\"]"}
RESULT: {"using":"xpath","value":"//bdi[text()=\"OK\"]"}
COMMAND: POST /session/7b7deb7c8590fa6091596ec8cf2db6e4/elements - {"using":"xpath","value":"//bdi[text()=\"OK\"]"}
RESULT: {"using":"xpath","value":"//bdi[text()=\"OK\"]"}
COMMAND: POST /session/7b7deb7c8590fa6091596ec8cf2db6e4/elements - {"using":"xpath","value":"//bdi[text()=\"OK\"]"}
RESULT: {"using":"xpath","value":"//bdi[text()=\"OK\"]"}
COMMAND: POST /session/7b7deb7c8590fa6091596ec8cf2db6e4/elements - {"using":"xpath","value":"//bdi[text()=\"OK\"]"}
RESULT: {"using":"xpath","value":"//bdi[text()=\"OK\"]"}
COMMAND: POST /session/7b7deb7c8590fa6091596ec8cf2db6e4/elements - {"using":"xpath","value":"//bdi[text()=\"OK\"]"}
RESULT: {"using":"xpath","value":"//bdi[text()=\"OK\"]"}
COMMAND: POST /session/7b7deb7c8590fa6091596ec8cf2db6e4/elements - {"using":"xpath","value":"//bdi[text()=\"OK\"]"}
RESULT: {"using":"xpath","value":"//bdi[text()=\"OK\"]"}
COMMAND: POST /session/7b7deb7c8590fa6091596ec8cf2db6e4/elements - {"using":"xpath","value":"//bdi[text()=\"OK\"]"}
RESULT: {"using":"xpath","value":"//bdi[text()=\"OK\"]"}
COMMAND: POST /session/7b7deb7c8590fa6091596ec8cf2db6e4/elements - {"using":"xpath","value":"//bdi[text()=\"OK\"]"}
RESULT: {"using":"xpath","value":"//bdi[text()=\"OK\"]"}
COMMAND: POST /session/7b7deb7c8590fa6091596ec8cf2db6e4/elements - {"using":"xpath","value":"//bdi[text()=\"OK\"]"}
RESULT: {"using":"xpath","value":"//bdi[text()=\"OK\"]"}
COMMAND: POST /session/7b7deb7c8590fa6091596ec8cf2db6e4/elements - {"using":"xpath","value":"//bdi[text()=\"OK\"]"}
RESULT: {"using":"xpath","value":"//bdi[text()=\"OK\"]"}
COMMAND: POST /session/7b7deb7c8590fa6091596ec8cf2db6e4/elements - {"using":"xpath","value":"//bdi[text()=\"OK\"]"}
RESULT: {"using":"xpath","value":"//bdi[text()=\"OK\"]"}
COMMAND: POST /session/7b7deb7c8590fa6091596ec8cf2db6e4/elements - {"using":"xpath","value":"//bdi[text()=\"OK\"]"}
RESULT: {"using":"xpath","value":"//bdi[text()=\"OK\"]"}
COMMAND: POST /session/7b7deb7c8590fa6091596ec8cf2db6e4/elements - {"using":"xpath","value":"//bdi[text()=\"OK\"]"}
RESULT: {"using":"xpath","value":"//bdi[text()=\"OK\"]"}
COMMAND: POST /session/7b7deb7c8590fa6091596ec8cf2db6e4/elements - {"using":"xpath","value":"//bdi[text()=\"OK\"]"}
RESULT: {"using":"xpath","value":"//bdi[text()=\"OK\"]"}
COMMAND: POST /session/7b7deb7c8590fa6091596ec8cf2db6e4/elements - {"using":"xpath","value":"//bdi[text()=\"OK\"]"}
RESULT: {"using":"xpath","value":"//bdi[text()=\"OK\"]"}
COMMAND: POST /session/7b7deb7c8590fa6091596ec8cf2db6e4/elements - {"using":"xpath","value":"//bdi[text()=\"OK\"]"}
RESULT: {"using":"xpath","value":"//bdi[text()=\"OK\"]"}
COMMAND: POST /session/7b7deb7c8590fa6091596ec8cf2db6e4/elements - {"using":"xpath","value":"//bdi[text()=\"OK\"]"}
RESULT: {"using":"xpath","value":"//bdi[text()=\"OK\"]"}
COMMAND: POST /session/7b7deb7c8590fa6091596ec8cf2db6e4/elements - {"using":"xpath","value":"//bdi[text()=\"OK\"]"}
RESULT: {"using":"xpath","value":"//bdi[text()=\"OK\"]"}
COMMAND: POST /session/7b7deb7c8590fa6091596ec8cf2db6e4/elements - {"using":"xpath","value":"//bdi[text()=\"OK\"]"}
RESULT: {"using":"xpath","value":"//bdi[text()=\"OK\"]"}
COMMAND: POST /session/7b7deb7c8590fa6091596ec8cf2db6e4/elements - {"using":"xpath","value":"//bdi[text()=\"OK\"]"}
RESULT: {"using":"xpath","value":"//bdi[text()=\"OK\"]"}
COMMAND: POST /session/7b7deb7c8590fa6091596ec8cf2db6e4/elements - {"using":"xpath","value":"//bdi[text()=\"OK\"]"}
RESULT: {"using":"xpath","value":"//bdi[text()=\"OK\"]"}
COMMAND: POST /session/7b7deb7c8590fa6091596ec8cf2db6e4/elements - {"using":"xpath","value":"//bdi[text()=\"OK\"]"}
RESULT: {"using":"xpath","value":"//bdi[text()=\"OK\"]"}
COMMAND: POST /session/7b7deb7c8590fa6091596ec8cf2db6e4/elements - {"using":"xpath","value":"//bdi[text()=\"OK\"]"}
RESULT: {"using":"xpath","value":"//bdi[text()=\"OK\"]"}
COMMAND: POST /session/7b7deb7c8590fa6091596ec8cf2db6e4/elements - {"using":"xpath","value":"//bdi[text()=\"OK\"]"}
RESULT: {"using":"xpath","value":"//bdi[text()=\"OK\"]"}
COMMAND: POST /session/7b7deb7c8590fa6091596ec8cf2db6e4/elements - {"using":"xpath","value":"//bdi[text()=\"OK\"]"}
RESULT: {"using":"xpath","value":"//bdi[text()=\"OK\"]"}
COMMAND: POST /session/7b7deb7c8590fa6091596ec8cf2db6e4/elements - {"using":"xpath","value":"//bdi[text()=\"OK\"]"}
RESULT: {"using":"xpath","value":"//bdi[text()=\"OK\"]"}
COMMAND: POST /session/7b7deb7c8590fa6091596ec8cf2db6e4/elements - {"using":"xpath","value":"//bdi[text()=\"OK\"]"}
RESULT: {"using":"xpath","value":"//bdi[text()=\"OK\"]"}
COMMAND: POST /session/7b7deb7c8590fa6091596ec8cf2db6e4/elements - {"using":"xpath","value":"//bdi[text()=\"OK\"]"}
RESULT: {"using":"xpath","value":"//bdi[text()=\"OK\"]"}
COMMAND: POST /session/7b7deb7c8590fa6091596ec8cf2db6e4/elements - {"using":"xpath","value":"//bdi[text()=\"OK\"]"}
RESULT: {"using":"xpath","value":"//bdi[text()=\"OK\"]"}
COMMAND: POST /session/7b7deb7c8590fa6091596ec8cf2db6e4/elements - {"using":"xpath","value":"//bdi[text()=\"OK\"]"}
RESULT: {"using":"xpath","value":"//bdi[text()=\"OK\"]"}
COMMAND: POST /session/7b7deb7c8590fa6091596ec8cf2db6e4/elements - {"using":"xpath","value":"//bdi[text()=\"OK\"]"}
RESULT: {"using":"xpath","value":"//bdi[text()=\"OK\"]"}
COMMAND: POST /session/7b7deb7c8590fa6091596ec8cf2db6e4/elements - {"using":"xpath","value":"//bdi[text()=\"OK\"]"}
RESULT: {"using":"xpath","value":"//bdi[text()=\"OK\"]"}
COMMAND: POST /session/7b7deb7c8590fa6091596ec8cf2db6e4/elements - {"using":"xpath","value":"//bdi[text()=\"OK\"]"}
RESULT: {"using":"xpath","value":"//bdi[text()=\"OK\"]"}
COMMAND: POST /session/7b7deb7c8590fa6091596ec8cf2db6e4/elements - {"using":"xpath","value":"//bdi[text()=\"OK\"]"}
RESULT: {"using":"xpath","value":"//bdi[text()=\"OK\"]"}
COMMAND: POST /session/7b7deb7c8590fa6091596ec8cf2db6e4/elements - {"using":"xpath","value":"//bdi[text()=\"OK\"]"}
RESULT: {"using":"xpath","value":"//bdi[text()=\"OK\"]"}
COMMAND: POST /session/7b7deb7c8590fa6091596ec8cf2db6e4/elements - {"using":"xpath","value":"//bdi[text()=\"OK\"]"}
RESULT: {"using":"xpath","value":"//bdi[text()=\"OK\"]"}
COMMAND: POST /session/7b7deb7c8590fa6091596ec8cf2db6e4/elements - {"using":"xpath","value":"//bdi[text()=\"OK\"]"}
RESULT: {"using":"xpath","value":"//bdi[text()=\"OK\"]"}
COMMAND: POST /session/7b7deb7c8590fa6091596ec8cf2db6e4/elements - {"using":"xpath","value":"//bdi[text()=\"OK\"]"}
RESULT: {"using":"xpath","value":"//bdi[text()=\"OK\"]"}
COMMAND: POST /session/7b7deb7c8590fa6091596ec8cf2db6e4/elements - {"using":"xpath","value":"//bdi[text()=\"OK\"]"}
RESULT: {"using":"xpath","value":"//bdi[text()=\"OK\"]"}
COMMAND: POST /session/7b7deb7c8590fa6091596ec8cf2db6e4/elements - {"using":"xpath","value":"//bdi[text()=\"OK\"]"}
RESULT: {"using":"xpath","value":"//bdi[text()=\"OK\"]"}
COMMAND: POST /session/7b7deb7c8590fa6091596ec8cf2db6e4/elements - {"using":"xpath","value":"//bdi[text()=\"OK\"]"}
RESULT: {"using":"xpath","value":"//bdi[text()=\"OK\"]"}
COMMAND: POST /session/7b7deb7c8590fa6091596ec8cf2db6e4/elements - {"using":"xpath","value":"//bdi[text()=\"OK\"]"}
RESULT: {"using":"xpath","value":"//bdi[text()=\"OK\"]"}
COMMAND: POST /session/7b7deb7c8590fa6091596ec8cf2db6e4/elements - {"using":"xpath","value":"//bdi[text()=\"OK\"]"}
RESULT: {"using":"xpath","value":"//bdi[text()=\"OK\"]"}
COMMAND: POST /session/7b7deb7c8590fa6091596ec8cf2db6e4/elements - {"using":"xpath","value":"//bdi[text()=\"OK\"]"}
RESULT: {"using":"xpath","value":"//bdi[text()=\"OK\"]"}
COMMAND: POST /session/7b7deb7c8590fa6091596ec8cf2db6e4/elements - {"using":"xpath","value":"//bdi[text()=\"OK\"]"}
RESULT: {"using":"xpath","value":"//bdi[text()=\"OK\"]"}
COMMAND: POST /session/7b7deb7c8590fa6091596ec8cf2db6e4/elements - {"using":"xpath","value":"//bdi[text()=\"OK\"]"}
RESULT: {"using":"xpath","value":"//bdi[text()=\"OK\"]"}
COMMAND: POST /session/7b7deb7c8590fa6091596ec8cf2db6e4/elements - {"using":"xpath","value":"//bdi[text()=\"OK\"]"}
RESULT: {"using":"xpath","value":"//bdi[text()=\"OK\"]"}
COMMAND: POST /session/7b7deb7c8590fa6091596ec8cf2db6e4/elements - {"using":"xpath","value":"//bdi[text()=\"OK\"]"}
RESULT: {"using":"xpath","value":"//bdi[text()=\"OK\"]"}
COMMAND: POST /session/7b7deb7c8590fa6091596ec8cf2db6e4/elements - {"using":"xpath","value":"//bdi[text()=\"OK\"]"}
RESULT: {"using":"xpath","value":"//bdi[text()=\"OK\"]"}
COMMAND: POST /session/7b7deb7c8590fa6091596ec8cf2db6e4/elements - {"using":"xpath","value":"//bdi[text()=\"OK\"]"}
RESULT: {"using":"xpath","value":"//bdi[text()=\"OK\"]"}
COMMAND: POST /session/7b7deb7c8590fa6091596ec8cf2db6e4/elements - {"using":"xpath","value":"//bdi[text()=\"OK\"]"}
RESULT: {"using":"xpath","value":"//bdi[text()=\"OK\"]"}
COMMAND: POST /session/7b7deb7c8590fa6091596ec8cf2db6e4/elements - {"using":"xpath","value":"//bdi[text()=\"OK\"]"}
RESULT: {"using":"xpath","value":"//bdi[text()=\"OK\"]"}
COMMAND: POST /session/7b7deb7c8590fa6091596ec8cf2db6e4/elements - {"using":"xpath","value":"//bdi[text()=\"OK\"]"}
RESULT: {"using":"xpath","value":"//bdi[text()=\"OK\"]"}
COMMAND: POST /session/7b7deb7c8590fa6091596ec8cf2db6e4/elements - {"using":"xpath","value":"//bdi[text()=\"OK\"]"}
RESULT: {"using":"xpath","value":"//bdi[text()=\"OK\"]"}
COMMAND: POST /session/7b7deb7c8590fa6091596ec8cf2db6e4/execute/async - {"script":"<script> [1562 bytes]","args":[{"selector":{"id":"application-manageresources-display-component---newResourceUnit--TYPE-arrow"},"wdio_ui5_key":"applicationmanageresources-display-component---newResourceUnit--TYPE-arrow"}]}
RESULT: {"script":"<script> [1562 bytes]","args":[{"selector":{"id":"application-manageresources-display-component---newResourceUnit--TYPE-arrow"},"wdio_ui5_key":"applicationmanageresources-display-component---newResourceUnit--TYPE-arrow"}]}
RESULT: undefined
COMMAND: POST /session/7b7deb7c8590fa6091596ec8cf2db6e4/element - {"using":"xpath","value":"//*[@id=\"application-manageresources-display-component---newResourceUnit--TYPE-arrow\"]"}
RESULT: {"using":"xpath","value":"//*[@id=\"application-manageresources-display-component---newResourceUnit--TYPE-arrow\"]"}
COMMAND: POST /session/7b7deb7c8590fa6091596ec8cf2db6e4/element/f.00692CF0BC94F1C607A97A5075ACE774.d.E36887CF2BF586C689255961CA30F2D5.e.6108/click - {}
RESULT: {}
COMMAND: POST /session/7b7deb7c8590fa6091596ec8cf2db6e4/execute/async - {"script":"<script> [1562 bytes]","args":[{"selector":{"controlType":"sap.m.StandardListItem","viewName":"reusables.view.manageresources.NewResourceUnit","viewId":"application-manageresources-display-component---newResourceUnit","properties":{"title":"Material"},"searchOpenDialogs":true,"interaction":{"idSuffix":"titleText"}},"wdio_ui5_key":"reusablesview.manageresources.NewResourceUnitsap.m.StandardListItem{\"title\":\"Material\"}"}]}
COMMAND: GET /session/7b7deb7c8590fa6091596ec8cf2db6e4/screenshot - {}
RESULT: {"script":"<script> [1562 bytes]","args":[{"selector":{"controlType":"sap.m.StandardListItem","viewName":"reusables.view.manageresources.NewResourceUnit","viewId":"application-manageresources-display-component---newResourceUnit","properties":{"title":"Material"},"searchOpenDialogs":true,"interaction":{"idSuffix":"titleText"}},"wdio_ui5_key":"reusablesview.manageresources.NewResourceUnitsap.m.StandardListItem{\"title\":\"Material\"}"}]}
RESULT: undefined
COMMAND: POST /session/7b7deb7c8590fa6091596ec8cf2db6e4/element - {"using":"xpath","value":"//*[@id=\"__item141\"]"}
RESULT: {}
RESULT: {"using":"xpath","value":"//*[@id=\"__item141\"]"}
COMMAND: POST /session/7b7deb7c8590fa6091596ec8cf2db6e4/element/f.00692CF0BC94F1C607A97A5075ACE774.d.E36887CF2BF586C689255961CA30F2D5.e.6111/click - {}
RESULT: {}
COMMAND: POST /session/7b7deb7c8590fa6091596ec8cf2db6e4/execute/async - {"script":"<script> [1562 bytes]","args":[{"selector":{"id":"application-manageresources-display-component---newResourceUnit--SHORT_TEXT","interaction":{"idSuffix":"inner"}},"wdio_ui5_key":"applicationmanageresources-display-component---newResourceUnit--SHORT_TEXT"}]}
COMMAND: GET /session/7b7deb7c8590fa6091596ec8cf2db6e4/screenshot - {}
RESULT: {"script":"<script> [1562 bytes]","args":[{"selector":{"id":"application-manageresources-display-component---newResourceUnit--SHORT_TEXT","interaction":{"idSuffix":"inner"}},"wdio_ui5_key":"applicationmanageresources-display-component---newResourceUnit--SHORT_TEXT"}]}
RESULT: undefined
COMMAND: POST /session/7b7deb7c8590fa6091596ec8cf2db6e4/execute/async - {"script":"<script> [776 bytes]","args":[{"enterText":"WebdriverRU R2Cp3s8","selector":{"id":"application-manageresources-display-component---newResourceUnit--SHORT_TEXT","interaction":{"idSuffix":"inner"}},"clearTextFirst":true,"interactionType":"ENTER_TEXT"}]}
RESULT: {}
RESULT: {"script":"<script> [776 bytes]","args":[{"enterText":"WebdriverRU R2Cp3s8","selector":{"id":"application-manageresources-display-component---newResourceUnit--SHORT_TEXT","interaction":{"idSuffix":"inner"}},"clearTextFirst":true,"interactionType":"ENTER_TEXT"}]}
COMMAND: POST /session/7b7deb7c8590fa6091596ec8cf2db6e4/execute/async - {"script":"<script> [1562 bytes]","args":[{"selector":{"id":"application-manageresources-display-component---newResourceUnit--BASE_UNIT_OF_MEASURE-arrow"},"wdio_ui5_key":"applicationmanageresources-display-component---newResourceUnit--BASE_UNIT_OF_MEASURE-arrow"}]}
RESULT: {"script":"<script> [1562 bytes]","args":[{"selector":{"id":"application-manageresources-display-component---newResourceUnit--BASE_UNIT_OF_MEASURE-arrow"},"wdio_ui5_key":"applicationmanageresources-display-component---newResourceUnit--BASE_UNIT_OF_MEASURE-arrow"}]}
RESULT: undefined
COMMAND: POST /session/7b7deb7c8590fa6091596ec8cf2db6e4/element - {"using":"xpath","value":"//*[@id=\"application-manageresources-display-component---newResourceUnit--BASE_UNIT_OF_MEASURE-arrow\"]"}
RESULT: {"using":"xpath","value":"//*[@id=\"application-manageresources-display-component---newResourceUnit--BASE_UNIT_OF_MEASURE-arrow\"]"}
COMMAND: POST /session/7b7deb7c8590fa6091596ec8cf2db6e4/element/f.00692CF0BC94F1C607A97A5075ACE774.d.E36887CF2BF586C689255961CA30F2D5.e.6167/click - {}
RESULT: {}
COMMAND: POST /session/7b7deb7c8590fa6091596ec8cf2db6e4/execute/async - {"script":"<script> [1562 bytes]","args":[{"selector":{"controlType":"sap.m.StandardListItem","viewName":"reusables.view.manageresources.NewResourceUnit","viewId":"application-manageresources-display-component---newResourceUnit","properties":{"title":"Piece"},"searchOpenDialogs":true,"interaction":{"idSuffix":"titleText"}},"wdio_ui5_key":"reusablesview.manageresources.NewResourceUnitsap.m.StandardListItem{\"title\":\"Piece\"}"}]}
COMMAND: GET /session/7b7deb7c8590fa6091596ec8cf2db6e4/screenshot - {}
RESULT: {}
RESULT: {"script":"<script> [1562 bytes]","args":[{"selector":{"controlType":"sap.m.StandardListItem","viewName":"reusables.view.manageresources.NewResourceUnit","viewId":"application-manageresources-display-component---newResourceUnit","properties":{"title":"Piece"},"searchOpenDialogs":true,"interaction":{"idSuffix":"titleText"}},"wdio_ui5_key":"reusablesview.manageresources.NewResourceUnitsap.m.StandardListItem{\"title\":\"Piece\"}"}]}
RESULT: undefined
COMMAND: POST /session/7b7deb7c8590fa6091596ec8cf2db6e4/element - {"using":"xpath","value":"//*[@id=\"__item183\"]"}
RESULT: {"using":"xpath","value":"//*[@id=\"__item183\"]"}
COMMAND: POST /session/7b7deb7c8590fa6091596ec8cf2db6e4/element/f.00692CF0BC94F1C607A97A5075ACE774.d.E36887CF2BF586C689255961CA30F2D5.e.6169/click - {}
RESULT: {}
COMMAND: POST /session/7b7deb7c8590fa6091596ec8cf2db6e4/execute/async - {"script":"<script> [1562 bytes]","args":[{"selector":{"id":"application-manageresources-display-component---newResourceUnit--WEIGHT_UNIT-arrow"},"wdio_ui5_key":"applicationmanageresources-display-component---newResourceUnit--WEIGHT_UNIT-arrow"}]}
COMMAND: GET /session/7b7deb7c8590fa6091596ec8cf2db6e4/screenshot - {}
RESULT: {"script":"<script> [1562 bytes]","args":[{"selector":{"id":"application-manageresources-display-component---newResourceUnit--WEIGHT_UNIT-arrow"},"wdio_ui5_key":"applicationmanageresources-display-component---newResourceUnit--WEIGHT_UNIT-arrow"}]}
RESULT: undefined
COMMAND: POST /session/7b7deb7c8590fa6091596ec8cf2db6e4/element - {"using":"xpath","value":"//*[@id=\"application-manageresources-display-component---newResourceUnit--WEIGHT_UNIT-arrow\"]"}
RESULT: {}
RESULT: {"using":"xpath","value":"//*[@id=\"application-manageresources-display-component---newResourceUnit--WEIGHT_UNIT-arrow\"]"}
COMMAND: POST /session/7b7deb7c8590fa6091596ec8cf2db6e4/element/f.00692CF0BC94F1C607A97A5075ACE774.d.E36887CF2BF586C689255961CA30F2D5.e.6170/click - {}
RESULT: {}
COMMAND: POST /session/7b7deb7c8590fa6091596ec8cf2db6e4/execute/async - {"script":"<script> [1562 bytes]","args":[{"selector":{"controlType":"sap.m.StandardListItem","viewName":"reusables.view.manageresources.NewResourceUnit","viewId":"application-manageresources-display-component---newResourceUnit","properties":{"title":"Gram"},"searchOpenDialogs":true,"interaction":{"idSuffix":"content"}},"wdio_ui5_key":"reusablesview.manageresources.NewResourceUnitsap.m.StandardListItem{\"title\":\"Gram\"}"}]}
COMMAND: GET /session/7b7deb7c8590fa6091596ec8cf2db6e4/screenshot - {}
RESULT: {"script":"<script> [1562 bytes]","args":[{"selector":{"controlType":"sap.m.StandardListItem","viewName":"reusables.view.manageresources.NewResourceUnit","viewId":"application-manageresources-display-component---newResourceUnit","properties":{"title":"Gram"},"searchOpenDialogs":true,"interaction":{"idSuffix":"content"}},"wdio_ui5_key":"reusablesview.manageresources.NewResourceUnitsap.m.StandardListItem{\"title\":\"Gram\"}"}]}
RESULT: undefined
COMMAND: POST /session/7b7deb7c8590fa6091596ec8cf2db6e4/element - {"using":"xpath","value":"//*[@id=\"__item248\"]"}
RESULT: {}
RESULT: {"using":"xpath","value":"//*[@id=\"__item248\"]"}
COMMAND: POST /session/7b7deb7c8590fa6091596ec8cf2db6e4/element/f.00692CF0BC94F1C607A97A5075ACE774.d.E36887CF2BF586C689255961CA30F2D5.e.6172/click - {}
RESULT: {}
COMMAND: GET /session/7b7deb7c8590fa6091596ec8cf2db6e4/screenshot - {}
RESULT: {}
COMMAND: POST /session/7b7deb7c8590fa6091596ec8cf2db6e4/execute/async - {"script":"<script> [1562 bytes]","args":[{"selector":{"id":"application-manageresources-display-component---newResourceUnit--newRRUPage-OPHeaderContent-collapseBtn-img"},"wdio_ui5_key":"applicationmanageresources-display-component---newResourceUnit--newRRUPage-OPHeaderContent-collapseBtn-img"}]}
RESULT: {"script":"<script> [1562 bytes]","args":[{"selector":{"id":"application-manageresources-display-component---newResourceUnit--newRRUPage-OPHeaderContent-collapseBtn-img"},"wdio_ui5_key":"applicationmanageresources-display-component---newResourceUnit--newRRUPage-OPHeaderContent-collapseBtn-img"}]}
RESULT: undefined
COMMAND: POST /session/7b7deb7c8590fa6091596ec8cf2db6e4/element - {"using":"xpath","value":"//*[@id=\"application-manageresources-display-component---newResourceUnit--newRRUPage-OPHeaderContent-collapseBtn-img\"]"}
RESULT: {"using":"xpath","value":"//*[@id=\"application-manageresources-display-component---newResourceUnit--newRRUPage-OPHeaderContent-collapseBtn-img\"]"}
COMMAND: POST /session/7b7deb7c8590fa6091596ec8cf2db6e4/element/f.00692CF0BC94F1C607A97A5075ACE774.d.E36887CF2BF586C689255961CA30F2D5.e.6119/click - {}
RESULT: {}
COMMAND: GET /session/7b7deb7c8590fa6091596ec8cf2db6e4/screenshot - {}
RESULT: {}
COMMAND: POST /session/7b7deb7c8590fa6091596ec8cf2db6e4/element - {"using":"xpath","value":"(//span[contains(@id ,\"application-manageresources-display-component---newResourceUnit--DIMENSION_UNIT-arrow\")])[1]"}
RESULT: {"using":"xpath","value":"(//span[contains(@id ,\"application-manageresources-display-component---newResourceUnit--DIMENSION_UNIT-arrow\")])[1]"}
COMMAND: POST /session/7b7deb7c8590fa6091596ec8cf2db6e4/element/f.00692CF0BC94F1C607A97A5075ACE774.d.E36887CF2BF586C689255961CA30F2D5.e.6176/click - {}
RESULT: {}
COMMAND: GET /session/7b7deb7c8590fa6091596ec8cf2db6e4/screenshot - {}
RESULT: {}
COMMAND: POST /session/7b7deb7c8590fa6091596ec8cf2db6e4/execute/async - {"script":"<script> [1562 bytes]","args":[{"selector":{"controlType":"sap.m.StandardListItem","viewName":"reusables.view.manageresources.NewResourceUnit","viewId":"application-manageresources-display-component---newResourceUnit","properties":{"title":"Centimeter"},"searchOpenDialogs":true,"interaction":{"idSuffix":"titleText"}},"wdio_ui5_key":"reusablesview.manageresources.NewResourceUnitsap.m.StandardListItem{\"title\":\"Centimeter\"}"}]}
RESULT: {"script":"<script> [1562 bytes]","args":[{"selector":{"controlType":"sap.m.StandardListItem","viewName":"reusables.view.manageresources.NewResourceUnit","viewId":"application-manageresources-display-component---newResourceUnit","properties":{"title":"Centimeter"},"searchOpenDialogs":true,"interaction":{"idSuffix":"titleText"}},"wdio_ui5_key":"reusablesview.manageresources.NewResourceUnitsap.m.StandardListItem{\"title\":\"Centimeter\"}"}]}
RESULT: undefined
COMMAND: POST /session/7b7deb7c8590fa6091596ec8cf2db6e4/element - {"using":"xpath","value":"//*[@id=\"__item251\"]"}
RESULT: {"using":"xpath","value":"//*[@id=\"__item251\"]"}
COMMAND: POST /session/7b7deb7c8590fa6091596ec8cf2db6e4/element/f.00692CF0BC94F1C607A97A5075ACE774.d.E36887CF2BF586C689255961CA30F2D5.e.6180/click - {}
RESULT: {}
COMMAND: GET /session/7b7deb7c8590fa6091596ec8cf2db6e4/screenshot - {}
RESULT: {}
COMMAND: POST /session/7b7deb7c8590fa6091596ec8cf2db6e4/execute/async - {"script":"<script> [1562 bytes]","args":[{"selector":{"id":"application-manageresources-display-component---newResourceUnit--newRRUPage-anchBar-application-manageresources-display-component---newResourceUnit--reference-anchor","interaction":{"idSuffix":"BDI-content"}},"wdio_ui5_key":"applicationmanageresources-display-component---newResourceUnit--newRRUPage-anchBar-application-manageresources-display-component---newResourceUnit--reference-anchor"}]}
RESULT: {"script":"<script> [1562 bytes]","args":[{"selector":{"id":"application-manageresources-display-component---newResourceUnit--newRRUPage-anchBar-application-manageresources-display-component---newResourceUnit--reference-anchor","interaction":{"idSuffix":"BDI-content"}},"wdio_ui5_key":"applicationmanageresources-display-component---newResourceUnit--newRRUPage-anchBar-application-manageresources-display-component---newResourceUnit--reference-anchor"}]}
RESULT: undefined
COMMAND: POST /session/7b7deb7c8590fa6091596ec8cf2db6e4/element - {"using":"xpath","value":"//*[@id=\"application-manageresources-display-component---newResourceUnit--newRRUPage-anchBar-application-manageresources-display-component---newResourceUnit--reference-anchor\"]"}
RESULT: {"using":"xpath","value":"//*[@id=\"application-manageresources-display-component---newResourceUnit--newRRUPage-anchBar-application-manageresources-display-component---newResourceUnit--reference-anchor\"]"}
COMMAND: POST /session/7b7deb7c8590fa6091596ec8cf2db6e4/element/f.00692CF0BC94F1C607A97A5075ACE774.d.E36887CF2BF586C689255961CA30F2D5.e.6182/click - {}
RESULT: {}
COMMAND: POST /session/7b7deb7c8590fa6091596ec8cf2db6e4/execute/async - {"script":"<script> [1562 bytes]","args":[{"selector":{"id":"application-manageresources-display-component---newResourceUnit--PLANNING_GROUP-arrow"},"wdio_ui5_key":"applicationmanageresources-display-component---newResourceUnit--PLANNING_GROUP-arrow"}]}
COMMAND: GET /session/7b7deb7c8590fa6091596ec8cf2db6e4/screenshot - {}
RESULT: {"script":"<script> [1562 bytes]","args":[{"selector":{"id":"application-manageresources-display-component---newResourceUnit--PLANNING_GROUP-arrow"},"wdio_ui5_key":"applicationmanageresources-display-component---newResourceUnit--PLANNING_GROUP-arrow"}]}
RESULT: undefined
COMMAND: POST /session/7b7deb7c8590fa6091596ec8cf2db6e4/element - {"using":"xpath","value":"//*[@id=\"application-manageresources-display-component---newResourceUnit--PLANNING_GROUP-arrow\"]"}
RESULT: {}
RESULT: {"using":"xpath","value":"//*[@id=\"application-manageresources-display-component---newResourceUnit--PLANNING_GROUP-arrow\"]"}
COMMAND: POST /session/7b7deb7c8590fa6091596ec8cf2db6e4/element/f.00692CF0BC94F1C607A97A5075ACE774.d.E36887CF2BF586C689255961CA30F2D5.e.6186/click - {}
RESULT: {}
COMMAND: POST /session/7b7deb7c8590fa6091596ec8cf2db6e4/execute/async - {"script":"<script> [1562 bytes]","args":[{"selector":{"controlType":"sap.m.StandardListItem","viewName":"reusables.view.manageresources.NewResourceUnit","viewId":"application-manageresources-display-component---newResourceUnit","properties":{"title":"Heavy Equi"},"searchOpenDialogs":true,"interaction":{"idSuffix":"content"}},"wdio_ui5_key":"reusablesview.manageresources.NewResourceUnitsap.m.StandardListItem{\"title\":\"Heavy Equi\"}"}]}
COMMAND: GET /session/7b7deb7c8590fa6091596ec8cf2db6e4/screenshot - {}
RESULT: {"script":"<script> [1562 bytes]","args":[{"selector":{"controlType":"sap.m.StandardListItem","viewName":"reusables.view.manageresources.NewResourceUnit","viewId":"application-manageresources-display-component---newResourceUnit","properties":{"title":"Heavy Equi"},"searchOpenDialogs":true,"interaction":{"idSuffix":"content"}},"wdio_ui5_key":"reusablesview.manageresources.NewResourceUnitsap.m.StandardListItem{\"title\":\"Heavy Equi\"}"}]}
RESULT: undefined
COMMAND: POST /session/7b7deb7c8590fa6091596ec8cf2db6e4/element - {"using":"xpath","value":"//*[@id=\"__item259\"]"}
RESULT: {}
RESULT: {"using":"xpath","value":"//*[@id=\"__item259\"]"}
COMMAND: POST /session/7b7deb7c8590fa6091596ec8cf2db6e4/element/f.00692CF0BC94F1C607A97A5075ACE774.d.E36887CF2BF586C689255961CA30F2D5.e.6189/click - {}
RESULT: {}
COMMAND: GET /session/7b7deb7c8590fa6091596ec8cf2db6e4/screenshot - {}
RESULT: {}
COMMAND: POST /session/7b7deb7c8590fa6091596ec8cf2db6e4/execute/async - {"script":"<script> [1562 bytes]","args":[{"selector":{"id":"application-manageresources-display-component---newResourceUnit--PLANNING_INDICATOR-arrow"},"wdio_ui5_key":"applicationmanageresources-display-component---newResourceUnit--PLANNING_INDICATOR-arrow"}]}
RESULT: {"script":"<script> [1562 bytes]","args":[{"selector":{"id":"application-manageresources-display-component---newResourceUnit--PLANNING_INDICATOR-arrow"},"wdio_ui5_key":"applicationmanageresources-display-component---newResourceUnit--PLANNING_INDICATOR-arrow"}]}
RESULT: undefined
COMMAND: POST /session/7b7deb7c8590fa6091596ec8cf2db6e4/element - {"using":"xpath","value":"//*[@id=\"application-manageresources-display-component---newResourceUnit--PLANNING_INDICATOR-arrow\"]"}
RESULT: {"using":"xpath","value":"//*[@id=\"application-manageresources-display-component---newResourceUnit--PLANNING_INDICATOR-arrow\"]"}
COMMAND: POST /session/7b7deb7c8590fa6091596ec8cf2db6e4/element/f.00692CF0BC94F1C607A97A5075ACE774.d.E36887CF2BF586C689255961CA30F2D5.e.6190/click - {}
RESULT: {}
COMMAND: POST /session/7b7deb7c8590fa6091596ec8cf2db6e4/execute/async - {"script":"<script> [1562 bytes]","args":[{"selector":{"controlType":"sap.m.StandardListItem","viewName":"reusables.view.manageresources.NewResourceUnit","viewId":"application-manageresources-display-component---newResourceUnit","properties":{"title":"10 - infinite"},"searchOpenDialogs":true,"interaction":{"idSuffix":"content"}},"wdio_ui5_key":"reusablesview.manageresources.NewResourceUnitsap.m.StandardListItem{\"title\":\"10 - infinite\"}"}]}
COMMAND: GET /session/7b7deb7c8590fa6091596ec8cf2db6e4/screenshot - {}
RESULT: {"script":"<script> [1562 bytes]","args":[{"selector":{"controlType":"sap.m.StandardListItem","viewName":"reusables.view.manageresources.NewResourceUnit","viewId":"application-manageresources-display-component---newResourceUnit","properties":{"title":"10 - infinite"},"searchOpenDialogs":true,"interaction":{"idSuffix":"content"}},"wdio_ui5_key":"reusablesview.manageresources.NewResourceUnitsap.m.StandardListItem{\"title\":\"10 - infinite\"}"}]}
RESULT: undefined
COMMAND: POST /session/7b7deb7c8590fa6091596ec8cf2db6e4/element - {"using":"xpath","value":"//*[@id=\"__item269\"]"}
RESULT: {}
RESULT: {"using":"xpath","value":"//*[@id=\"__item269\"]"}
COMMAND: POST /session/7b7deb7c8590fa6091596ec8cf2db6e4/element/f.00692CF0BC94F1C607A97A5075ACE774.d.E36887CF2BF586C689255961CA30F2D5.e.6192/click - {}
RESULT: {}
COMMAND: GET /session/7b7deb7c8590fa6091596ec8cf2db6e4/screenshot - {}
RESULT: {}
COMMAND: POST /session/7b7deb7c8590fa6091596ec8cf2db6e4/element - {"using":"xpath","value":"//bdi[contains(text(), \"Time Segment\")]"}
RESULT: {"using":"xpath","value":"//bdi[contains(text(), \"Time Segment\")]"}
COMMAND: GET /session/7b7deb7c8590fa6091596ec8cf2db6e4/element/f.00692CF0BC94F1C607A97A5075ACE774.d.E36887CF2BF586C689255961CA30F2D5.e.6193/rect - {}
RESULT: {}
COMMAND: GET /session/7b7deb7c8590fa6091596ec8cf2db6e4/window/rect - {}
RESULT: {}
COMMAND: POST /session/7b7deb7c8590fa6091596ec8cf2db6e4/execute/sync - {"script":"<script> [92 bytes]","args":[]}
RESULT: {"script":"<script> [92 bytes]","args":[]}
COMMAND: POST /session/7b7deb7c8590fa6091596ec8cf2db6e4/actions - {"actions":[{"id":"action17","type":"wheel","parameters":{},"actions":[{"type":"scroll","x":-1820,"y":-21,"deltaX":0,"deltaY":0,"duration":0,"origin":{"element-6066-11e4-a52e-4f735466cecf":"f.00692CF0BC94F1C607A97A5075ACE774.d.E36887CF2BF586C689255961CA30F2D5.e.6193"}}]}]}
COMMAND: GET /session/7b7deb7c8590fa6091596ec8cf2db6e4/screenshot - {}
RESULT: {}
COMMAND: POST /session/7b7deb7c8590fa6091596ec8cf2db6e4/execute/sync - {"script":"<script> [79 bytes]","args":[{"element-6066-11e4-a52e-4f735466cecf":"f.00692CF0BC94F1C607A97A5075ACE774.d.E36887CF2BF586C689255961CA30F2D5.e.6193","ELEMENT":"f.00692CF0BC94F1C607A97A5075ACE774.d.E36887CF2BF586C689255961CA30F2D5.e.6193"},{"block":"start","inline":"nearest"}]}
RESULT: {"script":"<script> [79 bytes]","args":[{"element-6066-11e4-a52e-4f735466cecf":"f.00692CF0BC94F1C607A97A5075ACE774.d.E36887CF2BF586C689255961CA30F2D5.e.6193","ELEMENT":"f.00692CF0BC94F1C607A97A5075ACE774.d.E36887CF2BF586C689255961CA30F2D5.e.6193"},{"block":"start","inline":"nearest"}]}
COMMAND: GET /session/7b7deb7c8590fa6091596ec8cf2db6e4/screenshot - {}
RESULT: {}
COMMAND: POST /session/7b7deb7c8590fa6091596ec8cf2db6e4/element - {"using":"xpath","value":"//span[@id=\"application-manageresources-display-component---newResourceUnit--btnAddTimeSegment-img\"]"}
RESULT: {"using":"xpath","value":"//span[@id=\"application-manageresources-display-component---newResourceUnit--btnAddTimeSegment-img\"]"}
COMMAND: POST /session/7b7deb7c8590fa6091596ec8cf2db6e4/execute/sync - {"script":"<script> [8489 bytes]","args":[{"element-6066-11e4-a52e-4f735466cecf":"f.00692CF0BC94F1C607A97A5075ACE774.d.E36887CF2BF586C689255961CA30F2D5.e.6196","ELEMENT":"f.00692CF0BC94F1C607A97A5075ACE774.d.E36887CF2BF586C689255961CA30F2D5.e.6196"}]}
RESULT: {"script":"<script> [8489 bytes]","args":[{"element-6066-11e4-a52e-4f735466cecf":"f.00692CF0BC94F1C607A97A5075ACE774.d.E36887CF2BF586C689255961CA30F2D5.e.6196","ELEMENT":"f.00692CF0BC94F1C607A97A5075ACE774.d.E36887CF2BF586C689255961CA30F2D5.e.6196"}]}
COMMAND: POST /session/7b7deb7c8590fa6091596ec8cf2db6e4/element/f.00692CF0BC94F1C607A97A5075ACE774.d.E36887CF2BF586C689255961CA30F2D5.e.6196/click - {}
COMMAND: GET /session/7b7deb7c8590fa6091596ec8cf2db6e4/screenshot - {}
RESULT: {}
COMMAND: GET /session/7b7deb7c8590fa6091596ec8cf2db6e4/screenshot - {}
COMMAND: POST /session/7b7deb7c8590fa6091596ec8cf2db6e4/element - {"using":"xpath","value":"//input[@id=\"application-manageresources-display-component---newResourceUnit--idRuTSAdmin-application-manageresources-display-component---newResourceUnit--RUTimeSegment-0-inner\"]"}
RESULT: {}
RESULT: {}
RESULT: {"using":"xpath","value":"//input[@id=\"application-manageresources-display-component---newResourceUnit--idRuTSAdmin-application-manageresources-display-component---newResourceUnit--RUTimeSegment-0-inner\"]"}
COMMAND: POST /session/7b7deb7c8590fa6091596ec8cf2db6e4/element/f.00692CF0BC94F1C607A97A5075ACE774.d.E36887CF2BF586C689255961CA30F2D5.e.6199/clear - {}
RESULT: {}
COMMAND: POST /session/7b7deb7c8590fa6091596ec8cf2db6e4/element/f.00692CF0BC94F1C607A97A5075ACE774.d.E36887CF2BF586C689255961CA30F2D5.e.6199/value - {"text":"550"}
COMMAND: GET /session/7b7deb7c8590fa6091596ec8cf2db6e4/screenshot - {}
RESULT: {"text":"550"}
COMMAND: GET /session/7b7deb7c8590fa6091596ec8cf2db6e4/screenshot - {}
RESULT: {}
RESULT: {}
COMMAND: POST /session/7b7deb7c8590fa6091596ec8cf2db6e4/actions - {"actions":[{"id":"action18","type":"key","parameters":{},"actions":[{"type":"keyDown","value":"î€‡"},{"type":"pause","duration":10},{"type":"keyUp","value":"î€‡"}]}]}
RESULT: {"actions":[{"id":"action18","type":"key","parameters":{},"actions":[{"type":"keyDown","value":"î€‡"},{"type":"pause","duration":10},{"type":"keyUp","value":"î€‡"}]}]}
COMMAND: GET /session/7b7deb7c8590fa6091596ec8cf2db6e4/screenshot - {}
RESULT: {}
COMMAND: POST /session/7b7deb7c8590fa6091596ec8cf2db6e4/execute/async - {"script":"<script> [1562 bytes]","args":[{"selector":{"controlType":"sap.m.Button","viewName":"reusables.view.manageresources.NewResourceUnit","viewId":"application-manageresources-display-component---newResourceUnit","i18NText":{"propertyName":"tooltip","key":"save"},"interaction":{"idSuffix":"BDI-content"}},"wdio_ui5_key":"reusablesview.manageresources.NewResourceUnitsap.m.Button{\"propertyName\":\"tooltip\",\"key\":\"save\"}"}]}
RESULT: {"script":"<script> [1562 bytes]","args":[{"selector":{"controlType":"sap.m.Button","viewName":"reusables.view.manageresources.NewResourceUnit","viewId":"application-manageresources-display-component---newResourceUnit","i18NText":{"propertyName":"tooltip","key":"save"},"interaction":{"idSuffix":"BDI-content"}},"wdio_ui5_key":"reusablesview.manageresources.NewResourceUnitsap.m.Button{\"propertyName\":\"tooltip\",\"key\":\"save\"}"}]}
RESULT: undefined
COMMAND: POST /session/7b7deb7c8590fa6091596ec8cf2db6e4/element - {"using":"xpath","value":"//*[@id=\"application-manageresources-display-component---newResourceUnit--createRuButton\"]"}
RESULT: {"using":"xpath","value":"//*[@id=\"application-manageresources-display-component---newResourceUnit--createRuButton\"]"}
COMMAND: POST /session/7b7deb7c8590fa6091596ec8cf2db6e4/element/f.00692CF0BC94F1C607A97A5075ACE774.d.E36887CF2BF586C689255961CA30F2D5.e.6125/click - {}
RESULT: {}
COMMAND: GET /session/7b7deb7c8590fa6091596ec8cf2db6e4/screenshot - {}
RESULT: {}
COMMAND: POST /session/7b7deb7c8590fa6091596ec8cf2db6e4/execute/async - {"script":"<script> [1562 bytes]","args":[{"selector":{"controlType":"sap.m.Title","properties":{"text":"Success"},"searchOpenDialogs":true},"wdio_ui5_key":"sapm.Title{\"text\":\"Success\"}"}]}
RESULT: {"script":"<script> [1562 bytes]","args":[{"selector":{"controlType":"sap.m.Title","properties":{"text":"Success"},"searchOpenDialogs":true},"wdio_ui5_key":"sapm.Title{\"text\":\"Success\"}"}]}
RESULT: undefined
COMMAND: POST /session/7b7deb7c8590fa6091596ec8cf2db6e4/execute/async - {"script":"<script> [6424 bytes]","args":[{"element-6066-11e4-a52e-4f735466cecf":"f.00692CF0BC94F1C607A97A5075ACE774.d.E36887CF2BF586C689255961CA30F2D5.e.6215"},"getText",[]]}
RESULT: {"script":"<script> [6424 bytes]","args":[{"element-6066-11e4-a52e-4f735466cecf":"f.00692CF0BC94F1C607A97A5075ACE774.d.E36887CF2BF586C689255961CA30F2D5.e.6215"},"getText",[]]}
COMMAND: POST /session/7b7deb7c8590fa6091596ec8cf2db6e4/element - {"using":"xpath","value":"//*[contains(@id, '__text') and (contains(text(), 'successfully created') or contains(., 'successfully created'))]"}
RESULT: {"using":"xpath","value":"//*[contains(@id, '__text') and (contains(text(), 'successfully created') or contains(., 'successfully created'))]"}
COMMAND: GET /session/7b7deb7c8590fa6091596ec8cf2db6e4/element/f.00692CF0BC94F1C607A97A5075ACE774.d.E36887CF2BF586C689255961CA30F2D5.e.6213/text - {}
RESULT: {}
COMMAND: POST /session/7b7deb7c8590fa6091596ec8cf2db6e4/execute/async - {"script":"<script> [1562 bytes]","args":[{"selector":{"controlType":"sap.m.Button","properties":{"text":"Close"},"searchOpenDialogs":true,"interaction":{"idSuffix":"BDI-content"}},"wdio_ui5_key":"sapm.Button{\"text\":\"Close\"}"}]}
RESULT: {"script":"<script> [1562 bytes]","args":[{"selector":{"controlType":"sap.m.Button","properties":{"text":"Close"},"searchOpenDialogs":true,"interaction":{"idSuffix":"BDI-content"}},"wdio_ui5_key":"sapm.Button{\"text\":\"Close\"}"}]}
RESULT: undefined
COMMAND: POST /session/7b7deb7c8590fa6091596ec8cf2db6e4/element - {"using":"xpath","value":"//*[@id=\"__mbox-btn-0\"]"}
RESULT: {"using":"xpath","value":"//*[@id=\"__mbox-btn-0\"]"}
COMMAND: POST /session/7b7deb7c8590fa6091596ec8cf2db6e4/element/f.00692CF0BC94F1C607A97A5075ACE774.d.E36887CF2BF586C689255961CA30F2D5.e.6211/click - {}
RESULT: {}
COMMAND: GET /session/7b7deb7c8590fa6091596ec8cf2db6e4/screenshot - {}
RESULT: {}
COMMAND: POST /session/7b7deb7c8590fa6091596ec8cf2db6e4/execute/async - {"script":"<script> [1562 bytes]","args":[{"selector":{"controlType":"sap.ui.core.Icon","viewName":"etm.portal.ui.manageresources.view.Detail","viewId":"application-manageresources-display-component---detailRU","properties":{"src":{"regex":{"source":"overflow"}}}},"wdio_ui5_key":"etmportal.ui.manageresources.view.Detailsap.ui.core.Icon{\"src\":{\"regex\":{\"source\":\"overflow\"}}}"}]}
RESULT: {"script":"<script> [1562 bytes]","args":[{"selector":{"controlType":"sap.ui.core.Icon","viewName":"etm.portal.ui.manageresources.view.Detail","viewId":"application-manageresources-display-component---detailRU","properties":{"src":{"regex":{"source":"overflow"}}}},"wdio_ui5_key":"etmportal.ui.manageresources.view.Detailsap.ui.core.Icon{\"src\":{\"regex\":{\"source\":\"overflow\"}}}"}]}
RESULT: undefined
COMMAND: POST /session/7b7deb7c8590fa6091596ec8cf2db6e4/element - {"using":"xpath","value":"//*[@id=\"__title14-_actionsToolbar-overflowButton-img\"]"}
RESULT: {"using":"xpath","value":"//*[@id=\"__title14-_actionsToolbar-overflowButton-img\"]"}
COMMAND: POST /session/7b7deb7c8590fa6091596ec8cf2db6e4/element/f.00692CF0BC94F1C607A97A5075ACE774.d.E36887CF2BF586C689255961CA30F2D5.e.6253/click - {}
RESULT: {}
COMMAND: POST /session/7b7deb7c8590fa6091596ec8cf2db6e4/execute/async - {"script":"<script> [1562 bytes]","args":[{"selector":{"controlType":"sap.m.Button","viewName":"etm.portal.ui.manageresources.view.Detail","viewId":"application-manageresources-display-component---detailRU","i18NText":{"propertyName":"tooltip","key":"closeColumn"},"searchOpenDialogs":true,"interaction":{"idSuffix":"inner"}},"wdio_ui5_key":"etmportal.ui.manageresources.view.Detailsap.m.Button{\"propertyName\":\"tooltip\",\"key\":\"closeColumn\"}"}]}
COMMAND: GET /session/7b7deb7c8590fa6091596ec8cf2db6e4/screenshot - {}
RESULT: {"script":"<script> [1562 bytes]","args":[{"selector":{"controlType":"sap.m.Button","viewName":"etm.portal.ui.manageresources.view.Detail","viewId":"application-manageresources-display-component---detailRU","i18NText":{"propertyName":"tooltip","key":"closeColumn"},"searchOpenDialogs":true,"interaction":{"idSuffix":"inner"}},"wdio_ui5_key":"etmportal.ui.manageresources.view.Detailsap.m.Button{\"propertyName\":\"tooltip\",\"key\":\"closeColumn\"}"}]}
RESULT: undefined
COMMAND: POST /session/7b7deb7c8590fa6091596ec8cf2db6e4/element - {"using":"xpath","value":"//*[@id=\"__button41\"]"}
RESULT: {}
RESULT: {"using":"xpath","value":"//*[@id=\"__button41\"]"}
COMMAND: POST /session/7b7deb7c8590fa6091596ec8cf2db6e4/element/f.00692CF0BC94F1C607A97A5075ACE774.d.E36887CF2BF586C689255961CA30F2D5.e.6255/click - {}
RESULT: {}
COMMAND: GET /session/7b7deb7c8590fa6091596ec8cf2db6e4/screenshot - {}
RESULT: {}
COMMAND: POST /session/7b7deb7c8590fa6091596ec8cf2db6e4/refresh - {}
RESULT: {}
COMMAND: GET /session/7b7deb7c8590fa6091596ec8cf2db6e4/screenshot - {}
RESULT: {}
COMMAND: POST /session/7b7deb7c8590fa6091596ec8cf2db6e4/refresh - {}
RESULT: {}
COMMAND: GET /session/7b7deb7c8590fa6091596ec8cf2db6e4/screenshot - {}
RESULT: {}
COMMAND: POST /session/7b7deb7c8590fa6091596ec8cf2db6e4/window/fullscreen - {}
RESULT: {}
COMMAND: POST /session/7b7deb7c8590fa6091596ec8cf2db6e4/execute/async - {"script":"<script> [189 bytes]","args":[]}
RESULT: {"script":"<script> [189 bytes]","args":[]}
COMMAND: POST /session/7b7deb7c8590fa6091596ec8cf2db6e4/execute/async - {"script":"<script> [123 bytes]","args":[]}
RESULT: {"script":"<script> [123 bytes]","args":[]}
COMMAND: POST /session/7b7deb7c8590fa6091596ec8cf2db6e4/timeouts - {"script":"<number>"}
RESULT: {"script":"<number>"}
COMMAND: GET /session/7b7deb7c8590fa6091596ec8cf2db6e4/timeouts - {}
RESULT: {}
RESULT: undefined
COMMAND: POST /session/7b7deb7c8590fa6091596ec8cf2db6e4/execute/async - {"script":"<script> [2676 bytes]","args":[]}
RESULT: {"script":"<script> [2676 bytes]","args":[]}
COMMAND: POST /session/7b7deb7c8590fa6091596ec8cf2db6e4/execute/async - {"script":"<script> [2342 bytes]","args":[{"protocol":"http","hostname":"0.0.0.0","path":"/","capabilities":{"browserName":"chrome","goog:chromeOptions":{"binary":"C:\\Program Files\\Google\\Chrome\\Application\\chrome.exe","args":["--start-maximized"]}},"logLevel":"warn","connectionRetryTimeout":120000,"connectionRetryCount":3,"logLevels":{},"enableDirectConnect":true,"strictSSL":true,"_":"65 more keys: [\"cacheDir\",\"port\",\"requestedCapabilities\",\"automationProtocol\",\"baseUrl\",\"waitforInterval\",\"waitforTimeout\",\"onReload\",\"beforeCommand\",\"afterCommand\",\"rootDir\",\"specs\",\"suites\",\"exclude\",\"groupLogsByTestSpec\",\"excludeDriverLogs\",\"bail\",\"framework\",\"reporters\",\"services\",\"maxInstances\",\"maxInstancesPerCapability\",\"injectGlobals\",\"filesToWatch\",\"execArgv\",\"runnerEnv\",\"runner\",\"shard\",\"specFileRetries\",\"specFileRetriesDelay\",\"specFileRetriesDeferred\",\"reporterSyncInterval\",\"reporterSyncTimeout\",\"cucumberFeaturesWithLineNumbers\",\"autoCompileOpts\",\"mochaOpts\",\"jasmineOpts\",\"cucumberOpts\",\"onPrepare\",\"onWorkerStart\",\"onWorkerEnd\",\"before\",\"beforeSession\",\"beforeSuite\",\"beforeHook\",\"beforeTest\",\"afterTest\",\"afterHook\",\"afterSuite\",\"afterSession\",\"after\",\"onComplete\",\"beforeAssertion\",\"afterAssertion\",\"beforeFeature\",\"beforeScenario\",\"beforeStep\",\"afterStep\",\"afterScenario\",\"afterFeature\",\"_\",\"suite\",\"$0\",\"ignoredWorkerServices\",\"wdi5\"]"}]}
RESULT: {"script":"<script> [2342 bytes]","args":[{"protocol":"http","hostname":"0.0.0.0","path":"/","capabilities":{"browserName":"chrome","goog:chromeOptions":{"binary":"C:\\Program Files\\Google\\Chrome\\Application\\chrome.exe","args":["--start-maximized"]}},"logLevel":"warn","connectionRetryTimeout":120000,"connectionRetryCount":3,"logLevels":{},"enableDirectConnect":true,"strictSSL":true,"_":"65 more keys: [\"cacheDir\",\"port\",\"requestedCapabilities\",\"automationProtocol\",\"baseUrl\",\"waitforInterval\",\"waitforTimeout\",\"onReload\",\"beforeCommand\",\"afterCommand\",\"rootDir\",\"specs\",\"suites\",\"exclude\",\"groupLogsByTestSpec\",\"excludeDriverLogs\",\"bail\",\"framework\",\"reporters\",\"services\",\"maxInstances\",\"maxInstancesPerCapability\",\"injectGlobals\",\"filesToWatch\",\"execArgv\",\"runnerEnv\",\"runner\",\"shard\",\"specFileRetries\",\"specFileRetriesDelay\",\"specFileRetriesDeferred\",\"reporterSyncInterval\",\"reporterSyncTimeout\",\"cucumberFeaturesWithLineNumbers\",\"autoCompileOpts\",\"mochaOpts\",\"jasmineOpts\",\"cucumberOpts\",\"onPrepare\",\"onWorkerStart\",\"onWorkerEnd\",\"before\",\"beforeSession\",\"beforeSuite\",\"beforeHook\",\"beforeTest\",\"afterTest\",\"afterHook\",\"afterSuite\",\"afterSession\",\"after\",\"onComplete\",\"beforeAssertion\",\"afterAssertion\",\"beforeFeature\",\"beforeScenario\",\"beforeStep\",\"afterStep\",\"afterScenario\",\"afterFeature\",\"_\",\"suite\",\"$0\",\"ignoredWorkerServices\",\"wdi5\"]"}]}
COMMAND: POST /session/7b7deb7c8590fa6091596ec8cf2db6e4/execute/async - {"script":"<script> [21126 bytes]","args":[35000]}
RESULT: {"script":"<script> [21126 bytes]","args":[35000]}
]]></system-out>
    </testcase>
    <testcase classname="chrome.136_0_7103_93.windows.Create_2_RU_material_US118246" name="Create WHM material" time="187.854">
      <system-out><![CDATA[
COMMAND: POST /session/7b7deb7c8590fa6091596ec8cf2db6e4/element - {"using":"xpath","value":"//button[@data-kt=\"addNewRUOverflowToolbarButton\"]"}
RESULT: {"using":"xpath","value":"//button[@data-kt=\"addNewRUOverflowToolbarButton\"]"}
COMMAND: POST /session/7b7deb7c8590fa6091596ec8cf2db6e4/execute/sync - {"script":"<script> [8489 bytes]","args":[{"element-6066-11e4-a52e-4f735466cecf":"f.00692CF0BC94F1C607A97A5075ACE774.d.0B1723D8D4BD4DC6F3E762A3FF62D173.e.6413","ELEMENT":"f.00692CF0BC94F1C607A97A5075ACE774.d.0B1723D8D4BD4DC6F3E762A3FF62D173.e.6413"}]}
RESULT: {"script":"<script> [8489 bytes]","args":[{"element-6066-11e4-a52e-4f735466cecf":"f.00692CF0BC94F1C607A97A5075ACE774.d.0B1723D8D4BD4DC6F3E762A3FF62D173.e.6413","ELEMENT":"f.00692CF0BC94F1C607A97A5075ACE774.d.0B1723D8D4BD4DC6F3E762A3FF62D173.e.6413"}]}
COMMAND: POST /session/7b7deb7c8590fa6091596ec8cf2db6e4/element/f.00692CF0BC94F1C607A97A5075ACE774.d.0B1723D8D4BD4DC6F3E762A3FF62D173.e.6413/click - {}
COMMAND: GET /session/7b7deb7c8590fa6091596ec8cf2db6e4/screenshot - {}
RESULT: {}
COMMAND: GET /session/7b7deb7c8590fa6091596ec8cf2db6e4/screenshot - {}
RESULT: {}
RESULT: {}
COMMAND: POST /session/7b7deb7c8590fa6091596ec8cf2db6e4/execute/async - {"script":"<script> [1562 bytes]","args":[{"selector":{"controlType":"sap.m.ComboBox","viewName":"reusables.view.manageresources.NewResourceUnit","viewId":"application-manageresources-display-component---newResourceUnit","bindingPath":{"path":"","propertyPath":"/RuTypes","modelName":"catalogModel"},"searchOpenDialogs":true},"wdio_ui5_key":"reusablesview.manageresources.NewResourceUnitsap.m.ComboBox{\"path\":\"\",\"propertyPath\":\"/RuTypes\",\"modelName\":\"catalogModel\"}"}]}
RESULT: {"script":"<script> [1562 bytes]","args":[{"selector":{"controlType":"sap.m.ComboBox","viewName":"reusables.view.manageresources.NewResourceUnit","viewId":"application-manageresources-display-component---newResourceUnit","bindingPath":{"path":"","propertyPath":"/RuTypes","modelName":"catalogModel"},"searchOpenDialogs":true},"wdio_ui5_key":"reusablesview.manageresources.NewResourceUnitsap.m.ComboBox{\"path\":\"\",\"propertyPath\":\"/RuTypes\",\"modelName\":\"catalogModel\"}"}]}
RESULT: undefined
COMMAND: POST /session/7b7deb7c8590fa6091596ec8cf2db6e4/execute/async - {"script":"<script> [1562 bytes]","args":[{"selector":{"controlType":"sap.m.ComboBox","viewName":"reusables.view.manageresources.NewResourceUnit","viewId":"application-manageresources-display-component---newResourceUnit","bindingPath":{"path":"","propertyPath":"/Yards","modelName":"catalogModel"},"searchOpenDialogs":true},"wdio_ui5_key":"reusablesview.manageresources.NewResourceUnitsap.m.ComboBox{\"path\":\"\",\"propertyPath\":\"/Yards\",\"modelName\":\"catalogModel\"}"}]}
RESULT: {"script":"<script> [1562 bytes]","args":[{"selector":{"controlType":"sap.m.ComboBox","viewName":"reusables.view.manageresources.NewResourceUnit","viewId":"application-manageresources-display-component---newResourceUnit","bindingPath":{"path":"","propertyPath":"/Yards","modelName":"catalogModel"},"searchOpenDialogs":true},"wdio_ui5_key":"reusablesview.manageresources.NewResourceUnitsap.m.ComboBox{\"path\":\"\",\"propertyPath\":\"/Yards\",\"modelName\":\"catalogModel\"}"}]}
RESULT: undefined
COMMAND: POST /session/7b7deb7c8590fa6091596ec8cf2db6e4/execute/async - {"script":"<script> [1562 bytes]","args":[{"selector":{"controlType":"etm.portal.ui.reusables.customControls.LiveSearchComboBox","viewName":"reusables.view.manageresources.NewResourceUnit","viewId":"application-manageresources-display-component---newResourceUnit","bindingPath":{"path":"","propertyPath":"/CatalogItems","modelName":"catalogModel"},"searchOpenDialogs":true},"wdio_ui5_key":"reusablesview.manageresources.NewResourceUnitetm.portal.ui.reusables.customControls.LiveSearchComboBox{\"path\":\"\",\"propertyPath\":\"/CatalogItems\",\"modelName\":\"catalogModel\"}"}]}
RESULT: {"script":"<script> [1562 bytes]","args":[{"selector":{"controlType":"etm.portal.ui.reusables.customControls.LiveSearchComboBox","viewName":"reusables.view.manageresources.NewResourceUnit","viewId":"application-manageresources-display-component---newResourceUnit","bindingPath":{"path":"","propertyPath":"/CatalogItems","modelName":"catalogModel"},"searchOpenDialogs":true},"wdio_ui5_key":"reusablesview.manageresources.NewResourceUnitetm.portal.ui.reusables.customControls.LiveSearchComboBox{\"path\":\"\",\"propertyPath\":\"/CatalogItems\",\"modelName\":\"catalogModel\"}"}]}
RESULT: undefined
COMMAND: POST /session/7b7deb7c8590fa6091596ec8cf2db6e4/element - {"using":"xpath","value":"//bdi[text()=\"OK\"]"}
RESULT: {"using":"xpath","value":"//bdi[text()=\"OK\"]"}
COMMAND: POST /session/7b7deb7c8590fa6091596ec8cf2db6e4/elements - {"using":"xpath","value":"//bdi[text()=\"OK\"]"}
RESULT: {"using":"xpath","value":"//bdi[text()=\"OK\"]"}
COMMAND: POST /session/7b7deb7c8590fa6091596ec8cf2db6e4/elements - {"using":"xpath","value":"//bdi[text()=\"OK\"]"}
RESULT: {"using":"xpath","value":"//bdi[text()=\"OK\"]"}
COMMAND: POST /session/7b7deb7c8590fa6091596ec8cf2db6e4/elements - {"using":"xpath","value":"//bdi[text()=\"OK\"]"}
RESULT: {"using":"xpath","value":"//bdi[text()=\"OK\"]"}
COMMAND: POST /session/7b7deb7c8590fa6091596ec8cf2db6e4/elements - {"using":"xpath","value":"//bdi[text()=\"OK\"]"}
RESULT: {"using":"xpath","value":"//bdi[text()=\"OK\"]"}
COMMAND: POST /session/7b7deb7c8590fa6091596ec8cf2db6e4/elements - {"using":"xpath","value":"//bdi[text()=\"OK\"]"}
RESULT: {"using":"xpath","value":"//bdi[text()=\"OK\"]"}
COMMAND: POST /session/7b7deb7c8590fa6091596ec8cf2db6e4/elements - {"using":"xpath","value":"//bdi[text()=\"OK\"]"}
RESULT: {"using":"xpath","value":"//bdi[text()=\"OK\"]"}
COMMAND: POST /session/7b7deb7c8590fa6091596ec8cf2db6e4/elements - {"using":"xpath","value":"//bdi[text()=\"OK\"]"}
RESULT: {"using":"xpath","value":"//bdi[text()=\"OK\"]"}
COMMAND: POST /session/7b7deb7c8590fa6091596ec8cf2db6e4/elements - {"using":"xpath","value":"//bdi[text()=\"OK\"]"}
RESULT: {"using":"xpath","value":"//bdi[text()=\"OK\"]"}
COMMAND: POST /session/7b7deb7c8590fa6091596ec8cf2db6e4/elements - {"using":"xpath","value":"//bdi[text()=\"OK\"]"}
RESULT: {"using":"xpath","value":"//bdi[text()=\"OK\"]"}
COMMAND: POST /session/7b7deb7c8590fa6091596ec8cf2db6e4/elements - {"using":"xpath","value":"//bdi[text()=\"OK\"]"}
RESULT: {"using":"xpath","value":"//bdi[text()=\"OK\"]"}
COMMAND: POST /session/7b7deb7c8590fa6091596ec8cf2db6e4/elements - {"using":"xpath","value":"//bdi[text()=\"OK\"]"}
RESULT: {"using":"xpath","value":"//bdi[text()=\"OK\"]"}
COMMAND: POST /session/7b7deb7c8590fa6091596ec8cf2db6e4/elements - {"using":"xpath","value":"//bdi[text()=\"OK\"]"}
RESULT: {"using":"xpath","value":"//bdi[text()=\"OK\"]"}
COMMAND: POST /session/7b7deb7c8590fa6091596ec8cf2db6e4/elements - {"using":"xpath","value":"//bdi[text()=\"OK\"]"}
RESULT: {"using":"xpath","value":"//bdi[text()=\"OK\"]"}
COMMAND: POST /session/7b7deb7c8590fa6091596ec8cf2db6e4/elements - {"using":"xpath","value":"//bdi[text()=\"OK\"]"}
RESULT: {"using":"xpath","value":"//bdi[text()=\"OK\"]"}
COMMAND: POST /session/7b7deb7c8590fa6091596ec8cf2db6e4/elements - {"using":"xpath","value":"//bdi[text()=\"OK\"]"}
RESULT: {"using":"xpath","value":"//bdi[text()=\"OK\"]"}
COMMAND: POST /session/7b7deb7c8590fa6091596ec8cf2db6e4/elements - {"using":"xpath","value":"//bdi[text()=\"OK\"]"}
RESULT: {"using":"xpath","value":"//bdi[text()=\"OK\"]"}
COMMAND: POST /session/7b7deb7c8590fa6091596ec8cf2db6e4/elements - {"using":"xpath","value":"//bdi[text()=\"OK\"]"}
RESULT: {"using":"xpath","value":"//bdi[text()=\"OK\"]"}
COMMAND: POST /session/7b7deb7c8590fa6091596ec8cf2db6e4/elements - {"using":"xpath","value":"//bdi[text()=\"OK\"]"}
RESULT: {"using":"xpath","value":"//bdi[text()=\"OK\"]"}
COMMAND: POST /session/7b7deb7c8590fa6091596ec8cf2db6e4/elements - {"using":"xpath","value":"//bdi[text()=\"OK\"]"}
RESULT: {"using":"xpath","value":"//bdi[text()=\"OK\"]"}
COMMAND: POST /session/7b7deb7c8590fa6091596ec8cf2db6e4/elements - {"using":"xpath","value":"//bdi[text()=\"OK\"]"}
RESULT: {"using":"xpath","value":"//bdi[text()=\"OK\"]"}
COMMAND: POST /session/7b7deb7c8590fa6091596ec8cf2db6e4/elements - {"using":"xpath","value":"//bdi[text()=\"OK\"]"}
RESULT: {"using":"xpath","value":"//bdi[text()=\"OK\"]"}
COMMAND: POST /session/7b7deb7c8590fa6091596ec8cf2db6e4/elements - {"using":"xpath","value":"//bdi[text()=\"OK\"]"}
RESULT: {"using":"xpath","value":"//bdi[text()=\"OK\"]"}
COMMAND: POST /session/7b7deb7c8590fa6091596ec8cf2db6e4/elements - {"using":"xpath","value":"//bdi[text()=\"OK\"]"}
RESULT: {"using":"xpath","value":"//bdi[text()=\"OK\"]"}
COMMAND: POST /session/7b7deb7c8590fa6091596ec8cf2db6e4/elements - {"using":"xpath","value":"//bdi[text()=\"OK\"]"}
RESULT: {"using":"xpath","value":"//bdi[text()=\"OK\"]"}
COMMAND: POST /session/7b7deb7c8590fa6091596ec8cf2db6e4/elements - {"using":"xpath","value":"//bdi[text()=\"OK\"]"}
RESULT: {"using":"xpath","value":"//bdi[text()=\"OK\"]"}
COMMAND: POST /session/7b7deb7c8590fa6091596ec8cf2db6e4/elements - {"using":"xpath","value":"//bdi[text()=\"OK\"]"}
RESULT: {"using":"xpath","value":"//bdi[text()=\"OK\"]"}
COMMAND: POST /session/7b7deb7c8590fa6091596ec8cf2db6e4/elements - {"using":"xpath","value":"//bdi[text()=\"OK\"]"}
RESULT: {"using":"xpath","value":"//bdi[text()=\"OK\"]"}
COMMAND: POST /session/7b7deb7c8590fa6091596ec8cf2db6e4/elements - {"using":"xpath","value":"//bdi[text()=\"OK\"]"}
RESULT: {"using":"xpath","value":"//bdi[text()=\"OK\"]"}
COMMAND: POST /session/7b7deb7c8590fa6091596ec8cf2db6e4/elements - {"using":"xpath","value":"//bdi[text()=\"OK\"]"}
RESULT: {"using":"xpath","value":"//bdi[text()=\"OK\"]"}
COMMAND: POST /session/7b7deb7c8590fa6091596ec8cf2db6e4/elements - {"using":"xpath","value":"//bdi[text()=\"OK\"]"}
RESULT: {"using":"xpath","value":"//bdi[text()=\"OK\"]"}
COMMAND: POST /session/7b7deb7c8590fa6091596ec8cf2db6e4/elements - {"using":"xpath","value":"//bdi[text()=\"OK\"]"}
RESULT: {"using":"xpath","value":"//bdi[text()=\"OK\"]"}
COMMAND: POST /session/7b7deb7c8590fa6091596ec8cf2db6e4/elements - {"using":"xpath","value":"//bdi[text()=\"OK\"]"}
RESULT: {"using":"xpath","value":"//bdi[text()=\"OK\"]"}
COMMAND: POST /session/7b7deb7c8590fa6091596ec8cf2db6e4/elements - {"using":"xpath","value":"//bdi[text()=\"OK\"]"}
RESULT: {"using":"xpath","value":"//bdi[text()=\"OK\"]"}
COMMAND: POST /session/7b7deb7c8590fa6091596ec8cf2db6e4/elements - {"using":"xpath","value":"//bdi[text()=\"OK\"]"}
RESULT: {"using":"xpath","value":"//bdi[text()=\"OK\"]"}
COMMAND: POST /session/7b7deb7c8590fa6091596ec8cf2db6e4/elements - {"using":"xpath","value":"//bdi[text()=\"OK\"]"}
RESULT: {"using":"xpath","value":"//bdi[text()=\"OK\"]"}
COMMAND: POST /session/7b7deb7c8590fa6091596ec8cf2db6e4/elements - {"using":"xpath","value":"//bdi[text()=\"OK\"]"}
RESULT: {"using":"xpath","value":"//bdi[text()=\"OK\"]"}
COMMAND: POST /session/7b7deb7c8590fa6091596ec8cf2db6e4/elements - {"using":"xpath","value":"//bdi[text()=\"OK\"]"}
RESULT: {"using":"xpath","value":"//bdi[text()=\"OK\"]"}
COMMAND: POST /session/7b7deb7c8590fa6091596ec8cf2db6e4/elements - {"using":"xpath","value":"//bdi[text()=\"OK\"]"}
RESULT: {"using":"xpath","value":"//bdi[text()=\"OK\"]"}
COMMAND: POST /session/7b7deb7c8590fa6091596ec8cf2db6e4/elements - {"using":"xpath","value":"//bdi[text()=\"OK\"]"}
RESULT: {"using":"xpath","value":"//bdi[text()=\"OK\"]"}
COMMAND: POST /session/7b7deb7c8590fa6091596ec8cf2db6e4/elements - {"using":"xpath","value":"//bdi[text()=\"OK\"]"}
RESULT: {"using":"xpath","value":"//bdi[text()=\"OK\"]"}
COMMAND: POST /session/7b7deb7c8590fa6091596ec8cf2db6e4/elements - {"using":"xpath","value":"//bdi[text()=\"OK\"]"}
RESULT: {"using":"xpath","value":"//bdi[text()=\"OK\"]"}
COMMAND: POST /session/7b7deb7c8590fa6091596ec8cf2db6e4/elements - {"using":"xpath","value":"//bdi[text()=\"OK\"]"}
RESULT: {"using":"xpath","value":"//bdi[text()=\"OK\"]"}
COMMAND: POST /session/7b7deb7c8590fa6091596ec8cf2db6e4/elements - {"using":"xpath","value":"//bdi[text()=\"OK\"]"}
RESULT: {"using":"xpath","value":"//bdi[text()=\"OK\"]"}
COMMAND: POST /session/7b7deb7c8590fa6091596ec8cf2db6e4/elements - {"using":"xpath","value":"//bdi[text()=\"OK\"]"}
RESULT: {"using":"xpath","value":"//bdi[text()=\"OK\"]"}
COMMAND: POST /session/7b7deb7c8590fa6091596ec8cf2db6e4/elements - {"using":"xpath","value":"//bdi[text()=\"OK\"]"}
RESULT: {"using":"xpath","value":"//bdi[text()=\"OK\"]"}
COMMAND: POST /session/7b7deb7c8590fa6091596ec8cf2db6e4/elements - {"using":"xpath","value":"//bdi[text()=\"OK\"]"}
RESULT: {"using":"xpath","value":"//bdi[text()=\"OK\"]"}
COMMAND: POST /session/7b7deb7c8590fa6091596ec8cf2db6e4/elements - {"using":"xpath","value":"//bdi[text()=\"OK\"]"}
RESULT: {"using":"xpath","value":"//bdi[text()=\"OK\"]"}
COMMAND: POST /session/7b7deb7c8590fa6091596ec8cf2db6e4/elements - {"using":"xpath","value":"//bdi[text()=\"OK\"]"}
RESULT: {"using":"xpath","value":"//bdi[text()=\"OK\"]"}
COMMAND: POST /session/7b7deb7c8590fa6091596ec8cf2db6e4/elements - {"using":"xpath","value":"//bdi[text()=\"OK\"]"}
RESULT: {"using":"xpath","value":"//bdi[text()=\"OK\"]"}
COMMAND: POST /session/7b7deb7c8590fa6091596ec8cf2db6e4/elements - {"using":"xpath","value":"//bdi[text()=\"OK\"]"}
RESULT: {"using":"xpath","value":"//bdi[text()=\"OK\"]"}
COMMAND: POST /session/7b7deb7c8590fa6091596ec8cf2db6e4/elements - {"using":"xpath","value":"//bdi[text()=\"OK\"]"}
RESULT: {"using":"xpath","value":"//bdi[text()=\"OK\"]"}
COMMAND: POST /session/7b7deb7c8590fa6091596ec8cf2db6e4/elements - {"using":"xpath","value":"//bdi[text()=\"OK\"]"}
RESULT: {"using":"xpath","value":"//bdi[text()=\"OK\"]"}
COMMAND: POST /session/7b7deb7c8590fa6091596ec8cf2db6e4/elements - {"using":"xpath","value":"//bdi[text()=\"OK\"]"}
RESULT: {"using":"xpath","value":"//bdi[text()=\"OK\"]"}
COMMAND: POST /session/7b7deb7c8590fa6091596ec8cf2db6e4/elements - {"using":"xpath","value":"//bdi[text()=\"OK\"]"}
RESULT: {"using":"xpath","value":"//bdi[text()=\"OK\"]"}
COMMAND: POST /session/7b7deb7c8590fa6091596ec8cf2db6e4/elements - {"using":"xpath","value":"//bdi[text()=\"OK\"]"}
RESULT: {"using":"xpath","value":"//bdi[text()=\"OK\"]"}
COMMAND: POST /session/7b7deb7c8590fa6091596ec8cf2db6e4/elements - {"using":"xpath","value":"//bdi[text()=\"OK\"]"}
RESULT: {"using":"xpath","value":"//bdi[text()=\"OK\"]"}
COMMAND: POST /session/7b7deb7c8590fa6091596ec8cf2db6e4/elements - {"using":"xpath","value":"//bdi[text()=\"OK\"]"}
RESULT: {"using":"xpath","value":"//bdi[text()=\"OK\"]"}
COMMAND: POST /session/7b7deb7c8590fa6091596ec8cf2db6e4/elements - {"using":"xpath","value":"//bdi[text()=\"OK\"]"}
RESULT: {"using":"xpath","value":"//bdi[text()=\"OK\"]"}
COMMAND: POST /session/7b7deb7c8590fa6091596ec8cf2db6e4/elements - {"using":"xpath","value":"//bdi[text()=\"OK\"]"}
RESULT: {"using":"xpath","value":"//bdi[text()=\"OK\"]"}
COMMAND: POST /session/7b7deb7c8590fa6091596ec8cf2db6e4/elements - {"using":"xpath","value":"//bdi[text()=\"OK\"]"}
RESULT: {"using":"xpath","value":"//bdi[text()=\"OK\"]"}
COMMAND: POST /session/7b7deb7c8590fa6091596ec8cf2db6e4/elements - {"using":"xpath","value":"//bdi[text()=\"OK\"]"}
RESULT: {"using":"xpath","value":"//bdi[text()=\"OK\"]"}
COMMAND: POST /session/7b7deb7c8590fa6091596ec8cf2db6e4/elements - {"using":"xpath","value":"//bdi[text()=\"OK\"]"}
RESULT: {"using":"xpath","value":"//bdi[text()=\"OK\"]"}
COMMAND: POST /session/7b7deb7c8590fa6091596ec8cf2db6e4/elements - {"using":"xpath","value":"//bdi[text()=\"OK\"]"}
RESULT: {"using":"xpath","value":"//bdi[text()=\"OK\"]"}
COMMAND: POST /session/7b7deb7c8590fa6091596ec8cf2db6e4/elements - {"using":"xpath","value":"//bdi[text()=\"OK\"]"}
RESULT: {"using":"xpath","value":"//bdi[text()=\"OK\"]"}
COMMAND: POST /session/7b7deb7c8590fa6091596ec8cf2db6e4/elements - {"using":"xpath","value":"//bdi[text()=\"OK\"]"}
RESULT: {"using":"xpath","value":"//bdi[text()=\"OK\"]"}
COMMAND: POST /session/7b7deb7c8590fa6091596ec8cf2db6e4/elements - {"using":"xpath","value":"//bdi[text()=\"OK\"]"}
RESULT: {"using":"xpath","value":"//bdi[text()=\"OK\"]"}
COMMAND: POST /session/7b7deb7c8590fa6091596ec8cf2db6e4/elements - {"using":"xpath","value":"//bdi[text()=\"OK\"]"}
RESULT: {"using":"xpath","value":"//bdi[text()=\"OK\"]"}
COMMAND: POST /session/7b7deb7c8590fa6091596ec8cf2db6e4/elements - {"using":"xpath","value":"//bdi[text()=\"OK\"]"}
RESULT: {"using":"xpath","value":"//bdi[text()=\"OK\"]"}
COMMAND: POST /session/7b7deb7c8590fa6091596ec8cf2db6e4/elements - {"using":"xpath","value":"//bdi[text()=\"OK\"]"}
RESULT: {"using":"xpath","value":"//bdi[text()=\"OK\"]"}
COMMAND: POST /session/7b7deb7c8590fa6091596ec8cf2db6e4/elements - {"using":"xpath","value":"//bdi[text()=\"OK\"]"}
RESULT: {"using":"xpath","value":"//bdi[text()=\"OK\"]"}
COMMAND: POST /session/7b7deb7c8590fa6091596ec8cf2db6e4/elements - {"using":"xpath","value":"//bdi[text()=\"OK\"]"}
RESULT: {"using":"xpath","value":"//bdi[text()=\"OK\"]"}
COMMAND: POST /session/7b7deb7c8590fa6091596ec8cf2db6e4/elements - {"using":"xpath","value":"//bdi[text()=\"OK\"]"}
RESULT: {"using":"xpath","value":"//bdi[text()=\"OK\"]"}
COMMAND: POST /session/7b7deb7c8590fa6091596ec8cf2db6e4/elements - {"using":"xpath","value":"//bdi[text()=\"OK\"]"}
RESULT: {"using":"xpath","value":"//bdi[text()=\"OK\"]"}
COMMAND: POST /session/7b7deb7c8590fa6091596ec8cf2db6e4/elements - {"using":"xpath","value":"//bdi[text()=\"OK\"]"}
RESULT: {"using":"xpath","value":"//bdi[text()=\"OK\"]"}
COMMAND: POST /session/7b7deb7c8590fa6091596ec8cf2db6e4/elements - {"using":"xpath","value":"//bdi[text()=\"OK\"]"}
RESULT: {"using":"xpath","value":"//bdi[text()=\"OK\"]"}
COMMAND: POST /session/7b7deb7c8590fa6091596ec8cf2db6e4/elements - {"using":"xpath","value":"//bdi[text()=\"OK\"]"}
RESULT: {"using":"xpath","value":"//bdi[text()=\"OK\"]"}
COMMAND: POST /session/7b7deb7c8590fa6091596ec8cf2db6e4/elements - {"using":"xpath","value":"//bdi[text()=\"OK\"]"}
RESULT: {"using":"xpath","value":"//bdi[text()=\"OK\"]"}
COMMAND: POST /session/7b7deb7c8590fa6091596ec8cf2db6e4/elements - {"using":"xpath","value":"//bdi[text()=\"OK\"]"}
RESULT: {"using":"xpath","value":"//bdi[text()=\"OK\"]"}
COMMAND: POST /session/7b7deb7c8590fa6091596ec8cf2db6e4/elements - {"using":"xpath","value":"//bdi[text()=\"OK\"]"}
RESULT: {"using":"xpath","value":"//bdi[text()=\"OK\"]"}
COMMAND: POST /session/7b7deb7c8590fa6091596ec8cf2db6e4/elements - {"using":"xpath","value":"//bdi[text()=\"OK\"]"}
RESULT: {"using":"xpath","value":"//bdi[text()=\"OK\"]"}
COMMAND: POST /session/7b7deb7c8590fa6091596ec8cf2db6e4/elements - {"using":"xpath","value":"//bdi[text()=\"OK\"]"}
RESULT: {"using":"xpath","value":"//bdi[text()=\"OK\"]"}
COMMAND: POST /session/7b7deb7c8590fa6091596ec8cf2db6e4/elements - {"using":"xpath","value":"//bdi[text()=\"OK\"]"}
RESULT: {"using":"xpath","value":"//bdi[text()=\"OK\"]"}
COMMAND: POST /session/7b7deb7c8590fa6091596ec8cf2db6e4/elements - {"using":"xpath","value":"//bdi[text()=\"OK\"]"}
RESULT: {"using":"xpath","value":"//bdi[text()=\"OK\"]"}
COMMAND: POST /session/7b7deb7c8590fa6091596ec8cf2db6e4/elements - {"using":"xpath","value":"//bdi[text()=\"OK\"]"}
RESULT: {"using":"xpath","value":"//bdi[text()=\"OK\"]"}
COMMAND: POST /session/7b7deb7c8590fa6091596ec8cf2db6e4/elements - {"using":"xpath","value":"//bdi[text()=\"OK\"]"}
RESULT: {"using":"xpath","value":"//bdi[text()=\"OK\"]"}
COMMAND: POST /session/7b7deb7c8590fa6091596ec8cf2db6e4/elements - {"using":"xpath","value":"//bdi[text()=\"OK\"]"}
RESULT: {"using":"xpath","value":"//bdi[text()=\"OK\"]"}
COMMAND: POST /session/7b7deb7c8590fa6091596ec8cf2db6e4/elements - {"using":"xpath","value":"//bdi[text()=\"OK\"]"}
RESULT: {"using":"xpath","value":"//bdi[text()=\"OK\"]"}
COMMAND: POST /session/7b7deb7c8590fa6091596ec8cf2db6e4/elements - {"using":"xpath","value":"//bdi[text()=\"OK\"]"}
RESULT: {"using":"xpath","value":"//bdi[text()=\"OK\"]"}
COMMAND: POST /session/7b7deb7c8590fa6091596ec8cf2db6e4/elements - {"using":"xpath","value":"//bdi[text()=\"OK\"]"}
RESULT: {"using":"xpath","value":"//bdi[text()=\"OK\"]"}
COMMAND: POST /session/7b7deb7c8590fa6091596ec8cf2db6e4/elements - {"using":"xpath","value":"//bdi[text()=\"OK\"]"}
RESULT: {"using":"xpath","value":"//bdi[text()=\"OK\"]"}
COMMAND: POST /session/7b7deb7c8590fa6091596ec8cf2db6e4/elements - {"using":"xpath","value":"//bdi[text()=\"OK\"]"}
RESULT: {"using":"xpath","value":"//bdi[text()=\"OK\"]"}
COMMAND: POST /session/7b7deb7c8590fa6091596ec8cf2db6e4/elements - {"using":"xpath","value":"//bdi[text()=\"OK\"]"}
RESULT: {"using":"xpath","value":"//bdi[text()=\"OK\"]"}
COMMAND: POST /session/7b7deb7c8590fa6091596ec8cf2db6e4/elements - {"using":"xpath","value":"//bdi[text()=\"OK\"]"}
RESULT: {"using":"xpath","value":"//bdi[text()=\"OK\"]"}
COMMAND: POST /session/7b7deb7c8590fa6091596ec8cf2db6e4/elements - {"using":"xpath","value":"//bdi[text()=\"OK\"]"}
RESULT: {"using":"xpath","value":"//bdi[text()=\"OK\"]"}
COMMAND: POST /session/7b7deb7c8590fa6091596ec8cf2db6e4/elements - {"using":"xpath","value":"//bdi[text()=\"OK\"]"}
RESULT: {"using":"xpath","value":"//bdi[text()=\"OK\"]"}
COMMAND: POST /session/7b7deb7c8590fa6091596ec8cf2db6e4/elements - {"using":"xpath","value":"//bdi[text()=\"OK\"]"}
RESULT: {"using":"xpath","value":"//bdi[text()=\"OK\"]"}
COMMAND: POST /session/7b7deb7c8590fa6091596ec8cf2db6e4/elements - {"using":"xpath","value":"//bdi[text()=\"OK\"]"}
RESULT: {"using":"xpath","value":"//bdi[text()=\"OK\"]"}
COMMAND: POST /session/7b7deb7c8590fa6091596ec8cf2db6e4/elements - {"using":"xpath","value":"//bdi[text()=\"OK\"]"}
RESULT: {"using":"xpath","value":"//bdi[text()=\"OK\"]"}
COMMAND: POST /session/7b7deb7c8590fa6091596ec8cf2db6e4/elements - {"using":"xpath","value":"//bdi[text()=\"OK\"]"}
RESULT: {"using":"xpath","value":"//bdi[text()=\"OK\"]"}
COMMAND: POST /session/7b7deb7c8590fa6091596ec8cf2db6e4/elements - {"using":"xpath","value":"//bdi[text()=\"OK\"]"}
RESULT: {"using":"xpath","value":"//bdi[text()=\"OK\"]"}
COMMAND: POST /session/7b7deb7c8590fa6091596ec8cf2db6e4/elements - {"using":"xpath","value":"//bdi[text()=\"OK\"]"}
RESULT: {"using":"xpath","value":"//bdi[text()=\"OK\"]"}
COMMAND: POST /session/7b7deb7c8590fa6091596ec8cf2db6e4/elements - {"using":"xpath","value":"//bdi[text()=\"OK\"]"}
RESULT: {"using":"xpath","value":"//bdi[text()=\"OK\"]"}
COMMAND: POST /session/7b7deb7c8590fa6091596ec8cf2db6e4/elements - {"using":"xpath","value":"//bdi[text()=\"OK\"]"}
RESULT: {"using":"xpath","value":"//bdi[text()=\"OK\"]"}
COMMAND: POST /session/7b7deb7c8590fa6091596ec8cf2db6e4/elements - {"using":"xpath","value":"//bdi[text()=\"OK\"]"}
RESULT: {"using":"xpath","value":"//bdi[text()=\"OK\"]"}
COMMAND: POST /session/7b7deb7c8590fa6091596ec8cf2db6e4/elements - {"using":"xpath","value":"//bdi[text()=\"OK\"]"}
RESULT: {"using":"xpath","value":"//bdi[text()=\"OK\"]"}
COMMAND: POST /session/7b7deb7c8590fa6091596ec8cf2db6e4/elements - {"using":"xpath","value":"//bdi[text()=\"OK\"]"}
RESULT: {"using":"xpath","value":"//bdi[text()=\"OK\"]"}
COMMAND: POST /session/7b7deb7c8590fa6091596ec8cf2db6e4/elements - {"using":"xpath","value":"//bdi[text()=\"OK\"]"}
RESULT: {"using":"xpath","value":"//bdi[text()=\"OK\"]"}
COMMAND: POST /session/7b7deb7c8590fa6091596ec8cf2db6e4/elements - {"using":"xpath","value":"//bdi[text()=\"OK\"]"}
RESULT: {"using":"xpath","value":"//bdi[text()=\"OK\"]"}
COMMAND: POST /session/7b7deb7c8590fa6091596ec8cf2db6e4/elements - {"using":"xpath","value":"//bdi[text()=\"OK\"]"}
RESULT: {"using":"xpath","value":"//bdi[text()=\"OK\"]"}
COMMAND: POST /session/7b7deb7c8590fa6091596ec8cf2db6e4/elements - {"using":"xpath","value":"//bdi[text()=\"OK\"]"}
RESULT: {"using":"xpath","value":"//bdi[text()=\"OK\"]"}
COMMAND: POST /session/7b7deb7c8590fa6091596ec8cf2db6e4/elements - {"using":"xpath","value":"//bdi[text()=\"OK\"]"}
RESULT: {"using":"xpath","value":"//bdi[text()=\"OK\"]"}
COMMAND: POST /session/7b7deb7c8590fa6091596ec8cf2db6e4/elements - {"using":"xpath","value":"//bdi[text()=\"OK\"]"}
RESULT: {"using":"xpath","value":"//bdi[text()=\"OK\"]"}
COMMAND: POST /session/7b7deb7c8590fa6091596ec8cf2db6e4/elements - {"using":"xpath","value":"//bdi[text()=\"OK\"]"}
RESULT: {"using":"xpath","value":"//bdi[text()=\"OK\"]"}
COMMAND: POST /session/7b7deb7c8590fa6091596ec8cf2db6e4/elements - {"using":"xpath","value":"//bdi[text()=\"OK\"]"}
RESULT: {"using":"xpath","value":"//bdi[text()=\"OK\"]"}
COMMAND: POST /session/7b7deb7c8590fa6091596ec8cf2db6e4/elements - {"using":"xpath","value":"//bdi[text()=\"OK\"]"}
RESULT: {"using":"xpath","value":"//bdi[text()=\"OK\"]"}
COMMAND: POST /session/7b7deb7c8590fa6091596ec8cf2db6e4/elements - {"using":"xpath","value":"//bdi[text()=\"OK\"]"}
RESULT: {"using":"xpath","value":"//bdi[text()=\"OK\"]"}
COMMAND: POST /session/7b7deb7c8590fa6091596ec8cf2db6e4/elements - {"using":"xpath","value":"//bdi[text()=\"OK\"]"}
RESULT: {"using":"xpath","value":"//bdi[text()=\"OK\"]"}
COMMAND: POST /session/7b7deb7c8590fa6091596ec8cf2db6e4/elements - {"using":"xpath","value":"//bdi[text()=\"OK\"]"}
RESULT: {"using":"xpath","value":"//bdi[text()=\"OK\"]"}
COMMAND: POST /session/7b7deb7c8590fa6091596ec8cf2db6e4/elements - {"using":"xpath","value":"//bdi[text()=\"OK\"]"}
RESULT: {"using":"xpath","value":"//bdi[text()=\"OK\"]"}
COMMAND: POST /session/7b7deb7c8590fa6091596ec8cf2db6e4/elements - {"using":"xpath","value":"//bdi[text()=\"OK\"]"}
RESULT: {"using":"xpath","value":"//bdi[text()=\"OK\"]"}
COMMAND: POST /session/7b7deb7c8590fa6091596ec8cf2db6e4/elements - {"using":"xpath","value":"//bdi[text()=\"OK\"]"}
COMMAND: POST /session/7b7deb7c8590fa6091596ec8cf2db6e4/element - {"using":"xpath","value":"//bdi[text()=\"OK\"]"}
RESULT: {"using":"xpath","value":"//bdi[text()=\"OK\"]"}
RESULT: {"using":"xpath","value":"//bdi[text()=\"OK\"]"}
COMMAND: POST /session/7b7deb7c8590fa6091596ec8cf2db6e4/elements - {"using":"xpath","value":"//bdi[text()=\"OK\"]"}
RESULT: {"using":"xpath","value":"//bdi[text()=\"OK\"]"}
COMMAND: POST /session/7b7deb7c8590fa6091596ec8cf2db6e4/elements - {"using":"xpath","value":"//bdi[text()=\"OK\"]"}
RESULT: {"using":"xpath","value":"//bdi[text()=\"OK\"]"}
COMMAND: POST /session/7b7deb7c8590fa6091596ec8cf2db6e4/elements - {"using":"xpath","value":"//bdi[text()=\"OK\"]"}
RESULT: {"using":"xpath","value":"//bdi[text()=\"OK\"]"}
COMMAND: POST /session/7b7deb7c8590fa6091596ec8cf2db6e4/elements - {"using":"xpath","value":"//bdi[text()=\"OK\"]"}
RESULT: {"using":"xpath","value":"//bdi[text()=\"OK\"]"}
COMMAND: POST /session/7b7deb7c8590fa6091596ec8cf2db6e4/elements - {"using":"xpath","value":"//bdi[text()=\"OK\"]"}
RESULT: {"using":"xpath","value":"//bdi[text()=\"OK\"]"}
COMMAND: POST /session/7b7deb7c8590fa6091596ec8cf2db6e4/elements - {"using":"xpath","value":"//bdi[text()=\"OK\"]"}
RESULT: {"using":"xpath","value":"//bdi[text()=\"OK\"]"}
COMMAND: POST /session/7b7deb7c8590fa6091596ec8cf2db6e4/elements - {"using":"xpath","value":"//bdi[text()=\"OK\"]"}
RESULT: {"using":"xpath","value":"//bdi[text()=\"OK\"]"}
COMMAND: POST /session/7b7deb7c8590fa6091596ec8cf2db6e4/elements - {"using":"xpath","value":"//bdi[text()=\"OK\"]"}
RESULT: {"using":"xpath","value":"//bdi[text()=\"OK\"]"}
COMMAND: POST /session/7b7deb7c8590fa6091596ec8cf2db6e4/elements - {"using":"xpath","value":"//bdi[text()=\"OK\"]"}
RESULT: {"using":"xpath","value":"//bdi[text()=\"OK\"]"}
COMMAND: POST /session/7b7deb7c8590fa6091596ec8cf2db6e4/elements - {"using":"xpath","value":"//bdi[text()=\"OK\"]"}
RESULT: {"using":"xpath","value":"//bdi[text()=\"OK\"]"}
COMMAND: POST /session/7b7deb7c8590fa6091596ec8cf2db6e4/elements - {"using":"xpath","value":"//bdi[text()=\"OK\"]"}
RESULT: {"using":"xpath","value":"//bdi[text()=\"OK\"]"}
COMMAND: POST /session/7b7deb7c8590fa6091596ec8cf2db6e4/elements - {"using":"xpath","value":"//bdi[text()=\"OK\"]"}
RESULT: {"using":"xpath","value":"//bdi[text()=\"OK\"]"}
COMMAND: POST /session/7b7deb7c8590fa6091596ec8cf2db6e4/elements - {"using":"xpath","value":"//bdi[text()=\"OK\"]"}
RESULT: {"using":"xpath","value":"//bdi[text()=\"OK\"]"}
COMMAND: POST /session/7b7deb7c8590fa6091596ec8cf2db6e4/elements - {"using":"xpath","value":"//bdi[text()=\"OK\"]"}
RESULT: {"using":"xpath","value":"//bdi[text()=\"OK\"]"}
COMMAND: POST /session/7b7deb7c8590fa6091596ec8cf2db6e4/elements - {"using":"xpath","value":"//bdi[text()=\"OK\"]"}
RESULT: {"using":"xpath","value":"//bdi[text()=\"OK\"]"}
COMMAND: POST /session/7b7deb7c8590fa6091596ec8cf2db6e4/elements - {"using":"xpath","value":"//bdi[text()=\"OK\"]"}
RESULT: {"using":"xpath","value":"//bdi[text()=\"OK\"]"}
COMMAND: POST /session/7b7deb7c8590fa6091596ec8cf2db6e4/elements - {"using":"xpath","value":"//bdi[text()=\"OK\"]"}
RESULT: {"using":"xpath","value":"//bdi[text()=\"OK\"]"}
COMMAND: POST /session/7b7deb7c8590fa6091596ec8cf2db6e4/elements - {"using":"xpath","value":"//bdi[text()=\"OK\"]"}
RESULT: {"using":"xpath","value":"//bdi[text()=\"OK\"]"}
COMMAND: POST /session/7b7deb7c8590fa6091596ec8cf2db6e4/elements - {"using":"xpath","value":"//bdi[text()=\"OK\"]"}
RESULT: {"using":"xpath","value":"//bdi[text()=\"OK\"]"}
COMMAND: POST /session/7b7deb7c8590fa6091596ec8cf2db6e4/elements - {"using":"xpath","value":"//bdi[text()=\"OK\"]"}
RESULT: {"using":"xpath","value":"//bdi[text()=\"OK\"]"}
COMMAND: POST /session/7b7deb7c8590fa6091596ec8cf2db6e4/elements - {"using":"xpath","value":"//bdi[text()=\"OK\"]"}
RESULT: {"using":"xpath","value":"//bdi[text()=\"OK\"]"}
COMMAND: POST /session/7b7deb7c8590fa6091596ec8cf2db6e4/elements - {"using":"xpath","value":"//bdi[text()=\"OK\"]"}
RESULT: {"using":"xpath","value":"//bdi[text()=\"OK\"]"}
COMMAND: POST /session/7b7deb7c8590fa6091596ec8cf2db6e4/elements - {"using":"xpath","value":"//bdi[text()=\"OK\"]"}
RESULT: {"using":"xpath","value":"//bdi[text()=\"OK\"]"}
COMMAND: POST /session/7b7deb7c8590fa6091596ec8cf2db6e4/elements - {"using":"xpath","value":"//bdi[text()=\"OK\"]"}
RESULT: {"using":"xpath","value":"//bdi[text()=\"OK\"]"}
COMMAND: POST /session/7b7deb7c8590fa6091596ec8cf2db6e4/elements - {"using":"xpath","value":"//bdi[text()=\"OK\"]"}
RESULT: {"using":"xpath","value":"//bdi[text()=\"OK\"]"}
COMMAND: POST /session/7b7deb7c8590fa6091596ec8cf2db6e4/elements - {"using":"xpath","value":"//bdi[text()=\"OK\"]"}
RESULT: {"using":"xpath","value":"//bdi[text()=\"OK\"]"}
COMMAND: POST /session/7b7deb7c8590fa6091596ec8cf2db6e4/elements - {"using":"xpath","value":"//bdi[text()=\"OK\"]"}
RESULT: {"using":"xpath","value":"//bdi[text()=\"OK\"]"}
COMMAND: POST /session/7b7deb7c8590fa6091596ec8cf2db6e4/elements - {"using":"xpath","value":"//bdi[text()=\"OK\"]"}
RESULT: {"using":"xpath","value":"//bdi[text()=\"OK\"]"}
COMMAND: POST /session/7b7deb7c8590fa6091596ec8cf2db6e4/elements - {"using":"xpath","value":"//bdi[text()=\"OK\"]"}
RESULT: {"using":"xpath","value":"//bdi[text()=\"OK\"]"}
COMMAND: POST /session/7b7deb7c8590fa6091596ec8cf2db6e4/elements - {"using":"xpath","value":"//bdi[text()=\"OK\"]"}
RESULT: {"using":"xpath","value":"//bdi[text()=\"OK\"]"}
COMMAND: POST /session/7b7deb7c8590fa6091596ec8cf2db6e4/elements - {"using":"xpath","value":"//bdi[text()=\"OK\"]"}
RESULT: {"using":"xpath","value":"//bdi[text()=\"OK\"]"}
COMMAND: POST /session/7b7deb7c8590fa6091596ec8cf2db6e4/elements - {"using":"xpath","value":"//bdi[text()=\"OK\"]"}
RESULT: {"using":"xpath","value":"//bdi[text()=\"OK\"]"}
COMMAND: POST /session/7b7deb7c8590fa6091596ec8cf2db6e4/elements - {"using":"xpath","value":"//bdi[text()=\"OK\"]"}
RESULT: {"using":"xpath","value":"//bdi[text()=\"OK\"]"}
COMMAND: POST /session/7b7deb7c8590fa6091596ec8cf2db6e4/elements - {"using":"xpath","value":"//bdi[text()=\"OK\"]"}
RESULT: {"using":"xpath","value":"//bdi[text()=\"OK\"]"}
COMMAND: POST /session/7b7deb7c8590fa6091596ec8cf2db6e4/elements - {"using":"xpath","value":"//bdi[text()=\"OK\"]"}
RESULT: {"using":"xpath","value":"//bdi[text()=\"OK\"]"}
COMMAND: POST /session/7b7deb7c8590fa6091596ec8cf2db6e4/elements - {"using":"xpath","value":"//bdi[text()=\"OK\"]"}
RESULT: {"using":"xpath","value":"//bdi[text()=\"OK\"]"}
COMMAND: POST /session/7b7deb7c8590fa6091596ec8cf2db6e4/elements - {"using":"xpath","value":"//bdi[text()=\"OK\"]"}
RESULT: {"using":"xpath","value":"//bdi[text()=\"OK\"]"}
COMMAND: POST /session/7b7deb7c8590fa6091596ec8cf2db6e4/elements - {"using":"xpath","value":"//bdi[text()=\"OK\"]"}
RESULT: {"using":"xpath","value":"//bdi[text()=\"OK\"]"}
COMMAND: POST /session/7b7deb7c8590fa6091596ec8cf2db6e4/elements - {"using":"xpath","value":"//bdi[text()=\"OK\"]"}
RESULT: {"using":"xpath","value":"//bdi[text()=\"OK\"]"}
COMMAND: POST /session/7b7deb7c8590fa6091596ec8cf2db6e4/elements - {"using":"xpath","value":"//bdi[text()=\"OK\"]"}
RESULT: {"using":"xpath","value":"//bdi[text()=\"OK\"]"}
COMMAND: POST /session/7b7deb7c8590fa6091596ec8cf2db6e4/elements - {"using":"xpath","value":"//bdi[text()=\"OK\"]"}
RESULT: {"using":"xpath","value":"//bdi[text()=\"OK\"]"}
COMMAND: POST /session/7b7deb7c8590fa6091596ec8cf2db6e4/elements - {"using":"xpath","value":"//bdi[text()=\"OK\"]"}
RESULT: {"using":"xpath","value":"//bdi[text()=\"OK\"]"}
COMMAND: POST /session/7b7deb7c8590fa6091596ec8cf2db6e4/elements - {"using":"xpath","value":"//bdi[text()=\"OK\"]"}
RESULT: {"using":"xpath","value":"//bdi[text()=\"OK\"]"}
COMMAND: POST /session/7b7deb7c8590fa6091596ec8cf2db6e4/elements - {"using":"xpath","value":"//bdi[text()=\"OK\"]"}
RESULT: {"using":"xpath","value":"//bdi[text()=\"OK\"]"}
COMMAND: POST /session/7b7deb7c8590fa6091596ec8cf2db6e4/elements - {"using":"xpath","value":"//bdi[text()=\"OK\"]"}
RESULT: {"using":"xpath","value":"//bdi[text()=\"OK\"]"}
COMMAND: POST /session/7b7deb7c8590fa6091596ec8cf2db6e4/elements - {"using":"xpath","value":"//bdi[text()=\"OK\"]"}
RESULT: {"using":"xpath","value":"//bdi[text()=\"OK\"]"}
COMMAND: POST /session/7b7deb7c8590fa6091596ec8cf2db6e4/elements - {"using":"xpath","value":"//bdi[text()=\"OK\"]"}
RESULT: {"using":"xpath","value":"//bdi[text()=\"OK\"]"}
COMMAND: POST /session/7b7deb7c8590fa6091596ec8cf2db6e4/elements - {"using":"xpath","value":"//bdi[text()=\"OK\"]"}
RESULT: {"using":"xpath","value":"//bdi[text()=\"OK\"]"}
COMMAND: POST /session/7b7deb7c8590fa6091596ec8cf2db6e4/elements - {"using":"xpath","value":"//bdi[text()=\"OK\"]"}
RESULT: {"using":"xpath","value":"//bdi[text()=\"OK\"]"}
COMMAND: POST /session/7b7deb7c8590fa6091596ec8cf2db6e4/elements - {"using":"xpath","value":"//bdi[text()=\"OK\"]"}
RESULT: {"using":"xpath","value":"//bdi[text()=\"OK\"]"}
COMMAND: POST /session/7b7deb7c8590fa6091596ec8cf2db6e4/elements - {"using":"xpath","value":"//bdi[text()=\"OK\"]"}
RESULT: {"using":"xpath","value":"//bdi[text()=\"OK\"]"}
COMMAND: POST /session/7b7deb7c8590fa6091596ec8cf2db6e4/elements - {"using":"xpath","value":"//bdi[text()=\"OK\"]"}
RESULT: {"using":"xpath","value":"//bdi[text()=\"OK\"]"}
COMMAND: POST /session/7b7deb7c8590fa6091596ec8cf2db6e4/elements - {"using":"xpath","value":"//bdi[text()=\"OK\"]"}
RESULT: {"using":"xpath","value":"//bdi[text()=\"OK\"]"}
COMMAND: POST /session/7b7deb7c8590fa6091596ec8cf2db6e4/elements - {"using":"xpath","value":"//bdi[text()=\"OK\"]"}
RESULT: {"using":"xpath","value":"//bdi[text()=\"OK\"]"}
COMMAND: POST /session/7b7deb7c8590fa6091596ec8cf2db6e4/elements - {"using":"xpath","value":"//bdi[text()=\"OK\"]"}
RESULT: {"using":"xpath","value":"//bdi[text()=\"OK\"]"}
COMMAND: POST /session/7b7deb7c8590fa6091596ec8cf2db6e4/elements - {"using":"xpath","value":"//bdi[text()=\"OK\"]"}
RESULT: {"using":"xpath","value":"//bdi[text()=\"OK\"]"}
COMMAND: POST /session/7b7deb7c8590fa6091596ec8cf2db6e4/elements - {"using":"xpath","value":"//bdi[text()=\"OK\"]"}
RESULT: {"using":"xpath","value":"//bdi[text()=\"OK\"]"}
COMMAND: POST /session/7b7deb7c8590fa6091596ec8cf2db6e4/elements - {"using":"xpath","value":"//bdi[text()=\"OK\"]"}
RESULT: {"using":"xpath","value":"//bdi[text()=\"OK\"]"}
COMMAND: POST /session/7b7deb7c8590fa6091596ec8cf2db6e4/elements - {"using":"xpath","value":"//bdi[text()=\"OK\"]"}
RESULT: {"using":"xpath","value":"//bdi[text()=\"OK\"]"}
COMMAND: POST /session/7b7deb7c8590fa6091596ec8cf2db6e4/elements - {"using":"xpath","value":"//bdi[text()=\"OK\"]"}
RESULT: {"using":"xpath","value":"//bdi[text()=\"OK\"]"}
COMMAND: POST /session/7b7deb7c8590fa6091596ec8cf2db6e4/elements - {"using":"xpath","value":"//bdi[text()=\"OK\"]"}
RESULT: {"using":"xpath","value":"//bdi[text()=\"OK\"]"}
COMMAND: POST /session/7b7deb7c8590fa6091596ec8cf2db6e4/elements - {"using":"xpath","value":"//bdi[text()=\"OK\"]"}
RESULT: {"using":"xpath","value":"//bdi[text()=\"OK\"]"}
COMMAND: POST /session/7b7deb7c8590fa6091596ec8cf2db6e4/elements - {"using":"xpath","value":"//bdi[text()=\"OK\"]"}
RESULT: {"using":"xpath","value":"//bdi[text()=\"OK\"]"}
COMMAND: POST /session/7b7deb7c8590fa6091596ec8cf2db6e4/elements - {"using":"xpath","value":"//bdi[text()=\"OK\"]"}
RESULT: {"using":"xpath","value":"//bdi[text()=\"OK\"]"}
COMMAND: POST /session/7b7deb7c8590fa6091596ec8cf2db6e4/elements - {"using":"xpath","value":"//bdi[text()=\"OK\"]"}
RESULT: {"using":"xpath","value":"//bdi[text()=\"OK\"]"}
COMMAND: POST /session/7b7deb7c8590fa6091596ec8cf2db6e4/elements - {"using":"xpath","value":"//bdi[text()=\"OK\"]"}
RESULT: {"using":"xpath","value":"//bdi[text()=\"OK\"]"}
COMMAND: POST /session/7b7deb7c8590fa6091596ec8cf2db6e4/elements - {"using":"xpath","value":"//bdi[text()=\"OK\"]"}
RESULT: {"using":"xpath","value":"//bdi[text()=\"OK\"]"}
COMMAND: POST /session/7b7deb7c8590fa6091596ec8cf2db6e4/elements - {"using":"xpath","value":"//bdi[text()=\"OK\"]"}
RESULT: {"using":"xpath","value":"//bdi[text()=\"OK\"]"}
COMMAND: POST /session/7b7deb7c8590fa6091596ec8cf2db6e4/elements - {"using":"xpath","value":"//bdi[text()=\"OK\"]"}
RESULT: {"using":"xpath","value":"//bdi[text()=\"OK\"]"}
COMMAND: POST /session/7b7deb7c8590fa6091596ec8cf2db6e4/elements - {"using":"xpath","value":"//bdi[text()=\"OK\"]"}
RESULT: {"using":"xpath","value":"//bdi[text()=\"OK\"]"}
COMMAND: POST /session/7b7deb7c8590fa6091596ec8cf2db6e4/elements - {"using":"xpath","value":"//bdi[text()=\"OK\"]"}
RESULT: {"using":"xpath","value":"//bdi[text()=\"OK\"]"}
COMMAND: POST /session/7b7deb7c8590fa6091596ec8cf2db6e4/elements - {"using":"xpath","value":"//bdi[text()=\"OK\"]"}
RESULT: {"using":"xpath","value":"//bdi[text()=\"OK\"]"}
COMMAND: POST /session/7b7deb7c8590fa6091596ec8cf2db6e4/elements - {"using":"xpath","value":"//bdi[text()=\"OK\"]"}
RESULT: {"using":"xpath","value":"//bdi[text()=\"OK\"]"}
COMMAND: POST /session/7b7deb7c8590fa6091596ec8cf2db6e4/elements - {"using":"xpath","value":"//bdi[text()=\"OK\"]"}
RESULT: {"using":"xpath","value":"//bdi[text()=\"OK\"]"}
COMMAND: POST /session/7b7deb7c8590fa6091596ec8cf2db6e4/elements - {"using":"xpath","value":"//bdi[text()=\"OK\"]"}
RESULT: {"using":"xpath","value":"//bdi[text()=\"OK\"]"}
COMMAND: POST /session/7b7deb7c8590fa6091596ec8cf2db6e4/elements - {"using":"xpath","value":"//bdi[text()=\"OK\"]"}
RESULT: {"using":"xpath","value":"//bdi[text()=\"OK\"]"}
COMMAND: POST /session/7b7deb7c8590fa6091596ec8cf2db6e4/elements - {"using":"xpath","value":"//bdi[text()=\"OK\"]"}
RESULT: {"using":"xpath","value":"//bdi[text()=\"OK\"]"}
COMMAND: POST /session/7b7deb7c8590fa6091596ec8cf2db6e4/elements - {"using":"xpath","value":"//bdi[text()=\"OK\"]"}
RESULT: {"using":"xpath","value":"//bdi[text()=\"OK\"]"}
COMMAND: POST /session/7b7deb7c8590fa6091596ec8cf2db6e4/elements - {"using":"xpath","value":"//bdi[text()=\"OK\"]"}
RESULT: {"using":"xpath","value":"//bdi[text()=\"OK\"]"}
COMMAND: POST /session/7b7deb7c8590fa6091596ec8cf2db6e4/elements - {"using":"xpath","value":"//bdi[text()=\"OK\"]"}
RESULT: {"using":"xpath","value":"//bdi[text()=\"OK\"]"}
COMMAND: POST /session/7b7deb7c8590fa6091596ec8cf2db6e4/elements - {"using":"xpath","value":"//bdi[text()=\"OK\"]"}
RESULT: {"using":"xpath","value":"//bdi[text()=\"OK\"]"}
COMMAND: POST /session/7b7deb7c8590fa6091596ec8cf2db6e4/elements - {"using":"xpath","value":"//bdi[text()=\"OK\"]"}
RESULT: {"using":"xpath","value":"//bdi[text()=\"OK\"]"}
COMMAND: POST /session/7b7deb7c8590fa6091596ec8cf2db6e4/elements - {"using":"xpath","value":"//bdi[text()=\"OK\"]"}
RESULT: {"using":"xpath","value":"//bdi[text()=\"OK\"]"}
COMMAND: POST /session/7b7deb7c8590fa6091596ec8cf2db6e4/elements - {"using":"xpath","value":"//bdi[text()=\"OK\"]"}
RESULT: {"using":"xpath","value":"//bdi[text()=\"OK\"]"}
COMMAND: POST /session/7b7deb7c8590fa6091596ec8cf2db6e4/elements - {"using":"xpath","value":"//bdi[text()=\"OK\"]"}
RESULT: {"using":"xpath","value":"//bdi[text()=\"OK\"]"}
COMMAND: POST /session/7b7deb7c8590fa6091596ec8cf2db6e4/elements - {"using":"xpath","value":"//bdi[text()=\"OK\"]"}
RESULT: {"using":"xpath","value":"//bdi[text()=\"OK\"]"}
COMMAND: POST /session/7b7deb7c8590fa6091596ec8cf2db6e4/elements - {"using":"xpath","value":"//bdi[text()=\"OK\"]"}
RESULT: {"using":"xpath","value":"//bdi[text()=\"OK\"]"}
COMMAND: POST /session/7b7deb7c8590fa6091596ec8cf2db6e4/elements - {"using":"xpath","value":"//bdi[text()=\"OK\"]"}
RESULT: {"using":"xpath","value":"//bdi[text()=\"OK\"]"}
COMMAND: POST /session/7b7deb7c8590fa6091596ec8cf2db6e4/elements - {"using":"xpath","value":"//bdi[text()=\"OK\"]"}
RESULT: {"using":"xpath","value":"//bdi[text()=\"OK\"]"}
COMMAND: POST /session/7b7deb7c8590fa6091596ec8cf2db6e4/elements - {"using":"xpath","value":"//bdi[text()=\"OK\"]"}
RESULT: {"using":"xpath","value":"//bdi[text()=\"OK\"]"}
COMMAND: POST /session/7b7deb7c8590fa6091596ec8cf2db6e4/elements - {"using":"xpath","value":"//bdi[text()=\"OK\"]"}
RESULT: {"using":"xpath","value":"//bdi[text()=\"OK\"]"}
COMMAND: POST /session/7b7deb7c8590fa6091596ec8cf2db6e4/elements - {"using":"xpath","value":"//bdi[text()=\"OK\"]"}
RESULT: {"using":"xpath","value":"//bdi[text()=\"OK\"]"}
COMMAND: POST /session/7b7deb7c8590fa6091596ec8cf2db6e4/elements - {"using":"xpath","value":"//bdi[text()=\"OK\"]"}
RESULT: {"using":"xpath","value":"//bdi[text()=\"OK\"]"}
COMMAND: POST /session/7b7deb7c8590fa6091596ec8cf2db6e4/elements - {"using":"xpath","value":"//bdi[text()=\"OK\"]"}
RESULT: {"using":"xpath","value":"//bdi[text()=\"OK\"]"}
COMMAND: POST /session/7b7deb7c8590fa6091596ec8cf2db6e4/elements - {"using":"xpath","value":"//bdi[text()=\"OK\"]"}
RESULT: {"using":"xpath","value":"//bdi[text()=\"OK\"]"}
COMMAND: POST /session/7b7deb7c8590fa6091596ec8cf2db6e4/elements - {"using":"xpath","value":"//bdi[text()=\"OK\"]"}
RESULT: {"using":"xpath","value":"//bdi[text()=\"OK\"]"}
COMMAND: POST /session/7b7deb7c8590fa6091596ec8cf2db6e4/elements - {"using":"xpath","value":"//bdi[text()=\"OK\"]"}
RESULT: {"using":"xpath","value":"//bdi[text()=\"OK\"]"}
COMMAND: POST /session/7b7deb7c8590fa6091596ec8cf2db6e4/elements - {"using":"xpath","value":"//bdi[text()=\"OK\"]"}
RESULT: {"using":"xpath","value":"//bdi[text()=\"OK\"]"}
COMMAND: POST /session/7b7deb7c8590fa6091596ec8cf2db6e4/elements - {"using":"xpath","value":"//bdi[text()=\"OK\"]"}
RESULT: {"using":"xpath","value":"//bdi[text()=\"OK\"]"}
COMMAND: POST /session/7b7deb7c8590fa6091596ec8cf2db6e4/elements - {"using":"xpath","value":"//bdi[text()=\"OK\"]"}
RESULT: {"using":"xpath","value":"//bdi[text()=\"OK\"]"}
COMMAND: POST /session/7b7deb7c8590fa6091596ec8cf2db6e4/elements - {"using":"xpath","value":"//bdi[text()=\"OK\"]"}
RESULT: {"using":"xpath","value":"//bdi[text()=\"OK\"]"}
COMMAND: POST /session/7b7deb7c8590fa6091596ec8cf2db6e4/elements - {"using":"xpath","value":"//bdi[text()=\"OK\"]"}
RESULT: {"using":"xpath","value":"//bdi[text()=\"OK\"]"}
COMMAND: POST /session/7b7deb7c8590fa6091596ec8cf2db6e4/elements - {"using":"xpath","value":"//bdi[text()=\"OK\"]"}
RESULT: {"using":"xpath","value":"//bdi[text()=\"OK\"]"}
COMMAND: POST /session/7b7deb7c8590fa6091596ec8cf2db6e4/elements - {"using":"xpath","value":"//bdi[text()=\"OK\"]"}
RESULT: {"using":"xpath","value":"//bdi[text()=\"OK\"]"}
COMMAND: POST /session/7b7deb7c8590fa6091596ec8cf2db6e4/elements - {"using":"xpath","value":"//bdi[text()=\"OK\"]"}
RESULT: {"using":"xpath","value":"//bdi[text()=\"OK\"]"}
COMMAND: POST /session/7b7deb7c8590fa6091596ec8cf2db6e4/elements - {"using":"xpath","value":"//bdi[text()=\"OK\"]"}
RESULT: {"using":"xpath","value":"//bdi[text()=\"OK\"]"}
COMMAND: POST /session/7b7deb7c8590fa6091596ec8cf2db6e4/elements - {"using":"xpath","value":"//bdi[text()=\"OK\"]"}
RESULT: {"using":"xpath","value":"//bdi[text()=\"OK\"]"}
COMMAND: POST /session/7b7deb7c8590fa6091596ec8cf2db6e4/elements - {"using":"xpath","value":"//bdi[text()=\"OK\"]"}
RESULT: {"using":"xpath","value":"//bdi[text()=\"OK\"]"}
COMMAND: POST /session/7b7deb7c8590fa6091596ec8cf2db6e4/elements - {"using":"xpath","value":"//bdi[text()=\"OK\"]"}
RESULT: {"using":"xpath","value":"//bdi[text()=\"OK\"]"}
COMMAND: POST /session/7b7deb7c8590fa6091596ec8cf2db6e4/elements - {"using":"xpath","value":"//bdi[text()=\"OK\"]"}
RESULT: {"using":"xpath","value":"//bdi[text()=\"OK\"]"}
COMMAND: POST /session/7b7deb7c8590fa6091596ec8cf2db6e4/elements - {"using":"xpath","value":"//bdi[text()=\"OK\"]"}
RESULT: {"using":"xpath","value":"//bdi[text()=\"OK\"]"}
COMMAND: POST /session/7b7deb7c8590fa6091596ec8cf2db6e4/elements - {"using":"xpath","value":"//bdi[text()=\"OK\"]"}
RESULT: {"using":"xpath","value":"//bdi[text()=\"OK\"]"}
COMMAND: POST /session/7b7deb7c8590fa6091596ec8cf2db6e4/elements - {"using":"xpath","value":"//bdi[text()=\"OK\"]"}
RESULT: {"using":"xpath","value":"//bdi[text()=\"OK\"]"}
COMMAND: POST /session/7b7deb7c8590fa6091596ec8cf2db6e4/elements - {"using":"xpath","value":"//bdi[text()=\"OK\"]"}
RESULT: {"using":"xpath","value":"//bdi[text()=\"OK\"]"}
COMMAND: POST /session/7b7deb7c8590fa6091596ec8cf2db6e4/elements - {"using":"xpath","value":"//bdi[text()=\"OK\"]"}
RESULT: {"using":"xpath","value":"//bdi[text()=\"OK\"]"}
COMMAND: POST /session/7b7deb7c8590fa6091596ec8cf2db6e4/elements - {"using":"xpath","value":"//bdi[text()=\"OK\"]"}
RESULT: {"using":"xpath","value":"//bdi[text()=\"OK\"]"}
COMMAND: POST /session/7b7deb7c8590fa6091596ec8cf2db6e4/elements - {"using":"xpath","value":"//bdi[text()=\"OK\"]"}
RESULT: {"using":"xpath","value":"//bdi[text()=\"OK\"]"}
COMMAND: POST /session/7b7deb7c8590fa6091596ec8cf2db6e4/elements - {"using":"xpath","value":"//bdi[text()=\"OK\"]"}
RESULT: {"using":"xpath","value":"//bdi[text()=\"OK\"]"}
COMMAND: POST /session/7b7deb7c8590fa6091596ec8cf2db6e4/elements - {"using":"xpath","value":"//bdi[text()=\"OK\"]"}
RESULT: {"using":"xpath","value":"//bdi[text()=\"OK\"]"}
COMMAND: POST /session/7b7deb7c8590fa6091596ec8cf2db6e4/elements - {"using":"xpath","value":"//bdi[text()=\"OK\"]"}
RESULT: {"using":"xpath","value":"//bdi[text()=\"OK\"]"}
COMMAND: POST /session/7b7deb7c8590fa6091596ec8cf2db6e4/elements - {"using":"xpath","value":"//bdi[text()=\"OK\"]"}
COMMAND: POST /session/7b7deb7c8590fa6091596ec8cf2db6e4/execute/async - {"script":"<script> [1562 bytes]","args":[{"selector":{"id":"application-manageresources-display-component---newResourceUnit--TYPE-arrow"},"wdio_ui5_key":"applicationmanageresources-display-component---newResourceUnit--TYPE-arrow"}]}
RESULT: {"using":"xpath","value":"//bdi[text()=\"OK\"]"}
RESULT: {"script":"<script> [1562 bytes]","args":[{"selector":{"id":"application-manageresources-display-component---newResourceUnit--TYPE-arrow"},"wdio_ui5_key":"applicationmanageresources-display-component---newResourceUnit--TYPE-arrow"}]}
RESULT: undefined
COMMAND: POST /session/7b7deb7c8590fa6091596ec8cf2db6e4/element - {"using":"xpath","value":"//*[@id=\"application-manageresources-display-component---newResourceUnit--TYPE-arrow\"]"}
RESULT: {"using":"xpath","value":"//*[@id=\"application-manageresources-display-component---newResourceUnit--TYPE-arrow\"]"}
COMMAND: POST /session/7b7deb7c8590fa6091596ec8cf2db6e4/element/f.00692CF0BC94F1C607A97A5075ACE774.d.0B1723D8D4BD4DC6F3E762A3FF62D173.e.6762/click - {}
RESULT: {}
COMMAND: POST /session/7b7deb7c8590fa6091596ec8cf2db6e4/execute/async - {"script":"<script> [1562 bytes]","args":[{"selector":{"controlType":"sap.m.StandardListItem","viewName":"reusables.view.manageresources.NewResourceUnit","viewId":"application-manageresources-display-component---newResourceUnit","properties":{"title":"Material"},"searchOpenDialogs":true,"interaction":{"idSuffix":"titleText"}},"wdio_ui5_key":"reusablesview.manageresources.NewResourceUnitsap.m.StandardListItem{\"title\":\"Material\"}"}]}
COMMAND: GET /session/7b7deb7c8590fa6091596ec8cf2db6e4/screenshot - {}
RESULT: {"script":"<script> [1562 bytes]","args":[{"selector":{"controlType":"sap.m.StandardListItem","viewName":"reusables.view.manageresources.NewResourceUnit","viewId":"application-manageresources-display-component---newResourceUnit","properties":{"title":"Material"},"searchOpenDialogs":true,"interaction":{"idSuffix":"titleText"}},"wdio_ui5_key":"reusablesview.manageresources.NewResourceUnitsap.m.StandardListItem{\"title\":\"Material\"}"}]}
RESULT: undefined
COMMAND: POST /session/7b7deb7c8590fa6091596ec8cf2db6e4/element - {"using":"xpath","value":"//*[@id=\"__item142\"]"}
RESULT: {}
RESULT: {"using":"xpath","value":"//*[@id=\"__item142\"]"}
COMMAND: POST /session/7b7deb7c8590fa6091596ec8cf2db6e4/element/f.00692CF0BC94F1C607A97A5075ACE774.d.0B1723D8D4BD4DC6F3E762A3FF62D173.e.6765/click - {}
RESULT: {}
COMMAND: POST /session/7b7deb7c8590fa6091596ec8cf2db6e4/execute/async - {"script":"<script> [1562 bytes]","args":[{"selector":{"id":"application-manageresources-display-component---newResourceUnit--SHORT_TEXT","interaction":{"idSuffix":"inner"}},"wdio_ui5_key":"applicationmanageresources-display-component---newResourceUnit--SHORT_TEXT"}]}
COMMAND: GET /session/7b7deb7c8590fa6091596ec8cf2db6e4/screenshot - {}
RESULT: {"script":"<script> [1562 bytes]","args":[{"selector":{"id":"application-manageresources-display-component---newResourceUnit--SHORT_TEXT","interaction":{"idSuffix":"inner"}},"wdio_ui5_key":"applicationmanageresources-display-component---newResourceUnit--SHORT_TEXT"}]}
RESULT: undefined
COMMAND: POST /session/7b7deb7c8590fa6091596ec8cf2db6e4/execute/async - {"script":"<script> [776 bytes]","args":[{"enterText":"WebdriverWHM_RU R2Cwxxle","selector":{"id":"application-manageresources-display-component---newResourceUnit--SHORT_TEXT","interaction":{"idSuffix":"inner"}},"clearTextFirst":true,"interactionType":"ENTER_TEXT"}]}
RESULT: {}
RESULT: {"script":"<script> [776 bytes]","args":[{"enterText":"WebdriverWHM_RU R2Cwxxle","selector":{"id":"application-manageresources-display-component---newResourceUnit--SHORT_TEXT","interaction":{"idSuffix":"inner"}},"clearTextFirst":true,"interactionType":"ENTER_TEXT"}]}
COMMAND: POST /session/7b7deb7c8590fa6091596ec8cf2db6e4/execute/async - {"script":"<script> [1562 bytes]","args":[{"selector":{"id":"application-manageresources-display-component---newResourceUnit--BASE_UNIT_OF_MEASURE-arrow"},"wdio_ui5_key":"applicationmanageresources-display-component---newResourceUnit--BASE_UNIT_OF_MEASURE-arrow"}]}
RESULT: {"script":"<script> [1562 bytes]","args":[{"selector":{"id":"application-manageresources-display-component---newResourceUnit--BASE_UNIT_OF_MEASURE-arrow"},"wdio_ui5_key":"applicationmanageresources-display-component---newResourceUnit--BASE_UNIT_OF_MEASURE-arrow"}]}
RESULT: undefined
COMMAND: POST /session/7b7deb7c8590fa6091596ec8cf2db6e4/element - {"using":"xpath","value":"//*[@id=\"application-manageresources-display-component---newResourceUnit--BASE_UNIT_OF_MEASURE-arrow\"]"}
RESULT: {"using":"xpath","value":"//*[@id=\"application-manageresources-display-component---newResourceUnit--BASE_UNIT_OF_MEASURE-arrow\"]"}
COMMAND: POST /session/7b7deb7c8590fa6091596ec8cf2db6e4/element/f.00692CF0BC94F1C607A97A5075ACE774.d.0B1723D8D4BD4DC6F3E762A3FF62D173.e.6821/click - {}
RESULT: {}
COMMAND: POST /session/7b7deb7c8590fa6091596ec8cf2db6e4/execute/async - {"script":"<script> [1562 bytes]","args":[{"selector":{"controlType":"sap.m.StandardListItem","viewName":"reusables.view.manageresources.NewResourceUnit","viewId":"application-manageresources-display-component---newResourceUnit","properties":{"title":"Piece"},"searchOpenDialogs":true,"interaction":{"idSuffix":"content"}},"wdio_ui5_key":"reusablesview.manageresources.NewResourceUnitsap.m.StandardListItem{\"title\":\"Piece\"}"}]}
COMMAND: GET /session/7b7deb7c8590fa6091596ec8cf2db6e4/screenshot - {}
RESULT: {"script":"<script> [1562 bytes]","args":[{"selector":{"controlType":"sap.m.StandardListItem","viewName":"reusables.view.manageresources.NewResourceUnit","viewId":"application-manageresources-display-component---newResourceUnit","properties":{"title":"Piece"},"searchOpenDialogs":true,"interaction":{"idSuffix":"content"}},"wdio_ui5_key":"reusablesview.manageresources.NewResourceUnitsap.m.StandardListItem{\"title\":\"Piece\"}"}]}
RESULT: undefined
COMMAND: POST /session/7b7deb7c8590fa6091596ec8cf2db6e4/element - {"using":"xpath","value":"//*[@id=\"__item184\"]"}
RESULT: {}
RESULT: {"using":"xpath","value":"//*[@id=\"__item184\"]"}
COMMAND: POST /session/7b7deb7c8590fa6091596ec8cf2db6e4/element/f.00692CF0BC94F1C607A97A5075ACE774.d.0B1723D8D4BD4DC6F3E762A3FF62D173.e.6823/click - {}
RESULT: {}
COMMAND: POST /session/7b7deb7c8590fa6091596ec8cf2db6e4/execute/async - {"script":"<script> [1562 bytes]","args":[{"selector":{"id":"application-manageresources-display-component---newResourceUnit--WEIGHT_UNIT-arrow"},"wdio_ui5_key":"applicationmanageresources-display-component---newResourceUnit--WEIGHT_UNIT-arrow"}]}
COMMAND: GET /session/7b7deb7c8590fa6091596ec8cf2db6e4/screenshot - {}
RESULT: {"script":"<script> [1562 bytes]","args":[{"selector":{"id":"application-manageresources-display-component---newResourceUnit--WEIGHT_UNIT-arrow"},"wdio_ui5_key":"applicationmanageresources-display-component---newResourceUnit--WEIGHT_UNIT-arrow"}]}
RESULT: undefined
COMMAND: POST /session/7b7deb7c8590fa6091596ec8cf2db6e4/element - {"using":"xpath","value":"//*[@id=\"application-manageresources-display-component---newResourceUnit--WEIGHT_UNIT-arrow\"]"}
RESULT: {}
RESULT: {"using":"xpath","value":"//*[@id=\"application-manageresources-display-component---newResourceUnit--WEIGHT_UNIT-arrow\"]"}
COMMAND: POST /session/7b7deb7c8590fa6091596ec8cf2db6e4/element/f.00692CF0BC94F1C607A97A5075ACE774.d.0B1723D8D4BD4DC6F3E762A3FF62D173.e.6824/click - {}
RESULT: {}
COMMAND: POST /session/7b7deb7c8590fa6091596ec8cf2db6e4/execute/async - {"script":"<script> [1562 bytes]","args":[{"selector":{"controlType":"sap.m.StandardListItem","viewName":"reusables.view.manageresources.NewResourceUnit","viewId":"application-manageresources-display-component---newResourceUnit","properties":{"title":"Gram"},"searchOpenDialogs":true,"interaction":{"idSuffix":"content"}},"wdio_ui5_key":"reusablesview.manageresources.NewResourceUnitsap.m.StandardListItem{\"title\":\"Gram\"}"}]}
COMMAND: GET /session/7b7deb7c8590fa6091596ec8cf2db6e4/screenshot - {}
RESULT: {"script":"<script> [1562 bytes]","args":[{"selector":{"controlType":"sap.m.StandardListItem","viewName":"reusables.view.manageresources.NewResourceUnit","viewId":"application-manageresources-display-component---newResourceUnit","properties":{"title":"Gram"},"searchOpenDialogs":true,"interaction":{"idSuffix":"content"}},"wdio_ui5_key":"reusablesview.manageresources.NewResourceUnitsap.m.StandardListItem{\"title\":\"Gram\"}"}]}
RESULT: undefined
COMMAND: POST /session/7b7deb7c8590fa6091596ec8cf2db6e4/element - {"using":"xpath","value":"//*[@id=\"__item249\"]"}
RESULT: {}
RESULT: {"using":"xpath","value":"//*[@id=\"__item249\"]"}
COMMAND: POST /session/7b7deb7c8590fa6091596ec8cf2db6e4/element/f.00692CF0BC94F1C607A97A5075ACE774.d.0B1723D8D4BD4DC6F3E762A3FF62D173.e.6826/click - {}
RESULT: {}
COMMAND: GET /session/7b7deb7c8590fa6091596ec8cf2db6e4/screenshot - {}
RESULT: {}
COMMAND: POST /session/7b7deb7c8590fa6091596ec8cf2db6e4/execute/async - {"script":"<script> [1562 bytes]","args":[{"selector":{"id":"application-manageresources-display-component---newResourceUnit--newRRUPage-OPHeaderContent-collapseBtn-img"},"wdio_ui5_key":"applicationmanageresources-display-component---newResourceUnit--newRRUPage-OPHeaderContent-collapseBtn-img"}]}
RESULT: {"script":"<script> [1562 bytes]","args":[{"selector":{"id":"application-manageresources-display-component---newResourceUnit--newRRUPage-OPHeaderContent-collapseBtn-img"},"wdio_ui5_key":"applicationmanageresources-display-component---newResourceUnit--newRRUPage-OPHeaderContent-collapseBtn-img"}]}
RESULT: undefined
COMMAND: POST /session/7b7deb7c8590fa6091596ec8cf2db6e4/element - {"using":"xpath","value":"//*[@id=\"application-manageresources-display-component---newResourceUnit--newRRUPage-OPHeaderContent-collapseBtn-img\"]"}
RESULT: {"using":"xpath","value":"//*[@id=\"application-manageresources-display-component---newResourceUnit--newRRUPage-OPHeaderContent-collapseBtn-img\"]"}
COMMAND: POST /session/7b7deb7c8590fa6091596ec8cf2db6e4/element/f.00692CF0BC94F1C607A97A5075ACE774.d.0B1723D8D4BD4DC6F3E762A3FF62D173.e.6774/click - {}
RESULT: {}
COMMAND: GET /session/7b7deb7c8590fa6091596ec8cf2db6e4/screenshot - {}
RESULT: {}
COMMAND: POST /session/7b7deb7c8590fa6091596ec8cf2db6e4/element - {"using":"xpath","value":"(//span[contains(@id ,\"application-manageresources-display-component---newResourceUnit--DIMENSION_UNIT-arrow\")])[1]"}
RESULT: {"using":"xpath","value":"(//span[contains(@id ,\"application-manageresources-display-component---newResourceUnit--DIMENSION_UNIT-arrow\")])[1]"}
COMMAND: POST /session/7b7deb7c8590fa6091596ec8cf2db6e4/element/f.00692CF0BC94F1C607A97A5075ACE774.d.0B1723D8D4BD4DC6F3E762A3FF62D173.e.6830/click - {}
RESULT: {}
COMMAND: GET /session/7b7deb7c8590fa6091596ec8cf2db6e4/screenshot - {}
RESULT: {}
COMMAND: POST /session/7b7deb7c8590fa6091596ec8cf2db6e4/execute/async - {"script":"<script> [1562 bytes]","args":[{"selector":{"controlType":"sap.m.StandardListItem","viewName":"reusables.view.manageresources.NewResourceUnit","viewId":"application-manageresources-display-component---newResourceUnit","properties":{"title":"Centimeter"},"searchOpenDialogs":true,"interaction":{"idSuffix":"titleText"}},"wdio_ui5_key":"reusablesview.manageresources.NewResourceUnitsap.m.StandardListItem{\"title\":\"Centimeter\"}"}]}
RESULT: {"script":"<script> [1562 bytes]","args":[{"selector":{"controlType":"sap.m.StandardListItem","viewName":"reusables.view.manageresources.NewResourceUnit","viewId":"application-manageresources-display-component---newResourceUnit","properties":{"title":"Centimeter"},"searchOpenDialogs":true,"interaction":{"idSuffix":"titleText"}},"wdio_ui5_key":"reusablesview.manageresources.NewResourceUnitsap.m.StandardListItem{\"title\":\"Centimeter\"}"}]}
RESULT: undefined
COMMAND: POST /session/7b7deb7c8590fa6091596ec8cf2db6e4/element - {"using":"xpath","value":"//*[@id=\"__item252\"]"}
RESULT: {"using":"xpath","value":"//*[@id=\"__item252\"]"}
COMMAND: POST /session/7b7deb7c8590fa6091596ec8cf2db6e4/element/f.00692CF0BC94F1C607A97A5075ACE774.d.0B1723D8D4BD4DC6F3E762A3FF62D173.e.6834/click - {}
RESULT: {}
COMMAND: GET /session/7b7deb7c8590fa6091596ec8cf2db6e4/screenshot - {}
RESULT: {}
COMMAND: POST /session/7b7deb7c8590fa6091596ec8cf2db6e4/execute/async - {"script":"<script> [1562 bytes]","args":[{"selector":{"id":"application-manageresources-display-component---newResourceUnit--newRRUPage-anchBar-application-manageresources-display-component---newResourceUnit--reference-anchor","interaction":{"idSuffix":"BDI-content"}},"wdio_ui5_key":"applicationmanageresources-display-component---newResourceUnit--newRRUPage-anchBar-application-manageresources-display-component---newResourceUnit--reference-anchor"}]}
RESULT: {"script":"<script> [1562 bytes]","args":[{"selector":{"id":"application-manageresources-display-component---newResourceUnit--newRRUPage-anchBar-application-manageresources-display-component---newResourceUnit--reference-anchor","interaction":{"idSuffix":"BDI-content"}},"wdio_ui5_key":"applicationmanageresources-display-component---newResourceUnit--newRRUPage-anchBar-application-manageresources-display-component---newResourceUnit--reference-anchor"}]}
RESULT: undefined
COMMAND: POST /session/7b7deb7c8590fa6091596ec8cf2db6e4/element - {"using":"xpath","value":"//*[@id=\"application-manageresources-display-component---newResourceUnit--newRRUPage-anchBar-application-manageresources-display-component---newResourceUnit--reference-anchor\"]"}
RESULT: {"using":"xpath","value":"//*[@id=\"application-manageresources-display-component---newResourceUnit--newRRUPage-anchBar-application-manageresources-display-component---newResourceUnit--reference-anchor\"]"}
COMMAND: POST /session/7b7deb7c8590fa6091596ec8cf2db6e4/element/f.00692CF0BC94F1C607A97A5075ACE774.d.0B1723D8D4BD4DC6F3E762A3FF62D173.e.6836/click - {}
RESULT: {}
COMMAND: POST /session/7b7deb7c8590fa6091596ec8cf2db6e4/execute/async - {"script":"<script> [1562 bytes]","args":[{"selector":{"id":"application-manageresources-display-component---newResourceUnit--PLANNING_GROUP-arrow"},"wdio_ui5_key":"applicationmanageresources-display-component---newResourceUnit--PLANNING_GROUP-arrow"}]}
COMMAND: GET /session/7b7deb7c8590fa6091596ec8cf2db6e4/screenshot - {}
RESULT: {"script":"<script> [1562 bytes]","args":[{"selector":{"id":"application-manageresources-display-component---newResourceUnit--PLANNING_GROUP-arrow"},"wdio_ui5_key":"applicationmanageresources-display-component---newResourceUnit--PLANNING_GROUP-arrow"}]}
RESULT: undefined
COMMAND: POST /session/7b7deb7c8590fa6091596ec8cf2db6e4/element - {"using":"xpath","value":"//*[@id=\"application-manageresources-display-component---newResourceUnit--PLANNING_GROUP-arrow\"]"}
RESULT: {}
RESULT: {"using":"xpath","value":"//*[@id=\"application-manageresources-display-component---newResourceUnit--PLANNING_GROUP-arrow\"]"}
COMMAND: POST /session/7b7deb7c8590fa6091596ec8cf2db6e4/element/f.00692CF0BC94F1C607A97A5075ACE774.d.0B1723D8D4BD4DC6F3E762A3FF62D173.e.6840/click - {}
RESULT: {}
COMMAND: POST /session/7b7deb7c8590fa6091596ec8cf2db6e4/execute/async - {"script":"<script> [1562 bytes]","args":[{"selector":{"controlType":"sap.m.StandardListItem","viewName":"reusables.view.manageresources.NewResourceUnit","viewId":"application-manageresources-display-component---newResourceUnit","properties":{"title":"Heavy Equi"},"searchOpenDialogs":true,"interaction":{"idSuffix":"content"}},"wdio_ui5_key":"reusablesview.manageresources.NewResourceUnitsap.m.StandardListItem{\"title\":\"Heavy Equi\"}"}]}
COMMAND: GET /session/7b7deb7c8590fa6091596ec8cf2db6e4/screenshot - {}
RESULT: {"script":"<script> [1562 bytes]","args":[{"selector":{"controlType":"sap.m.StandardListItem","viewName":"reusables.view.manageresources.NewResourceUnit","viewId":"application-manageresources-display-component---newResourceUnit","properties":{"title":"Heavy Equi"},"searchOpenDialogs":true,"interaction":{"idSuffix":"content"}},"wdio_ui5_key":"reusablesview.manageresources.NewResourceUnitsap.m.StandardListItem{\"title\":\"Heavy Equi\"}"}]}
RESULT: undefined
COMMAND: POST /session/7b7deb7c8590fa6091596ec8cf2db6e4/element - {"using":"xpath","value":"//*[@id=\"__item260\"]"}
RESULT: {}
RESULT: {"using":"xpath","value":"//*[@id=\"__item260\"]"}
COMMAND: POST /session/7b7deb7c8590fa6091596ec8cf2db6e4/element/f.00692CF0BC94F1C607A97A5075ACE774.d.0B1723D8D4BD4DC6F3E762A3FF62D173.e.6843/click - {}
RESULT: {}
COMMAND: GET /session/7b7deb7c8590fa6091596ec8cf2db6e4/screenshot - {}
RESULT: {}
COMMAND: POST /session/7b7deb7c8590fa6091596ec8cf2db6e4/execute/async - {"script":"<script> [1562 bytes]","args":[{"selector":{"id":"application-manageresources-display-component---newResourceUnit--PLANNING_INDICATOR-arrow"},"wdio_ui5_key":"applicationmanageresources-display-component---newResourceUnit--PLANNING_INDICATOR-arrow"}]}
RESULT: {"script":"<script> [1562 bytes]","args":[{"selector":{"id":"application-manageresources-display-component---newResourceUnit--PLANNING_INDICATOR-arrow"},"wdio_ui5_key":"applicationmanageresources-display-component---newResourceUnit--PLANNING_INDICATOR-arrow"}]}
RESULT: undefined
COMMAND: POST /session/7b7deb7c8590fa6091596ec8cf2db6e4/element - {"using":"xpath","value":"//*[@id=\"application-manageresources-display-component---newResourceUnit--PLANNING_INDICATOR-arrow\"]"}
RESULT: {"using":"xpath","value":"//*[@id=\"application-manageresources-display-component---newResourceUnit--PLANNING_INDICATOR-arrow\"]"}
COMMAND: POST /session/7b7deb7c8590fa6091596ec8cf2db6e4/element/f.00692CF0BC94F1C607A97A5075ACE774.d.0B1723D8D4BD4DC6F3E762A3FF62D173.e.6844/click - {}
RESULT: {}
COMMAND: POST /session/7b7deb7c8590fa6091596ec8cf2db6e4/execute/async - {"script":"<script> [1562 bytes]","args":[{"selector":{"controlType":"sap.m.StandardListItem","viewName":"reusables.view.manageresources.NewResourceUnit","viewId":"application-manageresources-display-component---newResourceUnit","properties":{"title":"10 - infinite"},"searchOpenDialogs":true,"interaction":{"idSuffix":"content"}},"wdio_ui5_key":"reusablesview.manageresources.NewResourceUnitsap.m.StandardListItem{\"title\":\"10 - infinite\"}"}]}
COMMAND: GET /session/7b7deb7c8590fa6091596ec8cf2db6e4/screenshot - {}
RESULT: {"script":"<script> [1562 bytes]","args":[{"selector":{"controlType":"sap.m.StandardListItem","viewName":"reusables.view.manageresources.NewResourceUnit","viewId":"application-manageresources-display-component---newResourceUnit","properties":{"title":"10 - infinite"},"searchOpenDialogs":true,"interaction":{"idSuffix":"content"}},"wdio_ui5_key":"reusablesview.manageresources.NewResourceUnitsap.m.StandardListItem{\"title\":\"10 - infinite\"}"}]}
RESULT: undefined
COMMAND: POST /session/7b7deb7c8590fa6091596ec8cf2db6e4/element - {"using":"xpath","value":"//*[@id=\"__item270\"]"}
RESULT: {}
RESULT: {"using":"xpath","value":"//*[@id=\"__item270\"]"}
COMMAND: POST /session/7b7deb7c8590fa6091596ec8cf2db6e4/element/f.00692CF0BC94F1C607A97A5075ACE774.d.0B1723D8D4BD4DC6F3E762A3FF62D173.e.6846/click - {}
RESULT: {}
COMMAND: GET /session/7b7deb7c8590fa6091596ec8cf2db6e4/screenshot - {}
RESULT: {}
COMMAND: POST /session/7b7deb7c8590fa6091596ec8cf2db6e4/element - {"using":"xpath","value":"//bdi[contains(text(), \"Time Segment\")]"}
RESULT: {"using":"xpath","value":"//bdi[contains(text(), \"Time Segment\")]"}
COMMAND: GET /session/7b7deb7c8590fa6091596ec8cf2db6e4/element/f.00692CF0BC94F1C607A97A5075ACE774.d.0B1723D8D4BD4DC6F3E762A3FF62D173.e.6847/rect - {}
RESULT: {}
COMMAND: GET /session/7b7deb7c8590fa6091596ec8cf2db6e4/window/rect - {}
RESULT: {}
COMMAND: POST /session/7b7deb7c8590fa6091596ec8cf2db6e4/execute/sync - {"script":"<script> [92 bytes]","args":[]}
RESULT: {"script":"<script> [92 bytes]","args":[]}
COMMAND: POST /session/7b7deb7c8590fa6091596ec8cf2db6e4/actions - {"actions":[{"id":"action19","type":"wheel","parameters":{},"actions":[{"type":"scroll","x":-1804,"y":-21,"deltaX":0,"deltaY":0,"duration":0,"origin":{"element-6066-11e4-a52e-4f735466cecf":"f.00692CF0BC94F1C607A97A5075ACE774.d.0B1723D8D4BD4DC6F3E762A3FF62D173.e.6847"}}]}]}
COMMAND: GET /session/7b7deb7c8590fa6091596ec8cf2db6e4/screenshot - {}
RESULT: {}
COMMAND: POST /session/7b7deb7c8590fa6091596ec8cf2db6e4/execute/sync - {"script":"<script> [79 bytes]","args":[{"element-6066-11e4-a52e-4f735466cecf":"f.00692CF0BC94F1C607A97A5075ACE774.d.0B1723D8D4BD4DC6F3E762A3FF62D173.e.6847","ELEMENT":"f.00692CF0BC94F1C607A97A5075ACE774.d.0B1723D8D4BD4DC6F3E762A3FF62D173.e.6847"},{"block":"start","inline":"nearest"}]}
RESULT: {"script":"<script> [79 bytes]","args":[{"element-6066-11e4-a52e-4f735466cecf":"f.00692CF0BC94F1C607A97A5075ACE774.d.0B1723D8D4BD4DC6F3E762A3FF62D173.e.6847","ELEMENT":"f.00692CF0BC94F1C607A97A5075ACE774.d.0B1723D8D4BD4DC6F3E762A3FF62D173.e.6847"},{"block":"start","inline":"nearest"}]}
COMMAND: GET /session/7b7deb7c8590fa6091596ec8cf2db6e4/screenshot - {}
RESULT: {}
COMMAND: POST /session/7b7deb7c8590fa6091596ec8cf2db6e4/element - {"using":"xpath","value":"//span[@id=\"application-manageresources-display-component---newResourceUnit--btnAddTimeSegment-img\"]"}
RESULT: {"using":"xpath","value":"//span[@id=\"application-manageresources-display-component---newResourceUnit--btnAddTimeSegment-img\"]"}
COMMAND: POST /session/7b7deb7c8590fa6091596ec8cf2db6e4/execute/sync - {"script":"<script> [8489 bytes]","args":[{"element-6066-11e4-a52e-4f735466cecf":"f.00692CF0BC94F1C607A97A5075ACE774.d.0B1723D8D4BD4DC6F3E762A3FF62D173.e.6850","ELEMENT":"f.00692CF0BC94F1C607A97A5075ACE774.d.0B1723D8D4BD4DC6F3E762A3FF62D173.e.6850"}]}
RESULT: {"script":"<script> [8489 bytes]","args":[{"element-6066-11e4-a52e-4f735466cecf":"f.00692CF0BC94F1C607A97A5075ACE774.d.0B1723D8D4BD4DC6F3E762A3FF62D173.e.6850","ELEMENT":"f.00692CF0BC94F1C607A97A5075ACE774.d.0B1723D8D4BD4DC6F3E762A3FF62D173.e.6850"}]}
COMMAND: POST /session/7b7deb7c8590fa6091596ec8cf2db6e4/element/f.00692CF0BC94F1C607A97A5075ACE774.d.0B1723D8D4BD4DC6F3E762A3FF62D173.e.6850/click - {}
COMMAND: GET /session/7b7deb7c8590fa6091596ec8cf2db6e4/screenshot - {}
RESULT: {}
COMMAND: GET /session/7b7deb7c8590fa6091596ec8cf2db6e4/screenshot - {}
COMMAND: POST /session/7b7deb7c8590fa6091596ec8cf2db6e4/element - {"using":"xpath","value":"//input[@id=\"application-manageresources-display-component---newResourceUnit--idRuTSAdmin-application-manageresources-display-component---newResourceUnit--RUTimeSegment-0-inner\"]"}
RESULT: {}
RESULT: {}
RESULT: {"using":"xpath","value":"//input[@id=\"application-manageresources-display-component---newResourceUnit--idRuTSAdmin-application-manageresources-display-component---newResourceUnit--RUTimeSegment-0-inner\"]"}
COMMAND: POST /session/7b7deb7c8590fa6091596ec8cf2db6e4/element/f.00692CF0BC94F1C607A97A5075ACE774.d.0B1723D8D4BD4DC6F3E762A3FF62D173.e.6853/clear - {}
RESULT: {}
COMMAND: POST /session/7b7deb7c8590fa6091596ec8cf2db6e4/element/f.00692CF0BC94F1C607A97A5075ACE774.d.0B1723D8D4BD4DC6F3E762A3FF62D173.e.6853/value - {"text":"551"}
COMMAND: GET /session/7b7deb7c8590fa6091596ec8cf2db6e4/screenshot - {}
RESULT: {"text":"551"}
COMMAND: GET /session/7b7deb7c8590fa6091596ec8cf2db6e4/screenshot - {}
RESULT: {}
RESULT: {}
COMMAND: POST /session/7b7deb7c8590fa6091596ec8cf2db6e4/actions - {"actions":[{"id":"action20","type":"key","parameters":{},"actions":[{"type":"keyDown","value":"î€‡"},{"type":"pause","duration":10},{"type":"keyUp","value":"î€‡"}]}]}
RESULT: {"actions":[{"id":"action20","type":"key","parameters":{},"actions":[{"type":"keyDown","value":"î€‡"},{"type":"pause","duration":10},{"type":"keyUp","value":"î€‡"}]}]}
COMMAND: POST /session/7b7deb7c8590fa6091596ec8cf2db6e4/execute/async - {"script":"<script> [1562 bytes]","args":[{"selector":{"controlType":"sap.m.Button","viewName":"reusables.view.manageresources.NewResourceUnit","viewId":"application-manageresources-display-component---newResourceUnit","i18NText":{"propertyName":"tooltip","key":"save"},"interaction":{"idSuffix":"BDI-content"}},"wdio_ui5_key":"reusablesview.manageresources.NewResourceUnitsap.m.Button{\"propertyName\":\"tooltip\",\"key\":\"save\"}"}]}
COMMAND: GET /session/7b7deb7c8590fa6091596ec8cf2db6e4/screenshot - {}
RESULT: {"script":"<script> [1562 bytes]","args":[{"selector":{"controlType":"sap.m.Button","viewName":"reusables.view.manageresources.NewResourceUnit","viewId":"application-manageresources-display-component---newResourceUnit","i18NText":{"propertyName":"tooltip","key":"save"},"interaction":{"idSuffix":"BDI-content"}},"wdio_ui5_key":"reusablesview.manageresources.NewResourceUnitsap.m.Button{\"propertyName\":\"tooltip\",\"key\":\"save\"}"}]}
RESULT: undefined
COMMAND: POST /session/7b7deb7c8590fa6091596ec8cf2db6e4/element - {"using":"xpath","value":"//*[@id=\"application-manageresources-display-component---newResourceUnit--createRuButton\"]"}
RESULT: {}
RESULT: {"using":"xpath","value":"//*[@id=\"application-manageresources-display-component---newResourceUnit--createRuButton\"]"}
COMMAND: POST /session/7b7deb7c8590fa6091596ec8cf2db6e4/element/f.00692CF0BC94F1C607A97A5075ACE774.d.0B1723D8D4BD4DC6F3E762A3FF62D173.e.6780/click - {}
RESULT: {}
COMMAND: GET /session/7b7deb7c8590fa6091596ec8cf2db6e4/screenshot - {}
RESULT: {}
COMMAND: POST /session/7b7deb7c8590fa6091596ec8cf2db6e4/execute/async - {"script":"<script> [1562 bytes]","args":[{"selector":{"controlType":"sap.m.Title","properties":{"text":"Success"},"searchOpenDialogs":true},"wdio_ui5_key":"sapm.Title{\"text\":\"Success\"}"}]}
RESULT: {"script":"<script> [1562 bytes]","args":[{"selector":{"controlType":"sap.m.Title","properties":{"text":"Success"},"searchOpenDialogs":true},"wdio_ui5_key":"sapm.Title{\"text\":\"Success\"}"}]}
RESULT: undefined
COMMAND: POST /session/7b7deb7c8590fa6091596ec8cf2db6e4/execute/async - {"script":"<script> [6424 bytes]","args":[{"element-6066-11e4-a52e-4f735466cecf":"f.00692CF0BC94F1C607A97A5075ACE774.d.0B1723D8D4BD4DC6F3E762A3FF62D173.e.6868"},"getText",[]]}
RESULT: {"script":"<script> [6424 bytes]","args":[{"element-6066-11e4-a52e-4f735466cecf":"f.00692CF0BC94F1C607A97A5075ACE774.d.0B1723D8D4BD4DC6F3E762A3FF62D173.e.6868"},"getText",[]]}
COMMAND: POST /session/7b7deb7c8590fa6091596ec8cf2db6e4/element - {"using":"xpath","value":"//*[contains(@id, '__text') and (contains(text(), 'successfully created') or contains(., 'successfully created'))]"}
RESULT: {"using":"xpath","value":"//*[contains(@id, '__text') and (contains(text(), 'successfully created') or contains(., 'successfully created'))]"}
COMMAND: GET /session/7b7deb7c8590fa6091596ec8cf2db6e4/element/f.00692CF0BC94F1C607A97A5075ACE774.d.0B1723D8D4BD4DC6F3E762A3FF62D173.e.6867/text - {}
RESULT: {}
COMMAND: POST /session/7b7deb7c8590fa6091596ec8cf2db6e4/execute/async - {"script":"<script> [1562 bytes]","args":[{"selector":{"controlType":"sap.m.Button","properties":{"text":"Close"},"searchOpenDialogs":true,"interaction":{"idSuffix":"BDI-content"}},"wdio_ui5_key":"sapm.Button{\"text\":\"Close\"}"}]}
RESULT: {"script":"<script> [1562 bytes]","args":[{"selector":{"controlType":"sap.m.Button","properties":{"text":"Close"},"searchOpenDialogs":true,"interaction":{"idSuffix":"BDI-content"}},"wdio_ui5_key":"sapm.Button{\"text\":\"Close\"}"}]}
RESULT: undefined
COMMAND: POST /session/7b7deb7c8590fa6091596ec8cf2db6e4/element - {"using":"xpath","value":"//*[@id=\"__mbox-btn-0\"]"}
RESULT: {"using":"xpath","value":"//*[@id=\"__mbox-btn-0\"]"}
COMMAND: POST /session/7b7deb7c8590fa6091596ec8cf2db6e4/element/f.00692CF0BC94F1C607A97A5075ACE774.d.0B1723D8D4BD4DC6F3E762A3FF62D173.e.6864/click - {}
RESULT: {}
COMMAND: GET /session/7b7deb7c8590fa6091596ec8cf2db6e4/screenshot - {}
RESULT: {}
COMMAND: POST /session/7b7deb7c8590fa6091596ec8cf2db6e4/execute/async - {"script":"<script> [1562 bytes]","args":[{"selector":{"controlType":"sap.ui.core.Icon","viewName":"etm.portal.ui.manageresources.view.Detail","viewId":"application-manageresources-display-component---detailRU","properties":{"src":{"regex":{"source":"overflow"}}}},"wdio_ui5_key":"etmportal.ui.manageresources.view.Detailsap.ui.core.Icon{\"src\":{\"regex\":{\"source\":\"overflow\"}}}"}]}
RESULT: {"script":"<script> [1562 bytes]","args":[{"selector":{"controlType":"sap.ui.core.Icon","viewName":"etm.portal.ui.manageresources.view.Detail","viewId":"application-manageresources-display-component---detailRU","properties":{"src":{"regex":{"source":"overflow"}}}},"wdio_ui5_key":"etmportal.ui.manageresources.view.Detailsap.ui.core.Icon{\"src\":{\"regex\":{\"source\":\"overflow\"}}}"}]}
RESULT: undefined
COMMAND: POST /session/7b7deb7c8590fa6091596ec8cf2db6e4/element - {"using":"xpath","value":"//*[@id=\"__title14-_actionsToolbar-overflowButton-img\"]"}
RESULT: {"using":"xpath","value":"//*[@id=\"__title14-_actionsToolbar-overflowButton-img\"]"}
COMMAND: POST /session/7b7deb7c8590fa6091596ec8cf2db6e4/element/f.00692CF0BC94F1C607A97A5075ACE774.d.0B1723D8D4BD4DC6F3E762A3FF62D173.e.6899/click - {}
RESULT: {}
COMMAND: POST /session/7b7deb7c8590fa6091596ec8cf2db6e4/execute/async - {"script":"<script> [1562 bytes]","args":[{"selector":{"controlType":"sap.m.Button","viewName":"etm.portal.ui.manageresources.view.Detail","viewId":"application-manageresources-display-component---detailRU","i18NText":{"propertyName":"tooltip","key":"closeColumn"},"searchOpenDialogs":true,"interaction":{"idSuffix":"inner"}},"wdio_ui5_key":"etmportal.ui.manageresources.view.Detailsap.m.Button{\"propertyName\":\"tooltip\",\"key\":\"closeColumn\"}"}]}
COMMAND: GET /session/7b7deb7c8590fa6091596ec8cf2db6e4/screenshot - {}
RESULT: {"script":"<script> [1562 bytes]","args":[{"selector":{"controlType":"sap.m.Button","viewName":"etm.portal.ui.manageresources.view.Detail","viewId":"application-manageresources-display-component---detailRU","i18NText":{"propertyName":"tooltip","key":"closeColumn"},"searchOpenDialogs":true,"interaction":{"idSuffix":"inner"}},"wdio_ui5_key":"etmportal.ui.manageresources.view.Detailsap.m.Button{\"propertyName\":\"tooltip\",\"key\":\"closeColumn\"}"}]}
RESULT: undefined
COMMAND: POST /session/7b7deb7c8590fa6091596ec8cf2db6e4/element - {"using":"xpath","value":"//*[@id=\"__button39\"]"}
RESULT: {}
RESULT: {"using":"xpath","value":"//*[@id=\"__button39\"]"}
COMMAND: POST /session/7b7deb7c8590fa6091596ec8cf2db6e4/element/f.00692CF0BC94F1C607A97A5075ACE774.d.0B1723D8D4BD4DC6F3E762A3FF62D173.e.6903/click - {}
RESULT: {}
COMMAND: GET /session/7b7deb7c8590fa6091596ec8cf2db6e4/screenshot - {}
COMMAND: POST /session/7b7deb7c8590fa6091596ec8cf2db6e4/element - {"using":"css selector","value":"#j_username"}
COMMAND: POST /session/7b7deb7c8590fa6091596ec8cf2db6e4/url - {"url":"https://qa-testing-00-live-etm-ui.cfapps.eu10-004.hana.ondemand.com/"}
RESULT: {}
RESULT: {"using":"css selector","value":"#j_username"}
COMMAND: POST /session/7b7deb7c8590fa6091596ec8cf2db6e4/element - {"using":"css selector","value":"#j_username"}
RESULT: {"url":"https://qa-testing-00-live-etm-ui.cfapps.eu10-004.hana.ondemand.com/"}
RESULT: undefined
RESULT: {"using":"css selector","value":"#j_username"}
COMMAND: POST /session/7b7deb7c8590fa6091596ec8cf2db6e4/element - {"using":"css selector","value":"#shell-header-logo"}
RESULT: {"using":"css selector","value":"#shell-header-logo"}
COMMAND: POST /session/7b7deb7c8590fa6091596ec8cf2db6e4/execute/sync - {"script":"<script> [8489 bytes]","args":[{"element-6066-11e4-a52e-4f735466cecf":"f.00692CF0BC94F1C607A97A5075ACE774.d.4DD955C47E9DA592175CA9C046B00AED.e.7035","ELEMENT":"f.00692CF0BC94F1C607A97A5075ACE774.d.4DD955C47E9DA592175CA9C046B00AED.e.7035"}]}
COMMAND: GET /session/7b7deb7c8590fa6091596ec8cf2db6e4/screenshot - {}
RESULT: {"script":"<script> [8489 bytes]","args":[{"element-6066-11e4-a52e-4f735466cecf":"f.00692CF0BC94F1C607A97A5075ACE774.d.4DD955C47E9DA592175CA9C046B00AED.e.7035","ELEMENT":"f.00692CF0BC94F1C607A97A5075ACE774.d.4DD955C47E9DA592175CA9C046B00AED.e.7035"}]}
COMMAND: POST /session/7b7deb7c8590fa6091596ec8cf2db6e4/element - {"using":"css selector","value":"#shell-header-logo"}
COMMAND: GET /session/7b7deb7c8590fa6091596ec8cf2db6e4/screenshot - {}
RESULT: {}
RESULT: {"using":"css selector","value":"#shell-header-logo"}
COMMAND: POST /session/7b7deb7c8590fa6091596ec8cf2db6e4/execute/sync - {"script":"<script> [8489 bytes]","args":[{"element-6066-11e4-a52e-4f735466cecf":"f.00692CF0BC94F1C607A97A5075ACE774.d.4DD955C47E9DA592175CA9C046B00AED.e.7035","ELEMENT":"f.00692CF0BC94F1C607A97A5075ACE774.d.4DD955C47E9DA592175CA9C046B00AED.e.7035"}]}
RESULT: {}
RESULT: {"script":"<script> [8489 bytes]","args":[{"element-6066-11e4-a52e-4f735466cecf":"f.00692CF0BC94F1C607A97A5075ACE774.d.4DD955C47E9DA592175CA9C046B00AED.e.7035","ELEMENT":"f.00692CF0BC94F1C607A97A5075ACE774.d.4DD955C47E9DA592175CA9C046B00AED.e.7035"}]}
COMMAND: POST /session/7b7deb7c8590fa6091596ec8cf2db6e4/execute/sync - {"script":"<script> [5351 bytes]","args":[{"element-6066-11e4-a52e-4f735466cecf":"f.00692CF0BC94F1C607A97A5075ACE774.d.4DD955C47E9DA592175CA9C046B00AED.e.7035","ELEMENT":"f.00692CF0BC94F1C607A97A5075ACE774.d.4DD955C47E9DA592175CA9C046B00AED.e.7035"}]}
COMMAND: GET /session/7b7deb7c8590fa6091596ec8cf2db6e4/screenshot - {}
RESULT: {"script":"<script> [5351 bytes]","args":[{"element-6066-11e4-a52e-4f735466cecf":"f.00692CF0BC94F1C607A97A5075ACE774.d.4DD955C47E9DA592175CA9C046B00AED.e.7035","ELEMENT":"f.00692CF0BC94F1C607A97A5075ACE774.d.4DD955C47E9DA592175CA9C046B00AED.e.7035"}]}
COMMAND: POST /session/7b7deb7c8590fa6091596ec8cf2db6e4/element - {"using":"css selector","value":"#shell-header-logo"}
COMMAND: GET /session/7b7deb7c8590fa6091596ec8cf2db6e4/screenshot - {}
RESULT: {}
RESULT: {"using":"css selector","value":"#shell-header-logo"}
COMMAND: POST /session/7b7deb7c8590fa6091596ec8cf2db6e4/element/f.00692CF0BC94F1C607A97A5075ACE774.d.4DD955C47E9DA592175CA9C046B00AED.e.7035/click - {}
RESULT: {}
RESULT: {}
COMMAND: GET /session/7b7deb7c8590fa6091596ec8cf2db6e4/screenshot - {}
RESULT: {}
COMMAND: POST /session/7b7deb7c8590fa6091596ec8cf2db6e4/execute/async - {"script":"<script> [189 bytes]","args":[]}
RESULT: {"script":"<script> [189 bytes]","args":[]}
COMMAND: POST /session/7b7deb7c8590fa6091596ec8cf2db6e4/execute/async - {"script":"<script> [123 bytes]","args":[]}
RESULT: {"script":"<script> [123 bytes]","args":[]}
COMMAND: POST /session/7b7deb7c8590fa6091596ec8cf2db6e4/timeouts - {"script":"<number>"}
RESULT: {"script":"<number>"}
COMMAND: GET /session/7b7deb7c8590fa6091596ec8cf2db6e4/timeouts - {}
RESULT: {}
RESULT: undefined
COMMAND: POST /session/7b7deb7c8590fa6091596ec8cf2db6e4/execute/async - {"script":"<script> [2676 bytes]","args":[]}
RESULT: {"script":"<script> [2676 bytes]","args":[]}
COMMAND: POST /session/7b7deb7c8590fa6091596ec8cf2db6e4/execute/async - {"script":"<script> [2342 bytes]","args":[{"protocol":"http","hostname":"0.0.0.0","path":"/","capabilities":{"browserName":"chrome","goog:chromeOptions":{"binary":"C:\\Program Files\\Google\\Chrome\\Application\\chrome.exe","args":["--start-maximized"]}},"logLevel":"warn","connectionRetryTimeout":120000,"connectionRetryCount":3,"logLevels":{},"enableDirectConnect":true,"strictSSL":true,"_":"65 more keys: [\"cacheDir\",\"port\",\"requestedCapabilities\",\"automationProtocol\",\"baseUrl\",\"waitforInterval\",\"waitforTimeout\",\"onReload\",\"beforeCommand\",\"afterCommand\",\"rootDir\",\"specs\",\"suites\",\"exclude\",\"groupLogsByTestSpec\",\"excludeDriverLogs\",\"bail\",\"framework\",\"reporters\",\"services\",\"maxInstances\",\"maxInstancesPerCapability\",\"injectGlobals\",\"filesToWatch\",\"execArgv\",\"runnerEnv\",\"runner\",\"shard\",\"specFileRetries\",\"specFileRetriesDelay\",\"specFileRetriesDeferred\",\"reporterSyncInterval\",\"reporterSyncTimeout\",\"cucumberFeaturesWithLineNumbers\",\"autoCompileOpts\",\"mochaOpts\",\"jasmineOpts\",\"cucumberOpts\",\"onPrepare\",\"onWorkerStart\",\"onWorkerEnd\",\"before\",\"beforeSession\",\"beforeSuite\",\"beforeHook\",\"beforeTest\",\"afterTest\",\"afterHook\",\"afterSuite\",\"afterSession\",\"after\",\"onComplete\",\"beforeAssertion\",\"afterAssertion\",\"beforeFeature\",\"beforeScenario\",\"beforeStep\",\"afterStep\",\"afterScenario\",\"afterFeature\",\"_\",\"suite\",\"$0\",\"ignoredWorkerServices\",\"wdi5\"]"}]}
RESULT: {"script":"<script> [2342 bytes]","args":[{"protocol":"http","hostname":"0.0.0.0","path":"/","capabilities":{"browserName":"chrome","goog:chromeOptions":{"binary":"C:\\Program Files\\Google\\Chrome\\Application\\chrome.exe","args":["--start-maximized"]}},"logLevel":"warn","connectionRetryTimeout":120000,"connectionRetryCount":3,"logLevels":{},"enableDirectConnect":true,"strictSSL":true,"_":"65 more keys: [\"cacheDir\",\"port\",\"requestedCapabilities\",\"automationProtocol\",\"baseUrl\",\"waitforInterval\",\"waitforTimeout\",\"onReload\",\"beforeCommand\",\"afterCommand\",\"rootDir\",\"specs\",\"suites\",\"exclude\",\"groupLogsByTestSpec\",\"excludeDriverLogs\",\"bail\",\"framework\",\"reporters\",\"services\",\"maxInstances\",\"maxInstancesPerCapability\",\"injectGlobals\",\"filesToWatch\",\"execArgv\",\"runnerEnv\",\"runner\",\"shard\",\"specFileRetries\",\"specFileRetriesDelay\",\"specFileRetriesDeferred\",\"reporterSyncInterval\",\"reporterSyncTimeout\",\"cucumberFeaturesWithLineNumbers\",\"autoCompileOpts\",\"mochaOpts\",\"jasmineOpts\",\"cucumberOpts\",\"onPrepare\",\"onWorkerStart\",\"onWorkerEnd\",\"before\",\"beforeSession\",\"beforeSuite\",\"beforeHook\",\"beforeTest\",\"afterTest\",\"afterHook\",\"afterSuite\",\"afterSession\",\"after\",\"onComplete\",\"beforeAssertion\",\"afterAssertion\",\"beforeFeature\",\"beforeScenario\",\"beforeStep\",\"afterStep\",\"afterScenario\",\"afterFeature\",\"_\",\"suite\",\"$0\",\"ignoredWorkerServices\",\"wdi5\"]"}]}
COMMAND: POST /session/7b7deb7c8590fa6091596ec8cf2db6e4/execute/async - {"script":"<script> [21126 bytes]","args":[35000]}
RESULT: {"script":"<script> [21126 bytes]","args":[35000]}
COMMAND: POST /session/7b7deb7c8590fa6091596ec8cf2db6e4/window/maximize - {}
RESULT: {}
COMMAND: POST /session/7b7deb7c8590fa6091596ec8cf2db6e4/execute/async - {"script":"<script> [1562 bytes]","args":[{"selector":{"id":"shell-header","interaction":{"idSuffix":"icon"}},"wdio_ui5_key":"shellheader"}]}
COMMAND: GET /session/7b7deb7c8590fa6091596ec8cf2db6e4/screenshot - {}
RESULT: {"script":"<script> [1562 bytes]","args":[{"selector":{"id":"shell-header","interaction":{"idSuffix":"icon"}},"wdio_ui5_key":"shellheader"}]}
RESULT: undefined
]]></system-out>
    </testcase>
  </testsuite>
  <testsuite timestamp="2025-05-19T15:41:30" time="297.975" tests="1" failures="0" errors="0" skipped="0">
    <properties>
      <property name="specId" value="0" />
      <property name="suiteName" value="create-equipment" />
      <property name="capabilities" value="chrome.136_0_7103_93.windows" />
      <property name="file" value="file:///D:/a/1/s/test/specs/R2C/create-equipment.spec.js" />
    </properties>
    <testcase classname="chrome.136_0_7103_93.windows.create-equipment" name="create equipment" time="276.816">
      <system-out><![CDATA[
COMMAND: POST /session/7b7deb7c8590fa6091596ec8cf2db6e4/execute/async - {"script":"<script> [1562 bytes]","args":[{"selector":{"controlType":"sap.m.GenericTile","properties":{"header":"Manage Resources"}},"wdio_ui5_key":"sapm.GenericTile{\"header\":\"Manage Resources\"}"}]}
RESULT: {}
RESULT: {"script":"<script> [1562 bytes]","args":[{"selector":{"controlType":"sap.m.GenericTile","properties":{"header":"Manage Resources"}},"wdio_ui5_key":"sapm.GenericTile{\"header\":\"Manage Resources\"}"}]}
RESULT: undefined
COMMAND: POST /session/7b7deb7c8590fa6091596ec8cf2db6e4/element - {"using":"xpath","value":"//*[@id=\"__tile31\"]"}
RESULT: {"using":"xpath","value":"//*[@id=\"__tile31\"]"}
COMMAND: POST /session/7b7deb7c8590fa6091596ec8cf2db6e4/element/f.00692CF0BC94F1C607A97A5075ACE774.d.4DD955C47E9DA592175CA9C046B00AED.e.7054/click - {}
RESULT: {}
COMMAND: GET /session/7b7deb7c8590fa6091596ec8cf2db6e4/screenshot - {}
RESULT: {}
COMMAND: POST /session/7b7deb7c8590fa6091596ec8cf2db6e4/elements - {"using":"xpath","value":"//span[text()='Error']"}
RESULT: {"using":"xpath","value":"//span[text()='Error']"}
COMMAND: POST /session/7b7deb7c8590fa6091596ec8cf2db6e4/element - {"using":"xpath","value":"//button[@data-kt=\"addNewRUOverflowToolbarButton\"]"}
RESULT: {"using":"xpath","value":"//button[@data-kt=\"addNewRUOverflowToolbarButton\"]"}
COMMAND: POST /session/7b7deb7c8590fa6091596ec8cf2db6e4/execute/sync - {"script":"<script> [8489 bytes]","args":[{"element-6066-11e4-a52e-4f735466cecf":"f.00692CF0BC94F1C607A97A5075ACE774.d.4DD955C47E9DA592175CA9C046B00AED.e.7189","ELEMENT":"f.00692CF0BC94F1C607A97A5075ACE774.d.4DD955C47E9DA592175CA9C046B00AED.e.7189"}]}
RESULT: {"script":"<script> [8489 bytes]","args":[{"element-6066-11e4-a52e-4f735466cecf":"f.00692CF0BC94F1C607A97A5075ACE774.d.4DD955C47E9DA592175CA9C046B00AED.e.7189","ELEMENT":"f.00692CF0BC94F1C607A97A5075ACE774.d.4DD955C47E9DA592175CA9C046B00AED.e.7189"}]}
COMMAND: POST /session/7b7deb7c8590fa6091596ec8cf2db6e4/element/f.00692CF0BC94F1C607A97A5075ACE774.d.4DD955C47E9DA592175CA9C046B00AED.e.7189/click - {}
COMMAND: GET /session/7b7deb7c8590fa6091596ec8cf2db6e4/screenshot - {}
RESULT: {}
COMMAND: GET /session/7b7deb7c8590fa6091596ec8cf2db6e4/screenshot - {}
RESULT: {}
COMMAND: POST /session/7b7deb7c8590fa6091596ec8cf2db6e4/execute/async - {"script":"<script> [1562 bytes]","args":[{"selector":{"controlType":"sap.m.ComboBox","viewName":"reusables.view.manageresources.NewResourceUnit","viewId":"application-manageresources-display-component---newResourceUnit","bindingPath":{"path":"","propertyPath":"/RuTypes","modelName":"catalogModel"},"searchOpenDialogs":true},"wdio_ui5_key":"reusablesview.manageresources.NewResourceUnitsap.m.ComboBox{\"path\":\"\",\"propertyPath\":\"/RuTypes\",\"modelName\":\"catalogModel\"}"}]}
RESULT: {}
RESULT: {"script":"<script> [1562 bytes]","args":[{"selector":{"controlType":"sap.m.ComboBox","viewName":"reusables.view.manageresources.NewResourceUnit","viewId":"application-manageresources-display-component---newResourceUnit","bindingPath":{"path":"","propertyPath":"/RuTypes","modelName":"catalogModel"},"searchOpenDialogs":true},"wdio_ui5_key":"reusablesview.manageresources.NewResourceUnitsap.m.ComboBox{\"path\":\"\",\"propertyPath\":\"/RuTypes\",\"modelName\":\"catalogModel\"}"}]}
RESULT: undefined
COMMAND: POST /session/7b7deb7c8590fa6091596ec8cf2db6e4/execute/async - {"script":"<script> [1562 bytes]","args":[{"selector":{"controlType":"sap.m.ComboBox","viewName":"reusables.view.manageresources.NewResourceUnit","viewId":"application-manageresources-display-component---newResourceUnit","bindingPath":{"path":"","propertyPath":"/Yards","modelName":"catalogModel"},"searchOpenDialogs":true},"wdio_ui5_key":"reusablesview.manageresources.NewResourceUnitsap.m.ComboBox{\"path\":\"\",\"propertyPath\":\"/Yards\",\"modelName\":\"catalogModel\"}"}]}
RESULT: {"script":"<script> [1562 bytes]","args":[{"selector":{"controlType":"sap.m.ComboBox","viewName":"reusables.view.manageresources.NewResourceUnit","viewId":"application-manageresources-display-component---newResourceUnit","bindingPath":{"path":"","propertyPath":"/Yards","modelName":"catalogModel"},"searchOpenDialogs":true},"wdio_ui5_key":"reusablesview.manageresources.NewResourceUnitsap.m.ComboBox{\"path\":\"\",\"propertyPath\":\"/Yards\",\"modelName\":\"catalogModel\"}"}]}
RESULT: undefined
COMMAND: POST /session/7b7deb7c8590fa6091596ec8cf2db6e4/execute/async - {"script":"<script> [1562 bytes]","args":[{"selector":{"controlType":"etm.portal.ui.reusables.customControls.LiveSearchComboBox","viewName":"reusables.view.manageresources.NewResourceUnit","viewId":"application-manageresources-display-component---newResourceUnit","bindingPath":{"path":"","propertyPath":"/CatalogItems","modelName":"catalogModel"},"searchOpenDialogs":true},"wdio_ui5_key":"reusablesview.manageresources.NewResourceUnitetm.portal.ui.reusables.customControls.LiveSearchComboBox{\"path\":\"\",\"propertyPath\":\"/CatalogItems\",\"modelName\":\"catalogModel\"}"}]}
RESULT: {"script":"<script> [1562 bytes]","args":[{"selector":{"controlType":"etm.portal.ui.reusables.customControls.LiveSearchComboBox","viewName":"reusables.view.manageresources.NewResourceUnit","viewId":"application-manageresources-display-component---newResourceUnit","bindingPath":{"path":"","propertyPath":"/CatalogItems","modelName":"catalogModel"},"searchOpenDialogs":true},"wdio_ui5_key":"reusablesview.manageresources.NewResourceUnitetm.portal.ui.reusables.customControls.LiveSearchComboBox{\"path\":\"\",\"propertyPath\":\"/CatalogItems\",\"modelName\":\"catalogModel\"}"}]}
RESULT: undefined
COMMAND: POST /session/7b7deb7c8590fa6091596ec8cf2db6e4/element - {"using":"xpath","value":"//bdi[text()=\"OK\"]"}
RESULT: {"using":"xpath","value":"//bdi[text()=\"OK\"]"}
COMMAND: POST /session/7b7deb7c8590fa6091596ec8cf2db6e4/elements - {"using":"xpath","value":"//bdi[text()=\"OK\"]"}
RESULT: {"using":"xpath","value":"//bdi[text()=\"OK\"]"}
COMMAND: POST /session/7b7deb7c8590fa6091596ec8cf2db6e4/elements - {"using":"xpath","value":"//bdi[text()=\"OK\"]"}
RESULT: {"using":"xpath","value":"//bdi[text()=\"OK\"]"}
COMMAND: POST /session/7b7deb7c8590fa6091596ec8cf2db6e4/elements - {"using":"xpath","value":"//bdi[text()=\"OK\"]"}
RESULT: {"using":"xpath","value":"//bdi[text()=\"OK\"]"}
COMMAND: POST /session/7b7deb7c8590fa6091596ec8cf2db6e4/elements - {"using":"xpath","value":"//bdi[text()=\"OK\"]"}
RESULT: {"using":"xpath","value":"//bdi[text()=\"OK\"]"}
COMMAND: POST /session/7b7deb7c8590fa6091596ec8cf2db6e4/elements - {"using":"xpath","value":"//bdi[text()=\"OK\"]"}
RESULT: {"using":"xpath","value":"//bdi[text()=\"OK\"]"}
COMMAND: POST /session/7b7deb7c8590fa6091596ec8cf2db6e4/elements - {"using":"xpath","value":"//bdi[text()=\"OK\"]"}
RESULT: {"using":"xpath","value":"//bdi[text()=\"OK\"]"}
COMMAND: POST /session/7b7deb7c8590fa6091596ec8cf2db6e4/elements - {"using":"xpath","value":"//bdi[text()=\"OK\"]"}
RESULT: {"using":"xpath","value":"//bdi[text()=\"OK\"]"}
COMMAND: POST /session/7b7deb7c8590fa6091596ec8cf2db6e4/elements - {"using":"xpath","value":"//bdi[text()=\"OK\"]"}
RESULT: {"using":"xpath","value":"//bdi[text()=\"OK\"]"}
COMMAND: POST /session/7b7deb7c8590fa6091596ec8cf2db6e4/elements - {"using":"xpath","value":"//bdi[text()=\"OK\"]"}
RESULT: {"using":"xpath","value":"//bdi[text()=\"OK\"]"}
COMMAND: POST /session/7b7deb7c8590fa6091596ec8cf2db6e4/elements - {"using":"xpath","value":"//bdi[text()=\"OK\"]"}
RESULT: {"using":"xpath","value":"//bdi[text()=\"OK\"]"}
COMMAND: POST /session/7b7deb7c8590fa6091596ec8cf2db6e4/elements - {"using":"xpath","value":"//bdi[text()=\"OK\"]"}
RESULT: {"using":"xpath","value":"//bdi[text()=\"OK\"]"}
COMMAND: POST /session/7b7deb7c8590fa6091596ec8cf2db6e4/elements - {"using":"xpath","value":"//bdi[text()=\"OK\"]"}
RESULT: {"using":"xpath","value":"//bdi[text()=\"OK\"]"}
COMMAND: POST /session/7b7deb7c8590fa6091596ec8cf2db6e4/elements - {"using":"xpath","value":"//bdi[text()=\"OK\"]"}
RESULT: {"using":"xpath","value":"//bdi[text()=\"OK\"]"}
COMMAND: POST /session/7b7deb7c8590fa6091596ec8cf2db6e4/elements - {"using":"xpath","value":"//bdi[text()=\"OK\"]"}
RESULT: {"using":"xpath","value":"//bdi[text()=\"OK\"]"}
COMMAND: POST /session/7b7deb7c8590fa6091596ec8cf2db6e4/elements - {"using":"xpath","value":"//bdi[text()=\"OK\"]"}
RESULT: {"using":"xpath","value":"//bdi[text()=\"OK\"]"}
COMMAND: POST /session/7b7deb7c8590fa6091596ec8cf2db6e4/elements - {"using":"xpath","value":"//bdi[text()=\"OK\"]"}
RESULT: {"using":"xpath","value":"//bdi[text()=\"OK\"]"}
COMMAND: POST /session/7b7deb7c8590fa6091596ec8cf2db6e4/elements - {"using":"xpath","value":"//bdi[text()=\"OK\"]"}
RESULT: {"using":"xpath","value":"//bdi[text()=\"OK\"]"}
COMMAND: POST /session/7b7deb7c8590fa6091596ec8cf2db6e4/elements - {"using":"xpath","value":"//bdi[text()=\"OK\"]"}
RESULT: {"using":"xpath","value":"//bdi[text()=\"OK\"]"}
COMMAND: POST /session/7b7deb7c8590fa6091596ec8cf2db6e4/elements - {"using":"xpath","value":"//bdi[text()=\"OK\"]"}
RESULT: {"using":"xpath","value":"//bdi[text()=\"OK\"]"}
COMMAND: POST /session/7b7deb7c8590fa6091596ec8cf2db6e4/elements - {"using":"xpath","value":"//bdi[text()=\"OK\"]"}
RESULT: {"using":"xpath","value":"//bdi[text()=\"OK\"]"}
COMMAND: POST /session/7b7deb7c8590fa6091596ec8cf2db6e4/elements - {"using":"xpath","value":"//bdi[text()=\"OK\"]"}
RESULT: {"using":"xpath","value":"//bdi[text()=\"OK\"]"}
COMMAND: POST /session/7b7deb7c8590fa6091596ec8cf2db6e4/elements - {"using":"xpath","value":"//bdi[text()=\"OK\"]"}
RESULT: {"using":"xpath","value":"//bdi[text()=\"OK\"]"}
COMMAND: POST /session/7b7deb7c8590fa6091596ec8cf2db6e4/elements - {"using":"xpath","value":"//bdi[text()=\"OK\"]"}
RESULT: {"using":"xpath","value":"//bdi[text()=\"OK\"]"}
COMMAND: POST /session/7b7deb7c8590fa6091596ec8cf2db6e4/elements - {"using":"xpath","value":"//bdi[text()=\"OK\"]"}
RESULT: {"using":"xpath","value":"//bdi[text()=\"OK\"]"}
COMMAND: POST /session/7b7deb7c8590fa6091596ec8cf2db6e4/elements - {"using":"xpath","value":"//bdi[text()=\"OK\"]"}
RESULT: {"using":"xpath","value":"//bdi[text()=\"OK\"]"}
COMMAND: POST /session/7b7deb7c8590fa6091596ec8cf2db6e4/elements - {"using":"xpath","value":"//bdi[text()=\"OK\"]"}
RESULT: {"using":"xpath","value":"//bdi[text()=\"OK\"]"}
COMMAND: POST /session/7b7deb7c8590fa6091596ec8cf2db6e4/elements - {"using":"xpath","value":"//bdi[text()=\"OK\"]"}
RESULT: {"using":"xpath","value":"//bdi[text()=\"OK\"]"}
COMMAND: POST /session/7b7deb7c8590fa6091596ec8cf2db6e4/elements - {"using":"xpath","value":"//bdi[text()=\"OK\"]"}
RESULT: {"using":"xpath","value":"//bdi[text()=\"OK\"]"}
COMMAND: POST /session/7b7deb7c8590fa6091596ec8cf2db6e4/elements - {"using":"xpath","value":"//bdi[text()=\"OK\"]"}
RESULT: {"using":"xpath","value":"//bdi[text()=\"OK\"]"}
COMMAND: POST /session/7b7deb7c8590fa6091596ec8cf2db6e4/elements - {"using":"xpath","value":"//bdi[text()=\"OK\"]"}
RESULT: {"using":"xpath","value":"//bdi[text()=\"OK\"]"}
COMMAND: POST /session/7b7deb7c8590fa6091596ec8cf2db6e4/elements - {"using":"xpath","value":"//bdi[text()=\"OK\"]"}
RESULT: {"using":"xpath","value":"//bdi[text()=\"OK\"]"}
COMMAND: POST /session/7b7deb7c8590fa6091596ec8cf2db6e4/elements - {"using":"xpath","value":"//bdi[text()=\"OK\"]"}
RESULT: {"using":"xpath","value":"//bdi[text()=\"OK\"]"}
COMMAND: POST /session/7b7deb7c8590fa6091596ec8cf2db6e4/elements - {"using":"xpath","value":"//bdi[text()=\"OK\"]"}
RESULT: {"using":"xpath","value":"//bdi[text()=\"OK\"]"}
COMMAND: POST /session/7b7deb7c8590fa6091596ec8cf2db6e4/elements - {"using":"xpath","value":"//bdi[text()=\"OK\"]"}
RESULT: {"using":"xpath","value":"//bdi[text()=\"OK\"]"}
COMMAND: POST /session/7b7deb7c8590fa6091596ec8cf2db6e4/elements - {"using":"xpath","value":"//bdi[text()=\"OK\"]"}
RESULT: {"using":"xpath","value":"//bdi[text()=\"OK\"]"}
COMMAND: POST /session/7b7deb7c8590fa6091596ec8cf2db6e4/elements - {"using":"xpath","value":"//bdi[text()=\"OK\"]"}
RESULT: {"using":"xpath","value":"//bdi[text()=\"OK\"]"}
COMMAND: POST /session/7b7deb7c8590fa6091596ec8cf2db6e4/elements - {"using":"xpath","value":"//bdi[text()=\"OK\"]"}
RESULT: {"using":"xpath","value":"//bdi[text()=\"OK\"]"}
COMMAND: POST /session/7b7deb7c8590fa6091596ec8cf2db6e4/elements - {"using":"xpath","value":"//bdi[text()=\"OK\"]"}
RESULT: {"using":"xpath","value":"//bdi[text()=\"OK\"]"}
COMMAND: POST /session/7b7deb7c8590fa6091596ec8cf2db6e4/elements - {"using":"xpath","value":"//bdi[text()=\"OK\"]"}
RESULT: {"using":"xpath","value":"//bdi[text()=\"OK\"]"}
COMMAND: POST /session/7b7deb7c8590fa6091596ec8cf2db6e4/elements - {"using":"xpath","value":"//bdi[text()=\"OK\"]"}
RESULT: {"using":"xpath","value":"//bdi[text()=\"OK\"]"}
COMMAND: POST /session/7b7deb7c8590fa6091596ec8cf2db6e4/elements - {"using":"xpath","value":"//bdi[text()=\"OK\"]"}
RESULT: {"using":"xpath","value":"//bdi[text()=\"OK\"]"}
COMMAND: POST /session/7b7deb7c8590fa6091596ec8cf2db6e4/elements - {"using":"xpath","value":"//bdi[text()=\"OK\"]"}
RESULT: {"using":"xpath","value":"//bdi[text()=\"OK\"]"}
COMMAND: POST /session/7b7deb7c8590fa6091596ec8cf2db6e4/elements - {"using":"xpath","value":"//bdi[text()=\"OK\"]"}
RESULT: {"using":"xpath","value":"//bdi[text()=\"OK\"]"}
COMMAND: POST /session/7b7deb7c8590fa6091596ec8cf2db6e4/elements - {"using":"xpath","value":"//bdi[text()=\"OK\"]"}
RESULT: {"using":"xpath","value":"//bdi[text()=\"OK\"]"}
COMMAND: POST /session/7b7deb7c8590fa6091596ec8cf2db6e4/elements - {"using":"xpath","value":"//bdi[text()=\"OK\"]"}
RESULT: {"using":"xpath","value":"//bdi[text()=\"OK\"]"}
COMMAND: POST /session/7b7deb7c8590fa6091596ec8cf2db6e4/elements - {"using":"xpath","value":"//bdi[text()=\"OK\"]"}
RESULT: {"using":"xpath","value":"//bdi[text()=\"OK\"]"}
COMMAND: POST /session/7b7deb7c8590fa6091596ec8cf2db6e4/elements - {"using":"xpath","value":"//bdi[text()=\"OK\"]"}
RESULT: {"using":"xpath","value":"//bdi[text()=\"OK\"]"}
COMMAND: POST /session/7b7deb7c8590fa6091596ec8cf2db6e4/elements - {"using":"xpath","value":"//bdi[text()=\"OK\"]"}
RESULT: {"using":"xpath","value":"//bdi[text()=\"OK\"]"}
COMMAND: POST /session/7b7deb7c8590fa6091596ec8cf2db6e4/elements - {"using":"xpath","value":"//bdi[text()=\"OK\"]"}
RESULT: {"using":"xpath","value":"//bdi[text()=\"OK\"]"}
COMMAND: POST /session/7b7deb7c8590fa6091596ec8cf2db6e4/elements - {"using":"xpath","value":"//bdi[text()=\"OK\"]"}
RESULT: {"using":"xpath","value":"//bdi[text()=\"OK\"]"}
COMMAND: POST /session/7b7deb7c8590fa6091596ec8cf2db6e4/elements - {"using":"xpath","value":"//bdi[text()=\"OK\"]"}
RESULT: {"using":"xpath","value":"//bdi[text()=\"OK\"]"}
COMMAND: POST /session/7b7deb7c8590fa6091596ec8cf2db6e4/elements - {"using":"xpath","value":"//bdi[text()=\"OK\"]"}
RESULT: {"using":"xpath","value":"//bdi[text()=\"OK\"]"}
COMMAND: POST /session/7b7deb7c8590fa6091596ec8cf2db6e4/elements - {"using":"xpath","value":"//bdi[text()=\"OK\"]"}
RESULT: {"using":"xpath","value":"//bdi[text()=\"OK\"]"}
COMMAND: POST /session/7b7deb7c8590fa6091596ec8cf2db6e4/elements - {"using":"xpath","value":"//bdi[text()=\"OK\"]"}
RESULT: {"using":"xpath","value":"//bdi[text()=\"OK\"]"}
COMMAND: POST /session/7b7deb7c8590fa6091596ec8cf2db6e4/elements - {"using":"xpath","value":"//bdi[text()=\"OK\"]"}
RESULT: {"using":"xpath","value":"//bdi[text()=\"OK\"]"}
COMMAND: POST /session/7b7deb7c8590fa6091596ec8cf2db6e4/elements - {"using":"xpath","value":"//bdi[text()=\"OK\"]"}
RESULT: {"using":"xpath","value":"//bdi[text()=\"OK\"]"}
COMMAND: POST /session/7b7deb7c8590fa6091596ec8cf2db6e4/elements - {"using":"xpath","value":"//bdi[text()=\"OK\"]"}
RESULT: {"using":"xpath","value":"//bdi[text()=\"OK\"]"}
COMMAND: POST /session/7b7deb7c8590fa6091596ec8cf2db6e4/elements - {"using":"xpath","value":"//bdi[text()=\"OK\"]"}
RESULT: {"using":"xpath","value":"//bdi[text()=\"OK\"]"}
COMMAND: POST /session/7b7deb7c8590fa6091596ec8cf2db6e4/elements - {"using":"xpath","value":"//bdi[text()=\"OK\"]"}
RESULT: {"using":"xpath","value":"//bdi[text()=\"OK\"]"}
COMMAND: POST /session/7b7deb7c8590fa6091596ec8cf2db6e4/elements - {"using":"xpath","value":"//bdi[text()=\"OK\"]"}
RESULT: {"using":"xpath","value":"//bdi[text()=\"OK\"]"}
COMMAND: POST /session/7b7deb7c8590fa6091596ec8cf2db6e4/elements - {"using":"xpath","value":"//bdi[text()=\"OK\"]"}
RESULT: {"using":"xpath","value":"//bdi[text()=\"OK\"]"}
COMMAND: POST /session/7b7deb7c8590fa6091596ec8cf2db6e4/elements - {"using":"xpath","value":"//bdi[text()=\"OK\"]"}
RESULT: {"using":"xpath","value":"//bdi[text()=\"OK\"]"}
COMMAND: POST /session/7b7deb7c8590fa6091596ec8cf2db6e4/elements - {"using":"xpath","value":"//bdi[text()=\"OK\"]"}
RESULT: {"using":"xpath","value":"//bdi[text()=\"OK\"]"}
COMMAND: POST /session/7b7deb7c8590fa6091596ec8cf2db6e4/elements - {"using":"xpath","value":"//bdi[text()=\"OK\"]"}
RESULT: {"using":"xpath","value":"//bdi[text()=\"OK\"]"}
COMMAND: POST /session/7b7deb7c8590fa6091596ec8cf2db6e4/elements - {"using":"xpath","value":"//bdi[text()=\"OK\"]"}
RESULT: {"using":"xpath","value":"//bdi[text()=\"OK\"]"}
COMMAND: POST /session/7b7deb7c8590fa6091596ec8cf2db6e4/elements - {"using":"xpath","value":"//bdi[text()=\"OK\"]"}
RESULT: {"using":"xpath","value":"//bdi[text()=\"OK\"]"}
COMMAND: POST /session/7b7deb7c8590fa6091596ec8cf2db6e4/elements - {"using":"xpath","value":"//bdi[text()=\"OK\"]"}
RESULT: {"using":"xpath","value":"//bdi[text()=\"OK\"]"}
COMMAND: POST /session/7b7deb7c8590fa6091596ec8cf2db6e4/elements - {"using":"xpath","value":"//bdi[text()=\"OK\"]"}
RESULT: {"using":"xpath","value":"//bdi[text()=\"OK\"]"}
COMMAND: POST /session/7b7deb7c8590fa6091596ec8cf2db6e4/elements - {"using":"xpath","value":"//bdi[text()=\"OK\"]"}
RESULT: {"using":"xpath","value":"//bdi[text()=\"OK\"]"}
COMMAND: POST /session/7b7deb7c8590fa6091596ec8cf2db6e4/elements - {"using":"xpath","value":"//bdi[text()=\"OK\"]"}
RESULT: {"using":"xpath","value":"//bdi[text()=\"OK\"]"}
COMMAND: POST /session/7b7deb7c8590fa6091596ec8cf2db6e4/elements - {"using":"xpath","value":"//bdi[text()=\"OK\"]"}
RESULT: {"using":"xpath","value":"//bdi[text()=\"OK\"]"}
COMMAND: POST /session/7b7deb7c8590fa6091596ec8cf2db6e4/elements - {"using":"xpath","value":"//bdi[text()=\"OK\"]"}
RESULT: {"using":"xpath","value":"//bdi[text()=\"OK\"]"}
COMMAND: POST /session/7b7deb7c8590fa6091596ec8cf2db6e4/elements - {"using":"xpath","value":"//bdi[text()=\"OK\"]"}
RESULT: {"using":"xpath","value":"//bdi[text()=\"OK\"]"}
COMMAND: POST /session/7b7deb7c8590fa6091596ec8cf2db6e4/elements - {"using":"xpath","value":"//bdi[text()=\"OK\"]"}
RESULT: {"using":"xpath","value":"//bdi[text()=\"OK\"]"}
COMMAND: POST /session/7b7deb7c8590fa6091596ec8cf2db6e4/elements - {"using":"xpath","value":"//bdi[text()=\"OK\"]"}
RESULT: {"using":"xpath","value":"//bdi[text()=\"OK\"]"}
COMMAND: POST /session/7b7deb7c8590fa6091596ec8cf2db6e4/elements - {"using":"xpath","value":"//bdi[text()=\"OK\"]"}
RESULT: {"using":"xpath","value":"//bdi[text()=\"OK\"]"}
COMMAND: POST /session/7b7deb7c8590fa6091596ec8cf2db6e4/elements - {"using":"xpath","value":"//bdi[text()=\"OK\"]"}
RESULT: {"using":"xpath","value":"//bdi[text()=\"OK\"]"}
COMMAND: POST /session/7b7deb7c8590fa6091596ec8cf2db6e4/elements - {"using":"xpath","value":"//bdi[text()=\"OK\"]"}
RESULT: {"using":"xpath","value":"//bdi[text()=\"OK\"]"}
COMMAND: POST /session/7b7deb7c8590fa6091596ec8cf2db6e4/elements - {"using":"xpath","value":"//bdi[text()=\"OK\"]"}
RESULT: {"using":"xpath","value":"//bdi[text()=\"OK\"]"}
COMMAND: POST /session/7b7deb7c8590fa6091596ec8cf2db6e4/elements - {"using":"xpath","value":"//bdi[text()=\"OK\"]"}
RESULT: {"using":"xpath","value":"//bdi[text()=\"OK\"]"}
COMMAND: POST /session/7b7deb7c8590fa6091596ec8cf2db6e4/elements - {"using":"xpath","value":"//bdi[text()=\"OK\"]"}
RESULT: {"using":"xpath","value":"//bdi[text()=\"OK\"]"}
COMMAND: POST /session/7b7deb7c8590fa6091596ec8cf2db6e4/elements - {"using":"xpath","value":"//bdi[text()=\"OK\"]"}
RESULT: {"using":"xpath","value":"//bdi[text()=\"OK\"]"}
COMMAND: POST /session/7b7deb7c8590fa6091596ec8cf2db6e4/elements - {"using":"xpath","value":"//bdi[text()=\"OK\"]"}
RESULT: {"using":"xpath","value":"//bdi[text()=\"OK\"]"}
COMMAND: POST /session/7b7deb7c8590fa6091596ec8cf2db6e4/elements - {"using":"xpath","value":"//bdi[text()=\"OK\"]"}
RESULT: {"using":"xpath","value":"//bdi[text()=\"OK\"]"}
COMMAND: POST /session/7b7deb7c8590fa6091596ec8cf2db6e4/elements - {"using":"xpath","value":"//bdi[text()=\"OK\"]"}
RESULT: {"using":"xpath","value":"//bdi[text()=\"OK\"]"}
COMMAND: POST /session/7b7deb7c8590fa6091596ec8cf2db6e4/elements - {"using":"xpath","value":"//bdi[text()=\"OK\"]"}
RESULT: {"using":"xpath","value":"//bdi[text()=\"OK\"]"}
COMMAND: POST /session/7b7deb7c8590fa6091596ec8cf2db6e4/elements - {"using":"xpath","value":"//bdi[text()=\"OK\"]"}
RESULT: {"using":"xpath","value":"//bdi[text()=\"OK\"]"}
COMMAND: POST /session/7b7deb7c8590fa6091596ec8cf2db6e4/elements - {"using":"xpath","value":"//bdi[text()=\"OK\"]"}
RESULT: {"using":"xpath","value":"//bdi[text()=\"OK\"]"}
COMMAND: POST /session/7b7deb7c8590fa6091596ec8cf2db6e4/elements - {"using":"xpath","value":"//bdi[text()=\"OK\"]"}
RESULT: {"using":"xpath","value":"//bdi[text()=\"OK\"]"}
COMMAND: POST /session/7b7deb7c8590fa6091596ec8cf2db6e4/elements - {"using":"xpath","value":"//bdi[text()=\"OK\"]"}
RESULT: {"using":"xpath","value":"//bdi[text()=\"OK\"]"}
COMMAND: POST /session/7b7deb7c8590fa6091596ec8cf2db6e4/elements - {"using":"xpath","value":"//bdi[text()=\"OK\"]"}
RESULT: {"using":"xpath","value":"//bdi[text()=\"OK\"]"}
COMMAND: POST /session/7b7deb7c8590fa6091596ec8cf2db6e4/elements - {"using":"xpath","value":"//bdi[text()=\"OK\"]"}
RESULT: {"using":"xpath","value":"//bdi[text()=\"OK\"]"}
COMMAND: POST /session/7b7deb7c8590fa6091596ec8cf2db6e4/elements - {"using":"xpath","value":"//bdi[text()=\"OK\"]"}
RESULT: {"using":"xpath","value":"//bdi[text()=\"OK\"]"}
COMMAND: POST /session/7b7deb7c8590fa6091596ec8cf2db6e4/elements - {"using":"xpath","value":"//bdi[text()=\"OK\"]"}
RESULT: {"using":"xpath","value":"//bdi[text()=\"OK\"]"}
COMMAND: POST /session/7b7deb7c8590fa6091596ec8cf2db6e4/elements - {"using":"xpath","value":"//bdi[text()=\"OK\"]"}
RESULT: {"using":"xpath","value":"//bdi[text()=\"OK\"]"}
COMMAND: POST /session/7b7deb7c8590fa6091596ec8cf2db6e4/elements - {"using":"xpath","value":"//bdi[text()=\"OK\"]"}
RESULT: {"using":"xpath","value":"//bdi[text()=\"OK\"]"}
COMMAND: POST /session/7b7deb7c8590fa6091596ec8cf2db6e4/elements - {"using":"xpath","value":"//bdi[text()=\"OK\"]"}
RESULT: {"using":"xpath","value":"//bdi[text()=\"OK\"]"}
COMMAND: POST /session/7b7deb7c8590fa6091596ec8cf2db6e4/elements - {"using":"xpath","value":"//bdi[text()=\"OK\"]"}
RESULT: {"using":"xpath","value":"//bdi[text()=\"OK\"]"}
COMMAND: POST /session/7b7deb7c8590fa6091596ec8cf2db6e4/elements - {"using":"xpath","value":"//bdi[text()=\"OK\"]"}
RESULT: {"using":"xpath","value":"//bdi[text()=\"OK\"]"}
COMMAND: POST /session/7b7deb7c8590fa6091596ec8cf2db6e4/elements - {"using":"xpath","value":"//bdi[text()=\"OK\"]"}
RESULT: {"using":"xpath","value":"//bdi[text()=\"OK\"]"}
COMMAND: POST /session/7b7deb7c8590fa6091596ec8cf2db6e4/elements - {"using":"xpath","value":"//bdi[text()=\"OK\"]"}
RESULT: {"using":"xpath","value":"//bdi[text()=\"OK\"]"}
COMMAND: POST /session/7b7deb7c8590fa6091596ec8cf2db6e4/elements - {"using":"xpath","value":"//bdi[text()=\"OK\"]"}
RESULT: {"using":"xpath","value":"//bdi[text()=\"OK\"]"}
COMMAND: POST /session/7b7deb7c8590fa6091596ec8cf2db6e4/elements - {"using":"xpath","value":"//bdi[text()=\"OK\"]"}
RESULT: {"using":"xpath","value":"//bdi[text()=\"OK\"]"}
COMMAND: POST /session/7b7deb7c8590fa6091596ec8cf2db6e4/elements - {"using":"xpath","value":"//bdi[text()=\"OK\"]"}
RESULT: {"using":"xpath","value":"//bdi[text()=\"OK\"]"}
COMMAND: POST /session/7b7deb7c8590fa6091596ec8cf2db6e4/elements - {"using":"xpath","value":"//bdi[text()=\"OK\"]"}
RESULT: {"using":"xpath","value":"//bdi[text()=\"OK\"]"}
COMMAND: POST /session/7b7deb7c8590fa6091596ec8cf2db6e4/elements - {"using":"xpath","value":"//bdi[text()=\"OK\"]"}
RESULT: {"using":"xpath","value":"//bdi[text()=\"OK\"]"}
COMMAND: POST /session/7b7deb7c8590fa6091596ec8cf2db6e4/elements - {"using":"xpath","value":"//bdi[text()=\"OK\"]"}
RESULT: {"using":"xpath","value":"//bdi[text()=\"OK\"]"}
COMMAND: POST /session/7b7deb7c8590fa6091596ec8cf2db6e4/elements - {"using":"xpath","value":"//bdi[text()=\"OK\"]"}
RESULT: {"using":"xpath","value":"//bdi[text()=\"OK\"]"}
COMMAND: POST /session/7b7deb7c8590fa6091596ec8cf2db6e4/elements - {"using":"xpath","value":"//bdi[text()=\"OK\"]"}
RESULT: {"using":"xpath","value":"//bdi[text()=\"OK\"]"}
COMMAND: POST /session/7b7deb7c8590fa6091596ec8cf2db6e4/elements - {"using":"xpath","value":"//bdi[text()=\"OK\"]"}
RESULT: {"using":"xpath","value":"//bdi[text()=\"OK\"]"}
COMMAND: POST /session/7b7deb7c8590fa6091596ec8cf2db6e4/elements - {"using":"xpath","value":"//bdi[text()=\"OK\"]"}
RESULT: {"using":"xpath","value":"//bdi[text()=\"OK\"]"}
COMMAND: POST /session/7b7deb7c8590fa6091596ec8cf2db6e4/elements - {"using":"xpath","value":"//bdi[text()=\"OK\"]"}
RESULT: {"using":"xpath","value":"//bdi[text()=\"OK\"]"}
COMMAND: POST /session/7b7deb7c8590fa6091596ec8cf2db6e4/elements - {"using":"xpath","value":"//bdi[text()=\"OK\"]"}
RESULT: {"using":"xpath","value":"//bdi[text()=\"OK\"]"}
COMMAND: POST /session/7b7deb7c8590fa6091596ec8cf2db6e4/elements - {"using":"xpath","value":"//bdi[text()=\"OK\"]"}
RESULT: {"using":"xpath","value":"//bdi[text()=\"OK\"]"}
COMMAND: POST /session/7b7deb7c8590fa6091596ec8cf2db6e4/elements - {"using":"xpath","value":"//bdi[text()=\"OK\"]"}
RESULT: {"using":"xpath","value":"//bdi[text()=\"OK\"]"}
COMMAND: POST /session/7b7deb7c8590fa6091596ec8cf2db6e4/elements - {"using":"xpath","value":"//bdi[text()=\"OK\"]"}
RESULT: {"using":"xpath","value":"//bdi[text()=\"OK\"]"}
COMMAND: POST /session/7b7deb7c8590fa6091596ec8cf2db6e4/elements - {"using":"xpath","value":"//bdi[text()=\"OK\"]"}
RESULT: {"using":"xpath","value":"//bdi[text()=\"OK\"]"}
COMMAND: POST /session/7b7deb7c8590fa6091596ec8cf2db6e4/elements - {"using":"xpath","value":"//bdi[text()=\"OK\"]"}
RESULT: {"using":"xpath","value":"//bdi[text()=\"OK\"]"}
COMMAND: POST /session/7b7deb7c8590fa6091596ec8cf2db6e4/elements - {"using":"xpath","value":"//bdi[text()=\"OK\"]"}
RESULT: {"using":"xpath","value":"//bdi[text()=\"OK\"]"}
COMMAND: POST /session/7b7deb7c8590fa6091596ec8cf2db6e4/elements - {"using":"xpath","value":"//bdi[text()=\"OK\"]"}
RESULT: {"using":"xpath","value":"//bdi[text()=\"OK\"]"}
COMMAND: POST /session/7b7deb7c8590fa6091596ec8cf2db6e4/elements - {"using":"xpath","value":"//bdi[text()=\"OK\"]"}
COMMAND: POST /session/7b7deb7c8590fa6091596ec8cf2db6e4/element - {"using":"xpath","value":"//bdi[text()=\"OK\"]"}
RESULT: {"using":"xpath","value":"//bdi[text()=\"OK\"]"}
RESULT: {"using":"xpath","value":"//bdi[text()=\"OK\"]"}
COMMAND: POST /session/7b7deb7c8590fa6091596ec8cf2db6e4/elements - {"using":"xpath","value":"//bdi[text()=\"OK\"]"}
RESULT: {"using":"xpath","value":"//bdi[text()=\"OK\"]"}
COMMAND: POST /session/7b7deb7c8590fa6091596ec8cf2db6e4/elements - {"using":"xpath","value":"//bdi[text()=\"OK\"]"}
RESULT: {"using":"xpath","value":"//bdi[text()=\"OK\"]"}
COMMAND: POST /session/7b7deb7c8590fa6091596ec8cf2db6e4/elements - {"using":"xpath","value":"//bdi[text()=\"OK\"]"}
RESULT: {"using":"xpath","value":"//bdi[text()=\"OK\"]"}
COMMAND: POST /session/7b7deb7c8590fa6091596ec8cf2db6e4/elements - {"using":"xpath","value":"//bdi[text()=\"OK\"]"}
RESULT: {"using":"xpath","value":"//bdi[text()=\"OK\"]"}
COMMAND: POST /session/7b7deb7c8590fa6091596ec8cf2db6e4/elements - {"using":"xpath","value":"//bdi[text()=\"OK\"]"}
RESULT: {"using":"xpath","value":"//bdi[text()=\"OK\"]"}
COMMAND: POST /session/7b7deb7c8590fa6091596ec8cf2db6e4/elements - {"using":"xpath","value":"//bdi[text()=\"OK\"]"}
RESULT: {"using":"xpath","value":"//bdi[text()=\"OK\"]"}
COMMAND: POST /session/7b7deb7c8590fa6091596ec8cf2db6e4/elements - {"using":"xpath","value":"//bdi[text()=\"OK\"]"}
RESULT: {"using":"xpath","value":"//bdi[text()=\"OK\"]"}
COMMAND: POST /session/7b7deb7c8590fa6091596ec8cf2db6e4/elements - {"using":"xpath","value":"//bdi[text()=\"OK\"]"}
RESULT: {"using":"xpath","value":"//bdi[text()=\"OK\"]"}
COMMAND: POST /session/7b7deb7c8590fa6091596ec8cf2db6e4/elements - {"using":"xpath","value":"//bdi[text()=\"OK\"]"}
RESULT: {"using":"xpath","value":"//bdi[text()=\"OK\"]"}
COMMAND: POST /session/7b7deb7c8590fa6091596ec8cf2db6e4/elements - {"using":"xpath","value":"//bdi[text()=\"OK\"]"}
RESULT: {"using":"xpath","value":"//bdi[text()=\"OK\"]"}
COMMAND: POST /session/7b7deb7c8590fa6091596ec8cf2db6e4/elements - {"using":"xpath","value":"//bdi[text()=\"OK\"]"}
RESULT: {"using":"xpath","value":"//bdi[text()=\"OK\"]"}
COMMAND: POST /session/7b7deb7c8590fa6091596ec8cf2db6e4/elements - {"using":"xpath","value":"//bdi[text()=\"OK\"]"}
RESULT: {"using":"xpath","value":"//bdi[text()=\"OK\"]"}
COMMAND: POST /session/7b7deb7c8590fa6091596ec8cf2db6e4/elements - {"using":"xpath","value":"//bdi[text()=\"OK\"]"}
RESULT: {"using":"xpath","value":"//bdi[text()=\"OK\"]"}
COMMAND: POST /session/7b7deb7c8590fa6091596ec8cf2db6e4/elements - {"using":"xpath","value":"//bdi[text()=\"OK\"]"}
RESULT: {"using":"xpath","value":"//bdi[text()=\"OK\"]"}
COMMAND: POST /session/7b7deb7c8590fa6091596ec8cf2db6e4/elements - {"using":"xpath","value":"//bdi[text()=\"OK\"]"}
RESULT: {"using":"xpath","value":"//bdi[text()=\"OK\"]"}
COMMAND: POST /session/7b7deb7c8590fa6091596ec8cf2db6e4/elements - {"using":"xpath","value":"//bdi[text()=\"OK\"]"}
RESULT: {"using":"xpath","value":"//bdi[text()=\"OK\"]"}
COMMAND: POST /session/7b7deb7c8590fa6091596ec8cf2db6e4/elements - {"using":"xpath","value":"//bdi[text()=\"OK\"]"}
RESULT: {"using":"xpath","value":"//bdi[text()=\"OK\"]"}
COMMAND: POST /session/7b7deb7c8590fa6091596ec8cf2db6e4/elements - {"using":"xpath","value":"//bdi[text()=\"OK\"]"}
RESULT: {"using":"xpath","value":"//bdi[text()=\"OK\"]"}
COMMAND: POST /session/7b7deb7c8590fa6091596ec8cf2db6e4/elements - {"using":"xpath","value":"//bdi[text()=\"OK\"]"}
RESULT: {"using":"xpath","value":"//bdi[text()=\"OK\"]"}
COMMAND: POST /session/7b7deb7c8590fa6091596ec8cf2db6e4/elements - {"using":"xpath","value":"//bdi[text()=\"OK\"]"}
RESULT: {"using":"xpath","value":"//bdi[text()=\"OK\"]"}
COMMAND: POST /session/7b7deb7c8590fa6091596ec8cf2db6e4/elements - {"using":"xpath","value":"//bdi[text()=\"OK\"]"}
RESULT: {"using":"xpath","value":"//bdi[text()=\"OK\"]"}
COMMAND: POST /session/7b7deb7c8590fa6091596ec8cf2db6e4/elements - {"using":"xpath","value":"//bdi[text()=\"OK\"]"}
RESULT: {"using":"xpath","value":"//bdi[text()=\"OK\"]"}
COMMAND: POST /session/7b7deb7c8590fa6091596ec8cf2db6e4/elements - {"using":"xpath","value":"//bdi[text()=\"OK\"]"}
RESULT: {"using":"xpath","value":"//bdi[text()=\"OK\"]"}
COMMAND: POST /session/7b7deb7c8590fa6091596ec8cf2db6e4/elements - {"using":"xpath","value":"//bdi[text()=\"OK\"]"}
RESULT: {"using":"xpath","value":"//bdi[text()=\"OK\"]"}
COMMAND: POST /session/7b7deb7c8590fa6091596ec8cf2db6e4/elements - {"using":"xpath","value":"//bdi[text()=\"OK\"]"}
RESULT: {"using":"xpath","value":"//bdi[text()=\"OK\"]"}
COMMAND: POST /session/7b7deb7c8590fa6091596ec8cf2db6e4/elements - {"using":"xpath","value":"//bdi[text()=\"OK\"]"}
RESULT: {"using":"xpath","value":"//bdi[text()=\"OK\"]"}
COMMAND: POST /session/7b7deb7c8590fa6091596ec8cf2db6e4/elements - {"using":"xpath","value":"//bdi[text()=\"OK\"]"}
RESULT: {"using":"xpath","value":"//bdi[text()=\"OK\"]"}
COMMAND: POST /session/7b7deb7c8590fa6091596ec8cf2db6e4/elements - {"using":"xpath","value":"//bdi[text()=\"OK\"]"}
RESULT: {"using":"xpath","value":"//bdi[text()=\"OK\"]"}
COMMAND: POST /session/7b7deb7c8590fa6091596ec8cf2db6e4/elements - {"using":"xpath","value":"//bdi[text()=\"OK\"]"}
RESULT: {"using":"xpath","value":"//bdi[text()=\"OK\"]"}
COMMAND: POST /session/7b7deb7c8590fa6091596ec8cf2db6e4/elements - {"using":"xpath","value":"//bdi[text()=\"OK\"]"}
RESULT: {"using":"xpath","value":"//bdi[text()=\"OK\"]"}
COMMAND: POST /session/7b7deb7c8590fa6091596ec8cf2db6e4/elements - {"using":"xpath","value":"//bdi[text()=\"OK\"]"}
RESULT: {"using":"xpath","value":"//bdi[text()=\"OK\"]"}
COMMAND: POST /session/7b7deb7c8590fa6091596ec8cf2db6e4/elements - {"using":"xpath","value":"//bdi[text()=\"OK\"]"}
RESULT: {"using":"xpath","value":"//bdi[text()=\"OK\"]"}
COMMAND: POST /session/7b7deb7c8590fa6091596ec8cf2db6e4/elements - {"using":"xpath","value":"//bdi[text()=\"OK\"]"}
RESULT: {"using":"xpath","value":"//bdi[text()=\"OK\"]"}
COMMAND: POST /session/7b7deb7c8590fa6091596ec8cf2db6e4/elements - {"using":"xpath","value":"//bdi[text()=\"OK\"]"}
RESULT: {"using":"xpath","value":"//bdi[text()=\"OK\"]"}
COMMAND: POST /session/7b7deb7c8590fa6091596ec8cf2db6e4/elements - {"using":"xpath","value":"//bdi[text()=\"OK\"]"}
RESULT: {"using":"xpath","value":"//bdi[text()=\"OK\"]"}
COMMAND: POST /session/7b7deb7c8590fa6091596ec8cf2db6e4/elements - {"using":"xpath","value":"//bdi[text()=\"OK\"]"}
RESULT: {"using":"xpath","value":"//bdi[text()=\"OK\"]"}
COMMAND: POST /session/7b7deb7c8590fa6091596ec8cf2db6e4/elements - {"using":"xpath","value":"//bdi[text()=\"OK\"]"}
RESULT: {"using":"xpath","value":"//bdi[text()=\"OK\"]"}
COMMAND: POST /session/7b7deb7c8590fa6091596ec8cf2db6e4/elements - {"using":"xpath","value":"//bdi[text()=\"OK\"]"}
RESULT: {"using":"xpath","value":"//bdi[text()=\"OK\"]"}
COMMAND: POST /session/7b7deb7c8590fa6091596ec8cf2db6e4/elements - {"using":"xpath","value":"//bdi[text()=\"OK\"]"}
RESULT: {"using":"xpath","value":"//bdi[text()=\"OK\"]"}
COMMAND: POST /session/7b7deb7c8590fa6091596ec8cf2db6e4/elements - {"using":"xpath","value":"//bdi[text()=\"OK\"]"}
RESULT: {"using":"xpath","value":"//bdi[text()=\"OK\"]"}
COMMAND: POST /session/7b7deb7c8590fa6091596ec8cf2db6e4/elements - {"using":"xpath","value":"//bdi[text()=\"OK\"]"}
RESULT: {"using":"xpath","value":"//bdi[text()=\"OK\"]"}
COMMAND: POST /session/7b7deb7c8590fa6091596ec8cf2db6e4/elements - {"using":"xpath","value":"//bdi[text()=\"OK\"]"}
RESULT: {"using":"xpath","value":"//bdi[text()=\"OK\"]"}
COMMAND: POST /session/7b7deb7c8590fa6091596ec8cf2db6e4/elements - {"using":"xpath","value":"//bdi[text()=\"OK\"]"}
RESULT: {"using":"xpath","value":"//bdi[text()=\"OK\"]"}
COMMAND: POST /session/7b7deb7c8590fa6091596ec8cf2db6e4/elements - {"using":"xpath","value":"//bdi[text()=\"OK\"]"}
RESULT: {"using":"xpath","value":"//bdi[text()=\"OK\"]"}
COMMAND: POST /session/7b7deb7c8590fa6091596ec8cf2db6e4/elements - {"using":"xpath","value":"//bdi[text()=\"OK\"]"}
RESULT: {"using":"xpath","value":"//bdi[text()=\"OK\"]"}
COMMAND: POST /session/7b7deb7c8590fa6091596ec8cf2db6e4/elements - {"using":"xpath","value":"//bdi[text()=\"OK\"]"}
RESULT: {"using":"xpath","value":"//bdi[text()=\"OK\"]"}
COMMAND: POST /session/7b7deb7c8590fa6091596ec8cf2db6e4/elements - {"using":"xpath","value":"//bdi[text()=\"OK\"]"}
RESULT: {"using":"xpath","value":"//bdi[text()=\"OK\"]"}
COMMAND: POST /session/7b7deb7c8590fa6091596ec8cf2db6e4/elements - {"using":"xpath","value":"//bdi[text()=\"OK\"]"}
RESULT: {"using":"xpath","value":"//bdi[text()=\"OK\"]"}
COMMAND: POST /session/7b7deb7c8590fa6091596ec8cf2db6e4/elements - {"using":"xpath","value":"//bdi[text()=\"OK\"]"}
RESULT: {"using":"xpath","value":"//bdi[text()=\"OK\"]"}
COMMAND: POST /session/7b7deb7c8590fa6091596ec8cf2db6e4/elements - {"using":"xpath","value":"//bdi[text()=\"OK\"]"}
RESULT: {"using":"xpath","value":"//bdi[text()=\"OK\"]"}
COMMAND: POST /session/7b7deb7c8590fa6091596ec8cf2db6e4/elements - {"using":"xpath","value":"//bdi[text()=\"OK\"]"}
RESULT: {"using":"xpath","value":"//bdi[text()=\"OK\"]"}
COMMAND: POST /session/7b7deb7c8590fa6091596ec8cf2db6e4/elements - {"using":"xpath","value":"//bdi[text()=\"OK\"]"}
RESULT: {"using":"xpath","value":"//bdi[text()=\"OK\"]"}
COMMAND: POST /session/7b7deb7c8590fa6091596ec8cf2db6e4/elements - {"using":"xpath","value":"//bdi[text()=\"OK\"]"}
RESULT: {"using":"xpath","value":"//bdi[text()=\"OK\"]"}
COMMAND: POST /session/7b7deb7c8590fa6091596ec8cf2db6e4/elements - {"using":"xpath","value":"//bdi[text()=\"OK\"]"}
RESULT: {"using":"xpath","value":"//bdi[text()=\"OK\"]"}
COMMAND: POST /session/7b7deb7c8590fa6091596ec8cf2db6e4/elements - {"using":"xpath","value":"//bdi[text()=\"OK\"]"}
RESULT: {"using":"xpath","value":"//bdi[text()=\"OK\"]"}
COMMAND: POST /session/7b7deb7c8590fa6091596ec8cf2db6e4/elements - {"using":"xpath","value":"//bdi[text()=\"OK\"]"}
RESULT: {"using":"xpath","value":"//bdi[text()=\"OK\"]"}
COMMAND: POST /session/7b7deb7c8590fa6091596ec8cf2db6e4/elements - {"using":"xpath","value":"//bdi[text()=\"OK\"]"}
RESULT: {"using":"xpath","value":"//bdi[text()=\"OK\"]"}
COMMAND: POST /session/7b7deb7c8590fa6091596ec8cf2db6e4/elements - {"using":"xpath","value":"//bdi[text()=\"OK\"]"}
RESULT: {"using":"xpath","value":"//bdi[text()=\"OK\"]"}
COMMAND: POST /session/7b7deb7c8590fa6091596ec8cf2db6e4/elements - {"using":"xpath","value":"//bdi[text()=\"OK\"]"}
RESULT: {"using":"xpath","value":"//bdi[text()=\"OK\"]"}
COMMAND: POST /session/7b7deb7c8590fa6091596ec8cf2db6e4/elements - {"using":"xpath","value":"//bdi[text()=\"OK\"]"}
RESULT: {"using":"xpath","value":"//bdi[text()=\"OK\"]"}
COMMAND: POST /session/7b7deb7c8590fa6091596ec8cf2db6e4/elements - {"using":"xpath","value":"//bdi[text()=\"OK\"]"}
RESULT: {"using":"xpath","value":"//bdi[text()=\"OK\"]"}
COMMAND: POST /session/7b7deb7c8590fa6091596ec8cf2db6e4/elements - {"using":"xpath","value":"//bdi[text()=\"OK\"]"}
RESULT: {"using":"xpath","value":"//bdi[text()=\"OK\"]"}
COMMAND: POST /session/7b7deb7c8590fa6091596ec8cf2db6e4/elements - {"using":"xpath","value":"//bdi[text()=\"OK\"]"}
RESULT: {"using":"xpath","value":"//bdi[text()=\"OK\"]"}
COMMAND: POST /session/7b7deb7c8590fa6091596ec8cf2db6e4/elements - {"using":"xpath","value":"//bdi[text()=\"OK\"]"}
RESULT: {"using":"xpath","value":"//bdi[text()=\"OK\"]"}
COMMAND: POST /session/7b7deb7c8590fa6091596ec8cf2db6e4/elements - {"using":"xpath","value":"//bdi[text()=\"OK\"]"}
RESULT: {"using":"xpath","value":"//bdi[text()=\"OK\"]"}
COMMAND: POST /session/7b7deb7c8590fa6091596ec8cf2db6e4/elements - {"using":"xpath","value":"//bdi[text()=\"OK\"]"}
RESULT: {"using":"xpath","value":"//bdi[text()=\"OK\"]"}
COMMAND: POST /session/7b7deb7c8590fa6091596ec8cf2db6e4/elements - {"using":"xpath","value":"//bdi[text()=\"OK\"]"}
RESULT: {"using":"xpath","value":"//bdi[text()=\"OK\"]"}
COMMAND: POST /session/7b7deb7c8590fa6091596ec8cf2db6e4/elements - {"using":"xpath","value":"//bdi[text()=\"OK\"]"}
RESULT: {"using":"xpath","value":"//bdi[text()=\"OK\"]"}
COMMAND: POST /session/7b7deb7c8590fa6091596ec8cf2db6e4/elements - {"using":"xpath","value":"//bdi[text()=\"OK\"]"}
RESULT: {"using":"xpath","value":"//bdi[text()=\"OK\"]"}
COMMAND: POST /session/7b7deb7c8590fa6091596ec8cf2db6e4/elements - {"using":"xpath","value":"//bdi[text()=\"OK\"]"}
RESULT: {"using":"xpath","value":"//bdi[text()=\"OK\"]"}
COMMAND: POST /session/7b7deb7c8590fa6091596ec8cf2db6e4/elements - {"using":"xpath","value":"//bdi[text()=\"OK\"]"}
RESULT: {"using":"xpath","value":"//bdi[text()=\"OK\"]"}
COMMAND: POST /session/7b7deb7c8590fa6091596ec8cf2db6e4/elements - {"using":"xpath","value":"//bdi[text()=\"OK\"]"}
RESULT: {"using":"xpath","value":"//bdi[text()=\"OK\"]"}
COMMAND: POST /session/7b7deb7c8590fa6091596ec8cf2db6e4/elements - {"using":"xpath","value":"//bdi[text()=\"OK\"]"}
RESULT: {"using":"xpath","value":"//bdi[text()=\"OK\"]"}
COMMAND: POST /session/7b7deb7c8590fa6091596ec8cf2db6e4/elements - {"using":"xpath","value":"//bdi[text()=\"OK\"]"}
RESULT: {"using":"xpath","value":"//bdi[text()=\"OK\"]"}
COMMAND: POST /session/7b7deb7c8590fa6091596ec8cf2db6e4/elements - {"using":"xpath","value":"//bdi[text()=\"OK\"]"}
RESULT: {"using":"xpath","value":"//bdi[text()=\"OK\"]"}
COMMAND: POST /session/7b7deb7c8590fa6091596ec8cf2db6e4/elements - {"using":"xpath","value":"//bdi[text()=\"OK\"]"}
RESULT: {"using":"xpath","value":"//bdi[text()=\"OK\"]"}
COMMAND: POST /session/7b7deb7c8590fa6091596ec8cf2db6e4/elements - {"using":"xpath","value":"//bdi[text()=\"OK\"]"}
RESULT: {"using":"xpath","value":"//bdi[text()=\"OK\"]"}
COMMAND: POST /session/7b7deb7c8590fa6091596ec8cf2db6e4/elements - {"using":"xpath","value":"//bdi[text()=\"OK\"]"}
RESULT: {"using":"xpath","value":"//bdi[text()=\"OK\"]"}
COMMAND: POST /session/7b7deb7c8590fa6091596ec8cf2db6e4/elements - {"using":"xpath","value":"//bdi[text()=\"OK\"]"}
RESULT: {"using":"xpath","value":"//bdi[text()=\"OK\"]"}
COMMAND: POST /session/7b7deb7c8590fa6091596ec8cf2db6e4/elements - {"using":"xpath","value":"//bdi[text()=\"OK\"]"}
RESULT: {"using":"xpath","value":"//bdi[text()=\"OK\"]"}
COMMAND: POST /session/7b7deb7c8590fa6091596ec8cf2db6e4/elements - {"using":"xpath","value":"//bdi[text()=\"OK\"]"}
RESULT: {"using":"xpath","value":"//bdi[text()=\"OK\"]"}
COMMAND: POST /session/7b7deb7c8590fa6091596ec8cf2db6e4/elements - {"using":"xpath","value":"//bdi[text()=\"OK\"]"}
RESULT: {"using":"xpath","value":"//bdi[text()=\"OK\"]"}
COMMAND: POST /session/7b7deb7c8590fa6091596ec8cf2db6e4/elements - {"using":"xpath","value":"//bdi[text()=\"OK\"]"}
RESULT: {"using":"xpath","value":"//bdi[text()=\"OK\"]"}
COMMAND: POST /session/7b7deb7c8590fa6091596ec8cf2db6e4/elements - {"using":"xpath","value":"//bdi[text()=\"OK\"]"}
RESULT: {"using":"xpath","value":"//bdi[text()=\"OK\"]"}
COMMAND: POST /session/7b7deb7c8590fa6091596ec8cf2db6e4/elements - {"using":"xpath","value":"//bdi[text()=\"OK\"]"}
RESULT: {"using":"xpath","value":"//bdi[text()=\"OK\"]"}
COMMAND: POST /session/7b7deb7c8590fa6091596ec8cf2db6e4/elements - {"using":"xpath","value":"//bdi[text()=\"OK\"]"}
RESULT: {"using":"xpath","value":"//bdi[text()=\"OK\"]"}
COMMAND: POST /session/7b7deb7c8590fa6091596ec8cf2db6e4/elements - {"using":"xpath","value":"//bdi[text()=\"OK\"]"}
RESULT: {"using":"xpath","value":"//bdi[text()=\"OK\"]"}
COMMAND: POST /session/7b7deb7c8590fa6091596ec8cf2db6e4/elements - {"using":"xpath","value":"//bdi[text()=\"OK\"]"}
RESULT: {"using":"xpath","value":"//bdi[text()=\"OK\"]"}
COMMAND: POST /session/7b7deb7c8590fa6091596ec8cf2db6e4/elements - {"using":"xpath","value":"//bdi[text()=\"OK\"]"}
RESULT: {"using":"xpath","value":"//bdi[text()=\"OK\"]"}
COMMAND: POST /session/7b7deb7c8590fa6091596ec8cf2db6e4/elements - {"using":"xpath","value":"//bdi[text()=\"OK\"]"}
RESULT: {"using":"xpath","value":"//bdi[text()=\"OK\"]"}
COMMAND: POST /session/7b7deb7c8590fa6091596ec8cf2db6e4/elements - {"using":"xpath","value":"//bdi[text()=\"OK\"]"}
RESULT: {"using":"xpath","value":"//bdi[text()=\"OK\"]"}
COMMAND: POST /session/7b7deb7c8590fa6091596ec8cf2db6e4/elements - {"using":"xpath","value":"//bdi[text()=\"OK\"]"}
RESULT: {"using":"xpath","value":"//bdi[text()=\"OK\"]"}
COMMAND: POST /session/7b7deb7c8590fa6091596ec8cf2db6e4/elements - {"using":"xpath","value":"//bdi[text()=\"OK\"]"}
RESULT: {"using":"xpath","value":"//bdi[text()=\"OK\"]"}
COMMAND: POST /session/7b7deb7c8590fa6091596ec8cf2db6e4/elements - {"using":"xpath","value":"//bdi[text()=\"OK\"]"}
RESULT: {"using":"xpath","value":"//bdi[text()=\"OK\"]"}
COMMAND: POST /session/7b7deb7c8590fa6091596ec8cf2db6e4/elements - {"using":"xpath","value":"//bdi[text()=\"OK\"]"}
RESULT: {"using":"xpath","value":"//bdi[text()=\"OK\"]"}
COMMAND: POST /session/7b7deb7c8590fa6091596ec8cf2db6e4/elements - {"using":"xpath","value":"//bdi[text()=\"OK\"]"}
RESULT: {"using":"xpath","value":"//bdi[text()=\"OK\"]"}
COMMAND: POST /session/7b7deb7c8590fa6091596ec8cf2db6e4/elements - {"using":"xpath","value":"//bdi[text()=\"OK\"]"}
RESULT: {"using":"xpath","value":"//bdi[text()=\"OK\"]"}
COMMAND: POST /session/7b7deb7c8590fa6091596ec8cf2db6e4/elements - {"using":"xpath","value":"//bdi[text()=\"OK\"]"}
RESULT: {"using":"xpath","value":"//bdi[text()=\"OK\"]"}
COMMAND: POST /session/7b7deb7c8590fa6091596ec8cf2db6e4/elements - {"using":"xpath","value":"//bdi[text()=\"OK\"]"}
RESULT: {"using":"xpath","value":"//bdi[text()=\"OK\"]"}
COMMAND: POST /session/7b7deb7c8590fa6091596ec8cf2db6e4/elements - {"using":"xpath","value":"//bdi[text()=\"OK\"]"}
RESULT: {"using":"xpath","value":"//bdi[text()=\"OK\"]"}
COMMAND: POST /session/7b7deb7c8590fa6091596ec8cf2db6e4/elements - {"using":"xpath","value":"//bdi[text()=\"OK\"]"}
RESULT: {"using":"xpath","value":"//bdi[text()=\"OK\"]"}
COMMAND: POST /session/7b7deb7c8590fa6091596ec8cf2db6e4/elements - {"using":"xpath","value":"//bdi[text()=\"OK\"]"}
RESULT: {"using":"xpath","value":"//bdi[text()=\"OK\"]"}
COMMAND: POST /session/7b7deb7c8590fa6091596ec8cf2db6e4/elements - {"using":"xpath","value":"//bdi[text()=\"OK\"]"}
RESULT: {"using":"xpath","value":"//bdi[text()=\"OK\"]"}
COMMAND: POST /session/7b7deb7c8590fa6091596ec8cf2db6e4/elements - {"using":"xpath","value":"//bdi[text()=\"OK\"]"}
RESULT: {"using":"xpath","value":"//bdi[text()=\"OK\"]"}
COMMAND: POST /session/7b7deb7c8590fa6091596ec8cf2db6e4/elements - {"using":"xpath","value":"//bdi[text()=\"OK\"]"}
RESULT: {"using":"xpath","value":"//bdi[text()=\"OK\"]"}
COMMAND: POST /session/7b7deb7c8590fa6091596ec8cf2db6e4/elements - {"using":"xpath","value":"//bdi[text()=\"OK\"]"}
RESULT: {"using":"xpath","value":"//bdi[text()=\"OK\"]"}
COMMAND: POST /session/7b7deb7c8590fa6091596ec8cf2db6e4/elements - {"using":"xpath","value":"//bdi[text()=\"OK\"]"}
RESULT: {"using":"xpath","value":"//bdi[text()=\"OK\"]"}
COMMAND: POST /session/7b7deb7c8590fa6091596ec8cf2db6e4/elements - {"using":"xpath","value":"//bdi[text()=\"OK\"]"}
RESULT: {"using":"xpath","value":"//bdi[text()=\"OK\"]"}
COMMAND: POST /session/7b7deb7c8590fa6091596ec8cf2db6e4/elements - {"using":"xpath","value":"//bdi[text()=\"OK\"]"}
RESULT: {"using":"xpath","value":"//bdi[text()=\"OK\"]"}
COMMAND: POST /session/7b7deb7c8590fa6091596ec8cf2db6e4/elements - {"using":"xpath","value":"//bdi[text()=\"OK\"]"}
RESULT: {"using":"xpath","value":"//bdi[text()=\"OK\"]"}
COMMAND: POST /session/7b7deb7c8590fa6091596ec8cf2db6e4/elements - {"using":"xpath","value":"//bdi[text()=\"OK\"]"}
RESULT: {"using":"xpath","value":"//bdi[text()=\"OK\"]"}
COMMAND: POST /session/7b7deb7c8590fa6091596ec8cf2db6e4/elements - {"using":"xpath","value":"//bdi[text()=\"OK\"]"}
RESULT: {"using":"xpath","value":"//bdi[text()=\"OK\"]"}
COMMAND: POST /session/7b7deb7c8590fa6091596ec8cf2db6e4/elements - {"using":"xpath","value":"//bdi[text()=\"OK\"]"}
RESULT: {"using":"xpath","value":"//bdi[text()=\"OK\"]"}
COMMAND: POST /session/7b7deb7c8590fa6091596ec8cf2db6e4/elements - {"using":"xpath","value":"//bdi[text()=\"OK\"]"}
RESULT: {"using":"xpath","value":"//bdi[text()=\"OK\"]"}
COMMAND: POST /session/7b7deb7c8590fa6091596ec8cf2db6e4/elements - {"using":"xpath","value":"//bdi[text()=\"OK\"]"}
RESULT: {"using":"xpath","value":"//bdi[text()=\"OK\"]"}
COMMAND: POST /session/7b7deb7c8590fa6091596ec8cf2db6e4/elements - {"using":"xpath","value":"//bdi[text()=\"OK\"]"}
RESULT: {"using":"xpath","value":"//bdi[text()=\"OK\"]"}
COMMAND: POST /session/7b7deb7c8590fa6091596ec8cf2db6e4/elements - {"using":"xpath","value":"//bdi[text()=\"OK\"]"}
RESULT: {"using":"xpath","value":"//bdi[text()=\"OK\"]"}
COMMAND: POST /session/7b7deb7c8590fa6091596ec8cf2db6e4/elements - {"using":"xpath","value":"//bdi[text()=\"OK\"]"}
RESULT: {"using":"xpath","value":"//bdi[text()=\"OK\"]"}
COMMAND: POST /session/7b7deb7c8590fa6091596ec8cf2db6e4/elements - {"using":"xpath","value":"//bdi[text()=\"OK\"]"}
RESULT: {"using":"xpath","value":"//bdi[text()=\"OK\"]"}
COMMAND: POST /session/7b7deb7c8590fa6091596ec8cf2db6e4/elements - {"using":"xpath","value":"//bdi[text()=\"OK\"]"}
RESULT: {"using":"xpath","value":"//bdi[text()=\"OK\"]"}
COMMAND: POST /session/7b7deb7c8590fa6091596ec8cf2db6e4/elements - {"using":"xpath","value":"//bdi[text()=\"OK\"]"}
RESULT: {"using":"xpath","value":"//bdi[text()=\"OK\"]"}
COMMAND: POST /session/7b7deb7c8590fa6091596ec8cf2db6e4/execute/async - {"script":"<script> [1562 bytes]","args":[{"selector":{"id":"application-manageresources-display-component---newResourceUnit--TYPE-arrow"},"wdio_ui5_key":"applicationmanageresources-display-component---newResourceUnit--TYPE-arrow"}]}
RESULT: {"script":"<script> [1562 bytes]","args":[{"selector":{"id":"application-manageresources-display-component---newResourceUnit--TYPE-arrow"},"wdio_ui5_key":"applicationmanageresources-display-component---newResourceUnit--TYPE-arrow"}]}
RESULT: undefined
COMMAND: POST /session/7b7deb7c8590fa6091596ec8cf2db6e4/element - {"using":"xpath","value":"//*[@id=\"application-manageresources-display-component---newResourceUnit--TYPE-arrow\"]"}
RESULT: {"using":"xpath","value":"//*[@id=\"application-manageresources-display-component---newResourceUnit--TYPE-arrow\"]"}
COMMAND: POST /session/7b7deb7c8590fa6091596ec8cf2db6e4/element/f.00692CF0BC94F1C607A97A5075ACE774.d.4DD955C47E9DA592175CA9C046B00AED.e.7507/click - {}
RESULT: {}
COMMAND: POST /session/7b7deb7c8590fa6091596ec8cf2db6e4/execute/async - {"script":"<script> [1562 bytes]","args":[{"selector":{"controlType":"sap.m.StandardListItem","viewName":"reusables.view.manageresources.NewResourceUnit","viewId":"application-manageresources-display-component---newResourceUnit","properties":{"title":"Equipment"},"searchOpenDialogs":true,"interaction":{"idSuffix":"content"}},"wdio_ui5_key":"reusablesview.manageresources.NewResourceUnitsap.m.StandardListItem{\"title\":\"Equipment\"}"}]}
COMMAND: GET /session/7b7deb7c8590fa6091596ec8cf2db6e4/screenshot - {}
RESULT: {"script":"<script> [1562 bytes]","args":[{"selector":{"controlType":"sap.m.StandardListItem","viewName":"reusables.view.manageresources.NewResourceUnit","viewId":"application-manageresources-display-component---newResourceUnit","properties":{"title":"Equipment"},"searchOpenDialogs":true,"interaction":{"idSuffix":"content"}},"wdio_ui5_key":"reusablesview.manageresources.NewResourceUnitsap.m.StandardListItem{\"title\":\"Equipment\"}"}]}
RESULT: undefined
COMMAND: POST /session/7b7deb7c8590fa6091596ec8cf2db6e4/element - {"using":"xpath","value":"//*[@id=\"__item138\"]"}
RESULT: {}
RESULT: {"using":"xpath","value":"//*[@id=\"__item138\"]"}
COMMAND: POST /session/7b7deb7c8590fa6091596ec8cf2db6e4/element/f.00692CF0BC94F1C607A97A5075ACE774.d.4DD955C47E9DA592175CA9C046B00AED.e.7510/click - {}
RESULT: {}
COMMAND: POST /session/7b7deb7c8590fa6091596ec8cf2db6e4/execute/async - {"script":"<script> [1562 bytes]","args":[{"selector":{"id":"application-manageresources-display-component---newResourceUnit--resourceId","interaction":{"idSuffix":"inner"}},"wdio_ui5_key":"applicationmanageresources-display-component---newResourceUnit--resourceId"}]}
COMMAND: GET /session/7b7deb7c8590fa6091596ec8cf2db6e4/screenshot - {}
RESULT: {"script":"<script> [1562 bytes]","args":[{"selector":{"id":"application-manageresources-display-component---newResourceUnit--resourceId","interaction":{"idSuffix":"inner"}},"wdio_ui5_key":"applicationmanageresources-display-component---newResourceUnit--resourceId"}]}
RESULT: undefined
COMMAND: POST /session/7b7deb7c8590fa6091596ec8cf2db6e4/execute/async - {"script":"<script> [776 bytes]","args":[{"enterText":"EquipmentCounter oy0h7","selector":{"id":"application-manageresources-display-component---newResourceUnit--resourceId","interaction":{"idSuffix":"inner"}},"clearTextFirst":true,"interactionType":"ENTER_TEXT"}]}
RESULT: {}
RESULT: {"script":"<script> [776 bytes]","args":[{"enterText":"EquipmentCounter oy0h7","selector":{"id":"application-manageresources-display-component---newResourceUnit--resourceId","interaction":{"idSuffix":"inner"}},"clearTextFirst":true,"interactionType":"ENTER_TEXT"}]}
COMMAND: POST /session/7b7deb7c8590fa6091596ec8cf2db6e4/execute/async - {"script":"<script> [1562 bytes]","args":[{"selector":{"id":"application-manageresources-display-component---newResourceUnit--SHORT_TEXT","interaction":{"idSuffix":"inner"}},"wdio_ui5_key":"applicationmanageresources-display-component---newResourceUnit--SHORT_TEXT"}]}
RESULT: {"script":"<script> [1562 bytes]","args":[{"selector":{"id":"application-manageresources-display-component---newResourceUnit--SHORT_TEXT","interaction":{"idSuffix":"inner"}},"wdio_ui5_key":"applicationmanageresources-display-component---newResourceUnit--SHORT_TEXT"}]}
RESULT: undefined
COMMAND: POST /session/7b7deb7c8590fa6091596ec8cf2db6e4/execute/async - {"script":"<script> [776 bytes]","args":[{"enterText":"EquipmentCounter oy0h7","selector":{"id":"application-manageresources-display-component---newResourceUnit--SHORT_TEXT","interaction":{"idSuffix":"inner"}},"clearTextFirst":true,"interactionType":"ENTER_TEXT"}]}
RESULT: {"script":"<script> [776 bytes]","args":[{"enterText":"EquipmentCounter oy0h7","selector":{"id":"application-manageresources-display-component---newResourceUnit--SHORT_TEXT","interaction":{"idSuffix":"inner"}},"clearTextFirst":true,"interactionType":"ENTER_TEXT"}]}
COMMAND: POST /session/7b7deb7c8590fa6091596ec8cf2db6e4/execute/async - {"script":"<script> [1562 bytes]","args":[{"selector":{"id":"application-manageresources-display-component---newResourceUnit--BASE_UNIT_OF_MEASURE","interaction":{"idSuffix":"inner"}},"wdio_ui5_key":"applicationmanageresources-display-component---newResourceUnit--BASE_UNIT_OF_MEASURE"}]}
RESULT: {"script":"<script> [1562 bytes]","args":[{"selector":{"id":"application-manageresources-display-component---newResourceUnit--BASE_UNIT_OF_MEASURE","interaction":{"idSuffix":"inner"}},"wdio_ui5_key":"applicationmanageresources-display-component---newResourceUnit--BASE_UNIT_OF_MEASURE"}]}
RESULT: undefined
COMMAND: POST /session/7b7deb7c8590fa6091596ec8cf2db6e4/execute/async - {"script":"<script> [776 bytes]","args":[{"enterText":"Piece","selector":{"id":"application-manageresources-display-component---newResourceUnit--BASE_UNIT_OF_MEASURE","interaction":{"idSuffix":"inner"}},"clearTextFirst":true,"interactionType":"ENTER_TEXT"}]}
RESULT: {"script":"<script> [776 bytes]","args":[{"enterText":"Piece","selector":{"id":"application-manageresources-display-component---newResourceUnit--BASE_UNIT_OF_MEASURE","interaction":{"idSuffix":"inner"}},"clearTextFirst":true,"interactionType":"ENTER_TEXT"}]}
COMMAND: POST /session/7b7deb7c8590fa6091596ec8cf2db6e4/execute/async - {"script":"<script> [1562 bytes]","args":[{"selector":{"id":"application-manageresources-display-component---newResourceUnit--WEIGHT_UNIT","interaction":{"idSuffix":"inner"}},"wdio_ui5_key":"applicationmanageresources-display-component---newResourceUnit--WEIGHT_UNIT"}]}
RESULT: {"script":"<script> [1562 bytes]","args":[{"selector":{"id":"application-manageresources-display-component---newResourceUnit--WEIGHT_UNIT","interaction":{"idSuffix":"inner"}},"wdio_ui5_key":"applicationmanageresources-display-component---newResourceUnit--WEIGHT_UNIT"}]}
RESULT: undefined
COMMAND: POST /session/7b7deb7c8590fa6091596ec8cf2db6e4/execute/async - {"script":"<script> [776 bytes]","args":[{"enterText":"Gram","selector":{"id":"application-manageresources-display-component---newResourceUnit--WEIGHT_UNIT","interaction":{"idSuffix":"inner"}},"clearTextFirst":true,"interactionType":"ENTER_TEXT"}]}
RESULT: {"script":"<script> [776 bytes]","args":[{"enterText":"Gram","selector":{"id":"application-manageresources-display-component---newResourceUnit--WEIGHT_UNIT","interaction":{"idSuffix":"inner"}},"clearTextFirst":true,"interactionType":"ENTER_TEXT"}]}
COMMAND: POST /session/7b7deb7c8590fa6091596ec8cf2db6e4/execute/async - {"script":"<script> [1562 bytes]","args":[{"selector":{"id":"application-manageresources-display-component---newResourceUnit--newRRUPage-OPHeaderContent-collapseBtn-img"},"wdio_ui5_key":"applicationmanageresources-display-component---newResourceUnit--newRRUPage-OPHeaderContent-collapseBtn-img"}]}
RESULT: {"script":"<script> [1562 bytes]","args":[{"selector":{"id":"application-manageresources-display-component---newResourceUnit--newRRUPage-OPHeaderContent-collapseBtn-img"},"wdio_ui5_key":"applicationmanageresources-display-component---newResourceUnit--newRRUPage-OPHeaderContent-collapseBtn-img"}]}
RESULT: undefined
COMMAND: POST /session/7b7deb7c8590fa6091596ec8cf2db6e4/element - {"using":"xpath","value":"//*[@id=\"application-manageresources-display-component---newResourceUnit--newRRUPage-OPHeaderContent-collapseBtn-img\"]"}
RESULT: {"using":"xpath","value":"//*[@id=\"application-manageresources-display-component---newResourceUnit--newRRUPage-OPHeaderContent-collapseBtn-img\"]"}
COMMAND: POST /session/7b7deb7c8590fa6091596ec8cf2db6e4/element/f.00692CF0BC94F1C607A97A5075ACE774.d.4DD955C47E9DA592175CA9C046B00AED.e.7518/click - {}
RESULT: {}
COMMAND: GET /session/7b7deb7c8590fa6091596ec8cf2db6e4/screenshot - {}
RESULT: {}
COMMAND: POST /session/7b7deb7c8590fa6091596ec8cf2db6e4/element - {"using":"xpath","value":"(//span[contains(@id ,\"application-manageresources-display-component---newResourceUnit--DIMENSION_UNIT-arrow\")])[1]"}
RESULT: {"using":"xpath","value":"(//span[contains(@id ,\"application-manageresources-display-component---newResourceUnit--DIMENSION_UNIT-arrow\")])[1]"}
COMMAND: POST /session/7b7deb7c8590fa6091596ec8cf2db6e4/element/f.00692CF0BC94F1C607A97A5075ACE774.d.4DD955C47E9DA592175CA9C046B00AED.e.7639/click - {}
RESULT: {}
COMMAND: GET /session/7b7deb7c8590fa6091596ec8cf2db6e4/screenshot - {}
RESULT: {}
COMMAND: POST /session/7b7deb7c8590fa6091596ec8cf2db6e4/execute/async - {"script":"<script> [1562 bytes]","args":[{"selector":{"controlType":"sap.m.StandardListItem","viewName":"reusables.view.manageresources.NewResourceUnit","viewId":"application-manageresources-display-component---newResourceUnit","properties":{"title":"Centimeter"},"searchOpenDialogs":true,"interaction":{"idSuffix":"titleText"}},"wdio_ui5_key":"reusablesview.manageresources.NewResourceUnitsap.m.StandardListItem{\"title\":\"Centimeter\"}"}]}
RESULT: {"script":"<script> [1562 bytes]","args":[{"selector":{"controlType":"sap.m.StandardListItem","viewName":"reusables.view.manageresources.NewResourceUnit","viewId":"application-manageresources-display-component---newResourceUnit","properties":{"title":"Centimeter"},"searchOpenDialogs":true,"interaction":{"idSuffix":"titleText"}},"wdio_ui5_key":"reusablesview.manageresources.NewResourceUnitsap.m.StandardListItem{\"title\":\"Centimeter\"}"}]}
RESULT: undefined
COMMAND: POST /session/7b7deb7c8590fa6091596ec8cf2db6e4/element - {"using":"xpath","value":"//*[@id=\"__item179\"]"}
RESULT: {"using":"xpath","value":"//*[@id=\"__item179\"]"}
COMMAND: POST /session/7b7deb7c8590fa6091596ec8cf2db6e4/element/f.00692CF0BC94F1C607A97A5075ACE774.d.4DD955C47E9DA592175CA9C046B00AED.e.7643/click - {}
RESULT: {}
COMMAND: GET /session/7b7deb7c8590fa6091596ec8cf2db6e4/screenshot - {}
RESULT: {}
COMMAND: POST /session/7b7deb7c8590fa6091596ec8cf2db6e4/execute/async - {"script":"<script> [1562 bytes]","args":[{"selector":{"id":"application-manageresources-display-component---newResourceUnit--newRRUPage-anchBar-application-manageresources-display-component---newResourceUnit--control-anchor","interaction":{"idSuffix":"BDI-content"}},"wdio_ui5_key":"applicationmanageresources-display-component---newResourceUnit--newRRUPage-anchBar-application-manageresources-display-component---newResourceUnit--control-anchor"}]}
RESULT: {"script":"<script> [1562 bytes]","args":[{"selector":{"id":"application-manageresources-display-component---newResourceUnit--newRRUPage-anchBar-application-manageresources-display-component---newResourceUnit--control-anchor","interaction":{"idSuffix":"BDI-content"}},"wdio_ui5_key":"applicationmanageresources-display-component---newResourceUnit--newRRUPage-anchBar-application-manageresources-display-component---newResourceUnit--control-anchor"}]}
RESULT: undefined
COMMAND: POST /session/7b7deb7c8590fa6091596ec8cf2db6e4/element - {"using":"xpath","value":"//*[@id=\"application-manageresources-display-component---newResourceUnit--newRRUPage-anchBar-application-manageresources-display-component---newResourceUnit--control-anchor\"]"}
RESULT: {"using":"xpath","value":"//*[@id=\"application-manageresources-display-component---newResourceUnit--newRRUPage-anchBar-application-manageresources-display-component---newResourceUnit--control-anchor\"]"}
COMMAND: POST /session/7b7deb7c8590fa6091596ec8cf2db6e4/element/f.00692CF0BC94F1C607A97A5075ACE774.d.4DD955C47E9DA592175CA9C046B00AED.e.7645/click - {}
RESULT: {}
COMMAND: POST /session/7b7deb7c8590fa6091596ec8cf2db6e4/execute/async - {"script":"<script> [1562 bytes]","args":[{"selector":{"id":"application-manageresources-display-component---newResourceUnit--PLANNING_GROUP","interaction":{"idSuffix":"inner"}},"wdio_ui5_key":"applicationmanageresources-display-component---newResourceUnit--PLANNING_GROUP"}]}
COMMAND: GET /session/7b7deb7c8590fa6091596ec8cf2db6e4/screenshot - {}
RESULT: {"script":"<script> [1562 bytes]","args":[{"selector":{"id":"application-manageresources-display-component---newResourceUnit--PLANNING_GROUP","interaction":{"idSuffix":"inner"}},"wdio_ui5_key":"applicationmanageresources-display-component---newResourceUnit--PLANNING_GROUP"}]}
RESULT: undefined
COMMAND: POST /session/7b7deb7c8590fa6091596ec8cf2db6e4/execute/async - {"script":"<script> [776 bytes]","args":[{"enterText":"Heavy Equi","selector":{"id":"application-manageresources-display-component---newResourceUnit--PLANNING_GROUP","interaction":{"idSuffix":"inner"}},"clearTextFirst":true,"interactionType":"ENTER_TEXT"}]}
RESULT: {}
RESULT: {"script":"<script> [776 bytes]","args":[{"enterText":"Heavy Equi","selector":{"id":"application-manageresources-display-component---newResourceUnit--PLANNING_GROUP","interaction":{"idSuffix":"inner"}},"clearTextFirst":true,"interactionType":"ENTER_TEXT"}]}
COMMAND: POST /session/7b7deb7c8590fa6091596ec8cf2db6e4/execute/async - {"script":"<script> [1562 bytes]","args":[{"selector":{"id":"application-manageresources-display-component---newResourceUnit--ITEM_TYPE-arrow"},"wdio_ui5_key":"applicationmanageresources-display-component---newResourceUnit--ITEM_TYPE-arrow"}]}
RESULT: {"script":"<script> [1562 bytes]","args":[{"selector":{"id":"application-manageresources-display-component---newResourceUnit--ITEM_TYPE-arrow"},"wdio_ui5_key":"applicationmanageresources-display-component---newResourceUnit--ITEM_TYPE-arrow"}]}
RESULT: undefined
COMMAND: POST /session/7b7deb7c8590fa6091596ec8cf2db6e4/element - {"using":"xpath","value":"//*[@id=\"application-manageresources-display-component---newResourceUnit--ITEM_TYPE-arrow\"]"}
RESULT: {"using":"xpath","value":"//*[@id=\"application-manageresources-display-component---newResourceUnit--ITEM_TYPE-arrow\"]"}
COMMAND: POST /session/7b7deb7c8590fa6091596ec8cf2db6e4/element/f.00692CF0BC94F1C607A97A5075ACE774.d.4DD955C47E9DA592175CA9C046B00AED.e.7650/click - {}
RESULT: {}
COMMAND: POST /session/7b7deb7c8590fa6091596ec8cf2db6e4/execute/async - {"script":"<script> [1562 bytes]","args":[{"selector":{"controlType":"sap.m.StandardListItem","viewName":"reusables.view.manageresources.NewResourceUnit","viewId":"application-manageresources-display-component---newResourceUnit","properties":{"title":"Resource Unit"},"searchOpenDialogs":true,"interaction":{"idSuffix":"titleText"}},"wdio_ui5_key":"reusablesview.manageresources.NewResourceUnitsap.m.StandardListItem{\"title\":\"Resource Unit\"}"}]}
COMMAND: GET /session/7b7deb7c8590fa6091596ec8cf2db6e4/screenshot - {}
RESULT: {"script":"<script> [1562 bytes]","args":[{"selector":{"controlType":"sap.m.StandardListItem","viewName":"reusables.view.manageresources.NewResourceUnit","viewId":"application-manageresources-display-component---newResourceUnit","properties":{"title":"Resource Unit"},"searchOpenDialogs":true,"interaction":{"idSuffix":"titleText"}},"wdio_ui5_key":"reusablesview.manageresources.NewResourceUnitsap.m.StandardListItem{\"title\":\"Resource Unit\"}"}]}
RESULT: undefined
COMMAND: POST /session/7b7deb7c8590fa6091596ec8cf2db6e4/element - {"using":"xpath","value":"//*[@id=\"__item201\"]"}
RESULT: {}
RESULT: {"using":"xpath","value":"//*[@id=\"__item201\"]"}
COMMAND: POST /session/7b7deb7c8590fa6091596ec8cf2db6e4/element/f.00692CF0BC94F1C607A97A5075ACE774.d.4DD955C47E9DA592175CA9C046B00AED.e.7652/click - {}
RESULT: {}
COMMAND: POST /session/7b7deb7c8590fa6091596ec8cf2db6e4/element - {"using":"xpath","value":"//bdi[contains(text(), \"Time Segment\")]"}
COMMAND: GET /session/7b7deb7c8590fa6091596ec8cf2db6e4/screenshot - {}
RESULT: {"using":"xpath","value":"//bdi[contains(text(), \"Time Segment\")]"}
COMMAND: GET /session/7b7deb7c8590fa6091596ec8cf2db6e4/element/f.00692CF0BC94F1C607A97A5075ACE774.d.4DD955C47E9DA592175CA9C046B00AED.e.7653/rect - {}
RESULT: {}
RESULT: {}
COMMAND: GET /session/7b7deb7c8590fa6091596ec8cf2db6e4/window/rect - {}
RESULT: {}
COMMAND: POST /session/7b7deb7c8590fa6091596ec8cf2db6e4/execute/sync - {"script":"<script> [92 bytes]","args":[]}
RESULT: {"script":"<script> [92 bytes]","args":[]}
COMMAND: POST /session/7b7deb7c8590fa6091596ec8cf2db6e4/actions - {"actions":[{"id":"action21","type":"wheel","parameters":{},"actions":[{"type":"scroll","x":-1820,"y":-21,"deltaX":0,"deltaY":0,"duration":0,"origin":{"element-6066-11e4-a52e-4f735466cecf":"f.00692CF0BC94F1C607A97A5075ACE774.d.4DD955C47E9DA592175CA9C046B00AED.e.7653"}}]}]}
COMMAND: GET /session/7b7deb7c8590fa6091596ec8cf2db6e4/screenshot - {}
RESULT: {}
COMMAND: POST /session/7b7deb7c8590fa6091596ec8cf2db6e4/execute/sync - {"script":"<script> [79 bytes]","args":[{"element-6066-11e4-a52e-4f735466cecf":"f.00692CF0BC94F1C607A97A5075ACE774.d.4DD955C47E9DA592175CA9C046B00AED.e.7653","ELEMENT":"f.00692CF0BC94F1C607A97A5075ACE774.d.4DD955C47E9DA592175CA9C046B00AED.e.7653"},{"block":"start","inline":"nearest"}]}
RESULT: {"script":"<script> [79 bytes]","args":[{"element-6066-11e4-a52e-4f735466cecf":"f.00692CF0BC94F1C607A97A5075ACE774.d.4DD955C47E9DA592175CA9C046B00AED.e.7653","ELEMENT":"f.00692CF0BC94F1C607A97A5075ACE774.d.4DD955C47E9DA592175CA9C046B00AED.e.7653"},{"block":"start","inline":"nearest"}]}
COMMAND: POST /session/7b7deb7c8590fa6091596ec8cf2db6e4/execute/async - {"script":"<script> [1562 bytes]","args":[{"selector":{"id":"application-manageresources-display-component---newResourceUnit--btnAddTimeSegment-img"},"wdio_ui5_key":"applicationmanageresources-display-component---newResourceUnit--btnAddTimeSegment-img"}]}
COMMAND: GET /session/7b7deb7c8590fa6091596ec8cf2db6e4/screenshot - {}
RESULT: {"script":"<script> [1562 bytes]","args":[{"selector":{"id":"application-manageresources-display-component---newResourceUnit--btnAddTimeSegment-img"},"wdio_ui5_key":"applicationmanageresources-display-component---newResourceUnit--btnAddTimeSegment-img"}]}
RESULT: undefined
COMMAND: POST /session/7b7deb7c8590fa6091596ec8cf2db6e4/element - {"using":"xpath","value":"//*[@id=\"application-manageresources-display-component---newResourceUnit--btnAddTimeSegment-img\"]"}
RESULT: {}
RESULT: {"using":"xpath","value":"//*[@id=\"application-manageresources-display-component---newResourceUnit--btnAddTimeSegment-img\"]"}
COMMAND: POST /session/7b7deb7c8590fa6091596ec8cf2db6e4/element/f.00692CF0BC94F1C607A97A5075ACE774.d.4DD955C47E9DA592175CA9C046B00AED.e.7656/click - {}
RESULT: {}
COMMAND: POST /session/7b7deb7c8590fa6091596ec8cf2db6e4/element - {"using":"xpath","value":"//input[@id=\"application-manageresources-display-component---newResourceUnit--idRuTSAdmin-application-manageresources-display-component---newResourceUnit--RUTimeSegment-0-inner\"]"}
COMMAND: GET /session/7b7deb7c8590fa6091596ec8cf2db6e4/screenshot - {}
RESULT: {"using":"xpath","value":"//input[@id=\"application-manageresources-display-component---newResourceUnit--idRuTSAdmin-application-manageresources-display-component---newResourceUnit--RUTimeSegment-0-inner\"]"}
COMMAND: POST /session/7b7deb7c8590fa6091596ec8cf2db6e4/element/f.00692CF0BC94F1C607A97A5075ACE774.d.4DD955C47E9DA592175CA9C046B00AED.e.7659/clear - {}
RESULT: {}
RESULT: {}
COMMAND: POST /session/7b7deb7c8590fa6091596ec8cf2db6e4/element/f.00692CF0BC94F1C607A97A5075ACE774.d.4DD955C47E9DA592175CA9C046B00AED.e.7659/value - {"text":"Webdriver Yard"}
COMMAND: GET /session/7b7deb7c8590fa6091596ec8cf2db6e4/screenshot - {}
RESULT: {"text":"Webdriver Yard"}
COMMAND: GET /session/7b7deb7c8590fa6091596ec8cf2db6e4/screenshot - {}
COMMAND: POST /session/7b7deb7c8590fa6091596ec8cf2db6e4/actions - {"actions":[{"id":"action22","type":"key","parameters":{},"actions":[{"type":"keyDown","value":"î€‡"},{"type":"pause","duration":10},{"type":"keyUp","value":"î€‡"}]}]}
RESULT: {}
RESULT: {}
RESULT: {"actions":[{"id":"action22","type":"key","parameters":{},"actions":[{"type":"keyDown","value":"î€‡"},{"type":"pause","duration":10},{"type":"keyUp","value":"î€‡"}]}]}
COMMAND: POST /session/7b7deb7c8590fa6091596ec8cf2db6e4/execute/async - {"script":"<script> [1562 bytes]","args":[{"selector":{"controlType":"sap.ui.core.Icon","viewName":"reusables.view.manageresources.NewResourceUnit","viewId":"application-manageresources-display-component---newResourceUnit","properties":{"src":{"regex":{"source":"slim\\-arrow\\-down"}}},"ancestor":{"controlType":"sap.m.ComboBox","viewName":"reusables.view.manageresources.NewResourceUnit","viewId":"application-manageresources-display-component---newResourceUnit","bindingPath":{"path":"/RESOURCE_UNIT_TIME_SEQUENCES/0","propertyPath":"COST_OBJECT_ADMIN_CST_TYPE","modelName":"oNewRruModel"}}},"wdio_ui5_key":"reusablesview.manageresources.NewResourceUnitsap.ui.core.Icon{\"src\":{\"regex\":{\"source\":\"slim\\\\-arrow\\\\-down\"}}}{\"controlType\":\"sap.m.ComboBox\",\"viewName\":\"reusables.view.manageresources.NewResourceUnit\",\"viewId\":\"application-manageresources-display-component---newResourceUnit\",\"bindingPath\":{\"path\":\"/RESOURCE_UNIT_TIME_SEQUENCES/0\",\"propertyPath\":\"COST_OBJECT_ADMIN_CST_TYPE\",\"modelName\":\"oNewRruModel\"}}"}]}
COMMAND: GET /session/7b7deb7c8590fa6091596ec8cf2db6e4/screenshot - {}
RESULT: {"script":"<script> [1562 bytes]","args":[{"selector":{"controlType":"sap.ui.core.Icon","viewName":"reusables.view.manageresources.NewResourceUnit","viewId":"application-manageresources-display-component---newResourceUnit","properties":{"src":{"regex":{"source":"slim\\-arrow\\-down"}}},"ancestor":{"controlType":"sap.m.ComboBox","viewName":"reusables.view.manageresources.NewResourceUnit","viewId":"application-manageresources-display-component---newResourceUnit","bindingPath":{"path":"/RESOURCE_UNIT_TIME_SEQUENCES/0","propertyPath":"COST_OBJECT_ADMIN_CST_TYPE","modelName":"oNewRruModel"}}},"wdio_ui5_key":"reusablesview.manageresources.NewResourceUnitsap.ui.core.Icon{\"src\":{\"regex\":{\"source\":\"slim\\\\-arrow\\\\-down\"}}}{\"controlType\":\"sap.m.ComboBox\",\"viewName\":\"reusables.view.manageresources.NewResourceUnit\",\"viewId\":\"application-manageresources-display-component---newResourceUnit\",\"bindingPath\":{\"path\":\"/RESOURCE_UNIT_TIME_SEQUENCES/0\",\"propertyPath\":\"COST_OBJECT_ADMIN_CST_TYPE\",\"modelName\":\"oNewRruModel\"}}"}]}
RESULT: undefined
COMMAND: POST /session/7b7deb7c8590fa6091596ec8cf2db6e4/element - {"using":"xpath","value":"//*[@id=\"__box4-application-manageresources-display-component---newResourceUnit--RUTimeSegment-0-arrow\"]"}
RESULT: {}
RESULT: {"using":"xpath","value":"//*[@id=\"__box4-application-manageresources-display-component---newResourceUnit--RUTimeSegment-0-arrow\"]"}
COMMAND: POST /session/7b7deb7c8590fa6091596ec8cf2db6e4/element/f.00692CF0BC94F1C607A97A5075ACE774.d.4DD955C47E9DA592175CA9C046B00AED.e.7674/click - {}
RESULT: {}
COMMAND: POST /session/7b7deb7c8590fa6091596ec8cf2db6e4/execute/async - {"script":"<script> [1562 bytes]","args":[{"selector":{"controlType":"sap.m.StandardListItem","viewName":"reusables.view.manageresources.NewResourceUnit","viewId":"application-manageresources-display-component---newResourceUnit","properties":{"title":"PM Order"},"searchOpenDialogs":true,"interaction":{"idSuffix":"titleText"}},"wdio_ui5_key":"reusablesview.manageresources.NewResourceUnitsap.m.StandardListItem{\"title\":\"PM Order\"}"}]}
COMMAND: GET /session/7b7deb7c8590fa6091596ec8cf2db6e4/screenshot - {}
RESULT: {"script":"<script> [1562 bytes]","args":[{"selector":{"controlType":"sap.m.StandardListItem","viewName":"reusables.view.manageresources.NewResourceUnit","viewId":"application-manageresources-display-component---newResourceUnit","properties":{"title":"PM Order"},"searchOpenDialogs":true,"interaction":{"idSuffix":"titleText"}},"wdio_ui5_key":"reusablesview.manageresources.NewResourceUnitsap.m.StandardListItem{\"title\":\"PM Order\"}"}]}
RESULT: undefined
COMMAND: POST /session/7b7deb7c8590fa6091596ec8cf2db6e4/element - {"using":"xpath","value":"//*[@id=\"__item1047\"]"}
RESULT: {}
RESULT: {"using":"xpath","value":"//*[@id=\"__item1047\"]"}
COMMAND: POST /session/7b7deb7c8590fa6091596ec8cf2db6e4/element/f.00692CF0BC94F1C607A97A5075ACE774.d.4DD955C47E9DA592175CA9C046B00AED.e.7678/click - {}
RESULT: {}
COMMAND: GET /session/7b7deb7c8590fa6091596ec8cf2db6e4/screenshot - {}
RESULT: {}
COMMAND: POST /session/7b7deb7c8590fa6091596ec8cf2db6e4/element - {"using":"xpath","value":"(//input[contains(@id ,\"-application-manageresources-display-component---newResourceUnit--RUTimeSegment-0-inner\")])[8]"}
RESULT: {"using":"xpath","value":"(//input[contains(@id ,\"-application-manageresources-display-component---newResourceUnit--RUTimeSegment-0-inner\")])[8]"}
COMMAND: POST /session/7b7deb7c8590fa6091596ec8cf2db6e4/element/f.00692CF0BC94F1C607A97A5075ACE774.d.4DD955C47E9DA592175CA9C046B00AED.e.7681/clear - {}
RESULT: {}
COMMAND: POST /session/7b7deb7c8590fa6091596ec8cf2db6e4/element/f.00692CF0BC94F1C607A97A5075ACE774.d.4DD955C47E9DA592175CA9C046B00AED.e.7681/value - {"text":"4000360"}
COMMAND: GET /session/7b7deb7c8590fa6091596ec8cf2db6e4/screenshot - {}
RESULT: {"text":"4000360"}
COMMAND: GET /session/7b7deb7c8590fa6091596ec8cf2db6e4/screenshot - {}
RESULT: {}
RESULT: {}
COMMAND: POST /session/7b7deb7c8590fa6091596ec8cf2db6e4/actions - {"actions":[{"id":"action23","type":"key","parameters":{},"actions":[{"type":"keyDown","value":"î€‡"},{"type":"pause","duration":10},{"type":"keyUp","value":"î€‡"}]}]}
RESULT: {"actions":[{"id":"action23","type":"key","parameters":{},"actions":[{"type":"keyDown","value":"î€‡"},{"type":"pause","duration":10},{"type":"keyUp","value":"î€‡"}]}]}
COMMAND: GET /session/7b7deb7c8590fa6091596ec8cf2db6e4/screenshot - {}
RESULT: {}
COMMAND: POST /session/7b7deb7c8590fa6091596ec8cf2db6e4/execute/async - {"script":"<script> [1562 bytes]","args":[{"selector":{"id":"application-manageresources-display-component---newResourceUnit--newTimeSegmentDateRangePicker-application-manageresources-display-component---newResourceUnit--RUTimeSegment-0","interaction":{"idSuffix":"inner"}},"wdio_ui5_key":"applicationmanageresources-display-component---newResourceUnit--newTimeSegmentDateRangePicker-application-manageresources-display-component---newResourceUnit--RUTimeSegment-0"}]}
RESULT: {"script":"<script> [1562 bytes]","args":[{"selector":{"id":"application-manageresources-display-component---newResourceUnit--newTimeSegmentDateRangePicker-application-manageresources-display-component---newResourceUnit--RUTimeSegment-0","interaction":{"idSuffix":"inner"}},"wdio_ui5_key":"applicationmanageresources-display-component---newResourceUnit--newTimeSegmentDateRangePicker-application-manageresources-display-component---newResourceUnit--RUTimeSegment-0"}]}
RESULT: undefined
COMMAND: POST /session/7b7deb7c8590fa6091596ec8cf2db6e4/execute/async - {"script":"<script> [1562 bytes]","args":[{"selector":{"id":"application-manageresources-display-component---newResourceUnit--newRRUPage-anchBar-application-manageresources-display-component---newResourceUnit--resource-anchor","interaction":{"idSuffix":"BDI-content"}},"wdio_ui5_key":"applicationmanageresources-display-component---newResourceUnit--newRRUPage-anchBar-application-manageresources-display-component---newResourceUnit--resource-anchor"}]}
RESULT: {"script":"<script> [1562 bytes]","args":[{"selector":{"id":"application-manageresources-display-component---newResourceUnit--newRRUPage-anchBar-application-manageresources-display-component---newResourceUnit--resource-anchor","interaction":{"idSuffix":"BDI-content"}},"wdio_ui5_key":"applicationmanageresources-display-component---newResourceUnit--newRRUPage-anchBar-application-manageresources-display-component---newResourceUnit--resource-anchor"}]}
RESULT: undefined
COMMAND: POST /session/7b7deb7c8590fa6091596ec8cf2db6e4/element - {"using":"xpath","value":"//*[@id=\"application-manageresources-display-component---newResourceUnit--newRRUPage-anchBar-application-manageresources-display-component---newResourceUnit--resource-anchor\"]"}
RESULT: {"using":"xpath","value":"//*[@id=\"application-manageresources-display-component---newResourceUnit--newRRUPage-anchBar-application-manageresources-display-component---newResourceUnit--resource-anchor\"]"}
COMMAND: POST /session/7b7deb7c8590fa6091596ec8cf2db6e4/element/f.00692CF0BC94F1C607A97A5075ACE774.d.4DD955C47E9DA592175CA9C046B00AED.e.7700/click - {}
RESULT: {}
COMMAND: POST /session/7b7deb7c8590fa6091596ec8cf2db6e4/execute/async - {"script":"<script> [1562 bytes]","args":[{"selector":{"id":"application-manageresources-display-component---newResourceUnit--PLANNED_DELIVERY_DATE","interaction":{"idSuffix":"inner"}},"wdio_ui5_key":"applicationmanageresources-display-component---newResourceUnit--PLANNED_DELIVERY_DATE"}]}
COMMAND: GET /session/7b7deb7c8590fa6091596ec8cf2db6e4/screenshot - {}
RESULT: {"script":"<script> [1562 bytes]","args":[{"selector":{"id":"application-manageresources-display-component---newResourceUnit--PLANNED_DELIVERY_DATE","interaction":{"idSuffix":"inner"}},"wdio_ui5_key":"applicationmanageresources-display-component---newResourceUnit--PLANNED_DELIVERY_DATE"}]}
RESULT: undefined
COMMAND: POST /session/7b7deb7c8590fa6091596ec8cf2db6e4/execute/async - {"script":"<script> [6424 bytes]","args":[{"element-6066-11e4-a52e-4f735466cecf":"f.00692CF0BC94F1C607A97A5075ACE774.d.4DD955C47E9DA592175CA9C046B00AED.e.7564"},"setValue",["06/19/24"]]}
RESULT: {}
RESULT: {"script":"<script> [6424 bytes]","args":[{"element-6066-11e4-a52e-4f735466cecf":"f.00692CF0BC94F1C607A97A5075ACE774.d.4DD955C47E9DA592175CA9C046B00AED.e.7564"},"setValue",["06/19/24"]]}
COMMAND: POST /session/7b7deb7c8590fa6091596ec8cf2db6e4/execute/async - {"script":"<script> [1562 bytes]","args":[{"selector":{"controlType":"sap.m.Button","viewName":"reusables.view.manageresources.NewResourceUnit","viewId":"application-manageresources-display-component---newResourceUnit","i18NText":{"propertyName":"tooltip","key":"save"},"interaction":{"idSuffix":"BDI-content"}},"wdio_ui5_key":"reusablesview.manageresources.NewResourceUnitsap.m.Button{\"propertyName\":\"tooltip\",\"key\":\"save\"}"}]}
RESULT: {"script":"<script> [1562 bytes]","args":[{"selector":{"controlType":"sap.m.Button","viewName":"reusables.view.manageresources.NewResourceUnit","viewId":"application-manageresources-display-component---newResourceUnit","i18NText":{"propertyName":"tooltip","key":"save"},"interaction":{"idSuffix":"BDI-content"}},"wdio_ui5_key":"reusablesview.manageresources.NewResourceUnitsap.m.Button{\"propertyName\":\"tooltip\",\"key\":\"save\"}"}]}
RESULT: undefined
COMMAND: POST /session/7b7deb7c8590fa6091596ec8cf2db6e4/element - {"using":"xpath","value":"//*[@id=\"application-manageresources-display-component---newResourceUnit--createRuButton\"]"}
RESULT: {"using":"xpath","value":"//*[@id=\"application-manageresources-display-component---newResourceUnit--createRuButton\"]"}
COMMAND: POST /session/7b7deb7c8590fa6091596ec8cf2db6e4/element/f.00692CF0BC94F1C607A97A5075ACE774.d.4DD955C47E9DA592175CA9C046B00AED.e.7524/click - {}
RESULT: {}
COMMAND: GET /session/7b7deb7c8590fa6091596ec8cf2db6e4/screenshot - {}
RESULT: {}
COMMAND: POST /session/7b7deb7c8590fa6091596ec8cf2db6e4/execute/async - {"script":"<script> [1562 bytes]","args":[{"selector":{"controlType":"sap.m.Button","properties":{"text":"Close"},"searchOpenDialogs":true,"interaction":{"idSuffix":"inner"}},"wdio_ui5_key":"sapm.Button{\"text\":\"Close\"}"}]}
RESULT: {"script":"<script> [1562 bytes]","args":[{"selector":{"controlType":"sap.m.Button","properties":{"text":"Close"},"searchOpenDialogs":true,"interaction":{"idSuffix":"inner"}},"wdio_ui5_key":"sapm.Button{\"text\":\"Close\"}"}]}
RESULT: undefined
COMMAND: POST /session/7b7deb7c8590fa6091596ec8cf2db6e4/element - {"using":"xpath","value":"//*[@id=\"__mbox-btn-0\"]"}
RESULT: {"using":"xpath","value":"//*[@id=\"__mbox-btn-0\"]"}
COMMAND: POST /session/7b7deb7c8590fa6091596ec8cf2db6e4/element/f.00692CF0BC94F1C607A97A5075ACE774.d.4DD955C47E9DA592175CA9C046B00AED.e.7706/click - {}
RESULT: {}
COMMAND: GET /session/7b7deb7c8590fa6091596ec8cf2db6e4/screenshot - {}
RESULT: {}
COMMAND: POST /session/7b7deb7c8590fa6091596ec8cf2db6e4/execute/async - {"script":"<script> [1562 bytes]","args":[{"selector":{"controlType":"sap.m.Text","viewName":"etm.portal.ui.manageresources.view.Detail","viewId":"application-manageresources-display-component---detailRU","bindingPath":{"propertyPath":"ID","modelName":"catalogModel"}},"wdio_ui5_key":"etmportal.ui.manageresources.view.Detailsap.m.Text{\"propertyPath\":\"ID\",\"modelName\":\"catalogModel\"}"}]}
RESULT: {"script":"<script> [1562 bytes]","args":[{"selector":{"controlType":"sap.m.Text","viewName":"etm.portal.ui.manageresources.view.Detail","viewId":"application-manageresources-display-component---detailRU","bindingPath":{"propertyPath":"ID","modelName":"catalogModel"}},"wdio_ui5_key":"etmportal.ui.manageresources.view.Detailsap.m.Text{\"propertyPath\":\"ID\",\"modelName\":\"catalogModel\"}"}]}
RESULT: undefined
COMMAND: POST /session/7b7deb7c8590fa6091596ec8cf2db6e4/execute/async - {"script":"<script> [6424 bytes]","args":[{"element-6066-11e4-a52e-4f735466cecf":"f.00692CF0BC94F1C607A97A5075ACE774.d.4DD955C47E9DA592175CA9C046B00AED.e.7762"},"getText",[]]}
RESULT: {"script":"<script> [6424 bytes]","args":[{"element-6066-11e4-a52e-4f735466cecf":"f.00692CF0BC94F1C607A97A5075ACE774.d.4DD955C47E9DA592175CA9C046B00AED.e.7762"},"getText",[]]}
COMMAND: POST /session/7b7deb7c8590fa6091596ec8cf2db6e4/element - {"using":"xpath","value":"//bdi[text()=\"Edit\"]"}
RESULT: {"using":"xpath","value":"//bdi[text()=\"Edit\"]"}
COMMAND: GET /session/7b7deb7c8590fa6091596ec8cf2db6e4/element/f.00692CF0BC94F1C607A97A5075ACE774.d.4DD955C47E9DA592175CA9C046B00AED.e.7763/enabled - {}
RESULT: {}
COMMAND: POST /session/7b7deb7c8590fa6091596ec8cf2db6e4/execute/sync - {"script":"<script> [8489 bytes]","args":[{"element-6066-11e4-a52e-4f735466cecf":"f.00692CF0BC94F1C607A97A5075ACE774.d.4DD955C47E9DA592175CA9C046B00AED.e.7763","ELEMENT":"f.00692CF0BC94F1C607A97A5075ACE774.d.4DD955C47E9DA592175CA9C046B00AED.e.7763"}]}
COMMAND: GET /session/7b7deb7c8590fa6091596ec8cf2db6e4/screenshot - {}
RESULT: {"script":"<script> [8489 bytes]","args":[{"element-6066-11e4-a52e-4f735466cecf":"f.00692CF0BC94F1C607A97A5075ACE774.d.4DD955C47E9DA592175CA9C046B00AED.e.7763","ELEMENT":"f.00692CF0BC94F1C607A97A5075ACE774.d.4DD955C47E9DA592175CA9C046B00AED.e.7763"}]}
COMMAND: POST /session/7b7deb7c8590fa6091596ec8cf2db6e4/execute/sync - {"script":"<script> [5351 bytes]","args":[{"element-6066-11e4-a52e-4f735466cecf":"f.00692CF0BC94F1C607A97A5075ACE774.d.4DD955C47E9DA592175CA9C046B00AED.e.7763","ELEMENT":"f.00692CF0BC94F1C607A97A5075ACE774.d.4DD955C47E9DA592175CA9C046B00AED.e.7763"}]}
COMMAND: GET /session/7b7deb7c8590fa6091596ec8cf2db6e4/screenshot - {}
RESULT: {}
RESULT: {"script":"<script> [5351 bytes]","args":[{"element-6066-11e4-a52e-4f735466cecf":"f.00692CF0BC94F1C607A97A5075ACE774.d.4DD955C47E9DA592175CA9C046B00AED.e.7763","ELEMENT":"f.00692CF0BC94F1C607A97A5075ACE774.d.4DD955C47E9DA592175CA9C046B00AED.e.7763"}]}
COMMAND: POST /session/7b7deb7c8590fa6091596ec8cf2db6e4/element/f.00692CF0BC94F1C607A97A5075ACE774.d.4DD955C47E9DA592175CA9C046B00AED.e.7763/click - {}
COMMAND: GET /session/7b7deb7c8590fa6091596ec8cf2db6e4/screenshot - {}
RESULT: {}
RESULT: {}
COMMAND: GET /session/7b7deb7c8590fa6091596ec8cf2db6e4/screenshot - {}
RESULT: {}
RESULT: {}
COMMAND: POST /session/7b7deb7c8590fa6091596ec8cf2db6e4/element - {"using":"xpath","value":"//bdi[@id=\"application-manageresources-display-component---editResource--editRruPage-anchBar-application-manageresources-display-component---editResource--counters-anchor-BDI-content\"]"}
RESULT: {"using":"xpath","value":"//bdi[@id=\"application-manageresources-display-component---editResource--editRruPage-anchBar-application-manageresources-display-component---editResource--counters-anchor-BDI-content\"]"}
COMMAND: POST /session/7b7deb7c8590fa6091596ec8cf2db6e4/execute/sync - {"script":"<script> [8489 bytes]","args":[{"element-6066-11e4-a52e-4f735466cecf":"f.00692CF0BC94F1C607A97A5075ACE774.d.4DD955C47E9DA592175CA9C046B00AED.e.7869","ELEMENT":"f.00692CF0BC94F1C607A97A5075ACE774.d.4DD955C47E9DA592175CA9C046B00AED.e.7869"}]}
RESULT: {"script":"<script> [8489 bytes]","args":[{"element-6066-11e4-a52e-4f735466cecf":"f.00692CF0BC94F1C607A97A5075ACE774.d.4DD955C47E9DA592175CA9C046B00AED.e.7869","ELEMENT":"f.00692CF0BC94F1C607A97A5075ACE774.d.4DD955C47E9DA592175CA9C046B00AED.e.7869"}]}
COMMAND: POST /session/7b7deb7c8590fa6091596ec8cf2db6e4/element/f.00692CF0BC94F1C607A97A5075ACE774.d.4DD955C47E9DA592175CA9C046B00AED.e.7869/click - {}
COMMAND: GET /session/7b7deb7c8590fa6091596ec8cf2db6e4/screenshot - {}
RESULT: {}
COMMAND: GET /session/7b7deb7c8590fa6091596ec8cf2db6e4/screenshot - {}
RESULT: {}
RESULT: {}
COMMAND: POST /session/7b7deb7c8590fa6091596ec8cf2db6e4/execute/async - {"script":"<script> [1562 bytes]","args":[{"selector":{"id":"application-manageresources-display-component---editResource--btnAddCounter-img"},"wdio_ui5_key":"applicationmanageresources-display-component---editResource--btnAddCounter-img"}]}
RESULT: {"script":"<script> [1562 bytes]","args":[{"selector":{"id":"application-manageresources-display-component---editResource--btnAddCounter-img"},"wdio_ui5_key":"applicationmanageresources-display-component---editResource--btnAddCounter-img"}]}
RESULT: undefined
COMMAND: POST /session/7b7deb7c8590fa6091596ec8cf2db6e4/element - {"using":"xpath","value":"//*[@id=\"application-manageresources-display-component---editResource--btnAddCounter-img\"]"}
RESULT: {"using":"xpath","value":"//*[@id=\"application-manageresources-display-component---editResource--btnAddCounter-img\"]"}
COMMAND: POST /session/7b7deb7c8590fa6091596ec8cf2db6e4/element/f.00692CF0BC94F1C607A97A5075ACE774.d.4DD955C47E9DA592175CA9C046B00AED.e.7909/click - {}
RESULT: {}
COMMAND: GET /session/7b7deb7c8590fa6091596ec8cf2db6e4/screenshot - {}
RESULT: {}
COMMAND: POST /session/7b7deb7c8590fa6091596ec8cf2db6e4/execute/async - {"script":"<script> [1562 bytes]","args":[{"selector":{"id":"application-manageresources-display-component---editResource--HAND_OVER_TYPE-application-manageresources-display-component---editResource--RUCounters-0","interaction":{"idSuffix":"CbBg"}},"wdio_ui5_key":"applicationmanageresources-display-component---editResource--HAND_OVER_TYPE-application-manageresources-display-component---editResource--RUCounters-0"}]}
RESULT: {"script":"<script> [1562 bytes]","args":[{"selector":{"id":"application-manageresources-display-component---editResource--HAND_OVER_TYPE-application-manageresources-display-component---editResource--RUCounters-0","interaction":{"idSuffix":"CbBg"}},"wdio_ui5_key":"applicationmanageresources-display-component---editResource--HAND_OVER_TYPE-application-manageresources-display-component---editResource--RUCounters-0"}]}
RESULT: undefined
COMMAND: POST /session/7b7deb7c8590fa6091596ec8cf2db6e4/element - {"using":"xpath","value":"//*[@id=\"application-manageresources-display-component---editResource--HAND_OVER_TYPE-application-manageresources-display-component---editResource--RUCounters-0\"]"}
RESULT: {"using":"xpath","value":"//*[@id=\"application-manageresources-display-component---editResource--HAND_OVER_TYPE-application-manageresources-display-component---editResource--RUCounters-0\"]"}
COMMAND: POST /session/7b7deb7c8590fa6091596ec8cf2db6e4/element/f.00692CF0BC94F1C607A97A5075ACE774.d.4DD955C47E9DA592175CA9C046B00AED.e.7915/click - {}
RESULT: {}
COMMAND: POST /session/7b7deb7c8590fa6091596ec8cf2db6e4/execute/async - {"script":"<script> [1562 bytes]","args":[{"selector":{"controlType":"sap.m.Button","viewName":"etm.portal.ui.manageresources.view.EditResource","viewId":"application-manageresources-display-component---editResource","i18NText":{"propertyName":"text","key":"save"},"interaction":{"idSuffix":"BDI-content"}},"wdio_ui5_key":"etmportal.ui.manageresources.view.EditResourcesap.m.Button{\"propertyName\":\"text\",\"key\":\"save\"}"}]}
COMMAND: GET /session/7b7deb7c8590fa6091596ec8cf2db6e4/screenshot - {}
RESULT: {"script":"<script> [1562 bytes]","args":[{"selector":{"controlType":"sap.m.Button","viewName":"etm.portal.ui.manageresources.view.EditResource","viewId":"application-manageresources-display-component---editResource","i18NText":{"propertyName":"text","key":"save"},"interaction":{"idSuffix":"BDI-content"}},"wdio_ui5_key":"etmportal.ui.manageresources.view.EditResourcesap.m.Button{\"propertyName\":\"text\",\"key\":\"save\"}"}]}
RESULT: undefined
COMMAND: POST /session/7b7deb7c8590fa6091596ec8cf2db6e4/element - {"using":"xpath","value":"//*[@id=\"__button86\"]"}
RESULT: {}
RESULT: {"using":"xpath","value":"//*[@id=\"__button86\"]"}
COMMAND: POST /session/7b7deb7c8590fa6091596ec8cf2db6e4/element/f.00692CF0BC94F1C607A97A5075ACE774.d.4DD955C47E9DA592175CA9C046B00AED.e.7917/click - {}
RESULT: {}
COMMAND: GET /session/7b7deb7c8590fa6091596ec8cf2db6e4/screenshot - {}
RESULT: {}
COMMAND: POST /session/7b7deb7c8590fa6091596ec8cf2db6e4/element - {"using":"css selector","value":"#shell-header-logo"}
RESULT: {"using":"css selector","value":"#shell-header-logo"}
COMMAND: POST /session/7b7deb7c8590fa6091596ec8cf2db6e4/elements - {"using":"css selector","value":"#shell-header-logo"}
RESULT: {"using":"css selector","value":"#shell-header-logo"}
COMMAND: POST /session/7b7deb7c8590fa6091596ec8cf2db6e4/execute/sync - {"script":"<script> [8489 bytes]","args":[{"element-6066-11e4-a52e-4f735466cecf":"f.00692CF0BC94F1C607A97A5075ACE774.d.4DD955C47E9DA592175CA9C046B00AED.e.7035","ELEMENT":"f.00692CF0BC94F1C607A97A5075ACE774.d.4DD955C47E9DA592175CA9C046B00AED.e.7035"}]}
RESULT: {"script":"<script> [8489 bytes]","args":[{"element-6066-11e4-a52e-4f735466cecf":"f.00692CF0BC94F1C607A97A5075ACE774.d.4DD955C47E9DA592175CA9C046B00AED.e.7035","ELEMENT":"f.00692CF0BC94F1C607A97A5075ACE774.d.4DD955C47E9DA592175CA9C046B00AED.e.7035"}]}
COMMAND: POST /session/7b7deb7c8590fa6091596ec8cf2db6e4/execute/sync - {"script":"<script> [5351 bytes]","args":[{"element-6066-11e4-a52e-4f735466cecf":"f.00692CF0BC94F1C607A97A5075ACE774.d.4DD955C47E9DA592175CA9C046B00AED.e.7035","ELEMENT":"f.00692CF0BC94F1C607A97A5075ACE774.d.4DD955C47E9DA592175CA9C046B00AED.e.7035"}]}
COMMAND: GET /session/7b7deb7c8590fa6091596ec8cf2db6e4/screenshot - {}
RESULT: {"script":"<script> [5351 bytes]","args":[{"element-6066-11e4-a52e-4f735466cecf":"f.00692CF0BC94F1C607A97A5075ACE774.d.4DD955C47E9DA592175CA9C046B00AED.e.7035","ELEMENT":"f.00692CF0BC94F1C607A97A5075ACE774.d.4DD955C47E9DA592175CA9C046B00AED.e.7035"}]}
COMMAND: POST /session/7b7deb7c8590fa6091596ec8cf2db6e4/element/f.00692CF0BC94F1C607A97A5075ACE774.d.4DD955C47E9DA592175CA9C046B00AED.e.7035/click - {}
COMMAND: GET /session/7b7deb7c8590fa6091596ec8cf2db6e4/screenshot - {}
RESULT: {}
RESULT: {}
COMMAND: GET /session/7b7deb7c8590fa6091596ec8cf2db6e4/screenshot - {}
RESULT: {}
RESULT: {}
COMMAND: POST /session/7b7deb7c8590fa6091596ec8cf2db6e4/element - {"using":"css selector","value":"#shell-header-logo"}
RESULT: {"using":"css selector","value":"#shell-header-logo"}
COMMAND: POST /session/7b7deb7c8590fa6091596ec8cf2db6e4/element/f.00692CF0BC94F1C607A97A5075ACE774.d.4DD955C47E9DA592175CA9C046B00AED.e.7931/click - {}
RESULT: {}
COMMAND: GET /session/7b7deb7c8590fa6091596ec8cf2db6e4/screenshot - {}
RESULT: {}
]]></system-out>
    </testcase>
  </testsuite>
  <testsuite timestamp="2025-05-19T15:46:28" time="93.323" tests="2" failures="0" errors="0" skipped="0">
    <properties>
      <property name="specId" value="0" />
      <property name="suiteName" value="Personnel creation and reference material verification  US120163" />
      <property name="capabilities" value="chrome.136_0_7103_93.windows" />
      <property name="file" value="file:///D:/a/1/s/test/specs/R2C/create-personnel-no-material-reference.spec.js" />
    </properties>
    <testcase classname="chrome.136_0_7103_93.windows.Personnel_creation_and_reference_material_verification__US120163" name="Should create a new personnel and verify if the material reference is visible" time="74.423">
      <system-out><![CDATA[
RESULT: undefined
COMMAND: POST /session/7b7deb7c8590fa6091596ec8cf2db6e4/element - {"using":"xpath","value":"//*[@id=\"__tile31\"]"}
RESULT: {"using":"xpath","value":"//*[@id=\"__tile31\"]"}
COMMAND: POST /session/7b7deb7c8590fa6091596ec8cf2db6e4/element/f.00692CF0BC94F1C607A97A5075ACE774.d.4DD955C47E9DA592175CA9C046B00AED.e.7054/click - {}
RESULT: {}
COMMAND: GET /session/7b7deb7c8590fa6091596ec8cf2db6e4/screenshot - {}
RESULT: {}
COMMAND: POST /session/7b7deb7c8590fa6091596ec8cf2db6e4/elements - {"using":"xpath","value":"//span[text()='Error']"}
RESULT: {"using":"xpath","value":"//span[text()='Error']"}
COMMAND: POST /session/7b7deb7c8590fa6091596ec8cf2db6e4/element - {"using":"xpath","value":"//button[@data-kt=\"addNewRUOverflowToolbarButton\"]"}
RESULT: {"using":"xpath","value":"//button[@data-kt=\"addNewRUOverflowToolbarButton\"]"}
COMMAND: POST /session/7b7deb7c8590fa6091596ec8cf2db6e4/execute/sync - {"script":"<script> [8489 bytes]","args":[{"element-6066-11e4-a52e-4f735466cecf":"f.00692CF0BC94F1C607A97A5075ACE774.d.4DD955C47E9DA592175CA9C046B00AED.e.7971","ELEMENT":"f.00692CF0BC94F1C607A97A5075ACE774.d.4DD955C47E9DA592175CA9C046B00AED.e.7971"}]}
RESULT: {"script":"<script> [8489 bytes]","args":[{"element-6066-11e4-a52e-4f735466cecf":"f.00692CF0BC94F1C607A97A5075ACE774.d.4DD955C47E9DA592175CA9C046B00AED.e.7971","ELEMENT":"f.00692CF0BC94F1C607A97A5075ACE774.d.4DD955C47E9DA592175CA9C046B00AED.e.7971"}]}
COMMAND: POST /session/7b7deb7c8590fa6091596ec8cf2db6e4/element/f.00692CF0BC94F1C607A97A5075ACE774.d.4DD955C47E9DA592175CA9C046B00AED.e.7971/click - {}
COMMAND: GET /session/7b7deb7c8590fa6091596ec8cf2db6e4/screenshot - {}
RESULT: {}
RESULT: undefined
COMMAND: POST /session/7b7deb7c8590fa6091596ec8cf2db6e4/element - {"using":"xpath","value":"//*[@id=\"application-manageresources-display-component---newResourceUnit--TYPE-arrow\"]"}
COMMAND: GET /session/7b7deb7c8590fa6091596ec8cf2db6e4/screenshot - {}
RESULT: {}
RESULT: {"using":"xpath","value":"//*[@id=\"application-manageresources-display-component---newResourceUnit--TYPE-arrow\"]"}
COMMAND: POST /session/7b7deb7c8590fa6091596ec8cf2db6e4/element/f.00692CF0BC94F1C607A97A5075ACE774.d.4DD955C47E9DA592175CA9C046B00AED.e.8291/click - {}
RESULT: {}
RESULT: {}
COMMAND: POST /session/7b7deb7c8590fa6091596ec8cf2db6e4/execute/async - {"script":"<script> [1562 bytes]","args":[{"selector":{"controlType":"sap.m.StandardListItem","viewName":"reusables.view.manageresources.NewResourceUnit","viewId":"application-manageresources-display-component---newResourceUnit","properties":{"title":"Personnel"},"searchOpenDialogs":true,"interaction":{"idSuffix":"titleText"}},"wdio_ui5_key":"reusablesview.manageresources.NewResourceUnitsap.m.StandardListItem{\"title\":\"Personnel\"}"}]}
COMMAND: GET /session/7b7deb7c8590fa6091596ec8cf2db6e4/screenshot - {}
RESULT: {"script":"<script> [1562 bytes]","args":[{"selector":{"controlType":"sap.m.StandardListItem","viewName":"reusables.view.manageresources.NewResourceUnit","viewId":"application-manageresources-display-component---newResourceUnit","properties":{"title":"Personnel"},"searchOpenDialogs":true,"interaction":{"idSuffix":"titleText"}},"wdio_ui5_key":"reusablesview.manageresources.NewResourceUnitsap.m.StandardListItem{\"title\":\"Personnel\"}"}]}
RESULT: undefined
COMMAND: POST /session/7b7deb7c8590fa6091596ec8cf2db6e4/element - {"using":"xpath","value":"//*[@id=\"__item1606\"]"}
RESULT: {}
RESULT: {"using":"xpath","value":"//*[@id=\"__item1606\"]"}
COMMAND: POST /session/7b7deb7c8590fa6091596ec8cf2db6e4/element/f.00692CF0BC94F1C607A97A5075ACE774.d.4DD955C47E9DA592175CA9C046B00AED.e.8294/click - {}
RESULT: {}
RESULT: undefined
COMMAND: POST /session/7b7deb7c8590fa6091596ec8cf2db6e4/execute/async - {"script":"<script> [776 bytes]","args":[{"enterText":"WdIOPersonnelzn2xpk","selector":{"id":"application-manageresources-display-component---newResourceUnit--SHORT_TEXT","interaction":{"idSuffix":"inner"}},"clearTextFirst":true,"interactionType":"ENTER_TEXT"}]}
COMMAND: GET /session/7b7deb7c8590fa6091596ec8cf2db6e4/screenshot - {}
RESULT: {"script":"<script> [776 bytes]","args":[{"enterText":"WdIOPersonnelzn2xpk","selector":{"id":"application-manageresources-display-component---newResourceUnit--SHORT_TEXT","interaction":{"idSuffix":"inner"}},"clearTextFirst":true,"interactionType":"ENTER_TEXT"}]}
COMMAND: POST /session/7b7deb7c8590fa6091596ec8cf2db6e4/element - {"using":"xpath","value":"//bdi[contains(text(), \"Material\")]"}
RESULT: {}
RESULT: {"using":"xpath","value":"//bdi[contains(text(), \"Material\")]"}
COMMAND: POST /session/7b7deb7c8590fa6091596ec8cf2db6e4/element - {"using":"xpath","value":"//bdi[contains(text(), \"Material\")]"}
RESULT: {"using":"xpath","value":"//bdi[contains(text(), \"Material\")]"}
COMMAND: POST /session/7b7deb7c8590fa6091596ec8cf2db6e4/execute/async - {"script":"<script> [1562 bytes]","args":[{"selector":{"id":"application-manageresources-display-component---newResourceUnit--BASE_UNIT_OF_MEASURE-arrow"},"wdio_ui5_key":"applicationmanageresources-display-component---newResourceUnit--BASE_UNIT_OF_MEASURE-arrow"}]}
RESULT: {"script":"<script> [1562 bytes]","args":[{"selector":{"id":"application-manageresources-display-component---newResourceUnit--BASE_UNIT_OF_MEASURE-arrow"},"wdio_ui5_key":"applicationmanageresources-display-component---newResourceUnit--BASE_UNIT_OF_MEASURE-arrow"}]}
RESULT: undefined
COMMAND: POST /session/7b7deb7c8590fa6091596ec8cf2db6e4/element - {"using":"xpath","value":"//*[@id=\"application-manageresources-display-component---newResourceUnit--BASE_UNIT_OF_MEASURE-arrow\"]"}
RESULT: {"using":"xpath","value":"//*[@id=\"application-manageresources-display-component---newResourceUnit--BASE_UNIT_OF_MEASURE-arrow\"]"}
COMMAND: POST /session/7b7deb7c8590fa6091596ec8cf2db6e4/element/f.00692CF0BC94F1C607A97A5075ACE774.d.4DD955C47E9DA592175CA9C046B00AED.e.8334/click - {}
RESULT: {}
COMMAND: POST /session/7b7deb7c8590fa6091596ec8cf2db6e4/execute/async - {"script":"<script> [1562 bytes]","args":[{"selector":{"controlType":"sap.m.StandardListItem","viewName":"reusables.view.manageresources.NewResourceUnit","viewId":"application-manageresources-display-component---newResourceUnit","properties":{"title":"Percent"},"searchOpenDialogs":true,"interaction":{"idSuffix":"titleText"}},"wdio_ui5_key":"reusablesview.manageresources.NewResourceUnitsap.m.StandardListItem{\"title\":\"Percent\"}"}]}
COMMAND: GET /session/7b7deb7c8590fa6091596ec8cf2db6e4/screenshot - {}
RESULT: {"script":"<script> [1562 bytes]","args":[{"selector":{"controlType":"sap.m.StandardListItem","viewName":"reusables.view.manageresources.NewResourceUnit","viewId":"application-manageresources-display-component---newResourceUnit","properties":{"title":"Percent"},"searchOpenDialogs":true,"interaction":{"idSuffix":"titleText"}},"wdio_ui5_key":"reusablesview.manageresources.NewResourceUnitsap.m.StandardListItem{\"title\":\"Percent\"}"}]}
RESULT: undefined
COMMAND: POST /session/7b7deb7c8590fa6091596ec8cf2db6e4/element - {"using":"xpath","value":"//*[@id=\"__item1626\"]"}
RESULT: {}
RESULT: {"using":"xpath","value":"//*[@id=\"__item1626\"]"}
COMMAND: POST /session/7b7deb7c8590fa6091596ec8cf2db6e4/element/f.00692CF0BC94F1C607A97A5075ACE774.d.4DD955C47E9DA592175CA9C046B00AED.e.8336/click - {}
RESULT: {}
COMMAND: POST /session/7b7deb7c8590fa6091596ec8cf2db6e4/execute/async - {"script":"<script> [1562 bytes]","args":[{"selector":{"id":"application-manageresources-display-component---newResourceUnit--PLANNING_GROUP-arrow"},"wdio_ui5_key":"applicationmanageresources-display-component---newResourceUnit--PLANNING_GROUP-arrow"}]}
COMMAND: GET /session/7b7deb7c8590fa6091596ec8cf2db6e4/screenshot - {}
RESULT: {"script":"<script> [1562 bytes]","args":[{"selector":{"id":"application-manageresources-display-component---newResourceUnit--PLANNING_GROUP-arrow"},"wdio_ui5_key":"applicationmanageresources-display-component---newResourceUnit--PLANNING_GROUP-arrow"}]}
RESULT: undefined
COMMAND: POST /session/7b7deb7c8590fa6091596ec8cf2db6e4/element - {"using":"xpath","value":"//*[@id=\"application-manageresources-display-component---newResourceUnit--PLANNING_GROUP-arrow\"]"}
RESULT: {}
RESULT: {"using":"xpath","value":"//*[@id=\"application-manageresources-display-component---newResourceUnit--PLANNING_GROUP-arrow\"]"}
COMMAND: POST /session/7b7deb7c8590fa6091596ec8cf2db6e4/element/f.00692CF0BC94F1C607A97A5075ACE774.d.4DD955C47E9DA592175CA9C046B00AED.e.8337/click - {}
RESULT: {}
COMMAND: GET /session/7b7deb7c8590fa6091596ec8cf2db6e4/screenshot - {}
RESULT: {}
COMMAND: POST /session/7b7deb7c8590fa6091596ec8cf2db6e4/execute/async - {"script":"<script> [1562 bytes]","args":[{"selector":{"controlType":"sap.m.StandardListItem","viewName":"reusables.view.manageresources.NewResourceUnit","viewId":"application-manageresources-display-component---newResourceUnit","properties":{"title":"Operating personnel"},"searchOpenDialogs":true,"interaction":{"idSuffix":"titleText"}},"wdio_ui5_key":"reusablesview.manageresources.NewResourceUnitsap.m.StandardListItem{\"title\":\"Operating personnel\"}"}]}
RESULT: {"script":"<script> [1562 bytes]","args":[{"selector":{"controlType":"sap.m.StandardListItem","viewName":"reusables.view.manageresources.NewResourceUnit","viewId":"application-manageresources-display-component---newResourceUnit","properties":{"title":"Operating personnel"},"searchOpenDialogs":true,"interaction":{"idSuffix":"titleText"}},"wdio_ui5_key":"reusablesview.manageresources.NewResourceUnitsap.m.StandardListItem{\"title\":\"Operating personnel\"}"}]}
RESULT: undefined
COMMAND: POST /session/7b7deb7c8590fa6091596ec8cf2db6e4/element - {"using":"xpath","value":"//*[@id=\"__item1635\"]"}
RESULT: {"using":"xpath","value":"//*[@id=\"__item1635\"]"}
COMMAND: POST /session/7b7deb7c8590fa6091596ec8cf2db6e4/element/f.00692CF0BC94F1C607A97A5075ACE774.d.4DD955C47E9DA592175CA9C046B00AED.e.8339/click - {}
RESULT: {}
COMMAND: GET /session/7b7deb7c8590fa6091596ec8cf2db6e4/screenshot - {}
RESULT: {}
COMMAND: POST /session/7b7deb7c8590fa6091596ec8cf2db6e4/element - {"using":"xpath","value":"//bdi[contains(text(), \"Time Segment\")]"}
RESULT: {"using":"xpath","value":"//bdi[contains(text(), \"Time Segment\")]"}
COMMAND: GET /session/7b7deb7c8590fa6091596ec8cf2db6e4/element/f.00692CF0BC94F1C607A97A5075ACE774.d.4DD955C47E9DA592175CA9C046B00AED.e.8340/rect - {}
RESULT: {}
COMMAND: GET /session/7b7deb7c8590fa6091596ec8cf2db6e4/window/rect - {}
RESULT: {}
COMMAND: POST /session/7b7deb7c8590fa6091596ec8cf2db6e4/execute/sync - {"script":"<script> [92 bytes]","args":[]}
RESULT: {"script":"<script> [92 bytes]","args":[]}
COMMAND: POST /session/7b7deb7c8590fa6091596ec8cf2db6e4/actions - {"actions":[{"id":"action24","type":"wheel","parameters":{},"actions":[{"type":"scroll","x":-1820,"y":804,"deltaX":0,"deltaY":0,"duration":0,"origin":{"element-6066-11e4-a52e-4f735466cecf":"f.00692CF0BC94F1C607A97A5075ACE774.d.4DD955C47E9DA592175CA9C046B00AED.e.8340"}}]}]}
COMMAND: GET /session/7b7deb7c8590fa6091596ec8cf2db6e4/screenshot - {}
RESULT: {}
COMMAND: POST /session/7b7deb7c8590fa6091596ec8cf2db6e4/execute/sync - {"script":"<script> [79 bytes]","args":[{"element-6066-11e4-a52e-4f735466cecf":"f.00692CF0BC94F1C607A97A5075ACE774.d.4DD955C47E9DA592175CA9C046B00AED.e.8340","ELEMENT":"f.00692CF0BC94F1C607A97A5075ACE774.d.4DD955C47E9DA592175CA9C046B00AED.e.8340"},{"block":"start","inline":"nearest"}]}
RESULT: {"script":"<script> [79 bytes]","args":[{"element-6066-11e4-a52e-4f735466cecf":"f.00692CF0BC94F1C607A97A5075ACE774.d.4DD955C47E9DA592175CA9C046B00AED.e.8340","ELEMENT":"f.00692CF0BC94F1C607A97A5075ACE774.d.4DD955C47E9DA592175CA9C046B00AED.e.8340"},{"block":"start","inline":"nearest"}]}
COMMAND: GET /session/7b7deb7c8590fa6091596ec8cf2db6e4/screenshot - {}
RESULT: {}
COMMAND: POST /session/7b7deb7c8590fa6091596ec8cf2db6e4/element - {"using":"xpath","value":"//span[@id=\"application-manageresources-display-component---newResourceUnit--btnAddTimeSegment-img\"]"}
RESULT: {"using":"xpath","value":"//span[@id=\"application-manageresources-display-component---newResourceUnit--btnAddTimeSegment-img\"]"}
COMMAND: POST /session/7b7deb7c8590fa6091596ec8cf2db6e4/execute/sync - {"script":"<script> [8489 bytes]","args":[{"element-6066-11e4-a52e-4f735466cecf":"f.00692CF0BC94F1C607A97A5075ACE774.d.4DD955C47E9DA592175CA9C046B00AED.e.8345","ELEMENT":"f.00692CF0BC94F1C607A97A5075ACE774.d.4DD955C47E9DA592175CA9C046B00AED.e.8345"}]}
RESULT: {"script":"<script> [8489 bytes]","args":[{"element-6066-11e4-a52e-4f735466cecf":"f.00692CF0BC94F1C607A97A5075ACE774.d.4DD955C47E9DA592175CA9C046B00AED.e.8345","ELEMENT":"f.00692CF0BC94F1C607A97A5075ACE774.d.4DD955C47E9DA592175CA9C046B00AED.e.8345"}]}
COMMAND: POST /session/7b7deb7c8590fa6091596ec8cf2db6e4/element/f.00692CF0BC94F1C607A97A5075ACE774.d.4DD955C47E9DA592175CA9C046B00AED.e.8345/click - {}
COMMAND: GET /session/7b7deb7c8590fa6091596ec8cf2db6e4/screenshot - {}
RESULT: {}
COMMAND: GET /session/7b7deb7c8590fa6091596ec8cf2db6e4/screenshot - {}
COMMAND: POST /session/7b7deb7c8590fa6091596ec8cf2db6e4/element - {"using":"xpath","value":"//input[@id=\"application-manageresources-display-component---newResourceUnit--idRuTSAdmin-application-manageresources-display-component---newResourceUnit--RUTimeSegment-0-inner\"]"}
RESULT: {}
RESULT: {}
RESULT: {"using":"xpath","value":"//input[@id=\"application-manageresources-display-component---newResourceUnit--idRuTSAdmin-application-manageresources-display-component---newResourceUnit--RUTimeSegment-0-inner\"]"}
COMMAND: POST /session/7b7deb7c8590fa6091596ec8cf2db6e4/element/f.00692CF0BC94F1C607A97A5075ACE774.d.4DD955C47E9DA592175CA9C046B00AED.e.8348/clear - {}
RESULT: {}
COMMAND: POST /session/7b7deb7c8590fa6091596ec8cf2db6e4/element/f.00692CF0BC94F1C607A97A5075ACE774.d.4DD955C47E9DA592175CA9C046B00AED.e.8348/value - {"text":"webdriveryard"}
COMMAND: GET /session/7b7deb7c8590fa6091596ec8cf2db6e4/screenshot - {}
RESULT: {"text":"webdriveryard"}
COMMAND: GET /session/7b7deb7c8590fa6091596ec8cf2db6e4/screenshot - {}
RESULT: {}
RESULT: {}
COMMAND: POST /session/7b7deb7c8590fa6091596ec8cf2db6e4/actions - {"actions":[{"id":"action25","type":"key","parameters":{},"actions":[{"type":"keyDown","value":"î€‡"},{"type":"pause","duration":10},{"type":"keyUp","value":"î€‡"}]}]}
RESULT: {"actions":[{"id":"action25","type":"key","parameters":{},"actions":[{"type":"keyDown","value":"î€‡"},{"type":"pause","duration":10},{"type":"keyUp","value":"î€‡"}]}]}
COMMAND: GET /session/7b7deb7c8590fa6091596ec8cf2db6e4/screenshot - {}
RESULT: {}
COMMAND: POST /session/7b7deb7c8590fa6091596ec8cf2db6e4/element - {"using":"xpath","value":"//input[contains(@id, \"application-manageresources-display-component---newResourceUnit--newControlDataDateRangePicker-inner\")]"}
RESULT: {"using":"xpath","value":"//input[contains(@id, \"application-manageresources-display-component---newResourceUnit--newControlDataDateRangePicker-inner\")]"}
COMMAND: POST /session/7b7deb7c8590fa6091596ec8cf2db6e4/element/f.00692CF0BC94F1C607A97A5075ACE774.d.4DD955C47E9DA592175CA9C046B00AED.e.8323/clear - {}
RESULT: {}
COMMAND: POST /session/7b7deb7c8590fa6091596ec8cf2db6e4/element/f.00692CF0BC94F1C607A97A5075ACE774.d.4DD955C47E9DA592175CA9C046B00AED.e.8323/value - {"text":"12/17/26 - 2/18/27"}
COMMAND: GET /session/7b7deb7c8590fa6091596ec8cf2db6e4/screenshot - {}
RESULT: {"text":"12/17/26 - 2/18/27"}
COMMAND: POST /session/7b7deb7c8590fa6091596ec8cf2db6e4/element - {"using":"xpath","value":"//bdi[contains(@id, \"application-manageresources-display-component---newResourceUnit--createRuButton-BDI-content\")]"}
COMMAND: GET /session/7b7deb7c8590fa6091596ec8cf2db6e4/screenshot - {}
RESULT: {}
RESULT: {"using":"xpath","value":"//bdi[contains(@id, \"application-manageresources-display-component---newResourceUnit--createRuButton-BDI-content\")]"}
COMMAND: POST /session/7b7deb7c8590fa6091596ec8cf2db6e4/element/f.00692CF0BC94F1C607A97A5075ACE774.d.4DD955C47E9DA592175CA9C046B00AED.e.8360/click - {}
RESULT: {}
RESULT: {}
COMMAND: GET /session/7b7deb7c8590fa6091596ec8cf2db6e4/screenshot - {}
RESULT: {}
COMMAND: POST /session/7b7deb7c8590fa6091596ec8cf2db6e4/actions - {"actions":[{"id":"action26","type":"key","parameters":{},"actions":[{"type":"keyDown","value":"î€‡"},{"type":"pause","duration":10},{"type":"keyUp","value":"î€‡"}]}]}
RESULT: {"actions":[{"id":"action26","type":"key","parameters":{},"actions":[{"type":"keyDown","value":"î€‡"},{"type":"pause","duration":10},{"type":"keyUp","value":"î€‡"}]}]}
COMMAND: GET /session/7b7deb7c8590fa6091596ec8cf2db6e4/screenshot - {}
RESULT: {}
]]></system-out>
    </testcase>
    <testcase classname="chrome.136_0_7103_93.windows.Personnel_creation_and_reference_material_verification__US120163" name="Should verify if the reference material is visible in edit and detail mode" time="15.685">
      <system-out><![CDATA[
COMMAND: POST /session/7b7deb7c8590fa6091596ec8cf2db6e4/element - {"using":"xpath","value":"//bdi[contains(text(), \"Edit\")]"}
RESULT: {"using":"xpath","value":"//bdi[contains(text(), \"Edit\")]"}
COMMAND: POST /session/7b7deb7c8590fa6091596ec8cf2db6e4/element/f.00692CF0BC94F1C607A97A5075ACE774.d.4DD955C47E9DA592175CA9C046B00AED.e.8386/click - {}
RESULT: {}
COMMAND: GET /session/7b7deb7c8590fa6091596ec8cf2db6e4/screenshot - {}
RESULT: {}
COMMAND: POST /session/7b7deb7c8590fa6091596ec8cf2db6e4/element - {"using":"xpath","value":"//bdi[contains(text(), \"Material\")]"}
RESULT: {"using":"xpath","value":"//bdi[contains(text(), \"Material\")]"}
COMMAND: POST /session/7b7deb7c8590fa6091596ec8cf2db6e4/element - {"using":"xpath","value":"//bdi[contains(text(), \"Material\")]"}
RESULT: {"using":"xpath","value":"//bdi[contains(text(), \"Material\")]"}
COMMAND: POST /session/7b7deb7c8590fa6091596ec8cf2db6e4/element - {"using":"xpath","value":"(//bdi[contains(text(), \"Save\")])[2]"}
RESULT: {"using":"xpath","value":"(//bdi[contains(text(), \"Save\")])[2]"}
COMMAND: POST /session/7b7deb7c8590fa6091596ec8cf2db6e4/element/f.00692CF0BC94F1C607A97A5075ACE774.d.4DD955C47E9DA592175CA9C046B00AED.e.8459/click - {}
RESULT: {}
COMMAND: GET /session/7b7deb7c8590fa6091596ec8cf2db6e4/screenshot - {}
RESULT: {}
COMMAND: DELETE /session/7b7deb7c8590fa6091596ec8cf2db6e4 - {}
RESULT: {}
]]></system-out>
    </testcase>
  </testsuite>
</testsuites>