<?xml version="1.0" encoding="UTF-8"?>
<testsuites tests="9" failures="0" errors="0" skipped="0">
  <testsuite timestamp="2025-06-04T05:54:58" time="102.829" tests="1" failures="0" errors="0" skipped="0">
    <properties>
      <property name="specId" value="0" />
      <property name="suiteName" value="Create a new catalogs section" />
      <property name="capabilities" value="chrome.136_0_7103_93.windows" />
      <property name="file" value="file:///D:/a/1/s/test/specs/R2C/create-new-webshop-catalog-section.spec.js" />
    </properties>
    <testcase classname="chrome.136_0_7103_93.windows.Create_a_new_catalogs_section" name="Should navigate to manage catalogs and add a new section on webshop catalog" time="78.889">
      <system-out><![CDATA[
COMMAND: POST /session/986c8c948b22d3df52d278b912c043dd/execute/async - {"script":"<script> [1562 bytes]","args":[{"selector":{"controlType":"sap.m.GenericTile","properties":{"header":"Manage Catalogs"}},"wdio_ui5_key":"sapm.GenericTile{\"header\":\"Manage Catalogs\"}"}]}
RESULT: {"script":"<script> [1562 bytes]","args":[{"selector":{"controlType":"sap.m.GenericTile","properties":{"header":"Manage Catalogs"}},"wdio_ui5_key":"sapm.GenericTile{\"header\":\"Manage Catalogs\"}"}]}
RESULT: undefined
COMMAND: POST /session/986c8c948b22d3df52d278b912c043dd/element - {"using":"xpath","value":"//*[@id=\"__tile37\"]"}
RESULT: {"using":"xpath","value":"//*[@id=\"__tile37\"]"}
COMMAND: POST /session/986c8c948b22d3df52d278b912c043dd/element/f.092109B35A6735C4F983D4E1F3C5CB5B.d.935924062C2CB3C0F5F2AEA4BC251C79.e.129/click - {}
RESULT: {}
COMMAND: GET /session/986c8c948b22d3df52d278b912c043dd/screenshot - {}
RESULT: {}
COMMAND: POST /session/986c8c948b22d3df52d278b912c043dd/elements - {"using":"xpath","value":"//span[text()='Error']"}
RESULT: {"using":"xpath","value":"//span[text()='Error']"}
COMMAND: POST /session/986c8c948b22d3df52d278b912c043dd/execute/async - {"script":"<script> [1562 bytes]","args":[{"selector":{"controlType":"sap.m.Text","viewName":"etm.portal.ui.managecatalogs.view.MasterCatalogs","viewId":"application-managecatalogs-display-component---masterCatalogs","bindingPath":{"path":"/Catalogs('0D7502D073D53A0F1700BE067B89AFF9')","propertyPath":"DESCRIPTION","modelName":"catalogModel"}},"wdio_ui5_key":"etmportal.ui.managecatalogs.view.MasterCatalogssap.m.Text{\"path\":\"/Catalogs('0D7502D073D53A0F1700BE067B89AFF9')\",\"propertyPath\":\"DESCRIPTION\",\"modelName\":\"catalogModel\"}"}]}
RESULT: {"script":"<script> [1562 bytes]","args":[{"selector":{"controlType":"sap.m.Text","viewName":"etm.portal.ui.managecatalogs.view.MasterCatalogs","viewId":"application-managecatalogs-display-component---masterCatalogs","bindingPath":{"path":"/Catalogs('0D7502D073D53A0F1700BE067B89AFF9')","propertyPath":"DESCRIPTION","modelName":"catalogModel"}},"wdio_ui5_key":"etmportal.ui.managecatalogs.view.MasterCatalogssap.m.Text{\"path\":\"/Catalogs('0D7502D073D53A0F1700BE067B89AFF9')\",\"propertyPath\":\"DESCRIPTION\",\"modelName\":\"catalogModel\"}"}]}
RESULT: undefined
COMMAND: POST /session/986c8c948b22d3df52d278b912c043dd/element - {"using":"xpath","value":"//*[@id=\"__text39-application-managecatalogs-display-component---masterCatalogs--CatalogsTable-11\"]"}
RESULT: {"using":"xpath","value":"//*[@id=\"__text39-application-managecatalogs-display-component---masterCatalogs--CatalogsTable-11\"]"}
COMMAND: POST /session/986c8c948b22d3df52d278b912c043dd/element/f.092109B35A6735C4F983D4E1F3C5CB5B.d.935924062C2CB3C0F5F2AEA4BC251C79.e.158/click - {}
RESULT: {}
COMMAND: POST /session/986c8c948b22d3df52d278b912c043dd/execute/async - {"script":"<script> [1562 bytes]","args":[{"selector":{"controlType":"sap.ui.layout.HorizontalLayout","viewName":"etm.portal.ui.managecatalogs.view.MasterItems","viewId":"application-managecatalogs-display-component---masterCatalogItems","ancestor":{"id":"application-managecatalogs-display-component---masterCatalogItems--idCatalogItemsTree-rows-row0"}},"wdio_ui5_key":"etmportal.ui.managecatalogs.view.MasterItemssap.ui.layout.HorizontalLayout{\"id\":\"application-managecatalogs-display-component---masterCatalogItems--idCatalogItemsTree-rows-row0\"}"}]}
COMMAND: GET /session/986c8c948b22d3df52d278b912c043dd/screenshot - {}
RESULT: {"script":"<script> [1562 bytes]","args":[{"selector":{"controlType":"sap.ui.layout.HorizontalLayout","viewName":"etm.portal.ui.managecatalogs.view.MasterItems","viewId":"application-managecatalogs-display-component---masterCatalogItems","ancestor":{"id":"application-managecatalogs-display-component---masterCatalogItems--idCatalogItemsTree-rows-row0"}},"wdio_ui5_key":"etmportal.ui.managecatalogs.view.MasterItemssap.ui.layout.HorizontalLayout{\"id\":\"application-managecatalogs-display-component---masterCatalogItems--idCatalogItemsTree-rows-row0\"}"}]}
RESULT: undefined
COMMAND: POST /session/986c8c948b22d3df52d278b912c043dd/element - {"using":"xpath","value":"//*[@id=\"__layout3-__clone11\"]"}
RESULT: {}
RESULT: {"using":"xpath","value":"//*[@id=\"__layout3-__clone11\"]"}
COMMAND: POST /session/986c8c948b22d3df52d278b912c043dd/element/f.092109B35A6735C4F983D4E1F3C5CB5B.d.935924062C2CB3C0F5F2AEA4BC251C79.e.194/click - {}
RESULT: {}
COMMAND: GET /session/986c8c948b22d3df52d278b912c043dd/screenshot - {}
RESULT: {}
COMMAND: POST /session/986c8c948b22d3df52d278b912c043dd/execute/async - {"script":"<script> [1562 bytes]","args":[{"selector":{"controlType":"sap.m.Button","viewName":"etm.portal.ui.managecatalogs.view.Detail","viewId":"application-managecatalogs-display-component---detailCatalog","i18NText":{"propertyName":"text","key":"edit"},"interaction":{"idSuffix":"BDI-content"}},"wdio_ui5_key":"etmportal.ui.managecatalogs.view.Detailsap.m.Button{\"propertyName\":\"text\",\"key\":\"edit\"}"}]}
RESULT: {"script":"<script> [1562 bytes]","args":[{"selector":{"controlType":"sap.m.Button","viewName":"etm.portal.ui.managecatalogs.view.Detail","viewId":"application-managecatalogs-display-component---detailCatalog","i18NText":{"propertyName":"text","key":"edit"},"interaction":{"idSuffix":"BDI-content"}},"wdio_ui5_key":"etmportal.ui.managecatalogs.view.Detailsap.m.Button{\"propertyName\":\"text\",\"key\":\"edit\"}"}]}
RESULT: undefined
COMMAND: POST /session/986c8c948b22d3df52d278b912c043dd/element - {"using":"xpath","value":"//*[@id=\"__button35\"]"}
RESULT: {"using":"xpath","value":"//*[@id=\"__button35\"]"}
COMMAND: POST /session/986c8c948b22d3df52d278b912c043dd/element/f.092109B35A6735C4F983D4E1F3C5CB5B.d.935924062C2CB3C0F5F2AEA4BC251C79.e.305/click - {}
RESULT: {}
COMMAND: GET /session/986c8c948b22d3df52d278b912c043dd/screenshot - {}
RESULT: {}
COMMAND: POST /session/986c8c948b22d3df52d278b912c043dd/element - {"using":"xpath","value":"//bdi[contains(text(), \"Unlock\")]"}
RESULT: {"using":"xpath","value":"//bdi[contains(text(), \"Unlock\")]"}
COMMAND: POST /session/986c8c948b22d3df52d278b912c043dd/elements - {"using":"xpath","value":"//bdi[contains(text(), \"Unlock\")]"}
RESULT: {"using":"xpath","value":"//bdi[contains(text(), \"Unlock\")]"}
COMMAND: POST /session/986c8c948b22d3df52d278b912c043dd/execute/async - {"script":"<script> [1562 bytes]","args":[{"selector":{"controlType":"sap.ui.core.Icon","viewName":"etm.portal.ui.managecatalogs.view.Detail","viewId":"application-managecatalogs-display-component---detailCatalog","properties":{"src":{"regex":{"source":"add\\-folder"}}}},"wdio_ui5_key":"etmportal.ui.managecatalogs.view.Detailsap.ui.core.Icon{\"src\":{\"regex\":{\"source\":\"add\\\\-folder\"}}}"}]}
RESULT: {"script":"<script> [1562 bytes]","args":[{"selector":{"controlType":"sap.ui.core.Icon","viewName":"etm.portal.ui.managecatalogs.view.Detail","viewId":"application-managecatalogs-display-component---detailCatalog","properties":{"src":{"regex":{"source":"add\\-folder"}}}},"wdio_ui5_key":"etmportal.ui.managecatalogs.view.Detailsap.ui.core.Icon{\"src\":{\"regex\":{\"source\":\"add\\\\-folder\"}}}"}]}
RESULT: undefined
COMMAND: POST /session/986c8c948b22d3df52d278b912c043dd/element - {"using":"xpath","value":"//*[@id=\"__button43-img\"]"}
RESULT: {"using":"xpath","value":"//*[@id=\"__button43-img\"]"}
COMMAND: POST /session/986c8c948b22d3df52d278b912c043dd/element/f.092109B35A6735C4F983D4E1F3C5CB5B.d.935924062C2CB3C0F5F2AEA4BC251C79.e.313/click - {}
RESULT: {}
COMMAND: GET /session/986c8c948b22d3df52d278b912c043dd/screenshot - {}
RESULT: {}
COMMAND: POST /session/986c8c948b22d3df52d278b912c043dd/execute/async - {"script":"<script> [1562 bytes]","args":[{"selector":{"id":"application-managecatalogs-display-component---detailCatalog--numberInput","searchOpenDialogs":true,"interaction":{"idSuffix":"inner"}},"wdio_ui5_key":"applicationmanagecatalogs-display-component---detailCatalog--numberInput"}]}
RESULT: {"script":"<script> [1562 bytes]","args":[{"selector":{"id":"application-managecatalogs-display-component---detailCatalog--numberInput","searchOpenDialogs":true,"interaction":{"idSuffix":"inner"}},"wdio_ui5_key":"applicationmanagecatalogs-display-component---detailCatalog--numberInput"}]}
RESULT: undefined
COMMAND: POST /session/986c8c948b22d3df52d278b912c043dd/execute/async - {"script":"<script> [776 bytes]","args":[{"enterText":"Sectionizag9","selector":{"id":"application-managecatalogs-display-component---detailCatalog--numberInput","searchOpenDialogs":true,"interaction":{"idSuffix":"inner"}},"clearTextFirst":true,"interactionType":"ENTER_TEXT"}]}
RESULT: {"script":"<script> [776 bytes]","args":[{"enterText":"Sectionizag9","selector":{"id":"application-managecatalogs-display-component---detailCatalog--numberInput","searchOpenDialogs":true,"interaction":{"idSuffix":"inner"}},"clearTextFirst":true,"interactionType":"ENTER_TEXT"}]}
COMMAND: POST /session/986c8c948b22d3df52d278b912c043dd/element - {"using":"css selector","value":"#application-managecatalogs-display-component---detailCatalog--nameInput-inner"}
RESULT: {"using":"css selector","value":"#application-managecatalogs-display-component---detailCatalog--nameInput-inner"}
COMMAND: POST /session/986c8c948b22d3df52d278b912c043dd/elements - {"using":"css selector","value":"#application-managecatalogs-display-component---detailCatalog--nameInput-inner"}
RESULT: {"using":"css selector","value":"#application-managecatalogs-display-component---detailCatalog--nameInput-inner"}
COMMAND: POST /session/986c8c948b22d3df52d278b912c043dd/element/f.092109B35A6735C4F983D4E1F3C5CB5B.d.935924062C2CB3C0F5F2AEA4BC251C79.e.317/clear - {}
RESULT: {}
COMMAND: POST /session/986c8c948b22d3df52d278b912c043dd/element/f.092109B35A6735C4F983D4E1F3C5CB5B.d.935924062C2CB3C0F5F2AEA4BC251C79.e.317/value - {"text":"Webdriver8dxsh"}
COMMAND: GET /session/986c8c948b22d3df52d278b912c043dd/screenshot - {}
RESULT: {"text":"Webdriver8dxsh"}
COMMAND: POST /session/986c8c948b22d3df52d278b912c043dd/execute/async - {"script":"<script> [1562 bytes]","args":[{"selector":{"controlType":"sap.m.Button","viewName":"etm.portal.ui.managecatalogs.view.Detail","viewId":"application-managecatalogs-display-component---detailCatalog","i18NText":{"propertyName":"text","key":"create"},"searchOpenDialogs":true,"interaction":{"idSuffix":"BDI-content"}},"wdio_ui5_key":"etmportal.ui.managecatalogs.view.Detailsap.m.Button{\"propertyName\":\"text\",\"key\":\"create\"}"}]}
COMMAND: GET /session/986c8c948b22d3df52d278b912c043dd/screenshot - {}
RESULT: {}
RESULT: {"script":"<script> [1562 bytes]","args":[{"selector":{"controlType":"sap.m.Button","viewName":"etm.portal.ui.managecatalogs.view.Detail","viewId":"application-managecatalogs-display-component---detailCatalog","i18NText":{"propertyName":"text","key":"create"},"searchOpenDialogs":true,"interaction":{"idSuffix":"BDI-content"}},"wdio_ui5_key":"etmportal.ui.managecatalogs.view.Detailsap.m.Button{\"propertyName\":\"text\",\"key\":\"create\"}"}]}
RESULT: undefined
COMMAND: POST /session/986c8c948b22d3df52d278b912c043dd/element - {"using":"xpath","value":"//*[@id=\"__button13\"]"}
RESULT: {}
RESULT: {"using":"xpath","value":"//*[@id=\"__button13\"]"}
COMMAND: POST /session/986c8c948b22d3df52d278b912c043dd/element/f.092109B35A6735C4F983D4E1F3C5CB5B.d.935924062C2CB3C0F5F2AEA4BC251C79.e.323/click - {}
RESULT: {}
COMMAND: GET /session/986c8c948b22d3df52d278b912c043dd/screenshot - {}
RESULT: {}
COMMAND: POST /session/986c8c948b22d3df52d278b912c043dd/element - {"using":"xpath","value":"//button[@title=\"Save\"]"}
RESULT: {"using":"xpath","value":"//button[@title=\"Save\"]"}
COMMAND: POST /session/986c8c948b22d3df52d278b912c043dd/element/f.092109B35A6735C4F983D4E1F3C5CB5B.d.935924062C2CB3C0F5F2AEA4BC251C79.e.324/click - {}
RESULT: {}
COMMAND: POST /session/986c8c948b22d3df52d278b912c043dd/execute/async - {"script":"<script> [1562 bytes]","args":[{"selector":{"controlType":"sap.ui.core.Icon","viewName":"etm.portal.ui.managecatalogs.view.Detail","viewId":"application-managecatalogs-display-component---detailCatalog","properties":{"src":{"regex":{"source":"decline"}}}},"wdio_ui5_key":"etmportal.ui.managecatalogs.view.Detailsap.ui.core.Icon{\"src\":{\"regex\":{\"source\":\"decline\"}}}"}]}
COMMAND: GET /session/986c8c948b22d3df52d278b912c043dd/screenshot - {}
RESULT: {}
RESULT: {"script":"<script> [1562 bytes]","args":[{"selector":{"controlType":"sap.ui.core.Icon","viewName":"etm.portal.ui.managecatalogs.view.Detail","viewId":"application-managecatalogs-display-component---detailCatalog","properties":{"src":{"regex":{"source":"decline"}}}},"wdio_ui5_key":"etmportal.ui.managecatalogs.view.Detailsap.ui.core.Icon{\"src\":{\"regex\":{\"source\":\"decline\"}}}"}]}
RESULT: undefined
COMMAND: POST /session/986c8c948b22d3df52d278b912c043dd/element - {"using":"xpath","value":"//*[@id=\"__button38-img\"]"}
RESULT: {"using":"xpath","value":"//*[@id=\"__button38-img\"]"}
COMMAND: POST /session/986c8c948b22d3df52d278b912c043dd/element/f.092109B35A6735C4F983D4E1F3C5CB5B.d.935924062C2CB3C0F5F2AEA4BC251C79.e.331/click - {}
RESULT: {}
COMMAND: GET /session/986c8c948b22d3df52d278b912c043dd/screenshot - {}
RESULT: {}
COMMAND: POST /session/986c8c948b22d3df52d278b912c043dd/execute/async - {"script":"<script> [1562 bytes]","args":[{"selector":{"controlType":"sap.ui.core.Icon","viewName":"etm.portal.ui.managecatalogs.view.MasterItems","viewId":"application-managecatalogs-display-component---masterCatalogItems","properties":{"src":{"regex":{"source":"refresh"}}}},"wdio_ui5_key":"etmportal.ui.managecatalogs.view.MasterItemssap.ui.core.Icon{\"src\":{\"regex\":{\"source\":\"refresh\"}}}"}]}
RESULT: {"script":"<script> [1562 bytes]","args":[{"selector":{"controlType":"sap.ui.core.Icon","viewName":"etm.portal.ui.managecatalogs.view.MasterItems","viewId":"application-managecatalogs-display-component---masterCatalogItems","properties":{"src":{"regex":{"source":"refresh"}}}},"wdio_ui5_key":"etmportal.ui.managecatalogs.view.MasterItemssap.ui.core.Icon{\"src\":{\"regex\":{\"source\":\"refresh\"}}}"}]}
RESULT: undefined
COMMAND: POST /session/986c8c948b22d3df52d278b912c043dd/element - {"using":"xpath","value":"//*[@id=\"__button11-img\"]"}
RESULT: {"using":"xpath","value":"//*[@id=\"__button11-img\"]"}
COMMAND: POST /session/986c8c948b22d3df52d278b912c043dd/element/f.092109B35A6735C4F983D4E1F3C5CB5B.d.935924062C2CB3C0F5F2AEA4BC251C79.e.365/click - {}
RESULT: {}
COMMAND: POST /session/986c8c948b22d3df52d278b912c043dd/execute/async - {"script":"<script> [1562 bytes]","args":[{"selector":{"id":"application-managecatalogs-display-component---masterCatalogItems--searchItemsField","interaction":{"idSuffix":"I"}},"wdio_ui5_key":"applicationmanagecatalogs-display-component---masterCatalogItems--searchItemsField"}]}
COMMAND: GET /session/986c8c948b22d3df52d278b912c043dd/screenshot - {}
RESULT: {"script":"<script> [1562 bytes]","args":[{"selector":{"id":"application-managecatalogs-display-component---masterCatalogItems--searchItemsField","interaction":{"idSuffix":"I"}},"wdio_ui5_key":"applicationmanagecatalogs-display-component---masterCatalogItems--searchItemsField"}]}
RESULT: undefined
COMMAND: POST /session/986c8c948b22d3df52d278b912c043dd/execute/async - {"script":"<script> [776 bytes]","args":[{"enterText":"Webdriver8dxsh","selector":{"id":"application-managecatalogs-display-component---masterCatalogItems--searchItemsField","interaction":{"idSuffix":"I"}},"clearTextFirst":true,"interactionType":"ENTER_TEXT"}]}
RESULT: {}
RESULT: {"script":"<script> [776 bytes]","args":[{"enterText":"Webdriver8dxsh","selector":{"id":"application-managecatalogs-display-component---masterCatalogItems--searchItemsField","interaction":{"idSuffix":"I"}},"clearTextFirst":true,"interactionType":"ENTER_TEXT"}]}
COMMAND: POST /session/986c8c948b22d3df52d278b912c043dd/actions - {"actions":[{"id":"action1","type":"key","parameters":{},"actions":[{"type":"keyDown","value":"î€‡"},{"type":"pause","duration":10},{"type":"keyUp","value":"î€‡"}]}]}
RESULT: {"actions":[{"id":"action1","type":"key","parameters":{},"actions":[{"type":"keyDown","value":"î€‡"},{"type":"pause","duration":10},{"type":"keyUp","value":"î€‡"}]}]}
COMMAND: POST /session/986c8c948b22d3df52d278b912c043dd/element - {"using":"xpath","value":"(//span[contains(text(), \"Webdriver8dxsh\")])[1]"}
COMMAND: GET /session/986c8c948b22d3df52d278b912c043dd/screenshot - {}
RESULT: {"using":"xpath","value":"(//span[contains(text(), \"Webdriver8dxsh\")])[1]"}
COMMAND: POST /session/986c8c948b22d3df52d278b912c043dd/element/f.092109B35A6735C4F983D4E1F3C5CB5B.d.935924062C2CB3C0F5F2AEA4BC251C79.e.368/click - {}
RESULT: {}
RESULT: {}
COMMAND: GET /session/986c8c948b22d3df52d278b912c043dd/screenshot - {}
RESULT: {}
RESULT: undefined
COMMAND: POST /session/986c8c948b22d3df52d278b912c043dd/element - {"using":"xpath","value":"//*[@id=\"__button35\"]"}
RESULT: {"using":"xpath","value":"//*[@id=\"__button35\"]"}
COMMAND: POST /session/986c8c948b22d3df52d278b912c043dd/element/f.092109B35A6735C4F983D4E1F3C5CB5B.d.935924062C2CB3C0F5F2AEA4BC251C79.e.405/click - {}
RESULT: {}
COMMAND: GET /session/986c8c948b22d3df52d278b912c043dd/screenshot - {}
RESULT: {}
RESULT: undefined
COMMAND: POST /session/986c8c948b22d3df52d278b912c043dd/element - {"using":"xpath","value":"//*[@id=\"__button43-img\"]"}
RESULT: {"using":"xpath","value":"//*[@id=\"__button43-img\"]"}
COMMAND: POST /session/986c8c948b22d3df52d278b912c043dd/element/f.092109B35A6735C4F983D4E1F3C5CB5B.d.935924062C2CB3C0F5F2AEA4BC251C79.e.455/click - {}
RESULT: {}
COMMAND: GET /session/986c8c948b22d3df52d278b912c043dd/screenshot - {}
RESULT: {}
RESULT: undefined
COMMAND: POST /session/986c8c948b22d3df52d278b912c043dd/execute/async - {"script":"<script> [776 bytes]","args":[{"enterText":"SecondSectionjor9m","selector":{"id":"application-managecatalogs-display-component---detailCatalog--numberInput","searchOpenDialogs":true,"interaction":{"idSuffix":"inner"}},"clearTextFirst":true,"interactionType":"ENTER_TEXT"}]}
RESULT: {"script":"<script> [776 bytes]","args":[{"enterText":"SecondSectionjor9m","selector":{"id":"application-managecatalogs-display-component---detailCatalog--numberInput","searchOpenDialogs":true,"interaction":{"idSuffix":"inner"}},"clearTextFirst":true,"interactionType":"ENTER_TEXT"}]}
COMMAND: POST /session/986c8c948b22d3df52d278b912c043dd/element - {"using":"xpath","value":"//input[contains(@id ,\"application-managecatalogs-display-component---detailCatalog--nameInput-inner\")]"}
RESULT: {"using":"xpath","value":"//input[contains(@id ,\"application-managecatalogs-display-component---detailCatalog--nameInput-inner\")]"}
COMMAND: POST /session/986c8c948b22d3df52d278b912c043dd/elements - {"using":"xpath","value":"//input[contains(@id ,\"application-managecatalogs-display-component---detailCatalog--nameInput-inner\")]"}
RESULT: {"using":"xpath","value":"//input[contains(@id ,\"application-managecatalogs-display-component---detailCatalog--nameInput-inner\")]"}
COMMAND: POST /session/986c8c948b22d3df52d278b912c043dd/element/f.092109B35A6735C4F983D4E1F3C5CB5B.d.935924062C2CB3C0F5F2AEA4BC251C79.e.458/clear - {}
RESULT: {}
COMMAND: POST /session/986c8c948b22d3df52d278b912c043dd/element/f.092109B35A6735C4F983D4E1F3C5CB5B.d.935924062C2CB3C0F5F2AEA4BC251C79.e.458/value - {"text":"webdriversecondzzot1"}
COMMAND: GET /session/986c8c948b22d3df52d278b912c043dd/screenshot - {}
RESULT: {"text":"webdriversecondzzot1"}
COMMAND: POST /session/986c8c948b22d3df52d278b912c043dd/execute/async - {"script":"<script> [1562 bytes]","args":[{"selector":{"id":"application-managecatalogs-display-component---detailCatalog--nameInput","searchOpenDialogs":true,"interaction":{"idSuffix":"inner"}},"wdio_ui5_key":"applicationmanagecatalogs-display-component---detailCatalog--nameInput"}]}
COMMAND: GET /session/986c8c948b22d3df52d278b912c043dd/screenshot - {}
RESULT: {}
RESULT: {"script":"<script> [1562 bytes]","args":[{"selector":{"id":"application-managecatalogs-display-component---detailCatalog--nameInput","searchOpenDialogs":true,"interaction":{"idSuffix":"inner"}},"wdio_ui5_key":"applicationmanagecatalogs-display-component---detailCatalog--nameInput"}]}
RESULT: undefined
COMMAND: POST /session/986c8c948b22d3df52d278b912c043dd/execute/async - {"script":"<script> [776 bytes]","args":[{"enterText":"webdriversecondzzot1","selector":{"id":"application-managecatalogs-display-component---detailCatalog--nameInput","searchOpenDialogs":true,"interaction":{"idSuffix":"inner"}},"clearTextFirst":true,"interactionType":"ENTER_TEXT"}]}
RESULT: {}
RESULT: {"script":"<script> [776 bytes]","args":[{"enterText":"webdriversecondzzot1","selector":{"id":"application-managecatalogs-display-component---detailCatalog--nameInput","searchOpenDialogs":true,"interaction":{"idSuffix":"inner"}},"clearTextFirst":true,"interactionType":"ENTER_TEXT"}]}
RESULT: undefined
COMMAND: POST /session/986c8c948b22d3df52d278b912c043dd/element - {"using":"xpath","value":"//*[@id=\"__button13\"]"}
RESULT: {"using":"xpath","value":"//*[@id=\"__button13\"]"}
COMMAND: POST /session/986c8c948b22d3df52d278b912c043dd/element/f.092109B35A6735C4F983D4E1F3C5CB5B.d.935924062C2CB3C0F5F2AEA4BC251C79.e.462/click - {}
RESULT: {}
COMMAND: GET /session/986c8c948b22d3df52d278b912c043dd/screenshot - {}
RESULT: {}
COMMAND: POST /session/986c8c948b22d3df52d278b912c043dd/element - {"using":"xpath","value":"//button[@title=\"Save\"]"}
RESULT: {"using":"xpath","value":"//button[@title=\"Save\"]"}
COMMAND: POST /session/986c8c948b22d3df52d278b912c043dd/element/f.092109B35A6735C4F983D4E1F3C5CB5B.d.935924062C2CB3C0F5F2AEA4BC251C79.e.440/click - {}
RESULT: {}
COMMAND: GET /session/986c8c948b22d3df52d278b912c043dd/screenshot - {}
RESULT: {}
RESULT: undefined
COMMAND: POST /session/986c8c948b22d3df52d278b912c043dd/element - {"using":"xpath","value":"//*[@id=\"__button38-img\"]"}
RESULT: {"using":"xpath","value":"//*[@id=\"__button38-img\"]"}
COMMAND: POST /session/986c8c948b22d3df52d278b912c043dd/element/f.092109B35A6735C4F983D4E1F3C5CB5B.d.935924062C2CB3C0F5F2AEA4BC251C79.e.412/click - {}
RESULT: {}
COMMAND: GET /session/986c8c948b22d3df52d278b912c043dd/screenshot - {}
RESULT: {}
RESULT: undefined
COMMAND: POST /session/986c8c948b22d3df52d278b912c043dd/element - {"using":"xpath","value":"//*[@id=\"__button11-img\"]"}
RESULT: {"using":"xpath","value":"//*[@id=\"__button11-img\"]"}
COMMAND: POST /session/986c8c948b22d3df52d278b912c043dd/element/f.092109B35A6735C4F983D4E1F3C5CB5B.d.935924062C2CB3C0F5F2AEA4BC251C79.e.502/click - {}
RESULT: {}
COMMAND: GET /session/986c8c948b22d3df52d278b912c043dd/screenshot - {}
RESULT: {}
RESULT: undefined
COMMAND: POST /session/986c8c948b22d3df52d278b912c043dd/execute/async - {"script":"<script> [776 bytes]","args":[{"enterText":"SecondSectionjor9m","selector":{"id":"application-managecatalogs-display-component---masterCatalogItems--searchItemsField","interaction":{"idSuffix":"I"}},"clearTextFirst":true,"interactionType":"ENTER_TEXT"}]}
RESULT: {"script":"<script> [776 bytes]","args":[{"enterText":"SecondSectionjor9m","selector":{"id":"application-managecatalogs-display-component---masterCatalogItems--searchItemsField","interaction":{"idSuffix":"I"}},"clearTextFirst":true,"interactionType":"ENTER_TEXT"}]}
COMMAND: POST /session/986c8c948b22d3df52d278b912c043dd/actions - {"actions":[{"id":"action2","type":"key","parameters":{},"actions":[{"type":"keyDown","value":"î€‡"},{"type":"pause","duration":10},{"type":"keyUp","value":"î€‡"}]}]}
RESULT: {"actions":[{"id":"action2","type":"key","parameters":{},"actions":[{"type":"keyDown","value":"î€‡"},{"type":"pause","duration":10},{"type":"keyUp","value":"î€‡"}]}]}
COMMAND: POST /session/986c8c948b22d3df52d278b912c043dd/element - {"using":"xpath","value":"(//span[contains(text(), \"SecondSectionjor9m\")])[1]"}
COMMAND: GET /session/986c8c948b22d3df52d278b912c043dd/screenshot - {}
RESULT: {"using":"xpath","value":"(//span[contains(text(), \"SecondSectionjor9m\")])[1]"}
COMMAND: POST /session/986c8c948b22d3df52d278b912c043dd/element/f.092109B35A6735C4F983D4E1F3C5CB5B.d.935924062C2CB3C0F5F2AEA4BC251C79.e.505/click - {}
RESULT: {}
RESULT: {}
COMMAND: POST /session/986c8c948b22d3df52d278b912c043dd/element - {"using":"xpath","value":"(//span[contains(text(), \"SecondSectionjor9m\")])[1]"}
COMMAND: GET /session/986c8c948b22d3df52d278b912c043dd/screenshot - {}
RESULT: {"using":"xpath","value":"(//span[contains(text(), \"SecondSectionjor9m\")])[1]"}
COMMAND: GET /session/986c8c948b22d3df52d278b912c043dd/element/f.092109B35A6735C4F983D4E1F3C5CB5B.d.935924062C2CB3C0F5F2AEA4BC251C79.e.505/text - {}
RESULT: {}
COMMAND: POST /session/986c8c948b22d3df52d278b912c043dd/element - {"using":"xpath","value":"(//span[contains(text(), \"SecondSectionjor9m\")])[1]"}
RESULT: {"using":"xpath","value":"(//span[contains(text(), \"SecondSectionjor9m\")])[1]"}
COMMAND: GET /session/986c8c948b22d3df52d278b912c043dd/element/f.092109B35A6735C4F983D4E1F3C5CB5B.d.935924062C2CB3C0F5F2AEA4BC251C79.e.505/text - {}
COMMAND: POST /session/986c8c948b22d3df52d278b912c043dd/element - {"using":"xpath","value":"(//span[contains(text(), \"SecondSectionjor9m\")])[1]"}
RESULT: {"using":"xpath","value":"(//span[contains(text(), \"SecondSectionjor9m\")])[1]"}
COMMAND: GET /session/986c8c948b22d3df52d278b912c043dd/element/f.092109B35A6735C4F983D4E1F3C5CB5B.d.935924062C2CB3C0F5F2AEA4BC251C79.e.558/text - {}
RESULT: {}
COMMAND: POST /session/986c8c948b22d3df52d278b912c043dd/element - {"using":"css selector","value":"#shell-header-logo"}
RESULT: {"using":"css selector","value":"#shell-header-logo"}
COMMAND: POST /session/986c8c948b22d3df52d278b912c043dd/element/f.092109B35A6735C4F983D4E1F3C5CB5B.d.935924062C2CB3C0F5F2AEA4BC251C79.e.132/click - {}
RESULT: {}
COMMAND: GET /session/986c8c948b22d3df52d278b912c043dd/screenshot - {}
RESULT: {}
COMMAND: POST /session/986c8c948b22d3df52d278b912c043dd/execute/async - {"script":"<script> [1562 bytes]","args":[{"selector":{"controlType":"sap.m.GenericTile","properties":{"header":"Manage Classifications"}},"wdio_ui5_key":"sapm.GenericTile{\"header\":\"Manage Classifications\"}"}]}
RESULT: {"script":"<script> [1562 bytes]","args":[{"selector":{"controlType":"sap.m.GenericTile","properties":{"header":"Manage Classifications"}},"wdio_ui5_key":"sapm.GenericTile{\"header\":\"Manage Classifications\"}"}]}
RESULT: undefined
COMMAND: POST /session/986c8c948b22d3df52d278b912c043dd/element - {"using":"xpath","value":"//*[@id=\"__tile115\"]"}
RESULT: {"using":"xpath","value":"//*[@id=\"__tile115\"]"}
COMMAND: POST /session/986c8c948b22d3df52d278b912c043dd/element/f.092109B35A6735C4F983D4E1F3C5CB5B.d.935924062C2CB3C0F5F2AEA4BC251C79.e.562/click - {}
RESULT: {}
COMMAND: GET /session/986c8c948b22d3df52d278b912c043dd/screenshot - {}
RESULT: {}
COMMAND: POST /session/986c8c948b22d3df52d278b912c043dd/elements - {"using":"xpath","value":"//span[text()='Error']"}
RESULT: {"using":"xpath","value":"//span[text()='Error']"}
]]></system-out>
    </testcase>
  </testsuite>
  <testsuite timestamp="2025-06-04T05:56:41" time="253.712" tests="3" failures="0" errors="0" skipped="0">
    <properties>
      <property name="specId" value="0" />
      <property name="suiteName" value="Manage catalogs - yard assignment classification US138930" />
      <property name="capabilities" value="chrome.136_0_7103_93.windows" />
      <property name="file" value="file:///D:/a/1/s/test/specs/R2C/manage-catalogs-yard-assignment-classification.spec.js" />
    </properties>
    <testcase classname="chrome.136_0_7103_93.windows.Manage_catalogs_-_yard_assignment_classification_US138930" name="Should create a new classification of type yard assignment" time="35.345">
      <system-out><![CDATA[
COMMAND: POST /session/986c8c948b22d3df52d278b912c043dd/execute/async - {"script":"<script> [1562 bytes]","args":[{"selector":{"controlType":"sap.ui.core.Icon","viewName":"etm.portal.ui.manageclassifications.view.Master","viewId":"application-manageclassifications-display-component---classificationMaster","properties":{"src":{"regex":{"source":"add"}}}},"wdio_ui5_key":"etmportal.ui.manageclassifications.view.Mastersap.ui.core.Icon{\"src\":{\"regex\":{\"source\":\"add\"}}}"}]}
RESULT: {"script":"<script> [1562 bytes]","args":[{"selector":{"controlType":"sap.ui.core.Icon","viewName":"etm.portal.ui.manageclassifications.view.Master","viewId":"application-manageclassifications-display-component---classificationMaster","properties":{"src":{"regex":{"source":"add"}}}},"wdio_ui5_key":"etmportal.ui.manageclassifications.view.Mastersap.ui.core.Icon{\"src\":{\"regex\":{\"source\":\"add\"}}}"}]}
RESULT: undefined
COMMAND: POST /session/986c8c948b22d3df52d278b912c043dd/element - {"using":"xpath","value":"//*[@id=\"__button77-img\"]"}
RESULT: {"using":"xpath","value":"//*[@id=\"__button77-img\"]"}
COMMAND: POST /session/986c8c948b22d3df52d278b912c043dd/element/f.092109B35A6735C4F983D4E1F3C5CB5B.d.935924062C2CB3C0F5F2AEA4BC251C79.e.602/click - {}
RESULT: {}
COMMAND: POST /session/986c8c948b22d3df52d278b912c043dd/execute/async - {"script":"<script> [1562 bytes]","args":[{"selector":{"id":"application-manageclassifications-display-component---classificationCreate--classHeaderName","interaction":{"idSuffix":"inner"}},"wdio_ui5_key":"applicationmanageclassifications-display-component---classificationCreate--classHeaderName"}]}
COMMAND: GET /session/986c8c948b22d3df52d278b912c043dd/screenshot - {}
RESULT: {"script":"<script> [1562 bytes]","args":[{"selector":{"id":"application-manageclassifications-display-component---classificationCreate--classHeaderName","interaction":{"idSuffix":"inner"}},"wdio_ui5_key":"applicationmanageclassifications-display-component---classificationCreate--classHeaderName"}]}
RESULT: undefined
COMMAND: POST /session/986c8c948b22d3df52d278b912c043dd/execute/async - {"script":"<script> [776 bytes]","args":[{"enterText":"WebdriverYardClassww39m","selector":{"id":"application-manageclassifications-display-component---classificationCreate--classHeaderName","interaction":{"idSuffix":"inner"}},"clearTextFirst":true,"interactionType":"ENTER_TEXT"}]}
RESULT: {}
RESULT: {"script":"<script> [776 bytes]","args":[{"enterText":"WebdriverYardClassww39m","selector":{"id":"application-manageclassifications-display-component---classificationCreate--classHeaderName","interaction":{"idSuffix":"inner"}},"clearTextFirst":true,"interactionType":"ENTER_TEXT"}]}
COMMAND: POST /session/986c8c948b22d3df52d278b912c043dd/execute/async - {"script":"<script> [1562 bytes]","args":[{"selector":{"controlType":"sap.ui.core.Icon","viewName":"etm.portal.ui.manageclassifications.view.Create","viewId":"application-manageclassifications-display-component---classificationCreate","properties":{"src":{"regex":{"source":"slim\\-arrow\\-down"}}}},"wdio_ui5_key":"etmportal.ui.manageclassifications.view.Createsap.ui.core.Icon{\"src\":{\"regex\":{\"source\":\"slim\\\\-arrow\\\\-down\"}}}"}]}
RESULT: {"script":"<script> [1562 bytes]","args":[{"selector":{"controlType":"sap.ui.core.Icon","viewName":"etm.portal.ui.manageclassifications.view.Create","viewId":"application-manageclassifications-display-component---classificationCreate","properties":{"src":{"regex":{"source":"slim\\-arrow\\-down"}}}},"wdio_ui5_key":"etmportal.ui.manageclassifications.view.Createsap.ui.core.Icon{\"src\":{\"regex\":{\"source\":\"slim\\\\-arrow\\\\-down\"}}}"}]}
RESULT: undefined
COMMAND: POST /session/986c8c948b22d3df52d278b912c043dd/element - {"using":"xpath","value":"//*[@id=\"__box48-arrow\"]"}
RESULT: {"using":"xpath","value":"//*[@id=\"__box48-arrow\"]"}
COMMAND: POST /session/986c8c948b22d3df52d278b912c043dd/element/f.092109B35A6735C4F983D4E1F3C5CB5B.d.935924062C2CB3C0F5F2AEA4BC251C79.e.923/click - {}
RESULT: {}
COMMAND: POST /session/986c8c948b22d3df52d278b912c043dd/execute/async - {"script":"<script> [1562 bytes]","args":[{"selector":{"controlType":"sap.m.StandardListItem","viewName":"etm.portal.ui.manageclassifications.view.Create","viewId":"application-manageclassifications-display-component---classificationCreate","properties":{"title":"Yard assignment"},"searchOpenDialogs":true,"interaction":{"idSuffix":"titleText"}},"wdio_ui5_key":"etmportal.ui.manageclassifications.view.Createsap.m.StandardListItem{\"title\":\"Yard assignment\"}"}]}
COMMAND: GET /session/986c8c948b22d3df52d278b912c043dd/screenshot - {}
RESULT: {"script":"<script> [1562 bytes]","args":[{"selector":{"controlType":"sap.m.StandardListItem","viewName":"etm.portal.ui.manageclassifications.view.Create","viewId":"application-manageclassifications-display-component---classificationCreate","properties":{"title":"Yard assignment"},"searchOpenDialogs":true,"interaction":{"idSuffix":"titleText"}},"wdio_ui5_key":"etmportal.ui.manageclassifications.view.Createsap.m.StandardListItem{\"title\":\"Yard assignment\"}"}]}
RESULT: undefined
COMMAND: POST /session/986c8c948b22d3df52d278b912c043dd/element - {"using":"xpath","value":"//*[@id=\"__item304\"]"}
RESULT: {}
RESULT: {"using":"xpath","value":"//*[@id=\"__item304\"]"}
COMMAND: POST /session/986c8c948b22d3df52d278b912c043dd/element/f.092109B35A6735C4F983D4E1F3C5CB5B.d.935924062C2CB3C0F5F2AEA4BC251C79.e.960/click - {}
RESULT: {}
COMMAND: POST /session/986c8c948b22d3df52d278b912c043dd/execute/async - {"script":"<script> [1562 bytes]","args":[{"selector":{"controlType":"sap.ui.core.Icon","viewName":"etm.portal.ui.manageclassifications.view.Create","viewId":"application-manageclassifications-display-component---classificationCreate","properties":{"src":{"regex":{"source":"add"}}}},"wdio_ui5_key":"etmportal.ui.manageclassifications.view.Createsap.ui.core.Icon{\"src\":{\"regex\":{\"source\":\"add\"}}}"}]}
COMMAND: GET /session/986c8c948b22d3df52d278b912c043dd/screenshot - {}
RESULT: {"script":"<script> [1562 bytes]","args":[{"selector":{"controlType":"sap.ui.core.Icon","viewName":"etm.portal.ui.manageclassifications.view.Create","viewId":"application-manageclassifications-display-component---classificationCreate","properties":{"src":{"regex":{"source":"add"}}}},"wdio_ui5_key":"etmportal.ui.manageclassifications.view.Createsap.ui.core.Icon{\"src\":{\"regex\":{\"source\":\"add\"}}}"}]}
RESULT: undefined
COMMAND: POST /session/986c8c948b22d3df52d278b912c043dd/element - {"using":"xpath","value":"//*[@id=\"__button82-img\"]"}
RESULT: {}
RESULT: {"using":"xpath","value":"//*[@id=\"__button82-img\"]"}
COMMAND: POST /session/986c8c948b22d3df52d278b912c043dd/element/f.092109B35A6735C4F983D4E1F3C5CB5B.d.935924062C2CB3C0F5F2AEA4BC251C79.e.926/click - {}
RESULT: {}
COMMAND: POST /session/986c8c948b22d3df52d278b912c043dd/execute/async - {"script":"<script> [1562 bytes]","args":[{"selector":{"controlType":"sap.m.Input","viewName":"etm.portal.ui.manageclassifications.view.Create","viewId":"application-manageclassifications-display-component---classificationCreate","bindingPath":{"path":"/0","propertyPath":"PROPERTY","modelName":"newConfigModel"},"interaction":{"idSuffix":"inner"}},"wdio_ui5_key":"etmportal.ui.manageclassifications.view.Createsap.m.Input{\"path\":\"/0\",\"propertyPath\":\"PROPERTY\",\"modelName\":\"newConfigModel\"}"}]}
COMMAND: GET /session/986c8c948b22d3df52d278b912c043dd/screenshot - {}
RESULT: {"script":"<script> [1562 bytes]","args":[{"selector":{"controlType":"sap.m.Input","viewName":"etm.portal.ui.manageclassifications.view.Create","viewId":"application-manageclassifications-display-component---classificationCreate","bindingPath":{"path":"/0","propertyPath":"PROPERTY","modelName":"newConfigModel"},"interaction":{"idSuffix":"inner"}},"wdio_ui5_key":"etmportal.ui.manageclassifications.view.Createsap.m.Input{\"path\":\"/0\",\"propertyPath\":\"PROPERTY\",\"modelName\":\"newConfigModel\"}"}]}
RESULT: undefined
COMMAND: POST /session/986c8c948b22d3df52d278b912c043dd/execute/async - {"script":"<script> [776 bytes]","args":[{"enterText":"101","selector":{"controlType":"sap.m.Input","viewName":"etm.portal.ui.manageclassifications.view.Create","viewId":"application-manageclassifications-display-component---classificationCreate","bindingPath":{"path":"/0","propertyPath":"PROPERTY","modelName":"newConfigModel"},"interaction":{"idSuffix":"inner"}},"clearTextFirst":true,"interactionType":"ENTER_TEXT"}]}
RESULT: {}
RESULT: {"script":"<script> [776 bytes]","args":[{"enterText":"101","selector":{"controlType":"sap.m.Input","viewName":"etm.portal.ui.manageclassifications.view.Create","viewId":"application-manageclassifications-display-component---classificationCreate","bindingPath":{"path":"/0","propertyPath":"PROPERTY","modelName":"newConfigModel"},"interaction":{"idSuffix":"inner"}},"clearTextFirst":true,"interactionType":"ENTER_TEXT"}]}
COMMAND: POST /session/986c8c948b22d3df52d278b912c043dd/execute/async - {"script":"<script> [1562 bytes]","args":[{"selector":{"controlType":"sap.m.Input","viewName":"etm.portal.ui.manageclassifications.view.Create","viewId":"application-manageclassifications-display-component---classificationCreate","bindingPath":{"path":"/0","propertyPath":"DESCRIPTION","modelName":"newConfigModel"},"interaction":{"idSuffix":"inner"}},"wdio_ui5_key":"etmportal.ui.manageclassifications.view.Createsap.m.Input{\"path\":\"/0\",\"propertyPath\":\"DESCRIPTION\",\"modelName\":\"newConfigModel\"}"}]}
RESULT: {"script":"<script> [1562 bytes]","args":[{"selector":{"controlType":"sap.m.Input","viewName":"etm.portal.ui.manageclassifications.view.Create","viewId":"application-manageclassifications-display-component---classificationCreate","bindingPath":{"path":"/0","propertyPath":"DESCRIPTION","modelName":"newConfigModel"},"interaction":{"idSuffix":"inner"}},"wdio_ui5_key":"etmportal.ui.manageclassifications.view.Createsap.m.Input{\"path\":\"/0\",\"propertyPath\":\"DESCRIPTION\",\"modelName\":\"newConfigModel\"}"}]}
RESULT: undefined
COMMAND: POST /session/986c8c948b22d3df52d278b912c043dd/execute/async - {"script":"<script> [776 bytes]","args":[{"enterText":"yard1","selector":{"controlType":"sap.m.Input","viewName":"etm.portal.ui.manageclassifications.view.Create","viewId":"application-manageclassifications-display-component---classificationCreate","bindingPath":{"path":"/0","propertyPath":"DESCRIPTION","modelName":"newConfigModel"},"interaction":{"idSuffix":"inner"}},"clearTextFirst":true,"interactionType":"ENTER_TEXT"}]}
RESULT: {"script":"<script> [776 bytes]","args":[{"enterText":"yard1","selector":{"controlType":"sap.m.Input","viewName":"etm.portal.ui.manageclassifications.view.Create","viewId":"application-manageclassifications-display-component---classificationCreate","bindingPath":{"path":"/0","propertyPath":"DESCRIPTION","modelName":"newConfigModel"},"interaction":{"idSuffix":"inner"}},"clearTextFirst":true,"interactionType":"ENTER_TEXT"}]}
COMMAND: POST /session/986c8c948b22d3df52d278b912c043dd/execute/async - {"script":"<script> [1562 bytes]","args":[{"selector":{"controlType":"sap.ui.core.Icon","viewName":"etm.portal.ui.manageclassifications.view.Create","viewId":"application-manageclassifications-display-component---classificationCreate","properties":{"src":{"regex":{"source":"slim\\-arrow\\-down"}}},"ancestor":{"controlType":"sap.m.ComboBox","viewName":"etm.portal.ui.manageclassifications.view.Create","viewId":"application-manageclassifications-display-component---classificationCreate","bindingPath":{"path":"/0","propertyPath":"VALUE_TYPE","modelName":"newConfigModel"}}},"wdio_ui5_key":"etmportal.ui.manageclassifications.view.Createsap.ui.core.Icon{\"src\":{\"regex\":{\"source\":\"slim\\\\-arrow\\\\-down\"}}}{\"controlType\":\"sap.m.ComboBox\",\"viewName\":\"etm.portal.ui.manageclassifications.view.Create\",\"viewId\":\"application-manageclassifications-display-component---classificationCreate\",\"bindingPath\":{\"path\":\"/0\",\"propertyPath\":\"VALUE_TYPE\",\"modelName\":\"newConfigModel\"}}"}]}
RESULT: {"script":"<script> [1562 bytes]","args":[{"selector":{"controlType":"sap.ui.core.Icon","viewName":"etm.portal.ui.manageclassifications.view.Create","viewId":"application-manageclassifications-display-component---classificationCreate","properties":{"src":{"regex":{"source":"slim\\-arrow\\-down"}}},"ancestor":{"controlType":"sap.m.ComboBox","viewName":"etm.portal.ui.manageclassifications.view.Create","viewId":"application-manageclassifications-display-component---classificationCreate","bindingPath":{"path":"/0","propertyPath":"VALUE_TYPE","modelName":"newConfigModel"}}},"wdio_ui5_key":"etmportal.ui.manageclassifications.view.Createsap.ui.core.Icon{\"src\":{\"regex\":{\"source\":\"slim\\\\-arrow\\\\-down\"}}}{\"controlType\":\"sap.m.ComboBox\",\"viewName\":\"etm.portal.ui.manageclassifications.view.Create\",\"viewId\":\"application-manageclassifications-display-component---classificationCreate\",\"bindingPath\":{\"path\":\"/0\",\"propertyPath\":\"VALUE_TYPE\",\"modelName\":\"newConfigModel\"}}"}]}
RESULT: undefined
COMMAND: POST /session/986c8c948b22d3df52d278b912c043dd/element - {"using":"xpath","value":"//*[@id=\"__box49-application-manageclassifications-display-component---classificationCreate--configurationList-0-arrow\"]"}
RESULT: {"using":"xpath","value":"//*[@id=\"__box49-application-manageclassifications-display-component---classificationCreate--configurationList-0-arrow\"]"}
COMMAND: POST /session/986c8c948b22d3df52d278b912c043dd/element/f.092109B35A6735C4F983D4E1F3C5CB5B.d.935924062C2CB3C0F5F2AEA4BC251C79.e.969/click - {}
RESULT: {}
COMMAND: POST /session/986c8c948b22d3df52d278b912c043dd/execute/async - {"script":"<script> [1562 bytes]","args":[{"selector":{"controlType":"sap.m.StandardListItem","viewName":"etm.portal.ui.manageclassifications.view.Create","viewId":"application-manageclassifications-display-component---classificationCreate","properties":{"title":"Boolean"},"searchOpenDialogs":true,"interaction":{"idSuffix":"content"}},"wdio_ui5_key":"etmportal.ui.manageclassifications.view.Createsap.m.StandardListItem{\"title\":\"Boolean\"}"}]}
COMMAND: GET /session/986c8c948b22d3df52d278b912c043dd/screenshot - {}
RESULT: {"script":"<script> [1562 bytes]","args":[{"selector":{"controlType":"sap.m.StandardListItem","viewName":"etm.portal.ui.manageclassifications.view.Create","viewId":"application-manageclassifications-display-component---classificationCreate","properties":{"title":"Boolean"},"searchOpenDialogs":true,"interaction":{"idSuffix":"content"}},"wdio_ui5_key":"etmportal.ui.manageclassifications.view.Createsap.m.StandardListItem{\"title\":\"Boolean\"}"}]}
RESULT: undefined
COMMAND: POST /session/986c8c948b22d3df52d278b912c043dd/element - {"using":"xpath","value":"//*[@id=\"__item307\"]"}
RESULT: {}
RESULT: {"using":"xpath","value":"//*[@id=\"__item307\"]"}
COMMAND: POST /session/986c8c948b22d3df52d278b912c043dd/element/f.092109B35A6735C4F983D4E1F3C5CB5B.d.935924062C2CB3C0F5F2AEA4BC251C79.e.971/click - {}
RESULT: {}
COMMAND: POST /session/986c8c948b22d3df52d278b912c043dd/element - {"using":"xpath","value":"//input[contains(@id ,\"application-manageclassifications-display-component---classificationCreate--classHeaderName-inner\")]"}
COMMAND: GET /session/986c8c948b22d3df52d278b912c043dd/screenshot - {}
RESULT: {"using":"xpath","value":"//input[contains(@id ,\"application-manageclassifications-display-component---classificationCreate--classHeaderName-inner\")]"}
COMMAND: GET /session/986c8c948b22d3df52d278b912c043dd/element/f.092109B35A6735C4F983D4E1F3C5CB5B.d.935924062C2CB3C0F5F2AEA4BC251C79.e.872/property/value - {}
RESULT: {}
RESULT: {}
COMMAND: GET /session/986c8c948b22d3df52d278b912c043dd/screenshot - {}
RESULT: {}
COMMAND: POST /session/986c8c948b22d3df52d278b912c043dd/element - {"using":"xpath","value":"//button[@title=\"Save\"]"}
RESULT: {"using":"xpath","value":"//button[@title=\"Save\"]"}
COMMAND: POST /session/986c8c948b22d3df52d278b912c043dd/element/f.092109B35A6735C4F983D4E1F3C5CB5B.d.935924062C2CB3C0F5F2AEA4BC251C79.e.932/click - {}
RESULT: {}
COMMAND: GET /session/986c8c948b22d3df52d278b912c043dd/screenshot - {}
RESULT: {}
COMMAND: POST /session/986c8c948b22d3df52d278b912c043dd/execute/async - {"script":"<script> [1562 bytes]","args":[{"selector":{"id":"application-manageclassifications-display-component---classificationMaster--smartFilterBar-btnBasicSearch","interaction":{"idSuffix":"I"}},"wdio_ui5_key":"applicationmanageclassifications-display-component---classificationMaster--smartFilterBar-btnBasicSearch"}]}
RESULT: {"script":"<script> [1562 bytes]","args":[{"selector":{"id":"application-manageclassifications-display-component---classificationMaster--smartFilterBar-btnBasicSearch","interaction":{"idSuffix":"I"}},"wdio_ui5_key":"applicationmanageclassifications-display-component---classificationMaster--smartFilterBar-btnBasicSearch"}]}
RESULT: undefined
COMMAND: POST /session/986c8c948b22d3df52d278b912c043dd/execute/async - {"script":"<script> [776 bytes]","args":[{"enterText":"WebdriverYardClassww39m","selector":{"id":"application-manageclassifications-display-component---classificationMaster--smartFilterBar-btnBasicSearch","interaction":{"idSuffix":"I"}},"clearTextFirst":true,"interactionType":"ENTER_TEXT"}]}
RESULT: {"script":"<script> [776 bytes]","args":[{"enterText":"WebdriverYardClassww39m","selector":{"id":"application-manageclassifications-display-component---classificationMaster--smartFilterBar-btnBasicSearch","interaction":{"idSuffix":"I"}},"clearTextFirst":true,"interactionType":"ENTER_TEXT"}]}
COMMAND: POST /session/986c8c948b22d3df52d278b912c043dd/actions - {"actions":[{"id":"action3","type":"key","parameters":{},"actions":[{"type":"keyDown","value":"î€‡"},{"type":"pause","duration":10},{"type":"keyUp","value":"î€‡"}]}]}
RESULT: {"actions":[{"id":"action3","type":"key","parameters":{},"actions":[{"type":"keyDown","value":"î€‡"},{"type":"pause","duration":10},{"type":"keyUp","value":"î€‡"}]}]}
COMMAND: POST /session/986c8c948b22d3df52d278b912c043dd/execute/async - {"script":"<script> [1562 bytes]","args":[{"selector":{"id":"application-manageclassifications-display-component---classificationMaster--smartTable-header"},"wdio_ui5_key":"applicationmanageclassifications-display-component---classificationMaster--smartTable-header"}]}
COMMAND: GET /session/986c8c948b22d3df52d278b912c043dd/screenshot - {}
RESULT: {"script":"<script> [1562 bytes]","args":[{"selector":{"id":"application-manageclassifications-display-component---classificationMaster--smartTable-header"},"wdio_ui5_key":"applicationmanageclassifications-display-component---classificationMaster--smartTable-header"}]}
RESULT: undefined
COMMAND: POST /session/986c8c948b22d3df52d278b912c043dd/execute/async - {"script":"<script> [6424 bytes]","args":[{"element-6066-11e4-a52e-4f735466cecf":"f.092109B35A6735C4F983D4E1F3C5CB5B.d.935924062C2CB3C0F5F2AEA4BC251C79.e.1163"},"getText",[]]}
RESULT: {}
RESULT: {"script":"<script> [6424 bytes]","args":[{"element-6066-11e4-a52e-4f735466cecf":"f.092109B35A6735C4F983D4E1F3C5CB5B.d.935924062C2CB3C0F5F2AEA4BC251C79.e.1163"},"getText",[]]}
COMMAND: POST /session/986c8c948b22d3df52d278b912c043dd/element - {"using":"css selector","value":"#shell-header-logo"}
RESULT: {"using":"css selector","value":"#shell-header-logo"}
COMMAND: POST /session/986c8c948b22d3df52d278b912c043dd/element/f.092109B35A6735C4F983D4E1F3C5CB5B.d.935924062C2CB3C0F5F2AEA4BC251C79.e.567/click - {}
RESULT: {}
COMMAND: GET /session/986c8c948b22d3df52d278b912c043dd/screenshot - {}
RESULT: {}
]]></system-out>
    </testcase>
    <testcase classname="chrome.136_0_7103_93.windows.Manage_catalogs_-_yard_assignment_classification_US138930" name="Should add the yard classification to a catalog item" time="118.619">
      <system-out><![CDATA[
RESULT: undefined
COMMAND: POST /session/986c8c948b22d3df52d278b912c043dd/element - {"using":"xpath","value":"//*[@id=\"__tile37\"]"}
RESULT: {"using":"xpath","value":"//*[@id=\"__tile37\"]"}
COMMAND: POST /session/986c8c948b22d3df52d278b912c043dd/element/f.092109B35A6735C4F983D4E1F3C5CB5B.d.935924062C2CB3C0F5F2AEA4BC251C79.e.129/click - {}
RESULT: {}
COMMAND: GET /session/986c8c948b22d3df52d278b912c043dd/screenshot - {}
RESULT: {}
COMMAND: POST /session/986c8c948b22d3df52d278b912c043dd/elements - {"using":"xpath","value":"//span[text()='Error']"}
RESULT: {"using":"xpath","value":"//span[text()='Error']"}
COMMAND: POST /session/986c8c948b22d3df52d278b912c043dd/refresh - {}
RESULT: {}
COMMAND: GET /session/986c8c948b22d3df52d278b912c043dd/screenshot - {}
RESULT: {}
COMMAND: POST /session/986c8c948b22d3df52d278b912c043dd/execute/async - {"script":"<script> [189 bytes]","args":[]}
RESULT: {"script":"<script> [189 bytes]","args":[]}
COMMAND: POST /session/986c8c948b22d3df52d278b912c043dd/execute/async - {"script":"<script> [123 bytes]","args":[]}
RESULT: {"script":"<script> [123 bytes]","args":[]}
COMMAND: POST /session/986c8c948b22d3df52d278b912c043dd/timeouts - {"script":"<number>"}
RESULT: {"script":"<number>"}
COMMAND: GET /session/986c8c948b22d3df52d278b912c043dd/timeouts - {}
RESULT: {}
RESULT: undefined
COMMAND: POST /session/986c8c948b22d3df52d278b912c043dd/execute/async - {"script":"<script> [2676 bytes]","args":[]}
RESULT: {"script":"<script> [2676 bytes]","args":[]}
COMMAND: POST /session/986c8c948b22d3df52d278b912c043dd/execute/async - {"script":"<script> [2342 bytes]","args":[{"protocol":"http","hostname":"0.0.0.0","path":"/","capabilities":{"browserName":"chrome","goog:chromeOptions":{"binary":"C:\\Program Files\\Google\\Chrome\\Application\\chrome.exe","args":["--start-maximized"]}},"logLevel":"warn","connectionRetryTimeout":120000,"connectionRetryCount":3,"logLevels":{},"enableDirectConnect":true,"strictSSL":true,"_":"65 more keys: [\"cacheDir\",\"port\",\"requestedCapabilities\",\"automationProtocol\",\"baseUrl\",\"waitforInterval\",\"waitforTimeout\",\"onReload\",\"beforeCommand\",\"afterCommand\",\"rootDir\",\"specs\",\"suites\",\"exclude\",\"groupLogsByTestSpec\",\"excludeDriverLogs\",\"bail\",\"framework\",\"reporters\",\"services\",\"maxInstances\",\"maxInstancesPerCapability\",\"injectGlobals\",\"filesToWatch\",\"execArgv\",\"runnerEnv\",\"runner\",\"shard\",\"specFileRetries\",\"specFileRetriesDelay\",\"specFileRetriesDeferred\",\"reporterSyncInterval\",\"reporterSyncTimeout\",\"cucumberFeaturesWithLineNumbers\",\"autoCompileOpts\",\"mochaOpts\",\"jasmineOpts\",\"cucumberOpts\",\"onPrepare\",\"onWorkerStart\",\"onWorkerEnd\",\"before\",\"beforeSession\",\"beforeSuite\",\"beforeHook\",\"beforeTest\",\"afterTest\",\"afterHook\",\"afterSuite\",\"afterSession\",\"after\",\"onComplete\",\"beforeAssertion\",\"afterAssertion\",\"beforeFeature\",\"beforeScenario\",\"beforeStep\",\"afterStep\",\"afterScenario\",\"afterFeature\",\"_\",\"suite\",\"$0\",\"ignoredWorkerServices\",\"wdi5\"]"}]}
RESULT: {"script":"<script> [2342 bytes]","args":[{"protocol":"http","hostname":"0.0.0.0","path":"/","capabilities":{"browserName":"chrome","goog:chromeOptions":{"binary":"C:\\Program Files\\Google\\Chrome\\Application\\chrome.exe","args":["--start-maximized"]}},"logLevel":"warn","connectionRetryTimeout":120000,"connectionRetryCount":3,"logLevels":{},"enableDirectConnect":true,"strictSSL":true,"_":"65 more keys: [\"cacheDir\",\"port\",\"requestedCapabilities\",\"automationProtocol\",\"baseUrl\",\"waitforInterval\",\"waitforTimeout\",\"onReload\",\"beforeCommand\",\"afterCommand\",\"rootDir\",\"specs\",\"suites\",\"exclude\",\"groupLogsByTestSpec\",\"excludeDriverLogs\",\"bail\",\"framework\",\"reporters\",\"services\",\"maxInstances\",\"maxInstancesPerCapability\",\"injectGlobals\",\"filesToWatch\",\"execArgv\",\"runnerEnv\",\"runner\",\"shard\",\"specFileRetries\",\"specFileRetriesDelay\",\"specFileRetriesDeferred\",\"reporterSyncInterval\",\"reporterSyncTimeout\",\"cucumberFeaturesWithLineNumbers\",\"autoCompileOpts\",\"mochaOpts\",\"jasmineOpts\",\"cucumberOpts\",\"onPrepare\",\"onWorkerStart\",\"onWorkerEnd\",\"before\",\"beforeSession\",\"beforeSuite\",\"beforeHook\",\"beforeTest\",\"afterTest\",\"afterHook\",\"afterSuite\",\"afterSession\",\"after\",\"onComplete\",\"beforeAssertion\",\"afterAssertion\",\"beforeFeature\",\"beforeScenario\",\"beforeStep\",\"afterStep\",\"afterScenario\",\"afterFeature\",\"_\",\"suite\",\"$0\",\"ignoredWorkerServices\",\"wdi5\"]"}]}
COMMAND: POST /session/986c8c948b22d3df52d278b912c043dd/execute/async - {"script":"<script> [21126 bytes]","args":[35000]}
RESULT: {"script":"<script> [21126 bytes]","args":[35000]}
COMMAND: POST /session/986c8c948b22d3df52d278b912c043dd/element - {"using":"xpath","value":"//span[contains(text(), \"Webshop Catalog\")][contains(@id ,\"masterCatalogs\")]"}
RESULT: {"using":"xpath","value":"//span[contains(text(), \"Webshop Catalog\")][contains(@id ,\"masterCatalogs\")]"}
COMMAND: POST /session/986c8c948b22d3df52d278b912c043dd/element/f.092109B35A6735C4F983D4E1F3C5CB5B.d.0B2F3836FBDD995B6E4FB625B6DD4DB3.e.1268/click - {}
RESULT: {}
COMMAND: GET /session/986c8c948b22d3df52d278b912c043dd/screenshot - {}
RESULT: {}
COMMAND: POST /session/986c8c948b22d3df52d278b912c043dd/element - {"using":"xpath","value":"//input[contains(@id ,\"application-managecatalogs-display-component---masterCatalogItems--searchItemsField-I\")]"}
RESULT: {"using":"xpath","value":"//input[contains(@id ,\"application-managecatalogs-display-component---masterCatalogItems--searchItemsField-I\")]"}
COMMAND: POST /session/986c8c948b22d3df52d278b912c043dd/element/f.092109B35A6735C4F983D4E1F3C5CB5B.d.0B2F3836FBDD995B6E4FB625B6DD4DB3.e.1277/value - {"text":"SecondSectionjor9m"}
RESULT: {"text":"SecondSectionjor9m"}
COMMAND: POST /session/986c8c948b22d3df52d278b912c043dd/actions - {"actions":[{"id":"action4","type":"key","parameters":{},"actions":[{"type":"keyDown","value":"î€‡"},{"type":"pause","duration":10},{"type":"keyUp","value":"î€‡"}]}]}
COMMAND: GET /session/986c8c948b22d3df52d278b912c043dd/screenshot - {}
RESULT: {"actions":[{"id":"action4","type":"key","parameters":{},"actions":[{"type":"keyDown","value":"î€‡"},{"type":"pause","duration":10},{"type":"keyUp","value":"î€‡"}]}]}
COMMAND: GET /session/986c8c948b22d3df52d278b912c043dd/screenshot - {}
RESULT: {}
RESULT: {}
COMMAND: POST /session/986c8c948b22d3df52d278b912c043dd/element - {"using":"xpath","value":"(//span[contains(text(), \"SecondSectionjor9m\")])[1]"}
RESULT: {"using":"xpath","value":"(//span[contains(text(), \"SecondSectionjor9m\")])[1]"}
COMMAND: POST /session/986c8c948b22d3df52d278b912c043dd/element/f.092109B35A6735C4F983D4E1F3C5CB5B.d.0B2F3836FBDD995B6E4FB625B6DD4DB3.e.1305/click - {}
RESULT: {}
COMMAND: POST /session/986c8c948b22d3df52d278b912c043dd/execute/async - {"script":"<script> [1562 bytes]","args":[{"selector":{"controlType":"sap.m.Button","viewName":"etm.portal.ui.managecatalogs.view.Detail","viewId":"application-managecatalogs-display-component---detailCatalog","i18NText":{"propertyName":"text","key":"edit"},"interaction":{"idSuffix":"BDI-content"}},"wdio_ui5_key":"etmportal.ui.managecatalogs.view.Detailsap.m.Button{\"propertyName\":\"text\",\"key\":\"edit\"}"}]}
COMMAND: GET /session/986c8c948b22d3df52d278b912c043dd/screenshot - {}
RESULT: {"script":"<script> [1562 bytes]","args":[{"selector":{"controlType":"sap.m.Button","viewName":"etm.portal.ui.managecatalogs.view.Detail","viewId":"application-managecatalogs-display-component---detailCatalog","i18NText":{"propertyName":"text","key":"edit"},"interaction":{"idSuffix":"BDI-content"}},"wdio_ui5_key":"etmportal.ui.managecatalogs.view.Detailsap.m.Button{\"propertyName\":\"text\",\"key\":\"edit\"}"}]}
RESULT: undefined
COMMAND: POST /session/986c8c948b22d3df52d278b912c043dd/element - {"using":"xpath","value":"//*[@id=\"__button33\"]"}
RESULT: {}
RESULT: {"using":"xpath","value":"//*[@id=\"__button33\"]"}
COMMAND: POST /session/986c8c948b22d3df52d278b912c043dd/element/f.092109B35A6735C4F983D4E1F3C5CB5B.d.0B2F3836FBDD995B6E4FB625B6DD4DB3.e.1373/click - {}
RESULT: {}
COMMAND: POST /session/986c8c948b22d3df52d278b912c043dd/execute/async - {"script":"<script> [1562 bytes]","args":[{"selector":{"controlType":"sap.ui.core.Icon","viewName":"etm.portal.ui.managecatalogs.view.Detail","viewId":"application-managecatalogs-display-component---detailCatalog","properties":{"src":{"regex":{"source":"add\\-document"}}}},"wdio_ui5_key":"etmportal.ui.managecatalogs.view.Detailsap.ui.core.Icon{\"src\":{\"regex\":{\"source\":\"add\\\\-document\"}}}"}]}
COMMAND: GET /session/986c8c948b22d3df52d278b912c043dd/screenshot - {}
RESULT: {"script":"<script> [1562 bytes]","args":[{"selector":{"controlType":"sap.ui.core.Icon","viewName":"etm.portal.ui.managecatalogs.view.Detail","viewId":"application-managecatalogs-display-component---detailCatalog","properties":{"src":{"regex":{"source":"add\\-document"}}}},"wdio_ui5_key":"etmportal.ui.managecatalogs.view.Detailsap.ui.core.Icon{\"src\":{\"regex\":{\"source\":\"add\\\\-document\"}}}"}]}
RESULT: undefined
COMMAND: POST /session/986c8c948b22d3df52d278b912c043dd/element - {"using":"xpath","value":"//*[@id=\"__button42-img\"]"}
RESULT: {}
RESULT: {"using":"xpath","value":"//*[@id=\"__button42-img\"]"}
COMMAND: POST /session/986c8c948b22d3df52d278b912c043dd/element/f.092109B35A6735C4F983D4E1F3C5CB5B.d.0B2F3836FBDD995B6E4FB625B6DD4DB3.e.1379/click - {}
RESULT: {}
COMMAND: POST /session/986c8c948b22d3df52d278b912c043dd/execute/async - {"script":"<script> [1562 bytes]","args":[{"selector":{"id":"application-managecatalogs-display-component---detailCatalog--newItemNumberInput","searchOpenDialogs":true,"interaction":{"idSuffix":"inner"}},"wdio_ui5_key":"applicationmanagecatalogs-display-component---detailCatalog--newItemNumberInput"}]}
COMMAND: GET /session/986c8c948b22d3df52d278b912c043dd/screenshot - {}
RESULT: {"script":"<script> [1562 bytes]","args":[{"selector":{"id":"application-managecatalogs-display-component---detailCatalog--newItemNumberInput","searchOpenDialogs":true,"interaction":{"idSuffix":"inner"}},"wdio_ui5_key":"applicationmanagecatalogs-display-component---detailCatalog--newItemNumberInput"}]}
RESULT: undefined
COMMAND: POST /session/986c8c948b22d3df52d278b912c043dd/execute/async - {"script":"<script> [776 bytes]","args":[{"enterText":"catalogItemwddxt","selector":{"id":"application-managecatalogs-display-component---detailCatalog--newItemNumberInput","searchOpenDialogs":true,"interaction":{"idSuffix":"inner"}},"clearTextFirst":true,"interactionType":"ENTER_TEXT"}]}
RESULT: {}
RESULT: {"script":"<script> [776 bytes]","args":[{"enterText":"catalogItemwddxt","selector":{"id":"application-managecatalogs-display-component---detailCatalog--newItemNumberInput","searchOpenDialogs":true,"interaction":{"idSuffix":"inner"}},"clearTextFirst":true,"interactionType":"ENTER_TEXT"}]}
COMMAND: POST /session/986c8c948b22d3df52d278b912c043dd/execute/async - {"script":"<script> [1562 bytes]","args":[{"selector":{"controlType":"sap.m.Input","viewName":"etm.portal.ui.managecatalogs.view.Detail","viewId":"application-managecatalogs-display-component---detailCatalog","bindingPath":{"path":"","propertyPath":"/DESCRIPTION"},"searchOpenDialogs":true,"interaction":{"idSuffix":"inner"}},"wdio_ui5_key":"etmportal.ui.managecatalogs.view.Detailsap.m.Input{\"path\":\"\",\"propertyPath\":\"/DESCRIPTION\"}"}]}
RESULT: {"script":"<script> [1562 bytes]","args":[{"selector":{"controlType":"sap.m.Input","viewName":"etm.portal.ui.managecatalogs.view.Detail","viewId":"application-managecatalogs-display-component---detailCatalog","bindingPath":{"path":"","propertyPath":"/DESCRIPTION"},"searchOpenDialogs":true,"interaction":{"idSuffix":"inner"}},"wdio_ui5_key":"etmportal.ui.managecatalogs.view.Detailsap.m.Input{\"path\":\"\",\"propertyPath\":\"/DESCRIPTION\"}"}]}
RESULT: undefined
COMMAND: POST /session/986c8c948b22d3df52d278b912c043dd/execute/async - {"script":"<script> [776 bytes]","args":[{"enterText":"catalogItemName4kcdf","selector":{"controlType":"sap.m.Input","viewName":"etm.portal.ui.managecatalogs.view.Detail","viewId":"application-managecatalogs-display-component---detailCatalog","bindingPath":{"path":"","propertyPath":"/DESCRIPTION"},"searchOpenDialogs":true,"interaction":{"idSuffix":"inner"}},"clearTextFirst":true,"interactionType":"ENTER_TEXT"}]}
RESULT: {"script":"<script> [776 bytes]","args":[{"enterText":"catalogItemName4kcdf","selector":{"controlType":"sap.m.Input","viewName":"etm.portal.ui.managecatalogs.view.Detail","viewId":"application-managecatalogs-display-component---detailCatalog","bindingPath":{"path":"","propertyPath":"/DESCRIPTION"},"searchOpenDialogs":true,"interaction":{"idSuffix":"inner"}},"clearTextFirst":true,"interactionType":"ENTER_TEXT"}]}
COMMAND: POST /session/986c8c948b22d3df52d278b912c043dd/execute/async - {"script":"<script> [1562 bytes]","args":[{"selector":{"controlType":"sap.m.Button","viewName":"etm.portal.ui.managecatalogs.view.Detail","viewId":"application-managecatalogs-display-component---detailCatalog","i18NText":{"propertyName":"text","key":"create"},"searchOpenDialogs":true,"interaction":{"idSuffix":"BDI-content"}},"wdio_ui5_key":"etmportal.ui.managecatalogs.view.Detailsap.m.Button{\"propertyName\":\"text\",\"key\":\"create\"}"}]}
RESULT: {"script":"<script> [1562 bytes]","args":[{"selector":{"controlType":"sap.m.Button","viewName":"etm.portal.ui.managecatalogs.view.Detail","viewId":"application-managecatalogs-display-component---detailCatalog","i18NText":{"propertyName":"text","key":"create"},"searchOpenDialogs":true,"interaction":{"idSuffix":"BDI-content"}},"wdio_ui5_key":"etmportal.ui.managecatalogs.view.Detailsap.m.Button{\"propertyName\":\"text\",\"key\":\"create\"}"}]}
RESULT: undefined
COMMAND: POST /session/986c8c948b22d3df52d278b912c043dd/element - {"using":"xpath","value":"//*[@id=\"__button17\"]"}
RESULT: {"using":"xpath","value":"//*[@id=\"__button17\"]"}
COMMAND: POST /session/986c8c948b22d3df52d278b912c043dd/element/f.092109B35A6735C4F983D4E1F3C5CB5B.d.0B2F3836FBDD995B6E4FB625B6DD4DB3.e.1389/click - {}
RESULT: {}
COMMAND: GET /session/986c8c948b22d3df52d278b912c043dd/screenshot - {}
RESULT: {}
COMMAND: POST /session/986c8c948b22d3df52d278b912c043dd/element - {"using":"xpath","value":"//button[@title=\"Save\"]"}
RESULT: {"using":"xpath","value":"//button[@title=\"Save\"]"}
COMMAND: POST /session/986c8c948b22d3df52d278b912c043dd/element/f.092109B35A6735C4F983D4E1F3C5CB5B.d.0B2F3836FBDD995B6E4FB625B6DD4DB3.e.1390/click - {}
RESULT: {}
COMMAND: GET /session/986c8c948b22d3df52d278b912c043dd/screenshot - {}
RESULT: {}
COMMAND: POST /session/986c8c948b22d3df52d278b912c043dd/execute/async - {"script":"<script> [1562 bytes]","args":[{"selector":{"controlType":"sap.ui.core.Icon","viewName":"etm.portal.ui.managecatalogs.view.Detail","viewId":"application-managecatalogs-display-component---detailCatalog","properties":{"src":{"regex":{"source":"decline"}}}},"wdio_ui5_key":"etmportal.ui.managecatalogs.view.Detailsap.ui.core.Icon{\"src\":{\"regex\":{\"source\":\"decline\"}}}"}]}
RESULT: {"script":"<script> [1562 bytes]","args":[{"selector":{"controlType":"sap.ui.core.Icon","viewName":"etm.portal.ui.managecatalogs.view.Detail","viewId":"application-managecatalogs-display-component---detailCatalog","properties":{"src":{"regex":{"source":"decline"}}}},"wdio_ui5_key":"etmportal.ui.managecatalogs.view.Detailsap.ui.core.Icon{\"src\":{\"regex\":{\"source\":\"decline\"}}}"}]}
RESULT: undefined
COMMAND: POST /session/986c8c948b22d3df52d278b912c043dd/element - {"using":"xpath","value":"//*[@id=\"__button36-img\"]"}
RESULT: {"using":"xpath","value":"//*[@id=\"__button36-img\"]"}
COMMAND: POST /session/986c8c948b22d3df52d278b912c043dd/element/f.092109B35A6735C4F983D4E1F3C5CB5B.d.0B2F3836FBDD995B6E4FB625B6DD4DB3.e.1397/click - {}
RESULT: {}
COMMAND: GET /session/986c8c948b22d3df52d278b912c043dd/screenshot - {}
RESULT: {}
COMMAND: POST /session/986c8c948b22d3df52d278b912c043dd/execute/async - {"script":"<script> [1562 bytes]","args":[{"selector":{"controlType":"sap.ui.core.Icon","viewName":"etm.portal.ui.managecatalogs.view.MasterItems","viewId":"application-managecatalogs-display-component---masterCatalogItems","properties":{"src":{"regex":{"source":"refresh"}}}},"wdio_ui5_key":"etmportal.ui.managecatalogs.view.MasterItemssap.ui.core.Icon{\"src\":{\"regex\":{\"source\":\"refresh\"}}}"}]}
RESULT: {"script":"<script> [1562 bytes]","args":[{"selector":{"controlType":"sap.ui.core.Icon","viewName":"etm.portal.ui.managecatalogs.view.MasterItems","viewId":"application-managecatalogs-display-component---masterCatalogItems","properties":{"src":{"regex":{"source":"refresh"}}}},"wdio_ui5_key":"etmportal.ui.managecatalogs.view.MasterItemssap.ui.core.Icon{\"src\":{\"regex\":{\"source\":\"refresh\"}}}"}]}
RESULT: undefined
COMMAND: POST /session/986c8c948b22d3df52d278b912c043dd/element - {"using":"xpath","value":"//*[@id=\"__button9-img\"]"}
RESULT: {"using":"xpath","value":"//*[@id=\"__button9-img\"]"}
COMMAND: POST /session/986c8c948b22d3df52d278b912c043dd/element/f.092109B35A6735C4F983D4E1F3C5CB5B.d.0B2F3836FBDD995B6E4FB625B6DD4DB3.e.1430/click - {}
RESULT: {}
COMMAND: GET /session/986c8c948b22d3df52d278b912c043dd/screenshot - {}
RESULT: {}
COMMAND: POST /session/986c8c948b22d3df52d278b912c043dd/execute/async - {"script":"<script> [1562 bytes]","args":[{"selector":{"id":"application-managecatalogs-display-component---masterCatalogItems--searchItemsField","interaction":{"idSuffix":"I"}},"wdio_ui5_key":"applicationmanagecatalogs-display-component---masterCatalogItems--searchItemsField"}]}
RESULT: {"script":"<script> [1562 bytes]","args":[{"selector":{"id":"application-managecatalogs-display-component---masterCatalogItems--searchItemsField","interaction":{"idSuffix":"I"}},"wdio_ui5_key":"applicationmanagecatalogs-display-component---masterCatalogItems--searchItemsField"}]}
RESULT: undefined
COMMAND: POST /session/986c8c948b22d3df52d278b912c043dd/execute/async - {"script":"<script> [776 bytes]","args":[{"enterText":"catalogItemName4kcdf","selector":{"id":"application-managecatalogs-display-component---masterCatalogItems--searchItemsField","interaction":{"idSuffix":"I"}},"clearTextFirst":true,"interactionType":"ENTER_TEXT"}]}
RESULT: {"script":"<script> [776 bytes]","args":[{"enterText":"catalogItemName4kcdf","selector":{"id":"application-managecatalogs-display-component---masterCatalogItems--searchItemsField","interaction":{"idSuffix":"I"}},"clearTextFirst":true,"interactionType":"ENTER_TEXT"}]}
COMMAND: POST /session/986c8c948b22d3df52d278b912c043dd/actions - {"actions":[{"id":"action5","type":"key","parameters":{},"actions":[{"type":"keyDown","value":"î€‡"},{"type":"pause","duration":10},{"type":"keyUp","value":"î€‡"}]}]}
RESULT: {"actions":[{"id":"action5","type":"key","parameters":{},"actions":[{"type":"keyDown","value":"î€‡"},{"type":"pause","duration":10},{"type":"keyUp","value":"î€‡"}]}]}
COMMAND: POST /session/986c8c948b22d3df52d278b912c043dd/element - {"using":"xpath","value":"(//span[contains(text(), \"catalogItemName4kcdf\")])[1]"}
COMMAND: GET /session/986c8c948b22d3df52d278b912c043dd/screenshot - {}
RESULT: {"using":"xpath","value":"(//span[contains(text(), \"catalogItemName4kcdf\")])[1]"}
COMMAND: POST /session/986c8c948b22d3df52d278b912c043dd/element/f.092109B35A6735C4F983D4E1F3C5CB5B.d.0B2F3836FBDD995B6E4FB625B6DD4DB3.e.1437/click - {}
RESULT: {}
RESULT: {}
COMMAND: GET /session/986c8c948b22d3df52d278b912c043dd/screenshot - {}
RESULT: {}
COMMAND: POST /session/986c8c948b22d3df52d278b912c043dd/element - {"using":"xpath","value":"//span[contains(text(), \"catalogItemwddxt\")]"}
RESULT: {"using":"xpath","value":"//span[contains(text(), \"catalogItemwddxt\")]"}
COMMAND: GET /session/986c8c948b22d3df52d278b912c043dd/element/f.092109B35A6735C4F983D4E1F3C5CB5B.d.0B2F3836FBDD995B6E4FB625B6DD4DB3.e.1500/text - {}
RESULT: {}
RESULT: undefined
COMMAND: POST /session/986c8c948b22d3df52d278b912c043dd/element - {"using":"xpath","value":"//*[@id=\"__button33\"]"}
RESULT: {"using":"xpath","value":"//*[@id=\"__button33\"]"}
COMMAND: POST /session/986c8c948b22d3df52d278b912c043dd/element/f.092109B35A6735C4F983D4E1F3C5CB5B.d.0B2F3836FBDD995B6E4FB625B6DD4DB3.e.1501/click - {}
RESULT: {}
COMMAND: GET /session/986c8c948b22d3df52d278b912c043dd/screenshot - {}
RESULT: {}
COMMAND: POST /session/986c8c948b22d3df52d278b912c043dd/execute/async - {"script":"<script> [1562 bytes]","args":[{"selector":{"id":"application-managecatalogs-display-component---detailCatalog--BASE_UNIT_OF_MEASURE-arrow"},"wdio_ui5_key":"applicationmanagecatalogs-display-component---detailCatalog--BASE_UNIT_OF_MEASURE-arrow"}]}
RESULT: {"script":"<script> [1562 bytes]","args":[{"selector":{"id":"application-managecatalogs-display-component---detailCatalog--BASE_UNIT_OF_MEASURE-arrow"},"wdio_ui5_key":"applicationmanagecatalogs-display-component---detailCatalog--BASE_UNIT_OF_MEASURE-arrow"}]}
RESULT: undefined
COMMAND: POST /session/986c8c948b22d3df52d278b912c043dd/element - {"using":"xpath","value":"//*[@id=\"application-managecatalogs-display-component---detailCatalog--BASE_UNIT_OF_MEASURE-arrow\"]"}
RESULT: {"using":"xpath","value":"//*[@id=\"application-managecatalogs-display-component---detailCatalog--BASE_UNIT_OF_MEASURE-arrow\"]"}
COMMAND: POST /session/986c8c948b22d3df52d278b912c043dd/element/f.092109B35A6735C4F983D4E1F3C5CB5B.d.0B2F3836FBDD995B6E4FB625B6DD4DB3.e.1531/click - {}
RESULT: {}
COMMAND: GET /session/986c8c948b22d3df52d278b912c043dd/screenshot - {}
RESULT: {}
COMMAND: POST /session/986c8c948b22d3df52d278b912c043dd/execute/async - {"script":"<script> [1562 bytes]","args":[{"selector":{"controlType":"sap.m.StandardListItem","viewName":"etm.portal.ui.managecatalogs.view.Detail","viewId":"application-managecatalogs-display-component---detailCatalog","properties":{"title":"Piece"},"searchOpenDialogs":true,"interaction":{"idSuffix":"titleText"}},"wdio_ui5_key":"etmportal.ui.managecatalogs.view.Detailsap.m.StandardListItem{\"title\":\"Piece\"}"}]}
RESULT: {"script":"<script> [1562 bytes]","args":[{"selector":{"controlType":"sap.m.StandardListItem","viewName":"etm.portal.ui.managecatalogs.view.Detail","viewId":"application-managecatalogs-display-component---detailCatalog","properties":{"title":"Piece"},"searchOpenDialogs":true,"interaction":{"idSuffix":"titleText"}},"wdio_ui5_key":"etmportal.ui.managecatalogs.view.Detailsap.m.StandardListItem{\"title\":\"Piece\"}"}]}
RESULT: undefined
COMMAND: POST /session/986c8c948b22d3df52d278b912c043dd/element - {"using":"xpath","value":"//*[@id=\"__item231\"]"}
RESULT: {"using":"xpath","value":"//*[@id=\"__item231\"]"}
COMMAND: POST /session/986c8c948b22d3df52d278b912c043dd/element/f.092109B35A6735C4F983D4E1F3C5CB5B.d.0B2F3836FBDD995B6E4FB625B6DD4DB3.e.1533/click - {}
RESULT: {}
COMMAND: POST /session/986c8c948b22d3df52d278b912c043dd/execute/async - {"script":"<script> [1562 bytes]","args":[{"selector":{"controlType":"sap.ui.core.Icon","viewName":"etm.portal.ui.managecatalogs.view.Detail","viewId":"application-managecatalogs-display-component---detailCatalog","properties":{"src":{"regex":{"source":"add"}}},"ancestor":{"controlType":"sap.m.Button","viewName":"etm.portal.ui.managecatalogs.view.Detail","viewId":"application-managecatalogs-display-component---detailCatalog","i18NText":{"propertyName":"tooltip","key":"addClass"}}},"wdio_ui5_key":"etmportal.ui.managecatalogs.view.Detailsap.ui.core.Icon{\"src\":{\"regex\":{\"source\":\"add\"}}}{\"controlType\":\"sap.m.Button\",\"viewName\":\"etm.portal.ui.managecatalogs.view.Detail\",\"viewId\":\"application-managecatalogs-display-component---detailCatalog\",\"i18NText\":{\"propertyName\":\"tooltip\",\"key\":\"addClass\"}}"}]}
COMMAND: GET /session/986c8c948b22d3df52d278b912c043dd/screenshot - {}
RESULT: {"script":"<script> [1562 bytes]","args":[{"selector":{"controlType":"sap.ui.core.Icon","viewName":"etm.portal.ui.managecatalogs.view.Detail","viewId":"application-managecatalogs-display-component---detailCatalog","properties":{"src":{"regex":{"source":"add"}}},"ancestor":{"controlType":"sap.m.Button","viewName":"etm.portal.ui.managecatalogs.view.Detail","viewId":"application-managecatalogs-display-component---detailCatalog","i18NText":{"propertyName":"tooltip","key":"addClass"}}},"wdio_ui5_key":"etmportal.ui.managecatalogs.view.Detailsap.ui.core.Icon{\"src\":{\"regex\":{\"source\":\"add\"}}}{\"controlType\":\"sap.m.Button\",\"viewName\":\"etm.portal.ui.managecatalogs.view.Detail\",\"viewId\":\"application-managecatalogs-display-component---detailCatalog\",\"i18NText\":{\"propertyName\":\"tooltip\",\"key\":\"addClass\"}}"}]}
RESULT: undefined
COMMAND: POST /session/986c8c948b22d3df52d278b912c043dd/element - {"using":"xpath","value":"//*[@id=\"__button39-img\"]"}
RESULT: {}
RESULT: {"using":"xpath","value":"//*[@id=\"__button39-img\"]"}
COMMAND: POST /session/986c8c948b22d3df52d278b912c043dd/element/f.092109B35A6735C4F983D4E1F3C5CB5B.d.0B2F3836FBDD995B6E4FB625B6DD4DB3.e.1534/click - {}
RESULT: {}
COMMAND: GET /session/986c8c948b22d3df52d278b912c043dd/screenshot - {}
RESULT: {}
COMMAND: POST /session/986c8c948b22d3df52d278b912c043dd/element - {"using":"xpath","value":"//input[contains(@id ,\"searchField-I\")]"}
RESULT: {"using":"xpath","value":"//input[contains(@id ,\"searchField-I\")]"}
COMMAND: POST /session/986c8c948b22d3df52d278b912c043dd/element/f.092109B35A6735C4F983D4E1F3C5CB5B.d.0B2F3836FBDD995B6E4FB625B6DD4DB3.e.1538/value - {"text":"WebdriverYardClassww39m"}
RESULT: {"text":"WebdriverYardClassww39m"}
COMMAND: POST /session/986c8c948b22d3df52d278b912c043dd/actions - {"actions":[{"id":"action6","type":"key","parameters":{},"actions":[{"type":"keyDown","value":"î€‡"},{"type":"pause","duration":10},{"type":"keyUp","value":"î€‡"}]}]}
COMMAND: GET /session/986c8c948b22d3df52d278b912c043dd/screenshot - {}
RESULT: {"actions":[{"id":"action6","type":"key","parameters":{},"actions":[{"type":"keyDown","value":"î€‡"},{"type":"pause","duration":10},{"type":"keyUp","value":"î€‡"}]}]}
COMMAND: GET /session/986c8c948b22d3df52d278b912c043dd/screenshot - {}
RESULT: {}
RESULT: {}
COMMAND: POST /session/986c8c948b22d3df52d278b912c043dd/element - {"using":"xpath","value":"//span[contains(text(), \"WebdriverYardClassww39m\")]"}
RESULT: {"using":"xpath","value":"//span[contains(text(), \"WebdriverYardClassww39m\")]"}
COMMAND: POST /session/986c8c948b22d3df52d278b912c043dd/element/f.092109B35A6735C4F983D4E1F3C5CB5B.d.0B2F3836FBDD995B6E4FB625B6DD4DB3.e.1552/click - {}
RESULT: {}
COMMAND: GET /session/986c8c948b22d3df52d278b912c043dd/screenshot - {}
RESULT: {}
COMMAND: POST /session/986c8c948b22d3df52d278b912c043dd/execute/async - {"script":"<script> [1562 bytes]","args":[{"selector":{"controlType":"sap.m.Button","viewName":"etm.portal.ui.managecatalogs.view.Detail","viewId":"application-managecatalogs-display-component---detailCatalog","properties":{"text":"Classification"},"interaction":{"idSuffix":"BDI-content"}},"wdio_ui5_key":"etmportal.ui.managecatalogs.view.Detailsap.m.Button{\"text\":\"Classification\"}"}]}
RESULT: {"script":"<script> [1562 bytes]","args":[{"selector":{"controlType":"sap.m.Button","viewName":"etm.portal.ui.managecatalogs.view.Detail","viewId":"application-managecatalogs-display-component---detailCatalog","properties":{"text":"Classification"},"interaction":{"idSuffix":"BDI-content"}},"wdio_ui5_key":"etmportal.ui.managecatalogs.view.Detailsap.m.Button{\"text\":\"Classification\"}"}]}
RESULT: undefined
COMMAND: POST /session/986c8c948b22d3df52d278b912c043dd/element - {"using":"xpath","value":"//*[@id=\"application-managecatalogs-display-component---detailCatalog--ObjectPageLayout-anchBar-__section3-anchor\"]"}
RESULT: {"using":"xpath","value":"//*[@id=\"application-managecatalogs-display-component---detailCatalog--ObjectPageLayout-anchBar-__section3-anchor\"]"}
COMMAND: POST /session/986c8c948b22d3df52d278b912c043dd/element/f.092109B35A6735C4F983D4E1F3C5CB5B.d.0B2F3836FBDD995B6E4FB625B6DD4DB3.e.1557/click - {}
RESULT: {}
COMMAND: GET /session/986c8c948b22d3df52d278b912c043dd/screenshot - {}
RESULT: {}
COMMAND: POST /session/986c8c948b22d3df52d278b912c043dd/element - {"using":"xpath","value":"//span[contains(@id ,\"expandButton-img\")]"}
RESULT: {"using":"xpath","value":"//span[contains(@id ,\"expandButton-img\")]"}
COMMAND: POST /session/986c8c948b22d3df52d278b912c043dd/element/f.092109B35A6735C4F983D4E1F3C5CB5B.d.0B2F3836FBDD995B6E4FB625B6DD4DB3.e.1563/click - {}
RESULT: {}
COMMAND: POST /session/986c8c948b22d3df52d278b912c043dd/execute/async - {"script":"<script> [1562 bytes]","args":[{"selector":{"controlType":"sap.m.CheckBox","viewName":"etm.portal.ui.managecatalogs.view.Detail","viewId":"application-managecatalogs-display-component---detailCatalog","bindingPath":{"path":"/data/0/PROPERTIES/0","propertyPath":"SELECTED","modelName":"classModel"},"interaction":{"idSuffix":"CbBg"}},"wdio_ui5_key":"etmportal.ui.managecatalogs.view.Detailsap.m.CheckBox{\"path\":\"/data/0/PROPERTIES/0\",\"propertyPath\":\"SELECTED\",\"modelName\":\"classModel\"}"}]}
COMMAND: GET /session/986c8c948b22d3df52d278b912c043dd/screenshot - {}
RESULT: {"script":"<script> [1562 bytes]","args":[{"selector":{"controlType":"sap.m.CheckBox","viewName":"etm.portal.ui.managecatalogs.view.Detail","viewId":"application-managecatalogs-display-component---detailCatalog","bindingPath":{"path":"/data/0/PROPERTIES/0","propertyPath":"SELECTED","modelName":"classModel"},"interaction":{"idSuffix":"CbBg"}},"wdio_ui5_key":"etmportal.ui.managecatalogs.view.Detailsap.m.CheckBox{\"path\":\"/data/0/PROPERTIES/0\",\"propertyPath\":\"SELECTED\",\"modelName\":\"classModel\"}"}]}
RESULT: undefined
COMMAND: POST /session/986c8c948b22d3df52d278b912c043dd/element - {"using":"xpath","value":"//*[@id=\"__box32\"]"}
RESULT: {}
RESULT: {"using":"xpath","value":"//*[@id=\"__box32\"]"}
COMMAND: POST /session/986c8c948b22d3df52d278b912c043dd/element/f.092109B35A6735C4F983D4E1F3C5CB5B.d.0B2F3836FBDD995B6E4FB625B6DD4DB3.e.1578/click - {}
RESULT: {}
RESULT: undefined
COMMAND: POST /session/986c8c948b22d3df52d278b912c043dd/execute/async - {"script":"<script> [6424 bytes]","args":[{"element-6066-11e4-a52e-4f735466cecf":"f.092109B35A6735C4F983D4E1F3C5CB5B.d.0B2F3836FBDD995B6E4FB625B6DD4DB3.e.1576"},"getSelected",[]]}
COMMAND: GET /session/986c8c948b22d3df52d278b912c043dd/screenshot - {}
RESULT: {"script":"<script> [6424 bytes]","args":[{"element-6066-11e4-a52e-4f735466cecf":"f.092109B35A6735C4F983D4E1F3C5CB5B.d.0B2F3836FBDD995B6E4FB625B6DD4DB3.e.1576"},"getSelected",[]]}
COMMAND: POST /session/986c8c948b22d3df52d278b912c043dd/execute/async - {"script":"<script> [1562 bytes]","args":[{"selector":{"controlType":"sap.m.Button","viewName":"etm.portal.ui.managecatalogs.view.Detail","viewId":"application-managecatalogs-display-component---detailCatalog","i18NText":{"propertyName":"text","key":"save"},"interaction":{"idSuffix":"BDI-content"}},"wdio_ui5_key":"etmportal.ui.managecatalogs.view.Detailsap.m.Button{\"propertyName\":\"text\",\"key\":\"save\"}"}]}
RESULT: {}
RESULT: {"script":"<script> [1562 bytes]","args":[{"selector":{"controlType":"sap.m.Button","viewName":"etm.portal.ui.managecatalogs.view.Detail","viewId":"application-managecatalogs-display-component---detailCatalog","i18NText":{"propertyName":"text","key":"save"},"interaction":{"idSuffix":"BDI-content"}},"wdio_ui5_key":"etmportal.ui.managecatalogs.view.Detailsap.m.Button{\"propertyName\":\"text\",\"key\":\"save\"}"}]}
RESULT: undefined
COMMAND: POST /session/986c8c948b22d3df52d278b912c043dd/element - {"using":"xpath","value":"//*[@id=\"__button51\"]"}
RESULT: {"using":"xpath","value":"//*[@id=\"__button51\"]"}
COMMAND: POST /session/986c8c948b22d3df52d278b912c043dd/element/f.092109B35A6735C4F983D4E1F3C5CB5B.d.0B2F3836FBDD995B6E4FB625B6DD4DB3.e.1504/click - {}
RESULT: {}
COMMAND: GET /session/986c8c948b22d3df52d278b912c043dd/screenshot - {}
RESULT: {}
COMMAND: POST /session/986c8c948b22d3df52d278b912c043dd/element - {"using":"css selector","value":"#shell-header-logo"}
RESULT: {"using":"css selector","value":"#shell-header-logo"}
COMMAND: POST /session/986c8c948b22d3df52d278b912c043dd/element/f.092109B35A6735C4F983D4E1F3C5CB5B.d.0B2F3836FBDD995B6E4FB625B6DD4DB3.e.1242/click - {}
RESULT: {}
COMMAND: GET /session/986c8c948b22d3df52d278b912c043dd/screenshot - {}
RESULT: {}
]]></system-out>
    </testcase>
    <testcase classname="chrome.136_0_7103_93.windows.Manage_catalogs_-_yard_assignment_classification_US138930" name="Should verify if the catalog item is visible after selecting the yard" time="73.037">
      <system-out><![CDATA[
COMMAND: POST /session/986c8c948b22d3df52d278b912c043dd/execute/async - {"script":"<script> [1562 bytes]","args":[{"selector":{"controlType":"sap.m.Text","properties":{"text":"Webshop"},"interaction":{"idSuffix":"inner"}},"wdio_ui5_key":"sapm.Text{\"text\":\"Webshop\"}"}]}
RESULT: {"script":"<script> [1562 bytes]","args":[{"selector":{"controlType":"sap.m.Text","properties":{"text":"Webshop"},"interaction":{"idSuffix":"inner"}},"wdio_ui5_key":"sapm.Text{\"text\":\"Webshop\"}"}]}
RESULT: undefined
COMMAND: POST /session/986c8c948b22d3df52d278b912c043dd/element - {"using":"xpath","value":"//*[@id=\"__tile49-title\"]"}
RESULT: {"using":"xpath","value":"//*[@id=\"__tile49-title\"]"}
COMMAND: POST /session/986c8c948b22d3df52d278b912c043dd/element/f.092109B35A6735C4F983D4E1F3C5CB5B.d.0B2F3836FBDD995B6E4FB625B6DD4DB3.e.1606/click - {}
RESULT: {}
COMMAND: GET /session/986c8c948b22d3df52d278b912c043dd/screenshot - {}
RESULT: {}
COMMAND: POST /session/986c8c948b22d3df52d278b912c043dd/element - {"using":"css selector","value":"#requestCreationDialog--createRequestPopUp-title-inner"}
RESULT: {"using":"css selector","value":"#requestCreationDialog--createRequestPopUp-title-inner"}
COMMAND: POST /session/986c8c948b22d3df52d278b912c043dd/execute/sync - {"script":"<script> [8489 bytes]","args":[{"element-6066-11e4-a52e-4f735466cecf":"f.092109B35A6735C4F983D4E1F3C5CB5B.d.0B2F3836FBDD995B6E4FB625B6DD4DB3.e.1635","ELEMENT":"f.092109B35A6735C4F983D4E1F3C5CB5B.d.0B2F3836FBDD995B6E4FB625B6DD4DB3.e.1635"}]}
RESULT: {"script":"<script> [8489 bytes]","args":[{"element-6066-11e4-a52e-4f735466cecf":"f.092109B35A6735C4F983D4E1F3C5CB5B.d.0B2F3836FBDD995B6E4FB625B6DD4DB3.e.1635","ELEMENT":"f.092109B35A6735C4F983D4E1F3C5CB5B.d.0B2F3836FBDD995B6E4FB625B6DD4DB3.e.1635"}]}
COMMAND: GET /session/986c8c948b22d3df52d278b912c043dd/element/f.092109B35A6735C4F983D4E1F3C5CB5B.d.0B2F3836FBDD995B6E4FB625B6DD4DB3.e.1635/enabled - {}
COMMAND: GET /session/986c8c948b22d3df52d278b912c043dd/screenshot - {}
RESULT: {}
COMMAND: POST /session/986c8c948b22d3df52d278b912c043dd/elements - {"using":"css selector","value":"#requestCreationDialog--createRequestPopUp-title-inner"}
COMMAND: GET /session/986c8c948b22d3df52d278b912c043dd/screenshot - {}
RESULT: {}
RESULT: {"using":"css selector","value":"#requestCreationDialog--createRequestPopUp-title-inner"}
COMMAND: POST /session/986c8c948b22d3df52d278b912c043dd/execute/async - {"script":"<script> [1562 bytes]","args":[{"selector":{"id":"requestCreationDialog--requestName","searchOpenDialogs":true,"interaction":{"idSuffix":"inner"}},"wdio_ui5_key":"requestCreationDialogrequestName"}]}
RESULT: {}
RESULT: {"script":"<script> [1562 bytes]","args":[{"selector":{"id":"requestCreationDialog--requestName","searchOpenDialogs":true,"interaction":{"idSuffix":"inner"}},"wdio_ui5_key":"requestCreationDialogrequestName"}]}
RESULT: undefined
COMMAND: POST /session/986c8c948b22d3df52d278b912c043dd/execute/async - {"script":"<script> [776 bytes]","args":[{"enterText":"WebdriverTest","selector":{"id":"requestCreationDialog--requestName","searchOpenDialogs":true,"interaction":{"idSuffix":"inner"}},"clearTextFirst":true,"interactionType":"ENTER_TEXT"}]}
RESULT: {"script":"<script> [776 bytes]","args":[{"enterText":"WebdriverTest","selector":{"id":"requestCreationDialog--requestName","searchOpenDialogs":true,"interaction":{"idSuffix":"inner"}},"clearTextFirst":true,"interactionType":"ENTER_TEXT"}]}
COMMAND: POST /session/986c8c948b22d3df52d278b912c043dd/element - {"using":"xpath","value":"//input[contains(@id ,\"requestCreationDialog--yardId-inner\")]"}
RESULT: {"using":"xpath","value":"//input[contains(@id ,\"requestCreationDialog--yardId-inner\")]"}
COMMAND: POST /session/986c8c948b22d3df52d278b912c043dd/element/f.092109B35A6735C4F983D4E1F3C5CB5B.d.0B2F3836FBDD995B6E4FB625B6DD4DB3.e.1622/clear - {}
RESULT: {}
COMMAND: POST /session/986c8c948b22d3df52d278b912c043dd/element/f.092109B35A6735C4F983D4E1F3C5CB5B.d.0B2F3836FBDD995B6E4FB625B6DD4DB3.e.1622/value - {"text":"101"}
COMMAND: GET /session/986c8c948b22d3df52d278b912c043dd/screenshot - {}
RESULT: {"text":"101"}
COMMAND: GET /session/986c8c948b22d3df52d278b912c043dd/screenshot - {}
RESULT: {}
RESULT: {}
COMMAND: POST /session/986c8c948b22d3df52d278b912c043dd/execute/async - {"script":"<script> [1562 bytes]","args":[{"selector":{"id":"requestCreationDialog--okButton","searchOpenDialogs":true,"interaction":{"idSuffix":"BDI-content"}},"wdio_ui5_key":"requestCreationDialogokButton"}]}
RESULT: {"script":"<script> [1562 bytes]","args":[{"selector":{"id":"requestCreationDialog--okButton","searchOpenDialogs":true,"interaction":{"idSuffix":"BDI-content"}},"wdio_ui5_key":"requestCreationDialogokButton"}]}
RESULT: undefined
COMMAND: POST /session/986c8c948b22d3df52d278b912c043dd/element - {"using":"xpath","value":"//*[@id=\"requestCreationDialog--okButton\"]"}
RESULT: {"using":"xpath","value":"//*[@id=\"requestCreationDialog--okButton\"]"}
COMMAND: POST /session/986c8c948b22d3df52d278b912c043dd/element/f.092109B35A6735C4F983D4E1F3C5CB5B.d.0B2F3836FBDD995B6E4FB625B6DD4DB3.e.1641/click - {}
RESULT: {}
COMMAND: GET /session/986c8c948b22d3df52d278b912c043dd/screenshot - {}
COMMAND: POST /session/986c8c948b22d3df52d278b912c043dd/element - {"using":"xpath","value":"//input[contains(@id ,\"searchFiledId-I\")]"}
RESULT: {}
RESULT: {"using":"xpath","value":"//input[contains(@id ,\"searchFiledId-I\")]"}
COMMAND: POST /session/986c8c948b22d3df52d278b912c043dd/element/f.092109B35A6735C4F983D4E1F3C5CB5B.d.0B2F3836FBDD995B6E4FB625B6DD4DB3.e.1611/value - {"text":"catalogItemwddxt"}
RESULT: {"text":"catalogItemwddxt"}
COMMAND: POST /session/986c8c948b22d3df52d278b912c043dd/actions - {"actions":[{"id":"action7","type":"key","parameters":{},"actions":[{"type":"keyDown","value":"î€‡"},{"type":"pause","duration":10},{"type":"keyUp","value":"î€‡"}]}]}
COMMAND: GET /session/986c8c948b22d3df52d278b912c043dd/screenshot - {}
RESULT: {"actions":[{"id":"action7","type":"key","parameters":{},"actions":[{"type":"keyDown","value":"î€‡"},{"type":"pause","duration":10},{"type":"keyUp","value":"î€‡"}]}]}
COMMAND: GET /session/986c8c948b22d3df52d278b912c043dd/screenshot - {}
RESULT: {}
RESULT: {}
COMMAND: POST /session/986c8c948b22d3df52d278b912c043dd/element - {"using":"xpath","value":"//span[contains(@id ,\"subTitle\")][contains(text(), \"catalogItemwddxt\")]"}
RESULT: {"using":"xpath","value":"//span[contains(@id ,\"subTitle\")][contains(text(), \"catalogItemwddxt\")]"}
COMMAND: POST /session/986c8c948b22d3df52d278b912c043dd/element - {"using":"xpath","value":"//span[contains(@id ,\"subTitle\")][contains(text(), \"catalogItemwddxt\")]"}
RESULT: {"using":"xpath","value":"//span[contains(@id ,\"subTitle\")][contains(text(), \"catalogItemwddxt\")]"}
COMMAND: POST /session/986c8c948b22d3df52d278b912c043dd/execute/async - {"script":"<script> [1562 bytes]","args":[{"selector":{"controlType":"sap.tnt.NavigationListItem","viewName":"etm.portal.ui.webshop.view.Homepage","i18NText":{"propertyName":"text","key":"exit"},"interaction":{"idSuffix":"a"}},"wdio_ui5_key":"etmportal.ui.webshop.view.Homepagesap.tnt.NavigationListItem{\"propertyName\":\"text\",\"key\":\"exit\"}"}]}
RESULT: {"script":"<script> [1562 bytes]","args":[{"selector":{"controlType":"sap.tnt.NavigationListItem","viewName":"etm.portal.ui.webshop.view.Homepage","i18NText":{"propertyName":"text","key":"exit"},"interaction":{"idSuffix":"a"}},"wdio_ui5_key":"etmportal.ui.webshop.view.Homepagesap.tnt.NavigationListItem{\"propertyName\":\"text\",\"key\":\"exit\"}"}]}
RESULT: undefined
COMMAND: POST /session/986c8c948b22d3df52d278b912c043dd/element - {"using":"xpath","value":"//*[@id=\"__item291\"]"}
RESULT: {"using":"xpath","value":"//*[@id=\"__item291\"]"}
COMMAND: POST /session/986c8c948b22d3df52d278b912c043dd/element/f.092109B35A6735C4F983D4E1F3C5CB5B.d.0B2F3836FBDD995B6E4FB625B6DD4DB3.e.1649/click - {}
RESULT: {}
]]></system-out>
    </testcase>
  </testsuite>
  <testsuite timestamp="2025-06-04T06:00:55" time="274.732" tests="1" failures="0" errors="0" skipped="0">
    <properties>
      <property name="specId" value="0" />
      <property name="suiteName" value="Catalogs section" />
      <property name="capabilities" value="chrome.136_0_7103_93.windows" />
      <property name="file" value="file:///D:/a/1/s/test/specs/R2C/manage-catalogs-values-section.spec.js" />
    </properties>
    <testcase classname="chrome.136_0_7103_93.windows.Catalogs_section" name="Should add values to a catalog item" time="274.727">
      <system-out><![CDATA[
COMMAND: POST /session/986c8c948b22d3df52d278b912c043dd/element - {"using":"xpath","value":"//span[contains(@id ,\"requestCreationDialog--createRequestPopUp-title-inner\")]"}
COMMAND: GET /session/986c8c948b22d3df52d278b912c043dd/screenshot - {}
RESULT: {"using":"xpath","value":"//span[contains(@id ,\"requestCreationDialog--createRequestPopUp-title-inner\")]"}
COMMAND: POST /session/986c8c948b22d3df52d278b912c043dd/elements - {"using":"xpath","value":"//span[contains(@id ,\"requestCreationDialog--createRequestPopUp-title-inner\")]"}
RESULT: {}
RESULT: {"using":"xpath","value":"//span[contains(@id ,\"requestCreationDialog--createRequestPopUp-title-inner\")]"}
COMMAND: POST /session/986c8c948b22d3df52d278b912c043dd/execute/async - {"script":"<script> [1562 bytes]","args":[{"selector":{"controlType":"sap.m.GenericTile","properties":{"header":"Manage Catalogs"}},"wdio_ui5_key":"sapm.GenericTile{\"header\":\"Manage Catalogs\"}"}]}
RESULT: {"script":"<script> [1562 bytes]","args":[{"selector":{"controlType":"sap.m.GenericTile","properties":{"header":"Manage Catalogs"}},"wdio_ui5_key":"sapm.GenericTile{\"header\":\"Manage Catalogs\"}"}]}
RESULT: undefined
COMMAND: POST /session/986c8c948b22d3df52d278b912c043dd/element - {"using":"xpath","value":"//*[@id=\"__tile37\"]"}
RESULT: {"using":"xpath","value":"//*[@id=\"__tile37\"]"}
COMMAND: POST /session/986c8c948b22d3df52d278b912c043dd/element/f.092109B35A6735C4F983D4E1F3C5CB5B.d.0B2F3836FBDD995B6E4FB625B6DD4DB3.e.1654/click - {}
RESULT: {}
COMMAND: GET /session/986c8c948b22d3df52d278b912c043dd/screenshot - {}
RESULT: {}
COMMAND: POST /session/986c8c948b22d3df52d278b912c043dd/elements - {"using":"xpath","value":"//span[text()='Error']"}
RESULT: {"using":"xpath","value":"//span[text()='Error']"}
COMMAND: POST /session/986c8c948b22d3df52d278b912c043dd/refresh - {}
RESULT: {}
COMMAND: GET /session/986c8c948b22d3df52d278b912c043dd/screenshot - {}
RESULT: {}
COMMAND: POST /session/986c8c948b22d3df52d278b912c043dd/execute/async - {"script":"<script> [189 bytes]","args":[]}
RESULT: {"script":"<script> [189 bytes]","args":[]}
COMMAND: POST /session/986c8c948b22d3df52d278b912c043dd/execute/async - {"script":"<script> [123 bytes]","args":[]}
RESULT: {"script":"<script> [123 bytes]","args":[]}
COMMAND: POST /session/986c8c948b22d3df52d278b912c043dd/timeouts - {"script":"<number>"}
RESULT: {"script":"<number>"}
COMMAND: GET /session/986c8c948b22d3df52d278b912c043dd/timeouts - {}
RESULT: {}
RESULT: undefined
COMMAND: POST /session/986c8c948b22d3df52d278b912c043dd/execute/async - {"script":"<script> [2676 bytes]","args":[]}
RESULT: {"script":"<script> [2676 bytes]","args":[]}
COMMAND: POST /session/986c8c948b22d3df52d278b912c043dd/execute/async - {"script":"<script> [2342 bytes]","args":[{"protocol":"http","hostname":"0.0.0.0","path":"/","capabilities":{"browserName":"chrome","goog:chromeOptions":{"binary":"C:\\Program Files\\Google\\Chrome\\Application\\chrome.exe","args":["--start-maximized"]}},"logLevel":"warn","connectionRetryTimeout":120000,"connectionRetryCount":3,"logLevels":{},"enableDirectConnect":true,"strictSSL":true,"_":"65 more keys: [\"cacheDir\",\"port\",\"requestedCapabilities\",\"automationProtocol\",\"baseUrl\",\"waitforInterval\",\"waitforTimeout\",\"onReload\",\"beforeCommand\",\"afterCommand\",\"rootDir\",\"specs\",\"suites\",\"exclude\",\"groupLogsByTestSpec\",\"excludeDriverLogs\",\"bail\",\"framework\",\"reporters\",\"services\",\"maxInstances\",\"maxInstancesPerCapability\",\"injectGlobals\",\"filesToWatch\",\"execArgv\",\"runnerEnv\",\"runner\",\"shard\",\"specFileRetries\",\"specFileRetriesDelay\",\"specFileRetriesDeferred\",\"reporterSyncInterval\",\"reporterSyncTimeout\",\"cucumberFeaturesWithLineNumbers\",\"autoCompileOpts\",\"mochaOpts\",\"jasmineOpts\",\"cucumberOpts\",\"onPrepare\",\"onWorkerStart\",\"onWorkerEnd\",\"before\",\"beforeSession\",\"beforeSuite\",\"beforeHook\",\"beforeTest\",\"afterTest\",\"afterHook\",\"afterSuite\",\"afterSession\",\"after\",\"onComplete\",\"beforeAssertion\",\"afterAssertion\",\"beforeFeature\",\"beforeScenario\",\"beforeStep\",\"afterStep\",\"afterScenario\",\"afterFeature\",\"_\",\"suite\",\"$0\",\"ignoredWorkerServices\",\"wdi5\"]"}]}
RESULT: {"script":"<script> [2342 bytes]","args":[{"protocol":"http","hostname":"0.0.0.0","path":"/","capabilities":{"browserName":"chrome","goog:chromeOptions":{"binary":"C:\\Program Files\\Google\\Chrome\\Application\\chrome.exe","args":["--start-maximized"]}},"logLevel":"warn","connectionRetryTimeout":120000,"connectionRetryCount":3,"logLevels":{},"enableDirectConnect":true,"strictSSL":true,"_":"65 more keys: [\"cacheDir\",\"port\",\"requestedCapabilities\",\"automationProtocol\",\"baseUrl\",\"waitforInterval\",\"waitforTimeout\",\"onReload\",\"beforeCommand\",\"afterCommand\",\"rootDir\",\"specs\",\"suites\",\"exclude\",\"groupLogsByTestSpec\",\"excludeDriverLogs\",\"bail\",\"framework\",\"reporters\",\"services\",\"maxInstances\",\"maxInstancesPerCapability\",\"injectGlobals\",\"filesToWatch\",\"execArgv\",\"runnerEnv\",\"runner\",\"shard\",\"specFileRetries\",\"specFileRetriesDelay\",\"specFileRetriesDeferred\",\"reporterSyncInterval\",\"reporterSyncTimeout\",\"cucumberFeaturesWithLineNumbers\",\"autoCompileOpts\",\"mochaOpts\",\"jasmineOpts\",\"cucumberOpts\",\"onPrepare\",\"onWorkerStart\",\"onWorkerEnd\",\"before\",\"beforeSession\",\"beforeSuite\",\"beforeHook\",\"beforeTest\",\"afterTest\",\"afterHook\",\"afterSuite\",\"afterSession\",\"after\",\"onComplete\",\"beforeAssertion\",\"afterAssertion\",\"beforeFeature\",\"beforeScenario\",\"beforeStep\",\"afterStep\",\"afterScenario\",\"afterFeature\",\"_\",\"suite\",\"$0\",\"ignoredWorkerServices\",\"wdi5\"]"}]}
COMMAND: POST /session/986c8c948b22d3df52d278b912c043dd/execute/async - {"script":"<script> [21126 bytes]","args":[35000]}
RESULT: {"script":"<script> [21126 bytes]","args":[35000]}
COMMAND: POST /session/986c8c948b22d3df52d278b912c043dd/element - {"using":"xpath","value":"//span[contains(text(), \"Webshop Catalog\")][contains(@id ,\"masterCatalogs\")]"}
RESULT: {"using":"xpath","value":"//span[contains(text(), \"Webshop Catalog\")][contains(@id ,\"masterCatalogs\")]"}
COMMAND: POST /session/986c8c948b22d3df52d278b912c043dd/element/f.092109B35A6735C4F983D4E1F3C5CB5B.d.79C1892702A6F1589FC4FC3F0E30CB58.e.1754/click - {}
RESULT: {}
COMMAND: GET /session/986c8c948b22d3df52d278b912c043dd/screenshot - {}
RESULT: {}
COMMAND: POST /session/986c8c948b22d3df52d278b912c043dd/element - {"using":"xpath","value":"//input[contains(@id ,\"application-managecatalogs-display-component---masterCatalogItems--searchItemsField-I\")]"}
RESULT: {"using":"xpath","value":"//input[contains(@id ,\"application-managecatalogs-display-component---masterCatalogItems--searchItemsField-I\")]"}
COMMAND: POST /session/986c8c948b22d3df52d278b912c043dd/element/f.092109B35A6735C4F983D4E1F3C5CB5B.d.79C1892702A6F1589FC4FC3F0E30CB58.e.1763/value - {"text":"SecondSectionjor9m"}
RESULT: {"text":"SecondSectionjor9m"}
COMMAND: GET /session/986c8c948b22d3df52d278b912c043dd/screenshot - {}
RESULT: {}
COMMAND: POST /session/986c8c948b22d3df52d278b912c043dd/actions - {"actions":[{"id":"action8","type":"key","parameters":{},"actions":[{"type":"keyDown","value":"î€‡"},{"type":"pause","duration":10},{"type":"keyUp","value":"î€‡"}]}]}
RESULT: {"actions":[{"id":"action8","type":"key","parameters":{},"actions":[{"type":"keyDown","value":"î€‡"},{"type":"pause","duration":10},{"type":"keyUp","value":"î€‡"}]}]}
COMMAND: GET /session/986c8c948b22d3df52d278b912c043dd/screenshot - {}
RESULT: {}
COMMAND: POST /session/986c8c948b22d3df52d278b912c043dd/element - {"using":"xpath","value":"(//span[contains(text(), \"SecondSectionjor9m\")])[1]"}
RESULT: {"using":"xpath","value":"(//span[contains(text(), \"SecondSectionjor9m\")])[1]"}
COMMAND: POST /session/986c8c948b22d3df52d278b912c043dd/element/f.092109B35A6735C4F983D4E1F3C5CB5B.d.79C1892702A6F1589FC4FC3F0E30CB58.e.1791/click - {}
RESULT: {}
COMMAND: POST /session/986c8c948b22d3df52d278b912c043dd/execute/async - {"script":"<script> [1562 bytes]","args":[{"selector":{"controlType":"sap.m.Button","viewName":"etm.portal.ui.managecatalogs.view.Detail","viewId":"application-managecatalogs-display-component---detailCatalog","i18NText":{"propertyName":"text","key":"edit"},"interaction":{"idSuffix":"BDI-content"}},"wdio_ui5_key":"etmportal.ui.managecatalogs.view.Detailsap.m.Button{\"propertyName\":\"text\",\"key\":\"edit\"}"}]}
COMMAND: GET /session/986c8c948b22d3df52d278b912c043dd/screenshot - {}
RESULT: {"script":"<script> [1562 bytes]","args":[{"selector":{"controlType":"sap.m.Button","viewName":"etm.portal.ui.managecatalogs.view.Detail","viewId":"application-managecatalogs-display-component---detailCatalog","i18NText":{"propertyName":"text","key":"edit"},"interaction":{"idSuffix":"BDI-content"}},"wdio_ui5_key":"etmportal.ui.managecatalogs.view.Detailsap.m.Button{\"propertyName\":\"text\",\"key\":\"edit\"}"}]}
RESULT: undefined
COMMAND: POST /session/986c8c948b22d3df52d278b912c043dd/element - {"using":"xpath","value":"//*[@id=\"__button33\"]"}
RESULT: {}
RESULT: {"using":"xpath","value":"//*[@id=\"__button33\"]"}
COMMAND: POST /session/986c8c948b22d3df52d278b912c043dd/element/f.092109B35A6735C4F983D4E1F3C5CB5B.d.79C1892702A6F1589FC4FC3F0E30CB58.e.1859/click - {}
RESULT: {}
COMMAND: POST /session/986c8c948b22d3df52d278b912c043dd/execute/async - {"script":"<script> [1562 bytes]","args":[{"selector":{"controlType":"sap.ui.core.Icon","viewName":"etm.portal.ui.managecatalogs.view.Detail","viewId":"application-managecatalogs-display-component---detailCatalog","properties":{"src":{"regex":{"source":"add\\-document"}}}},"wdio_ui5_key":"etmportal.ui.managecatalogs.view.Detailsap.ui.core.Icon{\"src\":{\"regex\":{\"source\":\"add\\\\-document\"}}}"}]}
COMMAND: GET /session/986c8c948b22d3df52d278b912c043dd/screenshot - {}
RESULT: {"script":"<script> [1562 bytes]","args":[{"selector":{"controlType":"sap.ui.core.Icon","viewName":"etm.portal.ui.managecatalogs.view.Detail","viewId":"application-managecatalogs-display-component---detailCatalog","properties":{"src":{"regex":{"source":"add\\-document"}}}},"wdio_ui5_key":"etmportal.ui.managecatalogs.view.Detailsap.ui.core.Icon{\"src\":{\"regex\":{\"source\":\"add\\\\-document\"}}}"}]}
RESULT: undefined
COMMAND: POST /session/986c8c948b22d3df52d278b912c043dd/element - {"using":"xpath","value":"//*[@id=\"__button42-img\"]"}
RESULT: {}
RESULT: {"using":"xpath","value":"//*[@id=\"__button42-img\"]"}
COMMAND: POST /session/986c8c948b22d3df52d278b912c043dd/element/f.092109B35A6735C4F983D4E1F3C5CB5B.d.79C1892702A6F1589FC4FC3F0E30CB58.e.1867/click - {}
RESULT: {}
COMMAND: POST /session/986c8c948b22d3df52d278b912c043dd/execute/async - {"script":"<script> [1562 bytes]","args":[{"selector":{"id":"application-managecatalogs-display-component---detailCatalog--newItemNumberInput","searchOpenDialogs":true,"interaction":{"idSuffix":"inner"}},"wdio_ui5_key":"applicationmanagecatalogs-display-component---detailCatalog--newItemNumberInput"}]}
COMMAND: GET /session/986c8c948b22d3df52d278b912c043dd/screenshot - {}
RESULT: {"script":"<script> [1562 bytes]","args":[{"selector":{"id":"application-managecatalogs-display-component---detailCatalog--newItemNumberInput","searchOpenDialogs":true,"interaction":{"idSuffix":"inner"}},"wdio_ui5_key":"applicationmanagecatalogs-display-component---detailCatalog--newItemNumberInput"}]}
RESULT: undefined
COMMAND: POST /session/986c8c948b22d3df52d278b912c043dd/execute/async - {"script":"<script> [776 bytes]","args":[{"enterText":"catalogItemnihy4","selector":{"id":"application-managecatalogs-display-component---detailCatalog--newItemNumberInput","searchOpenDialogs":true,"interaction":{"idSuffix":"inner"}},"clearTextFirst":true,"interactionType":"ENTER_TEXT"}]}
RESULT: {}
RESULT: {"script":"<script> [776 bytes]","args":[{"enterText":"catalogItemnihy4","selector":{"id":"application-managecatalogs-display-component---detailCatalog--newItemNumberInput","searchOpenDialogs":true,"interaction":{"idSuffix":"inner"}},"clearTextFirst":true,"interactionType":"ENTER_TEXT"}]}
COMMAND: POST /session/986c8c948b22d3df52d278b912c043dd/execute/async - {"script":"<script> [1562 bytes]","args":[{"selector":{"controlType":"sap.m.Input","viewName":"etm.portal.ui.managecatalogs.view.Detail","viewId":"application-managecatalogs-display-component---detailCatalog","bindingPath":{"path":"","propertyPath":"/DESCRIPTION"},"searchOpenDialogs":true,"interaction":{"idSuffix":"inner"}},"wdio_ui5_key":"etmportal.ui.managecatalogs.view.Detailsap.m.Input{\"path\":\"\",\"propertyPath\":\"/DESCRIPTION\"}"}]}
RESULT: {"script":"<script> [1562 bytes]","args":[{"selector":{"controlType":"sap.m.Input","viewName":"etm.portal.ui.managecatalogs.view.Detail","viewId":"application-managecatalogs-display-component---detailCatalog","bindingPath":{"path":"","propertyPath":"/DESCRIPTION"},"searchOpenDialogs":true,"interaction":{"idSuffix":"inner"}},"wdio_ui5_key":"etmportal.ui.managecatalogs.view.Detailsap.m.Input{\"path\":\"\",\"propertyPath\":\"/DESCRIPTION\"}"}]}
RESULT: undefined
COMMAND: POST /session/986c8c948b22d3df52d278b912c043dd/execute/async - {"script":"<script> [776 bytes]","args":[{"enterText":"catalogItemName2gwfc","selector":{"controlType":"sap.m.Input","viewName":"etm.portal.ui.managecatalogs.view.Detail","viewId":"application-managecatalogs-display-component---detailCatalog","bindingPath":{"path":"","propertyPath":"/DESCRIPTION"},"searchOpenDialogs":true,"interaction":{"idSuffix":"inner"}},"clearTextFirst":true,"interactionType":"ENTER_TEXT"}]}
RESULT: {"script":"<script> [776 bytes]","args":[{"enterText":"catalogItemName2gwfc","selector":{"controlType":"sap.m.Input","viewName":"etm.portal.ui.managecatalogs.view.Detail","viewId":"application-managecatalogs-display-component---detailCatalog","bindingPath":{"path":"","propertyPath":"/DESCRIPTION"},"searchOpenDialogs":true,"interaction":{"idSuffix":"inner"}},"clearTextFirst":true,"interactionType":"ENTER_TEXT"}]}
COMMAND: POST /session/986c8c948b22d3df52d278b912c043dd/execute/async - {"script":"<script> [1562 bytes]","args":[{"selector":{"controlType":"sap.m.Button","viewName":"etm.portal.ui.managecatalogs.view.Detail","viewId":"application-managecatalogs-display-component---detailCatalog","i18NText":{"propertyName":"text","key":"create"},"searchOpenDialogs":true,"interaction":{"idSuffix":"BDI-content"}},"wdio_ui5_key":"etmportal.ui.managecatalogs.view.Detailsap.m.Button{\"propertyName\":\"text\",\"key\":\"create\"}"}]}
RESULT: {"script":"<script> [1562 bytes]","args":[{"selector":{"controlType":"sap.m.Button","viewName":"etm.portal.ui.managecatalogs.view.Detail","viewId":"application-managecatalogs-display-component---detailCatalog","i18NText":{"propertyName":"text","key":"create"},"searchOpenDialogs":true,"interaction":{"idSuffix":"BDI-content"}},"wdio_ui5_key":"etmportal.ui.managecatalogs.view.Detailsap.m.Button{\"propertyName\":\"text\",\"key\":\"create\"}"}]}
RESULT: undefined
COMMAND: POST /session/986c8c948b22d3df52d278b912c043dd/element - {"using":"xpath","value":"//*[@id=\"__button17\"]"}
RESULT: {"using":"xpath","value":"//*[@id=\"__button17\"]"}
COMMAND: POST /session/986c8c948b22d3df52d278b912c043dd/element/f.092109B35A6735C4F983D4E1F3C5CB5B.d.79C1892702A6F1589FC4FC3F0E30CB58.e.1876/click - {}
RESULT: {}
COMMAND: GET /session/986c8c948b22d3df52d278b912c043dd/screenshot - {}
RESULT: {}
COMMAND: POST /session/986c8c948b22d3df52d278b912c043dd/element - {"using":"xpath","value":"//button[@title=\"Save\"]"}
RESULT: {"using":"xpath","value":"//button[@title=\"Save\"]"}
COMMAND: POST /session/986c8c948b22d3df52d278b912c043dd/element/f.092109B35A6735C4F983D4E1F3C5CB5B.d.79C1892702A6F1589FC4FC3F0E30CB58.e.1877/click - {}
RESULT: {}
COMMAND: GET /session/986c8c948b22d3df52d278b912c043dd/screenshot - {}
RESULT: {}
COMMAND: POST /session/986c8c948b22d3df52d278b912c043dd/execute/async - {"script":"<script> [1562 bytes]","args":[{"selector":{"controlType":"sap.ui.core.Icon","viewName":"etm.portal.ui.managecatalogs.view.Detail","viewId":"application-managecatalogs-display-component---detailCatalog","properties":{"src":{"regex":{"source":"decline"}}}},"wdio_ui5_key":"etmportal.ui.managecatalogs.view.Detailsap.ui.core.Icon{\"src\":{\"regex\":{\"source\":\"decline\"}}}"}]}
RESULT: {"script":"<script> [1562 bytes]","args":[{"selector":{"controlType":"sap.ui.core.Icon","viewName":"etm.portal.ui.managecatalogs.view.Detail","viewId":"application-managecatalogs-display-component---detailCatalog","properties":{"src":{"regex":{"source":"decline"}}}},"wdio_ui5_key":"etmportal.ui.managecatalogs.view.Detailsap.ui.core.Icon{\"src\":{\"regex\":{\"source\":\"decline\"}}}"}]}
RESULT: undefined
COMMAND: POST /session/986c8c948b22d3df52d278b912c043dd/element - {"using":"xpath","value":"//*[@id=\"__button36-img\"]"}
RESULT: {"using":"xpath","value":"//*[@id=\"__button36-img\"]"}
COMMAND: POST /session/986c8c948b22d3df52d278b912c043dd/element/f.092109B35A6735C4F983D4E1F3C5CB5B.d.79C1892702A6F1589FC4FC3F0E30CB58.e.1882/click - {}
RESULT: {}
COMMAND: GET /session/986c8c948b22d3df52d278b912c043dd/screenshot - {}
RESULT: {}
COMMAND: POST /session/986c8c948b22d3df52d278b912c043dd/execute/async - {"script":"<script> [1562 bytes]","args":[{"selector":{"controlType":"sap.ui.core.Icon","viewName":"etm.portal.ui.managecatalogs.view.MasterItems","viewId":"application-managecatalogs-display-component---masterCatalogItems","properties":{"src":{"regex":{"source":"refresh"}}}},"wdio_ui5_key":"etmportal.ui.managecatalogs.view.MasterItemssap.ui.core.Icon{\"src\":{\"regex\":{\"source\":\"refresh\"}}}"}]}
RESULT: {"script":"<script> [1562 bytes]","args":[{"selector":{"controlType":"sap.ui.core.Icon","viewName":"etm.portal.ui.managecatalogs.view.MasterItems","viewId":"application-managecatalogs-display-component---masterCatalogItems","properties":{"src":{"regex":{"source":"refresh"}}}},"wdio_ui5_key":"etmportal.ui.managecatalogs.view.MasterItemssap.ui.core.Icon{\"src\":{\"regex\":{\"source\":\"refresh\"}}}"}]}
RESULT: undefined
COMMAND: POST /session/986c8c948b22d3df52d278b912c043dd/element - {"using":"xpath","value":"//*[@id=\"__button9-img\"]"}
RESULT: {"using":"xpath","value":"//*[@id=\"__button9-img\"]"}
COMMAND: POST /session/986c8c948b22d3df52d278b912c043dd/element/f.092109B35A6735C4F983D4E1F3C5CB5B.d.79C1892702A6F1589FC4FC3F0E30CB58.e.1916/click - {}
RESULT: {}
COMMAND: GET /session/986c8c948b22d3df52d278b912c043dd/screenshot - {}
RESULT: {}
COMMAND: POST /session/986c8c948b22d3df52d278b912c043dd/execute/async - {"script":"<script> [1562 bytes]","args":[{"selector":{"id":"application-managecatalogs-display-component---masterCatalogItems--searchItemsField","interaction":{"idSuffix":"I"}},"wdio_ui5_key":"applicationmanagecatalogs-display-component---masterCatalogItems--searchItemsField"}]}
RESULT: {"script":"<script> [1562 bytes]","args":[{"selector":{"id":"application-managecatalogs-display-component---masterCatalogItems--searchItemsField","interaction":{"idSuffix":"I"}},"wdio_ui5_key":"applicationmanagecatalogs-display-component---masterCatalogItems--searchItemsField"}]}
RESULT: undefined
COMMAND: POST /session/986c8c948b22d3df52d278b912c043dd/execute/async - {"script":"<script> [776 bytes]","args":[{"enterText":"catalogItemName2gwfc","selector":{"id":"application-managecatalogs-display-component---masterCatalogItems--searchItemsField","interaction":{"idSuffix":"I"}},"clearTextFirst":true,"interactionType":"ENTER_TEXT"}]}
RESULT: {"script":"<script> [776 bytes]","args":[{"enterText":"catalogItemName2gwfc","selector":{"id":"application-managecatalogs-display-component---masterCatalogItems--searchItemsField","interaction":{"idSuffix":"I"}},"clearTextFirst":true,"interactionType":"ENTER_TEXT"}]}
COMMAND: POST /session/986c8c948b22d3df52d278b912c043dd/actions - {"actions":[{"id":"action9","type":"key","parameters":{},"actions":[{"type":"keyDown","value":"î€‡"},{"type":"pause","duration":10},{"type":"keyUp","value":"î€‡"}]}]}
RESULT: {"actions":[{"id":"action9","type":"key","parameters":{},"actions":[{"type":"keyDown","value":"î€‡"},{"type":"pause","duration":10},{"type":"keyUp","value":"î€‡"}]}]}
COMMAND: POST /session/986c8c948b22d3df52d278b912c043dd/element - {"using":"xpath","value":"(//span[contains(text(), \"catalogItemName2gwfc\")])[1]"}
COMMAND: GET /session/986c8c948b22d3df52d278b912c043dd/screenshot - {}
RESULT: {"using":"xpath","value":"(//span[contains(text(), \"catalogItemName2gwfc\")])[1]"}
COMMAND: POST /session/986c8c948b22d3df52d278b912c043dd/element/f.092109B35A6735C4F983D4E1F3C5CB5B.d.79C1892702A6F1589FC4FC3F0E30CB58.e.1923/click - {}
RESULT: {}
RESULT: {}
COMMAND: GET /session/986c8c948b22d3df52d278b912c043dd/screenshot - {}
RESULT: {}
COMMAND: POST /session/986c8c948b22d3df52d278b912c043dd/element - {"using":"xpath","value":"//span[contains(text(), \"catalogItemnihy4\")]"}
RESULT: {"using":"xpath","value":"//span[contains(text(), \"catalogItemnihy4\")]"}
COMMAND: GET /session/986c8c948b22d3df52d278b912c043dd/element/f.092109B35A6735C4F983D4E1F3C5CB5B.d.79C1892702A6F1589FC4FC3F0E30CB58.e.1985/text - {}
RESULT: {}
RESULT: undefined
COMMAND: POST /session/986c8c948b22d3df52d278b912c043dd/element - {"using":"xpath","value":"//*[@id=\"__button33\"]"}
RESULT: {"using":"xpath","value":"//*[@id=\"__button33\"]"}
COMMAND: POST /session/986c8c948b22d3df52d278b912c043dd/element/f.092109B35A6735C4F983D4E1F3C5CB5B.d.79C1892702A6F1589FC4FC3F0E30CB58.e.1986/click - {}
RESULT: {}
COMMAND: GET /session/986c8c948b22d3df52d278b912c043dd/screenshot - {}
RESULT: {}
COMMAND: POST /session/986c8c948b22d3df52d278b912c043dd/execute/async - {"script":"<script> [1562 bytes]","args":[{"selector":{"id":"application-managecatalogs-display-component---detailCatalog--BASE_UNIT_OF_MEASURE-arrow"},"wdio_ui5_key":"applicationmanagecatalogs-display-component---detailCatalog--BASE_UNIT_OF_MEASURE-arrow"}]}
RESULT: {"script":"<script> [1562 bytes]","args":[{"selector":{"id":"application-managecatalogs-display-component---detailCatalog--BASE_UNIT_OF_MEASURE-arrow"},"wdio_ui5_key":"applicationmanagecatalogs-display-component---detailCatalog--BASE_UNIT_OF_MEASURE-arrow"}]}
RESULT: undefined
COMMAND: POST /session/986c8c948b22d3df52d278b912c043dd/element - {"using":"xpath","value":"//*[@id=\"application-managecatalogs-display-component---detailCatalog--BASE_UNIT_OF_MEASURE-arrow\"]"}
RESULT: {"using":"xpath","value":"//*[@id=\"application-managecatalogs-display-component---detailCatalog--BASE_UNIT_OF_MEASURE-arrow\"]"}
COMMAND: POST /session/986c8c948b22d3df52d278b912c043dd/element/f.092109B35A6735C4F983D4E1F3C5CB5B.d.79C1892702A6F1589FC4FC3F0E30CB58.e.2015/click - {}
RESULT: {}
COMMAND: GET /session/986c8c948b22d3df52d278b912c043dd/screenshot - {}
RESULT: {}
COMMAND: POST /session/986c8c948b22d3df52d278b912c043dd/execute/async - {"script":"<script> [1562 bytes]","args":[{"selector":{"controlType":"sap.m.StandardListItem","viewName":"etm.portal.ui.managecatalogs.view.Detail","viewId":"application-managecatalogs-display-component---detailCatalog","properties":{"title":"Piece"},"searchOpenDialogs":true,"interaction":{"idSuffix":"titleText"}},"wdio_ui5_key":"etmportal.ui.managecatalogs.view.Detailsap.m.StandardListItem{\"title\":\"Piece\"}"}]}
RESULT: {"script":"<script> [1562 bytes]","args":[{"selector":{"controlType":"sap.m.StandardListItem","viewName":"etm.portal.ui.managecatalogs.view.Detail","viewId":"application-managecatalogs-display-component---detailCatalog","properties":{"title":"Piece"},"searchOpenDialogs":true,"interaction":{"idSuffix":"titleText"}},"wdio_ui5_key":"etmportal.ui.managecatalogs.view.Detailsap.m.StandardListItem{\"title\":\"Piece\"}"}]}
RESULT: undefined
COMMAND: POST /session/986c8c948b22d3df52d278b912c043dd/element - {"using":"xpath","value":"//*[@id=\"__item215\"]"}
RESULT: {"using":"xpath","value":"//*[@id=\"__item215\"]"}
COMMAND: POST /session/986c8c948b22d3df52d278b912c043dd/element/f.092109B35A6735C4F983D4E1F3C5CB5B.d.79C1892702A6F1589FC4FC3F0E30CB58.e.2019/click - {}
RESULT: {}
COMMAND: POST /session/986c8c948b22d3df52d278b912c043dd/execute/async - {"script":"<script> [1562 bytes]","args":[{"selector":{"id":"application-managecatalogs-display-component---detailCatalog--ObjectPageLayout-anchBar-application-managecatalogs-display-component---detailCatalog--sectionValues-anchor","interaction":{"idSuffix":"BDI-content"}},"wdio_ui5_key":"applicationmanagecatalogs-display-component---detailCatalog--ObjectPageLayout-anchBar-application-managecatalogs-display-component---detailCatalog--sectionValues-anchor"}]}
COMMAND: GET /session/986c8c948b22d3df52d278b912c043dd/screenshot - {}
RESULT: {"script":"<script> [1562 bytes]","args":[{"selector":{"id":"application-managecatalogs-display-component---detailCatalog--ObjectPageLayout-anchBar-application-managecatalogs-display-component---detailCatalog--sectionValues-anchor","interaction":{"idSuffix":"BDI-content"}},"wdio_ui5_key":"applicationmanagecatalogs-display-component---detailCatalog--ObjectPageLayout-anchBar-application-managecatalogs-display-component---detailCatalog--sectionValues-anchor"}]}
RESULT: undefined
COMMAND: POST /session/986c8c948b22d3df52d278b912c043dd/element - {"using":"xpath","value":"//*[@id=\"application-managecatalogs-display-component---detailCatalog--ObjectPageLayout-anchBar-application-managecatalogs-display-component---detailCatalog--sectionValues-anchor\"]"}
RESULT: {}
RESULT: {"using":"xpath","value":"//*[@id=\"application-managecatalogs-display-component---detailCatalog--ObjectPageLayout-anchBar-application-managecatalogs-display-component---detailCatalog--sectionValues-anchor\"]"}
COMMAND: POST /session/986c8c948b22d3df52d278b912c043dd/element/f.092109B35A6735C4F983D4E1F3C5CB5B.d.79C1892702A6F1589FC4FC3F0E30CB58.e.2021/click - {}
RESULT: {}
COMMAND: GET /session/986c8c948b22d3df52d278b912c043dd/screenshot - {}
RESULT: {}
COMMAND: POST /session/986c8c948b22d3df52d278b912c043dd/execute/async - {"script":"<script> [1562 bytes]","args":[{"selector":{"controlType":"sap.ui.core.Icon","viewName":"etm.portal.ui.managecatalogs.view.Detail","viewId":"application-managecatalogs-display-component---detailCatalog","properties":{"src":{"regex":{"source":"add"}}},"ancestor":{"id":"application-managecatalogs-display-component---detailCatalog--ValuesTable"}},"wdio_ui5_key":"etmportal.ui.managecatalogs.view.Detailsap.ui.core.Icon{\"src\":{\"regex\":{\"source\":\"add\"}}}{\"id\":\"application-managecatalogs-display-component---detailCatalog--ValuesTable\"}"}]}
RESULT: {"script":"<script> [1562 bytes]","args":[{"selector":{"controlType":"sap.ui.core.Icon","viewName":"etm.portal.ui.managecatalogs.view.Detail","viewId":"application-managecatalogs-display-component---detailCatalog","properties":{"src":{"regex":{"source":"add"}}},"ancestor":{"id":"application-managecatalogs-display-component---detailCatalog--ValuesTable"}},"wdio_ui5_key":"etmportal.ui.managecatalogs.view.Detailsap.ui.core.Icon{\"src\":{\"regex\":{\"source\":\"add\"}}}{\"id\":\"application-managecatalogs-display-component---detailCatalog--ValuesTable\"}"}]}
RESULT: undefined
COMMAND: POST /session/986c8c948b22d3df52d278b912c043dd/element - {"using":"xpath","value":"//*[@id=\"__button45-img\"]"}
RESULT: {"using":"xpath","value":"//*[@id=\"__button45-img\"]"}
COMMAND: POST /session/986c8c948b22d3df52d278b912c043dd/element/f.092109B35A6735C4F983D4E1F3C5CB5B.d.79C1892702A6F1589FC4FC3F0E30CB58.e.2026/click - {}
RESULT: {}
RESULT: undefined
COMMAND: POST /session/986c8c948b22d3df52d278b912c043dd/element - {"using":"xpath","value":"//*[@id=\"__button45-img\"]"}
COMMAND: GET /session/986c8c948b22d3df52d278b912c043dd/screenshot - {}
RESULT: {"using":"xpath","value":"//*[@id=\"__button45-img\"]"}
COMMAND: POST /session/986c8c948b22d3df52d278b912c043dd/element/f.092109B35A6735C4F983D4E1F3C5CB5B.d.79C1892702A6F1589FC4FC3F0E30CB58.e.2026/click - {}
RESULT: {}
RESULT: {}
COMMAND: POST /session/986c8c948b22d3df52d278b912c043dd/element - {"using":"xpath","value":"(//input[contains(@id ,\"application-managecatalogs-display-component---detailCatalog--ValuesTable-0-inner\")])[1]"}
COMMAND: GET /session/986c8c948b22d3df52d278b912c043dd/screenshot - {}
RESULT: {"using":"xpath","value":"(//input[contains(@id ,\"application-managecatalogs-display-component---detailCatalog--ValuesTable-0-inner\")])[1]"}
COMMAND: POST /session/986c8c948b22d3df52d278b912c043dd/element/f.092109B35A6735C4F983D4E1F3C5CB5B.d.79C1892702A6F1589FC4FC3F0E30CB58.e.2029/clear - {}
RESULT: {}
RESULT: {}
COMMAND: POST /session/986c8c948b22d3df52d278b912c043dd/element/f.092109B35A6735C4F983D4E1F3C5CB5B.d.79C1892702A6F1589FC4FC3F0E30CB58.e.2029/value - {"text":"D&I catalog price"}
COMMAND: GET /session/986c8c948b22d3df52d278b912c043dd/screenshot - {}
RESULT: {"text":"D&I catalog price"}
COMMAND: GET /session/986c8c948b22d3df52d278b912c043dd/screenshot - {}
RESULT: {}
RESULT: {}
COMMAND: POST /session/986c8c948b22d3df52d278b912c043dd/actions - {"actions":[{"id":"action10","type":"key","parameters":{},"actions":[{"type":"keyDown","value":"î€‡"},{"type":"pause","duration":10},{"type":"keyUp","value":"î€‡"}]}]}
RESULT: {"actions":[{"id":"action10","type":"key","parameters":{},"actions":[{"type":"keyDown","value":"î€‡"},{"type":"pause","duration":10},{"type":"keyUp","value":"î€‡"}]}]}
COMMAND: POST /session/986c8c948b22d3df52d278b912c043dd/element - {"using":"xpath","value":"(//input[contains(@id ,\"application-managecatalogs-display-component---detailCatalog--ValuesTable-1-inner\")])[1]"}
COMMAND: GET /session/986c8c948b22d3df52d278b912c043dd/screenshot - {}
RESULT: {"using":"xpath","value":"(//input[contains(@id ,\"application-managecatalogs-display-component---detailCatalog--ValuesTable-1-inner\")])[1]"}
COMMAND: POST /session/986c8c948b22d3df52d278b912c043dd/element/f.092109B35A6735C4F983D4E1F3C5CB5B.d.79C1892702A6F1589FC4FC3F0E30CB58.e.2053/clear - {}
RESULT: {}
RESULT: {}
COMMAND: POST /session/986c8c948b22d3df52d278b912c043dd/element/f.092109B35A6735C4F983D4E1F3C5CB5B.d.79C1892702A6F1589FC4FC3F0E30CB58.e.2053/value - {"text":"D&I catalog price"}
COMMAND: GET /session/986c8c948b22d3df52d278b912c043dd/screenshot - {}
RESULT: {"text":"D&I catalog price"}
COMMAND: GET /session/986c8c948b22d3df52d278b912c043dd/screenshot - {}
RESULT: {}
RESULT: {}
COMMAND: POST /session/986c8c948b22d3df52d278b912c043dd/actions - {"actions":[{"id":"action11","type":"key","parameters":{},"actions":[{"type":"keyDown","value":"î€‡"},{"type":"pause","duration":10},{"type":"keyUp","value":"î€‡"}]}]}
RESULT: {"actions":[{"id":"action11","type":"key","parameters":{},"actions":[{"type":"keyDown","value":"î€‡"},{"type":"pause","duration":10},{"type":"keyUp","value":"î€‡"}]}]}
COMMAND: POST /session/986c8c948b22d3df52d278b912c043dd/execute/async - {"script":"<script> [1562 bytes]","args":[{"selector":{"controlType":"sap.m.Button","viewName":"etm.portal.ui.managecatalogs.view.Detail","viewId":"application-managecatalogs-display-component---detailCatalog","i18NText":{"propertyName":"text","key":"save"},"interaction":{"idSuffix":"BDI-content"}},"wdio_ui5_key":"etmportal.ui.managecatalogs.view.Detailsap.m.Button{\"propertyName\":\"text\",\"key\":\"save\"}"}]}
COMMAND: GET /session/986c8c948b22d3df52d278b912c043dd/screenshot - {}
RESULT: {"script":"<script> [1562 bytes]","args":[{"selector":{"controlType":"sap.m.Button","viewName":"etm.portal.ui.managecatalogs.view.Detail","viewId":"application-managecatalogs-display-component---detailCatalog","i18NText":{"propertyName":"text","key":"save"},"interaction":{"idSuffix":"BDI-content"}},"wdio_ui5_key":"etmportal.ui.managecatalogs.view.Detailsap.m.Button{\"propertyName\":\"text\",\"key\":\"save\"}"}]}
RESULT: undefined
COMMAND: POST /session/986c8c948b22d3df52d278b912c043dd/element - {"using":"xpath","value":"//*[@id=\"__button51\"]"}
RESULT: {}
RESULT: {"using":"xpath","value":"//*[@id=\"__button51\"]"}
COMMAND: POST /session/986c8c948b22d3df52d278b912c043dd/element/f.092109B35A6735C4F983D4E1F3C5CB5B.d.79C1892702A6F1589FC4FC3F0E30CB58.e.1989/click - {}
RESULT: {}
COMMAND: GET /session/986c8c948b22d3df52d278b912c043dd/screenshot - {}
RESULT: {}
COMMAND: POST /session/986c8c948b22d3df52d278b912c043dd/execute/async - {"script":"<script> [1562 bytes]","args":[{"selector":{"controlType":"sap.m.Text","properties":{"text":"Existing values with the same start date!"},"searchOpenDialogs":true},"wdio_ui5_key":"sapm.Text{\"text\":\"Existing values with the same start date!\"}"}]}
RESULT: {"script":"<script> [1562 bytes]","args":[{"selector":{"controlType":"sap.m.Text","properties":{"text":"Existing values with the same start date!"},"searchOpenDialogs":true},"wdio_ui5_key":"sapm.Text{\"text\":\"Existing values with the same start date!\"}"}]}
RESULT: undefined
COMMAND: POST /session/986c8c948b22d3df52d278b912c043dd/execute/async - {"script":"<script> [6424 bytes]","args":[{"element-6066-11e4-a52e-4f735466cecf":"f.092109B35A6735C4F983D4E1F3C5CB5B.d.79C1892702A6F1589FC4FC3F0E30CB58.e.2069"},"getText",[]]}
RESULT: {"script":"<script> [6424 bytes]","args":[{"element-6066-11e4-a52e-4f735466cecf":"f.092109B35A6735C4F983D4E1F3C5CB5B.d.79C1892702A6F1589FC4FC3F0E30CB58.e.2069"},"getText",[]]}
COMMAND: POST /session/986c8c948b22d3df52d278b912c043dd/execute/async - {"script":"<script> [1562 bytes]","args":[{"selector":{"controlType":"sap.m.Button","properties":{"text":"OK"},"searchOpenDialogs":true,"interaction":{"idSuffix":"BDI-content"}},"wdio_ui5_key":"sapm.Button{\"text\":\"OK\"}"}]}
RESULT: {"script":"<script> [1562 bytes]","args":[{"selector":{"controlType":"sap.m.Button","properties":{"text":"OK"},"searchOpenDialogs":true,"interaction":{"idSuffix":"BDI-content"}},"wdio_ui5_key":"sapm.Button{\"text\":\"OK\"}"}]}
RESULT: undefined
COMMAND: POST /session/986c8c948b22d3df52d278b912c043dd/element - {"using":"xpath","value":"//*[@id=\"__mbox-btn-0\"]"}
RESULT: {"using":"xpath","value":"//*[@id=\"__mbox-btn-0\"]"}
COMMAND: POST /session/986c8c948b22d3df52d278b912c043dd/element/f.092109B35A6735C4F983D4E1F3C5CB5B.d.79C1892702A6F1589FC4FC3F0E30CB58.e.2065/click - {}
RESULT: {}
COMMAND: POST /session/986c8c948b22d3df52d278b912c043dd/execute/async - {"script":"<script> [1562 bytes]","args":[{"selector":{"controlType":"sap.m.DatePicker","viewName":"etm.portal.ui.managecatalogs.view.Detail","viewId":"application-managecatalogs-display-component---detailCatalog","bindingPath":{"propertyPath":"VALID_TO","modelName":"catalogModel"},"interaction":{"idSuffix":"inner"}},"wdio_ui5_key":"etmportal.ui.managecatalogs.view.Detailsap.m.DatePicker{\"propertyPath\":\"VALID_TO\",\"modelName\":\"catalogModel\"}"}]}
COMMAND: GET /session/986c8c948b22d3df52d278b912c043dd/screenshot - {}
RESULT: {"script":"<script> [1562 bytes]","args":[{"selector":{"controlType":"sap.m.DatePicker","viewName":"etm.portal.ui.managecatalogs.view.Detail","viewId":"application-managecatalogs-display-component---detailCatalog","bindingPath":{"propertyPath":"VALID_TO","modelName":"catalogModel"},"interaction":{"idSuffix":"inner"}},"wdio_ui5_key":"etmportal.ui.managecatalogs.view.Detailsap.m.DatePicker{\"propertyPath\":\"VALID_TO\",\"modelName\":\"catalogModel\"}"}]}
RESULT: undefined
COMMAND: POST /session/986c8c948b22d3df52d278b912c043dd/execute/async - {"script":"<script> [776 bytes]","args":[{"enterText":"06/05/25","selector":{"controlType":"sap.m.DatePicker","viewName":"etm.portal.ui.managecatalogs.view.Detail","viewId":"application-managecatalogs-display-component---detailCatalog","bindingPath":{"propertyPath":"VALID_TO","modelName":"catalogModel"},"interaction":{"idSuffix":"inner"}},"clearTextFirst":true,"interactionType":"ENTER_TEXT"}]}
RESULT: {}
RESULT: {"script":"<script> [776 bytes]","args":[{"enterText":"06/05/25","selector":{"controlType":"sap.m.DatePicker","viewName":"etm.portal.ui.managecatalogs.view.Detail","viewId":"application-managecatalogs-display-component---detailCatalog","bindingPath":{"propertyPath":"VALID_TO","modelName":"catalogModel"},"interaction":{"idSuffix":"inner"}},"clearTextFirst":true,"interactionType":"ENTER_TEXT"}]}
COMMAND: POST /session/986c8c948b22d3df52d278b912c043dd/element - {"using":"xpath","value":"(//input[contains(@id ,\"-application-managecatalogs-display-component---detailCatalog--ValuesTable-0-inner\")])[7]"}
RESULT: {"using":"xpath","value":"(//input[contains(@id ,\"-application-managecatalogs-display-component---detailCatalog--ValuesTable-0-inner\")])[7]"}
COMMAND: POST /session/986c8c948b22d3df52d278b912c043dd/element/f.092109B35A6735C4F983D4E1F3C5CB5B.d.79C1892702A6F1589FC4FC3F0E30CB58.e.2035/clear - {}
RESULT: {}
COMMAND: POST /session/986c8c948b22d3df52d278b912c043dd/element/f.092109B35A6735C4F983D4E1F3C5CB5B.d.79C1892702A6F1589FC4FC3F0E30CB58.e.2035/value - {"text":"06/05/25"}
COMMAND: GET /session/986c8c948b22d3df52d278b912c043dd/screenshot - {}
RESULT: {"text":"06/05/25"}
COMMAND: POST /session/986c8c948b22d3df52d278b912c043dd/element - {"using":"xpath","value":"(//input[contains(@id ,\"application-managecatalogs-display-component---detailCatalog--ValuesTable-1-inner\")])[6]"}
COMMAND: GET /session/986c8c948b22d3df52d278b912c043dd/screenshot - {}
RESULT: {}
RESULT: {"using":"xpath","value":"(//input[contains(@id ,\"application-managecatalogs-display-component---detailCatalog--ValuesTable-1-inner\")])[6]"}
COMMAND: POST /session/986c8c948b22d3df52d278b912c043dd/element/f.092109B35A6735C4F983D4E1F3C5CB5B.d.79C1892702A6F1589FC4FC3F0E30CB58.e.2058/clear - {}
RESULT: {}
RESULT: {}
COMMAND: POST /session/986c8c948b22d3df52d278b912c043dd/element/f.092109B35A6735C4F983D4E1F3C5CB5B.d.79C1892702A6F1589FC4FC3F0E30CB58.e.2058/value - {"text":"06/06/25"}
COMMAND: GET /session/986c8c948b22d3df52d278b912c043dd/screenshot - {}
RESULT: {"text":"06/06/25"}
COMMAND: POST /session/986c8c948b22d3df52d278b912c043dd/element - {"using":"xpath","value":"//bdi[contains(text(), \"Save\")]"}
COMMAND: GET /session/986c8c948b22d3df52d278b912c043dd/screenshot - {}
RESULT: {}
RESULT: {"using":"xpath","value":"//bdi[contains(text(), \"Save\")]"}
COMMAND: POST /session/986c8c948b22d3df52d278b912c043dd/element/f.092109B35A6735C4F983D4E1F3C5CB5B.d.79C1892702A6F1589FC4FC3F0E30CB58.e.2064/click - {}
RESULT: {}
RESULT: {}
COMMAND: POST /session/986c8c948b22d3df52d278b912c043dd/execute/async - {"script":"<script> [1562 bytes]","args":[{"selector":{"controlType":"sap.m.Title","properties":{"text":"Warning"},"searchOpenDialogs":true},"wdio_ui5_key":"sapm.Title{\"text\":\"Warning\"}"}]}
COMMAND: GET /session/986c8c948b22d3df52d278b912c043dd/screenshot - {}
RESULT: {"script":"<script> [1562 bytes]","args":[{"selector":{"controlType":"sap.m.Title","properties":{"text":"Warning"},"searchOpenDialogs":true},"wdio_ui5_key":"sapm.Title{\"text\":\"Warning\"}"}]}
RESULT: undefined
COMMAND: POST /session/986c8c948b22d3df52d278b912c043dd/execute/async - {"script":"<script> [6424 bytes]","args":[{"element-6066-11e4-a52e-4f735466cecf":"f.092109B35A6735C4F983D4E1F3C5CB5B.d.79C1892702A6F1589FC4FC3F0E30CB58.e.2075"},"getText",[]]}
RESULT: {}
RESULT: {"script":"<script> [6424 bytes]","args":[{"element-6066-11e4-a52e-4f735466cecf":"f.092109B35A6735C4F983D4E1F3C5CB5B.d.79C1892702A6F1589FC4FC3F0E30CB58.e.2075"},"getText",[]]}
COMMAND: POST /session/986c8c948b22d3df52d278b912c043dd/execute/async - {"script":"<script> [1562 bytes]","args":[{"selector":{"controlType":"sap.m.Button","properties":{"text":"Yes"},"searchOpenDialogs":true,"interaction":{"idSuffix":"BDI-content"}},"wdio_ui5_key":"sapm.Button{\"text\":\"Yes\"}"}]}
RESULT: {"script":"<script> [1562 bytes]","args":[{"selector":{"controlType":"sap.m.Button","properties":{"text":"Yes"},"searchOpenDialogs":true,"interaction":{"idSuffix":"BDI-content"}},"wdio_ui5_key":"sapm.Button{\"text\":\"Yes\"}"}]}
RESULT: undefined
COMMAND: POST /session/986c8c948b22d3df52d278b912c043dd/element - {"using":"xpath","value":"//*[@id=\"__mbox-btn-1\"]"}
RESULT: {"using":"xpath","value":"//*[@id=\"__mbox-btn-1\"]"}
COMMAND: POST /session/986c8c948b22d3df52d278b912c043dd/element/f.092109B35A6735C4F983D4E1F3C5CB5B.d.79C1892702A6F1589FC4FC3F0E30CB58.e.2073/click - {}
RESULT: {}
COMMAND: GET /session/986c8c948b22d3df52d278b912c043dd/screenshot - {}
RESULT: {}
COMMAND: POST /session/986c8c948b22d3df52d278b912c043dd/refresh - {}
RESULT: {}
COMMAND: GET /session/986c8c948b22d3df52d278b912c043dd/screenshot - {}
RESULT: {}
COMMAND: POST /session/986c8c948b22d3df52d278b912c043dd/execute/async - {"script":"<script> [189 bytes]","args":[]}
RESULT: {"script":"<script> [189 bytes]","args":[]}
COMMAND: POST /session/986c8c948b22d3df52d278b912c043dd/execute/async - {"script":"<script> [123 bytes]","args":[]}
RESULT: {"script":"<script> [123 bytes]","args":[]}
COMMAND: POST /session/986c8c948b22d3df52d278b912c043dd/timeouts - {"script":"<number>"}
RESULT: {"script":"<number>"}
COMMAND: GET /session/986c8c948b22d3df52d278b912c043dd/timeouts - {}
RESULT: {}
RESULT: undefined
COMMAND: POST /session/986c8c948b22d3df52d278b912c043dd/execute/async - {"script":"<script> [2676 bytes]","args":[]}
RESULT: {"script":"<script> [2676 bytes]","args":[]}
COMMAND: POST /session/986c8c948b22d3df52d278b912c043dd/execute/async - {"script":"<script> [2342 bytes]","args":[{"protocol":"http","hostname":"0.0.0.0","path":"/","capabilities":{"browserName":"chrome","goog:chromeOptions":{"binary":"C:\\Program Files\\Google\\Chrome\\Application\\chrome.exe","args":["--start-maximized"]}},"logLevel":"warn","connectionRetryTimeout":120000,"connectionRetryCount":3,"logLevels":{},"enableDirectConnect":true,"strictSSL":true,"_":"65 more keys: [\"cacheDir\",\"port\",\"requestedCapabilities\",\"automationProtocol\",\"baseUrl\",\"waitforInterval\",\"waitforTimeout\",\"onReload\",\"beforeCommand\",\"afterCommand\",\"rootDir\",\"specs\",\"suites\",\"exclude\",\"groupLogsByTestSpec\",\"excludeDriverLogs\",\"bail\",\"framework\",\"reporters\",\"services\",\"maxInstances\",\"maxInstancesPerCapability\",\"injectGlobals\",\"filesToWatch\",\"execArgv\",\"runnerEnv\",\"runner\",\"shard\",\"specFileRetries\",\"specFileRetriesDelay\",\"specFileRetriesDeferred\",\"reporterSyncInterval\",\"reporterSyncTimeout\",\"cucumberFeaturesWithLineNumbers\",\"autoCompileOpts\",\"mochaOpts\",\"jasmineOpts\",\"cucumberOpts\",\"onPrepare\",\"onWorkerStart\",\"onWorkerEnd\",\"before\",\"beforeSession\",\"beforeSuite\",\"beforeHook\",\"beforeTest\",\"afterTest\",\"afterHook\",\"afterSuite\",\"afterSession\",\"after\",\"onComplete\",\"beforeAssertion\",\"afterAssertion\",\"beforeFeature\",\"beforeScenario\",\"beforeStep\",\"afterStep\",\"afterScenario\",\"afterFeature\",\"_\",\"suite\",\"$0\",\"ignoredWorkerServices\",\"wdi5\"]"}]}
RESULT: {"script":"<script> [2342 bytes]","args":[{"protocol":"http","hostname":"0.0.0.0","path":"/","capabilities":{"browserName":"chrome","goog:chromeOptions":{"binary":"C:\\Program Files\\Google\\Chrome\\Application\\chrome.exe","args":["--start-maximized"]}},"logLevel":"warn","connectionRetryTimeout":120000,"connectionRetryCount":3,"logLevels":{},"enableDirectConnect":true,"strictSSL":true,"_":"65 more keys: [\"cacheDir\",\"port\",\"requestedCapabilities\",\"automationProtocol\",\"baseUrl\",\"waitforInterval\",\"waitforTimeout\",\"onReload\",\"beforeCommand\",\"afterCommand\",\"rootDir\",\"specs\",\"suites\",\"exclude\",\"groupLogsByTestSpec\",\"excludeDriverLogs\",\"bail\",\"framework\",\"reporters\",\"services\",\"maxInstances\",\"maxInstancesPerCapability\",\"injectGlobals\",\"filesToWatch\",\"execArgv\",\"runnerEnv\",\"runner\",\"shard\",\"specFileRetries\",\"specFileRetriesDelay\",\"specFileRetriesDeferred\",\"reporterSyncInterval\",\"reporterSyncTimeout\",\"cucumberFeaturesWithLineNumbers\",\"autoCompileOpts\",\"mochaOpts\",\"jasmineOpts\",\"cucumberOpts\",\"onPrepare\",\"onWorkerStart\",\"onWorkerEnd\",\"before\",\"beforeSession\",\"beforeSuite\",\"beforeHook\",\"beforeTest\",\"afterTest\",\"afterHook\",\"afterSuite\",\"afterSession\",\"after\",\"onComplete\",\"beforeAssertion\",\"afterAssertion\",\"beforeFeature\",\"beforeScenario\",\"beforeStep\",\"afterStep\",\"afterScenario\",\"afterFeature\",\"_\",\"suite\",\"$0\",\"ignoredWorkerServices\",\"wdi5\"]"}]}
COMMAND: POST /session/986c8c948b22d3df52d278b912c043dd/execute/async - {"script":"<script> [21126 bytes]","args":[35000]}
RESULT: {"script":"<script> [21126 bytes]","args":[35000]}
COMMAND: POST /session/986c8c948b22d3df52d278b912c043dd/execute/async - {"script":"<script> [1562 bytes]","args":[{"selector":{"id":"application-managecatalogs-display-component---detailCatalog--ValuesSmartTable-header"},"wdio_ui5_key":"applicationmanagecatalogs-display-component---detailCatalog--ValuesSmartTable-header"}]}
RESULT: {"script":"<script> [1562 bytes]","args":[{"selector":{"id":"application-managecatalogs-display-component---detailCatalog--ValuesSmartTable-header"},"wdio_ui5_key":"applicationmanagecatalogs-display-component---detailCatalog--ValuesSmartTable-header"}]}
RESULT: undefined
COMMAND: POST /session/986c8c948b22d3df52d278b912c043dd/execute/async - {"script":"<script> [6424 bytes]","args":[{"element-6066-11e4-a52e-4f735466cecf":"f.092109B35A6735C4F983D4E1F3C5CB5B.d.80208F1EE202E3A999C6F4FF1DB52F30.e.2158"},"getText",[]]}
RESULT: {"script":"<script> [6424 bytes]","args":[{"element-6066-11e4-a52e-4f735466cecf":"f.092109B35A6735C4F983D4E1F3C5CB5B.d.80208F1EE202E3A999C6F4FF1DB52F30.e.2158"},"getText",[]]}
COMMAND: POST /session/986c8c948b22d3df52d278b912c043dd/execute/async - {"script":"<script> [1562 bytes]","args":[{"selector":{"controlType":"sap.m.Button","viewName":"etm.portal.ui.managecatalogs.view.Detail","viewId":"application-managecatalogs-display-component---detailCatalog","i18NText":{"propertyName":"text","key":"edit"},"interaction":{"idSuffix":"BDI-content"}},"wdio_ui5_key":"etmportal.ui.managecatalogs.view.Detailsap.m.Button{\"propertyName\":\"text\",\"key\":\"edit\"}"}]}
RESULT: {"script":"<script> [1562 bytes]","args":[{"selector":{"controlType":"sap.m.Button","viewName":"etm.portal.ui.managecatalogs.view.Detail","viewId":"application-managecatalogs-display-component---detailCatalog","i18NText":{"propertyName":"text","key":"edit"},"interaction":{"idSuffix":"BDI-content"}},"wdio_ui5_key":"etmportal.ui.managecatalogs.view.Detailsap.m.Button{\"propertyName\":\"text\",\"key\":\"edit\"}"}]}
RESULT: undefined
COMMAND: POST /session/986c8c948b22d3df52d278b912c043dd/element - {"using":"xpath","value":"//*[@id=\"__button25\"]"}
RESULT: {"using":"xpath","value":"//*[@id=\"__button25\"]"}
COMMAND: POST /session/986c8c948b22d3df52d278b912c043dd/element/f.092109B35A6735C4F983D4E1F3C5CB5B.d.80208F1EE202E3A999C6F4FF1DB52F30.e.2160/click - {}
RESULT: {}
COMMAND: POST /session/986c8c948b22d3df52d278b912c043dd/execute/async - {"script":"<script> [1562 bytes]","args":[{"selector":{"id":"application-managecatalogs-display-component---detailCatalog--ObjectPageLayout-anchBar-application-managecatalogs-display-component---detailCatalog--sectionValues-anchor","interaction":{"idSuffix":"BDI-content"}},"wdio_ui5_key":"applicationmanagecatalogs-display-component---detailCatalog--ObjectPageLayout-anchBar-application-managecatalogs-display-component---detailCatalog--sectionValues-anchor"}]}
COMMAND: GET /session/986c8c948b22d3df52d278b912c043dd/screenshot - {}
RESULT: {"script":"<script> [1562 bytes]","args":[{"selector":{"id":"application-managecatalogs-display-component---detailCatalog--ObjectPageLayout-anchBar-application-managecatalogs-display-component---detailCatalog--sectionValues-anchor","interaction":{"idSuffix":"BDI-content"}},"wdio_ui5_key":"applicationmanagecatalogs-display-component---detailCatalog--ObjectPageLayout-anchBar-application-managecatalogs-display-component---detailCatalog--sectionValues-anchor"}]}
RESULT: undefined
COMMAND: POST /session/986c8c948b22d3df52d278b912c043dd/element - {"using":"xpath","value":"//*[@id=\"application-managecatalogs-display-component---detailCatalog--ObjectPageLayout-anchBar-application-managecatalogs-display-component---detailCatalog--sectionValues-anchor\"]"}
RESULT: {}
RESULT: {"using":"xpath","value":"//*[@id=\"application-managecatalogs-display-component---detailCatalog--ObjectPageLayout-anchBar-application-managecatalogs-display-component---detailCatalog--sectionValues-anchor\"]"}
COMMAND: POST /session/986c8c948b22d3df52d278b912c043dd/element/f.092109B35A6735C4F983D4E1F3C5CB5B.d.80208F1EE202E3A999C6F4FF1DB52F30.e.2201/click - {}
RESULT: {}
COMMAND: GET /session/986c8c948b22d3df52d278b912c043dd/screenshot - {}
RESULT: {}
COMMAND: POST /session/986c8c948b22d3df52d278b912c043dd/execute/async - {"script":"<script> [1562 bytes]","args":[{"selector":{"id":"application-managecatalogs-display-component---detailCatalog--ValuesTable-sa","interaction":{"idSuffix":"CbBg"}},"wdio_ui5_key":"applicationmanagecatalogs-display-component---detailCatalog--ValuesTable-sa"}]}
RESULT: {"script":"<script> [1562 bytes]","args":[{"selector":{"id":"application-managecatalogs-display-component---detailCatalog--ValuesTable-sa","interaction":{"idSuffix":"CbBg"}},"wdio_ui5_key":"applicationmanagecatalogs-display-component---detailCatalog--ValuesTable-sa"}]}
RESULT: undefined
COMMAND: POST /session/986c8c948b22d3df52d278b912c043dd/element - {"using":"xpath","value":"//*[@id=\"application-managecatalogs-display-component---detailCatalog--ValuesTable-sa\"]"}
RESULT: {"using":"xpath","value":"//*[@id=\"application-managecatalogs-display-component---detailCatalog--ValuesTable-sa\"]"}
COMMAND: POST /session/986c8c948b22d3df52d278b912c043dd/element/f.092109B35A6735C4F983D4E1F3C5CB5B.d.80208F1EE202E3A999C6F4FF1DB52F30.e.2207/click - {}
RESULT: {}
COMMAND: POST /session/986c8c948b22d3df52d278b912c043dd/execute/async - {"script":"<script> [1562 bytes]","args":[{"selector":{"controlType":"sap.ui.core.Icon","viewName":"etm.portal.ui.managecatalogs.view.Detail","viewId":"application-managecatalogs-display-component---detailCatalog","properties":{"src":{"regex":{"source":"delete"}}},"ancestor":{"id":"application-managecatalogs-display-component---detailCatalog--ValuesTable"}},"wdio_ui5_key":"etmportal.ui.managecatalogs.view.Detailsap.ui.core.Icon{\"src\":{\"regex\":{\"source\":\"delete\"}}}{\"id\":\"application-managecatalogs-display-component---detailCatalog--ValuesTable\"}"}]}
COMMAND: GET /session/986c8c948b22d3df52d278b912c043dd/screenshot - {}
RESULT: {"script":"<script> [1562 bytes]","args":[{"selector":{"controlType":"sap.ui.core.Icon","viewName":"etm.portal.ui.managecatalogs.view.Detail","viewId":"application-managecatalogs-display-component---detailCatalog","properties":{"src":{"regex":{"source":"delete"}}},"ancestor":{"id":"application-managecatalogs-display-component---detailCatalog--ValuesTable"}},"wdio_ui5_key":"etmportal.ui.managecatalogs.view.Detailsap.ui.core.Icon{\"src\":{\"regex\":{\"source\":\"delete\"}}}{\"id\":\"application-managecatalogs-display-component---detailCatalog--ValuesTable\"}"}]}
RESULT: undefined
COMMAND: POST /session/986c8c948b22d3df52d278b912c043dd/element - {"using":"xpath","value":"//*[@id=\"__button36-img\"]"}
RESULT: {}
RESULT: {"using":"xpath","value":"//*[@id=\"__button36-img\"]"}
COMMAND: POST /session/986c8c948b22d3df52d278b912c043dd/element/f.092109B35A6735C4F983D4E1F3C5CB5B.d.80208F1EE202E3A999C6F4FF1DB52F30.e.2208/click - {}
RESULT: {}
COMMAND: POST /session/986c8c948b22d3df52d278b912c043dd/execute/async - {"script":"<script> [1562 bytes]","args":[{"selector":{"controlType":"sap.m.Button","properties":{"text":"Yes"},"searchOpenDialogs":true,"interaction":{"idSuffix":"BDI-content"}},"wdio_ui5_key":"sapm.Button{\"text\":\"Yes\"}"}]}
COMMAND: GET /session/986c8c948b22d3df52d278b912c043dd/screenshot - {}
RESULT: {"script":"<script> [1562 bytes]","args":[{"selector":{"controlType":"sap.m.Button","properties":{"text":"Yes"},"searchOpenDialogs":true,"interaction":{"idSuffix":"BDI-content"}},"wdio_ui5_key":"sapm.Button{\"text\":\"Yes\"}"}]}
RESULT: undefined
COMMAND: POST /session/986c8c948b22d3df52d278b912c043dd/element - {"using":"xpath","value":"//*[@id=\"__mbox-btn-0\"]"}
RESULT: {}
RESULT: {"using":"xpath","value":"//*[@id=\"__mbox-btn-0\"]"}
COMMAND: POST /session/986c8c948b22d3df52d278b912c043dd/element/f.092109B35A6735C4F983D4E1F3C5CB5B.d.80208F1EE202E3A999C6F4FF1DB52F30.e.2210/click - {}
RESULT: {}
COMMAND: GET /session/986c8c948b22d3df52d278b912c043dd/screenshot - {}
RESULT: {}
COMMAND: POST /session/986c8c948b22d3df52d278b912c043dd/execute/async - {"script":"<script> [1562 bytes]","args":[{"selector":{"controlType":"sap.m.Button","viewName":"etm.portal.ui.managecatalogs.view.Detail","viewId":"application-managecatalogs-display-component---detailCatalog","i18NText":{"propertyName":"text","key":"save"},"interaction":{"idSuffix":"BDI-content"}},"wdio_ui5_key":"etmportal.ui.managecatalogs.view.Detailsap.m.Button{\"propertyName\":\"text\",\"key\":\"save\"}"}]}
RESULT: {"script":"<script> [1562 bytes]","args":[{"selector":{"controlType":"sap.m.Button","viewName":"etm.portal.ui.managecatalogs.view.Detail","viewId":"application-managecatalogs-display-component---detailCatalog","i18NText":{"propertyName":"text","key":"save"},"interaction":{"idSuffix":"BDI-content"}},"wdio_ui5_key":"etmportal.ui.managecatalogs.view.Detailsap.m.Button{\"propertyName\":\"text\",\"key\":\"save\"}"}]}
RESULT: undefined
COMMAND: POST /session/986c8c948b22d3df52d278b912c043dd/element - {"using":"xpath","value":"//*[@id=\"__button43\"]"}
RESULT: {"using":"xpath","value":"//*[@id=\"__button43\"]"}
COMMAND: POST /session/986c8c948b22d3df52d278b912c043dd/element/f.092109B35A6735C4F983D4E1F3C5CB5B.d.80208F1EE202E3A999C6F4FF1DB52F30.e.2215/click - {}
RESULT: {}
COMMAND: GET /session/986c8c948b22d3df52d278b912c043dd/screenshot - {}
RESULT: {}
RESULT: undefined
COMMAND: POST /session/986c8c948b22d3df52d278b912c043dd/element - {"using":"xpath","value":"//*[@id=\"__button25\"]"}
RESULT: {"using":"xpath","value":"//*[@id=\"__button25\"]"}
COMMAND: POST /session/986c8c948b22d3df52d278b912c043dd/element/f.092109B35A6735C4F983D4E1F3C5CB5B.d.80208F1EE202E3A999C6F4FF1DB52F30.e.2217/click - {}
RESULT: {}
COMMAND: GET /session/986c8c948b22d3df52d278b912c043dd/screenshot - {}
RESULT: {}
RESULT: undefined
COMMAND: POST /session/986c8c948b22d3df52d278b912c043dd/element - {"using":"xpath","value":"//*[@id=\"application-managecatalogs-display-component---detailCatalog--ObjectPageLayout-anchBar-application-managecatalogs-display-component---detailCatalog--sectionValues-anchor\"]"}
RESULT: {"using":"xpath","value":"//*[@id=\"application-managecatalogs-display-component---detailCatalog--ObjectPageLayout-anchBar-application-managecatalogs-display-component---detailCatalog--sectionValues-anchor\"]"}
COMMAND: POST /session/986c8c948b22d3df52d278b912c043dd/element/f.092109B35A6735C4F983D4E1F3C5CB5B.d.80208F1EE202E3A999C6F4FF1DB52F30.e.2247/click - {}
RESULT: {}
COMMAND: GET /session/986c8c948b22d3df52d278b912c043dd/screenshot - {}
RESULT: {}
COMMAND: POST /session/986c8c948b22d3df52d278b912c043dd/execute/async - {"script":"<script> [1562 bytes]","args":[{"selector":{"controlType":"sap.ui.core.Icon","viewName":"etm.portal.ui.managecatalogs.view.Detail","viewId":"application-managecatalogs-display-component---detailCatalog","properties":{"src":{"regex":{"source":"add"}}},"ancestor":{"id":"application-managecatalogs-display-component---detailCatalog--ValuesTable"}},"wdio_ui5_key":"etmportal.ui.managecatalogs.view.Detailsap.ui.core.Icon{\"src\":{\"regex\":{\"source\":\"add\"}}}{\"id\":\"application-managecatalogs-display-component---detailCatalog--ValuesTable\"}"}]}
RESULT: {"script":"<script> [1562 bytes]","args":[{"selector":{"controlType":"sap.ui.core.Icon","viewName":"etm.portal.ui.managecatalogs.view.Detail","viewId":"application-managecatalogs-display-component---detailCatalog","properties":{"src":{"regex":{"source":"add"}}},"ancestor":{"id":"application-managecatalogs-display-component---detailCatalog--ValuesTable"}},"wdio_ui5_key":"etmportal.ui.managecatalogs.view.Detailsap.ui.core.Icon{\"src\":{\"regex\":{\"source\":\"add\"}}}{\"id\":\"application-managecatalogs-display-component---detailCatalog--ValuesTable\"}"}]}
RESULT: undefined
COMMAND: POST /session/986c8c948b22d3df52d278b912c043dd/element - {"using":"xpath","value":"//*[@id=\"__button37-img\"]"}
RESULT: {"using":"xpath","value":"//*[@id=\"__button37-img\"]"}
COMMAND: POST /session/986c8c948b22d3df52d278b912c043dd/element/f.092109B35A6735C4F983D4E1F3C5CB5B.d.80208F1EE202E3A999C6F4FF1DB52F30.e.2250/click - {}
RESULT: {}
RESULT: undefined
COMMAND: POST /session/986c8c948b22d3df52d278b912c043dd/element - {"using":"xpath","value":"//*[@id=\"__button37-img\"]"}
COMMAND: GET /session/986c8c948b22d3df52d278b912c043dd/screenshot - {}
RESULT: {"using":"xpath","value":"//*[@id=\"__button37-img\"]"}
COMMAND: POST /session/986c8c948b22d3df52d278b912c043dd/element/f.092109B35A6735C4F983D4E1F3C5CB5B.d.80208F1EE202E3A999C6F4FF1DB52F30.e.2250/click - {}
RESULT: {}
RESULT: {}
COMMAND: POST /session/986c8c948b22d3df52d278b912c043dd/element - {"using":"xpath","value":"(//input[contains(@id ,\"application-managecatalogs-display-component---detailCatalog--ValuesTable-0-inner\")])[1]"}
COMMAND: GET /session/986c8c948b22d3df52d278b912c043dd/screenshot - {}
RESULT: {"using":"xpath","value":"(//input[contains(@id ,\"application-managecatalogs-display-component---detailCatalog--ValuesTable-0-inner\")])[1]"}
COMMAND: POST /session/986c8c948b22d3df52d278b912c043dd/element/f.092109B35A6735C4F983D4E1F3C5CB5B.d.80208F1EE202E3A999C6F4FF1DB52F30.e.2253/clear - {}
RESULT: {}
RESULT: {}
COMMAND: POST /session/986c8c948b22d3df52d278b912c043dd/element/f.092109B35A6735C4F983D4E1F3C5CB5B.d.80208F1EE202E3A999C6F4FF1DB52F30.e.2253/value - {"text":"D&I catalog price"}
COMMAND: GET /session/986c8c948b22d3df52d278b912c043dd/screenshot - {}
RESULT: {"text":"D&I catalog price"}
COMMAND: GET /session/986c8c948b22d3df52d278b912c043dd/screenshot - {}
RESULT: {}
RESULT: {}
COMMAND: POST /session/986c8c948b22d3df52d278b912c043dd/actions - {"actions":[{"id":"action12","type":"key","parameters":{},"actions":[{"type":"keyDown","value":"î€‡"},{"type":"pause","duration":10},{"type":"keyUp","value":"î€‡"}]}]}
RESULT: {"actions":[{"id":"action12","type":"key","parameters":{},"actions":[{"type":"keyDown","value":"î€‡"},{"type":"pause","duration":10},{"type":"keyUp","value":"î€‡"}]}]}
COMMAND: POST /session/986c8c948b22d3df52d278b912c043dd/element - {"using":"xpath","value":"(//input[contains(@id ,\"application-managecatalogs-display-component---detailCatalog--ValuesTable-1-inner\")])[1]"}
COMMAND: GET /session/986c8c948b22d3df52d278b912c043dd/screenshot - {}
RESULT: {"using":"xpath","value":"(//input[contains(@id ,\"application-managecatalogs-display-component---detailCatalog--ValuesTable-1-inner\")])[1]"}
COMMAND: POST /session/986c8c948b22d3df52d278b912c043dd/element/f.092109B35A6735C4F983D4E1F3C5CB5B.d.80208F1EE202E3A999C6F4FF1DB52F30.e.2267/clear - {}
RESULT: {}
RESULT: {}
COMMAND: POST /session/986c8c948b22d3df52d278b912c043dd/element/f.092109B35A6735C4F983D4E1F3C5CB5B.d.80208F1EE202E3A999C6F4FF1DB52F30.e.2267/value - {"text":"D&I catalog price"}
COMMAND: GET /session/986c8c948b22d3df52d278b912c043dd/screenshot - {}
RESULT: {"text":"D&I catalog price"}
COMMAND: GET /session/986c8c948b22d3df52d278b912c043dd/screenshot - {}
RESULT: {}
RESULT: {}
COMMAND: POST /session/986c8c948b22d3df52d278b912c043dd/actions - {"actions":[{"id":"action13","type":"key","parameters":{},"actions":[{"type":"keyDown","value":"î€‡"},{"type":"pause","duration":10},{"type":"keyUp","value":"î€‡"}]}]}
RESULT: {"actions":[{"id":"action13","type":"key","parameters":{},"actions":[{"type":"keyDown","value":"î€‡"},{"type":"pause","duration":10},{"type":"keyUp","value":"î€‡"}]}]}
COMMAND: POST /session/986c8c948b22d3df52d278b912c043dd/element - {"using":"xpath","value":"(//input[contains(@id ,\"application-managecatalogs-display-component---detailCatalog--ValuesTable-0-inner\")])[8]"}
COMMAND: GET /session/986c8c948b22d3df52d278b912c043dd/screenshot - {}
RESULT: {"using":"xpath","value":"(//input[contains(@id ,\"application-managecatalogs-display-component---detailCatalog--ValuesTable-0-inner\")])[8]"}
COMMAND: POST /session/986c8c948b22d3df52d278b912c043dd/element/f.092109B35A6735C4F983D4E1F3C5CB5B.d.80208F1EE202E3A999C6F4FF1DB52F30.e.2260/clear - {}
RESULT: {}
RESULT: {}
COMMAND: POST /session/986c8c948b22d3df52d278b912c043dd/element/f.092109B35A6735C4F983D4E1F3C5CB5B.d.80208F1EE202E3A999C6F4FF1DB52F30.e.2260/value - {"text":"101"}
COMMAND: GET /session/986c8c948b22d3df52d278b912c043dd/screenshot - {}
RESULT: {"text":"101"}
COMMAND: GET /session/986c8c948b22d3df52d278b912c043dd/screenshot - {}
RESULT: {}
RESULT: {}
COMMAND: POST /session/986c8c948b22d3df52d278b912c043dd/actions - {"actions":[{"id":"action14","type":"key","parameters":{},"actions":[{"type":"keyDown","value":"î€‡"},{"type":"pause","duration":10},{"type":"keyUp","value":"î€‡"}]}]}
RESULT: {"actions":[{"id":"action14","type":"key","parameters":{},"actions":[{"type":"keyDown","value":"î€‡"},{"type":"pause","duration":10},{"type":"keyUp","value":"î€‡"}]}]}
COMMAND: POST /session/986c8c948b22d3df52d278b912c043dd/element - {"using":"xpath","value":"(//input[contains(@id ,\"application-managecatalogs-display-component---detailCatalog--ValuesTable-1-inner\")])[8]"}
COMMAND: GET /session/986c8c948b22d3df52d278b912c043dd/screenshot - {}
RESULT: {"using":"xpath","value":"(//input[contains(@id ,\"application-managecatalogs-display-component---detailCatalog--ValuesTable-1-inner\")])[8]"}
COMMAND: POST /session/986c8c948b22d3df52d278b912c043dd/element/f.092109B35A6735C4F983D4E1F3C5CB5B.d.80208F1EE202E3A999C6F4FF1DB52F30.e.2274/clear - {}
RESULT: {}
RESULT: {}
COMMAND: POST /session/986c8c948b22d3df52d278b912c043dd/element/f.092109B35A6735C4F983D4E1F3C5CB5B.d.80208F1EE202E3A999C6F4FF1DB52F30.e.2274/value - {"text":"101"}
COMMAND: GET /session/986c8c948b22d3df52d278b912c043dd/screenshot - {}
RESULT: {"text":"101"}
COMMAND: GET /session/986c8c948b22d3df52d278b912c043dd/screenshot - {}
RESULT: {}
RESULT: {}
COMMAND: POST /session/986c8c948b22d3df52d278b912c043dd/actions - {"actions":[{"id":"action15","type":"key","parameters":{},"actions":[{"type":"keyDown","value":"î€‡"},{"type":"pause","duration":10},{"type":"keyUp","value":"î€‡"}]}]}
RESULT: {"actions":[{"id":"action15","type":"key","parameters":{},"actions":[{"type":"keyDown","value":"î€‡"},{"type":"pause","duration":10},{"type":"keyUp","value":"î€‡"}]}]}
RESULT: undefined
COMMAND: POST /session/986c8c948b22d3df52d278b912c043dd/element - {"using":"xpath","value":"//*[@id=\"__button43\"]"}
COMMAND: GET /session/986c8c948b22d3df52d278b912c043dd/screenshot - {}
RESULT: {"using":"xpath","value":"//*[@id=\"__button43\"]"}
COMMAND: POST /session/986c8c948b22d3df52d278b912c043dd/element/f.092109B35A6735C4F983D4E1F3C5CB5B.d.80208F1EE202E3A999C6F4FF1DB52F30.e.2238/click - {}
RESULT: {}
RESULT: {}
COMMAND: GET /session/986c8c948b22d3df52d278b912c043dd/screenshot - {}
RESULT: {}
COMMAND: POST /session/986c8c948b22d3df52d278b912c043dd/execute/async - {"script":"<script> [1562 bytes]","args":[{"selector":{"controlType":"sap.m.Text","properties":{"text":"Existing values with the same start date!"},"searchOpenDialogs":true},"wdio_ui5_key":"sapm.Text{\"text\":\"Existing values with the same start date!\"}"}]}
RESULT: {"script":"<script> [1562 bytes]","args":[{"selector":{"controlType":"sap.m.Text","properties":{"text":"Existing values with the same start date!"},"searchOpenDialogs":true},"wdio_ui5_key":"sapm.Text{\"text\":\"Existing values with the same start date!\"}"}]}
RESULT: undefined
COMMAND: POST /session/986c8c948b22d3df52d278b912c043dd/execute/async - {"script":"<script> [6424 bytes]","args":[{"element-6066-11e4-a52e-4f735466cecf":"f.092109B35A6735C4F983D4E1F3C5CB5B.d.80208F1EE202E3A999C6F4FF1DB52F30.e.2284"},"getText",[]]}
RESULT: {"script":"<script> [6424 bytes]","args":[{"element-6066-11e4-a52e-4f735466cecf":"f.092109B35A6735C4F983D4E1F3C5CB5B.d.80208F1EE202E3A999C6F4FF1DB52F30.e.2284"},"getText",[]]}
COMMAND: POST /session/986c8c948b22d3df52d278b912c043dd/execute/async - {"script":"<script> [1562 bytes]","args":[{"selector":{"controlType":"sap.m.Button","properties":{"text":"OK"},"searchOpenDialogs":true,"interaction":{"idSuffix":"BDI-content"}},"wdio_ui5_key":"sapm.Button{\"text\":\"OK\"}"}]}
RESULT: {"script":"<script> [1562 bytes]","args":[{"selector":{"controlType":"sap.m.Button","properties":{"text":"OK"},"searchOpenDialogs":true,"interaction":{"idSuffix":"BDI-content"}},"wdio_ui5_key":"sapm.Button{\"text\":\"OK\"}"}]}
RESULT: undefined
COMMAND: POST /session/986c8c948b22d3df52d278b912c043dd/element - {"using":"xpath","value":"//*[@id=\"__mbox-btn-2\"]"}
RESULT: {"using":"xpath","value":"//*[@id=\"__mbox-btn-2\"]"}
COMMAND: POST /session/986c8c948b22d3df52d278b912c043dd/element/f.092109B35A6735C4F983D4E1F3C5CB5B.d.80208F1EE202E3A999C6F4FF1DB52F30.e.2280/click - {}
RESULT: {}
COMMAND: POST /session/986c8c948b22d3df52d278b912c043dd/element - {"using":"xpath","value":"(//input[contains(@id ,\"application-managecatalogs-display-component---detailCatalog--ValuesTable-0-inner\")])[8]"}
COMMAND: GET /session/986c8c948b22d3df52d278b912c043dd/screenshot - {}
RESULT: {"using":"xpath","value":"(//input[contains(@id ,\"application-managecatalogs-display-component---detailCatalog--ValuesTable-0-inner\")])[8]"}
COMMAND: POST /session/986c8c948b22d3df52d278b912c043dd/element/f.092109B35A6735C4F983D4E1F3C5CB5B.d.80208F1EE202E3A999C6F4FF1DB52F30.e.2260/clear - {}
RESULT: {}
RESULT: {}
COMMAND: POST /session/986c8c948b22d3df52d278b912c043dd/element/f.092109B35A6735C4F983D4E1F3C5CB5B.d.80208F1EE202E3A999C6F4FF1DB52F30.e.2260/value - {"text":"102"}
COMMAND: GET /session/986c8c948b22d3df52d278b912c043dd/screenshot - {}
RESULT: {"text":"102"}
COMMAND: GET /session/986c8c948b22d3df52d278b912c043dd/screenshot - {}
RESULT: {}
RESULT: {}
COMMAND: POST /session/986c8c948b22d3df52d278b912c043dd/actions - {"actions":[{"id":"action16","type":"key","parameters":{},"actions":[{"type":"keyDown","value":"î€‡"},{"type":"pause","duration":10},{"type":"keyUp","value":"î€‡"}]}]}
RESULT: {"actions":[{"id":"action16","type":"key","parameters":{},"actions":[{"type":"keyDown","value":"î€‡"},{"type":"pause","duration":10},{"type":"keyUp","value":"î€‡"}]}]}
COMMAND: GET /session/986c8c948b22d3df52d278b912c043dd/screenshot - {}
RESULT: {}
RESULT: undefined
COMMAND: POST /session/986c8c948b22d3df52d278b912c043dd/element - {"using":"xpath","value":"//*[@id=\"__button43\"]"}
RESULT: {"using":"xpath","value":"//*[@id=\"__button43\"]"}
COMMAND: POST /session/986c8c948b22d3df52d278b912c043dd/element/f.092109B35A6735C4F983D4E1F3C5CB5B.d.80208F1EE202E3A999C6F4FF1DB52F30.e.2238/click - {}
RESULT: {}
COMMAND: GET /session/986c8c948b22d3df52d278b912c043dd/screenshot - {}
RESULT: {}
COMMAND: POST /session/986c8c948b22d3df52d278b912c043dd/refresh - {}
RESULT: {}
COMMAND: GET /session/986c8c948b22d3df52d278b912c043dd/screenshot - {}
RESULT: {}
COMMAND: POST /session/986c8c948b22d3df52d278b912c043dd/execute/async - {"script":"<script> [189 bytes]","args":[]}
RESULT: {"script":"<script> [189 bytes]","args":[]}
COMMAND: POST /session/986c8c948b22d3df52d278b912c043dd/execute/async - {"script":"<script> [123 bytes]","args":[]}
RESULT: {"script":"<script> [123 bytes]","args":[]}
COMMAND: POST /session/986c8c948b22d3df52d278b912c043dd/timeouts - {"script":"<number>"}
RESULT: {"script":"<number>"}
COMMAND: GET /session/986c8c948b22d3df52d278b912c043dd/timeouts - {}
RESULT: {}
RESULT: undefined
COMMAND: POST /session/986c8c948b22d3df52d278b912c043dd/execute/async - {"script":"<script> [2676 bytes]","args":[]}
RESULT: {"script":"<script> [2676 bytes]","args":[]}
COMMAND: POST /session/986c8c948b22d3df52d278b912c043dd/execute/async - {"script":"<script> [2342 bytes]","args":[{"protocol":"http","hostname":"0.0.0.0","path":"/","capabilities":{"browserName":"chrome","goog:chromeOptions":{"binary":"C:\\Program Files\\Google\\Chrome\\Application\\chrome.exe","args":["--start-maximized"]}},"logLevel":"warn","connectionRetryTimeout":120000,"connectionRetryCount":3,"logLevels":{},"enableDirectConnect":true,"strictSSL":true,"_":"65 more keys: [\"cacheDir\",\"port\",\"requestedCapabilities\",\"automationProtocol\",\"baseUrl\",\"waitforInterval\",\"waitforTimeout\",\"onReload\",\"beforeCommand\",\"afterCommand\",\"rootDir\",\"specs\",\"suites\",\"exclude\",\"groupLogsByTestSpec\",\"excludeDriverLogs\",\"bail\",\"framework\",\"reporters\",\"services\",\"maxInstances\",\"maxInstancesPerCapability\",\"injectGlobals\",\"filesToWatch\",\"execArgv\",\"runnerEnv\",\"runner\",\"shard\",\"specFileRetries\",\"specFileRetriesDelay\",\"specFileRetriesDeferred\",\"reporterSyncInterval\",\"reporterSyncTimeout\",\"cucumberFeaturesWithLineNumbers\",\"autoCompileOpts\",\"mochaOpts\",\"jasmineOpts\",\"cucumberOpts\",\"onPrepare\",\"onWorkerStart\",\"onWorkerEnd\",\"before\",\"beforeSession\",\"beforeSuite\",\"beforeHook\",\"beforeTest\",\"afterTest\",\"afterHook\",\"afterSuite\",\"afterSession\",\"after\",\"onComplete\",\"beforeAssertion\",\"afterAssertion\",\"beforeFeature\",\"beforeScenario\",\"beforeStep\",\"afterStep\",\"afterScenario\",\"afterFeature\",\"_\",\"suite\",\"$0\",\"ignoredWorkerServices\",\"wdi5\"]"}]}
RESULT: {"script":"<script> [2342 bytes]","args":[{"protocol":"http","hostname":"0.0.0.0","path":"/","capabilities":{"browserName":"chrome","goog:chromeOptions":{"binary":"C:\\Program Files\\Google\\Chrome\\Application\\chrome.exe","args":["--start-maximized"]}},"logLevel":"warn","connectionRetryTimeout":120000,"connectionRetryCount":3,"logLevels":{},"enableDirectConnect":true,"strictSSL":true,"_":"65 more keys: [\"cacheDir\",\"port\",\"requestedCapabilities\",\"automationProtocol\",\"baseUrl\",\"waitforInterval\",\"waitforTimeout\",\"onReload\",\"beforeCommand\",\"afterCommand\",\"rootDir\",\"specs\",\"suites\",\"exclude\",\"groupLogsByTestSpec\",\"excludeDriverLogs\",\"bail\",\"framework\",\"reporters\",\"services\",\"maxInstances\",\"maxInstancesPerCapability\",\"injectGlobals\",\"filesToWatch\",\"execArgv\",\"runnerEnv\",\"runner\",\"shard\",\"specFileRetries\",\"specFileRetriesDelay\",\"specFileRetriesDeferred\",\"reporterSyncInterval\",\"reporterSyncTimeout\",\"cucumberFeaturesWithLineNumbers\",\"autoCompileOpts\",\"mochaOpts\",\"jasmineOpts\",\"cucumberOpts\",\"onPrepare\",\"onWorkerStart\",\"onWorkerEnd\",\"before\",\"beforeSession\",\"beforeSuite\",\"beforeHook\",\"beforeTest\",\"afterTest\",\"afterHook\",\"afterSuite\",\"afterSession\",\"after\",\"onComplete\",\"beforeAssertion\",\"afterAssertion\",\"beforeFeature\",\"beforeScenario\",\"beforeStep\",\"afterStep\",\"afterScenario\",\"afterFeature\",\"_\",\"suite\",\"$0\",\"ignoredWorkerServices\",\"wdi5\"]"}]}
COMMAND: POST /session/986c8c948b22d3df52d278b912c043dd/execute/async - {"script":"<script> [21126 bytes]","args":[35000]}
RESULT: {"script":"<script> [21126 bytes]","args":[35000]}
COMMAND: POST /session/986c8c948b22d3df52d278b912c043dd/execute/async - {"script":"<script> [1562 bytes]","args":[{"selector":{"id":"application-managecatalogs-display-component---detailCatalog--ValuesSmartTable-header"},"wdio_ui5_key":"applicationmanagecatalogs-display-component---detailCatalog--ValuesSmartTable-header"}]}
RESULT: {"script":"<script> [1562 bytes]","args":[{"selector":{"id":"application-managecatalogs-display-component---detailCatalog--ValuesSmartTable-header"},"wdio_ui5_key":"applicationmanagecatalogs-display-component---detailCatalog--ValuesSmartTable-header"}]}
RESULT: undefined
COMMAND: POST /session/986c8c948b22d3df52d278b912c043dd/execute/async - {"script":"<script> [6424 bytes]","args":[{"element-6066-11e4-a52e-4f735466cecf":"f.092109B35A6735C4F983D4E1F3C5CB5B.d.4B8720656E653F546BA95B83E1A20D6C.e.2380"},"getText",[]]}
RESULT: {"script":"<script> [6424 bytes]","args":[{"element-6066-11e4-a52e-4f735466cecf":"f.092109B35A6735C4F983D4E1F3C5CB5B.d.4B8720656E653F546BA95B83E1A20D6C.e.2380"},"getText",[]]}
COMMAND: POST /session/986c8c948b22d3df52d278b912c043dd/element - {"using":"css selector","value":"#shell-header-logo"}
RESULT: {"using":"css selector","value":"#shell-header-logo"}
COMMAND: POST /session/986c8c948b22d3df52d278b912c043dd/element/f.092109B35A6735C4F983D4E1F3C5CB5B.d.4B8720656E653F546BA95B83E1A20D6C.e.2336/click - {}
RESULT: {}
COMMAND: GET /session/986c8c948b22d3df52d278b912c043dd/screenshot - {}
RESULT: {}
]]></system-out>
    </testcase>
  </testsuite>
  <testsuite timestamp="2025-06-04T06:05:29" time="418.898" tests="4" failures="0" errors="0" skipped="0">
    <properties>
      <property name="specId" value="0" />
      <property name="suiteName" value="Verify RU inventory split cost information US139363" />
      <property name="capabilities" value="chrome.136_0_7103_93.windows" />
      <property name="file" value="file:///D:/a/1/s/test/specs/R2C/verify-ru-inventory-split-cost-information.spec.js" />
    </properties>
    <testcase classname="chrome.136_0_7103_93.windows.Verify_RU_inventory_split_cost_information_US139363" name="Should create a new contract" time="101.384">
      <system-out><![CDATA[
COMMAND: POST /session/986c8c948b22d3df52d278b912c043dd/execute/async - {"script":"<script> [1562 bytes]","args":[{"selector":{"controlType":"sap.m.GenericTile","properties":{"header":"Manage Contracts"}},"wdio_ui5_key":"sapm.GenericTile{\"header\":\"Manage Contracts\"}"}]}
RESULT: {"script":"<script> [1562 bytes]","args":[{"selector":{"controlType":"sap.m.GenericTile","properties":{"header":"Manage Contracts"}},"wdio_ui5_key":"sapm.GenericTile{\"header\":\"Manage Contracts\"}"}]}
RESULT: undefined
COMMAND: POST /session/986c8c948b22d3df52d278b912c043dd/element - {"using":"xpath","value":"//*[@id=\"__tile130\"]"}
RESULT: {"using":"xpath","value":"//*[@id=\"__tile130\"]"}
COMMAND: POST /session/986c8c948b22d3df52d278b912c043dd/element/f.092109B35A6735C4F983D4E1F3C5CB5B.d.4B8720656E653F546BA95B83E1A20D6C.e.2395/click - {}
RESULT: {}
COMMAND: GET /session/986c8c948b22d3df52d278b912c043dd/screenshot - {}
RESULT: {}
COMMAND: POST /session/986c8c948b22d3df52d278b912c043dd/elements - {"using":"xpath","value":"//span[text()='Error']"}
RESULT: {"using":"xpath","value":"//span[text()='Error']"}
COMMAND: POST /session/986c8c948b22d3df52d278b912c043dd/element - {"using":"xpath","value":"//button[@data-kt=\"addButton\"]"}
RESULT: {"using":"xpath","value":"//button[@data-kt=\"addButton\"]"}
COMMAND: POST /session/986c8c948b22d3df52d278b912c043dd/element/f.092109B35A6735C4F983D4E1F3C5CB5B.d.4B8720656E653F546BA95B83E1A20D6C.e.2446/click - {}
RESULT: {}
COMMAND: GET /session/986c8c948b22d3df52d278b912c043dd/screenshot - {}
RESULT: {}
COMMAND: POST /session/986c8c948b22d3df52d278b912c043dd/execute/async - {"script":"<script> [1562 bytes]","args":[{"selector":{"id":"application-managecontracts-display-component---AddNewContract--projectDescription","interaction":{"idSuffix":"inner"}},"wdio_ui5_key":"applicationmanagecontracts-display-component---AddNewContract--projectDescription"}]}
RESULT: {"script":"<script> [1562 bytes]","args":[{"selector":{"id":"application-managecontracts-display-component---AddNewContract--projectDescription","interaction":{"idSuffix":"inner"}},"wdio_ui5_key":"applicationmanagecontracts-display-component---AddNewContract--projectDescription"}]}
RESULT: undefined
COMMAND: POST /session/986c8c948b22d3df52d278b912c043dd/execute/async - {"script":"<script> [776 bytes]","args":[{"enterText":"WdIOTest4srmb","selector":{"id":"application-managecontracts-display-component---AddNewContract--projectDescription","interaction":{"idSuffix":"inner"}},"clearTextFirst":true,"interactionType":"ENTER_TEXT"}]}
RESULT: {"script":"<script> [776 bytes]","args":[{"enterText":"WdIOTest4srmb","selector":{"id":"application-managecontracts-display-component---AddNewContract--projectDescription","interaction":{"idSuffix":"inner"}},"clearTextFirst":true,"interactionType":"ENTER_TEXT"}]}
COMMAND: POST /session/986c8c948b22d3df52d278b912c043dd/element - {"using":"xpath","value":"//input[@id=\"application-managecontracts-display-component---AddNewContract--yardId-inner\"]"}
RESULT: {"using":"xpath","value":"//input[@id=\"application-managecontracts-display-component---AddNewContract--yardId-inner\"]"}
COMMAND: POST /session/986c8c948b22d3df52d278b912c043dd/element/f.092109B35A6735C4F983D4E1F3C5CB5B.d.4B8720656E653F546BA95B83E1A20D6C.e.2711/clear - {}
RESULT: {}
COMMAND: POST /session/986c8c948b22d3df52d278b912c043dd/element/f.092109B35A6735C4F983D4E1F3C5CB5B.d.4B8720656E653F546BA95B83E1A20D6C.e.2711/value - {"text":"webdriveryard"}
COMMAND: GET /session/986c8c948b22d3df52d278b912c043dd/screenshot - {}
RESULT: {"text":"webdriveryard"}
COMMAND: GET /session/986c8c948b22d3df52d278b912c043dd/screenshot - {}
RESULT: {}
RESULT: {}
COMMAND: POST /session/986c8c948b22d3df52d278b912c043dd/actions - {"actions":[{"id":"action17","type":"key","parameters":{},"actions":[{"type":"keyDown","value":"î€‡"},{"type":"pause","duration":10},{"type":"keyUp","value":"î€‡"}]}]}
RESULT: {"actions":[{"id":"action17","type":"key","parameters":{},"actions":[{"type":"keyDown","value":"î€‡"},{"type":"pause","duration":10},{"type":"keyUp","value":"î€‡"}]}]}
COMMAND: GET /session/986c8c948b22d3df52d278b912c043dd/screenshot - {}
RESULT: {}
COMMAND: POST /session/986c8c948b22d3df52d278b912c043dd/element - {"using":"xpath","value":"//input[@id=\"application-managecontracts-display-component---AddNewContract--customerSelect-inner\"]"}
RESULT: {"using":"xpath","value":"//input[@id=\"application-managecontracts-display-component---AddNewContract--customerSelect-inner\"]"}
COMMAND: POST /session/986c8c948b22d3df52d278b912c043dd/element/f.092109B35A6735C4F983D4E1F3C5CB5B.d.4B8720656E653F546BA95B83E1A20D6C.e.2709/clear - {}
RESULT: {}
COMMAND: POST /session/986c8c948b22d3df52d278b912c043dd/element/f.092109B35A6735C4F983D4E1F3C5CB5B.d.4B8720656E653F546BA95B83E1A20D6C.e.2709/value - {"text":"webdriverpartner"}
COMMAND: GET /session/986c8c948b22d3df52d278b912c043dd/screenshot - {}
RESULT: {"text":"webdriverpartner"}
COMMAND: GET /session/986c8c948b22d3df52d278b912c043dd/screenshot - {}
RESULT: {}
RESULT: {}
COMMAND: POST /session/986c8c948b22d3df52d278b912c043dd/actions - {"actions":[{"id":"action18","type":"key","parameters":{},"actions":[{"type":"keyDown","value":"î€‡"},{"type":"pause","duration":10},{"type":"keyUp","value":"î€‡"}]}]}
RESULT: {"actions":[{"id":"action18","type":"key","parameters":{},"actions":[{"type":"keyDown","value":"î€‡"},{"type":"pause","duration":10},{"type":"keyUp","value":"î€‡"}]}]}
COMMAND: GET /session/986c8c948b22d3df52d278b912c043dd/screenshot - {}
RESULT: {}
COMMAND: POST /session/986c8c948b22d3df52d278b912c043dd/element - {"using":"xpath","value":"//input[@id=\"application-managecontracts-display-component---AddNewContract--site-inner\"]"}
RESULT: {"using":"xpath","value":"//input[@id=\"application-managecontracts-display-component---AddNewContract--site-inner\"]"}
COMMAND: POST /session/986c8c948b22d3df52d278b912c043dd/element/f.092109B35A6735C4F983D4E1F3C5CB5B.d.4B8720656E653F546BA95B83E1A20D6C.e.2710/clear - {}
RESULT: {}
COMMAND: POST /session/986c8c948b22d3df52d278b912c043dd/element/f.092109B35A6735C4F983D4E1F3C5CB5B.d.4B8720656E653F546BA95B83E1A20D6C.e.2710/value - {"text":"Webdriversite"}
COMMAND: GET /session/986c8c948b22d3df52d278b912c043dd/screenshot - {}
RESULT: {"text":"Webdriversite"}
COMMAND: GET /session/986c8c948b22d3df52d278b912c043dd/screenshot - {}
RESULT: {}
RESULT: {}
COMMAND: POST /session/986c8c948b22d3df52d278b912c043dd/actions - {"actions":[{"id":"action19","type":"key","parameters":{},"actions":[{"type":"keyDown","value":"î€‡"},{"type":"pause","duration":10},{"type":"keyUp","value":"î€‡"}]}]}
RESULT: {"actions":[{"id":"action19","type":"key","parameters":{},"actions":[{"type":"keyDown","value":"î€‡"},{"type":"pause","duration":10},{"type":"keyUp","value":"î€‡"}]}]}
COMMAND: GET /session/986c8c948b22d3df52d278b912c043dd/screenshot - {}
COMMAND: POST /session/986c8c948b22d3df52d278b912c043dd/element - {"using":"xpath","value":"//button[@data-kt=\"saveButton\"]"}
RESULT: {}
RESULT: {"using":"xpath","value":"//button[@data-kt=\"saveButton\"]"}
COMMAND: POST /session/986c8c948b22d3df52d278b912c043dd/element/f.092109B35A6735C4F983D4E1F3C5CB5B.d.4B8720656E653F546BA95B83E1A20D6C.e.2785/click - {}
RESULT: {}
COMMAND: GET /session/986c8c948b22d3df52d278b912c043dd/screenshot - {}
RESULT: {}
COMMAND: POST /session/986c8c948b22d3df52d278b912c043dd/execute/async - {"script":"<script> [1562 bytes]","args":[{"selector":{"id":"contractDetailTitleNoExpanded","viewName":"etm.portal.ui.managecontracts.view.Detail"},"wdio_ui5_key":"contractDetailTitleNoExpandedetmportal.ui.managecontracts.view.Detail"}]}
RESULT: {"script":"<script> [1562 bytes]","args":[{"selector":{"id":"contractDetailTitleNoExpanded","viewName":"etm.portal.ui.managecontracts.view.Detail"},"wdio_ui5_key":"contractDetailTitleNoExpandedetmportal.ui.managecontracts.view.Detail"}]}
RESULT: undefined
COMMAND: POST /session/986c8c948b22d3df52d278b912c043dd/execute/async - {"script":"<script> [6424 bytes]","args":[{"element-6066-11e4-a52e-4f735466cecf":"f.092109B35A6735C4F983D4E1F3C5CB5B.d.4B8720656E653F546BA95B83E1A20D6C.e.2866"},"getText",[]]}
RESULT: {"script":"<script> [6424 bytes]","args":[{"element-6066-11e4-a52e-4f735466cecf":"f.092109B35A6735C4F983D4E1F3C5CB5B.d.4B8720656E653F546BA95B83E1A20D6C.e.2866"},"getText",[]]}
COMMAND: POST /session/986c8c948b22d3df52d278b912c043dd/element - {"using":"css selector","value":"#shell-header-logo"}
RESULT: {"using":"css selector","value":"#shell-header-logo"}
COMMAND: POST /session/986c8c948b22d3df52d278b912c043dd/element/f.092109B35A6735C4F983D4E1F3C5CB5B.d.4B8720656E653F546BA95B83E1A20D6C.e.2398/click - {}
RESULT: {}
COMMAND: GET /session/986c8c948b22d3df52d278b912c043dd/screenshot - {}
RESULT: {}
]]></system-out>
    </testcase>
    <testcase classname="chrome.136_0_7103_93.windows.Verify_RU_inventory_split_cost_information_US139363" name="Should create a new equipment" time="130.201">
      <system-out><![CDATA[
COMMAND: POST /session/986c8c948b22d3df52d278b912c043dd/execute/async - {"script":"<script> [1562 bytes]","args":[{"selector":{"controlType":"sap.m.GenericTile","properties":{"header":"Manage Resources"}},"wdio_ui5_key":"sapm.GenericTile{\"header\":\"Manage Resources\"}"}]}
RESULT: {"script":"<script> [1562 bytes]","args":[{"selector":{"controlType":"sap.m.GenericTile","properties":{"header":"Manage Resources"}},"wdio_ui5_key":"sapm.GenericTile{\"header\":\"Manage Resources\"}"}]}
RESULT: undefined
COMMAND: POST /session/986c8c948b22d3df52d278b912c043dd/element - {"using":"xpath","value":"//*[@id=\"__tile39\"]"}
RESULT: {"using":"xpath","value":"//*[@id=\"__tile39\"]"}
COMMAND: POST /session/986c8c948b22d3df52d278b912c043dd/element/f.092109B35A6735C4F983D4E1F3C5CB5B.d.4B8720656E653F546BA95B83E1A20D6C.e.2871/click - {}
RESULT: {}
COMMAND: GET /session/986c8c948b22d3df52d278b912c043dd/screenshot - {}
RESULT: {}
COMMAND: POST /session/986c8c948b22d3df52d278b912c043dd/elements - {"using":"xpath","value":"//span[text()='Error']"}
RESULT: {"using":"xpath","value":"//span[text()='Error']"}
COMMAND: POST /session/986c8c948b22d3df52d278b912c043dd/element - {"using":"xpath","value":"//button[@data-kt=\"addNewRUOverflowToolbarButton\"]"}
RESULT: {"using":"xpath","value":"//button[@data-kt=\"addNewRUOverflowToolbarButton\"]"}
COMMAND: POST /session/986c8c948b22d3df52d278b912c043dd/execute/sync - {"script":"<script> [8489 bytes]","args":[{"element-6066-11e4-a52e-4f735466cecf":"f.092109B35A6735C4F983D4E1F3C5CB5B.d.4B8720656E653F546BA95B83E1A20D6C.e.2913","ELEMENT":"f.092109B35A6735C4F983D4E1F3C5CB5B.d.4B8720656E653F546BA95B83E1A20D6C.e.2913"}]}
RESULT: {"script":"<script> [8489 bytes]","args":[{"element-6066-11e4-a52e-4f735466cecf":"f.092109B35A6735C4F983D4E1F3C5CB5B.d.4B8720656E653F546BA95B83E1A20D6C.e.2913","ELEMENT":"f.092109B35A6735C4F983D4E1F3C5CB5B.d.4B8720656E653F546BA95B83E1A20D6C.e.2913"}]}
COMMAND: POST /session/986c8c948b22d3df52d278b912c043dd/element/f.092109B35A6735C4F983D4E1F3C5CB5B.d.4B8720656E653F546BA95B83E1A20D6C.e.2913/click - {}
COMMAND: GET /session/986c8c948b22d3df52d278b912c043dd/screenshot - {}
RESULT: {}
COMMAND: GET /session/986c8c948b22d3df52d278b912c043dd/screenshot - {}
RESULT: {}
COMMAND: POST /session/986c8c948b22d3df52d278b912c043dd/execute/async - {"script":"<script> [1562 bytes]","args":[{"selector":{"id":"application-manageresources-display-component---newResourceUnit--TYPE-arrow"},"wdio_ui5_key":"applicationmanageresources-display-component---newResourceUnit--TYPE-arrow"}]}
RESULT: {}
RESULT: {"script":"<script> [1562 bytes]","args":[{"selector":{"id":"application-manageresources-display-component---newResourceUnit--TYPE-arrow"},"wdio_ui5_key":"applicationmanageresources-display-component---newResourceUnit--TYPE-arrow"}]}
RESULT: undefined
COMMAND: POST /session/986c8c948b22d3df52d278b912c043dd/element - {"using":"xpath","value":"//*[@id=\"application-manageresources-display-component---newResourceUnit--TYPE-arrow\"]"}
RESULT: {"using":"xpath","value":"//*[@id=\"application-manageresources-display-component---newResourceUnit--TYPE-arrow\"]"}
COMMAND: POST /session/986c8c948b22d3df52d278b912c043dd/element/f.092109B35A6735C4F983D4E1F3C5CB5B.d.4B8720656E653F546BA95B83E1A20D6C.e.3233/click - {}
RESULT: {}
COMMAND: POST /session/986c8c948b22d3df52d278b912c043dd/execute/async - {"script":"<script> [1562 bytes]","args":[{"selector":{"controlType":"sap.m.StandardListItem","viewName":"reusables.view.manageresources.NewResourceUnit","viewId":"application-manageresources-display-component---newResourceUnit","properties":{"title":"Equipment"},"searchOpenDialogs":true,"interaction":{"idSuffix":"content"}},"wdio_ui5_key":"reusablesview.manageresources.NewResourceUnitsap.m.StandardListItem{\"title\":\"Equipment\"}"}]}
COMMAND: GET /session/986c8c948b22d3df52d278b912c043dd/screenshot - {}
RESULT: {"script":"<script> [1562 bytes]","args":[{"selector":{"controlType":"sap.m.StandardListItem","viewName":"reusables.view.manageresources.NewResourceUnit","viewId":"application-manageresources-display-component---newResourceUnit","properties":{"title":"Equipment"},"searchOpenDialogs":true,"interaction":{"idSuffix":"content"}},"wdio_ui5_key":"reusablesview.manageresources.NewResourceUnitsap.m.StandardListItem{\"title\":\"Equipment\"}"}]}
RESULT: undefined
COMMAND: POST /session/986c8c948b22d3df52d278b912c043dd/element - {"using":"xpath","value":"//*[@id=\"__item2399\"]"}
RESULT: {}
RESULT: {"using":"xpath","value":"//*[@id=\"__item2399\"]"}
COMMAND: POST /session/986c8c948b22d3df52d278b912c043dd/element/f.092109B35A6735C4F983D4E1F3C5CB5B.d.4B8720656E653F546BA95B83E1A20D6C.e.3236/click - {}
RESULT: {}
COMMAND: POST /session/986c8c948b22d3df52d278b912c043dd/execute/async - {"script":"<script> [1562 bytes]","args":[{"selector":{"id":"application-manageresources-display-component---newResourceUnit--resourceId","interaction":{"idSuffix":"inner"}},"wdio_ui5_key":"applicationmanageresources-display-component---newResourceUnit--resourceId"}]}
COMMAND: GET /session/986c8c948b22d3df52d278b912c043dd/screenshot - {}
RESULT: {"script":"<script> [1562 bytes]","args":[{"selector":{"id":"application-manageresources-display-component---newResourceUnit--resourceId","interaction":{"idSuffix":"inner"}},"wdio_ui5_key":"applicationmanageresources-display-component---newResourceUnit--resourceId"}]}
RESULT: undefined
COMMAND: POST /session/986c8c948b22d3df52d278b912c043dd/execute/async - {"script":"<script> [776 bytes]","args":[{"enterText":"WdIOTestEquip4kqlr","selector":{"id":"application-manageresources-display-component---newResourceUnit--resourceId","interaction":{"idSuffix":"inner"}},"clearTextFirst":true,"interactionType":"ENTER_TEXT"}]}
RESULT: {}
RESULT: {"script":"<script> [776 bytes]","args":[{"enterText":"WdIOTestEquip4kqlr","selector":{"id":"application-manageresources-display-component---newResourceUnit--resourceId","interaction":{"idSuffix":"inner"}},"clearTextFirst":true,"interactionType":"ENTER_TEXT"}]}
COMMAND: POST /session/986c8c948b22d3df52d278b912c043dd/execute/async - {"script":"<script> [1562 bytes]","args":[{"selector":{"id":"application-manageresources-display-component---newResourceUnit--SHORT_TEXT","interaction":{"idSuffix":"inner"}},"wdio_ui5_key":"applicationmanageresources-display-component---newResourceUnit--SHORT_TEXT"}]}
RESULT: {"script":"<script> [1562 bytes]","args":[{"selector":{"id":"application-manageresources-display-component---newResourceUnit--SHORT_TEXT","interaction":{"idSuffix":"inner"}},"wdio_ui5_key":"applicationmanageresources-display-component---newResourceUnit--SHORT_TEXT"}]}
RESULT: undefined
COMMAND: POST /session/986c8c948b22d3df52d278b912c043dd/execute/async - {"script":"<script> [776 bytes]","args":[{"enterText":"WdIOTestEquip4kqlr","selector":{"id":"application-manageresources-display-component---newResourceUnit--SHORT_TEXT","interaction":{"idSuffix":"inner"}},"clearTextFirst":true,"interactionType":"ENTER_TEXT"}]}
RESULT: {"script":"<script> [776 bytes]","args":[{"enterText":"WdIOTestEquip4kqlr","selector":{"id":"application-manageresources-display-component---newResourceUnit--SHORT_TEXT","interaction":{"idSuffix":"inner"}},"clearTextFirst":true,"interactionType":"ENTER_TEXT"}]}
COMMAND: POST /session/986c8c948b22d3df52d278b912c043dd/execute/async - {"script":"<script> [1562 bytes]","args":[{"selector":{"id":"application-manageresources-display-component---newResourceUnit--BASE_UNIT_OF_MEASURE","interaction":{"idSuffix":"inner"}},"wdio_ui5_key":"applicationmanageresources-display-component---newResourceUnit--BASE_UNIT_OF_MEASURE"}]}
RESULT: {"script":"<script> [1562 bytes]","args":[{"selector":{"id":"application-manageresources-display-component---newResourceUnit--BASE_UNIT_OF_MEASURE","interaction":{"idSuffix":"inner"}},"wdio_ui5_key":"applicationmanageresources-display-component---newResourceUnit--BASE_UNIT_OF_MEASURE"}]}
RESULT: undefined
COMMAND: POST /session/986c8c948b22d3df52d278b912c043dd/execute/async - {"script":"<script> [776 bytes]","args":[{"enterText":"Piece","selector":{"id":"application-manageresources-display-component---newResourceUnit--BASE_UNIT_OF_MEASURE","interaction":{"idSuffix":"inner"}},"clearTextFirst":true,"interactionType":"ENTER_TEXT"}]}
RESULT: {"script":"<script> [776 bytes]","args":[{"enterText":"Piece","selector":{"id":"application-manageresources-display-component---newResourceUnit--BASE_UNIT_OF_MEASURE","interaction":{"idSuffix":"inner"}},"clearTextFirst":true,"interactionType":"ENTER_TEXT"}]}
COMMAND: POST /session/986c8c948b22d3df52d278b912c043dd/execute/async - {"script":"<script> [1562 bytes]","args":[{"selector":{"id":"application-manageresources-display-component---newResourceUnit--WEIGHT_UNIT","interaction":{"idSuffix":"inner"}},"wdio_ui5_key":"applicationmanageresources-display-component---newResourceUnit--WEIGHT_UNIT"}]}
RESULT: {"script":"<script> [1562 bytes]","args":[{"selector":{"id":"application-manageresources-display-component---newResourceUnit--WEIGHT_UNIT","interaction":{"idSuffix":"inner"}},"wdio_ui5_key":"applicationmanageresources-display-component---newResourceUnit--WEIGHT_UNIT"}]}
RESULT: undefined
COMMAND: POST /session/986c8c948b22d3df52d278b912c043dd/execute/async - {"script":"<script> [776 bytes]","args":[{"enterText":"Gram","selector":{"id":"application-manageresources-display-component---newResourceUnit--WEIGHT_UNIT","interaction":{"idSuffix":"inner"}},"clearTextFirst":true,"interactionType":"ENTER_TEXT"}]}
RESULT: {"script":"<script> [776 bytes]","args":[{"enterText":"Gram","selector":{"id":"application-manageresources-display-component---newResourceUnit--WEIGHT_UNIT","interaction":{"idSuffix":"inner"}},"clearTextFirst":true,"interactionType":"ENTER_TEXT"}]}
COMMAND: POST /session/986c8c948b22d3df52d278b912c043dd/execute/async - {"script":"<script> [1562 bytes]","args":[{"selector":{"id":"application-manageresources-display-component---newResourceUnit--newRRUPage-OPHeaderContent-collapseBtn-img"},"wdio_ui5_key":"applicationmanageresources-display-component---newResourceUnit--newRRUPage-OPHeaderContent-collapseBtn-img"}]}
RESULT: {"script":"<script> [1562 bytes]","args":[{"selector":{"id":"application-manageresources-display-component---newResourceUnit--newRRUPage-OPHeaderContent-collapseBtn-img"},"wdio_ui5_key":"applicationmanageresources-display-component---newResourceUnit--newRRUPage-OPHeaderContent-collapseBtn-img"}]}
RESULT: undefined
COMMAND: POST /session/986c8c948b22d3df52d278b912c043dd/element - {"using":"xpath","value":"//*[@id=\"application-manageresources-display-component---newResourceUnit--newRRUPage-OPHeaderContent-collapseBtn-img\"]"}
RESULT: {"using":"xpath","value":"//*[@id=\"application-manageresources-display-component---newResourceUnit--newRRUPage-OPHeaderContent-collapseBtn-img\"]"}
COMMAND: POST /session/986c8c948b22d3df52d278b912c043dd/element/f.092109B35A6735C4F983D4E1F3C5CB5B.d.4B8720656E653F546BA95B83E1A20D6C.e.3245/click - {}
RESULT: {}
COMMAND: GET /session/986c8c948b22d3df52d278b912c043dd/screenshot - {}
RESULT: {}
COMMAND: POST /session/986c8c948b22d3df52d278b912c043dd/element - {"using":"xpath","value":"(//span[contains(@id ,\"application-manageresources-display-component---newResourceUnit--DIMENSION_UNIT-arrow\")])[1]"}
RESULT: {"using":"xpath","value":"(//span[contains(@id ,\"application-manageresources-display-component---newResourceUnit--DIMENSION_UNIT-arrow\")])[1]"}
COMMAND: POST /session/986c8c948b22d3df52d278b912c043dd/element/f.092109B35A6735C4F983D4E1F3C5CB5B.d.4B8720656E653F546BA95B83E1A20D6C.e.3394/click - {}
RESULT: {}
COMMAND: GET /session/986c8c948b22d3df52d278b912c043dd/screenshot - {}
RESULT: {}
COMMAND: POST /session/986c8c948b22d3df52d278b912c043dd/execute/async - {"script":"<script> [1562 bytes]","args":[{"selector":{"controlType":"sap.m.StandardListItem","viewName":"reusables.view.manageresources.NewResourceUnit","viewId":"application-manageresources-display-component---newResourceUnit","properties":{"title":"Centimeter"},"searchOpenDialogs":true,"interaction":{"idSuffix":"titleText"}},"wdio_ui5_key":"reusablesview.manageresources.NewResourceUnitsap.m.StandardListItem{\"title\":\"Centimeter\"}"}]}
RESULT: {"script":"<script> [1562 bytes]","args":[{"selector":{"controlType":"sap.m.StandardListItem","viewName":"reusables.view.manageresources.NewResourceUnit","viewId":"application-manageresources-display-component---newResourceUnit","properties":{"title":"Centimeter"},"searchOpenDialogs":true,"interaction":{"idSuffix":"titleText"}},"wdio_ui5_key":"reusablesview.manageresources.NewResourceUnitsap.m.StandardListItem{\"title\":\"Centimeter\"}"}]}
RESULT: undefined
COMMAND: POST /session/986c8c948b22d3df52d278b912c043dd/element - {"using":"xpath","value":"//*[@id=\"__item2459\"]"}
RESULT: {"using":"xpath","value":"//*[@id=\"__item2459\"]"}
COMMAND: POST /session/986c8c948b22d3df52d278b912c043dd/element/f.092109B35A6735C4F983D4E1F3C5CB5B.d.4B8720656E653F546BA95B83E1A20D6C.e.3396/click - {}
RESULT: {}
COMMAND: GET /session/986c8c948b22d3df52d278b912c043dd/screenshot - {}
RESULT: {}
COMMAND: POST /session/986c8c948b22d3df52d278b912c043dd/execute/async - {"script":"<script> [1562 bytes]","args":[{"selector":{"id":"application-manageresources-display-component---newResourceUnit--newRRUPage-anchBar-application-manageresources-display-component---newResourceUnit--control-anchor","interaction":{"idSuffix":"BDI-content"}},"wdio_ui5_key":"applicationmanageresources-display-component---newResourceUnit--newRRUPage-anchBar-application-manageresources-display-component---newResourceUnit--control-anchor"}]}
RESULT: {"script":"<script> [1562 bytes]","args":[{"selector":{"id":"application-manageresources-display-component---newResourceUnit--newRRUPage-anchBar-application-manageresources-display-component---newResourceUnit--control-anchor","interaction":{"idSuffix":"BDI-content"}},"wdio_ui5_key":"applicationmanageresources-display-component---newResourceUnit--newRRUPage-anchBar-application-manageresources-display-component---newResourceUnit--control-anchor"}]}
RESULT: undefined
COMMAND: POST /session/986c8c948b22d3df52d278b912c043dd/element - {"using":"xpath","value":"//*[@id=\"application-manageresources-display-component---newResourceUnit--newRRUPage-anchBar-application-manageresources-display-component---newResourceUnit--control-anchor\"]"}
RESULT: {"using":"xpath","value":"//*[@id=\"application-manageresources-display-component---newResourceUnit--newRRUPage-anchBar-application-manageresources-display-component---newResourceUnit--control-anchor\"]"}
COMMAND: POST /session/986c8c948b22d3df52d278b912c043dd/element/f.092109B35A6735C4F983D4E1F3C5CB5B.d.4B8720656E653F546BA95B83E1A20D6C.e.3398/click - {}
RESULT: {}
COMMAND: POST /session/986c8c948b22d3df52d278b912c043dd/execute/async - {"script":"<script> [1562 bytes]","args":[{"selector":{"id":"application-manageresources-display-component---newResourceUnit--PLANNING_GROUP","interaction":{"idSuffix":"inner"}},"wdio_ui5_key":"applicationmanageresources-display-component---newResourceUnit--PLANNING_GROUP"}]}
COMMAND: GET /session/986c8c948b22d3df52d278b912c043dd/screenshot - {}
RESULT: {"script":"<script> [1562 bytes]","args":[{"selector":{"id":"application-manageresources-display-component---newResourceUnit--PLANNING_GROUP","interaction":{"idSuffix":"inner"}},"wdio_ui5_key":"applicationmanageresources-display-component---newResourceUnit--PLANNING_GROUP"}]}
RESULT: undefined
COMMAND: POST /session/986c8c948b22d3df52d278b912c043dd/execute/async - {"script":"<script> [776 bytes]","args":[{"enterText":"Heavy Equi","selector":{"id":"application-manageresources-display-component---newResourceUnit--PLANNING_GROUP","interaction":{"idSuffix":"inner"}},"clearTextFirst":true,"interactionType":"ENTER_TEXT"}]}
RESULT: {}
RESULT: {"script":"<script> [776 bytes]","args":[{"enterText":"Heavy Equi","selector":{"id":"application-manageresources-display-component---newResourceUnit--PLANNING_GROUP","interaction":{"idSuffix":"inner"}},"clearTextFirst":true,"interactionType":"ENTER_TEXT"}]}
COMMAND: POST /session/986c8c948b22d3df52d278b912c043dd/execute/async - {"script":"<script> [1562 bytes]","args":[{"selector":{"id":"application-manageresources-display-component---newResourceUnit--ITEM_TYPE-arrow"},"wdio_ui5_key":"applicationmanageresources-display-component---newResourceUnit--ITEM_TYPE-arrow"}]}
RESULT: {"script":"<script> [1562 bytes]","args":[{"selector":{"id":"application-manageresources-display-component---newResourceUnit--ITEM_TYPE-arrow"},"wdio_ui5_key":"applicationmanageresources-display-component---newResourceUnit--ITEM_TYPE-arrow"}]}
RESULT: undefined
COMMAND: POST /session/986c8c948b22d3df52d278b912c043dd/element - {"using":"xpath","value":"//*[@id=\"application-manageresources-display-component---newResourceUnit--ITEM_TYPE-arrow\"]"}
RESULT: {"using":"xpath","value":"//*[@id=\"application-manageresources-display-component---newResourceUnit--ITEM_TYPE-arrow\"]"}
COMMAND: POST /session/986c8c948b22d3df52d278b912c043dd/element/f.092109B35A6735C4F983D4E1F3C5CB5B.d.4B8720656E653F546BA95B83E1A20D6C.e.3404/click - {}
RESULT: {}
COMMAND: POST /session/986c8c948b22d3df52d278b912c043dd/execute/async - {"script":"<script> [1562 bytes]","args":[{"selector":{"controlType":"sap.m.StandardListItem","viewName":"reusables.view.manageresources.NewResourceUnit","viewId":"application-manageresources-display-component---newResourceUnit","properties":{"title":"Resource Unit"},"searchOpenDialogs":true,"interaction":{"idSuffix":"titleText"}},"wdio_ui5_key":"reusablesview.manageresources.NewResourceUnitsap.m.StandardListItem{\"title\":\"Resource Unit\"}"}]}
COMMAND: GET /session/986c8c948b22d3df52d278b912c043dd/screenshot - {}
RESULT: {"script":"<script> [1562 bytes]","args":[{"selector":{"controlType":"sap.m.StandardListItem","viewName":"reusables.view.manageresources.NewResourceUnit","viewId":"application-manageresources-display-component---newResourceUnit","properties":{"title":"Resource Unit"},"searchOpenDialogs":true,"interaction":{"idSuffix":"titleText"}},"wdio_ui5_key":"reusablesview.manageresources.NewResourceUnitsap.m.StandardListItem{\"title\":\"Resource Unit\"}"}]}
RESULT: undefined
COMMAND: POST /session/986c8c948b22d3df52d278b912c043dd/element - {"using":"xpath","value":"//*[@id=\"__item2481\"]"}
RESULT: {}
RESULT: {"using":"xpath","value":"//*[@id=\"__item2481\"]"}
COMMAND: POST /session/986c8c948b22d3df52d278b912c043dd/element/f.092109B35A6735C4F983D4E1F3C5CB5B.d.4B8720656E653F546BA95B83E1A20D6C.e.3406/click - {}
RESULT: {}
COMMAND: POST /session/986c8c948b22d3df52d278b912c043dd/element - {"using":"xpath","value":"//bdi[contains(text(), \"Time Segment\")]"}
COMMAND: GET /session/986c8c948b22d3df52d278b912c043dd/screenshot - {}
RESULT: {"using":"xpath","value":"//bdi[contains(text(), \"Time Segment\")]"}
COMMAND: GET /session/986c8c948b22d3df52d278b912c043dd/element/f.092109B35A6735C4F983D4E1F3C5CB5B.d.4B8720656E653F546BA95B83E1A20D6C.e.3413/rect - {}
RESULT: {}
RESULT: {}
COMMAND: GET /session/986c8c948b22d3df52d278b912c043dd/window/rect - {}
RESULT: {}
COMMAND: POST /session/986c8c948b22d3df52d278b912c043dd/execute/sync - {"script":"<script> [92 bytes]","args":[]}
RESULT: {"script":"<script> [92 bytes]","args":[]}
COMMAND: POST /session/986c8c948b22d3df52d278b912c043dd/actions - {"actions":[{"id":"action20","type":"wheel","parameters":{},"actions":[{"type":"scroll","x":-1820,"y":-21,"deltaX":0,"deltaY":0,"duration":0,"origin":{"element-6066-11e4-a52e-4f735466cecf":"f.092109B35A6735C4F983D4E1F3C5CB5B.d.4B8720656E653F546BA95B83E1A20D6C.e.3413"}}]}]}
COMMAND: GET /session/986c8c948b22d3df52d278b912c043dd/screenshot - {}
RESULT: {}
COMMAND: POST /session/986c8c948b22d3df52d278b912c043dd/execute/sync - {"script":"<script> [79 bytes]","args":[{"element-6066-11e4-a52e-4f735466cecf":"f.092109B35A6735C4F983D4E1F3C5CB5B.d.4B8720656E653F546BA95B83E1A20D6C.e.3413","ELEMENT":"f.092109B35A6735C4F983D4E1F3C5CB5B.d.4B8720656E653F546BA95B83E1A20D6C.e.3413"},{"block":"start","inline":"nearest"}]}
RESULT: {"script":"<script> [79 bytes]","args":[{"element-6066-11e4-a52e-4f735466cecf":"f.092109B35A6735C4F983D4E1F3C5CB5B.d.4B8720656E653F546BA95B83E1A20D6C.e.3413","ELEMENT":"f.092109B35A6735C4F983D4E1F3C5CB5B.d.4B8720656E653F546BA95B83E1A20D6C.e.3413"},{"block":"start","inline":"nearest"}]}
COMMAND: POST /session/986c8c948b22d3df52d278b912c043dd/execute/async - {"script":"<script> [1562 bytes]","args":[{"selector":{"id":"application-manageresources-display-component---newResourceUnit--btnAddTimeSegment-img"},"wdio_ui5_key":"applicationmanageresources-display-component---newResourceUnit--btnAddTimeSegment-img"}]}
COMMAND: GET /session/986c8c948b22d3df52d278b912c043dd/screenshot - {}
RESULT: {"script":"<script> [1562 bytes]","args":[{"selector":{"id":"application-manageresources-display-component---newResourceUnit--btnAddTimeSegment-img"},"wdio_ui5_key":"applicationmanageresources-display-component---newResourceUnit--btnAddTimeSegment-img"}]}
RESULT: undefined
COMMAND: POST /session/986c8c948b22d3df52d278b912c043dd/element - {"using":"xpath","value":"//*[@id=\"application-manageresources-display-component---newResourceUnit--btnAddTimeSegment-img\"]"}
RESULT: {}
RESULT: {"using":"xpath","value":"//*[@id=\"application-manageresources-display-component---newResourceUnit--btnAddTimeSegment-img\"]"}
COMMAND: POST /session/986c8c948b22d3df52d278b912c043dd/element/f.092109B35A6735C4F983D4E1F3C5CB5B.d.4B8720656E653F546BA95B83E1A20D6C.e.3416/click - {}
RESULT: {}
COMMAND: GET /session/986c8c948b22d3df52d278b912c043dd/screenshot - {}
RESULT: {}
COMMAND: POST /session/986c8c948b22d3df52d278b912c043dd/element - {"using":"xpath","value":"//input[@id=\"application-manageresources-display-component---newResourceUnit--idRuTSAdmin-application-manageresources-display-component---newResourceUnit--RUTimeSegment-0-inner\"]"}
RESULT: {"using":"xpath","value":"//input[@id=\"application-manageresources-display-component---newResourceUnit--idRuTSAdmin-application-manageresources-display-component---newResourceUnit--RUTimeSegment-0-inner\"]"}
COMMAND: POST /session/986c8c948b22d3df52d278b912c043dd/element/f.092109B35A6735C4F983D4E1F3C5CB5B.d.4B8720656E653F546BA95B83E1A20D6C.e.3420/clear - {}
RESULT: {}
COMMAND: POST /session/986c8c948b22d3df52d278b912c043dd/element/f.092109B35A6735C4F983D4E1F3C5CB5B.d.4B8720656E653F546BA95B83E1A20D6C.e.3420/value - {"text":"webdriveryard"}
COMMAND: GET /session/986c8c948b22d3df52d278b912c043dd/screenshot - {}
RESULT: {"text":"webdriveryard"}
COMMAND: GET /session/986c8c948b22d3df52d278b912c043dd/screenshot - {}
RESULT: {}
RESULT: {}
COMMAND: POST /session/986c8c948b22d3df52d278b912c043dd/actions - {"actions":[{"id":"action21","type":"key","parameters":{},"actions":[{"type":"keyDown","value":"î€‡"},{"type":"pause","duration":10},{"type":"keyUp","value":"î€‡"}]}]}
RESULT: {"actions":[{"id":"action21","type":"key","parameters":{},"actions":[{"type":"keyDown","value":"î€‡"},{"type":"pause","duration":10},{"type":"keyUp","value":"î€‡"}]}]}
COMMAND: POST /session/986c8c948b22d3df52d278b912c043dd/execute/async - {"script":"<script> [1562 bytes]","args":[{"selector":{"controlType":"sap.ui.core.Icon","viewName":"reusables.view.manageresources.NewResourceUnit","viewId":"application-manageresources-display-component---newResourceUnit","properties":{"src":{"regex":{"source":"slim\\-arrow\\-down"}}},"ancestor":{"controlType":"sap.m.ComboBox","viewName":"reusables.view.manageresources.NewResourceUnit","viewId":"application-manageresources-display-component---newResourceUnit","bindingPath":{"path":"/RESOURCE_UNIT_TIME_SEQUENCES/0","propertyPath":"COST_OBJECT_ADMIN_CST_TYPE","modelName":"oNewRruModel"}}},"wdio_ui5_key":"reusablesview.manageresources.NewResourceUnitsap.ui.core.Icon{\"src\":{\"regex\":{\"source\":\"slim\\\\-arrow\\\\-down\"}}}{\"controlType\":\"sap.m.ComboBox\",\"viewName\":\"reusables.view.manageresources.NewResourceUnit\",\"viewId\":\"application-manageresources-display-component---newResourceUnit\",\"bindingPath\":{\"path\":\"/RESOURCE_UNIT_TIME_SEQUENCES/0\",\"propertyPath\":\"COST_OBJECT_ADMIN_CST_TYPE\",\"modelName\":\"oNewRruModel\"}}"}]}
COMMAND: GET /session/986c8c948b22d3df52d278b912c043dd/screenshot - {}
RESULT: {"script":"<script> [1562 bytes]","args":[{"selector":{"controlType":"sap.ui.core.Icon","viewName":"reusables.view.manageresources.NewResourceUnit","viewId":"application-manageresources-display-component---newResourceUnit","properties":{"src":{"regex":{"source":"slim\\-arrow\\-down"}}},"ancestor":{"controlType":"sap.m.ComboBox","viewName":"reusables.view.manageresources.NewResourceUnit","viewId":"application-manageresources-display-component---newResourceUnit","bindingPath":{"path":"/RESOURCE_UNIT_TIME_SEQUENCES/0","propertyPath":"COST_OBJECT_ADMIN_CST_TYPE","modelName":"oNewRruModel"}}},"wdio_ui5_key":"reusablesview.manageresources.NewResourceUnitsap.ui.core.Icon{\"src\":{\"regex\":{\"source\":\"slim\\\\-arrow\\\\-down\"}}}{\"controlType\":\"sap.m.ComboBox\",\"viewName\":\"reusables.view.manageresources.NewResourceUnit\",\"viewId\":\"application-manageresources-display-component---newResourceUnit\",\"bindingPath\":{\"path\":\"/RESOURCE_UNIT_TIME_SEQUENCES/0\",\"propertyPath\":\"COST_OBJECT_ADMIN_CST_TYPE\",\"modelName\":\"oNewRruModel\"}}"}]}
RESULT: undefined
COMMAND: POST /session/986c8c948b22d3df52d278b912c043dd/element - {"using":"xpath","value":"//*[@id=\"__box16-application-manageresources-display-component---newResourceUnit--RUTimeSegment-0-arrow\"]"}
RESULT: {}
RESULT: {"using":"xpath","value":"//*[@id=\"__box16-application-manageresources-display-component---newResourceUnit--RUTimeSegment-0-arrow\"]"}
COMMAND: POST /session/986c8c948b22d3df52d278b912c043dd/element/f.092109B35A6735C4F983D4E1F3C5CB5B.d.4B8720656E653F546BA95B83E1A20D6C.e.3436/click - {}
RESULT: {}
COMMAND: POST /session/986c8c948b22d3df52d278b912c043dd/execute/async - {"script":"<script> [1562 bytes]","args":[{"selector":{"controlType":"sap.m.StandardListItem","viewName":"reusables.view.manageresources.NewResourceUnit","viewId":"application-manageresources-display-component---newResourceUnit","properties":{"title":"PM Order"},"searchOpenDialogs":true,"interaction":{"idSuffix":"titleText"}},"wdio_ui5_key":"reusablesview.manageresources.NewResourceUnitsap.m.StandardListItem{\"title\":\"PM Order\"}"}]}
COMMAND: GET /session/986c8c948b22d3df52d278b912c043dd/screenshot - {}
RESULT: {"script":"<script> [1562 bytes]","args":[{"selector":{"controlType":"sap.m.StandardListItem","viewName":"reusables.view.manageresources.NewResourceUnit","viewId":"application-manageresources-display-component---newResourceUnit","properties":{"title":"PM Order"},"searchOpenDialogs":true,"interaction":{"idSuffix":"titleText"}},"wdio_ui5_key":"reusablesview.manageresources.NewResourceUnitsap.m.StandardListItem{\"title\":\"PM Order\"}"}]}
RESULT: undefined
COMMAND: POST /session/986c8c948b22d3df52d278b912c043dd/element - {"using":"xpath","value":"//*[@id=\"__item3752\"]"}
RESULT: {}
RESULT: {"using":"xpath","value":"//*[@id=\"__item3752\"]"}
COMMAND: POST /session/986c8c948b22d3df52d278b912c043dd/element/f.092109B35A6735C4F983D4E1F3C5CB5B.d.4B8720656E653F546BA95B83E1A20D6C.e.3440/click - {}
RESULT: {}
COMMAND: GET /session/986c8c948b22d3df52d278b912c043dd/screenshot - {}
RESULT: {}
COMMAND: POST /session/986c8c948b22d3df52d278b912c043dd/element - {"using":"xpath","value":"(//input[contains(@id ,\"-application-manageresources-display-component---newResourceUnit--RUTimeSegment-0-inner\")])[8]"}
RESULT: {"using":"xpath","value":"(//input[contains(@id ,\"-application-manageresources-display-component---newResourceUnit--RUTimeSegment-0-inner\")])[8]"}
COMMAND: POST /session/986c8c948b22d3df52d278b912c043dd/element/f.092109B35A6735C4F983D4E1F3C5CB5B.d.4B8720656E653F546BA95B83E1A20D6C.e.3443/clear - {}
RESULT: {}
COMMAND: POST /session/986c8c948b22d3df52d278b912c043dd/element/f.092109B35A6735C4F983D4E1F3C5CB5B.d.4B8720656E653F546BA95B83E1A20D6C.e.3443/value - {"text":"4000360"}
COMMAND: GET /session/986c8c948b22d3df52d278b912c043dd/screenshot - {}
RESULT: {"text":"4000360"}
COMMAND: GET /session/986c8c948b22d3df52d278b912c043dd/screenshot - {}
RESULT: {}
RESULT: {}
COMMAND: POST /session/986c8c948b22d3df52d278b912c043dd/actions - {"actions":[{"id":"action22","type":"key","parameters":{},"actions":[{"type":"keyDown","value":"î€‡"},{"type":"pause","duration":10},{"type":"keyUp","value":"î€‡"}]}]}
RESULT: {"actions":[{"id":"action22","type":"key","parameters":{},"actions":[{"type":"keyDown","value":"î€‡"},{"type":"pause","duration":10},{"type":"keyUp","value":"î€‡"}]}]}
COMMAND: GET /session/986c8c948b22d3df52d278b912c043dd/screenshot - {}
RESULT: {}
COMMAND: POST /session/986c8c948b22d3df52d278b912c043dd/element - {"using":"xpath","value":"//input[contains(@id ,\"application-manageresources-display-component---newResourceUnit--newTimeSegmentFromDatePicker-application-manageresources-display-component---newResourceUnit--RUTimeSegment-0-inner\")]"}
RESULT: {"using":"xpath","value":"//input[contains(@id ,\"application-manageresources-display-component---newResourceUnit--newTimeSegmentFromDatePicker-application-manageresources-display-component---newResourceUnit--RUTimeSegment-0-inner\")]"}
COMMAND: POST /session/986c8c948b22d3df52d278b912c043dd/element/f.092109B35A6735C4F983D4E1F3C5CB5B.d.4B8720656E653F546BA95B83E1A20D6C.e.3427/clear - {}
RESULT: {}
COMMAND: POST /session/986c8c948b22d3df52d278b912c043dd/element/f.092109B35A6735C4F983D4E1F3C5CB5B.d.4B8720656E653F546BA95B83E1A20D6C.e.3427/clear - {}
COMMAND: GET /session/986c8c948b22d3df52d278b912c043dd/screenshot - {}
RESULT: {}
COMMAND: POST /session/986c8c948b22d3df52d278b912c043dd/element/f.092109B35A6735C4F983D4E1F3C5CB5B.d.4B8720656E653F546BA95B83E1A20D6C.e.3427/value - {"text":"7/4/24"}
COMMAND: GET /session/986c8c948b22d3df52d278b912c043dd/screenshot - {}
RESULT: {}
RESULT: {"text":"7/4/24"}
COMMAND: POST /session/986c8c948b22d3df52d278b912c043dd/execute/async - {"script":"<script> [1562 bytes]","args":[{"selector":{"id":"application-manageresources-display-component---newResourceUnit--newRRUPage-anchBar-application-manageresources-display-component---newResourceUnit--resource-anchor","interaction":{"idSuffix":"BDI-content"}},"wdio_ui5_key":"applicationmanageresources-display-component---newResourceUnit--newRRUPage-anchBar-application-manageresources-display-component---newResourceUnit--resource-anchor"}]}
COMMAND: GET /session/986c8c948b22d3df52d278b912c043dd/screenshot - {}
RESULT: {}
RESULT: {"script":"<script> [1562 bytes]","args":[{"selector":{"id":"application-manageresources-display-component---newResourceUnit--newRRUPage-anchBar-application-manageresources-display-component---newResourceUnit--resource-anchor","interaction":{"idSuffix":"BDI-content"}},"wdio_ui5_key":"applicationmanageresources-display-component---newResourceUnit--newRRUPage-anchBar-application-manageresources-display-component---newResourceUnit--resource-anchor"}]}
RESULT: undefined
COMMAND: POST /session/986c8c948b22d3df52d278b912c043dd/element - {"using":"xpath","value":"//*[@id=\"application-manageresources-display-component---newResourceUnit--newRRUPage-anchBar-application-manageresources-display-component---newResourceUnit--resource-anchor\"]"}
RESULT: {}
RESULT: {"using":"xpath","value":"//*[@id=\"application-manageresources-display-component---newResourceUnit--newRRUPage-anchBar-application-manageresources-display-component---newResourceUnit--resource-anchor\"]"}
COMMAND: POST /session/986c8c948b22d3df52d278b912c043dd/element/f.092109B35A6735C4F983D4E1F3C5CB5B.d.4B8720656E653F546BA95B83E1A20D6C.e.3464/click - {}
RESULT: {}
COMMAND: POST /session/986c8c948b22d3df52d278b912c043dd/execute/async - {"script":"<script> [1562 bytes]","args":[{"selector":{"id":"application-manageresources-display-component---newResourceUnit--PLANNED_DELIVERY_DATE","interaction":{"idSuffix":"inner"}},"wdio_ui5_key":"applicationmanageresources-display-component---newResourceUnit--PLANNED_DELIVERY_DATE"}]}
COMMAND: GET /session/986c8c948b22d3df52d278b912c043dd/screenshot - {}
RESULT: {"script":"<script> [1562 bytes]","args":[{"selector":{"id":"application-manageresources-display-component---newResourceUnit--PLANNED_DELIVERY_DATE","interaction":{"idSuffix":"inner"}},"wdio_ui5_key":"applicationmanageresources-display-component---newResourceUnit--PLANNED_DELIVERY_DATE"}]}
RESULT: undefined
COMMAND: POST /session/986c8c948b22d3df52d278b912c043dd/execute/async - {"script":"<script> [6424 bytes]","args":[{"element-6066-11e4-a52e-4f735466cecf":"f.092109B35A6735C4F983D4E1F3C5CB5B.d.4B8720656E653F546BA95B83E1A20D6C.e.3291"},"setValue",["7/4/24"]]}
RESULT: {}
RESULT: {"script":"<script> [6424 bytes]","args":[{"element-6066-11e4-a52e-4f735466cecf":"f.092109B35A6735C4F983D4E1F3C5CB5B.d.4B8720656E653F546BA95B83E1A20D6C.e.3291"},"setValue",["7/4/24"]]}
COMMAND: POST /session/986c8c948b22d3df52d278b912c043dd/execute/async - {"script":"<script> [1562 bytes]","args":[{"selector":{"id":"application-manageresources-display-component---newResourceUnit--RETIRE_PLANNED_DATE","interaction":{"idSuffix":"inner"}},"wdio_ui5_key":"applicationmanageresources-display-component---newResourceUnit--RETIRE_PLANNED_DATE"}]}
RESULT: {"script":"<script> [1562 bytes]","args":[{"selector":{"id":"application-manageresources-display-component---newResourceUnit--RETIRE_PLANNED_DATE","interaction":{"idSuffix":"inner"}},"wdio_ui5_key":"applicationmanageresources-display-component---newResourceUnit--RETIRE_PLANNED_DATE"}]}
RESULT: undefined
COMMAND: POST /session/986c8c948b22d3df52d278b912c043dd/execute/async - {"script":"<script> [776 bytes]","args":[{"enterText":"3/14/29","selector":{"id":"application-manageresources-display-component---newResourceUnit--RETIRE_PLANNED_DATE","interaction":{"idSuffix":"inner"}},"clearTextFirst":true,"interactionType":"ENTER_TEXT"}]}
RESULT: {"script":"<script> [776 bytes]","args":[{"enterText":"3/14/29","selector":{"id":"application-manageresources-display-component---newResourceUnit--RETIRE_PLANNED_DATE","interaction":{"idSuffix":"inner"}},"clearTextFirst":true,"interactionType":"ENTER_TEXT"}]}
COMMAND: POST /session/986c8c948b22d3df52d278b912c043dd/execute/async - {"script":"<script> [1562 bytes]","args":[{"selector":{"controlType":"sap.m.Button","viewName":"reusables.view.manageresources.NewResourceUnit","viewId":"application-manageresources-display-component---newResourceUnit","i18NText":{"propertyName":"tooltip","key":"save"},"interaction":{"idSuffix":"BDI-content"}},"wdio_ui5_key":"reusablesview.manageresources.NewResourceUnitsap.m.Button{\"propertyName\":\"tooltip\",\"key\":\"save\"}"}]}
RESULT: {"script":"<script> [1562 bytes]","args":[{"selector":{"controlType":"sap.m.Button","viewName":"reusables.view.manageresources.NewResourceUnit","viewId":"application-manageresources-display-component---newResourceUnit","i18NText":{"propertyName":"tooltip","key":"save"},"interaction":{"idSuffix":"BDI-content"}},"wdio_ui5_key":"reusablesview.manageresources.NewResourceUnitsap.m.Button{\"propertyName\":\"tooltip\",\"key\":\"save\"}"}]}
RESULT: undefined
COMMAND: POST /session/986c8c948b22d3df52d278b912c043dd/element - {"using":"xpath","value":"//*[@id=\"application-manageresources-display-component---newResourceUnit--createRuButton\"]"}
RESULT: {"using":"xpath","value":"//*[@id=\"application-manageresources-display-component---newResourceUnit--createRuButton\"]"}
COMMAND: POST /session/986c8c948b22d3df52d278b912c043dd/element/f.092109B35A6735C4F983D4E1F3C5CB5B.d.4B8720656E653F546BA95B83E1A20D6C.e.3251/click - {}
RESULT: {}
COMMAND: GET /session/986c8c948b22d3df52d278b912c043dd/screenshot - {}
RESULT: {}
COMMAND: POST /session/986c8c948b22d3df52d278b912c043dd/execute/async - {"script":"<script> [1562 bytes]","args":[{"selector":{"controlType":"sap.m.Button","properties":{"text":"Close"},"searchOpenDialogs":true,"interaction":{"idSuffix":"inner"}},"wdio_ui5_key":"sapm.Button{\"text\":\"Close\"}"}]}
RESULT: {"script":"<script> [1562 bytes]","args":[{"selector":{"controlType":"sap.m.Button","properties":{"text":"Close"},"searchOpenDialogs":true,"interaction":{"idSuffix":"inner"}},"wdio_ui5_key":"sapm.Button{\"text\":\"Close\"}"}]}
RESULT: undefined
COMMAND: POST /session/986c8c948b22d3df52d278b912c043dd/element - {"using":"xpath","value":"//*[@id=\"__mbox-btn-0\"]"}
RESULT: {"using":"xpath","value":"//*[@id=\"__mbox-btn-0\"]"}
COMMAND: POST /session/986c8c948b22d3df52d278b912c043dd/element/f.092109B35A6735C4F983D4E1F3C5CB5B.d.4B8720656E653F546BA95B83E1A20D6C.e.3472/click - {}
RESULT: {}
COMMAND: GET /session/986c8c948b22d3df52d278b912c043dd/screenshot - {}
COMMAND: POST /session/986c8c948b22d3df52d278b912c043dd/execute/async - {"script":"<script> [1562 bytes]","args":[{"selector":{"controlType":"sap.m.Text","viewName":"etm.portal.ui.manageresources.view.Detail","viewId":"application-manageresources-display-component---detailRU","bindingPath":{"propertyPath":"ID","modelName":"catalogModel"}},"wdio_ui5_key":"etmportal.ui.manageresources.view.Detailsap.m.Text{\"propertyPath\":\"ID\",\"modelName\":\"catalogModel\"}"}]}
RESULT: {}
RESULT: {"script":"<script> [1562 bytes]","args":[{"selector":{"controlType":"sap.m.Text","viewName":"etm.portal.ui.manageresources.view.Detail","viewId":"application-manageresources-display-component---detailRU","bindingPath":{"propertyPath":"ID","modelName":"catalogModel"}},"wdio_ui5_key":"etmportal.ui.manageresources.view.Detailsap.m.Text{\"propertyPath\":\"ID\",\"modelName\":\"catalogModel\"}"}]}
RESULT: undefined
COMMAND: POST /session/986c8c948b22d3df52d278b912c043dd/execute/async - {"script":"<script> [6424 bytes]","args":[{"element-6066-11e4-a52e-4f735466cecf":"f.092109B35A6735C4F983D4E1F3C5CB5B.d.4B8720656E653F546BA95B83E1A20D6C.e.3510"},"getText",[]]}
RESULT: {"script":"<script> [6424 bytes]","args":[{"element-6066-11e4-a52e-4f735466cecf":"f.092109B35A6735C4F983D4E1F3C5CB5B.d.4B8720656E653F546BA95B83E1A20D6C.e.3510"},"getText",[]]}
COMMAND: POST /session/986c8c948b22d3df52d278b912c043dd/element - {"using":"css selector","value":"#shell-header-logo"}
RESULT: {"using":"css selector","value":"#shell-header-logo"}
COMMAND: POST /session/986c8c948b22d3df52d278b912c043dd/element/f.092109B35A6735C4F983D4E1F3C5CB5B.d.4B8720656E653F546BA95B83E1A20D6C.e.2873/click - {}
RESULT: {}
COMMAND: GET /session/986c8c948b22d3df52d278b912c043dd/screenshot - {}
RESULT: {}
]]></system-out>
    </testcase>
    <testcase classname="chrome.136_0_7103_93.windows.Verify_RU_inventory_split_cost_information_US139363" name="Should do a stock increase for the equipment" time="85.794">
      <system-out><![CDATA[
COMMAND: POST /session/986c8c948b22d3df52d278b912c043dd/execute/async - {"script":"<script> [1562 bytes]","args":[{"selector":{"controlType":"sap.m.GenericTile","properties":{"header":"Manage Handovers"}},"wdio_ui5_key":"sapm.GenericTile{\"header\":\"Manage Handovers\"}"}]}
RESULT: {"script":"<script> [1562 bytes]","args":[{"selector":{"controlType":"sap.m.GenericTile","properties":{"header":"Manage Handovers"}},"wdio_ui5_key":"sapm.GenericTile{\"header\":\"Manage Handovers\"}"}]}
RESULT: undefined
COMMAND: POST /session/986c8c948b22d3df52d278b912c043dd/element - {"using":"xpath","value":"//*[@id=\"__tile132\"]"}
RESULT: {"using":"xpath","value":"//*[@id=\"__tile132\"]"}
COMMAND: POST /session/986c8c948b22d3df52d278b912c043dd/element/f.092109B35A6735C4F983D4E1F3C5CB5B.d.4B8720656E653F546BA95B83E1A20D6C.e.3512/click - {}
RESULT: {}
COMMAND: GET /session/986c8c948b22d3df52d278b912c043dd/screenshot - {}
RESULT: {}
COMMAND: POST /session/986c8c948b22d3df52d278b912c043dd/elements - {"using":"xpath","value":"//span[text()='Error']"}
RESULT: {"using":"xpath","value":"//span[text()='Error']"}
COMMAND: POST /session/986c8c948b22d3df52d278b912c043dd/element - {"using":"xpath","value":"//button[@data-kt=\"masterHOAddButton\"]"}
RESULT: {"using":"xpath","value":"//button[@data-kt=\"masterHOAddButton\"]"}
COMMAND: POST /session/986c8c948b22d3df52d278b912c043dd/execute/sync - {"script":"<script> [8489 bytes]","args":[{"element-6066-11e4-a52e-4f735466cecf":"f.092109B35A6735C4F983D4E1F3C5CB5B.d.4B8720656E653F546BA95B83E1A20D6C.e.3566","ELEMENT":"f.092109B35A6735C4F983D4E1F3C5CB5B.d.4B8720656E653F546BA95B83E1A20D6C.e.3566"}]}
RESULT: {"script":"<script> [8489 bytes]","args":[{"element-6066-11e4-a52e-4f735466cecf":"f.092109B35A6735C4F983D4E1F3C5CB5B.d.4B8720656E653F546BA95B83E1A20D6C.e.3566","ELEMENT":"f.092109B35A6735C4F983D4E1F3C5CB5B.d.4B8720656E653F546BA95B83E1A20D6C.e.3566"}]}
COMMAND: POST /session/986c8c948b22d3df52d278b912c043dd/element/f.092109B35A6735C4F983D4E1F3C5CB5B.d.4B8720656E653F546BA95B83E1A20D6C.e.3566/click - {}
COMMAND: GET /session/986c8c948b22d3df52d278b912c043dd/screenshot - {}
RESULT: {}
COMMAND: GET /session/986c8c948b22d3df52d278b912c043dd/screenshot - {}
COMMAND: POST /session/986c8c948b22d3df52d278b912c043dd/element - {"using":"xpath","value":"//span[contains(@id ,\"AddNewHO--typeSelect-arrow\")]"}
RESULT: {}
RESULT: {}
RESULT: {"using":"xpath","value":"//span[contains(@id ,\"AddNewHO--typeSelect-arrow\")]"}
COMMAND: POST /session/986c8c948b22d3df52d278b912c043dd/element/f.092109B35A6735C4F983D4E1F3C5CB5B.d.4B8720656E653F546BA95B83E1A20D6C.e.3918/click - {}
RESULT: {}
COMMAND: GET /session/986c8c948b22d3df52d278b912c043dd/screenshot - {}
RESULT: {}
COMMAND: POST /session/986c8c948b22d3df52d278b912c043dd/element - {"using":"xpath","value":"(//li[contains(text(), \"stock increase yard\")])[1]"}
RESULT: {"using":"xpath","value":"(//li[contains(text(), \"stock increase yard\")])[1]"}
COMMAND: POST /session/986c8c948b22d3df52d278b912c043dd/element/f.092109B35A6735C4F983D4E1F3C5CB5B.d.4B8720656E653F546BA95B83E1A20D6C.e.3919/click - {}
RESULT: {}
COMMAND: GET /session/986c8c948b22d3df52d278b912c043dd/screenshot - {}
RESULT: {}
COMMAND: POST /session/986c8c948b22d3df52d278b912c043dd/execute/async - {"script":"<script> [1562 bytes]","args":[{"selector":{"id":"application-managehandovers-display-component---AddNewHO--dueDate","interaction":{"idSuffix":"inner"}},"wdio_ui5_key":"applicationmanagehandovers-display-component---AddNewHO--dueDate"}]}
RESULT: {"script":"<script> [1562 bytes]","args":[{"selector":{"id":"application-managehandovers-display-component---AddNewHO--dueDate","interaction":{"idSuffix":"inner"}},"wdio_ui5_key":"applicationmanagehandovers-display-component---AddNewHO--dueDate"}]}
RESULT: undefined
COMMAND: POST /session/986c8c948b22d3df52d278b912c043dd/execute/async - {"script":"<script> [6424 bytes]","args":[{"element-6066-11e4-a52e-4f735466cecf":"f.092109B35A6735C4F983D4E1F3C5CB5B.d.4B8720656E653F546BA95B83E1A20D6C.e.3923"},"setValue",["6/4/25"]]}
RESULT: {"script":"<script> [6424 bytes]","args":[{"element-6066-11e4-a52e-4f735466cecf":"f.092109B35A6735C4F983D4E1F3C5CB5B.d.4B8720656E653F546BA95B83E1A20D6C.e.3923"},"setValue",["6/4/25"]]}
COMMAND: POST /session/986c8c948b22d3df52d278b912c043dd/element - {"using":"xpath","value":"//input[@id=\"generalSectionFrg--receiveYard-inner\"]"}
RESULT: {"using":"xpath","value":"//input[@id=\"generalSectionFrg--receiveYard-inner\"]"}
COMMAND: POST /session/986c8c948b22d3df52d278b912c043dd/element/f.092109B35A6735C4F983D4E1F3C5CB5B.d.4B8720656E653F546BA95B83E1A20D6C.e.3929/clear - {}
RESULT: {}
COMMAND: POST /session/986c8c948b22d3df52d278b912c043dd/element/f.092109B35A6735C4F983D4E1F3C5CB5B.d.4B8720656E653F546BA95B83E1A20D6C.e.3929/value - {"text":"webdriveryard"}
COMMAND: GET /session/986c8c948b22d3df52d278b912c043dd/screenshot - {}
RESULT: {"text":"webdriveryard"}
COMMAND: GET /session/986c8c948b22d3df52d278b912c043dd/screenshot - {}
RESULT: {}
RESULT: {}
COMMAND: POST /session/986c8c948b22d3df52d278b912c043dd/execute/async - {"script":"<script> [1562 bytes]","args":[{"selector":{"id":"application-managehandovers-display-component---AddNewHO--ObjectPageLayout-anchBar-application-managehandovers-display-component---AddNewHO--section4-anchor","interaction":{"idSuffix":"BDI-content"}},"wdio_ui5_key":"applicationmanagehandovers-display-component---AddNewHO--ObjectPageLayout-anchBar-application-managehandovers-display-component---AddNewHO--section4-anchor"}]}
RESULT: {"script":"<script> [1562 bytes]","args":[{"selector":{"id":"application-managehandovers-display-component---AddNewHO--ObjectPageLayout-anchBar-application-managehandovers-display-component---AddNewHO--section4-anchor","interaction":{"idSuffix":"BDI-content"}},"wdio_ui5_key":"applicationmanagehandovers-display-component---AddNewHO--ObjectPageLayout-anchBar-application-managehandovers-display-component---AddNewHO--section4-anchor"}]}
RESULT: undefined
COMMAND: POST /session/986c8c948b22d3df52d278b912c043dd/element - {"using":"xpath","value":"//*[@id=\"application-managehandovers-display-component---AddNewHO--ObjectPageLayout-anchBar-application-managehandovers-display-component---AddNewHO--section4-anchor\"]"}
RESULT: {"using":"xpath","value":"//*[@id=\"application-managehandovers-display-component---AddNewHO--ObjectPageLayout-anchBar-application-managehandovers-display-component---AddNewHO--section4-anchor\"]"}
COMMAND: POST /session/986c8c948b22d3df52d278b912c043dd/element/f.092109B35A6735C4F983D4E1F3C5CB5B.d.4B8720656E653F546BA95B83E1A20D6C.e.3949/click - {}
RESULT: {}
COMMAND: GET /session/986c8c948b22d3df52d278b912c043dd/screenshot - {}
RESULT: {}
COMMAND: POST /session/986c8c948b22d3df52d278b912c043dd/element - {"using":"xpath","value":"//button[@aria-label=\"Add\"]"}
RESULT: {"using":"xpath","value":"//button[@aria-label=\"Add\"]"}
COMMAND: POST /session/986c8c948b22d3df52d278b912c043dd/element/f.092109B35A6735C4F983D4E1F3C5CB5B.d.4B8720656E653F546BA95B83E1A20D6C.e.3953/click - {}
RESULT: {}
COMMAND: GET /session/986c8c948b22d3df52d278b912c043dd/screenshot - {}
RESULT: {}
COMMAND: POST /session/986c8c948b22d3df52d278b912c043dd/execute/async - {"script":"<script> [1562 bytes]","args":[{"selector":{"id":"application-managehandovers-display-component---AddNewHO--smartFilterBar-btnBasicSearch","searchOpenDialogs":true,"interaction":{"idSuffix":"I"}},"wdio_ui5_key":"applicationmanagehandovers-display-component---AddNewHO--smartFilterBar-btnBasicSearch"}]}
RESULT: {"script":"<script> [1562 bytes]","args":[{"selector":{"id":"application-managehandovers-display-component---AddNewHO--smartFilterBar-btnBasicSearch","searchOpenDialogs":true,"interaction":{"idSuffix":"I"}},"wdio_ui5_key":"applicationmanagehandovers-display-component---AddNewHO--smartFilterBar-btnBasicSearch"}]}
RESULT: undefined
COMMAND: POST /session/986c8c948b22d3df52d278b912c043dd/execute/async - {"script":"<script> [776 bytes]","args":[{"enterText":"WdIOTestEquip4kqlr","selector":{"id":"application-managehandovers-display-component---AddNewHO--smartFilterBar-btnBasicSearch","searchOpenDialogs":true,"interaction":{"idSuffix":"I"}},"clearTextFirst":true,"interactionType":"ENTER_TEXT"}]}
RESULT: {"script":"<script> [776 bytes]","args":[{"enterText":"WdIOTestEquip4kqlr","selector":{"id":"application-managehandovers-display-component---AddNewHO--smartFilterBar-btnBasicSearch","searchOpenDialogs":true,"interaction":{"idSuffix":"I"}},"clearTextFirst":true,"interactionType":"ENTER_TEXT"}]}
COMMAND: POST /session/986c8c948b22d3df52d278b912c043dd/actions - {"actions":[{"id":"action23","type":"key","parameters":{},"actions":[{"type":"keyDown","value":"î€‡"},{"type":"pause","duration":10},{"type":"keyUp","value":"î€‡"}]}]}
RESULT: {"actions":[{"id":"action23","type":"key","parameters":{},"actions":[{"type":"keyDown","value":"î€‡"},{"type":"pause","duration":10},{"type":"keyUp","value":"î€‡"}]}]}
COMMAND: POST /session/986c8c948b22d3df52d278b912c043dd/execute/async - {"script":"<script> [1562 bytes]","args":[{"selector":{"id":"application-managehandovers-display-component---AddNewHO--popup-sa","searchOpenDialogs":true,"interaction":{"idSuffix":"CbBg"}},"wdio_ui5_key":"applicationmanagehandovers-display-component---AddNewHO--popup-sa"}]}
COMMAND: GET /session/986c8c948b22d3df52d278b912c043dd/screenshot - {}
RESULT: {"script":"<script> [1562 bytes]","args":[{"selector":{"id":"application-managehandovers-display-component---AddNewHO--popup-sa","searchOpenDialogs":true,"interaction":{"idSuffix":"CbBg"}},"wdio_ui5_key":"applicationmanagehandovers-display-component---AddNewHO--popup-sa"}]}
RESULT: undefined
COMMAND: POST /session/986c8c948b22d3df52d278b912c043dd/element - {"using":"xpath","value":"//*[@id=\"application-managehandovers-display-component---AddNewHO--popup-sa\"]"}
RESULT: {}
RESULT: {"using":"xpath","value":"//*[@id=\"application-managehandovers-display-component---AddNewHO--popup-sa\"]"}
COMMAND: POST /session/986c8c948b22d3df52d278b912c043dd/element/f.092109B35A6735C4F983D4E1F3C5CB5B.d.4B8720656E653F546BA95B83E1A20D6C.e.4091/click - {}
RESULT: {}
COMMAND: GET /session/986c8c948b22d3df52d278b912c043dd/screenshot - {}
RESULT: {}
COMMAND: POST /session/986c8c948b22d3df52d278b912c043dd/element - {"using":"xpath","value":"//bdi[contains(text(), \"Select\")]"}
RESULT: {"using":"xpath","value":"//bdi[contains(text(), \"Select\")]"}
COMMAND: POST /session/986c8c948b22d3df52d278b912c043dd/element/f.092109B35A6735C4F983D4E1F3C5CB5B.d.4B8720656E653F546BA95B83E1A20D6C.e.4092/click - {}
RESULT: {}
COMMAND: GET /session/986c8c948b22d3df52d278b912c043dd/screenshot - {}
RESULT: {}
COMMAND: POST /session/986c8c948b22d3df52d278b912c043dd/element - {"using":"xpath","value":"//button[@data-kt=\"AddNewHOSaveButton\"]"}
RESULT: {"using":"xpath","value":"//button[@data-kt=\"AddNewHOSaveButton\"]"}
COMMAND: POST /session/986c8c948b22d3df52d278b912c043dd/element/f.092109B35A6735C4F983D4E1F3C5CB5B.d.4B8720656E653F546BA95B83E1A20D6C.e.4096/click - {}
RESULT: {}
COMMAND: GET /session/986c8c948b22d3df52d278b912c043dd/screenshot - {}
RESULT: {}
COMMAND: POST /session/986c8c948b22d3df52d278b912c043dd/execute/async - {"script":"<script> [1562 bytes]","args":[{"selector":{"id":"receiptDatePicker","viewName":"etm.portal.ui.managehandovers.view.DetailExecuteHO","interaction":{"idSuffix":"inner"}},"wdio_ui5_key":"receiptDatePickeretmportal.ui.managehandovers.view.DetailExecuteHO"}]}
RESULT: {"script":"<script> [1562 bytes]","args":[{"selector":{"id":"receiptDatePicker","viewName":"etm.portal.ui.managehandovers.view.DetailExecuteHO","interaction":{"idSuffix":"inner"}},"wdio_ui5_key":"receiptDatePickeretmportal.ui.managehandovers.view.DetailExecuteHO"}]}
RESULT: undefined
COMMAND: POST /session/986c8c948b22d3df52d278b912c043dd/execute/async - {"script":"<script> [6424 bytes]","args":[{"element-6066-11e4-a52e-4f735466cecf":"f.092109B35A6735C4F983D4E1F3C5CB5B.d.4B8720656E653F546BA95B83E1A20D6C.e.4123"},"setValue",["6/4/25"]]}
RESULT: {"script":"<script> [6424 bytes]","args":[{"element-6066-11e4-a52e-4f735466cecf":"f.092109B35A6735C4F983D4E1F3C5CB5B.d.4B8720656E653F546BA95B83E1A20D6C.e.4123"},"setValue",["6/4/25"]]}
COMMAND: POST /session/986c8c948b22d3df52d278b912c043dd/actions - {"actions":[{"id":"action24","type":"key","parameters":{},"actions":[{"type":"keyDown","value":"î€‡"},{"type":"pause","duration":10},{"type":"keyUp","value":"î€‡"}]}]}
RESULT: {"actions":[{"id":"action24","type":"key","parameters":{},"actions":[{"type":"keyDown","value":"î€‡"},{"type":"pause","duration":10},{"type":"keyUp","value":"î€‡"}]}]}
COMMAND: POST /session/986c8c948b22d3df52d278b912c043dd/actions - {"actions":[{"id":"action25","type":"key","parameters":{},"actions":[{"type":"keyDown","value":"î€‡"},{"type":"pause","duration":10},{"type":"keyUp","value":"î€‡"}]}]}
COMMAND: GET /session/986c8c948b22d3df52d278b912c043dd/screenshot - {}
RESULT: {"actions":[{"id":"action25","type":"key","parameters":{},"actions":[{"type":"keyDown","value":"î€‡"},{"type":"pause","duration":10},{"type":"keyUp","value":"î€‡"}]}]}
COMMAND: POST /session/986c8c948b22d3df52d278b912c043dd/element - {"using":"xpath","value":"//button[@data-kt=\"ReceivingTableConfirmAllButton\"]"}
COMMAND: GET /session/986c8c948b22d3df52d278b912c043dd/screenshot - {}
RESULT: {}
RESULT: {"using":"xpath","value":"//button[@data-kt=\"ReceivingTableConfirmAllButton\"]"}
COMMAND: POST /session/986c8c948b22d3df52d278b912c043dd/element/f.092109B35A6735C4F983D4E1F3C5CB5B.d.4B8720656E653F546BA95B83E1A20D6C.e.4139/click - {}
RESULT: {}
RESULT: {}
COMMAND: GET /session/986c8c948b22d3df52d278b912c043dd/screenshot - {}
RESULT: {}
COMMAND: POST /session/986c8c948b22d3df52d278b912c043dd/element - {"using":"xpath","value":"//bdi[contains(text(), \"OK\")]"}
RESULT: {"using":"xpath","value":"//bdi[contains(text(), \"OK\")]"}
COMMAND: POST /session/986c8c948b22d3df52d278b912c043dd/element/f.092109B35A6735C4F983D4E1F3C5CB5B.d.4B8720656E653F546BA95B83E1A20D6C.e.4141/click - {}
RESULT: {}
COMMAND: GET /session/986c8c948b22d3df52d278b912c043dd/screenshot - {}
RESULT: {}
COMMAND: POST /session/986c8c948b22d3df52d278b912c043dd/element - {"using":"xpath","value":"(//bdi[contains(text(), \"Receive\")])[2]"}
RESULT: {"using":"xpath","value":"(//bdi[contains(text(), \"Receive\")])[2]"}
COMMAND: POST /session/986c8c948b22d3df52d278b912c043dd/element/f.092109B35A6735C4F983D4E1F3C5CB5B.d.4B8720656E653F546BA95B83E1A20D6C.e.4143/click - {}
RESULT: {}
COMMAND: GET /session/986c8c948b22d3df52d278b912c043dd/screenshot - {}
RESULT: {}
COMMAND: POST /session/986c8c948b22d3df52d278b912c043dd/element - {"using":"css selector","value":"#shell-header-logo"}
RESULT: {"using":"css selector","value":"#shell-header-logo"}
COMMAND: POST /session/986c8c948b22d3df52d278b912c043dd/element/f.092109B35A6735C4F983D4E1F3C5CB5B.d.4B8720656E653F546BA95B83E1A20D6C.e.3516/click - {}
RESULT: {}
]]></system-out>
    </testcase>
    <testcase classname="chrome.136_0_7103_93.windows.Verify_RU_inventory_split_cost_information_US139363" name="Should navigate to RU inventory and add the resource to the contract" time="97.256">
      <system-out><![CDATA[
COMMAND: POST /session/986c8c948b22d3df52d278b912c043dd/execute/async - {"script":"<script> [1562 bytes]","args":[{"selector":{"controlType":"sap.m.GenericTile","properties":{"header":"RU Inventory List"}},"wdio_ui5_key":"sapm.GenericTile{\"header\":\"RU Inventory List\"}"}]}
COMMAND: GET /session/986c8c948b22d3df52d278b912c043dd/screenshot - {}
RESULT: {"script":"<script> [1562 bytes]","args":[{"selector":{"controlType":"sap.m.GenericTile","properties":{"header":"RU Inventory List"}},"wdio_ui5_key":"sapm.GenericTile{\"header\":\"RU Inventory List\"}"}]}
RESULT: undefined
COMMAND: POST /session/986c8c948b22d3df52d278b912c043dd/element - {"using":"xpath","value":"//*[@id=\"__tile99\"]"}
RESULT: {}
RESULT: {"using":"xpath","value":"//*[@id=\"__tile99\"]"}
COMMAND: POST /session/986c8c948b22d3df52d278b912c043dd/element/f.092109B35A6735C4F983D4E1F3C5CB5B.d.4B8720656E653F546BA95B83E1A20D6C.e.4290/click - {}
RESULT: {}
COMMAND: GET /session/986c8c948b22d3df52d278b912c043dd/screenshot - {}
RESULT: {}
COMMAND: POST /session/986c8c948b22d3df52d278b912c043dd/elements - {"using":"xpath","value":"//span[text()='Error']"}
RESULT: {"using":"xpath","value":"//span[text()='Error']"}
COMMAND: POST /session/986c8c948b22d3df52d278b912c043dd/execute/async - {"script":"<script> [1562 bytes]","args":[{"selector":{"id":"application-ruinventorylist-display-component---Master--smartFilterBar-btnBasicSearch","interaction":{"idSuffix":"I"}},"wdio_ui5_key":"applicationruinventorylist-display-component---Master--smartFilterBar-btnBasicSearch"}]}
RESULT: {"script":"<script> [1562 bytes]","args":[{"selector":{"id":"application-ruinventorylist-display-component---Master--smartFilterBar-btnBasicSearch","interaction":{"idSuffix":"I"}},"wdio_ui5_key":"applicationruinventorylist-display-component---Master--smartFilterBar-btnBasicSearch"}]}
RESULT: undefined
COMMAND: POST /session/986c8c948b22d3df52d278b912c043dd/execute/async - {"script":"<script> [776 bytes]","args":[{"enterText":"WdIOTestEquip4kqlr","selector":{"id":"application-ruinventorylist-display-component---Master--smartFilterBar-btnBasicSearch","interaction":{"idSuffix":"I"}},"clearTextFirst":true,"interactionType":"ENTER_TEXT"}]}
RESULT: {"script":"<script> [776 bytes]","args":[{"enterText":"WdIOTestEquip4kqlr","selector":{"id":"application-ruinventorylist-display-component---Master--smartFilterBar-btnBasicSearch","interaction":{"idSuffix":"I"}},"clearTextFirst":true,"interactionType":"ENTER_TEXT"}]}
COMMAND: POST /session/986c8c948b22d3df52d278b912c043dd/actions - {"actions":[{"id":"action26","type":"key","parameters":{},"actions":[{"type":"keyDown","value":"î€‡"},{"type":"pause","duration":10},{"type":"keyUp","value":"î€‡"}]}]}
RESULT: {"actions":[{"id":"action26","type":"key","parameters":{},"actions":[{"type":"keyDown","value":"î€‡"},{"type":"pause","duration":10},{"type":"keyUp","value":"î€‡"}]}]}
COMMAND: GET /session/986c8c948b22d3df52d278b912c043dd/screenshot - {}
RESULT: {}
COMMAND: POST /session/986c8c948b22d3df52d278b912c043dd/execute/async - {"script":"<script> [1562 bytes]","args":[{"selector":{"id":"application-ruinventorylist-display-component---Master--smartTableRuInventoryList-header"},"wdio_ui5_key":"applicationruinventorylist-display-component---Master--smartTableRuInventoryList-header"}]}
RESULT: {"script":"<script> [1562 bytes]","args":[{"selector":{"id":"application-ruinventorylist-display-component---Master--smartTableRuInventoryList-header"},"wdio_ui5_key":"applicationruinventorylist-display-component---Master--smartTableRuInventoryList-header"}]}
RESULT: undefined
COMMAND: POST /session/986c8c948b22d3df52d278b912c043dd/execute/async - {"script":"<script> [6424 bytes]","args":[{"element-6066-11e4-a52e-4f735466cecf":"f.092109B35A6735C4F983D4E1F3C5CB5B.d.4B8720656E653F546BA95B83E1A20D6C.e.4501"},"getText",[]]}
RESULT: {"script":"<script> [6424 bytes]","args":[{"element-6066-11e4-a52e-4f735466cecf":"f.092109B35A6735C4F983D4E1F3C5CB5B.d.4B8720656E653F546BA95B83E1A20D6C.e.4501"},"getText",[]]}
COMMAND: POST /session/986c8c948b22d3df52d278b912c043dd/execute/async - {"script":"<script> [1562 bytes]","args":[{"selector":{"id":"application-ruinventorylist-display-component---Master--createContractItemsBtn-img"},"wdio_ui5_key":"applicationruinventorylist-display-component---Master--createContractItemsBtn-img"}]}
RESULT: {"script":"<script> [1562 bytes]","args":[{"selector":{"id":"application-ruinventorylist-display-component---Master--createContractItemsBtn-img"},"wdio_ui5_key":"applicationruinventorylist-display-component---Master--createContractItemsBtn-img"}]}
RESULT: undefined
COMMAND: POST /session/986c8c948b22d3df52d278b912c043dd/element - {"using":"xpath","value":"//*[@id=\"application-ruinventorylist-display-component---Master--createContractItemsBtn-img\"]"}
RESULT: {"using":"xpath","value":"//*[@id=\"application-ruinventorylist-display-component---Master--createContractItemsBtn-img\"]"}
COMMAND: POST /session/986c8c948b22d3df52d278b912c043dd/element/f.092109B35A6735C4F983D4E1F3C5CB5B.d.4B8720656E653F546BA95B83E1A20D6C.e.4335/click - {}
RESULT: {}
COMMAND: GET /session/986c8c948b22d3df52d278b912c043dd/screenshot - {}
RESULT: {}
COMMAND: POST /session/986c8c948b22d3df52d278b912c043dd/element - {"using":"xpath","value":"//div[contains(@id ,\"application-ruinventorylist-display-component---Master--tableRuInventoryList-sa-CbBg\")]"}
RESULT: {"using":"xpath","value":"//div[contains(@id ,\"application-ruinventorylist-display-component---Master--tableRuInventoryList-sa-CbBg\")]"}
COMMAND: POST /session/986c8c948b22d3df52d278b912c043dd/element/f.092109B35A6735C4F983D4E1F3C5CB5B.d.4B8720656E653F546BA95B83E1A20D6C.e.4510/click - {}
RESULT: {}
RESULT: undefined
COMMAND: POST /session/986c8c948b22d3df52d278b912c043dd/element - {"using":"xpath","value":"//*[@id=\"application-ruinventorylist-display-component---Master--createContractItemsBtn-img\"]"}
COMMAND: GET /session/986c8c948b22d3df52d278b912c043dd/screenshot - {}
RESULT: {"using":"xpath","value":"//*[@id=\"application-ruinventorylist-display-component---Master--createContractItemsBtn-img\"]"}
COMMAND: POST /session/986c8c948b22d3df52d278b912c043dd/element/f.092109B35A6735C4F983D4E1F3C5CB5B.d.4B8720656E653F546BA95B83E1A20D6C.e.4335/click - {}
RESULT: {}
RESULT: {}
COMMAND: GET /session/986c8c948b22d3df52d278b912c043dd/screenshot - {}
RESULT: {}
COMMAND: POST /session/986c8c948b22d3df52d278b912c043dd/element - {"using":"xpath","value":"//div[contains(@class ,\"sapMObjStatus sapMObjStatusError sapMObjStatusActive\")]"}
RESULT: {"using":"xpath","value":"//div[contains(@class ,\"sapMObjStatus sapMObjStatusError sapMObjStatusActive\")]"}
COMMAND: POST /session/986c8c948b22d3df52d278b912c043dd/elements - {"using":"xpath","value":"//div[contains(@class ,\"sapMObjStatus sapMObjStatusError sapMObjStatusActive\")]"}
RESULT: {"using":"xpath","value":"//div[contains(@class ,\"sapMObjStatus sapMObjStatusError sapMObjStatusActive\")]"}
COMMAND: POST /session/986c8c948b22d3df52d278b912c043dd/element - {"using":"xpath","value":"//input[contains(@id, \"application-ruinventorylist-display-component---Master--contractCb-inner\")]"}
RESULT: {"using":"xpath","value":"//input[contains(@id, \"application-ruinventorylist-display-component---Master--contractCb-inner\")]"}
COMMAND: POST /session/986c8c948b22d3df52d278b912c043dd/element/f.092109B35A6735C4F983D4E1F3C5CB5B.d.4B8720656E653F546BA95B83E1A20D6C.e.4513/clear - {}
RESULT: {}
COMMAND: POST /session/986c8c948b22d3df52d278b912c043dd/element/f.092109B35A6735C4F983D4E1F3C5CB5B.d.4B8720656E653F546BA95B83E1A20D6C.e.4513/value - {"text":"10449"}
COMMAND: GET /session/986c8c948b22d3df52d278b912c043dd/screenshot - {}
RESULT: {"text":"10449"}
COMMAND: GET /session/986c8c948b22d3df52d278b912c043dd/screenshot - {}
RESULT: {}
RESULT: {}
COMMAND: POST /session/986c8c948b22d3df52d278b912c043dd/actions - {"actions":[{"id":"action27","type":"key","parameters":{},"actions":[{"type":"keyDown","value":"î€‡"},{"type":"pause","duration":10},{"type":"keyUp","value":"î€‡"}]}]}
RESULT: {"actions":[{"id":"action27","type":"key","parameters":{},"actions":[{"type":"keyDown","value":"î€‡"},{"type":"pause","duration":10},{"type":"keyUp","value":"î€‡"}]}]}
COMMAND: GET /session/986c8c948b22d3df52d278b912c043dd/screenshot - {}
RESULT: {}
COMMAND: POST /session/986c8c948b22d3df52d278b912c043dd/actions - {"actions":[{"id":"action28","type":"key","parameters":{},"actions":[{"type":"keyDown","value":"î€‡"},{"type":"pause","duration":10},{"type":"keyUp","value":"î€‡"}]}]}
RESULT: {"actions":[{"id":"action28","type":"key","parameters":{},"actions":[{"type":"keyDown","value":"î€‡"},{"type":"pause","duration":10},{"type":"keyUp","value":"î€‡"}]}]}
COMMAND: GET /session/986c8c948b22d3df52d278b912c043dd/screenshot - {}
RESULT: {}
COMMAND: POST /session/986c8c948b22d3df52d278b912c043dd/element - {"using":"xpath","value":"//input[contains(@id, \"application-ruinventorylist-display-component---Master--endDate-inner\")]"}
RESULT: {"using":"xpath","value":"//input[contains(@id, \"application-ruinventorylist-display-component---Master--endDate-inner\")]"}
COMMAND: POST /session/986c8c948b22d3df52d278b912c043dd/element/f.092109B35A6735C4F983D4E1F3C5CB5B.d.4B8720656E653F546BA95B83E1A20D6C.e.4516/clear - {}
RESULT: {}
COMMAND: POST /session/986c8c948b22d3df52d278b912c043dd/element/f.092109B35A6735C4F983D4E1F3C5CB5B.d.4B8720656E653F546BA95B83E1A20D6C.e.4516/value - {"text":"06/05/25"}
COMMAND: GET /session/986c8c948b22d3df52d278b912c043dd/screenshot - {}
RESULT: {"text":"06/05/25"}
COMMAND: POST /session/986c8c948b22d3df52d278b912c043dd/element - {"using":"xpath","value":"(//div[contains(@data-kt ,\"characteristicsObjectStatus\")])[2]"}
COMMAND: GET /session/986c8c948b22d3df52d278b912c043dd/screenshot - {}
RESULT: {}
RESULT: {"using":"xpath","value":"(//div[contains(@data-kt ,\"characteristicsObjectStatus\")])[2]"}
COMMAND: POST /session/986c8c948b22d3df52d278b912c043dd/element/f.092109B35A6735C4F983D4E1F3C5CB5B.d.4B8720656E653F546BA95B83E1A20D6C.e.4530/click - {}
RESULT: {}
RESULT: {}
COMMAND: GET /session/986c8c948b22d3df52d278b912c043dd/screenshot - {}
RESULT: {}
COMMAND: POST /session/986c8c948b22d3df52d278b912c043dd/element - {"using":"xpath","value":"//span[contains(@id ,\"application-ruinventorylist-display-component---Master--addSplitCharacteristicsRowButton-img\")]"}
RESULT: {"using":"xpath","value":"//span[contains(@id ,\"application-ruinventorylist-display-component---Master--addSplitCharacteristicsRowButton-img\")]"}
COMMAND: POST /session/986c8c948b22d3df52d278b912c043dd/element/f.092109B35A6735C4F983D4E1F3C5CB5B.d.4B8720656E653F546BA95B83E1A20D6C.e.4534/click - {}
RESULT: {}
COMMAND: POST /session/986c8c948b22d3df52d278b912c043dd/element - {"using":"xpath","value":"(//input[contains(@id ,\"application-ruinventorylist-display-component---Master--splitCharacteristicsTable-0-inner\")])[1]"}
COMMAND: GET /session/986c8c948b22d3df52d278b912c043dd/screenshot - {}
RESULT: {"using":"xpath","value":"(//input[contains(@id ,\"application-ruinventorylist-display-component---Master--splitCharacteristicsTable-0-inner\")])[1]"}
COMMAND: POST /session/986c8c948b22d3df52d278b912c043dd/element/f.092109B35A6735C4F983D4E1F3C5CB5B.d.4B8720656E653F546BA95B83E1A20D6C.e.4536/clear - {}
RESULT: {}
RESULT: {}
COMMAND: POST /session/986c8c948b22d3df52d278b912c043dd/element/f.092109B35A6735C4F983D4E1F3C5CB5B.d.4B8720656E653F546BA95B83E1A20D6C.e.4536/value - {"text":"Cost Center"}
COMMAND: GET /session/986c8c948b22d3df52d278b912c043dd/screenshot - {}
RESULT: {"text":"Cost Center"}
COMMAND: GET /session/986c8c948b22d3df52d278b912c043dd/screenshot - {}
RESULT: {}
RESULT: {}
COMMAND: POST /session/986c8c948b22d3df52d278b912c043dd/actions - {"actions":[{"id":"action29","type":"key","parameters":{},"actions":[{"type":"keyDown","value":"î€‡"},{"type":"pause","duration":10},{"type":"keyUp","value":"î€‡"}]}]}
RESULT: {"actions":[{"id":"action29","type":"key","parameters":{},"actions":[{"type":"keyDown","value":"î€‡"},{"type":"pause","duration":10},{"type":"keyUp","value":"î€‡"}]}]}
COMMAND: POST /session/986c8c948b22d3df52d278b912c043dd/execute/async - {"script":"<script> [1562 bytes]","args":[{"selector":{"controlType":"sap.ui.core.Icon","viewName":"etm.portal.ui.ruinventorylist.view.Master","viewId":"application-ruinventorylist-display-component---Master","properties":{"src":{"regex":{"source":"value\\-help"}}},"searchOpenDialogs":true,"ancestor":{"controlType":"sap.m.ColumnListItem","viewName":"etm.portal.ui.ruinventorylist.view.Master","viewId":"application-ruinventorylist-display-component---Master","bindingPath":{"modelName":"additionalRequiredFields","path":"/currentCharacteristics/0"},"ancestor":{"id":"application-ruinventorylist-display-component---Master--splitCharacteristicsTable","searchOpenDialogs":true}}},"wdio_ui5_key":"etmportal.ui.ruinventorylist.view.Mastersap.ui.core.Icon{\"src\":{\"regex\":{\"source\":\"value\\\\-help\"}}}{\"controlType\":\"sap.m.ColumnListItem\",\"viewName\":\"etm.portal.ui.ruinventorylist.view.Master\",\"viewId\":\"application-ruinventorylist-display-component---Master\",\"bindingPath\":{\"modelName\":\"additionalRequiredFields\",\"path\":\"/currentCharacteristics/0\"},\"ancestor\":{\"id\":\"application-ruinventorylist-display-component---Master--splitCharacteristicsTable\",\"searchOpenDialogs\":true}}"}]}
COMMAND: GET /session/986c8c948b22d3df52d278b912c043dd/screenshot - {}
RESULT: {"script":"<script> [1562 bytes]","args":[{"selector":{"controlType":"sap.ui.core.Icon","viewName":"etm.portal.ui.ruinventorylist.view.Master","viewId":"application-ruinventorylist-display-component---Master","properties":{"src":{"regex":{"source":"value\\-help"}}},"searchOpenDialogs":true,"ancestor":{"controlType":"sap.m.ColumnListItem","viewName":"etm.portal.ui.ruinventorylist.view.Master","viewId":"application-ruinventorylist-display-component---Master","bindingPath":{"modelName":"additionalRequiredFields","path":"/currentCharacteristics/0"},"ancestor":{"id":"application-ruinventorylist-display-component---Master--splitCharacteristicsTable","searchOpenDialogs":true}}},"wdio_ui5_key":"etmportal.ui.ruinventorylist.view.Mastersap.ui.core.Icon{\"src\":{\"regex\":{\"source\":\"value\\\\-help\"}}}{\"controlType\":\"sap.m.ColumnListItem\",\"viewName\":\"etm.portal.ui.ruinventorylist.view.Master\",\"viewId\":\"application-ruinventorylist-display-component---Master\",\"bindingPath\":{\"modelName\":\"additionalRequiredFields\",\"path\":\"/currentCharacteristics/0\"},\"ancestor\":{\"id\":\"application-ruinventorylist-display-component---Master--splitCharacteristicsTable\",\"searchOpenDialogs\":true}}"}]}
RESULT: undefined
COMMAND: POST /session/986c8c948b22d3df52d278b912c043dd/element - {"using":"xpath","value":"//*[@id=\"__help4-application-ruinventorylist-display-component---Master--splitCharacteristicsTable-0-vhi\"]"}
RESULT: {}
RESULT: {"using":"xpath","value":"//*[@id=\"__help4-application-ruinventorylist-display-component---Master--splitCharacteristicsTable-0-vhi\"]"}
COMMAND: POST /session/986c8c948b22d3df52d278b912c043dd/element/f.092109B35A6735C4F983D4E1F3C5CB5B.d.4B8720656E653F546BA95B83E1A20D6C.e.4544/click - {}
RESULT: {}
COMMAND: POST /session/986c8c948b22d3df52d278b912c043dd/element - {"using":"xpath","value":"(//input[contains(@aria-label ,\"Search\")])[1]"}
COMMAND: GET /session/986c8c948b22d3df52d278b912c043dd/screenshot - {}
RESULT: {"using":"xpath","value":"(//input[contains(@aria-label ,\"Search\")])[1]"}
COMMAND: POST /session/986c8c948b22d3df52d278b912c043dd/element/f.092109B35A6735C4F983D4E1F3C5CB5B.d.4B8720656E653F546BA95B83E1A20D6C.e.4547/clear - {}
RESULT: {}
RESULT: {}
COMMAND: POST /session/986c8c948b22d3df52d278b912c043dd/element/f.092109B35A6735C4F983D4E1F3C5CB5B.d.4B8720656E653F546BA95B83E1A20D6C.e.4547/value - {"text":"10001010"}
COMMAND: GET /session/986c8c948b22d3df52d278b912c043dd/screenshot - {}
RESULT: {"text":"10001010"}
COMMAND: POST /session/986c8c948b22d3df52d278b912c043dd/actions - {"actions":[{"id":"action30","type":"key","parameters":{},"actions":[{"type":"keyDown","value":"î€‡"},{"type":"pause","duration":10},{"type":"keyUp","value":"î€‡"}]}]}
COMMAND: GET /session/986c8c948b22d3df52d278b912c043dd/screenshot - {}
RESULT: {}
RESULT: {"actions":[{"id":"action30","type":"key","parameters":{},"actions":[{"type":"keyDown","value":"î€‡"},{"type":"pause","duration":10},{"type":"keyUp","value":"î€‡"}]}]}
COMMAND: GET /session/986c8c948b22d3df52d278b912c043dd/screenshot - {}
RESULT: {}
RESULT: {}
COMMAND: POST /session/986c8c948b22d3df52d278b912c043dd/element - {"using":"xpath","value":"(//span[contains(text(), \"Purchasing\")])[1]"}
RESULT: {"using":"xpath","value":"(//span[contains(text(), \"Purchasing\")])[1]"}
COMMAND: POST /session/986c8c948b22d3df52d278b912c043dd/element/f.092109B35A6735C4F983D4E1F3C5CB5B.d.4B8720656E653F546BA95B83E1A20D6C.e.4585/click - {}
RESULT: {}
COMMAND: GET /session/986c8c948b22d3df52d278b912c043dd/screenshot - {}
RESULT: {}
COMMAND: POST /session/986c8c948b22d3df52d278b912c043dd/element - {"using":"xpath","value":"//span[contains(@id ,\"ok-content\")]"}
RESULT: {"using":"xpath","value":"//span[contains(@id ,\"ok-content\")]"}
COMMAND: POST /session/986c8c948b22d3df52d278b912c043dd/element/f.092109B35A6735C4F983D4E1F3C5CB5B.d.4B8720656E653F546BA95B83E1A20D6C.e.4586/click - {}
RESULT: {}
COMMAND: GET /session/986c8c948b22d3df52d278b912c043dd/screenshot - {}
RESULT: {}
COMMAND: POST /session/986c8c948b22d3df52d278b912c043dd/element - {"using":"xpath","value":"//bdi[contains(text(), \"Save\")]"}
RESULT: {"using":"xpath","value":"//bdi[contains(text(), \"Save\")]"}
COMMAND: POST /session/986c8c948b22d3df52d278b912c043dd/element/f.092109B35A6735C4F983D4E1F3C5CB5B.d.4B8720656E653F546BA95B83E1A20D6C.e.4589/click - {}
RESULT: {}
COMMAND: GET /session/986c8c948b22d3df52d278b912c043dd/screenshot - {}
RESULT: {}
COMMAND: POST /session/986c8c948b22d3df52d278b912c043dd/element - {"using":"xpath","value":"//bdi[contains(text(), \"OK\")]"}
RESULT: {"using":"xpath","value":"//bdi[contains(text(), \"OK\")]"}
COMMAND: POST /session/986c8c948b22d3df52d278b912c043dd/element/f.092109B35A6735C4F983D4E1F3C5CB5B.d.4B8720656E653F546BA95B83E1A20D6C.e.4591/click - {}
RESULT: {}
COMMAND: GET /session/986c8c948b22d3df52d278b912c043dd/screenshot - {}
RESULT: {}
COMMAND: POST /session/986c8c948b22d3df52d278b912c043dd/actions - {"actions":[{"id":"action31","type":"key","parameters":{},"actions":[{"type":"keyDown","value":"î€‡"},{"type":"pause","duration":10},{"type":"keyUp","value":"î€‡"}]}]}
RESULT: {"actions":[{"id":"action31","type":"key","parameters":{},"actions":[{"type":"keyDown","value":"î€‡"},{"type":"pause","duration":10},{"type":"keyUp","value":"î€‡"}]}]}
COMMAND: GET /session/986c8c948b22d3df52d278b912c043dd/screenshot - {}
RESULT: {}
COMMAND: POST /session/986c8c948b22d3df52d278b912c043dd/execute/async - {"script":"<script> [1562 bytes]","args":[{"selector":{"controlType":"sap.m.Title","viewName":"etm.portal.ui.managecontracts.view.Detail","properties":{"text":"Contract Items (1)"}},"wdio_ui5_key":"etmportal.ui.managecontracts.view.Detailsap.m.Title{\"text\":\"Contract Items (1)\"}"}]}
RESULT: {"script":"<script> [1562 bytes]","args":[{"selector":{"controlType":"sap.m.Title","viewName":"etm.portal.ui.managecontracts.view.Detail","properties":{"text":"Contract Items (1)"}},"wdio_ui5_key":"etmportal.ui.managecontracts.view.Detailsap.m.Title{\"text\":\"Contract Items (1)\"}"}]}
RESULT: undefined
COMMAND: POST /session/986c8c948b22d3df52d278b912c043dd/execute/async - {"script":"<script> [6424 bytes]","args":[{"element-6066-11e4-a52e-4f735466cecf":"f.092109B35A6735C4F983D4E1F3C5CB5B.d.4B8720656E653F546BA95B83E1A20D6C.e.4814"},"getText",[]]}
RESULT: {"script":"<script> [6424 bytes]","args":[{"element-6066-11e4-a52e-4f735466cecf":"f.092109B35A6735C4F983D4E1F3C5CB5B.d.4B8720656E653F546BA95B83E1A20D6C.e.4814"},"getText",[]]}
COMMAND: POST /session/986c8c948b22d3df52d278b912c043dd/element - {"using":"xpath","value":"//div[contains(@data-kt ,\"characteristicsObjectStatus\")]"}
RESULT: {"using":"xpath","value":"//div[contains(@data-kt ,\"characteristicsObjectStatus\")]"}
COMMAND: POST /session/986c8c948b22d3df52d278b912c043dd/element/f.092109B35A6735C4F983D4E1F3C5CB5B.d.4B8720656E653F546BA95B83E1A20D6C.e.4815/click - {}
RESULT: {}
COMMAND: GET /session/986c8c948b22d3df52d278b912c043dd/screenshot - {}
RESULT: {}
COMMAND: POST /session/986c8c948b22d3df52d278b912c043dd/element - {"using":"xpath","value":"(//input[contains(@class ,\"sapMInputBaseInner sapMComboBoxInner\")])[2]"}
RESULT: {"using":"xpath","value":"(//input[contains(@class ,\"sapMInputBaseInner sapMComboBoxInner\")])[2]"}
COMMAND: GET /session/986c8c948b22d3df52d278b912c043dd/element/f.092109B35A6735C4F983D4E1F3C5CB5B.d.4B8720656E653F546BA95B83E1A20D6C.e.4821/property/value - {}
RESULT: {}
COMMAND: POST /session/986c8c948b22d3df52d278b912c043dd/element - {"using":"xpath","value":"//span[contains(text(), \"Input (10001010) 10001010 - Purchasing\")]"}
COMMAND: GET /session/986c8c948b22d3df52d278b912c043dd/screenshot - {}
RESULT: {"using":"xpath","value":"//span[contains(text(), \"Input (10001010) 10001010 - Purchasing\")]"}
COMMAND: POST /session/986c8c948b22d3df52d278b912c043dd/elements - {"using":"xpath","value":"//span[contains(text(), \"Input (10001010) 10001010 - Purchasing\")]"}
RESULT: {}
RESULT: {"using":"xpath","value":"//span[contains(text(), \"Input (10001010) 10001010 - Purchasing\")]"}
COMMAND: POST /session/986c8c948b22d3df52d278b912c043dd/elements - {"using":"xpath","value":"//span[contains(text(), \"Input (10001010) 10001010 - Purchasing\")]"}
RESULT: {"using":"xpath","value":"//span[contains(text(), \"Input (10001010) 10001010 - Purchasing\")]"}
COMMAND: POST /session/986c8c948b22d3df52d278b912c043dd/elements - {"using":"xpath","value":"//span[contains(text(), \"Input (10001010) 10001010 - Purchasing\")]"}
RESULT: {"using":"xpath","value":"//span[contains(text(), \"Input (10001010) 10001010 - Purchasing\")]"}
COMMAND: POST /session/986c8c948b22d3df52d278b912c043dd/elements - {"using":"xpath","value":"//span[contains(text(), \"Input (10001010) 10001010 - Purchasing\")]"}
RESULT: {"using":"xpath","value":"//span[contains(text(), \"Input (10001010) 10001010 - Purchasing\")]"}
COMMAND: POST /session/986c8c948b22d3df52d278b912c043dd/elements - {"using":"xpath","value":"//span[contains(text(), \"Input (10001010) 10001010 - Purchasing\")]"}
RESULT: {"using":"xpath","value":"//span[contains(text(), \"Input (10001010) 10001010 - Purchasing\")]"}
COMMAND: POST /session/986c8c948b22d3df52d278b912c043dd/elements - {"using":"xpath","value":"//span[contains(text(), \"Input (10001010) 10001010 - Purchasing\")]"}
RESULT: {"using":"xpath","value":"//span[contains(text(), \"Input (10001010) 10001010 - Purchasing\")]"}
COMMAND: POST /session/986c8c948b22d3df52d278b912c043dd/elements - {"using":"xpath","value":"//span[contains(text(), \"Input (10001010) 10001010 - Purchasing\")]"}
RESULT: {"using":"xpath","value":"//span[contains(text(), \"Input (10001010) 10001010 - Purchasing\")]"}
COMMAND: POST /session/986c8c948b22d3df52d278b912c043dd/elements - {"using":"xpath","value":"//span[contains(text(), \"Input (10001010) 10001010 - Purchasing\")]"}
RESULT: {"using":"xpath","value":"//span[contains(text(), \"Input (10001010) 10001010 - Purchasing\")]"}
COMMAND: POST /session/986c8c948b22d3df52d278b912c043dd/elements - {"using":"xpath","value":"//span[contains(text(), \"Input (10001010) 10001010 - Purchasing\")]"}
RESULT: {"using":"xpath","value":"//span[contains(text(), \"Input (10001010) 10001010 - Purchasing\")]"}
COMMAND: POST /session/986c8c948b22d3df52d278b912c043dd/elements - {"using":"xpath","value":"//span[contains(text(), \"Input (10001010) 10001010 - Purchasing\")]"}
RESULT: {"using":"xpath","value":"//span[contains(text(), \"Input (10001010) 10001010 - Purchasing\")]"}
COMMAND: POST /session/986c8c948b22d3df52d278b912c043dd/elements - {"using":"xpath","value":"//span[contains(text(), \"Input (10001010) 10001010 - Purchasing\")]"}
RESULT: {"using":"xpath","value":"//span[contains(text(), \"Input (10001010) 10001010 - Purchasing\")]"}
COMMAND: POST /session/986c8c948b22d3df52d278b912c043dd/elements - {"using":"xpath","value":"//span[contains(text(), \"Input (10001010) 10001010 - Purchasing\")]"}
RESULT: {"using":"xpath","value":"//span[contains(text(), \"Input (10001010) 10001010 - Purchasing\")]"}
COMMAND: POST /session/986c8c948b22d3df52d278b912c043dd/elements - {"using":"xpath","value":"//span[contains(text(), \"Input (10001010) 10001010 - Purchasing\")]"}
RESULT: {"using":"xpath","value":"//span[contains(text(), \"Input (10001010) 10001010 - Purchasing\")]"}
COMMAND: POST /session/986c8c948b22d3df52d278b912c043dd/elements - {"using":"xpath","value":"//span[contains(text(), \"Input (10001010) 10001010 - Purchasing\")]"}
RESULT: {"using":"xpath","value":"//span[contains(text(), \"Input (10001010) 10001010 - Purchasing\")]"}
COMMAND: POST /session/986c8c948b22d3df52d278b912c043dd/elements - {"using":"xpath","value":"//span[contains(text(), \"Input (10001010) 10001010 - Purchasing\")]"}
RESULT: {"using":"xpath","value":"//span[contains(text(), \"Input (10001010) 10001010 - Purchasing\")]"}
COMMAND: POST /session/986c8c948b22d3df52d278b912c043dd/elements - {"using":"xpath","value":"//span[contains(text(), \"Input (10001010) 10001010 - Purchasing\")]"}
RESULT: {"using":"xpath","value":"//span[contains(text(), \"Input (10001010) 10001010 - Purchasing\")]"}
COMMAND: POST /session/986c8c948b22d3df52d278b912c043dd/elements - {"using":"xpath","value":"//span[contains(text(), \"Input (10001010) 10001010 - Purchasing\")]"}
RESULT: {"using":"xpath","value":"//span[contains(text(), \"Input (10001010) 10001010 - Purchasing\")]"}
COMMAND: POST /session/986c8c948b22d3df52d278b912c043dd/elements - {"using":"xpath","value":"//span[contains(text(), \"Input (10001010) 10001010 - Purchasing\")]"}
RESULT: {"using":"xpath","value":"//span[contains(text(), \"Input (10001010) 10001010 - Purchasing\")]"}
COMMAND: POST /session/986c8c948b22d3df52d278b912c043dd/elements - {"using":"xpath","value":"//span[contains(text(), \"Input (10001010) 10001010 - Purchasing\")]"}
RESULT: {"using":"xpath","value":"//span[contains(text(), \"Input (10001010) 10001010 - Purchasing\")]"}
COMMAND: DELETE /session/986c8c948b22d3df52d278b912c043dd - {}
RESULT: {}
]]></system-out>
    </testcase>
  </testsuite>
</testsuites>