<?xml version="1.0" encoding="UTF-8"?>
<testsuites tests="6" failures="0" errors="0" skipped="0">
  <testsuite timestamp="2025-05-05T16:30:35" time="1119.592" tests="6" failures="0" errors="0" skipped="0">
    <properties>
      <property name="specId" value="0" />
      <property name="suiteName" value="RU Inventory Mass State Change Multiple Items US151066" />
      <property name="capabilities" value="chrome.135_0_7049_96.windows" />
      <property name="file" value="file:///D:/a/1/s/test/specs/HTR/ru-inv-list-mass-state-change.spec.js" />
    </properties>
    <testcase classname="chrome.135_0_7049_96.windows.RU_Inventory_Mass_State_Change_Multiple_Items_US151066" name="Step 1 Should do a RU inventory mass state change on chosen yard 109 with the resources available one equipment multipart one tool pool" time="305.549">
      <system-out><![CDATA[
COMMAND: POST /session/a4630a367857edf01c9aef3f553c367b/execute/async - {"script":"<script> [1562 bytes]","args":[{"selector":{"controlType":"sap.m.GenericTile","properties":{"header":"RU Inventory List"}},"wdio_ui5_key":"sapm.GenericTile{\"header\":\"RU Inventory List\"}"}]}
RESULT: {"script":"<script> [1562 bytes]","args":[{"selector":{"controlType":"sap.m.GenericTile","properties":{"header":"RU Inventory List"}},"wdio_ui5_key":"sapm.GenericTile{\"header\":\"RU Inventory List\"}"}]}
RESULT: undefined
COMMAND: POST /session/a4630a367857edf01c9aef3f553c367b/element - {"using":"xpath","value":"//*[@id=\"__tile99\"]"}
RESULT: {"using":"xpath","value":"//*[@id=\"__tile99\"]"}
COMMAND: POST /session/a4630a367857edf01c9aef3f553c367b/element/f.BA980EBE539FC9CF9A2905511121682E.d.2C0ADC3BD7EA4EC41056993EB126FA18.e.269/click - {}
RESULT: {}
COMMAND: POST /session/a4630a367857edf01c9aef3f553c367b/element - {"using":"xpath","value":"//button[contains(@id, \"massStateBtn\")]"}
COMMAND: GET /session/a4630a367857edf01c9aef3f553c367b/screenshot - {}
RESULT: {"using":"xpath","value":"//button[contains(@id, \"massStateBtn\")]"}
COMMAND: POST /session/a4630a367857edf01c9aef3f553c367b/elements - {"using":"xpath","value":"//button[contains(@id, \"massStateBtn\")]"}
RESULT: {}
RESULT: {"using":"xpath","value":"//button[contains(@id, \"massStateBtn\")]"}
COMMAND: POST /session/a4630a367857edf01c9aef3f553c367b/elements - {"using":"xpath","value":"//button[contains(@id, \"massStateBtn\")]"}
RESULT: {"using":"xpath","value":"//button[contains(@id, \"massStateBtn\")]"}
COMMAND: POST /session/a4630a367857edf01c9aef3f553c367b/elements - {"using":"xpath","value":"//button[contains(@id, \"massStateBtn\")]"}
RESULT: {"using":"xpath","value":"//button[contains(@id, \"massStateBtn\")]"}
COMMAND: POST /session/a4630a367857edf01c9aef3f553c367b/elements - {"using":"xpath","value":"//button[contains(@id, \"massStateBtn\")]"}
RESULT: {"using":"xpath","value":"//button[contains(@id, \"massStateBtn\")]"}
COMMAND: POST /session/a4630a367857edf01c9aef3f553c367b/elements - {"using":"xpath","value":"//button[contains(@id, \"massStateBtn\")]"}
RESULT: {"using":"xpath","value":"//button[contains(@id, \"massStateBtn\")]"}
COMMAND: POST /session/a4630a367857edf01c9aef3f553c367b/elements - {"using":"xpath","value":"//button[contains(@id, \"massStateBtn\")]"}
RESULT: {"using":"xpath","value":"//button[contains(@id, \"massStateBtn\")]"}
COMMAND: POST /session/a4630a367857edf01c9aef3f553c367b/elements - {"using":"xpath","value":"//button[contains(@id, \"massStateBtn\")]"}
RESULT: {"using":"xpath","value":"//button[contains(@id, \"massStateBtn\")]"}
COMMAND: POST /session/a4630a367857edf01c9aef3f553c367b/elements - {"using":"xpath","value":"//button[contains(@id, \"massStateBtn\")]"}
RESULT: {"using":"xpath","value":"//button[contains(@id, \"massStateBtn\")]"}
COMMAND: POST /session/a4630a367857edf01c9aef3f553c367b/elements - {"using":"xpath","value":"//button[contains(@id, \"massStateBtn\")]"}
RESULT: {"using":"xpath","value":"//button[contains(@id, \"massStateBtn\")]"}
COMMAND: POST /session/a4630a367857edf01c9aef3f553c367b/elements - {"using":"xpath","value":"//button[contains(@id, \"massStateBtn\")]"}
RESULT: {"using":"xpath","value":"//button[contains(@id, \"massStateBtn\")]"}
COMMAND: POST /session/a4630a367857edf01c9aef3f553c367b/elements - {"using":"xpath","value":"//button[contains(@id, \"massStateBtn\")]"}
RESULT: {"using":"xpath","value":"//button[contains(@id, \"massStateBtn\")]"}
COMMAND: POST /session/a4630a367857edf01c9aef3f553c367b/elements - {"using":"xpath","value":"//button[contains(@id, \"massStateBtn\")]"}
RESULT: {"using":"xpath","value":"//button[contains(@id, \"massStateBtn\")]"}
COMMAND: POST /session/a4630a367857edf01c9aef3f553c367b/elements - {"using":"xpath","value":"//button[contains(@id, \"massStateBtn\")]"}
RESULT: {"using":"xpath","value":"//button[contains(@id, \"massStateBtn\")]"}
COMMAND: POST /session/a4630a367857edf01c9aef3f553c367b/elements - {"using":"xpath","value":"//button[contains(@id, \"massStateBtn\")]"}
RESULT: {"using":"xpath","value":"//button[contains(@id, \"massStateBtn\")]"}
COMMAND: POST /session/a4630a367857edf01c9aef3f553c367b/elements - {"using":"xpath","value":"//button[contains(@id, \"massStateBtn\")]"}
RESULT: {"using":"xpath","value":"//button[contains(@id, \"massStateBtn\")]"}
COMMAND: POST /session/a4630a367857edf01c9aef3f553c367b/elements - {"using":"xpath","value":"//button[contains(@id, \"massStateBtn\")]"}
RESULT: {"using":"xpath","value":"//button[contains(@id, \"massStateBtn\")]"}
COMMAND: POST /session/a4630a367857edf01c9aef3f553c367b/elements - {"using":"xpath","value":"//button[contains(@id, \"massStateBtn\")]"}
RESULT: {"using":"xpath","value":"//button[contains(@id, \"massStateBtn\")]"}
COMMAND: POST /session/a4630a367857edf01c9aef3f553c367b/elements - {"using":"xpath","value":"//button[contains(@id, \"massStateBtn\")]"}
RESULT: {"using":"xpath","value":"//button[contains(@id, \"massStateBtn\")]"}
COMMAND: POST /session/a4630a367857edf01c9aef3f553c367b/elements - {"using":"xpath","value":"//button[contains(@id, \"massStateBtn\")]"}
RESULT: {"using":"xpath","value":"//button[contains(@id, \"massStateBtn\")]"}
COMMAND: POST /session/a4630a367857edf01c9aef3f553c367b/elements - {"using":"xpath","value":"//button[contains(@id, \"massStateBtn\")]"}
RESULT: {"using":"xpath","value":"//button[contains(@id, \"massStateBtn\")]"}
COMMAND: POST /session/a4630a367857edf01c9aef3f553c367b/elements - {"using":"xpath","value":"//button[contains(@id, \"massStateBtn\")]"}
RESULT: {"using":"xpath","value":"//button[contains(@id, \"massStateBtn\")]"}
COMMAND: POST /session/a4630a367857edf01c9aef3f553c367b/elements - {"using":"xpath","value":"//button[contains(@id, \"massStateBtn\")]"}
RESULT: {"using":"xpath","value":"//button[contains(@id, \"massStateBtn\")]"}
COMMAND: POST /session/a4630a367857edf01c9aef3f553c367b/elements - {"using":"xpath","value":"//button[contains(@id, \"massStateBtn\")]"}
RESULT: {"using":"xpath","value":"//button[contains(@id, \"massStateBtn\")]"}
COMMAND: POST /session/a4630a367857edf01c9aef3f553c367b/elements - {"using":"xpath","value":"//button[contains(@id, \"massStateBtn\")]"}
RESULT: {"using":"xpath","value":"//button[contains(@id, \"massStateBtn\")]"}
COMMAND: POST /session/a4630a367857edf01c9aef3f553c367b/elements - {"using":"xpath","value":"//button[contains(@id, \"massStateBtn\")]"}
RESULT: {"using":"xpath","value":"//button[contains(@id, \"massStateBtn\")]"}
COMMAND: POST /session/a4630a367857edf01c9aef3f553c367b/elements - {"using":"xpath","value":"//button[contains(@id, \"massStateBtn\")]"}
RESULT: {"using":"xpath","value":"//button[contains(@id, \"massStateBtn\")]"}
COMMAND: POST /session/a4630a367857edf01c9aef3f553c367b/element - {"using":"xpath","value":"//button[contains(@id, \"massStateBtn\")]"}
RESULT: {"using":"xpath","value":"//button[contains(@id, \"massStateBtn\")]"}
COMMAND: POST /session/a4630a367857edf01c9aef3f553c367b/execute/sync - {"script":"<script> [8489 bytes]","args":[{"element-6066-11e4-a52e-4f735466cecf":"f.BA980EBE539FC9CF9A2905511121682E.d.2C0ADC3BD7EA4EC41056993EB126FA18.e.305","ELEMENT":"f.BA980EBE539FC9CF9A2905511121682E.d.2C0ADC3BD7EA4EC41056993EB126FA18.e.305"}]}
RESULT: {"script":"<script> [8489 bytes]","args":[{"element-6066-11e4-a52e-4f735466cecf":"f.BA980EBE539FC9CF9A2905511121682E.d.2C0ADC3BD7EA4EC41056993EB126FA18.e.305","ELEMENT":"f.BA980EBE539FC9CF9A2905511121682E.d.2C0ADC3BD7EA4EC41056993EB126FA18.e.305"}]}
COMMAND: GET /session/a4630a367857edf01c9aef3f553c367b/element/f.BA980EBE539FC9CF9A2905511121682E.d.2C0ADC3BD7EA4EC41056993EB126FA18.e.305/enabled - {}
COMMAND: GET /session/a4630a367857edf01c9aef3f553c367b/screenshot - {}
RESULT: {}
COMMAND: POST /session/a4630a367857edf01c9aef3f553c367b/execute/sync - {"script":"<script> [8489 bytes]","args":[{"element-6066-11e4-a52e-4f735466cecf":"f.BA980EBE539FC9CF9A2905511121682E.d.2C0ADC3BD7EA4EC41056993EB126FA18.e.305","ELEMENT":"f.BA980EBE539FC9CF9A2905511121682E.d.2C0ADC3BD7EA4EC41056993EB126FA18.e.305"}]}
COMMAND: GET /session/a4630a367857edf01c9aef3f553c367b/screenshot - {}
RESULT: {}
RESULT: {"script":"<script> [8489 bytes]","args":[{"element-6066-11e4-a52e-4f735466cecf":"f.BA980EBE539FC9CF9A2905511121682E.d.2C0ADC3BD7EA4EC41056993EB126FA18.e.305","ELEMENT":"f.BA980EBE539FC9CF9A2905511121682E.d.2C0ADC3BD7EA4EC41056993EB126FA18.e.305"}]}
COMMAND: POST /session/a4630a367857edf01c9aef3f553c367b/execute/sync - {"script":"<script> [5351 bytes]","args":[{"element-6066-11e4-a52e-4f735466cecf":"f.BA980EBE539FC9CF9A2905511121682E.d.2C0ADC3BD7EA4EC41056993EB126FA18.e.305","ELEMENT":"f.BA980EBE539FC9CF9A2905511121682E.d.2C0ADC3BD7EA4EC41056993EB126FA18.e.305"}]}
COMMAND: GET /session/a4630a367857edf01c9aef3f553c367b/screenshot - {}
RESULT: {}
RESULT: {"script":"<script> [5351 bytes]","args":[{"element-6066-11e4-a52e-4f735466cecf":"f.BA980EBE539FC9CF9A2905511121682E.d.2C0ADC3BD7EA4EC41056993EB126FA18.e.305","ELEMENT":"f.BA980EBE539FC9CF9A2905511121682E.d.2C0ADC3BD7EA4EC41056993EB126FA18.e.305"}]}
COMMAND: POST /session/a4630a367857edf01c9aef3f553c367b/element/f.BA980EBE539FC9CF9A2905511121682E.d.2C0ADC3BD7EA4EC41056993EB126FA18.e.305/click - {}
COMMAND: GET /session/a4630a367857edf01c9aef3f553c367b/screenshot - {}
RESULT: {}
RESULT: {}
COMMAND: GET /session/a4630a367857edf01c9aef3f553c367b/screenshot - {}
RESULT: {}
RESULT: {}
COMMAND: POST /session/a4630a367857edf01c9aef3f553c367b/execute/async - {"script":"<script> [1562 bytes]","args":[{"selector":{"id":"application-ruinventorylist-display-component---Master--ruLocationTypeComboBox-arrow"},"wdio_ui5_key":"applicationruinventorylist-display-component---Master--ruLocationTypeComboBox-arrow"}]}
RESULT: {"script":"<script> [1562 bytes]","args":[{"selector":{"id":"application-ruinventorylist-display-component---Master--ruLocationTypeComboBox-arrow"},"wdio_ui5_key":"applicationruinventorylist-display-component---Master--ruLocationTypeComboBox-arrow"}]}
RESULT: undefined
COMMAND: POST /session/a4630a367857edf01c9aef3f553c367b/element - {"using":"xpath","value":"//*[@id=\"application-ruinventorylist-display-component---Master--ruLocationTypeComboBox-arrow\"]"}
RESULT: {"using":"xpath","value":"//*[@id=\"application-ruinventorylist-display-component---Master--ruLocationTypeComboBox-arrow\"]"}
COMMAND: POST /session/a4630a367857edf01c9aef3f553c367b/element/f.BA980EBE539FC9CF9A2905511121682E.d.2C0ADC3BD7EA4EC41056993EB126FA18.e.542/click - {}
RESULT: {}
COMMAND: GET /session/a4630a367857edf01c9aef3f553c367b/screenshot - {}
RESULT: {}
COMMAND: POST /session/a4630a367857edf01c9aef3f553c367b/element - {"using":"xpath","value":"//li[.//span[text()='Yard']]"}
RESULT: {"using":"xpath","value":"//li[.//span[text()='Yard']]"}
COMMAND: POST /session/a4630a367857edf01c9aef3f553c367b/element/f.BA980EBE539FC9CF9A2905511121682E.d.2C0ADC3BD7EA4EC41056993EB126FA18.e.543/click - {}
RESULT: {}
COMMAND: GET /session/a4630a367857edf01c9aef3f553c367b/screenshot - {}
RESULT: {}
COMMAND: POST /session/a4630a367857edf01c9aef3f553c367b/execute/async - {"script":"<script> [1562 bytes]","args":[{"selector":{"id":"application-ruinventorylist-display-component---Master--smartFilterBar-filterItemControl_BASIC-YARD-vhi"},"wdio_ui5_key":"applicationruinventorylist-display-component---Master--smartFilterBar-filterItemControl_BASIC-YARD-vhi"}]}
RESULT: {"script":"<script> [1562 bytes]","args":[{"selector":{"id":"application-ruinventorylist-display-component---Master--smartFilterBar-filterItemControl_BASIC-YARD-vhi"},"wdio_ui5_key":"applicationruinventorylist-display-component---Master--smartFilterBar-filterItemControl_BASIC-YARD-vhi"}]}
RESULT: undefined
COMMAND: POST /session/a4630a367857edf01c9aef3f553c367b/element - {"using":"xpath","value":"//*[@id=\"application-ruinventorylist-display-component---Master--smartFilterBar-filterItemControl_BASIC-YARD-vhi\"]"}
RESULT: {"using":"xpath","value":"//*[@id=\"application-ruinventorylist-display-component---Master--smartFilterBar-filterItemControl_BASIC-YARD-vhi\"]"}
COMMAND: POST /session/a4630a367857edf01c9aef3f553c367b/element/f.BA980EBE539FC9CF9A2905511121682E.d.2C0ADC3BD7EA4EC41056993EB126FA18.e.614/click - {}
RESULT: {}
COMMAND: GET /session/a4630a367857edf01c9aef3f553c367b/screenshot - {}
RESULT: {}
COMMAND: POST /session/a4630a367857edf01c9aef3f553c367b/execute/async - {"script":"<script> [1562 bytes]","args":[{"selector":{"id":"application-ruinventorylist-display-component---Master--smartFilterBar-filterItemControl_BASIC-YARD-valueHelpDialog-smartFilterBar-btnBasicSearch","searchOpenDialogs":true,"interaction":{"idSuffix":"I"}},"wdio_ui5_key":"applicationruinventorylist-display-component---Master--smartFilterBar-filterItemControl_BASIC-YARD-valueHelpDialog-smartFilterBar-btnBasicSearch"}]}
RESULT: {"script":"<script> [1562 bytes]","args":[{"selector":{"id":"application-ruinventorylist-display-component---Master--smartFilterBar-filterItemControl_BASIC-YARD-valueHelpDialog-smartFilterBar-btnBasicSearch","searchOpenDialogs":true,"interaction":{"idSuffix":"I"}},"wdio_ui5_key":"applicationruinventorylist-display-component---Master--smartFilterBar-filterItemControl_BASIC-YARD-valueHelpDialog-smartFilterBar-btnBasicSearch"}]}
RESULT: undefined
COMMAND: POST /session/a4630a367857edf01c9aef3f553c367b/execute/async - {"script":"<script> [776 bytes]","args":[{"enterText":"109","selector":{"id":"application-ruinventorylist-display-component---Master--smartFilterBar-filterItemControl_BASIC-YARD-valueHelpDialog-smartFilterBar-btnBasicSearch","searchOpenDialogs":true,"interaction":{"idSuffix":"I"}},"clearTextFirst":true,"interactionType":"ENTER_TEXT"}]}
RESULT: {"script":"<script> [776 bytes]","args":[{"enterText":"109","selector":{"id":"application-ruinventorylist-display-component---Master--smartFilterBar-filterItemControl_BASIC-YARD-valueHelpDialog-smartFilterBar-btnBasicSearch","searchOpenDialogs":true,"interaction":{"idSuffix":"I"}},"clearTextFirst":true,"interactionType":"ENTER_TEXT"}]}
COMMAND: POST /session/a4630a367857edf01c9aef3f553c367b/actions - {"actions":[{"id":"action1","type":"key","parameters":{},"actions":[{"type":"keyDown","value":"î€‡"},{"type":"pause","duration":10},{"type":"keyUp","value":"î€‡"}]}]}
RESULT: {"actions":[{"id":"action1","type":"key","parameters":{},"actions":[{"type":"keyDown","value":"î€‡"},{"type":"pause","duration":10},{"type":"keyUp","value":"î€‡"}]}]}
COMMAND: GET /session/a4630a367857edf01c9aef3f553c367b/screenshot - {}
RESULT: {}
COMMAND: POST /session/a4630a367857edf01c9aef3f553c367b/elements - {"using":"xpath","value":"//table[contains(@id, \"filterItemControl_BASIC-YARD-valueHelpDialog-table-table\")]/tbody/tr"}
RESULT: {"using":"xpath","value":"//table[contains(@id, \"filterItemControl_BASIC-YARD-valueHelpDialog-table-table\")]/tbody/tr"}
COMMAND: POST /session/a4630a367857edf01c9aef3f553c367b/element - {"using":"xpath","value":"//table[contains(@id, \"filterItemControl_BASIC-YARD-valueHelpDialog-table-table\")]/tbody/tr[1]/td[1]/div/span"}
RESULT: {"using":"xpath","value":"//table[contains(@id, \"filterItemControl_BASIC-YARD-valueHelpDialog-table-table\")]/tbody/tr[1]/td[1]/div/span"}
COMMAND: POST /session/a4630a367857edf01c9aef3f553c367b/elements - {"using":"xpath","value":"//table[contains(@id, \"filterItemControl_BASIC-YARD-valueHelpDialog-table-table\")]/tbody/tr[1]/td[1]/div/span"}
RESULT: {"using":"xpath","value":"//table[contains(@id, \"filterItemControl_BASIC-YARD-valueHelpDialog-table-table\")]/tbody/tr[1]/td[1]/div/span"}
COMMAND: POST /session/a4630a367857edf01c9aef3f553c367b/execute/sync - {"script":"<script> [56 bytes]","args":[{"element-6066-11e4-a52e-4f735466cecf":"f.BA980EBE539FC9CF9A2905511121682E.d.2C0ADC3BD7EA4EC41056993EB126FA18.e.639","ELEMENT":"f.BA980EBE539FC9CF9A2905511121682E.d.2C0ADC3BD7EA4EC41056993EB126FA18.e.639"}]}
RESULT: {"script":"<script> [56 bytes]","args":[{"element-6066-11e4-a52e-4f735466cecf":"f.BA980EBE539FC9CF9A2905511121682E.d.2C0ADC3BD7EA4EC41056993EB126FA18.e.639","ELEMENT":"f.BA980EBE539FC9CF9A2905511121682E.d.2C0ADC3BD7EA4EC41056993EB126FA18.e.639"}]}
COMMAND: POST /session/a4630a367857edf01c9aef3f553c367b/element - {"using":"xpath","value":"//div[contains(@id, \"filterItemControl_BASIC-YARD-valueHelpDialog-table-rowsel0\")]"}
COMMAND: GET /session/a4630a367857edf01c9aef3f553c367b/screenshot - {}
RESULT: {"using":"xpath","value":"//div[contains(@id, \"filterItemControl_BASIC-YARD-valueHelpDialog-table-rowsel0\")]"}
COMMAND: POST /session/a4630a367857edf01c9aef3f553c367b/element/f.BA980EBE539FC9CF9A2905511121682E.d.2C0ADC3BD7EA4EC41056993EB126FA18.e.640/click - {}
RESULT: {}
RESULT: {}
COMMAND: GET /session/a4630a367857edf01c9aef3f553c367b/screenshot - {}
RESULT: {}
COMMAND: POST /session/a4630a367857edf01c9aef3f553c367b/element - {"using":"xpath","value":"//div[contains(@id, \"smartFilterBar-filterItemControl_BASIC-YARD-valueHelpDialog-smartFilterBar-btnBasicSearch-reset\")]"}
RESULT: {"using":"xpath","value":"//div[contains(@id, \"smartFilterBar-filterItemControl_BASIC-YARD-valueHelpDialog-smartFilterBar-btnBasicSearch-reset\")]"}
COMMAND: POST /session/a4630a367857edf01c9aef3f553c367b/element/f.BA980EBE539FC9CF9A2905511121682E.d.2C0ADC3BD7EA4EC41056993EB126FA18.e.642/click - {}
RESULT: {}
RESULT: undefined
COMMAND: POST /session/a4630a367857edf01c9aef3f553c367b/execute/async - {"script":"<script> [776 bytes]","args":[{"enterText":"OPA5_BST01_YARD1","selector":{"id":"application-ruinventorylist-display-component---Master--smartFilterBar-filterItemControl_BASIC-YARD-valueHelpDialog-smartFilterBar-btnBasicSearch","searchOpenDialogs":true,"interaction":{"idSuffix":"I"}},"clearTextFirst":true,"interactionType":"ENTER_TEXT"}]}
COMMAND: GET /session/a4630a367857edf01c9aef3f553c367b/screenshot - {}
RESULT: {"script":"<script> [776 bytes]","args":[{"enterText":"OPA5_BST01_YARD1","selector":{"id":"application-ruinventorylist-display-component---Master--smartFilterBar-filterItemControl_BASIC-YARD-valueHelpDialog-smartFilterBar-btnBasicSearch","searchOpenDialogs":true,"interaction":{"idSuffix":"I"}},"clearTextFirst":true,"interactionType":"ENTER_TEXT"}]}
COMMAND: POST /session/a4630a367857edf01c9aef3f553c367b/actions - {"actions":[{"id":"action2","type":"key","parameters":{},"actions":[{"type":"keyDown","value":"î€‡"},{"type":"pause","duration":10},{"type":"keyUp","value":"î€‡"}]}]}
RESULT: {}
RESULT: {"actions":[{"id":"action2","type":"key","parameters":{},"actions":[{"type":"keyDown","value":"î€‡"},{"type":"pause","duration":10},{"type":"keyUp","value":"î€‡"}]}]}
COMMAND: GET /session/a4630a367857edf01c9aef3f553c367b/screenshot - {}
RESULT: {}
COMMAND: POST /session/a4630a367857edf01c9aef3f553c367b/elements - {"using":"xpath","value":"//table[contains(@id, \"filterItemControl_BASIC-YARD-valueHelpDialog-table-table\")]/tbody/tr"}
RESULT: {"using":"xpath","value":"//table[contains(@id, \"filterItemControl_BASIC-YARD-valueHelpDialog-table-table\")]/tbody/tr"}
COMMAND: POST /session/a4630a367857edf01c9aef3f553c367b/element - {"using":"xpath","value":"//table[contains(@id, \"filterItemControl_BASIC-YARD-valueHelpDialog-table-table\")]/tbody/tr[1]/td[1]/div/span"}
RESULT: {"using":"xpath","value":"//table[contains(@id, \"filterItemControl_BASIC-YARD-valueHelpDialog-table-table\")]/tbody/tr[1]/td[1]/div/span"}
COMMAND: POST /session/a4630a367857edf01c9aef3f553c367b/elements - {"using":"xpath","value":"//table[contains(@id, \"filterItemControl_BASIC-YARD-valueHelpDialog-table-table\")]/tbody/tr[1]/td[1]/div/span"}
RESULT: {"using":"xpath","value":"//table[contains(@id, \"filterItemControl_BASIC-YARD-valueHelpDialog-table-table\")]/tbody/tr[1]/td[1]/div/span"}
COMMAND: POST /session/a4630a367857edf01c9aef3f553c367b/execute/sync - {"script":"<script> [56 bytes]","args":[{"element-6066-11e4-a52e-4f735466cecf":"f.BA980EBE539FC9CF9A2905511121682E.d.2C0ADC3BD7EA4EC41056993EB126FA18.e.639","ELEMENT":"f.BA980EBE539FC9CF9A2905511121682E.d.2C0ADC3BD7EA4EC41056993EB126FA18.e.639"}]}
RESULT: {"script":"<script> [56 bytes]","args":[{"element-6066-11e4-a52e-4f735466cecf":"f.BA980EBE539FC9CF9A2905511121682E.d.2C0ADC3BD7EA4EC41056993EB126FA18.e.639","ELEMENT":"f.BA980EBE539FC9CF9A2905511121682E.d.2C0ADC3BD7EA4EC41056993EB126FA18.e.639"}]}
COMMAND: POST /session/a4630a367857edf01c9aef3f553c367b/element - {"using":"xpath","value":"//div[contains(@id, \"filterItemControl_BASIC-YARD-valueHelpDialog-table-rowsel0\")]"}
COMMAND: GET /session/a4630a367857edf01c9aef3f553c367b/screenshot - {}
RESULT: {"using":"xpath","value":"//div[contains(@id, \"filterItemControl_BASIC-YARD-valueHelpDialog-table-rowsel0\")]"}
COMMAND: POST /session/a4630a367857edf01c9aef3f553c367b/element/f.BA980EBE539FC9CF9A2905511121682E.d.2C0ADC3BD7EA4EC41056993EB126FA18.e.640/click - {}
RESULT: {}
RESULT: {}
COMMAND: GET /session/a4630a367857edf01c9aef3f553c367b/screenshot - {}
RESULT: {}
COMMAND: POST /session/a4630a367857edf01c9aef3f553c367b/element - {"using":"xpath","value":"(//bdi[contains(text(), \"OK\")])[1]"}
RESULT: {"using":"xpath","value":"(//bdi[contains(text(), \"OK\")])[1]"}
COMMAND: POST /session/a4630a367857edf01c9aef3f553c367b/element/f.BA980EBE539FC9CF9A2905511121682E.d.2C0ADC3BD7EA4EC41056993EB126FA18.e.643/click - {}
RESULT: {}
COMMAND: GET /session/a4630a367857edf01c9aef3f553c367b/screenshot - {}
RESULT: {}
COMMAND: POST /session/a4630a367857edf01c9aef3f553c367b/element - {"using":"xpath","value":"//span[@id=\"application-ruinventorylist-display-component---Master--smartTableRuInventoryList-header-inner\"]"}
RESULT: {"using":"xpath","value":"//span[@id=\"application-ruinventorylist-display-component---Master--smartTableRuInventoryList-header-inner\"]"}
COMMAND: POST /session/a4630a367857edf01c9aef3f553c367b/elements - {"using":"xpath","value":"//span[@id=\"application-ruinventorylist-display-component---Master--smartTableRuInventoryList-header-inner\"]"}
RESULT: {"using":"xpath","value":"//span[@id=\"application-ruinventorylist-display-component---Master--smartTableRuInventoryList-header-inner\"]"}
COMMAND: POST /session/a4630a367857edf01c9aef3f553c367b/execute/sync - {"script":"<script> [56 bytes]","args":[{"element-6066-11e4-a52e-4f735466cecf":"f.BA980EBE539FC9CF9A2905511121682E.d.2C0ADC3BD7EA4EC41056993EB126FA18.e.798","ELEMENT":"f.BA980EBE539FC9CF9A2905511121682E.d.2C0ADC3BD7EA4EC41056993EB126FA18.e.798"}]}
RESULT: {"script":"<script> [56 bytes]","args":[{"element-6066-11e4-a52e-4f735466cecf":"f.BA980EBE539FC9CF9A2905511121682E.d.2C0ADC3BD7EA4EC41056993EB126FA18.e.798","ELEMENT":"f.BA980EBE539FC9CF9A2905511121682E.d.2C0ADC3BD7EA4EC41056993EB126FA18.e.798"}]}
COMMAND: POST /session/a4630a367857edf01c9aef3f553c367b/execute/async - {"script":"<script> [1562 bytes]","args":[{"selector":{"id":"application-ruinventorylist-display-component---Master--smartFilterBar-btnBasicSearch","interaction":{"idSuffix":"I"}},"wdio_ui5_key":"applicationruinventorylist-display-component---Master--smartFilterBar-btnBasicSearch"}]}
COMMAND: GET /session/a4630a367857edf01c9aef3f553c367b/screenshot - {}
RESULT: {"script":"<script> [1562 bytes]","args":[{"selector":{"id":"application-ruinventorylist-display-component---Master--smartFilterBar-btnBasicSearch","interaction":{"idSuffix":"I"}},"wdio_ui5_key":"applicationruinventorylist-display-component---Master--smartFilterBar-btnBasicSearch"}]}
RESULT: undefined
COMMAND: POST /session/a4630a367857edf01c9aef3f553c367b/execute/async - {"script":"<script> [776 bytes]","args":[{"enterText":"600002","selector":{"id":"application-ruinventorylist-display-component---Master--smartFilterBar-btnBasicSearch","interaction":{"idSuffix":"I"}},"clearTextFirst":true,"interactionType":"ENTER_TEXT"}]}
RESULT: {}
RESULT: {"script":"<script> [776 bytes]","args":[{"enterText":"600002","selector":{"id":"application-ruinventorylist-display-component---Master--smartFilterBar-btnBasicSearch","interaction":{"idSuffix":"I"}},"clearTextFirst":true,"interactionType":"ENTER_TEXT"}]}
COMMAND: POST /session/a4630a367857edf01c9aef3f553c367b/actions - {"actions":[{"id":"action3","type":"key","parameters":{},"actions":[{"type":"keyDown","value":"î€‡"},{"type":"pause","duration":10},{"type":"keyUp","value":"î€‡"}]}]}
RESULT: {"actions":[{"id":"action3","type":"key","parameters":{},"actions":[{"type":"keyDown","value":"î€‡"},{"type":"pause","duration":10},{"type":"keyUp","value":"î€‡"}]}]}
COMMAND: GET /session/a4630a367857edf01c9aef3f553c367b/screenshot - {}
RESULT: {}
COMMAND: POST /session/a4630a367857edf01c9aef3f553c367b/element - {"using":"xpath","value":"//span[@id=\"application-ruinventorylist-display-component---Master--smartTableRuInventoryList-header-inner\"]"}
RESULT: {"using":"xpath","value":"//span[@id=\"application-ruinventorylist-display-component---Master--smartTableRuInventoryList-header-inner\"]"}
COMMAND: POST /session/a4630a367857edf01c9aef3f553c367b/elements - {"using":"xpath","value":"//span[@id=\"application-ruinventorylist-display-component---Master--smartTableRuInventoryList-header-inner\"]"}
RESULT: {"using":"xpath","value":"//span[@id=\"application-ruinventorylist-display-component---Master--smartTableRuInventoryList-header-inner\"]"}
COMMAND: POST /session/a4630a367857edf01c9aef3f553c367b/execute/sync - {"script":"<script> [56 bytes]","args":[{"element-6066-11e4-a52e-4f735466cecf":"f.BA980EBE539FC9CF9A2905511121682E.d.2C0ADC3BD7EA4EC41056993EB126FA18.e.798","ELEMENT":"f.BA980EBE539FC9CF9A2905511121682E.d.2C0ADC3BD7EA4EC41056993EB126FA18.e.798"}]}
RESULT: {"script":"<script> [56 bytes]","args":[{"element-6066-11e4-a52e-4f735466cecf":"f.BA980EBE539FC9CF9A2905511121682E.d.2C0ADC3BD7EA4EC41056993EB126FA18.e.798","ELEMENT":"f.BA980EBE539FC9CF9A2905511121682E.d.2C0ADC3BD7EA4EC41056993EB126FA18.e.798"}]}
COMMAND: POST /session/a4630a367857edf01c9aef3f553c367b/element - {"using":"xpath","value":"//table[contains(@id, \"application-ruinventorylist-display-component---Master--tableRuInventoryList-listUl\")]/tbody/tr[1]/td[2]/div/div"}
COMMAND: GET /session/a4630a367857edf01c9aef3f553c367b/screenshot - {}
RESULT: {"using":"xpath","value":"//table[contains(@id, \"application-ruinventorylist-display-component---Master--tableRuInventoryList-listUl\")]/tbody/tr[1]/td[2]/div/div"}
COMMAND: POST /session/a4630a367857edf01c9aef3f553c367b/element/f.BA980EBE539FC9CF9A2905511121682E.d.2C0ADC3BD7EA4EC41056993EB126FA18.e.805/click - {}
RESULT: {}
RESULT: {}
COMMAND: GET /session/a4630a367857edf01c9aef3f553c367b/screenshot - {}
RESULT: {}
COMMAND: POST /session/a4630a367857edf01c9aef3f553c367b/element - {"using":"xpath","value":"//div[contains(@id, \"smartFilterBar-btnBasicSearch-reset\")]"}
RESULT: {"using":"xpath","value":"//div[contains(@id, \"smartFilterBar-btnBasicSearch-reset\")]"}
COMMAND: POST /session/a4630a367857edf01c9aef3f553c367b/element/f.BA980EBE539FC9CF9A2905511121682E.d.2C0ADC3BD7EA4EC41056993EB126FA18.e.815/click - {}
RESULT: {}
COMMAND: GET /session/a4630a367857edf01c9aef3f553c367b/screenshot - {}
RESULT: {}
RESULT: undefined
COMMAND: POST /session/a4630a367857edf01c9aef3f553c367b/execute/async - {"script":"<script> [776 bytes]","args":[{"enterText":"401002","selector":{"id":"application-ruinventorylist-display-component---Master--smartFilterBar-btnBasicSearch","interaction":{"idSuffix":"I"}},"clearTextFirst":true,"interactionType":"ENTER_TEXT"}]}
RESULT: {"script":"<script> [776 bytes]","args":[{"enterText":"401002","selector":{"id":"application-ruinventorylist-display-component---Master--smartFilterBar-btnBasicSearch","interaction":{"idSuffix":"I"}},"clearTextFirst":true,"interactionType":"ENTER_TEXT"}]}
COMMAND: POST /session/a4630a367857edf01c9aef3f553c367b/actions - {"actions":[{"id":"action4","type":"key","parameters":{},"actions":[{"type":"keyDown","value":"î€‡"},{"type":"pause","duration":10},{"type":"keyUp","value":"î€‡"}]}]}
RESULT: {"actions":[{"id":"action4","type":"key","parameters":{},"actions":[{"type":"keyDown","value":"î€‡"},{"type":"pause","duration":10},{"type":"keyUp","value":"î€‡"}]}]}
COMMAND: GET /session/a4630a367857edf01c9aef3f553c367b/screenshot - {}
RESULT: {}
COMMAND: POST /session/a4630a367857edf01c9aef3f553c367b/element - {"using":"xpath","value":"//span[@id=\"application-ruinventorylist-display-component---Master--smartTableRuInventoryList-header-inner\"]"}
RESULT: {"using":"xpath","value":"//span[@id=\"application-ruinventorylist-display-component---Master--smartTableRuInventoryList-header-inner\"]"}
COMMAND: POST /session/a4630a367857edf01c9aef3f553c367b/elements - {"using":"xpath","value":"//span[@id=\"application-ruinventorylist-display-component---Master--smartTableRuInventoryList-header-inner\"]"}
RESULT: {"using":"xpath","value":"//span[@id=\"application-ruinventorylist-display-component---Master--smartTableRuInventoryList-header-inner\"]"}
COMMAND: POST /session/a4630a367857edf01c9aef3f553c367b/execute/sync - {"script":"<script> [56 bytes]","args":[{"element-6066-11e4-a52e-4f735466cecf":"f.BA980EBE539FC9CF9A2905511121682E.d.2C0ADC3BD7EA4EC41056993EB126FA18.e.798","ELEMENT":"f.BA980EBE539FC9CF9A2905511121682E.d.2C0ADC3BD7EA4EC41056993EB126FA18.e.798"}]}
RESULT: {"script":"<script> [56 bytes]","args":[{"element-6066-11e4-a52e-4f735466cecf":"f.BA980EBE539FC9CF9A2905511121682E.d.2C0ADC3BD7EA4EC41056993EB126FA18.e.798","ELEMENT":"f.BA980EBE539FC9CF9A2905511121682E.d.2C0ADC3BD7EA4EC41056993EB126FA18.e.798"}]}
COMMAND: POST /session/a4630a367857edf01c9aef3f553c367b/element - {"using":"xpath","value":"//table[contains(@id, \"application-ruinventorylist-display-component---Master--tableRuInventoryList-listUl\")]/tbody/tr[1]/td[2]/div/div"}
COMMAND: GET /session/a4630a367857edf01c9aef3f553c367b/screenshot - {}
RESULT: {}
RESULT: {"using":"xpath","value":"//table[contains(@id, \"application-ruinventorylist-display-component---Master--tableRuInventoryList-listUl\")]/tbody/tr[1]/td[2]/div/div"}
COMMAND: POST /session/a4630a367857edf01c9aef3f553c367b/element/f.BA980EBE539FC9CF9A2905511121682E.d.2C0ADC3BD7EA4EC41056993EB126FA18.e.985/click - {}
RESULT: {}
COMMAND: GET /session/a4630a367857edf01c9aef3f553c367b/screenshot - {}
RESULT: {}
COMMAND: POST /session/a4630a367857edf01c9aef3f553c367b/element - {"using":"xpath","value":"//div[contains(@id, \"smartFilterBar-btnBasicSearch-reset\")]"}
RESULT: {"using":"xpath","value":"//div[contains(@id, \"smartFilterBar-btnBasicSearch-reset\")]"}
COMMAND: POST /session/a4630a367857edf01c9aef3f553c367b/element/f.BA980EBE539FC9CF9A2905511121682E.d.2C0ADC3BD7EA4EC41056993EB126FA18.e.815/click - {}
RESULT: {}
COMMAND: GET /session/a4630a367857edf01c9aef3f553c367b/screenshot - {}
RESULT: {}
COMMAND: POST /session/a4630a367857edf01c9aef3f553c367b/element/f.BA980EBE539FC9CF9A2905511121682E.d.2C0ADC3BD7EA4EC41056993EB126FA18.e.305/click - {}
RESULT: {}
COMMAND: GET /session/a4630a367857edf01c9aef3f553c367b/screenshot - {}
RESULT: {}
COMMAND: POST /session/a4630a367857edf01c9aef3f553c367b/execute/async - {"script":"<script> [1562 bytes]","args":[{"selector":{"controlType":"sap.m.Title","viewName":"etm.portal.ui.ruinventorylist.view.Master","viewId":"application-ruinventorylist-display-component---Master","properties":{"text":"Mass State Change"},"searchOpenDialogs":true},"wdio_ui5_key":"etmportal.ui.ruinventorylist.view.Mastersap.m.Title{\"text\":\"Mass State Change\"}"}]}
RESULT: {"script":"<script> [1562 bytes]","args":[{"selector":{"controlType":"sap.m.Title","viewName":"etm.portal.ui.ruinventorylist.view.Master","viewId":"application-ruinventorylist-display-component---Master","properties":{"text":"Mass State Change"},"searchOpenDialogs":true},"wdio_ui5_key":"etmportal.ui.ruinventorylist.view.Mastersap.m.Title{\"text\":\"Mass State Change\"}"}]}
RESULT: undefined
COMMAND: POST /session/a4630a367857edf01c9aef3f553c367b/execute/async - {"script":"<script> [6424 bytes]","args":[{"element-6066-11e4-a52e-4f735466cecf":"f.BA980EBE539FC9CF9A2905511121682E.d.2C0ADC3BD7EA4EC41056993EB126FA18.e.1177"},"getText",[]]}
RESULT: {"script":"<script> [6424 bytes]","args":[{"element-6066-11e4-a52e-4f735466cecf":"f.BA980EBE539FC9CF9A2905511121682E.d.2C0ADC3BD7EA4EC41056993EB126FA18.e.1177"},"getText",[]]}
COMMAND: POST /session/a4630a367857edf01c9aef3f553c367b/element - {"using":"xpath","value":"(//bdi[contains(text(), \"OK\")])[1]"}
RESULT: {"using":"xpath","value":"(//bdi[contains(text(), \"OK\")])[1]"}
COMMAND: POST /session/a4630a367857edf01c9aef3f553c367b/element/f.BA980EBE539FC9CF9A2905511121682E.d.2C0ADC3BD7EA4EC41056993EB126FA18.e.1178/click - {}
RESULT: {}
COMMAND: GET /session/a4630a367857edf01c9aef3f553c367b/screenshot - {}
RESULT: {}
COMMAND: POST /session/a4630a367857edf01c9aef3f553c367b/element - {"using":"css selector","value":"div.sapMMessageBoxError"}
RESULT: {"using":"css selector","value":"div.sapMMessageBoxError"}
COMMAND: POST /session/a4630a367857edf01c9aef3f553c367b/elements - {"using":"css selector","value":"div.sapMMessageBoxError"}
RESULT: {"using":"css selector","value":"div.sapMMessageBoxError"}
COMMAND: POST /session/a4630a367857edf01c9aef3f553c367b/element - {"using":"xpath","value":"(//bdi[contains(text(), \"Close\")])[1]"}
RESULT: {"using":"xpath","value":"(//bdi[contains(text(), \"Close\")])[1]"}
COMMAND: POST /session/a4630a367857edf01c9aef3f553c367b/element/f.BA980EBE539FC9CF9A2905511121682E.d.2C0ADC3BD7EA4EC41056993EB126FA18.e.1182/click - {}
RESULT: {}
COMMAND: GET /session/a4630a367857edf01c9aef3f553c367b/screenshot - {}
RESULT: {}
COMMAND: POST /session/a4630a367857edf01c9aef3f553c367b/execute/async - {"script":"<script> [1562 bytes]","args":[{"selector":{"id":"application-ruinventorylist-display-component---Master--ruStateTypes-arrow","searchOpenDialogs":true},"wdio_ui5_key":"applicationruinventorylist-display-component---Master--ruStateTypes-arrow"}]}
RESULT: {"script":"<script> [1562 bytes]","args":[{"selector":{"id":"application-ruinventorylist-display-component---Master--ruStateTypes-arrow","searchOpenDialogs":true},"wdio_ui5_key":"applicationruinventorylist-display-component---Master--ruStateTypes-arrow"}]}
RESULT: undefined
COMMAND: POST /session/a4630a367857edf01c9aef3f553c367b/element - {"using":"xpath","value":"//*[@id=\"application-ruinventorylist-display-component---Master--ruStateTypes-arrow\"]"}
RESULT: {"using":"xpath","value":"//*[@id=\"application-ruinventorylist-display-component---Master--ruStateTypes-arrow\"]"}
COMMAND: POST /session/a4630a367857edf01c9aef3f553c367b/element/f.BA980EBE539FC9CF9A2905511121682E.d.2C0ADC3BD7EA4EC41056993EB126FA18.e.1184/click - {}
RESULT: {}
COMMAND: GET /session/a4630a367857edf01c9aef3f553c367b/screenshot - {}
RESULT: {}
COMMAND: POST /session/a4630a367857edf01c9aef3f553c367b/element - {"using":"xpath","value":"//li[.//span[text()=\"defect\"]]"}
RESULT: {"using":"xpath","value":"//li[.//span[text()=\"defect\"]]"}
COMMAND: POST /session/a4630a367857edf01c9aef3f553c367b/element/f.BA980EBE539FC9CF9A2905511121682E.d.2C0ADC3BD7EA4EC41056993EB126FA18.e.1185/click - {}
RESULT: {}
COMMAND: GET /session/a4630a367857edf01c9aef3f553c367b/screenshot - {}
RESULT: {}
COMMAND: POST /session/a4630a367857edf01c9aef3f553c367b/element - {"using":"xpath","value":"(//span[@data-kt=\"trashMassStateChangeIcon\"])[1]"}
RESULT: {"using":"xpath","value":"(//span[@data-kt=\"trashMassStateChangeIcon\"])[1]"}
COMMAND: POST /session/a4630a367857edf01c9aef3f553c367b/element/f.BA980EBE539FC9CF9A2905511121682E.d.2C0ADC3BD7EA4EC41056993EB126FA18.e.1186/click - {}
RESULT: {}
COMMAND: GET /session/a4630a367857edf01c9aef3f553c367b/screenshot - {}
RESULT: {}
COMMAND: POST /session/a4630a367857edf01c9aef3f553c367b/element - {"using":"xpath","value":"//table[contains(@id, \"massStateChangeTable-listUl\")]/tbody/tr[1]/td[11]/div/div/div/input"}
RESULT: {"using":"xpath","value":"//table[contains(@id, \"massStateChangeTable-listUl\")]/tbody/tr[1]/td[11]/div/div/div/input"}
COMMAND: GET /session/a4630a367857edf01c9aef3f553c367b/element/f.BA980EBE539FC9CF9A2905511121682E.d.2C0ADC3BD7EA4EC41056993EB126FA18.e.1170/property/value - {}
RESULT: {}
COMMAND: POST /session/a4630a367857edf01c9aef3f553c367b/element - {"using":"xpath","value":"(//span[@data-kt=\"trashMassStateChangeIcon\"])[2]"}
COMMAND: GET /session/a4630a367857edf01c9aef3f553c367b/screenshot - {}
RESULT: {"using":"xpath","value":"(//span[@data-kt=\"trashMassStateChangeIcon\"])[2]"}
COMMAND: POST /session/a4630a367857edf01c9aef3f553c367b/element/f.BA980EBE539FC9CF9A2905511121682E.d.2C0ADC3BD7EA4EC41056993EB126FA18.e.1188/click - {}
RESULT: {}
RESULT: {}
COMMAND: GET /session/a4630a367857edf01c9aef3f553c367b/screenshot - {}
RESULT: {}
COMMAND: POST /session/a4630a367857edf01c9aef3f553c367b/element - {"using":"xpath","value":"//table[contains(@id, \"massStateChangeTable-listUl\")]/tbody/tr[2]/td[11]/div/div/div/input"}
RESULT: {"using":"xpath","value":"//table[contains(@id, \"massStateChangeTable-listUl\")]/tbody/tr[2]/td[11]/div/div/div/input"}
COMMAND: GET /session/a4630a367857edf01c9aef3f553c367b/element/f.BA980EBE539FC9CF9A2905511121682E.d.2C0ADC3BD7EA4EC41056993EB126FA18.e.1174/property/value - {}
RESULT: {}
COMMAND: POST /session/a4630a367857edf01c9aef3f553c367b/element - {"using":"xpath","value":"//table[contains(@id, \"massStateChangeTable-listUl\")]/tbody/tr[1]/td[10]/div/span/span[1]"}
COMMAND: GET /session/a4630a367857edf01c9aef3f553c367b/screenshot - {}
RESULT: {"using":"xpath","value":"//table[contains(@id, \"massStateChangeTable-listUl\")]/tbody/tr[1]/td[10]/div/span/span[1]"}
COMMAND: POST /session/a4630a367857edf01c9aef3f553c367b/execute/sync - {"script":"<script> [56 bytes]","args":[{"element-6066-11e4-a52e-4f735466cecf":"f.BA980EBE539FC9CF9A2905511121682E.d.2C0ADC3BD7EA4EC41056993EB126FA18.e.1190","ELEMENT":"f.BA980EBE539FC9CF9A2905511121682E.d.2C0ADC3BD7EA4EC41056993EB126FA18.e.1190"}]}
RESULT: {}
RESULT: {"script":"<script> [56 bytes]","args":[{"element-6066-11e4-a52e-4f735466cecf":"f.BA980EBE539FC9CF9A2905511121682E.d.2C0ADC3BD7EA4EC41056993EB126FA18.e.1190","ELEMENT":"f.BA980EBE539FC9CF9A2905511121682E.d.2C0ADC3BD7EA4EC41056993EB126FA18.e.1190"}]}
COMMAND: POST /session/a4630a367857edf01c9aef3f553c367b/element - {"using":"xpath","value":"//table[contains(@id, \"massStateChangeTable-listUl\")]/tbody/tr[1]/td[11]/div/div/div/div[2]/span"}
COMMAND: GET /session/a4630a367857edf01c9aef3f553c367b/screenshot - {}
RESULT: {"using":"xpath","value":"//table[contains(@id, \"massStateChangeTable-listUl\")]/tbody/tr[1]/td[11]/div/div/div/div[2]/span"}
COMMAND: POST /session/a4630a367857edf01c9aef3f553c367b/element/f.BA980EBE539FC9CF9A2905511121682E.d.2C0ADC3BD7EA4EC41056993EB126FA18.e.1191/click - {}
RESULT: {}
RESULT: {}
COMMAND: GET /session/a4630a367857edf01c9aef3f553c367b/screenshot - {}
RESULT: {}
COMMAND: POST /session/a4630a367857edf01c9aef3f553c367b/element - {"using":"xpath","value":"//table[contains(@id, \"massStateChangeTable-listUl\")]/tbody/tr[1]/td[11]/div/div/div/div[2]/span"}
RESULT: {"using":"xpath","value":"//table[contains(@id, \"massStateChangeTable-listUl\")]/tbody/tr[1]/td[11]/div/div/div/div[2]/span"}
COMMAND: POST /session/a4630a367857edf01c9aef3f553c367b/element/f.BA980EBE539FC9CF9A2905511121682E.d.2C0ADC3BD7EA4EC41056993EB126FA18.e.1191/click - {}
RESULT: {}
COMMAND: GET /session/a4630a367857edf01c9aef3f553c367b/screenshot - {}
RESULT: {}
COMMAND: POST /session/a4630a367857edf01c9aef3f553c367b/element - {"using":"xpath","value":"//table[contains(@id, \"massStateChangeTable-listUl\")]/tbody/tr[1]/td[11]/div/div/div/div[2]/span"}
RESULT: {"using":"xpath","value":"//table[contains(@id, \"massStateChangeTable-listUl\")]/tbody/tr[1]/td[11]/div/div/div/div[2]/span"}
COMMAND: POST /session/a4630a367857edf01c9aef3f553c367b/element/f.BA980EBE539FC9CF9A2905511121682E.d.2C0ADC3BD7EA4EC41056993EB126FA18.e.1191/click - {}
RESULT: {}
COMMAND: GET /session/a4630a367857edf01c9aef3f553c367b/screenshot - {}
RESULT: {}
COMMAND: POST /session/a4630a367857edf01c9aef3f553c367b/element - {"using":"xpath","value":"//table[contains(@id, \"massStateChangeTable-listUl\")]/tbody/tr[1]/td[11]/div/div/div/div[2]/span"}
RESULT: {"using":"xpath","value":"//table[contains(@id, \"massStateChangeTable-listUl\")]/tbody/tr[1]/td[11]/div/div/div/div[2]/span"}
COMMAND: POST /session/a4630a367857edf01c9aef3f553c367b/element/f.BA980EBE539FC9CF9A2905511121682E.d.2C0ADC3BD7EA4EC41056993EB126FA18.e.1191/click - {}
RESULT: {}
COMMAND: GET /session/a4630a367857edf01c9aef3f553c367b/screenshot - {}
RESULT: {}
COMMAND: POST /session/a4630a367857edf01c9aef3f553c367b/element - {"using":"xpath","value":"//table[contains(@id, \"massStateChangeTable-listUl\")]/tbody/tr[1]/td[11]/div/div/div/div[2]/span"}
RESULT: {"using":"xpath","value":"//table[contains(@id, \"massStateChangeTable-listUl\")]/tbody/tr[1]/td[11]/div/div/div/div[2]/span"}
COMMAND: POST /session/a4630a367857edf01c9aef3f553c367b/element/f.BA980EBE539FC9CF9A2905511121682E.d.2C0ADC3BD7EA4EC41056993EB126FA18.e.1191/click - {}
RESULT: {}
COMMAND: GET /session/a4630a367857edf01c9aef3f553c367b/screenshot - {}
RESULT: {}
COMMAND: POST /session/a4630a367857edf01c9aef3f553c367b/element - {"using":"xpath","value":"//table[contains(@id, \"massStateChangeTable-listUl\")]/tbody/tr[1]/td[11]/div/div/div/div[2]/span"}
RESULT: {"using":"xpath","value":"//table[contains(@id, \"massStateChangeTable-listUl\")]/tbody/tr[1]/td[11]/div/div/div/div[2]/span"}
COMMAND: POST /session/a4630a367857edf01c9aef3f553c367b/element/f.BA980EBE539FC9CF9A2905511121682E.d.2C0ADC3BD7EA4EC41056993EB126FA18.e.1191/click - {}
RESULT: {}
COMMAND: GET /session/a4630a367857edf01c9aef3f553c367b/screenshot - {}
RESULT: {}
COMMAND: POST /session/a4630a367857edf01c9aef3f553c367b/element - {"using":"xpath","value":"//table[contains(@id, \"massStateChangeTable-listUl\")]/tbody/tr[1]/td[11]/div/div/div/div[2]/span"}
RESULT: {"using":"xpath","value":"//table[contains(@id, \"massStateChangeTable-listUl\")]/tbody/tr[1]/td[11]/div/div/div/div[2]/span"}
COMMAND: POST /session/a4630a367857edf01c9aef3f553c367b/element/f.BA980EBE539FC9CF9A2905511121682E.d.2C0ADC3BD7EA4EC41056993EB126FA18.e.1191/click - {}
RESULT: {}
COMMAND: GET /session/a4630a367857edf01c9aef3f553c367b/screenshot - {}
RESULT: {}
COMMAND: POST /session/a4630a367857edf01c9aef3f553c367b/element - {"using":"xpath","value":"//table[contains(@id, \"massStateChangeTable-listUl\")]/tbody/tr[1]/td[11]/div/div/div/div[2]/span"}
RESULT: {"using":"xpath","value":"//table[contains(@id, \"massStateChangeTable-listUl\")]/tbody/tr[1]/td[11]/div/div/div/div[2]/span"}
COMMAND: POST /session/a4630a367857edf01c9aef3f553c367b/element/f.BA980EBE539FC9CF9A2905511121682E.d.2C0ADC3BD7EA4EC41056993EB126FA18.e.1191/click - {}
RESULT: {}
COMMAND: GET /session/a4630a367857edf01c9aef3f553c367b/screenshot - {}
RESULT: {}
COMMAND: POST /session/a4630a367857edf01c9aef3f553c367b/element - {"using":"xpath","value":"//table[contains(@id, \"massStateChangeTable-listUl\")]/tbody/tr[1]/td[11]/div/div/div/div[2]/span"}
RESULT: {"using":"xpath","value":"//table[contains(@id, \"massStateChangeTable-listUl\")]/tbody/tr[1]/td[11]/div/div/div/div[2]/span"}
COMMAND: POST /session/a4630a367857edf01c9aef3f553c367b/element/f.BA980EBE539FC9CF9A2905511121682E.d.2C0ADC3BD7EA4EC41056993EB126FA18.e.1191/click - {}
RESULT: {}
COMMAND: GET /session/a4630a367857edf01c9aef3f553c367b/screenshot - {}
RESULT: {}
COMMAND: POST /session/a4630a367857edf01c9aef3f553c367b/element - {"using":"xpath","value":"//table[contains(@id, \"massStateChangeTable-listUl\")]/tbody/tr[1]/td[11]/div/div/div/div[2]/span"}
RESULT: {"using":"xpath","value":"//table[contains(@id, \"massStateChangeTable-listUl\")]/tbody/tr[1]/td[11]/div/div/div/div[2]/span"}
COMMAND: POST /session/a4630a367857edf01c9aef3f553c367b/element/f.BA980EBE539FC9CF9A2905511121682E.d.2C0ADC3BD7EA4EC41056993EB126FA18.e.1191/click - {}
RESULT: {}
COMMAND: GET /session/a4630a367857edf01c9aef3f553c367b/screenshot - {}
RESULT: {}
COMMAND: POST /session/a4630a367857edf01c9aef3f553c367b/element - {"using":"xpath","value":"//table[contains(@id, \"massStateChangeTable-listUl\")]/tbody/tr[1]/td[11]/div/div/div/div[2]/span"}
RESULT: {"using":"xpath","value":"//table[contains(@id, \"massStateChangeTable-listUl\")]/tbody/tr[1]/td[11]/div/div/div/div[2]/span"}
COMMAND: POST /session/a4630a367857edf01c9aef3f553c367b/element/f.BA980EBE539FC9CF9A2905511121682E.d.2C0ADC3BD7EA4EC41056993EB126FA18.e.1191/click - {}
RESULT: {}
COMMAND: GET /session/a4630a367857edf01c9aef3f553c367b/screenshot - {}
RESULT: {}
COMMAND: POST /session/a4630a367857edf01c9aef3f553c367b/element - {"using":"xpath","value":"//table[contains(@id, \"massStateChangeTable-listUl\")]/tbody/tr[1]/td[11]/div/div/div/div[2]/span"}
RESULT: {"using":"xpath","value":"//table[contains(@id, \"massStateChangeTable-listUl\")]/tbody/tr[1]/td[11]/div/div/div/div[2]/span"}
COMMAND: POST /session/a4630a367857edf01c9aef3f553c367b/element/f.BA980EBE539FC9CF9A2905511121682E.d.2C0ADC3BD7EA4EC41056993EB126FA18.e.1191/click - {}
RESULT: {}
COMMAND: GET /session/a4630a367857edf01c9aef3f553c367b/screenshot - {}
RESULT: {}
COMMAND: POST /session/a4630a367857edf01c9aef3f553c367b/element - {"using":"xpath","value":"//table[contains(@id, \"massStateChangeTable-listUl\")]/tbody/tr[1]/td[11]/div/div/div/div[2]/span"}
RESULT: {"using":"xpath","value":"//table[contains(@id, \"massStateChangeTable-listUl\")]/tbody/tr[1]/td[11]/div/div/div/div[2]/span"}
COMMAND: POST /session/a4630a367857edf01c9aef3f553c367b/element/f.BA980EBE539FC9CF9A2905511121682E.d.2C0ADC3BD7EA4EC41056993EB126FA18.e.1191/click - {}
RESULT: {}
COMMAND: GET /session/a4630a367857edf01c9aef3f553c367b/screenshot - {}
RESULT: {}
COMMAND: POST /session/a4630a367857edf01c9aef3f553c367b/element - {"using":"xpath","value":"//table[contains(@id, \"massStateChangeTable-listUl\")]/tbody/tr[1]/td[11]/div/div/div/div[2]/span"}
RESULT: {"using":"xpath","value":"//table[contains(@id, \"massStateChangeTable-listUl\")]/tbody/tr[1]/td[11]/div/div/div/div[2]/span"}
COMMAND: POST /session/a4630a367857edf01c9aef3f553c367b/element/f.BA980EBE539FC9CF9A2905511121682E.d.2C0ADC3BD7EA4EC41056993EB126FA18.e.1191/click - {}
RESULT: {}
COMMAND: GET /session/a4630a367857edf01c9aef3f553c367b/screenshot - {}
RESULT: {}
COMMAND: POST /session/a4630a367857edf01c9aef3f553c367b/element - {"using":"xpath","value":"//table[contains(@id, \"massStateChangeTable-listUl\")]/tbody/tr[1]/td[11]/div/div/div/div[2]/span"}
RESULT: {"using":"xpath","value":"//table[contains(@id, \"massStateChangeTable-listUl\")]/tbody/tr[1]/td[11]/div/div/div/div[2]/span"}
COMMAND: POST /session/a4630a367857edf01c9aef3f553c367b/element/f.BA980EBE539FC9CF9A2905511121682E.d.2C0ADC3BD7EA4EC41056993EB126FA18.e.1191/click - {}
RESULT: {}
COMMAND: GET /session/a4630a367857edf01c9aef3f553c367b/screenshot - {}
RESULT: {}
COMMAND: POST /session/a4630a367857edf01c9aef3f553c367b/element - {"using":"xpath","value":"//table[contains(@id, \"massStateChangeTable-listUl\")]/tbody/tr[1]/td[11]/div/div/div/div[2]/span"}
RESULT: {"using":"xpath","value":"//table[contains(@id, \"massStateChangeTable-listUl\")]/tbody/tr[1]/td[11]/div/div/div/div[2]/span"}
COMMAND: POST /session/a4630a367857edf01c9aef3f553c367b/element/f.BA980EBE539FC9CF9A2905511121682E.d.2C0ADC3BD7EA4EC41056993EB126FA18.e.1191/click - {}
RESULT: {}
COMMAND: GET /session/a4630a367857edf01c9aef3f553c367b/screenshot - {}
RESULT: {}
COMMAND: POST /session/a4630a367857edf01c9aef3f553c367b/element - {"using":"xpath","value":"//table[contains(@id, \"massStateChangeTable-listUl\")]/tbody/tr[1]/td[11]/div/div/div/div[2]/span"}
RESULT: {"using":"xpath","value":"//table[contains(@id, \"massStateChangeTable-listUl\")]/tbody/tr[1]/td[11]/div/div/div/div[2]/span"}
COMMAND: POST /session/a4630a367857edf01c9aef3f553c367b/element/f.BA980EBE539FC9CF9A2905511121682E.d.2C0ADC3BD7EA4EC41056993EB126FA18.e.1191/click - {}
RESULT: {}
COMMAND: GET /session/a4630a367857edf01c9aef3f553c367b/screenshot - {}
RESULT: {}
COMMAND: POST /session/a4630a367857edf01c9aef3f553c367b/element - {"using":"xpath","value":"//table[contains(@id, \"massStateChangeTable-listUl\")]/tbody/tr[1]/td[11]/div/div/div/div[2]/span"}
RESULT: {"using":"xpath","value":"//table[contains(@id, \"massStateChangeTable-listUl\")]/tbody/tr[1]/td[11]/div/div/div/div[2]/span"}
COMMAND: POST /session/a4630a367857edf01c9aef3f553c367b/element/f.BA980EBE539FC9CF9A2905511121682E.d.2C0ADC3BD7EA4EC41056993EB126FA18.e.1191/click - {}
RESULT: {}
COMMAND: GET /session/a4630a367857edf01c9aef3f553c367b/screenshot - {}
RESULT: {}
COMMAND: POST /session/a4630a367857edf01c9aef3f553c367b/element - {"using":"xpath","value":"//table[contains(@id, \"massStateChangeTable-listUl\")]/tbody/tr[1]/td[11]/div/div/div/div[2]/span"}
RESULT: {"using":"xpath","value":"//table[contains(@id, \"massStateChangeTable-listUl\")]/tbody/tr[1]/td[11]/div/div/div/div[2]/span"}
COMMAND: POST /session/a4630a367857edf01c9aef3f553c367b/element/f.BA980EBE539FC9CF9A2905511121682E.d.2C0ADC3BD7EA4EC41056993EB126FA18.e.1191/click - {}
RESULT: {}
COMMAND: GET /session/a4630a367857edf01c9aef3f553c367b/screenshot - {}
RESULT: {}
COMMAND: POST /session/a4630a367857edf01c9aef3f553c367b/element - {"using":"xpath","value":"//table[contains(@id, \"massStateChangeTable-listUl\")]/tbody/tr[1]/td[11]/div/div/div/div[2]/span"}
RESULT: {"using":"xpath","value":"//table[contains(@id, \"massStateChangeTable-listUl\")]/tbody/tr[1]/td[11]/div/div/div/div[2]/span"}
COMMAND: POST /session/a4630a367857edf01c9aef3f553c367b/element/f.BA980EBE539FC9CF9A2905511121682E.d.2C0ADC3BD7EA4EC41056993EB126FA18.e.1191/click - {}
RESULT: {}
COMMAND: GET /session/a4630a367857edf01c9aef3f553c367b/screenshot - {}
RESULT: {}
COMMAND: POST /session/a4630a367857edf01c9aef3f553c367b/element - {"using":"xpath","value":"//table[contains(@id, \"massStateChangeTable-listUl\")]/tbody/tr[1]/td[11]/div/div/div/div[2]/span"}
RESULT: {"using":"xpath","value":"//table[contains(@id, \"massStateChangeTable-listUl\")]/tbody/tr[1]/td[11]/div/div/div/div[2]/span"}
COMMAND: POST /session/a4630a367857edf01c9aef3f553c367b/element/f.BA980EBE539FC9CF9A2905511121682E.d.2C0ADC3BD7EA4EC41056993EB126FA18.e.1191/click - {}
RESULT: {}
COMMAND: GET /session/a4630a367857edf01c9aef3f553c367b/screenshot - {}
RESULT: {}
COMMAND: POST /session/a4630a367857edf01c9aef3f553c367b/element - {"using":"xpath","value":"//table[contains(@id, \"massStateChangeTable-listUl\")]/tbody/tr[1]/td[11]/div/div/div/div[2]/span"}
RESULT: {"using":"xpath","value":"//table[contains(@id, \"massStateChangeTable-listUl\")]/tbody/tr[1]/td[11]/div/div/div/div[2]/span"}
COMMAND: POST /session/a4630a367857edf01c9aef3f553c367b/element/f.BA980EBE539FC9CF9A2905511121682E.d.2C0ADC3BD7EA4EC41056993EB126FA18.e.1191/click - {}
RESULT: {}
COMMAND: GET /session/a4630a367857edf01c9aef3f553c367b/screenshot - {}
RESULT: {}
COMMAND: POST /session/a4630a367857edf01c9aef3f553c367b/element - {"using":"xpath","value":"//table[contains(@id, \"massStateChangeTable-listUl\")]/tbody/tr[1]/td[11]/div/div/div/div[2]/span"}
RESULT: {"using":"xpath","value":"//table[contains(@id, \"massStateChangeTable-listUl\")]/tbody/tr[1]/td[11]/div/div/div/div[2]/span"}
COMMAND: POST /session/a4630a367857edf01c9aef3f553c367b/element/f.BA980EBE539FC9CF9A2905511121682E.d.2C0ADC3BD7EA4EC41056993EB126FA18.e.1191/click - {}
RESULT: {}
COMMAND: GET /session/a4630a367857edf01c9aef3f553c367b/screenshot - {}
RESULT: {}
COMMAND: POST /session/a4630a367857edf01c9aef3f553c367b/element - {"using":"xpath","value":"//table[contains(@id, \"massStateChangeTable-listUl\")]/tbody/tr[1]/td[11]/div/div/div/div[2]/span"}
RESULT: {"using":"xpath","value":"//table[contains(@id, \"massStateChangeTable-listUl\")]/tbody/tr[1]/td[11]/div/div/div/div[2]/span"}
COMMAND: POST /session/a4630a367857edf01c9aef3f553c367b/element/f.BA980EBE539FC9CF9A2905511121682E.d.2C0ADC3BD7EA4EC41056993EB126FA18.e.1191/click - {}
RESULT: {}
COMMAND: GET /session/a4630a367857edf01c9aef3f553c367b/screenshot - {}
RESULT: {}
COMMAND: POST /session/a4630a367857edf01c9aef3f553c367b/element - {"using":"xpath","value":"//table[contains(@id, \"massStateChangeTable-listUl\")]/tbody/tr[1]/td[11]/div/div/div/div[2]/span"}
RESULT: {"using":"xpath","value":"//table[contains(@id, \"massStateChangeTable-listUl\")]/tbody/tr[1]/td[11]/div/div/div/div[2]/span"}
COMMAND: POST /session/a4630a367857edf01c9aef3f553c367b/element/f.BA980EBE539FC9CF9A2905511121682E.d.2C0ADC3BD7EA4EC41056993EB126FA18.e.1191/click - {}
RESULT: {}
COMMAND: GET /session/a4630a367857edf01c9aef3f553c367b/screenshot - {}
RESULT: {}
COMMAND: POST /session/a4630a367857edf01c9aef3f553c367b/element - {"using":"xpath","value":"//table[contains(@id, \"massStateChangeTable-listUl\")]/tbody/tr[1]/td[11]/div/div/div/div[2]/span"}
RESULT: {"using":"xpath","value":"//table[contains(@id, \"massStateChangeTable-listUl\")]/tbody/tr[1]/td[11]/div/div/div/div[2]/span"}
COMMAND: POST /session/a4630a367857edf01c9aef3f553c367b/element/f.BA980EBE539FC9CF9A2905511121682E.d.2C0ADC3BD7EA4EC41056993EB126FA18.e.1191/click - {}
RESULT: {}
COMMAND: GET /session/a4630a367857edf01c9aef3f553c367b/screenshot - {}
RESULT: {}
COMMAND: POST /session/a4630a367857edf01c9aef3f553c367b/element - {"using":"xpath","value":"//table[contains(@id, \"massStateChangeTable-listUl\")]/tbody/tr[1]/td[11]/div/div/div/div[2]/span"}
RESULT: {"using":"xpath","value":"//table[contains(@id, \"massStateChangeTable-listUl\")]/tbody/tr[1]/td[11]/div/div/div/div[2]/span"}
COMMAND: POST /session/a4630a367857edf01c9aef3f553c367b/element/f.BA980EBE539FC9CF9A2905511121682E.d.2C0ADC3BD7EA4EC41056993EB126FA18.e.1191/click - {}
RESULT: {}
COMMAND: GET /session/a4630a367857edf01c9aef3f553c367b/screenshot - {}
RESULT: {}
COMMAND: POST /session/a4630a367857edf01c9aef3f553c367b/element - {"using":"xpath","value":"//table[contains(@id, \"massStateChangeTable-listUl\")]/tbody/tr[1]/td[11]/div/div/div/div[2]/span"}
RESULT: {"using":"xpath","value":"//table[contains(@id, \"massStateChangeTable-listUl\")]/tbody/tr[1]/td[11]/div/div/div/div[2]/span"}
COMMAND: POST /session/a4630a367857edf01c9aef3f553c367b/element/f.BA980EBE539FC9CF9A2905511121682E.d.2C0ADC3BD7EA4EC41056993EB126FA18.e.1191/click - {}
RESULT: {}
COMMAND: GET /session/a4630a367857edf01c9aef3f553c367b/screenshot - {}
RESULT: {}
COMMAND: POST /session/a4630a367857edf01c9aef3f553c367b/element - {"using":"xpath","value":"//table[contains(@id, \"massStateChangeTable-listUl\")]/tbody/tr[1]/td[11]/div/div/div/div[2]/span"}
RESULT: {"using":"xpath","value":"//table[contains(@id, \"massStateChangeTable-listUl\")]/tbody/tr[1]/td[11]/div/div/div/div[2]/span"}
COMMAND: POST /session/a4630a367857edf01c9aef3f553c367b/element/f.BA980EBE539FC9CF9A2905511121682E.d.2C0ADC3BD7EA4EC41056993EB126FA18.e.1191/click - {}
RESULT: {}
COMMAND: GET /session/a4630a367857edf01c9aef3f553c367b/screenshot - {}
RESULT: {}
COMMAND: POST /session/a4630a367857edf01c9aef3f553c367b/element - {"using":"xpath","value":"//table[contains(@id, \"massStateChangeTable-listUl\")]/tbody/tr[1]/td[11]/div/div/div/div[2]/span"}
RESULT: {"using":"xpath","value":"//table[contains(@id, \"massStateChangeTable-listUl\")]/tbody/tr[1]/td[11]/div/div/div/div[2]/span"}
COMMAND: POST /session/a4630a367857edf01c9aef3f553c367b/element/f.BA980EBE539FC9CF9A2905511121682E.d.2C0ADC3BD7EA4EC41056993EB126FA18.e.1191/click - {}
RESULT: {}
COMMAND: GET /session/a4630a367857edf01c9aef3f553c367b/screenshot - {}
RESULT: {}
COMMAND: POST /session/a4630a367857edf01c9aef3f553c367b/element - {"using":"xpath","value":"//table[contains(@id, \"massStateChangeTable-listUl\")]/tbody/tr[1]/td[11]/div/div/div/div[2]/span"}
RESULT: {"using":"xpath","value":"//table[contains(@id, \"massStateChangeTable-listUl\")]/tbody/tr[1]/td[11]/div/div/div/div[2]/span"}
COMMAND: POST /session/a4630a367857edf01c9aef3f553c367b/element/f.BA980EBE539FC9CF9A2905511121682E.d.2C0ADC3BD7EA4EC41056993EB126FA18.e.1191/click - {}
RESULT: {}
COMMAND: GET /session/a4630a367857edf01c9aef3f553c367b/screenshot - {}
RESULT: {}
COMMAND: POST /session/a4630a367857edf01c9aef3f553c367b/element - {"using":"xpath","value":"//table[contains(@id, \"massStateChangeTable-listUl\")]/tbody/tr[1]/td[11]/div/div/div/div[2]/span"}
RESULT: {"using":"xpath","value":"//table[contains(@id, \"massStateChangeTable-listUl\")]/tbody/tr[1]/td[11]/div/div/div/div[2]/span"}
COMMAND: POST /session/a4630a367857edf01c9aef3f553c367b/element/f.BA980EBE539FC9CF9A2905511121682E.d.2C0ADC3BD7EA4EC41056993EB126FA18.e.1191/click - {}
RESULT: {}
COMMAND: GET /session/a4630a367857edf01c9aef3f553c367b/screenshot - {}
RESULT: {}
COMMAND: POST /session/a4630a367857edf01c9aef3f553c367b/element - {"using":"xpath","value":"//table[contains(@id, \"massStateChangeTable-listUl\")]/tbody/tr[1]/td[11]/div/div/div/div[2]/span"}
RESULT: {"using":"xpath","value":"//table[contains(@id, \"massStateChangeTable-listUl\")]/tbody/tr[1]/td[11]/div/div/div/div[2]/span"}
COMMAND: POST /session/a4630a367857edf01c9aef3f553c367b/element/f.BA980EBE539FC9CF9A2905511121682E.d.2C0ADC3BD7EA4EC41056993EB126FA18.e.1191/click - {}
RESULT: {}
COMMAND: GET /session/a4630a367857edf01c9aef3f553c367b/screenshot - {}
RESULT: {}
COMMAND: POST /session/a4630a367857edf01c9aef3f553c367b/element - {"using":"xpath","value":"//table[contains(@id, \"massStateChangeTable-listUl\")]/tbody/tr[1]/td[11]/div/div/div/div[2]/span"}
RESULT: {"using":"xpath","value":"//table[contains(@id, \"massStateChangeTable-listUl\")]/tbody/tr[1]/td[11]/div/div/div/div[2]/span"}
COMMAND: POST /session/a4630a367857edf01c9aef3f553c367b/element/f.BA980EBE539FC9CF9A2905511121682E.d.2C0ADC3BD7EA4EC41056993EB126FA18.e.1191/click - {}
RESULT: {}
COMMAND: GET /session/a4630a367857edf01c9aef3f553c367b/screenshot - {}
RESULT: {}
COMMAND: POST /session/a4630a367857edf01c9aef3f553c367b/element - {"using":"xpath","value":"//table[contains(@id, \"massStateChangeTable-listUl\")]/tbody/tr[1]/td[11]/div/div/div/div[2]/span"}
RESULT: {"using":"xpath","value":"//table[contains(@id, \"massStateChangeTable-listUl\")]/tbody/tr[1]/td[11]/div/div/div/div[2]/span"}
COMMAND: POST /session/a4630a367857edf01c9aef3f553c367b/element/f.BA980EBE539FC9CF9A2905511121682E.d.2C0ADC3BD7EA4EC41056993EB126FA18.e.1191/click - {}
RESULT: {}
COMMAND: GET /session/a4630a367857edf01c9aef3f553c367b/screenshot - {}
RESULT: {}
COMMAND: POST /session/a4630a367857edf01c9aef3f553c367b/element - {"using":"xpath","value":"//table[contains(@id, \"massStateChangeTable-listUl\")]/tbody/tr[1]/td[11]/div/div/div/div[2]/span"}
RESULT: {"using":"xpath","value":"//table[contains(@id, \"massStateChangeTable-listUl\")]/tbody/tr[1]/td[11]/div/div/div/div[2]/span"}
COMMAND: POST /session/a4630a367857edf01c9aef3f553c367b/element/f.BA980EBE539FC9CF9A2905511121682E.d.2C0ADC3BD7EA4EC41056993EB126FA18.e.1191/click - {}
RESULT: {}
COMMAND: GET /session/a4630a367857edf01c9aef3f553c367b/screenshot - {}
RESULT: {}
COMMAND: POST /session/a4630a367857edf01c9aef3f553c367b/element - {"using":"xpath","value":"//table[contains(@id, \"massStateChangeTable-listUl\")]/tbody/tr[1]/td[11]/div/div/div/div[2]/span"}
RESULT: {"using":"xpath","value":"//table[contains(@id, \"massStateChangeTable-listUl\")]/tbody/tr[1]/td[11]/div/div/div/div[2]/span"}
COMMAND: POST /session/a4630a367857edf01c9aef3f553c367b/element/f.BA980EBE539FC9CF9A2905511121682E.d.2C0ADC3BD7EA4EC41056993EB126FA18.e.1191/click - {}
RESULT: {}
COMMAND: GET /session/a4630a367857edf01c9aef3f553c367b/screenshot - {}
RESULT: {}
COMMAND: POST /session/a4630a367857edf01c9aef3f553c367b/element - {"using":"xpath","value":"//table[contains(@id, \"massStateChangeTable-listUl\")]/tbody/tr[1]/td[11]/div/div/div/div[2]/span"}
RESULT: {"using":"xpath","value":"//table[contains(@id, \"massStateChangeTable-listUl\")]/tbody/tr[1]/td[11]/div/div/div/div[2]/span"}
COMMAND: POST /session/a4630a367857edf01c9aef3f553c367b/element/f.BA980EBE539FC9CF9A2905511121682E.d.2C0ADC3BD7EA4EC41056993EB126FA18.e.1191/click - {}
RESULT: {}
COMMAND: GET /session/a4630a367857edf01c9aef3f553c367b/screenshot - {}
RESULT: {}
COMMAND: POST /session/a4630a367857edf01c9aef3f553c367b/element - {"using":"xpath","value":"//table[contains(@id, \"massStateChangeTable-listUl\")]/tbody/tr[1]/td[11]/div/div/div/div[2]/span"}
RESULT: {"using":"xpath","value":"//table[contains(@id, \"massStateChangeTable-listUl\")]/tbody/tr[1]/td[11]/div/div/div/div[2]/span"}
COMMAND: POST /session/a4630a367857edf01c9aef3f553c367b/element/f.BA980EBE539FC9CF9A2905511121682E.d.2C0ADC3BD7EA4EC41056993EB126FA18.e.1191/click - {}
RESULT: {}
COMMAND: GET /session/a4630a367857edf01c9aef3f553c367b/screenshot - {}
RESULT: {}
COMMAND: POST /session/a4630a367857edf01c9aef3f553c367b/element - {"using":"xpath","value":"//table[contains(@id, \"massStateChangeTable-listUl\")]/tbody/tr[1]/td[11]/div/div/div/div[2]/span"}
RESULT: {"using":"xpath","value":"//table[contains(@id, \"massStateChangeTable-listUl\")]/tbody/tr[1]/td[11]/div/div/div/div[2]/span"}
COMMAND: POST /session/a4630a367857edf01c9aef3f553c367b/element/f.BA980EBE539FC9CF9A2905511121682E.d.2C0ADC3BD7EA4EC41056993EB126FA18.e.1191/click - {}
RESULT: {}
COMMAND: GET /session/a4630a367857edf01c9aef3f553c367b/screenshot - {}
RESULT: {}
COMMAND: POST /session/a4630a367857edf01c9aef3f553c367b/element - {"using":"xpath","value":"//table[contains(@id, \"massStateChangeTable-listUl\")]/tbody/tr[1]/td[11]/div/div/div/div[2]/span"}
RESULT: {"using":"xpath","value":"//table[contains(@id, \"massStateChangeTable-listUl\")]/tbody/tr[1]/td[11]/div/div/div/div[2]/span"}
COMMAND: POST /session/a4630a367857edf01c9aef3f553c367b/element/f.BA980EBE539FC9CF9A2905511121682E.d.2C0ADC3BD7EA4EC41056993EB126FA18.e.1191/click - {}
RESULT: {}
COMMAND: GET /session/a4630a367857edf01c9aef3f553c367b/screenshot - {}
RESULT: {}
COMMAND: POST /session/a4630a367857edf01c9aef3f553c367b/element - {"using":"xpath","value":"//table[contains(@id, \"massStateChangeTable-listUl\")]/tbody/tr[1]/td[11]/div/div/div/div[2]/span"}
RESULT: {"using":"xpath","value":"//table[contains(@id, \"massStateChangeTable-listUl\")]/tbody/tr[1]/td[11]/div/div/div/div[2]/span"}
COMMAND: POST /session/a4630a367857edf01c9aef3f553c367b/element/f.BA980EBE539FC9CF9A2905511121682E.d.2C0ADC3BD7EA4EC41056993EB126FA18.e.1191/click - {}
RESULT: {}
COMMAND: GET /session/a4630a367857edf01c9aef3f553c367b/screenshot - {}
RESULT: {}
COMMAND: POST /session/a4630a367857edf01c9aef3f553c367b/element - {"using":"xpath","value":"//table[contains(@id, \"massStateChangeTable-listUl\")]/tbody/tr[1]/td[11]/div/div/div/div[2]/span"}
RESULT: {"using":"xpath","value":"//table[contains(@id, \"massStateChangeTable-listUl\")]/tbody/tr[1]/td[11]/div/div/div/div[2]/span"}
COMMAND: POST /session/a4630a367857edf01c9aef3f553c367b/element/f.BA980EBE539FC9CF9A2905511121682E.d.2C0ADC3BD7EA4EC41056993EB126FA18.e.1191/click - {}
RESULT: {}
COMMAND: GET /session/a4630a367857edf01c9aef3f553c367b/screenshot - {}
RESULT: {}
COMMAND: POST /session/a4630a367857edf01c9aef3f553c367b/element - {"using":"xpath","value":"//table[contains(@id, \"massStateChangeTable-listUl\")]/tbody/tr[1]/td[11]/div/div/div/div[2]/span"}
RESULT: {"using":"xpath","value":"//table[contains(@id, \"massStateChangeTable-listUl\")]/tbody/tr[1]/td[11]/div/div/div/div[2]/span"}
COMMAND: POST /session/a4630a367857edf01c9aef3f553c367b/element/f.BA980EBE539FC9CF9A2905511121682E.d.2C0ADC3BD7EA4EC41056993EB126FA18.e.1191/click - {}
RESULT: {}
COMMAND: GET /session/a4630a367857edf01c9aef3f553c367b/screenshot - {}
RESULT: {}
COMMAND: POST /session/a4630a367857edf01c9aef3f553c367b/element - {"using":"xpath","value":"//table[contains(@id, \"massStateChangeTable-listUl\")]/tbody/tr[1]/td[11]/div/div/div/div[2]/span"}
RESULT: {"using":"xpath","value":"//table[contains(@id, \"massStateChangeTable-listUl\")]/tbody/tr[1]/td[11]/div/div/div/div[2]/span"}
COMMAND: POST /session/a4630a367857edf01c9aef3f553c367b/element/f.BA980EBE539FC9CF9A2905511121682E.d.2C0ADC3BD7EA4EC41056993EB126FA18.e.1191/click - {}
RESULT: {}
COMMAND: GET /session/a4630a367857edf01c9aef3f553c367b/screenshot - {}
RESULT: {}
COMMAND: POST /session/a4630a367857edf01c9aef3f553c367b/element - {"using":"xpath","value":"//table[contains(@id, \"massStateChangeTable-listUl\")]/tbody/tr[1]/td[11]/div/div/div/div[2]/span"}
RESULT: {"using":"xpath","value":"//table[contains(@id, \"massStateChangeTable-listUl\")]/tbody/tr[1]/td[11]/div/div/div/div[2]/span"}
COMMAND: POST /session/a4630a367857edf01c9aef3f553c367b/element/f.BA980EBE539FC9CF9A2905511121682E.d.2C0ADC3BD7EA4EC41056993EB126FA18.e.1191/click - {}
RESULT: {}
COMMAND: GET /session/a4630a367857edf01c9aef3f553c367b/screenshot - {}
RESULT: {}
COMMAND: POST /session/a4630a367857edf01c9aef3f553c367b/element - {"using":"xpath","value":"//table[contains(@id, \"massStateChangeTable-listUl\")]/tbody/tr[1]/td[11]/div/div/div/div[2]/span"}
RESULT: {"using":"xpath","value":"//table[contains(@id, \"massStateChangeTable-listUl\")]/tbody/tr[1]/td[11]/div/div/div/div[2]/span"}
COMMAND: POST /session/a4630a367857edf01c9aef3f553c367b/element/f.BA980EBE539FC9CF9A2905511121682E.d.2C0ADC3BD7EA4EC41056993EB126FA18.e.1191/click - {}
RESULT: {}
COMMAND: GET /session/a4630a367857edf01c9aef3f553c367b/screenshot - {}
RESULT: {}
COMMAND: POST /session/a4630a367857edf01c9aef3f553c367b/element - {"using":"xpath","value":"//table[contains(@id, \"massStateChangeTable-listUl\")]/tbody/tr[1]/td[11]/div/div/div/div[2]/span"}
RESULT: {"using":"xpath","value":"//table[contains(@id, \"massStateChangeTable-listUl\")]/tbody/tr[1]/td[11]/div/div/div/div[2]/span"}
COMMAND: POST /session/a4630a367857edf01c9aef3f553c367b/element/f.BA980EBE539FC9CF9A2905511121682E.d.2C0ADC3BD7EA4EC41056993EB126FA18.e.1191/click - {}
RESULT: {}
COMMAND: GET /session/a4630a367857edf01c9aef3f553c367b/screenshot - {}
RESULT: {}
COMMAND: POST /session/a4630a367857edf01c9aef3f553c367b/element - {"using":"xpath","value":"//table[contains(@id, \"massStateChangeTable-listUl\")]/tbody/tr[1]/td[11]/div/div/div/div[2]/span"}
RESULT: {"using":"xpath","value":"//table[contains(@id, \"massStateChangeTable-listUl\")]/tbody/tr[1]/td[11]/div/div/div/div[2]/span"}
COMMAND: POST /session/a4630a367857edf01c9aef3f553c367b/element/f.BA980EBE539FC9CF9A2905511121682E.d.2C0ADC3BD7EA4EC41056993EB126FA18.e.1191/click - {}
RESULT: {}
COMMAND: GET /session/a4630a367857edf01c9aef3f553c367b/screenshot - {}
RESULT: {}
COMMAND: POST /session/a4630a367857edf01c9aef3f553c367b/element - {"using":"xpath","value":"//table[contains(@id, \"massStateChangeTable-listUl\")]/tbody/tr[1]/td[11]/div/div/div/div[2]/span"}
RESULT: {"using":"xpath","value":"//table[contains(@id, \"massStateChangeTable-listUl\")]/tbody/tr[1]/td[11]/div/div/div/div[2]/span"}
COMMAND: POST /session/a4630a367857edf01c9aef3f553c367b/element/f.BA980EBE539FC9CF9A2905511121682E.d.2C0ADC3BD7EA4EC41056993EB126FA18.e.1191/click - {}
RESULT: {}
COMMAND: GET /session/a4630a367857edf01c9aef3f553c367b/screenshot - {}
RESULT: {}
COMMAND: POST /session/a4630a367857edf01c9aef3f553c367b/element - {"using":"xpath","value":"//table[contains(@id, \"massStateChangeTable-listUl\")]/tbody/tr[2]/td[11]/div/div/div/div[2]/span"}
RESULT: {"using":"xpath","value":"//table[contains(@id, \"massStateChangeTable-listUl\")]/tbody/tr[2]/td[11]/div/div/div/div[2]/span"}
COMMAND: POST /session/a4630a367857edf01c9aef3f553c367b/element/f.BA980EBE539FC9CF9A2905511121682E.d.2C0ADC3BD7EA4EC41056993EB126FA18.e.1192/click - {}
RESULT: {}
COMMAND: GET /session/a4630a367857edf01c9aef3f553c367b/screenshot - {}
RESULT: {}
COMMAND: POST /session/a4630a367857edf01c9aef3f553c367b/element - {"using":"xpath","value":"//table[contains(@id, \"massStateChangeTable-listUl\")]/tbody/tr[1]/td[11]/div/div/div/input"}
RESULT: {"using":"xpath","value":"//table[contains(@id, \"massStateChangeTable-listUl\")]/tbody/tr[1]/td[11]/div/div/div/input"}
COMMAND: GET /session/a4630a367857edf01c9aef3f553c367b/element/f.BA980EBE539FC9CF9A2905511121682E.d.2C0ADC3BD7EA4EC41056993EB126FA18.e.1170/property/value - {}
RESULT: {}
COMMAND: POST /session/a4630a367857edf01c9aef3f553c367b/element - {"using":"xpath","value":"//table[contains(@id, \"massStateChangeTable-listUl\")]/tbody/tr[2]/td[11]/div/div/div/input"}
COMMAND: GET /session/a4630a367857edf01c9aef3f553c367b/screenshot - {}
RESULT: {"using":"xpath","value":"//table[contains(@id, \"massStateChangeTable-listUl\")]/tbody/tr[2]/td[11]/div/div/div/input"}
COMMAND: GET /session/a4630a367857edf01c9aef3f553c367b/element/f.BA980EBE539FC9CF9A2905511121682E.d.2C0ADC3BD7EA4EC41056993EB126FA18.e.1174/property/value - {}
RESULT: {}
RESULT: {}
COMMAND: POST /session/a4630a367857edf01c9aef3f553c367b/element - {"using":"xpath","value":"(//bdi[contains(text(), \"OK\")])[1]"}
COMMAND: GET /session/a4630a367857edf01c9aef3f553c367b/screenshot - {}
RESULT: {"using":"xpath","value":"(//bdi[contains(text(), \"OK\")])[1]"}
COMMAND: POST /session/a4630a367857edf01c9aef3f553c367b/element/f.BA980EBE539FC9CF9A2905511121682E.d.2C0ADC3BD7EA4EC41056993EB126FA18.e.1178/click - {}
RESULT: {}
RESULT: {}
COMMAND: GET /session/a4630a367857edf01c9aef3f553c367b/screenshot - {}
RESULT: {}
COMMAND: POST /session/a4630a367857edf01c9aef3f553c367b/element - {"using":"xpath","value":"(//bdi[contains(text(), \"OK\")])[2]"}
RESULT: {"using":"xpath","value":"(//bdi[contains(text(), \"OK\")])[2]"}
COMMAND: POST /session/a4630a367857edf01c9aef3f553c367b/element/f.BA980EBE539FC9CF9A2905511121682E.d.2C0ADC3BD7EA4EC41056993EB126FA18.e.1195/click - {}
RESULT: {}
COMMAND: GET /session/a4630a367857edf01c9aef3f553c367b/screenshot - {}
RESULT: {}
RESULT: undefined
COMMAND: POST /session/a4630a367857edf01c9aef3f553c367b/execute/async - {"script":"<script> [776 bytes]","args":[{"enterText":"600002","selector":{"id":"application-ruinventorylist-display-component---Master--smartFilterBar-btnBasicSearch","interaction":{"idSuffix":"I"}},"clearTextFirst":true,"interactionType":"ENTER_TEXT"}]}
RESULT: {"script":"<script> [776 bytes]","args":[{"enterText":"600002","selector":{"id":"application-ruinventorylist-display-component---Master--smartFilterBar-btnBasicSearch","interaction":{"idSuffix":"I"}},"clearTextFirst":true,"interactionType":"ENTER_TEXT"}]}
COMMAND: POST /session/a4630a367857edf01c9aef3f553c367b/actions - {"actions":[{"id":"action5","type":"key","parameters":{},"actions":[{"type":"keyDown","value":"î€‡"},{"type":"pause","duration":10},{"type":"keyUp","value":"î€‡"}]}]}
RESULT: {"actions":[{"id":"action5","type":"key","parameters":{},"actions":[{"type":"keyDown","value":"î€‡"},{"type":"pause","duration":10},{"type":"keyUp","value":"î€‡"}]}]}
COMMAND: GET /session/a4630a367857edf01c9aef3f553c367b/screenshot - {}
RESULT: {}
COMMAND: POST /session/a4630a367857edf01c9aef3f553c367b/element - {"using":"xpath","value":"//span[@id=\"application-ruinventorylist-display-component---Master--smartTableRuInventoryList-header-inner\"]"}
RESULT: {"using":"xpath","value":"//span[@id=\"application-ruinventorylist-display-component---Master--smartTableRuInventoryList-header-inner\"]"}
COMMAND: POST /session/a4630a367857edf01c9aef3f553c367b/elements - {"using":"xpath","value":"//span[@id=\"application-ruinventorylist-display-component---Master--smartTableRuInventoryList-header-inner\"]"}
RESULT: {"using":"xpath","value":"//span[@id=\"application-ruinventorylist-display-component---Master--smartTableRuInventoryList-header-inner\"]"}
COMMAND: POST /session/a4630a367857edf01c9aef3f553c367b/execute/sync - {"script":"<script> [56 bytes]","args":[{"element-6066-11e4-a52e-4f735466cecf":"f.BA980EBE539FC9CF9A2905511121682E.d.2C0ADC3BD7EA4EC41056993EB126FA18.e.798","ELEMENT":"f.BA980EBE539FC9CF9A2905511121682E.d.2C0ADC3BD7EA4EC41056993EB126FA18.e.798"}]}
RESULT: {"script":"<script> [56 bytes]","args":[{"element-6066-11e4-a52e-4f735466cecf":"f.BA980EBE539FC9CF9A2905511121682E.d.2C0ADC3BD7EA4EC41056993EB126FA18.e.798","ELEMENT":"f.BA980EBE539FC9CF9A2905511121682E.d.2C0ADC3BD7EA4EC41056993EB126FA18.e.798"}]}
COMMAND: POST /session/a4630a367857edf01c9aef3f553c367b/element - {"using":"xpath","value":"//table[contains(@id, \"application-ruinventorylist-display-component---Master--tableRuInventoryList-listUl\")]/tbody/tr[1]/td[6]/div/span"}
COMMAND: GET /session/a4630a367857edf01c9aef3f553c367b/screenshot - {}
RESULT: {"using":"xpath","value":"//table[contains(@id, \"application-ruinventorylist-display-component---Master--tableRuInventoryList-listUl\")]/tbody/tr[1]/td[6]/div/span"}
COMMAND: POST /session/a4630a367857edf01c9aef3f553c367b/execute/sync - {"script":"<script> [56 bytes]","args":[{"element-6066-11e4-a52e-4f735466cecf":"f.BA980EBE539FC9CF9A2905511121682E.d.2C0ADC3BD7EA4EC41056993EB126FA18.e.1216","ELEMENT":"f.BA980EBE539FC9CF9A2905511121682E.d.2C0ADC3BD7EA4EC41056993EB126FA18.e.1216"}]}
RESULT: {}
RESULT: {"script":"<script> [56 bytes]","args":[{"element-6066-11e4-a52e-4f735466cecf":"f.BA980EBE539FC9CF9A2905511121682E.d.2C0ADC3BD7EA4EC41056993EB126FA18.e.1216","ELEMENT":"f.BA980EBE539FC9CF9A2905511121682E.d.2C0ADC3BD7EA4EC41056993EB126FA18.e.1216"}]}
COMMAND: POST /session/a4630a367857edf01c9aef3f553c367b/element - {"using":"xpath","value":"//div[contains(@id, \"smartFilterBar-btnBasicSearch-reset\")]"}
COMMAND: GET /session/a4630a367857edf01c9aef3f553c367b/screenshot - {}
RESULT: {"using":"xpath","value":"//div[contains(@id, \"smartFilterBar-btnBasicSearch-reset\")]"}
COMMAND: POST /session/a4630a367857edf01c9aef3f553c367b/element/f.BA980EBE539FC9CF9A2905511121682E.d.2C0ADC3BD7EA4EC41056993EB126FA18.e.815/click - {}
RESULT: {}
RESULT: {}
COMMAND: GET /session/a4630a367857edf01c9aef3f553c367b/screenshot - {}
RESULT: {}
RESULT: undefined
COMMAND: POST /session/a4630a367857edf01c9aef3f553c367b/execute/async - {"script":"<script> [776 bytes]","args":[{"enterText":"401002","selector":{"id":"application-ruinventorylist-display-component---Master--smartFilterBar-btnBasicSearch","interaction":{"idSuffix":"I"}},"clearTextFirst":true,"interactionType":"ENTER_TEXT"}]}
RESULT: {"script":"<script> [776 bytes]","args":[{"enterText":"401002","selector":{"id":"application-ruinventorylist-display-component---Master--smartFilterBar-btnBasicSearch","interaction":{"idSuffix":"I"}},"clearTextFirst":true,"interactionType":"ENTER_TEXT"}]}
COMMAND: POST /session/a4630a367857edf01c9aef3f553c367b/actions - {"actions":[{"id":"action6","type":"key","parameters":{},"actions":[{"type":"keyDown","value":"î€‡"},{"type":"pause","duration":10},{"type":"keyUp","value":"î€‡"}]}]}
RESULT: {"actions":[{"id":"action6","type":"key","parameters":{},"actions":[{"type":"keyDown","value":"î€‡"},{"type":"pause","duration":10},{"type":"keyUp","value":"î€‡"}]}]}
COMMAND: GET /session/a4630a367857edf01c9aef3f553c367b/screenshot - {}
RESULT: {}
COMMAND: POST /session/a4630a367857edf01c9aef3f553c367b/element - {"using":"xpath","value":"//span[@id=\"application-ruinventorylist-display-component---Master--smartTableRuInventoryList-header-inner\"]"}
RESULT: {"using":"xpath","value":"//span[@id=\"application-ruinventorylist-display-component---Master--smartTableRuInventoryList-header-inner\"]"}
COMMAND: POST /session/a4630a367857edf01c9aef3f553c367b/elements - {"using":"xpath","value":"//span[@id=\"application-ruinventorylist-display-component---Master--smartTableRuInventoryList-header-inner\"]"}
RESULT: {"using":"xpath","value":"//span[@id=\"application-ruinventorylist-display-component---Master--smartTableRuInventoryList-header-inner\"]"}
COMMAND: POST /session/a4630a367857edf01c9aef3f553c367b/execute/sync - {"script":"<script> [56 bytes]","args":[{"element-6066-11e4-a52e-4f735466cecf":"f.BA980EBE539FC9CF9A2905511121682E.d.2C0ADC3BD7EA4EC41056993EB126FA18.e.798","ELEMENT":"f.BA980EBE539FC9CF9A2905511121682E.d.2C0ADC3BD7EA4EC41056993EB126FA18.e.798"}]}
RESULT: {"script":"<script> [56 bytes]","args":[{"element-6066-11e4-a52e-4f735466cecf":"f.BA980EBE539FC9CF9A2905511121682E.d.2C0ADC3BD7EA4EC41056993EB126FA18.e.798","ELEMENT":"f.BA980EBE539FC9CF9A2905511121682E.d.2C0ADC3BD7EA4EC41056993EB126FA18.e.798"}]}
COMMAND: POST /session/a4630a367857edf01c9aef3f553c367b/element - {"using":"xpath","value":"//table[contains(@id, \"application-ruinventorylist-display-component---Master--tableRuInventoryList-listUl\")]/tbody/tr[1]/td[6]/div/span"}
COMMAND: GET /session/a4630a367857edf01c9aef3f553c367b/screenshot - {}
RESULT: {"using":"xpath","value":"//table[contains(@id, \"application-ruinventorylist-display-component---Master--tableRuInventoryList-listUl\")]/tbody/tr[1]/td[6]/div/span"}
COMMAND: POST /session/a4630a367857edf01c9aef3f553c367b/execute/sync - {"script":"<script> [56 bytes]","args":[{"element-6066-11e4-a52e-4f735466cecf":"f.BA980EBE539FC9CF9A2905511121682E.d.2C0ADC3BD7EA4EC41056993EB126FA18.e.1315","ELEMENT":"f.BA980EBE539FC9CF9A2905511121682E.d.2C0ADC3BD7EA4EC41056993EB126FA18.e.1315"}]}
RESULT: {}
RESULT: {"script":"<script> [56 bytes]","args":[{"element-6066-11e4-a52e-4f735466cecf":"f.BA980EBE539FC9CF9A2905511121682E.d.2C0ADC3BD7EA4EC41056993EB126FA18.e.1315","ELEMENT":"f.BA980EBE539FC9CF9A2905511121682E.d.2C0ADC3BD7EA4EC41056993EB126FA18.e.1315"}]}
COMMAND: POST /session/a4630a367857edf01c9aef3f553c367b/element - {"using":"xpath","value":"//div[contains(@id, \"smartFilterBar-btnBasicSearch-reset\")]"}
COMMAND: GET /session/a4630a367857edf01c9aef3f553c367b/screenshot - {}
RESULT: {"using":"xpath","value":"//div[contains(@id, \"smartFilterBar-btnBasicSearch-reset\")]"}
COMMAND: POST /session/a4630a367857edf01c9aef3f553c367b/element/f.BA980EBE539FC9CF9A2905511121682E.d.2C0ADC3BD7EA4EC41056993EB126FA18.e.815/click - {}
RESULT: {}
RESULT: {}
COMMAND: GET /session/a4630a367857edf01c9aef3f553c367b/screenshot - {}
RESULT: {}
COMMAND: POST /session/a4630a367857edf01c9aef3f553c367b/element/f.BA980EBE539FC9CF9A2905511121682E.d.2C0ADC3BD7EA4EC41056993EB126FA18.e.305/click - {}
RESULT: {}
COMMAND: GET /session/a4630a367857edf01c9aef3f553c367b/screenshot - {}
RESULT: {}
RESULT: undefined
COMMAND: POST /session/a4630a367857edf01c9aef3f553c367b/execute/async - {"script":"<script> [776 bytes]","args":[{"enterText":"600002","selector":{"id":"application-ruinventorylist-display-component---Master--smartFilterBar-btnBasicSearch","interaction":{"idSuffix":"I"}},"clearTextFirst":true,"interactionType":"ENTER_TEXT"}]}
RESULT: {"script":"<script> [776 bytes]","args":[{"enterText":"600002","selector":{"id":"application-ruinventorylist-display-component---Master--smartFilterBar-btnBasicSearch","interaction":{"idSuffix":"I"}},"clearTextFirst":true,"interactionType":"ENTER_TEXT"}]}
COMMAND: POST /session/a4630a367857edf01c9aef3f553c367b/actions - {"actions":[{"id":"action7","type":"key","parameters":{},"actions":[{"type":"keyDown","value":"î€‡"},{"type":"pause","duration":10},{"type":"keyUp","value":"î€‡"}]}]}
RESULT: {"actions":[{"id":"action7","type":"key","parameters":{},"actions":[{"type":"keyDown","value":"î€‡"},{"type":"pause","duration":10},{"type":"keyUp","value":"î€‡"}]}]}
COMMAND: GET /session/a4630a367857edf01c9aef3f553c367b/screenshot - {}
RESULT: {}
COMMAND: POST /session/a4630a367857edf01c9aef3f553c367b/element - {"using":"xpath","value":"//span[@id=\"application-ruinventorylist-display-component---Master--smartTableRuInventoryList-header-inner\"]"}
RESULT: {"using":"xpath","value":"//span[@id=\"application-ruinventorylist-display-component---Master--smartTableRuInventoryList-header-inner\"]"}
COMMAND: POST /session/a4630a367857edf01c9aef3f553c367b/elements - {"using":"xpath","value":"//span[@id=\"application-ruinventorylist-display-component---Master--smartTableRuInventoryList-header-inner\"]"}
RESULT: {"using":"xpath","value":"//span[@id=\"application-ruinventorylist-display-component---Master--smartTableRuInventoryList-header-inner\"]"}
COMMAND: POST /session/a4630a367857edf01c9aef3f553c367b/execute/sync - {"script":"<script> [56 bytes]","args":[{"element-6066-11e4-a52e-4f735466cecf":"f.BA980EBE539FC9CF9A2905511121682E.d.2C0ADC3BD7EA4EC41056993EB126FA18.e.798","ELEMENT":"f.BA980EBE539FC9CF9A2905511121682E.d.2C0ADC3BD7EA4EC41056993EB126FA18.e.798"}]}
RESULT: {"script":"<script> [56 bytes]","args":[{"element-6066-11e4-a52e-4f735466cecf":"f.BA980EBE539FC9CF9A2905511121682E.d.2C0ADC3BD7EA4EC41056993EB126FA18.e.798","ELEMENT":"f.BA980EBE539FC9CF9A2905511121682E.d.2C0ADC3BD7EA4EC41056993EB126FA18.e.798"}]}
COMMAND: POST /session/a4630a367857edf01c9aef3f553c367b/element - {"using":"xpath","value":"//table[contains(@id, \"application-ruinventorylist-display-component---Master--tableRuInventoryList-listUl\")]/tbody/tr[1]/td[2]/div/div"}
COMMAND: GET /session/a4630a367857edf01c9aef3f553c367b/screenshot - {}
RESULT: {"using":"xpath","value":"//table[contains(@id, \"application-ruinventorylist-display-component---Master--tableRuInventoryList-listUl\")]/tbody/tr[1]/td[2]/div/div"}
COMMAND: POST /session/a4630a367857edf01c9aef3f553c367b/element/f.BA980EBE539FC9CF9A2905511121682E.d.2C0ADC3BD7EA4EC41056993EB126FA18.e.1601/click - {}
RESULT: {}
RESULT: {}
COMMAND: GET /session/a4630a367857edf01c9aef3f553c367b/screenshot - {}
RESULT: {}
COMMAND: POST /session/a4630a367857edf01c9aef3f553c367b/element - {"using":"xpath","value":"//div[contains(@id, \"smartFilterBar-btnBasicSearch-reset\")]"}
RESULT: {"using":"xpath","value":"//div[contains(@id, \"smartFilterBar-btnBasicSearch-reset\")]"}
COMMAND: POST /session/a4630a367857edf01c9aef3f553c367b/element/f.BA980EBE539FC9CF9A2905511121682E.d.2C0ADC3BD7EA4EC41056993EB126FA18.e.815/click - {}
RESULT: {}
COMMAND: GET /session/a4630a367857edf01c9aef3f553c367b/screenshot - {}
RESULT: undefined
COMMAND: POST /session/a4630a367857edf01c9aef3f553c367b/execute/async - {"script":"<script> [776 bytes]","args":[{"enterText":"401002","selector":{"id":"application-ruinventorylist-display-component---Master--smartFilterBar-btnBasicSearch","interaction":{"idSuffix":"I"}},"clearTextFirst":true,"interactionType":"ENTER_TEXT"}]}
RESULT: {}
RESULT: {"script":"<script> [776 bytes]","args":[{"enterText":"401002","selector":{"id":"application-ruinventorylist-display-component---Master--smartFilterBar-btnBasicSearch","interaction":{"idSuffix":"I"}},"clearTextFirst":true,"interactionType":"ENTER_TEXT"}]}
COMMAND: POST /session/a4630a367857edf01c9aef3f553c367b/actions - {"actions":[{"id":"action8","type":"key","parameters":{},"actions":[{"type":"keyDown","value":"î€‡"},{"type":"pause","duration":10},{"type":"keyUp","value":"î€‡"}]}]}
RESULT: {"actions":[{"id":"action8","type":"key","parameters":{},"actions":[{"type":"keyDown","value":"î€‡"},{"type":"pause","duration":10},{"type":"keyUp","value":"î€‡"}]}]}
COMMAND: GET /session/a4630a367857edf01c9aef3f553c367b/screenshot - {}
RESULT: {}
COMMAND: POST /session/a4630a367857edf01c9aef3f553c367b/element - {"using":"xpath","value":"//span[@id=\"application-ruinventorylist-display-component---Master--smartTableRuInventoryList-header-inner\"]"}
RESULT: {"using":"xpath","value":"//span[@id=\"application-ruinventorylist-display-component---Master--smartTableRuInventoryList-header-inner\"]"}
COMMAND: POST /session/a4630a367857edf01c9aef3f553c367b/elements - {"using":"xpath","value":"//span[@id=\"application-ruinventorylist-display-component---Master--smartTableRuInventoryList-header-inner\"]"}
RESULT: {"using":"xpath","value":"//span[@id=\"application-ruinventorylist-display-component---Master--smartTableRuInventoryList-header-inner\"]"}
COMMAND: POST /session/a4630a367857edf01c9aef3f553c367b/execute/sync - {"script":"<script> [56 bytes]","args":[{"element-6066-11e4-a52e-4f735466cecf":"f.BA980EBE539FC9CF9A2905511121682E.d.2C0ADC3BD7EA4EC41056993EB126FA18.e.798","ELEMENT":"f.BA980EBE539FC9CF9A2905511121682E.d.2C0ADC3BD7EA4EC41056993EB126FA18.e.798"}]}
RESULT: {"script":"<script> [56 bytes]","args":[{"element-6066-11e4-a52e-4f735466cecf":"f.BA980EBE539FC9CF9A2905511121682E.d.2C0ADC3BD7EA4EC41056993EB126FA18.e.798","ELEMENT":"f.BA980EBE539FC9CF9A2905511121682E.d.2C0ADC3BD7EA4EC41056993EB126FA18.e.798"}]}
COMMAND: POST /session/a4630a367857edf01c9aef3f553c367b/element - {"using":"xpath","value":"//table[contains(@id, \"application-ruinventorylist-display-component---Master--tableRuInventoryList-listUl\")]/tbody/tr[1]/td[2]/div/div"}
COMMAND: GET /session/a4630a367857edf01c9aef3f553c367b/screenshot - {}
RESULT: {"using":"xpath","value":"//table[contains(@id, \"application-ruinventorylist-display-component---Master--tableRuInventoryList-listUl\")]/tbody/tr[1]/td[2]/div/div"}
COMMAND: POST /session/a4630a367857edf01c9aef3f553c367b/element/f.BA980EBE539FC9CF9A2905511121682E.d.2C0ADC3BD7EA4EC41056993EB126FA18.e.1782/click - {}
RESULT: {}
RESULT: {}
COMMAND: GET /session/a4630a367857edf01c9aef3f553c367b/screenshot - {}
RESULT: {}
COMMAND: POST /session/a4630a367857edf01c9aef3f553c367b/element - {"using":"xpath","value":"//div[contains(@id, \"smartFilterBar-btnBasicSearch-reset\")]"}
RESULT: {"using":"xpath","value":"//div[contains(@id, \"smartFilterBar-btnBasicSearch-reset\")]"}
COMMAND: POST /session/a4630a367857edf01c9aef3f553c367b/element/f.BA980EBE539FC9CF9A2905511121682E.d.2C0ADC3BD7EA4EC41056993EB126FA18.e.815/click - {}
RESULT: {}
COMMAND: GET /session/a4630a367857edf01c9aef3f553c367b/screenshot - {}
RESULT: {}
COMMAND: POST /session/a4630a367857edf01c9aef3f553c367b/element/f.BA980EBE539FC9CF9A2905511121682E.d.2C0ADC3BD7EA4EC41056993EB126FA18.e.305/click - {}
RESULT: {}
COMMAND: GET /session/a4630a367857edf01c9aef3f553c367b/screenshot - {}
RESULT: {}
RESULT: undefined
COMMAND: POST /session/a4630a367857edf01c9aef3f553c367b/element - {"using":"xpath","value":"//*[@id=\"application-ruinventorylist-display-component---Master--ruStateTypes-arrow\"]"}
RESULT: {"using":"xpath","value":"//*[@id=\"application-ruinventorylist-display-component---Master--ruStateTypes-arrow\"]"}
COMMAND: POST /session/a4630a367857edf01c9aef3f553c367b/element/f.BA980EBE539FC9CF9A2905511121682E.d.2C0ADC3BD7EA4EC41056993EB126FA18.e.1975/click - {}
RESULT: {}
COMMAND: GET /session/a4630a367857edf01c9aef3f553c367b/screenshot - {}
RESULT: {}
COMMAND: POST /session/a4630a367857edf01c9aef3f553c367b/element - {"using":"xpath","value":"//li[.//span[text()=\"available\"]]"}
RESULT: {"using":"xpath","value":"//li[.//span[text()=\"available\"]]"}
COMMAND: POST /session/a4630a367857edf01c9aef3f553c367b/element/f.BA980EBE539FC9CF9A2905511121682E.d.2C0ADC3BD7EA4EC41056993EB126FA18.e.1976/click - {}
RESULT: {}
COMMAND: GET /session/a4630a367857edf01c9aef3f553c367b/screenshot - {}
RESULT: {}
COMMAND: POST /session/a4630a367857edf01c9aef3f553c367b/element - {"using":"xpath","value":"(//bdi[contains(text(), \"OK\")])[1]"}
RESULT: {"using":"xpath","value":"(//bdi[contains(text(), \"OK\")])[1]"}
COMMAND: POST /session/a4630a367857edf01c9aef3f553c367b/element/f.BA980EBE539FC9CF9A2905511121682E.d.2C0ADC3BD7EA4EC41056993EB126FA18.e.1977/click - {}
RESULT: {}
COMMAND: GET /session/a4630a367857edf01c9aef3f553c367b/screenshot - {}
RESULT: {}
COMMAND: POST /session/a4630a367857edf01c9aef3f553c367b/element - {"using":"xpath","value":"(//bdi[contains(text(), \"OK\")])[2]"}
RESULT: {"using":"xpath","value":"(//bdi[contains(text(), \"OK\")])[2]"}
COMMAND: POST /session/a4630a367857edf01c9aef3f553c367b/element/f.BA980EBE539FC9CF9A2905511121682E.d.2C0ADC3BD7EA4EC41056993EB126FA18.e.1981/click - {}
RESULT: {}
COMMAND: GET /session/a4630a367857edf01c9aef3f553c367b/screenshot - {}
RESULT: {}
RESULT: undefined
COMMAND: POST /session/a4630a367857edf01c9aef3f553c367b/execute/async - {"script":"<script> [776 bytes]","args":[{"enterText":"600002","selector":{"id":"application-ruinventorylist-display-component---Master--smartFilterBar-btnBasicSearch","interaction":{"idSuffix":"I"}},"clearTextFirst":true,"interactionType":"ENTER_TEXT"}]}
RESULT: {"script":"<script> [776 bytes]","args":[{"enterText":"600002","selector":{"id":"application-ruinventorylist-display-component---Master--smartFilterBar-btnBasicSearch","interaction":{"idSuffix":"I"}},"clearTextFirst":true,"interactionType":"ENTER_TEXT"}]}
COMMAND: POST /session/a4630a367857edf01c9aef3f553c367b/actions - {"actions":[{"id":"action9","type":"key","parameters":{},"actions":[{"type":"keyDown","value":"î€‡"},{"type":"pause","duration":10},{"type":"keyUp","value":"î€‡"}]}]}
RESULT: {"actions":[{"id":"action9","type":"key","parameters":{},"actions":[{"type":"keyDown","value":"î€‡"},{"type":"pause","duration":10},{"type":"keyUp","value":"î€‡"}]}]}
COMMAND: GET /session/a4630a367857edf01c9aef3f553c367b/screenshot - {}
RESULT: {}
COMMAND: POST /session/a4630a367857edf01c9aef3f553c367b/element - {"using":"xpath","value":"//span[@id=\"application-ruinventorylist-display-component---Master--smartTableRuInventoryList-header-inner\"]"}
RESULT: {"using":"xpath","value":"//span[@id=\"application-ruinventorylist-display-component---Master--smartTableRuInventoryList-header-inner\"]"}
COMMAND: POST /session/a4630a367857edf01c9aef3f553c367b/elements - {"using":"xpath","value":"//span[@id=\"application-ruinventorylist-display-component---Master--smartTableRuInventoryList-header-inner\"]"}
RESULT: {"using":"xpath","value":"//span[@id=\"application-ruinventorylist-display-component---Master--smartTableRuInventoryList-header-inner\"]"}
COMMAND: POST /session/a4630a367857edf01c9aef3f553c367b/execute/sync - {"script":"<script> [56 bytes]","args":[{"element-6066-11e4-a52e-4f735466cecf":"f.BA980EBE539FC9CF9A2905511121682E.d.2C0ADC3BD7EA4EC41056993EB126FA18.e.798","ELEMENT":"f.BA980EBE539FC9CF9A2905511121682E.d.2C0ADC3BD7EA4EC41056993EB126FA18.e.798"}]}
RESULT: {"script":"<script> [56 bytes]","args":[{"element-6066-11e4-a52e-4f735466cecf":"f.BA980EBE539FC9CF9A2905511121682E.d.2C0ADC3BD7EA4EC41056993EB126FA18.e.798","ELEMENT":"f.BA980EBE539FC9CF9A2905511121682E.d.2C0ADC3BD7EA4EC41056993EB126FA18.e.798"}]}
COMMAND: POST /session/a4630a367857edf01c9aef3f553c367b/element - {"using":"xpath","value":"//table[contains(@id, \"application-ruinventorylist-display-component---Master--tableRuInventoryList-listUl\")]/tbody/tr[1]/td[6]/div/span"}
COMMAND: GET /session/a4630a367857edf01c9aef3f553c367b/screenshot - {}
RESULT: {"using":"xpath","value":"//table[contains(@id, \"application-ruinventorylist-display-component---Master--tableRuInventoryList-listUl\")]/tbody/tr[1]/td[6]/div/span"}
COMMAND: POST /session/a4630a367857edf01c9aef3f553c367b/execute/sync - {"script":"<script> [56 bytes]","args":[{"element-6066-11e4-a52e-4f735466cecf":"f.BA980EBE539FC9CF9A2905511121682E.d.2C0ADC3BD7EA4EC41056993EB126FA18.e.2003","ELEMENT":"f.BA980EBE539FC9CF9A2905511121682E.d.2C0ADC3BD7EA4EC41056993EB126FA18.e.2003"}]}
RESULT: {}
RESULT: {"script":"<script> [56 bytes]","args":[{"element-6066-11e4-a52e-4f735466cecf":"f.BA980EBE539FC9CF9A2905511121682E.d.2C0ADC3BD7EA4EC41056993EB126FA18.e.2003","ELEMENT":"f.BA980EBE539FC9CF9A2905511121682E.d.2C0ADC3BD7EA4EC41056993EB126FA18.e.2003"}]}
COMMAND: POST /session/a4630a367857edf01c9aef3f553c367b/element - {"using":"xpath","value":"//div[contains(@id, \"smartFilterBar-btnBasicSearch-reset\")]"}
COMMAND: GET /session/a4630a367857edf01c9aef3f553c367b/screenshot - {}
RESULT: {"using":"xpath","value":"//div[contains(@id, \"smartFilterBar-btnBasicSearch-reset\")]"}
COMMAND: POST /session/a4630a367857edf01c9aef3f553c367b/element/f.BA980EBE539FC9CF9A2905511121682E.d.2C0ADC3BD7EA4EC41056993EB126FA18.e.815/click - {}
RESULT: {}
RESULT: {}
COMMAND: GET /session/a4630a367857edf01c9aef3f553c367b/screenshot - {}
RESULT: {}
RESULT: undefined
COMMAND: POST /session/a4630a367857edf01c9aef3f553c367b/execute/async - {"script":"<script> [776 bytes]","args":[{"enterText":"401002","selector":{"id":"application-ruinventorylist-display-component---Master--smartFilterBar-btnBasicSearch","interaction":{"idSuffix":"I"}},"clearTextFirst":true,"interactionType":"ENTER_TEXT"}]}
RESULT: {"script":"<script> [776 bytes]","args":[{"enterText":"401002","selector":{"id":"application-ruinventorylist-display-component---Master--smartFilterBar-btnBasicSearch","interaction":{"idSuffix":"I"}},"clearTextFirst":true,"interactionType":"ENTER_TEXT"}]}
COMMAND: POST /session/a4630a367857edf01c9aef3f553c367b/actions - {"actions":[{"id":"action10","type":"key","parameters":{},"actions":[{"type":"keyDown","value":"î€‡"},{"type":"pause","duration":10},{"type":"keyUp","value":"î€‡"}]}]}
RESULT: {"actions":[{"id":"action10","type":"key","parameters":{},"actions":[{"type":"keyDown","value":"î€‡"},{"type":"pause","duration":10},{"type":"keyUp","value":"î€‡"}]}]}
COMMAND: GET /session/a4630a367857edf01c9aef3f553c367b/screenshot - {}
RESULT: {}
COMMAND: POST /session/a4630a367857edf01c9aef3f553c367b/element - {"using":"xpath","value":"//span[@id=\"application-ruinventorylist-display-component---Master--smartTableRuInventoryList-header-inner\"]"}
RESULT: {"using":"xpath","value":"//span[@id=\"application-ruinventorylist-display-component---Master--smartTableRuInventoryList-header-inner\"]"}
COMMAND: POST /session/a4630a367857edf01c9aef3f553c367b/elements - {"using":"xpath","value":"//span[@id=\"application-ruinventorylist-display-component---Master--smartTableRuInventoryList-header-inner\"]"}
RESULT: {"using":"xpath","value":"//span[@id=\"application-ruinventorylist-display-component---Master--smartTableRuInventoryList-header-inner\"]"}
COMMAND: POST /session/a4630a367857edf01c9aef3f553c367b/execute/sync - {"script":"<script> [56 bytes]","args":[{"element-6066-11e4-a52e-4f735466cecf":"f.BA980EBE539FC9CF9A2905511121682E.d.2C0ADC3BD7EA4EC41056993EB126FA18.e.798","ELEMENT":"f.BA980EBE539FC9CF9A2905511121682E.d.2C0ADC3BD7EA4EC41056993EB126FA18.e.798"}]}
RESULT: {"script":"<script> [56 bytes]","args":[{"element-6066-11e4-a52e-4f735466cecf":"f.BA980EBE539FC9CF9A2905511121682E.d.2C0ADC3BD7EA4EC41056993EB126FA18.e.798","ELEMENT":"f.BA980EBE539FC9CF9A2905511121682E.d.2C0ADC3BD7EA4EC41056993EB126FA18.e.798"}]}
COMMAND: POST /session/a4630a367857edf01c9aef3f553c367b/element - {"using":"xpath","value":"//table[contains(@id, \"application-ruinventorylist-display-component---Master--tableRuInventoryList-listUl\")]/tbody/tr[1]/td[6]/div/span"}
COMMAND: GET /session/a4630a367857edf01c9aef3f553c367b/screenshot - {}
RESULT: {"using":"xpath","value":"//table[contains(@id, \"application-ruinventorylist-display-component---Master--tableRuInventoryList-listUl\")]/tbody/tr[1]/td[6]/div/span"}
COMMAND: POST /session/a4630a367857edf01c9aef3f553c367b/execute/sync - {"script":"<script> [56 bytes]","args":[{"element-6066-11e4-a52e-4f735466cecf":"f.BA980EBE539FC9CF9A2905511121682E.d.2C0ADC3BD7EA4EC41056993EB126FA18.e.2104","ELEMENT":"f.BA980EBE539FC9CF9A2905511121682E.d.2C0ADC3BD7EA4EC41056993EB126FA18.e.2104"}]}
RESULT: {}
RESULT: {"script":"<script> [56 bytes]","args":[{"element-6066-11e4-a52e-4f735466cecf":"f.BA980EBE539FC9CF9A2905511121682E.d.2C0ADC3BD7EA4EC41056993EB126FA18.e.2104","ELEMENT":"f.BA980EBE539FC9CF9A2905511121682E.d.2C0ADC3BD7EA4EC41056993EB126FA18.e.2104"}]}
COMMAND: POST /session/a4630a367857edf01c9aef3f553c367b/element - {"using":"xpath","value":"//div[contains(@id, \"smartFilterBar-btnBasicSearch-reset\")]"}
COMMAND: GET /session/a4630a367857edf01c9aef3f553c367b/screenshot - {}
RESULT: {"using":"xpath","value":"//div[contains(@id, \"smartFilterBar-btnBasicSearch-reset\")]"}
COMMAND: POST /session/a4630a367857edf01c9aef3f553c367b/element/f.BA980EBE539FC9CF9A2905511121682E.d.2C0ADC3BD7EA4EC41056993EB126FA18.e.815/click - {}
RESULT: {}
RESULT: {}
COMMAND: GET /session/a4630a367857edf01c9aef3f553c367b/screenshot - {}
RESULT: {}
COMMAND: POST /session/a4630a367857edf01c9aef3f553c367b/element - {"using":"css selector","value":"#shell-header-logo"}
RESULT: {"using":"css selector","value":"#shell-header-logo"}
COMMAND: POST /session/a4630a367857edf01c9aef3f553c367b/element/f.BA980EBE539FC9CF9A2905511121682E.d.2C0ADC3BD7EA4EC41056993EB126FA18.e.273/click - {}
RESULT: {}
COMMAND: GET /session/a4630a367857edf01c9aef3f553c367b/screenshot - {}
RESULT: {}
]]></system-out>
    </testcase>
    <testcase classname="chrome.135_0_7049_96.windows.RU_Inventory_Mass_State_Change_Multiple_Items_US151066" name="Prerequisite Step 2 Should create a new equipment" time="152.182">
      <system-out><![CDATA[
COMMAND: POST /session/a4630a367857edf01c9aef3f553c367b/execute/async - {"script":"<script> [1562 bytes]","args":[{"selector":{"controlType":"sap.m.GenericTile","properties":{"header":"Manage Resources"}},"wdio_ui5_key":"sapm.GenericTile{\"header\":\"Manage Resources\"}"}]}
RESULT: {"script":"<script> [1562 bytes]","args":[{"selector":{"controlType":"sap.m.GenericTile","properties":{"header":"Manage Resources"}},"wdio_ui5_key":"sapm.GenericTile{\"header\":\"Manage Resources\"}"}]}
RESULT: undefined
COMMAND: POST /session/a4630a367857edf01c9aef3f553c367b/element - {"using":"xpath","value":"//*[@id=\"__tile39\"]"}
RESULT: {"using":"xpath","value":"//*[@id=\"__tile39\"]"}
COMMAND: POST /session/a4630a367857edf01c9aef3f553c367b/element/f.BA980EBE539FC9CF9A2905511121682E.d.2C0ADC3BD7EA4EC41056993EB126FA18.e.162/click - {}
RESULT: {}
COMMAND: POST /session/a4630a367857edf01c9aef3f553c367b/element - {"using":"xpath","value":"//button[@data-kt=\"addNewRUOverflowToolbarButton\"]"}
COMMAND: GET /session/a4630a367857edf01c9aef3f553c367b/screenshot - {}
RESULT: {"using":"xpath","value":"//button[@data-kt=\"addNewRUOverflowToolbarButton\"]"}
COMMAND: POST /session/a4630a367857edf01c9aef3f553c367b/elements - {"using":"xpath","value":"//button[@data-kt=\"addNewRUOverflowToolbarButton\"]"}
RESULT: {}
RESULT: {"using":"xpath","value":"//button[@data-kt=\"addNewRUOverflowToolbarButton\"]"}
COMMAND: POST /session/a4630a367857edf01c9aef3f553c367b/elements - {"using":"xpath","value":"//button[@data-kt=\"addNewRUOverflowToolbarButton\"]"}
RESULT: {"using":"xpath","value":"//button[@data-kt=\"addNewRUOverflowToolbarButton\"]"}
COMMAND: POST /session/a4630a367857edf01c9aef3f553c367b/elements - {"using":"xpath","value":"//button[@data-kt=\"addNewRUOverflowToolbarButton\"]"}
RESULT: {"using":"xpath","value":"//button[@data-kt=\"addNewRUOverflowToolbarButton\"]"}
COMMAND: POST /session/a4630a367857edf01c9aef3f553c367b/elements - {"using":"xpath","value":"//button[@data-kt=\"addNewRUOverflowToolbarButton\"]"}
RESULT: {"using":"xpath","value":"//button[@data-kt=\"addNewRUOverflowToolbarButton\"]"}
COMMAND: POST /session/a4630a367857edf01c9aef3f553c367b/elements - {"using":"xpath","value":"//button[@data-kt=\"addNewRUOverflowToolbarButton\"]"}
RESULT: {"using":"xpath","value":"//button[@data-kt=\"addNewRUOverflowToolbarButton\"]"}
COMMAND: POST /session/a4630a367857edf01c9aef3f553c367b/element - {"using":"xpath","value":"//button[@data-kt=\"addNewRUOverflowToolbarButton\"]"}
RESULT: {"using":"xpath","value":"//button[@data-kt=\"addNewRUOverflowToolbarButton\"]"}
COMMAND: POST /session/a4630a367857edf01c9aef3f553c367b/execute/sync - {"script":"<script> [8489 bytes]","args":[{"element-6066-11e4-a52e-4f735466cecf":"f.BA980EBE539FC9CF9A2905511121682E.d.2C0ADC3BD7EA4EC41056993EB126FA18.e.2234","ELEMENT":"f.BA980EBE539FC9CF9A2905511121682E.d.2C0ADC3BD7EA4EC41056993EB126FA18.e.2234"}]}
RESULT: {"script":"<script> [8489 bytes]","args":[{"element-6066-11e4-a52e-4f735466cecf":"f.BA980EBE539FC9CF9A2905511121682E.d.2C0ADC3BD7EA4EC41056993EB126FA18.e.2234","ELEMENT":"f.BA980EBE539FC9CF9A2905511121682E.d.2C0ADC3BD7EA4EC41056993EB126FA18.e.2234"}]}
COMMAND: GET /session/a4630a367857edf01c9aef3f553c367b/element/f.BA980EBE539FC9CF9A2905511121682E.d.2C0ADC3BD7EA4EC41056993EB126FA18.e.2234/enabled - {}
COMMAND: GET /session/a4630a367857edf01c9aef3f553c367b/screenshot - {}
RESULT: {}
COMMAND: POST /session/a4630a367857edf01c9aef3f553c367b/execute/sync - {"script":"<script> [8489 bytes]","args":[{"element-6066-11e4-a52e-4f735466cecf":"f.BA980EBE539FC9CF9A2905511121682E.d.2C0ADC3BD7EA4EC41056993EB126FA18.e.2234","ELEMENT":"f.BA980EBE539FC9CF9A2905511121682E.d.2C0ADC3BD7EA4EC41056993EB126FA18.e.2234"}]}
COMMAND: GET /session/a4630a367857edf01c9aef3f553c367b/screenshot - {}
RESULT: {}
RESULT: {"script":"<script> [8489 bytes]","args":[{"element-6066-11e4-a52e-4f735466cecf":"f.BA980EBE539FC9CF9A2905511121682E.d.2C0ADC3BD7EA4EC41056993EB126FA18.e.2234","ELEMENT":"f.BA980EBE539FC9CF9A2905511121682E.d.2C0ADC3BD7EA4EC41056993EB126FA18.e.2234"}]}
COMMAND: POST /session/a4630a367857edf01c9aef3f553c367b/execute/sync - {"script":"<script> [5351 bytes]","args":[{"element-6066-11e4-a52e-4f735466cecf":"f.BA980EBE539FC9CF9A2905511121682E.d.2C0ADC3BD7EA4EC41056993EB126FA18.e.2234","ELEMENT":"f.BA980EBE539FC9CF9A2905511121682E.d.2C0ADC3BD7EA4EC41056993EB126FA18.e.2234"}]}
COMMAND: GET /session/a4630a367857edf01c9aef3f553c367b/screenshot - {}
RESULT: {}
RESULT: {"script":"<script> [5351 bytes]","args":[{"element-6066-11e4-a52e-4f735466cecf":"f.BA980EBE539FC9CF9A2905511121682E.d.2C0ADC3BD7EA4EC41056993EB126FA18.e.2234","ELEMENT":"f.BA980EBE539FC9CF9A2905511121682E.d.2C0ADC3BD7EA4EC41056993EB126FA18.e.2234"}]}
COMMAND: POST /session/a4630a367857edf01c9aef3f553c367b/element/f.BA980EBE539FC9CF9A2905511121682E.d.2C0ADC3BD7EA4EC41056993EB126FA18.e.2234/click - {}
COMMAND: GET /session/a4630a367857edf01c9aef3f553c367b/screenshot - {}
RESULT: {}
RESULT: {}
COMMAND: GET /session/a4630a367857edf01c9aef3f553c367b/screenshot - {}
RESULT: {}
RESULT: {}
COMMAND: POST /session/a4630a367857edf01c9aef3f553c367b/execute/async - {"script":"<script> [1562 bytes]","args":[{"selector":{"id":"application-manageresources-display-component---newResourceUnit--TYPE-arrow"},"wdio_ui5_key":"applicationmanageresources-display-component---newResourceUnit--TYPE-arrow"}]}
RESULT: {"script":"<script> [1562 bytes]","args":[{"selector":{"id":"application-manageresources-display-component---newResourceUnit--TYPE-arrow"},"wdio_ui5_key":"applicationmanageresources-display-component---newResourceUnit--TYPE-arrow"}]}
RESULT: undefined
COMMAND: POST /session/a4630a367857edf01c9aef3f553c367b/element - {"using":"xpath","value":"//*[@id=\"application-manageresources-display-component---newResourceUnit--TYPE-arrow\"]"}
RESULT: {"using":"xpath","value":"//*[@id=\"application-manageresources-display-component---newResourceUnit--TYPE-arrow\"]"}
COMMAND: POST /session/a4630a367857edf01c9aef3f553c367b/element/f.BA980EBE539FC9CF9A2905511121682E.d.2C0ADC3BD7EA4EC41056993EB126FA18.e.2586/click - {}
RESULT: {}
COMMAND: POST /session/a4630a367857edf01c9aef3f553c367b/element - {"using":"xpath","value":"//input[@id=\"application-manageresources-display-component---newResourceUnit--TYPE-inner\"]"}
COMMAND: GET /session/a4630a367857edf01c9aef3f553c367b/screenshot - {}
RESULT: {"using":"xpath","value":"//input[@id=\"application-manageresources-display-component---newResourceUnit--TYPE-inner\"]"}
COMMAND: POST /session/a4630a367857edf01c9aef3f553c367b/element/f.BA980EBE539FC9CF9A2905511121682E.d.2C0ADC3BD7EA4EC41056993EB126FA18.e.2574/clear - {}
RESULT: {}
RESULT: {}
COMMAND: POST /session/a4630a367857edf01c9aef3f553c367b/element/f.BA980EBE539FC9CF9A2905511121682E.d.2C0ADC3BD7EA4EC41056993EB126FA18.e.2574/value - {"text":"Equipment"}
COMMAND: GET /session/a4630a367857edf01c9aef3f553c367b/screenshot - {}
RESULT: {"text":"Equipment"}
COMMAND: GET /session/a4630a367857edf01c9aef3f553c367b/screenshot - {}
RESULT: {}
RESULT: {}
COMMAND: POST /session/a4630a367857edf01c9aef3f553c367b/actions - {"actions":[{"id":"action11","type":"key","parameters":{},"actions":[{"type":"keyDown","value":"î€‡"},{"type":"pause","duration":10},{"type":"keyUp","value":"î€‡"}]}]}
RESULT: {"actions":[{"id":"action11","type":"key","parameters":{},"actions":[{"type":"keyDown","value":"î€‡"},{"type":"pause","duration":10},{"type":"keyUp","value":"î€‡"}]}]}
COMMAND: POST /session/a4630a367857edf01c9aef3f553c367b/execute/async - {"script":"<script> [1562 bytes]","args":[{"selector":{"id":"application-manageresources-display-component---newResourceUnit--resourceId","interaction":{"idSuffix":"inner"}},"wdio_ui5_key":"applicationmanageresources-display-component---newResourceUnit--resourceId"}]}
COMMAND: GET /session/a4630a367857edf01c9aef3f553c367b/screenshot - {}
RESULT: {"script":"<script> [1562 bytes]","args":[{"selector":{"id":"application-manageresources-display-component---newResourceUnit--resourceId","interaction":{"idSuffix":"inner"}},"wdio_ui5_key":"applicationmanageresources-display-component---newResourceUnit--resourceId"}]}
RESULT: undefined
COMMAND: POST /session/a4630a367857edf01c9aef3f553c367b/execute/async - {"script":"<script> [776 bytes]","args":[{"enterText":"Ip7767oB5R","selector":{"id":"application-manageresources-display-component---newResourceUnit--resourceId","interaction":{"idSuffix":"inner"}},"clearTextFirst":true,"interactionType":"ENTER_TEXT"}]}
RESULT: {}
RESULT: {"script":"<script> [776 bytes]","args":[{"enterText":"Ip7767oB5R","selector":{"id":"application-manageresources-display-component---newResourceUnit--resourceId","interaction":{"idSuffix":"inner"}},"clearTextFirst":true,"interactionType":"ENTER_TEXT"}]}
COMMAND: POST /session/a4630a367857edf01c9aef3f553c367b/execute/async - {"script":"<script> [1562 bytes]","args":[{"selector":{"id":"application-manageresources-display-component---newResourceUnit--SHORT_TEXT","interaction":{"idSuffix":"inner"}},"wdio_ui5_key":"applicationmanageresources-display-component---newResourceUnit--SHORT_TEXT"}]}
RESULT: {"script":"<script> [1562 bytes]","args":[{"selector":{"id":"application-manageresources-display-component---newResourceUnit--SHORT_TEXT","interaction":{"idSuffix":"inner"}},"wdio_ui5_key":"applicationmanageresources-display-component---newResourceUnit--SHORT_TEXT"}]}
RESULT: undefined
COMMAND: POST /session/a4630a367857edf01c9aef3f553c367b/execute/async - {"script":"<script> [776 bytes]","args":[{"enterText":"Intercompany Equipment WDIO","selector":{"id":"application-manageresources-display-component---newResourceUnit--SHORT_TEXT","interaction":{"idSuffix":"inner"}},"clearTextFirst":true,"interactionType":"ENTER_TEXT"}]}
RESULT: {"script":"<script> [776 bytes]","args":[{"enterText":"Intercompany Equipment WDIO","selector":{"id":"application-manageresources-display-component---newResourceUnit--SHORT_TEXT","interaction":{"idSuffix":"inner"}},"clearTextFirst":true,"interactionType":"ENTER_TEXT"}]}
COMMAND: POST /session/a4630a367857edf01c9aef3f553c367b/execute/async - {"script":"<script> [1562 bytes]","args":[{"selector":{"id":"application-manageresources-display-component---newResourceUnit--BASE_UNIT_OF_MEASURE","interaction":{"idSuffix":"inner"}},"wdio_ui5_key":"applicationmanageresources-display-component---newResourceUnit--BASE_UNIT_OF_MEASURE"}]}
RESULT: {"script":"<script> [1562 bytes]","args":[{"selector":{"id":"application-manageresources-display-component---newResourceUnit--BASE_UNIT_OF_MEASURE","interaction":{"idSuffix":"inner"}},"wdio_ui5_key":"applicationmanageresources-display-component---newResourceUnit--BASE_UNIT_OF_MEASURE"}]}
RESULT: undefined
COMMAND: POST /session/a4630a367857edf01c9aef3f553c367b/execute/async - {"script":"<script> [776 bytes]","args":[{"enterText":"Piece","selector":{"id":"application-manageresources-display-component---newResourceUnit--BASE_UNIT_OF_MEASURE","interaction":{"idSuffix":"inner"}},"clearTextFirst":true,"interactionType":"ENTER_TEXT"}]}
RESULT: {"script":"<script> [776 bytes]","args":[{"enterText":"Piece","selector":{"id":"application-manageresources-display-component---newResourceUnit--BASE_UNIT_OF_MEASURE","interaction":{"idSuffix":"inner"}},"clearTextFirst":true,"interactionType":"ENTER_TEXT"}]}
COMMAND: POST /session/a4630a367857edf01c9aef3f553c367b/execute/async - {"script":"<script> [1562 bytes]","args":[{"selector":{"id":"application-manageresources-display-component---newResourceUnit--WEIGHT_UNIT","interaction":{"idSuffix":"inner"}},"wdio_ui5_key":"applicationmanageresources-display-component---newResourceUnit--WEIGHT_UNIT"}]}
RESULT: {"script":"<script> [1562 bytes]","args":[{"selector":{"id":"application-manageresources-display-component---newResourceUnit--WEIGHT_UNIT","interaction":{"idSuffix":"inner"}},"wdio_ui5_key":"applicationmanageresources-display-component---newResourceUnit--WEIGHT_UNIT"}]}
RESULT: undefined
COMMAND: POST /session/a4630a367857edf01c9aef3f553c367b/execute/async - {"script":"<script> [776 bytes]","args":[{"enterText":"Gram","selector":{"id":"application-manageresources-display-component---newResourceUnit--WEIGHT_UNIT","interaction":{"idSuffix":"inner"}},"clearTextFirst":true,"interactionType":"ENTER_TEXT"}]}
RESULT: {"script":"<script> [776 bytes]","args":[{"enterText":"Gram","selector":{"id":"application-manageresources-display-component---newResourceUnit--WEIGHT_UNIT","interaction":{"idSuffix":"inner"}},"clearTextFirst":true,"interactionType":"ENTER_TEXT"}]}
COMMAND: POST /session/a4630a367857edf01c9aef3f553c367b/execute/async - {"script":"<script> [1562 bytes]","args":[{"selector":{"id":"application-manageresources-display-component---newResourceUnit--DIMENSION_UNIT","interaction":{"idSuffix":"inner"}},"wdio_ui5_key":"applicationmanageresources-display-component---newResourceUnit--DIMENSION_UNIT"}]}
RESULT: {"script":"<script> [1562 bytes]","args":[{"selector":{"id":"application-manageresources-display-component---newResourceUnit--DIMENSION_UNIT","interaction":{"idSuffix":"inner"}},"wdio_ui5_key":"applicationmanageresources-display-component---newResourceUnit--DIMENSION_UNIT"}]}
RESULT: undefined
COMMAND: POST /session/a4630a367857edf01c9aef3f553c367b/execute/async - {"script":"<script> [776 bytes]","args":[{"enterText":"Meter","selector":{"id":"application-manageresources-display-component---newResourceUnit--DIMENSION_UNIT","interaction":{"idSuffix":"inner"}},"clearTextFirst":true,"interactionType":"ENTER_TEXT"}]}
RESULT: {"script":"<script> [776 bytes]","args":[{"enterText":"Meter","selector":{"id":"application-manageresources-display-component---newResourceUnit--DIMENSION_UNIT","interaction":{"idSuffix":"inner"}},"clearTextFirst":true,"interactionType":"ENTER_TEXT"}]}
COMMAND: POST /session/a4630a367857edf01c9aef3f553c367b/execute/async - {"script":"<script> [1562 bytes]","args":[{"selector":{"id":"application-manageresources-display-component---newResourceUnit--newRRUPage-anchBar-application-manageresources-display-component---newResourceUnit--control-anchor","interaction":{"idSuffix":"BDI-content"}},"wdio_ui5_key":"applicationmanageresources-display-component---newResourceUnit--newRRUPage-anchBar-application-manageresources-display-component---newResourceUnit--control-anchor"}]}
RESULT: {"script":"<script> [1562 bytes]","args":[{"selector":{"id":"application-manageresources-display-component---newResourceUnit--newRRUPage-anchBar-application-manageresources-display-component---newResourceUnit--control-anchor","interaction":{"idSuffix":"BDI-content"}},"wdio_ui5_key":"applicationmanageresources-display-component---newResourceUnit--newRRUPage-anchBar-application-manageresources-display-component---newResourceUnit--control-anchor"}]}
RESULT: undefined
COMMAND: POST /session/a4630a367857edf01c9aef3f553c367b/element - {"using":"xpath","value":"//*[@id=\"application-manageresources-display-component---newResourceUnit--newRRUPage-anchBar-application-manageresources-display-component---newResourceUnit--control-anchor\"]"}
RESULT: {"using":"xpath","value":"//*[@id=\"application-manageresources-display-component---newResourceUnit--newRRUPage-anchBar-application-manageresources-display-component---newResourceUnit--control-anchor\"]"}
COMMAND: POST /session/a4630a367857edf01c9aef3f553c367b/element/f.BA980EBE539FC9CF9A2905511121682E.d.2C0ADC3BD7EA4EC41056993EB126FA18.e.2721/click - {}
RESULT: {}
COMMAND: POST /session/a4630a367857edf01c9aef3f553c367b/execute/async - {"script":"<script> [1562 bytes]","args":[{"selector":{"id":"application-manageresources-display-component---newResourceUnit--PLANNING_GROUP","interaction":{"idSuffix":"inner"}},"wdio_ui5_key":"applicationmanageresources-display-component---newResourceUnit--PLANNING_GROUP"}]}
COMMAND: GET /session/a4630a367857edf01c9aef3f553c367b/screenshot - {}
RESULT: {"script":"<script> [1562 bytes]","args":[{"selector":{"id":"application-manageresources-display-component---newResourceUnit--PLANNING_GROUP","interaction":{"idSuffix":"inner"}},"wdio_ui5_key":"applicationmanageresources-display-component---newResourceUnit--PLANNING_GROUP"}]}
RESULT: undefined
COMMAND: POST /session/a4630a367857edf01c9aef3f553c367b/execute/async - {"script":"<script> [776 bytes]","args":[{"enterText":"Heavy Equi","selector":{"id":"application-manageresources-display-component---newResourceUnit--PLANNING_GROUP","interaction":{"idSuffix":"inner"}},"clearTextFirst":true,"interactionType":"ENTER_TEXT"}]}
RESULT: {}
RESULT: {"script":"<script> [776 bytes]","args":[{"enterText":"Heavy Equi","selector":{"id":"application-manageresources-display-component---newResourceUnit--PLANNING_GROUP","interaction":{"idSuffix":"inner"}},"clearTextFirst":true,"interactionType":"ENTER_TEXT"}]}
COMMAND: POST /session/a4630a367857edf01c9aef3f553c367b/execute/async - {"script":"<script> [1562 bytes]","args":[{"selector":{"id":"application-manageresources-display-component---newResourceUnit--ITEM_TYPE-arrow"},"wdio_ui5_key":"applicationmanageresources-display-component---newResourceUnit--ITEM_TYPE-arrow"}]}
RESULT: {"script":"<script> [1562 bytes]","args":[{"selector":{"id":"application-manageresources-display-component---newResourceUnit--ITEM_TYPE-arrow"},"wdio_ui5_key":"applicationmanageresources-display-component---newResourceUnit--ITEM_TYPE-arrow"}]}
RESULT: undefined
COMMAND: POST /session/a4630a367857edf01c9aef3f553c367b/element - {"using":"xpath","value":"//*[@id=\"application-manageresources-display-component---newResourceUnit--ITEM_TYPE-arrow\"]"}
RESULT: {"using":"xpath","value":"//*[@id=\"application-manageresources-display-component---newResourceUnit--ITEM_TYPE-arrow\"]"}
COMMAND: POST /session/a4630a367857edf01c9aef3f553c367b/element/f.BA980EBE539FC9CF9A2905511121682E.d.2C0ADC3BD7EA4EC41056993EB126FA18.e.2730/click - {}
RESULT: {}
COMMAND: POST /session/a4630a367857edf01c9aef3f553c367b/element - {"using":"xpath","value":"(//span[contains(text(), \"Resource Unit\")])[2]"}
COMMAND: GET /session/a4630a367857edf01c9aef3f553c367b/screenshot - {}
RESULT: {"using":"xpath","value":"(//span[contains(text(), \"Resource Unit\")])[2]"}
COMMAND: POST /session/a4630a367857edf01c9aef3f553c367b/element/f.BA980EBE539FC9CF9A2905511121682E.d.2C0ADC3BD7EA4EC41056993EB126FA18.e.2731/click - {}
RESULT: {}
RESULT: {}
COMMAND: GET /session/a4630a367857edf01c9aef3f553c367b/screenshot - {}
RESULT: {}
COMMAND: POST /session/a4630a367857edf01c9aef3f553c367b/element - {"using":"css selector","value":"#application-manageresources-display-component---newResourceUnit--btnAddTimeSegment"}
RESULT: {"using":"css selector","value":"#application-manageresources-display-component---newResourceUnit--btnAddTimeSegment"}
COMMAND: GET /session/a4630a367857edf01c9aef3f553c367b/element/f.BA980EBE539FC9CF9A2905511121682E.d.2C0ADC3BD7EA4EC41056993EB126FA18.e.2732/rect - {}
RESULT: {}
COMMAND: GET /session/a4630a367857edf01c9aef3f553c367b/window/rect - {}
RESULT: {}
COMMAND: POST /session/a4630a367857edf01c9aef3f553c367b/execute/sync - {"script":"<script> [92 bytes]","args":[]}
RESULT: {"script":"<script> [92 bytes]","args":[]}
COMMAND: POST /session/a4630a367857edf01c9aef3f553c367b/actions - {"actions":[{"id":"action12","type":"wheel","parameters":{},"actions":[{"type":"scroll","x":-1888,"y":-32,"deltaX":0,"deltaY":0,"duration":0,"origin":{"element-6066-11e4-a52e-4f735466cecf":"f.BA980EBE539FC9CF9A2905511121682E.d.2C0ADC3BD7EA4EC41056993EB126FA18.e.2732"}}]}]}
COMMAND: GET /session/a4630a367857edf01c9aef3f553c367b/screenshot - {}
RESULT: {}
COMMAND: POST /session/a4630a367857edf01c9aef3f553c367b/execute/sync - {"script":"<script> [79 bytes]","args":[{"element-6066-11e4-a52e-4f735466cecf":"f.BA980EBE539FC9CF9A2905511121682E.d.2C0ADC3BD7EA4EC41056993EB126FA18.e.2732","ELEMENT":"f.BA980EBE539FC9CF9A2905511121682E.d.2C0ADC3BD7EA4EC41056993EB126FA18.e.2732"},{"block":"start","inline":"nearest"}]}
RESULT: {"script":"<script> [79 bytes]","args":[{"element-6066-11e4-a52e-4f735466cecf":"f.BA980EBE539FC9CF9A2905511121682E.d.2C0ADC3BD7EA4EC41056993EB126FA18.e.2732","ELEMENT":"f.BA980EBE539FC9CF9A2905511121682E.d.2C0ADC3BD7EA4EC41056993EB126FA18.e.2732"},{"block":"start","inline":"nearest"}]}
COMMAND: POST /session/a4630a367857edf01c9aef3f553c367b/execute/async - {"script":"<script> [1562 bytes]","args":[{"selector":{"id":"application-manageresources-display-component---newResourceUnit--btnAddTimeSegment","interaction":{"idSuffix":"inner"}},"wdio_ui5_key":"applicationmanageresources-display-component---newResourceUnit--btnAddTimeSegment"}]}
COMMAND: GET /session/a4630a367857edf01c9aef3f553c367b/screenshot - {}
RESULT: {"script":"<script> [1562 bytes]","args":[{"selector":{"id":"application-manageresources-display-component---newResourceUnit--btnAddTimeSegment","interaction":{"idSuffix":"inner"}},"wdio_ui5_key":"applicationmanageresources-display-component---newResourceUnit--btnAddTimeSegment"}]}
RESULT: undefined
COMMAND: POST /session/a4630a367857edf01c9aef3f553c367b/element - {"using":"xpath","value":"//*[@id=\"application-manageresources-display-component---newResourceUnit--btnAddTimeSegment\"]"}
RESULT: {}
RESULT: {"using":"xpath","value":"//*[@id=\"application-manageresources-display-component---newResourceUnit--btnAddTimeSegment\"]"}
COMMAND: POST /session/a4630a367857edf01c9aef3f553c367b/element/f.BA980EBE539FC9CF9A2905511121682E.d.2C0ADC3BD7EA4EC41056993EB126FA18.e.2732/click - {}
RESULT: {}
COMMAND: GET /session/a4630a367857edf01c9aef3f553c367b/screenshot - {}
RESULT: {}
COMMAND: POST /session/a4630a367857edf01c9aef3f553c367b/element - {"using":"xpath","value":"//input[@id=\"application-manageresources-display-component---newResourceUnit--idRuTSAdmin-application-manageresources-display-component---newResourceUnit--RUTimeSegment-0-inner\"]"}
RESULT: {"using":"xpath","value":"//input[@id=\"application-manageresources-display-component---newResourceUnit--idRuTSAdmin-application-manageresources-display-component---newResourceUnit--RUTimeSegment-0-inner\"]"}
COMMAND: POST /session/a4630a367857edf01c9aef3f553c367b/element/f.BA980EBE539FC9CF9A2905511121682E.d.2C0ADC3BD7EA4EC41056993EB126FA18.e.2738/clear - {}
RESULT: {}
COMMAND: POST /session/a4630a367857edf01c9aef3f553c367b/element/f.BA980EBE539FC9CF9A2905511121682E.d.2C0ADC3BD7EA4EC41056993EB126FA18.e.2738/value - {"text":"109"}
COMMAND: GET /session/a4630a367857edf01c9aef3f553c367b/screenshot - {}
RESULT: {"text":"109"}
COMMAND: GET /session/a4630a367857edf01c9aef3f553c367b/screenshot - {}
RESULT: {}
RESULT: {}
COMMAND: POST /session/a4630a367857edf01c9aef3f553c367b/element - {"using":"xpath","value":"//li[.//span[text()='109']]"}
RESULT: {"using":"xpath","value":"//li[.//span[text()='109']]"}
COMMAND: POST /session/a4630a367857edf01c9aef3f553c367b/element/f.BA980EBE539FC9CF9A2905511121682E.d.2C0ADC3BD7EA4EC41056993EB126FA18.e.2750/click - {}
RESULT: {}
COMMAND: GET /session/a4630a367857edf01c9aef3f553c367b/screenshot - {}
RESULT: {}
COMMAND: POST /session/a4630a367857edf01c9aef3f553c367b/element - {"using":"xpath","value":"(//span[contains(@id, \"-application-manageresources-display-component---newResourceUnit--RUTimeSegment-0-arrow\")])[6]"}
RESULT: {"using":"xpath","value":"(//span[contains(@id, \"-application-manageresources-display-component---newResourceUnit--RUTimeSegment-0-arrow\")])[6]"}
COMMAND: POST /session/a4630a367857edf01c9aef3f553c367b/element/f.BA980EBE539FC9CF9A2905511121682E.d.2C0ADC3BD7EA4EC41056993EB126FA18.e.2751/click - {}
RESULT: {}
COMMAND: GET /session/a4630a367857edf01c9aef3f553c367b/screenshot - {}
RESULT: {}
COMMAND: POST /session/a4630a367857edf01c9aef3f553c367b/element - {"using":"xpath","value":"//span[contains(text(), \"PM Order\")]"}
RESULT: {"using":"xpath","value":"//span[contains(text(), \"PM Order\")]"}
COMMAND: POST /session/a4630a367857edf01c9aef3f553c367b/element/f.BA980EBE539FC9CF9A2905511121682E.d.2C0ADC3BD7EA4EC41056993EB126FA18.e.2754/click - {}
RESULT: {}
COMMAND: GET /session/a4630a367857edf01c9aef3f553c367b/screenshot - {}
RESULT: {}
COMMAND: POST /session/a4630a367857edf01c9aef3f553c367b/element - {"using":"xpath","value":"(//span[contains(@id ,\"manageresources-display-component---newResourceUnit--RUTimeSegment-0-vhi\")])[1]"}
RESULT: {"using":"xpath","value":"(//span[contains(@id ,\"manageresources-display-component---newResourceUnit--RUTimeSegment-0-vhi\")])[1]"}
COMMAND: GET /session/a4630a367857edf01c9aef3f553c367b/element/f.BA980EBE539FC9CF9A2905511121682E.d.2C0ADC3BD7EA4EC41056993EB126FA18.e.2758/rect - {}
RESULT: {}
COMMAND: GET /session/a4630a367857edf01c9aef3f553c367b/window/rect - {}
RESULT: {}
COMMAND: POST /session/a4630a367857edf01c9aef3f553c367b/execute/sync - {"script":"<script> [92 bytes]","args":[]}
RESULT: {"script":"<script> [92 bytes]","args":[]}
COMMAND: POST /session/a4630a367857edf01c9aef3f553c367b/actions - {"actions":[{"id":"action13","type":"wheel","parameters":{},"actions":[{"type":"scroll","x":-869,"y":-24,"deltaX":0,"deltaY":0,"duration":0,"origin":{"element-6066-11e4-a52e-4f735466cecf":"f.BA980EBE539FC9CF9A2905511121682E.d.2C0ADC3BD7EA4EC41056993EB126FA18.e.2758"}}]}]}
COMMAND: GET /session/a4630a367857edf01c9aef3f553c367b/screenshot - {}
RESULT: {"actions":[{"id":"action13","type":"wheel","parameters":{},"actions":[{"type":"scroll","x":-869,"y":-24,"deltaX":0,"deltaY":0,"duration":0,"origin":{"element-6066-11e4-a52e-4f735466cecf":"f.BA980EBE539FC9CF9A2905511121682E.d.2C0ADC3BD7EA4EC41056993EB126FA18.e.2758"}}]}]}
COMMAND: DELETE /session/a4630a367857edf01c9aef3f553c367b/actions - {}
COMMAND: GET /session/a4630a367857edf01c9aef3f553c367b/screenshot - {}
RESULT: {}
RESULT: {}
COMMAND: GET /session/a4630a367857edf01c9aef3f553c367b/screenshot - {}
RESULT: {}
RESULT: {}
COMMAND: POST /session/a4630a367857edf01c9aef3f553c367b/element/f.BA980EBE539FC9CF9A2905511121682E.d.2C0ADC3BD7EA4EC41056993EB126FA18.e.2758/click - {}
RESULT: {}
COMMAND: GET /session/a4630a367857edf01c9aef3f553c367b/screenshot - {}
RESULT: {}
COMMAND: POST /session/a4630a367857edf01c9aef3f553c367b/execute/async - {"script":"<script> [1562 bytes]","args":[{"selector":{"controlType":"sap.m.SearchField","properties":{"placeholder":"Search"},"searchOpenDialogs":true,"interaction":{"idSuffix":"I"}},"wdio_ui5_key":"sapm.SearchField{\"placeholder\":\"Search\"}"}]}
RESULT: {"script":"<script> [1562 bytes]","args":[{"selector":{"controlType":"sap.m.SearchField","properties":{"placeholder":"Search"},"searchOpenDialogs":true,"interaction":{"idSuffix":"I"}},"wdio_ui5_key":"sapm.SearchField{\"placeholder\":\"Search\"}"}]}
RESULT: undefined
COMMAND: POST /session/a4630a367857edf01c9aef3f553c367b/execute/async - {"script":"<script> [776 bytes]","args":[{"enterText":"4000360","selector":{"controlType":"sap.m.SearchField","properties":{"placeholder":"Search"},"searchOpenDialogs":true,"interaction":{"idSuffix":"I"}},"clearTextFirst":true,"interactionType":"ENTER_TEXT"}]}
RESULT: {"script":"<script> [776 bytes]","args":[{"enterText":"4000360","selector":{"controlType":"sap.m.SearchField","properties":{"placeholder":"Search"},"searchOpenDialogs":true,"interaction":{"idSuffix":"I"}},"clearTextFirst":true,"interactionType":"ENTER_TEXT"}]}
COMMAND: POST /session/a4630a367857edf01c9aef3f553c367b/actions - {"actions":[{"id":"action14","type":"key","parameters":{},"actions":[{"type":"keyDown","value":"î€‡"},{"type":"pause","duration":10},{"type":"keyUp","value":"î€‡"}]}]}
RESULT: {"actions":[{"id":"action14","type":"key","parameters":{},"actions":[{"type":"keyDown","value":"î€‡"},{"type":"pause","duration":10},{"type":"keyUp","value":"î€‡"}]}]}
COMMAND: GET /session/a4630a367857edf01c9aef3f553c367b/screenshot - {}
RESULT: {}
COMMAND: POST /session/a4630a367857edf01c9aef3f553c367b/element - {"using":"xpath","value":"//td/div/span[contains(text(), \"BGL Vehicles\")]"}
RESULT: {"using":"xpath","value":"//td/div/span[contains(text(), \"BGL Vehicles\")]"}
COMMAND: POST /session/a4630a367857edf01c9aef3f553c367b/element/f.BA980EBE539FC9CF9A2905511121682E.d.2C0ADC3BD7EA4EC41056993EB126FA18.e.2778/click - {}
RESULT: {}
COMMAND: GET /session/a4630a367857edf01c9aef3f553c367b/screenshot - {}
RESULT: {}
COMMAND: POST /session/a4630a367857edf01c9aef3f553c367b/element - {"using":"xpath","value":"//bdi[contains(text(), \"OK\")]"}
RESULT: {"using":"xpath","value":"//bdi[contains(text(), \"OK\")]"}
COMMAND: POST /session/a4630a367857edf01c9aef3f553c367b/element/f.BA980EBE539FC9CF9A2905511121682E.d.2C0ADC3BD7EA4EC41056993EB126FA18.e.2779/click - {}
RESULT: {}
COMMAND: GET /session/a4630a367857edf01c9aef3f553c367b/screenshot - {}
RESULT: {}
COMMAND: POST /session/a4630a367857edf01c9aef3f553c367b/execute/async - {"script":"<script> [1562 bytes]","args":[{"selector":{"id":"application-manageresources-display-component---newResourceUnit--newRRUPage-anchBar-application-manageresources-display-component---newResourceUnit--resource-anchor","interaction":{"idSuffix":"BDI-content"}},"wdio_ui5_key":"applicationmanageresources-display-component---newResourceUnit--newRRUPage-anchBar-application-manageresources-display-component---newResourceUnit--resource-anchor"}]}
RESULT: {"script":"<script> [1562 bytes]","args":[{"selector":{"id":"application-manageresources-display-component---newResourceUnit--newRRUPage-anchBar-application-manageresources-display-component---newResourceUnit--resource-anchor","interaction":{"idSuffix":"BDI-content"}},"wdio_ui5_key":"applicationmanageresources-display-component---newResourceUnit--newRRUPage-anchBar-application-manageresources-display-component---newResourceUnit--resource-anchor"}]}
RESULT: undefined
COMMAND: POST /session/a4630a367857edf01c9aef3f553c367b/element - {"using":"xpath","value":"//*[@id=\"application-manageresources-display-component---newResourceUnit--newRRUPage-anchBar-application-manageresources-display-component---newResourceUnit--resource-anchor\"]"}
RESULT: {"using":"xpath","value":"//*[@id=\"application-manageresources-display-component---newResourceUnit--newRRUPage-anchBar-application-manageresources-display-component---newResourceUnit--resource-anchor\"]"}
COMMAND: POST /session/a4630a367857edf01c9aef3f553c367b/element/f.BA980EBE539FC9CF9A2905511121682E.d.2C0ADC3BD7EA4EC41056993EB126FA18.e.2783/click - {}
RESULT: {}
COMMAND: POST /session/a4630a367857edf01c9aef3f553c367b/execute/async - {"script":"<script> [1562 bytes]","args":[{"selector":{"id":"application-manageresources-display-component---newResourceUnit--PLANNED_DELIVERY_DATE","interaction":{"idSuffix":"inner"}},"wdio_ui5_key":"applicationmanageresources-display-component---newResourceUnit--PLANNED_DELIVERY_DATE"}]}
COMMAND: GET /session/a4630a367857edf01c9aef3f553c367b/screenshot - {}
RESULT: {"script":"<script> [1562 bytes]","args":[{"selector":{"id":"application-manageresources-display-component---newResourceUnit--PLANNED_DELIVERY_DATE","interaction":{"idSuffix":"inner"}},"wdio_ui5_key":"applicationmanageresources-display-component---newResourceUnit--PLANNED_DELIVERY_DATE"}]}
RESULT: undefined
COMMAND: POST /session/a4630a367857edf01c9aef3f553c367b/execute/async - {"script":"<script> [6424 bytes]","args":[{"element-6066-11e4-a52e-4f735466cecf":"f.BA980EBE539FC9CF9A2905511121682E.d.2C0ADC3BD7EA4EC41056993EB126FA18.e.2644"},"setValue",["5/5/25"]]}
RESULT: {}
RESULT: {"script":"<script> [6424 bytes]","args":[{"element-6066-11e4-a52e-4f735466cecf":"f.BA980EBE539FC9CF9A2905511121682E.d.2C0ADC3BD7EA4EC41056993EB126FA18.e.2644"},"setValue",["5/5/25"]]}
COMMAND: POST /session/a4630a367857edf01c9aef3f553c367b/element - {"using":"xpath","value":"//button[@data-kt=\"resourceUnitSaveButton\"]"}
RESULT: {"using":"xpath","value":"//button[@data-kt=\"resourceUnitSaveButton\"]"}
COMMAND: POST /session/a4630a367857edf01c9aef3f553c367b/element/f.BA980EBE539FC9CF9A2905511121682E.d.2C0ADC3BD7EA4EC41056993EB126FA18.e.2604/click - {}
RESULT: {}
COMMAND: GET /session/a4630a367857edf01c9aef3f553c367b/screenshot - {}
RESULT: {}
COMMAND: POST /session/a4630a367857edf01c9aef3f553c367b/element - {"using":"xpath","value":"//bdi[contains(text(), \"Close\")]"}
RESULT: {"using":"xpath","value":"//bdi[contains(text(), \"Close\")]"}
COMMAND: POST /session/a4630a367857edf01c9aef3f553c367b/element/f.BA980EBE539FC9CF9A2905511121682E.d.2C0ADC3BD7EA4EC41056993EB126FA18.e.2791/click - {}
RESULT: {}
COMMAND: GET /session/a4630a367857edf01c9aef3f553c367b/screenshot - {}
RESULT: {}
COMMAND: POST /session/a4630a367857edf01c9aef3f553c367b/element - {"using":"xpath","value":"(//button[contains(@id ,\"actionsToolbar-overflowButton\")])[1]"}
RESULT: {"using":"xpath","value":"(//button[contains(@id ,\"actionsToolbar-overflowButton\")])[1]"}
COMMAND: POST /session/a4630a367857edf01c9aef3f553c367b/element/f.BA980EBE539FC9CF9A2905511121682E.d.2C0ADC3BD7EA4EC41056993EB126FA18.e.2825/click - {}
RESULT: {}
COMMAND: GET /session/a4630a367857edf01c9aef3f553c367b/screenshot - {}
RESULT: {}
COMMAND: POST /session/a4630a367857edf01c9aef3f553c367b/element - {"using":"xpath","value":"//button[@data-kt=\"priceInfoButton\"]"}
RESULT: {"using":"xpath","value":"//button[@data-kt=\"priceInfoButton\"]"}
COMMAND: POST /session/a4630a367857edf01c9aef3f553c367b/element/f.BA980EBE539FC9CF9A2905511121682E.d.2C0ADC3BD7EA4EC41056993EB126FA18.e.2827/click - {}
RESULT: {}
COMMAND: GET /session/a4630a367857edf01c9aef3f553c367b/screenshot - {}
RESULT: {}
COMMAND: POST /session/a4630a367857edf01c9aef3f553c367b/element - {"using":"css selector","value":"#shell-header-logo"}
RESULT: {"using":"css selector","value":"#shell-header-logo"}
COMMAND: POST /session/a4630a367857edf01c9aef3f553c367b/element/f.BA980EBE539FC9CF9A2905511121682E.d.2C0ADC3BD7EA4EC41056993EB126FA18.e.2195/click - {}
RESULT: {}
COMMAND: GET /session/a4630a367857edf01c9aef3f553c367b/screenshot - {}
RESULT: {}
]]></system-out>
    </testcase>
    <testcase classname="chrome.135_0_7049_96.windows.RU_Inventory_Mass_State_Change_Multiple_Items_US151066" name="Prerequisite Step 2 Should create a new material" time="110.992">
      <system-out><![CDATA[
RESULT: undefined
COMMAND: POST /session/a4630a367857edf01c9aef3f553c367b/element - {"using":"xpath","value":"//*[@id=\"__tile39\"]"}
RESULT: {"using":"xpath","value":"//*[@id=\"__tile39\"]"}
COMMAND: POST /session/a4630a367857edf01c9aef3f553c367b/element/f.BA980EBE539FC9CF9A2905511121682E.d.2C0ADC3BD7EA4EC41056993EB126FA18.e.162/click - {}
RESULT: {}
COMMAND: POST /session/a4630a367857edf01c9aef3f553c367b/element - {"using":"xpath","value":"//button[@data-kt=\"addNewRUOverflowToolbarButton\"]"}
COMMAND: GET /session/a4630a367857edf01c9aef3f553c367b/screenshot - {}
RESULT: {"using":"xpath","value":"//button[@data-kt=\"addNewRUOverflowToolbarButton\"]"}
COMMAND: POST /session/a4630a367857edf01c9aef3f553c367b/elements - {"using":"xpath","value":"//button[@data-kt=\"addNewRUOverflowToolbarButton\"]"}
RESULT: {}
RESULT: {"using":"xpath","value":"//button[@data-kt=\"addNewRUOverflowToolbarButton\"]"}
COMMAND: POST /session/a4630a367857edf01c9aef3f553c367b/execute/sync - {"script":"<script> [8489 bytes]","args":[{"element-6066-11e4-a52e-4f735466cecf":"f.BA980EBE539FC9CF9A2905511121682E.d.2C0ADC3BD7EA4EC41056993EB126FA18.e.2927","ELEMENT":"f.BA980EBE539FC9CF9A2905511121682E.d.2C0ADC3BD7EA4EC41056993EB126FA18.e.2927"}]}
RESULT: {"script":"<script> [8489 bytes]","args":[{"element-6066-11e4-a52e-4f735466cecf":"f.BA980EBE539FC9CF9A2905511121682E.d.2C0ADC3BD7EA4EC41056993EB126FA18.e.2927","ELEMENT":"f.BA980EBE539FC9CF9A2905511121682E.d.2C0ADC3BD7EA4EC41056993EB126FA18.e.2927"}]}
COMMAND: GET /session/a4630a367857edf01c9aef3f553c367b/element/f.BA980EBE539FC9CF9A2905511121682E.d.2C0ADC3BD7EA4EC41056993EB126FA18.e.2927/enabled - {}
COMMAND: GET /session/a4630a367857edf01c9aef3f553c367b/screenshot - {}
RESULT: {}
COMMAND: POST /session/a4630a367857edf01c9aef3f553c367b/execute/sync - {"script":"<script> [8489 bytes]","args":[{"element-6066-11e4-a52e-4f735466cecf":"f.BA980EBE539FC9CF9A2905511121682E.d.2C0ADC3BD7EA4EC41056993EB126FA18.e.2927","ELEMENT":"f.BA980EBE539FC9CF9A2905511121682E.d.2C0ADC3BD7EA4EC41056993EB126FA18.e.2927"}]}
COMMAND: GET /session/a4630a367857edf01c9aef3f553c367b/screenshot - {}
RESULT: {}
RESULT: {"script":"<script> [8489 bytes]","args":[{"element-6066-11e4-a52e-4f735466cecf":"f.BA980EBE539FC9CF9A2905511121682E.d.2C0ADC3BD7EA4EC41056993EB126FA18.e.2927","ELEMENT":"f.BA980EBE539FC9CF9A2905511121682E.d.2C0ADC3BD7EA4EC41056993EB126FA18.e.2927"}]}
COMMAND: POST /session/a4630a367857edf01c9aef3f553c367b/execute/sync - {"script":"<script> [5351 bytes]","args":[{"element-6066-11e4-a52e-4f735466cecf":"f.BA980EBE539FC9CF9A2905511121682E.d.2C0ADC3BD7EA4EC41056993EB126FA18.e.2927","ELEMENT":"f.BA980EBE539FC9CF9A2905511121682E.d.2C0ADC3BD7EA4EC41056993EB126FA18.e.2927"}]}
COMMAND: GET /session/a4630a367857edf01c9aef3f553c367b/screenshot - {}
RESULT: {}
RESULT: {"script":"<script> [5351 bytes]","args":[{"element-6066-11e4-a52e-4f735466cecf":"f.BA980EBE539FC9CF9A2905511121682E.d.2C0ADC3BD7EA4EC41056993EB126FA18.e.2927","ELEMENT":"f.BA980EBE539FC9CF9A2905511121682E.d.2C0ADC3BD7EA4EC41056993EB126FA18.e.2927"}]}
COMMAND: POST /session/a4630a367857edf01c9aef3f553c367b/element/f.BA980EBE539FC9CF9A2905511121682E.d.2C0ADC3BD7EA4EC41056993EB126FA18.e.2927/click - {}
COMMAND: GET /session/a4630a367857edf01c9aef3f553c367b/screenshot - {}
RESULT: {}
RESULT: {}
COMMAND: GET /session/a4630a367857edf01c9aef3f553c367b/screenshot - {}
RESULT: undefined
COMMAND: POST /session/a4630a367857edf01c9aef3f553c367b/element - {"using":"xpath","value":"//*[@id=\"application-manageresources-display-component---newResourceUnit--TYPE-arrow\"]"}
RESULT: {}
RESULT: {}
RESULT: {"using":"xpath","value":"//*[@id=\"application-manageresources-display-component---newResourceUnit--TYPE-arrow\"]"}
COMMAND: POST /session/a4630a367857edf01c9aef3f553c367b/element/f.BA980EBE539FC9CF9A2905511121682E.d.2C0ADC3BD7EA4EC41056993EB126FA18.e.3272/click - {}
RESULT: {}
COMMAND: POST /session/a4630a367857edf01c9aef3f553c367b/element - {"using":"xpath","value":"//input[@id=\"application-manageresources-display-component---newResourceUnit--TYPE-inner\"]"}
COMMAND: GET /session/a4630a367857edf01c9aef3f553c367b/screenshot - {}
RESULT: {"using":"xpath","value":"//input[@id=\"application-manageresources-display-component---newResourceUnit--TYPE-inner\"]"}
COMMAND: POST /session/a4630a367857edf01c9aef3f553c367b/element/f.BA980EBE539FC9CF9A2905511121682E.d.2C0ADC3BD7EA4EC41056993EB126FA18.e.3263/clear - {}
RESULT: {}
RESULT: {}
COMMAND: POST /session/a4630a367857edf01c9aef3f553c367b/element/f.BA980EBE539FC9CF9A2905511121682E.d.2C0ADC3BD7EA4EC41056993EB126FA18.e.3263/value - {"text":"Material"}
COMMAND: GET /session/a4630a367857edf01c9aef3f553c367b/screenshot - {}
RESULT: {"text":"Material"}
COMMAND: GET /session/a4630a367857edf01c9aef3f553c367b/screenshot - {}
RESULT: {}
RESULT: {}
COMMAND: POST /session/a4630a367857edf01c9aef3f553c367b/actions - {"actions":[{"id":"action15","type":"key","parameters":{},"actions":[{"type":"keyDown","value":"î€‡"},{"type":"pause","duration":10},{"type":"keyUp","value":"î€‡"}]}]}
RESULT: {"actions":[{"id":"action15","type":"key","parameters":{},"actions":[{"type":"keyDown","value":"î€‡"},{"type":"pause","duration":10},{"type":"keyUp","value":"î€‡"}]}]}
RESULT: undefined
COMMAND: POST /session/a4630a367857edf01c9aef3f553c367b/execute/async - {"script":"<script> [776 bytes]","args":[{"enterText":"Cement WDIO","selector":{"id":"application-manageresources-display-component---newResourceUnit--SHORT_TEXT","interaction":{"idSuffix":"inner"}},"clearTextFirst":true,"interactionType":"ENTER_TEXT"}]}
COMMAND: GET /session/a4630a367857edf01c9aef3f553c367b/screenshot - {}
RESULT: {"script":"<script> [776 bytes]","args":[{"enterText":"Cement WDIO","selector":{"id":"application-manageresources-display-component---newResourceUnit--SHORT_TEXT","interaction":{"idSuffix":"inner"}},"clearTextFirst":true,"interactionType":"ENTER_TEXT"}]}
RESULT: undefined
COMMAND: POST /session/a4630a367857edf01c9aef3f553c367b/execute/async - {"script":"<script> [776 bytes]","args":[{"enterText":"Piece","selector":{"id":"application-manageresources-display-component---newResourceUnit--BASE_UNIT_OF_MEASURE","interaction":{"idSuffix":"inner"}},"clearTextFirst":true,"interactionType":"ENTER_TEXT"}]}
RESULT: {}
RESULT: {"script":"<script> [776 bytes]","args":[{"enterText":"Piece","selector":{"id":"application-manageresources-display-component---newResourceUnit--BASE_UNIT_OF_MEASURE","interaction":{"idSuffix":"inner"}},"clearTextFirst":true,"interactionType":"ENTER_TEXT"}]}
RESULT: undefined
COMMAND: POST /session/a4630a367857edf01c9aef3f553c367b/execute/async - {"script":"<script> [776 bytes]","args":[{"enterText":"Gram","selector":{"id":"application-manageresources-display-component---newResourceUnit--WEIGHT_UNIT","interaction":{"idSuffix":"inner"}},"clearTextFirst":true,"interactionType":"ENTER_TEXT"}]}
RESULT: {"script":"<script> [776 bytes]","args":[{"enterText":"Gram","selector":{"id":"application-manageresources-display-component---newResourceUnit--WEIGHT_UNIT","interaction":{"idSuffix":"inner"}},"clearTextFirst":true,"interactionType":"ENTER_TEXT"}]}
RESULT: undefined
COMMAND: POST /session/a4630a367857edf01c9aef3f553c367b/execute/async - {"script":"<script> [776 bytes]","args":[{"enterText":"Meter","selector":{"id":"application-manageresources-display-component---newResourceUnit--DIMENSION_UNIT","interaction":{"idSuffix":"inner"}},"clearTextFirst":true,"interactionType":"ENTER_TEXT"}]}
RESULT: {"script":"<script> [776 bytes]","args":[{"enterText":"Meter","selector":{"id":"application-manageresources-display-component---newResourceUnit--DIMENSION_UNIT","interaction":{"idSuffix":"inner"}},"clearTextFirst":true,"interactionType":"ENTER_TEXT"}]}
RESULT: undefined
COMMAND: POST /session/a4630a367857edf01c9aef3f553c367b/element - {"using":"xpath","value":"//*[@id=\"application-manageresources-display-component---newResourceUnit--newRRUPage-anchBar-application-manageresources-display-component---newResourceUnit--control-anchor\"]"}
RESULT: {"using":"xpath","value":"//*[@id=\"application-manageresources-display-component---newResourceUnit--newRRUPage-anchBar-application-manageresources-display-component---newResourceUnit--control-anchor\"]"}
COMMAND: POST /session/a4630a367857edf01c9aef3f553c367b/element/f.BA980EBE539FC9CF9A2905511121682E.d.2C0ADC3BD7EA4EC41056993EB126FA18.e.3333/click - {}
RESULT: {}
RESULT: undefined
COMMAND: POST /session/a4630a367857edf01c9aef3f553c367b/execute/async - {"script":"<script> [776 bytes]","args":[{"enterText":"Material","selector":{"id":"application-manageresources-display-component---newResourceUnit--PLANNING_GROUP","interaction":{"idSuffix":"inner"}},"clearTextFirst":true,"interactionType":"ENTER_TEXT"}]}
COMMAND: GET /session/a4630a367857edf01c9aef3f553c367b/screenshot - {}
RESULT: {"script":"<script> [776 bytes]","args":[{"enterText":"Material","selector":{"id":"application-manageresources-display-component---newResourceUnit--PLANNING_GROUP","interaction":{"idSuffix":"inner"}},"clearTextFirst":true,"interactionType":"ENTER_TEXT"}]}
RESULT: {}
COMMAND: POST /session/a4630a367857edf01c9aef3f553c367b/execute/async - {"script":"<script> [1562 bytes]","args":[{"selector":{"id":"application-manageresources-display-component---newResourceUnit--PLANNING_INDICATOR","interaction":{"idSuffix":"inner"}},"wdio_ui5_key":"applicationmanageresources-display-component---newResourceUnit--PLANNING_INDICATOR"}]}
RESULT: {"script":"<script> [1562 bytes]","args":[{"selector":{"id":"application-manageresources-display-component---newResourceUnit--PLANNING_INDICATOR","interaction":{"idSuffix":"inner"}},"wdio_ui5_key":"applicationmanageresources-display-component---newResourceUnit--PLANNING_INDICATOR"}]}
RESULT: undefined
COMMAND: POST /session/a4630a367857edf01c9aef3f553c367b/execute/async - {"script":"<script> [776 bytes]","args":[{"enterText":"10 - infinite","selector":{"id":"application-manageresources-display-component---newResourceUnit--PLANNING_INDICATOR","interaction":{"idSuffix":"inner"}},"clearTextFirst":true,"interactionType":"ENTER_TEXT"}]}
RESULT: {"script":"<script> [776 bytes]","args":[{"enterText":"10 - infinite","selector":{"id":"application-manageresources-display-component---newResourceUnit--PLANNING_INDICATOR","interaction":{"idSuffix":"inner"}},"clearTextFirst":true,"interactionType":"ENTER_TEXT"}]}
COMMAND: POST /session/a4630a367857edf01c9aef3f553c367b/element - {"using":"css selector","value":"#application-manageresources-display-component---newResourceUnit--btnAddTimeSegment"}
RESULT: {"using":"css selector","value":"#application-manageresources-display-component---newResourceUnit--btnAddTimeSegment"}
COMMAND: GET /session/a4630a367857edf01c9aef3f553c367b/element/f.BA980EBE539FC9CF9A2905511121682E.d.2C0ADC3BD7EA4EC41056993EB126FA18.e.3340/rect - {}
RESULT: {}
COMMAND: GET /session/a4630a367857edf01c9aef3f553c367b/window/rect - {}
RESULT: {}
COMMAND: POST /session/a4630a367857edf01c9aef3f553c367b/execute/sync - {"script":"<script> [92 bytes]","args":[]}
RESULT: {"script":"<script> [92 bytes]","args":[]}
COMMAND: POST /session/a4630a367857edf01c9aef3f553c367b/actions - {"actions":[{"id":"action16","type":"wheel","parameters":{},"actions":[{"type":"scroll","x":-1888,"y":-32,"deltaX":0,"deltaY":0,"duration":0,"origin":{"element-6066-11e4-a52e-4f735466cecf":"f.BA980EBE539FC9CF9A2905511121682E.d.2C0ADC3BD7EA4EC41056993EB126FA18.e.3340"}}]}]}
COMMAND: GET /session/a4630a367857edf01c9aef3f553c367b/screenshot - {}
RESULT: {}
COMMAND: POST /session/a4630a367857edf01c9aef3f553c367b/execute/sync - {"script":"<script> [79 bytes]","args":[{"element-6066-11e4-a52e-4f735466cecf":"f.BA980EBE539FC9CF9A2905511121682E.d.2C0ADC3BD7EA4EC41056993EB126FA18.e.3340","ELEMENT":"f.BA980EBE539FC9CF9A2905511121682E.d.2C0ADC3BD7EA4EC41056993EB126FA18.e.3340"},{"block":"start","inline":"nearest"}]}
RESULT: {"script":"<script> [79 bytes]","args":[{"element-6066-11e4-a52e-4f735466cecf":"f.BA980EBE539FC9CF9A2905511121682E.d.2C0ADC3BD7EA4EC41056993EB126FA18.e.3340","ELEMENT":"f.BA980EBE539FC9CF9A2905511121682E.d.2C0ADC3BD7EA4EC41056993EB126FA18.e.3340"},{"block":"start","inline":"nearest"}]}
RESULT: undefined
COMMAND: POST /session/a4630a367857edf01c9aef3f553c367b/element - {"using":"xpath","value":"//*[@id=\"application-manageresources-display-component---newResourceUnit--btnAddTimeSegment\"]"}
COMMAND: GET /session/a4630a367857edf01c9aef3f553c367b/screenshot - {}
RESULT: {"using":"xpath","value":"//*[@id=\"application-manageresources-display-component---newResourceUnit--btnAddTimeSegment\"]"}
COMMAND: POST /session/a4630a367857edf01c9aef3f553c367b/element/f.BA980EBE539FC9CF9A2905511121682E.d.2C0ADC3BD7EA4EC41056993EB126FA18.e.3340/click - {}
RESULT: {}
RESULT: {}
COMMAND: GET /session/a4630a367857edf01c9aef3f553c367b/screenshot - {}
RESULT: {}
COMMAND: POST /session/a4630a367857edf01c9aef3f553c367b/element - {"using":"xpath","value":"//input[@id=\"application-manageresources-display-component---newResourceUnit--idRuTSAdmin-application-manageresources-display-component---newResourceUnit--RUTimeSegment-0-inner\"]"}
RESULT: {"using":"xpath","value":"//input[@id=\"application-manageresources-display-component---newResourceUnit--idRuTSAdmin-application-manageresources-display-component---newResourceUnit--RUTimeSegment-0-inner\"]"}
COMMAND: POST /session/a4630a367857edf01c9aef3f553c367b/element/f.BA980EBE539FC9CF9A2905511121682E.d.2C0ADC3BD7EA4EC41056993EB126FA18.e.3344/clear - {}
RESULT: {}
COMMAND: POST /session/a4630a367857edf01c9aef3f553c367b/element/f.BA980EBE539FC9CF9A2905511121682E.d.2C0ADC3BD7EA4EC41056993EB126FA18.e.3344/value - {"text":"109"}
COMMAND: GET /session/a4630a367857edf01c9aef3f553c367b/screenshot - {}
RESULT: {"text":"109"}
COMMAND: GET /session/a4630a367857edf01c9aef3f553c367b/screenshot - {}
RESULT: {}
RESULT: {}
COMMAND: POST /session/a4630a367857edf01c9aef3f553c367b/element - {"using":"xpath","value":"//li[.//span[text()='109']]"}
RESULT: {"using":"xpath","value":"//li[.//span[text()='109']]"}
COMMAND: POST /session/a4630a367857edf01c9aef3f553c367b/element/f.BA980EBE539FC9CF9A2905511121682E.d.2C0ADC3BD7EA4EC41056993EB126FA18.e.3355/click - {}
RESULT: {}
COMMAND: GET /session/a4630a367857edf01c9aef3f553c367b/screenshot - {}
RESULT: {}
COMMAND: POST /session/a4630a367857edf01c9aef3f553c367b/element - {"using":"xpath","value":"(//span[contains(@id, \"-application-manageresources-display-component---newResourceUnit--RUTimeSegment-0-arrow\")])[2]"}
RESULT: {"using":"xpath","value":"(//span[contains(@id, \"-application-manageresources-display-component---newResourceUnit--RUTimeSegment-0-arrow\")])[2]"}
COMMAND: POST /session/a4630a367857edf01c9aef3f553c367b/element/f.BA980EBE539FC9CF9A2905511121682E.d.2C0ADC3BD7EA4EC41056993EB126FA18.e.3356/click - {}
RESULT: {}
COMMAND: POST /session/a4630a367857edf01c9aef3f553c367b/element - {"using":"xpath","value":"//span[contains(text(), \"PM Order\")]"}
COMMAND: GET /session/a4630a367857edf01c9aef3f553c367b/screenshot - {}
RESULT: {"using":"xpath","value":"//span[contains(text(), \"PM Order\")]"}
COMMAND: POST /session/a4630a367857edf01c9aef3f553c367b/element/f.BA980EBE539FC9CF9A2905511121682E.d.2C0ADC3BD7EA4EC41056993EB126FA18.e.3357/click - {}
RESULT: {}
RESULT: {}
COMMAND: GET /session/a4630a367857edf01c9aef3f553c367b/screenshot - {}
RESULT: {}
COMMAND: POST /session/a4630a367857edf01c9aef3f553c367b/element - {"using":"xpath","value":"//td/div/div/div/span[contains(@id, \"newResourceUnit--RUTimeSegment-0-vhi\")][1]"}
RESULT: {"using":"xpath","value":"//td/div/div/div/span[contains(@id, \"newResourceUnit--RUTimeSegment-0-vhi\")][1]"}
COMMAND: GET /session/a4630a367857edf01c9aef3f553c367b/element/f.BA980EBE539FC9CF9A2905511121682E.d.2C0ADC3BD7EA4EC41056993EB126FA18.e.3361/rect - {}
RESULT: {}
COMMAND: GET /session/a4630a367857edf01c9aef3f553c367b/window/rect - {}
RESULT: {}
COMMAND: POST /session/a4630a367857edf01c9aef3f553c367b/execute/sync - {"script":"<script> [92 bytes]","args":[]}
RESULT: {"script":"<script> [92 bytes]","args":[]}
COMMAND: POST /session/a4630a367857edf01c9aef3f553c367b/actions - {"actions":[{"id":"action17","type":"wheel","parameters":{},"actions":[{"type":"scroll","x":-1888,"y":-24,"deltaX":0,"deltaY":0,"duration":0,"origin":{"element-6066-11e4-a52e-4f735466cecf":"f.BA980EBE539FC9CF9A2905511121682E.d.2C0ADC3BD7EA4EC41056993EB126FA18.e.3361"}}]}]}
COMMAND: GET /session/a4630a367857edf01c9aef3f553c367b/screenshot - {}
RESULT: {}
COMMAND: POST /session/a4630a367857edf01c9aef3f553c367b/execute/sync - {"script":"<script> [79 bytes]","args":[{"element-6066-11e4-a52e-4f735466cecf":"f.BA980EBE539FC9CF9A2905511121682E.d.2C0ADC3BD7EA4EC41056993EB126FA18.e.3361","ELEMENT":"f.BA980EBE539FC9CF9A2905511121682E.d.2C0ADC3BD7EA4EC41056993EB126FA18.e.3361"},{"block":"start","inline":"nearest"}]}
RESULT: {"script":"<script> [79 bytes]","args":[{"element-6066-11e4-a52e-4f735466cecf":"f.BA980EBE539FC9CF9A2905511121682E.d.2C0ADC3BD7EA4EC41056993EB126FA18.e.3361","ELEMENT":"f.BA980EBE539FC9CF9A2905511121682E.d.2C0ADC3BD7EA4EC41056993EB126FA18.e.3361"},{"block":"start","inline":"nearest"}]}
COMMAND: GET /session/a4630a367857edf01c9aef3f553c367b/screenshot - {}
RESULT: {}
COMMAND: POST /session/a4630a367857edf01c9aef3f553c367b/element/f.BA980EBE539FC9CF9A2905511121682E.d.2C0ADC3BD7EA4EC41056993EB126FA18.e.3361/click - {}
RESULT: {}
COMMAND: GET /session/a4630a367857edf01c9aef3f553c367b/screenshot - {}
RESULT: {}
RESULT: undefined
COMMAND: POST /session/a4630a367857edf01c9aef3f553c367b/execute/async - {"script":"<script> [776 bytes]","args":[{"enterText":"4000360","selector":{"controlType":"sap.m.SearchField","properties":{"placeholder":"Search"},"searchOpenDialogs":true,"interaction":{"idSuffix":"I"}},"clearTextFirst":true,"interactionType":"ENTER_TEXT"}]}
RESULT: {"script":"<script> [776 bytes]","args":[{"enterText":"4000360","selector":{"controlType":"sap.m.SearchField","properties":{"placeholder":"Search"},"searchOpenDialogs":true,"interaction":{"idSuffix":"I"}},"clearTextFirst":true,"interactionType":"ENTER_TEXT"}]}
COMMAND: POST /session/a4630a367857edf01c9aef3f553c367b/actions - {"actions":[{"id":"action18","type":"key","parameters":{},"actions":[{"type":"keyDown","value":"î€‡"},{"type":"pause","duration":10},{"type":"keyUp","value":"î€‡"}]}]}
RESULT: {"actions":[{"id":"action18","type":"key","parameters":{},"actions":[{"type":"keyDown","value":"î€‡"},{"type":"pause","duration":10},{"type":"keyUp","value":"î€‡"}]}]}
COMMAND: GET /session/a4630a367857edf01c9aef3f553c367b/screenshot - {}
RESULT: {}
COMMAND: POST /session/a4630a367857edf01c9aef3f553c367b/element - {"using":"xpath","value":"//td/div/span[contains(text(), \"BGL Vehicles\")]"}
RESULT: {"using":"xpath","value":"//td/div/span[contains(text(), \"BGL Vehicles\")]"}
COMMAND: POST /session/a4630a367857edf01c9aef3f553c367b/element/f.BA980EBE539FC9CF9A2905511121682E.d.2C0ADC3BD7EA4EC41056993EB126FA18.e.3379/click - {}
RESULT: {}
COMMAND: GET /session/a4630a367857edf01c9aef3f553c367b/screenshot - {}
RESULT: {}
COMMAND: POST /session/a4630a367857edf01c9aef3f553c367b/element - {"using":"xpath","value":"//bdi[contains(text(), \"OK\")]"}
RESULT: {"using":"xpath","value":"//bdi[contains(text(), \"OK\")]"}
COMMAND: POST /session/a4630a367857edf01c9aef3f553c367b/element/f.BA980EBE539FC9CF9A2905511121682E.d.2C0ADC3BD7EA4EC41056993EB126FA18.e.3380/click - {}
RESULT: {}
COMMAND: GET /session/a4630a367857edf01c9aef3f553c367b/screenshot - {}
RESULT: {}
COMMAND: POST /session/a4630a367857edf01c9aef3f553c367b/element - {"using":"xpath","value":"//button[@data-kt=\"resourceUnitSaveButton\"]"}
RESULT: {"using":"xpath","value":"//button[@data-kt=\"resourceUnitSaveButton\"]"}
COMMAND: POST /session/a4630a367857edf01c9aef3f553c367b/element/f.BA980EBE539FC9CF9A2905511121682E.d.2C0ADC3BD7EA4EC41056993EB126FA18.e.3289/click - {}
RESULT: {}
COMMAND: GET /session/a4630a367857edf01c9aef3f553c367b/screenshot - {}
RESULT: {}
COMMAND: POST /session/a4630a367857edf01c9aef3f553c367b/element - {"using":"xpath","value":"//bdi[contains(text(), \"Close\")]"}
RESULT: {"using":"xpath","value":"//bdi[contains(text(), \"Close\")]"}
COMMAND: POST /session/a4630a367857edf01c9aef3f553c367b/element/f.BA980EBE539FC9CF9A2905511121682E.d.2C0ADC3BD7EA4EC41056993EB126FA18.e.3386/click - {}
RESULT: {}
COMMAND: GET /session/a4630a367857edf01c9aef3f553c367b/screenshot - {}
RESULT: {}
COMMAND: POST /session/a4630a367857edf01c9aef3f553c367b/element - {"using":"xpath","value":"//header[contains(@id, 'detailRruPage-headerTitle')]/div[1]/div[2]/div[2]/span[1]"}
RESULT: {"using":"xpath","value":"//header[contains(@id, 'detailRruPage-headerTitle')]/div[1]/div[2]/div[2]/span[1]"}
COMMAND: POST /session/a4630a367857edf01c9aef3f553c367b/elements - {"using":"xpath","value":"//header[contains(@id, 'detailRruPage-headerTitle')]/div[1]/div[2]/div[2]/span[1]"}
RESULT: {"using":"xpath","value":"//header[contains(@id, 'detailRruPage-headerTitle')]/div[1]/div[2]/div[2]/span[1]"}
COMMAND: POST /session/a4630a367857edf01c9aef3f553c367b/execute/sync - {"script":"<script> [56 bytes]","args":[{"element-6066-11e4-a52e-4f735466cecf":"f.BA980EBE539FC9CF9A2905511121682E.d.2C0ADC3BD7EA4EC41056993EB126FA18.e.3414","ELEMENT":"f.BA980EBE539FC9CF9A2905511121682E.d.2C0ADC3BD7EA4EC41056993EB126FA18.e.3414"}]}
RESULT: {"script":"<script> [56 bytes]","args":[{"element-6066-11e4-a52e-4f735466cecf":"f.BA980EBE539FC9CF9A2905511121682E.d.2C0ADC3BD7EA4EC41056993EB126FA18.e.3414","ELEMENT":"f.BA980EBE539FC9CF9A2905511121682E.d.2C0ADC3BD7EA4EC41056993EB126FA18.e.3414"}]}
COMMAND: POST /session/a4630a367857edf01c9aef3f553c367b/element - {"using":"css selector","value":"#shell-header-logo"}
COMMAND: GET /session/a4630a367857edf01c9aef3f553c367b/screenshot - {}
RESULT: {"using":"css selector","value":"#shell-header-logo"}
COMMAND: POST /session/a4630a367857edf01c9aef3f553c367b/element/f.BA980EBE539FC9CF9A2905511121682E.d.2C0ADC3BD7EA4EC41056993EB126FA18.e.2867/click - {}
RESULT: {}
RESULT: {}
COMMAND: GET /session/a4630a367857edf01c9aef3f553c367b/screenshot - {}
RESULT: {}
]]></system-out>
    </testcase>
    <testcase classname="chrome.135_0_7049_96.windows.RU_Inventory_Mass_State_Change_Multiple_Items_US151066" name="Prerequisite Step 2 Should do a stock increase handover for the equipment" time="91.491">
      <system-out><![CDATA[
COMMAND: POST /session/a4630a367857edf01c9aef3f553c367b/execute/async - {"script":"<script> [1562 bytes]","args":[{"selector":{"controlType":"sap.m.Text","viewName":"etm.portal.ui.managehandoverstile.view.Master","properties":{"text":"Manage Handovers"},"interaction":{"idSuffix":"inner"}},"wdio_ui5_key":"etmportal.ui.managehandoverstile.view.Mastersap.m.Text{\"text\":\"Manage Handovers\"}"}]}
RESULT: {"script":"<script> [1562 bytes]","args":[{"selector":{"controlType":"sap.m.Text","viewName":"etm.portal.ui.managehandoverstile.view.Master","properties":{"text":"Manage Handovers"},"interaction":{"idSuffix":"inner"}},"wdio_ui5_key":"etmportal.ui.managehandoverstile.view.Mastersap.m.Text{\"text\":\"Manage Handovers\"}"}]}
RESULT: undefined
COMMAND: POST /session/a4630a367857edf01c9aef3f553c367b/element - {"using":"xpath","value":"//*[@id=\"__tile130-title\"]"}
RESULT: {"using":"xpath","value":"//*[@id=\"__tile130-title\"]"}
COMMAND: POST /session/a4630a367857edf01c9aef3f553c367b/element/f.BA980EBE539FC9CF9A2905511121682E.d.2C0ADC3BD7EA4EC41056993EB126FA18.e.3417/click - {}
RESULT: {}
COMMAND: POST /session/a4630a367857edf01c9aef3f553c367b/element - {"using":"xpath","value":"//button[@data-kt=\"masterHOAddButton\"]"}
COMMAND: GET /session/a4630a367857edf01c9aef3f553c367b/screenshot - {}
RESULT: {"using":"xpath","value":"//button[@data-kt=\"masterHOAddButton\"]"}
COMMAND: POST /session/a4630a367857edf01c9aef3f553c367b/elements - {"using":"xpath","value":"//button[@data-kt=\"masterHOAddButton\"]"}
RESULT: {}
RESULT: {"using":"xpath","value":"//button[@data-kt=\"masterHOAddButton\"]"}
COMMAND: POST /session/a4630a367857edf01c9aef3f553c367b/elements - {"using":"xpath","value":"//button[@data-kt=\"masterHOAddButton\"]"}
RESULT: {"using":"xpath","value":"//button[@data-kt=\"masterHOAddButton\"]"}
COMMAND: POST /session/a4630a367857edf01c9aef3f553c367b/elements - {"using":"xpath","value":"//button[@data-kt=\"masterHOAddButton\"]"}
RESULT: {"using":"xpath","value":"//button[@data-kt=\"masterHOAddButton\"]"}
COMMAND: POST /session/a4630a367857edf01c9aef3f553c367b/elements - {"using":"xpath","value":"//button[@data-kt=\"masterHOAddButton\"]"}
RESULT: {"using":"xpath","value":"//button[@data-kt=\"masterHOAddButton\"]"}
COMMAND: POST /session/a4630a367857edf01c9aef3f553c367b/elements - {"using":"xpath","value":"//button[@data-kt=\"masterHOAddButton\"]"}
RESULT: {"using":"xpath","value":"//button[@data-kt=\"masterHOAddButton\"]"}
COMMAND: POST /session/a4630a367857edf01c9aef3f553c367b/elements - {"using":"xpath","value":"//button[@data-kt=\"masterHOAddButton\"]"}
RESULT: {"using":"xpath","value":"//button[@data-kt=\"masterHOAddButton\"]"}
COMMAND: POST /session/a4630a367857edf01c9aef3f553c367b/elements - {"using":"xpath","value":"//button[@data-kt=\"masterHOAddButton\"]"}
RESULT: {"using":"xpath","value":"//button[@data-kt=\"masterHOAddButton\"]"}
COMMAND: POST /session/a4630a367857edf01c9aef3f553c367b/elements - {"using":"xpath","value":"//button[@data-kt=\"masterHOAddButton\"]"}
RESULT: {"using":"xpath","value":"//button[@data-kt=\"masterHOAddButton\"]"}
COMMAND: POST /session/a4630a367857edf01c9aef3f553c367b/elements - {"using":"xpath","value":"//button[@data-kt=\"masterHOAddButton\"]"}
RESULT: {"using":"xpath","value":"//button[@data-kt=\"masterHOAddButton\"]"}
COMMAND: POST /session/a4630a367857edf01c9aef3f553c367b/elements - {"using":"xpath","value":"//button[@data-kt=\"masterHOAddButton\"]"}
RESULT: {"using":"xpath","value":"//button[@data-kt=\"masterHOAddButton\"]"}
COMMAND: POST /session/a4630a367857edf01c9aef3f553c367b/element - {"using":"xpath","value":"//button[@data-kt=\"masterHOAddButton\"]"}
RESULT: {"using":"xpath","value":"//button[@data-kt=\"masterHOAddButton\"]"}
COMMAND: POST /session/a4630a367857edf01c9aef3f553c367b/execute/sync - {"script":"<script> [8489 bytes]","args":[{"element-6066-11e4-a52e-4f735466cecf":"f.BA980EBE539FC9CF9A2905511121682E.d.2C0ADC3BD7EA4EC41056993EB126FA18.e.3448","ELEMENT":"f.BA980EBE539FC9CF9A2905511121682E.d.2C0ADC3BD7EA4EC41056993EB126FA18.e.3448"}]}
RESULT: {"script":"<script> [8489 bytes]","args":[{"element-6066-11e4-a52e-4f735466cecf":"f.BA980EBE539FC9CF9A2905511121682E.d.2C0ADC3BD7EA4EC41056993EB126FA18.e.3448","ELEMENT":"f.BA980EBE539FC9CF9A2905511121682E.d.2C0ADC3BD7EA4EC41056993EB126FA18.e.3448"}]}
COMMAND: GET /session/a4630a367857edf01c9aef3f553c367b/element/f.BA980EBE539FC9CF9A2905511121682E.d.2C0ADC3BD7EA4EC41056993EB126FA18.e.3448/enabled - {}
COMMAND: GET /session/a4630a367857edf01c9aef3f553c367b/screenshot - {}
RESULT: {}
COMMAND: POST /session/a4630a367857edf01c9aef3f553c367b/execute/sync - {"script":"<script> [8489 bytes]","args":[{"element-6066-11e4-a52e-4f735466cecf":"f.BA980EBE539FC9CF9A2905511121682E.d.2C0ADC3BD7EA4EC41056993EB126FA18.e.3448","ELEMENT":"f.BA980EBE539FC9CF9A2905511121682E.d.2C0ADC3BD7EA4EC41056993EB126FA18.e.3448"}]}
COMMAND: GET /session/a4630a367857edf01c9aef3f553c367b/screenshot - {}
RESULT: {}
RESULT: {"script":"<script> [8489 bytes]","args":[{"element-6066-11e4-a52e-4f735466cecf":"f.BA980EBE539FC9CF9A2905511121682E.d.2C0ADC3BD7EA4EC41056993EB126FA18.e.3448","ELEMENT":"f.BA980EBE539FC9CF9A2905511121682E.d.2C0ADC3BD7EA4EC41056993EB126FA18.e.3448"}]}
COMMAND: POST /session/a4630a367857edf01c9aef3f553c367b/execute/sync - {"script":"<script> [5351 bytes]","args":[{"element-6066-11e4-a52e-4f735466cecf":"f.BA980EBE539FC9CF9A2905511121682E.d.2C0ADC3BD7EA4EC41056993EB126FA18.e.3448","ELEMENT":"f.BA980EBE539FC9CF9A2905511121682E.d.2C0ADC3BD7EA4EC41056993EB126FA18.e.3448"}]}
COMMAND: GET /session/a4630a367857edf01c9aef3f553c367b/screenshot - {}
RESULT: {}
RESULT: {"script":"<script> [5351 bytes]","args":[{"element-6066-11e4-a52e-4f735466cecf":"f.BA980EBE539FC9CF9A2905511121682E.d.2C0ADC3BD7EA4EC41056993EB126FA18.e.3448","ELEMENT":"f.BA980EBE539FC9CF9A2905511121682E.d.2C0ADC3BD7EA4EC41056993EB126FA18.e.3448"}]}
COMMAND: POST /session/a4630a367857edf01c9aef3f553c367b/element/f.BA980EBE539FC9CF9A2905511121682E.d.2C0ADC3BD7EA4EC41056993EB126FA18.e.3448/click - {}
COMMAND: GET /session/a4630a367857edf01c9aef3f553c367b/screenshot - {}
RESULT: {}
RESULT: {}
COMMAND: GET /session/a4630a367857edf01c9aef3f553c367b/screenshot - {}
RESULT: {}
RESULT: {}
COMMAND: POST /session/a4630a367857edf01c9aef3f553c367b/element - {"using":"xpath","value":"//span[contains(@id ,\"AddNewHO--typeSelect-arrow\")]"}
RESULT: {"using":"xpath","value":"//span[contains(@id ,\"AddNewHO--typeSelect-arrow\")]"}
COMMAND: POST /session/a4630a367857edf01c9aef3f553c367b/element/f.BA980EBE539FC9CF9A2905511121682E.d.2C0ADC3BD7EA4EC41056993EB126FA18.e.3798/click - {}
RESULT: {}
COMMAND: GET /session/a4630a367857edf01c9aef3f553c367b/screenshot - {}
RESULT: {}
COMMAND: POST /session/a4630a367857edf01c9aef3f553c367b/element - {"using":"xpath","value":"(//li[contains(text(), \"stock increase yard\")])[1]"}
RESULT: {"using":"xpath","value":"(//li[contains(text(), \"stock increase yard\")])[1]"}
COMMAND: POST /session/a4630a367857edf01c9aef3f553c367b/element/f.BA980EBE539FC9CF9A2905511121682E.d.2C0ADC3BD7EA4EC41056993EB126FA18.e.3799/click - {}
RESULT: {}
COMMAND: GET /session/a4630a367857edf01c9aef3f553c367b/screenshot - {}
RESULT: {}
COMMAND: POST /session/a4630a367857edf01c9aef3f553c367b/execute/async - {"script":"<script> [1562 bytes]","args":[{"selector":{"id":"application-managehandovers-display-component---AddNewHO--dueDate","interaction":{"idSuffix":"inner"}},"wdio_ui5_key":"applicationmanagehandovers-display-component---AddNewHO--dueDate"}]}
RESULT: {"script":"<script> [1562 bytes]","args":[{"selector":{"id":"application-managehandovers-display-component---AddNewHO--dueDate","interaction":{"idSuffix":"inner"}},"wdio_ui5_key":"applicationmanagehandovers-display-component---AddNewHO--dueDate"}]}
RESULT: undefined
COMMAND: POST /session/a4630a367857edf01c9aef3f553c367b/execute/async - {"script":"<script> [6424 bytes]","args":[{"element-6066-11e4-a52e-4f735466cecf":"f.BA980EBE539FC9CF9A2905511121682E.d.2C0ADC3BD7EA4EC41056993EB126FA18.e.3801"},"setValue",["05/05/2025"]]}
RESULT: {"script":"<script> [6424 bytes]","args":[{"element-6066-11e4-a52e-4f735466cecf":"f.BA980EBE539FC9CF9A2905511121682E.d.2C0ADC3BD7EA4EC41056993EB126FA18.e.3801"},"setValue",["05/05/2025"]]}
COMMAND: POST /session/a4630a367857edf01c9aef3f553c367b/element - {"using":"xpath","value":"//input[@id=\"generalSectionFrg--receiveYard-inner\"]"}
RESULT: {"using":"xpath","value":"//input[@id=\"generalSectionFrg--receiveYard-inner\"]"}
COMMAND: POST /session/a4630a367857edf01c9aef3f553c367b/element/f.BA980EBE539FC9CF9A2905511121682E.d.2C0ADC3BD7EA4EC41056993EB126FA18.e.3807/clear - {}
RESULT: {}
COMMAND: POST /session/a4630a367857edf01c9aef3f553c367b/element/f.BA980EBE539FC9CF9A2905511121682E.d.2C0ADC3BD7EA4EC41056993EB126FA18.e.3807/value - {"text":"109"}
COMMAND: GET /session/a4630a367857edf01c9aef3f553c367b/screenshot - {}
RESULT: {"text":"109"}
COMMAND: GET /session/a4630a367857edf01c9aef3f553c367b/screenshot - {}
RESULT: {}
RESULT: {}
COMMAND: POST /session/a4630a367857edf01c9aef3f553c367b/element - {"using":"xpath","value":"//li[.//span[text()='109']]"}
RESULT: {"using":"xpath","value":"//li[.//span[text()='109']]"}
COMMAND: POST /session/a4630a367857edf01c9aef3f553c367b/element/f.BA980EBE539FC9CF9A2905511121682E.d.2C0ADC3BD7EA4EC41056993EB126FA18.e.3825/click - {}
RESULT: {}
COMMAND: GET /session/a4630a367857edf01c9aef3f553c367b/screenshot - {}
RESULT: {}
COMMAND: POST /session/a4630a367857edf01c9aef3f553c367b/execute/async - {"script":"<script> [1562 bytes]","args":[{"selector":{"id":"application-managehandovers-display-component---AddNewHO--ObjectPageLayout-anchBar-application-managehandovers-display-component---AddNewHO--section4-anchor","interaction":{"idSuffix":"BDI-content"}},"wdio_ui5_key":"applicationmanagehandovers-display-component---AddNewHO--ObjectPageLayout-anchBar-application-managehandovers-display-component---AddNewHO--section4-anchor"}]}
RESULT: {"script":"<script> [1562 bytes]","args":[{"selector":{"id":"application-managehandovers-display-component---AddNewHO--ObjectPageLayout-anchBar-application-managehandovers-display-component---AddNewHO--section4-anchor","interaction":{"idSuffix":"BDI-content"}},"wdio_ui5_key":"applicationmanagehandovers-display-component---AddNewHO--ObjectPageLayout-anchBar-application-managehandovers-display-component---AddNewHO--section4-anchor"}]}
RESULT: undefined
COMMAND: POST /session/a4630a367857edf01c9aef3f553c367b/element - {"using":"xpath","value":"//*[@id=\"application-managehandovers-display-component---AddNewHO--ObjectPageLayout-anchBar-application-managehandovers-display-component---AddNewHO--section4-anchor\"]"}
RESULT: {"using":"xpath","value":"//*[@id=\"application-managehandovers-display-component---AddNewHO--ObjectPageLayout-anchBar-application-managehandovers-display-component---AddNewHO--section4-anchor\"]"}
COMMAND: POST /session/a4630a367857edf01c9aef3f553c367b/element/f.BA980EBE539FC9CF9A2905511121682E.d.2C0ADC3BD7EA4EC41056993EB126FA18.e.3827/click - {}
RESULT: {}
COMMAND: POST /session/a4630a367857edf01c9aef3f553c367b/element - {"using":"xpath","value":"//button[@aria-label=\"Add\"]"}
COMMAND: GET /session/a4630a367857edf01c9aef3f553c367b/screenshot - {}
RESULT: {"using":"xpath","value":"//button[@aria-label=\"Add\"]"}
COMMAND: POST /session/a4630a367857edf01c9aef3f553c367b/element/f.BA980EBE539FC9CF9A2905511121682E.d.2C0ADC3BD7EA4EC41056993EB126FA18.e.3829/click - {}
RESULT: {}
RESULT: {}
COMMAND: GET /session/a4630a367857edf01c9aef3f553c367b/screenshot - {}
RESULT: {}
COMMAND: POST /session/a4630a367857edf01c9aef3f553c367b/execute/async - {"script":"<script> [1562 bytes]","args":[{"selector":{"id":"application-managehandovers-display-component---AddNewHO--smartFilterBar-btnBasicSearch","searchOpenDialogs":true,"interaction":{"idSuffix":"I"}},"wdio_ui5_key":"applicationmanagehandovers-display-component---AddNewHO--smartFilterBar-btnBasicSearch"}]}
RESULT: {"script":"<script> [1562 bytes]","args":[{"selector":{"id":"application-managehandovers-display-component---AddNewHO--smartFilterBar-btnBasicSearch","searchOpenDialogs":true,"interaction":{"idSuffix":"I"}},"wdio_ui5_key":"applicationmanagehandovers-display-component---AddNewHO--smartFilterBar-btnBasicSearch"}]}
RESULT: undefined
COMMAND: POST /session/a4630a367857edf01c9aef3f553c367b/execute/async - {"script":"<script> [776 bytes]","args":[{"enterText":"Ip7767oB5R","selector":{"id":"application-managehandovers-display-component---AddNewHO--smartFilterBar-btnBasicSearch","searchOpenDialogs":true,"interaction":{"idSuffix":"I"}},"clearTextFirst":true,"interactionType":"ENTER_TEXT"}]}
RESULT: {"script":"<script> [776 bytes]","args":[{"enterText":"Ip7767oB5R","selector":{"id":"application-managehandovers-display-component---AddNewHO--smartFilterBar-btnBasicSearch","searchOpenDialogs":true,"interaction":{"idSuffix":"I"}},"clearTextFirst":true,"interactionType":"ENTER_TEXT"}]}
COMMAND: POST /session/a4630a367857edf01c9aef3f553c367b/actions - {"actions":[{"id":"action19","type":"key","parameters":{},"actions":[{"type":"keyDown","value":"î€‡"},{"type":"pause","duration":10},{"type":"keyUp","value":"î€‡"}]}]}
RESULT: {"actions":[{"id":"action19","type":"key","parameters":{},"actions":[{"type":"keyDown","value":"î€‡"},{"type":"pause","duration":10},{"type":"keyUp","value":"î€‡"}]}]}
COMMAND: GET /session/a4630a367857edf01c9aef3f553c367b/screenshot - {}
RESULT: {}
COMMAND: POST /session/a4630a367857edf01c9aef3f553c367b/execute/async - {"script":"<script> [1562 bytes]","args":[{"selector":{"id":"application-managehandovers-display-component---AddNewHO--popup-sa","searchOpenDialogs":true,"interaction":{"idSuffix":"CbBg"}},"wdio_ui5_key":"applicationmanagehandovers-display-component---AddNewHO--popup-sa"}]}
RESULT: {"script":"<script> [1562 bytes]","args":[{"selector":{"id":"application-managehandovers-display-component---AddNewHO--popup-sa","searchOpenDialogs":true,"interaction":{"idSuffix":"CbBg"}},"wdio_ui5_key":"applicationmanagehandovers-display-component---AddNewHO--popup-sa"}]}
RESULT: undefined
COMMAND: POST /session/a4630a367857edf01c9aef3f553c367b/element - {"using":"xpath","value":"//*[@id=\"application-managehandovers-display-component---AddNewHO--popup-sa\"]"}
RESULT: {"using":"xpath","value":"//*[@id=\"application-managehandovers-display-component---AddNewHO--popup-sa\"]"}
COMMAND: POST /session/a4630a367857edf01c9aef3f553c367b/element/f.BA980EBE539FC9CF9A2905511121682E.d.2C0ADC3BD7EA4EC41056993EB126FA18.e.3983/click - {}
RESULT: {}
COMMAND: GET /session/a4630a367857edf01c9aef3f553c367b/screenshot - {}
RESULT: {}
COMMAND: POST /session/a4630a367857edf01c9aef3f553c367b/element - {"using":"xpath","value":"//bdi[contains(text(), \"Select\")]"}
RESULT: {"using":"xpath","value":"//bdi[contains(text(), \"Select\")]"}
COMMAND: POST /session/a4630a367857edf01c9aef3f553c367b/element/f.BA980EBE539FC9CF9A2905511121682E.d.2C0ADC3BD7EA4EC41056993EB126FA18.e.3984/click - {}
RESULT: {}
COMMAND: GET /session/a4630a367857edf01c9aef3f553c367b/screenshot - {}
RESULT: {}
COMMAND: POST /session/a4630a367857edf01c9aef3f553c367b/element - {"using":"xpath","value":"//button[@data-kt=\"AddNewHOSaveButton\"]"}
RESULT: {"using":"xpath","value":"//button[@data-kt=\"AddNewHOSaveButton\"]"}
COMMAND: POST /session/a4630a367857edf01c9aef3f553c367b/element/f.BA980EBE539FC9CF9A2905511121682E.d.2C0ADC3BD7EA4EC41056993EB126FA18.e.3988/click - {}
RESULT: {}
COMMAND: GET /session/a4630a367857edf01c9aef3f553c367b/screenshot - {}
COMMAND: POST /session/a4630a367857edf01c9aef3f553c367b/execute/async - {"script":"<script> [1562 bytes]","args":[{"selector":{"id":"receiptDatePicker","viewName":"etm.portal.ui.managehandovers.view.DetailExecuteHO","interaction":{"idSuffix":"inner"}},"wdio_ui5_key":"receiptDatePickeretmportal.ui.managehandovers.view.DetailExecuteHO"}]}
RESULT: {}
RESULT: {"script":"<script> [1562 bytes]","args":[{"selector":{"id":"receiptDatePicker","viewName":"etm.portal.ui.managehandovers.view.DetailExecuteHO","interaction":{"idSuffix":"inner"}},"wdio_ui5_key":"receiptDatePickeretmportal.ui.managehandovers.view.DetailExecuteHO"}]}
RESULT: undefined
COMMAND: POST /session/a4630a367857edf01c9aef3f553c367b/execute/async - {"script":"<script> [6424 bytes]","args":[{"element-6066-11e4-a52e-4f735466cecf":"f.BA980EBE539FC9CF9A2905511121682E.d.2C0ADC3BD7EA4EC41056993EB126FA18.e.4015"},"setValue",["05/05/2025"]]}
RESULT: {"script":"<script> [6424 bytes]","args":[{"element-6066-11e4-a52e-4f735466cecf":"f.BA980EBE539FC9CF9A2905511121682E.d.2C0ADC3BD7EA4EC41056993EB126FA18.e.4015"},"setValue",["05/05/2025"]]}
COMMAND: POST /session/a4630a367857edf01c9aef3f553c367b/element - {"using":"xpath","value":"//button[@data-kt=\"PickingTableConfirmAllButton\"]"}
RESULT: {"using":"xpath","value":"//button[@data-kt=\"PickingTableConfirmAllButton\"]"}
COMMAND: POST /session/a4630a367857edf01c9aef3f553c367b/element/f.BA980EBE539FC9CF9A2905511121682E.d.2C0ADC3BD7EA4EC41056993EB126FA18.e.4030/click - {}
RESULT: {}
COMMAND: GET /session/a4630a367857edf01c9aef3f553c367b/screenshot - {}
RESULT: {}
COMMAND: POST /session/a4630a367857edf01c9aef3f553c367b/element - {"using":"xpath","value":"//bdi[contains(text(), \"OK\")]"}
RESULT: {"using":"xpath","value":"//bdi[contains(text(), \"OK\")]"}
COMMAND: POST /session/a4630a367857edf01c9aef3f553c367b/element/f.BA980EBE539FC9CF9A2905511121682E.d.2C0ADC3BD7EA4EC41056993EB126FA18.e.4032/click - {}
RESULT: {}
COMMAND: GET /session/a4630a367857edf01c9aef3f553c367b/screenshot - {}
RESULT: {}
COMMAND: POST /session/a4630a367857edf01c9aef3f553c367b/element - {"using":"xpath","value":"(//bdi[contains(text(), \"Receive\")])[2]"}
RESULT: {"using":"xpath","value":"(//bdi[contains(text(), \"Receive\")])[2]"}
COMMAND: POST /session/a4630a367857edf01c9aef3f553c367b/element/f.BA980EBE539FC9CF9A2905511121682E.d.2C0ADC3BD7EA4EC41056993EB126FA18.e.4034/click - {}
RESULT: {}
COMMAND: GET /session/a4630a367857edf01c9aef3f553c367b/screenshot - {}
RESULT: {}
COMMAND: POST /session/a4630a367857edf01c9aef3f553c367b/element - {"using":"css selector","value":"#shell-header-logo"}
RESULT: {"using":"css selector","value":"#shell-header-logo"}
COMMAND: POST /session/a4630a367857edf01c9aef3f553c367b/element/f.BA980EBE539FC9CF9A2905511121682E.d.2C0ADC3BD7EA4EC41056993EB126FA18.e.3420/click - {}
RESULT: {}
COMMAND: GET /session/a4630a367857edf01c9aef3f553c367b/screenshot - {}
RESULT: {}
]]></system-out>
    </testcase>
    <testcase classname="chrome.135_0_7049_96.windows.RU_Inventory_Mass_State_Change_Multiple_Items_US151066" name="Prerequisite Step 2 Should do a stock increase handover for the material" time="83.257">
      <system-out><![CDATA[
RESULT: undefined
COMMAND: POST /session/a4630a367857edf01c9aef3f553c367b/element - {"using":"xpath","value":"//*[@id=\"__tile130-title\"]"}
RESULT: {"using":"xpath","value":"//*[@id=\"__tile130-title\"]"}
COMMAND: POST /session/a4630a367857edf01c9aef3f553c367b/element/f.BA980EBE539FC9CF9A2905511121682E.d.2C0ADC3BD7EA4EC41056993EB126FA18.e.3417/click - {}
RESULT: {}
COMMAND: POST /session/a4630a367857edf01c9aef3f553c367b/element - {"using":"xpath","value":"//button[@data-kt=\"masterHOAddButton\"]"}
COMMAND: GET /session/a4630a367857edf01c9aef3f553c367b/screenshot - {}
RESULT: {"using":"xpath","value":"//button[@data-kt=\"masterHOAddButton\"]"}
COMMAND: POST /session/a4630a367857edf01c9aef3f553c367b/elements - {"using":"xpath","value":"//button[@data-kt=\"masterHOAddButton\"]"}
RESULT: {}
RESULT: {"using":"xpath","value":"//button[@data-kt=\"masterHOAddButton\"]"}
COMMAND: POST /session/a4630a367857edf01c9aef3f553c367b/execute/sync - {"script":"<script> [8489 bytes]","args":[{"element-6066-11e4-a52e-4f735466cecf":"f.BA980EBE539FC9CF9A2905511121682E.d.2C0ADC3BD7EA4EC41056993EB126FA18.e.4334","ELEMENT":"f.BA980EBE539FC9CF9A2905511121682E.d.2C0ADC3BD7EA4EC41056993EB126FA18.e.4334"}]}
RESULT: {"script":"<script> [8489 bytes]","args":[{"element-6066-11e4-a52e-4f735466cecf":"f.BA980EBE539FC9CF9A2905511121682E.d.2C0ADC3BD7EA4EC41056993EB126FA18.e.4334","ELEMENT":"f.BA980EBE539FC9CF9A2905511121682E.d.2C0ADC3BD7EA4EC41056993EB126FA18.e.4334"}]}
COMMAND: GET /session/a4630a367857edf01c9aef3f553c367b/element/f.BA980EBE539FC9CF9A2905511121682E.d.2C0ADC3BD7EA4EC41056993EB126FA18.e.4334/enabled - {}
COMMAND: GET /session/a4630a367857edf01c9aef3f553c367b/screenshot - {}
RESULT: {}
COMMAND: POST /session/a4630a367857edf01c9aef3f553c367b/execute/sync - {"script":"<script> [8489 bytes]","args":[{"element-6066-11e4-a52e-4f735466cecf":"f.BA980EBE539FC9CF9A2905511121682E.d.2C0ADC3BD7EA4EC41056993EB126FA18.e.4334","ELEMENT":"f.BA980EBE539FC9CF9A2905511121682E.d.2C0ADC3BD7EA4EC41056993EB126FA18.e.4334"}]}
COMMAND: GET /session/a4630a367857edf01c9aef3f553c367b/screenshot - {}
RESULT: {}
RESULT: {"script":"<script> [8489 bytes]","args":[{"element-6066-11e4-a52e-4f735466cecf":"f.BA980EBE539FC9CF9A2905511121682E.d.2C0ADC3BD7EA4EC41056993EB126FA18.e.4334","ELEMENT":"f.BA980EBE539FC9CF9A2905511121682E.d.2C0ADC3BD7EA4EC41056993EB126FA18.e.4334"}]}
COMMAND: POST /session/a4630a367857edf01c9aef3f553c367b/execute/sync - {"script":"<script> [5351 bytes]","args":[{"element-6066-11e4-a52e-4f735466cecf":"f.BA980EBE539FC9CF9A2905511121682E.d.2C0ADC3BD7EA4EC41056993EB126FA18.e.4334","ELEMENT":"f.BA980EBE539FC9CF9A2905511121682E.d.2C0ADC3BD7EA4EC41056993EB126FA18.e.4334"}]}
COMMAND: GET /session/a4630a367857edf01c9aef3f553c367b/screenshot - {}
RESULT: {}
RESULT: {"script":"<script> [5351 bytes]","args":[{"element-6066-11e4-a52e-4f735466cecf":"f.BA980EBE539FC9CF9A2905511121682E.d.2C0ADC3BD7EA4EC41056993EB126FA18.e.4334","ELEMENT":"f.BA980EBE539FC9CF9A2905511121682E.d.2C0ADC3BD7EA4EC41056993EB126FA18.e.4334"}]}
COMMAND: POST /session/a4630a367857edf01c9aef3f553c367b/element/f.BA980EBE539FC9CF9A2905511121682E.d.2C0ADC3BD7EA4EC41056993EB126FA18.e.4334/click - {}
COMMAND: GET /session/a4630a367857edf01c9aef3f553c367b/screenshot - {}
RESULT: {}
RESULT: {}
COMMAND: GET /session/a4630a367857edf01c9aef3f553c367b/screenshot - {}
RESULT: {}
COMMAND: POST /session/a4630a367857edf01c9aef3f553c367b/element - {"using":"xpath","value":"//span[contains(@id ,\"AddNewHO--typeSelect-arrow\")]"}
RESULT: {}
RESULT: {"using":"xpath","value":"//span[contains(@id ,\"AddNewHO--typeSelect-arrow\")]"}
COMMAND: POST /session/a4630a367857edf01c9aef3f553c367b/element/f.BA980EBE539FC9CF9A2905511121682E.d.2C0ADC3BD7EA4EC41056993EB126FA18.e.4796/click - {}
RESULT: {}
COMMAND: GET /session/a4630a367857edf01c9aef3f553c367b/screenshot - {}
RESULT: {}
COMMAND: POST /session/a4630a367857edf01c9aef3f553c367b/element - {"using":"xpath","value":"(//li[contains(text(), \"stock increase yard\")])[1]"}
RESULT: {"using":"xpath","value":"(//li[contains(text(), \"stock increase yard\")])[1]"}
COMMAND: POST /session/a4630a367857edf01c9aef3f553c367b/element/f.BA980EBE539FC9CF9A2905511121682E.d.2C0ADC3BD7EA4EC41056993EB126FA18.e.4797/click - {}
RESULT: {}
COMMAND: GET /session/a4630a367857edf01c9aef3f553c367b/screenshot - {}
RESULT: {}
RESULT: undefined
COMMAND: POST /session/a4630a367857edf01c9aef3f553c367b/execute/async - {"script":"<script> [6424 bytes]","args":[{"element-6066-11e4-a52e-4f735466cecf":"f.BA980EBE539FC9CF9A2905511121682E.d.2C0ADC3BD7EA4EC41056993EB126FA18.e.3801"},"setValue",["05/05/2025"]]}
COMMAND: POST /session/a4630a367857edf01c9aef3f553c367b/execute/async - {"script":"<script> [1562 bytes]","args":[{"selector":{"id":"application-managehandovers-display-component---AddNewHO--dueDate","interaction":{"idSuffix":"inner"}},"wdio_ui5_key":"applicationmanagehandovers-display-component---AddNewHO--dueDate"}]}
RESULT: {"script":"<script> [1562 bytes]","args":[{"selector":{"id":"application-managehandovers-display-component---AddNewHO--dueDate","interaction":{"idSuffix":"inner"}},"wdio_ui5_key":"applicationmanagehandovers-display-component---AddNewHO--dueDate"}]}
COMMAND: POST /session/a4630a367857edf01c9aef3f553c367b/execute/async - {"script":"<script> [6424 bytes]","args":[{"element-6066-11e4-a52e-4f735466cecf":"f.BA980EBE539FC9CF9A2905511121682E.d.2C0ADC3BD7EA4EC41056993EB126FA18.e.4799"},"setValue",["05/05/2025"]]}
RESULT: {"script":"<script> [6424 bytes]","args":[{"element-6066-11e4-a52e-4f735466cecf":"f.BA980EBE539FC9CF9A2905511121682E.d.2C0ADC3BD7EA4EC41056993EB126FA18.e.4799"},"setValue",["05/05/2025"]]}
COMMAND: POST /session/a4630a367857edf01c9aef3f553c367b/element - {"using":"xpath","value":"//input[@id=\"generalSectionFrg--receiveYard-inner\"]"}
RESULT: {"using":"xpath","value":"//input[@id=\"generalSectionFrg--receiveYard-inner\"]"}
COMMAND: POST /session/a4630a367857edf01c9aef3f553c367b/element/f.BA980EBE539FC9CF9A2905511121682E.d.2C0ADC3BD7EA4EC41056993EB126FA18.e.4805/clear - {}
RESULT: {}
COMMAND: POST /session/a4630a367857edf01c9aef3f553c367b/element/f.BA980EBE539FC9CF9A2905511121682E.d.2C0ADC3BD7EA4EC41056993EB126FA18.e.4805/value - {"text":"109"}
COMMAND: GET /session/a4630a367857edf01c9aef3f553c367b/screenshot - {}
RESULT: {"text":"109"}
COMMAND: GET /session/a4630a367857edf01c9aef3f553c367b/screenshot - {}
RESULT: {}
RESULT: {}
COMMAND: POST /session/a4630a367857edf01c9aef3f553c367b/element - {"using":"xpath","value":"//li[.//span[text()='109']]"}
RESULT: {"using":"xpath","value":"//li[.//span[text()='109']]"}
COMMAND: POST /session/a4630a367857edf01c9aef3f553c367b/element/f.BA980EBE539FC9CF9A2905511121682E.d.2C0ADC3BD7EA4EC41056993EB126FA18.e.4822/click - {}
RESULT: {}
COMMAND: GET /session/a4630a367857edf01c9aef3f553c367b/screenshot - {}
RESULT: {}
RESULT: undefined
COMMAND: POST /session/a4630a367857edf01c9aef3f553c367b/element - {"using":"xpath","value":"//*[@id=\"application-managehandovers-display-component---AddNewHO--ObjectPageLayout-anchBar-application-managehandovers-display-component---AddNewHO--section4-anchor\"]"}
RESULT: {"using":"xpath","value":"//*[@id=\"application-managehandovers-display-component---AddNewHO--ObjectPageLayout-anchBar-application-managehandovers-display-component---AddNewHO--section4-anchor\"]"}
COMMAND: POST /session/a4630a367857edf01c9aef3f553c367b/element/f.BA980EBE539FC9CF9A2905511121682E.d.2C0ADC3BD7EA4EC41056993EB126FA18.e.4823/click - {}
RESULT: {}
COMMAND: POST /session/a4630a367857edf01c9aef3f553c367b/element - {"using":"xpath","value":"//button[@aria-label=\"Add\"]"}
COMMAND: GET /session/a4630a367857edf01c9aef3f553c367b/screenshot - {}
RESULT: {"using":"xpath","value":"//button[@aria-label=\"Add\"]"}
COMMAND: POST /session/a4630a367857edf01c9aef3f553c367b/element/f.BA980EBE539FC9CF9A2905511121682E.d.2C0ADC3BD7EA4EC41056993EB126FA18.e.4825/click - {}
RESULT: {}
RESULT: {}
COMMAND: GET /session/a4630a367857edf01c9aef3f553c367b/screenshot - {}
RESULT: {}
RESULT: undefined
COMMAND: POST /session/a4630a367857edf01c9aef3f553c367b/execute/async - {"script":"<script> [776 bytes]","args":[{"enterText":"200328","selector":{"id":"application-managehandovers-display-component---AddNewHO--smartFilterBar-btnBasicSearch","searchOpenDialogs":true,"interaction":{"idSuffix":"I"}},"clearTextFirst":true,"interactionType":"ENTER_TEXT"}]}
RESULT: {"script":"<script> [776 bytes]","args":[{"enterText":"200328","selector":{"id":"application-managehandovers-display-component---AddNewHO--smartFilterBar-btnBasicSearch","searchOpenDialogs":true,"interaction":{"idSuffix":"I"}},"clearTextFirst":true,"interactionType":"ENTER_TEXT"}]}
COMMAND: POST /session/a4630a367857edf01c9aef3f553c367b/actions - {"actions":[{"id":"action20","type":"key","parameters":{},"actions":[{"type":"keyDown","value":"î€‡"},{"type":"pause","duration":10},{"type":"keyUp","value":"î€‡"}]}]}
RESULT: {"actions":[{"id":"action20","type":"key","parameters":{},"actions":[{"type":"keyDown","value":"î€‡"},{"type":"pause","duration":10},{"type":"keyUp","value":"î€‡"}]}]}
COMMAND: GET /session/a4630a367857edf01c9aef3f553c367b/screenshot - {}
RESULT: {}
RESULT: undefined
COMMAND: POST /session/a4630a367857edf01c9aef3f553c367b/element - {"using":"xpath","value":"//*[@id=\"application-managehandovers-display-component---AddNewHO--popup-sa\"]"}
RESULT: {"using":"xpath","value":"//*[@id=\"application-managehandovers-display-component---AddNewHO--popup-sa\"]"}
COMMAND: POST /session/a4630a367857edf01c9aef3f553c367b/element/f.BA980EBE539FC9CF9A2905511121682E.d.2C0ADC3BD7EA4EC41056993EB126FA18.e.4977/click - {}
RESULT: {}
COMMAND: GET /session/a4630a367857edf01c9aef3f553c367b/screenshot - {}
RESULT: {}
COMMAND: POST /session/a4630a367857edf01c9aef3f553c367b/element - {"using":"xpath","value":"//bdi[contains(text(), \"Select\")]"}
RESULT: {"using":"xpath","value":"//bdi[contains(text(), \"Select\")]"}
COMMAND: POST /session/a4630a367857edf01c9aef3f553c367b/element/f.BA980EBE539FC9CF9A2905511121682E.d.2C0ADC3BD7EA4EC41056993EB126FA18.e.4978/click - {}
RESULT: {}
COMMAND: GET /session/a4630a367857edf01c9aef3f553c367b/screenshot - {}
RESULT: {}
COMMAND: POST /session/a4630a367857edf01c9aef3f553c367b/element - {"using":"xpath","value":"//button[@data-kt=\"AddNewHOSaveButton\"]"}
RESULT: {"using":"xpath","value":"//button[@data-kt=\"AddNewHOSaveButton\"]"}
COMMAND: POST /session/a4630a367857edf01c9aef3f553c367b/element/f.BA980EBE539FC9CF9A2905511121682E.d.2C0ADC3BD7EA4EC41056993EB126FA18.e.4982/click - {}
RESULT: {}
COMMAND: GET /session/a4630a367857edf01c9aef3f553c367b/screenshot - {}
RESULT: {}
RESULT: undefined
COMMAND: POST /session/a4630a367857edf01c9aef3f553c367b/execute/async - {"script":"<script> [6424 bytes]","args":[{"element-6066-11e4-a52e-4f735466cecf":"f.BA980EBE539FC9CF9A2905511121682E.d.2C0ADC3BD7EA4EC41056993EB126FA18.e.4015"},"setValue",["05/05/2025"]]}
COMMAND: POST /session/a4630a367857edf01c9aef3f553c367b/execute/async - {"script":"<script> [1562 bytes]","args":[{"selector":{"id":"receiptDatePicker","viewName":"etm.portal.ui.managehandovers.view.DetailExecuteHO","interaction":{"idSuffix":"inner"}},"wdio_ui5_key":"receiptDatePickeretmportal.ui.managehandovers.view.DetailExecuteHO"}]}
RESULT: {"script":"<script> [1562 bytes]","args":[{"selector":{"id":"receiptDatePicker","viewName":"etm.portal.ui.managehandovers.view.DetailExecuteHO","interaction":{"idSuffix":"inner"}},"wdio_ui5_key":"receiptDatePickeretmportal.ui.managehandovers.view.DetailExecuteHO"}]}
COMMAND: POST /session/a4630a367857edf01c9aef3f553c367b/execute/async - {"script":"<script> [6424 bytes]","args":[{"element-6066-11e4-a52e-4f735466cecf":"f.BA980EBE539FC9CF9A2905511121682E.d.2C0ADC3BD7EA4EC41056993EB126FA18.e.5011"},"setValue",["05/05/2025"]]}
RESULT: {"script":"<script> [6424 bytes]","args":[{"element-6066-11e4-a52e-4f735466cecf":"f.BA980EBE539FC9CF9A2905511121682E.d.2C0ADC3BD7EA4EC41056993EB126FA18.e.5011"},"setValue",["05/05/2025"]]}
COMMAND: POST /session/a4630a367857edf01c9aef3f553c367b/element - {"using":"xpath","value":"//button[@data-kt=\"PickingTableConfirmAllButton\"]"}
RESULT: {"using":"xpath","value":"//button[@data-kt=\"PickingTableConfirmAllButton\"]"}
COMMAND: POST /session/a4630a367857edf01c9aef3f553c367b/element/f.BA980EBE539FC9CF9A2905511121682E.d.2C0ADC3BD7EA4EC41056993EB126FA18.e.5025/click - {}
RESULT: {}
COMMAND: GET /session/a4630a367857edf01c9aef3f553c367b/screenshot - {}
RESULT: {}
COMMAND: POST /session/a4630a367857edf01c9aef3f553c367b/element - {"using":"xpath","value":"//bdi[contains(text(), \"OK\")]"}
RESULT: {"using":"xpath","value":"//bdi[contains(text(), \"OK\")]"}
COMMAND: POST /session/a4630a367857edf01c9aef3f553c367b/element/f.BA980EBE539FC9CF9A2905511121682E.d.2C0ADC3BD7EA4EC41056993EB126FA18.e.5027/click - {}
RESULT: {}
COMMAND: GET /session/a4630a367857edf01c9aef3f553c367b/screenshot - {}
RESULT: {}
COMMAND: POST /session/a4630a367857edf01c9aef3f553c367b/element - {"using":"xpath","value":"(//bdi[contains(text(), \"Receive\")])[2]"}
RESULT: {"using":"xpath","value":"(//bdi[contains(text(), \"Receive\")])[2]"}
COMMAND: POST /session/a4630a367857edf01c9aef3f553c367b/element/f.BA980EBE539FC9CF9A2905511121682E.d.2C0ADC3BD7EA4EC41056993EB126FA18.e.5029/click - {}
RESULT: {}
COMMAND: GET /session/a4630a367857edf01c9aef3f553c367b/screenshot - {}
RESULT: {}
COMMAND: POST /session/a4630a367857edf01c9aef3f553c367b/element - {"using":"css selector","value":"#shell-header-logo"}
RESULT: {"using":"css selector","value":"#shell-header-logo"}
COMMAND: POST /session/a4630a367857edf01c9aef3f553c367b/element/f.BA980EBE539FC9CF9A2905511121682E.d.2C0ADC3BD7EA4EC41056993EB126FA18.e.4336/click - {}
RESULT: {}
COMMAND: GET /session/a4630a367857edf01c9aef3f553c367b/screenshot - {}
RESULT: {}
]]></system-out>
    </testcase>
    <testcase classname="chrome.135_0_7049_96.windows.RU_Inventory_Mass_State_Change_Multiple_Items_US151066" name="Step 2 Should do a RU inventory mass state change on chosen yard 109 with the resources created one equipment one material the existing ones too" time="314.242">
      <system-out><![CDATA[
RESULT: undefined
COMMAND: POST /session/a4630a367857edf01c9aef3f553c367b/element - {"using":"xpath","value":"//*[@id=\"__tile99\"]"}
RESULT: {"using":"xpath","value":"//*[@id=\"__tile99\"]"}
COMMAND: POST /session/a4630a367857edf01c9aef3f553c367b/element/f.BA980EBE539FC9CF9A2905511121682E.d.2C0ADC3BD7EA4EC41056993EB126FA18.e.269/click - {}
RESULT: {}
COMMAND: POST /session/a4630a367857edf01c9aef3f553c367b/element - {"using":"xpath","value":"//button[contains(@id, \"massStateBtn\")]"}
COMMAND: GET /session/a4630a367857edf01c9aef3f553c367b/screenshot - {}
RESULT: {"using":"xpath","value":"//button[contains(@id, \"massStateBtn\")]"}
COMMAND: POST /session/a4630a367857edf01c9aef3f553c367b/elements - {"using":"xpath","value":"//button[contains(@id, \"massStateBtn\")]"}
RESULT: {}
RESULT: {"using":"xpath","value":"//button[contains(@id, \"massStateBtn\")]"}
COMMAND: POST /session/a4630a367857edf01c9aef3f553c367b/execute/sync - {"script":"<script> [8489 bytes]","args":[{"element-6066-11e4-a52e-4f735466cecf":"f.BA980EBE539FC9CF9A2905511121682E.d.2C0ADC3BD7EA4EC41056993EB126FA18.e.5332","ELEMENT":"f.BA980EBE539FC9CF9A2905511121682E.d.2C0ADC3BD7EA4EC41056993EB126FA18.e.5332"}]}
RESULT: {"script":"<script> [8489 bytes]","args":[{"element-6066-11e4-a52e-4f735466cecf":"f.BA980EBE539FC9CF9A2905511121682E.d.2C0ADC3BD7EA4EC41056993EB126FA18.e.5332","ELEMENT":"f.BA980EBE539FC9CF9A2905511121682E.d.2C0ADC3BD7EA4EC41056993EB126FA18.e.5332"}]}
COMMAND: GET /session/a4630a367857edf01c9aef3f553c367b/element/f.BA980EBE539FC9CF9A2905511121682E.d.2C0ADC3BD7EA4EC41056993EB126FA18.e.5332/enabled - {}
COMMAND: GET /session/a4630a367857edf01c9aef3f553c367b/screenshot - {}
RESULT: {}
COMMAND: POST /session/a4630a367857edf01c9aef3f553c367b/execute/sync - {"script":"<script> [8489 bytes]","args":[{"element-6066-11e4-a52e-4f735466cecf":"f.BA980EBE539FC9CF9A2905511121682E.d.2C0ADC3BD7EA4EC41056993EB126FA18.e.5332","ELEMENT":"f.BA980EBE539FC9CF9A2905511121682E.d.2C0ADC3BD7EA4EC41056993EB126FA18.e.5332"}]}
COMMAND: GET /session/a4630a367857edf01c9aef3f553c367b/screenshot - {}
RESULT: {}
RESULT: {"script":"<script> [8489 bytes]","args":[{"element-6066-11e4-a52e-4f735466cecf":"f.BA980EBE539FC9CF9A2905511121682E.d.2C0ADC3BD7EA4EC41056993EB126FA18.e.5332","ELEMENT":"f.BA980EBE539FC9CF9A2905511121682E.d.2C0ADC3BD7EA4EC41056993EB126FA18.e.5332"}]}
COMMAND: POST /session/a4630a367857edf01c9aef3f553c367b/execute/sync - {"script":"<script> [5351 bytes]","args":[{"element-6066-11e4-a52e-4f735466cecf":"f.BA980EBE539FC9CF9A2905511121682E.d.2C0ADC3BD7EA4EC41056993EB126FA18.e.5332","ELEMENT":"f.BA980EBE539FC9CF9A2905511121682E.d.2C0ADC3BD7EA4EC41056993EB126FA18.e.5332"}]}
COMMAND: GET /session/a4630a367857edf01c9aef3f553c367b/screenshot - {}
RESULT: {}
RESULT: {"script":"<script> [5351 bytes]","args":[{"element-6066-11e4-a52e-4f735466cecf":"f.BA980EBE539FC9CF9A2905511121682E.d.2C0ADC3BD7EA4EC41056993EB126FA18.e.5332","ELEMENT":"f.BA980EBE539FC9CF9A2905511121682E.d.2C0ADC3BD7EA4EC41056993EB126FA18.e.5332"}]}
COMMAND: POST /session/a4630a367857edf01c9aef3f553c367b/element/f.BA980EBE539FC9CF9A2905511121682E.d.2C0ADC3BD7EA4EC41056993EB126FA18.e.5332/click - {}
COMMAND: GET /session/a4630a367857edf01c9aef3f553c367b/screenshot - {}
RESULT: {}
RESULT: {}
COMMAND: GET /session/a4630a367857edf01c9aef3f553c367b/screenshot - {}
RESULT: {}
RESULT: {}
RESULT: undefined
COMMAND: POST /session/a4630a367857edf01c9aef3f553c367b/element - {"using":"xpath","value":"//*[@id=\"application-ruinventorylist-display-component---Master--ruLocationTypeComboBox-arrow\"]"}
RESULT: {"using":"xpath","value":"//*[@id=\"application-ruinventorylist-display-component---Master--ruLocationTypeComboBox-arrow\"]"}
COMMAND: POST /session/a4630a367857edf01c9aef3f553c367b/element/f.BA980EBE539FC9CF9A2905511121682E.d.2C0ADC3BD7EA4EC41056993EB126FA18.e.5683/click - {}
RESULT: {}
COMMAND: GET /session/a4630a367857edf01c9aef3f553c367b/screenshot - {}
RESULT: {}
COMMAND: POST /session/a4630a367857edf01c9aef3f553c367b/element - {"using":"xpath","value":"//li[.//span[text()='Yard']]"}
RESULT: {"using":"xpath","value":"//li[.//span[text()='Yard']]"}
COMMAND: POST /session/a4630a367857edf01c9aef3f553c367b/element/f.BA980EBE539FC9CF9A2905511121682E.d.2C0ADC3BD7EA4EC41056993EB126FA18.e.5684/click - {}
RESULT: {}
COMMAND: GET /session/a4630a367857edf01c9aef3f553c367b/screenshot - {}
RESULT: {}
RESULT: undefined
COMMAND: POST /session/a4630a367857edf01c9aef3f553c367b/element - {"using":"xpath","value":"//*[@id=\"application-ruinventorylist-display-component---Master--smartFilterBar-filterItemControl_BASIC-YARD-vhi\"]"}
RESULT: {"using":"xpath","value":"//*[@id=\"application-ruinventorylist-display-component---Master--smartFilterBar-filterItemControl_BASIC-YARD-vhi\"]"}
COMMAND: POST /session/a4630a367857edf01c9aef3f553c367b/element/f.BA980EBE539FC9CF9A2905511121682E.d.2C0ADC3BD7EA4EC41056993EB126FA18.e.5753/click - {}
RESULT: {}
COMMAND: GET /session/a4630a367857edf01c9aef3f553c367b/screenshot - {}
RESULT: {}
RESULT: undefined
COMMAND: POST /session/a4630a367857edf01c9aef3f553c367b/execute/async - {"script":"<script> [776 bytes]","args":[{"enterText":"109","selector":{"id":"application-ruinventorylist-display-component---Master--smartFilterBar-filterItemControl_BASIC-YARD-valueHelpDialog-smartFilterBar-btnBasicSearch","searchOpenDialogs":true,"interaction":{"idSuffix":"I"}},"clearTextFirst":true,"interactionType":"ENTER_TEXT"}]}
RESULT: {"script":"<script> [776 bytes]","args":[{"enterText":"109","selector":{"id":"application-ruinventorylist-display-component---Master--smartFilterBar-filterItemControl_BASIC-YARD-valueHelpDialog-smartFilterBar-btnBasicSearch","searchOpenDialogs":true,"interaction":{"idSuffix":"I"}},"clearTextFirst":true,"interactionType":"ENTER_TEXT"}]}
COMMAND: POST /session/a4630a367857edf01c9aef3f553c367b/actions - {"actions":[{"id":"action21","type":"key","parameters":{},"actions":[{"type":"keyDown","value":"î€‡"},{"type":"pause","duration":10},{"type":"keyUp","value":"î€‡"}]}]}
RESULT: {"actions":[{"id":"action21","type":"key","parameters":{},"actions":[{"type":"keyDown","value":"î€‡"},{"type":"pause","duration":10},{"type":"keyUp","value":"î€‡"}]}]}
COMMAND: GET /session/a4630a367857edf01c9aef3f553c367b/screenshot - {}
RESULT: {}
COMMAND: POST /session/a4630a367857edf01c9aef3f553c367b/elements - {"using":"xpath","value":"//table[contains(@id, \"filterItemControl_BASIC-YARD-valueHelpDialog-table-table\")]/tbody/tr"}
RESULT: {"using":"xpath","value":"//table[contains(@id, \"filterItemControl_BASIC-YARD-valueHelpDialog-table-table\")]/tbody/tr"}
COMMAND: POST /session/a4630a367857edf01c9aef3f553c367b/element - {"using":"xpath","value":"//table[contains(@id, \"filterItemControl_BASIC-YARD-valueHelpDialog-table-table\")]/tbody/tr[1]/td[1]/div/span"}
RESULT: {"using":"xpath","value":"//table[contains(@id, \"filterItemControl_BASIC-YARD-valueHelpDialog-table-table\")]/tbody/tr[1]/td[1]/div/span"}
COMMAND: POST /session/a4630a367857edf01c9aef3f553c367b/elements - {"using":"xpath","value":"//table[contains(@id, \"filterItemControl_BASIC-YARD-valueHelpDialog-table-table\")]/tbody/tr[1]/td[1]/div/span"}
RESULT: {"using":"xpath","value":"//table[contains(@id, \"filterItemControl_BASIC-YARD-valueHelpDialog-table-table\")]/tbody/tr[1]/td[1]/div/span"}
COMMAND: POST /session/a4630a367857edf01c9aef3f553c367b/execute/sync - {"script":"<script> [56 bytes]","args":[{"element-6066-11e4-a52e-4f735466cecf":"f.BA980EBE539FC9CF9A2905511121682E.d.2C0ADC3BD7EA4EC41056993EB126FA18.e.5773","ELEMENT":"f.BA980EBE539FC9CF9A2905511121682E.d.2C0ADC3BD7EA4EC41056993EB126FA18.e.5773"}]}
RESULT: {"script":"<script> [56 bytes]","args":[{"element-6066-11e4-a52e-4f735466cecf":"f.BA980EBE539FC9CF9A2905511121682E.d.2C0ADC3BD7EA4EC41056993EB126FA18.e.5773","ELEMENT":"f.BA980EBE539FC9CF9A2905511121682E.d.2C0ADC3BD7EA4EC41056993EB126FA18.e.5773"}]}
COMMAND: POST /session/a4630a367857edf01c9aef3f553c367b/element - {"using":"xpath","value":"//div[contains(@id, \"filterItemControl_BASIC-YARD-valueHelpDialog-table-rowsel0\")]"}
COMMAND: GET /session/a4630a367857edf01c9aef3f553c367b/screenshot - {}
RESULT: {"using":"xpath","value":"//div[contains(@id, \"filterItemControl_BASIC-YARD-valueHelpDialog-table-rowsel0\")]"}
COMMAND: POST /session/a4630a367857edf01c9aef3f553c367b/element/f.BA980EBE539FC9CF9A2905511121682E.d.2C0ADC3BD7EA4EC41056993EB126FA18.e.5774/click - {}
RESULT: {}
RESULT: {}
COMMAND: GET /session/a4630a367857edf01c9aef3f553c367b/screenshot - {}
RESULT: {}
COMMAND: POST /session/a4630a367857edf01c9aef3f553c367b/element - {"using":"xpath","value":"//div[contains(@id, \"smartFilterBar-filterItemControl_BASIC-YARD-valueHelpDialog-smartFilterBar-btnBasicSearch-reset\")]"}
RESULT: {"using":"xpath","value":"//div[contains(@id, \"smartFilterBar-filterItemControl_BASIC-YARD-valueHelpDialog-smartFilterBar-btnBasicSearch-reset\")]"}
COMMAND: POST /session/a4630a367857edf01c9aef3f553c367b/element/f.BA980EBE539FC9CF9A2905511121682E.d.2C0ADC3BD7EA4EC41056993EB126FA18.e.5776/click - {}
RESULT: {}
RESULT: undefined
COMMAND: POST /session/a4630a367857edf01c9aef3f553c367b/execute/async - {"script":"<script> [776 bytes]","args":[{"enterText":"OPA5_BST01_YARD1","selector":{"id":"application-ruinventorylist-display-component---Master--smartFilterBar-filterItemControl_BASIC-YARD-valueHelpDialog-smartFilterBar-btnBasicSearch","searchOpenDialogs":true,"interaction":{"idSuffix":"I"}},"clearTextFirst":true,"interactionType":"ENTER_TEXT"}]}
COMMAND: GET /session/a4630a367857edf01c9aef3f553c367b/screenshot - {}
RESULT: {"script":"<script> [776 bytes]","args":[{"enterText":"OPA5_BST01_YARD1","selector":{"id":"application-ruinventorylist-display-component---Master--smartFilterBar-filterItemControl_BASIC-YARD-valueHelpDialog-smartFilterBar-btnBasicSearch","searchOpenDialogs":true,"interaction":{"idSuffix":"I"}},"clearTextFirst":true,"interactionType":"ENTER_TEXT"}]}
COMMAND: POST /session/a4630a367857edf01c9aef3f553c367b/actions - {"actions":[{"id":"action22","type":"key","parameters":{},"actions":[{"type":"keyDown","value":"î€‡"},{"type":"pause","duration":10},{"type":"keyUp","value":"î€‡"}]}]}
RESULT: {}
RESULT: {"actions":[{"id":"action22","type":"key","parameters":{},"actions":[{"type":"keyDown","value":"î€‡"},{"type":"pause","duration":10},{"type":"keyUp","value":"î€‡"}]}]}
COMMAND: GET /session/a4630a367857edf01c9aef3f553c367b/screenshot - {}
RESULT: {}
COMMAND: POST /session/a4630a367857edf01c9aef3f553c367b/elements - {"using":"xpath","value":"//table[contains(@id, \"filterItemControl_BASIC-YARD-valueHelpDialog-table-table\")]/tbody/tr"}
RESULT: {"using":"xpath","value":"//table[contains(@id, \"filterItemControl_BASIC-YARD-valueHelpDialog-table-table\")]/tbody/tr"}
COMMAND: POST /session/a4630a367857edf01c9aef3f553c367b/element - {"using":"xpath","value":"//table[contains(@id, \"filterItemControl_BASIC-YARD-valueHelpDialog-table-table\")]/tbody/tr[1]/td[1]/div/span"}
RESULT: {"using":"xpath","value":"//table[contains(@id, \"filterItemControl_BASIC-YARD-valueHelpDialog-table-table\")]/tbody/tr[1]/td[1]/div/span"}
COMMAND: POST /session/a4630a367857edf01c9aef3f553c367b/elements - {"using":"xpath","value":"//table[contains(@id, \"filterItemControl_BASIC-YARD-valueHelpDialog-table-table\")]/tbody/tr[1]/td[1]/div/span"}
RESULT: {"using":"xpath","value":"//table[contains(@id, \"filterItemControl_BASIC-YARD-valueHelpDialog-table-table\")]/tbody/tr[1]/td[1]/div/span"}
COMMAND: POST /session/a4630a367857edf01c9aef3f553c367b/execute/sync - {"script":"<script> [56 bytes]","args":[{"element-6066-11e4-a52e-4f735466cecf":"f.BA980EBE539FC9CF9A2905511121682E.d.2C0ADC3BD7EA4EC41056993EB126FA18.e.5773","ELEMENT":"f.BA980EBE539FC9CF9A2905511121682E.d.2C0ADC3BD7EA4EC41056993EB126FA18.e.5773"}]}
RESULT: {"script":"<script> [56 bytes]","args":[{"element-6066-11e4-a52e-4f735466cecf":"f.BA980EBE539FC9CF9A2905511121682E.d.2C0ADC3BD7EA4EC41056993EB126FA18.e.5773","ELEMENT":"f.BA980EBE539FC9CF9A2905511121682E.d.2C0ADC3BD7EA4EC41056993EB126FA18.e.5773"}]}
COMMAND: POST /session/a4630a367857edf01c9aef3f553c367b/element - {"using":"xpath","value":"//div[contains(@id, \"filterItemControl_BASIC-YARD-valueHelpDialog-table-rowsel0\")]"}
COMMAND: GET /session/a4630a367857edf01c9aef3f553c367b/screenshot - {}
RESULT: {"using":"xpath","value":"//div[contains(@id, \"filterItemControl_BASIC-YARD-valueHelpDialog-table-rowsel0\")]"}
COMMAND: POST /session/a4630a367857edf01c9aef3f553c367b/element/f.BA980EBE539FC9CF9A2905511121682E.d.2C0ADC3BD7EA4EC41056993EB126FA18.e.5774/click - {}
RESULT: {}
RESULT: {}
COMMAND: GET /session/a4630a367857edf01c9aef3f553c367b/screenshot - {}
RESULT: {}
COMMAND: POST /session/a4630a367857edf01c9aef3f553c367b/element - {"using":"xpath","value":"(//bdi[contains(text(), \"OK\")])[1]"}
RESULT: {"using":"xpath","value":"(//bdi[contains(text(), \"OK\")])[1]"}
COMMAND: POST /session/a4630a367857edf01c9aef3f553c367b/element/f.BA980EBE539FC9CF9A2905511121682E.d.2C0ADC3BD7EA4EC41056993EB126FA18.e.5777/click - {}
RESULT: {}
COMMAND: GET /session/a4630a367857edf01c9aef3f553c367b/screenshot - {}
RESULT: {}
COMMAND: POST /session/a4630a367857edf01c9aef3f553c367b/element - {"using":"xpath","value":"//span[@id=\"application-ruinventorylist-display-component---Master--smartTableRuInventoryList-header-inner\"]"}
RESULT: {"using":"xpath","value":"//span[@id=\"application-ruinventorylist-display-component---Master--smartTableRuInventoryList-header-inner\"]"}
COMMAND: POST /session/a4630a367857edf01c9aef3f553c367b/elements - {"using":"xpath","value":"//span[@id=\"application-ruinventorylist-display-component---Master--smartTableRuInventoryList-header-inner\"]"}
RESULT: {"using":"xpath","value":"//span[@id=\"application-ruinventorylist-display-component---Master--smartTableRuInventoryList-header-inner\"]"}
COMMAND: POST /session/a4630a367857edf01c9aef3f553c367b/execute/sync - {"script":"<script> [56 bytes]","args":[{"element-6066-11e4-a52e-4f735466cecf":"f.BA980EBE539FC9CF9A2905511121682E.d.2C0ADC3BD7EA4EC41056993EB126FA18.e.5937","ELEMENT":"f.BA980EBE539FC9CF9A2905511121682E.d.2C0ADC3BD7EA4EC41056993EB126FA18.e.5937"}]}
RESULT: {"script":"<script> [56 bytes]","args":[{"element-6066-11e4-a52e-4f735466cecf":"f.BA980EBE539FC9CF9A2905511121682E.d.2C0ADC3BD7EA4EC41056993EB126FA18.e.5937","ELEMENT":"f.BA980EBE539FC9CF9A2905511121682E.d.2C0ADC3BD7EA4EC41056993EB126FA18.e.5937"}]}
RESULT: undefined
COMMAND: POST /session/a4630a367857edf01c9aef3f553c367b/execute/async - {"script":"<script> [776 bytes]","args":[{"enterText":"600002","selector":{"id":"application-ruinventorylist-display-component---Master--smartFilterBar-btnBasicSearch","interaction":{"idSuffix":"I"}},"clearTextFirst":true,"interactionType":"ENTER_TEXT"}]}
COMMAND: GET /session/a4630a367857edf01c9aef3f553c367b/screenshot - {}
RESULT: {"script":"<script> [776 bytes]","args":[{"enterText":"600002","selector":{"id":"application-ruinventorylist-display-component---Master--smartFilterBar-btnBasicSearch","interaction":{"idSuffix":"I"}},"clearTextFirst":true,"interactionType":"ENTER_TEXT"}]}
COMMAND: POST /session/a4630a367857edf01c9aef3f553c367b/actions - {"actions":[{"id":"action23","type":"key","parameters":{},"actions":[{"type":"keyDown","value":"î€‡"},{"type":"pause","duration":10},{"type":"keyUp","value":"î€‡"}]}]}
RESULT: {}
RESULT: {"actions":[{"id":"action23","type":"key","parameters":{},"actions":[{"type":"keyDown","value":"î€‡"},{"type":"pause","duration":10},{"type":"keyUp","value":"î€‡"}]}]}
COMMAND: GET /session/a4630a367857edf01c9aef3f553c367b/screenshot - {}
RESULT: {}
COMMAND: POST /session/a4630a367857edf01c9aef3f553c367b/element - {"using":"xpath","value":"//span[@id=\"application-ruinventorylist-display-component---Master--smartTableRuInventoryList-header-inner\"]"}
RESULT: {"using":"xpath","value":"//span[@id=\"application-ruinventorylist-display-component---Master--smartTableRuInventoryList-header-inner\"]"}
COMMAND: POST /session/a4630a367857edf01c9aef3f553c367b/elements - {"using":"xpath","value":"//span[@id=\"application-ruinventorylist-display-component---Master--smartTableRuInventoryList-header-inner\"]"}
RESULT: {"using":"xpath","value":"//span[@id=\"application-ruinventorylist-display-component---Master--smartTableRuInventoryList-header-inner\"]"}
COMMAND: POST /session/a4630a367857edf01c9aef3f553c367b/execute/sync - {"script":"<script> [56 bytes]","args":[{"element-6066-11e4-a52e-4f735466cecf":"f.BA980EBE539FC9CF9A2905511121682E.d.2C0ADC3BD7EA4EC41056993EB126FA18.e.5937","ELEMENT":"f.BA980EBE539FC9CF9A2905511121682E.d.2C0ADC3BD7EA4EC41056993EB126FA18.e.5937"}]}
RESULT: {"script":"<script> [56 bytes]","args":[{"element-6066-11e4-a52e-4f735466cecf":"f.BA980EBE539FC9CF9A2905511121682E.d.2C0ADC3BD7EA4EC41056993EB126FA18.e.5937","ELEMENT":"f.BA980EBE539FC9CF9A2905511121682E.d.2C0ADC3BD7EA4EC41056993EB126FA18.e.5937"}]}
COMMAND: POST /session/a4630a367857edf01c9aef3f553c367b/element - {"using":"xpath","value":"//table[contains(@id, \"application-ruinventorylist-display-component---Master--tableRuInventoryList-listUl\")]/tbody/tr[1]/td[2]/div/div"}
COMMAND: GET /session/a4630a367857edf01c9aef3f553c367b/screenshot - {}
RESULT: {"using":"xpath","value":"//table[contains(@id, \"application-ruinventorylist-display-component---Master--tableRuInventoryList-listUl\")]/tbody/tr[1]/td[2]/div/div"}
COMMAND: POST /session/a4630a367857edf01c9aef3f553c367b/element/f.BA980EBE539FC9CF9A2905511121682E.d.2C0ADC3BD7EA4EC41056993EB126FA18.e.5944/click - {}
RESULT: {}
RESULT: {}
COMMAND: GET /session/a4630a367857edf01c9aef3f553c367b/screenshot - {}
RESULT: {}
COMMAND: POST /session/a4630a367857edf01c9aef3f553c367b/element - {"using":"xpath","value":"//div[contains(@id, \"smartFilterBar-btnBasicSearch-reset\")]"}
RESULT: {"using":"xpath","value":"//div[contains(@id, \"smartFilterBar-btnBasicSearch-reset\")]"}
COMMAND: POST /session/a4630a367857edf01c9aef3f553c367b/element/f.BA980EBE539FC9CF9A2905511121682E.d.2C0ADC3BD7EA4EC41056993EB126FA18.e.5954/click - {}
RESULT: {}
COMMAND: GET /session/a4630a367857edf01c9aef3f553c367b/screenshot - {}
RESULT: {}
RESULT: undefined
COMMAND: POST /session/a4630a367857edf01c9aef3f553c367b/execute/async - {"script":"<script> [776 bytes]","args":[{"enterText":"401002","selector":{"id":"application-ruinventorylist-display-component---Master--smartFilterBar-btnBasicSearch","interaction":{"idSuffix":"I"}},"clearTextFirst":true,"interactionType":"ENTER_TEXT"}]}
RESULT: {"script":"<script> [776 bytes]","args":[{"enterText":"401002","selector":{"id":"application-ruinventorylist-display-component---Master--smartFilterBar-btnBasicSearch","interaction":{"idSuffix":"I"}},"clearTextFirst":true,"interactionType":"ENTER_TEXT"}]}
COMMAND: POST /session/a4630a367857edf01c9aef3f553c367b/actions - {"actions":[{"id":"action24","type":"key","parameters":{},"actions":[{"type":"keyDown","value":"î€‡"},{"type":"pause","duration":10},{"type":"keyUp","value":"î€‡"}]}]}
RESULT: {"actions":[{"id":"action24","type":"key","parameters":{},"actions":[{"type":"keyDown","value":"î€‡"},{"type":"pause","duration":10},{"type":"keyUp","value":"î€‡"}]}]}
COMMAND: GET /session/a4630a367857edf01c9aef3f553c367b/screenshot - {}
RESULT: {}
COMMAND: POST /session/a4630a367857edf01c9aef3f553c367b/element - {"using":"xpath","value":"//span[@id=\"application-ruinventorylist-display-component---Master--smartTableRuInventoryList-header-inner\"]"}
RESULT: {"using":"xpath","value":"//span[@id=\"application-ruinventorylist-display-component---Master--smartTableRuInventoryList-header-inner\"]"}
COMMAND: POST /session/a4630a367857edf01c9aef3f553c367b/elements - {"using":"xpath","value":"//span[@id=\"application-ruinventorylist-display-component---Master--smartTableRuInventoryList-header-inner\"]"}
RESULT: {"using":"xpath","value":"//span[@id=\"application-ruinventorylist-display-component---Master--smartTableRuInventoryList-header-inner\"]"}
COMMAND: POST /session/a4630a367857edf01c9aef3f553c367b/execute/sync - {"script":"<script> [56 bytes]","args":[{"element-6066-11e4-a52e-4f735466cecf":"f.BA980EBE539FC9CF9A2905511121682E.d.2C0ADC3BD7EA4EC41056993EB126FA18.e.5937","ELEMENT":"f.BA980EBE539FC9CF9A2905511121682E.d.2C0ADC3BD7EA4EC41056993EB126FA18.e.5937"}]}
RESULT: {"script":"<script> [56 bytes]","args":[{"element-6066-11e4-a52e-4f735466cecf":"f.BA980EBE539FC9CF9A2905511121682E.d.2C0ADC3BD7EA4EC41056993EB126FA18.e.5937","ELEMENT":"f.BA980EBE539FC9CF9A2905511121682E.d.2C0ADC3BD7EA4EC41056993EB126FA18.e.5937"}]}
COMMAND: POST /session/a4630a367857edf01c9aef3f553c367b/element - {"using":"xpath","value":"//table[contains(@id, \"application-ruinventorylist-display-component---Master--tableRuInventoryList-listUl\")]/tbody/tr[1]/td[2]/div/div"}
COMMAND: GET /session/a4630a367857edf01c9aef3f553c367b/screenshot - {}
RESULT: {"using":"xpath","value":"//table[contains(@id, \"application-ruinventorylist-display-component---Master--tableRuInventoryList-listUl\")]/tbody/tr[1]/td[2]/div/div"}
COMMAND: POST /session/a4630a367857edf01c9aef3f553c367b/element/f.BA980EBE539FC9CF9A2905511121682E.d.2C0ADC3BD7EA4EC41056993EB126FA18.e.6129/click - {}
RESULT: {}
RESULT: {}
COMMAND: GET /session/a4630a367857edf01c9aef3f553c367b/screenshot - {}
RESULT: {}
COMMAND: POST /session/a4630a367857edf01c9aef3f553c367b/element - {"using":"xpath","value":"//div[contains(@id, \"smartFilterBar-btnBasicSearch-reset\")]"}
RESULT: {"using":"xpath","value":"//div[contains(@id, \"smartFilterBar-btnBasicSearch-reset\")]"}
COMMAND: POST /session/a4630a367857edf01c9aef3f553c367b/element/f.BA980EBE539FC9CF9A2905511121682E.d.2C0ADC3BD7EA4EC41056993EB126FA18.e.5954/click - {}
RESULT: {}
COMMAND: GET /session/a4630a367857edf01c9aef3f553c367b/screenshot - {}
RESULT: {}
RESULT: undefined
COMMAND: POST /session/a4630a367857edf01c9aef3f553c367b/execute/async - {"script":"<script> [776 bytes]","args":[{"enterText":"Ip7767oB5R","selector":{"id":"application-ruinventorylist-display-component---Master--smartFilterBar-btnBasicSearch","interaction":{"idSuffix":"I"}},"clearTextFirst":true,"interactionType":"ENTER_TEXT"}]}
RESULT: {"script":"<script> [776 bytes]","args":[{"enterText":"Ip7767oB5R","selector":{"id":"application-ruinventorylist-display-component---Master--smartFilterBar-btnBasicSearch","interaction":{"idSuffix":"I"}},"clearTextFirst":true,"interactionType":"ENTER_TEXT"}]}
COMMAND: POST /session/a4630a367857edf01c9aef3f553c367b/actions - {"actions":[{"id":"action25","type":"key","parameters":{},"actions":[{"type":"keyDown","value":"î€‡"},{"type":"pause","duration":10},{"type":"keyUp","value":"î€‡"}]}]}
RESULT: {"actions":[{"id":"action25","type":"key","parameters":{},"actions":[{"type":"keyDown","value":"î€‡"},{"type":"pause","duration":10},{"type":"keyUp","value":"î€‡"}]}]}
COMMAND: GET /session/a4630a367857edf01c9aef3f553c367b/screenshot - {}
RESULT: {}
COMMAND: POST /session/a4630a367857edf01c9aef3f553c367b/element - {"using":"xpath","value":"//span[@id=\"application-ruinventorylist-display-component---Master--smartTableRuInventoryList-header-inner\"]"}
RESULT: {"using":"xpath","value":"//span[@id=\"application-ruinventorylist-display-component---Master--smartTableRuInventoryList-header-inner\"]"}
COMMAND: POST /session/a4630a367857edf01c9aef3f553c367b/elements - {"using":"xpath","value":"//span[@id=\"application-ruinventorylist-display-component---Master--smartTableRuInventoryList-header-inner\"]"}
RESULT: {"using":"xpath","value":"//span[@id=\"application-ruinventorylist-display-component---Master--smartTableRuInventoryList-header-inner\"]"}
COMMAND: POST /session/a4630a367857edf01c9aef3f553c367b/execute/sync - {"script":"<script> [56 bytes]","args":[{"element-6066-11e4-a52e-4f735466cecf":"f.BA980EBE539FC9CF9A2905511121682E.d.2C0ADC3BD7EA4EC41056993EB126FA18.e.5937","ELEMENT":"f.BA980EBE539FC9CF9A2905511121682E.d.2C0ADC3BD7EA4EC41056993EB126FA18.e.5937"}]}
RESULT: {"script":"<script> [56 bytes]","args":[{"element-6066-11e4-a52e-4f735466cecf":"f.BA980EBE539FC9CF9A2905511121682E.d.2C0ADC3BD7EA4EC41056993EB126FA18.e.5937","ELEMENT":"f.BA980EBE539FC9CF9A2905511121682E.d.2C0ADC3BD7EA4EC41056993EB126FA18.e.5937"}]}
COMMAND: POST /session/a4630a367857edf01c9aef3f553c367b/element - {"using":"xpath","value":"//table[contains(@id, \"application-ruinventorylist-display-component---Master--tableRuInventoryList-listUl\")]/tbody/tr[1]/td[2]/div/div"}
COMMAND: GET /session/a4630a367857edf01c9aef3f553c367b/screenshot - {}
RESULT: {"using":"xpath","value":"//table[contains(@id, \"application-ruinventorylist-display-component---Master--tableRuInventoryList-listUl\")]/tbody/tr[1]/td[2]/div/div"}
COMMAND: POST /session/a4630a367857edf01c9aef3f553c367b/element/f.BA980EBE539FC9CF9A2905511121682E.d.2C0ADC3BD7EA4EC41056993EB126FA18.e.6317/click - {}
RESULT: {}
RESULT: {}
COMMAND: GET /session/a4630a367857edf01c9aef3f553c367b/screenshot - {}
RESULT: {}
COMMAND: POST /session/a4630a367857edf01c9aef3f553c367b/element - {"using":"xpath","value":"//div[contains(@id, \"smartFilterBar-btnBasicSearch-reset\")]"}
RESULT: {"using":"xpath","value":"//div[contains(@id, \"smartFilterBar-btnBasicSearch-reset\")]"}
COMMAND: POST /session/a4630a367857edf01c9aef3f553c367b/element/f.BA980EBE539FC9CF9A2905511121682E.d.2C0ADC3BD7EA4EC41056993EB126FA18.e.5954/click - {}
RESULT: {}
COMMAND: GET /session/a4630a367857edf01c9aef3f553c367b/screenshot - {}
RESULT: {}
RESULT: undefined
COMMAND: POST /session/a4630a367857edf01c9aef3f553c367b/execute/async - {"script":"<script> [776 bytes]","args":[{"enterText":"200328","selector":{"id":"application-ruinventorylist-display-component---Master--smartFilterBar-btnBasicSearch","interaction":{"idSuffix":"I"}},"clearTextFirst":true,"interactionType":"ENTER_TEXT"}]}
RESULT: {"script":"<script> [776 bytes]","args":[{"enterText":"200328","selector":{"id":"application-ruinventorylist-display-component---Master--smartFilterBar-btnBasicSearch","interaction":{"idSuffix":"I"}},"clearTextFirst":true,"interactionType":"ENTER_TEXT"}]}
COMMAND: POST /session/a4630a367857edf01c9aef3f553c367b/actions - {"actions":[{"id":"action26","type":"key","parameters":{},"actions":[{"type":"keyDown","value":"î€‡"},{"type":"pause","duration":10},{"type":"keyUp","value":"î€‡"}]}]}
RESULT: {"actions":[{"id":"action26","type":"key","parameters":{},"actions":[{"type":"keyDown","value":"î€‡"},{"type":"pause","duration":10},{"type":"keyUp","value":"î€‡"}]}]}
COMMAND: GET /session/a4630a367857edf01c9aef3f553c367b/screenshot - {}
RESULT: {}
COMMAND: POST /session/a4630a367857edf01c9aef3f553c367b/element - {"using":"xpath","value":"//span[@id=\"application-ruinventorylist-display-component---Master--smartTableRuInventoryList-header-inner\"]"}
RESULT: {"using":"xpath","value":"//span[@id=\"application-ruinventorylist-display-component---Master--smartTableRuInventoryList-header-inner\"]"}
COMMAND: POST /session/a4630a367857edf01c9aef3f553c367b/elements - {"using":"xpath","value":"//span[@id=\"application-ruinventorylist-display-component---Master--smartTableRuInventoryList-header-inner\"]"}
RESULT: {"using":"xpath","value":"//span[@id=\"application-ruinventorylist-display-component---Master--smartTableRuInventoryList-header-inner\"]"}
COMMAND: POST /session/a4630a367857edf01c9aef3f553c367b/execute/sync - {"script":"<script> [56 bytes]","args":[{"element-6066-11e4-a52e-4f735466cecf":"f.BA980EBE539FC9CF9A2905511121682E.d.2C0ADC3BD7EA4EC41056993EB126FA18.e.5937","ELEMENT":"f.BA980EBE539FC9CF9A2905511121682E.d.2C0ADC3BD7EA4EC41056993EB126FA18.e.5937"}]}
RESULT: {"script":"<script> [56 bytes]","args":[{"element-6066-11e4-a52e-4f735466cecf":"f.BA980EBE539FC9CF9A2905511121682E.d.2C0ADC3BD7EA4EC41056993EB126FA18.e.5937","ELEMENT":"f.BA980EBE539FC9CF9A2905511121682E.d.2C0ADC3BD7EA4EC41056993EB126FA18.e.5937"}]}
COMMAND: POST /session/a4630a367857edf01c9aef3f553c367b/element - {"using":"xpath","value":"//table[contains(@id, \"application-ruinventorylist-display-component---Master--tableRuInventoryList-listUl\")]/tbody/tr[1]/td[2]/div/div"}
COMMAND: GET /session/a4630a367857edf01c9aef3f553c367b/screenshot - {}
RESULT: {"using":"xpath","value":"//table[contains(@id, \"application-ruinventorylist-display-component---Master--tableRuInventoryList-listUl\")]/tbody/tr[1]/td[2]/div/div"}
COMMAND: POST /session/a4630a367857edf01c9aef3f553c367b/element/f.BA980EBE539FC9CF9A2905511121682E.d.2C0ADC3BD7EA4EC41056993EB126FA18.e.6504/click - {}
RESULT: {}
RESULT: {}
COMMAND: GET /session/a4630a367857edf01c9aef3f553c367b/screenshot - {}
RESULT: {}
COMMAND: POST /session/a4630a367857edf01c9aef3f553c367b/element - {"using":"xpath","value":"//div[contains(@id, \"smartFilterBar-btnBasicSearch-reset\")]"}
RESULT: {"using":"xpath","value":"//div[contains(@id, \"smartFilterBar-btnBasicSearch-reset\")]"}
COMMAND: POST /session/a4630a367857edf01c9aef3f553c367b/element/f.BA980EBE539FC9CF9A2905511121682E.d.2C0ADC3BD7EA4EC41056993EB126FA18.e.5954/click - {}
RESULT: {}
COMMAND: GET /session/a4630a367857edf01c9aef3f553c367b/screenshot - {}
RESULT: {}
COMMAND: POST /session/a4630a367857edf01c9aef3f553c367b/element/f.BA980EBE539FC9CF9A2905511121682E.d.2C0ADC3BD7EA4EC41056993EB126FA18.e.5332/click - {}
RESULT: {}
COMMAND: GET /session/a4630a367857edf01c9aef3f553c367b/screenshot - {}
RESULT: {}
COMMAND: POST /session/a4630a367857edf01c9aef3f553c367b/execute/async - {"script":"<script> [1562 bytes]","args":[{"selector":{"id":"application-ruinventorylist-display-component---Master--effectiveDate","searchOpenDialogs":true,"interaction":{"idSuffix":"inner"}},"wdio_ui5_key":"applicationruinventorylist-display-component---Master--effectiveDate"}]}
RESULT: {"script":"<script> [1562 bytes]","args":[{"selector":{"id":"application-ruinventorylist-display-component---Master--effectiveDate","searchOpenDialogs":true,"interaction":{"idSuffix":"inner"}},"wdio_ui5_key":"applicationruinventorylist-display-component---Master--effectiveDate"}]}
RESULT: undefined
COMMAND: POST /session/a4630a367857edf01c9aef3f553c367b/execute/async - {"script":"<script> [776 bytes]","args":[{"enterText":"05/04/25","selector":{"id":"application-ruinventorylist-display-component---Master--effectiveDate","searchOpenDialogs":true,"interaction":{"idSuffix":"inner"}},"clearTextFirst":true,"interactionType":"ENTER_TEXT"}]}
RESULT: {"script":"<script> [776 bytes]","args":[{"enterText":"05/04/25","selector":{"id":"application-ruinventorylist-display-component---Master--effectiveDate","searchOpenDialogs":true,"interaction":{"idSuffix":"inner"}},"clearTextFirst":true,"interactionType":"ENTER_TEXT"}]}
COMMAND: POST /session/a4630a367857edf01c9aef3f553c367b/element - {"using":"xpath","value":"//span[contains(@data-kt,\"correctionMassStateChangeIcon\")]"}
RESULT: {"using":"xpath","value":"//span[contains(@data-kt,\"correctionMassStateChangeIcon\")]"}
COMMAND: POST /session/a4630a367857edf01c9aef3f553c367b/elements - {"using":"xpath","value":"//span[contains(@data-kt,\"correctionMassStateChangeIcon\")]"}
RESULT: {"using":"xpath","value":"//span[contains(@data-kt,\"correctionMassStateChangeIcon\")]"}
COMMAND: POST /session/a4630a367857edf01c9aef3f553c367b/elements - {"using":"xpath","value":"//span[contains(@data-kt,\"correctionMassStateChangeIcon\")]"}
RESULT: {"using":"xpath","value":"//span[contains(@data-kt,\"correctionMassStateChangeIcon\")]"}
RESULT: undefined
COMMAND: POST /session/a4630a367857edf01c9aef3f553c367b/element - {"using":"xpath","value":"//*[@id=\"application-ruinventorylist-display-component---Master--ruStateTypes-arrow\"]"}
RESULT: {"using":"xpath","value":"//*[@id=\"application-ruinventorylist-display-component---Master--ruStateTypes-arrow\"]"}
COMMAND: POST /session/a4630a367857edf01c9aef3f553c367b/element/f.BA980EBE539FC9CF9A2905511121682E.d.2C0ADC3BD7EA4EC41056993EB126FA18.e.6730/click - {}
RESULT: {}
COMMAND: GET /session/a4630a367857edf01c9aef3f553c367b/screenshot - {}
RESULT: {}
COMMAND: POST /session/a4630a367857edf01c9aef3f553c367b/element - {"using":"xpath","value":"//li[.//span[text()=\"defect\"]]"}
RESULT: {"using":"xpath","value":"//li[.//span[text()=\"defect\"]]"}
COMMAND: POST /session/a4630a367857edf01c9aef3f553c367b/element/f.BA980EBE539FC9CF9A2905511121682E.d.2C0ADC3BD7EA4EC41056993EB126FA18.e.6731/click - {}
RESULT: {}
COMMAND: GET /session/a4630a367857edf01c9aef3f553c367b/screenshot - {}
RESULT: {}
COMMAND: POST /session/a4630a367857edf01c9aef3f553c367b/element - {"using":"xpath","value":"(//bdi[contains(text(), \"OK\")])[1]"}
RESULT: {"using":"xpath","value":"(//bdi[contains(text(), \"OK\")])[1]"}
COMMAND: POST /session/a4630a367857edf01c9aef3f553c367b/element/f.BA980EBE539FC9CF9A2905511121682E.d.2C0ADC3BD7EA4EC41056993EB126FA18.e.6732/click - {}
RESULT: {}
COMMAND: GET /session/a4630a367857edf01c9aef3f553c367b/screenshot - {}
RESULT: {}
COMMAND: POST /session/a4630a367857edf01c9aef3f553c367b/element - {"using":"css selector","value":"div.sapMMessageBoxError"}
RESULT: {"using":"css selector","value":"div.sapMMessageBoxError"}
COMMAND: POST /session/a4630a367857edf01c9aef3f553c367b/elements - {"using":"css selector","value":"div.sapMMessageBoxError"}
RESULT: {"using":"css selector","value":"div.sapMMessageBoxError"}
COMMAND: POST /session/a4630a367857edf01c9aef3f553c367b/element - {"using":"xpath","value":"//div[contains(@class, \"sapMMessageBoxError\")]/section/div/div/span"}
RESULT: {"using":"xpath","value":"//div[contains(@class, \"sapMMessageBoxError\")]/section/div/div/span"}
COMMAND: POST /session/a4630a367857edf01c9aef3f553c367b/execute/sync - {"script":"<script> [56 bytes]","args":[{"element-6066-11e4-a52e-4f735466cecf":"f.BA980EBE539FC9CF9A2905511121682E.d.2C0ADC3BD7EA4EC41056993EB126FA18.e.6735","ELEMENT":"f.BA980EBE539FC9CF9A2905511121682E.d.2C0ADC3BD7EA4EC41056993EB126FA18.e.6735"}]}
RESULT: {"script":"<script> [56 bytes]","args":[{"element-6066-11e4-a52e-4f735466cecf":"f.BA980EBE539FC9CF9A2905511121682E.d.2C0ADC3BD7EA4EC41056993EB126FA18.e.6735","ELEMENT":"f.BA980EBE539FC9CF9A2905511121682E.d.2C0ADC3BD7EA4EC41056993EB126FA18.e.6735"}]}
COMMAND: POST /session/a4630a367857edf01c9aef3f553c367b/element - {"using":"xpath","value":"(//bdi[contains(text(), \"Close\")])[1]"}
COMMAND: GET /session/a4630a367857edf01c9aef3f553c367b/screenshot - {}
RESULT: {"using":"xpath","value":"(//bdi[contains(text(), \"Close\")])[1]"}
COMMAND: POST /session/a4630a367857edf01c9aef3f553c367b/element/f.BA980EBE539FC9CF9A2905511121682E.d.2C0ADC3BD7EA4EC41056993EB126FA18.e.6737/click - {}
RESULT: {}
RESULT: {}
COMMAND: GET /session/a4630a367857edf01c9aef3f553c367b/screenshot - {}
RESULT: {}
RESULT: undefined
COMMAND: POST /session/a4630a367857edf01c9aef3f553c367b/execute/async - {"script":"<script> [776 bytes]","args":[{"enterText":"05/05/25","selector":{"id":"application-ruinventorylist-display-component---Master--effectiveDate","searchOpenDialogs":true,"interaction":{"idSuffix":"inner"}},"clearTextFirst":true,"interactionType":"ENTER_TEXT"}]}
RESULT: {"script":"<script> [776 bytes]","args":[{"enterText":"05/05/25","selector":{"id":"application-ruinventorylist-display-component---Master--effectiveDate","searchOpenDialogs":true,"interaction":{"idSuffix":"inner"}},"clearTextFirst":true,"interactionType":"ENTER_TEXT"}]}
COMMAND: POST /session/a4630a367857edf01c9aef3f553c367b/element - {"using":"xpath","value":"(//bdi[contains(text(), \"OK\")])[1]"}
RESULT: {"using":"xpath","value":"(//bdi[contains(text(), \"OK\")])[1]"}
COMMAND: POST /session/a4630a367857edf01c9aef3f553c367b/element/f.BA980EBE539FC9CF9A2905511121682E.d.2C0ADC3BD7EA4EC41056993EB126FA18.e.6732/click - {}
RESULT: {}
COMMAND: GET /session/a4630a367857edf01c9aef3f553c367b/screenshot - {}
RESULT: {}
COMMAND: POST /session/a4630a367857edf01c9aef3f553c367b/element - {"using":"xpath","value":"(//bdi[contains(text(), \"OK\")])[2]"}
RESULT: {"using":"xpath","value":"(//bdi[contains(text(), \"OK\")])[2]"}
COMMAND: POST /session/a4630a367857edf01c9aef3f553c367b/element/f.BA980EBE539FC9CF9A2905511121682E.d.2C0ADC3BD7EA4EC41056993EB126FA18.e.6779/click - {}
RESULT: {}
COMMAND: GET /session/a4630a367857edf01c9aef3f553c367b/screenshot - {}
RESULT: {}
RESULT: undefined
COMMAND: POST /session/a4630a367857edf01c9aef3f553c367b/execute/async - {"script":"<script> [776 bytes]","args":[{"enterText":"600002","selector":{"id":"application-ruinventorylist-display-component---Master--smartFilterBar-btnBasicSearch","interaction":{"idSuffix":"I"}},"clearTextFirst":true,"interactionType":"ENTER_TEXT"}]}
RESULT: {"script":"<script> [776 bytes]","args":[{"enterText":"600002","selector":{"id":"application-ruinventorylist-display-component---Master--smartFilterBar-btnBasicSearch","interaction":{"idSuffix":"I"}},"clearTextFirst":true,"interactionType":"ENTER_TEXT"}]}
COMMAND: POST /session/a4630a367857edf01c9aef3f553c367b/actions - {"actions":[{"id":"action27","type":"key","parameters":{},"actions":[{"type":"keyDown","value":"î€‡"},{"type":"pause","duration":10},{"type":"keyUp","value":"î€‡"}]}]}
RESULT: {"actions":[{"id":"action27","type":"key","parameters":{},"actions":[{"type":"keyDown","value":"î€‡"},{"type":"pause","duration":10},{"type":"keyUp","value":"î€‡"}]}]}
COMMAND: GET /session/a4630a367857edf01c9aef3f553c367b/screenshot - {}
RESULT: {}
COMMAND: POST /session/a4630a367857edf01c9aef3f553c367b/element - {"using":"xpath","value":"//span[@id=\"application-ruinventorylist-display-component---Master--smartTableRuInventoryList-header-inner\"]"}
RESULT: {"using":"xpath","value":"//span[@id=\"application-ruinventorylist-display-component---Master--smartTableRuInventoryList-header-inner\"]"}
COMMAND: POST /session/a4630a367857edf01c9aef3f553c367b/elements - {"using":"xpath","value":"//span[@id=\"application-ruinventorylist-display-component---Master--smartTableRuInventoryList-header-inner\"]"}
RESULT: {"using":"xpath","value":"//span[@id=\"application-ruinventorylist-display-component---Master--smartTableRuInventoryList-header-inner\"]"}
COMMAND: POST /session/a4630a367857edf01c9aef3f553c367b/execute/sync - {"script":"<script> [56 bytes]","args":[{"element-6066-11e4-a52e-4f735466cecf":"f.BA980EBE539FC9CF9A2905511121682E.d.2C0ADC3BD7EA4EC41056993EB126FA18.e.5937","ELEMENT":"f.BA980EBE539FC9CF9A2905511121682E.d.2C0ADC3BD7EA4EC41056993EB126FA18.e.5937"}]}
RESULT: {"script":"<script> [56 bytes]","args":[{"element-6066-11e4-a52e-4f735466cecf":"f.BA980EBE539FC9CF9A2905511121682E.d.2C0ADC3BD7EA4EC41056993EB126FA18.e.5937","ELEMENT":"f.BA980EBE539FC9CF9A2905511121682E.d.2C0ADC3BD7EA4EC41056993EB126FA18.e.5937"}]}
COMMAND: POST /session/a4630a367857edf01c9aef3f553c367b/element - {"using":"xpath","value":"//table[contains(@id, \"application-ruinventorylist-display-component---Master--tableRuInventoryList-listUl\")]/tbody/tr[1]/td[6]/div/span"}
COMMAND: GET /session/a4630a367857edf01c9aef3f553c367b/screenshot - {}
RESULT: {"using":"xpath","value":"//table[contains(@id, \"application-ruinventorylist-display-component---Master--tableRuInventoryList-listUl\")]/tbody/tr[1]/td[6]/div/span"}
COMMAND: POST /session/a4630a367857edf01c9aef3f553c367b/execute/sync - {"script":"<script> [56 bytes]","args":[{"element-6066-11e4-a52e-4f735466cecf":"f.BA980EBE539FC9CF9A2905511121682E.d.2C0ADC3BD7EA4EC41056993EB126FA18.e.6800","ELEMENT":"f.BA980EBE539FC9CF9A2905511121682E.d.2C0ADC3BD7EA4EC41056993EB126FA18.e.6800"}]}
RESULT: {}
RESULT: {"script":"<script> [56 bytes]","args":[{"element-6066-11e4-a52e-4f735466cecf":"f.BA980EBE539FC9CF9A2905511121682E.d.2C0ADC3BD7EA4EC41056993EB126FA18.e.6800","ELEMENT":"f.BA980EBE539FC9CF9A2905511121682E.d.2C0ADC3BD7EA4EC41056993EB126FA18.e.6800"}]}
COMMAND: POST /session/a4630a367857edf01c9aef3f553c367b/element - {"using":"xpath","value":"//div[contains(@id, \"smartFilterBar-btnBasicSearch-reset\")]"}
COMMAND: GET /session/a4630a367857edf01c9aef3f553c367b/screenshot - {}
RESULT: {"using":"xpath","value":"//div[contains(@id, \"smartFilterBar-btnBasicSearch-reset\")]"}
COMMAND: POST /session/a4630a367857edf01c9aef3f553c367b/element/f.BA980EBE539FC9CF9A2905511121682E.d.2C0ADC3BD7EA4EC41056993EB126FA18.e.5954/click - {}
RESULT: {}
RESULT: {}
COMMAND: GET /session/a4630a367857edf01c9aef3f553c367b/screenshot - {}
RESULT: {}
RESULT: undefined
COMMAND: POST /session/a4630a367857edf01c9aef3f553c367b/execute/async - {"script":"<script> [776 bytes]","args":[{"enterText":"401002","selector":{"id":"application-ruinventorylist-display-component---Master--smartFilterBar-btnBasicSearch","interaction":{"idSuffix":"I"}},"clearTextFirst":true,"interactionType":"ENTER_TEXT"}]}
RESULT: {"script":"<script> [776 bytes]","args":[{"enterText":"401002","selector":{"id":"application-ruinventorylist-display-component---Master--smartFilterBar-btnBasicSearch","interaction":{"idSuffix":"I"}},"clearTextFirst":true,"interactionType":"ENTER_TEXT"}]}
COMMAND: POST /session/a4630a367857edf01c9aef3f553c367b/actions - {"actions":[{"id":"action28","type":"key","parameters":{},"actions":[{"type":"keyDown","value":"î€‡"},{"type":"pause","duration":10},{"type":"keyUp","value":"î€‡"}]}]}
RESULT: {"actions":[{"id":"action28","type":"key","parameters":{},"actions":[{"type":"keyDown","value":"î€‡"},{"type":"pause","duration":10},{"type":"keyUp","value":"î€‡"}]}]}
COMMAND: GET /session/a4630a367857edf01c9aef3f553c367b/screenshot - {}
RESULT: {}
COMMAND: POST /session/a4630a367857edf01c9aef3f553c367b/element - {"using":"xpath","value":"//span[@id=\"application-ruinventorylist-display-component---Master--smartTableRuInventoryList-header-inner\"]"}
RESULT: {"using":"xpath","value":"//span[@id=\"application-ruinventorylist-display-component---Master--smartTableRuInventoryList-header-inner\"]"}
COMMAND: POST /session/a4630a367857edf01c9aef3f553c367b/elements - {"using":"xpath","value":"//span[@id=\"application-ruinventorylist-display-component---Master--smartTableRuInventoryList-header-inner\"]"}
RESULT: {"using":"xpath","value":"//span[@id=\"application-ruinventorylist-display-component---Master--smartTableRuInventoryList-header-inner\"]"}
COMMAND: POST /session/a4630a367857edf01c9aef3f553c367b/execute/sync - {"script":"<script> [56 bytes]","args":[{"element-6066-11e4-a52e-4f735466cecf":"f.BA980EBE539FC9CF9A2905511121682E.d.2C0ADC3BD7EA4EC41056993EB126FA18.e.5937","ELEMENT":"f.BA980EBE539FC9CF9A2905511121682E.d.2C0ADC3BD7EA4EC41056993EB126FA18.e.5937"}]}
RESULT: {"script":"<script> [56 bytes]","args":[{"element-6066-11e4-a52e-4f735466cecf":"f.BA980EBE539FC9CF9A2905511121682E.d.2C0ADC3BD7EA4EC41056993EB126FA18.e.5937","ELEMENT":"f.BA980EBE539FC9CF9A2905511121682E.d.2C0ADC3BD7EA4EC41056993EB126FA18.e.5937"}]}
COMMAND: POST /session/a4630a367857edf01c9aef3f553c367b/element - {"using":"xpath","value":"//table[contains(@id, \"application-ruinventorylist-display-component---Master--tableRuInventoryList-listUl\")]/tbody/tr[1]/td[6]/div/span"}
COMMAND: GET /session/a4630a367857edf01c9aef3f553c367b/screenshot - {}
RESULT: {"using":"xpath","value":"//table[contains(@id, \"application-ruinventorylist-display-component---Master--tableRuInventoryList-listUl\")]/tbody/tr[1]/td[6]/div/span"}
COMMAND: POST /session/a4630a367857edf01c9aef3f553c367b/execute/sync - {"script":"<script> [56 bytes]","args":[{"element-6066-11e4-a52e-4f735466cecf":"f.BA980EBE539FC9CF9A2905511121682E.d.2C0ADC3BD7EA4EC41056993EB126FA18.e.6902","ELEMENT":"f.BA980EBE539FC9CF9A2905511121682E.d.2C0ADC3BD7EA4EC41056993EB126FA18.e.6902"}]}
RESULT: {}
RESULT: {"script":"<script> [56 bytes]","args":[{"element-6066-11e4-a52e-4f735466cecf":"f.BA980EBE539FC9CF9A2905511121682E.d.2C0ADC3BD7EA4EC41056993EB126FA18.e.6902","ELEMENT":"f.BA980EBE539FC9CF9A2905511121682E.d.2C0ADC3BD7EA4EC41056993EB126FA18.e.6902"}]}
COMMAND: POST /session/a4630a367857edf01c9aef3f553c367b/element - {"using":"xpath","value":"//div[contains(@id, \"smartFilterBar-btnBasicSearch-reset\")]"}
COMMAND: GET /session/a4630a367857edf01c9aef3f553c367b/screenshot - {}
RESULT: {"using":"xpath","value":"//div[contains(@id, \"smartFilterBar-btnBasicSearch-reset\")]"}
COMMAND: POST /session/a4630a367857edf01c9aef3f553c367b/element/f.BA980EBE539FC9CF9A2905511121682E.d.2C0ADC3BD7EA4EC41056993EB126FA18.e.5954/click - {}
RESULT: {}
RESULT: {}
COMMAND: GET /session/a4630a367857edf01c9aef3f553c367b/screenshot - {}
RESULT: {}
RESULT: undefined
COMMAND: POST /session/a4630a367857edf01c9aef3f553c367b/execute/async - {"script":"<script> [776 bytes]","args":[{"enterText":"Ip7767oB5R","selector":{"id":"application-ruinventorylist-display-component---Master--smartFilterBar-btnBasicSearch","interaction":{"idSuffix":"I"}},"clearTextFirst":true,"interactionType":"ENTER_TEXT"}]}
RESULT: {"script":"<script> [776 bytes]","args":[{"enterText":"Ip7767oB5R","selector":{"id":"application-ruinventorylist-display-component---Master--smartFilterBar-btnBasicSearch","interaction":{"idSuffix":"I"}},"clearTextFirst":true,"interactionType":"ENTER_TEXT"}]}
COMMAND: POST /session/a4630a367857edf01c9aef3f553c367b/actions - {"actions":[{"id":"action29","type":"key","parameters":{},"actions":[{"type":"keyDown","value":"î€‡"},{"type":"pause","duration":10},{"type":"keyUp","value":"î€‡"}]}]}
RESULT: {"actions":[{"id":"action29","type":"key","parameters":{},"actions":[{"type":"keyDown","value":"î€‡"},{"type":"pause","duration":10},{"type":"keyUp","value":"î€‡"}]}]}
COMMAND: GET /session/a4630a367857edf01c9aef3f553c367b/screenshot - {}
RESULT: {}
COMMAND: POST /session/a4630a367857edf01c9aef3f553c367b/element - {"using":"xpath","value":"//span[@id=\"application-ruinventorylist-display-component---Master--smartTableRuInventoryList-header-inner\"]"}
RESULT: {"using":"xpath","value":"//span[@id=\"application-ruinventorylist-display-component---Master--smartTableRuInventoryList-header-inner\"]"}
COMMAND: POST /session/a4630a367857edf01c9aef3f553c367b/elements - {"using":"xpath","value":"//span[@id=\"application-ruinventorylist-display-component---Master--smartTableRuInventoryList-header-inner\"]"}
RESULT: {"using":"xpath","value":"//span[@id=\"application-ruinventorylist-display-component---Master--smartTableRuInventoryList-header-inner\"]"}
COMMAND: POST /session/a4630a367857edf01c9aef3f553c367b/execute/sync - {"script":"<script> [56 bytes]","args":[{"element-6066-11e4-a52e-4f735466cecf":"f.BA980EBE539FC9CF9A2905511121682E.d.2C0ADC3BD7EA4EC41056993EB126FA18.e.5937","ELEMENT":"f.BA980EBE539FC9CF9A2905511121682E.d.2C0ADC3BD7EA4EC41056993EB126FA18.e.5937"}]}
RESULT: {"script":"<script> [56 bytes]","args":[{"element-6066-11e4-a52e-4f735466cecf":"f.BA980EBE539FC9CF9A2905511121682E.d.2C0ADC3BD7EA4EC41056993EB126FA18.e.5937","ELEMENT":"f.BA980EBE539FC9CF9A2905511121682E.d.2C0ADC3BD7EA4EC41056993EB126FA18.e.5937"}]}
COMMAND: POST /session/a4630a367857edf01c9aef3f553c367b/element - {"using":"xpath","value":"//table[contains(@id, \"application-ruinventorylist-display-component---Master--tableRuInventoryList-listUl\")]/tbody/tr[1]/td[6]/div/span"}
COMMAND: GET /session/a4630a367857edf01c9aef3f553c367b/screenshot - {}
RESULT: {"using":"xpath","value":"//table[contains(@id, \"application-ruinventorylist-display-component---Master--tableRuInventoryList-listUl\")]/tbody/tr[1]/td[6]/div/span"}
COMMAND: POST /session/a4630a367857edf01c9aef3f553c367b/execute/sync - {"script":"<script> [56 bytes]","args":[{"element-6066-11e4-a52e-4f735466cecf":"f.BA980EBE539FC9CF9A2905511121682E.d.2C0ADC3BD7EA4EC41056993EB126FA18.e.7005","ELEMENT":"f.BA980EBE539FC9CF9A2905511121682E.d.2C0ADC3BD7EA4EC41056993EB126FA18.e.7005"}]}
RESULT: {}
RESULT: {"script":"<script> [56 bytes]","args":[{"element-6066-11e4-a52e-4f735466cecf":"f.BA980EBE539FC9CF9A2905511121682E.d.2C0ADC3BD7EA4EC41056993EB126FA18.e.7005","ELEMENT":"f.BA980EBE539FC9CF9A2905511121682E.d.2C0ADC3BD7EA4EC41056993EB126FA18.e.7005"}]}
COMMAND: POST /session/a4630a367857edf01c9aef3f553c367b/element - {"using":"xpath","value":"//div[contains(@id, \"smartFilterBar-btnBasicSearch-reset\")]"}
COMMAND: GET /session/a4630a367857edf01c9aef3f553c367b/screenshot - {}
RESULT: {"using":"xpath","value":"//div[contains(@id, \"smartFilterBar-btnBasicSearch-reset\")]"}
COMMAND: POST /session/a4630a367857edf01c9aef3f553c367b/element/f.BA980EBE539FC9CF9A2905511121682E.d.2C0ADC3BD7EA4EC41056993EB126FA18.e.5954/click - {}
RESULT: {}
RESULT: {}
COMMAND: GET /session/a4630a367857edf01c9aef3f553c367b/screenshot - {}
RESULT: {}
RESULT: undefined
COMMAND: POST /session/a4630a367857edf01c9aef3f553c367b/execute/async - {"script":"<script> [776 bytes]","args":[{"enterText":"200328","selector":{"id":"application-ruinventorylist-display-component---Master--smartFilterBar-btnBasicSearch","interaction":{"idSuffix":"I"}},"clearTextFirst":true,"interactionType":"ENTER_TEXT"}]}
RESULT: {"script":"<script> [776 bytes]","args":[{"enterText":"200328","selector":{"id":"application-ruinventorylist-display-component---Master--smartFilterBar-btnBasicSearch","interaction":{"idSuffix":"I"}},"clearTextFirst":true,"interactionType":"ENTER_TEXT"}]}
COMMAND: POST /session/a4630a367857edf01c9aef3f553c367b/actions - {"actions":[{"id":"action30","type":"key","parameters":{},"actions":[{"type":"keyDown","value":"î€‡"},{"type":"pause","duration":10},{"type":"keyUp","value":"î€‡"}]}]}
RESULT: {"actions":[{"id":"action30","type":"key","parameters":{},"actions":[{"type":"keyDown","value":"î€‡"},{"type":"pause","duration":10},{"type":"keyUp","value":"î€‡"}]}]}
COMMAND: GET /session/a4630a367857edf01c9aef3f553c367b/screenshot - {}
RESULT: {}
COMMAND: POST /session/a4630a367857edf01c9aef3f553c367b/element - {"using":"xpath","value":"//span[@id=\"application-ruinventorylist-display-component---Master--smartTableRuInventoryList-header-inner\"]"}
RESULT: {"using":"xpath","value":"//span[@id=\"application-ruinventorylist-display-component---Master--smartTableRuInventoryList-header-inner\"]"}
COMMAND: POST /session/a4630a367857edf01c9aef3f553c367b/elements - {"using":"xpath","value":"//span[@id=\"application-ruinventorylist-display-component---Master--smartTableRuInventoryList-header-inner\"]"}
RESULT: {"using":"xpath","value":"//span[@id=\"application-ruinventorylist-display-component---Master--smartTableRuInventoryList-header-inner\"]"}
COMMAND: POST /session/a4630a367857edf01c9aef3f553c367b/execute/sync - {"script":"<script> [56 bytes]","args":[{"element-6066-11e4-a52e-4f735466cecf":"f.BA980EBE539FC9CF9A2905511121682E.d.2C0ADC3BD7EA4EC41056993EB126FA18.e.5937","ELEMENT":"f.BA980EBE539FC9CF9A2905511121682E.d.2C0ADC3BD7EA4EC41056993EB126FA18.e.5937"}]}
RESULT: {"script":"<script> [56 bytes]","args":[{"element-6066-11e4-a52e-4f735466cecf":"f.BA980EBE539FC9CF9A2905511121682E.d.2C0ADC3BD7EA4EC41056993EB126FA18.e.5937","ELEMENT":"f.BA980EBE539FC9CF9A2905511121682E.d.2C0ADC3BD7EA4EC41056993EB126FA18.e.5937"}]}
COMMAND: POST /session/a4630a367857edf01c9aef3f553c367b/element - {"using":"xpath","value":"//table[contains(@id, \"application-ruinventorylist-display-component---Master--tableRuInventoryList-listUl\")]/tbody/tr[1]/td[6]/div/span"}
COMMAND: GET /session/a4630a367857edf01c9aef3f553c367b/screenshot - {}
RESULT: {"using":"xpath","value":"//table[contains(@id, \"application-ruinventorylist-display-component---Master--tableRuInventoryList-listUl\")]/tbody/tr[1]/td[6]/div/span"}
COMMAND: POST /session/a4630a367857edf01c9aef3f553c367b/execute/sync - {"script":"<script> [56 bytes]","args":[{"element-6066-11e4-a52e-4f735466cecf":"f.BA980EBE539FC9CF9A2905511121682E.d.2C0ADC3BD7EA4EC41056993EB126FA18.e.7106","ELEMENT":"f.BA980EBE539FC9CF9A2905511121682E.d.2C0ADC3BD7EA4EC41056993EB126FA18.e.7106"}]}
RESULT: {}
RESULT: {"script":"<script> [56 bytes]","args":[{"element-6066-11e4-a52e-4f735466cecf":"f.BA980EBE539FC9CF9A2905511121682E.d.2C0ADC3BD7EA4EC41056993EB126FA18.e.7106","ELEMENT":"f.BA980EBE539FC9CF9A2905511121682E.d.2C0ADC3BD7EA4EC41056993EB126FA18.e.7106"}]}
COMMAND: POST /session/a4630a367857edf01c9aef3f553c367b/element - {"using":"xpath","value":"//div[contains(@id, \"smartFilterBar-btnBasicSearch-reset\")]"}
COMMAND: GET /session/a4630a367857edf01c9aef3f553c367b/screenshot - {}
RESULT: {"using":"xpath","value":"//div[contains(@id, \"smartFilterBar-btnBasicSearch-reset\")]"}
COMMAND: POST /session/a4630a367857edf01c9aef3f553c367b/element/f.BA980EBE539FC9CF9A2905511121682E.d.2C0ADC3BD7EA4EC41056993EB126FA18.e.5954/click - {}
RESULT: {}
RESULT: {}
COMMAND: GET /session/a4630a367857edf01c9aef3f553c367b/screenshot - {}
RESULT: {}
COMMAND: POST /session/a4630a367857edf01c9aef3f553c367b/element/f.BA980EBE539FC9CF9A2905511121682E.d.2C0ADC3BD7EA4EC41056993EB126FA18.e.5332/click - {}
RESULT: {}
COMMAND: GET /session/a4630a367857edf01c9aef3f553c367b/screenshot - {}
RESULT: {}
RESULT: undefined
COMMAND: POST /session/a4630a367857edf01c9aef3f553c367b/execute/async - {"script":"<script> [776 bytes]","args":[{"enterText":"600002","selector":{"id":"application-ruinventorylist-display-component---Master--smartFilterBar-btnBasicSearch","interaction":{"idSuffix":"I"}},"clearTextFirst":true,"interactionType":"ENTER_TEXT"}]}
RESULT: {"script":"<script> [776 bytes]","args":[{"enterText":"600002","selector":{"id":"application-ruinventorylist-display-component---Master--smartFilterBar-btnBasicSearch","interaction":{"idSuffix":"I"}},"clearTextFirst":true,"interactionType":"ENTER_TEXT"}]}
COMMAND: POST /session/a4630a367857edf01c9aef3f553c367b/actions - {"actions":[{"id":"action31","type":"key","parameters":{},"actions":[{"type":"keyDown","value":"î€‡"},{"type":"pause","duration":10},{"type":"keyUp","value":"î€‡"}]}]}
RESULT: {"actions":[{"id":"action31","type":"key","parameters":{},"actions":[{"type":"keyDown","value":"î€‡"},{"type":"pause","duration":10},{"type":"keyUp","value":"î€‡"}]}]}
COMMAND: GET /session/a4630a367857edf01c9aef3f553c367b/screenshot - {}
RESULT: {}
COMMAND: POST /session/a4630a367857edf01c9aef3f553c367b/element - {"using":"xpath","value":"//span[@id=\"application-ruinventorylist-display-component---Master--smartTableRuInventoryList-header-inner\"]"}
RESULT: {"using":"xpath","value":"//span[@id=\"application-ruinventorylist-display-component---Master--smartTableRuInventoryList-header-inner\"]"}
COMMAND: POST /session/a4630a367857edf01c9aef3f553c367b/elements - {"using":"xpath","value":"//span[@id=\"application-ruinventorylist-display-component---Master--smartTableRuInventoryList-header-inner\"]"}
RESULT: {"using":"xpath","value":"//span[@id=\"application-ruinventorylist-display-component---Master--smartTableRuInventoryList-header-inner\"]"}
COMMAND: POST /session/a4630a367857edf01c9aef3f553c367b/execute/sync - {"script":"<script> [56 bytes]","args":[{"element-6066-11e4-a52e-4f735466cecf":"f.BA980EBE539FC9CF9A2905511121682E.d.2C0ADC3BD7EA4EC41056993EB126FA18.e.5937","ELEMENT":"f.BA980EBE539FC9CF9A2905511121682E.d.2C0ADC3BD7EA4EC41056993EB126FA18.e.5937"}]}
RESULT: {"script":"<script> [56 bytes]","args":[{"element-6066-11e4-a52e-4f735466cecf":"f.BA980EBE539FC9CF9A2905511121682E.d.2C0ADC3BD7EA4EC41056993EB126FA18.e.5937","ELEMENT":"f.BA980EBE539FC9CF9A2905511121682E.d.2C0ADC3BD7EA4EC41056993EB126FA18.e.5937"}]}
COMMAND: POST /session/a4630a367857edf01c9aef3f553c367b/element - {"using":"xpath","value":"//table[contains(@id, \"application-ruinventorylist-display-component---Master--tableRuInventoryList-listUl\")]/tbody/tr[1]/td[2]/div/div"}
COMMAND: GET /session/a4630a367857edf01c9aef3f553c367b/screenshot - {}
RESULT: {"using":"xpath","value":"//table[contains(@id, \"application-ruinventorylist-display-component---Master--tableRuInventoryList-listUl\")]/tbody/tr[1]/td[2]/div/div"}
COMMAND: POST /session/a4630a367857edf01c9aef3f553c367b/element/f.BA980EBE539FC9CF9A2905511121682E.d.2C0ADC3BD7EA4EC41056993EB126FA18.e.7393/click - {}
RESULT: {}
RESULT: {}
COMMAND: GET /session/a4630a367857edf01c9aef3f553c367b/screenshot - {}
RESULT: {}
COMMAND: POST /session/a4630a367857edf01c9aef3f553c367b/element - {"using":"xpath","value":"//div[contains(@id, \"smartFilterBar-btnBasicSearch-reset\")]"}
RESULT: {"using":"xpath","value":"//div[contains(@id, \"smartFilterBar-btnBasicSearch-reset\")]"}
COMMAND: POST /session/a4630a367857edf01c9aef3f553c367b/element/f.BA980EBE539FC9CF9A2905511121682E.d.2C0ADC3BD7EA4EC41056993EB126FA18.e.5954/click - {}
RESULT: {}
COMMAND: GET /session/a4630a367857edf01c9aef3f553c367b/screenshot - {}
RESULT: {}
RESULT: undefined
COMMAND: POST /session/a4630a367857edf01c9aef3f553c367b/execute/async - {"script":"<script> [776 bytes]","args":[{"enterText":"401002","selector":{"id":"application-ruinventorylist-display-component---Master--smartFilterBar-btnBasicSearch","interaction":{"idSuffix":"I"}},"clearTextFirst":true,"interactionType":"ENTER_TEXT"}]}
RESULT: {"script":"<script> [776 bytes]","args":[{"enterText":"401002","selector":{"id":"application-ruinventorylist-display-component---Master--smartFilterBar-btnBasicSearch","interaction":{"idSuffix":"I"}},"clearTextFirst":true,"interactionType":"ENTER_TEXT"}]}
COMMAND: POST /session/a4630a367857edf01c9aef3f553c367b/actions - {"actions":[{"id":"action32","type":"key","parameters":{},"actions":[{"type":"keyDown","value":"î€‡"},{"type":"pause","duration":10},{"type":"keyUp","value":"î€‡"}]}]}
RESULT: {"actions":[{"id":"action32","type":"key","parameters":{},"actions":[{"type":"keyDown","value":"î€‡"},{"type":"pause","duration":10},{"type":"keyUp","value":"î€‡"}]}]}
COMMAND: GET /session/a4630a367857edf01c9aef3f553c367b/screenshot - {}
RESULT: {}
COMMAND: POST /session/a4630a367857edf01c9aef3f553c367b/element - {"using":"xpath","value":"//span[@id=\"application-ruinventorylist-display-component---Master--smartTableRuInventoryList-header-inner\"]"}
RESULT: {"using":"xpath","value":"//span[@id=\"application-ruinventorylist-display-component---Master--smartTableRuInventoryList-header-inner\"]"}
COMMAND: POST /session/a4630a367857edf01c9aef3f553c367b/elements - {"using":"xpath","value":"//span[@id=\"application-ruinventorylist-display-component---Master--smartTableRuInventoryList-header-inner\"]"}
RESULT: {"using":"xpath","value":"//span[@id=\"application-ruinventorylist-display-component---Master--smartTableRuInventoryList-header-inner\"]"}
COMMAND: POST /session/a4630a367857edf01c9aef3f553c367b/execute/sync - {"script":"<script> [56 bytes]","args":[{"element-6066-11e4-a52e-4f735466cecf":"f.BA980EBE539FC9CF9A2905511121682E.d.2C0ADC3BD7EA4EC41056993EB126FA18.e.5937","ELEMENT":"f.BA980EBE539FC9CF9A2905511121682E.d.2C0ADC3BD7EA4EC41056993EB126FA18.e.5937"}]}
RESULT: {"script":"<script> [56 bytes]","args":[{"element-6066-11e4-a52e-4f735466cecf":"f.BA980EBE539FC9CF9A2905511121682E.d.2C0ADC3BD7EA4EC41056993EB126FA18.e.5937","ELEMENT":"f.BA980EBE539FC9CF9A2905511121682E.d.2C0ADC3BD7EA4EC41056993EB126FA18.e.5937"}]}
COMMAND: POST /session/a4630a367857edf01c9aef3f553c367b/element - {"using":"xpath","value":"//table[contains(@id, \"application-ruinventorylist-display-component---Master--tableRuInventoryList-listUl\")]/tbody/tr[1]/td[2]/div/div"}
COMMAND: GET /session/a4630a367857edf01c9aef3f553c367b/screenshot - {}
RESULT: {"using":"xpath","value":"//table[contains(@id, \"application-ruinventorylist-display-component---Master--tableRuInventoryList-listUl\")]/tbody/tr[1]/td[2]/div/div"}
COMMAND: POST /session/a4630a367857edf01c9aef3f553c367b/element/f.BA980EBE539FC9CF9A2905511121682E.d.2C0ADC3BD7EA4EC41056993EB126FA18.e.7579/click - {}
RESULT: {}
RESULT: {}
COMMAND: GET /session/a4630a367857edf01c9aef3f553c367b/screenshot - {}
RESULT: {}
COMMAND: POST /session/a4630a367857edf01c9aef3f553c367b/element - {"using":"xpath","value":"//div[contains(@id, \"smartFilterBar-btnBasicSearch-reset\")]"}
RESULT: {"using":"xpath","value":"//div[contains(@id, \"smartFilterBar-btnBasicSearch-reset\")]"}
COMMAND: POST /session/a4630a367857edf01c9aef3f553c367b/element/f.BA980EBE539FC9CF9A2905511121682E.d.2C0ADC3BD7EA4EC41056993EB126FA18.e.5954/click - {}
RESULT: {}
COMMAND: GET /session/a4630a367857edf01c9aef3f553c367b/screenshot - {}
RESULT: {}
RESULT: undefined
COMMAND: POST /session/a4630a367857edf01c9aef3f553c367b/execute/async - {"script":"<script> [776 bytes]","args":[{"enterText":"Ip7767oB5R","selector":{"id":"application-ruinventorylist-display-component---Master--smartFilterBar-btnBasicSearch","interaction":{"idSuffix":"I"}},"clearTextFirst":true,"interactionType":"ENTER_TEXT"}]}
RESULT: {"script":"<script> [776 bytes]","args":[{"enterText":"Ip7767oB5R","selector":{"id":"application-ruinventorylist-display-component---Master--smartFilterBar-btnBasicSearch","interaction":{"idSuffix":"I"}},"clearTextFirst":true,"interactionType":"ENTER_TEXT"}]}
COMMAND: POST /session/a4630a367857edf01c9aef3f553c367b/actions - {"actions":[{"id":"action33","type":"key","parameters":{},"actions":[{"type":"keyDown","value":"î€‡"},{"type":"pause","duration":10},{"type":"keyUp","value":"î€‡"}]}]}
RESULT: {"actions":[{"id":"action33","type":"key","parameters":{},"actions":[{"type":"keyDown","value":"î€‡"},{"type":"pause","duration":10},{"type":"keyUp","value":"î€‡"}]}]}
COMMAND: GET /session/a4630a367857edf01c9aef3f553c367b/screenshot - {}
RESULT: {}
COMMAND: POST /session/a4630a367857edf01c9aef3f553c367b/element - {"using":"xpath","value":"//span[@id=\"application-ruinventorylist-display-component---Master--smartTableRuInventoryList-header-inner\"]"}
RESULT: {"using":"xpath","value":"//span[@id=\"application-ruinventorylist-display-component---Master--smartTableRuInventoryList-header-inner\"]"}
COMMAND: POST /session/a4630a367857edf01c9aef3f553c367b/elements - {"using":"xpath","value":"//span[@id=\"application-ruinventorylist-display-component---Master--smartTableRuInventoryList-header-inner\"]"}
RESULT: {"using":"xpath","value":"//span[@id=\"application-ruinventorylist-display-component---Master--smartTableRuInventoryList-header-inner\"]"}
COMMAND: POST /session/a4630a367857edf01c9aef3f553c367b/execute/sync - {"script":"<script> [56 bytes]","args":[{"element-6066-11e4-a52e-4f735466cecf":"f.BA980EBE539FC9CF9A2905511121682E.d.2C0ADC3BD7EA4EC41056993EB126FA18.e.5937","ELEMENT":"f.BA980EBE539FC9CF9A2905511121682E.d.2C0ADC3BD7EA4EC41056993EB126FA18.e.5937"}]}
RESULT: {"script":"<script> [56 bytes]","args":[{"element-6066-11e4-a52e-4f735466cecf":"f.BA980EBE539FC9CF9A2905511121682E.d.2C0ADC3BD7EA4EC41056993EB126FA18.e.5937","ELEMENT":"f.BA980EBE539FC9CF9A2905511121682E.d.2C0ADC3BD7EA4EC41056993EB126FA18.e.5937"}]}
COMMAND: POST /session/a4630a367857edf01c9aef3f553c367b/element - {"using":"xpath","value":"//table[contains(@id, \"application-ruinventorylist-display-component---Master--tableRuInventoryList-listUl\")]/tbody/tr[1]/td[2]/div/div"}
COMMAND: GET /session/a4630a367857edf01c9aef3f553c367b/screenshot - {}
RESULT: {"using":"xpath","value":"//table[contains(@id, \"application-ruinventorylist-display-component---Master--tableRuInventoryList-listUl\")]/tbody/tr[1]/td[2]/div/div"}
COMMAND: POST /session/a4630a367857edf01c9aef3f553c367b/element/f.BA980EBE539FC9CF9A2905511121682E.d.2C0ADC3BD7EA4EC41056993EB126FA18.e.7764/click - {}
RESULT: {}
RESULT: {}
COMMAND: GET /session/a4630a367857edf01c9aef3f553c367b/screenshot - {}
RESULT: {}
COMMAND: POST /session/a4630a367857edf01c9aef3f553c367b/element - {"using":"xpath","value":"//div[contains(@id, \"smartFilterBar-btnBasicSearch-reset\")]"}
RESULT: {"using":"xpath","value":"//div[contains(@id, \"smartFilterBar-btnBasicSearch-reset\")]"}
COMMAND: POST /session/a4630a367857edf01c9aef3f553c367b/element/f.BA980EBE539FC9CF9A2905511121682E.d.2C0ADC3BD7EA4EC41056993EB126FA18.e.5954/click - {}
RESULT: {}
COMMAND: GET /session/a4630a367857edf01c9aef3f553c367b/screenshot - {}
RESULT: {}
RESULT: undefined
COMMAND: POST /session/a4630a367857edf01c9aef3f553c367b/execute/async - {"script":"<script> [776 bytes]","args":[{"enterText":"200328","selector":{"id":"application-ruinventorylist-display-component---Master--smartFilterBar-btnBasicSearch","interaction":{"idSuffix":"I"}},"clearTextFirst":true,"interactionType":"ENTER_TEXT"}]}
RESULT: {"script":"<script> [776 bytes]","args":[{"enterText":"200328","selector":{"id":"application-ruinventorylist-display-component---Master--smartFilterBar-btnBasicSearch","interaction":{"idSuffix":"I"}},"clearTextFirst":true,"interactionType":"ENTER_TEXT"}]}
COMMAND: POST /session/a4630a367857edf01c9aef3f553c367b/actions - {"actions":[{"id":"action34","type":"key","parameters":{},"actions":[{"type":"keyDown","value":"î€‡"},{"type":"pause","duration":10},{"type":"keyUp","value":"î€‡"}]}]}
RESULT: {"actions":[{"id":"action34","type":"key","parameters":{},"actions":[{"type":"keyDown","value":"î€‡"},{"type":"pause","duration":10},{"type":"keyUp","value":"î€‡"}]}]}
COMMAND: GET /session/a4630a367857edf01c9aef3f553c367b/screenshot - {}
RESULT: {}
COMMAND: POST /session/a4630a367857edf01c9aef3f553c367b/element - {"using":"xpath","value":"//span[@id=\"application-ruinventorylist-display-component---Master--smartTableRuInventoryList-header-inner\"]"}
RESULT: {"using":"xpath","value":"//span[@id=\"application-ruinventorylist-display-component---Master--smartTableRuInventoryList-header-inner\"]"}
COMMAND: POST /session/a4630a367857edf01c9aef3f553c367b/elements - {"using":"xpath","value":"//span[@id=\"application-ruinventorylist-display-component---Master--smartTableRuInventoryList-header-inner\"]"}
RESULT: {"using":"xpath","value":"//span[@id=\"application-ruinventorylist-display-component---Master--smartTableRuInventoryList-header-inner\"]"}
COMMAND: POST /session/a4630a367857edf01c9aef3f553c367b/execute/sync - {"script":"<script> [56 bytes]","args":[{"element-6066-11e4-a52e-4f735466cecf":"f.BA980EBE539FC9CF9A2905511121682E.d.2C0ADC3BD7EA4EC41056993EB126FA18.e.5937","ELEMENT":"f.BA980EBE539FC9CF9A2905511121682E.d.2C0ADC3BD7EA4EC41056993EB126FA18.e.5937"}]}
RESULT: {"script":"<script> [56 bytes]","args":[{"element-6066-11e4-a52e-4f735466cecf":"f.BA980EBE539FC9CF9A2905511121682E.d.2C0ADC3BD7EA4EC41056993EB126FA18.e.5937","ELEMENT":"f.BA980EBE539FC9CF9A2905511121682E.d.2C0ADC3BD7EA4EC41056993EB126FA18.e.5937"}]}
COMMAND: POST /session/a4630a367857edf01c9aef3f553c367b/element - {"using":"xpath","value":"//table[contains(@id, \"application-ruinventorylist-display-component---Master--tableRuInventoryList-listUl\")]/tbody/tr[1]/td[2]/div/div"}
COMMAND: GET /session/a4630a367857edf01c9aef3f553c367b/screenshot - {}
RESULT: {"using":"xpath","value":"//table[contains(@id, \"application-ruinventorylist-display-component---Master--tableRuInventoryList-listUl\")]/tbody/tr[1]/td[2]/div/div"}
COMMAND: POST /session/a4630a367857edf01c9aef3f553c367b/element/f.BA980EBE539FC9CF9A2905511121682E.d.2C0ADC3BD7EA4EC41056993EB126FA18.e.7947/click - {}
RESULT: {}
RESULT: {}
COMMAND: GET /session/a4630a367857edf01c9aef3f553c367b/screenshot - {}
RESULT: {}
COMMAND: POST /session/a4630a367857edf01c9aef3f553c367b/element - {"using":"xpath","value":"//div[contains(@id, \"smartFilterBar-btnBasicSearch-reset\")]"}
RESULT: {"using":"xpath","value":"//div[contains(@id, \"smartFilterBar-btnBasicSearch-reset\")]"}
COMMAND: POST /session/a4630a367857edf01c9aef3f553c367b/element/f.BA980EBE539FC9CF9A2905511121682E.d.2C0ADC3BD7EA4EC41056993EB126FA18.e.5954/click - {}
RESULT: {}
COMMAND: GET /session/a4630a367857edf01c9aef3f553c367b/screenshot - {}
COMMAND: POST /session/a4630a367857edf01c9aef3f553c367b/element/f.BA980EBE539FC9CF9A2905511121682E.d.2C0ADC3BD7EA4EC41056993EB126FA18.e.5332/click - {}
RESULT: {}
RESULT: {}
COMMAND: GET /session/a4630a367857edf01c9aef3f553c367b/screenshot - {}
RESULT: {}
RESULT: undefined
COMMAND: POST /session/a4630a367857edf01c9aef3f553c367b/element - {"using":"xpath","value":"//*[@id=\"application-ruinventorylist-display-component---Master--ruStateTypes-arrow\"]"}
RESULT: {"using":"xpath","value":"//*[@id=\"application-ruinventorylist-display-component---Master--ruStateTypes-arrow\"]"}
COMMAND: POST /session/a4630a367857edf01c9aef3f553c367b/element/f.BA980EBE539FC9CF9A2905511121682E.d.2C0ADC3BD7EA4EC41056993EB126FA18.e.8152/click - {}
RESULT: {}
COMMAND: GET /session/a4630a367857edf01c9aef3f553c367b/screenshot - {}
RESULT: {}
COMMAND: POST /session/a4630a367857edf01c9aef3f553c367b/element - {"using":"xpath","value":"//li[.//span[text()=\"available\"]]"}
RESULT: {"using":"xpath","value":"//li[.//span[text()=\"available\"]]"}
COMMAND: POST /session/a4630a367857edf01c9aef3f553c367b/element/f.BA980EBE539FC9CF9A2905511121682E.d.2C0ADC3BD7EA4EC41056993EB126FA18.e.8153/click - {}
RESULT: {}
COMMAND: GET /session/a4630a367857edf01c9aef3f553c367b/screenshot - {}
RESULT: {}
COMMAND: POST /session/a4630a367857edf01c9aef3f553c367b/element - {"using":"xpath","value":"(//bdi[contains(text(), \"OK\")])[1]"}
RESULT: {"using":"xpath","value":"(//bdi[contains(text(), \"OK\")])[1]"}
COMMAND: POST /session/a4630a367857edf01c9aef3f553c367b/element/f.BA980EBE539FC9CF9A2905511121682E.d.2C0ADC3BD7EA4EC41056993EB126FA18.e.8154/click - {}
RESULT: {}
COMMAND: GET /session/a4630a367857edf01c9aef3f553c367b/screenshot - {}
RESULT: {}
COMMAND: POST /session/a4630a367857edf01c9aef3f553c367b/element - {"using":"xpath","value":"(//bdi[contains(text(), \"OK\")])[2]"}
RESULT: {"using":"xpath","value":"(//bdi[contains(text(), \"OK\")])[2]"}
COMMAND: POST /session/a4630a367857edf01c9aef3f553c367b/element/f.BA980EBE539FC9CF9A2905511121682E.d.2C0ADC3BD7EA4EC41056993EB126FA18.e.8159/click - {}
RESULT: {}
COMMAND: GET /session/a4630a367857edf01c9aef3f553c367b/screenshot - {}
RESULT: {}
RESULT: undefined
COMMAND: POST /session/a4630a367857edf01c9aef3f553c367b/execute/async - {"script":"<script> [776 bytes]","args":[{"enterText":"600002","selector":{"id":"application-ruinventorylist-display-component---Master--smartFilterBar-btnBasicSearch","interaction":{"idSuffix":"I"}},"clearTextFirst":true,"interactionType":"ENTER_TEXT"}]}
RESULT: {"script":"<script> [776 bytes]","args":[{"enterText":"600002","selector":{"id":"application-ruinventorylist-display-component---Master--smartFilterBar-btnBasicSearch","interaction":{"idSuffix":"I"}},"clearTextFirst":true,"interactionType":"ENTER_TEXT"}]}
COMMAND: POST /session/a4630a367857edf01c9aef3f553c367b/actions - {"actions":[{"id":"action35","type":"key","parameters":{},"actions":[{"type":"keyDown","value":"î€‡"},{"type":"pause","duration":10},{"type":"keyUp","value":"î€‡"}]}]}
RESULT: {"actions":[{"id":"action35","type":"key","parameters":{},"actions":[{"type":"keyDown","value":"î€‡"},{"type":"pause","duration":10},{"type":"keyUp","value":"î€‡"}]}]}
COMMAND: GET /session/a4630a367857edf01c9aef3f553c367b/screenshot - {}
RESULT: {}
COMMAND: POST /session/a4630a367857edf01c9aef3f553c367b/element - {"using":"xpath","value":"//span[@id=\"application-ruinventorylist-display-component---Master--smartTableRuInventoryList-header-inner\"]"}
RESULT: {"using":"xpath","value":"//span[@id=\"application-ruinventorylist-display-component---Master--smartTableRuInventoryList-header-inner\"]"}
COMMAND: POST /session/a4630a367857edf01c9aef3f553c367b/elements - {"using":"xpath","value":"//span[@id=\"application-ruinventorylist-display-component---Master--smartTableRuInventoryList-header-inner\"]"}
RESULT: {"using":"xpath","value":"//span[@id=\"application-ruinventorylist-display-component---Master--smartTableRuInventoryList-header-inner\"]"}
COMMAND: POST /session/a4630a367857edf01c9aef3f553c367b/execute/sync - {"script":"<script> [56 bytes]","args":[{"element-6066-11e4-a52e-4f735466cecf":"f.BA980EBE539FC9CF9A2905511121682E.d.2C0ADC3BD7EA4EC41056993EB126FA18.e.5937","ELEMENT":"f.BA980EBE539FC9CF9A2905511121682E.d.2C0ADC3BD7EA4EC41056993EB126FA18.e.5937"}]}
RESULT: {"script":"<script> [56 bytes]","args":[{"element-6066-11e4-a52e-4f735466cecf":"f.BA980EBE539FC9CF9A2905511121682E.d.2C0ADC3BD7EA4EC41056993EB126FA18.e.5937","ELEMENT":"f.BA980EBE539FC9CF9A2905511121682E.d.2C0ADC3BD7EA4EC41056993EB126FA18.e.5937"}]}
COMMAND: POST /session/a4630a367857edf01c9aef3f553c367b/element - {"using":"xpath","value":"//table[contains(@id, \"application-ruinventorylist-display-component---Master--tableRuInventoryList-listUl\")]/tbody/tr[1]/td[6]/div/span"}
COMMAND: GET /session/a4630a367857edf01c9aef3f553c367b/screenshot - {}
RESULT: {"using":"xpath","value":"//table[contains(@id, \"application-ruinventorylist-display-component---Master--tableRuInventoryList-listUl\")]/tbody/tr[1]/td[6]/div/span"}
COMMAND: POST /session/a4630a367857edf01c9aef3f553c367b/execute/sync - {"script":"<script> [56 bytes]","args":[{"element-6066-11e4-a52e-4f735466cecf":"f.BA980EBE539FC9CF9A2905511121682E.d.2C0ADC3BD7EA4EC41056993EB126FA18.e.8177","ELEMENT":"f.BA980EBE539FC9CF9A2905511121682E.d.2C0ADC3BD7EA4EC41056993EB126FA18.e.8177"}]}
RESULT: {}
RESULT: {"script":"<script> [56 bytes]","args":[{"element-6066-11e4-a52e-4f735466cecf":"f.BA980EBE539FC9CF9A2905511121682E.d.2C0ADC3BD7EA4EC41056993EB126FA18.e.8177","ELEMENT":"f.BA980EBE539FC9CF9A2905511121682E.d.2C0ADC3BD7EA4EC41056993EB126FA18.e.8177"}]}
COMMAND: POST /session/a4630a367857edf01c9aef3f553c367b/element - {"using":"xpath","value":"//div[contains(@id, \"smartFilterBar-btnBasicSearch-reset\")]"}
COMMAND: GET /session/a4630a367857edf01c9aef3f553c367b/screenshot - {}
RESULT: {"using":"xpath","value":"//div[contains(@id, \"smartFilterBar-btnBasicSearch-reset\")]"}
COMMAND: POST /session/a4630a367857edf01c9aef3f553c367b/element/f.BA980EBE539FC9CF9A2905511121682E.d.2C0ADC3BD7EA4EC41056993EB126FA18.e.5954/click - {}
RESULT: {}
RESULT: {}
COMMAND: GET /session/a4630a367857edf01c9aef3f553c367b/screenshot - {}
RESULT: {}
RESULT: undefined
COMMAND: POST /session/a4630a367857edf01c9aef3f553c367b/execute/async - {"script":"<script> [776 bytes]","args":[{"enterText":"401002","selector":{"id":"application-ruinventorylist-display-component---Master--smartFilterBar-btnBasicSearch","interaction":{"idSuffix":"I"}},"clearTextFirst":true,"interactionType":"ENTER_TEXT"}]}
RESULT: {"script":"<script> [776 bytes]","args":[{"enterText":"401002","selector":{"id":"application-ruinventorylist-display-component---Master--smartFilterBar-btnBasicSearch","interaction":{"idSuffix":"I"}},"clearTextFirst":true,"interactionType":"ENTER_TEXT"}]}
COMMAND: POST /session/a4630a367857edf01c9aef3f553c367b/actions - {"actions":[{"id":"action36","type":"key","parameters":{},"actions":[{"type":"keyDown","value":"î€‡"},{"type":"pause","duration":10},{"type":"keyUp","value":"î€‡"}]}]}
RESULT: {"actions":[{"id":"action36","type":"key","parameters":{},"actions":[{"type":"keyDown","value":"î€‡"},{"type":"pause","duration":10},{"type":"keyUp","value":"î€‡"}]}]}
COMMAND: GET /session/a4630a367857edf01c9aef3f553c367b/screenshot - {}
RESULT: {}
COMMAND: POST /session/a4630a367857edf01c9aef3f553c367b/element - {"using":"xpath","value":"//span[@id=\"application-ruinventorylist-display-component---Master--smartTableRuInventoryList-header-inner\"]"}
RESULT: {"using":"xpath","value":"//span[@id=\"application-ruinventorylist-display-component---Master--smartTableRuInventoryList-header-inner\"]"}
COMMAND: POST /session/a4630a367857edf01c9aef3f553c367b/elements - {"using":"xpath","value":"//span[@id=\"application-ruinventorylist-display-component---Master--smartTableRuInventoryList-header-inner\"]"}
RESULT: {"using":"xpath","value":"//span[@id=\"application-ruinventorylist-display-component---Master--smartTableRuInventoryList-header-inner\"]"}
COMMAND: POST /session/a4630a367857edf01c9aef3f553c367b/execute/sync - {"script":"<script> [56 bytes]","args":[{"element-6066-11e4-a52e-4f735466cecf":"f.BA980EBE539FC9CF9A2905511121682E.d.2C0ADC3BD7EA4EC41056993EB126FA18.e.5937","ELEMENT":"f.BA980EBE539FC9CF9A2905511121682E.d.2C0ADC3BD7EA4EC41056993EB126FA18.e.5937"}]}
RESULT: {"script":"<script> [56 bytes]","args":[{"element-6066-11e4-a52e-4f735466cecf":"f.BA980EBE539FC9CF9A2905511121682E.d.2C0ADC3BD7EA4EC41056993EB126FA18.e.5937","ELEMENT":"f.BA980EBE539FC9CF9A2905511121682E.d.2C0ADC3BD7EA4EC41056993EB126FA18.e.5937"}]}
COMMAND: POST /session/a4630a367857edf01c9aef3f553c367b/element - {"using":"xpath","value":"//table[contains(@id, \"application-ruinventorylist-display-component---Master--tableRuInventoryList-listUl\")]/tbody/tr[1]/td[6]/div/span"}
COMMAND: GET /session/a4630a367857edf01c9aef3f553c367b/screenshot - {}
RESULT: {"using":"xpath","value":"//table[contains(@id, \"application-ruinventorylist-display-component---Master--tableRuInventoryList-listUl\")]/tbody/tr[1]/td[6]/div/span"}
COMMAND: POST /session/a4630a367857edf01c9aef3f553c367b/execute/sync - {"script":"<script> [56 bytes]","args":[{"element-6066-11e4-a52e-4f735466cecf":"f.BA980EBE539FC9CF9A2905511121682E.d.2C0ADC3BD7EA4EC41056993EB126FA18.e.8276","ELEMENT":"f.BA980EBE539FC9CF9A2905511121682E.d.2C0ADC3BD7EA4EC41056993EB126FA18.e.8276"}]}
RESULT: {}
RESULT: {"script":"<script> [56 bytes]","args":[{"element-6066-11e4-a52e-4f735466cecf":"f.BA980EBE539FC9CF9A2905511121682E.d.2C0ADC3BD7EA4EC41056993EB126FA18.e.8276","ELEMENT":"f.BA980EBE539FC9CF9A2905511121682E.d.2C0ADC3BD7EA4EC41056993EB126FA18.e.8276"}]}
COMMAND: POST /session/a4630a367857edf01c9aef3f553c367b/element - {"using":"xpath","value":"//div[contains(@id, \"smartFilterBar-btnBasicSearch-reset\")]"}
COMMAND: GET /session/a4630a367857edf01c9aef3f553c367b/screenshot - {}
RESULT: {"using":"xpath","value":"//div[contains(@id, \"smartFilterBar-btnBasicSearch-reset\")]"}
COMMAND: POST /session/a4630a367857edf01c9aef3f553c367b/element/f.BA980EBE539FC9CF9A2905511121682E.d.2C0ADC3BD7EA4EC41056993EB126FA18.e.5954/click - {}
RESULT: {}
RESULT: {}
COMMAND: GET /session/a4630a367857edf01c9aef3f553c367b/screenshot - {}
RESULT: {}
RESULT: undefined
COMMAND: POST /session/a4630a367857edf01c9aef3f553c367b/execute/async - {"script":"<script> [776 bytes]","args":[{"enterText":"Ip7767oB5R","selector":{"id":"application-ruinventorylist-display-component---Master--smartFilterBar-btnBasicSearch","interaction":{"idSuffix":"I"}},"clearTextFirst":true,"interactionType":"ENTER_TEXT"}]}
RESULT: {"script":"<script> [776 bytes]","args":[{"enterText":"Ip7767oB5R","selector":{"id":"application-ruinventorylist-display-component---Master--smartFilterBar-btnBasicSearch","interaction":{"idSuffix":"I"}},"clearTextFirst":true,"interactionType":"ENTER_TEXT"}]}
COMMAND: POST /session/a4630a367857edf01c9aef3f553c367b/actions - {"actions":[{"id":"action37","type":"key","parameters":{},"actions":[{"type":"keyDown","value":"î€‡"},{"type":"pause","duration":10},{"type":"keyUp","value":"î€‡"}]}]}
RESULT: {"actions":[{"id":"action37","type":"key","parameters":{},"actions":[{"type":"keyDown","value":"î€‡"},{"type":"pause","duration":10},{"type":"keyUp","value":"î€‡"}]}]}
COMMAND: GET /session/a4630a367857edf01c9aef3f553c367b/screenshot - {}
RESULT: {}
COMMAND: POST /session/a4630a367857edf01c9aef3f553c367b/element - {"using":"xpath","value":"//span[@id=\"application-ruinventorylist-display-component---Master--smartTableRuInventoryList-header-inner\"]"}
RESULT: {"using":"xpath","value":"//span[@id=\"application-ruinventorylist-display-component---Master--smartTableRuInventoryList-header-inner\"]"}
COMMAND: POST /session/a4630a367857edf01c9aef3f553c367b/elements - {"using":"xpath","value":"//span[@id=\"application-ruinventorylist-display-component---Master--smartTableRuInventoryList-header-inner\"]"}
RESULT: {"using":"xpath","value":"//span[@id=\"application-ruinventorylist-display-component---Master--smartTableRuInventoryList-header-inner\"]"}
COMMAND: POST /session/a4630a367857edf01c9aef3f553c367b/execute/sync - {"script":"<script> [56 bytes]","args":[{"element-6066-11e4-a52e-4f735466cecf":"f.BA980EBE539FC9CF9A2905511121682E.d.2C0ADC3BD7EA4EC41056993EB126FA18.e.5937","ELEMENT":"f.BA980EBE539FC9CF9A2905511121682E.d.2C0ADC3BD7EA4EC41056993EB126FA18.e.5937"}]}
RESULT: {"script":"<script> [56 bytes]","args":[{"element-6066-11e4-a52e-4f735466cecf":"f.BA980EBE539FC9CF9A2905511121682E.d.2C0ADC3BD7EA4EC41056993EB126FA18.e.5937","ELEMENT":"f.BA980EBE539FC9CF9A2905511121682E.d.2C0ADC3BD7EA4EC41056993EB126FA18.e.5937"}]}
COMMAND: POST /session/a4630a367857edf01c9aef3f553c367b/element - {"using":"xpath","value":"//table[contains(@id, \"application-ruinventorylist-display-component---Master--tableRuInventoryList-listUl\")]/tbody/tr[1]/td[6]/div/span"}
COMMAND: GET /session/a4630a367857edf01c9aef3f553c367b/screenshot - {}
RESULT: {"using":"xpath","value":"//table[contains(@id, \"application-ruinventorylist-display-component---Master--tableRuInventoryList-listUl\")]/tbody/tr[1]/td[6]/div/span"}
COMMAND: POST /session/a4630a367857edf01c9aef3f553c367b/execute/sync - {"script":"<script> [56 bytes]","args":[{"element-6066-11e4-a52e-4f735466cecf":"f.BA980EBE539FC9CF9A2905511121682E.d.2C0ADC3BD7EA4EC41056993EB126FA18.e.8378","ELEMENT":"f.BA980EBE539FC9CF9A2905511121682E.d.2C0ADC3BD7EA4EC41056993EB126FA18.e.8378"}]}
RESULT: {}
RESULT: {"script":"<script> [56 bytes]","args":[{"element-6066-11e4-a52e-4f735466cecf":"f.BA980EBE539FC9CF9A2905511121682E.d.2C0ADC3BD7EA4EC41056993EB126FA18.e.8378","ELEMENT":"f.BA980EBE539FC9CF9A2905511121682E.d.2C0ADC3BD7EA4EC41056993EB126FA18.e.8378"}]}
COMMAND: POST /session/a4630a367857edf01c9aef3f553c367b/element - {"using":"xpath","value":"//div[contains(@id, \"smartFilterBar-btnBasicSearch-reset\")]"}
COMMAND: GET /session/a4630a367857edf01c9aef3f553c367b/screenshot - {}
RESULT: {"using":"xpath","value":"//div[contains(@id, \"smartFilterBar-btnBasicSearch-reset\")]"}
COMMAND: POST /session/a4630a367857edf01c9aef3f553c367b/element/f.BA980EBE539FC9CF9A2905511121682E.d.2C0ADC3BD7EA4EC41056993EB126FA18.e.5954/click - {}
RESULT: {}
RESULT: {}
COMMAND: GET /session/a4630a367857edf01c9aef3f553c367b/screenshot - {}
RESULT: {}
RESULT: undefined
COMMAND: POST /session/a4630a367857edf01c9aef3f553c367b/execute/async - {"script":"<script> [776 bytes]","args":[{"enterText":"200328","selector":{"id":"application-ruinventorylist-display-component---Master--smartFilterBar-btnBasicSearch","interaction":{"idSuffix":"I"}},"clearTextFirst":true,"interactionType":"ENTER_TEXT"}]}
RESULT: {"script":"<script> [776 bytes]","args":[{"enterText":"200328","selector":{"id":"application-ruinventorylist-display-component---Master--smartFilterBar-btnBasicSearch","interaction":{"idSuffix":"I"}},"clearTextFirst":true,"interactionType":"ENTER_TEXT"}]}
COMMAND: POST /session/a4630a367857edf01c9aef3f553c367b/actions - {"actions":[{"id":"action38","type":"key","parameters":{},"actions":[{"type":"keyDown","value":"î€‡"},{"type":"pause","duration":10},{"type":"keyUp","value":"î€‡"}]}]}
RESULT: {"actions":[{"id":"action38","type":"key","parameters":{},"actions":[{"type":"keyDown","value":"î€‡"},{"type":"pause","duration":10},{"type":"keyUp","value":"î€‡"}]}]}
COMMAND: GET /session/a4630a367857edf01c9aef3f553c367b/screenshot - {}
RESULT: {}
COMMAND: POST /session/a4630a367857edf01c9aef3f553c367b/element - {"using":"xpath","value":"//span[@id=\"application-ruinventorylist-display-component---Master--smartTableRuInventoryList-header-inner\"]"}
RESULT: {"using":"xpath","value":"//span[@id=\"application-ruinventorylist-display-component---Master--smartTableRuInventoryList-header-inner\"]"}
COMMAND: POST /session/a4630a367857edf01c9aef3f553c367b/elements - {"using":"xpath","value":"//span[@id=\"application-ruinventorylist-display-component---Master--smartTableRuInventoryList-header-inner\"]"}
RESULT: {"using":"xpath","value":"//span[@id=\"application-ruinventorylist-display-component---Master--smartTableRuInventoryList-header-inner\"]"}
COMMAND: POST /session/a4630a367857edf01c9aef3f553c367b/execute/sync - {"script":"<script> [56 bytes]","args":[{"element-6066-11e4-a52e-4f735466cecf":"f.BA980EBE539FC9CF9A2905511121682E.d.2C0ADC3BD7EA4EC41056993EB126FA18.e.5937","ELEMENT":"f.BA980EBE539FC9CF9A2905511121682E.d.2C0ADC3BD7EA4EC41056993EB126FA18.e.5937"}]}
RESULT: {"script":"<script> [56 bytes]","args":[{"element-6066-11e4-a52e-4f735466cecf":"f.BA980EBE539FC9CF9A2905511121682E.d.2C0ADC3BD7EA4EC41056993EB126FA18.e.5937","ELEMENT":"f.BA980EBE539FC9CF9A2905511121682E.d.2C0ADC3BD7EA4EC41056993EB126FA18.e.5937"}]}
COMMAND: POST /session/a4630a367857edf01c9aef3f553c367b/element - {"using":"xpath","value":"//table[contains(@id, \"application-ruinventorylist-display-component---Master--tableRuInventoryList-listUl\")]/tbody/tr[1]/td[6]/div/span"}
COMMAND: GET /session/a4630a367857edf01c9aef3f553c367b/screenshot - {}
RESULT: {"using":"xpath","value":"//table[contains(@id, \"application-ruinventorylist-display-component---Master--tableRuInventoryList-listUl\")]/tbody/tr[1]/td[6]/div/span"}
COMMAND: POST /session/a4630a367857edf01c9aef3f553c367b/execute/sync - {"script":"<script> [56 bytes]","args":[{"element-6066-11e4-a52e-4f735466cecf":"f.BA980EBE539FC9CF9A2905511121682E.d.2C0ADC3BD7EA4EC41056993EB126FA18.e.8479","ELEMENT":"f.BA980EBE539FC9CF9A2905511121682E.d.2C0ADC3BD7EA4EC41056993EB126FA18.e.8479"}]}
RESULT: {}
RESULT: {"script":"<script> [56 bytes]","args":[{"element-6066-11e4-a52e-4f735466cecf":"f.BA980EBE539FC9CF9A2905511121682E.d.2C0ADC3BD7EA4EC41056993EB126FA18.e.8479","ELEMENT":"f.BA980EBE539FC9CF9A2905511121682E.d.2C0ADC3BD7EA4EC41056993EB126FA18.e.8479"}]}
COMMAND: POST /session/a4630a367857edf01c9aef3f553c367b/element - {"using":"xpath","value":"//div[contains(@id, \"smartFilterBar-btnBasicSearch-reset\")]"}
COMMAND: GET /session/a4630a367857edf01c9aef3f553c367b/screenshot - {}
RESULT: {"using":"xpath","value":"//div[contains(@id, \"smartFilterBar-btnBasicSearch-reset\")]"}
COMMAND: POST /session/a4630a367857edf01c9aef3f553c367b/element/f.BA980EBE539FC9CF9A2905511121682E.d.2C0ADC3BD7EA4EC41056993EB126FA18.e.5954/click - {}
RESULT: {}
RESULT: {}
COMMAND: GET /session/a4630a367857edf01c9aef3f553c367b/screenshot - {}
RESULT: {}
COMMAND: POST /session/a4630a367857edf01c9aef3f553c367b/element - {"using":"css selector","value":"#shell-header-logo"}
RESULT: {"using":"css selector","value":"#shell-header-logo"}
COMMAND: POST /session/a4630a367857edf01c9aef3f553c367b/element/f.BA980EBE539FC9CF9A2905511121682E.d.2C0ADC3BD7EA4EC41056993EB126FA18.e.5314/click - {}
RESULT: {}
COMMAND: GET /session/a4630a367857edf01c9aef3f553c367b/screenshot - {}
RESULT: {}
COMMAND: DELETE /session/a4630a367857edf01c9aef3f553c367b - {}
RESULT: {}
]]></system-out>
    </testcase>
  </testsuite>
</testsuites>