<?xml version="1.0" encoding="UTF-8"?>
<testsuites tests="58" failures="13" errors="13" skipped="0">
  <testsuite timestamp="2025-05-05T05:37:58" time="817.366" tests="11" failures="9" errors="9" skipped="0">
    <properties>
      <property name="specId" value="0" />
      <property name="suiteName" value="Billing confirm US117289" />
      <property name="capabilities" value="chrome.135_0_7049_96.windows" />
      <property name="file" value="file:///D:/a/1/s/test/specs/BTS/billing-confirm.spec.js" />
    </properties>
    <testcase classname="chrome.135_0_7049_96.windows.Billing_confirm_US117289" name="Should create a new yard" time="103.677">
      <system-out><![CDATA[
COMMAND: POST /session/d119162e921248fd1f7a065fe81fedfa/window/fullscreen - {}
RESULT: {}
COMMAND: POST /session/d119162e921248fd1f7a065fe81fedfa/execute/async - {"script":"<script> [1562 bytes]","args":[{"selector":{"controlType":"sap.m.GenericTile","properties":{"header":"Manage Yards"}},"wdio_ui5_key":"sapm.GenericTile{\"header\":\"Manage Yards\"}"}]}
RESULT: {"script":"<script> [1562 bytes]","args":[{"selector":{"controlType":"sap.m.GenericTile","properties":{"header":"Manage Yards"}},"wdio_ui5_key":"sapm.GenericTile{\"header\":\"Manage Yards\"}"}]}
RESULT: undefined
COMMAND: POST /session/d119162e921248fd1f7a065fe81fedfa/element - {"using":"xpath","value":"//*[@id=\"__tile41\"]"}
RESULT: {"using":"xpath","value":"//*[@id=\"__tile41\"]"}
COMMAND: POST /session/d119162e921248fd1f7a065fe81fedfa/element/f.7D8252E83238221F8080DA22DD8FFCA1.d.D6EADEDC3606A01E0860DB612C55BBDC.e.150/click - {}
RESULT: {}
COMMAND: POST /session/d119162e921248fd1f7a065fe81fedfa/element - {"using":"xpath","value":"//button[@data-kt=\"addNewYardOverflowToolbarButton\"]"}
COMMAND: GET /session/d119162e921248fd1f7a065fe81fedfa/screenshot - {}
RESULT: {"using":"xpath","value":"//button[@data-kt=\"addNewYardOverflowToolbarButton\"]"}
COMMAND: POST /session/d119162e921248fd1f7a065fe81fedfa/elements - {"using":"xpath","value":"//button[@data-kt=\"addNewYardOverflowToolbarButton\"]"}
RESULT: {}
RESULT: {"using":"xpath","value":"//button[@data-kt=\"addNewYardOverflowToolbarButton\"]"}
COMMAND: POST /session/d119162e921248fd1f7a065fe81fedfa/elements - {"using":"xpath","value":"//button[@data-kt=\"addNewYardOverflowToolbarButton\"]"}
RESULT: {"using":"xpath","value":"//button[@data-kt=\"addNewYardOverflowToolbarButton\"]"}
COMMAND: POST /session/d119162e921248fd1f7a065fe81fedfa/elements - {"using":"xpath","value":"//button[@data-kt=\"addNewYardOverflowToolbarButton\"]"}
RESULT: {"using":"xpath","value":"//button[@data-kt=\"addNewYardOverflowToolbarButton\"]"}
COMMAND: POST /session/d119162e921248fd1f7a065fe81fedfa/elements - {"using":"xpath","value":"//button[@data-kt=\"addNewYardOverflowToolbarButton\"]"}
RESULT: {"using":"xpath","value":"//button[@data-kt=\"addNewYardOverflowToolbarButton\"]"}
COMMAND: POST /session/d119162e921248fd1f7a065fe81fedfa/elements - {"using":"xpath","value":"//button[@data-kt=\"addNewYardOverflowToolbarButton\"]"}
RESULT: {"using":"xpath","value":"//button[@data-kt=\"addNewYardOverflowToolbarButton\"]"}
COMMAND: POST /session/d119162e921248fd1f7a065fe81fedfa/elements - {"using":"xpath","value":"//button[@data-kt=\"addNewYardOverflowToolbarButton\"]"}
RESULT: {"using":"xpath","value":"//button[@data-kt=\"addNewYardOverflowToolbarButton\"]"}
COMMAND: POST /session/d119162e921248fd1f7a065fe81fedfa/elements - {"using":"xpath","value":"//button[@data-kt=\"addNewYardOverflowToolbarButton\"]"}
RESULT: {"using":"xpath","value":"//button[@data-kt=\"addNewYardOverflowToolbarButton\"]"}
COMMAND: POST /session/d119162e921248fd1f7a065fe81fedfa/elements - {"using":"xpath","value":"//button[@data-kt=\"addNewYardOverflowToolbarButton\"]"}
RESULT: {"using":"xpath","value":"//button[@data-kt=\"addNewYardOverflowToolbarButton\"]"}
COMMAND: POST /session/d119162e921248fd1f7a065fe81fedfa/elements - {"using":"xpath","value":"//button[@data-kt=\"addNewYardOverflowToolbarButton\"]"}
RESULT: {"using":"xpath","value":"//button[@data-kt=\"addNewYardOverflowToolbarButton\"]"}
COMMAND: POST /session/d119162e921248fd1f7a065fe81fedfa/elements - {"using":"xpath","value":"//button[@data-kt=\"addNewYardOverflowToolbarButton\"]"}
RESULT: {"using":"xpath","value":"//button[@data-kt=\"addNewYardOverflowToolbarButton\"]"}
COMMAND: POST /session/d119162e921248fd1f7a065fe81fedfa/elements - {"using":"xpath","value":"//button[@data-kt=\"addNewYardOverflowToolbarButton\"]"}
RESULT: {"using":"xpath","value":"//button[@data-kt=\"addNewYardOverflowToolbarButton\"]"}
COMMAND: POST /session/d119162e921248fd1f7a065fe81fedfa/elements - {"using":"xpath","value":"//button[@data-kt=\"addNewYardOverflowToolbarButton\"]"}
RESULT: {"using":"xpath","value":"//button[@data-kt=\"addNewYardOverflowToolbarButton\"]"}
COMMAND: POST /session/d119162e921248fd1f7a065fe81fedfa/elements - {"using":"xpath","value":"//button[@data-kt=\"addNewYardOverflowToolbarButton\"]"}
RESULT: {"using":"xpath","value":"//button[@data-kt=\"addNewYardOverflowToolbarButton\"]"}
COMMAND: POST /session/d119162e921248fd1f7a065fe81fedfa/elements - {"using":"xpath","value":"//button[@data-kt=\"addNewYardOverflowToolbarButton\"]"}
RESULT: {"using":"xpath","value":"//button[@data-kt=\"addNewYardOverflowToolbarButton\"]"}
COMMAND: POST /session/d119162e921248fd1f7a065fe81fedfa/elements - {"using":"xpath","value":"//button[@data-kt=\"addNewYardOverflowToolbarButton\"]"}
RESULT: {"using":"xpath","value":"//button[@data-kt=\"addNewYardOverflowToolbarButton\"]"}
COMMAND: POST /session/d119162e921248fd1f7a065fe81fedfa/elements - {"using":"xpath","value":"//button[@data-kt=\"addNewYardOverflowToolbarButton\"]"}
RESULT: {"using":"xpath","value":"//button[@data-kt=\"addNewYardOverflowToolbarButton\"]"}
COMMAND: POST /session/d119162e921248fd1f7a065fe81fedfa/elements - {"using":"xpath","value":"//button[@data-kt=\"addNewYardOverflowToolbarButton\"]"}
RESULT: {"using":"xpath","value":"//button[@data-kt=\"addNewYardOverflowToolbarButton\"]"}
COMMAND: POST /session/d119162e921248fd1f7a065fe81fedfa/elements - {"using":"xpath","value":"//button[@data-kt=\"addNewYardOverflowToolbarButton\"]"}
RESULT: {"using":"xpath","value":"//button[@data-kt=\"addNewYardOverflowToolbarButton\"]"}
COMMAND: POST /session/d119162e921248fd1f7a065fe81fedfa/elements - {"using":"xpath","value":"//button[@data-kt=\"addNewYardOverflowToolbarButton\"]"}
RESULT: {"using":"xpath","value":"//button[@data-kt=\"addNewYardOverflowToolbarButton\"]"}
COMMAND: POST /session/d119162e921248fd1f7a065fe81fedfa/element - {"using":"xpath","value":"//button[@data-kt=\"addNewYardOverflowToolbarButton\"]"}
RESULT: {"using":"xpath","value":"//button[@data-kt=\"addNewYardOverflowToolbarButton\"]"}
COMMAND: POST /session/d119162e921248fd1f7a065fe81fedfa/execute/sync - {"script":"<script> [8489 bytes]","args":[{"element-6066-11e4-a52e-4f735466cecf":"f.7D8252E83238221F8080DA22DD8FFCA1.d.D6EADEDC3606A01E0860DB612C55BBDC.e.285","ELEMENT":"f.7D8252E83238221F8080DA22DD8FFCA1.d.D6EADEDC3606A01E0860DB612C55BBDC.e.285"}]}
RESULT: {"script":"<script> [8489 bytes]","args":[{"element-6066-11e4-a52e-4f735466cecf":"f.7D8252E83238221F8080DA22DD8FFCA1.d.D6EADEDC3606A01E0860DB612C55BBDC.e.285","ELEMENT":"f.7D8252E83238221F8080DA22DD8FFCA1.d.D6EADEDC3606A01E0860DB612C55BBDC.e.285"}]}
COMMAND: GET /session/d119162e921248fd1f7a065fe81fedfa/element/f.7D8252E83238221F8080DA22DD8FFCA1.d.D6EADEDC3606A01E0860DB612C55BBDC.e.285/enabled - {}
COMMAND: GET /session/d119162e921248fd1f7a065fe81fedfa/screenshot - {}
RESULT: {}
COMMAND: POST /session/d119162e921248fd1f7a065fe81fedfa/execute/sync - {"script":"<script> [8489 bytes]","args":[{"element-6066-11e4-a52e-4f735466cecf":"f.7D8252E83238221F8080DA22DD8FFCA1.d.D6EADEDC3606A01E0860DB612C55BBDC.e.285","ELEMENT":"f.7D8252E83238221F8080DA22DD8FFCA1.d.D6EADEDC3606A01E0860DB612C55BBDC.e.285"}]}
COMMAND: GET /session/d119162e921248fd1f7a065fe81fedfa/screenshot - {}
RESULT: {}
RESULT: {"script":"<script> [8489 bytes]","args":[{"element-6066-11e4-a52e-4f735466cecf":"f.7D8252E83238221F8080DA22DD8FFCA1.d.D6EADEDC3606A01E0860DB612C55BBDC.e.285","ELEMENT":"f.7D8252E83238221F8080DA22DD8FFCA1.d.D6EADEDC3606A01E0860DB612C55BBDC.e.285"}]}
COMMAND: POST /session/d119162e921248fd1f7a065fe81fedfa/execute/sync - {"script":"<script> [5351 bytes]","args":[{"element-6066-11e4-a52e-4f735466cecf":"f.7D8252E83238221F8080DA22DD8FFCA1.d.D6EADEDC3606A01E0860DB612C55BBDC.e.285","ELEMENT":"f.7D8252E83238221F8080DA22DD8FFCA1.d.D6EADEDC3606A01E0860DB612C55BBDC.e.285"}]}
COMMAND: GET /session/d119162e921248fd1f7a065fe81fedfa/screenshot - {}
RESULT: {}
RESULT: {}
RESULT: {"script":"<script> [5351 bytes]","args":[{"element-6066-11e4-a52e-4f735466cecf":"f.7D8252E83238221F8080DA22DD8FFCA1.d.D6EADEDC3606A01E0860DB612C55BBDC.e.285","ELEMENT":"f.7D8252E83238221F8080DA22DD8FFCA1.d.D6EADEDC3606A01E0860DB612C55BBDC.e.285"}]}
COMMAND: POST /session/d119162e921248fd1f7a065fe81fedfa/element/f.7D8252E83238221F8080DA22DD8FFCA1.d.D6EADEDC3606A01E0860DB612C55BBDC.e.285/click - {}
COMMAND: GET /session/d119162e921248fd1f7a065fe81fedfa/screenshot - {}
RESULT: {}
COMMAND: GET /session/d119162e921248fd1f7a065fe81fedfa/screenshot - {}
RESULT: {}
RESULT: {}
COMMAND: POST /session/d119162e921248fd1f7a065fe81fedfa/element - {"using":"xpath","value":"//input[@id=\"application-manageyards-display-component---NewYard--yardId-inner\"]"}
RESULT: {"using":"xpath","value":"//input[@id=\"application-manageyards-display-component---NewYard--yardId-inner\"]"}
COMMAND: POST /session/d119162e921248fd1f7a065fe81fedfa/element - {"using":"xpath","value":"//input[@id=\"application-manageyards-display-component---NewYard--yardId-inner\"]"}
RESULT: {"using":"xpath","value":"//input[@id=\"application-manageyards-display-component---NewYard--yardId-inner\"]"}
COMMAND: POST /session/d119162e921248fd1f7a065fe81fedfa/execute/async - {"script":"<script> [1562 bytes]","args":[{"selector":{"id":"application-manageyards-display-component---NewYard--addressDetailDetailsName1","interaction":{"idSuffix":"inner"}},"wdio_ui5_key":"applicationmanageyards-display-component---NewYard--addressDetailDetailsName1"}]}
RESULT: {"script":"<script> [1562 bytes]","args":[{"selector":{"id":"application-manageyards-display-component---NewYard--addressDetailDetailsName1","interaction":{"idSuffix":"inner"}},"wdio_ui5_key":"applicationmanageyards-display-component---NewYard--addressDetailDetailsName1"}]}
RESULT: undefined
COMMAND: POST /session/d119162e921248fd1f7a065fe81fedfa/execute/async - {"script":"<script> [776 bytes]","args":[{"enterText":"Intracompany Yard wdIO","selector":{"id":"application-manageyards-display-component---NewYard--addressDetailDetailsName1","interaction":{"idSuffix":"inner"}},"clearTextFirst":true,"interactionType":"ENTER_TEXT"}]}
RESULT: {"script":"<script> [776 bytes]","args":[{"enterText":"Intracompany Yard wdIO","selector":{"id":"application-manageyards-display-component---NewYard--addressDetailDetailsName1","interaction":{"idSuffix":"inner"}},"clearTextFirst":true,"interactionType":"ENTER_TEXT"}]}
COMMAND: POST /session/d119162e921248fd1f7a065fe81fedfa/execute/async - {"script":"<script> [1562 bytes]","args":[{"selector":{"id":"application-manageyards-display-component---NewYard--addressDetailDetailsLanguage-arrow"},"wdio_ui5_key":"applicationmanageyards-display-component---NewYard--addressDetailDetailsLanguage-arrow"}]}
RESULT: {"script":"<script> [1562 bytes]","args":[{"selector":{"id":"application-manageyards-display-component---NewYard--addressDetailDetailsLanguage-arrow"},"wdio_ui5_key":"applicationmanageyards-display-component---NewYard--addressDetailDetailsLanguage-arrow"}]}
RESULT: undefined
COMMAND: POST /session/d119162e921248fd1f7a065fe81fedfa/element - {"using":"xpath","value":"//*[@id=\"application-manageyards-display-component---NewYard--addressDetailDetailsLanguage-arrow\"]"}
RESULT: {"using":"xpath","value":"//*[@id=\"application-manageyards-display-component---NewYard--addressDetailDetailsLanguage-arrow\"]"}
COMMAND: POST /session/d119162e921248fd1f7a065fe81fedfa/element/f.7D8252E83238221F8080DA22DD8FFCA1.d.D6EADEDC3606A01E0860DB612C55BBDC.e.724/click - {}
RESULT: {}
COMMAND: POST /session/d119162e921248fd1f7a065fe81fedfa/element - {"using":"xpath","value":"//span[contains(text(), \"English\")]"}
COMMAND: GET /session/d119162e921248fd1f7a065fe81fedfa/screenshot - {}
RESULT: {"using":"xpath","value":"//span[contains(text(), \"English\")]"}
COMMAND: POST /session/d119162e921248fd1f7a065fe81fedfa/element/f.7D8252E83238221F8080DA22DD8FFCA1.d.D6EADEDC3606A01E0860DB612C55BBDC.e.725/click - {}
RESULT: {}
RESULT: {}
COMMAND: POST /session/d119162e921248fd1f7a065fe81fedfa/execute/async - {"script":"<script> [1562 bytes]","args":[{"selector":{"id":"application-manageyards-display-component---NewYard--addressDetailDetailsCity1","interaction":{"idSuffix":"inner"}},"wdio_ui5_key":"applicationmanageyards-display-component---NewYard--addressDetailDetailsCity1"}]}
COMMAND: GET /session/d119162e921248fd1f7a065fe81fedfa/screenshot - {}
RESULT: {"script":"<script> [1562 bytes]","args":[{"selector":{"id":"application-manageyards-display-component---NewYard--addressDetailDetailsCity1","interaction":{"idSuffix":"inner"}},"wdio_ui5_key":"applicationmanageyards-display-component---NewYard--addressDetailDetailsCity1"}]}
RESULT: undefined
COMMAND: POST /session/d119162e921248fd1f7a065fe81fedfa/execute/async - {"script":"<script> [776 bytes]","args":[{"enterText":"Rosario","selector":{"id":"application-manageyards-display-component---NewYard--addressDetailDetailsCity1","interaction":{"idSuffix":"inner"}},"clearTextFirst":true,"interactionType":"ENTER_TEXT"}]}
RESULT: {}
RESULT: {"script":"<script> [776 bytes]","args":[{"enterText":"Rosario","selector":{"id":"application-manageyards-display-component---NewYard--addressDetailDetailsCity1","interaction":{"idSuffix":"inner"}},"clearTextFirst":true,"interactionType":"ENTER_TEXT"}]}
COMMAND: POST /session/d119162e921248fd1f7a065fe81fedfa/execute/async - {"script":"<script> [1562 bytes]","args":[{"selector":{"id":"application-manageyards-display-component---NewYard--addressDetailDetailsCountry-arrow"},"wdio_ui5_key":"applicationmanageyards-display-component---NewYard--addressDetailDetailsCountry-arrow"}]}
RESULT: {"script":"<script> [1562 bytes]","args":[{"selector":{"id":"application-manageyards-display-component---NewYard--addressDetailDetailsCountry-arrow"},"wdio_ui5_key":"applicationmanageyards-display-component---NewYard--addressDetailDetailsCountry-arrow"}]}
RESULT: undefined
COMMAND: POST /session/d119162e921248fd1f7a065fe81fedfa/element - {"using":"xpath","value":"//*[@id=\"application-manageyards-display-component---NewYard--addressDetailDetailsCountry-arrow\"]"}
RESULT: {"using":"xpath","value":"//*[@id=\"application-manageyards-display-component---NewYard--addressDetailDetailsCountry-arrow\"]"}
COMMAND: POST /session/d119162e921248fd1f7a065fe81fedfa/element/f.7D8252E83238221F8080DA22DD8FFCA1.d.D6EADEDC3606A01E0860DB612C55BBDC.e.727/click - {}
RESULT: {}
COMMAND: POST /session/d119162e921248fd1f7a065fe81fedfa/element - {"using":"xpath","value":"//span[contains(text(), \"Argentina\")]"}
COMMAND: GET /session/d119162e921248fd1f7a065fe81fedfa/screenshot - {}
RESULT: {"using":"xpath","value":"//span[contains(text(), \"Argentina\")]"}
COMMAND: POST /session/d119162e921248fd1f7a065fe81fedfa/element/f.7D8252E83238221F8080DA22DD8FFCA1.d.D6EADEDC3606A01E0860DB612C55BBDC.e.728/click - {}
RESULT: {}
RESULT: {}
COMMAND: POST /session/d119162e921248fd1f7a065fe81fedfa/execute/async - {"script":"<script> [1562 bytes]","args":[{"selector":{"id":"application-manageyards-display-component---NewYard--addressEditDetailsCostObjectCstType-arrow"},"wdio_ui5_key":"applicationmanageyards-display-component---NewYard--addressEditDetailsCostObjectCstType-arrow"}]}
COMMAND: GET /session/d119162e921248fd1f7a065fe81fedfa/screenshot - {}
RESULT: {"script":"<script> [1562 bytes]","args":[{"selector":{"id":"application-manageyards-display-component---NewYard--addressEditDetailsCostObjectCstType-arrow"},"wdio_ui5_key":"applicationmanageyards-display-component---NewYard--addressEditDetailsCostObjectCstType-arrow"}]}
RESULT: undefined
COMMAND: POST /session/d119162e921248fd1f7a065fe81fedfa/element - {"using":"xpath","value":"//*[@id=\"application-manageyards-display-component---NewYard--addressEditDetailsCostObjectCstType-arrow\"]"}
RESULT: {}
RESULT: {"using":"xpath","value":"//*[@id=\"application-manageyards-display-component---NewYard--addressEditDetailsCostObjectCstType-arrow\"]"}
COMMAND: POST /session/d119162e921248fd1f7a065fe81fedfa/element/f.7D8252E83238221F8080DA22DD8FFCA1.d.D6EADEDC3606A01E0860DB612C55BBDC.e.730/click - {}
RESULT: {}
COMMAND: POST /session/d119162e921248fd1f7a065fe81fedfa/element - {"using":"xpath","value":"//span[contains(text(), \"Cost Center\")]"}
COMMAND: GET /session/d119162e921248fd1f7a065fe81fedfa/screenshot - {}
RESULT: {}
RESULT: {"using":"xpath","value":"//span[contains(text(), \"Cost Center\")]"}
COMMAND: POST /session/d119162e921248fd1f7a065fe81fedfa/element/f.7D8252E83238221F8080DA22DD8FFCA1.d.D6EADEDC3606A01E0860DB612C55BBDC.e.731/click - {}
RESULT: {}
COMMAND: GET /session/d119162e921248fd1f7a065fe81fedfa/screenshot - {}
RESULT: {}
COMMAND: POST /session/d119162e921248fd1f7a065fe81fedfa/element - {"using":"xpath","value":"//span[@id=\"application-manageyards-display-component---NewYard--addressNewCostObjectCstID-vhi\"]"}
RESULT: {"using":"xpath","value":"//span[@id=\"application-manageyards-display-component---NewYard--addressNewCostObjectCstID-vhi\"]"}
COMMAND: POST /session/d119162e921248fd1f7a065fe81fedfa/execute/sync - {"script":"<script> [8489 bytes]","args":[{"element-6066-11e4-a52e-4f735466cecf":"f.7D8252E83238221F8080DA22DD8FFCA1.d.D6EADEDC3606A01E0860DB612C55BBDC.e.735","ELEMENT":"f.7D8252E83238221F8080DA22DD8FFCA1.d.D6EADEDC3606A01E0860DB612C55BBDC.e.735"}]}
RESULT: {"script":"<script> [8489 bytes]","args":[{"element-6066-11e4-a52e-4f735466cecf":"f.7D8252E83238221F8080DA22DD8FFCA1.d.D6EADEDC3606A01E0860DB612C55BBDC.e.735","ELEMENT":"f.7D8252E83238221F8080DA22DD8FFCA1.d.D6EADEDC3606A01E0860DB612C55BBDC.e.735"}]}
COMMAND: POST /session/d119162e921248fd1f7a065fe81fedfa/execute/async - {"script":"<script> [1562 bytes]","args":[{"selector":{"id":"application-manageyards-display-component---NewYard--addressNewCostObjectCstID-vhi"},"wdio_ui5_key":"applicationmanageyards-display-component---NewYard--addressNewCostObjectCstID-vhi"}]}
COMMAND: GET /session/d119162e921248fd1f7a065fe81fedfa/screenshot - {}
RESULT: {"script":"<script> [1562 bytes]","args":[{"selector":{"id":"application-manageyards-display-component---NewYard--addressNewCostObjectCstID-vhi"},"wdio_ui5_key":"applicationmanageyards-display-component---NewYard--addressNewCostObjectCstID-vhi"}]}
RESULT: undefined
COMMAND: POST /session/d119162e921248fd1f7a065fe81fedfa/element - {"using":"xpath","value":"//*[@id=\"application-manageyards-display-component---NewYard--addressNewCostObjectCstID-vhi\"]"}
RESULT: {}
RESULT: {"using":"xpath","value":"//*[@id=\"application-manageyards-display-component---NewYard--addressNewCostObjectCstID-vhi\"]"}
COMMAND: POST /session/d119162e921248fd1f7a065fe81fedfa/element/f.7D8252E83238221F8080DA22DD8FFCA1.d.D6EADEDC3606A01E0860DB612C55BBDC.e.735/click - {}
RESULT: {}
COMMAND: GET /session/d119162e921248fd1f7a065fe81fedfa/screenshot - {}
RESULT: {}
COMMAND: POST /session/d119162e921248fd1f7a065fe81fedfa/execute/async - {"script":"<script> [1562 bytes]","args":[{"selector":{"controlType":"sap.m.SearchField","properties":{"placeholder":"Search"},"searchOpenDialogs":true,"interaction":{"idSuffix":"I"}},"wdio_ui5_key":"sapm.SearchField{\"placeholder\":\"Search\"}"}]}
RESULT: {"script":"<script> [1562 bytes]","args":[{"selector":{"controlType":"sap.m.SearchField","properties":{"placeholder":"Search"},"searchOpenDialogs":true,"interaction":{"idSuffix":"I"}},"wdio_ui5_key":"sapm.SearchField{\"placeholder\":\"Search\"}"}]}
RESULT: undefined
COMMAND: POST /session/d119162e921248fd1f7a065fe81fedfa/execute/async - {"script":"<script> [776 bytes]","args":[{"enterText":"10001013","selector":{"controlType":"sap.m.SearchField","properties":{"placeholder":"Search"},"searchOpenDialogs":true,"interaction":{"idSuffix":"I"}},"clearTextFirst":true,"interactionType":"ENTER_TEXT"}]}
RESULT: {"script":"<script> [776 bytes]","args":[{"enterText":"10001013","selector":{"controlType":"sap.m.SearchField","properties":{"placeholder":"Search"},"searchOpenDialogs":true,"interaction":{"idSuffix":"I"}},"clearTextFirst":true,"interactionType":"ENTER_TEXT"}]}
COMMAND: POST /session/d119162e921248fd1f7a065fe81fedfa/actions - {"actions":[{"id":"action1","type":"key","parameters":{},"actions":[{"type":"keyDown","value":"î€‡"},{"type":"pause","duration":10},{"type":"keyUp","value":"î€‡"}]}]}
RESULT: {"actions":[{"id":"action1","type":"key","parameters":{},"actions":[{"type":"keyDown","value":"î€‡"},{"type":"pause","duration":10},{"type":"keyUp","value":"î€‡"}]}]}
COMMAND: GET /session/d119162e921248fd1f7a065fe81fedfa/screenshot - {}
RESULT: {}
COMMAND: POST /session/d119162e921248fd1f7a065fe81fedfa/element - {"using":"xpath","value":"//span[contains(text(), \"General Management\")]"}
RESULT: {"using":"xpath","value":"//span[contains(text(), \"General Management\")]"}
COMMAND: POST /session/d119162e921248fd1f7a065fe81fedfa/element/f.7D8252E83238221F8080DA22DD8FFCA1.d.D6EADEDC3606A01E0860DB612C55BBDC.e.777/click - {}
RESULT: {}
COMMAND: GET /session/d119162e921248fd1f7a065fe81fedfa/screenshot - {}
RESULT: {}
COMMAND: POST /session/d119162e921248fd1f7a065fe81fedfa/element - {"using":"xpath","value":"//bdi[contains(text(), \"OK\")]"}
RESULT: {"using":"xpath","value":"//bdi[contains(text(), \"OK\")]"}
COMMAND: POST /session/d119162e921248fd1f7a065fe81fedfa/element/f.7D8252E83238221F8080DA22DD8FFCA1.d.D6EADEDC3606A01E0860DB612C55BBDC.e.778/click - {}
RESULT: {}
COMMAND: GET /session/d119162e921248fd1f7a065fe81fedfa/screenshot - {}
RESULT: {}
COMMAND: POST /session/d119162e921248fd1f7a065fe81fedfa/execute/async - {"script":"<script> [1562 bytes]","args":[{"selector":{"id":"application-manageyards-display-component---NewYard--addressEditDetailsCurrency-arrow"},"wdio_ui5_key":"applicationmanageyards-display-component---NewYard--addressEditDetailsCurrency-arrow"}]}
RESULT: {"script":"<script> [1562 bytes]","args":[{"selector":{"id":"application-manageyards-display-component---NewYard--addressEditDetailsCurrency-arrow"},"wdio_ui5_key":"applicationmanageyards-display-component---NewYard--addressEditDetailsCurrency-arrow"}]}
RESULT: undefined
COMMAND: POST /session/d119162e921248fd1f7a065fe81fedfa/element - {"using":"xpath","value":"//*[@id=\"application-manageyards-display-component---NewYard--addressEditDetailsCurrency-arrow\"]"}
RESULT: {"using":"xpath","value":"//*[@id=\"application-manageyards-display-component---NewYard--addressEditDetailsCurrency-arrow\"]"}
COMMAND: POST /session/d119162e921248fd1f7a065fe81fedfa/element/f.7D8252E83238221F8080DA22DD8FFCA1.d.D6EADEDC3606A01E0860DB612C55BBDC.e.781/click - {}
RESULT: {}
COMMAND: POST /session/d119162e921248fd1f7a065fe81fedfa/element - {"using":"xpath","value":"//span[contains(text(), \"Euro\")]"}
COMMAND: GET /session/d119162e921248fd1f7a065fe81fedfa/screenshot - {}
RESULT: {"using":"xpath","value":"//span[contains(text(), \"Euro\")]"}
COMMAND: POST /session/d119162e921248fd1f7a065fe81fedfa/element/f.7D8252E83238221F8080DA22DD8FFCA1.d.D6EADEDC3606A01E0860DB612C55BBDC.e.782/click - {}
RESULT: {}
RESULT: {}
COMMAND: POST /session/d119162e921248fd1f7a065fe81fedfa/execute/async - {"script":"<script> [1562 bytes]","args":[{"selector":{"controlType":"sap.m.Input","viewName":"etm.portal.ui.manageyards.view.New","viewId":"application-manageyards-display-component---NewYard","bindingPath":{"path":"","propertyPath":"/CONTROLLING_AREA","modelName":"NewYardModel"},"interaction":{"idSuffix":"inner"}},"wdio_ui5_key":"etmportal.ui.manageyards.view.Newsap.m.Input{\"path\":\"\",\"propertyPath\":\"/CONTROLLING_AREA\",\"modelName\":\"NewYardModel\"}"}]}
COMMAND: GET /session/d119162e921248fd1f7a065fe81fedfa/screenshot - {}
RESULT: {"script":"<script> [1562 bytes]","args":[{"selector":{"controlType":"sap.m.Input","viewName":"etm.portal.ui.manageyards.view.New","viewId":"application-manageyards-display-component---NewYard","bindingPath":{"path":"","propertyPath":"/CONTROLLING_AREA","modelName":"NewYardModel"},"interaction":{"idSuffix":"inner"}},"wdio_ui5_key":"etmportal.ui.manageyards.view.Newsap.m.Input{\"path\":\"\",\"propertyPath\":\"/CONTROLLING_AREA\",\"modelName\":\"NewYardModel\"}"}]}
RESULT: undefined
COMMAND: POST /session/d119162e921248fd1f7a065fe81fedfa/execute/async - {"script":"<script> [776 bytes]","args":[{"enterText":"Z001","selector":{"controlType":"sap.m.Input","viewName":"etm.portal.ui.manageyards.view.New","viewId":"application-manageyards-display-component---NewYard","bindingPath":{"path":"","propertyPath":"/CONTROLLING_AREA","modelName":"NewYardModel"},"interaction":{"idSuffix":"inner"}},"clearTextFirst":true,"interactionType":"ENTER_TEXT"}]}
RESULT: {}
RESULT: {"script":"<script> [776 bytes]","args":[{"enterText":"Z001","selector":{"controlType":"sap.m.Input","viewName":"etm.portal.ui.manageyards.view.New","viewId":"application-manageyards-display-component---NewYard","bindingPath":{"path":"","propertyPath":"/CONTROLLING_AREA","modelName":"NewYardModel"},"interaction":{"idSuffix":"inner"}},"clearTextFirst":true,"interactionType":"ENTER_TEXT"}]}
COMMAND: POST /session/d119162e921248fd1f7a065fe81fedfa/execute/async - {"script":"<script> [1562 bytes]","args":[{"selector":{"id":"application-manageyards-display-component---NewYard--companyCodeComboBox","interaction":{"idSuffix":"inner"}},"wdio_ui5_key":"applicationmanageyards-display-component---NewYard--companyCodeComboBox"}]}
RESULT: {"script":"<script> [1562 bytes]","args":[{"selector":{"id":"application-manageyards-display-component---NewYard--companyCodeComboBox","interaction":{"idSuffix":"inner"}},"wdio_ui5_key":"applicationmanageyards-display-component---NewYard--companyCodeComboBox"}]}
RESULT: undefined
COMMAND: POST /session/d119162e921248fd1f7a065fe81fedfa/execute/async - {"script":"<script> [776 bytes]","args":[{"enterText":"1000","selector":{"id":"application-manageyards-display-component---NewYard--companyCodeComboBox","interaction":{"idSuffix":"inner"}},"clearTextFirst":true,"interactionType":"ENTER_TEXT"}]}
RESULT: {"script":"<script> [776 bytes]","args":[{"enterText":"1000","selector":{"id":"application-manageyards-display-component---NewYard--companyCodeComboBox","interaction":{"idSuffix":"inner"}},"clearTextFirst":true,"interactionType":"ENTER_TEXT"}]}
COMMAND: POST /session/d119162e921248fd1f7a065fe81fedfa/execute/async - {"script":"<script> [1562 bytes]","args":[{"selector":{"controlType":"sap.m.Input","viewName":"etm.portal.ui.manageyards.view.New","viewId":"application-manageyards-display-component---NewYard","bindingPath":{"path":"","propertyPath":"/PLANT","modelName":"NewYardModel"},"interaction":{"idSuffix":"inner"}},"wdio_ui5_key":"etmportal.ui.manageyards.view.Newsap.m.Input{\"path\":\"\",\"propertyPath\":\"/PLANT\",\"modelName\":\"NewYardModel\"}"}]}
RESULT: {"script":"<script> [1562 bytes]","args":[{"selector":{"controlType":"sap.m.Input","viewName":"etm.portal.ui.manageyards.view.New","viewId":"application-manageyards-display-component---NewYard","bindingPath":{"path":"","propertyPath":"/PLANT","modelName":"NewYardModel"},"interaction":{"idSuffix":"inner"}},"wdio_ui5_key":"etmportal.ui.manageyards.view.Newsap.m.Input{\"path\":\"\",\"propertyPath\":\"/PLANT\",\"modelName\":\"NewYardModel\"}"}]}
RESULT: undefined
COMMAND: POST /session/d119162e921248fd1f7a065fe81fedfa/execute/async - {"script":"<script> [776 bytes]","args":[{"enterText":"1001","selector":{"controlType":"sap.m.Input","viewName":"etm.portal.ui.manageyards.view.New","viewId":"application-manageyards-display-component---NewYard","bindingPath":{"path":"","propertyPath":"/PLANT","modelName":"NewYardModel"},"interaction":{"idSuffix":"inner"}},"clearTextFirst":true,"interactionType":"ENTER_TEXT"}]}
RESULT: {"script":"<script> [776 bytes]","args":[{"enterText":"1001","selector":{"controlType":"sap.m.Input","viewName":"etm.portal.ui.manageyards.view.New","viewId":"application-manageyards-display-component---NewYard","bindingPath":{"path":"","propertyPath":"/PLANT","modelName":"NewYardModel"},"interaction":{"idSuffix":"inner"}},"clearTextFirst":true,"interactionType":"ENTER_TEXT"}]}
COMMAND: POST /session/d119162e921248fd1f7a065fe81fedfa/execute/async - {"script":"<script> [1562 bytes]","args":[{"selector":{"controlType":"sap.m.Input","viewName":"etm.portal.ui.manageyards.view.New","viewId":"application-manageyards-display-component---NewYard","bindingPath":{"path":"","propertyPath":"/SALES_AREA_VKORG","modelName":"NewYardModel"},"interaction":{"idSuffix":"inner"}},"wdio_ui5_key":"etmportal.ui.manageyards.view.Newsap.m.Input{\"path\":\"\",\"propertyPath\":\"/SALES_AREA_VKORG\",\"modelName\":\"NewYardModel\"}"}]}
RESULT: {"script":"<script> [1562 bytes]","args":[{"selector":{"controlType":"sap.m.Input","viewName":"etm.portal.ui.manageyards.view.New","viewId":"application-manageyards-display-component---NewYard","bindingPath":{"path":"","propertyPath":"/SALES_AREA_VKORG","modelName":"NewYardModel"},"interaction":{"idSuffix":"inner"}},"wdio_ui5_key":"etmportal.ui.manageyards.view.Newsap.m.Input{\"path\":\"\",\"propertyPath\":\"/SALES_AREA_VKORG\",\"modelName\":\"NewYardModel\"}"}]}
RESULT: undefined
COMMAND: POST /session/d119162e921248fd1f7a065fe81fedfa/execute/async - {"script":"<script> [776 bytes]","args":[{"enterText":"C002","selector":{"controlType":"sap.m.Input","viewName":"etm.portal.ui.manageyards.view.New","viewId":"application-manageyards-display-component---NewYard","bindingPath":{"path":"","propertyPath":"/SALES_AREA_VKORG","modelName":"NewYardModel"},"interaction":{"idSuffix":"inner"}},"clearTextFirst":true,"interactionType":"ENTER_TEXT"}]}
RESULT: {"script":"<script> [776 bytes]","args":[{"enterText":"C002","selector":{"controlType":"sap.m.Input","viewName":"etm.portal.ui.manageyards.view.New","viewId":"application-manageyards-display-component---NewYard","bindingPath":{"path":"","propertyPath":"/SALES_AREA_VKORG","modelName":"NewYardModel"},"interaction":{"idSuffix":"inner"}},"clearTextFirst":true,"interactionType":"ENTER_TEXT"}]}
COMMAND: POST /session/d119162e921248fd1f7a065fe81fedfa/execute/async - {"script":"<script> [1562 bytes]","args":[{"selector":{"controlType":"sap.m.Input","viewName":"etm.portal.ui.manageyards.view.New","viewId":"application-manageyards-display-component---NewYard","bindingPath":{"path":"","propertyPath":"/SALES_AREA_VTWEG","modelName":"NewYardModel"},"interaction":{"idSuffix":"inner"}},"wdio_ui5_key":"etmportal.ui.manageyards.view.Newsap.m.Input{\"path\":\"\",\"propertyPath\":\"/SALES_AREA_VTWEG\",\"modelName\":\"NewYardModel\"}"}]}
RESULT: {"script":"<script> [1562 bytes]","args":[{"selector":{"controlType":"sap.m.Input","viewName":"etm.portal.ui.manageyards.view.New","viewId":"application-manageyards-display-component---NewYard","bindingPath":{"path":"","propertyPath":"/SALES_AREA_VTWEG","modelName":"NewYardModel"},"interaction":{"idSuffix":"inner"}},"wdio_ui5_key":"etmportal.ui.manageyards.view.Newsap.m.Input{\"path\":\"\",\"propertyPath\":\"/SALES_AREA_VTWEG\",\"modelName\":\"NewYardModel\"}"}]}
RESULT: undefined
COMMAND: POST /session/d119162e921248fd1f7a065fe81fedfa/execute/async - {"script":"<script> [776 bytes]","args":[{"enterText":"C2","selector":{"controlType":"sap.m.Input","viewName":"etm.portal.ui.manageyards.view.New","viewId":"application-manageyards-display-component---NewYard","bindingPath":{"path":"","propertyPath":"/SALES_AREA_VTWEG","modelName":"NewYardModel"},"interaction":{"idSuffix":"inner"}},"clearTextFirst":true,"interactionType":"ENTER_TEXT"}]}
RESULT: {"script":"<script> [776 bytes]","args":[{"enterText":"C2","selector":{"controlType":"sap.m.Input","viewName":"etm.portal.ui.manageyards.view.New","viewId":"application-manageyards-display-component---NewYard","bindingPath":{"path":"","propertyPath":"/SALES_AREA_VTWEG","modelName":"NewYardModel"},"interaction":{"idSuffix":"inner"}},"clearTextFirst":true,"interactionType":"ENTER_TEXT"}]}
COMMAND: POST /session/d119162e921248fd1f7a065fe81fedfa/execute/async - {"script":"<script> [1562 bytes]","args":[{"selector":{"controlType":"sap.m.Input","viewName":"etm.portal.ui.manageyards.view.New","viewId":"application-manageyards-display-component---NewYard","bindingPath":{"path":"","propertyPath":"/SALES_AREA_SPART","modelName":"NewYardModel"},"interaction":{"idSuffix":"inner"}},"wdio_ui5_key":"etmportal.ui.manageyards.view.Newsap.m.Input{\"path\":\"\",\"propertyPath\":\"/SALES_AREA_SPART\",\"modelName\":\"NewYardModel\"}"}]}
RESULT: {"script":"<script> [1562 bytes]","args":[{"selector":{"controlType":"sap.m.Input","viewName":"etm.portal.ui.manageyards.view.New","viewId":"application-manageyards-display-component---NewYard","bindingPath":{"path":"","propertyPath":"/SALES_AREA_SPART","modelName":"NewYardModel"},"interaction":{"idSuffix":"inner"}},"wdio_ui5_key":"etmportal.ui.manageyards.view.Newsap.m.Input{\"path\":\"\",\"propertyPath\":\"/SALES_AREA_SPART\",\"modelName\":\"NewYardModel\"}"}]}
RESULT: undefined
COMMAND: POST /session/d119162e921248fd1f7a065fe81fedfa/execute/async - {"script":"<script> [776 bytes]","args":[{"enterText":"C2","selector":{"controlType":"sap.m.Input","viewName":"etm.portal.ui.manageyards.view.New","viewId":"application-manageyards-display-component---NewYard","bindingPath":{"path":"","propertyPath":"/SALES_AREA_SPART","modelName":"NewYardModel"},"interaction":{"idSuffix":"inner"}},"clearTextFirst":true,"interactionType":"ENTER_TEXT"}]}
RESULT: {"script":"<script> [776 bytes]","args":[{"enterText":"C2","selector":{"controlType":"sap.m.Input","viewName":"etm.portal.ui.manageyards.view.New","viewId":"application-manageyards-display-component---NewYard","bindingPath":{"path":"","propertyPath":"/SALES_AREA_SPART","modelName":"NewYardModel"},"interaction":{"idSuffix":"inner"}},"clearTextFirst":true,"interactionType":"ENTER_TEXT"}]}
COMMAND: POST /session/d119162e921248fd1f7a065fe81fedfa/execute/async - {"script":"<script> [1562 bytes]","args":[{"selector":{"controlType":"sap.m.Input","viewName":"etm.portal.ui.manageyards.view.New","viewId":"application-manageyards-display-component---NewYard","bindingPath":{"path":"","propertyPath":"/SHIP_POINT","modelName":"NewYardModel"},"interaction":{"idSuffix":"inner"}},"wdio_ui5_key":"etmportal.ui.manageyards.view.Newsap.m.Input{\"path\":\"\",\"propertyPath\":\"/SHIP_POINT\",\"modelName\":\"NewYardModel\"}"}]}
RESULT: {"script":"<script> [1562 bytes]","args":[{"selector":{"controlType":"sap.m.Input","viewName":"etm.portal.ui.manageyards.view.New","viewId":"application-manageyards-display-component---NewYard","bindingPath":{"path":"","propertyPath":"/SHIP_POINT","modelName":"NewYardModel"},"interaction":{"idSuffix":"inner"}},"wdio_ui5_key":"etmportal.ui.manageyards.view.Newsap.m.Input{\"path\":\"\",\"propertyPath\":\"/SHIP_POINT\",\"modelName\":\"NewYardModel\"}"}]}
RESULT: undefined
COMMAND: POST /session/d119162e921248fd1f7a065fe81fedfa/execute/async - {"script":"<script> [776 bytes]","args":[{"enterText":"1710","selector":{"controlType":"sap.m.Input","viewName":"etm.portal.ui.manageyards.view.New","viewId":"application-manageyards-display-component---NewYard","bindingPath":{"path":"","propertyPath":"/SHIP_POINT","modelName":"NewYardModel"},"interaction":{"idSuffix":"inner"}},"clearTextFirst":true,"interactionType":"ENTER_TEXT"}]}
RESULT: {"script":"<script> [776 bytes]","args":[{"enterText":"1710","selector":{"controlType":"sap.m.Input","viewName":"etm.portal.ui.manageyards.view.New","viewId":"application-manageyards-display-component---NewYard","bindingPath":{"path":"","propertyPath":"/SHIP_POINT","modelName":"NewYardModel"},"interaction":{"idSuffix":"inner"}},"clearTextFirst":true,"interactionType":"ENTER_TEXT"}]}
COMMAND: POST /session/d119162e921248fd1f7a065fe81fedfa/execute/async - {"script":"<script> [1562 bytes]","args":[{"selector":{"controlType":"sap.m.Input","viewName":"etm.portal.ui.manageyards.view.New","viewId":"application-manageyards-display-component---NewYard","bindingPath":{"path":"","propertyPath":"/DELIVERY_TYPE","modelName":"NewYardModel"},"interaction":{"idSuffix":"inner"}},"wdio_ui5_key":"etmportal.ui.manageyards.view.Newsap.m.Input{\"path\":\"\",\"propertyPath\":\"/DELIVERY_TYPE\",\"modelName\":\"NewYardModel\"}"}]}
RESULT: {"script":"<script> [1562 bytes]","args":[{"selector":{"controlType":"sap.m.Input","viewName":"etm.portal.ui.manageyards.view.New","viewId":"application-manageyards-display-component---NewYard","bindingPath":{"path":"","propertyPath":"/DELIVERY_TYPE","modelName":"NewYardModel"},"interaction":{"idSuffix":"inner"}},"wdio_ui5_key":"etmportal.ui.manageyards.view.Newsap.m.Input{\"path\":\"\",\"propertyPath\":\"/DELIVERY_TYPE\",\"modelName\":\"NewYardModel\"}"}]}
RESULT: undefined
COMMAND: POST /session/d119162e921248fd1f7a065fe81fedfa/execute/async - {"script":"<script> [776 bytes]","args":[{"enterText":"ZL01","selector":{"controlType":"sap.m.Input","viewName":"etm.portal.ui.manageyards.view.New","viewId":"application-manageyards-display-component---NewYard","bindingPath":{"path":"","propertyPath":"/DELIVERY_TYPE","modelName":"NewYardModel"},"interaction":{"idSuffix":"inner"}},"clearTextFirst":true,"interactionType":"ENTER_TEXT"}]}
RESULT: {"script":"<script> [776 bytes]","args":[{"enterText":"ZL01","selector":{"controlType":"sap.m.Input","viewName":"etm.portal.ui.manageyards.view.New","viewId":"application-manageyards-display-component---NewYard","bindingPath":{"path":"","propertyPath":"/DELIVERY_TYPE","modelName":"NewYardModel"},"interaction":{"idSuffix":"inner"}},"clearTextFirst":true,"interactionType":"ENTER_TEXT"}]}
COMMAND: POST /session/d119162e921248fd1f7a065fe81fedfa/execute/async - {"script":"<script> [1562 bytes]","args":[{"selector":{"controlType":"sap.m.Input","viewName":"etm.portal.ui.manageyards.view.New","viewId":"application-manageyards-display-component---NewYard","bindingPath":{"path":"","propertyPath":"/AUART","modelName":"NewYardModel"},"interaction":{"idSuffix":"inner"}},"wdio_ui5_key":"etmportal.ui.manageyards.view.Newsap.m.Input{\"path\":\"\",\"propertyPath\":\"/AUART\",\"modelName\":\"NewYardModel\"}"}]}
RESULT: {"script":"<script> [1562 bytes]","args":[{"selector":{"controlType":"sap.m.Input","viewName":"etm.portal.ui.manageyards.view.New","viewId":"application-manageyards-display-component---NewYard","bindingPath":{"path":"","propertyPath":"/AUART","modelName":"NewYardModel"},"interaction":{"idSuffix":"inner"}},"wdio_ui5_key":"etmportal.ui.manageyards.view.Newsap.m.Input{\"path\":\"\",\"propertyPath\":\"/AUART\",\"modelName\":\"NewYardModel\"}"}]}
RESULT: undefined
COMMAND: POST /session/d119162e921248fd1f7a065fe81fedfa/execute/async - {"script":"<script> [776 bytes]","args":[{"enterText":"TA","selector":{"controlType":"sap.m.Input","viewName":"etm.portal.ui.manageyards.view.New","viewId":"application-manageyards-display-component---NewYard","bindingPath":{"path":"","propertyPath":"/AUART","modelName":"NewYardModel"},"interaction":{"idSuffix":"inner"}},"clearTextFirst":true,"interactionType":"ENTER_TEXT"}]}
RESULT: {"script":"<script> [776 bytes]","args":[{"enterText":"TA","selector":{"controlType":"sap.m.Input","viewName":"etm.portal.ui.manageyards.view.New","viewId":"application-manageyards-display-component---NewYard","bindingPath":{"path":"","propertyPath":"/AUART","modelName":"NewYardModel"},"interaction":{"idSuffix":"inner"}},"clearTextFirst":true,"interactionType":"ENTER_TEXT"}]}
COMMAND: POST /session/d119162e921248fd1f7a065fe81fedfa/element - {"using":"xpath","value":"//button[@data-kt=\"newYardSaveButton\"]"}
RESULT: {"using":"xpath","value":"//button[@data-kt=\"newYardSaveButton\"]"}
COMMAND: POST /session/d119162e921248fd1f7a065fe81fedfa/element/f.7D8252E83238221F8080DA22DD8FFCA1.d.D6EADEDC3606A01E0860DB612C55BBDC.e.689/click - {}
RESULT: {}
COMMAND: GET /session/d119162e921248fd1f7a065fe81fedfa/screenshot - {}
RESULT: {}
COMMAND: POST /session/d119162e921248fd1f7a065fe81fedfa/element - {"using":"xpath","value":"//header[contains(@id, 'ObjectPageLayout-headerTitle')]/div[1]/div[2]/div[1]/span[1]"}
RESULT: {"using":"xpath","value":"//header[contains(@id, 'ObjectPageLayout-headerTitle')]/div[1]/div[2]/div[1]/span[1]"}
COMMAND: POST /session/d119162e921248fd1f7a065fe81fedfa/elements - {"using":"xpath","value":"//header[contains(@id, 'ObjectPageLayout-headerTitle')]/div[1]/div[2]/div[1]/span[1]"}
RESULT: {"using":"xpath","value":"//header[contains(@id, 'ObjectPageLayout-headerTitle')]/div[1]/div[2]/div[1]/span[1]"}
COMMAND: POST /session/d119162e921248fd1f7a065fe81fedfa/execute/sync - {"script":"<script> [56 bytes]","args":[{"element-6066-11e4-a52e-4f735466cecf":"f.7D8252E83238221F8080DA22DD8FFCA1.d.D6EADEDC3606A01E0860DB612C55BBDC.e.1003","ELEMENT":"f.7D8252E83238221F8080DA22DD8FFCA1.d.D6EADEDC3606A01E0860DB612C55BBDC.e.1003"}]}
RESULT: {"script":"<script> [56 bytes]","args":[{"element-6066-11e4-a52e-4f735466cecf":"f.7D8252E83238221F8080DA22DD8FFCA1.d.D6EADEDC3606A01E0860DB612C55BBDC.e.1003","ELEMENT":"f.7D8252E83238221F8080DA22DD8FFCA1.d.D6EADEDC3606A01E0860DB612C55BBDC.e.1003"}]}
COMMAND: GET /session/d119162e921248fd1f7a065fe81fedfa/screenshot - {}
RESULT: {}
COMMAND: POST /session/d119162e921248fd1f7a065fe81fedfa/element - {"using":"css selector","value":"#shell-header-logo"}
RESULT: {"using":"css selector","value":"#shell-header-logo"}
COMMAND: POST /session/d119162e921248fd1f7a065fe81fedfa/element/f.7D8252E83238221F8080DA22DD8FFCA1.d.D6EADEDC3606A01E0860DB612C55BBDC.e.254/click - {}
RESULT: {}
COMMAND: GET /session/d119162e921248fd1f7a065fe81fedfa/screenshot - {}
RESULT: {}
COMMAND: POST /session/d119162e921248fd1f7a065fe81fedfa/execute/sync - {"script":"<script> [299 bytes]","args":[["getModel","getResource"]]}
RESULT: {"script":"<script> [299 bytes]","args":[["getModel","getResource"]]}
]]></system-out>
    </testcase>
    <testcase classname="chrome.135_0_7049_96.windows.Billing_confirm_US117289" name="Should create a new partner" time="119.267">
      <system-out><![CDATA[
COMMAND: POST /session/d119162e921248fd1f7a065fe81fedfa/window/fullscreen - {}
COMMAND: GET /session/d119162e921248fd1f7a065fe81fedfa/screenshot - {}
RESULT: {}
COMMAND: POST /session/d119162e921248fd1f7a065fe81fedfa/execute/async - {"script":"<script> [1562 bytes]","args":[{"selector":{"controlType":"sap.m.GenericTile","properties":{"header":"Manage Partners"}},"wdio_ui5_key":"sapm.GenericTile{\"header\":\"Manage Partners\"}"}]}
RESULT: {}
RESULT: {"script":"<script> [1562 bytes]","args":[{"selector":{"controlType":"sap.m.GenericTile","properties":{"header":"Manage Partners"}},"wdio_ui5_key":"sapm.GenericTile{\"header\":\"Manage Partners\"}"}]}
RESULT: undefined
COMMAND: POST /session/d119162e921248fd1f7a065fe81fedfa/element - {"using":"xpath","value":"//*[@id=\"__tile38\"]"}
RESULT: {"using":"xpath","value":"//*[@id=\"__tile38\"]"}
COMMAND: POST /session/d119162e921248fd1f7a065fe81fedfa/element/f.7D8252E83238221F8080DA22DD8FFCA1.d.D6EADEDC3606A01E0860DB612C55BBDC.e.141/click - {}
RESULT: {}
COMMAND: POST /session/d119162e921248fd1f7a065fe81fedfa/element - {"using":"xpath","value":"//button[@data-kt=\"addButton\"]"}
COMMAND: GET /session/d119162e921248fd1f7a065fe81fedfa/screenshot - {}
RESULT: {"using":"xpath","value":"//button[@data-kt=\"addButton\"]"}
COMMAND: POST /session/d119162e921248fd1f7a065fe81fedfa/elements - {"using":"xpath","value":"//button[@data-kt=\"addButton\"]"}
RESULT: {}
RESULT: {"using":"xpath","value":"//button[@data-kt=\"addButton\"]"}
COMMAND: POST /session/d119162e921248fd1f7a065fe81fedfa/elements - {"using":"xpath","value":"//button[@data-kt=\"addButton\"]"}
RESULT: {"using":"xpath","value":"//button[@data-kt=\"addButton\"]"}
COMMAND: POST /session/d119162e921248fd1f7a065fe81fedfa/elements - {"using":"xpath","value":"//button[@data-kt=\"addButton\"]"}
RESULT: {"using":"xpath","value":"//button[@data-kt=\"addButton\"]"}
COMMAND: POST /session/d119162e921248fd1f7a065fe81fedfa/elements - {"using":"xpath","value":"//button[@data-kt=\"addButton\"]"}
RESULT: {"using":"xpath","value":"//button[@data-kt=\"addButton\"]"}
COMMAND: POST /session/d119162e921248fd1f7a065fe81fedfa/elements - {"using":"xpath","value":"//button[@data-kt=\"addButton\"]"}
RESULT: {"using":"xpath","value":"//button[@data-kt=\"addButton\"]"}
COMMAND: POST /session/d119162e921248fd1f7a065fe81fedfa/elements - {"using":"xpath","value":"//button[@data-kt=\"addButton\"]"}
RESULT: {"using":"xpath","value":"//button[@data-kt=\"addButton\"]"}
COMMAND: POST /session/d119162e921248fd1f7a065fe81fedfa/elements - {"using":"xpath","value":"//button[@data-kt=\"addButton\"]"}
RESULT: {"using":"xpath","value":"//button[@data-kt=\"addButton\"]"}
COMMAND: POST /session/d119162e921248fd1f7a065fe81fedfa/elements - {"using":"xpath","value":"//button[@data-kt=\"addButton\"]"}
RESULT: {"using":"xpath","value":"//button[@data-kt=\"addButton\"]"}
COMMAND: POST /session/d119162e921248fd1f7a065fe81fedfa/elements - {"using":"xpath","value":"//button[@data-kt=\"addButton\"]"}
RESULT: {"using":"xpath","value":"//button[@data-kt=\"addButton\"]"}
COMMAND: POST /session/d119162e921248fd1f7a065fe81fedfa/elements - {"using":"xpath","value":"//button[@data-kt=\"addButton\"]"}
RESULT: {"using":"xpath","value":"//button[@data-kt=\"addButton\"]"}
COMMAND: POST /session/d119162e921248fd1f7a065fe81fedfa/elements - {"using":"xpath","value":"//button[@data-kt=\"addButton\"]"}
RESULT: {"using":"xpath","value":"//button[@data-kt=\"addButton\"]"}
COMMAND: POST /session/d119162e921248fd1f7a065fe81fedfa/elements - {"using":"xpath","value":"//button[@data-kt=\"addButton\"]"}
RESULT: {"using":"xpath","value":"//button[@data-kt=\"addButton\"]"}
COMMAND: POST /session/d119162e921248fd1f7a065fe81fedfa/elements - {"using":"xpath","value":"//button[@data-kt=\"addButton\"]"}
RESULT: {"using":"xpath","value":"//button[@data-kt=\"addButton\"]"}
COMMAND: POST /session/d119162e921248fd1f7a065fe81fedfa/elements - {"using":"xpath","value":"//button[@data-kt=\"addButton\"]"}
RESULT: {"using":"xpath","value":"//button[@data-kt=\"addButton\"]"}
COMMAND: POST /session/d119162e921248fd1f7a065fe81fedfa/elements - {"using":"xpath","value":"//button[@data-kt=\"addButton\"]"}
RESULT: {"using":"xpath","value":"//button[@data-kt=\"addButton\"]"}
COMMAND: POST /session/d119162e921248fd1f7a065fe81fedfa/elements - {"using":"xpath","value":"//button[@data-kt=\"addButton\"]"}
RESULT: {"using":"xpath","value":"//button[@data-kt=\"addButton\"]"}
COMMAND: POST /session/d119162e921248fd1f7a065fe81fedfa/elements - {"using":"xpath","value":"//button[@data-kt=\"addButton\"]"}
RESULT: {"using":"xpath","value":"//button[@data-kt=\"addButton\"]"}
COMMAND: POST /session/d119162e921248fd1f7a065fe81fedfa/elements - {"using":"xpath","value":"//button[@data-kt=\"addButton\"]"}
RESULT: {"using":"xpath","value":"//button[@data-kt=\"addButton\"]"}
COMMAND: POST /session/d119162e921248fd1f7a065fe81fedfa/element - {"using":"xpath","value":"//button[@data-kt=\"addButton\"]"}
RESULT: {"using":"xpath","value":"//button[@data-kt=\"addButton\"]"}
COMMAND: POST /session/d119162e921248fd1f7a065fe81fedfa/execute/sync - {"script":"<script> [8489 bytes]","args":[{"element-6066-11e4-a52e-4f735466cecf":"f.7D8252E83238221F8080DA22DD8FFCA1.d.D6EADEDC3606A01E0860DB612C55BBDC.e.1055","ELEMENT":"f.7D8252E83238221F8080DA22DD8FFCA1.d.D6EADEDC3606A01E0860DB612C55BBDC.e.1055"}]}
RESULT: {"script":"<script> [8489 bytes]","args":[{"element-6066-11e4-a52e-4f735466cecf":"f.7D8252E83238221F8080DA22DD8FFCA1.d.D6EADEDC3606A01E0860DB612C55BBDC.e.1055","ELEMENT":"f.7D8252E83238221F8080DA22DD8FFCA1.d.D6EADEDC3606A01E0860DB612C55BBDC.e.1055"}]}
COMMAND: GET /session/d119162e921248fd1f7a065fe81fedfa/element/f.7D8252E83238221F8080DA22DD8FFCA1.d.D6EADEDC3606A01E0860DB612C55BBDC.e.1055/enabled - {}
COMMAND: GET /session/d119162e921248fd1f7a065fe81fedfa/screenshot - {}
RESULT: {}
COMMAND: POST /session/d119162e921248fd1f7a065fe81fedfa/execute/sync - {"script":"<script> [8489 bytes]","args":[{"element-6066-11e4-a52e-4f735466cecf":"f.7D8252E83238221F8080DA22DD8FFCA1.d.D6EADEDC3606A01E0860DB612C55BBDC.e.1055","ELEMENT":"f.7D8252E83238221F8080DA22DD8FFCA1.d.D6EADEDC3606A01E0860DB612C55BBDC.e.1055"}]}
COMMAND: GET /session/d119162e921248fd1f7a065fe81fedfa/screenshot - {}
RESULT: {}
RESULT: {"script":"<script> [8489 bytes]","args":[{"element-6066-11e4-a52e-4f735466cecf":"f.7D8252E83238221F8080DA22DD8FFCA1.d.D6EADEDC3606A01E0860DB612C55BBDC.e.1055","ELEMENT":"f.7D8252E83238221F8080DA22DD8FFCA1.d.D6EADEDC3606A01E0860DB612C55BBDC.e.1055"}]}
COMMAND: POST /session/d119162e921248fd1f7a065fe81fedfa/execute/sync - {"script":"<script> [5351 bytes]","args":[{"element-6066-11e4-a52e-4f735466cecf":"f.7D8252E83238221F8080DA22DD8FFCA1.d.D6EADEDC3606A01E0860DB612C55BBDC.e.1055","ELEMENT":"f.7D8252E83238221F8080DA22DD8FFCA1.d.D6EADEDC3606A01E0860DB612C55BBDC.e.1055"}]}
COMMAND: GET /session/d119162e921248fd1f7a065fe81fedfa/screenshot - {}
RESULT: {}
RESULT: {"script":"<script> [5351 bytes]","args":[{"element-6066-11e4-a52e-4f735466cecf":"f.7D8252E83238221F8080DA22DD8FFCA1.d.D6EADEDC3606A01E0860DB612C55BBDC.e.1055","ELEMENT":"f.7D8252E83238221F8080DA22DD8FFCA1.d.D6EADEDC3606A01E0860DB612C55BBDC.e.1055"}]}
COMMAND: POST /session/d119162e921248fd1f7a065fe81fedfa/element/f.7D8252E83238221F8080DA22DD8FFCA1.d.D6EADEDC3606A01E0860DB612C55BBDC.e.1055/click - {}
COMMAND: GET /session/d119162e921248fd1f7a065fe81fedfa/screenshot - {}
RESULT: {}
RESULT: {}
COMMAND: GET /session/d119162e921248fd1f7a065fe81fedfa/screenshot - {}
COMMAND: POST /session/d119162e921248fd1f7a065fe81fedfa/execute/async - {"script":"<script> [1562 bytes]","args":[{"selector":{"id":"application-managepartners-display-component---NewPartner--addressDetailDetailsName1","interaction":{"idSuffix":"inner"}},"wdio_ui5_key":"applicationmanagepartners-display-component---NewPartner--addressDetailDetailsName1"}]}
RESULT: {}
RESULT: {}
RESULT: {"script":"<script> [1562 bytes]","args":[{"selector":{"id":"application-managepartners-display-component---NewPartner--addressDetailDetailsName1","interaction":{"idSuffix":"inner"}},"wdio_ui5_key":"applicationmanagepartners-display-component---NewPartner--addressDetailDetailsName1"}]}
RESULT: undefined
COMMAND: POST /session/d119162e921248fd1f7a065fe81fedfa/execute/async - {"script":"<script> [776 bytes]","args":[{"enterText":"Intracompany Partner WDIO","selector":{"id":"application-managepartners-display-component---NewPartner--addressDetailDetailsName1","interaction":{"idSuffix":"inner"}},"clearTextFirst":true,"interactionType":"ENTER_TEXT"}]}
RESULT: {"script":"<script> [776 bytes]","args":[{"enterText":"Intracompany Partner WDIO","selector":{"id":"application-managepartners-display-component---NewPartner--addressDetailDetailsName1","interaction":{"idSuffix":"inner"}},"clearTextFirst":true,"interactionType":"ENTER_TEXT"}]}
COMMAND: POST /session/d119162e921248fd1f7a065fe81fedfa/execute/async - {"script":"<script> [1562 bytes]","args":[{"selector":{"id":"application-managepartners-display-component---NewPartner--addressDetailDetailsLanguage-arrow"},"wdio_ui5_key":"applicationmanagepartners-display-component---NewPartner--addressDetailDetailsLanguage-arrow"}]}
RESULT: {"script":"<script> [1562 bytes]","args":[{"selector":{"id":"application-managepartners-display-component---NewPartner--addressDetailDetailsLanguage-arrow"},"wdio_ui5_key":"applicationmanagepartners-display-component---NewPartner--addressDetailDetailsLanguage-arrow"}]}
RESULT: undefined
COMMAND: POST /session/d119162e921248fd1f7a065fe81fedfa/element - {"using":"xpath","value":"//*[@id=\"application-managepartners-display-component---NewPartner--addressDetailDetailsLanguage-arrow\"]"}
RESULT: {"using":"xpath","value":"//*[@id=\"application-managepartners-display-component---NewPartner--addressDetailDetailsLanguage-arrow\"]"}
COMMAND: POST /session/d119162e921248fd1f7a065fe81fedfa/element/f.7D8252E83238221F8080DA22DD8FFCA1.d.D6EADEDC3606A01E0860DB612C55BBDC.e.1499/click - {}
RESULT: {}
COMMAND: POST /session/d119162e921248fd1f7a065fe81fedfa/element - {"using":"xpath","value":"//span[contains(text(), \"English\")]"}
COMMAND: GET /session/d119162e921248fd1f7a065fe81fedfa/screenshot - {}
RESULT: {"using":"xpath","value":"//span[contains(text(), \"English\")]"}
COMMAND: POST /session/d119162e921248fd1f7a065fe81fedfa/element/f.7D8252E83238221F8080DA22DD8FFCA1.d.D6EADEDC3606A01E0860DB612C55BBDC.e.1500/click - {}
RESULT: {}
RESULT: {}
COMMAND: GET /session/d119162e921248fd1f7a065fe81fedfa/screenshot - {}
RESULT: {}
COMMAND: POST /session/d119162e921248fd1f7a065fe81fedfa/execute/async - {"script":"<script> [1562 bytes]","args":[{"selector":{"id":"application-managepartners-display-component---NewPartner--addressDetailDetailsCity1","interaction":{"idSuffix":"inner"}},"wdio_ui5_key":"applicationmanagepartners-display-component---NewPartner--addressDetailDetailsCity1"}]}
RESULT: {"script":"<script> [1562 bytes]","args":[{"selector":{"id":"application-managepartners-display-component---NewPartner--addressDetailDetailsCity1","interaction":{"idSuffix":"inner"}},"wdio_ui5_key":"applicationmanagepartners-display-component---NewPartner--addressDetailDetailsCity1"}]}
RESULT: undefined
COMMAND: POST /session/d119162e921248fd1f7a065fe81fedfa/execute/async - {"script":"<script> [776 bytes]","args":[{"enterText":"Rosario","selector":{"id":"application-managepartners-display-component---NewPartner--addressDetailDetailsCity1","interaction":{"idSuffix":"inner"}},"clearTextFirst":true,"interactionType":"ENTER_TEXT"}]}
RESULT: {"script":"<script> [776 bytes]","args":[{"enterText":"Rosario","selector":{"id":"application-managepartners-display-component---NewPartner--addressDetailDetailsCity1","interaction":{"idSuffix":"inner"}},"clearTextFirst":true,"interactionType":"ENTER_TEXT"}]}
COMMAND: POST /session/d119162e921248fd1f7a065fe81fedfa/execute/async - {"script":"<script> [1562 bytes]","args":[{"selector":{"id":"application-managepartners-display-component---NewPartner--addressDetailDetailsCountry-arrow"},"wdio_ui5_key":"applicationmanagepartners-display-component---NewPartner--addressDetailDetailsCountry-arrow"}]}
RESULT: {"script":"<script> [1562 bytes]","args":[{"selector":{"id":"application-managepartners-display-component---NewPartner--addressDetailDetailsCountry-arrow"},"wdio_ui5_key":"applicationmanagepartners-display-component---NewPartner--addressDetailDetailsCountry-arrow"}]}
RESULT: undefined
COMMAND: POST /session/d119162e921248fd1f7a065fe81fedfa/element - {"using":"xpath","value":"//*[@id=\"application-managepartners-display-component---NewPartner--addressDetailDetailsCountry-arrow\"]"}
RESULT: {"using":"xpath","value":"//*[@id=\"application-managepartners-display-component---NewPartner--addressDetailDetailsCountry-arrow\"]"}
COMMAND: POST /session/d119162e921248fd1f7a065fe81fedfa/element/f.7D8252E83238221F8080DA22DD8FFCA1.d.D6EADEDC3606A01E0860DB612C55BBDC.e.1485/click - {}
RESULT: {}
COMMAND: POST /session/d119162e921248fd1f7a065fe81fedfa/element - {"using":"xpath","value":"//span[contains(text(), \"Argentina\")]"}
COMMAND: GET /session/d119162e921248fd1f7a065fe81fedfa/screenshot - {}
RESULT: {"using":"xpath","value":"//span[contains(text(), \"Argentina\")]"}
COMMAND: POST /session/d119162e921248fd1f7a065fe81fedfa/element/f.7D8252E83238221F8080DA22DD8FFCA1.d.D6EADEDC3606A01E0860DB612C55BBDC.e.1502/click - {}
RESULT: {}
RESULT: {}
COMMAND: GET /session/d119162e921248fd1f7a065fe81fedfa/screenshot - {}
RESULT: {}
COMMAND: POST /session/d119162e921248fd1f7a065fe81fedfa/element - {"using":"xpath","value":"//bdi[contains(text(), \"Commercial\")]"}
RESULT: {"using":"xpath","value":"//bdi[contains(text(), \"Commercial\")]"}
COMMAND: POST /session/d119162e921248fd1f7a065fe81fedfa/element/f.7D8252E83238221F8080DA22DD8FFCA1.d.D6EADEDC3606A01E0860DB612C55BBDC.e.1503/click - {}
RESULT: {}
COMMAND: GET /session/d119162e921248fd1f7a065fe81fedfa/screenshot - {}
RESULT: {}
COMMAND: POST /session/d119162e921248fd1f7a065fe81fedfa/execute/async - {"script":"<script> [1562 bytes]","args":[{"selector":{"id":"application-managepartners-display-component---NewPartner--partnerDetailInternal-arrow"},"wdio_ui5_key":"applicationmanagepartners-display-component---NewPartner--partnerDetailInternal-arrow"}]}
RESULT: {"script":"<script> [1562 bytes]","args":[{"selector":{"id":"application-managepartners-display-component---NewPartner--partnerDetailInternal-arrow"},"wdio_ui5_key":"applicationmanagepartners-display-component---NewPartner--partnerDetailInternal-arrow"}]}
RESULT: undefined
COMMAND: POST /session/d119162e921248fd1f7a065fe81fedfa/element - {"using":"xpath","value":"//*[@id=\"application-managepartners-display-component---NewPartner--partnerDetailInternal-arrow\"]"}
RESULT: {"using":"xpath","value":"//*[@id=\"application-managepartners-display-component---NewPartner--partnerDetailInternal-arrow\"]"}
COMMAND: POST /session/d119162e921248fd1f7a065fe81fedfa/element/f.7D8252E83238221F8080DA22DD8FFCA1.d.D6EADEDC3606A01E0860DB612C55BBDC.e.1509/click - {}
RESULT: {}
COMMAND: POST /session/d119162e921248fd1f7a065fe81fedfa/element - {"using":"xpath","value":"//span[contains(text(), \"Affiliated company\")]"}
COMMAND: GET /session/d119162e921248fd1f7a065fe81fedfa/screenshot - {}
RESULT: {"using":"xpath","value":"//span[contains(text(), \"Affiliated company\")]"}
COMMAND: POST /session/d119162e921248fd1f7a065fe81fedfa/element/f.7D8252E83238221F8080DA22DD8FFCA1.d.D6EADEDC3606A01E0860DB612C55BBDC.e.1510/click - {}
RESULT: {}
RESULT: {}
COMMAND: POST /session/d119162e921248fd1f7a065fe81fedfa/execute/async - {"script":"<script> [1562 bytes]","args":[{"selector":{"id":"application-managepartners-display-component---NewPartner--partnerDetailsCurrency-arrow"},"wdio_ui5_key":"applicationmanagepartners-display-component---NewPartner--partnerDetailsCurrency-arrow"}]}
COMMAND: GET /session/d119162e921248fd1f7a065fe81fedfa/screenshot - {}
RESULT: {"script":"<script> [1562 bytes]","args":[{"selector":{"id":"application-managepartners-display-component---NewPartner--partnerDetailsCurrency-arrow"},"wdio_ui5_key":"applicationmanagepartners-display-component---NewPartner--partnerDetailsCurrency-arrow"}]}
RESULT: undefined
COMMAND: POST /session/d119162e921248fd1f7a065fe81fedfa/element - {"using":"xpath","value":"//*[@id=\"application-managepartners-display-component---NewPartner--partnerDetailsCurrency-arrow\"]"}
RESULT: {}
RESULT: {"using":"xpath","value":"//*[@id=\"application-managepartners-display-component---NewPartner--partnerDetailsCurrency-arrow\"]"}
COMMAND: POST /session/d119162e921248fd1f7a065fe81fedfa/element/f.7D8252E83238221F8080DA22DD8FFCA1.d.D6EADEDC3606A01E0860DB612C55BBDC.e.1517/click - {}
RESULT: {}
COMMAND: POST /session/d119162e921248fd1f7a065fe81fedfa/element - {"using":"xpath","value":"//span[contains(text(), \"Euro\")]"}
COMMAND: GET /session/d119162e921248fd1f7a065fe81fedfa/screenshot - {}
RESULT: {"using":"xpath","value":"//span[contains(text(), \"Euro\")]"}
COMMAND: POST /session/d119162e921248fd1f7a065fe81fedfa/element/f.7D8252E83238221F8080DA22DD8FFCA1.d.D6EADEDC3606A01E0860DB612C55BBDC.e.1518/click - {}
RESULT: {}
RESULT: {}
COMMAND: POST /session/d119162e921248fd1f7a065fe81fedfa/execute/async - {"script":"<script> [1562 bytes]","args":[{"selector":{"id":"application-managepartners-display-component---NewPartner--addressEditDetailsCostObjectCstType-arrow"},"wdio_ui5_key":"applicationmanagepartners-display-component---NewPartner--addressEditDetailsCostObjectCstType-arrow"}]}
COMMAND: GET /session/d119162e921248fd1f7a065fe81fedfa/screenshot - {}
RESULT: {"script":"<script> [1562 bytes]","args":[{"selector":{"id":"application-managepartners-display-component---NewPartner--addressEditDetailsCostObjectCstType-arrow"},"wdio_ui5_key":"applicationmanagepartners-display-component---NewPartner--addressEditDetailsCostObjectCstType-arrow"}]}
RESULT: undefined
COMMAND: POST /session/d119162e921248fd1f7a065fe81fedfa/element - {"using":"xpath","value":"//*[@id=\"application-managepartners-display-component---NewPartner--addressEditDetailsCostObjectCstType-arrow\"]"}
RESULT: {}
RESULT: {"using":"xpath","value":"//*[@id=\"application-managepartners-display-component---NewPartner--addressEditDetailsCostObjectCstType-arrow\"]"}
COMMAND: POST /session/d119162e921248fd1f7a065fe81fedfa/element/f.7D8252E83238221F8080DA22DD8FFCA1.d.D6EADEDC3606A01E0860DB612C55BBDC.e.1519/click - {}
RESULT: {}
COMMAND: POST /session/d119162e921248fd1f7a065fe81fedfa/element - {"using":"xpath","value":"//span[contains(text(), \"Cost Center\")]"}
COMMAND: GET /session/d119162e921248fd1f7a065fe81fedfa/screenshot - {}
RESULT: {"using":"xpath","value":"//span[contains(text(), \"Cost Center\")]"}
COMMAND: POST /session/d119162e921248fd1f7a065fe81fedfa/element/f.7D8252E83238221F8080DA22DD8FFCA1.d.D6EADEDC3606A01E0860DB612C55BBDC.e.1520/click - {}
RESULT: {}
RESULT: {}
COMMAND: GET /session/d119162e921248fd1f7a065fe81fedfa/screenshot - {}
RESULT: {}
COMMAND: POST /session/d119162e921248fd1f7a065fe81fedfa/element - {"using":"xpath","value":"//span[@id=\"application-managepartners-display-component---NewPartner--addressNewCostObjectCstID-vhi\"]"}
RESULT: {"using":"xpath","value":"//span[@id=\"application-managepartners-display-component---NewPartner--addressNewCostObjectCstID-vhi\"]"}
COMMAND: POST /session/d119162e921248fd1f7a065fe81fedfa/execute/sync - {"script":"<script> [8489 bytes]","args":[{"element-6066-11e4-a52e-4f735466cecf":"f.7D8252E83238221F8080DA22DD8FFCA1.d.D6EADEDC3606A01E0860DB612C55BBDC.e.1524","ELEMENT":"f.7D8252E83238221F8080DA22DD8FFCA1.d.D6EADEDC3606A01E0860DB612C55BBDC.e.1524"}]}
RESULT: {"script":"<script> [8489 bytes]","args":[{"element-6066-11e4-a52e-4f735466cecf":"f.7D8252E83238221F8080DA22DD8FFCA1.d.D6EADEDC3606A01E0860DB612C55BBDC.e.1524","ELEMENT":"f.7D8252E83238221F8080DA22DD8FFCA1.d.D6EADEDC3606A01E0860DB612C55BBDC.e.1524"}]}
COMMAND: POST /session/d119162e921248fd1f7a065fe81fedfa/execute/async - {"script":"<script> [1562 bytes]","args":[{"selector":{"id":"application-managepartners-display-component---NewPartner--addressNewCostObjectCstID-vhi"},"wdio_ui5_key":"applicationmanagepartners-display-component---NewPartner--addressNewCostObjectCstID-vhi"}]}
COMMAND: GET /session/d119162e921248fd1f7a065fe81fedfa/screenshot - {}
RESULT: {"script":"<script> [1562 bytes]","args":[{"selector":{"id":"application-managepartners-display-component---NewPartner--addressNewCostObjectCstID-vhi"},"wdio_ui5_key":"applicationmanagepartners-display-component---NewPartner--addressNewCostObjectCstID-vhi"}]}
RESULT: undefined
COMMAND: POST /session/d119162e921248fd1f7a065fe81fedfa/element - {"using":"xpath","value":"//*[@id=\"application-managepartners-display-component---NewPartner--addressNewCostObjectCstID-vhi\"]"}
RESULT: {}
RESULT: {"using":"xpath","value":"//*[@id=\"application-managepartners-display-component---NewPartner--addressNewCostObjectCstID-vhi\"]"}
COMMAND: POST /session/d119162e921248fd1f7a065fe81fedfa/element/f.7D8252E83238221F8080DA22DD8FFCA1.d.D6EADEDC3606A01E0860DB612C55BBDC.e.1524/click - {}
RESULT: {}
COMMAND: GET /session/d119162e921248fd1f7a065fe81fedfa/screenshot - {}
RESULT: {}
RESULT: undefined
COMMAND: POST /session/d119162e921248fd1f7a065fe81fedfa/execute/async - {"script":"<script> [776 bytes]","args":[{"enterText":"10001013","selector":{"controlType":"sap.m.SearchField","properties":{"placeholder":"Search"},"searchOpenDialogs":true,"interaction":{"idSuffix":"I"}},"clearTextFirst":true,"interactionType":"ENTER_TEXT"}]}
RESULT: {"script":"<script> [776 bytes]","args":[{"enterText":"10001013","selector":{"controlType":"sap.m.SearchField","properties":{"placeholder":"Search"},"searchOpenDialogs":true,"interaction":{"idSuffix":"I"}},"clearTextFirst":true,"interactionType":"ENTER_TEXT"}]}
COMMAND: POST /session/d119162e921248fd1f7a065fe81fedfa/actions - {"actions":[{"id":"action2","type":"key","parameters":{},"actions":[{"type":"keyDown","value":"î€‡"},{"type":"pause","duration":10},{"type":"keyUp","value":"î€‡"}]}]}
RESULT: {"actions":[{"id":"action2","type":"key","parameters":{},"actions":[{"type":"keyDown","value":"î€‡"},{"type":"pause","duration":10},{"type":"keyUp","value":"î€‡"}]}]}
COMMAND: GET /session/d119162e921248fd1f7a065fe81fedfa/screenshot - {}
RESULT: {}
COMMAND: POST /session/d119162e921248fd1f7a065fe81fedfa/element - {"using":"xpath","value":"//span[contains(text(), \"General Management\")]"}
RESULT: {"using":"xpath","value":"//span[contains(text(), \"General Management\")]"}
COMMAND: POST /session/d119162e921248fd1f7a065fe81fedfa/element/f.7D8252E83238221F8080DA22DD8FFCA1.d.D6EADEDC3606A01E0860DB612C55BBDC.e.1562/click - {}
RESULT: {}
COMMAND: GET /session/d119162e921248fd1f7a065fe81fedfa/screenshot - {}
RESULT: {}
COMMAND: POST /session/d119162e921248fd1f7a065fe81fedfa/element - {"using":"xpath","value":"//bdi[contains(text(), \"OK\")]"}
RESULT: {"using":"xpath","value":"//bdi[contains(text(), \"OK\")]"}
COMMAND: POST /session/d119162e921248fd1f7a065fe81fedfa/element/f.7D8252E83238221F8080DA22DD8FFCA1.d.D6EADEDC3606A01E0860DB612C55BBDC.e.1563/click - {}
RESULT: {}
COMMAND: GET /session/d119162e921248fd1f7a065fe81fedfa/screenshot - {}
RESULT: {}
COMMAND: POST /session/d119162e921248fd1f7a065fe81fedfa/element - {"using":"xpath","value":"//input[@id=\"application-managepartners-display-component---NewPartner--companyCodeComboBox-inner\"]"}
RESULT: {"using":"xpath","value":"//input[@id=\"application-managepartners-display-component---NewPartner--companyCodeComboBox-inner\"]"}
COMMAND: POST /session/d119162e921248fd1f7a065fe81fedfa/element/f.7D8252E83238221F8080DA22DD8FFCA1.d.D6EADEDC3606A01E0860DB612C55BBDC.e.1358/clear - {}
RESULT: {}
COMMAND: POST /session/d119162e921248fd1f7a065fe81fedfa/element/f.7D8252E83238221F8080DA22DD8FFCA1.d.D6EADEDC3606A01E0860DB612C55BBDC.e.1358/value - {"text":"1000"}
COMMAND: GET /session/d119162e921248fd1f7a065fe81fedfa/screenshot - {}
RESULT: {"text":"1000"}
COMMAND: GET /session/d119162e921248fd1f7a065fe81fedfa/screenshot - {}
RESULT: {}
RESULT: {}
COMMAND: POST /session/d119162e921248fd1f7a065fe81fedfa/element - {"using":"xpath","value":"//span[contains(text(), \"1000\")]"}
RESULT: {"using":"xpath","value":"//span[contains(text(), \"1000\")]"}
COMMAND: POST /session/d119162e921248fd1f7a065fe81fedfa/element/f.7D8252E83238221F8080DA22DD8FFCA1.d.D6EADEDC3606A01E0860DB612C55BBDC.e.1569/click - {}
RESULT: {}
COMMAND: GET /session/d119162e921248fd1f7a065fe81fedfa/screenshot - {}
RESULT: {}
COMMAND: POST /session/d119162e921248fd1f7a065fe81fedfa/execute/async - {"script":"<script> [1562 bytes]","args":[{"selector":{"id":"application-managepartners-display-component---NewPartner--btnAddTableRow-img"},"wdio_ui5_key":"applicationmanagepartners-display-component---NewPartner--btnAddTableRow-img"}]}
RESULT: {"script":"<script> [1562 bytes]","args":[{"selector":{"id":"application-managepartners-display-component---NewPartner--btnAddTableRow-img"},"wdio_ui5_key":"applicationmanagepartners-display-component---NewPartner--btnAddTableRow-img"}]}
RESULT: undefined
COMMAND: POST /session/d119162e921248fd1f7a065fe81fedfa/element - {"using":"xpath","value":"//*[@id=\"application-managepartners-display-component---NewPartner--btnAddTableRow-img\"]"}
RESULT: {"using":"xpath","value":"//*[@id=\"application-managepartners-display-component---NewPartner--btnAddTableRow-img\"]"}
COMMAND: POST /session/d119162e921248fd1f7a065fe81fedfa/element/f.7D8252E83238221F8080DA22DD8FFCA1.d.D6EADEDC3606A01E0860DB612C55BBDC.e.1570/click - {}
RESULT: {}
COMMAND: GET /session/d119162e921248fd1f7a065fe81fedfa/screenshot - {}
RESULT: {}
COMMAND: POST /session/d119162e921248fd1f7a065fe81fedfa/element - {"using":"xpath","value":"//input[@id=\"application-managepartners-display-component---NewPartner--assignmentYard-application-managepartners-display-component---NewPartner--assignmentsTable-0-inner\"]"}
RESULT: {"using":"xpath","value":"//input[@id=\"application-managepartners-display-component---NewPartner--assignmentYard-application-managepartners-display-component---NewPartner--assignmentsTable-0-inner\"]"}
COMMAND: POST /session/d119162e921248fd1f7a065fe81fedfa/element/f.7D8252E83238221F8080DA22DD8FFCA1.d.D6EADEDC3606A01E0860DB612C55BBDC.e.1573/clear - {}
RESULT: {}
COMMAND: POST /session/d119162e921248fd1f7a065fe81fedfa/element/f.7D8252E83238221F8080DA22DD8FFCA1.d.D6EADEDC3606A01E0860DB612C55BBDC.e.1573/value - {"text":"559"}
COMMAND: GET /session/d119162e921248fd1f7a065fe81fedfa/screenshot - {}
RESULT: {"text":"559"}
COMMAND: GET /session/d119162e921248fd1f7a065fe81fedfa/screenshot - {}
RESULT: {}
RESULT: {}
COMMAND: POST /session/d119162e921248fd1f7a065fe81fedfa/element - {"using":"xpath","value":"//li[.//span[text()='559']]"}
RESULT: {"using":"xpath","value":"//li[.//span[text()='559']]"}
COMMAND: POST /session/d119162e921248fd1f7a065fe81fedfa/element/f.7D8252E83238221F8080DA22DD8FFCA1.d.D6EADEDC3606A01E0860DB612C55BBDC.e.1582/click - {}
RESULT: {}
COMMAND: GET /session/d119162e921248fd1f7a065fe81fedfa/screenshot - {}
RESULT: {}
COMMAND: POST /session/d119162e921248fd1f7a065fe81fedfa/actions - {"actions":[{"id":"action3","type":"key","parameters":{},"actions":[{"type":"keyDown","value":"î€‡"},{"type":"pause","duration":10},{"type":"keyUp","value":"î€‡"}]}]}
RESULT: {"actions":[{"id":"action3","type":"key","parameters":{},"actions":[{"type":"keyDown","value":"î€‡"},{"type":"pause","duration":10},{"type":"keyUp","value":"î€‡"}]}]}
COMMAND: POST /session/d119162e921248fd1f7a065fe81fedfa/execute/async - {"script":"<script> [1562 bytes]","args":[{"selector":{"id":"application-managepartners-display-component---NewPartner--externalCustomerComboBox-application-managepartners-display-component---NewPartner--assignmentsTable-0-vhi"},"wdio_ui5_key":"applicationmanagepartners-display-component---NewPartner--externalCustomerComboBox-application-managepartners-display-component---NewPartner--assignmentsTable-0-vhi"}]}
COMMAND: GET /session/d119162e921248fd1f7a065fe81fedfa/screenshot - {}
RESULT: {"script":"<script> [1562 bytes]","args":[{"selector":{"id":"application-managepartners-display-component---NewPartner--externalCustomerComboBox-application-managepartners-display-component---NewPartner--assignmentsTable-0-vhi"},"wdio_ui5_key":"applicationmanagepartners-display-component---NewPartner--externalCustomerComboBox-application-managepartners-display-component---NewPartner--assignmentsTable-0-vhi"}]}
RESULT: undefined
COMMAND: POST /session/d119162e921248fd1f7a065fe81fedfa/element - {"using":"xpath","value":"//*[@id=\"application-managepartners-display-component---NewPartner--externalCustomerComboBox-application-managepartners-display-component---NewPartner--assignmentsTable-0-vhi\"]"}
RESULT: {}
RESULT: {"using":"xpath","value":"//*[@id=\"application-managepartners-display-component---NewPartner--externalCustomerComboBox-application-managepartners-display-component---NewPartner--assignmentsTable-0-vhi\"]"}
COMMAND: POST /session/d119162e921248fd1f7a065fe81fedfa/element/f.7D8252E83238221F8080DA22DD8FFCA1.d.D6EADEDC3606A01E0860DB612C55BBDC.e.1586/click - {}
RESULT: {}
RESULT: undefined
COMMAND: POST /session/d119162e921248fd1f7a065fe81fedfa/execute/async - {"script":"<script> [776 bytes]","args":[{"enterText":"300003","selector":{"controlType":"sap.m.SearchField","properties":{"placeholder":"Search"},"searchOpenDialogs":true,"interaction":{"idSuffix":"I"}},"clearTextFirst":true,"interactionType":"ENTER_TEXT"}]}
COMMAND: GET /session/d119162e921248fd1f7a065fe81fedfa/screenshot - {}
RESULT: {"script":"<script> [776 bytes]","args":[{"enterText":"300003","selector":{"controlType":"sap.m.SearchField","properties":{"placeholder":"Search"},"searchOpenDialogs":true,"interaction":{"idSuffix":"I"}},"clearTextFirst":true,"interactionType":"ENTER_TEXT"}]}
COMMAND: POST /session/d119162e921248fd1f7a065fe81fedfa/actions - {"actions":[{"id":"action4","type":"key","parameters":{},"actions":[{"type":"keyDown","value":"î€‡"},{"type":"pause","duration":10},{"type":"keyUp","value":"î€‡"}]}]}
RESULT: {}
RESULT: {"actions":[{"id":"action4","type":"key","parameters":{},"actions":[{"type":"keyDown","value":"î€‡"},{"type":"pause","duration":10},{"type":"keyUp","value":"î€‡"}]}]}
COMMAND: GET /session/d119162e921248fd1f7a065fe81fedfa/screenshot - {}
RESULT: {}
COMMAND: POST /session/d119162e921248fd1f7a065fe81fedfa/element - {"using":"xpath","value":"//span[contains(text(), \"300003\")]"}
RESULT: {"using":"xpath","value":"//span[contains(text(), \"300003\")]"}
COMMAND: POST /session/d119162e921248fd1f7a065fe81fedfa/element/f.7D8252E83238221F8080DA22DD8FFCA1.d.D6EADEDC3606A01E0860DB612C55BBDC.e.1603/click - {}
RESULT: {}
COMMAND: GET /session/d119162e921248fd1f7a065fe81fedfa/screenshot - {}
RESULT: {}
COMMAND: POST /session/d119162e921248fd1f7a065fe81fedfa/element - {"using":"xpath","value":"//bdi[contains(text(), \"OK\")]"}
RESULT: {"using":"xpath","value":"//bdi[contains(text(), \"OK\")]"}
COMMAND: POST /session/d119162e921248fd1f7a065fe81fedfa/element/f.7D8252E83238221F8080DA22DD8FFCA1.d.D6EADEDC3606A01E0860DB612C55BBDC.e.1605/click - {}
RESULT: {}
COMMAND: GET /session/d119162e921248fd1f7a065fe81fedfa/screenshot - {}
RESULT: {}
COMMAND: POST /session/d119162e921248fd1f7a065fe81fedfa/execute/async - {"script":"<script> [1562 bytes]","args":[{"selector":{"id":"application-managepartners-display-component---NewPartner--intercompVendorComboBox-application-managepartners-display-component---NewPartner--assignmentsTable-0-vhi"},"wdio_ui5_key":"applicationmanagepartners-display-component---NewPartner--intercompVendorComboBox-application-managepartners-display-component---NewPartner--assignmentsTable-0-vhi"}]}
RESULT: {"script":"<script> [1562 bytes]","args":[{"selector":{"id":"application-managepartners-display-component---NewPartner--intercompVendorComboBox-application-managepartners-display-component---NewPartner--assignmentsTable-0-vhi"},"wdio_ui5_key":"applicationmanagepartners-display-component---NewPartner--intercompVendorComboBox-application-managepartners-display-component---NewPartner--assignmentsTable-0-vhi"}]}
RESULT: undefined
COMMAND: POST /session/d119162e921248fd1f7a065fe81fedfa/element - {"using":"xpath","value":"//*[@id=\"application-managepartners-display-component---NewPartner--intercompVendorComboBox-application-managepartners-display-component---NewPartner--assignmentsTable-0-vhi\"]"}
RESULT: {"using":"xpath","value":"//*[@id=\"application-managepartners-display-component---NewPartner--intercompVendorComboBox-application-managepartners-display-component---NewPartner--assignmentsTable-0-vhi\"]"}
COMMAND: POST /session/d119162e921248fd1f7a065fe81fedfa/element/f.7D8252E83238221F8080DA22DD8FFCA1.d.D6EADEDC3606A01E0860DB612C55BBDC.e.1608/click - {}
RESULT: {}
RESULT: undefined
COMMAND: POST /session/d119162e921248fd1f7a065fe81fedfa/execute/async - {"script":"<script> [776 bytes]","args":[{"enterText":"100005","selector":{"controlType":"sap.m.SearchField","properties":{"placeholder":"Search"},"searchOpenDialogs":true,"interaction":{"idSuffix":"I"}},"clearTextFirst":true,"interactionType":"ENTER_TEXT"}]}
COMMAND: GET /session/d119162e921248fd1f7a065fe81fedfa/screenshot - {}
RESULT: {"script":"<script> [776 bytes]","args":[{"enterText":"100005","selector":{"controlType":"sap.m.SearchField","properties":{"placeholder":"Search"},"searchOpenDialogs":true,"interaction":{"idSuffix":"I"}},"clearTextFirst":true,"interactionType":"ENTER_TEXT"}]}
COMMAND: POST /session/d119162e921248fd1f7a065fe81fedfa/actions - {"actions":[{"id":"action5","type":"key","parameters":{},"actions":[{"type":"keyDown","value":"î€‡"},{"type":"pause","duration":10},{"type":"keyUp","value":"î€‡"}]}]}
RESULT: {}
RESULT: {"actions":[{"id":"action5","type":"key","parameters":{},"actions":[{"type":"keyDown","value":"î€‡"},{"type":"pause","duration":10},{"type":"keyUp","value":"î€‡"}]}]}
COMMAND: GET /session/d119162e921248fd1f7a065fe81fedfa/screenshot - {}
RESULT: {}
COMMAND: POST /session/d119162e921248fd1f7a065fe81fedfa/element - {"using":"xpath","value":"//span[contains(text(), \"Penguins - Field/12345 Berlin\")]"}
RESULT: {"using":"xpath","value":"//span[contains(text(), \"Penguins - Field/12345 Berlin\")]"}
COMMAND: POST /session/d119162e921248fd1f7a065fe81fedfa/element/f.7D8252E83238221F8080DA22DD8FFCA1.d.D6EADEDC3606A01E0860DB612C55BBDC.e.1626/click - {}
RESULT: {}
COMMAND: GET /session/d119162e921248fd1f7a065fe81fedfa/screenshot - {}
RESULT: {}
COMMAND: POST /session/d119162e921248fd1f7a065fe81fedfa/element - {"using":"xpath","value":"//bdi[contains(text(), \"OK\")]"}
RESULT: {"using":"xpath","value":"//bdi[contains(text(), \"OK\")]"}
COMMAND: POST /session/d119162e921248fd1f7a065fe81fedfa/element/f.7D8252E83238221F8080DA22DD8FFCA1.d.D6EADEDC3606A01E0860DB612C55BBDC.e.1627/click - {}
RESULT: {}
COMMAND: GET /session/d119162e921248fd1f7a065fe81fedfa/screenshot - {}
RESULT: {}
COMMAND: POST /session/d119162e921248fd1f7a065fe81fedfa/element - {"using":"xpath","value":"//button[@data-kt=\"saveButton\"]"}
RESULT: {"using":"xpath","value":"//button[@data-kt=\"saveButton\"]"}
COMMAND: POST /session/d119162e921248fd1f7a065fe81fedfa/element/f.7D8252E83238221F8080DA22DD8FFCA1.d.D6EADEDC3606A01E0860DB612C55BBDC.e.1481/click - {}
RESULT: {}
COMMAND: GET /session/d119162e921248fd1f7a065fe81fedfa/screenshot - {}
RESULT: {}
COMMAND: POST /session/d119162e921248fd1f7a065fe81fedfa/element - {"using":"xpath","value":"//header[contains(@id, 'ObjectPageLayout-headerTitle')]/div[1]/div[2]/div[2]/span[1]"}
RESULT: {"using":"xpath","value":"//header[contains(@id, 'ObjectPageLayout-headerTitle')]/div[1]/div[2]/div[2]/span[1]"}
COMMAND: POST /session/d119162e921248fd1f7a065fe81fedfa/elements - {"using":"xpath","value":"//header[contains(@id, 'ObjectPageLayout-headerTitle')]/div[1]/div[2]/div[2]/span[1]"}
RESULT: {"using":"xpath","value":"//header[contains(@id, 'ObjectPageLayout-headerTitle')]/div[1]/div[2]/div[2]/span[1]"}
COMMAND: POST /session/d119162e921248fd1f7a065fe81fedfa/execute/sync - {"script":"<script> [56 bytes]","args":[{"element-6066-11e4-a52e-4f735466cecf":"f.7D8252E83238221F8080DA22DD8FFCA1.d.D6EADEDC3606A01E0860DB612C55BBDC.e.1793","ELEMENT":"f.7D8252E83238221F8080DA22DD8FFCA1.d.D6EADEDC3606A01E0860DB612C55BBDC.e.1793"}]}
RESULT: {"script":"<script> [56 bytes]","args":[{"element-6066-11e4-a52e-4f735466cecf":"f.7D8252E83238221F8080DA22DD8FFCA1.d.D6EADEDC3606A01E0860DB612C55BBDC.e.1793","ELEMENT":"f.7D8252E83238221F8080DA22DD8FFCA1.d.D6EADEDC3606A01E0860DB612C55BBDC.e.1793"}]}
COMMAND: POST /session/d119162e921248fd1f7a065fe81fedfa/element - {"using":"css selector","value":"#shell-header-logo"}
COMMAND: GET /session/d119162e921248fd1f7a065fe81fedfa/screenshot - {}
RESULT: {"using":"css selector","value":"#shell-header-logo"}
COMMAND: POST /session/d119162e921248fd1f7a065fe81fedfa/element/f.7D8252E83238221F8080DA22DD8FFCA1.d.D6EADEDC3606A01E0860DB612C55BBDC.e.1010/click - {}
RESULT: {}
RESULT: {}
COMMAND: GET /session/d119162e921248fd1f7a065fe81fedfa/screenshot - {}
RESULT: {}
COMMAND: POST /session/d119162e921248fd1f7a065fe81fedfa/execute/sync - {"script":"<script> [299 bytes]","args":[["getModel","getResource"]]}
RESULT: {"script":"<script> [299 bytes]","args":[["getModel","getResource"]]}
COMMAND: GET /session/d119162e921248fd1f7a065fe81fedfa/screenshot - {}
]]></system-out>
    </testcase>
  </testsuite>
  <testsuite timestamp="2025-05-05T05:51:35" time="1155.597" tests="14" failures="0" errors="0" skipped="0">
    <properties>
      <property name="specId" value="0" />
      <property name="suiteName" value="Create master data for mixed billing &amp; do billing calculation US151661" />
      <property name="capabilities" value="chrome.135_0_7049_96.windows" />
      <property name="file" value="file:///D:/a/1/s/test/specs/BTS/billing-calculation-mixed.spec.js" />
    </properties>
    <testcase classname="chrome.135_0_7049_96.windows.Create_master_data_for_mixed_billing_&amp;_do_billing_calculation_US151661" name="Should create a new yard" time="102.508">
      <system-out><![CDATA[
COMMAND: POST /session/d119162e921248fd1f7a065fe81fedfa/window/fullscreen - {}
RESULT: {}
COMMAND: POST /session/d119162e921248fd1f7a065fe81fedfa/execute/async - {"script":"<script> [1562 bytes]","args":[{"selector":{"controlType":"sap.m.GenericTile","properties":{"header":"Manage Yards"}},"wdio_ui5_key":"sapm.GenericTile{\"header\":\"Manage Yards\"}"}]}
RESULT: {"script":"<script> [1562 bytes]","args":[{"selector":{"controlType":"sap.m.GenericTile","properties":{"header":"Manage Yards"}},"wdio_ui5_key":"sapm.GenericTile{\"header\":\"Manage Yards\"}"}]}
RESULT: undefined
COMMAND: POST /session/d119162e921248fd1f7a065fe81fedfa/element - {"using":"xpath","value":"//*[@id=\"__tile41\"]"}
RESULT: {"using":"xpath","value":"//*[@id=\"__tile41\"]"}
COMMAND: POST /session/d119162e921248fd1f7a065fe81fedfa/element/f.7D8252E83238221F8080DA22DD8FFCA1.d.E14F969868A30385DC6768C134E6B01B.e.2902/click - {}
RESULT: {}
COMMAND: POST /session/d119162e921248fd1f7a065fe81fedfa/element - {"using":"xpath","value":"//button[@data-kt=\"addNewYardOverflowToolbarButton\"]"}
COMMAND: GET /session/d119162e921248fd1f7a065fe81fedfa/screenshot - {}
RESULT: {"using":"xpath","value":"//button[@data-kt=\"addNewYardOverflowToolbarButton\"]"}
COMMAND: POST /session/d119162e921248fd1f7a065fe81fedfa/elements - {"using":"xpath","value":"//button[@data-kt=\"addNewYardOverflowToolbarButton\"]"}
RESULT: {}
RESULT: {"using":"xpath","value":"//button[@data-kt=\"addNewYardOverflowToolbarButton\"]"}
COMMAND: POST /session/d119162e921248fd1f7a065fe81fedfa/elements - {"using":"xpath","value":"//button[@data-kt=\"addNewYardOverflowToolbarButton\"]"}
RESULT: {"using":"xpath","value":"//button[@data-kt=\"addNewYardOverflowToolbarButton\"]"}
COMMAND: POST /session/d119162e921248fd1f7a065fe81fedfa/elements - {"using":"xpath","value":"//button[@data-kt=\"addNewYardOverflowToolbarButton\"]"}
RESULT: {"using":"xpath","value":"//button[@data-kt=\"addNewYardOverflowToolbarButton\"]"}
COMMAND: POST /session/d119162e921248fd1f7a065fe81fedfa/elements - {"using":"xpath","value":"//button[@data-kt=\"addNewYardOverflowToolbarButton\"]"}
RESULT: {"using":"xpath","value":"//button[@data-kt=\"addNewYardOverflowToolbarButton\"]"}
COMMAND: POST /session/d119162e921248fd1f7a065fe81fedfa/elements - {"using":"xpath","value":"//button[@data-kt=\"addNewYardOverflowToolbarButton\"]"}
RESULT: {"using":"xpath","value":"//button[@data-kt=\"addNewYardOverflowToolbarButton\"]"}
COMMAND: POST /session/d119162e921248fd1f7a065fe81fedfa/elements - {"using":"xpath","value":"//button[@data-kt=\"addNewYardOverflowToolbarButton\"]"}
RESULT: {"using":"xpath","value":"//button[@data-kt=\"addNewYardOverflowToolbarButton\"]"}
COMMAND: POST /session/d119162e921248fd1f7a065fe81fedfa/elements - {"using":"xpath","value":"//button[@data-kt=\"addNewYardOverflowToolbarButton\"]"}
RESULT: {"using":"xpath","value":"//button[@data-kt=\"addNewYardOverflowToolbarButton\"]"}
COMMAND: POST /session/d119162e921248fd1f7a065fe81fedfa/elements - {"using":"xpath","value":"//button[@data-kt=\"addNewYardOverflowToolbarButton\"]"}
RESULT: {"using":"xpath","value":"//button[@data-kt=\"addNewYardOverflowToolbarButton\"]"}
COMMAND: POST /session/d119162e921248fd1f7a065fe81fedfa/elements - {"using":"xpath","value":"//button[@data-kt=\"addNewYardOverflowToolbarButton\"]"}
RESULT: {"using":"xpath","value":"//button[@data-kt=\"addNewYardOverflowToolbarButton\"]"}
COMMAND: POST /session/d119162e921248fd1f7a065fe81fedfa/elements - {"using":"xpath","value":"//button[@data-kt=\"addNewYardOverflowToolbarButton\"]"}
RESULT: {"using":"xpath","value":"//button[@data-kt=\"addNewYardOverflowToolbarButton\"]"}
COMMAND: POST /session/d119162e921248fd1f7a065fe81fedfa/elements - {"using":"xpath","value":"//button[@data-kt=\"addNewYardOverflowToolbarButton\"]"}
RESULT: {"using":"xpath","value":"//button[@data-kt=\"addNewYardOverflowToolbarButton\"]"}
COMMAND: POST /session/d119162e921248fd1f7a065fe81fedfa/elements - {"using":"xpath","value":"//button[@data-kt=\"addNewYardOverflowToolbarButton\"]"}
RESULT: {"using":"xpath","value":"//button[@data-kt=\"addNewYardOverflowToolbarButton\"]"}
COMMAND: POST /session/d119162e921248fd1f7a065fe81fedfa/elements - {"using":"xpath","value":"//button[@data-kt=\"addNewYardOverflowToolbarButton\"]"}
RESULT: {"using":"xpath","value":"//button[@data-kt=\"addNewYardOverflowToolbarButton\"]"}
COMMAND: POST /session/d119162e921248fd1f7a065fe81fedfa/elements - {"using":"xpath","value":"//button[@data-kt=\"addNewYardOverflowToolbarButton\"]"}
RESULT: {"using":"xpath","value":"//button[@data-kt=\"addNewYardOverflowToolbarButton\"]"}
COMMAND: POST /session/d119162e921248fd1f7a065fe81fedfa/elements - {"using":"xpath","value":"//button[@data-kt=\"addNewYardOverflowToolbarButton\"]"}
RESULT: {"using":"xpath","value":"//button[@data-kt=\"addNewYardOverflowToolbarButton\"]"}
COMMAND: POST /session/d119162e921248fd1f7a065fe81fedfa/elements - {"using":"xpath","value":"//button[@data-kt=\"addNewYardOverflowToolbarButton\"]"}
RESULT: {"using":"xpath","value":"//button[@data-kt=\"addNewYardOverflowToolbarButton\"]"}
COMMAND: POST /session/d119162e921248fd1f7a065fe81fedfa/elements - {"using":"xpath","value":"//button[@data-kt=\"addNewYardOverflowToolbarButton\"]"}
RESULT: {"using":"xpath","value":"//button[@data-kt=\"addNewYardOverflowToolbarButton\"]"}
COMMAND: POST /session/d119162e921248fd1f7a065fe81fedfa/elements - {"using":"xpath","value":"//button[@data-kt=\"addNewYardOverflowToolbarButton\"]"}
RESULT: {"using":"xpath","value":"//button[@data-kt=\"addNewYardOverflowToolbarButton\"]"}
COMMAND: POST /session/d119162e921248fd1f7a065fe81fedfa/element - {"using":"xpath","value":"//button[@data-kt=\"addNewYardOverflowToolbarButton\"]"}
RESULT: {"using":"xpath","value":"//button[@data-kt=\"addNewYardOverflowToolbarButton\"]"}
COMMAND: POST /session/d119162e921248fd1f7a065fe81fedfa/execute/sync - {"script":"<script> [8489 bytes]","args":[{"element-6066-11e4-a52e-4f735466cecf":"f.7D8252E83238221F8080DA22DD8FFCA1.d.E14F969868A30385DC6768C134E6B01B.e.3036","ELEMENT":"f.7D8252E83238221F8080DA22DD8FFCA1.d.E14F969868A30385DC6768C134E6B01B.e.3036"}]}
RESULT: {"script":"<script> [8489 bytes]","args":[{"element-6066-11e4-a52e-4f735466cecf":"f.7D8252E83238221F8080DA22DD8FFCA1.d.E14F969868A30385DC6768C134E6B01B.e.3036","ELEMENT":"f.7D8252E83238221F8080DA22DD8FFCA1.d.E14F969868A30385DC6768C134E6B01B.e.3036"}]}
COMMAND: GET /session/d119162e921248fd1f7a065fe81fedfa/element/f.7D8252E83238221F8080DA22DD8FFCA1.d.E14F969868A30385DC6768C134E6B01B.e.3036/enabled - {}
COMMAND: GET /session/d119162e921248fd1f7a065fe81fedfa/screenshot - {}
RESULT: {}
COMMAND: POST /session/d119162e921248fd1f7a065fe81fedfa/execute/sync - {"script":"<script> [8489 bytes]","args":[{"element-6066-11e4-a52e-4f735466cecf":"f.7D8252E83238221F8080DA22DD8FFCA1.d.E14F969868A30385DC6768C134E6B01B.e.3036","ELEMENT":"f.7D8252E83238221F8080DA22DD8FFCA1.d.E14F969868A30385DC6768C134E6B01B.e.3036"}]}
COMMAND: GET /session/d119162e921248fd1f7a065fe81fedfa/screenshot - {}
RESULT: {}
RESULT: {"script":"<script> [8489 bytes]","args":[{"element-6066-11e4-a52e-4f735466cecf":"f.7D8252E83238221F8080DA22DD8FFCA1.d.E14F969868A30385DC6768C134E6B01B.e.3036","ELEMENT":"f.7D8252E83238221F8080DA22DD8FFCA1.d.E14F969868A30385DC6768C134E6B01B.e.3036"}]}
COMMAND: POST /session/d119162e921248fd1f7a065fe81fedfa/execute/sync - {"script":"<script> [5351 bytes]","args":[{"element-6066-11e4-a52e-4f735466cecf":"f.7D8252E83238221F8080DA22DD8FFCA1.d.E14F969868A30385DC6768C134E6B01B.e.3036","ELEMENT":"f.7D8252E83238221F8080DA22DD8FFCA1.d.E14F969868A30385DC6768C134E6B01B.e.3036"}]}
COMMAND: GET /session/d119162e921248fd1f7a065fe81fedfa/screenshot - {}
RESULT: {}
RESULT: {"script":"<script> [5351 bytes]","args":[{"element-6066-11e4-a52e-4f735466cecf":"f.7D8252E83238221F8080DA22DD8FFCA1.d.E14F969868A30385DC6768C134E6B01B.e.3036","ELEMENT":"f.7D8252E83238221F8080DA22DD8FFCA1.d.E14F969868A30385DC6768C134E6B01B.e.3036"}]}
COMMAND: POST /session/d119162e921248fd1f7a065fe81fedfa/element/f.7D8252E83238221F8080DA22DD8FFCA1.d.E14F969868A30385DC6768C134E6B01B.e.3036/click - {}
COMMAND: GET /session/d119162e921248fd1f7a065fe81fedfa/screenshot - {}
RESULT: {}
RESULT: {}
COMMAND: GET /session/d119162e921248fd1f7a065fe81fedfa/screenshot - {}
RESULT: {}
COMMAND: POST /session/d119162e921248fd1f7a065fe81fedfa/element - {"using":"xpath","value":"//input[@id=\"application-manageyards-display-component---NewYard--yardId-inner\"]"}
RESULT: {}
RESULT: {"using":"xpath","value":"//input[@id=\"application-manageyards-display-component---NewYard--yardId-inner\"]"}
COMMAND: POST /session/d119162e921248fd1f7a065fe81fedfa/element - {"using":"xpath","value":"//input[@id=\"application-manageyards-display-component---NewYard--yardId-inner\"]"}
RESULT: {"using":"xpath","value":"//input[@id=\"application-manageyards-display-component---NewYard--yardId-inner\"]"}
COMMAND: POST /session/d119162e921248fd1f7a065fe81fedfa/execute/async - {"script":"<script> [1562 bytes]","args":[{"selector":{"id":"application-manageyards-display-component---NewYard--addressDetailDetailsName1","interaction":{"idSuffix":"inner"}},"wdio_ui5_key":"applicationmanageyards-display-component---NewYard--addressDetailDetailsName1"}]}
RESULT: {"script":"<script> [1562 bytes]","args":[{"selector":{"id":"application-manageyards-display-component---NewYard--addressDetailDetailsName1","interaction":{"idSuffix":"inner"}},"wdio_ui5_key":"applicationmanageyards-display-component---NewYard--addressDetailDetailsName1"}]}
RESULT: undefined
COMMAND: POST /session/d119162e921248fd1f7a065fe81fedfa/execute/async - {"script":"<script> [776 bytes]","args":[{"enterText":"Intercompany Yard wdIO","selector":{"id":"application-manageyards-display-component---NewYard--addressDetailDetailsName1","interaction":{"idSuffix":"inner"}},"clearTextFirst":true,"interactionType":"ENTER_TEXT"}]}
RESULT: {"script":"<script> [776 bytes]","args":[{"enterText":"Intercompany Yard wdIO","selector":{"id":"application-manageyards-display-component---NewYard--addressDetailDetailsName1","interaction":{"idSuffix":"inner"}},"clearTextFirst":true,"interactionType":"ENTER_TEXT"}]}
COMMAND: POST /session/d119162e921248fd1f7a065fe81fedfa/execute/async - {"script":"<script> [1562 bytes]","args":[{"selector":{"id":"application-manageyards-display-component---NewYard--addressDetailDetailsLanguage-arrow"},"wdio_ui5_key":"applicationmanageyards-display-component---NewYard--addressDetailDetailsLanguage-arrow"}]}
RESULT: {"script":"<script> [1562 bytes]","args":[{"selector":{"id":"application-manageyards-display-component---NewYard--addressDetailDetailsLanguage-arrow"},"wdio_ui5_key":"applicationmanageyards-display-component---NewYard--addressDetailDetailsLanguage-arrow"}]}
RESULT: undefined
COMMAND: POST /session/d119162e921248fd1f7a065fe81fedfa/element - {"using":"xpath","value":"//*[@id=\"application-manageyards-display-component---NewYard--addressDetailDetailsLanguage-arrow\"]"}
RESULT: {"using":"xpath","value":"//*[@id=\"application-manageyards-display-component---NewYard--addressDetailDetailsLanguage-arrow\"]"}
COMMAND: POST /session/d119162e921248fd1f7a065fe81fedfa/element/f.7D8252E83238221F8080DA22DD8FFCA1.d.E14F969868A30385DC6768C134E6B01B.e.3472/click - {}
RESULT: {}
COMMAND: POST /session/d119162e921248fd1f7a065fe81fedfa/element - {"using":"xpath","value":"//span[contains(text(), \"English\")]"}
COMMAND: GET /session/d119162e921248fd1f7a065fe81fedfa/screenshot - {}
RESULT: {"using":"xpath","value":"//span[contains(text(), \"English\")]"}
COMMAND: POST /session/d119162e921248fd1f7a065fe81fedfa/element/f.7D8252E83238221F8080DA22DD8FFCA1.d.E14F969868A30385DC6768C134E6B01B.e.3473/click - {}
RESULT: {}
RESULT: {}
COMMAND: POST /session/d119162e921248fd1f7a065fe81fedfa/execute/async - {"script":"<script> [1562 bytes]","args":[{"selector":{"id":"application-manageyards-display-component---NewYard--addressDetailDetailsCity1","interaction":{"idSuffix":"inner"}},"wdio_ui5_key":"applicationmanageyards-display-component---NewYard--addressDetailDetailsCity1"}]}
COMMAND: GET /session/d119162e921248fd1f7a065fe81fedfa/screenshot - {}
RESULT: {"script":"<script> [1562 bytes]","args":[{"selector":{"id":"application-manageyards-display-component---NewYard--addressDetailDetailsCity1","interaction":{"idSuffix":"inner"}},"wdio_ui5_key":"applicationmanageyards-display-component---NewYard--addressDetailDetailsCity1"}]}
RESULT: undefined
COMMAND: POST /session/d119162e921248fd1f7a065fe81fedfa/execute/async - {"script":"<script> [776 bytes]","args":[{"enterText":"Rosario","selector":{"id":"application-manageyards-display-component---NewYard--addressDetailDetailsCity1","interaction":{"idSuffix":"inner"}},"clearTextFirst":true,"interactionType":"ENTER_TEXT"}]}
RESULT: {}
RESULT: {"script":"<script> [776 bytes]","args":[{"enterText":"Rosario","selector":{"id":"application-manageyards-display-component---NewYard--addressDetailDetailsCity1","interaction":{"idSuffix":"inner"}},"clearTextFirst":true,"interactionType":"ENTER_TEXT"}]}
COMMAND: POST /session/d119162e921248fd1f7a065fe81fedfa/execute/async - {"script":"<script> [1562 bytes]","args":[{"selector":{"id":"application-manageyards-display-component---NewYard--addressDetailDetailsCountry-arrow"},"wdio_ui5_key":"applicationmanageyards-display-component---NewYard--addressDetailDetailsCountry-arrow"}]}
RESULT: {"script":"<script> [1562 bytes]","args":[{"selector":{"id":"application-manageyards-display-component---NewYard--addressDetailDetailsCountry-arrow"},"wdio_ui5_key":"applicationmanageyards-display-component---NewYard--addressDetailDetailsCountry-arrow"}]}
RESULT: undefined
COMMAND: POST /session/d119162e921248fd1f7a065fe81fedfa/element - {"using":"xpath","value":"//*[@id=\"application-manageyards-display-component---NewYard--addressDetailDetailsCountry-arrow\"]"}
RESULT: {"using":"xpath","value":"//*[@id=\"application-manageyards-display-component---NewYard--addressDetailDetailsCountry-arrow\"]"}
COMMAND: POST /session/d119162e921248fd1f7a065fe81fedfa/element/f.7D8252E83238221F8080DA22DD8FFCA1.d.E14F969868A30385DC6768C134E6B01B.e.3475/click - {}
RESULT: {}
COMMAND: POST /session/d119162e921248fd1f7a065fe81fedfa/element - {"using":"xpath","value":"//span[contains(text(), \"Argentina\")]"}
COMMAND: GET /session/d119162e921248fd1f7a065fe81fedfa/screenshot - {}
RESULT: {"using":"xpath","value":"//span[contains(text(), \"Argentina\")]"}
COMMAND: POST /session/d119162e921248fd1f7a065fe81fedfa/element/f.7D8252E83238221F8080DA22DD8FFCA1.d.E14F969868A30385DC6768C134E6B01B.e.3476/click - {}
RESULT: {}
RESULT: {}
COMMAND: POST /session/d119162e921248fd1f7a065fe81fedfa/execute/async - {"script":"<script> [1562 bytes]","args":[{"selector":{"id":"application-manageyards-display-component---NewYard--addressEditDetailsCostObjectCstType-arrow"},"wdio_ui5_key":"applicationmanageyards-display-component---NewYard--addressEditDetailsCostObjectCstType-arrow"}]}
COMMAND: GET /session/d119162e921248fd1f7a065fe81fedfa/screenshot - {}
RESULT: {"script":"<script> [1562 bytes]","args":[{"selector":{"id":"application-manageyards-display-component---NewYard--addressEditDetailsCostObjectCstType-arrow"},"wdio_ui5_key":"applicationmanageyards-display-component---NewYard--addressEditDetailsCostObjectCstType-arrow"}]}
RESULT: undefined
COMMAND: POST /session/d119162e921248fd1f7a065fe81fedfa/element - {"using":"xpath","value":"//*[@id=\"application-manageyards-display-component---NewYard--addressEditDetailsCostObjectCstType-arrow\"]"}
RESULT: {}
RESULT: {"using":"xpath","value":"//*[@id=\"application-manageyards-display-component---NewYard--addressEditDetailsCostObjectCstType-arrow\"]"}
COMMAND: POST /session/d119162e921248fd1f7a065fe81fedfa/element/f.7D8252E83238221F8080DA22DD8FFCA1.d.E14F969868A30385DC6768C134E6B01B.e.3478/click - {}
RESULT: {}
COMMAND: POST /session/d119162e921248fd1f7a065fe81fedfa/element - {"using":"xpath","value":"//span[contains(text(), \"Cost Center\")]"}
COMMAND: GET /session/d119162e921248fd1f7a065fe81fedfa/screenshot - {}
RESULT: {"using":"xpath","value":"//span[contains(text(), \"Cost Center\")]"}
COMMAND: POST /session/d119162e921248fd1f7a065fe81fedfa/element/f.7D8252E83238221F8080DA22DD8FFCA1.d.E14F969868A30385DC6768C134E6B01B.e.3479/click - {}
RESULT: {}
RESULT: {}
COMMAND: GET /session/d119162e921248fd1f7a065fe81fedfa/screenshot - {}
RESULT: {}
COMMAND: POST /session/d119162e921248fd1f7a065fe81fedfa/element - {"using":"xpath","value":"//span[@id=\"application-manageyards-display-component---NewYard--addressNewCostObjectCstID-vhi\"]"}
RESULT: {"using":"xpath","value":"//span[@id=\"application-manageyards-display-component---NewYard--addressNewCostObjectCstID-vhi\"]"}
COMMAND: POST /session/d119162e921248fd1f7a065fe81fedfa/execute/sync - {"script":"<script> [8489 bytes]","args":[{"element-6066-11e4-a52e-4f735466cecf":"f.7D8252E83238221F8080DA22DD8FFCA1.d.E14F969868A30385DC6768C134E6B01B.e.3483","ELEMENT":"f.7D8252E83238221F8080DA22DD8FFCA1.d.E14F969868A30385DC6768C134E6B01B.e.3483"}]}
RESULT: {"script":"<script> [8489 bytes]","args":[{"element-6066-11e4-a52e-4f735466cecf":"f.7D8252E83238221F8080DA22DD8FFCA1.d.E14F969868A30385DC6768C134E6B01B.e.3483","ELEMENT":"f.7D8252E83238221F8080DA22DD8FFCA1.d.E14F969868A30385DC6768C134E6B01B.e.3483"}]}
COMMAND: POST /session/d119162e921248fd1f7a065fe81fedfa/execute/async - {"script":"<script> [1562 bytes]","args":[{"selector":{"id":"application-manageyards-display-component---NewYard--addressNewCostObjectCstID-vhi"},"wdio_ui5_key":"applicationmanageyards-display-component---NewYard--addressNewCostObjectCstID-vhi"}]}
COMMAND: GET /session/d119162e921248fd1f7a065fe81fedfa/screenshot - {}
RESULT: {"script":"<script> [1562 bytes]","args":[{"selector":{"id":"application-manageyards-display-component---NewYard--addressNewCostObjectCstID-vhi"},"wdio_ui5_key":"applicationmanageyards-display-component---NewYard--addressNewCostObjectCstID-vhi"}]}
RESULT: undefined
COMMAND: POST /session/d119162e921248fd1f7a065fe81fedfa/element - {"using":"xpath","value":"//*[@id=\"application-manageyards-display-component---NewYard--addressNewCostObjectCstID-vhi\"]"}
RESULT: {}
RESULT: {"using":"xpath","value":"//*[@id=\"application-manageyards-display-component---NewYard--addressNewCostObjectCstID-vhi\"]"}
COMMAND: POST /session/d119162e921248fd1f7a065fe81fedfa/element/f.7D8252E83238221F8080DA22DD8FFCA1.d.E14F969868A30385DC6768C134E6B01B.e.3483/click - {}
RESULT: {}
COMMAND: GET /session/d119162e921248fd1f7a065fe81fedfa/screenshot - {}
RESULT: {}
COMMAND: POST /session/d119162e921248fd1f7a065fe81fedfa/execute/async - {"script":"<script> [1562 bytes]","args":[{"selector":{"controlType":"sap.m.SearchField","properties":{"placeholder":"Search"},"searchOpenDialogs":true,"interaction":{"idSuffix":"I"}},"wdio_ui5_key":"sapm.SearchField{\"placeholder\":\"Search\"}"}]}
RESULT: {"script":"<script> [1562 bytes]","args":[{"selector":{"controlType":"sap.m.SearchField","properties":{"placeholder":"Search"},"searchOpenDialogs":true,"interaction":{"idSuffix":"I"}},"wdio_ui5_key":"sapm.SearchField{\"placeholder\":\"Search\"}"}]}
RESULT: undefined
COMMAND: POST /session/d119162e921248fd1f7a065fe81fedfa/execute/async - {"script":"<script> [776 bytes]","args":[{"enterText":"10001013","selector":{"controlType":"sap.m.SearchField","properties":{"placeholder":"Search"},"searchOpenDialogs":true,"interaction":{"idSuffix":"I"}},"clearTextFirst":true,"interactionType":"ENTER_TEXT"}]}
RESULT: {"script":"<script> [776 bytes]","args":[{"enterText":"10001013","selector":{"controlType":"sap.m.SearchField","properties":{"placeholder":"Search"},"searchOpenDialogs":true,"interaction":{"idSuffix":"I"}},"clearTextFirst":true,"interactionType":"ENTER_TEXT"}]}
COMMAND: POST /session/d119162e921248fd1f7a065fe81fedfa/actions - {"actions":[{"id":"action9","type":"key","parameters":{},"actions":[{"type":"keyDown","value":"î€‡"},{"type":"pause","duration":10},{"type":"keyUp","value":"î€‡"}]}]}
RESULT: {"actions":[{"id":"action9","type":"key","parameters":{},"actions":[{"type":"keyDown","value":"î€‡"},{"type":"pause","duration":10},{"type":"keyUp","value":"î€‡"}]}]}
COMMAND: GET /session/d119162e921248fd1f7a065fe81fedfa/screenshot - {}
RESULT: {}
COMMAND: POST /session/d119162e921248fd1f7a065fe81fedfa/element - {"using":"xpath","value":"//span[contains(text(), \"General Management\")]"}
RESULT: {"using":"xpath","value":"//span[contains(text(), \"General Management\")]"}
COMMAND: POST /session/d119162e921248fd1f7a065fe81fedfa/element/f.7D8252E83238221F8080DA22DD8FFCA1.d.E14F969868A30385DC6768C134E6B01B.e.3524/click - {}
RESULT: {}
COMMAND: GET /session/d119162e921248fd1f7a065fe81fedfa/screenshot - {}
RESULT: {}
COMMAND: POST /session/d119162e921248fd1f7a065fe81fedfa/element - {"using":"xpath","value":"//bdi[contains(text(), \"OK\")]"}
RESULT: {"using":"xpath","value":"//bdi[contains(text(), \"OK\")]"}
COMMAND: POST /session/d119162e921248fd1f7a065fe81fedfa/element/f.7D8252E83238221F8080DA22DD8FFCA1.d.E14F969868A30385DC6768C134E6B01B.e.3525/click - {}
RESULT: {}
COMMAND: GET /session/d119162e921248fd1f7a065fe81fedfa/screenshot - {}
RESULT: {}
COMMAND: POST /session/d119162e921248fd1f7a065fe81fedfa/execute/async - {"script":"<script> [1562 bytes]","args":[{"selector":{"id":"application-manageyards-display-component---NewYard--addressEditDetailsCurrency-arrow"},"wdio_ui5_key":"applicationmanageyards-display-component---NewYard--addressEditDetailsCurrency-arrow"}]}
RESULT: {"script":"<script> [1562 bytes]","args":[{"selector":{"id":"application-manageyards-display-component---NewYard--addressEditDetailsCurrency-arrow"},"wdio_ui5_key":"applicationmanageyards-display-component---NewYard--addressEditDetailsCurrency-arrow"}]}
RESULT: undefined
COMMAND: POST /session/d119162e921248fd1f7a065fe81fedfa/element - {"using":"xpath","value":"//*[@id=\"application-manageyards-display-component---NewYard--addressEditDetailsCurrency-arrow\"]"}
RESULT: {"using":"xpath","value":"//*[@id=\"application-manageyards-display-component---NewYard--addressEditDetailsCurrency-arrow\"]"}
COMMAND: POST /session/d119162e921248fd1f7a065fe81fedfa/element/f.7D8252E83238221F8080DA22DD8FFCA1.d.E14F969868A30385DC6768C134E6B01B.e.3528/click - {}
RESULT: {}
COMMAND: POST /session/d119162e921248fd1f7a065fe81fedfa/element - {"using":"xpath","value":"//span[contains(text(), \"Euro\")]"}
COMMAND: GET /session/d119162e921248fd1f7a065fe81fedfa/screenshot - {}
RESULT: {"using":"xpath","value":"//span[contains(text(), \"Euro\")]"}
COMMAND: POST /session/d119162e921248fd1f7a065fe81fedfa/element/f.7D8252E83238221F8080DA22DD8FFCA1.d.E14F969868A30385DC6768C134E6B01B.e.3529/click - {}
RESULT: {}
RESULT: {}
COMMAND: POST /session/d119162e921248fd1f7a065fe81fedfa/execute/async - {"script":"<script> [1562 bytes]","args":[{"selector":{"controlType":"sap.m.Input","viewName":"etm.portal.ui.manageyards.view.New","viewId":"application-manageyards-display-component---NewYard","bindingPath":{"path":"","propertyPath":"/CONTROLLING_AREA","modelName":"NewYardModel"},"interaction":{"idSuffix":"inner"}},"wdio_ui5_key":"etmportal.ui.manageyards.view.Newsap.m.Input{\"path\":\"\",\"propertyPath\":\"/CONTROLLING_AREA\",\"modelName\":\"NewYardModel\"}"}]}
COMMAND: GET /session/d119162e921248fd1f7a065fe81fedfa/screenshot - {}
RESULT: {"script":"<script> [1562 bytes]","args":[{"selector":{"controlType":"sap.m.Input","viewName":"etm.portal.ui.manageyards.view.New","viewId":"application-manageyards-display-component---NewYard","bindingPath":{"path":"","propertyPath":"/CONTROLLING_AREA","modelName":"NewYardModel"},"interaction":{"idSuffix":"inner"}},"wdio_ui5_key":"etmportal.ui.manageyards.view.Newsap.m.Input{\"path\":\"\",\"propertyPath\":\"/CONTROLLING_AREA\",\"modelName\":\"NewYardModel\"}"}]}
RESULT: undefined
COMMAND: POST /session/d119162e921248fd1f7a065fe81fedfa/execute/async - {"script":"<script> [776 bytes]","args":[{"enterText":"Z001","selector":{"controlType":"sap.m.Input","viewName":"etm.portal.ui.manageyards.view.New","viewId":"application-manageyards-display-component---NewYard","bindingPath":{"path":"","propertyPath":"/CONTROLLING_AREA","modelName":"NewYardModel"},"interaction":{"idSuffix":"inner"}},"clearTextFirst":true,"interactionType":"ENTER_TEXT"}]}
RESULT: {}
RESULT: {"script":"<script> [776 bytes]","args":[{"enterText":"Z001","selector":{"controlType":"sap.m.Input","viewName":"etm.portal.ui.manageyards.view.New","viewId":"application-manageyards-display-component---NewYard","bindingPath":{"path":"","propertyPath":"/CONTROLLING_AREA","modelName":"NewYardModel"},"interaction":{"idSuffix":"inner"}},"clearTextFirst":true,"interactionType":"ENTER_TEXT"}]}
COMMAND: POST /session/d119162e921248fd1f7a065fe81fedfa/execute/async - {"script":"<script> [1562 bytes]","args":[{"selector":{"id":"application-manageyards-display-component---NewYard--companyCodeComboBox","interaction":{"idSuffix":"inner"}},"wdio_ui5_key":"applicationmanageyards-display-component---NewYard--companyCodeComboBox"}]}
RESULT: {"script":"<script> [1562 bytes]","args":[{"selector":{"id":"application-manageyards-display-component---NewYard--companyCodeComboBox","interaction":{"idSuffix":"inner"}},"wdio_ui5_key":"applicationmanageyards-display-component---NewYard--companyCodeComboBox"}]}
RESULT: undefined
COMMAND: POST /session/d119162e921248fd1f7a065fe81fedfa/execute/async - {"script":"<script> [776 bytes]","args":[{"enterText":"1000","selector":{"id":"application-manageyards-display-component---NewYard--companyCodeComboBox","interaction":{"idSuffix":"inner"}},"clearTextFirst":true,"interactionType":"ENTER_TEXT"}]}
RESULT: {"script":"<script> [776 bytes]","args":[{"enterText":"1000","selector":{"id":"application-manageyards-display-component---NewYard--companyCodeComboBox","interaction":{"idSuffix":"inner"}},"clearTextFirst":true,"interactionType":"ENTER_TEXT"}]}
COMMAND: POST /session/d119162e921248fd1f7a065fe81fedfa/execute/async - {"script":"<script> [1562 bytes]","args":[{"selector":{"controlType":"sap.m.Input","viewName":"etm.portal.ui.manageyards.view.New","viewId":"application-manageyards-display-component---NewYard","bindingPath":{"path":"","propertyPath":"/PLANT","modelName":"NewYardModel"},"interaction":{"idSuffix":"inner"}},"wdio_ui5_key":"etmportal.ui.manageyards.view.Newsap.m.Input{\"path\":\"\",\"propertyPath\":\"/PLANT\",\"modelName\":\"NewYardModel\"}"}]}
RESULT: {"script":"<script> [1562 bytes]","args":[{"selector":{"controlType":"sap.m.Input","viewName":"etm.portal.ui.manageyards.view.New","viewId":"application-manageyards-display-component---NewYard","bindingPath":{"path":"","propertyPath":"/PLANT","modelName":"NewYardModel"},"interaction":{"idSuffix":"inner"}},"wdio_ui5_key":"etmportal.ui.manageyards.view.Newsap.m.Input{\"path\":\"\",\"propertyPath\":\"/PLANT\",\"modelName\":\"NewYardModel\"}"}]}
RESULT: undefined
COMMAND: POST /session/d119162e921248fd1f7a065fe81fedfa/execute/async - {"script":"<script> [776 bytes]","args":[{"enterText":"1001","selector":{"controlType":"sap.m.Input","viewName":"etm.portal.ui.manageyards.view.New","viewId":"application-manageyards-display-component---NewYard","bindingPath":{"path":"","propertyPath":"/PLANT","modelName":"NewYardModel"},"interaction":{"idSuffix":"inner"}},"clearTextFirst":true,"interactionType":"ENTER_TEXT"}]}
RESULT: {"script":"<script> [776 bytes]","args":[{"enterText":"1001","selector":{"controlType":"sap.m.Input","viewName":"etm.portal.ui.manageyards.view.New","viewId":"application-manageyards-display-component---NewYard","bindingPath":{"path":"","propertyPath":"/PLANT","modelName":"NewYardModel"},"interaction":{"idSuffix":"inner"}},"clearTextFirst":true,"interactionType":"ENTER_TEXT"}]}
COMMAND: POST /session/d119162e921248fd1f7a065fe81fedfa/execute/async - {"script":"<script> [1562 bytes]","args":[{"selector":{"controlType":"sap.m.Input","viewName":"etm.portal.ui.manageyards.view.New","viewId":"application-manageyards-display-component---NewYard","bindingPath":{"path":"","propertyPath":"/SALES_AREA_VKORG","modelName":"NewYardModel"},"interaction":{"idSuffix":"inner"}},"wdio_ui5_key":"etmportal.ui.manageyards.view.Newsap.m.Input{\"path\":\"\",\"propertyPath\":\"/SALES_AREA_VKORG\",\"modelName\":\"NewYardModel\"}"}]}
RESULT: {"script":"<script> [1562 bytes]","args":[{"selector":{"controlType":"sap.m.Input","viewName":"etm.portal.ui.manageyards.view.New","viewId":"application-manageyards-display-component---NewYard","bindingPath":{"path":"","propertyPath":"/SALES_AREA_VKORG","modelName":"NewYardModel"},"interaction":{"idSuffix":"inner"}},"wdio_ui5_key":"etmportal.ui.manageyards.view.Newsap.m.Input{\"path\":\"\",\"propertyPath\":\"/SALES_AREA_VKORG\",\"modelName\":\"NewYardModel\"}"}]}
RESULT: undefined
COMMAND: POST /session/d119162e921248fd1f7a065fe81fedfa/execute/async - {"script":"<script> [776 bytes]","args":[{"enterText":"C002","selector":{"controlType":"sap.m.Input","viewName":"etm.portal.ui.manageyards.view.New","viewId":"application-manageyards-display-component---NewYard","bindingPath":{"path":"","propertyPath":"/SALES_AREA_VKORG","modelName":"NewYardModel"},"interaction":{"idSuffix":"inner"}},"clearTextFirst":true,"interactionType":"ENTER_TEXT"}]}
RESULT: {"script":"<script> [776 bytes]","args":[{"enterText":"C002","selector":{"controlType":"sap.m.Input","viewName":"etm.portal.ui.manageyards.view.New","viewId":"application-manageyards-display-component---NewYard","bindingPath":{"path":"","propertyPath":"/SALES_AREA_VKORG","modelName":"NewYardModel"},"interaction":{"idSuffix":"inner"}},"clearTextFirst":true,"interactionType":"ENTER_TEXT"}]}
COMMAND: POST /session/d119162e921248fd1f7a065fe81fedfa/execute/async - {"script":"<script> [1562 bytes]","args":[{"selector":{"controlType":"sap.m.Input","viewName":"etm.portal.ui.manageyards.view.New","viewId":"application-manageyards-display-component---NewYard","bindingPath":{"path":"","propertyPath":"/SALES_AREA_VTWEG","modelName":"NewYardModel"},"interaction":{"idSuffix":"inner"}},"wdio_ui5_key":"etmportal.ui.manageyards.view.Newsap.m.Input{\"path\":\"\",\"propertyPath\":\"/SALES_AREA_VTWEG\",\"modelName\":\"NewYardModel\"}"}]}
RESULT: {"script":"<script> [1562 bytes]","args":[{"selector":{"controlType":"sap.m.Input","viewName":"etm.portal.ui.manageyards.view.New","viewId":"application-manageyards-display-component---NewYard","bindingPath":{"path":"","propertyPath":"/SALES_AREA_VTWEG","modelName":"NewYardModel"},"interaction":{"idSuffix":"inner"}},"wdio_ui5_key":"etmportal.ui.manageyards.view.Newsap.m.Input{\"path\":\"\",\"propertyPath\":\"/SALES_AREA_VTWEG\",\"modelName\":\"NewYardModel\"}"}]}
RESULT: undefined
COMMAND: POST /session/d119162e921248fd1f7a065fe81fedfa/execute/async - {"script":"<script> [776 bytes]","args":[{"enterText":"C2","selector":{"controlType":"sap.m.Input","viewName":"etm.portal.ui.manageyards.view.New","viewId":"application-manageyards-display-component---NewYard","bindingPath":{"path":"","propertyPath":"/SALES_AREA_VTWEG","modelName":"NewYardModel"},"interaction":{"idSuffix":"inner"}},"clearTextFirst":true,"interactionType":"ENTER_TEXT"}]}
RESULT: {"script":"<script> [776 bytes]","args":[{"enterText":"C2","selector":{"controlType":"sap.m.Input","viewName":"etm.portal.ui.manageyards.view.New","viewId":"application-manageyards-display-component---NewYard","bindingPath":{"path":"","propertyPath":"/SALES_AREA_VTWEG","modelName":"NewYardModel"},"interaction":{"idSuffix":"inner"}},"clearTextFirst":true,"interactionType":"ENTER_TEXT"}]}
COMMAND: POST /session/d119162e921248fd1f7a065fe81fedfa/execute/async - {"script":"<script> [1562 bytes]","args":[{"selector":{"controlType":"sap.m.Input","viewName":"etm.portal.ui.manageyards.view.New","viewId":"application-manageyards-display-component---NewYard","bindingPath":{"path":"","propertyPath":"/SALES_AREA_SPART","modelName":"NewYardModel"},"interaction":{"idSuffix":"inner"}},"wdio_ui5_key":"etmportal.ui.manageyards.view.Newsap.m.Input{\"path\":\"\",\"propertyPath\":\"/SALES_AREA_SPART\",\"modelName\":\"NewYardModel\"}"}]}
RESULT: {"script":"<script> [1562 bytes]","args":[{"selector":{"controlType":"sap.m.Input","viewName":"etm.portal.ui.manageyards.view.New","viewId":"application-manageyards-display-component---NewYard","bindingPath":{"path":"","propertyPath":"/SALES_AREA_SPART","modelName":"NewYardModel"},"interaction":{"idSuffix":"inner"}},"wdio_ui5_key":"etmportal.ui.manageyards.view.Newsap.m.Input{\"path\":\"\",\"propertyPath\":\"/SALES_AREA_SPART\",\"modelName\":\"NewYardModel\"}"}]}
RESULT: undefined
COMMAND: POST /session/d119162e921248fd1f7a065fe81fedfa/execute/async - {"script":"<script> [776 bytes]","args":[{"enterText":"C2","selector":{"controlType":"sap.m.Input","viewName":"etm.portal.ui.manageyards.view.New","viewId":"application-manageyards-display-component---NewYard","bindingPath":{"path":"","propertyPath":"/SALES_AREA_SPART","modelName":"NewYardModel"},"interaction":{"idSuffix":"inner"}},"clearTextFirst":true,"interactionType":"ENTER_TEXT"}]}
RESULT: {"script":"<script> [776 bytes]","args":[{"enterText":"C2","selector":{"controlType":"sap.m.Input","viewName":"etm.portal.ui.manageyards.view.New","viewId":"application-manageyards-display-component---NewYard","bindingPath":{"path":"","propertyPath":"/SALES_AREA_SPART","modelName":"NewYardModel"},"interaction":{"idSuffix":"inner"}},"clearTextFirst":true,"interactionType":"ENTER_TEXT"}]}
COMMAND: POST /session/d119162e921248fd1f7a065fe81fedfa/execute/async - {"script":"<script> [1562 bytes]","args":[{"selector":{"controlType":"sap.m.Input","viewName":"etm.portal.ui.manageyards.view.New","viewId":"application-manageyards-display-component---NewYard","bindingPath":{"path":"","propertyPath":"/SHIP_POINT","modelName":"NewYardModel"},"interaction":{"idSuffix":"inner"}},"wdio_ui5_key":"etmportal.ui.manageyards.view.Newsap.m.Input{\"path\":\"\",\"propertyPath\":\"/SHIP_POINT\",\"modelName\":\"NewYardModel\"}"}]}
RESULT: {"script":"<script> [1562 bytes]","args":[{"selector":{"controlType":"sap.m.Input","viewName":"etm.portal.ui.manageyards.view.New","viewId":"application-manageyards-display-component---NewYard","bindingPath":{"path":"","propertyPath":"/SHIP_POINT","modelName":"NewYardModel"},"interaction":{"idSuffix":"inner"}},"wdio_ui5_key":"etmportal.ui.manageyards.view.Newsap.m.Input{\"path\":\"\",\"propertyPath\":\"/SHIP_POINT\",\"modelName\":\"NewYardModel\"}"}]}
RESULT: undefined
COMMAND: POST /session/d119162e921248fd1f7a065fe81fedfa/execute/async - {"script":"<script> [776 bytes]","args":[{"enterText":"1710","selector":{"controlType":"sap.m.Input","viewName":"etm.portal.ui.manageyards.view.New","viewId":"application-manageyards-display-component---NewYard","bindingPath":{"path":"","propertyPath":"/SHIP_POINT","modelName":"NewYardModel"},"interaction":{"idSuffix":"inner"}},"clearTextFirst":true,"interactionType":"ENTER_TEXT"}]}
RESULT: {"script":"<script> [776 bytes]","args":[{"enterText":"1710","selector":{"controlType":"sap.m.Input","viewName":"etm.portal.ui.manageyards.view.New","viewId":"application-manageyards-display-component---NewYard","bindingPath":{"path":"","propertyPath":"/SHIP_POINT","modelName":"NewYardModel"},"interaction":{"idSuffix":"inner"}},"clearTextFirst":true,"interactionType":"ENTER_TEXT"}]}
COMMAND: POST /session/d119162e921248fd1f7a065fe81fedfa/execute/async - {"script":"<script> [1562 bytes]","args":[{"selector":{"controlType":"sap.m.Input","viewName":"etm.portal.ui.manageyards.view.New","viewId":"application-manageyards-display-component---NewYard","bindingPath":{"path":"","propertyPath":"/DELIVERY_TYPE","modelName":"NewYardModel"},"interaction":{"idSuffix":"inner"}},"wdio_ui5_key":"etmportal.ui.manageyards.view.Newsap.m.Input{\"path\":\"\",\"propertyPath\":\"/DELIVERY_TYPE\",\"modelName\":\"NewYardModel\"}"}]}
RESULT: {"script":"<script> [1562 bytes]","args":[{"selector":{"controlType":"sap.m.Input","viewName":"etm.portal.ui.manageyards.view.New","viewId":"application-manageyards-display-component---NewYard","bindingPath":{"path":"","propertyPath":"/DELIVERY_TYPE","modelName":"NewYardModel"},"interaction":{"idSuffix":"inner"}},"wdio_ui5_key":"etmportal.ui.manageyards.view.Newsap.m.Input{\"path\":\"\",\"propertyPath\":\"/DELIVERY_TYPE\",\"modelName\":\"NewYardModel\"}"}]}
RESULT: undefined
COMMAND: POST /session/d119162e921248fd1f7a065fe81fedfa/execute/async - {"script":"<script> [776 bytes]","args":[{"enterText":"ZL01","selector":{"controlType":"sap.m.Input","viewName":"etm.portal.ui.manageyards.view.New","viewId":"application-manageyards-display-component---NewYard","bindingPath":{"path":"","propertyPath":"/DELIVERY_TYPE","modelName":"NewYardModel"},"interaction":{"idSuffix":"inner"}},"clearTextFirst":true,"interactionType":"ENTER_TEXT"}]}
RESULT: {"script":"<script> [776 bytes]","args":[{"enterText":"ZL01","selector":{"controlType":"sap.m.Input","viewName":"etm.portal.ui.manageyards.view.New","viewId":"application-manageyards-display-component---NewYard","bindingPath":{"path":"","propertyPath":"/DELIVERY_TYPE","modelName":"NewYardModel"},"interaction":{"idSuffix":"inner"}},"clearTextFirst":true,"interactionType":"ENTER_TEXT"}]}
COMMAND: POST /session/d119162e921248fd1f7a065fe81fedfa/execute/async - {"script":"<script> [1562 bytes]","args":[{"selector":{"controlType":"sap.m.Input","viewName":"etm.portal.ui.manageyards.view.New","viewId":"application-manageyards-display-component---NewYard","bindingPath":{"path":"","propertyPath":"/AUART","modelName":"NewYardModel"},"interaction":{"idSuffix":"inner"}},"wdio_ui5_key":"etmportal.ui.manageyards.view.Newsap.m.Input{\"path\":\"\",\"propertyPath\":\"/AUART\",\"modelName\":\"NewYardModel\"}"}]}
RESULT: {"script":"<script> [1562 bytes]","args":[{"selector":{"controlType":"sap.m.Input","viewName":"etm.portal.ui.manageyards.view.New","viewId":"application-manageyards-display-component---NewYard","bindingPath":{"path":"","propertyPath":"/AUART","modelName":"NewYardModel"},"interaction":{"idSuffix":"inner"}},"wdio_ui5_key":"etmportal.ui.manageyards.view.Newsap.m.Input{\"path\":\"\",\"propertyPath\":\"/AUART\",\"modelName\":\"NewYardModel\"}"}]}
RESULT: undefined
COMMAND: POST /session/d119162e921248fd1f7a065fe81fedfa/execute/async - {"script":"<script> [776 bytes]","args":[{"enterText":"TA","selector":{"controlType":"sap.m.Input","viewName":"etm.portal.ui.manageyards.view.New","viewId":"application-manageyards-display-component---NewYard","bindingPath":{"path":"","propertyPath":"/AUART","modelName":"NewYardModel"},"interaction":{"idSuffix":"inner"}},"clearTextFirst":true,"interactionType":"ENTER_TEXT"}]}
RESULT: {"script":"<script> [776 bytes]","args":[{"enterText":"TA","selector":{"controlType":"sap.m.Input","viewName":"etm.portal.ui.manageyards.view.New","viewId":"application-manageyards-display-component---NewYard","bindingPath":{"path":"","propertyPath":"/AUART","modelName":"NewYardModel"},"interaction":{"idSuffix":"inner"}},"clearTextFirst":true,"interactionType":"ENTER_TEXT"}]}
COMMAND: POST /session/d119162e921248fd1f7a065fe81fedfa/element - {"using":"xpath","value":"//button[@data-kt=\"newYardSaveButton\"]"}
RESULT: {"using":"xpath","value":"//button[@data-kt=\"newYardSaveButton\"]"}
COMMAND: POST /session/d119162e921248fd1f7a065fe81fedfa/element/f.7D8252E83238221F8080DA22DD8FFCA1.d.E14F969868A30385DC6768C134E6B01B.e.3452/click - {}
RESULT: {}
COMMAND: GET /session/d119162e921248fd1f7a065fe81fedfa/screenshot - {}
RESULT: {}
COMMAND: POST /session/d119162e921248fd1f7a065fe81fedfa/element - {"using":"xpath","value":"//header[contains(@id, 'ObjectPageLayout-headerTitle')]/div[1]/div[2]/div[1]/span[1]"}
RESULT: {"using":"xpath","value":"//header[contains(@id, 'ObjectPageLayout-headerTitle')]/div[1]/div[2]/div[1]/span[1]"}
COMMAND: POST /session/d119162e921248fd1f7a065fe81fedfa/elements - {"using":"xpath","value":"//header[contains(@id, 'ObjectPageLayout-headerTitle')]/div[1]/div[2]/div[1]/span[1]"}
RESULT: {"using":"xpath","value":"//header[contains(@id, 'ObjectPageLayout-headerTitle')]/div[1]/div[2]/div[1]/span[1]"}
COMMAND: POST /session/d119162e921248fd1f7a065fe81fedfa/execute/sync - {"script":"<script> [56 bytes]","args":[{"element-6066-11e4-a52e-4f735466cecf":"f.7D8252E83238221F8080DA22DD8FFCA1.d.E14F969868A30385DC6768C134E6B01B.e.3762","ELEMENT":"f.7D8252E83238221F8080DA22DD8FFCA1.d.E14F969868A30385DC6768C134E6B01B.e.3762"}]}
RESULT: {"script":"<script> [56 bytes]","args":[{"element-6066-11e4-a52e-4f735466cecf":"f.7D8252E83238221F8080DA22DD8FFCA1.d.E14F969868A30385DC6768C134E6B01B.e.3762","ELEMENT":"f.7D8252E83238221F8080DA22DD8FFCA1.d.E14F969868A30385DC6768C134E6B01B.e.3762"}]}
COMMAND: GET /session/d119162e921248fd1f7a065fe81fedfa/screenshot - {}
RESULT: {}
COMMAND: POST /session/d119162e921248fd1f7a065fe81fedfa/element - {"using":"css selector","value":"#shell-header-logo"}
RESULT: {"using":"css selector","value":"#shell-header-logo"}
COMMAND: POST /session/d119162e921248fd1f7a065fe81fedfa/element/f.7D8252E83238221F8080DA22DD8FFCA1.d.E14F969868A30385DC6768C134E6B01B.e.3005/click - {}
RESULT: {}
COMMAND: GET /session/d119162e921248fd1f7a065fe81fedfa/screenshot - {}
RESULT: {}
COMMAND: POST /session/d119162e921248fd1f7a065fe81fedfa/execute/sync - {"script":"<script> [299 bytes]","args":[["getModel","getResource"]]}
RESULT: {"script":"<script> [299 bytes]","args":[["getModel","getResource"]]}
COMMAND: GET /session/d119162e921248fd1f7a065fe81fedfa/screenshot - {}
]]></system-out>
    </testcase>
    <testcase classname="chrome.135_0_7049_96.windows.Create_master_data_for_mixed_billing_&amp;_do_billing_calculation_US151661" name="Should create a new partner" time="116.97">
      <system-out><![CDATA[
COMMAND: POST /session/d119162e921248fd1f7a065fe81fedfa/window/fullscreen - {}
RESULT: {}
RESULT: {}
COMMAND: POST /session/d119162e921248fd1f7a065fe81fedfa/execute/async - {"script":"<script> [1562 bytes]","args":[{"selector":{"controlType":"sap.m.GenericTile","properties":{"header":"Manage Partners"}},"wdio_ui5_key":"sapm.GenericTile{\"header\":\"Manage Partners\"}"}]}
RESULT: {"script":"<script> [1562 bytes]","args":[{"selector":{"controlType":"sap.m.GenericTile","properties":{"header":"Manage Partners"}},"wdio_ui5_key":"sapm.GenericTile{\"header\":\"Manage Partners\"}"}]}
RESULT: undefined
COMMAND: POST /session/d119162e921248fd1f7a065fe81fedfa/element - {"using":"xpath","value":"//*[@id=\"__tile38\"]"}
RESULT: {"using":"xpath","value":"//*[@id=\"__tile38\"]"}
COMMAND: POST /session/d119162e921248fd1f7a065fe81fedfa/element/f.7D8252E83238221F8080DA22DD8FFCA1.d.E14F969868A30385DC6768C134E6B01B.e.2893/click - {}
RESULT: {}
COMMAND: POST /session/d119162e921248fd1f7a065fe81fedfa/element - {"using":"xpath","value":"//button[@data-kt=\"addButton\"]"}
COMMAND: GET /session/d119162e921248fd1f7a065fe81fedfa/screenshot - {}
RESULT: {"using":"xpath","value":"//button[@data-kt=\"addButton\"]"}
COMMAND: POST /session/d119162e921248fd1f7a065fe81fedfa/elements - {"using":"xpath","value":"//button[@data-kt=\"addButton\"]"}
RESULT: {}
RESULT: {"using":"xpath","value":"//button[@data-kt=\"addButton\"]"}
COMMAND: POST /session/d119162e921248fd1f7a065fe81fedfa/elements - {"using":"xpath","value":"//button[@data-kt=\"addButton\"]"}
RESULT: {"using":"xpath","value":"//button[@data-kt=\"addButton\"]"}
COMMAND: POST /session/d119162e921248fd1f7a065fe81fedfa/elements - {"using":"xpath","value":"//button[@data-kt=\"addButton\"]"}
RESULT: {"using":"xpath","value":"//button[@data-kt=\"addButton\"]"}
COMMAND: POST /session/d119162e921248fd1f7a065fe81fedfa/elements - {"using":"xpath","value":"//button[@data-kt=\"addButton\"]"}
RESULT: {"using":"xpath","value":"//button[@data-kt=\"addButton\"]"}
COMMAND: POST /session/d119162e921248fd1f7a065fe81fedfa/elements - {"using":"xpath","value":"//button[@data-kt=\"addButton\"]"}
RESULT: {"using":"xpath","value":"//button[@data-kt=\"addButton\"]"}
COMMAND: POST /session/d119162e921248fd1f7a065fe81fedfa/elements - {"using":"xpath","value":"//button[@data-kt=\"addButton\"]"}
RESULT: {"using":"xpath","value":"//button[@data-kt=\"addButton\"]"}
COMMAND: POST /session/d119162e921248fd1f7a065fe81fedfa/elements - {"using":"xpath","value":"//button[@data-kt=\"addButton\"]"}
RESULT: {"using":"xpath","value":"//button[@data-kt=\"addButton\"]"}
COMMAND: POST /session/d119162e921248fd1f7a065fe81fedfa/elements - {"using":"xpath","value":"//button[@data-kt=\"addButton\"]"}
RESULT: {"using":"xpath","value":"//button[@data-kt=\"addButton\"]"}
COMMAND: POST /session/d119162e921248fd1f7a065fe81fedfa/elements - {"using":"xpath","value":"//button[@data-kt=\"addButton\"]"}
RESULT: {"using":"xpath","value":"//button[@data-kt=\"addButton\"]"}
COMMAND: POST /session/d119162e921248fd1f7a065fe81fedfa/elements - {"using":"xpath","value":"//button[@data-kt=\"addButton\"]"}
RESULT: {"using":"xpath","value":"//button[@data-kt=\"addButton\"]"}
COMMAND: POST /session/d119162e921248fd1f7a065fe81fedfa/elements - {"using":"xpath","value":"//button[@data-kt=\"addButton\"]"}
RESULT: {"using":"xpath","value":"//button[@data-kt=\"addButton\"]"}
COMMAND: POST /session/d119162e921248fd1f7a065fe81fedfa/elements - {"using":"xpath","value":"//button[@data-kt=\"addButton\"]"}
RESULT: {"using":"xpath","value":"//button[@data-kt=\"addButton\"]"}
COMMAND: POST /session/d119162e921248fd1f7a065fe81fedfa/elements - {"using":"xpath","value":"//button[@data-kt=\"addButton\"]"}
RESULT: {"using":"xpath","value":"//button[@data-kt=\"addButton\"]"}
COMMAND: POST /session/d119162e921248fd1f7a065fe81fedfa/elements - {"using":"xpath","value":"//button[@data-kt=\"addButton\"]"}
RESULT: {"using":"xpath","value":"//button[@data-kt=\"addButton\"]"}
COMMAND: POST /session/d119162e921248fd1f7a065fe81fedfa/element - {"using":"xpath","value":"//button[@data-kt=\"addButton\"]"}
RESULT: {"using":"xpath","value":"//button[@data-kt=\"addButton\"]"}
COMMAND: POST /session/d119162e921248fd1f7a065fe81fedfa/execute/sync - {"script":"<script> [8489 bytes]","args":[{"element-6066-11e4-a52e-4f735466cecf":"f.7D8252E83238221F8080DA22DD8FFCA1.d.E14F969868A30385DC6768C134E6B01B.e.3799","ELEMENT":"f.7D8252E83238221F8080DA22DD8FFCA1.d.E14F969868A30385DC6768C134E6B01B.e.3799"}]}
RESULT: {"script":"<script> [8489 bytes]","args":[{"element-6066-11e4-a52e-4f735466cecf":"f.7D8252E83238221F8080DA22DD8FFCA1.d.E14F969868A30385DC6768C134E6B01B.e.3799","ELEMENT":"f.7D8252E83238221F8080DA22DD8FFCA1.d.E14F969868A30385DC6768C134E6B01B.e.3799"}]}
COMMAND: GET /session/d119162e921248fd1f7a065fe81fedfa/element/f.7D8252E83238221F8080DA22DD8FFCA1.d.E14F969868A30385DC6768C134E6B01B.e.3799/enabled - {}
COMMAND: GET /session/d119162e921248fd1f7a065fe81fedfa/screenshot - {}
RESULT: {}
COMMAND: POST /session/d119162e921248fd1f7a065fe81fedfa/execute/sync - {"script":"<script> [8489 bytes]","args":[{"element-6066-11e4-a52e-4f735466cecf":"f.7D8252E83238221F8080DA22DD8FFCA1.d.E14F969868A30385DC6768C134E6B01B.e.3799","ELEMENT":"f.7D8252E83238221F8080DA22DD8FFCA1.d.E14F969868A30385DC6768C134E6B01B.e.3799"}]}
COMMAND: GET /session/d119162e921248fd1f7a065fe81fedfa/screenshot - {}
RESULT: {}
RESULT: {"script":"<script> [8489 bytes]","args":[{"element-6066-11e4-a52e-4f735466cecf":"f.7D8252E83238221F8080DA22DD8FFCA1.d.E14F969868A30385DC6768C134E6B01B.e.3799","ELEMENT":"f.7D8252E83238221F8080DA22DD8FFCA1.d.E14F969868A30385DC6768C134E6B01B.e.3799"}]}
COMMAND: POST /session/d119162e921248fd1f7a065fe81fedfa/execute/sync - {"script":"<script> [5351 bytes]","args":[{"element-6066-11e4-a52e-4f735466cecf":"f.7D8252E83238221F8080DA22DD8FFCA1.d.E14F969868A30385DC6768C134E6B01B.e.3799","ELEMENT":"f.7D8252E83238221F8080DA22DD8FFCA1.d.E14F969868A30385DC6768C134E6B01B.e.3799"}]}
COMMAND: GET /session/d119162e921248fd1f7a065fe81fedfa/screenshot - {}
RESULT: {}
RESULT: {"script":"<script> [5351 bytes]","args":[{"element-6066-11e4-a52e-4f735466cecf":"f.7D8252E83238221F8080DA22DD8FFCA1.d.E14F969868A30385DC6768C134E6B01B.e.3799","ELEMENT":"f.7D8252E83238221F8080DA22DD8FFCA1.d.E14F969868A30385DC6768C134E6B01B.e.3799"}]}
COMMAND: POST /session/d119162e921248fd1f7a065fe81fedfa/element/f.7D8252E83238221F8080DA22DD8FFCA1.d.E14F969868A30385DC6768C134E6B01B.e.3799/click - {}
COMMAND: GET /session/d119162e921248fd1f7a065fe81fedfa/screenshot - {}
RESULT: {}
RESULT: {}
COMMAND: GET /session/d119162e921248fd1f7a065fe81fedfa/screenshot - {}
COMMAND: POST /session/d119162e921248fd1f7a065fe81fedfa/execute/async - {"script":"<script> [1562 bytes]","args":[{"selector":{"id":"application-managepartners-display-component---NewPartner--addressDetailDetailsName1","interaction":{"idSuffix":"inner"}},"wdio_ui5_key":"applicationmanagepartners-display-component---NewPartner--addressDetailDetailsName1"}]}
RESULT: {}
RESULT: {}
RESULT: {"script":"<script> [1562 bytes]","args":[{"selector":{"id":"application-managepartners-display-component---NewPartner--addressDetailDetailsName1","interaction":{"idSuffix":"inner"}},"wdio_ui5_key":"applicationmanagepartners-display-component---NewPartner--addressDetailDetailsName1"}]}
RESULT: undefined
COMMAND: POST /session/d119162e921248fd1f7a065fe81fedfa/execute/async - {"script":"<script> [776 bytes]","args":[{"enterText":"Intercompany Partner WDIO","selector":{"id":"application-managepartners-display-component---NewPartner--addressDetailDetailsName1","interaction":{"idSuffix":"inner"}},"clearTextFirst":true,"interactionType":"ENTER_TEXT"}]}
RESULT: {"script":"<script> [776 bytes]","args":[{"enterText":"Intercompany Partner WDIO","selector":{"id":"application-managepartners-display-component---NewPartner--addressDetailDetailsName1","interaction":{"idSuffix":"inner"}},"clearTextFirst":true,"interactionType":"ENTER_TEXT"}]}
COMMAND: POST /session/d119162e921248fd1f7a065fe81fedfa/execute/async - {"script":"<script> [1562 bytes]","args":[{"selector":{"id":"application-managepartners-display-component---NewPartner--addressDetailDetailsLanguage-arrow"},"wdio_ui5_key":"applicationmanagepartners-display-component---NewPartner--addressDetailDetailsLanguage-arrow"}]}
RESULT: {"script":"<script> [1562 bytes]","args":[{"selector":{"id":"application-managepartners-display-component---NewPartner--addressDetailDetailsLanguage-arrow"},"wdio_ui5_key":"applicationmanagepartners-display-component---NewPartner--addressDetailDetailsLanguage-arrow"}]}
RESULT: undefined
COMMAND: POST /session/d119162e921248fd1f7a065fe81fedfa/element - {"using":"xpath","value":"//*[@id=\"application-managepartners-display-component---NewPartner--addressDetailDetailsLanguage-arrow\"]"}
RESULT: {"using":"xpath","value":"//*[@id=\"application-managepartners-display-component---NewPartner--addressDetailDetailsLanguage-arrow\"]"}
COMMAND: POST /session/d119162e921248fd1f7a065fe81fedfa/element/f.7D8252E83238221F8080DA22DD8FFCA1.d.E14F969868A30385DC6768C134E6B01B.e.4254/click - {}
RESULT: {}
COMMAND: POST /session/d119162e921248fd1f7a065fe81fedfa/element - {"using":"xpath","value":"//span[contains(text(), \"English\")]"}
COMMAND: GET /session/d119162e921248fd1f7a065fe81fedfa/screenshot - {}
RESULT: {"using":"xpath","value":"//span[contains(text(), \"English\")]"}
COMMAND: POST /session/d119162e921248fd1f7a065fe81fedfa/element/f.7D8252E83238221F8080DA22DD8FFCA1.d.E14F969868A30385DC6768C134E6B01B.e.4255/click - {}
RESULT: {}
RESULT: {}
COMMAND: GET /session/d119162e921248fd1f7a065fe81fedfa/screenshot - {}
RESULT: {}
COMMAND: POST /session/d119162e921248fd1f7a065fe81fedfa/execute/async - {"script":"<script> [1562 bytes]","args":[{"selector":{"id":"application-managepartners-display-component---NewPartner--addressDetailDetailsCity1","interaction":{"idSuffix":"inner"}},"wdio_ui5_key":"applicationmanagepartners-display-component---NewPartner--addressDetailDetailsCity1"}]}
RESULT: {"script":"<script> [1562 bytes]","args":[{"selector":{"id":"application-managepartners-display-component---NewPartner--addressDetailDetailsCity1","interaction":{"idSuffix":"inner"}},"wdio_ui5_key":"applicationmanagepartners-display-component---NewPartner--addressDetailDetailsCity1"}]}
RESULT: undefined
COMMAND: POST /session/d119162e921248fd1f7a065fe81fedfa/execute/async - {"script":"<script> [776 bytes]","args":[{"enterText":"Rosario","selector":{"id":"application-managepartners-display-component---NewPartner--addressDetailDetailsCity1","interaction":{"idSuffix":"inner"}},"clearTextFirst":true,"interactionType":"ENTER_TEXT"}]}
RESULT: {"script":"<script> [776 bytes]","args":[{"enterText":"Rosario","selector":{"id":"application-managepartners-display-component---NewPartner--addressDetailDetailsCity1","interaction":{"idSuffix":"inner"}},"clearTextFirst":true,"interactionType":"ENTER_TEXT"}]}
COMMAND: POST /session/d119162e921248fd1f7a065fe81fedfa/execute/async - {"script":"<script> [1562 bytes]","args":[{"selector":{"id":"application-managepartners-display-component---NewPartner--addressDetailDetailsCountry-arrow"},"wdio_ui5_key":"applicationmanagepartners-display-component---NewPartner--addressDetailDetailsCountry-arrow"}]}
RESULT: {"script":"<script> [1562 bytes]","args":[{"selector":{"id":"application-managepartners-display-component---NewPartner--addressDetailDetailsCountry-arrow"},"wdio_ui5_key":"applicationmanagepartners-display-component---NewPartner--addressDetailDetailsCountry-arrow"}]}
RESULT: undefined
COMMAND: POST /session/d119162e921248fd1f7a065fe81fedfa/element - {"using":"xpath","value":"//*[@id=\"application-managepartners-display-component---NewPartner--addressDetailDetailsCountry-arrow\"]"}
RESULT: {"using":"xpath","value":"//*[@id=\"application-managepartners-display-component---NewPartner--addressDetailDetailsCountry-arrow\"]"}
COMMAND: POST /session/d119162e921248fd1f7a065fe81fedfa/element/f.7D8252E83238221F8080DA22DD8FFCA1.d.E14F969868A30385DC6768C134E6B01B.e.4241/click - {}
RESULT: {}
COMMAND: POST /session/d119162e921248fd1f7a065fe81fedfa/element - {"using":"xpath","value":"//span[contains(text(), \"Argentina\")]"}
COMMAND: GET /session/d119162e921248fd1f7a065fe81fedfa/screenshot - {}
RESULT: {"using":"xpath","value":"//span[contains(text(), \"Argentina\")]"}
COMMAND: POST /session/d119162e921248fd1f7a065fe81fedfa/element/f.7D8252E83238221F8080DA22DD8FFCA1.d.E14F969868A30385DC6768C134E6B01B.e.4257/click - {}
RESULT: {}
RESULT: {}
COMMAND: GET /session/d119162e921248fd1f7a065fe81fedfa/screenshot - {}
RESULT: {}
COMMAND: POST /session/d119162e921248fd1f7a065fe81fedfa/element - {"using":"xpath","value":"//bdi[contains(text(), \"Commercial\")]"}
RESULT: {"using":"xpath","value":"//bdi[contains(text(), \"Commercial\")]"}
COMMAND: POST /session/d119162e921248fd1f7a065fe81fedfa/element/f.7D8252E83238221F8080DA22DD8FFCA1.d.E14F969868A30385DC6768C134E6B01B.e.4258/click - {}
RESULT: {}
COMMAND: GET /session/d119162e921248fd1f7a065fe81fedfa/screenshot - {}
RESULT: {}
COMMAND: POST /session/d119162e921248fd1f7a065fe81fedfa/execute/async - {"script":"<script> [1562 bytes]","args":[{"selector":{"id":"application-managepartners-display-component---NewPartner--partnerDetailInternal-arrow"},"wdio_ui5_key":"applicationmanagepartners-display-component---NewPartner--partnerDetailInternal-arrow"}]}
RESULT: {"script":"<script> [1562 bytes]","args":[{"selector":{"id":"application-managepartners-display-component---NewPartner--partnerDetailInternal-arrow"},"wdio_ui5_key":"applicationmanagepartners-display-component---NewPartner--partnerDetailInternal-arrow"}]}
RESULT: undefined
COMMAND: POST /session/d119162e921248fd1f7a065fe81fedfa/element - {"using":"xpath","value":"//*[@id=\"application-managepartners-display-component---NewPartner--partnerDetailInternal-arrow\"]"}
RESULT: {"using":"xpath","value":"//*[@id=\"application-managepartners-display-component---NewPartner--partnerDetailInternal-arrow\"]"}
COMMAND: POST /session/d119162e921248fd1f7a065fe81fedfa/element/f.7D8252E83238221F8080DA22DD8FFCA1.d.E14F969868A30385DC6768C134E6B01B.e.4264/click - {}
RESULT: {}
COMMAND: POST /session/d119162e921248fd1f7a065fe81fedfa/element - {"using":"xpath","value":"//span[contains(text(), \"Affiliated company\")]"}
COMMAND: GET /session/d119162e921248fd1f7a065fe81fedfa/screenshot - {}
RESULT: {"using":"xpath","value":"//span[contains(text(), \"Affiliated company\")]"}
COMMAND: POST /session/d119162e921248fd1f7a065fe81fedfa/element/f.7D8252E83238221F8080DA22DD8FFCA1.d.E14F969868A30385DC6768C134E6B01B.e.4266/click - {}
RESULT: {}
RESULT: {}
COMMAND: POST /session/d119162e921248fd1f7a065fe81fedfa/execute/async - {"script":"<script> [1562 bytes]","args":[{"selector":{"id":"application-managepartners-display-component---NewPartner--partnerDetailsCurrency-arrow"},"wdio_ui5_key":"applicationmanagepartners-display-component---NewPartner--partnerDetailsCurrency-arrow"}]}
COMMAND: GET /session/d119162e921248fd1f7a065fe81fedfa/screenshot - {}
RESULT: {"script":"<script> [1562 bytes]","args":[{"selector":{"id":"application-managepartners-display-component---NewPartner--partnerDetailsCurrency-arrow"},"wdio_ui5_key":"applicationmanagepartners-display-component---NewPartner--partnerDetailsCurrency-arrow"}]}
RESULT: undefined
COMMAND: POST /session/d119162e921248fd1f7a065fe81fedfa/element - {"using":"xpath","value":"//*[@id=\"application-managepartners-display-component---NewPartner--partnerDetailsCurrency-arrow\"]"}
RESULT: {}
RESULT: {"using":"xpath","value":"//*[@id=\"application-managepartners-display-component---NewPartner--partnerDetailsCurrency-arrow\"]"}
COMMAND: POST /session/d119162e921248fd1f7a065fe81fedfa/element/f.7D8252E83238221F8080DA22DD8FFCA1.d.E14F969868A30385DC6768C134E6B01B.e.4273/click - {}
RESULT: {}
COMMAND: POST /session/d119162e921248fd1f7a065fe81fedfa/element - {"using":"xpath","value":"//span[contains(text(), \"Euro\")]"}
COMMAND: GET /session/d119162e921248fd1f7a065fe81fedfa/screenshot - {}
RESULT: {"using":"xpath","value":"//span[contains(text(), \"Euro\")]"}
COMMAND: POST /session/d119162e921248fd1f7a065fe81fedfa/element/f.7D8252E83238221F8080DA22DD8FFCA1.d.E14F969868A30385DC6768C134E6B01B.e.4274/click - {}
RESULT: {}
RESULT: {}
COMMAND: POST /session/d119162e921248fd1f7a065fe81fedfa/execute/async - {"script":"<script> [1562 bytes]","args":[{"selector":{"id":"application-managepartners-display-component---NewPartner--addressEditDetailsCostObjectCstType-arrow"},"wdio_ui5_key":"applicationmanagepartners-display-component---NewPartner--addressEditDetailsCostObjectCstType-arrow"}]}
COMMAND: GET /session/d119162e921248fd1f7a065fe81fedfa/screenshot - {}
RESULT: {"script":"<script> [1562 bytes]","args":[{"selector":{"id":"application-managepartners-display-component---NewPartner--addressEditDetailsCostObjectCstType-arrow"},"wdio_ui5_key":"applicationmanagepartners-display-component---NewPartner--addressEditDetailsCostObjectCstType-arrow"}]}
RESULT: undefined
COMMAND: POST /session/d119162e921248fd1f7a065fe81fedfa/element - {"using":"xpath","value":"//*[@id=\"application-managepartners-display-component---NewPartner--addressEditDetailsCostObjectCstType-arrow\"]"}
RESULT: {}
RESULT: {"using":"xpath","value":"//*[@id=\"application-managepartners-display-component---NewPartner--addressEditDetailsCostObjectCstType-arrow\"]"}
COMMAND: POST /session/d119162e921248fd1f7a065fe81fedfa/element/f.7D8252E83238221F8080DA22DD8FFCA1.d.E14F969868A30385DC6768C134E6B01B.e.4275/click - {}
RESULT: {}
COMMAND: POST /session/d119162e921248fd1f7a065fe81fedfa/element - {"using":"xpath","value":"//span[contains(text(), \"Cost Center\")]"}
COMMAND: GET /session/d119162e921248fd1f7a065fe81fedfa/screenshot - {}
RESULT: {"using":"xpath","value":"//span[contains(text(), \"Cost Center\")]"}
COMMAND: POST /session/d119162e921248fd1f7a065fe81fedfa/element/f.7D8252E83238221F8080DA22DD8FFCA1.d.E14F969868A30385DC6768C134E6B01B.e.4276/click - {}
RESULT: {}
RESULT: {}
COMMAND: GET /session/d119162e921248fd1f7a065fe81fedfa/screenshot - {}
RESULT: {}
COMMAND: POST /session/d119162e921248fd1f7a065fe81fedfa/element - {"using":"xpath","value":"//span[@id=\"application-managepartners-display-component---NewPartner--addressNewCostObjectCstID-vhi\"]"}
RESULT: {"using":"xpath","value":"//span[@id=\"application-managepartners-display-component---NewPartner--addressNewCostObjectCstID-vhi\"]"}
COMMAND: POST /session/d119162e921248fd1f7a065fe81fedfa/execute/sync - {"script":"<script> [8489 bytes]","args":[{"element-6066-11e4-a52e-4f735466cecf":"f.7D8252E83238221F8080DA22DD8FFCA1.d.E14F969868A30385DC6768C134E6B01B.e.4280","ELEMENT":"f.7D8252E83238221F8080DA22DD8FFCA1.d.E14F969868A30385DC6768C134E6B01B.e.4280"}]}
RESULT: {"script":"<script> [8489 bytes]","args":[{"element-6066-11e4-a52e-4f735466cecf":"f.7D8252E83238221F8080DA22DD8FFCA1.d.E14F969868A30385DC6768C134E6B01B.e.4280","ELEMENT":"f.7D8252E83238221F8080DA22DD8FFCA1.d.E14F969868A30385DC6768C134E6B01B.e.4280"}]}
COMMAND: POST /session/d119162e921248fd1f7a065fe81fedfa/execute/async - {"script":"<script> [1562 bytes]","args":[{"selector":{"id":"application-managepartners-display-component---NewPartner--addressNewCostObjectCstID-vhi"},"wdio_ui5_key":"applicationmanagepartners-display-component---NewPartner--addressNewCostObjectCstID-vhi"}]}
COMMAND: GET /session/d119162e921248fd1f7a065fe81fedfa/screenshot - {}
RESULT: {"script":"<script> [1562 bytes]","args":[{"selector":{"id":"application-managepartners-display-component---NewPartner--addressNewCostObjectCstID-vhi"},"wdio_ui5_key":"applicationmanagepartners-display-component---NewPartner--addressNewCostObjectCstID-vhi"}]}
RESULT: undefined
COMMAND: POST /session/d119162e921248fd1f7a065fe81fedfa/element - {"using":"xpath","value":"//*[@id=\"application-managepartners-display-component---NewPartner--addressNewCostObjectCstID-vhi\"]"}
RESULT: {}
RESULT: {"using":"xpath","value":"//*[@id=\"application-managepartners-display-component---NewPartner--addressNewCostObjectCstID-vhi\"]"}
COMMAND: POST /session/d119162e921248fd1f7a065fe81fedfa/element/f.7D8252E83238221F8080DA22DD8FFCA1.d.E14F969868A30385DC6768C134E6B01B.e.4280/click - {}
RESULT: {}
COMMAND: GET /session/d119162e921248fd1f7a065fe81fedfa/screenshot - {}
RESULT: {}
RESULT: undefined
COMMAND: POST /session/d119162e921248fd1f7a065fe81fedfa/execute/async - {"script":"<script> [776 bytes]","args":[{"enterText":"10001013","selector":{"controlType":"sap.m.SearchField","properties":{"placeholder":"Search"},"searchOpenDialogs":true,"interaction":{"idSuffix":"I"}},"clearTextFirst":true,"interactionType":"ENTER_TEXT"}]}
RESULT: {"script":"<script> [776 bytes]","args":[{"enterText":"10001013","selector":{"controlType":"sap.m.SearchField","properties":{"placeholder":"Search"},"searchOpenDialogs":true,"interaction":{"idSuffix":"I"}},"clearTextFirst":true,"interactionType":"ENTER_TEXT"}]}
COMMAND: POST /session/d119162e921248fd1f7a065fe81fedfa/actions - {"actions":[{"id":"action10","type":"key","parameters":{},"actions":[{"type":"keyDown","value":"î€‡"},{"type":"pause","duration":10},{"type":"keyUp","value":"î€‡"}]}]}
RESULT: {"actions":[{"id":"action10","type":"key","parameters":{},"actions":[{"type":"keyDown","value":"î€‡"},{"type":"pause","duration":10},{"type":"keyUp","value":"î€‡"}]}]}
COMMAND: GET /session/d119162e921248fd1f7a065fe81fedfa/screenshot - {}
RESULT: {}
COMMAND: POST /session/d119162e921248fd1f7a065fe81fedfa/element - {"using":"xpath","value":"//span[contains(text(), \"General Management\")]"}
RESULT: {"using":"xpath","value":"//span[contains(text(), \"General Management\")]"}
COMMAND: POST /session/d119162e921248fd1f7a065fe81fedfa/element/f.7D8252E83238221F8080DA22DD8FFCA1.d.E14F969868A30385DC6768C134E6B01B.e.4319/click - {}
RESULT: {}
COMMAND: GET /session/d119162e921248fd1f7a065fe81fedfa/screenshot - {}
RESULT: {}
COMMAND: POST /session/d119162e921248fd1f7a065fe81fedfa/element - {"using":"xpath","value":"//bdi[contains(text(), \"OK\")]"}
RESULT: {"using":"xpath","value":"//bdi[contains(text(), \"OK\")]"}
COMMAND: POST /session/d119162e921248fd1f7a065fe81fedfa/element/f.7D8252E83238221F8080DA22DD8FFCA1.d.E14F969868A30385DC6768C134E6B01B.e.4320/click - {}
RESULT: {}
COMMAND: GET /session/d119162e921248fd1f7a065fe81fedfa/screenshot - {}
RESULT: {}
COMMAND: POST /session/d119162e921248fd1f7a065fe81fedfa/element - {"using":"xpath","value":"//input[@id=\"application-managepartners-display-component---NewPartner--companyCodeComboBox-inner\"]"}
RESULT: {"using":"xpath","value":"//input[@id=\"application-managepartners-display-component---NewPartner--companyCodeComboBox-inner\"]"}
COMMAND: POST /session/d119162e921248fd1f7a065fe81fedfa/element/f.7D8252E83238221F8080DA22DD8FFCA1.d.E14F969868A30385DC6768C134E6B01B.e.4111/clear - {}
RESULT: {}
COMMAND: POST /session/d119162e921248fd1f7a065fe81fedfa/element/f.7D8252E83238221F8080DA22DD8FFCA1.d.E14F969868A30385DC6768C134E6B01B.e.4111/value - {"text":"C002"}
COMMAND: GET /session/d119162e921248fd1f7a065fe81fedfa/screenshot - {}
RESULT: {"text":"C002"}
COMMAND: GET /session/d119162e921248fd1f7a065fe81fedfa/screenshot - {}
RESULT: {}
RESULT: {}
COMMAND: POST /session/d119162e921248fd1f7a065fe81fedfa/element - {"using":"xpath","value":"//span[contains(text(), \"C002\")]"}
RESULT: {"using":"xpath","value":"//span[contains(text(), \"C002\")]"}
COMMAND: POST /session/d119162e921248fd1f7a065fe81fedfa/element/f.7D8252E83238221F8080DA22DD8FFCA1.d.E14F969868A30385DC6768C134E6B01B.e.4326/click - {}
RESULT: {}
COMMAND: GET /session/d119162e921248fd1f7a065fe81fedfa/screenshot - {}
RESULT: {}
COMMAND: POST /session/d119162e921248fd1f7a065fe81fedfa/execute/async - {"script":"<script> [1562 bytes]","args":[{"selector":{"id":"application-managepartners-display-component---NewPartner--btnAddTableRow-img"},"wdio_ui5_key":"applicationmanagepartners-display-component---NewPartner--btnAddTableRow-img"}]}
RESULT: {"script":"<script> [1562 bytes]","args":[{"selector":{"id":"application-managepartners-display-component---NewPartner--btnAddTableRow-img"},"wdio_ui5_key":"applicationmanagepartners-display-component---NewPartner--btnAddTableRow-img"}]}
RESULT: undefined
COMMAND: POST /session/d119162e921248fd1f7a065fe81fedfa/element - {"using":"xpath","value":"//*[@id=\"application-managepartners-display-component---NewPartner--btnAddTableRow-img\"]"}
RESULT: {"using":"xpath","value":"//*[@id=\"application-managepartners-display-component---NewPartner--btnAddTableRow-img\"]"}
COMMAND: POST /session/d119162e921248fd1f7a065fe81fedfa/element/f.7D8252E83238221F8080DA22DD8FFCA1.d.E14F969868A30385DC6768C134E6B01B.e.4327/click - {}
RESULT: {}
COMMAND: GET /session/d119162e921248fd1f7a065fe81fedfa/screenshot - {}
RESULT: {}
COMMAND: POST /session/d119162e921248fd1f7a065fe81fedfa/element - {"using":"xpath","value":"//input[@id=\"application-managepartners-display-component---NewPartner--assignmentYard-application-managepartners-display-component---NewPartner--assignmentsTable-0-inner\"]"}
RESULT: {"using":"xpath","value":"//input[@id=\"application-managepartners-display-component---NewPartner--assignmentYard-application-managepartners-display-component---NewPartner--assignmentsTable-0-inner\"]"}
COMMAND: POST /session/d119162e921248fd1f7a065fe81fedfa/element/f.7D8252E83238221F8080DA22DD8FFCA1.d.E14F969868A30385DC6768C134E6B01B.e.4330/clear - {}
RESULT: {}
COMMAND: POST /session/d119162e921248fd1f7a065fe81fedfa/element/f.7D8252E83238221F8080DA22DD8FFCA1.d.E14F969868A30385DC6768C134E6B01B.e.4330/value - {"text":"562"}
COMMAND: GET /session/d119162e921248fd1f7a065fe81fedfa/screenshot - {}
RESULT: {"text":"562"}
COMMAND: GET /session/d119162e921248fd1f7a065fe81fedfa/screenshot - {}
RESULT: {}
RESULT: {}
COMMAND: POST /session/d119162e921248fd1f7a065fe81fedfa/element - {"using":"xpath","value":"//li[.//span[text()='562']]"}
RESULT: {"using":"xpath","value":"//li[.//span[text()='562']]"}
COMMAND: POST /session/d119162e921248fd1f7a065fe81fedfa/element/f.7D8252E83238221F8080DA22DD8FFCA1.d.E14F969868A30385DC6768C134E6B01B.e.4339/click - {}
RESULT: {}
COMMAND: GET /session/d119162e921248fd1f7a065fe81fedfa/screenshot - {}
RESULT: {}
COMMAND: POST /session/d119162e921248fd1f7a065fe81fedfa/actions - {"actions":[{"id":"action11","type":"key","parameters":{},"actions":[{"type":"keyDown","value":"î€‡"},{"type":"pause","duration":10},{"type":"keyUp","value":"î€‡"}]}]}
RESULT: {"actions":[{"id":"action11","type":"key","parameters":{},"actions":[{"type":"keyDown","value":"î€‡"},{"type":"pause","duration":10},{"type":"keyUp","value":"î€‡"}]}]}
COMMAND: POST /session/d119162e921248fd1f7a065fe81fedfa/execute/async - {"script":"<script> [1562 bytes]","args":[{"selector":{"id":"application-managepartners-display-component---NewPartner--externalCustomerComboBox-application-managepartners-display-component---NewPartner--assignmentsTable-0-vhi"},"wdio_ui5_key":"applicationmanagepartners-display-component---NewPartner--externalCustomerComboBox-application-managepartners-display-component---NewPartner--assignmentsTable-0-vhi"}]}
COMMAND: GET /session/d119162e921248fd1f7a065fe81fedfa/screenshot - {}
RESULT: {"script":"<script> [1562 bytes]","args":[{"selector":{"id":"application-managepartners-display-component---NewPartner--externalCustomerComboBox-application-managepartners-display-component---NewPartner--assignmentsTable-0-vhi"},"wdio_ui5_key":"applicationmanagepartners-display-component---NewPartner--externalCustomerComboBox-application-managepartners-display-component---NewPartner--assignmentsTable-0-vhi"}]}
RESULT: undefined
COMMAND: POST /session/d119162e921248fd1f7a065fe81fedfa/element - {"using":"xpath","value":"//*[@id=\"application-managepartners-display-component---NewPartner--externalCustomerComboBox-application-managepartners-display-component---NewPartner--assignmentsTable-0-vhi\"]"}
RESULT: {}
RESULT: {"using":"xpath","value":"//*[@id=\"application-managepartners-display-component---NewPartner--externalCustomerComboBox-application-managepartners-display-component---NewPartner--assignmentsTable-0-vhi\"]"}
COMMAND: POST /session/d119162e921248fd1f7a065fe81fedfa/element/f.7D8252E83238221F8080DA22DD8FFCA1.d.E14F969868A30385DC6768C134E6B01B.e.4343/click - {}
RESULT: {}
RESULT: undefined
COMMAND: POST /session/d119162e921248fd1f7a065fe81fedfa/execute/async - {"script":"<script> [776 bytes]","args":[{"enterText":"300003","selector":{"controlType":"sap.m.SearchField","properties":{"placeholder":"Search"},"searchOpenDialogs":true,"interaction":{"idSuffix":"I"}},"clearTextFirst":true,"interactionType":"ENTER_TEXT"}]}
COMMAND: GET /session/d119162e921248fd1f7a065fe81fedfa/screenshot - {}
RESULT: {"script":"<script> [776 bytes]","args":[{"enterText":"300003","selector":{"controlType":"sap.m.SearchField","properties":{"placeholder":"Search"},"searchOpenDialogs":true,"interaction":{"idSuffix":"I"}},"clearTextFirst":true,"interactionType":"ENTER_TEXT"}]}
COMMAND: POST /session/d119162e921248fd1f7a065fe81fedfa/actions - {"actions":[{"id":"action12","type":"key","parameters":{},"actions":[{"type":"keyDown","value":"î€‡"},{"type":"pause","duration":10},{"type":"keyUp","value":"î€‡"}]}]}
RESULT: {}
RESULT: {"actions":[{"id":"action12","type":"key","parameters":{},"actions":[{"type":"keyDown","value":"î€‡"},{"type":"pause","duration":10},{"type":"keyUp","value":"î€‡"}]}]}
COMMAND: GET /session/d119162e921248fd1f7a065fe81fedfa/screenshot - {}
RESULT: {}
COMMAND: POST /session/d119162e921248fd1f7a065fe81fedfa/element - {"using":"xpath","value":"//span[contains(text(), \"300003\")]"}
RESULT: {"using":"xpath","value":"//span[contains(text(), \"300003\")]"}
COMMAND: POST /session/d119162e921248fd1f7a065fe81fedfa/element/f.7D8252E83238221F8080DA22DD8FFCA1.d.E14F969868A30385DC6768C134E6B01B.e.4361/click - {}
RESULT: {}
COMMAND: GET /session/d119162e921248fd1f7a065fe81fedfa/screenshot - {}
RESULT: {}
COMMAND: POST /session/d119162e921248fd1f7a065fe81fedfa/element - {"using":"xpath","value":"//bdi[contains(text(), \"OK\")]"}
RESULT: {"using":"xpath","value":"//bdi[contains(text(), \"OK\")]"}
COMMAND: POST /session/d119162e921248fd1f7a065fe81fedfa/element/f.7D8252E83238221F8080DA22DD8FFCA1.d.E14F969868A30385DC6768C134E6B01B.e.4363/click - {}
RESULT: {}
COMMAND: GET /session/d119162e921248fd1f7a065fe81fedfa/screenshot - {}
RESULT: {}
COMMAND: POST /session/d119162e921248fd1f7a065fe81fedfa/execute/async - {"script":"<script> [1562 bytes]","args":[{"selector":{"id":"application-managepartners-display-component---NewPartner--intercompVendorComboBox-application-managepartners-display-component---NewPartner--assignmentsTable-0-vhi"},"wdio_ui5_key":"applicationmanagepartners-display-component---NewPartner--intercompVendorComboBox-application-managepartners-display-component---NewPartner--assignmentsTable-0-vhi"}]}
RESULT: {"script":"<script> [1562 bytes]","args":[{"selector":{"id":"application-managepartners-display-component---NewPartner--intercompVendorComboBox-application-managepartners-display-component---NewPartner--assignmentsTable-0-vhi"},"wdio_ui5_key":"applicationmanagepartners-display-component---NewPartner--intercompVendorComboBox-application-managepartners-display-component---NewPartner--assignmentsTable-0-vhi"}]}
RESULT: undefined
COMMAND: POST /session/d119162e921248fd1f7a065fe81fedfa/element - {"using":"xpath","value":"//*[@id=\"application-managepartners-display-component---NewPartner--intercompVendorComboBox-application-managepartners-display-component---NewPartner--assignmentsTable-0-vhi\"]"}
RESULT: {"using":"xpath","value":"//*[@id=\"application-managepartners-display-component---NewPartner--intercompVendorComboBox-application-managepartners-display-component---NewPartner--assignmentsTable-0-vhi\"]"}
COMMAND: POST /session/d119162e921248fd1f7a065fe81fedfa/element/f.7D8252E83238221F8080DA22DD8FFCA1.d.E14F969868A30385DC6768C134E6B01B.e.4367/click - {}
RESULT: {}
RESULT: undefined
COMMAND: POST /session/d119162e921248fd1f7a065fe81fedfa/execute/async - {"script":"<script> [776 bytes]","args":[{"enterText":"100005","selector":{"controlType":"sap.m.SearchField","properties":{"placeholder":"Search"},"searchOpenDialogs":true,"interaction":{"idSuffix":"I"}},"clearTextFirst":true,"interactionType":"ENTER_TEXT"}]}
COMMAND: GET /session/d119162e921248fd1f7a065fe81fedfa/screenshot - {}
RESULT: {"script":"<script> [776 bytes]","args":[{"enterText":"100005","selector":{"controlType":"sap.m.SearchField","properties":{"placeholder":"Search"},"searchOpenDialogs":true,"interaction":{"idSuffix":"I"}},"clearTextFirst":true,"interactionType":"ENTER_TEXT"}]}
COMMAND: POST /session/d119162e921248fd1f7a065fe81fedfa/actions - {"actions":[{"id":"action13","type":"key","parameters":{},"actions":[{"type":"keyDown","value":"î€‡"},{"type":"pause","duration":10},{"type":"keyUp","value":"î€‡"}]}]}
RESULT: {}
RESULT: {"actions":[{"id":"action13","type":"key","parameters":{},"actions":[{"type":"keyDown","value":"î€‡"},{"type":"pause","duration":10},{"type":"keyUp","value":"î€‡"}]}]}
COMMAND: GET /session/d119162e921248fd1f7a065fe81fedfa/screenshot - {}
RESULT: {}
COMMAND: POST /session/d119162e921248fd1f7a065fe81fedfa/element - {"using":"xpath","value":"//span[contains(text(), \"Penguins - Field/12345 Berlin\")]"}
RESULT: {"using":"xpath","value":"//span[contains(text(), \"Penguins - Field/12345 Berlin\")]"}
COMMAND: POST /session/d119162e921248fd1f7a065fe81fedfa/element/f.7D8252E83238221F8080DA22DD8FFCA1.d.E14F969868A30385DC6768C134E6B01B.e.4384/click - {}
RESULT: {}
COMMAND: GET /session/d119162e921248fd1f7a065fe81fedfa/screenshot - {}
RESULT: {}
COMMAND: POST /session/d119162e921248fd1f7a065fe81fedfa/element - {"using":"xpath","value":"//bdi[contains(text(), \"OK\")]"}
RESULT: {"using":"xpath","value":"//bdi[contains(text(), \"OK\")]"}
COMMAND: POST /session/d119162e921248fd1f7a065fe81fedfa/element/f.7D8252E83238221F8080DA22DD8FFCA1.d.E14F969868A30385DC6768C134E6B01B.e.4385/click - {}
RESULT: {}
COMMAND: GET /session/d119162e921248fd1f7a065fe81fedfa/screenshot - {}
RESULT: {}
COMMAND: POST /session/d119162e921248fd1f7a065fe81fedfa/element - {"using":"xpath","value":"//button[@data-kt=\"saveButton\"]"}
RESULT: {"using":"xpath","value":"//button[@data-kt=\"saveButton\"]"}
COMMAND: POST /session/d119162e921248fd1f7a065fe81fedfa/element/f.7D8252E83238221F8080DA22DD8FFCA1.d.E14F969868A30385DC6768C134E6B01B.e.4237/click - {}
RESULT: {}
COMMAND: GET /session/d119162e921248fd1f7a065fe81fedfa/screenshot - {}
RESULT: {}
COMMAND: POST /session/d119162e921248fd1f7a065fe81fedfa/element - {"using":"xpath","value":"//header[contains(@id, 'ObjectPageLayout-headerTitle')]/div[1]/div[2]/div[2]/span[1]"}
RESULT: {"using":"xpath","value":"//header[contains(@id, 'ObjectPageLayout-headerTitle')]/div[1]/div[2]/div[2]/span[1]"}
COMMAND: POST /session/d119162e921248fd1f7a065fe81fedfa/elements - {"using":"xpath","value":"//header[contains(@id, 'ObjectPageLayout-headerTitle')]/div[1]/div[2]/div[2]/span[1]"}
RESULT: {"using":"xpath","value":"//header[contains(@id, 'ObjectPageLayout-headerTitle')]/div[1]/div[2]/div[2]/span[1]"}
COMMAND: POST /session/d119162e921248fd1f7a065fe81fedfa/execute/sync - {"script":"<script> [56 bytes]","args":[{"element-6066-11e4-a52e-4f735466cecf":"f.7D8252E83238221F8080DA22DD8FFCA1.d.E14F969868A30385DC6768C134E6B01B.e.4550","ELEMENT":"f.7D8252E83238221F8080DA22DD8FFCA1.d.E14F969868A30385DC6768C134E6B01B.e.4550"}]}
RESULT: {"script":"<script> [56 bytes]","args":[{"element-6066-11e4-a52e-4f735466cecf":"f.7D8252E83238221F8080DA22DD8FFCA1.d.E14F969868A30385DC6768C134E6B01B.e.4550","ELEMENT":"f.7D8252E83238221F8080DA22DD8FFCA1.d.E14F969868A30385DC6768C134E6B01B.e.4550"}]}
COMMAND: POST /session/d119162e921248fd1f7a065fe81fedfa/element - {"using":"css selector","value":"#shell-header-logo"}
COMMAND: GET /session/d119162e921248fd1f7a065fe81fedfa/screenshot - {}
RESULT: {"using":"css selector","value":"#shell-header-logo"}
COMMAND: POST /session/d119162e921248fd1f7a065fe81fedfa/element/f.7D8252E83238221F8080DA22DD8FFCA1.d.E14F969868A30385DC6768C134E6B01B.e.3766/click - {}
RESULT: {}
RESULT: {}
COMMAND: GET /session/d119162e921248fd1f7a065fe81fedfa/screenshot - {}
RESULT: {}
COMMAND: POST /session/d119162e921248fd1f7a065fe81fedfa/execute/sync - {"script":"<script> [299 bytes]","args":[["getModel","getResource"]]}
RESULT: {"script":"<script> [299 bytes]","args":[["getModel","getResource"]]}
]]></system-out>
    </testcase>
    <testcase classname="chrome.135_0_7049_96.windows.Create_master_data_for_mixed_billing_&amp;_do_billing_calculation_US151661" name="Should create a new site" time="84.54">
      <system-out><![CDATA[
COMMAND: POST /session/d119162e921248fd1f7a065fe81fedfa/execute/async - {"script":"<script> [1562 bytes]","args":[{"selector":{"controlType":"sap.m.TileContent","bindingPath":{"path":"","propertyPath":"/properties/info"},"ancestor":{"controlType":"sap.m.GenericTile","properties":{"header":"Manage Sites"}}},"wdio_ui5_key":"sapm.TileContent{\"path\":\"\",\"propertyPath\":\"/properties/info\"}{\"controlType\":\"sap.m.GenericTile\",\"properties\":{\"header\":\"Manage Sites\"}}"}]}
COMMAND: GET /session/d119162e921248fd1f7a065fe81fedfa/screenshot - {}
RESULT: {"script":"<script> [1562 bytes]","args":[{"selector":{"controlType":"sap.m.TileContent","bindingPath":{"path":"","propertyPath":"/properties/info"},"ancestor":{"controlType":"sap.m.GenericTile","properties":{"header":"Manage Sites"}}},"wdio_ui5_key":"sapm.TileContent{\"path\":\"\",\"propertyPath\":\"/properties/info\"}{\"controlType\":\"sap.m.GenericTile\",\"properties\":{\"header\":\"Manage Sites\"}}"}]}
RESULT: undefined
COMMAND: POST /session/d119162e921248fd1f7a065fe81fedfa/element - {"using":"xpath","value":"//*[@id=\"__xmlview7--numericTileContent\"]"}
RESULT: {}
RESULT: {"using":"xpath","value":"//*[@id=\"__xmlview7--numericTileContent\"]"}
COMMAND: POST /session/d119162e921248fd1f7a065fe81fedfa/element/f.7D8252E83238221F8080DA22DD8FFCA1.d.E14F969868A30385DC6768C134E6B01B.e.4552/click - {}
RESULT: {}
COMMAND: POST /session/d119162e921248fd1f7a065fe81fedfa/element - {"using":"xpath","value":"//button[@data-kt=\"addOverflowToolbarButton\"]"}
COMMAND: GET /session/d119162e921248fd1f7a065fe81fedfa/screenshot - {}
RESULT: {"using":"xpath","value":"//button[@data-kt=\"addOverflowToolbarButton\"]"}
COMMAND: POST /session/d119162e921248fd1f7a065fe81fedfa/elements - {"using":"xpath","value":"//button[@data-kt=\"addOverflowToolbarButton\"]"}
RESULT: {}
RESULT: {"using":"xpath","value":"//button[@data-kt=\"addOverflowToolbarButton\"]"}
COMMAND: POST /session/d119162e921248fd1f7a065fe81fedfa/elements - {"using":"xpath","value":"//button[@data-kt=\"addOverflowToolbarButton\"]"}
RESULT: {"using":"xpath","value":"//button[@data-kt=\"addOverflowToolbarButton\"]"}
COMMAND: POST /session/d119162e921248fd1f7a065fe81fedfa/element - {"using":"xpath","value":"//button[@data-kt=\"addOverflowToolbarButton\"]"}
RESULT: {"using":"xpath","value":"//button[@data-kt=\"addOverflowToolbarButton\"]"}
COMMAND: POST /session/d119162e921248fd1f7a065fe81fedfa/execute/sync - {"script":"<script> [8489 bytes]","args":[{"element-6066-11e4-a52e-4f735466cecf":"f.7D8252E83238221F8080DA22DD8FFCA1.d.E14F969868A30385DC6768C134E6B01B.e.4597","ELEMENT":"f.7D8252E83238221F8080DA22DD8FFCA1.d.E14F969868A30385DC6768C134E6B01B.e.4597"}]}
RESULT: {"script":"<script> [8489 bytes]","args":[{"element-6066-11e4-a52e-4f735466cecf":"f.7D8252E83238221F8080DA22DD8FFCA1.d.E14F969868A30385DC6768C134E6B01B.e.4597","ELEMENT":"f.7D8252E83238221F8080DA22DD8FFCA1.d.E14F969868A30385DC6768C134E6B01B.e.4597"}]}
COMMAND: GET /session/d119162e921248fd1f7a065fe81fedfa/element/f.7D8252E83238221F8080DA22DD8FFCA1.d.E14F969868A30385DC6768C134E6B01B.e.4597/enabled - {}
COMMAND: GET /session/d119162e921248fd1f7a065fe81fedfa/screenshot - {}
RESULT: {}
COMMAND: POST /session/d119162e921248fd1f7a065fe81fedfa/execute/sync - {"script":"<script> [8489 bytes]","args":[{"element-6066-11e4-a52e-4f735466cecf":"f.7D8252E83238221F8080DA22DD8FFCA1.d.E14F969868A30385DC6768C134E6B01B.e.4597","ELEMENT":"f.7D8252E83238221F8080DA22DD8FFCA1.d.E14F969868A30385DC6768C134E6B01B.e.4597"}]}
COMMAND: GET /session/d119162e921248fd1f7a065fe81fedfa/screenshot - {}
RESULT: {}
RESULT: {"script":"<script> [8489 bytes]","args":[{"element-6066-11e4-a52e-4f735466cecf":"f.7D8252E83238221F8080DA22DD8FFCA1.d.E14F969868A30385DC6768C134E6B01B.e.4597","ELEMENT":"f.7D8252E83238221F8080DA22DD8FFCA1.d.E14F969868A30385DC6768C134E6B01B.e.4597"}]}
COMMAND: POST /session/d119162e921248fd1f7a065fe81fedfa/execute/sync - {"script":"<script> [5351 bytes]","args":[{"element-6066-11e4-a52e-4f735466cecf":"f.7D8252E83238221F8080DA22DD8FFCA1.d.E14F969868A30385DC6768C134E6B01B.e.4597","ELEMENT":"f.7D8252E83238221F8080DA22DD8FFCA1.d.E14F969868A30385DC6768C134E6B01B.e.4597"}]}
COMMAND: GET /session/d119162e921248fd1f7a065fe81fedfa/screenshot - {}
RESULT: {}
RESULT: {"script":"<script> [5351 bytes]","args":[{"element-6066-11e4-a52e-4f735466cecf":"f.7D8252E83238221F8080DA22DD8FFCA1.d.E14F969868A30385DC6768C134E6B01B.e.4597","ELEMENT":"f.7D8252E83238221F8080DA22DD8FFCA1.d.E14F969868A30385DC6768C134E6B01B.e.4597"}]}
COMMAND: POST /session/d119162e921248fd1f7a065fe81fedfa/element/f.7D8252E83238221F8080DA22DD8FFCA1.d.E14F969868A30385DC6768C134E6B01B.e.4597/click - {}
COMMAND: GET /session/d119162e921248fd1f7a065fe81fedfa/screenshot - {}
RESULT: {}
RESULT: {}
COMMAND: GET /session/d119162e921248fd1f7a065fe81fedfa/screenshot - {}
RESULT: {}
COMMAND: POST /session/d119162e921248fd1f7a065fe81fedfa/execute/async - {"script":"<script> [1562 bytes]","args":[{"selector":{"id":"application-managesites-display-component---NewSite--addressDetailDetailsName1","interaction":{"idSuffix":"inner"}},"wdio_ui5_key":"applicationmanagesites-display-component---NewSite--addressDetailDetailsName1"}]}
RESULT: {}
RESULT: {"script":"<script> [1562 bytes]","args":[{"selector":{"id":"application-managesites-display-component---NewSite--addressDetailDetailsName1","interaction":{"idSuffix":"inner"}},"wdio_ui5_key":"applicationmanagesites-display-component---NewSite--addressDetailDetailsName1"}]}
RESULT: undefined
COMMAND: POST /session/d119162e921248fd1f7a065fe81fedfa/execute/async - {"script":"<script> [776 bytes]","args":[{"enterText":"Intercompany Site wdIO","selector":{"id":"application-managesites-display-component---NewSite--addressDetailDetailsName1","interaction":{"idSuffix":"inner"}},"clearTextFirst":true,"interactionType":"ENTER_TEXT"}]}
RESULT: {"script":"<script> [776 bytes]","args":[{"enterText":"Intercompany Site wdIO","selector":{"id":"application-managesites-display-component---NewSite--addressDetailDetailsName1","interaction":{"idSuffix":"inner"}},"clearTextFirst":true,"interactionType":"ENTER_TEXT"}]}
COMMAND: POST /session/d119162e921248fd1f7a065fe81fedfa/execute/async - {"script":"<script> [1562 bytes]","args":[{"selector":{"id":"application-managesites-display-component---NewSite--addressDetailDetailsLanguage-arrow"},"wdio_ui5_key":"applicationmanagesites-display-component---NewSite--addressDetailDetailsLanguage-arrow"}]}
RESULT: {"script":"<script> [1562 bytes]","args":[{"selector":{"id":"application-managesites-display-component---NewSite--addressDetailDetailsLanguage-arrow"},"wdio_ui5_key":"applicationmanagesites-display-component---NewSite--addressDetailDetailsLanguage-arrow"}]}
RESULT: undefined
COMMAND: POST /session/d119162e921248fd1f7a065fe81fedfa/element - {"using":"xpath","value":"//*[@id=\"application-managesites-display-component---NewSite--addressDetailDetailsLanguage-arrow\"]"}
RESULT: {"using":"xpath","value":"//*[@id=\"application-managesites-display-component---NewSite--addressDetailDetailsLanguage-arrow\"]"}
COMMAND: POST /session/d119162e921248fd1f7a065fe81fedfa/element/f.7D8252E83238221F8080DA22DD8FFCA1.d.E14F969868A30385DC6768C134E6B01B.e.5210/click - {}
RESULT: {}
COMMAND: POST /session/d119162e921248fd1f7a065fe81fedfa/element - {"using":"xpath","value":"//span[contains(text(), \"English\")]"}
COMMAND: GET /session/d119162e921248fd1f7a065fe81fedfa/screenshot - {}
RESULT: {"using":"xpath","value":"//span[contains(text(), \"English\")]"}
COMMAND: POST /session/d119162e921248fd1f7a065fe81fedfa/element/f.7D8252E83238221F8080DA22DD8FFCA1.d.E14F969868A30385DC6768C134E6B01B.e.5211/click - {}
RESULT: {}
RESULT: {}
COMMAND: POST /session/d119162e921248fd1f7a065fe81fedfa/execute/async - {"script":"<script> [1562 bytes]","args":[{"selector":{"id":"application-managesites-display-component---NewSite--addressDetailDetailsCity1","interaction":{"idSuffix":"inner"}},"wdio_ui5_key":"applicationmanagesites-display-component---NewSite--addressDetailDetailsCity1"}]}
COMMAND: GET /session/d119162e921248fd1f7a065fe81fedfa/screenshot - {}
RESULT: {"script":"<script> [1562 bytes]","args":[{"selector":{"id":"application-managesites-display-component---NewSite--addressDetailDetailsCity1","interaction":{"idSuffix":"inner"}},"wdio_ui5_key":"applicationmanagesites-display-component---NewSite--addressDetailDetailsCity1"}]}
RESULT: undefined
COMMAND: POST /session/d119162e921248fd1f7a065fe81fedfa/execute/async - {"script":"<script> [776 bytes]","args":[{"enterText":"Rosario","selector":{"id":"application-managesites-display-component---NewSite--addressDetailDetailsCity1","interaction":{"idSuffix":"inner"}},"clearTextFirst":true,"interactionType":"ENTER_TEXT"}]}
RESULT: {}
RESULT: {"script":"<script> [776 bytes]","args":[{"enterText":"Rosario","selector":{"id":"application-managesites-display-component---NewSite--addressDetailDetailsCity1","interaction":{"idSuffix":"inner"}},"clearTextFirst":true,"interactionType":"ENTER_TEXT"}]}
COMMAND: POST /session/d119162e921248fd1f7a065fe81fedfa/execute/async - {"script":"<script> [1562 bytes]","args":[{"selector":{"id":"application-managesites-display-component---NewSite--addressDetailDetailsCountry-arrow"},"wdio_ui5_key":"applicationmanagesites-display-component---NewSite--addressDetailDetailsCountry-arrow"}]}
RESULT: {"script":"<script> [1562 bytes]","args":[{"selector":{"id":"application-managesites-display-component---NewSite--addressDetailDetailsCountry-arrow"},"wdio_ui5_key":"applicationmanagesites-display-component---NewSite--addressDetailDetailsCountry-arrow"}]}
RESULT: undefined
COMMAND: POST /session/d119162e921248fd1f7a065fe81fedfa/element - {"using":"xpath","value":"//*[@id=\"application-managesites-display-component---NewSite--addressDetailDetailsCountry-arrow\"]"}
RESULT: {"using":"xpath","value":"//*[@id=\"application-managesites-display-component---NewSite--addressDetailDetailsCountry-arrow\"]"}
COMMAND: POST /session/d119162e921248fd1f7a065fe81fedfa/element/f.7D8252E83238221F8080DA22DD8FFCA1.d.E14F969868A30385DC6768C134E6B01B.e.5213/click - {}
RESULT: {}
COMMAND: POST /session/d119162e921248fd1f7a065fe81fedfa/element - {"using":"xpath","value":"//span[contains(text(), \"Argentina\")]"}
COMMAND: GET /session/d119162e921248fd1f7a065fe81fedfa/screenshot - {}
RESULT: {"using":"xpath","value":"//span[contains(text(), \"Argentina\")]"}
COMMAND: POST /session/d119162e921248fd1f7a065fe81fedfa/element/f.7D8252E83238221F8080DA22DD8FFCA1.d.E14F969868A30385DC6768C134E6B01B.e.5214/click - {}
RESULT: {}
RESULT: {}
COMMAND: GET /session/d119162e921248fd1f7a065fe81fedfa/screenshot - {}
RESULT: {}
COMMAND: POST /session/d119162e921248fd1f7a065fe81fedfa/execute/async - {"script":"<script> [1562 bytes]","args":[{"selector":{"id":"application-managesites-display-component---NewSite--addressEditDetailsCostObjectCstType-arrow"},"wdio_ui5_key":"applicationmanagesites-display-component---NewSite--addressEditDetailsCostObjectCstType-arrow"}]}
RESULT: {"script":"<script> [1562 bytes]","args":[{"selector":{"id":"application-managesites-display-component---NewSite--addressEditDetailsCostObjectCstType-arrow"},"wdio_ui5_key":"applicationmanagesites-display-component---NewSite--addressEditDetailsCostObjectCstType-arrow"}]}
RESULT: undefined
COMMAND: POST /session/d119162e921248fd1f7a065fe81fedfa/element - {"using":"xpath","value":"//*[@id=\"application-managesites-display-component---NewSite--addressEditDetailsCostObjectCstType-arrow\"]"}
RESULT: {"using":"xpath","value":"//*[@id=\"application-managesites-display-component---NewSite--addressEditDetailsCostObjectCstType-arrow\"]"}
COMMAND: POST /session/d119162e921248fd1f7a065fe81fedfa/element/f.7D8252E83238221F8080DA22DD8FFCA1.d.E14F969868A30385DC6768C134E6B01B.e.5215/click - {}
RESULT: {}
COMMAND: POST /session/d119162e921248fd1f7a065fe81fedfa/element - {"using":"xpath","value":"//span[contains(text(), \"Cost Center\")]"}
COMMAND: GET /session/d119162e921248fd1f7a065fe81fedfa/screenshot - {}
RESULT: {"using":"xpath","value":"//span[contains(text(), \"Cost Center\")]"}
COMMAND: POST /session/d119162e921248fd1f7a065fe81fedfa/element/f.7D8252E83238221F8080DA22DD8FFCA1.d.E14F969868A30385DC6768C134E6B01B.e.5216/click - {}
RESULT: {}
RESULT: {}
COMMAND: GET /session/d119162e921248fd1f7a065fe81fedfa/screenshot - {}
RESULT: {}
COMMAND: POST /session/d119162e921248fd1f7a065fe81fedfa/element - {"using":"xpath","value":"//span[@id=\"application-managesites-display-component---NewSite--addressNewCostObjectCstID-vhi\"]"}
RESULT: {"using":"xpath","value":"//span[@id=\"application-managesites-display-component---NewSite--addressNewCostObjectCstID-vhi\"]"}
COMMAND: POST /session/d119162e921248fd1f7a065fe81fedfa/execute/sync - {"script":"<script> [8489 bytes]","args":[{"element-6066-11e4-a52e-4f735466cecf":"f.7D8252E83238221F8080DA22DD8FFCA1.d.E14F969868A30385DC6768C134E6B01B.e.5221","ELEMENT":"f.7D8252E83238221F8080DA22DD8FFCA1.d.E14F969868A30385DC6768C134E6B01B.e.5221"}]}
RESULT: {"script":"<script> [8489 bytes]","args":[{"element-6066-11e4-a52e-4f735466cecf":"f.7D8252E83238221F8080DA22DD8FFCA1.d.E14F969868A30385DC6768C134E6B01B.e.5221","ELEMENT":"f.7D8252E83238221F8080DA22DD8FFCA1.d.E14F969868A30385DC6768C134E6B01B.e.5221"}]}
COMMAND: POST /session/d119162e921248fd1f7a065fe81fedfa/execute/async - {"script":"<script> [1562 bytes]","args":[{"selector":{"id":"application-managesites-display-component---NewSite--addressNewCostObjectCstID-vhi"},"wdio_ui5_key":"applicationmanagesites-display-component---NewSite--addressNewCostObjectCstID-vhi"}]}
COMMAND: GET /session/d119162e921248fd1f7a065fe81fedfa/screenshot - {}
RESULT: {"script":"<script> [1562 bytes]","args":[{"selector":{"id":"application-managesites-display-component---NewSite--addressNewCostObjectCstID-vhi"},"wdio_ui5_key":"applicationmanagesites-display-component---NewSite--addressNewCostObjectCstID-vhi"}]}
RESULT: undefined
COMMAND: POST /session/d119162e921248fd1f7a065fe81fedfa/element - {"using":"xpath","value":"//*[@id=\"application-managesites-display-component---NewSite--addressNewCostObjectCstID-vhi\"]"}
RESULT: {}
RESULT: {"using":"xpath","value":"//*[@id=\"application-managesites-display-component---NewSite--addressNewCostObjectCstID-vhi\"]"}
COMMAND: POST /session/d119162e921248fd1f7a065fe81fedfa/element/f.7D8252E83238221F8080DA22DD8FFCA1.d.E14F969868A30385DC6768C134E6B01B.e.5221/click - {}
RESULT: {}
COMMAND: GET /session/d119162e921248fd1f7a065fe81fedfa/screenshot - {}
RESULT: {}
RESULT: undefined
COMMAND: POST /session/d119162e921248fd1f7a065fe81fedfa/execute/async - {"script":"<script> [776 bytes]","args":[{"enterText":"10001013","selector":{"controlType":"sap.m.SearchField","properties":{"placeholder":"Search"},"searchOpenDialogs":true,"interaction":{"idSuffix":"I"}},"clearTextFirst":true,"interactionType":"ENTER_TEXT"}]}
RESULT: {"script":"<script> [776 bytes]","args":[{"enterText":"10001013","selector":{"controlType":"sap.m.SearchField","properties":{"placeholder":"Search"},"searchOpenDialogs":true,"interaction":{"idSuffix":"I"}},"clearTextFirst":true,"interactionType":"ENTER_TEXT"}]}
COMMAND: POST /session/d119162e921248fd1f7a065fe81fedfa/actions - {"actions":[{"id":"action14","type":"key","parameters":{},"actions":[{"type":"keyDown","value":"î€‡"},{"type":"pause","duration":10},{"type":"keyUp","value":"î€‡"}]}]}
RESULT: {"actions":[{"id":"action14","type":"key","parameters":{},"actions":[{"type":"keyDown","value":"î€‡"},{"type":"pause","duration":10},{"type":"keyUp","value":"î€‡"}]}]}
COMMAND: GET /session/d119162e921248fd1f7a065fe81fedfa/screenshot - {}
RESULT: {}
COMMAND: POST /session/d119162e921248fd1f7a065fe81fedfa/element - {"using":"xpath","value":"//span[contains(text(), \"General Management\")]"}
RESULT: {"using":"xpath","value":"//span[contains(text(), \"General Management\")]"}
COMMAND: POST /session/d119162e921248fd1f7a065fe81fedfa/element/f.7D8252E83238221F8080DA22DD8FFCA1.d.E14F969868A30385DC6768C134E6B01B.e.5260/click - {}
RESULT: {}
COMMAND: GET /session/d119162e921248fd1f7a065fe81fedfa/screenshot - {}
RESULT: {}
COMMAND: POST /session/d119162e921248fd1f7a065fe81fedfa/element - {"using":"xpath","value":"//bdi[contains(text(), \"OK\")]"}
RESULT: {"using":"xpath","value":"//bdi[contains(text(), \"OK\")]"}
COMMAND: POST /session/d119162e921248fd1f7a065fe81fedfa/element/f.7D8252E83238221F8080DA22DD8FFCA1.d.E14F969868A30385DC6768C134E6B01B.e.5261/click - {}
RESULT: {}
COMMAND: GET /session/d119162e921248fd1f7a065fe81fedfa/screenshot - {}
RESULT: {}
COMMAND: POST /session/d119162e921248fd1f7a065fe81fedfa/element - {"using":"xpath","value":"//input[@id=\"application-managesites-display-component---NewSite--addressDetailDetailsCalendar-inner\"]"}
RESULT: {"using":"xpath","value":"//input[@id=\"application-managesites-display-component---NewSite--addressDetailDetailsCalendar-inner\"]"}
COMMAND: POST /session/d119162e921248fd1f7a065fe81fedfa/element/f.7D8252E83238221F8080DA22DD8FFCA1.d.E14F969868A30385DC6768C134E6B01B.e.5007/clear - {}
RESULT: {}
COMMAND: POST /session/d119162e921248fd1f7a065fe81fedfa/element/f.7D8252E83238221F8080DA22DD8FFCA1.d.E14F969868A30385DC6768C134E6B01B.e.5007/value - {"text":"Unit"}
COMMAND: GET /session/d119162e921248fd1f7a065fe81fedfa/screenshot - {}
RESULT: {"text":"Unit"}
COMMAND: GET /session/d119162e921248fd1f7a065fe81fedfa/screenshot - {}
RESULT: {}
RESULT: {}
COMMAND: POST /session/d119162e921248fd1f7a065fe81fedfa/actions - {"actions":[{"id":"action15","type":"key","parameters":{},"actions":[{"type":"keyDown","value":"î€‡"},{"type":"pause","duration":10},{"type":"keyUp","value":"î€‡"}]}]}
RESULT: {"actions":[{"id":"action15","type":"key","parameters":{},"actions":[{"type":"keyDown","value":"î€‡"},{"type":"pause","duration":10},{"type":"keyUp","value":"î€‡"}]}]}
COMMAND: POST /session/d119162e921248fd1f7a065fe81fedfa/element - {"using":"xpath","value":"//input[@id=\"application-managesites-display-component---NewSite--addressDetailDetailsYard-inner\"]"}
COMMAND: GET /session/d119162e921248fd1f7a065fe81fedfa/screenshot - {}
RESULT: {"using":"xpath","value":"//input[@id=\"application-managesites-display-component---NewSite--addressDetailDetailsYard-inner\"]"}
COMMAND: POST /session/d119162e921248fd1f7a065fe81fedfa/element/f.7D8252E83238221F8080DA22DD8FFCA1.d.E14F969868A30385DC6768C134E6B01B.e.5008/clear - {}
RESULT: {}
RESULT: {}
COMMAND: POST /session/d119162e921248fd1f7a065fe81fedfa/element/f.7D8252E83238221F8080DA22DD8FFCA1.d.E14F969868A30385DC6768C134E6B01B.e.5008/value - {"text":"562"}
COMMAND: GET /session/d119162e921248fd1f7a065fe81fedfa/screenshot - {}
RESULT: {"text":"562"}
COMMAND: GET /session/d119162e921248fd1f7a065fe81fedfa/screenshot - {}
RESULT: {}
RESULT: {}
COMMAND: POST /session/d119162e921248fd1f7a065fe81fedfa/element - {"using":"xpath","value":"//li[.//span[text()='562']]"}
RESULT: {"using":"xpath","value":"//li[.//span[text()='562']]"}
COMMAND: POST /session/d119162e921248fd1f7a065fe81fedfa/element/f.7D8252E83238221F8080DA22DD8FFCA1.d.E14F969868A30385DC6768C134E6B01B.e.5269/click - {}
RESULT: {}
COMMAND: GET /session/d119162e921248fd1f7a065fe81fedfa/screenshot - {}
RESULT: {}
COMMAND: POST /session/d119162e921248fd1f7a065fe81fedfa/element - {"using":"xpath","value":"//input[@id=\"application-managesites-display-component---NewSite--addressDetailDetailsPartner-inner\"]"}
RESULT: {"using":"xpath","value":"//input[@id=\"application-managesites-display-component---NewSite--addressDetailDetailsPartner-inner\"]"}
COMMAND: POST /session/d119162e921248fd1f7a065fe81fedfa/element - {"using":"xpath","value":"//input[@id=\"application-managesites-display-component---NewSite--addressDetailDetailsPartner-inner\"]"}
RESULT: {"using":"xpath","value":"//input[@id=\"application-managesites-display-component---NewSite--addressDetailDetailsPartner-inner\"]"}
COMMAND: POST /session/d119162e921248fd1f7a065fe81fedfa/element - {"using":"xpath","value":"//button[@data-kt=\"saveButton\"]"}
RESULT: {"using":"xpath","value":"//button[@data-kt=\"saveButton\"]"}
COMMAND: POST /session/d119162e921248fd1f7a065fe81fedfa/element/f.7D8252E83238221F8080DA22DD8FFCA1.d.E14F969868A30385DC6768C134E6B01B.e.5190/click - {}
RESULT: {}
COMMAND: GET /session/d119162e921248fd1f7a065fe81fedfa/screenshot - {}
RESULT: {}
COMMAND: POST /session/d119162e921248fd1f7a065fe81fedfa/element - {"using":"xpath","value":"//header[contains(@id, 'ObjectPageLayout-headerTitle')]/div[1]/div[2]/div[2]/span[1]"}
RESULT: {"using":"xpath","value":"//header[contains(@id, 'ObjectPageLayout-headerTitle')]/div[1]/div[2]/div[2]/span[1]"}
COMMAND: POST /session/d119162e921248fd1f7a065fe81fedfa/elements - {"using":"xpath","value":"//header[contains(@id, 'ObjectPageLayout-headerTitle')]/div[1]/div[2]/div[2]/span[1]"}
RESULT: {"using":"xpath","value":"//header[contains(@id, 'ObjectPageLayout-headerTitle')]/div[1]/div[2]/div[2]/span[1]"}
COMMAND: POST /session/d119162e921248fd1f7a065fe81fedfa/execute/sync - {"script":"<script> [56 bytes]","args":[{"element-6066-11e4-a52e-4f735466cecf":"f.7D8252E83238221F8080DA22DD8FFCA1.d.E14F969868A30385DC6768C134E6B01B.e.5468","ELEMENT":"f.7D8252E83238221F8080DA22DD8FFCA1.d.E14F969868A30385DC6768C134E6B01B.e.5468"}]}
RESULT: {"script":"<script> [56 bytes]","args":[{"element-6066-11e4-a52e-4f735466cecf":"f.7D8252E83238221F8080DA22DD8FFCA1.d.E14F969868A30385DC6768C134E6B01B.e.5468","ELEMENT":"f.7D8252E83238221F8080DA22DD8FFCA1.d.E14F969868A30385DC6768C134E6B01B.e.5468"}]}
COMMAND: POST /session/d119162e921248fd1f7a065fe81fedfa/element - {"using":"css selector","value":"#shell-header-logo"}
COMMAND: GET /session/d119162e921248fd1f7a065fe81fedfa/screenshot - {}
RESULT: {"using":"css selector","value":"#shell-header-logo"}
COMMAND: POST /session/d119162e921248fd1f7a065fe81fedfa/element/f.7D8252E83238221F8080DA22DD8FFCA1.d.E14F969868A30385DC6768C134E6B01B.e.4555/click - {}
RESULT: {}
RESULT: {}
COMMAND: GET /session/d119162e921248fd1f7a065fe81fedfa/screenshot - {}
RESULT: {}
COMMAND: POST /session/d119162e921248fd1f7a065fe81fedfa/execute/sync - {"script":"<script> [299 bytes]","args":[["getModel","getResource"]]}
RESULT: {"script":"<script> [299 bytes]","args":[["getModel","getResource"]]}
COMMAND: GET /session/d119162e921248fd1f7a065fe81fedfa/screenshot - {}
]]></system-out>
    </testcase>
    <testcase classname="chrome.135_0_7049_96.windows.Create_master_data_for_mixed_billing_&amp;_do_billing_calculation_US151661" name="Should create a new equipment and add a counter to it" time="147.78">
      <system-out><![CDATA[
COMMAND: POST /session/d119162e921248fd1f7a065fe81fedfa/execute/async - {"script":"<script> [1562 bytes]","args":[{"selector":{"controlType":"sap.m.GenericTile","properties":{"header":"Manage Resources"}},"wdio_ui5_key":"sapm.GenericTile{\"header\":\"Manage Resources\"}"}]}
RESULT: {}
RESULT: {"script":"<script> [1562 bytes]","args":[{"selector":{"controlType":"sap.m.GenericTile","properties":{"header":"Manage Resources"}},"wdio_ui5_key":"sapm.GenericTile{\"header\":\"Manage Resources\"}"}]}
RESULT: undefined
COMMAND: POST /session/d119162e921248fd1f7a065fe81fedfa/element - {"using":"xpath","value":"//*[@id=\"__tile39\"]"}
RESULT: {"using":"xpath","value":"//*[@id=\"__tile39\"]"}
COMMAND: POST /session/d119162e921248fd1f7a065fe81fedfa/element/f.7D8252E83238221F8080DA22DD8FFCA1.d.E14F969868A30385DC6768C134E6B01B.e.2896/click - {}
RESULT: {}
COMMAND: POST /session/d119162e921248fd1f7a065fe81fedfa/element - {"using":"xpath","value":"//button[@data-kt=\"addNewRUOverflowToolbarButton\"]"}
COMMAND: GET /session/d119162e921248fd1f7a065fe81fedfa/screenshot - {}
RESULT: {"using":"xpath","value":"//button[@data-kt=\"addNewRUOverflowToolbarButton\"]"}
COMMAND: POST /session/d119162e921248fd1f7a065fe81fedfa/elements - {"using":"xpath","value":"//button[@data-kt=\"addNewRUOverflowToolbarButton\"]"}
RESULT: {}
RESULT: {"using":"xpath","value":"//button[@data-kt=\"addNewRUOverflowToolbarButton\"]"}
COMMAND: POST /session/d119162e921248fd1f7a065fe81fedfa/elements - {"using":"xpath","value":"//button[@data-kt=\"addNewRUOverflowToolbarButton\"]"}
RESULT: {"using":"xpath","value":"//button[@data-kt=\"addNewRUOverflowToolbarButton\"]"}
COMMAND: POST /session/d119162e921248fd1f7a065fe81fedfa/elements - {"using":"xpath","value":"//button[@data-kt=\"addNewRUOverflowToolbarButton\"]"}
RESULT: {"using":"xpath","value":"//button[@data-kt=\"addNewRUOverflowToolbarButton\"]"}
COMMAND: POST /session/d119162e921248fd1f7a065fe81fedfa/elements - {"using":"xpath","value":"//button[@data-kt=\"addNewRUOverflowToolbarButton\"]"}
RESULT: {"using":"xpath","value":"//button[@data-kt=\"addNewRUOverflowToolbarButton\"]"}
COMMAND: POST /session/d119162e921248fd1f7a065fe81fedfa/elements - {"using":"xpath","value":"//button[@data-kt=\"addNewRUOverflowToolbarButton\"]"}
RESULT: {"using":"xpath","value":"//button[@data-kt=\"addNewRUOverflowToolbarButton\"]"}
COMMAND: POST /session/d119162e921248fd1f7a065fe81fedfa/elements - {"using":"xpath","value":"//button[@data-kt=\"addNewRUOverflowToolbarButton\"]"}
RESULT: {"using":"xpath","value":"//button[@data-kt=\"addNewRUOverflowToolbarButton\"]"}
COMMAND: POST /session/d119162e921248fd1f7a065fe81fedfa/elements - {"using":"xpath","value":"//button[@data-kt=\"addNewRUOverflowToolbarButton\"]"}
RESULT: {"using":"xpath","value":"//button[@data-kt=\"addNewRUOverflowToolbarButton\"]"}
COMMAND: POST /session/d119162e921248fd1f7a065fe81fedfa/elements - {"using":"xpath","value":"//button[@data-kt=\"addNewRUOverflowToolbarButton\"]"}
RESULT: {"using":"xpath","value":"//button[@data-kt=\"addNewRUOverflowToolbarButton\"]"}
COMMAND: POST /session/d119162e921248fd1f7a065fe81fedfa/elements - {"using":"xpath","value":"//button[@data-kt=\"addNewRUOverflowToolbarButton\"]"}
RESULT: {"using":"xpath","value":"//button[@data-kt=\"addNewRUOverflowToolbarButton\"]"}
COMMAND: POST /session/d119162e921248fd1f7a065fe81fedfa/elements - {"using":"xpath","value":"//button[@data-kt=\"addNewRUOverflowToolbarButton\"]"}
RESULT: {"using":"xpath","value":"//button[@data-kt=\"addNewRUOverflowToolbarButton\"]"}
COMMAND: POST /session/d119162e921248fd1f7a065fe81fedfa/elements - {"using":"xpath","value":"//button[@data-kt=\"addNewRUOverflowToolbarButton\"]"}
RESULT: {"using":"xpath","value":"//button[@data-kt=\"addNewRUOverflowToolbarButton\"]"}
COMMAND: POST /session/d119162e921248fd1f7a065fe81fedfa/elements - {"using":"xpath","value":"//button[@data-kt=\"addNewRUOverflowToolbarButton\"]"}
RESULT: {"using":"xpath","value":"//button[@data-kt=\"addNewRUOverflowToolbarButton\"]"}
COMMAND: POST /session/d119162e921248fd1f7a065fe81fedfa/element - {"using":"xpath","value":"//button[@data-kt=\"addNewRUOverflowToolbarButton\"]"}
RESULT: {"using":"xpath","value":"//button[@data-kt=\"addNewRUOverflowToolbarButton\"]"}
COMMAND: POST /session/d119162e921248fd1f7a065fe81fedfa/execute/sync - {"script":"<script> [8489 bytes]","args":[{"element-6066-11e4-a52e-4f735466cecf":"f.7D8252E83238221F8080DA22DD8FFCA1.d.E14F969868A30385DC6768C134E6B01B.e.5510","ELEMENT":"f.7D8252E83238221F8080DA22DD8FFCA1.d.E14F969868A30385DC6768C134E6B01B.e.5510"}]}
RESULT: {"script":"<script> [8489 bytes]","args":[{"element-6066-11e4-a52e-4f735466cecf":"f.7D8252E83238221F8080DA22DD8FFCA1.d.E14F969868A30385DC6768C134E6B01B.e.5510","ELEMENT":"f.7D8252E83238221F8080DA22DD8FFCA1.d.E14F969868A30385DC6768C134E6B01B.e.5510"}]}
COMMAND: GET /session/d119162e921248fd1f7a065fe81fedfa/element/f.7D8252E83238221F8080DA22DD8FFCA1.d.E14F969868A30385DC6768C134E6B01B.e.5510/enabled - {}
COMMAND: GET /session/d119162e921248fd1f7a065fe81fedfa/screenshot - {}
RESULT: {}
COMMAND: POST /session/d119162e921248fd1f7a065fe81fedfa/execute/sync - {"script":"<script> [8489 bytes]","args":[{"element-6066-11e4-a52e-4f735466cecf":"f.7D8252E83238221F8080DA22DD8FFCA1.d.E14F969868A30385DC6768C134E6B01B.e.5510","ELEMENT":"f.7D8252E83238221F8080DA22DD8FFCA1.d.E14F969868A30385DC6768C134E6B01B.e.5510"}]}
COMMAND: GET /session/d119162e921248fd1f7a065fe81fedfa/screenshot - {}
RESULT: {}
RESULT: {"script":"<script> [8489 bytes]","args":[{"element-6066-11e4-a52e-4f735466cecf":"f.7D8252E83238221F8080DA22DD8FFCA1.d.E14F969868A30385DC6768C134E6B01B.e.5510","ELEMENT":"f.7D8252E83238221F8080DA22DD8FFCA1.d.E14F969868A30385DC6768C134E6B01B.e.5510"}]}
COMMAND: POST /session/d119162e921248fd1f7a065fe81fedfa/execute/sync - {"script":"<script> [5351 bytes]","args":[{"element-6066-11e4-a52e-4f735466cecf":"f.7D8252E83238221F8080DA22DD8FFCA1.d.E14F969868A30385DC6768C134E6B01B.e.5510","ELEMENT":"f.7D8252E83238221F8080DA22DD8FFCA1.d.E14F969868A30385DC6768C134E6B01B.e.5510"}]}
COMMAND: GET /session/d119162e921248fd1f7a065fe81fedfa/screenshot - {}
RESULT: {}
RESULT: {"script":"<script> [5351 bytes]","args":[{"element-6066-11e4-a52e-4f735466cecf":"f.7D8252E83238221F8080DA22DD8FFCA1.d.E14F969868A30385DC6768C134E6B01B.e.5510","ELEMENT":"f.7D8252E83238221F8080DA22DD8FFCA1.d.E14F969868A30385DC6768C134E6B01B.e.5510"}]}
COMMAND: POST /session/d119162e921248fd1f7a065fe81fedfa/element/f.7D8252E83238221F8080DA22DD8FFCA1.d.E14F969868A30385DC6768C134E6B01B.e.5510/click - {}
COMMAND: GET /session/d119162e921248fd1f7a065fe81fedfa/screenshot - {}
RESULT: {}
RESULT: {}
COMMAND: GET /session/d119162e921248fd1f7a065fe81fedfa/screenshot - {}
RESULT: {}
RESULT: {}
COMMAND: POST /session/d119162e921248fd1f7a065fe81fedfa/execute/async - {"script":"<script> [1562 bytes]","args":[{"selector":{"id":"application-manageresources-display-component---newResourceUnit--TYPE-arrow"},"wdio_ui5_key":"applicationmanageresources-display-component---newResourceUnit--TYPE-arrow"}]}
RESULT: {"script":"<script> [1562 bytes]","args":[{"selector":{"id":"application-manageresources-display-component---newResourceUnit--TYPE-arrow"},"wdio_ui5_key":"applicationmanageresources-display-component---newResourceUnit--TYPE-arrow"}]}
RESULT: undefined
COMMAND: POST /session/d119162e921248fd1f7a065fe81fedfa/element - {"using":"xpath","value":"//*[@id=\"application-manageresources-display-component---newResourceUnit--TYPE-arrow\"]"}
RESULT: {"using":"xpath","value":"//*[@id=\"application-manageresources-display-component---newResourceUnit--TYPE-arrow\"]"}
COMMAND: POST /session/d119162e921248fd1f7a065fe81fedfa/element/f.7D8252E83238221F8080DA22DD8FFCA1.d.E14F969868A30385DC6768C134E6B01B.e.5963/click - {}
RESULT: {}
COMMAND: POST /session/d119162e921248fd1f7a065fe81fedfa/element - {"using":"xpath","value":"//input[@id=\"application-manageresources-display-component---newResourceUnit--TYPE-inner\"]"}
COMMAND: GET /session/d119162e921248fd1f7a065fe81fedfa/screenshot - {}
RESULT: {"using":"xpath","value":"//input[@id=\"application-manageresources-display-component---newResourceUnit--TYPE-inner\"]"}
COMMAND: POST /session/d119162e921248fd1f7a065fe81fedfa/element/f.7D8252E83238221F8080DA22DD8FFCA1.d.E14F969868A30385DC6768C134E6B01B.e.5957/clear - {}
RESULT: {}
RESULT: {}
COMMAND: POST /session/d119162e921248fd1f7a065fe81fedfa/element/f.7D8252E83238221F8080DA22DD8FFCA1.d.E14F969868A30385DC6768C134E6B01B.e.5957/value - {"text":"Equipment"}
COMMAND: GET /session/d119162e921248fd1f7a065fe81fedfa/screenshot - {}
RESULT: {"text":"Equipment"}
COMMAND: GET /session/d119162e921248fd1f7a065fe81fedfa/screenshot - {}
RESULT: {}
RESULT: {}
COMMAND: POST /session/d119162e921248fd1f7a065fe81fedfa/actions - {"actions":[{"id":"action16","type":"key","parameters":{},"actions":[{"type":"keyDown","value":"î€‡"},{"type":"pause","duration":10},{"type":"keyUp","value":"î€‡"}]}]}
RESULT: {"actions":[{"id":"action16","type":"key","parameters":{},"actions":[{"type":"keyDown","value":"î€‡"},{"type":"pause","duration":10},{"type":"keyUp","value":"î€‡"}]}]}
COMMAND: POST /session/d119162e921248fd1f7a065fe81fedfa/execute/async - {"script":"<script> [1562 bytes]","args":[{"selector":{"id":"application-manageresources-display-component---newResourceUnit--resourceId","interaction":{"idSuffix":"inner"}},"wdio_ui5_key":"applicationmanageresources-display-component---newResourceUnit--resourceId"}]}
COMMAND: GET /session/d119162e921248fd1f7a065fe81fedfa/screenshot - {}
RESULT: {"script":"<script> [1562 bytes]","args":[{"selector":{"id":"application-manageresources-display-component---newResourceUnit--resourceId","interaction":{"idSuffix":"inner"}},"wdio_ui5_key":"applicationmanageresources-display-component---newResourceUnit--resourceId"}]}
RESULT: undefined
COMMAND: POST /session/d119162e921248fd1f7a065fe81fedfa/execute/async - {"script":"<script> [776 bytes]","args":[{"enterText":"kalifGqlJO","selector":{"id":"application-manageresources-display-component---newResourceUnit--resourceId","interaction":{"idSuffix":"inner"}},"clearTextFirst":true,"interactionType":"ENTER_TEXT"}]}
RESULT: {}
RESULT: {"script":"<script> [776 bytes]","args":[{"enterText":"kalifGqlJO","selector":{"id":"application-manageresources-display-component---newResourceUnit--resourceId","interaction":{"idSuffix":"inner"}},"clearTextFirst":true,"interactionType":"ENTER_TEXT"}]}
COMMAND: POST /session/d119162e921248fd1f7a065fe81fedfa/execute/async - {"script":"<script> [1562 bytes]","args":[{"selector":{"id":"application-manageresources-display-component---newResourceUnit--SHORT_TEXT","interaction":{"idSuffix":"inner"}},"wdio_ui5_key":"applicationmanageresources-display-component---newResourceUnit--SHORT_TEXT"}]}
RESULT: {"script":"<script> [1562 bytes]","args":[{"selector":{"id":"application-manageresources-display-component---newResourceUnit--SHORT_TEXT","interaction":{"idSuffix":"inner"}},"wdio_ui5_key":"applicationmanageresources-display-component---newResourceUnit--SHORT_TEXT"}]}
RESULT: undefined
COMMAND: POST /session/d119162e921248fd1f7a065fe81fedfa/execute/async - {"script":"<script> [776 bytes]","args":[{"enterText":"Intercompany Equipment WDIO","selector":{"id":"application-manageresources-display-component---newResourceUnit--SHORT_TEXT","interaction":{"idSuffix":"inner"}},"clearTextFirst":true,"interactionType":"ENTER_TEXT"}]}
RESULT: {"script":"<script> [776 bytes]","args":[{"enterText":"Intercompany Equipment WDIO","selector":{"id":"application-manageresources-display-component---newResourceUnit--SHORT_TEXT","interaction":{"idSuffix":"inner"}},"clearTextFirst":true,"interactionType":"ENTER_TEXT"}]}
COMMAND: POST /session/d119162e921248fd1f7a065fe81fedfa/execute/async - {"script":"<script> [1562 bytes]","args":[{"selector":{"id":"application-manageresources-display-component---newResourceUnit--BASE_UNIT_OF_MEASURE","interaction":{"idSuffix":"inner"}},"wdio_ui5_key":"applicationmanageresources-display-component---newResourceUnit--BASE_UNIT_OF_MEASURE"}]}
RESULT: {"script":"<script> [1562 bytes]","args":[{"selector":{"id":"application-manageresources-display-component---newResourceUnit--BASE_UNIT_OF_MEASURE","interaction":{"idSuffix":"inner"}},"wdio_ui5_key":"applicationmanageresources-display-component---newResourceUnit--BASE_UNIT_OF_MEASURE"}]}
RESULT: undefined
COMMAND: POST /session/d119162e921248fd1f7a065fe81fedfa/execute/async - {"script":"<script> [776 bytes]","args":[{"enterText":"Piece","selector":{"id":"application-manageresources-display-component---newResourceUnit--BASE_UNIT_OF_MEASURE","interaction":{"idSuffix":"inner"}},"clearTextFirst":true,"interactionType":"ENTER_TEXT"}]}
RESULT: {"script":"<script> [776 bytes]","args":[{"enterText":"Piece","selector":{"id":"application-manageresources-display-component---newResourceUnit--BASE_UNIT_OF_MEASURE","interaction":{"idSuffix":"inner"}},"clearTextFirst":true,"interactionType":"ENTER_TEXT"}]}
COMMAND: POST /session/d119162e921248fd1f7a065fe81fedfa/execute/async - {"script":"<script> [1562 bytes]","args":[{"selector":{"id":"application-manageresources-display-component---newResourceUnit--WEIGHT_UNIT","interaction":{"idSuffix":"inner"}},"wdio_ui5_key":"applicationmanageresources-display-component---newResourceUnit--WEIGHT_UNIT"}]}
RESULT: {"script":"<script> [1562 bytes]","args":[{"selector":{"id":"application-manageresources-display-component---newResourceUnit--WEIGHT_UNIT","interaction":{"idSuffix":"inner"}},"wdio_ui5_key":"applicationmanageresources-display-component---newResourceUnit--WEIGHT_UNIT"}]}
RESULT: undefined
COMMAND: POST /session/d119162e921248fd1f7a065fe81fedfa/execute/async - {"script":"<script> [776 bytes]","args":[{"enterText":"Gram","selector":{"id":"application-manageresources-display-component---newResourceUnit--WEIGHT_UNIT","interaction":{"idSuffix":"inner"}},"clearTextFirst":true,"interactionType":"ENTER_TEXT"}]}
RESULT: {"script":"<script> [776 bytes]","args":[{"enterText":"Gram","selector":{"id":"application-manageresources-display-component---newResourceUnit--WEIGHT_UNIT","interaction":{"idSuffix":"inner"}},"clearTextFirst":true,"interactionType":"ENTER_TEXT"}]}
COMMAND: POST /session/d119162e921248fd1f7a065fe81fedfa/execute/async - {"script":"<script> [1562 bytes]","args":[{"selector":{"id":"application-manageresources-display-component---newResourceUnit--DIMENSION_UNIT","interaction":{"idSuffix":"inner"}},"wdio_ui5_key":"applicationmanageresources-display-component---newResourceUnit--DIMENSION_UNIT"}]}
RESULT: {"script":"<script> [1562 bytes]","args":[{"selector":{"id":"application-manageresources-display-component---newResourceUnit--DIMENSION_UNIT","interaction":{"idSuffix":"inner"}},"wdio_ui5_key":"applicationmanageresources-display-component---newResourceUnit--DIMENSION_UNIT"}]}
RESULT: undefined
COMMAND: POST /session/d119162e921248fd1f7a065fe81fedfa/execute/async - {"script":"<script> [776 bytes]","args":[{"enterText":"Meter","selector":{"id":"application-manageresources-display-component---newResourceUnit--DIMENSION_UNIT","interaction":{"idSuffix":"inner"}},"clearTextFirst":true,"interactionType":"ENTER_TEXT"}]}
RESULT: {"script":"<script> [776 bytes]","args":[{"enterText":"Meter","selector":{"id":"application-manageresources-display-component---newResourceUnit--DIMENSION_UNIT","interaction":{"idSuffix":"inner"}},"clearTextFirst":true,"interactionType":"ENTER_TEXT"}]}
COMMAND: POST /session/d119162e921248fd1f7a065fe81fedfa/execute/async - {"script":"<script> [1562 bytes]","args":[{"selector":{"id":"application-manageresources-display-component---newResourceUnit--newRRUPage-anchBar-application-manageresources-display-component---newResourceUnit--control-anchor","interaction":{"idSuffix":"BDI-content"}},"wdio_ui5_key":"applicationmanageresources-display-component---newResourceUnit--newRRUPage-anchBar-application-manageresources-display-component---newResourceUnit--control-anchor"}]}
RESULT: {"script":"<script> [1562 bytes]","args":[{"selector":{"id":"application-manageresources-display-component---newResourceUnit--newRRUPage-anchBar-application-manageresources-display-component---newResourceUnit--control-anchor","interaction":{"idSuffix":"BDI-content"}},"wdio_ui5_key":"applicationmanageresources-display-component---newResourceUnit--newRRUPage-anchBar-application-manageresources-display-component---newResourceUnit--control-anchor"}]}
RESULT: undefined
COMMAND: POST /session/d119162e921248fd1f7a065fe81fedfa/element - {"using":"xpath","value":"//*[@id=\"application-manageresources-display-component---newResourceUnit--newRRUPage-anchBar-application-manageresources-display-component---newResourceUnit--control-anchor\"]"}
RESULT: {"using":"xpath","value":"//*[@id=\"application-manageresources-display-component---newResourceUnit--newRRUPage-anchBar-application-manageresources-display-component---newResourceUnit--control-anchor\"]"}
COMMAND: POST /session/d119162e921248fd1f7a065fe81fedfa/element/f.7D8252E83238221F8080DA22DD8FFCA1.d.E14F969868A30385DC6768C134E6B01B.e.6096/click - {}
RESULT: {}
COMMAND: POST /session/d119162e921248fd1f7a065fe81fedfa/execute/async - {"script":"<script> [1562 bytes]","args":[{"selector":{"id":"application-manageresources-display-component---newResourceUnit--PLANNING_GROUP","interaction":{"idSuffix":"inner"}},"wdio_ui5_key":"applicationmanageresources-display-component---newResourceUnit--PLANNING_GROUP"}]}
COMMAND: GET /session/d119162e921248fd1f7a065fe81fedfa/screenshot - {}
RESULT: {"script":"<script> [1562 bytes]","args":[{"selector":{"id":"application-manageresources-display-component---newResourceUnit--PLANNING_GROUP","interaction":{"idSuffix":"inner"}},"wdio_ui5_key":"applicationmanageresources-display-component---newResourceUnit--PLANNING_GROUP"}]}
RESULT: undefined
COMMAND: POST /session/d119162e921248fd1f7a065fe81fedfa/execute/async - {"script":"<script> [776 bytes]","args":[{"enterText":"Heavy Equi","selector":{"id":"application-manageresources-display-component---newResourceUnit--PLANNING_GROUP","interaction":{"idSuffix":"inner"}},"clearTextFirst":true,"interactionType":"ENTER_TEXT"}]}
RESULT: {}
RESULT: {"script":"<script> [776 bytes]","args":[{"enterText":"Heavy Equi","selector":{"id":"application-manageresources-display-component---newResourceUnit--PLANNING_GROUP","interaction":{"idSuffix":"inner"}},"clearTextFirst":true,"interactionType":"ENTER_TEXT"}]}
COMMAND: POST /session/d119162e921248fd1f7a065fe81fedfa/execute/async - {"script":"<script> [1562 bytes]","args":[{"selector":{"id":"application-manageresources-display-component---newResourceUnit--ITEM_TYPE-arrow"},"wdio_ui5_key":"applicationmanageresources-display-component---newResourceUnit--ITEM_TYPE-arrow"}]}
RESULT: {"script":"<script> [1562 bytes]","args":[{"selector":{"id":"application-manageresources-display-component---newResourceUnit--ITEM_TYPE-arrow"},"wdio_ui5_key":"applicationmanageresources-display-component---newResourceUnit--ITEM_TYPE-arrow"}]}
RESULT: undefined
COMMAND: POST /session/d119162e921248fd1f7a065fe81fedfa/element - {"using":"xpath","value":"//*[@id=\"application-manageresources-display-component---newResourceUnit--ITEM_TYPE-arrow\"]"}
RESULT: {"using":"xpath","value":"//*[@id=\"application-manageresources-display-component---newResourceUnit--ITEM_TYPE-arrow\"]"}
COMMAND: POST /session/d119162e921248fd1f7a065fe81fedfa/element/f.7D8252E83238221F8080DA22DD8FFCA1.d.E14F969868A30385DC6768C134E6B01B.e.6105/click - {}
RESULT: {}
COMMAND: POST /session/d119162e921248fd1f7a065fe81fedfa/element - {"using":"xpath","value":"(//span[contains(text(), \"Resource Unit\")])[2]"}
COMMAND: GET /session/d119162e921248fd1f7a065fe81fedfa/screenshot - {}
RESULT: {"using":"xpath","value":"(//span[contains(text(), \"Resource Unit\")])[2]"}
COMMAND: POST /session/d119162e921248fd1f7a065fe81fedfa/element/f.7D8252E83238221F8080DA22DD8FFCA1.d.E14F969868A30385DC6768C134E6B01B.e.6106/click - {}
RESULT: {}
RESULT: {}
COMMAND: GET /session/d119162e921248fd1f7a065fe81fedfa/screenshot - {}
RESULT: {}
COMMAND: POST /session/d119162e921248fd1f7a065fe81fedfa/element - {"using":"css selector","value":"#application-manageresources-display-component---newResourceUnit--btnAddTimeSegment"}
RESULT: {"using":"css selector","value":"#application-manageresources-display-component---newResourceUnit--btnAddTimeSegment"}
COMMAND: GET /session/d119162e921248fd1f7a065fe81fedfa/element/f.7D8252E83238221F8080DA22DD8FFCA1.d.E14F969868A30385DC6768C134E6B01B.e.6107/rect - {}
RESULT: {}
COMMAND: GET /session/d119162e921248fd1f7a065fe81fedfa/window/rect - {}
RESULT: {}
COMMAND: POST /session/d119162e921248fd1f7a065fe81fedfa/execute/sync - {"script":"<script> [92 bytes]","args":[]}
RESULT: {"script":"<script> [92 bytes]","args":[]}
COMMAND: POST /session/d119162e921248fd1f7a065fe81fedfa/actions - {"actions":[{"id":"action17","type":"wheel","parameters":{},"actions":[{"type":"scroll","x":-1888,"y":-32,"deltaX":0,"deltaY":0,"duration":0,"origin":{"element-6066-11e4-a52e-4f735466cecf":"f.7D8252E83238221F8080DA22DD8FFCA1.d.E14F969868A30385DC6768C134E6B01B.e.6107"}}]}]}
COMMAND: GET /session/d119162e921248fd1f7a065fe81fedfa/screenshot - {}
RESULT: {}
COMMAND: POST /session/d119162e921248fd1f7a065fe81fedfa/execute/sync - {"script":"<script> [79 bytes]","args":[{"element-6066-11e4-a52e-4f735466cecf":"f.7D8252E83238221F8080DA22DD8FFCA1.d.E14F969868A30385DC6768C134E6B01B.e.6107","ELEMENT":"f.7D8252E83238221F8080DA22DD8FFCA1.d.E14F969868A30385DC6768C134E6B01B.e.6107"},{"block":"start","inline":"nearest"}]}
RESULT: {"script":"<script> [79 bytes]","args":[{"element-6066-11e4-a52e-4f735466cecf":"f.7D8252E83238221F8080DA22DD8FFCA1.d.E14F969868A30385DC6768C134E6B01B.e.6107","ELEMENT":"f.7D8252E83238221F8080DA22DD8FFCA1.d.E14F969868A30385DC6768C134E6B01B.e.6107"},{"block":"start","inline":"nearest"}]}
COMMAND: POST /session/d119162e921248fd1f7a065fe81fedfa/execute/async - {"script":"<script> [1562 bytes]","args":[{"selector":{"id":"application-manageresources-display-component---newResourceUnit--btnAddTimeSegment","interaction":{"idSuffix":"inner"}},"wdio_ui5_key":"applicationmanageresources-display-component---newResourceUnit--btnAddTimeSegment"}]}
COMMAND: GET /session/d119162e921248fd1f7a065fe81fedfa/screenshot - {}
RESULT: {"script":"<script> [1562 bytes]","args":[{"selector":{"id":"application-manageresources-display-component---newResourceUnit--btnAddTimeSegment","interaction":{"idSuffix":"inner"}},"wdio_ui5_key":"applicationmanageresources-display-component---newResourceUnit--btnAddTimeSegment"}]}
RESULT: undefined
COMMAND: POST /session/d119162e921248fd1f7a065fe81fedfa/element - {"using":"xpath","value":"//*[@id=\"application-manageresources-display-component---newResourceUnit--btnAddTimeSegment\"]"}
RESULT: {}
RESULT: {"using":"xpath","value":"//*[@id=\"application-manageresources-display-component---newResourceUnit--btnAddTimeSegment\"]"}
COMMAND: POST /session/d119162e921248fd1f7a065fe81fedfa/element/f.7D8252E83238221F8080DA22DD8FFCA1.d.E14F969868A30385DC6768C134E6B01B.e.6107/click - {}
RESULT: {}
COMMAND: GET /session/d119162e921248fd1f7a065fe81fedfa/screenshot - {}
RESULT: {}
COMMAND: POST /session/d119162e921248fd1f7a065fe81fedfa/element - {"using":"xpath","value":"//input[@id=\"application-manageresources-display-component---newResourceUnit--idRuTSAdmin-application-manageresources-display-component---newResourceUnit--RUTimeSegment-0-inner\"]"}
RESULT: {"using":"xpath","value":"//input[@id=\"application-manageresources-display-component---newResourceUnit--idRuTSAdmin-application-manageresources-display-component---newResourceUnit--RUTimeSegment-0-inner\"]"}
COMMAND: POST /session/d119162e921248fd1f7a065fe81fedfa/element/f.7D8252E83238221F8080DA22DD8FFCA1.d.E14F969868A30385DC6768C134E6B01B.e.6113/clear - {}
RESULT: {}
COMMAND: POST /session/d119162e921248fd1f7a065fe81fedfa/element/f.7D8252E83238221F8080DA22DD8FFCA1.d.E14F969868A30385DC6768C134E6B01B.e.6113/value - {"text":"562"}
COMMAND: GET /session/d119162e921248fd1f7a065fe81fedfa/screenshot - {}
RESULT: {"text":"562"}
COMMAND: GET /session/d119162e921248fd1f7a065fe81fedfa/screenshot - {}
RESULT: {}
RESULT: {}
COMMAND: POST /session/d119162e921248fd1f7a065fe81fedfa/element - {"using":"xpath","value":"//li[.//span[text()='562']]"}
RESULT: {"using":"xpath","value":"//li[.//span[text()='562']]"}
COMMAND: POST /session/d119162e921248fd1f7a065fe81fedfa/element/f.7D8252E83238221F8080DA22DD8FFCA1.d.E14F969868A30385DC6768C134E6B01B.e.6125/click - {}
RESULT: {}
COMMAND: GET /session/d119162e921248fd1f7a065fe81fedfa/screenshot - {}
RESULT: {}
COMMAND: POST /session/d119162e921248fd1f7a065fe81fedfa/element - {"using":"xpath","value":"(//span[contains(@id, \"-application-manageresources-display-component---newResourceUnit--RUTimeSegment-0-arrow\")])[6]"}
RESULT: {"using":"xpath","value":"(//span[contains(@id, \"-application-manageresources-display-component---newResourceUnit--RUTimeSegment-0-arrow\")])[6]"}
COMMAND: POST /session/d119162e921248fd1f7a065fe81fedfa/element/f.7D8252E83238221F8080DA22DD8FFCA1.d.E14F969868A30385DC6768C134E6B01B.e.6126/click - {}
RESULT: {}
COMMAND: GET /session/d119162e921248fd1f7a065fe81fedfa/screenshot - {}
RESULT: {}
COMMAND: POST /session/d119162e921248fd1f7a065fe81fedfa/element - {"using":"xpath","value":"//span[contains(text(), \"PM Order\")]"}
RESULT: {"using":"xpath","value":"//span[contains(text(), \"PM Order\")]"}
COMMAND: POST /session/d119162e921248fd1f7a065fe81fedfa/element/f.7D8252E83238221F8080DA22DD8FFCA1.d.E14F969868A30385DC6768C134E6B01B.e.6129/click - {}
RESULT: {}
COMMAND: GET /session/d119162e921248fd1f7a065fe81fedfa/screenshot - {}
RESULT: {}
COMMAND: POST /session/d119162e921248fd1f7a065fe81fedfa/element - {"using":"xpath","value":"(//span[contains(@id ,\"manageresources-display-component---newResourceUnit--RUTimeSegment-0-vhi\")])[1]"}
RESULT: {"using":"xpath","value":"(//span[contains(@id ,\"manageresources-display-component---newResourceUnit--RUTimeSegment-0-vhi\")])[1]"}
COMMAND: GET /session/d119162e921248fd1f7a065fe81fedfa/element/f.7D8252E83238221F8080DA22DD8FFCA1.d.E14F969868A30385DC6768C134E6B01B.e.6133/rect - {}
RESULT: {}
COMMAND: GET /session/d119162e921248fd1f7a065fe81fedfa/window/rect - {}
RESULT: {}
COMMAND: POST /session/d119162e921248fd1f7a065fe81fedfa/execute/sync - {"script":"<script> [92 bytes]","args":[]}
RESULT: {"script":"<script> [92 bytes]","args":[]}
COMMAND: POST /session/d119162e921248fd1f7a065fe81fedfa/actions - {"actions":[{"id":"action18","type":"wheel","parameters":{},"actions":[{"type":"scroll","x":-869,"y":-24,"deltaX":0,"deltaY":0,"duration":0,"origin":{"element-6066-11e4-a52e-4f735466cecf":"f.7D8252E83238221F8080DA22DD8FFCA1.d.E14F969868A30385DC6768C134E6B01B.e.6133"}}]}]}
COMMAND: GET /session/d119162e921248fd1f7a065fe81fedfa/screenshot - {}
RESULT: {"actions":[{"id":"action18","type":"wheel","parameters":{},"actions":[{"type":"scroll","x":-869,"y":-24,"deltaX":0,"deltaY":0,"duration":0,"origin":{"element-6066-11e4-a52e-4f735466cecf":"f.7D8252E83238221F8080DA22DD8FFCA1.d.E14F969868A30385DC6768C134E6B01B.e.6133"}}]}]}
COMMAND: DELETE /session/d119162e921248fd1f7a065fe81fedfa/actions - {}
COMMAND: GET /session/d119162e921248fd1f7a065fe81fedfa/screenshot - {}
RESULT: {}
RESULT: {}
COMMAND: GET /session/d119162e921248fd1f7a065fe81fedfa/screenshot - {}
RESULT: {}
RESULT: {}
COMMAND: POST /session/d119162e921248fd1f7a065fe81fedfa/element/f.7D8252E83238221F8080DA22DD8FFCA1.d.E14F969868A30385DC6768C134E6B01B.e.6133/click - {}
RESULT: {}
COMMAND: GET /session/d119162e921248fd1f7a065fe81fedfa/screenshot - {}
RESULT: {}
RESULT: undefined
COMMAND: POST /session/d119162e921248fd1f7a065fe81fedfa/execute/async - {"script":"<script> [776 bytes]","args":[{"enterText":"4000360","selector":{"controlType":"sap.m.SearchField","properties":{"placeholder":"Search"},"searchOpenDialogs":true,"interaction":{"idSuffix":"I"}},"clearTextFirst":true,"interactionType":"ENTER_TEXT"}]}
RESULT: {"script":"<script> [776 bytes]","args":[{"enterText":"4000360","selector":{"controlType":"sap.m.SearchField","properties":{"placeholder":"Search"},"searchOpenDialogs":true,"interaction":{"idSuffix":"I"}},"clearTextFirst":true,"interactionType":"ENTER_TEXT"}]}
COMMAND: POST /session/d119162e921248fd1f7a065fe81fedfa/actions - {"actions":[{"id":"action19","type":"key","parameters":{},"actions":[{"type":"keyDown","value":"î€‡"},{"type":"pause","duration":10},{"type":"keyUp","value":"î€‡"}]}]}
RESULT: {"actions":[{"id":"action19","type":"key","parameters":{},"actions":[{"type":"keyDown","value":"î€‡"},{"type":"pause","duration":10},{"type":"keyUp","value":"î€‡"}]}]}
COMMAND: GET /session/d119162e921248fd1f7a065fe81fedfa/screenshot - {}
RESULT: {}
COMMAND: POST /session/d119162e921248fd1f7a065fe81fedfa/element - {"using":"xpath","value":"//td/div/span[contains(text(), \"BGL Vehicles\")]"}
RESULT: {"using":"xpath","value":"//td/div/span[contains(text(), \"BGL Vehicles\")]"}
COMMAND: POST /session/d119162e921248fd1f7a065fe81fedfa/element/f.7D8252E83238221F8080DA22DD8FFCA1.d.E14F969868A30385DC6768C134E6B01B.e.6152/click - {}
RESULT: {}
COMMAND: GET /session/d119162e921248fd1f7a065fe81fedfa/screenshot - {}
RESULT: {}
COMMAND: POST /session/d119162e921248fd1f7a065fe81fedfa/element - {"using":"xpath","value":"//bdi[contains(text(), \"OK\")]"}
RESULT: {"using":"xpath","value":"//bdi[contains(text(), \"OK\")]"}
COMMAND: POST /session/d119162e921248fd1f7a065fe81fedfa/element/f.7D8252E83238221F8080DA22DD8FFCA1.d.E14F969868A30385DC6768C134E6B01B.e.6153/click - {}
RESULT: {}
COMMAND: GET /session/d119162e921248fd1f7a065fe81fedfa/screenshot - {}
RESULT: {}
COMMAND: POST /session/d119162e921248fd1f7a065fe81fedfa/execute/async - {"script":"<script> [1562 bytes]","args":[{"selector":{"id":"application-manageresources-display-component---newResourceUnit--newRRUPage-anchBar-application-manageresources-display-component---newResourceUnit--resource-anchor","interaction":{"idSuffix":"BDI-content"}},"wdio_ui5_key":"applicationmanageresources-display-component---newResourceUnit--newRRUPage-anchBar-application-manageresources-display-component---newResourceUnit--resource-anchor"}]}
RESULT: {"script":"<script> [1562 bytes]","args":[{"selector":{"id":"application-manageresources-display-component---newResourceUnit--newRRUPage-anchBar-application-manageresources-display-component---newResourceUnit--resource-anchor","interaction":{"idSuffix":"BDI-content"}},"wdio_ui5_key":"applicationmanageresources-display-component---newResourceUnit--newRRUPage-anchBar-application-manageresources-display-component---newResourceUnit--resource-anchor"}]}
RESULT: undefined
COMMAND: POST /session/d119162e921248fd1f7a065fe81fedfa/element - {"using":"xpath","value":"//*[@id=\"application-manageresources-display-component---newResourceUnit--newRRUPage-anchBar-application-manageresources-display-component---newResourceUnit--resource-anchor\"]"}
RESULT: {"using":"xpath","value":"//*[@id=\"application-manageresources-display-component---newResourceUnit--newRRUPage-anchBar-application-manageresources-display-component---newResourceUnit--resource-anchor\"]"}
COMMAND: POST /session/d119162e921248fd1f7a065fe81fedfa/element/f.7D8252E83238221F8080DA22DD8FFCA1.d.E14F969868A30385DC6768C134E6B01B.e.6157/click - {}
RESULT: {}
COMMAND: POST /session/d119162e921248fd1f7a065fe81fedfa/execute/async - {"script":"<script> [1562 bytes]","args":[{"selector":{"id":"application-manageresources-display-component---newResourceUnit--PLANNED_DELIVERY_DATE","interaction":{"idSuffix":"inner"}},"wdio_ui5_key":"applicationmanageresources-display-component---newResourceUnit--PLANNED_DELIVERY_DATE"}]}
COMMAND: GET /session/d119162e921248fd1f7a065fe81fedfa/screenshot - {}
RESULT: {"script":"<script> [1562 bytes]","args":[{"selector":{"id":"application-manageresources-display-component---newResourceUnit--PLANNED_DELIVERY_DATE","interaction":{"idSuffix":"inner"}},"wdio_ui5_key":"applicationmanageresources-display-component---newResourceUnit--PLANNED_DELIVERY_DATE"}]}
RESULT: undefined
COMMAND: POST /session/d119162e921248fd1f7a065fe81fedfa/execute/async - {"script":"<script> [6424 bytes]","args":[{"element-6066-11e4-a52e-4f735466cecf":"f.7D8252E83238221F8080DA22DD8FFCA1.d.E14F969868A30385DC6768C134E6B01B.e.6019"},"setValue",["5/5/25"]]}
RESULT: {}
RESULT: {"script":"<script> [6424 bytes]","args":[{"element-6066-11e4-a52e-4f735466cecf":"f.7D8252E83238221F8080DA22DD8FFCA1.d.E14F969868A30385DC6768C134E6B01B.e.6019"},"setValue",["5/5/25"]]}
COMMAND: POST /session/d119162e921248fd1f7a065fe81fedfa/element - {"using":"xpath","value":"//button[@data-kt=\"resourceUnitSaveButton\"]"}
RESULT: {"using":"xpath","value":"//button[@data-kt=\"resourceUnitSaveButton\"]"}
COMMAND: POST /session/d119162e921248fd1f7a065fe81fedfa/element/f.7D8252E83238221F8080DA22DD8FFCA1.d.E14F969868A30385DC6768C134E6B01B.e.5980/click - {}
RESULT: {}
COMMAND: GET /session/d119162e921248fd1f7a065fe81fedfa/screenshot - {}
RESULT: {}
COMMAND: POST /session/d119162e921248fd1f7a065fe81fedfa/element - {"using":"xpath","value":"//bdi[contains(text(), \"Close\")]"}
RESULT: {"using":"xpath","value":"//bdi[contains(text(), \"Close\")]"}
COMMAND: POST /session/d119162e921248fd1f7a065fe81fedfa/element/f.7D8252E83238221F8080DA22DD8FFCA1.d.E14F969868A30385DC6768C134E6B01B.e.6165/click - {}
RESULT: {}
COMMAND: GET /session/d119162e921248fd1f7a065fe81fedfa/screenshot - {}
RESULT: {}
COMMAND: POST /session/d119162e921248fd1f7a065fe81fedfa/element - {"using":"xpath","value":"//bdi[contains(text(), \"Edit\")]"}
RESULT: {"using":"xpath","value":"//bdi[contains(text(), \"Edit\")]"}
COMMAND: POST /session/d119162e921248fd1f7a065fe81fedfa/execute/sync - {"script":"<script> [8489 bytes]","args":[{"element-6066-11e4-a52e-4f735466cecf":"f.7D8252E83238221F8080DA22DD8FFCA1.d.E14F969868A30385DC6768C134E6B01B.e.6220","ELEMENT":"f.7D8252E83238221F8080DA22DD8FFCA1.d.E14F969868A30385DC6768C134E6B01B.e.6220"}]}
RESULT: {"script":"<script> [8489 bytes]","args":[{"element-6066-11e4-a52e-4f735466cecf":"f.7D8252E83238221F8080DA22DD8FFCA1.d.E14F969868A30385DC6768C134E6B01B.e.6220","ELEMENT":"f.7D8252E83238221F8080DA22DD8FFCA1.d.E14F969868A30385DC6768C134E6B01B.e.6220"}]}
COMMAND: POST /session/d119162e921248fd1f7a065fe81fedfa/element/f.7D8252E83238221F8080DA22DD8FFCA1.d.E14F969868A30385DC6768C134E6B01B.e.6220/click - {}
COMMAND: GET /session/d119162e921248fd1f7a065fe81fedfa/screenshot - {}
RESULT: {}
COMMAND: GET /session/d119162e921248fd1f7a065fe81fedfa/screenshot - {}
RESULT: {}
RESULT: {}
COMMAND: POST /session/d119162e921248fd1f7a065fe81fedfa/execute/async - {"script":"<script> [1562 bytes]","args":[{"selector":{"id":"application-manageresources-display-component---editResource--editRruPage-anchBar-application-manageresources-display-component---editResource--counters-anchor","interaction":{"idSuffix":"BDI-content"}},"wdio_ui5_key":"applicationmanageresources-display-component---editResource--editRruPage-anchBar-application-manageresources-display-component---editResource--counters-anchor"}]}
RESULT: {"script":"<script> [1562 bytes]","args":[{"selector":{"id":"application-manageresources-display-component---editResource--editRruPage-anchBar-application-manageresources-display-component---editResource--counters-anchor","interaction":{"idSuffix":"BDI-content"}},"wdio_ui5_key":"applicationmanageresources-display-component---editResource--editRruPage-anchBar-application-manageresources-display-component---editResource--counters-anchor"}]}
RESULT: undefined
COMMAND: POST /session/d119162e921248fd1f7a065fe81fedfa/element - {"using":"xpath","value":"//*[@id=\"application-manageresources-display-component---editResource--editRruPage-anchBar-application-manageresources-display-component---editResource--counters-anchor\"]"}
RESULT: {"using":"xpath","value":"//*[@id=\"application-manageresources-display-component---editResource--editRruPage-anchBar-application-manageresources-display-component---editResource--counters-anchor\"]"}
COMMAND: POST /session/d119162e921248fd1f7a065fe81fedfa/element/f.7D8252E83238221F8080DA22DD8FFCA1.d.E14F969868A30385DC6768C134E6B01B.e.6333/click - {}
RESULT: {}
COMMAND: GET /session/d119162e921248fd1f7a065fe81fedfa/screenshot - {}
RESULT: {}
COMMAND: POST /session/d119162e921248fd1f7a065fe81fedfa/execute/async - {"script":"<script> [1562 bytes]","args":[{"selector":{"id":"application-manageresources-display-component---editResource--btnAddCounter-img"},"wdio_ui5_key":"applicationmanageresources-display-component---editResource--btnAddCounter-img"}]}
RESULT: {"script":"<script> [1562 bytes]","args":[{"selector":{"id":"application-manageresources-display-component---editResource--btnAddCounter-img"},"wdio_ui5_key":"applicationmanageresources-display-component---editResource--btnAddCounter-img"}]}
RESULT: undefined
COMMAND: POST /session/d119162e921248fd1f7a065fe81fedfa/element - {"using":"xpath","value":"//*[@id=\"application-manageresources-display-component---editResource--btnAddCounter-img\"]"}
RESULT: {"using":"xpath","value":"//*[@id=\"application-manageresources-display-component---editResource--btnAddCounter-img\"]"}
COMMAND: POST /session/d119162e921248fd1f7a065fe81fedfa/element/f.7D8252E83238221F8080DA22DD8FFCA1.d.E14F969868A30385DC6768C134E6B01B.e.6367/click - {}
RESULT: {}
COMMAND: POST /session/d119162e921248fd1f7a065fe81fedfa/execute/async - {"script":"<script> [1562 bytes]","args":[{"selector":{"id":"application-manageresources-display-component---editResource--COUNTER_ID-application-manageresources-display-component---editResource--RUCounters-0-arrow"},"wdio_ui5_key":"applicationmanageresources-display-component---editResource--COUNTER_ID-application-manageresources-display-component---editResource--RUCounters-0-arrow"}]}
COMMAND: GET /session/d119162e921248fd1f7a065fe81fedfa/screenshot - {}
RESULT: {"script":"<script> [1562 bytes]","args":[{"selector":{"id":"application-manageresources-display-component---editResource--COUNTER_ID-application-manageresources-display-component---editResource--RUCounters-0-arrow"},"wdio_ui5_key":"applicationmanageresources-display-component---editResource--COUNTER_ID-application-manageresources-display-component---editResource--RUCounters-0-arrow"}]}
RESULT: undefined
COMMAND: POST /session/d119162e921248fd1f7a065fe81fedfa/element - {"using":"xpath","value":"//*[@id=\"application-manageresources-display-component---editResource--COUNTER_ID-application-manageresources-display-component---editResource--RUCounters-0-arrow\"]"}
RESULT: {}
RESULT: {"using":"xpath","value":"//*[@id=\"application-manageresources-display-component---editResource--COUNTER_ID-application-manageresources-display-component---editResource--RUCounters-0-arrow\"]"}
COMMAND: POST /session/d119162e921248fd1f7a065fe81fedfa/element/f.7D8252E83238221F8080DA22DD8FFCA1.d.E14F969868A30385DC6768C134E6B01B.e.6372/click - {}
RESULT: {}
COMMAND: POST /session/d119162e921248fd1f7a065fe81fedfa/execute/async - {"script":"<script> [1562 bytes]","args":[{"selector":{"controlType":"sap.m.StandardListItem","viewName":"etm.portal.ui.manageresources.view.EditResource","viewId":"application-manageresources-display-component---editResource","properties":{"title":"fuel"},"searchOpenDialogs":true,"interaction":{"idSuffix":"content"}},"wdio_ui5_key":"etmportal.ui.manageresources.view.EditResourcesap.m.StandardListItem{\"title\":\"fuel\"}"}]}
COMMAND: GET /session/d119162e921248fd1f7a065fe81fedfa/screenshot - {}
RESULT: {"script":"<script> [1562 bytes]","args":[{"selector":{"controlType":"sap.m.StandardListItem","viewName":"etm.portal.ui.manageresources.view.EditResource","viewId":"application-manageresources-display-component---editResource","properties":{"title":"fuel"},"searchOpenDialogs":true,"interaction":{"idSuffix":"content"}},"wdio_ui5_key":"etmportal.ui.manageresources.view.EditResourcesap.m.StandardListItem{\"title\":\"fuel\"}"}]}
RESULT: undefined
COMMAND: POST /session/d119162e921248fd1f7a065fe81fedfa/element - {"using":"xpath","value":"//*[@id=\"__item2590\"]"}
RESULT: {}
RESULT: {"using":"xpath","value":"//*[@id=\"__item2590\"]"}
COMMAND: POST /session/d119162e921248fd1f7a065fe81fedfa/element/f.7D8252E83238221F8080DA22DD8FFCA1.d.E14F969868A30385DC6768C134E6B01B.e.6374/click - {}
RESULT: {}
COMMAND: GET /session/d119162e921248fd1f7a065fe81fedfa/screenshot - {}
RESULT: {}
COMMAND: POST /session/d119162e921248fd1f7a065fe81fedfa/element - {"using":"xpath","value":"//button[@data-kt=\"saveButton\"]"}
RESULT: {"using":"xpath","value":"//button[@data-kt=\"saveButton\"]"}
COMMAND: POST /session/d119162e921248fd1f7a065fe81fedfa/element/f.7D8252E83238221F8080DA22DD8FFCA1.d.E14F969868A30385DC6768C134E6B01B.e.6375/click - {}
RESULT: {}
COMMAND: GET /session/d119162e921248fd1f7a065fe81fedfa/screenshot - {}
RESULT: {}
COMMAND: POST /session/d119162e921248fd1f7a065fe81fedfa/element - {"using":"xpath","value":"(//button[contains(@id ,\"actionsToolbar-overflowButton\")])[1]"}
RESULT: {"using":"xpath","value":"(//button[contains(@id ,\"actionsToolbar-overflowButton\")])[1]"}
COMMAND: POST /session/d119162e921248fd1f7a065fe81fedfa/element/f.7D8252E83238221F8080DA22DD8FFCA1.d.E14F969868A30385DC6768C134E6B01B.e.6387/click - {}
RESULT: {}
COMMAND: GET /session/d119162e921248fd1f7a065fe81fedfa/screenshot - {}
RESULT: {}
COMMAND: POST /session/d119162e921248fd1f7a065fe81fedfa/element - {"using":"xpath","value":"//button[@data-kt=\"priceInfoButton\"]"}
RESULT: {"using":"xpath","value":"//button[@data-kt=\"priceInfoButton\"]"}
COMMAND: POST /session/d119162e921248fd1f7a065fe81fedfa/element/f.7D8252E83238221F8080DA22DD8FFCA1.d.E14F969868A30385DC6768C134E6B01B.e.6389/click - {}
RESULT: {}
COMMAND: GET /session/d119162e921248fd1f7a065fe81fedfa/screenshot - {}
RESULT: {}
]]></system-out>
    </testcase>
    <testcase classname="chrome.135_0_7049_96.windows.Create_master_data_for_mixed_billing_&amp;_do_billing_calculation_US151661" name="Should create a TB pricing procedure" time="55.719">
      <system-out><![CDATA[
COMMAND: POST /session/d119162e921248fd1f7a065fe81fedfa/element - {"using":"xpath","value":"//button[@data-kt=\"addButton\"]"}
RESULT: {"using":"xpath","value":"//button[@data-kt=\"addButton\"]"}
COMMAND: POST /session/d119162e921248fd1f7a065fe81fedfa/elements - {"using":"xpath","value":"//button[@data-kt=\"addButton\"]"}
RESULT: {"using":"xpath","value":"//button[@data-kt=\"addButton\"]"}
COMMAND: POST /session/d119162e921248fd1f7a065fe81fedfa/elements - {"using":"xpath","value":"//button[@data-kt=\"addButton\"]"}
RESULT: {"using":"xpath","value":"//button[@data-kt=\"addButton\"]"}
COMMAND: POST /session/d119162e921248fd1f7a065fe81fedfa/element - {"using":"xpath","value":"//button[@data-kt=\"addButton\"]"}
RESULT: {"using":"xpath","value":"//button[@data-kt=\"addButton\"]"}
COMMAND: POST /session/d119162e921248fd1f7a065fe81fedfa/execute/sync - {"script":"<script> [8489 bytes]","args":[{"element-6066-11e4-a52e-4f735466cecf":"f.7D8252E83238221F8080DA22DD8FFCA1.d.E14F969868A30385DC6768C134E6B01B.e.6426","ELEMENT":"f.7D8252E83238221F8080DA22DD8FFCA1.d.E14F969868A30385DC6768C134E6B01B.e.6426"}]}
RESULT: {"script":"<script> [8489 bytes]","args":[{"element-6066-11e4-a52e-4f735466cecf":"f.7D8252E83238221F8080DA22DD8FFCA1.d.E14F969868A30385DC6768C134E6B01B.e.6426","ELEMENT":"f.7D8252E83238221F8080DA22DD8FFCA1.d.E14F969868A30385DC6768C134E6B01B.e.6426"}]}
COMMAND: GET /session/d119162e921248fd1f7a065fe81fedfa/element/f.7D8252E83238221F8080DA22DD8FFCA1.d.E14F969868A30385DC6768C134E6B01B.e.6426/enabled - {}
COMMAND: GET /session/d119162e921248fd1f7a065fe81fedfa/screenshot - {}
RESULT: {}
COMMAND: POST /session/d119162e921248fd1f7a065fe81fedfa/execute/sync - {"script":"<script> [8489 bytes]","args":[{"element-6066-11e4-a52e-4f735466cecf":"f.7D8252E83238221F8080DA22DD8FFCA1.d.E14F969868A30385DC6768C134E6B01B.e.6426","ELEMENT":"f.7D8252E83238221F8080DA22DD8FFCA1.d.E14F969868A30385DC6768C134E6B01B.e.6426"}]}
COMMAND: GET /session/d119162e921248fd1f7a065fe81fedfa/screenshot - {}
RESULT: {}
RESULT: {"script":"<script> [8489 bytes]","args":[{"element-6066-11e4-a52e-4f735466cecf":"f.7D8252E83238221F8080DA22DD8FFCA1.d.E14F969868A30385DC6768C134E6B01B.e.6426","ELEMENT":"f.7D8252E83238221F8080DA22DD8FFCA1.d.E14F969868A30385DC6768C134E6B01B.e.6426"}]}
COMMAND: POST /session/d119162e921248fd1f7a065fe81fedfa/execute/sync - {"script":"<script> [5351 bytes]","args":[{"element-6066-11e4-a52e-4f735466cecf":"f.7D8252E83238221F8080DA22DD8FFCA1.d.E14F969868A30385DC6768C134E6B01B.e.6426","ELEMENT":"f.7D8252E83238221F8080DA22DD8FFCA1.d.E14F969868A30385DC6768C134E6B01B.e.6426"}]}
COMMAND: GET /session/d119162e921248fd1f7a065fe81fedfa/screenshot - {}
RESULT: {}
RESULT: {"script":"<script> [5351 bytes]","args":[{"element-6066-11e4-a52e-4f735466cecf":"f.7D8252E83238221F8080DA22DD8FFCA1.d.E14F969868A30385DC6768C134E6B01B.e.6426","ELEMENT":"f.7D8252E83238221F8080DA22DD8FFCA1.d.E14F969868A30385DC6768C134E6B01B.e.6426"}]}
COMMAND: POST /session/d119162e921248fd1f7a065fe81fedfa/element/f.7D8252E83238221F8080DA22DD8FFCA1.d.E14F969868A30385DC6768C134E6B01B.e.6426/click - {}
COMMAND: GET /session/d119162e921248fd1f7a065fe81fedfa/screenshot - {}
RESULT: {}
RESULT: {}
COMMAND: GET /session/d119162e921248fd1f7a065fe81fedfa/screenshot - {}
RESULT: {}
RESULT: {}
COMMAND: POST /session/d119162e921248fd1f7a065fe81fedfa/execute/async - {"script":"<script> [1562 bytes]","args":[{"selector":{"controlType":"sap.m.Title","viewName":"etm.portal.ui.managepricingrules.view.NewItem","viewId":"application-managepricingrules-display-component---newInfoPriceItem","properties":{"text":"New Pricing Rules - Item Level"}},"wdio_ui5_key":"etmportal.ui.managepricingrules.view.NewItemsap.m.Title{\"text\":\"New Pricing Rules - Item Level\"}"}]}
RESULT: {"script":"<script> [1562 bytes]","args":[{"selector":{"controlType":"sap.m.Title","viewName":"etm.portal.ui.managepricingrules.view.NewItem","viewId":"application-managepricingrules-display-component---newInfoPriceItem","properties":{"text":"New Pricing Rules - Item Level"}},"wdio_ui5_key":"etmportal.ui.managepricingrules.view.NewItemsap.m.Title{\"text\":\"New Pricing Rules - Item Level\"}"}]}
RESULT: undefined
COMMAND: POST /session/d119162e921248fd1f7a065fe81fedfa/execute/async - {"script":"<script> [6424 bytes]","args":[{"element-6066-11e4-a52e-4f735466cecf":"f.7D8252E83238221F8080DA22DD8FFCA1.d.E14F969868A30385DC6768C134E6B01B.e.6603"},"getText",[]]}
RESULT: {"script":"<script> [6424 bytes]","args":[{"element-6066-11e4-a52e-4f735466cecf":"f.7D8252E83238221F8080DA22DD8FFCA1.d.E14F969868A30385DC6768C134E6B01B.e.6603"},"getText",[]]}
COMMAND: POST /session/d119162e921248fd1f7a065fe81fedfa/execute/async - {"script":"<script> [1562 bytes]","args":[{"selector":{"id":"application-managepricingrules-display-component---newInfoPriceItem--condValidTo","interaction":{"idSuffix":"inner"}},"wdio_ui5_key":"applicationmanagepricingrules-display-component---newInfoPriceItem--condValidTo"}]}
RESULT: {"script":"<script> [1562 bytes]","args":[{"selector":{"id":"application-managepricingrules-display-component---newInfoPriceItem--condValidTo","interaction":{"idSuffix":"inner"}},"wdio_ui5_key":"applicationmanagepricingrules-display-component---newInfoPriceItem--condValidTo"}]}
RESULT: undefined
COMMAND: POST /session/d119162e921248fd1f7a065fe81fedfa/execute/async - {"script":"<script> [776 bytes]","args":[{"enterText":"01/05/26","selector":{"id":"application-managepricingrules-display-component---newInfoPriceItem--condValidTo","interaction":{"idSuffix":"inner"}},"clearTextFirst":true,"interactionType":"ENTER_TEXT"}]}
RESULT: {"script":"<script> [776 bytes]","args":[{"enterText":"01/05/26","selector":{"id":"application-managepricingrules-display-component---newInfoPriceItem--condValidTo","interaction":{"idSuffix":"inner"}},"clearTextFirst":true,"interactionType":"ENTER_TEXT"}]}
COMMAND: POST /session/d119162e921248fd1f7a065fe81fedfa/execute/async - {"script":"<script> [1562 bytes]","args":[{"selector":{"id":"application-managepricingrules-display-component---newInfoPriceItem--billType-arrow"},"wdio_ui5_key":"applicationmanagepricingrules-display-component---newInfoPriceItem--billType-arrow"}]}
RESULT: {"script":"<script> [1562 bytes]","args":[{"selector":{"id":"application-managepricingrules-display-component---newInfoPriceItem--billType-arrow"},"wdio_ui5_key":"applicationmanagepricingrules-display-component---newInfoPriceItem--billType-arrow"}]}
RESULT: undefined
COMMAND: POST /session/d119162e921248fd1f7a065fe81fedfa/element - {"using":"xpath","value":"//*[@id=\"application-managepricingrules-display-component---newInfoPriceItem--billType-arrow\"]"}
RESULT: {"using":"xpath","value":"//*[@id=\"application-managepricingrules-display-component---newInfoPriceItem--billType-arrow\"]"}
COMMAND: POST /session/d119162e921248fd1f7a065fe81fedfa/element/f.7D8252E83238221F8080DA22DD8FFCA1.d.E14F969868A30385DC6768C134E6B01B.e.6562/click - {}
RESULT: {}
COMMAND: POST /session/d119162e921248fd1f7a065fe81fedfa/element - {"using":"xpath","value":"//span[contains(text(), \"TB - Time based\")]"}
COMMAND: GET /session/d119162e921248fd1f7a065fe81fedfa/screenshot - {}
RESULT: {"using":"xpath","value":"//span[contains(text(), \"TB - Time based\")]"}
COMMAND: POST /session/d119162e921248fd1f7a065fe81fedfa/element/f.7D8252E83238221F8080DA22DD8FFCA1.d.E14F969868A30385DC6768C134E6B01B.e.6605/click - {}
RESULT: {}
RESULT: {}
COMMAND: POST /session/d119162e921248fd1f7a065fe81fedfa/execute/async - {"script":"<script> [1562 bytes]","args":[{"selector":{"id":"application-managepricingrules-display-component---newInfoPriceItem--priceProc-arrow"},"wdio_ui5_key":"applicationmanagepricingrules-display-component---newInfoPriceItem--priceProc-arrow"}]}
COMMAND: GET /session/d119162e921248fd1f7a065fe81fedfa/screenshot - {}
RESULT: {"script":"<script> [1562 bytes]","args":[{"selector":{"id":"application-managepricingrules-display-component---newInfoPriceItem--priceProc-arrow"},"wdio_ui5_key":"applicationmanagepricingrules-display-component---newInfoPriceItem--priceProc-arrow"}]}
RESULT: undefined
COMMAND: POST /session/d119162e921248fd1f7a065fe81fedfa/element - {"using":"xpath","value":"//*[@id=\"application-managepricingrules-display-component---newInfoPriceItem--priceProc-arrow\"]"}
RESULT: {}
RESULT: {"using":"xpath","value":"//*[@id=\"application-managepricingrules-display-component---newInfoPriceItem--priceProc-arrow\"]"}
COMMAND: POST /session/d119162e921248fd1f7a065fe81fedfa/element/f.7D8252E83238221F8080DA22DD8FFCA1.d.E14F969868A30385DC6768C134E6B01B.e.6569/click - {}
RESULT: {}
COMMAND: POST /session/d119162e921248fd1f7a065fe81fedfa/element - {"using":"xpath","value":"//span[contains(text(), \"TB - Time based BGL\")]"}
COMMAND: GET /session/d119162e921248fd1f7a065fe81fedfa/screenshot - {}
RESULT: {"using":"xpath","value":"//span[contains(text(), \"TB - Time based BGL\")]"}
COMMAND: POST /session/d119162e921248fd1f7a065fe81fedfa/element/f.7D8252E83238221F8080DA22DD8FFCA1.d.E14F969868A30385DC6768C134E6B01B.e.6606/click - {}
RESULT: {}
RESULT: {}
COMMAND: POST /session/d119162e921248fd1f7a065fe81fedfa/execute/async - {"script":"<script> [1562 bytes]","args":[{"selector":{"id":"application-managepricingrules-display-component---newInfoPriceItem--calcBase-arrow"},"wdio_ui5_key":"applicationmanagepricingrules-display-component---newInfoPriceItem--calcBase-arrow"}]}
COMMAND: GET /session/d119162e921248fd1f7a065fe81fedfa/screenshot - {}
RESULT: {"script":"<script> [1562 bytes]","args":[{"selector":{"id":"application-managepricingrules-display-component---newInfoPriceItem--calcBase-arrow"},"wdio_ui5_key":"applicationmanagepricingrules-display-component---newInfoPriceItem--calcBase-arrow"}]}
RESULT: undefined
COMMAND: POST /session/d119162e921248fd1f7a065fe81fedfa/element - {"using":"xpath","value":"//*[@id=\"application-managepricingrules-display-component---newInfoPriceItem--calcBase-arrow\"]"}
RESULT: {}
RESULT: {"using":"xpath","value":"//*[@id=\"application-managepricingrules-display-component---newInfoPriceItem--calcBase-arrow\"]"}
COMMAND: POST /session/d119162e921248fd1f7a065fe81fedfa/element/f.7D8252E83238221F8080DA22DD8FFCA1.d.E14F969868A30385DC6768C134E6B01B.e.6576/click - {}
RESULT: {}
COMMAND: GET /session/d119162e921248fd1f7a065fe81fedfa/screenshot - {}
RESULT: {}
COMMAND: POST /session/d119162e921248fd1f7a065fe81fedfa/element - {"using":"xpath","value":"//span[contains(text(), \"0006 - TB(calendar days)\")]"}
RESULT: {"using":"xpath","value":"//span[contains(text(), \"0006 - TB(calendar days)\")]"}
COMMAND: POST /session/d119162e921248fd1f7a065fe81fedfa/element/f.7D8252E83238221F8080DA22DD8FFCA1.d.E14F969868A30385DC6768C134E6B01B.e.6607/click - {}
RESULT: {}
COMMAND: GET /session/d119162e921248fd1f7a065fe81fedfa/screenshot - {}
RESULT: {}
COMMAND: POST /session/d119162e921248fd1f7a065fe81fedfa/execute/async - {"script":"<script> [1562 bytes]","args":[{"selector":{"id":"application-managepricingrules-display-component---newInfoPriceItem--hoursMonth","interaction":{"idSuffix":"inner"}},"wdio_ui5_key":"applicationmanagepricingrules-display-component---newInfoPriceItem--hoursMonth"}]}
RESULT: {"script":"<script> [1562 bytes]","args":[{"selector":{"id":"application-managepricingrules-display-component---newInfoPriceItem--hoursMonth","interaction":{"idSuffix":"inner"}},"wdio_ui5_key":"applicationmanagepricingrules-display-component---newInfoPriceItem--hoursMonth"}]}
RESULT: undefined
COMMAND: POST /session/d119162e921248fd1f7a065fe81fedfa/execute/async - {"script":"<script> [776 bytes]","args":[{"enterText":"160","selector":{"id":"application-managepricingrules-display-component---newInfoPriceItem--hoursMonth","interaction":{"idSuffix":"inner"}},"clearTextFirst":true,"interactionType":"ENTER_TEXT"}]}
RESULT: {"script":"<script> [776 bytes]","args":[{"enterText":"160","selector":{"id":"application-managepricingrules-display-component---newInfoPriceItem--hoursMonth","interaction":{"idSuffix":"inner"}},"clearTextFirst":true,"interactionType":"ENTER_TEXT"}]}
COMMAND: POST /session/d119162e921248fd1f7a065fe81fedfa/execute/async - {"script":"<script> [1562 bytes]","args":[{"selector":{"id":"application-managepricingrules-display-component---newInfoPriceItem--daysMonth","interaction":{"idSuffix":"inner"}},"wdio_ui5_key":"applicationmanagepricingrules-display-component---newInfoPriceItem--daysMonth"}]}
RESULT: {"script":"<script> [1562 bytes]","args":[{"selector":{"id":"application-managepricingrules-display-component---newInfoPriceItem--daysMonth","interaction":{"idSuffix":"inner"}},"wdio_ui5_key":"applicationmanagepricingrules-display-component---newInfoPriceItem--daysMonth"}]}
RESULT: undefined
COMMAND: POST /session/d119162e921248fd1f7a065fe81fedfa/execute/async - {"script":"<script> [776 bytes]","args":[{"enterText":"30","selector":{"id":"application-managepricingrules-display-component---newInfoPriceItem--daysMonth","interaction":{"idSuffix":"inner"}},"clearTextFirst":true,"interactionType":"ENTER_TEXT"}]}
RESULT: {"script":"<script> [776 bytes]","args":[{"enterText":"30","selector":{"id":"application-managepricingrules-display-component---newInfoPriceItem--daysMonth","interaction":{"idSuffix":"inner"}},"clearTextFirst":true,"interactionType":"ENTER_TEXT"}]}
COMMAND: POST /session/d119162e921248fd1f7a065fe81fedfa/element - {"using":"xpath","value":"//button[@data-kt=\"saveNewRuleButton\"]"}
RESULT: {"using":"xpath","value":"//button[@data-kt=\"saveNewRuleButton\"]"}
COMMAND: POST /session/d119162e921248fd1f7a065fe81fedfa/element/f.7D8252E83238221F8080DA22DD8FFCA1.d.E14F969868A30385DC6768C134E6B01B.e.6596/click - {}
RESULT: {}
COMMAND: GET /session/d119162e921248fd1f7a065fe81fedfa/screenshot - {}
RESULT: {}
COMMAND: POST /session/d119162e921248fd1f7a065fe81fedfa/execute/async - {"script":"<script> [1562 bytes]","args":[{"selector":{"id":"application-managepricingrules-display-component---priceInfoItem--smartFilterBar-btnBasicSearch","interaction":{"idSuffix":"I"}},"wdio_ui5_key":"applicationmanagepricingrules-display-component---priceInfoItem--smartFilterBar-btnBasicSearch"}]}
RESULT: {"script":"<script> [1562 bytes]","args":[{"selector":{"id":"application-managepricingrules-display-component---priceInfoItem--smartFilterBar-btnBasicSearch","interaction":{"idSuffix":"I"}},"wdio_ui5_key":"applicationmanagepricingrules-display-component---priceInfoItem--smartFilterBar-btnBasicSearch"}]}
RESULT: undefined
COMMAND: POST /session/d119162e921248fd1f7a065fe81fedfa/execute/async - {"script":"<script> [776 bytes]","args":[{"enterText":"kalifGqlJO","selector":{"id":"application-managepricingrules-display-component---priceInfoItem--smartFilterBar-btnBasicSearch","interaction":{"idSuffix":"I"}},"clearTextFirst":true,"interactionType":"ENTER_TEXT"}]}
RESULT: {"script":"<script> [776 bytes]","args":[{"enterText":"kalifGqlJO","selector":{"id":"application-managepricingrules-display-component---priceInfoItem--smartFilterBar-btnBasicSearch","interaction":{"idSuffix":"I"}},"clearTextFirst":true,"interactionType":"ENTER_TEXT"}]}
COMMAND: POST /session/d119162e921248fd1f7a065fe81fedfa/actions - {"actions":[{"id":"action20","type":"key","parameters":{},"actions":[{"type":"keyDown","value":"î€‡"},{"type":"pause","duration":10},{"type":"keyUp","value":"î€‡"}]}]}
RESULT: {"actions":[{"id":"action20","type":"key","parameters":{},"actions":[{"type":"keyDown","value":"î€‡"},{"type":"pause","duration":10},{"type":"keyUp","value":"î€‡"}]}]}
COMMAND: GET /session/d119162e921248fd1f7a065fe81fedfa/screenshot - {}
RESULT: {}
COMMAND: POST /session/d119162e921248fd1f7a065fe81fedfa/element - {"using":"xpath","value":"//span[@id=\"application-managepricingrules-display-component---priceInfoItem--smartTable-header-inner\"]"}
RESULT: {"using":"xpath","value":"//span[@id=\"application-managepricingrules-display-component---priceInfoItem--smartTable-header-inner\"]"}
COMMAND: POST /session/d119162e921248fd1f7a065fe81fedfa/elements - {"using":"xpath","value":"//span[@id=\"application-managepricingrules-display-component---priceInfoItem--smartTable-header-inner\"]"}
RESULT: {"using":"xpath","value":"//span[@id=\"application-managepricingrules-display-component---priceInfoItem--smartTable-header-inner\"]"}
COMMAND: POST /session/d119162e921248fd1f7a065fe81fedfa/execute/sync - {"script":"<script> [56 bytes]","args":[{"element-6066-11e4-a52e-4f735466cecf":"f.7D8252E83238221F8080DA22DD8FFCA1.d.E14F969868A30385DC6768C134E6B01B.e.6621","ELEMENT":"f.7D8252E83238221F8080DA22DD8FFCA1.d.E14F969868A30385DC6768C134E6B01B.e.6621"}]}
RESULT: {"script":"<script> [56 bytes]","args":[{"element-6066-11e4-a52e-4f735466cecf":"f.7D8252E83238221F8080DA22DD8FFCA1.d.E14F969868A30385DC6768C134E6B01B.e.6621","ELEMENT":"f.7D8252E83238221F8080DA22DD8FFCA1.d.E14F969868A30385DC6768C134E6B01B.e.6621"}]}
COMMAND: POST /session/d119162e921248fd1f7a065fe81fedfa/element - {"using":"css selector","value":"#shell-header-logo"}
COMMAND: GET /session/d119162e921248fd1f7a065fe81fedfa/screenshot - {}
RESULT: {"using":"css selector","value":"#shell-header-logo"}
COMMAND: POST /session/d119162e921248fd1f7a065fe81fedfa/element/f.7D8252E83238221F8080DA22DD8FFCA1.d.E14F969868A30385DC6768C134E6B01B.e.5471/click - {}
RESULT: {}
RESULT: {}
COMMAND: GET /session/d119162e921248fd1f7a065fe81fedfa/screenshot - {}
RESULT: {}
]]></system-out>
    </testcase>
    <testcase classname="chrome.135_0_7049_96.windows.Create_master_data_for_mixed_billing_&amp;_do_billing_calculation_US151661" name="Should add one time condition" time="66.469">
      <system-out><![CDATA[
COMMAND: POST /session/d119162e921248fd1f7a065fe81fedfa/execute/async - {"script":"<script> [1562 bytes]","args":[{"selector":{"controlType":"sap.m.Text","properties":{"text":"Manage Conditions & Prices"},"interaction":{"idSuffix":"inner"}},"wdio_ui5_key":"sapm.Text{\"text\":\"Manage Conditions & Prices\"}"}]}
RESULT: {"script":"<script> [1562 bytes]","args":[{"selector":{"controlType":"sap.m.Text","properties":{"text":"Manage Conditions & Prices"},"interaction":{"idSuffix":"inner"}},"wdio_ui5_key":"sapm.Text{\"text\":\"Manage Conditions & Prices\"}"}]}
RESULT: undefined
COMMAND: POST /session/d119162e921248fd1f7a065fe81fedfa/element - {"using":"xpath","value":"//*[@id=\"__tile53-title\"]"}
RESULT: {"using":"xpath","value":"//*[@id=\"__tile53-title\"]"}
COMMAND: POST /session/d119162e921248fd1f7a065fe81fedfa/element/f.7D8252E83238221F8080DA22DD8FFCA1.d.E14F969868A30385DC6768C134E6B01B.e.6624/click - {}
RESULT: {}
COMMAND: POST /session/d119162e921248fd1f7a065fe81fedfa/element - {"using":"xpath","value":"//button[@aria-label=\"Create\"]"}
COMMAND: GET /session/d119162e921248fd1f7a065fe81fedfa/screenshot - {}
RESULT: {"using":"xpath","value":"//button[@aria-label=\"Create\"]"}
COMMAND: POST /session/d119162e921248fd1f7a065fe81fedfa/elements - {"using":"xpath","value":"//button[@aria-label=\"Create\"]"}
RESULT: {}
RESULT: {"using":"xpath","value":"//button[@aria-label=\"Create\"]"}
COMMAND: POST /session/d119162e921248fd1f7a065fe81fedfa/elements - {"using":"xpath","value":"//button[@aria-label=\"Create\"]"}
RESULT: {"using":"xpath","value":"//button[@aria-label=\"Create\"]"}
COMMAND: POST /session/d119162e921248fd1f7a065fe81fedfa/elements - {"using":"xpath","value":"//button[@aria-label=\"Create\"]"}
RESULT: {"using":"xpath","value":"//button[@aria-label=\"Create\"]"}
COMMAND: POST /session/d119162e921248fd1f7a065fe81fedfa/elements - {"using":"xpath","value":"//button[@aria-label=\"Create\"]"}
RESULT: {"using":"xpath","value":"//button[@aria-label=\"Create\"]"}
COMMAND: POST /session/d119162e921248fd1f7a065fe81fedfa/elements - {"using":"xpath","value":"//button[@aria-label=\"Create\"]"}
RESULT: {"using":"xpath","value":"//button[@aria-label=\"Create\"]"}
COMMAND: POST /session/d119162e921248fd1f7a065fe81fedfa/elements - {"using":"xpath","value":"//button[@aria-label=\"Create\"]"}
RESULT: {"using":"xpath","value":"//button[@aria-label=\"Create\"]"}
COMMAND: POST /session/d119162e921248fd1f7a065fe81fedfa/elements - {"using":"xpath","value":"//button[@aria-label=\"Create\"]"}
RESULT: {"using":"xpath","value":"//button[@aria-label=\"Create\"]"}
COMMAND: POST /session/d119162e921248fd1f7a065fe81fedfa/elements - {"using":"xpath","value":"//button[@aria-label=\"Create\"]"}
RESULT: {"using":"xpath","value":"//button[@aria-label=\"Create\"]"}
COMMAND: POST /session/d119162e921248fd1f7a065fe81fedfa/elements - {"using":"xpath","value":"//button[@aria-label=\"Create\"]"}
RESULT: {"using":"xpath","value":"//button[@aria-label=\"Create\"]"}
COMMAND: POST /session/d119162e921248fd1f7a065fe81fedfa/elements - {"using":"xpath","value":"//button[@aria-label=\"Create\"]"}
RESULT: {"using":"xpath","value":"//button[@aria-label=\"Create\"]"}
COMMAND: POST /session/d119162e921248fd1f7a065fe81fedfa/elements - {"using":"xpath","value":"//button[@aria-label=\"Create\"]"}
RESULT: {"using":"xpath","value":"//button[@aria-label=\"Create\"]"}
COMMAND: POST /session/d119162e921248fd1f7a065fe81fedfa/elements - {"using":"xpath","value":"//button[@aria-label=\"Create\"]"}
RESULT: {"using":"xpath","value":"//button[@aria-label=\"Create\"]"}
COMMAND: POST /session/d119162e921248fd1f7a065fe81fedfa/elements - {"using":"xpath","value":"//button[@aria-label=\"Create\"]"}
RESULT: {"using":"xpath","value":"//button[@aria-label=\"Create\"]"}
COMMAND: POST /session/d119162e921248fd1f7a065fe81fedfa/element - {"using":"xpath","value":"//button[@aria-label=\"Create\"]"}
RESULT: {"using":"xpath","value":"//button[@aria-label=\"Create\"]"}
COMMAND: POST /session/d119162e921248fd1f7a065fe81fedfa/execute/sync - {"script":"<script> [8489 bytes]","args":[{"element-6066-11e4-a52e-4f735466cecf":"f.7D8252E83238221F8080DA22DD8FFCA1.d.E14F969868A30385DC6768C134E6B01B.e.6660","ELEMENT":"f.7D8252E83238221F8080DA22DD8FFCA1.d.E14F969868A30385DC6768C134E6B01B.e.6660"}]}
RESULT: {"script":"<script> [8489 bytes]","args":[{"element-6066-11e4-a52e-4f735466cecf":"f.7D8252E83238221F8080DA22DD8FFCA1.d.E14F969868A30385DC6768C134E6B01B.e.6660","ELEMENT":"f.7D8252E83238221F8080DA22DD8FFCA1.d.E14F969868A30385DC6768C134E6B01B.e.6660"}]}
COMMAND: GET /session/d119162e921248fd1f7a065fe81fedfa/element/f.7D8252E83238221F8080DA22DD8FFCA1.d.E14F969868A30385DC6768C134E6B01B.e.6660/enabled - {}
COMMAND: GET /session/d119162e921248fd1f7a065fe81fedfa/screenshot - {}
RESULT: {}
COMMAND: POST /session/d119162e921248fd1f7a065fe81fedfa/execute/sync - {"script":"<script> [8489 bytes]","args":[{"element-6066-11e4-a52e-4f735466cecf":"f.7D8252E83238221F8080DA22DD8FFCA1.d.E14F969868A30385DC6768C134E6B01B.e.6660","ELEMENT":"f.7D8252E83238221F8080DA22DD8FFCA1.d.E14F969868A30385DC6768C134E6B01B.e.6660"}]}
COMMAND: GET /session/d119162e921248fd1f7a065fe81fedfa/screenshot - {}
RESULT: {}
RESULT: {"script":"<script> [8489 bytes]","args":[{"element-6066-11e4-a52e-4f735466cecf":"f.7D8252E83238221F8080DA22DD8FFCA1.d.E14F969868A30385DC6768C134E6B01B.e.6660","ELEMENT":"f.7D8252E83238221F8080DA22DD8FFCA1.d.E14F969868A30385DC6768C134E6B01B.e.6660"}]}
COMMAND: POST /session/d119162e921248fd1f7a065fe81fedfa/execute/sync - {"script":"<script> [5351 bytes]","args":[{"element-6066-11e4-a52e-4f735466cecf":"f.7D8252E83238221F8080DA22DD8FFCA1.d.E14F969868A30385DC6768C134E6B01B.e.6660","ELEMENT":"f.7D8252E83238221F8080DA22DD8FFCA1.d.E14F969868A30385DC6768C134E6B01B.e.6660"}]}
COMMAND: GET /session/d119162e921248fd1f7a065fe81fedfa/screenshot - {}
RESULT: {}
RESULT: {"script":"<script> [5351 bytes]","args":[{"element-6066-11e4-a52e-4f735466cecf":"f.7D8252E83238221F8080DA22DD8FFCA1.d.E14F969868A30385DC6768C134E6B01B.e.6660","ELEMENT":"f.7D8252E83238221F8080DA22DD8FFCA1.d.E14F969868A30385DC6768C134E6B01B.e.6660"}]}
COMMAND: POST /session/d119162e921248fd1f7a065fe81fedfa/element/f.7D8252E83238221F8080DA22DD8FFCA1.d.E14F969868A30385DC6768C134E6B01B.e.6660/click - {}
COMMAND: GET /session/d119162e921248fd1f7a065fe81fedfa/screenshot - {}
RESULT: {}
RESULT: {}
COMMAND: GET /session/d119162e921248fd1f7a065fe81fedfa/screenshot - {}
RESULT: {}
RESULT: {}
COMMAND: POST /session/d119162e921248fd1f7a065fe81fedfa/actions - {"actions":[{"id":"action21","type":"key","parameters":{},"actions":[{"type":"keyDown","value":"î€‡"},{"type":"pause","duration":10},{"type":"keyUp","value":"î€‡"}]}]}
RESULT: {"actions":[{"id":"action21","type":"key","parameters":{},"actions":[{"type":"keyDown","value":"î€‡"},{"type":"pause","duration":10},{"type":"keyUp","value":"î€‡"}]}]}
COMMAND: GET /session/d119162e921248fd1f7a065fe81fedfa/screenshot - {}
RESULT: {}
COMMAND: POST /session/d119162e921248fd1f7a065fe81fedfa/execute/async - {"script":"<script> [1562 bytes]","args":[{"selector":{"id":"application-manageconditionprice-display-component---newCondition--condBillCond-arrow"},"wdio_ui5_key":"applicationmanageconditionprice-display-component---newCondition--condBillCond-arrow"}]}
RESULT: {"script":"<script> [1562 bytes]","args":[{"selector":{"id":"application-manageconditionprice-display-component---newCondition--condBillCond-arrow"},"wdio_ui5_key":"applicationmanageconditionprice-display-component---newCondition--condBillCond-arrow"}]}
RESULT: undefined
COMMAND: POST /session/d119162e921248fd1f7a065fe81fedfa/element - {"using":"xpath","value":"//*[@id=\"application-manageconditionprice-display-component---newCondition--condBillCond-arrow\"]"}
RESULT: {"using":"xpath","value":"//*[@id=\"application-manageconditionprice-display-component---newCondition--condBillCond-arrow\"]"}
COMMAND: POST /session/d119162e921248fd1f7a065fe81fedfa/element/f.7D8252E83238221F8080DA22DD8FFCA1.d.E14F969868A30385DC6768C134E6B01B.e.6875/click - {}
RESULT: {}
COMMAND: GET /session/d119162e921248fd1f7a065fe81fedfa/screenshot - {}
RESULT: {}
COMMAND: POST /session/d119162e921248fd1f7a065fe81fedfa/element - {"using":"xpath","value":"//li[.//span[contains(text(), \"SAPR - Sales price\")]]"}
RESULT: {"using":"xpath","value":"//li[.//span[contains(text(), \"SAPR - Sales price\")]]"}
COMMAND: POST /session/d119162e921248fd1f7a065fe81fedfa/element/f.7D8252E83238221F8080DA22DD8FFCA1.d.E14F969868A30385DC6768C134E6B01B.e.6878/click - {}
RESULT: {}
COMMAND: GET /session/d119162e921248fd1f7a065fe81fedfa/screenshot - {}
RESULT: {}
COMMAND: POST /session/d119162e921248fd1f7a065fe81fedfa/execute/async - {"script":"<script> [1562 bytes]","args":[{"selector":{"id":"application-manageconditionprice-display-component---newCondition--condValidTo","interaction":{"idSuffix":"inner"}},"wdio_ui5_key":"applicationmanageconditionprice-display-component---newCondition--condValidTo"}]}
RESULT: {"script":"<script> [1562 bytes]","args":[{"selector":{"id":"application-manageconditionprice-display-component---newCondition--condValidTo","interaction":{"idSuffix":"inner"}},"wdio_ui5_key":"applicationmanageconditionprice-display-component---newCondition--condValidTo"}]}
RESULT: undefined
COMMAND: POST /session/d119162e921248fd1f7a065fe81fedfa/execute/async - {"script":"<script> [776 bytes]","args":[{"enterText":"01/05/26","selector":{"id":"application-manageconditionprice-display-component---newCondition--condValidTo","interaction":{"idSuffix":"inner"}},"clearTextFirst":true,"interactionType":"ENTER_TEXT"}]}
RESULT: {"script":"<script> [776 bytes]","args":[{"enterText":"01/05/26","selector":{"id":"application-manageconditionprice-display-component---newCondition--condValidTo","interaction":{"idSuffix":"inner"}},"clearTextFirst":true,"interactionType":"ENTER_TEXT"}]}
COMMAND: POST /session/d119162e921248fd1f7a065fe81fedfa/element - {"using":"xpath","value":"//input[@id=\"application-manageconditionprice-display-component---newCondition--condRU-inner\"]"}
RESULT: {"using":"xpath","value":"//input[@id=\"application-manageconditionprice-display-component---newCondition--condRU-inner\"]"}
COMMAND: POST /session/d119162e921248fd1f7a065fe81fedfa/element/f.7D8252E83238221F8080DA22DD8FFCA1.d.E14F969868A30385DC6768C134E6B01B.e.6739/clear - {}
RESULT: {}
COMMAND: POST /session/d119162e921248fd1f7a065fe81fedfa/element/f.7D8252E83238221F8080DA22DD8FFCA1.d.E14F969868A30385DC6768C134E6B01B.e.6739/value - {"text":"kalifGqlJO"}
COMMAND: GET /session/d119162e921248fd1f7a065fe81fedfa/screenshot - {}
RESULT: {"text":"kalifGqlJO"}
COMMAND: GET /session/d119162e921248fd1f7a065fe81fedfa/screenshot - {}
RESULT: {}
RESULT: {}
COMMAND: POST /session/d119162e921248fd1f7a065fe81fedfa/actions - {"actions":[{"id":"action22","type":"key","parameters":{},"actions":[{"type":"keyDown","value":"î€‡"},{"type":"pause","duration":10},{"type":"keyUp","value":"î€‡"}]}]}
RESULT: {"actions":[{"id":"action22","type":"key","parameters":{},"actions":[{"type":"keyDown","value":"î€‡"},{"type":"pause","duration":10},{"type":"keyUp","value":"î€‡"}]}]}
COMMAND: POST /session/d119162e921248fd1f7a065fe81fedfa/execute/async - {"script":"<script> [1562 bytes]","args":[{"selector":{"id":"application-manageconditionprice-display-component---newCondition--condBaseQty","interaction":{"idSuffix":"inner"}},"wdio_ui5_key":"applicationmanageconditionprice-display-component---newCondition--condBaseQty"}]}
COMMAND: GET /session/d119162e921248fd1f7a065fe81fedfa/screenshot - {}
RESULT: {"script":"<script> [1562 bytes]","args":[{"selector":{"id":"application-manageconditionprice-display-component---newCondition--condBaseQty","interaction":{"idSuffix":"inner"}},"wdio_ui5_key":"applicationmanageconditionprice-display-component---newCondition--condBaseQty"}]}
RESULT: undefined
COMMAND: POST /session/d119162e921248fd1f7a065fe81fedfa/execute/async - {"script":"<script> [776 bytes]","args":[{"enterText":"1","selector":{"id":"application-manageconditionprice-display-component---newCondition--condBaseQty","interaction":{"idSuffix":"inner"}},"clearTextFirst":true,"interactionType":"ENTER_TEXT"}]}
RESULT: {}
RESULT: {"script":"<script> [776 bytes]","args":[{"enterText":"1","selector":{"id":"application-manageconditionprice-display-component---newCondition--condBaseQty","interaction":{"idSuffix":"inner"}},"clearTextFirst":true,"interactionType":"ENTER_TEXT"}]}
COMMAND: POST /session/d119162e921248fd1f7a065fe81fedfa/execute/async - {"script":"<script> [1562 bytes]","args":[{"selector":{"id":"application-manageconditionprice-display-component---newCondition--condValue","interaction":{"idSuffix":"inner"}},"wdio_ui5_key":"applicationmanageconditionprice-display-component---newCondition--condValue"}]}
RESULT: {"script":"<script> [1562 bytes]","args":[{"selector":{"id":"application-manageconditionprice-display-component---newCondition--condValue","interaction":{"idSuffix":"inner"}},"wdio_ui5_key":"applicationmanageconditionprice-display-component---newCondition--condValue"}]}
RESULT: undefined
COMMAND: POST /session/d119162e921248fd1f7a065fe81fedfa/execute/async - {"script":"<script> [776 bytes]","args":[{"enterText":"200","selector":{"id":"application-manageconditionprice-display-component---newCondition--condValue","interaction":{"idSuffix":"inner"}},"clearTextFirst":true,"interactionType":"ENTER_TEXT"}]}
RESULT: {"script":"<script> [776 bytes]","args":[{"enterText":"200","selector":{"id":"application-manageconditionprice-display-component---newCondition--condValue","interaction":{"idSuffix":"inner"}},"clearTextFirst":true,"interactionType":"ENTER_TEXT"}]}
COMMAND: POST /session/d119162e921248fd1f7a065fe81fedfa/execute/async - {"script":"<script> [1562 bytes]","args":[{"selector":{"id":"application-manageconditionprice-display-component---newCondition--condCurr-arrow"},"wdio_ui5_key":"applicationmanageconditionprice-display-component---newCondition--condCurr-arrow"}]}
RESULT: {"script":"<script> [1562 bytes]","args":[{"selector":{"id":"application-manageconditionprice-display-component---newCondition--condCurr-arrow"},"wdio_ui5_key":"applicationmanageconditionprice-display-component---newCondition--condCurr-arrow"}]}
RESULT: undefined
COMMAND: POST /session/d119162e921248fd1f7a065fe81fedfa/element - {"using":"xpath","value":"//*[@id=\"application-manageconditionprice-display-component---newCondition--condCurr-arrow\"]"}
RESULT: {"using":"xpath","value":"//*[@id=\"application-manageconditionprice-display-component---newCondition--condCurr-arrow\"]"}
COMMAND: POST /session/d119162e921248fd1f7a065fe81fedfa/element/f.7D8252E83238221F8080DA22DD8FFCA1.d.E14F969868A30385DC6768C134E6B01B.e.6847/click - {}
RESULT: {}
COMMAND: POST /session/d119162e921248fd1f7a065fe81fedfa/element - {"using":"xpath","value":"//span[contains(text(), \"Euro\")]"}
COMMAND: GET /session/d119162e921248fd1f7a065fe81fedfa/screenshot - {}
RESULT: {"using":"xpath","value":"//span[contains(text(), \"Euro\")]"}
COMMAND: POST /session/d119162e921248fd1f7a065fe81fedfa/element/f.7D8252E83238221F8080DA22DD8FFCA1.d.E14F969868A30385DC6768C134E6B01B.e.6914/click - {}
RESULT: {}
RESULT: {}
COMMAND: POST /session/d119162e921248fd1f7a065fe81fedfa/element - {"using":"xpath","value":"//button[@data-kt=\"saveButton\"]"}
COMMAND: GET /session/d119162e921248fd1f7a065fe81fedfa/screenshot - {}
RESULT: {"using":"xpath","value":"//button[@data-kt=\"saveButton\"]"}
COMMAND: POST /session/d119162e921248fd1f7a065fe81fedfa/element/f.7D8252E83238221F8080DA22DD8FFCA1.d.E14F969868A30385DC6768C134E6B01B.e.6848/click - {}
RESULT: {}
RESULT: {}
COMMAND: GET /session/d119162e921248fd1f7a065fe81fedfa/screenshot - {}
RESULT: {}
COMMAND: POST /session/d119162e921248fd1f7a065fe81fedfa/execute/async - {"script":"<script> [1562 bytes]","args":[{"selector":{"id":"application-manageconditionprice-display-component---conditions--smartFilterBar-btnBasicSearch","interaction":{"idSuffix":"I"}},"wdio_ui5_key":"applicationmanageconditionprice-display-component---conditions--smartFilterBar-btnBasicSearch"}]}
RESULT: {"script":"<script> [1562 bytes]","args":[{"selector":{"id":"application-manageconditionprice-display-component---conditions--smartFilterBar-btnBasicSearch","interaction":{"idSuffix":"I"}},"wdio_ui5_key":"applicationmanageconditionprice-display-component---conditions--smartFilterBar-btnBasicSearch"}]}
RESULT: undefined
COMMAND: POST /session/d119162e921248fd1f7a065fe81fedfa/execute/async - {"script":"<script> [776 bytes]","args":[{"enterText":"kalifGqlJO","selector":{"id":"application-manageconditionprice-display-component---conditions--smartFilterBar-btnBasicSearch","interaction":{"idSuffix":"I"}},"clearTextFirst":true,"interactionType":"ENTER_TEXT"}]}
RESULT: {"script":"<script> [776 bytes]","args":[{"enterText":"kalifGqlJO","selector":{"id":"application-manageconditionprice-display-component---conditions--smartFilterBar-btnBasicSearch","interaction":{"idSuffix":"I"}},"clearTextFirst":true,"interactionType":"ENTER_TEXT"}]}
COMMAND: POST /session/d119162e921248fd1f7a065fe81fedfa/actions - {"actions":[{"id":"action23","type":"key","parameters":{},"actions":[{"type":"keyDown","value":"î€‡"},{"type":"pause","duration":10},{"type":"keyUp","value":"î€‡"}]}]}
RESULT: {"actions":[{"id":"action23","type":"key","parameters":{},"actions":[{"type":"keyDown","value":"î€‡"},{"type":"pause","duration":10},{"type":"keyUp","value":"î€‡"}]}]}
COMMAND: GET /session/d119162e921248fd1f7a065fe81fedfa/screenshot - {}
RESULT: {}
COMMAND: POST /session/d119162e921248fd1f7a065fe81fedfa/execute/async - {"script":"<script> [1562 bytes]","args":[{"selector":{"id":"application-manageconditionprice-display-component---conditions--smartFilterBar-filterItemControl_BASIC-BILL_TYPES-vhi"},"wdio_ui5_key":"applicationmanageconditionprice-display-component---conditions--smartFilterBar-filterItemControl_BASIC-BILL_TYPES-vhi"}]}
RESULT: {"script":"<script> [1562 bytes]","args":[{"selector":{"id":"application-manageconditionprice-display-component---conditions--smartFilterBar-filterItemControl_BASIC-BILL_TYPES-vhi"},"wdio_ui5_key":"applicationmanageconditionprice-display-component---conditions--smartFilterBar-filterItemControl_BASIC-BILL_TYPES-vhi"}]}
RESULT: undefined
COMMAND: POST /session/d119162e921248fd1f7a065fe81fedfa/element - {"using":"xpath","value":"//*[@id=\"application-manageconditionprice-display-component---conditions--smartFilterBar-filterItemControl_BASIC-BILL_TYPES-vhi\"]"}
RESULT: {"using":"xpath","value":"//*[@id=\"application-manageconditionprice-display-component---conditions--smartFilterBar-filterItemControl_BASIC-BILL_TYPES-vhi\"]"}
COMMAND: POST /session/d119162e921248fd1f7a065fe81fedfa/element/f.7D8252E83238221F8080DA22DD8FFCA1.d.E14F969868A30385DC6768C134E6B01B.e.6930/click - {}
RESULT: {}
COMMAND: POST /session/d119162e921248fd1f7a065fe81fedfa/execute/async - {"script":"<script> [1562 bytes]","args":[{"selector":{"id":"application-manageconditionprice-display-component---conditions--smartFilterBar-filterItemControl_BASIC-BILL_TYPES-valueHelpDialog-smartFilterBar-btnBasicSearch","searchOpenDialogs":true,"interaction":{"idSuffix":"I"}},"wdio_ui5_key":"applicationmanageconditionprice-display-component---conditions--smartFilterBar-filterItemControl_BASIC-BILL_TYPES-valueHelpDialog-smartFilterBar-btnBasicSearch"}]}
COMMAND: GET /session/d119162e921248fd1f7a065fe81fedfa/screenshot - {}
RESULT: {"script":"<script> [1562 bytes]","args":[{"selector":{"id":"application-manageconditionprice-display-component---conditions--smartFilterBar-filterItemControl_BASIC-BILL_TYPES-valueHelpDialog-smartFilterBar-btnBasicSearch","searchOpenDialogs":true,"interaction":{"idSuffix":"I"}},"wdio_ui5_key":"applicationmanageconditionprice-display-component---conditions--smartFilterBar-filterItemControl_BASIC-BILL_TYPES-valueHelpDialog-smartFilterBar-btnBasicSearch"}]}
RESULT: undefined
COMMAND: POST /session/d119162e921248fd1f7a065fe81fedfa/execute/async - {"script":"<script> [776 bytes]","args":[{"enterText":"one","selector":{"id":"application-manageconditionprice-display-component---conditions--smartFilterBar-filterItemControl_BASIC-BILL_TYPES-valueHelpDialog-smartFilterBar-btnBasicSearch","searchOpenDialogs":true,"interaction":{"idSuffix":"I"}},"clearTextFirst":true,"interactionType":"ENTER_TEXT"}]}
RESULT: {}
RESULT: {"script":"<script> [776 bytes]","args":[{"enterText":"one","selector":{"id":"application-manageconditionprice-display-component---conditions--smartFilterBar-filterItemControl_BASIC-BILL_TYPES-valueHelpDialog-smartFilterBar-btnBasicSearch","searchOpenDialogs":true,"interaction":{"idSuffix":"I"}},"clearTextFirst":true,"interactionType":"ENTER_TEXT"}]}
COMMAND: POST /session/d119162e921248fd1f7a065fe81fedfa/actions - {"actions":[{"id":"action24","type":"key","parameters":{},"actions":[{"type":"keyDown","value":"î€‡"},{"type":"pause","duration":10},{"type":"keyUp","value":"î€‡"}]}]}
RESULT: {"actions":[{"id":"action24","type":"key","parameters":{},"actions":[{"type":"keyDown","value":"î€‡"},{"type":"pause","duration":10},{"type":"keyUp","value":"î€‡"}]}]}
COMMAND: GET /session/d119162e921248fd1f7a065fe81fedfa/screenshot - {}
RESULT: {}
COMMAND: POST /session/d119162e921248fd1f7a065fe81fedfa/element - {"using":"xpath","value":"//div[contains(@id, 'application-manageconditionprice-display-component---conditions--smartFilterBar-filterItemControl_BASIC-BILL_TYPES-valueHelpDialog-table-rowsel0')]"}
RESULT: {"using":"xpath","value":"//div[contains(@id, 'application-manageconditionprice-display-component---conditions--smartFilterBar-filterItemControl_BASIC-BILL_TYPES-valueHelpDialog-table-rowsel0')]"}
COMMAND: POST /session/d119162e921248fd1f7a065fe81fedfa/element/f.7D8252E83238221F8080DA22DD8FFCA1.d.E14F969868A30385DC6768C134E6B01B.e.6938/click - {}
RESULT: {}
COMMAND: GET /session/d119162e921248fd1f7a065fe81fedfa/screenshot - {}
RESULT: {}
COMMAND: POST /session/d119162e921248fd1f7a065fe81fedfa/element - {"using":"xpath","value":"//bdi[contains(text(), \"OK\")]"}
RESULT: {"using":"xpath","value":"//bdi[contains(text(), \"OK\")]"}
COMMAND: POST /session/d119162e921248fd1f7a065fe81fedfa/element/f.7D8252E83238221F8080DA22DD8FFCA1.d.E14F969868A30385DC6768C134E6B01B.e.6940/click - {}
RESULT: {}
COMMAND: GET /session/d119162e921248fd1f7a065fe81fedfa/screenshot - {}
RESULT: {}
COMMAND: POST /session/d119162e921248fd1f7a065fe81fedfa/element - {"using":"xpath","value":"//span[@id=\"application-manageconditionprice-display-component---conditions--smartTable-header-inner\"]"}
RESULT: {"using":"xpath","value":"//span[@id=\"application-manageconditionprice-display-component---conditions--smartTable-header-inner\"]"}
COMMAND: POST /session/d119162e921248fd1f7a065fe81fedfa/elements - {"using":"xpath","value":"//span[@id=\"application-manageconditionprice-display-component---conditions--smartTable-header-inner\"]"}
RESULT: {"using":"xpath","value":"//span[@id=\"application-manageconditionprice-display-component---conditions--smartTable-header-inner\"]"}
COMMAND: POST /session/d119162e921248fd1f7a065fe81fedfa/execute/sync - {"script":"<script> [56 bytes]","args":[{"element-6066-11e4-a52e-4f735466cecf":"f.7D8252E83238221F8080DA22DD8FFCA1.d.E14F969868A30385DC6768C134E6B01B.e.6943","ELEMENT":"f.7D8252E83238221F8080DA22DD8FFCA1.d.E14F969868A30385DC6768C134E6B01B.e.6943"}]}
RESULT: {"script":"<script> [56 bytes]","args":[{"element-6066-11e4-a52e-4f735466cecf":"f.7D8252E83238221F8080DA22DD8FFCA1.d.E14F969868A30385DC6768C134E6B01B.e.6943","ELEMENT":"f.7D8252E83238221F8080DA22DD8FFCA1.d.E14F969868A30385DC6768C134E6B01B.e.6943"}]}
COMMAND: POST /session/d119162e921248fd1f7a065fe81fedfa/element - {"using":"css selector","value":"#shell-header-logo"}
COMMAND: GET /session/d119162e921248fd1f7a065fe81fedfa/screenshot - {}
RESULT: {"using":"css selector","value":"#shell-header-logo"}
COMMAND: POST /session/d119162e921248fd1f7a065fe81fedfa/element/f.7D8252E83238221F8080DA22DD8FFCA1.d.E14F969868A30385DC6768C134E6B01B.e.6627/click - {}
RESULT: {}
RESULT: {}
COMMAND: GET /session/d119162e921248fd1f7a065fe81fedfa/screenshot - {}
RESULT: {}
]]></system-out>
    </testcase>
    <testcase classname="chrome.135_0_7049_96.windows.Create_master_data_for_mixed_billing_&amp;_do_billing_calculation_US151661" name="Should add performance based condition" time="63.14">
      <system-out><![CDATA[
RESULT: undefined
COMMAND: POST /session/d119162e921248fd1f7a065fe81fedfa/element - {"using":"xpath","value":"//*[@id=\"__tile53-title\"]"}
RESULT: {"using":"xpath","value":"//*[@id=\"__tile53-title\"]"}
COMMAND: POST /session/d119162e921248fd1f7a065fe81fedfa/element/f.7D8252E83238221F8080DA22DD8FFCA1.d.E14F969868A30385DC6768C134E6B01B.e.6624/click - {}
RESULT: {}
COMMAND: POST /session/d119162e921248fd1f7a065fe81fedfa/element - {"using":"xpath","value":"//button[@aria-label=\"Create\"]"}
COMMAND: GET /session/d119162e921248fd1f7a065fe81fedfa/screenshot - {}
RESULT: {"using":"xpath","value":"//button[@aria-label=\"Create\"]"}
COMMAND: POST /session/d119162e921248fd1f7a065fe81fedfa/elements - {"using":"xpath","value":"//button[@aria-label=\"Create\"]"}
RESULT: {}
RESULT: {"using":"xpath","value":"//button[@aria-label=\"Create\"]"}
COMMAND: POST /session/d119162e921248fd1f7a065fe81fedfa/element - {"using":"xpath","value":"//button[@aria-label=\"Create\"]"}
RESULT: {"using":"xpath","value":"//button[@aria-label=\"Create\"]"}
COMMAND: POST /session/d119162e921248fd1f7a065fe81fedfa/execute/sync - {"script":"<script> [8489 bytes]","args":[{"element-6066-11e4-a52e-4f735466cecf":"f.7D8252E83238221F8080DA22DD8FFCA1.d.E14F969868A30385DC6768C134E6B01B.e.7007","ELEMENT":"f.7D8252E83238221F8080DA22DD8FFCA1.d.E14F969868A30385DC6768C134E6B01B.e.7007"}]}
RESULT: {"script":"<script> [8489 bytes]","args":[{"element-6066-11e4-a52e-4f735466cecf":"f.7D8252E83238221F8080DA22DD8FFCA1.d.E14F969868A30385DC6768C134E6B01B.e.7007","ELEMENT":"f.7D8252E83238221F8080DA22DD8FFCA1.d.E14F969868A30385DC6768C134E6B01B.e.7007"}]}
COMMAND: GET /session/d119162e921248fd1f7a065fe81fedfa/element/f.7D8252E83238221F8080DA22DD8FFCA1.d.E14F969868A30385DC6768C134E6B01B.e.7007/enabled - {}
COMMAND: GET /session/d119162e921248fd1f7a065fe81fedfa/screenshot - {}
RESULT: {}
COMMAND: POST /session/d119162e921248fd1f7a065fe81fedfa/execute/sync - {"script":"<script> [8489 bytes]","args":[{"element-6066-11e4-a52e-4f735466cecf":"f.7D8252E83238221F8080DA22DD8FFCA1.d.E14F969868A30385DC6768C134E6B01B.e.7007","ELEMENT":"f.7D8252E83238221F8080DA22DD8FFCA1.d.E14F969868A30385DC6768C134E6B01B.e.7007"}]}
COMMAND: GET /session/d119162e921248fd1f7a065fe81fedfa/screenshot - {}
RESULT: {}
RESULT: {"script":"<script> [8489 bytes]","args":[{"element-6066-11e4-a52e-4f735466cecf":"f.7D8252E83238221F8080DA22DD8FFCA1.d.E14F969868A30385DC6768C134E6B01B.e.7007","ELEMENT":"f.7D8252E83238221F8080DA22DD8FFCA1.d.E14F969868A30385DC6768C134E6B01B.e.7007"}]}
COMMAND: POST /session/d119162e921248fd1f7a065fe81fedfa/execute/sync - {"script":"<script> [5351 bytes]","args":[{"element-6066-11e4-a52e-4f735466cecf":"f.7D8252E83238221F8080DA22DD8FFCA1.d.E14F969868A30385DC6768C134E6B01B.e.7007","ELEMENT":"f.7D8252E83238221F8080DA22DD8FFCA1.d.E14F969868A30385DC6768C134E6B01B.e.7007"}]}
COMMAND: GET /session/d119162e921248fd1f7a065fe81fedfa/screenshot - {}
RESULT: {}
RESULT: {"script":"<script> [5351 bytes]","args":[{"element-6066-11e4-a52e-4f735466cecf":"f.7D8252E83238221F8080DA22DD8FFCA1.d.E14F969868A30385DC6768C134E6B01B.e.7007","ELEMENT":"f.7D8252E83238221F8080DA22DD8FFCA1.d.E14F969868A30385DC6768C134E6B01B.e.7007"}]}
COMMAND: POST /session/d119162e921248fd1f7a065fe81fedfa/element/f.7D8252E83238221F8080DA22DD8FFCA1.d.E14F969868A30385DC6768C134E6B01B.e.7007/click - {}
COMMAND: GET /session/d119162e921248fd1f7a065fe81fedfa/screenshot - {}
RESULT: {}
RESULT: {}
COMMAND: GET /session/d119162e921248fd1f7a065fe81fedfa/screenshot - {}
RESULT: {}
RESULT: {}
COMMAND: POST /session/d119162e921248fd1f7a065fe81fedfa/actions - {"actions":[{"id":"action25","type":"key","parameters":{},"actions":[{"type":"keyDown","value":"î€‡"},{"type":"pause","duration":10},{"type":"keyUp","value":"î€‡"}]}]}
RESULT: {"actions":[{"id":"action25","type":"key","parameters":{},"actions":[{"type":"keyDown","value":"î€‡"},{"type":"pause","duration":10},{"type":"keyUp","value":"î€‡"}]}]}
COMMAND: GET /session/d119162e921248fd1f7a065fe81fedfa/screenshot - {}
RESULT: undefined
COMMAND: POST /session/d119162e921248fd1f7a065fe81fedfa/element - {"using":"xpath","value":"//*[@id=\"application-manageconditionprice-display-component---newCondition--condBillCond-arrow\"]"}
RESULT: {}
RESULT: {"using":"xpath","value":"//*[@id=\"application-manageconditionprice-display-component---newCondition--condBillCond-arrow\"]"}
COMMAND: POST /session/d119162e921248fd1f7a065fe81fedfa/element/f.7D8252E83238221F8080DA22DD8FFCA1.d.E14F969868A30385DC6768C134E6B01B.e.7822/click - {}
RESULT: {}
COMMAND: GET /session/d119162e921248fd1f7a065fe81fedfa/screenshot - {}
COMMAND: POST /session/d119162e921248fd1f7a065fe81fedfa/element - {"using":"xpath","value":"//li[.//span[contains(text(), \"PC06 - Performance Price - fuel\")]]"}
RESULT: {}
RESULT: {"using":"xpath","value":"//li[.//span[contains(text(), \"PC06 - Performance Price - fuel\")]]"}
COMMAND: POST /session/d119162e921248fd1f7a065fe81fedfa/element/f.7D8252E83238221F8080DA22DD8FFCA1.d.E14F969868A30385DC6768C134E6B01B.e.7825/click - {}
RESULT: {}
COMMAND: GET /session/d119162e921248fd1f7a065fe81fedfa/screenshot - {}
RESULT: {}
RESULT: undefined
COMMAND: POST /session/d119162e921248fd1f7a065fe81fedfa/execute/async - {"script":"<script> [776 bytes]","args":[{"enterText":"01/05/26","selector":{"id":"application-manageconditionprice-display-component---newCondition--condValidTo","interaction":{"idSuffix":"inner"}},"clearTextFirst":true,"interactionType":"ENTER_TEXT"}]}
RESULT: {"script":"<script> [776 bytes]","args":[{"enterText":"01/05/26","selector":{"id":"application-manageconditionprice-display-component---newCondition--condValidTo","interaction":{"idSuffix":"inner"}},"clearTextFirst":true,"interactionType":"ENTER_TEXT"}]}
COMMAND: POST /session/d119162e921248fd1f7a065fe81fedfa/element - {"using":"xpath","value":"//input[@id=\"application-manageconditionprice-display-component---newCondition--condRU-inner\"]"}
RESULT: {"using":"xpath","value":"//input[@id=\"application-manageconditionprice-display-component---newCondition--condRU-inner\"]"}
COMMAND: POST /session/d119162e921248fd1f7a065fe81fedfa/element/f.7D8252E83238221F8080DA22DD8FFCA1.d.E14F969868A30385DC6768C134E6B01B.e.7505/clear - {}
RESULT: {}
COMMAND: POST /session/d119162e921248fd1f7a065fe81fedfa/element/f.7D8252E83238221F8080DA22DD8FFCA1.d.E14F969868A30385DC6768C134E6B01B.e.7505/value - {"text":"kalifGqlJO"}
COMMAND: GET /session/d119162e921248fd1f7a065fe81fedfa/screenshot - {}
RESULT: {"text":"kalifGqlJO"}
COMMAND: GET /session/d119162e921248fd1f7a065fe81fedfa/screenshot - {}
RESULT: {}
RESULT: {}
COMMAND: POST /session/d119162e921248fd1f7a065fe81fedfa/actions - {"actions":[{"id":"action26","type":"key","parameters":{},"actions":[{"type":"keyDown","value":"î€‡"},{"type":"pause","duration":10},{"type":"keyUp","value":"î€‡"}]}]}
RESULT: {"actions":[{"id":"action26","type":"key","parameters":{},"actions":[{"type":"keyDown","value":"î€‡"},{"type":"pause","duration":10},{"type":"keyUp","value":"î€‡"}]}]}
RESULT: undefined
COMMAND: POST /session/d119162e921248fd1f7a065fe81fedfa/execute/async - {"script":"<script> [776 bytes]","args":[{"enterText":"1","selector":{"id":"application-manageconditionprice-display-component---newCondition--condBaseQty","interaction":{"idSuffix":"inner"}},"clearTextFirst":true,"interactionType":"ENTER_TEXT"}]}
COMMAND: GET /session/d119162e921248fd1f7a065fe81fedfa/screenshot - {}
RESULT: {"script":"<script> [776 bytes]","args":[{"enterText":"1","selector":{"id":"application-manageconditionprice-display-component---newCondition--condBaseQty","interaction":{"idSuffix":"inner"}},"clearTextFirst":true,"interactionType":"ENTER_TEXT"}]}
RESULT: undefined
COMMAND: POST /session/d119162e921248fd1f7a065fe81fedfa/execute/async - {"script":"<script> [776 bytes]","args":[{"enterText":"10","selector":{"id":"application-manageconditionprice-display-component---newCondition--condValue","interaction":{"idSuffix":"inner"}},"clearTextFirst":true,"interactionType":"ENTER_TEXT"}]}
RESULT: {}
RESULT: {"script":"<script> [776 bytes]","args":[{"enterText":"10","selector":{"id":"application-manageconditionprice-display-component---newCondition--condValue","interaction":{"idSuffix":"inner"}},"clearTextFirst":true,"interactionType":"ENTER_TEXT"}]}
RESULT: undefined
COMMAND: POST /session/d119162e921248fd1f7a065fe81fedfa/element - {"using":"xpath","value":"//*[@id=\"application-manageconditionprice-display-component---newCondition--condCurr-arrow\"]"}
RESULT: {"using":"xpath","value":"//*[@id=\"application-manageconditionprice-display-component---newCondition--condCurr-arrow\"]"}
COMMAND: POST /session/d119162e921248fd1f7a065fe81fedfa/element/f.7D8252E83238221F8080DA22DD8FFCA1.d.E14F969868A30385DC6768C134E6B01B.e.7807/click - {}
RESULT: {}
COMMAND: POST /session/d119162e921248fd1f7a065fe81fedfa/element - {"using":"xpath","value":"//span[contains(text(), \"Euro\")]"}
COMMAND: GET /session/d119162e921248fd1f7a065fe81fedfa/screenshot - {}
RESULT: {"using":"xpath","value":"//span[contains(text(), \"Euro\")]"}
COMMAND: POST /session/d119162e921248fd1f7a065fe81fedfa/element/f.7D8252E83238221F8080DA22DD8FFCA1.d.E14F969868A30385DC6768C134E6B01B.e.7858/click - {}
RESULT: {}
RESULT: {}
COMMAND: POST /session/d119162e921248fd1f7a065fe81fedfa/element - {"using":"xpath","value":"//button[@data-kt=\"saveButton\"]"}
COMMAND: GET /session/d119162e921248fd1f7a065fe81fedfa/screenshot - {}
RESULT: {"using":"xpath","value":"//button[@data-kt=\"saveButton\"]"}
COMMAND: POST /session/d119162e921248fd1f7a065fe81fedfa/element/f.7D8252E83238221F8080DA22DD8FFCA1.d.E14F969868A30385DC6768C134E6B01B.e.7808/click - {}
RESULT: {}
RESULT: {}
COMMAND: GET /session/d119162e921248fd1f7a065fe81fedfa/screenshot - {}
RESULT: {}
RESULT: undefined
COMMAND: POST /session/d119162e921248fd1f7a065fe81fedfa/execute/async - {"script":"<script> [776 bytes]","args":[{"enterText":"kalifGqlJO","selector":{"id":"application-manageconditionprice-display-component---conditions--smartFilterBar-btnBasicSearch","interaction":{"idSuffix":"I"}},"clearTextFirst":true,"interactionType":"ENTER_TEXT"}]}
RESULT: {"script":"<script> [776 bytes]","args":[{"enterText":"kalifGqlJO","selector":{"id":"application-manageconditionprice-display-component---conditions--smartFilterBar-btnBasicSearch","interaction":{"idSuffix":"I"}},"clearTextFirst":true,"interactionType":"ENTER_TEXT"}]}
COMMAND: POST /session/d119162e921248fd1f7a065fe81fedfa/actions - {"actions":[{"id":"action27","type":"key","parameters":{},"actions":[{"type":"keyDown","value":"î€‡"},{"type":"pause","duration":10},{"type":"keyUp","value":"î€‡"}]}]}
RESULT: {"actions":[{"id":"action27","type":"key","parameters":{},"actions":[{"type":"keyDown","value":"î€‡"},{"type":"pause","duration":10},{"type":"keyUp","value":"î€‡"}]}]}
COMMAND: GET /session/d119162e921248fd1f7a065fe81fedfa/screenshot - {}
RESULT: {}
RESULT: undefined
COMMAND: POST /session/d119162e921248fd1f7a065fe81fedfa/element - {"using":"xpath","value":"//*[@id=\"application-manageconditionprice-display-component---conditions--smartFilterBar-filterItemControl_BASIC-BILL_TYPES-vhi\"]"}
RESULT: {"using":"xpath","value":"//*[@id=\"application-manageconditionprice-display-component---conditions--smartFilterBar-filterItemControl_BASIC-BILL_TYPES-vhi\"]"}
COMMAND: POST /session/d119162e921248fd1f7a065fe81fedfa/element/f.7D8252E83238221F8080DA22DD8FFCA1.d.E14F969868A30385DC6768C134E6B01B.e.7880/click - {}
RESULT: {}
RESULT: undefined
COMMAND: POST /session/d119162e921248fd1f7a065fe81fedfa/execute/async - {"script":"<script> [776 bytes]","args":[{"enterText":"PB","selector":{"id":"application-manageconditionprice-display-component---conditions--smartFilterBar-filterItemControl_BASIC-BILL_TYPES-valueHelpDialog-smartFilterBar-btnBasicSearch","searchOpenDialogs":true,"interaction":{"idSuffix":"I"}},"clearTextFirst":true,"interactionType":"ENTER_TEXT"}]}
COMMAND: GET /session/d119162e921248fd1f7a065fe81fedfa/screenshot - {}
RESULT: {"script":"<script> [776 bytes]","args":[{"enterText":"PB","selector":{"id":"application-manageconditionprice-display-component---conditions--smartFilterBar-filterItemControl_BASIC-BILL_TYPES-valueHelpDialog-smartFilterBar-btnBasicSearch","searchOpenDialogs":true,"interaction":{"idSuffix":"I"}},"clearTextFirst":true,"interactionType":"ENTER_TEXT"}]}
COMMAND: POST /session/d119162e921248fd1f7a065fe81fedfa/actions - {"actions":[{"id":"action28","type":"key","parameters":{},"actions":[{"type":"keyDown","value":"î€‡"},{"type":"pause","duration":10},{"type":"keyUp","value":"î€‡"}]}]}
RESULT: {}
RESULT: {"actions":[{"id":"action28","type":"key","parameters":{},"actions":[{"type":"keyDown","value":"î€‡"},{"type":"pause","duration":10},{"type":"keyUp","value":"î€‡"}]}]}
COMMAND: GET /session/d119162e921248fd1f7a065fe81fedfa/screenshot - {}
RESULT: {}
COMMAND: POST /session/d119162e921248fd1f7a065fe81fedfa/element - {"using":"xpath","value":"//div[contains(@id, 'application-manageconditionprice-display-component---conditions--smartFilterBar-filterItemControl_BASIC-BILL_TYPES-valueHelpDialog-table-rowsel0')]"}
RESULT: {"using":"xpath","value":"//div[contains(@id, 'application-manageconditionprice-display-component---conditions--smartFilterBar-filterItemControl_BASIC-BILL_TYPES-valueHelpDialog-table-rowsel0')]"}
COMMAND: POST /session/d119162e921248fd1f7a065fe81fedfa/element/f.7D8252E83238221F8080DA22DD8FFCA1.d.E14F969868A30385DC6768C134E6B01B.e.7888/click - {}
RESULT: {}
COMMAND: GET /session/d119162e921248fd1f7a065fe81fedfa/screenshot - {}
RESULT: {}
COMMAND: POST /session/d119162e921248fd1f7a065fe81fedfa/element - {"using":"xpath","value":"//bdi[contains(text(), \"OK\")]"}
RESULT: {"using":"xpath","value":"//bdi[contains(text(), \"OK\")]"}
COMMAND: POST /session/d119162e921248fd1f7a065fe81fedfa/element/f.7D8252E83238221F8080DA22DD8FFCA1.d.E14F969868A30385DC6768C134E6B01B.e.7890/click - {}
RESULT: {}
COMMAND: GET /session/d119162e921248fd1f7a065fe81fedfa/screenshot - {}
RESULT: {}
COMMAND: POST /session/d119162e921248fd1f7a065fe81fedfa/element - {"using":"xpath","value":"//span[@id=\"application-manageconditionprice-display-component---conditions--smartTable-header-inner\"]"}
RESULT: {"using":"xpath","value":"//span[@id=\"application-manageconditionprice-display-component---conditions--smartTable-header-inner\"]"}
COMMAND: POST /session/d119162e921248fd1f7a065fe81fedfa/elements - {"using":"xpath","value":"//span[@id=\"application-manageconditionprice-display-component---conditions--smartTable-header-inner\"]"}
RESULT: {"using":"xpath","value":"//span[@id=\"application-manageconditionprice-display-component---conditions--smartTable-header-inner\"]"}
COMMAND: POST /session/d119162e921248fd1f7a065fe81fedfa/execute/sync - {"script":"<script> [56 bytes]","args":[{"element-6066-11e4-a52e-4f735466cecf":"f.7D8252E83238221F8080DA22DD8FFCA1.d.E14F969868A30385DC6768C134E6B01B.e.7893","ELEMENT":"f.7D8252E83238221F8080DA22DD8FFCA1.d.E14F969868A30385DC6768C134E6B01B.e.7893"}]}
RESULT: {"script":"<script> [56 bytes]","args":[{"element-6066-11e4-a52e-4f735466cecf":"f.7D8252E83238221F8080DA22DD8FFCA1.d.E14F969868A30385DC6768C134E6B01B.e.7893","ELEMENT":"f.7D8252E83238221F8080DA22DD8FFCA1.d.E14F969868A30385DC6768C134E6B01B.e.7893"}]}
COMMAND: POST /session/d119162e921248fd1f7a065fe81fedfa/element - {"using":"css selector","value":"#shell-header-logo"}
COMMAND: GET /session/d119162e921248fd1f7a065fe81fedfa/screenshot - {}
RESULT: {"using":"css selector","value":"#shell-header-logo"}
COMMAND: POST /session/d119162e921248fd1f7a065fe81fedfa/element/f.7D8252E83238221F8080DA22DD8FFCA1.d.E14F969868A30385DC6768C134E6B01B.e.6950/click - {}
RESULT: {}
RESULT: {}
COMMAND: GET /session/d119162e921248fd1f7a065fe81fedfa/screenshot - {}
RESULT: {}
]]></system-out>
    </testcase>
    <testcase classname="chrome.135_0_7049_96.windows.Create_master_data_for_mixed_billing_&amp;_do_billing_calculation_US151661" name="Should add time based condition" time="69.452">
      <system-out><![CDATA[
RESULT: undefined
COMMAND: POST /session/d119162e921248fd1f7a065fe81fedfa/element - {"using":"xpath","value":"//*[@id=\"__tile53-title\"]"}
RESULT: {"using":"xpath","value":"//*[@id=\"__tile53-title\"]"}
COMMAND: POST /session/d119162e921248fd1f7a065fe81fedfa/element/f.7D8252E83238221F8080DA22DD8FFCA1.d.E14F969868A30385DC6768C134E6B01B.e.6624/click - {}
RESULT: {}
COMMAND: POST /session/d119162e921248fd1f7a065fe81fedfa/element - {"using":"xpath","value":"//button[@aria-label=\"Create\"]"}
COMMAND: GET /session/d119162e921248fd1f7a065fe81fedfa/screenshot - {}
RESULT: {"using":"xpath","value":"//button[@aria-label=\"Create\"]"}
COMMAND: POST /session/d119162e921248fd1f7a065fe81fedfa/elements - {"using":"xpath","value":"//button[@aria-label=\"Create\"]"}
RESULT: {}
RESULT: {"using":"xpath","value":"//button[@aria-label=\"Create\"]"}
COMMAND: POST /session/d119162e921248fd1f7a065fe81fedfa/element - {"using":"xpath","value":"//button[@aria-label=\"Create\"]"}
RESULT: {"using":"xpath","value":"//button[@aria-label=\"Create\"]"}
COMMAND: POST /session/d119162e921248fd1f7a065fe81fedfa/execute/sync - {"script":"<script> [8489 bytes]","args":[{"element-6066-11e4-a52e-4f735466cecf":"f.7D8252E83238221F8080DA22DD8FFCA1.d.E14F969868A30385DC6768C134E6B01B.e.7954","ELEMENT":"f.7D8252E83238221F8080DA22DD8FFCA1.d.E14F969868A30385DC6768C134E6B01B.e.7954"}]}
RESULT: {"script":"<script> [8489 bytes]","args":[{"element-6066-11e4-a52e-4f735466cecf":"f.7D8252E83238221F8080DA22DD8FFCA1.d.E14F969868A30385DC6768C134E6B01B.e.7954","ELEMENT":"f.7D8252E83238221F8080DA22DD8FFCA1.d.E14F969868A30385DC6768C134E6B01B.e.7954"}]}
COMMAND: GET /session/d119162e921248fd1f7a065fe81fedfa/element/f.7D8252E83238221F8080DA22DD8FFCA1.d.E14F969868A30385DC6768C134E6B01B.e.7954/enabled - {}
COMMAND: GET /session/d119162e921248fd1f7a065fe81fedfa/screenshot - {}
RESULT: {}
COMMAND: POST /session/d119162e921248fd1f7a065fe81fedfa/execute/sync - {"script":"<script> [8489 bytes]","args":[{"element-6066-11e4-a52e-4f735466cecf":"f.7D8252E83238221F8080DA22DD8FFCA1.d.E14F969868A30385DC6768C134E6B01B.e.7954","ELEMENT":"f.7D8252E83238221F8080DA22DD8FFCA1.d.E14F969868A30385DC6768C134E6B01B.e.7954"}]}
COMMAND: GET /session/d119162e921248fd1f7a065fe81fedfa/screenshot - {}
RESULT: {}
RESULT: {"script":"<script> [8489 bytes]","args":[{"element-6066-11e4-a52e-4f735466cecf":"f.7D8252E83238221F8080DA22DD8FFCA1.d.E14F969868A30385DC6768C134E6B01B.e.7954","ELEMENT":"f.7D8252E83238221F8080DA22DD8FFCA1.d.E14F969868A30385DC6768C134E6B01B.e.7954"}]}
COMMAND: POST /session/d119162e921248fd1f7a065fe81fedfa/execute/sync - {"script":"<script> [5351 bytes]","args":[{"element-6066-11e4-a52e-4f735466cecf":"f.7D8252E83238221F8080DA22DD8FFCA1.d.E14F969868A30385DC6768C134E6B01B.e.7954","ELEMENT":"f.7D8252E83238221F8080DA22DD8FFCA1.d.E14F969868A30385DC6768C134E6B01B.e.7954"}]}
COMMAND: GET /session/d119162e921248fd1f7a065fe81fedfa/screenshot - {}
RESULT: {}
RESULT: {"script":"<script> [5351 bytes]","args":[{"element-6066-11e4-a52e-4f735466cecf":"f.7D8252E83238221F8080DA22DD8FFCA1.d.E14F969868A30385DC6768C134E6B01B.e.7954","ELEMENT":"f.7D8252E83238221F8080DA22DD8FFCA1.d.E14F969868A30385DC6768C134E6B01B.e.7954"}]}
COMMAND: POST /session/d119162e921248fd1f7a065fe81fedfa/element/f.7D8252E83238221F8080DA22DD8FFCA1.d.E14F969868A30385DC6768C134E6B01B.e.7954/click - {}
COMMAND: GET /session/d119162e921248fd1f7a065fe81fedfa/screenshot - {}
RESULT: {}
RESULT: {}
COMMAND: GET /session/d119162e921248fd1f7a065fe81fedfa/screenshot - {}
RESULT: {}
RESULT: {}
COMMAND: POST /session/d119162e921248fd1f7a065fe81fedfa/actions - {"actions":[{"id":"action29","type":"key","parameters":{},"actions":[{"type":"keyDown","value":"î€‡"},{"type":"pause","duration":10},{"type":"keyUp","value":"î€‡"}]}]}
RESULT: {"actions":[{"id":"action29","type":"key","parameters":{},"actions":[{"type":"keyDown","value":"î€‡"},{"type":"pause","duration":10},{"type":"keyUp","value":"î€‡"}]}]}
COMMAND: GET /session/d119162e921248fd1f7a065fe81fedfa/screenshot - {}
RESULT: {}
RESULT: undefined
COMMAND: POST /session/d119162e921248fd1f7a065fe81fedfa/element - {"using":"xpath","value":"//*[@id=\"application-manageconditionprice-display-component---newCondition--condBillCond-arrow\"]"}
RESULT: {"using":"xpath","value":"//*[@id=\"application-manageconditionprice-display-component---newCondition--condBillCond-arrow\"]"}
COMMAND: POST /session/d119162e921248fd1f7a065fe81fedfa/element/f.7D8252E83238221F8080DA22DD8FFCA1.d.E14F969868A30385DC6768C134E6B01B.e.8428/click - {}
RESULT: {}
COMMAND: GET /session/d119162e921248fd1f7a065fe81fedfa/screenshot - {}
RESULT: {}
COMMAND: POST /session/d119162e921248fd1f7a065fe81fedfa/element - {"using":"xpath","value":"//li[.//span[contains(text(), \"DISP - D&I special price\")]]"}
RESULT: {"using":"xpath","value":"//li[.//span[contains(text(), \"DISP - D&I special price\")]]"}
COMMAND: POST /session/d119162e921248fd1f7a065fe81fedfa/element/f.7D8252E83238221F8080DA22DD8FFCA1.d.E14F969868A30385DC6768C134E6B01B.e.8431/click - {}
RESULT: {}
COMMAND: GET /session/d119162e921248fd1f7a065fe81fedfa/screenshot - {}
RESULT: {}
RESULT: undefined
COMMAND: POST /session/d119162e921248fd1f7a065fe81fedfa/execute/async - {"script":"<script> [776 bytes]","args":[{"enterText":"01/05/26","selector":{"id":"application-manageconditionprice-display-component---newCondition--condValidTo","interaction":{"idSuffix":"inner"}},"clearTextFirst":true,"interactionType":"ENTER_TEXT"}]}
RESULT: {"script":"<script> [776 bytes]","args":[{"enterText":"01/05/26","selector":{"id":"application-manageconditionprice-display-component---newCondition--condValidTo","interaction":{"idSuffix":"inner"}},"clearTextFirst":true,"interactionType":"ENTER_TEXT"}]}
COMMAND: POST /session/d119162e921248fd1f7a065fe81fedfa/element - {"using":"xpath","value":"//input[@id=\"application-manageconditionprice-display-component---newCondition--condRU-inner\"]"}
RESULT: {"using":"xpath","value":"//input[@id=\"application-manageconditionprice-display-component---newCondition--condRU-inner\"]"}
COMMAND: POST /session/d119162e921248fd1f7a065fe81fedfa/element/f.7D8252E83238221F8080DA22DD8FFCA1.d.E14F969868A30385DC6768C134E6B01B.e.8146/clear - {}
RESULT: {}
COMMAND: POST /session/d119162e921248fd1f7a065fe81fedfa/element/f.7D8252E83238221F8080DA22DD8FFCA1.d.E14F969868A30385DC6768C134E6B01B.e.8146/value - {"text":"kalifGqlJO"}
COMMAND: GET /session/d119162e921248fd1f7a065fe81fedfa/screenshot - {}
RESULT: {"text":"kalifGqlJO"}
COMMAND: GET /session/d119162e921248fd1f7a065fe81fedfa/screenshot - {}
RESULT: {}
RESULT: {}
COMMAND: POST /session/d119162e921248fd1f7a065fe81fedfa/actions - {"actions":[{"id":"action30","type":"key","parameters":{},"actions":[{"type":"keyDown","value":"î€‡"},{"type":"pause","duration":10},{"type":"keyUp","value":"î€‡"}]}]}
RESULT: {"actions":[{"id":"action30","type":"key","parameters":{},"actions":[{"type":"keyDown","value":"î€‡"},{"type":"pause","duration":10},{"type":"keyUp","value":"î€‡"}]}]}
RESULT: undefined
COMMAND: POST /session/d119162e921248fd1f7a065fe81fedfa/execute/async - {"script":"<script> [776 bytes]","args":[{"enterText":"1","selector":{"id":"application-manageconditionprice-display-component---newCondition--condBaseQty","interaction":{"idSuffix":"inner"}},"clearTextFirst":true,"interactionType":"ENTER_TEXT"}]}
COMMAND: GET /session/d119162e921248fd1f7a065fe81fedfa/screenshot - {}
RESULT: {"script":"<script> [776 bytes]","args":[{"enterText":"1","selector":{"id":"application-manageconditionprice-display-component---newCondition--condBaseQty","interaction":{"idSuffix":"inner"}},"clearTextFirst":true,"interactionType":"ENTER_TEXT"}]}
RESULT: undefined
COMMAND: POST /session/d119162e921248fd1f7a065fe81fedfa/execute/async - {"script":"<script> [776 bytes]","args":[{"enterText":"100","selector":{"id":"application-manageconditionprice-display-component---newCondition--condValue","interaction":{"idSuffix":"inner"}},"clearTextFirst":true,"interactionType":"ENTER_TEXT"}]}
RESULT: {}
RESULT: {"script":"<script> [776 bytes]","args":[{"enterText":"100","selector":{"id":"application-manageconditionprice-display-component---newCondition--condValue","interaction":{"idSuffix":"inner"}},"clearTextFirst":true,"interactionType":"ENTER_TEXT"}]}
RESULT: undefined
COMMAND: POST /session/d119162e921248fd1f7a065fe81fedfa/element - {"using":"xpath","value":"//*[@id=\"application-manageconditionprice-display-component---newCondition--condCurr-arrow\"]"}
RESULT: {"using":"xpath","value":"//*[@id=\"application-manageconditionprice-display-component---newCondition--condCurr-arrow\"]"}
COMMAND: POST /session/d119162e921248fd1f7a065fe81fedfa/element/f.7D8252E83238221F8080DA22DD8FFCA1.d.E14F969868A30385DC6768C134E6B01B.e.8381/click - {}
RESULT: {}
COMMAND: POST /session/d119162e921248fd1f7a065fe81fedfa/element - {"using":"xpath","value":"//span[contains(text(), \"Euro\")]"}
COMMAND: GET /session/d119162e921248fd1f7a065fe81fedfa/screenshot - {}
RESULT: {"using":"xpath","value":"//span[contains(text(), \"Euro\")]"}
COMMAND: POST /session/d119162e921248fd1f7a065fe81fedfa/element/f.7D8252E83238221F8080DA22DD8FFCA1.d.E14F969868A30385DC6768C134E6B01B.e.8466/click - {}
RESULT: {}
RESULT: {}
COMMAND: POST /session/d119162e921248fd1f7a065fe81fedfa/element - {"using":"xpath","value":"//button[@data-kt=\"saveButton\"]"}
COMMAND: GET /session/d119162e921248fd1f7a065fe81fedfa/screenshot - {}
RESULT: {"using":"xpath","value":"//button[@data-kt=\"saveButton\"]"}
COMMAND: POST /session/d119162e921248fd1f7a065fe81fedfa/element/f.7D8252E83238221F8080DA22DD8FFCA1.d.E14F969868A30385DC6768C134E6B01B.e.8382/click - {}
RESULT: {}
RESULT: {}
COMMAND: GET /session/d119162e921248fd1f7a065fe81fedfa/screenshot - {}
RESULT: {}
RESULT: undefined
COMMAND: POST /session/d119162e921248fd1f7a065fe81fedfa/execute/async - {"script":"<script> [776 bytes]","args":[{"enterText":"kalifGqlJO","selector":{"id":"application-manageconditionprice-display-component---conditions--smartFilterBar-btnBasicSearch","interaction":{"idSuffix":"I"}},"clearTextFirst":true,"interactionType":"ENTER_TEXT"}]}
RESULT: {"script":"<script> [776 bytes]","args":[{"enterText":"kalifGqlJO","selector":{"id":"application-manageconditionprice-display-component---conditions--smartFilterBar-btnBasicSearch","interaction":{"idSuffix":"I"}},"clearTextFirst":true,"interactionType":"ENTER_TEXT"}]}
COMMAND: POST /session/d119162e921248fd1f7a065fe81fedfa/actions - {"actions":[{"id":"action31","type":"key","parameters":{},"actions":[{"type":"keyDown","value":"î€‡"},{"type":"pause","duration":10},{"type":"keyUp","value":"î€‡"}]}]}
RESULT: {"actions":[{"id":"action31","type":"key","parameters":{},"actions":[{"type":"keyDown","value":"î€‡"},{"type":"pause","duration":10},{"type":"keyUp","value":"î€‡"}]}]}
COMMAND: GET /session/d119162e921248fd1f7a065fe81fedfa/screenshot - {}
RESULT: {}
RESULT: undefined
COMMAND: POST /session/d119162e921248fd1f7a065fe81fedfa/element - {"using":"xpath","value":"//*[@id=\"application-manageconditionprice-display-component---conditions--smartFilterBar-filterItemControl_BASIC-BILL_TYPES-vhi\"]"}
RESULT: {"using":"xpath","value":"//*[@id=\"application-manageconditionprice-display-component---conditions--smartFilterBar-filterItemControl_BASIC-BILL_TYPES-vhi\"]"}
COMMAND: POST /session/d119162e921248fd1f7a065fe81fedfa/element/f.7D8252E83238221F8080DA22DD8FFCA1.d.E14F969868A30385DC6768C134E6B01B.e.8503/click - {}
RESULT: {}
RESULT: undefined
COMMAND: POST /session/d119162e921248fd1f7a065fe81fedfa/execute/async - {"script":"<script> [776 bytes]","args":[{"enterText":"TB","selector":{"id":"application-manageconditionprice-display-component---conditions--smartFilterBar-filterItemControl_BASIC-BILL_TYPES-valueHelpDialog-smartFilterBar-btnBasicSearch","searchOpenDialogs":true,"interaction":{"idSuffix":"I"}},"clearTextFirst":true,"interactionType":"ENTER_TEXT"}]}
COMMAND: GET /session/d119162e921248fd1f7a065fe81fedfa/screenshot - {}
RESULT: {"script":"<script> [776 bytes]","args":[{"enterText":"TB","selector":{"id":"application-manageconditionprice-display-component---conditions--smartFilterBar-filterItemControl_BASIC-BILL_TYPES-valueHelpDialog-smartFilterBar-btnBasicSearch","searchOpenDialogs":true,"interaction":{"idSuffix":"I"}},"clearTextFirst":true,"interactionType":"ENTER_TEXT"}]}
COMMAND: POST /session/d119162e921248fd1f7a065fe81fedfa/actions - {"actions":[{"id":"action32","type":"key","parameters":{},"actions":[{"type":"keyDown","value":"î€‡"},{"type":"pause","duration":10},{"type":"keyUp","value":"î€‡"}]}]}
RESULT: {}
RESULT: {"actions":[{"id":"action32","type":"key","parameters":{},"actions":[{"type":"keyDown","value":"î€‡"},{"type":"pause","duration":10},{"type":"keyUp","value":"î€‡"}]}]}
COMMAND: GET /session/d119162e921248fd1f7a065fe81fedfa/screenshot - {}
RESULT: {}
COMMAND: POST /session/d119162e921248fd1f7a065fe81fedfa/element - {"using":"xpath","value":"//div[contains(@id, 'application-manageconditionprice-display-component---conditions--smartFilterBar-filterItemControl_BASIC-BILL_TYPES-valueHelpDialog-table-rowsel0')]"}
RESULT: {"using":"xpath","value":"//div[contains(@id, 'application-manageconditionprice-display-component---conditions--smartFilterBar-filterItemControl_BASIC-BILL_TYPES-valueHelpDialog-table-rowsel0')]"}
COMMAND: POST /session/d119162e921248fd1f7a065fe81fedfa/element/f.7D8252E83238221F8080DA22DD8FFCA1.d.E14F969868A30385DC6768C134E6B01B.e.8511/click - {}
RESULT: {}
COMMAND: GET /session/d119162e921248fd1f7a065fe81fedfa/screenshot - {}
RESULT: {}
COMMAND: POST /session/d119162e921248fd1f7a065fe81fedfa/element - {"using":"xpath","value":"//bdi[contains(text(), \"OK\")]"}
RESULT: {"using":"xpath","value":"//bdi[contains(text(), \"OK\")]"}
COMMAND: POST /session/d119162e921248fd1f7a065fe81fedfa/element/f.7D8252E83238221F8080DA22DD8FFCA1.d.E14F969868A30385DC6768C134E6B01B.e.8513/click - {}
RESULT: {}
COMMAND: GET /session/d119162e921248fd1f7a065fe81fedfa/screenshot - {}
RESULT: {}
COMMAND: POST /session/d119162e921248fd1f7a065fe81fedfa/element - {"using":"xpath","value":"//span[@id=\"application-manageconditionprice-display-component---conditions--smartTable-header-inner\"]"}
RESULT: {"using":"xpath","value":"//span[@id=\"application-manageconditionprice-display-component---conditions--smartTable-header-inner\"]"}
COMMAND: POST /session/d119162e921248fd1f7a065fe81fedfa/elements - {"using":"xpath","value":"//span[@id=\"application-manageconditionprice-display-component---conditions--smartTable-header-inner\"]"}
RESULT: {"using":"xpath","value":"//span[@id=\"application-manageconditionprice-display-component---conditions--smartTable-header-inner\"]"}
COMMAND: POST /session/d119162e921248fd1f7a065fe81fedfa/execute/sync - {"script":"<script> [56 bytes]","args":[{"element-6066-11e4-a52e-4f735466cecf":"f.7D8252E83238221F8080DA22DD8FFCA1.d.E14F969868A30385DC6768C134E6B01B.e.8521","ELEMENT":"f.7D8252E83238221F8080DA22DD8FFCA1.d.E14F969868A30385DC6768C134E6B01B.e.8521"}]}
RESULT: {"script":"<script> [56 bytes]","args":[{"element-6066-11e4-a52e-4f735466cecf":"f.7D8252E83238221F8080DA22DD8FFCA1.d.E14F969868A30385DC6768C134E6B01B.e.8521","ELEMENT":"f.7D8252E83238221F8080DA22DD8FFCA1.d.E14F969868A30385DC6768C134E6B01B.e.8521"}]}
COMMAND: POST /session/d119162e921248fd1f7a065fe81fedfa/element - {"using":"css selector","value":"#shell-header-logo"}
COMMAND: GET /session/d119162e921248fd1f7a065fe81fedfa/screenshot - {}
RESULT: {"using":"css selector","value":"#shell-header-logo"}
COMMAND: POST /session/d119162e921248fd1f7a065fe81fedfa/element/f.7D8252E83238221F8080DA22DD8FFCA1.d.E14F969868A30385DC6768C134E6B01B.e.7898/click - {}
RESULT: {}
RESULT: {}
COMMAND: GET /session/d119162e921248fd1f7a065fe81fedfa/screenshot - {}
RESULT: {}
]]></system-out>
    </testcase>
    <testcase classname="chrome.135_0_7049_96.windows.Create_master_data_for_mixed_billing_&amp;_do_billing_calculation_US151661" name="Should do a stock increase handover" time="85.981">
      <system-out><![CDATA[
COMMAND: POST /session/d119162e921248fd1f7a065fe81fedfa/execute/async - {"script":"<script> [1562 bytes]","args":[{"selector":{"controlType":"sap.m.Text","viewName":"etm.portal.ui.managehandoverstile.view.Master","properties":{"text":"Manage Handovers"},"interaction":{"idSuffix":"inner"}},"wdio_ui5_key":"etmportal.ui.managehandoverstile.view.Mastersap.m.Text{\"text\":\"Manage Handovers\"}"}]}
RESULT: {"script":"<script> [1562 bytes]","args":[{"selector":{"controlType":"sap.m.Text","viewName":"etm.portal.ui.managehandoverstile.view.Master","properties":{"text":"Manage Handovers"},"interaction":{"idSuffix":"inner"}},"wdio_ui5_key":"etmportal.ui.managehandoverstile.view.Mastersap.m.Text{\"text\":\"Manage Handovers\"}"}]}
RESULT: undefined
COMMAND: POST /session/d119162e921248fd1f7a065fe81fedfa/element - {"using":"xpath","value":"//*[@id=\"__tile133-title\"]"}
RESULT: {"using":"xpath","value":"//*[@id=\"__tile133-title\"]"}
COMMAND: POST /session/d119162e921248fd1f7a065fe81fedfa/element/f.7D8252E83238221F8080DA22DD8FFCA1.d.E14F969868A30385DC6768C134E6B01B.e.8524/click - {}
RESULT: {}
COMMAND: POST /session/d119162e921248fd1f7a065fe81fedfa/element - {"using":"xpath","value":"//button[@data-kt=\"masterHOAddButton\"]"}
COMMAND: GET /session/d119162e921248fd1f7a065fe81fedfa/screenshot - {}
RESULT: {"using":"xpath","value":"//button[@data-kt=\"masterHOAddButton\"]"}
COMMAND: POST /session/d119162e921248fd1f7a065fe81fedfa/elements - {"using":"xpath","value":"//button[@data-kt=\"masterHOAddButton\"]"}
RESULT: {}
RESULT: {"using":"xpath","value":"//button[@data-kt=\"masterHOAddButton\"]"}
COMMAND: POST /session/d119162e921248fd1f7a065fe81fedfa/elements - {"using":"xpath","value":"//button[@data-kt=\"masterHOAddButton\"]"}
RESULT: {"using":"xpath","value":"//button[@data-kt=\"masterHOAddButton\"]"}
COMMAND: POST /session/d119162e921248fd1f7a065fe81fedfa/elements - {"using":"xpath","value":"//button[@data-kt=\"masterHOAddButton\"]"}
RESULT: {"using":"xpath","value":"//button[@data-kt=\"masterHOAddButton\"]"}
COMMAND: POST /session/d119162e921248fd1f7a065fe81fedfa/elements - {"using":"xpath","value":"//button[@data-kt=\"masterHOAddButton\"]"}
RESULT: {"using":"xpath","value":"//button[@data-kt=\"masterHOAddButton\"]"}
COMMAND: POST /session/d119162e921248fd1f7a065fe81fedfa/elements - {"using":"xpath","value":"//button[@data-kt=\"masterHOAddButton\"]"}
RESULT: {"using":"xpath","value":"//button[@data-kt=\"masterHOAddButton\"]"}
COMMAND: POST /session/d119162e921248fd1f7a065fe81fedfa/elements - {"using":"xpath","value":"//button[@data-kt=\"masterHOAddButton\"]"}
RESULT: {"using":"xpath","value":"//button[@data-kt=\"masterHOAddButton\"]"}
COMMAND: POST /session/d119162e921248fd1f7a065fe81fedfa/elements - {"using":"xpath","value":"//button[@data-kt=\"masterHOAddButton\"]"}
RESULT: {"using":"xpath","value":"//button[@data-kt=\"masterHOAddButton\"]"}
COMMAND: POST /session/d119162e921248fd1f7a065fe81fedfa/elements - {"using":"xpath","value":"//button[@data-kt=\"masterHOAddButton\"]"}
RESULT: {"using":"xpath","value":"//button[@data-kt=\"masterHOAddButton\"]"}
COMMAND: POST /session/d119162e921248fd1f7a065fe81fedfa/elements - {"using":"xpath","value":"//button[@data-kt=\"masterHOAddButton\"]"}
RESULT: {"using":"xpath","value":"//button[@data-kt=\"masterHOAddButton\"]"}
COMMAND: POST /session/d119162e921248fd1f7a065fe81fedfa/elements - {"using":"xpath","value":"//button[@data-kt=\"masterHOAddButton\"]"}
RESULT: {"using":"xpath","value":"//button[@data-kt=\"masterHOAddButton\"]"}
COMMAND: POST /session/d119162e921248fd1f7a065fe81fedfa/elements - {"using":"xpath","value":"//button[@data-kt=\"masterHOAddButton\"]"}
RESULT: {"using":"xpath","value":"//button[@data-kt=\"masterHOAddButton\"]"}
COMMAND: POST /session/d119162e921248fd1f7a065fe81fedfa/elements - {"using":"xpath","value":"//button[@data-kt=\"masterHOAddButton\"]"}
RESULT: {"using":"xpath","value":"//button[@data-kt=\"masterHOAddButton\"]"}
COMMAND: POST /session/d119162e921248fd1f7a065fe81fedfa/elements - {"using":"xpath","value":"//button[@data-kt=\"masterHOAddButton\"]"}
RESULT: {"using":"xpath","value":"//button[@data-kt=\"masterHOAddButton\"]"}
COMMAND: POST /session/d119162e921248fd1f7a065fe81fedfa/elements - {"using":"xpath","value":"//button[@data-kt=\"masterHOAddButton\"]"}
RESULT: {"using":"xpath","value":"//button[@data-kt=\"masterHOAddButton\"]"}
COMMAND: POST /session/d119162e921248fd1f7a065fe81fedfa/elements - {"using":"xpath","value":"//button[@data-kt=\"masterHOAddButton\"]"}
RESULT: {"using":"xpath","value":"//button[@data-kt=\"masterHOAddButton\"]"}
COMMAND: POST /session/d119162e921248fd1f7a065fe81fedfa/elements - {"using":"xpath","value":"//button[@data-kt=\"masterHOAddButton\"]"}
RESULT: {"using":"xpath","value":"//button[@data-kt=\"masterHOAddButton\"]"}
COMMAND: POST /session/d119162e921248fd1f7a065fe81fedfa/elements - {"using":"xpath","value":"//button[@data-kt=\"masterHOAddButton\"]"}
RESULT: {"using":"xpath","value":"//button[@data-kt=\"masterHOAddButton\"]"}
COMMAND: POST /session/d119162e921248fd1f7a065fe81fedfa/elements - {"using":"xpath","value":"//button[@data-kt=\"masterHOAddButton\"]"}
RESULT: {"using":"xpath","value":"//button[@data-kt=\"masterHOAddButton\"]"}
COMMAND: POST /session/d119162e921248fd1f7a065fe81fedfa/elements - {"using":"xpath","value":"//button[@data-kt=\"masterHOAddButton\"]"}
RESULT: {"using":"xpath","value":"//button[@data-kt=\"masterHOAddButton\"]"}
COMMAND: POST /session/d119162e921248fd1f7a065fe81fedfa/elements - {"using":"xpath","value":"//button[@data-kt=\"masterHOAddButton\"]"}
RESULT: {"using":"xpath","value":"//button[@data-kt=\"masterHOAddButton\"]"}
COMMAND: POST /session/d119162e921248fd1f7a065fe81fedfa/elements - {"using":"xpath","value":"//button[@data-kt=\"masterHOAddButton\"]"}
RESULT: {"using":"xpath","value":"//button[@data-kt=\"masterHOAddButton\"]"}
COMMAND: POST /session/d119162e921248fd1f7a065fe81fedfa/elements - {"using":"xpath","value":"//button[@data-kt=\"masterHOAddButton\"]"}
RESULT: {"using":"xpath","value":"//button[@data-kt=\"masterHOAddButton\"]"}
COMMAND: POST /session/d119162e921248fd1f7a065fe81fedfa/elements - {"using":"xpath","value":"//button[@data-kt=\"masterHOAddButton\"]"}
RESULT: {"using":"xpath","value":"//button[@data-kt=\"masterHOAddButton\"]"}
COMMAND: POST /session/d119162e921248fd1f7a065fe81fedfa/elements - {"using":"xpath","value":"//button[@data-kt=\"masterHOAddButton\"]"}
RESULT: {"using":"xpath","value":"//button[@data-kt=\"masterHOAddButton\"]"}
COMMAND: POST /session/d119162e921248fd1f7a065fe81fedfa/elements - {"using":"xpath","value":"//button[@data-kt=\"masterHOAddButton\"]"}
RESULT: {"using":"xpath","value":"//button[@data-kt=\"masterHOAddButton\"]"}
COMMAND: POST /session/d119162e921248fd1f7a065fe81fedfa/elements - {"using":"xpath","value":"//button[@data-kt=\"masterHOAddButton\"]"}
RESULT: {"using":"xpath","value":"//button[@data-kt=\"masterHOAddButton\"]"}
COMMAND: POST /session/d119162e921248fd1f7a065fe81fedfa/elements - {"using":"xpath","value":"//button[@data-kt=\"masterHOAddButton\"]"}
RESULT: {"using":"xpath","value":"//button[@data-kt=\"masterHOAddButton\"]"}
COMMAND: POST /session/d119162e921248fd1f7a065fe81fedfa/elements - {"using":"xpath","value":"//button[@data-kt=\"masterHOAddButton\"]"}
RESULT: {"using":"xpath","value":"//button[@data-kt=\"masterHOAddButton\"]"}
COMMAND: POST /session/d119162e921248fd1f7a065fe81fedfa/elements - {"using":"xpath","value":"//button[@data-kt=\"masterHOAddButton\"]"}
RESULT: {"using":"xpath","value":"//button[@data-kt=\"masterHOAddButton\"]"}
COMMAND: POST /session/d119162e921248fd1f7a065fe81fedfa/element - {"using":"xpath","value":"//button[@data-kt=\"masterHOAddButton\"]"}
RESULT: {"using":"xpath","value":"//button[@data-kt=\"masterHOAddButton\"]"}
COMMAND: POST /session/d119162e921248fd1f7a065fe81fedfa/execute/sync - {"script":"<script> [8489 bytes]","args":[{"element-6066-11e4-a52e-4f735466cecf":"f.7D8252E83238221F8080DA22DD8FFCA1.d.E14F969868A30385DC6768C134E6B01B.e.8562","ELEMENT":"f.7D8252E83238221F8080DA22DD8FFCA1.d.E14F969868A30385DC6768C134E6B01B.e.8562"}]}
RESULT: {"script":"<script> [8489 bytes]","args":[{"element-6066-11e4-a52e-4f735466cecf":"f.7D8252E83238221F8080DA22DD8FFCA1.d.E14F969868A30385DC6768C134E6B01B.e.8562","ELEMENT":"f.7D8252E83238221F8080DA22DD8FFCA1.d.E14F969868A30385DC6768C134E6B01B.e.8562"}]}
COMMAND: GET /session/d119162e921248fd1f7a065fe81fedfa/element/f.7D8252E83238221F8080DA22DD8FFCA1.d.E14F969868A30385DC6768C134E6B01B.e.8562/enabled - {}
COMMAND: GET /session/d119162e921248fd1f7a065fe81fedfa/screenshot - {}
RESULT: {}
COMMAND: POST /session/d119162e921248fd1f7a065fe81fedfa/execute/sync - {"script":"<script> [8489 bytes]","args":[{"element-6066-11e4-a52e-4f735466cecf":"f.7D8252E83238221F8080DA22DD8FFCA1.d.E14F969868A30385DC6768C134E6B01B.e.8562","ELEMENT":"f.7D8252E83238221F8080DA22DD8FFCA1.d.E14F969868A30385DC6768C134E6B01B.e.8562"}]}
COMMAND: GET /session/d119162e921248fd1f7a065fe81fedfa/screenshot - {}
RESULT: {}
RESULT: {"script":"<script> [8489 bytes]","args":[{"element-6066-11e4-a52e-4f735466cecf":"f.7D8252E83238221F8080DA22DD8FFCA1.d.E14F969868A30385DC6768C134E6B01B.e.8562","ELEMENT":"f.7D8252E83238221F8080DA22DD8FFCA1.d.E14F969868A30385DC6768C134E6B01B.e.8562"}]}
COMMAND: POST /session/d119162e921248fd1f7a065fe81fedfa/execute/sync - {"script":"<script> [5351 bytes]","args":[{"element-6066-11e4-a52e-4f735466cecf":"f.7D8252E83238221F8080DA22DD8FFCA1.d.E14F969868A30385DC6768C134E6B01B.e.8562","ELEMENT":"f.7D8252E83238221F8080DA22DD8FFCA1.d.E14F969868A30385DC6768C134E6B01B.e.8562"}]}
COMMAND: GET /session/d119162e921248fd1f7a065fe81fedfa/screenshot - {}
RESULT: {}
RESULT: {"script":"<script> [5351 bytes]","args":[{"element-6066-11e4-a52e-4f735466cecf":"f.7D8252E83238221F8080DA22DD8FFCA1.d.E14F969868A30385DC6768C134E6B01B.e.8562","ELEMENT":"f.7D8252E83238221F8080DA22DD8FFCA1.d.E14F969868A30385DC6768C134E6B01B.e.8562"}]}
COMMAND: POST /session/d119162e921248fd1f7a065fe81fedfa/element/f.7D8252E83238221F8080DA22DD8FFCA1.d.E14F969868A30385DC6768C134E6B01B.e.8562/click - {}
COMMAND: GET /session/d119162e921248fd1f7a065fe81fedfa/screenshot - {}
RESULT: {}
RESULT: {}
COMMAND: GET /session/d119162e921248fd1f7a065fe81fedfa/screenshot - {}
RESULT: {}
RESULT: {}
COMMAND: POST /session/d119162e921248fd1f7a065fe81fedfa/element - {"using":"xpath","value":"//span[contains(@id ,\"AddNewHO--typeSelect-arrow\")]"}
RESULT: {"using":"xpath","value":"//span[contains(@id ,\"AddNewHO--typeSelect-arrow\")]"}
COMMAND: POST /session/d119162e921248fd1f7a065fe81fedfa/element/f.7D8252E83238221F8080DA22DD8FFCA1.d.E14F969868A30385DC6768C134E6B01B.e.8924/click - {}
RESULT: {}
COMMAND: GET /session/d119162e921248fd1f7a065fe81fedfa/screenshot - {}
RESULT: {}
COMMAND: POST /session/d119162e921248fd1f7a065fe81fedfa/element - {"using":"xpath","value":"(//li[contains(text(), \"stock increase yard\")])[1]"}
RESULT: {"using":"xpath","value":"(//li[contains(text(), \"stock increase yard\")])[1]"}
COMMAND: POST /session/d119162e921248fd1f7a065fe81fedfa/element/f.7D8252E83238221F8080DA22DD8FFCA1.d.E14F969868A30385DC6768C134E6B01B.e.8925/click - {}
RESULT: {}
COMMAND: GET /session/d119162e921248fd1f7a065fe81fedfa/screenshot - {}
RESULT: {}
COMMAND: POST /session/d119162e921248fd1f7a065fe81fedfa/execute/async - {"script":"<script> [1562 bytes]","args":[{"selector":{"id":"application-managehandovers-display-component---AddNewHO--dueDate","interaction":{"idSuffix":"inner"}},"wdio_ui5_key":"applicationmanagehandovers-display-component---AddNewHO--dueDate"}]}
RESULT: {"script":"<script> [1562 bytes]","args":[{"selector":{"id":"application-managehandovers-display-component---AddNewHO--dueDate","interaction":{"idSuffix":"inner"}},"wdio_ui5_key":"applicationmanagehandovers-display-component---AddNewHO--dueDate"}]}
RESULT: undefined
COMMAND: POST /session/d119162e921248fd1f7a065fe81fedfa/execute/async - {"script":"<script> [6424 bytes]","args":[{"element-6066-11e4-a52e-4f735466cecf":"f.7D8252E83238221F8080DA22DD8FFCA1.d.E14F969868A30385DC6768C134E6B01B.e.8927"},"setValue",["05/05/2025"]]}
RESULT: {"script":"<script> [6424 bytes]","args":[{"element-6066-11e4-a52e-4f735466cecf":"f.7D8252E83238221F8080DA22DD8FFCA1.d.E14F969868A30385DC6768C134E6B01B.e.8927"},"setValue",["05/05/2025"]]}
COMMAND: POST /session/d119162e921248fd1f7a065fe81fedfa/element - {"using":"xpath","value":"//input[@id=\"generalSectionFrg--receiveYard-inner\"]"}
RESULT: {"using":"xpath","value":"//input[@id=\"generalSectionFrg--receiveYard-inner\"]"}
COMMAND: POST /session/d119162e921248fd1f7a065fe81fedfa/element/f.7D8252E83238221F8080DA22DD8FFCA1.d.E14F969868A30385DC6768C134E6B01B.e.8933/clear - {}
RESULT: {}
COMMAND: POST /session/d119162e921248fd1f7a065fe81fedfa/element/f.7D8252E83238221F8080DA22DD8FFCA1.d.E14F969868A30385DC6768C134E6B01B.e.8933/value - {"text":"562"}
COMMAND: GET /session/d119162e921248fd1f7a065fe81fedfa/screenshot - {}
RESULT: {"text":"562"}
COMMAND: GET /session/d119162e921248fd1f7a065fe81fedfa/screenshot - {}
RESULT: {}
RESULT: {}
COMMAND: POST /session/d119162e921248fd1f7a065fe81fedfa/element - {"using":"xpath","value":"//li[.//span[text()='562']]"}
RESULT: {"using":"xpath","value":"//li[.//span[text()='562']]"}
COMMAND: POST /session/d119162e921248fd1f7a065fe81fedfa/element/f.7D8252E83238221F8080DA22DD8FFCA1.d.E14F969868A30385DC6768C134E6B01B.e.8949/click - {}
RESULT: {}
COMMAND: GET /session/d119162e921248fd1f7a065fe81fedfa/screenshot - {}
RESULT: {}
COMMAND: POST /session/d119162e921248fd1f7a065fe81fedfa/execute/async - {"script":"<script> [1562 bytes]","args":[{"selector":{"id":"application-managehandovers-display-component---AddNewHO--ObjectPageLayout-anchBar-application-managehandovers-display-component---AddNewHO--section4-anchor","interaction":{"idSuffix":"BDI-content"}},"wdio_ui5_key":"applicationmanagehandovers-display-component---AddNewHO--ObjectPageLayout-anchBar-application-managehandovers-display-component---AddNewHO--section4-anchor"}]}
RESULT: {"script":"<script> [1562 bytes]","args":[{"selector":{"id":"application-managehandovers-display-component---AddNewHO--ObjectPageLayout-anchBar-application-managehandovers-display-component---AddNewHO--section4-anchor","interaction":{"idSuffix":"BDI-content"}},"wdio_ui5_key":"applicationmanagehandovers-display-component---AddNewHO--ObjectPageLayout-anchBar-application-managehandovers-display-component---AddNewHO--section4-anchor"}]}
RESULT: undefined
COMMAND: POST /session/d119162e921248fd1f7a065fe81fedfa/element - {"using":"xpath","value":"//*[@id=\"application-managehandovers-display-component---AddNewHO--ObjectPageLayout-anchBar-application-managehandovers-display-component---AddNewHO--section4-anchor\"]"}
RESULT: {"using":"xpath","value":"//*[@id=\"application-managehandovers-display-component---AddNewHO--ObjectPageLayout-anchBar-application-managehandovers-display-component---AddNewHO--section4-anchor\"]"}
COMMAND: POST /session/d119162e921248fd1f7a065fe81fedfa/element/f.7D8252E83238221F8080DA22DD8FFCA1.d.E14F969868A30385DC6768C134E6B01B.e.8951/click - {}
RESULT: {}
COMMAND: POST /session/d119162e921248fd1f7a065fe81fedfa/element - {"using":"xpath","value":"//button[@aria-label=\"Add\"]"}
COMMAND: GET /session/d119162e921248fd1f7a065fe81fedfa/screenshot - {}
RESULT: {"using":"xpath","value":"//button[@aria-label=\"Add\"]"}
COMMAND: POST /session/d119162e921248fd1f7a065fe81fedfa/element/f.7D8252E83238221F8080DA22DD8FFCA1.d.E14F969868A30385DC6768C134E6B01B.e.8953/click - {}
RESULT: {}
RESULT: {}
COMMAND: GET /session/d119162e921248fd1f7a065fe81fedfa/screenshot - {}
RESULT: {}
COMMAND: POST /session/d119162e921248fd1f7a065fe81fedfa/execute/async - {"script":"<script> [1562 bytes]","args":[{"selector":{"id":"application-managehandovers-display-component---AddNewHO--smartFilterBar-btnBasicSearch","searchOpenDialogs":true,"interaction":{"idSuffix":"I"}},"wdio_ui5_key":"applicationmanagehandovers-display-component---AddNewHO--smartFilterBar-btnBasicSearch"}]}
RESULT: {"script":"<script> [1562 bytes]","args":[{"selector":{"id":"application-managehandovers-display-component---AddNewHO--smartFilterBar-btnBasicSearch","searchOpenDialogs":true,"interaction":{"idSuffix":"I"}},"wdio_ui5_key":"applicationmanagehandovers-display-component---AddNewHO--smartFilterBar-btnBasicSearch"}]}
RESULT: undefined
COMMAND: POST /session/d119162e921248fd1f7a065fe81fedfa/execute/async - {"script":"<script> [776 bytes]","args":[{"enterText":"kalifGqlJO","selector":{"id":"application-managehandovers-display-component---AddNewHO--smartFilterBar-btnBasicSearch","searchOpenDialogs":true,"interaction":{"idSuffix":"I"}},"clearTextFirst":true,"interactionType":"ENTER_TEXT"}]}
RESULT: {"script":"<script> [776 bytes]","args":[{"enterText":"kalifGqlJO","selector":{"id":"application-managehandovers-display-component---AddNewHO--smartFilterBar-btnBasicSearch","searchOpenDialogs":true,"interaction":{"idSuffix":"I"}},"clearTextFirst":true,"interactionType":"ENTER_TEXT"}]}
COMMAND: POST /session/d119162e921248fd1f7a065fe81fedfa/actions - {"actions":[{"id":"action33","type":"key","parameters":{},"actions":[{"type":"keyDown","value":"î€‡"},{"type":"pause","duration":10},{"type":"keyUp","value":"î€‡"}]}]}
RESULT: {"actions":[{"id":"action33","type":"key","parameters":{},"actions":[{"type":"keyDown","value":"î€‡"},{"type":"pause","duration":10},{"type":"keyUp","value":"î€‡"}]}]}
COMMAND: GET /session/d119162e921248fd1f7a065fe81fedfa/screenshot - {}
RESULT: {}
COMMAND: POST /session/d119162e921248fd1f7a065fe81fedfa/execute/async - {"script":"<script> [1562 bytes]","args":[{"selector":{"id":"application-managehandovers-display-component---AddNewHO--popup-sa","searchOpenDialogs":true,"interaction":{"idSuffix":"CbBg"}},"wdio_ui5_key":"applicationmanagehandovers-display-component---AddNewHO--popup-sa"}]}
RESULT: {"script":"<script> [1562 bytes]","args":[{"selector":{"id":"application-managehandovers-display-component---AddNewHO--popup-sa","searchOpenDialogs":true,"interaction":{"idSuffix":"CbBg"}},"wdio_ui5_key":"applicationmanagehandovers-display-component---AddNewHO--popup-sa"}]}
RESULT: undefined
COMMAND: POST /session/d119162e921248fd1f7a065fe81fedfa/element - {"using":"xpath","value":"//*[@id=\"application-managehandovers-display-component---AddNewHO--popup-sa\"]"}
RESULT: {"using":"xpath","value":"//*[@id=\"application-managehandovers-display-component---AddNewHO--popup-sa\"]"}
COMMAND: POST /session/d119162e921248fd1f7a065fe81fedfa/element/f.7D8252E83238221F8080DA22DD8FFCA1.d.E14F969868A30385DC6768C134E6B01B.e.9106/click - {}
RESULT: {}
COMMAND: GET /session/d119162e921248fd1f7a065fe81fedfa/screenshot - {}
RESULT: {}
COMMAND: POST /session/d119162e921248fd1f7a065fe81fedfa/element - {"using":"xpath","value":"//bdi[contains(text(), \"Select\")]"}
RESULT: {"using":"xpath","value":"//bdi[contains(text(), \"Select\")]"}
COMMAND: POST /session/d119162e921248fd1f7a065fe81fedfa/element/f.7D8252E83238221F8080DA22DD8FFCA1.d.E14F969868A30385DC6768C134E6B01B.e.9107/click - {}
RESULT: {}
COMMAND: GET /session/d119162e921248fd1f7a065fe81fedfa/screenshot - {}
RESULT: {}
COMMAND: POST /session/d119162e921248fd1f7a065fe81fedfa/element - {"using":"xpath","value":"//button[@data-kt=\"AddNewHOSaveButton\"]"}
RESULT: {"using":"xpath","value":"//button[@data-kt=\"AddNewHOSaveButton\"]"}
COMMAND: POST /session/d119162e921248fd1f7a065fe81fedfa/element/f.7D8252E83238221F8080DA22DD8FFCA1.d.E14F969868A30385DC6768C134E6B01B.e.9111/click - {}
RESULT: {}
COMMAND: GET /session/d119162e921248fd1f7a065fe81fedfa/screenshot - {}
RESULT: {}
COMMAND: POST /session/d119162e921248fd1f7a065fe81fedfa/execute/async - {"script":"<script> [1562 bytes]","args":[{"selector":{"id":"receiptDatePicker","viewName":"etm.portal.ui.managehandovers.view.DetailExecuteHO","interaction":{"idSuffix":"inner"}},"wdio_ui5_key":"receiptDatePickeretmportal.ui.managehandovers.view.DetailExecuteHO"}]}
RESULT: {"script":"<script> [1562 bytes]","args":[{"selector":{"id":"receiptDatePicker","viewName":"etm.portal.ui.managehandovers.view.DetailExecuteHO","interaction":{"idSuffix":"inner"}},"wdio_ui5_key":"receiptDatePickeretmportal.ui.managehandovers.view.DetailExecuteHO"}]}
RESULT: undefined
COMMAND: POST /session/d119162e921248fd1f7a065fe81fedfa/execute/async - {"script":"<script> [6424 bytes]","args":[{"element-6066-11e4-a52e-4f735466cecf":"f.7D8252E83238221F8080DA22DD8FFCA1.d.E14F969868A30385DC6768C134E6B01B.e.9136"},"setValue",["05/05/2025"]]}
RESULT: {"script":"<script> [6424 bytes]","args":[{"element-6066-11e4-a52e-4f735466cecf":"f.7D8252E83238221F8080DA22DD8FFCA1.d.E14F969868A30385DC6768C134E6B01B.e.9136"},"setValue",["05/05/2025"]]}
COMMAND: POST /session/d119162e921248fd1f7a065fe81fedfa/element - {"using":"xpath","value":"//button[@data-kt=\"PickingTableConfirmAllButton\"]"}
RESULT: {"using":"xpath","value":"//button[@data-kt=\"PickingTableConfirmAllButton\"]"}
COMMAND: POST /session/d119162e921248fd1f7a065fe81fedfa/element/f.7D8252E83238221F8080DA22DD8FFCA1.d.E14F969868A30385DC6768C134E6B01B.e.9155/click - {}
RESULT: {}
COMMAND: GET /session/d119162e921248fd1f7a065fe81fedfa/screenshot - {}
RESULT: {}
COMMAND: POST /session/d119162e921248fd1f7a065fe81fedfa/element - {"using":"xpath","value":"//bdi[contains(text(), \"OK\")]"}
RESULT: {"using":"xpath","value":"//bdi[contains(text(), \"OK\")]"}
COMMAND: POST /session/d119162e921248fd1f7a065fe81fedfa/element/f.7D8252E83238221F8080DA22DD8FFCA1.d.E14F969868A30385DC6768C134E6B01B.e.9157/click - {}
RESULT: {}
COMMAND: GET /session/d119162e921248fd1f7a065fe81fedfa/screenshot - {}
RESULT: {}
COMMAND: POST /session/d119162e921248fd1f7a065fe81fedfa/element - {"using":"xpath","value":"(//bdi[contains(text(), \"Receive\")])[2]"}
RESULT: {"using":"xpath","value":"(//bdi[contains(text(), \"Receive\")])[2]"}
COMMAND: POST /session/d119162e921248fd1f7a065fe81fedfa/element/f.7D8252E83238221F8080DA22DD8FFCA1.d.E14F969868A30385DC6768C134E6B01B.e.9159/click - {}
RESULT: {}
COMMAND: GET /session/d119162e921248fd1f7a065fe81fedfa/screenshot - {}
RESULT: {}
COMMAND: POST /session/d119162e921248fd1f7a065fe81fedfa/element - {"using":"css selector","value":"#shell-header-logo"}
RESULT: {"using":"css selector","value":"#shell-header-logo"}
COMMAND: POST /session/d119162e921248fd1f7a065fe81fedfa/element/f.7D8252E83238221F8080DA22DD8FFCA1.d.E14F969868A30385DC6768C134E6B01B.e.8527/click - {}
RESULT: {}
COMMAND: GET /session/d119162e921248fd1f7a065fe81fedfa/screenshot - {}
RESULT: {}
]]></system-out>
    </testcase>
    <testcase classname="chrome.135_0_7049_96.windows.Create_master_data_for_mixed_billing_&amp;_do_billing_calculation_US151661" name="Should create a new contract" time="59.373">
      <system-out><![CDATA[
COMMAND: POST /session/d119162e921248fd1f7a065fe81fedfa/execute/async - {"script":"<script> [1562 bytes]","args":[{"selector":{"controlType":"sap.m.Text","viewName":"etm.portal.ui.managecontractstile.view.Master","properties":{"text":"Manage Contracts"},"interaction":{"idSuffix":"inner"}},"wdio_ui5_key":"etmportal.ui.managecontractstile.view.Mastersap.m.Text{\"text\":\"Manage Contracts\"}"}]}
RESULT: {"script":"<script> [1562 bytes]","args":[{"selector":{"controlType":"sap.m.Text","viewName":"etm.portal.ui.managecontractstile.view.Master","properties":{"text":"Manage Contracts"},"interaction":{"idSuffix":"inner"}},"wdio_ui5_key":"etmportal.ui.managecontractstile.view.Mastersap.m.Text{\"text\":\"Manage Contracts\"}"}]}
RESULT: undefined
COMMAND: POST /session/d119162e921248fd1f7a065fe81fedfa/element - {"using":"xpath","value":"//*[@id=\"__tile130-title\"]"}
RESULT: {"using":"xpath","value":"//*[@id=\"__tile130-title\"]"}
COMMAND: POST /session/d119162e921248fd1f7a065fe81fedfa/element/f.7D8252E83238221F8080DA22DD8FFCA1.d.E14F969868A30385DC6768C134E6B01B.e.9442/click - {}
RESULT: {}
COMMAND: GET /session/d119162e921248fd1f7a065fe81fedfa/screenshot - {}
RESULT: {}
COMMAND: POST /session/d119162e921248fd1f7a065fe81fedfa/element - {"using":"xpath","value":"//button[@data-kt=\"addButton\"]"}
RESULT: {"using":"xpath","value":"//button[@data-kt=\"addButton\"]"}
COMMAND: POST /session/d119162e921248fd1f7a065fe81fedfa/elements - {"using":"xpath","value":"//button[@data-kt=\"addButton\"]"}
RESULT: {"using":"xpath","value":"//button[@data-kt=\"addButton\"]"}
COMMAND: POST /session/d119162e921248fd1f7a065fe81fedfa/elements - {"using":"xpath","value":"//button[@data-kt=\"addButton\"]"}
RESULT: {"using":"xpath","value":"//button[@data-kt=\"addButton\"]"}
COMMAND: POST /session/d119162e921248fd1f7a065fe81fedfa/element - {"using":"xpath","value":"//button[@data-kt=\"addButton\"]"}
RESULT: {"using":"xpath","value":"//button[@data-kt=\"addButton\"]"}
COMMAND: POST /session/d119162e921248fd1f7a065fe81fedfa/execute/sync - {"script":"<script> [8489 bytes]","args":[{"element-6066-11e4-a52e-4f735466cecf":"f.7D8252E83238221F8080DA22DD8FFCA1.d.E14F969868A30385DC6768C134E6B01B.e.9522","ELEMENT":"f.7D8252E83238221F8080DA22DD8FFCA1.d.E14F969868A30385DC6768C134E6B01B.e.9522"}]}
RESULT: {"script":"<script> [8489 bytes]","args":[{"element-6066-11e4-a52e-4f735466cecf":"f.7D8252E83238221F8080DA22DD8FFCA1.d.E14F969868A30385DC6768C134E6B01B.e.9522","ELEMENT":"f.7D8252E83238221F8080DA22DD8FFCA1.d.E14F969868A30385DC6768C134E6B01B.e.9522"}]}
COMMAND: GET /session/d119162e921248fd1f7a065fe81fedfa/element/f.7D8252E83238221F8080DA22DD8FFCA1.d.E14F969868A30385DC6768C134E6B01B.e.9522/enabled - {}
COMMAND: GET /session/d119162e921248fd1f7a065fe81fedfa/screenshot - {}
RESULT: {}
COMMAND: POST /session/d119162e921248fd1f7a065fe81fedfa/execute/sync - {"script":"<script> [8489 bytes]","args":[{"element-6066-11e4-a52e-4f735466cecf":"f.7D8252E83238221F8080DA22DD8FFCA1.d.E14F969868A30385DC6768C134E6B01B.e.9522","ELEMENT":"f.7D8252E83238221F8080DA22DD8FFCA1.d.E14F969868A30385DC6768C134E6B01B.e.9522"}]}
COMMAND: GET /session/d119162e921248fd1f7a065fe81fedfa/screenshot - {}
RESULT: {}
RESULT: {"script":"<script> [8489 bytes]","args":[{"element-6066-11e4-a52e-4f735466cecf":"f.7D8252E83238221F8080DA22DD8FFCA1.d.E14F969868A30385DC6768C134E6B01B.e.9522","ELEMENT":"f.7D8252E83238221F8080DA22DD8FFCA1.d.E14F969868A30385DC6768C134E6B01B.e.9522"}]}
COMMAND: POST /session/d119162e921248fd1f7a065fe81fedfa/execute/sync - {"script":"<script> [5351 bytes]","args":[{"element-6066-11e4-a52e-4f735466cecf":"f.7D8252E83238221F8080DA22DD8FFCA1.d.E14F969868A30385DC6768C134E6B01B.e.9522","ELEMENT":"f.7D8252E83238221F8080DA22DD8FFCA1.d.E14F969868A30385DC6768C134E6B01B.e.9522"}]}
COMMAND: GET /session/d119162e921248fd1f7a065fe81fedfa/screenshot - {}
RESULT: {}
RESULT: {"script":"<script> [5351 bytes]","args":[{"element-6066-11e4-a52e-4f735466cecf":"f.7D8252E83238221F8080DA22DD8FFCA1.d.E14F969868A30385DC6768C134E6B01B.e.9522","ELEMENT":"f.7D8252E83238221F8080DA22DD8FFCA1.d.E14F969868A30385DC6768C134E6B01B.e.9522"}]}
COMMAND: GET /session/d119162e921248fd1f7a065fe81fedfa/screenshot - {}
RESULT: {}
RESULT: {}
COMMAND: POST /session/d119162e921248fd1f7a065fe81fedfa/element/f.7D8252E83238221F8080DA22DD8FFCA1.d.E14F969868A30385DC6768C134E6B01B.e.9522/click - {}
RESULT: {}
COMMAND: GET /session/d119162e921248fd1f7a065fe81fedfa/screenshot - {}
RESULT: {}
COMMAND: POST /session/d119162e921248fd1f7a065fe81fedfa/execute/async - {"script":"<script> [1562 bytes]","args":[{"selector":{"id":"application-managecontracts-display-component---AddNewContract--projectDescription","interaction":{"idSuffix":"inner"}},"wdio_ui5_key":"applicationmanagecontracts-display-component---AddNewContract--projectDescription"}]}
RESULT: {"script":"<script> [1562 bytes]","args":[{"selector":{"id":"application-managecontracts-display-component---AddNewContract--projectDescription","interaction":{"idSuffix":"inner"}},"wdio_ui5_key":"applicationmanagecontracts-display-component---AddNewContract--projectDescription"}]}
RESULT: undefined
COMMAND: POST /session/d119162e921248fd1f7a065fe81fedfa/execute/async - {"script":"<script> [776 bytes]","args":[{"enterText":"Mixed Contract WDIO","selector":{"id":"application-managecontracts-display-component---AddNewContract--projectDescription","interaction":{"idSuffix":"inner"}},"clearTextFirst":true,"interactionType":"ENTER_TEXT"}]}
RESULT: {"script":"<script> [776 bytes]","args":[{"enterText":"Mixed Contract WDIO","selector":{"id":"application-managecontracts-display-component---AddNewContract--projectDescription","interaction":{"idSuffix":"inner"}},"clearTextFirst":true,"interactionType":"ENTER_TEXT"}]}
COMMAND: POST /session/d119162e921248fd1f7a065fe81fedfa/element - {"using":"xpath","value":"//input[@id=\"application-managecontracts-display-component---AddNewContract--site-inner\"]"}
RESULT: {"using":"xpath","value":"//input[@id=\"application-managecontracts-display-component---AddNewContract--site-inner\"]"}
COMMAND: POST /session/d119162e921248fd1f7a065fe81fedfa/element/f.7D8252E83238221F8080DA22DD8FFCA1.d.E14F969868A30385DC6768C134E6B01B.e.9815/clear - {}
RESULT: {}
COMMAND: POST /session/d119162e921248fd1f7a065fe81fedfa/element/f.7D8252E83238221F8080DA22DD8FFCA1.d.E14F969868A30385DC6768C134E6B01B.e.9815/value - {"text":"2397"}
COMMAND: GET /session/d119162e921248fd1f7a065fe81fedfa/screenshot - {}
RESULT: {"text":"2397"}
COMMAND: GET /session/d119162e921248fd1f7a065fe81fedfa/screenshot - {}
RESULT: {}
RESULT: {}
COMMAND: POST /session/d119162e921248fd1f7a065fe81fedfa/element - {"using":"xpath","value":"//li[.//span[text()='2397']]"}
RESULT: {"using":"xpath","value":"//li[.//span[text()='2397']]"}
COMMAND: POST /session/d119162e921248fd1f7a065fe81fedfa/element/f.7D8252E83238221F8080DA22DD8FFCA1.d.E14F969868A30385DC6768C134E6B01B.e.9840/click - {}
RESULT: {}
COMMAND: GET /session/d119162e921248fd1f7a065fe81fedfa/screenshot - {}
RESULT: {}
COMMAND: POST /session/d119162e921248fd1f7a065fe81fedfa/element - {"using":"xpath","value":"//input[@id=\"application-managecontracts-display-component---AddNewContract--yardId-inner\"]"}
RESULT: {"using":"xpath","value":"//input[@id=\"application-managecontracts-display-component---AddNewContract--yardId-inner\"]"}
COMMAND: GET /session/d119162e921248fd1f7a065fe81fedfa/element/f.7D8252E83238221F8080DA22DD8FFCA1.d.E14F969868A30385DC6768C134E6B01B.e.9816/property/value - {}
RESULT: {}
COMMAND: POST /session/d119162e921248fd1f7a065fe81fedfa/element - {"using":"xpath","value":"//input[@id=\"application-managecontracts-display-component---AddNewContract--customerSelect-inner\"]"}
COMMAND: GET /session/d119162e921248fd1f7a065fe81fedfa/screenshot - {}
RESULT: {"using":"xpath","value":"//input[@id=\"application-managecontracts-display-component---AddNewContract--customerSelect-inner\"]"}
COMMAND: POST /session/d119162e921248fd1f7a065fe81fedfa/element/f.7D8252E83238221F8080DA22DD8FFCA1.d.E14F969868A30385DC6768C134E6B01B.e.9814/clear - {}
RESULT: {}
RESULT: {}
COMMAND: POST /session/d119162e921248fd1f7a065fe81fedfa/element/f.7D8252E83238221F8080DA22DD8FFCA1.d.E14F969868A30385DC6768C134E6B01B.e.9814/value - {"text":"1439"}
COMMAND: GET /session/d119162e921248fd1f7a065fe81fedfa/screenshot - {}
RESULT: {"text":"1439"}
COMMAND: GET /session/d119162e921248fd1f7a065fe81fedfa/screenshot - {}
RESULT: {}
RESULT: {}
COMMAND: POST /session/d119162e921248fd1f7a065fe81fedfa/element - {"using":"xpath","value":"//li[.//span[text()='1439']]"}
RESULT: {"using":"xpath","value":"//li[.//span[text()='1439']]"}
COMMAND: POST /session/d119162e921248fd1f7a065fe81fedfa/element/f.7D8252E83238221F8080DA22DD8FFCA1.d.E14F969868A30385DC6768C134E6B01B.e.9843/click - {}
RESULT: {}
COMMAND: GET /session/d119162e921248fd1f7a065fe81fedfa/screenshot - {}
RESULT: {}
COMMAND: POST /session/d119162e921248fd1f7a065fe81fedfa/element - {"using":"xpath","value":"//button[@data-kt=\"saveButton\"]"}
RESULT: {"using":"xpath","value":"//button[@data-kt=\"saveButton\"]"}
COMMAND: POST /session/d119162e921248fd1f7a065fe81fedfa/element/f.7D8252E83238221F8080DA22DD8FFCA1.d.E14F969868A30385DC6768C134E6B01B.e.9831/click - {}
RESULT: {}
COMMAND: GET /session/d119162e921248fd1f7a065fe81fedfa/screenshot - {}
RESULT: {}
COMMAND: POST /session/d119162e921248fd1f7a065fe81fedfa/element - {"using":"xpath","value":"//span[contains(@id ,\"contractDetailTitleNoExpanded\")]"}
RESULT: {"using":"xpath","value":"//span[contains(@id ,\"contractDetailTitleNoExpanded\")]"}
COMMAND: POST /session/d119162e921248fd1f7a065fe81fedfa/elements - {"using":"xpath","value":"//span[contains(@id ,\"contractDetailTitleNoExpanded\")]"}
RESULT: {"using":"xpath","value":"//span[contains(@id ,\"contractDetailTitleNoExpanded\")]"}
COMMAND: POST /session/d119162e921248fd1f7a065fe81fedfa/execute/sync - {"script":"<script> [56 bytes]","args":[{"element-6066-11e4-a52e-4f735466cecf":"f.7D8252E83238221F8080DA22DD8FFCA1.d.E14F969868A30385DC6768C134E6B01B.e.9914","ELEMENT":"f.7D8252E83238221F8080DA22DD8FFCA1.d.E14F969868A30385DC6768C134E6B01B.e.9914"}]}
RESULT: {"script":"<script> [56 bytes]","args":[{"element-6066-11e4-a52e-4f735466cecf":"f.7D8252E83238221F8080DA22DD8FFCA1.d.E14F969868A30385DC6768C134E6B01B.e.9914","ELEMENT":"f.7D8252E83238221F8080DA22DD8FFCA1.d.E14F969868A30385DC6768C134E6B01B.e.9914"}]}
COMMAND: GET /session/d119162e921248fd1f7a065fe81fedfa/screenshot - {}
RESULT: {}
]]></system-out>
    </testcase>
    <testcase classname="chrome.135_0_7049_96.windows.Create_master_data_for_mixed_billing_&amp;_do_billing_calculation_US151661" name="Should add equipment to the contract" time="46.983">
      <system-out><![CDATA[
COMMAND: POST /session/d119162e921248fd1f7a065fe81fedfa/element - {"using":"xpath","value":"//button[@data-kt=\"contractDetailEditBtnButton\"]"}
RESULT: {"using":"xpath","value":"//button[@data-kt=\"contractDetailEditBtnButton\"]"}
COMMAND: POST /session/d119162e921248fd1f7a065fe81fedfa/element/f.7D8252E83238221F8080DA22DD8FFCA1.d.E14F969868A30385DC6768C134E6B01B.e.9917/click - {}
RESULT: {}
COMMAND: GET /session/d119162e921248fd1f7a065fe81fedfa/screenshot - {}
RESULT: {}
COMMAND: POST /session/d119162e921248fd1f7a065fe81fedfa/element - {"using":"xpath","value":"(//span[contains(text(), \"Additional Addresses\")])[2]"}
RESULT: {"using":"xpath","value":"(//span[contains(text(), \"Additional Addresses\")])[2]"}
COMMAND: POST /session/d119162e921248fd1f7a065fe81fedfa/element/f.7D8252E83238221F8080DA22DD8FFCA1.d.E14F969868A30385DC6768C134E6B01B.e.9971/click - {}
RESULT: {}
COMMAND: GET /session/d119162e921248fd1f7a065fe81fedfa/screenshot - {}
RESULT: {}
COMMAND: POST /session/d119162e921248fd1f7a065fe81fedfa/element - {"using":"xpath","value":"//button[@data-kt=\"btnAddTableRowOverflowToolbarButton\"]"}
RESULT: {"using":"xpath","value":"//button[@data-kt=\"btnAddTableRowOverflowToolbarButton\"]"}
COMMAND: POST /session/d119162e921248fd1f7a065fe81fedfa/element/f.7D8252E83238221F8080DA22DD8FFCA1.d.E14F969868A30385DC6768C134E6B01B.e.9974/click - {}
RESULT: {}
COMMAND: GET /session/d119162e921248fd1f7a065fe81fedfa/screenshot - {}
RESULT: {}
COMMAND: POST /session/d119162e921248fd1f7a065fe81fedfa/element - {"using":"xpath","value":"//div[(text() = 'Standard Entry' or . = 'Standard Entry')]"}
RESULT: {"using":"xpath","value":"//div[(text() = 'Standard Entry' or . = 'Standard Entry')]"}
COMMAND: POST /session/d119162e921248fd1f7a065fe81fedfa/element/f.7D8252E83238221F8080DA22DD8FFCA1.d.E14F969868A30385DC6768C134E6B01B.e.9975/click - {}
RESULT: {}
COMMAND: GET /session/d119162e921248fd1f7a065fe81fedfa/screenshot - {}
RESULT: {}
COMMAND: POST /session/d119162e921248fd1f7a065fe81fedfa/element - {"using":"xpath","value":"//td[7]/div/div/input"}
RESULT: {"using":"xpath","value":"//td[7]/div/div/input"}
COMMAND: POST /session/d119162e921248fd1f7a065fe81fedfa/element/f.7D8252E83238221F8080DA22DD8FFCA1.d.E14F969868A30385DC6768C134E6B01B.e.9984/clear - {}
RESULT: {}
COMMAND: POST /session/d119162e921248fd1f7a065fe81fedfa/element/f.7D8252E83238221F8080DA22DD8FFCA1.d.E14F969868A30385DC6768C134E6B01B.e.9984/value - {"text":"kalifGqlJO"}
COMMAND: GET /session/d119162e921248fd1f7a065fe81fedfa/screenshot - {}
RESULT: {"text":"kalifGqlJO"}
COMMAND: GET /session/d119162e921248fd1f7a065fe81fedfa/screenshot - {}
RESULT: {}
RESULT: {}
COMMAND: POST /session/d119162e921248fd1f7a065fe81fedfa/actions - {"actions":[{"id":"action34","type":"key","parameters":{},"actions":[{"type":"keyDown","value":"î€‡"},{"type":"pause","duration":10},{"type":"keyUp","value":"î€‡"}]}]}
RESULT: {"actions":[{"id":"action34","type":"key","parameters":{},"actions":[{"type":"keyDown","value":"î€‡"},{"type":"pause","duration":10},{"type":"keyUp","value":"î€‡"}]}]}
COMMAND: GET /session/d119162e921248fd1f7a065fe81fedfa/screenshot - {}
RESULT: {}
COMMAND: POST /session/d119162e921248fd1f7a065fe81fedfa/execute/sync - {"script":"<script> [276 bytes]","args":["No pricing information was found"]}
RESULT: {"script":"<script> [276 bytes]","args":["No pricing information was found"]}
COMMAND: POST /session/d119162e921248fd1f7a065fe81fedfa/element - {"using":"xpath","value":"(//button[@data-kt=\"saveButton\"])[2]"}
COMMAND: GET /session/d119162e921248fd1f7a065fe81fedfa/screenshot - {}
RESULT: {"using":"xpath","value":"(//button[@data-kt=\"saveButton\"])[2]"}
COMMAND: POST /session/d119162e921248fd1f7a065fe81fedfa/element/f.7D8252E83238221F8080DA22DD8FFCA1.d.E14F969868A30385DC6768C134E6B01B.e.9999/click - {}
RESULT: {}
RESULT: {}
COMMAND: GET /session/d119162e921248fd1f7a065fe81fedfa/screenshot - {}
RESULT: {}
COMMAND: POST /session/d119162e921248fd1f7a065fe81fedfa/execute/sync - {"script":"<script> [276 bytes]","args":["Some contract items are having rental validity exceeding header rental validity"]}
RESULT: {"script":"<script> [276 bytes]","args":["Some contract items are having rental validity exceeding header rental validity"]}
COMMAND: GET /session/d119162e921248fd1f7a065fe81fedfa/screenshot - {}
RESULT: {}
COMMAND: POST /session/d119162e921248fd1f7a065fe81fedfa/element - {"using":"xpath","value":"//span[contains(@id ,\"contractItemsSmartTable-header-inner\")]"}
RESULT: {"using":"xpath","value":"//span[contains(@id ,\"contractItemsSmartTable-header-inner\")]"}
COMMAND: POST /session/d119162e921248fd1f7a065fe81fedfa/elements - {"using":"xpath","value":"//span[contains(@id ,\"contractItemsSmartTable-header-inner\")]"}
RESULT: {"using":"xpath","value":"//span[contains(@id ,\"contractItemsSmartTable-header-inner\")]"}
COMMAND: POST /session/d119162e921248fd1f7a065fe81fedfa/execute/sync - {"script":"<script> [56 bytes]","args":[{"element-6066-11e4-a52e-4f735466cecf":"f.7D8252E83238221F8080DA22DD8FFCA1.d.E14F969868A30385DC6768C134E6B01B.e.10005","ELEMENT":"f.7D8252E83238221F8080DA22DD8FFCA1.d.E14F969868A30385DC6768C134E6B01B.e.10005"}]}
RESULT: {"script":"<script> [56 bytes]","args":[{"element-6066-11e4-a52e-4f735466cecf":"f.7D8252E83238221F8080DA22DD8FFCA1.d.E14F969868A30385DC6768C134E6B01B.e.10005","ELEMENT":"f.7D8252E83238221F8080DA22DD8FFCA1.d.E14F969868A30385DC6768C134E6B01B.e.10005"}]}
]]></system-out>
    </testcase>
    <testcase classname="chrome.135_0_7049_96.windows.Create_master_data_for_mixed_billing_&amp;_do_billing_calculation_US151661" name="Should do a provide to site handover" time="55.048">
      <system-out><![CDATA[
COMMAND: GET /session/d119162e921248fd1f7a065fe81fedfa/screenshot - {}
COMMAND: POST /session/d119162e921248fd1f7a065fe81fedfa/element - {"using":"xpath","value":"//button[@data-kt=\"provideButton\"]"}
RESULT: {}
RESULT: {"using":"xpath","value":"//button[@data-kt=\"provideButton\"]"}
COMMAND: POST /session/d119162e921248fd1f7a065fe81fedfa/element/f.7D8252E83238221F8080DA22DD8FFCA1.d.E14F969868A30385DC6768C134E6B01B.e.10006/click - {}
RESULT: {}
COMMAND: GET /session/d119162e921248fd1f7a065fe81fedfa/screenshot - {}
RESULT: undefined
COMMAND: POST /session/d119162e921248fd1f7a065fe81fedfa/execute/async - {"script":"<script> [6424 bytes]","args":[{"element-6066-11e4-a52e-4f735466cecf":"f.7D8252E83238221F8080DA22DD8FFCA1.d.E14F969868A30385DC6768C134E6B01B.e.8927"},"setValue",["05/05/2025"]]}
RESULT: {}
COMMAND: POST /session/d119162e921248fd1f7a065fe81fedfa/execute/async - {"script":"<script> [1562 bytes]","args":[{"selector":{"id":"application-managehandovers-display-component---AddNewHO--dueDate","interaction":{"idSuffix":"inner"}},"wdio_ui5_key":"applicationmanagehandovers-display-component---AddNewHO--dueDate"}]}
RESULT: {"script":"<script> [1562 bytes]","args":[{"selector":{"id":"application-managehandovers-display-component---AddNewHO--dueDate","interaction":{"idSuffix":"inner"}},"wdio_ui5_key":"applicationmanagehandovers-display-component---AddNewHO--dueDate"}]}
COMMAND: POST /session/d119162e921248fd1f7a065fe81fedfa/execute/async - {"script":"<script> [6424 bytes]","args":[{"element-6066-11e4-a52e-4f735466cecf":"f.7D8252E83238221F8080DA22DD8FFCA1.d.E14F969868A30385DC6768C134E6B01B.e.10063"},"setValue",["05/05/2025"]]}
RESULT: {"script":"<script> [6424 bytes]","args":[{"element-6066-11e4-a52e-4f735466cecf":"f.7D8252E83238221F8080DA22DD8FFCA1.d.E14F969868A30385DC6768C134E6B01B.e.10063"},"setValue",["05/05/2025"]]}
COMMAND: POST /session/d119162e921248fd1f7a065fe81fedfa/element - {"using":"xpath","value":"//bdi[contains(text(), \"Instructions\")]"}
RESULT: {"using":"xpath","value":"//bdi[contains(text(), \"Instructions\")]"}
COMMAND: POST /session/d119162e921248fd1f7a065fe81fedfa/element/f.7D8252E83238221F8080DA22DD8FFCA1.d.E14F969868A30385DC6768C134E6B01B.e.10316/click - {}
RESULT: {}
COMMAND: GET /session/d119162e921248fd1f7a065fe81fedfa/screenshot - {}
RESULT: {}
COMMAND: POST /session/d119162e921248fd1f7a065fe81fedfa/element - {"using":"xpath","value":"//button[@data-kt=\"AddNewHOProvideAddItemsButton\"]"}
RESULT: {"using":"xpath","value":"//button[@data-kt=\"AddNewHOProvideAddItemsButton\"]"}
COMMAND: POST /session/d119162e921248fd1f7a065fe81fedfa/element/f.7D8252E83238221F8080DA22DD8FFCA1.d.E14F969868A30385DC6768C134E6B01B.e.10322/click - {}
RESULT: {}
COMMAND: GET /session/d119162e921248fd1f7a065fe81fedfa/screenshot - {}
RESULT: {}
RESULT: undefined
COMMAND: POST /session/d119162e921248fd1f7a065fe81fedfa/element - {"using":"xpath","value":"//*[@id=\"application-managehandovers-display-component---AddNewHO--popup-sa\"]"}
RESULT: {"using":"xpath","value":"//*[@id=\"application-managehandovers-display-component---AddNewHO--popup-sa\"]"}
COMMAND: POST /session/d119162e921248fd1f7a065fe81fedfa/element/f.7D8252E83238221F8080DA22DD8FFCA1.d.E14F969868A30385DC6768C134E6B01B.e.10337/click - {}
RESULT: {}
COMMAND: GET /session/d119162e921248fd1f7a065fe81fedfa/screenshot - {}
RESULT: {}
COMMAND: POST /session/d119162e921248fd1f7a065fe81fedfa/element - {"using":"xpath","value":"//*[contains(@id ,\"BDI-content\")][contains(text(), \"Select\")]"}
RESULT: {"using":"xpath","value":"//*[contains(@id ,\"BDI-content\")][contains(text(), \"Select\")]"}
COMMAND: POST /session/d119162e921248fd1f7a065fe81fedfa/element/f.7D8252E83238221F8080DA22DD8FFCA1.d.E14F969868A30385DC6768C134E6B01B.e.10339/click - {}
RESULT: {}
COMMAND: GET /session/d119162e921248fd1f7a065fe81fedfa/screenshot - {}
RESULT: {}
COMMAND: POST /session/d119162e921248fd1f7a065fe81fedfa/execute/async - {"script":"<script> [1562 bytes]","args":[{"selector":{"id":"application-managehandovers-display-component---AddNewHO--confirmCreationButton","interaction":{"idSuffix":"BDI-content"}},"wdio_ui5_key":"applicationmanagehandovers-display-component---AddNewHO--confirmCreationButton"}]}
RESULT: {"script":"<script> [1562 bytes]","args":[{"selector":{"id":"application-managehandovers-display-component---AddNewHO--confirmCreationButton","interaction":{"idSuffix":"BDI-content"}},"wdio_ui5_key":"applicationmanagehandovers-display-component---AddNewHO--confirmCreationButton"}]}
RESULT: undefined
COMMAND: POST /session/d119162e921248fd1f7a065fe81fedfa/element - {"using":"xpath","value":"//*[@id=\"application-managehandovers-display-component---AddNewHO--confirmCreationButton\"]"}
RESULT: {"using":"xpath","value":"//*[@id=\"application-managehandovers-display-component---AddNewHO--confirmCreationButton\"]"}
COMMAND: POST /session/d119162e921248fd1f7a065fe81fedfa/element/f.7D8252E83238221F8080DA22DD8FFCA1.d.E14F969868A30385DC6768C134E6B01B.e.10128/click - {}
RESULT: {}
COMMAND: GET /session/d119162e921248fd1f7a065fe81fedfa/screenshot - {}
RESULT: {}
COMMAND: POST /session/d119162e921248fd1f7a065fe81fedfa/element - {"using":"xpath","value":"//button[@data-kt=\"PickingTableConfirmAllButton\"]"}
RESULT: {"using":"xpath","value":"//button[@data-kt=\"PickingTableConfirmAllButton\"]"}
COMMAND: POST /session/d119162e921248fd1f7a065fe81fedfa/element/f.7D8252E83238221F8080DA22DD8FFCA1.d.E14F969868A30385DC6768C134E6B01B.e.10378/click - {}
COMMAND: POST /session/d119162e921248fd1f7a065fe81fedfa/element - {"using":"xpath","value":"//button[@data-kt=\"PickingTableConfirmAllButton\"]"}
RESULT: {"using":"xpath","value":"//button[@data-kt=\"PickingTableConfirmAllButton\"]"}
COMMAND: POST /session/d119162e921248fd1f7a065fe81fedfa/element/f.7D8252E83238221F8080DA22DD8FFCA1.d.E14F969868A30385DC6768C134E6B01B.e.10378/click - {}
COMMAND: POST /session/d119162e921248fd1f7a065fe81fedfa/element - {"using":"xpath","value":"//button[@data-kt=\"PickingTableConfirmAllButton\"]"}
RESULT: {"using":"xpath","value":"//button[@data-kt=\"PickingTableConfirmAllButton\"]"}
COMMAND: POST /session/d119162e921248fd1f7a065fe81fedfa/element/f.7D8252E83238221F8080DA22DD8FFCA1.d.E14F969868A30385DC6768C134E6B01B.e.10398/click - {}
RESULT: {}
COMMAND: GET /session/d119162e921248fd1f7a065fe81fedfa/screenshot - {}
RESULT: {}
COMMAND: POST /session/d119162e921248fd1f7a065fe81fedfa/element - {"using":"xpath","value":"//bdi[contains(text(), \"OK\")]"}
RESULT: {"using":"xpath","value":"//bdi[contains(text(), \"OK\")]"}
COMMAND: POST /session/d119162e921248fd1f7a065fe81fedfa/element/f.7D8252E83238221F8080DA22DD8FFCA1.d.E14F969868A30385DC6768C134E6B01B.e.10400/click - {}
RESULT: {}
COMMAND: GET /session/d119162e921248fd1f7a065fe81fedfa/screenshot - {}
RESULT: {}
COMMAND: POST /session/d119162e921248fd1f7a065fe81fedfa/element - {"using":"xpath","value":"//bdi[contains(text(), \"Ok\")]"}
RESULT: {"using":"xpath","value":"//bdi[contains(text(), \"Ok\")]"}
COMMAND: POST /session/d119162e921248fd1f7a065fe81fedfa/element/f.7D8252E83238221F8080DA22DD8FFCA1.d.E14F969868A30385DC6768C134E6B01B.e.10409/click - {}
RESULT: {}
COMMAND: GET /session/d119162e921248fd1f7a065fe81fedfa/screenshot - {}
RESULT: {}
COMMAND: POST /session/d119162e921248fd1f7a065fe81fedfa/element - {"using":"xpath","value":"//bdi[contains(text(), \"Issue\")]"}
RESULT: {"using":"xpath","value":"//bdi[contains(text(), \"Issue\")]"}
COMMAND: POST /session/d119162e921248fd1f7a065fe81fedfa/element/f.7D8252E83238221F8080DA22DD8FFCA1.d.E14F969868A30385DC6768C134E6B01B.e.10411/click - {}
RESULT: {}
COMMAND: GET /session/d119162e921248fd1f7a065fe81fedfa/screenshot - {}
RESULT: {}
COMMAND: POST /session/d119162e921248fd1f7a065fe81fedfa/element - {"using":"css selector","value":"#shell-header-logo"}
RESULT: {"using":"css selector","value":"#shell-header-logo"}
COMMAND: POST /session/d119162e921248fd1f7a065fe81fedfa/element/f.7D8252E83238221F8080DA22DD8FFCA1.d.E14F969868A30385DC6768C134E6B01B.e.9445/click - {}
RESULT: {}
COMMAND: GET /session/d119162e921248fd1f7a065fe81fedfa/screenshot - {}
RESULT: {}
]]></system-out>
    </testcase>
    <testcase classname="chrome.135_0_7049_96.windows.Create_master_data_for_mixed_billing_&amp;_do_billing_calculation_US151661" name="Should create a few performance documents" time="94.582">
      <system-out><![CDATA[
COMMAND: POST /session/d119162e921248fd1f7a065fe81fedfa/window/fullscreen - {}
RESULT: {}
COMMAND: POST /session/d119162e921248fd1f7a065fe81fedfa/execute/async - {"script":"<script> [1562 bytes]","args":[{"selector":{"controlType":"sap.m.GenericTile","properties":{"header":"Manage States & Performance"}},"wdio_ui5_key":"sapm.GenericTile{\"header\":\"Manage States & Performance\"}"}]}
RESULT: {"script":"<script> [1562 bytes]","args":[{"selector":{"controlType":"sap.m.GenericTile","properties":{"header":"Manage States & Performance"}},"wdio_ui5_key":"sapm.GenericTile{\"header\":\"Manage States & Performance\"}"}]}
RESULT: undefined
COMMAND: POST /session/d119162e921248fd1f7a065fe81fedfa/element - {"using":"xpath","value":"//*[@id=\"__tile56\"]"}
RESULT: {"using":"xpath","value":"//*[@id=\"__tile56\"]"}
COMMAND: POST /session/d119162e921248fd1f7a065fe81fedfa/element/f.7D8252E83238221F8080DA22DD8FFCA1.d.E14F969868A30385DC6768C134E6B01B.e.3002/click - {}
RESULT: {}
COMMAND: POST /session/d119162e921248fd1f7a065fe81fedfa/execute/async - {"script":"<script> [1562 bytes]","args":[{"selector":{"id":"application-managestatesandperformance-display-component---stateAndPerform--smartFilterBarResources-btnBasicSearch","interaction":{"idSuffix":"I"}},"wdio_ui5_key":"applicationmanagestatesandperformance-display-component---stateAndPerform--smartFilterBarResources-btnBasicSearch"}]}
COMMAND: GET /session/d119162e921248fd1f7a065fe81fedfa/screenshot - {}
RESULT: {"script":"<script> [1562 bytes]","args":[{"selector":{"id":"application-managestatesandperformance-display-component---stateAndPerform--smartFilterBarResources-btnBasicSearch","interaction":{"idSuffix":"I"}},"wdio_ui5_key":"applicationmanagestatesandperformance-display-component---stateAndPerform--smartFilterBarResources-btnBasicSearch"}]}
RESULT: undefined
COMMAND: POST /session/d119162e921248fd1f7a065fe81fedfa/execute/async - {"script":"<script> [776 bytes]","args":[{"enterText":"kalifGqlJO","selector":{"id":"application-managestatesandperformance-display-component---stateAndPerform--smartFilterBarResources-btnBasicSearch","interaction":{"idSuffix":"I"}},"clearTextFirst":true,"interactionType":"ENTER_TEXT"}]}
RESULT: {}
RESULT: {"script":"<script> [776 bytes]","args":[{"enterText":"kalifGqlJO","selector":{"id":"application-managestatesandperformance-display-component---stateAndPerform--smartFilterBarResources-btnBasicSearch","interaction":{"idSuffix":"I"}},"clearTextFirst":true,"interactionType":"ENTER_TEXT"}]}
COMMAND: POST /session/d119162e921248fd1f7a065fe81fedfa/actions - {"actions":[{"id":"action35","type":"key","parameters":{},"actions":[{"type":"keyDown","value":"î€‡"},{"type":"pause","duration":10},{"type":"keyUp","value":"î€‡"}]}]}
RESULT: {"actions":[{"id":"action35","type":"key","parameters":{},"actions":[{"type":"keyDown","value":"î€‡"},{"type":"pause","duration":10},{"type":"keyUp","value":"î€‡"}]}]}
COMMAND: GET /session/d119162e921248fd1f7a065fe81fedfa/screenshot - {}
RESULT: {}
COMMAND: POST /session/d119162e921248fd1f7a065fe81fedfa/execute/async - {"script":"<script> [1562 bytes]","args":[{"selector":{"id":"application-managestatesandperformance-display-component---stateAndPerform--stateAndPerformResourcesSmartTable-header"},"wdio_ui5_key":"applicationmanagestatesandperformance-display-component---stateAndPerform--stateAndPerformResourcesSmartTable-header"}]}
RESULT: {"script":"<script> [1562 bytes]","args":[{"selector":{"id":"application-managestatesandperformance-display-component---stateAndPerform--stateAndPerformResourcesSmartTable-header"},"wdio_ui5_key":"applicationmanagestatesandperformance-display-component---stateAndPerform--stateAndPerformResourcesSmartTable-header"}]}
RESULT: undefined
COMMAND: POST /session/d119162e921248fd1f7a065fe81fedfa/execute/async - {"script":"<script> [6424 bytes]","args":[{"element-6066-11e4-a52e-4f735466cecf":"f.7D8252E83238221F8080DA22DD8FFCA1.d.E14F969868A30385DC6768C134E6B01B.e.10708"},"getText",[]]}
RESULT: {"script":"<script> [6424 bytes]","args":[{"element-6066-11e4-a52e-4f735466cecf":"f.7D8252E83238221F8080DA22DD8FFCA1.d.E14F969868A30385DC6768C134E6B01B.e.10708"},"getText",[]]}
COMMAND: POST /session/d119162e921248fd1f7a065fe81fedfa/execute/async - {"script":"<script> [1562 bytes]","args":[{"selector":{"controlType":"sap.ui.core.Icon","viewName":"etm.portal.ui.managestatesandperformance.view.Master","viewId":"application-managestatesandperformance-display-component---stateAndPerform","properties":{"src":{"regex":{"source":"slim\\-arrow\\-right"}}}},"wdio_ui5_key":"etmportal.ui.managestatesandperformance.view.Mastersap.ui.core.Icon{\"src\":{\"regex\":{\"source\":\"slim\\\\-arrow\\\\-right\"}}}"}]}
RESULT: {"script":"<script> [1562 bytes]","args":[{"selector":{"controlType":"sap.ui.core.Icon","viewName":"etm.portal.ui.managestatesandperformance.view.Master","viewId":"application-managestatesandperformance-display-component---stateAndPerform","properties":{"src":{"regex":{"source":"slim\\-arrow\\-right"}}}},"wdio_ui5_key":"etmportal.ui.managestatesandperformance.view.Mastersap.ui.core.Icon{\"src\":{\"regex\":{\"source\":\"slim\\\\-arrow\\\\-right\"}}}"}]}
RESULT: undefined
COMMAND: POST /session/d119162e921248fd1f7a065fe81fedfa/element - {"using":"xpath","value":"//*[@id=\"__item4531-__clone16103-imgNav\"]"}
RESULT: {"using":"xpath","value":"//*[@id=\"__item4531-__clone16103-imgNav\"]"}
COMMAND: POST /session/d119162e921248fd1f7a065fe81fedfa/element/f.7D8252E83238221F8080DA22DD8FFCA1.d.E14F969868A30385DC6768C134E6B01B.e.10706/click - {}
RESULT: {}
COMMAND: GET /session/d119162e921248fd1f7a065fe81fedfa/screenshot - {}
RESULT: {}
COMMAND: POST /session/d119162e921248fd1f7a065fe81fedfa/execute/async - {"script":"<script> [1562 bytes]","args":[{"selector":{"controlType":"sap.m.Button","viewName":"etm.portal.ui.managestatesandperformance.view.Detail","viewId":"application-managestatesandperformance-display-component---detailStateAndPerform","properties":{"text":"Performance Documents"}},"wdio_ui5_key":"etmportal.ui.managestatesandperformance.view.Detailsap.m.Button{\"text\":\"Performance Documents\"}"}]}
RESULT: {"script":"<script> [1562 bytes]","args":[{"selector":{"controlType":"sap.m.Button","viewName":"etm.portal.ui.managestatesandperformance.view.Detail","viewId":"application-managestatesandperformance-display-component---detailStateAndPerform","properties":{"text":"Performance Documents"}},"wdio_ui5_key":"etmportal.ui.managestatesandperformance.view.Detailsap.m.Button{\"text\":\"Performance Documents\"}"}]}
RESULT: undefined
COMMAND: POST /session/d119162e921248fd1f7a065fe81fedfa/element - {"using":"xpath","value":"//*[@id=\"__item4554-button\"]"}
RESULT: {"using":"xpath","value":"//*[@id=\"__item4554-button\"]"}
COMMAND: POST /session/d119162e921248fd1f7a065fe81fedfa/element/f.7D8252E83238221F8080DA22DD8FFCA1.d.E14F969868A30385DC6768C134E6B01B.e.10752/click - {}
RESULT: {}
COMMAND: POST /session/d119162e921248fd1f7a065fe81fedfa/execute/async - {"script":"<script> [1562 bytes]","args":[{"selector":{"controlType":"sap.m.Button","viewName":"etm.portal.ui.managestatesandperformance.view.Detail","viewId":"application-managestatesandperformance-display-component---detailStateAndPerform","i18NText":{"propertyName":"text","key":"createPerformanceDoc"},"interaction":{"idSuffix":"BDI-content"}},"wdio_ui5_key":"etmportal.ui.managestatesandperformance.view.Detailsap.m.Button{\"propertyName\":\"text\",\"key\":\"createPerformanceDoc\"}"}]}
COMMAND: GET /session/d119162e921248fd1f7a065fe81fedfa/screenshot - {}
RESULT: {"script":"<script> [1562 bytes]","args":[{"selector":{"controlType":"sap.m.Button","viewName":"etm.portal.ui.managestatesandperformance.view.Detail","viewId":"application-managestatesandperformance-display-component---detailStateAndPerform","i18NText":{"propertyName":"text","key":"createPerformanceDoc"},"interaction":{"idSuffix":"BDI-content"}},"wdio_ui5_key":"etmportal.ui.managestatesandperformance.view.Detailsap.m.Button{\"propertyName\":\"text\",\"key\":\"createPerformanceDoc\"}"}]}
RESULT: undefined
COMMAND: POST /session/d119162e921248fd1f7a065fe81fedfa/element - {"using":"xpath","value":"//*[@id=\"__button515\"]"}
RESULT: {}
RESULT: {"using":"xpath","value":"//*[@id=\"__button515\"]"}
COMMAND: POST /session/d119162e921248fd1f7a065fe81fedfa/element/f.7D8252E83238221F8080DA22DD8FFCA1.d.E14F969868A30385DC6768C134E6B01B.e.10756/click - {}
RESULT: {}
COMMAND: POST /session/d119162e921248fd1f7a065fe81fedfa/execute/async - {"script":"<script> [1562 bytes]","args":[{"selector":{"id":"application-managestatesandperformance-display-component---detailStateAndPerform--perfDocDatePicker","searchOpenDialogs":true,"interaction":{"idSuffix":"inner"}},"wdio_ui5_key":"applicationmanagestatesandperformance-display-component---detailStateAndPerform--perfDocDatePicker"}]}
COMMAND: GET /session/d119162e921248fd1f7a065fe81fedfa/screenshot - {}
RESULT: {"script":"<script> [1562 bytes]","args":[{"selector":{"id":"application-managestatesandperformance-display-component---detailStateAndPerform--perfDocDatePicker","searchOpenDialogs":true,"interaction":{"idSuffix":"inner"}},"wdio_ui5_key":"applicationmanagestatesandperformance-display-component---detailStateAndPerform--perfDocDatePicker"}]}
RESULT: undefined
COMMAND: POST /session/d119162e921248fd1f7a065fe81fedfa/execute/async - {"script":"<script> [776 bytes]","args":[{"enterText":"05/07/25","selector":{"id":"application-managestatesandperformance-display-component---detailStateAndPerform--perfDocDatePicker","searchOpenDialogs":true,"interaction":{"idSuffix":"inner"}},"clearTextFirst":true,"interactionType":"ENTER_TEXT"}]}
RESULT: {}
RESULT: {"script":"<script> [776 bytes]","args":[{"enterText":"05/07/25","selector":{"id":"application-managestatesandperformance-display-component---detailStateAndPerform--perfDocDatePicker","searchOpenDialogs":true,"interaction":{"idSuffix":"inner"}},"clearTextFirst":true,"interactionType":"ENTER_TEXT"}]}
COMMAND: POST /session/d119162e921248fd1f7a065fe81fedfa/execute/async - {"script":"<script> [1562 bytes]","args":[{"selector":{"id":"application-managestatesandperformance-display-component---detailStateAndPerform--counterValue-input","searchOpenDialogs":true,"interaction":{"idSuffix":"inner"}},"wdio_ui5_key":"applicationmanagestatesandperformance-display-component---detailStateAndPerform--counterValue-input"}]}
RESULT: {"script":"<script> [1562 bytes]","args":[{"selector":{"id":"application-managestatesandperformance-display-component---detailStateAndPerform--counterValue-input","searchOpenDialogs":true,"interaction":{"idSuffix":"inner"}},"wdio_ui5_key":"applicationmanagestatesandperformance-display-component---detailStateAndPerform--counterValue-input"}]}
RESULT: undefined
COMMAND: POST /session/d119162e921248fd1f7a065fe81fedfa/execute/async - {"script":"<script> [776 bytes]","args":[{"enterText":"15.00","selector":{"id":"application-managestatesandperformance-display-component---detailStateAndPerform--counterValue-input","searchOpenDialogs":true,"interaction":{"idSuffix":"inner"}},"clearTextFirst":true,"interactionType":"ENTER_TEXT"}]}
RESULT: {"script":"<script> [776 bytes]","args":[{"enterText":"15.00","selector":{"id":"application-managestatesandperformance-display-component---detailStateAndPerform--counterValue-input","searchOpenDialogs":true,"interaction":{"idSuffix":"inner"}},"clearTextFirst":true,"interactionType":"ENTER_TEXT"}]}
COMMAND: POST /session/d119162e921248fd1f7a065fe81fedfa/execute/async - {"script":"<script> [1562 bytes]","args":[{"selector":{"controlType":"sap.m.Button","viewName":"etm.portal.ui.managestatesandperformance.view.Detail","viewId":"application-managestatesandperformance-display-component---detailStateAndPerform","bindingPath":{"path":"","propertyPath":"/allowAddEdit","modelName":"oScreenModel"},"searchOpenDialogs":true,"interaction":{"idSuffix":"BDI-content"}},"wdio_ui5_key":"etmportal.ui.managestatesandperformance.view.Detailsap.m.Button{\"path\":\"\",\"propertyPath\":\"/allowAddEdit\",\"modelName\":\"oScreenModel\"}"}]}
RESULT: {"script":"<script> [1562 bytes]","args":[{"selector":{"controlType":"sap.m.Button","viewName":"etm.portal.ui.managestatesandperformance.view.Detail","viewId":"application-managestatesandperformance-display-component---detailStateAndPerform","bindingPath":{"path":"","propertyPath":"/allowAddEdit","modelName":"oScreenModel"},"searchOpenDialogs":true,"interaction":{"idSuffix":"BDI-content"}},"wdio_ui5_key":"etmportal.ui.managestatesandperformance.view.Detailsap.m.Button{\"path\":\"\",\"propertyPath\":\"/allowAddEdit\",\"modelName\":\"oScreenModel\"}"}]}
RESULT: undefined
COMMAND: POST /session/d119162e921248fd1f7a065fe81fedfa/element - {"using":"xpath","value":"//*[@id=\"__button522\"]"}
RESULT: {"using":"xpath","value":"//*[@id=\"__button522\"]"}
COMMAND: POST /session/d119162e921248fd1f7a065fe81fedfa/element/f.7D8252E83238221F8080DA22DD8FFCA1.d.E14F969868A30385DC6768C134E6B01B.e.10776/click - {}
RESULT: {}
RESULT: undefined
COMMAND: POST /session/d119162e921248fd1f7a065fe81fedfa/element - {"using":"xpath","value":"//*[@id=\"__button515\"]"}
COMMAND: GET /session/d119162e921248fd1f7a065fe81fedfa/screenshot - {}
RESULT: {"using":"xpath","value":"//*[@id=\"__button515\"]"}
COMMAND: POST /session/d119162e921248fd1f7a065fe81fedfa/element/f.7D8252E83238221F8080DA22DD8FFCA1.d.E14F969868A30385DC6768C134E6B01B.e.10756/click - {}
RESULT: {}
RESULT: {}
RESULT: undefined
COMMAND: POST /session/d119162e921248fd1f7a065fe81fedfa/execute/async - {"script":"<script> [776 bytes]","args":[{"enterText":"05/11/25","selector":{"id":"application-managestatesandperformance-display-component---detailStateAndPerform--perfDocDatePicker","searchOpenDialogs":true,"interaction":{"idSuffix":"inner"}},"clearTextFirst":true,"interactionType":"ENTER_TEXT"}]}
COMMAND: GET /session/d119162e921248fd1f7a065fe81fedfa/screenshot - {}
RESULT: {"script":"<script> [776 bytes]","args":[{"enterText":"05/11/25","selector":{"id":"application-managestatesandperformance-display-component---detailStateAndPerform--perfDocDatePicker","searchOpenDialogs":true,"interaction":{"idSuffix":"inner"}},"clearTextFirst":true,"interactionType":"ENTER_TEXT"}]}
RESULT: undefined
COMMAND: POST /session/d119162e921248fd1f7a065fe81fedfa/execute/async - {"script":"<script> [776 bytes]","args":[{"enterText":"20.00","selector":{"id":"application-managestatesandperformance-display-component---detailStateAndPerform--counterValue-input","searchOpenDialogs":true,"interaction":{"idSuffix":"inner"}},"clearTextFirst":true,"interactionType":"ENTER_TEXT"}]}
RESULT: {}
RESULT: {"script":"<script> [776 bytes]","args":[{"enterText":"20.00","selector":{"id":"application-managestatesandperformance-display-component---detailStateAndPerform--counterValue-input","searchOpenDialogs":true,"interaction":{"idSuffix":"inner"}},"clearTextFirst":true,"interactionType":"ENTER_TEXT"}]}
COMMAND: POST /session/d119162e921248fd1f7a065fe81fedfa/actions - {"actions":[{"id":"action36","type":"key","parameters":{},"actions":[{"type":"keyDown","value":"î€„"},{"type":"keyDown","value":"î€„"},{"type":"pause","duration":10},{"type":"keyUp","value":"î€„"},{"type":"keyUp","value":"î€„"}]}]}
RESULT: {"actions":[{"id":"action36","type":"key","parameters":{},"actions":[{"type":"keyDown","value":"î€„"},{"type":"keyDown","value":"î€„"},{"type":"pause","duration":10},{"type":"keyUp","value":"î€„"},{"type":"keyUp","value":"î€„"}]}]}
COMMAND: POST /session/d119162e921248fd1f7a065fe81fedfa/actions - {"actions":[{"id":"action37","type":"key","parameters":{},"actions":[{"type":"keyDown","value":"î€‡"},{"type":"pause","duration":10},{"type":"keyUp","value":"î€‡"}]}]}
COMMAND: GET /session/d119162e921248fd1f7a065fe81fedfa/screenshot - {}
RESULT: {"actions":[{"id":"action37","type":"key","parameters":{},"actions":[{"type":"keyDown","value":"î€‡"},{"type":"pause","duration":10},{"type":"keyUp","value":"î€‡"}]}]}
RESULT: undefined
COMMAND: POST /session/d119162e921248fd1f7a065fe81fedfa/element - {"using":"xpath","value":"//*[@id=\"__button522\"]"}
COMMAND: GET /session/d119162e921248fd1f7a065fe81fedfa/screenshot - {}
RESULT: {}
RESULT: {"using":"xpath","value":"//*[@id=\"__button522\"]"}
COMMAND: POST /session/d119162e921248fd1f7a065fe81fedfa/elements - {"using":"xpath","value":"//*[@id=\"__button522\"]"}
RESULT: {}
RESULT: {"using":"xpath","value":"//*[@id=\"__button522\"]"}
COMMAND: POST /session/d119162e921248fd1f7a065fe81fedfa/elements - {"using":"xpath","value":"//*[@id=\"__button522\"]"}
RESULT: {"using":"xpath","value":"//*[@id=\"__button522\"]"}
COMMAND: POST /session/d119162e921248fd1f7a065fe81fedfa/elements - {"using":"xpath","value":"//*[@id=\"__button522\"]"}
RESULT: {"using":"xpath","value":"//*[@id=\"__button522\"]"}
COMMAND: POST /session/d119162e921248fd1f7a065fe81fedfa/elements - {"using":"xpath","value":"//*[@id=\"__button522\"]"}
RESULT: {"using":"xpath","value":"//*[@id=\"__button522\"]"}
COMMAND: POST /session/d119162e921248fd1f7a065fe81fedfa/elements - {"using":"xpath","value":"//*[@id=\"__button522\"]"}
RESULT: {"using":"xpath","value":"//*[@id=\"__button522\"]"}
COMMAND: POST /session/d119162e921248fd1f7a065fe81fedfa/elements - {"using":"xpath","value":"//*[@id=\"__button522\"]"}
RESULT: {"using":"xpath","value":"//*[@id=\"__button522\"]"}
COMMAND: POST /session/d119162e921248fd1f7a065fe81fedfa/elements - {"using":"xpath","value":"//*[@id=\"__button522\"]"}
RESULT: {"using":"xpath","value":"//*[@id=\"__button522\"]"}
COMMAND: POST /session/d119162e921248fd1f7a065fe81fedfa/elements - {"using":"xpath","value":"//*[@id=\"__button522\"]"}
RESULT: {"using":"xpath","value":"//*[@id=\"__button522\"]"}
COMMAND: POST /session/d119162e921248fd1f7a065fe81fedfa/elements - {"using":"xpath","value":"//*[@id=\"__button522\"]"}
RESULT: {"using":"xpath","value":"//*[@id=\"__button522\"]"}
COMMAND: POST /session/d119162e921248fd1f7a065fe81fedfa/elements - {"using":"xpath","value":"//*[@id=\"__button522\"]"}
RESULT: {"using":"xpath","value":"//*[@id=\"__button522\"]"}
COMMAND: POST /session/d119162e921248fd1f7a065fe81fedfa/elements - {"using":"xpath","value":"//*[@id=\"__button522\"]"}
RESULT: {"using":"xpath","value":"//*[@id=\"__button522\"]"}
COMMAND: POST /session/d119162e921248fd1f7a065fe81fedfa/elements - {"using":"xpath","value":"//*[@id=\"__button522\"]"}
RESULT: {"using":"xpath","value":"//*[@id=\"__button522\"]"}
COMMAND: POST /session/d119162e921248fd1f7a065fe81fedfa/elements - {"using":"xpath","value":"//*[@id=\"__button522\"]"}
RESULT: {"using":"xpath","value":"//*[@id=\"__button522\"]"}
COMMAND: POST /session/d119162e921248fd1f7a065fe81fedfa/elements - {"using":"xpath","value":"//*[@id=\"__button522\"]"}
RESULT: {"using":"xpath","value":"//*[@id=\"__button522\"]"}
COMMAND: POST /session/d119162e921248fd1f7a065fe81fedfa/elements - {"using":"xpath","value":"//*[@id=\"__button522\"]"}
RESULT: {"using":"xpath","value":"//*[@id=\"__button522\"]"}
COMMAND: POST /session/d119162e921248fd1f7a065fe81fedfa/elements - {"using":"xpath","value":"//*[@id=\"__button522\"]"}
RESULT: {"using":"xpath","value":"//*[@id=\"__button522\"]"}
COMMAND: POST /session/d119162e921248fd1f7a065fe81fedfa/elements - {"using":"xpath","value":"//*[@id=\"__button522\"]"}
RESULT: {"using":"xpath","value":"//*[@id=\"__button522\"]"}
COMMAND: POST /session/d119162e921248fd1f7a065fe81fedfa/elements - {"using":"xpath","value":"//*[@id=\"__button522\"]"}
RESULT: {"using":"xpath","value":"//*[@id=\"__button522\"]"}
COMMAND: POST /session/d119162e921248fd1f7a065fe81fedfa/elements - {"using":"xpath","value":"//*[@id=\"__button522\"]"}
RESULT: {"using":"xpath","value":"//*[@id=\"__button522\"]"}
COMMAND: POST /session/d119162e921248fd1f7a065fe81fedfa/elements - {"using":"xpath","value":"//*[@id=\"__button522\"]"}
RESULT: {"using":"xpath","value":"//*[@id=\"__button522\"]"}
COMMAND: POST /session/d119162e921248fd1f7a065fe81fedfa/elements - {"using":"xpath","value":"//*[@id=\"__button522\"]"}
RESULT: {"using":"xpath","value":"//*[@id=\"__button522\"]"}
COMMAND: POST /session/d119162e921248fd1f7a065fe81fedfa/elements - {"using":"xpath","value":"//*[@id=\"__button522\"]"}
RESULT: {"using":"xpath","value":"//*[@id=\"__button522\"]"}
COMMAND: POST /session/d119162e921248fd1f7a065fe81fedfa/elements - {"using":"xpath","value":"//*[@id=\"__button522\"]"}
RESULT: {"using":"xpath","value":"//*[@id=\"__button522\"]"}
COMMAND: POST /session/d119162e921248fd1f7a065fe81fedfa/elements - {"using":"xpath","value":"//*[@id=\"__button522\"]"}
RESULT: {"using":"xpath","value":"//*[@id=\"__button522\"]"}
COMMAND: POST /session/d119162e921248fd1f7a065fe81fedfa/elements - {"using":"xpath","value":"//*[@id=\"__button522\"]"}
RESULT: {"using":"xpath","value":"//*[@id=\"__button522\"]"}
COMMAND: POST /session/d119162e921248fd1f7a065fe81fedfa/elements - {"using":"xpath","value":"//*[@id=\"__button522\"]"}
RESULT: {"using":"xpath","value":"//*[@id=\"__button522\"]"}
COMMAND: POST /session/d119162e921248fd1f7a065fe81fedfa/elements - {"using":"xpath","value":"//*[@id=\"__button522\"]"}
RESULT: {"using":"xpath","value":"//*[@id=\"__button522\"]"}
COMMAND: POST /session/d119162e921248fd1f7a065fe81fedfa/elements - {"using":"xpath","value":"//*[@id=\"__button522\"]"}
RESULT: {"using":"xpath","value":"//*[@id=\"__button522\"]"}
COMMAND: POST /session/d119162e921248fd1f7a065fe81fedfa/elements - {"using":"xpath","value":"//*[@id=\"__button522\"]"}
RESULT: {"using":"xpath","value":"//*[@id=\"__button522\"]"}
COMMAND: POST /session/d119162e921248fd1f7a065fe81fedfa/elements - {"using":"xpath","value":"//*[@id=\"__button522\"]"}
RESULT: {"using":"xpath","value":"//*[@id=\"__button522\"]"}
COMMAND: POST /session/d119162e921248fd1f7a065fe81fedfa/elements - {"using":"xpath","value":"//*[@id=\"__button522\"]"}
RESULT: {"using":"xpath","value":"//*[@id=\"__button522\"]"}
COMMAND: POST /session/d119162e921248fd1f7a065fe81fedfa/elements - {"using":"xpath","value":"//*[@id=\"__button522\"]"}
RESULT: {"using":"xpath","value":"//*[@id=\"__button522\"]"}
COMMAND: POST /session/d119162e921248fd1f7a065fe81fedfa/elements - {"using":"xpath","value":"//*[@id=\"__button522\"]"}
RESULT: {"using":"xpath","value":"//*[@id=\"__button522\"]"}
COMMAND: POST /session/d119162e921248fd1f7a065fe81fedfa/elements - {"using":"xpath","value":"//*[@id=\"__button522\"]"}
RESULT: {"using":"xpath","value":"//*[@id=\"__button522\"]"}
COMMAND: POST /session/d119162e921248fd1f7a065fe81fedfa/elements - {"using":"xpath","value":"//*[@id=\"__button522\"]"}
RESULT: {"using":"xpath","value":"//*[@id=\"__button522\"]"}
COMMAND: POST /session/d119162e921248fd1f7a065fe81fedfa/elements - {"using":"xpath","value":"//*[@id=\"__button522\"]"}
RESULT: {"using":"xpath","value":"//*[@id=\"__button522\"]"}
COMMAND: POST /session/d119162e921248fd1f7a065fe81fedfa/elements - {"using":"xpath","value":"//*[@id=\"__button522\"]"}
RESULT: {"using":"xpath","value":"//*[@id=\"__button522\"]"}
COMMAND: POST /session/d119162e921248fd1f7a065fe81fedfa/elements - {"using":"xpath","value":"//*[@id=\"__button522\"]"}
RESULT: {"using":"xpath","value":"//*[@id=\"__button522\"]"}
COMMAND: POST /session/d119162e921248fd1f7a065fe81fedfa/elements - {"using":"xpath","value":"//*[@id=\"__button522\"]"}
RESULT: {"using":"xpath","value":"//*[@id=\"__button522\"]"}
COMMAND: POST /session/d119162e921248fd1f7a065fe81fedfa/elements - {"using":"xpath","value":"//*[@id=\"__button522\"]"}
RESULT: {"using":"xpath","value":"//*[@id=\"__button522\"]"}
COMMAND: POST /session/d119162e921248fd1f7a065fe81fedfa/elements - {"using":"xpath","value":"//*[@id=\"__button522\"]"}
RESULT: {"using":"xpath","value":"//*[@id=\"__button522\"]"}
COMMAND: POST /session/d119162e921248fd1f7a065fe81fedfa/elements - {"using":"xpath","value":"//*[@id=\"__button522\"]"}
RESULT: {"using":"xpath","value":"//*[@id=\"__button522\"]"}
COMMAND: POST /session/d119162e921248fd1f7a065fe81fedfa/elements - {"using":"xpath","value":"//*[@id=\"__button522\"]"}
RESULT: {"using":"xpath","value":"//*[@id=\"__button522\"]"}
COMMAND: POST /session/d119162e921248fd1f7a065fe81fedfa/elements - {"using":"xpath","value":"//*[@id=\"__button522\"]"}
RESULT: {"using":"xpath","value":"//*[@id=\"__button522\"]"}
COMMAND: POST /session/d119162e921248fd1f7a065fe81fedfa/elements - {"using":"xpath","value":"//*[@id=\"__button522\"]"}
RESULT: {"using":"xpath","value":"//*[@id=\"__button522\"]"}
COMMAND: POST /session/d119162e921248fd1f7a065fe81fedfa/elements - {"using":"xpath","value":"//*[@id=\"__button522\"]"}
RESULT: {"using":"xpath","value":"//*[@id=\"__button522\"]"}
COMMAND: POST /session/d119162e921248fd1f7a065fe81fedfa/elements - {"using":"xpath","value":"//*[@id=\"__button522\"]"}
RESULT: {"using":"xpath","value":"//*[@id=\"__button522\"]"}
COMMAND: POST /session/d119162e921248fd1f7a065fe81fedfa/elements - {"using":"xpath","value":"//*[@id=\"__button522\"]"}
RESULT: {"using":"xpath","value":"//*[@id=\"__button522\"]"}
COMMAND: POST /session/d119162e921248fd1f7a065fe81fedfa/elements - {"using":"xpath","value":"//*[@id=\"__button522\"]"}
RESULT: {"using":"xpath","value":"//*[@id=\"__button522\"]"}
COMMAND: POST /session/d119162e921248fd1f7a065fe81fedfa/elements - {"using":"xpath","value":"//*[@id=\"__button522\"]"}
RESULT: {"using":"xpath","value":"//*[@id=\"__button522\"]"}
COMMAND: POST /session/d119162e921248fd1f7a065fe81fedfa/elements - {"using":"xpath","value":"//*[@id=\"__button522\"]"}
RESULT: {"using":"xpath","value":"//*[@id=\"__button522\"]"}
COMMAND: POST /session/d119162e921248fd1f7a065fe81fedfa/elements - {"using":"xpath","value":"//*[@id=\"__button522\"]"}
RESULT: {"using":"xpath","value":"//*[@id=\"__button522\"]"}
COMMAND: POST /session/d119162e921248fd1f7a065fe81fedfa/elements - {"using":"xpath","value":"//*[@id=\"__button522\"]"}
RESULT: {"using":"xpath","value":"//*[@id=\"__button522\"]"}
COMMAND: POST /session/d119162e921248fd1f7a065fe81fedfa/elements - {"using":"xpath","value":"//*[@id=\"__button522\"]"}
RESULT: {"using":"xpath","value":"//*[@id=\"__button522\"]"}
COMMAND: POST /session/d119162e921248fd1f7a065fe81fedfa/elements - {"using":"xpath","value":"//*[@id=\"__button522\"]"}
RESULT: {"using":"xpath","value":"//*[@id=\"__button522\"]"}
COMMAND: POST /session/d119162e921248fd1f7a065fe81fedfa/elements - {"using":"xpath","value":"//*[@id=\"__button522\"]"}
RESULT: {"using":"xpath","value":"//*[@id=\"__button522\"]"}
COMMAND: POST /session/d119162e921248fd1f7a065fe81fedfa/elements - {"using":"xpath","value":"//*[@id=\"__button522\"]"}
RESULT: {"using":"xpath","value":"//*[@id=\"__button522\"]"}
COMMAND: POST /session/d119162e921248fd1f7a065fe81fedfa/elements - {"using":"xpath","value":"//*[@id=\"__button522\"]"}
RESULT: {"using":"xpath","value":"//*[@id=\"__button522\"]"}
COMMAND: POST /session/d119162e921248fd1f7a065fe81fedfa/elements - {"using":"xpath","value":"//*[@id=\"__button522\"]"}
RESULT: {"using":"xpath","value":"//*[@id=\"__button522\"]"}
COMMAND: POST /session/d119162e921248fd1f7a065fe81fedfa/elements - {"using":"xpath","value":"//*[@id=\"__button522\"]"}
RESULT: {"using":"xpath","value":"//*[@id=\"__button522\"]"}
COMMAND: POST /session/d119162e921248fd1f7a065fe81fedfa/elements - {"using":"xpath","value":"//*[@id=\"__button522\"]"}
RESULT: {"using":"xpath","value":"//*[@id=\"__button522\"]"}
COMMAND: POST /session/d119162e921248fd1f7a065fe81fedfa/elements - {"using":"xpath","value":"//*[@id=\"__button522\"]"}
RESULT: {"using":"xpath","value":"//*[@id=\"__button522\"]"}
COMMAND: POST /session/d119162e921248fd1f7a065fe81fedfa/elements - {"using":"xpath","value":"//*[@id=\"__button522\"]"}
RESULT: {"using":"xpath","value":"//*[@id=\"__button522\"]"}
COMMAND: POST /session/d119162e921248fd1f7a065fe81fedfa/elements - {"using":"xpath","value":"//*[@id=\"__button522\"]"}
RESULT: {"using":"xpath","value":"//*[@id=\"__button522\"]"}
COMMAND: POST /session/d119162e921248fd1f7a065fe81fedfa/elements - {"using":"xpath","value":"//*[@id=\"__button522\"]"}
RESULT: {"using":"xpath","value":"//*[@id=\"__button522\"]"}
COMMAND: POST /session/d119162e921248fd1f7a065fe81fedfa/elements - {"using":"xpath","value":"//*[@id=\"__button522\"]"}
RESULT: {"using":"xpath","value":"//*[@id=\"__button522\"]"}
COMMAND: POST /session/d119162e921248fd1f7a065fe81fedfa/elements - {"using":"xpath","value":"//*[@id=\"__button522\"]"}
RESULT: {"using":"xpath","value":"//*[@id=\"__button522\"]"}
COMMAND: POST /session/d119162e921248fd1f7a065fe81fedfa/elements - {"using":"xpath","value":"//*[@id=\"__button522\"]"}
RESULT: {"using":"xpath","value":"//*[@id=\"__button522\"]"}
COMMAND: POST /session/d119162e921248fd1f7a065fe81fedfa/elements - {"using":"xpath","value":"//*[@id=\"__button522\"]"}
RESULT: {"using":"xpath","value":"//*[@id=\"__button522\"]"}
COMMAND: POST /session/d119162e921248fd1f7a065fe81fedfa/elements - {"using":"xpath","value":"//*[@id=\"__button522\"]"}
RESULT: {"using":"xpath","value":"//*[@id=\"__button522\"]"}
COMMAND: POST /session/d119162e921248fd1f7a065fe81fedfa/elements - {"using":"xpath","value":"//*[@id=\"__button522\"]"}
RESULT: {"using":"xpath","value":"//*[@id=\"__button522\"]"}
COMMAND: POST /session/d119162e921248fd1f7a065fe81fedfa/elements - {"using":"xpath","value":"//*[@id=\"__button522\"]"}
RESULT: {"using":"xpath","value":"//*[@id=\"__button522\"]"}
COMMAND: POST /session/d119162e921248fd1f7a065fe81fedfa/elements - {"using":"xpath","value":"//*[@id=\"__button522\"]"}
RESULT: {"using":"xpath","value":"//*[@id=\"__button522\"]"}
COMMAND: POST /session/d119162e921248fd1f7a065fe81fedfa/elements - {"using":"xpath","value":"//*[@id=\"__button522\"]"}
RESULT: {"using":"xpath","value":"//*[@id=\"__button522\"]"}
COMMAND: POST /session/d119162e921248fd1f7a065fe81fedfa/elements - {"using":"xpath","value":"//*[@id=\"__button522\"]"}
RESULT: {"using":"xpath","value":"//*[@id=\"__button522\"]"}
COMMAND: POST /session/d119162e921248fd1f7a065fe81fedfa/elements - {"using":"xpath","value":"//*[@id=\"__button522\"]"}
RESULT: {"using":"xpath","value":"//*[@id=\"__button522\"]"}
COMMAND: POST /session/d119162e921248fd1f7a065fe81fedfa/elements - {"using":"xpath","value":"//*[@id=\"__button522\"]"}
RESULT: {"using":"xpath","value":"//*[@id=\"__button522\"]"}
COMMAND: POST /session/d119162e921248fd1f7a065fe81fedfa/elements - {"using":"xpath","value":"//*[@id=\"__button522\"]"}
RESULT: {"using":"xpath","value":"//*[@id=\"__button522\"]"}
COMMAND: POST /session/d119162e921248fd1f7a065fe81fedfa/elements - {"using":"xpath","value":"//*[@id=\"__button522\"]"}
RESULT: {"using":"xpath","value":"//*[@id=\"__button522\"]"}
COMMAND: POST /session/d119162e921248fd1f7a065fe81fedfa/elements - {"using":"xpath","value":"//*[@id=\"__button522\"]"}
RESULT: {"using":"xpath","value":"//*[@id=\"__button522\"]"}
COMMAND: POST /session/d119162e921248fd1f7a065fe81fedfa/elements - {"using":"xpath","value":"//*[@id=\"__button522\"]"}
RESULT: {"using":"xpath","value":"//*[@id=\"__button522\"]"}
COMMAND: POST /session/d119162e921248fd1f7a065fe81fedfa/elements - {"using":"xpath","value":"//*[@id=\"__button522\"]"}
RESULT: {"using":"xpath","value":"//*[@id=\"__button522\"]"}
COMMAND: POST /session/d119162e921248fd1f7a065fe81fedfa/elements - {"using":"xpath","value":"//*[@id=\"__button522\"]"}
RESULT: {"using":"xpath","value":"//*[@id=\"__button522\"]"}
COMMAND: POST /session/d119162e921248fd1f7a065fe81fedfa/elements - {"using":"xpath","value":"//*[@id=\"__button522\"]"}
RESULT: {"using":"xpath","value":"//*[@id=\"__button522\"]"}
COMMAND: POST /session/d119162e921248fd1f7a065fe81fedfa/elements - {"using":"xpath","value":"//*[@id=\"__button522\"]"}
RESULT: {"using":"xpath","value":"//*[@id=\"__button522\"]"}
COMMAND: POST /session/d119162e921248fd1f7a065fe81fedfa/elements - {"using":"xpath","value":"//*[@id=\"__button522\"]"}
RESULT: {"using":"xpath","value":"//*[@id=\"__button522\"]"}
COMMAND: POST /session/d119162e921248fd1f7a065fe81fedfa/elements - {"using":"xpath","value":"//*[@id=\"__button522\"]"}
RESULT: {"using":"xpath","value":"//*[@id=\"__button522\"]"}
COMMAND: POST /session/d119162e921248fd1f7a065fe81fedfa/elements - {"using":"xpath","value":"//*[@id=\"__button522\"]"}
RESULT: {"using":"xpath","value":"//*[@id=\"__button522\"]"}
COMMAND: POST /session/d119162e921248fd1f7a065fe81fedfa/elements - {"using":"xpath","value":"//*[@id=\"__button522\"]"}
RESULT: {"using":"xpath","value":"//*[@id=\"__button522\"]"}
COMMAND: POST /session/d119162e921248fd1f7a065fe81fedfa/elements - {"using":"xpath","value":"//*[@id=\"__button522\"]"}
RESULT: {"using":"xpath","value":"//*[@id=\"__button522\"]"}
COMMAND: POST /session/d119162e921248fd1f7a065fe81fedfa/elements - {"using":"xpath","value":"//*[@id=\"__button522\"]"}
RESULT: {"using":"xpath","value":"//*[@id=\"__button522\"]"}
COMMAND: POST /session/d119162e921248fd1f7a065fe81fedfa/elements - {"using":"xpath","value":"//*[@id=\"__button522\"]"}
RESULT: {"using":"xpath","value":"//*[@id=\"__button522\"]"}
COMMAND: POST /session/d119162e921248fd1f7a065fe81fedfa/elements - {"using":"xpath","value":"//*[@id=\"__button522\"]"}
RESULT: {"using":"xpath","value":"//*[@id=\"__button522\"]"}
COMMAND: POST /session/d119162e921248fd1f7a065fe81fedfa/elements - {"using":"xpath","value":"//*[@id=\"__button522\"]"}
RESULT: {"using":"xpath","value":"//*[@id=\"__button522\"]"}
COMMAND: POST /session/d119162e921248fd1f7a065fe81fedfa/elements - {"using":"xpath","value":"//*[@id=\"__button522\"]"}
RESULT: {"using":"xpath","value":"//*[@id=\"__button522\"]"}
COMMAND: POST /session/d119162e921248fd1f7a065fe81fedfa/elements - {"using":"xpath","value":"//*[@id=\"__button522\"]"}
RESULT: {"using":"xpath","value":"//*[@id=\"__button522\"]"}
COMMAND: POST /session/d119162e921248fd1f7a065fe81fedfa/elements - {"using":"xpath","value":"//*[@id=\"__button522\"]"}
RESULT: {"using":"xpath","value":"//*[@id=\"__button522\"]"}
COMMAND: POST /session/d119162e921248fd1f7a065fe81fedfa/elements - {"using":"xpath","value":"//*[@id=\"__button522\"]"}
RESULT: {"using":"xpath","value":"//*[@id=\"__button522\"]"}
COMMAND: POST /session/d119162e921248fd1f7a065fe81fedfa/elements - {"using":"xpath","value":"//*[@id=\"__button522\"]"}
RESULT: {"using":"xpath","value":"//*[@id=\"__button522\"]"}
COMMAND: POST /session/d119162e921248fd1f7a065fe81fedfa/elements - {"using":"xpath","value":"//*[@id=\"__button522\"]"}
RESULT: {"using":"xpath","value":"//*[@id=\"__button522\"]"}
COMMAND: POST /session/d119162e921248fd1f7a065fe81fedfa/elements - {"using":"xpath","value":"//*[@id=\"__button522\"]"}
RESULT: {"using":"xpath","value":"//*[@id=\"__button522\"]"}
COMMAND: POST /session/d119162e921248fd1f7a065fe81fedfa/elements - {"using":"xpath","value":"//*[@id=\"__button522\"]"}
RESULT: {"using":"xpath","value":"//*[@id=\"__button522\"]"}
COMMAND: POST /session/d119162e921248fd1f7a065fe81fedfa/elements - {"using":"xpath","value":"//*[@id=\"__button522\"]"}
RESULT: {"using":"xpath","value":"//*[@id=\"__button522\"]"}
COMMAND: POST /session/d119162e921248fd1f7a065fe81fedfa/elements - {"using":"xpath","value":"//*[@id=\"__button522\"]"}
RESULT: {"using":"xpath","value":"//*[@id=\"__button522\"]"}
COMMAND: POST /session/d119162e921248fd1f7a065fe81fedfa/elements - {"using":"xpath","value":"//*[@id=\"__button522\"]"}
RESULT: {"using":"xpath","value":"//*[@id=\"__button522\"]"}
COMMAND: POST /session/d119162e921248fd1f7a065fe81fedfa/elements - {"using":"xpath","value":"//*[@id=\"__button522\"]"}
RESULT: {"using":"xpath","value":"//*[@id=\"__button522\"]"}
COMMAND: POST /session/d119162e921248fd1f7a065fe81fedfa/elements - {"using":"xpath","value":"//*[@id=\"__button522\"]"}
RESULT: {"using":"xpath","value":"//*[@id=\"__button522\"]"}
COMMAND: POST /session/d119162e921248fd1f7a065fe81fedfa/elements - {"using":"xpath","value":"//*[@id=\"__button522\"]"}
RESULT: {"using":"xpath","value":"//*[@id=\"__button522\"]"}
COMMAND: POST /session/d119162e921248fd1f7a065fe81fedfa/elements - {"using":"xpath","value":"//*[@id=\"__button522\"]"}
RESULT: {"using":"xpath","value":"//*[@id=\"__button522\"]"}
COMMAND: POST /session/d119162e921248fd1f7a065fe81fedfa/elements - {"using":"xpath","value":"//*[@id=\"__button522\"]"}
RESULT: {"using":"xpath","value":"//*[@id=\"__button522\"]"}
COMMAND: POST /session/d119162e921248fd1f7a065fe81fedfa/elements - {"using":"xpath","value":"//*[@id=\"__button522\"]"}
RESULT: {"using":"xpath","value":"//*[@id=\"__button522\"]"}
COMMAND: POST /session/d119162e921248fd1f7a065fe81fedfa/elements - {"using":"xpath","value":"//*[@id=\"__button522\"]"}
RESULT: {"using":"xpath","value":"//*[@id=\"__button522\"]"}
COMMAND: POST /session/d119162e921248fd1f7a065fe81fedfa/elements - {"using":"xpath","value":"//*[@id=\"__button522\"]"}
RESULT: {"using":"xpath","value":"//*[@id=\"__button522\"]"}
COMMAND: POST /session/d119162e921248fd1f7a065fe81fedfa/elements - {"using":"xpath","value":"//*[@id=\"__button522\"]"}
RESULT: {"using":"xpath","value":"//*[@id=\"__button522\"]"}
COMMAND: POST /session/d119162e921248fd1f7a065fe81fedfa/elements - {"using":"xpath","value":"//*[@id=\"__button522\"]"}
RESULT: {"using":"xpath","value":"//*[@id=\"__button522\"]"}
COMMAND: POST /session/d119162e921248fd1f7a065fe81fedfa/elements - {"using":"xpath","value":"//*[@id=\"__button522\"]"}
RESULT: {"using":"xpath","value":"//*[@id=\"__button522\"]"}
COMMAND: POST /session/d119162e921248fd1f7a065fe81fedfa/elements - {"using":"xpath","value":"//*[@id=\"__button522\"]"}
RESULT: {"using":"xpath","value":"//*[@id=\"__button522\"]"}
COMMAND: POST /session/d119162e921248fd1f7a065fe81fedfa/elements - {"using":"xpath","value":"//*[@id=\"__button522\"]"}
RESULT: {"using":"xpath","value":"//*[@id=\"__button522\"]"}
COMMAND: POST /session/d119162e921248fd1f7a065fe81fedfa/elements - {"using":"xpath","value":"//*[@id=\"__button522\"]"}
RESULT: {"using":"xpath","value":"//*[@id=\"__button522\"]"}
COMMAND: POST /session/d119162e921248fd1f7a065fe81fedfa/elements - {"using":"xpath","value":"//*[@id=\"__button522\"]"}
RESULT: {"using":"xpath","value":"//*[@id=\"__button522\"]"}
COMMAND: POST /session/d119162e921248fd1f7a065fe81fedfa/elements - {"using":"xpath","value":"//*[@id=\"__button522\"]"}
COMMAND: POST /session/d119162e921248fd1f7a065fe81fedfa/element - {"using":"css selector","value":"#shell-header-logo"}
RESULT: {"using":"xpath","value":"//*[@id=\"__button522\"]"}
RESULT: {"using":"css selector","value":"#shell-header-logo"}
COMMAND: POST /session/d119162e921248fd1f7a065fe81fedfa/execute/sync - {"script":"<script> [8489 bytes]","args":[{"element-6066-11e4-a52e-4f735466cecf":"f.7D8252E83238221F8080DA22DD8FFCA1.d.E14F969868A30385DC6768C134E6B01B.e.10596","ELEMENT":"f.7D8252E83238221F8080DA22DD8FFCA1.d.E14F969868A30385DC6768C134E6B01B.e.10596"}]}
RESULT: {"script":"<script> [8489 bytes]","args":[{"element-6066-11e4-a52e-4f735466cecf":"f.7D8252E83238221F8080DA22DD8FFCA1.d.E14F969868A30385DC6768C134E6B01B.e.10596","ELEMENT":"f.7D8252E83238221F8080DA22DD8FFCA1.d.E14F969868A30385DC6768C134E6B01B.e.10596"}]}
COMMAND: POST /session/d119162e921248fd1f7a065fe81fedfa/execute/sync - {"script":"<script> [5351 bytes]","args":[{"element-6066-11e4-a52e-4f735466cecf":"f.7D8252E83238221F8080DA22DD8FFCA1.d.E14F969868A30385DC6768C134E6B01B.e.10596","ELEMENT":"f.7D8252E83238221F8080DA22DD8FFCA1.d.E14F969868A30385DC6768C134E6B01B.e.10596"}]}
COMMAND: GET /session/d119162e921248fd1f7a065fe81fedfa/screenshot - {}
RESULT: {"script":"<script> [5351 bytes]","args":[{"element-6066-11e4-a52e-4f735466cecf":"f.7D8252E83238221F8080DA22DD8FFCA1.d.E14F969868A30385DC6768C134E6B01B.e.10596","ELEMENT":"f.7D8252E83238221F8080DA22DD8FFCA1.d.E14F969868A30385DC6768C134E6B01B.e.10596"}]}
COMMAND: POST /session/d119162e921248fd1f7a065fe81fedfa/element/f.7D8252E83238221F8080DA22DD8FFCA1.d.E14F969868A30385DC6768C134E6B01B.e.10596/click - {}
COMMAND: GET /session/d119162e921248fd1f7a065fe81fedfa/screenshot - {}
RESULT: {}
RESULT: {}
]]></system-out>
    </testcase>
    <testcase classname="chrome.135_0_7049_96.windows.Create_master_data_for_mixed_billing_&amp;_do_billing_calculation_US151661" name="Should go to Manage Billings and trigger calculation check the conditions applied" time="58.458">
      <system-out><![CDATA[
COMMAND: POST /session/d119162e921248fd1f7a065fe81fedfa/execute/async - {"script":"<script> [1562 bytes]","args":[{"selector":{"controlType":"sap.m.GenericTile","properties":{"header":"Manage Billings"}},"wdio_ui5_key":"sapm.GenericTile{\"header\":\"Manage Billings\"}"}]}
COMMAND: GET /session/d119162e921248fd1f7a065fe81fedfa/screenshot - {}
RESULT: {}
RESULT: {"script":"<script> [1562 bytes]","args":[{"selector":{"controlType":"sap.m.GenericTile","properties":{"header":"Manage Billings"}},"wdio_ui5_key":"sapm.GenericTile{\"header\":\"Manage Billings\"}"}]}
RESULT: undefined
COMMAND: POST /session/d119162e921248fd1f7a065fe81fedfa/element - {"using":"xpath","value":"//*[@id=\"__tile51\"]"}
RESULT: {}
RESULT: {"using":"xpath","value":"//*[@id=\"__tile51\"]"}
COMMAND: POST /session/d119162e921248fd1f7a065fe81fedfa/element/f.7D8252E83238221F8080DA22DD8FFCA1.d.E14F969868A30385DC6768C134E6B01B.e.2939/click - {}
RESULT: {}
COMMAND: GET /session/d119162e921248fd1f7a065fe81fedfa/screenshot - {}
RESULT: {}
COMMAND: POST /session/d119162e921248fd1f7a065fe81fedfa/execute/async - {"script":"<script> [1562 bytes]","args":[{"selector":{"id":"application-managebillings-display-component---billRunCalcResult--smartFilterBar-btnBasicSearch","interaction":{"idSuffix":"I"}},"wdio_ui5_key":"applicationmanagebillings-display-component---billRunCalcResult--smartFilterBar-btnBasicSearch"}]}
RESULT: {"script":"<script> [1562 bytes]","args":[{"selector":{"id":"application-managebillings-display-component---billRunCalcResult--smartFilterBar-btnBasicSearch","interaction":{"idSuffix":"I"}},"wdio_ui5_key":"applicationmanagebillings-display-component---billRunCalcResult--smartFilterBar-btnBasicSearch"}]}
RESULT: undefined
COMMAND: POST /session/d119162e921248fd1f7a065fe81fedfa/execute/async - {"script":"<script> [776 bytes]","args":[{"enterText":"10519","selector":{"id":"application-managebillings-display-component---billRunCalcResult--smartFilterBar-btnBasicSearch","interaction":{"idSuffix":"I"}},"clearTextFirst":true,"interactionType":"ENTER_TEXT"}]}
RESULT: {"script":"<script> [776 bytes]","args":[{"enterText":"10519","selector":{"id":"application-managebillings-display-component---billRunCalcResult--smartFilterBar-btnBasicSearch","interaction":{"idSuffix":"I"}},"clearTextFirst":true,"interactionType":"ENTER_TEXT"}]}
COMMAND: POST /session/d119162e921248fd1f7a065fe81fedfa/actions - {"actions":[{"id":"action38","type":"key","parameters":{},"actions":[{"type":"keyDown","value":"î€‡"},{"type":"pause","duration":10},{"type":"keyUp","value":"î€‡"}]}]}
RESULT: {"actions":[{"id":"action38","type":"key","parameters":{},"actions":[{"type":"keyDown","value":"î€‡"},{"type":"pause","duration":10},{"type":"keyUp","value":"î€‡"}]}]}
COMMAND: GET /session/d119162e921248fd1f7a065fe81fedfa/screenshot - {}
RESULT: {}
COMMAND: POST /session/d119162e921248fd1f7a065fe81fedfa/element - {"using":"xpath","value":"//td[@aria-colindex=\"1\"]/div/div[contains(@class, \"sapMCbBg\")]"}
RESULT: {"using":"xpath","value":"//td[@aria-colindex=\"1\"]/div/div[contains(@class, \"sapMCbBg\")]"}
COMMAND: POST /session/d119162e921248fd1f7a065fe81fedfa/element/f.7D8252E83238221F8080DA22DD8FFCA1.d.E14F969868A30385DC6768C134E6B01B.e.11013/click - {}
RESULT: {}
COMMAND: GET /session/d119162e921248fd1f7a065fe81fedfa/screenshot - {}
RESULT: {}
COMMAND: POST /session/d119162e921248fd1f7a065fe81fedfa/execute/async - {"script":"<script> [1562 bytes]","args":[{"selector":{"id":"application-managebillings-display-component---billRunCalcResult--contractBillRunDate","interaction":{"idSuffix":"inner"}},"wdio_ui5_key":"applicationmanagebillings-display-component---billRunCalcResult--contractBillRunDate"}]}
RESULT: {"script":"<script> [1562 bytes]","args":[{"selector":{"id":"application-managebillings-display-component---billRunCalcResult--contractBillRunDate","interaction":{"idSuffix":"inner"}},"wdio_ui5_key":"applicationmanagebillings-display-component---billRunCalcResult--contractBillRunDate"}]}
RESULT: undefined
COMMAND: POST /session/d119162e921248fd1f7a065fe81fedfa/execute/async - {"script":"<script> [776 bytes]","args":[{"enterText":"06/05/25","selector":{"id":"application-managebillings-display-component---billRunCalcResult--contractBillRunDate","interaction":{"idSuffix":"inner"}},"clearTextFirst":true,"interactionType":"ENTER_TEXT"}]}
RESULT: {"script":"<script> [776 bytes]","args":[{"enterText":"06/05/25","selector":{"id":"application-managebillings-display-component---billRunCalcResult--contractBillRunDate","interaction":{"idSuffix":"inner"}},"clearTextFirst":true,"interactionType":"ENTER_TEXT"}]}
COMMAND: POST /session/d119162e921248fd1f7a065fe81fedfa/element - {"using":"xpath","value":"//bdi[contains(text(), \"Trigger Calculation\")]"}
RESULT: {"using":"xpath","value":"//bdi[contains(text(), \"Trigger Calculation\")]"}
COMMAND: POST /session/d119162e921248fd1f7a065fe81fedfa/element/f.7D8252E83238221F8080DA22DD8FFCA1.d.E14F969868A30385DC6768C134E6B01B.e.11150/click - {}
RESULT: {}
COMMAND: GET /session/d119162e921248fd1f7a065fe81fedfa/screenshot - {}
RESULT: {}
COMMAND: POST /session/d119162e921248fd1f7a065fe81fedfa/element - {"using":"xpath","value":"(//span[contains(@id, \"imgNav\")])[1]"}
RESULT: {"using":"xpath","value":"(//span[contains(@id, \"imgNav\")])[1]"}
COMMAND: POST /session/d119162e921248fd1f7a065fe81fedfa/element/f.7D8252E83238221F8080DA22DD8FFCA1.d.E14F969868A30385DC6768C134E6B01B.e.11040/click - {}
RESULT: {}
COMMAND: GET /session/d119162e921248fd1f7a065fe81fedfa/screenshot - {}
RESULT: {}
COMMAND: POST /session/d119162e921248fd1f7a065fe81fedfa/element - {"using":"xpath","value":"//tr/td[6]/div[1]/span[1]/span[1]"}
RESULT: {"using":"xpath","value":"//tr/td[6]/div[1]/span[1]/span[1]"}
COMMAND: GET /session/d119162e921248fd1f7a065fe81fedfa/element/f.7D8252E83238221F8080DA22DD8FFCA1.d.E14F969868A30385DC6768C134E6B01B.e.11155/text - {}
RESULT: {}
COMMAND: POST /session/d119162e921248fd1f7a065fe81fedfa/element - {"using":"xpath","value":"(//span[contains(@id, \"imgNav\")])[2]"}
RESULT: {"using":"xpath","value":"(//span[contains(@id, \"imgNav\")])[2]"}
COMMAND: POST /session/d119162e921248fd1f7a065fe81fedfa/element/f.7D8252E83238221F8080DA22DD8FFCA1.d.E14F969868A30385DC6768C134E6B01B.e.11156/click - {}
RESULT: {}
COMMAND: POST /session/d119162e921248fd1f7a065fe81fedfa/element - {"using":"xpath","value":"//bdi[contains(text(), \"Business Confirm\")]"}
COMMAND: GET /session/d119162e921248fd1f7a065fe81fedfa/screenshot - {}
RESULT: {"using":"xpath","value":"//bdi[contains(text(), \"Business Confirm\")]"}
COMMAND: POST /session/d119162e921248fd1f7a065fe81fedfa/elements - {"using":"xpath","value":"//bdi[contains(text(), \"Business Confirm\")]"}
RESULT: {}
RESULT: {"using":"xpath","value":"//bdi[contains(text(), \"Business Confirm\")]"}
COMMAND: POST /session/d119162e921248fd1f7a065fe81fedfa/elements - {"using":"xpath","value":"//bdi[contains(text(), \"Business Confirm\")]"}
RESULT: {"using":"xpath","value":"//bdi[contains(text(), \"Business Confirm\")]"}
COMMAND: POST /session/d119162e921248fd1f7a065fe81fedfa/element - {"using":"xpath","value":"//bdi[contains(text(), \"Business Confirm\")]"}
RESULT: {"using":"xpath","value":"//bdi[contains(text(), \"Business Confirm\")]"}
COMMAND: POST /session/d119162e921248fd1f7a065fe81fedfa/element/f.7D8252E83238221F8080DA22DD8FFCA1.d.E14F969868A30385DC6768C134E6B01B.e.11158/click - {}
COMMAND: POST /session/d119162e921248fd1f7a065fe81fedfa/element - {"using":"xpath","value":"//bdi[contains(text(), \"Business Confirm\")]"}
RESULT: {"using":"xpath","value":"//bdi[contains(text(), \"Business Confirm\")]"}
COMMAND: POST /session/d119162e921248fd1f7a065fe81fedfa/element/f.7D8252E83238221F8080DA22DD8FFCA1.d.E14F969868A30385DC6768C134E6B01B.e.11158/click - {}
COMMAND: POST /session/d119162e921248fd1f7a065fe81fedfa/element - {"using":"xpath","value":"//bdi[contains(text(), \"Business Confirm\")]"}
RESULT: {"using":"xpath","value":"//bdi[contains(text(), \"Business Confirm\")]"}
COMMAND: POST /session/d119162e921248fd1f7a065fe81fedfa/element/f.7D8252E83238221F8080DA22DD8FFCA1.d.E14F969868A30385DC6768C134E6B01B.e.11210/click - {}
RESULT: {}
COMMAND: POST /session/d119162e921248fd1f7a065fe81fedfa/element - {"using":"css selector","value":"#shell-header-logo"}
COMMAND: GET /session/d119162e921248fd1f7a065fe81fedfa/screenshot - {}
RESULT: {"using":"css selector","value":"#shell-header-logo"}
COMMAND: POST /session/d119162e921248fd1f7a065fe81fedfa/element/f.7D8252E83238221F8080DA22DD8FFCA1.d.E14F969868A30385DC6768C134E6B01B.e.10797/click - {}
RESULT: {}
RESULT: {}
COMMAND: GET /session/d119162e921248fd1f7a065fe81fedfa/screenshot - {}
RESULT: {}
COMMAND: POST /session/d119162e921248fd1f7a065fe81fedfa/element - {"using":"css selector","value":"#j_username"}
COMMAND: POST /session/d119162e921248fd1f7a065fe81fedfa/url - {"url":"https://qa-testing-00-live-etm-ui.cfapps.eu10-004.hana.ondemand.com/"}
RESULT: {"using":"css selector","value":"#j_username"}
COMMAND: POST /session/d119162e921248fd1f7a065fe81fedfa/element - {"using":"css selector","value":"#j_username"}
RESULT: {"url":"https://qa-testing-00-live-etm-ui.cfapps.eu10-004.hana.ondemand.com/"}
RESULT: undefined
COMMAND: GET /session/d119162e921248fd1f7a065fe81fedfa/screenshot - {}
RESULT: {"using":"css selector","value":"#j_username"}
COMMAND: POST /session/d119162e921248fd1f7a065fe81fedfa/element - {"using":"css selector","value":"#shell-header-logo"}
RESULT: {}
RESULT: {"using":"css selector","value":"#shell-header-logo"}
COMMAND: POST /session/d119162e921248fd1f7a065fe81fedfa/execute/sync - {"script":"<script> [8489 bytes]","args":[{"element-6066-11e4-a52e-4f735466cecf":"f.7D8252E83238221F8080DA22DD8FFCA1.d.431FBD64C54F8483AE18B5FEF905404D.e.11247","ELEMENT":"f.7D8252E83238221F8080DA22DD8FFCA1.d.431FBD64C54F8483AE18B5FEF905404D.e.11247"}]}
RESULT: {"script":"<script> [8489 bytes]","args":[{"element-6066-11e4-a52e-4f735466cecf":"f.7D8252E83238221F8080DA22DD8FFCA1.d.431FBD64C54F8483AE18B5FEF905404D.e.11247","ELEMENT":"f.7D8252E83238221F8080DA22DD8FFCA1.d.431FBD64C54F8483AE18B5FEF905404D.e.11247"}]}
COMMAND: POST /session/d119162e921248fd1f7a065fe81fedfa/element - {"using":"css selector","value":"#shell-header-logo"}
COMMAND: GET /session/d119162e921248fd1f7a065fe81fedfa/screenshot - {}
RESULT: {"using":"css selector","value":"#shell-header-logo"}
COMMAND: POST /session/d119162e921248fd1f7a065fe81fedfa/execute/sync - {"script":"<script> [8489 bytes]","args":[{"element-6066-11e4-a52e-4f735466cecf":"f.7D8252E83238221F8080DA22DD8FFCA1.d.431FBD64C54F8483AE18B5FEF905404D.e.11247","ELEMENT":"f.7D8252E83238221F8080DA22DD8FFCA1.d.431FBD64C54F8483AE18B5FEF905404D.e.11247"}]}
RESULT: {}
RESULT: {"script":"<script> [8489 bytes]","args":[{"element-6066-11e4-a52e-4f735466cecf":"f.7D8252E83238221F8080DA22DD8FFCA1.d.431FBD64C54F8483AE18B5FEF905404D.e.11247","ELEMENT":"f.7D8252E83238221F8080DA22DD8FFCA1.d.431FBD64C54F8483AE18B5FEF905404D.e.11247"}]}
COMMAND: POST /session/d119162e921248fd1f7a065fe81fedfa/execute/sync - {"script":"<script> [5351 bytes]","args":[{"element-6066-11e4-a52e-4f735466cecf":"f.7D8252E83238221F8080DA22DD8FFCA1.d.431FBD64C54F8483AE18B5FEF905404D.e.11247","ELEMENT":"f.7D8252E83238221F8080DA22DD8FFCA1.d.431FBD64C54F8483AE18B5FEF905404D.e.11247"}]}
COMMAND: GET /session/d119162e921248fd1f7a065fe81fedfa/screenshot - {}
RESULT: {"script":"<script> [5351 bytes]","args":[{"element-6066-11e4-a52e-4f735466cecf":"f.7D8252E83238221F8080DA22DD8FFCA1.d.431FBD64C54F8483AE18B5FEF905404D.e.11247","ELEMENT":"f.7D8252E83238221F8080DA22DD8FFCA1.d.431FBD64C54F8483AE18B5FEF905404D.e.11247"}]}
COMMAND: POST /session/d119162e921248fd1f7a065fe81fedfa/element - {"using":"css selector","value":"#shell-header-logo"}
COMMAND: GET /session/d119162e921248fd1f7a065fe81fedfa/screenshot - {}
RESULT: {}
RESULT: {"using":"css selector","value":"#shell-header-logo"}
COMMAND: POST /session/d119162e921248fd1f7a065fe81fedfa/element/f.7D8252E83238221F8080DA22DD8FFCA1.d.431FBD64C54F8483AE18B5FEF905404D.e.11247/click - {}
RESULT: {}
RESULT: {}
COMMAND: GET /session/d119162e921248fd1f7a065fe81fedfa/screenshot - {}
RESULT: {}
COMMAND: POST /session/d119162e921248fd1f7a065fe81fedfa/execute/async - {"script":"<script> [189 bytes]","args":[]}
RESULT: {"script":"<script> [189 bytes]","args":[]}
COMMAND: POST /session/d119162e921248fd1f7a065fe81fedfa/execute/async - {"script":"<script> [123 bytes]","args":[]}
RESULT: {"script":"<script> [123 bytes]","args":[]}
COMMAND: POST /session/d119162e921248fd1f7a065fe81fedfa/timeouts - {"script":"<number>"}
RESULT: {"script":"<number>"}
COMMAND: GET /session/d119162e921248fd1f7a065fe81fedfa/timeouts - {}
RESULT: {}
RESULT: undefined
COMMAND: POST /session/d119162e921248fd1f7a065fe81fedfa/execute/async - {"script":"<script> [2676 bytes]","args":[]}
RESULT: {"script":"<script> [2676 bytes]","args":[]}
COMMAND: POST /session/d119162e921248fd1f7a065fe81fedfa/execute/async - {"script":"<script> [2342 bytes]","args":[{"protocol":"http","hostname":"0.0.0.0","path":"/","capabilities":{"browserName":"chrome","goog:chromeOptions":{"binary":"C:\\Program Files\\Google\\Chrome\\Application\\chrome.exe","args":["--start-maximized"]}},"logLevel":"warn","connectionRetryTimeout":120000,"connectionRetryCount":3,"logLevels":{},"enableDirectConnect":true,"strictSSL":true,"_":"65 more keys: [\"cacheDir\",\"port\",\"requestedCapabilities\",\"automationProtocol\",\"baseUrl\",\"waitforInterval\",\"waitforTimeout\",\"onReload\",\"beforeCommand\",\"afterCommand\",\"rootDir\",\"specs\",\"suites\",\"exclude\",\"groupLogsByTestSpec\",\"excludeDriverLogs\",\"bail\",\"framework\",\"reporters\",\"services\",\"maxInstances\",\"maxInstancesPerCapability\",\"injectGlobals\",\"filesToWatch\",\"execArgv\",\"runnerEnv\",\"runner\",\"shard\",\"specFileRetries\",\"specFileRetriesDelay\",\"specFileRetriesDeferred\",\"reporterSyncInterval\",\"reporterSyncTimeout\",\"cucumberFeaturesWithLineNumbers\",\"autoCompileOpts\",\"mochaOpts\",\"jasmineOpts\",\"cucumberOpts\",\"onPrepare\",\"onWorkerStart\",\"onWorkerEnd\",\"before\",\"beforeSession\",\"beforeSuite\",\"beforeHook\",\"beforeTest\",\"afterTest\",\"afterHook\",\"afterSuite\",\"afterSession\",\"after\",\"onComplete\",\"beforeAssertion\",\"afterAssertion\",\"beforeFeature\",\"beforeScenario\",\"beforeStep\",\"afterStep\",\"afterScenario\",\"afterFeature\",\"_\",\"suite\",\"$0\",\"ignoredWorkerServices\",\"wdi5\"]"}]}
RESULT: {"script":"<script> [2342 bytes]","args":[{"protocol":"http","hostname":"0.0.0.0","path":"/","capabilities":{"browserName":"chrome","goog:chromeOptions":{"binary":"C:\\Program Files\\Google\\Chrome\\Application\\chrome.exe","args":["--start-maximized"]}},"logLevel":"warn","connectionRetryTimeout":120000,"connectionRetryCount":3,"logLevels":{},"enableDirectConnect":true,"strictSSL":true,"_":"65 more keys: [\"cacheDir\",\"port\",\"requestedCapabilities\",\"automationProtocol\",\"baseUrl\",\"waitforInterval\",\"waitforTimeout\",\"onReload\",\"beforeCommand\",\"afterCommand\",\"rootDir\",\"specs\",\"suites\",\"exclude\",\"groupLogsByTestSpec\",\"excludeDriverLogs\",\"bail\",\"framework\",\"reporters\",\"services\",\"maxInstances\",\"maxInstancesPerCapability\",\"injectGlobals\",\"filesToWatch\",\"execArgv\",\"runnerEnv\",\"runner\",\"shard\",\"specFileRetries\",\"specFileRetriesDelay\",\"specFileRetriesDeferred\",\"reporterSyncInterval\",\"reporterSyncTimeout\",\"cucumberFeaturesWithLineNumbers\",\"autoCompileOpts\",\"mochaOpts\",\"jasmineOpts\",\"cucumberOpts\",\"onPrepare\",\"onWorkerStart\",\"onWorkerEnd\",\"before\",\"beforeSession\",\"beforeSuite\",\"beforeHook\",\"beforeTest\",\"afterTest\",\"afterHook\",\"afterSuite\",\"afterSession\",\"after\",\"onComplete\",\"beforeAssertion\",\"afterAssertion\",\"beforeFeature\",\"beforeScenario\",\"beforeStep\",\"afterStep\",\"afterScenario\",\"afterFeature\",\"_\",\"suite\",\"$0\",\"ignoredWorkerServices\",\"wdi5\"]"}]}
COMMAND: POST /session/d119162e921248fd1f7a065fe81fedfa/execute/async - {"script":"<script> [21126 bytes]","args":[35000]}
RESULT: {"script":"<script> [21126 bytes]","args":[35000]}
COMMAND: POST /session/d119162e921248fd1f7a065fe81fedfa/window/maximize - {}
RESULT: {}
COMMAND: POST /session/d119162e921248fd1f7a065fe81fedfa/execute/async - {"script":"<script> [1562 bytes]","args":[{"selector":{"id":"shell-header","interaction":{"idSuffix":"icon"}},"wdio_ui5_key":"shellheader"}]}
COMMAND: GET /session/d119162e921248fd1f7a065fe81fedfa/screenshot - {}
RESULT: {"script":"<script> [1562 bytes]","args":[{"selector":{"id":"shell-header","interaction":{"idSuffix":"icon"}},"wdio_ui5_key":"shellheader"}]}
RESULT: undefined
COMMAND: POST /session/d119162e921248fd1f7a065fe81fedfa/refresh - {}
RESULT: {}
RESULT: {}
COMMAND: GET /session/d119162e921248fd1f7a065fe81fedfa/screenshot - {}
RESULT: {}
COMMAND: POST /session/d119162e921248fd1f7a065fe81fedfa/refresh - {}
RESULT: {}
COMMAND: GET /session/d119162e921248fd1f7a065fe81fedfa/screenshot - {}
RESULT: {}
COMMAND: POST /session/d119162e921248fd1f7a065fe81fedfa/window/fullscreen - {}
RESULT: {}
COMMAND: POST /session/d119162e921248fd1f7a065fe81fedfa/execute/async - {"script":"<script> [189 bytes]","args":[]}
RESULT: {"script":"<script> [189 bytes]","args":[]}
COMMAND: POST /session/d119162e921248fd1f7a065fe81fedfa/execute/async - {"script":"<script> [123 bytes]","args":[]}
RESULT: {"script":"<script> [123 bytes]","args":[]}
COMMAND: POST /session/d119162e921248fd1f7a065fe81fedfa/timeouts - {"script":"<number>"}
RESULT: {"script":"<number>"}
COMMAND: GET /session/d119162e921248fd1f7a065fe81fedfa/timeouts - {}
RESULT: {}
RESULT: undefined
COMMAND: POST /session/d119162e921248fd1f7a065fe81fedfa/execute/async - {"script":"<script> [2676 bytes]","args":[]}
RESULT: {"script":"<script> [2676 bytes]","args":[]}
COMMAND: POST /session/d119162e921248fd1f7a065fe81fedfa/execute/async - {"script":"<script> [2342 bytes]","args":[{"protocol":"http","hostname":"0.0.0.0","path":"/","capabilities":{"browserName":"chrome","goog:chromeOptions":{"binary":"C:\\Program Files\\Google\\Chrome\\Application\\chrome.exe","args":["--start-maximized"]}},"logLevel":"warn","connectionRetryTimeout":120000,"connectionRetryCount":3,"logLevels":{},"enableDirectConnect":true,"strictSSL":true,"_":"65 more keys: [\"cacheDir\",\"port\",\"requestedCapabilities\",\"automationProtocol\",\"baseUrl\",\"waitforInterval\",\"waitforTimeout\",\"onReload\",\"beforeCommand\",\"afterCommand\",\"rootDir\",\"specs\",\"suites\",\"exclude\",\"groupLogsByTestSpec\",\"excludeDriverLogs\",\"bail\",\"framework\",\"reporters\",\"services\",\"maxInstances\",\"maxInstancesPerCapability\",\"injectGlobals\",\"filesToWatch\",\"execArgv\",\"runnerEnv\",\"runner\",\"shard\",\"specFileRetries\",\"specFileRetriesDelay\",\"specFileRetriesDeferred\",\"reporterSyncInterval\",\"reporterSyncTimeout\",\"cucumberFeaturesWithLineNumbers\",\"autoCompileOpts\",\"mochaOpts\",\"jasmineOpts\",\"cucumberOpts\",\"onPrepare\",\"onWorkerStart\",\"onWorkerEnd\",\"before\",\"beforeSession\",\"beforeSuite\",\"beforeHook\",\"beforeTest\",\"afterTest\",\"afterHook\",\"afterSuite\",\"afterSession\",\"after\",\"onComplete\",\"beforeAssertion\",\"afterAssertion\",\"beforeFeature\",\"beforeScenario\",\"beforeStep\",\"afterStep\",\"afterScenario\",\"afterFeature\",\"_\",\"suite\",\"$0\",\"ignoredWorkerServices\",\"wdi5\"]"}]}
RESULT: {"script":"<script> [2342 bytes]","args":[{"protocol":"http","hostname":"0.0.0.0","path":"/","capabilities":{"browserName":"chrome","goog:chromeOptions":{"binary":"C:\\Program Files\\Google\\Chrome\\Application\\chrome.exe","args":["--start-maximized"]}},"logLevel":"warn","connectionRetryTimeout":120000,"connectionRetryCount":3,"logLevels":{},"enableDirectConnect":true,"strictSSL":true,"_":"65 more keys: [\"cacheDir\",\"port\",\"requestedCapabilities\",\"automationProtocol\",\"baseUrl\",\"waitforInterval\",\"waitforTimeout\",\"onReload\",\"beforeCommand\",\"afterCommand\",\"rootDir\",\"specs\",\"suites\",\"exclude\",\"groupLogsByTestSpec\",\"excludeDriverLogs\",\"bail\",\"framework\",\"reporters\",\"services\",\"maxInstances\",\"maxInstancesPerCapability\",\"injectGlobals\",\"filesToWatch\",\"execArgv\",\"runnerEnv\",\"runner\",\"shard\",\"specFileRetries\",\"specFileRetriesDelay\",\"specFileRetriesDeferred\",\"reporterSyncInterval\",\"reporterSyncTimeout\",\"cucumberFeaturesWithLineNumbers\",\"autoCompileOpts\",\"mochaOpts\",\"jasmineOpts\",\"cucumberOpts\",\"onPrepare\",\"onWorkerStart\",\"onWorkerEnd\",\"before\",\"beforeSession\",\"beforeSuite\",\"beforeHook\",\"beforeTest\",\"afterTest\",\"afterHook\",\"afterSuite\",\"afterSession\",\"after\",\"onComplete\",\"beforeAssertion\",\"afterAssertion\",\"beforeFeature\",\"beforeScenario\",\"beforeStep\",\"afterStep\",\"afterScenario\",\"afterFeature\",\"_\",\"suite\",\"$0\",\"ignoredWorkerServices\",\"wdi5\"]"}]}
COMMAND: POST /session/d119162e921248fd1f7a065fe81fedfa/execute/async - {"script":"<script> [21126 bytes]","args":[35000]}
RESULT: {"script":"<script> [21126 bytes]","args":[35000]}
]]></system-out>
    </testcase>
  </testsuite>
  <testsuite timestamp="2025-05-05T06:10:50" time="728.288" tests="13" failures="0" errors="0" skipped="0">
    <properties>
      <property name="specId" value="0" />
      <property name="suiteName" value="Performance based billing (work days) US139742" />
      <property name="capabilities" value="chrome.135_0_7049_96.windows" />
      <property name="file" value="file:///D:/a/1/s/test/specs/BTS/billing-performance-workdays.spec.js" />
    </properties>
    <testcase classname="chrome.135_0_7049_96.windows.Performance_based_billing_(work_days)_US139742" name="Should create a new yard" time="0.025">
      <system-out><![CDATA[
COMMAND: POST /session/d119162e921248fd1f7a065fe81fedfa/window/fullscreen - {}
RESULT: {}
]]></system-out>
    </testcase>
    <testcase classname="chrome.135_0_7049_96.windows.Performance_based_billing_(work_days)_US139742" name="Should create a new partner" time="0.003" />
    <testcase classname="chrome.135_0_7049_96.windows.Performance_based_billing_(work_days)_US139742" name="Should create a new site" time="0.003" />
    <testcase classname="chrome.135_0_7049_96.windows.Performance_based_billing_(work_days)_US139742" name="Should do prerequisite steps add equipment" time="123.05">
      <system-out><![CDATA[
COMMAND: POST /session/d119162e921248fd1f7a065fe81fedfa/execute/async - {"script":"<script> [1562 bytes]","args":[{"selector":{"controlType":"sap.m.GenericTile","properties":{"header":"Manage Resources"}},"wdio_ui5_key":"sapm.GenericTile{\"header\":\"Manage Resources\"}"}]}
RESULT: {"script":"<script> [1562 bytes]","args":[{"selector":{"controlType":"sap.m.GenericTile","properties":{"header":"Manage Resources"}},"wdio_ui5_key":"sapm.GenericTile{\"header\":\"Manage Resources\"}"}]}
RESULT: undefined
COMMAND: POST /session/d119162e921248fd1f7a065fe81fedfa/element - {"using":"xpath","value":"//*[@id=\"__tile39\"]"}
RESULT: {"using":"xpath","value":"//*[@id=\"__tile39\"]"}
COMMAND: POST /session/d119162e921248fd1f7a065fe81fedfa/element/f.7D8252E83238221F8080DA22DD8FFCA1.d.21CEDD3FCDD0A72D699982BEECD23F9A.e.11401/click - {}
RESULT: {}
COMMAND: POST /session/d119162e921248fd1f7a065fe81fedfa/element - {"using":"xpath","value":"//button[@data-kt=\"addNewRUOverflowToolbarButton\"]"}
COMMAND: GET /session/d119162e921248fd1f7a065fe81fedfa/screenshot - {}
RESULT: {"using":"xpath","value":"//button[@data-kt=\"addNewRUOverflowToolbarButton\"]"}
COMMAND: POST /session/d119162e921248fd1f7a065fe81fedfa/elements - {"using":"xpath","value":"//button[@data-kt=\"addNewRUOverflowToolbarButton\"]"}
RESULT: {}
RESULT: {"using":"xpath","value":"//button[@data-kt=\"addNewRUOverflowToolbarButton\"]"}
COMMAND: POST /session/d119162e921248fd1f7a065fe81fedfa/elements - {"using":"xpath","value":"//button[@data-kt=\"addNewRUOverflowToolbarButton\"]"}
RESULT: {"using":"xpath","value":"//button[@data-kt=\"addNewRUOverflowToolbarButton\"]"}
COMMAND: POST /session/d119162e921248fd1f7a065fe81fedfa/elements - {"using":"xpath","value":"//button[@data-kt=\"addNewRUOverflowToolbarButton\"]"}
RESULT: {"using":"xpath","value":"//button[@data-kt=\"addNewRUOverflowToolbarButton\"]"}
COMMAND: POST /session/d119162e921248fd1f7a065fe81fedfa/elements - {"using":"xpath","value":"//button[@data-kt=\"addNewRUOverflowToolbarButton\"]"}
RESULT: {"using":"xpath","value":"//button[@data-kt=\"addNewRUOverflowToolbarButton\"]"}
COMMAND: POST /session/d119162e921248fd1f7a065fe81fedfa/elements - {"using":"xpath","value":"//button[@data-kt=\"addNewRUOverflowToolbarButton\"]"}
RESULT: {"using":"xpath","value":"//button[@data-kt=\"addNewRUOverflowToolbarButton\"]"}
COMMAND: POST /session/d119162e921248fd1f7a065fe81fedfa/elements - {"using":"xpath","value":"//button[@data-kt=\"addNewRUOverflowToolbarButton\"]"}
RESULT: {"using":"xpath","value":"//button[@data-kt=\"addNewRUOverflowToolbarButton\"]"}
COMMAND: POST /session/d119162e921248fd1f7a065fe81fedfa/elements - {"using":"xpath","value":"//button[@data-kt=\"addNewRUOverflowToolbarButton\"]"}
RESULT: {"using":"xpath","value":"//button[@data-kt=\"addNewRUOverflowToolbarButton\"]"}
COMMAND: POST /session/d119162e921248fd1f7a065fe81fedfa/elements - {"using":"xpath","value":"//button[@data-kt=\"addNewRUOverflowToolbarButton\"]"}
RESULT: {"using":"xpath","value":"//button[@data-kt=\"addNewRUOverflowToolbarButton\"]"}
COMMAND: POST /session/d119162e921248fd1f7a065fe81fedfa/elements - {"using":"xpath","value":"//button[@data-kt=\"addNewRUOverflowToolbarButton\"]"}
RESULT: {"using":"xpath","value":"//button[@data-kt=\"addNewRUOverflowToolbarButton\"]"}
COMMAND: POST /session/d119162e921248fd1f7a065fe81fedfa/elements - {"using":"xpath","value":"//button[@data-kt=\"addNewRUOverflowToolbarButton\"]"}
RESULT: {"using":"xpath","value":"//button[@data-kt=\"addNewRUOverflowToolbarButton\"]"}
COMMAND: POST /session/d119162e921248fd1f7a065fe81fedfa/elements - {"using":"xpath","value":"//button[@data-kt=\"addNewRUOverflowToolbarButton\"]"}
RESULT: {"using":"xpath","value":"//button[@data-kt=\"addNewRUOverflowToolbarButton\"]"}
COMMAND: POST /session/d119162e921248fd1f7a065fe81fedfa/elements - {"using":"xpath","value":"//button[@data-kt=\"addNewRUOverflowToolbarButton\"]"}
RESULT: {"using":"xpath","value":"//button[@data-kt=\"addNewRUOverflowToolbarButton\"]"}
COMMAND: POST /session/d119162e921248fd1f7a065fe81fedfa/elements - {"using":"xpath","value":"//button[@data-kt=\"addNewRUOverflowToolbarButton\"]"}
RESULT: {"using":"xpath","value":"//button[@data-kt=\"addNewRUOverflowToolbarButton\"]"}
COMMAND: POST /session/d119162e921248fd1f7a065fe81fedfa/elements - {"using":"xpath","value":"//button[@data-kt=\"addNewRUOverflowToolbarButton\"]"}
RESULT: {"using":"xpath","value":"//button[@data-kt=\"addNewRUOverflowToolbarButton\"]"}
COMMAND: POST /session/d119162e921248fd1f7a065fe81fedfa/elements - {"using":"xpath","value":"//button[@data-kt=\"addNewRUOverflowToolbarButton\"]"}
RESULT: {"using":"xpath","value":"//button[@data-kt=\"addNewRUOverflowToolbarButton\"]"}
COMMAND: POST /session/d119162e921248fd1f7a065fe81fedfa/elements - {"using":"xpath","value":"//button[@data-kt=\"addNewRUOverflowToolbarButton\"]"}
RESULT: {"using":"xpath","value":"//button[@data-kt=\"addNewRUOverflowToolbarButton\"]"}
COMMAND: POST /session/d119162e921248fd1f7a065fe81fedfa/elements - {"using":"xpath","value":"//button[@data-kt=\"addNewRUOverflowToolbarButton\"]"}
RESULT: {"using":"xpath","value":"//button[@data-kt=\"addNewRUOverflowToolbarButton\"]"}
COMMAND: POST /session/d119162e921248fd1f7a065fe81fedfa/elements - {"using":"xpath","value":"//button[@data-kt=\"addNewRUOverflowToolbarButton\"]"}
RESULT: {"using":"xpath","value":"//button[@data-kt=\"addNewRUOverflowToolbarButton\"]"}
COMMAND: POST /session/d119162e921248fd1f7a065fe81fedfa/elements - {"using":"xpath","value":"//button[@data-kt=\"addNewRUOverflowToolbarButton\"]"}
RESULT: {"using":"xpath","value":"//button[@data-kt=\"addNewRUOverflowToolbarButton\"]"}
COMMAND: POST /session/d119162e921248fd1f7a065fe81fedfa/elements - {"using":"xpath","value":"//button[@data-kt=\"addNewRUOverflowToolbarButton\"]"}
RESULT: {"using":"xpath","value":"//button[@data-kt=\"addNewRUOverflowToolbarButton\"]"}
COMMAND: POST /session/d119162e921248fd1f7a065fe81fedfa/elements - {"using":"xpath","value":"//button[@data-kt=\"addNewRUOverflowToolbarButton\"]"}
RESULT: {"using":"xpath","value":"//button[@data-kt=\"addNewRUOverflowToolbarButton\"]"}
COMMAND: POST /session/d119162e921248fd1f7a065fe81fedfa/element - {"using":"xpath","value":"//button[@data-kt=\"addNewRUOverflowToolbarButton\"]"}
RESULT: {"using":"xpath","value":"//button[@data-kt=\"addNewRUOverflowToolbarButton\"]"}
COMMAND: POST /session/d119162e921248fd1f7a065fe81fedfa/execute/sync - {"script":"<script> [8489 bytes]","args":[{"element-6066-11e4-a52e-4f735466cecf":"f.7D8252E83238221F8080DA22DD8FFCA1.d.21CEDD3FCDD0A72D699982BEECD23F9A.e.11533","ELEMENT":"f.7D8252E83238221F8080DA22DD8FFCA1.d.21CEDD3FCDD0A72D699982BEECD23F9A.e.11533"}]}
RESULT: {"script":"<script> [8489 bytes]","args":[{"element-6066-11e4-a52e-4f735466cecf":"f.7D8252E83238221F8080DA22DD8FFCA1.d.21CEDD3FCDD0A72D699982BEECD23F9A.e.11533","ELEMENT":"f.7D8252E83238221F8080DA22DD8FFCA1.d.21CEDD3FCDD0A72D699982BEECD23F9A.e.11533"}]}
COMMAND: GET /session/d119162e921248fd1f7a065fe81fedfa/element/f.7D8252E83238221F8080DA22DD8FFCA1.d.21CEDD3FCDD0A72D699982BEECD23F9A.e.11533/enabled - {}
COMMAND: GET /session/d119162e921248fd1f7a065fe81fedfa/screenshot - {}
RESULT: {}
COMMAND: POST /session/d119162e921248fd1f7a065fe81fedfa/execute/sync - {"script":"<script> [8489 bytes]","args":[{"element-6066-11e4-a52e-4f735466cecf":"f.7D8252E83238221F8080DA22DD8FFCA1.d.21CEDD3FCDD0A72D699982BEECD23F9A.e.11533","ELEMENT":"f.7D8252E83238221F8080DA22DD8FFCA1.d.21CEDD3FCDD0A72D699982BEECD23F9A.e.11533"}]}
COMMAND: GET /session/d119162e921248fd1f7a065fe81fedfa/screenshot - {}
RESULT: {}
RESULT: {"script":"<script> [8489 bytes]","args":[{"element-6066-11e4-a52e-4f735466cecf":"f.7D8252E83238221F8080DA22DD8FFCA1.d.21CEDD3FCDD0A72D699982BEECD23F9A.e.11533","ELEMENT":"f.7D8252E83238221F8080DA22DD8FFCA1.d.21CEDD3FCDD0A72D699982BEECD23F9A.e.11533"}]}
COMMAND: POST /session/d119162e921248fd1f7a065fe81fedfa/execute/sync - {"script":"<script> [5351 bytes]","args":[{"element-6066-11e4-a52e-4f735466cecf":"f.7D8252E83238221F8080DA22DD8FFCA1.d.21CEDD3FCDD0A72D699982BEECD23F9A.e.11533","ELEMENT":"f.7D8252E83238221F8080DA22DD8FFCA1.d.21CEDD3FCDD0A72D699982BEECD23F9A.e.11533"}]}
COMMAND: GET /session/d119162e921248fd1f7a065fe81fedfa/screenshot - {}
RESULT: {}
RESULT: {"script":"<script> [5351 bytes]","args":[{"element-6066-11e4-a52e-4f735466cecf":"f.7D8252E83238221F8080DA22DD8FFCA1.d.21CEDD3FCDD0A72D699982BEECD23F9A.e.11533","ELEMENT":"f.7D8252E83238221F8080DA22DD8FFCA1.d.21CEDD3FCDD0A72D699982BEECD23F9A.e.11533"}]}
COMMAND: POST /session/d119162e921248fd1f7a065fe81fedfa/element/f.7D8252E83238221F8080DA22DD8FFCA1.d.21CEDD3FCDD0A72D699982BEECD23F9A.e.11533/click - {}
COMMAND: GET /session/d119162e921248fd1f7a065fe81fedfa/screenshot - {}
RESULT: {}
RESULT: {}
COMMAND: GET /session/d119162e921248fd1f7a065fe81fedfa/screenshot - {}
RESULT: {}
RESULT: {}
COMMAND: POST /session/d119162e921248fd1f7a065fe81fedfa/execute/async - {"script":"<script> [1562 bytes]","args":[{"selector":{"id":"application-manageresources-display-component---newResourceUnit--TYPE-arrow"},"wdio_ui5_key":"applicationmanageresources-display-component---newResourceUnit--TYPE-arrow"}]}
RESULT: {"script":"<script> [1562 bytes]","args":[{"selector":{"id":"application-manageresources-display-component---newResourceUnit--TYPE-arrow"},"wdio_ui5_key":"applicationmanageresources-display-component---newResourceUnit--TYPE-arrow"}]}
RESULT: undefined
COMMAND: POST /session/d119162e921248fd1f7a065fe81fedfa/element - {"using":"xpath","value":"//*[@id=\"application-manageresources-display-component---newResourceUnit--TYPE-arrow\"]"}
RESULT: {"using":"xpath","value":"//*[@id=\"application-manageresources-display-component---newResourceUnit--TYPE-arrow\"]"}
COMMAND: POST /session/d119162e921248fd1f7a065fe81fedfa/element/f.7D8252E83238221F8080DA22DD8FFCA1.d.21CEDD3FCDD0A72D699982BEECD23F9A.e.11901/click - {}
RESULT: {}
COMMAND: POST /session/d119162e921248fd1f7a065fe81fedfa/element - {"using":"xpath","value":"//input[@id=\"application-manageresources-display-component---newResourceUnit--TYPE-inner\"]"}
COMMAND: GET /session/d119162e921248fd1f7a065fe81fedfa/screenshot - {}
RESULT: {"using":"xpath","value":"//input[@id=\"application-manageresources-display-component---newResourceUnit--TYPE-inner\"]"}
COMMAND: POST /session/d119162e921248fd1f7a065fe81fedfa/element/f.7D8252E83238221F8080DA22DD8FFCA1.d.21CEDD3FCDD0A72D699982BEECD23F9A.e.11884/clear - {}
RESULT: {}
RESULT: {}
COMMAND: POST /session/d119162e921248fd1f7a065fe81fedfa/element/f.7D8252E83238221F8080DA22DD8FFCA1.d.21CEDD3FCDD0A72D699982BEECD23F9A.e.11884/value - {"text":"Equipment"}
COMMAND: GET /session/d119162e921248fd1f7a065fe81fedfa/screenshot - {}
RESULT: {"text":"Equipment"}
COMMAND: GET /session/d119162e921248fd1f7a065fe81fedfa/screenshot - {}
RESULT: {}
RESULT: {}
COMMAND: POST /session/d119162e921248fd1f7a065fe81fedfa/actions - {"actions":[{"id":"action39","type":"key","parameters":{},"actions":[{"type":"keyDown","value":"î€‡"},{"type":"pause","duration":10},{"type":"keyUp","value":"î€‡"}]}]}
RESULT: {"actions":[{"id":"action39","type":"key","parameters":{},"actions":[{"type":"keyDown","value":"î€‡"},{"type":"pause","duration":10},{"type":"keyUp","value":"î€‡"}]}]}
COMMAND: POST /session/d119162e921248fd1f7a065fe81fedfa/execute/async - {"script":"<script> [1562 bytes]","args":[{"selector":{"id":"application-manageresources-display-component---newResourceUnit--resourceId","interaction":{"idSuffix":"inner"}},"wdio_ui5_key":"applicationmanageresources-display-component---newResourceUnit--resourceId"}]}
COMMAND: GET /session/d119162e921248fd1f7a065fe81fedfa/screenshot - {}
RESULT: {"script":"<script> [1562 bytes]","args":[{"selector":{"id":"application-manageresources-display-component---newResourceUnit--resourceId","interaction":{"idSuffix":"inner"}},"wdio_ui5_key":"applicationmanageresources-display-component---newResourceUnit--resourceId"}]}
RESULT: undefined
COMMAND: POST /session/d119162e921248fd1f7a065fe81fedfa/execute/async - {"script":"<script> [776 bytes]","args":[{"enterText":"r8VjUvJaNh","selector":{"id":"application-manageresources-display-component---newResourceUnit--resourceId","interaction":{"idSuffix":"inner"}},"clearTextFirst":true,"interactionType":"ENTER_TEXT"}]}
RESULT: {}
RESULT: {"script":"<script> [776 bytes]","args":[{"enterText":"r8VjUvJaNh","selector":{"id":"application-manageresources-display-component---newResourceUnit--resourceId","interaction":{"idSuffix":"inner"}},"clearTextFirst":true,"interactionType":"ENTER_TEXT"}]}
COMMAND: POST /session/d119162e921248fd1f7a065fe81fedfa/execute/async - {"script":"<script> [1562 bytes]","args":[{"selector":{"id":"application-manageresources-display-component---newResourceUnit--SHORT_TEXT","interaction":{"idSuffix":"inner"}},"wdio_ui5_key":"applicationmanageresources-display-component---newResourceUnit--SHORT_TEXT"}]}
RESULT: {"script":"<script> [1562 bytes]","args":[{"selector":{"id":"application-manageresources-display-component---newResourceUnit--SHORT_TEXT","interaction":{"idSuffix":"inner"}},"wdio_ui5_key":"applicationmanageresources-display-component---newResourceUnit--SHORT_TEXT"}]}
RESULT: undefined
COMMAND: POST /session/d119162e921248fd1f7a065fe81fedfa/execute/async - {"script":"<script> [776 bytes]","args":[{"enterText":"Intercompany Equipment WDIO","selector":{"id":"application-manageresources-display-component---newResourceUnit--SHORT_TEXT","interaction":{"idSuffix":"inner"}},"clearTextFirst":true,"interactionType":"ENTER_TEXT"}]}
RESULT: {"script":"<script> [776 bytes]","args":[{"enterText":"Intercompany Equipment WDIO","selector":{"id":"application-manageresources-display-component---newResourceUnit--SHORT_TEXT","interaction":{"idSuffix":"inner"}},"clearTextFirst":true,"interactionType":"ENTER_TEXT"}]}
COMMAND: POST /session/d119162e921248fd1f7a065fe81fedfa/execute/async - {"script":"<script> [1562 bytes]","args":[{"selector":{"id":"application-manageresources-display-component---newResourceUnit--BASE_UNIT_OF_MEASURE","interaction":{"idSuffix":"inner"}},"wdio_ui5_key":"applicationmanageresources-display-component---newResourceUnit--BASE_UNIT_OF_MEASURE"}]}
RESULT: {"script":"<script> [1562 bytes]","args":[{"selector":{"id":"application-manageresources-display-component---newResourceUnit--BASE_UNIT_OF_MEASURE","interaction":{"idSuffix":"inner"}},"wdio_ui5_key":"applicationmanageresources-display-component---newResourceUnit--BASE_UNIT_OF_MEASURE"}]}
RESULT: undefined
COMMAND: POST /session/d119162e921248fd1f7a065fe81fedfa/execute/async - {"script":"<script> [776 bytes]","args":[{"enterText":"Piece","selector":{"id":"application-manageresources-display-component---newResourceUnit--BASE_UNIT_OF_MEASURE","interaction":{"idSuffix":"inner"}},"clearTextFirst":true,"interactionType":"ENTER_TEXT"}]}
RESULT: {"script":"<script> [776 bytes]","args":[{"enterText":"Piece","selector":{"id":"application-manageresources-display-component---newResourceUnit--BASE_UNIT_OF_MEASURE","interaction":{"idSuffix":"inner"}},"clearTextFirst":true,"interactionType":"ENTER_TEXT"}]}
COMMAND: POST /session/d119162e921248fd1f7a065fe81fedfa/execute/async - {"script":"<script> [1562 bytes]","args":[{"selector":{"id":"application-manageresources-display-component---newResourceUnit--WEIGHT_UNIT","interaction":{"idSuffix":"inner"}},"wdio_ui5_key":"applicationmanageresources-display-component---newResourceUnit--WEIGHT_UNIT"}]}
RESULT: {"script":"<script> [1562 bytes]","args":[{"selector":{"id":"application-manageresources-display-component---newResourceUnit--WEIGHT_UNIT","interaction":{"idSuffix":"inner"}},"wdio_ui5_key":"applicationmanageresources-display-component---newResourceUnit--WEIGHT_UNIT"}]}
RESULT: undefined
COMMAND: POST /session/d119162e921248fd1f7a065fe81fedfa/execute/async - {"script":"<script> [776 bytes]","args":[{"enterText":"Gram","selector":{"id":"application-manageresources-display-component---newResourceUnit--WEIGHT_UNIT","interaction":{"idSuffix":"inner"}},"clearTextFirst":true,"interactionType":"ENTER_TEXT"}]}
RESULT: {"script":"<script> [776 bytes]","args":[{"enterText":"Gram","selector":{"id":"application-manageresources-display-component---newResourceUnit--WEIGHT_UNIT","interaction":{"idSuffix":"inner"}},"clearTextFirst":true,"interactionType":"ENTER_TEXT"}]}
COMMAND: POST /session/d119162e921248fd1f7a065fe81fedfa/execute/async - {"script":"<script> [1562 bytes]","args":[{"selector":{"id":"application-manageresources-display-component---newResourceUnit--DIMENSION_UNIT","interaction":{"idSuffix":"inner"}},"wdio_ui5_key":"applicationmanageresources-display-component---newResourceUnit--DIMENSION_UNIT"}]}
RESULT: {"script":"<script> [1562 bytes]","args":[{"selector":{"id":"application-manageresources-display-component---newResourceUnit--DIMENSION_UNIT","interaction":{"idSuffix":"inner"}},"wdio_ui5_key":"applicationmanageresources-display-component---newResourceUnit--DIMENSION_UNIT"}]}
RESULT: undefined
COMMAND: POST /session/d119162e921248fd1f7a065fe81fedfa/execute/async - {"script":"<script> [776 bytes]","args":[{"enterText":"Meter","selector":{"id":"application-manageresources-display-component---newResourceUnit--DIMENSION_UNIT","interaction":{"idSuffix":"inner"}},"clearTextFirst":true,"interactionType":"ENTER_TEXT"}]}
RESULT: {"script":"<script> [776 bytes]","args":[{"enterText":"Meter","selector":{"id":"application-manageresources-display-component---newResourceUnit--DIMENSION_UNIT","interaction":{"idSuffix":"inner"}},"clearTextFirst":true,"interactionType":"ENTER_TEXT"}]}
COMMAND: POST /session/d119162e921248fd1f7a065fe81fedfa/execute/async - {"script":"<script> [1562 bytes]","args":[{"selector":{"id":"application-manageresources-display-component---newResourceUnit--newRRUPage-anchBar-application-manageresources-display-component---newResourceUnit--control-anchor","interaction":{"idSuffix":"BDI-content"}},"wdio_ui5_key":"applicationmanageresources-display-component---newResourceUnit--newRRUPage-anchBar-application-manageresources-display-component---newResourceUnit--control-anchor"}]}
RESULT: {"script":"<script> [1562 bytes]","args":[{"selector":{"id":"application-manageresources-display-component---newResourceUnit--newRRUPage-anchBar-application-manageresources-display-component---newResourceUnit--control-anchor","interaction":{"idSuffix":"BDI-content"}},"wdio_ui5_key":"applicationmanageresources-display-component---newResourceUnit--newRRUPage-anchBar-application-manageresources-display-component---newResourceUnit--control-anchor"}]}
RESULT: undefined
COMMAND: POST /session/d119162e921248fd1f7a065fe81fedfa/element - {"using":"xpath","value":"//*[@id=\"application-manageresources-display-component---newResourceUnit--newRRUPage-anchBar-application-manageresources-display-component---newResourceUnit--control-anchor\"]"}
RESULT: {"using":"xpath","value":"//*[@id=\"application-manageresources-display-component---newResourceUnit--newRRUPage-anchBar-application-manageresources-display-component---newResourceUnit--control-anchor\"]"}
COMMAND: POST /session/d119162e921248fd1f7a065fe81fedfa/element/f.7D8252E83238221F8080DA22DD8FFCA1.d.21CEDD3FCDD0A72D699982BEECD23F9A.e.12036/click - {}
RESULT: {}
COMMAND: POST /session/d119162e921248fd1f7a065fe81fedfa/execute/async - {"script":"<script> [1562 bytes]","args":[{"selector":{"id":"application-manageresources-display-component---newResourceUnit--PLANNING_GROUP","interaction":{"idSuffix":"inner"}},"wdio_ui5_key":"applicationmanageresources-display-component---newResourceUnit--PLANNING_GROUP"}]}
COMMAND: GET /session/d119162e921248fd1f7a065fe81fedfa/screenshot - {}
RESULT: {"script":"<script> [1562 bytes]","args":[{"selector":{"id":"application-manageresources-display-component---newResourceUnit--PLANNING_GROUP","interaction":{"idSuffix":"inner"}},"wdio_ui5_key":"applicationmanageresources-display-component---newResourceUnit--PLANNING_GROUP"}]}
RESULT: undefined
COMMAND: POST /session/d119162e921248fd1f7a065fe81fedfa/execute/async - {"script":"<script> [776 bytes]","args":[{"enterText":"Heavy Equi","selector":{"id":"application-manageresources-display-component---newResourceUnit--PLANNING_GROUP","interaction":{"idSuffix":"inner"}},"clearTextFirst":true,"interactionType":"ENTER_TEXT"}]}
RESULT: {}
RESULT: {"script":"<script> [776 bytes]","args":[{"enterText":"Heavy Equi","selector":{"id":"application-manageresources-display-component---newResourceUnit--PLANNING_GROUP","interaction":{"idSuffix":"inner"}},"clearTextFirst":true,"interactionType":"ENTER_TEXT"}]}
COMMAND: POST /session/d119162e921248fd1f7a065fe81fedfa/execute/async - {"script":"<script> [1562 bytes]","args":[{"selector":{"id":"application-manageresources-display-component---newResourceUnit--ITEM_TYPE-arrow"},"wdio_ui5_key":"applicationmanageresources-display-component---newResourceUnit--ITEM_TYPE-arrow"}]}
RESULT: {"script":"<script> [1562 bytes]","args":[{"selector":{"id":"application-manageresources-display-component---newResourceUnit--ITEM_TYPE-arrow"},"wdio_ui5_key":"applicationmanageresources-display-component---newResourceUnit--ITEM_TYPE-arrow"}]}
RESULT: undefined
COMMAND: POST /session/d119162e921248fd1f7a065fe81fedfa/element - {"using":"xpath","value":"//*[@id=\"application-manageresources-display-component---newResourceUnit--ITEM_TYPE-arrow\"]"}
RESULT: {"using":"xpath","value":"//*[@id=\"application-manageresources-display-component---newResourceUnit--ITEM_TYPE-arrow\"]"}
COMMAND: POST /session/d119162e921248fd1f7a065fe81fedfa/element/f.7D8252E83238221F8080DA22DD8FFCA1.d.21CEDD3FCDD0A72D699982BEECD23F9A.e.12044/click - {}
RESULT: {}
COMMAND: POST /session/d119162e921248fd1f7a065fe81fedfa/element - {"using":"xpath","value":"(//span[contains(text(), \"Resource Unit\")])[2]"}
COMMAND: GET /session/d119162e921248fd1f7a065fe81fedfa/screenshot - {}
RESULT: {"using":"xpath","value":"(//span[contains(text(), \"Resource Unit\")])[2]"}
COMMAND: POST /session/d119162e921248fd1f7a065fe81fedfa/element/f.7D8252E83238221F8080DA22DD8FFCA1.d.21CEDD3FCDD0A72D699982BEECD23F9A.e.12045/click - {}
RESULT: {}
RESULT: {}
COMMAND: GET /session/d119162e921248fd1f7a065fe81fedfa/screenshot - {}
RESULT: {}
COMMAND: POST /session/d119162e921248fd1f7a065fe81fedfa/element - {"using":"css selector","value":"#application-manageresources-display-component---newResourceUnit--btnAddTimeSegment"}
RESULT: {"using":"css selector","value":"#application-manageresources-display-component---newResourceUnit--btnAddTimeSegment"}
COMMAND: GET /session/d119162e921248fd1f7a065fe81fedfa/element/f.7D8252E83238221F8080DA22DD8FFCA1.d.21CEDD3FCDD0A72D699982BEECD23F9A.e.12046/rect - {}
RESULT: {}
COMMAND: GET /session/d119162e921248fd1f7a065fe81fedfa/window/rect - {}
RESULT: {}
COMMAND: POST /session/d119162e921248fd1f7a065fe81fedfa/execute/sync - {"script":"<script> [92 bytes]","args":[]}
RESULT: {"script":"<script> [92 bytes]","args":[]}
COMMAND: POST /session/d119162e921248fd1f7a065fe81fedfa/actions - {"actions":[{"id":"action40","type":"wheel","parameters":{},"actions":[{"type":"scroll","x":-1888,"y":-32,"deltaX":0,"deltaY":0,"duration":0,"origin":{"element-6066-11e4-a52e-4f735466cecf":"f.7D8252E83238221F8080DA22DD8FFCA1.d.21CEDD3FCDD0A72D699982BEECD23F9A.e.12046"}}]}]}
COMMAND: GET /session/d119162e921248fd1f7a065fe81fedfa/screenshot - {}
RESULT: {}
COMMAND: POST /session/d119162e921248fd1f7a065fe81fedfa/execute/sync - {"script":"<script> [79 bytes]","args":[{"element-6066-11e4-a52e-4f735466cecf":"f.7D8252E83238221F8080DA22DD8FFCA1.d.21CEDD3FCDD0A72D699982BEECD23F9A.e.12046","ELEMENT":"f.7D8252E83238221F8080DA22DD8FFCA1.d.21CEDD3FCDD0A72D699982BEECD23F9A.e.12046"},{"block":"start","inline":"nearest"}]}
RESULT: {"script":"<script> [79 bytes]","args":[{"element-6066-11e4-a52e-4f735466cecf":"f.7D8252E83238221F8080DA22DD8FFCA1.d.21CEDD3FCDD0A72D699982BEECD23F9A.e.12046","ELEMENT":"f.7D8252E83238221F8080DA22DD8FFCA1.d.21CEDD3FCDD0A72D699982BEECD23F9A.e.12046"},{"block":"start","inline":"nearest"}]}
COMMAND: POST /session/d119162e921248fd1f7a065fe81fedfa/execute/async - {"script":"<script> [1562 bytes]","args":[{"selector":{"id":"application-manageresources-display-component---newResourceUnit--btnAddTimeSegment","interaction":{"idSuffix":"inner"}},"wdio_ui5_key":"applicationmanageresources-display-component---newResourceUnit--btnAddTimeSegment"}]}
COMMAND: GET /session/d119162e921248fd1f7a065fe81fedfa/screenshot - {}
RESULT: {"script":"<script> [1562 bytes]","args":[{"selector":{"id":"application-manageresources-display-component---newResourceUnit--btnAddTimeSegment","interaction":{"idSuffix":"inner"}},"wdio_ui5_key":"applicationmanageresources-display-component---newResourceUnit--btnAddTimeSegment"}]}
RESULT: undefined
COMMAND: POST /session/d119162e921248fd1f7a065fe81fedfa/element - {"using":"xpath","value":"//*[@id=\"application-manageresources-display-component---newResourceUnit--btnAddTimeSegment\"]"}
RESULT: {}
RESULT: {"using":"xpath","value":"//*[@id=\"application-manageresources-display-component---newResourceUnit--btnAddTimeSegment\"]"}
COMMAND: POST /session/d119162e921248fd1f7a065fe81fedfa/element/f.7D8252E83238221F8080DA22DD8FFCA1.d.21CEDD3FCDD0A72D699982BEECD23F9A.e.12046/click - {}
RESULT: {}
COMMAND: GET /session/d119162e921248fd1f7a065fe81fedfa/screenshot - {}
RESULT: {}
COMMAND: POST /session/d119162e921248fd1f7a065fe81fedfa/element - {"using":"xpath","value":"//input[@id=\"application-manageresources-display-component---newResourceUnit--idRuTSAdmin-application-manageresources-display-component---newResourceUnit--RUTimeSegment-0-inner\"]"}
RESULT: {"using":"xpath","value":"//input[@id=\"application-manageresources-display-component---newResourceUnit--idRuTSAdmin-application-manageresources-display-component---newResourceUnit--RUTimeSegment-0-inner\"]"}
COMMAND: POST /session/d119162e921248fd1f7a065fe81fedfa/element/f.7D8252E83238221F8080DA22DD8FFCA1.d.21CEDD3FCDD0A72D699982BEECD23F9A.e.12052/clear - {}
RESULT: {}
COMMAND: POST /session/d119162e921248fd1f7a065fe81fedfa/element/f.7D8252E83238221F8080DA22DD8FFCA1.d.21CEDD3FCDD0A72D699982BEECD23F9A.e.12052/value - {"text":"562"}
COMMAND: GET /session/d119162e921248fd1f7a065fe81fedfa/screenshot - {}
RESULT: {"text":"562"}
COMMAND: GET /session/d119162e921248fd1f7a065fe81fedfa/screenshot - {}
RESULT: {}
RESULT: {}
COMMAND: POST /session/d119162e921248fd1f7a065fe81fedfa/element - {"using":"xpath","value":"//li[.//span[text()='562']]"}
RESULT: {"using":"xpath","value":"//li[.//span[text()='562']]"}
COMMAND: POST /session/d119162e921248fd1f7a065fe81fedfa/element/f.7D8252E83238221F8080DA22DD8FFCA1.d.21CEDD3FCDD0A72D699982BEECD23F9A.e.12064/click - {}
RESULT: {}
COMMAND: GET /session/d119162e921248fd1f7a065fe81fedfa/screenshot - {}
RESULT: {}
COMMAND: POST /session/d119162e921248fd1f7a065fe81fedfa/element - {"using":"xpath","value":"(//span[contains(@id, \"-application-manageresources-display-component---newResourceUnit--RUTimeSegment-0-arrow\")])[6]"}
RESULT: {"using":"xpath","value":"(//span[contains(@id, \"-application-manageresources-display-component---newResourceUnit--RUTimeSegment-0-arrow\")])[6]"}
COMMAND: POST /session/d119162e921248fd1f7a065fe81fedfa/element/f.7D8252E83238221F8080DA22DD8FFCA1.d.21CEDD3FCDD0A72D699982BEECD23F9A.e.12065/click - {}
RESULT: {}
COMMAND: GET /session/d119162e921248fd1f7a065fe81fedfa/screenshot - {}
RESULT: {}
COMMAND: POST /session/d119162e921248fd1f7a065fe81fedfa/element - {"using":"xpath","value":"//span[contains(text(), \"PM Order\")]"}
RESULT: {"using":"xpath","value":"//span[contains(text(), \"PM Order\")]"}
COMMAND: POST /session/d119162e921248fd1f7a065fe81fedfa/element/f.7D8252E83238221F8080DA22DD8FFCA1.d.21CEDD3FCDD0A72D699982BEECD23F9A.e.12068/click - {}
RESULT: {}
COMMAND: GET /session/d119162e921248fd1f7a065fe81fedfa/screenshot - {}
RESULT: {}
COMMAND: POST /session/d119162e921248fd1f7a065fe81fedfa/element - {"using":"xpath","value":"(//span[contains(@id ,\"manageresources-display-component---newResourceUnit--RUTimeSegment-0-vhi\")])[1]"}
RESULT: {"using":"xpath","value":"(//span[contains(@id ,\"manageresources-display-component---newResourceUnit--RUTimeSegment-0-vhi\")])[1]"}
COMMAND: GET /session/d119162e921248fd1f7a065fe81fedfa/element/f.7D8252E83238221F8080DA22DD8FFCA1.d.21CEDD3FCDD0A72D699982BEECD23F9A.e.12072/rect - {}
RESULT: {}
COMMAND: GET /session/d119162e921248fd1f7a065fe81fedfa/window/rect - {}
RESULT: {}
COMMAND: POST /session/d119162e921248fd1f7a065fe81fedfa/execute/sync - {"script":"<script> [92 bytes]","args":[]}
RESULT: {"script":"<script> [92 bytes]","args":[]}
COMMAND: POST /session/d119162e921248fd1f7a065fe81fedfa/actions - {"actions":[{"id":"action41","type":"wheel","parameters":{},"actions":[{"type":"scroll","x":-869,"y":-24,"deltaX":0,"deltaY":0,"duration":0,"origin":{"element-6066-11e4-a52e-4f735466cecf":"f.7D8252E83238221F8080DA22DD8FFCA1.d.21CEDD3FCDD0A72D699982BEECD23F9A.e.12072"}}]}]}
COMMAND: GET /session/d119162e921248fd1f7a065fe81fedfa/screenshot - {}
RESULT: {"actions":[{"id":"action41","type":"wheel","parameters":{},"actions":[{"type":"scroll","x":-869,"y":-24,"deltaX":0,"deltaY":0,"duration":0,"origin":{"element-6066-11e4-a52e-4f735466cecf":"f.7D8252E83238221F8080DA22DD8FFCA1.d.21CEDD3FCDD0A72D699982BEECD23F9A.e.12072"}}]}]}
COMMAND: DELETE /session/d119162e921248fd1f7a065fe81fedfa/actions - {}
COMMAND: GET /session/d119162e921248fd1f7a065fe81fedfa/screenshot - {}
RESULT: {}
RESULT: {}
COMMAND: GET /session/d119162e921248fd1f7a065fe81fedfa/screenshot - {}
RESULT: {}
RESULT: {}
COMMAND: POST /session/d119162e921248fd1f7a065fe81fedfa/element/f.7D8252E83238221F8080DA22DD8FFCA1.d.21CEDD3FCDD0A72D699982BEECD23F9A.e.12072/click - {}
RESULT: {}
COMMAND: GET /session/d119162e921248fd1f7a065fe81fedfa/screenshot - {}
RESULT: {}
COMMAND: POST /session/d119162e921248fd1f7a065fe81fedfa/execute/async - {"script":"<script> [1562 bytes]","args":[{"selector":{"controlType":"sap.m.SearchField","properties":{"placeholder":"Search"},"searchOpenDialogs":true,"interaction":{"idSuffix":"I"}},"wdio_ui5_key":"sapm.SearchField{\"placeholder\":\"Search\"}"}]}
RESULT: {"script":"<script> [1562 bytes]","args":[{"selector":{"controlType":"sap.m.SearchField","properties":{"placeholder":"Search"},"searchOpenDialogs":true,"interaction":{"idSuffix":"I"}},"wdio_ui5_key":"sapm.SearchField{\"placeholder\":\"Search\"}"}]}
RESULT: undefined
COMMAND: POST /session/d119162e921248fd1f7a065fe81fedfa/execute/async - {"script":"<script> [776 bytes]","args":[{"enterText":"4000360","selector":{"controlType":"sap.m.SearchField","properties":{"placeholder":"Search"},"searchOpenDialogs":true,"interaction":{"idSuffix":"I"}},"clearTextFirst":true,"interactionType":"ENTER_TEXT"}]}
RESULT: {"script":"<script> [776 bytes]","args":[{"enterText":"4000360","selector":{"controlType":"sap.m.SearchField","properties":{"placeholder":"Search"},"searchOpenDialogs":true,"interaction":{"idSuffix":"I"}},"clearTextFirst":true,"interactionType":"ENTER_TEXT"}]}
COMMAND: POST /session/d119162e921248fd1f7a065fe81fedfa/actions - {"actions":[{"id":"action42","type":"key","parameters":{},"actions":[{"type":"keyDown","value":"î€‡"},{"type":"pause","duration":10},{"type":"keyUp","value":"î€‡"}]}]}
RESULT: {"actions":[{"id":"action42","type":"key","parameters":{},"actions":[{"type":"keyDown","value":"î€‡"},{"type":"pause","duration":10},{"type":"keyUp","value":"î€‡"}]}]}
COMMAND: GET /session/d119162e921248fd1f7a065fe81fedfa/screenshot - {}
RESULT: {}
COMMAND: POST /session/d119162e921248fd1f7a065fe81fedfa/element - {"using":"xpath","value":"//td/div/span[contains(text(), \"BGL Vehicles\")]"}
RESULT: {"using":"xpath","value":"//td/div/span[contains(text(), \"BGL Vehicles\")]"}
COMMAND: POST /session/d119162e921248fd1f7a065fe81fedfa/element/f.7D8252E83238221F8080DA22DD8FFCA1.d.21CEDD3FCDD0A72D699982BEECD23F9A.e.12094/click - {}
RESULT: {}
COMMAND: GET /session/d119162e921248fd1f7a065fe81fedfa/screenshot - {}
RESULT: {}
COMMAND: POST /session/d119162e921248fd1f7a065fe81fedfa/element - {"using":"xpath","value":"//bdi[contains(text(), \"OK\")]"}
RESULT: {"using":"xpath","value":"//bdi[contains(text(), \"OK\")]"}
COMMAND: POST /session/d119162e921248fd1f7a065fe81fedfa/element/f.7D8252E83238221F8080DA22DD8FFCA1.d.21CEDD3FCDD0A72D699982BEECD23F9A.e.12095/click - {}
RESULT: {}
COMMAND: GET /session/d119162e921248fd1f7a065fe81fedfa/screenshot - {}
RESULT: {}
COMMAND: POST /session/d119162e921248fd1f7a065fe81fedfa/execute/async - {"script":"<script> [1562 bytes]","args":[{"selector":{"id":"application-manageresources-display-component---newResourceUnit--newRRUPage-anchBar-application-manageresources-display-component---newResourceUnit--resource-anchor","interaction":{"idSuffix":"BDI-content"}},"wdio_ui5_key":"applicationmanageresources-display-component---newResourceUnit--newRRUPage-anchBar-application-manageresources-display-component---newResourceUnit--resource-anchor"}]}
RESULT: {"script":"<script> [1562 bytes]","args":[{"selector":{"id":"application-manageresources-display-component---newResourceUnit--newRRUPage-anchBar-application-manageresources-display-component---newResourceUnit--resource-anchor","interaction":{"idSuffix":"BDI-content"}},"wdio_ui5_key":"applicationmanageresources-display-component---newResourceUnit--newRRUPage-anchBar-application-manageresources-display-component---newResourceUnit--resource-anchor"}]}
RESULT: undefined
COMMAND: POST /session/d119162e921248fd1f7a065fe81fedfa/element - {"using":"xpath","value":"//*[@id=\"application-manageresources-display-component---newResourceUnit--newRRUPage-anchBar-application-manageresources-display-component---newResourceUnit--resource-anchor\"]"}
RESULT: {"using":"xpath","value":"//*[@id=\"application-manageresources-display-component---newResourceUnit--newRRUPage-anchBar-application-manageresources-display-component---newResourceUnit--resource-anchor\"]"}
COMMAND: POST /session/d119162e921248fd1f7a065fe81fedfa/element/f.7D8252E83238221F8080DA22DD8FFCA1.d.21CEDD3FCDD0A72D699982BEECD23F9A.e.12099/click - {}
RESULT: {}
COMMAND: POST /session/d119162e921248fd1f7a065fe81fedfa/execute/async - {"script":"<script> [1562 bytes]","args":[{"selector":{"id":"application-manageresources-display-component---newResourceUnit--PLANNED_DELIVERY_DATE","interaction":{"idSuffix":"inner"}},"wdio_ui5_key":"applicationmanageresources-display-component---newResourceUnit--PLANNED_DELIVERY_DATE"}]}
COMMAND: GET /session/d119162e921248fd1f7a065fe81fedfa/screenshot - {}
RESULT: {"script":"<script> [1562 bytes]","args":[{"selector":{"id":"application-manageresources-display-component---newResourceUnit--PLANNED_DELIVERY_DATE","interaction":{"idSuffix":"inner"}},"wdio_ui5_key":"applicationmanageresources-display-component---newResourceUnit--PLANNED_DELIVERY_DATE"}]}
RESULT: undefined
COMMAND: POST /session/d119162e921248fd1f7a065fe81fedfa/execute/async - {"script":"<script> [6424 bytes]","args":[{"element-6066-11e4-a52e-4f735466cecf":"f.7D8252E83238221F8080DA22DD8FFCA1.d.21CEDD3FCDD0A72D699982BEECD23F9A.e.11959"},"setValue",["5/5/25"]]}
RESULT: {}
RESULT: {"script":"<script> [6424 bytes]","args":[{"element-6066-11e4-a52e-4f735466cecf":"f.7D8252E83238221F8080DA22DD8FFCA1.d.21CEDD3FCDD0A72D699982BEECD23F9A.e.11959"},"setValue",["5/5/25"]]}
COMMAND: POST /session/d119162e921248fd1f7a065fe81fedfa/element - {"using":"xpath","value":"//button[@data-kt=\"resourceUnitSaveButton\"]"}
RESULT: {"using":"xpath","value":"//button[@data-kt=\"resourceUnitSaveButton\"]"}
COMMAND: POST /session/d119162e921248fd1f7a065fe81fedfa/element/f.7D8252E83238221F8080DA22DD8FFCA1.d.21CEDD3FCDD0A72D699982BEECD23F9A.e.11920/click - {}
RESULT: {}
COMMAND: GET /session/d119162e921248fd1f7a065fe81fedfa/screenshot - {}
RESULT: {}
COMMAND: POST /session/d119162e921248fd1f7a065fe81fedfa/element - {"using":"xpath","value":"//bdi[contains(text(), \"Close\")]"}
RESULT: {"using":"xpath","value":"//bdi[contains(text(), \"Close\")]"}
COMMAND: POST /session/d119162e921248fd1f7a065fe81fedfa/element/f.7D8252E83238221F8080DA22DD8FFCA1.d.21CEDD3FCDD0A72D699982BEECD23F9A.e.12109/click - {}
RESULT: {}
COMMAND: GET /session/d119162e921248fd1f7a065fe81fedfa/screenshot - {}
RESULT: {}
COMMAND: POST /session/d119162e921248fd1f7a065fe81fedfa/element - {"using":"xpath","value":"(//button[contains(@id ,\"actionsToolbar-overflowButton\")])[1]"}
RESULT: {"using":"xpath","value":"(//button[contains(@id ,\"actionsToolbar-overflowButton\")])[1]"}
COMMAND: POST /session/d119162e921248fd1f7a065fe81fedfa/element/f.7D8252E83238221F8080DA22DD8FFCA1.d.21CEDD3FCDD0A72D699982BEECD23F9A.e.12162/click - {}
RESULT: {}
COMMAND: GET /session/d119162e921248fd1f7a065fe81fedfa/screenshot - {}
RESULT: {}
COMMAND: POST /session/d119162e921248fd1f7a065fe81fedfa/element - {"using":"xpath","value":"//button[@data-kt=\"priceInfoButton\"]"}
RESULT: {"using":"xpath","value":"//button[@data-kt=\"priceInfoButton\"]"}
COMMAND: POST /session/d119162e921248fd1f7a065fe81fedfa/element/f.7D8252E83238221F8080DA22DD8FFCA1.d.21CEDD3FCDD0A72D699982BEECD23F9A.e.12164/click - {}
RESULT: {}
COMMAND: GET /session/d119162e921248fd1f7a065fe81fedfa/screenshot - {}
RESULT: {}
]]></system-out>
    </testcase>
    <testcase classname="chrome.135_0_7049_96.windows.Performance_based_billing_(work_days)_US139742" name="Should create a pricing rule perf based on the equipment" time="49.864">
      <system-out><![CDATA[
COMMAND: POST /session/d119162e921248fd1f7a065fe81fedfa/element - {"using":"xpath","value":"//button[@data-kt=\"addButton\"]"}
RESULT: {"using":"xpath","value":"//button[@data-kt=\"addButton\"]"}
COMMAND: POST /session/d119162e921248fd1f7a065fe81fedfa/elements - {"using":"xpath","value":"//button[@data-kt=\"addButton\"]"}
RESULT: {"using":"xpath","value":"//button[@data-kt=\"addButton\"]"}
COMMAND: POST /session/d119162e921248fd1f7a065fe81fedfa/elements - {"using":"xpath","value":"//button[@data-kt=\"addButton\"]"}
RESULT: {"using":"xpath","value":"//button[@data-kt=\"addButton\"]"}
COMMAND: POST /session/d119162e921248fd1f7a065fe81fedfa/element - {"using":"xpath","value":"//button[@data-kt=\"addButton\"]"}
RESULT: {"using":"xpath","value":"//button[@data-kt=\"addButton\"]"}
COMMAND: POST /session/d119162e921248fd1f7a065fe81fedfa/execute/sync - {"script":"<script> [8489 bytes]","args":[{"element-6066-11e4-a52e-4f735466cecf":"f.7D8252E83238221F8080DA22DD8FFCA1.d.21CEDD3FCDD0A72D699982BEECD23F9A.e.12200","ELEMENT":"f.7D8252E83238221F8080DA22DD8FFCA1.d.21CEDD3FCDD0A72D699982BEECD23F9A.e.12200"}]}
RESULT: {"script":"<script> [8489 bytes]","args":[{"element-6066-11e4-a52e-4f735466cecf":"f.7D8252E83238221F8080DA22DD8FFCA1.d.21CEDD3FCDD0A72D699982BEECD23F9A.e.12200","ELEMENT":"f.7D8252E83238221F8080DA22DD8FFCA1.d.21CEDD3FCDD0A72D699982BEECD23F9A.e.12200"}]}
COMMAND: GET /session/d119162e921248fd1f7a065fe81fedfa/element/f.7D8252E83238221F8080DA22DD8FFCA1.d.21CEDD3FCDD0A72D699982BEECD23F9A.e.12200/enabled - {}
COMMAND: GET /session/d119162e921248fd1f7a065fe81fedfa/screenshot - {}
RESULT: {}
COMMAND: POST /session/d119162e921248fd1f7a065fe81fedfa/execute/sync - {"script":"<script> [8489 bytes]","args":[{"element-6066-11e4-a52e-4f735466cecf":"f.7D8252E83238221F8080DA22DD8FFCA1.d.21CEDD3FCDD0A72D699982BEECD23F9A.e.12200","ELEMENT":"f.7D8252E83238221F8080DA22DD8FFCA1.d.21CEDD3FCDD0A72D699982BEECD23F9A.e.12200"}]}
COMMAND: GET /session/d119162e921248fd1f7a065fe81fedfa/screenshot - {}
RESULT: {}
RESULT: {"script":"<script> [8489 bytes]","args":[{"element-6066-11e4-a52e-4f735466cecf":"f.7D8252E83238221F8080DA22DD8FFCA1.d.21CEDD3FCDD0A72D699982BEECD23F9A.e.12200","ELEMENT":"f.7D8252E83238221F8080DA22DD8FFCA1.d.21CEDD3FCDD0A72D699982BEECD23F9A.e.12200"}]}
COMMAND: POST /session/d119162e921248fd1f7a065fe81fedfa/execute/sync - {"script":"<script> [5351 bytes]","args":[{"element-6066-11e4-a52e-4f735466cecf":"f.7D8252E83238221F8080DA22DD8FFCA1.d.21CEDD3FCDD0A72D699982BEECD23F9A.e.12200","ELEMENT":"f.7D8252E83238221F8080DA22DD8FFCA1.d.21CEDD3FCDD0A72D699982BEECD23F9A.e.12200"}]}
COMMAND: GET /session/d119162e921248fd1f7a065fe81fedfa/screenshot - {}
RESULT: {}
RESULT: {"script":"<script> [5351 bytes]","args":[{"element-6066-11e4-a52e-4f735466cecf":"f.7D8252E83238221F8080DA22DD8FFCA1.d.21CEDD3FCDD0A72D699982BEECD23F9A.e.12200","ELEMENT":"f.7D8252E83238221F8080DA22DD8FFCA1.d.21CEDD3FCDD0A72D699982BEECD23F9A.e.12200"}]}
COMMAND: POST /session/d119162e921248fd1f7a065fe81fedfa/element/f.7D8252E83238221F8080DA22DD8FFCA1.d.21CEDD3FCDD0A72D699982BEECD23F9A.e.12200/click - {}
COMMAND: GET /session/d119162e921248fd1f7a065fe81fedfa/screenshot - {}
RESULT: {}
RESULT: {}
COMMAND: GET /session/d119162e921248fd1f7a065fe81fedfa/screenshot - {}
RESULT: {}
RESULT: {}
COMMAND: POST /session/d119162e921248fd1f7a065fe81fedfa/execute/async - {"script":"<script> [1562 bytes]","args":[{"selector":{"controlType":"sap.m.Title","viewName":"etm.portal.ui.managepricingrules.view.NewItem","viewId":"application-managepricingrules-display-component---newInfoPriceItem","properties":{"text":"New Pricing Rules - Item Level"}},"wdio_ui5_key":"etmportal.ui.managepricingrules.view.NewItemsap.m.Title{\"text\":\"New Pricing Rules - Item Level\"}"}]}
RESULT: {"script":"<script> [1562 bytes]","args":[{"selector":{"controlType":"sap.m.Title","viewName":"etm.portal.ui.managepricingrules.view.NewItem","viewId":"application-managepricingrules-display-component---newInfoPriceItem","properties":{"text":"New Pricing Rules - Item Level"}},"wdio_ui5_key":"etmportal.ui.managepricingrules.view.NewItemsap.m.Title{\"text\":\"New Pricing Rules - Item Level\"}"}]}
RESULT: undefined
COMMAND: POST /session/d119162e921248fd1f7a065fe81fedfa/execute/async - {"script":"<script> [6424 bytes]","args":[{"element-6066-11e4-a52e-4f735466cecf":"f.7D8252E83238221F8080DA22DD8FFCA1.d.21CEDD3FCDD0A72D699982BEECD23F9A.e.12370"},"getText",[]]}
RESULT: {"script":"<script> [6424 bytes]","args":[{"element-6066-11e4-a52e-4f735466cecf":"f.7D8252E83238221F8080DA22DD8FFCA1.d.21CEDD3FCDD0A72D699982BEECD23F9A.e.12370"},"getText",[]]}
COMMAND: POST /session/d119162e921248fd1f7a065fe81fedfa/execute/async - {"script":"<script> [1562 bytes]","args":[{"selector":{"id":"application-managepricingrules-display-component---newInfoPriceItem--condValidTo","interaction":{"idSuffix":"inner"}},"wdio_ui5_key":"applicationmanagepricingrules-display-component---newInfoPriceItem--condValidTo"}]}
RESULT: {"script":"<script> [1562 bytes]","args":[{"selector":{"id":"application-managepricingrules-display-component---newInfoPriceItem--condValidTo","interaction":{"idSuffix":"inner"}},"wdio_ui5_key":"applicationmanagepricingrules-display-component---newInfoPriceItem--condValidTo"}]}
RESULT: undefined
COMMAND: POST /session/d119162e921248fd1f7a065fe81fedfa/execute/async - {"script":"<script> [776 bytes]","args":[{"enterText":"01/05/26","selector":{"id":"application-managepricingrules-display-component---newInfoPriceItem--condValidTo","interaction":{"idSuffix":"inner"}},"clearTextFirst":true,"interactionType":"ENTER_TEXT"}]}
RESULT: {"script":"<script> [776 bytes]","args":[{"enterText":"01/05/26","selector":{"id":"application-managepricingrules-display-component---newInfoPriceItem--condValidTo","interaction":{"idSuffix":"inner"}},"clearTextFirst":true,"interactionType":"ENTER_TEXT"}]}
COMMAND: POST /session/d119162e921248fd1f7a065fe81fedfa/execute/async - {"script":"<script> [1562 bytes]","args":[{"selector":{"id":"application-managepricingrules-display-component---newInfoPriceItem--billType-arrow"},"wdio_ui5_key":"applicationmanagepricingrules-display-component---newInfoPriceItem--billType-arrow"}]}
RESULT: {"script":"<script> [1562 bytes]","args":[{"selector":{"id":"application-managepricingrules-display-component---newInfoPriceItem--billType-arrow"},"wdio_ui5_key":"applicationmanagepricingrules-display-component---newInfoPriceItem--billType-arrow"}]}
RESULT: undefined
COMMAND: POST /session/d119162e921248fd1f7a065fe81fedfa/element - {"using":"xpath","value":"//*[@id=\"application-managepricingrules-display-component---newInfoPriceItem--billType-arrow\"]"}
RESULT: {"using":"xpath","value":"//*[@id=\"application-managepricingrules-display-component---newInfoPriceItem--billType-arrow\"]"}
COMMAND: POST /session/d119162e921248fd1f7a065fe81fedfa/element/f.7D8252E83238221F8080DA22DD8FFCA1.d.21CEDD3FCDD0A72D699982BEECD23F9A.e.12330/click - {}
RESULT: {}
COMMAND: POST /session/d119162e921248fd1f7a065fe81fedfa/element - {"using":"xpath","value":"//span[contains(text(), \"PB - Performance based\")]"}
COMMAND: GET /session/d119162e921248fd1f7a065fe81fedfa/screenshot - {}
RESULT: {}
RESULT: {"using":"xpath","value":"//span[contains(text(), \"PB - Performance based\")]"}
COMMAND: POST /session/d119162e921248fd1f7a065fe81fedfa/element/f.7D8252E83238221F8080DA22DD8FFCA1.d.21CEDD3FCDD0A72D699982BEECD23F9A.e.12372/click - {}
RESULT: {}
COMMAND: POST /session/d119162e921248fd1f7a065fe81fedfa/execute/async - {"script":"<script> [1562 bytes]","args":[{"selector":{"id":"application-managepricingrules-display-component---newInfoPriceItem--priceProc-arrow"},"wdio_ui5_key":"applicationmanagepricingrules-display-component---newInfoPriceItem--priceProc-arrow"}]}
COMMAND: GET /session/d119162e921248fd1f7a065fe81fedfa/screenshot - {}
RESULT: {"script":"<script> [1562 bytes]","args":[{"selector":{"id":"application-managepricingrules-display-component---newInfoPriceItem--priceProc-arrow"},"wdio_ui5_key":"applicationmanagepricingrules-display-component---newInfoPriceItem--priceProc-arrow"}]}
RESULT: undefined
COMMAND: POST /session/d119162e921248fd1f7a065fe81fedfa/element - {"using":"xpath","value":"//*[@id=\"application-managepricingrules-display-component---newInfoPriceItem--priceProc-arrow\"]"}
RESULT: {}
RESULT: {"using":"xpath","value":"//*[@id=\"application-managepricingrules-display-component---newInfoPriceItem--priceProc-arrow\"]"}
COMMAND: POST /session/d119162e921248fd1f7a065fe81fedfa/element/f.7D8252E83238221F8080DA22DD8FFCA1.d.21CEDD3FCDD0A72D699982BEECD23F9A.e.12337/click - {}
RESULT: {}
COMMAND: POST /session/d119162e921248fd1f7a065fe81fedfa/element - {"using":"xpath","value":"//span[contains(text(), \"PRF - Performance based\")]"}
COMMAND: GET /session/d119162e921248fd1f7a065fe81fedfa/screenshot - {}
RESULT: {"using":"xpath","value":"//span[contains(text(), \"PRF - Performance based\")]"}
COMMAND: POST /session/d119162e921248fd1f7a065fe81fedfa/element/f.7D8252E83238221F8080DA22DD8FFCA1.d.21CEDD3FCDD0A72D699982BEECD23F9A.e.12373/click - {}
RESULT: {}
RESULT: {}
COMMAND: POST /session/d119162e921248fd1f7a065fe81fedfa/execute/async - {"script":"<script> [1562 bytes]","args":[{"selector":{"id":"application-managepricingrules-display-component---newInfoPriceItem--calcBase-arrow"},"wdio_ui5_key":"applicationmanagepricingrules-display-component---newInfoPriceItem--calcBase-arrow"}]}
COMMAND: GET /session/d119162e921248fd1f7a065fe81fedfa/screenshot - {}
RESULT: {"script":"<script> [1562 bytes]","args":[{"selector":{"id":"application-managepricingrules-display-component---newInfoPriceItem--calcBase-arrow"},"wdio_ui5_key":"applicationmanagepricingrules-display-component---newInfoPriceItem--calcBase-arrow"}]}
RESULT: undefined
COMMAND: POST /session/d119162e921248fd1f7a065fe81fedfa/element - {"using":"xpath","value":"//*[@id=\"application-managepricingrules-display-component---newInfoPriceItem--calcBase-arrow\"]"}
RESULT: {}
RESULT: {"using":"xpath","value":"//*[@id=\"application-managepricingrules-display-component---newInfoPriceItem--calcBase-arrow\"]"}
COMMAND: POST /session/d119162e921248fd1f7a065fe81fedfa/element/f.7D8252E83238221F8080DA22DD8FFCA1.d.21CEDD3FCDD0A72D699982BEECD23F9A.e.12344/click - {}
RESULT: {}
COMMAND: GET /session/d119162e921248fd1f7a065fe81fedfa/screenshot - {}
RESULT: {}
COMMAND: POST /session/d119162e921248fd1f7a065fe81fedfa/element - {"using":"xpath","value":"//span[contains(text(), \"0007 - PB(work days)\")]"}
RESULT: {"using":"xpath","value":"//span[contains(text(), \"0007 - PB(work days)\")]"}
COMMAND: POST /session/d119162e921248fd1f7a065fe81fedfa/element/f.7D8252E83238221F8080DA22DD8FFCA1.d.21CEDD3FCDD0A72D699982BEECD23F9A.e.12374/click - {}
RESULT: {}
COMMAND: GET /session/d119162e921248fd1f7a065fe81fedfa/screenshot - {}
RESULT: {}
COMMAND: POST /session/d119162e921248fd1f7a065fe81fedfa/execute/async - {"script":"<script> [1562 bytes]","args":[{"selector":{"id":"application-managepricingrules-display-component---newInfoPriceItem--hoursMonth","interaction":{"idSuffix":"inner"}},"wdio_ui5_key":"applicationmanagepricingrules-display-component---newInfoPriceItem--hoursMonth"}]}
RESULT: {"script":"<script> [1562 bytes]","args":[{"selector":{"id":"application-managepricingrules-display-component---newInfoPriceItem--hoursMonth","interaction":{"idSuffix":"inner"}},"wdio_ui5_key":"applicationmanagepricingrules-display-component---newInfoPriceItem--hoursMonth"}]}
RESULT: undefined
COMMAND: POST /session/d119162e921248fd1f7a065fe81fedfa/execute/async - {"script":"<script> [776 bytes]","args":[{"enterText":"160","selector":{"id":"application-managepricingrules-display-component---newInfoPriceItem--hoursMonth","interaction":{"idSuffix":"inner"}},"clearTextFirst":true,"interactionType":"ENTER_TEXT"}]}
RESULT: {"script":"<script> [776 bytes]","args":[{"enterText":"160","selector":{"id":"application-managepricingrules-display-component---newInfoPriceItem--hoursMonth","interaction":{"idSuffix":"inner"}},"clearTextFirst":true,"interactionType":"ENTER_TEXT"}]}
COMMAND: POST /session/d119162e921248fd1f7a065fe81fedfa/element - {"using":"xpath","value":"//button[@data-kt=\"saveNewRuleButton\"]"}
RESULT: {"using":"xpath","value":"//button[@data-kt=\"saveNewRuleButton\"]"}
COMMAND: POST /session/d119162e921248fd1f7a065fe81fedfa/element/f.7D8252E83238221F8080DA22DD8FFCA1.d.21CEDD3FCDD0A72D699982BEECD23F9A.e.12364/click - {}
RESULT: {}
COMMAND: GET /session/d119162e921248fd1f7a065fe81fedfa/screenshot - {}
RESULT: {}
COMMAND: POST /session/d119162e921248fd1f7a065fe81fedfa/execute/async - {"script":"<script> [1562 bytes]","args":[{"selector":{"id":"application-managepricingrules-display-component---priceInfoItem--smartFilterBar-btnBasicSearch","interaction":{"idSuffix":"I"}},"wdio_ui5_key":"applicationmanagepricingrules-display-component---priceInfoItem--smartFilterBar-btnBasicSearch"}]}
RESULT: {"script":"<script> [1562 bytes]","args":[{"selector":{"id":"application-managepricingrules-display-component---priceInfoItem--smartFilterBar-btnBasicSearch","interaction":{"idSuffix":"I"}},"wdio_ui5_key":"applicationmanagepricingrules-display-component---priceInfoItem--smartFilterBar-btnBasicSearch"}]}
RESULT: undefined
COMMAND: POST /session/d119162e921248fd1f7a065fe81fedfa/execute/async - {"script":"<script> [776 bytes]","args":[{"enterText":"r8VjUvJaNh","selector":{"id":"application-managepricingrules-display-component---priceInfoItem--smartFilterBar-btnBasicSearch","interaction":{"idSuffix":"I"}},"clearTextFirst":true,"interactionType":"ENTER_TEXT"}]}
RESULT: {"script":"<script> [776 bytes]","args":[{"enterText":"r8VjUvJaNh","selector":{"id":"application-managepricingrules-display-component---priceInfoItem--smartFilterBar-btnBasicSearch","interaction":{"idSuffix":"I"}},"clearTextFirst":true,"interactionType":"ENTER_TEXT"}]}
COMMAND: POST /session/d119162e921248fd1f7a065fe81fedfa/actions - {"actions":[{"id":"action43","type":"key","parameters":{},"actions":[{"type":"keyDown","value":"î€‡"},{"type":"pause","duration":10},{"type":"keyUp","value":"î€‡"}]}]}
RESULT: {"actions":[{"id":"action43","type":"key","parameters":{},"actions":[{"type":"keyDown","value":"î€‡"},{"type":"pause","duration":10},{"type":"keyUp","value":"î€‡"}]}]}
COMMAND: GET /session/d119162e921248fd1f7a065fe81fedfa/screenshot - {}
RESULT: {}
COMMAND: POST /session/d119162e921248fd1f7a065fe81fedfa/element - {"using":"xpath","value":"//span[@id=\"application-managepricingrules-display-component---priceInfoItem--smartTable-header-inner\"]"}
RESULT: {"using":"xpath","value":"//span[@id=\"application-managepricingrules-display-component---priceInfoItem--smartTable-header-inner\"]"}
COMMAND: POST /session/d119162e921248fd1f7a065fe81fedfa/elements - {"using":"xpath","value":"//span[@id=\"application-managepricingrules-display-component---priceInfoItem--smartTable-header-inner\"]"}
RESULT: {"using":"xpath","value":"//span[@id=\"application-managepricingrules-display-component---priceInfoItem--smartTable-header-inner\"]"}
COMMAND: POST /session/d119162e921248fd1f7a065fe81fedfa/execute/sync - {"script":"<script> [56 bytes]","args":[{"element-6066-11e4-a52e-4f735466cecf":"f.7D8252E83238221F8080DA22DD8FFCA1.d.21CEDD3FCDD0A72D699982BEECD23F9A.e.12388","ELEMENT":"f.7D8252E83238221F8080DA22DD8FFCA1.d.21CEDD3FCDD0A72D699982BEECD23F9A.e.12388"}]}
RESULT: {"script":"<script> [56 bytes]","args":[{"element-6066-11e4-a52e-4f735466cecf":"f.7D8252E83238221F8080DA22DD8FFCA1.d.21CEDD3FCDD0A72D699982BEECD23F9A.e.12388","ELEMENT":"f.7D8252E83238221F8080DA22DD8FFCA1.d.21CEDD3FCDD0A72D699982BEECD23F9A.e.12388"}]}
COMMAND: POST /session/d119162e921248fd1f7a065fe81fedfa/element - {"using":"css selector","value":"#shell-header-logo"}
COMMAND: GET /session/d119162e921248fd1f7a065fe81fedfa/screenshot - {}
RESULT: {"using":"css selector","value":"#shell-header-logo"}
COMMAND: POST /session/d119162e921248fd1f7a065fe81fedfa/element/f.7D8252E83238221F8080DA22DD8FFCA1.d.21CEDD3FCDD0A72D699982BEECD23F9A.e.11504/click - {}
RESULT: {}
RESULT: {}
COMMAND: GET /session/d119162e921248fd1f7a065fe81fedfa/screenshot - {}
RESULT: {}
]]></system-out>
    </testcase>
    <testcase classname="chrome.135_0_7049_96.windows.Performance_based_billing_(work_days)_US139742" name="Should create a performance based billing condition on the equipment" time="63.391">
      <system-out><![CDATA[
COMMAND: POST /session/d119162e921248fd1f7a065fe81fedfa/execute/async - {"script":"<script> [1562 bytes]","args":[{"selector":{"controlType":"sap.m.Text","properties":{"text":"Manage Conditions & Prices"},"interaction":{"idSuffix":"inner"}},"wdio_ui5_key":"sapm.Text{\"text\":\"Manage Conditions & Prices\"}"}]}
RESULT: {"script":"<script> [1562 bytes]","args":[{"selector":{"controlType":"sap.m.Text","properties":{"text":"Manage Conditions & Prices"},"interaction":{"idSuffix":"inner"}},"wdio_ui5_key":"sapm.Text{\"text\":\"Manage Conditions & Prices\"}"}]}
RESULT: undefined
COMMAND: POST /session/d119162e921248fd1f7a065fe81fedfa/element - {"using":"xpath","value":"//*[@id=\"__tile53-title\"]"}
RESULT: {"using":"xpath","value":"//*[@id=\"__tile53-title\"]"}
COMMAND: POST /session/d119162e921248fd1f7a065fe81fedfa/element/f.7D8252E83238221F8080DA22DD8FFCA1.d.21CEDD3FCDD0A72D699982BEECD23F9A.e.12391/click - {}
RESULT: {}
COMMAND: POST /session/d119162e921248fd1f7a065fe81fedfa/element - {"using":"xpath","value":"//button[@aria-label=\"Create\"]"}
COMMAND: GET /session/d119162e921248fd1f7a065fe81fedfa/screenshot - {}
RESULT: {"using":"xpath","value":"//button[@aria-label=\"Create\"]"}
COMMAND: POST /session/d119162e921248fd1f7a065fe81fedfa/elements - {"using":"xpath","value":"//button[@aria-label=\"Create\"]"}
RESULT: {}
RESULT: {"using":"xpath","value":"//button[@aria-label=\"Create\"]"}
COMMAND: POST /session/d119162e921248fd1f7a065fe81fedfa/elements - {"using":"xpath","value":"//button[@aria-label=\"Create\"]"}
RESULT: {"using":"xpath","value":"//button[@aria-label=\"Create\"]"}
COMMAND: POST /session/d119162e921248fd1f7a065fe81fedfa/elements - {"using":"xpath","value":"//button[@aria-label=\"Create\"]"}
RESULT: {"using":"xpath","value":"//button[@aria-label=\"Create\"]"}
COMMAND: POST /session/d119162e921248fd1f7a065fe81fedfa/elements - {"using":"xpath","value":"//button[@aria-label=\"Create\"]"}
RESULT: {"using":"xpath","value":"//button[@aria-label=\"Create\"]"}
COMMAND: POST /session/d119162e921248fd1f7a065fe81fedfa/elements - {"using":"xpath","value":"//button[@aria-label=\"Create\"]"}
RESULT: {"using":"xpath","value":"//button[@aria-label=\"Create\"]"}
COMMAND: POST /session/d119162e921248fd1f7a065fe81fedfa/elements - {"using":"xpath","value":"//button[@aria-label=\"Create\"]"}
RESULT: {"using":"xpath","value":"//button[@aria-label=\"Create\"]"}
COMMAND: POST /session/d119162e921248fd1f7a065fe81fedfa/elements - {"using":"xpath","value":"//button[@aria-label=\"Create\"]"}
RESULT: {"using":"xpath","value":"//button[@aria-label=\"Create\"]"}
COMMAND: POST /session/d119162e921248fd1f7a065fe81fedfa/elements - {"using":"xpath","value":"//button[@aria-label=\"Create\"]"}
RESULT: {"using":"xpath","value":"//button[@aria-label=\"Create\"]"}
COMMAND: POST /session/d119162e921248fd1f7a065fe81fedfa/element - {"using":"xpath","value":"//button[@aria-label=\"Create\"]"}
RESULT: {"using":"xpath","value":"//button[@aria-label=\"Create\"]"}
COMMAND: POST /session/d119162e921248fd1f7a065fe81fedfa/execute/sync - {"script":"<script> [8489 bytes]","args":[{"element-6066-11e4-a52e-4f735466cecf":"f.7D8252E83238221F8080DA22DD8FFCA1.d.21CEDD3FCDD0A72D699982BEECD23F9A.e.12425","ELEMENT":"f.7D8252E83238221F8080DA22DD8FFCA1.d.21CEDD3FCDD0A72D699982BEECD23F9A.e.12425"}]}
RESULT: {"script":"<script> [8489 bytes]","args":[{"element-6066-11e4-a52e-4f735466cecf":"f.7D8252E83238221F8080DA22DD8FFCA1.d.21CEDD3FCDD0A72D699982BEECD23F9A.e.12425","ELEMENT":"f.7D8252E83238221F8080DA22DD8FFCA1.d.21CEDD3FCDD0A72D699982BEECD23F9A.e.12425"}]}
COMMAND: GET /session/d119162e921248fd1f7a065fe81fedfa/element/f.7D8252E83238221F8080DA22DD8FFCA1.d.21CEDD3FCDD0A72D699982BEECD23F9A.e.12425/enabled - {}
COMMAND: GET /session/d119162e921248fd1f7a065fe81fedfa/screenshot - {}
RESULT: {}
COMMAND: POST /session/d119162e921248fd1f7a065fe81fedfa/execute/sync - {"script":"<script> [8489 bytes]","args":[{"element-6066-11e4-a52e-4f735466cecf":"f.7D8252E83238221F8080DA22DD8FFCA1.d.21CEDD3FCDD0A72D699982BEECD23F9A.e.12425","ELEMENT":"f.7D8252E83238221F8080DA22DD8FFCA1.d.21CEDD3FCDD0A72D699982BEECD23F9A.e.12425"}]}
COMMAND: GET /session/d119162e921248fd1f7a065fe81fedfa/screenshot - {}
RESULT: {}
RESULT: {"script":"<script> [8489 bytes]","args":[{"element-6066-11e4-a52e-4f735466cecf":"f.7D8252E83238221F8080DA22DD8FFCA1.d.21CEDD3FCDD0A72D699982BEECD23F9A.e.12425","ELEMENT":"f.7D8252E83238221F8080DA22DD8FFCA1.d.21CEDD3FCDD0A72D699982BEECD23F9A.e.12425"}]}
COMMAND: POST /session/d119162e921248fd1f7a065fe81fedfa/execute/sync - {"script":"<script> [5351 bytes]","args":[{"element-6066-11e4-a52e-4f735466cecf":"f.7D8252E83238221F8080DA22DD8FFCA1.d.21CEDD3FCDD0A72D699982BEECD23F9A.e.12425","ELEMENT":"f.7D8252E83238221F8080DA22DD8FFCA1.d.21CEDD3FCDD0A72D699982BEECD23F9A.e.12425"}]}
COMMAND: GET /session/d119162e921248fd1f7a065fe81fedfa/screenshot - {}
RESULT: {}
RESULT: {"script":"<script> [5351 bytes]","args":[{"element-6066-11e4-a52e-4f735466cecf":"f.7D8252E83238221F8080DA22DD8FFCA1.d.21CEDD3FCDD0A72D699982BEECD23F9A.e.12425","ELEMENT":"f.7D8252E83238221F8080DA22DD8FFCA1.d.21CEDD3FCDD0A72D699982BEECD23F9A.e.12425"}]}
COMMAND: POST /session/d119162e921248fd1f7a065fe81fedfa/element/f.7D8252E83238221F8080DA22DD8FFCA1.d.21CEDD3FCDD0A72D699982BEECD23F9A.e.12425/click - {}
COMMAND: GET /session/d119162e921248fd1f7a065fe81fedfa/screenshot - {}
RESULT: {}
RESULT: {}
COMMAND: GET /session/d119162e921248fd1f7a065fe81fedfa/screenshot - {}
RESULT: {}
RESULT: {}
COMMAND: POST /session/d119162e921248fd1f7a065fe81fedfa/actions - {"actions":[{"id":"action44","type":"key","parameters":{},"actions":[{"type":"keyDown","value":"î€‡"},{"type":"pause","duration":10},{"type":"keyUp","value":"î€‡"}]}]}
RESULT: {"actions":[{"id":"action44","type":"key","parameters":{},"actions":[{"type":"keyDown","value":"î€‡"},{"type":"pause","duration":10},{"type":"keyUp","value":"î€‡"}]}]}
COMMAND: GET /session/d119162e921248fd1f7a065fe81fedfa/screenshot - {}
RESULT: {}
COMMAND: POST /session/d119162e921248fd1f7a065fe81fedfa/execute/async - {"script":"<script> [1562 bytes]","args":[{"selector":{"id":"application-manageconditionprice-display-component---newCondition--condBillCond-arrow"},"wdio_ui5_key":"applicationmanageconditionprice-display-component---newCondition--condBillCond-arrow"}]}
RESULT: {"script":"<script> [1562 bytes]","args":[{"selector":{"id":"application-manageconditionprice-display-component---newCondition--condBillCond-arrow"},"wdio_ui5_key":"applicationmanageconditionprice-display-component---newCondition--condBillCond-arrow"}]}
RESULT: undefined
COMMAND: POST /session/d119162e921248fd1f7a065fe81fedfa/element - {"using":"xpath","value":"//*[@id=\"application-manageconditionprice-display-component---newCondition--condBillCond-arrow\"]"}
RESULT: {"using":"xpath","value":"//*[@id=\"application-manageconditionprice-display-component---newCondition--condBillCond-arrow\"]"}
COMMAND: POST /session/d119162e921248fd1f7a065fe81fedfa/element/f.7D8252E83238221F8080DA22DD8FFCA1.d.21CEDD3FCDD0A72D699982BEECD23F9A.e.12602/click - {}
RESULT: {}
COMMAND: GET /session/d119162e921248fd1f7a065fe81fedfa/screenshot - {}
RESULT: {}
COMMAND: POST /session/d119162e921248fd1f7a065fe81fedfa/element - {"using":"xpath","value":"//li[.//span[contains(text(), \"PC06 - Performance Price - fuel\")]]"}
RESULT: {"using":"xpath","value":"//li[.//span[contains(text(), \"PC06 - Performance Price - fuel\")]]"}
COMMAND: POST /session/d119162e921248fd1f7a065fe81fedfa/element/f.7D8252E83238221F8080DA22DD8FFCA1.d.21CEDD3FCDD0A72D699982BEECD23F9A.e.12605/click - {}
RESULT: {}
COMMAND: GET /session/d119162e921248fd1f7a065fe81fedfa/screenshot - {}
RESULT: {}
COMMAND: POST /session/d119162e921248fd1f7a065fe81fedfa/execute/async - {"script":"<script> [1562 bytes]","args":[{"selector":{"id":"application-manageconditionprice-display-component---newCondition--condValidTo","interaction":{"idSuffix":"inner"}},"wdio_ui5_key":"applicationmanageconditionprice-display-component---newCondition--condValidTo"}]}
RESULT: {"script":"<script> [1562 bytes]","args":[{"selector":{"id":"application-manageconditionprice-display-component---newCondition--condValidTo","interaction":{"idSuffix":"inner"}},"wdio_ui5_key":"applicationmanageconditionprice-display-component---newCondition--condValidTo"}]}
RESULT: undefined
COMMAND: POST /session/d119162e921248fd1f7a065fe81fedfa/execute/async - {"script":"<script> [776 bytes]","args":[{"enterText":"01/05/26","selector":{"id":"application-manageconditionprice-display-component---newCondition--condValidTo","interaction":{"idSuffix":"inner"}},"clearTextFirst":true,"interactionType":"ENTER_TEXT"}]}
RESULT: {"script":"<script> [776 bytes]","args":[{"enterText":"01/05/26","selector":{"id":"application-manageconditionprice-display-component---newCondition--condValidTo","interaction":{"idSuffix":"inner"}},"clearTextFirst":true,"interactionType":"ENTER_TEXT"}]}
COMMAND: POST /session/d119162e921248fd1f7a065fe81fedfa/element - {"using":"xpath","value":"//input[@id=\"application-manageconditionprice-display-component---newCondition--condRU-inner\"]"}
RESULT: {"using":"xpath","value":"//input[@id=\"application-manageconditionprice-display-component---newCondition--condRU-inner\"]"}
COMMAND: POST /session/d119162e921248fd1f7a065fe81fedfa/element/f.7D8252E83238221F8080DA22DD8FFCA1.d.21CEDD3FCDD0A72D699982BEECD23F9A.e.12467/clear - {}
RESULT: {}
COMMAND: POST /session/d119162e921248fd1f7a065fe81fedfa/element/f.7D8252E83238221F8080DA22DD8FFCA1.d.21CEDD3FCDD0A72D699982BEECD23F9A.e.12467/value - {"text":"r8VjUvJaNh"}
COMMAND: GET /session/d119162e921248fd1f7a065fe81fedfa/screenshot - {}
RESULT: {"text":"r8VjUvJaNh"}
COMMAND: GET /session/d119162e921248fd1f7a065fe81fedfa/screenshot - {}
RESULT: {}
RESULT: {}
COMMAND: POST /session/d119162e921248fd1f7a065fe81fedfa/actions - {"actions":[{"id":"action45","type":"key","parameters":{},"actions":[{"type":"keyDown","value":"î€‡"},{"type":"pause","duration":10},{"type":"keyUp","value":"î€‡"}]}]}
RESULT: {"actions":[{"id":"action45","type":"key","parameters":{},"actions":[{"type":"keyDown","value":"î€‡"},{"type":"pause","duration":10},{"type":"keyUp","value":"î€‡"}]}]}
COMMAND: POST /session/d119162e921248fd1f7a065fe81fedfa/execute/async - {"script":"<script> [1562 bytes]","args":[{"selector":{"id":"application-manageconditionprice-display-component---newCondition--condBaseQty","interaction":{"idSuffix":"inner"}},"wdio_ui5_key":"applicationmanageconditionprice-display-component---newCondition--condBaseQty"}]}
COMMAND: GET /session/d119162e921248fd1f7a065fe81fedfa/screenshot - {}
RESULT: {"script":"<script> [1562 bytes]","args":[{"selector":{"id":"application-manageconditionprice-display-component---newCondition--condBaseQty","interaction":{"idSuffix":"inner"}},"wdio_ui5_key":"applicationmanageconditionprice-display-component---newCondition--condBaseQty"}]}
RESULT: undefined
COMMAND: POST /session/d119162e921248fd1f7a065fe81fedfa/execute/async - {"script":"<script> [776 bytes]","args":[{"enterText":"1","selector":{"id":"application-manageconditionprice-display-component---newCondition--condBaseQty","interaction":{"idSuffix":"inner"}},"clearTextFirst":true,"interactionType":"ENTER_TEXT"}]}
RESULT: {}
RESULT: {"script":"<script> [776 bytes]","args":[{"enterText":"1","selector":{"id":"application-manageconditionprice-display-component---newCondition--condBaseQty","interaction":{"idSuffix":"inner"}},"clearTextFirst":true,"interactionType":"ENTER_TEXT"}]}
COMMAND: POST /session/d119162e921248fd1f7a065fe81fedfa/execute/async - {"script":"<script> [1562 bytes]","args":[{"selector":{"id":"application-manageconditionprice-display-component---newCondition--condValue","interaction":{"idSuffix":"inner"}},"wdio_ui5_key":"applicationmanageconditionprice-display-component---newCondition--condValue"}]}
RESULT: {"script":"<script> [1562 bytes]","args":[{"selector":{"id":"application-manageconditionprice-display-component---newCondition--condValue","interaction":{"idSuffix":"inner"}},"wdio_ui5_key":"applicationmanageconditionprice-display-component---newCondition--condValue"}]}
RESULT: undefined
COMMAND: POST /session/d119162e921248fd1f7a065fe81fedfa/execute/async - {"script":"<script> [776 bytes]","args":[{"enterText":"10","selector":{"id":"application-manageconditionprice-display-component---newCondition--condValue","interaction":{"idSuffix":"inner"}},"clearTextFirst":true,"interactionType":"ENTER_TEXT"}]}
RESULT: {"script":"<script> [776 bytes]","args":[{"enterText":"10","selector":{"id":"application-manageconditionprice-display-component---newCondition--condValue","interaction":{"idSuffix":"inner"}},"clearTextFirst":true,"interactionType":"ENTER_TEXT"}]}
COMMAND: POST /session/d119162e921248fd1f7a065fe81fedfa/execute/async - {"script":"<script> [1562 bytes]","args":[{"selector":{"id":"application-manageconditionprice-display-component---newCondition--condCurr-arrow"},"wdio_ui5_key":"applicationmanageconditionprice-display-component---newCondition--condCurr-arrow"}]}
RESULT: {"script":"<script> [1562 bytes]","args":[{"selector":{"id":"application-manageconditionprice-display-component---newCondition--condCurr-arrow"},"wdio_ui5_key":"applicationmanageconditionprice-display-component---newCondition--condCurr-arrow"}]}
RESULT: undefined
COMMAND: POST /session/d119162e921248fd1f7a065fe81fedfa/element - {"using":"xpath","value":"//*[@id=\"application-manageconditionprice-display-component---newCondition--condCurr-arrow\"]"}
RESULT: {"using":"xpath","value":"//*[@id=\"application-manageconditionprice-display-component---newCondition--condCurr-arrow\"]"}
COMMAND: POST /session/d119162e921248fd1f7a065fe81fedfa/element/f.7D8252E83238221F8080DA22DD8FFCA1.d.21CEDD3FCDD0A72D699982BEECD23F9A.e.12583/click - {}
RESULT: {}
COMMAND: POST /session/d119162e921248fd1f7a065fe81fedfa/element - {"using":"xpath","value":"//span[contains(text(), \"Euro\")]"}
COMMAND: GET /session/d119162e921248fd1f7a065fe81fedfa/screenshot - {}
RESULT: {"using":"xpath","value":"//span[contains(text(), \"Euro\")]"}
COMMAND: POST /session/d119162e921248fd1f7a065fe81fedfa/element/f.7D8252E83238221F8080DA22DD8FFCA1.d.21CEDD3FCDD0A72D699982BEECD23F9A.e.12640/click - {}
RESULT: {}
RESULT: {}
COMMAND: POST /session/d119162e921248fd1f7a065fe81fedfa/element - {"using":"xpath","value":"//button[@data-kt=\"saveButton\"]"}
COMMAND: GET /session/d119162e921248fd1f7a065fe81fedfa/screenshot - {}
RESULT: {"using":"xpath","value":"//button[@data-kt=\"saveButton\"]"}
COMMAND: POST /session/d119162e921248fd1f7a065fe81fedfa/element/f.7D8252E83238221F8080DA22DD8FFCA1.d.21CEDD3FCDD0A72D699982BEECD23F9A.e.12584/click - {}
RESULT: {}
RESULT: {}
COMMAND: GET /session/d119162e921248fd1f7a065fe81fedfa/screenshot - {}
RESULT: {}
COMMAND: POST /session/d119162e921248fd1f7a065fe81fedfa/execute/async - {"script":"<script> [1562 bytes]","args":[{"selector":{"id":"application-manageconditionprice-display-component---conditions--smartFilterBar-btnBasicSearch","interaction":{"idSuffix":"I"}},"wdio_ui5_key":"applicationmanageconditionprice-display-component---conditions--smartFilterBar-btnBasicSearch"}]}
RESULT: {"script":"<script> [1562 bytes]","args":[{"selector":{"id":"application-manageconditionprice-display-component---conditions--smartFilterBar-btnBasicSearch","interaction":{"idSuffix":"I"}},"wdio_ui5_key":"applicationmanageconditionprice-display-component---conditions--smartFilterBar-btnBasicSearch"}]}
RESULT: undefined
COMMAND: POST /session/d119162e921248fd1f7a065fe81fedfa/execute/async - {"script":"<script> [776 bytes]","args":[{"enterText":"r8VjUvJaNh","selector":{"id":"application-manageconditionprice-display-component---conditions--smartFilterBar-btnBasicSearch","interaction":{"idSuffix":"I"}},"clearTextFirst":true,"interactionType":"ENTER_TEXT"}]}
RESULT: {"script":"<script> [776 bytes]","args":[{"enterText":"r8VjUvJaNh","selector":{"id":"application-manageconditionprice-display-component---conditions--smartFilterBar-btnBasicSearch","interaction":{"idSuffix":"I"}},"clearTextFirst":true,"interactionType":"ENTER_TEXT"}]}
COMMAND: POST /session/d119162e921248fd1f7a065fe81fedfa/actions - {"actions":[{"id":"action46","type":"key","parameters":{},"actions":[{"type":"keyDown","value":"î€‡"},{"type":"pause","duration":10},{"type":"keyUp","value":"î€‡"}]}]}
RESULT: {"actions":[{"id":"action46","type":"key","parameters":{},"actions":[{"type":"keyDown","value":"î€‡"},{"type":"pause","duration":10},{"type":"keyUp","value":"î€‡"}]}]}
COMMAND: GET /session/d119162e921248fd1f7a065fe81fedfa/screenshot - {}
RESULT: {}
COMMAND: POST /session/d119162e921248fd1f7a065fe81fedfa/execute/async - {"script":"<script> [1562 bytes]","args":[{"selector":{"id":"application-manageconditionprice-display-component---conditions--smartFilterBar-filterItemControl_BASIC-BILL_TYPES-vhi"},"wdio_ui5_key":"applicationmanageconditionprice-display-component---conditions--smartFilterBar-filterItemControl_BASIC-BILL_TYPES-vhi"}]}
RESULT: {"script":"<script> [1562 bytes]","args":[{"selector":{"id":"application-manageconditionprice-display-component---conditions--smartFilterBar-filterItemControl_BASIC-BILL_TYPES-vhi"},"wdio_ui5_key":"applicationmanageconditionprice-display-component---conditions--smartFilterBar-filterItemControl_BASIC-BILL_TYPES-vhi"}]}
RESULT: undefined
COMMAND: POST /session/d119162e921248fd1f7a065fe81fedfa/element - {"using":"xpath","value":"//*[@id=\"application-manageconditionprice-display-component---conditions--smartFilterBar-filterItemControl_BASIC-BILL_TYPES-vhi\"]"}
RESULT: {"using":"xpath","value":"//*[@id=\"application-manageconditionprice-display-component---conditions--smartFilterBar-filterItemControl_BASIC-BILL_TYPES-vhi\"]"}
COMMAND: POST /session/d119162e921248fd1f7a065fe81fedfa/element/f.7D8252E83238221F8080DA22DD8FFCA1.d.21CEDD3FCDD0A72D699982BEECD23F9A.e.12656/click - {}
RESULT: {}
COMMAND: POST /session/d119162e921248fd1f7a065fe81fedfa/execute/async - {"script":"<script> [1562 bytes]","args":[{"selector":{"id":"application-manageconditionprice-display-component---conditions--smartFilterBar-filterItemControl_BASIC-BILL_TYPES-valueHelpDialog-smartFilterBar-btnBasicSearch","searchOpenDialogs":true,"interaction":{"idSuffix":"I"}},"wdio_ui5_key":"applicationmanageconditionprice-display-component---conditions--smartFilterBar-filterItemControl_BASIC-BILL_TYPES-valueHelpDialog-smartFilterBar-btnBasicSearch"}]}
COMMAND: GET /session/d119162e921248fd1f7a065fe81fedfa/screenshot - {}
RESULT: {"script":"<script> [1562 bytes]","args":[{"selector":{"id":"application-manageconditionprice-display-component---conditions--smartFilterBar-filterItemControl_BASIC-BILL_TYPES-valueHelpDialog-smartFilterBar-btnBasicSearch","searchOpenDialogs":true,"interaction":{"idSuffix":"I"}},"wdio_ui5_key":"applicationmanageconditionprice-display-component---conditions--smartFilterBar-filterItemControl_BASIC-BILL_TYPES-valueHelpDialog-smartFilterBar-btnBasicSearch"}]}
RESULT: undefined
COMMAND: POST /session/d119162e921248fd1f7a065fe81fedfa/execute/async - {"script":"<script> [776 bytes]","args":[{"enterText":"PB","selector":{"id":"application-manageconditionprice-display-component---conditions--smartFilterBar-filterItemControl_BASIC-BILL_TYPES-valueHelpDialog-smartFilterBar-btnBasicSearch","searchOpenDialogs":true,"interaction":{"idSuffix":"I"}},"clearTextFirst":true,"interactionType":"ENTER_TEXT"}]}
RESULT: {}
RESULT: {"script":"<script> [776 bytes]","args":[{"enterText":"PB","selector":{"id":"application-manageconditionprice-display-component---conditions--smartFilterBar-filterItemControl_BASIC-BILL_TYPES-valueHelpDialog-smartFilterBar-btnBasicSearch","searchOpenDialogs":true,"interaction":{"idSuffix":"I"}},"clearTextFirst":true,"interactionType":"ENTER_TEXT"}]}
COMMAND: POST /session/d119162e921248fd1f7a065fe81fedfa/actions - {"actions":[{"id":"action47","type":"key","parameters":{},"actions":[{"type":"keyDown","value":"î€‡"},{"type":"pause","duration":10},{"type":"keyUp","value":"î€‡"}]}]}
RESULT: {"actions":[{"id":"action47","type":"key","parameters":{},"actions":[{"type":"keyDown","value":"î€‡"},{"type":"pause","duration":10},{"type":"keyUp","value":"î€‡"}]}]}
COMMAND: GET /session/d119162e921248fd1f7a065fe81fedfa/screenshot - {}
RESULT: {}
COMMAND: POST /session/d119162e921248fd1f7a065fe81fedfa/element - {"using":"xpath","value":"//div[contains(@id, 'application-manageconditionprice-display-component---conditions--smartFilterBar-filterItemControl_BASIC-BILL_TYPES-valueHelpDialog-table-rowsel0')]"}
RESULT: {"using":"xpath","value":"//div[contains(@id, 'application-manageconditionprice-display-component---conditions--smartFilterBar-filterItemControl_BASIC-BILL_TYPES-valueHelpDialog-table-rowsel0')]"}
COMMAND: POST /session/d119162e921248fd1f7a065fe81fedfa/element/f.7D8252E83238221F8080DA22DD8FFCA1.d.21CEDD3FCDD0A72D699982BEECD23F9A.e.12665/click - {}
RESULT: {}
COMMAND: GET /session/d119162e921248fd1f7a065fe81fedfa/screenshot - {}
RESULT: {}
COMMAND: POST /session/d119162e921248fd1f7a065fe81fedfa/element - {"using":"xpath","value":"//bdi[contains(text(), \"OK\")]"}
RESULT: {"using":"xpath","value":"//bdi[contains(text(), \"OK\")]"}
COMMAND: POST /session/d119162e921248fd1f7a065fe81fedfa/element/f.7D8252E83238221F8080DA22DD8FFCA1.d.21CEDD3FCDD0A72D699982BEECD23F9A.e.12667/click - {}
RESULT: {}
COMMAND: GET /session/d119162e921248fd1f7a065fe81fedfa/screenshot - {}
RESULT: {}
COMMAND: POST /session/d119162e921248fd1f7a065fe81fedfa/element - {"using":"xpath","value":"//span[@id=\"application-manageconditionprice-display-component---conditions--smartTable-header-inner\"]"}
RESULT: {"using":"xpath","value":"//span[@id=\"application-manageconditionprice-display-component---conditions--smartTable-header-inner\"]"}
COMMAND: POST /session/d119162e921248fd1f7a065fe81fedfa/elements - {"using":"xpath","value":"//span[@id=\"application-manageconditionprice-display-component---conditions--smartTable-header-inner\"]"}
RESULT: {"using":"xpath","value":"//span[@id=\"application-manageconditionprice-display-component---conditions--smartTable-header-inner\"]"}
COMMAND: POST /session/d119162e921248fd1f7a065fe81fedfa/execute/sync - {"script":"<script> [56 bytes]","args":[{"element-6066-11e4-a52e-4f735466cecf":"f.7D8252E83238221F8080DA22DD8FFCA1.d.21CEDD3FCDD0A72D699982BEECD23F9A.e.12670","ELEMENT":"f.7D8252E83238221F8080DA22DD8FFCA1.d.21CEDD3FCDD0A72D699982BEECD23F9A.e.12670"}]}
RESULT: {"script":"<script> [56 bytes]","args":[{"element-6066-11e4-a52e-4f735466cecf":"f.7D8252E83238221F8080DA22DD8FFCA1.d.21CEDD3FCDD0A72D699982BEECD23F9A.e.12670","ELEMENT":"f.7D8252E83238221F8080DA22DD8FFCA1.d.21CEDD3FCDD0A72D699982BEECD23F9A.e.12670"}]}
COMMAND: POST /session/d119162e921248fd1f7a065fe81fedfa/element - {"using":"css selector","value":"#shell-header-logo"}
COMMAND: GET /session/d119162e921248fd1f7a065fe81fedfa/screenshot - {}
RESULT: {"using":"css selector","value":"#shell-header-logo"}
COMMAND: POST /session/d119162e921248fd1f7a065fe81fedfa/element/f.7D8252E83238221F8080DA22DD8FFCA1.d.21CEDD3FCDD0A72D699982BEECD23F9A.e.12393/click - {}
RESULT: {}
RESULT: {}
COMMAND: GET /session/d119162e921248fd1f7a065fe81fedfa/screenshot - {}
RESULT: {}
]]></system-out>
    </testcase>
    <testcase classname="chrome.135_0_7049_96.windows.Performance_based_billing_(work_days)_US139742" name="Should add a counter to the equipment" time="46.737">
      <system-out><![CDATA[
RESULT: undefined
COMMAND: POST /session/d119162e921248fd1f7a065fe81fedfa/element - {"using":"xpath","value":"//*[@id=\"__tile39\"]"}
RESULT: {"using":"xpath","value":"//*[@id=\"__tile39\"]"}
COMMAND: POST /session/d119162e921248fd1f7a065fe81fedfa/element/f.7D8252E83238221F8080DA22DD8FFCA1.d.21CEDD3FCDD0A72D699982BEECD23F9A.e.11401/click - {}
RESULT: {}
COMMAND: POST /session/d119162e921248fd1f7a065fe81fedfa/execute/async - {"script":"<script> [1562 bytes]","args":[{"selector":{"id":"application-manageresources-display-component---masterRU--smartFilterBar-btnBasicSearch","interaction":{"idSuffix":"I"}},"wdio_ui5_key":"applicationmanageresources-display-component---masterRU--smartFilterBar-btnBasicSearch"}]}
COMMAND: GET /session/d119162e921248fd1f7a065fe81fedfa/screenshot - {}
RESULT: {"script":"<script> [1562 bytes]","args":[{"selector":{"id":"application-manageresources-display-component---masterRU--smartFilterBar-btnBasicSearch","interaction":{"idSuffix":"I"}},"wdio_ui5_key":"applicationmanageresources-display-component---masterRU--smartFilterBar-btnBasicSearch"}]}
RESULT: undefined
COMMAND: POST /session/d119162e921248fd1f7a065fe81fedfa/execute/async - {"script":"<script> [776 bytes]","args":[{"enterText":"r8VjUvJaNh","selector":{"id":"application-manageresources-display-component---masterRU--smartFilterBar-btnBasicSearch","interaction":{"idSuffix":"I"}},"clearTextFirst":true,"interactionType":"ENTER_TEXT"}]}
RESULT: {}
RESULT: {"script":"<script> [776 bytes]","args":[{"enterText":"r8VjUvJaNh","selector":{"id":"application-manageresources-display-component---masterRU--smartFilterBar-btnBasicSearch","interaction":{"idSuffix":"I"}},"clearTextFirst":true,"interactionType":"ENTER_TEXT"}]}
COMMAND: POST /session/d119162e921248fd1f7a065fe81fedfa/actions - {"actions":[{"id":"action48","type":"key","parameters":{},"actions":[{"type":"keyDown","value":"î€‡"},{"type":"pause","duration":10},{"type":"keyUp","value":"î€‡"}]}]}
RESULT: {"actions":[{"id":"action48","type":"key","parameters":{},"actions":[{"type":"keyDown","value":"î€‡"},{"type":"pause","duration":10},{"type":"keyUp","value":"î€‡"}]}]}
COMMAND: GET /session/d119162e921248fd1f7a065fe81fedfa/screenshot - {}
RESULT: {}
COMMAND: POST /session/d119162e921248fd1f7a065fe81fedfa/execute/async - {"script":"<script> [1562 bytes]","args":[{"selector":{"id":"application-manageresources-display-component---masterRU--smartTable-header"},"wdio_ui5_key":"applicationmanageresources-display-component---masterRU--smartTable-header"}]}
RESULT: {"script":"<script> [1562 bytes]","args":[{"selector":{"id":"application-manageresources-display-component---masterRU--smartTable-header"},"wdio_ui5_key":"applicationmanageresources-display-component---masterRU--smartTable-header"}]}
RESULT: undefined
COMMAND: POST /session/d119162e921248fd1f7a065fe81fedfa/execute/async - {"script":"<script> [6424 bytes]","args":[{"element-6066-11e4-a52e-4f735466cecf":"f.7D8252E83238221F8080DA22DD8FFCA1.d.21CEDD3FCDD0A72D699982BEECD23F9A.e.12869"},"getText",[]]}
RESULT: {"script":"<script> [6424 bytes]","args":[{"element-6066-11e4-a52e-4f735466cecf":"f.7D8252E83238221F8080DA22DD8FFCA1.d.21CEDD3FCDD0A72D699982BEECD23F9A.e.12869"},"getText",[]]}
COMMAND: POST /session/d119162e921248fd1f7a065fe81fedfa/execute/async - {"script":"<script> [1562 bytes]","args":[{"selector":{"controlType":"sap.ui.core.Icon","viewName":"etm.portal.ui.manageresources.view.Master","viewId":"application-manageresources-display-component---masterRU","properties":{"src":{"regex":{"source":"slim\\-arrow\\-right"}}}},"wdio_ui5_key":"etmportal.ui.manageresources.view.Mastersap.ui.core.Icon{\"src\":{\"regex\":{\"source\":\"slim\\\\-arrow\\\\-right\"}}}"}]}
RESULT: {"script":"<script> [1562 bytes]","args":[{"selector":{"controlType":"sap.ui.core.Icon","viewName":"etm.portal.ui.manageresources.view.Master","viewId":"application-manageresources-display-component---masterRU","properties":{"src":{"regex":{"source":"slim\\-arrow\\-right"}}}},"wdio_ui5_key":"etmportal.ui.manageresources.view.Mastersap.ui.core.Icon{\"src\":{\"regex\":{\"source\":\"slim\\\\-arrow\\\\-right\"}}}"}]}
RESULT: undefined
COMMAND: POST /session/d119162e921248fd1f7a065fe81fedfa/element - {"using":"xpath","value":"//*[@id=\"__item1053-__clone2757-imgNav\"]"}
RESULT: {"using":"xpath","value":"//*[@id=\"__item1053-__clone2757-imgNav\"]"}
COMMAND: POST /session/d119162e921248fd1f7a065fe81fedfa/element/f.7D8252E83238221F8080DA22DD8FFCA1.d.21CEDD3FCDD0A72D699982BEECD23F9A.e.12867/click - {}
RESULT: {}
COMMAND: GET /session/d119162e921248fd1f7a065fe81fedfa/screenshot - {}
COMMAND: POST /session/d119162e921248fd1f7a065fe81fedfa/element - {"using":"xpath","value":"//bdi[contains(text(), \"Edit\")]"}
RESULT: {}
RESULT: {"using":"xpath","value":"//bdi[contains(text(), \"Edit\")]"}
COMMAND: POST /session/d119162e921248fd1f7a065fe81fedfa/execute/sync - {"script":"<script> [8489 bytes]","args":[{"element-6066-11e4-a52e-4f735466cecf":"f.7D8252E83238221F8080DA22DD8FFCA1.d.21CEDD3FCDD0A72D699982BEECD23F9A.e.12964","ELEMENT":"f.7D8252E83238221F8080DA22DD8FFCA1.d.21CEDD3FCDD0A72D699982BEECD23F9A.e.12964"}]}
RESULT: {"script":"<script> [8489 bytes]","args":[{"element-6066-11e4-a52e-4f735466cecf":"f.7D8252E83238221F8080DA22DD8FFCA1.d.21CEDD3FCDD0A72D699982BEECD23F9A.e.12964","ELEMENT":"f.7D8252E83238221F8080DA22DD8FFCA1.d.21CEDD3FCDD0A72D699982BEECD23F9A.e.12964"}]}
COMMAND: POST /session/d119162e921248fd1f7a065fe81fedfa/element/f.7D8252E83238221F8080DA22DD8FFCA1.d.21CEDD3FCDD0A72D699982BEECD23F9A.e.12964/click - {}
COMMAND: GET /session/d119162e921248fd1f7a065fe81fedfa/screenshot - {}
RESULT: {}
COMMAND: GET /session/d119162e921248fd1f7a065fe81fedfa/screenshot - {}
RESULT: {}
RESULT: {}
COMMAND: POST /session/d119162e921248fd1f7a065fe81fedfa/execute/async - {"script":"<script> [1562 bytes]","args":[{"selector":{"id":"application-manageresources-display-component---editResource--editRruPage-anchBar-application-manageresources-display-component---editResource--counters-anchor","interaction":{"idSuffix":"BDI-content"}},"wdio_ui5_key":"applicationmanageresources-display-component---editResource--editRruPage-anchBar-application-manageresources-display-component---editResource--counters-anchor"}]}
RESULT: {"script":"<script> [1562 bytes]","args":[{"selector":{"id":"application-manageresources-display-component---editResource--editRruPage-anchBar-application-manageresources-display-component---editResource--counters-anchor","interaction":{"idSuffix":"BDI-content"}},"wdio_ui5_key":"applicationmanageresources-display-component---editResource--editRruPage-anchBar-application-manageresources-display-component---editResource--counters-anchor"}]}
RESULT: undefined
COMMAND: POST /session/d119162e921248fd1f7a065fe81fedfa/element - {"using":"xpath","value":"//*[@id=\"application-manageresources-display-component---editResource--editRruPage-anchBar-application-manageresources-display-component---editResource--counters-anchor\"]"}
RESULT: {"using":"xpath","value":"//*[@id=\"application-manageresources-display-component---editResource--editRruPage-anchBar-application-manageresources-display-component---editResource--counters-anchor\"]"}
COMMAND: POST /session/d119162e921248fd1f7a065fe81fedfa/element/f.7D8252E83238221F8080DA22DD8FFCA1.d.21CEDD3FCDD0A72D699982BEECD23F9A.e.13131/click - {}
RESULT: {}
COMMAND: GET /session/d119162e921248fd1f7a065fe81fedfa/screenshot - {}
RESULT: {}
COMMAND: POST /session/d119162e921248fd1f7a065fe81fedfa/execute/async - {"script":"<script> [1562 bytes]","args":[{"selector":{"id":"application-manageresources-display-component---editResource--btnAddCounter-img"},"wdio_ui5_key":"applicationmanageresources-display-component---editResource--btnAddCounter-img"}]}
RESULT: {"script":"<script> [1562 bytes]","args":[{"selector":{"id":"application-manageresources-display-component---editResource--btnAddCounter-img"},"wdio_ui5_key":"applicationmanageresources-display-component---editResource--btnAddCounter-img"}]}
RESULT: undefined
COMMAND: POST /session/d119162e921248fd1f7a065fe81fedfa/element - {"using":"xpath","value":"//*[@id=\"application-manageresources-display-component---editResource--btnAddCounter-img\"]"}
RESULT: {"using":"xpath","value":"//*[@id=\"application-manageresources-display-component---editResource--btnAddCounter-img\"]"}
COMMAND: POST /session/d119162e921248fd1f7a065fe81fedfa/element/f.7D8252E83238221F8080DA22DD8FFCA1.d.21CEDD3FCDD0A72D699982BEECD23F9A.e.13136/click - {}
RESULT: {}
COMMAND: POST /session/d119162e921248fd1f7a065fe81fedfa/execute/async - {"script":"<script> [1562 bytes]","args":[{"selector":{"id":"application-manageresources-display-component---editResource--COUNTER_ID-application-manageresources-display-component---editResource--RUCounters-0-arrow"},"wdio_ui5_key":"applicationmanageresources-display-component---editResource--COUNTER_ID-application-manageresources-display-component---editResource--RUCounters-0-arrow"}]}
COMMAND: GET /session/d119162e921248fd1f7a065fe81fedfa/screenshot - {}
RESULT: {"script":"<script> [1562 bytes]","args":[{"selector":{"id":"application-manageresources-display-component---editResource--COUNTER_ID-application-manageresources-display-component---editResource--RUCounters-0-arrow"},"wdio_ui5_key":"applicationmanageresources-display-component---editResource--COUNTER_ID-application-manageresources-display-component---editResource--RUCounters-0-arrow"}]}
RESULT: undefined
COMMAND: POST /session/d119162e921248fd1f7a065fe81fedfa/element - {"using":"xpath","value":"//*[@id=\"application-manageresources-display-component---editResource--COUNTER_ID-application-manageresources-display-component---editResource--RUCounters-0-arrow\"]"}
RESULT: {}
RESULT: {"using":"xpath","value":"//*[@id=\"application-manageresources-display-component---editResource--COUNTER_ID-application-manageresources-display-component---editResource--RUCounters-0-arrow\"]"}
COMMAND: POST /session/d119162e921248fd1f7a065fe81fedfa/element/f.7D8252E83238221F8080DA22DD8FFCA1.d.21CEDD3FCDD0A72D699982BEECD23F9A.e.13149/click - {}
RESULT: {}
COMMAND: POST /session/d119162e921248fd1f7a065fe81fedfa/execute/async - {"script":"<script> [1562 bytes]","args":[{"selector":{"controlType":"sap.m.StandardListItem","viewName":"etm.portal.ui.manageresources.view.EditResource","viewId":"application-manageresources-display-component---editResource","properties":{"title":"fuel"},"searchOpenDialogs":true,"interaction":{"idSuffix":"content"}},"wdio_ui5_key":"etmportal.ui.manageresources.view.EditResourcesap.m.StandardListItem{\"title\":\"fuel\"}"}]}
COMMAND: GET /session/d119162e921248fd1f7a065fe81fedfa/screenshot - {}
RESULT: {"script":"<script> [1562 bytes]","args":[{"selector":{"controlType":"sap.m.StandardListItem","viewName":"etm.portal.ui.manageresources.view.EditResource","viewId":"application-manageresources-display-component---editResource","properties":{"title":"fuel"},"searchOpenDialogs":true,"interaction":{"idSuffix":"content"}},"wdio_ui5_key":"etmportal.ui.manageresources.view.EditResourcesap.m.StandardListItem{\"title\":\"fuel\"}"}]}
RESULT: undefined
COMMAND: POST /session/d119162e921248fd1f7a065fe81fedfa/element - {"using":"xpath","value":"//*[@id=\"__item1358\"]"}
RESULT: {}
RESULT: {"using":"xpath","value":"//*[@id=\"__item1358\"]"}
COMMAND: POST /session/d119162e921248fd1f7a065fe81fedfa/element/f.7D8252E83238221F8080DA22DD8FFCA1.d.21CEDD3FCDD0A72D699982BEECD23F9A.e.13151/click - {}
RESULT: {}
COMMAND: POST /session/d119162e921248fd1f7a065fe81fedfa/execute/async - {"script":"<script> [1562 bytes]","args":[{"selector":{"controlType":"sap.m.Button","viewName":"etm.portal.ui.manageresources.view.EditResource","viewId":"application-manageresources-display-component---editResource","i18NText":{"propertyName":"text","key":"save"},"interaction":{"idSuffix":"BDI-content"}},"wdio_ui5_key":"etmportal.ui.manageresources.view.EditResourcesap.m.Button{\"propertyName\":\"text\",\"key\":\"save\"}"}]}
COMMAND: GET /session/d119162e921248fd1f7a065fe81fedfa/screenshot - {}
RESULT: {"script":"<script> [1562 bytes]","args":[{"selector":{"controlType":"sap.m.Button","viewName":"etm.portal.ui.manageresources.view.EditResource","viewId":"application-manageresources-display-component---editResource","i18NText":{"propertyName":"text","key":"save"},"interaction":{"idSuffix":"BDI-content"}},"wdio_ui5_key":"etmportal.ui.manageresources.view.EditResourcesap.m.Button{\"propertyName\":\"text\",\"key\":\"save\"}"}]}
RESULT: undefined
COMMAND: POST /session/d119162e921248fd1f7a065fe81fedfa/element - {"using":"xpath","value":"//*[@id=\"__button172\"]"}
RESULT: {}
RESULT: {"using":"xpath","value":"//*[@id=\"__button172\"]"}
COMMAND: POST /session/d119162e921248fd1f7a065fe81fedfa/element/f.7D8252E83238221F8080DA22DD8FFCA1.d.21CEDD3FCDD0A72D699982BEECD23F9A.e.13153/click - {}
RESULT: {}
COMMAND: GET /session/d119162e921248fd1f7a065fe81fedfa/screenshot - {}
RESULT: {}
COMMAND: POST /session/d119162e921248fd1f7a065fe81fedfa/element - {"using":"css selector","value":"#shell-header-logo"}
RESULT: {"using":"css selector","value":"#shell-header-logo"}
COMMAND: POST /session/d119162e921248fd1f7a065fe81fedfa/element/f.7D8252E83238221F8080DA22DD8FFCA1.d.21CEDD3FCDD0A72D699982BEECD23F9A.e.12676/click - {}
RESULT: {}
COMMAND: GET /session/d119162e921248fd1f7a065fe81fedfa/screenshot - {}
RESULT: {}
]]></system-out>
    </testcase>
    <testcase classname="chrome.135_0_7049_96.windows.Performance_based_billing_(work_days)_US139742" name="Should do a stock increase on the yard for the equipment" time="76.085">
      <system-out><![CDATA[
COMMAND: POST /session/d119162e921248fd1f7a065fe81fedfa/execute/async - {"script":"<script> [1562 bytes]","args":[{"selector":{"controlType":"sap.m.Text","viewName":"etm.portal.ui.managehandoverstile.view.Master","properties":{"text":"Manage Handovers"},"interaction":{"idSuffix":"inner"}},"wdio_ui5_key":"etmportal.ui.managehandoverstile.view.Mastersap.m.Text{\"text\":\"Manage Handovers\"}"}]}
RESULT: {"script":"<script> [1562 bytes]","args":[{"selector":{"controlType":"sap.m.Text","viewName":"etm.portal.ui.managehandoverstile.view.Master","properties":{"text":"Manage Handovers"},"interaction":{"idSuffix":"inner"}},"wdio_ui5_key":"etmportal.ui.managehandoverstile.view.Mastersap.m.Text{\"text\":\"Manage Handovers\"}"}]}
RESULT: undefined
COMMAND: POST /session/d119162e921248fd1f7a065fe81fedfa/element - {"using":"xpath","value":"//*[@id=\"__tile133-title\"]"}
RESULT: {"using":"xpath","value":"//*[@id=\"__tile133-title\"]"}
COMMAND: POST /session/d119162e921248fd1f7a065fe81fedfa/element/f.7D8252E83238221F8080DA22DD8FFCA1.d.21CEDD3FCDD0A72D699982BEECD23F9A.e.13162/click - {}
RESULT: {}
COMMAND: POST /session/d119162e921248fd1f7a065fe81fedfa/element - {"using":"xpath","value":"//button[@data-kt=\"masterHOAddButton\"]"}
COMMAND: GET /session/d119162e921248fd1f7a065fe81fedfa/screenshot - {}
RESULT: {"using":"xpath","value":"//button[@data-kt=\"masterHOAddButton\"]"}
COMMAND: POST /session/d119162e921248fd1f7a065fe81fedfa/elements - {"using":"xpath","value":"//button[@data-kt=\"masterHOAddButton\"]"}
RESULT: {}
RESULT: {"using":"xpath","value":"//button[@data-kt=\"masterHOAddButton\"]"}
COMMAND: POST /session/d119162e921248fd1f7a065fe81fedfa/elements - {"using":"xpath","value":"//button[@data-kt=\"masterHOAddButton\"]"}
RESULT: {"using":"xpath","value":"//button[@data-kt=\"masterHOAddButton\"]"}
COMMAND: POST /session/d119162e921248fd1f7a065fe81fedfa/elements - {"using":"xpath","value":"//button[@data-kt=\"masterHOAddButton\"]"}
RESULT: {"using":"xpath","value":"//button[@data-kt=\"masterHOAddButton\"]"}
COMMAND: POST /session/d119162e921248fd1f7a065fe81fedfa/elements - {"using":"xpath","value":"//button[@data-kt=\"masterHOAddButton\"]"}
RESULT: {"using":"xpath","value":"//button[@data-kt=\"masterHOAddButton\"]"}
COMMAND: POST /session/d119162e921248fd1f7a065fe81fedfa/elements - {"using":"xpath","value":"//button[@data-kt=\"masterHOAddButton\"]"}
RESULT: {"using":"xpath","value":"//button[@data-kt=\"masterHOAddButton\"]"}
COMMAND: POST /session/d119162e921248fd1f7a065fe81fedfa/elements - {"using":"xpath","value":"//button[@data-kt=\"masterHOAddButton\"]"}
RESULT: {"using":"xpath","value":"//button[@data-kt=\"masterHOAddButton\"]"}
COMMAND: POST /session/d119162e921248fd1f7a065fe81fedfa/elements - {"using":"xpath","value":"//button[@data-kt=\"masterHOAddButton\"]"}
RESULT: {"using":"xpath","value":"//button[@data-kt=\"masterHOAddButton\"]"}
COMMAND: POST /session/d119162e921248fd1f7a065fe81fedfa/elements - {"using":"xpath","value":"//button[@data-kt=\"masterHOAddButton\"]"}
RESULT: {"using":"xpath","value":"//button[@data-kt=\"masterHOAddButton\"]"}
COMMAND: POST /session/d119162e921248fd1f7a065fe81fedfa/elements - {"using":"xpath","value":"//button[@data-kt=\"masterHOAddButton\"]"}
RESULT: {"using":"xpath","value":"//button[@data-kt=\"masterHOAddButton\"]"}
COMMAND: POST /session/d119162e921248fd1f7a065fe81fedfa/elements - {"using":"xpath","value":"//button[@data-kt=\"masterHOAddButton\"]"}
RESULT: {"using":"xpath","value":"//button[@data-kt=\"masterHOAddButton\"]"}
COMMAND: POST /session/d119162e921248fd1f7a065fe81fedfa/elements - {"using":"xpath","value":"//button[@data-kt=\"masterHOAddButton\"]"}
RESULT: {"using":"xpath","value":"//button[@data-kt=\"masterHOAddButton\"]"}
COMMAND: POST /session/d119162e921248fd1f7a065fe81fedfa/elements - {"using":"xpath","value":"//button[@data-kt=\"masterHOAddButton\"]"}
RESULT: {"using":"xpath","value":"//button[@data-kt=\"masterHOAddButton\"]"}
COMMAND: POST /session/d119162e921248fd1f7a065fe81fedfa/elements - {"using":"xpath","value":"//button[@data-kt=\"masterHOAddButton\"]"}
RESULT: {"using":"xpath","value":"//button[@data-kt=\"masterHOAddButton\"]"}
COMMAND: POST /session/d119162e921248fd1f7a065fe81fedfa/elements - {"using":"xpath","value":"//button[@data-kt=\"masterHOAddButton\"]"}
RESULT: {"using":"xpath","value":"//button[@data-kt=\"masterHOAddButton\"]"}
COMMAND: POST /session/d119162e921248fd1f7a065fe81fedfa/element - {"using":"xpath","value":"//button[@data-kt=\"masterHOAddButton\"]"}
RESULT: {"using":"xpath","value":"//button[@data-kt=\"masterHOAddButton\"]"}
COMMAND: POST /session/d119162e921248fd1f7a065fe81fedfa/execute/sync - {"script":"<script> [8489 bytes]","args":[{"element-6066-11e4-a52e-4f735466cecf":"f.7D8252E83238221F8080DA22DD8FFCA1.d.21CEDD3FCDD0A72D699982BEECD23F9A.e.13199","ELEMENT":"f.7D8252E83238221F8080DA22DD8FFCA1.d.21CEDD3FCDD0A72D699982BEECD23F9A.e.13199"}]}
RESULT: {"script":"<script> [8489 bytes]","args":[{"element-6066-11e4-a52e-4f735466cecf":"f.7D8252E83238221F8080DA22DD8FFCA1.d.21CEDD3FCDD0A72D699982BEECD23F9A.e.13199","ELEMENT":"f.7D8252E83238221F8080DA22DD8FFCA1.d.21CEDD3FCDD0A72D699982BEECD23F9A.e.13199"}]}
COMMAND: GET /session/d119162e921248fd1f7a065fe81fedfa/element/f.7D8252E83238221F8080DA22DD8FFCA1.d.21CEDD3FCDD0A72D699982BEECD23F9A.e.13199/enabled - {}
COMMAND: GET /session/d119162e921248fd1f7a065fe81fedfa/screenshot - {}
RESULT: {}
COMMAND: POST /session/d119162e921248fd1f7a065fe81fedfa/execute/sync - {"script":"<script> [8489 bytes]","args":[{"element-6066-11e4-a52e-4f735466cecf":"f.7D8252E83238221F8080DA22DD8FFCA1.d.21CEDD3FCDD0A72D699982BEECD23F9A.e.13199","ELEMENT":"f.7D8252E83238221F8080DA22DD8FFCA1.d.21CEDD3FCDD0A72D699982BEECD23F9A.e.13199"}]}
COMMAND: GET /session/d119162e921248fd1f7a065fe81fedfa/screenshot - {}
RESULT: {}
RESULT: {"script":"<script> [8489 bytes]","args":[{"element-6066-11e4-a52e-4f735466cecf":"f.7D8252E83238221F8080DA22DD8FFCA1.d.21CEDD3FCDD0A72D699982BEECD23F9A.e.13199","ELEMENT":"f.7D8252E83238221F8080DA22DD8FFCA1.d.21CEDD3FCDD0A72D699982BEECD23F9A.e.13199"}]}
COMMAND: POST /session/d119162e921248fd1f7a065fe81fedfa/execute/sync - {"script":"<script> [5351 bytes]","args":[{"element-6066-11e4-a52e-4f735466cecf":"f.7D8252E83238221F8080DA22DD8FFCA1.d.21CEDD3FCDD0A72D699982BEECD23F9A.e.13199","ELEMENT":"f.7D8252E83238221F8080DA22DD8FFCA1.d.21CEDD3FCDD0A72D699982BEECD23F9A.e.13199"}]}
COMMAND: GET /session/d119162e921248fd1f7a065fe81fedfa/screenshot - {}
RESULT: {}
RESULT: {"script":"<script> [5351 bytes]","args":[{"element-6066-11e4-a52e-4f735466cecf":"f.7D8252E83238221F8080DA22DD8FFCA1.d.21CEDD3FCDD0A72D699982BEECD23F9A.e.13199","ELEMENT":"f.7D8252E83238221F8080DA22DD8FFCA1.d.21CEDD3FCDD0A72D699982BEECD23F9A.e.13199"}]}
COMMAND: POST /session/d119162e921248fd1f7a065fe81fedfa/element/f.7D8252E83238221F8080DA22DD8FFCA1.d.21CEDD3FCDD0A72D699982BEECD23F9A.e.13199/click - {}
COMMAND: GET /session/d119162e921248fd1f7a065fe81fedfa/screenshot - {}
RESULT: {}
RESULT: {}
COMMAND: GET /session/d119162e921248fd1f7a065fe81fedfa/screenshot - {}
RESULT: {}
RESULT: {}
COMMAND: POST /session/d119162e921248fd1f7a065fe81fedfa/element - {"using":"xpath","value":"//span[contains(@id ,\"AddNewHO--typeSelect-arrow\")]"}
RESULT: {"using":"xpath","value":"//span[contains(@id ,\"AddNewHO--typeSelect-arrow\")]"}
COMMAND: POST /session/d119162e921248fd1f7a065fe81fedfa/element/f.7D8252E83238221F8080DA22DD8FFCA1.d.21CEDD3FCDD0A72D699982BEECD23F9A.e.13538/click - {}
RESULT: {}
COMMAND: GET /session/d119162e921248fd1f7a065fe81fedfa/screenshot - {}
RESULT: {}
COMMAND: POST /session/d119162e921248fd1f7a065fe81fedfa/element - {"using":"xpath","value":"(//li[contains(text(), \"stock increase yard\")])[1]"}
RESULT: {"using":"xpath","value":"(//li[contains(text(), \"stock increase yard\")])[1]"}
COMMAND: POST /session/d119162e921248fd1f7a065fe81fedfa/element/f.7D8252E83238221F8080DA22DD8FFCA1.d.21CEDD3FCDD0A72D699982BEECD23F9A.e.13539/click - {}
RESULT: {}
COMMAND: GET /session/d119162e921248fd1f7a065fe81fedfa/screenshot - {}
RESULT: {}
COMMAND: POST /session/d119162e921248fd1f7a065fe81fedfa/execute/async - {"script":"<script> [1562 bytes]","args":[{"selector":{"id":"application-managehandovers-display-component---AddNewHO--dueDate","interaction":{"idSuffix":"inner"}},"wdio_ui5_key":"applicationmanagehandovers-display-component---AddNewHO--dueDate"}]}
RESULT: {"script":"<script> [1562 bytes]","args":[{"selector":{"id":"application-managehandovers-display-component---AddNewHO--dueDate","interaction":{"idSuffix":"inner"}},"wdio_ui5_key":"applicationmanagehandovers-display-component---AddNewHO--dueDate"}]}
RESULT: undefined
COMMAND: POST /session/d119162e921248fd1f7a065fe81fedfa/execute/async - {"script":"<script> [6424 bytes]","args":[{"element-6066-11e4-a52e-4f735466cecf":"f.7D8252E83238221F8080DA22DD8FFCA1.d.21CEDD3FCDD0A72D699982BEECD23F9A.e.13541"},"setValue",["05/05/2025"]]}
RESULT: {"script":"<script> [6424 bytes]","args":[{"element-6066-11e4-a52e-4f735466cecf":"f.7D8252E83238221F8080DA22DD8FFCA1.d.21CEDD3FCDD0A72D699982BEECD23F9A.e.13541"},"setValue",["05/05/2025"]]}
COMMAND: POST /session/d119162e921248fd1f7a065fe81fedfa/element - {"using":"xpath","value":"//input[@id=\"generalSectionFrg--receiveYard-inner\"]"}
RESULT: {"using":"xpath","value":"//input[@id=\"generalSectionFrg--receiveYard-inner\"]"}
COMMAND: POST /session/d119162e921248fd1f7a065fe81fedfa/element/f.7D8252E83238221F8080DA22DD8FFCA1.d.21CEDD3FCDD0A72D699982BEECD23F9A.e.13547/clear - {}
RESULT: {}
COMMAND: POST /session/d119162e921248fd1f7a065fe81fedfa/element/f.7D8252E83238221F8080DA22DD8FFCA1.d.21CEDD3FCDD0A72D699982BEECD23F9A.e.13547/value - {"text":"562"}
COMMAND: GET /session/d119162e921248fd1f7a065fe81fedfa/screenshot - {}
RESULT: {"text":"562"}
COMMAND: GET /session/d119162e921248fd1f7a065fe81fedfa/screenshot - {}
RESULT: {}
RESULT: {}
COMMAND: POST /session/d119162e921248fd1f7a065fe81fedfa/element - {"using":"xpath","value":"//li[.//span[text()='562']]"}
RESULT: {"using":"xpath","value":"//li[.//span[text()='562']]"}
COMMAND: POST /session/d119162e921248fd1f7a065fe81fedfa/element/f.7D8252E83238221F8080DA22DD8FFCA1.d.21CEDD3FCDD0A72D699982BEECD23F9A.e.13565/click - {}
RESULT: {}
COMMAND: GET /session/d119162e921248fd1f7a065fe81fedfa/screenshot - {}
RESULT: {}
COMMAND: POST /session/d119162e921248fd1f7a065fe81fedfa/execute/async - {"script":"<script> [1562 bytes]","args":[{"selector":{"id":"application-managehandovers-display-component---AddNewHO--ObjectPageLayout-anchBar-application-managehandovers-display-component---AddNewHO--section4-anchor","interaction":{"idSuffix":"BDI-content"}},"wdio_ui5_key":"applicationmanagehandovers-display-component---AddNewHO--ObjectPageLayout-anchBar-application-managehandovers-display-component---AddNewHO--section4-anchor"}]}
RESULT: {"script":"<script> [1562 bytes]","args":[{"selector":{"id":"application-managehandovers-display-component---AddNewHO--ObjectPageLayout-anchBar-application-managehandovers-display-component---AddNewHO--section4-anchor","interaction":{"idSuffix":"BDI-content"}},"wdio_ui5_key":"applicationmanagehandovers-display-component---AddNewHO--ObjectPageLayout-anchBar-application-managehandovers-display-component---AddNewHO--section4-anchor"}]}
RESULT: undefined
COMMAND: POST /session/d119162e921248fd1f7a065fe81fedfa/element - {"using":"xpath","value":"//*[@id=\"application-managehandovers-display-component---AddNewHO--ObjectPageLayout-anchBar-application-managehandovers-display-component---AddNewHO--section4-anchor\"]"}
RESULT: {"using":"xpath","value":"//*[@id=\"application-managehandovers-display-component---AddNewHO--ObjectPageLayout-anchBar-application-managehandovers-display-component---AddNewHO--section4-anchor\"]"}
COMMAND: POST /session/d119162e921248fd1f7a065fe81fedfa/element/f.7D8252E83238221F8080DA22DD8FFCA1.d.21CEDD3FCDD0A72D699982BEECD23F9A.e.13567/click - {}
RESULT: {}
COMMAND: POST /session/d119162e921248fd1f7a065fe81fedfa/element - {"using":"xpath","value":"//button[@aria-label=\"Add\"]"}
COMMAND: GET /session/d119162e921248fd1f7a065fe81fedfa/screenshot - {}
RESULT: {"using":"xpath","value":"//button[@aria-label=\"Add\"]"}
COMMAND: POST /session/d119162e921248fd1f7a065fe81fedfa/element/f.7D8252E83238221F8080DA22DD8FFCA1.d.21CEDD3FCDD0A72D699982BEECD23F9A.e.13569/click - {}
RESULT: {}
RESULT: {}
COMMAND: GET /session/d119162e921248fd1f7a065fe81fedfa/screenshot - {}
RESULT: {}
COMMAND: POST /session/d119162e921248fd1f7a065fe81fedfa/execute/async - {"script":"<script> [1562 bytes]","args":[{"selector":{"id":"application-managehandovers-display-component---AddNewHO--smartFilterBar-btnBasicSearch","searchOpenDialogs":true,"interaction":{"idSuffix":"I"}},"wdio_ui5_key":"applicationmanagehandovers-display-component---AddNewHO--smartFilterBar-btnBasicSearch"}]}
RESULT: {"script":"<script> [1562 bytes]","args":[{"selector":{"id":"application-managehandovers-display-component---AddNewHO--smartFilterBar-btnBasicSearch","searchOpenDialogs":true,"interaction":{"idSuffix":"I"}},"wdio_ui5_key":"applicationmanagehandovers-display-component---AddNewHO--smartFilterBar-btnBasicSearch"}]}
RESULT: undefined
COMMAND: POST /session/d119162e921248fd1f7a065fe81fedfa/execute/async - {"script":"<script> [776 bytes]","args":[{"enterText":"r8VjUvJaNh","selector":{"id":"application-managehandovers-display-component---AddNewHO--smartFilterBar-btnBasicSearch","searchOpenDialogs":true,"interaction":{"idSuffix":"I"}},"clearTextFirst":true,"interactionType":"ENTER_TEXT"}]}
RESULT: {"script":"<script> [776 bytes]","args":[{"enterText":"r8VjUvJaNh","selector":{"id":"application-managehandovers-display-component---AddNewHO--smartFilterBar-btnBasicSearch","searchOpenDialogs":true,"interaction":{"idSuffix":"I"}},"clearTextFirst":true,"interactionType":"ENTER_TEXT"}]}
COMMAND: POST /session/d119162e921248fd1f7a065fe81fedfa/actions - {"actions":[{"id":"action49","type":"key","parameters":{},"actions":[{"type":"keyDown","value":"î€‡"},{"type":"pause","duration":10},{"type":"keyUp","value":"î€‡"}]}]}
RESULT: {"actions":[{"id":"action49","type":"key","parameters":{},"actions":[{"type":"keyDown","value":"î€‡"},{"type":"pause","duration":10},{"type":"keyUp","value":"î€‡"}]}]}
COMMAND: GET /session/d119162e921248fd1f7a065fe81fedfa/screenshot - {}
RESULT: {}
COMMAND: POST /session/d119162e921248fd1f7a065fe81fedfa/execute/async - {"script":"<script> [1562 bytes]","args":[{"selector":{"id":"application-managehandovers-display-component---AddNewHO--popup-sa","searchOpenDialogs":true,"interaction":{"idSuffix":"CbBg"}},"wdio_ui5_key":"applicationmanagehandovers-display-component---AddNewHO--popup-sa"}]}
RESULT: {"script":"<script> [1562 bytes]","args":[{"selector":{"id":"application-managehandovers-display-component---AddNewHO--popup-sa","searchOpenDialogs":true,"interaction":{"idSuffix":"CbBg"}},"wdio_ui5_key":"applicationmanagehandovers-display-component---AddNewHO--popup-sa"}]}
RESULT: undefined
COMMAND: POST /session/d119162e921248fd1f7a065fe81fedfa/element - {"using":"xpath","value":"//*[@id=\"application-managehandovers-display-component---AddNewHO--popup-sa\"]"}
RESULT: {"using":"xpath","value":"//*[@id=\"application-managehandovers-display-component---AddNewHO--popup-sa\"]"}
COMMAND: POST /session/d119162e921248fd1f7a065fe81fedfa/element/f.7D8252E83238221F8080DA22DD8FFCA1.d.21CEDD3FCDD0A72D699982BEECD23F9A.e.13721/click - {}
RESULT: {}
COMMAND: GET /session/d119162e921248fd1f7a065fe81fedfa/screenshot - {}
RESULT: {}
COMMAND: POST /session/d119162e921248fd1f7a065fe81fedfa/element - {"using":"xpath","value":"//bdi[contains(text(), \"Select\")]"}
RESULT: {"using":"xpath","value":"//bdi[contains(text(), \"Select\")]"}
COMMAND: POST /session/d119162e921248fd1f7a065fe81fedfa/element/f.7D8252E83238221F8080DA22DD8FFCA1.d.21CEDD3FCDD0A72D699982BEECD23F9A.e.13722/click - {}
RESULT: {}
COMMAND: GET /session/d119162e921248fd1f7a065fe81fedfa/screenshot - {}
RESULT: {}
COMMAND: POST /session/d119162e921248fd1f7a065fe81fedfa/element - {"using":"xpath","value":"//button[@data-kt=\"AddNewHOSaveButton\"]"}
RESULT: {"using":"xpath","value":"//button[@data-kt=\"AddNewHOSaveButton\"]"}
COMMAND: POST /session/d119162e921248fd1f7a065fe81fedfa/element/f.7D8252E83238221F8080DA22DD8FFCA1.d.21CEDD3FCDD0A72D699982BEECD23F9A.e.13726/click - {}
RESULT: {}
COMMAND: GET /session/d119162e921248fd1f7a065fe81fedfa/screenshot - {}
RESULT: {}
COMMAND: POST /session/d119162e921248fd1f7a065fe81fedfa/execute/async - {"script":"<script> [1562 bytes]","args":[{"selector":{"id":"receiptDatePicker","viewName":"etm.portal.ui.managehandovers.view.DetailExecuteHO","interaction":{"idSuffix":"inner"}},"wdio_ui5_key":"receiptDatePickeretmportal.ui.managehandovers.view.DetailExecuteHO"}]}
RESULT: {"script":"<script> [1562 bytes]","args":[{"selector":{"id":"receiptDatePicker","viewName":"etm.portal.ui.managehandovers.view.DetailExecuteHO","interaction":{"idSuffix":"inner"}},"wdio_ui5_key":"receiptDatePickeretmportal.ui.managehandovers.view.DetailExecuteHO"}]}
RESULT: undefined
COMMAND: POST /session/d119162e921248fd1f7a065fe81fedfa/execute/async - {"script":"<script> [6424 bytes]","args":[{"element-6066-11e4-a52e-4f735466cecf":"f.7D8252E83238221F8080DA22DD8FFCA1.d.21CEDD3FCDD0A72D699982BEECD23F9A.e.13754"},"setValue",["05/05/2025"]]}
RESULT: {"script":"<script> [6424 bytes]","args":[{"element-6066-11e4-a52e-4f735466cecf":"f.7D8252E83238221F8080DA22DD8FFCA1.d.21CEDD3FCDD0A72D699982BEECD23F9A.e.13754"},"setValue",["05/05/2025"]]}
COMMAND: POST /session/d119162e921248fd1f7a065fe81fedfa/element - {"using":"xpath","value":"//button[@data-kt=\"PickingTableConfirmAllButton\"]"}
RESULT: {"using":"xpath","value":"//button[@data-kt=\"PickingTableConfirmAllButton\"]"}
COMMAND: POST /session/d119162e921248fd1f7a065fe81fedfa/element/f.7D8252E83238221F8080DA22DD8FFCA1.d.21CEDD3FCDD0A72D699982BEECD23F9A.e.13770/click - {}
RESULT: {}
COMMAND: GET /session/d119162e921248fd1f7a065fe81fedfa/screenshot - {}
RESULT: {}
COMMAND: POST /session/d119162e921248fd1f7a065fe81fedfa/element - {"using":"xpath","value":"//bdi[contains(text(), \"OK\")]"}
RESULT: {"using":"xpath","value":"//bdi[contains(text(), \"OK\")]"}
COMMAND: POST /session/d119162e921248fd1f7a065fe81fedfa/element/f.7D8252E83238221F8080DA22DD8FFCA1.d.21CEDD3FCDD0A72D699982BEECD23F9A.e.13772/click - {}
RESULT: {}
COMMAND: GET /session/d119162e921248fd1f7a065fe81fedfa/screenshot - {}
RESULT: {}
COMMAND: POST /session/d119162e921248fd1f7a065fe81fedfa/element - {"using":"xpath","value":"(//bdi[contains(text(), \"Receive\")])[2]"}
RESULT: {"using":"xpath","value":"(//bdi[contains(text(), \"Receive\")])[2]"}
COMMAND: POST /session/d119162e921248fd1f7a065fe81fedfa/element/f.7D8252E83238221F8080DA22DD8FFCA1.d.21CEDD3FCDD0A72D699982BEECD23F9A.e.13774/click - {}
RESULT: {}
COMMAND: GET /session/d119162e921248fd1f7a065fe81fedfa/screenshot - {}
RESULT: {}
COMMAND: POST /session/d119162e921248fd1f7a065fe81fedfa/element - {"using":"css selector","value":"#shell-header-logo"}
RESULT: {"using":"css selector","value":"#shell-header-logo"}
COMMAND: POST /session/d119162e921248fd1f7a065fe81fedfa/element/f.7D8252E83238221F8080DA22DD8FFCA1.d.21CEDD3FCDD0A72D699982BEECD23F9A.e.13164/click - {}
RESULT: {}
COMMAND: GET /session/d119162e921248fd1f7a065fe81fedfa/screenshot - {}
RESULT: {}
]]></system-out>
    </testcase>
    <testcase classname="chrome.135_0_7049_96.windows.Performance_based_billing_(work_days)_US139742" name="Should create a new contract" time="55.166">
      <system-out><![CDATA[
COMMAND: POST /session/d119162e921248fd1f7a065fe81fedfa/execute/async - {"script":"<script> [1562 bytes]","args":[{"selector":{"controlType":"sap.m.Text","viewName":"etm.portal.ui.managecontractstile.view.Master","properties":{"text":"Manage Contracts"},"interaction":{"idSuffix":"inner"}},"wdio_ui5_key":"etmportal.ui.managecontractstile.view.Mastersap.m.Text{\"text\":\"Manage Contracts\"}"}]}
RESULT: {"script":"<script> [1562 bytes]","args":[{"selector":{"controlType":"sap.m.Text","viewName":"etm.portal.ui.managecontractstile.view.Master","properties":{"text":"Manage Contracts"},"interaction":{"idSuffix":"inner"}},"wdio_ui5_key":"etmportal.ui.managecontractstile.view.Mastersap.m.Text{\"text\":\"Manage Contracts\"}"}]}
RESULT: undefined
COMMAND: POST /session/d119162e921248fd1f7a065fe81fedfa/element - {"using":"xpath","value":"//*[@id=\"__tile130-title\"]"}
RESULT: {"using":"xpath","value":"//*[@id=\"__tile130-title\"]"}
COMMAND: POST /session/d119162e921248fd1f7a065fe81fedfa/element/f.7D8252E83238221F8080DA22DD8FFCA1.d.21CEDD3FCDD0A72D699982BEECD23F9A.e.14057/click - {}
RESULT: {}
COMMAND: GET /session/d119162e921248fd1f7a065fe81fedfa/screenshot - {}
RESULT: {}
COMMAND: POST /session/d119162e921248fd1f7a065fe81fedfa/element - {"using":"xpath","value":"//button[@data-kt=\"addButton\"]"}
RESULT: {"using":"xpath","value":"//button[@data-kt=\"addButton\"]"}
COMMAND: POST /session/d119162e921248fd1f7a065fe81fedfa/elements - {"using":"xpath","value":"//button[@data-kt=\"addButton\"]"}
RESULT: {"using":"xpath","value":"//button[@data-kt=\"addButton\"]"}
COMMAND: POST /session/d119162e921248fd1f7a065fe81fedfa/elements - {"using":"xpath","value":"//button[@data-kt=\"addButton\"]"}
RESULT: {"using":"xpath","value":"//button[@data-kt=\"addButton\"]"}
COMMAND: POST /session/d119162e921248fd1f7a065fe81fedfa/element - {"using":"xpath","value":"//button[@data-kt=\"addButton\"]"}
RESULT: {"using":"xpath","value":"//button[@data-kt=\"addButton\"]"}
COMMAND: POST /session/d119162e921248fd1f7a065fe81fedfa/execute/sync - {"script":"<script> [8489 bytes]","args":[{"element-6066-11e4-a52e-4f735466cecf":"f.7D8252E83238221F8080DA22DD8FFCA1.d.21CEDD3FCDD0A72D699982BEECD23F9A.e.14137","ELEMENT":"f.7D8252E83238221F8080DA22DD8FFCA1.d.21CEDD3FCDD0A72D699982BEECD23F9A.e.14137"}]}
RESULT: {"script":"<script> [8489 bytes]","args":[{"element-6066-11e4-a52e-4f735466cecf":"f.7D8252E83238221F8080DA22DD8FFCA1.d.21CEDD3FCDD0A72D699982BEECD23F9A.e.14137","ELEMENT":"f.7D8252E83238221F8080DA22DD8FFCA1.d.21CEDD3FCDD0A72D699982BEECD23F9A.e.14137"}]}
COMMAND: GET /session/d119162e921248fd1f7a065fe81fedfa/element/f.7D8252E83238221F8080DA22DD8FFCA1.d.21CEDD3FCDD0A72D699982BEECD23F9A.e.14137/enabled - {}
COMMAND: GET /session/d119162e921248fd1f7a065fe81fedfa/screenshot - {}
RESULT: {}
COMMAND: POST /session/d119162e921248fd1f7a065fe81fedfa/execute/sync - {"script":"<script> [8489 bytes]","args":[{"element-6066-11e4-a52e-4f735466cecf":"f.7D8252E83238221F8080DA22DD8FFCA1.d.21CEDD3FCDD0A72D699982BEECD23F9A.e.14137","ELEMENT":"f.7D8252E83238221F8080DA22DD8FFCA1.d.21CEDD3FCDD0A72D699982BEECD23F9A.e.14137"}]}
COMMAND: GET /session/d119162e921248fd1f7a065fe81fedfa/screenshot - {}
RESULT: {}
RESULT: {"script":"<script> [8489 bytes]","args":[{"element-6066-11e4-a52e-4f735466cecf":"f.7D8252E83238221F8080DA22DD8FFCA1.d.21CEDD3FCDD0A72D699982BEECD23F9A.e.14137","ELEMENT":"f.7D8252E83238221F8080DA22DD8FFCA1.d.21CEDD3FCDD0A72D699982BEECD23F9A.e.14137"}]}
COMMAND: POST /session/d119162e921248fd1f7a065fe81fedfa/execute/sync - {"script":"<script> [5351 bytes]","args":[{"element-6066-11e4-a52e-4f735466cecf":"f.7D8252E83238221F8080DA22DD8FFCA1.d.21CEDD3FCDD0A72D699982BEECD23F9A.e.14137","ELEMENT":"f.7D8252E83238221F8080DA22DD8FFCA1.d.21CEDD3FCDD0A72D699982BEECD23F9A.e.14137"}]}
COMMAND: GET /session/d119162e921248fd1f7a065fe81fedfa/screenshot - {}
RESULT: {}
RESULT: {"script":"<script> [5351 bytes]","args":[{"element-6066-11e4-a52e-4f735466cecf":"f.7D8252E83238221F8080DA22DD8FFCA1.d.21CEDD3FCDD0A72D699982BEECD23F9A.e.14137","ELEMENT":"f.7D8252E83238221F8080DA22DD8FFCA1.d.21CEDD3FCDD0A72D699982BEECD23F9A.e.14137"}]}
COMMAND: GET /session/d119162e921248fd1f7a065fe81fedfa/screenshot - {}
RESULT: {}
RESULT: {}
COMMAND: POST /session/d119162e921248fd1f7a065fe81fedfa/element/f.7D8252E83238221F8080DA22DD8FFCA1.d.21CEDD3FCDD0A72D699982BEECD23F9A.e.14137/click - {}
RESULT: {}
COMMAND: GET /session/d119162e921248fd1f7a065fe81fedfa/screenshot - {}
RESULT: {}
COMMAND: POST /session/d119162e921248fd1f7a065fe81fedfa/execute/async - {"script":"<script> [1562 bytes]","args":[{"selector":{"id":"application-managecontracts-display-component---AddNewContract--projectDescription","interaction":{"idSuffix":"inner"}},"wdio_ui5_key":"applicationmanagecontracts-display-component---AddNewContract--projectDescription"}]}
RESULT: {"script":"<script> [1562 bytes]","args":[{"selector":{"id":"application-managecontracts-display-component---AddNewContract--projectDescription","interaction":{"idSuffix":"inner"}},"wdio_ui5_key":"applicationmanagecontracts-display-component---AddNewContract--projectDescription"}]}
RESULT: undefined
COMMAND: POST /session/d119162e921248fd1f7a065fe81fedfa/execute/async - {"script":"<script> [776 bytes]","args":[{"enterText":"Performance Contract WDIO","selector":{"id":"application-managecontracts-display-component---AddNewContract--projectDescription","interaction":{"idSuffix":"inner"}},"clearTextFirst":true,"interactionType":"ENTER_TEXT"}]}
RESULT: {"script":"<script> [776 bytes]","args":[{"enterText":"Performance Contract WDIO","selector":{"id":"application-managecontracts-display-component---AddNewContract--projectDescription","interaction":{"idSuffix":"inner"}},"clearTextFirst":true,"interactionType":"ENTER_TEXT"}]}
COMMAND: POST /session/d119162e921248fd1f7a065fe81fedfa/element - {"using":"xpath","value":"//input[@id=\"application-managecontracts-display-component---AddNewContract--site-inner\"]"}
RESULT: {"using":"xpath","value":"//input[@id=\"application-managecontracts-display-component---AddNewContract--site-inner\"]"}
COMMAND: POST /session/d119162e921248fd1f7a065fe81fedfa/element/f.7D8252E83238221F8080DA22DD8FFCA1.d.21CEDD3FCDD0A72D699982BEECD23F9A.e.14428/clear - {}
RESULT: {}
COMMAND: POST /session/d119162e921248fd1f7a065fe81fedfa/element/f.7D8252E83238221F8080DA22DD8FFCA1.d.21CEDD3FCDD0A72D699982BEECD23F9A.e.14428/value - {"text":"2397"}
COMMAND: GET /session/d119162e921248fd1f7a065fe81fedfa/screenshot - {}
RESULT: {"text":"2397"}
COMMAND: GET /session/d119162e921248fd1f7a065fe81fedfa/screenshot - {}
RESULT: {}
RESULT: {}
COMMAND: POST /session/d119162e921248fd1f7a065fe81fedfa/element - {"using":"xpath","value":"//li[.//span[text()='2397']]"}
RESULT: {"using":"xpath","value":"//li[.//span[text()='2397']]"}
COMMAND: POST /session/d119162e921248fd1f7a065fe81fedfa/element/f.7D8252E83238221F8080DA22DD8FFCA1.d.21CEDD3FCDD0A72D699982BEECD23F9A.e.14453/click - {}
RESULT: {}
COMMAND: GET /session/d119162e921248fd1f7a065fe81fedfa/screenshot - {}
RESULT: {}
COMMAND: POST /session/d119162e921248fd1f7a065fe81fedfa/element - {"using":"xpath","value":"//input[@id=\"application-managecontracts-display-component---AddNewContract--yardId-inner\"]"}
RESULT: {"using":"xpath","value":"//input[@id=\"application-managecontracts-display-component---AddNewContract--yardId-inner\"]"}
COMMAND: GET /session/d119162e921248fd1f7a065fe81fedfa/element/f.7D8252E83238221F8080DA22DD8FFCA1.d.21CEDD3FCDD0A72D699982BEECD23F9A.e.14429/property/value - {}
RESULT: {}
COMMAND: POST /session/d119162e921248fd1f7a065fe81fedfa/element - {"using":"xpath","value":"//input[@id=\"application-managecontracts-display-component---AddNewContract--customerSelect-inner\"]"}
COMMAND: GET /session/d119162e921248fd1f7a065fe81fedfa/screenshot - {}
RESULT: {"using":"xpath","value":"//input[@id=\"application-managecontracts-display-component---AddNewContract--customerSelect-inner\"]"}
COMMAND: POST /session/d119162e921248fd1f7a065fe81fedfa/element/f.7D8252E83238221F8080DA22DD8FFCA1.d.21CEDD3FCDD0A72D699982BEECD23F9A.e.14427/clear - {}
RESULT: {}
RESULT: {}
COMMAND: POST /session/d119162e921248fd1f7a065fe81fedfa/element/f.7D8252E83238221F8080DA22DD8FFCA1.d.21CEDD3FCDD0A72D699982BEECD23F9A.e.14427/value - {"text":"1439"}
COMMAND: GET /session/d119162e921248fd1f7a065fe81fedfa/screenshot - {}
RESULT: {"text":"1439"}
COMMAND: GET /session/d119162e921248fd1f7a065fe81fedfa/screenshot - {}
RESULT: {}
RESULT: {}
COMMAND: POST /session/d119162e921248fd1f7a065fe81fedfa/element - {"using":"xpath","value":"//li[.//span[text()='1439']]"}
RESULT: {"using":"xpath","value":"//li[.//span[text()='1439']]"}
COMMAND: POST /session/d119162e921248fd1f7a065fe81fedfa/element/f.7D8252E83238221F8080DA22DD8FFCA1.d.21CEDD3FCDD0A72D699982BEECD23F9A.e.14456/click - {}
RESULT: {}
COMMAND: GET /session/d119162e921248fd1f7a065fe81fedfa/screenshot - {}
RESULT: {}
COMMAND: POST /session/d119162e921248fd1f7a065fe81fedfa/element - {"using":"xpath","value":"//button[@data-kt=\"saveButton\"]"}
RESULT: {"using":"xpath","value":"//button[@data-kt=\"saveButton\"]"}
COMMAND: POST /session/d119162e921248fd1f7a065fe81fedfa/element/f.7D8252E83238221F8080DA22DD8FFCA1.d.21CEDD3FCDD0A72D699982BEECD23F9A.e.14444/click - {}
RESULT: {}
COMMAND: GET /session/d119162e921248fd1f7a065fe81fedfa/screenshot - {}
RESULT: {}
COMMAND: POST /session/d119162e921248fd1f7a065fe81fedfa/element - {"using":"xpath","value":"//span[contains(@id ,\"contractDetailTitleNoExpanded\")]"}
RESULT: {"using":"xpath","value":"//span[contains(@id ,\"contractDetailTitleNoExpanded\")]"}
COMMAND: POST /session/d119162e921248fd1f7a065fe81fedfa/elements - {"using":"xpath","value":"//span[contains(@id ,\"contractDetailTitleNoExpanded\")]"}
RESULT: {"using":"xpath","value":"//span[contains(@id ,\"contractDetailTitleNoExpanded\")]"}
COMMAND: POST /session/d119162e921248fd1f7a065fe81fedfa/execute/sync - {"script":"<script> [56 bytes]","args":[{"element-6066-11e4-a52e-4f735466cecf":"f.7D8252E83238221F8080DA22DD8FFCA1.d.21CEDD3FCDD0A72D699982BEECD23F9A.e.14528","ELEMENT":"f.7D8252E83238221F8080DA22DD8FFCA1.d.21CEDD3FCDD0A72D699982BEECD23F9A.e.14528"}]}
RESULT: {"script":"<script> [56 bytes]","args":[{"element-6066-11e4-a52e-4f735466cecf":"f.7D8252E83238221F8080DA22DD8FFCA1.d.21CEDD3FCDD0A72D699982BEECD23F9A.e.14528","ELEMENT":"f.7D8252E83238221F8080DA22DD8FFCA1.d.21CEDD3FCDD0A72D699982BEECD23F9A.e.14528"}]}
COMMAND: GET /session/d119162e921248fd1f7a065fe81fedfa/screenshot - {}
RESULT: {}
]]></system-out>
    </testcase>
    <testcase classname="chrome.135_0_7049_96.windows.Performance_based_billing_(work_days)_US139742" name="Should add equipment to the contract" time="47.474">
      <system-out><![CDATA[
COMMAND: POST /session/d119162e921248fd1f7a065fe81fedfa/element - {"using":"xpath","value":"//button[@data-kt=\"contractDetailEditBtnButton\"]"}
RESULT: {"using":"xpath","value":"//button[@data-kt=\"contractDetailEditBtnButton\"]"}
COMMAND: POST /session/d119162e921248fd1f7a065fe81fedfa/element/f.7D8252E83238221F8080DA22DD8FFCA1.d.21CEDD3FCDD0A72D699982BEECD23F9A.e.14530/click - {}
RESULT: {}
COMMAND: GET /session/d119162e921248fd1f7a065fe81fedfa/screenshot - {}
RESULT: {}
COMMAND: POST /session/d119162e921248fd1f7a065fe81fedfa/element - {"using":"xpath","value":"(//span[contains(text(), \"Additional Addresses\")])[2]"}
RESULT: {"using":"xpath","value":"(//span[contains(text(), \"Additional Addresses\")])[2]"}
COMMAND: POST /session/d119162e921248fd1f7a065fe81fedfa/element/f.7D8252E83238221F8080DA22DD8FFCA1.d.21CEDD3FCDD0A72D699982BEECD23F9A.e.14586/click - {}
RESULT: {}
COMMAND: GET /session/d119162e921248fd1f7a065fe81fedfa/screenshot - {}
RESULT: {}
COMMAND: POST /session/d119162e921248fd1f7a065fe81fedfa/element - {"using":"xpath","value":"//button[@data-kt=\"btnAddTableRowOverflowToolbarButton\"]"}
RESULT: {"using":"xpath","value":"//button[@data-kt=\"btnAddTableRowOverflowToolbarButton\"]"}
COMMAND: POST /session/d119162e921248fd1f7a065fe81fedfa/element/f.7D8252E83238221F8080DA22DD8FFCA1.d.21CEDD3FCDD0A72D699982BEECD23F9A.e.14589/click - {}
RESULT: {}
COMMAND: GET /session/d119162e921248fd1f7a065fe81fedfa/screenshot - {}
RESULT: {}
COMMAND: POST /session/d119162e921248fd1f7a065fe81fedfa/element - {"using":"xpath","value":"//div[(text() = 'Standard Entry' or . = 'Standard Entry')]"}
RESULT: {"using":"xpath","value":"//div[(text() = 'Standard Entry' or . = 'Standard Entry')]"}
COMMAND: POST /session/d119162e921248fd1f7a065fe81fedfa/element/f.7D8252E83238221F8080DA22DD8FFCA1.d.21CEDD3FCDD0A72D699982BEECD23F9A.e.14591/click - {}
RESULT: {}
COMMAND: GET /session/d119162e921248fd1f7a065fe81fedfa/screenshot - {}
RESULT: {}
COMMAND: POST /session/d119162e921248fd1f7a065fe81fedfa/element - {"using":"xpath","value":"//td[7]/div/div/input"}
RESULT: {"using":"xpath","value":"//td[7]/div/div/input"}
COMMAND: POST /session/d119162e921248fd1f7a065fe81fedfa/element/f.7D8252E83238221F8080DA22DD8FFCA1.d.21CEDD3FCDD0A72D699982BEECD23F9A.e.14600/clear - {}
RESULT: {}
COMMAND: POST /session/d119162e921248fd1f7a065fe81fedfa/element/f.7D8252E83238221F8080DA22DD8FFCA1.d.21CEDD3FCDD0A72D699982BEECD23F9A.e.14600/value - {"text":"r8VjUvJaNh"}
COMMAND: GET /session/d119162e921248fd1f7a065fe81fedfa/screenshot - {}
RESULT: {}
RESULT: {"text":"r8VjUvJaNh"}
COMMAND: GET /session/d119162e921248fd1f7a065fe81fedfa/screenshot - {}
RESULT: {}
COMMAND: POST /session/d119162e921248fd1f7a065fe81fedfa/actions - {"actions":[{"id":"action50","type":"key","parameters":{},"actions":[{"type":"keyDown","value":"î€‡"},{"type":"pause","duration":10},{"type":"keyUp","value":"î€‡"}]}]}
RESULT: {"actions":[{"id":"action50","type":"key","parameters":{},"actions":[{"type":"keyDown","value":"î€‡"},{"type":"pause","duration":10},{"type":"keyUp","value":"î€‡"}]}]}
COMMAND: GET /session/d119162e921248fd1f7a065fe81fedfa/screenshot - {}
RESULT: {}
COMMAND: POST /session/d119162e921248fd1f7a065fe81fedfa/execute/sync - {"script":"<script> [276 bytes]","args":["No pricing information was found"]}
RESULT: {"script":"<script> [276 bytes]","args":["No pricing information was found"]}
COMMAND: POST /session/d119162e921248fd1f7a065fe81fedfa/element - {"using":"xpath","value":"(//button[@data-kt=\"saveButton\"])[2]"}
COMMAND: GET /session/d119162e921248fd1f7a065fe81fedfa/screenshot - {}
RESULT: {"using":"xpath","value":"(//button[@data-kt=\"saveButton\"])[2]"}
COMMAND: POST /session/d119162e921248fd1f7a065fe81fedfa/element/f.7D8252E83238221F8080DA22DD8FFCA1.d.21CEDD3FCDD0A72D699982BEECD23F9A.e.14615/click - {}
RESULT: {}
RESULT: {}
COMMAND: GET /session/d119162e921248fd1f7a065fe81fedfa/screenshot - {}
RESULT: {}
COMMAND: POST /session/d119162e921248fd1f7a065fe81fedfa/execute/sync - {"script":"<script> [276 bytes]","args":["Some contract items are having rental validity exceeding header rental validity"]}
RESULT: {"script":"<script> [276 bytes]","args":["Some contract items are having rental validity exceeding header rental validity"]}
COMMAND: GET /session/d119162e921248fd1f7a065fe81fedfa/screenshot - {}
RESULT: {}
COMMAND: POST /session/d119162e921248fd1f7a065fe81fedfa/element - {"using":"xpath","value":"//span[contains(@id ,\"contractItemsSmartTable-header-inner\")]"}
RESULT: {"using":"xpath","value":"//span[contains(@id ,\"contractItemsSmartTable-header-inner\")]"}
COMMAND: POST /session/d119162e921248fd1f7a065fe81fedfa/elements - {"using":"xpath","value":"//span[contains(@id ,\"contractItemsSmartTable-header-inner\")]"}
RESULT: {"using":"xpath","value":"//span[contains(@id ,\"contractItemsSmartTable-header-inner\")]"}
COMMAND: POST /session/d119162e921248fd1f7a065fe81fedfa/execute/sync - {"script":"<script> [56 bytes]","args":[{"element-6066-11e4-a52e-4f735466cecf":"f.7D8252E83238221F8080DA22DD8FFCA1.d.21CEDD3FCDD0A72D699982BEECD23F9A.e.14622","ELEMENT":"f.7D8252E83238221F8080DA22DD8FFCA1.d.21CEDD3FCDD0A72D699982BEECD23F9A.e.14622"}]}
RESULT: {"script":"<script> [56 bytes]","args":[{"element-6066-11e4-a52e-4f735466cecf":"f.7D8252E83238221F8080DA22DD8FFCA1.d.21CEDD3FCDD0A72D699982BEECD23F9A.e.14622","ELEMENT":"f.7D8252E83238221F8080DA22DD8FFCA1.d.21CEDD3FCDD0A72D699982BEECD23F9A.e.14622"}]}
]]></system-out>
    </testcase>
    <testcase classname="chrome.135_0_7049_96.windows.Performance_based_billing_(work_days)_US139742" name="Should do a provide to site handover" time="55.47">
      <system-out><![CDATA[
COMMAND: POST /session/d119162e921248fd1f7a065fe81fedfa/element - {"using":"xpath","value":"//button[@data-kt=\"provideButton\"]"}
COMMAND: GET /session/d119162e921248fd1f7a065fe81fedfa/screenshot - {}
RESULT: {"using":"xpath","value":"//button[@data-kt=\"provideButton\"]"}
COMMAND: POST /session/d119162e921248fd1f7a065fe81fedfa/element/f.7D8252E83238221F8080DA22DD8FFCA1.d.21CEDD3FCDD0A72D699982BEECD23F9A.e.14623/click - {}
RESULT: {}
RESULT: {}
COMMAND: GET /session/d119162e921248fd1f7a065fe81fedfa/screenshot - {}
RESULT: undefined
COMMAND: POST /session/d119162e921248fd1f7a065fe81fedfa/execute/async - {"script":"<script> [6424 bytes]","args":[{"element-6066-11e4-a52e-4f735466cecf":"f.7D8252E83238221F8080DA22DD8FFCA1.d.21CEDD3FCDD0A72D699982BEECD23F9A.e.13541"},"setValue",["05/05/2025"]]}
RESULT: {}
COMMAND: POST /session/d119162e921248fd1f7a065fe81fedfa/execute/async - {"script":"<script> [1562 bytes]","args":[{"selector":{"id":"application-managehandovers-display-component---AddNewHO--dueDate","interaction":{"idSuffix":"inner"}},"wdio_ui5_key":"applicationmanagehandovers-display-component---AddNewHO--dueDate"}]}
RESULT: {"script":"<script> [1562 bytes]","args":[{"selector":{"id":"application-managehandovers-display-component---AddNewHO--dueDate","interaction":{"idSuffix":"inner"}},"wdio_ui5_key":"applicationmanagehandovers-display-component---AddNewHO--dueDate"}]}
COMMAND: POST /session/d119162e921248fd1f7a065fe81fedfa/execute/async - {"script":"<script> [6424 bytes]","args":[{"element-6066-11e4-a52e-4f735466cecf":"f.7D8252E83238221F8080DA22DD8FFCA1.d.21CEDD3FCDD0A72D699982BEECD23F9A.e.14680"},"setValue",["05/05/2025"]]}
RESULT: {"script":"<script> [6424 bytes]","args":[{"element-6066-11e4-a52e-4f735466cecf":"f.7D8252E83238221F8080DA22DD8FFCA1.d.21CEDD3FCDD0A72D699982BEECD23F9A.e.14680"},"setValue",["05/05/2025"]]}
COMMAND: POST /session/d119162e921248fd1f7a065fe81fedfa/element - {"using":"xpath","value":"//bdi[contains(text(), \"Instructions\")]"}
RESULT: {"using":"xpath","value":"//bdi[contains(text(), \"Instructions\")]"}
COMMAND: POST /session/d119162e921248fd1f7a065fe81fedfa/element/f.7D8252E83238221F8080DA22DD8FFCA1.d.21CEDD3FCDD0A72D699982BEECD23F9A.e.14933/click - {}
RESULT: {}
COMMAND: GET /session/d119162e921248fd1f7a065fe81fedfa/screenshot - {}
RESULT: {}
COMMAND: POST /session/d119162e921248fd1f7a065fe81fedfa/element - {"using":"xpath","value":"//button[@data-kt=\"AddNewHOProvideAddItemsButton\"]"}
RESULT: {"using":"xpath","value":"//button[@data-kt=\"AddNewHOProvideAddItemsButton\"]"}
COMMAND: POST /session/d119162e921248fd1f7a065fe81fedfa/element/f.7D8252E83238221F8080DA22DD8FFCA1.d.21CEDD3FCDD0A72D699982BEECD23F9A.e.14936/click - {}
RESULT: {}
COMMAND: GET /session/d119162e921248fd1f7a065fe81fedfa/screenshot - {}
RESULT: {}
RESULT: undefined
COMMAND: POST /session/d119162e921248fd1f7a065fe81fedfa/element - {"using":"xpath","value":"//*[@id=\"application-managehandovers-display-component---AddNewHO--popup-sa\"]"}
RESULT: {"using":"xpath","value":"//*[@id=\"application-managehandovers-display-component---AddNewHO--popup-sa\"]"}
COMMAND: POST /session/d119162e921248fd1f7a065fe81fedfa/element/f.7D8252E83238221F8080DA22DD8FFCA1.d.21CEDD3FCDD0A72D699982BEECD23F9A.e.14953/click - {}
RESULT: {}
COMMAND: GET /session/d119162e921248fd1f7a065fe81fedfa/screenshot - {}
RESULT: {}
COMMAND: POST /session/d119162e921248fd1f7a065fe81fedfa/element - {"using":"xpath","value":"//*[contains(@id ,\"BDI-content\")][contains(text(), \"Select\")]"}
RESULT: {"using":"xpath","value":"//*[contains(@id ,\"BDI-content\")][contains(text(), \"Select\")]"}
COMMAND: POST /session/d119162e921248fd1f7a065fe81fedfa/element/f.7D8252E83238221F8080DA22DD8FFCA1.d.21CEDD3FCDD0A72D699982BEECD23F9A.e.14955/click - {}
RESULT: {}
COMMAND: GET /session/d119162e921248fd1f7a065fe81fedfa/screenshot - {}
RESULT: {}
COMMAND: POST /session/d119162e921248fd1f7a065fe81fedfa/execute/async - {"script":"<script> [1562 bytes]","args":[{"selector":{"id":"application-managehandovers-display-component---AddNewHO--confirmCreationButton","interaction":{"idSuffix":"BDI-content"}},"wdio_ui5_key":"applicationmanagehandovers-display-component---AddNewHO--confirmCreationButton"}]}
RESULT: {"script":"<script> [1562 bytes]","args":[{"selector":{"id":"application-managehandovers-display-component---AddNewHO--confirmCreationButton","interaction":{"idSuffix":"BDI-content"}},"wdio_ui5_key":"applicationmanagehandovers-display-component---AddNewHO--confirmCreationButton"}]}
RESULT: undefined
COMMAND: POST /session/d119162e921248fd1f7a065fe81fedfa/element - {"using":"xpath","value":"//*[@id=\"application-managehandovers-display-component---AddNewHO--confirmCreationButton\"]"}
RESULT: {"using":"xpath","value":"//*[@id=\"application-managehandovers-display-component---AddNewHO--confirmCreationButton\"]"}
COMMAND: POST /session/d119162e921248fd1f7a065fe81fedfa/element/f.7D8252E83238221F8080DA22DD8FFCA1.d.21CEDD3FCDD0A72D699982BEECD23F9A.e.14760/click - {}
RESULT: {}
COMMAND: GET /session/d119162e921248fd1f7a065fe81fedfa/screenshot - {}
RESULT: {}
COMMAND: POST /session/d119162e921248fd1f7a065fe81fedfa/element - {"using":"xpath","value":"//button[@data-kt=\"PickingTableConfirmAllButton\"]"}
RESULT: {"using":"xpath","value":"//button[@data-kt=\"PickingTableConfirmAllButton\"]"}
COMMAND: POST /session/d119162e921248fd1f7a065fe81fedfa/element/f.7D8252E83238221F8080DA22DD8FFCA1.d.21CEDD3FCDD0A72D699982BEECD23F9A.e.14993/click - {}
COMMAND: POST /session/d119162e921248fd1f7a065fe81fedfa/element - {"using":"xpath","value":"//button[@data-kt=\"PickingTableConfirmAllButton\"]"}
RESULT: {"using":"xpath","value":"//button[@data-kt=\"PickingTableConfirmAllButton\"]"}
COMMAND: POST /session/d119162e921248fd1f7a065fe81fedfa/element/f.7D8252E83238221F8080DA22DD8FFCA1.d.21CEDD3FCDD0A72D699982BEECD23F9A.e.14993/click - {}
COMMAND: POST /session/d119162e921248fd1f7a065fe81fedfa/element - {"using":"xpath","value":"//button[@data-kt=\"PickingTableConfirmAllButton\"]"}
RESULT: {"using":"xpath","value":"//button[@data-kt=\"PickingTableConfirmAllButton\"]"}
COMMAND: POST /session/d119162e921248fd1f7a065fe81fedfa/element/f.7D8252E83238221F8080DA22DD8FFCA1.d.21CEDD3FCDD0A72D699982BEECD23F9A.e.15005/click - {}
RESULT: {}
COMMAND: GET /session/d119162e921248fd1f7a065fe81fedfa/screenshot - {}
RESULT: {}
COMMAND: POST /session/d119162e921248fd1f7a065fe81fedfa/element - {"using":"xpath","value":"//bdi[contains(text(), \"OK\")]"}
RESULT: {"using":"xpath","value":"//bdi[contains(text(), \"OK\")]"}
COMMAND: POST /session/d119162e921248fd1f7a065fe81fedfa/element/f.7D8252E83238221F8080DA22DD8FFCA1.d.21CEDD3FCDD0A72D699982BEECD23F9A.e.15016/click - {}
RESULT: {}
COMMAND: GET /session/d119162e921248fd1f7a065fe81fedfa/screenshot - {}
RESULT: {}
COMMAND: POST /session/d119162e921248fd1f7a065fe81fedfa/element - {"using":"xpath","value":"//bdi[contains(text(), \"Ok\")]"}
RESULT: {"using":"xpath","value":"//bdi[contains(text(), \"Ok\")]"}
COMMAND: POST /session/d119162e921248fd1f7a065fe81fedfa/element/f.7D8252E83238221F8080DA22DD8FFCA1.d.21CEDD3FCDD0A72D699982BEECD23F9A.e.15025/click - {}
RESULT: {}
COMMAND: GET /session/d119162e921248fd1f7a065fe81fedfa/screenshot - {}
RESULT: {}
COMMAND: POST /session/d119162e921248fd1f7a065fe81fedfa/element - {"using":"xpath","value":"//bdi[contains(text(), \"Issue\")]"}
RESULT: {"using":"xpath","value":"//bdi[contains(text(), \"Issue\")]"}
COMMAND: POST /session/d119162e921248fd1f7a065fe81fedfa/element/f.7D8252E83238221F8080DA22DD8FFCA1.d.21CEDD3FCDD0A72D699982BEECD23F9A.e.15027/click - {}
RESULT: {}
COMMAND: GET /session/d119162e921248fd1f7a065fe81fedfa/screenshot - {}
RESULT: {}
COMMAND: POST /session/d119162e921248fd1f7a065fe81fedfa/element - {"using":"css selector","value":"#shell-header-logo"}
RESULT: {"using":"css selector","value":"#shell-header-logo"}
COMMAND: POST /session/d119162e921248fd1f7a065fe81fedfa/element/f.7D8252E83238221F8080DA22DD8FFCA1.d.21CEDD3FCDD0A72D699982BEECD23F9A.e.14060/click - {}
RESULT: {}
COMMAND: GET /session/d119162e921248fd1f7a065fe81fedfa/screenshot - {}
RESULT: {}
]]></system-out>
    </testcase>
    <testcase classname="chrome.135_0_7049_96.windows.Performance_based_billing_(work_days)_US139742" name="Should create a few performance documents" time="96.685">
      <system-out><![CDATA[
COMMAND: POST /session/d119162e921248fd1f7a065fe81fedfa/window/fullscreen - {}
RESULT: {}
COMMAND: POST /session/d119162e921248fd1f7a065fe81fedfa/execute/async - {"script":"<script> [1562 bytes]","args":[{"selector":{"controlType":"sap.m.GenericTile","properties":{"header":"Manage States & Performance"}},"wdio_ui5_key":"sapm.GenericTile{\"header\":\"Manage States & Performance\"}"}]}
RESULT: {"script":"<script> [1562 bytes]","args":[{"selector":{"controlType":"sap.m.GenericTile","properties":{"header":"Manage States & Performance"}},"wdio_ui5_key":"sapm.GenericTile{\"header\":\"Manage States & Performance\"}"}]}
RESULT: undefined
COMMAND: POST /session/d119162e921248fd1f7a065fe81fedfa/element - {"using":"xpath","value":"//*[@id=\"__tile56\"]"}
RESULT: {"using":"xpath","value":"//*[@id=\"__tile56\"]"}
COMMAND: POST /session/d119162e921248fd1f7a065fe81fedfa/element/f.7D8252E83238221F8080DA22DD8FFCA1.d.21CEDD3FCDD0A72D699982BEECD23F9A.e.11501/click - {}
RESULT: {}
COMMAND: POST /session/d119162e921248fd1f7a065fe81fedfa/element - {"using":"xpath","value":"//div[@id=\"application-managestatesandperformance-display-component---stateAndPerform--smartFilterBarResources-btnBasicSearch\"]"}
COMMAND: GET /session/d119162e921248fd1f7a065fe81fedfa/screenshot - {}
RESULT: {"using":"xpath","value":"//div[@id=\"application-managestatesandperformance-display-component---stateAndPerform--smartFilterBarResources-btnBasicSearch\"]"}
COMMAND: POST /session/d119162e921248fd1f7a065fe81fedfa/elements - {"using":"xpath","value":"//div[@id=\"application-managestatesandperformance-display-component---stateAndPerform--smartFilterBarResources-btnBasicSearch\"]"}
RESULT: {}
RESULT: {"using":"xpath","value":"//div[@id=\"application-managestatesandperformance-display-component---stateAndPerform--smartFilterBarResources-btnBasicSearch\"]"}
COMMAND: POST /session/d119162e921248fd1f7a065fe81fedfa/elements - {"using":"xpath","value":"//div[@id=\"application-managestatesandperformance-display-component---stateAndPerform--smartFilterBarResources-btnBasicSearch\"]"}
RESULT: {"using":"xpath","value":"//div[@id=\"application-managestatesandperformance-display-component---stateAndPerform--smartFilterBarResources-btnBasicSearch\"]"}
COMMAND: POST /session/d119162e921248fd1f7a065fe81fedfa/element - {"using":"xpath","value":"//div[@id=\"application-managestatesandperformance-display-component---stateAndPerform--smartFilterBarResources-btnBasicSearch\"]"}
RESULT: {"using":"xpath","value":"//div[@id=\"application-managestatesandperformance-display-component---stateAndPerform--smartFilterBarResources-btnBasicSearch\"]"}
COMMAND: POST /session/d119162e921248fd1f7a065fe81fedfa/execute/sync - {"script":"<script> [8489 bytes]","args":[{"element-6066-11e4-a52e-4f735466cecf":"f.7D8252E83238221F8080DA22DD8FFCA1.d.21CEDD3FCDD0A72D699982BEECD23F9A.e.15360","ELEMENT":"f.7D8252E83238221F8080DA22DD8FFCA1.d.21CEDD3FCDD0A72D699982BEECD23F9A.e.15360"}]}
RESULT: {"script":"<script> [8489 bytes]","args":[{"element-6066-11e4-a52e-4f735466cecf":"f.7D8252E83238221F8080DA22DD8FFCA1.d.21CEDD3FCDD0A72D699982BEECD23F9A.e.15360","ELEMENT":"f.7D8252E83238221F8080DA22DD8FFCA1.d.21CEDD3FCDD0A72D699982BEECD23F9A.e.15360"}]}
COMMAND: GET /session/d119162e921248fd1f7a065fe81fedfa/element/f.7D8252E83238221F8080DA22DD8FFCA1.d.21CEDD3FCDD0A72D699982BEECD23F9A.e.15360/enabled - {}
COMMAND: GET /session/d119162e921248fd1f7a065fe81fedfa/screenshot - {}
RESULT: {}
COMMAND: POST /session/d119162e921248fd1f7a065fe81fedfa/execute/sync - {"script":"<script> [8489 bytes]","args":[{"element-6066-11e4-a52e-4f735466cecf":"f.7D8252E83238221F8080DA22DD8FFCA1.d.21CEDD3FCDD0A72D699982BEECD23F9A.e.15360","ELEMENT":"f.7D8252E83238221F8080DA22DD8FFCA1.d.21CEDD3FCDD0A72D699982BEECD23F9A.e.15360"}]}
COMMAND: GET /session/d119162e921248fd1f7a065fe81fedfa/screenshot - {}
RESULT: {}
RESULT: {"script":"<script> [8489 bytes]","args":[{"element-6066-11e4-a52e-4f735466cecf":"f.7D8252E83238221F8080DA22DD8FFCA1.d.21CEDD3FCDD0A72D699982BEECD23F9A.e.15360","ELEMENT":"f.7D8252E83238221F8080DA22DD8FFCA1.d.21CEDD3FCDD0A72D699982BEECD23F9A.e.15360"}]}
COMMAND: POST /session/d119162e921248fd1f7a065fe81fedfa/execute/sync - {"script":"<script> [5351 bytes]","args":[{"element-6066-11e4-a52e-4f735466cecf":"f.7D8252E83238221F8080DA22DD8FFCA1.d.21CEDD3FCDD0A72D699982BEECD23F9A.e.15360","ELEMENT":"f.7D8252E83238221F8080DA22DD8FFCA1.d.21CEDD3FCDD0A72D699982BEECD23F9A.e.15360"}]}
COMMAND: GET /session/d119162e921248fd1f7a065fe81fedfa/screenshot - {}
RESULT: {}
RESULT: {"script":"<script> [5351 bytes]","args":[{"element-6066-11e4-a52e-4f735466cecf":"f.7D8252E83238221F8080DA22DD8FFCA1.d.21CEDD3FCDD0A72D699982BEECD23F9A.e.15360","ELEMENT":"f.7D8252E83238221F8080DA22DD8FFCA1.d.21CEDD3FCDD0A72D699982BEECD23F9A.e.15360"}]}
COMMAND: POST /session/d119162e921248fd1f7a065fe81fedfa/execute/async - {"script":"<script> [1562 bytes]","args":[{"selector":{"id":"application-managestatesandperformance-display-component---stateAndPerform--smartFilterBarResources-btnBasicSearch","interaction":{"idSuffix":"I"}},"wdio_ui5_key":"applicationmanagestatesandperformance-display-component---stateAndPerform--smartFilterBarResources-btnBasicSearch"}]}
COMMAND: GET /session/d119162e921248fd1f7a065fe81fedfa/screenshot - {}
RESULT: {}
RESULT: {"script":"<script> [1562 bytes]","args":[{"selector":{"id":"application-managestatesandperformance-display-component---stateAndPerform--smartFilterBarResources-btnBasicSearch","interaction":{"idSuffix":"I"}},"wdio_ui5_key":"applicationmanagestatesandperformance-display-component---stateAndPerform--smartFilterBarResources-btnBasicSearch"}]}
RESULT: undefined
COMMAND: POST /session/d119162e921248fd1f7a065fe81fedfa/execute/async - {"script":"<script> [776 bytes]","args":[{"enterText":"r8VjUvJaNh","selector":{"id":"application-managestatesandperformance-display-component---stateAndPerform--smartFilterBarResources-btnBasicSearch","interaction":{"idSuffix":"I"}},"clearTextFirst":true,"interactionType":"ENTER_TEXT"}]}
RESULT: {}
RESULT: {"script":"<script> [776 bytes]","args":[{"enterText":"r8VjUvJaNh","selector":{"id":"application-managestatesandperformance-display-component---stateAndPerform--smartFilterBarResources-btnBasicSearch","interaction":{"idSuffix":"I"}},"clearTextFirst":true,"interactionType":"ENTER_TEXT"}]}
COMMAND: POST /session/d119162e921248fd1f7a065fe81fedfa/actions - {"actions":[{"id":"action51","type":"key","parameters":{},"actions":[{"type":"keyDown","value":"î€‡"},{"type":"pause","duration":10},{"type":"keyUp","value":"î€‡"}]}]}
RESULT: {"actions":[{"id":"action51","type":"key","parameters":{},"actions":[{"type":"keyDown","value":"î€‡"},{"type":"pause","duration":10},{"type":"keyUp","value":"î€‡"}]}]}
COMMAND: GET /session/d119162e921248fd1f7a065fe81fedfa/screenshot - {}
RESULT: {}
COMMAND: POST /session/d119162e921248fd1f7a065fe81fedfa/execute/async - {"script":"<script> [1562 bytes]","args":[{"selector":{"id":"application-managestatesandperformance-display-component---stateAndPerform--stateAndPerformResourcesSmartTable-header"},"wdio_ui5_key":"applicationmanagestatesandperformance-display-component---stateAndPerform--stateAndPerformResourcesSmartTable-header"}]}
RESULT: {"script":"<script> [1562 bytes]","args":[{"selector":{"id":"application-managestatesandperformance-display-component---stateAndPerform--stateAndPerformResourcesSmartTable-header"},"wdio_ui5_key":"applicationmanagestatesandperformance-display-component---stateAndPerform--stateAndPerformResourcesSmartTable-header"}]}
RESULT: undefined
COMMAND: POST /session/d119162e921248fd1f7a065fe81fedfa/execute/async - {"script":"<script> [6424 bytes]","args":[{"element-6066-11e4-a52e-4f735466cecf":"f.7D8252E83238221F8080DA22DD8FFCA1.d.21CEDD3FCDD0A72D699982BEECD23F9A.e.15424"},"getText",[]]}
RESULT: {"script":"<script> [6424 bytes]","args":[{"element-6066-11e4-a52e-4f735466cecf":"f.7D8252E83238221F8080DA22DD8FFCA1.d.21CEDD3FCDD0A72D699982BEECD23F9A.e.15424"},"getText",[]]}
COMMAND: POST /session/d119162e921248fd1f7a065fe81fedfa/execute/async - {"script":"<script> [1562 bytes]","args":[{"selector":{"controlType":"sap.ui.core.Icon","viewName":"etm.portal.ui.managestatesandperformance.view.Master","viewId":"application-managestatesandperformance-display-component---stateAndPerform","properties":{"src":{"regex":{"source":"slim\\-arrow\\-right"}}}},"wdio_ui5_key":"etmportal.ui.managestatesandperformance.view.Mastersap.ui.core.Icon{\"src\":{\"regex\":{\"source\":\"slim\\\\-arrow\\\\-right\"}}}"}]}
RESULT: {"script":"<script> [1562 bytes]","args":[{"selector":{"controlType":"sap.ui.core.Icon","viewName":"etm.portal.ui.managestatesandperformance.view.Master","viewId":"application-managestatesandperformance-display-component---stateAndPerform","properties":{"src":{"regex":{"source":"slim\\-arrow\\-right"}}}},"wdio_ui5_key":"etmportal.ui.managestatesandperformance.view.Mastersap.ui.core.Icon{\"src\":{\"regex\":{\"source\":\"slim\\\\-arrow\\\\-right\"}}}"}]}
RESULT: undefined
COMMAND: POST /session/d119162e921248fd1f7a065fe81fedfa/element - {"using":"xpath","value":"//*[@id=\"__item2585-__clone4634-imgNav\"]"}
RESULT: {"using":"xpath","value":"//*[@id=\"__item2585-__clone4634-imgNav\"]"}
COMMAND: POST /session/d119162e921248fd1f7a065fe81fedfa/element/f.7D8252E83238221F8080DA22DD8FFCA1.d.21CEDD3FCDD0A72D699982BEECD23F9A.e.15423/click - {}
RESULT: {}
COMMAND: GET /session/d119162e921248fd1f7a065fe81fedfa/screenshot - {}
RESULT: {}
COMMAND: POST /session/d119162e921248fd1f7a065fe81fedfa/execute/async - {"script":"<script> [1562 bytes]","args":[{"selector":{"controlType":"sap.m.Button","viewName":"etm.portal.ui.managestatesandperformance.view.Detail","viewId":"application-managestatesandperformance-display-component---detailStateAndPerform","properties":{"text":"Performance Documents"}},"wdio_ui5_key":"etmportal.ui.managestatesandperformance.view.Detailsap.m.Button{\"text\":\"Performance Documents\"}"}]}
RESULT: {"script":"<script> [1562 bytes]","args":[{"selector":{"controlType":"sap.m.Button","viewName":"etm.portal.ui.managestatesandperformance.view.Detail","viewId":"application-managestatesandperformance-display-component---detailStateAndPerform","properties":{"text":"Performance Documents"}},"wdio_ui5_key":"etmportal.ui.managestatesandperformance.view.Detailsap.m.Button{\"text\":\"Performance Documents\"}"}]}
RESULT: undefined
COMMAND: POST /session/d119162e921248fd1f7a065fe81fedfa/element - {"using":"xpath","value":"//*[@id=\"__item2608-button\"]"}
RESULT: {"using":"xpath","value":"//*[@id=\"__item2608-button\"]"}
COMMAND: POST /session/d119162e921248fd1f7a065fe81fedfa/element/f.7D8252E83238221F8080DA22DD8FFCA1.d.21CEDD3FCDD0A72D699982BEECD23F9A.e.15469/click - {}
RESULT: {}
COMMAND: POST /session/d119162e921248fd1f7a065fe81fedfa/execute/async - {"script":"<script> [1562 bytes]","args":[{"selector":{"controlType":"sap.m.Button","viewName":"etm.portal.ui.managestatesandperformance.view.Detail","viewId":"application-managestatesandperformance-display-component---detailStateAndPerform","i18NText":{"propertyName":"text","key":"createPerformanceDoc"},"interaction":{"idSuffix":"BDI-content"}},"wdio_ui5_key":"etmportal.ui.managestatesandperformance.view.Detailsap.m.Button{\"propertyName\":\"text\",\"key\":\"createPerformanceDoc\"}"}]}
COMMAND: GET /session/d119162e921248fd1f7a065fe81fedfa/screenshot - {}
RESULT: {"script":"<script> [1562 bytes]","args":[{"selector":{"controlType":"sap.m.Button","viewName":"etm.portal.ui.managestatesandperformance.view.Detail","viewId":"application-managestatesandperformance-display-component---detailStateAndPerform","i18NText":{"propertyName":"text","key":"createPerformanceDoc"},"interaction":{"idSuffix":"BDI-content"}},"wdio_ui5_key":"etmportal.ui.managestatesandperformance.view.Detailsap.m.Button{\"propertyName\":\"text\",\"key\":\"createPerformanceDoc\"}"}]}
RESULT: undefined
COMMAND: POST /session/d119162e921248fd1f7a065fe81fedfa/element - {"using":"xpath","value":"//*[@id=\"__button369\"]"}
RESULT: {}
RESULT: {"using":"xpath","value":"//*[@id=\"__button369\"]"}
COMMAND: POST /session/d119162e921248fd1f7a065fe81fedfa/element/f.7D8252E83238221F8080DA22DD8FFCA1.d.21CEDD3FCDD0A72D699982BEECD23F9A.e.15473/click - {}
RESULT: {}
COMMAND: POST /session/d119162e921248fd1f7a065fe81fedfa/execute/async - {"script":"<script> [1562 bytes]","args":[{"selector":{"id":"application-managestatesandperformance-display-component---detailStateAndPerform--perfDocDatePicker","searchOpenDialogs":true,"interaction":{"idSuffix":"inner"}},"wdio_ui5_key":"applicationmanagestatesandperformance-display-component---detailStateAndPerform--perfDocDatePicker"}]}
COMMAND: GET /session/d119162e921248fd1f7a065fe81fedfa/screenshot - {}
RESULT: {"script":"<script> [1562 bytes]","args":[{"selector":{"id":"application-managestatesandperformance-display-component---detailStateAndPerform--perfDocDatePicker","searchOpenDialogs":true,"interaction":{"idSuffix":"inner"}},"wdio_ui5_key":"applicationmanagestatesandperformance-display-component---detailStateAndPerform--perfDocDatePicker"}]}
RESULT: undefined
COMMAND: POST /session/d119162e921248fd1f7a065fe81fedfa/execute/async - {"script":"<script> [776 bytes]","args":[{"enterText":"05/07/25","selector":{"id":"application-managestatesandperformance-display-component---detailStateAndPerform--perfDocDatePicker","searchOpenDialogs":true,"interaction":{"idSuffix":"inner"}},"clearTextFirst":true,"interactionType":"ENTER_TEXT"}]}
RESULT: {}
RESULT: {"script":"<script> [776 bytes]","args":[{"enterText":"05/07/25","selector":{"id":"application-managestatesandperformance-display-component---detailStateAndPerform--perfDocDatePicker","searchOpenDialogs":true,"interaction":{"idSuffix":"inner"}},"clearTextFirst":true,"interactionType":"ENTER_TEXT"}]}
COMMAND: POST /session/d119162e921248fd1f7a065fe81fedfa/execute/async - {"script":"<script> [1562 bytes]","args":[{"selector":{"id":"application-managestatesandperformance-display-component---detailStateAndPerform--counterValue-input","searchOpenDialogs":true,"interaction":{"idSuffix":"inner"}},"wdio_ui5_key":"applicationmanagestatesandperformance-display-component---detailStateAndPerform--counterValue-input"}]}
RESULT: {"script":"<script> [1562 bytes]","args":[{"selector":{"id":"application-managestatesandperformance-display-component---detailStateAndPerform--counterValue-input","searchOpenDialogs":true,"interaction":{"idSuffix":"inner"}},"wdio_ui5_key":"applicationmanagestatesandperformance-display-component---detailStateAndPerform--counterValue-input"}]}
RESULT: undefined
COMMAND: POST /session/d119162e921248fd1f7a065fe81fedfa/execute/async - {"script":"<script> [776 bytes]","args":[{"enterText":"15.00","selector":{"id":"application-managestatesandperformance-display-component---detailStateAndPerform--counterValue-input","searchOpenDialogs":true,"interaction":{"idSuffix":"inner"}},"clearTextFirst":true,"interactionType":"ENTER_TEXT"}]}
RESULT: {"script":"<script> [776 bytes]","args":[{"enterText":"15.00","selector":{"id":"application-managestatesandperformance-display-component---detailStateAndPerform--counterValue-input","searchOpenDialogs":true,"interaction":{"idSuffix":"inner"}},"clearTextFirst":true,"interactionType":"ENTER_TEXT"}]}
COMMAND: POST /session/d119162e921248fd1f7a065fe81fedfa/execute/async - {"script":"<script> [1562 bytes]","args":[{"selector":{"controlType":"sap.m.Button","viewName":"etm.portal.ui.managestatesandperformance.view.Detail","viewId":"application-managestatesandperformance-display-component---detailStateAndPerform","bindingPath":{"path":"","propertyPath":"/allowAddEdit","modelName":"oScreenModel"},"searchOpenDialogs":true,"interaction":{"idSuffix":"BDI-content"}},"wdio_ui5_key":"etmportal.ui.managestatesandperformance.view.Detailsap.m.Button{\"path\":\"\",\"propertyPath\":\"/allowAddEdit\",\"modelName\":\"oScreenModel\"}"}]}
RESULT: {"script":"<script> [1562 bytes]","args":[{"selector":{"controlType":"sap.m.Button","viewName":"etm.portal.ui.managestatesandperformance.view.Detail","viewId":"application-managestatesandperformance-display-component---detailStateAndPerform","bindingPath":{"path":"","propertyPath":"/allowAddEdit","modelName":"oScreenModel"},"searchOpenDialogs":true,"interaction":{"idSuffix":"BDI-content"}},"wdio_ui5_key":"etmportal.ui.managestatesandperformance.view.Detailsap.m.Button{\"path\":\"\",\"propertyPath\":\"/allowAddEdit\",\"modelName\":\"oScreenModel\"}"}]}
RESULT: undefined
COMMAND: POST /session/d119162e921248fd1f7a065fe81fedfa/element - {"using":"xpath","value":"//*[@id=\"__button376\"]"}
RESULT: {"using":"xpath","value":"//*[@id=\"__button376\"]"}
COMMAND: POST /session/d119162e921248fd1f7a065fe81fedfa/element/f.7D8252E83238221F8080DA22DD8FFCA1.d.21CEDD3FCDD0A72D699982BEECD23F9A.e.15493/click - {}
RESULT: {}
RESULT: undefined
COMMAND: POST /session/d119162e921248fd1f7a065fe81fedfa/element - {"using":"xpath","value":"//*[@id=\"__button369\"]"}
COMMAND: GET /session/d119162e921248fd1f7a065fe81fedfa/screenshot - {}
RESULT: {"using":"xpath","value":"//*[@id=\"__button369\"]"}
COMMAND: POST /session/d119162e921248fd1f7a065fe81fedfa/element/f.7D8252E83238221F8080DA22DD8FFCA1.d.21CEDD3FCDD0A72D699982BEECD23F9A.e.15473/click - {}
RESULT: {}
RESULT: {}
RESULT: undefined
COMMAND: POST /session/d119162e921248fd1f7a065fe81fedfa/execute/async - {"script":"<script> [776 bytes]","args":[{"enterText":"05/11/25","selector":{"id":"application-managestatesandperformance-display-component---detailStateAndPerform--perfDocDatePicker","searchOpenDialogs":true,"interaction":{"idSuffix":"inner"}},"clearTextFirst":true,"interactionType":"ENTER_TEXT"}]}
COMMAND: GET /session/d119162e921248fd1f7a065fe81fedfa/screenshot - {}
RESULT: {"script":"<script> [776 bytes]","args":[{"enterText":"05/11/25","selector":{"id":"application-managestatesandperformance-display-component---detailStateAndPerform--perfDocDatePicker","searchOpenDialogs":true,"interaction":{"idSuffix":"inner"}},"clearTextFirst":true,"interactionType":"ENTER_TEXT"}]}
RESULT: undefined
COMMAND: POST /session/d119162e921248fd1f7a065fe81fedfa/execute/async - {"script":"<script> [776 bytes]","args":[{"enterText":"20.00","selector":{"id":"application-managestatesandperformance-display-component---detailStateAndPerform--counterValue-input","searchOpenDialogs":true,"interaction":{"idSuffix":"inner"}},"clearTextFirst":true,"interactionType":"ENTER_TEXT"}]}
RESULT: {}
RESULT: {"script":"<script> [776 bytes]","args":[{"enterText":"20.00","selector":{"id":"application-managestatesandperformance-display-component---detailStateAndPerform--counterValue-input","searchOpenDialogs":true,"interaction":{"idSuffix":"inner"}},"clearTextFirst":true,"interactionType":"ENTER_TEXT"}]}
COMMAND: POST /session/d119162e921248fd1f7a065fe81fedfa/actions - {"actions":[{"id":"action52","type":"key","parameters":{},"actions":[{"type":"keyDown","value":"î€„"},{"type":"keyDown","value":"î€„"},{"type":"pause","duration":10},{"type":"keyUp","value":"î€„"},{"type":"keyUp","value":"î€„"}]}]}
RESULT: {"actions":[{"id":"action52","type":"key","parameters":{},"actions":[{"type":"keyDown","value":"î€„"},{"type":"keyDown","value":"î€„"},{"type":"pause","duration":10},{"type":"keyUp","value":"î€„"},{"type":"keyUp","value":"î€„"}]}]}
COMMAND: POST /session/d119162e921248fd1f7a065fe81fedfa/actions - {"actions":[{"id":"action53","type":"key","parameters":{},"actions":[{"type":"keyDown","value":"î€‡"},{"type":"pause","duration":10},{"type":"keyUp","value":"î€‡"}]}]}
COMMAND: GET /session/d119162e921248fd1f7a065fe81fedfa/screenshot - {}
RESULT: {"actions":[{"id":"action53","type":"key","parameters":{},"actions":[{"type":"keyDown","value":"î€‡"},{"type":"pause","duration":10},{"type":"keyUp","value":"î€‡"}]}]}
RESULT: undefined
COMMAND: POST /session/d119162e921248fd1f7a065fe81fedfa/element - {"using":"xpath","value":"//*[@id=\"__button376\"]"}
COMMAND: GET /session/d119162e921248fd1f7a065fe81fedfa/screenshot - {}
RESULT: {}
RESULT: {"using":"xpath","value":"//*[@id=\"__button376\"]"}
COMMAND: POST /session/d119162e921248fd1f7a065fe81fedfa/elements - {"using":"xpath","value":"//*[@id=\"__button376\"]"}
RESULT: {}
RESULT: {"using":"xpath","value":"//*[@id=\"__button376\"]"}
COMMAND: POST /session/d119162e921248fd1f7a065fe81fedfa/elements - {"using":"xpath","value":"//*[@id=\"__button376\"]"}
RESULT: {"using":"xpath","value":"//*[@id=\"__button376\"]"}
COMMAND: POST /session/d119162e921248fd1f7a065fe81fedfa/elements - {"using":"xpath","value":"//*[@id=\"__button376\"]"}
RESULT: {"using":"xpath","value":"//*[@id=\"__button376\"]"}
COMMAND: POST /session/d119162e921248fd1f7a065fe81fedfa/elements - {"using":"xpath","value":"//*[@id=\"__button376\"]"}
RESULT: {"using":"xpath","value":"//*[@id=\"__button376\"]"}
COMMAND: POST /session/d119162e921248fd1f7a065fe81fedfa/elements - {"using":"xpath","value":"//*[@id=\"__button376\"]"}
RESULT: {"using":"xpath","value":"//*[@id=\"__button376\"]"}
COMMAND: POST /session/d119162e921248fd1f7a065fe81fedfa/elements - {"using":"xpath","value":"//*[@id=\"__button376\"]"}
RESULT: {"using":"xpath","value":"//*[@id=\"__button376\"]"}
COMMAND: POST /session/d119162e921248fd1f7a065fe81fedfa/elements - {"using":"xpath","value":"//*[@id=\"__button376\"]"}
RESULT: {"using":"xpath","value":"//*[@id=\"__button376\"]"}
COMMAND: POST /session/d119162e921248fd1f7a065fe81fedfa/elements - {"using":"xpath","value":"//*[@id=\"__button376\"]"}
RESULT: {"using":"xpath","value":"//*[@id=\"__button376\"]"}
COMMAND: POST /session/d119162e921248fd1f7a065fe81fedfa/elements - {"using":"xpath","value":"//*[@id=\"__button376\"]"}
RESULT: {"using":"xpath","value":"//*[@id=\"__button376\"]"}
COMMAND: POST /session/d119162e921248fd1f7a065fe81fedfa/elements - {"using":"xpath","value":"//*[@id=\"__button376\"]"}
RESULT: {"using":"xpath","value":"//*[@id=\"__button376\"]"}
COMMAND: POST /session/d119162e921248fd1f7a065fe81fedfa/elements - {"using":"xpath","value":"//*[@id=\"__button376\"]"}
RESULT: {"using":"xpath","value":"//*[@id=\"__button376\"]"}
COMMAND: POST /session/d119162e921248fd1f7a065fe81fedfa/elements - {"using":"xpath","value":"//*[@id=\"__button376\"]"}
RESULT: {"using":"xpath","value":"//*[@id=\"__button376\"]"}
COMMAND: POST /session/d119162e921248fd1f7a065fe81fedfa/elements - {"using":"xpath","value":"//*[@id=\"__button376\"]"}
RESULT: {"using":"xpath","value":"//*[@id=\"__button376\"]"}
COMMAND: POST /session/d119162e921248fd1f7a065fe81fedfa/elements - {"using":"xpath","value":"//*[@id=\"__button376\"]"}
RESULT: {"using":"xpath","value":"//*[@id=\"__button376\"]"}
COMMAND: POST /session/d119162e921248fd1f7a065fe81fedfa/elements - {"using":"xpath","value":"//*[@id=\"__button376\"]"}
RESULT: {"using":"xpath","value":"//*[@id=\"__button376\"]"}
COMMAND: POST /session/d119162e921248fd1f7a065fe81fedfa/elements - {"using":"xpath","value":"//*[@id=\"__button376\"]"}
RESULT: {"using":"xpath","value":"//*[@id=\"__button376\"]"}
COMMAND: POST /session/d119162e921248fd1f7a065fe81fedfa/elements - {"using":"xpath","value":"//*[@id=\"__button376\"]"}
RESULT: {"using":"xpath","value":"//*[@id=\"__button376\"]"}
COMMAND: POST /session/d119162e921248fd1f7a065fe81fedfa/elements - {"using":"xpath","value":"//*[@id=\"__button376\"]"}
RESULT: {"using":"xpath","value":"//*[@id=\"__button376\"]"}
COMMAND: POST /session/d119162e921248fd1f7a065fe81fedfa/elements - {"using":"xpath","value":"//*[@id=\"__button376\"]"}
RESULT: {"using":"xpath","value":"//*[@id=\"__button376\"]"}
COMMAND: POST /session/d119162e921248fd1f7a065fe81fedfa/elements - {"using":"xpath","value":"//*[@id=\"__button376\"]"}
RESULT: {"using":"xpath","value":"//*[@id=\"__button376\"]"}
COMMAND: POST /session/d119162e921248fd1f7a065fe81fedfa/elements - {"using":"xpath","value":"//*[@id=\"__button376\"]"}
RESULT: {"using":"xpath","value":"//*[@id=\"__button376\"]"}
COMMAND: POST /session/d119162e921248fd1f7a065fe81fedfa/elements - {"using":"xpath","value":"//*[@id=\"__button376\"]"}
RESULT: {"using":"xpath","value":"//*[@id=\"__button376\"]"}
COMMAND: POST /session/d119162e921248fd1f7a065fe81fedfa/elements - {"using":"xpath","value":"//*[@id=\"__button376\"]"}
RESULT: {"using":"xpath","value":"//*[@id=\"__button376\"]"}
COMMAND: POST /session/d119162e921248fd1f7a065fe81fedfa/elements - {"using":"xpath","value":"//*[@id=\"__button376\"]"}
RESULT: {"using":"xpath","value":"//*[@id=\"__button376\"]"}
COMMAND: POST /session/d119162e921248fd1f7a065fe81fedfa/elements - {"using":"xpath","value":"//*[@id=\"__button376\"]"}
RESULT: {"using":"xpath","value":"//*[@id=\"__button376\"]"}
COMMAND: POST /session/d119162e921248fd1f7a065fe81fedfa/elements - {"using":"xpath","value":"//*[@id=\"__button376\"]"}
RESULT: {"using":"xpath","value":"//*[@id=\"__button376\"]"}
COMMAND: POST /session/d119162e921248fd1f7a065fe81fedfa/elements - {"using":"xpath","value":"//*[@id=\"__button376\"]"}
RESULT: {"using":"xpath","value":"//*[@id=\"__button376\"]"}
COMMAND: POST /session/d119162e921248fd1f7a065fe81fedfa/elements - {"using":"xpath","value":"//*[@id=\"__button376\"]"}
RESULT: {"using":"xpath","value":"//*[@id=\"__button376\"]"}
COMMAND: POST /session/d119162e921248fd1f7a065fe81fedfa/elements - {"using":"xpath","value":"//*[@id=\"__button376\"]"}
RESULT: {"using":"xpath","value":"//*[@id=\"__button376\"]"}
COMMAND: POST /session/d119162e921248fd1f7a065fe81fedfa/elements - {"using":"xpath","value":"//*[@id=\"__button376\"]"}
RESULT: {"using":"xpath","value":"//*[@id=\"__button376\"]"}
COMMAND: POST /session/d119162e921248fd1f7a065fe81fedfa/elements - {"using":"xpath","value":"//*[@id=\"__button376\"]"}
RESULT: {"using":"xpath","value":"//*[@id=\"__button376\"]"}
COMMAND: POST /session/d119162e921248fd1f7a065fe81fedfa/elements - {"using":"xpath","value":"//*[@id=\"__button376\"]"}
RESULT: {"using":"xpath","value":"//*[@id=\"__button376\"]"}
COMMAND: POST /session/d119162e921248fd1f7a065fe81fedfa/elements - {"using":"xpath","value":"//*[@id=\"__button376\"]"}
RESULT: {"using":"xpath","value":"//*[@id=\"__button376\"]"}
COMMAND: POST /session/d119162e921248fd1f7a065fe81fedfa/elements - {"using":"xpath","value":"//*[@id=\"__button376\"]"}
RESULT: {"using":"xpath","value":"//*[@id=\"__button376\"]"}
COMMAND: POST /session/d119162e921248fd1f7a065fe81fedfa/elements - {"using":"xpath","value":"//*[@id=\"__button376\"]"}
RESULT: {"using":"xpath","value":"//*[@id=\"__button376\"]"}
COMMAND: POST /session/d119162e921248fd1f7a065fe81fedfa/elements - {"using":"xpath","value":"//*[@id=\"__button376\"]"}
RESULT: {"using":"xpath","value":"//*[@id=\"__button376\"]"}
COMMAND: POST /session/d119162e921248fd1f7a065fe81fedfa/elements - {"using":"xpath","value":"//*[@id=\"__button376\"]"}
RESULT: {"using":"xpath","value":"//*[@id=\"__button376\"]"}
COMMAND: POST /session/d119162e921248fd1f7a065fe81fedfa/elements - {"using":"xpath","value":"//*[@id=\"__button376\"]"}
RESULT: {"using":"xpath","value":"//*[@id=\"__button376\"]"}
COMMAND: POST /session/d119162e921248fd1f7a065fe81fedfa/elements - {"using":"xpath","value":"//*[@id=\"__button376\"]"}
RESULT: {"using":"xpath","value":"//*[@id=\"__button376\"]"}
COMMAND: POST /session/d119162e921248fd1f7a065fe81fedfa/elements - {"using":"xpath","value":"//*[@id=\"__button376\"]"}
RESULT: {"using":"xpath","value":"//*[@id=\"__button376\"]"}
COMMAND: POST /session/d119162e921248fd1f7a065fe81fedfa/elements - {"using":"xpath","value":"//*[@id=\"__button376\"]"}
RESULT: {"using":"xpath","value":"//*[@id=\"__button376\"]"}
COMMAND: POST /session/d119162e921248fd1f7a065fe81fedfa/elements - {"using":"xpath","value":"//*[@id=\"__button376\"]"}
RESULT: {"using":"xpath","value":"//*[@id=\"__button376\"]"}
COMMAND: POST /session/d119162e921248fd1f7a065fe81fedfa/elements - {"using":"xpath","value":"//*[@id=\"__button376\"]"}
RESULT: {"using":"xpath","value":"//*[@id=\"__button376\"]"}
COMMAND: POST /session/d119162e921248fd1f7a065fe81fedfa/elements - {"using":"xpath","value":"//*[@id=\"__button376\"]"}
RESULT: {"using":"xpath","value":"//*[@id=\"__button376\"]"}
COMMAND: POST /session/d119162e921248fd1f7a065fe81fedfa/elements - {"using":"xpath","value":"//*[@id=\"__button376\"]"}
RESULT: {"using":"xpath","value":"//*[@id=\"__button376\"]"}
COMMAND: POST /session/d119162e921248fd1f7a065fe81fedfa/elements - {"using":"xpath","value":"//*[@id=\"__button376\"]"}
RESULT: {"using":"xpath","value":"//*[@id=\"__button376\"]"}
COMMAND: POST /session/d119162e921248fd1f7a065fe81fedfa/elements - {"using":"xpath","value":"//*[@id=\"__button376\"]"}
RESULT: {"using":"xpath","value":"//*[@id=\"__button376\"]"}
COMMAND: POST /session/d119162e921248fd1f7a065fe81fedfa/elements - {"using":"xpath","value":"//*[@id=\"__button376\"]"}
RESULT: {"using":"xpath","value":"//*[@id=\"__button376\"]"}
COMMAND: POST /session/d119162e921248fd1f7a065fe81fedfa/elements - {"using":"xpath","value":"//*[@id=\"__button376\"]"}
RESULT: {"using":"xpath","value":"//*[@id=\"__button376\"]"}
COMMAND: POST /session/d119162e921248fd1f7a065fe81fedfa/elements - {"using":"xpath","value":"//*[@id=\"__button376\"]"}
RESULT: {"using":"xpath","value":"//*[@id=\"__button376\"]"}
COMMAND: POST /session/d119162e921248fd1f7a065fe81fedfa/elements - {"using":"xpath","value":"//*[@id=\"__button376\"]"}
RESULT: {"using":"xpath","value":"//*[@id=\"__button376\"]"}
COMMAND: POST /session/d119162e921248fd1f7a065fe81fedfa/elements - {"using":"xpath","value":"//*[@id=\"__button376\"]"}
RESULT: {"using":"xpath","value":"//*[@id=\"__button376\"]"}
COMMAND: POST /session/d119162e921248fd1f7a065fe81fedfa/elements - {"using":"xpath","value":"//*[@id=\"__button376\"]"}
RESULT: {"using":"xpath","value":"//*[@id=\"__button376\"]"}
COMMAND: POST /session/d119162e921248fd1f7a065fe81fedfa/elements - {"using":"xpath","value":"//*[@id=\"__button376\"]"}
RESULT: {"using":"xpath","value":"//*[@id=\"__button376\"]"}
COMMAND: POST /session/d119162e921248fd1f7a065fe81fedfa/elements - {"using":"xpath","value":"//*[@id=\"__button376\"]"}
RESULT: {"using":"xpath","value":"//*[@id=\"__button376\"]"}
COMMAND: POST /session/d119162e921248fd1f7a065fe81fedfa/elements - {"using":"xpath","value":"//*[@id=\"__button376\"]"}
RESULT: {"using":"xpath","value":"//*[@id=\"__button376\"]"}
COMMAND: POST /session/d119162e921248fd1f7a065fe81fedfa/elements - {"using":"xpath","value":"//*[@id=\"__button376\"]"}
RESULT: {"using":"xpath","value":"//*[@id=\"__button376\"]"}
COMMAND: POST /session/d119162e921248fd1f7a065fe81fedfa/elements - {"using":"xpath","value":"//*[@id=\"__button376\"]"}
RESULT: {"using":"xpath","value":"//*[@id=\"__button376\"]"}
COMMAND: POST /session/d119162e921248fd1f7a065fe81fedfa/elements - {"using":"xpath","value":"//*[@id=\"__button376\"]"}
RESULT: {"using":"xpath","value":"//*[@id=\"__button376\"]"}
COMMAND: POST /session/d119162e921248fd1f7a065fe81fedfa/elements - {"using":"xpath","value":"//*[@id=\"__button376\"]"}
RESULT: {"using":"xpath","value":"//*[@id=\"__button376\"]"}
COMMAND: POST /session/d119162e921248fd1f7a065fe81fedfa/elements - {"using":"xpath","value":"//*[@id=\"__button376\"]"}
RESULT: {"using":"xpath","value":"//*[@id=\"__button376\"]"}
COMMAND: POST /session/d119162e921248fd1f7a065fe81fedfa/elements - {"using":"xpath","value":"//*[@id=\"__button376\"]"}
RESULT: {"using":"xpath","value":"//*[@id=\"__button376\"]"}
COMMAND: POST /session/d119162e921248fd1f7a065fe81fedfa/elements - {"using":"xpath","value":"//*[@id=\"__button376\"]"}
RESULT: {"using":"xpath","value":"//*[@id=\"__button376\"]"}
COMMAND: POST /session/d119162e921248fd1f7a065fe81fedfa/elements - {"using":"xpath","value":"//*[@id=\"__button376\"]"}
RESULT: {"using":"xpath","value":"//*[@id=\"__button376\"]"}
COMMAND: POST /session/d119162e921248fd1f7a065fe81fedfa/elements - {"using":"xpath","value":"//*[@id=\"__button376\"]"}
RESULT: {"using":"xpath","value":"//*[@id=\"__button376\"]"}
COMMAND: POST /session/d119162e921248fd1f7a065fe81fedfa/elements - {"using":"xpath","value":"//*[@id=\"__button376\"]"}
RESULT: {"using":"xpath","value":"//*[@id=\"__button376\"]"}
COMMAND: POST /session/d119162e921248fd1f7a065fe81fedfa/elements - {"using":"xpath","value":"//*[@id=\"__button376\"]"}
RESULT: {"using":"xpath","value":"//*[@id=\"__button376\"]"}
COMMAND: POST /session/d119162e921248fd1f7a065fe81fedfa/elements - {"using":"xpath","value":"//*[@id=\"__button376\"]"}
RESULT: {"using":"xpath","value":"//*[@id=\"__button376\"]"}
COMMAND: POST /session/d119162e921248fd1f7a065fe81fedfa/elements - {"using":"xpath","value":"//*[@id=\"__button376\"]"}
RESULT: {"using":"xpath","value":"//*[@id=\"__button376\"]"}
COMMAND: POST /session/d119162e921248fd1f7a065fe81fedfa/elements - {"using":"xpath","value":"//*[@id=\"__button376\"]"}
RESULT: {"using":"xpath","value":"//*[@id=\"__button376\"]"}
COMMAND: POST /session/d119162e921248fd1f7a065fe81fedfa/elements - {"using":"xpath","value":"//*[@id=\"__button376\"]"}
RESULT: {"using":"xpath","value":"//*[@id=\"__button376\"]"}
COMMAND: POST /session/d119162e921248fd1f7a065fe81fedfa/elements - {"using":"xpath","value":"//*[@id=\"__button376\"]"}
RESULT: {"using":"xpath","value":"//*[@id=\"__button376\"]"}
COMMAND: POST /session/d119162e921248fd1f7a065fe81fedfa/elements - {"using":"xpath","value":"//*[@id=\"__button376\"]"}
RESULT: {"using":"xpath","value":"//*[@id=\"__button376\"]"}
COMMAND: POST /session/d119162e921248fd1f7a065fe81fedfa/elements - {"using":"xpath","value":"//*[@id=\"__button376\"]"}
RESULT: {"using":"xpath","value":"//*[@id=\"__button376\"]"}
COMMAND: POST /session/d119162e921248fd1f7a065fe81fedfa/elements - {"using":"xpath","value":"//*[@id=\"__button376\"]"}
RESULT: {"using":"xpath","value":"//*[@id=\"__button376\"]"}
COMMAND: POST /session/d119162e921248fd1f7a065fe81fedfa/elements - {"using":"xpath","value":"//*[@id=\"__button376\"]"}
RESULT: {"using":"xpath","value":"//*[@id=\"__button376\"]"}
COMMAND: POST /session/d119162e921248fd1f7a065fe81fedfa/elements - {"using":"xpath","value":"//*[@id=\"__button376\"]"}
RESULT: {"using":"xpath","value":"//*[@id=\"__button376\"]"}
COMMAND: POST /session/d119162e921248fd1f7a065fe81fedfa/elements - {"using":"xpath","value":"//*[@id=\"__button376\"]"}
RESULT: {"using":"xpath","value":"//*[@id=\"__button376\"]"}
COMMAND: POST /session/d119162e921248fd1f7a065fe81fedfa/elements - {"using":"xpath","value":"//*[@id=\"__button376\"]"}
RESULT: {"using":"xpath","value":"//*[@id=\"__button376\"]"}
COMMAND: POST /session/d119162e921248fd1f7a065fe81fedfa/elements - {"using":"xpath","value":"//*[@id=\"__button376\"]"}
RESULT: {"using":"xpath","value":"//*[@id=\"__button376\"]"}
COMMAND: POST /session/d119162e921248fd1f7a065fe81fedfa/elements - {"using":"xpath","value":"//*[@id=\"__button376\"]"}
RESULT: {"using":"xpath","value":"//*[@id=\"__button376\"]"}
COMMAND: POST /session/d119162e921248fd1f7a065fe81fedfa/elements - {"using":"xpath","value":"//*[@id=\"__button376\"]"}
RESULT: {"using":"xpath","value":"//*[@id=\"__button376\"]"}
COMMAND: POST /session/d119162e921248fd1f7a065fe81fedfa/elements - {"using":"xpath","value":"//*[@id=\"__button376\"]"}
RESULT: {"using":"xpath","value":"//*[@id=\"__button376\"]"}
COMMAND: POST /session/d119162e921248fd1f7a065fe81fedfa/elements - {"using":"xpath","value":"//*[@id=\"__button376\"]"}
RESULT: {"using":"xpath","value":"//*[@id=\"__button376\"]"}
COMMAND: POST /session/d119162e921248fd1f7a065fe81fedfa/elements - {"using":"xpath","value":"//*[@id=\"__button376\"]"}
RESULT: {"using":"xpath","value":"//*[@id=\"__button376\"]"}
COMMAND: POST /session/d119162e921248fd1f7a065fe81fedfa/elements - {"using":"xpath","value":"//*[@id=\"__button376\"]"}
RESULT: {"using":"xpath","value":"//*[@id=\"__button376\"]"}
COMMAND: POST /session/d119162e921248fd1f7a065fe81fedfa/elements - {"using":"xpath","value":"//*[@id=\"__button376\"]"}
RESULT: {"using":"xpath","value":"//*[@id=\"__button376\"]"}
COMMAND: POST /session/d119162e921248fd1f7a065fe81fedfa/elements - {"using":"xpath","value":"//*[@id=\"__button376\"]"}
RESULT: {"using":"xpath","value":"//*[@id=\"__button376\"]"}
COMMAND: POST /session/d119162e921248fd1f7a065fe81fedfa/elements - {"using":"xpath","value":"//*[@id=\"__button376\"]"}
RESULT: {"using":"xpath","value":"//*[@id=\"__button376\"]"}
COMMAND: POST /session/d119162e921248fd1f7a065fe81fedfa/elements - {"using":"xpath","value":"//*[@id=\"__button376\"]"}
RESULT: {"using":"xpath","value":"//*[@id=\"__button376\"]"}
COMMAND: POST /session/d119162e921248fd1f7a065fe81fedfa/elements - {"using":"xpath","value":"//*[@id=\"__button376\"]"}
RESULT: {"using":"xpath","value":"//*[@id=\"__button376\"]"}
COMMAND: POST /session/d119162e921248fd1f7a065fe81fedfa/elements - {"using":"xpath","value":"//*[@id=\"__button376\"]"}
RESULT: {"using":"xpath","value":"//*[@id=\"__button376\"]"}
COMMAND: POST /session/d119162e921248fd1f7a065fe81fedfa/elements - {"using":"xpath","value":"//*[@id=\"__button376\"]"}
RESULT: {"using":"xpath","value":"//*[@id=\"__button376\"]"}
COMMAND: POST /session/d119162e921248fd1f7a065fe81fedfa/elements - {"using":"xpath","value":"//*[@id=\"__button376\"]"}
RESULT: {"using":"xpath","value":"//*[@id=\"__button376\"]"}
COMMAND: POST /session/d119162e921248fd1f7a065fe81fedfa/elements - {"using":"xpath","value":"//*[@id=\"__button376\"]"}
RESULT: {"using":"xpath","value":"//*[@id=\"__button376\"]"}
COMMAND: POST /session/d119162e921248fd1f7a065fe81fedfa/elements - {"using":"xpath","value":"//*[@id=\"__button376\"]"}
RESULT: {"using":"xpath","value":"//*[@id=\"__button376\"]"}
COMMAND: POST /session/d119162e921248fd1f7a065fe81fedfa/elements - {"using":"xpath","value":"//*[@id=\"__button376\"]"}
RESULT: {"using":"xpath","value":"//*[@id=\"__button376\"]"}
COMMAND: POST /session/d119162e921248fd1f7a065fe81fedfa/elements - {"using":"xpath","value":"//*[@id=\"__button376\"]"}
RESULT: {"using":"xpath","value":"//*[@id=\"__button376\"]"}
COMMAND: POST /session/d119162e921248fd1f7a065fe81fedfa/elements - {"using":"xpath","value":"//*[@id=\"__button376\"]"}
RESULT: {"using":"xpath","value":"//*[@id=\"__button376\"]"}
COMMAND: POST /session/d119162e921248fd1f7a065fe81fedfa/elements - {"using":"xpath","value":"//*[@id=\"__button376\"]"}
RESULT: {"using":"xpath","value":"//*[@id=\"__button376\"]"}
COMMAND: POST /session/d119162e921248fd1f7a065fe81fedfa/elements - {"using":"xpath","value":"//*[@id=\"__button376\"]"}
RESULT: {"using":"xpath","value":"//*[@id=\"__button376\"]"}
COMMAND: POST /session/d119162e921248fd1f7a065fe81fedfa/elements - {"using":"xpath","value":"//*[@id=\"__button376\"]"}
RESULT: {"using":"xpath","value":"//*[@id=\"__button376\"]"}
COMMAND: POST /session/d119162e921248fd1f7a065fe81fedfa/elements - {"using":"xpath","value":"//*[@id=\"__button376\"]"}
RESULT: {"using":"xpath","value":"//*[@id=\"__button376\"]"}
COMMAND: POST /session/d119162e921248fd1f7a065fe81fedfa/elements - {"using":"xpath","value":"//*[@id=\"__button376\"]"}
RESULT: {"using":"xpath","value":"//*[@id=\"__button376\"]"}
COMMAND: POST /session/d119162e921248fd1f7a065fe81fedfa/elements - {"using":"xpath","value":"//*[@id=\"__button376\"]"}
RESULT: {"using":"xpath","value":"//*[@id=\"__button376\"]"}
COMMAND: POST /session/d119162e921248fd1f7a065fe81fedfa/elements - {"using":"xpath","value":"//*[@id=\"__button376\"]"}
RESULT: {"using":"xpath","value":"//*[@id=\"__button376\"]"}
COMMAND: POST /session/d119162e921248fd1f7a065fe81fedfa/elements - {"using":"xpath","value":"//*[@id=\"__button376\"]"}
RESULT: {"using":"xpath","value":"//*[@id=\"__button376\"]"}
COMMAND: POST /session/d119162e921248fd1f7a065fe81fedfa/elements - {"using":"xpath","value":"//*[@id=\"__button376\"]"}
RESULT: {"using":"xpath","value":"//*[@id=\"__button376\"]"}
COMMAND: POST /session/d119162e921248fd1f7a065fe81fedfa/elements - {"using":"xpath","value":"//*[@id=\"__button376\"]"}
RESULT: {"using":"xpath","value":"//*[@id=\"__button376\"]"}
COMMAND: POST /session/d119162e921248fd1f7a065fe81fedfa/elements - {"using":"xpath","value":"//*[@id=\"__button376\"]"}
RESULT: {"using":"xpath","value":"//*[@id=\"__button376\"]"}
COMMAND: POST /session/d119162e921248fd1f7a065fe81fedfa/elements - {"using":"xpath","value":"//*[@id=\"__button376\"]"}
RESULT: {"using":"xpath","value":"//*[@id=\"__button376\"]"}
COMMAND: POST /session/d119162e921248fd1f7a065fe81fedfa/elements - {"using":"xpath","value":"//*[@id=\"__button376\"]"}
RESULT: {"using":"xpath","value":"//*[@id=\"__button376\"]"}
COMMAND: POST /session/d119162e921248fd1f7a065fe81fedfa/elements - {"using":"xpath","value":"//*[@id=\"__button376\"]"}
RESULT: {"using":"xpath","value":"//*[@id=\"__button376\"]"}
COMMAND: POST /session/d119162e921248fd1f7a065fe81fedfa/elements - {"using":"xpath","value":"//*[@id=\"__button376\"]"}
RESULT: {"using":"xpath","value":"//*[@id=\"__button376\"]"}
COMMAND: POST /session/d119162e921248fd1f7a065fe81fedfa/elements - {"using":"xpath","value":"//*[@id=\"__button376\"]"}
RESULT: {"using":"xpath","value":"//*[@id=\"__button376\"]"}
COMMAND: POST /session/d119162e921248fd1f7a065fe81fedfa/elements - {"using":"xpath","value":"//*[@id=\"__button376\"]"}
RESULT: {"using":"xpath","value":"//*[@id=\"__button376\"]"}
COMMAND: POST /session/d119162e921248fd1f7a065fe81fedfa/elements - {"using":"xpath","value":"//*[@id=\"__button376\"]"}
RESULT: {"using":"xpath","value":"//*[@id=\"__button376\"]"}
COMMAND: POST /session/d119162e921248fd1f7a065fe81fedfa/elements - {"using":"xpath","value":"//*[@id=\"__button376\"]"}
RESULT: {"using":"xpath","value":"//*[@id=\"__button376\"]"}
COMMAND: POST /session/d119162e921248fd1f7a065fe81fedfa/elements - {"using":"xpath","value":"//*[@id=\"__button376\"]"}
RESULT: {"using":"xpath","value":"//*[@id=\"__button376\"]"}
COMMAND: POST /session/d119162e921248fd1f7a065fe81fedfa/elements - {"using":"xpath","value":"//*[@id=\"__button376\"]"}
RESULT: {"using":"xpath","value":"//*[@id=\"__button376\"]"}
COMMAND: POST /session/d119162e921248fd1f7a065fe81fedfa/elements - {"using":"xpath","value":"//*[@id=\"__button376\"]"}
RESULT: {"using":"xpath","value":"//*[@id=\"__button376\"]"}
COMMAND: POST /session/d119162e921248fd1f7a065fe81fedfa/element - {"using":"css selector","value":"#shell-header-logo"}
RESULT: {"using":"css selector","value":"#shell-header-logo"}
COMMAND: POST /session/d119162e921248fd1f7a065fe81fedfa/execute/sync - {"script":"<script> [8489 bytes]","args":[{"element-6066-11e4-a52e-4f735466cecf":"f.7D8252E83238221F8080DA22DD8FFCA1.d.21CEDD3FCDD0A72D699982BEECD23F9A.e.15321","ELEMENT":"f.7D8252E83238221F8080DA22DD8FFCA1.d.21CEDD3FCDD0A72D699982BEECD23F9A.e.15321"}]}
RESULT: {"script":"<script> [8489 bytes]","args":[{"element-6066-11e4-a52e-4f735466cecf":"f.7D8252E83238221F8080DA22DD8FFCA1.d.21CEDD3FCDD0A72D699982BEECD23F9A.e.15321","ELEMENT":"f.7D8252E83238221F8080DA22DD8FFCA1.d.21CEDD3FCDD0A72D699982BEECD23F9A.e.15321"}]}
COMMAND: POST /session/d119162e921248fd1f7a065fe81fedfa/execute/sync - {"script":"<script> [5351 bytes]","args":[{"element-6066-11e4-a52e-4f735466cecf":"f.7D8252E83238221F8080DA22DD8FFCA1.d.21CEDD3FCDD0A72D699982BEECD23F9A.e.15321","ELEMENT":"f.7D8252E83238221F8080DA22DD8FFCA1.d.21CEDD3FCDD0A72D699982BEECD23F9A.e.15321"}]}
COMMAND: GET /session/d119162e921248fd1f7a065fe81fedfa/screenshot - {}
RESULT: {"script":"<script> [5351 bytes]","args":[{"element-6066-11e4-a52e-4f735466cecf":"f.7D8252E83238221F8080DA22DD8FFCA1.d.21CEDD3FCDD0A72D699982BEECD23F9A.e.15321","ELEMENT":"f.7D8252E83238221F8080DA22DD8FFCA1.d.21CEDD3FCDD0A72D699982BEECD23F9A.e.15321"}]}
COMMAND: POST /session/d119162e921248fd1f7a065fe81fedfa/element/f.7D8252E83238221F8080DA22DD8FFCA1.d.21CEDD3FCDD0A72D699982BEECD23F9A.e.15321/click - {}
COMMAND: GET /session/d119162e921248fd1f7a065fe81fedfa/screenshot - {}
RESULT: {}
RESULT: {}
]]></system-out>
    </testcase>
    <testcase classname="chrome.135_0_7049_96.windows.Performance_based_billing_(work_days)_US139742" name="Should go to Manage Billings and trigger calculation check the conditions applied" time="66.466">
      <system-out><![CDATA[
COMMAND: POST /session/d119162e921248fd1f7a065fe81fedfa/execute/async - {"script":"<script> [1562 bytes]","args":[{"selector":{"controlType":"sap.m.GenericTile","properties":{"header":"Manage Billings"}},"wdio_ui5_key":"sapm.GenericTile{\"header\":\"Manage Billings\"}"}]}
COMMAND: GET /session/d119162e921248fd1f7a065fe81fedfa/screenshot - {}
RESULT: {}
RESULT: {"script":"<script> [1562 bytes]","args":[{"selector":{"controlType":"sap.m.GenericTile","properties":{"header":"Manage Billings"}},"wdio_ui5_key":"sapm.GenericTile{\"header\":\"Manage Billings\"}"}]}
RESULT: undefined
COMMAND: POST /session/d119162e921248fd1f7a065fe81fedfa/element - {"using":"xpath","value":"//*[@id=\"__tile51\"]"}
RESULT: {}
RESULT: {"using":"xpath","value":"//*[@id=\"__tile51\"]"}
COMMAND: POST /session/d119162e921248fd1f7a065fe81fedfa/element/f.7D8252E83238221F8080DA22DD8FFCA1.d.21CEDD3FCDD0A72D699982BEECD23F9A.e.11444/click - {}
RESULT: {}
COMMAND: GET /session/d119162e921248fd1f7a065fe81fedfa/screenshot - {}
RESULT: {}
COMMAND: POST /session/d119162e921248fd1f7a065fe81fedfa/execute/async - {"script":"<script> [1562 bytes]","args":[{"selector":{"id":"application-managebillings-display-component---billRunCalcResult--smartFilterBar-btnBasicSearch","interaction":{"idSuffix":"I"}},"wdio_ui5_key":"applicationmanagebillings-display-component---billRunCalcResult--smartFilterBar-btnBasicSearch"}]}
RESULT: {"script":"<script> [1562 bytes]","args":[{"selector":{"id":"application-managebillings-display-component---billRunCalcResult--smartFilterBar-btnBasicSearch","interaction":{"idSuffix":"I"}},"wdio_ui5_key":"applicationmanagebillings-display-component---billRunCalcResult--smartFilterBar-btnBasicSearch"}]}
RESULT: undefined
COMMAND: POST /session/d119162e921248fd1f7a065fe81fedfa/execute/async - {"script":"<script> [776 bytes]","args":[{"enterText":"10520","selector":{"id":"application-managebillings-display-component---billRunCalcResult--smartFilterBar-btnBasicSearch","interaction":{"idSuffix":"I"}},"clearTextFirst":true,"interactionType":"ENTER_TEXT"}]}
RESULT: {"script":"<script> [776 bytes]","args":[{"enterText":"10520","selector":{"id":"application-managebillings-display-component---billRunCalcResult--smartFilterBar-btnBasicSearch","interaction":{"idSuffix":"I"}},"clearTextFirst":true,"interactionType":"ENTER_TEXT"}]}
COMMAND: POST /session/d119162e921248fd1f7a065fe81fedfa/actions - {"actions":[{"id":"action54","type":"key","parameters":{},"actions":[{"type":"keyDown","value":"î€‡"},{"type":"pause","duration":10},{"type":"keyUp","value":"î€‡"}]}]}
RESULT: {"actions":[{"id":"action54","type":"key","parameters":{},"actions":[{"type":"keyDown","value":"î€‡"},{"type":"pause","duration":10},{"type":"keyUp","value":"î€‡"}]}]}
COMMAND: GET /session/d119162e921248fd1f7a065fe81fedfa/screenshot - {}
RESULT: {}
COMMAND: POST /session/d119162e921248fd1f7a065fe81fedfa/element - {"using":"xpath","value":"//td[@aria-colindex=\"1\"]/div/div[contains(@class, \"sapMCbBg\")]"}
RESULT: {"using":"xpath","value":"//td[@aria-colindex=\"1\"]/div/div[contains(@class, \"sapMCbBg\")]"}
COMMAND: POST /session/d119162e921248fd1f7a065fe81fedfa/element/f.7D8252E83238221F8080DA22DD8FFCA1.d.21CEDD3FCDD0A72D699982BEECD23F9A.e.15715/click - {}
RESULT: {}
COMMAND: GET /session/d119162e921248fd1f7a065fe81fedfa/screenshot - {}
RESULT: {}
COMMAND: POST /session/d119162e921248fd1f7a065fe81fedfa/execute/async - {"script":"<script> [1562 bytes]","args":[{"selector":{"id":"application-managebillings-display-component---billRunCalcResult--contractBillRunDate","interaction":{"idSuffix":"inner"}},"wdio_ui5_key":"applicationmanagebillings-display-component---billRunCalcResult--contractBillRunDate"}]}
RESULT: {"script":"<script> [1562 bytes]","args":[{"selector":{"id":"application-managebillings-display-component---billRunCalcResult--contractBillRunDate","interaction":{"idSuffix":"inner"}},"wdio_ui5_key":"applicationmanagebillings-display-component---billRunCalcResult--contractBillRunDate"}]}
RESULT: undefined
COMMAND: POST /session/d119162e921248fd1f7a065fe81fedfa/execute/async - {"script":"<script> [776 bytes]","args":[{"enterText":"06/05/25","selector":{"id":"application-managebillings-display-component---billRunCalcResult--contractBillRunDate","interaction":{"idSuffix":"inner"}},"clearTextFirst":true,"interactionType":"ENTER_TEXT"}]}
RESULT: {"script":"<script> [776 bytes]","args":[{"enterText":"06/05/25","selector":{"id":"application-managebillings-display-component---billRunCalcResult--contractBillRunDate","interaction":{"idSuffix":"inner"}},"clearTextFirst":true,"interactionType":"ENTER_TEXT"}]}
COMMAND: POST /session/d119162e921248fd1f7a065fe81fedfa/element - {"using":"xpath","value":"//bdi[contains(text(), \"Trigger Calculation\")]"}
RESULT: {"using":"xpath","value":"//bdi[contains(text(), \"Trigger Calculation\")]"}
COMMAND: POST /session/d119162e921248fd1f7a065fe81fedfa/element/f.7D8252E83238221F8080DA22DD8FFCA1.d.21CEDD3FCDD0A72D699982BEECD23F9A.e.15765/click - {}
RESULT: {}
COMMAND: GET /session/d119162e921248fd1f7a065fe81fedfa/screenshot - {}
RESULT: {}
COMMAND: POST /session/d119162e921248fd1f7a065fe81fedfa/element - {"using":"xpath","value":"(//span[contains(@id, \"imgNav\")])[1]"}
RESULT: {"using":"xpath","value":"(//span[contains(@id, \"imgNav\")])[1]"}
COMMAND: POST /session/d119162e921248fd1f7a065fe81fedfa/element/f.7D8252E83238221F8080DA22DD8FFCA1.d.21CEDD3FCDD0A72D699982BEECD23F9A.e.15716/click - {}
RESULT: {}
COMMAND: GET /session/d119162e921248fd1f7a065fe81fedfa/screenshot - {}
RESULT: {}
COMMAND: POST /session/d119162e921248fd1f7a065fe81fedfa/element - {"using":"xpath","value":"//tr/td[6]/div[1]/span[1]/span[1]"}
RESULT: {"using":"xpath","value":"//tr/td[6]/div[1]/span[1]/span[1]"}
COMMAND: GET /session/d119162e921248fd1f7a065fe81fedfa/element/f.7D8252E83238221F8080DA22DD8FFCA1.d.21CEDD3FCDD0A72D699982BEECD23F9A.e.15770/text - {}
RESULT: {}
COMMAND: POST /session/d119162e921248fd1f7a065fe81fedfa/element - {"using":"xpath","value":"(//span[contains(@id, \"imgNav\")])[2]"}
RESULT: {"using":"xpath","value":"(//span[contains(@id, \"imgNav\")])[2]"}
COMMAND: POST /session/d119162e921248fd1f7a065fe81fedfa/element/f.7D8252E83238221F8080DA22DD8FFCA1.d.21CEDD3FCDD0A72D699982BEECD23F9A.e.15771/click - {}
RESULT: {}
COMMAND: POST /session/d119162e921248fd1f7a065fe81fedfa/element - {"using":"xpath","value":"//bdi[contains(text(), \"Business Confirm\")]"}
COMMAND: GET /session/d119162e921248fd1f7a065fe81fedfa/screenshot - {}
RESULT: {"using":"xpath","value":"//bdi[contains(text(), \"Business Confirm\")]"}
COMMAND: POST /session/d119162e921248fd1f7a065fe81fedfa/elements - {"using":"xpath","value":"//bdi[contains(text(), \"Business Confirm\")]"}
RESULT: {}
RESULT: {"using":"xpath","value":"//bdi[contains(text(), \"Business Confirm\")]"}
COMMAND: POST /session/d119162e921248fd1f7a065fe81fedfa/elements - {"using":"xpath","value":"//bdi[contains(text(), \"Business Confirm\")]"}
RESULT: {"using":"xpath","value":"//bdi[contains(text(), \"Business Confirm\")]"}
COMMAND: POST /session/d119162e921248fd1f7a065fe81fedfa/element - {"using":"xpath","value":"//bdi[contains(text(), \"Business Confirm\")]"}
RESULT: {"using":"xpath","value":"//bdi[contains(text(), \"Business Confirm\")]"}
COMMAND: POST /session/d119162e921248fd1f7a065fe81fedfa/element/f.7D8252E83238221F8080DA22DD8FFCA1.d.21CEDD3FCDD0A72D699982BEECD23F9A.e.15773/click - {}
RESULT: {}
COMMAND: POST /session/d119162e921248fd1f7a065fe81fedfa/element - {"using":"css selector","value":"#shell-header-logo"}
COMMAND: GET /session/d119162e921248fd1f7a065fe81fedfa/screenshot - {}
RESULT: {"using":"css selector","value":"#shell-header-logo"}
COMMAND: POST /session/d119162e921248fd1f7a065fe81fedfa/element/f.7D8252E83238221F8080DA22DD8FFCA1.d.21CEDD3FCDD0A72D699982BEECD23F9A.e.15508/click - {}
RESULT: {}
RESULT: {}
COMMAND: GET /session/d119162e921248fd1f7a065fe81fedfa/screenshot - {}
RESULT: {}
COMMAND: POST /session/d119162e921248fd1f7a065fe81fedfa/element - {"using":"css selector","value":"#j_username"}
COMMAND: POST /session/d119162e921248fd1f7a065fe81fedfa/url - {"url":"https://qa-testing-00-live-etm-ui.cfapps.eu10-004.hana.ondemand.com/"}
RESULT: {"using":"css selector","value":"#j_username"}
COMMAND: POST /session/d119162e921248fd1f7a065fe81fedfa/element - {"using":"css selector","value":"#j_username"}
RESULT: {"url":"https://qa-testing-00-live-etm-ui.cfapps.eu10-004.hana.ondemand.com/"}
RESULT: undefined
COMMAND: GET /session/d119162e921248fd1f7a065fe81fedfa/screenshot - {}
RESULT: {"using":"css selector","value":"#j_username"}
COMMAND: POST /session/d119162e921248fd1f7a065fe81fedfa/element - {"using":"css selector","value":"#shell-header-logo"}
RESULT: {}
RESULT: {"using":"css selector","value":"#shell-header-logo"}
COMMAND: POST /session/d119162e921248fd1f7a065fe81fedfa/execute/sync - {"script":"<script> [8489 bytes]","args":[{"element-6066-11e4-a52e-4f735466cecf":"f.7D8252E83238221F8080DA22DD8FFCA1.d.7CC4AD44EC660FB121E591D1752E9A6F.e.15854","ELEMENT":"f.7D8252E83238221F8080DA22DD8FFCA1.d.7CC4AD44EC660FB121E591D1752E9A6F.e.15854"}]}
RESULT: {"script":"<script> [8489 bytes]","args":[{"element-6066-11e4-a52e-4f735466cecf":"f.7D8252E83238221F8080DA22DD8FFCA1.d.7CC4AD44EC660FB121E591D1752E9A6F.e.15854","ELEMENT":"f.7D8252E83238221F8080DA22DD8FFCA1.d.7CC4AD44EC660FB121E591D1752E9A6F.e.15854"}]}
COMMAND: POST /session/d119162e921248fd1f7a065fe81fedfa/element - {"using":"css selector","value":"#shell-header-logo"}
COMMAND: GET /session/d119162e921248fd1f7a065fe81fedfa/screenshot - {}
RESULT: {"using":"css selector","value":"#shell-header-logo"}
COMMAND: POST /session/d119162e921248fd1f7a065fe81fedfa/execute/sync - {"script":"<script> [8489 bytes]","args":[{"element-6066-11e4-a52e-4f735466cecf":"f.7D8252E83238221F8080DA22DD8FFCA1.d.7CC4AD44EC660FB121E591D1752E9A6F.e.15854","ELEMENT":"f.7D8252E83238221F8080DA22DD8FFCA1.d.7CC4AD44EC660FB121E591D1752E9A6F.e.15854"}]}
RESULT: {}
RESULT: {"script":"<script> [8489 bytes]","args":[{"element-6066-11e4-a52e-4f735466cecf":"f.7D8252E83238221F8080DA22DD8FFCA1.d.7CC4AD44EC660FB121E591D1752E9A6F.e.15854","ELEMENT":"f.7D8252E83238221F8080DA22DD8FFCA1.d.7CC4AD44EC660FB121E591D1752E9A6F.e.15854"}]}
COMMAND: POST /session/d119162e921248fd1f7a065fe81fedfa/execute/sync - {"script":"<script> [5351 bytes]","args":[{"element-6066-11e4-a52e-4f735466cecf":"f.7D8252E83238221F8080DA22DD8FFCA1.d.7CC4AD44EC660FB121E591D1752E9A6F.e.15854","ELEMENT":"f.7D8252E83238221F8080DA22DD8FFCA1.d.7CC4AD44EC660FB121E591D1752E9A6F.e.15854"}]}
COMMAND: GET /session/d119162e921248fd1f7a065fe81fedfa/screenshot - {}
RESULT: {"script":"<script> [5351 bytes]","args":[{"element-6066-11e4-a52e-4f735466cecf":"f.7D8252E83238221F8080DA22DD8FFCA1.d.7CC4AD44EC660FB121E591D1752E9A6F.e.15854","ELEMENT":"f.7D8252E83238221F8080DA22DD8FFCA1.d.7CC4AD44EC660FB121E591D1752E9A6F.e.15854"}]}
COMMAND: POST /session/d119162e921248fd1f7a065fe81fedfa/element - {"using":"css selector","value":"#shell-header-logo"}
COMMAND: GET /session/d119162e921248fd1f7a065fe81fedfa/screenshot - {}
RESULT: {}
RESULT: {"using":"css selector","value":"#shell-header-logo"}
COMMAND: POST /session/d119162e921248fd1f7a065fe81fedfa/element/f.7D8252E83238221F8080DA22DD8FFCA1.d.7CC4AD44EC660FB121E591D1752E9A6F.e.15854/click - {}
RESULT: {}
RESULT: {}
COMMAND: GET /session/d119162e921248fd1f7a065fe81fedfa/screenshot - {}
RESULT: {}
COMMAND: POST /session/d119162e921248fd1f7a065fe81fedfa/execute/async - {"script":"<script> [189 bytes]","args":[]}
RESULT: {"script":"<script> [189 bytes]","args":[]}
COMMAND: POST /session/d119162e921248fd1f7a065fe81fedfa/execute/async - {"script":"<script> [123 bytes]","args":[]}
RESULT: {"script":"<script> [123 bytes]","args":[]}
COMMAND: POST /session/d119162e921248fd1f7a065fe81fedfa/timeouts - {"script":"<number>"}
RESULT: {"script":"<number>"}
COMMAND: GET /session/d119162e921248fd1f7a065fe81fedfa/timeouts - {}
RESULT: {}
RESULT: undefined
COMMAND: POST /session/d119162e921248fd1f7a065fe81fedfa/execute/async - {"script":"<script> [2676 bytes]","args":[]}
RESULT: {"script":"<script> [2676 bytes]","args":[]}
COMMAND: POST /session/d119162e921248fd1f7a065fe81fedfa/execute/async - {"script":"<script> [2342 bytes]","args":[{"protocol":"http","hostname":"0.0.0.0","path":"/","capabilities":{"browserName":"chrome","goog:chromeOptions":{"binary":"C:\\Program Files\\Google\\Chrome\\Application\\chrome.exe","args":["--start-maximized"]}},"logLevel":"warn","connectionRetryTimeout":120000,"connectionRetryCount":3,"logLevels":{},"enableDirectConnect":true,"strictSSL":true,"_":"65 more keys: [\"cacheDir\",\"port\",\"requestedCapabilities\",\"automationProtocol\",\"baseUrl\",\"waitforInterval\",\"waitforTimeout\",\"onReload\",\"beforeCommand\",\"afterCommand\",\"rootDir\",\"specs\",\"suites\",\"exclude\",\"groupLogsByTestSpec\",\"excludeDriverLogs\",\"bail\",\"framework\",\"reporters\",\"services\",\"maxInstances\",\"maxInstancesPerCapability\",\"injectGlobals\",\"filesToWatch\",\"execArgv\",\"runnerEnv\",\"runner\",\"shard\",\"specFileRetries\",\"specFileRetriesDelay\",\"specFileRetriesDeferred\",\"reporterSyncInterval\",\"reporterSyncTimeout\",\"cucumberFeaturesWithLineNumbers\",\"autoCompileOpts\",\"mochaOpts\",\"jasmineOpts\",\"cucumberOpts\",\"onPrepare\",\"onWorkerStart\",\"onWorkerEnd\",\"before\",\"beforeSession\",\"beforeSuite\",\"beforeHook\",\"beforeTest\",\"afterTest\",\"afterHook\",\"afterSuite\",\"afterSession\",\"after\",\"onComplete\",\"beforeAssertion\",\"afterAssertion\",\"beforeFeature\",\"beforeScenario\",\"beforeStep\",\"afterStep\",\"afterScenario\",\"afterFeature\",\"_\",\"suite\",\"$0\",\"ignoredWorkerServices\",\"wdi5\"]"}]}
RESULT: {"script":"<script> [2342 bytes]","args":[{"protocol":"http","hostname":"0.0.0.0","path":"/","capabilities":{"browserName":"chrome","goog:chromeOptions":{"binary":"C:\\Program Files\\Google\\Chrome\\Application\\chrome.exe","args":["--start-maximized"]}},"logLevel":"warn","connectionRetryTimeout":120000,"connectionRetryCount":3,"logLevels":{},"enableDirectConnect":true,"strictSSL":true,"_":"65 more keys: [\"cacheDir\",\"port\",\"requestedCapabilities\",\"automationProtocol\",\"baseUrl\",\"waitforInterval\",\"waitforTimeout\",\"onReload\",\"beforeCommand\",\"afterCommand\",\"rootDir\",\"specs\",\"suites\",\"exclude\",\"groupLogsByTestSpec\",\"excludeDriverLogs\",\"bail\",\"framework\",\"reporters\",\"services\",\"maxInstances\",\"maxInstancesPerCapability\",\"injectGlobals\",\"filesToWatch\",\"execArgv\",\"runnerEnv\",\"runner\",\"shard\",\"specFileRetries\",\"specFileRetriesDelay\",\"specFileRetriesDeferred\",\"reporterSyncInterval\",\"reporterSyncTimeout\",\"cucumberFeaturesWithLineNumbers\",\"autoCompileOpts\",\"mochaOpts\",\"jasmineOpts\",\"cucumberOpts\",\"onPrepare\",\"onWorkerStart\",\"onWorkerEnd\",\"before\",\"beforeSession\",\"beforeSuite\",\"beforeHook\",\"beforeTest\",\"afterTest\",\"afterHook\",\"afterSuite\",\"afterSession\",\"after\",\"onComplete\",\"beforeAssertion\",\"afterAssertion\",\"beforeFeature\",\"beforeScenario\",\"beforeStep\",\"afterStep\",\"afterScenario\",\"afterFeature\",\"_\",\"suite\",\"$0\",\"ignoredWorkerServices\",\"wdi5\"]"}]}
COMMAND: POST /session/d119162e921248fd1f7a065fe81fedfa/execute/async - {"script":"<script> [21126 bytes]","args":[35000]}
RESULT: {"script":"<script> [21126 bytes]","args":[35000]}
COMMAND: POST /session/d119162e921248fd1f7a065fe81fedfa/window/maximize - {}
RESULT: {}
COMMAND: POST /session/d119162e921248fd1f7a065fe81fedfa/execute/async - {"script":"<script> [1562 bytes]","args":[{"selector":{"id":"shell-header","interaction":{"idSuffix":"icon"}},"wdio_ui5_key":"shellheader"}]}
COMMAND: GET /session/d119162e921248fd1f7a065fe81fedfa/screenshot - {}
RESULT: {"script":"<script> [1562 bytes]","args":[{"selector":{"id":"shell-header","interaction":{"idSuffix":"icon"}},"wdio_ui5_key":"shellheader"}]}
RESULT: undefined
COMMAND: POST /session/d119162e921248fd1f7a065fe81fedfa/refresh - {}
RESULT: {}
RESULT: {}
COMMAND: GET /session/d119162e921248fd1f7a065fe81fedfa/screenshot - {}
RESULT: {}
COMMAND: POST /session/d119162e921248fd1f7a065fe81fedfa/refresh - {}
RESULT: {}
COMMAND: GET /session/d119162e921248fd1f7a065fe81fedfa/screenshot - {}
RESULT: {}
COMMAND: POST /session/d119162e921248fd1f7a065fe81fedfa/window/fullscreen - {}
RESULT: {}
COMMAND: POST /session/d119162e921248fd1f7a065fe81fedfa/execute/async - {"script":"<script> [189 bytes]","args":[]}
RESULT: {"script":"<script> [189 bytes]","args":[]}
COMMAND: POST /session/d119162e921248fd1f7a065fe81fedfa/execute/async - {"script":"<script> [123 bytes]","args":[]}
RESULT: {"script":"<script> [123 bytes]","args":[]}
COMMAND: POST /session/d119162e921248fd1f7a065fe81fedfa/timeouts - {"script":"<number>"}
RESULT: {"script":"<number>"}
COMMAND: GET /session/d119162e921248fd1f7a065fe81fedfa/timeouts - {}
RESULT: {}
RESULT: undefined
COMMAND: POST /session/d119162e921248fd1f7a065fe81fedfa/execute/async - {"script":"<script> [2676 bytes]","args":[]}
RESULT: {"script":"<script> [2676 bytes]","args":[]}
COMMAND: POST /session/d119162e921248fd1f7a065fe81fedfa/execute/async - {"script":"<script> [2342 bytes]","args":[{"protocol":"http","hostname":"0.0.0.0","path":"/","capabilities":{"browserName":"chrome","goog:chromeOptions":{"binary":"C:\\Program Files\\Google\\Chrome\\Application\\chrome.exe","args":["--start-maximized"]}},"logLevel":"warn","connectionRetryTimeout":120000,"connectionRetryCount":3,"logLevels":{},"enableDirectConnect":true,"strictSSL":true,"_":"65 more keys: [\"cacheDir\",\"port\",\"requestedCapabilities\",\"automationProtocol\",\"baseUrl\",\"waitforInterval\",\"waitforTimeout\",\"onReload\",\"beforeCommand\",\"afterCommand\",\"rootDir\",\"specs\",\"suites\",\"exclude\",\"groupLogsByTestSpec\",\"excludeDriverLogs\",\"bail\",\"framework\",\"reporters\",\"services\",\"maxInstances\",\"maxInstancesPerCapability\",\"injectGlobals\",\"filesToWatch\",\"execArgv\",\"runnerEnv\",\"runner\",\"shard\",\"specFileRetries\",\"specFileRetriesDelay\",\"specFileRetriesDeferred\",\"reporterSyncInterval\",\"reporterSyncTimeout\",\"cucumberFeaturesWithLineNumbers\",\"autoCompileOpts\",\"mochaOpts\",\"jasmineOpts\",\"cucumberOpts\",\"onPrepare\",\"onWorkerStart\",\"onWorkerEnd\",\"before\",\"beforeSession\",\"beforeSuite\",\"beforeHook\",\"beforeTest\",\"afterTest\",\"afterHook\",\"afterSuite\",\"afterSession\",\"after\",\"onComplete\",\"beforeAssertion\",\"afterAssertion\",\"beforeFeature\",\"beforeScenario\",\"beforeStep\",\"afterStep\",\"afterScenario\",\"afterFeature\",\"_\",\"suite\",\"$0\",\"ignoredWorkerServices\",\"wdi5\"]"}]}
RESULT: {"script":"<script> [2342 bytes]","args":[{"protocol":"http","hostname":"0.0.0.0","path":"/","capabilities":{"browserName":"chrome","goog:chromeOptions":{"binary":"C:\\Program Files\\Google\\Chrome\\Application\\chrome.exe","args":["--start-maximized"]}},"logLevel":"warn","connectionRetryTimeout":120000,"connectionRetryCount":3,"logLevels":{},"enableDirectConnect":true,"strictSSL":true,"_":"65 more keys: [\"cacheDir\",\"port\",\"requestedCapabilities\",\"automationProtocol\",\"baseUrl\",\"waitforInterval\",\"waitforTimeout\",\"onReload\",\"beforeCommand\",\"afterCommand\",\"rootDir\",\"specs\",\"suites\",\"exclude\",\"groupLogsByTestSpec\",\"excludeDriverLogs\",\"bail\",\"framework\",\"reporters\",\"services\",\"maxInstances\",\"maxInstancesPerCapability\",\"injectGlobals\",\"filesToWatch\",\"execArgv\",\"runnerEnv\",\"runner\",\"shard\",\"specFileRetries\",\"specFileRetriesDelay\",\"specFileRetriesDeferred\",\"reporterSyncInterval\",\"reporterSyncTimeout\",\"cucumberFeaturesWithLineNumbers\",\"autoCompileOpts\",\"mochaOpts\",\"jasmineOpts\",\"cucumberOpts\",\"onPrepare\",\"onWorkerStart\",\"onWorkerEnd\",\"before\",\"beforeSession\",\"beforeSuite\",\"beforeHook\",\"beforeTest\",\"afterTest\",\"afterHook\",\"afterSuite\",\"afterSession\",\"after\",\"onComplete\",\"beforeAssertion\",\"afterAssertion\",\"beforeFeature\",\"beforeScenario\",\"beforeStep\",\"afterStep\",\"afterScenario\",\"afterFeature\",\"_\",\"suite\",\"$0\",\"ignoredWorkerServices\",\"wdi5\"]"}]}
COMMAND: POST /session/d119162e921248fd1f7a065fe81fedfa/execute/async - {"script":"<script> [21126 bytes]","args":[35000]}
RESULT: {"script":"<script> [21126 bytes]","args":[35000]}
]]></system-out>
    </testcase>
  </testsuite>
  <testsuite timestamp="2025-05-05T06:22:59" time="1373.922" tests="20" failures="4" errors="4" skipped="0">
    <properties>
      <property name="specId" value="0" />
      <property name="suiteName" value="Billing Calculation - Time based (considering transport times) US139738" />
      <property name="capabilities" value="chrome.135_0_7049_96.windows" />
      <property name="file" value="file:///D:/a/1/s/test/specs/BTS/billing-calculation-transp-times.spec.js" />
    </properties>
    <testcase classname="chrome.135_0_7049_96.windows.Billing_Calculation_-_Time_based_(considering_transport_times)_US139738" name="Should create a new yard" time="0.014">
      <system-out><![CDATA[
COMMAND: POST /session/d119162e921248fd1f7a065fe81fedfa/window/fullscreen - {}
RESULT: {}
]]></system-out>
    </testcase>
    <testcase classname="chrome.135_0_7049_96.windows.Billing_Calculation_-_Time_based_(considering_transport_times)_US139738" name="Should create a new partner" time="0.004" />
    <testcase classname="chrome.135_0_7049_96.windows.Billing_Calculation_-_Time_based_(considering_transport_times)_US139738" name="Should create a new site" time="95.374">
      <system-out><![CDATA[
COMMAND: POST /session/d119162e921248fd1f7a065fe81fedfa/execute/async - {"script":"<script> [1562 bytes]","args":[{"selector":{"controlType":"sap.m.TileContent","bindingPath":{"path":"","propertyPath":"/properties/info"},"ancestor":{"controlType":"sap.m.GenericTile","properties":{"header":"Manage Sites"}}},"wdio_ui5_key":"sapm.TileContent{\"path\":\"\",\"propertyPath\":\"/properties/info\"}{\"controlType\":\"sap.m.GenericTile\",\"properties\":{\"header\":\"Manage Sites\"}}"}]}
RESULT: {"script":"<script> [1562 bytes]","args":[{"selector":{"controlType":"sap.m.TileContent","bindingPath":{"path":"","propertyPath":"/properties/info"},"ancestor":{"controlType":"sap.m.GenericTile","properties":{"header":"Manage Sites"}}},"wdio_ui5_key":"sapm.TileContent{\"path\":\"\",\"propertyPath\":\"/properties/info\"}{\"controlType\":\"sap.m.GenericTile\",\"properties\":{\"header\":\"Manage Sites\"}}"}]}
RESULT: undefined
COMMAND: POST /session/d119162e921248fd1f7a065fe81fedfa/element - {"using":"xpath","value":"//*[@id=\"__xmlview7--numericTileContent\"]"}
RESULT: {"using":"xpath","value":"//*[@id=\"__xmlview7--numericTileContent\"]"}
COMMAND: POST /session/d119162e921248fd1f7a065fe81fedfa/element/f.7D8252E83238221F8080DA22DD8FFCA1.d.EF2A78FB9E38B2029700AC368C82F7BB.e.16111/click - {}
RESULT: {}
COMMAND: POST /session/d119162e921248fd1f7a065fe81fedfa/element - {"using":"xpath","value":"//button[@data-kt=\"addOverflowToolbarButton\"]"}
COMMAND: GET /session/d119162e921248fd1f7a065fe81fedfa/screenshot - {}
RESULT: {"using":"xpath","value":"//button[@data-kt=\"addOverflowToolbarButton\"]"}
COMMAND: POST /session/d119162e921248fd1f7a065fe81fedfa/elements - {"using":"xpath","value":"//button[@data-kt=\"addOverflowToolbarButton\"]"}
RESULT: {}
RESULT: {"using":"xpath","value":"//button[@data-kt=\"addOverflowToolbarButton\"]"}
COMMAND: POST /session/d119162e921248fd1f7a065fe81fedfa/elements - {"using":"xpath","value":"//button[@data-kt=\"addOverflowToolbarButton\"]"}
RESULT: {"using":"xpath","value":"//button[@data-kt=\"addOverflowToolbarButton\"]"}
COMMAND: POST /session/d119162e921248fd1f7a065fe81fedfa/elements - {"using":"xpath","value":"//button[@data-kt=\"addOverflowToolbarButton\"]"}
RESULT: {"using":"xpath","value":"//button[@data-kt=\"addOverflowToolbarButton\"]"}
COMMAND: POST /session/d119162e921248fd1f7a065fe81fedfa/elements - {"using":"xpath","value":"//button[@data-kt=\"addOverflowToolbarButton\"]"}
RESULT: {"using":"xpath","value":"//button[@data-kt=\"addOverflowToolbarButton\"]"}
COMMAND: POST /session/d119162e921248fd1f7a065fe81fedfa/elements - {"using":"xpath","value":"//button[@data-kt=\"addOverflowToolbarButton\"]"}
RESULT: {"using":"xpath","value":"//button[@data-kt=\"addOverflowToolbarButton\"]"}
COMMAND: POST /session/d119162e921248fd1f7a065fe81fedfa/elements - {"using":"xpath","value":"//button[@data-kt=\"addOverflowToolbarButton\"]"}
RESULT: {"using":"xpath","value":"//button[@data-kt=\"addOverflowToolbarButton\"]"}
COMMAND: POST /session/d119162e921248fd1f7a065fe81fedfa/elements - {"using":"xpath","value":"//button[@data-kt=\"addOverflowToolbarButton\"]"}
RESULT: {"using":"xpath","value":"//button[@data-kt=\"addOverflowToolbarButton\"]"}
COMMAND: POST /session/d119162e921248fd1f7a065fe81fedfa/elements - {"using":"xpath","value":"//button[@data-kt=\"addOverflowToolbarButton\"]"}
RESULT: {"using":"xpath","value":"//button[@data-kt=\"addOverflowToolbarButton\"]"}
COMMAND: POST /session/d119162e921248fd1f7a065fe81fedfa/elements - {"using":"xpath","value":"//button[@data-kt=\"addOverflowToolbarButton\"]"}
RESULT: {"using":"xpath","value":"//button[@data-kt=\"addOverflowToolbarButton\"]"}
COMMAND: POST /session/d119162e921248fd1f7a065fe81fedfa/elements - {"using":"xpath","value":"//button[@data-kt=\"addOverflowToolbarButton\"]"}
RESULT: {"using":"xpath","value":"//button[@data-kt=\"addOverflowToolbarButton\"]"}
COMMAND: POST /session/d119162e921248fd1f7a065fe81fedfa/elements - {"using":"xpath","value":"//button[@data-kt=\"addOverflowToolbarButton\"]"}
RESULT: {"using":"xpath","value":"//button[@data-kt=\"addOverflowToolbarButton\"]"}
COMMAND: POST /session/d119162e921248fd1f7a065fe81fedfa/elements - {"using":"xpath","value":"//button[@data-kt=\"addOverflowToolbarButton\"]"}
RESULT: {"using":"xpath","value":"//button[@data-kt=\"addOverflowToolbarButton\"]"}
COMMAND: POST /session/d119162e921248fd1f7a065fe81fedfa/elements - {"using":"xpath","value":"//button[@data-kt=\"addOverflowToolbarButton\"]"}
RESULT: {"using":"xpath","value":"//button[@data-kt=\"addOverflowToolbarButton\"]"}
COMMAND: POST /session/d119162e921248fd1f7a065fe81fedfa/elements - {"using":"xpath","value":"//button[@data-kt=\"addOverflowToolbarButton\"]"}
RESULT: {"using":"xpath","value":"//button[@data-kt=\"addOverflowToolbarButton\"]"}
COMMAND: POST /session/d119162e921248fd1f7a065fe81fedfa/elements - {"using":"xpath","value":"//button[@data-kt=\"addOverflowToolbarButton\"]"}
RESULT: {"using":"xpath","value":"//button[@data-kt=\"addOverflowToolbarButton\"]"}
COMMAND: POST /session/d119162e921248fd1f7a065fe81fedfa/elements - {"using":"xpath","value":"//button[@data-kt=\"addOverflowToolbarButton\"]"}
RESULT: {"using":"xpath","value":"//button[@data-kt=\"addOverflowToolbarButton\"]"}
COMMAND: POST /session/d119162e921248fd1f7a065fe81fedfa/element - {"using":"xpath","value":"//button[@data-kt=\"addOverflowToolbarButton\"]"}
RESULT: {"using":"xpath","value":"//button[@data-kt=\"addOverflowToolbarButton\"]"}
COMMAND: POST /session/d119162e921248fd1f7a065fe81fedfa/execute/sync - {"script":"<script> [8489 bytes]","args":[{"element-6066-11e4-a52e-4f735466cecf":"f.7D8252E83238221F8080DA22DD8FFCA1.d.EF2A78FB9E38B2029700AC368C82F7BB.e.16158","ELEMENT":"f.7D8252E83238221F8080DA22DD8FFCA1.d.EF2A78FB9E38B2029700AC368C82F7BB.e.16158"}]}
RESULT: {"script":"<script> [8489 bytes]","args":[{"element-6066-11e4-a52e-4f735466cecf":"f.7D8252E83238221F8080DA22DD8FFCA1.d.EF2A78FB9E38B2029700AC368C82F7BB.e.16158","ELEMENT":"f.7D8252E83238221F8080DA22DD8FFCA1.d.EF2A78FB9E38B2029700AC368C82F7BB.e.16158"}]}
COMMAND: GET /session/d119162e921248fd1f7a065fe81fedfa/element/f.7D8252E83238221F8080DA22DD8FFCA1.d.EF2A78FB9E38B2029700AC368C82F7BB.e.16158/enabled - {}
COMMAND: GET /session/d119162e921248fd1f7a065fe81fedfa/screenshot - {}
RESULT: {}
COMMAND: POST /session/d119162e921248fd1f7a065fe81fedfa/execute/sync - {"script":"<script> [8489 bytes]","args":[{"element-6066-11e4-a52e-4f735466cecf":"f.7D8252E83238221F8080DA22DD8FFCA1.d.EF2A78FB9E38B2029700AC368C82F7BB.e.16158","ELEMENT":"f.7D8252E83238221F8080DA22DD8FFCA1.d.EF2A78FB9E38B2029700AC368C82F7BB.e.16158"}]}
COMMAND: GET /session/d119162e921248fd1f7a065fe81fedfa/screenshot - {}
RESULT: {}
RESULT: {"script":"<script> [8489 bytes]","args":[{"element-6066-11e4-a52e-4f735466cecf":"f.7D8252E83238221F8080DA22DD8FFCA1.d.EF2A78FB9E38B2029700AC368C82F7BB.e.16158","ELEMENT":"f.7D8252E83238221F8080DA22DD8FFCA1.d.EF2A78FB9E38B2029700AC368C82F7BB.e.16158"}]}
COMMAND: POST /session/d119162e921248fd1f7a065fe81fedfa/execute/sync - {"script":"<script> [5351 bytes]","args":[{"element-6066-11e4-a52e-4f735466cecf":"f.7D8252E83238221F8080DA22DD8FFCA1.d.EF2A78FB9E38B2029700AC368C82F7BB.e.16158","ELEMENT":"f.7D8252E83238221F8080DA22DD8FFCA1.d.EF2A78FB9E38B2029700AC368C82F7BB.e.16158"}]}
COMMAND: GET /session/d119162e921248fd1f7a065fe81fedfa/screenshot - {}
RESULT: {}
RESULT: {"script":"<script> [5351 bytes]","args":[{"element-6066-11e4-a52e-4f735466cecf":"f.7D8252E83238221F8080DA22DD8FFCA1.d.EF2A78FB9E38B2029700AC368C82F7BB.e.16158","ELEMENT":"f.7D8252E83238221F8080DA22DD8FFCA1.d.EF2A78FB9E38B2029700AC368C82F7BB.e.16158"}]}
COMMAND: POST /session/d119162e921248fd1f7a065fe81fedfa/element/f.7D8252E83238221F8080DA22DD8FFCA1.d.EF2A78FB9E38B2029700AC368C82F7BB.e.16158/click - {}
COMMAND: GET /session/d119162e921248fd1f7a065fe81fedfa/screenshot - {}
RESULT: {}
RESULT: {}
COMMAND: GET /session/d119162e921248fd1f7a065fe81fedfa/screenshot - {}
RESULT: {}
COMMAND: POST /session/d119162e921248fd1f7a065fe81fedfa/execute/async - {"script":"<script> [1562 bytes]","args":[{"selector":{"id":"application-managesites-display-component---NewSite--addressDetailDetailsName1","interaction":{"idSuffix":"inner"}},"wdio_ui5_key":"applicationmanagesites-display-component---NewSite--addressDetailDetailsName1"}]}
RESULT: {}
RESULT: {"script":"<script> [1562 bytes]","args":[{"selector":{"id":"application-managesites-display-component---NewSite--addressDetailDetailsName1","interaction":{"idSuffix":"inner"}},"wdio_ui5_key":"applicationmanagesites-display-component---NewSite--addressDetailDetailsName1"}]}
RESULT: undefined
COMMAND: POST /session/d119162e921248fd1f7a065fe81fedfa/execute/async - {"script":"<script> [776 bytes]","args":[{"enterText":"Intracompany Site wdIO","selector":{"id":"application-managesites-display-component---NewSite--addressDetailDetailsName1","interaction":{"idSuffix":"inner"}},"clearTextFirst":true,"interactionType":"ENTER_TEXT"}]}
RESULT: {"script":"<script> [776 bytes]","args":[{"enterText":"Intracompany Site wdIO","selector":{"id":"application-managesites-display-component---NewSite--addressDetailDetailsName1","interaction":{"idSuffix":"inner"}},"clearTextFirst":true,"interactionType":"ENTER_TEXT"}]}
COMMAND: POST /session/d119162e921248fd1f7a065fe81fedfa/execute/async - {"script":"<script> [1562 bytes]","args":[{"selector":{"id":"application-managesites-display-component---NewSite--addressDetailDetailsLanguage-arrow"},"wdio_ui5_key":"applicationmanagesites-display-component---NewSite--addressDetailDetailsLanguage-arrow"}]}
RESULT: {"script":"<script> [1562 bytes]","args":[{"selector":{"id":"application-managesites-display-component---NewSite--addressDetailDetailsLanguage-arrow"},"wdio_ui5_key":"applicationmanagesites-display-component---NewSite--addressDetailDetailsLanguage-arrow"}]}
RESULT: undefined
COMMAND: POST /session/d119162e921248fd1f7a065fe81fedfa/element - {"using":"xpath","value":"//*[@id=\"application-managesites-display-component---NewSite--addressDetailDetailsLanguage-arrow\"]"}
RESULT: {"using":"xpath","value":"//*[@id=\"application-managesites-display-component---NewSite--addressDetailDetailsLanguage-arrow\"]"}
COMMAND: POST /session/d119162e921248fd1f7a065fe81fedfa/element/f.7D8252E83238221F8080DA22DD8FFCA1.d.EF2A78FB9E38B2029700AC368C82F7BB.e.16552/click - {}
RESULT: {}
COMMAND: POST /session/d119162e921248fd1f7a065fe81fedfa/element - {"using":"xpath","value":"//span[contains(text(), \"English\")]"}
COMMAND: GET /session/d119162e921248fd1f7a065fe81fedfa/screenshot - {}
RESULT: {"using":"xpath","value":"//span[contains(text(), \"English\")]"}
COMMAND: POST /session/d119162e921248fd1f7a065fe81fedfa/element/f.7D8252E83238221F8080DA22DD8FFCA1.d.EF2A78FB9E38B2029700AC368C82F7BB.e.16553/click - {}
RESULT: {}
RESULT: {}
COMMAND: POST /session/d119162e921248fd1f7a065fe81fedfa/execute/async - {"script":"<script> [1562 bytes]","args":[{"selector":{"id":"application-managesites-display-component---NewSite--addressDetailDetailsCity1","interaction":{"idSuffix":"inner"}},"wdio_ui5_key":"applicationmanagesites-display-component---NewSite--addressDetailDetailsCity1"}]}
COMMAND: GET /session/d119162e921248fd1f7a065fe81fedfa/screenshot - {}
RESULT: {"script":"<script> [1562 bytes]","args":[{"selector":{"id":"application-managesites-display-component---NewSite--addressDetailDetailsCity1","interaction":{"idSuffix":"inner"}},"wdio_ui5_key":"applicationmanagesites-display-component---NewSite--addressDetailDetailsCity1"}]}
RESULT: undefined
COMMAND: POST /session/d119162e921248fd1f7a065fe81fedfa/execute/async - {"script":"<script> [776 bytes]","args":[{"enterText":"Rosario","selector":{"id":"application-managesites-display-component---NewSite--addressDetailDetailsCity1","interaction":{"idSuffix":"inner"}},"clearTextFirst":true,"interactionType":"ENTER_TEXT"}]}
RESULT: {}
RESULT: {"script":"<script> [776 bytes]","args":[{"enterText":"Rosario","selector":{"id":"application-managesites-display-component---NewSite--addressDetailDetailsCity1","interaction":{"idSuffix":"inner"}},"clearTextFirst":true,"interactionType":"ENTER_TEXT"}]}
COMMAND: POST /session/d119162e921248fd1f7a065fe81fedfa/execute/async - {"script":"<script> [1562 bytes]","args":[{"selector":{"id":"application-managesites-display-component---NewSite--addressDetailDetailsCountry-arrow"},"wdio_ui5_key":"applicationmanagesites-display-component---NewSite--addressDetailDetailsCountry-arrow"}]}
RESULT: {"script":"<script> [1562 bytes]","args":[{"selector":{"id":"application-managesites-display-component---NewSite--addressDetailDetailsCountry-arrow"},"wdio_ui5_key":"applicationmanagesites-display-component---NewSite--addressDetailDetailsCountry-arrow"}]}
RESULT: undefined
COMMAND: POST /session/d119162e921248fd1f7a065fe81fedfa/element - {"using":"xpath","value":"//*[@id=\"application-managesites-display-component---NewSite--addressDetailDetailsCountry-arrow\"]"}
RESULT: {"using":"xpath","value":"//*[@id=\"application-managesites-display-component---NewSite--addressDetailDetailsCountry-arrow\"]"}
COMMAND: POST /session/d119162e921248fd1f7a065fe81fedfa/element/f.7D8252E83238221F8080DA22DD8FFCA1.d.EF2A78FB9E38B2029700AC368C82F7BB.e.16555/click - {}
RESULT: {}
COMMAND: POST /session/d119162e921248fd1f7a065fe81fedfa/element - {"using":"xpath","value":"//span[contains(text(), \"Argentina\")]"}
COMMAND: GET /session/d119162e921248fd1f7a065fe81fedfa/screenshot - {}
RESULT: {"using":"xpath","value":"//span[contains(text(), \"Argentina\")]"}
COMMAND: POST /session/d119162e921248fd1f7a065fe81fedfa/element/f.7D8252E83238221F8080DA22DD8FFCA1.d.EF2A78FB9E38B2029700AC368C82F7BB.e.16556/click - {}
RESULT: {}
RESULT: {}
COMMAND: GET /session/d119162e921248fd1f7a065fe81fedfa/screenshot - {}
RESULT: {}
COMMAND: POST /session/d119162e921248fd1f7a065fe81fedfa/execute/async - {"script":"<script> [1562 bytes]","args":[{"selector":{"id":"application-managesites-display-component---NewSite--addressEditDetailsCostObjectCstType-arrow"},"wdio_ui5_key":"applicationmanagesites-display-component---NewSite--addressEditDetailsCostObjectCstType-arrow"}]}
RESULT: {"script":"<script> [1562 bytes]","args":[{"selector":{"id":"application-managesites-display-component---NewSite--addressEditDetailsCostObjectCstType-arrow"},"wdio_ui5_key":"applicationmanagesites-display-component---NewSite--addressEditDetailsCostObjectCstType-arrow"}]}
RESULT: undefined
COMMAND: POST /session/d119162e921248fd1f7a065fe81fedfa/element - {"using":"xpath","value":"//*[@id=\"application-managesites-display-component---NewSite--addressEditDetailsCostObjectCstType-arrow\"]"}
RESULT: {"using":"xpath","value":"//*[@id=\"application-managesites-display-component---NewSite--addressEditDetailsCostObjectCstType-arrow\"]"}
COMMAND: POST /session/d119162e921248fd1f7a065fe81fedfa/element/f.7D8252E83238221F8080DA22DD8FFCA1.d.EF2A78FB9E38B2029700AC368C82F7BB.e.16558/click - {}
RESULT: {}
COMMAND: POST /session/d119162e921248fd1f7a065fe81fedfa/element - {"using":"xpath","value":"//span[contains(text(), \"Cost Center\")]"}
COMMAND: GET /session/d119162e921248fd1f7a065fe81fedfa/screenshot - {}
RESULT: {"using":"xpath","value":"//span[contains(text(), \"Cost Center\")]"}
COMMAND: POST /session/d119162e921248fd1f7a065fe81fedfa/element/f.7D8252E83238221F8080DA22DD8FFCA1.d.EF2A78FB9E38B2029700AC368C82F7BB.e.16559/click - {}
RESULT: {}
RESULT: {}
COMMAND: GET /session/d119162e921248fd1f7a065fe81fedfa/screenshot - {}
RESULT: {}
COMMAND: POST /session/d119162e921248fd1f7a065fe81fedfa/element - {"using":"xpath","value":"//span[@id=\"application-managesites-display-component---NewSite--addressNewCostObjectCstID-vhi\"]"}
RESULT: {"using":"xpath","value":"//span[@id=\"application-managesites-display-component---NewSite--addressNewCostObjectCstID-vhi\"]"}
COMMAND: POST /session/d119162e921248fd1f7a065fe81fedfa/execute/sync - {"script":"<script> [8489 bytes]","args":[{"element-6066-11e4-a52e-4f735466cecf":"f.7D8252E83238221F8080DA22DD8FFCA1.d.EF2A78FB9E38B2029700AC368C82F7BB.e.16564","ELEMENT":"f.7D8252E83238221F8080DA22DD8FFCA1.d.EF2A78FB9E38B2029700AC368C82F7BB.e.16564"}]}
RESULT: {"script":"<script> [8489 bytes]","args":[{"element-6066-11e4-a52e-4f735466cecf":"f.7D8252E83238221F8080DA22DD8FFCA1.d.EF2A78FB9E38B2029700AC368C82F7BB.e.16564","ELEMENT":"f.7D8252E83238221F8080DA22DD8FFCA1.d.EF2A78FB9E38B2029700AC368C82F7BB.e.16564"}]}
COMMAND: POST /session/d119162e921248fd1f7a065fe81fedfa/execute/async - {"script":"<script> [1562 bytes]","args":[{"selector":{"id":"application-managesites-display-component---NewSite--addressNewCostObjectCstID-vhi"},"wdio_ui5_key":"applicationmanagesites-display-component---NewSite--addressNewCostObjectCstID-vhi"}]}
COMMAND: GET /session/d119162e921248fd1f7a065fe81fedfa/screenshot - {}
RESULT: {"script":"<script> [1562 bytes]","args":[{"selector":{"id":"application-managesites-display-component---NewSite--addressNewCostObjectCstID-vhi"},"wdio_ui5_key":"applicationmanagesites-display-component---NewSite--addressNewCostObjectCstID-vhi"}]}
RESULT: undefined
COMMAND: POST /session/d119162e921248fd1f7a065fe81fedfa/element - {"using":"xpath","value":"//*[@id=\"application-managesites-display-component---NewSite--addressNewCostObjectCstID-vhi\"]"}
RESULT: {}
RESULT: {"using":"xpath","value":"//*[@id=\"application-managesites-display-component---NewSite--addressNewCostObjectCstID-vhi\"]"}
COMMAND: POST /session/d119162e921248fd1f7a065fe81fedfa/element/f.7D8252E83238221F8080DA22DD8FFCA1.d.EF2A78FB9E38B2029700AC368C82F7BB.e.16564/click - {}
RESULT: {}
COMMAND: GET /session/d119162e921248fd1f7a065fe81fedfa/screenshot - {}
RESULT: {}
COMMAND: POST /session/d119162e921248fd1f7a065fe81fedfa/execute/async - {"script":"<script> [1562 bytes]","args":[{"selector":{"controlType":"sap.m.SearchField","properties":{"placeholder":"Search"},"searchOpenDialogs":true,"interaction":{"idSuffix":"I"}},"wdio_ui5_key":"sapm.SearchField{\"placeholder\":\"Search\"}"}]}
RESULT: {"script":"<script> [1562 bytes]","args":[{"selector":{"controlType":"sap.m.SearchField","properties":{"placeholder":"Search"},"searchOpenDialogs":true,"interaction":{"idSuffix":"I"}},"wdio_ui5_key":"sapm.SearchField{\"placeholder\":\"Search\"}"}]}
RESULT: undefined
COMMAND: POST /session/d119162e921248fd1f7a065fe81fedfa/execute/async - {"script":"<script> [776 bytes]","args":[{"enterText":"10001013","selector":{"controlType":"sap.m.SearchField","properties":{"placeholder":"Search"},"searchOpenDialogs":true,"interaction":{"idSuffix":"I"}},"clearTextFirst":true,"interactionType":"ENTER_TEXT"}]}
RESULT: {"script":"<script> [776 bytes]","args":[{"enterText":"10001013","selector":{"controlType":"sap.m.SearchField","properties":{"placeholder":"Search"},"searchOpenDialogs":true,"interaction":{"idSuffix":"I"}},"clearTextFirst":true,"interactionType":"ENTER_TEXT"}]}
COMMAND: POST /session/d119162e921248fd1f7a065fe81fedfa/actions - {"actions":[{"id":"action55","type":"key","parameters":{},"actions":[{"type":"keyDown","value":"î€‡"},{"type":"pause","duration":10},{"type":"keyUp","value":"î€‡"}]}]}
RESULT: {"actions":[{"id":"action55","type":"key","parameters":{},"actions":[{"type":"keyDown","value":"î€‡"},{"type":"pause","duration":10},{"type":"keyUp","value":"î€‡"}]}]}
COMMAND: GET /session/d119162e921248fd1f7a065fe81fedfa/screenshot - {}
RESULT: {}
COMMAND: POST /session/d119162e921248fd1f7a065fe81fedfa/element - {"using":"xpath","value":"//span[contains(text(), \"General Management\")]"}
RESULT: {"using":"xpath","value":"//span[contains(text(), \"General Management\")]"}
COMMAND: POST /session/d119162e921248fd1f7a065fe81fedfa/element/f.7D8252E83238221F8080DA22DD8FFCA1.d.EF2A78FB9E38B2029700AC368C82F7BB.e.16605/click - {}
RESULT: {}
COMMAND: GET /session/d119162e921248fd1f7a065fe81fedfa/screenshot - {}
RESULT: {}
COMMAND: POST /session/d119162e921248fd1f7a065fe81fedfa/element - {"using":"xpath","value":"//bdi[contains(text(), \"OK\")]"}
RESULT: {"using":"xpath","value":"//bdi[contains(text(), \"OK\")]"}
COMMAND: POST /session/d119162e921248fd1f7a065fe81fedfa/element/f.7D8252E83238221F8080DA22DD8FFCA1.d.EF2A78FB9E38B2029700AC368C82F7BB.e.16606/click - {}
RESULT: {}
COMMAND: GET /session/d119162e921248fd1f7a065fe81fedfa/screenshot - {}
RESULT: {}
COMMAND: POST /session/d119162e921248fd1f7a065fe81fedfa/element - {"using":"xpath","value":"//input[@id=\"application-managesites-display-component---NewSite--addressDetailDetailsCalendar-inner\"]"}
RESULT: {"using":"xpath","value":"//input[@id=\"application-managesites-display-component---NewSite--addressDetailDetailsCalendar-inner\"]"}
COMMAND: POST /session/d119162e921248fd1f7a065fe81fedfa/element/f.7D8252E83238221F8080DA22DD8FFCA1.d.EF2A78FB9E38B2029700AC368C82F7BB.e.16343/clear - {}
RESULT: {}
COMMAND: POST /session/d119162e921248fd1f7a065fe81fedfa/element/f.7D8252E83238221F8080DA22DD8FFCA1.d.EF2A78FB9E38B2029700AC368C82F7BB.e.16343/value - {"text":"Unit"}
COMMAND: GET /session/d119162e921248fd1f7a065fe81fedfa/screenshot - {}
RESULT: {"text":"Unit"}
COMMAND: GET /session/d119162e921248fd1f7a065fe81fedfa/screenshot - {}
RESULT: {}
RESULT: {}
COMMAND: POST /session/d119162e921248fd1f7a065fe81fedfa/actions - {"actions":[{"id":"action56","type":"key","parameters":{},"actions":[{"type":"keyDown","value":"î€‡"},{"type":"pause","duration":10},{"type":"keyUp","value":"î€‡"}]}]}
RESULT: {"actions":[{"id":"action56","type":"key","parameters":{},"actions":[{"type":"keyDown","value":"î€‡"},{"type":"pause","duration":10},{"type":"keyUp","value":"î€‡"}]}]}
COMMAND: POST /session/d119162e921248fd1f7a065fe81fedfa/element - {"using":"xpath","value":"//input[@id=\"application-managesites-display-component---NewSite--addressDetailDetailsYard-inner\"]"}
COMMAND: GET /session/d119162e921248fd1f7a065fe81fedfa/screenshot - {}
RESULT: {"using":"xpath","value":"//input[@id=\"application-managesites-display-component---NewSite--addressDetailDetailsYard-inner\"]"}
COMMAND: POST /session/d119162e921248fd1f7a065fe81fedfa/element/f.7D8252E83238221F8080DA22DD8FFCA1.d.EF2A78FB9E38B2029700AC368C82F7BB.e.16344/clear - {}
RESULT: {}
RESULT: {}
COMMAND: POST /session/d119162e921248fd1f7a065fe81fedfa/element/f.7D8252E83238221F8080DA22DD8FFCA1.d.EF2A78FB9E38B2029700AC368C82F7BB.e.16344/value - {"text":"559"}
COMMAND: GET /session/d119162e921248fd1f7a065fe81fedfa/screenshot - {}
RESULT: {"text":"559"}
COMMAND: GET /session/d119162e921248fd1f7a065fe81fedfa/screenshot - {}
RESULT: {}
RESULT: {}
COMMAND: POST /session/d119162e921248fd1f7a065fe81fedfa/element - {"using":"xpath","value":"//li[.//span[text()='559']]"}
RESULT: {"using":"xpath","value":"//li[.//span[text()='559']]"}
COMMAND: POST /session/d119162e921248fd1f7a065fe81fedfa/element/f.7D8252E83238221F8080DA22DD8FFCA1.d.EF2A78FB9E38B2029700AC368C82F7BB.e.16614/click - {}
RESULT: {}
COMMAND: GET /session/d119162e921248fd1f7a065fe81fedfa/screenshot - {}
RESULT: {}
COMMAND: POST /session/d119162e921248fd1f7a065fe81fedfa/element - {"using":"xpath","value":"//input[@id=\"application-managesites-display-component---NewSite--addressDetailDetailsPartner-inner\"]"}
RESULT: {"using":"xpath","value":"//input[@id=\"application-managesites-display-component---NewSite--addressDetailDetailsPartner-inner\"]"}
COMMAND: POST /session/d119162e921248fd1f7a065fe81fedfa/element - {"using":"xpath","value":"//input[@id=\"application-managesites-display-component---NewSite--addressDetailDetailsPartner-inner\"]"}
RESULT: {"using":"xpath","value":"//input[@id=\"application-managesites-display-component---NewSite--addressDetailDetailsPartner-inner\"]"}
COMMAND: POST /session/d119162e921248fd1f7a065fe81fedfa/element - {"using":"xpath","value":"//button[@data-kt=\"saveButton\"]"}
RESULT: {"using":"xpath","value":"//button[@data-kt=\"saveButton\"]"}
COMMAND: POST /session/d119162e921248fd1f7a065fe81fedfa/element/f.7D8252E83238221F8080DA22DD8FFCA1.d.EF2A78FB9E38B2029700AC368C82F7BB.e.16505/click - {}
RESULT: {}
COMMAND: GET /session/d119162e921248fd1f7a065fe81fedfa/screenshot - {}
RESULT: {}
COMMAND: POST /session/d119162e921248fd1f7a065fe81fedfa/element - {"using":"xpath","value":"//header[contains(@id, 'ObjectPageLayout-headerTitle')]/div[1]/div[2]/div[2]/span[1]"}
RESULT: {"using":"xpath","value":"//header[contains(@id, 'ObjectPageLayout-headerTitle')]/div[1]/div[2]/div[2]/span[1]"}
COMMAND: POST /session/d119162e921248fd1f7a065fe81fedfa/elements - {"using":"xpath","value":"//header[contains(@id, 'ObjectPageLayout-headerTitle')]/div[1]/div[2]/div[2]/span[1]"}
RESULT: {"using":"xpath","value":"//header[contains(@id, 'ObjectPageLayout-headerTitle')]/div[1]/div[2]/div[2]/span[1]"}
COMMAND: POST /session/d119162e921248fd1f7a065fe81fedfa/execute/sync - {"script":"<script> [56 bytes]","args":[{"element-6066-11e4-a52e-4f735466cecf":"f.7D8252E83238221F8080DA22DD8FFCA1.d.EF2A78FB9E38B2029700AC368C82F7BB.e.16825","ELEMENT":"f.7D8252E83238221F8080DA22DD8FFCA1.d.EF2A78FB9E38B2029700AC368C82F7BB.e.16825"}]}
RESULT: {"script":"<script> [56 bytes]","args":[{"element-6066-11e4-a52e-4f735466cecf":"f.7D8252E83238221F8080DA22DD8FFCA1.d.EF2A78FB9E38B2029700AC368C82F7BB.e.16825","ELEMENT":"f.7D8252E83238221F8080DA22DD8FFCA1.d.EF2A78FB9E38B2029700AC368C82F7BB.e.16825"}]}
COMMAND: POST /session/d119162e921248fd1f7a065fe81fedfa/element - {"using":"css selector","value":"#shell-header-logo"}
COMMAND: GET /session/d119162e921248fd1f7a065fe81fedfa/screenshot - {}
RESULT: {"using":"css selector","value":"#shell-header-logo"}
COMMAND: POST /session/d119162e921248fd1f7a065fe81fedfa/element/f.7D8252E83238221F8080DA22DD8FFCA1.d.EF2A78FB9E38B2029700AC368C82F7BB.e.16113/click - {}
RESULT: {}
RESULT: {}
COMMAND: GET /session/d119162e921248fd1f7a065fe81fedfa/screenshot - {}
RESULT: {}
COMMAND: POST /session/d119162e921248fd1f7a065fe81fedfa/execute/sync - {"script":"<script> [299 bytes]","args":[["getModel","getResource"]]}
RESULT: {"script":"<script> [299 bytes]","args":[["getModel","getResource"]]}
]]></system-out>
    </testcase>
    <testcase classname="chrome.135_0_7049_96.windows.Billing_Calculation_-_Time_based_(considering_transport_times)_US139738" name="Should create the equipment" time="119.069">
      <system-out><![CDATA[
COMMAND: GET /session/d119162e921248fd1f7a065fe81fedfa/screenshot - {}
COMMAND: POST /session/d119162e921248fd1f7a065fe81fedfa/execute/async - {"script":"<script> [1562 bytes]","args":[{"selector":{"controlType":"sap.m.GenericTile","properties":{"header":"Manage Resources"}},"wdio_ui5_key":"sapm.GenericTile{\"header\":\"Manage Resources\"}"}]}
RESULT: {}
RESULT: {"script":"<script> [1562 bytes]","args":[{"selector":{"controlType":"sap.m.GenericTile","properties":{"header":"Manage Resources"}},"wdio_ui5_key":"sapm.GenericTile{\"header\":\"Manage Resources\"}"}]}
RESULT: undefined
COMMAND: POST /session/d119162e921248fd1f7a065fe81fedfa/element - {"using":"xpath","value":"//*[@id=\"__tile39\"]"}
RESULT: {"using":"xpath","value":"//*[@id=\"__tile39\"]"}
COMMAND: POST /session/d119162e921248fd1f7a065fe81fedfa/element/f.7D8252E83238221F8080DA22DD8FFCA1.d.EF2A78FB9E38B2029700AC368C82F7BB.e.16012/click - {}
RESULT: {}
COMMAND: POST /session/d119162e921248fd1f7a065fe81fedfa/element - {"using":"xpath","value":"//button[@data-kt=\"addNewRUOverflowToolbarButton\"]"}
COMMAND: GET /session/d119162e921248fd1f7a065fe81fedfa/screenshot - {}
RESULT: {"using":"xpath","value":"//button[@data-kt=\"addNewRUOverflowToolbarButton\"]"}
COMMAND: POST /session/d119162e921248fd1f7a065fe81fedfa/elements - {"using":"xpath","value":"//button[@data-kt=\"addNewRUOverflowToolbarButton\"]"}
RESULT: {}
RESULT: {"using":"xpath","value":"//button[@data-kt=\"addNewRUOverflowToolbarButton\"]"}
COMMAND: POST /session/d119162e921248fd1f7a065fe81fedfa/elements - {"using":"xpath","value":"//button[@data-kt=\"addNewRUOverflowToolbarButton\"]"}
RESULT: {"using":"xpath","value":"//button[@data-kt=\"addNewRUOverflowToolbarButton\"]"}
COMMAND: POST /session/d119162e921248fd1f7a065fe81fedfa/elements - {"using":"xpath","value":"//button[@data-kt=\"addNewRUOverflowToolbarButton\"]"}
RESULT: {"using":"xpath","value":"//button[@data-kt=\"addNewRUOverflowToolbarButton\"]"}
COMMAND: POST /session/d119162e921248fd1f7a065fe81fedfa/elements - {"using":"xpath","value":"//button[@data-kt=\"addNewRUOverflowToolbarButton\"]"}
RESULT: {"using":"xpath","value":"//button[@data-kt=\"addNewRUOverflowToolbarButton\"]"}
COMMAND: POST /session/d119162e921248fd1f7a065fe81fedfa/elements - {"using":"xpath","value":"//button[@data-kt=\"addNewRUOverflowToolbarButton\"]"}
RESULT: {"using":"xpath","value":"//button[@data-kt=\"addNewRUOverflowToolbarButton\"]"}
COMMAND: POST /session/d119162e921248fd1f7a065fe81fedfa/elements - {"using":"xpath","value":"//button[@data-kt=\"addNewRUOverflowToolbarButton\"]"}
RESULT: {"using":"xpath","value":"//button[@data-kt=\"addNewRUOverflowToolbarButton\"]"}
COMMAND: POST /session/d119162e921248fd1f7a065fe81fedfa/elements - {"using":"xpath","value":"//button[@data-kt=\"addNewRUOverflowToolbarButton\"]"}
RESULT: {"using":"xpath","value":"//button[@data-kt=\"addNewRUOverflowToolbarButton\"]"}
COMMAND: POST /session/d119162e921248fd1f7a065fe81fedfa/elements - {"using":"xpath","value":"//button[@data-kt=\"addNewRUOverflowToolbarButton\"]"}
RESULT: {"using":"xpath","value":"//button[@data-kt=\"addNewRUOverflowToolbarButton\"]"}
COMMAND: POST /session/d119162e921248fd1f7a065fe81fedfa/elements - {"using":"xpath","value":"//button[@data-kt=\"addNewRUOverflowToolbarButton\"]"}
RESULT: {"using":"xpath","value":"//button[@data-kt=\"addNewRUOverflowToolbarButton\"]"}
COMMAND: POST /session/d119162e921248fd1f7a065fe81fedfa/elements - {"using":"xpath","value":"//button[@data-kt=\"addNewRUOverflowToolbarButton\"]"}
RESULT: {"using":"xpath","value":"//button[@data-kt=\"addNewRUOverflowToolbarButton\"]"}
COMMAND: POST /session/d119162e921248fd1f7a065fe81fedfa/elements - {"using":"xpath","value":"//button[@data-kt=\"addNewRUOverflowToolbarButton\"]"}
RESULT: {"using":"xpath","value":"//button[@data-kt=\"addNewRUOverflowToolbarButton\"]"}
COMMAND: POST /session/d119162e921248fd1f7a065fe81fedfa/elements - {"using":"xpath","value":"//button[@data-kt=\"addNewRUOverflowToolbarButton\"]"}
RESULT: {"using":"xpath","value":"//button[@data-kt=\"addNewRUOverflowToolbarButton\"]"}
COMMAND: POST /session/d119162e921248fd1f7a065fe81fedfa/elements - {"using":"xpath","value":"//button[@data-kt=\"addNewRUOverflowToolbarButton\"]"}
RESULT: {"using":"xpath","value":"//button[@data-kt=\"addNewRUOverflowToolbarButton\"]"}
COMMAND: POST /session/d119162e921248fd1f7a065fe81fedfa/elements - {"using":"xpath","value":"//button[@data-kt=\"addNewRUOverflowToolbarButton\"]"}
RESULT: {"using":"xpath","value":"//button[@data-kt=\"addNewRUOverflowToolbarButton\"]"}
COMMAND: POST /session/d119162e921248fd1f7a065fe81fedfa/element - {"using":"xpath","value":"//button[@data-kt=\"addNewRUOverflowToolbarButton\"]"}
RESULT: {"using":"xpath","value":"//button[@data-kt=\"addNewRUOverflowToolbarButton\"]"}
COMMAND: POST /session/d119162e921248fd1f7a065fe81fedfa/execute/sync - {"script":"<script> [8489 bytes]","args":[{"element-6066-11e4-a52e-4f735466cecf":"f.7D8252E83238221F8080DA22DD8FFCA1.d.EF2A78FB9E38B2029700AC368C82F7BB.e.16856","ELEMENT":"f.7D8252E83238221F8080DA22DD8FFCA1.d.EF2A78FB9E38B2029700AC368C82F7BB.e.16856"}]}
RESULT: {"script":"<script> [8489 bytes]","args":[{"element-6066-11e4-a52e-4f735466cecf":"f.7D8252E83238221F8080DA22DD8FFCA1.d.EF2A78FB9E38B2029700AC368C82F7BB.e.16856","ELEMENT":"f.7D8252E83238221F8080DA22DD8FFCA1.d.EF2A78FB9E38B2029700AC368C82F7BB.e.16856"}]}
COMMAND: GET /session/d119162e921248fd1f7a065fe81fedfa/element/f.7D8252E83238221F8080DA22DD8FFCA1.d.EF2A78FB9E38B2029700AC368C82F7BB.e.16856/enabled - {}
COMMAND: GET /session/d119162e921248fd1f7a065fe81fedfa/screenshot - {}
RESULT: {}
COMMAND: POST /session/d119162e921248fd1f7a065fe81fedfa/execute/sync - {"script":"<script> [8489 bytes]","args":[{"element-6066-11e4-a52e-4f735466cecf":"f.7D8252E83238221F8080DA22DD8FFCA1.d.EF2A78FB9E38B2029700AC368C82F7BB.e.16856","ELEMENT":"f.7D8252E83238221F8080DA22DD8FFCA1.d.EF2A78FB9E38B2029700AC368C82F7BB.e.16856"}]}
COMMAND: GET /session/d119162e921248fd1f7a065fe81fedfa/screenshot - {}
RESULT: {}
RESULT: {"script":"<script> [8489 bytes]","args":[{"element-6066-11e4-a52e-4f735466cecf":"f.7D8252E83238221F8080DA22DD8FFCA1.d.EF2A78FB9E38B2029700AC368C82F7BB.e.16856","ELEMENT":"f.7D8252E83238221F8080DA22DD8FFCA1.d.EF2A78FB9E38B2029700AC368C82F7BB.e.16856"}]}
COMMAND: POST /session/d119162e921248fd1f7a065fe81fedfa/execute/sync - {"script":"<script> [5351 bytes]","args":[{"element-6066-11e4-a52e-4f735466cecf":"f.7D8252E83238221F8080DA22DD8FFCA1.d.EF2A78FB9E38B2029700AC368C82F7BB.e.16856","ELEMENT":"f.7D8252E83238221F8080DA22DD8FFCA1.d.EF2A78FB9E38B2029700AC368C82F7BB.e.16856"}]}
COMMAND: GET /session/d119162e921248fd1f7a065fe81fedfa/screenshot - {}
RESULT: {}
RESULT: {"script":"<script> [5351 bytes]","args":[{"element-6066-11e4-a52e-4f735466cecf":"f.7D8252E83238221F8080DA22DD8FFCA1.d.EF2A78FB9E38B2029700AC368C82F7BB.e.16856","ELEMENT":"f.7D8252E83238221F8080DA22DD8FFCA1.d.EF2A78FB9E38B2029700AC368C82F7BB.e.16856"}]}
COMMAND: POST /session/d119162e921248fd1f7a065fe81fedfa/element/f.7D8252E83238221F8080DA22DD8FFCA1.d.EF2A78FB9E38B2029700AC368C82F7BB.e.16856/click - {}
COMMAND: GET /session/d119162e921248fd1f7a065fe81fedfa/screenshot - {}
RESULT: {}
RESULT: {}
COMMAND: GET /session/d119162e921248fd1f7a065fe81fedfa/screenshot - {}
RESULT: {}
RESULT: {}
COMMAND: POST /session/d119162e921248fd1f7a065fe81fedfa/execute/async - {"script":"<script> [1562 bytes]","args":[{"selector":{"id":"application-manageresources-display-component---newResourceUnit--TYPE-arrow"},"wdio_ui5_key":"applicationmanageresources-display-component---newResourceUnit--TYPE-arrow"}]}
RESULT: {"script":"<script> [1562 bytes]","args":[{"selector":{"id":"application-manageresources-display-component---newResourceUnit--TYPE-arrow"},"wdio_ui5_key":"applicationmanageresources-display-component---newResourceUnit--TYPE-arrow"}]}
RESULT: undefined
COMMAND: POST /session/d119162e921248fd1f7a065fe81fedfa/element - {"using":"xpath","value":"//*[@id=\"application-manageresources-display-component---newResourceUnit--TYPE-arrow\"]"}
RESULT: {"using":"xpath","value":"//*[@id=\"application-manageresources-display-component---newResourceUnit--TYPE-arrow\"]"}
COMMAND: POST /session/d119162e921248fd1f7a065fe81fedfa/element/f.7D8252E83238221F8080DA22DD8FFCA1.d.EF2A78FB9E38B2029700AC368C82F7BB.e.17222/click - {}
RESULT: {}
COMMAND: POST /session/d119162e921248fd1f7a065fe81fedfa/element - {"using":"xpath","value":"//input[@id=\"application-manageresources-display-component---newResourceUnit--TYPE-inner\"]"}
COMMAND: GET /session/d119162e921248fd1f7a065fe81fedfa/screenshot - {}
RESULT: {"using":"xpath","value":"//input[@id=\"application-manageresources-display-component---newResourceUnit--TYPE-inner\"]"}
COMMAND: POST /session/d119162e921248fd1f7a065fe81fedfa/element/f.7D8252E83238221F8080DA22DD8FFCA1.d.EF2A78FB9E38B2029700AC368C82F7BB.e.17204/clear - {}
RESULT: {}
RESULT: {}
COMMAND: POST /session/d119162e921248fd1f7a065fe81fedfa/element/f.7D8252E83238221F8080DA22DD8FFCA1.d.EF2A78FB9E38B2029700AC368C82F7BB.e.17204/value - {"text":"Equipment"}
COMMAND: GET /session/d119162e921248fd1f7a065fe81fedfa/screenshot - {}
RESULT: {"text":"Equipment"}
COMMAND: GET /session/d119162e921248fd1f7a065fe81fedfa/screenshot - {}
RESULT: {}
RESULT: {}
COMMAND: POST /session/d119162e921248fd1f7a065fe81fedfa/actions - {"actions":[{"id":"action57","type":"key","parameters":{},"actions":[{"type":"keyDown","value":"î€‡"},{"type":"pause","duration":10},{"type":"keyUp","value":"î€‡"}]}]}
RESULT: {"actions":[{"id":"action57","type":"key","parameters":{},"actions":[{"type":"keyDown","value":"î€‡"},{"type":"pause","duration":10},{"type":"keyUp","value":"î€‡"}]}]}
COMMAND: POST /session/d119162e921248fd1f7a065fe81fedfa/execute/async - {"script":"<script> [1562 bytes]","args":[{"selector":{"id":"application-manageresources-display-component---newResourceUnit--resourceId","interaction":{"idSuffix":"inner"}},"wdio_ui5_key":"applicationmanageresources-display-component---newResourceUnit--resourceId"}]}
COMMAND: GET /session/d119162e921248fd1f7a065fe81fedfa/screenshot - {}
RESULT: {"script":"<script> [1562 bytes]","args":[{"selector":{"id":"application-manageresources-display-component---newResourceUnit--resourceId","interaction":{"idSuffix":"inner"}},"wdio_ui5_key":"applicationmanageresources-display-component---newResourceUnit--resourceId"}]}
RESULT: undefined
COMMAND: POST /session/d119162e921248fd1f7a065fe81fedfa/execute/async - {"script":"<script> [776 bytes]","args":[{"enterText":"FN0n2yWRNE","selector":{"id":"application-manageresources-display-component---newResourceUnit--resourceId","interaction":{"idSuffix":"inner"}},"clearTextFirst":true,"interactionType":"ENTER_TEXT"}]}
RESULT: {}
RESULT: {"script":"<script> [776 bytes]","args":[{"enterText":"FN0n2yWRNE","selector":{"id":"application-manageresources-display-component---newResourceUnit--resourceId","interaction":{"idSuffix":"inner"}},"clearTextFirst":true,"interactionType":"ENTER_TEXT"}]}
COMMAND: POST /session/d119162e921248fd1f7a065fe81fedfa/execute/async - {"script":"<script> [1562 bytes]","args":[{"selector":{"id":"application-manageresources-display-component---newResourceUnit--SHORT_TEXT","interaction":{"idSuffix":"inner"}},"wdio_ui5_key":"applicationmanageresources-display-component---newResourceUnit--SHORT_TEXT"}]}
RESULT: {"script":"<script> [1562 bytes]","args":[{"selector":{"id":"application-manageresources-display-component---newResourceUnit--SHORT_TEXT","interaction":{"idSuffix":"inner"}},"wdio_ui5_key":"applicationmanageresources-display-component---newResourceUnit--SHORT_TEXT"}]}
RESULT: undefined
COMMAND: POST /session/d119162e921248fd1f7a065fe81fedfa/execute/async - {"script":"<script> [776 bytes]","args":[{"enterText":"Intercompany Equipment WDIO","selector":{"id":"application-manageresources-display-component---newResourceUnit--SHORT_TEXT","interaction":{"idSuffix":"inner"}},"clearTextFirst":true,"interactionType":"ENTER_TEXT"}]}
RESULT: {"script":"<script> [776 bytes]","args":[{"enterText":"Intercompany Equipment WDIO","selector":{"id":"application-manageresources-display-component---newResourceUnit--SHORT_TEXT","interaction":{"idSuffix":"inner"}},"clearTextFirst":true,"interactionType":"ENTER_TEXT"}]}
COMMAND: POST /session/d119162e921248fd1f7a065fe81fedfa/execute/async - {"script":"<script> [1562 bytes]","args":[{"selector":{"id":"application-manageresources-display-component---newResourceUnit--BASE_UNIT_OF_MEASURE","interaction":{"idSuffix":"inner"}},"wdio_ui5_key":"applicationmanageresources-display-component---newResourceUnit--BASE_UNIT_OF_MEASURE"}]}
RESULT: {"script":"<script> [1562 bytes]","args":[{"selector":{"id":"application-manageresources-display-component---newResourceUnit--BASE_UNIT_OF_MEASURE","interaction":{"idSuffix":"inner"}},"wdio_ui5_key":"applicationmanageresources-display-component---newResourceUnit--BASE_UNIT_OF_MEASURE"}]}
RESULT: undefined
COMMAND: POST /session/d119162e921248fd1f7a065fe81fedfa/execute/async - {"script":"<script> [776 bytes]","args":[{"enterText":"Piece","selector":{"id":"application-manageresources-display-component---newResourceUnit--BASE_UNIT_OF_MEASURE","interaction":{"idSuffix":"inner"}},"clearTextFirst":true,"interactionType":"ENTER_TEXT"}]}
RESULT: {"script":"<script> [776 bytes]","args":[{"enterText":"Piece","selector":{"id":"application-manageresources-display-component---newResourceUnit--BASE_UNIT_OF_MEASURE","interaction":{"idSuffix":"inner"}},"clearTextFirst":true,"interactionType":"ENTER_TEXT"}]}
COMMAND: POST /session/d119162e921248fd1f7a065fe81fedfa/execute/async - {"script":"<script> [1562 bytes]","args":[{"selector":{"id":"application-manageresources-display-component---newResourceUnit--WEIGHT_UNIT","interaction":{"idSuffix":"inner"}},"wdio_ui5_key":"applicationmanageresources-display-component---newResourceUnit--WEIGHT_UNIT"}]}
RESULT: {"script":"<script> [1562 bytes]","args":[{"selector":{"id":"application-manageresources-display-component---newResourceUnit--WEIGHT_UNIT","interaction":{"idSuffix":"inner"}},"wdio_ui5_key":"applicationmanageresources-display-component---newResourceUnit--WEIGHT_UNIT"}]}
RESULT: undefined
COMMAND: POST /session/d119162e921248fd1f7a065fe81fedfa/execute/async - {"script":"<script> [776 bytes]","args":[{"enterText":"Gram","selector":{"id":"application-manageresources-display-component---newResourceUnit--WEIGHT_UNIT","interaction":{"idSuffix":"inner"}},"clearTextFirst":true,"interactionType":"ENTER_TEXT"}]}
RESULT: {"script":"<script> [776 bytes]","args":[{"enterText":"Gram","selector":{"id":"application-manageresources-display-component---newResourceUnit--WEIGHT_UNIT","interaction":{"idSuffix":"inner"}},"clearTextFirst":true,"interactionType":"ENTER_TEXT"}]}
COMMAND: POST /session/d119162e921248fd1f7a065fe81fedfa/execute/async - {"script":"<script> [1562 bytes]","args":[{"selector":{"id":"application-manageresources-display-component---newResourceUnit--DIMENSION_UNIT","interaction":{"idSuffix":"inner"}},"wdio_ui5_key":"applicationmanageresources-display-component---newResourceUnit--DIMENSION_UNIT"}]}
RESULT: {"script":"<script> [1562 bytes]","args":[{"selector":{"id":"application-manageresources-display-component---newResourceUnit--DIMENSION_UNIT","interaction":{"idSuffix":"inner"}},"wdio_ui5_key":"applicationmanageresources-display-component---newResourceUnit--DIMENSION_UNIT"}]}
RESULT: undefined
COMMAND: POST /session/d119162e921248fd1f7a065fe81fedfa/execute/async - {"script":"<script> [776 bytes]","args":[{"enterText":"Meter","selector":{"id":"application-manageresources-display-component---newResourceUnit--DIMENSION_UNIT","interaction":{"idSuffix":"inner"}},"clearTextFirst":true,"interactionType":"ENTER_TEXT"}]}
RESULT: {"script":"<script> [776 bytes]","args":[{"enterText":"Meter","selector":{"id":"application-manageresources-display-component---newResourceUnit--DIMENSION_UNIT","interaction":{"idSuffix":"inner"}},"clearTextFirst":true,"interactionType":"ENTER_TEXT"}]}
COMMAND: POST /session/d119162e921248fd1f7a065fe81fedfa/execute/async - {"script":"<script> [1562 bytes]","args":[{"selector":{"id":"application-manageresources-display-component---newResourceUnit--newRRUPage-anchBar-application-manageresources-display-component---newResourceUnit--control-anchor","interaction":{"idSuffix":"BDI-content"}},"wdio_ui5_key":"applicationmanageresources-display-component---newResourceUnit--newRRUPage-anchBar-application-manageresources-display-component---newResourceUnit--control-anchor"}]}
RESULT: {"script":"<script> [1562 bytes]","args":[{"selector":{"id":"application-manageresources-display-component---newResourceUnit--newRRUPage-anchBar-application-manageresources-display-component---newResourceUnit--control-anchor","interaction":{"idSuffix":"BDI-content"}},"wdio_ui5_key":"applicationmanageresources-display-component---newResourceUnit--newRRUPage-anchBar-application-manageresources-display-component---newResourceUnit--control-anchor"}]}
RESULT: undefined
COMMAND: POST /session/d119162e921248fd1f7a065fe81fedfa/element - {"using":"xpath","value":"//*[@id=\"application-manageresources-display-component---newResourceUnit--newRRUPage-anchBar-application-manageresources-display-component---newResourceUnit--control-anchor\"]"}
RESULT: {"using":"xpath","value":"//*[@id=\"application-manageresources-display-component---newResourceUnit--newRRUPage-anchBar-application-manageresources-display-component---newResourceUnit--control-anchor\"]"}
COMMAND: POST /session/d119162e921248fd1f7a065fe81fedfa/element/f.7D8252E83238221F8080DA22DD8FFCA1.d.EF2A78FB9E38B2029700AC368C82F7BB.e.17354/click - {}
RESULT: {}
COMMAND: POST /session/d119162e921248fd1f7a065fe81fedfa/execute/async - {"script":"<script> [1562 bytes]","args":[{"selector":{"id":"application-manageresources-display-component---newResourceUnit--PLANNING_GROUP","interaction":{"idSuffix":"inner"}},"wdio_ui5_key":"applicationmanageresources-display-component---newResourceUnit--PLANNING_GROUP"}]}
COMMAND: GET /session/d119162e921248fd1f7a065fe81fedfa/screenshot - {}
RESULT: {"script":"<script> [1562 bytes]","args":[{"selector":{"id":"application-manageresources-display-component---newResourceUnit--PLANNING_GROUP","interaction":{"idSuffix":"inner"}},"wdio_ui5_key":"applicationmanageresources-display-component---newResourceUnit--PLANNING_GROUP"}]}
RESULT: undefined
COMMAND: POST /session/d119162e921248fd1f7a065fe81fedfa/execute/async - {"script":"<script> [776 bytes]","args":[{"enterText":"Heavy Equi","selector":{"id":"application-manageresources-display-component---newResourceUnit--PLANNING_GROUP","interaction":{"idSuffix":"inner"}},"clearTextFirst":true,"interactionType":"ENTER_TEXT"}]}
RESULT: {}
RESULT: {"script":"<script> [776 bytes]","args":[{"enterText":"Heavy Equi","selector":{"id":"application-manageresources-display-component---newResourceUnit--PLANNING_GROUP","interaction":{"idSuffix":"inner"}},"clearTextFirst":true,"interactionType":"ENTER_TEXT"}]}
COMMAND: POST /session/d119162e921248fd1f7a065fe81fedfa/execute/async - {"script":"<script> [1562 bytes]","args":[{"selector":{"id":"application-manageresources-display-component---newResourceUnit--ITEM_TYPE-arrow"},"wdio_ui5_key":"applicationmanageresources-display-component---newResourceUnit--ITEM_TYPE-arrow"}]}
RESULT: {"script":"<script> [1562 bytes]","args":[{"selector":{"id":"application-manageresources-display-component---newResourceUnit--ITEM_TYPE-arrow"},"wdio_ui5_key":"applicationmanageresources-display-component---newResourceUnit--ITEM_TYPE-arrow"}]}
RESULT: undefined
COMMAND: POST /session/d119162e921248fd1f7a065fe81fedfa/element - {"using":"xpath","value":"//*[@id=\"application-manageresources-display-component---newResourceUnit--ITEM_TYPE-arrow\"]"}
RESULT: {"using":"xpath","value":"//*[@id=\"application-manageresources-display-component---newResourceUnit--ITEM_TYPE-arrow\"]"}
COMMAND: POST /session/d119162e921248fd1f7a065fe81fedfa/element/f.7D8252E83238221F8080DA22DD8FFCA1.d.EF2A78FB9E38B2029700AC368C82F7BB.e.17361/click - {}
RESULT: {}
COMMAND: POST /session/d119162e921248fd1f7a065fe81fedfa/element - {"using":"xpath","value":"(//span[contains(text(), \"Resource Unit\")])[2]"}
COMMAND: GET /session/d119162e921248fd1f7a065fe81fedfa/screenshot - {}
RESULT: {"using":"xpath","value":"(//span[contains(text(), \"Resource Unit\")])[2]"}
COMMAND: POST /session/d119162e921248fd1f7a065fe81fedfa/element/f.7D8252E83238221F8080DA22DD8FFCA1.d.EF2A78FB9E38B2029700AC368C82F7BB.e.17362/click - {}
RESULT: {}
RESULT: {}
COMMAND: GET /session/d119162e921248fd1f7a065fe81fedfa/screenshot - {}
RESULT: {}
COMMAND: POST /session/d119162e921248fd1f7a065fe81fedfa/element - {"using":"css selector","value":"#application-manageresources-display-component---newResourceUnit--btnAddTimeSegment"}
RESULT: {"using":"css selector","value":"#application-manageresources-display-component---newResourceUnit--btnAddTimeSegment"}
COMMAND: GET /session/d119162e921248fd1f7a065fe81fedfa/element/f.7D8252E83238221F8080DA22DD8FFCA1.d.EF2A78FB9E38B2029700AC368C82F7BB.e.17363/rect - {}
RESULT: {}
COMMAND: GET /session/d119162e921248fd1f7a065fe81fedfa/window/rect - {}
RESULT: {}
COMMAND: POST /session/d119162e921248fd1f7a065fe81fedfa/execute/sync - {"script":"<script> [92 bytes]","args":[]}
RESULT: {"script":"<script> [92 bytes]","args":[]}
COMMAND: POST /session/d119162e921248fd1f7a065fe81fedfa/actions - {"actions":[{"id":"action58","type":"wheel","parameters":{},"actions":[{"type":"scroll","x":-1888,"y":-32,"deltaX":0,"deltaY":0,"duration":0,"origin":{"element-6066-11e4-a52e-4f735466cecf":"f.7D8252E83238221F8080DA22DD8FFCA1.d.EF2A78FB9E38B2029700AC368C82F7BB.e.17363"}}]}]}
COMMAND: GET /session/d119162e921248fd1f7a065fe81fedfa/screenshot - {}
RESULT: {}
COMMAND: POST /session/d119162e921248fd1f7a065fe81fedfa/execute/sync - {"script":"<script> [79 bytes]","args":[{"element-6066-11e4-a52e-4f735466cecf":"f.7D8252E83238221F8080DA22DD8FFCA1.d.EF2A78FB9E38B2029700AC368C82F7BB.e.17363","ELEMENT":"f.7D8252E83238221F8080DA22DD8FFCA1.d.EF2A78FB9E38B2029700AC368C82F7BB.e.17363"},{"block":"start","inline":"nearest"}]}
RESULT: {"script":"<script> [79 bytes]","args":[{"element-6066-11e4-a52e-4f735466cecf":"f.7D8252E83238221F8080DA22DD8FFCA1.d.EF2A78FB9E38B2029700AC368C82F7BB.e.17363","ELEMENT":"f.7D8252E83238221F8080DA22DD8FFCA1.d.EF2A78FB9E38B2029700AC368C82F7BB.e.17363"},{"block":"start","inline":"nearest"}]}
COMMAND: POST /session/d119162e921248fd1f7a065fe81fedfa/execute/async - {"script":"<script> [1562 bytes]","args":[{"selector":{"id":"application-manageresources-display-component---newResourceUnit--btnAddTimeSegment","interaction":{"idSuffix":"inner"}},"wdio_ui5_key":"applicationmanageresources-display-component---newResourceUnit--btnAddTimeSegment"}]}
COMMAND: GET /session/d119162e921248fd1f7a065fe81fedfa/screenshot - {}
RESULT: {"script":"<script> [1562 bytes]","args":[{"selector":{"id":"application-manageresources-display-component---newResourceUnit--btnAddTimeSegment","interaction":{"idSuffix":"inner"}},"wdio_ui5_key":"applicationmanageresources-display-component---newResourceUnit--btnAddTimeSegment"}]}
RESULT: undefined
COMMAND: POST /session/d119162e921248fd1f7a065fe81fedfa/element - {"using":"xpath","value":"//*[@id=\"application-manageresources-display-component---newResourceUnit--btnAddTimeSegment\"]"}
RESULT: {}
RESULT: {"using":"xpath","value":"//*[@id=\"application-manageresources-display-component---newResourceUnit--btnAddTimeSegment\"]"}
COMMAND: POST /session/d119162e921248fd1f7a065fe81fedfa/element/f.7D8252E83238221F8080DA22DD8FFCA1.d.EF2A78FB9E38B2029700AC368C82F7BB.e.17363/click - {}
RESULT: {}
COMMAND: GET /session/d119162e921248fd1f7a065fe81fedfa/screenshot - {}
RESULT: {}
COMMAND: POST /session/d119162e921248fd1f7a065fe81fedfa/element - {"using":"xpath","value":"//input[@id=\"application-manageresources-display-component---newResourceUnit--idRuTSAdmin-application-manageresources-display-component---newResourceUnit--RUTimeSegment-0-inner\"]"}
RESULT: {"using":"xpath","value":"//input[@id=\"application-manageresources-display-component---newResourceUnit--idRuTSAdmin-application-manageresources-display-component---newResourceUnit--RUTimeSegment-0-inner\"]"}
COMMAND: POST /session/d119162e921248fd1f7a065fe81fedfa/element/f.7D8252E83238221F8080DA22DD8FFCA1.d.EF2A78FB9E38B2029700AC368C82F7BB.e.17369/clear - {}
RESULT: {}
COMMAND: POST /session/d119162e921248fd1f7a065fe81fedfa/element/f.7D8252E83238221F8080DA22DD8FFCA1.d.EF2A78FB9E38B2029700AC368C82F7BB.e.17369/value - {"text":"559"}
COMMAND: GET /session/d119162e921248fd1f7a065fe81fedfa/screenshot - {}
RESULT: {"text":"559"}
COMMAND: GET /session/d119162e921248fd1f7a065fe81fedfa/screenshot - {}
RESULT: {}
RESULT: {}
COMMAND: POST /session/d119162e921248fd1f7a065fe81fedfa/element - {"using":"xpath","value":"//li[.//span[text()='559']]"}
RESULT: {"using":"xpath","value":"//li[.//span[text()='559']]"}
COMMAND: POST /session/d119162e921248fd1f7a065fe81fedfa/element/f.7D8252E83238221F8080DA22DD8FFCA1.d.EF2A78FB9E38B2029700AC368C82F7BB.e.17381/click - {}
RESULT: {}
COMMAND: GET /session/d119162e921248fd1f7a065fe81fedfa/screenshot - {}
RESULT: {}
COMMAND: POST /session/d119162e921248fd1f7a065fe81fedfa/element - {"using":"xpath","value":"(//span[contains(@id, \"-application-manageresources-display-component---newResourceUnit--RUTimeSegment-0-arrow\")])[6]"}
RESULT: {"using":"xpath","value":"(//span[contains(@id, \"-application-manageresources-display-component---newResourceUnit--RUTimeSegment-0-arrow\")])[6]"}
COMMAND: POST /session/d119162e921248fd1f7a065fe81fedfa/element/f.7D8252E83238221F8080DA22DD8FFCA1.d.EF2A78FB9E38B2029700AC368C82F7BB.e.17382/click - {}
RESULT: {}
COMMAND: GET /session/d119162e921248fd1f7a065fe81fedfa/screenshot - {}
RESULT: {}
COMMAND: POST /session/d119162e921248fd1f7a065fe81fedfa/element - {"using":"xpath","value":"//span[contains(text(), \"PM Order\")]"}
RESULT: {"using":"xpath","value":"//span[contains(text(), \"PM Order\")]"}
COMMAND: POST /session/d119162e921248fd1f7a065fe81fedfa/element/f.7D8252E83238221F8080DA22DD8FFCA1.d.EF2A78FB9E38B2029700AC368C82F7BB.e.17385/click - {}
RESULT: {}
COMMAND: GET /session/d119162e921248fd1f7a065fe81fedfa/screenshot - {}
RESULT: {}
COMMAND: POST /session/d119162e921248fd1f7a065fe81fedfa/element - {"using":"xpath","value":"(//span[contains(@id ,\"manageresources-display-component---newResourceUnit--RUTimeSegment-0-vhi\")])[1]"}
RESULT: {"using":"xpath","value":"(//span[contains(@id ,\"manageresources-display-component---newResourceUnit--RUTimeSegment-0-vhi\")])[1]"}
COMMAND: GET /session/d119162e921248fd1f7a065fe81fedfa/element/f.7D8252E83238221F8080DA22DD8FFCA1.d.EF2A78FB9E38B2029700AC368C82F7BB.e.17389/rect - {}
RESULT: {}
COMMAND: GET /session/d119162e921248fd1f7a065fe81fedfa/window/rect - {}
RESULT: {}
COMMAND: POST /session/d119162e921248fd1f7a065fe81fedfa/execute/sync - {"script":"<script> [92 bytes]","args":[]}
RESULT: {"script":"<script> [92 bytes]","args":[]}
COMMAND: POST /session/d119162e921248fd1f7a065fe81fedfa/actions - {"actions":[{"id":"action59","type":"wheel","parameters":{},"actions":[{"type":"scroll","x":-869,"y":-24,"deltaX":0,"deltaY":0,"duration":0,"origin":{"element-6066-11e4-a52e-4f735466cecf":"f.7D8252E83238221F8080DA22DD8FFCA1.d.EF2A78FB9E38B2029700AC368C82F7BB.e.17389"}}]}]}
COMMAND: GET /session/d119162e921248fd1f7a065fe81fedfa/screenshot - {}
RESULT: {"actions":[{"id":"action59","type":"wheel","parameters":{},"actions":[{"type":"scroll","x":-869,"y":-24,"deltaX":0,"deltaY":0,"duration":0,"origin":{"element-6066-11e4-a52e-4f735466cecf":"f.7D8252E83238221F8080DA22DD8FFCA1.d.EF2A78FB9E38B2029700AC368C82F7BB.e.17389"}}]}]}
COMMAND: DELETE /session/d119162e921248fd1f7a065fe81fedfa/actions - {}
COMMAND: GET /session/d119162e921248fd1f7a065fe81fedfa/screenshot - {}
RESULT: {}
RESULT: {}
COMMAND: GET /session/d119162e921248fd1f7a065fe81fedfa/screenshot - {}
RESULT: {}
RESULT: {}
COMMAND: POST /session/d119162e921248fd1f7a065fe81fedfa/element/f.7D8252E83238221F8080DA22DD8FFCA1.d.EF2A78FB9E38B2029700AC368C82F7BB.e.17389/click - {}
RESULT: {}
COMMAND: GET /session/d119162e921248fd1f7a065fe81fedfa/screenshot - {}
RESULT: {}
RESULT: undefined
COMMAND: POST /session/d119162e921248fd1f7a065fe81fedfa/execute/async - {"script":"<script> [776 bytes]","args":[{"enterText":"4000360","selector":{"controlType":"sap.m.SearchField","properties":{"placeholder":"Search"},"searchOpenDialogs":true,"interaction":{"idSuffix":"I"}},"clearTextFirst":true,"interactionType":"ENTER_TEXT"}]}
RESULT: {"script":"<script> [776 bytes]","args":[{"enterText":"4000360","selector":{"controlType":"sap.m.SearchField","properties":{"placeholder":"Search"},"searchOpenDialogs":true,"interaction":{"idSuffix":"I"}},"clearTextFirst":true,"interactionType":"ENTER_TEXT"}]}
COMMAND: POST /session/d119162e921248fd1f7a065fe81fedfa/actions - {"actions":[{"id":"action60","type":"key","parameters":{},"actions":[{"type":"keyDown","value":"î€‡"},{"type":"pause","duration":10},{"type":"keyUp","value":"î€‡"}]}]}
RESULT: {"actions":[{"id":"action60","type":"key","parameters":{},"actions":[{"type":"keyDown","value":"î€‡"},{"type":"pause","duration":10},{"type":"keyUp","value":"î€‡"}]}]}
COMMAND: GET /session/d119162e921248fd1f7a065fe81fedfa/screenshot - {}
RESULT: {}
COMMAND: POST /session/d119162e921248fd1f7a065fe81fedfa/element - {"using":"xpath","value":"//td/div/span[contains(text(), \"BGL Vehicles\")]"}
RESULT: {"using":"xpath","value":"//td/div/span[contains(text(), \"BGL Vehicles\")]"}
COMMAND: POST /session/d119162e921248fd1f7a065fe81fedfa/element/f.7D8252E83238221F8080DA22DD8FFCA1.d.EF2A78FB9E38B2029700AC368C82F7BB.e.17408/click - {}
RESULT: {}
COMMAND: GET /session/d119162e921248fd1f7a065fe81fedfa/screenshot - {}
RESULT: {}
COMMAND: POST /session/d119162e921248fd1f7a065fe81fedfa/element - {"using":"xpath","value":"//bdi[contains(text(), \"OK\")]"}
RESULT: {"using":"xpath","value":"//bdi[contains(text(), \"OK\")]"}
COMMAND: POST /session/d119162e921248fd1f7a065fe81fedfa/element/f.7D8252E83238221F8080DA22DD8FFCA1.d.EF2A78FB9E38B2029700AC368C82F7BB.e.17409/click - {}
RESULT: {}
COMMAND: GET /session/d119162e921248fd1f7a065fe81fedfa/screenshot - {}
RESULT: {}
COMMAND: POST /session/d119162e921248fd1f7a065fe81fedfa/execute/async - {"script":"<script> [1562 bytes]","args":[{"selector":{"id":"application-manageresources-display-component---newResourceUnit--newRRUPage-anchBar-application-manageresources-display-component---newResourceUnit--resource-anchor","interaction":{"idSuffix":"BDI-content"}},"wdio_ui5_key":"applicationmanageresources-display-component---newResourceUnit--newRRUPage-anchBar-application-manageresources-display-component---newResourceUnit--resource-anchor"}]}
RESULT: {"script":"<script> [1562 bytes]","args":[{"selector":{"id":"application-manageresources-display-component---newResourceUnit--newRRUPage-anchBar-application-manageresources-display-component---newResourceUnit--resource-anchor","interaction":{"idSuffix":"BDI-content"}},"wdio_ui5_key":"applicationmanageresources-display-component---newResourceUnit--newRRUPage-anchBar-application-manageresources-display-component---newResourceUnit--resource-anchor"}]}
RESULT: undefined
COMMAND: POST /session/d119162e921248fd1f7a065fe81fedfa/element - {"using":"xpath","value":"//*[@id=\"application-manageresources-display-component---newResourceUnit--newRRUPage-anchBar-application-manageresources-display-component---newResourceUnit--resource-anchor\"]"}
RESULT: {"using":"xpath","value":"//*[@id=\"application-manageresources-display-component---newResourceUnit--newRRUPage-anchBar-application-manageresources-display-component---newResourceUnit--resource-anchor\"]"}
COMMAND: POST /session/d119162e921248fd1f7a065fe81fedfa/element/f.7D8252E83238221F8080DA22DD8FFCA1.d.EF2A78FB9E38B2029700AC368C82F7BB.e.17413/click - {}
RESULT: {}
COMMAND: POST /session/d119162e921248fd1f7a065fe81fedfa/execute/async - {"script":"<script> [1562 bytes]","args":[{"selector":{"id":"application-manageresources-display-component---newResourceUnit--PLANNED_DELIVERY_DATE","interaction":{"idSuffix":"inner"}},"wdio_ui5_key":"applicationmanageresources-display-component---newResourceUnit--PLANNED_DELIVERY_DATE"}]}
COMMAND: GET /session/d119162e921248fd1f7a065fe81fedfa/screenshot - {}
RESULT: {"script":"<script> [1562 bytes]","args":[{"selector":{"id":"application-manageresources-display-component---newResourceUnit--PLANNED_DELIVERY_DATE","interaction":{"idSuffix":"inner"}},"wdio_ui5_key":"applicationmanageresources-display-component---newResourceUnit--PLANNED_DELIVERY_DATE"}]}
RESULT: undefined
COMMAND: POST /session/d119162e921248fd1f7a065fe81fedfa/execute/async - {"script":"<script> [6424 bytes]","args":[{"element-6066-11e4-a52e-4f735466cecf":"f.7D8252E83238221F8080DA22DD8FFCA1.d.EF2A78FB9E38B2029700AC368C82F7BB.e.17277"},"setValue",["5/5/25"]]}
RESULT: {}
RESULT: {"script":"<script> [6424 bytes]","args":[{"element-6066-11e4-a52e-4f735466cecf":"f.7D8252E83238221F8080DA22DD8FFCA1.d.EF2A78FB9E38B2029700AC368C82F7BB.e.17277"},"setValue",["5/5/25"]]}
COMMAND: POST /session/d119162e921248fd1f7a065fe81fedfa/element - {"using":"xpath","value":"//button[@data-kt=\"resourceUnitSaveButton\"]"}
RESULT: {"using":"xpath","value":"//button[@data-kt=\"resourceUnitSaveButton\"]"}
COMMAND: POST /session/d119162e921248fd1f7a065fe81fedfa/element/f.7D8252E83238221F8080DA22DD8FFCA1.d.EF2A78FB9E38B2029700AC368C82F7BB.e.17238/click - {}
RESULT: {}
COMMAND: GET /session/d119162e921248fd1f7a065fe81fedfa/screenshot - {}
RESULT: {}
COMMAND: POST /session/d119162e921248fd1f7a065fe81fedfa/element - {"using":"xpath","value":"//bdi[contains(text(), \"Close\")]"}
RESULT: {"using":"xpath","value":"//bdi[contains(text(), \"Close\")]"}
COMMAND: POST /session/d119162e921248fd1f7a065fe81fedfa/element/f.7D8252E83238221F8080DA22DD8FFCA1.d.EF2A78FB9E38B2029700AC368C82F7BB.e.17423/click - {}
RESULT: {}
COMMAND: GET /session/d119162e921248fd1f7a065fe81fedfa/screenshot - {}
RESULT: {}
COMMAND: POST /session/d119162e921248fd1f7a065fe81fedfa/element - {"using":"xpath","value":"(//button[contains(@id ,\"actionsToolbar-overflowButton\")])[1]"}
RESULT: {"using":"xpath","value":"(//button[contains(@id ,\"actionsToolbar-overflowButton\")])[1]"}
COMMAND: POST /session/d119162e921248fd1f7a065fe81fedfa/element/f.7D8252E83238221F8080DA22DD8FFCA1.d.EF2A78FB9E38B2029700AC368C82F7BB.e.17478/click - {}
RESULT: {}
COMMAND: GET /session/d119162e921248fd1f7a065fe81fedfa/screenshot - {}
RESULT: {}
COMMAND: POST /session/d119162e921248fd1f7a065fe81fedfa/element - {"using":"xpath","value":"//button[@data-kt=\"priceInfoButton\"]"}
RESULT: {"using":"xpath","value":"//button[@data-kt=\"priceInfoButton\"]"}
COMMAND: POST /session/d119162e921248fd1f7a065fe81fedfa/element/f.7D8252E83238221F8080DA22DD8FFCA1.d.EF2A78FB9E38B2029700AC368C82F7BB.e.17480/click - {}
RESULT: {}
COMMAND: GET /session/d119162e921248fd1f7a065fe81fedfa/screenshot - {}
RESULT: {}
]]></system-out>
    </testcase>
    <testcase classname="chrome.135_0_7049_96.windows.Billing_Calculation_-_Time_based_(considering_transport_times)_US139738" name="Should create new pricing rule for the equipment" time="50.594">
      <system-out><![CDATA[
COMMAND: POST /session/d119162e921248fd1f7a065fe81fedfa/element - {"using":"xpath","value":"//button[@data-kt=\"addButton\"]"}
RESULT: {"using":"xpath","value":"//button[@data-kt=\"addButton\"]"}
COMMAND: POST /session/d119162e921248fd1f7a065fe81fedfa/elements - {"using":"xpath","value":"//button[@data-kt=\"addButton\"]"}
RESULT: {"using":"xpath","value":"//button[@data-kt=\"addButton\"]"}
COMMAND: POST /session/d119162e921248fd1f7a065fe81fedfa/element - {"using":"xpath","value":"//button[@data-kt=\"addButton\"]"}
RESULT: {"using":"xpath","value":"//button[@data-kt=\"addButton\"]"}
COMMAND: POST /session/d119162e921248fd1f7a065fe81fedfa/execute/sync - {"script":"<script> [8489 bytes]","args":[{"element-6066-11e4-a52e-4f735466cecf":"f.7D8252E83238221F8080DA22DD8FFCA1.d.EF2A78FB9E38B2029700AC368C82F7BB.e.17516","ELEMENT":"f.7D8252E83238221F8080DA22DD8FFCA1.d.EF2A78FB9E38B2029700AC368C82F7BB.e.17516"}]}
RESULT: {"script":"<script> [8489 bytes]","args":[{"element-6066-11e4-a52e-4f735466cecf":"f.7D8252E83238221F8080DA22DD8FFCA1.d.EF2A78FB9E38B2029700AC368C82F7BB.e.17516","ELEMENT":"f.7D8252E83238221F8080DA22DD8FFCA1.d.EF2A78FB9E38B2029700AC368C82F7BB.e.17516"}]}
COMMAND: GET /session/d119162e921248fd1f7a065fe81fedfa/element/f.7D8252E83238221F8080DA22DD8FFCA1.d.EF2A78FB9E38B2029700AC368C82F7BB.e.17516/enabled - {}
COMMAND: GET /session/d119162e921248fd1f7a065fe81fedfa/screenshot - {}
RESULT: {}
COMMAND: POST /session/d119162e921248fd1f7a065fe81fedfa/execute/sync - {"script":"<script> [8489 bytes]","args":[{"element-6066-11e4-a52e-4f735466cecf":"f.7D8252E83238221F8080DA22DD8FFCA1.d.EF2A78FB9E38B2029700AC368C82F7BB.e.17516","ELEMENT":"f.7D8252E83238221F8080DA22DD8FFCA1.d.EF2A78FB9E38B2029700AC368C82F7BB.e.17516"}]}
COMMAND: GET /session/d119162e921248fd1f7a065fe81fedfa/screenshot - {}
RESULT: {}
RESULT: {"script":"<script> [8489 bytes]","args":[{"element-6066-11e4-a52e-4f735466cecf":"f.7D8252E83238221F8080DA22DD8FFCA1.d.EF2A78FB9E38B2029700AC368C82F7BB.e.17516","ELEMENT":"f.7D8252E83238221F8080DA22DD8FFCA1.d.EF2A78FB9E38B2029700AC368C82F7BB.e.17516"}]}
COMMAND: POST /session/d119162e921248fd1f7a065fe81fedfa/execute/sync - {"script":"<script> [5351 bytes]","args":[{"element-6066-11e4-a52e-4f735466cecf":"f.7D8252E83238221F8080DA22DD8FFCA1.d.EF2A78FB9E38B2029700AC368C82F7BB.e.17516","ELEMENT":"f.7D8252E83238221F8080DA22DD8FFCA1.d.EF2A78FB9E38B2029700AC368C82F7BB.e.17516"}]}
COMMAND: GET /session/d119162e921248fd1f7a065fe81fedfa/screenshot - {}
RESULT: {}
RESULT: {"script":"<script> [5351 bytes]","args":[{"element-6066-11e4-a52e-4f735466cecf":"f.7D8252E83238221F8080DA22DD8FFCA1.d.EF2A78FB9E38B2029700AC368C82F7BB.e.17516","ELEMENT":"f.7D8252E83238221F8080DA22DD8FFCA1.d.EF2A78FB9E38B2029700AC368C82F7BB.e.17516"}]}
COMMAND: POST /session/d119162e921248fd1f7a065fe81fedfa/element/f.7D8252E83238221F8080DA22DD8FFCA1.d.EF2A78FB9E38B2029700AC368C82F7BB.e.17516/click - {}
COMMAND: GET /session/d119162e921248fd1f7a065fe81fedfa/screenshot - {}
RESULT: {}
RESULT: {}
COMMAND: GET /session/d119162e921248fd1f7a065fe81fedfa/screenshot - {}
RESULT: {}
RESULT: {}
COMMAND: POST /session/d119162e921248fd1f7a065fe81fedfa/execute/async - {"script":"<script> [1562 bytes]","args":[{"selector":{"controlType":"sap.m.Title","viewName":"etm.portal.ui.managepricingrules.view.NewItem","viewId":"application-managepricingrules-display-component---newInfoPriceItem","properties":{"text":"New Pricing Rules - Item Level"}},"wdio_ui5_key":"etmportal.ui.managepricingrules.view.NewItemsap.m.Title{\"text\":\"New Pricing Rules - Item Level\"}"}]}
RESULT: {"script":"<script> [1562 bytes]","args":[{"selector":{"controlType":"sap.m.Title","viewName":"etm.portal.ui.managepricingrules.view.NewItem","viewId":"application-managepricingrules-display-component---newInfoPriceItem","properties":{"text":"New Pricing Rules - Item Level"}},"wdio_ui5_key":"etmportal.ui.managepricingrules.view.NewItemsap.m.Title{\"text\":\"New Pricing Rules - Item Level\"}"}]}
RESULT: undefined
COMMAND: POST /session/d119162e921248fd1f7a065fe81fedfa/execute/async - {"script":"<script> [6424 bytes]","args":[{"element-6066-11e4-a52e-4f735466cecf":"f.7D8252E83238221F8080DA22DD8FFCA1.d.EF2A78FB9E38B2029700AC368C82F7BB.e.17685"},"getText",[]]}
RESULT: {"script":"<script> [6424 bytes]","args":[{"element-6066-11e4-a52e-4f735466cecf":"f.7D8252E83238221F8080DA22DD8FFCA1.d.EF2A78FB9E38B2029700AC368C82F7BB.e.17685"},"getText",[]]}
COMMAND: POST /session/d119162e921248fd1f7a065fe81fedfa/execute/async - {"script":"<script> [1562 bytes]","args":[{"selector":{"id":"application-managepricingrules-display-component---newInfoPriceItem--condValidTo","interaction":{"idSuffix":"inner"}},"wdio_ui5_key":"applicationmanagepricingrules-display-component---newInfoPriceItem--condValidTo"}]}
RESULT: {"script":"<script> [1562 bytes]","args":[{"selector":{"id":"application-managepricingrules-display-component---newInfoPriceItem--condValidTo","interaction":{"idSuffix":"inner"}},"wdio_ui5_key":"applicationmanagepricingrules-display-component---newInfoPriceItem--condValidTo"}]}
RESULT: undefined
COMMAND: POST /session/d119162e921248fd1f7a065fe81fedfa/execute/async - {"script":"<script> [776 bytes]","args":[{"enterText":"01/05/26","selector":{"id":"application-managepricingrules-display-component---newInfoPriceItem--condValidTo","interaction":{"idSuffix":"inner"}},"clearTextFirst":true,"interactionType":"ENTER_TEXT"}]}
RESULT: {"script":"<script> [776 bytes]","args":[{"enterText":"01/05/26","selector":{"id":"application-managepricingrules-display-component---newInfoPriceItem--condValidTo","interaction":{"idSuffix":"inner"}},"clearTextFirst":true,"interactionType":"ENTER_TEXT"}]}
COMMAND: POST /session/d119162e921248fd1f7a065fe81fedfa/execute/async - {"script":"<script> [1562 bytes]","args":[{"selector":{"id":"application-managepricingrules-display-component---newInfoPriceItem--billType-arrow"},"wdio_ui5_key":"applicationmanagepricingrules-display-component---newInfoPriceItem--billType-arrow"}]}
RESULT: {"script":"<script> [1562 bytes]","args":[{"selector":{"id":"application-managepricingrules-display-component---newInfoPriceItem--billType-arrow"},"wdio_ui5_key":"applicationmanagepricingrules-display-component---newInfoPriceItem--billType-arrow"}]}
RESULT: undefined
COMMAND: POST /session/d119162e921248fd1f7a065fe81fedfa/element - {"using":"xpath","value":"//*[@id=\"application-managepricingrules-display-component---newInfoPriceItem--billType-arrow\"]"}
RESULT: {"using":"xpath","value":"//*[@id=\"application-managepricingrules-display-component---newInfoPriceItem--billType-arrow\"]"}
COMMAND: POST /session/d119162e921248fd1f7a065fe81fedfa/element/f.7D8252E83238221F8080DA22DD8FFCA1.d.EF2A78FB9E38B2029700AC368C82F7BB.e.17645/click - {}
RESULT: {}
COMMAND: POST /session/d119162e921248fd1f7a065fe81fedfa/element - {"using":"xpath","value":"//span[contains(text(), \"TB - Time based\")]"}
COMMAND: GET /session/d119162e921248fd1f7a065fe81fedfa/screenshot - {}
RESULT: {"using":"xpath","value":"//span[contains(text(), \"TB - Time based\")]"}
COMMAND: POST /session/d119162e921248fd1f7a065fe81fedfa/element/f.7D8252E83238221F8080DA22DD8FFCA1.d.EF2A78FB9E38B2029700AC368C82F7BB.e.17687/click - {}
RESULT: {}
RESULT: {}
COMMAND: POST /session/d119162e921248fd1f7a065fe81fedfa/execute/async - {"script":"<script> [1562 bytes]","args":[{"selector":{"id":"application-managepricingrules-display-component---newInfoPriceItem--priceProc-arrow"},"wdio_ui5_key":"applicationmanagepricingrules-display-component---newInfoPriceItem--priceProc-arrow"}]}
COMMAND: GET /session/d119162e921248fd1f7a065fe81fedfa/screenshot - {}
RESULT: {"script":"<script> [1562 bytes]","args":[{"selector":{"id":"application-managepricingrules-display-component---newInfoPriceItem--priceProc-arrow"},"wdio_ui5_key":"applicationmanagepricingrules-display-component---newInfoPriceItem--priceProc-arrow"}]}
RESULT: undefined
COMMAND: POST /session/d119162e921248fd1f7a065fe81fedfa/element - {"using":"xpath","value":"//*[@id=\"application-managepricingrules-display-component---newInfoPriceItem--priceProc-arrow\"]"}
RESULT: {}
RESULT: {"using":"xpath","value":"//*[@id=\"application-managepricingrules-display-component---newInfoPriceItem--priceProc-arrow\"]"}
COMMAND: POST /session/d119162e921248fd1f7a065fe81fedfa/element/f.7D8252E83238221F8080DA22DD8FFCA1.d.EF2A78FB9E38B2029700AC368C82F7BB.e.17652/click - {}
RESULT: {}
COMMAND: POST /session/d119162e921248fd1f7a065fe81fedfa/element - {"using":"xpath","value":"//span[contains(text(), \"TBS - Time based standard\")]"}
COMMAND: GET /session/d119162e921248fd1f7a065fe81fedfa/screenshot - {}
RESULT: {"using":"xpath","value":"//span[contains(text(), \"TBS - Time based standard\")]"}
COMMAND: POST /session/d119162e921248fd1f7a065fe81fedfa/element/f.7D8252E83238221F8080DA22DD8FFCA1.d.EF2A78FB9E38B2029700AC368C82F7BB.e.17688/click - {}
RESULT: {}
RESULT: {}
COMMAND: POST /session/d119162e921248fd1f7a065fe81fedfa/execute/async - {"script":"<script> [1562 bytes]","args":[{"selector":{"id":"application-managepricingrules-display-component---newInfoPriceItem--calcBase-arrow"},"wdio_ui5_key":"applicationmanagepricingrules-display-component---newInfoPriceItem--calcBase-arrow"}]}
COMMAND: GET /session/d119162e921248fd1f7a065fe81fedfa/screenshot - {}
RESULT: {"script":"<script> [1562 bytes]","args":[{"selector":{"id":"application-managepricingrules-display-component---newInfoPriceItem--calcBase-arrow"},"wdio_ui5_key":"applicationmanagepricingrules-display-component---newInfoPriceItem--calcBase-arrow"}]}
RESULT: undefined
COMMAND: POST /session/d119162e921248fd1f7a065fe81fedfa/element - {"using":"xpath","value":"//*[@id=\"application-managepricingrules-display-component---newInfoPriceItem--calcBase-arrow\"]"}
RESULT: {}
RESULT: {"using":"xpath","value":"//*[@id=\"application-managepricingrules-display-component---newInfoPriceItem--calcBase-arrow\"]"}
COMMAND: POST /session/d119162e921248fd1f7a065fe81fedfa/element/f.7D8252E83238221F8080DA22DD8FFCA1.d.EF2A78FB9E38B2029700AC368C82F7BB.e.17659/click - {}
RESULT: {}
COMMAND: GET /session/d119162e921248fd1f7a065fe81fedfa/screenshot - {}
RESULT: {}
COMMAND: POST /session/d119162e921248fd1f7a065fe81fedfa/element - {"using":"xpath","value":"//span[contains(text(), \"0006 - TB(calendar days)\")]"}
RESULT: {"using":"xpath","value":"//span[contains(text(), \"0006 - TB(calendar days)\")]"}
COMMAND: POST /session/d119162e921248fd1f7a065fe81fedfa/element/f.7D8252E83238221F8080DA22DD8FFCA1.d.EF2A78FB9E38B2029700AC368C82F7BB.e.17689/click - {}
RESULT: {}
COMMAND: GET /session/d119162e921248fd1f7a065fe81fedfa/screenshot - {}
RESULT: {}
COMMAND: POST /session/d119162e921248fd1f7a065fe81fedfa/execute/async - {"script":"<script> [1562 bytes]","args":[{"selector":{"id":"application-managepricingrules-display-component---newInfoPriceItem--daysMonth","interaction":{"idSuffix":"inner"}},"wdio_ui5_key":"applicationmanagepricingrules-display-component---newInfoPriceItem--daysMonth"}]}
RESULT: {"script":"<script> [1562 bytes]","args":[{"selector":{"id":"application-managepricingrules-display-component---newInfoPriceItem--daysMonth","interaction":{"idSuffix":"inner"}},"wdio_ui5_key":"applicationmanagepricingrules-display-component---newInfoPriceItem--daysMonth"}]}
RESULT: undefined
COMMAND: POST /session/d119162e921248fd1f7a065fe81fedfa/execute/async - {"script":"<script> [776 bytes]","args":[{"enterText":"30","selector":{"id":"application-managepricingrules-display-component---newInfoPriceItem--daysMonth","interaction":{"idSuffix":"inner"}},"clearTextFirst":true,"interactionType":"ENTER_TEXT"}]}
RESULT: {"script":"<script> [776 bytes]","args":[{"enterText":"30","selector":{"id":"application-managepricingrules-display-component---newInfoPriceItem--daysMonth","interaction":{"idSuffix":"inner"}},"clearTextFirst":true,"interactionType":"ENTER_TEXT"}]}
COMMAND: POST /session/d119162e921248fd1f7a065fe81fedfa/element - {"using":"xpath","value":"//button[@data-kt=\"saveNewRuleButton\"]"}
RESULT: {"using":"xpath","value":"//button[@data-kt=\"saveNewRuleButton\"]"}
COMMAND: POST /session/d119162e921248fd1f7a065fe81fedfa/element/f.7D8252E83238221F8080DA22DD8FFCA1.d.EF2A78FB9E38B2029700AC368C82F7BB.e.17679/click - {}
RESULT: {}
COMMAND: GET /session/d119162e921248fd1f7a065fe81fedfa/screenshot - {}
RESULT: {}
COMMAND: POST /session/d119162e921248fd1f7a065fe81fedfa/execute/async - {"script":"<script> [1562 bytes]","args":[{"selector":{"id":"application-managepricingrules-display-component---priceInfoItem--smartFilterBar-btnBasicSearch","interaction":{"idSuffix":"I"}},"wdio_ui5_key":"applicationmanagepricingrules-display-component---priceInfoItem--smartFilterBar-btnBasicSearch"}]}
RESULT: {"script":"<script> [1562 bytes]","args":[{"selector":{"id":"application-managepricingrules-display-component---priceInfoItem--smartFilterBar-btnBasicSearch","interaction":{"idSuffix":"I"}},"wdio_ui5_key":"applicationmanagepricingrules-display-component---priceInfoItem--smartFilterBar-btnBasicSearch"}]}
RESULT: undefined
COMMAND: POST /session/d119162e921248fd1f7a065fe81fedfa/execute/async - {"script":"<script> [776 bytes]","args":[{"enterText":"FN0n2yWRNE","selector":{"id":"application-managepricingrules-display-component---priceInfoItem--smartFilterBar-btnBasicSearch","interaction":{"idSuffix":"I"}},"clearTextFirst":true,"interactionType":"ENTER_TEXT"}]}
RESULT: {"script":"<script> [776 bytes]","args":[{"enterText":"FN0n2yWRNE","selector":{"id":"application-managepricingrules-display-component---priceInfoItem--smartFilterBar-btnBasicSearch","interaction":{"idSuffix":"I"}},"clearTextFirst":true,"interactionType":"ENTER_TEXT"}]}
COMMAND: POST /session/d119162e921248fd1f7a065fe81fedfa/actions - {"actions":[{"id":"action61","type":"key","parameters":{},"actions":[{"type":"keyDown","value":"î€‡"},{"type":"pause","duration":10},{"type":"keyUp","value":"î€‡"}]}]}
RESULT: {"actions":[{"id":"action61","type":"key","parameters":{},"actions":[{"type":"keyDown","value":"î€‡"},{"type":"pause","duration":10},{"type":"keyUp","value":"î€‡"}]}]}
COMMAND: GET /session/d119162e921248fd1f7a065fe81fedfa/screenshot - {}
RESULT: {}
COMMAND: POST /session/d119162e921248fd1f7a065fe81fedfa/element - {"using":"xpath","value":"//span[@id=\"application-managepricingrules-display-component---priceInfoItem--smartTable-header-inner\"]"}
RESULT: {"using":"xpath","value":"//span[@id=\"application-managepricingrules-display-component---priceInfoItem--smartTable-header-inner\"]"}
COMMAND: POST /session/d119162e921248fd1f7a065fe81fedfa/elements - {"using":"xpath","value":"//span[@id=\"application-managepricingrules-display-component---priceInfoItem--smartTable-header-inner\"]"}
RESULT: {"using":"xpath","value":"//span[@id=\"application-managepricingrules-display-component---priceInfoItem--smartTable-header-inner\"]"}
COMMAND: POST /session/d119162e921248fd1f7a065fe81fedfa/execute/sync - {"script":"<script> [56 bytes]","args":[{"element-6066-11e4-a52e-4f735466cecf":"f.7D8252E83238221F8080DA22DD8FFCA1.d.EF2A78FB9E38B2029700AC368C82F7BB.e.17703","ELEMENT":"f.7D8252E83238221F8080DA22DD8FFCA1.d.EF2A78FB9E38B2029700AC368C82F7BB.e.17703"}]}
RESULT: {"script":"<script> [56 bytes]","args":[{"element-6066-11e4-a52e-4f735466cecf":"f.7D8252E83238221F8080DA22DD8FFCA1.d.EF2A78FB9E38B2029700AC368C82F7BB.e.17703","ELEMENT":"f.7D8252E83238221F8080DA22DD8FFCA1.d.EF2A78FB9E38B2029700AC368C82F7BB.e.17703"}]}
COMMAND: POST /session/d119162e921248fd1f7a065fe81fedfa/element - {"using":"css selector","value":"#shell-header-logo"}
COMMAND: GET /session/d119162e921248fd1f7a065fe81fedfa/screenshot - {}
RESULT: {"using":"css selector","value":"#shell-header-logo"}
COMMAND: POST /session/d119162e921248fd1f7a065fe81fedfa/element/f.7D8252E83238221F8080DA22DD8FFCA1.d.EF2A78FB9E38B2029700AC368C82F7BB.e.16828/click - {}
RESULT: {}
RESULT: {}
COMMAND: GET /session/d119162e921248fd1f7a065fe81fedfa/screenshot - {}
RESULT: {}
]]></system-out>
    </testcase>
    <testcase classname="chrome.135_0_7049_96.windows.Billing_Calculation_-_Time_based_(considering_transport_times)_US139738" name="Should create new pricing condition for the equipment" time="62.349">
      <system-out><![CDATA[
COMMAND: POST /session/d119162e921248fd1f7a065fe81fedfa/execute/async - {"script":"<script> [1562 bytes]","args":[{"selector":{"controlType":"sap.m.Text","properties":{"text":"Manage Conditions & Prices"},"interaction":{"idSuffix":"inner"}},"wdio_ui5_key":"sapm.Text{\"text\":\"Manage Conditions & Prices\"}"}]}
RESULT: {"script":"<script> [1562 bytes]","args":[{"selector":{"controlType":"sap.m.Text","properties":{"text":"Manage Conditions & Prices"},"interaction":{"idSuffix":"inner"}},"wdio_ui5_key":"sapm.Text{\"text\":\"Manage Conditions & Prices\"}"}]}
RESULT: undefined
COMMAND: POST /session/d119162e921248fd1f7a065fe81fedfa/element - {"using":"xpath","value":"//*[@id=\"__tile53-title\"]"}
RESULT: {"using":"xpath","value":"//*[@id=\"__tile53-title\"]"}
COMMAND: POST /session/d119162e921248fd1f7a065fe81fedfa/element/f.7D8252E83238221F8080DA22DD8FFCA1.d.EF2A78FB9E38B2029700AC368C82F7BB.e.17706/click - {}
RESULT: {}
COMMAND: POST /session/d119162e921248fd1f7a065fe81fedfa/element - {"using":"xpath","value":"//button[@aria-label=\"Create\"]"}
COMMAND: GET /session/d119162e921248fd1f7a065fe81fedfa/screenshot - {}
RESULT: {"using":"xpath","value":"//button[@aria-label=\"Create\"]"}
COMMAND: POST /session/d119162e921248fd1f7a065fe81fedfa/elements - {"using":"xpath","value":"//button[@aria-label=\"Create\"]"}
RESULT: {}
RESULT: {"using":"xpath","value":"//button[@aria-label=\"Create\"]"}
COMMAND: POST /session/d119162e921248fd1f7a065fe81fedfa/elements - {"using":"xpath","value":"//button[@aria-label=\"Create\"]"}
RESULT: {"using":"xpath","value":"//button[@aria-label=\"Create\"]"}
COMMAND: POST /session/d119162e921248fd1f7a065fe81fedfa/element - {"using":"xpath","value":"//button[@aria-label=\"Create\"]"}
RESULT: {"using":"xpath","value":"//button[@aria-label=\"Create\"]"}
COMMAND: POST /session/d119162e921248fd1f7a065fe81fedfa/execute/sync - {"script":"<script> [8489 bytes]","args":[{"element-6066-11e4-a52e-4f735466cecf":"f.7D8252E83238221F8080DA22DD8FFCA1.d.EF2A78FB9E38B2029700AC368C82F7BB.e.17740","ELEMENT":"f.7D8252E83238221F8080DA22DD8FFCA1.d.EF2A78FB9E38B2029700AC368C82F7BB.e.17740"}]}
RESULT: {"script":"<script> [8489 bytes]","args":[{"element-6066-11e4-a52e-4f735466cecf":"f.7D8252E83238221F8080DA22DD8FFCA1.d.EF2A78FB9E38B2029700AC368C82F7BB.e.17740","ELEMENT":"f.7D8252E83238221F8080DA22DD8FFCA1.d.EF2A78FB9E38B2029700AC368C82F7BB.e.17740"}]}
COMMAND: GET /session/d119162e921248fd1f7a065fe81fedfa/element/f.7D8252E83238221F8080DA22DD8FFCA1.d.EF2A78FB9E38B2029700AC368C82F7BB.e.17740/enabled - {}
COMMAND: GET /session/d119162e921248fd1f7a065fe81fedfa/screenshot - {}
RESULT: {}
COMMAND: POST /session/d119162e921248fd1f7a065fe81fedfa/execute/sync - {"script":"<script> [8489 bytes]","args":[{"element-6066-11e4-a52e-4f735466cecf":"f.7D8252E83238221F8080DA22DD8FFCA1.d.EF2A78FB9E38B2029700AC368C82F7BB.e.17740","ELEMENT":"f.7D8252E83238221F8080DA22DD8FFCA1.d.EF2A78FB9E38B2029700AC368C82F7BB.e.17740"}]}
COMMAND: GET /session/d119162e921248fd1f7a065fe81fedfa/screenshot - {}
RESULT: {}
RESULT: {"script":"<script> [8489 bytes]","args":[{"element-6066-11e4-a52e-4f735466cecf":"f.7D8252E83238221F8080DA22DD8FFCA1.d.EF2A78FB9E38B2029700AC368C82F7BB.e.17740","ELEMENT":"f.7D8252E83238221F8080DA22DD8FFCA1.d.EF2A78FB9E38B2029700AC368C82F7BB.e.17740"}]}
COMMAND: POST /session/d119162e921248fd1f7a065fe81fedfa/execute/sync - {"script":"<script> [5351 bytes]","args":[{"element-6066-11e4-a52e-4f735466cecf":"f.7D8252E83238221F8080DA22DD8FFCA1.d.EF2A78FB9E38B2029700AC368C82F7BB.e.17740","ELEMENT":"f.7D8252E83238221F8080DA22DD8FFCA1.d.EF2A78FB9E38B2029700AC368C82F7BB.e.17740"}]}
COMMAND: GET /session/d119162e921248fd1f7a065fe81fedfa/screenshot - {}
RESULT: {}
RESULT: {}
RESULT: {"script":"<script> [5351 bytes]","args":[{"element-6066-11e4-a52e-4f735466cecf":"f.7D8252E83238221F8080DA22DD8FFCA1.d.EF2A78FB9E38B2029700AC368C82F7BB.e.17740","ELEMENT":"f.7D8252E83238221F8080DA22DD8FFCA1.d.EF2A78FB9E38B2029700AC368C82F7BB.e.17740"}]}
COMMAND: POST /session/d119162e921248fd1f7a065fe81fedfa/element/f.7D8252E83238221F8080DA22DD8FFCA1.d.EF2A78FB9E38B2029700AC368C82F7BB.e.17740/click - {}
COMMAND: GET /session/d119162e921248fd1f7a065fe81fedfa/screenshot - {}
RESULT: {}
COMMAND: GET /session/d119162e921248fd1f7a065fe81fedfa/screenshot - {}
RESULT: {}
RESULT: {}
COMMAND: POST /session/d119162e921248fd1f7a065fe81fedfa/actions - {"actions":[{"id":"action62","type":"key","parameters":{},"actions":[{"type":"keyDown","value":"î€‡"},{"type":"pause","duration":10},{"type":"keyUp","value":"î€‡"}]}]}
RESULT: {"actions":[{"id":"action62","type":"key","parameters":{},"actions":[{"type":"keyDown","value":"î€‡"},{"type":"pause","duration":10},{"type":"keyUp","value":"î€‡"}]}]}
COMMAND: GET /session/d119162e921248fd1f7a065fe81fedfa/screenshot - {}
RESULT: {}
COMMAND: POST /session/d119162e921248fd1f7a065fe81fedfa/execute/async - {"script":"<script> [1562 bytes]","args":[{"selector":{"id":"application-manageconditionprice-display-component---newCondition--condBillCond-arrow"},"wdio_ui5_key":"applicationmanageconditionprice-display-component---newCondition--condBillCond-arrow"}]}
RESULT: {"script":"<script> [1562 bytes]","args":[{"selector":{"id":"application-manageconditionprice-display-component---newCondition--condBillCond-arrow"},"wdio_ui5_key":"applicationmanageconditionprice-display-component---newCondition--condBillCond-arrow"}]}
RESULT: undefined
COMMAND: POST /session/d119162e921248fd1f7a065fe81fedfa/element - {"using":"xpath","value":"//*[@id=\"application-manageconditionprice-display-component---newCondition--condBillCond-arrow\"]"}
RESULT: {"using":"xpath","value":"//*[@id=\"application-manageconditionprice-display-component---newCondition--condBillCond-arrow\"]"}
COMMAND: POST /session/d119162e921248fd1f7a065fe81fedfa/element/f.7D8252E83238221F8080DA22DD8FFCA1.d.EF2A78FB9E38B2029700AC368C82F7BB.e.17911/click - {}
RESULT: {}
COMMAND: GET /session/d119162e921248fd1f7a065fe81fedfa/screenshot - {}
RESULT: {}
COMMAND: POST /session/d119162e921248fd1f7a065fe81fedfa/element - {"using":"xpath","value":"//li[.//span[contains(text(), \"DISP - D&I special price\")]]"}
RESULT: {"using":"xpath","value":"//li[.//span[contains(text(), \"DISP - D&I special price\")]]"}
COMMAND: POST /session/d119162e921248fd1f7a065fe81fedfa/element/f.7D8252E83238221F8080DA22DD8FFCA1.d.EF2A78FB9E38B2029700AC368C82F7BB.e.17915/click - {}
RESULT: {}
COMMAND: GET /session/d119162e921248fd1f7a065fe81fedfa/screenshot - {}
RESULT: {}
COMMAND: POST /session/d119162e921248fd1f7a065fe81fedfa/execute/async - {"script":"<script> [1562 bytes]","args":[{"selector":{"id":"application-manageconditionprice-display-component---newCondition--condValidTo","interaction":{"idSuffix":"inner"}},"wdio_ui5_key":"applicationmanageconditionprice-display-component---newCondition--condValidTo"}]}
RESULT: {"script":"<script> [1562 bytes]","args":[{"selector":{"id":"application-manageconditionprice-display-component---newCondition--condValidTo","interaction":{"idSuffix":"inner"}},"wdio_ui5_key":"applicationmanageconditionprice-display-component---newCondition--condValidTo"}]}
RESULT: undefined
COMMAND: POST /session/d119162e921248fd1f7a065fe81fedfa/execute/async - {"script":"<script> [776 bytes]","args":[{"enterText":"01/05/26","selector":{"id":"application-manageconditionprice-display-component---newCondition--condValidTo","interaction":{"idSuffix":"inner"}},"clearTextFirst":true,"interactionType":"ENTER_TEXT"}]}
RESULT: {"script":"<script> [776 bytes]","args":[{"enterText":"01/05/26","selector":{"id":"application-manageconditionprice-display-component---newCondition--condValidTo","interaction":{"idSuffix":"inner"}},"clearTextFirst":true,"interactionType":"ENTER_TEXT"}]}
COMMAND: POST /session/d119162e921248fd1f7a065fe81fedfa/element - {"using":"xpath","value":"//input[@id=\"application-manageconditionprice-display-component---newCondition--condRU-inner\"]"}
RESULT: {"using":"xpath","value":"//input[@id=\"application-manageconditionprice-display-component---newCondition--condRU-inner\"]"}
COMMAND: POST /session/d119162e921248fd1f7a065fe81fedfa/element/f.7D8252E83238221F8080DA22DD8FFCA1.d.EF2A78FB9E38B2029700AC368C82F7BB.e.17781/clear - {}
RESULT: {}
COMMAND: POST /session/d119162e921248fd1f7a065fe81fedfa/element/f.7D8252E83238221F8080DA22DD8FFCA1.d.EF2A78FB9E38B2029700AC368C82F7BB.e.17781/value - {"text":"FN0n2yWRNE"}
COMMAND: GET /session/d119162e921248fd1f7a065fe81fedfa/screenshot - {}
RESULT: {"text":"FN0n2yWRNE"}
COMMAND: GET /session/d119162e921248fd1f7a065fe81fedfa/screenshot - {}
RESULT: {}
RESULT: {}
COMMAND: POST /session/d119162e921248fd1f7a065fe81fedfa/actions - {"actions":[{"id":"action63","type":"key","parameters":{},"actions":[{"type":"keyDown","value":"î€‡"},{"type":"pause","duration":10},{"type":"keyUp","value":"î€‡"}]}]}
RESULT: {"actions":[{"id":"action63","type":"key","parameters":{},"actions":[{"type":"keyDown","value":"î€‡"},{"type":"pause","duration":10},{"type":"keyUp","value":"î€‡"}]}]}
COMMAND: POST /session/d119162e921248fd1f7a065fe81fedfa/execute/async - {"script":"<script> [1562 bytes]","args":[{"selector":{"id":"application-manageconditionprice-display-component---newCondition--condBaseQty","interaction":{"idSuffix":"inner"}},"wdio_ui5_key":"applicationmanageconditionprice-display-component---newCondition--condBaseQty"}]}
COMMAND: GET /session/d119162e921248fd1f7a065fe81fedfa/screenshot - {}
RESULT: {"script":"<script> [1562 bytes]","args":[{"selector":{"id":"application-manageconditionprice-display-component---newCondition--condBaseQty","interaction":{"idSuffix":"inner"}},"wdio_ui5_key":"applicationmanageconditionprice-display-component---newCondition--condBaseQty"}]}
RESULT: undefined
COMMAND: POST /session/d119162e921248fd1f7a065fe81fedfa/execute/async - {"script":"<script> [776 bytes]","args":[{"enterText":"1","selector":{"id":"application-manageconditionprice-display-component---newCondition--condBaseQty","interaction":{"idSuffix":"inner"}},"clearTextFirst":true,"interactionType":"ENTER_TEXT"}]}
RESULT: {}
RESULT: {"script":"<script> [776 bytes]","args":[{"enterText":"1","selector":{"id":"application-manageconditionprice-display-component---newCondition--condBaseQty","interaction":{"idSuffix":"inner"}},"clearTextFirst":true,"interactionType":"ENTER_TEXT"}]}
COMMAND: POST /session/d119162e921248fd1f7a065fe81fedfa/execute/async - {"script":"<script> [1562 bytes]","args":[{"selector":{"id":"application-manageconditionprice-display-component---newCondition--condValue","interaction":{"idSuffix":"inner"}},"wdio_ui5_key":"applicationmanageconditionprice-display-component---newCondition--condValue"}]}
RESULT: {"script":"<script> [1562 bytes]","args":[{"selector":{"id":"application-manageconditionprice-display-component---newCondition--condValue","interaction":{"idSuffix":"inner"}},"wdio_ui5_key":"applicationmanageconditionprice-display-component---newCondition--condValue"}]}
RESULT: undefined
COMMAND: POST /session/d119162e921248fd1f7a065fe81fedfa/execute/async - {"script":"<script> [776 bytes]","args":[{"enterText":"100","selector":{"id":"application-manageconditionprice-display-component---newCondition--condValue","interaction":{"idSuffix":"inner"}},"clearTextFirst":true,"interactionType":"ENTER_TEXT"}]}
RESULT: {"script":"<script> [776 bytes]","args":[{"enterText":"100","selector":{"id":"application-manageconditionprice-display-component---newCondition--condValue","interaction":{"idSuffix":"inner"}},"clearTextFirst":true,"interactionType":"ENTER_TEXT"}]}
COMMAND: POST /session/d119162e921248fd1f7a065fe81fedfa/execute/async - {"script":"<script> [1562 bytes]","args":[{"selector":{"id":"application-manageconditionprice-display-component---newCondition--condCurr-arrow"},"wdio_ui5_key":"applicationmanageconditionprice-display-component---newCondition--condCurr-arrow"}]}
RESULT: {"script":"<script> [1562 bytes]","args":[{"selector":{"id":"application-manageconditionprice-display-component---newCondition--condCurr-arrow"},"wdio_ui5_key":"applicationmanageconditionprice-display-component---newCondition--condCurr-arrow"}]}
RESULT: undefined
COMMAND: POST /session/d119162e921248fd1f7a065fe81fedfa/element - {"using":"xpath","value":"//*[@id=\"application-manageconditionprice-display-component---newCondition--condCurr-arrow\"]"}
RESULT: {"using":"xpath","value":"//*[@id=\"application-manageconditionprice-display-component---newCondition--condCurr-arrow\"]"}
COMMAND: POST /session/d119162e921248fd1f7a065fe81fedfa/element/f.7D8252E83238221F8080DA22DD8FFCA1.d.EF2A78FB9E38B2029700AC368C82F7BB.e.17880/click - {}
RESULT: {}
COMMAND: POST /session/d119162e921248fd1f7a065fe81fedfa/element - {"using":"xpath","value":"//span[contains(text(), \"Euro\")]"}
COMMAND: GET /session/d119162e921248fd1f7a065fe81fedfa/screenshot - {}
RESULT: {"using":"xpath","value":"//span[contains(text(), \"Euro\")]"}
COMMAND: POST /session/d119162e921248fd1f7a065fe81fedfa/element/f.7D8252E83238221F8080DA22DD8FFCA1.d.EF2A78FB9E38B2029700AC368C82F7BB.e.17952/click - {}
RESULT: {}
RESULT: {}
COMMAND: POST /session/d119162e921248fd1f7a065fe81fedfa/element - {"using":"xpath","value":"//button[@data-kt=\"saveButton\"]"}
COMMAND: GET /session/d119162e921248fd1f7a065fe81fedfa/screenshot - {}
RESULT: {"using":"xpath","value":"//button[@data-kt=\"saveButton\"]"}
COMMAND: POST /session/d119162e921248fd1f7a065fe81fedfa/element/f.7D8252E83238221F8080DA22DD8FFCA1.d.EF2A78FB9E38B2029700AC368C82F7BB.e.17881/click - {}
RESULT: {}
RESULT: {}
COMMAND: GET /session/d119162e921248fd1f7a065fe81fedfa/screenshot - {}
RESULT: {}
COMMAND: POST /session/d119162e921248fd1f7a065fe81fedfa/execute/async - {"script":"<script> [1562 bytes]","args":[{"selector":{"id":"application-manageconditionprice-display-component---conditions--smartFilterBar-btnBasicSearch","interaction":{"idSuffix":"I"}},"wdio_ui5_key":"applicationmanageconditionprice-display-component---conditions--smartFilterBar-btnBasicSearch"}]}
RESULT: {"script":"<script> [1562 bytes]","args":[{"selector":{"id":"application-manageconditionprice-display-component---conditions--smartFilterBar-btnBasicSearch","interaction":{"idSuffix":"I"}},"wdio_ui5_key":"applicationmanageconditionprice-display-component---conditions--smartFilterBar-btnBasicSearch"}]}
RESULT: undefined
COMMAND: POST /session/d119162e921248fd1f7a065fe81fedfa/execute/async - {"script":"<script> [776 bytes]","args":[{"enterText":"FN0n2yWRNE","selector":{"id":"application-manageconditionprice-display-component---conditions--smartFilterBar-btnBasicSearch","interaction":{"idSuffix":"I"}},"clearTextFirst":true,"interactionType":"ENTER_TEXT"}]}
RESULT: {"script":"<script> [776 bytes]","args":[{"enterText":"FN0n2yWRNE","selector":{"id":"application-manageconditionprice-display-component---conditions--smartFilterBar-btnBasicSearch","interaction":{"idSuffix":"I"}},"clearTextFirst":true,"interactionType":"ENTER_TEXT"}]}
COMMAND: POST /session/d119162e921248fd1f7a065fe81fedfa/actions - {"actions":[{"id":"action64","type":"key","parameters":{},"actions":[{"type":"keyDown","value":"î€‡"},{"type":"pause","duration":10},{"type":"keyUp","value":"î€‡"}]}]}
RESULT: {"actions":[{"id":"action64","type":"key","parameters":{},"actions":[{"type":"keyDown","value":"î€‡"},{"type":"pause","duration":10},{"type":"keyUp","value":"î€‡"}]}]}
COMMAND: GET /session/d119162e921248fd1f7a065fe81fedfa/screenshot - {}
RESULT: {}
COMMAND: POST /session/d119162e921248fd1f7a065fe81fedfa/execute/async - {"script":"<script> [1562 bytes]","args":[{"selector":{"id":"application-manageconditionprice-display-component---conditions--smartFilterBar-filterItemControl_BASIC-BILL_TYPES-vhi"},"wdio_ui5_key":"applicationmanageconditionprice-display-component---conditions--smartFilterBar-filterItemControl_BASIC-BILL_TYPES-vhi"}]}
RESULT: {"script":"<script> [1562 bytes]","args":[{"selector":{"id":"application-manageconditionprice-display-component---conditions--smartFilterBar-filterItemControl_BASIC-BILL_TYPES-vhi"},"wdio_ui5_key":"applicationmanageconditionprice-display-component---conditions--smartFilterBar-filterItemControl_BASIC-BILL_TYPES-vhi"}]}
RESULT: undefined
COMMAND: POST /session/d119162e921248fd1f7a065fe81fedfa/element - {"using":"xpath","value":"//*[@id=\"application-manageconditionprice-display-component---conditions--smartFilterBar-filterItemControl_BASIC-BILL_TYPES-vhi\"]"}
RESULT: {"using":"xpath","value":"//*[@id=\"application-manageconditionprice-display-component---conditions--smartFilterBar-filterItemControl_BASIC-BILL_TYPES-vhi\"]"}
COMMAND: POST /session/d119162e921248fd1f7a065fe81fedfa/element/f.7D8252E83238221F8080DA22DD8FFCA1.d.EF2A78FB9E38B2029700AC368C82F7BB.e.17969/click - {}
RESULT: {}
COMMAND: POST /session/d119162e921248fd1f7a065fe81fedfa/execute/async - {"script":"<script> [1562 bytes]","args":[{"selector":{"id":"application-manageconditionprice-display-component---conditions--smartFilterBar-filterItemControl_BASIC-BILL_TYPES-valueHelpDialog-smartFilterBar-btnBasicSearch","searchOpenDialogs":true,"interaction":{"idSuffix":"I"}},"wdio_ui5_key":"applicationmanageconditionprice-display-component---conditions--smartFilterBar-filterItemControl_BASIC-BILL_TYPES-valueHelpDialog-smartFilterBar-btnBasicSearch"}]}
COMMAND: GET /session/d119162e921248fd1f7a065fe81fedfa/screenshot - {}
RESULT: {"script":"<script> [1562 bytes]","args":[{"selector":{"id":"application-manageconditionprice-display-component---conditions--smartFilterBar-filterItemControl_BASIC-BILL_TYPES-valueHelpDialog-smartFilterBar-btnBasicSearch","searchOpenDialogs":true,"interaction":{"idSuffix":"I"}},"wdio_ui5_key":"applicationmanageconditionprice-display-component---conditions--smartFilterBar-filterItemControl_BASIC-BILL_TYPES-valueHelpDialog-smartFilterBar-btnBasicSearch"}]}
RESULT: undefined
COMMAND: POST /session/d119162e921248fd1f7a065fe81fedfa/execute/async - {"script":"<script> [776 bytes]","args":[{"enterText":"TB","selector":{"id":"application-manageconditionprice-display-component---conditions--smartFilterBar-filterItemControl_BASIC-BILL_TYPES-valueHelpDialog-smartFilterBar-btnBasicSearch","searchOpenDialogs":true,"interaction":{"idSuffix":"I"}},"clearTextFirst":true,"interactionType":"ENTER_TEXT"}]}
RESULT: {}
RESULT: {"script":"<script> [776 bytes]","args":[{"enterText":"TB","selector":{"id":"application-manageconditionprice-display-component---conditions--smartFilterBar-filterItemControl_BASIC-BILL_TYPES-valueHelpDialog-smartFilterBar-btnBasicSearch","searchOpenDialogs":true,"interaction":{"idSuffix":"I"}},"clearTextFirst":true,"interactionType":"ENTER_TEXT"}]}
COMMAND: POST /session/d119162e921248fd1f7a065fe81fedfa/actions - {"actions":[{"id":"action65","type":"key","parameters":{},"actions":[{"type":"keyDown","value":"î€‡"},{"type":"pause","duration":10},{"type":"keyUp","value":"î€‡"}]}]}
RESULT: {"actions":[{"id":"action65","type":"key","parameters":{},"actions":[{"type":"keyDown","value":"î€‡"},{"type":"pause","duration":10},{"type":"keyUp","value":"î€‡"}]}]}
COMMAND: GET /session/d119162e921248fd1f7a065fe81fedfa/screenshot - {}
RESULT: {}
COMMAND: POST /session/d119162e921248fd1f7a065fe81fedfa/element - {"using":"xpath","value":"//div[contains(@id, 'application-manageconditionprice-display-component---conditions--smartFilterBar-filterItemControl_BASIC-BILL_TYPES-valueHelpDialog-table-rowsel0')]"}
RESULT: {"using":"xpath","value":"//div[contains(@id, 'application-manageconditionprice-display-component---conditions--smartFilterBar-filterItemControl_BASIC-BILL_TYPES-valueHelpDialog-table-rowsel0')]"}
COMMAND: POST /session/d119162e921248fd1f7a065fe81fedfa/element/f.7D8252E83238221F8080DA22DD8FFCA1.d.EF2A78FB9E38B2029700AC368C82F7BB.e.17979/click - {}
RESULT: {}
COMMAND: GET /session/d119162e921248fd1f7a065fe81fedfa/screenshot - {}
RESULT: {}
COMMAND: POST /session/d119162e921248fd1f7a065fe81fedfa/element - {"using":"xpath","value":"//bdi[contains(text(), \"OK\")]"}
RESULT: {"using":"xpath","value":"//bdi[contains(text(), \"OK\")]"}
COMMAND: POST /session/d119162e921248fd1f7a065fe81fedfa/element/f.7D8252E83238221F8080DA22DD8FFCA1.d.EF2A78FB9E38B2029700AC368C82F7BB.e.17981/click - {}
RESULT: {}
COMMAND: GET /session/d119162e921248fd1f7a065fe81fedfa/screenshot - {}
RESULT: {}
COMMAND: POST /session/d119162e921248fd1f7a065fe81fedfa/element - {"using":"xpath","value":"//span[@id=\"application-manageconditionprice-display-component---conditions--smartTable-header-inner\"]"}
RESULT: {"using":"xpath","value":"//span[@id=\"application-manageconditionprice-display-component---conditions--smartTable-header-inner\"]"}
COMMAND: POST /session/d119162e921248fd1f7a065fe81fedfa/elements - {"using":"xpath","value":"//span[@id=\"application-manageconditionprice-display-component---conditions--smartTable-header-inner\"]"}
RESULT: {"using":"xpath","value":"//span[@id=\"application-manageconditionprice-display-component---conditions--smartTable-header-inner\"]"}
COMMAND: POST /session/d119162e921248fd1f7a065fe81fedfa/execute/sync - {"script":"<script> [56 bytes]","args":[{"element-6066-11e4-a52e-4f735466cecf":"f.7D8252E83238221F8080DA22DD8FFCA1.d.EF2A78FB9E38B2029700AC368C82F7BB.e.17984","ELEMENT":"f.7D8252E83238221F8080DA22DD8FFCA1.d.EF2A78FB9E38B2029700AC368C82F7BB.e.17984"}]}
RESULT: {"script":"<script> [56 bytes]","args":[{"element-6066-11e4-a52e-4f735466cecf":"f.7D8252E83238221F8080DA22DD8FFCA1.d.EF2A78FB9E38B2029700AC368C82F7BB.e.17984","ELEMENT":"f.7D8252E83238221F8080DA22DD8FFCA1.d.EF2A78FB9E38B2029700AC368C82F7BB.e.17984"}]}
COMMAND: POST /session/d119162e921248fd1f7a065fe81fedfa/element - {"using":"css selector","value":"#shell-header-logo"}
COMMAND: GET /session/d119162e921248fd1f7a065fe81fedfa/screenshot - {}
RESULT: {"using":"css selector","value":"#shell-header-logo"}
COMMAND: POST /session/d119162e921248fd1f7a065fe81fedfa/element/f.7D8252E83238221F8080DA22DD8FFCA1.d.EF2A78FB9E38B2029700AC368C82F7BB.e.17708/click - {}
RESULT: {}
RESULT: {}
COMMAND: GET /session/d119162e921248fd1f7a065fe81fedfa/screenshot - {}
RESULT: {}
]]></system-out>
    </testcase>
    <testcase classname="chrome.135_0_7049_96.windows.Billing_Calculation_-_Time_based_(considering_transport_times)_US139738" name="Should do a stock increase for the equipment" time="77.874">
      <system-out><![CDATA[
COMMAND: POST /session/d119162e921248fd1f7a065fe81fedfa/execute/async - {"script":"<script> [1562 bytes]","args":[{"selector":{"controlType":"sap.m.Text","viewName":"etm.portal.ui.managehandoverstile.view.Master","properties":{"text":"Manage Handovers"},"interaction":{"idSuffix":"inner"}},"wdio_ui5_key":"etmportal.ui.managehandoverstile.view.Mastersap.m.Text{\"text\":\"Manage Handovers\"}"}]}
RESULT: {"script":"<script> [1562 bytes]","args":[{"selector":{"controlType":"sap.m.Text","viewName":"etm.portal.ui.managehandoverstile.view.Master","properties":{"text":"Manage Handovers"},"interaction":{"idSuffix":"inner"}},"wdio_ui5_key":"etmportal.ui.managehandoverstile.view.Mastersap.m.Text{\"text\":\"Manage Handovers\"}"}]}
RESULT: undefined
COMMAND: POST /session/d119162e921248fd1f7a065fe81fedfa/element - {"using":"xpath","value":"//*[@id=\"__tile133-title\"]"}
RESULT: {"using":"xpath","value":"//*[@id=\"__tile133-title\"]"}
COMMAND: POST /session/d119162e921248fd1f7a065fe81fedfa/element/f.7D8252E83238221F8080DA22DD8FFCA1.d.EF2A78FB9E38B2029700AC368C82F7BB.e.17989/click - {}
RESULT: {}
COMMAND: POST /session/d119162e921248fd1f7a065fe81fedfa/element - {"using":"xpath","value":"//button[@data-kt=\"masterHOAddButton\"]"}
COMMAND: GET /session/d119162e921248fd1f7a065fe81fedfa/screenshot - {}
RESULT: {"using":"xpath","value":"//button[@data-kt=\"masterHOAddButton\"]"}
COMMAND: POST /session/d119162e921248fd1f7a065fe81fedfa/elements - {"using":"xpath","value":"//button[@data-kt=\"masterHOAddButton\"]"}
RESULT: {}
RESULT: {"using":"xpath","value":"//button[@data-kt=\"masterHOAddButton\"]"}
COMMAND: POST /session/d119162e921248fd1f7a065fe81fedfa/elements - {"using":"xpath","value":"//button[@data-kt=\"masterHOAddButton\"]"}
RESULT: {"using":"xpath","value":"//button[@data-kt=\"masterHOAddButton\"]"}
COMMAND: POST /session/d119162e921248fd1f7a065fe81fedfa/elements - {"using":"xpath","value":"//button[@data-kt=\"masterHOAddButton\"]"}
RESULT: {"using":"xpath","value":"//button[@data-kt=\"masterHOAddButton\"]"}
COMMAND: POST /session/d119162e921248fd1f7a065fe81fedfa/elements - {"using":"xpath","value":"//button[@data-kt=\"masterHOAddButton\"]"}
RESULT: {"using":"xpath","value":"//button[@data-kt=\"masterHOAddButton\"]"}
COMMAND: POST /session/d119162e921248fd1f7a065fe81fedfa/elements - {"using":"xpath","value":"//button[@data-kt=\"masterHOAddButton\"]"}
RESULT: {"using":"xpath","value":"//button[@data-kt=\"masterHOAddButton\"]"}
COMMAND: POST /session/d119162e921248fd1f7a065fe81fedfa/elements - {"using":"xpath","value":"//button[@data-kt=\"masterHOAddButton\"]"}
RESULT: {"using":"xpath","value":"//button[@data-kt=\"masterHOAddButton\"]"}
COMMAND: POST /session/d119162e921248fd1f7a065fe81fedfa/elements - {"using":"xpath","value":"//button[@data-kt=\"masterHOAddButton\"]"}
RESULT: {"using":"xpath","value":"//button[@data-kt=\"masterHOAddButton\"]"}
COMMAND: POST /session/d119162e921248fd1f7a065fe81fedfa/elements - {"using":"xpath","value":"//button[@data-kt=\"masterHOAddButton\"]"}
RESULT: {"using":"xpath","value":"//button[@data-kt=\"masterHOAddButton\"]"}
COMMAND: POST /session/d119162e921248fd1f7a065fe81fedfa/elements - {"using":"xpath","value":"//button[@data-kt=\"masterHOAddButton\"]"}
RESULT: {"using":"xpath","value":"//button[@data-kt=\"masterHOAddButton\"]"}
COMMAND: POST /session/d119162e921248fd1f7a065fe81fedfa/elements - {"using":"xpath","value":"//button[@data-kt=\"masterHOAddButton\"]"}
RESULT: {"using":"xpath","value":"//button[@data-kt=\"masterHOAddButton\"]"}
COMMAND: POST /session/d119162e921248fd1f7a065fe81fedfa/elements - {"using":"xpath","value":"//button[@data-kt=\"masterHOAddButton\"]"}
RESULT: {"using":"xpath","value":"//button[@data-kt=\"masterHOAddButton\"]"}
COMMAND: POST /session/d119162e921248fd1f7a065fe81fedfa/elements - {"using":"xpath","value":"//button[@data-kt=\"masterHOAddButton\"]"}
RESULT: {"using":"xpath","value":"//button[@data-kt=\"masterHOAddButton\"]"}
COMMAND: POST /session/d119162e921248fd1f7a065fe81fedfa/elements - {"using":"xpath","value":"//button[@data-kt=\"masterHOAddButton\"]"}
RESULT: {"using":"xpath","value":"//button[@data-kt=\"masterHOAddButton\"]"}
COMMAND: POST /session/d119162e921248fd1f7a065fe81fedfa/elements - {"using":"xpath","value":"//button[@data-kt=\"masterHOAddButton\"]"}
RESULT: {"using":"xpath","value":"//button[@data-kt=\"masterHOAddButton\"]"}
COMMAND: POST /session/d119162e921248fd1f7a065fe81fedfa/elements - {"using":"xpath","value":"//button[@data-kt=\"masterHOAddButton\"]"}
RESULT: {"using":"xpath","value":"//button[@data-kt=\"masterHOAddButton\"]"}
COMMAND: POST /session/d119162e921248fd1f7a065fe81fedfa/elements - {"using":"xpath","value":"//button[@data-kt=\"masterHOAddButton\"]"}
RESULT: {"using":"xpath","value":"//button[@data-kt=\"masterHOAddButton\"]"}
COMMAND: POST /session/d119162e921248fd1f7a065fe81fedfa/element - {"using":"xpath","value":"//button[@data-kt=\"masterHOAddButton\"]"}
RESULT: {"using":"xpath","value":"//button[@data-kt=\"masterHOAddButton\"]"}
COMMAND: POST /session/d119162e921248fd1f7a065fe81fedfa/execute/sync - {"script":"<script> [8489 bytes]","args":[{"element-6066-11e4-a52e-4f735466cecf":"f.7D8252E83238221F8080DA22DD8FFCA1.d.EF2A78FB9E38B2029700AC368C82F7BB.e.18015","ELEMENT":"f.7D8252E83238221F8080DA22DD8FFCA1.d.EF2A78FB9E38B2029700AC368C82F7BB.e.18015"}]}
RESULT: {"script":"<script> [8489 bytes]","args":[{"element-6066-11e4-a52e-4f735466cecf":"f.7D8252E83238221F8080DA22DD8FFCA1.d.EF2A78FB9E38B2029700AC368C82F7BB.e.18015","ELEMENT":"f.7D8252E83238221F8080DA22DD8FFCA1.d.EF2A78FB9E38B2029700AC368C82F7BB.e.18015"}]}
COMMAND: GET /session/d119162e921248fd1f7a065fe81fedfa/element/f.7D8252E83238221F8080DA22DD8FFCA1.d.EF2A78FB9E38B2029700AC368C82F7BB.e.18015/enabled - {}
COMMAND: GET /session/d119162e921248fd1f7a065fe81fedfa/screenshot - {}
RESULT: {}
COMMAND: POST /session/d119162e921248fd1f7a065fe81fedfa/execute/sync - {"script":"<script> [8489 bytes]","args":[{"element-6066-11e4-a52e-4f735466cecf":"f.7D8252E83238221F8080DA22DD8FFCA1.d.EF2A78FB9E38B2029700AC368C82F7BB.e.18015","ELEMENT":"f.7D8252E83238221F8080DA22DD8FFCA1.d.EF2A78FB9E38B2029700AC368C82F7BB.e.18015"}]}
COMMAND: GET /session/d119162e921248fd1f7a065fe81fedfa/screenshot - {}
RESULT: {}
RESULT: {"script":"<script> [8489 bytes]","args":[{"element-6066-11e4-a52e-4f735466cecf":"f.7D8252E83238221F8080DA22DD8FFCA1.d.EF2A78FB9E38B2029700AC368C82F7BB.e.18015","ELEMENT":"f.7D8252E83238221F8080DA22DD8FFCA1.d.EF2A78FB9E38B2029700AC368C82F7BB.e.18015"}]}
COMMAND: POST /session/d119162e921248fd1f7a065fe81fedfa/execute/sync - {"script":"<script> [5351 bytes]","args":[{"element-6066-11e4-a52e-4f735466cecf":"f.7D8252E83238221F8080DA22DD8FFCA1.d.EF2A78FB9E38B2029700AC368C82F7BB.e.18015","ELEMENT":"f.7D8252E83238221F8080DA22DD8FFCA1.d.EF2A78FB9E38B2029700AC368C82F7BB.e.18015"}]}
COMMAND: GET /session/d119162e921248fd1f7a065fe81fedfa/screenshot - {}
RESULT: {}
RESULT: {"script":"<script> [5351 bytes]","args":[{"element-6066-11e4-a52e-4f735466cecf":"f.7D8252E83238221F8080DA22DD8FFCA1.d.EF2A78FB9E38B2029700AC368C82F7BB.e.18015","ELEMENT":"f.7D8252E83238221F8080DA22DD8FFCA1.d.EF2A78FB9E38B2029700AC368C82F7BB.e.18015"}]}
COMMAND: POST /session/d119162e921248fd1f7a065fe81fedfa/element/f.7D8252E83238221F8080DA22DD8FFCA1.d.EF2A78FB9E38B2029700AC368C82F7BB.e.18015/click - {}
COMMAND: GET /session/d119162e921248fd1f7a065fe81fedfa/screenshot - {}
RESULT: {}
RESULT: {}
COMMAND: GET /session/d119162e921248fd1f7a065fe81fedfa/screenshot - {}
RESULT: {}
RESULT: {}
COMMAND: POST /session/d119162e921248fd1f7a065fe81fedfa/element - {"using":"xpath","value":"//span[contains(@id ,\"AddNewHO--typeSelect-arrow\")]"}
RESULT: {"using":"xpath","value":"//span[contains(@id ,\"AddNewHO--typeSelect-arrow\")]"}
COMMAND: POST /session/d119162e921248fd1f7a065fe81fedfa/element/f.7D8252E83238221F8080DA22DD8FFCA1.d.EF2A78FB9E38B2029700AC368C82F7BB.e.18383/click - {}
RESULT: {}
COMMAND: GET /session/d119162e921248fd1f7a065fe81fedfa/screenshot - {}
RESULT: {}
COMMAND: POST /session/d119162e921248fd1f7a065fe81fedfa/element - {"using":"xpath","value":"(//li[contains(text(), \"stock increase yard\")])[1]"}
RESULT: {"using":"xpath","value":"(//li[contains(text(), \"stock increase yard\")])[1]"}
COMMAND: POST /session/d119162e921248fd1f7a065fe81fedfa/element/f.7D8252E83238221F8080DA22DD8FFCA1.d.EF2A78FB9E38B2029700AC368C82F7BB.e.18384/click - {}
RESULT: {}
COMMAND: GET /session/d119162e921248fd1f7a065fe81fedfa/screenshot - {}
RESULT: {}
COMMAND: POST /session/d119162e921248fd1f7a065fe81fedfa/execute/async - {"script":"<script> [1562 bytes]","args":[{"selector":{"id":"application-managehandovers-display-component---AddNewHO--dueDate","interaction":{"idSuffix":"inner"}},"wdio_ui5_key":"applicationmanagehandovers-display-component---AddNewHO--dueDate"}]}
RESULT: {"script":"<script> [1562 bytes]","args":[{"selector":{"id":"application-managehandovers-display-component---AddNewHO--dueDate","interaction":{"idSuffix":"inner"}},"wdio_ui5_key":"applicationmanagehandovers-display-component---AddNewHO--dueDate"}]}
RESULT: undefined
COMMAND: POST /session/d119162e921248fd1f7a065fe81fedfa/execute/async - {"script":"<script> [6424 bytes]","args":[{"element-6066-11e4-a52e-4f735466cecf":"f.7D8252E83238221F8080DA22DD8FFCA1.d.EF2A78FB9E38B2029700AC368C82F7BB.e.18386"},"setValue",["05/05/2025"]]}
RESULT: {"script":"<script> [6424 bytes]","args":[{"element-6066-11e4-a52e-4f735466cecf":"f.7D8252E83238221F8080DA22DD8FFCA1.d.EF2A78FB9E38B2029700AC368C82F7BB.e.18386"},"setValue",["05/05/2025"]]}
COMMAND: POST /session/d119162e921248fd1f7a065fe81fedfa/element - {"using":"xpath","value":"//input[@id=\"generalSectionFrg--receiveYard-inner\"]"}
RESULT: {"using":"xpath","value":"//input[@id=\"generalSectionFrg--receiveYard-inner\"]"}
COMMAND: POST /session/d119162e921248fd1f7a065fe81fedfa/element/f.7D8252E83238221F8080DA22DD8FFCA1.d.EF2A78FB9E38B2029700AC368C82F7BB.e.18392/clear - {}
RESULT: {}
COMMAND: POST /session/d119162e921248fd1f7a065fe81fedfa/element/f.7D8252E83238221F8080DA22DD8FFCA1.d.EF2A78FB9E38B2029700AC368C82F7BB.e.18392/value - {"text":"559"}
COMMAND: GET /session/d119162e921248fd1f7a065fe81fedfa/screenshot - {}
RESULT: {"text":"559"}
COMMAND: GET /session/d119162e921248fd1f7a065fe81fedfa/screenshot - {}
RESULT: {}
RESULT: {}
COMMAND: POST /session/d119162e921248fd1f7a065fe81fedfa/element - {"using":"xpath","value":"//li[.//span[text()='559']]"}
RESULT: {"using":"xpath","value":"//li[.//span[text()='559']]"}
COMMAND: POST /session/d119162e921248fd1f7a065fe81fedfa/element/f.7D8252E83238221F8080DA22DD8FFCA1.d.EF2A78FB9E38B2029700AC368C82F7BB.e.18410/click - {}
RESULT: {}
COMMAND: GET /session/d119162e921248fd1f7a065fe81fedfa/screenshot - {}
RESULT: {}
COMMAND: POST /session/d119162e921248fd1f7a065fe81fedfa/execute/async - {"script":"<script> [1562 bytes]","args":[{"selector":{"id":"application-managehandovers-display-component---AddNewHO--ObjectPageLayout-anchBar-application-managehandovers-display-component---AddNewHO--section4-anchor","interaction":{"idSuffix":"BDI-content"}},"wdio_ui5_key":"applicationmanagehandovers-display-component---AddNewHO--ObjectPageLayout-anchBar-application-managehandovers-display-component---AddNewHO--section4-anchor"}]}
RESULT: {"script":"<script> [1562 bytes]","args":[{"selector":{"id":"application-managehandovers-display-component---AddNewHO--ObjectPageLayout-anchBar-application-managehandovers-display-component---AddNewHO--section4-anchor","interaction":{"idSuffix":"BDI-content"}},"wdio_ui5_key":"applicationmanagehandovers-display-component---AddNewHO--ObjectPageLayout-anchBar-application-managehandovers-display-component---AddNewHO--section4-anchor"}]}
RESULT: undefined
COMMAND: POST /session/d119162e921248fd1f7a065fe81fedfa/element - {"using":"xpath","value":"//*[@id=\"application-managehandovers-display-component---AddNewHO--ObjectPageLayout-anchBar-application-managehandovers-display-component---AddNewHO--section4-anchor\"]"}
RESULT: {"using":"xpath","value":"//*[@id=\"application-managehandovers-display-component---AddNewHO--ObjectPageLayout-anchBar-application-managehandovers-display-component---AddNewHO--section4-anchor\"]"}
COMMAND: POST /session/d119162e921248fd1f7a065fe81fedfa/element/f.7D8252E83238221F8080DA22DD8FFCA1.d.EF2A78FB9E38B2029700AC368C82F7BB.e.18412/click - {}
RESULT: {}
COMMAND: POST /session/d119162e921248fd1f7a065fe81fedfa/element - {"using":"xpath","value":"//button[@aria-label=\"Add\"]"}
COMMAND: GET /session/d119162e921248fd1f7a065fe81fedfa/screenshot - {}
RESULT: {"using":"xpath","value":"//button[@aria-label=\"Add\"]"}
COMMAND: POST /session/d119162e921248fd1f7a065fe81fedfa/element/f.7D8252E83238221F8080DA22DD8FFCA1.d.EF2A78FB9E38B2029700AC368C82F7BB.e.18414/click - {}
RESULT: {}
RESULT: {}
COMMAND: GET /session/d119162e921248fd1f7a065fe81fedfa/screenshot - {}
RESULT: {}
COMMAND: POST /session/d119162e921248fd1f7a065fe81fedfa/execute/async - {"script":"<script> [1562 bytes]","args":[{"selector":{"id":"application-managehandovers-display-component---AddNewHO--smartFilterBar-btnBasicSearch","searchOpenDialogs":true,"interaction":{"idSuffix":"I"}},"wdio_ui5_key":"applicationmanagehandovers-display-component---AddNewHO--smartFilterBar-btnBasicSearch"}]}
RESULT: {"script":"<script> [1562 bytes]","args":[{"selector":{"id":"application-managehandovers-display-component---AddNewHO--smartFilterBar-btnBasicSearch","searchOpenDialogs":true,"interaction":{"idSuffix":"I"}},"wdio_ui5_key":"applicationmanagehandovers-display-component---AddNewHO--smartFilterBar-btnBasicSearch"}]}
RESULT: undefined
COMMAND: POST /session/d119162e921248fd1f7a065fe81fedfa/execute/async - {"script":"<script> [776 bytes]","args":[{"enterText":"FN0n2yWRNE","selector":{"id":"application-managehandovers-display-component---AddNewHO--smartFilterBar-btnBasicSearch","searchOpenDialogs":true,"interaction":{"idSuffix":"I"}},"clearTextFirst":true,"interactionType":"ENTER_TEXT"}]}
RESULT: {"script":"<script> [776 bytes]","args":[{"enterText":"FN0n2yWRNE","selector":{"id":"application-managehandovers-display-component---AddNewHO--smartFilterBar-btnBasicSearch","searchOpenDialogs":true,"interaction":{"idSuffix":"I"}},"clearTextFirst":true,"interactionType":"ENTER_TEXT"}]}
COMMAND: POST /session/d119162e921248fd1f7a065fe81fedfa/actions - {"actions":[{"id":"action66","type":"key","parameters":{},"actions":[{"type":"keyDown","value":"î€‡"},{"type":"pause","duration":10},{"type":"keyUp","value":"î€‡"}]}]}
RESULT: {"actions":[{"id":"action66","type":"key","parameters":{},"actions":[{"type":"keyDown","value":"î€‡"},{"type":"pause","duration":10},{"type":"keyUp","value":"î€‡"}]}]}
COMMAND: GET /session/d119162e921248fd1f7a065fe81fedfa/screenshot - {}
RESULT: {}
COMMAND: POST /session/d119162e921248fd1f7a065fe81fedfa/execute/async - {"script":"<script> [1562 bytes]","args":[{"selector":{"id":"application-managehandovers-display-component---AddNewHO--popup-sa","searchOpenDialogs":true,"interaction":{"idSuffix":"CbBg"}},"wdio_ui5_key":"applicationmanagehandovers-display-component---AddNewHO--popup-sa"}]}
RESULT: {"script":"<script> [1562 bytes]","args":[{"selector":{"id":"application-managehandovers-display-component---AddNewHO--popup-sa","searchOpenDialogs":true,"interaction":{"idSuffix":"CbBg"}},"wdio_ui5_key":"applicationmanagehandovers-display-component---AddNewHO--popup-sa"}]}
RESULT: undefined
COMMAND: POST /session/d119162e921248fd1f7a065fe81fedfa/element - {"using":"xpath","value":"//*[@id=\"application-managehandovers-display-component---AddNewHO--popup-sa\"]"}
RESULT: {"using":"xpath","value":"//*[@id=\"application-managehandovers-display-component---AddNewHO--popup-sa\"]"}
COMMAND: POST /session/d119162e921248fd1f7a065fe81fedfa/element/f.7D8252E83238221F8080DA22DD8FFCA1.d.EF2A78FB9E38B2029700AC368C82F7BB.e.18568/click - {}
RESULT: {}
COMMAND: GET /session/d119162e921248fd1f7a065fe81fedfa/screenshot - {}
RESULT: {}
COMMAND: POST /session/d119162e921248fd1f7a065fe81fedfa/element - {"using":"xpath","value":"//bdi[contains(text(), \"Select\")]"}
RESULT: {"using":"xpath","value":"//bdi[contains(text(), \"Select\")]"}
COMMAND: POST /session/d119162e921248fd1f7a065fe81fedfa/element/f.7D8252E83238221F8080DA22DD8FFCA1.d.EF2A78FB9E38B2029700AC368C82F7BB.e.18569/click - {}
RESULT: {}
COMMAND: GET /session/d119162e921248fd1f7a065fe81fedfa/screenshot - {}
RESULT: {}
COMMAND: POST /session/d119162e921248fd1f7a065fe81fedfa/element - {"using":"xpath","value":"//button[@data-kt=\"AddNewHOSaveButton\"]"}
RESULT: {"using":"xpath","value":"//button[@data-kt=\"AddNewHOSaveButton\"]"}
COMMAND: POST /session/d119162e921248fd1f7a065fe81fedfa/element/f.7D8252E83238221F8080DA22DD8FFCA1.d.EF2A78FB9E38B2029700AC368C82F7BB.e.18573/click - {}
RESULT: {}
COMMAND: GET /session/d119162e921248fd1f7a065fe81fedfa/screenshot - {}
RESULT: {}
COMMAND: POST /session/d119162e921248fd1f7a065fe81fedfa/execute/async - {"script":"<script> [1562 bytes]","args":[{"selector":{"id":"receiptDatePicker","viewName":"etm.portal.ui.managehandovers.view.DetailExecuteHO","interaction":{"idSuffix":"inner"}},"wdio_ui5_key":"receiptDatePickeretmportal.ui.managehandovers.view.DetailExecuteHO"}]}
RESULT: {"script":"<script> [1562 bytes]","args":[{"selector":{"id":"receiptDatePicker","viewName":"etm.portal.ui.managehandovers.view.DetailExecuteHO","interaction":{"idSuffix":"inner"}},"wdio_ui5_key":"receiptDatePickeretmportal.ui.managehandovers.view.DetailExecuteHO"}]}
RESULT: undefined
COMMAND: POST /session/d119162e921248fd1f7a065fe81fedfa/execute/async - {"script":"<script> [6424 bytes]","args":[{"element-6066-11e4-a52e-4f735466cecf":"f.7D8252E83238221F8080DA22DD8FFCA1.d.EF2A78FB9E38B2029700AC368C82F7BB.e.18603"},"setValue",["05/05/2025"]]}
RESULT: {"script":"<script> [6424 bytes]","args":[{"element-6066-11e4-a52e-4f735466cecf":"f.7D8252E83238221F8080DA22DD8FFCA1.d.EF2A78FB9E38B2029700AC368C82F7BB.e.18603"},"setValue",["05/05/2025"]]}
COMMAND: POST /session/d119162e921248fd1f7a065fe81fedfa/element - {"using":"xpath","value":"//button[@data-kt=\"PickingTableConfirmAllButton\"]"}
RESULT: {"using":"xpath","value":"//button[@data-kt=\"PickingTableConfirmAllButton\"]"}
COMMAND: POST /session/d119162e921248fd1f7a065fe81fedfa/element/f.7D8252E83238221F8080DA22DD8FFCA1.d.EF2A78FB9E38B2029700AC368C82F7BB.e.18618/click - {}
RESULT: {}
COMMAND: GET /session/d119162e921248fd1f7a065fe81fedfa/screenshot - {}
RESULT: {}
COMMAND: POST /session/d119162e921248fd1f7a065fe81fedfa/element - {"using":"xpath","value":"//bdi[contains(text(), \"OK\")]"}
RESULT: {"using":"xpath","value":"//bdi[contains(text(), \"OK\")]"}
COMMAND: POST /session/d119162e921248fd1f7a065fe81fedfa/element/f.7D8252E83238221F8080DA22DD8FFCA1.d.EF2A78FB9E38B2029700AC368C82F7BB.e.18620/click - {}
RESULT: {}
COMMAND: GET /session/d119162e921248fd1f7a065fe81fedfa/screenshot - {}
RESULT: {}
COMMAND: POST /session/d119162e921248fd1f7a065fe81fedfa/element - {"using":"xpath","value":"(//bdi[contains(text(), \"Receive\")])[2]"}
RESULT: {"using":"xpath","value":"(//bdi[contains(text(), \"Receive\")])[2]"}
COMMAND: POST /session/d119162e921248fd1f7a065fe81fedfa/element/f.7D8252E83238221F8080DA22DD8FFCA1.d.EF2A78FB9E38B2029700AC368C82F7BB.e.18622/click - {}
RESULT: {}
COMMAND: GET /session/d119162e921248fd1f7a065fe81fedfa/screenshot - {}
RESULT: {}
COMMAND: POST /session/d119162e921248fd1f7a065fe81fedfa/element - {"using":"css selector","value":"#shell-header-logo"}
RESULT: {"using":"css selector","value":"#shell-header-logo"}
COMMAND: POST /session/d119162e921248fd1f7a065fe81fedfa/element/f.7D8252E83238221F8080DA22DD8FFCA1.d.EF2A78FB9E38B2029700AC368C82F7BB.e.17991/click - {}
RESULT: {}
COMMAND: GET /session/d119162e921248fd1f7a065fe81fedfa/screenshot - {}
RESULT: {}
]]></system-out>
    </testcase>
    <testcase classname="chrome.135_0_7049_96.windows.Billing_Calculation_-_Time_based_(considering_transport_times)_US139738" name="Should create a new contract" time="57.076">
      <system-out><![CDATA[
COMMAND: POST /session/d119162e921248fd1f7a065fe81fedfa/execute/async - {"script":"<script> [1562 bytes]","args":[{"selector":{"controlType":"sap.m.Text","viewName":"etm.portal.ui.managecontractstile.view.Master","properties":{"text":"Manage Contracts"},"interaction":{"idSuffix":"inner"}},"wdio_ui5_key":"etmportal.ui.managecontractstile.view.Mastersap.m.Text{\"text\":\"Manage Contracts\"}"}]}
RESULT: {"script":"<script> [1562 bytes]","args":[{"selector":{"controlType":"sap.m.Text","viewName":"etm.portal.ui.managecontractstile.view.Master","properties":{"text":"Manage Contracts"},"interaction":{"idSuffix":"inner"}},"wdio_ui5_key":"etmportal.ui.managecontractstile.view.Mastersap.m.Text{\"text\":\"Manage Contracts\"}"}]}
RESULT: undefined
COMMAND: POST /session/d119162e921248fd1f7a065fe81fedfa/element - {"using":"xpath","value":"//*[@id=\"__tile130-title\"]"}
RESULT: {"using":"xpath","value":"//*[@id=\"__tile130-title\"]"}
COMMAND: POST /session/d119162e921248fd1f7a065fe81fedfa/element/f.7D8252E83238221F8080DA22DD8FFCA1.d.EF2A78FB9E38B2029700AC368C82F7BB.e.18794/click - {}
RESULT: {}
COMMAND: GET /session/d119162e921248fd1f7a065fe81fedfa/screenshot - {}
RESULT: {}
COMMAND: POST /session/d119162e921248fd1f7a065fe81fedfa/element - {"using":"xpath","value":"//button[@data-kt=\"addButton\"]"}
RESULT: {"using":"xpath","value":"//button[@data-kt=\"addButton\"]"}
COMMAND: POST /session/d119162e921248fd1f7a065fe81fedfa/elements - {"using":"xpath","value":"//button[@data-kt=\"addButton\"]"}
RESULT: {"using":"xpath","value":"//button[@data-kt=\"addButton\"]"}
COMMAND: POST /session/d119162e921248fd1f7a065fe81fedfa/element - {"using":"xpath","value":"//button[@data-kt=\"addButton\"]"}
RESULT: {"using":"xpath","value":"//button[@data-kt=\"addButton\"]"}
COMMAND: POST /session/d119162e921248fd1f7a065fe81fedfa/execute/sync - {"script":"<script> [8489 bytes]","args":[{"element-6066-11e4-a52e-4f735466cecf":"f.7D8252E83238221F8080DA22DD8FFCA1.d.EF2A78FB9E38B2029700AC368C82F7BB.e.18868","ELEMENT":"f.7D8252E83238221F8080DA22DD8FFCA1.d.EF2A78FB9E38B2029700AC368C82F7BB.e.18868"}]}
RESULT: {"script":"<script> [8489 bytes]","args":[{"element-6066-11e4-a52e-4f735466cecf":"f.7D8252E83238221F8080DA22DD8FFCA1.d.EF2A78FB9E38B2029700AC368C82F7BB.e.18868","ELEMENT":"f.7D8252E83238221F8080DA22DD8FFCA1.d.EF2A78FB9E38B2029700AC368C82F7BB.e.18868"}]}
COMMAND: GET /session/d119162e921248fd1f7a065fe81fedfa/element/f.7D8252E83238221F8080DA22DD8FFCA1.d.EF2A78FB9E38B2029700AC368C82F7BB.e.18868/enabled - {}
COMMAND: GET /session/d119162e921248fd1f7a065fe81fedfa/screenshot - {}
RESULT: {}
COMMAND: POST /session/d119162e921248fd1f7a065fe81fedfa/execute/sync - {"script":"<script> [8489 bytes]","args":[{"element-6066-11e4-a52e-4f735466cecf":"f.7D8252E83238221F8080DA22DD8FFCA1.d.EF2A78FB9E38B2029700AC368C82F7BB.e.18868","ELEMENT":"f.7D8252E83238221F8080DA22DD8FFCA1.d.EF2A78FB9E38B2029700AC368C82F7BB.e.18868"}]}
COMMAND: GET /session/d119162e921248fd1f7a065fe81fedfa/screenshot - {}
RESULT: {}
RESULT: {"script":"<script> [8489 bytes]","args":[{"element-6066-11e4-a52e-4f735466cecf":"f.7D8252E83238221F8080DA22DD8FFCA1.d.EF2A78FB9E38B2029700AC368C82F7BB.e.18868","ELEMENT":"f.7D8252E83238221F8080DA22DD8FFCA1.d.EF2A78FB9E38B2029700AC368C82F7BB.e.18868"}]}
COMMAND: POST /session/d119162e921248fd1f7a065fe81fedfa/execute/sync - {"script":"<script> [5351 bytes]","args":[{"element-6066-11e4-a52e-4f735466cecf":"f.7D8252E83238221F8080DA22DD8FFCA1.d.EF2A78FB9E38B2029700AC368C82F7BB.e.18868","ELEMENT":"f.7D8252E83238221F8080DA22DD8FFCA1.d.EF2A78FB9E38B2029700AC368C82F7BB.e.18868"}]}
COMMAND: GET /session/d119162e921248fd1f7a065fe81fedfa/screenshot - {}
RESULT: {}
RESULT: {"script":"<script> [5351 bytes]","args":[{"element-6066-11e4-a52e-4f735466cecf":"f.7D8252E83238221F8080DA22DD8FFCA1.d.EF2A78FB9E38B2029700AC368C82F7BB.e.18868","ELEMENT":"f.7D8252E83238221F8080DA22DD8FFCA1.d.EF2A78FB9E38B2029700AC368C82F7BB.e.18868"}]}
COMMAND: GET /session/d119162e921248fd1f7a065fe81fedfa/screenshot - {}
RESULT: {}
RESULT: {}
COMMAND: POST /session/d119162e921248fd1f7a065fe81fedfa/element/f.7D8252E83238221F8080DA22DD8FFCA1.d.EF2A78FB9E38B2029700AC368C82F7BB.e.18868/click - {}
RESULT: {}
COMMAND: GET /session/d119162e921248fd1f7a065fe81fedfa/screenshot - {}
RESULT: {}
COMMAND: POST /session/d119162e921248fd1f7a065fe81fedfa/execute/async - {"script":"<script> [1562 bytes]","args":[{"selector":{"id":"application-managecontracts-display-component---AddNewContract--projectDescription","interaction":{"idSuffix":"inner"}},"wdio_ui5_key":"applicationmanagecontracts-display-component---AddNewContract--projectDescription"}]}
RESULT: {"script":"<script> [1562 bytes]","args":[{"selector":{"id":"application-managecontracts-display-component---AddNewContract--projectDescription","interaction":{"idSuffix":"inner"}},"wdio_ui5_key":"applicationmanagecontracts-display-component---AddNewContract--projectDescription"}]}
RESULT: undefined
COMMAND: POST /session/d119162e921248fd1f7a065fe81fedfa/execute/async - {"script":"<script> [776 bytes]","args":[{"enterText":"Contract WDIO","selector":{"id":"application-managecontracts-display-component---AddNewContract--projectDescription","interaction":{"idSuffix":"inner"}},"clearTextFirst":true,"interactionType":"ENTER_TEXT"}]}
RESULT: {"script":"<script> [776 bytes]","args":[{"enterText":"Contract WDIO","selector":{"id":"application-managecontracts-display-component---AddNewContract--projectDescription","interaction":{"idSuffix":"inner"}},"clearTextFirst":true,"interactionType":"ENTER_TEXT"}]}
COMMAND: POST /session/d119162e921248fd1f7a065fe81fedfa/element - {"using":"xpath","value":"//input[@id=\"application-managecontracts-display-component---AddNewContract--site-inner\"]"}
RESULT: {"using":"xpath","value":"//input[@id=\"application-managecontracts-display-component---AddNewContract--site-inner\"]"}
COMMAND: POST /session/d119162e921248fd1f7a065fe81fedfa/element/f.7D8252E83238221F8080DA22DD8FFCA1.d.EF2A78FB9E38B2029700AC368C82F7BB.e.19163/clear - {}
RESULT: {}
COMMAND: POST /session/d119162e921248fd1f7a065fe81fedfa/element/f.7D8252E83238221F8080DA22DD8FFCA1.d.EF2A78FB9E38B2029700AC368C82F7BB.e.19163/value - {"text":"2398"}
COMMAND: GET /session/d119162e921248fd1f7a065fe81fedfa/screenshot - {}
RESULT: {"text":"2398"}
COMMAND: GET /session/d119162e921248fd1f7a065fe81fedfa/screenshot - {}
RESULT: {}
RESULT: {}
COMMAND: POST /session/d119162e921248fd1f7a065fe81fedfa/element - {"using":"xpath","value":"//li[.//span[text()='2398']]"}
RESULT: {"using":"xpath","value":"//li[.//span[text()='2398']]"}
COMMAND: POST /session/d119162e921248fd1f7a065fe81fedfa/element/f.7D8252E83238221F8080DA22DD8FFCA1.d.EF2A78FB9E38B2029700AC368C82F7BB.e.19187/click - {}
RESULT: {}
COMMAND: GET /session/d119162e921248fd1f7a065fe81fedfa/screenshot - {}
RESULT: {}
COMMAND: POST /session/d119162e921248fd1f7a065fe81fedfa/element - {"using":"xpath","value":"//input[@id=\"application-managecontracts-display-component---AddNewContract--yardId-inner\"]"}
RESULT: {"using":"xpath","value":"//input[@id=\"application-managecontracts-display-component---AddNewContract--yardId-inner\"]"}
COMMAND: GET /session/d119162e921248fd1f7a065fe81fedfa/element/f.7D8252E83238221F8080DA22DD8FFCA1.d.EF2A78FB9E38B2029700AC368C82F7BB.e.19164/property/value - {}
RESULT: {}
COMMAND: POST /session/d119162e921248fd1f7a065fe81fedfa/element - {"using":"xpath","value":"//input[@id=\"application-managecontracts-display-component---AddNewContract--customerSelect-inner\"]"}
COMMAND: GET /session/d119162e921248fd1f7a065fe81fedfa/screenshot - {}
RESULT: {"using":"xpath","value":"//input[@id=\"application-managecontracts-display-component---AddNewContract--customerSelect-inner\"]"}
COMMAND: POST /session/d119162e921248fd1f7a065fe81fedfa/element/f.7D8252E83238221F8080DA22DD8FFCA1.d.EF2A78FB9E38B2029700AC368C82F7BB.e.19162/clear - {}
RESULT: {}
RESULT: {}
COMMAND: POST /session/d119162e921248fd1f7a065fe81fedfa/element/f.7D8252E83238221F8080DA22DD8FFCA1.d.EF2A78FB9E38B2029700AC368C82F7BB.e.19162/value - {"text":"1433"}
COMMAND: GET /session/d119162e921248fd1f7a065fe81fedfa/screenshot - {}
RESULT: {"text":"1433"}
COMMAND: GET /session/d119162e921248fd1f7a065fe81fedfa/screenshot - {}
RESULT: {}
RESULT: {}
COMMAND: POST /session/d119162e921248fd1f7a065fe81fedfa/element - {"using":"xpath","value":"//li[.//span[text()='1433']]"}
RESULT: {"using":"xpath","value":"//li[.//span[text()='1433']]"}
COMMAND: POST /session/d119162e921248fd1f7a065fe81fedfa/element/f.7D8252E83238221F8080DA22DD8FFCA1.d.EF2A78FB9E38B2029700AC368C82F7BB.e.19190/click - {}
RESULT: {}
COMMAND: GET /session/d119162e921248fd1f7a065fe81fedfa/screenshot - {}
RESULT: {}
COMMAND: POST /session/d119162e921248fd1f7a065fe81fedfa/element - {"using":"xpath","value":"//button[@data-kt=\"saveButton\"]"}
RESULT: {"using":"xpath","value":"//button[@data-kt=\"saveButton\"]"}
COMMAND: POST /session/d119162e921248fd1f7a065fe81fedfa/element/f.7D8252E83238221F8080DA22DD8FFCA1.d.EF2A78FB9E38B2029700AC368C82F7BB.e.19179/click - {}
RESULT: {}
COMMAND: GET /session/d119162e921248fd1f7a065fe81fedfa/screenshot - {}
RESULT: {}
COMMAND: POST /session/d119162e921248fd1f7a065fe81fedfa/element - {"using":"xpath","value":"//span[contains(@id ,\"contractDetailTitleNoExpanded\")]"}
RESULT: {"using":"xpath","value":"//span[contains(@id ,\"contractDetailTitleNoExpanded\")]"}
COMMAND: POST /session/d119162e921248fd1f7a065fe81fedfa/elements - {"using":"xpath","value":"//span[contains(@id ,\"contractDetailTitleNoExpanded\")]"}
RESULT: {"using":"xpath","value":"//span[contains(@id ,\"contractDetailTitleNoExpanded\")]"}
COMMAND: POST /session/d119162e921248fd1f7a065fe81fedfa/execute/sync - {"script":"<script> [56 bytes]","args":[{"element-6066-11e4-a52e-4f735466cecf":"f.7D8252E83238221F8080DA22DD8FFCA1.d.EF2A78FB9E38B2029700AC368C82F7BB.e.19259","ELEMENT":"f.7D8252E83238221F8080DA22DD8FFCA1.d.EF2A78FB9E38B2029700AC368C82F7BB.e.19259"}]}
RESULT: {"script":"<script> [56 bytes]","args":[{"element-6066-11e4-a52e-4f735466cecf":"f.7D8252E83238221F8080DA22DD8FFCA1.d.EF2A78FB9E38B2029700AC368C82F7BB.e.19259","ELEMENT":"f.7D8252E83238221F8080DA22DD8FFCA1.d.EF2A78FB9E38B2029700AC368C82F7BB.e.19259"}]}
COMMAND: GET /session/d119162e921248fd1f7a065fe81fedfa/screenshot - {}
RESULT: {}
]]></system-out>
    </testcase>
    <testcase classname="chrome.135_0_7049_96.windows.Billing_Calculation_-_Time_based_(considering_transport_times)_US139738" name="Should add transport time checkbox on contract details" time="16.2">
      <system-out><![CDATA[
COMMAND: POST /session/d119162e921248fd1f7a065fe81fedfa/element - {"using":"xpath","value":"//button[@data-kt=\"contractDetailEditBtnButton\"]"}
RESULT: {"using":"xpath","value":"//button[@data-kt=\"contractDetailEditBtnButton\"]"}
COMMAND: POST /session/d119162e921248fd1f7a065fe81fedfa/element/f.7D8252E83238221F8080DA22DD8FFCA1.d.EF2A78FB9E38B2029700AC368C82F7BB.e.19262/click - {}
RESULT: {}
COMMAND: GET /session/d119162e921248fd1f7a065fe81fedfa/screenshot - {}
RESULT: {}
COMMAND: POST /session/d119162e921248fd1f7a065fe81fedfa/element - {"using":"xpath","value":"(//span[contains(text(), \"Contract Billing\")])[2]"}
RESULT: {"using":"xpath","value":"(//span[contains(text(), \"Contract Billing\")])[2]"}
COMMAND: POST /session/d119162e921248fd1f7a065fe81fedfa/element/f.7D8252E83238221F8080DA22DD8FFCA1.d.EF2A78FB9E38B2029700AC368C82F7BB.e.19318/click - {}
RESULT: {}
COMMAND: GET /session/d119162e921248fd1f7a065fe81fedfa/screenshot - {}
RESULT: {}
COMMAND: POST /session/d119162e921248fd1f7a065fe81fedfa/element - {"using":"xpath","value":"(//div[contains(@id, \"transportTimesBilled-CbBg\")])"}
RESULT: {"using":"xpath","value":"(//div[contains(@id, \"transportTimesBilled-CbBg\")])"}
COMMAND: POST /session/d119162e921248fd1f7a065fe81fedfa/element/f.7D8252E83238221F8080DA22DD8FFCA1.d.EF2A78FB9E38B2029700AC368C82F7BB.e.19349/click - {}
RESULT: {}
COMMAND: GET /session/d119162e921248fd1f7a065fe81fedfa/screenshot - {}
RESULT: {}
COMMAND: POST /session/d119162e921248fd1f7a065fe81fedfa/element - {"using":"xpath","value":"(//button[@data-kt=\"saveButton\"])[2]"}
RESULT: {"using":"xpath","value":"(//button[@data-kt=\"saveButton\"])[2]"}
COMMAND: POST /session/d119162e921248fd1f7a065fe81fedfa/element/f.7D8252E83238221F8080DA22DD8FFCA1.d.EF2A78FB9E38B2029700AC368C82F7BB.e.19350/click - {}
RESULT: {}
COMMAND: GET /session/d119162e921248fd1f7a065fe81fedfa/screenshot - {}
RESULT: {}
]]></system-out>
    </testcase>
    <testcase classname="chrome.135_0_7049_96.windows.Billing_Calculation_-_Time_based_(considering_transport_times)_US139738" name="Should add created equipment to contract" time="46.91">
      <system-out><![CDATA[
COMMAND: POST /session/d119162e921248fd1f7a065fe81fedfa/element - {"using":"xpath","value":"//button[@data-kt=\"contractDetailEditBtnButton\"]"}
RESULT: {"using":"xpath","value":"//button[@data-kt=\"contractDetailEditBtnButton\"]"}
COMMAND: POST /session/d119162e921248fd1f7a065fe81fedfa/element/f.7D8252E83238221F8080DA22DD8FFCA1.d.EF2A78FB9E38B2029700AC368C82F7BB.e.19262/click - {}
RESULT: {}
COMMAND: GET /session/d119162e921248fd1f7a065fe81fedfa/screenshot - {}
RESULT: {}
COMMAND: POST /session/d119162e921248fd1f7a065fe81fedfa/element - {"using":"xpath","value":"(//span[contains(text(), \"Additional Addresses\")])[2]"}
RESULT: {"using":"xpath","value":"(//span[contains(text(), \"Additional Addresses\")])[2]"}
COMMAND: POST /session/d119162e921248fd1f7a065fe81fedfa/element/f.7D8252E83238221F8080DA22DD8FFCA1.d.EF2A78FB9E38B2029700AC368C82F7BB.e.19368/click - {}
RESULT: {}
COMMAND: GET /session/d119162e921248fd1f7a065fe81fedfa/screenshot - {}
RESULT: {}
COMMAND: POST /session/d119162e921248fd1f7a065fe81fedfa/element - {"using":"xpath","value":"//button[@data-kt=\"btnAddTableRowOverflowToolbarButton\"]"}
RESULT: {"using":"xpath","value":"//button[@data-kt=\"btnAddTableRowOverflowToolbarButton\"]"}
COMMAND: POST /session/d119162e921248fd1f7a065fe81fedfa/element/f.7D8252E83238221F8080DA22DD8FFCA1.d.EF2A78FB9E38B2029700AC368C82F7BB.e.19371/click - {}
RESULT: {}
COMMAND: GET /session/d119162e921248fd1f7a065fe81fedfa/screenshot - {}
RESULT: {}
COMMAND: POST /session/d119162e921248fd1f7a065fe81fedfa/element - {"using":"xpath","value":"//div[(text() = 'Standard Entry' or . = 'Standard Entry')]"}
RESULT: {"using":"xpath","value":"//div[(text() = 'Standard Entry' or . = 'Standard Entry')]"}
COMMAND: POST /session/d119162e921248fd1f7a065fe81fedfa/element/f.7D8252E83238221F8080DA22DD8FFCA1.d.EF2A78FB9E38B2029700AC368C82F7BB.e.19373/click - {}
RESULT: {}
COMMAND: GET /session/d119162e921248fd1f7a065fe81fedfa/screenshot - {}
RESULT: {}
COMMAND: POST /session/d119162e921248fd1f7a065fe81fedfa/element - {"using":"xpath","value":"//td[7]/div/div/input"}
RESULT: {"using":"xpath","value":"//td[7]/div/div/input"}
COMMAND: POST /session/d119162e921248fd1f7a065fe81fedfa/element/f.7D8252E83238221F8080DA22DD8FFCA1.d.EF2A78FB9E38B2029700AC368C82F7BB.e.19382/clear - {}
RESULT: {}
COMMAND: POST /session/d119162e921248fd1f7a065fe81fedfa/element/f.7D8252E83238221F8080DA22DD8FFCA1.d.EF2A78FB9E38B2029700AC368C82F7BB.e.19382/value - {"text":"FN0n2yWRNE"}
COMMAND: GET /session/d119162e921248fd1f7a065fe81fedfa/screenshot - {}
RESULT: {"text":"FN0n2yWRNE"}
COMMAND: GET /session/d119162e921248fd1f7a065fe81fedfa/screenshot - {}
RESULT: {}
RESULT: {}
COMMAND: POST /session/d119162e921248fd1f7a065fe81fedfa/actions - {"actions":[{"id":"action67","type":"key","parameters":{},"actions":[{"type":"keyDown","value":"î€‡"},{"type":"pause","duration":10},{"type":"keyUp","value":"î€‡"}]}]}
RESULT: {"actions":[{"id":"action67","type":"key","parameters":{},"actions":[{"type":"keyDown","value":"î€‡"},{"type":"pause","duration":10},{"type":"keyUp","value":"î€‡"}]}]}
COMMAND: GET /session/d119162e921248fd1f7a065fe81fedfa/screenshot - {}
RESULT: {}
COMMAND: POST /session/d119162e921248fd1f7a065fe81fedfa/execute/sync - {"script":"<script> [276 bytes]","args":["No pricing information was found"]}
RESULT: {"script":"<script> [276 bytes]","args":["No pricing information was found"]}
COMMAND: POST /session/d119162e921248fd1f7a065fe81fedfa/element - {"using":"xpath","value":"(//button[@data-kt=\"saveButton\"])[2]"}
COMMAND: GET /session/d119162e921248fd1f7a065fe81fedfa/screenshot - {}
RESULT: {"using":"xpath","value":"(//button[@data-kt=\"saveButton\"])[2]"}
COMMAND: POST /session/d119162e921248fd1f7a065fe81fedfa/element/f.7D8252E83238221F8080DA22DD8FFCA1.d.EF2A78FB9E38B2029700AC368C82F7BB.e.19350/click - {}
RESULT: {}
RESULT: {}
COMMAND: GET /session/d119162e921248fd1f7a065fe81fedfa/screenshot - {}
RESULT: {}
COMMAND: POST /session/d119162e921248fd1f7a065fe81fedfa/execute/sync - {"script":"<script> [276 bytes]","args":["Some contract items are having rental validity exceeding header rental validity"]}
RESULT: {"script":"<script> [276 bytes]","args":["Some contract items are having rental validity exceeding header rental validity"]}
COMMAND: GET /session/d119162e921248fd1f7a065fe81fedfa/screenshot - {}
RESULT: {}
COMMAND: POST /session/d119162e921248fd1f7a065fe81fedfa/element - {"using":"xpath","value":"//span[contains(@id ,\"contractItemsSmartTable-header-inner\")]"}
RESULT: {"using":"xpath","value":"//span[contains(@id ,\"contractItemsSmartTable-header-inner\")]"}
COMMAND: POST /session/d119162e921248fd1f7a065fe81fedfa/elements - {"using":"xpath","value":"//span[contains(@id ,\"contractItemsSmartTable-header-inner\")]"}
RESULT: {"using":"xpath","value":"//span[contains(@id ,\"contractItemsSmartTable-header-inner\")]"}
COMMAND: POST /session/d119162e921248fd1f7a065fe81fedfa/execute/sync - {"script":"<script> [56 bytes]","args":[{"element-6066-11e4-a52e-4f735466cecf":"f.7D8252E83238221F8080DA22DD8FFCA1.d.EF2A78FB9E38B2029700AC368C82F7BB.e.19401","ELEMENT":"f.7D8252E83238221F8080DA22DD8FFCA1.d.EF2A78FB9E38B2029700AC368C82F7BB.e.19401"}]}
RESULT: {"script":"<script> [56 bytes]","args":[{"element-6066-11e4-a52e-4f735466cecf":"f.7D8252E83238221F8080DA22DD8FFCA1.d.EF2A78FB9E38B2029700AC368C82F7BB.e.19401","ELEMENT":"f.7D8252E83238221F8080DA22DD8FFCA1.d.EF2A78FB9E38B2029700AC368C82F7BB.e.19401"}]}
]]></system-out>
    </testcase>
    <testcase classname="chrome.135_0_7049_96.windows.Billing_Calculation_-_Time_based_(considering_transport_times)_US139738" name="Should do a provide to site 2 step" time="123.845">
      <system-out><![CDATA[
COMMAND: POST /session/d119162e921248fd1f7a065fe81fedfa/element - {"using":"xpath","value":"//button[@data-kt=\"provideButton\"]"}
COMMAND: GET /session/d119162e921248fd1f7a065fe81fedfa/screenshot - {}
RESULT: {"using":"xpath","value":"//button[@data-kt=\"provideButton\"]"}
COMMAND: POST /session/d119162e921248fd1f7a065fe81fedfa/element/f.7D8252E83238221F8080DA22DD8FFCA1.d.EF2A78FB9E38B2029700AC368C82F7BB.e.19402/click - {}
RESULT: {}
RESULT: {}
COMMAND: GET /session/d119162e921248fd1f7a065fe81fedfa/screenshot - {}
RESULT: {}
COMMAND: POST /session/d119162e921248fd1f7a065fe81fedfa/element - {"using":"xpath","value":"(//div[contains(@id, \"application-managehandovers-display-component---AddNewHO--oneStep-CbBg\")])"}
RESULT: {"using":"xpath","value":"(//div[contains(@id, \"application-managehandovers-display-component---AddNewHO--oneStep-CbBg\")])"}
COMMAND: POST /session/d119162e921248fd1f7a065fe81fedfa/element - {"using":"xpath","value":"(//div[contains(@id, \"application-managehandovers-display-component---AddNewHO--oneStep-CbBg\")])/input"}
RESULT: {"using":"xpath","value":"(//div[contains(@id, \"application-managehandovers-display-component---AddNewHO--oneStep-CbBg\")])/input"}
COMMAND: GET /session/d119162e921248fd1f7a065fe81fedfa/element/f.7D8252E83238221F8080DA22DD8FFCA1.d.EF2A78FB9E38B2029700AC368C82F7BB.e.19463/attribute/checked - {}
RESULT: {}
RESULT: undefined
COMMAND: POST /session/d119162e921248fd1f7a065fe81fedfa/execute/async - {"script":"<script> [6424 bytes]","args":[{"element-6066-11e4-a52e-4f735466cecf":"f.7D8252E83238221F8080DA22DD8FFCA1.d.EF2A78FB9E38B2029700AC368C82F7BB.e.18386"},"setValue",["05/05/2025"]]}
COMMAND: POST /session/d119162e921248fd1f7a065fe81fedfa/element/f.7D8252E83238221F8080DA22DD8FFCA1.d.EF2A78FB9E38B2029700AC368C82F7BB.e.19710/click - {}
COMMAND: POST /session/d119162e921248fd1f7a065fe81fedfa/execute/async - {"script":"<script> [1562 bytes]","args":[{"selector":{"id":"application-managehandovers-display-component---AddNewHO--dueDate","interaction":{"idSuffix":"inner"}},"wdio_ui5_key":"applicationmanagehandovers-display-component---AddNewHO--dueDate"}]}
RESULT: {}
COMMAND: GET /session/d119162e921248fd1f7a065fe81fedfa/screenshot - {}
RESULT: {"script":"<script> [1562 bytes]","args":[{"selector":{"id":"application-managehandovers-display-component---AddNewHO--dueDate","interaction":{"idSuffix":"inner"}},"wdio_ui5_key":"applicationmanagehandovers-display-component---AddNewHO--dueDate"}]}
COMMAND: POST /session/d119162e921248fd1f7a065fe81fedfa/execute/async - {"script":"<script> [6424 bytes]","args":[{"element-6066-11e4-a52e-4f735466cecf":"f.7D8252E83238221F8080DA22DD8FFCA1.d.EF2A78FB9E38B2029700AC368C82F7BB.e.19459"},"setValue",["05/05/2025"]]}
RESULT: {}
RESULT: {"script":"<script> [6424 bytes]","args":[{"element-6066-11e4-a52e-4f735466cecf":"f.7D8252E83238221F8080DA22DD8FFCA1.d.EF2A78FB9E38B2029700AC368C82F7BB.e.19459"},"setValue",["05/05/2025"]]}
COMMAND: POST /session/d119162e921248fd1f7a065fe81fedfa/element - {"using":"xpath","value":"//bdi[contains(text(), \"Instructions\")]"}
RESULT: {"using":"xpath","value":"//bdi[contains(text(), \"Instructions\")]"}
COMMAND: POST /session/d119162e921248fd1f7a065fe81fedfa/element/f.7D8252E83238221F8080DA22DD8FFCA1.d.EF2A78FB9E38B2029700AC368C82F7BB.e.19714/click - {}
RESULT: {}
COMMAND: GET /session/d119162e921248fd1f7a065fe81fedfa/screenshot - {}
RESULT: {}
COMMAND: POST /session/d119162e921248fd1f7a065fe81fedfa/element - {"using":"xpath","value":"//button[@data-kt=\"AddNewHOProvideAddItemsButton\"]"}
RESULT: {"using":"xpath","value":"//button[@data-kt=\"AddNewHOProvideAddItemsButton\"]"}
COMMAND: POST /session/d119162e921248fd1f7a065fe81fedfa/element/f.7D8252E83238221F8080DA22DD8FFCA1.d.EF2A78FB9E38B2029700AC368C82F7BB.e.19718/click - {}
RESULT: {}
COMMAND: GET /session/d119162e921248fd1f7a065fe81fedfa/screenshot - {}
RESULT: {}
RESULT: undefined
COMMAND: POST /session/d119162e921248fd1f7a065fe81fedfa/element - {"using":"xpath","value":"//*[@id=\"application-managehandovers-display-component---AddNewHO--popup-sa\"]"}
RESULT: {"using":"xpath","value":"//*[@id=\"application-managehandovers-display-component---AddNewHO--popup-sa\"]"}
COMMAND: POST /session/d119162e921248fd1f7a065fe81fedfa/element/f.7D8252E83238221F8080DA22DD8FFCA1.d.EF2A78FB9E38B2029700AC368C82F7BB.e.19727/click - {}
RESULT: {}
COMMAND: GET /session/d119162e921248fd1f7a065fe81fedfa/screenshot - {}
RESULT: {}
COMMAND: POST /session/d119162e921248fd1f7a065fe81fedfa/element - {"using":"xpath","value":"//*[contains(@id ,\"BDI-content\")][contains(text(), \"Select\")]"}
RESULT: {"using":"xpath","value":"//*[contains(@id ,\"BDI-content\")][contains(text(), \"Select\")]"}
COMMAND: POST /session/d119162e921248fd1f7a065fe81fedfa/element/f.7D8252E83238221F8080DA22DD8FFCA1.d.EF2A78FB9E38B2029700AC368C82F7BB.e.19729/click - {}
RESULT: {}
COMMAND: GET /session/d119162e921248fd1f7a065fe81fedfa/screenshot - {}
RESULT: {}
COMMAND: POST /session/d119162e921248fd1f7a065fe81fedfa/execute/async - {"script":"<script> [1562 bytes]","args":[{"selector":{"id":"application-managehandovers-display-component---AddNewHO--confirmCreationButton","interaction":{"idSuffix":"BDI-content"}},"wdio_ui5_key":"applicationmanagehandovers-display-component---AddNewHO--confirmCreationButton"}]}
RESULT: {"script":"<script> [1562 bytes]","args":[{"selector":{"id":"application-managehandovers-display-component---AddNewHO--confirmCreationButton","interaction":{"idSuffix":"BDI-content"}},"wdio_ui5_key":"applicationmanagehandovers-display-component---AddNewHO--confirmCreationButton"}]}
RESULT: undefined
COMMAND: POST /session/d119162e921248fd1f7a065fe81fedfa/element - {"using":"xpath","value":"//*[@id=\"application-managehandovers-display-component---AddNewHO--confirmCreationButton\"]"}
RESULT: {"using":"xpath","value":"//*[@id=\"application-managehandovers-display-component---AddNewHO--confirmCreationButton\"]"}
COMMAND: POST /session/d119162e921248fd1f7a065fe81fedfa/element/f.7D8252E83238221F8080DA22DD8FFCA1.d.EF2A78FB9E38B2029700AC368C82F7BB.e.19539/click - {}
RESULT: {}
COMMAND: GET /session/d119162e921248fd1f7a065fe81fedfa/screenshot - {}
RESULT: {}
COMMAND: POST /session/d119162e921248fd1f7a065fe81fedfa/element - {"using":"xpath","value":"//button[@data-kt=\"PickingTableConfirmAllButton\"]"}
RESULT: {"using":"xpath","value":"//button[@data-kt=\"PickingTableConfirmAllButton\"]"}
COMMAND: POST /session/d119162e921248fd1f7a065fe81fedfa/element/f.7D8252E83238221F8080DA22DD8FFCA1.d.EF2A78FB9E38B2029700AC368C82F7BB.e.19767/click - {}
COMMAND: POST /session/d119162e921248fd1f7a065fe81fedfa/element - {"using":"xpath","value":"//button[@data-kt=\"PickingTableConfirmAllButton\"]"}
RESULT: {"using":"xpath","value":"//button[@data-kt=\"PickingTableConfirmAllButton\"]"}
COMMAND: POST /session/d119162e921248fd1f7a065fe81fedfa/element/f.7D8252E83238221F8080DA22DD8FFCA1.d.EF2A78FB9E38B2029700AC368C82F7BB.e.19767/click - {}
COMMAND: POST /session/d119162e921248fd1f7a065fe81fedfa/element - {"using":"xpath","value":"//button[@data-kt=\"PickingTableConfirmAllButton\"]"}
RESULT: {"using":"xpath","value":"//button[@data-kt=\"PickingTableConfirmAllButton\"]"}
COMMAND: POST /session/d119162e921248fd1f7a065fe81fedfa/element/f.7D8252E83238221F8080DA22DD8FFCA1.d.EF2A78FB9E38B2029700AC368C82F7BB.e.19779/click - {}
RESULT: {}
COMMAND: GET /session/d119162e921248fd1f7a065fe81fedfa/screenshot - {}
RESULT: {}
COMMAND: POST /session/d119162e921248fd1f7a065fe81fedfa/element - {"using":"xpath","value":"//bdi[contains(text(), \"OK\")]"}
RESULT: {"using":"xpath","value":"//bdi[contains(text(), \"OK\")]"}
COMMAND: POST /session/d119162e921248fd1f7a065fe81fedfa/element/f.7D8252E83238221F8080DA22DD8FFCA1.d.EF2A78FB9E38B2029700AC368C82F7BB.e.19790/click - {}
RESULT: {}
COMMAND: GET /session/d119162e921248fd1f7a065fe81fedfa/screenshot - {}
RESULT: {}
COMMAND: POST /session/d119162e921248fd1f7a065fe81fedfa/element - {"using":"xpath","value":"//button[@data-kt=\"execHoPickButton\"]"}
RESULT: {"using":"xpath","value":"//button[@data-kt=\"execHoPickButton\"]"}
COMMAND: POST /session/d119162e921248fd1f7a065fe81fedfa/element/f.7D8252E83238221F8080DA22DD8FFCA1.d.EF2A78FB9E38B2029700AC368C82F7BB.e.19792/click - {}
RESULT: {}
COMMAND: GET /session/d119162e921248fd1f7a065fe81fedfa/screenshot - {}
RESULT: {}
COMMAND: POST /session/d119162e921248fd1f7a065fe81fedfa/element - {"using":"xpath","value":"//span[contains(@id ,\"filterItemControl_BASIC-RECEIVE_CONTRACT-vhi\")]"}
RESULT: {"using":"xpath","value":"//span[contains(@id ,\"filterItemControl_BASIC-RECEIVE_CONTRACT-vhi\")]"}
COMMAND: POST /session/d119162e921248fd1f7a065fe81fedfa/element/f.7D8252E83238221F8080DA22DD8FFCA1.d.EF2A78FB9E38B2029700AC368C82F7BB.e.20081/click - {}
RESULT: {}
COMMAND: GET /session/d119162e921248fd1f7a065fe81fedfa/screenshot - {}
RESULT: {}
COMMAND: POST /session/d119162e921248fd1f7a065fe81fedfa/execute/async - {"script":"<script> [1562 bytes]","args":[{"selector":{"controlType":"sap.m.SearchField","viewName":"etm.portal.ui.managehandovers.view.MasterHO","bindingPath":{"path":"","propertyPath":"/_BASIC_SEARCH_FIELD","modelName":"fi1t3rM0d31"},"searchOpenDialogs":true,"interaction":{"idSuffix":"I"}},"wdio_ui5_key":"etmportal.ui.managehandovers.view.MasterHOsap.m.SearchField{\"path\":\"\",\"propertyPath\":\"/_BASIC_SEARCH_FIELD\",\"modelName\":\"fi1t3rM0d31\"}"}]}
RESULT: {"script":"<script> [1562 bytes]","args":[{"selector":{"controlType":"sap.m.SearchField","viewName":"etm.portal.ui.managehandovers.view.MasterHO","bindingPath":{"path":"","propertyPath":"/_BASIC_SEARCH_FIELD","modelName":"fi1t3rM0d31"},"searchOpenDialogs":true,"interaction":{"idSuffix":"I"}},"wdio_ui5_key":"etmportal.ui.managehandovers.view.MasterHOsap.m.SearchField{\"path\":\"\",\"propertyPath\":\"/_BASIC_SEARCH_FIELD\",\"modelName\":\"fi1t3rM0d31\"}"}]}
RESULT: undefined
COMMAND: POST /session/d119162e921248fd1f7a065fe81fedfa/execute/async - {"script":"<script> [776 bytes]","args":[{"enterText":"10521","selector":{"controlType":"sap.m.SearchField","viewName":"etm.portal.ui.managehandovers.view.MasterHO","bindingPath":{"path":"","propertyPath":"/_BASIC_SEARCH_FIELD","modelName":"fi1t3rM0d31"},"searchOpenDialogs":true,"interaction":{"idSuffix":"I"}},"clearTextFirst":true,"interactionType":"ENTER_TEXT"}]}
RESULT: {"script":"<script> [776 bytes]","args":[{"enterText":"10521","selector":{"controlType":"sap.m.SearchField","viewName":"etm.portal.ui.managehandovers.view.MasterHO","bindingPath":{"path":"","propertyPath":"/_BASIC_SEARCH_FIELD","modelName":"fi1t3rM0d31"},"searchOpenDialogs":true,"interaction":{"idSuffix":"I"}},"clearTextFirst":true,"interactionType":"ENTER_TEXT"}]}
COMMAND: POST /session/d119162e921248fd1f7a065fe81fedfa/actions - {"actions":[{"id":"action68","type":"key","parameters":{},"actions":[{"type":"keyDown","value":"î€‡"},{"type":"pause","duration":10},{"type":"keyUp","value":"î€‡"}]}]}
RESULT: {"actions":[{"id":"action68","type":"key","parameters":{},"actions":[{"type":"keyDown","value":"î€‡"},{"type":"pause","duration":10},{"type":"keyUp","value":"î€‡"}]}]}
COMMAND: GET /session/d119162e921248fd1f7a065fe81fedfa/screenshot - {}
RESULT: {}
COMMAND: POST /session/d119162e921248fd1f7a065fe81fedfa/element - {"using":"xpath","value":"//div[contains(@id, 'filterItemControl_BASIC-RECEIVE_CONTRACT-valueHelpDialog-table-rowsel0')]"}
RESULT: {"using":"xpath","value":"//div[contains(@id, 'filterItemControl_BASIC-RECEIVE_CONTRACT-valueHelpDialog-table-rowsel0')]"}
COMMAND: POST /session/d119162e921248fd1f7a065fe81fedfa/element/f.7D8252E83238221F8080DA22DD8FFCA1.d.EF2A78FB9E38B2029700AC368C82F7BB.e.20091/click - {}
RESULT: {}
COMMAND: GET /session/d119162e921248fd1f7a065fe81fedfa/screenshot - {}
RESULT: {}
COMMAND: POST /session/d119162e921248fd1f7a065fe81fedfa/element - {"using":"xpath","value":"//bdi[contains(text(), \"OK\")]"}
RESULT: {"using":"xpath","value":"//bdi[contains(text(), \"OK\")]"}
COMMAND: POST /session/d119162e921248fd1f7a065fe81fedfa/element/f.7D8252E83238221F8080DA22DD8FFCA1.d.EF2A78FB9E38B2029700AC368C82F7BB.e.20093/click - {}
RESULT: {}
COMMAND: GET /session/d119162e921248fd1f7a065fe81fedfa/screenshot - {}
RESULT: {}
COMMAND: POST /session/d119162e921248fd1f7a065fe81fedfa/element - {"using":"xpath","value":"//span[contains(@id, \"smartTable-header-inner\")]"}
RESULT: {"using":"xpath","value":"//span[contains(@id, \"smartTable-header-inner\")]"}
COMMAND: POST /session/d119162e921248fd1f7a065fe81fedfa/elements - {"using":"xpath","value":"//span[contains(@id, \"smartTable-header-inner\")]"}
RESULT: {"using":"xpath","value":"//span[contains(@id, \"smartTable-header-inner\")]"}
COMMAND: POST /session/d119162e921248fd1f7a065fe81fedfa/execute/sync - {"script":"<script> [56 bytes]","args":[{"element-6066-11e4-a52e-4f735466cecf":"f.7D8252E83238221F8080DA22DD8FFCA1.d.EF2A78FB9E38B2029700AC368C82F7BB.e.20120","ELEMENT":"f.7D8252E83238221F8080DA22DD8FFCA1.d.EF2A78FB9E38B2029700AC368C82F7BB.e.20120"}]}
RESULT: {"script":"<script> [56 bytes]","args":[{"element-6066-11e4-a52e-4f735466cecf":"f.7D8252E83238221F8080DA22DD8FFCA1.d.EF2A78FB9E38B2029700AC368C82F7BB.e.20120","ELEMENT":"f.7D8252E83238221F8080DA22DD8FFCA1.d.EF2A78FB9E38B2029700AC368C82F7BB.e.20120"}]}
COMMAND: POST /session/d119162e921248fd1f7a065fe81fedfa/element - {"using":"xpath","value":"//table[contains(@id, \"customHandovers\")]//tbody/tr[1]/td[2]/span"}
COMMAND: GET /session/d119162e921248fd1f7a065fe81fedfa/screenshot - {}
RESULT: {"using":"xpath","value":"//table[contains(@id, \"customHandovers\")]//tbody/tr[1]/td[2]/span"}
COMMAND: POST /session/d119162e921248fd1f7a065fe81fedfa/execute/sync - {"script":"<script> [56 bytes]","args":[{"element-6066-11e4-a52e-4f735466cecf":"f.7D8252E83238221F8080DA22DD8FFCA1.d.EF2A78FB9E38B2029700AC368C82F7BB.e.20121","ELEMENT":"f.7D8252E83238221F8080DA22DD8FFCA1.d.EF2A78FB9E38B2029700AC368C82F7BB.e.20121"}]}
RESULT: {}
RESULT: {"script":"<script> [56 bytes]","args":[{"element-6066-11e4-a52e-4f735466cecf":"f.7D8252E83238221F8080DA22DD8FFCA1.d.EF2A78FB9E38B2029700AC368C82F7BB.e.20121","ELEMENT":"f.7D8252E83238221F8080DA22DD8FFCA1.d.EF2A78FB9E38B2029700AC368C82F7BB.e.20121"}]}
COMMAND: POST /session/d119162e921248fd1f7a065fe81fedfa/element - {"using":"xpath","value":"(//span[contains(@id, \"imgNav\")])[1]"}
COMMAND: GET /session/d119162e921248fd1f7a065fe81fedfa/screenshot - {}
RESULT: {"using":"xpath","value":"(//span[contains(@id, \"imgNav\")])[1]"}
COMMAND: POST /session/d119162e921248fd1f7a065fe81fedfa/element/f.7D8252E83238221F8080DA22DD8FFCA1.d.EF2A78FB9E38B2029700AC368C82F7BB.e.20118/click - {}
RESULT: {}
RESULT: {}
COMMAND: GET /session/d119162e921248fd1f7a065fe81fedfa/screenshot - {}
RESULT: {}
COMMAND: POST /session/d119162e921248fd1f7a065fe81fedfa/element - {"using":"xpath","value":"//button[@data-kt=\"PickingTableConfirmAllButton\"]"}
RESULT: {"using":"xpath","value":"//button[@data-kt=\"PickingTableConfirmAllButton\"]"}
COMMAND: POST /session/d119162e921248fd1f7a065fe81fedfa/element/f.7D8252E83238221F8080DA22DD8FFCA1.d.EF2A78FB9E38B2029700AC368C82F7BB.e.20139/click - {}
RESULT: {}
COMMAND: GET /session/d119162e921248fd1f7a065fe81fedfa/screenshot - {}
RESULT: {}
COMMAND: POST /session/d119162e921248fd1f7a065fe81fedfa/element - {"using":"xpath","value":"//bdi[contains(text(), \"OK\")]"}
RESULT: {"using":"xpath","value":"//bdi[contains(text(), \"OK\")]"}
COMMAND: POST /session/d119162e921248fd1f7a065fe81fedfa/element/f.7D8252E83238221F8080DA22DD8FFCA1.d.EF2A78FB9E38B2029700AC368C82F7BB.e.20168/click - {}
RESULT: {}
COMMAND: GET /session/d119162e921248fd1f7a065fe81fedfa/screenshot - {}
RESULT: {}
COMMAND: POST /session/d119162e921248fd1f7a065fe81fedfa/element - {"using":"xpath","value":"//button[@data-kt=\"execHoIssueButton\"]"}
RESULT: {"using":"xpath","value":"//button[@data-kt=\"execHoIssueButton\"]"}
COMMAND: POST /session/d119162e921248fd1f7a065fe81fedfa/element/f.7D8252E83238221F8080DA22DD8FFCA1.d.EF2A78FB9E38B2029700AC368C82F7BB.e.20170/click - {}
RESULT: {}
COMMAND: GET /session/d119162e921248fd1f7a065fe81fedfa/screenshot - {}
RESULT: {}
COMMAND: POST /session/d119162e921248fd1f7a065fe81fedfa/element - {"using":"xpath","value":"//input[contains(@id ,\"smartFilterBar-btnBasicSearch-I\")]"}
RESULT: {"using":"xpath","value":"//input[contains(@id ,\"smartFilterBar-btnBasicSearch-I\")]"}
COMMAND: POST /session/d119162e921248fd1f7a065fe81fedfa/elements - {"using":"xpath","value":"//input[contains(@id ,\"smartFilterBar-btnBasicSearch-I\")]"}
RESULT: {"using":"xpath","value":"//input[contains(@id ,\"smartFilterBar-btnBasicSearch-I\")]"}
COMMAND: POST /session/d119162e921248fd1f7a065fe81fedfa/execute/sync - {"script":"<script> [8489 bytes]","args":[{"element-6066-11e4-a52e-4f735466cecf":"f.7D8252E83238221F8080DA22DD8FFCA1.d.EF2A78FB9E38B2029700AC368C82F7BB.e.19458","ELEMENT":"f.7D8252E83238221F8080DA22DD8FFCA1.d.EF2A78FB9E38B2029700AC368C82F7BB.e.19458"}]}
RESULT: {"script":"<script> [8489 bytes]","args":[{"element-6066-11e4-a52e-4f735466cecf":"f.7D8252E83238221F8080DA22DD8FFCA1.d.EF2A78FB9E38B2029700AC368C82F7BB.e.19458","ELEMENT":"f.7D8252E83238221F8080DA22DD8FFCA1.d.EF2A78FB9E38B2029700AC368C82F7BB.e.19458"}]}
COMMAND: GET /session/d119162e921248fd1f7a065fe81fedfa/element/f.7D8252E83238221F8080DA22DD8FFCA1.d.EF2A78FB9E38B2029700AC368C82F7BB.e.19458/enabled - {}
COMMAND: GET /session/d119162e921248fd1f7a065fe81fedfa/screenshot - {}
RESULT: {}
COMMAND: POST /session/d119162e921248fd1f7a065fe81fedfa/element/f.7D8252E83238221F8080DA22DD8FFCA1.d.EF2A78FB9E38B2029700AC368C82F7BB.e.19458/clear - {}
COMMAND: GET /session/d119162e921248fd1f7a065fe81fedfa/screenshot - {}
RESULT: {}
RESULT: {}
COMMAND: POST /session/d119162e921248fd1f7a065fe81fedfa/element/f.7D8252E83238221F8080DA22DD8FFCA1.d.EF2A78FB9E38B2029700AC368C82F7BB.e.19458/value - {"text":"30773"}
COMMAND: GET /session/d119162e921248fd1f7a065fe81fedfa/screenshot - {}
RESULT: {}
RESULT: {"text":"30773"}
COMMAND: GET /session/d119162e921248fd1f7a065fe81fedfa/screenshot - {}
RESULT: {}
RESULT: {}
COMMAND: POST /session/d119162e921248fd1f7a065fe81fedfa/actions - {"actions":[{"id":"action69","type":"key","parameters":{},"actions":[{"type":"keyDown","value":"î€‡"},{"type":"pause","duration":10},{"type":"keyUp","value":"î€‡"}]}]}
RESULT: {"actions":[{"id":"action69","type":"key","parameters":{},"actions":[{"type":"keyDown","value":"î€‡"},{"type":"pause","duration":10},{"type":"keyUp","value":"î€‡"}]}]}
COMMAND: GET /session/d119162e921248fd1f7a065fe81fedfa/screenshot - {}
RESULT: {}
COMMAND: POST /session/d119162e921248fd1f7a065fe81fedfa/element - {"using":"xpath","value":"//span[contains(@id, \"smartTable-header-inner\")]"}
RESULT: {"using":"xpath","value":"//span[contains(@id, \"smartTable-header-inner\")]"}
COMMAND: POST /session/d119162e921248fd1f7a065fe81fedfa/elements - {"using":"xpath","value":"//span[contains(@id, \"smartTable-header-inner\")]"}
RESULT: {"using":"xpath","value":"//span[contains(@id, \"smartTable-header-inner\")]"}
COMMAND: POST /session/d119162e921248fd1f7a065fe81fedfa/execute/sync - {"script":"<script> [56 bytes]","args":[{"element-6066-11e4-a52e-4f735466cecf":"f.7D8252E83238221F8080DA22DD8FFCA1.d.EF2A78FB9E38B2029700AC368C82F7BB.e.20120","ELEMENT":"f.7D8252E83238221F8080DA22DD8FFCA1.d.EF2A78FB9E38B2029700AC368C82F7BB.e.20120"}]}
RESULT: {"script":"<script> [56 bytes]","args":[{"element-6066-11e4-a52e-4f735466cecf":"f.7D8252E83238221F8080DA22DD8FFCA1.d.EF2A78FB9E38B2029700AC368C82F7BB.e.20120","ELEMENT":"f.7D8252E83238221F8080DA22DD8FFCA1.d.EF2A78FB9E38B2029700AC368C82F7BB.e.20120"}]}
COMMAND: POST /session/d119162e921248fd1f7a065fe81fedfa/elements - {"using":"xpath","value":"//thead[contains(@class, \"sapMTableTH\")]/tr/th"}
COMMAND: GET /session/d119162e921248fd1f7a065fe81fedfa/screenshot - {}
RESULT: {"using":"xpath","value":"//thead[contains(@class, \"sapMTableTH\")]/tr/th"}
COMMAND: GET /session/d119162e921248fd1f7a065fe81fedfa/element/f.7D8252E83238221F8080DA22DD8FFCA1.d.EF2A78FB9E38B2029700AC368C82F7BB.e.20218/text - {}
RESULT: {}
RESULT: {}
COMMAND: GET /session/d119162e921248fd1f7a065fe81fedfa/element/f.7D8252E83238221F8080DA22DD8FFCA1.d.EF2A78FB9E38B2029700AC368C82F7BB.e.20219/text - {}
RESULT: {}
COMMAND: GET /session/d119162e921248fd1f7a065fe81fedfa/element/f.7D8252E83238221F8080DA22DD8FFCA1.d.EF2A78FB9E38B2029700AC368C82F7BB.e.19505/text - {}
RESULT: {}
COMMAND: GET /session/d119162e921248fd1f7a065fe81fedfa/element/f.7D8252E83238221F8080DA22DD8FFCA1.d.EF2A78FB9E38B2029700AC368C82F7BB.e.19507/text - {}
RESULT: {}
COMMAND: GET /session/d119162e921248fd1f7a065fe81fedfa/element/f.7D8252E83238221F8080DA22DD8FFCA1.d.EF2A78FB9E38B2029700AC368C82F7BB.e.20173/text - {}
RESULT: {}
COMMAND: GET /session/d119162e921248fd1f7a065fe81fedfa/element/f.7D8252E83238221F8080DA22DD8FFCA1.d.EF2A78FB9E38B2029700AC368C82F7BB.e.20174/text - {}
RESULT: {}
COMMAND: GET /session/d119162e921248fd1f7a065fe81fedfa/element/f.7D8252E83238221F8080DA22DD8FFCA1.d.EF2A78FB9E38B2029700AC368C82F7BB.e.20175/text - {}
RESULT: {}
COMMAND: GET /session/d119162e921248fd1f7a065fe81fedfa/element/f.7D8252E83238221F8080DA22DD8FFCA1.d.EF2A78FB9E38B2029700AC368C82F7BB.e.20176/text - {}
RESULT: {}
COMMAND: GET /session/d119162e921248fd1f7a065fe81fedfa/element/f.7D8252E83238221F8080DA22DD8FFCA1.d.EF2A78FB9E38B2029700AC368C82F7BB.e.20177/text - {}
RESULT: {}
COMMAND: GET /session/d119162e921248fd1f7a065fe81fedfa/element/f.7D8252E83238221F8080DA22DD8FFCA1.d.EF2A78FB9E38B2029700AC368C82F7BB.e.20178/text - {}
RESULT: {}
COMMAND: GET /session/d119162e921248fd1f7a065fe81fedfa/element/f.7D8252E83238221F8080DA22DD8FFCA1.d.EF2A78FB9E38B2029700AC368C82F7BB.e.20179/text - {}
RESULT: {}
COMMAND: GET /session/d119162e921248fd1f7a065fe81fedfa/element/f.7D8252E83238221F8080DA22DD8FFCA1.d.EF2A78FB9E38B2029700AC368C82F7BB.e.20180/text - {}
RESULT: {}
COMMAND: GET /session/d119162e921248fd1f7a065fe81fedfa/element/f.7D8252E83238221F8080DA22DD8FFCA1.d.EF2A78FB9E38B2029700AC368C82F7BB.e.20181/text - {}
RESULT: {}
COMMAND: GET /session/d119162e921248fd1f7a065fe81fedfa/element/f.7D8252E83238221F8080DA22DD8FFCA1.d.EF2A78FB9E38B2029700AC368C82F7BB.e.19508/text - {}
RESULT: {}
COMMAND: POST /session/d119162e921248fd1f7a065fe81fedfa/element - {"using":"xpath","value":"//tbody[contains(@id, \"customHandoversTable-tblBody\")]/tr[1]/td[14]/div/span"}
RESULT: {"using":"xpath","value":"//tbody[contains(@id, \"customHandoversTable-tblBody\")]/tr[1]/td[14]/div/span"}
COMMAND: POST /session/d119162e921248fd1f7a065fe81fedfa/execute/sync - {"script":"<script> [56 bytes]","args":[{"element-6066-11e4-a52e-4f735466cecf":"f.7D8252E83238221F8080DA22DD8FFCA1.d.EF2A78FB9E38B2029700AC368C82F7BB.e.20271","ELEMENT":"f.7D8252E83238221F8080DA22DD8FFCA1.d.EF2A78FB9E38B2029700AC368C82F7BB.e.20271"}]}
RESULT: {"script":"<script> [56 bytes]","args":[{"element-6066-11e4-a52e-4f735466cecf":"f.7D8252E83238221F8080DA22DD8FFCA1.d.EF2A78FB9E38B2029700AC368C82F7BB.e.20271","ELEMENT":"f.7D8252E83238221F8080DA22DD8FFCA1.d.EF2A78FB9E38B2029700AC368C82F7BB.e.20271"}]}
COMMAND: POST /session/d119162e921248fd1f7a065fe81fedfa/element - {"using":"xpath","value":"(//span[contains(@id, \"imgNav\")])[1]"}
COMMAND: GET /session/d119162e921248fd1f7a065fe81fedfa/screenshot - {}
RESULT: {"using":"xpath","value":"(//span[contains(@id, \"imgNav\")])[1]"}
COMMAND: POST /session/d119162e921248fd1f7a065fe81fedfa/element/f.7D8252E83238221F8080DA22DD8FFCA1.d.EF2A78FB9E38B2029700AC368C82F7BB.e.20211/click - {}
RESULT: {}
RESULT: {}
COMMAND: GET /session/d119162e921248fd1f7a065fe81fedfa/screenshot - {}
RESULT: {}
RESULT: undefined
COMMAND: POST /session/d119162e921248fd1f7a065fe81fedfa/execute/async - {"script":"<script> [776 bytes]","args":[{"enterText":"05/12/25","selector":{"id":"receiptDatePicker","viewName":"etm.portal.ui.managehandovers.view.DetailExecuteHO","interaction":{"idSuffix":"inner"}},"clearTextFirst":true,"interactionType":"ENTER_TEXT"}]}
RESULT: {"script":"<script> [776 bytes]","args":[{"enterText":"05/12/25","selector":{"id":"receiptDatePicker","viewName":"etm.portal.ui.managehandovers.view.DetailExecuteHO","interaction":{"idSuffix":"inner"}},"clearTextFirst":true,"interactionType":"ENTER_TEXT"}]}
COMMAND: POST /session/d119162e921248fd1f7a065fe81fedfa/element - {"using":"xpath","value":"//button[@data-kt=\"PickingTableConfirmAllButton\"]"}
RESULT: {"using":"xpath","value":"//button[@data-kt=\"PickingTableConfirmAllButton\"]"}
COMMAND: POST /session/d119162e921248fd1f7a065fe81fedfa/element/f.7D8252E83238221F8080DA22DD8FFCA1.d.EF2A78FB9E38B2029700AC368C82F7BB.e.20294/click - {}
RESULT: {}
COMMAND: GET /session/d119162e921248fd1f7a065fe81fedfa/screenshot - {}
RESULT: {}
COMMAND: POST /session/d119162e921248fd1f7a065fe81fedfa/element - {"using":"xpath","value":"//bdi[contains(text(), \"OK\")]"}
RESULT: {"using":"xpath","value":"//bdi[contains(text(), \"OK\")]"}
COMMAND: POST /session/d119162e921248fd1f7a065fe81fedfa/element/f.7D8252E83238221F8080DA22DD8FFCA1.d.EF2A78FB9E38B2029700AC368C82F7BB.e.20297/click - {}
RESULT: {}
COMMAND: GET /session/d119162e921248fd1f7a065fe81fedfa/screenshot - {}
RESULT: {}
COMMAND: POST /session/d119162e921248fd1f7a065fe81fedfa/element - {"using":"xpath","value":"//button[@data-kt= \"execHoReceiveButton\"]"}
RESULT: {"using":"xpath","value":"//button[@data-kt= \"execHoReceiveButton\"]"}
COMMAND: POST /session/d119162e921248fd1f7a065fe81fedfa/element/f.7D8252E83238221F8080DA22DD8FFCA1.d.EF2A78FB9E38B2029700AC368C82F7BB.e.20299/click - {}
RESULT: {}
COMMAND: GET /session/d119162e921248fd1f7a065fe81fedfa/screenshot - {}
RESULT: {}
COMMAND: POST /session/d119162e921248fd1f7a065fe81fedfa/element - {"using":"xpath","value":"//input[contains(@id ,\"smartFilterBar-btnBasicSearch-I\")]"}
RESULT: {"using":"xpath","value":"//input[contains(@id ,\"smartFilterBar-btnBasicSearch-I\")]"}
COMMAND: POST /session/d119162e921248fd1f7a065fe81fedfa/elements - {"using":"xpath","value":"//input[contains(@id ,\"smartFilterBar-btnBasicSearch-I\")]"}
RESULT: {"using":"xpath","value":"//input[contains(@id ,\"smartFilterBar-btnBasicSearch-I\")]"}
COMMAND: POST /session/d119162e921248fd1f7a065fe81fedfa/execute/sync - {"script":"<script> [8489 bytes]","args":[{"element-6066-11e4-a52e-4f735466cecf":"f.7D8252E83238221F8080DA22DD8FFCA1.d.EF2A78FB9E38B2029700AC368C82F7BB.e.19458","ELEMENT":"f.7D8252E83238221F8080DA22DD8FFCA1.d.EF2A78FB9E38B2029700AC368C82F7BB.e.19458"}]}
RESULT: {"script":"<script> [8489 bytes]","args":[{"element-6066-11e4-a52e-4f735466cecf":"f.7D8252E83238221F8080DA22DD8FFCA1.d.EF2A78FB9E38B2029700AC368C82F7BB.e.19458","ELEMENT":"f.7D8252E83238221F8080DA22DD8FFCA1.d.EF2A78FB9E38B2029700AC368C82F7BB.e.19458"}]}
COMMAND: GET /session/d119162e921248fd1f7a065fe81fedfa/element/f.7D8252E83238221F8080DA22DD8FFCA1.d.EF2A78FB9E38B2029700AC368C82F7BB.e.19458/enabled - {}
COMMAND: GET /session/d119162e921248fd1f7a065fe81fedfa/screenshot - {}
RESULT: {}
COMMAND: POST /session/d119162e921248fd1f7a065fe81fedfa/element/f.7D8252E83238221F8080DA22DD8FFCA1.d.EF2A78FB9E38B2029700AC368C82F7BB.e.19458/clear - {}
COMMAND: GET /session/d119162e921248fd1f7a065fe81fedfa/screenshot - {}
RESULT: {}
RESULT: {}
COMMAND: POST /session/d119162e921248fd1f7a065fe81fedfa/element/f.7D8252E83238221F8080DA22DD8FFCA1.d.EF2A78FB9E38B2029700AC368C82F7BB.e.19458/value - {"text":"30773"}
COMMAND: GET /session/d119162e921248fd1f7a065fe81fedfa/screenshot - {}
RESULT: {}
RESULT: {"text":"30773"}
COMMAND: GET /session/d119162e921248fd1f7a065fe81fedfa/screenshot - {}
RESULT: {}
RESULT: {}
COMMAND: POST /session/d119162e921248fd1f7a065fe81fedfa/actions - {"actions":[{"id":"action70","type":"key","parameters":{},"actions":[{"type":"keyDown","value":"î€‡"},{"type":"pause","duration":10},{"type":"keyUp","value":"î€‡"}]}]}
RESULT: {"actions":[{"id":"action70","type":"key","parameters":{},"actions":[{"type":"keyDown","value":"î€‡"},{"type":"pause","duration":10},{"type":"keyUp","value":"î€‡"}]}]}
COMMAND: GET /session/d119162e921248fd1f7a065fe81fedfa/screenshot - {}
RESULT: {}
COMMAND: POST /session/d119162e921248fd1f7a065fe81fedfa/element - {"using":"xpath","value":"//span[contains(@id, \"smartTable-header-inner\")]"}
RESULT: {"using":"xpath","value":"//span[contains(@id, \"smartTable-header-inner\")]"}
COMMAND: POST /session/d119162e921248fd1f7a065fe81fedfa/elements - {"using":"xpath","value":"//span[contains(@id, \"smartTable-header-inner\")]"}
RESULT: {"using":"xpath","value":"//span[contains(@id, \"smartTable-header-inner\")]"}
COMMAND: POST /session/d119162e921248fd1f7a065fe81fedfa/execute/sync - {"script":"<script> [56 bytes]","args":[{"element-6066-11e4-a52e-4f735466cecf":"f.7D8252E83238221F8080DA22DD8FFCA1.d.EF2A78FB9E38B2029700AC368C82F7BB.e.20120","ELEMENT":"f.7D8252E83238221F8080DA22DD8FFCA1.d.EF2A78FB9E38B2029700AC368C82F7BB.e.20120"}]}
RESULT: {"script":"<script> [56 bytes]","args":[{"element-6066-11e4-a52e-4f735466cecf":"f.7D8252E83238221F8080DA22DD8FFCA1.d.EF2A78FB9E38B2029700AC368C82F7BB.e.20120","ELEMENT":"f.7D8252E83238221F8080DA22DD8FFCA1.d.EF2A78FB9E38B2029700AC368C82F7BB.e.20120"}]}
COMMAND: POST /session/d119162e921248fd1f7a065fe81fedfa/elements - {"using":"xpath","value":"//thead[contains(@class, \"sapMTableTH\")]/tr/th"}
COMMAND: GET /session/d119162e921248fd1f7a065fe81fedfa/screenshot - {}
RESULT: {"using":"xpath","value":"//thead[contains(@class, \"sapMTableTH\")]/tr/th"}
COMMAND: GET /session/d119162e921248fd1f7a065fe81fedfa/element/f.7D8252E83238221F8080DA22DD8FFCA1.d.EF2A78FB9E38B2029700AC368C82F7BB.e.20218/text - {}
RESULT: {}
RESULT: {}
COMMAND: GET /session/d119162e921248fd1f7a065fe81fedfa/element/f.7D8252E83238221F8080DA22DD8FFCA1.d.EF2A78FB9E38B2029700AC368C82F7BB.e.20219/text - {}
RESULT: {}
COMMAND: GET /session/d119162e921248fd1f7a065fe81fedfa/element/f.7D8252E83238221F8080DA22DD8FFCA1.d.EF2A78FB9E38B2029700AC368C82F7BB.e.19505/text - {}
RESULT: {}
COMMAND: GET /session/d119162e921248fd1f7a065fe81fedfa/element/f.7D8252E83238221F8080DA22DD8FFCA1.d.EF2A78FB9E38B2029700AC368C82F7BB.e.19507/text - {}
RESULT: {}
COMMAND: GET /session/d119162e921248fd1f7a065fe81fedfa/element/f.7D8252E83238221F8080DA22DD8FFCA1.d.EF2A78FB9E38B2029700AC368C82F7BB.e.20304/text - {}
RESULT: {}
COMMAND: GET /session/d119162e921248fd1f7a065fe81fedfa/element/f.7D8252E83238221F8080DA22DD8FFCA1.d.EF2A78FB9E38B2029700AC368C82F7BB.e.20305/text - {}
RESULT: {}
COMMAND: GET /session/d119162e921248fd1f7a065fe81fedfa/element/f.7D8252E83238221F8080DA22DD8FFCA1.d.EF2A78FB9E38B2029700AC368C82F7BB.e.20306/text - {}
RESULT: {}
COMMAND: GET /session/d119162e921248fd1f7a065fe81fedfa/element/f.7D8252E83238221F8080DA22DD8FFCA1.d.EF2A78FB9E38B2029700AC368C82F7BB.e.20307/text - {}
RESULT: {}
COMMAND: GET /session/d119162e921248fd1f7a065fe81fedfa/element/f.7D8252E83238221F8080DA22DD8FFCA1.d.EF2A78FB9E38B2029700AC368C82F7BB.e.20308/text - {}
RESULT: {}
COMMAND: GET /session/d119162e921248fd1f7a065fe81fedfa/element/f.7D8252E83238221F8080DA22DD8FFCA1.d.EF2A78FB9E38B2029700AC368C82F7BB.e.20309/text - {}
RESULT: {}
COMMAND: GET /session/d119162e921248fd1f7a065fe81fedfa/element/f.7D8252E83238221F8080DA22DD8FFCA1.d.EF2A78FB9E38B2029700AC368C82F7BB.e.20310/text - {}
RESULT: {}
COMMAND: GET /session/d119162e921248fd1f7a065fe81fedfa/element/f.7D8252E83238221F8080DA22DD8FFCA1.d.EF2A78FB9E38B2029700AC368C82F7BB.e.20311/text - {}
RESULT: {}
COMMAND: GET /session/d119162e921248fd1f7a065fe81fedfa/element/f.7D8252E83238221F8080DA22DD8FFCA1.d.EF2A78FB9E38B2029700AC368C82F7BB.e.20312/text - {}
RESULT: {}
COMMAND: GET /session/d119162e921248fd1f7a065fe81fedfa/element/f.7D8252E83238221F8080DA22DD8FFCA1.d.EF2A78FB9E38B2029700AC368C82F7BB.e.19508/text - {}
RESULT: {}
COMMAND: POST /session/d119162e921248fd1f7a065fe81fedfa/element - {"using":"xpath","value":"//tbody[contains(@id, \"customHandoversTable-tblBody\")]/tr[1]/td[14]/div/span"}
RESULT: {"using":"xpath","value":"//tbody[contains(@id, \"customHandoversTable-tblBody\")]/tr[1]/td[14]/div/span"}
COMMAND: POST /session/d119162e921248fd1f7a065fe81fedfa/execute/sync - {"script":"<script> [56 bytes]","args":[{"element-6066-11e4-a52e-4f735466cecf":"f.7D8252E83238221F8080DA22DD8FFCA1.d.EF2A78FB9E38B2029700AC368C82F7BB.e.20353","ELEMENT":"f.7D8252E83238221F8080DA22DD8FFCA1.d.EF2A78FB9E38B2029700AC368C82F7BB.e.20353"}]}
RESULT: {"script":"<script> [56 bytes]","args":[{"element-6066-11e4-a52e-4f735466cecf":"f.7D8252E83238221F8080DA22DD8FFCA1.d.EF2A78FB9E38B2029700AC368C82F7BB.e.20353","ELEMENT":"f.7D8252E83238221F8080DA22DD8FFCA1.d.EF2A78FB9E38B2029700AC368C82F7BB.e.20353"}]}
COMMAND: POST /session/d119162e921248fd1f7a065fe81fedfa/element - {"using":"css selector","value":"#shell-header-logo"}
COMMAND: GET /session/d119162e921248fd1f7a065fe81fedfa/screenshot - {}
RESULT: {"using":"css selector","value":"#shell-header-logo"}
COMMAND: POST /session/d119162e921248fd1f7a065fe81fedfa/element/f.7D8252E83238221F8080DA22DD8FFCA1.d.EF2A78FB9E38B2029700AC368C82F7BB.e.18797/click - {}
RESULT: {}
RESULT: {}
COMMAND: GET /session/d119162e921248fd1f7a065fe81fedfa/screenshot - {}
RESULT: {}
]]></system-out>
    </testcase>
    <testcase classname="chrome.135_0_7049_96.windows.Billing_Calculation_-_Time_based_(considering_transport_times)_US139738" name="Should navigate to Manage Billings and trigger contract calculation business confirm it" time="54.626">
      <system-out><![CDATA[
COMMAND: POST /session/d119162e921248fd1f7a065fe81fedfa/execute/async - {"script":"<script> [1562 bytes]","args":[{"selector":{"controlType":"sap.m.GenericTile","properties":{"header":"Manage Billings"}},"wdio_ui5_key":"sapm.GenericTile{\"header\":\"Manage Billings\"}"}]}
RESULT: {"script":"<script> [1562 bytes]","args":[{"selector":{"controlType":"sap.m.GenericTile","properties":{"header":"Manage Billings"}},"wdio_ui5_key":"sapm.GenericTile{\"header\":\"Manage Billings\"}"}]}
RESULT: undefined
COMMAND: POST /session/d119162e921248fd1f7a065fe81fedfa/element - {"using":"xpath","value":"//*[@id=\"__tile51\"]"}
RESULT: {"using":"xpath","value":"//*[@id=\"__tile51\"]"}
COMMAND: POST /session/d119162e921248fd1f7a065fe81fedfa/element/f.7D8252E83238221F8080DA22DD8FFCA1.d.EF2A78FB9E38B2029700AC368C82F7BB.e.16055/click - {}
RESULT: {}
COMMAND: GET /session/d119162e921248fd1f7a065fe81fedfa/screenshot - {}
RESULT: {}
COMMAND: POST /session/d119162e921248fd1f7a065fe81fedfa/execute/async - {"script":"<script> [1562 bytes]","args":[{"selector":{"id":"application-managebillings-display-component---billRunCalcResult--smartFilterBar-btnBasicSearch","interaction":{"idSuffix":"I"}},"wdio_ui5_key":"applicationmanagebillings-display-component---billRunCalcResult--smartFilterBar-btnBasicSearch"}]}
RESULT: {"script":"<script> [1562 bytes]","args":[{"selector":{"id":"application-managebillings-display-component---billRunCalcResult--smartFilterBar-btnBasicSearch","interaction":{"idSuffix":"I"}},"wdio_ui5_key":"applicationmanagebillings-display-component---billRunCalcResult--smartFilterBar-btnBasicSearch"}]}
RESULT: undefined
COMMAND: POST /session/d119162e921248fd1f7a065fe81fedfa/execute/async - {"script":"<script> [776 bytes]","args":[{"enterText":"10521","selector":{"id":"application-managebillings-display-component---billRunCalcResult--smartFilterBar-btnBasicSearch","interaction":{"idSuffix":"I"}},"clearTextFirst":true,"interactionType":"ENTER_TEXT"}]}
RESULT: {"script":"<script> [776 bytes]","args":[{"enterText":"10521","selector":{"id":"application-managebillings-display-component---billRunCalcResult--smartFilterBar-btnBasicSearch","interaction":{"idSuffix":"I"}},"clearTextFirst":true,"interactionType":"ENTER_TEXT"}]}
COMMAND: POST /session/d119162e921248fd1f7a065fe81fedfa/actions - {"actions":[{"id":"action71","type":"key","parameters":{},"actions":[{"type":"keyDown","value":"î€‡"},{"type":"pause","duration":10},{"type":"keyUp","value":"î€‡"}]}]}
RESULT: {"actions":[{"id":"action71","type":"key","parameters":{},"actions":[{"type":"keyDown","value":"î€‡"},{"type":"pause","duration":10},{"type":"keyUp","value":"î€‡"}]}]}
COMMAND: GET /session/d119162e921248fd1f7a065fe81fedfa/screenshot - {}
RESULT: {}
COMMAND: POST /session/d119162e921248fd1f7a065fe81fedfa/element - {"using":"xpath","value":"//td[@aria-colindex=\"1\"]/div/div[contains(@class, \"sapMCbBg\")]"}
RESULT: {"using":"xpath","value":"//td[@aria-colindex=\"1\"]/div/div[contains(@class, \"sapMCbBg\")]"}
COMMAND: POST /session/d119162e921248fd1f7a065fe81fedfa/element/f.7D8252E83238221F8080DA22DD8FFCA1.d.EF2A78FB9E38B2029700AC368C82F7BB.e.20568/click - {}
RESULT: {}
COMMAND: GET /session/d119162e921248fd1f7a065fe81fedfa/screenshot - {}
RESULT: {}
COMMAND: POST /session/d119162e921248fd1f7a065fe81fedfa/execute/async - {"script":"<script> [1562 bytes]","args":[{"selector":{"id":"application-managebillings-display-component---billRunCalcResult--contractBillRunDate","interaction":{"idSuffix":"inner"}},"wdio_ui5_key":"applicationmanagebillings-display-component---billRunCalcResult--contractBillRunDate"}]}
RESULT: {"script":"<script> [1562 bytes]","args":[{"selector":{"id":"application-managebillings-display-component---billRunCalcResult--contractBillRunDate","interaction":{"idSuffix":"inner"}},"wdio_ui5_key":"applicationmanagebillings-display-component---billRunCalcResult--contractBillRunDate"}]}
RESULT: undefined
COMMAND: POST /session/d119162e921248fd1f7a065fe81fedfa/execute/async - {"script":"<script> [776 bytes]","args":[{"enterText":"05/05/25","selector":{"id":"application-managebillings-display-component---billRunCalcResult--contractBillRunDate","interaction":{"idSuffix":"inner"}},"clearTextFirst":true,"interactionType":"ENTER_TEXT"}]}
RESULT: {"script":"<script> [776 bytes]","args":[{"enterText":"05/05/25","selector":{"id":"application-managebillings-display-component---billRunCalcResult--contractBillRunDate","interaction":{"idSuffix":"inner"}},"clearTextFirst":true,"interactionType":"ENTER_TEXT"}]}
COMMAND: POST /session/d119162e921248fd1f7a065fe81fedfa/element - {"using":"xpath","value":"//bdi[contains(text(), \"Trigger Calculation\")]"}
RESULT: {"using":"xpath","value":"//bdi[contains(text(), \"Trigger Calculation\")]"}
COMMAND: POST /session/d119162e921248fd1f7a065fe81fedfa/element/f.7D8252E83238221F8080DA22DD8FFCA1.d.EF2A78FB9E38B2029700AC368C82F7BB.e.20621/click - {}
RESULT: {}
COMMAND: GET /session/d119162e921248fd1f7a065fe81fedfa/screenshot - {}
RESULT: {}
COMMAND: POST /session/d119162e921248fd1f7a065fe81fedfa/element - {"using":"xpath","value":"(//span[contains(@id, \"imgNav\")])[1]"}
RESULT: {"using":"xpath","value":"(//span[contains(@id, \"imgNav\")])[1]"}
COMMAND: POST /session/d119162e921248fd1f7a065fe81fedfa/element/f.7D8252E83238221F8080DA22DD8FFCA1.d.EF2A78FB9E38B2029700AC368C82F7BB.e.20569/click - {}
RESULT: {}
COMMAND: GET /session/d119162e921248fd1f7a065fe81fedfa/screenshot - {}
RESULT: {}
COMMAND: POST /session/d119162e921248fd1f7a065fe81fedfa/element - {"using":"xpath","value":"//tr/td[6]/div[1]/span[1]/span[1]"}
RESULT: {"using":"xpath","value":"//tr/td[6]/div[1]/span[1]/span[1]"}
COMMAND: GET /session/d119162e921248fd1f7a065fe81fedfa/element/f.7D8252E83238221F8080DA22DD8FFCA1.d.EF2A78FB9E38B2029700AC368C82F7BB.e.20626/text - {}
RESULT: {}
COMMAND: POST /session/d119162e921248fd1f7a065fe81fedfa/element - {"using":"xpath","value":"(//span[contains(@id, \"imgNav\")])[2]"}
RESULT: {"using":"xpath","value":"(//span[contains(@id, \"imgNav\")])[2]"}
COMMAND: POST /session/d119162e921248fd1f7a065fe81fedfa/element/f.7D8252E83238221F8080DA22DD8FFCA1.d.EF2A78FB9E38B2029700AC368C82F7BB.e.20627/click - {}
RESULT: {}
COMMAND: POST /session/d119162e921248fd1f7a065fe81fedfa/element - {"using":"xpath","value":"//bdi[contains(text(), \"Business Confirm\")]"}
COMMAND: GET /session/d119162e921248fd1f7a065fe81fedfa/screenshot - {}
RESULT: {"using":"xpath","value":"//bdi[contains(text(), \"Business Confirm\")]"}
COMMAND: POST /session/d119162e921248fd1f7a065fe81fedfa/elements - {"using":"xpath","value":"//bdi[contains(text(), \"Business Confirm\")]"}
RESULT: {}
RESULT: {"using":"xpath","value":"//bdi[contains(text(), \"Business Confirm\")]"}
COMMAND: POST /session/d119162e921248fd1f7a065fe81fedfa/element - {"using":"xpath","value":"//bdi[contains(text(), \"Business Confirm\")]"}
RESULT: {"using":"xpath","value":"//bdi[contains(text(), \"Business Confirm\")]"}
COMMAND: POST /session/d119162e921248fd1f7a065fe81fedfa/element/f.7D8252E83238221F8080DA22DD8FFCA1.d.EF2A78FB9E38B2029700AC368C82F7BB.e.20668/click - {}
RESULT: {}
COMMAND: POST /session/d119162e921248fd1f7a065fe81fedfa/element - {"using":"css selector","value":"#shell-header-logo"}
COMMAND: GET /session/d119162e921248fd1f7a065fe81fedfa/screenshot - {}
RESULT: {"using":"css selector","value":"#shell-header-logo"}
COMMAND: POST /session/d119162e921248fd1f7a065fe81fedfa/element/f.7D8252E83238221F8080DA22DD8FFCA1.d.EF2A78FB9E38B2029700AC368C82F7BB.e.20358/click - {}
RESULT: {}
RESULT: {}
COMMAND: GET /session/d119162e921248fd1f7a065fe81fedfa/screenshot - {}
RESULT: {}
]]></system-out>
    </testcase>
    <testcase classname="chrome.135_0_7049_96.windows.Billing_Calculation_-_Time_based_(considering_transport_times)_US139738" name="Should transfer the billing all the way to completion" time="71.42">
      <system-out><![CDATA[
COMMAND: POST /session/d119162e921248fd1f7a065fe81fedfa/execute/async - {"script":"<script> [1562 bytes]","args":[{"selector":{"controlType":"sap.m.GenericTile","properties":{"header":"Billing Transfer"}},"wdio_ui5_key":"sapm.GenericTile{\"header\":\"Billing Transfer\"}"}]}
RESULT: {"script":"<script> [1562 bytes]","args":[{"selector":{"controlType":"sap.m.GenericTile","properties":{"header":"Billing Transfer"}},"wdio_ui5_key":"sapm.GenericTile{\"header\":\"Billing Transfer\"}"}]}
RESULT: undefined
COMMAND: POST /session/d119162e921248fd1f7a065fe81fedfa/element - {"using":"xpath","value":"//*[@id=\"__tile50\"]"}
RESULT: {"using":"xpath","value":"//*[@id=\"__tile50\"]"}
COMMAND: POST /session/d119162e921248fd1f7a065fe81fedfa/element/f.7D8252E83238221F8080DA22DD8FFCA1.d.EF2A78FB9E38B2029700AC368C82F7BB.e.16053/click - {}
RESULT: {}
COMMAND: POST /session/d119162e921248fd1f7a065fe81fedfa/element - {"using":"xpath","value":"//input[contains(@id ,\"application-billingtransfer-display-component---billingWorkbench--smartFilterBar-btnBasicSearch\")]"}
COMMAND: GET /session/d119162e921248fd1f7a065fe81fedfa/screenshot - {}
RESULT: {"using":"xpath","value":"//input[contains(@id ,\"application-billingtransfer-display-component---billingWorkbench--smartFilterBar-btnBasicSearch\")]"}
COMMAND: POST /session/d119162e921248fd1f7a065fe81fedfa/elements - {"using":"xpath","value":"//input[contains(@id ,\"application-billingtransfer-display-component---billingWorkbench--smartFilterBar-btnBasicSearch\")]"}
RESULT: {}
RESULT: {"using":"xpath","value":"//input[contains(@id ,\"application-billingtransfer-display-component---billingWorkbench--smartFilterBar-btnBasicSearch\")]"}
COMMAND: POST /session/d119162e921248fd1f7a065fe81fedfa/elements - {"using":"xpath","value":"//input[contains(@id ,\"application-billingtransfer-display-component---billingWorkbench--smartFilterBar-btnBasicSearch\")]"}
RESULT: {"using":"xpath","value":"//input[contains(@id ,\"application-billingtransfer-display-component---billingWorkbench--smartFilterBar-btnBasicSearch\")]"}
COMMAND: POST /session/d119162e921248fd1f7a065fe81fedfa/elements - {"using":"xpath","value":"//input[contains(@id ,\"application-billingtransfer-display-component---billingWorkbench--smartFilterBar-btnBasicSearch\")]"}
RESULT: {"using":"xpath","value":"//input[contains(@id ,\"application-billingtransfer-display-component---billingWorkbench--smartFilterBar-btnBasicSearch\")]"}
COMMAND: POST /session/d119162e921248fd1f7a065fe81fedfa/elements - {"using":"xpath","value":"//input[contains(@id ,\"application-billingtransfer-display-component---billingWorkbench--smartFilterBar-btnBasicSearch\")]"}
RESULT: {"using":"xpath","value":"//input[contains(@id ,\"application-billingtransfer-display-component---billingWorkbench--smartFilterBar-btnBasicSearch\")]"}
COMMAND: POST /session/d119162e921248fd1f7a065fe81fedfa/elements - {"using":"xpath","value":"//input[contains(@id ,\"application-billingtransfer-display-component---billingWorkbench--smartFilterBar-btnBasicSearch\")]"}
RESULT: {"using":"xpath","value":"//input[contains(@id ,\"application-billingtransfer-display-component---billingWorkbench--smartFilterBar-btnBasicSearch\")]"}
COMMAND: POST /session/d119162e921248fd1f7a065fe81fedfa/elements - {"using":"xpath","value":"//input[contains(@id ,\"application-billingtransfer-display-component---billingWorkbench--smartFilterBar-btnBasicSearch\")]"}
RESULT: {"using":"xpath","value":"//input[contains(@id ,\"application-billingtransfer-display-component---billingWorkbench--smartFilterBar-btnBasicSearch\")]"}
COMMAND: POST /session/d119162e921248fd1f7a065fe81fedfa/element - {"using":"xpath","value":"//input[contains(@id ,\"application-billingtransfer-display-component---billingWorkbench--smartFilterBar-btnBasicSearch\")]"}
RESULT: {"using":"xpath","value":"//input[contains(@id ,\"application-billingtransfer-display-component---billingWorkbench--smartFilterBar-btnBasicSearch\")]"}
COMMAND: POST /session/d119162e921248fd1f7a065fe81fedfa/execute/sync - {"script":"<script> [8489 bytes]","args":[{"element-6066-11e4-a52e-4f735466cecf":"f.7D8252E83238221F8080DA22DD8FFCA1.d.EF2A78FB9E38B2029700AC368C82F7BB.e.20697","ELEMENT":"f.7D8252E83238221F8080DA22DD8FFCA1.d.EF2A78FB9E38B2029700AC368C82F7BB.e.20697"}]}
RESULT: {"script":"<script> [8489 bytes]","args":[{"element-6066-11e4-a52e-4f735466cecf":"f.7D8252E83238221F8080DA22DD8FFCA1.d.EF2A78FB9E38B2029700AC368C82F7BB.e.20697","ELEMENT":"f.7D8252E83238221F8080DA22DD8FFCA1.d.EF2A78FB9E38B2029700AC368C82F7BB.e.20697"}]}
COMMAND: GET /session/d119162e921248fd1f7a065fe81fedfa/element/f.7D8252E83238221F8080DA22DD8FFCA1.d.EF2A78FB9E38B2029700AC368C82F7BB.e.20697/enabled - {}
COMMAND: GET /session/d119162e921248fd1f7a065fe81fedfa/screenshot - {}
RESULT: {}
COMMAND: POST /session/d119162e921248fd1f7a065fe81fedfa/element/f.7D8252E83238221F8080DA22DD8FFCA1.d.EF2A78FB9E38B2029700AC368C82F7BB.e.20697/click - {}
COMMAND: GET /session/d119162e921248fd1f7a065fe81fedfa/screenshot - {}
RESULT: {}
RESULT: {}
COMMAND: GET /session/d119162e921248fd1f7a065fe81fedfa/screenshot - {}
RESULT: {}
RESULT: {}
COMMAND: POST /session/d119162e921248fd1f7a065fe81fedfa/element/f.7D8252E83238221F8080DA22DD8FFCA1.d.EF2A78FB9E38B2029700AC368C82F7BB.e.20697/clear - {}
RESULT: {}
COMMAND: POST /session/d119162e921248fd1f7a065fe81fedfa/element/f.7D8252E83238221F8080DA22DD8FFCA1.d.EF2A78FB9E38B2029700AC368C82F7BB.e.20697/value - {"text":"10521"}
COMMAND: GET /session/d119162e921248fd1f7a065fe81fedfa/screenshot - {}
RESULT: {"text":"10521"}
COMMAND: POST /session/d119162e921248fd1f7a065fe81fedfa/actions - {"actions":[{"id":"action72","type":"key","parameters":{},"actions":[{"type":"keyDown","value":"î€‡"},{"type":"pause","duration":10},{"type":"keyUp","value":"î€‡"}]}]}
COMMAND: GET /session/d119162e921248fd1f7a065fe81fedfa/screenshot - {}
RESULT: {}
RESULT: {"actions":[{"id":"action72","type":"key","parameters":{},"actions":[{"type":"keyDown","value":"î€‡"},{"type":"pause","duration":10},{"type":"keyUp","value":"î€‡"}]}]}
COMMAND: GET /session/d119162e921248fd1f7a065fe81fedfa/screenshot - {}
RESULT: {}
RESULT: {}
COMMAND: POST /session/d119162e921248fd1f7a065fe81fedfa/element - {"using":"xpath","value":"//span[contains(@id ,\"application-billingtransfer-display-component---billingWorkbench--smartTableBillingRuns-header-inner\")]"}
RESULT: {"using":"xpath","value":"//span[contains(@id ,\"application-billingtransfer-display-component---billingWorkbench--smartTableBillingRuns-header-inner\")]"}
COMMAND: POST /session/d119162e921248fd1f7a065fe81fedfa/elements - {"using":"xpath","value":"//span[contains(@id ,\"application-billingtransfer-display-component---billingWorkbench--smartTableBillingRuns-header-inner\")]"}
RESULT: {"using":"xpath","value":"//span[contains(@id ,\"application-billingtransfer-display-component---billingWorkbench--smartTableBillingRuns-header-inner\")]"}
COMMAND: POST /session/d119162e921248fd1f7a065fe81fedfa/execute/sync - {"script":"<script> [56 bytes]","args":[{"element-6066-11e4-a52e-4f735466cecf":"f.7D8252E83238221F8080DA22DD8FFCA1.d.EF2A78FB9E38B2029700AC368C82F7BB.e.21089","ELEMENT":"f.7D8252E83238221F8080DA22DD8FFCA1.d.EF2A78FB9E38B2029700AC368C82F7BB.e.21089"}]}
RESULT: {"script":"<script> [56 bytes]","args":[{"element-6066-11e4-a52e-4f735466cecf":"f.7D8252E83238221F8080DA22DD8FFCA1.d.EF2A78FB9E38B2029700AC368C82F7BB.e.21089","ELEMENT":"f.7D8252E83238221F8080DA22DD8FFCA1.d.EF2A78FB9E38B2029700AC368C82F7BB.e.21089"}]}
COMMAND: POST /session/d119162e921248fd1f7a065fe81fedfa/element - {"using":"xpath","value":"//td[@aria-colindex=\"1\"]/div/div[contains(@class, \"sapMCbBg\")]"}
COMMAND: GET /session/d119162e921248fd1f7a065fe81fedfa/screenshot - {}
RESULT: {"using":"xpath","value":"//td[@aria-colindex=\"1\"]/div/div[contains(@class, \"sapMCbBg\")]"}
COMMAND: POST /session/d119162e921248fd1f7a065fe81fedfa/element/f.7D8252E83238221F8080DA22DD8FFCA1.d.EF2A78FB9E38B2029700AC368C82F7BB.e.20912/click - {}
RESULT: {}
RESULT: {}
COMMAND: GET /session/d119162e921248fd1f7a065fe81fedfa/screenshot - {}
RESULT: {}
COMMAND: POST /session/d119162e921248fd1f7a065fe81fedfa/element - {"using":"xpath","value":"//bdi[contains(text(), \"Check\")]"}
RESULT: {"using":"xpath","value":"//bdi[contains(text(), \"Check\")]"}
COMMAND: POST /session/d119162e921248fd1f7a065fe81fedfa/element/f.7D8252E83238221F8080DA22DD8FFCA1.d.EF2A78FB9E38B2029700AC368C82F7BB.e.21090/click - {}
RESULT: {}
COMMAND: GET /session/d119162e921248fd1f7a065fe81fedfa/screenshot - {}
RESULT: {}
COMMAND: POST /session/d119162e921248fd1f7a065fe81fedfa/element - {"using":"xpath","value":"//bdi[contains(text(), \"OK\")]"}
RESULT: {"using":"xpath","value":"//bdi[contains(text(), \"OK\")]"}
COMMAND: POST /session/d119162e921248fd1f7a065fe81fedfa/element/f.7D8252E83238221F8080DA22DD8FFCA1.d.EF2A78FB9E38B2029700AC368C82F7BB.e.21093/click - {}
RESULT: {}
COMMAND: GET /session/d119162e921248fd1f7a065fe81fedfa/screenshot - {}
RESULT: {}
COMMAND: POST /session/d119162e921248fd1f7a065fe81fedfa/element - {"using":"xpath","value":"(//span[contains(text(), \"CO/SD checked\")]/parent::div/preceding-sibling::div/span)[1]"}
RESULT: {"using":"xpath","value":"(//span[contains(text(), \"CO/SD checked\")]/parent::div/preceding-sibling::div/span)[1]"}
COMMAND: POST /session/d119162e921248fd1f7a065fe81fedfa/element/f.7D8252E83238221F8080DA22DD8FFCA1.d.EF2A78FB9E38B2029700AC368C82F7BB.e.21094/click - {}
RESULT: {}
COMMAND: GET /session/d119162e921248fd1f7a065fe81fedfa/screenshot - {}
RESULT: {}
COMMAND: POST /session/d119162e921248fd1f7a065fe81fedfa/element - {"using":"xpath","value":"//input[contains(@id ,\"application-billingtransfer-display-component---billingWorkbench--smartFilterBar-btnBasicSearch\")]"}
RESULT: {"using":"xpath","value":"//input[contains(@id ,\"application-billingtransfer-display-component---billingWorkbench--smartFilterBar-btnBasicSearch\")]"}
COMMAND: POST /session/d119162e921248fd1f7a065fe81fedfa/elements - {"using":"xpath","value":"//input[contains(@id ,\"application-billingtransfer-display-component---billingWorkbench--smartFilterBar-btnBasicSearch\")]"}
RESULT: {"using":"xpath","value":"//input[contains(@id ,\"application-billingtransfer-display-component---billingWorkbench--smartFilterBar-btnBasicSearch\")]"}
COMMAND: POST /session/d119162e921248fd1f7a065fe81fedfa/execute/sync - {"script":"<script> [8489 bytes]","args":[{"element-6066-11e4-a52e-4f735466cecf":"f.7D8252E83238221F8080DA22DD8FFCA1.d.EF2A78FB9E38B2029700AC368C82F7BB.e.20697","ELEMENT":"f.7D8252E83238221F8080DA22DD8FFCA1.d.EF2A78FB9E38B2029700AC368C82F7BB.e.20697"}]}
RESULT: {"script":"<script> [8489 bytes]","args":[{"element-6066-11e4-a52e-4f735466cecf":"f.7D8252E83238221F8080DA22DD8FFCA1.d.EF2A78FB9E38B2029700AC368C82F7BB.e.20697","ELEMENT":"f.7D8252E83238221F8080DA22DD8FFCA1.d.EF2A78FB9E38B2029700AC368C82F7BB.e.20697"}]}
COMMAND: GET /session/d119162e921248fd1f7a065fe81fedfa/element/f.7D8252E83238221F8080DA22DD8FFCA1.d.EF2A78FB9E38B2029700AC368C82F7BB.e.20697/enabled - {}
COMMAND: GET /session/d119162e921248fd1f7a065fe81fedfa/screenshot - {}
RESULT: {}
COMMAND: POST /session/d119162e921248fd1f7a065fe81fedfa/element/f.7D8252E83238221F8080DA22DD8FFCA1.d.EF2A78FB9E38B2029700AC368C82F7BB.e.20697/click - {}
COMMAND: GET /session/d119162e921248fd1f7a065fe81fedfa/screenshot - {}
RESULT: {}
RESULT: {}
COMMAND: GET /session/d119162e921248fd1f7a065fe81fedfa/screenshot - {}
RESULT: {}
RESULT: {}
COMMAND: POST /session/d119162e921248fd1f7a065fe81fedfa/element/f.7D8252E83238221F8080DA22DD8FFCA1.d.EF2A78FB9E38B2029700AC368C82F7BB.e.20697/clear - {}
RESULT: {}
COMMAND: POST /session/d119162e921248fd1f7a065fe81fedfa/element/f.7D8252E83238221F8080DA22DD8FFCA1.d.EF2A78FB9E38B2029700AC368C82F7BB.e.20697/value - {"text":"10521"}
COMMAND: GET /session/d119162e921248fd1f7a065fe81fedfa/screenshot - {}
RESULT: {"text":"10521"}
COMMAND: POST /session/d119162e921248fd1f7a065fe81fedfa/actions - {"actions":[{"id":"action73","type":"key","parameters":{},"actions":[{"type":"keyDown","value":"î€‡"},{"type":"pause","duration":10},{"type":"keyUp","value":"î€‡"}]}]}
COMMAND: GET /session/d119162e921248fd1f7a065fe81fedfa/screenshot - {}
RESULT: {}
RESULT: {"actions":[{"id":"action73","type":"key","parameters":{},"actions":[{"type":"keyDown","value":"î€‡"},{"type":"pause","duration":10},{"type":"keyUp","value":"î€‡"}]}]}
COMMAND: GET /session/d119162e921248fd1f7a065fe81fedfa/screenshot - {}
RESULT: {}
RESULT: {}
COMMAND: POST /session/d119162e921248fd1f7a065fe81fedfa/element - {"using":"xpath","value":"//span[contains(@id ,\"application-billingtransfer-display-component---billingWorkbench--smartTableBillingRuns-header-inner\")]"}
RESULT: {"using":"xpath","value":"//span[contains(@id ,\"application-billingtransfer-display-component---billingWorkbench--smartTableBillingRuns-header-inner\")]"}
COMMAND: POST /session/d119162e921248fd1f7a065fe81fedfa/elements - {"using":"xpath","value":"//span[contains(@id ,\"application-billingtransfer-display-component---billingWorkbench--smartTableBillingRuns-header-inner\")]"}
RESULT: {"using":"xpath","value":"//span[contains(@id ,\"application-billingtransfer-display-component---billingWorkbench--smartTableBillingRuns-header-inner\")]"}
COMMAND: POST /session/d119162e921248fd1f7a065fe81fedfa/execute/sync - {"script":"<script> [56 bytes]","args":[{"element-6066-11e4-a52e-4f735466cecf":"f.7D8252E83238221F8080DA22DD8FFCA1.d.EF2A78FB9E38B2029700AC368C82F7BB.e.21089","ELEMENT":"f.7D8252E83238221F8080DA22DD8FFCA1.d.EF2A78FB9E38B2029700AC368C82F7BB.e.21089"}]}
RESULT: {"script":"<script> [56 bytes]","args":[{"element-6066-11e4-a52e-4f735466cecf":"f.7D8252E83238221F8080DA22DD8FFCA1.d.EF2A78FB9E38B2029700AC368C82F7BB.e.21089","ELEMENT":"f.7D8252E83238221F8080DA22DD8FFCA1.d.EF2A78FB9E38B2029700AC368C82F7BB.e.21089"}]}
COMMAND: POST /session/d119162e921248fd1f7a065fe81fedfa/element - {"using":"xpath","value":"//td[@aria-colindex=\"1\"]/div/div[contains(@class, \"sapMCbBg\")]"}
COMMAND: GET /session/d119162e921248fd1f7a065fe81fedfa/screenshot - {}
RESULT: {"using":"xpath","value":"//td[@aria-colindex=\"1\"]/div/div[contains(@class, \"sapMCbBg\")]"}
COMMAND: POST /session/d119162e921248fd1f7a065fe81fedfa/element/f.7D8252E83238221F8080DA22DD8FFCA1.d.EF2A78FB9E38B2029700AC368C82F7BB.e.21097/click - {}
RESULT: {}
RESULT: {}
COMMAND: GET /session/d119162e921248fd1f7a065fe81fedfa/screenshot - {}
RESULT: {}
COMMAND: POST /session/d119162e921248fd1f7a065fe81fedfa/element - {"using":"xpath","value":"//bdi[text()=\"Transfer\"]"}
RESULT: {"using":"xpath","value":"//bdi[text()=\"Transfer\"]"}
COMMAND: POST /session/d119162e921248fd1f7a065fe81fedfa/element/f.7D8252E83238221F8080DA22DD8FFCA1.d.EF2A78FB9E38B2029700AC368C82F7BB.e.21098/click - {}
RESULT: {}
COMMAND: GET /session/d119162e921248fd1f7a065fe81fedfa/screenshot - {}
RESULT: {}
COMMAND: POST /session/d119162e921248fd1f7a065fe81fedfa/element - {"using":"xpath","value":"//bdi[contains(text(), \"OK\")]"}
RESULT: {"using":"xpath","value":"//bdi[contains(text(), \"OK\")]"}
COMMAND: POST /session/d119162e921248fd1f7a065fe81fedfa/element/f.7D8252E83238221F8080DA22DD8FFCA1.d.EF2A78FB9E38B2029700AC368C82F7BB.e.21101/click - {}
RESULT: {}
COMMAND: GET /session/d119162e921248fd1f7a065fe81fedfa/screenshot - {}
RESULT: {}
COMMAND: POST /session/d119162e921248fd1f7a065fe81fedfa/element - {"using":"xpath","value":"(//span[contains(text(), \"Completed\")]/parent::div/preceding-sibling::div/span)[1]"}
RESULT: {"using":"xpath","value":"(//span[contains(text(), \"Completed\")]/parent::div/preceding-sibling::div/span)[1]"}
COMMAND: POST /session/d119162e921248fd1f7a065fe81fedfa/element/f.7D8252E83238221F8080DA22DD8FFCA1.d.EF2A78FB9E38B2029700AC368C82F7BB.e.21109/click - {}
RESULT: {}
COMMAND: POST /session/d119162e921248fd1f7a065fe81fedfa/element - {"using":"xpath","value":"//input[contains(@id ,\"application-billingtransfer-display-component---billingWorkbench--smartFilterBar-btnBasicSearch\")]"}
COMMAND: GET /session/d119162e921248fd1f7a065fe81fedfa/screenshot - {}
RESULT: {"using":"xpath","value":"//input[contains(@id ,\"application-billingtransfer-display-component---billingWorkbench--smartFilterBar-btnBasicSearch\")]"}
COMMAND: POST /session/d119162e921248fd1f7a065fe81fedfa/elements - {"using":"xpath","value":"//input[contains(@id ,\"application-billingtransfer-display-component---billingWorkbench--smartFilterBar-btnBasicSearch\")]"}
RESULT: {}
RESULT: {"using":"xpath","value":"//input[contains(@id ,\"application-billingtransfer-display-component---billingWorkbench--smartFilterBar-btnBasicSearch\")]"}
COMMAND: POST /session/d119162e921248fd1f7a065fe81fedfa/execute/sync - {"script":"<script> [8489 bytes]","args":[{"element-6066-11e4-a52e-4f735466cecf":"f.7D8252E83238221F8080DA22DD8FFCA1.d.EF2A78FB9E38B2029700AC368C82F7BB.e.20697","ELEMENT":"f.7D8252E83238221F8080DA22DD8FFCA1.d.EF2A78FB9E38B2029700AC368C82F7BB.e.20697"}]}
RESULT: {"script":"<script> [8489 bytes]","args":[{"element-6066-11e4-a52e-4f735466cecf":"f.7D8252E83238221F8080DA22DD8FFCA1.d.EF2A78FB9E38B2029700AC368C82F7BB.e.20697","ELEMENT":"f.7D8252E83238221F8080DA22DD8FFCA1.d.EF2A78FB9E38B2029700AC368C82F7BB.e.20697"}]}
COMMAND: GET /session/d119162e921248fd1f7a065fe81fedfa/element/f.7D8252E83238221F8080DA22DD8FFCA1.d.EF2A78FB9E38B2029700AC368C82F7BB.e.20697/enabled - {}
COMMAND: GET /session/d119162e921248fd1f7a065fe81fedfa/screenshot - {}
RESULT: {}
COMMAND: POST /session/d119162e921248fd1f7a065fe81fedfa/element/f.7D8252E83238221F8080DA22DD8FFCA1.d.EF2A78FB9E38B2029700AC368C82F7BB.e.20697/click - {}
COMMAND: GET /session/d119162e921248fd1f7a065fe81fedfa/screenshot - {}
RESULT: {}
RESULT: {}
COMMAND: GET /session/d119162e921248fd1f7a065fe81fedfa/screenshot - {}
RESULT: {}
RESULT: {}
COMMAND: POST /session/d119162e921248fd1f7a065fe81fedfa/element/f.7D8252E83238221F8080DA22DD8FFCA1.d.EF2A78FB9E38B2029700AC368C82F7BB.e.20697/clear - {}
RESULT: {}
COMMAND: POST /session/d119162e921248fd1f7a065fe81fedfa/element/f.7D8252E83238221F8080DA22DD8FFCA1.d.EF2A78FB9E38B2029700AC368C82F7BB.e.20697/value - {"text":"10521"}
COMMAND: GET /session/d119162e921248fd1f7a065fe81fedfa/screenshot - {}
RESULT: {"text":"10521"}
COMMAND: POST /session/d119162e921248fd1f7a065fe81fedfa/actions - {"actions":[{"id":"action74","type":"key","parameters":{},"actions":[{"type":"keyDown","value":"î€‡"},{"type":"pause","duration":10},{"type":"keyUp","value":"î€‡"}]}]}
COMMAND: GET /session/d119162e921248fd1f7a065fe81fedfa/screenshot - {}
RESULT: {}
RESULT: {"actions":[{"id":"action74","type":"key","parameters":{},"actions":[{"type":"keyDown","value":"î€‡"},{"type":"pause","duration":10},{"type":"keyUp","value":"î€‡"}]}]}
COMMAND: GET /session/d119162e921248fd1f7a065fe81fedfa/screenshot - {}
RESULT: {}
RESULT: {}
COMMAND: POST /session/d119162e921248fd1f7a065fe81fedfa/element - {"using":"xpath","value":"//span[contains(@id ,\"application-billingtransfer-display-component---billingWorkbench--smartTableBillingRuns-header-inner\")]"}
RESULT: {"using":"xpath","value":"//span[contains(@id ,\"application-billingtransfer-display-component---billingWorkbench--smartTableBillingRuns-header-inner\")]"}
COMMAND: POST /session/d119162e921248fd1f7a065fe81fedfa/elements - {"using":"xpath","value":"//span[contains(@id ,\"application-billingtransfer-display-component---billingWorkbench--smartTableBillingRuns-header-inner\")]"}
RESULT: {"using":"xpath","value":"//span[contains(@id ,\"application-billingtransfer-display-component---billingWorkbench--smartTableBillingRuns-header-inner\")]"}
COMMAND: POST /session/d119162e921248fd1f7a065fe81fedfa/execute/sync - {"script":"<script> [56 bytes]","args":[{"element-6066-11e4-a52e-4f735466cecf":"f.7D8252E83238221F8080DA22DD8FFCA1.d.EF2A78FB9E38B2029700AC368C82F7BB.e.21089","ELEMENT":"f.7D8252E83238221F8080DA22DD8FFCA1.d.EF2A78FB9E38B2029700AC368C82F7BB.e.21089"}]}
RESULT: {"script":"<script> [56 bytes]","args":[{"element-6066-11e4-a52e-4f735466cecf":"f.7D8252E83238221F8080DA22DD8FFCA1.d.EF2A78FB9E38B2029700AC368C82F7BB.e.21089","ELEMENT":"f.7D8252E83238221F8080DA22DD8FFCA1.d.EF2A78FB9E38B2029700AC368C82F7BB.e.21089"}]}
COMMAND: GET /session/d119162e921248fd1f7a065fe81fedfa/screenshot - {}
RESULT: {}
COMMAND: POST /session/d119162e921248fd1f7a065fe81fedfa/execute/sync - {"script":"<script> [56 bytes]","args":[{"element-6066-11e4-a52e-4f735466cecf":"f.7D8252E83238221F8080DA22DD8FFCA1.d.EF2A78FB9E38B2029700AC368C82F7BB.e.21089","ELEMENT":"f.7D8252E83238221F8080DA22DD8FFCA1.d.EF2A78FB9E38B2029700AC368C82F7BB.e.21089"}]}
RESULT: {"script":"<script> [56 bytes]","args":[{"element-6066-11e4-a52e-4f735466cecf":"f.7D8252E83238221F8080DA22DD8FFCA1.d.EF2A78FB9E38B2029700AC368C82F7BB.e.21089","ELEMENT":"f.7D8252E83238221F8080DA22DD8FFCA1.d.EF2A78FB9E38B2029700AC368C82F7BB.e.21089"}]}
COMMAND: GET /session/d119162e921248fd1f7a065fe81fedfa/screenshot - {}
RESULT: {}
COMMAND: POST /session/d119162e921248fd1f7a065fe81fedfa/execute/sync - {"script":"<script> [56 bytes]","args":[{"element-6066-11e4-a52e-4f735466cecf":"f.7D8252E83238221F8080DA22DD8FFCA1.d.EF2A78FB9E38B2029700AC368C82F7BB.e.21089","ELEMENT":"f.7D8252E83238221F8080DA22DD8FFCA1.d.EF2A78FB9E38B2029700AC368C82F7BB.e.21089"}]}
RESULT: {"script":"<script> [56 bytes]","args":[{"element-6066-11e4-a52e-4f735466cecf":"f.7D8252E83238221F8080DA22DD8FFCA1.d.EF2A78FB9E38B2029700AC368C82F7BB.e.21089","ELEMENT":"f.7D8252E83238221F8080DA22DD8FFCA1.d.EF2A78FB9E38B2029700AC368C82F7BB.e.21089"}]}
COMMAND: GET /session/d119162e921248fd1f7a065fe81fedfa/screenshot - {}
RESULT: {}
COMMAND: POST /session/d119162e921248fd1f7a065fe81fedfa/execute/sync - {"script":"<script> [56 bytes]","args":[{"element-6066-11e4-a52e-4f735466cecf":"f.7D8252E83238221F8080DA22DD8FFCA1.d.EF2A78FB9E38B2029700AC368C82F7BB.e.21089","ELEMENT":"f.7D8252E83238221F8080DA22DD8FFCA1.d.EF2A78FB9E38B2029700AC368C82F7BB.e.21089"}]}
RESULT: {"script":"<script> [56 bytes]","args":[{"element-6066-11e4-a52e-4f735466cecf":"f.7D8252E83238221F8080DA22DD8FFCA1.d.EF2A78FB9E38B2029700AC368C82F7BB.e.21089","ELEMENT":"f.7D8252E83238221F8080DA22DD8FFCA1.d.EF2A78FB9E38B2029700AC368C82F7BB.e.21089"}]}
COMMAND: GET /session/d119162e921248fd1f7a065fe81fedfa/screenshot - {}
RESULT: {}
COMMAND: POST /session/d119162e921248fd1f7a065fe81fedfa/execute/sync - {"script":"<script> [56 bytes]","args":[{"element-6066-11e4-a52e-4f735466cecf":"f.7D8252E83238221F8080DA22DD8FFCA1.d.EF2A78FB9E38B2029700AC368C82F7BB.e.21089","ELEMENT":"f.7D8252E83238221F8080DA22DD8FFCA1.d.EF2A78FB9E38B2029700AC368C82F7BB.e.21089"}]}
RESULT: {"script":"<script> [56 bytes]","args":[{"element-6066-11e4-a52e-4f735466cecf":"f.7D8252E83238221F8080DA22DD8FFCA1.d.EF2A78FB9E38B2029700AC368C82F7BB.e.21089","ELEMENT":"f.7D8252E83238221F8080DA22DD8FFCA1.d.EF2A78FB9E38B2029700AC368C82F7BB.e.21089"}]}
COMMAND: GET /session/d119162e921248fd1f7a065fe81fedfa/screenshot - {}
RESULT: {}
COMMAND: POST /session/d119162e921248fd1f7a065fe81fedfa/execute/sync - {"script":"<script> [56 bytes]","args":[{"element-6066-11e4-a52e-4f735466cecf":"f.7D8252E83238221F8080DA22DD8FFCA1.d.EF2A78FB9E38B2029700AC368C82F7BB.e.21089","ELEMENT":"f.7D8252E83238221F8080DA22DD8FFCA1.d.EF2A78FB9E38B2029700AC368C82F7BB.e.21089"}]}
RESULT: {"script":"<script> [56 bytes]","args":[{"element-6066-11e4-a52e-4f735466cecf":"f.7D8252E83238221F8080DA22DD8FFCA1.d.EF2A78FB9E38B2029700AC368C82F7BB.e.21089","ELEMENT":"f.7D8252E83238221F8080DA22DD8FFCA1.d.EF2A78FB9E38B2029700AC368C82F7BB.e.21089"}]}
COMMAND: POST /session/d119162e921248fd1f7a065fe81fedfa/element - {"using":"css selector","value":"#shell-header-logo"}
COMMAND: GET /session/d119162e921248fd1f7a065fe81fedfa/screenshot - {}
RESULT: {"using":"css selector","value":"#shell-header-logo"}
COMMAND: POST /session/d119162e921248fd1f7a065fe81fedfa/element/f.7D8252E83238221F8080DA22DD8FFCA1.d.EF2A78FB9E38B2029700AC368C82F7BB.e.20695/click - {}
RESULT: {}
RESULT: {}
COMMAND: GET /session/d119162e921248fd1f7a065fe81fedfa/screenshot - {}
RESULT: {}
]]></system-out>
    </testcase>
    <testcase classname="chrome.135_0_7049_96.windows.Billing_Calculation_-_Time_based_(considering_transport_times)_US139738" name="Should navigate to the contract item check the billed until field value" time="42.369">
      <system-out><![CDATA[
RESULT: undefined
COMMAND: POST /session/d119162e921248fd1f7a065fe81fedfa/element - {"using":"xpath","value":"//*[@id=\"__tile130-title\"]"}
RESULT: {"using":"xpath","value":"//*[@id=\"__tile130-title\"]"}
COMMAND: POST /session/d119162e921248fd1f7a065fe81fedfa/element/f.7D8252E83238221F8080DA22DD8FFCA1.d.EF2A78FB9E38B2029700AC368C82F7BB.e.18794/click - {}
RESULT: {}
COMMAND: GET /session/d119162e921248fd1f7a065fe81fedfa/screenshot - {}
COMMAND: POST /session/d119162e921248fd1f7a065fe81fedfa/element - {"using":"xpath","value":"//button[@data-kt=\"addButton\"]"}
RESULT: {}
RESULT: {"using":"xpath","value":"//button[@data-kt=\"addButton\"]"}
COMMAND: POST /session/d119162e921248fd1f7a065fe81fedfa/elements - {"using":"xpath","value":"//button[@data-kt=\"addButton\"]"}
RESULT: {"using":"xpath","value":"//button[@data-kt=\"addButton\"]"}
COMMAND: POST /session/d119162e921248fd1f7a065fe81fedfa/execute/sync - {"script":"<script> [8489 bytes]","args":[{"element-6066-11e4-a52e-4f735466cecf":"f.7D8252E83238221F8080DA22DD8FFCA1.d.EF2A78FB9E38B2029700AC368C82F7BB.e.21543","ELEMENT":"f.7D8252E83238221F8080DA22DD8FFCA1.d.EF2A78FB9E38B2029700AC368C82F7BB.e.21543"}]}
RESULT: {"script":"<script> [8489 bytes]","args":[{"element-6066-11e4-a52e-4f735466cecf":"f.7D8252E83238221F8080DA22DD8FFCA1.d.EF2A78FB9E38B2029700AC368C82F7BB.e.21543","ELEMENT":"f.7D8252E83238221F8080DA22DD8FFCA1.d.EF2A78FB9E38B2029700AC368C82F7BB.e.21543"}]}
COMMAND: GET /session/d119162e921248fd1f7a065fe81fedfa/element/f.7D8252E83238221F8080DA22DD8FFCA1.d.EF2A78FB9E38B2029700AC368C82F7BB.e.21543/enabled - {}
COMMAND: GET /session/d119162e921248fd1f7a065fe81fedfa/screenshot - {}
RESULT: {}
COMMAND: POST /session/d119162e921248fd1f7a065fe81fedfa/execute/sync - {"script":"<script> [8489 bytes]","args":[{"element-6066-11e4-a52e-4f735466cecf":"f.7D8252E83238221F8080DA22DD8FFCA1.d.EF2A78FB9E38B2029700AC368C82F7BB.e.21543","ELEMENT":"f.7D8252E83238221F8080DA22DD8FFCA1.d.EF2A78FB9E38B2029700AC368C82F7BB.e.21543"}]}
COMMAND: GET /session/d119162e921248fd1f7a065fe81fedfa/screenshot - {}
RESULT: {}
RESULT: {"script":"<script> [8489 bytes]","args":[{"element-6066-11e4-a52e-4f735466cecf":"f.7D8252E83238221F8080DA22DD8FFCA1.d.EF2A78FB9E38B2029700AC368C82F7BB.e.21543","ELEMENT":"f.7D8252E83238221F8080DA22DD8FFCA1.d.EF2A78FB9E38B2029700AC368C82F7BB.e.21543"}]}
COMMAND: POST /session/d119162e921248fd1f7a065fe81fedfa/execute/sync - {"script":"<script> [5351 bytes]","args":[{"element-6066-11e4-a52e-4f735466cecf":"f.7D8252E83238221F8080DA22DD8FFCA1.d.EF2A78FB9E38B2029700AC368C82F7BB.e.21543","ELEMENT":"f.7D8252E83238221F8080DA22DD8FFCA1.d.EF2A78FB9E38B2029700AC368C82F7BB.e.21543"}]}
COMMAND: GET /session/d119162e921248fd1f7a065fe81fedfa/screenshot - {}
RESULT: {}
RESULT: {"script":"<script> [5351 bytes]","args":[{"element-6066-11e4-a52e-4f735466cecf":"f.7D8252E83238221F8080DA22DD8FFCA1.d.EF2A78FB9E38B2029700AC368C82F7BB.e.21543","ELEMENT":"f.7D8252E83238221F8080DA22DD8FFCA1.d.EF2A78FB9E38B2029700AC368C82F7BB.e.21543"}]}
COMMAND: POST /session/d119162e921248fd1f7a065fe81fedfa/element - {"using":"xpath","value":"//input[contains(@id ,\"smartContractFilterBar-btnBasicSearch-I\")]"}
COMMAND: GET /session/d119162e921248fd1f7a065fe81fedfa/screenshot - {}
RESULT: {}
RESULT: {"using":"xpath","value":"//input[contains(@id ,\"smartContractFilterBar-btnBasicSearch-I\")]"}
COMMAND: POST /session/d119162e921248fd1f7a065fe81fedfa/elements - {"using":"xpath","value":"//input[contains(@id ,\"smartContractFilterBar-btnBasicSearch-I\")]"}
RESULT: {}
RESULT: {"using":"xpath","value":"//input[contains(@id ,\"smartContractFilterBar-btnBasicSearch-I\")]"}
COMMAND: POST /session/d119162e921248fd1f7a065fe81fedfa/execute/sync - {"script":"<script> [8489 bytes]","args":[{"element-6066-11e4-a52e-4f735466cecf":"f.7D8252E83238221F8080DA22DD8FFCA1.d.EF2A78FB9E38B2029700AC368C82F7BB.e.21115","ELEMENT":"f.7D8252E83238221F8080DA22DD8FFCA1.d.EF2A78FB9E38B2029700AC368C82F7BB.e.21115"}]}
RESULT: {"script":"<script> [8489 bytes]","args":[{"element-6066-11e4-a52e-4f735466cecf":"f.7D8252E83238221F8080DA22DD8FFCA1.d.EF2A78FB9E38B2029700AC368C82F7BB.e.21115","ELEMENT":"f.7D8252E83238221F8080DA22DD8FFCA1.d.EF2A78FB9E38B2029700AC368C82F7BB.e.21115"}]}
COMMAND: GET /session/d119162e921248fd1f7a065fe81fedfa/element/f.7D8252E83238221F8080DA22DD8FFCA1.d.EF2A78FB9E38B2029700AC368C82F7BB.e.21115/enabled - {}
COMMAND: GET /session/d119162e921248fd1f7a065fe81fedfa/screenshot - {}
RESULT: {}
COMMAND: POST /session/d119162e921248fd1f7a065fe81fedfa/element/f.7D8252E83238221F8080DA22DD8FFCA1.d.EF2A78FB9E38B2029700AC368C82F7BB.e.21115/clear - {}
COMMAND: GET /session/d119162e921248fd1f7a065fe81fedfa/screenshot - {}
RESULT: {}
RESULT: {}
COMMAND: POST /session/d119162e921248fd1f7a065fe81fedfa/element/f.7D8252E83238221F8080DA22DD8FFCA1.d.EF2A78FB9E38B2029700AC368C82F7BB.e.21115/value - {"text":"10521"}
COMMAND: GET /session/d119162e921248fd1f7a065fe81fedfa/screenshot - {}
RESULT: {}
RESULT: {"text":"10521"}
COMMAND: GET /session/d119162e921248fd1f7a065fe81fedfa/screenshot - {}
RESULT: {}
RESULT: {}
COMMAND: POST /session/d119162e921248fd1f7a065fe81fedfa/actions - {"actions":[{"id":"action75","type":"key","parameters":{},"actions":[{"type":"keyDown","value":"î€‡"},{"type":"pause","duration":10},{"type":"keyUp","value":"î€‡"}]}]}
RESULT: {"actions":[{"id":"action75","type":"key","parameters":{},"actions":[{"type":"keyDown","value":"î€‡"},{"type":"pause","duration":10},{"type":"keyUp","value":"î€‡"}]}]}
COMMAND: GET /session/d119162e921248fd1f7a065fe81fedfa/screenshot - {}
RESULT: {}
COMMAND: POST /session/d119162e921248fd1f7a065fe81fedfa/element - {"using":"xpath","value":"//span[contains(@id, \"masterListContractsSmartTable-header-inner\")]"}
RESULT: {"using":"xpath","value":"//span[contains(@id, \"masterListContractsSmartTable-header-inner\")]"}
COMMAND: POST /session/d119162e921248fd1f7a065fe81fedfa/elements - {"using":"xpath","value":"//span[contains(@id, \"masterListContractsSmartTable-header-inner\")]"}
RESULT: {"using":"xpath","value":"//span[contains(@id, \"masterListContractsSmartTable-header-inner\")]"}
COMMAND: POST /session/d119162e921248fd1f7a065fe81fedfa/execute/sync - {"script":"<script> [56 bytes]","args":[{"element-6066-11e4-a52e-4f735466cecf":"f.7D8252E83238221F8080DA22DD8FFCA1.d.EF2A78FB9E38B2029700AC368C82F7BB.e.21602","ELEMENT":"f.7D8252E83238221F8080DA22DD8FFCA1.d.EF2A78FB9E38B2029700AC368C82F7BB.e.21602"}]}
RESULT: {"script":"<script> [56 bytes]","args":[{"element-6066-11e4-a52e-4f735466cecf":"f.7D8252E83238221F8080DA22DD8FFCA1.d.EF2A78FB9E38B2029700AC368C82F7BB.e.21602","ELEMENT":"f.7D8252E83238221F8080DA22DD8FFCA1.d.EF2A78FB9E38B2029700AC368C82F7BB.e.21602"}]}
COMMAND: POST /session/d119162e921248fd1f7a065fe81fedfa/element - {"using":"xpath","value":"(//span[contains(@id, \"imgNav\")])[1]"}
COMMAND: GET /session/d119162e921248fd1f7a065fe81fedfa/screenshot - {}
RESULT: {"using":"xpath","value":"(//span[contains(@id, \"imgNav\")])[1]"}
COMMAND: POST /session/d119162e921248fd1f7a065fe81fedfa/element/f.7D8252E83238221F8080DA22DD8FFCA1.d.EF2A78FB9E38B2029700AC368C82F7BB.e.21522/click - {}
RESULT: {}
RESULT: {}
COMMAND: GET /session/d119162e921248fd1f7a065fe81fedfa/screenshot - {}
RESULT: {}
COMMAND: POST /session/d119162e921248fd1f7a065fe81fedfa/element - {"using":"xpath","value":"//tr[@data-kt=\"productsColumnListItem\"]//td//span[contains(@id, \"imgNav\")][1]"}
RESULT: {"using":"xpath","value":"//tr[@data-kt=\"productsColumnListItem\"]//td//span[contains(@id, \"imgNav\")][1]"}
COMMAND: POST /session/d119162e921248fd1f7a065fe81fedfa/element/f.7D8252E83238221F8080DA22DD8FFCA1.d.EF2A78FB9E38B2029700AC368C82F7BB.e.21761/click - {}
RESULT: {}
COMMAND: GET /session/d119162e921248fd1f7a065fe81fedfa/screenshot - {}
RESULT: {}
COMMAND: POST /session/d119162e921248fd1f7a065fe81fedfa/element - {"using":"xpath","value":"//section[contains(@id, \"application-managecontracts-display-component---BillingItem--ObjectPageLayout-OPHeaderContent\")]/div/div/div/div/div[2]/div/div[2]/span"}
RESULT: {"using":"xpath","value":"//section[contains(@id, \"application-managecontracts-display-component---BillingItem--ObjectPageLayout-OPHeaderContent\")]/div/div/div/div/div[2]/div/div[2]/span"}
COMMAND: POST /session/d119162e921248fd1f7a065fe81fedfa/execute/sync - {"script":"<script> [56 bytes]","args":[{"element-6066-11e4-a52e-4f735466cecf":"f.7D8252E83238221F8080DA22DD8FFCA1.d.EF2A78FB9E38B2029700AC368C82F7BB.e.21898","ELEMENT":"f.7D8252E83238221F8080DA22DD8FFCA1.d.EF2A78FB9E38B2029700AC368C82F7BB.e.21898"}]}
RESULT: {"script":"<script> [56 bytes]","args":[{"element-6066-11e4-a52e-4f735466cecf":"f.7D8252E83238221F8080DA22DD8FFCA1.d.EF2A78FB9E38B2029700AC368C82F7BB.e.21898","ELEMENT":"f.7D8252E83238221F8080DA22DD8FFCA1.d.EF2A78FB9E38B2029700AC368C82F7BB.e.21898"}]}
COMMAND: POST /session/d119162e921248fd1f7a065fe81fedfa/element - {"using":"xpath","value":"//table[contains(@id, \"application-managecontracts-display-component---BillingItem--billingList-listUl\")]//td//*[contains(text(), \"partial billed\")]"}
COMMAND: GET /session/d119162e921248fd1f7a065fe81fedfa/screenshot - {}
RESULT: {"using":"xpath","value":"//table[contains(@id, \"application-managecontracts-display-component---BillingItem--billingList-listUl\")]//td//*[contains(text(), \"partial billed\")]"}
COMMAND: POST /session/d119162e921248fd1f7a065fe81fedfa/execute/sync - {"script":"<script> [56 bytes]","args":[{"element-6066-11e4-a52e-4f735466cecf":"f.7D8252E83238221F8080DA22DD8FFCA1.d.EF2A78FB9E38B2029700AC368C82F7BB.e.21899","ELEMENT":"f.7D8252E83238221F8080DA22DD8FFCA1.d.EF2A78FB9E38B2029700AC368C82F7BB.e.21899"}]}
RESULT: {}
RESULT: {"script":"<script> [56 bytes]","args":[{"element-6066-11e4-a52e-4f735466cecf":"f.7D8252E83238221F8080DA22DD8FFCA1.d.EF2A78FB9E38B2029700AC368C82F7BB.e.21899","ELEMENT":"f.7D8252E83238221F8080DA22DD8FFCA1.d.EF2A78FB9E38B2029700AC368C82F7BB.e.21899"}]}
COMMAND: POST /session/d119162e921248fd1f7a065fe81fedfa/element - {"using":"css selector","value":"#shell-header-logo"}
COMMAND: GET /session/d119162e921248fd1f7a065fe81fedfa/screenshot - {}
RESULT: {"using":"css selector","value":"#shell-header-logo"}
COMMAND: POST /session/d119162e921248fd1f7a065fe81fedfa/element/f.7D8252E83238221F8080DA22DD8FFCA1.d.EF2A78FB9E38B2029700AC368C82F7BB.e.21128/click - {}
RESULT: {}
RESULT: {}
COMMAND: GET /session/d119162e921248fd1f7a065fe81fedfa/screenshot - {}
RESULT: {}
]]></system-out>
    </testcase>
    <testcase classname="chrome.135_0_7049_96.windows.Billing_Calculation_-_Time_based_(considering_transport_times)_US139738" name="Should do a handover return 2 step 7 days after provide or 14 days from today receive it in 21 days" time="151.204">
      <system-out><![CDATA[
RESULT: undefined
COMMAND: POST /session/d119162e921248fd1f7a065fe81fedfa/element - {"using":"xpath","value":"//*[@id=\"__tile130-title\"]"}
RESULT: {"using":"xpath","value":"//*[@id=\"__tile130-title\"]"}
COMMAND: POST /session/d119162e921248fd1f7a065fe81fedfa/element/f.7D8252E83238221F8080DA22DD8FFCA1.d.EF2A78FB9E38B2029700AC368C82F7BB.e.18794/click - {}
RESULT: {}
COMMAND: GET /session/d119162e921248fd1f7a065fe81fedfa/screenshot - {}
COMMAND: POST /session/d119162e921248fd1f7a065fe81fedfa/element - {"using":"xpath","value":"//button[@data-kt=\"addButton\"]"}
RESULT: {}
RESULT: {"using":"xpath","value":"//button[@data-kt=\"addButton\"]"}
COMMAND: POST /session/d119162e921248fd1f7a065fe81fedfa/elements - {"using":"xpath","value":"//button[@data-kt=\"addButton\"]"}
RESULT: {"using":"xpath","value":"//button[@data-kt=\"addButton\"]"}
COMMAND: POST /session/d119162e921248fd1f7a065fe81fedfa/execute/sync - {"script":"<script> [8489 bytes]","args":[{"element-6066-11e4-a52e-4f735466cecf":"f.7D8252E83238221F8080DA22DD8FFCA1.d.EF2A78FB9E38B2029700AC368C82F7BB.e.21971","ELEMENT":"f.7D8252E83238221F8080DA22DD8FFCA1.d.EF2A78FB9E38B2029700AC368C82F7BB.e.21971"}]}
RESULT: {"script":"<script> [8489 bytes]","args":[{"element-6066-11e4-a52e-4f735466cecf":"f.7D8252E83238221F8080DA22DD8FFCA1.d.EF2A78FB9E38B2029700AC368C82F7BB.e.21971","ELEMENT":"f.7D8252E83238221F8080DA22DD8FFCA1.d.EF2A78FB9E38B2029700AC368C82F7BB.e.21971"}]}
COMMAND: GET /session/d119162e921248fd1f7a065fe81fedfa/element/f.7D8252E83238221F8080DA22DD8FFCA1.d.EF2A78FB9E38B2029700AC368C82F7BB.e.21971/enabled - {}
COMMAND: GET /session/d119162e921248fd1f7a065fe81fedfa/screenshot - {}
RESULT: {}
COMMAND: POST /session/d119162e921248fd1f7a065fe81fedfa/execute/sync - {"script":"<script> [8489 bytes]","args":[{"element-6066-11e4-a52e-4f735466cecf":"f.7D8252E83238221F8080DA22DD8FFCA1.d.EF2A78FB9E38B2029700AC368C82F7BB.e.21971","ELEMENT":"f.7D8252E83238221F8080DA22DD8FFCA1.d.EF2A78FB9E38B2029700AC368C82F7BB.e.21971"}]}
COMMAND: GET /session/d119162e921248fd1f7a065fe81fedfa/screenshot - {}
RESULT: {}
RESULT: {"script":"<script> [8489 bytes]","args":[{"element-6066-11e4-a52e-4f735466cecf":"f.7D8252E83238221F8080DA22DD8FFCA1.d.EF2A78FB9E38B2029700AC368C82F7BB.e.21971","ELEMENT":"f.7D8252E83238221F8080DA22DD8FFCA1.d.EF2A78FB9E38B2029700AC368C82F7BB.e.21971"}]}
COMMAND: POST /session/d119162e921248fd1f7a065fe81fedfa/execute/sync - {"script":"<script> [5351 bytes]","args":[{"element-6066-11e4-a52e-4f735466cecf":"f.7D8252E83238221F8080DA22DD8FFCA1.d.EF2A78FB9E38B2029700AC368C82F7BB.e.21971","ELEMENT":"f.7D8252E83238221F8080DA22DD8FFCA1.d.EF2A78FB9E38B2029700AC368C82F7BB.e.21971"}]}
COMMAND: GET /session/d119162e921248fd1f7a065fe81fedfa/screenshot - {}
RESULT: {}
RESULT: {"script":"<script> [5351 bytes]","args":[{"element-6066-11e4-a52e-4f735466cecf":"f.7D8252E83238221F8080DA22DD8FFCA1.d.EF2A78FB9E38B2029700AC368C82F7BB.e.21971","ELEMENT":"f.7D8252E83238221F8080DA22DD8FFCA1.d.EF2A78FB9E38B2029700AC368C82F7BB.e.21971"}]}
COMMAND: GET /session/d119162e921248fd1f7a065fe81fedfa/screenshot - {}
RESULT: {}
RESULT: {}
COMMAND: POST /session/d119162e921248fd1f7a065fe81fedfa/element - {"using":"xpath","value":"//input[contains(@id ,\"smartContractFilterBar-btnBasicSearch-I\")]"}
RESULT: {"using":"xpath","value":"//input[contains(@id ,\"smartContractFilterBar-btnBasicSearch-I\")]"}
COMMAND: POST /session/d119162e921248fd1f7a065fe81fedfa/elements - {"using":"xpath","value":"//input[contains(@id ,\"smartContractFilterBar-btnBasicSearch-I\")]"}
RESULT: {"using":"xpath","value":"//input[contains(@id ,\"smartContractFilterBar-btnBasicSearch-I\")]"}
COMMAND: POST /session/d119162e921248fd1f7a065fe81fedfa/execute/sync - {"script":"<script> [8489 bytes]","args":[{"element-6066-11e4-a52e-4f735466cecf":"f.7D8252E83238221F8080DA22DD8FFCA1.d.EF2A78FB9E38B2029700AC368C82F7BB.e.21905","ELEMENT":"f.7D8252E83238221F8080DA22DD8FFCA1.d.EF2A78FB9E38B2029700AC368C82F7BB.e.21905"}]}
RESULT: {"script":"<script> [8489 bytes]","args":[{"element-6066-11e4-a52e-4f735466cecf":"f.7D8252E83238221F8080DA22DD8FFCA1.d.EF2A78FB9E38B2029700AC368C82F7BB.e.21905","ELEMENT":"f.7D8252E83238221F8080DA22DD8FFCA1.d.EF2A78FB9E38B2029700AC368C82F7BB.e.21905"}]}
COMMAND: GET /session/d119162e921248fd1f7a065fe81fedfa/element/f.7D8252E83238221F8080DA22DD8FFCA1.d.EF2A78FB9E38B2029700AC368C82F7BB.e.21905/enabled - {}
COMMAND: GET /session/d119162e921248fd1f7a065fe81fedfa/screenshot - {}
RESULT: {}
COMMAND: POST /session/d119162e921248fd1f7a065fe81fedfa/element/f.7D8252E83238221F8080DA22DD8FFCA1.d.EF2A78FB9E38B2029700AC368C82F7BB.e.21905/clear - {}
COMMAND: GET /session/d119162e921248fd1f7a065fe81fedfa/screenshot - {}
RESULT: {}
RESULT: {}
COMMAND: POST /session/d119162e921248fd1f7a065fe81fedfa/element/f.7D8252E83238221F8080DA22DD8FFCA1.d.EF2A78FB9E38B2029700AC368C82F7BB.e.21905/value - {"text":"10521"}
COMMAND: GET /session/d119162e921248fd1f7a065fe81fedfa/screenshot - {}
RESULT: {}
RESULT: {"text":"10521"}
COMMAND: GET /session/d119162e921248fd1f7a065fe81fedfa/screenshot - {}
RESULT: {}
RESULT: {}
COMMAND: POST /session/d119162e921248fd1f7a065fe81fedfa/actions - {"actions":[{"id":"action76","type":"key","parameters":{},"actions":[{"type":"keyDown","value":"î€‡"},{"type":"pause","duration":10},{"type":"keyUp","value":"î€‡"}]}]}
RESULT: {"actions":[{"id":"action76","type":"key","parameters":{},"actions":[{"type":"keyDown","value":"î€‡"},{"type":"pause","duration":10},{"type":"keyUp","value":"î€‡"}]}]}
COMMAND: GET /session/d119162e921248fd1f7a065fe81fedfa/screenshot - {}
RESULT: {}
COMMAND: POST /session/d119162e921248fd1f7a065fe81fedfa/element - {"using":"xpath","value":"//span[contains(@id, \"masterListContractsSmartTable-header-inner\")]"}
RESULT: {"using":"xpath","value":"//span[contains(@id, \"masterListContractsSmartTable-header-inner\")]"}
COMMAND: POST /session/d119162e921248fd1f7a065fe81fedfa/elements - {"using":"xpath","value":"//span[contains(@id, \"masterListContractsSmartTable-header-inner\")]"}
RESULT: {"using":"xpath","value":"//span[contains(@id, \"masterListContractsSmartTable-header-inner\")]"}
COMMAND: POST /session/d119162e921248fd1f7a065fe81fedfa/execute/sync - {"script":"<script> [56 bytes]","args":[{"element-6066-11e4-a52e-4f735466cecf":"f.7D8252E83238221F8080DA22DD8FFCA1.d.EF2A78FB9E38B2029700AC368C82F7BB.e.22032","ELEMENT":"f.7D8252E83238221F8080DA22DD8FFCA1.d.EF2A78FB9E38B2029700AC368C82F7BB.e.22032"}]}
RESULT: {"script":"<script> [56 bytes]","args":[{"element-6066-11e4-a52e-4f735466cecf":"f.7D8252E83238221F8080DA22DD8FFCA1.d.EF2A78FB9E38B2029700AC368C82F7BB.e.22032","ELEMENT":"f.7D8252E83238221F8080DA22DD8FFCA1.d.EF2A78FB9E38B2029700AC368C82F7BB.e.22032"}]}
COMMAND: POST /session/d119162e921248fd1f7a065fe81fedfa/element - {"using":"xpath","value":"(//span[contains(@id, \"imgNav\")])[1]"}
COMMAND: GET /session/d119162e921248fd1f7a065fe81fedfa/screenshot - {}
RESULT: {"using":"xpath","value":"(//span[contains(@id, \"imgNav\")])[1]"}
COMMAND: POST /session/d119162e921248fd1f7a065fe81fedfa/element/f.7D8252E83238221F8080DA22DD8FFCA1.d.EF2A78FB9E38B2029700AC368C82F7BB.e.21993/click - {}
RESULT: {}
RESULT: {}
COMMAND: GET /session/d119162e921248fd1f7a065fe81fedfa/screenshot - {}
RESULT: {}
COMMAND: POST /session/d119162e921248fd1f7a065fe81fedfa/element - {"using":"xpath","value":"//button[contains(@id, \"contractDetailReturnButton\")]"}
RESULT: {"using":"xpath","value":"//button[contains(@id, \"contractDetailReturnButton\")]"}
COMMAND: POST /session/d119162e921248fd1f7a065fe81fedfa/element/f.7D8252E83238221F8080DA22DD8FFCA1.d.EF2A78FB9E38B2029700AC368C82F7BB.e.22103/click - {}
RESULT: {}
COMMAND: GET /session/d119162e921248fd1f7a065fe81fedfa/screenshot - {}
RESULT: {}
RESULT: undefined
COMMAND: POST /session/d119162e921248fd1f7a065fe81fedfa/execute/async - {"script":"<script> [776 bytes]","args":[{"enterText":"05/19/25","selector":{"id":"application-managehandovers-display-component---AddNewHO--dueDate","interaction":{"idSuffix":"inner"}},"clearTextFirst":true,"interactionType":"ENTER_TEXT"}]}
RESULT: {"script":"<script> [776 bytes]","args":[{"enterText":"05/19/25","selector":{"id":"application-managehandovers-display-component---AddNewHO--dueDate","interaction":{"idSuffix":"inner"}},"clearTextFirst":true,"interactionType":"ENTER_TEXT"}]}
COMMAND: POST /session/d119162e921248fd1f7a065fe81fedfa/element - {"using":"xpath","value":"//bdi[contains(text(), \"Instructions\")]"}
RESULT: {"using":"xpath","value":"//bdi[contains(text(), \"Instructions\")]"}
COMMAND: POST /session/d119162e921248fd1f7a065fe81fedfa/element/f.7D8252E83238221F8080DA22DD8FFCA1.d.EF2A78FB9E38B2029700AC368C82F7BB.e.22499/click - {}
RESULT: {}
COMMAND: GET /session/d119162e921248fd1f7a065fe81fedfa/screenshot - {}
RESULT: {}
COMMAND: POST /session/d119162e921248fd1f7a065fe81fedfa/element - {"using":"xpath","value":"//button[@data-kt=\"AddNewHOProvideAddItemsButton\"]"}
RESULT: {"using":"xpath","value":"//button[@data-kt=\"AddNewHOProvideAddItemsButton\"]"}
COMMAND: POST /session/d119162e921248fd1f7a065fe81fedfa/element/f.7D8252E83238221F8080DA22DD8FFCA1.d.EF2A78FB9E38B2029700AC368C82F7BB.e.22324/click - {}
RESULT: {}
COMMAND: GET /session/d119162e921248fd1f7a065fe81fedfa/screenshot - {}
RESULT: {}
RESULT: undefined
COMMAND: POST /session/d119162e921248fd1f7a065fe81fedfa/element - {"using":"xpath","value":"//*[@id=\"application-managehandovers-display-component---AddNewHO--popup-sa\"]"}
RESULT: {"using":"xpath","value":"//*[@id=\"application-managehandovers-display-component---AddNewHO--popup-sa\"]"}
COMMAND: POST /session/d119162e921248fd1f7a065fe81fedfa/element/f.7D8252E83238221F8080DA22DD8FFCA1.d.EF2A78FB9E38B2029700AC368C82F7BB.e.22512/click - {}
RESULT: {}
COMMAND: GET /session/d119162e921248fd1f7a065fe81fedfa/screenshot - {}
RESULT: {}
COMMAND: POST /session/d119162e921248fd1f7a065fe81fedfa/element - {"using":"xpath","value":"//*[contains(@id ,\"BDI-content\")][contains(text(), \"Select\")]"}
RESULT: {"using":"xpath","value":"//*[contains(@id ,\"BDI-content\")][contains(text(), \"Select\")]"}
COMMAND: POST /session/d119162e921248fd1f7a065fe81fedfa/element/f.7D8252E83238221F8080DA22DD8FFCA1.d.EF2A78FB9E38B2029700AC368C82F7BB.e.22514/click - {}
RESULT: {}
COMMAND: GET /session/d119162e921248fd1f7a065fe81fedfa/screenshot - {}
RESULT: {}
COMMAND: POST /session/d119162e921248fd1f7a065fe81fedfa/element - {"using":"xpath","value":"(//div[contains(@id, \"application-managehandovers-display-component---AddNewHO--oneStep-CbBg\")])"}
RESULT: {"using":"xpath","value":"(//div[contains(@id, \"application-managehandovers-display-component---AddNewHO--oneStep-CbBg\")])"}
COMMAND: POST /session/d119162e921248fd1f7a065fe81fedfa/element/f.7D8252E83238221F8080DA22DD8FFCA1.d.EF2A78FB9E38B2029700AC368C82F7BB.e.22522/click - {}
RESULT: {}
RESULT: undefined
COMMAND: POST /session/d119162e921248fd1f7a065fe81fedfa/element - {"using":"xpath","value":"//*[@id=\"application-managehandovers-display-component---AddNewHO--confirmCreationButton\"]"}
COMMAND: GET /session/d119162e921248fd1f7a065fe81fedfa/screenshot - {}
RESULT: {"using":"xpath","value":"//*[@id=\"application-managehandovers-display-component---AddNewHO--confirmCreationButton\"]"}
COMMAND: POST /session/d119162e921248fd1f7a065fe81fedfa/element/f.7D8252E83238221F8080DA22DD8FFCA1.d.EF2A78FB9E38B2029700AC368C82F7BB.e.22331/click - {}
RESULT: {}
RESULT: {}
COMMAND: GET /session/d119162e921248fd1f7a065fe81fedfa/screenshot - {}
RESULT: {}
COMMAND: POST /session/d119162e921248fd1f7a065fe81fedfa/element - {"using":"xpath","value":"//button[@data-kt=\"PickingTableConfirmAllButton\"]"}
RESULT: {"using":"xpath","value":"//button[@data-kt=\"PickingTableConfirmAllButton\"]"}
COMMAND: POST /session/d119162e921248fd1f7a065fe81fedfa/element/f.7D8252E83238221F8080DA22DD8FFCA1.d.EF2A78FB9E38B2029700AC368C82F7BB.e.22573/click - {}
RESULT: {}
COMMAND: GET /session/d119162e921248fd1f7a065fe81fedfa/screenshot - {}
RESULT: {}
COMMAND: POST /session/d119162e921248fd1f7a065fe81fedfa/element - {"using":"xpath","value":"//bdi[contains(text(), \"OK\")]"}
RESULT: {"using":"xpath","value":"//bdi[contains(text(), \"OK\")]"}
COMMAND: POST /session/d119162e921248fd1f7a065fe81fedfa/element/f.7D8252E83238221F8080DA22DD8FFCA1.d.EF2A78FB9E38B2029700AC368C82F7BB.e.22576/click - {}
RESULT: {}
COMMAND: GET /session/d119162e921248fd1f7a065fe81fedfa/screenshot - {}
RESULT: {}
COMMAND: POST /session/d119162e921248fd1f7a065fe81fedfa/element - {"using":"xpath","value":"//button[@data-kt=\"execHoPickButton\"]"}
RESULT: {"using":"xpath","value":"//button[@data-kt=\"execHoPickButton\"]"}
COMMAND: POST /session/d119162e921248fd1f7a065fe81fedfa/element/f.7D8252E83238221F8080DA22DD8FFCA1.d.EF2A78FB9E38B2029700AC368C82F7BB.e.22578/click - {}
RESULT: {}
COMMAND: GET /session/d119162e921248fd1f7a065fe81fedfa/screenshot - {}
RESULT: {}
COMMAND: POST /session/d119162e921248fd1f7a065fe81fedfa/element - {"using":"xpath","value":"//span[contains(@id ,\"filterItemControl_BASIC-SEND_CONTRACT-vhi\")]"}
RESULT: {"using":"xpath","value":"//span[contains(@id ,\"filterItemControl_BASIC-SEND_CONTRACT-vhi\")]"}
COMMAND: POST /session/d119162e921248fd1f7a065fe81fedfa/element/f.7D8252E83238221F8080DA22DD8FFCA1.d.EF2A78FB9E38B2029700AC368C82F7BB.e.22863/click - {}
RESULT: {}
COMMAND: GET /session/d119162e921248fd1f7a065fe81fedfa/screenshot - {}
RESULT: {}
RESULT: undefined
COMMAND: POST /session/d119162e921248fd1f7a065fe81fedfa/execute/async - {"script":"<script> [776 bytes]","args":[{"enterText":"10521","selector":{"controlType":"sap.m.SearchField","viewName":"etm.portal.ui.managehandovers.view.MasterHO","bindingPath":{"path":"","propertyPath":"/_BASIC_SEARCH_FIELD","modelName":"fi1t3rM0d31"},"searchOpenDialogs":true,"interaction":{"idSuffix":"I"}},"clearTextFirst":true,"interactionType":"ENTER_TEXT"}]}
RESULT: {"script":"<script> [776 bytes]","args":[{"enterText":"10521","selector":{"controlType":"sap.m.SearchField","viewName":"etm.portal.ui.managehandovers.view.MasterHO","bindingPath":{"path":"","propertyPath":"/_BASIC_SEARCH_FIELD","modelName":"fi1t3rM0d31"},"searchOpenDialogs":true,"interaction":{"idSuffix":"I"}},"clearTextFirst":true,"interactionType":"ENTER_TEXT"}]}
COMMAND: POST /session/d119162e921248fd1f7a065fe81fedfa/actions - {"actions":[{"id":"action77","type":"key","parameters":{},"actions":[{"type":"keyDown","value":"î€‡"},{"type":"pause","duration":10},{"type":"keyUp","value":"î€‡"}]}]}
RESULT: {"actions":[{"id":"action77","type":"key","parameters":{},"actions":[{"type":"keyDown","value":"î€‡"},{"type":"pause","duration":10},{"type":"keyUp","value":"î€‡"}]}]}
COMMAND: GET /session/d119162e921248fd1f7a065fe81fedfa/screenshot - {}
RESULT: {}
COMMAND: POST /session/d119162e921248fd1f7a065fe81fedfa/element - {"using":"xpath","value":"//div[contains(@id, 'filterItemControl_BASIC-SEND_CONTRACT-valueHelpDialog-table-rowsel0')]"}
RESULT: {"using":"xpath","value":"//div[contains(@id, 'filterItemControl_BASIC-SEND_CONTRACT-valueHelpDialog-table-rowsel0')]"}
COMMAND: POST /session/d119162e921248fd1f7a065fe81fedfa/element/f.7D8252E83238221F8080DA22DD8FFCA1.d.EF2A78FB9E38B2029700AC368C82F7BB.e.22871/click - {}
RESULT: {}
COMMAND: GET /session/d119162e921248fd1f7a065fe81fedfa/screenshot - {}
RESULT: {}
COMMAND: POST /session/d119162e921248fd1f7a065fe81fedfa/element - {"using":"xpath","value":"//bdi[contains(text(), \"OK\")]"}
RESULT: {"using":"xpath","value":"//bdi[contains(text(), \"OK\")]"}
COMMAND: POST /session/d119162e921248fd1f7a065fe81fedfa/element/f.7D8252E83238221F8080DA22DD8FFCA1.d.EF2A78FB9E38B2029700AC368C82F7BB.e.22873/click - {}
RESULT: {}
COMMAND: GET /session/d119162e921248fd1f7a065fe81fedfa/screenshot - {}
COMMAND: POST /session/d119162e921248fd1f7a065fe81fedfa/element - {"using":"xpath","value":"//span[contains(@id, \"smartTable-header-inner\")]"}
RESULT: {}
RESULT: {"using":"xpath","value":"//span[contains(@id, \"smartTable-header-inner\")]"}
COMMAND: POST /session/d119162e921248fd1f7a065fe81fedfa/elements - {"using":"xpath","value":"//span[contains(@id, \"smartTable-header-inner\")]"}
RESULT: {"using":"xpath","value":"//span[contains(@id, \"smartTable-header-inner\")]"}
COMMAND: POST /session/d119162e921248fd1f7a065fe81fedfa/execute/sync - {"script":"<script> [56 bytes]","args":[{"element-6066-11e4-a52e-4f735466cecf":"f.7D8252E83238221F8080DA22DD8FFCA1.d.EF2A78FB9E38B2029700AC368C82F7BB.e.22900","ELEMENT":"f.7D8252E83238221F8080DA22DD8FFCA1.d.EF2A78FB9E38B2029700AC368C82F7BB.e.22900"}]}
RESULT: {"script":"<script> [56 bytes]","args":[{"element-6066-11e4-a52e-4f735466cecf":"f.7D8252E83238221F8080DA22DD8FFCA1.d.EF2A78FB9E38B2029700AC368C82F7BB.e.22900","ELEMENT":"f.7D8252E83238221F8080DA22DD8FFCA1.d.EF2A78FB9E38B2029700AC368C82F7BB.e.22900"}]}
COMMAND: POST /session/d119162e921248fd1f7a065fe81fedfa/element - {"using":"xpath","value":"//table[contains(@id, \"customHandovers\")]//tbody/tr[1]/td[2]/span"}
COMMAND: GET /session/d119162e921248fd1f7a065fe81fedfa/screenshot - {}
RESULT: {"using":"xpath","value":"//table[contains(@id, \"customHandovers\")]//tbody/tr[1]/td[2]/span"}
COMMAND: POST /session/d119162e921248fd1f7a065fe81fedfa/execute/sync - {"script":"<script> [56 bytes]","args":[{"element-6066-11e4-a52e-4f735466cecf":"f.7D8252E83238221F8080DA22DD8FFCA1.d.EF2A78FB9E38B2029700AC368C82F7BB.e.22902","ELEMENT":"f.7D8252E83238221F8080DA22DD8FFCA1.d.EF2A78FB9E38B2029700AC368C82F7BB.e.22902"}]}
RESULT: {}
RESULT: {"script":"<script> [56 bytes]","args":[{"element-6066-11e4-a52e-4f735466cecf":"f.7D8252E83238221F8080DA22DD8FFCA1.d.EF2A78FB9E38B2029700AC368C82F7BB.e.22902","ELEMENT":"f.7D8252E83238221F8080DA22DD8FFCA1.d.EF2A78FB9E38B2029700AC368C82F7BB.e.22902"}]}
COMMAND: POST /session/d119162e921248fd1f7a065fe81fedfa/element - {"using":"xpath","value":"(//span[contains(@id, \"imgNav\")])[1]"}
COMMAND: GET /session/d119162e921248fd1f7a065fe81fedfa/screenshot - {}
RESULT: {"using":"xpath","value":"(//span[contains(@id, \"imgNav\")])[1]"}
COMMAND: POST /session/d119162e921248fd1f7a065fe81fedfa/element/f.7D8252E83238221F8080DA22DD8FFCA1.d.EF2A78FB9E38B2029700AC368C82F7BB.e.22899/click - {}
RESULT: {}
RESULT: {}
COMMAND: GET /session/d119162e921248fd1f7a065fe81fedfa/screenshot - {}
RESULT: {}
COMMAND: POST /session/d119162e921248fd1f7a065fe81fedfa/element - {"using":"xpath","value":"//button[@data-kt=\"PickingTableConfirmAllButton\"]"}
RESULT: {"using":"xpath","value":"//button[@data-kt=\"PickingTableConfirmAllButton\"]"}
COMMAND: POST /session/d119162e921248fd1f7a065fe81fedfa/element/f.7D8252E83238221F8080DA22DD8FFCA1.d.EF2A78FB9E38B2029700AC368C82F7BB.e.22919/click - {}
RESULT: {}
COMMAND: GET /session/d119162e921248fd1f7a065fe81fedfa/screenshot - {}
RESULT: {}
COMMAND: POST /session/d119162e921248fd1f7a065fe81fedfa/element - {"using":"xpath","value":"//bdi[contains(text(), \"OK\")]"}
RESULT: {"using":"xpath","value":"//bdi[contains(text(), \"OK\")]"}
COMMAND: POST /session/d119162e921248fd1f7a065fe81fedfa/element/f.7D8252E83238221F8080DA22DD8FFCA1.d.EF2A78FB9E38B2029700AC368C82F7BB.e.22947/click - {}
RESULT: {}
COMMAND: GET /session/d119162e921248fd1f7a065fe81fedfa/screenshot - {}
RESULT: {}
COMMAND: POST /session/d119162e921248fd1f7a065fe81fedfa/element - {"using":"xpath","value":"//button[@data-kt=\"execHoIssueButton\"]"}
RESULT: {"using":"xpath","value":"//button[@data-kt=\"execHoIssueButton\"]"}
COMMAND: POST /session/d119162e921248fd1f7a065fe81fedfa/element/f.7D8252E83238221F8080DA22DD8FFCA1.d.EF2A78FB9E38B2029700AC368C82F7BB.e.22949/click - {}
RESULT: {}
COMMAND: GET /session/d119162e921248fd1f7a065fe81fedfa/screenshot - {}
RESULT: {}
COMMAND: POST /session/d119162e921248fd1f7a065fe81fedfa/element - {"using":"xpath","value":"//input[contains(@id ,\"smartFilterBar-btnBasicSearch-I\")]"}
RESULT: {"using":"xpath","value":"//input[contains(@id ,\"smartFilterBar-btnBasicSearch-I\")]"}
COMMAND: POST /session/d119162e921248fd1f7a065fe81fedfa/elements - {"using":"xpath","value":"//input[contains(@id ,\"smartFilterBar-btnBasicSearch-I\")]"}
RESULT: {"using":"xpath","value":"//input[contains(@id ,\"smartFilterBar-btnBasicSearch-I\")]"}
COMMAND: POST /session/d119162e921248fd1f7a065fe81fedfa/execute/sync - {"script":"<script> [8489 bytes]","args":[{"element-6066-11e4-a52e-4f735466cecf":"f.7D8252E83238221F8080DA22DD8FFCA1.d.EF2A78FB9E38B2029700AC368C82F7BB.e.22286","ELEMENT":"f.7D8252E83238221F8080DA22DD8FFCA1.d.EF2A78FB9E38B2029700AC368C82F7BB.e.22286"}]}
RESULT: {"script":"<script> [8489 bytes]","args":[{"element-6066-11e4-a52e-4f735466cecf":"f.7D8252E83238221F8080DA22DD8FFCA1.d.EF2A78FB9E38B2029700AC368C82F7BB.e.22286","ELEMENT":"f.7D8252E83238221F8080DA22DD8FFCA1.d.EF2A78FB9E38B2029700AC368C82F7BB.e.22286"}]}
COMMAND: GET /session/d119162e921248fd1f7a065fe81fedfa/element/f.7D8252E83238221F8080DA22DD8FFCA1.d.EF2A78FB9E38B2029700AC368C82F7BB.e.22286/enabled - {}
COMMAND: GET /session/d119162e921248fd1f7a065fe81fedfa/screenshot - {}
RESULT: {}
COMMAND: POST /session/d119162e921248fd1f7a065fe81fedfa/element/f.7D8252E83238221F8080DA22DD8FFCA1.d.EF2A78FB9E38B2029700AC368C82F7BB.e.22286/clear - {}
COMMAND: GET /session/d119162e921248fd1f7a065fe81fedfa/screenshot - {}
RESULT: {}
RESULT: {}
COMMAND: POST /session/d119162e921248fd1f7a065fe81fedfa/element/f.7D8252E83238221F8080DA22DD8FFCA1.d.EF2A78FB9E38B2029700AC368C82F7BB.e.22286/value - {"text":"30774"}
COMMAND: GET /session/d119162e921248fd1f7a065fe81fedfa/screenshot - {}
RESULT: {}
RESULT: {"text":"30774"}
COMMAND: GET /session/d119162e921248fd1f7a065fe81fedfa/screenshot - {}
RESULT: {}
RESULT: {}
COMMAND: POST /session/d119162e921248fd1f7a065fe81fedfa/actions - {"actions":[{"id":"action78","type":"key","parameters":{},"actions":[{"type":"keyDown","value":"î€‡"},{"type":"pause","duration":10},{"type":"keyUp","value":"î€‡"}]}]}
RESULT: {"actions":[{"id":"action78","type":"key","parameters":{},"actions":[{"type":"keyDown","value":"î€‡"},{"type":"pause","duration":10},{"type":"keyUp","value":"î€‡"}]}]}
COMMAND: GET /session/d119162e921248fd1f7a065fe81fedfa/screenshot - {}
RESULT: {}
COMMAND: POST /session/d119162e921248fd1f7a065fe81fedfa/element - {"using":"xpath","value":"//span[contains(@id, \"smartTable-header-inner\")]"}
RESULT: {"using":"xpath","value":"//span[contains(@id, \"smartTable-header-inner\")]"}
COMMAND: POST /session/d119162e921248fd1f7a065fe81fedfa/elements - {"using":"xpath","value":"//span[contains(@id, \"smartTable-header-inner\")]"}
RESULT: {"using":"xpath","value":"//span[contains(@id, \"smartTable-header-inner\")]"}
COMMAND: POST /session/d119162e921248fd1f7a065fe81fedfa/execute/sync - {"script":"<script> [56 bytes]","args":[{"element-6066-11e4-a52e-4f735466cecf":"f.7D8252E83238221F8080DA22DD8FFCA1.d.EF2A78FB9E38B2029700AC368C82F7BB.e.22900","ELEMENT":"f.7D8252E83238221F8080DA22DD8FFCA1.d.EF2A78FB9E38B2029700AC368C82F7BB.e.22900"}]}
RESULT: {"script":"<script> [56 bytes]","args":[{"element-6066-11e4-a52e-4f735466cecf":"f.7D8252E83238221F8080DA22DD8FFCA1.d.EF2A78FB9E38B2029700AC368C82F7BB.e.22900","ELEMENT":"f.7D8252E83238221F8080DA22DD8FFCA1.d.EF2A78FB9E38B2029700AC368C82F7BB.e.22900"}]}
COMMAND: POST /session/d119162e921248fd1f7a065fe81fedfa/elements - {"using":"xpath","value":"//thead[contains(@class, \"sapMTableTH\")]/tr/th"}
COMMAND: GET /session/d119162e921248fd1f7a065fe81fedfa/screenshot - {}
RESULT: {"using":"xpath","value":"//thead[contains(@class, \"sapMTableTH\")]/tr/th"}
COMMAND: GET /session/d119162e921248fd1f7a065fe81fedfa/element/f.7D8252E83238221F8080DA22DD8FFCA1.d.EF2A78FB9E38B2029700AC368C82F7BB.e.22983/text - {}
RESULT: {}
RESULT: {}
COMMAND: GET /session/d119162e921248fd1f7a065fe81fedfa/element/f.7D8252E83238221F8080DA22DD8FFCA1.d.EF2A78FB9E38B2029700AC368C82F7BB.e.22984/text - {}
RESULT: {}
COMMAND: GET /session/d119162e921248fd1f7a065fe81fedfa/element/f.7D8252E83238221F8080DA22DD8FFCA1.d.EF2A78FB9E38B2029700AC368C82F7BB.e.22280/text - {}
RESULT: {}
COMMAND: GET /session/d119162e921248fd1f7a065fe81fedfa/element/f.7D8252E83238221F8080DA22DD8FFCA1.d.EF2A78FB9E38B2029700AC368C82F7BB.e.22282/text - {}
RESULT: {}
COMMAND: GET /session/d119162e921248fd1f7a065fe81fedfa/element/f.7D8252E83238221F8080DA22DD8FFCA1.d.EF2A78FB9E38B2029700AC368C82F7BB.e.22952/text - {}
RESULT: {}
COMMAND: GET /session/d119162e921248fd1f7a065fe81fedfa/element/f.7D8252E83238221F8080DA22DD8FFCA1.d.EF2A78FB9E38B2029700AC368C82F7BB.e.22953/text - {}
RESULT: {}
COMMAND: GET /session/d119162e921248fd1f7a065fe81fedfa/element/f.7D8252E83238221F8080DA22DD8FFCA1.d.EF2A78FB9E38B2029700AC368C82F7BB.e.22954/text - {}
RESULT: {}
COMMAND: GET /session/d119162e921248fd1f7a065fe81fedfa/element/f.7D8252E83238221F8080DA22DD8FFCA1.d.EF2A78FB9E38B2029700AC368C82F7BB.e.22955/text - {}
RESULT: {}
COMMAND: GET /session/d119162e921248fd1f7a065fe81fedfa/element/f.7D8252E83238221F8080DA22DD8FFCA1.d.EF2A78FB9E38B2029700AC368C82F7BB.e.22956/text - {}
RESULT: {}
COMMAND: GET /session/d119162e921248fd1f7a065fe81fedfa/element/f.7D8252E83238221F8080DA22DD8FFCA1.d.EF2A78FB9E38B2029700AC368C82F7BB.e.22957/text - {}
RESULT: {}
COMMAND: GET /session/d119162e921248fd1f7a065fe81fedfa/element/f.7D8252E83238221F8080DA22DD8FFCA1.d.EF2A78FB9E38B2029700AC368C82F7BB.e.22958/text - {}
RESULT: {}
COMMAND: GET /session/d119162e921248fd1f7a065fe81fedfa/element/f.7D8252E83238221F8080DA22DD8FFCA1.d.EF2A78FB9E38B2029700AC368C82F7BB.e.22959/text - {}
RESULT: {}
COMMAND: GET /session/d119162e921248fd1f7a065fe81fedfa/element/f.7D8252E83238221F8080DA22DD8FFCA1.d.EF2A78FB9E38B2029700AC368C82F7BB.e.22960/text - {}
RESULT: {}
COMMAND: GET /session/d119162e921248fd1f7a065fe81fedfa/element/f.7D8252E83238221F8080DA22DD8FFCA1.d.EF2A78FB9E38B2029700AC368C82F7BB.e.22283/text - {}
RESULT: {}
COMMAND: POST /session/d119162e921248fd1f7a065fe81fedfa/element - {"using":"xpath","value":"//tbody[contains(@id, \"customHandoversTable-tblBody\")]/tr[1]/td[14]/div/span"}
RESULT: {"using":"xpath","value":"//tbody[contains(@id, \"customHandoversTable-tblBody\")]/tr[1]/td[14]/div/span"}
COMMAND: POST /session/d119162e921248fd1f7a065fe81fedfa/execute/sync - {"script":"<script> [56 bytes]","args":[{"element-6066-11e4-a52e-4f735466cecf":"f.7D8252E83238221F8080DA22DD8FFCA1.d.EF2A78FB9E38B2029700AC368C82F7BB.e.23037","ELEMENT":"f.7D8252E83238221F8080DA22DD8FFCA1.d.EF2A78FB9E38B2029700AC368C82F7BB.e.23037"}]}
RESULT: {"script":"<script> [56 bytes]","args":[{"element-6066-11e4-a52e-4f735466cecf":"f.7D8252E83238221F8080DA22DD8FFCA1.d.EF2A78FB9E38B2029700AC368C82F7BB.e.23037","ELEMENT":"f.7D8252E83238221F8080DA22DD8FFCA1.d.EF2A78FB9E38B2029700AC368C82F7BB.e.23037"}]}
COMMAND: POST /session/d119162e921248fd1f7a065fe81fedfa/element - {"using":"xpath","value":"(//span[contains(@id, \"imgNav\")])[1]"}
COMMAND: GET /session/d119162e921248fd1f7a065fe81fedfa/screenshot - {}
RESULT: {"using":"xpath","value":"(//span[contains(@id, \"imgNav\")])[1]"}
COMMAND: POST /session/d119162e921248fd1f7a065fe81fedfa/element/f.7D8252E83238221F8080DA22DD8FFCA1.d.EF2A78FB9E38B2029700AC368C82F7BB.e.23038/click - {}
RESULT: {}
RESULT: {}
COMMAND: GET /session/d119162e921248fd1f7a065fe81fedfa/screenshot - {}
RESULT: {}
RESULT: undefined
COMMAND: POST /session/d119162e921248fd1f7a065fe81fedfa/execute/async - {"script":"<script> [776 bytes]","args":[{"enterText":"05/26/25","selector":{"id":"receiptDatePicker","viewName":"etm.portal.ui.managehandovers.view.DetailExecuteHO","interaction":{"idSuffix":"inner"}},"clearTextFirst":true,"interactionType":"ENTER_TEXT"}]}
RESULT: {"script":"<script> [776 bytes]","args":[{"enterText":"05/26/25","selector":{"id":"receiptDatePicker","viewName":"etm.portal.ui.managehandovers.view.DetailExecuteHO","interaction":{"idSuffix":"inner"}},"clearTextFirst":true,"interactionType":"ENTER_TEXT"}]}
COMMAND: POST /session/d119162e921248fd1f7a065fe81fedfa/element - {"using":"xpath","value":"//bdi[contains(text(), \"OK\")]"}
RESULT: {"using":"xpath","value":"//bdi[contains(text(), \"OK\")]"}
COMMAND: POST /session/d119162e921248fd1f7a065fe81fedfa/element/f.7D8252E83238221F8080DA22DD8FFCA1.d.EF2A78FB9E38B2029700AC368C82F7BB.e.23081/click - {}
RESULT: {}
COMMAND: GET /session/d119162e921248fd1f7a065fe81fedfa/screenshot - {}
RESULT: {}
COMMAND: POST /session/d119162e921248fd1f7a065fe81fedfa/element - {"using":"xpath","value":"//button[@data-kt=\"PickingTableConfirmAllButton\"]"}
RESULT: {"using":"xpath","value":"//button[@data-kt=\"PickingTableConfirmAllButton\"]"}
COMMAND: POST /session/d119162e921248fd1f7a065fe81fedfa/element/f.7D8252E83238221F8080DA22DD8FFCA1.d.EF2A78FB9E38B2029700AC368C82F7BB.e.23067/click - {}
RESULT: {}
COMMAND: GET /session/d119162e921248fd1f7a065fe81fedfa/screenshot - {}
RESULT: {}
COMMAND: POST /session/d119162e921248fd1f7a065fe81fedfa/element - {"using":"xpath","value":"//bdi[contains(text(), \"OK\")]"}
RESULT: {"using":"xpath","value":"//bdi[contains(text(), \"OK\")]"}
COMMAND: POST /session/d119162e921248fd1f7a065fe81fedfa/element/f.7D8252E83238221F8080DA22DD8FFCA1.d.EF2A78FB9E38B2029700AC368C82F7BB.e.23097/click - {}
RESULT: {}
COMMAND: GET /session/d119162e921248fd1f7a065fe81fedfa/screenshot - {}
RESULT: {}
COMMAND: POST /session/d119162e921248fd1f7a065fe81fedfa/element - {"using":"xpath","value":"//button[@data-kt= \"execHoReceiveButton\"]"}
RESULT: {"using":"xpath","value":"//button[@data-kt= \"execHoReceiveButton\"]"}
COMMAND: POST /session/d119162e921248fd1f7a065fe81fedfa/element/f.7D8252E83238221F8080DA22DD8FFCA1.d.EF2A78FB9E38B2029700AC368C82F7BB.e.23098/click - {}
RESULT: {}
COMMAND: GET /session/d119162e921248fd1f7a065fe81fedfa/screenshot - {}
RESULT: {}
COMMAND: POST /session/d119162e921248fd1f7a065fe81fedfa/element - {"using":"xpath","value":"//input[contains(@id ,\"smartFilterBar-btnBasicSearch-I\")]"}
RESULT: {"using":"xpath","value":"//input[contains(@id ,\"smartFilterBar-btnBasicSearch-I\")]"}
COMMAND: POST /session/d119162e921248fd1f7a065fe81fedfa/elements - {"using":"xpath","value":"//input[contains(@id ,\"smartFilterBar-btnBasicSearch-I\")]"}
RESULT: {"using":"xpath","value":"//input[contains(@id ,\"smartFilterBar-btnBasicSearch-I\")]"}
COMMAND: POST /session/d119162e921248fd1f7a065fe81fedfa/execute/sync - {"script":"<script> [8489 bytes]","args":[{"element-6066-11e4-a52e-4f735466cecf":"f.7D8252E83238221F8080DA22DD8FFCA1.d.EF2A78FB9E38B2029700AC368C82F7BB.e.22286","ELEMENT":"f.7D8252E83238221F8080DA22DD8FFCA1.d.EF2A78FB9E38B2029700AC368C82F7BB.e.22286"}]}
RESULT: {"script":"<script> [8489 bytes]","args":[{"element-6066-11e4-a52e-4f735466cecf":"f.7D8252E83238221F8080DA22DD8FFCA1.d.EF2A78FB9E38B2029700AC368C82F7BB.e.22286","ELEMENT":"f.7D8252E83238221F8080DA22DD8FFCA1.d.EF2A78FB9E38B2029700AC368C82F7BB.e.22286"}]}
COMMAND: GET /session/d119162e921248fd1f7a065fe81fedfa/element/f.7D8252E83238221F8080DA22DD8FFCA1.d.EF2A78FB9E38B2029700AC368C82F7BB.e.22286/enabled - {}
COMMAND: GET /session/d119162e921248fd1f7a065fe81fedfa/screenshot - {}
RESULT: {}
COMMAND: POST /session/d119162e921248fd1f7a065fe81fedfa/element/f.7D8252E83238221F8080DA22DD8FFCA1.d.EF2A78FB9E38B2029700AC368C82F7BB.e.22286/clear - {}
COMMAND: GET /session/d119162e921248fd1f7a065fe81fedfa/screenshot - {}
RESULT: {}
RESULT: {}
COMMAND: POST /session/d119162e921248fd1f7a065fe81fedfa/element/f.7D8252E83238221F8080DA22DD8FFCA1.d.EF2A78FB9E38B2029700AC368C82F7BB.e.22286/value - {"text":"30774"}
COMMAND: GET /session/d119162e921248fd1f7a065fe81fedfa/screenshot - {}
RESULT: {}
RESULT: {"text":"30774"}
COMMAND: GET /session/d119162e921248fd1f7a065fe81fedfa/screenshot - {}
RESULT: {}
RESULT: {}
COMMAND: POST /session/d119162e921248fd1f7a065fe81fedfa/actions - {"actions":[{"id":"action79","type":"key","parameters":{},"actions":[{"type":"keyDown","value":"î€‡"},{"type":"pause","duration":10},{"type":"keyUp","value":"î€‡"}]}]}
RESULT: {"actions":[{"id":"action79","type":"key","parameters":{},"actions":[{"type":"keyDown","value":"î€‡"},{"type":"pause","duration":10},{"type":"keyUp","value":"î€‡"}]}]}
COMMAND: GET /session/d119162e921248fd1f7a065fe81fedfa/screenshot - {}
RESULT: {}
COMMAND: POST /session/d119162e921248fd1f7a065fe81fedfa/element - {"using":"xpath","value":"//span[contains(@id, \"smartTable-header-inner\")]"}
RESULT: {"using":"xpath","value":"//span[contains(@id, \"smartTable-header-inner\")]"}
COMMAND: POST /session/d119162e921248fd1f7a065fe81fedfa/elements - {"using":"xpath","value":"//span[contains(@id, \"smartTable-header-inner\")]"}
RESULT: {"using":"xpath","value":"//span[contains(@id, \"smartTable-header-inner\")]"}
COMMAND: POST /session/d119162e921248fd1f7a065fe81fedfa/execute/sync - {"script":"<script> [56 bytes]","args":[{"element-6066-11e4-a52e-4f735466cecf":"f.7D8252E83238221F8080DA22DD8FFCA1.d.EF2A78FB9E38B2029700AC368C82F7BB.e.22900","ELEMENT":"f.7D8252E83238221F8080DA22DD8FFCA1.d.EF2A78FB9E38B2029700AC368C82F7BB.e.22900"}]}
RESULT: {"script":"<script> [56 bytes]","args":[{"element-6066-11e4-a52e-4f735466cecf":"f.7D8252E83238221F8080DA22DD8FFCA1.d.EF2A78FB9E38B2029700AC368C82F7BB.e.22900","ELEMENT":"f.7D8252E83238221F8080DA22DD8FFCA1.d.EF2A78FB9E38B2029700AC368C82F7BB.e.22900"}]}
COMMAND: POST /session/d119162e921248fd1f7a065fe81fedfa/elements - {"using":"xpath","value":"//thead[contains(@class, \"sapMTableTH\")]/tr/th"}
COMMAND: GET /session/d119162e921248fd1f7a065fe81fedfa/screenshot - {}
RESULT: {"using":"xpath","value":"//thead[contains(@class, \"sapMTableTH\")]/tr/th"}
COMMAND: GET /session/d119162e921248fd1f7a065fe81fedfa/element/f.7D8252E83238221F8080DA22DD8FFCA1.d.EF2A78FB9E38B2029700AC368C82F7BB.e.22983/text - {}
RESULT: {}
RESULT: {}
COMMAND: GET /session/d119162e921248fd1f7a065fe81fedfa/element/f.7D8252E83238221F8080DA22DD8FFCA1.d.EF2A78FB9E38B2029700AC368C82F7BB.e.22984/text - {}
RESULT: {}
COMMAND: GET /session/d119162e921248fd1f7a065fe81fedfa/element/f.7D8252E83238221F8080DA22DD8FFCA1.d.EF2A78FB9E38B2029700AC368C82F7BB.e.22280/text - {}
RESULT: {}
COMMAND: GET /session/d119162e921248fd1f7a065fe81fedfa/element/f.7D8252E83238221F8080DA22DD8FFCA1.d.EF2A78FB9E38B2029700AC368C82F7BB.e.22282/text - {}
RESULT: {}
COMMAND: GET /session/d119162e921248fd1f7a065fe81fedfa/element/f.7D8252E83238221F8080DA22DD8FFCA1.d.EF2A78FB9E38B2029700AC368C82F7BB.e.23104/text - {}
RESULT: {}
COMMAND: GET /session/d119162e921248fd1f7a065fe81fedfa/element/f.7D8252E83238221F8080DA22DD8FFCA1.d.EF2A78FB9E38B2029700AC368C82F7BB.e.23105/text - {}
RESULT: {}
COMMAND: GET /session/d119162e921248fd1f7a065fe81fedfa/element/f.7D8252E83238221F8080DA22DD8FFCA1.d.EF2A78FB9E38B2029700AC368C82F7BB.e.23106/text - {}
RESULT: {}
COMMAND: GET /session/d119162e921248fd1f7a065fe81fedfa/element/f.7D8252E83238221F8080DA22DD8FFCA1.d.EF2A78FB9E38B2029700AC368C82F7BB.e.23107/text - {}
RESULT: {}
COMMAND: GET /session/d119162e921248fd1f7a065fe81fedfa/element/f.7D8252E83238221F8080DA22DD8FFCA1.d.EF2A78FB9E38B2029700AC368C82F7BB.e.23108/text - {}
RESULT: {}
COMMAND: GET /session/d119162e921248fd1f7a065fe81fedfa/element/f.7D8252E83238221F8080DA22DD8FFCA1.d.EF2A78FB9E38B2029700AC368C82F7BB.e.23109/text - {}
RESULT: {}
COMMAND: GET /session/d119162e921248fd1f7a065fe81fedfa/element/f.7D8252E83238221F8080DA22DD8FFCA1.d.EF2A78FB9E38B2029700AC368C82F7BB.e.23110/text - {}
RESULT: {}
COMMAND: GET /session/d119162e921248fd1f7a065fe81fedfa/element/f.7D8252E83238221F8080DA22DD8FFCA1.d.EF2A78FB9E38B2029700AC368C82F7BB.e.23111/text - {}
RESULT: {}
COMMAND: GET /session/d119162e921248fd1f7a065fe81fedfa/element/f.7D8252E83238221F8080DA22DD8FFCA1.d.EF2A78FB9E38B2029700AC368C82F7BB.e.23112/text - {}
RESULT: {}
COMMAND: GET /session/d119162e921248fd1f7a065fe81fedfa/element/f.7D8252E83238221F8080DA22DD8FFCA1.d.EF2A78FB9E38B2029700AC368C82F7BB.e.22283/text - {}
RESULT: {}
COMMAND: POST /session/d119162e921248fd1f7a065fe81fedfa/element - {"using":"xpath","value":"//tbody[contains(@id, \"customHandoversTable-tblBody\")]/tr[1]/td[14]/div/span"}
RESULT: {"using":"xpath","value":"//tbody[contains(@id, \"customHandoversTable-tblBody\")]/tr[1]/td[14]/div/span"}
COMMAND: POST /session/d119162e921248fd1f7a065fe81fedfa/execute/sync - {"script":"<script> [56 bytes]","args":[{"element-6066-11e4-a52e-4f735466cecf":"f.7D8252E83238221F8080DA22DD8FFCA1.d.EF2A78FB9E38B2029700AC368C82F7BB.e.23167","ELEMENT":"f.7D8252E83238221F8080DA22DD8FFCA1.d.EF2A78FB9E38B2029700AC368C82F7BB.e.23167"}]}
RESULT: {"script":"<script> [56 bytes]","args":[{"element-6066-11e4-a52e-4f735466cecf":"f.7D8252E83238221F8080DA22DD8FFCA1.d.EF2A78FB9E38B2029700AC368C82F7BB.e.23167","ELEMENT":"f.7D8252E83238221F8080DA22DD8FFCA1.d.EF2A78FB9E38B2029700AC368C82F7BB.e.23167"}]}
COMMAND: POST /session/d119162e921248fd1f7a065fe81fedfa/element - {"using":"css selector","value":"#shell-header-logo"}
COMMAND: GET /session/d119162e921248fd1f7a065fe81fedfa/screenshot - {}
RESULT: {"using":"css selector","value":"#shell-header-logo"}
COMMAND: POST /session/d119162e921248fd1f7a065fe81fedfa/element/f.7D8252E83238221F8080DA22DD8FFCA1.d.EF2A78FB9E38B2029700AC368C82F7BB.e.21903/click - {}
RESULT: {}
RESULT: {}
COMMAND: GET /session/d119162e921248fd1f7a065fe81fedfa/screenshot - {}
RESULT: {}
]]></system-out>
    </testcase>
    <testcase classname="chrome.135_0_7049_96.windows.Billing_Calculation_-_Time_based_(considering_transport_times)_US139738" name="Should do another billing run but in around 17 days from today" time="54.278">
      <system-out><![CDATA[
RESULT: undefined
COMMAND: POST /session/d119162e921248fd1f7a065fe81fedfa/element - {"using":"xpath","value":"//*[@id=\"__tile51\"]"}
RESULT: {"using":"xpath","value":"//*[@id=\"__tile51\"]"}
COMMAND: POST /session/d119162e921248fd1f7a065fe81fedfa/element/f.7D8252E83238221F8080DA22DD8FFCA1.d.EF2A78FB9E38B2029700AC368C82F7BB.e.16055/click - {}
RESULT: {}
COMMAND: GET /session/d119162e921248fd1f7a065fe81fedfa/screenshot - {}
RESULT: undefined
COMMAND: POST /session/d119162e921248fd1f7a065fe81fedfa/execute/async - {"script":"<script> [776 bytes]","args":[{"enterText":"10521","selector":{"id":"application-managebillings-display-component---billRunCalcResult--smartFilterBar-btnBasicSearch","interaction":{"idSuffix":"I"}},"clearTextFirst":true,"interactionType":"ENTER_TEXT"}]}
RESULT: {}
RESULT: {"script":"<script> [776 bytes]","args":[{"enterText":"10521","selector":{"id":"application-managebillings-display-component---billRunCalcResult--smartFilterBar-btnBasicSearch","interaction":{"idSuffix":"I"}},"clearTextFirst":true,"interactionType":"ENTER_TEXT"}]}
COMMAND: POST /session/d119162e921248fd1f7a065fe81fedfa/actions - {"actions":[{"id":"action80","type":"key","parameters":{},"actions":[{"type":"keyDown","value":"î€‡"},{"type":"pause","duration":10},{"type":"keyUp","value":"î€‡"}]}]}
RESULT: {"actions":[{"id":"action80","type":"key","parameters":{},"actions":[{"type":"keyDown","value":"î€‡"},{"type":"pause","duration":10},{"type":"keyUp","value":"î€‡"}]}]}
COMMAND: GET /session/d119162e921248fd1f7a065fe81fedfa/screenshot - {}
RESULT: {}
COMMAND: POST /session/d119162e921248fd1f7a065fe81fedfa/element - {"using":"xpath","value":"//td[@aria-colindex=\"1\"]/div/div[contains(@class, \"sapMCbBg\")]"}
RESULT: {"using":"xpath","value":"//td[@aria-colindex=\"1\"]/div/div[contains(@class, \"sapMCbBg\")]"}
COMMAND: POST /session/d119162e921248fd1f7a065fe81fedfa/element/f.7D8252E83238221F8080DA22DD8FFCA1.d.EF2A78FB9E38B2029700AC368C82F7BB.e.23345/click - {}
RESULT: {}
COMMAND: GET /session/d119162e921248fd1f7a065fe81fedfa/screenshot - {}
RESULT: {}
RESULT: undefined
COMMAND: POST /session/d119162e921248fd1f7a065fe81fedfa/execute/async - {"script":"<script> [776 bytes]","args":[{"enterText":"05/22/25","selector":{"id":"application-managebillings-display-component---billRunCalcResult--contractBillRunDate","interaction":{"idSuffix":"inner"}},"clearTextFirst":true,"interactionType":"ENTER_TEXT"}]}
RESULT: {"script":"<script> [776 bytes]","args":[{"enterText":"05/22/25","selector":{"id":"application-managebillings-display-component---billRunCalcResult--contractBillRunDate","interaction":{"idSuffix":"inner"}},"clearTextFirst":true,"interactionType":"ENTER_TEXT"}]}
COMMAND: POST /session/d119162e921248fd1f7a065fe81fedfa/element - {"using":"xpath","value":"//bdi[contains(text(), \"Trigger Calculation\")]"}
RESULT: {"using":"xpath","value":"//bdi[contains(text(), \"Trigger Calculation\")]"}
COMMAND: POST /session/d119162e921248fd1f7a065fe81fedfa/element/f.7D8252E83238221F8080DA22DD8FFCA1.d.EF2A78FB9E38B2029700AC368C82F7BB.e.23553/click - {}
RESULT: {}
COMMAND: GET /session/d119162e921248fd1f7a065fe81fedfa/screenshot - {}
RESULT: {}
COMMAND: POST /session/d119162e921248fd1f7a065fe81fedfa/element - {"using":"xpath","value":"(//span[contains(@id, \"imgNav\")])[1]"}
RESULT: {"using":"xpath","value":"(//span[contains(@id, \"imgNav\")])[1]"}
COMMAND: POST /session/d119162e921248fd1f7a065fe81fedfa/element/f.7D8252E83238221F8080DA22DD8FFCA1.d.EF2A78FB9E38B2029700AC368C82F7BB.e.23356/click - {}
RESULT: {}
COMMAND: GET /session/d119162e921248fd1f7a065fe81fedfa/screenshot - {}
RESULT: {}
COMMAND: POST /session/d119162e921248fd1f7a065fe81fedfa/element - {"using":"xpath","value":"//tr/td[6]/div[1]/span[1]/span[1]"}
RESULT: {"using":"xpath","value":"//tr/td[6]/div[1]/span[1]/span[1]"}
COMMAND: GET /session/d119162e921248fd1f7a065fe81fedfa/element/f.7D8252E83238221F8080DA22DD8FFCA1.d.EF2A78FB9E38B2029700AC368C82F7BB.e.23558/text - {}
RESULT: {}
COMMAND: POST /session/d119162e921248fd1f7a065fe81fedfa/element - {"using":"xpath","value":"(//span[contains(@id, \"imgNav\")])[2]"}
RESULT: {"using":"xpath","value":"(//span[contains(@id, \"imgNav\")])[2]"}
COMMAND: POST /session/d119162e921248fd1f7a065fe81fedfa/element/f.7D8252E83238221F8080DA22DD8FFCA1.d.EF2A78FB9E38B2029700AC368C82F7BB.e.23559/click - {}
RESULT: {}
COMMAND: POST /session/d119162e921248fd1f7a065fe81fedfa/element - {"using":"xpath","value":"//bdi[contains(text(), \"Business Confirm\")]"}
COMMAND: GET /session/d119162e921248fd1f7a065fe81fedfa/screenshot - {}
RESULT: {"using":"xpath","value":"//bdi[contains(text(), \"Business Confirm\")]"}
COMMAND: POST /session/d119162e921248fd1f7a065fe81fedfa/elements - {"using":"xpath","value":"//bdi[contains(text(), \"Business Confirm\")]"}
RESULT: {}
RESULT: {"using":"xpath","value":"//bdi[contains(text(), \"Business Confirm\")]"}
COMMAND: POST /session/d119162e921248fd1f7a065fe81fedfa/elements - {"using":"xpath","value":"//bdi[contains(text(), \"Business Confirm\")]"}
RESULT: {"using":"xpath","value":"//bdi[contains(text(), \"Business Confirm\")]"}
COMMAND: POST /session/d119162e921248fd1f7a065fe81fedfa/element - {"using":"xpath","value":"//bdi[contains(text(), \"Business Confirm\")]"}
RESULT: {"using":"xpath","value":"//bdi[contains(text(), \"Business Confirm\")]"}
COMMAND: POST /session/d119162e921248fd1f7a065fe81fedfa/element/f.7D8252E83238221F8080DA22DD8FFCA1.d.EF2A78FB9E38B2029700AC368C82F7BB.e.23561/click - {}
RESULT: {}
COMMAND: POST /session/d119162e921248fd1f7a065fe81fedfa/element - {"using":"css selector","value":"#shell-header-logo"}
COMMAND: GET /session/d119162e921248fd1f7a065fe81fedfa/screenshot - {}
RESULT: {"using":"css selector","value":"#shell-header-logo"}
COMMAND: POST /session/d119162e921248fd1f7a065fe81fedfa/element/f.7D8252E83238221F8080DA22DD8FFCA1.d.EF2A78FB9E38B2029700AC368C82F7BB.e.23171/click - {}
RESULT: {}
RESULT: {}
COMMAND: GET /session/d119162e921248fd1f7a065fe81fedfa/screenshot - {}
RESULT: {}
]]></system-out>
    </testcase>
  </testsuite>
</testsuites>