<?xml version="1.0" encoding="UTF-8"?>
<testsuites tests="23" failures="0" errors="0" skipped="0">
  <testsuite timestamp="2025-04-30T17:50:35" time="987.053" tests="6" failures="0" errors="0" skipped="0">
    <properties>
      <property name="specId" value="0" />
      <property name="suiteName" value="Standard contract - add contract items by Insert Request US118222" />
      <property name="capabilities" value="chrome.135_0_7049_96.windows" />
      <property name="file" value="file:///D:/a/1/s/test/specs/R2C/standard-contract-add-contract-items-by-insert-request.spec.js" />
    </properties>
    <testcase classname="chrome.135_0_7049_96.windows.Standard_contract_-_add_contract_items_by_Insert_Request_US118222" name="Should create prerequisites yard partner site material and equipment" time="286.379">
      <system-out><![CDATA[
COMMAND: POST /session/5780a996aa8c51000aed420822d33f83/execute/async - {"script":"<script> [1562 bytes]","args":[{"selector":{"controlType":"sap.m.GenericTile","properties":{"header":"Manage Yards"}},"wdio_ui5_key":"sapm.GenericTile{\"header\":\"Manage Yards\"}"}]}
RESULT: {"script":"<script> [1562 bytes]","args":[{"selector":{"controlType":"sap.m.GenericTile","properties":{"header":"Manage Yards"}},"wdio_ui5_key":"sapm.GenericTile{\"header\":\"Manage Yards\"}"}]}
RESULT: undefined
COMMAND: POST /session/5780a996aa8c51000aed420822d33f83/element - {"using":"xpath","value":"//*[@id=\"__tile41\"]"}
RESULT: {"using":"xpath","value":"//*[@id=\"__tile41\"]"}
COMMAND: POST /session/5780a996aa8c51000aed420822d33f83/element/f.C12891CE133D59B6823BF6462A308BA2.d.BC54BC2A0317418977A66B035A002CDB.e.117/click - {}
RESULT: {}
COMMAND: GET /session/5780a996aa8c51000aed420822d33f83/screenshot - {}
RESULT: {}
COMMAND: POST /session/5780a996aa8c51000aed420822d33f83/execute/async - {"script":"<script> [1562 bytes]","args":[{"selector":{"controlType":"sap.ui.core.Icon","viewName":"etm.portal.ui.manageyards.view.Master","viewId":"application-manageyards-display-component---masterYard","properties":{"src":{"regex":{"source":"add"}}}},"wdio_ui5_key":"etmportal.ui.manageyards.view.Mastersap.ui.core.Icon{\"src\":{\"regex\":{\"source\":\"add\"}}}"}]}
RESULT: {"script":"<script> [1562 bytes]","args":[{"selector":{"controlType":"sap.ui.core.Icon","viewName":"etm.portal.ui.manageyards.view.Master","viewId":"application-manageyards-display-component---masterYard","properties":{"src":{"regex":{"source":"add"}}}},"wdio_ui5_key":"etmportal.ui.manageyards.view.Mastersap.ui.core.Icon{\"src\":{\"regex\":{\"source\":\"add\"}}}"}]}
RESULT: undefined
COMMAND: POST /session/5780a996aa8c51000aed420822d33f83/element - {"using":"xpath","value":"//*[@id=\"__button4-img\"]"}
RESULT: {"using":"xpath","value":"//*[@id=\"__button4-img\"]"}
COMMAND: POST /session/5780a996aa8c51000aed420822d33f83/element/f.C12891CE133D59B6823BF6462A308BA2.d.BC54BC2A0317418977A66B035A002CDB.e.165/click - {}
RESULT: {}
COMMAND: GET /session/5780a996aa8c51000aed420822d33f83/screenshot - {}
RESULT: {}
COMMAND: POST /session/5780a996aa8c51000aed420822d33f83/execute/async - {"script":"<script> [1562 bytes]","args":[{"selector":{"id":"application-manageyards-display-component---NewYard--yardId","interaction":{"idSuffix":"inner"}},"wdio_ui5_key":"applicationmanageyards-display-component---NewYard--yardId"}]}
RESULT: {"script":"<script> [1562 bytes]","args":[{"selector":{"id":"application-manageyards-display-component---NewYard--yardId","interaction":{"idSuffix":"inner"}},"wdio_ui5_key":"applicationmanageyards-display-component---NewYard--yardId"}]}
RESULT: undefined
COMMAND: POST /session/5780a996aa8c51000aed420822d33f83/element - {"using":"xpath","value":"//*[@id=\"application-manageyards-display-component---NewYard--addressDetailDetailsName1-inner\"]"}
RESULT: {"using":"xpath","value":"//*[@id=\"application-manageyards-display-component---NewYard--addressDetailDetailsName1-inner\"]"}
COMMAND: POST /session/5780a996aa8c51000aed420822d33f83/element/f.C12891CE133D59B6823BF6462A308BA2.d.BC54BC2A0317418977A66B035A002CDB.e.378/clear - {}
RESULT: {}
COMMAND: POST /session/5780a996aa8c51000aed420822d33f83/element/f.C12891CE133D59B6823BF6462A308BA2.d.BC54BC2A0317418977A66B035A002CDB.e.378/value - {"text":"WebdriverYard1hgd5"}
COMMAND: GET /session/5780a996aa8c51000aed420822d33f83/screenshot - {}
RESULT: {"text":"WebdriverYard1hgd5"}
COMMAND: POST /session/5780a996aa8c51000aed420822d33f83/element - {"using":"xpath","value":"//*[@id=\"application-manageyards-display-component---NewYard--addressDetailDetailsLanguage-inner\"]"}
COMMAND: GET /session/5780a996aa8c51000aed420822d33f83/screenshot - {}
RESULT: {}
RESULT: {"using":"xpath","value":"//*[@id=\"application-manageyards-display-component---NewYard--addressDetailDetailsLanguage-inner\"]"}
COMMAND: POST /session/5780a996aa8c51000aed420822d33f83/element/f.C12891CE133D59B6823BF6462A308BA2.d.BC54BC2A0317418977A66B035A002CDB.e.379/clear - {}
RESULT: {}
RESULT: {}
COMMAND: POST /session/5780a996aa8c51000aed420822d33f83/element/f.C12891CE133D59B6823BF6462A308BA2.d.BC54BC2A0317418977A66B035A002CDB.e.379/value - {"text":"Romanian"}
COMMAND: GET /session/5780a996aa8c51000aed420822d33f83/screenshot - {}
RESULT: {"text":"Romanian"}
COMMAND: POST /session/5780a996aa8c51000aed420822d33f83/element - {"using":"xpath","value":"//input[contains(@id ,\"application-manageyards-display-component---NewYard--addressDetailDetailsName1-inner\")]"}
COMMAND: GET /session/5780a996aa8c51000aed420822d33f83/screenshot - {}
RESULT: {}
RESULT: {"using":"xpath","value":"//input[contains(@id ,\"application-manageyards-display-component---NewYard--addressDetailDetailsName1-inner\")]"}
COMMAND: GET /session/5780a996aa8c51000aed420822d33f83/element/f.C12891CE133D59B6823BF6462A308BA2.d.BC54BC2A0317418977A66B035A002CDB.e.378/property/value - {}
RESULT: {}
RESULT: {}
COMMAND: GET /session/5780a996aa8c51000aed420822d33f83/screenshot - {}
RESULT: {}
COMMAND: POST /session/5780a996aa8c51000aed420822d33f83/element - {"using":"xpath","value":"//*[@id=\"application-manageyards-display-component---NewYard--addressDetailDetailsCity1-inner\"]"}
RESULT: {"using":"xpath","value":"//*[@id=\"application-manageyards-display-component---NewYard--addressDetailDetailsCity1-inner\"]"}
COMMAND: POST /session/5780a996aa8c51000aed420822d33f83/element/f.C12891CE133D59B6823BF6462A308BA2.d.BC54BC2A0317418977A66B035A002CDB.e.381/clear - {}
RESULT: {}
COMMAND: POST /session/5780a996aa8c51000aed420822d33f83/element/f.C12891CE133D59B6823BF6462A308BA2.d.BC54BC2A0317418977A66B035A002CDB.e.381/value - {"text":"Bucuresti"}
COMMAND: GET /session/5780a996aa8c51000aed420822d33f83/screenshot - {}
RESULT: {"text":"Bucuresti"}
COMMAND: GET /session/5780a996aa8c51000aed420822d33f83/screenshot - {}
RESULT: {}
RESULT: {}
COMMAND: POST /session/5780a996aa8c51000aed420822d33f83/element - {"using":"xpath","value":"//*[@id=\"application-manageyards-display-component---NewYard--addressDetailDetailsCountry-inner\"]"}
RESULT: {"using":"xpath","value":"//*[@id=\"application-manageyards-display-component---NewYard--addressDetailDetailsCountry-inner\"]"}
COMMAND: POST /session/5780a996aa8c51000aed420822d33f83/element/f.C12891CE133D59B6823BF6462A308BA2.d.BC54BC2A0317418977A66B035A002CDB.e.385/clear - {}
RESULT: {}
COMMAND: POST /session/5780a996aa8c51000aed420822d33f83/element/f.C12891CE133D59B6823BF6462A308BA2.d.BC54BC2A0317418977A66B035A002CDB.e.385/value - {"text":"Romania"}
COMMAND: GET /session/5780a996aa8c51000aed420822d33f83/screenshot - {}
RESULT: {"text":"Romania"}
COMMAND: GET /session/5780a996aa8c51000aed420822d33f83/screenshot - {}
RESULT: {}
RESULT: {}
COMMAND: POST /session/5780a996aa8c51000aed420822d33f83/element - {"using":"xpath","value":"//div[contains(text(), \"Commercial\")]"}
RESULT: {"using":"xpath","value":"//div[contains(text(), \"Commercial\")]"}
COMMAND: GET /session/5780a996aa8c51000aed420822d33f83/element/f.C12891CE133D59B6823BF6462A308BA2.d.BC54BC2A0317418977A66B035A002CDB.e.574/rect - {}
RESULT: {}
COMMAND: GET /session/5780a996aa8c51000aed420822d33f83/window/rect - {}
RESULT: {}
COMMAND: POST /session/5780a996aa8c51000aed420822d33f83/execute/sync - {"script":"<script> [92 bytes]","args":[]}
RESULT: {"script":"<script> [92 bytes]","args":[]}
COMMAND: POST /session/5780a996aa8c51000aed420822d33f83/actions - {"actions":[{"id":"action1","type":"wheel","parameters":{},"actions":[{"type":"scroll","x":-1841,"y":-44,"deltaX":0,"deltaY":0,"duration":0,"origin":{"element-6066-11e4-a52e-4f735466cecf":"f.C12891CE133D59B6823BF6462A308BA2.d.BC54BC2A0317418977A66B035A002CDB.e.574"}}]}]}
COMMAND: GET /session/5780a996aa8c51000aed420822d33f83/screenshot - {}
RESULT: {}
COMMAND: POST /session/5780a996aa8c51000aed420822d33f83/execute/sync - {"script":"<script> [79 bytes]","args":[{"element-6066-11e4-a52e-4f735466cecf":"f.C12891CE133D59B6823BF6462A308BA2.d.BC54BC2A0317418977A66B035A002CDB.e.574","ELEMENT":"f.C12891CE133D59B6823BF6462A308BA2.d.BC54BC2A0317418977A66B035A002CDB.e.574"},{"block":"start","inline":"nearest"}]}
RESULT: {"script":"<script> [79 bytes]","args":[{"element-6066-11e4-a52e-4f735466cecf":"f.C12891CE133D59B6823BF6462A308BA2.d.BC54BC2A0317418977A66B035A002CDB.e.574","ELEMENT":"f.C12891CE133D59B6823BF6462A308BA2.d.BC54BC2A0317418977A66B035A002CDB.e.574"},{"block":"start","inline":"nearest"}]}
COMMAND: GET /session/5780a996aa8c51000aed420822d33f83/screenshot - {}
RESULT: {}
COMMAND: POST /session/5780a996aa8c51000aed420822d33f83/execute/async - {"script":"<script> [1562 bytes]","args":[{"selector":{"id":"application-manageyards-display-component---NewYard--addressEditDetailsCostObjectCstType-arrow"},"wdio_ui5_key":"applicationmanageyards-display-component---NewYard--addressEditDetailsCostObjectCstType-arrow"}]}
RESULT: {"script":"<script> [1562 bytes]","args":[{"selector":{"id":"application-manageyards-display-component---NewYard--addressEditDetailsCostObjectCstType-arrow"},"wdio_ui5_key":"applicationmanageyards-display-component---NewYard--addressEditDetailsCostObjectCstType-arrow"}]}
RESULT: undefined
COMMAND: POST /session/5780a996aa8c51000aed420822d33f83/element - {"using":"xpath","value":"//*[@id=\"application-manageyards-display-component---NewYard--addressEditDetailsCostObjectCstType-arrow\"]"}
RESULT: {"using":"xpath","value":"//*[@id=\"application-manageyards-display-component---NewYard--addressEditDetailsCostObjectCstType-arrow\"]"}
COMMAND: POST /session/5780a996aa8c51000aed420822d33f83/element/f.C12891CE133D59B6823BF6462A308BA2.d.BC54BC2A0317418977A66B035A002CDB.e.582/click - {}
RESULT: {}
COMMAND: POST /session/5780a996aa8c51000aed420822d33f83/element - {"using":"xpath","value":"//span[contains(text(), \"Cost Center\")]"}
COMMAND: GET /session/5780a996aa8c51000aed420822d33f83/screenshot - {}
RESULT: {"using":"xpath","value":"//span[contains(text(), \"Cost Center\")]"}
COMMAND: POST /session/5780a996aa8c51000aed420822d33f83/element/f.C12891CE133D59B6823BF6462A308BA2.d.BC54BC2A0317418977A66B035A002CDB.e.583/click - {}
RESULT: {}
RESULT: {}
COMMAND: GET /session/5780a996aa8c51000aed420822d33f83/screenshot - {}
RESULT: {}
COMMAND: POST /session/5780a996aa8c51000aed420822d33f83/execute/async - {"script":"<script> [1562 bytes]","args":[{"selector":{"id":"application-manageyards-display-component---NewYard--addressNewCostObjectCstID-vhi"},"wdio_ui5_key":"applicationmanageyards-display-component---NewYard--addressNewCostObjectCstID-vhi"}]}
RESULT: {"script":"<script> [1562 bytes]","args":[{"selector":{"id":"application-manageyards-display-component---NewYard--addressNewCostObjectCstID-vhi"},"wdio_ui5_key":"applicationmanageyards-display-component---NewYard--addressNewCostObjectCstID-vhi"}]}
RESULT: undefined
COMMAND: POST /session/5780a996aa8c51000aed420822d33f83/element - {"using":"xpath","value":"//*[@id=\"application-manageyards-display-component---NewYard--addressNewCostObjectCstID-vhi\"]"}
RESULT: {"using":"xpath","value":"//*[@id=\"application-manageyards-display-component---NewYard--addressNewCostObjectCstID-vhi\"]"}
COMMAND: POST /session/5780a996aa8c51000aed420822d33f83/element/f.C12891CE133D59B6823BF6462A308BA2.d.BC54BC2A0317418977A66B035A002CDB.e.587/click - {}
RESULT: {}
COMMAND: GET /session/5780a996aa8c51000aed420822d33f83/screenshot - {}
RESULT: {}
COMMAND: POST /session/5780a996aa8c51000aed420822d33f83/execute/async - {"script":"<script> [1562 bytes]","args":[{"selector":{"controlType":"sap.m.SearchField","properties":{"placeholder":"Search"},"searchOpenDialogs":true,"interaction":{"idSuffix":"I"}},"wdio_ui5_key":"sapm.SearchField{\"placeholder\":\"Search\"}"}]}
RESULT: {"script":"<script> [1562 bytes]","args":[{"selector":{"controlType":"sap.m.SearchField","properties":{"placeholder":"Search"},"searchOpenDialogs":true,"interaction":{"idSuffix":"I"}},"wdio_ui5_key":"sapm.SearchField{\"placeholder\":\"Search\"}"}]}
RESULT: undefined
COMMAND: POST /session/5780a996aa8c51000aed420822d33f83/execute/async - {"script":"<script> [776 bytes]","args":[{"enterText":"10001013","selector":{"controlType":"sap.m.SearchField","properties":{"placeholder":"Search"},"searchOpenDialogs":true,"interaction":{"idSuffix":"I"}},"clearTextFirst":true,"interactionType":"ENTER_TEXT"}]}
RESULT: {"script":"<script> [776 bytes]","args":[{"enterText":"10001013","selector":{"controlType":"sap.m.SearchField","properties":{"placeholder":"Search"},"searchOpenDialogs":true,"interaction":{"idSuffix":"I"}},"clearTextFirst":true,"interactionType":"ENTER_TEXT"}]}
COMMAND: POST /session/5780a996aa8c51000aed420822d33f83/actions - {"actions":[{"id":"action2","type":"key","parameters":{},"actions":[{"type":"keyDown","value":"î€‡"},{"type":"pause","duration":10},{"type":"keyUp","value":"î€‡"}]}]}
RESULT: {"actions":[{"id":"action2","type":"key","parameters":{},"actions":[{"type":"keyDown","value":"î€‡"},{"type":"pause","duration":10},{"type":"keyUp","value":"î€‡"}]}]}
COMMAND: GET /session/5780a996aa8c51000aed420822d33f83/screenshot - {}
RESULT: {}
COMMAND: POST /session/5780a996aa8c51000aed420822d33f83/element - {"using":"xpath","value":"//span[contains(text(), \"General Management\")]"}
RESULT: {"using":"xpath","value":"//span[contains(text(), \"General Management\")]"}
COMMAND: POST /session/5780a996aa8c51000aed420822d33f83/element/f.C12891CE133D59B6823BF6462A308BA2.d.BC54BC2A0317418977A66B035A002CDB.e.628/click - {}
RESULT: {}
COMMAND: GET /session/5780a996aa8c51000aed420822d33f83/screenshot - {}
RESULT: {}
COMMAND: POST /session/5780a996aa8c51000aed420822d33f83/element - {"using":"xpath","value":"//bdi[contains(text(), \"OK\")]"}
RESULT: {"using":"xpath","value":"//bdi[contains(text(), \"OK\")]"}
COMMAND: POST /session/5780a996aa8c51000aed420822d33f83/element/f.C12891CE133D59B6823BF6462A308BA2.d.BC54BC2A0317418977A66B035A002CDB.e.629/click - {}
RESULT: {}
COMMAND: GET /session/5780a996aa8c51000aed420822d33f83/screenshot - {}
RESULT: {}
COMMAND: POST /session/5780a996aa8c51000aed420822d33f83/execute/async - {"script":"<script> [1562 bytes]","args":[{"selector":{"controlType":"sap.m.Button","viewName":"etm.portal.ui.manageyards.view.New","viewId":"application-manageyards-display-component---NewYard","i18NText":{"propertyName":"text","key":"save"},"interaction":{"idSuffix":"inner"}},"wdio_ui5_key":"etmportal.ui.manageyards.view.Newsap.m.Button{\"propertyName\":\"text\",\"key\":\"save\"}"}]}
RESULT: {"script":"<script> [1562 bytes]","args":[{"selector":{"controlType":"sap.m.Button","viewName":"etm.portal.ui.manageyards.view.New","viewId":"application-manageyards-display-component---NewYard","i18NText":{"propertyName":"text","key":"save"},"interaction":{"idSuffix":"inner"}},"wdio_ui5_key":"etmportal.ui.manageyards.view.Newsap.m.Button{\"propertyName\":\"text\",\"key\":\"save\"}"}]}
RESULT: undefined
COMMAND: POST /session/5780a996aa8c51000aed420822d33f83/element - {"using":"xpath","value":"//*[@id=\"__button18\"]"}
RESULT: {"using":"xpath","value":"//*[@id=\"__button18\"]"}
COMMAND: POST /session/5780a996aa8c51000aed420822d33f83/element/f.C12891CE133D59B6823BF6462A308BA2.d.BC54BC2A0317418977A66B035A002CDB.e.553/click - {}
RESULT: {}
COMMAND: GET /session/5780a996aa8c51000aed420822d33f83/screenshot - {}
RESULT: {}
COMMAND: POST /session/5780a996aa8c51000aed420822d33f83/element - {"using":"xpath","value":"//header/div/div[2]/div[2]/span"}
RESULT: {"using":"xpath","value":"//header/div/div[2]/div[2]/span"}
COMMAND: GET /session/5780a996aa8c51000aed420822d33f83/element/f.C12891CE133D59B6823BF6462A308BA2.d.BC54BC2A0317418977A66B035A002CDB.e.825/text - {}
RESULT: {}
COMMAND: POST /session/5780a996aa8c51000aed420822d33f83/execute/async - {"script":"<script> [1562 bytes]","args":[{"selector":{"controlType":"sap.m.OverflowToolbarButton","viewName":"etm.portal.ui.manageyards.view.Detail","viewId":"application-manageyards-display-component---detailYard","i18NText":{"propertyName":"tooltip","key":"closeColumn"},"interaction":{"idSuffix":"inner"}},"wdio_ui5_key":"etmportal.ui.manageyards.view.Detailsap.m.OverflowToolbarButton{\"propertyName\":\"tooltip\",\"key\":\"closeColumn\"}"}]}
RESULT: {"script":"<script> [1562 bytes]","args":[{"selector":{"controlType":"sap.m.OverflowToolbarButton","viewName":"etm.portal.ui.manageyards.view.Detail","viewId":"application-manageyards-display-component---detailYard","i18NText":{"propertyName":"tooltip","key":"closeColumn"},"interaction":{"idSuffix":"inner"}},"wdio_ui5_key":"etmportal.ui.manageyards.view.Detailsap.m.OverflowToolbarButton{\"propertyName\":\"tooltip\",\"key\":\"closeColumn\"}"}]}
RESULT: undefined
COMMAND: POST /session/5780a996aa8c51000aed420822d33f83/element - {"using":"xpath","value":"//*[@id=\"__button42\"]"}
RESULT: {"using":"xpath","value":"//*[@id=\"__button42\"]"}
COMMAND: POST /session/5780a996aa8c51000aed420822d33f83/element/f.C12891CE133D59B6823BF6462A308BA2.d.BC54BC2A0317418977A66B035A002CDB.e.827/click - {}
RESULT: {}
COMMAND: GET /session/5780a996aa8c51000aed420822d33f83/screenshot - {}
RESULT: {}
COMMAND: POST /session/5780a996aa8c51000aed420822d33f83/element - {"using":"css selector","value":"#shell-header-logo"}
RESULT: {"using":"css selector","value":"#shell-header-logo"}
COMMAND: POST /session/5780a996aa8c51000aed420822d33f83/element/f.C12891CE133D59B6823BF6462A308BA2.d.BC54BC2A0317418977A66B035A002CDB.e.120/click - {}
RESULT: {}
COMMAND: GET /session/5780a996aa8c51000aed420822d33f83/screenshot - {}
RESULT: {}
COMMAND: POST /session/5780a996aa8c51000aed420822d33f83/refresh - {}
RESULT: {}
COMMAND: GET /session/5780a996aa8c51000aed420822d33f83/screenshot - {}
RESULT: {}
COMMAND: POST /session/5780a996aa8c51000aed420822d33f83/execute/async - {"script":"<script> [189 bytes]","args":[]}
RESULT: {"script":"<script> [189 bytes]","args":[]}
COMMAND: POST /session/5780a996aa8c51000aed420822d33f83/execute/async - {"script":"<script> [123 bytes]","args":[]}
RESULT: {"script":"<script> [123 bytes]","args":[]}
COMMAND: POST /session/5780a996aa8c51000aed420822d33f83/timeouts - {"script":"<number>"}
RESULT: {"script":"<number>"}
COMMAND: GET /session/5780a996aa8c51000aed420822d33f83/timeouts - {}
RESULT: {}
RESULT: undefined
COMMAND: POST /session/5780a996aa8c51000aed420822d33f83/execute/async - {"script":"<script> [2676 bytes]","args":[]}
RESULT: {"script":"<script> [2676 bytes]","args":[]}
COMMAND: POST /session/5780a996aa8c51000aed420822d33f83/execute/async - {"script":"<script> [2342 bytes]","args":[{"protocol":"http","hostname":"0.0.0.0","path":"/","capabilities":{"browserName":"chrome","goog:chromeOptions":{"binary":"C:\\Program Files\\Google\\Chrome\\Application\\chrome.exe","args":["--start-maximized"]}},"logLevel":"warn","connectionRetryTimeout":120000,"connectionRetryCount":3,"logLevels":{},"enableDirectConnect":true,"strictSSL":true,"_":"65 more keys: [\"cacheDir\",\"port\",\"requestedCapabilities\",\"automationProtocol\",\"baseUrl\",\"waitforInterval\",\"waitforTimeout\",\"onReload\",\"beforeCommand\",\"afterCommand\",\"rootDir\",\"specs\",\"suites\",\"exclude\",\"groupLogsByTestSpec\",\"excludeDriverLogs\",\"bail\",\"framework\",\"reporters\",\"services\",\"maxInstances\",\"maxInstancesPerCapability\",\"injectGlobals\",\"filesToWatch\",\"execArgv\",\"runnerEnv\",\"runner\",\"shard\",\"specFileRetries\",\"specFileRetriesDelay\",\"specFileRetriesDeferred\",\"reporterSyncInterval\",\"reporterSyncTimeout\",\"cucumberFeaturesWithLineNumbers\",\"autoCompileOpts\",\"mochaOpts\",\"jasmineOpts\",\"cucumberOpts\",\"onPrepare\",\"onWorkerStart\",\"onWorkerEnd\",\"before\",\"beforeSession\",\"beforeSuite\",\"beforeHook\",\"beforeTest\",\"afterTest\",\"afterHook\",\"afterSuite\",\"afterSession\",\"after\",\"onComplete\",\"beforeAssertion\",\"afterAssertion\",\"beforeFeature\",\"beforeScenario\",\"beforeStep\",\"afterStep\",\"afterScenario\",\"afterFeature\",\"_\",\"suite\",\"$0\",\"ignoredWorkerServices\",\"wdi5\"]"}]}
RESULT: {"script":"<script> [2342 bytes]","args":[{"protocol":"http","hostname":"0.0.0.0","path":"/","capabilities":{"browserName":"chrome","goog:chromeOptions":{"binary":"C:\\Program Files\\Google\\Chrome\\Application\\chrome.exe","args":["--start-maximized"]}},"logLevel":"warn","connectionRetryTimeout":120000,"connectionRetryCount":3,"logLevels":{},"enableDirectConnect":true,"strictSSL":true,"_":"65 more keys: [\"cacheDir\",\"port\",\"requestedCapabilities\",\"automationProtocol\",\"baseUrl\",\"waitforInterval\",\"waitforTimeout\",\"onReload\",\"beforeCommand\",\"afterCommand\",\"rootDir\",\"specs\",\"suites\",\"exclude\",\"groupLogsByTestSpec\",\"excludeDriverLogs\",\"bail\",\"framework\",\"reporters\",\"services\",\"maxInstances\",\"maxInstancesPerCapability\",\"injectGlobals\",\"filesToWatch\",\"execArgv\",\"runnerEnv\",\"runner\",\"shard\",\"specFileRetries\",\"specFileRetriesDelay\",\"specFileRetriesDeferred\",\"reporterSyncInterval\",\"reporterSyncTimeout\",\"cucumberFeaturesWithLineNumbers\",\"autoCompileOpts\",\"mochaOpts\",\"jasmineOpts\",\"cucumberOpts\",\"onPrepare\",\"onWorkerStart\",\"onWorkerEnd\",\"before\",\"beforeSession\",\"beforeSuite\",\"beforeHook\",\"beforeTest\",\"afterTest\",\"afterHook\",\"afterSuite\",\"afterSession\",\"after\",\"onComplete\",\"beforeAssertion\",\"afterAssertion\",\"beforeFeature\",\"beforeScenario\",\"beforeStep\",\"afterStep\",\"afterScenario\",\"afterFeature\",\"_\",\"suite\",\"$0\",\"ignoredWorkerServices\",\"wdi5\"]"}]}
COMMAND: POST /session/5780a996aa8c51000aed420822d33f83/execute/async - {"script":"<script> [21126 bytes]","args":[35000]}
RESULT: {"script":"<script> [21126 bytes]","args":[35000]}
COMMAND: POST /session/5780a996aa8c51000aed420822d33f83/execute/async - {"script":"<script> [1562 bytes]","args":[{"selector":{"controlType":"sap.m.GenericTile","properties":{"header":"Manage Partners"}},"wdio_ui5_key":"sapm.GenericTile{\"header\":\"Manage Partners\"}"}]}
RESULT: {"script":"<script> [1562 bytes]","args":[{"selector":{"controlType":"sap.m.GenericTile","properties":{"header":"Manage Partners"}},"wdio_ui5_key":"sapm.GenericTile{\"header\":\"Manage Partners\"}"}]}
RESULT: undefined
COMMAND: POST /session/5780a996aa8c51000aed420822d33f83/element - {"using":"xpath","value":"//*[@id=\"__tile38\"]"}
RESULT: {"using":"xpath","value":"//*[@id=\"__tile38\"]"}
COMMAND: POST /session/5780a996aa8c51000aed420822d33f83/element/f.C12891CE133D59B6823BF6462A308BA2.d.2BF5394E348126E0D9AA360BF017A30B.e.1175/click - {}
RESULT: {}
COMMAND: GET /session/5780a996aa8c51000aed420822d33f83/screenshot - {}
RESULT: {}
COMMAND: POST /session/5780a996aa8c51000aed420822d33f83/execute/async - {"script":"<script> [1562 bytes]","args":[{"selector":{"controlType":"sap.ui.core.Icon","viewName":"etm.portal.ui.managepartners.view.Master","viewId":"application-managepartners-display-component---masterPtm","properties":{"src":{"regex":{"source":"add"}}}},"wdio_ui5_key":"etmportal.ui.managepartners.view.Mastersap.ui.core.Icon{\"src\":{\"regex\":{\"source\":\"add\"}}}"}]}
RESULT: {"script":"<script> [1562 bytes]","args":[{"selector":{"controlType":"sap.ui.core.Icon","viewName":"etm.portal.ui.managepartners.view.Master","viewId":"application-managepartners-display-component---masterPtm","properties":{"src":{"regex":{"source":"add"}}}},"wdio_ui5_key":"etmportal.ui.managepartners.view.Mastersap.ui.core.Icon{\"src\":{\"regex\":{\"source\":\"add\"}}}"}]}
RESULT: undefined
COMMAND: POST /session/5780a996aa8c51000aed420822d33f83/element - {"using":"xpath","value":"//*[@id=\"__button4-img\"]"}
RESULT: {"using":"xpath","value":"//*[@id=\"__button4-img\"]"}
COMMAND: POST /session/5780a996aa8c51000aed420822d33f83/element/f.C12891CE133D59B6823BF6462A308BA2.d.2BF5394E348126E0D9AA360BF017A30B.e.1225/click - {}
RESULT: {}
COMMAND: GET /session/5780a996aa8c51000aed420822d33f83/screenshot - {}
RESULT: {}
COMMAND: POST /session/5780a996aa8c51000aed420822d33f83/execute/async - {"script":"<script> [1562 bytes]","args":[{"selector":{"id":"application-managepartners-display-component---NewPartner--partnerId","interaction":{"idSuffix":"inner"}},"wdio_ui5_key":"applicationmanagepartners-display-component---NewPartner--partnerId"}]}
RESULT: {"script":"<script> [1562 bytes]","args":[{"selector":{"id":"application-managepartners-display-component---NewPartner--partnerId","interaction":{"idSuffix":"inner"}},"wdio_ui5_key":"applicationmanagepartners-display-component---NewPartner--partnerId"}]}
RESULT: undefined
COMMAND: POST /session/5780a996aa8c51000aed420822d33f83/execute/async - {"script":"<script> [1562 bytes]","args":[{"selector":{"id":"application-managepartners-display-component---NewPartner--addressDetailDetailsName1","interaction":{"idSuffix":"inner"}},"wdio_ui5_key":"applicationmanagepartners-display-component---NewPartner--addressDetailDetailsName1"}]}
RESULT: {"script":"<script> [1562 bytes]","args":[{"selector":{"id":"application-managepartners-display-component---NewPartner--addressDetailDetailsName1","interaction":{"idSuffix":"inner"}},"wdio_ui5_key":"applicationmanagepartners-display-component---NewPartner--addressDetailDetailsName1"}]}
RESULT: undefined
COMMAND: POST /session/5780a996aa8c51000aed420822d33f83/execute/async - {"script":"<script> [776 bytes]","args":[{"enterText":"WebdriverPartnergxi0t","selector":{"id":"application-managepartners-display-component---NewPartner--addressDetailDetailsName1","interaction":{"idSuffix":"inner"}},"clearTextFirst":true,"interactionType":"ENTER_TEXT"}]}
RESULT: {"script":"<script> [776 bytes]","args":[{"enterText":"WebdriverPartnergxi0t","selector":{"id":"application-managepartners-display-component---NewPartner--addressDetailDetailsName1","interaction":{"idSuffix":"inner"}},"clearTextFirst":true,"interactionType":"ENTER_TEXT"}]}
COMMAND: POST /session/5780a996aa8c51000aed420822d33f83/execute/async - {"script":"<script> [1562 bytes]","args":[{"selector":{"id":"application-managepartners-display-component---NewPartner--addressDetailDetailsLanguage","interaction":{"idSuffix":"inner"}},"wdio_ui5_key":"applicationmanagepartners-display-component---NewPartner--addressDetailDetailsLanguage"}]}
RESULT: {"script":"<script> [1562 bytes]","args":[{"selector":{"id":"application-managepartners-display-component---NewPartner--addressDetailDetailsLanguage","interaction":{"idSuffix":"inner"}},"wdio_ui5_key":"applicationmanagepartners-display-component---NewPartner--addressDetailDetailsLanguage"}]}
RESULT: undefined
COMMAND: POST /session/5780a996aa8c51000aed420822d33f83/execute/async - {"script":"<script> [776 bytes]","args":[{"enterText":"Romanian","selector":{"id":"application-managepartners-display-component---NewPartner--addressDetailDetailsLanguage","interaction":{"idSuffix":"inner"}},"clearTextFirst":true,"interactionType":"ENTER_TEXT"}]}
RESULT: {"script":"<script> [776 bytes]","args":[{"enterText":"Romanian","selector":{"id":"application-managepartners-display-component---NewPartner--addressDetailDetailsLanguage","interaction":{"idSuffix":"inner"}},"clearTextFirst":true,"interactionType":"ENTER_TEXT"}]}
COMMAND: POST /session/5780a996aa8c51000aed420822d33f83/element - {"using":"xpath","value":"//input[contains(@id ,\"application-managepartners-display-component---NewPartner--addressDetailDetailsName1-inner\")]"}
RESULT: {"using":"xpath","value":"//input[contains(@id ,\"application-managepartners-display-component---NewPartner--addressDetailDetailsName1-inner\")]"}
COMMAND: GET /session/5780a996aa8c51000aed420822d33f83/element/f.C12891CE133D59B6823BF6462A308BA2.d.2BF5394E348126E0D9AA360BF017A30B.e.1400/property/value - {}
RESULT: {}
COMMAND: POST /session/5780a996aa8c51000aed420822d33f83/execute/async - {"script":"<script> [1562 bytes]","args":[{"selector":{"id":"application-managepartners-display-component---NewPartner--addressDetailDetailsCity1","interaction":{"idSuffix":"inner"}},"wdio_ui5_key":"applicationmanagepartners-display-component---NewPartner--addressDetailDetailsCity1"}]}
COMMAND: GET /session/5780a996aa8c51000aed420822d33f83/screenshot - {}
RESULT: {"script":"<script> [1562 bytes]","args":[{"selector":{"id":"application-managepartners-display-component---NewPartner--addressDetailDetailsCity1","interaction":{"idSuffix":"inner"}},"wdio_ui5_key":"applicationmanagepartners-display-component---NewPartner--addressDetailDetailsCity1"}]}
RESULT: undefined
COMMAND: POST /session/5780a996aa8c51000aed420822d33f83/execute/async - {"script":"<script> [776 bytes]","args":[{"enterText":"Bucharest","selector":{"id":"application-managepartners-display-component---NewPartner--addressDetailDetailsCity1","interaction":{"idSuffix":"inner"}},"clearTextFirst":true,"interactionType":"ENTER_TEXT"}]}
RESULT: {}
RESULT: {"script":"<script> [776 bytes]","args":[{"enterText":"Bucharest","selector":{"id":"application-managepartners-display-component---NewPartner--addressDetailDetailsCity1","interaction":{"idSuffix":"inner"}},"clearTextFirst":true,"interactionType":"ENTER_TEXT"}]}
COMMAND: POST /session/5780a996aa8c51000aed420822d33f83/execute/async - {"script":"<script> [1562 bytes]","args":[{"selector":{"id":"application-managepartners-display-component---NewPartner--addressDetailDetailsCountry","interaction":{"idSuffix":"inner"}},"wdio_ui5_key":"applicationmanagepartners-display-component---NewPartner--addressDetailDetailsCountry"}]}
RESULT: {"script":"<script> [1562 bytes]","args":[{"selector":{"id":"application-managepartners-display-component---NewPartner--addressDetailDetailsCountry","interaction":{"idSuffix":"inner"}},"wdio_ui5_key":"applicationmanagepartners-display-component---NewPartner--addressDetailDetailsCountry"}]}
RESULT: undefined
COMMAND: POST /session/5780a996aa8c51000aed420822d33f83/execute/async - {"script":"<script> [6424 bytes]","args":[{"element-6066-11e4-a52e-4f735466cecf":"f.C12891CE133D59B6823BF6462A308BA2.d.2BF5394E348126E0D9AA360BF017A30B.e.1407"},"setValue",["Romania"]]}
RESULT: {"script":"<script> [6424 bytes]","args":[{"element-6066-11e4-a52e-4f735466cecf":"f.C12891CE133D59B6823BF6462A308BA2.d.2BF5394E348126E0D9AA360BF017A30B.e.1407"},"setValue",["Romania"]]}
COMMAND: POST /session/5780a996aa8c51000aed420822d33f83/execute/async - {"script":"<script> [1562 bytes]","args":[{"selector":{"id":"application-managepartners-display-component---NewPartner--partnerDetailInternal","interaction":{"idSuffix":"inner"}},"wdio_ui5_key":"applicationmanagepartners-display-component---NewPartner--partnerDetailInternal"}]}
RESULT: {"script":"<script> [1562 bytes]","args":[{"selector":{"id":"application-managepartners-display-component---NewPartner--partnerDetailInternal","interaction":{"idSuffix":"inner"}},"wdio_ui5_key":"applicationmanagepartners-display-component---NewPartner--partnerDetailInternal"}]}
RESULT: undefined
COMMAND: POST /session/5780a996aa8c51000aed420822d33f83/execute/async - {"script":"<script> [776 bytes]","args":[{"enterText":"External partner","selector":{"id":"application-managepartners-display-component---NewPartner--partnerDetailInternal","interaction":{"idSuffix":"inner"}},"clearTextFirst":true,"interactionType":"ENTER_TEXT"}]}
RESULT: {"script":"<script> [776 bytes]","args":[{"enterText":"External partner","selector":{"id":"application-managepartners-display-component---NewPartner--partnerDetailInternal","interaction":{"idSuffix":"inner"}},"clearTextFirst":true,"interactionType":"ENTER_TEXT"}]}
COMMAND: POST /session/5780a996aa8c51000aed420822d33f83/execute/async - {"script":"<script> [1562 bytes]","args":[{"selector":{"id":"application-managepartners-display-component---NewPartner--partnerDetailsCurrency","interaction":{"idSuffix":"inner"}},"wdio_ui5_key":"applicationmanagepartners-display-component---NewPartner--partnerDetailsCurrency"}]}
RESULT: {"script":"<script> [1562 bytes]","args":[{"selector":{"id":"application-managepartners-display-component---NewPartner--partnerDetailsCurrency","interaction":{"idSuffix":"inner"}},"wdio_ui5_key":"applicationmanagepartners-display-component---NewPartner--partnerDetailsCurrency"}]}
RESULT: undefined
COMMAND: POST /session/5780a996aa8c51000aed420822d33f83/execute/async - {"script":"<script> [776 bytes]","args":[{"enterText":"Euro","selector":{"id":"application-managepartners-display-component---NewPartner--partnerDetailsCurrency","interaction":{"idSuffix":"inner"}},"clearTextFirst":true,"interactionType":"ENTER_TEXT"}]}
RESULT: {"script":"<script> [776 bytes]","args":[{"enterText":"Euro","selector":{"id":"application-managepartners-display-component---NewPartner--partnerDetailsCurrency","interaction":{"idSuffix":"inner"}},"clearTextFirst":true,"interactionType":"ENTER_TEXT"}]}
COMMAND: POST /session/5780a996aa8c51000aed420822d33f83/execute/async - {"script":"<script> [1562 bytes]","args":[{"selector":{"controlType":"sap.m.Button","viewName":"etm.portal.ui.managepartners.view.NewPartner","viewId":"application-managepartners-display-component---NewPartner","properties":{"text":"Commercial"},"interaction":{"idSuffix":"BDI-content"}},"wdio_ui5_key":"etmportal.ui.managepartners.view.NewPartnersap.m.Button{\"text\":\"Commercial\"}"}]}
RESULT: {"script":"<script> [1562 bytes]","args":[{"selector":{"controlType":"sap.m.Button","viewName":"etm.portal.ui.managepartners.view.NewPartner","viewId":"application-managepartners-display-component---NewPartner","properties":{"text":"Commercial"},"interaction":{"idSuffix":"BDI-content"}},"wdio_ui5_key":"etmportal.ui.managepartners.view.NewPartnersap.m.Button{\"text\":\"Commercial\"}"}]}
RESULT: undefined
COMMAND: POST /session/5780a996aa8c51000aed420822d33f83/element - {"using":"xpath","value":"//*[@id=\"application-managepartners-display-component---NewPartner--ObjectPageLayout-anchBar-__section5-anchor\"]"}
RESULT: {"using":"xpath","value":"//*[@id=\"application-managepartners-display-component---NewPartner--ObjectPageLayout-anchBar-__section5-anchor\"]"}
COMMAND: POST /session/5780a996aa8c51000aed420822d33f83/element/f.C12891CE133D59B6823BF6462A308BA2.d.2BF5394E348126E0D9AA360BF017A30B.e.1647/click - {}
RESULT: {}
COMMAND: GET /session/5780a996aa8c51000aed420822d33f83/screenshot - {}
RESULT: {}
COMMAND: POST /session/5780a996aa8c51000aed420822d33f83/execute/async - {"script":"<script> [1562 bytes]","args":[{"selector":{"id":"application-managepartners-display-component---NewPartner--btnAddTableRow-img"},"wdio_ui5_key":"applicationmanagepartners-display-component---NewPartner--btnAddTableRow-img"}]}
RESULT: {"script":"<script> [1562 bytes]","args":[{"selector":{"id":"application-managepartners-display-component---NewPartner--btnAddTableRow-img"},"wdio_ui5_key":"applicationmanagepartners-display-component---NewPartner--btnAddTableRow-img"}]}
RESULT: undefined
COMMAND: POST /session/5780a996aa8c51000aed420822d33f83/element - {"using":"xpath","value":"//*[@id=\"application-managepartners-display-component---NewPartner--btnAddTableRow-img\"]"}
RESULT: {"using":"xpath","value":"//*[@id=\"application-managepartners-display-component---NewPartner--btnAddTableRow-img\"]"}
COMMAND: POST /session/5780a996aa8c51000aed420822d33f83/element/f.C12891CE133D59B6823BF6462A308BA2.d.2BF5394E348126E0D9AA360BF017A30B.e.1655/click - {}
RESULT: {}
COMMAND: POST /session/5780a996aa8c51000aed420822d33f83/element - {"using":"xpath","value":"//input[contains(@id ,\"application-managepartners-display-component---NewPartner--assignmentYard-application-managepartners-display-component---NewPartner\")]"}
COMMAND: GET /session/5780a996aa8c51000aed420822d33f83/screenshot - {}
RESULT: {"using":"xpath","value":"//input[contains(@id ,\"application-managepartners-display-component---NewPartner--assignmentYard-application-managepartners-display-component---NewPartner\")]"}
COMMAND: POST /session/5780a996aa8c51000aed420822d33f83/element/f.C12891CE133D59B6823BF6462A308BA2.d.2BF5394E348126E0D9AA360BF017A30B.e.1658/clear - {}
RESULT: {}
RESULT: {}
COMMAND: POST /session/5780a996aa8c51000aed420822d33f83/element/f.C12891CE133D59B6823BF6462A308BA2.d.2BF5394E348126E0D9AA360BF017A30B.e.1658/value - {"text":"472"}
COMMAND: GET /session/5780a996aa8c51000aed420822d33f83/screenshot - {}
RESULT: {"text":"472"}
COMMAND: GET /session/5780a996aa8c51000aed420822d33f83/screenshot - {}
RESULT: {}
RESULT: {}
COMMAND: POST /session/5780a996aa8c51000aed420822d33f83/execute/async - {"script":"<script> [1562 bytes]","args":[{"selector":{"controlType":"sap.m.Button","viewName":"etm.portal.ui.managepartners.view.NewPartner","viewId":"application-managepartners-display-component---NewPartner","i18NText":{"propertyName":"text","key":"save"},"interaction":{"idSuffix":"BDI-content"}},"wdio_ui5_key":"etmportal.ui.managepartners.view.NewPartnersap.m.Button{\"propertyName\":\"text\",\"key\":\"save\"}"}]}
RESULT: {"script":"<script> [1562 bytes]","args":[{"selector":{"controlType":"sap.m.Button","viewName":"etm.portal.ui.managepartners.view.NewPartner","viewId":"application-managepartners-display-component---NewPartner","i18NText":{"propertyName":"text","key":"save"},"interaction":{"idSuffix":"BDI-content"}},"wdio_ui5_key":"etmportal.ui.managepartners.view.NewPartnersap.m.Button{\"propertyName\":\"text\",\"key\":\"save\"}"}]}
RESULT: undefined
COMMAND: POST /session/5780a996aa8c51000aed420822d33f83/element - {"using":"xpath","value":"//*[@id=\"__button12\"]"}
RESULT: {"using":"xpath","value":"//*[@id=\"__button12\"]"}
COMMAND: POST /session/5780a996aa8c51000aed420822d33f83/element/f.C12891CE133D59B6823BF6462A308BA2.d.2BF5394E348126E0D9AA360BF017A30B.e.1625/click - {}
RESULT: {}
COMMAND: GET /session/5780a996aa8c51000aed420822d33f83/screenshot - {}
RESULT: {}
COMMAND: POST /session/5780a996aa8c51000aed420822d33f83/element - {"using":"xpath","value":"//header/div/div[2]/div[2]/span"}
RESULT: {"using":"xpath","value":"//header/div/div[2]/div[2]/span"}
COMMAND: GET /session/5780a996aa8c51000aed420822d33f83/element/f.C12891CE133D59B6823BF6462A308BA2.d.2BF5394E348126E0D9AA360BF017A30B.e.1830/text - {}
RESULT: {}
COMMAND: POST /session/5780a996aa8c51000aed420822d33f83/element - {"using":"xpath","value":"//header/div/div/div/div/div/div[2]/div/span"}
RESULT: {"using":"xpath","value":"//header/div/div/div/div/div/div[2]/div/span"}
COMMAND: GET /session/5780a996aa8c51000aed420822d33f83/element/f.C12891CE133D59B6823BF6462A308BA2.d.2BF5394E348126E0D9AA360BF017A30B.e.1831/text - {}
RESULT: {}
COMMAND: POST /session/5780a996aa8c51000aed420822d33f83/execute/async - {"script":"<script> [1562 bytes]","args":[{"selector":{"id":"application-managepartners-display-component---detailPtm--partnerType"},"wdio_ui5_key":"applicationmanagepartners-display-component---detailPtm--partnerType"}]}
RESULT: {"script":"<script> [1562 bytes]","args":[{"selector":{"id":"application-managepartners-display-component---detailPtm--partnerType"},"wdio_ui5_key":"applicationmanagepartners-display-component---detailPtm--partnerType"}]}
RESULT: undefined
COMMAND: POST /session/5780a996aa8c51000aed420822d33f83/execute/async - {"script":"<script> [6424 bytes]","args":[{"element-6066-11e4-a52e-4f735466cecf":"f.C12891CE133D59B6823BF6462A308BA2.d.2BF5394E348126E0D9AA360BF017A30B.e.1832"},"getText",[]]}
RESULT: {"script":"<script> [6424 bytes]","args":[{"element-6066-11e4-a52e-4f735466cecf":"f.C12891CE133D59B6823BF6462A308BA2.d.2BF5394E348126E0D9AA360BF017A30B.e.1832"},"getText",[]]}
COMMAND: POST /session/5780a996aa8c51000aed420822d33f83/element - {"using":"css selector","value":"#shell-header-logo"}
RESULT: {"using":"css selector","value":"#shell-header-logo"}
COMMAND: POST /session/5780a996aa8c51000aed420822d33f83/element/f.C12891CE133D59B6823BF6462A308BA2.d.2BF5394E348126E0D9AA360BF017A30B.e.1177/click - {}
RESULT: {}
COMMAND: GET /session/5780a996aa8c51000aed420822d33f83/screenshot - {}
RESULT: {}
COMMAND: POST /session/5780a996aa8c51000aed420822d33f83/execute/async - {"script":"<script> [1562 bytes]","args":[{"selector":{"controlType":"sap.m.GenericTile","properties":{"header":"Manage Sites"}},"wdio_ui5_key":"sapm.GenericTile{\"header\":\"Manage Sites\"}"}]}
RESULT: {"script":"<script> [1562 bytes]","args":[{"selector":{"controlType":"sap.m.GenericTile","properties":{"header":"Manage Sites"}},"wdio_ui5_key":"sapm.GenericTile{\"header\":\"Manage Sites\"}"}]}
RESULT: undefined
COMMAND: POST /session/5780a996aa8c51000aed420822d33f83/element - {"using":"xpath","value":"//*[@id=\"__tile40\"]"}
RESULT: {"using":"xpath","value":"//*[@id=\"__tile40\"]"}
COMMAND: POST /session/5780a996aa8c51000aed420822d33f83/element/f.C12891CE133D59B6823BF6462A308BA2.d.2BF5394E348126E0D9AA360BF017A30B.e.1834/click - {}
RESULT: {}
COMMAND: GET /session/5780a996aa8c51000aed420822d33f83/screenshot - {}
RESULT: {}
COMMAND: POST /session/5780a996aa8c51000aed420822d33f83/execute/async - {"script":"<script> [1562 bytes]","args":[{"selector":{"controlType":"sap.ui.core.Icon","viewName":"etm.portal.ui.managesites.view.Master","viewId":"application-managesites-display-component---masterSite","properties":{"src":{"regex":{"source":"add"}}}},"wdio_ui5_key":"etmportal.ui.managesites.view.Mastersap.ui.core.Icon{\"src\":{\"regex\":{\"source\":\"add\"}}}"}]}
RESULT: {"script":"<script> [1562 bytes]","args":[{"selector":{"controlType":"sap.ui.core.Icon","viewName":"etm.portal.ui.managesites.view.Master","viewId":"application-managesites-display-component---masterSite","properties":{"src":{"regex":{"source":"add"}}}},"wdio_ui5_key":"etmportal.ui.managesites.view.Mastersap.ui.core.Icon{\"src\":{\"regex\":{\"source\":\"add\"}}}"}]}
RESULT: undefined
COMMAND: POST /session/5780a996aa8c51000aed420822d33f83/element - {"using":"xpath","value":"//*[@id=\"__button52-img\"]"}
RESULT: {"using":"xpath","value":"//*[@id=\"__button52-img\"]"}
COMMAND: POST /session/5780a996aa8c51000aed420822d33f83/element/f.C12891CE133D59B6823BF6462A308BA2.d.2BF5394E348126E0D9AA360BF017A30B.e.1881/click - {}
RESULT: {}
COMMAND: POST /session/5780a996aa8c51000aed420822d33f83/execute/async - {"script":"<script> [1562 bytes]","args":[{"selector":{"id":"application-managesites-display-component---NewSite--siteId","interaction":{"idSuffix":"inner"}},"wdio_ui5_key":"applicationmanagesites-display-component---NewSite--siteId"}]}
COMMAND: GET /session/5780a996aa8c51000aed420822d33f83/screenshot - {}
RESULT: {"script":"<script> [1562 bytes]","args":[{"selector":{"id":"application-managesites-display-component---NewSite--siteId","interaction":{"idSuffix":"inner"}},"wdio_ui5_key":"applicationmanagesites-display-component---NewSite--siteId"}]}
RESULT: undefined
COMMAND: POST /session/5780a996aa8c51000aed420822d33f83/execute/async - {"script":"<script> [1562 bytes]","args":[{"selector":{"id":"application-managesites-display-component---NewSite--addressDetailDetailsName1","interaction":{"idSuffix":"inner"}},"wdio_ui5_key":"applicationmanagesites-display-component---NewSite--addressDetailDetailsName1"}]}
RESULT: {}
RESULT: {"script":"<script> [1562 bytes]","args":[{"selector":{"id":"application-managesites-display-component---NewSite--addressDetailDetailsName1","interaction":{"idSuffix":"inner"}},"wdio_ui5_key":"applicationmanagesites-display-component---NewSite--addressDetailDetailsName1"}]}
RESULT: undefined
COMMAND: POST /session/5780a996aa8c51000aed420822d33f83/execute/async - {"script":"<script> [776 bytes]","args":[{"enterText":"WebdriverSitev8oak","selector":{"id":"application-managesites-display-component---NewSite--addressDetailDetailsName1","interaction":{"idSuffix":"inner"}},"clearTextFirst":true,"interactionType":"ENTER_TEXT"}]}
RESULT: {"script":"<script> [776 bytes]","args":[{"enterText":"WebdriverSitev8oak","selector":{"id":"application-managesites-display-component---NewSite--addressDetailDetailsName1","interaction":{"idSuffix":"inner"}},"clearTextFirst":true,"interactionType":"ENTER_TEXT"}]}
COMMAND: POST /session/5780a996aa8c51000aed420822d33f83/execute/async - {"script":"<script> [1562 bytes]","args":[{"selector":{"id":"application-managesites-display-component---NewSite--addressDetailDetailsLanguage","interaction":{"idSuffix":"inner"}},"wdio_ui5_key":"applicationmanagesites-display-component---NewSite--addressDetailDetailsLanguage"}]}
RESULT: {"script":"<script> [1562 bytes]","args":[{"selector":{"id":"application-managesites-display-component---NewSite--addressDetailDetailsLanguage","interaction":{"idSuffix":"inner"}},"wdio_ui5_key":"applicationmanagesites-display-component---NewSite--addressDetailDetailsLanguage"}]}
RESULT: undefined
COMMAND: POST /session/5780a996aa8c51000aed420822d33f83/execute/async - {"script":"<script> [776 bytes]","args":[{"enterText":"Romanian","selector":{"id":"application-managesites-display-component---NewSite--addressDetailDetailsLanguage","interaction":{"idSuffix":"inner"}},"clearTextFirst":true,"interactionType":"ENTER_TEXT"}]}
RESULT: {"script":"<script> [776 bytes]","args":[{"enterText":"Romanian","selector":{"id":"application-managesites-display-component---NewSite--addressDetailDetailsLanguage","interaction":{"idSuffix":"inner"}},"clearTextFirst":true,"interactionType":"ENTER_TEXT"}]}
COMMAND: POST /session/5780a996aa8c51000aed420822d33f83/execute/async - {"script":"<script> [1562 bytes]","args":[{"selector":{"id":"application-managesites-display-component---NewSite--addressDetailDetailsCity1","interaction":{"idSuffix":"inner"}},"wdio_ui5_key":"applicationmanagesites-display-component---NewSite--addressDetailDetailsCity1"}]}
RESULT: {"script":"<script> [1562 bytes]","args":[{"selector":{"id":"application-managesites-display-component---NewSite--addressDetailDetailsCity1","interaction":{"idSuffix":"inner"}},"wdio_ui5_key":"applicationmanagesites-display-component---NewSite--addressDetailDetailsCity1"}]}
RESULT: undefined
COMMAND: POST /session/5780a996aa8c51000aed420822d33f83/execute/async - {"script":"<script> [776 bytes]","args":[{"enterText":"Bucharest","selector":{"id":"application-managesites-display-component---NewSite--addressDetailDetailsCity1","interaction":{"idSuffix":"inner"}},"clearTextFirst":true,"interactionType":"ENTER_TEXT"}]}
RESULT: {"script":"<script> [776 bytes]","args":[{"enterText":"Bucharest","selector":{"id":"application-managesites-display-component---NewSite--addressDetailDetailsCity1","interaction":{"idSuffix":"inner"}},"clearTextFirst":true,"interactionType":"ENTER_TEXT"}]}
COMMAND: POST /session/5780a996aa8c51000aed420822d33f83/execute/async - {"script":"<script> [1562 bytes]","args":[{"selector":{"id":"application-managesites-display-component---NewSite--addressDetailDetailsCountry","interaction":{"idSuffix":"inner"}},"wdio_ui5_key":"applicationmanagesites-display-component---NewSite--addressDetailDetailsCountry"}]}
RESULT: {"script":"<script> [1562 bytes]","args":[{"selector":{"id":"application-managesites-display-component---NewSite--addressDetailDetailsCountry","interaction":{"idSuffix":"inner"}},"wdio_ui5_key":"applicationmanagesites-display-component---NewSite--addressDetailDetailsCountry"}]}
RESULT: undefined
COMMAND: POST /session/5780a996aa8c51000aed420822d33f83/execute/async - {"script":"<script> [776 bytes]","args":[{"enterText":"Romania","selector":{"id":"application-managesites-display-component---NewSite--addressDetailDetailsCountry","interaction":{"idSuffix":"inner"}},"clearTextFirst":true,"interactionType":"ENTER_TEXT"}]}
RESULT: {"script":"<script> [776 bytes]","args":[{"enterText":"Romania","selector":{"id":"application-managesites-display-component---NewSite--addressDetailDetailsCountry","interaction":{"idSuffix":"inner"}},"clearTextFirst":true,"interactionType":"ENTER_TEXT"}]}
COMMAND: POST /session/5780a996aa8c51000aed420822d33f83/element - {"using":"css selector","value":"#application-managesites-display-component---NewSite--addressDetailDetailsCalendar-inner"}
RESULT: {"using":"css selector","value":"#application-managesites-display-component---NewSite--addressDetailDetailsCalendar-inner"}
COMMAND: POST /session/5780a996aa8c51000aed420822d33f83/element/f.C12891CE133D59B6823BF6462A308BA2.d.2BF5394E348126E0D9AA360BF017A30B.e.2266/clear - {}
RESULT: {}
COMMAND: POST /session/5780a996aa8c51000aed420822d33f83/element/f.C12891CE133D59B6823BF6462A308BA2.d.2BF5394E348126E0D9AA360BF017A30B.e.2266/value - {"text":"Germany"}
COMMAND: GET /session/5780a996aa8c51000aed420822d33f83/screenshot - {}
RESULT: {"text":"Germany"}
COMMAND: POST /session/5780a996aa8c51000aed420822d33f83/execute/async - {"script":"<script> [1562 bytes]","args":[{"selector":{"id":"application-managesites-display-component---NewSite--addressEditDetailsCostObjectCstType-arrow"},"wdio_ui5_key":"applicationmanagesites-display-component---NewSite--addressEditDetailsCostObjectCstType-arrow"}]}
COMMAND: GET /session/5780a996aa8c51000aed420822d33f83/screenshot - {}
RESULT: {}
RESULT: {"script":"<script> [1562 bytes]","args":[{"selector":{"id":"application-managesites-display-component---NewSite--addressEditDetailsCostObjectCstType-arrow"},"wdio_ui5_key":"applicationmanagesites-display-component---NewSite--addressEditDetailsCostObjectCstType-arrow"}]}
RESULT: undefined
COMMAND: POST /session/5780a996aa8c51000aed420822d33f83/element - {"using":"xpath","value":"//*[@id=\"application-managesites-display-component---NewSite--addressEditDetailsCostObjectCstType-arrow\"]"}
RESULT: {}
RESULT: {"using":"xpath","value":"//*[@id=\"application-managesites-display-component---NewSite--addressEditDetailsCostObjectCstType-arrow\"]"}
COMMAND: POST /session/5780a996aa8c51000aed420822d33f83/element/f.C12891CE133D59B6823BF6462A308BA2.d.2BF5394E348126E0D9AA360BF017A30B.e.2463/click - {}
RESULT: {}
COMMAND: POST /session/5780a996aa8c51000aed420822d33f83/element - {"using":"xpath","value":"//span[contains(text(), \"Work Breakdown Structure\")]"}
COMMAND: GET /session/5780a996aa8c51000aed420822d33f83/screenshot - {}
RESULT: {"using":"xpath","value":"//span[contains(text(), \"Work Breakdown Structure\")]"}
COMMAND: POST /session/5780a996aa8c51000aed420822d33f83/element/f.C12891CE133D59B6823BF6462A308BA2.d.2BF5394E348126E0D9AA360BF017A30B.e.2464/click - {}
RESULT: {}
RESULT: {}
COMMAND: GET /session/5780a996aa8c51000aed420822d33f83/screenshot - {}
RESULT: {}
COMMAND: POST /session/5780a996aa8c51000aed420822d33f83/execute/async - {"script":"<script> [1562 bytes]","args":[{"selector":{"id":"application-managesites-display-component---NewSite--addressNewCostObjectCstID-vhi"},"wdio_ui5_key":"applicationmanagesites-display-component---NewSite--addressNewCostObjectCstID-vhi"}]}
RESULT: {"script":"<script> [1562 bytes]","args":[{"selector":{"id":"application-managesites-display-component---NewSite--addressNewCostObjectCstID-vhi"},"wdio_ui5_key":"applicationmanagesites-display-component---NewSite--addressNewCostObjectCstID-vhi"}]}
RESULT: undefined
COMMAND: POST /session/5780a996aa8c51000aed420822d33f83/element - {"using":"xpath","value":"//*[@id=\"application-managesites-display-component---NewSite--addressNewCostObjectCstID-vhi\"]"}
RESULT: {"using":"xpath","value":"//*[@id=\"application-managesites-display-component---NewSite--addressNewCostObjectCstID-vhi\"]"}
COMMAND: POST /session/5780a996aa8c51000aed420822d33f83/element/f.C12891CE133D59B6823BF6462A308BA2.d.2BF5394E348126E0D9AA360BF017A30B.e.2469/click - {}
RESULT: {}
COMMAND: GET /session/5780a996aa8c51000aed420822d33f83/screenshot - {}
RESULT: {}
COMMAND: POST /session/5780a996aa8c51000aed420822d33f83/execute/async - {"script":"<script> [1562 bytes]","args":[{"selector":{"controlType":"sap.m.SearchField","properties":{"placeholder":"Search"},"searchOpenDialogs":true,"interaction":{"idSuffix":"I"}},"wdio_ui5_key":"sapm.SearchField{\"placeholder\":\"Search\"}"}]}
RESULT: {"script":"<script> [1562 bytes]","args":[{"selector":{"controlType":"sap.m.SearchField","properties":{"placeholder":"Search"},"searchOpenDialogs":true,"interaction":{"idSuffix":"I"}},"wdio_ui5_key":"sapm.SearchField{\"placeholder\":\"Search\"}"}]}
RESULT: undefined
COMMAND: POST /session/5780a996aa8c51000aed420822d33f83/execute/async - {"script":"<script> [776 bytes]","args":[{"enterText":"A1-000100-01","selector":{"controlType":"sap.m.SearchField","properties":{"placeholder":"Search"},"searchOpenDialogs":true,"interaction":{"idSuffix":"I"}},"clearTextFirst":true,"interactionType":"ENTER_TEXT"}]}
RESULT: {"script":"<script> [776 bytes]","args":[{"enterText":"A1-000100-01","selector":{"controlType":"sap.m.SearchField","properties":{"placeholder":"Search"},"searchOpenDialogs":true,"interaction":{"idSuffix":"I"}},"clearTextFirst":true,"interactionType":"ENTER_TEXT"}]}
COMMAND: POST /session/5780a996aa8c51000aed420822d33f83/actions - {"actions":[{"id":"action3","type":"key","parameters":{},"actions":[{"type":"keyDown","value":"î€‡"},{"type":"pause","duration":10},{"type":"keyUp","value":"î€‡"}]}]}
RESULT: {"actions":[{"id":"action3","type":"key","parameters":{},"actions":[{"type":"keyDown","value":"î€‡"},{"type":"pause","duration":10},{"type":"keyUp","value":"î€‡"}]}]}
COMMAND: GET /session/5780a996aa8c51000aed420822d33f83/screenshot - {}
RESULT: {}
COMMAND: POST /session/5780a996aa8c51000aed420822d33f83/element - {"using":"xpath","value":"//span[contains(text(), \"Template for ETO-Process\")]"}
RESULT: {"using":"xpath","value":"//span[contains(text(), \"Template for ETO-Process\")]"}
COMMAND: POST /session/5780a996aa8c51000aed420822d33f83/element/f.C12891CE133D59B6823BF6462A308BA2.d.2BF5394E348126E0D9AA360BF017A30B.e.2490/click - {}
RESULT: {}
COMMAND: GET /session/5780a996aa8c51000aed420822d33f83/screenshot - {}
RESULT: {}
COMMAND: POST /session/5780a996aa8c51000aed420822d33f83/element - {"using":"xpath","value":"//bdi[contains(text(), \"OK\")]"}
RESULT: {"using":"xpath","value":"//bdi[contains(text(), \"OK\")]"}
COMMAND: POST /session/5780a996aa8c51000aed420822d33f83/element/f.C12891CE133D59B6823BF6462A308BA2.d.2BF5394E348126E0D9AA360BF017A30B.e.2491/click - {}
RESULT: {}
COMMAND: GET /session/5780a996aa8c51000aed420822d33f83/screenshot - {}
RESULT: {}
COMMAND: POST /session/5780a996aa8c51000aed420822d33f83/element - {"using":"xpath","value":"//input[@id=\"application-managesites-display-component---NewSite--addressDetailDetailsYard-inner\"]"}
RESULT: {"using":"xpath","value":"//input[@id=\"application-managesites-display-component---NewSite--addressDetailDetailsYard-inner\"]"}
COMMAND: POST /session/5780a996aa8c51000aed420822d33f83/element/f.C12891CE133D59B6823BF6462A308BA2.d.2BF5394E348126E0D9AA360BF017A30B.e.2267/value - {"text":"472"}
RESULT: {"text":"472"}
COMMAND: GET /session/5780a996aa8c51000aed420822d33f83/screenshot - {}
RESULT: {}
COMMAND: POST /session/5780a996aa8c51000aed420822d33f83/actions - {"actions":[{"id":"action4","type":"key","parameters":{},"actions":[{"type":"keyDown","value":"î€‡"},{"type":"pause","duration":10},{"type":"keyUp","value":"î€‡"}]}]}
RESULT: {"actions":[{"id":"action4","type":"key","parameters":{},"actions":[{"type":"keyDown","value":"î€‡"},{"type":"pause","duration":10},{"type":"keyUp","value":"î€‡"}]}]}
COMMAND: GET /session/5780a996aa8c51000aed420822d33f83/screenshot - {}
RESULT: {}
COMMAND: POST /session/5780a996aa8c51000aed420822d33f83/element - {"using":"xpath","value":"//input[@id=\"application-managesites-display-component---NewSite--addressDetailDetailsPartner-inner\"]"}
RESULT: {"using":"xpath","value":"//input[@id=\"application-managesites-display-component---NewSite--addressDetailDetailsPartner-inner\"]"}
COMMAND: POST /session/5780a996aa8c51000aed420822d33f83/elements - {"using":"xpath","value":"//input[@id=\"application-managesites-display-component---NewSite--addressDetailDetailsPartner-inner\"]"}
RESULT: {"using":"xpath","value":"//input[@id=\"application-managesites-display-component---NewSite--addressDetailDetailsPartner-inner\"]"}
COMMAND: POST /session/5780a996aa8c51000aed420822d33f83/execute/async - {"script":"<script> [1562 bytes]","args":[{"selector":{"controlType":"sap.m.Button","viewName":"etm.portal.ui.managesites.view.NewSmartSite","viewId":"application-managesites-display-component---NewSite","properties":{"text":"Commercial"},"interaction":{"idSuffix":"BDI-content"}},"wdio_ui5_key":"etmportal.ui.managesites.view.NewSmartSitesap.m.Button{\"text\":\"Commercial\"}"}]}
RESULT: {"script":"<script> [1562 bytes]","args":[{"selector":{"controlType":"sap.m.Button","viewName":"etm.portal.ui.managesites.view.NewSmartSite","viewId":"application-managesites-display-component---NewSite","properties":{"text":"Commercial"},"interaction":{"idSuffix":"BDI-content"}},"wdio_ui5_key":"etmportal.ui.managesites.view.NewSmartSitesap.m.Button{\"text\":\"Commercial\"}"}]}
RESULT: undefined
COMMAND: POST /session/5780a996aa8c51000aed420822d33f83/element - {"using":"xpath","value":"//*[@id=\"application-managesites-display-component---NewSite--ObjectPageLayout-anchBar-__section31-anchor\"]"}
RESULT: {"using":"xpath","value":"//*[@id=\"application-managesites-display-component---NewSite--ObjectPageLayout-anchBar-__section31-anchor\"]"}
COMMAND: POST /session/5780a996aa8c51000aed420822d33f83/element/f.C12891CE133D59B6823BF6462A308BA2.d.2BF5394E348126E0D9AA360BF017A30B.e.2498/click - {}
RESULT: {}
COMMAND: POST /session/5780a996aa8c51000aed420822d33f83/execute/async - {"script":"<script> [1562 bytes]","args":[{"selector":{"controlType":"sap.m.Button","viewName":"etm.portal.ui.managesites.view.NewSmartSite","viewId":"application-managesites-display-component---NewSite","i18NText":{"propertyName":"text","key":"save"},"interaction":{"idSuffix":"BDI-content"}},"wdio_ui5_key":"etmportal.ui.managesites.view.NewSmartSitesap.m.Button{\"propertyName\":\"text\",\"key\":\"save\"}"}]}
COMMAND: GET /session/5780a996aa8c51000aed420822d33f83/screenshot - {}
RESULT: {"script":"<script> [1562 bytes]","args":[{"selector":{"controlType":"sap.m.Button","viewName":"etm.portal.ui.managesites.view.NewSmartSite","viewId":"application-managesites-display-component---NewSite","i18NText":{"propertyName":"text","key":"save"},"interaction":{"idSuffix":"BDI-content"}},"wdio_ui5_key":"etmportal.ui.managesites.view.NewSmartSitesap.m.Button{\"propertyName\":\"text\",\"key\":\"save\"}"}]}
RESULT: undefined
COMMAND: POST /session/5780a996aa8c51000aed420822d33f83/element - {"using":"xpath","value":"//*[@id=\"__button64\"]"}
RESULT: {}
RESULT: {"using":"xpath","value":"//*[@id=\"__button64\"]"}
COMMAND: POST /session/5780a996aa8c51000aed420822d33f83/element/f.C12891CE133D59B6823BF6462A308BA2.d.2BF5394E348126E0D9AA360BF017A30B.e.2443/click - {}
RESULT: {}
COMMAND: GET /session/5780a996aa8c51000aed420822d33f83/screenshot - {}
RESULT: {}
COMMAND: POST /session/5780a996aa8c51000aed420822d33f83/execute/async - {"script":"<script> [1562 bytes]","args":[{"selector":{"id":"application-managesites-display-component---detailSite--addressDetailDetailsYardText"},"wdio_ui5_key":"applicationmanagesites-display-component---detailSite--addressDetailDetailsYardText"}]}
RESULT: {"script":"<script> [1562 bytes]","args":[{"selector":{"id":"application-managesites-display-component---detailSite--addressDetailDetailsYardText"},"wdio_ui5_key":"applicationmanagesites-display-component---detailSite--addressDetailDetailsYardText"}]}
RESULT: undefined
COMMAND: POST /session/5780a996aa8c51000aed420822d33f83/element - {"using":"xpath","value":"//header/div/div[2]/div[2]/span"}
RESULT: {"using":"xpath","value":"//header/div/div[2]/div[2]/span"}
COMMAND: GET /session/5780a996aa8c51000aed420822d33f83/element/f.C12891CE133D59B6823BF6462A308BA2.d.2BF5394E348126E0D9AA360BF017A30B.e.2706/text - {}
RESULT: {}
COMMAND: POST /session/5780a996aa8c51000aed420822d33f83/element - {"using":"xpath","value":"//header/div/div/div/div/div/div[2]/div/span"}
RESULT: {"using":"xpath","value":"//header/div/div/div/div/div/div[2]/div/span"}
COMMAND: GET /session/5780a996aa8c51000aed420822d33f83/element/f.C12891CE133D59B6823BF6462A308BA2.d.2BF5394E348126E0D9AA360BF017A30B.e.2707/text - {}
RESULT: {}
COMMAND: POST /session/5780a996aa8c51000aed420822d33f83/element - {"using":"css selector","value":"#shell-header-logo"}
RESULT: {"using":"css selector","value":"#shell-header-logo"}
COMMAND: POST /session/5780a996aa8c51000aed420822d33f83/element/f.C12891CE133D59B6823BF6462A308BA2.d.2BF5394E348126E0D9AA360BF017A30B.e.1837/click - {}
RESULT: {}
COMMAND: GET /session/5780a996aa8c51000aed420822d33f83/screenshot - {}
RESULT: {}
]]></system-out>
    </testcase>
    <testcase classname="chrome.135_0_7049_96.windows.Standard_contract_-_add_contract_items_by_Insert_Request_US118222" name="Should create 2 new resources and a catalog item" time="336.11">
      <system-out><![CDATA[
COMMAND: POST /session/5780a996aa8c51000aed420822d33f83/execute/async - {"script":"<script> [1562 bytes]","args":[{"selector":{"controlType":"sap.m.GenericTile","properties":{"header":"Manage Resources"}},"wdio_ui5_key":"sapm.GenericTile{\"header\":\"Manage Resources\"}"}]}
RESULT: {"script":"<script> [1562 bytes]","args":[{"selector":{"controlType":"sap.m.GenericTile","properties":{"header":"Manage Resources"}},"wdio_ui5_key":"sapm.GenericTile{\"header\":\"Manage Resources\"}"}]}
RESULT: undefined
COMMAND: POST /session/5780a996aa8c51000aed420822d33f83/element - {"using":"xpath","value":"//*[@id=\"__tile39\"]"}
RESULT: {"using":"xpath","value":"//*[@id=\"__tile39\"]"}
COMMAND: POST /session/5780a996aa8c51000aed420822d33f83/element/f.C12891CE133D59B6823BF6462A308BA2.d.2BF5394E348126E0D9AA360BF017A30B.e.2709/click - {}
RESULT: {}
COMMAND: GET /session/5780a996aa8c51000aed420822d33f83/screenshot - {}
RESULT: {}
COMMAND: POST /session/5780a996aa8c51000aed420822d33f83/element - {"using":"xpath","value":"//button[@data-kt=\"addNewRUOverflowToolbarButton\"]"}
RESULT: {"using":"xpath","value":"//button[@data-kt=\"addNewRUOverflowToolbarButton\"]"}
COMMAND: POST /session/5780a996aa8c51000aed420822d33f83/execute/sync - {"script":"<script> [8489 bytes]","args":[{"element-6066-11e4-a52e-4f735466cecf":"f.C12891CE133D59B6823BF6462A308BA2.d.2BF5394E348126E0D9AA360BF017A30B.e.2750","ELEMENT":"f.C12891CE133D59B6823BF6462A308BA2.d.2BF5394E348126E0D9AA360BF017A30B.e.2750"}]}
RESULT: {"script":"<script> [8489 bytes]","args":[{"element-6066-11e4-a52e-4f735466cecf":"f.C12891CE133D59B6823BF6462A308BA2.d.2BF5394E348126E0D9AA360BF017A30B.e.2750","ELEMENT":"f.C12891CE133D59B6823BF6462A308BA2.d.2BF5394E348126E0D9AA360BF017A30B.e.2750"}]}
COMMAND: POST /session/5780a996aa8c51000aed420822d33f83/element/f.C12891CE133D59B6823BF6462A308BA2.d.2BF5394E348126E0D9AA360BF017A30B.e.2750/click - {}
COMMAND: GET /session/5780a996aa8c51000aed420822d33f83/screenshot - {}
RESULT: {}
COMMAND: POST /session/5780a996aa8c51000aed420822d33f83/execute/async - {"script":"<script> [1562 bytes]","args":[{"selector":{"id":"application-manageresources-display-component---newResourceUnit--TYPE-arrow"},"wdio_ui5_key":"applicationmanageresources-display-component---newResourceUnit--TYPE-arrow"}]}
COMMAND: GET /session/5780a996aa8c51000aed420822d33f83/screenshot - {}
RESULT: {}
RESULT: {"script":"<script> [1562 bytes]","args":[{"selector":{"id":"application-manageresources-display-component---newResourceUnit--TYPE-arrow"},"wdio_ui5_key":"applicationmanageresources-display-component---newResourceUnit--TYPE-arrow"}]}
RESULT: undefined
COMMAND: POST /session/5780a996aa8c51000aed420822d33f83/element - {"using":"xpath","value":"//*[@id=\"application-manageresources-display-component---newResourceUnit--TYPE-arrow\"]"}
RESULT: {}
RESULT: {"using":"xpath","value":"//*[@id=\"application-manageresources-display-component---newResourceUnit--TYPE-arrow\"]"}
COMMAND: POST /session/5780a996aa8c51000aed420822d33f83/element/f.C12891CE133D59B6823BF6462A308BA2.d.2BF5394E348126E0D9AA360BF017A30B.e.3076/click - {}
RESULT: {}
COMMAND: POST /session/5780a996aa8c51000aed420822d33f83/execute/async - {"script":"<script> [1562 bytes]","args":[{"selector":{"controlType":"sap.m.StandardListItem","viewName":"reusables.view.manageresources.NewResourceUnit","viewId":"application-manageresources-display-component---newResourceUnit","properties":{"title":"Material"},"searchOpenDialogs":true,"interaction":{"idSuffix":"titleText"}},"wdio_ui5_key":"reusablesview.manageresources.NewResourceUnitsap.m.StandardListItem{\"title\":\"Material\"}"}]}
COMMAND: GET /session/5780a996aa8c51000aed420822d33f83/screenshot - {}
RESULT: {"script":"<script> [1562 bytes]","args":[{"selector":{"controlType":"sap.m.StandardListItem","viewName":"reusables.view.manageresources.NewResourceUnit","viewId":"application-manageresources-display-component---newResourceUnit","properties":{"title":"Material"},"searchOpenDialogs":true,"interaction":{"idSuffix":"titleText"}},"wdio_ui5_key":"reusablesview.manageresources.NewResourceUnitsap.m.StandardListItem{\"title\":\"Material\"}"}]}
RESULT: undefined
COMMAND: POST /session/5780a996aa8c51000aed420822d33f83/element - {"using":"xpath","value":"//*[@id=\"__item1071\"]"}
RESULT: {}
RESULT: {"using":"xpath","value":"//*[@id=\"__item1071\"]"}
COMMAND: POST /session/5780a996aa8c51000aed420822d33f83/element/f.C12891CE133D59B6823BF6462A308BA2.d.2BF5394E348126E0D9AA360BF017A30B.e.3079/click - {}
RESULT: {}
COMMAND: POST /session/5780a996aa8c51000aed420822d33f83/execute/async - {"script":"<script> [1562 bytes]","args":[{"selector":{"id":"application-manageresources-display-component---newResourceUnit--SHORT_TEXT","interaction":{"idSuffix":"inner"}},"wdio_ui5_key":"applicationmanageresources-display-component---newResourceUnit--SHORT_TEXT"}]}
COMMAND: GET /session/5780a996aa8c51000aed420822d33f83/screenshot - {}
RESULT: {"script":"<script> [1562 bytes]","args":[{"selector":{"id":"application-manageresources-display-component---newResourceUnit--SHORT_TEXT","interaction":{"idSuffix":"inner"}},"wdio_ui5_key":"applicationmanageresources-display-component---newResourceUnit--SHORT_TEXT"}]}
RESULT: undefined
COMMAND: POST /session/5780a996aa8c51000aed420822d33f83/execute/async - {"script":"<script> [776 bytes]","args":[{"enterText":"WebdriverRUR2Czzmu1","selector":{"id":"application-manageresources-display-component---newResourceUnit--SHORT_TEXT","interaction":{"idSuffix":"inner"}},"clearTextFirst":true,"interactionType":"ENTER_TEXT"}]}
RESULT: {}
RESULT: {"script":"<script> [776 bytes]","args":[{"enterText":"WebdriverRUR2Czzmu1","selector":{"id":"application-manageresources-display-component---newResourceUnit--SHORT_TEXT","interaction":{"idSuffix":"inner"}},"clearTextFirst":true,"interactionType":"ENTER_TEXT"}]}
COMMAND: POST /session/5780a996aa8c51000aed420822d33f83/execute/async - {"script":"<script> [1562 bytes]","args":[{"selector":{"id":"application-manageresources-display-component---newResourceUnit--BASE_UNIT_OF_MEASURE-arrow"},"wdio_ui5_key":"applicationmanageresources-display-component---newResourceUnit--BASE_UNIT_OF_MEASURE-arrow"}]}
RESULT: {"script":"<script> [1562 bytes]","args":[{"selector":{"id":"application-manageresources-display-component---newResourceUnit--BASE_UNIT_OF_MEASURE-arrow"},"wdio_ui5_key":"applicationmanageresources-display-component---newResourceUnit--BASE_UNIT_OF_MEASURE-arrow"}]}
RESULT: undefined
COMMAND: POST /session/5780a996aa8c51000aed420822d33f83/element - {"using":"xpath","value":"//*[@id=\"application-manageresources-display-component---newResourceUnit--BASE_UNIT_OF_MEASURE-arrow\"]"}
RESULT: {"using":"xpath","value":"//*[@id=\"application-manageresources-display-component---newResourceUnit--BASE_UNIT_OF_MEASURE-arrow\"]"}
COMMAND: POST /session/5780a996aa8c51000aed420822d33f83/element/f.C12891CE133D59B6823BF6462A308BA2.d.2BF5394E348126E0D9AA360BF017A30B.e.3136/click - {}
RESULT: {}
COMMAND: POST /session/5780a996aa8c51000aed420822d33f83/execute/async - {"script":"<script> [1562 bytes]","args":[{"selector":{"controlType":"sap.m.StandardListItem","viewName":"reusables.view.manageresources.NewResourceUnit","viewId":"application-manageresources-display-component---newResourceUnit","properties":{"title":"Piece"},"searchOpenDialogs":true,"interaction":{"idSuffix":"titleText"}},"wdio_ui5_key":"reusablesview.manageresources.NewResourceUnitsap.m.StandardListItem{\"title\":\"Piece\"}"}]}
COMMAND: GET /session/5780a996aa8c51000aed420822d33f83/screenshot - {}
RESULT: {"script":"<script> [1562 bytes]","args":[{"selector":{"controlType":"sap.m.StandardListItem","viewName":"reusables.view.manageresources.NewResourceUnit","viewId":"application-manageresources-display-component---newResourceUnit","properties":{"title":"Piece"},"searchOpenDialogs":true,"interaction":{"idSuffix":"titleText"}},"wdio_ui5_key":"reusablesview.manageresources.NewResourceUnitsap.m.StandardListItem{\"title\":\"Piece\"}"}]}
RESULT: undefined
COMMAND: POST /session/5780a996aa8c51000aed420822d33f83/element - {"using":"xpath","value":"//*[@id=\"__item1115\"]"}
RESULT: {}
RESULT: {"using":"xpath","value":"//*[@id=\"__item1115\"]"}
COMMAND: POST /session/5780a996aa8c51000aed420822d33f83/element/f.C12891CE133D59B6823BF6462A308BA2.d.2BF5394E348126E0D9AA360BF017A30B.e.3138/click - {}
RESULT: {}
COMMAND: POST /session/5780a996aa8c51000aed420822d33f83/element - {"using":"xpath","value":"//input[contains(@id ,\"application-manageresources-display-component---newResourceUnit--SHORT_TEXT-inner\")]"}
COMMAND: GET /session/5780a996aa8c51000aed420822d33f83/screenshot - {}
RESULT: {"using":"xpath","value":"//input[contains(@id ,\"application-manageresources-display-component---newResourceUnit--SHORT_TEXT-inner\")]"}
COMMAND: GET /session/5780a996aa8c51000aed420822d33f83/element/f.C12891CE133D59B6823BF6462A308BA2.d.2BF5394E348126E0D9AA360BF017A30B.e.3097/property/value - {}
RESULT: {}
RESULT: {}
COMMAND: POST /session/5780a996aa8c51000aed420822d33f83/execute/async - {"script":"<script> [1562 bytes]","args":[{"selector":{"id":"application-manageresources-display-component---newResourceUnit--WEIGHT_UNIT-arrow"},"wdio_ui5_key":"applicationmanageresources-display-component---newResourceUnit--WEIGHT_UNIT-arrow"}]}
COMMAND: GET /session/5780a996aa8c51000aed420822d33f83/screenshot - {}
RESULT: {"script":"<script> [1562 bytes]","args":[{"selector":{"id":"application-manageresources-display-component---newResourceUnit--WEIGHT_UNIT-arrow"},"wdio_ui5_key":"applicationmanageresources-display-component---newResourceUnit--WEIGHT_UNIT-arrow"}]}
RESULT: undefined
COMMAND: POST /session/5780a996aa8c51000aed420822d33f83/element - {"using":"xpath","value":"//*[@id=\"application-manageresources-display-component---newResourceUnit--WEIGHT_UNIT-arrow\"]"}
RESULT: {}
RESULT: {"using":"xpath","value":"//*[@id=\"application-manageresources-display-component---newResourceUnit--WEIGHT_UNIT-arrow\"]"}
COMMAND: POST /session/5780a996aa8c51000aed420822d33f83/element/f.C12891CE133D59B6823BF6462A308BA2.d.2BF5394E348126E0D9AA360BF017A30B.e.3139/click - {}
RESULT: {}
COMMAND: POST /session/5780a996aa8c51000aed420822d33f83/execute/async - {"script":"<script> [1562 bytes]","args":[{"selector":{"controlType":"sap.m.StandardListItem","viewName":"reusables.view.manageresources.NewResourceUnit","viewId":"application-manageresources-display-component---newResourceUnit","properties":{"title":"Gram"},"searchOpenDialogs":true,"interaction":{"idSuffix":"content"}},"wdio_ui5_key":"reusablesview.manageresources.NewResourceUnitsap.m.StandardListItem{\"title\":\"Gram\"}"}]}
COMMAND: GET /session/5780a996aa8c51000aed420822d33f83/screenshot - {}
RESULT: {"script":"<script> [1562 bytes]","args":[{"selector":{"controlType":"sap.m.StandardListItem","viewName":"reusables.view.manageresources.NewResourceUnit","viewId":"application-manageresources-display-component---newResourceUnit","properties":{"title":"Gram"},"searchOpenDialogs":true,"interaction":{"idSuffix":"content"}},"wdio_ui5_key":"reusablesview.manageresources.NewResourceUnitsap.m.StandardListItem{\"title\":\"Gram\"}"}]}
RESULT: undefined
COMMAND: POST /session/5780a996aa8c51000aed420822d33f83/element - {"using":"xpath","value":"//*[@id=\"__item1180\"]"}
RESULT: {}
RESULT: {"using":"xpath","value":"//*[@id=\"__item1180\"]"}
COMMAND: POST /session/5780a996aa8c51000aed420822d33f83/element/f.C12891CE133D59B6823BF6462A308BA2.d.2BF5394E348126E0D9AA360BF017A30B.e.3141/click - {}
RESULT: {}
COMMAND: POST /session/5780a996aa8c51000aed420822d33f83/execute/async - {"script":"<script> [1562 bytes]","args":[{"selector":{"id":"application-manageresources-display-component---newResourceUnit--newRRUPage-OPHeaderContent-collapseBtn-img"},"wdio_ui5_key":"applicationmanageresources-display-component---newResourceUnit--newRRUPage-OPHeaderContent-collapseBtn-img"}]}
COMMAND: GET /session/5780a996aa8c51000aed420822d33f83/screenshot - {}
RESULT: {"script":"<script> [1562 bytes]","args":[{"selector":{"id":"application-manageresources-display-component---newResourceUnit--newRRUPage-OPHeaderContent-collapseBtn-img"},"wdio_ui5_key":"applicationmanageresources-display-component---newResourceUnit--newRRUPage-OPHeaderContent-collapseBtn-img"}]}
RESULT: undefined
COMMAND: POST /session/5780a996aa8c51000aed420822d33f83/element - {"using":"xpath","value":"//*[@id=\"application-manageresources-display-component---newResourceUnit--newRRUPage-OPHeaderContent-collapseBtn-img\"]"}
RESULT: {}
RESULT: {"using":"xpath","value":"//*[@id=\"application-manageresources-display-component---newResourceUnit--newRRUPage-OPHeaderContent-collapseBtn-img\"]"}
COMMAND: POST /session/5780a996aa8c51000aed420822d33f83/element/f.C12891CE133D59B6823BF6462A308BA2.d.2BF5394E348126E0D9AA360BF017A30B.e.3086/click - {}
RESULT: {}
COMMAND: GET /session/5780a996aa8c51000aed420822d33f83/screenshot - {}
RESULT: {}
COMMAND: POST /session/5780a996aa8c51000aed420822d33f83/element - {"using":"xpath","value":"(//span[contains(@id ,\"application-manageresources-display-component---newResourceUnit--DIMENSION_UNIT-arrow\")])[1]"}
RESULT: {"using":"xpath","value":"(//span[contains(@id ,\"application-manageresources-display-component---newResourceUnit--DIMENSION_UNIT-arrow\")])[1]"}
COMMAND: POST /session/5780a996aa8c51000aed420822d33f83/element/f.C12891CE133D59B6823BF6462A308BA2.d.2BF5394E348126E0D9AA360BF017A30B.e.3147/click - {}
RESULT: {}
COMMAND: GET /session/5780a996aa8c51000aed420822d33f83/screenshot - {}
RESULT: {}
COMMAND: POST /session/5780a996aa8c51000aed420822d33f83/execute/async - {"script":"<script> [1562 bytes]","args":[{"selector":{"controlType":"sap.m.StandardListItem","viewName":"reusables.view.manageresources.NewResourceUnit","viewId":"application-manageresources-display-component---newResourceUnit","properties":{"title":"Centimeter"},"searchOpenDialogs":true,"interaction":{"idSuffix":"titleText"}},"wdio_ui5_key":"reusablesview.manageresources.NewResourceUnitsap.m.StandardListItem{\"title\":\"Centimeter\"}"}]}
RESULT: {"script":"<script> [1562 bytes]","args":[{"selector":{"controlType":"sap.m.StandardListItem","viewName":"reusables.view.manageresources.NewResourceUnit","viewId":"application-manageresources-display-component---newResourceUnit","properties":{"title":"Centimeter"},"searchOpenDialogs":true,"interaction":{"idSuffix":"titleText"}},"wdio_ui5_key":"reusablesview.manageresources.NewResourceUnitsap.m.StandardListItem{\"title\":\"Centimeter\"}"}]}
RESULT: undefined
COMMAND: POST /session/5780a996aa8c51000aed420822d33f83/element - {"using":"xpath","value":"//*[@id=\"__item1183\"]"}
RESULT: {"using":"xpath","value":"//*[@id=\"__item1183\"]"}
COMMAND: POST /session/5780a996aa8c51000aed420822d33f83/element/f.C12891CE133D59B6823BF6462A308BA2.d.2BF5394E348126E0D9AA360BF017A30B.e.3149/click - {}
RESULT: {}
COMMAND: POST /session/5780a996aa8c51000aed420822d33f83/execute/async - {"script":"<script> [1562 bytes]","args":[{"selector":{"id":"application-manageresources-display-component---newResourceUnit--newRRUPage-anchBar-application-manageresources-display-component---newResourceUnit--reference-anchor","interaction":{"idSuffix":"BDI-content"}},"wdio_ui5_key":"applicationmanageresources-display-component---newResourceUnit--newRRUPage-anchBar-application-manageresources-display-component---newResourceUnit--reference-anchor"}]}
COMMAND: GET /session/5780a996aa8c51000aed420822d33f83/screenshot - {}
RESULT: {"script":"<script> [1562 bytes]","args":[{"selector":{"id":"application-manageresources-display-component---newResourceUnit--newRRUPage-anchBar-application-manageresources-display-component---newResourceUnit--reference-anchor","interaction":{"idSuffix":"BDI-content"}},"wdio_ui5_key":"applicationmanageresources-display-component---newResourceUnit--newRRUPage-anchBar-application-manageresources-display-component---newResourceUnit--reference-anchor"}]}
RESULT: undefined
COMMAND: POST /session/5780a996aa8c51000aed420822d33f83/element - {"using":"xpath","value":"//*[@id=\"application-manageresources-display-component---newResourceUnit--newRRUPage-anchBar-application-manageresources-display-component---newResourceUnit--reference-anchor\"]"}
RESULT: {}
RESULT: {"using":"xpath","value":"//*[@id=\"application-manageresources-display-component---newResourceUnit--newRRUPage-anchBar-application-manageresources-display-component---newResourceUnit--reference-anchor\"]"}
COMMAND: POST /session/5780a996aa8c51000aed420822d33f83/element/f.C12891CE133D59B6823BF6462A308BA2.d.2BF5394E348126E0D9AA360BF017A30B.e.3151/click - {}
RESULT: {}
COMMAND: POST /session/5780a996aa8c51000aed420822d33f83/execute/async - {"script":"<script> [1562 bytes]","args":[{"selector":{"id":"application-manageresources-display-component---newResourceUnit--PLANNING_GROUP-arrow"},"wdio_ui5_key":"applicationmanageresources-display-component---newResourceUnit--PLANNING_GROUP-arrow"}]}
COMMAND: GET /session/5780a996aa8c51000aed420822d33f83/screenshot - {}
RESULT: {"script":"<script> [1562 bytes]","args":[{"selector":{"id":"application-manageresources-display-component---newResourceUnit--PLANNING_GROUP-arrow"},"wdio_ui5_key":"applicationmanageresources-display-component---newResourceUnit--PLANNING_GROUP-arrow"}]}
RESULT: undefined
COMMAND: POST /session/5780a996aa8c51000aed420822d33f83/element - {"using":"xpath","value":"//*[@id=\"application-manageresources-display-component---newResourceUnit--PLANNING_GROUP-arrow\"]"}
RESULT: {}
RESULT: {"using":"xpath","value":"//*[@id=\"application-manageresources-display-component---newResourceUnit--PLANNING_GROUP-arrow\"]"}
COMMAND: POST /session/5780a996aa8c51000aed420822d33f83/element/f.C12891CE133D59B6823BF6462A308BA2.d.2BF5394E348126E0D9AA360BF017A30B.e.3155/click - {}
RESULT: {}
COMMAND: POST /session/5780a996aa8c51000aed420822d33f83/execute/async - {"script":"<script> [1562 bytes]","args":[{"selector":{"controlType":"sap.m.StandardListItem","viewName":"reusables.view.manageresources.NewResourceUnit","viewId":"application-manageresources-display-component---newResourceUnit","properties":{"title":"Heavy Equi"},"searchOpenDialogs":true,"interaction":{"idSuffix":"content"}},"wdio_ui5_key":"reusablesview.manageresources.NewResourceUnitsap.m.StandardListItem{\"title\":\"Heavy Equi\"}"}]}
COMMAND: GET /session/5780a996aa8c51000aed420822d33f83/screenshot - {}
RESULT: {"script":"<script> [1562 bytes]","args":[{"selector":{"controlType":"sap.m.StandardListItem","viewName":"reusables.view.manageresources.NewResourceUnit","viewId":"application-manageresources-display-component---newResourceUnit","properties":{"title":"Heavy Equi"},"searchOpenDialogs":true,"interaction":{"idSuffix":"content"}},"wdio_ui5_key":"reusablesview.manageresources.NewResourceUnitsap.m.StandardListItem{\"title\":\"Heavy Equi\"}"}]}
RESULT: undefined
COMMAND: POST /session/5780a996aa8c51000aed420822d33f83/element - {"using":"xpath","value":"//*[@id=\"__item1191\"]"}
RESULT: {}
RESULT: {"using":"xpath","value":"//*[@id=\"__item1191\"]"}
COMMAND: POST /session/5780a996aa8c51000aed420822d33f83/element/f.C12891CE133D59B6823BF6462A308BA2.d.2BF5394E348126E0D9AA360BF017A30B.e.3159/click - {}
RESULT: {}
COMMAND: GET /session/5780a996aa8c51000aed420822d33f83/screenshot - {}
RESULT: {}
COMMAND: POST /session/5780a996aa8c51000aed420822d33f83/execute/async - {"script":"<script> [1562 bytes]","args":[{"selector":{"id":"application-manageresources-display-component---newResourceUnit--PLANNING_INDICATOR-arrow"},"wdio_ui5_key":"applicationmanageresources-display-component---newResourceUnit--PLANNING_INDICATOR-arrow"}]}
RESULT: {"script":"<script> [1562 bytes]","args":[{"selector":{"id":"application-manageresources-display-component---newResourceUnit--PLANNING_INDICATOR-arrow"},"wdio_ui5_key":"applicationmanageresources-display-component---newResourceUnit--PLANNING_INDICATOR-arrow"}]}
RESULT: undefined
COMMAND: POST /session/5780a996aa8c51000aed420822d33f83/element - {"using":"xpath","value":"//*[@id=\"application-manageresources-display-component---newResourceUnit--PLANNING_INDICATOR-arrow\"]"}
RESULT: {"using":"xpath","value":"//*[@id=\"application-manageresources-display-component---newResourceUnit--PLANNING_INDICATOR-arrow\"]"}
COMMAND: POST /session/5780a996aa8c51000aed420822d33f83/element/f.C12891CE133D59B6823BF6462A308BA2.d.2BF5394E348126E0D9AA360BF017A30B.e.3160/click - {}
RESULT: {}
COMMAND: POST /session/5780a996aa8c51000aed420822d33f83/execute/async - {"script":"<script> [1562 bytes]","args":[{"selector":{"controlType":"sap.m.StandardListItem","viewName":"reusables.view.manageresources.NewResourceUnit","viewId":"application-manageresources-display-component---newResourceUnit","properties":{"title":"10 - infinite"},"searchOpenDialogs":true,"interaction":{"idSuffix":"content"}},"wdio_ui5_key":"reusablesview.manageresources.NewResourceUnitsap.m.StandardListItem{\"title\":\"10 - infinite\"}"}]}
COMMAND: GET /session/5780a996aa8c51000aed420822d33f83/screenshot - {}
RESULT: {"script":"<script> [1562 bytes]","args":[{"selector":{"controlType":"sap.m.StandardListItem","viewName":"reusables.view.manageresources.NewResourceUnit","viewId":"application-manageresources-display-component---newResourceUnit","properties":{"title":"10 - infinite"},"searchOpenDialogs":true,"interaction":{"idSuffix":"content"}},"wdio_ui5_key":"reusablesview.manageresources.NewResourceUnitsap.m.StandardListItem{\"title\":\"10 - infinite\"}"}]}
RESULT: undefined
COMMAND: POST /session/5780a996aa8c51000aed420822d33f83/element - {"using":"xpath","value":"//*[@id=\"__item1201\"]"}
RESULT: {}
RESULT: {"using":"xpath","value":"//*[@id=\"__item1201\"]"}
COMMAND: POST /session/5780a996aa8c51000aed420822d33f83/element/f.C12891CE133D59B6823BF6462A308BA2.d.2BF5394E348126E0D9AA360BF017A30B.e.3162/click - {}
RESULT: {}
COMMAND: GET /session/5780a996aa8c51000aed420822d33f83/screenshot - {}
RESULT: {}
COMMAND: POST /session/5780a996aa8c51000aed420822d33f83/element - {"using":"xpath","value":"//bdi[contains(text(), \"Time Segment\")]"}
RESULT: {"using":"xpath","value":"//bdi[contains(text(), \"Time Segment\")]"}
COMMAND: GET /session/5780a996aa8c51000aed420822d33f83/element/f.C12891CE133D59B6823BF6462A308BA2.d.2BF5394E348126E0D9AA360BF017A30B.e.3163/rect - {}
RESULT: {}
COMMAND: GET /session/5780a996aa8c51000aed420822d33f83/window/rect - {}
RESULT: {}
COMMAND: POST /session/5780a996aa8c51000aed420822d33f83/execute/sync - {"script":"<script> [92 bytes]","args":[]}
RESULT: {"script":"<script> [92 bytes]","args":[]}
COMMAND: POST /session/5780a996aa8c51000aed420822d33f83/actions - {"actions":[{"id":"action5","type":"wheel","parameters":{},"actions":[{"type":"scroll","x":-1820,"y":-21,"deltaX":0,"deltaY":0,"duration":0,"origin":{"element-6066-11e4-a52e-4f735466cecf":"f.C12891CE133D59B6823BF6462A308BA2.d.2BF5394E348126E0D9AA360BF017A30B.e.3163"}}]}]}
COMMAND: GET /session/5780a996aa8c51000aed420822d33f83/screenshot - {}
RESULT: {}
COMMAND: POST /session/5780a996aa8c51000aed420822d33f83/execute/sync - {"script":"<script> [79 bytes]","args":[{"element-6066-11e4-a52e-4f735466cecf":"f.C12891CE133D59B6823BF6462A308BA2.d.2BF5394E348126E0D9AA360BF017A30B.e.3163","ELEMENT":"f.C12891CE133D59B6823BF6462A308BA2.d.2BF5394E348126E0D9AA360BF017A30B.e.3163"},{"block":"start","inline":"nearest"}]}
RESULT: {"script":"<script> [79 bytes]","args":[{"element-6066-11e4-a52e-4f735466cecf":"f.C12891CE133D59B6823BF6462A308BA2.d.2BF5394E348126E0D9AA360BF017A30B.e.3163","ELEMENT":"f.C12891CE133D59B6823BF6462A308BA2.d.2BF5394E348126E0D9AA360BF017A30B.e.3163"},{"block":"start","inline":"nearest"}]}
COMMAND: GET /session/5780a996aa8c51000aed420822d33f83/screenshot - {}
RESULT: {}
COMMAND: POST /session/5780a996aa8c51000aed420822d33f83/element - {"using":"xpath","value":"//span[@id=\"application-manageresources-display-component---newResourceUnit--btnAddTimeSegment-img\"]"}
RESULT: {"using":"xpath","value":"//span[@id=\"application-manageresources-display-component---newResourceUnit--btnAddTimeSegment-img\"]"}
COMMAND: POST /session/5780a996aa8c51000aed420822d33f83/execute/sync - {"script":"<script> [8489 bytes]","args":[{"element-6066-11e4-a52e-4f735466cecf":"f.C12891CE133D59B6823BF6462A308BA2.d.2BF5394E348126E0D9AA360BF017A30B.e.3166","ELEMENT":"f.C12891CE133D59B6823BF6462A308BA2.d.2BF5394E348126E0D9AA360BF017A30B.e.3166"}]}
RESULT: {"script":"<script> [8489 bytes]","args":[{"element-6066-11e4-a52e-4f735466cecf":"f.C12891CE133D59B6823BF6462A308BA2.d.2BF5394E348126E0D9AA360BF017A30B.e.3166","ELEMENT":"f.C12891CE133D59B6823BF6462A308BA2.d.2BF5394E348126E0D9AA360BF017A30B.e.3166"}]}
COMMAND: POST /session/5780a996aa8c51000aed420822d33f83/element/f.C12891CE133D59B6823BF6462A308BA2.d.2BF5394E348126E0D9AA360BF017A30B.e.3166/click - {}
COMMAND: GET /session/5780a996aa8c51000aed420822d33f83/screenshot - {}
RESULT: {}
COMMAND: GET /session/5780a996aa8c51000aed420822d33f83/screenshot - {}
COMMAND: POST /session/5780a996aa8c51000aed420822d33f83/element - {"using":"xpath","value":"//input[@id=\"application-manageresources-display-component---newResourceUnit--idRuTSAdmin-application-manageresources-display-component---newResourceUnit--RUTimeSegment-0-inner\"]"}
RESULT: {}
RESULT: {}
RESULT: {"using":"xpath","value":"//input[@id=\"application-manageresources-display-component---newResourceUnit--idRuTSAdmin-application-manageresources-display-component---newResourceUnit--RUTimeSegment-0-inner\"]"}
COMMAND: POST /session/5780a996aa8c51000aed420822d33f83/element/f.C12891CE133D59B6823BF6462A308BA2.d.2BF5394E348126E0D9AA360BF017A30B.e.3169/clear - {}
RESULT: {}
COMMAND: POST /session/5780a996aa8c51000aed420822d33f83/element/f.C12891CE133D59B6823BF6462A308BA2.d.2BF5394E348126E0D9AA360BF017A30B.e.3169/value - {"text":"WebdriverYard1hgd5"}
COMMAND: GET /session/5780a996aa8c51000aed420822d33f83/screenshot - {}
RESULT: {"text":"WebdriverYard1hgd5"}
COMMAND: GET /session/5780a996aa8c51000aed420822d33f83/screenshot - {}
RESULT: {}
RESULT: {}
COMMAND: POST /session/5780a996aa8c51000aed420822d33f83/actions - {"actions":[{"id":"action6","type":"key","parameters":{},"actions":[{"type":"keyDown","value":"î€‡"},{"type":"pause","duration":10},{"type":"keyUp","value":"î€‡"}]}]}
RESULT: {"actions":[{"id":"action6","type":"key","parameters":{},"actions":[{"type":"keyDown","value":"î€‡"},{"type":"pause","duration":10},{"type":"keyUp","value":"î€‡"}]}]}
COMMAND: GET /session/5780a996aa8c51000aed420822d33f83/screenshot - {}
RESULT: {}
COMMAND: POST /session/5780a996aa8c51000aed420822d33f83/execute/async - {"script":"<script> [1562 bytes]","args":[{"selector":{"controlType":"sap.m.Button","viewName":"reusables.view.manageresources.NewResourceUnit","viewId":"application-manageresources-display-component---newResourceUnit","i18NText":{"propertyName":"tooltip","key":"save"},"interaction":{"idSuffix":"BDI-content"}},"wdio_ui5_key":"reusablesview.manageresources.NewResourceUnitsap.m.Button{\"propertyName\":\"tooltip\",\"key\":\"save\"}"}]}
RESULT: {"script":"<script> [1562 bytes]","args":[{"selector":{"controlType":"sap.m.Button","viewName":"reusables.view.manageresources.NewResourceUnit","viewId":"application-manageresources-display-component---newResourceUnit","i18NText":{"propertyName":"tooltip","key":"save"},"interaction":{"idSuffix":"BDI-content"}},"wdio_ui5_key":"reusablesview.manageresources.NewResourceUnitsap.m.Button{\"propertyName\":\"tooltip\",\"key\":\"save\"}"}]}
RESULT: undefined
COMMAND: POST /session/5780a996aa8c51000aed420822d33f83/element - {"using":"xpath","value":"//*[@id=\"application-manageresources-display-component---newResourceUnit--createRuButton\"]"}
RESULT: {"using":"xpath","value":"//*[@id=\"application-manageresources-display-component---newResourceUnit--createRuButton\"]"}
COMMAND: POST /session/5780a996aa8c51000aed420822d33f83/element/f.C12891CE133D59B6823BF6462A308BA2.d.2BF5394E348126E0D9AA360BF017A30B.e.3092/click - {}
RESULT: {}
COMMAND: GET /session/5780a996aa8c51000aed420822d33f83/screenshot - {}
RESULT: {}
COMMAND: POST /session/5780a996aa8c51000aed420822d33f83/execute/async - {"script":"<script> [1562 bytes]","args":[{"selector":{"controlType":"sap.m.Title","properties":{"text":"Success"},"searchOpenDialogs":true},"wdio_ui5_key":"sapm.Title{\"text\":\"Success\"}"}]}
RESULT: {"script":"<script> [1562 bytes]","args":[{"selector":{"controlType":"sap.m.Title","properties":{"text":"Success"},"searchOpenDialogs":true},"wdio_ui5_key":"sapm.Title{\"text\":\"Success\"}"}]}
RESULT: undefined
COMMAND: POST /session/5780a996aa8c51000aed420822d33f83/execute/async - {"script":"<script> [6424 bytes]","args":[{"element-6066-11e4-a52e-4f735466cecf":"f.C12891CE133D59B6823BF6462A308BA2.d.2BF5394E348126E0D9AA360BF017A30B.e.3182"},"getText",[]]}
RESULT: {"script":"<script> [6424 bytes]","args":[{"element-6066-11e4-a52e-4f735466cecf":"f.C12891CE133D59B6823BF6462A308BA2.d.2BF5394E348126E0D9AA360BF017A30B.e.3182"},"getText",[]]}
COMMAND: POST /session/5780a996aa8c51000aed420822d33f83/element - {"using":"xpath","value":"//*[contains(@id, '__text') and (contains(text(), 'successfully created') or contains(., 'successfully created'))]"}
RESULT: {"using":"xpath","value":"//*[contains(@id, '__text') and (contains(text(), 'successfully created') or contains(., 'successfully created'))]"}
COMMAND: GET /session/5780a996aa8c51000aed420822d33f83/element/f.C12891CE133D59B6823BF6462A308BA2.d.2BF5394E348126E0D9AA360BF017A30B.e.3181/text - {}
RESULT: {}
COMMAND: POST /session/5780a996aa8c51000aed420822d33f83/execute/async - {"script":"<script> [1562 bytes]","args":[{"selector":{"controlType":"sap.m.Button","properties":{"text":"Close"},"searchOpenDialogs":true,"interaction":{"idSuffix":"BDI-content"}},"wdio_ui5_key":"sapm.Button{\"text\":\"Close\"}"}]}
RESULT: {"script":"<script> [1562 bytes]","args":[{"selector":{"controlType":"sap.m.Button","properties":{"text":"Close"},"searchOpenDialogs":true,"interaction":{"idSuffix":"BDI-content"}},"wdio_ui5_key":"sapm.Button{\"text\":\"Close\"}"}]}
RESULT: undefined
COMMAND: POST /session/5780a996aa8c51000aed420822d33f83/element - {"using":"xpath","value":"//*[@id=\"__mbox-btn-0\"]"}
RESULT: {"using":"xpath","value":"//*[@id=\"__mbox-btn-0\"]"}
COMMAND: POST /session/5780a996aa8c51000aed420822d33f83/element/f.C12891CE133D59B6823BF6462A308BA2.d.2BF5394E348126E0D9AA360BF017A30B.e.3179/click - {}
RESULT: {}
COMMAND: GET /session/5780a996aa8c51000aed420822d33f83/screenshot - {}
RESULT: {}
COMMAND: POST /session/5780a996aa8c51000aed420822d33f83/execute/async - {"script":"<script> [1562 bytes]","args":[{"selector":{"controlType":"sap.ui.core.Icon","viewName":"etm.portal.ui.manageresources.view.Detail","viewId":"application-manageresources-display-component---detailRU","properties":{"src":{"regex":{"source":"overflow"}}}},"wdio_ui5_key":"etmportal.ui.manageresources.view.Detailsap.ui.core.Icon{\"src\":{\"regex\":{\"source\":\"overflow\"}}}"}]}
RESULT: {"script":"<script> [1562 bytes]","args":[{"selector":{"controlType":"sap.ui.core.Icon","viewName":"etm.portal.ui.manageresources.view.Detail","viewId":"application-manageresources-display-component---detailRU","properties":{"src":{"regex":{"source":"overflow"}}}},"wdio_ui5_key":"etmportal.ui.manageresources.view.Detailsap.ui.core.Icon{\"src\":{\"regex\":{\"source\":\"overflow\"}}}"}]}
RESULT: undefined
COMMAND: POST /session/5780a996aa8c51000aed420822d33f83/element - {"using":"xpath","value":"//*[@id=\"__title36-_actionsToolbar-overflowButton-img\"]"}
RESULT: {"using":"xpath","value":"//*[@id=\"__title36-_actionsToolbar-overflowButton-img\"]"}
COMMAND: POST /session/5780a996aa8c51000aed420822d33f83/element/f.C12891CE133D59B6823BF6462A308BA2.d.2BF5394E348126E0D9AA360BF017A30B.e.3213/click - {}
RESULT: {}
COMMAND: POST /session/5780a996aa8c51000aed420822d33f83/execute/async - {"script":"<script> [1562 bytes]","args":[{"selector":{"controlType":"sap.m.Button","viewName":"etm.portal.ui.manageresources.view.Detail","viewId":"application-manageresources-display-component---detailRU","i18NText":{"propertyName":"tooltip","key":"closeColumn"},"searchOpenDialogs":true,"interaction":{"idSuffix":"inner"}},"wdio_ui5_key":"etmportal.ui.manageresources.view.Detailsap.m.Button{\"propertyName\":\"tooltip\",\"key\":\"closeColumn\"}"}]}
COMMAND: GET /session/5780a996aa8c51000aed420822d33f83/screenshot - {}
RESULT: {"script":"<script> [1562 bytes]","args":[{"selector":{"controlType":"sap.m.Button","viewName":"etm.portal.ui.manageresources.view.Detail","viewId":"application-manageresources-display-component---detailRU","i18NText":{"propertyName":"tooltip","key":"closeColumn"},"searchOpenDialogs":true,"interaction":{"idSuffix":"inner"}},"wdio_ui5_key":"etmportal.ui.manageresources.view.Detailsap.m.Button{\"propertyName\":\"tooltip\",\"key\":\"closeColumn\"}"}]}
RESULT: undefined
COMMAND: POST /session/5780a996aa8c51000aed420822d33f83/element - {"using":"xpath","value":"//*[@id=\"__button147\"]"}
RESULT: {}
RESULT: {"using":"xpath","value":"//*[@id=\"__button147\"]"}
COMMAND: POST /session/5780a996aa8c51000aed420822d33f83/element/f.C12891CE133D59B6823BF6462A308BA2.d.2BF5394E348126E0D9AA360BF017A30B.e.3217/click - {}
RESULT: {}
COMMAND: GET /session/5780a996aa8c51000aed420822d33f83/screenshot - {}
RESULT: {}
COMMAND: POST /session/5780a996aa8c51000aed420822d33f83/refresh - {}
RESULT: {}
COMMAND: GET /session/5780a996aa8c51000aed420822d33f83/screenshot - {}
RESULT: {}
COMMAND: POST /session/5780a996aa8c51000aed420822d33f83/execute/async - {"script":"<script> [189 bytes]","args":[]}
RESULT: {"script":"<script> [189 bytes]","args":[]}
COMMAND: POST /session/5780a996aa8c51000aed420822d33f83/execute/async - {"script":"<script> [123 bytes]","args":[]}
RESULT: {"script":"<script> [123 bytes]","args":[]}
COMMAND: POST /session/5780a996aa8c51000aed420822d33f83/timeouts - {"script":"<number>"}
RESULT: {"script":"<number>"}
COMMAND: GET /session/5780a996aa8c51000aed420822d33f83/timeouts - {}
RESULT: {}
RESULT: undefined
COMMAND: POST /session/5780a996aa8c51000aed420822d33f83/execute/async - {"script":"<script> [2676 bytes]","args":[]}
RESULT: {"script":"<script> [2676 bytes]","args":[]}
COMMAND: POST /session/5780a996aa8c51000aed420822d33f83/execute/async - {"script":"<script> [2342 bytes]","args":[{"protocol":"http","hostname":"0.0.0.0","path":"/","capabilities":{"browserName":"chrome","goog:chromeOptions":{"binary":"C:\\Program Files\\Google\\Chrome\\Application\\chrome.exe","args":["--start-maximized"]}},"logLevel":"warn","connectionRetryTimeout":120000,"connectionRetryCount":3,"logLevels":{},"enableDirectConnect":true,"strictSSL":true,"_":"65 more keys: [\"cacheDir\",\"port\",\"requestedCapabilities\",\"automationProtocol\",\"baseUrl\",\"waitforInterval\",\"waitforTimeout\",\"onReload\",\"beforeCommand\",\"afterCommand\",\"rootDir\",\"specs\",\"suites\",\"exclude\",\"groupLogsByTestSpec\",\"excludeDriverLogs\",\"bail\",\"framework\",\"reporters\",\"services\",\"maxInstances\",\"maxInstancesPerCapability\",\"injectGlobals\",\"filesToWatch\",\"execArgv\",\"runnerEnv\",\"runner\",\"shard\",\"specFileRetries\",\"specFileRetriesDelay\",\"specFileRetriesDeferred\",\"reporterSyncInterval\",\"reporterSyncTimeout\",\"cucumberFeaturesWithLineNumbers\",\"autoCompileOpts\",\"mochaOpts\",\"jasmineOpts\",\"cucumberOpts\",\"onPrepare\",\"onWorkerStart\",\"onWorkerEnd\",\"before\",\"beforeSession\",\"beforeSuite\",\"beforeHook\",\"beforeTest\",\"afterTest\",\"afterHook\",\"afterSuite\",\"afterSession\",\"after\",\"onComplete\",\"beforeAssertion\",\"afterAssertion\",\"beforeFeature\",\"beforeScenario\",\"beforeStep\",\"afterStep\",\"afterScenario\",\"afterFeature\",\"_\",\"suite\",\"$0\",\"ignoredWorkerServices\",\"wdi5\"]"}]}
RESULT: {"script":"<script> [2342 bytes]","args":[{"protocol":"http","hostname":"0.0.0.0","path":"/","capabilities":{"browserName":"chrome","goog:chromeOptions":{"binary":"C:\\Program Files\\Google\\Chrome\\Application\\chrome.exe","args":["--start-maximized"]}},"logLevel":"warn","connectionRetryTimeout":120000,"connectionRetryCount":3,"logLevels":{},"enableDirectConnect":true,"strictSSL":true,"_":"65 more keys: [\"cacheDir\",\"port\",\"requestedCapabilities\",\"automationProtocol\",\"baseUrl\",\"waitforInterval\",\"waitforTimeout\",\"onReload\",\"beforeCommand\",\"afterCommand\",\"rootDir\",\"specs\",\"suites\",\"exclude\",\"groupLogsByTestSpec\",\"excludeDriverLogs\",\"bail\",\"framework\",\"reporters\",\"services\",\"maxInstances\",\"maxInstancesPerCapability\",\"injectGlobals\",\"filesToWatch\",\"execArgv\",\"runnerEnv\",\"runner\",\"shard\",\"specFileRetries\",\"specFileRetriesDelay\",\"specFileRetriesDeferred\",\"reporterSyncInterval\",\"reporterSyncTimeout\",\"cucumberFeaturesWithLineNumbers\",\"autoCompileOpts\",\"mochaOpts\",\"jasmineOpts\",\"cucumberOpts\",\"onPrepare\",\"onWorkerStart\",\"onWorkerEnd\",\"before\",\"beforeSession\",\"beforeSuite\",\"beforeHook\",\"beforeTest\",\"afterTest\",\"afterHook\",\"afterSuite\",\"afterSession\",\"after\",\"onComplete\",\"beforeAssertion\",\"afterAssertion\",\"beforeFeature\",\"beforeScenario\",\"beforeStep\",\"afterStep\",\"afterScenario\",\"afterFeature\",\"_\",\"suite\",\"$0\",\"ignoredWorkerServices\",\"wdi5\"]"}]}
COMMAND: POST /session/5780a996aa8c51000aed420822d33f83/execute/async - {"script":"<script> [21126 bytes]","args":[35000]}
RESULT: {"script":"<script> [21126 bytes]","args":[35000]}
COMMAND: POST /session/5780a996aa8c51000aed420822d33f83/element - {"using":"css selector","value":"#shell-header-logo"}
RESULT: {"using":"css selector","value":"#shell-header-logo"}
COMMAND: POST /session/5780a996aa8c51000aed420822d33f83/element/f.C12891CE133D59B6823BF6462A308BA2.d.31B41651844F12A36E259FAB28986558.e.3381/click - {}
RESULT: {}
COMMAND: GET /session/5780a996aa8c51000aed420822d33f83/screenshot - {}
RESULT: {}
COMMAND: POST /session/5780a996aa8c51000aed420822d33f83/execute/async - {"script":"<script> [1562 bytes]","args":[{"selector":{"controlType":"sap.m.GenericTile","properties":{"header":"Manage Resources"}},"wdio_ui5_key":"sapm.GenericTile{\"header\":\"Manage Resources\"}"}]}
RESULT: {"script":"<script> [1562 bytes]","args":[{"selector":{"controlType":"sap.m.GenericTile","properties":{"header":"Manage Resources"}},"wdio_ui5_key":"sapm.GenericTile{\"header\":\"Manage Resources\"}"}]}
RESULT: undefined
COMMAND: POST /session/5780a996aa8c51000aed420822d33f83/element - {"using":"xpath","value":"//*[@id=\"__tile39\"]"}
RESULT: {"using":"xpath","value":"//*[@id=\"__tile39\"]"}
COMMAND: POST /session/5780a996aa8c51000aed420822d33f83/element/f.C12891CE133D59B6823BF6462A308BA2.d.31B41651844F12A36E259FAB28986558.e.3565/click - {}
RESULT: {}
COMMAND: GET /session/5780a996aa8c51000aed420822d33f83/screenshot - {}
COMMAND: POST /session/5780a996aa8c51000aed420822d33f83/element - {"using":"xpath","value":"//button[@data-kt=\"addNewRUOverflowToolbarButton\"]"}
RESULT: {}
RESULT: {"using":"xpath","value":"//button[@data-kt=\"addNewRUOverflowToolbarButton\"]"}
COMMAND: POST /session/5780a996aa8c51000aed420822d33f83/execute/sync - {"script":"<script> [8489 bytes]","args":[{"element-6066-11e4-a52e-4f735466cecf":"f.C12891CE133D59B6823BF6462A308BA2.d.31B41651844F12A36E259FAB28986558.e.3635","ELEMENT":"f.C12891CE133D59B6823BF6462A308BA2.d.31B41651844F12A36E259FAB28986558.e.3635"}]}
RESULT: {"script":"<script> [8489 bytes]","args":[{"element-6066-11e4-a52e-4f735466cecf":"f.C12891CE133D59B6823BF6462A308BA2.d.31B41651844F12A36E259FAB28986558.e.3635","ELEMENT":"f.C12891CE133D59B6823BF6462A308BA2.d.31B41651844F12A36E259FAB28986558.e.3635"}]}
COMMAND: POST /session/5780a996aa8c51000aed420822d33f83/element/f.C12891CE133D59B6823BF6462A308BA2.d.31B41651844F12A36E259FAB28986558.e.3635/click - {}
COMMAND: GET /session/5780a996aa8c51000aed420822d33f83/screenshot - {}
RESULT: {}
COMMAND: GET /session/5780a996aa8c51000aed420822d33f83/screenshot - {}
RESULT: {}
RESULT: {}
COMMAND: POST /session/5780a996aa8c51000aed420822d33f83/execute/async - {"script":"<script> [1562 bytes]","args":[{"selector":{"id":"application-manageresources-display-component---newResourceUnit--TYPE-arrow"},"wdio_ui5_key":"applicationmanageresources-display-component---newResourceUnit--TYPE-arrow"}]}
RESULT: {"script":"<script> [1562 bytes]","args":[{"selector":{"id":"application-manageresources-display-component---newResourceUnit--TYPE-arrow"},"wdio_ui5_key":"applicationmanageresources-display-component---newResourceUnit--TYPE-arrow"}]}
RESULT: undefined
COMMAND: POST /session/5780a996aa8c51000aed420822d33f83/element - {"using":"xpath","value":"//*[@id=\"application-manageresources-display-component---newResourceUnit--TYPE-arrow\"]"}
RESULT: {"using":"xpath","value":"//*[@id=\"application-manageresources-display-component---newResourceUnit--TYPE-arrow\"]"}
COMMAND: POST /session/5780a996aa8c51000aed420822d33f83/element/f.C12891CE133D59B6823BF6462A308BA2.d.31B41651844F12A36E259FAB28986558.e.3781/click - {}
RESULT: {}
COMMAND: POST /session/5780a996aa8c51000aed420822d33f83/execute/async - {"script":"<script> [1562 bytes]","args":[{"selector":{"controlType":"sap.m.StandardListItem","viewName":"reusables.view.manageresources.NewResourceUnit","viewId":"application-manageresources-display-component---newResourceUnit","properties":{"title":"Equipment"},"searchOpenDialogs":true,"interaction":{"idSuffix":"content"}},"wdio_ui5_key":"reusablesview.manageresources.NewResourceUnitsap.m.StandardListItem{\"title\":\"Equipment\"}"}]}
COMMAND: GET /session/5780a996aa8c51000aed420822d33f83/screenshot - {}
RESULT: {"script":"<script> [1562 bytes]","args":[{"selector":{"controlType":"sap.m.StandardListItem","viewName":"reusables.view.manageresources.NewResourceUnit","viewId":"application-manageresources-display-component---newResourceUnit","properties":{"title":"Equipment"},"searchOpenDialogs":true,"interaction":{"idSuffix":"content"}},"wdio_ui5_key":"reusablesview.manageresources.NewResourceUnitsap.m.StandardListItem{\"title\":\"Equipment\"}"}]}
RESULT: undefined
COMMAND: POST /session/5780a996aa8c51000aed420822d33f83/element - {"using":"xpath","value":"//*[@id=\"__item181\"]"}
RESULT: {}
RESULT: {"using":"xpath","value":"//*[@id=\"__item181\"]"}
COMMAND: POST /session/5780a996aa8c51000aed420822d33f83/element/f.C12891CE133D59B6823BF6462A308BA2.d.31B41651844F12A36E259FAB28986558.e.3784/click - {}
RESULT: {}
COMMAND: POST /session/5780a996aa8c51000aed420822d33f83/execute/async - {"script":"<script> [1562 bytes]","args":[{"selector":{"id":"application-manageresources-display-component---newResourceUnit--resourceId","interaction":{"idSuffix":"inner"}},"wdio_ui5_key":"applicationmanageresources-display-component---newResourceUnit--resourceId"}]}
COMMAND: GET /session/5780a996aa8c51000aed420822d33f83/screenshot - {}
RESULT: {"script":"<script> [1562 bytes]","args":[{"selector":{"id":"application-manageresources-display-component---newResourceUnit--resourceId","interaction":{"idSuffix":"inner"}},"wdio_ui5_key":"applicationmanageresources-display-component---newResourceUnit--resourceId"}]}
RESULT: undefined
COMMAND: POST /session/5780a996aa8c51000aed420822d33f83/execute/async - {"script":"<script> [776 bytes]","args":[{"enterText":"WdIOR2cEquippz8ts","selector":{"id":"application-manageresources-display-component---newResourceUnit--resourceId","interaction":{"idSuffix":"inner"}},"clearTextFirst":true,"interactionType":"ENTER_TEXT"}]}
RESULT: {}
RESULT: {"script":"<script> [776 bytes]","args":[{"enterText":"WdIOR2cEquippz8ts","selector":{"id":"application-manageresources-display-component---newResourceUnit--resourceId","interaction":{"idSuffix":"inner"}},"clearTextFirst":true,"interactionType":"ENTER_TEXT"}]}
COMMAND: POST /session/5780a996aa8c51000aed420822d33f83/execute/async - {"script":"<script> [1562 bytes]","args":[{"selector":{"id":"application-manageresources-display-component---newResourceUnit--SHORT_TEXT","interaction":{"idSuffix":"inner"}},"wdio_ui5_key":"applicationmanageresources-display-component---newResourceUnit--SHORT_TEXT"}]}
RESULT: {"script":"<script> [1562 bytes]","args":[{"selector":{"id":"application-manageresources-display-component---newResourceUnit--SHORT_TEXT","interaction":{"idSuffix":"inner"}},"wdio_ui5_key":"applicationmanageresources-display-component---newResourceUnit--SHORT_TEXT"}]}
RESULT: undefined
COMMAND: POST /session/5780a996aa8c51000aed420822d33f83/execute/async - {"script":"<script> [776 bytes]","args":[{"enterText":"WdIOR2cEquippz8ts","selector":{"id":"application-manageresources-display-component---newResourceUnit--SHORT_TEXT","interaction":{"idSuffix":"inner"}},"clearTextFirst":true,"interactionType":"ENTER_TEXT"}]}
RESULT: {"script":"<script> [776 bytes]","args":[{"enterText":"WdIOR2cEquippz8ts","selector":{"id":"application-manageresources-display-component---newResourceUnit--SHORT_TEXT","interaction":{"idSuffix":"inner"}},"clearTextFirst":true,"interactionType":"ENTER_TEXT"}]}
COMMAND: POST /session/5780a996aa8c51000aed420822d33f83/execute/async - {"script":"<script> [1562 bytes]","args":[{"selector":{"id":"application-manageresources-display-component---newResourceUnit--BASE_UNIT_OF_MEASURE","interaction":{"idSuffix":"inner"}},"wdio_ui5_key":"applicationmanageresources-display-component---newResourceUnit--BASE_UNIT_OF_MEASURE"}]}
RESULT: {"script":"<script> [1562 bytes]","args":[{"selector":{"id":"application-manageresources-display-component---newResourceUnit--BASE_UNIT_OF_MEASURE","interaction":{"idSuffix":"inner"}},"wdio_ui5_key":"applicationmanageresources-display-component---newResourceUnit--BASE_UNIT_OF_MEASURE"}]}
RESULT: undefined
COMMAND: POST /session/5780a996aa8c51000aed420822d33f83/execute/async - {"script":"<script> [776 bytes]","args":[{"enterText":"Piece","selector":{"id":"application-manageresources-display-component---newResourceUnit--BASE_UNIT_OF_MEASURE","interaction":{"idSuffix":"inner"}},"clearTextFirst":true,"interactionType":"ENTER_TEXT"}]}
RESULT: {"script":"<script> [776 bytes]","args":[{"enterText":"Piece","selector":{"id":"application-manageresources-display-component---newResourceUnit--BASE_UNIT_OF_MEASURE","interaction":{"idSuffix":"inner"}},"clearTextFirst":true,"interactionType":"ENTER_TEXT"}]}
COMMAND: POST /session/5780a996aa8c51000aed420822d33f83/execute/async - {"script":"<script> [1562 bytes]","args":[{"selector":{"id":"application-manageresources-display-component---newResourceUnit--WEIGHT_UNIT","interaction":{"idSuffix":"inner"}},"wdio_ui5_key":"applicationmanageresources-display-component---newResourceUnit--WEIGHT_UNIT"}]}
RESULT: {"script":"<script> [1562 bytes]","args":[{"selector":{"id":"application-manageresources-display-component---newResourceUnit--WEIGHT_UNIT","interaction":{"idSuffix":"inner"}},"wdio_ui5_key":"applicationmanageresources-display-component---newResourceUnit--WEIGHT_UNIT"}]}
RESULT: undefined
COMMAND: POST /session/5780a996aa8c51000aed420822d33f83/execute/async - {"script":"<script> [776 bytes]","args":[{"enterText":"Gram","selector":{"id":"application-manageresources-display-component---newResourceUnit--WEIGHT_UNIT","interaction":{"idSuffix":"inner"}},"clearTextFirst":true,"interactionType":"ENTER_TEXT"}]}
RESULT: {"script":"<script> [776 bytes]","args":[{"enterText":"Gram","selector":{"id":"application-manageresources-display-component---newResourceUnit--WEIGHT_UNIT","interaction":{"idSuffix":"inner"}},"clearTextFirst":true,"interactionType":"ENTER_TEXT"}]}
COMMAND: POST /session/5780a996aa8c51000aed420822d33f83/execute/async - {"script":"<script> [1562 bytes]","args":[{"selector":{"id":"application-manageresources-display-component---newResourceUnit--newRRUPage-OPHeaderContent-collapseBtn-img"},"wdio_ui5_key":"applicationmanageresources-display-component---newResourceUnit--newRRUPage-OPHeaderContent-collapseBtn-img"}]}
RESULT: {"script":"<script> [1562 bytes]","args":[{"selector":{"id":"application-manageresources-display-component---newResourceUnit--newRRUPage-OPHeaderContent-collapseBtn-img"},"wdio_ui5_key":"applicationmanageresources-display-component---newResourceUnit--newRRUPage-OPHeaderContent-collapseBtn-img"}]}
RESULT: undefined
COMMAND: POST /session/5780a996aa8c51000aed420822d33f83/element - {"using":"xpath","value":"//*[@id=\"application-manageresources-display-component---newResourceUnit--newRRUPage-OPHeaderContent-collapseBtn-img\"]"}
RESULT: {"using":"xpath","value":"//*[@id=\"application-manageresources-display-component---newResourceUnit--newRRUPage-OPHeaderContent-collapseBtn-img\"]"}
COMMAND: POST /session/5780a996aa8c51000aed420822d33f83/element/f.C12891CE133D59B6823BF6462A308BA2.d.31B41651844F12A36E259FAB28986558.e.3792/click - {}
RESULT: {}
COMMAND: GET /session/5780a996aa8c51000aed420822d33f83/screenshot - {}
RESULT: {}
COMMAND: POST /session/5780a996aa8c51000aed420822d33f83/element - {"using":"xpath","value":"(//span[contains(@id ,\"application-manageresources-display-component---newResourceUnit--DIMENSION_UNIT-arrow\")])[1]"}
RESULT: {"using":"xpath","value":"(//span[contains(@id ,\"application-manageresources-display-component---newResourceUnit--DIMENSION_UNIT-arrow\")])[1]"}
COMMAND: POST /session/5780a996aa8c51000aed420822d33f83/element/f.C12891CE133D59B6823BF6462A308BA2.d.31B41651844F12A36E259FAB28986558.e.3917/click - {}
RESULT: {}
COMMAND: GET /session/5780a996aa8c51000aed420822d33f83/screenshot - {}
RESULT: {}
COMMAND: POST /session/5780a996aa8c51000aed420822d33f83/execute/async - {"script":"<script> [1562 bytes]","args":[{"selector":{"controlType":"sap.m.StandardListItem","viewName":"reusables.view.manageresources.NewResourceUnit","viewId":"application-manageresources-display-component---newResourceUnit","properties":{"title":"Centimeter"},"searchOpenDialogs":true,"interaction":{"idSuffix":"titleText"}},"wdio_ui5_key":"reusablesview.manageresources.NewResourceUnitsap.m.StandardListItem{\"title\":\"Centimeter\"}"}]}
RESULT: {"script":"<script> [1562 bytes]","args":[{"selector":{"controlType":"sap.m.StandardListItem","viewName":"reusables.view.manageresources.NewResourceUnit","viewId":"application-manageresources-display-component---newResourceUnit","properties":{"title":"Centimeter"},"searchOpenDialogs":true,"interaction":{"idSuffix":"titleText"}},"wdio_ui5_key":"reusablesview.manageresources.NewResourceUnitsap.m.StandardListItem{\"title\":\"Centimeter\"}"}]}
RESULT: undefined
COMMAND: POST /session/5780a996aa8c51000aed420822d33f83/element - {"using":"xpath","value":"//*[@id=\"__item224\"]"}
RESULT: {"using":"xpath","value":"//*[@id=\"__item224\"]"}
COMMAND: POST /session/5780a996aa8c51000aed420822d33f83/element/f.C12891CE133D59B6823BF6462A308BA2.d.31B41651844F12A36E259FAB28986558.e.3919/click - {}
RESULT: {}
COMMAND: GET /session/5780a996aa8c51000aed420822d33f83/screenshot - {}
RESULT: {}
COMMAND: POST /session/5780a996aa8c51000aed420822d33f83/execute/async - {"script":"<script> [1562 bytes]","args":[{"selector":{"id":"application-manageresources-display-component---newResourceUnit--newRRUPage-anchBar-application-manageresources-display-component---newResourceUnit--control-anchor","interaction":{"idSuffix":"BDI-content"}},"wdio_ui5_key":"applicationmanageresources-display-component---newResourceUnit--newRRUPage-anchBar-application-manageresources-display-component---newResourceUnit--control-anchor"}]}
RESULT: {"script":"<script> [1562 bytes]","args":[{"selector":{"id":"application-manageresources-display-component---newResourceUnit--newRRUPage-anchBar-application-manageresources-display-component---newResourceUnit--control-anchor","interaction":{"idSuffix":"BDI-content"}},"wdio_ui5_key":"applicationmanageresources-display-component---newResourceUnit--newRRUPage-anchBar-application-manageresources-display-component---newResourceUnit--control-anchor"}]}
RESULT: undefined
COMMAND: POST /session/5780a996aa8c51000aed420822d33f83/element - {"using":"xpath","value":"//*[@id=\"application-manageresources-display-component---newResourceUnit--newRRUPage-anchBar-application-manageresources-display-component---newResourceUnit--control-anchor\"]"}
RESULT: {"using":"xpath","value":"//*[@id=\"application-manageresources-display-component---newResourceUnit--newRRUPage-anchBar-application-manageresources-display-component---newResourceUnit--control-anchor\"]"}
COMMAND: POST /session/5780a996aa8c51000aed420822d33f83/element/f.C12891CE133D59B6823BF6462A308BA2.d.31B41651844F12A36E259FAB28986558.e.3921/click - {}
RESULT: {}
COMMAND: POST /session/5780a996aa8c51000aed420822d33f83/execute/async - {"script":"<script> [1562 bytes]","args":[{"selector":{"id":"application-manageresources-display-component---newResourceUnit--PLANNING_GROUP","interaction":{"idSuffix":"inner"}},"wdio_ui5_key":"applicationmanageresources-display-component---newResourceUnit--PLANNING_GROUP"}]}
COMMAND: GET /session/5780a996aa8c51000aed420822d33f83/screenshot - {}
RESULT: {"script":"<script> [1562 bytes]","args":[{"selector":{"id":"application-manageresources-display-component---newResourceUnit--PLANNING_GROUP","interaction":{"idSuffix":"inner"}},"wdio_ui5_key":"applicationmanageresources-display-component---newResourceUnit--PLANNING_GROUP"}]}
RESULT: undefined
COMMAND: POST /session/5780a996aa8c51000aed420822d33f83/execute/async - {"script":"<script> [776 bytes]","args":[{"enterText":"Heavy Equi","selector":{"id":"application-manageresources-display-component---newResourceUnit--PLANNING_GROUP","interaction":{"idSuffix":"inner"}},"clearTextFirst":true,"interactionType":"ENTER_TEXT"}]}
RESULT: {}
RESULT: {"script":"<script> [776 bytes]","args":[{"enterText":"Heavy Equi","selector":{"id":"application-manageresources-display-component---newResourceUnit--PLANNING_GROUP","interaction":{"idSuffix":"inner"}},"clearTextFirst":true,"interactionType":"ENTER_TEXT"}]}
COMMAND: POST /session/5780a996aa8c51000aed420822d33f83/execute/async - {"script":"<script> [1562 bytes]","args":[{"selector":{"id":"application-manageresources-display-component---newResourceUnit--ITEM_TYPE-arrow"},"wdio_ui5_key":"applicationmanageresources-display-component---newResourceUnit--ITEM_TYPE-arrow"}]}
RESULT: {"script":"<script> [1562 bytes]","args":[{"selector":{"id":"application-manageresources-display-component---newResourceUnit--ITEM_TYPE-arrow"},"wdio_ui5_key":"applicationmanageresources-display-component---newResourceUnit--ITEM_TYPE-arrow"}]}
RESULT: undefined
COMMAND: POST /session/5780a996aa8c51000aed420822d33f83/element - {"using":"xpath","value":"//*[@id=\"application-manageresources-display-component---newResourceUnit--ITEM_TYPE-arrow\"]"}
RESULT: {"using":"xpath","value":"//*[@id=\"application-manageresources-display-component---newResourceUnit--ITEM_TYPE-arrow\"]"}
COMMAND: POST /session/5780a996aa8c51000aed420822d33f83/element/f.C12891CE133D59B6823BF6462A308BA2.d.31B41651844F12A36E259FAB28986558.e.3926/click - {}
RESULT: {}
COMMAND: POST /session/5780a996aa8c51000aed420822d33f83/execute/async - {"script":"<script> [1562 bytes]","args":[{"selector":{"controlType":"sap.m.StandardListItem","viewName":"reusables.view.manageresources.NewResourceUnit","viewId":"application-manageresources-display-component---newResourceUnit","properties":{"title":"Resource Unit"},"searchOpenDialogs":true,"interaction":{"idSuffix":"titleText"}},"wdio_ui5_key":"reusablesview.manageresources.NewResourceUnitsap.m.StandardListItem{\"title\":\"Resource Unit\"}"}]}
COMMAND: GET /session/5780a996aa8c51000aed420822d33f83/screenshot - {}
RESULT: {"script":"<script> [1562 bytes]","args":[{"selector":{"controlType":"sap.m.StandardListItem","viewName":"reusables.view.manageresources.NewResourceUnit","viewId":"application-manageresources-display-component---newResourceUnit","properties":{"title":"Resource Unit"},"searchOpenDialogs":true,"interaction":{"idSuffix":"titleText"}},"wdio_ui5_key":"reusablesview.manageresources.NewResourceUnitsap.m.StandardListItem{\"title\":\"Resource Unit\"}"}]}
RESULT: undefined
COMMAND: POST /session/5780a996aa8c51000aed420822d33f83/element - {"using":"xpath","value":"//*[@id=\"__item246\"]"}
RESULT: {}
RESULT: {"using":"xpath","value":"//*[@id=\"__item246\"]"}
COMMAND: POST /session/5780a996aa8c51000aed420822d33f83/element/f.C12891CE133D59B6823BF6462A308BA2.d.31B41651844F12A36E259FAB28986558.e.3928/click - {}
RESULT: {}
COMMAND: POST /session/5780a996aa8c51000aed420822d33f83/element - {"using":"xpath","value":"//bdi[contains(text(), \"Time Segment\")]"}
COMMAND: GET /session/5780a996aa8c51000aed420822d33f83/screenshot - {}
RESULT: {"using":"xpath","value":"//bdi[contains(text(), \"Time Segment\")]"}
COMMAND: GET /session/5780a996aa8c51000aed420822d33f83/element/f.C12891CE133D59B6823BF6462A308BA2.d.31B41651844F12A36E259FAB28986558.e.3929/rect - {}
RESULT: {}
RESULT: {}
COMMAND: GET /session/5780a996aa8c51000aed420822d33f83/window/rect - {}
RESULT: {}
COMMAND: POST /session/5780a996aa8c51000aed420822d33f83/execute/sync - {"script":"<script> [92 bytes]","args":[]}
RESULT: {"script":"<script> [92 bytes]","args":[]}
COMMAND: POST /session/5780a996aa8c51000aed420822d33f83/actions - {"actions":[{"id":"action7","type":"wheel","parameters":{},"actions":[{"type":"scroll","x":-1820,"y":-21,"deltaX":0,"deltaY":0,"duration":0,"origin":{"element-6066-11e4-a52e-4f735466cecf":"f.C12891CE133D59B6823BF6462A308BA2.d.31B41651844F12A36E259FAB28986558.e.3929"}}]}]}
COMMAND: GET /session/5780a996aa8c51000aed420822d33f83/screenshot - {}
RESULT: {}
COMMAND: POST /session/5780a996aa8c51000aed420822d33f83/execute/sync - {"script":"<script> [79 bytes]","args":[{"element-6066-11e4-a52e-4f735466cecf":"f.C12891CE133D59B6823BF6462A308BA2.d.31B41651844F12A36E259FAB28986558.e.3929","ELEMENT":"f.C12891CE133D59B6823BF6462A308BA2.d.31B41651844F12A36E259FAB28986558.e.3929"},{"block":"start","inline":"nearest"}]}
RESULT: {"script":"<script> [79 bytes]","args":[{"element-6066-11e4-a52e-4f735466cecf":"f.C12891CE133D59B6823BF6462A308BA2.d.31B41651844F12A36E259FAB28986558.e.3929","ELEMENT":"f.C12891CE133D59B6823BF6462A308BA2.d.31B41651844F12A36E259FAB28986558.e.3929"},{"block":"start","inline":"nearest"}]}
COMMAND: POST /session/5780a996aa8c51000aed420822d33f83/execute/async - {"script":"<script> [1562 bytes]","args":[{"selector":{"id":"application-manageresources-display-component---newResourceUnit--btnAddTimeSegment-img"},"wdio_ui5_key":"applicationmanageresources-display-component---newResourceUnit--btnAddTimeSegment-img"}]}
COMMAND: GET /session/5780a996aa8c51000aed420822d33f83/screenshot - {}
RESULT: {"script":"<script> [1562 bytes]","args":[{"selector":{"id":"application-manageresources-display-component---newResourceUnit--btnAddTimeSegment-img"},"wdio_ui5_key":"applicationmanageresources-display-component---newResourceUnit--btnAddTimeSegment-img"}]}
RESULT: undefined
COMMAND: POST /session/5780a996aa8c51000aed420822d33f83/element - {"using":"xpath","value":"//*[@id=\"application-manageresources-display-component---newResourceUnit--btnAddTimeSegment-img\"]"}
RESULT: {}
RESULT: {"using":"xpath","value":"//*[@id=\"application-manageresources-display-component---newResourceUnit--btnAddTimeSegment-img\"]"}
COMMAND: POST /session/5780a996aa8c51000aed420822d33f83/element/f.C12891CE133D59B6823BF6462A308BA2.d.31B41651844F12A36E259FAB28986558.e.3930/click - {}
RESULT: {}
COMMAND: GET /session/5780a996aa8c51000aed420822d33f83/screenshot - {}
RESULT: {}
COMMAND: POST /session/5780a996aa8c51000aed420822d33f83/element - {"using":"xpath","value":"//input[@id=\"application-manageresources-display-component---newResourceUnit--idRuTSAdmin-application-manageresources-display-component---newResourceUnit--RUTimeSegment-0-inner\"]"}
RESULT: {"using":"xpath","value":"//input[@id=\"application-manageresources-display-component---newResourceUnit--idRuTSAdmin-application-manageresources-display-component---newResourceUnit--RUTimeSegment-0-inner\"]"}
COMMAND: POST /session/5780a996aa8c51000aed420822d33f83/element/f.C12891CE133D59B6823BF6462A308BA2.d.31B41651844F12A36E259FAB28986558.e.3936/clear - {}
RESULT: {}
COMMAND: POST /session/5780a996aa8c51000aed420822d33f83/element/f.C12891CE133D59B6823BF6462A308BA2.d.31B41651844F12A36E259FAB28986558.e.3936/value - {"text":"WebdriverYard1hgd5"}
COMMAND: GET /session/5780a996aa8c51000aed420822d33f83/screenshot - {}
RESULT: {"text":"WebdriverYard1hgd5"}
COMMAND: GET /session/5780a996aa8c51000aed420822d33f83/screenshot - {}
RESULT: {}
RESULT: {}
COMMAND: POST /session/5780a996aa8c51000aed420822d33f83/actions - {"actions":[{"id":"action8","type":"key","parameters":{},"actions":[{"type":"keyDown","value":"î€‡"},{"type":"pause","duration":10},{"type":"keyUp","value":"î€‡"}]}]}
RESULT: {"actions":[{"id":"action8","type":"key","parameters":{},"actions":[{"type":"keyDown","value":"î€‡"},{"type":"pause","duration":10},{"type":"keyUp","value":"î€‡"}]}]}
COMMAND: POST /session/5780a996aa8c51000aed420822d33f83/execute/async - {"script":"<script> [1562 bytes]","args":[{"selector":{"controlType":"sap.ui.core.Icon","viewName":"reusables.view.manageresources.NewResourceUnit","viewId":"application-manageresources-display-component---newResourceUnit","properties":{"src":{"regex":{"source":"slim\\-arrow\\-down"}}},"ancestor":{"controlType":"sap.m.ComboBox","viewName":"reusables.view.manageresources.NewResourceUnit","viewId":"application-manageresources-display-component---newResourceUnit","bindingPath":{"path":"/RESOURCE_UNIT_TIME_SEQUENCES/0","propertyPath":"COST_OBJECT_ADMIN_CST_TYPE","modelName":"oNewRruModel"}}},"wdio_ui5_key":"reusablesview.manageresources.NewResourceUnitsap.ui.core.Icon{\"src\":{\"regex\":{\"source\":\"slim\\\\-arrow\\\\-down\"}}}{\"controlType\":\"sap.m.ComboBox\",\"viewName\":\"reusables.view.manageresources.NewResourceUnit\",\"viewId\":\"application-manageresources-display-component---newResourceUnit\",\"bindingPath\":{\"path\":\"/RESOURCE_UNIT_TIME_SEQUENCES/0\",\"propertyPath\":\"COST_OBJECT_ADMIN_CST_TYPE\",\"modelName\":\"oNewRruModel\"}}"}]}
COMMAND: GET /session/5780a996aa8c51000aed420822d33f83/screenshot - {}
RESULT: {"script":"<script> [1562 bytes]","args":[{"selector":{"controlType":"sap.ui.core.Icon","viewName":"reusables.view.manageresources.NewResourceUnit","viewId":"application-manageresources-display-component---newResourceUnit","properties":{"src":{"regex":{"source":"slim\\-arrow\\-down"}}},"ancestor":{"controlType":"sap.m.ComboBox","viewName":"reusables.view.manageresources.NewResourceUnit","viewId":"application-manageresources-display-component---newResourceUnit","bindingPath":{"path":"/RESOURCE_UNIT_TIME_SEQUENCES/0","propertyPath":"COST_OBJECT_ADMIN_CST_TYPE","modelName":"oNewRruModel"}}},"wdio_ui5_key":"reusablesview.manageresources.NewResourceUnitsap.ui.core.Icon{\"src\":{\"regex\":{\"source\":\"slim\\\\-arrow\\\\-down\"}}}{\"controlType\":\"sap.m.ComboBox\",\"viewName\":\"reusables.view.manageresources.NewResourceUnit\",\"viewId\":\"application-manageresources-display-component---newResourceUnit\",\"bindingPath\":{\"path\":\"/RESOURCE_UNIT_TIME_SEQUENCES/0\",\"propertyPath\":\"COST_OBJECT_ADMIN_CST_TYPE\",\"modelName\":\"oNewRruModel\"}}"}]}
RESULT: undefined
COMMAND: POST /session/5780a996aa8c51000aed420822d33f83/element - {"using":"xpath","value":"//*[@id=\"__box7-application-manageresources-display-component---newResourceUnit--RUTimeSegment-0-arrow\"]"}
RESULT: {}
RESULT: {"using":"xpath","value":"//*[@id=\"__box7-application-manageresources-display-component---newResourceUnit--RUTimeSegment-0-arrow\"]"}
COMMAND: POST /session/5780a996aa8c51000aed420822d33f83/element/f.C12891CE133D59B6823BF6462A308BA2.d.31B41651844F12A36E259FAB28986558.e.3948/click - {}
RESULT: {}
COMMAND: POST /session/5780a996aa8c51000aed420822d33f83/execute/async - {"script":"<script> [1562 bytes]","args":[{"selector":{"controlType":"sap.m.StandardListItem","viewName":"reusables.view.manageresources.NewResourceUnit","viewId":"application-manageresources-display-component---newResourceUnit","properties":{"title":"PM Order"},"searchOpenDialogs":true,"interaction":{"idSuffix":"titleText"}},"wdio_ui5_key":"reusablesview.manageresources.NewResourceUnitsap.m.StandardListItem{\"title\":\"PM Order\"}"}]}
COMMAND: GET /session/5780a996aa8c51000aed420822d33f83/screenshot - {}
RESULT: {"script":"<script> [1562 bytes]","args":[{"selector":{"controlType":"sap.m.StandardListItem","viewName":"reusables.view.manageresources.NewResourceUnit","viewId":"application-manageresources-display-component---newResourceUnit","properties":{"title":"PM Order"},"searchOpenDialogs":true,"interaction":{"idSuffix":"titleText"}},"wdio_ui5_key":"reusablesview.manageresources.NewResourceUnitsap.m.StandardListItem{\"title\":\"PM Order\"}"}]}
RESULT: undefined
COMMAND: POST /session/5780a996aa8c51000aed420822d33f83/element - {"using":"xpath","value":"//*[@id=\"__item619\"]"}
RESULT: {}
RESULT: {"using":"xpath","value":"//*[@id=\"__item619\"]"}
COMMAND: POST /session/5780a996aa8c51000aed420822d33f83/element/f.C12891CE133D59B6823BF6462A308BA2.d.31B41651844F12A36E259FAB28986558.e.3952/click - {}
RESULT: {}
COMMAND: GET /session/5780a996aa8c51000aed420822d33f83/screenshot - {}
RESULT: {}
COMMAND: POST /session/5780a996aa8c51000aed420822d33f83/element - {"using":"xpath","value":"(//input[contains(@id ,\"-application-manageresources-display-component---newResourceUnit--RUTimeSegment-0-inner\")])[8]"}
RESULT: {"using":"xpath","value":"(//input[contains(@id ,\"-application-manageresources-display-component---newResourceUnit--RUTimeSegment-0-inner\")])[8]"}
COMMAND: POST /session/5780a996aa8c51000aed420822d33f83/element/f.C12891CE133D59B6823BF6462A308BA2.d.31B41651844F12A36E259FAB28986558.e.3955/clear - {}
RESULT: {}
COMMAND: POST /session/5780a996aa8c51000aed420822d33f83/element/f.C12891CE133D59B6823BF6462A308BA2.d.31B41651844F12A36E259FAB28986558.e.3955/value - {"text":"4000360"}
COMMAND: GET /session/5780a996aa8c51000aed420822d33f83/screenshot - {}
RESULT: {"text":"4000360"}
COMMAND: GET /session/5780a996aa8c51000aed420822d33f83/screenshot - {}
RESULT: {}
RESULT: {}
COMMAND: POST /session/5780a996aa8c51000aed420822d33f83/actions - {"actions":[{"id":"action9","type":"key","parameters":{},"actions":[{"type":"keyDown","value":"î€‡"},{"type":"pause","duration":10},{"type":"keyUp","value":"î€‡"}]}]}
RESULT: {"actions":[{"id":"action9","type":"key","parameters":{},"actions":[{"type":"keyDown","value":"î€‡"},{"type":"pause","duration":10},{"type":"keyUp","value":"î€‡"}]}]}
COMMAND: GET /session/5780a996aa8c51000aed420822d33f83/screenshot - {}
RESULT: {}
COMMAND: POST /session/5780a996aa8c51000aed420822d33f83/element - {"using":"xpath","value":"//input[contains(@id ,\"application-manageresources-display-component---newResourceUnit--newTimeSegmentFromDatePicker-application-manageresources-display-component---newResourceUnit--RUTimeSegment-0-inner\")]"}
RESULT: {"using":"xpath","value":"//input[contains(@id ,\"application-manageresources-display-component---newResourceUnit--newTimeSegmentFromDatePicker-application-manageresources-display-component---newResourceUnit--RUTimeSegment-0-inner\")]"}
COMMAND: POST /session/5780a996aa8c51000aed420822d33f83/element/f.C12891CE133D59B6823BF6462A308BA2.d.31B41651844F12A36E259FAB28986558.e.3943/clear - {}
RESULT: {}
COMMAND: POST /session/5780a996aa8c51000aed420822d33f83/element/f.C12891CE133D59B6823BF6462A308BA2.d.31B41651844F12A36E259FAB28986558.e.3943/clear - {}
COMMAND: GET /session/5780a996aa8c51000aed420822d33f83/screenshot - {}
RESULT: {}
COMMAND: POST /session/5780a996aa8c51000aed420822d33f83/element/f.C12891CE133D59B6823BF6462A308BA2.d.31B41651844F12A36E259FAB28986558.e.3943/value - {"text":"05/30/24"}
COMMAND: GET /session/5780a996aa8c51000aed420822d33f83/screenshot - {}
RESULT: {}
RESULT: {"text":"05/30/24"}
COMMAND: POST /session/5780a996aa8c51000aed420822d33f83/execute/async - {"script":"<script> [1562 bytes]","args":[{"selector":{"id":"application-manageresources-display-component---newResourceUnit--newRRUPage-anchBar-application-manageresources-display-component---newResourceUnit--resource-anchor","interaction":{"idSuffix":"BDI-content"}},"wdio_ui5_key":"applicationmanageresources-display-component---newResourceUnit--newRRUPage-anchBar-application-manageresources-display-component---newResourceUnit--resource-anchor"}]}
COMMAND: GET /session/5780a996aa8c51000aed420822d33f83/screenshot - {}
RESULT: {}
RESULT: {"script":"<script> [1562 bytes]","args":[{"selector":{"id":"application-manageresources-display-component---newResourceUnit--newRRUPage-anchBar-application-manageresources-display-component---newResourceUnit--resource-anchor","interaction":{"idSuffix":"BDI-content"}},"wdio_ui5_key":"applicationmanageresources-display-component---newResourceUnit--newRRUPage-anchBar-application-manageresources-display-component---newResourceUnit--resource-anchor"}]}
RESULT: undefined
COMMAND: POST /session/5780a996aa8c51000aed420822d33f83/element - {"using":"xpath","value":"//*[@id=\"application-manageresources-display-component---newResourceUnit--newRRUPage-anchBar-application-manageresources-display-component---newResourceUnit--resource-anchor\"]"}
RESULT: {}
RESULT: {"using":"xpath","value":"//*[@id=\"application-manageresources-display-component---newResourceUnit--newRRUPage-anchBar-application-manageresources-display-component---newResourceUnit--resource-anchor\"]"}
COMMAND: POST /session/5780a996aa8c51000aed420822d33f83/element/f.C12891CE133D59B6823BF6462A308BA2.d.31B41651844F12A36E259FAB28986558.e.3962/click - {}
RESULT: {}
COMMAND: POST /session/5780a996aa8c51000aed420822d33f83/execute/async - {"script":"<script> [1562 bytes]","args":[{"selector":{"id":"application-manageresources-display-component---newResourceUnit--PLANNED_DELIVERY_DATE","interaction":{"idSuffix":"inner"}},"wdio_ui5_key":"applicationmanageresources-display-component---newResourceUnit--PLANNED_DELIVERY_DATE"}]}
COMMAND: GET /session/5780a996aa8c51000aed420822d33f83/screenshot - {}
RESULT: {"script":"<script> [1562 bytes]","args":[{"selector":{"id":"application-manageresources-display-component---newResourceUnit--PLANNED_DELIVERY_DATE","interaction":{"idSuffix":"inner"}},"wdio_ui5_key":"applicationmanageresources-display-component---newResourceUnit--PLANNED_DELIVERY_DATE"}]}
RESULT: undefined
COMMAND: POST /session/5780a996aa8c51000aed420822d33f83/execute/async - {"script":"<script> [6424 bytes]","args":[{"element-6066-11e4-a52e-4f735466cecf":"f.C12891CE133D59B6823BF6462A308BA2.d.31B41651844F12A36E259FAB28986558.e.3837"},"setValue",["05/30/24"]]}
RESULT: {}
RESULT: {"script":"<script> [6424 bytes]","args":[{"element-6066-11e4-a52e-4f735466cecf":"f.C12891CE133D59B6823BF6462A308BA2.d.31B41651844F12A36E259FAB28986558.e.3837"},"setValue",["05/30/24"]]}
COMMAND: POST /session/5780a996aa8c51000aed420822d33f83/execute/async - {"script":"<script> [1562 bytes]","args":[{"selector":{"id":"application-manageresources-display-component---newResourceUnit--RETIRE_PLANNED_DATE","interaction":{"idSuffix":"inner"}},"wdio_ui5_key":"applicationmanageresources-display-component---newResourceUnit--RETIRE_PLANNED_DATE"}]}
RESULT: {"script":"<script> [1562 bytes]","args":[{"selector":{"id":"application-manageresources-display-component---newResourceUnit--RETIRE_PLANNED_DATE","interaction":{"idSuffix":"inner"}},"wdio_ui5_key":"applicationmanageresources-display-component---newResourceUnit--RETIRE_PLANNED_DATE"}]}
RESULT: undefined
COMMAND: POST /session/5780a996aa8c51000aed420822d33f83/execute/async - {"script":"<script> [776 bytes]","args":[{"enterText":"3/14/29","selector":{"id":"application-manageresources-display-component---newResourceUnit--RETIRE_PLANNED_DATE","interaction":{"idSuffix":"inner"}},"clearTextFirst":true,"interactionType":"ENTER_TEXT"}]}
RESULT: {"script":"<script> [776 bytes]","args":[{"enterText":"3/14/29","selector":{"id":"application-manageresources-display-component---newResourceUnit--RETIRE_PLANNED_DATE","interaction":{"idSuffix":"inner"}},"clearTextFirst":true,"interactionType":"ENTER_TEXT"}]}
COMMAND: POST /session/5780a996aa8c51000aed420822d33f83/execute/async - {"script":"<script> [1562 bytes]","args":[{"selector":{"controlType":"sap.m.Button","viewName":"reusables.view.manageresources.NewResourceUnit","viewId":"application-manageresources-display-component---newResourceUnit","i18NText":{"propertyName":"tooltip","key":"save"},"interaction":{"idSuffix":"BDI-content"}},"wdio_ui5_key":"reusablesview.manageresources.NewResourceUnitsap.m.Button{\"propertyName\":\"tooltip\",\"key\":\"save\"}"}]}
RESULT: {"script":"<script> [1562 bytes]","args":[{"selector":{"controlType":"sap.m.Button","viewName":"reusables.view.manageresources.NewResourceUnit","viewId":"application-manageresources-display-component---newResourceUnit","i18NText":{"propertyName":"tooltip","key":"save"},"interaction":{"idSuffix":"BDI-content"}},"wdio_ui5_key":"reusablesview.manageresources.NewResourceUnitsap.m.Button{\"propertyName\":\"tooltip\",\"key\":\"save\"}"}]}
RESULT: undefined
COMMAND: POST /session/5780a996aa8c51000aed420822d33f83/element - {"using":"xpath","value":"//*[@id=\"application-manageresources-display-component---newResourceUnit--createRuButton\"]"}
RESULT: {"using":"xpath","value":"//*[@id=\"application-manageresources-display-component---newResourceUnit--createRuButton\"]"}
COMMAND: POST /session/5780a996aa8c51000aed420822d33f83/element/f.C12891CE133D59B6823BF6462A308BA2.d.31B41651844F12A36E259FAB28986558.e.3798/click - {}
RESULT: {}
COMMAND: GET /session/5780a996aa8c51000aed420822d33f83/screenshot - {}
RESULT: {}
COMMAND: POST /session/5780a996aa8c51000aed420822d33f83/execute/async - {"script":"<script> [1562 bytes]","args":[{"selector":{"controlType":"sap.m.Button","properties":{"text":"Close"},"searchOpenDialogs":true,"interaction":{"idSuffix":"inner"}},"wdio_ui5_key":"sapm.Button{\"text\":\"Close\"}"}]}
RESULT: {"script":"<script> [1562 bytes]","args":[{"selector":{"controlType":"sap.m.Button","properties":{"text":"Close"},"searchOpenDialogs":true,"interaction":{"idSuffix":"inner"}},"wdio_ui5_key":"sapm.Button{\"text\":\"Close\"}"}]}
RESULT: undefined
COMMAND: POST /session/5780a996aa8c51000aed420822d33f83/element - {"using":"xpath","value":"//*[@id=\"__mbox-btn-0\"]"}
RESULT: {"using":"xpath","value":"//*[@id=\"__mbox-btn-0\"]"}
COMMAND: POST /session/5780a996aa8c51000aed420822d33f83/element/f.C12891CE133D59B6823BF6462A308BA2.d.31B41651844F12A36E259FAB28986558.e.3970/click - {}
RESULT: {}
COMMAND: GET /session/5780a996aa8c51000aed420822d33f83/screenshot - {}
RESULT: {}
COMMAND: POST /session/5780a996aa8c51000aed420822d33f83/execute/async - {"script":"<script> [1562 bytes]","args":[{"selector":{"controlType":"sap.m.Text","viewName":"etm.portal.ui.manageresources.view.Detail","viewId":"application-manageresources-display-component---detailRU","bindingPath":{"propertyPath":"ID","modelName":"catalogModel"}},"wdio_ui5_key":"etmportal.ui.manageresources.view.Detailsap.m.Text{\"propertyPath\":\"ID\",\"modelName\":\"catalogModel\"}"}]}
RESULT: {"script":"<script> [1562 bytes]","args":[{"selector":{"controlType":"sap.m.Text","viewName":"etm.portal.ui.manageresources.view.Detail","viewId":"application-manageresources-display-component---detailRU","bindingPath":{"propertyPath":"ID","modelName":"catalogModel"}},"wdio_ui5_key":"etmportal.ui.manageresources.view.Detailsap.m.Text{\"propertyPath\":\"ID\",\"modelName\":\"catalogModel\"}"}]}
RESULT: undefined
COMMAND: POST /session/5780a996aa8c51000aed420822d33f83/execute/async - {"script":"<script> [6424 bytes]","args":[{"element-6066-11e4-a52e-4f735466cecf":"f.C12891CE133D59B6823BF6462A308BA2.d.31B41651844F12A36E259FAB28986558.e.4005"},"getText",[]]}
RESULT: {"script":"<script> [6424 bytes]","args":[{"element-6066-11e4-a52e-4f735466cecf":"f.C12891CE133D59B6823BF6462A308BA2.d.31B41651844F12A36E259FAB28986558.e.4005"},"getText",[]]}
COMMAND: POST /session/5780a996aa8c51000aed420822d33f83/element - {"using":"css selector","value":"#shell-header-logo"}
RESULT: {"using":"css selector","value":"#shell-header-logo"}
COMMAND: POST /session/5780a996aa8c51000aed420822d33f83/element/f.C12891CE133D59B6823BF6462A308BA2.d.31B41651844F12A36E259FAB28986558.e.3568/click - {}
RESULT: {}
COMMAND: GET /session/5780a996aa8c51000aed420822d33f83/screenshot - {}
RESULT: {}
COMMAND: POST /session/5780a996aa8c51000aed420822d33f83/execute/async - {"script":"<script> [1562 bytes]","args":[{"selector":{"controlType":"sap.m.GenericTile","properties":{"header":"Manage Catalogs"}},"wdio_ui5_key":"sapm.GenericTile{\"header\":\"Manage Catalogs\"}"}]}
RESULT: {"script":"<script> [1562 bytes]","args":[{"selector":{"controlType":"sap.m.GenericTile","properties":{"header":"Manage Catalogs"}},"wdio_ui5_key":"sapm.GenericTile{\"header\":\"Manage Catalogs\"}"}]}
RESULT: undefined
COMMAND: POST /session/5780a996aa8c51000aed420822d33f83/element - {"using":"xpath","value":"//*[@id=\"__tile37\"]"}
RESULT: {"using":"xpath","value":"//*[@id=\"__tile37\"]"}
COMMAND: POST /session/5780a996aa8c51000aed420822d33f83/element/f.C12891CE133D59B6823BF6462A308BA2.d.31B41651844F12A36E259FAB28986558.e.4007/click - {}
RESULT: {}
COMMAND: GET /session/5780a996aa8c51000aed420822d33f83/screenshot - {}
RESULT: {}
COMMAND: POST /session/5780a996aa8c51000aed420822d33f83/execute/async - {"script":"<script> [1562 bytes]","args":[{"selector":{"controlType":"sap.m.Text","viewName":"etm.portal.ui.managecatalogs.view.MasterCatalogs","viewId":"application-managecatalogs-display-component---masterCatalogs","bindingPath":{"path":"/Catalogs('0D7502D073D53A0F1700BE067B89AFF9')","propertyPath":"DESCRIPTION","modelName":"catalogModel"}},"wdio_ui5_key":"etmportal.ui.managecatalogs.view.MasterCatalogssap.m.Text{\"path\":\"/Catalogs('0D7502D073D53A0F1700BE067B89AFF9')\",\"propertyPath\":\"DESCRIPTION\",\"modelName\":\"catalogModel\"}"}]}
RESULT: {"script":"<script> [1562 bytes]","args":[{"selector":{"controlType":"sap.m.Text","viewName":"etm.portal.ui.managecatalogs.view.MasterCatalogs","viewId":"application-managecatalogs-display-component---masterCatalogs","bindingPath":{"path":"/Catalogs('0D7502D073D53A0F1700BE067B89AFF9')","propertyPath":"DESCRIPTION","modelName":"catalogModel"}},"wdio_ui5_key":"etmportal.ui.managecatalogs.view.MasterCatalogssap.m.Text{\"path\":\"/Catalogs('0D7502D073D53A0F1700BE067B89AFF9')\",\"propertyPath\":\"DESCRIPTION\",\"modelName\":\"catalogModel\"}"}]}
RESULT: undefined
COMMAND: POST /session/5780a996aa8c51000aed420822d33f83/element - {"using":"xpath","value":"//*[@id=\"__text939-application-managecatalogs-display-component---masterCatalogs--CatalogsTable-11\"]"}
RESULT: {"using":"xpath","value":"//*[@id=\"__text939-application-managecatalogs-display-component---masterCatalogs--CatalogsTable-11\"]"}
COMMAND: POST /session/5780a996aa8c51000aed420822d33f83/element/f.C12891CE133D59B6823BF6462A308BA2.d.31B41651844F12A36E259FAB28986558.e.4080/click - {}
RESULT: {}
COMMAND: POST /session/5780a996aa8c51000aed420822d33f83/execute/async - {"script":"<script> [1562 bytes]","args":[{"selector":{"controlType":"sap.ui.layout.HorizontalLayout","viewName":"etm.portal.ui.managecatalogs.view.MasterItems","viewId":"application-managecatalogs-display-component---masterCatalogItems","ancestor":{"id":"application-managecatalogs-display-component---masterCatalogItems--idCatalogItemsTree-rows-row0"}},"wdio_ui5_key":"etmportal.ui.managecatalogs.view.MasterItemssap.ui.layout.HorizontalLayout{\"id\":\"application-managecatalogs-display-component---masterCatalogItems--idCatalogItemsTree-rows-row0\"}"}]}
COMMAND: GET /session/5780a996aa8c51000aed420822d33f83/screenshot - {}
RESULT: {"script":"<script> [1562 bytes]","args":[{"selector":{"controlType":"sap.ui.layout.HorizontalLayout","viewName":"etm.portal.ui.managecatalogs.view.MasterItems","viewId":"application-managecatalogs-display-component---masterCatalogItems","ancestor":{"id":"application-managecatalogs-display-component---masterCatalogItems--idCatalogItemsTree-rows-row0"}},"wdio_ui5_key":"etmportal.ui.managecatalogs.view.MasterItemssap.ui.layout.HorizontalLayout{\"id\":\"application-managecatalogs-display-component---masterCatalogItems--idCatalogItemsTree-rows-row0\"}"}]}
RESULT: undefined
COMMAND: POST /session/5780a996aa8c51000aed420822d33f83/element - {"using":"xpath","value":"//*[@id=\"__layout280-__clone1759\"]"}
RESULT: {}
RESULT: {"using":"xpath","value":"//*[@id=\"__layout280-__clone1759\"]"}
COMMAND: POST /session/5780a996aa8c51000aed420822d33f83/element/f.C12891CE133D59B6823BF6462A308BA2.d.31B41651844F12A36E259FAB28986558.e.4114/click - {}
RESULT: {}
COMMAND: GET /session/5780a996aa8c51000aed420822d33f83/screenshot - {}
COMMAND: POST /session/5780a996aa8c51000aed420822d33f83/execute/async - {"script":"<script> [1562 bytes]","args":[{"selector":{"controlType":"sap.m.Button","viewName":"etm.portal.ui.managecatalogs.view.Detail","viewId":"application-managecatalogs-display-component---detailCatalog","i18NText":{"propertyName":"text","key":"edit"},"interaction":{"idSuffix":"BDI-content"}},"wdio_ui5_key":"etmportal.ui.managecatalogs.view.Detailsap.m.Button{\"propertyName\":\"text\",\"key\":\"edit\"}"}]}
RESULT: {}
RESULT: {"script":"<script> [1562 bytes]","args":[{"selector":{"controlType":"sap.m.Button","viewName":"etm.portal.ui.managecatalogs.view.Detail","viewId":"application-managecatalogs-display-component---detailCatalog","i18NText":{"propertyName":"text","key":"edit"},"interaction":{"idSuffix":"BDI-content"}},"wdio_ui5_key":"etmportal.ui.managecatalogs.view.Detailsap.m.Button{\"propertyName\":\"text\",\"key\":\"edit\"}"}]}
RESULT: undefined
COMMAND: POST /session/5780a996aa8c51000aed420822d33f83/element - {"using":"xpath","value":"//*[@id=\"__button122\"]"}
RESULT: {"using":"xpath","value":"//*[@id=\"__button122\"]"}
COMMAND: POST /session/5780a996aa8c51000aed420822d33f83/element/f.C12891CE133D59B6823BF6462A308BA2.d.31B41651844F12A36E259FAB28986558.e.4227/click - {}
RESULT: {}
COMMAND: GET /session/5780a996aa8c51000aed420822d33f83/screenshot - {}
RESULT: {}
COMMAND: POST /session/5780a996aa8c51000aed420822d33f83/element - {"using":"xpath","value":"//bdi[contains(text(), \"Unlock\")]"}
RESULT: {"using":"xpath","value":"//bdi[contains(text(), \"Unlock\")]"}
COMMAND: POST /session/5780a996aa8c51000aed420822d33f83/elements - {"using":"xpath","value":"//bdi[contains(text(), \"Unlock\")]"}
RESULT: {"using":"xpath","value":"//bdi[contains(text(), \"Unlock\")]"}
COMMAND: POST /session/5780a996aa8c51000aed420822d33f83/execute/async - {"script":"<script> [1562 bytes]","args":[{"selector":{"controlType":"sap.ui.core.Icon","viewName":"etm.portal.ui.managecatalogs.view.Detail","viewId":"application-managecatalogs-display-component---detailCatalog","properties":{"src":{"regex":{"source":"add\\-folder"}}}},"wdio_ui5_key":"etmportal.ui.managecatalogs.view.Detailsap.ui.core.Icon{\"src\":{\"regex\":{\"source\":\"add\\\\-folder\"}}}"}]}
RESULT: {"script":"<script> [1562 bytes]","args":[{"selector":{"controlType":"sap.ui.core.Icon","viewName":"etm.portal.ui.managecatalogs.view.Detail","viewId":"application-managecatalogs-display-component---detailCatalog","properties":{"src":{"regex":{"source":"add\\-folder"}}}},"wdio_ui5_key":"etmportal.ui.managecatalogs.view.Detailsap.ui.core.Icon{\"src\":{\"regex\":{\"source\":\"add\\\\-folder\"}}}"}]}
RESULT: undefined
COMMAND: POST /session/5780a996aa8c51000aed420822d33f83/element - {"using":"xpath","value":"//*[@id=\"__button130-img\"]"}
RESULT: {"using":"xpath","value":"//*[@id=\"__button130-img\"]"}
COMMAND: POST /session/5780a996aa8c51000aed420822d33f83/element/f.C12891CE133D59B6823BF6462A308BA2.d.31B41651844F12A36E259FAB28986558.e.4236/click - {}
RESULT: {}
COMMAND: GET /session/5780a996aa8c51000aed420822d33f83/screenshot - {}
RESULT: {}
COMMAND: POST /session/5780a996aa8c51000aed420822d33f83/execute/async - {"script":"<script> [1562 bytes]","args":[{"selector":{"id":"application-managecatalogs-display-component---detailCatalog--numberInput","searchOpenDialogs":true,"interaction":{"idSuffix":"inner"}},"wdio_ui5_key":"applicationmanagecatalogs-display-component---detailCatalog--numberInput"}]}
RESULT: {"script":"<script> [1562 bytes]","args":[{"selector":{"id":"application-managecatalogs-display-component---detailCatalog--numberInput","searchOpenDialogs":true,"interaction":{"idSuffix":"inner"}},"wdio_ui5_key":"applicationmanagecatalogs-display-component---detailCatalog--numberInput"}]}
RESULT: undefined
COMMAND: POST /session/5780a996aa8c51000aed420822d33f83/execute/async - {"script":"<script> [776 bytes]","args":[{"enterText":"Sectionr44fki","selector":{"id":"application-managecatalogs-display-component---detailCatalog--numberInput","searchOpenDialogs":true,"interaction":{"idSuffix":"inner"}},"clearTextFirst":true,"interactionType":"ENTER_TEXT"}]}
RESULT: {"script":"<script> [776 bytes]","args":[{"enterText":"Sectionr44fki","selector":{"id":"application-managecatalogs-display-component---detailCatalog--numberInput","searchOpenDialogs":true,"interaction":{"idSuffix":"inner"}},"clearTextFirst":true,"interactionType":"ENTER_TEXT"}]}
COMMAND: POST /session/5780a996aa8c51000aed420822d33f83/element - {"using":"css selector","value":"#application-managecatalogs-display-component---detailCatalog--nameInput-inner"}
RESULT: {"using":"css selector","value":"#application-managecatalogs-display-component---detailCatalog--nameInput-inner"}
COMMAND: POST /session/5780a996aa8c51000aed420822d33f83/elements - {"using":"css selector","value":"#application-managecatalogs-display-component---detailCatalog--nameInput-inner"}
RESULT: {"using":"css selector","value":"#application-managecatalogs-display-component---detailCatalog--nameInput-inner"}
COMMAND: POST /session/5780a996aa8c51000aed420822d33f83/element/f.C12891CE133D59B6823BF6462A308BA2.d.31B41651844F12A36E259FAB28986558.e.4240/clear - {}
RESULT: {}
COMMAND: POST /session/5780a996aa8c51000aed420822d33f83/element/f.C12891CE133D59B6823BF6462A308BA2.d.31B41651844F12A36E259FAB28986558.e.4240/value - {"text":"Webdriver4054dj"}
COMMAND: GET /session/5780a996aa8c51000aed420822d33f83/screenshot - {}
RESULT: {"text":"Webdriver4054dj"}
COMMAND: POST /session/5780a996aa8c51000aed420822d33f83/execute/async - {"script":"<script> [1562 bytes]","args":[{"selector":{"controlType":"sap.m.Button","viewName":"etm.portal.ui.managecatalogs.view.Detail","viewId":"application-managecatalogs-display-component---detailCatalog","i18NText":{"propertyName":"text","key":"create"},"searchOpenDialogs":true,"interaction":{"idSuffix":"BDI-content"}},"wdio_ui5_key":"etmportal.ui.managecatalogs.view.Detailsap.m.Button{\"propertyName\":\"text\",\"key\":\"create\"}"}]}
COMMAND: GET /session/5780a996aa8c51000aed420822d33f83/screenshot - {}
RESULT: {}
RESULT: {"script":"<script> [1562 bytes]","args":[{"selector":{"controlType":"sap.m.Button","viewName":"etm.portal.ui.managecatalogs.view.Detail","viewId":"application-managecatalogs-display-component---detailCatalog","i18NText":{"propertyName":"text","key":"create"},"searchOpenDialogs":true,"interaction":{"idSuffix":"BDI-content"}},"wdio_ui5_key":"etmportal.ui.managecatalogs.view.Detailsap.m.Button{\"propertyName\":\"text\",\"key\":\"create\"}"}]}
RESULT: undefined
COMMAND: POST /session/5780a996aa8c51000aed420822d33f83/element - {"using":"xpath","value":"//*[@id=\"__button100\"]"}
RESULT: {}
RESULT: {"using":"xpath","value":"//*[@id=\"__button100\"]"}
COMMAND: POST /session/5780a996aa8c51000aed420822d33f83/element/f.C12891CE133D59B6823BF6462A308BA2.d.31B41651844F12A36E259FAB28986558.e.4245/click - {}
RESULT: {}
COMMAND: GET /session/5780a996aa8c51000aed420822d33f83/screenshot - {}
RESULT: {}
COMMAND: POST /session/5780a996aa8c51000aed420822d33f83/element - {"using":"xpath","value":"//button[@title=\"Save\"]"}
RESULT: {"using":"xpath","value":"//button[@title=\"Save\"]"}
COMMAND: POST /session/5780a996aa8c51000aed420822d33f83/element/f.C12891CE133D59B6823BF6462A308BA2.d.31B41651844F12A36E259FAB28986558.e.4246/click - {}
RESULT: {}
COMMAND: POST /session/5780a996aa8c51000aed420822d33f83/execute/async - {"script":"<script> [1562 bytes]","args":[{"selector":{"controlType":"sap.ui.core.Icon","viewName":"etm.portal.ui.managecatalogs.view.Detail","viewId":"application-managecatalogs-display-component---detailCatalog","properties":{"src":{"regex":{"source":"decline"}}}},"wdio_ui5_key":"etmportal.ui.managecatalogs.view.Detailsap.ui.core.Icon{\"src\":{\"regex\":{\"source\":\"decline\"}}}"}]}
COMMAND: GET /session/5780a996aa8c51000aed420822d33f83/screenshot - {}
RESULT: {"script":"<script> [1562 bytes]","args":[{"selector":{"controlType":"sap.ui.core.Icon","viewName":"etm.portal.ui.managecatalogs.view.Detail","viewId":"application-managecatalogs-display-component---detailCatalog","properties":{"src":{"regex":{"source":"decline"}}}},"wdio_ui5_key":"etmportal.ui.managecatalogs.view.Detailsap.ui.core.Icon{\"src\":{\"regex\":{\"source\":\"decline\"}}}"}]}
RESULT: undefined
COMMAND: POST /session/5780a996aa8c51000aed420822d33f83/element - {"using":"xpath","value":"//*[@id=\"__button125-img\"]"}
RESULT: {}
RESULT: {"using":"xpath","value":"//*[@id=\"__button125-img\"]"}
COMMAND: POST /session/5780a996aa8c51000aed420822d33f83/element/f.C12891CE133D59B6823BF6462A308BA2.d.31B41651844F12A36E259FAB28986558.e.4252/click - {}
RESULT: {}
COMMAND: GET /session/5780a996aa8c51000aed420822d33f83/screenshot - {}
RESULT: {}
COMMAND: POST /session/5780a996aa8c51000aed420822d33f83/execute/async - {"script":"<script> [1562 bytes]","args":[{"selector":{"controlType":"sap.ui.core.Icon","viewName":"etm.portal.ui.managecatalogs.view.MasterItems","viewId":"application-managecatalogs-display-component---masterCatalogItems","properties":{"src":{"regex":{"source":"refresh"}}}},"wdio_ui5_key":"etmportal.ui.managecatalogs.view.MasterItemssap.ui.core.Icon{\"src\":{\"regex\":{\"source\":\"refresh\"}}}"}]}
RESULT: {"script":"<script> [1562 bytes]","args":[{"selector":{"controlType":"sap.ui.core.Icon","viewName":"etm.portal.ui.managecatalogs.view.MasterItems","viewId":"application-managecatalogs-display-component---masterCatalogItems","properties":{"src":{"regex":{"source":"refresh"}}}},"wdio_ui5_key":"etmportal.ui.managecatalogs.view.MasterItemssap.ui.core.Icon{\"src\":{\"regex\":{\"source\":\"refresh\"}}}"}]}
RESULT: undefined
COMMAND: POST /session/5780a996aa8c51000aed420822d33f83/element - {"using":"xpath","value":"//*[@id=\"__button98-img\"]"}
RESULT: {"using":"xpath","value":"//*[@id=\"__button98-img\"]"}
COMMAND: POST /session/5780a996aa8c51000aed420822d33f83/element/f.C12891CE133D59B6823BF6462A308BA2.d.31B41651844F12A36E259FAB28986558.e.4288/click - {}
RESULT: {}
COMMAND: POST /session/5780a996aa8c51000aed420822d33f83/execute/async - {"script":"<script> [1562 bytes]","args":[{"selector":{"id":"application-managecatalogs-display-component---masterCatalogItems--searchItemsField","interaction":{"idSuffix":"I"}},"wdio_ui5_key":"applicationmanagecatalogs-display-component---masterCatalogItems--searchItemsField"}]}
COMMAND: GET /session/5780a996aa8c51000aed420822d33f83/screenshot - {}
RESULT: {"script":"<script> [1562 bytes]","args":[{"selector":{"id":"application-managecatalogs-display-component---masterCatalogItems--searchItemsField","interaction":{"idSuffix":"I"}},"wdio_ui5_key":"applicationmanagecatalogs-display-component---masterCatalogItems--searchItemsField"}]}
RESULT: undefined
COMMAND: POST /session/5780a996aa8c51000aed420822d33f83/execute/async - {"script":"<script> [776 bytes]","args":[{"enterText":"Webdriver4054dj","selector":{"id":"application-managecatalogs-display-component---masterCatalogItems--searchItemsField","interaction":{"idSuffix":"I"}},"clearTextFirst":true,"interactionType":"ENTER_TEXT"}]}
RESULT: {}
RESULT: {"script":"<script> [776 bytes]","args":[{"enterText":"Webdriver4054dj","selector":{"id":"application-managecatalogs-display-component---masterCatalogItems--searchItemsField","interaction":{"idSuffix":"I"}},"clearTextFirst":true,"interactionType":"ENTER_TEXT"}]}
COMMAND: POST /session/5780a996aa8c51000aed420822d33f83/actions - {"actions":[{"id":"action10","type":"key","parameters":{},"actions":[{"type":"keyDown","value":"î€‡"},{"type":"pause","duration":10},{"type":"keyUp","value":"î€‡"}]}]}
RESULT: {"actions":[{"id":"action10","type":"key","parameters":{},"actions":[{"type":"keyDown","value":"î€‡"},{"type":"pause","duration":10},{"type":"keyUp","value":"î€‡"}]}]}
COMMAND: POST /session/5780a996aa8c51000aed420822d33f83/element - {"using":"xpath","value":"(//span[contains(text(), \"Webdriver4054dj\")])[1]"}
COMMAND: GET /session/5780a996aa8c51000aed420822d33f83/screenshot - {}
RESULT: {"using":"xpath","value":"(//span[contains(text(), \"Webdriver4054dj\")])[1]"}
COMMAND: POST /session/5780a996aa8c51000aed420822d33f83/element/f.C12891CE133D59B6823BF6462A308BA2.d.31B41651844F12A36E259FAB28986558.e.4291/click - {}
RESULT: {}
RESULT: {}
COMMAND: GET /session/5780a996aa8c51000aed420822d33f83/screenshot - {}
RESULT: {}
RESULT: undefined
COMMAND: POST /session/5780a996aa8c51000aed420822d33f83/element - {"using":"xpath","value":"//*[@id=\"__button122\"]"}
RESULT: {"using":"xpath","value":"//*[@id=\"__button122\"]"}
COMMAND: POST /session/5780a996aa8c51000aed420822d33f83/element/f.C12891CE133D59B6823BF6462A308BA2.d.31B41651844F12A36E259FAB28986558.e.4328/click - {}
RESULT: {}
COMMAND: GET /session/5780a996aa8c51000aed420822d33f83/screenshot - {}
RESULT: {}
RESULT: undefined
COMMAND: POST /session/5780a996aa8c51000aed420822d33f83/element - {"using":"xpath","value":"//*[@id=\"__button130-img\"]"}
RESULT: {"using":"xpath","value":"//*[@id=\"__button130-img\"]"}
COMMAND: POST /session/5780a996aa8c51000aed420822d33f83/element/f.C12891CE133D59B6823BF6462A308BA2.d.31B41651844F12A36E259FAB28986558.e.4376/click - {}
RESULT: {}
COMMAND: GET /session/5780a996aa8c51000aed420822d33f83/screenshot - {}
RESULT: {}
RESULT: undefined
COMMAND: POST /session/5780a996aa8c51000aed420822d33f83/execute/async - {"script":"<script> [776 bytes]","args":[{"enterText":"SecondSectionyyszn","selector":{"id":"application-managecatalogs-display-component---detailCatalog--numberInput","searchOpenDialogs":true,"interaction":{"idSuffix":"inner"}},"clearTextFirst":true,"interactionType":"ENTER_TEXT"}]}
RESULT: {"script":"<script> [776 bytes]","args":[{"enterText":"SecondSectionyyszn","selector":{"id":"application-managecatalogs-display-component---detailCatalog--numberInput","searchOpenDialogs":true,"interaction":{"idSuffix":"inner"}},"clearTextFirst":true,"interactionType":"ENTER_TEXT"}]}
COMMAND: POST /session/5780a996aa8c51000aed420822d33f83/element - {"using":"xpath","value":"//input[contains(@id ,\"application-managecatalogs-display-component---detailCatalog--nameInput-inner\")]"}
RESULT: {"using":"xpath","value":"//input[contains(@id ,\"application-managecatalogs-display-component---detailCatalog--nameInput-inner\")]"}
COMMAND: POST /session/5780a996aa8c51000aed420822d33f83/elements - {"using":"xpath","value":"//input[contains(@id ,\"application-managecatalogs-display-component---detailCatalog--nameInput-inner\")]"}
RESULT: {"using":"xpath","value":"//input[contains(@id ,\"application-managecatalogs-display-component---detailCatalog--nameInput-inner\")]"}
COMMAND: POST /session/5780a996aa8c51000aed420822d33f83/element/f.C12891CE133D59B6823BF6462A308BA2.d.31B41651844F12A36E259FAB28986558.e.4380/clear - {}
RESULT: {}
COMMAND: POST /session/5780a996aa8c51000aed420822d33f83/element/f.C12891CE133D59B6823BF6462A308BA2.d.31B41651844F12A36E259FAB28986558.e.4380/value - {"text":"webdriversecond75rkm"}
COMMAND: GET /session/5780a996aa8c51000aed420822d33f83/screenshot - {}
RESULT: {"text":"webdriversecond75rkm"}
RESULT: undefined
COMMAND: POST /session/5780a996aa8c51000aed420822d33f83/element - {"using":"xpath","value":"//*[@id=\"__button100\"]"}
COMMAND: GET /session/5780a996aa8c51000aed420822d33f83/screenshot - {}
RESULT: {}
RESULT: {"using":"xpath","value":"//*[@id=\"__button100\"]"}
COMMAND: POST /session/5780a996aa8c51000aed420822d33f83/element/f.C12891CE133D59B6823BF6462A308BA2.d.31B41651844F12A36E259FAB28986558.e.4384/click - {}
RESULT: {}
RESULT: {}
COMMAND: GET /session/5780a996aa8c51000aed420822d33f83/screenshot - {}
RESULT: {}
COMMAND: POST /session/5780a996aa8c51000aed420822d33f83/element - {"using":"xpath","value":"//button[@title=\"Save\"]"}
RESULT: {"using":"xpath","value":"//button[@title=\"Save\"]"}
COMMAND: POST /session/5780a996aa8c51000aed420822d33f83/element/f.C12891CE133D59B6823BF6462A308BA2.d.31B41651844F12A36E259FAB28986558.e.4362/click - {}
RESULT: {}
COMMAND: GET /session/5780a996aa8c51000aed420822d33f83/screenshot - {}
RESULT: {}
RESULT: undefined
COMMAND: POST /session/5780a996aa8c51000aed420822d33f83/element - {"using":"xpath","value":"//*[@id=\"__button125-img\"]"}
RESULT: {"using":"xpath","value":"//*[@id=\"__button125-img\"]"}
COMMAND: POST /session/5780a996aa8c51000aed420822d33f83/element/f.C12891CE133D59B6823BF6462A308BA2.d.31B41651844F12A36E259FAB28986558.e.4335/click - {}
RESULT: {}
COMMAND: GET /session/5780a996aa8c51000aed420822d33f83/screenshot - {}
RESULT: {}
RESULT: undefined
COMMAND: POST /session/5780a996aa8c51000aed420822d33f83/element - {"using":"xpath","value":"//*[@id=\"__button98-img\"]"}
RESULT: {"using":"xpath","value":"//*[@id=\"__button98-img\"]"}
COMMAND: POST /session/5780a996aa8c51000aed420822d33f83/element/f.C12891CE133D59B6823BF6462A308BA2.d.31B41651844F12A36E259FAB28986558.e.4424/click - {}
RESULT: {}
COMMAND: GET /session/5780a996aa8c51000aed420822d33f83/screenshot - {}
RESULT: {}
RESULT: undefined
COMMAND: POST /session/5780a996aa8c51000aed420822d33f83/execute/async - {"script":"<script> [776 bytes]","args":[{"enterText":"SecondSectionyyszn","selector":{"id":"application-managecatalogs-display-component---masterCatalogItems--searchItemsField","interaction":{"idSuffix":"I"}},"clearTextFirst":true,"interactionType":"ENTER_TEXT"}]}
RESULT: {"script":"<script> [776 bytes]","args":[{"enterText":"SecondSectionyyszn","selector":{"id":"application-managecatalogs-display-component---masterCatalogItems--searchItemsField","interaction":{"idSuffix":"I"}},"clearTextFirst":true,"interactionType":"ENTER_TEXT"}]}
COMMAND: POST /session/5780a996aa8c51000aed420822d33f83/actions - {"actions":[{"id":"action11","type":"key","parameters":{},"actions":[{"type":"keyDown","value":"î€‡"},{"type":"pause","duration":10},{"type":"keyUp","value":"î€‡"}]}]}
RESULT: {"actions":[{"id":"action11","type":"key","parameters":{},"actions":[{"type":"keyDown","value":"î€‡"},{"type":"pause","duration":10},{"type":"keyUp","value":"î€‡"}]}]}
COMMAND: POST /session/5780a996aa8c51000aed420822d33f83/element - {"using":"xpath","value":"(//span[contains(text(), \"SecondSectionyyszn\")])[1]"}
COMMAND: GET /session/5780a996aa8c51000aed420822d33f83/screenshot - {}
RESULT: {"using":"xpath","value":"(//span[contains(text(), \"SecondSectionyyszn\")])[1]"}
COMMAND: POST /session/5780a996aa8c51000aed420822d33f83/element/f.C12891CE133D59B6823BF6462A308BA2.d.31B41651844F12A36E259FAB28986558.e.4427/click - {}
RESULT: {}
RESULT: {}
COMMAND: POST /session/5780a996aa8c51000aed420822d33f83/element - {"using":"xpath","value":"(//span[contains(text(), \"SecondSectionyyszn\")])[1]"}
COMMAND: GET /session/5780a996aa8c51000aed420822d33f83/screenshot - {}
RESULT: {"using":"xpath","value":"(//span[contains(text(), \"SecondSectionyyszn\")])[1]"}
COMMAND: GET /session/5780a996aa8c51000aed420822d33f83/element/f.C12891CE133D59B6823BF6462A308BA2.d.31B41651844F12A36E259FAB28986558.e.4427/text - {}
RESULT: {}
COMMAND: POST /session/5780a996aa8c51000aed420822d33f83/element - {"using":"xpath","value":"(//span[contains(text(), \"SecondSectionyyszn\")])[1]"}
RESULT: {"using":"xpath","value":"(//span[contains(text(), \"SecondSectionyyszn\")])[1]"}
COMMAND: GET /session/5780a996aa8c51000aed420822d33f83/element/f.C12891CE133D59B6823BF6462A308BA2.d.31B41651844F12A36E259FAB28986558.e.4427/text - {}
COMMAND: POST /session/5780a996aa8c51000aed420822d33f83/element - {"using":"xpath","value":"(//span[contains(text(), \"SecondSectionyyszn\")])[1]"}
RESULT: {"using":"xpath","value":"(//span[contains(text(), \"SecondSectionyyszn\")])[1]"}
COMMAND: GET /session/5780a996aa8c51000aed420822d33f83/element/f.C12891CE133D59B6823BF6462A308BA2.d.31B41651844F12A36E259FAB28986558.e.4478/text - {}
RESULT: {}
COMMAND: POST /session/5780a996aa8c51000aed420822d33f83/refresh - {}
RESULT: {}
COMMAND: GET /session/5780a996aa8c51000aed420822d33f83/screenshot - {}
RESULT: {}
COMMAND: POST /session/5780a996aa8c51000aed420822d33f83/execute/async - {"script":"<script> [189 bytes]","args":[]}
RESULT: {"script":"<script> [189 bytes]","args":[]}
COMMAND: POST /session/5780a996aa8c51000aed420822d33f83/execute/async - {"script":"<script> [123 bytes]","args":[]}
RESULT: {"script":"<script> [123 bytes]","args":[]}
COMMAND: POST /session/5780a996aa8c51000aed420822d33f83/timeouts - {"script":"<number>"}
RESULT: {"script":"<number>"}
COMMAND: GET /session/5780a996aa8c51000aed420822d33f83/timeouts - {}
RESULT: {}
RESULT: undefined
COMMAND: POST /session/5780a996aa8c51000aed420822d33f83/execute/async - {"script":"<script> [2676 bytes]","args":[]}
RESULT: {"script":"<script> [2676 bytes]","args":[]}
COMMAND: POST /session/5780a996aa8c51000aed420822d33f83/execute/async - {"script":"<script> [2342 bytes]","args":[{"protocol":"http","hostname":"0.0.0.0","path":"/","capabilities":{"browserName":"chrome","goog:chromeOptions":{"binary":"C:\\Program Files\\Google\\Chrome\\Application\\chrome.exe","args":["--start-maximized"]}},"logLevel":"warn","connectionRetryTimeout":120000,"connectionRetryCount":3,"logLevels":{},"enableDirectConnect":true,"strictSSL":true,"_":"65 more keys: [\"cacheDir\",\"port\",\"requestedCapabilities\",\"automationProtocol\",\"baseUrl\",\"waitforInterval\",\"waitforTimeout\",\"onReload\",\"beforeCommand\",\"afterCommand\",\"rootDir\",\"specs\",\"suites\",\"exclude\",\"groupLogsByTestSpec\",\"excludeDriverLogs\",\"bail\",\"framework\",\"reporters\",\"services\",\"maxInstances\",\"maxInstancesPerCapability\",\"injectGlobals\",\"filesToWatch\",\"execArgv\",\"runnerEnv\",\"runner\",\"shard\",\"specFileRetries\",\"specFileRetriesDelay\",\"specFileRetriesDeferred\",\"reporterSyncInterval\",\"reporterSyncTimeout\",\"cucumberFeaturesWithLineNumbers\",\"autoCompileOpts\",\"mochaOpts\",\"jasmineOpts\",\"cucumberOpts\",\"onPrepare\",\"onWorkerStart\",\"onWorkerEnd\",\"before\",\"beforeSession\",\"beforeSuite\",\"beforeHook\",\"beforeTest\",\"afterTest\",\"afterHook\",\"afterSuite\",\"afterSession\",\"after\",\"onComplete\",\"beforeAssertion\",\"afterAssertion\",\"beforeFeature\",\"beforeScenario\",\"beforeStep\",\"afterStep\",\"afterScenario\",\"afterFeature\",\"_\",\"suite\",\"$0\",\"ignoredWorkerServices\",\"wdi5\"]"}]}
RESULT: {"script":"<script> [2342 bytes]","args":[{"protocol":"http","hostname":"0.0.0.0","path":"/","capabilities":{"browserName":"chrome","goog:chromeOptions":{"binary":"C:\\Program Files\\Google\\Chrome\\Application\\chrome.exe","args":["--start-maximized"]}},"logLevel":"warn","connectionRetryTimeout":120000,"connectionRetryCount":3,"logLevels":{},"enableDirectConnect":true,"strictSSL":true,"_":"65 more keys: [\"cacheDir\",\"port\",\"requestedCapabilities\",\"automationProtocol\",\"baseUrl\",\"waitforInterval\",\"waitforTimeout\",\"onReload\",\"beforeCommand\",\"afterCommand\",\"rootDir\",\"specs\",\"suites\",\"exclude\",\"groupLogsByTestSpec\",\"excludeDriverLogs\",\"bail\",\"framework\",\"reporters\",\"services\",\"maxInstances\",\"maxInstancesPerCapability\",\"injectGlobals\",\"filesToWatch\",\"execArgv\",\"runnerEnv\",\"runner\",\"shard\",\"specFileRetries\",\"specFileRetriesDelay\",\"specFileRetriesDeferred\",\"reporterSyncInterval\",\"reporterSyncTimeout\",\"cucumberFeaturesWithLineNumbers\",\"autoCompileOpts\",\"mochaOpts\",\"jasmineOpts\",\"cucumberOpts\",\"onPrepare\",\"onWorkerStart\",\"onWorkerEnd\",\"before\",\"beforeSession\",\"beforeSuite\",\"beforeHook\",\"beforeTest\",\"afterTest\",\"afterHook\",\"afterSuite\",\"afterSession\",\"after\",\"onComplete\",\"beforeAssertion\",\"afterAssertion\",\"beforeFeature\",\"beforeScenario\",\"beforeStep\",\"afterStep\",\"afterScenario\",\"afterFeature\",\"_\",\"suite\",\"$0\",\"ignoredWorkerServices\",\"wdi5\"]"}]}
COMMAND: POST /session/5780a996aa8c51000aed420822d33f83/execute/async - {"script":"<script> [21126 bytes]","args":[35000]}
RESULT: {"script":"<script> [21126 bytes]","args":[35000]}
COMMAND: POST /session/5780a996aa8c51000aed420822d33f83/execute/async - {"script":"<script> [1562 bytes]","args":[{"selector":{"controlType":"sap.m.Button","viewName":"etm.portal.ui.managecatalogs.view.Detail","viewId":"application-managecatalogs-display-component---detailCatalog","i18NText":{"propertyName":"text","key":"edit"},"interaction":{"idSuffix":"BDI-content"}},"wdio_ui5_key":"etmportal.ui.managecatalogs.view.Detailsap.m.Button{\"propertyName\":\"text\",\"key\":\"edit\"}"}]}
RESULT: {"script":"<script> [1562 bytes]","args":[{"selector":{"controlType":"sap.m.Button","viewName":"etm.portal.ui.managecatalogs.view.Detail","viewId":"application-managecatalogs-display-component---detailCatalog","i18NText":{"propertyName":"text","key":"edit"},"interaction":{"idSuffix":"BDI-content"}},"wdio_ui5_key":"etmportal.ui.managecatalogs.view.Detailsap.m.Button{\"propertyName\":\"text\",\"key\":\"edit\"}"}]}
RESULT: undefined
COMMAND: POST /session/5780a996aa8c51000aed420822d33f83/element - {"using":"xpath","value":"//*[@id=\"__button25\"]"}
RESULT: {"using":"xpath","value":"//*[@id=\"__button25\"]"}
COMMAND: POST /session/5780a996aa8c51000aed420822d33f83/element/f.C12891CE133D59B6823BF6462A308BA2.d.70E68DB3660F9DF55ADB983311F41F0A.e.4537/click - {}
RESULT: {}
COMMAND: GET /session/5780a996aa8c51000aed420822d33f83/screenshot - {}
RESULT: {}
COMMAND: POST /session/5780a996aa8c51000aed420822d33f83/element - {"using":"xpath","value":"//button[contains(@title ,\"Create Catalog Item\")]"}
RESULT: {"using":"xpath","value":"//button[contains(@title ,\"Create Catalog Item\")]"}
COMMAND: POST /session/5780a996aa8c51000aed420822d33f83/element/f.C12891CE133D59B6823BF6462A308BA2.d.70E68DB3660F9DF55ADB983311F41F0A.e.4543/click - {}
RESULT: {}
COMMAND: POST /session/5780a996aa8c51000aed420822d33f83/execute/async - {"script":"<script> [1562 bytes]","args":[{"selector":{"id":"application-managecatalogs-display-component---detailCatalog--newItemNumberInput","searchOpenDialogs":true,"interaction":{"idSuffix":"inner"}},"wdio_ui5_key":"applicationmanagecatalogs-display-component---detailCatalog--newItemNumberInput"}]}
COMMAND: GET /session/5780a996aa8c51000aed420822d33f83/screenshot - {}
RESULT: {"script":"<script> [1562 bytes]","args":[{"selector":{"id":"application-managecatalogs-display-component---detailCatalog--newItemNumberInput","searchOpenDialogs":true,"interaction":{"idSuffix":"inner"}},"wdio_ui5_key":"applicationmanagecatalogs-display-component---detailCatalog--newItemNumberInput"}]}
RESULT: undefined
COMMAND: POST /session/5780a996aa8c51000aed420822d33f83/execute/async - {"script":"<script> [776 bytes]","args":[{"enterText":"catalogItemrn404k","selector":{"id":"application-managecatalogs-display-component---detailCatalog--newItemNumberInput","searchOpenDialogs":true,"interaction":{"idSuffix":"inner"}},"clearTextFirst":true,"interactionType":"ENTER_TEXT"}]}
RESULT: {}
RESULT: {"script":"<script> [776 bytes]","args":[{"enterText":"catalogItemrn404k","selector":{"id":"application-managecatalogs-display-component---detailCatalog--newItemNumberInput","searchOpenDialogs":true,"interaction":{"idSuffix":"inner"}},"clearTextFirst":true,"interactionType":"ENTER_TEXT"}]}
COMMAND: POST /session/5780a996aa8c51000aed420822d33f83/execute/async - {"script":"<script> [1562 bytes]","args":[{"selector":{"controlType":"sap.m.Input","viewName":"etm.portal.ui.managecatalogs.view.Detail","viewId":"application-managecatalogs-display-component---detailCatalog","bindingPath":{"path":"","propertyPath":"/DESCRIPTION"},"searchOpenDialogs":true,"interaction":{"idSuffix":"inner"}},"wdio_ui5_key":"etmportal.ui.managecatalogs.view.Detailsap.m.Input{\"path\":\"\",\"propertyPath\":\"/DESCRIPTION\"}"}]}
RESULT: {"script":"<script> [1562 bytes]","args":[{"selector":{"controlType":"sap.m.Input","viewName":"etm.portal.ui.managecatalogs.view.Detail","viewId":"application-managecatalogs-display-component---detailCatalog","bindingPath":{"path":"","propertyPath":"/DESCRIPTION"},"searchOpenDialogs":true,"interaction":{"idSuffix":"inner"}},"wdio_ui5_key":"etmportal.ui.managecatalogs.view.Detailsap.m.Input{\"path\":\"\",\"propertyPath\":\"/DESCRIPTION\"}"}]}
RESULT: undefined
COMMAND: POST /session/5780a996aa8c51000aed420822d33f83/execute/async - {"script":"<script> [776 bytes]","args":[{"enterText":"catalogItemName84k2d","selector":{"controlType":"sap.m.Input","viewName":"etm.portal.ui.managecatalogs.view.Detail","viewId":"application-managecatalogs-display-component---detailCatalog","bindingPath":{"path":"","propertyPath":"/DESCRIPTION"},"searchOpenDialogs":true,"interaction":{"idSuffix":"inner"}},"clearTextFirst":true,"interactionType":"ENTER_TEXT"}]}
RESULT: {"script":"<script> [776 bytes]","args":[{"enterText":"catalogItemName84k2d","selector":{"controlType":"sap.m.Input","viewName":"etm.portal.ui.managecatalogs.view.Detail","viewId":"application-managecatalogs-display-component---detailCatalog","bindingPath":{"path":"","propertyPath":"/DESCRIPTION"},"searchOpenDialogs":true,"interaction":{"idSuffix":"inner"}},"clearTextFirst":true,"interactionType":"ENTER_TEXT"}]}
COMMAND: POST /session/5780a996aa8c51000aed420822d33f83/actions - {"actions":[{"id":"action12","type":"key","parameters":{},"actions":[{"type":"keyDown","value":"î€„"},{"type":"pause","duration":10},{"type":"keyUp","value":"î€„"}]}]}
RESULT: {"actions":[{"id":"action12","type":"key","parameters":{},"actions":[{"type":"keyDown","value":"î€„"},{"type":"pause","duration":10},{"type":"keyUp","value":"î€„"}]}]}
COMMAND: GET /session/5780a996aa8c51000aed420822d33f83/screenshot - {}
RESULT: {}
COMMAND: POST /session/5780a996aa8c51000aed420822d33f83/actions - {"actions":[{"id":"action13","type":"key","parameters":{},"actions":[{"type":"keyDown","value":"î€‡"},{"type":"pause","duration":10},{"type":"keyUp","value":"î€‡"}]}]}
RESULT: {"actions":[{"id":"action13","type":"key","parameters":{},"actions":[{"type":"keyDown","value":"î€‡"},{"type":"pause","duration":10},{"type":"keyUp","value":"î€‡"}]}]}
COMMAND: GET /session/5780a996aa8c51000aed420822d33f83/screenshot - {}
RESULT: {}
COMMAND: POST /session/5780a996aa8c51000aed420822d33f83/element - {"using":"xpath","value":"//button[@title=\"Save\"]"}
RESULT: {"using":"xpath","value":"//button[@title=\"Save\"]"}
COMMAND: POST /session/5780a996aa8c51000aed420822d33f83/element/f.C12891CE133D59B6823BF6462A308BA2.d.70E68DB3660F9DF55ADB983311F41F0A.e.4552/click - {}
RESULT: {}
COMMAND: GET /session/5780a996aa8c51000aed420822d33f83/screenshot - {}
RESULT: {}
COMMAND: POST /session/5780a996aa8c51000aed420822d33f83/execute/async - {"script":"<script> [1562 bytes]","args":[{"selector":{"controlType":"sap.ui.core.Icon","viewName":"etm.portal.ui.managecatalogs.view.Detail","viewId":"application-managecatalogs-display-component---detailCatalog","properties":{"src":{"regex":{"source":"decline"}}}},"wdio_ui5_key":"etmportal.ui.managecatalogs.view.Detailsap.ui.core.Icon{\"src\":{\"regex\":{\"source\":\"decline\"}}}"}]}
RESULT: {"script":"<script> [1562 bytes]","args":[{"selector":{"controlType":"sap.ui.core.Icon","viewName":"etm.portal.ui.managecatalogs.view.Detail","viewId":"application-managecatalogs-display-component---detailCatalog","properties":{"src":{"regex":{"source":"decline"}}}},"wdio_ui5_key":"etmportal.ui.managecatalogs.view.Detailsap.ui.core.Icon{\"src\":{\"regex\":{\"source\":\"decline\"}}}"}]}
RESULT: undefined
COMMAND: POST /session/5780a996aa8c51000aed420822d33f83/element - {"using":"xpath","value":"//*[@id=\"__button28-img\"]"}
RESULT: {"using":"xpath","value":"//*[@id=\"__button28-img\"]"}
COMMAND: POST /session/5780a996aa8c51000aed420822d33f83/element/f.C12891CE133D59B6823BF6462A308BA2.d.70E68DB3660F9DF55ADB983311F41F0A.e.4558/click - {}
RESULT: {}
COMMAND: GET /session/5780a996aa8c51000aed420822d33f83/screenshot - {}
RESULT: {}
COMMAND: POST /session/5780a996aa8c51000aed420822d33f83/execute/async - {"script":"<script> [1562 bytes]","args":[{"selector":{"controlType":"sap.ui.core.Icon","viewName":"etm.portal.ui.managecatalogs.view.MasterItems","viewId":"application-managecatalogs-display-component---masterCatalogItems","properties":{"src":{"regex":{"source":"refresh"}}}},"wdio_ui5_key":"etmportal.ui.managecatalogs.view.MasterItemssap.ui.core.Icon{\"src\":{\"regex\":{\"source\":\"refresh\"}}}"}]}
RESULT: {"script":"<script> [1562 bytes]","args":[{"selector":{"controlType":"sap.ui.core.Icon","viewName":"etm.portal.ui.managecatalogs.view.MasterItems","viewId":"application-managecatalogs-display-component---masterCatalogItems","properties":{"src":{"regex":{"source":"refresh"}}}},"wdio_ui5_key":"etmportal.ui.managecatalogs.view.MasterItemssap.ui.core.Icon{\"src\":{\"regex\":{\"source\":\"refresh\"}}}"}]}
RESULT: undefined
COMMAND: POST /session/5780a996aa8c51000aed420822d33f83/element - {"using":"xpath","value":"//*[@id=\"__button1-img\"]"}
RESULT: {"using":"xpath","value":"//*[@id=\"__button1-img\"]"}
COMMAND: POST /session/5780a996aa8c51000aed420822d33f83/element/f.C12891CE133D59B6823BF6462A308BA2.d.70E68DB3660F9DF55ADB983311F41F0A.e.4566/click - {}
RESULT: {}
COMMAND: GET /session/5780a996aa8c51000aed420822d33f83/screenshot - {}
RESULT: {}
COMMAND: POST /session/5780a996aa8c51000aed420822d33f83/execute/async - {"script":"<script> [1562 bytes]","args":[{"selector":{"id":"application-managecatalogs-display-component---masterCatalogItems--searchItemsField","interaction":{"idSuffix":"I"}},"wdio_ui5_key":"applicationmanagecatalogs-display-component---masterCatalogItems--searchItemsField"}]}
RESULT: {"script":"<script> [1562 bytes]","args":[{"selector":{"id":"application-managecatalogs-display-component---masterCatalogItems--searchItemsField","interaction":{"idSuffix":"I"}},"wdio_ui5_key":"applicationmanagecatalogs-display-component---masterCatalogItems--searchItemsField"}]}
RESULT: undefined
COMMAND: POST /session/5780a996aa8c51000aed420822d33f83/execute/async - {"script":"<script> [776 bytes]","args":[{"enterText":"catalogItemName84k2d","selector":{"id":"application-managecatalogs-display-component---masterCatalogItems--searchItemsField","interaction":{"idSuffix":"I"}},"clearTextFirst":true,"interactionType":"ENTER_TEXT"}]}
RESULT: {"script":"<script> [776 bytes]","args":[{"enterText":"catalogItemName84k2d","selector":{"id":"application-managecatalogs-display-component---masterCatalogItems--searchItemsField","interaction":{"idSuffix":"I"}},"clearTextFirst":true,"interactionType":"ENTER_TEXT"}]}
COMMAND: POST /session/5780a996aa8c51000aed420822d33f83/actions - {"actions":[{"id":"action14","type":"key","parameters":{},"actions":[{"type":"keyDown","value":"î€‡"},{"type":"pause","duration":10},{"type":"keyUp","value":"î€‡"}]}]}
RESULT: {"actions":[{"id":"action14","type":"key","parameters":{},"actions":[{"type":"keyDown","value":"î€‡"},{"type":"pause","duration":10},{"type":"keyUp","value":"î€‡"}]}]}
COMMAND: POST /session/5780a996aa8c51000aed420822d33f83/element - {"using":"xpath","value":"(//span[contains(text(), \"catalogItemName84k2d\")])[1]"}
COMMAND: GET /session/5780a996aa8c51000aed420822d33f83/screenshot - {}
RESULT: {"using":"xpath","value":"(//span[contains(text(), \"catalogItemName84k2d\")])[1]"}
COMMAND: POST /session/5780a996aa8c51000aed420822d33f83/element/f.C12891CE133D59B6823BF6462A308BA2.d.70E68DB3660F9DF55ADB983311F41F0A.e.4603/click - {}
RESULT: {}
RESULT: {}
COMMAND: GET /session/5780a996aa8c51000aed420822d33f83/screenshot - {}
RESULT: {}
COMMAND: POST /session/5780a996aa8c51000aed420822d33f83/element - {"using":"xpath","value":"//span[contains(text(), \"catalogItemrn404k\")]"}
RESULT: {"using":"xpath","value":"//span[contains(text(), \"catalogItemrn404k\")]"}
COMMAND: GET /session/5780a996aa8c51000aed420822d33f83/element/f.C12891CE133D59B6823BF6462A308BA2.d.70E68DB3660F9DF55ADB983311F41F0A.e.4664/text - {}
RESULT: {}
]]></system-out>
    </testcase>
    <testcase classname="chrome.135_0_7049_96.windows.Standard_contract_-_add_contract_items_by_Insert_Request_US118222" name="Should assign resources to the catalog item" time="52.801">
      <system-out><![CDATA[
RESULT: undefined
COMMAND: POST /session/5780a996aa8c51000aed420822d33f83/element - {"using":"xpath","value":"//*[@id=\"__button25\"]"}
RESULT: {"using":"xpath","value":"//*[@id=\"__button25\"]"}
COMMAND: POST /session/5780a996aa8c51000aed420822d33f83/element/f.C12891CE133D59B6823BF6462A308BA2.d.70E68DB3660F9DF55ADB983311F41F0A.e.4665/click - {}
RESULT: {}
COMMAND: GET /session/5780a996aa8c51000aed420822d33f83/screenshot - {}
RESULT: {}
COMMAND: POST /session/5780a996aa8c51000aed420822d33f83/execute/async - {"script":"<script> [1562 bytes]","args":[{"selector":{"id":"application-managecatalogs-display-component---detailCatalog--BASE_UNIT_OF_MEASURE-arrow"},"wdio_ui5_key":"applicationmanagecatalogs-display-component---detailCatalog--BASE_UNIT_OF_MEASURE-arrow"}]}
RESULT: {"script":"<script> [1562 bytes]","args":[{"selector":{"id":"application-managecatalogs-display-component---detailCatalog--BASE_UNIT_OF_MEASURE-arrow"},"wdio_ui5_key":"applicationmanagecatalogs-display-component---detailCatalog--BASE_UNIT_OF_MEASURE-arrow"}]}
RESULT: undefined
COMMAND: POST /session/5780a996aa8c51000aed420822d33f83/element - {"using":"xpath","value":"//*[@id=\"application-managecatalogs-display-component---detailCatalog--BASE_UNIT_OF_MEASURE-arrow\"]"}
RESULT: {"using":"xpath","value":"//*[@id=\"application-managecatalogs-display-component---detailCatalog--BASE_UNIT_OF_MEASURE-arrow\"]"}
COMMAND: POST /session/5780a996aa8c51000aed420822d33f83/element/f.C12891CE133D59B6823BF6462A308BA2.d.70E68DB3660F9DF55ADB983311F41F0A.e.4696/click - {}
RESULT: {}
COMMAND: POST /session/5780a996aa8c51000aed420822d33f83/execute/async - {"script":"<script> [1562 bytes]","args":[{"selector":{"controlType":"sap.m.StandardListItem","viewName":"etm.portal.ui.managecatalogs.view.Detail","viewId":"application-managecatalogs-display-component---detailCatalog","properties":{"title":"Piece"},"searchOpenDialogs":true,"interaction":{"idSuffix":"titleText"}},"wdio_ui5_key":"etmportal.ui.managecatalogs.view.Detailsap.m.StandardListItem{\"title\":\"Piece\"}"}]}
COMMAND: GET /session/5780a996aa8c51000aed420822d33f83/screenshot - {}
RESULT: {"script":"<script> [1562 bytes]","args":[{"selector":{"controlType":"sap.m.StandardListItem","viewName":"etm.portal.ui.managecatalogs.view.Detail","viewId":"application-managecatalogs-display-component---detailCatalog","properties":{"title":"Piece"},"searchOpenDialogs":true,"interaction":{"idSuffix":"titleText"}},"wdio_ui5_key":"etmportal.ui.managecatalogs.view.Detailsap.m.StandardListItem{\"title\":\"Piece\"}"}]}
RESULT: undefined
COMMAND: POST /session/5780a996aa8c51000aed420822d33f83/element - {"using":"xpath","value":"//*[@id=\"__item223\"]"}
RESULT: {}
RESULT: {"using":"xpath","value":"//*[@id=\"__item223\"]"}
COMMAND: POST /session/5780a996aa8c51000aed420822d33f83/element/f.C12891CE133D59B6823BF6462A308BA2.d.70E68DB3660F9DF55ADB983311F41F0A.e.4698/click - {}
RESULT: {}
COMMAND: POST /session/5780a996aa8c51000aed420822d33f83/execute/async - {"script":"<script> [1562 bytes]","args":[{"selector":{"id":"application-managecatalogs-display-component---detailCatalog--ObjectPageLayout-anchBar-application-managecatalogs-display-component---detailCatalog--sectionRUs-anchor","interaction":{"idSuffix":"BDI-content"}},"wdio_ui5_key":"applicationmanagecatalogs-display-component---detailCatalog--ObjectPageLayout-anchBar-application-managecatalogs-display-component---detailCatalog--sectionRUs-anchor"}]}
COMMAND: GET /session/5780a996aa8c51000aed420822d33f83/screenshot - {}
RESULT: {"script":"<script> [1562 bytes]","args":[{"selector":{"id":"application-managecatalogs-display-component---detailCatalog--ObjectPageLayout-anchBar-application-managecatalogs-display-component---detailCatalog--sectionRUs-anchor","interaction":{"idSuffix":"BDI-content"}},"wdio_ui5_key":"applicationmanagecatalogs-display-component---detailCatalog--ObjectPageLayout-anchBar-application-managecatalogs-display-component---detailCatalog--sectionRUs-anchor"}]}
RESULT: undefined
COMMAND: POST /session/5780a996aa8c51000aed420822d33f83/element - {"using":"xpath","value":"//*[@id=\"application-managecatalogs-display-component---detailCatalog--ObjectPageLayout-anchBar-application-managecatalogs-display-component---detailCatalog--sectionRUs-anchor\"]"}
RESULT: {}
RESULT: {"using":"xpath","value":"//*[@id=\"application-managecatalogs-display-component---detailCatalog--ObjectPageLayout-anchBar-application-managecatalogs-display-component---detailCatalog--sectionRUs-anchor\"]"}
COMMAND: POST /session/5780a996aa8c51000aed420822d33f83/element/f.C12891CE133D59B6823BF6462A308BA2.d.70E68DB3660F9DF55ADB983311F41F0A.e.4700/click - {}
RESULT: {}
COMMAND: POST /session/5780a996aa8c51000aed420822d33f83/element - {"using":"xpath","value":"//button[contains(@data-kt ,\"catalogItemAssignRuButton\")]"}
COMMAND: GET /session/5780a996aa8c51000aed420822d33f83/screenshot - {}
RESULT: {"using":"xpath","value":"//button[contains(@data-kt ,\"catalogItemAssignRuButton\")]"}
COMMAND: POST /session/5780a996aa8c51000aed420822d33f83/element/f.C12891CE133D59B6823BF6462A308BA2.d.70E68DB3660F9DF55ADB983311F41F0A.e.4704/click - {}
RESULT: {}
RESULT: {}
COMMAND: GET /session/5780a996aa8c51000aed420822d33f83/screenshot - {}
RESULT: {}
COMMAND: POST /session/5780a996aa8c51000aed420822d33f83/actions - {"actions":[{"id":"action15","type":"key","parameters":{},"actions":[{"type":"keyDown","value":"î€‡"},{"type":"pause","duration":10},{"type":"keyUp","value":"î€‡"}]}]}
RESULT: {"actions":[{"id":"action15","type":"key","parameters":{},"actions":[{"type":"keyDown","value":"î€‡"},{"type":"pause","duration":10},{"type":"keyUp","value":"î€‡"}]}]}
COMMAND: POST /session/5780a996aa8c51000aed420822d33f83/execute/async - {"script":"<script> [1562 bytes]","args":[{"selector":{"id":"application-managecatalogs-display-component---detailCatalog--assignRUSearchField-vhi","searchOpenDialogs":true},"wdio_ui5_key":"applicationmanagecatalogs-display-component---detailCatalog--assignRUSearchField-vhi"}]}
COMMAND: GET /session/5780a996aa8c51000aed420822d33f83/screenshot - {}
RESULT: {"script":"<script> [1562 bytes]","args":[{"selector":{"id":"application-managecatalogs-display-component---detailCatalog--assignRUSearchField-vhi","searchOpenDialogs":true},"wdio_ui5_key":"applicationmanagecatalogs-display-component---detailCatalog--assignRUSearchField-vhi"}]}
RESULT: undefined
COMMAND: POST /session/5780a996aa8c51000aed420822d33f83/element - {"using":"xpath","value":"//*[@id=\"application-managecatalogs-display-component---detailCatalog--assignRUSearchField-vhi\"]"}
RESULT: {}
RESULT: {"using":"xpath","value":"//*[@id=\"application-managecatalogs-display-component---detailCatalog--assignRUSearchField-vhi\"]"}
COMMAND: POST /session/5780a996aa8c51000aed420822d33f83/element/f.C12891CE133D59B6823BF6462A308BA2.d.70E68DB3660F9DF55ADB983311F41F0A.e.4725/click - {}
RESULT: {}
COMMAND: GET /session/5780a996aa8c51000aed420822d33f83/screenshot - {}
RESULT: {}
COMMAND: POST /session/5780a996aa8c51000aed420822d33f83/element - {"using":"xpath","value":"//input[contains(@id ,\"searchField-I\")]"}
RESULT: {"using":"xpath","value":"//input[contains(@id ,\"searchField-I\")]"}
COMMAND: POST /session/5780a996aa8c51000aed420822d33f83/element/f.C12891CE133D59B6823BF6462A308BA2.d.70E68DB3660F9DF55ADB983311F41F0A.e.4729/clear - {}
RESULT: {}
COMMAND: POST /session/5780a996aa8c51000aed420822d33f83/element/f.C12891CE133D59B6823BF6462A308BA2.d.70E68DB3660F9DF55ADB983311F41F0A.e.4729/value - {"text":"WdIOR2cEquippz8ts"}
COMMAND: GET /session/5780a996aa8c51000aed420822d33f83/screenshot - {}
RESULT: {"text":"WdIOR2cEquippz8ts"}
COMMAND: GET /session/5780a996aa8c51000aed420822d33f83/screenshot - {}
RESULT: {}
RESULT: {}
COMMAND: POST /session/5780a996aa8c51000aed420822d33f83/actions - {"actions":[{"id":"action16","type":"key","parameters":{},"actions":[{"type":"keyDown","value":"î€‡"},{"type":"pause","duration":10},{"type":"keyUp","value":"î€‡"}]}]}
RESULT: {"actions":[{"id":"action16","type":"key","parameters":{},"actions":[{"type":"keyDown","value":"î€‡"},{"type":"pause","duration":10},{"type":"keyUp","value":"î€‡"}]}]}
COMMAND: GET /session/5780a996aa8c51000aed420822d33f83/screenshot - {}
RESULT: {}
COMMAND: POST /session/5780a996aa8c51000aed420822d33f83/actions - {"actions":[{"id":"action17","type":"key","parameters":{},"actions":[{"type":"keyDown","value":"î€„"},{"type":"pause","duration":10},{"type":"keyUp","value":"î€„"}]}]}
RESULT: {"actions":[{"id":"action17","type":"key","parameters":{},"actions":[{"type":"keyDown","value":"î€„"},{"type":"pause","duration":10},{"type":"keyUp","value":"î€„"}]}]}
COMMAND: GET /session/5780a996aa8c51000aed420822d33f83/screenshot - {}
RESULT: {}
COMMAND: POST /session/5780a996aa8c51000aed420822d33f83/actions - {"actions":[{"id":"action18","type":"key","parameters":{},"actions":[{"type":"keyDown","value":"î€‡"},{"type":"pause","duration":10},{"type":"keyUp","value":"î€‡"}]}]}
RESULT: {"actions":[{"id":"action18","type":"key","parameters":{},"actions":[{"type":"keyDown","value":"î€‡"},{"type":"pause","duration":10},{"type":"keyUp","value":"î€‡"}]}]}
COMMAND: GET /session/5780a996aa8c51000aed420822d33f83/screenshot - {}
RESULT: {}
COMMAND: POST /session/5780a996aa8c51000aed420822d33f83/element - {"using":"xpath","value":"//bdi[contains(@id ,\"application-managecatalogs-display-component---detailCatalog--RUAssignmentSaveButton-BDI-content\")]"}
RESULT: {"using":"xpath","value":"//bdi[contains(@id ,\"application-managecatalogs-display-component---detailCatalog--RUAssignmentSaveButton-BDI-content\")]"}
COMMAND: POST /session/5780a996aa8c51000aed420822d33f83/element/f.C12891CE133D59B6823BF6462A308BA2.d.70E68DB3660F9DF55ADB983311F41F0A.e.4748/click - {}
RESULT: {}
COMMAND: GET /session/5780a996aa8c51000aed420822d33f83/screenshot - {}
RESULT: {}
COMMAND: POST /session/5780a996aa8c51000aed420822d33f83/element - {"using":"xpath","value":"//bdi[contains(@id ,\"application-managecatalogs-display-component---detailCatalog--ObjectPageLayout-anchBar-application-managecatalogs-display-component---detailCatalog--sectionRUs-anchor-BDI-content\")]"}
RESULT: {"using":"xpath","value":"//bdi[contains(@id ,\"application-managecatalogs-display-component---detailCatalog--ObjectPageLayout-anchBar-application-managecatalogs-display-component---detailCatalog--sectionRUs-anchor-BDI-content\")]"}
COMMAND: POST /session/5780a996aa8c51000aed420822d33f83/element/f.C12891CE133D59B6823BF6462A308BA2.d.70E68DB3660F9DF55ADB983311F41F0A.e.4778/click - {}
RESULT: {}
COMMAND: GET /session/5780a996aa8c51000aed420822d33f83/screenshot - {}
RESULT: {}
COMMAND: POST /session/5780a996aa8c51000aed420822d33f83/element - {"using":"xpath","value":"//button[contains(@data-kt ,\"catalogItemAssignRuButton\")]"}
RESULT: {"using":"xpath","value":"//button[contains(@data-kt ,\"catalogItemAssignRuButton\")]"}
COMMAND: POST /session/5780a996aa8c51000aed420822d33f83/element/f.C12891CE133D59B6823BF6462A308BA2.d.70E68DB3660F9DF55ADB983311F41F0A.e.4704/click - {}
RESULT: {}
COMMAND: GET /session/5780a996aa8c51000aed420822d33f83/screenshot - {}
RESULT: {}
COMMAND: POST /session/5780a996aa8c51000aed420822d33f83/actions - {"actions":[{"id":"action19","type":"key","parameters":{},"actions":[{"type":"keyDown","value":"î€‡"},{"type":"pause","duration":10},{"type":"keyUp","value":"î€‡"}]}]}
RESULT: {"actions":[{"id":"action19","type":"key","parameters":{},"actions":[{"type":"keyDown","value":"î€‡"},{"type":"pause","duration":10},{"type":"keyUp","value":"î€‡"}]}]}
RESULT: undefined
COMMAND: POST /session/5780a996aa8c51000aed420822d33f83/element - {"using":"xpath","value":"//*[@id=\"application-managecatalogs-display-component---detailCatalog--assignRUSearchField-vhi\"]"}
COMMAND: GET /session/5780a996aa8c51000aed420822d33f83/screenshot - {}
RESULT: {"using":"xpath","value":"//*[@id=\"application-managecatalogs-display-component---detailCatalog--assignRUSearchField-vhi\"]"}
COMMAND: POST /session/5780a996aa8c51000aed420822d33f83/elements - {"using":"xpath","value":"//*[@id=\"application-managecatalogs-display-component---detailCatalog--assignRUSearchField-vhi\"]"}
RESULT: {}
RESULT: {"using":"xpath","value":"//*[@id=\"application-managecatalogs-display-component---detailCatalog--assignRUSearchField-vhi\"]"}
COMMAND: POST /session/5780a996aa8c51000aed420822d33f83/element - {"using":"xpath","value":"//*[@id=\"application-managecatalogs-display-component---detailCatalog--assignRUSearchField-vhi\"]"}
RESULT: {"using":"xpath","value":"//*[@id=\"application-managecatalogs-display-component---detailCatalog--assignRUSearchField-vhi\"]"}
COMMAND: POST /session/5780a996aa8c51000aed420822d33f83/element/f.C12891CE133D59B6823BF6462A308BA2.d.70E68DB3660F9DF55ADB983311F41F0A.e.4796/click - {}
RESULT: {}
COMMAND: POST /session/5780a996aa8c51000aed420822d33f83/execute/async - {"script":"<script> [1562 bytes]","args":[{"selector":{"controlType":"sap.m.SearchField","viewName":"etm.portal.ui.managecatalogs.view.Detail","viewId":"application-managecatalogs-display-component---detailCatalog","searchOpenDialogs":true,"interaction":{"idSuffix":"I"}},"wdio_ui5_key":"etmportal.ui.managecatalogs.view.Detailsap.m.SearchField"}]}
COMMAND: GET /session/5780a996aa8c51000aed420822d33f83/screenshot - {}
RESULT: {"script":"<script> [1562 bytes]","args":[{"selector":{"controlType":"sap.m.SearchField","viewName":"etm.portal.ui.managecatalogs.view.Detail","viewId":"application-managecatalogs-display-component---detailCatalog","searchOpenDialogs":true,"interaction":{"idSuffix":"I"}},"wdio_ui5_key":"etmportal.ui.managecatalogs.view.Detailsap.m.SearchField"}]}
RESULT: undefined
COMMAND: POST /session/5780a996aa8c51000aed420822d33f83/execute/async - {"script":"<script> [776 bytes]","args":[{"enterText":"WebdriverRUR2Czzmu1","selector":{"controlType":"sap.m.SearchField","viewName":"etm.portal.ui.managecatalogs.view.Detail","viewId":"application-managecatalogs-display-component---detailCatalog","searchOpenDialogs":true,"interaction":{"idSuffix":"I"}},"clearTextFirst":true,"interactionType":"ENTER_TEXT"}]}
RESULT: {}
RESULT: {"script":"<script> [776 bytes]","args":[{"enterText":"WebdriverRUR2Czzmu1","selector":{"controlType":"sap.m.SearchField","viewName":"etm.portal.ui.managecatalogs.view.Detail","viewId":"application-managecatalogs-display-component---detailCatalog","searchOpenDialogs":true,"interaction":{"idSuffix":"I"}},"clearTextFirst":true,"interactionType":"ENTER_TEXT"}]}
COMMAND: POST /session/5780a996aa8c51000aed420822d33f83/actions - {"actions":[{"id":"action20","type":"key","parameters":{},"actions":[{"type":"keyDown","value":"î€‡"},{"type":"pause","duration":10},{"type":"keyUp","value":"î€‡"}]}]}
RESULT: {"actions":[{"id":"action20","type":"key","parameters":{},"actions":[{"type":"keyDown","value":"î€‡"},{"type":"pause","duration":10},{"type":"keyUp","value":"î€‡"}]}]}
COMMAND: GET /session/5780a996aa8c51000aed420822d33f83/screenshot - {}
RESULT: {}
COMMAND: POST /session/5780a996aa8c51000aed420822d33f83/element - {"using":"xpath","value":"(//span[contains(text(), \"WebdriverRUR2Czzmu1\")])[1]"}
RESULT: {"using":"xpath","value":"(//span[contains(text(), \"WebdriverRUR2Czzmu1\")])[1]"}
COMMAND: POST /session/5780a996aa8c51000aed420822d33f83/element/f.C12891CE133D59B6823BF6462A308BA2.d.70E68DB3660F9DF55ADB983311F41F0A.e.4814/click - {}
RESULT: {}
COMMAND: POST /session/5780a996aa8c51000aed420822d33f83/execute/async - {"script":"<script> [1562 bytes]","args":[{"selector":{"id":"application-managecatalogs-display-component---detailCatalog--RUAssignmentSaveButton","searchOpenDialogs":true,"interaction":{"idSuffix":"BDI-content"}},"wdio_ui5_key":"applicationmanagecatalogs-display-component---detailCatalog--RUAssignmentSaveButton"}]}
COMMAND: GET /session/5780a996aa8c51000aed420822d33f83/screenshot - {}
RESULT: {"script":"<script> [1562 bytes]","args":[{"selector":{"id":"application-managecatalogs-display-component---detailCatalog--RUAssignmentSaveButton","searchOpenDialogs":true,"interaction":{"idSuffix":"BDI-content"}},"wdio_ui5_key":"applicationmanagecatalogs-display-component---detailCatalog--RUAssignmentSaveButton"}]}
RESULT: undefined
COMMAND: POST /session/5780a996aa8c51000aed420822d33f83/element - {"using":"xpath","value":"//*[@id=\"application-managecatalogs-display-component---detailCatalog--RUAssignmentSaveButton\"]"}
RESULT: {}
RESULT: {"using":"xpath","value":"//*[@id=\"application-managecatalogs-display-component---detailCatalog--RUAssignmentSaveButton\"]"}
COMMAND: POST /session/5780a996aa8c51000aed420822d33f83/element/f.C12891CE133D59B6823BF6462A308BA2.d.70E68DB3660F9DF55ADB983311F41F0A.e.4817/click - {}
RESULT: {}
COMMAND: GET /session/5780a996aa8c51000aed420822d33f83/screenshot - {}
RESULT: {}
COMMAND: POST /session/5780a996aa8c51000aed420822d33f83/element - {"using":"xpath","value":"//bdi[contains(text(), \"Save\")]"}
RESULT: {"using":"xpath","value":"//bdi[contains(text(), \"Save\")]"}
COMMAND: POST /session/5780a996aa8c51000aed420822d33f83/element/f.C12891CE133D59B6823BF6462A308BA2.d.70E68DB3660F9DF55ADB983311F41F0A.e.4839/click - {}
RESULT: {}
COMMAND: GET /session/5780a996aa8c51000aed420822d33f83/screenshot - {}
RESULT: {}
COMMAND: POST /session/5780a996aa8c51000aed420822d33f83/element - {"using":"css selector","value":"#shell-header-logo"}
RESULT: {"using":"css selector","value":"#shell-header-logo"}
COMMAND: POST /session/5780a996aa8c51000aed420822d33f83/element/f.C12891CE133D59B6823BF6462A308BA2.d.70E68DB3660F9DF55ADB983311F41F0A.e.4502/click - {}
RESULT: {}
COMMAND: GET /session/5780a996aa8c51000aed420822d33f83/screenshot - {}
RESULT: {}
]]></system-out>
    </testcase>
    <testcase classname="chrome.135_0_7049_96.windows.Standard_contract_-_add_contract_items_by_Insert_Request_US118222" name="Should create a new contract" time="78.85">
      <system-out><![CDATA[
COMMAND: POST /session/5780a996aa8c51000aed420822d33f83/execute/async - {"script":"<script> [1562 bytes]","args":[{"selector":{"controlType":"sap.m.Text","viewName":"etm.portal.ui.managecontractstile.view.Master","properties":{"text":"Manage Contracts"},"interaction":{"idSuffix":"inner"}},"wdio_ui5_key":"etmportal.ui.managecontractstile.view.Mastersap.m.Text{\"text\":\"Manage Contracts\"}"}]}
RESULT: {"script":"<script> [1562 bytes]","args":[{"selector":{"controlType":"sap.m.Text","viewName":"etm.portal.ui.managecontractstile.view.Master","properties":{"text":"Manage Contracts"},"interaction":{"idSuffix":"inner"}},"wdio_ui5_key":"etmportal.ui.managecontractstile.view.Mastersap.m.Text{\"text\":\"Manage Contracts\"}"}]}
RESULT: undefined
COMMAND: POST /session/5780a996aa8c51000aed420822d33f83/element - {"using":"xpath","value":"//*[@id=\"__tile130-title\"]"}
RESULT: {"using":"xpath","value":"//*[@id=\"__tile130-title\"]"}
COMMAND: POST /session/5780a996aa8c51000aed420822d33f83/element/f.C12891CE133D59B6823BF6462A308BA2.d.70E68DB3660F9DF55ADB983311F41F0A.e.4876/click - {}
RESULT: {}
COMMAND: GET /session/5780a996aa8c51000aed420822d33f83/screenshot - {}
RESULT: {}
COMMAND: POST /session/5780a996aa8c51000aed420822d33f83/element - {"using":"xpath","value":"//button[@data-kt=\"addButton\"]"}
RESULT: {"using":"xpath","value":"//button[@data-kt=\"addButton\"]"}
COMMAND: POST /session/5780a996aa8c51000aed420822d33f83/element/f.C12891CE133D59B6823BF6462A308BA2.d.70E68DB3660F9DF55ADB983311F41F0A.e.4930/click - {}
RESULT: {}
COMMAND: GET /session/5780a996aa8c51000aed420822d33f83/screenshot - {}
RESULT: {}
COMMAND: POST /session/5780a996aa8c51000aed420822d33f83/execute/async - {"script":"<script> [1562 bytes]","args":[{"selector":{"id":"application-managecontracts-display-component---AddNewContract--projectDescription","interaction":{"idSuffix":"inner"}},"wdio_ui5_key":"applicationmanagecontracts-display-component---AddNewContract--projectDescription"}]}
RESULT: {"script":"<script> [1562 bytes]","args":[{"selector":{"id":"application-managecontracts-display-component---AddNewContract--projectDescription","interaction":{"idSuffix":"inner"}},"wdio_ui5_key":"applicationmanagecontracts-display-component---AddNewContract--projectDescription"}]}
RESULT: undefined
COMMAND: POST /session/5780a996aa8c51000aed420822d33f83/execute/async - {"script":"<script> [776 bytes]","args":[{"enterText":"WdIOR2c4c23n","selector":{"id":"application-managecontracts-display-component---AddNewContract--projectDescription","interaction":{"idSuffix":"inner"}},"clearTextFirst":true,"interactionType":"ENTER_TEXT"}]}
RESULT: {"script":"<script> [776 bytes]","args":[{"enterText":"WdIOR2c4c23n","selector":{"id":"application-managecontracts-display-component---AddNewContract--projectDescription","interaction":{"idSuffix":"inner"}},"clearTextFirst":true,"interactionType":"ENTER_TEXT"}]}
COMMAND: POST /session/5780a996aa8c51000aed420822d33f83/element - {"using":"xpath","value":"//input[@id=\"application-managecontracts-display-component---AddNewContract--yardId-inner\"]"}
RESULT: {"using":"xpath","value":"//input[@id=\"application-managecontracts-display-component---AddNewContract--yardId-inner\"]"}
COMMAND: POST /session/5780a996aa8c51000aed420822d33f83/element/f.C12891CE133D59B6823BF6462A308BA2.d.70E68DB3660F9DF55ADB983311F41F0A.e.5210/clear - {}
RESULT: {}
COMMAND: POST /session/5780a996aa8c51000aed420822d33f83/element/f.C12891CE133D59B6823BF6462A308BA2.d.70E68DB3660F9DF55ADB983311F41F0A.e.5210/value - {"text":"WebdriverYard1hgd5"}
COMMAND: GET /session/5780a996aa8c51000aed420822d33f83/screenshot - {}
RESULT: {"text":"WebdriverYard1hgd5"}
COMMAND: GET /session/5780a996aa8c51000aed420822d33f83/screenshot - {}
RESULT: {}
RESULT: {}
COMMAND: POST /session/5780a996aa8c51000aed420822d33f83/actions - {"actions":[{"id":"action21","type":"key","parameters":{},"actions":[{"type":"keyDown","value":"î€‡"},{"type":"pause","duration":10},{"type":"keyUp","value":"î€‡"}]}]}
RESULT: {"actions":[{"id":"action21","type":"key","parameters":{},"actions":[{"type":"keyDown","value":"î€‡"},{"type":"pause","duration":10},{"type":"keyUp","value":"î€‡"}]}]}
COMMAND: GET /session/5780a996aa8c51000aed420822d33f83/screenshot - {}
RESULT: {}
COMMAND: POST /session/5780a996aa8c51000aed420822d33f83/element - {"using":"xpath","value":"//input[@id=\"application-managecontracts-display-component---AddNewContract--customerSelect-inner\"]"}
RESULT: {"using":"xpath","value":"//input[@id=\"application-managecontracts-display-component---AddNewContract--customerSelect-inner\"]"}
COMMAND: POST /session/5780a996aa8c51000aed420822d33f83/element/f.C12891CE133D59B6823BF6462A308BA2.d.70E68DB3660F9DF55ADB983311F41F0A.e.5208/clear - {}
RESULT: {}
COMMAND: POST /session/5780a996aa8c51000aed420822d33f83/element/f.C12891CE133D59B6823BF6462A308BA2.d.70E68DB3660F9DF55ADB983311F41F0A.e.5208/value - {"text":"WebdriverPartnergxi0t"}
COMMAND: GET /session/5780a996aa8c51000aed420822d33f83/screenshot - {}
RESULT: {"text":"WebdriverPartnergxi0t"}
COMMAND: GET /session/5780a996aa8c51000aed420822d33f83/screenshot - {}
RESULT: {}
RESULT: {}
COMMAND: POST /session/5780a996aa8c51000aed420822d33f83/actions - {"actions":[{"id":"action22","type":"key","parameters":{},"actions":[{"type":"keyDown","value":"î€‡"},{"type":"pause","duration":10},{"type":"keyUp","value":"î€‡"}]}]}
RESULT: {"actions":[{"id":"action22","type":"key","parameters":{},"actions":[{"type":"keyDown","value":"î€‡"},{"type":"pause","duration":10},{"type":"keyUp","value":"î€‡"}]}]}
COMMAND: GET /session/5780a996aa8c51000aed420822d33f83/screenshot - {}
RESULT: {}
COMMAND: POST /session/5780a996aa8c51000aed420822d33f83/element - {"using":"xpath","value":"//input[@id=\"application-managecontracts-display-component---AddNewContract--site-inner\"]"}
RESULT: {"using":"xpath","value":"//input[@id=\"application-managecontracts-display-component---AddNewContract--site-inner\"]"}
COMMAND: POST /session/5780a996aa8c51000aed420822d33f83/element/f.C12891CE133D59B6823BF6462A308BA2.d.70E68DB3660F9DF55ADB983311F41F0A.e.5209/clear - {}
RESULT: {}
COMMAND: POST /session/5780a996aa8c51000aed420822d33f83/element/f.C12891CE133D59B6823BF6462A308BA2.d.70E68DB3660F9DF55ADB983311F41F0A.e.5209/value - {"text":"WebdriverSitev8oak"}
COMMAND: GET /session/5780a996aa8c51000aed420822d33f83/screenshot - {}
RESULT: {"text":"WebdriverSitev8oak"}
COMMAND: GET /session/5780a996aa8c51000aed420822d33f83/screenshot - {}
RESULT: {}
RESULT: {}
COMMAND: POST /session/5780a996aa8c51000aed420822d33f83/actions - {"actions":[{"id":"action23","type":"key","parameters":{},"actions":[{"type":"keyDown","value":"î€‡"},{"type":"pause","duration":10},{"type":"keyUp","value":"î€‡"}]}]}
RESULT: {"actions":[{"id":"action23","type":"key","parameters":{},"actions":[{"type":"keyDown","value":"î€‡"},{"type":"pause","duration":10},{"type":"keyUp","value":"î€‡"}]}]}
COMMAND: GET /session/5780a996aa8c51000aed420822d33f83/screenshot - {}
RESULT: {}
COMMAND: POST /session/5780a996aa8c51000aed420822d33f83/element - {"using":"xpath","value":"//button[@data-kt=\"saveButton\"]"}
RESULT: {"using":"xpath","value":"//button[@data-kt=\"saveButton\"]"}
COMMAND: POST /session/5780a996aa8c51000aed420822d33f83/element/f.C12891CE133D59B6823BF6462A308BA2.d.70E68DB3660F9DF55ADB983311F41F0A.e.5233/click - {}
RESULT: {}
COMMAND: GET /session/5780a996aa8c51000aed420822d33f83/screenshot - {}
RESULT: {}
COMMAND: POST /session/5780a996aa8c51000aed420822d33f83/execute/async - {"script":"<script> [1562 bytes]","args":[{"selector":{"id":"contractDetailTitleNoExpanded","viewName":"etm.portal.ui.managecontracts.view.Detail"},"wdio_ui5_key":"contractDetailTitleNoExpandedetmportal.ui.managecontracts.view.Detail"}]}
RESULT: {"script":"<script> [1562 bytes]","args":[{"selector":{"id":"contractDetailTitleNoExpanded","viewName":"etm.portal.ui.managecontracts.view.Detail"},"wdio_ui5_key":"contractDetailTitleNoExpandedetmportal.ui.managecontracts.view.Detail"}]}
RESULT: undefined
COMMAND: POST /session/5780a996aa8c51000aed420822d33f83/execute/async - {"script":"<script> [6424 bytes]","args":[{"element-6066-11e4-a52e-4f735466cecf":"f.C12891CE133D59B6823BF6462A308BA2.d.70E68DB3660F9DF55ADB983311F41F0A.e.5313"},"getText",[]]}
RESULT: {"script":"<script> [6424 bytes]","args":[{"element-6066-11e4-a52e-4f735466cecf":"f.C12891CE133D59B6823BF6462A308BA2.d.70E68DB3660F9DF55ADB983311F41F0A.e.5313"},"getText",[]]}
]]></system-out>
    </testcase>
    <testcase classname="chrome.135_0_7049_96.windows.Standard_contract_-_add_contract_items_by_Insert_Request_US118222" name="Should create a new request and plan it" time="149.844">
      <system-out><![CDATA[
COMMAND: POST /session/5780a996aa8c51000aed420822d33f83/element - {"using":"css selector","value":"#shell-header-logo"}
RESULT: {"using":"css selector","value":"#shell-header-logo"}
COMMAND: POST /session/5780a996aa8c51000aed420822d33f83/element/f.C12891CE133D59B6823BF6462A308BA2.d.70E68DB3660F9DF55ADB983311F41F0A.e.4879/click - {}
RESULT: {}
COMMAND: GET /session/5780a996aa8c51000aed420822d33f83/screenshot - {}
RESULT: {}
COMMAND: POST /session/5780a996aa8c51000aed420822d33f83/execute/async - {"script":"<script> [1562 bytes]","args":[{"selector":{"controlType":"sap.m.GenericTile","properties":{"header":"Manage Requests"}},"wdio_ui5_key":"sapm.GenericTile{\"header\":\"Manage Requests\"}"}]}
RESULT: {"script":"<script> [1562 bytes]","args":[{"selector":{"controlType":"sap.m.GenericTile","properties":{"header":"Manage Requests"}},"wdio_ui5_key":"sapm.GenericTile{\"header\":\"Manage Requests\"}"}]}
RESULT: undefined
COMMAND: POST /session/5780a996aa8c51000aed420822d33f83/element - {"using":"xpath","value":"//*[@id=\"__tile47\"]"}
RESULT: {"using":"xpath","value":"//*[@id=\"__tile47\"]"}
COMMAND: POST /session/5780a996aa8c51000aed420822d33f83/element/f.C12891CE133D59B6823BF6462A308BA2.d.70E68DB3660F9DF55ADB983311F41F0A.e.5316/click - {}
RESULT: {}
COMMAND: GET /session/5780a996aa8c51000aed420822d33f83/screenshot - {}
RESULT: {}
COMMAND: POST /session/5780a996aa8c51000aed420822d33f83/element - {"using":"xpath","value":"//button[contains(@data-kt ,\"btnCreateNewOverflowToolbarButton\")]"}
COMMAND: POST /session/5780a996aa8c51000aed420822d33f83/element - {"using":"xpath","value":"(//span[contains(@class ,\"sapMObjStatusText\")])[1]"}
RESULT: {"using":"xpath","value":"//button[contains(@data-kt ,\"btnCreateNewOverflowToolbarButton\")]"}
COMMAND: POST /session/5780a996aa8c51000aed420822d33f83/element/f.C12891CE133D59B6823BF6462A308BA2.d.70E68DB3660F9DF55ADB983311F41F0A.e.5390/click - {}
RESULT: {"using":"xpath","value":"(//span[contains(@class ,\"sapMObjStatusText\")])[1]"}
COMMAND: POST /session/5780a996aa8c51000aed420822d33f83/execute/sync - {"script":"<script> [8489 bytes]","args":[{"element-6066-11e4-a52e-4f735466cecf":"f.C12891CE133D59B6823BF6462A308BA2.d.70E68DB3660F9DF55ADB983311F41F0A.e.5412","ELEMENT":"f.C12891CE133D59B6823BF6462A308BA2.d.70E68DB3660F9DF55ADB983311F41F0A.e.5412"}]}
RESULT: {}
COMMAND: GET /session/5780a996aa8c51000aed420822d33f83/screenshot - {}
COMMAND: POST /session/5780a996aa8c51000aed420822d33f83/element - {"using":"xpath","value":"(//span[contains(@class ,\"sapMObjStatusText\")])[1]"}
RESULT: {}
RESULT: {"using":"xpath","value":"(//span[contains(@class ,\"sapMObjStatusText\")])[1]"}
COMMAND: POST /session/5780a996aa8c51000aed420822d33f83/execute/sync - {"script":"<script> [8489 bytes]","args":[{"element-6066-11e4-a52e-4f735466cecf":"f.C12891CE133D59B6823BF6462A308BA2.d.70E68DB3660F9DF55ADB983311F41F0A.e.5756","ELEMENT":"f.C12891CE133D59B6823BF6462A308BA2.d.70E68DB3660F9DF55ADB983311F41F0A.e.5756"}]}
RESULT: {"script":"<script> [8489 bytes]","args":[{"element-6066-11e4-a52e-4f735466cecf":"f.C12891CE133D59B6823BF6462A308BA2.d.70E68DB3660F9DF55ADB983311F41F0A.e.5756","ELEMENT":"f.C12891CE133D59B6823BF6462A308BA2.d.70E68DB3660F9DF55ADB983311F41F0A.e.5756"}]}
COMMAND: GET /session/5780a996aa8c51000aed420822d33f83/screenshot - {}
RESULT: {}
COMMAND: POST /session/5780a996aa8c51000aed420822d33f83/element - {"using":"xpath","value":"//input[contains(@id ,\"yardId-inner\")]"}
RESULT: {"using":"xpath","value":"//input[contains(@id ,\"yardId-inner\")]"}
COMMAND: POST /session/5780a996aa8c51000aed420822d33f83/execute/sync - {"script":"<script> [8489 bytes]","args":[{"element-6066-11e4-a52e-4f735466cecf":"f.C12891CE133D59B6823BF6462A308BA2.d.70E68DB3660F9DF55ADB983311F41F0A.e.5618","ELEMENT":"f.C12891CE133D59B6823BF6462A308BA2.d.70E68DB3660F9DF55ADB983311F41F0A.e.5618"}]}
RESULT: {"script":"<script> [8489 bytes]","args":[{"element-6066-11e4-a52e-4f735466cecf":"f.C12891CE133D59B6823BF6462A308BA2.d.70E68DB3660F9DF55ADB983311F41F0A.e.5618","ELEMENT":"f.C12891CE133D59B6823BF6462A308BA2.d.70E68DB3660F9DF55ADB983311F41F0A.e.5618"}]}
COMMAND: POST /session/5780a996aa8c51000aed420822d33f83/element - {"using":"xpath","value":"//input[contains(@id ,\"requestContractNo-inner\")]"}
COMMAND: POST /session/5780a996aa8c51000aed420822d33f83/element - {"using":"xpath","value":"//input[contains(@id ,\"requestContractNo-inner\")]"}
COMMAND: GET /session/5780a996aa8c51000aed420822d33f83/screenshot - {}
RESULT: {"using":"xpath","value":"//input[contains(@id ,\"requestContractNo-inner\")]"}
COMMAND: POST /session/5780a996aa8c51000aed420822d33f83/element/f.C12891CE133D59B6823BF6462A308BA2.d.70E68DB3660F9DF55ADB983311F41F0A.e.5613/value - {"text":"10422"}
RESULT: {"using":"xpath","value":"//input[contains(@id ,\"requestContractNo-inner\")]"}
COMMAND: GET /session/5780a996aa8c51000aed420822d33f83/element/f.C12891CE133D59B6823BF6462A308BA2.d.70E68DB3660F9DF55ADB983311F41F0A.e.5613/enabled - {}
RESULT: {}
RESULT: {"text":"10422"}
COMMAND: GET /session/5780a996aa8c51000aed420822d33f83/screenshot - {}
RESULT: {}
COMMAND: GET /session/5780a996aa8c51000aed420822d33f83/screenshot - {}
RESULT: {}
RESULT: {}
COMMAND: POST /session/5780a996aa8c51000aed420822d33f83/actions - {"actions":[{"id":"action24","type":"key","parameters":{},"actions":[{"type":"keyDown","value":"î€‡"},{"type":"pause","duration":10},{"type":"keyUp","value":"î€‡"}]}]}
RESULT: {"actions":[{"id":"action24","type":"key","parameters":{},"actions":[{"type":"keyDown","value":"î€‡"},{"type":"pause","duration":10},{"type":"keyUp","value":"î€‡"}]}]}
COMMAND: GET /session/5780a996aa8c51000aed420822d33f83/screenshot - {}
RESULT: {}
COMMAND: POST /session/5780a996aa8c51000aed420822d33f83/execute/async - {"script":"<script> [1562 bytes]","args":[{"selector":{"controlType":"sap.ui.core.Icon","viewName":"etm.portal.ui.managerequests.view.NewRequest","properties":{"src":{"regex":{"source":"add"}}}},"wdio_ui5_key":"etmportal.ui.managerequests.view.NewRequestsap.ui.core.Icon{\"src\":{\"regex\":{\"source\":\"add\"}}}"}]}
RESULT: {"script":"<script> [1562 bytes]","args":[{"selector":{"controlType":"sap.ui.core.Icon","viewName":"etm.portal.ui.managerequests.view.NewRequest","properties":{"src":{"regex":{"source":"add"}}}},"wdio_ui5_key":"etmportal.ui.managerequests.view.NewRequestsap.ui.core.Icon{\"src\":{\"regex\":{\"source\":\"add\"}}}"}]}
RESULT: undefined
COMMAND: POST /session/5780a996aa8c51000aed420822d33f83/element - {"using":"xpath","value":"//*[@id=\"__xmlview61--btnAddTableRow-img\"]"}
RESULT: {"using":"xpath","value":"//*[@id=\"__xmlview61--btnAddTableRow-img\"]"}
COMMAND: POST /session/5780a996aa8c51000aed420822d33f83/element/f.C12891CE133D59B6823BF6462A308BA2.d.70E68DB3660F9DF55ADB983311F41F0A.e.5592/click - {}
RESULT: {}
COMMAND: GET /session/5780a996aa8c51000aed420822d33f83/screenshot - {}
RESULT: {}
COMMAND: POST /session/5780a996aa8c51000aed420822d33f83/execute/async - {"script":"<script> [1562 bytes]","args":[{"selector":{"controlType":"sap.ui.unified.MenuItem","viewName":"etm.portal.ui.managerequests.view.NewRequest","i18NText":{"propertyName":"text","key":"standardEntry"},"searchOpenDialogs":true,"interaction":{"idSuffix":"txt"}},"wdio_ui5_key":"etmportal.ui.managerequests.view.NewRequestsap.ui.unified.MenuItem{\"propertyName\":\"text\",\"key\":\"standardEntry\"}"}]}
RESULT: {"script":"<script> [1562 bytes]","args":[{"selector":{"controlType":"sap.ui.unified.MenuItem","viewName":"etm.portal.ui.managerequests.view.NewRequest","i18NText":{"propertyName":"text","key":"standardEntry"},"searchOpenDialogs":true,"interaction":{"idSuffix":"txt"}},"wdio_ui5_key":"etmportal.ui.managerequests.view.NewRequestsap.ui.unified.MenuItem{\"propertyName\":\"text\",\"key\":\"standardEntry\"}"}]}
RESULT: undefined
COMMAND: POST /session/5780a996aa8c51000aed420822d33f83/element - {"using":"xpath","value":"//*[@id=\"__item1914\"]"}
RESULT: {"using":"xpath","value":"//*[@id=\"__item1914\"]"}
COMMAND: POST /session/5780a996aa8c51000aed420822d33f83/element/f.C12891CE133D59B6823BF6462A308BA2.d.70E68DB3660F9DF55ADB983311F41F0A.e.5768/click - {}
RESULT: {}
COMMAND: GET /session/5780a996aa8c51000aed420822d33f83/screenshot - {}
RESULT: {}
RESULT: undefined
COMMAND: POST /session/5780a996aa8c51000aed420822d33f83/element - {"using":"xpath","value":"//*[@id=\"__xmlview61--btnAddTableRow-img\"]"}
RESULT: {"using":"xpath","value":"//*[@id=\"__xmlview61--btnAddTableRow-img\"]"}
COMMAND: POST /session/5780a996aa8c51000aed420822d33f83/element/f.C12891CE133D59B6823BF6462A308BA2.d.70E68DB3660F9DF55ADB983311F41F0A.e.5592/click - {}
RESULT: {}
COMMAND: GET /session/5780a996aa8c51000aed420822d33f83/screenshot - {}
RESULT: {}
RESULT: undefined
COMMAND: POST /session/5780a996aa8c51000aed420822d33f83/element - {"using":"xpath","value":"//*[@id=\"__item1914\"]"}
RESULT: {"using":"xpath","value":"//*[@id=\"__item1914\"]"}
COMMAND: POST /session/5780a996aa8c51000aed420822d33f83/element/f.C12891CE133D59B6823BF6462A308BA2.d.70E68DB3660F9DF55ADB983311F41F0A.e.5780/click - {}
RESULT: {}
COMMAND: GET /session/5780a996aa8c51000aed420822d33f83/screenshot - {}
RESULT: {}
COMMAND: POST /session/5780a996aa8c51000aed420822d33f83/element - {"using":"xpath","value":"(//input[contains(@id ,\"requestItemsTable-0-inner\")])[1]"}
RESULT: {"using":"xpath","value":"(//input[contains(@id ,\"requestItemsTable-0-inner\")])[1]"}
COMMAND: POST /session/5780a996aa8c51000aed420822d33f83/element/f.C12891CE133D59B6823BF6462A308BA2.d.70E68DB3660F9DF55ADB983311F41F0A.e.5770/clear - {}
RESULT: {}
COMMAND: POST /session/5780a996aa8c51000aed420822d33f83/element/f.C12891CE133D59B6823BF6462A308BA2.d.70E68DB3660F9DF55ADB983311F41F0A.e.5770/value - {"text":"catalogItemrn404k"}
COMMAND: GET /session/5780a996aa8c51000aed420822d33f83/screenshot - {}
RESULT: {"text":"catalogItemrn404k"}
COMMAND: GET /session/5780a996aa8c51000aed420822d33f83/screenshot - {}
RESULT: {}
RESULT: {}
COMMAND: POST /session/5780a996aa8c51000aed420822d33f83/actions - {"actions":[{"id":"action25","type":"key","parameters":{},"actions":[{"type":"keyDown","value":"î€‡"},{"type":"pause","duration":10},{"type":"keyUp","value":"î€‡"}]}]}
RESULT: {"actions":[{"id":"action25","type":"key","parameters":{},"actions":[{"type":"keyDown","value":"î€‡"},{"type":"pause","duration":10},{"type":"keyUp","value":"î€‡"}]}]}
COMMAND: POST /session/5780a996aa8c51000aed420822d33f83/element - {"using":"xpath","value":"(//input[contains(@id ,\"requestItemsTable-1-inner\")])[1]"}
COMMAND: GET /session/5780a996aa8c51000aed420822d33f83/screenshot - {}
RESULT: {"using":"xpath","value":"(//input[contains(@id ,\"requestItemsTable-1-inner\")])[1]"}
COMMAND: POST /session/5780a996aa8c51000aed420822d33f83/element/f.C12891CE133D59B6823BF6462A308BA2.d.70E68DB3660F9DF55ADB983311F41F0A.e.5782/clear - {}
RESULT: {}
RESULT: {}
COMMAND: POST /session/5780a996aa8c51000aed420822d33f83/element/f.C12891CE133D59B6823BF6462A308BA2.d.70E68DB3660F9DF55ADB983311F41F0A.e.5782/value - {"text":"catalogItemrn404k"}
COMMAND: GET /session/5780a996aa8c51000aed420822d33f83/screenshot - {}
RESULT: {"text":"catalogItemrn404k"}
COMMAND: GET /session/5780a996aa8c51000aed420822d33f83/screenshot - {}
RESULT: {}
RESULT: {}
COMMAND: POST /session/5780a996aa8c51000aed420822d33f83/actions - {"actions":[{"id":"action26","type":"key","parameters":{},"actions":[{"type":"keyDown","value":"î€‡"},{"type":"pause","duration":10},{"type":"keyUp","value":"î€‡"}]}]}
RESULT: {"actions":[{"id":"action26","type":"key","parameters":{},"actions":[{"type":"keyDown","value":"î€‡"},{"type":"pause","duration":10},{"type":"keyUp","value":"î€‡"}]}]}
COMMAND: GET /session/5780a996aa8c51000aed420822d33f83/screenshot - {}
RESULT: {}
COMMAND: POST /session/5780a996aa8c51000aed420822d33f83/execute/async - {"script":"<script> [1562 bytes]","args":[{"selector":{"controlType":"sap.ui.core.Icon","viewName":"etm.portal.ui.managerequests.view.NewRequest","properties":{"src":{"regex":{"source":"slim\\-arrow\\-down"}}},"ancestor":{"controlType":"sap.m.Button","viewName":"etm.portal.ui.managerequests.view.NewRequest","properties":{"icon":"sap-icon://slim-arrow-down"}}},"wdio_ui5_key":"etmportal.ui.managerequests.view.NewRequestsap.ui.core.Icon{\"src\":{\"regex\":{\"source\":\"slim\\\\-arrow\\\\-down\"}}}{\"controlType\":\"sap.m.Button\",\"viewName\":\"etm.portal.ui.managerequests.view.NewRequest\",\"properties\":{\"icon\":\"sap-icon://slim-arrow-down\"}}"}]}
RESULT: {"script":"<script> [1562 bytes]","args":[{"selector":{"controlType":"sap.ui.core.Icon","viewName":"etm.portal.ui.managerequests.view.NewRequest","properties":{"src":{"regex":{"source":"slim\\-arrow\\-down"}}},"ancestor":{"controlType":"sap.m.Button","viewName":"etm.portal.ui.managerequests.view.NewRequest","properties":{"icon":"sap-icon://slim-arrow-down"}}},"wdio_ui5_key":"etmportal.ui.managerequests.view.NewRequestsap.ui.core.Icon{\"src\":{\"regex\":{\"source\":\"slim\\\\-arrow\\\\-down\"}}}{\"controlType\":\"sap.m.Button\",\"viewName\":\"etm.portal.ui.managerequests.view.NewRequest\",\"properties\":{\"icon\":\"sap-icon://slim-arrow-down\"}}"}]}
RESULT: undefined
COMMAND: POST /session/5780a996aa8c51000aed420822d33f83/element - {"using":"xpath","value":"//*[@id=\"__title48-expandBtn-img\"]"}
RESULT: {"using":"xpath","value":"//*[@id=\"__title48-expandBtn-img\"]"}
COMMAND: POST /session/5780a996aa8c51000aed420822d33f83/element/f.C12891CE133D59B6823BF6462A308BA2.d.70E68DB3660F9DF55ADB983311F41F0A.e.5801/click - {}
RESULT: {}
COMMAND: POST /session/5780a996aa8c51000aed420822d33f83/element - {"using":"xpath","value":"//div[contains(@data-kt ,\"splitAllocationObjectStatus\")]"}
COMMAND: GET /session/5780a996aa8c51000aed420822d33f83/screenshot - {}
RESULT: {"using":"xpath","value":"//div[contains(@data-kt ,\"splitAllocationObjectStatus\")]"}
COMMAND: POST /session/5780a996aa8c51000aed420822d33f83/elements - {"using":"xpath","value":"//div[contains(@data-kt ,\"splitAllocationObjectStatus\")]"}
RESULT: {}
RESULT: {"using":"xpath","value":"//div[contains(@data-kt ,\"splitAllocationObjectStatus\")]"}
COMMAND: POST /session/5780a996aa8c51000aed420822d33f83/execute/async - {"script":"<script> [1562 bytes]","args":[{"selector":{"controlType":"sap.ui.core.Icon","viewName":"etm.portal.ui.managerequests.view.NewRequest","properties":{"src":{"regex":{"source":"message\\-error"}}},"ancestor":{"controlType":"sap.m.ColumnListItem","viewName":"etm.portal.ui.managerequests.view.NewRequest","bindingPath":{"modelName":"newRequestItems","path":"/RequestItems/0"},"ancestor":{"id":"requestItemsTable","viewName":"etm.portal.ui.managerequests.view.NewRequest"}}},"wdio_ui5_key":"etmportal.ui.managerequests.view.NewRequestsap.ui.core.Icon{\"src\":{\"regex\":{\"source\":\"message\\\\-error\"}}}{\"controlType\":\"sap.m.ColumnListItem\",\"viewName\":\"etm.portal.ui.managerequests.view.NewRequest\",\"bindingPath\":{\"modelName\":\"newRequestItems\",\"path\":\"/RequestItems/0\"},\"ancestor\":{\"id\":\"requestItemsTable\",\"viewName\":\"etm.portal.ui.managerequests.view.NewRequest\"}}"}]}
RESULT: {"script":"<script> [1562 bytes]","args":[{"selector":{"controlType":"sap.ui.core.Icon","viewName":"etm.portal.ui.managerequests.view.NewRequest","properties":{"src":{"regex":{"source":"message\\-error"}}},"ancestor":{"controlType":"sap.m.ColumnListItem","viewName":"etm.portal.ui.managerequests.view.NewRequest","bindingPath":{"modelName":"newRequestItems","path":"/RequestItems/0"},"ancestor":{"id":"requestItemsTable","viewName":"etm.portal.ui.managerequests.view.NewRequest"}}},"wdio_ui5_key":"etmportal.ui.managerequests.view.NewRequestsap.ui.core.Icon{\"src\":{\"regex\":{\"source\":\"message\\\\-error\"}}}{\"controlType\":\"sap.m.ColumnListItem\",\"viewName\":\"etm.portal.ui.managerequests.view.NewRequest\",\"bindingPath\":{\"modelName\":\"newRequestItems\",\"path\":\"/RequestItems/0\"},\"ancestor\":{\"id\":\"requestItemsTable\",\"viewName\":\"etm.portal.ui.managerequests.view.NewRequest\"}}"}]}
RESULT: undefined
COMMAND: POST /session/5780a996aa8c51000aed420822d33f83/element - {"using":"xpath","value":"//*[@id=\"__status15-__xmlview61--requestItemsTable-0-icon\"]"}
RESULT: {"using":"xpath","value":"//*[@id=\"__status15-__xmlview61--requestItemsTable-0-icon\"]"}
COMMAND: POST /session/5780a996aa8c51000aed420822d33f83/element/f.C12891CE133D59B6823BF6462A308BA2.d.70E68DB3660F9DF55ADB983311F41F0A.e.5806/click - {}
RESULT: {}
COMMAND: GET /session/5780a996aa8c51000aed420822d33f83/screenshot - {}
RESULT: {}
COMMAND: POST /session/5780a996aa8c51000aed420822d33f83/execute/async - {"script":"<script> [1562 bytes]","args":[{"selector":{"id":"costObjectAdminTypeComboBox","viewName":"etm.portal.ui.managerequests.view.NewRequest","searchOpenDialogs":true,"interaction":{"idSuffix":"inner"}},"wdio_ui5_key":"costObjectAdminTypeComboBoxetmportal.ui.managerequests.view.NewRequest"}]}
RESULT: {"script":"<script> [1562 bytes]","args":[{"selector":{"id":"costObjectAdminTypeComboBox","viewName":"etm.portal.ui.managerequests.view.NewRequest","searchOpenDialogs":true,"interaction":{"idSuffix":"inner"}},"wdio_ui5_key":"costObjectAdminTypeComboBoxetmportal.ui.managerequests.view.NewRequest"}]}
RESULT: undefined
COMMAND: POST /session/5780a996aa8c51000aed420822d33f83/execute/async - {"script":"<script> [776 bytes]","args":[{"enterText":"Cost Center","selector":{"id":"costObjectAdminTypeComboBox","viewName":"etm.portal.ui.managerequests.view.NewRequest","searchOpenDialogs":true,"interaction":{"idSuffix":"inner"}},"clearTextFirst":true,"interactionType":"ENTER_TEXT"}]}
RESULT: {"script":"<script> [776 bytes]","args":[{"enterText":"Cost Center","selector":{"id":"costObjectAdminTypeComboBox","viewName":"etm.portal.ui.managerequests.view.NewRequest","searchOpenDialogs":true,"interaction":{"idSuffix":"inner"}},"clearTextFirst":true,"interactionType":"ENTER_TEXT"}]}
COMMAND: POST /session/5780a996aa8c51000aed420822d33f83/actions - {"actions":[{"id":"action27","type":"key","parameters":{},"actions":[{"type":"keyDown","value":"î€‡"},{"type":"pause","duration":10},{"type":"keyUp","value":"î€‡"}]}]}
RESULT: {"actions":[{"id":"action27","type":"key","parameters":{},"actions":[{"type":"keyDown","value":"î€‡"},{"type":"pause","duration":10},{"type":"keyUp","value":"î€‡"}]}]}
COMMAND: GET /session/5780a996aa8c51000aed420822d33f83/screenshot - {}
RESULT: {}
COMMAND: POST /session/5780a996aa8c51000aed420822d33f83/execute/async - {"script":"<script> [1562 bytes]","args":[{"selector":{"controlType":"sap.ui.core.Icon","viewName":"etm.portal.ui.managerequests.view.NewRequest","properties":{"src":{"regex":{"source":"value\\-help"}}},"searchOpenDialogs":true},"wdio_ui5_key":"etmportal.ui.managerequests.view.NewRequestsap.ui.core.Icon{\"src\":{\"regex\":{\"source\":\"value\\\\-help\"}}}"}]}
RESULT: {"script":"<script> [1562 bytes]","args":[{"selector":{"controlType":"sap.ui.core.Icon","viewName":"etm.portal.ui.managerequests.view.NewRequest","properties":{"src":{"regex":{"source":"value\\-help"}}},"searchOpenDialogs":true},"wdio_ui5_key":"etmportal.ui.managerequests.view.NewRequestsap.ui.core.Icon{\"src\":{\"regex\":{\"source\":\"value\\\\-help\"}}}"}]}
RESULT: undefined
COMMAND: POST /session/5780a996aa8c51000aed420822d33f83/element - {"using":"xpath","value":"//*[@id=\"__xmlview61--costObjectIdComboBox-vhi\"]"}
RESULT: {"using":"xpath","value":"//*[@id=\"__xmlview61--costObjectIdComboBox-vhi\"]"}
COMMAND: POST /session/5780a996aa8c51000aed420822d33f83/element/f.C12891CE133D59B6823BF6462A308BA2.d.70E68DB3660F9DF55ADB983311F41F0A.e.5820/click - {}
RESULT: {}
COMMAND: POST /session/5780a996aa8c51000aed420822d33f83/execute/async - {"script":"<script> [1562 bytes]","args":[{"selector":{"controlType":"sap.m.SearchField","properties":{"placeholder":"Search"},"searchOpenDialogs":true,"interaction":{"idSuffix":"I"}},"wdio_ui5_key":"sapm.SearchField{\"placeholder\":\"Search\"}"}]}
COMMAND: GET /session/5780a996aa8c51000aed420822d33f83/screenshot - {}
RESULT: {"script":"<script> [1562 bytes]","args":[{"selector":{"controlType":"sap.m.SearchField","properties":{"placeholder":"Search"},"searchOpenDialogs":true,"interaction":{"idSuffix":"I"}},"wdio_ui5_key":"sapm.SearchField{\"placeholder\":\"Search\"}"}]}
RESULT: undefined
COMMAND: POST /session/5780a996aa8c51000aed420822d33f83/execute/async - {"script":"<script> [776 bytes]","args":[{"enterText":"10001013","selector":{"controlType":"sap.m.SearchField","properties":{"placeholder":"Search"},"searchOpenDialogs":true,"interaction":{"idSuffix":"I"}},"clearTextFirst":true,"interactionType":"ENTER_TEXT"}]}
RESULT: {}
RESULT: {"script":"<script> [776 bytes]","args":[{"enterText":"10001013","selector":{"controlType":"sap.m.SearchField","properties":{"placeholder":"Search"},"searchOpenDialogs":true,"interaction":{"idSuffix":"I"}},"clearTextFirst":true,"interactionType":"ENTER_TEXT"}]}
COMMAND: POST /session/5780a996aa8c51000aed420822d33f83/actions - {"actions":[{"id":"action28","type":"key","parameters":{},"actions":[{"type":"keyDown","value":"î€‡"},{"type":"pause","duration":10},{"type":"keyUp","value":"î€‡"}]}]}
RESULT: {"actions":[{"id":"action28","type":"key","parameters":{},"actions":[{"type":"keyDown","value":"î€‡"},{"type":"pause","duration":10},{"type":"keyUp","value":"î€‡"}]}]}
COMMAND: GET /session/5780a996aa8c51000aed420822d33f83/screenshot - {}
RESULT: {}
COMMAND: POST /session/5780a996aa8c51000aed420822d33f83/element - {"using":"xpath","value":"//span[contains(text(), \"General Management\")]"}
RESULT: {"using":"xpath","value":"//span[contains(text(), \"General Management\")]"}
COMMAND: POST /session/5780a996aa8c51000aed420822d33f83/element/f.C12891CE133D59B6823BF6462A308BA2.d.70E68DB3660F9DF55ADB983311F41F0A.e.5860/click - {}
RESULT: {}
COMMAND: GET /session/5780a996aa8c51000aed420822d33f83/screenshot - {}
RESULT: {}
COMMAND: POST /session/5780a996aa8c51000aed420822d33f83/element - {"using":"xpath","value":"//bdi[contains(text(), \"OK\")]"}
RESULT: {"using":"xpath","value":"//bdi[contains(text(), \"OK\")]"}
COMMAND: POST /session/5780a996aa8c51000aed420822d33f83/element/f.C12891CE133D59B6823BF6462A308BA2.d.70E68DB3660F9DF55ADB983311F41F0A.e.5861/click - {}
RESULT: {}
COMMAND: GET /session/5780a996aa8c51000aed420822d33f83/screenshot - {}
RESULT: {}
COMMAND: POST /session/5780a996aa8c51000aed420822d33f83/element - {"using":"xpath","value":"(//bdi[contains(@id ,\"BDI-content\")][contains(text(), \"Save\")])[1]"}
RESULT: {"using":"xpath","value":"(//bdi[contains(@id ,\"BDI-content\")][contains(text(), \"Save\")])[1]"}
COMMAND: POST /session/5780a996aa8c51000aed420822d33f83/element/f.C12891CE133D59B6823BF6462A308BA2.d.70E68DB3660F9DF55ADB983311F41F0A.e.5865/click - {}
RESULT: {}
COMMAND: GET /session/5780a996aa8c51000aed420822d33f83/screenshot - {}
RESULT: {}
COMMAND: POST /session/5780a996aa8c51000aed420822d33f83/execute/async - {"script":"<script> [1562 bytes]","args":[{"selector":{"controlType":"sap.ui.core.Icon","viewName":"etm.portal.ui.managerequests.view.NewRequest","properties":{"src":{"regex":{"source":"message\\-error"}}},"ancestor":{"controlType":"sap.m.ColumnListItem","viewName":"etm.portal.ui.managerequests.view.NewRequest","bindingPath":{"modelName":"newRequestItems","path":"/RequestItems/1"},"ancestor":{"id":"requestItemsTable","viewName":"etm.portal.ui.managerequests.view.NewRequest"}}},"wdio_ui5_key":"etmportal.ui.managerequests.view.NewRequestsap.ui.core.Icon{\"src\":{\"regex\":{\"source\":\"message\\\\-error\"}}}{\"controlType\":\"sap.m.ColumnListItem\",\"viewName\":\"etm.portal.ui.managerequests.view.NewRequest\",\"bindingPath\":{\"modelName\":\"newRequestItems\",\"path\":\"/RequestItems/1\"},\"ancestor\":{\"id\":\"requestItemsTable\",\"viewName\":\"etm.portal.ui.managerequests.view.NewRequest\"}}"}]}
RESULT: {"script":"<script> [1562 bytes]","args":[{"selector":{"controlType":"sap.ui.core.Icon","viewName":"etm.portal.ui.managerequests.view.NewRequest","properties":{"src":{"regex":{"source":"message\\-error"}}},"ancestor":{"controlType":"sap.m.ColumnListItem","viewName":"etm.portal.ui.managerequests.view.NewRequest","bindingPath":{"modelName":"newRequestItems","path":"/RequestItems/1"},"ancestor":{"id":"requestItemsTable","viewName":"etm.portal.ui.managerequests.view.NewRequest"}}},"wdio_ui5_key":"etmportal.ui.managerequests.view.NewRequestsap.ui.core.Icon{\"src\":{\"regex\":{\"source\":\"message\\\\-error\"}}}{\"controlType\":\"sap.m.ColumnListItem\",\"viewName\":\"etm.portal.ui.managerequests.view.NewRequest\",\"bindingPath\":{\"modelName\":\"newRequestItems\",\"path\":\"/RequestItems/1\"},\"ancestor\":{\"id\":\"requestItemsTable\",\"viewName\":\"etm.portal.ui.managerequests.view.NewRequest\"}}"}]}
RESULT: undefined
COMMAND: POST /session/5780a996aa8c51000aed420822d33f83/element - {"using":"xpath","value":"//*[@id=\"__status15-__xmlview61--requestItemsTable-1-icon\"]"}
RESULT: {"using":"xpath","value":"//*[@id=\"__status15-__xmlview61--requestItemsTable-1-icon\"]"}
COMMAND: POST /session/5780a996aa8c51000aed420822d33f83/element/f.C12891CE133D59B6823BF6462A308BA2.d.70E68DB3660F9DF55ADB983311F41F0A.e.5868/click - {}
RESULT: {}
COMMAND: GET /session/5780a996aa8c51000aed420822d33f83/screenshot - {}
RESULT: {}
RESULT: undefined
COMMAND: POST /session/5780a996aa8c51000aed420822d33f83/execute/async - {"script":"<script> [776 bytes]","args":[{"enterText":"Cost Center","selector":{"id":"costObjectAdminTypeComboBox","viewName":"etm.portal.ui.managerequests.view.NewRequest","searchOpenDialogs":true,"interaction":{"idSuffix":"inner"}},"clearTextFirst":true,"interactionType":"ENTER_TEXT"}]}
RESULT: {"script":"<script> [776 bytes]","args":[{"enterText":"Cost Center","selector":{"id":"costObjectAdminTypeComboBox","viewName":"etm.portal.ui.managerequests.view.NewRequest","searchOpenDialogs":true,"interaction":{"idSuffix":"inner"}},"clearTextFirst":true,"interactionType":"ENTER_TEXT"}]}
COMMAND: POST /session/5780a996aa8c51000aed420822d33f83/actions - {"actions":[{"id":"action29","type":"key","parameters":{},"actions":[{"type":"keyDown","value":"î€‡"},{"type":"pause","duration":10},{"type":"keyUp","value":"î€‡"}]}]}
RESULT: {"actions":[{"id":"action29","type":"key","parameters":{},"actions":[{"type":"keyDown","value":"î€‡"},{"type":"pause","duration":10},{"type":"keyUp","value":"î€‡"}]}]}
COMMAND: GET /session/5780a996aa8c51000aed420822d33f83/screenshot - {}
RESULT: {}
RESULT: undefined
COMMAND: POST /session/5780a996aa8c51000aed420822d33f83/element - {"using":"xpath","value":"//*[@id=\"__xmlview61--costObjectIdComboBox-vhi\"]"}
RESULT: {"using":"xpath","value":"//*[@id=\"__xmlview61--costObjectIdComboBox-vhi\"]"}
COMMAND: POST /session/5780a996aa8c51000aed420822d33f83/element/f.C12891CE133D59B6823BF6462A308BA2.d.70E68DB3660F9DF55ADB983311F41F0A.e.5878/click - {}
RESULT: {}
RESULT: undefined
COMMAND: POST /session/5780a996aa8c51000aed420822d33f83/execute/async - {"script":"<script> [776 bytes]","args":[{"enterText":"10001013","selector":{"controlType":"sap.m.SearchField","properties":{"placeholder":"Search"},"searchOpenDialogs":true,"interaction":{"idSuffix":"I"}},"clearTextFirst":true,"interactionType":"ENTER_TEXT"}]}
COMMAND: GET /session/5780a996aa8c51000aed420822d33f83/screenshot - {}
RESULT: {"script":"<script> [776 bytes]","args":[{"enterText":"10001013","selector":{"controlType":"sap.m.SearchField","properties":{"placeholder":"Search"},"searchOpenDialogs":true,"interaction":{"idSuffix":"I"}},"clearTextFirst":true,"interactionType":"ENTER_TEXT"}]}
COMMAND: POST /session/5780a996aa8c51000aed420822d33f83/actions - {"actions":[{"id":"action30","type":"key","parameters":{},"actions":[{"type":"keyDown","value":"î€‡"},{"type":"pause","duration":10},{"type":"keyUp","value":"î€‡"}]}]}
RESULT: {}
RESULT: {"actions":[{"id":"action30","type":"key","parameters":{},"actions":[{"type":"keyDown","value":"î€‡"},{"type":"pause","duration":10},{"type":"keyUp","value":"î€‡"}]}]}
COMMAND: GET /session/5780a996aa8c51000aed420822d33f83/screenshot - {}
RESULT: {}
COMMAND: POST /session/5780a996aa8c51000aed420822d33f83/element - {"using":"xpath","value":"//span[contains(text(), \"General Management\")]"}
RESULT: {"using":"xpath","value":"//span[contains(text(), \"General Management\")]"}
COMMAND: POST /session/5780a996aa8c51000aed420822d33f83/element/f.C12891CE133D59B6823BF6462A308BA2.d.70E68DB3660F9DF55ADB983311F41F0A.e.5916/click - {}
RESULT: {}
COMMAND: GET /session/5780a996aa8c51000aed420822d33f83/screenshot - {}
RESULT: {}
COMMAND: POST /session/5780a996aa8c51000aed420822d33f83/element - {"using":"xpath","value":"//bdi[contains(text(), \"OK\")]"}
RESULT: {"using":"xpath","value":"//bdi[contains(text(), \"OK\")]"}
COMMAND: POST /session/5780a996aa8c51000aed420822d33f83/element/f.C12891CE133D59B6823BF6462A308BA2.d.70E68DB3660F9DF55ADB983311F41F0A.e.5917/click - {}
RESULT: {}
COMMAND: GET /session/5780a996aa8c51000aed420822d33f83/screenshot - {}
RESULT: {}
COMMAND: POST /session/5780a996aa8c51000aed420822d33f83/element - {"using":"xpath","value":"(//bdi[contains(@id ,\"BDI-content\")][contains(text(), \"Save\")])[1]"}
RESULT: {"using":"xpath","value":"(//bdi[contains(@id ,\"BDI-content\")][contains(text(), \"Save\")])[1]"}
COMMAND: POST /session/5780a996aa8c51000aed420822d33f83/element/f.C12891CE133D59B6823BF6462A308BA2.d.70E68DB3660F9DF55ADB983311F41F0A.e.5921/click - {}
RESULT: {}
COMMAND: GET /session/5780a996aa8c51000aed420822d33f83/screenshot - {}
RESULT: {}
COMMAND: POST /session/5780a996aa8c51000aed420822d33f83/execute/async - {"script":"<script> [1562 bytes]","args":[{"selector":{"controlType":"sap.m.Button","viewName":"etm.portal.ui.managerequests.view.NewRequest","i18NText":{"propertyName":"tooltip","key":"save"},"interaction":{"idSuffix":"content"}},"wdio_ui5_key":"etmportal.ui.managerequests.view.NewRequestsap.m.Button{\"propertyName\":\"tooltip\",\"key\":\"save\"}"}]}
RESULT: {"script":"<script> [1562 bytes]","args":[{"selector":{"controlType":"sap.m.Button","viewName":"etm.portal.ui.managerequests.view.NewRequest","i18NText":{"propertyName":"tooltip","key":"save"},"interaction":{"idSuffix":"content"}},"wdio_ui5_key":"etmportal.ui.managerequests.view.NewRequestsap.m.Button{\"propertyName\":\"tooltip\",\"key\":\"save\"}"}]}
RESULT: undefined
COMMAND: POST /session/5780a996aa8c51000aed420822d33f83/element - {"using":"xpath","value":"//*[@id=\"__button105\"]"}
RESULT: {"using":"xpath","value":"//*[@id=\"__button105\"]"}
COMMAND: POST /session/5780a996aa8c51000aed420822d33f83/element/f.C12891CE133D59B6823BF6462A308BA2.d.70E68DB3660F9DF55ADB983311F41F0A.e.5688/click - {}
RESULT: {}
COMMAND: GET /session/5780a996aa8c51000aed420822d33f83/screenshot - {}
RESULT: {}
COMMAND: POST /session/5780a996aa8c51000aed420822d33f83/execute/async - {"script":"<script> [1562 bytes]","args":[{"selector":{"controlType":"sap.m.Title","properties":{"text":"Success"},"searchOpenDialogs":true},"wdio_ui5_key":"sapm.Title{\"text\":\"Success\"}"}]}
RESULT: {"script":"<script> [1562 bytes]","args":[{"selector":{"controlType":"sap.m.Title","properties":{"text":"Success"},"searchOpenDialogs":true},"wdio_ui5_key":"sapm.Title{\"text\":\"Success\"}"}]}
RESULT: undefined
COMMAND: POST /session/5780a996aa8c51000aed420822d33f83/execute/async - {"script":"<script> [6424 bytes]","args":[{"element-6066-11e4-a52e-4f735466cecf":"f.C12891CE133D59B6823BF6462A308BA2.d.70E68DB3660F9DF55ADB983311F41F0A.e.5927"},"getText",[]]}
RESULT: {"script":"<script> [6424 bytes]","args":[{"element-6066-11e4-a52e-4f735466cecf":"f.C12891CE133D59B6823BF6462A308BA2.d.70E68DB3660F9DF55ADB983311F41F0A.e.5927"},"getText",[]]}
COMMAND: POST /session/5780a996aa8c51000aed420822d33f83/execute/async - {"script":"<script> [1562 bytes]","args":[{"selector":{"controlType":"sap.m.Button","properties":{"text":"Close"},"searchOpenDialogs":true,"interaction":{"idSuffix":"BDI-content"}},"wdio_ui5_key":"sapm.Button{\"text\":\"Close\"}"}]}
RESULT: {"script":"<script> [1562 bytes]","args":[{"selector":{"controlType":"sap.m.Button","properties":{"text":"Close"},"searchOpenDialogs":true,"interaction":{"idSuffix":"BDI-content"}},"wdio_ui5_key":"sapm.Button{\"text\":\"Close\"}"}]}
RESULT: undefined
COMMAND: POST /session/5780a996aa8c51000aed420822d33f83/element - {"using":"xpath","value":"//*[@id=\"__mbox-btn-4\"]"}
RESULT: {"using":"xpath","value":"//*[@id=\"__mbox-btn-4\"]"}
COMMAND: POST /session/5780a996aa8c51000aed420822d33f83/element/f.C12891CE133D59B6823BF6462A308BA2.d.70E68DB3660F9DF55ADB983311F41F0A.e.5926/click - {}
RESULT: {}
COMMAND: GET /session/5780a996aa8c51000aed420822d33f83/screenshot - {}
RESULT: {}
COMMAND: POST /session/5780a996aa8c51000aed420822d33f83/execute/async - {"script":"<script> [1562 bytes]","args":[{"selector":{"controlType":"sap.m.Text","viewName":"etm.portal.ui.managerequests.view.Detail","bindingPath":{"propertyPath":"NO","modelName":"catalogModel"}},"wdio_ui5_key":"etmportal.ui.managerequests.view.Detailsap.m.Text{\"propertyPath\":\"NO\",\"modelName\":\"catalogModel\"}"}]}
RESULT: {"script":"<script> [1562 bytes]","args":[{"selector":{"controlType":"sap.m.Text","viewName":"etm.portal.ui.managerequests.view.Detail","bindingPath":{"propertyPath":"NO","modelName":"catalogModel"}},"wdio_ui5_key":"etmportal.ui.managerequests.view.Detailsap.m.Text{\"propertyPath\":\"NO\",\"modelName\":\"catalogModel\"}"}]}
RESULT: undefined
COMMAND: POST /session/5780a996aa8c51000aed420822d33f83/execute/async - {"script":"<script> [6424 bytes]","args":[{"element-6066-11e4-a52e-4f735466cecf":"f.C12891CE133D59B6823BF6462A308BA2.d.70E68DB3660F9DF55ADB983311F41F0A.e.6056"},"getText",[]]}
RESULT: {"script":"<script> [6424 bytes]","args":[{"element-6066-11e4-a52e-4f735466cecf":"f.C12891CE133D59B6823BF6462A308BA2.d.70E68DB3660F9DF55ADB983311F41F0A.e.6056"},"getText",[]]}
COMMAND: POST /session/5780a996aa8c51000aed420822d33f83/execute/async - {"script":"<script> [1562 bytes]","args":[{"selector":{"controlType":"sap.ui.core.Icon","viewName":"etm.portal.ui.managerequests.view.Detail","properties":{"src":{"regex":{"source":"date\\-time"}}},"ancestor":{"controlType":"sap.m.ColumnListItem","viewName":"etm.portal.ui.managerequests.view.Detail","bindingPath":{"path":"/SmartRequestItemsPlanningBoard(ITEM=10m,REQUEST='20303')"},"ancestor":{"id":"requestItemsTable","viewName":"etm.portal.ui.managerequests.view.Detail"}}},"wdio_ui5_key":"etmportal.ui.managerequests.view.Detailsap.ui.core.Icon{\"src\":{\"regex\":{\"source\":\"date\\\\-time\"}}}{\"controlType\":\"sap.m.ColumnListItem\",\"viewName\":\"etm.portal.ui.managerequests.view.Detail\",\"bindingPath\":{\"path\":\"/SmartRequestItemsPlanningBoard(ITEM=10m,REQUEST='20303')\"},\"ancestor\":{\"id\":\"requestItemsTable\",\"viewName\":\"etm.portal.ui.managerequests.view.Detail\"}}"}]}
RESULT: {"script":"<script> [1562 bytes]","args":[{"selector":{"controlType":"sap.ui.core.Icon","viewName":"etm.portal.ui.managerequests.view.Detail","properties":{"src":{"regex":{"source":"date\\-time"}}},"ancestor":{"controlType":"sap.m.ColumnListItem","viewName":"etm.portal.ui.managerequests.view.Detail","bindingPath":{"path":"/SmartRequestItemsPlanningBoard(ITEM=10m,REQUEST='20303')"},"ancestor":{"id":"requestItemsTable","viewName":"etm.portal.ui.managerequests.view.Detail"}}},"wdio_ui5_key":"etmportal.ui.managerequests.view.Detailsap.ui.core.Icon{\"src\":{\"regex\":{\"source\":\"date\\\\-time\"}}}{\"controlType\":\"sap.m.ColumnListItem\",\"viewName\":\"etm.portal.ui.managerequests.view.Detail\",\"bindingPath\":{\"path\":\"/SmartRequestItemsPlanningBoard(ITEM=10m,REQUEST='20303')\"},\"ancestor\":{\"id\":\"requestItemsTable\",\"viewName\":\"etm.portal.ui.managerequests.view.Detail\"}}"}]}
RESULT: undefined
COMMAND: POST /session/5780a996aa8c51000aed420822d33f83/element - {"using":"xpath","value":"//*[@id=\"__button135-__clone6988-img\"]"}
RESULT: {"using":"xpath","value":"//*[@id=\"__button135-__clone6988-img\"]"}
COMMAND: POST /session/5780a996aa8c51000aed420822d33f83/element/f.C12891CE133D59B6823BF6462A308BA2.d.70E68DB3660F9DF55ADB983311F41F0A.e.6057/click - {}
RESULT: {}
COMMAND: POST /session/5780a996aa8c51000aed420822d33f83/execute/async - {"script":"<script> [1562 bytes]","args":[{"selector":{"controlType":"sap.m.Button","viewName":"etm.portal.ui.managerequests.view.Detail","properties":{"text":"Close"},"searchOpenDialogs":true,"interaction":{"idSuffix":"BDI-content"}},"wdio_ui5_key":"etmportal.ui.managerequests.view.Detailsap.m.Button{\"text\":\"Close\"}"}]}
COMMAND: GET /session/5780a996aa8c51000aed420822d33f83/screenshot - {}
RESULT: {"script":"<script> [1562 bytes]","args":[{"selector":{"controlType":"sap.m.Button","viewName":"etm.portal.ui.managerequests.view.Detail","properties":{"text":"Close"},"searchOpenDialogs":true,"interaction":{"idSuffix":"BDI-content"}},"wdio_ui5_key":"etmportal.ui.managerequests.view.Detailsap.m.Button{\"text\":\"Close\"}"}]}
RESULT: undefined
COMMAND: POST /session/5780a996aa8c51000aed420822d33f83/element - {"using":"xpath","value":"//*[@id=\"__button145\"]"}
RESULT: {}
RESULT: {"using":"xpath","value":"//*[@id=\"__button145\"]"}
COMMAND: POST /session/5780a996aa8c51000aed420822d33f83/element/f.C12891CE133D59B6823BF6462A308BA2.d.70E68DB3660F9DF55ADB983311F41F0A.e.6060/click - {}
RESULT: {}
COMMAND: POST /session/5780a996aa8c51000aed420822d33f83/execute/async - {"script":"<script> [1562 bytes]","args":[{"selector":{"controlType":"sap.ui.core.Icon","viewName":"etm.portal.ui.managerequests.view.Detail","properties":{"src":{"regex":{"source":"date\\-time"}}},"ancestor":{"controlType":"sap.m.ColumnListItem","viewName":"etm.portal.ui.managerequests.view.Detail","bindingPath":{"path":"/SmartRequestItemsPlanningBoard(ITEM=20m,REQUEST='20303')"},"ancestor":{"id":"requestItemsTable","viewName":"etm.portal.ui.managerequests.view.Detail"}}},"wdio_ui5_key":"etmportal.ui.managerequests.view.Detailsap.ui.core.Icon{\"src\":{\"regex\":{\"source\":\"date\\\\-time\"}}}{\"controlType\":\"sap.m.ColumnListItem\",\"viewName\":\"etm.portal.ui.managerequests.view.Detail\",\"bindingPath\":{\"path\":\"/SmartRequestItemsPlanningBoard(ITEM=20m,REQUEST='20303')\"},\"ancestor\":{\"id\":\"requestItemsTable\",\"viewName\":\"etm.portal.ui.managerequests.view.Detail\"}}"}]}
COMMAND: GET /session/5780a996aa8c51000aed420822d33f83/screenshot - {}
RESULT: {"script":"<script> [1562 bytes]","args":[{"selector":{"controlType":"sap.ui.core.Icon","viewName":"etm.portal.ui.managerequests.view.Detail","properties":{"src":{"regex":{"source":"date\\-time"}}},"ancestor":{"controlType":"sap.m.ColumnListItem","viewName":"etm.portal.ui.managerequests.view.Detail","bindingPath":{"path":"/SmartRequestItemsPlanningBoard(ITEM=20m,REQUEST='20303')"},"ancestor":{"id":"requestItemsTable","viewName":"etm.portal.ui.managerequests.view.Detail"}}},"wdio_ui5_key":"etmportal.ui.managerequests.view.Detailsap.ui.core.Icon{\"src\":{\"regex\":{\"source\":\"date\\\\-time\"}}}{\"controlType\":\"sap.m.ColumnListItem\",\"viewName\":\"etm.portal.ui.managerequests.view.Detail\",\"bindingPath\":{\"path\":\"/SmartRequestItemsPlanningBoard(ITEM=20m,REQUEST='20303')\"},\"ancestor\":{\"id\":\"requestItemsTable\",\"viewName\":\"etm.portal.ui.managerequests.view.Detail\"}}"}]}
RESULT: undefined
COMMAND: POST /session/5780a996aa8c51000aed420822d33f83/element - {"using":"xpath","value":"//*[@id=\"__button135-__clone6989-img\"]"}
RESULT: {}
RESULT: {"using":"xpath","value":"//*[@id=\"__button135-__clone6989-img\"]"}
COMMAND: POST /session/5780a996aa8c51000aed420822d33f83/element/f.C12891CE133D59B6823BF6462A308BA2.d.70E68DB3660F9DF55ADB983311F41F0A.e.6067/click - {}
RESULT: {}
RESULT: undefined
COMMAND: POST /session/5780a996aa8c51000aed420822d33f83/element - {"using":"xpath","value":"//*[@id=\"__button145\"]"}
COMMAND: GET /session/5780a996aa8c51000aed420822d33f83/screenshot - {}
RESULT: {"using":"xpath","value":"//*[@id=\"__button145\"]"}
COMMAND: POST /session/5780a996aa8c51000aed420822d33f83/elements - {"using":"xpath","value":"//*[@id=\"__button145\"]"}
RESULT: {}
RESULT: {"using":"xpath","value":"//*[@id=\"__button145\"]"}
COMMAND: POST /session/5780a996aa8c51000aed420822d33f83/element - {"using":"xpath","value":"//*[@id=\"__button145\"]"}
RESULT: {"using":"xpath","value":"//*[@id=\"__button145\"]"}
COMMAND: POST /session/5780a996aa8c51000aed420822d33f83/element/f.C12891CE133D59B6823BF6462A308BA2.d.70E68DB3660F9DF55ADB983311F41F0A.e.6082/click - {}
RESULT: {}
COMMAND: POST /session/5780a996aa8c51000aed420822d33f83/element - {"using":"css selector","value":"#shell-header-logo"}
COMMAND: GET /session/5780a996aa8c51000aed420822d33f83/screenshot - {}
RESULT: {"using":"css selector","value":"#shell-header-logo"}
COMMAND: POST /session/5780a996aa8c51000aed420822d33f83/element/f.C12891CE133D59B6823BF6462A308BA2.d.70E68DB3660F9DF55ADB983311F41F0A.e.5320/click - {}
RESULT: {}
RESULT: {}
COMMAND: GET /session/5780a996aa8c51000aed420822d33f83/screenshot - {}
RESULT: {}
]]></system-out>
    </testcase>
    <testcase classname="chrome.135_0_7049_96.windows.Standard_contract_-_add_contract_items_by_Insert_Request_US118222" name="Should insert the request into the contract" time="51.657">
      <system-out><![CDATA[
COMMAND: POST /session/5780a996aa8c51000aed420822d33f83/execute/async - {"script":"<script> [1562 bytes]","args":[{"selector":{"controlType":"sap.m.GenericTile","properties":{"header":"Manage Contracts"}},"wdio_ui5_key":"sapm.GenericTile{\"header\":\"Manage Contracts\"}"}]}
RESULT: {"script":"<script> [1562 bytes]","args":[{"selector":{"controlType":"sap.m.GenericTile","properties":{"header":"Manage Contracts"}},"wdio_ui5_key":"sapm.GenericTile{\"header\":\"Manage Contracts\"}"}]}
RESULT: undefined
COMMAND: POST /session/5780a996aa8c51000aed420822d33f83/element - {"using":"xpath","value":"//*[@id=\"__tile130\"]"}
RESULT: {"using":"xpath","value":"//*[@id=\"__tile130\"]"}
COMMAND: POST /session/5780a996aa8c51000aed420822d33f83/element/f.C12891CE133D59B6823BF6462A308BA2.d.70E68DB3660F9DF55ADB983311F41F0A.e.6085/click - {}
RESULT: {}
COMMAND: GET /session/5780a996aa8c51000aed420822d33f83/screenshot - {}
RESULT: {}
COMMAND: POST /session/5780a996aa8c51000aed420822d33f83/execute/async - {"script":"<script> [1562 bytes]","args":[{"selector":{"controlType":"sap.m.SearchField","viewName":"etm.portal.ui.managecontracts.view.Master","bindingPath":{"path":"","propertyPath":"/_BASIC_SEARCH_FIELD","modelName":"fi1t3rM0d31"},"interaction":{"idSuffix":"I"}},"wdio_ui5_key":"etmportal.ui.managecontracts.view.Mastersap.m.SearchField{\"path\":\"\",\"propertyPath\":\"/_BASIC_SEARCH_FIELD\",\"modelName\":\"fi1t3rM0d31\"}"}]}
RESULT: {"script":"<script> [1562 bytes]","args":[{"selector":{"controlType":"sap.m.SearchField","viewName":"etm.portal.ui.managecontracts.view.Master","bindingPath":{"path":"","propertyPath":"/_BASIC_SEARCH_FIELD","modelName":"fi1t3rM0d31"},"interaction":{"idSuffix":"I"}},"wdio_ui5_key":"etmportal.ui.managecontracts.view.Mastersap.m.SearchField{\"path\":\"\",\"propertyPath\":\"/_BASIC_SEARCH_FIELD\",\"modelName\":\"fi1t3rM0d31\"}"}]}
RESULT: undefined
COMMAND: POST /session/5780a996aa8c51000aed420822d33f83/execute/async - {"script":"<script> [776 bytes]","args":[{"enterText":"10422","selector":{"controlType":"sap.m.SearchField","viewName":"etm.portal.ui.managecontracts.view.Master","bindingPath":{"path":"","propertyPath":"/_BASIC_SEARCH_FIELD","modelName":"fi1t3rM0d31"},"interaction":{"idSuffix":"I"}},"clearTextFirst":true,"interactionType":"ENTER_TEXT"}]}
RESULT: {"script":"<script> [776 bytes]","args":[{"enterText":"10422","selector":{"controlType":"sap.m.SearchField","viewName":"etm.portal.ui.managecontracts.view.Master","bindingPath":{"path":"","propertyPath":"/_BASIC_SEARCH_FIELD","modelName":"fi1t3rM0d31"},"interaction":{"idSuffix":"I"}},"clearTextFirst":true,"interactionType":"ENTER_TEXT"}]}
COMMAND: POST /session/5780a996aa8c51000aed420822d33f83/actions - {"actions":[{"id":"action31","type":"key","parameters":{},"actions":[{"type":"keyDown","value":"î€‡"},{"type":"pause","duration":10},{"type":"keyUp","value":"î€‡"}]}]}
RESULT: {"actions":[{"id":"action31","type":"key","parameters":{},"actions":[{"type":"keyDown","value":"î€‡"},{"type":"pause","duration":10},{"type":"keyUp","value":"î€‡"}]}]}
COMMAND: GET /session/5780a996aa8c51000aed420822d33f83/screenshot - {}
RESULT: {}
COMMAND: POST /session/5780a996aa8c51000aed420822d33f83/execute/async - {"script":"<script> [1562 bytes]","args":[{"selector":{"controlType":"sap.ui.core.Icon","viewName":"etm.portal.ui.managecontracts.view.Master","properties":{"src":{"regex":{"source":"slim\\-arrow\\-right"}}}},"wdio_ui5_key":"etmportal.ui.managecontracts.view.Mastersap.ui.core.Icon{\"src\":{\"regex\":{\"source\":\"slim\\\\-arrow\\\\-right\"}}}"}]}
RESULT: {"script":"<script> [1562 bytes]","args":[{"selector":{"controlType":"sap.ui.core.Icon","viewName":"etm.portal.ui.managecontracts.view.Master","properties":{"src":{"regex":{"source":"slim\\-arrow\\-right"}}}},"wdio_ui5_key":"etmportal.ui.managecontracts.view.Mastersap.ui.core.Icon{\"src\":{\"regex\":{\"source\":\"slim\\\\-arrow\\\\-right\"}}}"}]}
RESULT: undefined
COMMAND: POST /session/5780a996aa8c51000aed420822d33f83/element - {"using":"xpath","value":"//*[@id=\"__item2204-__clone7097-imgNav\"]"}
RESULT: {"using":"xpath","value":"//*[@id=\"__item2204-__clone7097-imgNav\"]"}
COMMAND: POST /session/5780a996aa8c51000aed420822d33f83/element/f.C12891CE133D59B6823BF6462A308BA2.d.70E68DB3660F9DF55ADB983311F41F0A.e.6333/click - {}
RESULT: {}
COMMAND: POST /session/5780a996aa8c51000aed420822d33f83/execute/async - {"script":"<script> [1562 bytes]","args":[{"selector":{"id":"addRequestItemBtn","viewName":"etm.portal.ui.managecontracts.view.Detail","interaction":{"idSuffix":"BDI-content"}},"wdio_ui5_key":"addRequestItemBtnetmportal.ui.managecontracts.view.Detail"}]}
COMMAND: GET /session/5780a996aa8c51000aed420822d33f83/screenshot - {}
RESULT: {"script":"<script> [1562 bytes]","args":[{"selector":{"id":"addRequestItemBtn","viewName":"etm.portal.ui.managecontracts.view.Detail","interaction":{"idSuffix":"BDI-content"}},"wdio_ui5_key":"addRequestItemBtnetmportal.ui.managecontracts.view.Detail"}]}
RESULT: undefined
COMMAND: POST /session/5780a996aa8c51000aed420822d33f83/element - {"using":"xpath","value":"//*[@id=\"__xmlview64--addRequestItemBtn\"]"}
RESULT: {}
RESULT: {"using":"xpath","value":"//*[@id=\"__xmlview64--addRequestItemBtn\"]"}
COMMAND: POST /session/5780a996aa8c51000aed420822d33f83/element/f.C12891CE133D59B6823BF6462A308BA2.d.70E68DB3660F9DF55ADB983311F41F0A.e.6390/click - {}
RESULT: {}
COMMAND: GET /session/5780a996aa8c51000aed420822d33f83/screenshot - {}
RESULT: {}
COMMAND: POST /session/5780a996aa8c51000aed420822d33f83/element - {"using":"xpath","value":"//div[contains(@id ,\"popupRequestTable-sa-CbBg\")]"}
RESULT: {"using":"xpath","value":"//div[contains(@id ,\"popupRequestTable-sa-CbBg\")]"}
COMMAND: POST /session/5780a996aa8c51000aed420822d33f83/element/f.C12891CE133D59B6823BF6462A308BA2.d.70E68DB3660F9DF55ADB983311F41F0A.e.6505/click - {}
RESULT: {}
COMMAND: GET /session/5780a996aa8c51000aed420822d33f83/screenshot - {}
RESULT: {}
COMMAND: POST /session/5780a996aa8c51000aed420822d33f83/execute/async - {"script":"<script> [1562 bytes]","args":[{"selector":{"controlType":"sap.m.Button","viewName":"etm.portal.ui.managecontracts.view.Detail","i18NText":{"propertyName":"text","key":"selectionDone"},"searchOpenDialogs":true,"interaction":{"idSuffix":"BDI-content"}},"wdio_ui5_key":"etmportal.ui.managecontracts.view.Detailsap.m.Button{\"propertyName\":\"text\",\"key\":\"selectionDone\"}"}]}
RESULT: {"script":"<script> [1562 bytes]","args":[{"selector":{"controlType":"sap.m.Button","viewName":"etm.portal.ui.managecontracts.view.Detail","i18NText":{"propertyName":"text","key":"selectionDone"},"searchOpenDialogs":true,"interaction":{"idSuffix":"BDI-content"}},"wdio_ui5_key":"etmportal.ui.managecontracts.view.Detailsap.m.Button{\"propertyName\":\"text\",\"key\":\"selectionDone\"}"}]}
RESULT: undefined
COMMAND: POST /session/5780a996aa8c51000aed420822d33f83/element - {"using":"xpath","value":"//*[@id=\"__button157\"]"}
RESULT: {"using":"xpath","value":"//*[@id=\"__button157\"]"}
COMMAND: POST /session/5780a996aa8c51000aed420822d33f83/element/f.C12891CE133D59B6823BF6462A308BA2.d.70E68DB3660F9DF55ADB983311F41F0A.e.6508/click - {}
RESULT: {}
COMMAND: POST /session/5780a996aa8c51000aed420822d33f83/execute/async - {"script":"<script> [1562 bytes]","args":[{"selector":{"controlType":"sap.m.Text","properties":{"text":"Started processing request items into the contract."},"searchOpenDialogs":true},"wdio_ui5_key":"sapm.Text{\"text\":\"Started processing request items into the contract.\"}"}]}
COMMAND: GET /session/5780a996aa8c51000aed420822d33f83/screenshot - {}
RESULT: {}
RESULT: {"script":"<script> [1562 bytes]","args":[{"selector":{"controlType":"sap.m.Text","properties":{"text":"Started processing request items into the contract."},"searchOpenDialogs":true},"wdio_ui5_key":"sapm.Text{\"text\":\"Started processing request items into the contract.\"}"}]}
RESULT: undefined
COMMAND: POST /session/5780a996aa8c51000aed420822d33f83/execute/async - {"script":"<script> [6424 bytes]","args":[{"element-6066-11e4-a52e-4f735466cecf":"f.C12891CE133D59B6823BF6462A308BA2.d.70E68DB3660F9DF55ADB983311F41F0A.e.6510"},"getText",[]]}
RESULT: {"script":"<script> [6424 bytes]","args":[{"element-6066-11e4-a52e-4f735466cecf":"f.C12891CE133D59B6823BF6462A308BA2.d.70E68DB3660F9DF55ADB983311F41F0A.e.6510"},"getText",[]]}
COMMAND: POST /session/5780a996aa8c51000aed420822d33f83/execute/async - {"script":"<script> [1562 bytes]","args":[{"selector":{"controlType":"sap.m.Button","properties":{"text":"OK"},"searchOpenDialogs":true,"interaction":{"idSuffix":"inner"}},"wdio_ui5_key":"sapm.Button{\"text\":\"OK\"}"}]}
RESULT: {"script":"<script> [1562 bytes]","args":[{"selector":{"controlType":"sap.m.Button","properties":{"text":"OK"},"searchOpenDialogs":true,"interaction":{"idSuffix":"inner"}},"wdio_ui5_key":"sapm.Button{\"text\":\"OK\"}"}]}
RESULT: undefined
COMMAND: POST /session/5780a996aa8c51000aed420822d33f83/element - {"using":"xpath","value":"//*[@id=\"__mbox-btn-5\"]"}
RESULT: {"using":"xpath","value":"//*[@id=\"__mbox-btn-5\"]"}
COMMAND: POST /session/5780a996aa8c51000aed420822d33f83/element/f.C12891CE133D59B6823BF6462A308BA2.d.70E68DB3660F9DF55ADB983311F41F0A.e.6509/click - {}
RESULT: {}
COMMAND: POST /session/5780a996aa8c51000aed420822d33f83/execute/async - {"script":"<script> [1562 bytes]","args":[{"selector":{"id":"headerBillingItemsTabFilter","viewName":"etm.portal.ui.managecontracts.view.Detail","interaction":{"idSuffix":"text"}},"wdio_ui5_key":"headerBillingItemsTabFilteretmportal.ui.managecontracts.view.Detail"}]}
COMMAND: GET /session/5780a996aa8c51000aed420822d33f83/screenshot - {}
RESULT: {"script":"<script> [1562 bytes]","args":[{"selector":{"id":"headerBillingItemsTabFilter","viewName":"etm.portal.ui.managecontracts.view.Detail","interaction":{"idSuffix":"text"}},"wdio_ui5_key":"headerBillingItemsTabFilteretmportal.ui.managecontracts.view.Detail"}]}
RESULT: undefined
COMMAND: POST /session/5780a996aa8c51000aed420822d33f83/element - {"using":"xpath","value":"//*[@id=\"__xmlview64--headerBillingItemsTabFilter\"]"}
RESULT: {}
RESULT: {"using":"xpath","value":"//*[@id=\"__xmlview64--headerBillingItemsTabFilter\"]"}
COMMAND: POST /session/5780a996aa8c51000aed420822d33f83/element/f.C12891CE133D59B6823BF6462A308BA2.d.70E68DB3660F9DF55ADB983311F41F0A.e.6522/click - {}
RESULT: {}
COMMAND: GET /session/5780a996aa8c51000aed420822d33f83/screenshot - {}
RESULT: {}
COMMAND: POST /session/5780a996aa8c51000aed420822d33f83/execute/async - {"script":"<script> [1562 bytes]","args":[{"selector":{"controlType":"sap.ui.core.Icon","viewName":"etm.portal.ui.managecontracts.view.Detail","properties":{"src":{"regex":{"source":"synchronize"}}}},"wdio_ui5_key":"etmportal.ui.managecontracts.view.Detailsap.ui.core.Icon{\"src\":{\"regex\":{\"source\":\"synchronize\"}}}"}]}
RESULT: {"script":"<script> [1562 bytes]","args":[{"selector":{"controlType":"sap.ui.core.Icon","viewName":"etm.portal.ui.managecontracts.view.Detail","properties":{"src":{"regex":{"source":"synchronize"}}}},"wdio_ui5_key":"etmportal.ui.managecontracts.view.Detailsap.ui.core.Icon{\"src\":{\"regex\":{\"source\":\"synchronize\"}}}"}]}
RESULT: undefined
COMMAND: POST /session/5780a996aa8c51000aed420822d33f83/element - {"using":"xpath","value":"//*[@id=\"__xmlview64--btnToggleUpdate-img\"]"}
RESULT: {"using":"xpath","value":"//*[@id=\"__xmlview64--btnToggleUpdate-img\"]"}
COMMAND: POST /session/5780a996aa8c51000aed420822d33f83/element/f.C12891CE133D59B6823BF6462A308BA2.d.70E68DB3660F9DF55ADB983311F41F0A.e.6389/click - {}
RESULT: {}
COMMAND: GET /session/5780a996aa8c51000aed420822d33f83/screenshot - {}
RESULT: {}
RESULT: undefined
COMMAND: POST /session/5780a996aa8c51000aed420822d33f83/element - {"using":"xpath","value":"//*[@id=\"__xmlview64--headerBillingItemsTabFilter\"]"}
RESULT: {"using":"xpath","value":"//*[@id=\"__xmlview64--headerBillingItemsTabFilter\"]"}
COMMAND: POST /session/5780a996aa8c51000aed420822d33f83/element/f.C12891CE133D59B6823BF6462A308BA2.d.70E68DB3660F9DF55ADB983311F41F0A.e.6522/click - {}
RESULT: {}
COMMAND: POST /session/5780a996aa8c51000aed420822d33f83/execute/async - {"script":"<script> [1562 bytes]","args":[{"selector":{"controlType":"sap.m.Title","viewName":"etm.portal.ui.managecontracts.view.Detail","properties":{"text":"Contract Items (2)"}},"wdio_ui5_key":"etmportal.ui.managecontracts.view.Detailsap.m.Title{\"text\":\"Contract Items (2)\"}"}]}
COMMAND: GET /session/5780a996aa8c51000aed420822d33f83/screenshot - {}
RESULT: {"script":"<script> [1562 bytes]","args":[{"selector":{"controlType":"sap.m.Title","viewName":"etm.portal.ui.managecontracts.view.Detail","properties":{"text":"Contract Items (2)"}},"wdio_ui5_key":"etmportal.ui.managecontracts.view.Detailsap.m.Title{\"text\":\"Contract Items (2)\"}"}]}
RESULT: undefined
COMMAND: POST /session/5780a996aa8c51000aed420822d33f83/execute/async - {"script":"<script> [6424 bytes]","args":[{"element-6066-11e4-a52e-4f735466cecf":"f.C12891CE133D59B6823BF6462A308BA2.d.70E68DB3660F9DF55ADB983311F41F0A.e.6530"},"getText",[]]}
RESULT: {}
RESULT: {"script":"<script> [6424 bytes]","args":[{"element-6066-11e4-a52e-4f735466cecf":"f.C12891CE133D59B6823BF6462A308BA2.d.70E68DB3660F9DF55ADB983311F41F0A.e.6530"},"getText",[]]}
COMMAND: POST /session/5780a996aa8c51000aed420822d33f83/execute/async - {"script":"<script> [1562 bytes]","args":[{"selector":{"controlType":"sap.m.ObjectStatus","viewName":"etm.portal.ui.managecontracts.view.Detail","bindingPath":{"path":"/SmartContractItems(CONTRACT='10422',ITEM=10m,SUB_ITEM=0m)","propertyPath":"STATUS"}},"wdio_ui5_key":"etmportal.ui.managecontracts.view.Detailsap.m.ObjectStatus{\"path\":\"/SmartContractItems(CONTRACT='10422',ITEM=10m,SUB_ITEM=0m)\",\"propertyPath\":\"STATUS\"}"}]}
RESULT: {"script":"<script> [1562 bytes]","args":[{"selector":{"controlType":"sap.m.ObjectStatus","viewName":"etm.portal.ui.managecontracts.view.Detail","bindingPath":{"path":"/SmartContractItems(CONTRACT='10422',ITEM=10m,SUB_ITEM=0m)","propertyPath":"STATUS"}},"wdio_ui5_key":"etmportal.ui.managecontracts.view.Detailsap.m.ObjectStatus{\"path\":\"/SmartContractItems(CONTRACT='10422',ITEM=10m,SUB_ITEM=0m)\",\"propertyPath\":\"STATUS\"}"}]}
RESULT: undefined
COMMAND: POST /session/5780a996aa8c51000aed420822d33f83/execute/async - {"script":"<script> [6424 bytes]","args":[{"element-6066-11e4-a52e-4f735466cecf":"f.C12891CE133D59B6823BF6462A308BA2.d.70E68DB3660F9DF55ADB983311F41F0A.e.6532"},"getText",[]]}
RESULT: {"script":"<script> [6424 bytes]","args":[{"element-6066-11e4-a52e-4f735466cecf":"f.C12891CE133D59B6823BF6462A308BA2.d.70E68DB3660F9DF55ADB983311F41F0A.e.6532"},"getText",[]]}
COMMAND: POST /session/5780a996aa8c51000aed420822d33f83/execute/async - {"script":"<script> [1562 bytes]","args":[{"selector":{"controlType":"sap.m.ObjectStatus","viewName":"etm.portal.ui.managecontracts.view.Detail","bindingPath":{"path":"/SmartContractItems(CONTRACT='10422',ITEM=20m,SUB_ITEM=0m)","propertyPath":"STATUS"}},"wdio_ui5_key":"etmportal.ui.managecontracts.view.Detailsap.m.ObjectStatus{\"path\":\"/SmartContractItems(CONTRACT='10422',ITEM=20m,SUB_ITEM=0m)\",\"propertyPath\":\"STATUS\"}"}]}
RESULT: {"script":"<script> [1562 bytes]","args":[{"selector":{"controlType":"sap.m.ObjectStatus","viewName":"etm.portal.ui.managecontracts.view.Detail","bindingPath":{"path":"/SmartContractItems(CONTRACT='10422',ITEM=20m,SUB_ITEM=0m)","propertyPath":"STATUS"}},"wdio_ui5_key":"etmportal.ui.managecontracts.view.Detailsap.m.ObjectStatus{\"path\":\"/SmartContractItems(CONTRACT='10422',ITEM=20m,SUB_ITEM=0m)\",\"propertyPath\":\"STATUS\"}"}]}
RESULT: undefined
COMMAND: POST /session/5780a996aa8c51000aed420822d33f83/execute/async - {"script":"<script> [6424 bytes]","args":[{"element-6066-11e4-a52e-4f735466cecf":"f.C12891CE133D59B6823BF6462A308BA2.d.70E68DB3660F9DF55ADB983311F41F0A.e.6533"},"getText",[]]}
RESULT: {"script":"<script> [6424 bytes]","args":[{"element-6066-11e4-a52e-4f735466cecf":"f.C12891CE133D59B6823BF6462A308BA2.d.70E68DB3660F9DF55ADB983311F41F0A.e.6533"},"getText",[]]}
]]></system-out>
    </testcase>
  </testsuite>
  <testsuite timestamp="2025-04-30T18:07:02" time="76.861" tests="1" failures="0" errors="0" skipped="0">
    <properties>
      <property name="specId" value="0" />
      <property name="suiteName" value="Manage contracts - revert request US152962" />
      <property name="capabilities" value="chrome.135_0_7049_96.windows" />
      <property name="file" value="file:///D:/a/1/s/test/specs/R2C/manage-contracts-revert-request.spec.js" />
    </properties>
    <testcase classname="chrome.135_0_7049_96.windows.Manage_contracts_-_revert_request_US152962" name="Should revert the request" time="76.859">
      <system-out><![CDATA[
COMMAND: POST /session/5780a996aa8c51000aed420822d33f83/execute/async - {"script":"<script> [1562 bytes]","args":[{"selector":{"id":"revertPlanningBtn","viewName":"etm.portal.ui.managecontracts.view.Detail","interaction":{"idSuffix":"BDI-content"}},"wdio_ui5_key":"revertPlanningBtnetmportal.ui.managecontracts.view.Detail"}]}
RESULT: {"script":"<script> [1562 bytes]","args":[{"selector":{"id":"revertPlanningBtn","viewName":"etm.portal.ui.managecontracts.view.Detail","interaction":{"idSuffix":"BDI-content"}},"wdio_ui5_key":"revertPlanningBtnetmportal.ui.managecontracts.view.Detail"}]}
RESULT: undefined
COMMAND: POST /session/5780a996aa8c51000aed420822d33f83/element - {"using":"xpath","value":"//*[@id=\"__xmlview64--revertPlanningBtn\"]"}
RESULT: {"using":"xpath","value":"//*[@id=\"__xmlview64--revertPlanningBtn\"]"}
COMMAND: POST /session/5780a996aa8c51000aed420822d33f83/element/f.C12891CE133D59B6823BF6462A308BA2.d.70E68DB3660F9DF55ADB983311F41F0A.e.6393/click - {}
RESULT: {}
COMMAND: POST /session/5780a996aa8c51000aed420822d33f83/element - {"using":"xpath","value":"(//div[contains(@id ,\"selectMulti-CbBg\")])[2]"}
COMMAND: GET /session/5780a996aa8c51000aed420822d33f83/screenshot - {}
RESULT: {"using":"xpath","value":"(//div[contains(@id ,\"selectMulti-CbBg\")])[2]"}
COMMAND: POST /session/5780a996aa8c51000aed420822d33f83/element/f.C12891CE133D59B6823BF6462A308BA2.d.70E68DB3660F9DF55ADB983311F41F0A.e.6580/click - {}
RESULT: {}
RESULT: {}
COMMAND: GET /session/5780a996aa8c51000aed420822d33f83/screenshot - {}
RESULT: {}
COMMAND: POST /session/5780a996aa8c51000aed420822d33f83/element - {"using":"xpath","value":"//span[contains(@id ,\"executeRevertPlanningBtn-content\")]"}
RESULT: {"using":"xpath","value":"//span[contains(@id ,\"executeRevertPlanningBtn-content\")]"}
COMMAND: POST /session/5780a996aa8c51000aed420822d33f83/element/f.C12891CE133D59B6823BF6462A308BA2.d.70E68DB3660F9DF55ADB983311F41F0A.e.6581/click - {}
RESULT: {}
COMMAND: GET /session/5780a996aa8c51000aed420822d33f83/screenshot - {}
RESULT: {}
COMMAND: POST /session/5780a996aa8c51000aed420822d33f83/actions - {"actions":[{"id":"action32","type":"key","parameters":{},"actions":[{"type":"keyDown","value":"î€‡"},{"type":"pause","duration":10},{"type":"keyUp","value":"î€‡"}]}]}
RESULT: {"actions":[{"id":"action32","type":"key","parameters":{},"actions":[{"type":"keyDown","value":"î€‡"},{"type":"pause","duration":10},{"type":"keyUp","value":"î€‡"}]}]}
COMMAND: GET /session/5780a996aa8c51000aed420822d33f83/screenshot - {}
RESULT: {}
COMMAND: POST /session/5780a996aa8c51000aed420822d33f83/refresh - {}
RESULT: {}
COMMAND: GET /session/5780a996aa8c51000aed420822d33f83/screenshot - {}
RESULT: {}
COMMAND: POST /session/5780a996aa8c51000aed420822d33f83/execute/async - {"script":"<script> [189 bytes]","args":[]}
RESULT: {"script":"<script> [189 bytes]","args":[]}
COMMAND: POST /session/5780a996aa8c51000aed420822d33f83/execute/async - {"script":"<script> [123 bytes]","args":[]}
RESULT: {"script":"<script> [123 bytes]","args":[]}
COMMAND: POST /session/5780a996aa8c51000aed420822d33f83/timeouts - {"script":"<number>"}
RESULT: {"script":"<number>"}
COMMAND: GET /session/5780a996aa8c51000aed420822d33f83/timeouts - {}
RESULT: {}
RESULT: undefined
COMMAND: POST /session/5780a996aa8c51000aed420822d33f83/execute/async - {"script":"<script> [2676 bytes]","args":[]}
RESULT: {"script":"<script> [2676 bytes]","args":[]}
COMMAND: POST /session/5780a996aa8c51000aed420822d33f83/execute/async - {"script":"<script> [2342 bytes]","args":[{"protocol":"http","hostname":"0.0.0.0","path":"/","capabilities":{"browserName":"chrome","goog:chromeOptions":{"binary":"C:\\Program Files\\Google\\Chrome\\Application\\chrome.exe","args":["--start-maximized"]}},"logLevel":"warn","connectionRetryTimeout":120000,"connectionRetryCount":3,"logLevels":{},"enableDirectConnect":true,"strictSSL":true,"_":"65 more keys: [\"cacheDir\",\"port\",\"requestedCapabilities\",\"automationProtocol\",\"baseUrl\",\"waitforInterval\",\"waitforTimeout\",\"onReload\",\"beforeCommand\",\"afterCommand\",\"rootDir\",\"specs\",\"suites\",\"exclude\",\"groupLogsByTestSpec\",\"excludeDriverLogs\",\"bail\",\"framework\",\"reporters\",\"services\",\"maxInstances\",\"maxInstancesPerCapability\",\"injectGlobals\",\"filesToWatch\",\"execArgv\",\"runnerEnv\",\"runner\",\"shard\",\"specFileRetries\",\"specFileRetriesDelay\",\"specFileRetriesDeferred\",\"reporterSyncInterval\",\"reporterSyncTimeout\",\"cucumberFeaturesWithLineNumbers\",\"autoCompileOpts\",\"mochaOpts\",\"jasmineOpts\",\"cucumberOpts\",\"onPrepare\",\"onWorkerStart\",\"onWorkerEnd\",\"before\",\"beforeSession\",\"beforeSuite\",\"beforeHook\",\"beforeTest\",\"afterTest\",\"afterHook\",\"afterSuite\",\"afterSession\",\"after\",\"onComplete\",\"beforeAssertion\",\"afterAssertion\",\"beforeFeature\",\"beforeScenario\",\"beforeStep\",\"afterStep\",\"afterScenario\",\"afterFeature\",\"_\",\"suite\",\"$0\",\"ignoredWorkerServices\",\"wdi5\"]"}]}
RESULT: {"script":"<script> [2342 bytes]","args":[{"protocol":"http","hostname":"0.0.0.0","path":"/","capabilities":{"browserName":"chrome","goog:chromeOptions":{"binary":"C:\\Program Files\\Google\\Chrome\\Application\\chrome.exe","args":["--start-maximized"]}},"logLevel":"warn","connectionRetryTimeout":120000,"connectionRetryCount":3,"logLevels":{},"enableDirectConnect":true,"strictSSL":true,"_":"65 more keys: [\"cacheDir\",\"port\",\"requestedCapabilities\",\"automationProtocol\",\"baseUrl\",\"waitforInterval\",\"waitforTimeout\",\"onReload\",\"beforeCommand\",\"afterCommand\",\"rootDir\",\"specs\",\"suites\",\"exclude\",\"groupLogsByTestSpec\",\"excludeDriverLogs\",\"bail\",\"framework\",\"reporters\",\"services\",\"maxInstances\",\"maxInstancesPerCapability\",\"injectGlobals\",\"filesToWatch\",\"execArgv\",\"runnerEnv\",\"runner\",\"shard\",\"specFileRetries\",\"specFileRetriesDelay\",\"specFileRetriesDeferred\",\"reporterSyncInterval\",\"reporterSyncTimeout\",\"cucumberFeaturesWithLineNumbers\",\"autoCompileOpts\",\"mochaOpts\",\"jasmineOpts\",\"cucumberOpts\",\"onPrepare\",\"onWorkerStart\",\"onWorkerEnd\",\"before\",\"beforeSession\",\"beforeSuite\",\"beforeHook\",\"beforeTest\",\"afterTest\",\"afterHook\",\"afterSuite\",\"afterSession\",\"after\",\"onComplete\",\"beforeAssertion\",\"afterAssertion\",\"beforeFeature\",\"beforeScenario\",\"beforeStep\",\"afterStep\",\"afterScenario\",\"afterFeature\",\"_\",\"suite\",\"$0\",\"ignoredWorkerServices\",\"wdi5\"]"}]}
COMMAND: POST /session/5780a996aa8c51000aed420822d33f83/execute/async - {"script":"<script> [21126 bytes]","args":[35000]}
RESULT: {"script":"<script> [21126 bytes]","args":[35000]}
COMMAND: POST /session/5780a996aa8c51000aed420822d33f83/execute/async - {"script":"<script> [1562 bytes]","args":[{"selector":{"controlType":"sap.m.Title","viewName":"etm.portal.ui.managecontracts.view.Detail","properties":{"text":"Contract Items (1)"}},"wdio_ui5_key":"etmportal.ui.managecontracts.view.Detailsap.m.Title{\"text\":\"Contract Items (1)\"}"}]}
RESULT: {"script":"<script> [1562 bytes]","args":[{"selector":{"controlType":"sap.m.Title","viewName":"etm.portal.ui.managecontracts.view.Detail","properties":{"text":"Contract Items (1)"}},"wdio_ui5_key":"etmportal.ui.managecontracts.view.Detailsap.m.Title{\"text\":\"Contract Items (1)\"}"}]}
RESULT: undefined
COMMAND: POST /session/5780a996aa8c51000aed420822d33f83/execute/async - {"script":"<script> [6424 bytes]","args":[{"element-6066-11e4-a52e-4f735466cecf":"f.C12891CE133D59B6823BF6462A308BA2.d.BE539D05B850884A21ACE37099675367.e.6814"},"getText",[]]}
RESULT: {"script":"<script> [6424 bytes]","args":[{"element-6066-11e4-a52e-4f735466cecf":"f.C12891CE133D59B6823BF6462A308BA2.d.BE539D05B850884A21ACE37099675367.e.6814"},"getText",[]]}
COMMAND: POST /session/5780a996aa8c51000aed420822d33f83/execute/async - {"script":"<script> [1562 bytes]","args":[{"selector":{"id":"contractDetailEditBtn","viewName":"etm.portal.ui.managecontracts.view.Detail","interaction":{"idSuffix":"inner"}},"wdio_ui5_key":"contractDetailEditBtnetmportal.ui.managecontracts.view.Detail"}]}
RESULT: {"script":"<script> [1562 bytes]","args":[{"selector":{"id":"contractDetailEditBtn","viewName":"etm.portal.ui.managecontracts.view.Detail","interaction":{"idSuffix":"inner"}},"wdio_ui5_key":"contractDetailEditBtnetmportal.ui.managecontracts.view.Detail"}]}
RESULT: undefined
COMMAND: POST /session/5780a996aa8c51000aed420822d33f83/element - {"using":"xpath","value":"//*[@id=\"__xmlview1--contractDetailEditBtn\"]"}
RESULT: {"using":"xpath","value":"//*[@id=\"__xmlview1--contractDetailEditBtn\"]"}
COMMAND: POST /session/5780a996aa8c51000aed420822d33f83/element/f.C12891CE133D59B6823BF6462A308BA2.d.BE539D05B850884A21ACE37099675367.e.6818/click - {}
RESULT: {}
COMMAND: GET /session/5780a996aa8c51000aed420822d33f83/screenshot - {}
RESULT: {}
COMMAND: POST /session/5780a996aa8c51000aed420822d33f83/element - {"using":"xpath","value":"(//span[contains(text(), \"Header Billing Items\")])[2]"}
RESULT: {"using":"xpath","value":"(//span[contains(text(), \"Header Billing Items\")])[2]"}
COMMAND: POST /session/5780a996aa8c51000aed420822d33f83/element/f.C12891CE133D59B6823BF6462A308BA2.d.BE539D05B850884A21ACE37099675367.e.6882/click - {}
RESULT: {}
COMMAND: GET /session/5780a996aa8c51000aed420822d33f83/screenshot - {}
RESULT: {}
COMMAND: POST /session/5780a996aa8c51000aed420822d33f83/element - {"using":"xpath","value":"//div[contains(@id ,\"ProductsTable-sa-CbBg\")]"}
RESULT: {"using":"xpath","value":"//div[contains(@id ,\"ProductsTable-sa-CbBg\")]"}
COMMAND: POST /session/5780a996aa8c51000aed420822d33f83/element/f.C12891CE133D59B6823BF6462A308BA2.d.BE539D05B850884A21ACE37099675367.e.6885/click - {}
RESULT: {}
COMMAND: GET /session/5780a996aa8c51000aed420822d33f83/screenshot - {}
RESULT: {}
COMMAND: POST /session/5780a996aa8c51000aed420822d33f83/execute/async - {"script":"<script> [1562 bytes]","args":[{"selector":{"id":"deleteBtn","viewName":"etm.portal.ui.managecontracts.view.EditContract","interaction":{"idSuffix":"BDI-content"}},"wdio_ui5_key":"deleteBtnetmportal.ui.managecontracts.view.EditContract"}]}
RESULT: {"script":"<script> [1562 bytes]","args":[{"selector":{"id":"deleteBtn","viewName":"etm.portal.ui.managecontracts.view.EditContract","interaction":{"idSuffix":"BDI-content"}},"wdio_ui5_key":"deleteBtnetmportal.ui.managecontracts.view.EditContract"}]}
RESULT: undefined
COMMAND: POST /session/5780a996aa8c51000aed420822d33f83/element - {"using":"xpath","value":"//*[@id=\"__xmlview2--deleteBtn\"]"}
RESULT: {"using":"xpath","value":"//*[@id=\"__xmlview2--deleteBtn\"]"}
COMMAND: POST /session/5780a996aa8c51000aed420822d33f83/element/f.C12891CE133D59B6823BF6462A308BA2.d.BE539D05B850884A21ACE37099675367.e.6888/click - {}
RESULT: {}
COMMAND: POST /session/5780a996aa8c51000aed420822d33f83/element - {"using":"xpath","value":"//bdi[contains(@id ,\"BDI-content\")][contains(text(), \"OK\")]"}
COMMAND: GET /session/5780a996aa8c51000aed420822d33f83/screenshot - {}
RESULT: {"using":"xpath","value":"//bdi[contains(@id ,\"BDI-content\")][contains(text(), \"OK\")]"}
COMMAND: POST /session/5780a996aa8c51000aed420822d33f83/element/f.C12891CE133D59B6823BF6462A308BA2.d.BE539D05B850884A21ACE37099675367.e.6890/click - {}
RESULT: {}
RESULT: {}
COMMAND: GET /session/5780a996aa8c51000aed420822d33f83/screenshot - {}
RESULT: {}
COMMAND: POST /session/5780a996aa8c51000aed420822d33f83/element - {"using":"xpath","value":"//bdi[contains(@id ,\"BDI-content\")][contains(text(), \"Save\")]"}
RESULT: {"using":"xpath","value":"//bdi[contains(@id ,\"BDI-content\")][contains(text(), \"Save\")]"}
COMMAND: POST /session/5780a996aa8c51000aed420822d33f83/element/f.C12891CE133D59B6823BF6462A308BA2.d.BE539D05B850884A21ACE37099675367.e.6892/click - {}
RESULT: {}
COMMAND: GET /session/5780a996aa8c51000aed420822d33f83/screenshot - {}
RESULT: {}
COMMAND: POST /session/5780a996aa8c51000aed420822d33f83/element - {"using":"xpath","value":"(//span[contains(text(), \"Header Billing Items\")])[1]"}
RESULT: {"using":"xpath","value":"(//span[contains(text(), \"Header Billing Items\")])[1]"}
COMMAND: POST /session/5780a996aa8c51000aed420822d33f83/element/f.C12891CE133D59B6823BF6462A308BA2.d.BE539D05B850884A21ACE37099675367.e.6895/click - {}
RESULT: {}
COMMAND: GET /session/5780a996aa8c51000aed420822d33f83/screenshot - {}
RESULT: {}
COMMAND: POST /session/5780a996aa8c51000aed420822d33f83/execute/async - {"script":"<script> [1562 bytes]","args":[{"selector":{"controlType":"sap.m.ObjectStatus","viewName":"etm.portal.ui.managecontracts.view.Detail","bindingPath":{"path":"/SmartContractItems(CONTRACT='10422',ITEM=10m,SUB_ITEM=0m)","propertyPath":"STATUS"}},"wdio_ui5_key":"etmportal.ui.managecontracts.view.Detailsap.m.ObjectStatus{\"path\":\"/SmartContractItems(CONTRACT='10422',ITEM=10m,SUB_ITEM=0m)\",\"propertyPath\":\"STATUS\"}"}]}
RESULT: {"script":"<script> [1562 bytes]","args":[{"selector":{"controlType":"sap.m.ObjectStatus","viewName":"etm.portal.ui.managecontracts.view.Detail","bindingPath":{"path":"/SmartContractItems(CONTRACT='10422',ITEM=10m,SUB_ITEM=0m)","propertyPath":"STATUS"}},"wdio_ui5_key":"etmportal.ui.managecontracts.view.Detailsap.m.ObjectStatus{\"path\":\"/SmartContractItems(CONTRACT='10422',ITEM=10m,SUB_ITEM=0m)\",\"propertyPath\":\"STATUS\"}"}]}
RESULT: undefined
COMMAND: POST /session/5780a996aa8c51000aed420822d33f83/execute/async - {"script":"<script> [6424 bytes]","args":[{"element-6066-11e4-a52e-4f735466cecf":"f.C12891CE133D59B6823BF6462A308BA2.d.BE539D05B850884A21ACE37099675367.e.6899"},"getText",[]]}
RESULT: {"script":"<script> [6424 bytes]","args":[{"element-6066-11e4-a52e-4f735466cecf":"f.C12891CE133D59B6823BF6462A308BA2.d.BE539D05B850884A21ACE37099675367.e.6899"},"getText",[]]}
COMMAND: POST /session/5780a996aa8c51000aed420822d33f83/element - {"using":"css selector","value":"#shell-header-logo"}
RESULT: {"using":"css selector","value":"#shell-header-logo"}
COMMAND: POST /session/5780a996aa8c51000aed420822d33f83/element/f.C12891CE133D59B6823BF6462A308BA2.d.BE539D05B850884A21ACE37099675367.e.6613/click - {}
RESULT: {}
COMMAND: GET /session/5780a996aa8c51000aed420822d33f83/screenshot - {}
RESULT: {}
COMMAND: POST /session/5780a996aa8c51000aed420822d33f83/execute/async - {"script":"<script> [1562 bytes]","args":[{"selector":{"controlType":"sap.m.GenericTile","properties":{"header":"Manage Requests"}},"wdio_ui5_key":"sapm.GenericTile{\"header\":\"Manage Requests\"}"}]}
RESULT: {"script":"<script> [1562 bytes]","args":[{"selector":{"controlType":"sap.m.GenericTile","properties":{"header":"Manage Requests"}},"wdio_ui5_key":"sapm.GenericTile{\"header\":\"Manage Requests\"}"}]}
RESULT: undefined
COMMAND: POST /session/5780a996aa8c51000aed420822d33f83/element - {"using":"xpath","value":"//*[@id=\"__tile47\"]"}
RESULT: {"using":"xpath","value":"//*[@id=\"__tile47\"]"}
COMMAND: POST /session/5780a996aa8c51000aed420822d33f83/element/f.C12891CE133D59B6823BF6462A308BA2.d.BE539D05B850884A21ACE37099675367.e.6916/click - {}
RESULT: {}
COMMAND: GET /session/5780a996aa8c51000aed420822d33f83/screenshot - {}
RESULT: {}
COMMAND: POST /session/5780a996aa8c51000aed420822d33f83/execute/async - {"script":"<script> [1562 bytes]","args":[{"selector":{"controlType":"sap.m.SearchField","viewName":"etm.portal.ui.managerequests.view.Master","bindingPath":{"path":"","propertyPath":"/_BASIC_SEARCH_FIELD","modelName":"fi1t3rM0d31"},"interaction":{"idSuffix":"I"}},"wdio_ui5_key":"etmportal.ui.managerequests.view.Mastersap.m.SearchField{\"path\":\"\",\"propertyPath\":\"/_BASIC_SEARCH_FIELD\",\"modelName\":\"fi1t3rM0d31\"}"}]}
RESULT: {"script":"<script> [1562 bytes]","args":[{"selector":{"controlType":"sap.m.SearchField","viewName":"etm.portal.ui.managerequests.view.Master","bindingPath":{"path":"","propertyPath":"/_BASIC_SEARCH_FIELD","modelName":"fi1t3rM0d31"},"interaction":{"idSuffix":"I"}},"wdio_ui5_key":"etmportal.ui.managerequests.view.Mastersap.m.SearchField{\"path\":\"\",\"propertyPath\":\"/_BASIC_SEARCH_FIELD\",\"modelName\":\"fi1t3rM0d31\"}"}]}
RESULT: undefined
COMMAND: POST /session/5780a996aa8c51000aed420822d33f83/execute/async - {"script":"<script> [776 bytes]","args":[{"enterText":"20303","selector":{"controlType":"sap.m.SearchField","viewName":"etm.portal.ui.managerequests.view.Master","bindingPath":{"path":"","propertyPath":"/_BASIC_SEARCH_FIELD","modelName":"fi1t3rM0d31"},"interaction":{"idSuffix":"I"}},"clearTextFirst":true,"interactionType":"ENTER_TEXT"}]}
RESULT: {"script":"<script> [776 bytes]","args":[{"enterText":"20303","selector":{"controlType":"sap.m.SearchField","viewName":"etm.portal.ui.managerequests.view.Master","bindingPath":{"path":"","propertyPath":"/_BASIC_SEARCH_FIELD","modelName":"fi1t3rM0d31"},"interaction":{"idSuffix":"I"}},"clearTextFirst":true,"interactionType":"ENTER_TEXT"}]}
COMMAND: POST /session/5780a996aa8c51000aed420822d33f83/actions - {"actions":[{"id":"action33","type":"key","parameters":{},"actions":[{"type":"keyDown","value":"î€‡"},{"type":"pause","duration":10},{"type":"keyUp","value":"î€‡"}]}]}
RESULT: {"actions":[{"id":"action33","type":"key","parameters":{},"actions":[{"type":"keyDown","value":"î€‡"},{"type":"pause","duration":10},{"type":"keyUp","value":"î€‡"}]}]}
COMMAND: GET /session/5780a996aa8c51000aed420822d33f83/screenshot - {}
RESULT: {}
COMMAND: POST /session/5780a996aa8c51000aed420822d33f83/execute/async - {"script":"<script> [1562 bytes]","args":[{"selector":{"controlType":"sap.m.Text","viewName":"etm.portal.ui.managerequests.view.Master","bindingPath":{"path":"/SmartManageRequests('20303')","propertyPath":"NO"}},"wdio_ui5_key":"etmportal.ui.managerequests.view.Mastersap.m.Text{\"path\":\"/SmartManageRequests('20303')\",\"propertyPath\":\"NO\"}"}]}
RESULT: {"script":"<script> [1562 bytes]","args":[{"selector":{"controlType":"sap.m.Text","viewName":"etm.portal.ui.managerequests.view.Master","bindingPath":{"path":"/SmartManageRequests('20303')","propertyPath":"NO"}},"wdio_ui5_key":"etmportal.ui.managerequests.view.Mastersap.m.Text{\"path\":\"/SmartManageRequests('20303')\",\"propertyPath\":\"NO\"}"}]}
RESULT: undefined
COMMAND: POST /session/5780a996aa8c51000aed420822d33f83/element - {"using":"xpath","value":"//*[@id=\"__text463-__clone172\"]"}
RESULT: {"using":"xpath","value":"//*[@id=\"__text463-__clone172\"]"}
COMMAND: POST /session/5780a996aa8c51000aed420822d33f83/element/f.C12891CE133D59B6823BF6462A308BA2.d.BE539D05B850884A21ACE37099675367.e.7043/click - {}
RESULT: {}
COMMAND: GET /session/5780a996aa8c51000aed420822d33f83/screenshot - {}
RESULT: {}
COMMAND: POST /session/5780a996aa8c51000aed420822d33f83/execute/async - {"script":"<script> [1562 bytes]","args":[{"selector":{"controlType":"sap.ui.core.Icon","viewName":"etm.portal.ui.managerequests.view.Detail","properties":{"src":{"regex":{"source":"slim\\-arrow\\-up"}}}},"wdio_ui5_key":"etmportal.ui.managerequests.view.Detailsap.ui.core.Icon{\"src\":{\"regex\":{\"source\":\"slim\\\\-arrow\\\\-up\"}}}"}]}
RESULT: {"script":"<script> [1562 bytes]","args":[{"selector":{"controlType":"sap.ui.core.Icon","viewName":"etm.portal.ui.managerequests.view.Detail","properties":{"src":{"regex":{"source":"slim\\-arrow\\-up"}}}},"wdio_ui5_key":"etmportal.ui.managerequests.view.Detailsap.ui.core.Icon{\"src\":{\"regex\":{\"source\":\"slim\\\\-arrow\\\\-up\"}}}"}]}
RESULT: undefined
COMMAND: POST /session/5780a996aa8c51000aed420822d33f83/element - {"using":"xpath","value":"//*[@id=\"__xmlview62--detailRequestPage-OPHeaderContent-collapseBtn-img\"]"}
RESULT: {"using":"xpath","value":"//*[@id=\"__xmlview62--detailRequestPage-OPHeaderContent-collapseBtn-img\"]"}
COMMAND: POST /session/5780a996aa8c51000aed420822d33f83/element/f.C12891CE133D59B6823BF6462A308BA2.d.BE539D05B850884A21ACE37099675367.e.7202/click - {}
RESULT: {}
COMMAND: GET /session/5780a996aa8c51000aed420822d33f83/screenshot - {}
RESULT: {}
COMMAND: POST /session/5780a996aa8c51000aed420822d33f83/execute/async - {"script":"<script> [1562 bytes]","args":[{"selector":{"controlType":"sap.m.Text","viewName":"etm.portal.ui.managerequests.view.Detail","bindingPath":{"path":"/SmartRequestItemsPlanningBoard(ITEM=20m,REQUEST='20303')","propertyPath":"STATUS_DESC"}},"wdio_ui5_key":"etmportal.ui.managerequests.view.Detailsap.m.Text{\"path\":\"/SmartRequestItemsPlanningBoard(ITEM=20m,REQUEST='20303')\",\"propertyPath\":\"STATUS_DESC\"}"}]}
RESULT: {"script":"<script> [1562 bytes]","args":[{"selector":{"controlType":"sap.m.Text","viewName":"etm.portal.ui.managerequests.view.Detail","bindingPath":{"path":"/SmartRequestItemsPlanningBoard(ITEM=20m,REQUEST='20303')","propertyPath":"STATUS_DESC"}},"wdio_ui5_key":"etmportal.ui.managerequests.view.Detailsap.m.Text{\"path\":\"/SmartRequestItemsPlanningBoard(ITEM=20m,REQUEST='20303')\",\"propertyPath\":\"STATUS_DESC\"}"}]}
RESULT: undefined
COMMAND: POST /session/5780a996aa8c51000aed420822d33f83/execute/async - {"script":"<script> [6424 bytes]","args":[{"element-6066-11e4-a52e-4f735466cecf":"f.C12891CE133D59B6823BF6462A308BA2.d.BE539D05B850884A21ACE37099675367.e.7248"},"getText",[]]}
RESULT: {"script":"<script> [6424 bytes]","args":[{"element-6066-11e4-a52e-4f735466cecf":"f.C12891CE133D59B6823BF6462A308BA2.d.BE539D05B850884A21ACE37099675367.e.7248"},"getText",[]]}
COMMAND: POST /session/5780a996aa8c51000aed420822d33f83/element - {"using":"css selector","value":"#shell-header-logo"}
RESULT: {"using":"css selector","value":"#shell-header-logo"}
COMMAND: POST /session/5780a996aa8c51000aed420822d33f83/element/f.C12891CE133D59B6823BF6462A308BA2.d.BE539D05B850884A21ACE37099675367.e.6920/click - {}
RESULT: {}
COMMAND: GET /session/5780a996aa8c51000aed420822d33f83/screenshot - {}
RESULT: {}
]]></system-out>
    </testcase>
  </testsuite>
  <testsuite timestamp="2025-04-30T18:08:19" time="228.09" tests="4" failures="0" errors="0" skipped="0">
    <properties>
      <property name="specId" value="0" />
      <property name="suiteName" value="Standard contract close-reopen US111278" />
      <property name="capabilities" value="chrome.135_0_7049_96.windows" />
      <property name="file" value="file:///D:/a/1/s/test/specs/R2C/standard-contract-close-reopen.spec.js" />
    </properties>
    <testcase classname="chrome.135_0_7049_96.windows.Standard_contract_close-reopen_US111278" name="Should create a new contract and add an item" time="127.275">
      <system-out><![CDATA[
COMMAND: POST /session/5780a996aa8c51000aed420822d33f83/execute/async - {"script":"<script> [1562 bytes]","args":[{"selector":{"controlType":"sap.m.Text","viewName":"etm.portal.ui.managecontractstile.view.Master","properties":{"text":"Manage Contracts"},"interaction":{"idSuffix":"inner"}},"wdio_ui5_key":"etmportal.ui.managecontractstile.view.Mastersap.m.Text{\"text\":\"Manage Contracts\"}"}]}
RESULT: {"script":"<script> [1562 bytes]","args":[{"selector":{"controlType":"sap.m.Text","viewName":"etm.portal.ui.managecontractstile.view.Master","properties":{"text":"Manage Contracts"},"interaction":{"idSuffix":"inner"}},"wdio_ui5_key":"etmportal.ui.managecontractstile.view.Mastersap.m.Text{\"text\":\"Manage Contracts\"}"}]}
RESULT: undefined
COMMAND: POST /session/5780a996aa8c51000aed420822d33f83/element - {"using":"xpath","value":"//*[@id=\"__tile132-title\"]"}
RESULT: {"using":"xpath","value":"//*[@id=\"__tile132-title\"]"}
COMMAND: POST /session/5780a996aa8c51000aed420822d33f83/element/f.C12891CE133D59B6823BF6462A308BA2.d.BE539D05B850884A21ACE37099675367.e.7254/click - {}
RESULT: {}
COMMAND: GET /session/5780a996aa8c51000aed420822d33f83/screenshot - {}
RESULT: {}
COMMAND: POST /session/5780a996aa8c51000aed420822d33f83/element - {"using":"xpath","value":"//button[@data-kt=\"addButton\"]"}
RESULT: {"using":"xpath","value":"//button[@data-kt=\"addButton\"]"}
COMMAND: POST /session/5780a996aa8c51000aed420822d33f83/element/f.C12891CE133D59B6823BF6462A308BA2.d.BE539D05B850884A21ACE37099675367.e.7312/click - {}
RESULT: {}
COMMAND: GET /session/5780a996aa8c51000aed420822d33f83/screenshot - {}
RESULT: {}
COMMAND: POST /session/5780a996aa8c51000aed420822d33f83/execute/async - {"script":"<script> [1562 bytes]","args":[{"selector":{"id":"application-managecontracts-display-component---AddNewContract--projectDescription","interaction":{"idSuffix":"inner"}},"wdio_ui5_key":"applicationmanagecontracts-display-component---AddNewContract--projectDescription"}]}
RESULT: {"script":"<script> [1562 bytes]","args":[{"selector":{"id":"application-managecontracts-display-component---AddNewContract--projectDescription","interaction":{"idSuffix":"inner"}},"wdio_ui5_key":"applicationmanagecontracts-display-component---AddNewContract--projectDescription"}]}
RESULT: undefined
COMMAND: POST /session/5780a996aa8c51000aed420822d33f83/execute/async - {"script":"<script> [776 bytes]","args":[{"enterText":"WdIOR2cay1qc","selector":{"id":"application-managecontracts-display-component---AddNewContract--projectDescription","interaction":{"idSuffix":"inner"}},"clearTextFirst":true,"interactionType":"ENTER_TEXT"}]}
RESULT: {"script":"<script> [776 bytes]","args":[{"enterText":"WdIOR2cay1qc","selector":{"id":"application-managecontracts-display-component---AddNewContract--projectDescription","interaction":{"idSuffix":"inner"}},"clearTextFirst":true,"interactionType":"ENTER_TEXT"}]}
COMMAND: POST /session/5780a996aa8c51000aed420822d33f83/element - {"using":"xpath","value":"//input[@id=\"application-managecontracts-display-component---AddNewContract--yardId-inner\"]"}
RESULT: {"using":"xpath","value":"//input[@id=\"application-managecontracts-display-component---AddNewContract--yardId-inner\"]"}
COMMAND: POST /session/5780a996aa8c51000aed420822d33f83/element/f.C12891CE133D59B6823BF6462A308BA2.d.BE539D05B850884A21ACE37099675367.e.7574/clear - {}
RESULT: {}
COMMAND: POST /session/5780a996aa8c51000aed420822d33f83/element/f.C12891CE133D59B6823BF6462A308BA2.d.BE539D05B850884A21ACE37099675367.e.7574/value - {"text":"WebdriverYard1hgd5"}
COMMAND: GET /session/5780a996aa8c51000aed420822d33f83/screenshot - {}
RESULT: {"text":"WebdriverYard1hgd5"}
COMMAND: GET /session/5780a996aa8c51000aed420822d33f83/screenshot - {}
RESULT: {}
RESULT: {}
COMMAND: POST /session/5780a996aa8c51000aed420822d33f83/actions - {"actions":[{"id":"action34","type":"key","parameters":{},"actions":[{"type":"keyDown","value":"î€‡"},{"type":"pause","duration":10},{"type":"keyUp","value":"î€‡"}]}]}
RESULT: {"actions":[{"id":"action34","type":"key","parameters":{},"actions":[{"type":"keyDown","value":"î€‡"},{"type":"pause","duration":10},{"type":"keyUp","value":"î€‡"}]}]}
COMMAND: GET /session/5780a996aa8c51000aed420822d33f83/screenshot - {}
RESULT: {}
COMMAND: POST /session/5780a996aa8c51000aed420822d33f83/element - {"using":"xpath","value":"//input[@id=\"application-managecontracts-display-component---AddNewContract--customerSelect-inner\"]"}
RESULT: {"using":"xpath","value":"//input[@id=\"application-managecontracts-display-component---AddNewContract--customerSelect-inner\"]"}
COMMAND: POST /session/5780a996aa8c51000aed420822d33f83/element/f.C12891CE133D59B6823BF6462A308BA2.d.BE539D05B850884A21ACE37099675367.e.7572/clear - {}
RESULT: {}
COMMAND: POST /session/5780a996aa8c51000aed420822d33f83/element/f.C12891CE133D59B6823BF6462A308BA2.d.BE539D05B850884A21ACE37099675367.e.7572/value - {"text":"WebdriverPartnergxi0t"}
COMMAND: GET /session/5780a996aa8c51000aed420822d33f83/screenshot - {}
RESULT: {"text":"WebdriverPartnergxi0t"}
COMMAND: GET /session/5780a996aa8c51000aed420822d33f83/screenshot - {}
RESULT: {}
RESULT: {}
COMMAND: POST /session/5780a996aa8c51000aed420822d33f83/actions - {"actions":[{"id":"action35","type":"key","parameters":{},"actions":[{"type":"keyDown","value":"î€‡"},{"type":"pause","duration":10},{"type":"keyUp","value":"î€‡"}]}]}
RESULT: {"actions":[{"id":"action35","type":"key","parameters":{},"actions":[{"type":"keyDown","value":"î€‡"},{"type":"pause","duration":10},{"type":"keyUp","value":"î€‡"}]}]}
COMMAND: GET /session/5780a996aa8c51000aed420822d33f83/screenshot - {}
RESULT: {}
COMMAND: POST /session/5780a996aa8c51000aed420822d33f83/element - {"using":"xpath","value":"//input[@id=\"application-managecontracts-display-component---AddNewContract--site-inner\"]"}
RESULT: {"using":"xpath","value":"//input[@id=\"application-managecontracts-display-component---AddNewContract--site-inner\"]"}
COMMAND: POST /session/5780a996aa8c51000aed420822d33f83/element/f.C12891CE133D59B6823BF6462A308BA2.d.BE539D05B850884A21ACE37099675367.e.7573/clear - {}
RESULT: {}
COMMAND: POST /session/5780a996aa8c51000aed420822d33f83/element/f.C12891CE133D59B6823BF6462A308BA2.d.BE539D05B850884A21ACE37099675367.e.7573/value - {"text":"WebdriverSitev8oak"}
COMMAND: GET /session/5780a996aa8c51000aed420822d33f83/screenshot - {}
RESULT: {"text":"WebdriverSitev8oak"}
COMMAND: GET /session/5780a996aa8c51000aed420822d33f83/screenshot - {}
RESULT: {}
RESULT: {}
COMMAND: POST /session/5780a996aa8c51000aed420822d33f83/actions - {"actions":[{"id":"action36","type":"key","parameters":{},"actions":[{"type":"keyDown","value":"î€‡"},{"type":"pause","duration":10},{"type":"keyUp","value":"î€‡"}]}]}
RESULT: {"actions":[{"id":"action36","type":"key","parameters":{},"actions":[{"type":"keyDown","value":"î€‡"},{"type":"pause","duration":10},{"type":"keyUp","value":"î€‡"}]}]}
COMMAND: GET /session/5780a996aa8c51000aed420822d33f83/screenshot - {}
RESULT: {}
COMMAND: POST /session/5780a996aa8c51000aed420822d33f83/element - {"using":"xpath","value":"//button[@data-kt=\"saveButton\"]"}
RESULT: {"using":"xpath","value":"//button[@data-kt=\"saveButton\"]"}
COMMAND: POST /session/5780a996aa8c51000aed420822d33f83/element/f.C12891CE133D59B6823BF6462A308BA2.d.BE539D05B850884A21ACE37099675367.e.7590/click - {}
RESULT: {}
COMMAND: GET /session/5780a996aa8c51000aed420822d33f83/screenshot - {}
RESULT: {}
COMMAND: POST /session/5780a996aa8c51000aed420822d33f83/execute/async - {"script":"<script> [1562 bytes]","args":[{"selector":{"id":"contractDetailTitleNoExpanded","viewName":"etm.portal.ui.managecontracts.view.Detail"},"wdio_ui5_key":"contractDetailTitleNoExpandedetmportal.ui.managecontracts.view.Detail"}]}
RESULT: {"script":"<script> [1562 bytes]","args":[{"selector":{"id":"contractDetailTitleNoExpanded","viewName":"etm.portal.ui.managecontracts.view.Detail"},"wdio_ui5_key":"contractDetailTitleNoExpandedetmportal.ui.managecontracts.view.Detail"}]}
RESULT: undefined
COMMAND: POST /session/5780a996aa8c51000aed420822d33f83/execute/async - {"script":"<script> [6424 bytes]","args":[{"element-6066-11e4-a52e-4f735466cecf":"f.C12891CE133D59B6823BF6462A308BA2.d.BE539D05B850884A21ACE37099675367.e.7671"},"getText",[]]}
RESULT: {"script":"<script> [6424 bytes]","args":[{"element-6066-11e4-a52e-4f735466cecf":"f.C12891CE133D59B6823BF6462A308BA2.d.BE539D05B850884A21ACE37099675367.e.7671"},"getText",[]]}
COMMAND: POST /session/5780a996aa8c51000aed420822d33f83/execute/async - {"script":"<script> [1562 bytes]","args":[{"selector":{"id":"closeContractBtn","viewName":"etm.portal.ui.managecontracts.view.Detail"},"wdio_ui5_key":"closeContractBtnetmportal.ui.managecontracts.view.Detail"}]}
RESULT: {"script":"<script> [1562 bytes]","args":[{"selector":{"id":"closeContractBtn","viewName":"etm.portal.ui.managecontracts.view.Detail"},"wdio_ui5_key":"closeContractBtnetmportal.ui.managecontracts.view.Detail"}]}
RESULT: undefined
COMMAND: POST /session/5780a996aa8c51000aed420822d33f83/execute/async - {"script":"<script> [6424 bytes]","args":[{"element-6066-11e4-a52e-4f735466cecf":"f.C12891CE133D59B6823BF6462A308BA2.d.BE539D05B850884A21ACE37099675367.e.7672"},"getEnabled",[]]}
RESULT: {"script":"<script> [6424 bytes]","args":[{"element-6066-11e4-a52e-4f735466cecf":"f.C12891CE133D59B6823BF6462A308BA2.d.BE539D05B850884A21ACE37099675367.e.7672"},"getEnabled",[]]}
COMMAND: POST /session/5780a996aa8c51000aed420822d33f83/element - {"using":"xpath","value":"//button[@data-kt=\"contractDetailEditBtnButton\"]"}
RESULT: {"using":"xpath","value":"//button[@data-kt=\"contractDetailEditBtnButton\"]"}
COMMAND: POST /session/5780a996aa8c51000aed420822d33f83/element/f.C12891CE133D59B6823BF6462A308BA2.d.BE539D05B850884A21ACE37099675367.e.7673/click - {}
RESULT: {}
COMMAND: GET /session/5780a996aa8c51000aed420822d33f83/screenshot - {}
RESULT: {}
COMMAND: POST /session/5780a996aa8c51000aed420822d33f83/element - {"using":"xpath","value":"(//span[contains(text(), \"Additional Addresses\")])[2]"}
RESULT: {"using":"xpath","value":"(//span[contains(text(), \"Additional Addresses\")])[2]"}
COMMAND: POST /session/5780a996aa8c51000aed420822d33f83/element/f.C12891CE133D59B6823BF6462A308BA2.d.BE539D05B850884A21ACE37099675367.e.7730/click - {}
RESULT: {}
COMMAND: GET /session/5780a996aa8c51000aed420822d33f83/screenshot - {}
RESULT: {}
COMMAND: POST /session/5780a996aa8c51000aed420822d33f83/element - {"using":"xpath","value":"//button[@data-kt=\"btnAddTableRowOverflowToolbarButton\"]"}
RESULT: {"using":"xpath","value":"//button[@data-kt=\"btnAddTableRowOverflowToolbarButton\"]"}
COMMAND: POST /session/5780a996aa8c51000aed420822d33f83/element/f.C12891CE133D59B6823BF6462A308BA2.d.BE539D05B850884A21ACE37099675367.e.7732/click - {}
RESULT: {}
COMMAND: GET /session/5780a996aa8c51000aed420822d33f83/screenshot - {}
RESULT: {}
COMMAND: POST /session/5780a996aa8c51000aed420822d33f83/element - {"using":"xpath","value":"//div[(text() = 'Standard Entry' or . = 'Standard Entry')]"}
RESULT: {"using":"xpath","value":"//div[(text() = 'Standard Entry' or . = 'Standard Entry')]"}
COMMAND: POST /session/5780a996aa8c51000aed420822d33f83/element/f.C12891CE133D59B6823BF6462A308BA2.d.BE539D05B850884A21ACE37099675367.e.7734/click - {}
RESULT: {}
COMMAND: POST /session/5780a996aa8c51000aed420822d33f83/element - {"using":"xpath","value":"//td[6]/div/div/input[1]"}
COMMAND: GET /session/5780a996aa8c51000aed420822d33f83/screenshot - {}
RESULT: {"using":"xpath","value":"//td[6]/div/div/input[1]"}
COMMAND: POST /session/5780a996aa8c51000aed420822d33f83/element/f.C12891CE133D59B6823BF6462A308BA2.d.BE539D05B850884A21ACE37099675367.e.7736/click - {}
RESULT: {}
RESULT: {}
COMMAND: POST /session/5780a996aa8c51000aed420822d33f83/actions - {"actions":[{"id":"action37","type":"key","parameters":{},"actions":[{"type":"keyDown","value":"î€ƒ"},{"type":"pause","duration":10},{"type":"keyUp","value":"î€ƒ"}]}]}
COMMAND: GET /session/5780a996aa8c51000aed420822d33f83/screenshot - {}
RESULT: {"actions":[{"id":"action37","type":"key","parameters":{},"actions":[{"type":"keyDown","value":"î€ƒ"},{"type":"pause","duration":10},{"type":"keyUp","value":"î€ƒ"}]}]}
COMMAND: POST /session/5780a996aa8c51000aed420822d33f83/element - {"using":"xpath","value":"//td[6]/div/div/input[1]"}
COMMAND: GET /session/5780a996aa8c51000aed420822d33f83/screenshot - {}
RESULT: {}
RESULT: {"using":"xpath","value":"//td[6]/div/div/input[1]"}
COMMAND: POST /session/5780a996aa8c51000aed420822d33f83/element/f.C12891CE133D59B6823BF6462A308BA2.d.BE539D05B850884A21ACE37099675367.e.7736/clear - {}
RESULT: {}
RESULT: {}
COMMAND: POST /session/5780a996aa8c51000aed420822d33f83/element/f.C12891CE133D59B6823BF6462A308BA2.d.BE539D05B850884A21ACE37099675367.e.7736/value - {"text":"Material"}
COMMAND: GET /session/5780a996aa8c51000aed420822d33f83/screenshot - {}
RESULT: {"text":"Material"}
COMMAND: GET /session/5780a996aa8c51000aed420822d33f83/screenshot - {}
RESULT: {}
RESULT: {}
COMMAND: POST /session/5780a996aa8c51000aed420822d33f83/actions - {"actions":[{"id":"action38","type":"key","parameters":{},"actions":[{"type":"keyDown","value":"î€‡"},{"type":"pause","duration":10},{"type":"keyUp","value":"î€‡"}]}]}
RESULT: {"actions":[{"id":"action38","type":"key","parameters":{},"actions":[{"type":"keyDown","value":"î€‡"},{"type":"pause","duration":10},{"type":"keyUp","value":"î€‡"}]}]}
COMMAND: GET /session/5780a996aa8c51000aed420822d33f83/screenshot - {}
RESULT: {}
COMMAND: POST /session/5780a996aa8c51000aed420822d33f83/actions - {"actions":[{"id":"action39","type":"key","parameters":{},"actions":[{"type":"keyDown","value":"î€‡"},{"type":"pause","duration":10},{"type":"keyUp","value":"î€‡"}]}]}
RESULT: {"actions":[{"id":"action39","type":"key","parameters":{},"actions":[{"type":"keyDown","value":"î€‡"},{"type":"pause","duration":10},{"type":"keyUp","value":"î€‡"}]}]}
COMMAND: POST /session/5780a996aa8c51000aed420822d33f83/element - {"using":"xpath","value":"//td[7]/div/div/input"}
COMMAND: GET /session/5780a996aa8c51000aed420822d33f83/screenshot - {}
RESULT: {"using":"xpath","value":"//td[7]/div/div/input"}
COMMAND: POST /session/5780a996aa8c51000aed420822d33f83/element/f.C12891CE133D59B6823BF6462A308BA2.d.BE539D05B850884A21ACE37099675367.e.7749/clear - {}
RESULT: {}
RESULT: {}
COMMAND: POST /session/5780a996aa8c51000aed420822d33f83/element/f.C12891CE133D59B6823BF6462A308BA2.d.BE539D05B850884A21ACE37099675367.e.7749/value - {"text":"WebdriverRUR2Czzmu1"}
COMMAND: GET /session/5780a996aa8c51000aed420822d33f83/screenshot - {}
RESULT: {"text":"WebdriverRUR2Czzmu1"}
COMMAND: GET /session/5780a996aa8c51000aed420822d33f83/screenshot - {}
RESULT: {}
RESULT: {}
COMMAND: POST /session/5780a996aa8c51000aed420822d33f83/actions - {"actions":[{"id":"action40","type":"key","parameters":{},"actions":[{"type":"keyDown","value":"î€‡"},{"type":"pause","duration":10},{"type":"keyUp","value":"î€‡"}]}]}
RESULT: {"actions":[{"id":"action40","type":"key","parameters":{},"actions":[{"type":"keyDown","value":"î€‡"},{"type":"pause","duration":10},{"type":"keyUp","value":"î€‡"}]}]}
COMMAND: GET /session/5780a996aa8c51000aed420822d33f83/screenshot - {}
COMMAND: POST /session/5780a996aa8c51000aed420822d33f83/actions - {"actions":[{"id":"action41","type":"key","parameters":{},"actions":[{"type":"keyDown","value":"î€‡"},{"type":"pause","duration":10},{"type":"keyUp","value":"î€‡"}]}]}
RESULT: {}
RESULT: {"actions":[{"id":"action41","type":"key","parameters":{},"actions":[{"type":"keyDown","value":"î€‡"},{"type":"pause","duration":10},{"type":"keyUp","value":"î€‡"}]}]}
COMMAND: GET /session/5780a996aa8c51000aed420822d33f83/screenshot - {}
RESULT: {}
COMMAND: POST /session/5780a996aa8c51000aed420822d33f83/element - {"using":"xpath","value":"(//button[@data-kt=\"saveButton\"])[2]"}
RESULT: {"using":"xpath","value":"(//button[@data-kt=\"saveButton\"])[2]"}
COMMAND: POST /session/5780a996aa8c51000aed420822d33f83/element/f.C12891CE133D59B6823BF6462A308BA2.d.BE539D05B850884A21ACE37099675367.e.7775/click - {}
RESULT: {}
COMMAND: GET /session/5780a996aa8c51000aed420822d33f83/screenshot - {}
RESULT: {}
]]></system-out>
    </testcase>
    <testcase classname="chrome.135_0_7049_96.windows.Standard_contract_close-reopen_US111278" name="It should close the contract" time="20.713">
      <system-out><![CDATA[
RESULT: undefined
COMMAND: POST /session/5780a996aa8c51000aed420822d33f83/element - {"using":"xpath","value":"//*[@id=\"__xmlview64--closeContractBtn\"]"}
RESULT: {"using":"xpath","value":"//*[@id=\"__xmlview64--closeContractBtn\"]"}
COMMAND: POST /session/5780a996aa8c51000aed420822d33f83/element/f.C12891CE133D59B6823BF6462A308BA2.d.BE539D05B850884A21ACE37099675367.e.7672/click - {}
RESULT: {}
COMMAND: GET /session/5780a996aa8c51000aed420822d33f83/screenshot - {}
RESULT: {}
COMMAND: POST /session/5780a996aa8c51000aed420822d33f83/element - {"using":"xpath","value":"//span[contains(text(), \"Do you want to close the whole contract?\")]"}
RESULT: {"using":"xpath","value":"//span[contains(text(), \"Do you want to close the whole contract?\")]"}
COMMAND: POST /session/5780a996aa8c51000aed420822d33f83/execute/sync - {"script":"<script> [8489 bytes]","args":[{"element-6066-11e4-a52e-4f735466cecf":"f.C12891CE133D59B6823BF6462A308BA2.d.BE539D05B850884A21ACE37099675367.e.7779","ELEMENT":"f.C12891CE133D59B6823BF6462A308BA2.d.BE539D05B850884A21ACE37099675367.e.7779"}]}
RESULT: {"script":"<script> [8489 bytes]","args":[{"element-6066-11e4-a52e-4f735466cecf":"f.C12891CE133D59B6823BF6462A308BA2.d.BE539D05B850884A21ACE37099675367.e.7779","ELEMENT":"f.C12891CE133D59B6823BF6462A308BA2.d.BE539D05B850884A21ACE37099675367.e.7779"}]}
COMMAND: POST /session/5780a996aa8c51000aed420822d33f83/element - {"using":"xpath","value":"//bdi[contains(text(), \"OK\")]"}
COMMAND: GET /session/5780a996aa8c51000aed420822d33f83/screenshot - {}
RESULT: {"using":"xpath","value":"//bdi[contains(text(), \"OK\")]"}
COMMAND: POST /session/5780a996aa8c51000aed420822d33f83/element/f.C12891CE133D59B6823BF6462A308BA2.d.BE539D05B850884A21ACE37099675367.e.7780/click - {}
RESULT: {}
RESULT: {}
COMMAND: GET /session/5780a996aa8c51000aed420822d33f83/screenshot - {}
RESULT: {}
COMMAND: POST /session/5780a996aa8c51000aed420822d33f83/element - {"using":"xpath","value":"//input[contains(@id ,\"smartContractFilterBar-btnBasicSearch-I\")]"}
RESULT: {"using":"xpath","value":"//input[contains(@id ,\"smartContractFilterBar-btnBasicSearch-I\")]"}
COMMAND: POST /session/5780a996aa8c51000aed420822d33f83/element/f.C12891CE133D59B6823BF6462A308BA2.d.BE539D05B850884A21ACE37099675367.e.7259/clear - {}
RESULT: {}
COMMAND: POST /session/5780a996aa8c51000aed420822d33f83/element/f.C12891CE133D59B6823BF6462A308BA2.d.BE539D05B850884A21ACE37099675367.e.7259/value - {"text":"10424"}
COMMAND: GET /session/5780a996aa8c51000aed420822d33f83/screenshot - {}
RESULT: {"text":"10424"}
COMMAND: POST /session/5780a996aa8c51000aed420822d33f83/actions - {"actions":[{"id":"action42","type":"key","parameters":{},"actions":[{"type":"keyDown","value":"î€‡"},{"type":"pause","duration":10},{"type":"keyUp","value":"î€‡"}]}]}
COMMAND: GET /session/5780a996aa8c51000aed420822d33f83/screenshot - {}
RESULT: {}
RESULT: {"actions":[{"id":"action42","type":"key","parameters":{},"actions":[{"type":"keyDown","value":"î€‡"},{"type":"pause","duration":10},{"type":"keyUp","value":"î€‡"}]}]}
COMMAND: GET /session/5780a996aa8c51000aed420822d33f83/screenshot - {}
RESULT: {}
RESULT: {}
COMMAND: POST /session/5780a996aa8c51000aed420822d33f83/execute/async - {"script":"<script> [1562 bytes]","args":[{"selector":{"controlType":"sap.ui.core.Icon","viewName":"etm.portal.ui.managecontracts.view.Master","properties":{"src":{"regex":{"source":"slim\\-arrow\\-right"}}}},"wdio_ui5_key":"etmportal.ui.managecontracts.view.Mastersap.ui.core.Icon{\"src\":{\"regex\":{\"source\":\"slim\\\\-arrow\\\\-right\"}}}"}]}
RESULT: {"script":"<script> [1562 bytes]","args":[{"selector":{"controlType":"sap.ui.core.Icon","viewName":"etm.portal.ui.managecontracts.view.Master","properties":{"src":{"regex":{"source":"slim\\-arrow\\-right"}}}},"wdio_ui5_key":"etmportal.ui.managecontracts.view.Mastersap.ui.core.Icon{\"src\":{\"regex\":{\"source\":\"slim\\\\-arrow\\\\-right\"}}}"}]}
RESULT: undefined
COMMAND: POST /session/5780a996aa8c51000aed420822d33f83/element - {"using":"xpath","value":"//*[@id=\"__item129-__clone4688-imgNav\"]"}
RESULT: {"using":"xpath","value":"//*[@id=\"__item129-__clone4688-imgNav\"]"}
COMMAND: POST /session/5780a996aa8c51000aed420822d33f83/element/f.C12891CE133D59B6823BF6462A308BA2.d.BE539D05B850884A21ACE37099675367.e.7961/click - {}
RESULT: {}
COMMAND: POST /session/5780a996aa8c51000aed420822d33f83/execute/async - {"script":"<script> [1562 bytes]","args":[{"selector":{"controlType":"sap.m.ObjectStatus","viewName":"etm.portal.ui.managecontracts.view.Detail","bindingPath":{"propertyPath":"LINK_TO_LOGISTICAL_STATUS/DESCRIPTION","modelName":"catalogModel"}},"wdio_ui5_key":"etmportal.ui.managecontracts.view.Detailsap.m.ObjectStatus{\"propertyPath\":\"LINK_TO_LOGISTICAL_STATUS/DESCRIPTION\",\"modelName\":\"catalogModel\"}"}]}
COMMAND: GET /session/5780a996aa8c51000aed420822d33f83/screenshot - {}
RESULT: {"script":"<script> [1562 bytes]","args":[{"selector":{"controlType":"sap.m.ObjectStatus","viewName":"etm.portal.ui.managecontracts.view.Detail","bindingPath":{"propertyPath":"LINK_TO_LOGISTICAL_STATUS/DESCRIPTION","modelName":"catalogModel"}},"wdio_ui5_key":"etmportal.ui.managecontracts.view.Detailsap.m.ObjectStatus{\"propertyPath\":\"LINK_TO_LOGISTICAL_STATUS/DESCRIPTION\",\"modelName\":\"catalogModel\"}"}]}
RESULT: undefined
COMMAND: POST /session/5780a996aa8c51000aed420822d33f83/execute/async - {"script":"<script> [6424 bytes]","args":[{"element-6066-11e4-a52e-4f735466cecf":"f.C12891CE133D59B6823BF6462A308BA2.d.BE539D05B850884A21ACE37099675367.e.7991"},"getText",[]]}
RESULT: {}
RESULT: {"script":"<script> [6424 bytes]","args":[{"element-6066-11e4-a52e-4f735466cecf":"f.C12891CE133D59B6823BF6462A308BA2.d.BE539D05B850884A21ACE37099675367.e.7991"},"getText",[]]}
]]></system-out>
    </testcase>
    <testcase classname="chrome.135_0_7049_96.windows.Standard_contract_close-reopen_US111278" name="Should reopen the contract" time="9.869">
      <system-out><![CDATA[
COMMAND: POST /session/5780a996aa8c51000aed420822d33f83/execute/async - {"script":"<script> [1562 bytes]","args":[{"selector":{"id":"openContractBtn","viewName":"etm.portal.ui.managecontracts.view.Detail"},"wdio_ui5_key":"openContractBtnetmportal.ui.managecontracts.view.Detail"}]}
RESULT: {"script":"<script> [1562 bytes]","args":[{"selector":{"id":"openContractBtn","viewName":"etm.portal.ui.managecontracts.view.Detail"},"wdio_ui5_key":"openContractBtnetmportal.ui.managecontracts.view.Detail"}]}
RESULT: undefined
COMMAND: POST /session/5780a996aa8c51000aed420822d33f83/execute/async - {"script":"<script> [6424 bytes]","args":[{"element-6066-11e4-a52e-4f735466cecf":"f.C12891CE133D59B6823BF6462A308BA2.d.BE539D05B850884A21ACE37099675367.e.7980"},"getEnabled",[]]}
RESULT: {"script":"<script> [6424 bytes]","args":[{"element-6066-11e4-a52e-4f735466cecf":"f.C12891CE133D59B6823BF6462A308BA2.d.BE539D05B850884A21ACE37099675367.e.7980"},"getEnabled",[]]}
COMMAND: POST /session/5780a996aa8c51000aed420822d33f83/element - {"using":"xpath","value":"//bdi[contains(text(), \"Edit\")]"}
RESULT: {"using":"xpath","value":"//bdi[contains(text(), \"Edit\")]"}
COMMAND: POST /session/5780a996aa8c51000aed420822d33f83/element - {"using":"xpath","value":"//bdi[contains(text(), \"Edit\")]"}
RESULT: undefined
COMMAND: POST /session/5780a996aa8c51000aed420822d33f83/element - {"using":"xpath","value":"//*[@id=\"__xmlview64--openContractBtn\"]"}
RESULT: {"using":"xpath","value":"//bdi[contains(text(), \"Edit\")]"}
RESULT: {"using":"xpath","value":"//*[@id=\"__xmlview64--openContractBtn\"]"}
COMMAND: POST /session/5780a996aa8c51000aed420822d33f83/element/f.C12891CE133D59B6823BF6462A308BA2.d.BE539D05B850884A21ACE37099675367.e.7980/click - {}
RESULT: {}
COMMAND: POST /session/5780a996aa8c51000aed420822d33f83/execute/async - {"script":"<script> [1562 bytes]","args":[{"selector":{"controlType":"sap.m.Text","properties":{"text":"Contract has been reopened successfully"},"searchOpenDialogs":true},"wdio_ui5_key":"sapm.Text{\"text\":\"Contract has been reopened successfully\"}"}]}
COMMAND: GET /session/5780a996aa8c51000aed420822d33f83/screenshot - {}
RESULT: {"script":"<script> [1562 bytes]","args":[{"selector":{"controlType":"sap.m.Text","properties":{"text":"Contract has been reopened successfully"},"searchOpenDialogs":true},"wdio_ui5_key":"sapm.Text{\"text\":\"Contract has been reopened successfully\"}"}]}
RESULT: undefined
COMMAND: POST /session/5780a996aa8c51000aed420822d33f83/execute/async - {"script":"<script> [6424 bytes]","args":[{"element-6066-11e4-a52e-4f735466cecf":"f.C12891CE133D59B6823BF6462A308BA2.d.BE539D05B850884A21ACE37099675367.e.7994"},"getText",[]]}
RESULT: {}
RESULT: {"script":"<script> [6424 bytes]","args":[{"element-6066-11e4-a52e-4f735466cecf":"f.C12891CE133D59B6823BF6462A308BA2.d.BE539D05B850884A21ACE37099675367.e.7994"},"getText",[]]}
COMMAND: POST /session/5780a996aa8c51000aed420822d33f83/element - {"using":"xpath","value":"//bdi[contains(text(), \"OK\")]"}
RESULT: {"using":"xpath","value":"//bdi[contains(text(), \"OK\")]"}
COMMAND: POST /session/5780a996aa8c51000aed420822d33f83/element/f.C12891CE133D59B6823BF6462A308BA2.d.BE539D05B850884A21ACE37099675367.e.7995/click - {}
RESULT: {}
COMMAND: GET /session/5780a996aa8c51000aed420822d33f83/screenshot - {}
RESULT: {}
COMMAND: POST /session/5780a996aa8c51000aed420822d33f83/element - {"using":"xpath","value":"//bdi[contains(text(), \"Edit\")]"}
RESULT: undefined
COMMAND: POST /session/5780a996aa8c51000aed420822d33f83/execute/async - {"script":"<script> [6424 bytes]","args":[{"element-6066-11e4-a52e-4f735466cecf":"f.C12891CE133D59B6823BF6462A308BA2.d.BE539D05B850884A21ACE37099675367.e.7672"},"getEnabled",[]]}
RESULT: {"using":"xpath","value":"//bdi[contains(text(), \"Edit\")]"}
COMMAND: POST /session/5780a996aa8c51000aed420822d33f83/execute/sync - {"script":"<script> [8489 bytes]","args":[{"element-6066-11e4-a52e-4f735466cecf":"f.C12891CE133D59B6823BF6462A308BA2.d.BE539D05B850884A21ACE37099675367.e.7996","ELEMENT":"f.C12891CE133D59B6823BF6462A308BA2.d.BE539D05B850884A21ACE37099675367.e.7996"}]}
COMMAND: POST /session/5780a996aa8c51000aed420822d33f83/execute/async - {"script":"<script> [1562 bytes]","args":[{"selector":{"id":"closeContractBtn","viewName":"etm.portal.ui.managecontracts.view.Detail"},"wdio_ui5_key":"closeContractBtnetmportal.ui.managecontracts.view.Detail"}]}
RESULT: {"script":"<script> [8489 bytes]","args":[{"element-6066-11e4-a52e-4f735466cecf":"f.C12891CE133D59B6823BF6462A308BA2.d.BE539D05B850884A21ACE37099675367.e.7996","ELEMENT":"f.C12891CE133D59B6823BF6462A308BA2.d.BE539D05B850884A21ACE37099675367.e.7996"}]}
COMMAND: GET /session/5780a996aa8c51000aed420822d33f83/screenshot - {}
RESULT: {"script":"<script> [1562 bytes]","args":[{"selector":{"id":"closeContractBtn","viewName":"etm.portal.ui.managecontracts.view.Detail"},"wdio_ui5_key":"closeContractBtnetmportal.ui.managecontracts.view.Detail"}]}
COMMAND: POST /session/5780a996aa8c51000aed420822d33f83/execute/async - {"script":"<script> [6424 bytes]","args":[{"element-6066-11e4-a52e-4f735466cecf":"f.C12891CE133D59B6823BF6462A308BA2.d.BE539D05B850884A21ACE37099675367.e.7997"},"getEnabled",[]]}
RESULT: {}
RESULT: {"script":"<script> [6424 bytes]","args":[{"element-6066-11e4-a52e-4f735466cecf":"f.C12891CE133D59B6823BF6462A308BA2.d.BE539D05B850884A21ACE37099675367.e.7997"},"getEnabled",[]]}
]]></system-out>
    </testcase>
    <testcase classname="chrome.135_0_7049_96.windows.Standard_contract_close-reopen_US111278" name="Should verify for multiple statuses that open button is not visible" time="66.78">
      <system-out><![CDATA[
COMMAND: POST /session/5780a996aa8c51000aed420822d33f83/execute/async - {"script":"<script> [1562 bytes]","args":[{"selector":{"controlType":"sap.ui.core.Icon","viewName":"etm.portal.ui.managecontracts.view.Detail","properties":{"src":{"regex":{"source":"decline"}}}},"wdio_ui5_key":"etmportal.ui.managecontracts.view.Detailsap.ui.core.Icon{\"src\":{\"regex\":{\"source\":\"decline\"}}}"}]}
RESULT: {"script":"<script> [1562 bytes]","args":[{"selector":{"controlType":"sap.ui.core.Icon","viewName":"etm.portal.ui.managecontracts.view.Detail","properties":{"src":{"regex":{"source":"decline"}}}},"wdio_ui5_key":"etmportal.ui.managecontracts.view.Detailsap.ui.core.Icon{\"src\":{\"regex\":{\"source\":\"decline\"}}}"}]}
RESULT: undefined
COMMAND: POST /session/5780a996aa8c51000aed420822d33f83/element - {"using":"xpath","value":"//*[@id=\"__xmlview64--closeColumnBtn-img\"]"}
RESULT: {"using":"xpath","value":"//*[@id=\"__xmlview64--closeColumnBtn-img\"]"}
COMMAND: POST /session/5780a996aa8c51000aed420822d33f83/element/f.C12891CE133D59B6823BF6462A308BA2.d.BE539D05B850884A21ACE37099675367.e.7977/click - {}
RESULT: {}
COMMAND: GET /session/5780a996aa8c51000aed420822d33f83/screenshot - {}
RESULT: {}
COMMAND: POST /session/5780a996aa8c51000aed420822d33f83/element - {"using":"xpath","value":"//div[contains(@id ,\"smartContractFilterBar-btnBasicSearch-reset\")]"}
RESULT: {"using":"xpath","value":"//div[contains(@id ,\"smartContractFilterBar-btnBasicSearch-reset\")]"}
COMMAND: POST /session/5780a996aa8c51000aed420822d33f83/element/f.C12891CE133D59B6823BF6462A308BA2.d.BE539D05B850884A21ACE37099675367.e.7978/click - {}
RESULT: {}
COMMAND: GET /session/5780a996aa8c51000aed420822d33f83/screenshot - {}
COMMAND: POST /session/5780a996aa8c51000aed420822d33f83/execute/async - {"script":"<script> [1562 bytes]","args":[{"selector":{"controlType":"sap.ui.core.Icon","viewName":"etm.portal.ui.managecontracts.view.Master","properties":{"src":{"regex":{"source":"slim\\-arrow\\-down"}}},"ancestor":{"id":"smartContractStatusFilter","viewName":"etm.portal.ui.managecontracts.view.Master"}},"wdio_ui5_key":"etmportal.ui.managecontracts.view.Mastersap.ui.core.Icon{\"src\":{\"regex\":{\"source\":\"slim\\\\-arrow\\\\-down\"}}}{\"id\":\"smartContractStatusFilter\",\"viewName\":\"etm.portal.ui.managecontracts.view.Master\"}"}]}
RESULT: {}
RESULT: {"script":"<script> [1562 bytes]","args":[{"selector":{"controlType":"sap.ui.core.Icon","viewName":"etm.portal.ui.managecontracts.view.Master","properties":{"src":{"regex":{"source":"slim\\-arrow\\-down"}}},"ancestor":{"id":"smartContractStatusFilter","viewName":"etm.portal.ui.managecontracts.view.Master"}},"wdio_ui5_key":"etmportal.ui.managecontracts.view.Mastersap.ui.core.Icon{\"src\":{\"regex\":{\"source\":\"slim\\\\-arrow\\\\-down\"}}}{\"id\":\"smartContractStatusFilter\",\"viewName\":\"etm.portal.ui.managecontracts.view.Master\"}"}]}
RESULT: undefined
COMMAND: POST /session/5780a996aa8c51000aed420822d33f83/element - {"using":"xpath","value":"//*[@id=\"__xmlview63--smartContractStatusFilter-arrow\"]"}
RESULT: {"using":"xpath","value":"//*[@id=\"__xmlview63--smartContractStatusFilter-arrow\"]"}
COMMAND: POST /session/5780a996aa8c51000aed420822d33f83/element/f.C12891CE133D59B6823BF6462A308BA2.d.BE539D05B850884A21ACE37099675367.e.8043/click - {}
RESULT: {}
COMMAND: POST /session/5780a996aa8c51000aed420822d33f83/execute/async - {"script":"<script> [1562 bytes]","args":[{"selector":{"controlType":"sap.m.CheckBox","viewName":"etm.portal.ui.managecontracts.view.Master","properties":{"editable":true},"searchOpenDialogs":true,"ancestor":{"controlType":"sap.m.StandardListItem","viewName":"etm.portal.ui.managecontracts.view.Master","properties":{"title":"partial provided"},"searchOpenDialogs":true},"interaction":{"idSuffix":"CbBg"}},"wdio_ui5_key":"etmportal.ui.managecontracts.view.Mastersap.m.CheckBox{\"editable\":true}{\"controlType\":\"sap.m.StandardListItem\",\"viewName\":\"etm.portal.ui.managecontracts.view.Master\",\"properties\":{\"title\":\"partial provided\"},\"searchOpenDialogs\":true}"}]}
COMMAND: GET /session/5780a996aa8c51000aed420822d33f83/screenshot - {}
RESULT: {"script":"<script> [1562 bytes]","args":[{"selector":{"controlType":"sap.m.CheckBox","viewName":"etm.portal.ui.managecontracts.view.Master","properties":{"editable":true},"searchOpenDialogs":true,"ancestor":{"controlType":"sap.m.StandardListItem","viewName":"etm.portal.ui.managecontracts.view.Master","properties":{"title":"partial provided"},"searchOpenDialogs":true},"interaction":{"idSuffix":"CbBg"}},"wdio_ui5_key":"etmportal.ui.managecontracts.view.Mastersap.m.CheckBox{\"editable\":true}{\"controlType\":\"sap.m.StandardListItem\",\"viewName\":\"etm.portal.ui.managecontracts.view.Master\",\"properties\":{\"title\":\"partial provided\"},\"searchOpenDialogs\":true}"}]}
RESULT: undefined
COMMAND: POST /session/5780a996aa8c51000aed420822d33f83/element - {"using":"xpath","value":"//*[@id=\"__item1642-selectMulti\"]"}
RESULT: {}
RESULT: {"using":"xpath","value":"//*[@id=\"__item1642-selectMulti\"]"}
COMMAND: POST /session/5780a996aa8c51000aed420822d33f83/element/f.C12891CE133D59B6823BF6462A308BA2.d.BE539D05B850884A21ACE37099675367.e.8053/click - {}
RESULT: {}
COMMAND: GET /session/5780a996aa8c51000aed420822d33f83/screenshot - {}
RESULT: {}
COMMAND: POST /session/5780a996aa8c51000aed420822d33f83/element - {"using":"xpath","value":"(//span[contains(@title ,\"Navigation\")])[2]"}
RESULT: {"using":"xpath","value":"(//span[contains(@title ,\"Navigation\")])[2]"}
COMMAND: POST /session/5780a996aa8c51000aed420822d33f83/element/f.C12891CE133D59B6823BF6462A308BA2.d.BE539D05B850884A21ACE37099675367.e.8073/click - {}
RESULT: {}
COMMAND: GET /session/5780a996aa8c51000aed420822d33f83/screenshot - {}
RESULT: {}
COMMAND: POST /session/5780a996aa8c51000aed420822d33f83/element - {"using":"xpath","value":"//bdi[contains(@id ,\"closeContractBtn-BDI-content\")]"}
RESULT: {"using":"xpath","value":"//bdi[contains(@id ,\"closeContractBtn-BDI-content\")]"}
COMMAND: POST /session/5780a996aa8c51000aed420822d33f83/element - {"using":"xpath","value":"//bdi[contains(@id ,\"closeContractBtn-BDI-content\")]"}
RESULT: undefined
COMMAND: POST /session/5780a996aa8c51000aed420822d33f83/element - {"using":"xpath","value":"//*[@id=\"__xmlview64--closeColumnBtn-img\"]"}
RESULT: {"using":"xpath","value":"//bdi[contains(@id ,\"closeContractBtn-BDI-content\")]"}
RESULT: {"using":"xpath","value":"//*[@id=\"__xmlview64--closeColumnBtn-img\"]"}
COMMAND: POST /session/5780a996aa8c51000aed420822d33f83/element/f.C12891CE133D59B6823BF6462A308BA2.d.BE539D05B850884A21ACE37099675367.e.7977/click - {}
RESULT: {}
COMMAND: GET /session/5780a996aa8c51000aed420822d33f83/screenshot - {}
COMMAND: POST /session/5780a996aa8c51000aed420822d33f83/refresh - {}
RESULT: {}
RESULT: {}
COMMAND: GET /session/5780a996aa8c51000aed420822d33f83/screenshot - {}
RESULT: {}
COMMAND: POST /session/5780a996aa8c51000aed420822d33f83/execute/async - {"script":"<script> [189 bytes]","args":[]}
RESULT: {"script":"<script> [189 bytes]","args":[]}
COMMAND: POST /session/5780a996aa8c51000aed420822d33f83/execute/async - {"script":"<script> [123 bytes]","args":[]}
RESULT: {"script":"<script> [123 bytes]","args":[]}
COMMAND: POST /session/5780a996aa8c51000aed420822d33f83/timeouts - {"script":"<number>"}
RESULT: {"script":"<number>"}
COMMAND: GET /session/5780a996aa8c51000aed420822d33f83/timeouts - {}
RESULT: {}
RESULT: undefined
COMMAND: POST /session/5780a996aa8c51000aed420822d33f83/execute/async - {"script":"<script> [2676 bytes]","args":[]}
RESULT: {"script":"<script> [2676 bytes]","args":[]}
COMMAND: POST /session/5780a996aa8c51000aed420822d33f83/execute/async - {"script":"<script> [2342 bytes]","args":[{"protocol":"http","hostname":"0.0.0.0","path":"/","capabilities":{"browserName":"chrome","goog:chromeOptions":{"binary":"C:\\Program Files\\Google\\Chrome\\Application\\chrome.exe","args":["--start-maximized"]}},"logLevel":"warn","connectionRetryTimeout":120000,"connectionRetryCount":3,"logLevels":{},"enableDirectConnect":true,"strictSSL":true,"_":"65 more keys: [\"cacheDir\",\"port\",\"requestedCapabilities\",\"automationProtocol\",\"baseUrl\",\"waitforInterval\",\"waitforTimeout\",\"onReload\",\"beforeCommand\",\"afterCommand\",\"rootDir\",\"specs\",\"suites\",\"exclude\",\"groupLogsByTestSpec\",\"excludeDriverLogs\",\"bail\",\"framework\",\"reporters\",\"services\",\"maxInstances\",\"maxInstancesPerCapability\",\"injectGlobals\",\"filesToWatch\",\"execArgv\",\"runnerEnv\",\"runner\",\"shard\",\"specFileRetries\",\"specFileRetriesDelay\",\"specFileRetriesDeferred\",\"reporterSyncInterval\",\"reporterSyncTimeout\",\"cucumberFeaturesWithLineNumbers\",\"autoCompileOpts\",\"mochaOpts\",\"jasmineOpts\",\"cucumberOpts\",\"onPrepare\",\"onWorkerStart\",\"onWorkerEnd\",\"before\",\"beforeSession\",\"beforeSuite\",\"beforeHook\",\"beforeTest\",\"afterTest\",\"afterHook\",\"afterSuite\",\"afterSession\",\"after\",\"onComplete\",\"beforeAssertion\",\"afterAssertion\",\"beforeFeature\",\"beforeScenario\",\"beforeStep\",\"afterStep\",\"afterScenario\",\"afterFeature\",\"_\",\"suite\",\"$0\",\"ignoredWorkerServices\",\"wdi5\"]"}]}
RESULT: {"script":"<script> [2342 bytes]","args":[{"protocol":"http","hostname":"0.0.0.0","path":"/","capabilities":{"browserName":"chrome","goog:chromeOptions":{"binary":"C:\\Program Files\\Google\\Chrome\\Application\\chrome.exe","args":["--start-maximized"]}},"logLevel":"warn","connectionRetryTimeout":120000,"connectionRetryCount":3,"logLevels":{},"enableDirectConnect":true,"strictSSL":true,"_":"65 more keys: [\"cacheDir\",\"port\",\"requestedCapabilities\",\"automationProtocol\",\"baseUrl\",\"waitforInterval\",\"waitforTimeout\",\"onReload\",\"beforeCommand\",\"afterCommand\",\"rootDir\",\"specs\",\"suites\",\"exclude\",\"groupLogsByTestSpec\",\"excludeDriverLogs\",\"bail\",\"framework\",\"reporters\",\"services\",\"maxInstances\",\"maxInstancesPerCapability\",\"injectGlobals\",\"filesToWatch\",\"execArgv\",\"runnerEnv\",\"runner\",\"shard\",\"specFileRetries\",\"specFileRetriesDelay\",\"specFileRetriesDeferred\",\"reporterSyncInterval\",\"reporterSyncTimeout\",\"cucumberFeaturesWithLineNumbers\",\"autoCompileOpts\",\"mochaOpts\",\"jasmineOpts\",\"cucumberOpts\",\"onPrepare\",\"onWorkerStart\",\"onWorkerEnd\",\"before\",\"beforeSession\",\"beforeSuite\",\"beforeHook\",\"beforeTest\",\"afterTest\",\"afterHook\",\"afterSuite\",\"afterSession\",\"after\",\"onComplete\",\"beforeAssertion\",\"afterAssertion\",\"beforeFeature\",\"beforeScenario\",\"beforeStep\",\"afterStep\",\"afterScenario\",\"afterFeature\",\"_\",\"suite\",\"$0\",\"ignoredWorkerServices\",\"wdi5\"]"}]}
COMMAND: POST /session/5780a996aa8c51000aed420822d33f83/execute/async - {"script":"<script> [21126 bytes]","args":[35000]}
RESULT: {"script":"<script> [21126 bytes]","args":[35000]}
COMMAND: POST /session/5780a996aa8c51000aed420822d33f83/execute/async - {"script":"<script> [1562 bytes]","args":[{"selector":{"controlType":"sap.ui.core.Icon","viewName":"etm.portal.ui.managecontracts.view.Master","properties":{"src":{"regex":{"source":"slim\\-arrow\\-down"}}},"ancestor":{"id":"smartContractStatusFilter","viewName":"etm.portal.ui.managecontracts.view.Master"}},"wdio_ui5_key":"etmportal.ui.managecontracts.view.Mastersap.ui.core.Icon{\"src\":{\"regex\":{\"source\":\"slim\\\\-arrow\\\\-down\"}}}{\"id\":\"smartContractStatusFilter\",\"viewName\":\"etm.portal.ui.managecontracts.view.Master\"}"}]}
RESULT: {"script":"<script> [1562 bytes]","args":[{"selector":{"controlType":"sap.ui.core.Icon","viewName":"etm.portal.ui.managecontracts.view.Master","properties":{"src":{"regex":{"source":"slim\\-arrow\\-down"}}},"ancestor":{"id":"smartContractStatusFilter","viewName":"etm.portal.ui.managecontracts.view.Master"}},"wdio_ui5_key":"etmportal.ui.managecontracts.view.Mastersap.ui.core.Icon{\"src\":{\"regex\":{\"source\":\"slim\\\\-arrow\\\\-down\"}}}{\"id\":\"smartContractStatusFilter\",\"viewName\":\"etm.portal.ui.managecontracts.view.Master\"}"}]}
RESULT: undefined
COMMAND: POST /session/5780a996aa8c51000aed420822d33f83/element - {"using":"xpath","value":"//*[@id=\"__xmlview0--smartContractStatusFilter-arrow\"]"}
RESULT: {"using":"xpath","value":"//*[@id=\"__xmlview0--smartContractStatusFilter-arrow\"]"}
COMMAND: POST /session/5780a996aa8c51000aed420822d33f83/element/f.C12891CE133D59B6823BF6462A308BA2.d.E6437EB80A482F09E9DC2CBAC8873421.e.8468/click - {}
RESULT: {}
COMMAND: GET /session/5780a996aa8c51000aed420822d33f83/screenshot - {}
RESULT: {}
COMMAND: POST /session/5780a996aa8c51000aed420822d33f83/execute/async - {"script":"<script> [1562 bytes]","args":[{"selector":{"controlType":"sap.m.CheckBox","viewName":"etm.portal.ui.managecontracts.view.Master","properties":{"editable":true},"searchOpenDialogs":true,"ancestor":{"controlType":"sap.m.StandardListItem","viewName":"etm.portal.ui.managecontracts.view.Master","properties":{"title":"partial billed"},"searchOpenDialogs":true},"interaction":{"idSuffix":"CbBg"}},"wdio_ui5_key":"etmportal.ui.managecontracts.view.Mastersap.m.CheckBox{\"editable\":true}{\"controlType\":\"sap.m.StandardListItem\",\"viewName\":\"etm.portal.ui.managecontracts.view.Master\",\"properties\":{\"title\":\"partial billed\"},\"searchOpenDialogs\":true}"}]}
RESULT: {"script":"<script> [1562 bytes]","args":[{"selector":{"controlType":"sap.m.CheckBox","viewName":"etm.portal.ui.managecontracts.view.Master","properties":{"editable":true},"searchOpenDialogs":true,"ancestor":{"controlType":"sap.m.StandardListItem","viewName":"etm.portal.ui.managecontracts.view.Master","properties":{"title":"partial billed"},"searchOpenDialogs":true},"interaction":{"idSuffix":"CbBg"}},"wdio_ui5_key":"etmportal.ui.managecontracts.view.Mastersap.m.CheckBox{\"editable\":true}{\"controlType\":\"sap.m.StandardListItem\",\"viewName\":\"etm.portal.ui.managecontracts.view.Master\",\"properties\":{\"title\":\"partial billed\"},\"searchOpenDialogs\":true}"}]}
RESULT: undefined
COMMAND: POST /session/5780a996aa8c51000aed420822d33f83/element - {"using":"xpath","value":"//*[@id=\"__item41-selectMulti\"]"}
RESULT: {"using":"xpath","value":"//*[@id=\"__item41-selectMulti\"]"}
COMMAND: POST /session/5780a996aa8c51000aed420822d33f83/element/f.C12891CE133D59B6823BF6462A308BA2.d.E6437EB80A482F09E9DC2CBAC8873421.e.8477/click - {}
RESULT: {}
COMMAND: GET /session/5780a996aa8c51000aed420822d33f83/screenshot - {}
RESULT: {}
COMMAND: POST /session/5780a996aa8c51000aed420822d33f83/element - {"using":"xpath","value":"(//span[contains(@title ,\"Navigation\")])[2]"}
RESULT: {"using":"xpath","value":"(//span[contains(@title ,\"Navigation\")])[2]"}
COMMAND: POST /session/5780a996aa8c51000aed420822d33f83/element/f.C12891CE133D59B6823BF6462A308BA2.d.E6437EB80A482F09E9DC2CBAC8873421.e.8516/click - {}
RESULT: {}
COMMAND: GET /session/5780a996aa8c51000aed420822d33f83/screenshot - {}
RESULT: {}
COMMAND: POST /session/5780a996aa8c51000aed420822d33f83/element - {"using":"xpath","value":"//bdi[contains(@id ,\"closeContractBtn-BDI-content\")]"}
COMMAND: POST /session/5780a996aa8c51000aed420822d33f83/element - {"using":"css selector","value":"#shell-header-logo"}
RESULT: {"using":"xpath","value":"//bdi[contains(@id ,\"closeContractBtn-BDI-content\")]"}
RESULT: {"using":"css selector","value":"#shell-header-logo"}
COMMAND: POST /session/5780a996aa8c51000aed420822d33f83/element/f.C12891CE133D59B6823BF6462A308BA2.d.E6437EB80A482F09E9DC2CBAC8873421.e.8437/click - {}
RESULT: {}
COMMAND: GET /session/5780a996aa8c51000aed420822d33f83/screenshot - {}
RESULT: {}
]]></system-out>
    </testcase>
  </testsuite>
  <testsuite timestamp="2025-04-30T18:12:07" time="52.048" tests="1" failures="0" errors="0" skipped="0">
    <properties>
      <property name="specId" value="0" />
      <property name="suiteName" value="Standard contract decline US151279" />
      <property name="capabilities" value="chrome.135_0_7049_96.windows" />
      <property name="file" value="file:///D:/a/1/s/test/specs/R2C/standard-contract-decline.spec.js" />
    </properties>
    <testcase classname="chrome.135_0_7049_96.windows.Standard_contract_decline_US151279" name="Should decline a contract" time="48.27">
      <system-out><![CDATA[
COMMAND: POST /session/5780a996aa8c51000aed420822d33f83/execute/async - {"script":"<script> [1562 bytes]","args":[{"selector":{"controlType":"sap.m.GenericTile","properties":{"header":"Manage Contracts"}},"wdio_ui5_key":"sapm.GenericTile{\"header\":\"Manage Contracts\"}"}]}
RESULT: {"script":"<script> [1562 bytes]","args":[{"selector":{"controlType":"sap.m.GenericTile","properties":{"header":"Manage Contracts"}},"wdio_ui5_key":"sapm.GenericTile{\"header\":\"Manage Contracts\"}"}]}
RESULT: undefined
COMMAND: POST /session/5780a996aa8c51000aed420822d33f83/element - {"using":"xpath","value":"//*[@id=\"__tile130\"]"}
RESULT: {"using":"xpath","value":"//*[@id=\"__tile130\"]"}
COMMAND: POST /session/5780a996aa8c51000aed420822d33f83/element/f.C12891CE133D59B6823BF6462A308BA2.d.E6437EB80A482F09E9DC2CBAC8873421.e.8847/click - {}
RESULT: {}
COMMAND: GET /session/5780a996aa8c51000aed420822d33f83/screenshot - {}
COMMAND: POST /session/5780a996aa8c51000aed420822d33f83/element - {"using":"xpath","value":"//input[contains(@id ,\"smartContractFilterBar-btnBasicSearch-I\")]"}
RESULT: {}
RESULT: {"using":"xpath","value":"//input[contains(@id ,\"smartContractFilterBar-btnBasicSearch-I\")]"}
COMMAND: POST /session/5780a996aa8c51000aed420822d33f83/element/f.C12891CE133D59B6823BF6462A308BA2.d.E6437EB80A482F09E9DC2CBAC8873421.e.8851/clear - {}
RESULT: {}
COMMAND: POST /session/5780a996aa8c51000aed420822d33f83/element/f.C12891CE133D59B6823BF6462A308BA2.d.E6437EB80A482F09E9DC2CBAC8873421.e.8851/value - {"text":"10424"}
COMMAND: GET /session/5780a996aa8c51000aed420822d33f83/screenshot - {}
RESULT: {"text":"10424"}
COMMAND: POST /session/5780a996aa8c51000aed420822d33f83/actions - {"actions":[{"id":"action43","type":"key","parameters":{},"actions":[{"type":"keyDown","value":"î€‡"},{"type":"pause","duration":10},{"type":"keyUp","value":"î€‡"}]}]}
COMMAND: GET /session/5780a996aa8c51000aed420822d33f83/screenshot - {}
RESULT: {}
RESULT: {"actions":[{"id":"action43","type":"key","parameters":{},"actions":[{"type":"keyDown","value":"î€‡"},{"type":"pause","duration":10},{"type":"keyUp","value":"î€‡"}]}]}
COMMAND: GET /session/5780a996aa8c51000aed420822d33f83/screenshot - {}
RESULT: {}
RESULT: {}
COMMAND: POST /session/5780a996aa8c51000aed420822d33f83/execute/async - {"script":"<script> [1562 bytes]","args":[{"selector":{"controlType":"sap.ui.core.Icon","viewName":"etm.portal.ui.managecontracts.view.Master","properties":{"src":{"regex":{"source":"slim\\-arrow\\-right"}}}},"wdio_ui5_key":"etmportal.ui.managecontracts.view.Mastersap.ui.core.Icon{\"src\":{\"regex\":{\"source\":\"slim\\\\-arrow\\\\-right\"}}}"}]}
RESULT: {"script":"<script> [1562 bytes]","args":[{"selector":{"controlType":"sap.ui.core.Icon","viewName":"etm.portal.ui.managecontracts.view.Master","properties":{"src":{"regex":{"source":"slim\\-arrow\\-right"}}}},"wdio_ui5_key":"etmportal.ui.managecontracts.view.Mastersap.ui.core.Icon{\"src\":{\"regex\":{\"source\":\"slim\\\\-arrow\\\\-right\"}}}"}]}
RESULT: undefined
COMMAND: POST /session/5780a996aa8c51000aed420822d33f83/element - {"using":"xpath","value":"//*[@id=\"__item77-__clone211-imgNav\"]"}
RESULT: {"using":"xpath","value":"//*[@id=\"__item77-__clone211-imgNav\"]"}
COMMAND: POST /session/5780a996aa8c51000aed420822d33f83/element/f.C12891CE133D59B6823BF6462A308BA2.d.E6437EB80A482F09E9DC2CBAC8873421.e.8974/click - {}
RESULT: {}
COMMAND: GET /session/5780a996aa8c51000aed420822d33f83/screenshot - {}
RESULT: {}
COMMAND: POST /session/5780a996aa8c51000aed420822d33f83/execute/async - {"script":"<script> [1562 bytes]","args":[{"selector":{"id":"cancelContractBtn","viewName":"etm.portal.ui.managecontracts.view.Detail","interaction":{"idSuffix":"BDI-content"}},"wdio_ui5_key":"cancelContractBtnetmportal.ui.managecontracts.view.Detail"}]}
RESULT: {"script":"<script> [1562 bytes]","args":[{"selector":{"id":"cancelContractBtn","viewName":"etm.portal.ui.managecontracts.view.Detail","interaction":{"idSuffix":"BDI-content"}},"wdio_ui5_key":"cancelContractBtnetmportal.ui.managecontracts.view.Detail"}]}
RESULT: undefined
COMMAND: POST /session/5780a996aa8c51000aed420822d33f83/element - {"using":"xpath","value":"//*[@id=\"__xmlview61--cancelContractBtn\"]"}
RESULT: {"using":"xpath","value":"//*[@id=\"__xmlview61--cancelContractBtn\"]"}
COMMAND: POST /session/5780a996aa8c51000aed420822d33f83/element/f.C12891CE133D59B6823BF6462A308BA2.d.E6437EB80A482F09E9DC2CBAC8873421.e.9074/click - {}
RESULT: {}
COMMAND: GET /session/5780a996aa8c51000aed420822d33f83/screenshot - {}
RESULT: {}
COMMAND: POST /session/5780a996aa8c51000aed420822d33f83/execute/async - {"script":"<script> [1562 bytes]","args":[{"selector":{"controlType":"sap.m.Text","properties":{"text":"Do you want to cancel the whole contract?"},"searchOpenDialogs":true},"wdio_ui5_key":"sapm.Text{\"text\":\"Do you want to cancel the whole contract?\"}"}]}
RESULT: {"script":"<script> [1562 bytes]","args":[{"selector":{"controlType":"sap.m.Text","properties":{"text":"Do you want to cancel the whole contract?"},"searchOpenDialogs":true},"wdio_ui5_key":"sapm.Text{\"text\":\"Do you want to cancel the whole contract?\"}"}]}
RESULT: undefined
COMMAND: POST /session/5780a996aa8c51000aed420822d33f83/execute/async - {"script":"<script> [6424 bytes]","args":[{"element-6066-11e4-a52e-4f735466cecf":"f.C12891CE133D59B6823BF6462A308BA2.d.E6437EB80A482F09E9DC2CBAC8873421.e.9130"},"getText",[]]}
RESULT: {"script":"<script> [6424 bytes]","args":[{"element-6066-11e4-a52e-4f735466cecf":"f.C12891CE133D59B6823BF6462A308BA2.d.E6437EB80A482F09E9DC2CBAC8873421.e.9130"},"getText",[]]}
COMMAND: POST /session/5780a996aa8c51000aed420822d33f83/element - {"using":"xpath","value":"//bdi[contains(text(), \"OK\")]"}
RESULT: {"using":"xpath","value":"//bdi[contains(text(), \"OK\")]"}
COMMAND: POST /session/5780a996aa8c51000aed420822d33f83/element/f.C12891CE133D59B6823BF6462A308BA2.d.E6437EB80A482F09E9DC2CBAC8873421.e.9131/click - {}
RESULT: {}
COMMAND: GET /session/5780a996aa8c51000aed420822d33f83/screenshot - {}
RESULT: {}
COMMAND: POST /session/5780a996aa8c51000aed420822d33f83/element - {"using":"xpath","value":"//input[contains(@id ,\"smartContractFilterBar-btnBasicSearch-I\")]"}
RESULT: {"using":"xpath","value":"//input[contains(@id ,\"smartContractFilterBar-btnBasicSearch-I\")]"}
COMMAND: POST /session/5780a996aa8c51000aed420822d33f83/element/f.C12891CE133D59B6823BF6462A308BA2.d.E6437EB80A482F09E9DC2CBAC8873421.e.8851/clear - {}
RESULT: {}
COMMAND: POST /session/5780a996aa8c51000aed420822d33f83/element/f.C12891CE133D59B6823BF6462A308BA2.d.E6437EB80A482F09E9DC2CBAC8873421.e.8851/value - {"text":"10424"}
COMMAND: GET /session/5780a996aa8c51000aed420822d33f83/screenshot - {}
RESULT: {"text":"10424"}
COMMAND: POST /session/5780a996aa8c51000aed420822d33f83/actions - {"actions":[{"id":"action44","type":"key","parameters":{},"actions":[{"type":"keyDown","value":"î€‡"},{"type":"pause","duration":10},{"type":"keyUp","value":"î€‡"}]}]}
COMMAND: GET /session/5780a996aa8c51000aed420822d33f83/screenshot - {}
RESULT: {}
RESULT: {"actions":[{"id":"action44","type":"key","parameters":{},"actions":[{"type":"keyDown","value":"î€‡"},{"type":"pause","duration":10},{"type":"keyUp","value":"î€‡"}]}]}
COMMAND: GET /session/5780a996aa8c51000aed420822d33f83/screenshot - {}
RESULT: {}
RESULT: {}
COMMAND: POST /session/5780a996aa8c51000aed420822d33f83/execute/async - {"script":"<script> [1562 bytes]","args":[{"selector":{"controlType":"sap.m.ObjectStatus","viewName":"etm.portal.ui.managecontracts.view.Master","bindingPath":{"path":"/SmartContractHeaders('10424')","propertyPath":"STATUS_DESCRIPTION"}},"wdio_ui5_key":"etmportal.ui.managecontracts.view.Mastersap.m.ObjectStatus{\"path\":\"/SmartContractHeaders('10424')\",\"propertyPath\":\"STATUS_DESCRIPTION\"}"}]}
RESULT: {"script":"<script> [1562 bytes]","args":[{"selector":{"controlType":"sap.m.ObjectStatus","viewName":"etm.portal.ui.managecontracts.view.Master","bindingPath":{"path":"/SmartContractHeaders('10424')","propertyPath":"STATUS_DESCRIPTION"}},"wdio_ui5_key":"etmportal.ui.managecontracts.view.Mastersap.m.ObjectStatus{\"path\":\"/SmartContractHeaders('10424')\",\"propertyPath\":\"STATUS_DESCRIPTION\"}"}]}
RESULT: undefined
COMMAND: POST /session/5780a996aa8c51000aed420822d33f83/execute/async - {"script":"<script> [6424 bytes]","args":[{"element-6066-11e4-a52e-4f735466cecf":"f.C12891CE133D59B6823BF6462A308BA2.d.E6437EB80A482F09E9DC2CBAC8873421.e.9181"},"getText",[]]}
RESULT: {"script":"<script> [6424 bytes]","args":[{"element-6066-11e4-a52e-4f735466cecf":"f.C12891CE133D59B6823BF6462A308BA2.d.E6437EB80A482F09E9DC2CBAC8873421.e.9181"},"getText",[]]}
RESULT: undefined
COMMAND: POST /session/5780a996aa8c51000aed420822d33f83/element - {"using":"xpath","value":"//*[@id=\"__item77-__clone211-imgNav\"]"}
RESULT: {"using":"xpath","value":"//*[@id=\"__item77-__clone211-imgNav\"]"}
COMMAND: POST /session/5780a996aa8c51000aed420822d33f83/element/f.C12891CE133D59B6823BF6462A308BA2.d.E6437EB80A482F09E9DC2CBAC8873421.e.8974/click - {}
RESULT: {}
COMMAND: GET /session/5780a996aa8c51000aed420822d33f83/screenshot - {}
RESULT: {}
COMMAND: POST /session/5780a996aa8c51000aed420822d33f83/execute/async - {"script":"<script> [1562 bytes]","args":[{"selector":{"controlType":"sap.m.ObjectStatus","viewName":"etm.portal.ui.managecontracts.view.Detail","bindingPath":{"path":"/SmartContractItems(CONTRACT='10424',ITEM=10m,SUB_ITEM=0m)","propertyPath":"STATUS"}},"wdio_ui5_key":"etmportal.ui.managecontracts.view.Detailsap.m.ObjectStatus{\"path\":\"/SmartContractItems(CONTRACT='10424',ITEM=10m,SUB_ITEM=0m)\",\"propertyPath\":\"STATUS\"}"}]}
RESULT: {"script":"<script> [1562 bytes]","args":[{"selector":{"controlType":"sap.m.ObjectStatus","viewName":"etm.portal.ui.managecontracts.view.Detail","bindingPath":{"path":"/SmartContractItems(CONTRACT='10424',ITEM=10m,SUB_ITEM=0m)","propertyPath":"STATUS"}},"wdio_ui5_key":"etmportal.ui.managecontracts.view.Detailsap.m.ObjectStatus{\"path\":\"/SmartContractItems(CONTRACT='10424',ITEM=10m,SUB_ITEM=0m)\",\"propertyPath\":\"STATUS\"}"}]}
RESULT: undefined
COMMAND: POST /session/5780a996aa8c51000aed420822d33f83/execute/async - {"script":"<script> [6424 bytes]","args":[{"element-6066-11e4-a52e-4f735466cecf":"f.C12891CE133D59B6823BF6462A308BA2.d.E6437EB80A482F09E9DC2CBAC8873421.e.9207"},"getText",[]]}
RESULT: {"script":"<script> [6424 bytes]","args":[{"element-6066-11e4-a52e-4f735466cecf":"f.C12891CE133D59B6823BF6462A308BA2.d.E6437EB80A482F09E9DC2CBAC8873421.e.9207"},"getText",[]]}
COMMAND: POST /session/5780a996aa8c51000aed420822d33f83/element - {"using":"css selector","value":"#shell-header-logo"}
RESULT: {"using":"css selector","value":"#shell-header-logo"}
COMMAND: POST /session/5780a996aa8c51000aed420822d33f83/element/f.C12891CE133D59B6823BF6462A308BA2.d.E6437EB80A482F09E9DC2CBAC8873421.e.8863/click - {}
RESULT: {}
COMMAND: GET /session/5780a996aa8c51000aed420822d33f83/screenshot - {}
RESULT: {}
]]></system-out>
    </testcase>
  </testsuite>
  <testsuite timestamp="2025-04-30T18:12:59" time="163.846" tests="2" failures="0" errors="0" skipped="0">
    <properties>
      <property name="specId" value="0" />
      <property name="suiteName" value="Insert service into a contract US152956" />
      <property name="capabilities" value="chrome.135_0_7049_96.windows" />
      <property name="file" value="file:///D:/a/1/s/test/specs/R2C/insert-service-into-a-contract.spec.js" />
    </properties>
    <testcase classname="chrome.135_0_7049_96.windows.Insert_service_into_a_contract_US152956" name="Should create a new contract" time="83.498">
      <system-out><![CDATA[
COMMAND: POST /session/5780a996aa8c51000aed420822d33f83/execute/async - {"script":"<script> [1562 bytes]","args":[{"selector":{"controlType":"sap.m.Text","viewName":"etm.portal.ui.managecontractstile.view.Master","properties":{"text":"Manage Contracts"},"interaction":{"idSuffix":"inner"}},"wdio_ui5_key":"etmportal.ui.managecontractstile.view.Mastersap.m.Text{\"text\":\"Manage Contracts\"}"}]}
RESULT: {"script":"<script> [1562 bytes]","args":[{"selector":{"controlType":"sap.m.Text","viewName":"etm.portal.ui.managecontractstile.view.Master","properties":{"text":"Manage Contracts"},"interaction":{"idSuffix":"inner"}},"wdio_ui5_key":"etmportal.ui.managecontractstile.view.Mastersap.m.Text{\"text\":\"Manage Contracts\"}"}]}
RESULT: undefined
COMMAND: POST /session/5780a996aa8c51000aed420822d33f83/element - {"using":"xpath","value":"//*[@id=\"__tile130-title\"]"}
RESULT: {"using":"xpath","value":"//*[@id=\"__tile130-title\"]"}
COMMAND: POST /session/5780a996aa8c51000aed420822d33f83/element/f.C12891CE133D59B6823BF6462A308BA2.d.E6437EB80A482F09E9DC2CBAC8873421.e.9211/click - {}
RESULT: {}
COMMAND: GET /session/5780a996aa8c51000aed420822d33f83/screenshot - {}
RESULT: {}
COMMAND: POST /session/5780a996aa8c51000aed420822d33f83/element - {"using":"xpath","value":"//button[@data-kt=\"addButton\"]"}
RESULT: {"using":"xpath","value":"//button[@data-kt=\"addButton\"]"}
COMMAND: POST /session/5780a996aa8c51000aed420822d33f83/element/f.C12891CE133D59B6823BF6462A308BA2.d.E6437EB80A482F09E9DC2CBAC8873421.e.9285/click - {}
RESULT: {}
COMMAND: GET /session/5780a996aa8c51000aed420822d33f83/screenshot - {}
RESULT: {}
COMMAND: POST /session/5780a996aa8c51000aed420822d33f83/execute/async - {"script":"<script> [1562 bytes]","args":[{"selector":{"id":"application-managecontracts-display-component---AddNewContract--projectDescription","interaction":{"idSuffix":"inner"}},"wdio_ui5_key":"applicationmanagecontracts-display-component---AddNewContract--projectDescription"}]}
RESULT: {"script":"<script> [1562 bytes]","args":[{"selector":{"id":"application-managecontracts-display-component---AddNewContract--projectDescription","interaction":{"idSuffix":"inner"}},"wdio_ui5_key":"applicationmanagecontracts-display-component---AddNewContract--projectDescription"}]}
RESULT: undefined
COMMAND: POST /session/5780a996aa8c51000aed420822d33f83/execute/async - {"script":"<script> [776 bytes]","args":[{"enterText":"WdIOR2cb1b1i","selector":{"id":"application-managecontracts-display-component---AddNewContract--projectDescription","interaction":{"idSuffix":"inner"}},"clearTextFirst":true,"interactionType":"ENTER_TEXT"}]}
RESULT: {"script":"<script> [776 bytes]","args":[{"enterText":"WdIOR2cb1b1i","selector":{"id":"application-managecontracts-display-component---AddNewContract--projectDescription","interaction":{"idSuffix":"inner"}},"clearTextFirst":true,"interactionType":"ENTER_TEXT"}]}
COMMAND: POST /session/5780a996aa8c51000aed420822d33f83/element - {"using":"xpath","value":"//input[@id=\"application-managecontracts-display-component---AddNewContract--yardId-inner\"]"}
RESULT: {"using":"xpath","value":"//input[@id=\"application-managecontracts-display-component---AddNewContract--yardId-inner\"]"}
COMMAND: POST /session/5780a996aa8c51000aed420822d33f83/element/f.C12891CE133D59B6823BF6462A308BA2.d.E6437EB80A482F09E9DC2CBAC8873421.e.9536/clear - {}
RESULT: {}
COMMAND: POST /session/5780a996aa8c51000aed420822d33f83/element/f.C12891CE133D59B6823BF6462A308BA2.d.E6437EB80A482F09E9DC2CBAC8873421.e.9536/value - {"text":"WebdriverYard1hgd5"}
COMMAND: GET /session/5780a996aa8c51000aed420822d33f83/screenshot - {}
RESULT: {"text":"WebdriverYard1hgd5"}
COMMAND: GET /session/5780a996aa8c51000aed420822d33f83/screenshot - {}
RESULT: {}
RESULT: {}
COMMAND: POST /session/5780a996aa8c51000aed420822d33f83/actions - {"actions":[{"id":"action45","type":"key","parameters":{},"actions":[{"type":"keyDown","value":"î€‡"},{"type":"pause","duration":10},{"type":"keyUp","value":"î€‡"}]}]}
RESULT: {"actions":[{"id":"action45","type":"key","parameters":{},"actions":[{"type":"keyDown","value":"î€‡"},{"type":"pause","duration":10},{"type":"keyUp","value":"î€‡"}]}]}
COMMAND: GET /session/5780a996aa8c51000aed420822d33f83/screenshot - {}
RESULT: {}
COMMAND: POST /session/5780a996aa8c51000aed420822d33f83/element - {"using":"xpath","value":"//input[@id=\"application-managecontracts-display-component---AddNewContract--customerSelect-inner\"]"}
RESULT: {"using":"xpath","value":"//input[@id=\"application-managecontracts-display-component---AddNewContract--customerSelect-inner\"]"}
COMMAND: POST /session/5780a996aa8c51000aed420822d33f83/element/f.C12891CE133D59B6823BF6462A308BA2.d.E6437EB80A482F09E9DC2CBAC8873421.e.9534/clear - {}
RESULT: {}
COMMAND: POST /session/5780a996aa8c51000aed420822d33f83/element/f.C12891CE133D59B6823BF6462A308BA2.d.E6437EB80A482F09E9DC2CBAC8873421.e.9534/value - {"text":"WebdriverPartnergxi0t"}
COMMAND: GET /session/5780a996aa8c51000aed420822d33f83/screenshot - {}
RESULT: {"text":"WebdriverPartnergxi0t"}
COMMAND: GET /session/5780a996aa8c51000aed420822d33f83/screenshot - {}
RESULT: {}
RESULT: {}
COMMAND: POST /session/5780a996aa8c51000aed420822d33f83/actions - {"actions":[{"id":"action46","type":"key","parameters":{},"actions":[{"type":"keyDown","value":"î€‡"},{"type":"pause","duration":10},{"type":"keyUp","value":"î€‡"}]}]}
RESULT: {"actions":[{"id":"action46","type":"key","parameters":{},"actions":[{"type":"keyDown","value":"î€‡"},{"type":"pause","duration":10},{"type":"keyUp","value":"î€‡"}]}]}
COMMAND: GET /session/5780a996aa8c51000aed420822d33f83/screenshot - {}
RESULT: {}
COMMAND: POST /session/5780a996aa8c51000aed420822d33f83/element - {"using":"xpath","value":"//input[@id=\"application-managecontracts-display-component---AddNewContract--site-inner\"]"}
RESULT: {"using":"xpath","value":"//input[@id=\"application-managecontracts-display-component---AddNewContract--site-inner\"]"}
COMMAND: POST /session/5780a996aa8c51000aed420822d33f83/element/f.C12891CE133D59B6823BF6462A308BA2.d.E6437EB80A482F09E9DC2CBAC8873421.e.9535/clear - {}
RESULT: {}
COMMAND: POST /session/5780a996aa8c51000aed420822d33f83/element/f.C12891CE133D59B6823BF6462A308BA2.d.E6437EB80A482F09E9DC2CBAC8873421.e.9535/value - {"text":"WebdriverSitev8oak"}
COMMAND: GET /session/5780a996aa8c51000aed420822d33f83/screenshot - {}
RESULT: {"text":"WebdriverSitev8oak"}
COMMAND: GET /session/5780a996aa8c51000aed420822d33f83/screenshot - {}
RESULT: {}
RESULT: {}
COMMAND: POST /session/5780a996aa8c51000aed420822d33f83/actions - {"actions":[{"id":"action47","type":"key","parameters":{},"actions":[{"type":"keyDown","value":"î€‡"},{"type":"pause","duration":10},{"type":"keyUp","value":"î€‡"}]}]}
RESULT: {"actions":[{"id":"action47","type":"key","parameters":{},"actions":[{"type":"keyDown","value":"î€‡"},{"type":"pause","duration":10},{"type":"keyUp","value":"î€‡"}]}]}
COMMAND: GET /session/5780a996aa8c51000aed420822d33f83/screenshot - {}
RESULT: {}
COMMAND: POST /session/5780a996aa8c51000aed420822d33f83/element - {"using":"xpath","value":"//button[@data-kt=\"saveButton\"]"}
RESULT: {"using":"xpath","value":"//button[@data-kt=\"saveButton\"]"}
COMMAND: POST /session/5780a996aa8c51000aed420822d33f83/element/f.C12891CE133D59B6823BF6462A308BA2.d.E6437EB80A482F09E9DC2CBAC8873421.e.9554/click - {}
RESULT: {}
COMMAND: GET /session/5780a996aa8c51000aed420822d33f83/screenshot - {}
RESULT: {}
COMMAND: POST /session/5780a996aa8c51000aed420822d33f83/execute/async - {"script":"<script> [1562 bytes]","args":[{"selector":{"id":"contractDetailTitleNoExpanded","viewName":"etm.portal.ui.managecontracts.view.Detail"},"wdio_ui5_key":"contractDetailTitleNoExpandedetmportal.ui.managecontracts.view.Detail"}]}
RESULT: {"script":"<script> [1562 bytes]","args":[{"selector":{"id":"contractDetailTitleNoExpanded","viewName":"etm.portal.ui.managecontracts.view.Detail"},"wdio_ui5_key":"contractDetailTitleNoExpandedetmportal.ui.managecontracts.view.Detail"}]}
RESULT: undefined
COMMAND: POST /session/5780a996aa8c51000aed420822d33f83/execute/async - {"script":"<script> [6424 bytes]","args":[{"element-6066-11e4-a52e-4f735466cecf":"f.C12891CE133D59B6823BF6462A308BA2.d.E6437EB80A482F09E9DC2CBAC8873421.e.9571"},"getText",[]]}
RESULT: {"script":"<script> [6424 bytes]","args":[{"element-6066-11e4-a52e-4f735466cecf":"f.C12891CE133D59B6823BF6462A308BA2.d.E6437EB80A482F09E9DC2CBAC8873421.e.9571"},"getText",[]]}
]]></system-out>
    </testcase>
    <testcase classname="chrome.135_0_7049_96.windows.Insert_service_into_a_contract_US152956" name="Should add a service unit and a service group to the contract" time="76.802">
      <system-out><![CDATA[
COMMAND: POST /session/5780a996aa8c51000aed420822d33f83/element - {"using":"xpath","value":"//button[@data-kt=\"contractDetailEditBtnButton\"]"}
RESULT: {"using":"xpath","value":"//button[@data-kt=\"contractDetailEditBtnButton\"]"}
COMMAND: POST /session/5780a996aa8c51000aed420822d33f83/execute/sync - {"script":"<script> [8489 bytes]","args":[{"element-6066-11e4-a52e-4f735466cecf":"f.C12891CE133D59B6823BF6462A308BA2.d.E6437EB80A482F09E9DC2CBAC8873421.e.9572","ELEMENT":"f.C12891CE133D59B6823BF6462A308BA2.d.E6437EB80A482F09E9DC2CBAC8873421.e.9572"}]}
RESULT: {"script":"<script> [8489 bytes]","args":[{"element-6066-11e4-a52e-4f735466cecf":"f.C12891CE133D59B6823BF6462A308BA2.d.E6437EB80A482F09E9DC2CBAC8873421.e.9572","ELEMENT":"f.C12891CE133D59B6823BF6462A308BA2.d.E6437EB80A482F09E9DC2CBAC8873421.e.9572"}]}
COMMAND: POST /session/5780a996aa8c51000aed420822d33f83/execute/sync - {"script":"<script> [8489 bytes]","args":[{"element-6066-11e4-a52e-4f735466cecf":"f.C12891CE133D59B6823BF6462A308BA2.d.E6437EB80A482F09E9DC2CBAC8873421.e.9572","ELEMENT":"f.C12891CE133D59B6823BF6462A308BA2.d.E6437EB80A482F09E9DC2CBAC8873421.e.9572"}]}
COMMAND: GET /session/5780a996aa8c51000aed420822d33f83/screenshot - {}
RESULT: {"script":"<script> [8489 bytes]","args":[{"element-6066-11e4-a52e-4f735466cecf":"f.C12891CE133D59B6823BF6462A308BA2.d.E6437EB80A482F09E9DC2CBAC8873421.e.9572","ELEMENT":"f.C12891CE133D59B6823BF6462A308BA2.d.E6437EB80A482F09E9DC2CBAC8873421.e.9572"}]}
COMMAND: POST /session/5780a996aa8c51000aed420822d33f83/execute/sync - {"script":"<script> [5351 bytes]","args":[{"element-6066-11e4-a52e-4f735466cecf":"f.C12891CE133D59B6823BF6462A308BA2.d.E6437EB80A482F09E9DC2CBAC8873421.e.9572","ELEMENT":"f.C12891CE133D59B6823BF6462A308BA2.d.E6437EB80A482F09E9DC2CBAC8873421.e.9572"}]}
COMMAND: GET /session/5780a996aa8c51000aed420822d33f83/screenshot - {}
RESULT: {}
RESULT: {"script":"<script> [5351 bytes]","args":[{"element-6066-11e4-a52e-4f735466cecf":"f.C12891CE133D59B6823BF6462A308BA2.d.E6437EB80A482F09E9DC2CBAC8873421.e.9572","ELEMENT":"f.C12891CE133D59B6823BF6462A308BA2.d.E6437EB80A482F09E9DC2CBAC8873421.e.9572"}]}
COMMAND: POST /session/5780a996aa8c51000aed420822d33f83/element/f.C12891CE133D59B6823BF6462A308BA2.d.E6437EB80A482F09E9DC2CBAC8873421.e.9572/click - {}
COMMAND: GET /session/5780a996aa8c51000aed420822d33f83/screenshot - {}
RESULT: {}
RESULT: {}
COMMAND: GET /session/5780a996aa8c51000aed420822d33f83/screenshot - {}
RESULT: {}
RESULT: {}
COMMAND: POST /session/5780a996aa8c51000aed420822d33f83/element - {"using":"xpath","value":"(//span[contains(text(), \"Additional Addresses\")])[2]"}
RESULT: {"using":"xpath","value":"(//span[contains(text(), \"Additional Addresses\")])[2]"}
COMMAND: POST /session/5780a996aa8c51000aed420822d33f83/element/f.C12891CE133D59B6823BF6462A308BA2.d.E6437EB80A482F09E9DC2CBAC8873421.e.9629/click - {}
RESULT: {}
COMMAND: GET /session/5780a996aa8c51000aed420822d33f83/screenshot - {}
RESULT: {}
COMMAND: POST /session/5780a996aa8c51000aed420822d33f83/element - {"using":"xpath","value":"//button[@data-kt=\"btnAddTableRowOverflowToolbarButton\"]"}
RESULT: {"using":"xpath","value":"//button[@data-kt=\"btnAddTableRowOverflowToolbarButton\"]"}
COMMAND: POST /session/5780a996aa8c51000aed420822d33f83/element/f.C12891CE133D59B6823BF6462A308BA2.d.E6437EB80A482F09E9DC2CBAC8873421.e.9633/click - {}
RESULT: {}
COMMAND: GET /session/5780a996aa8c51000aed420822d33f83/screenshot - {}
RESULT: {}
COMMAND: POST /session/5780a996aa8c51000aed420822d33f83/element - {"using":"xpath","value":"//div[(text() = 'Standard Entry' or . = 'Standard Entry')]"}
RESULT: {"using":"xpath","value":"//div[(text() = 'Standard Entry' or . = 'Standard Entry')]"}
COMMAND: POST /session/5780a996aa8c51000aed420822d33f83/element/f.C12891CE133D59B6823BF6462A308BA2.d.E6437EB80A482F09E9DC2CBAC8873421.e.9635/click - {}
RESULT: {}
COMMAND: POST /session/5780a996aa8c51000aed420822d33f83/element - {"using":"xpath","value":"//button[@data-kt=\"btnAddTableRowOverflowToolbarButton\"]"}
COMMAND: GET /session/5780a996aa8c51000aed420822d33f83/screenshot - {}
RESULT: {"using":"xpath","value":"//button[@data-kt=\"btnAddTableRowOverflowToolbarButton\"]"}
COMMAND: POST /session/5780a996aa8c51000aed420822d33f83/element/f.C12891CE133D59B6823BF6462A308BA2.d.E6437EB80A482F09E9DC2CBAC8873421.e.9633/click - {}
RESULT: {}
RESULT: {}
COMMAND: GET /session/5780a996aa8c51000aed420822d33f83/screenshot - {}
RESULT: {}
COMMAND: POST /session/5780a996aa8c51000aed420822d33f83/element - {"using":"xpath","value":"//div[(text() = 'Standard Entry' or . = 'Standard Entry')]"}
RESULT: {"using":"xpath","value":"//div[(text() = 'Standard Entry' or . = 'Standard Entry')]"}
COMMAND: POST /session/5780a996aa8c51000aed420822d33f83/element/f.C12891CE133D59B6823BF6462A308BA2.d.E6437EB80A482F09E9DC2CBAC8873421.e.9647/click - {}
RESULT: {}
COMMAND: POST /session/5780a996aa8c51000aed420822d33f83/element - {"using":"xpath","value":"(//td[6]/div/div/input)[1]"}
COMMAND: GET /session/5780a996aa8c51000aed420822d33f83/screenshot - {}
RESULT: {"using":"xpath","value":"(//td[6]/div/div/input)[1]"}
COMMAND: POST /session/5780a996aa8c51000aed420822d33f83/element/f.C12891CE133D59B6823BF6462A308BA2.d.E6437EB80A482F09E9DC2CBAC8873421.e.9649/click - {}
RESULT: {}
RESULT: {}
COMMAND: POST /session/5780a996aa8c51000aed420822d33f83/actions - {"actions":[{"id":"action48","type":"key","parameters":{},"actions":[{"type":"keyDown","value":"î€ƒ"},{"type":"pause","duration":10},{"type":"keyUp","value":"î€ƒ"}]}]}
COMMAND: GET /session/5780a996aa8c51000aed420822d33f83/screenshot - {}
RESULT: {"actions":[{"id":"action48","type":"key","parameters":{},"actions":[{"type":"keyDown","value":"î€ƒ"},{"type":"pause","duration":10},{"type":"keyUp","value":"î€ƒ"}]}]}
COMMAND: POST /session/5780a996aa8c51000aed420822d33f83/element - {"using":"xpath","value":"(//td[6]/div/div/input)[1]"}
COMMAND: GET /session/5780a996aa8c51000aed420822d33f83/screenshot - {}
RESULT: {}
RESULT: {"using":"xpath","value":"(//td[6]/div/div/input)[1]"}
COMMAND: POST /session/5780a996aa8c51000aed420822d33f83/element/f.C12891CE133D59B6823BF6462A308BA2.d.E6437EB80A482F09E9DC2CBAC8873421.e.9649/clear - {}
RESULT: {}
RESULT: {}
COMMAND: POST /session/5780a996aa8c51000aed420822d33f83/element/f.C12891CE133D59B6823BF6462A308BA2.d.E6437EB80A482F09E9DC2CBAC8873421.e.9649/value - {"text":"Service Unit"}
COMMAND: GET /session/5780a996aa8c51000aed420822d33f83/screenshot - {}
RESULT: {"text":"Service Unit"}
COMMAND: GET /session/5780a996aa8c51000aed420822d33f83/screenshot - {}
RESULT: {}
RESULT: {}
COMMAND: POST /session/5780a996aa8c51000aed420822d33f83/actions - {"actions":[{"id":"action49","type":"key","parameters":{},"actions":[{"type":"keyDown","value":"î€‡"},{"type":"pause","duration":10},{"type":"keyUp","value":"î€‡"}]}]}
RESULT: {"actions":[{"id":"action49","type":"key","parameters":{},"actions":[{"type":"keyDown","value":"î€‡"},{"type":"pause","duration":10},{"type":"keyUp","value":"î€‡"}]}]}
COMMAND: GET /session/5780a996aa8c51000aed420822d33f83/screenshot - {}
RESULT: {}
COMMAND: POST /session/5780a996aa8c51000aed420822d33f83/actions - {"actions":[{"id":"action50","type":"key","parameters":{},"actions":[{"type":"keyDown","value":"î€‡"},{"type":"pause","duration":10},{"type":"keyUp","value":"î€‡"}]}]}
RESULT: {"actions":[{"id":"action50","type":"key","parameters":{},"actions":[{"type":"keyDown","value":"î€‡"},{"type":"pause","duration":10},{"type":"keyUp","value":"î€‡"}]}]}
COMMAND: POST /session/5780a996aa8c51000aed420822d33f83/element - {"using":"xpath","value":"(//td[7]/div/div/input)[1]"}
COMMAND: GET /session/5780a996aa8c51000aed420822d33f83/screenshot - {}
RESULT: {"using":"xpath","value":"(//td[7]/div/div/input)[1]"}
COMMAND: POST /session/5780a996aa8c51000aed420822d33f83/element/f.C12891CE133D59B6823BF6462A308BA2.d.E6437EB80A482F09E9DC2CBAC8873421.e.9665/clear - {}
RESULT: {}
RESULT: {}
COMMAND: POST /session/5780a996aa8c51000aed420822d33f83/element/f.C12891CE133D59B6823BF6462A308BA2.d.E6437EB80A482F09E9DC2CBAC8873421.e.9665/value - {"text":"1000001"}
COMMAND: GET /session/5780a996aa8c51000aed420822d33f83/screenshot - {}
RESULT: {"text":"1000001"}
COMMAND: GET /session/5780a996aa8c51000aed420822d33f83/screenshot - {}
RESULT: {}
RESULT: {}
COMMAND: POST /session/5780a996aa8c51000aed420822d33f83/actions - {"actions":[{"id":"action51","type":"key","parameters":{},"actions":[{"type":"keyDown","value":"î€‡"},{"type":"pause","duration":10},{"type":"keyUp","value":"î€‡"}]}]}
RESULT: {"actions":[{"id":"action51","type":"key","parameters":{},"actions":[{"type":"keyDown","value":"î€‡"},{"type":"pause","duration":10},{"type":"keyUp","value":"î€‡"}]}]}
COMMAND: GET /session/5780a996aa8c51000aed420822d33f83/screenshot - {}
RESULT: {}
COMMAND: POST /session/5780a996aa8c51000aed420822d33f83/actions - {"actions":[{"id":"action52","type":"key","parameters":{},"actions":[{"type":"keyDown","value":"î€‡"},{"type":"pause","duration":10},{"type":"keyUp","value":"î€‡"}]}]}
RESULT: {"actions":[{"id":"action52","type":"key","parameters":{},"actions":[{"type":"keyDown","value":"î€‡"},{"type":"pause","duration":10},{"type":"keyUp","value":"î€‡"}]}]}
COMMAND: GET /session/5780a996aa8c51000aed420822d33f83/screenshot - {}
RESULT: {}
COMMAND: POST /session/5780a996aa8c51000aed420822d33f83/element - {"using":"xpath","value":"(//td[6]/div/div/input)[2]"}
RESULT: {"using":"xpath","value":"(//td[6]/div/div/input)[2]"}
COMMAND: POST /session/5780a996aa8c51000aed420822d33f83/element/f.C12891CE133D59B6823BF6462A308BA2.d.E6437EB80A482F09E9DC2CBAC8873421.e.9637/click - {}
RESULT: {}
COMMAND: POST /session/5780a996aa8c51000aed420822d33f83/actions - {"actions":[{"id":"action53","type":"key","parameters":{},"actions":[{"type":"keyDown","value":"î€ƒ"},{"type":"pause","duration":10},{"type":"keyUp","value":"î€ƒ"}]}]}
COMMAND: GET /session/5780a996aa8c51000aed420822d33f83/screenshot - {}
RESULT: {"actions":[{"id":"action53","type":"key","parameters":{},"actions":[{"type":"keyDown","value":"î€ƒ"},{"type":"pause","duration":10},{"type":"keyUp","value":"î€ƒ"}]}]}
COMMAND: POST /session/5780a996aa8c51000aed420822d33f83/element - {"using":"xpath","value":"(//td[6]/div/div/input)[2]"}
COMMAND: GET /session/5780a996aa8c51000aed420822d33f83/screenshot - {}
RESULT: {}
RESULT: {}
RESULT: {"using":"xpath","value":"(//td[6]/div/div/input)[2]"}
COMMAND: POST /session/5780a996aa8c51000aed420822d33f83/element/f.C12891CE133D59B6823BF6462A308BA2.d.E6437EB80A482F09E9DC2CBAC8873421.e.9637/clear - {}
RESULT: {}
COMMAND: POST /session/5780a996aa8c51000aed420822d33f83/element/f.C12891CE133D59B6823BF6462A308BA2.d.E6437EB80A482F09E9DC2CBAC8873421.e.9637/value - {"text":"Service Unit Group"}
COMMAND: GET /session/5780a996aa8c51000aed420822d33f83/screenshot - {}
RESULT: {"text":"Service Unit Group"}
COMMAND: GET /session/5780a996aa8c51000aed420822d33f83/screenshot - {}
RESULT: {}
RESULT: {}
COMMAND: POST /session/5780a996aa8c51000aed420822d33f83/actions - {"actions":[{"id":"action54","type":"key","parameters":{},"actions":[{"type":"keyDown","value":"î€‡"},{"type":"pause","duration":10},{"type":"keyUp","value":"î€‡"}]}]}
RESULT: {"actions":[{"id":"action54","type":"key","parameters":{},"actions":[{"type":"keyDown","value":"î€‡"},{"type":"pause","duration":10},{"type":"keyUp","value":"î€‡"}]}]}
COMMAND: GET /session/5780a996aa8c51000aed420822d33f83/screenshot - {}
RESULT: {}
COMMAND: POST /session/5780a996aa8c51000aed420822d33f83/actions - {"actions":[{"id":"action55","type":"key","parameters":{},"actions":[{"type":"keyDown","value":"î€‡"},{"type":"pause","duration":10},{"type":"keyUp","value":"î€‡"}]}]}
RESULT: {"actions":[{"id":"action55","type":"key","parameters":{},"actions":[{"type":"keyDown","value":"î€‡"},{"type":"pause","duration":10},{"type":"keyUp","value":"î€‡"}]}]}
COMMAND: POST /session/5780a996aa8c51000aed420822d33f83/element - {"using":"xpath","value":"(//td[7]/div/div/input)[2]"}
COMMAND: GET /session/5780a996aa8c51000aed420822d33f83/screenshot - {}
RESULT: {"using":"xpath","value":"(//td[7]/div/div/input)[2]"}
COMMAND: POST /session/5780a996aa8c51000aed420822d33f83/element/f.C12891CE133D59B6823BF6462A308BA2.d.E6437EB80A482F09E9DC2CBAC8873421.e.9694/clear - {}
RESULT: {}
RESULT: {}
COMMAND: POST /session/5780a996aa8c51000aed420822d33f83/element/f.C12891CE133D59B6823BF6462A308BA2.d.E6437EB80A482F09E9DC2CBAC8873421.e.9694/value - {"text":"1100001"}
COMMAND: GET /session/5780a996aa8c51000aed420822d33f83/screenshot - {}
RESULT: {"text":"1100001"}
COMMAND: GET /session/5780a996aa8c51000aed420822d33f83/screenshot - {}
RESULT: {}
RESULT: {}
COMMAND: POST /session/5780a996aa8c51000aed420822d33f83/actions - {"actions":[{"id":"action56","type":"key","parameters":{},"actions":[{"type":"keyDown","value":"î€‡"},{"type":"pause","duration":10},{"type":"keyUp","value":"î€‡"}]}]}
RESULT: {"actions":[{"id":"action56","type":"key","parameters":{},"actions":[{"type":"keyDown","value":"î€‡"},{"type":"pause","duration":10},{"type":"keyUp","value":"î€‡"}]}]}
COMMAND: GET /session/5780a996aa8c51000aed420822d33f83/screenshot - {}
RESULT: {}
COMMAND: POST /session/5780a996aa8c51000aed420822d33f83/actions - {"actions":[{"id":"action57","type":"key","parameters":{},"actions":[{"type":"keyDown","value":"î€‡"},{"type":"pause","duration":10},{"type":"keyUp","value":"î€‡"}]}]}
RESULT: {"actions":[{"id":"action57","type":"key","parameters":{},"actions":[{"type":"keyDown","value":"î€‡"},{"type":"pause","duration":10},{"type":"keyUp","value":"î€‡"}]}]}
COMMAND: GET /session/5780a996aa8c51000aed420822d33f83/screenshot - {}
RESULT: {}
COMMAND: POST /session/5780a996aa8c51000aed420822d33f83/element - {"using":"xpath","value":"(//button[@data-kt=\"saveButton\"])[2]"}
RESULT: {"using":"xpath","value":"(//button[@data-kt=\"saveButton\"])[2]"}
COMMAND: POST /session/5780a996aa8c51000aed420822d33f83/element/f.C12891CE133D59B6823BF6462A308BA2.d.E6437EB80A482F09E9DC2CBAC8873421.e.9718/click - {}
RESULT: {}
COMMAND: GET /session/5780a996aa8c51000aed420822d33f83/screenshot - {}
RESULT: {}
COMMAND: POST /session/5780a996aa8c51000aed420822d33f83/element - {"using":"xpath","value":"(//span[contains(text(), \"Additional Addresses\")])[1]"}
RESULT: {"using":"xpath","value":"(//span[contains(text(), \"Additional Addresses\")])[1]"}
COMMAND: POST /session/5780a996aa8c51000aed420822d33f83/element/f.C12891CE133D59B6823BF6462A308BA2.d.E6437EB80A482F09E9DC2CBAC8873421.e.9721/click - {}
RESULT: {}
COMMAND: GET /session/5780a996aa8c51000aed420822d33f83/screenshot - {}
RESULT: {}
COMMAND: POST /session/5780a996aa8c51000aed420822d33f83/execute/async - {"script":"<script> [1562 bytes]","args":[{"selector":{"controlType":"sap.m.Title","viewName":"etm.portal.ui.managecontracts.view.Detail","properties":{"text":"Contract Items (2)"}},"wdio_ui5_key":"etmportal.ui.managecontracts.view.Detailsap.m.Title{\"text\":\"Contract Items (2)\"}"}]}
RESULT: {"script":"<script> [1562 bytes]","args":[{"selector":{"controlType":"sap.m.Title","viewName":"etm.portal.ui.managecontracts.view.Detail","properties":{"text":"Contract Items (2)"}},"wdio_ui5_key":"etmportal.ui.managecontracts.view.Detailsap.m.Title{\"text\":\"Contract Items (2)\"}"}]}
RESULT: undefined
COMMAND: POST /session/5780a996aa8c51000aed420822d33f83/execute/async - {"script":"<script> [6424 bytes]","args":[{"element-6066-11e4-a52e-4f735466cecf":"f.C12891CE133D59B6823BF6462A308BA2.d.E6437EB80A482F09E9DC2CBAC8873421.e.9725"},"getText",[]]}
RESULT: {"script":"<script> [6424 bytes]","args":[{"element-6066-11e4-a52e-4f735466cecf":"f.C12891CE133D59B6823BF6462A308BA2.d.E6437EB80A482F09E9DC2CBAC8873421.e.9725"},"getText",[]]}
COMMAND: POST /session/5780a996aa8c51000aed420822d33f83/element - {"using":"xpath","value":"(//span[contains(@class ,\"sapMObjStatusText\")])[1]"}
RESULT: {"using":"xpath","value":"(//span[contains(@class ,\"sapMObjStatusText\")])[1]"}
COMMAND: GET /session/5780a996aa8c51000aed420822d33f83/element/f.C12891CE133D59B6823BF6462A308BA2.d.E6437EB80A482F09E9DC2CBAC8873421.e.9726/text - {}
RESULT: {}
COMMAND: POST /session/5780a996aa8c51000aed420822d33f83/element - {"using":"xpath","value":"(//span[contains(@class ,\"sapMObjStatusText\")])[4]"}
RESULT: {"using":"xpath","value":"(//span[contains(@class ,\"sapMObjStatusText\")])[4]"}
COMMAND: GET /session/5780a996aa8c51000aed420822d33f83/element/f.C12891CE133D59B6823BF6462A308BA2.d.E6437EB80A482F09E9DC2CBAC8873421.e.9727/text - {}
RESULT: {}
COMMAND: POST /session/5780a996aa8c51000aed420822d33f83/element - {"using":"css selector","value":"#shell-header-logo"}
RESULT: {"using":"css selector","value":"#shell-header-logo"}
COMMAND: POST /session/5780a996aa8c51000aed420822d33f83/element/f.C12891CE133D59B6823BF6462A308BA2.d.E6437EB80A482F09E9DC2CBAC8873421.e.9214/click - {}
RESULT: {}
COMMAND: GET /session/5780a996aa8c51000aed420822d33f83/screenshot - {}
RESULT: {}
]]></system-out>
    </testcase>
  </testsuite>
  <testsuite timestamp="2025-04-30T18:15:43" time="175.969" tests="2" failures="0" errors="0" skipped="0">
    <properties>
      <property name="specId" value="0" />
      <property name="suiteName" value="Reduced contract US151275" />
      <property name="capabilities" value="chrome.135_0_7049_96.windows" />
      <property name="file" value="file:///D:/a/1/s/test/specs/R2C/reduced-contract-creation.spec.js" />
    </properties>
    <testcase classname="chrome.135_0_7049_96.windows.Reduced_contract_US151275" name="Should create a new reduced contract" time="127.558">
      <system-out><![CDATA[
RESULT: undefined
COMMAND: POST /session/5780a996aa8c51000aed420822d33f83/element - {"using":"xpath","value":"//*[@id=\"__tile130\"]"}
RESULT: {"using":"xpath","value":"//*[@id=\"__tile130\"]"}
COMMAND: POST /session/5780a996aa8c51000aed420822d33f83/element/f.C12891CE133D59B6823BF6462A308BA2.d.E6437EB80A482F09E9DC2CBAC8873421.e.8847/click - {}
RESULT: {}
COMMAND: GET /session/5780a996aa8c51000aed420822d33f83/screenshot - {}
RESULT: {}
COMMAND: POST /session/5780a996aa8c51000aed420822d33f83/element - {"using":"xpath","value":"//button[@data-kt=\"addButton\"]"}
RESULT: {"using":"xpath","value":"//button[@data-kt=\"addButton\"]"}
COMMAND: POST /session/5780a996aa8c51000aed420822d33f83/element/f.C12891CE133D59B6823BF6462A308BA2.d.E6437EB80A482F09E9DC2CBAC8873421.e.9802/click - {}
RESULT: {}
COMMAND: GET /session/5780a996aa8c51000aed420822d33f83/screenshot - {}
RESULT: {}
COMMAND: POST /session/5780a996aa8c51000aed420822d33f83/refresh - {}
RESULT: {}
COMMAND: GET /session/5780a996aa8c51000aed420822d33f83/screenshot - {}
RESULT: {}
COMMAND: POST /session/5780a996aa8c51000aed420822d33f83/execute/async - {"script":"<script> [189 bytes]","args":[]}
RESULT: {"script":"<script> [189 bytes]","args":[]}
COMMAND: POST /session/5780a996aa8c51000aed420822d33f83/execute/async - {"script":"<script> [123 bytes]","args":[]}
RESULT: {"script":"<script> [123 bytes]","args":[]}
COMMAND: POST /session/5780a996aa8c51000aed420822d33f83/timeouts - {"script":"<number>"}
RESULT: {"script":"<number>"}
COMMAND: GET /session/5780a996aa8c51000aed420822d33f83/timeouts - {}
RESULT: {}
RESULT: undefined
COMMAND: POST /session/5780a996aa8c51000aed420822d33f83/execute/async - {"script":"<script> [2676 bytes]","args":[]}
RESULT: {"script":"<script> [2676 bytes]","args":[]}
COMMAND: POST /session/5780a996aa8c51000aed420822d33f83/execute/async - {"script":"<script> [2342 bytes]","args":[{"protocol":"http","hostname":"0.0.0.0","path":"/","capabilities":{"browserName":"chrome","goog:chromeOptions":{"binary":"C:\\Program Files\\Google\\Chrome\\Application\\chrome.exe","args":["--start-maximized"]}},"logLevel":"warn","connectionRetryTimeout":120000,"connectionRetryCount":3,"logLevels":{},"enableDirectConnect":true,"strictSSL":true,"_":"65 more keys: [\"cacheDir\",\"port\",\"requestedCapabilities\",\"automationProtocol\",\"baseUrl\",\"waitforInterval\",\"waitforTimeout\",\"onReload\",\"beforeCommand\",\"afterCommand\",\"rootDir\",\"specs\",\"suites\",\"exclude\",\"groupLogsByTestSpec\",\"excludeDriverLogs\",\"bail\",\"framework\",\"reporters\",\"services\",\"maxInstances\",\"maxInstancesPerCapability\",\"injectGlobals\",\"filesToWatch\",\"execArgv\",\"runnerEnv\",\"runner\",\"shard\",\"specFileRetries\",\"specFileRetriesDelay\",\"specFileRetriesDeferred\",\"reporterSyncInterval\",\"reporterSyncTimeout\",\"cucumberFeaturesWithLineNumbers\",\"autoCompileOpts\",\"mochaOpts\",\"jasmineOpts\",\"cucumberOpts\",\"onPrepare\",\"onWorkerStart\",\"onWorkerEnd\",\"before\",\"beforeSession\",\"beforeSuite\",\"beforeHook\",\"beforeTest\",\"afterTest\",\"afterHook\",\"afterSuite\",\"afterSession\",\"after\",\"onComplete\",\"beforeAssertion\",\"afterAssertion\",\"beforeFeature\",\"beforeScenario\",\"beforeStep\",\"afterStep\",\"afterScenario\",\"afterFeature\",\"_\",\"suite\",\"$0\",\"ignoredWorkerServices\",\"wdi5\"]"}]}
RESULT: {"script":"<script> [2342 bytes]","args":[{"protocol":"http","hostname":"0.0.0.0","path":"/","capabilities":{"browserName":"chrome","goog:chromeOptions":{"binary":"C:\\Program Files\\Google\\Chrome\\Application\\chrome.exe","args":["--start-maximized"]}},"logLevel":"warn","connectionRetryTimeout":120000,"connectionRetryCount":3,"logLevels":{},"enableDirectConnect":true,"strictSSL":true,"_":"65 more keys: [\"cacheDir\",\"port\",\"requestedCapabilities\",\"automationProtocol\",\"baseUrl\",\"waitforInterval\",\"waitforTimeout\",\"onReload\",\"beforeCommand\",\"afterCommand\",\"rootDir\",\"specs\",\"suites\",\"exclude\",\"groupLogsByTestSpec\",\"excludeDriverLogs\",\"bail\",\"framework\",\"reporters\",\"services\",\"maxInstances\",\"maxInstancesPerCapability\",\"injectGlobals\",\"filesToWatch\",\"execArgv\",\"runnerEnv\",\"runner\",\"shard\",\"specFileRetries\",\"specFileRetriesDelay\",\"specFileRetriesDeferred\",\"reporterSyncInterval\",\"reporterSyncTimeout\",\"cucumberFeaturesWithLineNumbers\",\"autoCompileOpts\",\"mochaOpts\",\"jasmineOpts\",\"cucumberOpts\",\"onPrepare\",\"onWorkerStart\",\"onWorkerEnd\",\"before\",\"beforeSession\",\"beforeSuite\",\"beforeHook\",\"beforeTest\",\"afterTest\",\"afterHook\",\"afterSuite\",\"afterSession\",\"after\",\"onComplete\",\"beforeAssertion\",\"afterAssertion\",\"beforeFeature\",\"beforeScenario\",\"beforeStep\",\"afterStep\",\"afterScenario\",\"afterFeature\",\"_\",\"suite\",\"$0\",\"ignoredWorkerServices\",\"wdi5\"]"}]}
COMMAND: POST /session/5780a996aa8c51000aed420822d33f83/execute/async - {"script":"<script> [21126 bytes]","args":[35000]}
RESULT: {"script":"<script> [21126 bytes]","args":[35000]}
COMMAND: POST /session/5780a996aa8c51000aed420822d33f83/execute/async - {"script":"<script> [1562 bytes]","args":[{"selector":{"id":"application-managecontracts-display-component---AddNewContract--contractType","interaction":{"idSuffix":"arrow"}},"wdio_ui5_key":"applicationmanagecontracts-display-component---AddNewContract--contractType"}]}
RESULT: {"script":"<script> [1562 bytes]","args":[{"selector":{"id":"application-managecontracts-display-component---AddNewContract--contractType","interaction":{"idSuffix":"arrow"}},"wdio_ui5_key":"applicationmanagecontracts-display-component---AddNewContract--contractType"}]}
RESULT: undefined
COMMAND: POST /session/5780a996aa8c51000aed420822d33f83/element - {"using":"xpath","value":"//*[@id=\"application-managecontracts-display-component---AddNewContract--contractType\"]"}
RESULT: {"using":"xpath","value":"//*[@id=\"application-managecontracts-display-component---AddNewContract--contractType\"]"}
COMMAND: POST /session/5780a996aa8c51000aed420822d33f83/element/f.C12891CE133D59B6823BF6462A308BA2.d.B1E6DEAD6172E3B6F68A8BDC5DDA9CB7.e.10226/click - {}
RESULT: {}
COMMAND: GET /session/5780a996aa8c51000aed420822d33f83/screenshot - {}
RESULT: {}
COMMAND: POST /session/5780a996aa8c51000aed420822d33f83/execute/async - {"script":"<script> [1562 bytes]","args":[{"selector":{"controlType":"sap.ui.core.Item","viewName":"etm.portal.ui.managecontracts.view.AddNewContract","viewId":"application-managecontracts-display-component---AddNewContract","bindingPath":{"path":"/ContractTypes('02')","propertyPath":"ID","modelName":"catalogModel"},"searchOpenDialogs":true},"wdio_ui5_key":"etmportal.ui.managecontracts.view.AddNewContractsap.ui.core.Item{\"path\":\"/ContractTypes('02')\",\"propertyPath\":\"ID\",\"modelName\":\"catalogModel\"}"}]}
RESULT: {"script":"<script> [1562 bytes]","args":[{"selector":{"controlType":"sap.ui.core.Item","viewName":"etm.portal.ui.managecontracts.view.AddNewContract","viewId":"application-managecontracts-display-component---AddNewContract","bindingPath":{"path":"/ContractTypes('02')","propertyPath":"ID","modelName":"catalogModel"},"searchOpenDialogs":true},"wdio_ui5_key":"etmportal.ui.managecontracts.view.AddNewContractsap.ui.core.Item{\"path\":\"/ContractTypes('02')\",\"propertyPath\":\"ID\",\"modelName\":\"catalogModel\"}"}]}
RESULT: undefined
COMMAND: POST /session/5780a996aa8c51000aed420822d33f83/element - {"using":"xpath","value":"//*[@id=\"__item45-application-managecontracts-display-component---AddNewContract--contractType-1\"]"}
RESULT: {"using":"xpath","value":"//*[@id=\"__item45-application-managecontracts-display-component---AddNewContract--contractType-1\"]"}
COMMAND: POST /session/5780a996aa8c51000aed420822d33f83/element/f.C12891CE133D59B6823BF6462A308BA2.d.B1E6DEAD6172E3B6F68A8BDC5DDA9CB7.e.10227/click - {}
RESULT: {}
COMMAND: GET /session/5780a996aa8c51000aed420822d33f83/screenshot - {}
RESULT: {}
COMMAND: POST /session/5780a996aa8c51000aed420822d33f83/execute/async - {"script":"<script> [1562 bytes]","args":[{"selector":{"id":"application-managecontracts-display-component---AddNewContract--projectDescription","interaction":{"idSuffix":"inner"}},"wdio_ui5_key":"applicationmanagecontracts-display-component---AddNewContract--projectDescription"}]}
RESULT: {"script":"<script> [1562 bytes]","args":[{"selector":{"id":"application-managecontracts-display-component---AddNewContract--projectDescription","interaction":{"idSuffix":"inner"}},"wdio_ui5_key":"applicationmanagecontracts-display-component---AddNewContract--projectDescription"}]}
RESULT: undefined
COMMAND: POST /session/5780a996aa8c51000aed420822d33f83/execute/async - {"script":"<script> [776 bytes]","args":[{"enterText":"WdIOReduced1pu1p","selector":{"id":"application-managecontracts-display-component---AddNewContract--projectDescription","interaction":{"idSuffix":"inner"}},"clearTextFirst":true,"interactionType":"ENTER_TEXT"}]}
RESULT: {"script":"<script> [776 bytes]","args":[{"enterText":"WdIOReduced1pu1p","selector":{"id":"application-managecontracts-display-component---AddNewContract--projectDescription","interaction":{"idSuffix":"inner"}},"clearTextFirst":true,"interactionType":"ENTER_TEXT"}]}
COMMAND: POST /session/5780a996aa8c51000aed420822d33f83/element - {"using":"xpath","value":"//input[@id=\"application-managecontracts-display-component---AddNewContract--yardId-inner\"]"}
RESULT: {"using":"xpath","value":"//input[@id=\"application-managecontracts-display-component---AddNewContract--yardId-inner\"]"}
COMMAND: POST /session/5780a996aa8c51000aed420822d33f83/element/f.C12891CE133D59B6823BF6462A308BA2.d.B1E6DEAD6172E3B6F68A8BDC5DDA9CB7.e.10153/clear - {}
RESULT: {}
COMMAND: POST /session/5780a996aa8c51000aed420822d33f83/element/f.C12891CE133D59B6823BF6462A308BA2.d.B1E6DEAD6172E3B6F68A8BDC5DDA9CB7.e.10153/value - {"text":"WebdriverYard1hgd5"}
COMMAND: GET /session/5780a996aa8c51000aed420822d33f83/screenshot - {}
RESULT: {"text":"WebdriverYard1hgd5"}
COMMAND: GET /session/5780a996aa8c51000aed420822d33f83/screenshot - {}
RESULT: {}
RESULT: {}
COMMAND: POST /session/5780a996aa8c51000aed420822d33f83/actions - {"actions":[{"id":"action58","type":"key","parameters":{},"actions":[{"type":"keyDown","value":"î€‡"},{"type":"pause","duration":10},{"type":"keyUp","value":"î€‡"}]}]}
RESULT: {"actions":[{"id":"action58","type":"key","parameters":{},"actions":[{"type":"keyDown","value":"î€‡"},{"type":"pause","duration":10},{"type":"keyUp","value":"î€‡"}]}]}
COMMAND: GET /session/5780a996aa8c51000aed420822d33f83/screenshot - {}
RESULT: {}
COMMAND: POST /session/5780a996aa8c51000aed420822d33f83/element - {"using":"xpath","value":"//input[@id=\"application-managecontracts-display-component---AddNewContract--customerSelect-inner\"]"}
RESULT: {"using":"xpath","value":"//input[@id=\"application-managecontracts-display-component---AddNewContract--customerSelect-inner\"]"}
COMMAND: POST /session/5780a996aa8c51000aed420822d33f83/element/f.C12891CE133D59B6823BF6462A308BA2.d.B1E6DEAD6172E3B6F68A8BDC5DDA9CB7.e.10151/clear - {}
RESULT: {}
COMMAND: POST /session/5780a996aa8c51000aed420822d33f83/element/f.C12891CE133D59B6823BF6462A308BA2.d.B1E6DEAD6172E3B6F68A8BDC5DDA9CB7.e.10151/value - {"text":"WebdriverPartnergxi0t"}
COMMAND: GET /session/5780a996aa8c51000aed420822d33f83/screenshot - {}
RESULT: {"text":"WebdriverPartnergxi0t"}
COMMAND: GET /session/5780a996aa8c51000aed420822d33f83/screenshot - {}
RESULT: {}
RESULT: {}
COMMAND: POST /session/5780a996aa8c51000aed420822d33f83/actions - {"actions":[{"id":"action59","type":"key","parameters":{},"actions":[{"type":"keyDown","value":"î€‡"},{"type":"pause","duration":10},{"type":"keyUp","value":"î€‡"}]}]}
RESULT: {"actions":[{"id":"action59","type":"key","parameters":{},"actions":[{"type":"keyDown","value":"î€‡"},{"type":"pause","duration":10},{"type":"keyUp","value":"î€‡"}]}]}
COMMAND: GET /session/5780a996aa8c51000aed420822d33f83/screenshot - {}
RESULT: {}
COMMAND: POST /session/5780a996aa8c51000aed420822d33f83/execute/async - {"script":"<script> [1562 bytes]","args":[{"selector":{"id":"application-managecontracts-display-component---AddNewContract--calendarInput-arrow"},"wdio_ui5_key":"applicationmanagecontracts-display-component---AddNewContract--calendarInput-arrow"}]}
RESULT: {"script":"<script> [1562 bytes]","args":[{"selector":{"id":"application-managecontracts-display-component---AddNewContract--calendarInput-arrow"},"wdio_ui5_key":"applicationmanagecontracts-display-component---AddNewContract--calendarInput-arrow"}]}
RESULT: undefined
COMMAND: POST /session/5780a996aa8c51000aed420822d33f83/element - {"using":"xpath","value":"//*[@id=\"application-managecontracts-display-component---AddNewContract--calendarInput-arrow\"]"}
RESULT: {"using":"xpath","value":"//*[@id=\"application-managecontracts-display-component---AddNewContract--calendarInput-arrow\"]"}
COMMAND: POST /session/5780a996aa8c51000aed420822d33f83/element/f.C12891CE133D59B6823BF6462A308BA2.d.B1E6DEAD6172E3B6F68A8BDC5DDA9CB7.e.10233/click - {}
RESULT: {}
COMMAND: GET /session/5780a996aa8c51000aed420822d33f83/screenshot - {}
RESULT: {}
COMMAND: POST /session/5780a996aa8c51000aed420822d33f83/execute/async - {"script":"<script> [1562 bytes]","args":[{"selector":{"controlType":"sap.m.StandardListItem","viewName":"etm.portal.ui.managecontracts.view.AddNewContract","viewId":"application-managecontracts-display-component---AddNewContract","properties":{"title":"1 - Calendar unit test patch"},"searchOpenDialogs":true,"interaction":{"idSuffix":"titleText"}},"wdio_ui5_key":"etmportal.ui.managecontracts.view.AddNewContractsap.m.StandardListItem{\"title\":\"1 - Calendar unit test patch\"}"}]}
RESULT: {"script":"<script> [1562 bytes]","args":[{"selector":{"controlType":"sap.m.StandardListItem","viewName":"etm.portal.ui.managecontracts.view.AddNewContract","viewId":"application-managecontracts-display-component---AddNewContract","properties":{"title":"1 - Calendar unit test patch"},"searchOpenDialogs":true,"interaction":{"idSuffix":"titleText"}},"wdio_ui5_key":"etmportal.ui.managecontracts.view.AddNewContractsap.m.StandardListItem{\"title\":\"1 - Calendar unit test patch\"}"}]}
RESULT: undefined
COMMAND: POST /session/5780a996aa8c51000aed420822d33f83/element - {"using":"xpath","value":"//*[@id=\"__item768\"]"}
RESULT: {"using":"xpath","value":"//*[@id=\"__item768\"]"}
COMMAND: POST /session/5780a996aa8c51000aed420822d33f83/element/f.C12891CE133D59B6823BF6462A308BA2.d.B1E6DEAD6172E3B6F68A8BDC5DDA9CB7.e.10235/click - {}
RESULT: {}
COMMAND: GET /session/5780a996aa8c51000aed420822d33f83/screenshot - {}
RESULT: {}
COMMAND: POST /session/5780a996aa8c51000aed420822d33f83/execute/async - {"script":"<script> [1562 bytes]","args":[{"selector":{"id":"application-managecontracts-display-component---AddNewContract--streetInput","interaction":{"idSuffix":"inner"}},"wdio_ui5_key":"applicationmanagecontracts-display-component---AddNewContract--streetInput"}]}
RESULT: {"script":"<script> [1562 bytes]","args":[{"selector":{"id":"application-managecontracts-display-component---AddNewContract--streetInput","interaction":{"idSuffix":"inner"}},"wdio_ui5_key":"applicationmanagecontracts-display-component---AddNewContract--streetInput"}]}
RESULT: undefined
COMMAND: POST /session/5780a996aa8c51000aed420822d33f83/execute/async - {"script":"<script> [776 bytes]","args":[{"enterText":"StreetWdIO","selector":{"id":"application-managecontracts-display-component---AddNewContract--streetInput","interaction":{"idSuffix":"inner"}},"clearTextFirst":true,"interactionType":"ENTER_TEXT"}]}
RESULT: {"script":"<script> [776 bytes]","args":[{"enterText":"StreetWdIO","selector":{"id":"application-managecontracts-display-component---AddNewContract--streetInput","interaction":{"idSuffix":"inner"}},"clearTextFirst":true,"interactionType":"ENTER_TEXT"}]}
COMMAND: POST /session/5780a996aa8c51000aed420822d33f83/execute/async - {"script":"<script> [1562 bytes]","args":[{"selector":{"id":"application-managecontracts-display-component---AddNewContract--numberInput","interaction":{"idSuffix":"inner"}},"wdio_ui5_key":"applicationmanagecontracts-display-component---AddNewContract--numberInput"}]}
RESULT: {"script":"<script> [1562 bytes]","args":[{"selector":{"id":"application-managecontracts-display-component---AddNewContract--numberInput","interaction":{"idSuffix":"inner"}},"wdio_ui5_key":"applicationmanagecontracts-display-component---AddNewContract--numberInput"}]}
RESULT: undefined
COMMAND: POST /session/5780a996aa8c51000aed420822d33f83/execute/async - {"script":"<script> [776 bytes]","args":[{"enterText":"3","selector":{"id":"application-managecontracts-display-component---AddNewContract--numberInput","interaction":{"idSuffix":"inner"}},"clearTextFirst":true,"interactionType":"ENTER_TEXT"}]}
RESULT: {"script":"<script> [776 bytes]","args":[{"enterText":"3","selector":{"id":"application-managecontracts-display-component---AddNewContract--numberInput","interaction":{"idSuffix":"inner"}},"clearTextFirst":true,"interactionType":"ENTER_TEXT"}]}
COMMAND: POST /session/5780a996aa8c51000aed420822d33f83/execute/async - {"script":"<script> [1562 bytes]","args":[{"selector":{"id":"application-managecontracts-display-component---AddNewContract--cityInput","interaction":{"idSuffix":"inner"}},"wdio_ui5_key":"applicationmanagecontracts-display-component---AddNewContract--cityInput"}]}
RESULT: {"script":"<script> [1562 bytes]","args":[{"selector":{"id":"application-managecontracts-display-component---AddNewContract--cityInput","interaction":{"idSuffix":"inner"}},"wdio_ui5_key":"applicationmanagecontracts-display-component---AddNewContract--cityInput"}]}
RESULT: undefined
COMMAND: POST /session/5780a996aa8c51000aed420822d33f83/execute/async - {"script":"<script> [776 bytes]","args":[{"enterText":"Bucharest","selector":{"id":"application-managecontracts-display-component---AddNewContract--cityInput","interaction":{"idSuffix":"inner"}},"clearTextFirst":true,"interactionType":"ENTER_TEXT"}]}
RESULT: {"script":"<script> [776 bytes]","args":[{"enterText":"Bucharest","selector":{"id":"application-managecontracts-display-component---AddNewContract--cityInput","interaction":{"idSuffix":"inner"}},"clearTextFirst":true,"interactionType":"ENTER_TEXT"}]}
COMMAND: POST /session/5780a996aa8c51000aed420822d33f83/execute/async - {"script":"<script> [1562 bytes]","args":[{"selector":{"id":"application-managecontracts-display-component---AddNewContract--zipInput","interaction":{"idSuffix":"inner"}},"wdio_ui5_key":"applicationmanagecontracts-display-component---AddNewContract--zipInput"}]}
RESULT: {"script":"<script> [1562 bytes]","args":[{"selector":{"id":"application-managecontracts-display-component---AddNewContract--zipInput","interaction":{"idSuffix":"inner"}},"wdio_ui5_key":"applicationmanagecontracts-display-component---AddNewContract--zipInput"}]}
RESULT: undefined
COMMAND: POST /session/5780a996aa8c51000aed420822d33f83/execute/async - {"script":"<script> [776 bytes]","args":[{"enterText":"021210","selector":{"id":"application-managecontracts-display-component---AddNewContract--zipInput","interaction":{"idSuffix":"inner"}},"clearTextFirst":true,"interactionType":"ENTER_TEXT"}]}
RESULT: {"script":"<script> [776 bytes]","args":[{"enterText":"021210","selector":{"id":"application-managecontracts-display-component---AddNewContract--zipInput","interaction":{"idSuffix":"inner"}},"clearTextFirst":true,"interactionType":"ENTER_TEXT"}]}
COMMAND: POST /session/5780a996aa8c51000aed420822d33f83/element - {"using":"xpath","value":"//bdi[contains(@id ,\"application-managecontracts-display-component---AddNewContract--saveBtn-BDI-content\")]"}
RESULT: {"using":"xpath","value":"//bdi[contains(@id ,\"application-managecontracts-display-component---AddNewContract--saveBtn-BDI-content\")]"}
COMMAND: POST /session/5780a996aa8c51000aed420822d33f83/element/f.C12891CE133D59B6823BF6462A308BA2.d.B1E6DEAD6172E3B6F68A8BDC5DDA9CB7.e.10240/click - {}
RESULT: {}
COMMAND: GET /session/5780a996aa8c51000aed420822d33f83/screenshot - {}
RESULT: {}
COMMAND: POST /session/5780a996aa8c51000aed420822d33f83/element - {"using":"xpath","value":"//button[contains(@data-kt ,\"contractDetailEditBtnButton\")]"}
RESULT: {"using":"xpath","value":"//button[contains(@data-kt ,\"contractDetailEditBtnButton\")]"}
COMMAND: POST /session/5780a996aa8c51000aed420822d33f83/execute/sync - {"script":"<script> [8489 bytes]","args":[{"element-6066-11e4-a52e-4f735466cecf":"f.C12891CE133D59B6823BF6462A308BA2.d.B1E6DEAD6172E3B6F68A8BDC5DDA9CB7.e.10257","ELEMENT":"f.C12891CE133D59B6823BF6462A308BA2.d.B1E6DEAD6172E3B6F68A8BDC5DDA9CB7.e.10257"}]}
RESULT: {"script":"<script> [8489 bytes]","args":[{"element-6066-11e4-a52e-4f735466cecf":"f.C12891CE133D59B6823BF6462A308BA2.d.B1E6DEAD6172E3B6F68A8BDC5DDA9CB7.e.10257","ELEMENT":"f.C12891CE133D59B6823BF6462A308BA2.d.B1E6DEAD6172E3B6F68A8BDC5DDA9CB7.e.10257"}]}
COMMAND: POST /session/5780a996aa8c51000aed420822d33f83/execute/sync - {"script":"<script> [8489 bytes]","args":[{"element-6066-11e4-a52e-4f735466cecf":"f.C12891CE133D59B6823BF6462A308BA2.d.B1E6DEAD6172E3B6F68A8BDC5DDA9CB7.e.10257","ELEMENT":"f.C12891CE133D59B6823BF6462A308BA2.d.B1E6DEAD6172E3B6F68A8BDC5DDA9CB7.e.10257"}]}
COMMAND: GET /session/5780a996aa8c51000aed420822d33f83/screenshot - {}
RESULT: {"script":"<script> [8489 bytes]","args":[{"element-6066-11e4-a52e-4f735466cecf":"f.C12891CE133D59B6823BF6462A308BA2.d.B1E6DEAD6172E3B6F68A8BDC5DDA9CB7.e.10257","ELEMENT":"f.C12891CE133D59B6823BF6462A308BA2.d.B1E6DEAD6172E3B6F68A8BDC5DDA9CB7.e.10257"}]}
COMMAND: POST /session/5780a996aa8c51000aed420822d33f83/execute/sync - {"script":"<script> [5351 bytes]","args":[{"element-6066-11e4-a52e-4f735466cecf":"f.C12891CE133D59B6823BF6462A308BA2.d.B1E6DEAD6172E3B6F68A8BDC5DDA9CB7.e.10257","ELEMENT":"f.C12891CE133D59B6823BF6462A308BA2.d.B1E6DEAD6172E3B6F68A8BDC5DDA9CB7.e.10257"}]}
COMMAND: GET /session/5780a996aa8c51000aed420822d33f83/screenshot - {}
RESULT: {}
RESULT: {"script":"<script> [5351 bytes]","args":[{"element-6066-11e4-a52e-4f735466cecf":"f.C12891CE133D59B6823BF6462A308BA2.d.B1E6DEAD6172E3B6F68A8BDC5DDA9CB7.e.10257","ELEMENT":"f.C12891CE133D59B6823BF6462A308BA2.d.B1E6DEAD6172E3B6F68A8BDC5DDA9CB7.e.10257"}]}
COMMAND: POST /session/5780a996aa8c51000aed420822d33f83/execute/async - {"script":"<script> [1562 bytes]","args":[{"selector":{"controlType":"sap.m.Text","viewName":"etm.portal.ui.managecontracts.view.Detail","bindingPath":{"propertyPath":"LINK_TO_C_CONTRACT_TYPES/DESCRIPTION","modelName":"catalogModel"}},"wdio_ui5_key":"etmportal.ui.managecontracts.view.Detailsap.m.Text{\"propertyPath\":\"LINK_TO_C_CONTRACT_TYPES/DESCRIPTION\",\"modelName\":\"catalogModel\"}"}]}
COMMAND: GET /session/5780a996aa8c51000aed420822d33f83/screenshot - {}
RESULT: {}
RESULT: {"script":"<script> [1562 bytes]","args":[{"selector":{"controlType":"sap.m.Text","viewName":"etm.portal.ui.managecontracts.view.Detail","bindingPath":{"propertyPath":"LINK_TO_C_CONTRACT_TYPES/DESCRIPTION","modelName":"catalogModel"}},"wdio_ui5_key":"etmportal.ui.managecontracts.view.Detailsap.m.Text{\"propertyPath\":\"LINK_TO_C_CONTRACT_TYPES/DESCRIPTION\",\"modelName\":\"catalogModel\"}"}]}
RESULT: undefined
COMMAND: POST /session/5780a996aa8c51000aed420822d33f83/execute/async - {"script":"<script> [6424 bytes]","args":[{"element-6066-11e4-a52e-4f735466cecf":"f.C12891CE133D59B6823BF6462A308BA2.d.B1E6DEAD6172E3B6F68A8BDC5DDA9CB7.e.10259"},"getText",[]]}
RESULT: {}
RESULT: {"script":"<script> [6424 bytes]","args":[{"element-6066-11e4-a52e-4f735466cecf":"f.C12891CE133D59B6823BF6462A308BA2.d.B1E6DEAD6172E3B6F68A8BDC5DDA9CB7.e.10259"},"getText",[]]}
COMMAND: POST /session/5780a996aa8c51000aed420822d33f83/element/f.C12891CE133D59B6823BF6462A308BA2.d.B1E6DEAD6172E3B6F68A8BDC5DDA9CB7.e.10257/click - {}
RESULT: {}
COMMAND: GET /session/5780a996aa8c51000aed420822d33f83/screenshot - {}
RESULT: {}
]]></system-out>
    </testcase>
    <testcase classname="chrome.135_0_7049_96.windows.Reduced_contract_US151275" name="Should add a RU to the contract" time="45.239">
      <system-out><![CDATA[
COMMAND: POST /session/5780a996aa8c51000aed420822d33f83/element - {"using":"xpath","value":"(//span[contains(text(), \"Header Billing Items\")])[2]"}
RESULT: {"using":"xpath","value":"(//span[contains(text(), \"Header Billing Items\")])[2]"}
COMMAND: POST /session/5780a996aa8c51000aed420822d33f83/element/f.C12891CE133D59B6823BF6462A308BA2.d.B1E6DEAD6172E3B6F68A8BDC5DDA9CB7.e.10301/click - {}
RESULT: {}
COMMAND: GET /session/5780a996aa8c51000aed420822d33f83/screenshot - {}
RESULT: {}
COMMAND: POST /session/5780a996aa8c51000aed420822d33f83/element - {"using":"xpath","value":"//button[@data-kt=\"btnAddTableRowOverflowToolbarButton\"]"}
RESULT: {"using":"xpath","value":"//button[@data-kt=\"btnAddTableRowOverflowToolbarButton\"]"}
COMMAND: POST /session/5780a996aa8c51000aed420822d33f83/element/f.C12891CE133D59B6823BF6462A308BA2.d.B1E6DEAD6172E3B6F68A8BDC5DDA9CB7.e.10306/click - {}
RESULT: {}
COMMAND: GET /session/5780a996aa8c51000aed420822d33f83/screenshot - {}
RESULT: {}
COMMAND: POST /session/5780a996aa8c51000aed420822d33f83/element - {"using":"xpath","value":"//div[(text() = 'Standard Entry' or . = 'Standard Entry')]"}
RESULT: {"using":"xpath","value":"//div[(text() = 'Standard Entry' or . = 'Standard Entry')]"}
COMMAND: POST /session/5780a996aa8c51000aed420822d33f83/element/f.C12891CE133D59B6823BF6462A308BA2.d.B1E6DEAD6172E3B6F68A8BDC5DDA9CB7.e.10308/click - {}
RESULT: {}
COMMAND: POST /session/5780a996aa8c51000aed420822d33f83/element - {"using":"xpath","value":"//td[6]/div/div/input[1]"}
COMMAND: GET /session/5780a996aa8c51000aed420822d33f83/screenshot - {}
RESULT: {"using":"xpath","value":"//td[6]/div/div/input[1]"}
COMMAND: POST /session/5780a996aa8c51000aed420822d33f83/element/f.C12891CE133D59B6823BF6462A308BA2.d.B1E6DEAD6172E3B6F68A8BDC5DDA9CB7.e.10310/click - {}
RESULT: {}
RESULT: {}
COMMAND: POST /session/5780a996aa8c51000aed420822d33f83/actions - {"actions":[{"id":"action60","type":"key","parameters":{},"actions":[{"type":"keyDown","value":"î€ƒ"},{"type":"pause","duration":10},{"type":"keyUp","value":"î€ƒ"}]}]}
COMMAND: GET /session/5780a996aa8c51000aed420822d33f83/screenshot - {}
RESULT: {"actions":[{"id":"action60","type":"key","parameters":{},"actions":[{"type":"keyDown","value":"î€ƒ"},{"type":"pause","duration":10},{"type":"keyUp","value":"î€ƒ"}]}]}
COMMAND: POST /session/5780a996aa8c51000aed420822d33f83/element - {"using":"xpath","value":"//td[6]/div/div/input[1]"}
COMMAND: GET /session/5780a996aa8c51000aed420822d33f83/screenshot - {}
RESULT: {}
RESULT: {"using":"xpath","value":"//td[6]/div/div/input[1]"}
COMMAND: POST /session/5780a996aa8c51000aed420822d33f83/element/f.C12891CE133D59B6823BF6462A308BA2.d.B1E6DEAD6172E3B6F68A8BDC5DDA9CB7.e.10310/clear - {}
RESULT: {}
RESULT: {}
COMMAND: POST /session/5780a996aa8c51000aed420822d33f83/element/f.C12891CE133D59B6823BF6462A308BA2.d.B1E6DEAD6172E3B6F68A8BDC5DDA9CB7.e.10310/value - {"text":"Material"}
COMMAND: GET /session/5780a996aa8c51000aed420822d33f83/screenshot - {}
RESULT: {"text":"Material"}
COMMAND: GET /session/5780a996aa8c51000aed420822d33f83/screenshot - {}
RESULT: {}
RESULT: {}
COMMAND: POST /session/5780a996aa8c51000aed420822d33f83/actions - {"actions":[{"id":"action61","type":"key","parameters":{},"actions":[{"type":"keyDown","value":"î€‡"},{"type":"pause","duration":10},{"type":"keyUp","value":"î€‡"}]}]}
RESULT: {"actions":[{"id":"action61","type":"key","parameters":{},"actions":[{"type":"keyDown","value":"î€‡"},{"type":"pause","duration":10},{"type":"keyUp","value":"î€‡"}]}]}
COMMAND: GET /session/5780a996aa8c51000aed420822d33f83/screenshot - {}
RESULT: {}
COMMAND: POST /session/5780a996aa8c51000aed420822d33f83/actions - {"actions":[{"id":"action62","type":"key","parameters":{},"actions":[{"type":"keyDown","value":"î€‡"},{"type":"pause","duration":10},{"type":"keyUp","value":"î€‡"}]}]}
RESULT: {"actions":[{"id":"action62","type":"key","parameters":{},"actions":[{"type":"keyDown","value":"î€‡"},{"type":"pause","duration":10},{"type":"keyUp","value":"î€‡"}]}]}
COMMAND: POST /session/5780a996aa8c51000aed420822d33f83/element - {"using":"xpath","value":"//td[7]/div/div/input"}
COMMAND: GET /session/5780a996aa8c51000aed420822d33f83/screenshot - {}
RESULT: {"using":"xpath","value":"//td[7]/div/div/input"}
COMMAND: POST /session/5780a996aa8c51000aed420822d33f83/element/f.C12891CE133D59B6823BF6462A308BA2.d.B1E6DEAD6172E3B6F68A8BDC5DDA9CB7.e.10323/clear - {}
RESULT: {}
RESULT: {}
COMMAND: POST /session/5780a996aa8c51000aed420822d33f83/element/f.C12891CE133D59B6823BF6462A308BA2.d.B1E6DEAD6172E3B6F68A8BDC5DDA9CB7.e.10323/value - {"text":"WebdriverRUR2C"}
COMMAND: GET /session/5780a996aa8c51000aed420822d33f83/screenshot - {}
RESULT: {"text":"WebdriverRUR2C"}
COMMAND: GET /session/5780a996aa8c51000aed420822d33f83/screenshot - {}
RESULT: {}
RESULT: {}
COMMAND: POST /session/5780a996aa8c51000aed420822d33f83/actions - {"actions":[{"id":"action63","type":"key","parameters":{},"actions":[{"type":"keyDown","value":"î€‡"},{"type":"pause","duration":10},{"type":"keyUp","value":"î€‡"}]}]}
RESULT: {"actions":[{"id":"action63","type":"key","parameters":{},"actions":[{"type":"keyDown","value":"î€‡"},{"type":"pause","duration":10},{"type":"keyUp","value":"î€‡"}]}]}
COMMAND: GET /session/5780a996aa8c51000aed420822d33f83/screenshot - {}
RESULT: {}
COMMAND: POST /session/5780a996aa8c51000aed420822d33f83/actions - {"actions":[{"id":"action64","type":"key","parameters":{},"actions":[{"type":"keyDown","value":"î€‡"},{"type":"pause","duration":10},{"type":"keyUp","value":"î€‡"}]}]}
RESULT: {"actions":[{"id":"action64","type":"key","parameters":{},"actions":[{"type":"keyDown","value":"î€‡"},{"type":"pause","duration":10},{"type":"keyUp","value":"î€‡"}]}]}
COMMAND: GET /session/5780a996aa8c51000aed420822d33f83/screenshot - {}
RESULT: {}
COMMAND: POST /session/5780a996aa8c51000aed420822d33f83/element - {"using":"xpath","value":"(//button[@data-kt=\"saveButton\"])[2]"}
RESULT: {"using":"xpath","value":"(//button[@data-kt=\"saveButton\"])[2]"}
COMMAND: POST /session/5780a996aa8c51000aed420822d33f83/element/f.C12891CE133D59B6823BF6462A308BA2.d.B1E6DEAD6172E3B6F68A8BDC5DDA9CB7.e.10348/click - {}
RESULT: {}
COMMAND: GET /session/5780a996aa8c51000aed420822d33f83/screenshot - {}
RESULT: {}
COMMAND: POST /session/5780a996aa8c51000aed420822d33f83/element - {"using":"xpath","value":"//button[contains(@data-kt ,\"contractDetailEditBtnButton\")]"}
RESULT: {"using":"xpath","value":"//button[contains(@data-kt ,\"contractDetailEditBtnButton\")]"}
COMMAND: POST /session/5780a996aa8c51000aed420822d33f83/execute/sync - {"script":"<script> [8489 bytes]","args":[{"element-6066-11e4-a52e-4f735466cecf":"f.C12891CE133D59B6823BF6462A308BA2.d.B1E6DEAD6172E3B6F68A8BDC5DDA9CB7.e.10257","ELEMENT":"f.C12891CE133D59B6823BF6462A308BA2.d.B1E6DEAD6172E3B6F68A8BDC5DDA9CB7.e.10257"}]}
RESULT: {"script":"<script> [8489 bytes]","args":[{"element-6066-11e4-a52e-4f735466cecf":"f.C12891CE133D59B6823BF6462A308BA2.d.B1E6DEAD6172E3B6F68A8BDC5DDA9CB7.e.10257","ELEMENT":"f.C12891CE133D59B6823BF6462A308BA2.d.B1E6DEAD6172E3B6F68A8BDC5DDA9CB7.e.10257"}]}
COMMAND: POST /session/5780a996aa8c51000aed420822d33f83/execute/sync - {"script":"<script> [8489 bytes]","args":[{"element-6066-11e4-a52e-4f735466cecf":"f.C12891CE133D59B6823BF6462A308BA2.d.B1E6DEAD6172E3B6F68A8BDC5DDA9CB7.e.10257","ELEMENT":"f.C12891CE133D59B6823BF6462A308BA2.d.B1E6DEAD6172E3B6F68A8BDC5DDA9CB7.e.10257"}]}
COMMAND: GET /session/5780a996aa8c51000aed420822d33f83/screenshot - {}
RESULT: {"script":"<script> [8489 bytes]","args":[{"element-6066-11e4-a52e-4f735466cecf":"f.C12891CE133D59B6823BF6462A308BA2.d.B1E6DEAD6172E3B6F68A8BDC5DDA9CB7.e.10257","ELEMENT":"f.C12891CE133D59B6823BF6462A308BA2.d.B1E6DEAD6172E3B6F68A8BDC5DDA9CB7.e.10257"}]}
COMMAND: POST /session/5780a996aa8c51000aed420822d33f83/execute/sync - {"script":"<script> [5351 bytes]","args":[{"element-6066-11e4-a52e-4f735466cecf":"f.C12891CE133D59B6823BF6462A308BA2.d.B1E6DEAD6172E3B6F68A8BDC5DDA9CB7.e.10257","ELEMENT":"f.C12891CE133D59B6823BF6462A308BA2.d.B1E6DEAD6172E3B6F68A8BDC5DDA9CB7.e.10257"}]}
COMMAND: GET /session/5780a996aa8c51000aed420822d33f83/screenshot - {}
RESULT: {}
RESULT: {"script":"<script> [5351 bytes]","args":[{"element-6066-11e4-a52e-4f735466cecf":"f.C12891CE133D59B6823BF6462A308BA2.d.B1E6DEAD6172E3B6F68A8BDC5DDA9CB7.e.10257","ELEMENT":"f.C12891CE133D59B6823BF6462A308BA2.d.B1E6DEAD6172E3B6F68A8BDC5DDA9CB7.e.10257"}]}
COMMAND: POST /session/5780a996aa8c51000aed420822d33f83/element - {"using":"xpath","value":"(//span[contains(text(), \"Header Billing Items\")])[1]"}
COMMAND: GET /session/5780a996aa8c51000aed420822d33f83/screenshot - {}
RESULT: {}
RESULT: {"using":"xpath","value":"(//span[contains(text(), \"Header Billing Items\")])[1]"}
COMMAND: POST /session/5780a996aa8c51000aed420822d33f83/element/f.C12891CE133D59B6823BF6462A308BA2.d.B1E6DEAD6172E3B6F68A8BDC5DDA9CB7.e.10351/click - {}
RESULT: {}
RESULT: {}
COMMAND: GET /session/5780a996aa8c51000aed420822d33f83/screenshot - {}
RESULT: {}
COMMAND: POST /session/5780a996aa8c51000aed420822d33f83/execute/async - {"script":"<script> [1562 bytes]","args":[{"selector":{"controlType":"sap.m.Title","viewName":"etm.portal.ui.managecontracts.view.Detail","properties":{"text":"Contract Items (1)"}},"wdio_ui5_key":"etmportal.ui.managecontracts.view.Detailsap.m.Title{\"text\":\"Contract Items (1)\"}"}]}
RESULT: {"script":"<script> [1562 bytes]","args":[{"selector":{"controlType":"sap.m.Title","viewName":"etm.portal.ui.managecontracts.view.Detail","properties":{"text":"Contract Items (1)"}},"wdio_ui5_key":"etmportal.ui.managecontracts.view.Detailsap.m.Title{\"text\":\"Contract Items (1)\"}"}]}
RESULT: undefined
COMMAND: POST /session/5780a996aa8c51000aed420822d33f83/execute/async - {"script":"<script> [6424 bytes]","args":[{"element-6066-11e4-a52e-4f735466cecf":"f.C12891CE133D59B6823BF6462A308BA2.d.B1E6DEAD6172E3B6F68A8BDC5DDA9CB7.e.10355"},"getText",[]]}
RESULT: {"script":"<script> [6424 bytes]","args":[{"element-6066-11e4-a52e-4f735466cecf":"f.C12891CE133D59B6823BF6462A308BA2.d.B1E6DEAD6172E3B6F68A8BDC5DDA9CB7.e.10355"},"getText",[]]}
COMMAND: POST /session/5780a996aa8c51000aed420822d33f83/element - {"using":"xpath","value":"(//span[contains(@class ,\"sapMObjStatusText\")])[1]"}
RESULT: {"using":"xpath","value":"(//span[contains(@class ,\"sapMObjStatusText\")])[1]"}
COMMAND: GET /session/5780a996aa8c51000aed420822d33f83/element/f.C12891CE133D59B6823BF6462A308BA2.d.B1E6DEAD6172E3B6F68A8BDC5DDA9CB7.e.10356/text - {}
RESULT: {}
COMMAND: POST /session/5780a996aa8c51000aed420822d33f83/refresh - {}
RESULT: {}
COMMAND: GET /session/5780a996aa8c51000aed420822d33f83/screenshot - {}
RESULT: {}
COMMAND: POST /session/5780a996aa8c51000aed420822d33f83/execute/async - {"script":"<script> [189 bytes]","args":[]}
RESULT: {"script":"<script> [189 bytes]","args":[]}
COMMAND: POST /session/5780a996aa8c51000aed420822d33f83/execute/async - {"script":"<script> [123 bytes]","args":[]}
RESULT: {"script":"<script> [123 bytes]","args":[]}
COMMAND: POST /session/5780a996aa8c51000aed420822d33f83/timeouts - {"script":"<number>"}
RESULT: {"script":"<number>"}
COMMAND: GET /session/5780a996aa8c51000aed420822d33f83/timeouts - {}
RESULT: {}
RESULT: undefined
COMMAND: POST /session/5780a996aa8c51000aed420822d33f83/execute/async - {"script":"<script> [2676 bytes]","args":[]}
RESULT: {"script":"<script> [2676 bytes]","args":[]}
COMMAND: POST /session/5780a996aa8c51000aed420822d33f83/execute/async - {"script":"<script> [2342 bytes]","args":[{"protocol":"http","hostname":"0.0.0.0","path":"/","capabilities":{"browserName":"chrome","goog:chromeOptions":{"binary":"C:\\Program Files\\Google\\Chrome\\Application\\chrome.exe","args":["--start-maximized"]}},"logLevel":"warn","connectionRetryTimeout":120000,"connectionRetryCount":3,"logLevels":{},"enableDirectConnect":true,"strictSSL":true,"_":"65 more keys: [\"cacheDir\",\"port\",\"requestedCapabilities\",\"automationProtocol\",\"baseUrl\",\"waitforInterval\",\"waitforTimeout\",\"onReload\",\"beforeCommand\",\"afterCommand\",\"rootDir\",\"specs\",\"suites\",\"exclude\",\"groupLogsByTestSpec\",\"excludeDriverLogs\",\"bail\",\"framework\",\"reporters\",\"services\",\"maxInstances\",\"maxInstancesPerCapability\",\"injectGlobals\",\"filesToWatch\",\"execArgv\",\"runnerEnv\",\"runner\",\"shard\",\"specFileRetries\",\"specFileRetriesDelay\",\"specFileRetriesDeferred\",\"reporterSyncInterval\",\"reporterSyncTimeout\",\"cucumberFeaturesWithLineNumbers\",\"autoCompileOpts\",\"mochaOpts\",\"jasmineOpts\",\"cucumberOpts\",\"onPrepare\",\"onWorkerStart\",\"onWorkerEnd\",\"before\",\"beforeSession\",\"beforeSuite\",\"beforeHook\",\"beforeTest\",\"afterTest\",\"afterHook\",\"afterSuite\",\"afterSession\",\"after\",\"onComplete\",\"beforeAssertion\",\"afterAssertion\",\"beforeFeature\",\"beforeScenario\",\"beforeStep\",\"afterStep\",\"afterScenario\",\"afterFeature\",\"_\",\"suite\",\"$0\",\"ignoredWorkerServices\",\"wdi5\"]"}]}
RESULT: {"script":"<script> [2342 bytes]","args":[{"protocol":"http","hostname":"0.0.0.0","path":"/","capabilities":{"browserName":"chrome","goog:chromeOptions":{"binary":"C:\\Program Files\\Google\\Chrome\\Application\\chrome.exe","args":["--start-maximized"]}},"logLevel":"warn","connectionRetryTimeout":120000,"connectionRetryCount":3,"logLevels":{},"enableDirectConnect":true,"strictSSL":true,"_":"65 more keys: [\"cacheDir\",\"port\",\"requestedCapabilities\",\"automationProtocol\",\"baseUrl\",\"waitforInterval\",\"waitforTimeout\",\"onReload\",\"beforeCommand\",\"afterCommand\",\"rootDir\",\"specs\",\"suites\",\"exclude\",\"groupLogsByTestSpec\",\"excludeDriverLogs\",\"bail\",\"framework\",\"reporters\",\"services\",\"maxInstances\",\"maxInstancesPerCapability\",\"injectGlobals\",\"filesToWatch\",\"execArgv\",\"runnerEnv\",\"runner\",\"shard\",\"specFileRetries\",\"specFileRetriesDelay\",\"specFileRetriesDeferred\",\"reporterSyncInterval\",\"reporterSyncTimeout\",\"cucumberFeaturesWithLineNumbers\",\"autoCompileOpts\",\"mochaOpts\",\"jasmineOpts\",\"cucumberOpts\",\"onPrepare\",\"onWorkerStart\",\"onWorkerEnd\",\"before\",\"beforeSession\",\"beforeSuite\",\"beforeHook\",\"beforeTest\",\"afterTest\",\"afterHook\",\"afterSuite\",\"afterSession\",\"after\",\"onComplete\",\"beforeAssertion\",\"afterAssertion\",\"beforeFeature\",\"beforeScenario\",\"beforeStep\",\"afterStep\",\"afterScenario\",\"afterFeature\",\"_\",\"suite\",\"$0\",\"ignoredWorkerServices\",\"wdi5\"]"}]}
COMMAND: POST /session/5780a996aa8c51000aed420822d33f83/execute/async - {"script":"<script> [21126 bytes]","args":[35000]}
RESULT: {"script":"<script> [21126 bytes]","args":[35000]}
COMMAND: POST /session/5780a996aa8c51000aed420822d33f83/element - {"using":"css selector","value":"#shell-header-logo"}
RESULT: {"using":"css selector","value":"#shell-header-logo"}
COMMAND: POST /session/5780a996aa8c51000aed420822d33f83/element/f.C12891CE133D59B6823BF6462A308BA2.d.BED01A28ECF90C64F651E91B43D5DAB0.e.10381/click - {}
RESULT: {}
COMMAND: GET /session/5780a996aa8c51000aed420822d33f83/screenshot - {}
RESULT: {}
]]></system-out>
    </testcase>
  </testsuite>
  <testsuite timestamp="2025-04-30T18:18:39" time="1185.563" tests="7" failures="0" errors="0" skipped="0">
    <properties>
      <property name="specId" value="0" />
      <property name="suiteName" value="E2E - Logistical and commercial statuses" />
      <property name="capabilities" value="chrome.135_0_7049_96.windows" />
      <property name="file" value="file:///D:/a/1/s/test/specs/R2C/E2E-Logistical-and-commercial-status.spec.js" />
    </properties>
    <testcase classname="chrome.135_0_7049_96.windows.E2E_-_Logistical_and_commercial_statuses" name="Should create prerequisites yard partner and site" time="264.248">
      <system-out><![CDATA[
COMMAND: POST /session/5780a996aa8c51000aed420822d33f83/execute/async - {"script":"<script> [1562 bytes]","args":[{"selector":{"controlType":"sap.m.GenericTile","properties":{"header":"Manage Yards"}},"wdio_ui5_key":"sapm.GenericTile{\"header\":\"Manage Yards\"}"}]}
RESULT: {"script":"<script> [1562 bytes]","args":[{"selector":{"controlType":"sap.m.GenericTile","properties":{"header":"Manage Yards"}},"wdio_ui5_key":"sapm.GenericTile{\"header\":\"Manage Yards\"}"}]}
RESULT: undefined
COMMAND: POST /session/5780a996aa8c51000aed420822d33f83/element - {"using":"xpath","value":"//*[@id=\"__tile41\"]"}
RESULT: {"using":"xpath","value":"//*[@id=\"__tile41\"]"}
COMMAND: POST /session/5780a996aa8c51000aed420822d33f83/element/f.C12891CE133D59B6823BF6462A308BA2.d.BED01A28ECF90C64F651E91B43D5DAB0.e.10595/click - {}
RESULT: {}
COMMAND: GET /session/5780a996aa8c51000aed420822d33f83/screenshot - {}
RESULT: {}
COMMAND: POST /session/5780a996aa8c51000aed420822d33f83/execute/async - {"script":"<script> [1562 bytes]","args":[{"selector":{"controlType":"sap.ui.core.Icon","viewName":"etm.portal.ui.manageyards.view.Master","viewId":"application-manageyards-display-component---masterYard","properties":{"src":{"regex":{"source":"add"}}}},"wdio_ui5_key":"etmportal.ui.manageyards.view.Mastersap.ui.core.Icon{\"src\":{\"regex\":{\"source\":\"add\"}}}"}]}
RESULT: {"script":"<script> [1562 bytes]","args":[{"selector":{"controlType":"sap.ui.core.Icon","viewName":"etm.portal.ui.manageyards.view.Master","viewId":"application-manageyards-display-component---masterYard","properties":{"src":{"regex":{"source":"add"}}}},"wdio_ui5_key":"etmportal.ui.manageyards.view.Mastersap.ui.core.Icon{\"src\":{\"regex\":{\"source\":\"add\"}}}"}]}
RESULT: undefined
COMMAND: POST /session/5780a996aa8c51000aed420822d33f83/element - {"using":"xpath","value":"//*[@id=\"__button15-img\"]"}
RESULT: {"using":"xpath","value":"//*[@id=\"__button15-img\"]"}
COMMAND: POST /session/5780a996aa8c51000aed420822d33f83/element/f.C12891CE133D59B6823BF6462A308BA2.d.BED01A28ECF90C64F651E91B43D5DAB0.e.10638/click - {}
RESULT: {}
COMMAND: GET /session/5780a996aa8c51000aed420822d33f83/screenshot - {}
RESULT: {}
COMMAND: POST /session/5780a996aa8c51000aed420822d33f83/execute/async - {"script":"<script> [1562 bytes]","args":[{"selector":{"id":"application-manageyards-display-component---NewYard--yardId","interaction":{"idSuffix":"inner"}},"wdio_ui5_key":"applicationmanageyards-display-component---NewYard--yardId"}]}
RESULT: {"script":"<script> [1562 bytes]","args":[{"selector":{"id":"application-manageyards-display-component---NewYard--yardId","interaction":{"idSuffix":"inner"}},"wdio_ui5_key":"applicationmanageyards-display-component---NewYard--yardId"}]}
RESULT: undefined
COMMAND: POST /session/5780a996aa8c51000aed420822d33f83/element - {"using":"xpath","value":"//*[@id=\"application-manageyards-display-component---NewYard--addressDetailDetailsName1-inner\"]"}
RESULT: {"using":"xpath","value":"//*[@id=\"application-manageyards-display-component---NewYard--addressDetailDetailsName1-inner\"]"}
COMMAND: POST /session/5780a996aa8c51000aed420822d33f83/element/f.C12891CE133D59B6823BF6462A308BA2.d.BED01A28ECF90C64F651E91B43D5DAB0.e.11002/clear - {}
RESULT: {}
COMMAND: POST /session/5780a996aa8c51000aed420822d33f83/element/f.C12891CE133D59B6823BF6462A308BA2.d.BED01A28ECF90C64F651E91B43D5DAB0.e.11002/value - {"text":"WebdriverYardyjpea"}
COMMAND: GET /session/5780a996aa8c51000aed420822d33f83/screenshot - {}
RESULT: {"text":"WebdriverYardyjpea"}
COMMAND: POST /session/5780a996aa8c51000aed420822d33f83/element - {"using":"xpath","value":"//*[@id=\"application-manageyards-display-component---NewYard--addressDetailDetailsLanguage-inner\"]"}
COMMAND: GET /session/5780a996aa8c51000aed420822d33f83/screenshot - {}
RESULT: {}
RESULT: {"using":"xpath","value":"//*[@id=\"application-manageyards-display-component---NewYard--addressDetailDetailsLanguage-inner\"]"}
COMMAND: POST /session/5780a996aa8c51000aed420822d33f83/element/f.C12891CE133D59B6823BF6462A308BA2.d.BED01A28ECF90C64F651E91B43D5DAB0.e.11003/clear - {}
RESULT: {}
RESULT: {}
COMMAND: POST /session/5780a996aa8c51000aed420822d33f83/element/f.C12891CE133D59B6823BF6462A308BA2.d.BED01A28ECF90C64F651E91B43D5DAB0.e.11003/value - {"text":"Romanian"}
COMMAND: GET /session/5780a996aa8c51000aed420822d33f83/screenshot - {}
RESULT: {"text":"Romanian"}
COMMAND: POST /session/5780a996aa8c51000aed420822d33f83/element - {"using":"xpath","value":"//input[contains(@id ,\"application-manageyards-display-component---NewYard--addressDetailDetailsName1-inner\")]"}
COMMAND: GET /session/5780a996aa8c51000aed420822d33f83/screenshot - {}
RESULT: {}
RESULT: {}
RESULT: {"using":"xpath","value":"//input[contains(@id ,\"application-manageyards-display-component---NewYard--addressDetailDetailsName1-inner\")]"}
COMMAND: GET /session/5780a996aa8c51000aed420822d33f83/element/f.C12891CE133D59B6823BF6462A308BA2.d.BED01A28ECF90C64F651E91B43D5DAB0.e.11002/property/value - {}
RESULT: {}
COMMAND: GET /session/5780a996aa8c51000aed420822d33f83/screenshot - {}
RESULT: {}
COMMAND: POST /session/5780a996aa8c51000aed420822d33f83/element - {"using":"xpath","value":"//*[@id=\"application-manageyards-display-component---NewYard--addressDetailDetailsCity1-inner\"]"}
RESULT: {"using":"xpath","value":"//*[@id=\"application-manageyards-display-component---NewYard--addressDetailDetailsCity1-inner\"]"}
COMMAND: POST /session/5780a996aa8c51000aed420822d33f83/element/f.C12891CE133D59B6823BF6462A308BA2.d.BED01A28ECF90C64F651E91B43D5DAB0.e.11005/clear - {}
RESULT: {}
COMMAND: POST /session/5780a996aa8c51000aed420822d33f83/element/f.C12891CE133D59B6823BF6462A308BA2.d.BED01A28ECF90C64F651E91B43D5DAB0.e.11005/value - {"text":"Bucuresti"}
COMMAND: GET /session/5780a996aa8c51000aed420822d33f83/screenshot - {}
RESULT: {"text":"Bucuresti"}
COMMAND: GET /session/5780a996aa8c51000aed420822d33f83/screenshot - {}
RESULT: {}
RESULT: {}
COMMAND: POST /session/5780a996aa8c51000aed420822d33f83/element - {"using":"xpath","value":"//*[@id=\"application-manageyards-display-component---NewYard--addressDetailDetailsCountry-inner\"]"}
RESULT: {"using":"xpath","value":"//*[@id=\"application-manageyards-display-component---NewYard--addressDetailDetailsCountry-inner\"]"}
COMMAND: POST /session/5780a996aa8c51000aed420822d33f83/element/f.C12891CE133D59B6823BF6462A308BA2.d.BED01A28ECF90C64F651E91B43D5DAB0.e.11009/clear - {}
RESULT: {}
COMMAND: POST /session/5780a996aa8c51000aed420822d33f83/element/f.C12891CE133D59B6823BF6462A308BA2.d.BED01A28ECF90C64F651E91B43D5DAB0.e.11009/value - {"text":"Romania"}
COMMAND: GET /session/5780a996aa8c51000aed420822d33f83/screenshot - {}
RESULT: {"text":"Romania"}
COMMAND: GET /session/5780a996aa8c51000aed420822d33f83/screenshot - {}
RESULT: {}
RESULT: {}
COMMAND: POST /session/5780a996aa8c51000aed420822d33f83/element - {"using":"xpath","value":"//div[contains(text(), \"Commercial\")]"}
RESULT: {"using":"xpath","value":"//div[contains(text(), \"Commercial\")]"}
COMMAND: GET /session/5780a996aa8c51000aed420822d33f83/element/f.C12891CE133D59B6823BF6462A308BA2.d.BED01A28ECF90C64F651E91B43D5DAB0.e.11201/rect - {}
RESULT: {}
COMMAND: GET /session/5780a996aa8c51000aed420822d33f83/window/rect - {}
RESULT: {}
COMMAND: POST /session/5780a996aa8c51000aed420822d33f83/execute/sync - {"script":"<script> [92 bytes]","args":[]}
RESULT: {"script":"<script> [92 bytes]","args":[]}
COMMAND: POST /session/5780a996aa8c51000aed420822d33f83/actions - {"actions":[{"id":"action65","type":"wheel","parameters":{},"actions":[{"type":"scroll","x":-1841,"y":-44,"deltaX":0,"deltaY":0,"duration":0,"origin":{"element-6066-11e4-a52e-4f735466cecf":"f.C12891CE133D59B6823BF6462A308BA2.d.BED01A28ECF90C64F651E91B43D5DAB0.e.11201"}}]}]}
COMMAND: GET /session/5780a996aa8c51000aed420822d33f83/screenshot - {}
RESULT: {}
COMMAND: POST /session/5780a996aa8c51000aed420822d33f83/execute/sync - {"script":"<script> [79 bytes]","args":[{"element-6066-11e4-a52e-4f735466cecf":"f.C12891CE133D59B6823BF6462A308BA2.d.BED01A28ECF90C64F651E91B43D5DAB0.e.11201","ELEMENT":"f.C12891CE133D59B6823BF6462A308BA2.d.BED01A28ECF90C64F651E91B43D5DAB0.e.11201"},{"block":"start","inline":"nearest"}]}
RESULT: {"script":"<script> [79 bytes]","args":[{"element-6066-11e4-a52e-4f735466cecf":"f.C12891CE133D59B6823BF6462A308BA2.d.BED01A28ECF90C64F651E91B43D5DAB0.e.11201","ELEMENT":"f.C12891CE133D59B6823BF6462A308BA2.d.BED01A28ECF90C64F651E91B43D5DAB0.e.11201"},{"block":"start","inline":"nearest"}]}
COMMAND: GET /session/5780a996aa8c51000aed420822d33f83/screenshot - {}
RESULT: {}
COMMAND: POST /session/5780a996aa8c51000aed420822d33f83/execute/async - {"script":"<script> [1562 bytes]","args":[{"selector":{"id":"application-manageyards-display-component---NewYard--addressEditDetailsCostObjectCstType-arrow"},"wdio_ui5_key":"applicationmanageyards-display-component---NewYard--addressEditDetailsCostObjectCstType-arrow"}]}
RESULT: {"script":"<script> [1562 bytes]","args":[{"selector":{"id":"application-manageyards-display-component---NewYard--addressEditDetailsCostObjectCstType-arrow"},"wdio_ui5_key":"applicationmanageyards-display-component---NewYard--addressEditDetailsCostObjectCstType-arrow"}]}
RESULT: undefined
COMMAND: POST /session/5780a996aa8c51000aed420822d33f83/element - {"using":"xpath","value":"//*[@id=\"application-manageyards-display-component---NewYard--addressEditDetailsCostObjectCstType-arrow\"]"}
RESULT: {"using":"xpath","value":"//*[@id=\"application-manageyards-display-component---NewYard--addressEditDetailsCostObjectCstType-arrow\"]"}
COMMAND: POST /session/5780a996aa8c51000aed420822d33f83/element/f.C12891CE133D59B6823BF6462A308BA2.d.BED01A28ECF90C64F651E91B43D5DAB0.e.11209/click - {}
RESULT: {}
COMMAND: POST /session/5780a996aa8c51000aed420822d33f83/element - {"using":"xpath","value":"//span[contains(text(), \"Cost Center\")]"}
COMMAND: GET /session/5780a996aa8c51000aed420822d33f83/screenshot - {}
RESULT: {"using":"xpath","value":"//span[contains(text(), \"Cost Center\")]"}
COMMAND: POST /session/5780a996aa8c51000aed420822d33f83/element/f.C12891CE133D59B6823BF6462A308BA2.d.BED01A28ECF90C64F651E91B43D5DAB0.e.11210/click - {}
RESULT: {}
RESULT: {}
COMMAND: GET /session/5780a996aa8c51000aed420822d33f83/screenshot - {}
RESULT: {}
COMMAND: POST /session/5780a996aa8c51000aed420822d33f83/execute/async - {"script":"<script> [1562 bytes]","args":[{"selector":{"id":"application-manageyards-display-component---NewYard--addressNewCostObjectCstID-vhi"},"wdio_ui5_key":"applicationmanageyards-display-component---NewYard--addressNewCostObjectCstID-vhi"}]}
RESULT: {"script":"<script> [1562 bytes]","args":[{"selector":{"id":"application-manageyards-display-component---NewYard--addressNewCostObjectCstID-vhi"},"wdio_ui5_key":"applicationmanageyards-display-component---NewYard--addressNewCostObjectCstID-vhi"}]}
RESULT: undefined
COMMAND: POST /session/5780a996aa8c51000aed420822d33f83/element - {"using":"xpath","value":"//*[@id=\"application-manageyards-display-component---NewYard--addressNewCostObjectCstID-vhi\"]"}
RESULT: {"using":"xpath","value":"//*[@id=\"application-manageyards-display-component---NewYard--addressNewCostObjectCstID-vhi\"]"}
COMMAND: POST /session/5780a996aa8c51000aed420822d33f83/element/f.C12891CE133D59B6823BF6462A308BA2.d.BED01A28ECF90C64F651E91B43D5DAB0.e.11214/click - {}
RESULT: {}
COMMAND: GET /session/5780a996aa8c51000aed420822d33f83/screenshot - {}
RESULT: {}
COMMAND: POST /session/5780a996aa8c51000aed420822d33f83/execute/async - {"script":"<script> [1562 bytes]","args":[{"selector":{"controlType":"sap.m.SearchField","properties":{"placeholder":"Search"},"searchOpenDialogs":true,"interaction":{"idSuffix":"I"}},"wdio_ui5_key":"sapm.SearchField{\"placeholder\":\"Search\"}"}]}
RESULT: {"script":"<script> [1562 bytes]","args":[{"selector":{"controlType":"sap.m.SearchField","properties":{"placeholder":"Search"},"searchOpenDialogs":true,"interaction":{"idSuffix":"I"}},"wdio_ui5_key":"sapm.SearchField{\"placeholder\":\"Search\"}"}]}
RESULT: undefined
COMMAND: POST /session/5780a996aa8c51000aed420822d33f83/execute/async - {"script":"<script> [776 bytes]","args":[{"enterText":"10001013","selector":{"controlType":"sap.m.SearchField","properties":{"placeholder":"Search"},"searchOpenDialogs":true,"interaction":{"idSuffix":"I"}},"clearTextFirst":true,"interactionType":"ENTER_TEXT"}]}
RESULT: {"script":"<script> [776 bytes]","args":[{"enterText":"10001013","selector":{"controlType":"sap.m.SearchField","properties":{"placeholder":"Search"},"searchOpenDialogs":true,"interaction":{"idSuffix":"I"}},"clearTextFirst":true,"interactionType":"ENTER_TEXT"}]}
COMMAND: POST /session/5780a996aa8c51000aed420822d33f83/actions - {"actions":[{"id":"action66","type":"key","parameters":{},"actions":[{"type":"keyDown","value":"î€‡"},{"type":"pause","duration":10},{"type":"keyUp","value":"î€‡"}]}]}
RESULT: {"actions":[{"id":"action66","type":"key","parameters":{},"actions":[{"type":"keyDown","value":"î€‡"},{"type":"pause","duration":10},{"type":"keyUp","value":"î€‡"}]}]}
COMMAND: GET /session/5780a996aa8c51000aed420822d33f83/screenshot - {}
RESULT: {}
COMMAND: POST /session/5780a996aa8c51000aed420822d33f83/element - {"using":"xpath","value":"//span[contains(text(), \"General Management\")]"}
RESULT: {"using":"xpath","value":"//span[contains(text(), \"General Management\")]"}
COMMAND: POST /session/5780a996aa8c51000aed420822d33f83/element/f.C12891CE133D59B6823BF6462A308BA2.d.BED01A28ECF90C64F651E91B43D5DAB0.e.11256/click - {}
RESULT: {}
COMMAND: GET /session/5780a996aa8c51000aed420822d33f83/screenshot - {}
RESULT: {}
COMMAND: POST /session/5780a996aa8c51000aed420822d33f83/element - {"using":"xpath","value":"//bdi[contains(text(), \"OK\")]"}
RESULT: {"using":"xpath","value":"//bdi[contains(text(), \"OK\")]"}
COMMAND: POST /session/5780a996aa8c51000aed420822d33f83/element/f.C12891CE133D59B6823BF6462A308BA2.d.BED01A28ECF90C64F651E91B43D5DAB0.e.11257/click - {}
RESULT: {}
COMMAND: GET /session/5780a996aa8c51000aed420822d33f83/screenshot - {}
RESULT: {}
COMMAND: POST /session/5780a996aa8c51000aed420822d33f83/execute/async - {"script":"<script> [1562 bytes]","args":[{"selector":{"controlType":"sap.m.Button","viewName":"etm.portal.ui.manageyards.view.New","viewId":"application-manageyards-display-component---NewYard","i18NText":{"propertyName":"text","key":"save"},"interaction":{"idSuffix":"inner"}},"wdio_ui5_key":"etmportal.ui.manageyards.view.Newsap.m.Button{\"propertyName\":\"text\",\"key\":\"save\"}"}]}
RESULT: {"script":"<script> [1562 bytes]","args":[{"selector":{"controlType":"sap.m.Button","viewName":"etm.portal.ui.manageyards.view.New","viewId":"application-manageyards-display-component---NewYard","i18NText":{"propertyName":"text","key":"save"},"interaction":{"idSuffix":"inner"}},"wdio_ui5_key":"etmportal.ui.manageyards.view.Newsap.m.Button{\"propertyName\":\"text\",\"key\":\"save\"}"}]}
RESULT: undefined
COMMAND: POST /session/5780a996aa8c51000aed420822d33f83/element - {"using":"xpath","value":"//*[@id=\"__button29\"]"}
RESULT: {"using":"xpath","value":"//*[@id=\"__button29\"]"}
COMMAND: POST /session/5780a996aa8c51000aed420822d33f83/element/f.C12891CE133D59B6823BF6462A308BA2.d.BED01A28ECF90C64F651E91B43D5DAB0.e.11180/click - {}
RESULT: {}
COMMAND: GET /session/5780a996aa8c51000aed420822d33f83/screenshot - {}
RESULT: {}
COMMAND: POST /session/5780a996aa8c51000aed420822d33f83/element - {"using":"xpath","value":"//header/div/div[2]/div[2]/span"}
RESULT: {"using":"xpath","value":"//header/div/div[2]/div[2]/span"}
COMMAND: GET /session/5780a996aa8c51000aed420822d33f83/element/f.C12891CE133D59B6823BF6462A308BA2.d.BED01A28ECF90C64F651E91B43D5DAB0.e.11455/text - {}
RESULT: {}
COMMAND: POST /session/5780a996aa8c51000aed420822d33f83/execute/async - {"script":"<script> [1562 bytes]","args":[{"selector":{"controlType":"sap.m.OverflowToolbarButton","viewName":"etm.portal.ui.manageyards.view.Detail","viewId":"application-manageyards-display-component---detailYard","i18NText":{"propertyName":"tooltip","key":"closeColumn"},"interaction":{"idSuffix":"inner"}},"wdio_ui5_key":"etmportal.ui.manageyards.view.Detailsap.m.OverflowToolbarButton{\"propertyName\":\"tooltip\",\"key\":\"closeColumn\"}"}]}
RESULT: {"script":"<script> [1562 bytes]","args":[{"selector":{"controlType":"sap.m.OverflowToolbarButton","viewName":"etm.portal.ui.manageyards.view.Detail","viewId":"application-manageyards-display-component---detailYard","i18NText":{"propertyName":"tooltip","key":"closeColumn"},"interaction":{"idSuffix":"inner"}},"wdio_ui5_key":"etmportal.ui.manageyards.view.Detailsap.m.OverflowToolbarButton{\"propertyName\":\"tooltip\",\"key\":\"closeColumn\"}"}]}
RESULT: undefined
COMMAND: POST /session/5780a996aa8c51000aed420822d33f83/element - {"using":"xpath","value":"//*[@id=\"__button53\"]"}
RESULT: {"using":"xpath","value":"//*[@id=\"__button53\"]"}
COMMAND: POST /session/5780a996aa8c51000aed420822d33f83/element/f.C12891CE133D59B6823BF6462A308BA2.d.BED01A28ECF90C64F651E91B43D5DAB0.e.11457/click - {}
RESULT: {}
COMMAND: GET /session/5780a996aa8c51000aed420822d33f83/screenshot - {}
RESULT: {}
COMMAND: POST /session/5780a996aa8c51000aed420822d33f83/element - {"using":"css selector","value":"#shell-header-logo"}
RESULT: {"using":"css selector","value":"#shell-header-logo"}
COMMAND: POST /session/5780a996aa8c51000aed420822d33f83/element/f.C12891CE133D59B6823BF6462A308BA2.d.BED01A28ECF90C64F651E91B43D5DAB0.e.10598/click - {}
RESULT: {}
COMMAND: GET /session/5780a996aa8c51000aed420822d33f83/screenshot - {}
RESULT: {}
COMMAND: POST /session/5780a996aa8c51000aed420822d33f83/refresh - {}
RESULT: {}
COMMAND: GET /session/5780a996aa8c51000aed420822d33f83/screenshot - {}
RESULT: {}
COMMAND: POST /session/5780a996aa8c51000aed420822d33f83/execute/async - {"script":"<script> [189 bytes]","args":[]}
RESULT: {"script":"<script> [189 bytes]","args":[]}
COMMAND: POST /session/5780a996aa8c51000aed420822d33f83/execute/async - {"script":"<script> [123 bytes]","args":[]}
RESULT: {"script":"<script> [123 bytes]","args":[]}
COMMAND: POST /session/5780a996aa8c51000aed420822d33f83/timeouts - {"script":"<number>"}
RESULT: {"script":"<number>"}
COMMAND: GET /session/5780a996aa8c51000aed420822d33f83/timeouts - {}
RESULT: {}
RESULT: undefined
COMMAND: POST /session/5780a996aa8c51000aed420822d33f83/execute/async - {"script":"<script> [2676 bytes]","args":[]}
RESULT: {"script":"<script> [2676 bytes]","args":[]}
COMMAND: POST /session/5780a996aa8c51000aed420822d33f83/execute/async - {"script":"<script> [2342 bytes]","args":[{"protocol":"http","hostname":"0.0.0.0","path":"/","capabilities":{"browserName":"chrome","goog:chromeOptions":{"binary":"C:\\Program Files\\Google\\Chrome\\Application\\chrome.exe","args":["--start-maximized"]}},"logLevel":"warn","connectionRetryTimeout":120000,"connectionRetryCount":3,"logLevels":{},"enableDirectConnect":true,"strictSSL":true,"_":"65 more keys: [\"cacheDir\",\"port\",\"requestedCapabilities\",\"automationProtocol\",\"baseUrl\",\"waitforInterval\",\"waitforTimeout\",\"onReload\",\"beforeCommand\",\"afterCommand\",\"rootDir\",\"specs\",\"suites\",\"exclude\",\"groupLogsByTestSpec\",\"excludeDriverLogs\",\"bail\",\"framework\",\"reporters\",\"services\",\"maxInstances\",\"maxInstancesPerCapability\",\"injectGlobals\",\"filesToWatch\",\"execArgv\",\"runnerEnv\",\"runner\",\"shard\",\"specFileRetries\",\"specFileRetriesDelay\",\"specFileRetriesDeferred\",\"reporterSyncInterval\",\"reporterSyncTimeout\",\"cucumberFeaturesWithLineNumbers\",\"autoCompileOpts\",\"mochaOpts\",\"jasmineOpts\",\"cucumberOpts\",\"onPrepare\",\"onWorkerStart\",\"onWorkerEnd\",\"before\",\"beforeSession\",\"beforeSuite\",\"beforeHook\",\"beforeTest\",\"afterTest\",\"afterHook\",\"afterSuite\",\"afterSession\",\"after\",\"onComplete\",\"beforeAssertion\",\"afterAssertion\",\"beforeFeature\",\"beforeScenario\",\"beforeStep\",\"afterStep\",\"afterScenario\",\"afterFeature\",\"_\",\"suite\",\"$0\",\"ignoredWorkerServices\",\"wdi5\"]"}]}
RESULT: {"script":"<script> [2342 bytes]","args":[{"protocol":"http","hostname":"0.0.0.0","path":"/","capabilities":{"browserName":"chrome","goog:chromeOptions":{"binary":"C:\\Program Files\\Google\\Chrome\\Application\\chrome.exe","args":["--start-maximized"]}},"logLevel":"warn","connectionRetryTimeout":120000,"connectionRetryCount":3,"logLevels":{},"enableDirectConnect":true,"strictSSL":true,"_":"65 more keys: [\"cacheDir\",\"port\",\"requestedCapabilities\",\"automationProtocol\",\"baseUrl\",\"waitforInterval\",\"waitforTimeout\",\"onReload\",\"beforeCommand\",\"afterCommand\",\"rootDir\",\"specs\",\"suites\",\"exclude\",\"groupLogsByTestSpec\",\"excludeDriverLogs\",\"bail\",\"framework\",\"reporters\",\"services\",\"maxInstances\",\"maxInstancesPerCapability\",\"injectGlobals\",\"filesToWatch\",\"execArgv\",\"runnerEnv\",\"runner\",\"shard\",\"specFileRetries\",\"specFileRetriesDelay\",\"specFileRetriesDeferred\",\"reporterSyncInterval\",\"reporterSyncTimeout\",\"cucumberFeaturesWithLineNumbers\",\"autoCompileOpts\",\"mochaOpts\",\"jasmineOpts\",\"cucumberOpts\",\"onPrepare\",\"onWorkerStart\",\"onWorkerEnd\",\"before\",\"beforeSession\",\"beforeSuite\",\"beforeHook\",\"beforeTest\",\"afterTest\",\"afterHook\",\"afterSuite\",\"afterSession\",\"after\",\"onComplete\",\"beforeAssertion\",\"afterAssertion\",\"beforeFeature\",\"beforeScenario\",\"beforeStep\",\"afterStep\",\"afterScenario\",\"afterFeature\",\"_\",\"suite\",\"$0\",\"ignoredWorkerServices\",\"wdi5\"]"}]}
COMMAND: POST /session/5780a996aa8c51000aed420822d33f83/execute/async - {"script":"<script> [21126 bytes]","args":[35000]}
RESULT: {"script":"<script> [21126 bytes]","args":[35000]}
COMMAND: POST /session/5780a996aa8c51000aed420822d33f83/execute/async - {"script":"<script> [1562 bytes]","args":[{"selector":{"controlType":"sap.m.GenericTile","properties":{"header":"Manage Partners"}},"wdio_ui5_key":"sapm.GenericTile{\"header\":\"Manage Partners\"}"}]}
RESULT: {"script":"<script> [1562 bytes]","args":[{"selector":{"controlType":"sap.m.GenericTile","properties":{"header":"Manage Partners"}},"wdio_ui5_key":"sapm.GenericTile{\"header\":\"Manage Partners\"}"}]}
RESULT: undefined
COMMAND: POST /session/5780a996aa8c51000aed420822d33f83/element - {"using":"xpath","value":"//*[@id=\"__tile38\"]"}
RESULT: {"using":"xpath","value":"//*[@id=\"__tile38\"]"}
COMMAND: POST /session/5780a996aa8c51000aed420822d33f83/element/f.C12891CE133D59B6823BF6462A308BA2.d.CCCCD1C90AB86230DAD3339836012EE0.e.11813/click - {}
RESULT: {}
COMMAND: GET /session/5780a996aa8c51000aed420822d33f83/screenshot - {}
RESULT: {}
COMMAND: POST /session/5780a996aa8c51000aed420822d33f83/execute/async - {"script":"<script> [1562 bytes]","args":[{"selector":{"controlType":"sap.ui.core.Icon","viewName":"etm.portal.ui.managepartners.view.Master","viewId":"application-managepartners-display-component---masterPtm","properties":{"src":{"regex":{"source":"add"}}}},"wdio_ui5_key":"etmportal.ui.managepartners.view.Mastersap.ui.core.Icon{\"src\":{\"regex\":{\"source\":\"add\"}}}"}]}
RESULT: {"script":"<script> [1562 bytes]","args":[{"selector":{"controlType":"sap.ui.core.Icon","viewName":"etm.portal.ui.managepartners.view.Master","viewId":"application-managepartners-display-component---masterPtm","properties":{"src":{"regex":{"source":"add"}}}},"wdio_ui5_key":"etmportal.ui.managepartners.view.Mastersap.ui.core.Icon{\"src\":{\"regex\":{\"source\":\"add\"}}}"}]}
RESULT: undefined
COMMAND: POST /session/5780a996aa8c51000aed420822d33f83/element - {"using":"xpath","value":"//*[@id=\"__button4-img\"]"}
RESULT: {"using":"xpath","value":"//*[@id=\"__button4-img\"]"}
COMMAND: POST /session/5780a996aa8c51000aed420822d33f83/element/f.C12891CE133D59B6823BF6462A308BA2.d.CCCCD1C90AB86230DAD3339836012EE0.e.11863/click - {}
RESULT: {}
COMMAND: GET /session/5780a996aa8c51000aed420822d33f83/screenshot - {}
RESULT: {}
COMMAND: POST /session/5780a996aa8c51000aed420822d33f83/execute/async - {"script":"<script> [1562 bytes]","args":[{"selector":{"id":"application-managepartners-display-component---NewPartner--partnerId","interaction":{"idSuffix":"inner"}},"wdio_ui5_key":"applicationmanagepartners-display-component---NewPartner--partnerId"}]}
RESULT: {"script":"<script> [1562 bytes]","args":[{"selector":{"id":"application-managepartners-display-component---NewPartner--partnerId","interaction":{"idSuffix":"inner"}},"wdio_ui5_key":"applicationmanagepartners-display-component---NewPartner--partnerId"}]}
RESULT: undefined
COMMAND: POST /session/5780a996aa8c51000aed420822d33f83/execute/async - {"script":"<script> [1562 bytes]","args":[{"selector":{"id":"application-managepartners-display-component---NewPartner--addressDetailDetailsName1","interaction":{"idSuffix":"inner"}},"wdio_ui5_key":"applicationmanagepartners-display-component---NewPartner--addressDetailDetailsName1"}]}
RESULT: {"script":"<script> [1562 bytes]","args":[{"selector":{"id":"application-managepartners-display-component---NewPartner--addressDetailDetailsName1","interaction":{"idSuffix":"inner"}},"wdio_ui5_key":"applicationmanagepartners-display-component---NewPartner--addressDetailDetailsName1"}]}
RESULT: undefined
COMMAND: POST /session/5780a996aa8c51000aed420822d33f83/execute/async - {"script":"<script> [776 bytes]","args":[{"enterText":"WebdriverPartnerudn7r","selector":{"id":"application-managepartners-display-component---NewPartner--addressDetailDetailsName1","interaction":{"idSuffix":"inner"}},"clearTextFirst":true,"interactionType":"ENTER_TEXT"}]}
RESULT: {"script":"<script> [776 bytes]","args":[{"enterText":"WebdriverPartnerudn7r","selector":{"id":"application-managepartners-display-component---NewPartner--addressDetailDetailsName1","interaction":{"idSuffix":"inner"}},"clearTextFirst":true,"interactionType":"ENTER_TEXT"}]}
COMMAND: POST /session/5780a996aa8c51000aed420822d33f83/execute/async - {"script":"<script> [1562 bytes]","args":[{"selector":{"id":"application-managepartners-display-component---NewPartner--addressDetailDetailsLanguage","interaction":{"idSuffix":"inner"}},"wdio_ui5_key":"applicationmanagepartners-display-component---NewPartner--addressDetailDetailsLanguage"}]}
RESULT: {"script":"<script> [1562 bytes]","args":[{"selector":{"id":"application-managepartners-display-component---NewPartner--addressDetailDetailsLanguage","interaction":{"idSuffix":"inner"}},"wdio_ui5_key":"applicationmanagepartners-display-component---NewPartner--addressDetailDetailsLanguage"}]}
RESULT: undefined
COMMAND: POST /session/5780a996aa8c51000aed420822d33f83/execute/async - {"script":"<script> [776 bytes]","args":[{"enterText":"Romanian","selector":{"id":"application-managepartners-display-component---NewPartner--addressDetailDetailsLanguage","interaction":{"idSuffix":"inner"}},"clearTextFirst":true,"interactionType":"ENTER_TEXT"}]}
RESULT: {"script":"<script> [776 bytes]","args":[{"enterText":"Romanian","selector":{"id":"application-managepartners-display-component---NewPartner--addressDetailDetailsLanguage","interaction":{"idSuffix":"inner"}},"clearTextFirst":true,"interactionType":"ENTER_TEXT"}]}
COMMAND: POST /session/5780a996aa8c51000aed420822d33f83/element - {"using":"xpath","value":"//input[contains(@id ,\"application-managepartners-display-component---NewPartner--addressDetailDetailsName1-inner\")]"}
RESULT: {"using":"xpath","value":"//input[contains(@id ,\"application-managepartners-display-component---NewPartner--addressDetailDetailsName1-inner\")]"}
COMMAND: GET /session/5780a996aa8c51000aed420822d33f83/element/f.C12891CE133D59B6823BF6462A308BA2.d.CCCCD1C90AB86230DAD3339836012EE0.e.12034/property/value - {}
RESULT: {}
COMMAND: POST /session/5780a996aa8c51000aed420822d33f83/execute/async - {"script":"<script> [1562 bytes]","args":[{"selector":{"id":"application-managepartners-display-component---NewPartner--addressDetailDetailsCity1","interaction":{"idSuffix":"inner"}},"wdio_ui5_key":"applicationmanagepartners-display-component---NewPartner--addressDetailDetailsCity1"}]}
COMMAND: GET /session/5780a996aa8c51000aed420822d33f83/screenshot - {}
RESULT: {"script":"<script> [1562 bytes]","args":[{"selector":{"id":"application-managepartners-display-component---NewPartner--addressDetailDetailsCity1","interaction":{"idSuffix":"inner"}},"wdio_ui5_key":"applicationmanagepartners-display-component---NewPartner--addressDetailDetailsCity1"}]}
RESULT: undefined
COMMAND: POST /session/5780a996aa8c51000aed420822d33f83/execute/async - {"script":"<script> [776 bytes]","args":[{"enterText":"Bucharest","selector":{"id":"application-managepartners-display-component---NewPartner--addressDetailDetailsCity1","interaction":{"idSuffix":"inner"}},"clearTextFirst":true,"interactionType":"ENTER_TEXT"}]}
RESULT: {}
RESULT: {"script":"<script> [776 bytes]","args":[{"enterText":"Bucharest","selector":{"id":"application-managepartners-display-component---NewPartner--addressDetailDetailsCity1","interaction":{"idSuffix":"inner"}},"clearTextFirst":true,"interactionType":"ENTER_TEXT"}]}
COMMAND: POST /session/5780a996aa8c51000aed420822d33f83/execute/async - {"script":"<script> [1562 bytes]","args":[{"selector":{"id":"application-managepartners-display-component---NewPartner--addressDetailDetailsCountry","interaction":{"idSuffix":"inner"}},"wdio_ui5_key":"applicationmanagepartners-display-component---NewPartner--addressDetailDetailsCountry"}]}
RESULT: {"script":"<script> [1562 bytes]","args":[{"selector":{"id":"application-managepartners-display-component---NewPartner--addressDetailDetailsCountry","interaction":{"idSuffix":"inner"}},"wdio_ui5_key":"applicationmanagepartners-display-component---NewPartner--addressDetailDetailsCountry"}]}
RESULT: undefined
COMMAND: POST /session/5780a996aa8c51000aed420822d33f83/execute/async - {"script":"<script> [6424 bytes]","args":[{"element-6066-11e4-a52e-4f735466cecf":"f.C12891CE133D59B6823BF6462A308BA2.d.CCCCD1C90AB86230DAD3339836012EE0.e.12041"},"setValue",["Romania"]]}
RESULT: {"script":"<script> [6424 bytes]","args":[{"element-6066-11e4-a52e-4f735466cecf":"f.C12891CE133D59B6823BF6462A308BA2.d.CCCCD1C90AB86230DAD3339836012EE0.e.12041"},"setValue",["Romania"]]}
COMMAND: POST /session/5780a996aa8c51000aed420822d33f83/execute/async - {"script":"<script> [1562 bytes]","args":[{"selector":{"id":"application-managepartners-display-component---NewPartner--partnerDetailInternal","interaction":{"idSuffix":"inner"}},"wdio_ui5_key":"applicationmanagepartners-display-component---NewPartner--partnerDetailInternal"}]}
RESULT: {"script":"<script> [1562 bytes]","args":[{"selector":{"id":"application-managepartners-display-component---NewPartner--partnerDetailInternal","interaction":{"idSuffix":"inner"}},"wdio_ui5_key":"applicationmanagepartners-display-component---NewPartner--partnerDetailInternal"}]}
RESULT: undefined
COMMAND: POST /session/5780a996aa8c51000aed420822d33f83/execute/async - {"script":"<script> [776 bytes]","args":[{"enterText":"External partner","selector":{"id":"application-managepartners-display-component---NewPartner--partnerDetailInternal","interaction":{"idSuffix":"inner"}},"clearTextFirst":true,"interactionType":"ENTER_TEXT"}]}
RESULT: {"script":"<script> [776 bytes]","args":[{"enterText":"External partner","selector":{"id":"application-managepartners-display-component---NewPartner--partnerDetailInternal","interaction":{"idSuffix":"inner"}},"clearTextFirst":true,"interactionType":"ENTER_TEXT"}]}
COMMAND: POST /session/5780a996aa8c51000aed420822d33f83/execute/async - {"script":"<script> [1562 bytes]","args":[{"selector":{"id":"application-managepartners-display-component---NewPartner--partnerDetailsCurrency","interaction":{"idSuffix":"inner"}},"wdio_ui5_key":"applicationmanagepartners-display-component---NewPartner--partnerDetailsCurrency"}]}
RESULT: {"script":"<script> [1562 bytes]","args":[{"selector":{"id":"application-managepartners-display-component---NewPartner--partnerDetailsCurrency","interaction":{"idSuffix":"inner"}},"wdio_ui5_key":"applicationmanagepartners-display-component---NewPartner--partnerDetailsCurrency"}]}
RESULT: undefined
COMMAND: POST /session/5780a996aa8c51000aed420822d33f83/execute/async - {"script":"<script> [776 bytes]","args":[{"enterText":"Euro","selector":{"id":"application-managepartners-display-component---NewPartner--partnerDetailsCurrency","interaction":{"idSuffix":"inner"}},"clearTextFirst":true,"interactionType":"ENTER_TEXT"}]}
RESULT: {"script":"<script> [776 bytes]","args":[{"enterText":"Euro","selector":{"id":"application-managepartners-display-component---NewPartner--partnerDetailsCurrency","interaction":{"idSuffix":"inner"}},"clearTextFirst":true,"interactionType":"ENTER_TEXT"}]}
COMMAND: POST /session/5780a996aa8c51000aed420822d33f83/execute/async - {"script":"<script> [1562 bytes]","args":[{"selector":{"controlType":"sap.m.Button","viewName":"etm.portal.ui.managepartners.view.NewPartner","viewId":"application-managepartners-display-component---NewPartner","properties":{"text":"Commercial"},"interaction":{"idSuffix":"BDI-content"}},"wdio_ui5_key":"etmportal.ui.managepartners.view.NewPartnersap.m.Button{\"text\":\"Commercial\"}"}]}
RESULT: {"script":"<script> [1562 bytes]","args":[{"selector":{"controlType":"sap.m.Button","viewName":"etm.portal.ui.managepartners.view.NewPartner","viewId":"application-managepartners-display-component---NewPartner","properties":{"text":"Commercial"},"interaction":{"idSuffix":"BDI-content"}},"wdio_ui5_key":"etmportal.ui.managepartners.view.NewPartnersap.m.Button{\"text\":\"Commercial\"}"}]}
RESULT: undefined
COMMAND: POST /session/5780a996aa8c51000aed420822d33f83/element - {"using":"xpath","value":"//*[@id=\"application-managepartners-display-component---NewPartner--ObjectPageLayout-anchBar-__section5-anchor\"]"}
RESULT: {"using":"xpath","value":"//*[@id=\"application-managepartners-display-component---NewPartner--ObjectPageLayout-anchBar-__section5-anchor\"]"}
COMMAND: POST /session/5780a996aa8c51000aed420822d33f83/element/f.C12891CE133D59B6823BF6462A308BA2.d.CCCCD1C90AB86230DAD3339836012EE0.e.12289/click - {}
RESULT: {}
COMMAND: GET /session/5780a996aa8c51000aed420822d33f83/screenshot - {}
RESULT: {}
COMMAND: POST /session/5780a996aa8c51000aed420822d33f83/execute/async - {"script":"<script> [1562 bytes]","args":[{"selector":{"id":"application-managepartners-display-component---NewPartner--btnAddTableRow-img"},"wdio_ui5_key":"applicationmanagepartners-display-component---NewPartner--btnAddTableRow-img"}]}
RESULT: {"script":"<script> [1562 bytes]","args":[{"selector":{"id":"application-managepartners-display-component---NewPartner--btnAddTableRow-img"},"wdio_ui5_key":"applicationmanagepartners-display-component---NewPartner--btnAddTableRow-img"}]}
RESULT: undefined
COMMAND: POST /session/5780a996aa8c51000aed420822d33f83/element - {"using":"xpath","value":"//*[@id=\"application-managepartners-display-component---NewPartner--btnAddTableRow-img\"]"}
RESULT: {"using":"xpath","value":"//*[@id=\"application-managepartners-display-component---NewPartner--btnAddTableRow-img\"]"}
COMMAND: POST /session/5780a996aa8c51000aed420822d33f83/element/f.C12891CE133D59B6823BF6462A308BA2.d.CCCCD1C90AB86230DAD3339836012EE0.e.12295/click - {}
RESULT: {}
COMMAND: POST /session/5780a996aa8c51000aed420822d33f83/element - {"using":"xpath","value":"//input[contains(@id ,\"application-managepartners-display-component---NewPartner--assignmentYard-application-managepartners-display-component---NewPartner\")]"}
COMMAND: GET /session/5780a996aa8c51000aed420822d33f83/screenshot - {}
RESULT: {"using":"xpath","value":"//input[contains(@id ,\"application-managepartners-display-component---NewPartner--assignmentYard-application-managepartners-display-component---NewPartner\")]"}
COMMAND: POST /session/5780a996aa8c51000aed420822d33f83/element/f.C12891CE133D59B6823BF6462A308BA2.d.CCCCD1C90AB86230DAD3339836012EE0.e.12298/clear - {}
RESULT: {}
RESULT: {}
COMMAND: POST /session/5780a996aa8c51000aed420822d33f83/element/f.C12891CE133D59B6823BF6462A308BA2.d.CCCCD1C90AB86230DAD3339836012EE0.e.12298/value - {"text":"474"}
COMMAND: GET /session/5780a996aa8c51000aed420822d33f83/screenshot - {}
RESULT: {"text":"474"}
COMMAND: GET /session/5780a996aa8c51000aed420822d33f83/screenshot - {}
RESULT: {}
RESULT: {}
COMMAND: POST /session/5780a996aa8c51000aed420822d33f83/execute/async - {"script":"<script> [1562 bytes]","args":[{"selector":{"controlType":"sap.m.Button","viewName":"etm.portal.ui.managepartners.view.NewPartner","viewId":"application-managepartners-display-component---NewPartner","i18NText":{"propertyName":"text","key":"save"},"interaction":{"idSuffix":"BDI-content"}},"wdio_ui5_key":"etmportal.ui.managepartners.view.NewPartnersap.m.Button{\"propertyName\":\"text\",\"key\":\"save\"}"}]}
RESULT: {"script":"<script> [1562 bytes]","args":[{"selector":{"controlType":"sap.m.Button","viewName":"etm.portal.ui.managepartners.view.NewPartner","viewId":"application-managepartners-display-component---NewPartner","i18NText":{"propertyName":"text","key":"save"},"interaction":{"idSuffix":"BDI-content"}},"wdio_ui5_key":"etmportal.ui.managepartners.view.NewPartnersap.m.Button{\"propertyName\":\"text\",\"key\":\"save\"}"}]}
RESULT: undefined
COMMAND: POST /session/5780a996aa8c51000aed420822d33f83/element - {"using":"xpath","value":"//*[@id=\"__button12\"]"}
RESULT: {"using":"xpath","value":"//*[@id=\"__button12\"]"}
COMMAND: POST /session/5780a996aa8c51000aed420822d33f83/element/f.C12891CE133D59B6823BF6462A308BA2.d.CCCCD1C90AB86230DAD3339836012EE0.e.12229/click - {}
RESULT: {}
COMMAND: GET /session/5780a996aa8c51000aed420822d33f83/screenshot - {}
RESULT: {}
COMMAND: POST /session/5780a996aa8c51000aed420822d33f83/element - {"using":"xpath","value":"//header/div/div[2]/div[2]/span"}
RESULT: {"using":"xpath","value":"//header/div/div[2]/div[2]/span"}
COMMAND: GET /session/5780a996aa8c51000aed420822d33f83/element/f.C12891CE133D59B6823BF6462A308BA2.d.CCCCD1C90AB86230DAD3339836012EE0.e.12468/text - {}
RESULT: {}
COMMAND: POST /session/5780a996aa8c51000aed420822d33f83/element - {"using":"xpath","value":"//header/div/div/div/div/div/div[2]/div/span"}
RESULT: {"using":"xpath","value":"//header/div/div/div/div/div/div[2]/div/span"}
COMMAND: GET /session/5780a996aa8c51000aed420822d33f83/element/f.C12891CE133D59B6823BF6462A308BA2.d.CCCCD1C90AB86230DAD3339836012EE0.e.12469/text - {}
RESULT: {}
COMMAND: POST /session/5780a996aa8c51000aed420822d33f83/execute/async - {"script":"<script> [1562 bytes]","args":[{"selector":{"id":"application-managepartners-display-component---detailPtm--partnerType"},"wdio_ui5_key":"applicationmanagepartners-display-component---detailPtm--partnerType"}]}
RESULT: {"script":"<script> [1562 bytes]","args":[{"selector":{"id":"application-managepartners-display-component---detailPtm--partnerType"},"wdio_ui5_key":"applicationmanagepartners-display-component---detailPtm--partnerType"}]}
RESULT: undefined
COMMAND: POST /session/5780a996aa8c51000aed420822d33f83/execute/async - {"script":"<script> [6424 bytes]","args":[{"element-6066-11e4-a52e-4f735466cecf":"f.C12891CE133D59B6823BF6462A308BA2.d.CCCCD1C90AB86230DAD3339836012EE0.e.12470"},"getText",[]]}
RESULT: {"script":"<script> [6424 bytes]","args":[{"element-6066-11e4-a52e-4f735466cecf":"f.C12891CE133D59B6823BF6462A308BA2.d.CCCCD1C90AB86230DAD3339836012EE0.e.12470"},"getText",[]]}
COMMAND: POST /session/5780a996aa8c51000aed420822d33f83/element - {"using":"css selector","value":"#shell-header-logo"}
RESULT: {"using":"css selector","value":"#shell-header-logo"}
COMMAND: POST /session/5780a996aa8c51000aed420822d33f83/element/f.C12891CE133D59B6823BF6462A308BA2.d.CCCCD1C90AB86230DAD3339836012EE0.e.11814/click - {}
RESULT: {}
COMMAND: GET /session/5780a996aa8c51000aed420822d33f83/screenshot - {}
RESULT: {}
COMMAND: POST /session/5780a996aa8c51000aed420822d33f83/execute/async - {"script":"<script> [1562 bytes]","args":[{"selector":{"controlType":"sap.m.GenericTile","properties":{"header":"Manage Sites"}},"wdio_ui5_key":"sapm.GenericTile{\"header\":\"Manage Sites\"}"}]}
RESULT: {"script":"<script> [1562 bytes]","args":[{"selector":{"controlType":"sap.m.GenericTile","properties":{"header":"Manage Sites"}},"wdio_ui5_key":"sapm.GenericTile{\"header\":\"Manage Sites\"}"}]}
RESULT: undefined
COMMAND: POST /session/5780a996aa8c51000aed420822d33f83/element - {"using":"xpath","value":"//*[@id=\"__tile40\"]"}
RESULT: {"using":"xpath","value":"//*[@id=\"__tile40\"]"}
COMMAND: POST /session/5780a996aa8c51000aed420822d33f83/element/f.C12891CE133D59B6823BF6462A308BA2.d.CCCCD1C90AB86230DAD3339836012EE0.e.12472/click - {}
RESULT: {}
COMMAND: GET /session/5780a996aa8c51000aed420822d33f83/screenshot - {}
RESULT: {}
COMMAND: POST /session/5780a996aa8c51000aed420822d33f83/execute/async - {"script":"<script> [1562 bytes]","args":[{"selector":{"controlType":"sap.ui.core.Icon","viewName":"etm.portal.ui.managesites.view.Master","viewId":"application-managesites-display-component---masterSite","properties":{"src":{"regex":{"source":"add"}}}},"wdio_ui5_key":"etmportal.ui.managesites.view.Mastersap.ui.core.Icon{\"src\":{\"regex\":{\"source\":\"add\"}}}"}]}
RESULT: {"script":"<script> [1562 bytes]","args":[{"selector":{"controlType":"sap.ui.core.Icon","viewName":"etm.portal.ui.managesites.view.Master","viewId":"application-managesites-display-component---masterSite","properties":{"src":{"regex":{"source":"add"}}}},"wdio_ui5_key":"etmportal.ui.managesites.view.Mastersap.ui.core.Icon{\"src\":{\"regex\":{\"source\":\"add\"}}}"}]}
RESULT: undefined
COMMAND: POST /session/5780a996aa8c51000aed420822d33f83/element - {"using":"xpath","value":"//*[@id=\"__button52-img\"]"}
RESULT: {"using":"xpath","value":"//*[@id=\"__button52-img\"]"}
COMMAND: POST /session/5780a996aa8c51000aed420822d33f83/element/f.C12891CE133D59B6823BF6462A308BA2.d.CCCCD1C90AB86230DAD3339836012EE0.e.12519/click - {}
RESULT: {}
COMMAND: POST /session/5780a996aa8c51000aed420822d33f83/execute/async - {"script":"<script> [1562 bytes]","args":[{"selector":{"id":"application-managesites-display-component---NewSite--siteId","interaction":{"idSuffix":"inner"}},"wdio_ui5_key":"applicationmanagesites-display-component---NewSite--siteId"}]}
COMMAND: GET /session/5780a996aa8c51000aed420822d33f83/screenshot - {}
RESULT: {"script":"<script> [1562 bytes]","args":[{"selector":{"id":"application-managesites-display-component---NewSite--siteId","interaction":{"idSuffix":"inner"}},"wdio_ui5_key":"applicationmanagesites-display-component---NewSite--siteId"}]}
RESULT: undefined
COMMAND: POST /session/5780a996aa8c51000aed420822d33f83/execute/async - {"script":"<script> [1562 bytes]","args":[{"selector":{"id":"application-managesites-display-component---NewSite--addressDetailDetailsName1","interaction":{"idSuffix":"inner"}},"wdio_ui5_key":"applicationmanagesites-display-component---NewSite--addressDetailDetailsName1"}]}
RESULT: {}
RESULT: {"script":"<script> [1562 bytes]","args":[{"selector":{"id":"application-managesites-display-component---NewSite--addressDetailDetailsName1","interaction":{"idSuffix":"inner"}},"wdio_ui5_key":"applicationmanagesites-display-component---NewSite--addressDetailDetailsName1"}]}
RESULT: undefined
COMMAND: POST /session/5780a996aa8c51000aed420822d33f83/execute/async - {"script":"<script> [776 bytes]","args":[{"enterText":"WebdriverSitek55jpl","selector":{"id":"application-managesites-display-component---NewSite--addressDetailDetailsName1","interaction":{"idSuffix":"inner"}},"clearTextFirst":true,"interactionType":"ENTER_TEXT"}]}
RESULT: {"script":"<script> [776 bytes]","args":[{"enterText":"WebdriverSitek55jpl","selector":{"id":"application-managesites-display-component---NewSite--addressDetailDetailsName1","interaction":{"idSuffix":"inner"}},"clearTextFirst":true,"interactionType":"ENTER_TEXT"}]}
COMMAND: POST /session/5780a996aa8c51000aed420822d33f83/execute/async - {"script":"<script> [1562 bytes]","args":[{"selector":{"id":"application-managesites-display-component---NewSite--addressDetailDetailsLanguage","interaction":{"idSuffix":"inner"}},"wdio_ui5_key":"applicationmanagesites-display-component---NewSite--addressDetailDetailsLanguage"}]}
RESULT: {"script":"<script> [1562 bytes]","args":[{"selector":{"id":"application-managesites-display-component---NewSite--addressDetailDetailsLanguage","interaction":{"idSuffix":"inner"}},"wdio_ui5_key":"applicationmanagesites-display-component---NewSite--addressDetailDetailsLanguage"}]}
RESULT: undefined
COMMAND: POST /session/5780a996aa8c51000aed420822d33f83/execute/async - {"script":"<script> [776 bytes]","args":[{"enterText":"Romanian","selector":{"id":"application-managesites-display-component---NewSite--addressDetailDetailsLanguage","interaction":{"idSuffix":"inner"}},"clearTextFirst":true,"interactionType":"ENTER_TEXT"}]}
RESULT: {"script":"<script> [776 bytes]","args":[{"enterText":"Romanian","selector":{"id":"application-managesites-display-component---NewSite--addressDetailDetailsLanguage","interaction":{"idSuffix":"inner"}},"clearTextFirst":true,"interactionType":"ENTER_TEXT"}]}
COMMAND: POST /session/5780a996aa8c51000aed420822d33f83/execute/async - {"script":"<script> [1562 bytes]","args":[{"selector":{"id":"application-managesites-display-component---NewSite--addressDetailDetailsCity1","interaction":{"idSuffix":"inner"}},"wdio_ui5_key":"applicationmanagesites-display-component---NewSite--addressDetailDetailsCity1"}]}
RESULT: {"script":"<script> [1562 bytes]","args":[{"selector":{"id":"application-managesites-display-component---NewSite--addressDetailDetailsCity1","interaction":{"idSuffix":"inner"}},"wdio_ui5_key":"applicationmanagesites-display-component---NewSite--addressDetailDetailsCity1"}]}
RESULT: undefined
COMMAND: POST /session/5780a996aa8c51000aed420822d33f83/execute/async - {"script":"<script> [776 bytes]","args":[{"enterText":"Bucharest","selector":{"id":"application-managesites-display-component---NewSite--addressDetailDetailsCity1","interaction":{"idSuffix":"inner"}},"clearTextFirst":true,"interactionType":"ENTER_TEXT"}]}
RESULT: {"script":"<script> [776 bytes]","args":[{"enterText":"Bucharest","selector":{"id":"application-managesites-display-component---NewSite--addressDetailDetailsCity1","interaction":{"idSuffix":"inner"}},"clearTextFirst":true,"interactionType":"ENTER_TEXT"}]}
COMMAND: POST /session/5780a996aa8c51000aed420822d33f83/execute/async - {"script":"<script> [1562 bytes]","args":[{"selector":{"id":"application-managesites-display-component---NewSite--addressDetailDetailsCountry","interaction":{"idSuffix":"inner"}},"wdio_ui5_key":"applicationmanagesites-display-component---NewSite--addressDetailDetailsCountry"}]}
RESULT: {"script":"<script> [1562 bytes]","args":[{"selector":{"id":"application-managesites-display-component---NewSite--addressDetailDetailsCountry","interaction":{"idSuffix":"inner"}},"wdio_ui5_key":"applicationmanagesites-display-component---NewSite--addressDetailDetailsCountry"}]}
RESULT: undefined
COMMAND: POST /session/5780a996aa8c51000aed420822d33f83/execute/async - {"script":"<script> [776 bytes]","args":[{"enterText":"Romania","selector":{"id":"application-managesites-display-component---NewSite--addressDetailDetailsCountry","interaction":{"idSuffix":"inner"}},"clearTextFirst":true,"interactionType":"ENTER_TEXT"}]}
RESULT: {"script":"<script> [776 bytes]","args":[{"enterText":"Romania","selector":{"id":"application-managesites-display-component---NewSite--addressDetailDetailsCountry","interaction":{"idSuffix":"inner"}},"clearTextFirst":true,"interactionType":"ENTER_TEXT"}]}
COMMAND: POST /session/5780a996aa8c51000aed420822d33f83/element - {"using":"css selector","value":"#application-managesites-display-component---NewSite--addressDetailDetailsCalendar-inner"}
RESULT: {"using":"css selector","value":"#application-managesites-display-component---NewSite--addressDetailDetailsCalendar-inner"}
COMMAND: POST /session/5780a996aa8c51000aed420822d33f83/element/f.C12891CE133D59B6823BF6462A308BA2.d.CCCCD1C90AB86230DAD3339836012EE0.e.12903/clear - {}
RESULT: {}
COMMAND: POST /session/5780a996aa8c51000aed420822d33f83/element/f.C12891CE133D59B6823BF6462A308BA2.d.CCCCD1C90AB86230DAD3339836012EE0.e.12903/value - {"text":"Germany"}
COMMAND: GET /session/5780a996aa8c51000aed420822d33f83/screenshot - {}
RESULT: {"text":"Germany"}
COMMAND: POST /session/5780a996aa8c51000aed420822d33f83/execute/async - {"script":"<script> [1562 bytes]","args":[{"selector":{"id":"application-managesites-display-component---NewSite--addressEditDetailsCostObjectCstType-arrow"},"wdio_ui5_key":"applicationmanagesites-display-component---NewSite--addressEditDetailsCostObjectCstType-arrow"}]}
COMMAND: GET /session/5780a996aa8c51000aed420822d33f83/screenshot - {}
RESULT: {}
RESULT: {"script":"<script> [1562 bytes]","args":[{"selector":{"id":"application-managesites-display-component---NewSite--addressEditDetailsCostObjectCstType-arrow"},"wdio_ui5_key":"applicationmanagesites-display-component---NewSite--addressEditDetailsCostObjectCstType-arrow"}]}
RESULT: undefined
COMMAND: POST /session/5780a996aa8c51000aed420822d33f83/element - {"using":"xpath","value":"//*[@id=\"application-managesites-display-component---NewSite--addressEditDetailsCostObjectCstType-arrow\"]"}
RESULT: {}
RESULT: {"using":"xpath","value":"//*[@id=\"application-managesites-display-component---NewSite--addressEditDetailsCostObjectCstType-arrow\"]"}
COMMAND: POST /session/5780a996aa8c51000aed420822d33f83/element/f.C12891CE133D59B6823BF6462A308BA2.d.CCCCD1C90AB86230DAD3339836012EE0.e.13104/click - {}
RESULT: {}
COMMAND: POST /session/5780a996aa8c51000aed420822d33f83/element - {"using":"xpath","value":"//span[contains(text(), \"Work Breakdown Structure\")]"}
COMMAND: GET /session/5780a996aa8c51000aed420822d33f83/screenshot - {}
RESULT: {"using":"xpath","value":"//span[contains(text(), \"Work Breakdown Structure\")]"}
COMMAND: POST /session/5780a996aa8c51000aed420822d33f83/element/f.C12891CE133D59B6823BF6462A308BA2.d.CCCCD1C90AB86230DAD3339836012EE0.e.13105/click - {}
RESULT: {}
RESULT: {}
COMMAND: GET /session/5780a996aa8c51000aed420822d33f83/screenshot - {}
RESULT: {}
COMMAND: POST /session/5780a996aa8c51000aed420822d33f83/execute/async - {"script":"<script> [1562 bytes]","args":[{"selector":{"id":"application-managesites-display-component---NewSite--addressNewCostObjectCstID-vhi"},"wdio_ui5_key":"applicationmanagesites-display-component---NewSite--addressNewCostObjectCstID-vhi"}]}
RESULT: {"script":"<script> [1562 bytes]","args":[{"selector":{"id":"application-managesites-display-component---NewSite--addressNewCostObjectCstID-vhi"},"wdio_ui5_key":"applicationmanagesites-display-component---NewSite--addressNewCostObjectCstID-vhi"}]}
RESULT: undefined
COMMAND: POST /session/5780a996aa8c51000aed420822d33f83/element - {"using":"xpath","value":"//*[@id=\"application-managesites-display-component---NewSite--addressNewCostObjectCstID-vhi\"]"}
RESULT: {"using":"xpath","value":"//*[@id=\"application-managesites-display-component---NewSite--addressNewCostObjectCstID-vhi\"]"}
COMMAND: POST /session/5780a996aa8c51000aed420822d33f83/element/f.C12891CE133D59B6823BF6462A308BA2.d.CCCCD1C90AB86230DAD3339836012EE0.e.13109/click - {}
RESULT: {}
COMMAND: GET /session/5780a996aa8c51000aed420822d33f83/screenshot - {}
RESULT: {}
COMMAND: POST /session/5780a996aa8c51000aed420822d33f83/execute/async - {"script":"<script> [1562 bytes]","args":[{"selector":{"controlType":"sap.m.SearchField","properties":{"placeholder":"Search"},"searchOpenDialogs":true,"interaction":{"idSuffix":"I"}},"wdio_ui5_key":"sapm.SearchField{\"placeholder\":\"Search\"}"}]}
RESULT: {"script":"<script> [1562 bytes]","args":[{"selector":{"controlType":"sap.m.SearchField","properties":{"placeholder":"Search"},"searchOpenDialogs":true,"interaction":{"idSuffix":"I"}},"wdio_ui5_key":"sapm.SearchField{\"placeholder\":\"Search\"}"}]}
RESULT: undefined
COMMAND: POST /session/5780a996aa8c51000aed420822d33f83/execute/async - {"script":"<script> [776 bytes]","args":[{"enterText":"A1-000100-01","selector":{"controlType":"sap.m.SearchField","properties":{"placeholder":"Search"},"searchOpenDialogs":true,"interaction":{"idSuffix":"I"}},"clearTextFirst":true,"interactionType":"ENTER_TEXT"}]}
RESULT: {"script":"<script> [776 bytes]","args":[{"enterText":"A1-000100-01","selector":{"controlType":"sap.m.SearchField","properties":{"placeholder":"Search"},"searchOpenDialogs":true,"interaction":{"idSuffix":"I"}},"clearTextFirst":true,"interactionType":"ENTER_TEXT"}]}
COMMAND: POST /session/5780a996aa8c51000aed420822d33f83/actions - {"actions":[{"id":"action67","type":"key","parameters":{},"actions":[{"type":"keyDown","value":"î€‡"},{"type":"pause","duration":10},{"type":"keyUp","value":"î€‡"}]}]}
RESULT: {"actions":[{"id":"action67","type":"key","parameters":{},"actions":[{"type":"keyDown","value":"î€‡"},{"type":"pause","duration":10},{"type":"keyUp","value":"î€‡"}]}]}
COMMAND: GET /session/5780a996aa8c51000aed420822d33f83/screenshot - {}
RESULT: {}
COMMAND: POST /session/5780a996aa8c51000aed420822d33f83/element - {"using":"xpath","value":"//span[contains(text(), \"Template for ETO-Process\")]"}
RESULT: {"using":"xpath","value":"//span[contains(text(), \"Template for ETO-Process\")]"}
COMMAND: POST /session/5780a996aa8c51000aed420822d33f83/element/f.C12891CE133D59B6823BF6462A308BA2.d.CCCCD1C90AB86230DAD3339836012EE0.e.13129/click - {}
RESULT: {}
COMMAND: GET /session/5780a996aa8c51000aed420822d33f83/screenshot - {}
RESULT: {}
COMMAND: POST /session/5780a996aa8c51000aed420822d33f83/element - {"using":"xpath","value":"//bdi[contains(text(), \"OK\")]"}
RESULT: {"using":"xpath","value":"//bdi[contains(text(), \"OK\")]"}
COMMAND: POST /session/5780a996aa8c51000aed420822d33f83/element/f.C12891CE133D59B6823BF6462A308BA2.d.CCCCD1C90AB86230DAD3339836012EE0.e.13130/click - {}
RESULT: {}
COMMAND: GET /session/5780a996aa8c51000aed420822d33f83/screenshot - {}
RESULT: {}
COMMAND: POST /session/5780a996aa8c51000aed420822d33f83/element - {"using":"xpath","value":"//input[@id=\"application-managesites-display-component---NewSite--addressDetailDetailsYard-inner\"]"}
RESULT: {"using":"xpath","value":"//input[@id=\"application-managesites-display-component---NewSite--addressDetailDetailsYard-inner\"]"}
COMMAND: POST /session/5780a996aa8c51000aed420822d33f83/element/f.C12891CE133D59B6823BF6462A308BA2.d.CCCCD1C90AB86230DAD3339836012EE0.e.12904/value - {"text":"474"}
RESULT: {"text":"474"}
COMMAND: GET /session/5780a996aa8c51000aed420822d33f83/screenshot - {}
RESULT: {}
COMMAND: POST /session/5780a996aa8c51000aed420822d33f83/actions - {"actions":[{"id":"action68","type":"key","parameters":{},"actions":[{"type":"keyDown","value":"î€‡"},{"type":"pause","duration":10},{"type":"keyUp","value":"î€‡"}]}]}
RESULT: {"actions":[{"id":"action68","type":"key","parameters":{},"actions":[{"type":"keyDown","value":"î€‡"},{"type":"pause","duration":10},{"type":"keyUp","value":"î€‡"}]}]}
COMMAND: GET /session/5780a996aa8c51000aed420822d33f83/screenshot - {}
RESULT: {}
COMMAND: POST /session/5780a996aa8c51000aed420822d33f83/element - {"using":"xpath","value":"//input[@id=\"application-managesites-display-component---NewSite--addressDetailDetailsPartner-inner\"]"}
RESULT: {"using":"xpath","value":"//input[@id=\"application-managesites-display-component---NewSite--addressDetailDetailsPartner-inner\"]"}
COMMAND: POST /session/5780a996aa8c51000aed420822d33f83/elements - {"using":"xpath","value":"//input[@id=\"application-managesites-display-component---NewSite--addressDetailDetailsPartner-inner\"]"}
RESULT: {"using":"xpath","value":"//input[@id=\"application-managesites-display-component---NewSite--addressDetailDetailsPartner-inner\"]"}
COMMAND: POST /session/5780a996aa8c51000aed420822d33f83/execute/async - {"script":"<script> [1562 bytes]","args":[{"selector":{"controlType":"sap.m.Button","viewName":"etm.portal.ui.managesites.view.NewSmartSite","viewId":"application-managesites-display-component---NewSite","properties":{"text":"Commercial"},"interaction":{"idSuffix":"BDI-content"}},"wdio_ui5_key":"etmportal.ui.managesites.view.NewSmartSitesap.m.Button{\"text\":\"Commercial\"}"}]}
RESULT: {"script":"<script> [1562 bytes]","args":[{"selector":{"controlType":"sap.m.Button","viewName":"etm.portal.ui.managesites.view.NewSmartSite","viewId":"application-managesites-display-component---NewSite","properties":{"text":"Commercial"},"interaction":{"idSuffix":"BDI-content"}},"wdio_ui5_key":"etmportal.ui.managesites.view.NewSmartSitesap.m.Button{\"text\":\"Commercial\"}"}]}
RESULT: undefined
COMMAND: POST /session/5780a996aa8c51000aed420822d33f83/element - {"using":"xpath","value":"//*[@id=\"application-managesites-display-component---NewSite--ObjectPageLayout-anchBar-__section31-anchor\"]"}
RESULT: {"using":"xpath","value":"//*[@id=\"application-managesites-display-component---NewSite--ObjectPageLayout-anchBar-__section31-anchor\"]"}
COMMAND: POST /session/5780a996aa8c51000aed420822d33f83/element/f.C12891CE133D59B6823BF6462A308BA2.d.CCCCD1C90AB86230DAD3339836012EE0.e.13137/click - {}
RESULT: {}
COMMAND: POST /session/5780a996aa8c51000aed420822d33f83/execute/async - {"script":"<script> [1562 bytes]","args":[{"selector":{"controlType":"sap.m.Button","viewName":"etm.portal.ui.managesites.view.NewSmartSite","viewId":"application-managesites-display-component---NewSite","i18NText":{"propertyName":"text","key":"save"},"interaction":{"idSuffix":"BDI-content"}},"wdio_ui5_key":"etmportal.ui.managesites.view.NewSmartSitesap.m.Button{\"propertyName\":\"text\",\"key\":\"save\"}"}]}
COMMAND: GET /session/5780a996aa8c51000aed420822d33f83/screenshot - {}
RESULT: {"script":"<script> [1562 bytes]","args":[{"selector":{"controlType":"sap.m.Button","viewName":"etm.portal.ui.managesites.view.NewSmartSite","viewId":"application-managesites-display-component---NewSite","i18NText":{"propertyName":"text","key":"save"},"interaction":{"idSuffix":"BDI-content"}},"wdio_ui5_key":"etmportal.ui.managesites.view.NewSmartSitesap.m.Button{\"propertyName\":\"text\",\"key\":\"save\"}"}]}
RESULT: undefined
COMMAND: POST /session/5780a996aa8c51000aed420822d33f83/element - {"using":"xpath","value":"//*[@id=\"__button64\"]"}
RESULT: {}
RESULT: {"using":"xpath","value":"//*[@id=\"__button64\"]"}
COMMAND: POST /session/5780a996aa8c51000aed420822d33f83/element/f.C12891CE133D59B6823BF6462A308BA2.d.CCCCD1C90AB86230DAD3339836012EE0.e.13077/click - {}
RESULT: {}
COMMAND: GET /session/5780a996aa8c51000aed420822d33f83/screenshot - {}
RESULT: {}
COMMAND: POST /session/5780a996aa8c51000aed420822d33f83/execute/async - {"script":"<script> [1562 bytes]","args":[{"selector":{"id":"application-managesites-display-component---detailSite--addressDetailDetailsYardText"},"wdio_ui5_key":"applicationmanagesites-display-component---detailSite--addressDetailDetailsYardText"}]}
RESULT: {"script":"<script> [1562 bytes]","args":[{"selector":{"id":"application-managesites-display-component---detailSite--addressDetailDetailsYardText"},"wdio_ui5_key":"applicationmanagesites-display-component---detailSite--addressDetailDetailsYardText"}]}
RESULT: undefined
COMMAND: POST /session/5780a996aa8c51000aed420822d33f83/element - {"using":"xpath","value":"//header/div/div[2]/div[2]/span"}
RESULT: {"using":"xpath","value":"//header/div/div[2]/div[2]/span"}
COMMAND: GET /session/5780a996aa8c51000aed420822d33f83/element/f.C12891CE133D59B6823BF6462A308BA2.d.CCCCD1C90AB86230DAD3339836012EE0.e.13338/text - {}
RESULT: {}
COMMAND: POST /session/5780a996aa8c51000aed420822d33f83/element - {"using":"xpath","value":"//header/div/div/div/div/div/div[2]/div/span"}
RESULT: {"using":"xpath","value":"//header/div/div/div/div/div/div[2]/div/span"}
COMMAND: GET /session/5780a996aa8c51000aed420822d33f83/element/f.C12891CE133D59B6823BF6462A308BA2.d.CCCCD1C90AB86230DAD3339836012EE0.e.13339/text - {}
RESULT: {}
COMMAND: POST /session/5780a996aa8c51000aed420822d33f83/element - {"using":"css selector","value":"#shell-header-logo"}
RESULT: {"using":"css selector","value":"#shell-header-logo"}
COMMAND: POST /session/5780a996aa8c51000aed420822d33f83/element/f.C12891CE133D59B6823BF6462A308BA2.d.CCCCD1C90AB86230DAD3339836012EE0.e.12475/click - {}
RESULT: {}
COMMAND: GET /session/5780a996aa8c51000aed420822d33f83/screenshot - {}
RESULT: {}
]]></system-out>
    </testcase>
    <testcase classname="chrome.135_0_7049_96.windows.E2E_-_Logistical_and_commercial_statuses" name="It should stock increase the resource" time="182.452">
      <system-out><![CDATA[
COMMAND: POST /session/5780a996aa8c51000aed420822d33f83/execute/async - {"script":"<script> [1562 bytes]","args":[{"selector":{"controlType":"sap.m.GenericTile","properties":{"header":"Manage Resources"}},"wdio_ui5_key":"sapm.GenericTile{\"header\":\"Manage Resources\"}"}]}
RESULT: {"script":"<script> [1562 bytes]","args":[{"selector":{"controlType":"sap.m.GenericTile","properties":{"header":"Manage Resources"}},"wdio_ui5_key":"sapm.GenericTile{\"header\":\"Manage Resources\"}"}]}
RESULT: undefined
COMMAND: POST /session/5780a996aa8c51000aed420822d33f83/element - {"using":"xpath","value":"//*[@id=\"__tile39\"]"}
RESULT: {"using":"xpath","value":"//*[@id=\"__tile39\"]"}
COMMAND: POST /session/5780a996aa8c51000aed420822d33f83/element/f.C12891CE133D59B6823BF6462A308BA2.d.CCCCD1C90AB86230DAD3339836012EE0.e.13341/click - {}
RESULT: {}
COMMAND: GET /session/5780a996aa8c51000aed420822d33f83/screenshot - {}
RESULT: {}
COMMAND: POST /session/5780a996aa8c51000aed420822d33f83/element - {"using":"xpath","value":"//button[@data-kt=\"addNewRUOverflowToolbarButton\"]"}
RESULT: {"using":"xpath","value":"//button[@data-kt=\"addNewRUOverflowToolbarButton\"]"}
COMMAND: POST /session/5780a996aa8c51000aed420822d33f83/execute/sync - {"script":"<script> [8489 bytes]","args":[{"element-6066-11e4-a52e-4f735466cecf":"f.C12891CE133D59B6823BF6462A308BA2.d.CCCCD1C90AB86230DAD3339836012EE0.e.13382","ELEMENT":"f.C12891CE133D59B6823BF6462A308BA2.d.CCCCD1C90AB86230DAD3339836012EE0.e.13382"}]}
RESULT: {"script":"<script> [8489 bytes]","args":[{"element-6066-11e4-a52e-4f735466cecf":"f.C12891CE133D59B6823BF6462A308BA2.d.CCCCD1C90AB86230DAD3339836012EE0.e.13382","ELEMENT":"f.C12891CE133D59B6823BF6462A308BA2.d.CCCCD1C90AB86230DAD3339836012EE0.e.13382"}]}
COMMAND: POST /session/5780a996aa8c51000aed420822d33f83/element/f.C12891CE133D59B6823BF6462A308BA2.d.CCCCD1C90AB86230DAD3339836012EE0.e.13382/click - {}
COMMAND: GET /session/5780a996aa8c51000aed420822d33f83/screenshot - {}
RESULT: {}
COMMAND: POST /session/5780a996aa8c51000aed420822d33f83/execute/async - {"script":"<script> [1562 bytes]","args":[{"selector":{"id":"application-manageresources-display-component---newResourceUnit--TYPE-arrow"},"wdio_ui5_key":"applicationmanageresources-display-component---newResourceUnit--TYPE-arrow"}]}
COMMAND: GET /session/5780a996aa8c51000aed420822d33f83/screenshot - {}
RESULT: {}
RESULT: {"script":"<script> [1562 bytes]","args":[{"selector":{"id":"application-manageresources-display-component---newResourceUnit--TYPE-arrow"},"wdio_ui5_key":"applicationmanageresources-display-component---newResourceUnit--TYPE-arrow"}]}
RESULT: undefined
COMMAND: POST /session/5780a996aa8c51000aed420822d33f83/element - {"using":"xpath","value":"//*[@id=\"application-manageresources-display-component---newResourceUnit--TYPE-arrow\"]"}
RESULT: {}
RESULT: {"using":"xpath","value":"//*[@id=\"application-manageresources-display-component---newResourceUnit--TYPE-arrow\"]"}
COMMAND: POST /session/5780a996aa8c51000aed420822d33f83/element/f.C12891CE133D59B6823BF6462A308BA2.d.CCCCD1C90AB86230DAD3339836012EE0.e.13707/click - {}
RESULT: {}
COMMAND: POST /session/5780a996aa8c51000aed420822d33f83/execute/async - {"script":"<script> [1562 bytes]","args":[{"selector":{"controlType":"sap.m.StandardListItem","viewName":"reusables.view.manageresources.NewResourceUnit","viewId":"application-manageresources-display-component---newResourceUnit","properties":{"title":"Material"},"searchOpenDialogs":true,"interaction":{"idSuffix":"titleText"}},"wdio_ui5_key":"reusablesview.manageresources.NewResourceUnitsap.m.StandardListItem{\"title\":\"Material\"}"}]}
COMMAND: GET /session/5780a996aa8c51000aed420822d33f83/screenshot - {}
RESULT: {"script":"<script> [1562 bytes]","args":[{"selector":{"controlType":"sap.m.StandardListItem","viewName":"reusables.view.manageresources.NewResourceUnit","viewId":"application-manageresources-display-component---newResourceUnit","properties":{"title":"Material"},"searchOpenDialogs":true,"interaction":{"idSuffix":"titleText"}},"wdio_ui5_key":"reusablesview.manageresources.NewResourceUnitsap.m.StandardListItem{\"title\":\"Material\"}"}]}
RESULT: undefined
COMMAND: POST /session/5780a996aa8c51000aed420822d33f83/element - {"using":"xpath","value":"//*[@id=\"__item1058\"]"}
RESULT: {}
RESULT: {"using":"xpath","value":"//*[@id=\"__item1058\"]"}
COMMAND: POST /session/5780a996aa8c51000aed420822d33f83/element/f.C12891CE133D59B6823BF6462A308BA2.d.CCCCD1C90AB86230DAD3339836012EE0.e.13710/click - {}
RESULT: {}
COMMAND: POST /session/5780a996aa8c51000aed420822d33f83/execute/async - {"script":"<script> [1562 bytes]","args":[{"selector":{"id":"application-manageresources-display-component---newResourceUnit--SHORT_TEXT","interaction":{"idSuffix":"inner"}},"wdio_ui5_key":"applicationmanageresources-display-component---newResourceUnit--SHORT_TEXT"}]}
COMMAND: GET /session/5780a996aa8c51000aed420822d33f83/screenshot - {}
RESULT: {"script":"<script> [1562 bytes]","args":[{"selector":{"id":"application-manageresources-display-component---newResourceUnit--SHORT_TEXT","interaction":{"idSuffix":"inner"}},"wdio_ui5_key":"applicationmanageresources-display-component---newResourceUnit--SHORT_TEXT"}]}
RESULT: undefined
COMMAND: POST /session/5780a996aa8c51000aed420822d33f83/execute/async - {"script":"<script> [776 bytes]","args":[{"enterText":"WebdriverRUR2C3ko4uf","selector":{"id":"application-manageresources-display-component---newResourceUnit--SHORT_TEXT","interaction":{"idSuffix":"inner"}},"clearTextFirst":true,"interactionType":"ENTER_TEXT"}]}
RESULT: {}
RESULT: {"script":"<script> [776 bytes]","args":[{"enterText":"WebdriverRUR2C3ko4uf","selector":{"id":"application-manageresources-display-component---newResourceUnit--SHORT_TEXT","interaction":{"idSuffix":"inner"}},"clearTextFirst":true,"interactionType":"ENTER_TEXT"}]}
COMMAND: POST /session/5780a996aa8c51000aed420822d33f83/execute/async - {"script":"<script> [1562 bytes]","args":[{"selector":{"id":"application-manageresources-display-component---newResourceUnit--BASE_UNIT_OF_MEASURE-arrow"},"wdio_ui5_key":"applicationmanageresources-display-component---newResourceUnit--BASE_UNIT_OF_MEASURE-arrow"}]}
RESULT: {"script":"<script> [1562 bytes]","args":[{"selector":{"id":"application-manageresources-display-component---newResourceUnit--BASE_UNIT_OF_MEASURE-arrow"},"wdio_ui5_key":"applicationmanageresources-display-component---newResourceUnit--BASE_UNIT_OF_MEASURE-arrow"}]}
RESULT: undefined
COMMAND: POST /session/5780a996aa8c51000aed420822d33f83/element - {"using":"xpath","value":"//*[@id=\"application-manageresources-display-component---newResourceUnit--BASE_UNIT_OF_MEASURE-arrow\"]"}
RESULT: {"using":"xpath","value":"//*[@id=\"application-manageresources-display-component---newResourceUnit--BASE_UNIT_OF_MEASURE-arrow\"]"}
COMMAND: POST /session/5780a996aa8c51000aed420822d33f83/element/f.C12891CE133D59B6823BF6462A308BA2.d.CCCCD1C90AB86230DAD3339836012EE0.e.13766/click - {}
RESULT: {}
COMMAND: POST /session/5780a996aa8c51000aed420822d33f83/execute/async - {"script":"<script> [1562 bytes]","args":[{"selector":{"controlType":"sap.m.StandardListItem","viewName":"reusables.view.manageresources.NewResourceUnit","viewId":"application-manageresources-display-component---newResourceUnit","properties":{"title":"Piece"},"searchOpenDialogs":true,"interaction":{"idSuffix":"titleText"}},"wdio_ui5_key":"reusablesview.manageresources.NewResourceUnitsap.m.StandardListItem{\"title\":\"Piece\"}"}]}
COMMAND: GET /session/5780a996aa8c51000aed420822d33f83/screenshot - {}
RESULT: {"script":"<script> [1562 bytes]","args":[{"selector":{"controlType":"sap.m.StandardListItem","viewName":"reusables.view.manageresources.NewResourceUnit","viewId":"application-manageresources-display-component---newResourceUnit","properties":{"title":"Piece"},"searchOpenDialogs":true,"interaction":{"idSuffix":"titleText"}},"wdio_ui5_key":"reusablesview.manageresources.NewResourceUnitsap.m.StandardListItem{\"title\":\"Piece\"}"}]}
RESULT: undefined
COMMAND: POST /session/5780a996aa8c51000aed420822d33f83/element - {"using":"xpath","value":"//*[@id=\"__item1102\"]"}
RESULT: {}
RESULT: {"using":"xpath","value":"//*[@id=\"__item1102\"]"}
COMMAND: POST /session/5780a996aa8c51000aed420822d33f83/element/f.C12891CE133D59B6823BF6462A308BA2.d.CCCCD1C90AB86230DAD3339836012EE0.e.13768/click - {}
RESULT: {}
COMMAND: POST /session/5780a996aa8c51000aed420822d33f83/element - {"using":"xpath","value":"//input[contains(@id ,\"application-manageresources-display-component---newResourceUnit--SHORT_TEXT-inner\")]"}
COMMAND: GET /session/5780a996aa8c51000aed420822d33f83/screenshot - {}
RESULT: {"using":"xpath","value":"//input[contains(@id ,\"application-manageresources-display-component---newResourceUnit--SHORT_TEXT-inner\")]"}
COMMAND: GET /session/5780a996aa8c51000aed420822d33f83/element/f.C12891CE133D59B6823BF6462A308BA2.d.CCCCD1C90AB86230DAD3339836012EE0.e.13727/property/value - {}
RESULT: {}
RESULT: {}
COMMAND: POST /session/5780a996aa8c51000aed420822d33f83/execute/async - {"script":"<script> [1562 bytes]","args":[{"selector":{"id":"application-manageresources-display-component---newResourceUnit--WEIGHT_UNIT-arrow"},"wdio_ui5_key":"applicationmanageresources-display-component---newResourceUnit--WEIGHT_UNIT-arrow"}]}
COMMAND: GET /session/5780a996aa8c51000aed420822d33f83/screenshot - {}
RESULT: {"script":"<script> [1562 bytes]","args":[{"selector":{"id":"application-manageresources-display-component---newResourceUnit--WEIGHT_UNIT-arrow"},"wdio_ui5_key":"applicationmanageresources-display-component---newResourceUnit--WEIGHT_UNIT-arrow"}]}
RESULT: undefined
COMMAND: POST /session/5780a996aa8c51000aed420822d33f83/element - {"using":"xpath","value":"//*[@id=\"application-manageresources-display-component---newResourceUnit--WEIGHT_UNIT-arrow\"]"}
RESULT: {}
RESULT: {"using":"xpath","value":"//*[@id=\"application-manageresources-display-component---newResourceUnit--WEIGHT_UNIT-arrow\"]"}
COMMAND: POST /session/5780a996aa8c51000aed420822d33f83/element/f.C12891CE133D59B6823BF6462A308BA2.d.CCCCD1C90AB86230DAD3339836012EE0.e.13769/click - {}
RESULT: {}
COMMAND: POST /session/5780a996aa8c51000aed420822d33f83/execute/async - {"script":"<script> [1562 bytes]","args":[{"selector":{"controlType":"sap.m.StandardListItem","viewName":"reusables.view.manageresources.NewResourceUnit","viewId":"application-manageresources-display-component---newResourceUnit","properties":{"title":"Gram"},"searchOpenDialogs":true,"interaction":{"idSuffix":"content"}},"wdio_ui5_key":"reusablesview.manageresources.NewResourceUnitsap.m.StandardListItem{\"title\":\"Gram\"}"}]}
COMMAND: GET /session/5780a996aa8c51000aed420822d33f83/screenshot - {}
RESULT: {"script":"<script> [1562 bytes]","args":[{"selector":{"controlType":"sap.m.StandardListItem","viewName":"reusables.view.manageresources.NewResourceUnit","viewId":"application-manageresources-display-component---newResourceUnit","properties":{"title":"Gram"},"searchOpenDialogs":true,"interaction":{"idSuffix":"content"}},"wdio_ui5_key":"reusablesview.manageresources.NewResourceUnitsap.m.StandardListItem{\"title\":\"Gram\"}"}]}
RESULT: undefined
COMMAND: POST /session/5780a996aa8c51000aed420822d33f83/element - {"using":"xpath","value":"//*[@id=\"__item1167\"]"}
RESULT: {}
RESULT: {"using":"xpath","value":"//*[@id=\"__item1167\"]"}
COMMAND: POST /session/5780a996aa8c51000aed420822d33f83/element/f.C12891CE133D59B6823BF6462A308BA2.d.CCCCD1C90AB86230DAD3339836012EE0.e.13771/click - {}
RESULT: {}
COMMAND: POST /session/5780a996aa8c51000aed420822d33f83/execute/async - {"script":"<script> [1562 bytes]","args":[{"selector":{"id":"application-manageresources-display-component---newResourceUnit--newRRUPage-OPHeaderContent-collapseBtn-img"},"wdio_ui5_key":"applicationmanageresources-display-component---newResourceUnit--newRRUPage-OPHeaderContent-collapseBtn-img"}]}
COMMAND: GET /session/5780a996aa8c51000aed420822d33f83/screenshot - {}
RESULT: {"script":"<script> [1562 bytes]","args":[{"selector":{"id":"application-manageresources-display-component---newResourceUnit--newRRUPage-OPHeaderContent-collapseBtn-img"},"wdio_ui5_key":"applicationmanageresources-display-component---newResourceUnit--newRRUPage-OPHeaderContent-collapseBtn-img"}]}
RESULT: undefined
COMMAND: POST /session/5780a996aa8c51000aed420822d33f83/element - {"using":"xpath","value":"//*[@id=\"application-manageresources-display-component---newResourceUnit--newRRUPage-OPHeaderContent-collapseBtn-img\"]"}
RESULT: {}
RESULT: {"using":"xpath","value":"//*[@id=\"application-manageresources-display-component---newResourceUnit--newRRUPage-OPHeaderContent-collapseBtn-img\"]"}
COMMAND: POST /session/5780a996aa8c51000aed420822d33f83/element/f.C12891CE133D59B6823BF6462A308BA2.d.CCCCD1C90AB86230DAD3339836012EE0.e.13717/click - {}
RESULT: {}
COMMAND: GET /session/5780a996aa8c51000aed420822d33f83/screenshot - {}
RESULT: {}
COMMAND: POST /session/5780a996aa8c51000aed420822d33f83/element - {"using":"xpath","value":"(//span[contains(@id ,\"application-manageresources-display-component---newResourceUnit--DIMENSION_UNIT-arrow\")])[1]"}
RESULT: {"using":"xpath","value":"(//span[contains(@id ,\"application-manageresources-display-component---newResourceUnit--DIMENSION_UNIT-arrow\")])[1]"}
COMMAND: POST /session/5780a996aa8c51000aed420822d33f83/element/f.C12891CE133D59B6823BF6462A308BA2.d.CCCCD1C90AB86230DAD3339836012EE0.e.13777/click - {}
RESULT: {}
COMMAND: GET /session/5780a996aa8c51000aed420822d33f83/screenshot - {}
RESULT: {}
COMMAND: POST /session/5780a996aa8c51000aed420822d33f83/execute/async - {"script":"<script> [1562 bytes]","args":[{"selector":{"controlType":"sap.m.StandardListItem","viewName":"reusables.view.manageresources.NewResourceUnit","viewId":"application-manageresources-display-component---newResourceUnit","properties":{"title":"Centimeter"},"searchOpenDialogs":true,"interaction":{"idSuffix":"titleText"}},"wdio_ui5_key":"reusablesview.manageresources.NewResourceUnitsap.m.StandardListItem{\"title\":\"Centimeter\"}"}]}
RESULT: {"script":"<script> [1562 bytes]","args":[{"selector":{"controlType":"sap.m.StandardListItem","viewName":"reusables.view.manageresources.NewResourceUnit","viewId":"application-manageresources-display-component---newResourceUnit","properties":{"title":"Centimeter"},"searchOpenDialogs":true,"interaction":{"idSuffix":"titleText"}},"wdio_ui5_key":"reusablesview.manageresources.NewResourceUnitsap.m.StandardListItem{\"title\":\"Centimeter\"}"}]}
RESULT: undefined
COMMAND: POST /session/5780a996aa8c51000aed420822d33f83/element - {"using":"xpath","value":"//*[@id=\"__item1170\"]"}
RESULT: {"using":"xpath","value":"//*[@id=\"__item1170\"]"}
COMMAND: POST /session/5780a996aa8c51000aed420822d33f83/element/f.C12891CE133D59B6823BF6462A308BA2.d.CCCCD1C90AB86230DAD3339836012EE0.e.13779/click - {}
RESULT: {}
COMMAND: POST /session/5780a996aa8c51000aed420822d33f83/execute/async - {"script":"<script> [1562 bytes]","args":[{"selector":{"id":"application-manageresources-display-component---newResourceUnit--newRRUPage-anchBar-application-manageresources-display-component---newResourceUnit--reference-anchor","interaction":{"idSuffix":"BDI-content"}},"wdio_ui5_key":"applicationmanageresources-display-component---newResourceUnit--newRRUPage-anchBar-application-manageresources-display-component---newResourceUnit--reference-anchor"}]}
COMMAND: GET /session/5780a996aa8c51000aed420822d33f83/screenshot - {}
RESULT: {"script":"<script> [1562 bytes]","args":[{"selector":{"id":"application-manageresources-display-component---newResourceUnit--newRRUPage-anchBar-application-manageresources-display-component---newResourceUnit--reference-anchor","interaction":{"idSuffix":"BDI-content"}},"wdio_ui5_key":"applicationmanageresources-display-component---newResourceUnit--newRRUPage-anchBar-application-manageresources-display-component---newResourceUnit--reference-anchor"}]}
RESULT: undefined
COMMAND: POST /session/5780a996aa8c51000aed420822d33f83/element - {"using":"xpath","value":"//*[@id=\"application-manageresources-display-component---newResourceUnit--newRRUPage-anchBar-application-manageresources-display-component---newResourceUnit--reference-anchor\"]"}
RESULT: {}
RESULT: {"using":"xpath","value":"//*[@id=\"application-manageresources-display-component---newResourceUnit--newRRUPage-anchBar-application-manageresources-display-component---newResourceUnit--reference-anchor\"]"}
COMMAND: POST /session/5780a996aa8c51000aed420822d33f83/element/f.C12891CE133D59B6823BF6462A308BA2.d.CCCCD1C90AB86230DAD3339836012EE0.e.13781/click - {}
RESULT: {}
COMMAND: POST /session/5780a996aa8c51000aed420822d33f83/execute/async - {"script":"<script> [1562 bytes]","args":[{"selector":{"id":"application-manageresources-display-component---newResourceUnit--PLANNING_GROUP-arrow"},"wdio_ui5_key":"applicationmanageresources-display-component---newResourceUnit--PLANNING_GROUP-arrow"}]}
COMMAND: GET /session/5780a996aa8c51000aed420822d33f83/screenshot - {}
RESULT: {"script":"<script> [1562 bytes]","args":[{"selector":{"id":"application-manageresources-display-component---newResourceUnit--PLANNING_GROUP-arrow"},"wdio_ui5_key":"applicationmanageresources-display-component---newResourceUnit--PLANNING_GROUP-arrow"}]}
RESULT: undefined
COMMAND: POST /session/5780a996aa8c51000aed420822d33f83/element - {"using":"xpath","value":"//*[@id=\"application-manageresources-display-component---newResourceUnit--PLANNING_GROUP-arrow\"]"}
RESULT: {}
RESULT: {"using":"xpath","value":"//*[@id=\"application-manageresources-display-component---newResourceUnit--PLANNING_GROUP-arrow\"]"}
COMMAND: POST /session/5780a996aa8c51000aed420822d33f83/element/f.C12891CE133D59B6823BF6462A308BA2.d.CCCCD1C90AB86230DAD3339836012EE0.e.13785/click - {}
RESULT: {}
COMMAND: POST /session/5780a996aa8c51000aed420822d33f83/execute/async - {"script":"<script> [1562 bytes]","args":[{"selector":{"controlType":"sap.m.StandardListItem","viewName":"reusables.view.manageresources.NewResourceUnit","viewId":"application-manageresources-display-component---newResourceUnit","properties":{"title":"Heavy Equi"},"searchOpenDialogs":true,"interaction":{"idSuffix":"content"}},"wdio_ui5_key":"reusablesview.manageresources.NewResourceUnitsap.m.StandardListItem{\"title\":\"Heavy Equi\"}"}]}
COMMAND: GET /session/5780a996aa8c51000aed420822d33f83/screenshot - {}
RESULT: {"script":"<script> [1562 bytes]","args":[{"selector":{"controlType":"sap.m.StandardListItem","viewName":"reusables.view.manageresources.NewResourceUnit","viewId":"application-manageresources-display-component---newResourceUnit","properties":{"title":"Heavy Equi"},"searchOpenDialogs":true,"interaction":{"idSuffix":"content"}},"wdio_ui5_key":"reusablesview.manageresources.NewResourceUnitsap.m.StandardListItem{\"title\":\"Heavy Equi\"}"}]}
RESULT: undefined
COMMAND: POST /session/5780a996aa8c51000aed420822d33f83/element - {"using":"xpath","value":"//*[@id=\"__item1178\"]"}
RESULT: {}
RESULT: {"using":"xpath","value":"//*[@id=\"__item1178\"]"}
COMMAND: POST /session/5780a996aa8c51000aed420822d33f83/element/f.C12891CE133D59B6823BF6462A308BA2.d.CCCCD1C90AB86230DAD3339836012EE0.e.13787/click - {}
RESULT: {}
COMMAND: GET /session/5780a996aa8c51000aed420822d33f83/screenshot - {}
RESULT: {}
COMMAND: POST /session/5780a996aa8c51000aed420822d33f83/execute/async - {"script":"<script> [1562 bytes]","args":[{"selector":{"id":"application-manageresources-display-component---newResourceUnit--PLANNING_INDICATOR-arrow"},"wdio_ui5_key":"applicationmanageresources-display-component---newResourceUnit--PLANNING_INDICATOR-arrow"}]}
RESULT: {"script":"<script> [1562 bytes]","args":[{"selector":{"id":"application-manageresources-display-component---newResourceUnit--PLANNING_INDICATOR-arrow"},"wdio_ui5_key":"applicationmanageresources-display-component---newResourceUnit--PLANNING_INDICATOR-arrow"}]}
RESULT: undefined
COMMAND: POST /session/5780a996aa8c51000aed420822d33f83/element - {"using":"xpath","value":"//*[@id=\"application-manageresources-display-component---newResourceUnit--PLANNING_INDICATOR-arrow\"]"}
RESULT: {"using":"xpath","value":"//*[@id=\"application-manageresources-display-component---newResourceUnit--PLANNING_INDICATOR-arrow\"]"}
COMMAND: POST /session/5780a996aa8c51000aed420822d33f83/element/f.C12891CE133D59B6823BF6462A308BA2.d.CCCCD1C90AB86230DAD3339836012EE0.e.13788/click - {}
RESULT: {}
COMMAND: POST /session/5780a996aa8c51000aed420822d33f83/execute/async - {"script":"<script> [1562 bytes]","args":[{"selector":{"controlType":"sap.m.StandardListItem","viewName":"reusables.view.manageresources.NewResourceUnit","viewId":"application-manageresources-display-component---newResourceUnit","properties":{"title":"10 - infinite"},"searchOpenDialogs":true,"interaction":{"idSuffix":"content"}},"wdio_ui5_key":"reusablesview.manageresources.NewResourceUnitsap.m.StandardListItem{\"title\":\"10 - infinite\"}"}]}
COMMAND: GET /session/5780a996aa8c51000aed420822d33f83/screenshot - {}
RESULT: {"script":"<script> [1562 bytes]","args":[{"selector":{"controlType":"sap.m.StandardListItem","viewName":"reusables.view.manageresources.NewResourceUnit","viewId":"application-manageresources-display-component---newResourceUnit","properties":{"title":"10 - infinite"},"searchOpenDialogs":true,"interaction":{"idSuffix":"content"}},"wdio_ui5_key":"reusablesview.manageresources.NewResourceUnitsap.m.StandardListItem{\"title\":\"10 - infinite\"}"}]}
RESULT: undefined
COMMAND: POST /session/5780a996aa8c51000aed420822d33f83/element - {"using":"xpath","value":"//*[@id=\"__item1188\"]"}
RESULT: {}
RESULT: {"using":"xpath","value":"//*[@id=\"__item1188\"]"}
COMMAND: POST /session/5780a996aa8c51000aed420822d33f83/element/f.C12891CE133D59B6823BF6462A308BA2.d.CCCCD1C90AB86230DAD3339836012EE0.e.13790/click - {}
RESULT: {}
COMMAND: GET /session/5780a996aa8c51000aed420822d33f83/screenshot - {}
RESULT: {}
COMMAND: POST /session/5780a996aa8c51000aed420822d33f83/element - {"using":"xpath","value":"//bdi[contains(text(), \"Time Segment\")]"}
RESULT: {"using":"xpath","value":"//bdi[contains(text(), \"Time Segment\")]"}
COMMAND: GET /session/5780a996aa8c51000aed420822d33f83/element/f.C12891CE133D59B6823BF6462A308BA2.d.CCCCD1C90AB86230DAD3339836012EE0.e.13791/rect - {}
RESULT: {}
COMMAND: GET /session/5780a996aa8c51000aed420822d33f83/window/rect - {}
RESULT: {}
COMMAND: POST /session/5780a996aa8c51000aed420822d33f83/execute/sync - {"script":"<script> [92 bytes]","args":[]}
RESULT: {"script":"<script> [92 bytes]","args":[]}
COMMAND: POST /session/5780a996aa8c51000aed420822d33f83/actions - {"actions":[{"id":"action69","type":"wheel","parameters":{},"actions":[{"type":"scroll","x":-1820,"y":-21,"deltaX":0,"deltaY":0,"duration":0,"origin":{"element-6066-11e4-a52e-4f735466cecf":"f.C12891CE133D59B6823BF6462A308BA2.d.CCCCD1C90AB86230DAD3339836012EE0.e.13791"}}]}]}
COMMAND: GET /session/5780a996aa8c51000aed420822d33f83/screenshot - {}
RESULT: {}
COMMAND: POST /session/5780a996aa8c51000aed420822d33f83/execute/sync - {"script":"<script> [79 bytes]","args":[{"element-6066-11e4-a52e-4f735466cecf":"f.C12891CE133D59B6823BF6462A308BA2.d.CCCCD1C90AB86230DAD3339836012EE0.e.13791","ELEMENT":"f.C12891CE133D59B6823BF6462A308BA2.d.CCCCD1C90AB86230DAD3339836012EE0.e.13791"},{"block":"start","inline":"nearest"}]}
RESULT: {"script":"<script> [79 bytes]","args":[{"element-6066-11e4-a52e-4f735466cecf":"f.C12891CE133D59B6823BF6462A308BA2.d.CCCCD1C90AB86230DAD3339836012EE0.e.13791","ELEMENT":"f.C12891CE133D59B6823BF6462A308BA2.d.CCCCD1C90AB86230DAD3339836012EE0.e.13791"},{"block":"start","inline":"nearest"}]}
COMMAND: GET /session/5780a996aa8c51000aed420822d33f83/screenshot - {}
RESULT: {}
COMMAND: POST /session/5780a996aa8c51000aed420822d33f83/element - {"using":"xpath","value":"//span[@id=\"application-manageresources-display-component---newResourceUnit--btnAddTimeSegment-img\"]"}
RESULT: {"using":"xpath","value":"//span[@id=\"application-manageresources-display-component---newResourceUnit--btnAddTimeSegment-img\"]"}
COMMAND: POST /session/5780a996aa8c51000aed420822d33f83/execute/sync - {"script":"<script> [8489 bytes]","args":[{"element-6066-11e4-a52e-4f735466cecf":"f.C12891CE133D59B6823BF6462A308BA2.d.CCCCD1C90AB86230DAD3339836012EE0.e.13794","ELEMENT":"f.C12891CE133D59B6823BF6462A308BA2.d.CCCCD1C90AB86230DAD3339836012EE0.e.13794"}]}
RESULT: {"script":"<script> [8489 bytes]","args":[{"element-6066-11e4-a52e-4f735466cecf":"f.C12891CE133D59B6823BF6462A308BA2.d.CCCCD1C90AB86230DAD3339836012EE0.e.13794","ELEMENT":"f.C12891CE133D59B6823BF6462A308BA2.d.CCCCD1C90AB86230DAD3339836012EE0.e.13794"}]}
COMMAND: POST /session/5780a996aa8c51000aed420822d33f83/element/f.C12891CE133D59B6823BF6462A308BA2.d.CCCCD1C90AB86230DAD3339836012EE0.e.13794/click - {}
COMMAND: GET /session/5780a996aa8c51000aed420822d33f83/screenshot - {}
RESULT: {}
COMMAND: GET /session/5780a996aa8c51000aed420822d33f83/screenshot - {}
COMMAND: POST /session/5780a996aa8c51000aed420822d33f83/element - {"using":"xpath","value":"//input[@id=\"application-manageresources-display-component---newResourceUnit--idRuTSAdmin-application-manageresources-display-component---newResourceUnit--RUTimeSegment-0-inner\"]"}
RESULT: {}
RESULT: {}
RESULT: {"using":"xpath","value":"//input[@id=\"application-manageresources-display-component---newResourceUnit--idRuTSAdmin-application-manageresources-display-component---newResourceUnit--RUTimeSegment-0-inner\"]"}
COMMAND: POST /session/5780a996aa8c51000aed420822d33f83/element/f.C12891CE133D59B6823BF6462A308BA2.d.CCCCD1C90AB86230DAD3339836012EE0.e.13797/clear - {}
RESULT: {}
COMMAND: POST /session/5780a996aa8c51000aed420822d33f83/element/f.C12891CE133D59B6823BF6462A308BA2.d.CCCCD1C90AB86230DAD3339836012EE0.e.13797/value - {"text":"WebdriverYardyjpea"}
COMMAND: GET /session/5780a996aa8c51000aed420822d33f83/screenshot - {}
RESULT: {"text":"WebdriverYardyjpea"}
COMMAND: GET /session/5780a996aa8c51000aed420822d33f83/screenshot - {}
RESULT: {}
RESULT: {}
COMMAND: POST /session/5780a996aa8c51000aed420822d33f83/actions - {"actions":[{"id":"action70","type":"key","parameters":{},"actions":[{"type":"keyDown","value":"î€‡"},{"type":"pause","duration":10},{"type":"keyUp","value":"î€‡"}]}]}
RESULT: {"actions":[{"id":"action70","type":"key","parameters":{},"actions":[{"type":"keyDown","value":"î€‡"},{"type":"pause","duration":10},{"type":"keyUp","value":"î€‡"}]}]}
COMMAND: GET /session/5780a996aa8c51000aed420822d33f83/screenshot - {}
RESULT: {}
COMMAND: POST /session/5780a996aa8c51000aed420822d33f83/execute/async - {"script":"<script> [1562 bytes]","args":[{"selector":{"controlType":"sap.m.Button","viewName":"reusables.view.manageresources.NewResourceUnit","viewId":"application-manageresources-display-component---newResourceUnit","i18NText":{"propertyName":"tooltip","key":"save"},"interaction":{"idSuffix":"BDI-content"}},"wdio_ui5_key":"reusablesview.manageresources.NewResourceUnitsap.m.Button{\"propertyName\":\"tooltip\",\"key\":\"save\"}"}]}
RESULT: {"script":"<script> [1562 bytes]","args":[{"selector":{"controlType":"sap.m.Button","viewName":"reusables.view.manageresources.NewResourceUnit","viewId":"application-manageresources-display-component---newResourceUnit","i18NText":{"propertyName":"tooltip","key":"save"},"interaction":{"idSuffix":"BDI-content"}},"wdio_ui5_key":"reusablesview.manageresources.NewResourceUnitsap.m.Button{\"propertyName\":\"tooltip\",\"key\":\"save\"}"}]}
RESULT: undefined
COMMAND: POST /session/5780a996aa8c51000aed420822d33f83/element - {"using":"xpath","value":"//*[@id=\"application-manageresources-display-component---newResourceUnit--createRuButton\"]"}
RESULT: {"using":"xpath","value":"//*[@id=\"application-manageresources-display-component---newResourceUnit--createRuButton\"]"}
COMMAND: POST /session/5780a996aa8c51000aed420822d33f83/element/f.C12891CE133D59B6823BF6462A308BA2.d.CCCCD1C90AB86230DAD3339836012EE0.e.13723/click - {}
RESULT: {}
COMMAND: GET /session/5780a996aa8c51000aed420822d33f83/screenshot - {}
RESULT: {}
COMMAND: POST /session/5780a996aa8c51000aed420822d33f83/execute/async - {"script":"<script> [1562 bytes]","args":[{"selector":{"controlType":"sap.m.Title","properties":{"text":"Success"},"searchOpenDialogs":true},"wdio_ui5_key":"sapm.Title{\"text\":\"Success\"}"}]}
RESULT: {"script":"<script> [1562 bytes]","args":[{"selector":{"controlType":"sap.m.Title","properties":{"text":"Success"},"searchOpenDialogs":true},"wdio_ui5_key":"sapm.Title{\"text\":\"Success\"}"}]}
RESULT: undefined
COMMAND: POST /session/5780a996aa8c51000aed420822d33f83/execute/async - {"script":"<script> [6424 bytes]","args":[{"element-6066-11e4-a52e-4f735466cecf":"f.C12891CE133D59B6823BF6462A308BA2.d.CCCCD1C90AB86230DAD3339836012EE0.e.13810"},"getText",[]]}
RESULT: {"script":"<script> [6424 bytes]","args":[{"element-6066-11e4-a52e-4f735466cecf":"f.C12891CE133D59B6823BF6462A308BA2.d.CCCCD1C90AB86230DAD3339836012EE0.e.13810"},"getText",[]]}
COMMAND: POST /session/5780a996aa8c51000aed420822d33f83/element - {"using":"xpath","value":"//*[contains(@id, '__text') and (contains(text(), 'successfully created') or contains(., 'successfully created'))]"}
RESULT: {"using":"xpath","value":"//*[contains(@id, '__text') and (contains(text(), 'successfully created') or contains(., 'successfully created'))]"}
COMMAND: GET /session/5780a996aa8c51000aed420822d33f83/element/f.C12891CE133D59B6823BF6462A308BA2.d.CCCCD1C90AB86230DAD3339836012EE0.e.13808/text - {}
RESULT: {}
COMMAND: POST /session/5780a996aa8c51000aed420822d33f83/execute/async - {"script":"<script> [1562 bytes]","args":[{"selector":{"controlType":"sap.m.Button","properties":{"text":"Close"},"searchOpenDialogs":true,"interaction":{"idSuffix":"BDI-content"}},"wdio_ui5_key":"sapm.Button{\"text\":\"Close\"}"}]}
RESULT: {"script":"<script> [1562 bytes]","args":[{"selector":{"controlType":"sap.m.Button","properties":{"text":"Close"},"searchOpenDialogs":true,"interaction":{"idSuffix":"BDI-content"}},"wdio_ui5_key":"sapm.Button{\"text\":\"Close\"}"}]}
RESULT: undefined
COMMAND: POST /session/5780a996aa8c51000aed420822d33f83/element - {"using":"xpath","value":"//*[@id=\"__mbox-btn-0\"]"}
RESULT: {"using":"xpath","value":"//*[@id=\"__mbox-btn-0\"]"}
COMMAND: POST /session/5780a996aa8c51000aed420822d33f83/element/f.C12891CE133D59B6823BF6462A308BA2.d.CCCCD1C90AB86230DAD3339836012EE0.e.13807/click - {}
RESULT: {}
COMMAND: GET /session/5780a996aa8c51000aed420822d33f83/screenshot - {}
RESULT: {}
COMMAND: POST /session/5780a996aa8c51000aed420822d33f83/execute/async - {"script":"<script> [1562 bytes]","args":[{"selector":{"controlType":"sap.ui.core.Icon","viewName":"etm.portal.ui.manageresources.view.Detail","viewId":"application-manageresources-display-component---detailRU","properties":{"src":{"regex":{"source":"overflow"}}}},"wdio_ui5_key":"etmportal.ui.manageresources.view.Detailsap.ui.core.Icon{\"src\":{\"regex\":{\"source\":\"overflow\"}}}"}]}
RESULT: {"script":"<script> [1562 bytes]","args":[{"selector":{"controlType":"sap.ui.core.Icon","viewName":"etm.portal.ui.manageresources.view.Detail","viewId":"application-manageresources-display-component---detailRU","properties":{"src":{"regex":{"source":"overflow"}}}},"wdio_ui5_key":"etmportal.ui.manageresources.view.Detailsap.ui.core.Icon{\"src\":{\"regex\":{\"source\":\"overflow\"}}}"}]}
RESULT: undefined
COMMAND: POST /session/5780a996aa8c51000aed420822d33f83/element - {"using":"xpath","value":"//*[@id=\"__title36-_actionsToolbar-overflowButton-img\"]"}
RESULT: {"using":"xpath","value":"//*[@id=\"__title36-_actionsToolbar-overflowButton-img\"]"}
COMMAND: POST /session/5780a996aa8c51000aed420822d33f83/element/f.C12891CE133D59B6823BF6462A308BA2.d.CCCCD1C90AB86230DAD3339836012EE0.e.13845/click - {}
RESULT: {}
COMMAND: POST /session/5780a996aa8c51000aed420822d33f83/execute/async - {"script":"<script> [1562 bytes]","args":[{"selector":{"controlType":"sap.m.Button","viewName":"etm.portal.ui.manageresources.view.Detail","viewId":"application-manageresources-display-component---detailRU","i18NText":{"propertyName":"tooltip","key":"closeColumn"},"searchOpenDialogs":true,"interaction":{"idSuffix":"inner"}},"wdio_ui5_key":"etmportal.ui.manageresources.view.Detailsap.m.Button{\"propertyName\":\"tooltip\",\"key\":\"closeColumn\"}"}]}
COMMAND: GET /session/5780a996aa8c51000aed420822d33f83/screenshot - {}
RESULT: {}
RESULT: {"script":"<script> [1562 bytes]","args":[{"selector":{"controlType":"sap.m.Button","viewName":"etm.portal.ui.manageresources.view.Detail","viewId":"application-manageresources-display-component---detailRU","i18NText":{"propertyName":"tooltip","key":"closeColumn"},"searchOpenDialogs":true,"interaction":{"idSuffix":"inner"}},"wdio_ui5_key":"etmportal.ui.manageresources.view.Detailsap.m.Button{\"propertyName\":\"tooltip\",\"key\":\"closeColumn\"}"}]}
RESULT: undefined
COMMAND: POST /session/5780a996aa8c51000aed420822d33f83/element - {"using":"xpath","value":"//*[@id=\"__button147\"]"}
RESULT: {"using":"xpath","value":"//*[@id=\"__button147\"]"}
COMMAND: POST /session/5780a996aa8c51000aed420822d33f83/element/f.C12891CE133D59B6823BF6462A308BA2.d.CCCCD1C90AB86230DAD3339836012EE0.e.13847/click - {}
RESULT: {}
COMMAND: GET /session/5780a996aa8c51000aed420822d33f83/screenshot - {}
RESULT: {}
COMMAND: POST /session/5780a996aa8c51000aed420822d33f83/refresh - {}
RESULT: {}
COMMAND: GET /session/5780a996aa8c51000aed420822d33f83/screenshot - {}
RESULT: {}
COMMAND: POST /session/5780a996aa8c51000aed420822d33f83/execute/async - {"script":"<script> [189 bytes]","args":[]}
RESULT: {"script":"<script> [189 bytes]","args":[]}
COMMAND: POST /session/5780a996aa8c51000aed420822d33f83/execute/async - {"script":"<script> [123 bytes]","args":[]}
RESULT: {"script":"<script> [123 bytes]","args":[]}
COMMAND: POST /session/5780a996aa8c51000aed420822d33f83/timeouts - {"script":"<number>"}
RESULT: {"script":"<number>"}
COMMAND: GET /session/5780a996aa8c51000aed420822d33f83/timeouts - {}
RESULT: {}
RESULT: undefined
COMMAND: POST /session/5780a996aa8c51000aed420822d33f83/execute/async - {"script":"<script> [2676 bytes]","args":[]}
RESULT: {"script":"<script> [2676 bytes]","args":[]}
COMMAND: POST /session/5780a996aa8c51000aed420822d33f83/execute/async - {"script":"<script> [2342 bytes]","args":[{"protocol":"http","hostname":"0.0.0.0","path":"/","capabilities":{"browserName":"chrome","goog:chromeOptions":{"binary":"C:\\Program Files\\Google\\Chrome\\Application\\chrome.exe","args":["--start-maximized"]}},"logLevel":"warn","connectionRetryTimeout":120000,"connectionRetryCount":3,"logLevels":{},"enableDirectConnect":true,"strictSSL":true,"_":"65 more keys: [\"cacheDir\",\"port\",\"requestedCapabilities\",\"automationProtocol\",\"baseUrl\",\"waitforInterval\",\"waitforTimeout\",\"onReload\",\"beforeCommand\",\"afterCommand\",\"rootDir\",\"specs\",\"suites\",\"exclude\",\"groupLogsByTestSpec\",\"excludeDriverLogs\",\"bail\",\"framework\",\"reporters\",\"services\",\"maxInstances\",\"maxInstancesPerCapability\",\"injectGlobals\",\"filesToWatch\",\"execArgv\",\"runnerEnv\",\"runner\",\"shard\",\"specFileRetries\",\"specFileRetriesDelay\",\"specFileRetriesDeferred\",\"reporterSyncInterval\",\"reporterSyncTimeout\",\"cucumberFeaturesWithLineNumbers\",\"autoCompileOpts\",\"mochaOpts\",\"jasmineOpts\",\"cucumberOpts\",\"onPrepare\",\"onWorkerStart\",\"onWorkerEnd\",\"before\",\"beforeSession\",\"beforeSuite\",\"beforeHook\",\"beforeTest\",\"afterTest\",\"afterHook\",\"afterSuite\",\"afterSession\",\"after\",\"onComplete\",\"beforeAssertion\",\"afterAssertion\",\"beforeFeature\",\"beforeScenario\",\"beforeStep\",\"afterStep\",\"afterScenario\",\"afterFeature\",\"_\",\"suite\",\"$0\",\"ignoredWorkerServices\",\"wdi5\"]"}]}
RESULT: {"script":"<script> [2342 bytes]","args":[{"protocol":"http","hostname":"0.0.0.0","path":"/","capabilities":{"browserName":"chrome","goog:chromeOptions":{"binary":"C:\\Program Files\\Google\\Chrome\\Application\\chrome.exe","args":["--start-maximized"]}},"logLevel":"warn","connectionRetryTimeout":120000,"connectionRetryCount":3,"logLevels":{},"enableDirectConnect":true,"strictSSL":true,"_":"65 more keys: [\"cacheDir\",\"port\",\"requestedCapabilities\",\"automationProtocol\",\"baseUrl\",\"waitforInterval\",\"waitforTimeout\",\"onReload\",\"beforeCommand\",\"afterCommand\",\"rootDir\",\"specs\",\"suites\",\"exclude\",\"groupLogsByTestSpec\",\"excludeDriverLogs\",\"bail\",\"framework\",\"reporters\",\"services\",\"maxInstances\",\"maxInstancesPerCapability\",\"injectGlobals\",\"filesToWatch\",\"execArgv\",\"runnerEnv\",\"runner\",\"shard\",\"specFileRetries\",\"specFileRetriesDelay\",\"specFileRetriesDeferred\",\"reporterSyncInterval\",\"reporterSyncTimeout\",\"cucumberFeaturesWithLineNumbers\",\"autoCompileOpts\",\"mochaOpts\",\"jasmineOpts\",\"cucumberOpts\",\"onPrepare\",\"onWorkerStart\",\"onWorkerEnd\",\"before\",\"beforeSession\",\"beforeSuite\",\"beforeHook\",\"beforeTest\",\"afterTest\",\"afterHook\",\"afterSuite\",\"afterSession\",\"after\",\"onComplete\",\"beforeAssertion\",\"afterAssertion\",\"beforeFeature\",\"beforeScenario\",\"beforeStep\",\"afterStep\",\"afterScenario\",\"afterFeature\",\"_\",\"suite\",\"$0\",\"ignoredWorkerServices\",\"wdi5\"]"}]}
COMMAND: POST /session/5780a996aa8c51000aed420822d33f83/execute/async - {"script":"<script> [21126 bytes]","args":[35000]}
RESULT: {"script":"<script> [21126 bytes]","args":[35000]}
COMMAND: POST /session/5780a996aa8c51000aed420822d33f83/element - {"using":"css selector","value":"#shell-header-logo"}
RESULT: {"using":"css selector","value":"#shell-header-logo"}
COMMAND: POST /session/5780a996aa8c51000aed420822d33f83/element/f.C12891CE133D59B6823BF6462A308BA2.d.9E27082DB67961992126982B36EBACC8.e.13939/click - {}
RESULT: {}
COMMAND: GET /session/5780a996aa8c51000aed420822d33f83/screenshot - {}
RESULT: {}
COMMAND: POST /session/5780a996aa8c51000aed420822d33f83/execute/async - {"script":"<script> [1562 bytes]","args":[{"selector":{"controlType":"sap.m.Text","viewName":"etm.portal.ui.managehandoverstile.view.Master","properties":{"text":"Manage Handovers"},"interaction":{"idSuffix":"inner"}},"wdio_ui5_key":"etmportal.ui.managehandoverstile.view.Mastersap.m.Text{\"text\":\"Manage Handovers\"}"}]}
RESULT: {"script":"<script> [1562 bytes]","args":[{"selector":{"controlType":"sap.m.Text","viewName":"etm.portal.ui.managehandoverstile.view.Master","properties":{"text":"Manage Handovers"},"interaction":{"idSuffix":"inner"}},"wdio_ui5_key":"etmportal.ui.managehandoverstile.view.Mastersap.m.Text{\"text\":\"Manage Handovers\"}"}]}
RESULT: undefined
COMMAND: POST /session/5780a996aa8c51000aed420822d33f83/element - {"using":"xpath","value":"//*[@id=\"__tile131-title\"]"}
RESULT: {"using":"xpath","value":"//*[@id=\"__tile131-title\"]"}
COMMAND: POST /session/5780a996aa8c51000aed420822d33f83/element/f.C12891CE133D59B6823BF6462A308BA2.d.9E27082DB67961992126982B36EBACC8.e.14128/click - {}
RESULT: {}
COMMAND: GET /session/5780a996aa8c51000aed420822d33f83/screenshot - {}
RESULT: {}
COMMAND: POST /session/5780a996aa8c51000aed420822d33f83/element - {"using":"xpath","value":"//button[@data-kt=\"masterHOAddButton\"]"}
RESULT: {"using":"xpath","value":"//button[@data-kt=\"masterHOAddButton\"]"}
COMMAND: POST /session/5780a996aa8c51000aed420822d33f83/execute/sync - {"script":"<script> [8489 bytes]","args":[{"element-6066-11e4-a52e-4f735466cecf":"f.C12891CE133D59B6823BF6462A308BA2.d.9E27082DB67961992126982B36EBACC8.e.14170","ELEMENT":"f.C12891CE133D59B6823BF6462A308BA2.d.9E27082DB67961992126982B36EBACC8.e.14170"}]}
RESULT: {"script":"<script> [8489 bytes]","args":[{"element-6066-11e4-a52e-4f735466cecf":"f.C12891CE133D59B6823BF6462A308BA2.d.9E27082DB67961992126982B36EBACC8.e.14170","ELEMENT":"f.C12891CE133D59B6823BF6462A308BA2.d.9E27082DB67961992126982B36EBACC8.e.14170"}]}
COMMAND: POST /session/5780a996aa8c51000aed420822d33f83/element/f.C12891CE133D59B6823BF6462A308BA2.d.9E27082DB67961992126982B36EBACC8.e.14170/click - {}
COMMAND: GET /session/5780a996aa8c51000aed420822d33f83/screenshot - {}
RESULT: {}
COMMAND: GET /session/5780a996aa8c51000aed420822d33f83/screenshot - {}
COMMAND: POST /session/5780a996aa8c51000aed420822d33f83/element - {"using":"xpath","value":"//span[contains(@id ,\"AddNewHO--typeSelect-arrow\")]"}
RESULT: {}
RESULT: {}
RESULT: {"using":"xpath","value":"//span[contains(@id ,\"AddNewHO--typeSelect-arrow\")]"}
COMMAND: POST /session/5780a996aa8c51000aed420822d33f83/element/f.C12891CE133D59B6823BF6462A308BA2.d.9E27082DB67961992126982B36EBACC8.e.14481/click - {}
RESULT: {}
COMMAND: GET /session/5780a996aa8c51000aed420822d33f83/screenshot - {}
RESULT: {}
COMMAND: POST /session/5780a996aa8c51000aed420822d33f83/element - {"using":"xpath","value":"(//li[contains(text(), \"stock increase yard\")])[1]"}
RESULT: {"using":"xpath","value":"(//li[contains(text(), \"stock increase yard\")])[1]"}
COMMAND: POST /session/5780a996aa8c51000aed420822d33f83/element/f.C12891CE133D59B6823BF6462A308BA2.d.9E27082DB67961992126982B36EBACC8.e.14482/click - {}
RESULT: {}
COMMAND: GET /session/5780a996aa8c51000aed420822d33f83/screenshot - {}
RESULT: {}
COMMAND: POST /session/5780a996aa8c51000aed420822d33f83/execute/async - {"script":"<script> [1562 bytes]","args":[{"selector":{"id":"application-managehandovers-display-component---AddNewHO--dueDate","interaction":{"idSuffix":"inner"}},"wdio_ui5_key":"applicationmanagehandovers-display-component---AddNewHO--dueDate"}]}
RESULT: {"script":"<script> [1562 bytes]","args":[{"selector":{"id":"application-managehandovers-display-component---AddNewHO--dueDate","interaction":{"idSuffix":"inner"}},"wdio_ui5_key":"applicationmanagehandovers-display-component---AddNewHO--dueDate"}]}
RESULT: undefined
COMMAND: POST /session/5780a996aa8c51000aed420822d33f83/execute/async - {"script":"<script> [6424 bytes]","args":[{"element-6066-11e4-a52e-4f735466cecf":"f.C12891CE133D59B6823BF6462A308BA2.d.9E27082DB67961992126982B36EBACC8.e.14484"},"setValue",["04/30/2025"]]}
RESULT: {"script":"<script> [6424 bytes]","args":[{"element-6066-11e4-a52e-4f735466cecf":"f.C12891CE133D59B6823BF6462A308BA2.d.9E27082DB67961992126982B36EBACC8.e.14484"},"setValue",["04/30/2025"]]}
COMMAND: POST /session/5780a996aa8c51000aed420822d33f83/element - {"using":"xpath","value":"//input[@id=\"generalSectionFrg--receiveYard-inner\"]"}
RESULT: {"using":"xpath","value":"//input[@id=\"generalSectionFrg--receiveYard-inner\"]"}
COMMAND: POST /session/5780a996aa8c51000aed420822d33f83/element/f.C12891CE133D59B6823BF6462A308BA2.d.9E27082DB67961992126982B36EBACC8.e.14490/clear - {}
RESULT: {}
COMMAND: POST /session/5780a996aa8c51000aed420822d33f83/element/f.C12891CE133D59B6823BF6462A308BA2.d.9E27082DB67961992126982B36EBACC8.e.14490/value - {"text":"WebdriverYardyjpea"}
COMMAND: GET /session/5780a996aa8c51000aed420822d33f83/screenshot - {}
RESULT: {"text":"WebdriverYardyjpea"}
COMMAND: GET /session/5780a996aa8c51000aed420822d33f83/screenshot - {}
RESULT: {}
RESULT: {}
COMMAND: POST /session/5780a996aa8c51000aed420822d33f83/execute/async - {"script":"<script> [1562 bytes]","args":[{"selector":{"id":"application-managehandovers-display-component---AddNewHO--ObjectPageLayout-anchBar-application-managehandovers-display-component---AddNewHO--section4-anchor","interaction":{"idSuffix":"BDI-content"}},"wdio_ui5_key":"applicationmanagehandovers-display-component---AddNewHO--ObjectPageLayout-anchBar-application-managehandovers-display-component---AddNewHO--section4-anchor"}]}
RESULT: {"script":"<script> [1562 bytes]","args":[{"selector":{"id":"application-managehandovers-display-component---AddNewHO--ObjectPageLayout-anchBar-application-managehandovers-display-component---AddNewHO--section4-anchor","interaction":{"idSuffix":"BDI-content"}},"wdio_ui5_key":"applicationmanagehandovers-display-component---AddNewHO--ObjectPageLayout-anchBar-application-managehandovers-display-component---AddNewHO--section4-anchor"}]}
RESULT: undefined
COMMAND: POST /session/5780a996aa8c51000aed420822d33f83/element - {"using":"xpath","value":"//*[@id=\"application-managehandovers-display-component---AddNewHO--ObjectPageLayout-anchBar-application-managehandovers-display-component---AddNewHO--section4-anchor\"]"}
RESULT: {"using":"xpath","value":"//*[@id=\"application-managehandovers-display-component---AddNewHO--ObjectPageLayout-anchBar-application-managehandovers-display-component---AddNewHO--section4-anchor\"]"}
COMMAND: POST /session/5780a996aa8c51000aed420822d33f83/element/f.C12891CE133D59B6823BF6462A308BA2.d.9E27082DB67961992126982B36EBACC8.e.14510/click - {}
RESULT: {}
COMMAND: GET /session/5780a996aa8c51000aed420822d33f83/screenshot - {}
RESULT: {}
COMMAND: POST /session/5780a996aa8c51000aed420822d33f83/element - {"using":"xpath","value":"//button[@aria-label=\"Add\"]"}
RESULT: {"using":"xpath","value":"//button[@aria-label=\"Add\"]"}
COMMAND: POST /session/5780a996aa8c51000aed420822d33f83/element/f.C12891CE133D59B6823BF6462A308BA2.d.9E27082DB67961992126982B36EBACC8.e.14514/click - {}
RESULT: {}
COMMAND: GET /session/5780a996aa8c51000aed420822d33f83/screenshot - {}
RESULT: {}
COMMAND: POST /session/5780a996aa8c51000aed420822d33f83/execute/async - {"script":"<script> [1562 bytes]","args":[{"selector":{"id":"application-managehandovers-display-component---AddNewHO--smartFilterBar-btnBasicSearch","searchOpenDialogs":true,"interaction":{"idSuffix":"I"}},"wdio_ui5_key":"applicationmanagehandovers-display-component---AddNewHO--smartFilterBar-btnBasicSearch"}]}
RESULT: {"script":"<script> [1562 bytes]","args":[{"selector":{"id":"application-managehandovers-display-component---AddNewHO--smartFilterBar-btnBasicSearch","searchOpenDialogs":true,"interaction":{"idSuffix":"I"}},"wdio_ui5_key":"applicationmanagehandovers-display-component---AddNewHO--smartFilterBar-btnBasicSearch"}]}
RESULT: undefined
COMMAND: POST /session/5780a996aa8c51000aed420822d33f83/execute/async - {"script":"<script> [776 bytes]","args":[{"enterText":"WebdriverRUR2C3ko4uf","selector":{"id":"application-managehandovers-display-component---AddNewHO--smartFilterBar-btnBasicSearch","searchOpenDialogs":true,"interaction":{"idSuffix":"I"}},"clearTextFirst":true,"interactionType":"ENTER_TEXT"}]}
RESULT: {"script":"<script> [776 bytes]","args":[{"enterText":"WebdriverRUR2C3ko4uf","selector":{"id":"application-managehandovers-display-component---AddNewHO--smartFilterBar-btnBasicSearch","searchOpenDialogs":true,"interaction":{"idSuffix":"I"}},"clearTextFirst":true,"interactionType":"ENTER_TEXT"}]}
COMMAND: POST /session/5780a996aa8c51000aed420822d33f83/actions - {"actions":[{"id":"action71","type":"key","parameters":{},"actions":[{"type":"keyDown","value":"î€‡"},{"type":"pause","duration":10},{"type":"keyUp","value":"î€‡"}]}]}
RESULT: {"actions":[{"id":"action71","type":"key","parameters":{},"actions":[{"type":"keyDown","value":"î€‡"},{"type":"pause","duration":10},{"type":"keyUp","value":"î€‡"}]}]}
COMMAND: POST /session/5780a996aa8c51000aed420822d33f83/execute/async - {"script":"<script> [1562 bytes]","args":[{"selector":{"id":"application-managehandovers-display-component---AddNewHO--popup-sa","searchOpenDialogs":true,"interaction":{"idSuffix":"CbBg"}},"wdio_ui5_key":"applicationmanagehandovers-display-component---AddNewHO--popup-sa"}]}
COMMAND: GET /session/5780a996aa8c51000aed420822d33f83/screenshot - {}
RESULT: {"script":"<script> [1562 bytes]","args":[{"selector":{"id":"application-managehandovers-display-component---AddNewHO--popup-sa","searchOpenDialogs":true,"interaction":{"idSuffix":"CbBg"}},"wdio_ui5_key":"applicationmanagehandovers-display-component---AddNewHO--popup-sa"}]}
RESULT: undefined
COMMAND: POST /session/5780a996aa8c51000aed420822d33f83/element - {"using":"xpath","value":"//*[@id=\"application-managehandovers-display-component---AddNewHO--popup-sa\"]"}
RESULT: {}
RESULT: {"using":"xpath","value":"//*[@id=\"application-managehandovers-display-component---AddNewHO--popup-sa\"]"}
COMMAND: POST /session/5780a996aa8c51000aed420822d33f83/element/f.C12891CE133D59B6823BF6462A308BA2.d.9E27082DB67961992126982B36EBACC8.e.14667/click - {}
RESULT: {}
COMMAND: GET /session/5780a996aa8c51000aed420822d33f83/screenshot - {}
RESULT: {}
COMMAND: POST /session/5780a996aa8c51000aed420822d33f83/element - {"using":"xpath","value":"//bdi[contains(text(), \"Select\")]"}
RESULT: {"using":"xpath","value":"//bdi[contains(text(), \"Select\")]"}
COMMAND: POST /session/5780a996aa8c51000aed420822d33f83/element/f.C12891CE133D59B6823BF6462A308BA2.d.9E27082DB67961992126982B36EBACC8.e.14668/click - {}
RESULT: {}
COMMAND: GET /session/5780a996aa8c51000aed420822d33f83/screenshot - {}
RESULT: {}
COMMAND: POST /session/5780a996aa8c51000aed420822d33f83/execute/async - {"script":"<script> [1562 bytes]","args":[{"selector":{"controlType":"sap.m.Input","viewName":"etm.portal.ui.managehandovers.view.AddNewHO","viewId":"application-managehandovers-display-component---AddNewHO","bindingPath":{"path":"/items/0","propertyPath":"TYPE","modelName":"hoItemsModel"},"interaction":{"idSuffix":"inner"}},"wdio_ui5_key":"etmportal.ui.managehandovers.view.AddNewHOsap.m.Input{\"path\":\"/items/0\",\"propertyPath\":\"TYPE\",\"modelName\":\"hoItemsModel\"}"}]}
RESULT: {"script":"<script> [1562 bytes]","args":[{"selector":{"controlType":"sap.m.Input","viewName":"etm.portal.ui.managehandovers.view.AddNewHO","viewId":"application-managehandovers-display-component---AddNewHO","bindingPath":{"path":"/items/0","propertyPath":"TYPE","modelName":"hoItemsModel"},"interaction":{"idSuffix":"inner"}},"wdio_ui5_key":"etmportal.ui.managehandovers.view.AddNewHOsap.m.Input{\"path\":\"/items/0\",\"propertyPath\":\"TYPE\",\"modelName\":\"hoItemsModel\"}"}]}
RESULT: undefined
COMMAND: POST /session/5780a996aa8c51000aed420822d33f83/execute/async - {"script":"<script> [776 bytes]","args":[{"enterText":"100","selector":{"controlType":"sap.m.Input","viewName":"etm.portal.ui.managehandovers.view.AddNewHO","viewId":"application-managehandovers-display-component---AddNewHO","bindingPath":{"path":"/items/0","propertyPath":"TYPE","modelName":"hoItemsModel"},"interaction":{"idSuffix":"inner"}},"clearTextFirst":true,"interactionType":"ENTER_TEXT"}]}
RESULT: {"script":"<script> [776 bytes]","args":[{"enterText":"100","selector":{"controlType":"sap.m.Input","viewName":"etm.portal.ui.managehandovers.view.AddNewHO","viewId":"application-managehandovers-display-component---AddNewHO","bindingPath":{"path":"/items/0","propertyPath":"TYPE","modelName":"hoItemsModel"},"interaction":{"idSuffix":"inner"}},"clearTextFirst":true,"interactionType":"ENTER_TEXT"}]}
COMMAND: POST /session/5780a996aa8c51000aed420822d33f83/element - {"using":"xpath","value":"//button[@data-kt=\"AddNewHOSaveButton\"]"}
RESULT: {"using":"xpath","value":"//button[@data-kt=\"AddNewHOSaveButton\"]"}
COMMAND: POST /session/5780a996aa8c51000aed420822d33f83/element/f.C12891CE133D59B6823BF6462A308BA2.d.9E27082DB67961992126982B36EBACC8.e.14673/click - {}
RESULT: {}
COMMAND: GET /session/5780a996aa8c51000aed420822d33f83/screenshot - {}
RESULT: {}
COMMAND: POST /session/5780a996aa8c51000aed420822d33f83/execute/async - {"script":"<script> [1562 bytes]","args":[{"selector":{"id":"receiptDatePicker","viewName":"etm.portal.ui.managehandovers.view.DetailExecuteHO","interaction":{"idSuffix":"inner"}},"wdio_ui5_key":"receiptDatePickeretmportal.ui.managehandovers.view.DetailExecuteHO"}]}
RESULT: {"script":"<script> [1562 bytes]","args":[{"selector":{"id":"receiptDatePicker","viewName":"etm.portal.ui.managehandovers.view.DetailExecuteHO","interaction":{"idSuffix":"inner"}},"wdio_ui5_key":"receiptDatePickeretmportal.ui.managehandovers.view.DetailExecuteHO"}]}
RESULT: undefined
COMMAND: POST /session/5780a996aa8c51000aed420822d33f83/execute/async - {"script":"<script> [6424 bytes]","args":[{"element-6066-11e4-a52e-4f735466cecf":"f.C12891CE133D59B6823BF6462A308BA2.d.9E27082DB67961992126982B36EBACC8.e.14700"},"setValue",["04/30/2025"]]}
RESULT: {"script":"<script> [6424 bytes]","args":[{"element-6066-11e4-a52e-4f735466cecf":"f.C12891CE133D59B6823BF6462A308BA2.d.9E27082DB67961992126982B36EBACC8.e.14700"},"setValue",["04/30/2025"]]}
COMMAND: POST /session/5780a996aa8c51000aed420822d33f83/element - {"using":"xpath","value":"//button[@data-kt=\"PickingTableConfirmAllButton\"]"}
RESULT: {"using":"xpath","value":"//button[@data-kt=\"PickingTableConfirmAllButton\"]"}
COMMAND: POST /session/5780a996aa8c51000aed420822d33f83/element/f.C12891CE133D59B6823BF6462A308BA2.d.9E27082DB67961992126982B36EBACC8.e.14715/click - {}
RESULT: {}
COMMAND: GET /session/5780a996aa8c51000aed420822d33f83/screenshot - {}
RESULT: {}
COMMAND: POST /session/5780a996aa8c51000aed420822d33f83/element - {"using":"xpath","value":"//bdi[contains(text(), \"OK\")]"}
RESULT: {"using":"xpath","value":"//bdi[contains(text(), \"OK\")]"}
COMMAND: POST /session/5780a996aa8c51000aed420822d33f83/element/f.C12891CE133D59B6823BF6462A308BA2.d.9E27082DB67961992126982B36EBACC8.e.14717/click - {}
RESULT: {}
COMMAND: GET /session/5780a996aa8c51000aed420822d33f83/screenshot - {}
RESULT: {}
COMMAND: POST /session/5780a996aa8c51000aed420822d33f83/element - {"using":"xpath","value":"(//bdi[contains(text(), \"Receive\")])[2]"}
RESULT: {"using":"xpath","value":"(//bdi[contains(text(), \"Receive\")])[2]"}
COMMAND: POST /session/5780a996aa8c51000aed420822d33f83/element/f.C12891CE133D59B6823BF6462A308BA2.d.9E27082DB67961992126982B36EBACC8.e.14719/click - {}
RESULT: {}
COMMAND: GET /session/5780a996aa8c51000aed420822d33f83/screenshot - {}
RESULT: {}
COMMAND: POST /session/5780a996aa8c51000aed420822d33f83/element - {"using":"css selector","value":"#shell-header-logo"}
RESULT: {"using":"css selector","value":"#shell-header-logo"}
COMMAND: POST /session/5780a996aa8c51000aed420822d33f83/element/f.C12891CE133D59B6823BF6462A308BA2.d.9E27082DB67961992126982B36EBACC8.e.14131/click - {}
RESULT: {}
]]></system-out>
    </testcase>
    <testcase classname="chrome.135_0_7049_96.windows.E2E_-_Logistical_and_commercial_statuses" name="Should add a pricing rule and a condition to the RU" time="85.06">
      <system-out><![CDATA[
COMMAND: POST /session/5780a996aa8c51000aed420822d33f83/execute/async - {"script":"<script> [1562 bytes]","args":[{"selector":{"controlType":"sap.m.GenericTile","properties":{"header":"Manage Pricing Rules"}},"wdio_ui5_key":"sapm.GenericTile{\"header\":\"Manage Pricing Rules\"}"}]}
COMMAND: GET /session/5780a996aa8c51000aed420822d33f83/screenshot - {}
RESULT: {"script":"<script> [1562 bytes]","args":[{"selector":{"controlType":"sap.m.GenericTile","properties":{"header":"Manage Pricing Rules"}},"wdio_ui5_key":"sapm.GenericTile{\"header\":\"Manage Pricing Rules\"}"}]}
RESULT: undefined
COMMAND: POST /session/5780a996aa8c51000aed420822d33f83/element - {"using":"xpath","value":"//*[@id=\"__tile55\"]"}
RESULT: {}
RESULT: {"using":"xpath","value":"//*[@id=\"__tile55\"]"}
COMMAND: POST /session/5780a996aa8c51000aed420822d33f83/element/f.C12891CE133D59B6823BF6462A308BA2.d.9E27082DB67961992126982B36EBACC8.e.14989/click - {}
RESULT: {}
COMMAND: GET /session/5780a996aa8c51000aed420822d33f83/screenshot - {}
RESULT: {}
COMMAND: POST /session/5780a996aa8c51000aed420822d33f83/execute/async - {"script":"<script> [1562 bytes]","args":[{"selector":{"controlType":"sap.ui.core.Icon","viewName":"etm.portal.ui.managepricingrules.view.MasterHeader","viewId":"application-managepricingrules-display-component---priceInfoHeader","properties":{"src":{"regex":{"source":"activity\\-items"}}}},"wdio_ui5_key":"etmportal.ui.managepricingrules.view.MasterHeadersap.ui.core.Icon{\"src\":{\"regex\":{\"source\":\"activity\\\\-items\"}}}"}]}
RESULT: {"script":"<script> [1562 bytes]","args":[{"selector":{"controlType":"sap.ui.core.Icon","viewName":"etm.portal.ui.managepricingrules.view.MasterHeader","viewId":"application-managepricingrules-display-component---priceInfoHeader","properties":{"src":{"regex":{"source":"activity\\-items"}}}},"wdio_ui5_key":"etmportal.ui.managepricingrules.view.MasterHeadersap.ui.core.Icon{\"src\":{\"regex\":{\"source\":\"activity\\\\-items\"}}}"}]}
RESULT: undefined
COMMAND: POST /session/5780a996aa8c51000aed420822d33f83/element - {"using":"xpath","value":"//*[@id=\"__filter22-icon\"]"}
RESULT: {"using":"xpath","value":"//*[@id=\"__filter22-icon\"]"}
COMMAND: POST /session/5780a996aa8c51000aed420822d33f83/element/f.C12891CE133D59B6823BF6462A308BA2.d.9E27082DB67961992126982B36EBACC8.e.15038/click - {}
RESULT: {}
COMMAND: GET /session/5780a996aa8c51000aed420822d33f83/screenshot - {}
RESULT: {}
COMMAND: POST /session/5780a996aa8c51000aed420822d33f83/execute/async - {"script":"<script> [1562 bytes]","args":[{"selector":{"controlType":"sap.ui.core.Icon","viewName":"etm.portal.ui.managepricingrules.view.MasterItem","viewId":"application-managepricingrules-display-component---priceInfoItem","properties":{"src":{"regex":{"source":"add"}}}},"wdio_ui5_key":"etmportal.ui.managepricingrules.view.MasterItemsap.ui.core.Icon{\"src\":{\"regex\":{\"source\":\"add\"}}}"}]}
RESULT: {"script":"<script> [1562 bytes]","args":[{"selector":{"controlType":"sap.ui.core.Icon","viewName":"etm.portal.ui.managepricingrules.view.MasterItem","viewId":"application-managepricingrules-display-component---priceInfoItem","properties":{"src":{"regex":{"source":"add"}}}},"wdio_ui5_key":"etmportal.ui.managepricingrules.view.MasterItemsap.ui.core.Icon{\"src\":{\"regex\":{\"source\":\"add\"}}}"}]}
RESULT: undefined
COMMAND: POST /session/5780a996aa8c51000aed420822d33f83/element - {"using":"xpath","value":"//*[@id=\"__button76-img\"]"}
RESULT: {"using":"xpath","value":"//*[@id=\"__button76-img\"]"}
COMMAND: POST /session/5780a996aa8c51000aed420822d33f83/element/f.C12891CE133D59B6823BF6462A308BA2.d.9E27082DB67961992126982B36EBACC8.e.15085/click - {}
RESULT: {}
COMMAND: GET /session/5780a996aa8c51000aed420822d33f83/screenshot - {}
RESULT: {}
COMMAND: POST /session/5780a996aa8c51000aed420822d33f83/element - {"using":"xpath","value":"//input[@id=\"application-managepricingrules-display-component---newInfoPriceItem--condRU-inner\"]"}
RESULT: {"using":"xpath","value":"//input[@id=\"application-managepricingrules-display-component---newInfoPriceItem--condRU-inner\"]"}
COMMAND: POST /session/5780a996aa8c51000aed420822d33f83/element/f.C12891CE133D59B6823BF6462A308BA2.d.9E27082DB67961992126982B36EBACC8.e.15296/clear - {}
RESULT: {}
COMMAND: POST /session/5780a996aa8c51000aed420822d33f83/element/f.C12891CE133D59B6823BF6462A308BA2.d.9E27082DB67961992126982B36EBACC8.e.15296/value - {"text":"WebdriverRUR2C3ko4uf"}
COMMAND: GET /session/5780a996aa8c51000aed420822d33f83/screenshot - {}
RESULT: {"text":"WebdriverRUR2C3ko4uf"}
COMMAND: POST /session/5780a996aa8c51000aed420822d33f83/execute/async - {"script":"<script> [1562 bytes]","args":[{"selector":{"id":"application-managepricingrules-display-component---newInfoPriceItem--condValidTo","interaction":{"idSuffix":"inner"}},"wdio_ui5_key":"applicationmanagepricingrules-display-component---newInfoPriceItem--condValidTo"}]}
COMMAND: GET /session/5780a996aa8c51000aed420822d33f83/screenshot - {}
RESULT: {}
RESULT: {"script":"<script> [1562 bytes]","args":[{"selector":{"id":"application-managepricingrules-display-component---newInfoPriceItem--condValidTo","interaction":{"idSuffix":"inner"}},"wdio_ui5_key":"applicationmanagepricingrules-display-component---newInfoPriceItem--condValidTo"}]}
RESULT: undefined
COMMAND: POST /session/5780a996aa8c51000aed420822d33f83/execute/async - {"script":"<script> [776 bytes]","args":[{"enterText":"5/18/33","selector":{"id":"application-managepricingrules-display-component---newInfoPriceItem--condValidTo","interaction":{"idSuffix":"inner"}},"clearTextFirst":true,"interactionType":"ENTER_TEXT"}]}
RESULT: {}
RESULT: {"script":"<script> [776 bytes]","args":[{"enterText":"5/18/33","selector":{"id":"application-managepricingrules-display-component---newInfoPriceItem--condValidTo","interaction":{"idSuffix":"inner"}},"clearTextFirst":true,"interactionType":"ENTER_TEXT"}]}
COMMAND: POST /session/5780a996aa8c51000aed420822d33f83/execute/async - {"script":"<script> [1562 bytes]","args":[{"selector":{"id":"application-managepricingrules-display-component---newInfoPriceItem--billType-arrow"},"wdio_ui5_key":"applicationmanagepricingrules-display-component---newInfoPriceItem--billType-arrow"}]}
RESULT: {"script":"<script> [1562 bytes]","args":[{"selector":{"id":"application-managepricingrules-display-component---newInfoPriceItem--billType-arrow"},"wdio_ui5_key":"applicationmanagepricingrules-display-component---newInfoPriceItem--billType-arrow"}]}
RESULT: undefined
COMMAND: POST /session/5780a996aa8c51000aed420822d33f83/element - {"using":"xpath","value":"//*[@id=\"application-managepricingrules-display-component---newInfoPriceItem--billType-arrow\"]"}
RESULT: {"using":"xpath","value":"//*[@id=\"application-managepricingrules-display-component---newInfoPriceItem--billType-arrow\"]"}
COMMAND: POST /session/5780a996aa8c51000aed420822d33f83/element/f.C12891CE133D59B6823BF6462A308BA2.d.9E27082DB67961992126982B36EBACC8.e.15383/click - {}
RESULT: {}
COMMAND: POST /session/5780a996aa8c51000aed420822d33f83/element - {"using":"xpath","value":"//span[contains(text(), \"TB - Time based\")]"}
COMMAND: GET /session/5780a996aa8c51000aed420822d33f83/screenshot - {}
RESULT: {"using":"xpath","value":"//span[contains(text(), \"TB - Time based\")]"}
COMMAND: POST /session/5780a996aa8c51000aed420822d33f83/element/f.C12891CE133D59B6823BF6462A308BA2.d.9E27082DB67961992126982B36EBACC8.e.15435/click - {}
RESULT: {}
RESULT: {}
COMMAND: POST /session/5780a996aa8c51000aed420822d33f83/execute/async - {"script":"<script> [1562 bytes]","args":[{"selector":{"id":"application-managepricingrules-display-component---newInfoPriceItem--priceProc-arrow"},"wdio_ui5_key":"applicationmanagepricingrules-display-component---newInfoPriceItem--priceProc-arrow"}]}
COMMAND: GET /session/5780a996aa8c51000aed420822d33f83/screenshot - {}
RESULT: {"script":"<script> [1562 bytes]","args":[{"selector":{"id":"application-managepricingrules-display-component---newInfoPriceItem--priceProc-arrow"},"wdio_ui5_key":"applicationmanagepricingrules-display-component---newInfoPriceItem--priceProc-arrow"}]}
RESULT: undefined
COMMAND: POST /session/5780a996aa8c51000aed420822d33f83/element - {"using":"xpath","value":"//*[@id=\"application-managepricingrules-display-component---newInfoPriceItem--priceProc-arrow\"]"}
RESULT: {}
RESULT: {"using":"xpath","value":"//*[@id=\"application-managepricingrules-display-component---newInfoPriceItem--priceProc-arrow\"]"}
COMMAND: POST /session/5780a996aa8c51000aed420822d33f83/element/f.C12891CE133D59B6823BF6462A308BA2.d.9E27082DB67961992126982B36EBACC8.e.15390/click - {}
RESULT: {}
COMMAND: POST /session/5780a996aa8c51000aed420822d33f83/element - {"using":"xpath","value":"//span[contains(text(), \"TBS - Time based standard\")]"}
COMMAND: GET /session/5780a996aa8c51000aed420822d33f83/screenshot - {}
RESULT: {"using":"xpath","value":"//span[contains(text(), \"TBS - Time based standard\")]"}
COMMAND: POST /session/5780a996aa8c51000aed420822d33f83/element/f.C12891CE133D59B6823BF6462A308BA2.d.9E27082DB67961992126982B36EBACC8.e.15436/click - {}
RESULT: {}
RESULT: {}
COMMAND: POST /session/5780a996aa8c51000aed420822d33f83/execute/async - {"script":"<script> [1562 bytes]","args":[{"selector":{"id":"application-managepricingrules-display-component---newInfoPriceItem--calcBase-arrow"},"wdio_ui5_key":"applicationmanagepricingrules-display-component---newInfoPriceItem--calcBase-arrow"}]}
COMMAND: GET /session/5780a996aa8c51000aed420822d33f83/screenshot - {}
RESULT: {"script":"<script> [1562 bytes]","args":[{"selector":{"id":"application-managepricingrules-display-component---newInfoPriceItem--calcBase-arrow"},"wdio_ui5_key":"applicationmanagepricingrules-display-component---newInfoPriceItem--calcBase-arrow"}]}
RESULT: undefined
COMMAND: POST /session/5780a996aa8c51000aed420822d33f83/element - {"using":"xpath","value":"//*[@id=\"application-managepricingrules-display-component---newInfoPriceItem--calcBase-arrow\"]"}
RESULT: {}
RESULT: {"using":"xpath","value":"//*[@id=\"application-managepricingrules-display-component---newInfoPriceItem--calcBase-arrow\"]"}
COMMAND: POST /session/5780a996aa8c51000aed420822d33f83/element/f.C12891CE133D59B6823BF6462A308BA2.d.9E27082DB67961992126982B36EBACC8.e.15397/click - {}
RESULT: {}
COMMAND: GET /session/5780a996aa8c51000aed420822d33f83/screenshot - {}
RESULT: {}
COMMAND: POST /session/5780a996aa8c51000aed420822d33f83/element - {"using":"xpath","value":"//span[contains(text(), \"0006 - TB(calendar days)\")]"}
RESULT: {"using":"xpath","value":"//span[contains(text(), \"0006 - TB(calendar days)\")]"}
COMMAND: POST /session/5780a996aa8c51000aed420822d33f83/element/f.C12891CE133D59B6823BF6462A308BA2.d.9E27082DB67961992126982B36EBACC8.e.15437/click - {}
RESULT: {}
COMMAND: POST /session/5780a996aa8c51000aed420822d33f83/execute/async - {"script":"<script> [1562 bytes]","args":[{"selector":{"id":"application-managepricingrules-display-component---newInfoPriceItem--daysMonth","interaction":{"idSuffix":"inner"}},"wdio_ui5_key":"applicationmanagepricingrules-display-component---newInfoPriceItem--daysMonth"}]}
COMMAND: GET /session/5780a996aa8c51000aed420822d33f83/screenshot - {}
RESULT: {"script":"<script> [1562 bytes]","args":[{"selector":{"id":"application-managepricingrules-display-component---newInfoPriceItem--daysMonth","interaction":{"idSuffix":"inner"}},"wdio_ui5_key":"applicationmanagepricingrules-display-component---newInfoPriceItem--daysMonth"}]}
RESULT: undefined
COMMAND: POST /session/5780a996aa8c51000aed420822d33f83/execute/async - {"script":"<script> [776 bytes]","args":[{"enterText":"30","selector":{"id":"application-managepricingrules-display-component---newInfoPriceItem--daysMonth","interaction":{"idSuffix":"inner"}},"clearTextFirst":true,"interactionType":"ENTER_TEXT"}]}
RESULT: {}
RESULT: {"script":"<script> [776 bytes]","args":[{"enterText":"30","selector":{"id":"application-managepricingrules-display-component---newInfoPriceItem--daysMonth","interaction":{"idSuffix":"inner"}},"clearTextFirst":true,"interactionType":"ENTER_TEXT"}]}
COMMAND: POST /session/5780a996aa8c51000aed420822d33f83/element - {"using":"xpath","value":"//button[@data-kt=\"saveNewRuleButton\"]"}
RESULT: {"using":"xpath","value":"//button[@data-kt=\"saveNewRuleButton\"]"}
COMMAND: POST /session/5780a996aa8c51000aed420822d33f83/element/f.C12891CE133D59B6823BF6462A308BA2.d.9E27082DB67961992126982B36EBACC8.e.15418/click - {}
RESULT: {}
COMMAND: GET /session/5780a996aa8c51000aed420822d33f83/screenshot - {}
RESULT: {}
COMMAND: POST /session/5780a996aa8c51000aed420822d33f83/element - {"using":"css selector","value":"#shell-header-logo"}
RESULT: {"using":"css selector","value":"#shell-header-logo"}
COMMAND: POST /session/5780a996aa8c51000aed420822d33f83/element/f.C12891CE133D59B6823BF6462A308BA2.d.9E27082DB67961992126982B36EBACC8.e.14992/click - {}
RESULT: {}
COMMAND: GET /session/5780a996aa8c51000aed420822d33f83/screenshot - {}
RESULT: {}
COMMAND: POST /session/5780a996aa8c51000aed420822d33f83/execute/async - {"script":"<script> [1562 bytes]","args":[{"selector":{"controlType":"sap.m.Text","properties":{"text":"Manage Conditions & Prices"},"interaction":{"idSuffix":"inner"}},"wdio_ui5_key":"sapm.Text{\"text\":\"Manage Conditions & Prices\"}"}]}
RESULT: {"script":"<script> [1562 bytes]","args":[{"selector":{"controlType":"sap.m.Text","properties":{"text":"Manage Conditions & Prices"},"interaction":{"idSuffix":"inner"}},"wdio_ui5_key":"sapm.Text{\"text\":\"Manage Conditions & Prices\"}"}]}
RESULT: undefined
COMMAND: POST /session/5780a996aa8c51000aed420822d33f83/element - {"using":"xpath","value":"//*[@id=\"__tile53-title\"]"}
RESULT: {"using":"xpath","value":"//*[@id=\"__tile53-title\"]"}
COMMAND: POST /session/5780a996aa8c51000aed420822d33f83/element/f.C12891CE133D59B6823BF6462A308BA2.d.9E27082DB67961992126982B36EBACC8.e.15455/click - {}
RESULT: {}
COMMAND: GET /session/5780a996aa8c51000aed420822d33f83/screenshot - {}
RESULT: {}
COMMAND: POST /session/5780a996aa8c51000aed420822d33f83/element - {"using":"xpath","value":"//button[@aria-label=\"Create\"]"}
RESULT: {"using":"xpath","value":"//button[@aria-label=\"Create\"]"}
COMMAND: POST /session/5780a996aa8c51000aed420822d33f83/elements - {"using":"xpath","value":"//button[@aria-label=\"Create\"]"}
RESULT: {"using":"xpath","value":"//button[@aria-label=\"Create\"]"}
COMMAND: POST /session/5780a996aa8c51000aed420822d33f83/elements - {"using":"xpath","value":"//button[@aria-label=\"Create\"]"}
RESULT: {"using":"xpath","value":"//button[@aria-label=\"Create\"]"}
COMMAND: POST /session/5780a996aa8c51000aed420822d33f83/element - {"using":"xpath","value":"//button[@aria-label=\"Create\"]"}
RESULT: {"using":"xpath","value":"//button[@aria-label=\"Create\"]"}
COMMAND: POST /session/5780a996aa8c51000aed420822d33f83/element/f.C12891CE133D59B6823BF6462A308BA2.d.9E27082DB67961992126982B36EBACC8.e.15487/click - {}
RESULT: {}
COMMAND: POST /session/5780a996aa8c51000aed420822d33f83/actions - {"actions":[{"id":"action72","type":"key","parameters":{},"actions":[{"type":"keyDown","value":"î€‡"},{"type":"pause","duration":10},{"type":"keyUp","value":"î€‡"}]}]}
COMMAND: GET /session/5780a996aa8c51000aed420822d33f83/screenshot - {}
RESULT: {"actions":[{"id":"action72","type":"key","parameters":{},"actions":[{"type":"keyDown","value":"î€‡"},{"type":"pause","duration":10},{"type":"keyUp","value":"î€‡"}]}]}
COMMAND: GET /session/5780a996aa8c51000aed420822d33f83/screenshot - {}
COMMAND: POST /session/5780a996aa8c51000aed420822d33f83/execute/async - {"script":"<script> [1562 bytes]","args":[{"selector":{"id":"application-manageconditionprice-display-component---newCondition--condBillCond-arrow"},"wdio_ui5_key":"applicationmanageconditionprice-display-component---newCondition--condBillCond-arrow"}]}
RESULT: {}
RESULT: {}
RESULT: {"script":"<script> [1562 bytes]","args":[{"selector":{"id":"application-manageconditionprice-display-component---newCondition--condBillCond-arrow"},"wdio_ui5_key":"applicationmanageconditionprice-display-component---newCondition--condBillCond-arrow"}]}
RESULT: undefined
COMMAND: POST /session/5780a996aa8c51000aed420822d33f83/element - {"using":"xpath","value":"//*[@id=\"application-manageconditionprice-display-component---newCondition--condBillCond-arrow\"]"}
RESULT: {"using":"xpath","value":"//*[@id=\"application-manageconditionprice-display-component---newCondition--condBillCond-arrow\"]"}
COMMAND: POST /session/5780a996aa8c51000aed420822d33f83/element/f.C12891CE133D59B6823BF6462A308BA2.d.9E27082DB67961992126982B36EBACC8.e.15832/click - {}
RESULT: {}
COMMAND: POST /session/5780a996aa8c51000aed420822d33f83/element - {"using":"xpath","value":"//span[contains(text(), \"DISP - D&I special price\")]"}
COMMAND: GET /session/5780a996aa8c51000aed420822d33f83/screenshot - {}
RESULT: {"using":"xpath","value":"//span[contains(text(), \"DISP - D&I special price\")]"}
COMMAND: POST /session/5780a996aa8c51000aed420822d33f83/element/f.C12891CE133D59B6823BF6462A308BA2.d.9E27082DB67961992126982B36EBACC8.e.15835/click - {}
RESULT: {}
RESULT: {}
COMMAND: POST /session/5780a996aa8c51000aed420822d33f83/execute/async - {"script":"<script> [1562 bytes]","args":[{"selector":{"id":"application-manageconditionprice-display-component---newCondition--condValidTo","interaction":{"idSuffix":"inner"}},"wdio_ui5_key":"applicationmanageconditionprice-display-component---newCondition--condValidTo"}]}
COMMAND: GET /session/5780a996aa8c51000aed420822d33f83/screenshot - {}
RESULT: {"script":"<script> [1562 bytes]","args":[{"selector":{"id":"application-manageconditionprice-display-component---newCondition--condValidTo","interaction":{"idSuffix":"inner"}},"wdio_ui5_key":"applicationmanageconditionprice-display-component---newCondition--condValidTo"}]}
RESULT: undefined
COMMAND: POST /session/5780a996aa8c51000aed420822d33f83/execute/async - {"script":"<script> [776 bytes]","args":[{"enterText":"5/11/33","selector":{"id":"application-manageconditionprice-display-component---newCondition--condValidTo","interaction":{"idSuffix":"inner"}},"clearTextFirst":true,"interactionType":"ENTER_TEXT"}]}
RESULT: {}
RESULT: {"script":"<script> [776 bytes]","args":[{"enterText":"5/11/33","selector":{"id":"application-manageconditionprice-display-component---newCondition--condValidTo","interaction":{"idSuffix":"inner"}},"clearTextFirst":true,"interactionType":"ENTER_TEXT"}]}
COMMAND: POST /session/5780a996aa8c51000aed420822d33f83/element - {"using":"xpath","value":"//input[@id=\"application-manageconditionprice-display-component---newCondition--condRU-inner\"]"}
RESULT: {"using":"xpath","value":"//input[@id=\"application-manageconditionprice-display-component---newCondition--condRU-inner\"]"}
COMMAND: POST /session/5780a996aa8c51000aed420822d33f83/element/f.C12891CE133D59B6823BF6462A308BA2.d.9E27082DB67961992126982B36EBACC8.e.15585/clear - {}
RESULT: {}
COMMAND: POST /session/5780a996aa8c51000aed420822d33f83/element/f.C12891CE133D59B6823BF6462A308BA2.d.9E27082DB67961992126982B36EBACC8.e.15585/value - {"text":"WebdriverRUR2C3ko4uf"}
COMMAND: GET /session/5780a996aa8c51000aed420822d33f83/screenshot - {}
RESULT: {"text":"WebdriverRUR2C3ko4uf"}
COMMAND: GET /session/5780a996aa8c51000aed420822d33f83/screenshot - {}
RESULT: {}
RESULT: {}
COMMAND: POST /session/5780a996aa8c51000aed420822d33f83/actions - {"actions":[{"id":"action73","type":"key","parameters":{},"actions":[{"type":"keyDown","value":"î€‡"},{"type":"pause","duration":10},{"type":"keyUp","value":"î€‡"}]}]}
RESULT: {"actions":[{"id":"action73","type":"key","parameters":{},"actions":[{"type":"keyDown","value":"î€‡"},{"type":"pause","duration":10},{"type":"keyUp","value":"î€‡"}]}]}
COMMAND: POST /session/5780a996aa8c51000aed420822d33f83/execute/async - {"script":"<script> [1562 bytes]","args":[{"selector":{"id":"application-manageconditionprice-display-component---newCondition--condBaseQty","interaction":{"idSuffix":"inner"}},"wdio_ui5_key":"applicationmanageconditionprice-display-component---newCondition--condBaseQty"}]}
COMMAND: GET /session/5780a996aa8c51000aed420822d33f83/screenshot - {}
RESULT: {"script":"<script> [1562 bytes]","args":[{"selector":{"id":"application-manageconditionprice-display-component---newCondition--condBaseQty","interaction":{"idSuffix":"inner"}},"wdio_ui5_key":"applicationmanageconditionprice-display-component---newCondition--condBaseQty"}]}
RESULT: undefined
COMMAND: POST /session/5780a996aa8c51000aed420822d33f83/execute/async - {"script":"<script> [776 bytes]","args":[{"enterText":"1","selector":{"id":"application-manageconditionprice-display-component---newCondition--condBaseQty","interaction":{"idSuffix":"inner"}},"clearTextFirst":true,"interactionType":"ENTER_TEXT"}]}
RESULT: {}
RESULT: {"script":"<script> [776 bytes]","args":[{"enterText":"1","selector":{"id":"application-manageconditionprice-display-component---newCondition--condBaseQty","interaction":{"idSuffix":"inner"}},"clearTextFirst":true,"interactionType":"ENTER_TEXT"}]}
COMMAND: POST /session/5780a996aa8c51000aed420822d33f83/execute/async - {"script":"<script> [1562 bytes]","args":[{"selector":{"id":"application-manageconditionprice-display-component---newCondition--condValue","interaction":{"idSuffix":"inner"}},"wdio_ui5_key":"applicationmanageconditionprice-display-component---newCondition--condValue"}]}
RESULT: {"script":"<script> [1562 bytes]","args":[{"selector":{"id":"application-manageconditionprice-display-component---newCondition--condValue","interaction":{"idSuffix":"inner"}},"wdio_ui5_key":"applicationmanageconditionprice-display-component---newCondition--condValue"}]}
RESULT: undefined
COMMAND: POST /session/5780a996aa8c51000aed420822d33f83/execute/async - {"script":"<script> [776 bytes]","args":[{"enterText":"100","selector":{"id":"application-manageconditionprice-display-component---newCondition--condValue","interaction":{"idSuffix":"inner"}},"clearTextFirst":true,"interactionType":"ENTER_TEXT"}]}
RESULT: {"script":"<script> [776 bytes]","args":[{"enterText":"100","selector":{"id":"application-manageconditionprice-display-component---newCondition--condValue","interaction":{"idSuffix":"inner"}},"clearTextFirst":true,"interactionType":"ENTER_TEXT"}]}
COMMAND: POST /session/5780a996aa8c51000aed420822d33f83/execute/async - {"script":"<script> [1562 bytes]","args":[{"selector":{"id":"application-manageconditionprice-display-component---newCondition--condCurr-arrow"},"wdio_ui5_key":"applicationmanageconditionprice-display-component---newCondition--condCurr-arrow"}]}
RESULT: {"script":"<script> [1562 bytes]","args":[{"selector":{"id":"application-manageconditionprice-display-component---newCondition--condCurr-arrow"},"wdio_ui5_key":"applicationmanageconditionprice-display-component---newCondition--condCurr-arrow"}]}
RESULT: undefined
COMMAND: POST /session/5780a996aa8c51000aed420822d33f83/element - {"using":"xpath","value":"//*[@id=\"application-manageconditionprice-display-component---newCondition--condCurr-arrow\"]"}
RESULT: {"using":"xpath","value":"//*[@id=\"application-manageconditionprice-display-component---newCondition--condCurr-arrow\"]"}
COMMAND: POST /session/5780a996aa8c51000aed420822d33f83/element/f.C12891CE133D59B6823BF6462A308BA2.d.9E27082DB67961992126982B36EBACC8.e.15709/click - {}
RESULT: {}
COMMAND: POST /session/5780a996aa8c51000aed420822d33f83/element - {"using":"xpath","value":"//span[contains(text(), \"Euro\")]"}
COMMAND: GET /session/5780a996aa8c51000aed420822d33f83/screenshot - {}
RESULT: {"using":"xpath","value":"//span[contains(text(), \"Euro\")]"}
COMMAND: POST /session/5780a996aa8c51000aed420822d33f83/element/f.C12891CE133D59B6823BF6462A308BA2.d.9E27082DB67961992126982B36EBACC8.e.15871/click - {}
RESULT: {}
RESULT: {}
COMMAND: POST /session/5780a996aa8c51000aed420822d33f83/element - {"using":"xpath","value":"//button[@data-kt=\"saveButton\"]"}
COMMAND: GET /session/5780a996aa8c51000aed420822d33f83/screenshot - {}
RESULT: {"using":"xpath","value":"//button[@data-kt=\"saveButton\"]"}
COMMAND: POST /session/5780a996aa8c51000aed420822d33f83/element/f.C12891CE133D59B6823BF6462A308BA2.d.9E27082DB67961992126982B36EBACC8.e.15710/click - {}
RESULT: {}
RESULT: {}
COMMAND: GET /session/5780a996aa8c51000aed420822d33f83/screenshot - {}
RESULT: {}
COMMAND: POST /session/5780a996aa8c51000aed420822d33f83/element - {"using":"css selector","value":"#shell-header-logo"}
RESULT: {"using":"css selector","value":"#shell-header-logo"}
COMMAND: POST /session/5780a996aa8c51000aed420822d33f83/element/f.C12891CE133D59B6823BF6462A308BA2.d.9E27082DB67961992126982B36EBACC8.e.15458/click - {}
RESULT: {}
COMMAND: GET /session/5780a996aa8c51000aed420822d33f83/screenshot - {}
RESULT: {}
]]></system-out>
    </testcase>
    <testcase classname="chrome.135_0_7049_96.windows.E2E_-_Logistical_and_commercial_statuses" name="Should create a new contract" time="53.217">
      <system-out><![CDATA[
COMMAND: POST /session/5780a996aa8c51000aed420822d33f83/execute/async - {"script":"<script> [1562 bytes]","args":[{"selector":{"controlType":"sap.m.GenericTile","viewName":"etm.portal.ui.managecontractstile.view.Master","i18NText":{"propertyName":"header","key":"manageContractsTileTitle"}},"wdio_ui5_key":"etmportal.ui.managecontractstile.view.Mastersap.m.GenericTile{\"propertyName\":\"header\",\"key\":\"manageContractsTileTitle\"}"}]}
RESULT: {"script":"<script> [1562 bytes]","args":[{"selector":{"controlType":"sap.m.GenericTile","viewName":"etm.portal.ui.managecontractstile.view.Master","i18NText":{"propertyName":"header","key":"manageContractsTileTitle"}},"wdio_ui5_key":"etmportal.ui.managecontractstile.view.Mastersap.m.GenericTile{\"propertyName\":\"header\",\"key\":\"manageContractsTileTitle\"}"}]}
RESULT: undefined
COMMAND: POST /session/5780a996aa8c51000aed420822d33f83/element - {"using":"xpath","value":"//*[@id=\"__tile132\"]"}
RESULT: {"using":"xpath","value":"//*[@id=\"__tile132\"]"}
COMMAND: POST /session/5780a996aa8c51000aed420822d33f83/element/f.C12891CE133D59B6823BF6462A308BA2.d.9E27082DB67961992126982B36EBACC8.e.15877/click - {}
RESULT: {}
COMMAND: GET /session/5780a996aa8c51000aed420822d33f83/screenshot - {}
RESULT: {}
COMMAND: POST /session/5780a996aa8c51000aed420822d33f83/element - {"using":"xpath","value":"//button[@data-kt=\"addButton\"]"}
RESULT: {"using":"xpath","value":"//button[@data-kt=\"addButton\"]"}
COMMAND: POST /session/5780a996aa8c51000aed420822d33f83/element/f.C12891CE133D59B6823BF6462A308BA2.d.9E27082DB67961992126982B36EBACC8.e.15948/click - {}
RESULT: {}
COMMAND: GET /session/5780a996aa8c51000aed420822d33f83/screenshot - {}
COMMAND: POST /session/5780a996aa8c51000aed420822d33f83/execute/async - {"script":"<script> [1562 bytes]","args":[{"selector":{"id":"application-managecontracts-display-component---AddNewContract--projectDescription","interaction":{"idSuffix":"inner"}},"wdio_ui5_key":"applicationmanagecontracts-display-component---AddNewContract--projectDescription"}]}
RESULT: {}
RESULT: {"script":"<script> [1562 bytes]","args":[{"selector":{"id":"application-managecontracts-display-component---AddNewContract--projectDescription","interaction":{"idSuffix":"inner"}},"wdio_ui5_key":"applicationmanagecontracts-display-component---AddNewContract--projectDescription"}]}
RESULT: undefined
COMMAND: POST /session/5780a996aa8c51000aed420822d33f83/execute/async - {"script":"<script> [776 bytes]","args":[{"enterText":"WdIOR2ckptzz","selector":{"id":"application-managecontracts-display-component---AddNewContract--projectDescription","interaction":{"idSuffix":"inner"}},"clearTextFirst":true,"interactionType":"ENTER_TEXT"}]}
RESULT: {"script":"<script> [776 bytes]","args":[{"enterText":"WdIOR2ckptzz","selector":{"id":"application-managecontracts-display-component---AddNewContract--projectDescription","interaction":{"idSuffix":"inner"}},"clearTextFirst":true,"interactionType":"ENTER_TEXT"}]}
COMMAND: POST /session/5780a996aa8c51000aed420822d33f83/element - {"using":"xpath","value":"//input[@id=\"application-managecontracts-display-component---AddNewContract--yardId-inner\"]"}
RESULT: {"using":"xpath","value":"//input[@id=\"application-managecontracts-display-component---AddNewContract--yardId-inner\"]"}
COMMAND: POST /session/5780a996aa8c51000aed420822d33f83/element/f.C12891CE133D59B6823BF6462A308BA2.d.9E27082DB67961992126982B36EBACC8.e.16202/clear - {}
RESULT: {}
COMMAND: POST /session/5780a996aa8c51000aed420822d33f83/element/f.C12891CE133D59B6823BF6462A308BA2.d.9E27082DB67961992126982B36EBACC8.e.16202/value - {"text":"WebdriverYardyjpea"}
COMMAND: GET /session/5780a996aa8c51000aed420822d33f83/screenshot - {}
RESULT: {"text":"WebdriverYardyjpea"}
COMMAND: GET /session/5780a996aa8c51000aed420822d33f83/screenshot - {}
RESULT: {}
RESULT: {}
COMMAND: POST /session/5780a996aa8c51000aed420822d33f83/actions - {"actions":[{"id":"action74","type":"key","parameters":{},"actions":[{"type":"keyDown","value":"î€‡"},{"type":"pause","duration":10},{"type":"keyUp","value":"î€‡"}]}]}
RESULT: {"actions":[{"id":"action74","type":"key","parameters":{},"actions":[{"type":"keyDown","value":"î€‡"},{"type":"pause","duration":10},{"type":"keyUp","value":"î€‡"}]}]}
COMMAND: GET /session/5780a996aa8c51000aed420822d33f83/screenshot - {}
RESULT: {}
COMMAND: POST /session/5780a996aa8c51000aed420822d33f83/element - {"using":"xpath","value":"//input[@id=\"application-managecontracts-display-component---AddNewContract--customerSelect-inner\"]"}
RESULT: {"using":"xpath","value":"//input[@id=\"application-managecontracts-display-component---AddNewContract--customerSelect-inner\"]"}
COMMAND: POST /session/5780a996aa8c51000aed420822d33f83/element/f.C12891CE133D59B6823BF6462A308BA2.d.9E27082DB67961992126982B36EBACC8.e.16200/clear - {}
RESULT: {}
COMMAND: POST /session/5780a996aa8c51000aed420822d33f83/element/f.C12891CE133D59B6823BF6462A308BA2.d.9E27082DB67961992126982B36EBACC8.e.16200/value - {"text":"WebdriverPartnerudn7r"}
COMMAND: GET /session/5780a996aa8c51000aed420822d33f83/screenshot - {}
RESULT: {"text":"WebdriverPartnerudn7r"}
COMMAND: GET /session/5780a996aa8c51000aed420822d33f83/screenshot - {}
RESULT: {}
RESULT: {}
COMMAND: POST /session/5780a996aa8c51000aed420822d33f83/actions - {"actions":[{"id":"action75","type":"key","parameters":{},"actions":[{"type":"keyDown","value":"î€‡"},{"type":"pause","duration":10},{"type":"keyUp","value":"î€‡"}]}]}
RESULT: {"actions":[{"id":"action75","type":"key","parameters":{},"actions":[{"type":"keyDown","value":"î€‡"},{"type":"pause","duration":10},{"type":"keyUp","value":"î€‡"}]}]}
COMMAND: GET /session/5780a996aa8c51000aed420822d33f83/screenshot - {}
RESULT: {}
COMMAND: POST /session/5780a996aa8c51000aed420822d33f83/element - {"using":"xpath","value":"//input[@id=\"application-managecontracts-display-component---AddNewContract--site-inner\"]"}
RESULT: {"using":"xpath","value":"//input[@id=\"application-managecontracts-display-component---AddNewContract--site-inner\"]"}
COMMAND: POST /session/5780a996aa8c51000aed420822d33f83/element/f.C12891CE133D59B6823BF6462A308BA2.d.9E27082DB67961992126982B36EBACC8.e.16201/clear - {}
RESULT: {}
COMMAND: POST /session/5780a996aa8c51000aed420822d33f83/element/f.C12891CE133D59B6823BF6462A308BA2.d.9E27082DB67961992126982B36EBACC8.e.16201/value - {"text":"WebdriverSitek55jpl"}
COMMAND: GET /session/5780a996aa8c51000aed420822d33f83/screenshot - {}
RESULT: {"text":"WebdriverSitek55jpl"}
COMMAND: GET /session/5780a996aa8c51000aed420822d33f83/screenshot - {}
RESULT: {}
RESULT: {}
COMMAND: POST /session/5780a996aa8c51000aed420822d33f83/actions - {"actions":[{"id":"action76","type":"key","parameters":{},"actions":[{"type":"keyDown","value":"î€‡"},{"type":"pause","duration":10},{"type":"keyUp","value":"î€‡"}]}]}
RESULT: {"actions":[{"id":"action76","type":"key","parameters":{},"actions":[{"type":"keyDown","value":"î€‡"},{"type":"pause","duration":10},{"type":"keyUp","value":"î€‡"}]}]}
COMMAND: POST /session/5780a996aa8c51000aed420822d33f83/element - {"using":"xpath","value":"//button[@data-kt=\"saveButton\"]"}
COMMAND: GET /session/5780a996aa8c51000aed420822d33f83/screenshot - {}
RESULT: {"using":"xpath","value":"//button[@data-kt=\"saveButton\"]"}
COMMAND: POST /session/5780a996aa8c51000aed420822d33f83/element/f.C12891CE133D59B6823BF6462A308BA2.d.9E27082DB67961992126982B36EBACC8.e.16218/click - {}
RESULT: {}
RESULT: {}
COMMAND: GET /session/5780a996aa8c51000aed420822d33f83/screenshot - {}
RESULT: {}
COMMAND: POST /session/5780a996aa8c51000aed420822d33f83/execute/async - {"script":"<script> [1562 bytes]","args":[{"selector":{"id":"contractDetailTitleNoExpanded","viewName":"etm.portal.ui.managecontracts.view.Detail"},"wdio_ui5_key":"contractDetailTitleNoExpandedetmportal.ui.managecontracts.view.Detail"}]}
RESULT: {"script":"<script> [1562 bytes]","args":[{"selector":{"id":"contractDetailTitleNoExpanded","viewName":"etm.portal.ui.managecontracts.view.Detail"},"wdio_ui5_key":"contractDetailTitleNoExpandedetmportal.ui.managecontracts.view.Detail"}]}
RESULT: undefined
COMMAND: POST /session/5780a996aa8c51000aed420822d33f83/execute/async - {"script":"<script> [6424 bytes]","args":[{"element-6066-11e4-a52e-4f735466cecf":"f.C12891CE133D59B6823BF6462A308BA2.d.9E27082DB67961992126982B36EBACC8.e.16234"},"getText",[]]}
RESULT: {"script":"<script> [6424 bytes]","args":[{"element-6066-11e4-a52e-4f735466cecf":"f.C12891CE133D59B6823BF6462A308BA2.d.9E27082DB67961992126982B36EBACC8.e.16234"},"getText",[]]}
]]></system-out>
    </testcase>
    <testcase classname="chrome.135_0_7049_96.windows.E2E_-_Logistical_and_commercial_statuses" name="Should add materialID to the contract" time="42.545">
      <system-out><![CDATA[
COMMAND: POST /session/5780a996aa8c51000aed420822d33f83/element - {"using":"xpath","value":"//button[@data-kt=\"contractDetailEditBtnButton\"]"}
RESULT: {"using":"xpath","value":"//button[@data-kt=\"contractDetailEditBtnButton\"]"}
COMMAND: POST /session/5780a996aa8c51000aed420822d33f83/element/f.C12891CE133D59B6823BF6462A308BA2.d.9E27082DB67961992126982B36EBACC8.e.16235/click - {}
RESULT: {}
COMMAND: GET /session/5780a996aa8c51000aed420822d33f83/screenshot - {}
RESULT: {}
COMMAND: POST /session/5780a996aa8c51000aed420822d33f83/element - {"using":"xpath","value":"(//span[contains(text(), \"Additional Addresses\")])[2]"}
RESULT: {"using":"xpath","value":"(//span[contains(text(), \"Additional Addresses\")])[2]"}
COMMAND: POST /session/5780a996aa8c51000aed420822d33f83/element/f.C12891CE133D59B6823BF6462A308BA2.d.9E27082DB67961992126982B36EBACC8.e.16291/click - {}
RESULT: {}
COMMAND: GET /session/5780a996aa8c51000aed420822d33f83/screenshot - {}
RESULT: {}
COMMAND: POST /session/5780a996aa8c51000aed420822d33f83/element - {"using":"xpath","value":"//button[@data-kt=\"btnAddTableRowOverflowToolbarButton\"]"}
RESULT: {"using":"xpath","value":"//button[@data-kt=\"btnAddTableRowOverflowToolbarButton\"]"}
COMMAND: POST /session/5780a996aa8c51000aed420822d33f83/element/f.C12891CE133D59B6823BF6462A308BA2.d.9E27082DB67961992126982B36EBACC8.e.16295/click - {}
RESULT: {}
COMMAND: GET /session/5780a996aa8c51000aed420822d33f83/screenshot - {}
RESULT: {}
COMMAND: POST /session/5780a996aa8c51000aed420822d33f83/element - {"using":"xpath","value":"//div[(text() = 'Standard Entry' or . = 'Standard Entry')]"}
RESULT: {"using":"xpath","value":"//div[(text() = 'Standard Entry' or . = 'Standard Entry')]"}
COMMAND: POST /session/5780a996aa8c51000aed420822d33f83/element/f.C12891CE133D59B6823BF6462A308BA2.d.9E27082DB67961992126982B36EBACC8.e.16297/click - {}
RESULT: {}
COMMAND: POST /session/5780a996aa8c51000aed420822d33f83/element - {"using":"xpath","value":"//td[6]/div/div/input[1]"}
COMMAND: GET /session/5780a996aa8c51000aed420822d33f83/screenshot - {}
RESULT: {"using":"xpath","value":"//td[6]/div/div/input[1]"}
COMMAND: POST /session/5780a996aa8c51000aed420822d33f83/element/f.C12891CE133D59B6823BF6462A308BA2.d.9E27082DB67961992126982B36EBACC8.e.16299/click - {}
RESULT: {}
RESULT: {}
COMMAND: POST /session/5780a996aa8c51000aed420822d33f83/actions - {"actions":[{"id":"action77","type":"key","parameters":{},"actions":[{"type":"keyDown","value":"î€ƒ"},{"type":"pause","duration":10},{"type":"keyUp","value":"î€ƒ"}]}]}
COMMAND: GET /session/5780a996aa8c51000aed420822d33f83/screenshot - {}
RESULT: {"actions":[{"id":"action77","type":"key","parameters":{},"actions":[{"type":"keyDown","value":"î€ƒ"},{"type":"pause","duration":10},{"type":"keyUp","value":"î€ƒ"}]}]}
COMMAND: POST /session/5780a996aa8c51000aed420822d33f83/element - {"using":"xpath","value":"//td[6]/div/div/input[1]"}
COMMAND: GET /session/5780a996aa8c51000aed420822d33f83/screenshot - {}
RESULT: {}
RESULT: {"using":"xpath","value":"//td[6]/div/div/input[1]"}
COMMAND: POST /session/5780a996aa8c51000aed420822d33f83/element/f.C12891CE133D59B6823BF6462A308BA2.d.9E27082DB67961992126982B36EBACC8.e.16299/clear - {}
RESULT: {}
RESULT: {}
COMMAND: POST /session/5780a996aa8c51000aed420822d33f83/element/f.C12891CE133D59B6823BF6462A308BA2.d.9E27082DB67961992126982B36EBACC8.e.16299/value - {"text":"Material"}
COMMAND: GET /session/5780a996aa8c51000aed420822d33f83/screenshot - {}
RESULT: {"text":"Material"}
COMMAND: GET /session/5780a996aa8c51000aed420822d33f83/screenshot - {}
RESULT: {}
RESULT: {}
COMMAND: POST /session/5780a996aa8c51000aed420822d33f83/actions - {"actions":[{"id":"action78","type":"key","parameters":{},"actions":[{"type":"keyDown","value":"î€‡"},{"type":"pause","duration":10},{"type":"keyUp","value":"î€‡"}]}]}
RESULT: {"actions":[{"id":"action78","type":"key","parameters":{},"actions":[{"type":"keyDown","value":"î€‡"},{"type":"pause","duration":10},{"type":"keyUp","value":"î€‡"}]}]}
COMMAND: GET /session/5780a996aa8c51000aed420822d33f83/screenshot - {}
RESULT: {}
COMMAND: POST /session/5780a996aa8c51000aed420822d33f83/actions - {"actions":[{"id":"action79","type":"key","parameters":{},"actions":[{"type":"keyDown","value":"î€‡"},{"type":"pause","duration":10},{"type":"keyUp","value":"î€‡"}]}]}
RESULT: {"actions":[{"id":"action79","type":"key","parameters":{},"actions":[{"type":"keyDown","value":"î€‡"},{"type":"pause","duration":10},{"type":"keyUp","value":"î€‡"}]}]}
COMMAND: POST /session/5780a996aa8c51000aed420822d33f83/element - {"using":"xpath","value":"//td[7]/div/div/input"}
COMMAND: GET /session/5780a996aa8c51000aed420822d33f83/screenshot - {}
RESULT: {"using":"xpath","value":"//td[7]/div/div/input"}
COMMAND: POST /session/5780a996aa8c51000aed420822d33f83/element/f.C12891CE133D59B6823BF6462A308BA2.d.9E27082DB67961992126982B36EBACC8.e.16312/clear - {}
RESULT: {}
RESULT: {}
COMMAND: POST /session/5780a996aa8c51000aed420822d33f83/element/f.C12891CE133D59B6823BF6462A308BA2.d.9E27082DB67961992126982B36EBACC8.e.16312/value - {"text":"WebdriverRUR2C3ko4uf"}
COMMAND: GET /session/5780a996aa8c51000aed420822d33f83/screenshot - {}
RESULT: {"text":"WebdriverRUR2C3ko4uf"}
COMMAND: GET /session/5780a996aa8c51000aed420822d33f83/screenshot - {}
RESULT: {}
RESULT: {}
COMMAND: POST /session/5780a996aa8c51000aed420822d33f83/actions - {"actions":[{"id":"action80","type":"key","parameters":{},"actions":[{"type":"keyDown","value":"î€‡"},{"type":"pause","duration":10},{"type":"keyUp","value":"î€‡"}]}]}
RESULT: {"actions":[{"id":"action80","type":"key","parameters":{},"actions":[{"type":"keyDown","value":"î€‡"},{"type":"pause","duration":10},{"type":"keyUp","value":"î€‡"}]}]}
COMMAND: GET /session/5780a996aa8c51000aed420822d33f83/screenshot - {}
COMMAND: POST /session/5780a996aa8c51000aed420822d33f83/actions - {"actions":[{"id":"action81","type":"key","parameters":{},"actions":[{"type":"keyDown","value":"î€‡"},{"type":"pause","duration":10},{"type":"keyUp","value":"î€‡"}]}]}
RESULT: {}
RESULT: {"actions":[{"id":"action81","type":"key","parameters":{},"actions":[{"type":"keyDown","value":"î€‡"},{"type":"pause","duration":10},{"type":"keyUp","value":"î€‡"}]}]}
COMMAND: GET /session/5780a996aa8c51000aed420822d33f83/screenshot - {}
RESULT: {}
COMMAND: POST /session/5780a996aa8c51000aed420822d33f83/element - {"using":"xpath","value":"(//button[@data-kt=\"saveButton\"])[2]"}
RESULT: {"using":"xpath","value":"(//button[@data-kt=\"saveButton\"])[2]"}
COMMAND: POST /session/5780a996aa8c51000aed420822d33f83/element/f.C12891CE133D59B6823BF6462A308BA2.d.9E27082DB67961992126982B36EBACC8.e.16335/click - {}
RESULT: {}
COMMAND: GET /session/5780a996aa8c51000aed420822d33f83/screenshot - {}
RESULT: {}
]]></system-out>
    </testcase>
    <testcase classname="chrome.135_0_7049_96.windows.E2E_-_Logistical_and_commercial_statuses" name="It should follow the handover steps to the status fully provided" time="335.386">
      <system-out><![CDATA[
COMMAND: POST /session/5780a996aa8c51000aed420822d33f83/execute/async - {"script":"<script> [1562 bytes]","args":[{"selector":{"id":"contractDetailProvideButton","viewName":"etm.portal.ui.managecontracts.view.Detail","interaction":{"idSuffix":"BDI-content"}},"wdio_ui5_key":"contractDetailProvideButtonetmportal.ui.managecontracts.view.Detail"}]}
RESULT: {"script":"<script> [1562 bytes]","args":[{"selector":{"id":"contractDetailProvideButton","viewName":"etm.portal.ui.managecontracts.view.Detail","interaction":{"idSuffix":"BDI-content"}},"wdio_ui5_key":"contractDetailProvideButtonetmportal.ui.managecontracts.view.Detail"}]}
RESULT: undefined
COMMAND: POST /session/5780a996aa8c51000aed420822d33f83/element - {"using":"xpath","value":"//*[@id=\"__xmlview61--contractDetailProvideButton\"]"}
RESULT: {"using":"xpath","value":"//*[@id=\"__xmlview61--contractDetailProvideButton\"]"}
COMMAND: POST /session/5780a996aa8c51000aed420822d33f83/element/f.C12891CE133D59B6823BF6462A308BA2.d.9E27082DB67961992126982B36EBACC8.e.16341/click - {}
RESULT: {}
COMMAND: GET /session/5780a996aa8c51000aed420822d33f83/screenshot - {}
COMMAND: POST /session/5780a996aa8c51000aed420822d33f83/execute/async - {"script":"<script> [1562 bytes]","args":[{"selector":{"id":"application-managehandovers-display-component---AddNewHO--oneStep","interaction":{"idSuffix":"CbBg"}},"wdio_ui5_key":"applicationmanagehandovers-display-component---AddNewHO--oneStep"}]}
RESULT: {}
RESULT: {"script":"<script> [1562 bytes]","args":[{"selector":{"id":"application-managehandovers-display-component---AddNewHO--oneStep","interaction":{"idSuffix":"CbBg"}},"wdio_ui5_key":"applicationmanagehandovers-display-component---AddNewHO--oneStep"}]}
RESULT: undefined
COMMAND: POST /session/5780a996aa8c51000aed420822d33f83/element - {"using":"xpath","value":"//*[@id=\"application-managehandovers-display-component---AddNewHO--oneStep\"]"}
RESULT: {"using":"xpath","value":"//*[@id=\"application-managehandovers-display-component---AddNewHO--oneStep\"]"}
COMMAND: POST /session/5780a996aa8c51000aed420822d33f83/element/f.C12891CE133D59B6823BF6462A308BA2.d.9E27082DB67961992126982B36EBACC8.e.16492/click - {}
RESULT: {}
RESULT: undefined
COMMAND: POST /session/5780a996aa8c51000aed420822d33f83/execute/async - {"script":"<script> [776 bytes]","args":[{"enterText":"04/30/25","selector":{"id":"application-managehandovers-display-component---AddNewHO--dueDate","interaction":{"idSuffix":"inner"}},"clearTextFirst":true,"interactionType":"ENTER_TEXT"}]}
COMMAND: GET /session/5780a996aa8c51000aed420822d33f83/screenshot - {}
RESULT: {"script":"<script> [776 bytes]","args":[{"enterText":"04/30/25","selector":{"id":"application-managehandovers-display-component---AddNewHO--dueDate","interaction":{"idSuffix":"inner"}},"clearTextFirst":true,"interactionType":"ENTER_TEXT"}]}
RESULT: undefined
COMMAND: POST /session/5780a996aa8c51000aed420822d33f83/element - {"using":"xpath","value":"//*[@id=\"application-managehandovers-display-component---AddNewHO--ObjectPageLayout-anchBar-application-managehandovers-display-component---AddNewHO--section4-anchor\"]"}
RESULT: {}
RESULT: {"using":"xpath","value":"//*[@id=\"application-managehandovers-display-component---AddNewHO--ObjectPageLayout-anchBar-application-managehandovers-display-component---AddNewHO--section4-anchor\"]"}
COMMAND: POST /session/5780a996aa8c51000aed420822d33f83/element/f.C12891CE133D59B6823BF6462A308BA2.d.9E27082DB67961992126982B36EBACC8.e.16495/click - {}
RESULT: {}
COMMAND: POST /session/5780a996aa8c51000aed420822d33f83/execute/async - {"script":"<script> [1562 bytes]","args":[{"selector":{"controlType":"sap.ui.core.Icon","viewName":"etm.portal.ui.managehandovers.view.AddNewHO","viewId":"application-managehandovers-display-component---AddNewHO","properties":{"src":{"regex":{"source":"add"}}}},"wdio_ui5_key":"etmportal.ui.managehandovers.view.AddNewHOsap.ui.core.Icon{\"src\":{\"regex\":{\"source\":\"add\"}}}"}]}
COMMAND: GET /session/5780a996aa8c51000aed420822d33f83/screenshot - {}
RESULT: {"script":"<script> [1562 bytes]","args":[{"selector":{"controlType":"sap.ui.core.Icon","viewName":"etm.portal.ui.managehandovers.view.AddNewHO","viewId":"application-managehandovers-display-component---AddNewHO","properties":{"src":{"regex":{"source":"add"}}}},"wdio_ui5_key":"etmportal.ui.managehandovers.view.AddNewHOsap.ui.core.Icon{\"src\":{\"regex\":{\"source\":\"add\"}}}"}]}
RESULT: undefined
COMMAND: POST /session/5780a996aa8c51000aed420822d33f83/element - {"using":"xpath","value":"//*[@id=\"__button161-img\"]"}
RESULT: {}
RESULT: {"using":"xpath","value":"//*[@id=\"__button161-img\"]"}
COMMAND: POST /session/5780a996aa8c51000aed420822d33f83/element/f.C12891CE133D59B6823BF6462A308BA2.d.9E27082DB67961992126982B36EBACC8.e.16499/click - {}
RESULT: {}
COMMAND: GET /session/5780a996aa8c51000aed420822d33f83/screenshot - {}
RESULT: {}
RESULT: undefined
COMMAND: POST /session/5780a996aa8c51000aed420822d33f83/element - {"using":"xpath","value":"//*[@id=\"application-managehandovers-display-component---AddNewHO--popup-sa\"]"}
RESULT: {"using":"xpath","value":"//*[@id=\"application-managehandovers-display-component---AddNewHO--popup-sa\"]"}
COMMAND: POST /session/5780a996aa8c51000aed420822d33f83/element/f.C12891CE133D59B6823BF6462A308BA2.d.9E27082DB67961992126982B36EBACC8.e.16510/click - {}
RESULT: {}
COMMAND: POST /session/5780a996aa8c51000aed420822d33f83/execute/async - {"script":"<script> [1562 bytes]","args":[{"selector":{"controlType":"sap.m.Button","viewName":"etm.portal.ui.managehandovers.view.AddNewHO","viewId":"application-managehandovers-display-component---AddNewHO","i18NText":{"propertyName":"text","key":"select"},"searchOpenDialogs":true,"interaction":{"idSuffix":"inner"}},"wdio_ui5_key":"etmportal.ui.managehandovers.view.AddNewHOsap.m.Button{\"propertyName\":\"text\",\"key\":\"select\"}"}]}
COMMAND: GET /session/5780a996aa8c51000aed420822d33f83/screenshot - {}
RESULT: {"script":"<script> [1562 bytes]","args":[{"selector":{"controlType":"sap.m.Button","viewName":"etm.portal.ui.managehandovers.view.AddNewHO","viewId":"application-managehandovers-display-component---AddNewHO","i18NText":{"propertyName":"text","key":"select"},"searchOpenDialogs":true,"interaction":{"idSuffix":"inner"}},"wdio_ui5_key":"etmportal.ui.managehandovers.view.AddNewHOsap.m.Button{\"propertyName\":\"text\",\"key\":\"select\"}"}]}
RESULT: undefined
COMMAND: POST /session/5780a996aa8c51000aed420822d33f83/element - {"using":"xpath","value":"//*[@id=\"__button165\"]"}
RESULT: {}
RESULT: {"using":"xpath","value":"//*[@id=\"__button165\"]"}
COMMAND: POST /session/5780a996aa8c51000aed420822d33f83/element/f.C12891CE133D59B6823BF6462A308BA2.d.9E27082DB67961992126982B36EBACC8.e.16513/click - {}
RESULT: {}
COMMAND: POST /session/5780a996aa8c51000aed420822d33f83/execute/async - {"script":"<script> [1562 bytes]","args":[{"selector":{"id":"application-managehandovers-display-component---AddNewHO--confirmCreationButton","interaction":{"idSuffix":"BDI-content"}},"wdio_ui5_key":"applicationmanagehandovers-display-component---AddNewHO--confirmCreationButton"}]}
COMMAND: GET /session/5780a996aa8c51000aed420822d33f83/screenshot - {}
RESULT: {"script":"<script> [1562 bytes]","args":[{"selector":{"id":"application-managehandovers-display-component---AddNewHO--confirmCreationButton","interaction":{"idSuffix":"BDI-content"}},"wdio_ui5_key":"applicationmanagehandovers-display-component---AddNewHO--confirmCreationButton"}]}
RESULT: undefined
COMMAND: POST /session/5780a996aa8c51000aed420822d33f83/element - {"using":"xpath","value":"//*[@id=\"application-managehandovers-display-component---AddNewHO--confirmCreationButton\"]"}
RESULT: {}
RESULT: {"using":"xpath","value":"//*[@id=\"application-managehandovers-display-component---AddNewHO--confirmCreationButton\"]"}
COMMAND: POST /session/5780a996aa8c51000aed420822d33f83/element/f.C12891CE133D59B6823BF6462A308BA2.d.9E27082DB67961992126982B36EBACC8.e.16432/click - {}
RESULT: {}
COMMAND: GET /session/5780a996aa8c51000aed420822d33f83/screenshot - {}
RESULT: {}
COMMAND: POST /session/5780a996aa8c51000aed420822d33f83/element - {"using":"xpath","value":"//a[contains(@data-kt ,\"GeneralSectionReceiveContracttLink\")]"}
RESULT: {"using":"xpath","value":"//a[contains(@data-kt ,\"GeneralSectionReceiveContracttLink\")]"}
COMMAND: POST /session/5780a996aa8c51000aed420822d33f83/element/f.C12891CE133D59B6823BF6462A308BA2.d.9E27082DB67961992126982B36EBACC8.e.16560/click - {}
RESULT: {}
COMMAND: GET /session/5780a996aa8c51000aed420822d33f83/screenshot - {}
RESULT: {}
COMMAND: POST /session/5780a996aa8c51000aed420822d33f83/element - {"using":"xpath","value":"//a[contains(@data-kt ,\"ContextMenuId2Link\")]"}
RESULT: {"using":"xpath","value":"//a[contains(@data-kt ,\"ContextMenuId2Link\")]"}
COMMAND: POST /session/5780a996aa8c51000aed420822d33f83/element/f.C12891CE133D59B6823BF6462A308BA2.d.9E27082DB67961992126982B36EBACC8.e.16564/click - {}
RESULT: {}
COMMAND: GET /session/5780a996aa8c51000aed420822d33f83/screenshot - {}
RESULT: {}
COMMAND: POST /session/5780a996aa8c51000aed420822d33f83/execute/async - {"script":"<script> [1562 bytes]","args":[{"selector":{"controlType":"sap.m.ObjectStatus","viewName":"etm.portal.ui.managecontracts.view.Detail","bindingPath":{"propertyPath":"LINK_TO_LOGISTICAL_STATUS/DESCRIPTION","modelName":"catalogModel"}},"wdio_ui5_key":"etmportal.ui.managecontracts.view.Detailsap.m.ObjectStatus{\"propertyPath\":\"LINK_TO_LOGISTICAL_STATUS/DESCRIPTION\",\"modelName\":\"catalogModel\"}"}]}
RESULT: {"script":"<script> [1562 bytes]","args":[{"selector":{"controlType":"sap.m.ObjectStatus","viewName":"etm.portal.ui.managecontracts.view.Detail","bindingPath":{"propertyPath":"LINK_TO_LOGISTICAL_STATUS/DESCRIPTION","modelName":"catalogModel"}},"wdio_ui5_key":"etmportal.ui.managecontracts.view.Detailsap.m.ObjectStatus{\"propertyPath\":\"LINK_TO_LOGISTICAL_STATUS/DESCRIPTION\",\"modelName\":\"catalogModel\"}"}]}
RESULT: undefined
COMMAND: POST /session/5780a996aa8c51000aed420822d33f83/execute/async - {"script":"<script> [6424 bytes]","args":[{"element-6066-11e4-a52e-4f735466cecf":"f.C12891CE133D59B6823BF6462A308BA2.d.9E27082DB67961992126982B36EBACC8.e.16781"},"getText",[]]}
RESULT: {"script":"<script> [6424 bytes]","args":[{"element-6066-11e4-a52e-4f735466cecf":"f.C12891CE133D59B6823BF6462A308BA2.d.9E27082DB67961992126982B36EBACC8.e.16781"},"getText",[]]}
COMMAND: POST /session/5780a996aa8c51000aed420822d33f83/execute/async - {"script":"<script> [1562 bytes]","args":[{"selector":{"controlType":"sap.m.ObjectStatus","viewName":"etm.portal.ui.managecontracts.view.Detail","bindingPath":{"propertyPath":"LINK_TO_COMMERCIAL_STATUS/DESCRIPTION","modelName":"catalogModel"}},"wdio_ui5_key":"etmportal.ui.managecontracts.view.Detailsap.m.ObjectStatus{\"propertyPath\":\"LINK_TO_COMMERCIAL_STATUS/DESCRIPTION\",\"modelName\":\"catalogModel\"}"}]}
RESULT: {"script":"<script> [1562 bytes]","args":[{"selector":{"controlType":"sap.m.ObjectStatus","viewName":"etm.portal.ui.managecontracts.view.Detail","bindingPath":{"propertyPath":"LINK_TO_COMMERCIAL_STATUS/DESCRIPTION","modelName":"catalogModel"}},"wdio_ui5_key":"etmportal.ui.managecontracts.view.Detailsap.m.ObjectStatus{\"propertyPath\":\"LINK_TO_COMMERCIAL_STATUS/DESCRIPTION\",\"modelName\":\"catalogModel\"}"}]}
RESULT: undefined
COMMAND: POST /session/5780a996aa8c51000aed420822d33f83/execute/async - {"script":"<script> [6424 bytes]","args":[{"element-6066-11e4-a52e-4f735466cecf":"f.C12891CE133D59B6823BF6462A308BA2.d.9E27082DB67961992126982B36EBACC8.e.16782"},"getText",[]]}
RESULT: {"script":"<script> [6424 bytes]","args":[{"element-6066-11e4-a52e-4f735466cecf":"f.C12891CE133D59B6823BF6462A308BA2.d.9E27082DB67961992126982B36EBACC8.e.16782"},"getText",[]]}
COMMAND: POST /session/5780a996aa8c51000aed420822d33f83/execute/async - {"script":"<script> [1562 bytes]","args":[{"selector":{"id":"backBtn"},"wdio_ui5_key":"backBtn"}]}
RESULT: {"script":"<script> [1562 bytes]","args":[{"selector":{"id":"backBtn"},"wdio_ui5_key":"backBtn"}]}
RESULT: undefined
COMMAND: POST /session/5780a996aa8c51000aed420822d33f83/element - {"using":"xpath","value":"//*[@id=\"backBtn\"]"}
RESULT: {"using":"xpath","value":"//*[@id=\"backBtn\"]"}
COMMAND: POST /session/5780a996aa8c51000aed420822d33f83/element/f.C12891CE133D59B6823BF6462A308BA2.d.9E27082DB67961992126982B36EBACC8.e.16783/click - {}
RESULT: {}
COMMAND: GET /session/5780a996aa8c51000aed420822d33f83/screenshot - {}
COMMAND: POST /session/5780a996aa8c51000aed420822d33f83/execute/async - {"script":"<script> [1562 bytes]","args":[{"selector":{"controlType":"sap.m.Text","viewName":"etm.portal.ui.managehandovers.view.DetailExecuteHO","bindingPath":{"propertyPath":"NO","modelName":"catalogModel"}},"wdio_ui5_key":"etmportal.ui.managehandovers.view.DetailExecuteHOsap.m.Text{\"propertyPath\":\"NO\",\"modelName\":\"catalogModel\"}"}]}
RESULT: {}
RESULT: {"script":"<script> [1562 bytes]","args":[{"selector":{"controlType":"sap.m.Text","viewName":"etm.portal.ui.managehandovers.view.DetailExecuteHO","bindingPath":{"propertyPath":"NO","modelName":"catalogModel"}},"wdio_ui5_key":"etmportal.ui.managehandovers.view.DetailExecuteHOsap.m.Text{\"propertyPath\":\"NO\",\"modelName\":\"catalogModel\"}"}]}
RESULT: undefined
COMMAND: POST /session/5780a996aa8c51000aed420822d33f83/execute/async - {"script":"<script> [6424 bytes]","args":[{"element-6066-11e4-a52e-4f735466cecf":"f.C12891CE133D59B6823BF6462A308BA2.d.9E27082DB67961992126982B36EBACC8.e.16937"},"getText",[]]}
RESULT: {"script":"<script> [6424 bytes]","args":[{"element-6066-11e4-a52e-4f735466cecf":"f.C12891CE133D59B6823BF6462A308BA2.d.9E27082DB67961992126982B36EBACC8.e.16937"},"getText",[]]}
COMMAND: POST /session/5780a996aa8c51000aed420822d33f83/execute/async - {"script":"<script> [1562 bytes]","args":[{"selector":{"controlType":"sap.m.Button","viewName":"etm.portal.ui.managehandovers.view.DetailExecuteHO","i18NText":{"propertyName":"text","key":"confirmAll"},"interaction":{"idSuffix":"inner"}},"wdio_ui5_key":"etmportal.ui.managehandovers.view.DetailExecuteHOsap.m.Button{\"propertyName\":\"text\",\"key\":\"confirmAll\"}"}]}
RESULT: {"script":"<script> [1562 bytes]","args":[{"selector":{"controlType":"sap.m.Button","viewName":"etm.portal.ui.managehandovers.view.DetailExecuteHO","i18NText":{"propertyName":"text","key":"confirmAll"},"interaction":{"idSuffix":"inner"}},"wdio_ui5_key":"etmportal.ui.managehandovers.view.DetailExecuteHOsap.m.Button{\"propertyName\":\"text\",\"key\":\"confirmAll\"}"}]}
RESULT: undefined
COMMAND: POST /session/5780a996aa8c51000aed420822d33f83/element - {"using":"xpath","value":"//*[@id=\"__button248\"]"}
RESULT: {"using":"xpath","value":"//*[@id=\"__button248\"]"}
COMMAND: POST /session/5780a996aa8c51000aed420822d33f83/element/f.C12891CE133D59B6823BF6462A308BA2.d.9E27082DB67961992126982B36EBACC8.e.16941/click - {}
RESULT: {}
COMMAND: GET /session/5780a996aa8c51000aed420822d33f83/screenshot - {}
RESULT: {}
COMMAND: POST /session/5780a996aa8c51000aed420822d33f83/execute/async - {"script":"<script> [1562 bytes]","args":[{"selector":{"controlType":"sap.m.Button","properties":{"text":"OK"},"searchOpenDialogs":true,"interaction":{"idSuffix":"content"}},"wdio_ui5_key":"sapm.Button{\"text\":\"OK\"}"}]}
RESULT: {"script":"<script> [1562 bytes]","args":[{"selector":{"controlType":"sap.m.Button","properties":{"text":"OK"},"searchOpenDialogs":true,"interaction":{"idSuffix":"content"}},"wdio_ui5_key":"sapm.Button{\"text\":\"OK\"}"}]}
RESULT: undefined
COMMAND: POST /session/5780a996aa8c51000aed420822d33f83/element - {"using":"xpath","value":"//*[@id=\"__mbox-btn-2\"]"}
RESULT: {"using":"xpath","value":"//*[@id=\"__mbox-btn-2\"]"}
COMMAND: POST /session/5780a996aa8c51000aed420822d33f83/element/f.C12891CE133D59B6823BF6462A308BA2.d.9E27082DB67961992126982B36EBACC8.e.16942/click - {}
RESULT: {}
COMMAND: GET /session/5780a996aa8c51000aed420822d33f83/screenshot - {}
RESULT: {}
COMMAND: POST /session/5780a996aa8c51000aed420822d33f83/element - {"using":"xpath","value":"//button[contains(@data-kt ,\"execHoPickFooterButton\")]"}
RESULT: {"using":"xpath","value":"//button[contains(@data-kt ,\"execHoPickFooterButton\")]"}
COMMAND: POST /session/5780a996aa8c51000aed420822d33f83/element/f.C12891CE133D59B6823BF6462A308BA2.d.9E27082DB67961992126982B36EBACC8.e.16945/click - {}
RESULT: {}
COMMAND: GET /session/5780a996aa8c51000aed420822d33f83/screenshot - {}
RESULT: {}
COMMAND: POST /session/5780a996aa8c51000aed420822d33f83/refresh - {}
RESULT: {}
COMMAND: GET /session/5780a996aa8c51000aed420822d33f83/screenshot - {}
RESULT: {}
COMMAND: POST /session/5780a996aa8c51000aed420822d33f83/refresh - {}
RESULT: {}
COMMAND: GET /session/5780a996aa8c51000aed420822d33f83/screenshot - {}
RESULT: {}
COMMAND: POST /session/5780a996aa8c51000aed420822d33f83/window/fullscreen - {}
RESULT: {}
COMMAND: POST /session/5780a996aa8c51000aed420822d33f83/execute/async - {"script":"<script> [189 bytes]","args":[]}
RESULT: {"script":"<script> [189 bytes]","args":[]}
COMMAND: POST /session/5780a996aa8c51000aed420822d33f83/execute/async - {"script":"<script> [123 bytes]","args":[]}
RESULT: {"script":"<script> [123 bytes]","args":[]}
COMMAND: POST /session/5780a996aa8c51000aed420822d33f83/timeouts - {"script":"<number>"}
RESULT: {"script":"<number>"}
COMMAND: GET /session/5780a996aa8c51000aed420822d33f83/timeouts - {}
RESULT: {}
RESULT: undefined
COMMAND: POST /session/5780a996aa8c51000aed420822d33f83/execute/async - {"script":"<script> [2676 bytes]","args":[]}
RESULT: {"script":"<script> [2676 bytes]","args":[]}
COMMAND: POST /session/5780a996aa8c51000aed420822d33f83/execute/async - {"script":"<script> [2342 bytes]","args":[{"protocol":"http","hostname":"0.0.0.0","path":"/","capabilities":{"browserName":"chrome","goog:chromeOptions":{"binary":"C:\\Program Files\\Google\\Chrome\\Application\\chrome.exe","args":["--start-maximized"]}},"logLevel":"warn","connectionRetryTimeout":120000,"connectionRetryCount":3,"logLevels":{},"enableDirectConnect":true,"strictSSL":true,"_":"65 more keys: [\"cacheDir\",\"port\",\"requestedCapabilities\",\"automationProtocol\",\"baseUrl\",\"waitforInterval\",\"waitforTimeout\",\"onReload\",\"beforeCommand\",\"afterCommand\",\"rootDir\",\"specs\",\"suites\",\"exclude\",\"groupLogsByTestSpec\",\"excludeDriverLogs\",\"bail\",\"framework\",\"reporters\",\"services\",\"maxInstances\",\"maxInstancesPerCapability\",\"injectGlobals\",\"filesToWatch\",\"execArgv\",\"runnerEnv\",\"runner\",\"shard\",\"specFileRetries\",\"specFileRetriesDelay\",\"specFileRetriesDeferred\",\"reporterSyncInterval\",\"reporterSyncTimeout\",\"cucumberFeaturesWithLineNumbers\",\"autoCompileOpts\",\"mochaOpts\",\"jasmineOpts\",\"cucumberOpts\",\"onPrepare\",\"onWorkerStart\",\"onWorkerEnd\",\"before\",\"beforeSession\",\"beforeSuite\",\"beforeHook\",\"beforeTest\",\"afterTest\",\"afterHook\",\"afterSuite\",\"afterSession\",\"after\",\"onComplete\",\"beforeAssertion\",\"afterAssertion\",\"beforeFeature\",\"beforeScenario\",\"beforeStep\",\"afterStep\",\"afterScenario\",\"afterFeature\",\"_\",\"suite\",\"$0\",\"ignoredWorkerServices\",\"wdi5\"]"}]}
RESULT: {"script":"<script> [2342 bytes]","args":[{"protocol":"http","hostname":"0.0.0.0","path":"/","capabilities":{"browserName":"chrome","goog:chromeOptions":{"binary":"C:\\Program Files\\Google\\Chrome\\Application\\chrome.exe","args":["--start-maximized"]}},"logLevel":"warn","connectionRetryTimeout":120000,"connectionRetryCount":3,"logLevels":{},"enableDirectConnect":true,"strictSSL":true,"_":"65 more keys: [\"cacheDir\",\"port\",\"requestedCapabilities\",\"automationProtocol\",\"baseUrl\",\"waitforInterval\",\"waitforTimeout\",\"onReload\",\"beforeCommand\",\"afterCommand\",\"rootDir\",\"specs\",\"suites\",\"exclude\",\"groupLogsByTestSpec\",\"excludeDriverLogs\",\"bail\",\"framework\",\"reporters\",\"services\",\"maxInstances\",\"maxInstancesPerCapability\",\"injectGlobals\",\"filesToWatch\",\"execArgv\",\"runnerEnv\",\"runner\",\"shard\",\"specFileRetries\",\"specFileRetriesDelay\",\"specFileRetriesDeferred\",\"reporterSyncInterval\",\"reporterSyncTimeout\",\"cucumberFeaturesWithLineNumbers\",\"autoCompileOpts\",\"mochaOpts\",\"jasmineOpts\",\"cucumberOpts\",\"onPrepare\",\"onWorkerStart\",\"onWorkerEnd\",\"before\",\"beforeSession\",\"beforeSuite\",\"beforeHook\",\"beforeTest\",\"afterTest\",\"afterHook\",\"afterSuite\",\"afterSession\",\"after\",\"onComplete\",\"beforeAssertion\",\"afterAssertion\",\"beforeFeature\",\"beforeScenario\",\"beforeStep\",\"afterStep\",\"afterScenario\",\"afterFeature\",\"_\",\"suite\",\"$0\",\"ignoredWorkerServices\",\"wdi5\"]"}]}
COMMAND: POST /session/5780a996aa8c51000aed420822d33f83/execute/async - {"script":"<script> [21126 bytes]","args":[35000]}
RESULT: {"script":"<script> [21126 bytes]","args":[35000]}
COMMAND: POST /session/5780a996aa8c51000aed420822d33f83/execute/async - {"script":"<script> [1562 bytes]","args":[{"selector":{"controlType":"sap.m.SearchField","viewName":"etm.portal.ui.managehandovers.view.MasterHO","bindingPath":{"path":"","propertyPath":"/_BASIC_SEARCH_FIELD","modelName":"fi1t3rM0d31"},"interaction":{"idSuffix":"I"}},"wdio_ui5_key":"etmportal.ui.managehandovers.view.MasterHOsap.m.SearchField{\"path\":\"\",\"propertyPath\":\"/_BASIC_SEARCH_FIELD\",\"modelName\":\"fi1t3rM0d31\"}"}]}
RESULT: {"script":"<script> [1562 bytes]","args":[{"selector":{"controlType":"sap.m.SearchField","viewName":"etm.portal.ui.managehandovers.view.MasterHO","bindingPath":{"path":"","propertyPath":"/_BASIC_SEARCH_FIELD","modelName":"fi1t3rM0d31"},"interaction":{"idSuffix":"I"}},"wdio_ui5_key":"etmportal.ui.managehandovers.view.MasterHOsap.m.SearchField{\"path\":\"\",\"propertyPath\":\"/_BASIC_SEARCH_FIELD\",\"modelName\":\"fi1t3rM0d31\"}"}]}
RESULT: undefined
COMMAND: POST /session/5780a996aa8c51000aed420822d33f83/execute/async - {"script":"<script> [776 bytes]","args":[{"enterText":"30602","selector":{"controlType":"sap.m.SearchField","viewName":"etm.portal.ui.managehandovers.view.MasterHO","bindingPath":{"path":"","propertyPath":"/_BASIC_SEARCH_FIELD","modelName":"fi1t3rM0d31"},"interaction":{"idSuffix":"I"}},"clearTextFirst":true,"interactionType":"ENTER_TEXT"}]}
RESULT: {"script":"<script> [776 bytes]","args":[{"enterText":"30602","selector":{"controlType":"sap.m.SearchField","viewName":"etm.portal.ui.managehandovers.view.MasterHO","bindingPath":{"path":"","propertyPath":"/_BASIC_SEARCH_FIELD","modelName":"fi1t3rM0d31"},"interaction":{"idSuffix":"I"}},"clearTextFirst":true,"interactionType":"ENTER_TEXT"}]}
COMMAND: POST /session/5780a996aa8c51000aed420822d33f83/actions - {"actions":[{"id":"action82","type":"key","parameters":{},"actions":[{"type":"keyDown","value":"î€‡"},{"type":"pause","duration":10},{"type":"keyUp","value":"î€‡"}]}]}
RESULT: {"actions":[{"id":"action82","type":"key","parameters":{},"actions":[{"type":"keyDown","value":"î€‡"},{"type":"pause","duration":10},{"type":"keyUp","value":"î€‡"}]}]}
COMMAND: GET /session/5780a996aa8c51000aed420822d33f83/screenshot - {}
RESULT: {}
COMMAND: POST /session/5780a996aa8c51000aed420822d33f83/execute/async - {"script":"<script> [1562 bytes]","args":[{"selector":{"controlType":"sap.m.Title","viewName":"etm.portal.ui.managehandovers.view.MasterHO","properties":{"text":"Records (1)"}},"wdio_ui5_key":"etmportal.ui.managehandovers.view.MasterHOsap.m.Title{\"text\":\"Records (1)\"}"}]}
RESULT: {"script":"<script> [1562 bytes]","args":[{"selector":{"controlType":"sap.m.Title","viewName":"etm.portal.ui.managehandovers.view.MasterHO","properties":{"text":"Records (1)"}},"wdio_ui5_key":"etmportal.ui.managehandovers.view.MasterHOsap.m.Title{\"text\":\"Records (1)\"}"}]}
RESULT: undefined
COMMAND: POST /session/5780a996aa8c51000aed420822d33f83/execute/async - {"script":"<script> [6424 bytes]","args":[{"element-6066-11e4-a52e-4f735466cecf":"f.C12891CE133D59B6823BF6462A308BA2.d.715C10BEA833C2632F2A55B494B56B40.e.17238"},"getText",[]]}
RESULT: {"script":"<script> [6424 bytes]","args":[{"element-6066-11e4-a52e-4f735466cecf":"f.C12891CE133D59B6823BF6462A308BA2.d.715C10BEA833C2632F2A55B494B56B40.e.17238"},"getText",[]]}
COMMAND: POST /session/5780a996aa8c51000aed420822d33f83/execute/async - {"script":"<script> [1562 bytes]","args":[{"selector":{"controlType":"sap.ui.core.Icon","viewName":"etm.portal.ui.managehandovers.view.MasterHO","properties":{"src":{"regex":{"source":"slim\\-arrow\\-right"}}}},"wdio_ui5_key":"etmportal.ui.managehandovers.view.MasterHOsap.ui.core.Icon{\"src\":{\"regex\":{\"source\":\"slim\\\\-arrow\\\\-right\"}}}"}]}
RESULT: {"script":"<script> [1562 bytes]","args":[{"selector":{"controlType":"sap.ui.core.Icon","viewName":"etm.portal.ui.managehandovers.view.MasterHO","properties":{"src":{"regex":{"source":"slim\\-arrow\\-right"}}}},"wdio_ui5_key":"etmportal.ui.managehandovers.view.MasterHOsap.ui.core.Icon{\"src\":{\"regex\":{\"source\":\"slim\\\\-arrow\\\\-right\"}}}"}]}
RESULT: undefined
COMMAND: POST /session/5780a996aa8c51000aed420822d33f83/element - {"using":"xpath","value":"//*[@id=\"__item30-__clone16-imgNav\"]"}
RESULT: {"using":"xpath","value":"//*[@id=\"__item30-__clone16-imgNav\"]"}
COMMAND: POST /session/5780a996aa8c51000aed420822d33f83/element/f.C12891CE133D59B6823BF6462A308BA2.d.715C10BEA833C2632F2A55B494B56B40.e.17237/click - {}
RESULT: {}
COMMAND: GET /session/5780a996aa8c51000aed420822d33f83/screenshot - {}
RESULT: {}
COMMAND: POST /session/5780a996aa8c51000aed420822d33f83/element - {"using":"xpath","value":"//a[contains(@data-kt ,\"GeneralSectionReceiveContracttLink\")]"}
RESULT: {"using":"xpath","value":"//a[contains(@data-kt ,\"GeneralSectionReceiveContracttLink\")]"}
COMMAND: POST /session/5780a996aa8c51000aed420822d33f83/element/f.C12891CE133D59B6823BF6462A308BA2.d.715C10BEA833C2632F2A55B494B56B40.e.17338/click - {}
RESULT: {}
COMMAND: GET /session/5780a996aa8c51000aed420822d33f83/screenshot - {}
RESULT: {}
COMMAND: POST /session/5780a996aa8c51000aed420822d33f83/element - {"using":"xpath","value":"//a[contains(@data-kt ,\"ContextMenuId2Link\")]"}
RESULT: {"using":"xpath","value":"//a[contains(@data-kt ,\"ContextMenuId2Link\")]"}
COMMAND: POST /session/5780a996aa8c51000aed420822d33f83/element/f.C12891CE133D59B6823BF6462A308BA2.d.715C10BEA833C2632F2A55B494B56B40.e.17341/click - {}
RESULT: {}
COMMAND: GET /session/5780a996aa8c51000aed420822d33f83/screenshot - {}
RESULT: {}
COMMAND: POST /session/5780a996aa8c51000aed420822d33f83/execute/async - {"script":"<script> [1562 bytes]","args":[{"selector":{"controlType":"sap.m.ObjectStatus","viewName":"etm.portal.ui.managecontracts.view.Detail","bindingPath":{"propertyPath":"LINK_TO_LOGISTICAL_STATUS/DESCRIPTION","modelName":"catalogModel"}},"wdio_ui5_key":"etmportal.ui.managecontracts.view.Detailsap.m.ObjectStatus{\"propertyPath\":\"LINK_TO_LOGISTICAL_STATUS/DESCRIPTION\",\"modelName\":\"catalogModel\"}"}]}
RESULT: {"script":"<script> [1562 bytes]","args":[{"selector":{"controlType":"sap.m.ObjectStatus","viewName":"etm.portal.ui.managecontracts.view.Detail","bindingPath":{"propertyPath":"LINK_TO_LOGISTICAL_STATUS/DESCRIPTION","modelName":"catalogModel"}},"wdio_ui5_key":"etmportal.ui.managecontracts.view.Detailsap.m.ObjectStatus{\"propertyPath\":\"LINK_TO_LOGISTICAL_STATUS/DESCRIPTION\",\"modelName\":\"catalogModel\"}"}]}
RESULT: undefined
COMMAND: POST /session/5780a996aa8c51000aed420822d33f83/execute/async - {"script":"<script> [6424 bytes]","args":[{"element-6066-11e4-a52e-4f735466cecf":"f.C12891CE133D59B6823BF6462A308BA2.d.715C10BEA833C2632F2A55B494B56B40.e.17579"},"getText",[]]}
RESULT: {"script":"<script> [6424 bytes]","args":[{"element-6066-11e4-a52e-4f735466cecf":"f.C12891CE133D59B6823BF6462A308BA2.d.715C10BEA833C2632F2A55B494B56B40.e.17579"},"getText",[]]}
COMMAND: POST /session/5780a996aa8c51000aed420822d33f83/execute/async - {"script":"<script> [1562 bytes]","args":[{"selector":{"controlType":"sap.m.ObjectStatus","viewName":"etm.portal.ui.managecontracts.view.Detail","bindingPath":{"propertyPath":"LINK_TO_COMMERCIAL_STATUS/DESCRIPTION","modelName":"catalogModel"}},"wdio_ui5_key":"etmportal.ui.managecontracts.view.Detailsap.m.ObjectStatus{\"propertyPath\":\"LINK_TO_COMMERCIAL_STATUS/DESCRIPTION\",\"modelName\":\"catalogModel\"}"}]}
RESULT: {"script":"<script> [1562 bytes]","args":[{"selector":{"controlType":"sap.m.ObjectStatus","viewName":"etm.portal.ui.managecontracts.view.Detail","bindingPath":{"propertyPath":"LINK_TO_COMMERCIAL_STATUS/DESCRIPTION","modelName":"catalogModel"}},"wdio_ui5_key":"etmportal.ui.managecontracts.view.Detailsap.m.ObjectStatus{\"propertyPath\":\"LINK_TO_COMMERCIAL_STATUS/DESCRIPTION\",\"modelName\":\"catalogModel\"}"}]}
RESULT: undefined
COMMAND: POST /session/5780a996aa8c51000aed420822d33f83/execute/async - {"script":"<script> [6424 bytes]","args":[{"element-6066-11e4-a52e-4f735466cecf":"f.C12891CE133D59B6823BF6462A308BA2.d.715C10BEA833C2632F2A55B494B56B40.e.17580"},"getText",[]]}
RESULT: {"script":"<script> [6424 bytes]","args":[{"element-6066-11e4-a52e-4f735466cecf":"f.C12891CE133D59B6823BF6462A308BA2.d.715C10BEA833C2632F2A55B494B56B40.e.17580"},"getText",[]]}
COMMAND: POST /session/5780a996aa8c51000aed420822d33f83/execute/async - {"script":"<script> [1562 bytes]","args":[{"selector":{"id":"backBtn"},"wdio_ui5_key":"backBtn"}]}
RESULT: {"script":"<script> [1562 bytes]","args":[{"selector":{"id":"backBtn"},"wdio_ui5_key":"backBtn"}]}
RESULT: undefined
COMMAND: POST /session/5780a996aa8c51000aed420822d33f83/element - {"using":"xpath","value":"//*[@id=\"backBtn\"]"}
RESULT: {"using":"xpath","value":"//*[@id=\"backBtn\"]"}
COMMAND: POST /session/5780a996aa8c51000aed420822d33f83/element/f.C12891CE133D59B6823BF6462A308BA2.d.715C10BEA833C2632F2A55B494B56B40.e.17581/click - {}
RESULT: {}
COMMAND: GET /session/5780a996aa8c51000aed420822d33f83/screenshot - {}
RESULT: {}
COMMAND: POST /session/5780a996aa8c51000aed420822d33f83/execute/async - {"script":"<script> [1562 bytes]","args":[{"selector":{"controlType":"sap.m.Button","viewName":"etm.portal.ui.managehandovers.view.DetailExecuteHO","i18NText":{"propertyName":"text","key":"confirmAll"},"interaction":{"idSuffix":"BDI-content"}},"wdio_ui5_key":"etmportal.ui.managehandovers.view.DetailExecuteHOsap.m.Button{\"propertyName\":\"text\",\"key\":\"confirmAll\"}"}]}
RESULT: {"script":"<script> [1562 bytes]","args":[{"selector":{"controlType":"sap.m.Button","viewName":"etm.portal.ui.managehandovers.view.DetailExecuteHO","i18NText":{"propertyName":"text","key":"confirmAll"},"interaction":{"idSuffix":"BDI-content"}},"wdio_ui5_key":"etmportal.ui.managehandovers.view.DetailExecuteHOsap.m.Button{\"propertyName\":\"text\",\"key\":\"confirmAll\"}"}]}
RESULT: undefined
COMMAND: POST /session/5780a996aa8c51000aed420822d33f83/element - {"using":"xpath","value":"//*[@id=\"__button84\"]"}
RESULT: {"using":"xpath","value":"//*[@id=\"__button84\"]"}
COMMAND: POST /session/5780a996aa8c51000aed420822d33f83/element/f.C12891CE133D59B6823BF6462A308BA2.d.715C10BEA833C2632F2A55B494B56B40.e.17873/click - {}
RESULT: {}
COMMAND: GET /session/5780a996aa8c51000aed420822d33f83/screenshot - {}
RESULT: {}
COMMAND: POST /session/5780a996aa8c51000aed420822d33f83/execute/async - {"script":"<script> [1562 bytes]","args":[{"selector":{"controlType":"sap.m.Button","properties":{"text":"OK"},"searchOpenDialogs":true,"interaction":{"idSuffix":"inner"}},"wdio_ui5_key":"sapm.Button{\"text\":\"OK\"}"}]}
RESULT: {"script":"<script> [1562 bytes]","args":[{"selector":{"controlType":"sap.m.Button","properties":{"text":"OK"},"searchOpenDialogs":true,"interaction":{"idSuffix":"inner"}},"wdio_ui5_key":"sapm.Button{\"text\":\"OK\"}"}]}
RESULT: undefined
COMMAND: POST /session/5780a996aa8c51000aed420822d33f83/element - {"using":"xpath","value":"//*[@id=\"__mbox-btn-0\"]"}
RESULT: {"using":"xpath","value":"//*[@id=\"__mbox-btn-0\"]"}
COMMAND: POST /session/5780a996aa8c51000aed420822d33f83/element/f.C12891CE133D59B6823BF6462A308BA2.d.715C10BEA833C2632F2A55B494B56B40.e.17879/click - {}
RESULT: {}
COMMAND: GET /session/5780a996aa8c51000aed420822d33f83/screenshot - {}
RESULT: {}
COMMAND: POST /session/5780a996aa8c51000aed420822d33f83/element - {"using":"xpath","value":"//button[contains(@data-kt ,\"execHoIssueFooterButton\")]"}
RESULT: {"using":"xpath","value":"//button[contains(@data-kt ,\"execHoIssueFooterButton\")]"}
COMMAND: POST /session/5780a996aa8c51000aed420822d33f83/element/f.C12891CE133D59B6823BF6462A308BA2.d.715C10BEA833C2632F2A55B494B56B40.e.17882/click - {}
RESULT: {}
COMMAND: GET /session/5780a996aa8c51000aed420822d33f83/screenshot - {}
RESULT: {}
COMMAND: POST /session/5780a996aa8c51000aed420822d33f83/refresh - {}
RESULT: {}
COMMAND: GET /session/5780a996aa8c51000aed420822d33f83/screenshot - {}
RESULT: {}
COMMAND: POST /session/5780a996aa8c51000aed420822d33f83/refresh - {}
RESULT: {}
COMMAND: GET /session/5780a996aa8c51000aed420822d33f83/screenshot - {}
RESULT: {}
COMMAND: POST /session/5780a996aa8c51000aed420822d33f83/window/fullscreen - {}
RESULT: {}
COMMAND: POST /session/5780a996aa8c51000aed420822d33f83/execute/async - {"script":"<script> [189 bytes]","args":[]}
RESULT: {"script":"<script> [189 bytes]","args":[]}
COMMAND: POST /session/5780a996aa8c51000aed420822d33f83/execute/async - {"script":"<script> [123 bytes]","args":[]}
RESULT: {"script":"<script> [123 bytes]","args":[]}
COMMAND: POST /session/5780a996aa8c51000aed420822d33f83/timeouts - {"script":"<number>"}
RESULT: {"script":"<number>"}
COMMAND: GET /session/5780a996aa8c51000aed420822d33f83/timeouts - {}
RESULT: {}
RESULT: undefined
COMMAND: POST /session/5780a996aa8c51000aed420822d33f83/execute/async - {"script":"<script> [2676 bytes]","args":[]}
RESULT: {"script":"<script> [2676 bytes]","args":[]}
COMMAND: POST /session/5780a996aa8c51000aed420822d33f83/execute/async - {"script":"<script> [2342 bytes]","args":[{"protocol":"http","hostname":"0.0.0.0","path":"/","capabilities":{"browserName":"chrome","goog:chromeOptions":{"binary":"C:\\Program Files\\Google\\Chrome\\Application\\chrome.exe","args":["--start-maximized"]}},"logLevel":"warn","connectionRetryTimeout":120000,"connectionRetryCount":3,"logLevels":{},"enableDirectConnect":true,"strictSSL":true,"_":"65 more keys: [\"cacheDir\",\"port\",\"requestedCapabilities\",\"automationProtocol\",\"baseUrl\",\"waitforInterval\",\"waitforTimeout\",\"onReload\",\"beforeCommand\",\"afterCommand\",\"rootDir\",\"specs\",\"suites\",\"exclude\",\"groupLogsByTestSpec\",\"excludeDriverLogs\",\"bail\",\"framework\",\"reporters\",\"services\",\"maxInstances\",\"maxInstancesPerCapability\",\"injectGlobals\",\"filesToWatch\",\"execArgv\",\"runnerEnv\",\"runner\",\"shard\",\"specFileRetries\",\"specFileRetriesDelay\",\"specFileRetriesDeferred\",\"reporterSyncInterval\",\"reporterSyncTimeout\",\"cucumberFeaturesWithLineNumbers\",\"autoCompileOpts\",\"mochaOpts\",\"jasmineOpts\",\"cucumberOpts\",\"onPrepare\",\"onWorkerStart\",\"onWorkerEnd\",\"before\",\"beforeSession\",\"beforeSuite\",\"beforeHook\",\"beforeTest\",\"afterTest\",\"afterHook\",\"afterSuite\",\"afterSession\",\"after\",\"onComplete\",\"beforeAssertion\",\"afterAssertion\",\"beforeFeature\",\"beforeScenario\",\"beforeStep\",\"afterStep\",\"afterScenario\",\"afterFeature\",\"_\",\"suite\",\"$0\",\"ignoredWorkerServices\",\"wdi5\"]"}]}
RESULT: {"script":"<script> [2342 bytes]","args":[{"protocol":"http","hostname":"0.0.0.0","path":"/","capabilities":{"browserName":"chrome","goog:chromeOptions":{"binary":"C:\\Program Files\\Google\\Chrome\\Application\\chrome.exe","args":["--start-maximized"]}},"logLevel":"warn","connectionRetryTimeout":120000,"connectionRetryCount":3,"logLevels":{},"enableDirectConnect":true,"strictSSL":true,"_":"65 more keys: [\"cacheDir\",\"port\",\"requestedCapabilities\",\"automationProtocol\",\"baseUrl\",\"waitforInterval\",\"waitforTimeout\",\"onReload\",\"beforeCommand\",\"afterCommand\",\"rootDir\",\"specs\",\"suites\",\"exclude\",\"groupLogsByTestSpec\",\"excludeDriverLogs\",\"bail\",\"framework\",\"reporters\",\"services\",\"maxInstances\",\"maxInstancesPerCapability\",\"injectGlobals\",\"filesToWatch\",\"execArgv\",\"runnerEnv\",\"runner\",\"shard\",\"specFileRetries\",\"specFileRetriesDelay\",\"specFileRetriesDeferred\",\"reporterSyncInterval\",\"reporterSyncTimeout\",\"cucumberFeaturesWithLineNumbers\",\"autoCompileOpts\",\"mochaOpts\",\"jasmineOpts\",\"cucumberOpts\",\"onPrepare\",\"onWorkerStart\",\"onWorkerEnd\",\"before\",\"beforeSession\",\"beforeSuite\",\"beforeHook\",\"beforeTest\",\"afterTest\",\"afterHook\",\"afterSuite\",\"afterSession\",\"after\",\"onComplete\",\"beforeAssertion\",\"afterAssertion\",\"beforeFeature\",\"beforeScenario\",\"beforeStep\",\"afterStep\",\"afterScenario\",\"afterFeature\",\"_\",\"suite\",\"$0\",\"ignoredWorkerServices\",\"wdi5\"]"}]}
COMMAND: POST /session/5780a996aa8c51000aed420822d33f83/execute/async - {"script":"<script> [21126 bytes]","args":[35000]}
RESULT: {"script":"<script> [21126 bytes]","args":[35000]}
COMMAND: POST /session/5780a996aa8c51000aed420822d33f83/execute/async - {"script":"<script> [1562 bytes]","args":[{"selector":{"controlType":"sap.m.SearchField","viewName":"etm.portal.ui.managehandovers.view.MasterHO","bindingPath":{"path":"","propertyPath":"/_BASIC_SEARCH_FIELD","modelName":"fi1t3rM0d31"},"interaction":{"idSuffix":"I"}},"wdio_ui5_key":"etmportal.ui.managehandovers.view.MasterHOsap.m.SearchField{\"path\":\"\",\"propertyPath\":\"/_BASIC_SEARCH_FIELD\",\"modelName\":\"fi1t3rM0d31\"}"}]}
RESULT: {"script":"<script> [1562 bytes]","args":[{"selector":{"controlType":"sap.m.SearchField","viewName":"etm.portal.ui.managehandovers.view.MasterHO","bindingPath":{"path":"","propertyPath":"/_BASIC_SEARCH_FIELD","modelName":"fi1t3rM0d31"},"interaction":{"idSuffix":"I"}},"wdio_ui5_key":"etmportal.ui.managehandovers.view.MasterHOsap.m.SearchField{\"path\":\"\",\"propertyPath\":\"/_BASIC_SEARCH_FIELD\",\"modelName\":\"fi1t3rM0d31\"}"}]}
RESULT: undefined
COMMAND: POST /session/5780a996aa8c51000aed420822d33f83/execute/async - {"script":"<script> [776 bytes]","args":[{"enterText":"30602","selector":{"controlType":"sap.m.SearchField","viewName":"etm.portal.ui.managehandovers.view.MasterHO","bindingPath":{"path":"","propertyPath":"/_BASIC_SEARCH_FIELD","modelName":"fi1t3rM0d31"},"interaction":{"idSuffix":"I"}},"clearTextFirst":true,"interactionType":"ENTER_TEXT"}]}
RESULT: {"script":"<script> [776 bytes]","args":[{"enterText":"30602","selector":{"controlType":"sap.m.SearchField","viewName":"etm.portal.ui.managehandovers.view.MasterHO","bindingPath":{"path":"","propertyPath":"/_BASIC_SEARCH_FIELD","modelName":"fi1t3rM0d31"},"interaction":{"idSuffix":"I"}},"clearTextFirst":true,"interactionType":"ENTER_TEXT"}]}
COMMAND: POST /session/5780a996aa8c51000aed420822d33f83/actions - {"actions":[{"id":"action83","type":"key","parameters":{},"actions":[{"type":"keyDown","value":"î€‡"},{"type":"pause","duration":10},{"type":"keyUp","value":"î€‡"}]}]}
RESULT: {"actions":[{"id":"action83","type":"key","parameters":{},"actions":[{"type":"keyDown","value":"î€‡"},{"type":"pause","duration":10},{"type":"keyUp","value":"î€‡"}]}]}
COMMAND: GET /session/5780a996aa8c51000aed420822d33f83/screenshot - {}
RESULT: {}
COMMAND: POST /session/5780a996aa8c51000aed420822d33f83/execute/async - {"script":"<script> [1562 bytes]","args":[{"selector":{"controlType":"sap.m.Title","viewName":"etm.portal.ui.managehandovers.view.MasterHO","properties":{"text":"Records (1)"}},"wdio_ui5_key":"etmportal.ui.managehandovers.view.MasterHOsap.m.Title{\"text\":\"Records (1)\"}"}]}
RESULT: {"script":"<script> [1562 bytes]","args":[{"selector":{"controlType":"sap.m.Title","viewName":"etm.portal.ui.managehandovers.view.MasterHO","properties":{"text":"Records (1)"}},"wdio_ui5_key":"etmportal.ui.managehandovers.view.MasterHOsap.m.Title{\"text\":\"Records (1)\"}"}]}
RESULT: undefined
COMMAND: POST /session/5780a996aa8c51000aed420822d33f83/execute/async - {"script":"<script> [6424 bytes]","args":[{"element-6066-11e4-a52e-4f735466cecf":"f.C12891CE133D59B6823BF6462A308BA2.d.715FF1B79A8FD5D19E6E325F46C76EF9.e.18079"},"getText",[]]}
RESULT: {"script":"<script> [6424 bytes]","args":[{"element-6066-11e4-a52e-4f735466cecf":"f.C12891CE133D59B6823BF6462A308BA2.d.715FF1B79A8FD5D19E6E325F46C76EF9.e.18079"},"getText",[]]}
COMMAND: POST /session/5780a996aa8c51000aed420822d33f83/execute/async - {"script":"<script> [1562 bytes]","args":[{"selector":{"controlType":"sap.ui.core.Icon","viewName":"etm.portal.ui.managehandovers.view.MasterHO","properties":{"src":{"regex":{"source":"slim\\-arrow\\-right"}}}},"wdio_ui5_key":"etmportal.ui.managehandovers.view.MasterHOsap.ui.core.Icon{\"src\":{\"regex\":{\"source\":\"slim\\\\-arrow\\\\-right\"}}}"}]}
RESULT: {"script":"<script> [1562 bytes]","args":[{"selector":{"controlType":"sap.ui.core.Icon","viewName":"etm.portal.ui.managehandovers.view.MasterHO","properties":{"src":{"regex":{"source":"slim\\-arrow\\-right"}}}},"wdio_ui5_key":"etmportal.ui.managehandovers.view.MasterHOsap.ui.core.Icon{\"src\":{\"regex\":{\"source\":\"slim\\\\-arrow\\\\-right\"}}}"}]}
RESULT: undefined
COMMAND: POST /session/5780a996aa8c51000aed420822d33f83/element - {"using":"xpath","value":"//*[@id=\"__item18-__clone16-imgNav\"]"}
RESULT: {"using":"xpath","value":"//*[@id=\"__item18-__clone16-imgNav\"]"}
COMMAND: POST /session/5780a996aa8c51000aed420822d33f83/element/f.C12891CE133D59B6823BF6462A308BA2.d.715FF1B79A8FD5D19E6E325F46C76EF9.e.18078/click - {}
RESULT: {}
COMMAND: GET /session/5780a996aa8c51000aed420822d33f83/screenshot - {}
RESULT: {}
COMMAND: POST /session/5780a996aa8c51000aed420822d33f83/execute/async - {"script":"<script> [1562 bytes]","args":[{"selector":{"controlType":"sap.m.ObjectStatus","viewName":"etm.portal.ui.managehandovers.view.DetailExecuteHO","labelFor":{"text":"Status"}},"wdio_ui5_key":"etmportal.ui.managehandovers.view.DetailExecuteHOsap.m.ObjectStatus{\"text\":\"Status\"}"}]}
RESULT: {"script":"<script> [1562 bytes]","args":[{"selector":{"controlType":"sap.m.ObjectStatus","viewName":"etm.portal.ui.managehandovers.view.DetailExecuteHO","labelFor":{"text":"Status"}},"wdio_ui5_key":"etmportal.ui.managehandovers.view.DetailExecuteHOsap.m.ObjectStatus{\"text\":\"Status\"}"}]}
RESULT: undefined
COMMAND: POST /session/5780a996aa8c51000aed420822d33f83/execute/async - {"script":"<script> [6424 bytes]","args":[{"element-6066-11e4-a52e-4f735466cecf":"f.C12891CE133D59B6823BF6462A308BA2.d.715FF1B79A8FD5D19E6E325F46C76EF9.e.18170"},"getText",[]]}
RESULT: {"script":"<script> [6424 bytes]","args":[{"element-6066-11e4-a52e-4f735466cecf":"f.C12891CE133D59B6823BF6462A308BA2.d.715FF1B79A8FD5D19E6E325F46C76EF9.e.18170"},"getText",[]]}
COMMAND: POST /session/5780a996aa8c51000aed420822d33f83/execute/async - {"script":"<script> [1562 bytes]","args":[{"selector":{"controlType":"sap.m.Button","viewName":"etm.portal.ui.managehandovers.view.DetailExecuteHO","i18NText":{"propertyName":"text","key":"confirmAll"},"interaction":{"idSuffix":"BDI-content"}},"wdio_ui5_key":"etmportal.ui.managehandovers.view.DetailExecuteHOsap.m.Button{\"propertyName\":\"text\",\"key\":\"confirmAll\"}"}]}
RESULT: {"script":"<script> [1562 bytes]","args":[{"selector":{"controlType":"sap.m.Button","viewName":"etm.portal.ui.managehandovers.view.DetailExecuteHO","i18NText":{"propertyName":"text","key":"confirmAll"},"interaction":{"idSuffix":"BDI-content"}},"wdio_ui5_key":"etmportal.ui.managehandovers.view.DetailExecuteHOsap.m.Button{\"propertyName\":\"text\",\"key\":\"confirmAll\"}"}]}
RESULT: undefined
COMMAND: POST /session/5780a996aa8c51000aed420822d33f83/element - {"using":"xpath","value":"//*[@id=\"__button30\"]"}
RESULT: {"using":"xpath","value":"//*[@id=\"__button30\"]"}
COMMAND: POST /session/5780a996aa8c51000aed420822d33f83/element/f.C12891CE133D59B6823BF6462A308BA2.d.715FF1B79A8FD5D19E6E325F46C76EF9.e.18174/click - {}
RESULT: {}
COMMAND: GET /session/5780a996aa8c51000aed420822d33f83/screenshot - {}
RESULT: {}
COMMAND: POST /session/5780a996aa8c51000aed420822d33f83/execute/async - {"script":"<script> [1562 bytes]","args":[{"selector":{"controlType":"sap.m.Button","properties":{"text":"OK"},"searchOpenDialogs":true,"interaction":{"idSuffix":"BDI-content"}},"wdio_ui5_key":"sapm.Button{\"text\":\"OK\"}"}]}
RESULT: {"script":"<script> [1562 bytes]","args":[{"selector":{"controlType":"sap.m.Button","properties":{"text":"OK"},"searchOpenDialogs":true,"interaction":{"idSuffix":"BDI-content"}},"wdio_ui5_key":"sapm.Button{\"text\":\"OK\"}"}]}
RESULT: undefined
COMMAND: POST /session/5780a996aa8c51000aed420822d33f83/element - {"using":"xpath","value":"//*[@id=\"__mbox-btn-0\"]"}
RESULT: {"using":"xpath","value":"//*[@id=\"__mbox-btn-0\"]"}
COMMAND: POST /session/5780a996aa8c51000aed420822d33f83/element/f.C12891CE133D59B6823BF6462A308BA2.d.715FF1B79A8FD5D19E6E325F46C76EF9.e.18175/click - {}
RESULT: {}
COMMAND: GET /session/5780a996aa8c51000aed420822d33f83/screenshot - {}
RESULT: {}
COMMAND: POST /session/5780a996aa8c51000aed420822d33f83/element - {"using":"xpath","value":"//button[contains(@data-kt ,\"execHoReceiveFooterButton\")]"}
RESULT: {"using":"xpath","value":"//button[contains(@data-kt ,\"execHoReceiveFooterButton\")]"}
COMMAND: POST /session/5780a996aa8c51000aed420822d33f83/element/f.C12891CE133D59B6823BF6462A308BA2.d.715FF1B79A8FD5D19E6E325F46C76EF9.e.18127/click - {}
RESULT: {}
COMMAND: GET /session/5780a996aa8c51000aed420822d33f83/screenshot - {}
RESULT: {}
COMMAND: POST /session/5780a996aa8c51000aed420822d33f83/refresh - {}
RESULT: {}
COMMAND: GET /session/5780a996aa8c51000aed420822d33f83/screenshot - {}
RESULT: {}
COMMAND: POST /session/5780a996aa8c51000aed420822d33f83/refresh - {}
RESULT: {}
COMMAND: GET /session/5780a996aa8c51000aed420822d33f83/screenshot - {}
RESULT: {}
COMMAND: POST /session/5780a996aa8c51000aed420822d33f83/window/fullscreen - {}
RESULT: {}
COMMAND: POST /session/5780a996aa8c51000aed420822d33f83/execute/async - {"script":"<script> [189 bytes]","args":[]}
RESULT: {"script":"<script> [189 bytes]","args":[]}
COMMAND: POST /session/5780a996aa8c51000aed420822d33f83/execute/async - {"script":"<script> [123 bytes]","args":[]}
RESULT: {"script":"<script> [123 bytes]","args":[]}
COMMAND: POST /session/5780a996aa8c51000aed420822d33f83/timeouts - {"script":"<number>"}
RESULT: {"script":"<number>"}
COMMAND: GET /session/5780a996aa8c51000aed420822d33f83/timeouts - {}
RESULT: {}
RESULT: undefined
COMMAND: POST /session/5780a996aa8c51000aed420822d33f83/execute/async - {"script":"<script> [2676 bytes]","args":[]}
RESULT: {"script":"<script> [2676 bytes]","args":[]}
COMMAND: POST /session/5780a996aa8c51000aed420822d33f83/execute/async - {"script":"<script> [2342 bytes]","args":[{"protocol":"http","hostname":"0.0.0.0","path":"/","capabilities":{"browserName":"chrome","goog:chromeOptions":{"binary":"C:\\Program Files\\Google\\Chrome\\Application\\chrome.exe","args":["--start-maximized"]}},"logLevel":"warn","connectionRetryTimeout":120000,"connectionRetryCount":3,"logLevels":{},"enableDirectConnect":true,"strictSSL":true,"_":"65 more keys: [\"cacheDir\",\"port\",\"requestedCapabilities\",\"automationProtocol\",\"baseUrl\",\"waitforInterval\",\"waitforTimeout\",\"onReload\",\"beforeCommand\",\"afterCommand\",\"rootDir\",\"specs\",\"suites\",\"exclude\",\"groupLogsByTestSpec\",\"excludeDriverLogs\",\"bail\",\"framework\",\"reporters\",\"services\",\"maxInstances\",\"maxInstancesPerCapability\",\"injectGlobals\",\"filesToWatch\",\"execArgv\",\"runnerEnv\",\"runner\",\"shard\",\"specFileRetries\",\"specFileRetriesDelay\",\"specFileRetriesDeferred\",\"reporterSyncInterval\",\"reporterSyncTimeout\",\"cucumberFeaturesWithLineNumbers\",\"autoCompileOpts\",\"mochaOpts\",\"jasmineOpts\",\"cucumberOpts\",\"onPrepare\",\"onWorkerStart\",\"onWorkerEnd\",\"before\",\"beforeSession\",\"beforeSuite\",\"beforeHook\",\"beforeTest\",\"afterTest\",\"afterHook\",\"afterSuite\",\"afterSession\",\"after\",\"onComplete\",\"beforeAssertion\",\"afterAssertion\",\"beforeFeature\",\"beforeScenario\",\"beforeStep\",\"afterStep\",\"afterScenario\",\"afterFeature\",\"_\",\"suite\",\"$0\",\"ignoredWorkerServices\",\"wdi5\"]"}]}
RESULT: {"script":"<script> [2342 bytes]","args":[{"protocol":"http","hostname":"0.0.0.0","path":"/","capabilities":{"browserName":"chrome","goog:chromeOptions":{"binary":"C:\\Program Files\\Google\\Chrome\\Application\\chrome.exe","args":["--start-maximized"]}},"logLevel":"warn","connectionRetryTimeout":120000,"connectionRetryCount":3,"logLevels":{},"enableDirectConnect":true,"strictSSL":true,"_":"65 more keys: [\"cacheDir\",\"port\",\"requestedCapabilities\",\"automationProtocol\",\"baseUrl\",\"waitforInterval\",\"waitforTimeout\",\"onReload\",\"beforeCommand\",\"afterCommand\",\"rootDir\",\"specs\",\"suites\",\"exclude\",\"groupLogsByTestSpec\",\"excludeDriverLogs\",\"bail\",\"framework\",\"reporters\",\"services\",\"maxInstances\",\"maxInstancesPerCapability\",\"injectGlobals\",\"filesToWatch\",\"execArgv\",\"runnerEnv\",\"runner\",\"shard\",\"specFileRetries\",\"specFileRetriesDelay\",\"specFileRetriesDeferred\",\"reporterSyncInterval\",\"reporterSyncTimeout\",\"cucumberFeaturesWithLineNumbers\",\"autoCompileOpts\",\"mochaOpts\",\"jasmineOpts\",\"cucumberOpts\",\"onPrepare\",\"onWorkerStart\",\"onWorkerEnd\",\"before\",\"beforeSession\",\"beforeSuite\",\"beforeHook\",\"beforeTest\",\"afterTest\",\"afterHook\",\"afterSuite\",\"afterSession\",\"after\",\"onComplete\",\"beforeAssertion\",\"afterAssertion\",\"beforeFeature\",\"beforeScenario\",\"beforeStep\",\"afterStep\",\"afterScenario\",\"afterFeature\",\"_\",\"suite\",\"$0\",\"ignoredWorkerServices\",\"wdi5\"]"}]}
COMMAND: POST /session/5780a996aa8c51000aed420822d33f83/execute/async - {"script":"<script> [21126 bytes]","args":[35000]}
RESULT: {"script":"<script> [21126 bytes]","args":[35000]}
COMMAND: POST /session/5780a996aa8c51000aed420822d33f83/execute/async - {"script":"<script> [1562 bytes]","args":[{"selector":{"controlType":"sap.m.SearchField","viewName":"etm.portal.ui.managehandovers.view.MasterHO","bindingPath":{"path":"","propertyPath":"/_BASIC_SEARCH_FIELD","modelName":"fi1t3rM0d31"},"interaction":{"idSuffix":"I"}},"wdio_ui5_key":"etmportal.ui.managehandovers.view.MasterHOsap.m.SearchField{\"path\":\"\",\"propertyPath\":\"/_BASIC_SEARCH_FIELD\",\"modelName\":\"fi1t3rM0d31\"}"}]}
RESULT: {"script":"<script> [1562 bytes]","args":[{"selector":{"controlType":"sap.m.SearchField","viewName":"etm.portal.ui.managehandovers.view.MasterHO","bindingPath":{"path":"","propertyPath":"/_BASIC_SEARCH_FIELD","modelName":"fi1t3rM0d31"},"interaction":{"idSuffix":"I"}},"wdio_ui5_key":"etmportal.ui.managehandovers.view.MasterHOsap.m.SearchField{\"path\":\"\",\"propertyPath\":\"/_BASIC_SEARCH_FIELD\",\"modelName\":\"fi1t3rM0d31\"}"}]}
RESULT: undefined
COMMAND: POST /session/5780a996aa8c51000aed420822d33f83/execute/async - {"script":"<script> [776 bytes]","args":[{"enterText":"30602","selector":{"controlType":"sap.m.SearchField","viewName":"etm.portal.ui.managehandovers.view.MasterHO","bindingPath":{"path":"","propertyPath":"/_BASIC_SEARCH_FIELD","modelName":"fi1t3rM0d31"},"interaction":{"idSuffix":"I"}},"clearTextFirst":true,"interactionType":"ENTER_TEXT"}]}
RESULT: {"script":"<script> [776 bytes]","args":[{"enterText":"30602","selector":{"controlType":"sap.m.SearchField","viewName":"etm.portal.ui.managehandovers.view.MasterHO","bindingPath":{"path":"","propertyPath":"/_BASIC_SEARCH_FIELD","modelName":"fi1t3rM0d31"},"interaction":{"idSuffix":"I"}},"clearTextFirst":true,"interactionType":"ENTER_TEXT"}]}
COMMAND: POST /session/5780a996aa8c51000aed420822d33f83/actions - {"actions":[{"id":"action84","type":"key","parameters":{},"actions":[{"type":"keyDown","value":"î€‡"},{"type":"pause","duration":10},{"type":"keyUp","value":"î€‡"}]}]}
RESULT: {"actions":[{"id":"action84","type":"key","parameters":{},"actions":[{"type":"keyDown","value":"î€‡"},{"type":"pause","duration":10},{"type":"keyUp","value":"î€‡"}]}]}
COMMAND: GET /session/5780a996aa8c51000aed420822d33f83/screenshot - {}
RESULT: {}
COMMAND: POST /session/5780a996aa8c51000aed420822d33f83/execute/async - {"script":"<script> [1562 bytes]","args":[{"selector":{"controlType":"sap.m.Title","viewName":"etm.portal.ui.managehandovers.view.MasterHO","properties":{"text":"Records (1)"}},"wdio_ui5_key":"etmportal.ui.managehandovers.view.MasterHOsap.m.Title{\"text\":\"Records (1)\"}"}]}
RESULT: {"script":"<script> [1562 bytes]","args":[{"selector":{"controlType":"sap.m.Title","viewName":"etm.portal.ui.managehandovers.view.MasterHO","properties":{"text":"Records (1)"}},"wdio_ui5_key":"etmportal.ui.managehandovers.view.MasterHOsap.m.Title{\"text\":\"Records (1)\"}"}]}
RESULT: undefined
COMMAND: POST /session/5780a996aa8c51000aed420822d33f83/execute/async - {"script":"<script> [6424 bytes]","args":[{"element-6066-11e4-a52e-4f735466cecf":"f.C12891CE133D59B6823BF6462A308BA2.d.306B61BEC0DB3AC713D8445CF855556D.e.18395"},"getText",[]]}
RESULT: {"script":"<script> [6424 bytes]","args":[{"element-6066-11e4-a52e-4f735466cecf":"f.C12891CE133D59B6823BF6462A308BA2.d.306B61BEC0DB3AC713D8445CF855556D.e.18395"},"getText",[]]}
COMMAND: POST /session/5780a996aa8c51000aed420822d33f83/execute/async - {"script":"<script> [1562 bytes]","args":[{"selector":{"controlType":"sap.ui.core.Icon","viewName":"etm.portal.ui.managehandovers.view.MasterHO","properties":{"src":{"regex":{"source":"slim\\-arrow\\-right"}}}},"wdio_ui5_key":"etmportal.ui.managehandovers.view.MasterHOsap.ui.core.Icon{\"src\":{\"regex\":{\"source\":\"slim\\\\-arrow\\\\-right\"}}}"}]}
RESULT: {"script":"<script> [1562 bytes]","args":[{"selector":{"controlType":"sap.ui.core.Icon","viewName":"etm.portal.ui.managehandovers.view.MasterHO","properties":{"src":{"regex":{"source":"slim\\-arrow\\-right"}}}},"wdio_ui5_key":"etmportal.ui.managehandovers.view.MasterHOsap.ui.core.Icon{\"src\":{\"regex\":{\"source\":\"slim\\\\-arrow\\\\-right\"}}}"}]}
RESULT: undefined
COMMAND: POST /session/5780a996aa8c51000aed420822d33f83/element - {"using":"xpath","value":"//*[@id=\"__item28-__clone16-imgNav\"]"}
RESULT: {"using":"xpath","value":"//*[@id=\"__item28-__clone16-imgNav\"]"}
COMMAND: POST /session/5780a996aa8c51000aed420822d33f83/element/f.C12891CE133D59B6823BF6462A308BA2.d.306B61BEC0DB3AC713D8445CF855556D.e.18394/click - {}
RESULT: {}
COMMAND: GET /session/5780a996aa8c51000aed420822d33f83/screenshot - {}
RESULT: {}
COMMAND: POST /session/5780a996aa8c51000aed420822d33f83/execute/async - {"script":"<script> [1562 bytes]","args":[{"selector":{"controlType":"sap.m.ObjectStatus","viewName":"etm.portal.ui.managehandovers.view.DetailManageHO","viewId":"application-managehandovers-display-component---detailManageHO","labelFor":{"text":"Status"}},"wdio_ui5_key":"etmportal.ui.managehandovers.view.DetailManageHOsap.m.ObjectStatus{\"text\":\"Status\"}"}]}
RESULT: {"script":"<script> [1562 bytes]","args":[{"selector":{"controlType":"sap.m.ObjectStatus","viewName":"etm.portal.ui.managehandovers.view.DetailManageHO","viewId":"application-managehandovers-display-component---detailManageHO","labelFor":{"text":"Status"}},"wdio_ui5_key":"etmportal.ui.managehandovers.view.DetailManageHOsap.m.ObjectStatus{\"text\":\"Status\"}"}]}
RESULT: undefined
COMMAND: POST /session/5780a996aa8c51000aed420822d33f83/execute/async - {"script":"<script> [6424 bytes]","args":[{"element-6066-11e4-a52e-4f735466cecf":"f.C12891CE133D59B6823BF6462A308BA2.d.306B61BEC0DB3AC713D8445CF855556D.e.18479"},"getText",[]]}
RESULT: {"script":"<script> [6424 bytes]","args":[{"element-6066-11e4-a52e-4f735466cecf":"f.C12891CE133D59B6823BF6462A308BA2.d.306B61BEC0DB3AC713D8445CF855556D.e.18479"},"getText",[]]}
COMMAND: POST /session/5780a996aa8c51000aed420822d33f83/element - {"using":"xpath","value":"//a[contains(@data-kt ,\"GeneralSectionReceiveContracttLink\")]"}
RESULT: {"using":"xpath","value":"//a[contains(@data-kt ,\"GeneralSectionReceiveContracttLink\")]"}
COMMAND: POST /session/5780a996aa8c51000aed420822d33f83/element/f.C12891CE133D59B6823BF6462A308BA2.d.306B61BEC0DB3AC713D8445CF855556D.e.18480/click - {}
RESULT: {}
COMMAND: GET /session/5780a996aa8c51000aed420822d33f83/screenshot - {}
RESULT: {}
COMMAND: POST /session/5780a996aa8c51000aed420822d33f83/element - {"using":"xpath","value":"//a[contains(@data-kt ,\"ContextMenuId2Link\")]"}
RESULT: {"using":"xpath","value":"//a[contains(@data-kt ,\"ContextMenuId2Link\")]"}
COMMAND: POST /session/5780a996aa8c51000aed420822d33f83/element/f.C12891CE133D59B6823BF6462A308BA2.d.306B61BEC0DB3AC713D8445CF855556D.e.18483/click - {}
RESULT: {}
COMMAND: GET /session/5780a996aa8c51000aed420822d33f83/screenshot - {}
RESULT: {}
COMMAND: POST /session/5780a996aa8c51000aed420822d33f83/execute/async - {"script":"<script> [1562 bytes]","args":[{"selector":{"controlType":"sap.m.ObjectStatus","viewName":"etm.portal.ui.managecontracts.view.Detail","bindingPath":{"propertyPath":"LINK_TO_LOGISTICAL_STATUS/DESCRIPTION","modelName":"catalogModel"}},"wdio_ui5_key":"etmportal.ui.managecontracts.view.Detailsap.m.ObjectStatus{\"propertyPath\":\"LINK_TO_LOGISTICAL_STATUS/DESCRIPTION\",\"modelName\":\"catalogModel\"}"}]}
RESULT: {"script":"<script> [1562 bytes]","args":[{"selector":{"controlType":"sap.m.ObjectStatus","viewName":"etm.portal.ui.managecontracts.view.Detail","bindingPath":{"propertyPath":"LINK_TO_LOGISTICAL_STATUS/DESCRIPTION","modelName":"catalogModel"}},"wdio_ui5_key":"etmportal.ui.managecontracts.view.Detailsap.m.ObjectStatus{\"propertyPath\":\"LINK_TO_LOGISTICAL_STATUS/DESCRIPTION\",\"modelName\":\"catalogModel\"}"}]}
RESULT: undefined
COMMAND: POST /session/5780a996aa8c51000aed420822d33f83/execute/async - {"script":"<script> [6424 bytes]","args":[{"element-6066-11e4-a52e-4f735466cecf":"f.C12891CE133D59B6823BF6462A308BA2.d.306B61BEC0DB3AC713D8445CF855556D.e.18711"},"getText",[]]}
RESULT: {"script":"<script> [6424 bytes]","args":[{"element-6066-11e4-a52e-4f735466cecf":"f.C12891CE133D59B6823BF6462A308BA2.d.306B61BEC0DB3AC713D8445CF855556D.e.18711"},"getText",[]]}
COMMAND: POST /session/5780a996aa8c51000aed420822d33f83/execute/async - {"script":"<script> [1562 bytes]","args":[{"selector":{"controlType":"sap.m.ObjectStatus","viewName":"etm.portal.ui.managecontracts.view.Detail","bindingPath":{"propertyPath":"LINK_TO_COMMERCIAL_STATUS/DESCRIPTION","modelName":"catalogModel"}},"wdio_ui5_key":"etmportal.ui.managecontracts.view.Detailsap.m.ObjectStatus{\"propertyPath\":\"LINK_TO_COMMERCIAL_STATUS/DESCRIPTION\",\"modelName\":\"catalogModel\"}"}]}
RESULT: {"script":"<script> [1562 bytes]","args":[{"selector":{"controlType":"sap.m.ObjectStatus","viewName":"etm.portal.ui.managecontracts.view.Detail","bindingPath":{"propertyPath":"LINK_TO_COMMERCIAL_STATUS/DESCRIPTION","modelName":"catalogModel"}},"wdio_ui5_key":"etmportal.ui.managecontracts.view.Detailsap.m.ObjectStatus{\"propertyPath\":\"LINK_TO_COMMERCIAL_STATUS/DESCRIPTION\",\"modelName\":\"catalogModel\"}"}]}
RESULT: undefined
COMMAND: POST /session/5780a996aa8c51000aed420822d33f83/execute/async - {"script":"<script> [6424 bytes]","args":[{"element-6066-11e4-a52e-4f735466cecf":"f.C12891CE133D59B6823BF6462A308BA2.d.306B61BEC0DB3AC713D8445CF855556D.e.18712"},"getText",[]]}
RESULT: {"script":"<script> [6424 bytes]","args":[{"element-6066-11e4-a52e-4f735466cecf":"f.C12891CE133D59B6823BF6462A308BA2.d.306B61BEC0DB3AC713D8445CF855556D.e.18712"},"getText",[]]}
]]></system-out>
    </testcase>
    <testcase classname="chrome.135_0_7049_96.windows.E2E_-_Logistical_and_commercial_statuses" name="It should follow the handover steps to the status fully returned" time="194.698">
      <system-out><![CDATA[
COMMAND: POST /session/5780a996aa8c51000aed420822d33f83/execute/async - {"script":"<script> [1562 bytes]","args":[{"selector":{"id":"contractDetailReturnButton","viewName":"etm.portal.ui.managecontracts.view.Detail","interaction":{"idSuffix":"BDI-content"}},"wdio_ui5_key":"contractDetailReturnButtonetmportal.ui.managecontracts.view.Detail"}]}
RESULT: {"script":"<script> [1562 bytes]","args":[{"selector":{"id":"contractDetailReturnButton","viewName":"etm.portal.ui.managecontracts.view.Detail","interaction":{"idSuffix":"BDI-content"}},"wdio_ui5_key":"contractDetailReturnButtonetmportal.ui.managecontracts.view.Detail"}]}
RESULT: undefined
COMMAND: POST /session/5780a996aa8c51000aed420822d33f83/element - {"using":"xpath","value":"//*[@id=\"__xmlview2--contractDetailReturnButton\"]"}
RESULT: {"using":"xpath","value":"//*[@id=\"__xmlview2--contractDetailReturnButton\"]"}
COMMAND: POST /session/5780a996aa8c51000aed420822d33f83/element/f.C12891CE133D59B6823BF6462A308BA2.d.306B61BEC0DB3AC713D8445CF855556D.e.18617/click - {}
RESULT: {}
COMMAND: POST /session/5780a996aa8c51000aed420822d33f83/execute/async - {"script":"<script> [1562 bytes]","args":[{"selector":{"id":"application-managehandovers-display-component---AddNewHO--dueDate","interaction":{"idSuffix":"inner"}},"wdio_ui5_key":"applicationmanagehandovers-display-component---AddNewHO--dueDate"}]}
COMMAND: GET /session/5780a996aa8c51000aed420822d33f83/screenshot - {}
RESULT: {"script":"<script> [1562 bytes]","args":[{"selector":{"id":"application-managehandovers-display-component---AddNewHO--dueDate","interaction":{"idSuffix":"inner"}},"wdio_ui5_key":"applicationmanagehandovers-display-component---AddNewHO--dueDate"}]}
RESULT: undefined
COMMAND: POST /session/5780a996aa8c51000aed420822d33f83/execute/async - {"script":"<script> [776 bytes]","args":[{"enterText":"04/30/25","selector":{"id":"application-managehandovers-display-component---AddNewHO--dueDate","interaction":{"idSuffix":"inner"}},"clearTextFirst":true,"interactionType":"ENTER_TEXT"}]}
RESULT: {}
RESULT: {"script":"<script> [776 bytes]","args":[{"enterText":"04/30/25","selector":{"id":"application-managehandovers-display-component---AddNewHO--dueDate","interaction":{"idSuffix":"inner"}},"clearTextFirst":true,"interactionType":"ENTER_TEXT"}]}
COMMAND: POST /session/5780a996aa8c51000aed420822d33f83/element - {"using":"xpath","value":"//bdi[contains(@id ,\"application-managehandovers-display-component---AddNewHO--ObjectPageLayout-anchBar-application-managehandovers-display-component---AddNewHO--section4-anchor-BDI-content\")]"}
RESULT: {"using":"xpath","value":"//bdi[contains(@id ,\"application-managehandovers-display-component---AddNewHO--ObjectPageLayout-anchBar-application-managehandovers-display-component---AddNewHO--section4-anchor-BDI-content\")]"}
COMMAND: POST /session/5780a996aa8c51000aed420822d33f83/element/f.C12891CE133D59B6823BF6462A308BA2.d.306B61BEC0DB3AC713D8445CF855556D.e.19043/click - {}
RESULT: {}
COMMAND: GET /session/5780a996aa8c51000aed420822d33f83/screenshot - {}
RESULT: {}
COMMAND: POST /session/5780a996aa8c51000aed420822d33f83/element - {"using":"xpath","value":"//button[contains(@data-kt ,\"AddNewHOProvideAddItemsButton\")]"}
RESULT: {"using":"xpath","value":"//button[contains(@data-kt ,\"AddNewHOProvideAddItemsButton\")]"}
COMMAND: POST /session/5780a996aa8c51000aed420822d33f83/element/f.C12891CE133D59B6823BF6462A308BA2.d.306B61BEC0DB3AC713D8445CF855556D.e.18839/click - {}
RESULT: {}
COMMAND: GET /session/5780a996aa8c51000aed420822d33f83/screenshot - {}
RESULT: {}
COMMAND: POST /session/5780a996aa8c51000aed420822d33f83/execute/async - {"script":"<script> [1562 bytes]","args":[{"selector":{"id":"application-managehandovers-display-component---AddNewHO--popup-sa","searchOpenDialogs":true,"interaction":{"idSuffix":"CbBg"}},"wdio_ui5_key":"applicationmanagehandovers-display-component---AddNewHO--popup-sa"}]}
RESULT: {"script":"<script> [1562 bytes]","args":[{"selector":{"id":"application-managehandovers-display-component---AddNewHO--popup-sa","searchOpenDialogs":true,"interaction":{"idSuffix":"CbBg"}},"wdio_ui5_key":"applicationmanagehandovers-display-component---AddNewHO--popup-sa"}]}
RESULT: undefined
COMMAND: POST /session/5780a996aa8c51000aed420822d33f83/element - {"using":"xpath","value":"//*[@id=\"application-managehandovers-display-component---AddNewHO--popup-sa\"]"}
RESULT: {"using":"xpath","value":"//*[@id=\"application-managehandovers-display-component---AddNewHO--popup-sa\"]"}
COMMAND: POST /session/5780a996aa8c51000aed420822d33f83/element/f.C12891CE133D59B6823BF6462A308BA2.d.306B61BEC0DB3AC713D8445CF855556D.e.19056/click - {}
RESULT: {}
COMMAND: POST /session/5780a996aa8c51000aed420822d33f83/execute/async - {"script":"<script> [1562 bytes]","args":[{"selector":{"controlType":"sap.m.Button","viewName":"etm.portal.ui.managehandovers.view.AddNewHO","viewId":"application-managehandovers-display-component---AddNewHO","i18NText":{"propertyName":"text","key":"select"},"searchOpenDialogs":true,"interaction":{"idSuffix":"BDI-content"}},"wdio_ui5_key":"etmportal.ui.managehandovers.view.AddNewHOsap.m.Button{\"propertyName\":\"text\",\"key\":\"select\"}"}]}
COMMAND: GET /session/5780a996aa8c51000aed420822d33f83/screenshot - {}
RESULT: {"script":"<script> [1562 bytes]","args":[{"selector":{"controlType":"sap.m.Button","viewName":"etm.portal.ui.managehandovers.view.AddNewHO","viewId":"application-managehandovers-display-component---AddNewHO","i18NText":{"propertyName":"text","key":"select"},"searchOpenDialogs":true,"interaction":{"idSuffix":"BDI-content"}},"wdio_ui5_key":"etmportal.ui.managehandovers.view.AddNewHOsap.m.Button{\"propertyName\":\"text\",\"key\":\"select\"}"}]}
RESULT: undefined
COMMAND: POST /session/5780a996aa8c51000aed420822d33f83/element - {"using":"xpath","value":"//*[@id=\"__button60\"]"}
RESULT: {}
RESULT: {"using":"xpath","value":"//*[@id=\"__button60\"]"}
COMMAND: POST /session/5780a996aa8c51000aed420822d33f83/element/f.C12891CE133D59B6823BF6462A308BA2.d.306B61BEC0DB3AC713D8445CF855556D.e.19059/click - {}
RESULT: {}
COMMAND: GET /session/5780a996aa8c51000aed420822d33f83/screenshot - {}
RESULT: {}
COMMAND: POST /session/5780a996aa8c51000aed420822d33f83/execute/async - {"script":"<script> [1562 bytes]","args":[{"selector":{"id":"application-managehandovers-display-component---AddNewHO--confirmCreationButton","interaction":{"idSuffix":"BDI-content"}},"wdio_ui5_key":"applicationmanagehandovers-display-component---AddNewHO--confirmCreationButton"}]}
RESULT: {"script":"<script> [1562 bytes]","args":[{"selector":{"id":"application-managehandovers-display-component---AddNewHO--confirmCreationButton","interaction":{"idSuffix":"BDI-content"}},"wdio_ui5_key":"applicationmanagehandovers-display-component---AddNewHO--confirmCreationButton"}]}
RESULT: undefined
COMMAND: POST /session/5780a996aa8c51000aed420822d33f83/element - {"using":"xpath","value":"//*[@id=\"application-managehandovers-display-component---AddNewHO--confirmCreationButton\"]"}
RESULT: {"using":"xpath","value":"//*[@id=\"application-managehandovers-display-component---AddNewHO--confirmCreationButton\"]"}
COMMAND: POST /session/5780a996aa8c51000aed420822d33f83/element/f.C12891CE133D59B6823BF6462A308BA2.d.306B61BEC0DB3AC713D8445CF855556D.e.18846/click - {}
RESULT: {}
COMMAND: GET /session/5780a996aa8c51000aed420822d33f83/screenshot - {}
RESULT: {}
COMMAND: POST /session/5780a996aa8c51000aed420822d33f83/execute/async - {"script":"<script> [1562 bytes]","args":[{"selector":{"controlType":"sap.m.Text","viewName":"etm.portal.ui.managehandovers.view.DetailExecuteHO","bindingPath":{"propertyPath":"NO","modelName":"catalogModel"}},"wdio_ui5_key":"etmportal.ui.managehandovers.view.DetailExecuteHOsap.m.Text{\"propertyPath\":\"NO\",\"modelName\":\"catalogModel\"}"}]}
RESULT: {"script":"<script> [1562 bytes]","args":[{"selector":{"controlType":"sap.m.Text","viewName":"etm.portal.ui.managehandovers.view.DetailExecuteHO","bindingPath":{"propertyPath":"NO","modelName":"catalogModel"}},"wdio_ui5_key":"etmportal.ui.managehandovers.view.DetailExecuteHOsap.m.Text{\"propertyPath\":\"NO\",\"modelName\":\"catalogModel\"}"}]}
RESULT: undefined
COMMAND: POST /session/5780a996aa8c51000aed420822d33f83/execute/async - {"script":"<script> [6424 bytes]","args":[{"element-6066-11e4-a52e-4f735466cecf":"f.C12891CE133D59B6823BF6462A308BA2.d.306B61BEC0DB3AC713D8445CF855556D.e.19115"},"getText",[]]}
RESULT: {"script":"<script> [6424 bytes]","args":[{"element-6066-11e4-a52e-4f735466cecf":"f.C12891CE133D59B6823BF6462A308BA2.d.306B61BEC0DB3AC713D8445CF855556D.e.19115"},"getText",[]]}
COMMAND: POST /session/5780a996aa8c51000aed420822d33f83/element - {"using":"xpath","value":"//a[contains(@data-kt ,\"GeneralSectionSendContractLink\")]"}
RESULT: {"using":"xpath","value":"//a[contains(@data-kt ,\"GeneralSectionSendContractLink\")]"}
COMMAND: POST /session/5780a996aa8c51000aed420822d33f83/element/f.C12891CE133D59B6823BF6462A308BA2.d.306B61BEC0DB3AC713D8445CF855556D.e.19116/click - {}
RESULT: {}
COMMAND: GET /session/5780a996aa8c51000aed420822d33f83/screenshot - {}
RESULT: {}
COMMAND: POST /session/5780a996aa8c51000aed420822d33f83/element - {"using":"xpath","value":"//a[contains(@data-kt ,\"ContextMenuId2Link\")]"}
RESULT: {"using":"xpath","value":"//a[contains(@data-kt ,\"ContextMenuId2Link\")]"}
COMMAND: POST /session/5780a996aa8c51000aed420822d33f83/elements - {"using":"xpath","value":"//a[contains(@data-kt ,\"ContextMenuId2Link\")]"}
RESULT: {"using":"xpath","value":"//a[contains(@data-kt ,\"ContextMenuId2Link\")]"}
COMMAND: POST /session/5780a996aa8c51000aed420822d33f83/element/f.C12891CE133D59B6823BF6462A308BA2.d.306B61BEC0DB3AC713D8445CF855556D.e.19118/click - {}
RESULT: {}
COMMAND: GET /session/5780a996aa8c51000aed420822d33f83/screenshot - {}
RESULT: {}
COMMAND: POST /session/5780a996aa8c51000aed420822d33f83/execute/async - {"script":"<script> [1562 bytes]","args":[{"selector":{"controlType":"sap.m.Link","viewName":"etm.portal.ui.managehandovers.view.DetailExecuteHO","properties":{"text":"Contract Overview"},"searchOpenDialogs":true},"wdio_ui5_key":"etmportal.ui.managehandovers.view.DetailExecuteHOsap.m.Link{\"text\":\"Contract Overview\"}"}]}
RESULT: {"script":"<script> [1562 bytes]","args":[{"selector":{"controlType":"sap.m.Link","viewName":"etm.portal.ui.managehandovers.view.DetailExecuteHO","properties":{"text":"Contract Overview"},"searchOpenDialogs":true},"wdio_ui5_key":"etmportal.ui.managehandovers.view.DetailExecuteHOsap.m.Link{\"text\":\"Contract Overview\"}"}]}
RESULT: undefined
RESULT: undefined
COMMAND: POST /session/5780a996aa8c51000aed420822d33f83/execute/async - {"script":"<script> [6424 bytes]","args":[{"element-6066-11e4-a52e-4f735466cecf":"f.C12891CE133D59B6823BF6462A308BA2.d.306B61BEC0DB3AC713D8445CF855556D.e.18711"},"getText",[]]}
COMMAND: POST /session/5780a996aa8c51000aed420822d33f83/execute/async - {"script":"<script> [1562 bytes]","args":[{"selector":{"controlType":"sap.m.ObjectStatus","viewName":"etm.portal.ui.managecontracts.view.Detail","bindingPath":{"propertyPath":"LINK_TO_LOGISTICAL_STATUS/DESCRIPTION","modelName":"catalogModel"}},"wdio_ui5_key":"etmportal.ui.managecontracts.view.Detailsap.m.ObjectStatus{\"propertyPath\":\"LINK_TO_LOGISTICAL_STATUS/DESCRIPTION\",\"modelName\":\"catalogModel\"}"}]}
RESULT: {"script":"<script> [1562 bytes]","args":[{"selector":{"controlType":"sap.m.ObjectStatus","viewName":"etm.portal.ui.managecontracts.view.Detail","bindingPath":{"propertyPath":"LINK_TO_LOGISTICAL_STATUS/DESCRIPTION","modelName":"catalogModel"}},"wdio_ui5_key":"etmportal.ui.managecontracts.view.Detailsap.m.ObjectStatus{\"propertyPath\":\"LINK_TO_LOGISTICAL_STATUS/DESCRIPTION\",\"modelName\":\"catalogModel\"}"}]}
COMMAND: POST /session/5780a996aa8c51000aed420822d33f83/execute/async - {"script":"<script> [6424 bytes]","args":[{"element-6066-11e4-a52e-4f735466cecf":"f.C12891CE133D59B6823BF6462A308BA2.d.306B61BEC0DB3AC713D8445CF855556D.e.19340"},"getText",[]]}
RESULT: {"script":"<script> [6424 bytes]","args":[{"element-6066-11e4-a52e-4f735466cecf":"f.C12891CE133D59B6823BF6462A308BA2.d.306B61BEC0DB3AC713D8445CF855556D.e.19340"},"getText",[]]}
RESULT: undefined
COMMAND: POST /session/5780a996aa8c51000aed420822d33f83/execute/async - {"script":"<script> [6424 bytes]","args":[{"element-6066-11e4-a52e-4f735466cecf":"f.C12891CE133D59B6823BF6462A308BA2.d.306B61BEC0DB3AC713D8445CF855556D.e.18712"},"getText",[]]}
COMMAND: POST /session/5780a996aa8c51000aed420822d33f83/execute/async - {"script":"<script> [1562 bytes]","args":[{"selector":{"controlType":"sap.m.ObjectStatus","viewName":"etm.portal.ui.managecontracts.view.Detail","bindingPath":{"propertyPath":"LINK_TO_COMMERCIAL_STATUS/DESCRIPTION","modelName":"catalogModel"}},"wdio_ui5_key":"etmportal.ui.managecontracts.view.Detailsap.m.ObjectStatus{\"propertyPath\":\"LINK_TO_COMMERCIAL_STATUS/DESCRIPTION\",\"modelName\":\"catalogModel\"}"}]}
RESULT: {"script":"<script> [1562 bytes]","args":[{"selector":{"controlType":"sap.m.ObjectStatus","viewName":"etm.portal.ui.managecontracts.view.Detail","bindingPath":{"propertyPath":"LINK_TO_COMMERCIAL_STATUS/DESCRIPTION","modelName":"catalogModel"}},"wdio_ui5_key":"etmportal.ui.managecontracts.view.Detailsap.m.ObjectStatus{\"propertyPath\":\"LINK_TO_COMMERCIAL_STATUS/DESCRIPTION\",\"modelName\":\"catalogModel\"}"}]}
COMMAND: POST /session/5780a996aa8c51000aed420822d33f83/execute/async - {"script":"<script> [6424 bytes]","args":[{"element-6066-11e4-a52e-4f735466cecf":"f.C12891CE133D59B6823BF6462A308BA2.d.306B61BEC0DB3AC713D8445CF855556D.e.19341"},"getText",[]]}
RESULT: {"script":"<script> [6424 bytes]","args":[{"element-6066-11e4-a52e-4f735466cecf":"f.C12891CE133D59B6823BF6462A308BA2.d.306B61BEC0DB3AC713D8445CF855556D.e.19341"},"getText",[]]}
COMMAND: POST /session/5780a996aa8c51000aed420822d33f83/execute/async - {"script":"<script> [1562 bytes]","args":[{"selector":{"id":"backBtn"},"wdio_ui5_key":"backBtn"}]}
RESULT: {"script":"<script> [1562 bytes]","args":[{"selector":{"id":"backBtn"},"wdio_ui5_key":"backBtn"}]}
RESULT: undefined
COMMAND: POST /session/5780a996aa8c51000aed420822d33f83/element - {"using":"xpath","value":"//*[@id=\"backBtn\"]"}
RESULT: {"using":"xpath","value":"//*[@id=\"backBtn\"]"}
COMMAND: POST /session/5780a996aa8c51000aed420822d33f83/element/f.C12891CE133D59B6823BF6462A308BA2.d.306B61BEC0DB3AC713D8445CF855556D.e.19342/click - {}
RESULT: {}
COMMAND: GET /session/5780a996aa8c51000aed420822d33f83/screenshot - {}
COMMAND: POST /session/5780a996aa8c51000aed420822d33f83/execute/async - {"script":"<script> [1562 bytes]","args":[{"selector":{"controlType":"sap.m.Button","viewName":"etm.portal.ui.managehandovers.view.DetailExecuteHO","i18NText":{"propertyName":"text","key":"confirmAll"},"interaction":{"idSuffix":"BDI-content"}},"wdio_ui5_key":"etmportal.ui.managehandovers.view.DetailExecuteHOsap.m.Button{\"propertyName\":\"text\",\"key\":\"confirmAll\"}"}]}
RESULT: {}
RESULT: {"script":"<script> [1562 bytes]","args":[{"selector":{"controlType":"sap.m.Button","viewName":"etm.portal.ui.managehandovers.view.DetailExecuteHO","i18NText":{"propertyName":"text","key":"confirmAll"},"interaction":{"idSuffix":"BDI-content"}},"wdio_ui5_key":"etmportal.ui.managehandovers.view.DetailExecuteHOsap.m.Button{\"propertyName\":\"text\",\"key\":\"confirmAll\"}"}]}
RESULT: undefined
COMMAND: POST /session/5780a996aa8c51000aed420822d33f83/element - {"using":"xpath","value":"//*[@id=\"__button143\"]"}
RESULT: {"using":"xpath","value":"//*[@id=\"__button143\"]"}
COMMAND: POST /session/5780a996aa8c51000aed420822d33f83/element/f.C12891CE133D59B6823BF6462A308BA2.d.306B61BEC0DB3AC713D8445CF855556D.e.19646/click - {}
RESULT: {}
COMMAND: POST /session/5780a996aa8c51000aed420822d33f83/execute/async - {"script":"<script> [1562 bytes]","args":[{"selector":{"controlType":"sap.m.Button","properties":{"text":"OK"},"searchOpenDialogs":true,"interaction":{"idSuffix":"BDI-content"}},"wdio_ui5_key":"sapm.Button{\"text\":\"OK\"}"}]}
COMMAND: GET /session/5780a996aa8c51000aed420822d33f83/screenshot - {}
RESULT: {"script":"<script> [1562 bytes]","args":[{"selector":{"controlType":"sap.m.Button","properties":{"text":"OK"},"searchOpenDialogs":true,"interaction":{"idSuffix":"BDI-content"}},"wdio_ui5_key":"sapm.Button{\"text\":\"OK\"}"}]}
RESULT: undefined
COMMAND: POST /session/5780a996aa8c51000aed420822d33f83/element - {"using":"xpath","value":"//*[@id=\"__mbox-btn-0\"]"}
RESULT: {}
RESULT: {"using":"xpath","value":"//*[@id=\"__mbox-btn-0\"]"}
COMMAND: POST /session/5780a996aa8c51000aed420822d33f83/element/f.C12891CE133D59B6823BF6462A308BA2.d.306B61BEC0DB3AC713D8445CF855556D.e.19647/click - {}
RESULT: {}
COMMAND: GET /session/5780a996aa8c51000aed420822d33f83/screenshot - {}
RESULT: {}
COMMAND: POST /session/5780a996aa8c51000aed420822d33f83/element - {"using":"xpath","value":"//button[contains(@data-kt ,\"execHoIssueFooterButton\")]"}
RESULT: {"using":"xpath","value":"//button[contains(@data-kt ,\"execHoIssueFooterButton\")]"}
COMMAND: POST /session/5780a996aa8c51000aed420822d33f83/element/f.C12891CE133D59B6823BF6462A308BA2.d.306B61BEC0DB3AC713D8445CF855556D.e.19650/click - {}
RESULT: {}
COMMAND: GET /session/5780a996aa8c51000aed420822d33f83/screenshot - {}
RESULT: {}
COMMAND: POST /session/5780a996aa8c51000aed420822d33f83/refresh - {}
RESULT: {}
COMMAND: GET /session/5780a996aa8c51000aed420822d33f83/screenshot - {}
RESULT: {}
COMMAND: POST /session/5780a996aa8c51000aed420822d33f83/refresh - {}
RESULT: {}
COMMAND: GET /session/5780a996aa8c51000aed420822d33f83/screenshot - {}
RESULT: {}
COMMAND: POST /session/5780a996aa8c51000aed420822d33f83/window/fullscreen - {}
RESULT: {}
COMMAND: POST /session/5780a996aa8c51000aed420822d33f83/execute/async - {"script":"<script> [189 bytes]","args":[]}
RESULT: {"script":"<script> [189 bytes]","args":[]}
COMMAND: POST /session/5780a996aa8c51000aed420822d33f83/execute/async - {"script":"<script> [123 bytes]","args":[]}
RESULT: {"script":"<script> [123 bytes]","args":[]}
COMMAND: POST /session/5780a996aa8c51000aed420822d33f83/timeouts - {"script":"<number>"}
RESULT: {"script":"<number>"}
COMMAND: GET /session/5780a996aa8c51000aed420822d33f83/timeouts - {}
RESULT: {}
RESULT: undefined
COMMAND: POST /session/5780a996aa8c51000aed420822d33f83/execute/async - {"script":"<script> [2676 bytes]","args":[]}
RESULT: {"script":"<script> [2676 bytes]","args":[]}
COMMAND: POST /session/5780a996aa8c51000aed420822d33f83/execute/async - {"script":"<script> [2342 bytes]","args":[{"protocol":"http","hostname":"0.0.0.0","path":"/","capabilities":{"browserName":"chrome","goog:chromeOptions":{"binary":"C:\\Program Files\\Google\\Chrome\\Application\\chrome.exe","args":["--start-maximized"]}},"logLevel":"warn","connectionRetryTimeout":120000,"connectionRetryCount":3,"logLevels":{},"enableDirectConnect":true,"strictSSL":true,"_":"65 more keys: [\"cacheDir\",\"port\",\"requestedCapabilities\",\"automationProtocol\",\"baseUrl\",\"waitforInterval\",\"waitforTimeout\",\"onReload\",\"beforeCommand\",\"afterCommand\",\"rootDir\",\"specs\",\"suites\",\"exclude\",\"groupLogsByTestSpec\",\"excludeDriverLogs\",\"bail\",\"framework\",\"reporters\",\"services\",\"maxInstances\",\"maxInstancesPerCapability\",\"injectGlobals\",\"filesToWatch\",\"execArgv\",\"runnerEnv\",\"runner\",\"shard\",\"specFileRetries\",\"specFileRetriesDelay\",\"specFileRetriesDeferred\",\"reporterSyncInterval\",\"reporterSyncTimeout\",\"cucumberFeaturesWithLineNumbers\",\"autoCompileOpts\",\"mochaOpts\",\"jasmineOpts\",\"cucumberOpts\",\"onPrepare\",\"onWorkerStart\",\"onWorkerEnd\",\"before\",\"beforeSession\",\"beforeSuite\",\"beforeHook\",\"beforeTest\",\"afterTest\",\"afterHook\",\"afterSuite\",\"afterSession\",\"after\",\"onComplete\",\"beforeAssertion\",\"afterAssertion\",\"beforeFeature\",\"beforeScenario\",\"beforeStep\",\"afterStep\",\"afterScenario\",\"afterFeature\",\"_\",\"suite\",\"$0\",\"ignoredWorkerServices\",\"wdi5\"]"}]}
RESULT: {"script":"<script> [2342 bytes]","args":[{"protocol":"http","hostname":"0.0.0.0","path":"/","capabilities":{"browserName":"chrome","goog:chromeOptions":{"binary":"C:\\Program Files\\Google\\Chrome\\Application\\chrome.exe","args":["--start-maximized"]}},"logLevel":"warn","connectionRetryTimeout":120000,"connectionRetryCount":3,"logLevels":{},"enableDirectConnect":true,"strictSSL":true,"_":"65 more keys: [\"cacheDir\",\"port\",\"requestedCapabilities\",\"automationProtocol\",\"baseUrl\",\"waitforInterval\",\"waitforTimeout\",\"onReload\",\"beforeCommand\",\"afterCommand\",\"rootDir\",\"specs\",\"suites\",\"exclude\",\"groupLogsByTestSpec\",\"excludeDriverLogs\",\"bail\",\"framework\",\"reporters\",\"services\",\"maxInstances\",\"maxInstancesPerCapability\",\"injectGlobals\",\"filesToWatch\",\"execArgv\",\"runnerEnv\",\"runner\",\"shard\",\"specFileRetries\",\"specFileRetriesDelay\",\"specFileRetriesDeferred\",\"reporterSyncInterval\",\"reporterSyncTimeout\",\"cucumberFeaturesWithLineNumbers\",\"autoCompileOpts\",\"mochaOpts\",\"jasmineOpts\",\"cucumberOpts\",\"onPrepare\",\"onWorkerStart\",\"onWorkerEnd\",\"before\",\"beforeSession\",\"beforeSuite\",\"beforeHook\",\"beforeTest\",\"afterTest\",\"afterHook\",\"afterSuite\",\"afterSession\",\"after\",\"onComplete\",\"beforeAssertion\",\"afterAssertion\",\"beforeFeature\",\"beforeScenario\",\"beforeStep\",\"afterStep\",\"afterScenario\",\"afterFeature\",\"_\",\"suite\",\"$0\",\"ignoredWorkerServices\",\"wdi5\"]"}]}
COMMAND: POST /session/5780a996aa8c51000aed420822d33f83/execute/async - {"script":"<script> [21126 bytes]","args":[35000]}
RESULT: {"script":"<script> [21126 bytes]","args":[35000]}
COMMAND: POST /session/5780a996aa8c51000aed420822d33f83/execute/async - {"script":"<script> [1562 bytes]","args":[{"selector":{"controlType":"sap.m.SearchField","viewName":"etm.portal.ui.managehandovers.view.MasterHO","bindingPath":{"path":"","propertyPath":"/_BASIC_SEARCH_FIELD","modelName":"fi1t3rM0d31"},"interaction":{"idSuffix":"I"}},"wdio_ui5_key":"etmportal.ui.managehandovers.view.MasterHOsap.m.SearchField{\"path\":\"\",\"propertyPath\":\"/_BASIC_SEARCH_FIELD\",\"modelName\":\"fi1t3rM0d31\"}"}]}
RESULT: {"script":"<script> [1562 bytes]","args":[{"selector":{"controlType":"sap.m.SearchField","viewName":"etm.portal.ui.managehandovers.view.MasterHO","bindingPath":{"path":"","propertyPath":"/_BASIC_SEARCH_FIELD","modelName":"fi1t3rM0d31"},"interaction":{"idSuffix":"I"}},"wdio_ui5_key":"etmportal.ui.managehandovers.view.MasterHOsap.m.SearchField{\"path\":\"\",\"propertyPath\":\"/_BASIC_SEARCH_FIELD\",\"modelName\":\"fi1t3rM0d31\"}"}]}
RESULT: undefined
COMMAND: POST /session/5780a996aa8c51000aed420822d33f83/execute/async - {"script":"<script> [776 bytes]","args":[{"enterText":"30603","selector":{"controlType":"sap.m.SearchField","viewName":"etm.portal.ui.managehandovers.view.MasterHO","bindingPath":{"path":"","propertyPath":"/_BASIC_SEARCH_FIELD","modelName":"fi1t3rM0d31"},"interaction":{"idSuffix":"I"}},"clearTextFirst":true,"interactionType":"ENTER_TEXT"}]}
RESULT: {"script":"<script> [776 bytes]","args":[{"enterText":"30603","selector":{"controlType":"sap.m.SearchField","viewName":"etm.portal.ui.managehandovers.view.MasterHO","bindingPath":{"path":"","propertyPath":"/_BASIC_SEARCH_FIELD","modelName":"fi1t3rM0d31"},"interaction":{"idSuffix":"I"}},"clearTextFirst":true,"interactionType":"ENTER_TEXT"}]}
COMMAND: POST /session/5780a996aa8c51000aed420822d33f83/actions - {"actions":[{"id":"action85","type":"key","parameters":{},"actions":[{"type":"keyDown","value":"î€‡"},{"type":"pause","duration":10},{"type":"keyUp","value":"î€‡"}]}]}
RESULT: {"actions":[{"id":"action85","type":"key","parameters":{},"actions":[{"type":"keyDown","value":"î€‡"},{"type":"pause","duration":10},{"type":"keyUp","value":"î€‡"}]}]}
COMMAND: GET /session/5780a996aa8c51000aed420822d33f83/screenshot - {}
RESULT: {}
COMMAND: POST /session/5780a996aa8c51000aed420822d33f83/execute/async - {"script":"<script> [1562 bytes]","args":[{"selector":{"controlType":"sap.m.Title","viewName":"etm.portal.ui.managehandovers.view.MasterHO","properties":{"text":"Records (1)"}},"wdio_ui5_key":"etmportal.ui.managehandovers.view.MasterHOsap.m.Title{\"text\":\"Records (1)\"}"}]}
RESULT: {"script":"<script> [1562 bytes]","args":[{"selector":{"controlType":"sap.m.Title","viewName":"etm.portal.ui.managehandovers.view.MasterHO","properties":{"text":"Records (1)"}},"wdio_ui5_key":"etmportal.ui.managehandovers.view.MasterHOsap.m.Title{\"text\":\"Records (1)\"}"}]}
RESULT: undefined
COMMAND: POST /session/5780a996aa8c51000aed420822d33f83/execute/async - {"script":"<script> [6424 bytes]","args":[{"element-6066-11e4-a52e-4f735466cecf":"f.C12891CE133D59B6823BF6462A308BA2.d.F65DD642FAB9305C5A70F9A67D52C493.e.19949"},"getText",[]]}
RESULT: {"script":"<script> [6424 bytes]","args":[{"element-6066-11e4-a52e-4f735466cecf":"f.C12891CE133D59B6823BF6462A308BA2.d.F65DD642FAB9305C5A70F9A67D52C493.e.19949"},"getText",[]]}
COMMAND: POST /session/5780a996aa8c51000aed420822d33f83/execute/async - {"script":"<script> [1562 bytes]","args":[{"selector":{"controlType":"sap.ui.core.Icon","viewName":"etm.portal.ui.managehandovers.view.MasterHO","properties":{"src":{"regex":{"source":"slim\\-arrow\\-right"}}}},"wdio_ui5_key":"etmportal.ui.managehandovers.view.MasterHOsap.ui.core.Icon{\"src\":{\"regex\":{\"source\":\"slim\\\\-arrow\\\\-right\"}}}"}]}
RESULT: {"script":"<script> [1562 bytes]","args":[{"selector":{"controlType":"sap.ui.core.Icon","viewName":"etm.portal.ui.managehandovers.view.MasterHO","properties":{"src":{"regex":{"source":"slim\\-arrow\\-right"}}}},"wdio_ui5_key":"etmportal.ui.managehandovers.view.MasterHOsap.ui.core.Icon{\"src\":{\"regex\":{\"source\":\"slim\\\\-arrow\\\\-right\"}}}"}]}
RESULT: undefined
COMMAND: POST /session/5780a996aa8c51000aed420822d33f83/element - {"using":"xpath","value":"//*[@id=\"__item28-__clone16-imgNav\"]"}
RESULT: {"using":"xpath","value":"//*[@id=\"__item28-__clone16-imgNav\"]"}
COMMAND: POST /session/5780a996aa8c51000aed420822d33f83/element/f.C12891CE133D59B6823BF6462A308BA2.d.F65DD642FAB9305C5A70F9A67D52C493.e.19948/click - {}
RESULT: {}
COMMAND: GET /session/5780a996aa8c51000aed420822d33f83/screenshot - {}
RESULT: {}
COMMAND: POST /session/5780a996aa8c51000aed420822d33f83/execute/async - {"script":"<script> [1562 bytes]","args":[{"selector":{"controlType":"sap.m.ObjectStatus","viewName":"etm.portal.ui.managehandovers.view.DetailManageHO","viewId":"application-managehandovers-display-component---detailManageHO","labelFor":{"text":"Status"}},"wdio_ui5_key":"etmportal.ui.managehandovers.view.DetailManageHOsap.m.ObjectStatus{\"text\":\"Status\"}"}]}
RESULT: {"script":"<script> [1562 bytes]","args":[{"selector":{"controlType":"sap.m.ObjectStatus","viewName":"etm.portal.ui.managehandovers.view.DetailManageHO","viewId":"application-managehandovers-display-component---detailManageHO","labelFor":{"text":"Status"}},"wdio_ui5_key":"etmportal.ui.managehandovers.view.DetailManageHOsap.m.ObjectStatus{\"text\":\"Status\"}"}]}
RESULT: undefined
COMMAND: POST /session/5780a996aa8c51000aed420822d33f83/execute/async - {"script":"<script> [6424 bytes]","args":[{"element-6066-11e4-a52e-4f735466cecf":"f.C12891CE133D59B6823BF6462A308BA2.d.F65DD642FAB9305C5A70F9A67D52C493.e.20039"},"getText",[]]}
RESULT: {"script":"<script> [6424 bytes]","args":[{"element-6066-11e4-a52e-4f735466cecf":"f.C12891CE133D59B6823BF6462A308BA2.d.F65DD642FAB9305C5A70F9A67D52C493.e.20039"},"getText",[]]}
COMMAND: POST /session/5780a996aa8c51000aed420822d33f83/element - {"using":"xpath","value":"//a[contains(@data-kt ,\"GeneralSectionSendContractLink\")]"}
RESULT: {"using":"xpath","value":"//a[contains(@data-kt ,\"GeneralSectionSendContractLink\")]"}
COMMAND: POST /session/5780a996aa8c51000aed420822d33f83/element/f.C12891CE133D59B6823BF6462A308BA2.d.F65DD642FAB9305C5A70F9A67D52C493.e.20040/click - {}
RESULT: {}
COMMAND: GET /session/5780a996aa8c51000aed420822d33f83/screenshot - {}
RESULT: {}
COMMAND: POST /session/5780a996aa8c51000aed420822d33f83/elements - {"using":"xpath","value":"//a[contains(@data-kt ,\"ContextMenuId2Link\")]"}
RESULT: {"using":"xpath","value":"//a[contains(@data-kt ,\"ContextMenuId2Link\")]"}
COMMAND: POST /session/5780a996aa8c51000aed420822d33f83/element/f.C12891CE133D59B6823BF6462A308BA2.d.306B61BEC0DB3AC713D8445CF855556D.e.19118/click - {}
COMMAND: POST /session/5780a996aa8c51000aed420822d33f83/element - {"using":"xpath","value":"//a[contains(@data-kt ,\"ContextMenuId2Link\")]"}
RESULT: {"using":"xpath","value":"//a[contains(@data-kt ,\"ContextMenuId2Link\")]"}
COMMAND: POST /session/5780a996aa8c51000aed420822d33f83/element/f.C12891CE133D59B6823BF6462A308BA2.d.306B61BEC0DB3AC713D8445CF855556D.e.19118/click - {}
COMMAND: POST /session/5780a996aa8c51000aed420822d33f83/element - {"using":"xpath","value":"//a[contains(@data-kt ,\"ContextMenuId2Link\")]"}
RESULT: {"using":"xpath","value":"//a[contains(@data-kt ,\"ContextMenuId2Link\")]"}
COMMAND: POST /session/5780a996aa8c51000aed420822d33f83/element/f.C12891CE133D59B6823BF6462A308BA2.d.F65DD642FAB9305C5A70F9A67D52C493.e.20043/click - {}
RESULT: {}
COMMAND: GET /session/5780a996aa8c51000aed420822d33f83/screenshot - {}
RESULT: {}
COMMAND: POST /session/5780a996aa8c51000aed420822d33f83/execute/async - {"script":"<script> [1562 bytes]","args":[{"selector":{"controlType":"sap.m.ObjectStatus","viewName":"etm.portal.ui.managecontracts.view.Detail","bindingPath":{"propertyPath":"LINK_TO_COMMERCIAL_STATUS/DESCRIPTION","modelName":"catalogModel"}},"wdio_ui5_key":"etmportal.ui.managecontracts.view.Detailsap.m.ObjectStatus{\"propertyPath\":\"LINK_TO_COMMERCIAL_STATUS/DESCRIPTION\",\"modelName\":\"catalogModel\"}"}]}
RESULT: {"script":"<script> [1562 bytes]","args":[{"selector":{"controlType":"sap.m.ObjectStatus","viewName":"etm.portal.ui.managecontracts.view.Detail","bindingPath":{"propertyPath":"LINK_TO_COMMERCIAL_STATUS/DESCRIPTION","modelName":"catalogModel"}},"wdio_ui5_key":"etmportal.ui.managecontracts.view.Detailsap.m.ObjectStatus{\"propertyPath\":\"LINK_TO_COMMERCIAL_STATUS/DESCRIPTION\",\"modelName\":\"catalogModel\"}"}]}
RESULT: undefined
COMMAND: POST /session/5780a996aa8c51000aed420822d33f83/execute/async - {"script":"<script> [6424 bytes]","args":[{"element-6066-11e4-a52e-4f735466cecf":"f.C12891CE133D59B6823BF6462A308BA2.d.F65DD642FAB9305C5A70F9A67D52C493.e.20268"},"getText",[]]}
RESULT: {"script":"<script> [6424 bytes]","args":[{"element-6066-11e4-a52e-4f735466cecf":"f.C12891CE133D59B6823BF6462A308BA2.d.F65DD642FAB9305C5A70F9A67D52C493.e.20268"},"getText",[]]}
COMMAND: POST /session/5780a996aa8c51000aed420822d33f83/execute/async - {"script":"<script> [1562 bytes]","args":[{"selector":{"controlType":"sap.m.ObjectStatus","viewName":"etm.portal.ui.managecontracts.view.Detail","bindingPath":{"propertyPath":"LINK_TO_LOGISTICAL_STATUS/DESCRIPTION","modelName":"catalogModel"}},"wdio_ui5_key":"etmportal.ui.managecontracts.view.Detailsap.m.ObjectStatus{\"propertyPath\":\"LINK_TO_LOGISTICAL_STATUS/DESCRIPTION\",\"modelName\":\"catalogModel\"}"}]}
RESULT: {"script":"<script> [1562 bytes]","args":[{"selector":{"controlType":"sap.m.ObjectStatus","viewName":"etm.portal.ui.managecontracts.view.Detail","bindingPath":{"propertyPath":"LINK_TO_LOGISTICAL_STATUS/DESCRIPTION","modelName":"catalogModel"}},"wdio_ui5_key":"etmportal.ui.managecontracts.view.Detailsap.m.ObjectStatus{\"propertyPath\":\"LINK_TO_LOGISTICAL_STATUS/DESCRIPTION\",\"modelName\":\"catalogModel\"}"}]}
RESULT: undefined
COMMAND: POST /session/5780a996aa8c51000aed420822d33f83/execute/async - {"script":"<script> [6424 bytes]","args":[{"element-6066-11e4-a52e-4f735466cecf":"f.C12891CE133D59B6823BF6462A308BA2.d.F65DD642FAB9305C5A70F9A67D52C493.e.20269"},"getText",[]]}
RESULT: {"script":"<script> [6424 bytes]","args":[{"element-6066-11e4-a52e-4f735466cecf":"f.C12891CE133D59B6823BF6462A308BA2.d.F65DD642FAB9305C5A70F9A67D52C493.e.20269"},"getText",[]]}
COMMAND: POST /session/5780a996aa8c51000aed420822d33f83/element - {"using":"xpath","value":"//button[@data-kt=\"contractDetailEditBtnButton\"]"}
RESULT: {"using":"xpath","value":"//button[@data-kt=\"contractDetailEditBtnButton\"]"}
COMMAND: POST /session/5780a996aa8c51000aed420822d33f83/element/f.C12891CE133D59B6823BF6462A308BA2.d.F65DD642FAB9305C5A70F9A67D52C493.e.20103/click - {}
RESULT: {}
COMMAND: GET /session/5780a996aa8c51000aed420822d33f83/screenshot - {}
RESULT: {}
COMMAND: POST /session/5780a996aa8c51000aed420822d33f83/element - {"using":"xpath","value":"(//span[contains(text(), \"Additional Addresses\")])[2]"}
RESULT: {"using":"xpath","value":"(//span[contains(text(), \"Additional Addresses\")])[2]"}
COMMAND: POST /session/5780a996aa8c51000aed420822d33f83/element/f.C12891CE133D59B6823BF6462A308BA2.d.F65DD642FAB9305C5A70F9A67D52C493.e.20335/click - {}
RESULT: {}
COMMAND: GET /session/5780a996aa8c51000aed420822d33f83/screenshot - {}
RESULT: {}
COMMAND: POST /session/5780a996aa8c51000aed420822d33f83/element - {"using":"xpath","value":"//button[@data-kt=\"btnAddTableRowOverflowToolbarButton\"]"}
RESULT: {"using":"xpath","value":"//button[@data-kt=\"btnAddTableRowOverflowToolbarButton\"]"}
COMMAND: POST /session/5780a996aa8c51000aed420822d33f83/element/f.C12891CE133D59B6823BF6462A308BA2.d.F65DD642FAB9305C5A70F9A67D52C493.e.20337/click - {}
RESULT: {}
COMMAND: GET /session/5780a996aa8c51000aed420822d33f83/screenshot - {}
RESULT: {}
COMMAND: POST /session/5780a996aa8c51000aed420822d33f83/element - {"using":"xpath","value":"//div[(text() = 'Standard Entry' or . = 'Standard Entry')]"}
RESULT: {"using":"xpath","value":"//div[(text() = 'Standard Entry' or . = 'Standard Entry')]"}
COMMAND: POST /session/5780a996aa8c51000aed420822d33f83/element/f.C12891CE133D59B6823BF6462A308BA2.d.F65DD642FAB9305C5A70F9A67D52C493.e.20339/click - {}
RESULT: {}
COMMAND: POST /session/5780a996aa8c51000aed420822d33f83/execute/async - {"script":"<script> [1562 bytes]","args":[{"selector":{"controlType":"sap.ui.core.Icon","viewName":"etm.portal.ui.managecontracts.view.EditContract","properties":{"src":{"regex":{"source":"slim\\-arrow\\-down"}}},"ancestor":{"controlType":"sap.m.ComboBox","viewName":"etm.portal.ui.managecontracts.view.EditContract","bindingPath":{"propertyPath":"RU_TYPE","modelName":"catalogModel"}}},"wdio_ui5_key":"etmportal.ui.managecontracts.view.EditContractsap.ui.core.Icon{\"src\":{\"regex\":{\"source\":\"slim\\\\-arrow\\\\-down\"}}}{\"controlType\":\"sap.m.ComboBox\",\"viewName\":\"etm.portal.ui.managecontracts.view.EditContract\",\"bindingPath\":{\"propertyPath\":\"RU_TYPE\",\"modelName\":\"catalogModel\"}}"}]}
COMMAND: GET /session/5780a996aa8c51000aed420822d33f83/screenshot - {}
RESULT: {"script":"<script> [1562 bytes]","args":[{"selector":{"controlType":"sap.ui.core.Icon","viewName":"etm.portal.ui.managecontracts.view.EditContract","properties":{"src":{"regex":{"source":"slim\\-arrow\\-down"}}},"ancestor":{"controlType":"sap.m.ComboBox","viewName":"etm.portal.ui.managecontracts.view.EditContract","bindingPath":{"propertyPath":"RU_TYPE","modelName":"catalogModel"}}},"wdio_ui5_key":"etmportal.ui.managecontracts.view.EditContractsap.ui.core.Icon{\"src\":{\"regex\":{\"source\":\"slim\\\\-arrow\\\\-down\"}}}{\"controlType\":\"sap.m.ComboBox\",\"viewName\":\"etm.portal.ui.managecontracts.view.EditContract\",\"bindingPath\":{\"propertyPath\":\"RU_TYPE\",\"modelName\":\"catalogModel\"}}"}]}
RESULT: undefined
COMMAND: POST /session/5780a996aa8c51000aed420822d33f83/element - {"using":"xpath","value":"//*[@id=\"__box19-arrow\"]"}
RESULT: {}
RESULT: {"using":"xpath","value":"//*[@id=\"__box19-arrow\"]"}
COMMAND: POST /session/5780a996aa8c51000aed420822d33f83/element/f.C12891CE133D59B6823BF6462A308BA2.d.F65DD642FAB9305C5A70F9A67D52C493.e.20354/click - {}
RESULT: {}
COMMAND: POST /session/5780a996aa8c51000aed420822d33f83/execute/async - {"script":"<script> [1562 bytes]","args":[{"selector":{"controlType":"sap.m.StandardListItem","viewName":"etm.portal.ui.managecontracts.view.EditContract","properties":{"title":"Material"},"searchOpenDialogs":true,"interaction":{"idSuffix":"content"}},"wdio_ui5_key":"etmportal.ui.managecontracts.view.EditContractsap.m.StandardListItem{\"title\":\"Material\"}"}]}
COMMAND: GET /session/5780a996aa8c51000aed420822d33f83/screenshot - {}
RESULT: {"script":"<script> [1562 bytes]","args":[{"selector":{"controlType":"sap.m.StandardListItem","viewName":"etm.portal.ui.managecontracts.view.EditContract","properties":{"title":"Material"},"searchOpenDialogs":true,"interaction":{"idSuffix":"content"}},"wdio_ui5_key":"etmportal.ui.managecontracts.view.EditContractsap.m.StandardListItem{\"title\":\"Material\"}"}]}
RESULT: undefined
COMMAND: POST /session/5780a996aa8c51000aed420822d33f83/element - {"using":"xpath","value":"//*[@id=\"__item94\"]"}
RESULT: {}
RESULT: {"using":"xpath","value":"//*[@id=\"__item94\"]"}
COMMAND: POST /session/5780a996aa8c51000aed420822d33f83/element/f.C12891CE133D59B6823BF6462A308BA2.d.F65DD642FAB9305C5A70F9A67D52C493.e.20357/click - {}
RESULT: {}
COMMAND: POST /session/5780a996aa8c51000aed420822d33f83/element - {"using":"xpath","value":"//td[7]/div/div/input"}
COMMAND: GET /session/5780a996aa8c51000aed420822d33f83/screenshot - {}
RESULT: {"using":"xpath","value":"//td[7]/div/div/input"}
COMMAND: POST /session/5780a996aa8c51000aed420822d33f83/element/f.C12891CE133D59B6823BF6462A308BA2.d.F65DD642FAB9305C5A70F9A67D52C493.e.20360/clear - {}
RESULT: {}
RESULT: {}
COMMAND: POST /session/5780a996aa8c51000aed420822d33f83/element/f.C12891CE133D59B6823BF6462A308BA2.d.F65DD642FAB9305C5A70F9A67D52C493.e.20360/value - {"text":"WebdriverRUR2C3ko4uf"}
COMMAND: GET /session/5780a996aa8c51000aed420822d33f83/screenshot - {}
RESULT: {"text":"WebdriverRUR2C3ko4uf"}
COMMAND: GET /session/5780a996aa8c51000aed420822d33f83/screenshot - {}
RESULT: {}
RESULT: {}
COMMAND: POST /session/5780a996aa8c51000aed420822d33f83/actions - {"actions":[{"id":"action86","type":"key","parameters":{},"actions":[{"type":"keyDown","value":"î€‡"},{"type":"pause","duration":10},{"type":"keyUp","value":"î€‡"}]}]}
RESULT: {"actions":[{"id":"action86","type":"key","parameters":{},"actions":[{"type":"keyDown","value":"î€‡"},{"type":"pause","duration":10},{"type":"keyUp","value":"î€‡"}]}]}
COMMAND: GET /session/5780a996aa8c51000aed420822d33f83/screenshot - {}
RESULT: {}
COMMAND: POST /session/5780a996aa8c51000aed420822d33f83/element - {"using":"xpath","value":"//button[@data-kt=\"saveButton\"]"}
RESULT: {"using":"xpath","value":"//button[@data-kt=\"saveButton\"]"}
COMMAND: POST /session/5780a996aa8c51000aed420822d33f83/element/f.C12891CE133D59B6823BF6462A308BA2.d.F65DD642FAB9305C5A70F9A67D52C493.e.20383/click - {}
RESULT: {}
COMMAND: GET /session/5780a996aa8c51000aed420822d33f83/screenshot - {}
RESULT: {}
RESULT: undefined
COMMAND: POST /session/5780a996aa8c51000aed420822d33f83/execute/async - {"script":"<script> [6424 bytes]","args":[{"element-6066-11e4-a52e-4f735466cecf":"f.C12891CE133D59B6823BF6462A308BA2.d.F65DD642FAB9305C5A70F9A67D52C493.e.20269"},"getText",[]]}
RESULT: {"script":"<script> [6424 bytes]","args":[{"element-6066-11e4-a52e-4f735466cecf":"f.C12891CE133D59B6823BF6462A308BA2.d.F65DD642FAB9305C5A70F9A67D52C493.e.20269"},"getText",[]]}
COMMAND: DELETE /session/5780a996aa8c51000aed420822d33f83 - {}
RESULT: {}
]]></system-out>
    </testcase>
  </testsuite>
</testsuites>