<?xml version="1.0" encoding="UTF-8"?>
<testsuites tests="9" failures="1" errors="1" skipped="0">
  <testsuite timestamp="2025-06-01T17:57:58" time="788.065" tests="9" failures="1" errors="1" skipped="0">
    <properties>
      <property name="specId" value="0"/>
      <property name="suiteName" value="Address Management Tests US156181 US151165 US151160 US156180 US156178 US151157 US151172 US151170 US151166 US151168"/>
      <property name="capabilities" value="chrome.136_0_7103_93.windows"/>
      <property name="file" value="file:///D:/a/1/s/test/specs/BTS/address-management.spec.js"/>
    </properties>
    <testcase classname="chrome.136_0_7103_93.windows.Address_Management_Tests_US156181_US151165_US151160_US156180_US156178_US151157_US151172_US151170_US151166_US151168" name="Step 1 Will check existence of address created with generated name if none then we create US156181" time="78.89">
      <system-out><![CDATA[
COMMAND: POST /session/c7daff82216e94743244cb75cbdaffce/execute/async - {"script":"<script> [1562 bytes]","args":[{"selector":{"controlType":"sap.m.GenericTile","properties":{"header":"Address Management"}},"wdio_ui5_key":"sapm.GenericTile{\"header\":\"Address Management\"}"}]}
RESULT: {"script":"<script> [1562 bytes]","args":[{"selector":{"controlType":"sap.m.GenericTile","properties":{"header":"Address Management"}},"wdio_ui5_key":"sapm.GenericTile{\"header\":\"Address Management\"}"}]}
RESULT: undefined
COMMAND: POST /session/c7daff82216e94743244cb75cbdaffce/element - {"using":"xpath","value":"//*[@id=\"__tile33\"]"}
RESULT: {"using":"xpath","value":"//*[@id=\"__tile33\"]"}
COMMAND: POST /session/c7daff82216e94743244cb75cbdaffce/element/f.3F599814B724AE709646F1EA6658CE76.d.080A20E6E847F469EF6DB971F4058C2C.e.196/click - {}
RESULT: {}
COMMAND: GET /session/c7daff82216e94743244cb75cbdaffce/screenshot - {}
RESULT: {}
COMMAND: POST /session/c7daff82216e94743244cb75cbdaffce/elements - {"using":"xpath","value":"//span[text()='Error']"}
RESULT: {"using":"xpath","value":"//span[text()='Error']"}
COMMAND: POST /session/c7daff82216e94743244cb75cbdaffce/element - {"using":"xpath","value":"//button[@data-kt=\"addButton\"]"}
RESULT: {"using":"xpath","value":"//button[@data-kt=\"addButton\"]"}
COMMAND: POST /session/c7daff82216e94743244cb75cbdaffce/elements - {"using":"xpath","value":"//button[@data-kt=\"addButton\"]"}
RESULT: {"using":"xpath","value":"//button[@data-kt=\"addButton\"]"}
COMMAND: POST /session/c7daff82216e94743244cb75cbdaffce/elements - {"using":"xpath","value":"//button[@data-kt=\"addButton\"]"}
RESULT: {"using":"xpath","value":"//button[@data-kt=\"addButton\"]"}
COMMAND: POST /session/c7daff82216e94743244cb75cbdaffce/elements - {"using":"xpath","value":"//button[@data-kt=\"addButton\"]"}
RESULT: {"using":"xpath","value":"//button[@data-kt=\"addButton\"]"}
COMMAND: POST /session/c7daff82216e94743244cb75cbdaffce/elements - {"using":"xpath","value":"//button[@data-kt=\"addButton\"]"}
RESULT: {"using":"xpath","value":"//button[@data-kt=\"addButton\"]"}
COMMAND: POST /session/c7daff82216e94743244cb75cbdaffce/elements - {"using":"xpath","value":"//button[@data-kt=\"addButton\"]"}
RESULT: {"using":"xpath","value":"//button[@data-kt=\"addButton\"]"}
COMMAND: POST /session/c7daff82216e94743244cb75cbdaffce/elements - {"using":"xpath","value":"//button[@data-kt=\"addButton\"]"}
RESULT: {"using":"xpath","value":"//button[@data-kt=\"addButton\"]"}
COMMAND: POST /session/c7daff82216e94743244cb75cbdaffce/elements - {"using":"xpath","value":"//button[@data-kt=\"addButton\"]"}
RESULT: {"using":"xpath","value":"//button[@data-kt=\"addButton\"]"}
COMMAND: POST /session/c7daff82216e94743244cb75cbdaffce/elements - {"using":"xpath","value":"//button[@data-kt=\"addButton\"]"}
RESULT: {"using":"xpath","value":"//button[@data-kt=\"addButton\"]"}
COMMAND: POST /session/c7daff82216e94743244cb75cbdaffce/elements - {"using":"xpath","value":"//button[@data-kt=\"addButton\"]"}
RESULT: {"using":"xpath","value":"//button[@data-kt=\"addButton\"]"}
COMMAND: POST /session/c7daff82216e94743244cb75cbdaffce/elements - {"using":"xpath","value":"//button[@data-kt=\"addButton\"]"}
RESULT: {"using":"xpath","value":"//button[@data-kt=\"addButton\"]"}
COMMAND: POST /session/c7daff82216e94743244cb75cbdaffce/elements - {"using":"xpath","value":"//button[@data-kt=\"addButton\"]"}
RESULT: {"using":"xpath","value":"//button[@data-kt=\"addButton\"]"}
COMMAND: POST /session/c7daff82216e94743244cb75cbdaffce/elements - {"using":"xpath","value":"//button[@data-kt=\"addButton\"]"}
RESULT: {"using":"xpath","value":"//button[@data-kt=\"addButton\"]"}
COMMAND: POST /session/c7daff82216e94743244cb75cbdaffce/elements - {"using":"xpath","value":"//button[@data-kt=\"addButton\"]"}
RESULT: {"using":"xpath","value":"//button[@data-kt=\"addButton\"]"}
COMMAND: POST /session/c7daff82216e94743244cb75cbdaffce/elements - {"using":"xpath","value":"//button[@data-kt=\"addButton\"]"}
RESULT: {"using":"xpath","value":"//button[@data-kt=\"addButton\"]"}
COMMAND: POST /session/c7daff82216e94743244cb75cbdaffce/elements - {"using":"xpath","value":"//button[@data-kt=\"addButton\"]"}
RESULT: {"using":"xpath","value":"//button[@data-kt=\"addButton\"]"}
COMMAND: POST /session/c7daff82216e94743244cb75cbdaffce/elements - {"using":"xpath","value":"//button[@data-kt=\"addButton\"]"}
RESULT: {"using":"xpath","value":"//button[@data-kt=\"addButton\"]"}
COMMAND: POST /session/c7daff82216e94743244cb75cbdaffce/elements - {"using":"xpath","value":"//button[@data-kt=\"addButton\"]"}
RESULT: {"using":"xpath","value":"//button[@data-kt=\"addButton\"]"}
COMMAND: POST /session/c7daff82216e94743244cb75cbdaffce/elements - {"using":"xpath","value":"//button[@data-kt=\"addButton\"]"}
RESULT: {"using":"xpath","value":"//button[@data-kt=\"addButton\"]"}
COMMAND: POST /session/c7daff82216e94743244cb75cbdaffce/elements - {"using":"xpath","value":"//button[@data-kt=\"addButton\"]"}
RESULT: {"using":"xpath","value":"//button[@data-kt=\"addButton\"]"}
COMMAND: POST /session/c7daff82216e94743244cb75cbdaffce/elements - {"using":"xpath","value":"//button[@data-kt=\"addButton\"]"}
RESULT: {"using":"xpath","value":"//button[@data-kt=\"addButton\"]"}
COMMAND: POST /session/c7daff82216e94743244cb75cbdaffce/elements - {"using":"xpath","value":"//button[@data-kt=\"addButton\"]"}
RESULT: {"using":"xpath","value":"//button[@data-kt=\"addButton\"]"}
COMMAND: POST /session/c7daff82216e94743244cb75cbdaffce/elements - {"using":"xpath","value":"//button[@data-kt=\"addButton\"]"}
RESULT: {"using":"xpath","value":"//button[@data-kt=\"addButton\"]"}
COMMAND: POST /session/c7daff82216e94743244cb75cbdaffce/elements - {"using":"xpath","value":"//button[@data-kt=\"addButton\"]"}
RESULT: {"using":"xpath","value":"//button[@data-kt=\"addButton\"]"}
COMMAND: POST /session/c7daff82216e94743244cb75cbdaffce/element - {"using":"xpath","value":"//button[@data-kt=\"addButton\"]"}
RESULT: {"using":"xpath","value":"//button[@data-kt=\"addButton\"]"}
COMMAND: POST /session/c7daff82216e94743244cb75cbdaffce/execute/sync - {"script":"<script> [8489 bytes]","args":[{"element-6066-11e4-a52e-4f735466cecf":"f.3F599814B724AE709646F1EA6658CE76.d.080A20E6E847F469EF6DB971F4058C2C.e.281","ELEMENT":"f.3F599814B724AE709646F1EA6658CE76.d.080A20E6E847F469EF6DB971F4058C2C.e.281"}]}
RESULT: {"script":"<script> [8489 bytes]","args":[{"element-6066-11e4-a52e-4f735466cecf":"f.3F599814B724AE709646F1EA6658CE76.d.080A20E6E847F469EF6DB971F4058C2C.e.281","ELEMENT":"f.3F599814B724AE709646F1EA6658CE76.d.080A20E6E847F469EF6DB971F4058C2C.e.281"}]}
COMMAND: GET /session/c7daff82216e94743244cb75cbdaffce/element/f.3F599814B724AE709646F1EA6658CE76.d.080A20E6E847F469EF6DB971F4058C2C.e.281/enabled - {}
COMMAND: GET /session/c7daff82216e94743244cb75cbdaffce/screenshot - {}
RESULT: {}
COMMAND: POST /session/c7daff82216e94743244cb75cbdaffce/execute/sync - {"script":"<script> [8489 bytes]","args":[{"element-6066-11e4-a52e-4f735466cecf":"f.3F599814B724AE709646F1EA6658CE76.d.080A20E6E847F469EF6DB971F4058C2C.e.281","ELEMENT":"f.3F599814B724AE709646F1EA6658CE76.d.080A20E6E847F469EF6DB971F4058C2C.e.281"}]}
COMMAND: GET /session/c7daff82216e94743244cb75cbdaffce/screenshot - {}
RESULT: {}
RESULT: {"script":"<script> [8489 bytes]","args":[{"element-6066-11e4-a52e-4f735466cecf":"f.3F599814B724AE709646F1EA6658CE76.d.080A20E6E847F469EF6DB971F4058C2C.e.281","ELEMENT":"f.3F599814B724AE709646F1EA6658CE76.d.080A20E6E847F469EF6DB971F4058C2C.e.281"}]}
COMMAND: POST /session/c7daff82216e94743244cb75cbdaffce/execute/sync - {"script":"<script> [5351 bytes]","args":[{"element-6066-11e4-a52e-4f735466cecf":"f.3F599814B724AE709646F1EA6658CE76.d.080A20E6E847F469EF6DB971F4058C2C.e.281","ELEMENT":"f.3F599814B724AE709646F1EA6658CE76.d.080A20E6E847F469EF6DB971F4058C2C.e.281"}]}
COMMAND: GET /session/c7daff82216e94743244cb75cbdaffce/screenshot - {}
RESULT: {}
RESULT: {"script":"<script> [5351 bytes]","args":[{"element-6066-11e4-a52e-4f735466cecf":"f.3F599814B724AE709646F1EA6658CE76.d.080A20E6E847F469EF6DB971F4058C2C.e.281","ELEMENT":"f.3F599814B724AE709646F1EA6658CE76.d.080A20E6E847F469EF6DB971F4058C2C.e.281"}]}
COMMAND: GET /session/c7daff82216e94743244cb75cbdaffce/screenshot - {}
RESULT: {}
RESULT: {}
COMMAND: POST /session/c7daff82216e94743244cb75cbdaffce/execute/async - {"script":"<script> [1562 bytes]","args":[{"selector":{"id":"application-addressmanagement-display-component---masterAdm--smartFilterBar-btnBasicSearch","interaction":{"idSuffix":"I"}},"wdio_ui5_key":"applicationaddressmanagement-display-component---masterAdm--smartFilterBar-btnBasicSearch"}]}
RESULT: {"script":"<script> [1562 bytes]","args":[{"selector":{"id":"application-addressmanagement-display-component---masterAdm--smartFilterBar-btnBasicSearch","interaction":{"idSuffix":"I"}},"wdio_ui5_key":"applicationaddressmanagement-display-component---masterAdm--smartFilterBar-btnBasicSearch"}]}
RESULT: undefined
COMMAND: POST /session/c7daff82216e94743244cb75cbdaffce/execute/async - {"script":"<script> [776 bytes]","args":[{"enterText":"sDgEucUWI4","selector":{"id":"application-addressmanagement-display-component---masterAdm--smartFilterBar-btnBasicSearch","interaction":{"idSuffix":"I"}},"clearTextFirst":true,"interactionType":"ENTER_TEXT"}]}
RESULT: {"script":"<script> [776 bytes]","args":[{"enterText":"sDgEucUWI4","selector":{"id":"application-addressmanagement-display-component---masterAdm--smartFilterBar-btnBasicSearch","interaction":{"idSuffix":"I"}},"clearTextFirst":true,"interactionType":"ENTER_TEXT"}]}
COMMAND: POST /session/c7daff82216e94743244cb75cbdaffce/actions - {"actions":[{"id":"action1","type":"key","parameters":{},"actions":[{"type":"keyDown","value":""},{"type":"pause","duration":10},{"type":"keyUp","value":""}]}]}
RESULT: {"actions":[{"id":"action1","type":"key","parameters":{},"actions":[{"type":"keyDown","value":""},{"type":"pause","duration":10},{"type":"keyUp","value":""}]}]}
COMMAND: GET /session/c7daff82216e94743244cb75cbdaffce/screenshot - {}
RESULT: {}
COMMAND: POST /session/c7daff82216e94743244cb75cbdaffce/elements - {"using":"xpath","value":"//table[contains(@id, \"customPersonsAddressesTable-listUl\")]/tbody/tr"}
RESULT: {"using":"xpath","value":"//table[contains(@id, \"customPersonsAddressesTable-listUl\")]/tbody/tr"}
COMMAND: POST /session/c7daff82216e94743244cb75cbdaffce/element - {"using":"xpath","value":"//table[contains(@id, \"customPersonsAddressesTable-listUl\")]/tbody/tr[1]/td[5]/span/span"}
RESULT: {"using":"xpath","value":"//table[contains(@id, \"customPersonsAddressesTable-listUl\")]/tbody/tr[1]/td[5]/span/span"}
COMMAND: POST /session/c7daff82216e94743244cb75cbdaffce/element - {"using":"xpath","value":"//table[contains(@id, \"customPersonsAddressesTable-listUl\")]/tbody/tr[1]/td[3]/span"}
RESULT: {"using":"xpath","value":"//table[contains(@id, \"customPersonsAddressesTable-listUl\")]/tbody/tr[1]/td[3]/span"}
COMMAND: POST /session/c7daff82216e94743244cb75cbdaffce/elements - {"using":"xpath","value":"//table[contains(@id, \"customPersonsAddressesTable-listUl\")]/tbody/tr[1]/td[5]/span/span"}
RESULT: {"using":"xpath","value":"//table[contains(@id, \"customPersonsAddressesTable-listUl\")]/tbody/tr[1]/td[5]/span/span"}
COMMAND: POST /session/c7daff82216e94743244cb75cbdaffce/element - {"using":"xpath","value":"//span[@id=\"application-addressmanagement-display-component---masterAdm--smartTable-header-inner\"]"}
RESULT: {"using":"xpath","value":"//span[@id=\"application-addressmanagement-display-component---masterAdm--smartTable-header-inner\"]"}
COMMAND: POST /session/c7daff82216e94743244cb75cbdaffce/elements - {"using":"xpath","value":"//span[@id=\"application-addressmanagement-display-component---masterAdm--smartTable-header-inner\"]"}
RESULT: {"using":"xpath","value":"//span[@id=\"application-addressmanagement-display-component---masterAdm--smartTable-header-inner\"]"}
COMMAND: POST /session/c7daff82216e94743244cb75cbdaffce/execute/sync - {"script":"<script> [56 bytes]","args":[{"element-6066-11e4-a52e-4f735466cecf":"f.3F599814B724AE709646F1EA6658CE76.d.080A20E6E847F469EF6DB971F4058C2C.e.422","ELEMENT":"f.3F599814B724AE709646F1EA6658CE76.d.080A20E6E847F469EF6DB971F4058C2C.e.422"}]}
RESULT: {"script":"<script> [56 bytes]","args":[{"element-6066-11e4-a52e-4f735466cecf":"f.3F599814B724AE709646F1EA6658CE76.d.080A20E6E847F469EF6DB971F4058C2C.e.422","ELEMENT":"f.3F599814B724AE709646F1EA6658CE76.d.080A20E6E847F469EF6DB971F4058C2C.e.422"}]}
COMMAND: POST /session/c7daff82216e94743244cb75cbdaffce/element - {"using":"xpath","value":"//button[@data-kt=\"addButton\"]"}
COMMAND: GET /session/c7daff82216e94743244cb75cbdaffce/screenshot - {}
RESULT: {}
RESULT: {"using":"xpath","value":"//button[@data-kt=\"addButton\"]"}
COMMAND: POST /session/c7daff82216e94743244cb75cbdaffce/element/f.3F599814B724AE709646F1EA6658CE76.d.080A20E6E847F469EF6DB971F4058C2C.e.281/click - {}
RESULT: {}
COMMAND: GET /session/c7daff82216e94743244cb75cbdaffce/screenshot - {}
RESULT: {}
COMMAND: POST /session/c7daff82216e94743244cb75cbdaffce/execute/async - {"script":"<script> [1562 bytes]","args":[{"selector":{"controlType":"sap.ui.core.Icon","viewName":"etm.portal.ui.addressmanagement.view.NewAddress","properties":{"src":{"regex":{"source":"slim\\-arrow\\-down"}}},"ancestor":{"id":"addressTitle","viewName":"etm.portal.ui.addressmanagement.view.NewAddress"}},"wdio_ui5_key":"etmportal.ui.addressmanagement.view.NewAddresssap.ui.core.Icon{\"src\":{\"regex\":{\"source\":\"slim\\\\-arrow\\\\-down\"}}}{\"id\":\"addressTitle\",\"viewName\":\"etm.portal.ui.addressmanagement.view.NewAddress\"}"}]}
RESULT: {"script":"<script> [1562 bytes]","args":[{"selector":{"controlType":"sap.ui.core.Icon","viewName":"etm.portal.ui.addressmanagement.view.NewAddress","properties":{"src":{"regex":{"source":"slim\\-arrow\\-down"}}},"ancestor":{"id":"addressTitle","viewName":"etm.portal.ui.addressmanagement.view.NewAddress"}},"wdio_ui5_key":"etmportal.ui.addressmanagement.view.NewAddresssap.ui.core.Icon{\"src\":{\"regex\":{\"source\":\"slim\\\\-arrow\\\\-down\"}}}{\"id\":\"addressTitle\",\"viewName\":\"etm.portal.ui.addressmanagement.view.NewAddress\"}"}]}
RESULT: undefined
COMMAND: POST /session/c7daff82216e94743244cb75cbdaffce/element - {"using":"xpath","value":"//*[@id=\"__xmlview58--addressTitle-arrow\"]"}
RESULT: {"using":"xpath","value":"//*[@id=\"__xmlview58--addressTitle-arrow\"]"}
COMMAND: POST /session/c7daff82216e94743244cb75cbdaffce/element/f.3F599814B724AE709646F1EA6658CE76.d.080A20E6E847F469EF6DB971F4058C2C.e.452/click - {}
RESULT: {}
COMMAND: GET /session/c7daff82216e94743244cb75cbdaffce/screenshot - {}
RESULT: {}
COMMAND: POST /session/c7daff82216e94743244cb75cbdaffce/element - {"using":"xpath","value":"//li[.//span[text()=\"Dr.\"]]"}
RESULT: {"using":"xpath","value":"//li[.//span[text()=\"Dr.\"]]"}
COMMAND: POST /session/c7daff82216e94743244cb75cbdaffce/element/f.3F599814B724AE709646F1EA6658CE76.d.080A20E6E847F469EF6DB971F4058C2C.e.562/click - {}
RESULT: {}
COMMAND: POST /session/c7daff82216e94743244cb75cbdaffce/execute/async - {"script":"<script> [1562 bytes]","args":[{"selector":{"controlType":"sap.ui.core.Icon","viewName":"etm.portal.ui.addressmanagement.view.NewAddress","properties":{"src":{"regex":{"source":"slim\\-arrow\\-down"}}},"ancestor":{"id":"addressDetailDetailsLanguage","viewName":"etm.portal.ui.addressmanagement.view.NewAddress"}},"wdio_ui5_key":"etmportal.ui.addressmanagement.view.NewAddresssap.ui.core.Icon{\"src\":{\"regex\":{\"source\":\"slim\\\\-arrow\\\\-down\"}}}{\"id\":\"addressDetailDetailsLanguage\",\"viewName\":\"etm.portal.ui.addressmanagement.view.NewAddress\"}"}]}
COMMAND: GET /session/c7daff82216e94743244cb75cbdaffce/screenshot - {}
RESULT: {"script":"<script> [1562 bytes]","args":[{"selector":{"controlType":"sap.ui.core.Icon","viewName":"etm.portal.ui.addressmanagement.view.NewAddress","properties":{"src":{"regex":{"source":"slim\\-arrow\\-down"}}},"ancestor":{"id":"addressDetailDetailsLanguage","viewName":"etm.portal.ui.addressmanagement.view.NewAddress"}},"wdio_ui5_key":"etmportal.ui.addressmanagement.view.NewAddresssap.ui.core.Icon{\"src\":{\"regex\":{\"source\":\"slim\\\\-arrow\\\\-down\"}}}{\"id\":\"addressDetailDetailsLanguage\",\"viewName\":\"etm.portal.ui.addressmanagement.view.NewAddress\"}"}]}
RESULT: undefined
COMMAND: POST /session/c7daff82216e94743244cb75cbdaffce/element - {"using":"xpath","value":"//*[@id=\"__xmlview58--addressDetailDetailsLanguage-arrow\"]"}
RESULT: {}
RESULT: {"using":"xpath","value":"//*[@id=\"__xmlview58--addressDetailDetailsLanguage-arrow\"]"}
COMMAND: POST /session/c7daff82216e94743244cb75cbdaffce/element/f.3F599814B724AE709646F1EA6658CE76.d.080A20E6E847F469EF6DB971F4058C2C.e.465/click - {}
RESULT: {}
COMMAND: GET /session/c7daff82216e94743244cb75cbdaffce/screenshot - {}
RESULT: {}
COMMAND: POST /session/c7daff82216e94743244cb75cbdaffce/element - {"using":"xpath","value":"//span[contains(text(), \"English\")]"}
RESULT: {"using":"xpath","value":"//span[contains(text(), \"English\")]"}
COMMAND: POST /session/c7daff82216e94743244cb75cbdaffce/element/f.3F599814B724AE709646F1EA6658CE76.d.080A20E6E847F469EF6DB971F4058C2C.e.563/click - {}
RESULT: {}
COMMAND: POST /session/c7daff82216e94743244cb75cbdaffce/execute/async - {"script":"<script> [1562 bytes]","args":[{"selector":{"controlType":"sap.m.Input","viewName":"etm.portal.ui.addressmanagement.view.NewAddress","labelFor":{"text":"Name"},"interaction":{"idSuffix":"inner"}},"wdio_ui5_key":"etmportal.ui.addressmanagement.view.NewAddresssap.m.Input{\"text\":\"Name\"}"}]}
COMMAND: GET /session/c7daff82216e94743244cb75cbdaffce/screenshot - {}
RESULT: {"script":"<script> [1562 bytes]","args":[{"selector":{"controlType":"sap.m.Input","viewName":"etm.portal.ui.addressmanagement.view.NewAddress","labelFor":{"text":"Name"},"interaction":{"idSuffix":"inner"}},"wdio_ui5_key":"etmportal.ui.addressmanagement.view.NewAddresssap.m.Input{\"text\":\"Name\"}"}]}
RESULT: undefined
COMMAND: POST /session/c7daff82216e94743244cb75cbdaffce/execute/async - {"script":"<script> [776 bytes]","args":[{"enterText":"sDgEucUWI4","selector":{"controlType":"sap.m.Input","viewName":"etm.portal.ui.addressmanagement.view.NewAddress","labelFor":{"text":"Name"},"interaction":{"idSuffix":"inner"}},"clearTextFirst":true,"interactionType":"ENTER_TEXT"}]}
RESULT: {}
RESULT: {"script":"<script> [776 bytes]","args":[{"enterText":"sDgEucUWI4","selector":{"controlType":"sap.m.Input","viewName":"etm.portal.ui.addressmanagement.view.NewAddress","labelFor":{"text":"Name"},"interaction":{"idSuffix":"inner"}},"clearTextFirst":true,"interactionType":"ENTER_TEXT"}]}
COMMAND: POST /session/c7daff82216e94743244cb75cbdaffce/element - {"using":"xpath","value":"//button[@title=\"Save\"]"}
RESULT: {"using":"xpath","value":"//button[@title=\"Save\"]"}
COMMAND: POST /session/c7daff82216e94743244cb75cbdaffce/element/f.3F599814B724AE709646F1EA6658CE76.d.080A20E6E847F469EF6DB971F4058C2C.e.551/click - {}
RESULT: {}
COMMAND: GET /session/c7daff82216e94743244cb75cbdaffce/screenshot - {}
RESULT: {}
COMMAND: POST /session/c7daff82216e94743244cb75cbdaffce/element - {"using":"xpath","value":"//header[contains(@id, \"application-addressmanagement-display-component---detailAdm--ObjectPageLayout-headerTitle\")]/div[1]/div[3]/div[2]/span"}
RESULT: {"using":"xpath","value":"//header[contains(@id, \"application-addressmanagement-display-component---detailAdm--ObjectPageLayout-headerTitle\")]/div[1]/div[3]/div[2]/span"}
COMMAND: POST /session/c7daff82216e94743244cb75cbdaffce/elements - {"using":"xpath","value":"//header[contains(@id, \"application-addressmanagement-display-component---detailAdm--ObjectPageLayout-headerTitle\")]/div[1]/div[3]/div[2]/span"}
RESULT: {"using":"xpath","value":"//header[contains(@id, \"application-addressmanagement-display-component---detailAdm--ObjectPageLayout-headerTitle\")]/div[1]/div[3]/div[2]/span"}
COMMAND: POST /session/c7daff82216e94743244cb75cbdaffce/execute/sync - {"script":"<script> [56 bytes]","args":[{"element-6066-11e4-a52e-4f735466cecf":"f.3F599814B724AE709646F1EA6658CE76.d.080A20E6E847F469EF6DB971F4058C2C.e.584","ELEMENT":"f.3F599814B724AE709646F1EA6658CE76.d.080A20E6E847F469EF6DB971F4058C2C.e.584"}]}
RESULT: {"script":"<script> [56 bytes]","args":[{"element-6066-11e4-a52e-4f735466cecf":"f.3F599814B724AE709646F1EA6658CE76.d.080A20E6E847F469EF6DB971F4058C2C.e.584","ELEMENT":"f.3F599814B724AE709646F1EA6658CE76.d.080A20E6E847F469EF6DB971F4058C2C.e.584"}]}
COMMAND: GET /session/c7daff82216e94743244cb75cbdaffce/screenshot - {}
RESULT: {}
COMMAND: POST /session/c7daff82216e94743244cb75cbdaffce/element - {"using":"css selector","value":"#shell-header-logo"}
RESULT: {"using":"css selector","value":"#shell-header-logo"}
COMMAND: POST /session/c7daff82216e94743244cb75cbdaffce/element/f.3F599814B724AE709646F1EA6658CE76.d.080A20E6E847F469EF6DB971F4058C2C.e.245/click - {}
RESULT: {}
COMMAND: GET /session/c7daff82216e94743244cb75cbdaffce/screenshot - {}
RESULT: {}
]]></system-out>
    </testcase>
    <testcase classname="chrome.136_0_7103_93.windows.Address_Management_Tests_US156181_US151165_US151160_US156180_US156178_US151157_US151172_US151170_US151166_US151168" name="Step 2 Should deactivate the created address in earlier step US151165" time="44.162">
      <system-out><![CDATA[
RESULT: undefined
COMMAND: POST /session/c7daff82216e94743244cb75cbdaffce/element - {"using":"xpath","value":"//*[@id=\"__tile33\"]"}
RESULT: {"using":"xpath","value":"//*[@id=\"__tile33\"]"}
COMMAND: POST /session/c7daff82216e94743244cb75cbdaffce/element/f.3F599814B724AE709646F1EA6658CE76.d.080A20E6E847F469EF6DB971F4058C2C.e.196/click - {}
RESULT: {}
COMMAND: GET /session/c7daff82216e94743244cb75cbdaffce/screenshot - {}
RESULT: {}
COMMAND: POST /session/c7daff82216e94743244cb75cbdaffce/elements - {"using":"xpath","value":"//span[text()='Error']"}
RESULT: {"using":"xpath","value":"//span[text()='Error']"}
COMMAND: POST /session/c7daff82216e94743244cb75cbdaffce/element - {"using":"xpath","value":"//button[@data-kt=\"addButton\"]"}
RESULT: {"using":"xpath","value":"//button[@data-kt=\"addButton\"]"}
COMMAND: POST /session/c7daff82216e94743244cb75cbdaffce/elements - {"using":"xpath","value":"//button[@data-kt=\"addButton\"]"}
RESULT: {"using":"xpath","value":"//button[@data-kt=\"addButton\"]"}
COMMAND: POST /session/c7daff82216e94743244cb75cbdaffce/execute/sync - {"script":"<script> [8489 bytes]","args":[{"element-6066-11e4-a52e-4f735466cecf":"f.3F599814B724AE709646F1EA6658CE76.d.080A20E6E847F469EF6DB971F4058C2C.e.635","ELEMENT":"f.3F599814B724AE709646F1EA6658CE76.d.080A20E6E847F469EF6DB971F4058C2C.e.635"}]}
RESULT: {"script":"<script> [8489 bytes]","args":[{"element-6066-11e4-a52e-4f735466cecf":"f.3F599814B724AE709646F1EA6658CE76.d.080A20E6E847F469EF6DB971F4058C2C.e.635","ELEMENT":"f.3F599814B724AE709646F1EA6658CE76.d.080A20E6E847F469EF6DB971F4058C2C.e.635"}]}
COMMAND: GET /session/c7daff82216e94743244cb75cbdaffce/element/f.3F599814B724AE709646F1EA6658CE76.d.080A20E6E847F469EF6DB971F4058C2C.e.635/enabled - {}
COMMAND: GET /session/c7daff82216e94743244cb75cbdaffce/screenshot - {}
RESULT: {}
COMMAND: POST /session/c7daff82216e94743244cb75cbdaffce/execute/sync - {"script":"<script> [8489 bytes]","args":[{"element-6066-11e4-a52e-4f735466cecf":"f.3F599814B724AE709646F1EA6658CE76.d.080A20E6E847F469EF6DB971F4058C2C.e.635","ELEMENT":"f.3F599814B724AE709646F1EA6658CE76.d.080A20E6E847F469EF6DB971F4058C2C.e.635"}]}
COMMAND: GET /session/c7daff82216e94743244cb75cbdaffce/screenshot - {}
RESULT: {}
RESULT: {"script":"<script> [8489 bytes]","args":[{"element-6066-11e4-a52e-4f735466cecf":"f.3F599814B724AE709646F1EA6658CE76.d.080A20E6E847F469EF6DB971F4058C2C.e.635","ELEMENT":"f.3F599814B724AE709646F1EA6658CE76.d.080A20E6E847F469EF6DB971F4058C2C.e.635"}]}
COMMAND: POST /session/c7daff82216e94743244cb75cbdaffce/execute/sync - {"script":"<script> [5351 bytes]","args":[{"element-6066-11e4-a52e-4f735466cecf":"f.3F599814B724AE709646F1EA6658CE76.d.080A20E6E847F469EF6DB971F4058C2C.e.635","ELEMENT":"f.3F599814B724AE709646F1EA6658CE76.d.080A20E6E847F469EF6DB971F4058C2C.e.635"}]}
COMMAND: GET /session/c7daff82216e94743244cb75cbdaffce/screenshot - {}
RESULT: {}
RESULT: {"script":"<script> [5351 bytes]","args":[{"element-6066-11e4-a52e-4f735466cecf":"f.3F599814B724AE709646F1EA6658CE76.d.080A20E6E847F469EF6DB971F4058C2C.e.635","ELEMENT":"f.3F599814B724AE709646F1EA6658CE76.d.080A20E6E847F469EF6DB971F4058C2C.e.635"}]}
COMMAND: GET /session/c7daff82216e94743244cb75cbdaffce/screenshot - {}
RESULT: {}
RESULT: {}
RESULT: undefined
COMMAND: POST /session/c7daff82216e94743244cb75cbdaffce/execute/async - {"script":"<script> [776 bytes]","args":[{"enterText":"sDgEucUWI4","selector":{"id":"application-addressmanagement-display-component---masterAdm--smartFilterBar-btnBasicSearch","interaction":{"idSuffix":"I"}},"clearTextFirst":true,"interactionType":"ENTER_TEXT"}]}
RESULT: {"script":"<script> [776 bytes]","args":[{"enterText":"sDgEucUWI4","selector":{"id":"application-addressmanagement-display-component---masterAdm--smartFilterBar-btnBasicSearch","interaction":{"idSuffix":"I"}},"clearTextFirst":true,"interactionType":"ENTER_TEXT"}]}
COMMAND: POST /session/c7daff82216e94743244cb75cbdaffce/actions - {"actions":[{"id":"action2","type":"key","parameters":{},"actions":[{"type":"keyDown","value":""},{"type":"pause","duration":10},{"type":"keyUp","value":""}]}]}
RESULT: {"actions":[{"id":"action2","type":"key","parameters":{},"actions":[{"type":"keyDown","value":""},{"type":"pause","duration":10},{"type":"keyUp","value":""}]}]}
COMMAND: GET /session/c7daff82216e94743244cb75cbdaffce/screenshot - {}
RESULT: {}
COMMAND: POST /session/c7daff82216e94743244cb75cbdaffce/elements - {"using":"xpath","value":"//table[contains(@id, \"customPersonsAddressesTable-listUl\")]/tbody/tr"}
RESULT: {"using":"xpath","value":"//table[contains(@id, \"customPersonsAddressesTable-listUl\")]/tbody/tr"}
COMMAND: POST /session/c7daff82216e94743244cb75cbdaffce/element - {"using":"xpath","value":"//table[contains(@id, \"customPersonsAddressesTable-listUl\")]/tbody/tr[1]/td[5]/span/span"}
RESULT: {"using":"xpath","value":"//table[contains(@id, \"customPersonsAddressesTable-listUl\")]/tbody/tr[1]/td[5]/span/span"}
COMMAND: POST /session/c7daff82216e94743244cb75cbdaffce/element - {"using":"xpath","value":"//table[contains(@id, \"customPersonsAddressesTable-listUl\")]/tbody/tr[1]/td[3]/span"}
RESULT: {"using":"xpath","value":"//table[contains(@id, \"customPersonsAddressesTable-listUl\")]/tbody/tr[1]/td[3]/span"}
COMMAND: POST /session/c7daff82216e94743244cb75cbdaffce/elements - {"using":"xpath","value":"//table[contains(@id, \"customPersonsAddressesTable-listUl\")]/tbody/tr[1]/td[5]/span/span"}
RESULT: {"using":"xpath","value":"//table[contains(@id, \"customPersonsAddressesTable-listUl\")]/tbody/tr[1]/td[5]/span/span"}
COMMAND: POST /session/c7daff82216e94743244cb75cbdaffce/execute/sync - {"script":"<script> [56 bytes]","args":[{"element-6066-11e4-a52e-4f735466cecf":"f.3F599814B724AE709646F1EA6658CE76.d.080A20E6E847F469EF6DB971F4058C2C.e.777","ELEMENT":"f.3F599814B724AE709646F1EA6658CE76.d.080A20E6E847F469EF6DB971F4058C2C.e.777"}]}
RESULT: {"script":"<script> [56 bytes]","args":[{"element-6066-11e4-a52e-4f735466cecf":"f.3F599814B724AE709646F1EA6658CE76.d.080A20E6E847F469EF6DB971F4058C2C.e.777","ELEMENT":"f.3F599814B724AE709646F1EA6658CE76.d.080A20E6E847F469EF6DB971F4058C2C.e.777"}]}
COMMAND: POST /session/c7daff82216e94743244cb75cbdaffce/execute/sync - {"script":"<script> [56 bytes]","args":[{"element-6066-11e4-a52e-4f735466cecf":"f.3F599814B724AE709646F1EA6658CE76.d.080A20E6E847F469EF6DB971F4058C2C.e.778","ELEMENT":"f.3F599814B724AE709646F1EA6658CE76.d.080A20E6E847F469EF6DB971F4058C2C.e.778"}]}
COMMAND: GET /session/c7daff82216e94743244cb75cbdaffce/screenshot - {}
RESULT: {"script":"<script> [56 bytes]","args":[{"element-6066-11e4-a52e-4f735466cecf":"f.3F599814B724AE709646F1EA6658CE76.d.080A20E6E847F469EF6DB971F4058C2C.e.778","ELEMENT":"f.3F599814B724AE709646F1EA6658CE76.d.080A20E6E847F469EF6DB971F4058C2C.e.778"}]}
COMMAND: POST /session/c7daff82216e94743244cb75cbdaffce/element - {"using":"xpath","value":"//table[contains(@id, \"customPersonsAddressesTable-listUl\")]/tbody/tr[1]/td[10]/div/span"}
COMMAND: GET /session/c7daff82216e94743244cb75cbdaffce/screenshot - {}
RESULT: {}
RESULT: {"using":"xpath","value":"//table[contains(@id, \"customPersonsAddressesTable-listUl\")]/tbody/tr[1]/td[10]/div/span"}
COMMAND: POST /session/c7daff82216e94743244cb75cbdaffce/execute/sync - {"script":"<script> [56 bytes]","args":[{"element-6066-11e4-a52e-4f735466cecf":"f.3F599814B724AE709646F1EA6658CE76.d.080A20E6E847F469EF6DB971F4058C2C.e.779","ELEMENT":"f.3F599814B724AE709646F1EA6658CE76.d.080A20E6E847F469EF6DB971F4058C2C.e.779"}]}
RESULT: {}
RESULT: {"script":"<script> [56 bytes]","args":[{"element-6066-11e4-a52e-4f735466cecf":"f.3F599814B724AE709646F1EA6658CE76.d.080A20E6E847F469EF6DB971F4058C2C.e.779","ELEMENT":"f.3F599814B724AE709646F1EA6658CE76.d.080A20E6E847F469EF6DB971F4058C2C.e.779"}]}
COMMAND: POST /session/c7daff82216e94743244cb75cbdaffce/element - {"using":"xpath","value":"//table[contains(@id, \"customPersonsAddressesTable-listUl\")]/tbody/tr[1]/td[2]/div/div"}
COMMAND: GET /session/c7daff82216e94743244cb75cbdaffce/screenshot - {}
RESULT: {"using":"xpath","value":"//table[contains(@id, \"customPersonsAddressesTable-listUl\")]/tbody/tr[1]/td[2]/div/div"}
COMMAND: POST /session/c7daff82216e94743244cb75cbdaffce/element/f.3F599814B724AE709646F1EA6658CE76.d.080A20E6E847F469EF6DB971F4058C2C.e.780/click - {}
RESULT: {}
RESULT: {}
COMMAND: GET /session/c7daff82216e94743244cb75cbdaffce/screenshot - {}
RESULT: {}
COMMAND: POST /session/c7daff82216e94743244cb75cbdaffce/element - {"using":"xpath","value":"//bdi[contains(text(), \"Deactivate\")]"}
RESULT: {"using":"xpath","value":"//bdi[contains(text(), \"Deactivate\")]"}
COMMAND: POST /session/c7daff82216e94743244cb75cbdaffce/element/f.3F599814B724AE709646F1EA6658CE76.d.080A20E6E847F469EF6DB971F4058C2C.e.781/click - {}
RESULT: {}
COMMAND: GET /session/c7daff82216e94743244cb75cbdaffce/screenshot - {}
RESULT: {}
COMMAND: POST /session/c7daff82216e94743244cb75cbdaffce/element - {"using":"xpath","value":"//bdi[contains(text(), \"Yes\")]"}
RESULT: {"using":"xpath","value":"//bdi[contains(text(), \"Yes\")]"}
COMMAND: POST /session/c7daff82216e94743244cb75cbdaffce/element/f.3F599814B724AE709646F1EA6658CE76.d.080A20E6E847F469EF6DB971F4058C2C.e.783/click - {}
RESULT: {}
COMMAND: GET /session/c7daff82216e94743244cb75cbdaffce/screenshot - {}
RESULT: {}
COMMAND: POST /session/c7daff82216e94743244cb75cbdaffce/element - {"using":"xpath","value":"//table[contains(@id, \"customPersonsAddressesTable-listUl\")]/tbody/tr[1]/td[10]/div/span"}
RESULT: {"using":"xpath","value":"//table[contains(@id, \"customPersonsAddressesTable-listUl\")]/tbody/tr[1]/td[10]/div/span"}
COMMAND: POST /session/c7daff82216e94743244cb75cbdaffce/execute/sync - {"script":"<script> [56 bytes]","args":[{"element-6066-11e4-a52e-4f735466cecf":"f.3F599814B724AE709646F1EA6658CE76.d.080A20E6E847F469EF6DB971F4058C2C.e.779","ELEMENT":"f.3F599814B724AE709646F1EA6658CE76.d.080A20E6E847F469EF6DB971F4058C2C.e.779"}]}
RESULT: {"script":"<script> [56 bytes]","args":[{"element-6066-11e4-a52e-4f735466cecf":"f.3F599814B724AE709646F1EA6658CE76.d.080A20E6E847F469EF6DB971F4058C2C.e.779","ELEMENT":"f.3F599814B724AE709646F1EA6658CE76.d.080A20E6E847F469EF6DB971F4058C2C.e.779"}]}
COMMAND: GET /session/c7daff82216e94743244cb75cbdaffce/screenshot - {}
RESULT: {}
COMMAND: POST /session/c7daff82216e94743244cb75cbdaffce/element - {"using":"css selector","value":"#shell-header-logo"}
RESULT: {"using":"css selector","value":"#shell-header-logo"}
COMMAND: POST /session/c7daff82216e94743244cb75cbdaffce/element/f.3F599814B724AE709646F1EA6658CE76.d.080A20E6E847F469EF6DB971F4058C2C.e.589/click - {}
RESULT: {}
COMMAND: GET /session/c7daff82216e94743244cb75cbdaffce/screenshot - {}
RESULT: {}
]]></system-out>
    </testcase>
    <testcase classname="chrome.136_0_7103_93.windows.Address_Management_Tests_US156181_US151165_US151160_US156180_US156178_US151157_US151172_US151170_US151166_US151168" name="Step 3 Should activate the created address back again US151160" time="45.818">
      <system-out><![CDATA[
RESULT: undefined
COMMAND: POST /session/c7daff82216e94743244cb75cbdaffce/element - {"using":"xpath","value":"//*[@id=\"__tile33\"]"}
RESULT: {"using":"xpath","value":"//*[@id=\"__tile33\"]"}
COMMAND: POST /session/c7daff82216e94743244cb75cbdaffce/element/f.3F599814B724AE709646F1EA6658CE76.d.080A20E6E847F469EF6DB971F4058C2C.e.196/click - {}
RESULT: {}
COMMAND: GET /session/c7daff82216e94743244cb75cbdaffce/screenshot - {}
RESULT: {}
COMMAND: POST /session/c7daff82216e94743244cb75cbdaffce/elements - {"using":"xpath","value":"//span[text()='Error']"}
RESULT: {"using":"xpath","value":"//span[text()='Error']"}
COMMAND: POST /session/c7daff82216e94743244cb75cbdaffce/element - {"using":"xpath","value":"//button[@data-kt=\"addButton\"]"}
RESULT: {"using":"xpath","value":"//button[@data-kt=\"addButton\"]"}
COMMAND: POST /session/c7daff82216e94743244cb75cbdaffce/elements - {"using":"xpath","value":"//button[@data-kt=\"addButton\"]"}
RESULT: {"using":"xpath","value":"//button[@data-kt=\"addButton\"]"}
COMMAND: POST /session/c7daff82216e94743244cb75cbdaffce/execute/sync - {"script":"<script> [8489 bytes]","args":[{"element-6066-11e4-a52e-4f735466cecf":"f.3F599814B724AE709646F1EA6658CE76.d.080A20E6E847F469EF6DB971F4058C2C.e.834","ELEMENT":"f.3F599814B724AE709646F1EA6658CE76.d.080A20E6E847F469EF6DB971F4058C2C.e.834"}]}
RESULT: {"script":"<script> [8489 bytes]","args":[{"element-6066-11e4-a52e-4f735466cecf":"f.3F599814B724AE709646F1EA6658CE76.d.080A20E6E847F469EF6DB971F4058C2C.e.834","ELEMENT":"f.3F599814B724AE709646F1EA6658CE76.d.080A20E6E847F469EF6DB971F4058C2C.e.834"}]}
COMMAND: GET /session/c7daff82216e94743244cb75cbdaffce/element/f.3F599814B724AE709646F1EA6658CE76.d.080A20E6E847F469EF6DB971F4058C2C.e.834/enabled - {}
COMMAND: GET /session/c7daff82216e94743244cb75cbdaffce/screenshot - {}
RESULT: {}
COMMAND: POST /session/c7daff82216e94743244cb75cbdaffce/execute/sync - {"script":"<script> [8489 bytes]","args":[{"element-6066-11e4-a52e-4f735466cecf":"f.3F599814B724AE709646F1EA6658CE76.d.080A20E6E847F469EF6DB971F4058C2C.e.834","ELEMENT":"f.3F599814B724AE709646F1EA6658CE76.d.080A20E6E847F469EF6DB971F4058C2C.e.834"}]}
COMMAND: GET /session/c7daff82216e94743244cb75cbdaffce/screenshot - {}
RESULT: {}
RESULT: {"script":"<script> [8489 bytes]","args":[{"element-6066-11e4-a52e-4f735466cecf":"f.3F599814B724AE709646F1EA6658CE76.d.080A20E6E847F469EF6DB971F4058C2C.e.834","ELEMENT":"f.3F599814B724AE709646F1EA6658CE76.d.080A20E6E847F469EF6DB971F4058C2C.e.834"}]}
COMMAND: POST /session/c7daff82216e94743244cb75cbdaffce/execute/sync - {"script":"<script> [5351 bytes]","args":[{"element-6066-11e4-a52e-4f735466cecf":"f.3F599814B724AE709646F1EA6658CE76.d.080A20E6E847F469EF6DB971F4058C2C.e.834","ELEMENT":"f.3F599814B724AE709646F1EA6658CE76.d.080A20E6E847F469EF6DB971F4058C2C.e.834"}]}
COMMAND: GET /session/c7daff82216e94743244cb75cbdaffce/screenshot - {}
RESULT: {}
RESULT: {"script":"<script> [5351 bytes]","args":[{"element-6066-11e4-a52e-4f735466cecf":"f.3F599814B724AE709646F1EA6658CE76.d.080A20E6E847F469EF6DB971F4058C2C.e.834","ELEMENT":"f.3F599814B724AE709646F1EA6658CE76.d.080A20E6E847F469EF6DB971F4058C2C.e.834"}]}
COMMAND: GET /session/c7daff82216e94743244cb75cbdaffce/screenshot - {}
RESULT: {}
RESULT: {}
RESULT: undefined
COMMAND: POST /session/c7daff82216e94743244cb75cbdaffce/execute/async - {"script":"<script> [776 bytes]","args":[{"enterText":"sDgEucUWI4","selector":{"id":"application-addressmanagement-display-component---masterAdm--smartFilterBar-btnBasicSearch","interaction":{"idSuffix":"I"}},"clearTextFirst":true,"interactionType":"ENTER_TEXT"}]}
RESULT: {"script":"<script> [776 bytes]","args":[{"enterText":"sDgEucUWI4","selector":{"id":"application-addressmanagement-display-component---masterAdm--smartFilterBar-btnBasicSearch","interaction":{"idSuffix":"I"}},"clearTextFirst":true,"interactionType":"ENTER_TEXT"}]}
COMMAND: POST /session/c7daff82216e94743244cb75cbdaffce/actions - {"actions":[{"id":"action3","type":"key","parameters":{},"actions":[{"type":"keyDown","value":""},{"type":"pause","duration":10},{"type":"keyUp","value":""}]}]}
RESULT: {"actions":[{"id":"action3","type":"key","parameters":{},"actions":[{"type":"keyDown","value":""},{"type":"pause","duration":10},{"type":"keyUp","value":""}]}]}
COMMAND: GET /session/c7daff82216e94743244cb75cbdaffce/screenshot - {}
RESULT: {}
COMMAND: POST /session/c7daff82216e94743244cb75cbdaffce/elements - {"using":"xpath","value":"//table[contains(@id, \"customPersonsAddressesTable-listUl\")]/tbody/tr"}
RESULT: {"using":"xpath","value":"//table[contains(@id, \"customPersonsAddressesTable-listUl\")]/tbody/tr"}
COMMAND: POST /session/c7daff82216e94743244cb75cbdaffce/element - {"using":"xpath","value":"//table[contains(@id, \"customPersonsAddressesTable-listUl\")]/tbody/tr[1]/td[5]/span/span"}
RESULT: {"using":"xpath","value":"//table[contains(@id, \"customPersonsAddressesTable-listUl\")]/tbody/tr[1]/td[5]/span/span"}
COMMAND: POST /session/c7daff82216e94743244cb75cbdaffce/element - {"using":"xpath","value":"//table[contains(@id, \"customPersonsAddressesTable-listUl\")]/tbody/tr[1]/td[3]/span"}
RESULT: {"using":"xpath","value":"//table[contains(@id, \"customPersonsAddressesTable-listUl\")]/tbody/tr[1]/td[3]/span"}
COMMAND: POST /session/c7daff82216e94743244cb75cbdaffce/elements - {"using":"xpath","value":"//table[contains(@id, \"customPersonsAddressesTable-listUl\")]/tbody/tr[1]/td[5]/span/span"}
RESULT: {"using":"xpath","value":"//table[contains(@id, \"customPersonsAddressesTable-listUl\")]/tbody/tr[1]/td[5]/span/span"}
COMMAND: POST /session/c7daff82216e94743244cb75cbdaffce/execute/sync - {"script":"<script> [56 bytes]","args":[{"element-6066-11e4-a52e-4f735466cecf":"f.3F599814B724AE709646F1EA6658CE76.d.080A20E6E847F469EF6DB971F4058C2C.e.980","ELEMENT":"f.3F599814B724AE709646F1EA6658CE76.d.080A20E6E847F469EF6DB971F4058C2C.e.980"}]}
RESULT: {"script":"<script> [56 bytes]","args":[{"element-6066-11e4-a52e-4f735466cecf":"f.3F599814B724AE709646F1EA6658CE76.d.080A20E6E847F469EF6DB971F4058C2C.e.980","ELEMENT":"f.3F599814B724AE709646F1EA6658CE76.d.080A20E6E847F469EF6DB971F4058C2C.e.980"}]}
COMMAND: POST /session/c7daff82216e94743244cb75cbdaffce/execute/sync - {"script":"<script> [56 bytes]","args":[{"element-6066-11e4-a52e-4f735466cecf":"f.3F599814B724AE709646F1EA6658CE76.d.080A20E6E847F469EF6DB971F4058C2C.e.981","ELEMENT":"f.3F599814B724AE709646F1EA6658CE76.d.080A20E6E847F469EF6DB971F4058C2C.e.981"}]}
COMMAND: GET /session/c7daff82216e94743244cb75cbdaffce/screenshot - {}
RESULT: {"script":"<script> [56 bytes]","args":[{"element-6066-11e4-a52e-4f735466cecf":"f.3F599814B724AE709646F1EA6658CE76.d.080A20E6E847F469EF6DB971F4058C2C.e.981","ELEMENT":"f.3F599814B724AE709646F1EA6658CE76.d.080A20E6E847F469EF6DB971F4058C2C.e.981"}]}
COMMAND: POST /session/c7daff82216e94743244cb75cbdaffce/element - {"using":"xpath","value":"//table[contains(@id, \"customPersonsAddressesTable-listUl\")]/tbody/tr[1]/td[10]/div/span"}
COMMAND: GET /session/c7daff82216e94743244cb75cbdaffce/screenshot - {}
RESULT: {}
RESULT: {"using":"xpath","value":"//table[contains(@id, \"customPersonsAddressesTable-listUl\")]/tbody/tr[1]/td[10]/div/span"}
COMMAND: POST /session/c7daff82216e94743244cb75cbdaffce/execute/sync - {"script":"<script> [56 bytes]","args":[{"element-6066-11e4-a52e-4f735466cecf":"f.3F599814B724AE709646F1EA6658CE76.d.080A20E6E847F469EF6DB971F4058C2C.e.982","ELEMENT":"f.3F599814B724AE709646F1EA6658CE76.d.080A20E6E847F469EF6DB971F4058C2C.e.982"}]}
RESULT: {}
RESULT: {"script":"<script> [56 bytes]","args":[{"element-6066-11e4-a52e-4f735466cecf":"f.3F599814B724AE709646F1EA6658CE76.d.080A20E6E847F469EF6DB971F4058C2C.e.982","ELEMENT":"f.3F599814B724AE709646F1EA6658CE76.d.080A20E6E847F469EF6DB971F4058C2C.e.982"}]}
COMMAND: POST /session/c7daff82216e94743244cb75cbdaffce/element - {"using":"xpath","value":"//table[contains(@id, \"customPersonsAddressesTable-listUl\")]/tbody/tr[1]/td[2]/div/div"}
COMMAND: GET /session/c7daff82216e94743244cb75cbdaffce/screenshot - {}
RESULT: {"using":"xpath","value":"//table[contains(@id, \"customPersonsAddressesTable-listUl\")]/tbody/tr[1]/td[2]/div/div"}
COMMAND: POST /session/c7daff82216e94743244cb75cbdaffce/element/f.3F599814B724AE709646F1EA6658CE76.d.080A20E6E847F469EF6DB971F4058C2C.e.983/click - {}
RESULT: {}
RESULT: {}
COMMAND: GET /session/c7daff82216e94743244cb75cbdaffce/screenshot - {}
RESULT: {}
COMMAND: POST /session/c7daff82216e94743244cb75cbdaffce/element - {"using":"xpath","value":"//bdi[contains(text(), \"Activate\")]"}
RESULT: {"using":"xpath","value":"//bdi[contains(text(), \"Activate\")]"}
COMMAND: POST /session/c7daff82216e94743244cb75cbdaffce/element/f.3F599814B724AE709646F1EA6658CE76.d.080A20E6E847F469EF6DB971F4058C2C.e.984/click - {}
RESULT: {}
COMMAND: GET /session/c7daff82216e94743244cb75cbdaffce/screenshot - {}
RESULT: {}
COMMAND: POST /session/c7daff82216e94743244cb75cbdaffce/element - {"using":"xpath","value":"//bdi[contains(text(), \"Yes\")]"}
RESULT: {"using":"xpath","value":"//bdi[contains(text(), \"Yes\")]"}
COMMAND: POST /session/c7daff82216e94743244cb75cbdaffce/element/f.3F599814B724AE709646F1EA6658CE76.d.080A20E6E847F469EF6DB971F4058C2C.e.986/click - {}
RESULT: {}
COMMAND: GET /session/c7daff82216e94743244cb75cbdaffce/screenshot - {}
RESULT: {}
COMMAND: POST /session/c7daff82216e94743244cb75cbdaffce/element - {"using":"xpath","value":"//table[contains(@id, \"customPersonsAddressesTable-listUl\")]/tbody/tr[1]/td[10]/div/span"}
RESULT: {"using":"xpath","value":"//table[contains(@id, \"customPersonsAddressesTable-listUl\")]/tbody/tr[1]/td[10]/div/span"}
COMMAND: POST /session/c7daff82216e94743244cb75cbdaffce/execute/sync - {"script":"<script> [56 bytes]","args":[{"element-6066-11e4-a52e-4f735466cecf":"f.3F599814B724AE709646F1EA6658CE76.d.080A20E6E847F469EF6DB971F4058C2C.e.982","ELEMENT":"f.3F599814B724AE709646F1EA6658CE76.d.080A20E6E847F469EF6DB971F4058C2C.e.982"}]}
RESULT: {"script":"<script> [56 bytes]","args":[{"element-6066-11e4-a52e-4f735466cecf":"f.3F599814B724AE709646F1EA6658CE76.d.080A20E6E847F469EF6DB971F4058C2C.e.982","ELEMENT":"f.3F599814B724AE709646F1EA6658CE76.d.080A20E6E847F469EF6DB971F4058C2C.e.982"}]}
COMMAND: GET /session/c7daff82216e94743244cb75cbdaffce/screenshot - {}
RESULT: {}
COMMAND: POST /session/c7daff82216e94743244cb75cbdaffce/element - {"using":"css selector","value":"#shell-header-logo"}
RESULT: {"using":"css selector","value":"#shell-header-logo"}
COMMAND: POST /session/c7daff82216e94743244cb75cbdaffce/element/f.3F599814B724AE709646F1EA6658CE76.d.080A20E6E847F469EF6DB971F4058C2C.e.791/click - {}
RESULT: {}
COMMAND: GET /session/c7daff82216e94743244cb75cbdaffce/screenshot - {}
RESULT: {}
]]></system-out>
    </testcase>
    <testcase classname="chrome.136_0_7103_93.windows.Address_Management_Tests_US156181_US151165_US151160_US156180_US156178_US151157_US151172_US151170_US151166_US151168" name="Step 4 Should verify searches US156180 edit person and address US156178" time="89.62">
      <system-out><![CDATA[
RESULT: undefined
COMMAND: POST /session/c7daff82216e94743244cb75cbdaffce/element - {"using":"xpath","value":"//*[@id=\"__tile33\"]"}
RESULT: {"using":"xpath","value":"//*[@id=\"__tile33\"]"}
COMMAND: POST /session/c7daff82216e94743244cb75cbdaffce/element/f.3F599814B724AE709646F1EA6658CE76.d.080A20E6E847F469EF6DB971F4058C2C.e.196/click - {}
RESULT: {}
COMMAND: GET /session/c7daff82216e94743244cb75cbdaffce/screenshot - {}
COMMAND: POST /session/c7daff82216e94743244cb75cbdaffce/elements - {"using":"xpath","value":"//span[text()='Error']"}
RESULT: {}
RESULT: {"using":"xpath","value":"//span[text()='Error']"}
COMMAND: POST /session/c7daff82216e94743244cb75cbdaffce/element - {"using":"xpath","value":"//button[@data-kt=\"addButton\"]"}
RESULT: {"using":"xpath","value":"//button[@data-kt=\"addButton\"]"}
COMMAND: POST /session/c7daff82216e94743244cb75cbdaffce/elements - {"using":"xpath","value":"//button[@data-kt=\"addButton\"]"}
RESULT: {"using":"xpath","value":"//button[@data-kt=\"addButton\"]"}
COMMAND: POST /session/c7daff82216e94743244cb75cbdaffce/execute/sync - {"script":"<script> [8489 bytes]","args":[{"element-6066-11e4-a52e-4f735466cecf":"f.3F599814B724AE709646F1EA6658CE76.d.080A20E6E847F469EF6DB971F4058C2C.e.1035","ELEMENT":"f.3F599814B724AE709646F1EA6658CE76.d.080A20E6E847F469EF6DB971F4058C2C.e.1035"}]}
RESULT: {"script":"<script> [8489 bytes]","args":[{"element-6066-11e4-a52e-4f735466cecf":"f.3F599814B724AE709646F1EA6658CE76.d.080A20E6E847F469EF6DB971F4058C2C.e.1035","ELEMENT":"f.3F599814B724AE709646F1EA6658CE76.d.080A20E6E847F469EF6DB971F4058C2C.e.1035"}]}
COMMAND: GET /session/c7daff82216e94743244cb75cbdaffce/element/f.3F599814B724AE709646F1EA6658CE76.d.080A20E6E847F469EF6DB971F4058C2C.e.1035/enabled - {}
COMMAND: GET /session/c7daff82216e94743244cb75cbdaffce/screenshot - {}
RESULT: {}
COMMAND: POST /session/c7daff82216e94743244cb75cbdaffce/execute/sync - {"script":"<script> [8489 bytes]","args":[{"element-6066-11e4-a52e-4f735466cecf":"f.3F599814B724AE709646F1EA6658CE76.d.080A20E6E847F469EF6DB971F4058C2C.e.1035","ELEMENT":"f.3F599814B724AE709646F1EA6658CE76.d.080A20E6E847F469EF6DB971F4058C2C.e.1035"}]}
COMMAND: GET /session/c7daff82216e94743244cb75cbdaffce/screenshot - {}
RESULT: {}
RESULT: {"script":"<script> [8489 bytes]","args":[{"element-6066-11e4-a52e-4f735466cecf":"f.3F599814B724AE709646F1EA6658CE76.d.080A20E6E847F469EF6DB971F4058C2C.e.1035","ELEMENT":"f.3F599814B724AE709646F1EA6658CE76.d.080A20E6E847F469EF6DB971F4058C2C.e.1035"}]}
COMMAND: POST /session/c7daff82216e94743244cb75cbdaffce/execute/sync - {"script":"<script> [5351 bytes]","args":[{"element-6066-11e4-a52e-4f735466cecf":"f.3F599814B724AE709646F1EA6658CE76.d.080A20E6E847F469EF6DB971F4058C2C.e.1035","ELEMENT":"f.3F599814B724AE709646F1EA6658CE76.d.080A20E6E847F469EF6DB971F4058C2C.e.1035"}]}
COMMAND: GET /session/c7daff82216e94743244cb75cbdaffce/screenshot - {}
RESULT: {}
RESULT: {"script":"<script> [5351 bytes]","args":[{"element-6066-11e4-a52e-4f735466cecf":"f.3F599814B724AE709646F1EA6658CE76.d.080A20E6E847F469EF6DB971F4058C2C.e.1035","ELEMENT":"f.3F599814B724AE709646F1EA6658CE76.d.080A20E6E847F469EF6DB971F4058C2C.e.1035"}]}
COMMAND: GET /session/c7daff82216e94743244cb75cbdaffce/screenshot - {}
RESULT: {}
RESULT: {}
RESULT: undefined
COMMAND: POST /session/c7daff82216e94743244cb75cbdaffce/execute/async - {"script":"<script> [776 bytes]","args":[{"enterText":"sDgEucUWI4","selector":{"id":"application-addressmanagement-display-component---masterAdm--smartFilterBar-btnBasicSearch","interaction":{"idSuffix":"I"}},"clearTextFirst":true,"interactionType":"ENTER_TEXT"}]}
RESULT: {"script":"<script> [776 bytes]","args":[{"enterText":"sDgEucUWI4","selector":{"id":"application-addressmanagement-display-component---masterAdm--smartFilterBar-btnBasicSearch","interaction":{"idSuffix":"I"}},"clearTextFirst":true,"interactionType":"ENTER_TEXT"}]}
COMMAND: POST /session/c7daff82216e94743244cb75cbdaffce/actions - {"actions":[{"id":"action4","type":"key","parameters":{},"actions":[{"type":"keyDown","value":""},{"type":"pause","duration":10},{"type":"keyUp","value":""}]}]}
RESULT: {"actions":[{"id":"action4","type":"key","parameters":{},"actions":[{"type":"keyDown","value":""},{"type":"pause","duration":10},{"type":"keyUp","value":""}]}]}
COMMAND: GET /session/c7daff82216e94743244cb75cbdaffce/screenshot - {}
RESULT: {}
COMMAND: POST /session/c7daff82216e94743244cb75cbdaffce/elements - {"using":"xpath","value":"//table[contains(@id, \"customPersonsAddressesTable-listUl\")]/tbody/tr"}
RESULT: {"using":"xpath","value":"//table[contains(@id, \"customPersonsAddressesTable-listUl\")]/tbody/tr"}
COMMAND: POST /session/c7daff82216e94743244cb75cbdaffce/element - {"using":"xpath","value":"//table[contains(@id, \"customPersonsAddressesTable-listUl\")]/tbody/tr[1]/td[5]/span/span"}
RESULT: {"using":"xpath","value":"//table[contains(@id, \"customPersonsAddressesTable-listUl\")]/tbody/tr[1]/td[5]/span/span"}
COMMAND: POST /session/c7daff82216e94743244cb75cbdaffce/element - {"using":"xpath","value":"//table[contains(@id, \"customPersonsAddressesTable-listUl\")]/tbody/tr[1]/td[3]/span"}
RESULT: {"using":"xpath","value":"//table[contains(@id, \"customPersonsAddressesTable-listUl\")]/tbody/tr[1]/td[3]/span"}
COMMAND: POST /session/c7daff82216e94743244cb75cbdaffce/elements - {"using":"xpath","value":"//table[contains(@id, \"customPersonsAddressesTable-listUl\")]/tbody/tr[1]/td[5]/span/span"}
RESULT: {"using":"xpath","value":"//table[contains(@id, \"customPersonsAddressesTable-listUl\")]/tbody/tr[1]/td[5]/span/span"}
COMMAND: POST /session/c7daff82216e94743244cb75cbdaffce/execute/sync - {"script":"<script> [56 bytes]","args":[{"element-6066-11e4-a52e-4f735466cecf":"f.3F599814B724AE709646F1EA6658CE76.d.080A20E6E847F469EF6DB971F4058C2C.e.1181","ELEMENT":"f.3F599814B724AE709646F1EA6658CE76.d.080A20E6E847F469EF6DB971F4058C2C.e.1181"}]}
RESULT: {"script":"<script> [56 bytes]","args":[{"element-6066-11e4-a52e-4f735466cecf":"f.3F599814B724AE709646F1EA6658CE76.d.080A20E6E847F469EF6DB971F4058C2C.e.1181","ELEMENT":"f.3F599814B724AE709646F1EA6658CE76.d.080A20E6E847F469EF6DB971F4058C2C.e.1181"}]}
COMMAND: POST /session/c7daff82216e94743244cb75cbdaffce/execute/sync - {"script":"<script> [56 bytes]","args":[{"element-6066-11e4-a52e-4f735466cecf":"f.3F599814B724AE709646F1EA6658CE76.d.080A20E6E847F469EF6DB971F4058C2C.e.1182","ELEMENT":"f.3F599814B724AE709646F1EA6658CE76.d.080A20E6E847F469EF6DB971F4058C2C.e.1182"}]}
COMMAND: GET /session/c7daff82216e94743244cb75cbdaffce/screenshot - {}
RESULT: {"script":"<script> [56 bytes]","args":[{"element-6066-11e4-a52e-4f735466cecf":"f.3F599814B724AE709646F1EA6658CE76.d.080A20E6E847F469EF6DB971F4058C2C.e.1182","ELEMENT":"f.3F599814B724AE709646F1EA6658CE76.d.080A20E6E847F469EF6DB971F4058C2C.e.1182"}]}
COMMAND: POST /session/c7daff82216e94743244cb75cbdaffce/element - {"using":"xpath","value":"(//span[contains(@id, \"imgNav\")])[1]"}
COMMAND: GET /session/c7daff82216e94743244cb75cbdaffce/screenshot - {}
RESULT: {}
RESULT: {"using":"xpath","value":"(//span[contains(@id, \"imgNav\")])[1]"}
COMMAND: POST /session/c7daff82216e94743244cb75cbdaffce/element/f.3F599814B724AE709646F1EA6658CE76.d.080A20E6E847F469EF6DB971F4058C2C.e.1178/click - {}
RESULT: {}
RESULT: {}
COMMAND: GET /session/c7daff82216e94743244cb75cbdaffce/screenshot - {}
RESULT: {}
COMMAND: POST /session/c7daff82216e94743244cb75cbdaffce/element - {"using":"xpath","value":"//bdi[contains(text(), \"Edit\")]"}
RESULT: {"using":"xpath","value":"//bdi[contains(text(), \"Edit\")]"}
COMMAND: POST /session/c7daff82216e94743244cb75cbdaffce/element/f.3F599814B724AE709646F1EA6658CE76.d.080A20E6E847F469EF6DB971F4058C2C.e.1306/click - {}
RESULT: {}
COMMAND: GET /session/c7daff82216e94743244cb75cbdaffce/screenshot - {}
RESULT: {}
COMMAND: POST /session/c7daff82216e94743244cb75cbdaffce/execute/async - {"script":"<script> [1562 bytes]","args":[{"selector":{"controlType":"sap.ui.core.Icon","viewName":"etm.portal.ui.addressmanagement.view.EditDetail","properties":{"src":{"regex":{"source":"slim\\-arrow\\-down"}}},"ancestor":{"id":"addressTitle","viewName":"etm.portal.ui.addressmanagement.view.EditDetail"}},"wdio_ui5_key":"etmportal.ui.addressmanagement.view.EditDetailsap.ui.core.Icon{\"src\":{\"regex\":{\"source\":\"slim\\\\-arrow\\\\-down\"}}}{\"id\":\"addressTitle\",\"viewName\":\"etm.portal.ui.addressmanagement.view.EditDetail\"}"}]}
RESULT: {"script":"<script> [1562 bytes]","args":[{"selector":{"controlType":"sap.ui.core.Icon","viewName":"etm.portal.ui.addressmanagement.view.EditDetail","properties":{"src":{"regex":{"source":"slim\\-arrow\\-down"}}},"ancestor":{"id":"addressTitle","viewName":"etm.portal.ui.addressmanagement.view.EditDetail"}},"wdio_ui5_key":"etmportal.ui.addressmanagement.view.EditDetailsap.ui.core.Icon{\"src\":{\"regex\":{\"source\":\"slim\\\\-arrow\\\\-down\"}}}{\"id\":\"addressTitle\",\"viewName\":\"etm.portal.ui.addressmanagement.view.EditDetail\"}"}]}
RESULT: undefined
COMMAND: POST /session/c7daff82216e94743244cb75cbdaffce/element - {"using":"xpath","value":"//*[@id=\"__xmlview59--addressTitle-arrow\"]"}
RESULT: {"using":"xpath","value":"//*[@id=\"__xmlview59--addressTitle-arrow\"]"}
COMMAND: POST /session/c7daff82216e94743244cb75cbdaffce/element/f.3F599814B724AE709646F1EA6658CE76.d.080A20E6E847F469EF6DB971F4058C2C.e.1344/click - {}
RESULT: {}
COMMAND: GET /session/c7daff82216e94743244cb75cbdaffce/screenshot - {}
RESULT: {}
COMMAND: POST /session/c7daff82216e94743244cb75cbdaffce/element - {"using":"xpath","value":"//li[.//span[text()=\"Mr.\"]]"}
RESULT: {"using":"xpath","value":"//li[.//span[text()=\"Mr.\"]]"}
COMMAND: POST /session/c7daff82216e94743244cb75cbdaffce/element/f.3F599814B724AE709646F1EA6658CE76.d.080A20E6E847F469EF6DB971F4058C2C.e.1345/click - {}
RESULT: {}
COMMAND: GET /session/c7daff82216e94743244cb75cbdaffce/screenshot - {}
RESULT: {}
COMMAND: POST /session/c7daff82216e94743244cb75cbdaffce/execute/async - {"script":"<script> [1562 bytes]","args":[{"selector":{"controlType":"sap.m.Input","viewName":"etm.portal.ui.addressmanagement.view.EditDetail","labelFor":{"text":"Last Name"},"interaction":{"idSuffix":"inner"}},"wdio_ui5_key":"etmportal.ui.addressmanagement.view.EditDetailsap.m.Input{\"text\":\"Last Name\"}"}]}
RESULT: {"script":"<script> [1562 bytes]","args":[{"selector":{"controlType":"sap.m.Input","viewName":"etm.portal.ui.addressmanagement.view.EditDetail","labelFor":{"text":"Last Name"},"interaction":{"idSuffix":"inner"}},"wdio_ui5_key":"etmportal.ui.addressmanagement.view.EditDetailsap.m.Input{\"text\":\"Last Name\"}"}]}
RESULT: undefined
COMMAND: POST /session/c7daff82216e94743244cb75cbdaffce/execute/async - {"script":"<script> [776 bytes]","args":[{"enterText":"EDIT John Cena","selector":{"controlType":"sap.m.Input","viewName":"etm.portal.ui.addressmanagement.view.EditDetail","labelFor":{"text":"Last Name"},"interaction":{"idSuffix":"inner"}},"clearTextFirst":true,"interactionType":"ENTER_TEXT"}]}
RESULT: {"script":"<script> [776 bytes]","args":[{"enterText":"EDIT John Cena","selector":{"controlType":"sap.m.Input","viewName":"etm.portal.ui.addressmanagement.view.EditDetail","labelFor":{"text":"Last Name"},"interaction":{"idSuffix":"inner"}},"clearTextFirst":true,"interactionType":"ENTER_TEXT"}]}
COMMAND: POST /session/c7daff82216e94743244cb75cbdaffce/execute/async - {"script":"<script> [1562 bytes]","args":[{"selector":{"controlType":"sap.ui.core.Icon","viewName":"etm.portal.ui.addressmanagement.view.EditDetail","properties":{"src":{"regex":{"source":"slim\\-arrow\\-down"}}},"ancestor":{"id":"addressDetailDetailsLanguage","viewName":"etm.portal.ui.addressmanagement.view.EditDetail"}},"wdio_ui5_key":"etmportal.ui.addressmanagement.view.EditDetailsap.ui.core.Icon{\"src\":{\"regex\":{\"source\":\"slim\\\\-arrow\\\\-down\"}}}{\"id\":\"addressDetailDetailsLanguage\",\"viewName\":\"etm.portal.ui.addressmanagement.view.EditDetail\"}"}]}
RESULT: {"script":"<script> [1562 bytes]","args":[{"selector":{"controlType":"sap.ui.core.Icon","viewName":"etm.portal.ui.addressmanagement.view.EditDetail","properties":{"src":{"regex":{"source":"slim\\-arrow\\-down"}}},"ancestor":{"id":"addressDetailDetailsLanguage","viewName":"etm.portal.ui.addressmanagement.view.EditDetail"}},"wdio_ui5_key":"etmportal.ui.addressmanagement.view.EditDetailsap.ui.core.Icon{\"src\":{\"regex\":{\"source\":\"slim\\\\-arrow\\\\-down\"}}}{\"id\":\"addressDetailDetailsLanguage\",\"viewName\":\"etm.portal.ui.addressmanagement.view.EditDetail\"}"}]}
RESULT: undefined
COMMAND: POST /session/c7daff82216e94743244cb75cbdaffce/element - {"using":"xpath","value":"//*[@id=\"__xmlview59--addressDetailDetailsLanguage-arrow\"]"}
RESULT: {"using":"xpath","value":"//*[@id=\"__xmlview59--addressDetailDetailsLanguage-arrow\"]"}
COMMAND: POST /session/c7daff82216e94743244cb75cbdaffce/element/f.3F599814B724AE709646F1EA6658CE76.d.080A20E6E847F469EF6DB971F4058C2C.e.1348/click - {}
RESULT: {}
COMMAND: GET /session/c7daff82216e94743244cb75cbdaffce/screenshot - {}
RESULT: {}
COMMAND: POST /session/c7daff82216e94743244cb75cbdaffce/element - {"using":"xpath","value":"//span[contains(text(), \"Bulgarian\")]"}
RESULT: {"using":"xpath","value":"//span[contains(text(), \"Bulgarian\")]"}
COMMAND: POST /session/c7daff82216e94743244cb75cbdaffce/element/f.3F599814B724AE709646F1EA6658CE76.d.080A20E6E847F469EF6DB971F4058C2C.e.1349/click - {}
RESULT: {}
COMMAND: GET /session/c7daff82216e94743244cb75cbdaffce/screenshot - {}
RESULT: {}
COMMAND: POST /session/c7daff82216e94743244cb75cbdaffce/execute/async - {"script":"<script> [1562 bytes]","args":[{"selector":{"controlType":"sap.m.Input","viewName":"etm.portal.ui.addressmanagement.view.EditDetail","labelFor":{"text":"ZIP/Postal code"},"interaction":{"idSuffix":"inner"}},"wdio_ui5_key":"etmportal.ui.addressmanagement.view.EditDetailsap.m.Input{\"text\":\"ZIP/Postal code\"}"}]}
RESULT: {"script":"<script> [1562 bytes]","args":[{"selector":{"controlType":"sap.m.Input","viewName":"etm.portal.ui.addressmanagement.view.EditDetail","labelFor":{"text":"ZIP/Postal code"},"interaction":{"idSuffix":"inner"}},"wdio_ui5_key":"etmportal.ui.addressmanagement.view.EditDetailsap.m.Input{\"text\":\"ZIP/Postal code\"}"}]}
RESULT: undefined
COMMAND: POST /session/c7daff82216e94743244cb75cbdaffce/execute/async - {"script":"<script> [776 bytes]","args":[{"enterText":"500292","selector":{"controlType":"sap.m.Input","viewName":"etm.portal.ui.addressmanagement.view.EditDetail","labelFor":{"text":"ZIP/Postal code"},"interaction":{"idSuffix":"inner"}},"clearTextFirst":true,"interactionType":"ENTER_TEXT"}]}
RESULT: {"script":"<script> [776 bytes]","args":[{"enterText":"500292","selector":{"controlType":"sap.m.Input","viewName":"etm.portal.ui.addressmanagement.view.EditDetail","labelFor":{"text":"ZIP/Postal code"},"interaction":{"idSuffix":"inner"}},"clearTextFirst":true,"interactionType":"ENTER_TEXT"}]}
COMMAND: POST /session/c7daff82216e94743244cb75cbdaffce/execute/async - {"script":"<script> [1562 bytes]","args":[{"selector":{"id":"addressDetailContactsEmail","viewName":"etm.portal.ui.addressmanagement.view.EditDetail","interaction":{"idSuffix":"inner"}},"wdio_ui5_key":"addressDetailContactsEmailetmportal.ui.addressmanagement.view.EditDetail"}]}
RESULT: {"script":"<script> [1562 bytes]","args":[{"selector":{"id":"addressDetailContactsEmail","viewName":"etm.portal.ui.addressmanagement.view.EditDetail","interaction":{"idSuffix":"inner"}},"wdio_ui5_key":"addressDetailContactsEmailetmportal.ui.addressmanagement.view.EditDetail"}]}
RESULT: undefined
COMMAND: POST /session/c7daff82216e94743244cb75cbdaffce/execute/async - {"script":"<script> [776 bytes]","args":[{"enterText":"webdriverrules@emailfake.com","selector":{"id":"addressDetailContactsEmail","viewName":"etm.portal.ui.addressmanagement.view.EditDetail","interaction":{"idSuffix":"inner"}},"clearTextFirst":true,"interactionType":"ENTER_TEXT"}]}
RESULT: {"script":"<script> [776 bytes]","args":[{"enterText":"webdriverrules@emailfake.com","selector":{"id":"addressDetailContactsEmail","viewName":"etm.portal.ui.addressmanagement.view.EditDetail","interaction":{"idSuffix":"inner"}},"clearTextFirst":true,"interactionType":"ENTER_TEXT"}]}
COMMAND: POST /session/c7daff82216e94743244cb75cbdaffce/execute/async - {"script":"<script> [1562 bytes]","args":[{"selector":{"id":"addressUserJobTitle","viewName":"etm.portal.ui.addressmanagement.view.EditDetail","interaction":{"idSuffix":"inner"}},"wdio_ui5_key":"addressUserJobTitleetmportal.ui.addressmanagement.view.EditDetail"}]}
RESULT: {"script":"<script> [1562 bytes]","args":[{"selector":{"id":"addressUserJobTitle","viewName":"etm.portal.ui.addressmanagement.view.EditDetail","interaction":{"idSuffix":"inner"}},"wdio_ui5_key":"addressUserJobTitleetmportal.ui.addressmanagement.view.EditDetail"}]}
RESULT: undefined
COMMAND: POST /session/c7daff82216e94743244cb75cbdaffce/execute/async - {"script":"<script> [776 bytes]","args":[{"enterText":"director","selector":{"id":"addressUserJobTitle","viewName":"etm.portal.ui.addressmanagement.view.EditDetail","interaction":{"idSuffix":"inner"}},"clearTextFirst":true,"interactionType":"ENTER_TEXT"}]}
RESULT: {"script":"<script> [776 bytes]","args":[{"enterText":"director","selector":{"id":"addressUserJobTitle","viewName":"etm.portal.ui.addressmanagement.view.EditDetail","interaction":{"idSuffix":"inner"}},"clearTextFirst":true,"interactionType":"ENTER_TEXT"}]}
COMMAND: POST /session/c7daff82216e94743244cb75cbdaffce/execute/async - {"script":"<script> [1562 bytes]","args":[{"selector":{"id":"tagMultiInput","viewName":"etm.portal.ui.addressmanagement.view.EditDetail","interaction":{"idSuffix":"inner"}},"wdio_ui5_key":"tagMultiInputetmportal.ui.addressmanagement.view.EditDetail"}]}
RESULT: {"script":"<script> [1562 bytes]","args":[{"selector":{"id":"tagMultiInput","viewName":"etm.portal.ui.addressmanagement.view.EditDetail","interaction":{"idSuffix":"inner"}},"wdio_ui5_key":"tagMultiInputetmportal.ui.addressmanagement.view.EditDetail"}]}
RESULT: undefined
COMMAND: POST /session/c7daff82216e94743244cb75cbdaffce/execute/async - {"script":"<script> [776 bytes]","args":[{"enterText":"testyTag1","selector":{"id":"tagMultiInput","viewName":"etm.portal.ui.addressmanagement.view.EditDetail","interaction":{"idSuffix":"inner"}},"clearTextFirst":true,"interactionType":"ENTER_TEXT"}]}
RESULT: {"script":"<script> [776 bytes]","args":[{"enterText":"testyTag1","selector":{"id":"tagMultiInput","viewName":"etm.portal.ui.addressmanagement.view.EditDetail","interaction":{"idSuffix":"inner"}},"clearTextFirst":true,"interactionType":"ENTER_TEXT"}]}
COMMAND: POST /session/c7daff82216e94743244cb75cbdaffce/actions - {"actions":[{"id":"action5","type":"key","parameters":{},"actions":[{"type":"keyDown","value":""},{"type":"pause","duration":10},{"type":"keyUp","value":""}]}]}
RESULT: {"actions":[{"id":"action5","type":"key","parameters":{},"actions":[{"type":"keyDown","value":""},{"type":"pause","duration":10},{"type":"keyUp","value":""}]}]}
COMMAND: GET /session/c7daff82216e94743244cb75cbdaffce/screenshot - {}
RESULT: {}
RESULT: undefined
COMMAND: POST /session/c7daff82216e94743244cb75cbdaffce/execute/async - {"script":"<script> [776 bytes]","args":[{"enterText":"taggyTag2","selector":{"id":"tagMultiInput","viewName":"etm.portal.ui.addressmanagement.view.EditDetail","interaction":{"idSuffix":"inner"}},"clearTextFirst":true,"interactionType":"ENTER_TEXT"}]}
RESULT: {"script":"<script> [776 bytes]","args":[{"enterText":"taggyTag2","selector":{"id":"tagMultiInput","viewName":"etm.portal.ui.addressmanagement.view.EditDetail","interaction":{"idSuffix":"inner"}},"clearTextFirst":true,"interactionType":"ENTER_TEXT"}]}
COMMAND: POST /session/c7daff82216e94743244cb75cbdaffce/actions - {"actions":[{"id":"action6","type":"key","parameters":{},"actions":[{"type":"keyDown","value":""},{"type":"pause","duration":10},{"type":"keyUp","value":""}]}]}
RESULT: {"actions":[{"id":"action6","type":"key","parameters":{},"actions":[{"type":"keyDown","value":""},{"type":"pause","duration":10},{"type":"keyUp","value":""}]}]}
COMMAND: GET /session/c7daff82216e94743244cb75cbdaffce/screenshot - {}
RESULT: {}
COMMAND: POST /session/c7daff82216e94743244cb75cbdaffce/element - {"using":"xpath","value":"//button[@data-kt=\"saveButton\"]"}
RESULT: {"using":"xpath","value":"//button[@data-kt=\"saveButton\"]"}
COMMAND: POST /session/c7daff82216e94743244cb75cbdaffce/element/f.3F599814B724AE709646F1EA6658CE76.d.080A20E6E847F469EF6DB971F4058C2C.e.1355/click - {}
RESULT: {}
COMMAND: GET /session/c7daff82216e94743244cb75cbdaffce/screenshot - {}
RESULT: {}
COMMAND: POST /session/c7daff82216e94743244cb75cbdaffce/element - {"using":"xpath","value":"//span[@id=\"application-addressmanagement-display-component---detailAdm--addressTitle\"]"}
RESULT: {"using":"xpath","value":"//span[@id=\"application-addressmanagement-display-component---detailAdm--addressTitle\"]"}
COMMAND: POST /session/c7daff82216e94743244cb75cbdaffce/elements - {"using":"xpath","value":"//span[@id=\"application-addressmanagement-display-component---detailAdm--addressTitle\"]"}
RESULT: {"using":"xpath","value":"//span[@id=\"application-addressmanagement-display-component---detailAdm--addressTitle\"]"}
COMMAND: POST /session/c7daff82216e94743244cb75cbdaffce/execute/sync - {"script":"<script> [56 bytes]","args":[{"element-6066-11e4-a52e-4f735466cecf":"f.3F599814B724AE709646F1EA6658CE76.d.080A20E6E847F469EF6DB971F4058C2C.e.1371","ELEMENT":"f.3F599814B724AE709646F1EA6658CE76.d.080A20E6E847F469EF6DB971F4058C2C.e.1371"}]}
RESULT: {"script":"<script> [56 bytes]","args":[{"element-6066-11e4-a52e-4f735466cecf":"f.3F599814B724AE709646F1EA6658CE76.d.080A20E6E847F469EF6DB971F4058C2C.e.1371","ELEMENT":"f.3F599814B724AE709646F1EA6658CE76.d.080A20E6E847F469EF6DB971F4058C2C.e.1371"}]}
COMMAND: POST /session/c7daff82216e94743244cb75cbdaffce/element - {"using":"xpath","value":"//span[@id=\"application-addressmanagement-display-component---detailAdm--addressDetailDetailsName2\"]"}
COMMAND: GET /session/c7daff82216e94743244cb75cbdaffce/screenshot - {}
RESULT: {"using":"xpath","value":"//span[@id=\"application-addressmanagement-display-component---detailAdm--addressDetailDetailsName2\"]"}
COMMAND: POST /session/c7daff82216e94743244cb75cbdaffce/elements - {"using":"xpath","value":"//span[@id=\"application-addressmanagement-display-component---detailAdm--addressDetailDetailsName2\"]"}
RESULT: {}
RESULT: {"using":"xpath","value":"//span[@id=\"application-addressmanagement-display-component---detailAdm--addressDetailDetailsName2\"]"}
COMMAND: POST /session/c7daff82216e94743244cb75cbdaffce/execute/sync - {"script":"<script> [56 bytes]","args":[{"element-6066-11e4-a52e-4f735466cecf":"f.3F599814B724AE709646F1EA6658CE76.d.080A20E6E847F469EF6DB971F4058C2C.e.1372","ELEMENT":"f.3F599814B724AE709646F1EA6658CE76.d.080A20E6E847F469EF6DB971F4058C2C.e.1372"}]}
RESULT: {"script":"<script> [56 bytes]","args":[{"element-6066-11e4-a52e-4f735466cecf":"f.3F599814B724AE709646F1EA6658CE76.d.080A20E6E847F469EF6DB971F4058C2C.e.1372","ELEMENT":"f.3F599814B724AE709646F1EA6658CE76.d.080A20E6E847F469EF6DB971F4058C2C.e.1372"}]}
COMMAND: POST /session/c7daff82216e94743244cb75cbdaffce/element - {"using":"xpath","value":"//span[@id=\"application-addressmanagement-display-component---detailAdm--addressDetailDetailsLanguage\"]"}
COMMAND: GET /session/c7daff82216e94743244cb75cbdaffce/screenshot - {}
RESULT: {"using":"xpath","value":"//span[@id=\"application-addressmanagement-display-component---detailAdm--addressDetailDetailsLanguage\"]"}
COMMAND: POST /session/c7daff82216e94743244cb75cbdaffce/elements - {"using":"xpath","value":"//span[@id=\"application-addressmanagement-display-component---detailAdm--addressDetailDetailsLanguage\"]"}
RESULT: {}
RESULT: {"using":"xpath","value":"//span[@id=\"application-addressmanagement-display-component---detailAdm--addressDetailDetailsLanguage\"]"}
COMMAND: POST /session/c7daff82216e94743244cb75cbdaffce/execute/sync - {"script":"<script> [56 bytes]","args":[{"element-6066-11e4-a52e-4f735466cecf":"f.3F599814B724AE709646F1EA6658CE76.d.080A20E6E847F469EF6DB971F4058C2C.e.1373","ELEMENT":"f.3F599814B724AE709646F1EA6658CE76.d.080A20E6E847F469EF6DB971F4058C2C.e.1373"}]}
RESULT: {"script":"<script> [56 bytes]","args":[{"element-6066-11e4-a52e-4f735466cecf":"f.3F599814B724AE709646F1EA6658CE76.d.080A20E6E847F469EF6DB971F4058C2C.e.1373","ELEMENT":"f.3F599814B724AE709646F1EA6658CE76.d.080A20E6E847F469EF6DB971F4058C2C.e.1373"}]}
COMMAND: POST /session/c7daff82216e94743244cb75cbdaffce/element - {"using":"xpath","value":"//span[@id=\"application-addressmanagement-display-component---detailAdm--addressDetailDetailsZip1\"]"}
COMMAND: GET /session/c7daff82216e94743244cb75cbdaffce/screenshot - {}
RESULT: {"using":"xpath","value":"//span[@id=\"application-addressmanagement-display-component---detailAdm--addressDetailDetailsZip1\"]"}
COMMAND: POST /session/c7daff82216e94743244cb75cbdaffce/elements - {"using":"xpath","value":"//span[@id=\"application-addressmanagement-display-component---detailAdm--addressDetailDetailsZip1\"]"}
RESULT: {}
RESULT: {"using":"xpath","value":"//span[@id=\"application-addressmanagement-display-component---detailAdm--addressDetailDetailsZip1\"]"}
COMMAND: POST /session/c7daff82216e94743244cb75cbdaffce/execute/sync - {"script":"<script> [56 bytes]","args":[{"element-6066-11e4-a52e-4f735466cecf":"f.3F599814B724AE709646F1EA6658CE76.d.080A20E6E847F469EF6DB971F4058C2C.e.1374","ELEMENT":"f.3F599814B724AE709646F1EA6658CE76.d.080A20E6E847F469EF6DB971F4058C2C.e.1374"}]}
RESULT: {"script":"<script> [56 bytes]","args":[{"element-6066-11e4-a52e-4f735466cecf":"f.3F599814B724AE709646F1EA6658CE76.d.080A20E6E847F469EF6DB971F4058C2C.e.1374","ELEMENT":"f.3F599814B724AE709646F1EA6658CE76.d.080A20E6E847F469EF6DB971F4058C2C.e.1374"}]}
COMMAND: POST /session/c7daff82216e94743244cb75cbdaffce/element - {"using":"xpath","value":"//span[@id=\"application-addressmanagement-display-component---detailAdm--addressDetailContactsEmail\"]"}
COMMAND: GET /session/c7daff82216e94743244cb75cbdaffce/screenshot - {}
RESULT: {"using":"xpath","value":"//span[@id=\"application-addressmanagement-display-component---detailAdm--addressDetailContactsEmail\"]"}
COMMAND: POST /session/c7daff82216e94743244cb75cbdaffce/elements - {"using":"xpath","value":"//span[@id=\"application-addressmanagement-display-component---detailAdm--addressDetailContactsEmail\"]"}
RESULT: {}
RESULT: {"using":"xpath","value":"//span[@id=\"application-addressmanagement-display-component---detailAdm--addressDetailContactsEmail\"]"}
COMMAND: POST /session/c7daff82216e94743244cb75cbdaffce/execute/sync - {"script":"<script> [56 bytes]","args":[{"element-6066-11e4-a52e-4f735466cecf":"f.3F599814B724AE709646F1EA6658CE76.d.080A20E6E847F469EF6DB971F4058C2C.e.1375","ELEMENT":"f.3F599814B724AE709646F1EA6658CE76.d.080A20E6E847F469EF6DB971F4058C2C.e.1375"}]}
RESULT: {"script":"<script> [56 bytes]","args":[{"element-6066-11e4-a52e-4f735466cecf":"f.3F599814B724AE709646F1EA6658CE76.d.080A20E6E847F469EF6DB971F4058C2C.e.1375","ELEMENT":"f.3F599814B724AE709646F1EA6658CE76.d.080A20E6E847F469EF6DB971F4058C2C.e.1375"}]}
COMMAND: POST /session/c7daff82216e94743244cb75cbdaffce/element - {"using":"xpath","value":"//span[@id=\"application-addressmanagement-display-component---detailAdm--addressUserJobTitle\"]"}
COMMAND: GET /session/c7daff82216e94743244cb75cbdaffce/screenshot - {}
RESULT: {"using":"xpath","value":"//span[@id=\"application-addressmanagement-display-component---detailAdm--addressUserJobTitle\"]"}
COMMAND: POST /session/c7daff82216e94743244cb75cbdaffce/elements - {"using":"xpath","value":"//span[@id=\"application-addressmanagement-display-component---detailAdm--addressUserJobTitle\"]"}
RESULT: {}
RESULT: {"using":"xpath","value":"//span[@id=\"application-addressmanagement-display-component---detailAdm--addressUserJobTitle\"]"}
COMMAND: POST /session/c7daff82216e94743244cb75cbdaffce/execute/sync - {"script":"<script> [56 bytes]","args":[{"element-6066-11e4-a52e-4f735466cecf":"f.3F599814B724AE709646F1EA6658CE76.d.080A20E6E847F469EF6DB971F4058C2C.e.1376","ELEMENT":"f.3F599814B724AE709646F1EA6658CE76.d.080A20E6E847F469EF6DB971F4058C2C.e.1376"}]}
RESULT: {"script":"<script> [56 bytes]","args":[{"element-6066-11e4-a52e-4f735466cecf":"f.3F599814B724AE709646F1EA6658CE76.d.080A20E6E847F469EF6DB971F4058C2C.e.1376","ELEMENT":"f.3F599814B724AE709646F1EA6658CE76.d.080A20E6E847F469EF6DB971F4058C2C.e.1376"}]}
COMMAND: POST /session/c7daff82216e94743244cb75cbdaffce/element - {"using":"xpath","value":"//span[contains(@class, \"sapMTokenText\") and text()=\"testyTag1\"]"}
COMMAND: GET /session/c7daff82216e94743244cb75cbdaffce/screenshot - {}
RESULT: {"using":"xpath","value":"//span[contains(@class, \"sapMTokenText\") and text()=\"testyTag1\"]"}
COMMAND: POST /session/c7daff82216e94743244cb75cbdaffce/element - {"using":"xpath","value":"//span[contains(@class, \"sapMTokenText\") and text()=\"taggyTag2\"]"}
RESULT: {}
RESULT: {"using":"xpath","value":"//span[contains(@class, \"sapMTokenText\") and text()=\"taggyTag2\"]"}
COMMAND: POST /session/c7daff82216e94743244cb75cbdaffce/elements - {"using":"xpath","value":"//span[contains(@class, \"sapMTokenText\") and text()=\"testyTag1\"]"}
RESULT: {"using":"xpath","value":"//span[contains(@class, \"sapMTokenText\") and text()=\"testyTag1\"]"}
COMMAND: POST /session/c7daff82216e94743244cb75cbdaffce/elements - {"using":"xpath","value":"//span[contains(@class, \"sapMTokenText\") and text()=\"taggyTag2\"]"}
RESULT: {"using":"xpath","value":"//span[contains(@class, \"sapMTokenText\") and text()=\"taggyTag2\"]"}
COMMAND: POST /session/c7daff82216e94743244cb75cbdaffce/element - {"using":"css selector","value":"#shell-header-logo"}
RESULT: {"using":"css selector","value":"#shell-header-logo"}
COMMAND: POST /session/c7daff82216e94743244cb75cbdaffce/element/f.3F599814B724AE709646F1EA6658CE76.d.080A20E6E847F469EF6DB971F4058C2C.e.993/click - {}
RESULT: {}
COMMAND: GET /session/c7daff82216e94743244cb75cbdaffce/screenshot - {}
RESULT: {}
]]></system-out>
    </testcase>
    <testcase classname="chrome.136_0_7103_93.windows.Address_Management_Tests_US156181_US151165_US151160_US156180_US156178_US151157_US151172_US151170_US151166_US151168" name="Step 5 Should verify searches US156180 verify filters US151157" time="116.158">
      <system-out><![CDATA[
RESULT: undefined
COMMAND: POST /session/c7daff82216e94743244cb75cbdaffce/element - {"using":"xpath","value":"//*[@id=\"__tile33\"]"}
RESULT: {"using":"xpath","value":"//*[@id=\"__tile33\"]"}
COMMAND: POST /session/c7daff82216e94743244cb75cbdaffce/element/f.3F599814B724AE709646F1EA6658CE76.d.080A20E6E847F469EF6DB971F4058C2C.e.196/click - {}
RESULT: {}
COMMAND: GET /session/c7daff82216e94743244cb75cbdaffce/screenshot - {}
RESULT: {}
COMMAND: POST /session/c7daff82216e94743244cb75cbdaffce/elements - {"using":"xpath","value":"//span[text()='Error']"}
RESULT: {"using":"xpath","value":"//span[text()='Error']"}
COMMAND: POST /session/c7daff82216e94743244cb75cbdaffce/element - {"using":"xpath","value":"//button[@data-kt=\"addButton\"]"}
RESULT: {"using":"xpath","value":"//button[@data-kt=\"addButton\"]"}
COMMAND: POST /session/c7daff82216e94743244cb75cbdaffce/elements - {"using":"xpath","value":"//button[@data-kt=\"addButton\"]"}
RESULT: {"using":"xpath","value":"//button[@data-kt=\"addButton\"]"}
COMMAND: POST /session/c7daff82216e94743244cb75cbdaffce/execute/sync - {"script":"<script> [8489 bytes]","args":[{"element-6066-11e4-a52e-4f735466cecf":"f.3F599814B724AE709646F1EA6658CE76.d.080A20E6E847F469EF6DB971F4058C2C.e.1423","ELEMENT":"f.3F599814B724AE709646F1EA6658CE76.d.080A20E6E847F469EF6DB971F4058C2C.e.1423"}]}
RESULT: {"script":"<script> [8489 bytes]","args":[{"element-6066-11e4-a52e-4f735466cecf":"f.3F599814B724AE709646F1EA6658CE76.d.080A20E6E847F469EF6DB971F4058C2C.e.1423","ELEMENT":"f.3F599814B724AE709646F1EA6658CE76.d.080A20E6E847F469EF6DB971F4058C2C.e.1423"}]}
COMMAND: GET /session/c7daff82216e94743244cb75cbdaffce/element/f.3F599814B724AE709646F1EA6658CE76.d.080A20E6E847F469EF6DB971F4058C2C.e.1423/enabled - {}
COMMAND: GET /session/c7daff82216e94743244cb75cbdaffce/screenshot - {}
RESULT: {}
COMMAND: POST /session/c7daff82216e94743244cb75cbdaffce/execute/sync - {"script":"<script> [8489 bytes]","args":[{"element-6066-11e4-a52e-4f735466cecf":"f.3F599814B724AE709646F1EA6658CE76.d.080A20E6E847F469EF6DB971F4058C2C.e.1423","ELEMENT":"f.3F599814B724AE709646F1EA6658CE76.d.080A20E6E847F469EF6DB971F4058C2C.e.1423"}]}
COMMAND: GET /session/c7daff82216e94743244cb75cbdaffce/screenshot - {}
RESULT: {}
RESULT: {"script":"<script> [8489 bytes]","args":[{"element-6066-11e4-a52e-4f735466cecf":"f.3F599814B724AE709646F1EA6658CE76.d.080A20E6E847F469EF6DB971F4058C2C.e.1423","ELEMENT":"f.3F599814B724AE709646F1EA6658CE76.d.080A20E6E847F469EF6DB971F4058C2C.e.1423"}]}
COMMAND: POST /session/c7daff82216e94743244cb75cbdaffce/execute/sync - {"script":"<script> [5351 bytes]","args":[{"element-6066-11e4-a52e-4f735466cecf":"f.3F599814B724AE709646F1EA6658CE76.d.080A20E6E847F469EF6DB971F4058C2C.e.1423","ELEMENT":"f.3F599814B724AE709646F1EA6658CE76.d.080A20E6E847F469EF6DB971F4058C2C.e.1423"}]}
COMMAND: GET /session/c7daff82216e94743244cb75cbdaffce/screenshot - {}
RESULT: {}
RESULT: {"script":"<script> [5351 bytes]","args":[{"element-6066-11e4-a52e-4f735466cecf":"f.3F599814B724AE709646F1EA6658CE76.d.080A20E6E847F469EF6DB971F4058C2C.e.1423","ELEMENT":"f.3F599814B724AE709646F1EA6658CE76.d.080A20E6E847F469EF6DB971F4058C2C.e.1423"}]}
COMMAND: GET /session/c7daff82216e94743244cb75cbdaffce/screenshot - {}
RESULT: {}
RESULT: {}
COMMAND: POST /session/c7daff82216e94743244cb75cbdaffce/element - {"using":"xpath","value":"//span[@id=\"application-addressmanagement-display-component---masterAdm--smartTable-header-inner\"]"}
RESULT: {"using":"xpath","value":"//span[@id=\"application-addressmanagement-display-component---masterAdm--smartTable-header-inner\"]"}
COMMAND: POST /session/c7daff82216e94743244cb75cbdaffce/elements - {"using":"xpath","value":"//span[@id=\"application-addressmanagement-display-component---masterAdm--smartTable-header-inner\"]"}
RESULT: {"using":"xpath","value":"//span[@id=\"application-addressmanagement-display-component---masterAdm--smartTable-header-inner\"]"}
COMMAND: POST /session/c7daff82216e94743244cb75cbdaffce/execute/sync - {"script":"<script> [56 bytes]","args":[{"element-6066-11e4-a52e-4f735466cecf":"f.3F599814B724AE709646F1EA6658CE76.d.080A20E6E847F469EF6DB971F4058C2C.e.1562","ELEMENT":"f.3F599814B724AE709646F1EA6658CE76.d.080A20E6E847F469EF6DB971F4058C2C.e.1562"}]}
RESULT: {"script":"<script> [56 bytes]","args":[{"element-6066-11e4-a52e-4f735466cecf":"f.3F599814B724AE709646F1EA6658CE76.d.080A20E6E847F469EF6DB971F4058C2C.e.1562","ELEMENT":"f.3F599814B724AE709646F1EA6658CE76.d.080A20E6E847F469EF6DB971F4058C2C.e.1562"}]}
COMMAND: POST /session/c7daff82216e94743244cb75cbdaffce/execute/async - {"script":"<script> [1562 bytes]","args":[{"selector":{"id":"application-addressmanagement-display-component---masterAdm--smartFilterBar-filterItemControl_BASIC-COUNTRY-vhi"},"wdio_ui5_key":"applicationaddressmanagement-display-component---masterAdm--smartFilterBar-filterItemControl_BASIC-COUNTRY-vhi"}]}
COMMAND: GET /session/c7daff82216e94743244cb75cbdaffce/screenshot - {}
RESULT: {"script":"<script> [1562 bytes]","args":[{"selector":{"id":"application-addressmanagement-display-component---masterAdm--smartFilterBar-filterItemControl_BASIC-COUNTRY-vhi"},"wdio_ui5_key":"applicationaddressmanagement-display-component---masterAdm--smartFilterBar-filterItemControl_BASIC-COUNTRY-vhi"}]}
RESULT: undefined
COMMAND: POST /session/c7daff82216e94743244cb75cbdaffce/element - {"using":"xpath","value":"//*[@id=\"application-addressmanagement-display-component---masterAdm--smartFilterBar-filterItemControl_BASIC-COUNTRY-vhi\"]"}
RESULT: {}
RESULT: {"using":"xpath","value":"//*[@id=\"application-addressmanagement-display-component---masterAdm--smartFilterBar-filterItemControl_BASIC-COUNTRY-vhi\"]"}
COMMAND: POST /session/c7daff82216e94743244cb75cbdaffce/element/f.3F599814B724AE709646F1EA6658CE76.d.080A20E6E847F469EF6DB971F4058C2C.e.1563/click - {}
RESULT: {}
COMMAND: GET /session/c7daff82216e94743244cb75cbdaffce/screenshot - {}
RESULT: {}
COMMAND: POST /session/c7daff82216e94743244cb75cbdaffce/execute/async - {"script":"<script> [1562 bytes]","args":[{"selector":{"id":"application-addressmanagement-display-component---masterAdm--smartFilterBar-filterItemControl_BASIC-COUNTRY-valueHelpDialog-smartFilterBar-btnBasicSearch","searchOpenDialogs":true,"interaction":{"idSuffix":"I"}},"wdio_ui5_key":"applicationaddressmanagement-display-component---masterAdm--smartFilterBar-filterItemControl_BASIC-COUNTRY-valueHelpDialog-smartFilterBar-btnBasicSearch"}]}
RESULT: {"script":"<script> [1562 bytes]","args":[{"selector":{"id":"application-addressmanagement-display-component---masterAdm--smartFilterBar-filterItemControl_BASIC-COUNTRY-valueHelpDialog-smartFilterBar-btnBasicSearch","searchOpenDialogs":true,"interaction":{"idSuffix":"I"}},"wdio_ui5_key":"applicationaddressmanagement-display-component---masterAdm--smartFilterBar-filterItemControl_BASIC-COUNTRY-valueHelpDialog-smartFilterBar-btnBasicSearch"}]}
RESULT: undefined
COMMAND: POST /session/c7daff82216e94743244cb75cbdaffce/execute/async - {"script":"<script> [776 bytes]","args":[{"enterText":"Romania","selector":{"id":"application-addressmanagement-display-component---masterAdm--smartFilterBar-filterItemControl_BASIC-COUNTRY-valueHelpDialog-smartFilterBar-btnBasicSearch","searchOpenDialogs":true,"interaction":{"idSuffix":"I"}},"clearTextFirst":true,"interactionType":"ENTER_TEXT"}]}
RESULT: {"script":"<script> [776 bytes]","args":[{"enterText":"Romania","selector":{"id":"application-addressmanagement-display-component---masterAdm--smartFilterBar-filterItemControl_BASIC-COUNTRY-valueHelpDialog-smartFilterBar-btnBasicSearch","searchOpenDialogs":true,"interaction":{"idSuffix":"I"}},"clearTextFirst":true,"interactionType":"ENTER_TEXT"}]}
COMMAND: POST /session/c7daff82216e94743244cb75cbdaffce/actions - {"actions":[{"id":"action7","type":"key","parameters":{},"actions":[{"type":"keyDown","value":""},{"type":"pause","duration":10},{"type":"keyUp","value":""}]}]}
RESULT: {"actions":[{"id":"action7","type":"key","parameters":{},"actions":[{"type":"keyDown","value":""},{"type":"pause","duration":10},{"type":"keyUp","value":""}]}]}
COMMAND: POST /session/c7daff82216e94743244cb75cbdaffce/elements - {"using":"xpath","value":"//table[contains(@id, \"smartFilterBar-filterItemControl_BASIC-COUNTRY-valueHelpDialog-table-table\")]/tbody/tr"}
COMMAND: GET /session/c7daff82216e94743244cb75cbdaffce/screenshot - {}
RESULT: {"using":"xpath","value":"//table[contains(@id, \"smartFilterBar-filterItemControl_BASIC-COUNTRY-valueHelpDialog-table-table\")]/tbody/tr"}
COMMAND: POST /session/c7daff82216e94743244cb75cbdaffce/element - {"using":"xpath","value":"//table[contains(@id, \"smartFilterBar-filterItemControl_BASIC-COUNTRY-valueHelpDialog-table-table\")]/tbody/tr[1]/td[1]/div/span"}
RESULT: {}
RESULT: {"using":"xpath","value":"//table[contains(@id, \"smartFilterBar-filterItemControl_BASIC-COUNTRY-valueHelpDialog-table-table\")]/tbody/tr[1]/td[1]/div/span"}
COMMAND: POST /session/c7daff82216e94743244cb75cbdaffce/elements - {"using":"xpath","value":"//table[contains(@id, \"smartFilterBar-filterItemControl_BASIC-COUNTRY-valueHelpDialog-table-table\")]/tbody/tr[1]/td[1]/div/span"}
RESULT: {"using":"xpath","value":"//table[contains(@id, \"smartFilterBar-filterItemControl_BASIC-COUNTRY-valueHelpDialog-table-table\")]/tbody/tr[1]/td[1]/div/span"}
COMMAND: POST /session/c7daff82216e94743244cb75cbdaffce/execute/sync - {"script":"<script> [56 bytes]","args":[{"element-6066-11e4-a52e-4f735466cecf":"f.3F599814B724AE709646F1EA6658CE76.d.080A20E6E847F469EF6DB971F4058C2C.e.1584","ELEMENT":"f.3F599814B724AE709646F1EA6658CE76.d.080A20E6E847F469EF6DB971F4058C2C.e.1584"}]}
RESULT: {"script":"<script> [56 bytes]","args":[{"element-6066-11e4-a52e-4f735466cecf":"f.3F599814B724AE709646F1EA6658CE76.d.080A20E6E847F469EF6DB971F4058C2C.e.1584","ELEMENT":"f.3F599814B724AE709646F1EA6658CE76.d.080A20E6E847F469EF6DB971F4058C2C.e.1584"}]}
COMMAND: POST /session/c7daff82216e94743244cb75cbdaffce/element - {"using":"xpath","value":"//div[contains(@id, \"filterItemControl_BASIC-COUNTRY-valueHelpDialog-table-rowsel0\")]"}
COMMAND: GET /session/c7daff82216e94743244cb75cbdaffce/screenshot - {}
RESULT: {"using":"xpath","value":"//div[contains(@id, \"filterItemControl_BASIC-COUNTRY-valueHelpDialog-table-rowsel0\")]"}
COMMAND: POST /session/c7daff82216e94743244cb75cbdaffce/element/f.3F599814B724AE709646F1EA6658CE76.d.080A20E6E847F469EF6DB971F4058C2C.e.1585/click - {}
RESULT: {}
RESULT: {}
COMMAND: GET /session/c7daff82216e94743244cb75cbdaffce/screenshot - {}
RESULT: {}
COMMAND: POST /session/c7daff82216e94743244cb75cbdaffce/element - {"using":"xpath","value":"(//bdi[contains(text(), \"OK\")])[1]"}
RESULT: {"using":"xpath","value":"(//bdi[contains(text(), \"OK\")])[1]"}
COMMAND: POST /session/c7daff82216e94743244cb75cbdaffce/element/f.3F599814B724AE709646F1EA6658CE76.d.080A20E6E847F469EF6DB971F4058C2C.e.1587/click - {}
RESULT: {}
COMMAND: GET /session/c7daff82216e94743244cb75cbdaffce/screenshot - {}
RESULT: {}
COMMAND: POST /session/c7daff82216e94743244cb75cbdaffce/element - {"using":"xpath","value":"//span[@id=\"application-addressmanagement-display-component---masterAdm--smartTable-header-inner\"]"}
RESULT: {"using":"xpath","value":"//span[@id=\"application-addressmanagement-display-component---masterAdm--smartTable-header-inner\"]"}
COMMAND: POST /session/c7daff82216e94743244cb75cbdaffce/elements - {"using":"xpath","value":"//span[@id=\"application-addressmanagement-display-component---masterAdm--smartTable-header-inner\"]"}
RESULT: {"using":"xpath","value":"//span[@id=\"application-addressmanagement-display-component---masterAdm--smartTable-header-inner\"]"}
COMMAND: POST /session/c7daff82216e94743244cb75cbdaffce/execute/sync - {"script":"<script> [56 bytes]","args":[{"element-6066-11e4-a52e-4f735466cecf":"f.3F599814B724AE709646F1EA6658CE76.d.080A20E6E847F469EF6DB971F4058C2C.e.1562","ELEMENT":"f.3F599814B724AE709646F1EA6658CE76.d.080A20E6E847F469EF6DB971F4058C2C.e.1562"}]}
RESULT: {"script":"<script> [56 bytes]","args":[{"element-6066-11e4-a52e-4f735466cecf":"f.3F599814B724AE709646F1EA6658CE76.d.080A20E6E847F469EF6DB971F4058C2C.e.1562","ELEMENT":"f.3F599814B724AE709646F1EA6658CE76.d.080A20E6E847F469EF6DB971F4058C2C.e.1562"}]}
COMMAND: POST /session/c7daff82216e94743244cb75cbdaffce/element - {"using":"xpath","value":"//span[contains(@title, \"Remove\")]"}
COMMAND: GET /session/c7daff82216e94743244cb75cbdaffce/screenshot - {}
RESULT: {"using":"xpath","value":"//span[contains(@title, \"Remove\")]"}
COMMAND: POST /session/c7daff82216e94743244cb75cbdaffce/element/f.3F599814B724AE709646F1EA6658CE76.d.080A20E6E847F469EF6DB971F4058C2C.e.1728/click - {}
RESULT: {}
RESULT: {}
COMMAND: GET /session/c7daff82216e94743244cb75cbdaffce/screenshot - {}
RESULT: {}
COMMAND: POST /session/c7daff82216e94743244cb75cbdaffce/element - {"using":"xpath","value":"//span[@id=\"application-addressmanagement-display-component---masterAdm--smartTable-header-inner\"]"}
RESULT: {"using":"xpath","value":"//span[@id=\"application-addressmanagement-display-component---masterAdm--smartTable-header-inner\"]"}
COMMAND: POST /session/c7daff82216e94743244cb75cbdaffce/elements - {"using":"xpath","value":"//span[@id=\"application-addressmanagement-display-component---masterAdm--smartTable-header-inner\"]"}
RESULT: {"using":"xpath","value":"//span[@id=\"application-addressmanagement-display-component---masterAdm--smartTable-header-inner\"]"}
COMMAND: POST /session/c7daff82216e94743244cb75cbdaffce/execute/sync - {"script":"<script> [56 bytes]","args":[{"element-6066-11e4-a52e-4f735466cecf":"f.3F599814B724AE709646F1EA6658CE76.d.080A20E6E847F469EF6DB971F4058C2C.e.1562","ELEMENT":"f.3F599814B724AE709646F1EA6658CE76.d.080A20E6E847F469EF6DB971F4058C2C.e.1562"}]}
RESULT: {"script":"<script> [56 bytes]","args":[{"element-6066-11e4-a52e-4f735466cecf":"f.3F599814B724AE709646F1EA6658CE76.d.080A20E6E847F469EF6DB971F4058C2C.e.1562","ELEMENT":"f.3F599814B724AE709646F1EA6658CE76.d.080A20E6E847F469EF6DB971F4058C2C.e.1562"}]}
RESULT: undefined
COMMAND: POST /session/c7daff82216e94743244cb75cbdaffce/element - {"using":"xpath","value":"//*[@id=\"application-addressmanagement-display-component---masterAdm--smartFilterBar-filterItemControl_BASIC-COUNTRY-vhi\"]"}
COMMAND: GET /session/c7daff82216e94743244cb75cbdaffce/screenshot - {}
RESULT: {"using":"xpath","value":"//*[@id=\"application-addressmanagement-display-component---masterAdm--smartFilterBar-filterItemControl_BASIC-COUNTRY-vhi\"]"}
COMMAND: POST /session/c7daff82216e94743244cb75cbdaffce/element/f.3F599814B724AE709646F1EA6658CE76.d.080A20E6E847F469EF6DB971F4058C2C.e.1563/click - {}
RESULT: {}
RESULT: {}
COMMAND: GET /session/c7daff82216e94743244cb75cbdaffce/screenshot - {}
RESULT: {}
RESULT: undefined
COMMAND: POST /session/c7daff82216e94743244cb75cbdaffce/execute/async - {"script":"<script> [776 bytes]","args":[{"enterText":"Romania","selector":{"id":"application-addressmanagement-display-component---masterAdm--smartFilterBar-filterItemControl_BASIC-COUNTRY-valueHelpDialog-smartFilterBar-btnBasicSearch","searchOpenDialogs":true,"interaction":{"idSuffix":"I"}},"clearTextFirst":true,"interactionType":"ENTER_TEXT"}]}
RESULT: {"script":"<script> [776 bytes]","args":[{"enterText":"Romania","selector":{"id":"application-addressmanagement-display-component---masterAdm--smartFilterBar-filterItemControl_BASIC-COUNTRY-valueHelpDialog-smartFilterBar-btnBasicSearch","searchOpenDialogs":true,"interaction":{"idSuffix":"I"}},"clearTextFirst":true,"interactionType":"ENTER_TEXT"}]}
COMMAND: POST /session/c7daff82216e94743244cb75cbdaffce/actions - {"actions":[{"id":"action8","type":"key","parameters":{},"actions":[{"type":"keyDown","value":""},{"type":"pause","duration":10},{"type":"keyUp","value":""}]}]}
RESULT: {"actions":[{"id":"action8","type":"key","parameters":{},"actions":[{"type":"keyDown","value":""},{"type":"pause","duration":10},{"type":"keyUp","value":""}]}]}
COMMAND: GET /session/c7daff82216e94743244cb75cbdaffce/screenshot - {}
RESULT: {}
COMMAND: POST /session/c7daff82216e94743244cb75cbdaffce/elements - {"using":"xpath","value":"//table[contains(@id, \"smartFilterBar-filterItemControl_BASIC-COUNTRY-valueHelpDialog-table-table\")]/tbody/tr"}
RESULT: {"using":"xpath","value":"//table[contains(@id, \"smartFilterBar-filterItemControl_BASIC-COUNTRY-valueHelpDialog-table-table\")]/tbody/tr"}
COMMAND: POST /session/c7daff82216e94743244cb75cbdaffce/element - {"using":"xpath","value":"//table[contains(@id, \"smartFilterBar-filterItemControl_BASIC-COUNTRY-valueHelpDialog-table-table\")]/tbody/tr[1]/td[1]/div/span"}
RESULT: {"using":"xpath","value":"//table[contains(@id, \"smartFilterBar-filterItemControl_BASIC-COUNTRY-valueHelpDialog-table-table\")]/tbody/tr[1]/td[1]/div/span"}
COMMAND: POST /session/c7daff82216e94743244cb75cbdaffce/elements - {"using":"xpath","value":"//table[contains(@id, \"smartFilterBar-filterItemControl_BASIC-COUNTRY-valueHelpDialog-table-table\")]/tbody/tr[1]/td[1]/div/span"}
RESULT: {"using":"xpath","value":"//table[contains(@id, \"smartFilterBar-filterItemControl_BASIC-COUNTRY-valueHelpDialog-table-table\")]/tbody/tr[1]/td[1]/div/span"}
COMMAND: POST /session/c7daff82216e94743244cb75cbdaffce/execute/sync - {"script":"<script> [56 bytes]","args":[{"element-6066-11e4-a52e-4f735466cecf":"f.3F599814B724AE709646F1EA6658CE76.d.080A20E6E847F469EF6DB971F4058C2C.e.1825","ELEMENT":"f.3F599814B724AE709646F1EA6658CE76.d.080A20E6E847F469EF6DB971F4058C2C.e.1825"}]}
RESULT: {"script":"<script> [56 bytes]","args":[{"element-6066-11e4-a52e-4f735466cecf":"f.3F599814B724AE709646F1EA6658CE76.d.080A20E6E847F469EF6DB971F4058C2C.e.1825","ELEMENT":"f.3F599814B724AE709646F1EA6658CE76.d.080A20E6E847F469EF6DB971F4058C2C.e.1825"}]}
COMMAND: POST /session/c7daff82216e94743244cb75cbdaffce/element - {"using":"xpath","value":"//div[contains(@id, \"filterItemControl_BASIC-COUNTRY-valueHelpDialog-table-rowsel0\")]"}
COMMAND: GET /session/c7daff82216e94743244cb75cbdaffce/screenshot - {}
RESULT: {"using":"xpath","value":"//div[contains(@id, \"filterItemControl_BASIC-COUNTRY-valueHelpDialog-table-rowsel0\")]"}
COMMAND: POST /session/c7daff82216e94743244cb75cbdaffce/element/f.3F599814B724AE709646F1EA6658CE76.d.080A20E6E847F469EF6DB971F4058C2C.e.1826/click - {}
RESULT: {}
RESULT: {}
COMMAND: GET /session/c7daff82216e94743244cb75cbdaffce/screenshot - {}
RESULT: {}
RESULT: undefined
COMMAND: POST /session/c7daff82216e94743244cb75cbdaffce/element - {"using":"xpath","value":"//*[@id=\"application-addressmanagement-display-component---masterAdm--smartFilterBar-filterItemControl_BASIC-COUNTRY-vhi\"]"}
RESULT: {"using":"xpath","value":"//*[@id=\"application-addressmanagement-display-component---masterAdm--smartFilterBar-filterItemControl_BASIC-COUNTRY-vhi\"]"}
COMMAND: POST /session/c7daff82216e94743244cb75cbdaffce/element/f.3F599814B724AE709646F1EA6658CE76.d.080A20E6E847F469EF6DB971F4058C2C.e.1563/click - {}
RESULT: undefined
COMMAND: POST /session/c7daff82216e94743244cb75cbdaffce/execute/async - {"script":"<script> [776 bytes]","args":[{"enterText":"Argentina","selector":{"id":"application-addressmanagement-display-component---masterAdm--smartFilterBar-filterItemControl_BASIC-COUNTRY-valueHelpDialog-smartFilterBar-btnBasicSearch","searchOpenDialogs":true,"interaction":{"idSuffix":"I"}},"clearTextFirst":true,"interactionType":"ENTER_TEXT"}]}
RESULT: {"script":"<script> [776 bytes]","args":[{"enterText":"Argentina","selector":{"id":"application-addressmanagement-display-component---masterAdm--smartFilterBar-filterItemControl_BASIC-COUNTRY-valueHelpDialog-smartFilterBar-btnBasicSearch","searchOpenDialogs":true,"interaction":{"idSuffix":"I"}},"clearTextFirst":true,"interactionType":"ENTER_TEXT"}]}
COMMAND: POST /session/c7daff82216e94743244cb75cbdaffce/actions - {"actions":[{"id":"action9","type":"key","parameters":{},"actions":[{"type":"keyDown","value":""},{"type":"pause","duration":10},{"type":"keyUp","value":""}]}]}
RESULT: {"actions":[{"id":"action9","type":"key","parameters":{},"actions":[{"type":"keyDown","value":""},{"type":"pause","duration":10},{"type":"keyUp","value":""}]}]}
COMMAND: GET /session/c7daff82216e94743244cb75cbdaffce/screenshot - {}
RESULT: {}
COMMAND: POST /session/c7daff82216e94743244cb75cbdaffce/elements - {"using":"xpath","value":"//table[contains(@id, \"smartFilterBar-filterItemControl_BASIC-COUNTRY-valueHelpDialog-table-table\")]/tbody/tr"}
RESULT: {"using":"xpath","value":"//table[contains(@id, \"smartFilterBar-filterItemControl_BASIC-COUNTRY-valueHelpDialog-table-table\")]/tbody/tr"}
COMMAND: POST /session/c7daff82216e94743244cb75cbdaffce/element - {"using":"xpath","value":"//table[contains(@id, \"smartFilterBar-filterItemControl_BASIC-COUNTRY-valueHelpDialog-table-table\")]/tbody/tr[1]/td[1]/div/span"}
RESULT: {"using":"xpath","value":"//table[contains(@id, \"smartFilterBar-filterItemControl_BASIC-COUNTRY-valueHelpDialog-table-table\")]/tbody/tr[1]/td[1]/div/span"}
COMMAND: POST /session/c7daff82216e94743244cb75cbdaffce/elements - {"using":"xpath","value":"//table[contains(@id, \"smartFilterBar-filterItemControl_BASIC-COUNTRY-valueHelpDialog-table-table\")]/tbody/tr[1]/td[1]/div/span"}
RESULT: {"using":"xpath","value":"//table[contains(@id, \"smartFilterBar-filterItemControl_BASIC-COUNTRY-valueHelpDialog-table-table\")]/tbody/tr[1]/td[1]/div/span"}
COMMAND: POST /session/c7daff82216e94743244cb75cbdaffce/execute/sync - {"script":"<script> [56 bytes]","args":[{"element-6066-11e4-a52e-4f735466cecf":"f.3F599814B724AE709646F1EA6658CE76.d.080A20E6E847F469EF6DB971F4058C2C.e.1825","ELEMENT":"f.3F599814B724AE709646F1EA6658CE76.d.080A20E6E847F469EF6DB971F4058C2C.e.1825"}]}
RESULT: {"script":"<script> [56 bytes]","args":[{"element-6066-11e4-a52e-4f735466cecf":"f.3F599814B724AE709646F1EA6658CE76.d.080A20E6E847F469EF6DB971F4058C2C.e.1825","ELEMENT":"f.3F599814B724AE709646F1EA6658CE76.d.080A20E6E847F469EF6DB971F4058C2C.e.1825"}]}
COMMAND: POST /session/c7daff82216e94743244cb75cbdaffce/element - {"using":"xpath","value":"//div[contains(@id, \"filterItemControl_BASIC-COUNTRY-valueHelpDialog-table-rowsel0\")]"}
COMMAND: GET /session/c7daff82216e94743244cb75cbdaffce/screenshot - {}
RESULT: {"using":"xpath","value":"//div[contains(@id, \"filterItemControl_BASIC-COUNTRY-valueHelpDialog-table-rowsel0\")]"}
COMMAND: POST /session/c7daff82216e94743244cb75cbdaffce/element/f.3F599814B724AE709646F1EA6658CE76.d.080A20E6E847F469EF6DB971F4058C2C.e.1826/click - {}
RESULT: {}
RESULT: {}
COMMAND: GET /session/c7daff82216e94743244cb75cbdaffce/screenshot - {}
RESULT: {}
COMMAND: POST /session/c7daff82216e94743244cb75cbdaffce/element - {"using":"xpath","value":"(//bdi[contains(text(), \"OK\")])[1]"}
RESULT: {"using":"xpath","value":"(//bdi[contains(text(), \"OK\")])[1]"}
COMMAND: POST /session/c7daff82216e94743244cb75cbdaffce/element/f.3F599814B724AE709646F1EA6658CE76.d.080A20E6E847F469EF6DB971F4058C2C.e.1828/click - {}
RESULT: {}
COMMAND: GET /session/c7daff82216e94743244cb75cbdaffce/screenshot - {}
RESULT: {}
COMMAND: POST /session/c7daff82216e94743244cb75cbdaffce/element - {"using":"xpath","value":"//span[@id=\"application-addressmanagement-display-component---masterAdm--smartTable-header-inner\"]"}
RESULT: {"using":"xpath","value":"//span[@id=\"application-addressmanagement-display-component---masterAdm--smartTable-header-inner\"]"}
COMMAND: POST /session/c7daff82216e94743244cb75cbdaffce/elements - {"using":"xpath","value":"//span[@id=\"application-addressmanagement-display-component---masterAdm--smartTable-header-inner\"]"}
RESULT: {"using":"xpath","value":"//span[@id=\"application-addressmanagement-display-component---masterAdm--smartTable-header-inner\"]"}
COMMAND: POST /session/c7daff82216e94743244cb75cbdaffce/execute/sync - {"script":"<script> [56 bytes]","args":[{"element-6066-11e4-a52e-4f735466cecf":"f.3F599814B724AE709646F1EA6658CE76.d.080A20E6E847F469EF6DB971F4058C2C.e.1562","ELEMENT":"f.3F599814B724AE709646F1EA6658CE76.d.080A20E6E847F469EF6DB971F4058C2C.e.1562"}]}
RESULT: {"script":"<script> [56 bytes]","args":[{"element-6066-11e4-a52e-4f735466cecf":"f.3F599814B724AE709646F1EA6658CE76.d.080A20E6E847F469EF6DB971F4058C2C.e.1562","ELEMENT":"f.3F599814B724AE709646F1EA6658CE76.d.080A20E6E847F469EF6DB971F4058C2C.e.1562"}]}
COMMAND: POST /session/c7daff82216e94743244cb75cbdaffce/execute/async - {"script":"<script> [1562 bytes]","args":[{"selector":{"id":"application-addressmanagement-display-component---masterAdm--smartFilterBar-filterItemControl_BASIC-NAME-vhi"},"wdio_ui5_key":"applicationaddressmanagement-display-component---masterAdm--smartFilterBar-filterItemControl_BASIC-NAME-vhi"}]}
COMMAND: GET /session/c7daff82216e94743244cb75cbdaffce/screenshot - {}
RESULT: {"script":"<script> [1562 bytes]","args":[{"selector":{"id":"application-addressmanagement-display-component---masterAdm--smartFilterBar-filterItemControl_BASIC-NAME-vhi"},"wdio_ui5_key":"applicationaddressmanagement-display-component---masterAdm--smartFilterBar-filterItemControl_BASIC-NAME-vhi"}]}
RESULT: undefined
COMMAND: POST /session/c7daff82216e94743244cb75cbdaffce/element - {"using":"xpath","value":"//*[@id=\"application-addressmanagement-display-component---masterAdm--smartFilterBar-filterItemControl_BASIC-NAME-vhi\"]"}
RESULT: {}
RESULT: {"using":"xpath","value":"//*[@id=\"application-addressmanagement-display-component---masterAdm--smartFilterBar-filterItemControl_BASIC-NAME-vhi\"]"}
COMMAND: POST /session/c7daff82216e94743244cb75cbdaffce/element/f.3F599814B724AE709646F1EA6658CE76.d.080A20E6E847F469EF6DB971F4058C2C.e.1891/click - {}
RESULT: {}
COMMAND: GET /session/c7daff82216e94743244cb75cbdaffce/screenshot - {}
RESULT: {}
COMMAND: POST /session/c7daff82216e94743244cb75cbdaffce/execute/async - {"script":"<script> [1562 bytes]","args":[{"selector":{"controlType":"sap.m.Input","viewName":"etm.portal.ui.addressmanagement.view.Master","viewId":"application-addressmanagement-display-component---masterAdm","properties":{"valueState":"None"},"searchOpenDialogs":true,"interaction":{"idSuffix":"inner"}},"wdio_ui5_key":"etmportal.ui.addressmanagement.view.Mastersap.m.Input{\"valueState\":\"None\"}"}]}
RESULT: {"script":"<script> [1562 bytes]","args":[{"selector":{"controlType":"sap.m.Input","viewName":"etm.portal.ui.addressmanagement.view.Master","viewId":"application-addressmanagement-display-component---masterAdm","properties":{"valueState":"None"},"searchOpenDialogs":true,"interaction":{"idSuffix":"inner"}},"wdio_ui5_key":"etmportal.ui.addressmanagement.view.Mastersap.m.Input{\"valueState\":\"None\"}"}]}
RESULT: undefined
COMMAND: POST /session/c7daff82216e94743244cb75cbdaffce/execute/async - {"script":"<script> [776 bytes]","args":[{"enterText":"Test","selector":{"controlType":"sap.m.Input","viewName":"etm.portal.ui.addressmanagement.view.Master","viewId":"application-addressmanagement-display-component---masterAdm","properties":{"valueState":"None"},"searchOpenDialogs":true,"interaction":{"idSuffix":"inner"}},"clearTextFirst":true,"interactionType":"ENTER_TEXT"}]}
RESULT: {"script":"<script> [776 bytes]","args":[{"enterText":"Test","selector":{"controlType":"sap.m.Input","viewName":"etm.portal.ui.addressmanagement.view.Master","viewId":"application-addressmanagement-display-component---masterAdm","properties":{"valueState":"None"},"searchOpenDialogs":true,"interaction":{"idSuffix":"inner"}},"clearTextFirst":true,"interactionType":"ENTER_TEXT"}]}
COMMAND: POST /session/c7daff82216e94743244cb75cbdaffce/actions - {"actions":[{"id":"action10","type":"key","parameters":{},"actions":[{"type":"keyDown","value":""},{"type":"pause","duration":10},{"type":"keyUp","value":""}]}]}
RESULT: {"actions":[{"id":"action10","type":"key","parameters":{},"actions":[{"type":"keyDown","value":""},{"type":"pause","duration":10},{"type":"keyUp","value":""}]}]}
COMMAND: GET /session/c7daff82216e94743244cb75cbdaffce/screenshot - {}
RESULT: {}
COMMAND: POST /session/c7daff82216e94743244cb75cbdaffce/element - {"using":"xpath","value":"(//bdi[contains(text(), \"OK\")])[1]"}
RESULT: {"using":"xpath","value":"(//bdi[contains(text(), \"OK\")])[1]"}
COMMAND: POST /session/c7daff82216e94743244cb75cbdaffce/element/f.3F599814B724AE709646F1EA6658CE76.d.080A20E6E847F469EF6DB971F4058C2C.e.1897/click - {}
RESULT: {}
COMMAND: GET /session/c7daff82216e94743244cb75cbdaffce/screenshot - {}
RESULT: {}
COMMAND: POST /session/c7daff82216e94743244cb75cbdaffce/element - {"using":"xpath","value":"//span[@id=\"application-addressmanagement-display-component---masterAdm--smartTable-header-inner\"]"}
RESULT: {"using":"xpath","value":"//span[@id=\"application-addressmanagement-display-component---masterAdm--smartTable-header-inner\"]"}
COMMAND: POST /session/c7daff82216e94743244cb75cbdaffce/elements - {"using":"xpath","value":"//span[@id=\"application-addressmanagement-display-component---masterAdm--smartTable-header-inner\"]"}
RESULT: {"using":"xpath","value":"//span[@id=\"application-addressmanagement-display-component---masterAdm--smartTable-header-inner\"]"}
COMMAND: POST /session/c7daff82216e94743244cb75cbdaffce/execute/sync - {"script":"<script> [56 bytes]","args":[{"element-6066-11e4-a52e-4f735466cecf":"f.3F599814B724AE709646F1EA6658CE76.d.080A20E6E847F469EF6DB971F4058C2C.e.1562","ELEMENT":"f.3F599814B724AE709646F1EA6658CE76.d.080A20E6E847F469EF6DB971F4058C2C.e.1562"}]}
RESULT: {"script":"<script> [56 bytes]","args":[{"element-6066-11e4-a52e-4f735466cecf":"f.3F599814B724AE709646F1EA6658CE76.d.080A20E6E847F469EF6DB971F4058C2C.e.1562","ELEMENT":"f.3F599814B724AE709646F1EA6658CE76.d.080A20E6E847F469EF6DB971F4058C2C.e.1562"}]}
COMMAND: POST /session/c7daff82216e94743244cb75cbdaffce/element - {"using":"xpath","value":"//span[contains(@title, \"Remove\")]"}
COMMAND: GET /session/c7daff82216e94743244cb75cbdaffce/screenshot - {}
RESULT: {"using":"xpath","value":"//span[contains(@title, \"Remove\")]"}
COMMAND: POST /session/c7daff82216e94743244cb75cbdaffce/element/f.3F599814B724AE709646F1EA6658CE76.d.080A20E6E847F469EF6DB971F4058C2C.e.1994/click - {}
RESULT: {}
RESULT: {}
COMMAND: GET /session/c7daff82216e94743244cb75cbdaffce/screenshot - {}
COMMAND: POST /session/c7daff82216e94743244cb75cbdaffce/element - {"using":"xpath","value":"//span[contains(@title, \"Remove\")]"}
RESULT: {}
RESULT: {"using":"xpath","value":"//span[contains(@title, \"Remove\")]"}
COMMAND: POST /session/c7daff82216e94743244cb75cbdaffce/element/f.3F599814B724AE709646F1EA6658CE76.d.080A20E6E847F469EF6DB971F4058C2C.e.2089/click - {}
RESULT: {}
COMMAND: GET /session/c7daff82216e94743244cb75cbdaffce/screenshot - {}
COMMAND: POST /session/c7daff82216e94743244cb75cbdaffce/element - {"using":"xpath","value":"//span[contains(@title, \"Remove\")]"}
RESULT: {}
RESULT: {"using":"xpath","value":"//span[contains(@title, \"Remove\")]"}
COMMAND: POST /session/c7daff82216e94743244cb75cbdaffce/element/f.3F599814B724AE709646F1EA6658CE76.d.080A20E6E847F469EF6DB971F4058C2C.e.2187/click - {}
RESULT: {}
COMMAND: GET /session/c7daff82216e94743244cb75cbdaffce/screenshot - {}
RESULT: {}
COMMAND: POST /session/c7daff82216e94743244cb75cbdaffce/element - {"using":"css selector","value":"#shell-header-logo"}
RESULT: {"using":"css selector","value":"#shell-header-logo"}
COMMAND: POST /session/c7daff82216e94743244cb75cbdaffce/element/f.3F599814B724AE709646F1EA6658CE76.d.080A20E6E847F469EF6DB971F4058C2C.e.1385/click - {}
RESULT: {}
COMMAND: GET /session/c7daff82216e94743244cb75cbdaffce/screenshot - {}
RESULT: {}
]]></system-out>
    </testcase>
    <testcase classname="chrome.136_0_7103_93.windows.Address_Management_Tests_US156181_US151165_US151160_US156180_US156178_US151157_US151172_US151170_US151166_US151168" name="Step 6 Should assign user ID to an user assign them to site US151172" time="96.953">
      <system-out><![CDATA[
RESULT: undefined
COMMAND: POST /session/c7daff82216e94743244cb75cbdaffce/element - {"using":"xpath","value":"//*[@id=\"__tile33\"]"}
RESULT: {"using":"xpath","value":"//*[@id=\"__tile33\"]"}
COMMAND: POST /session/c7daff82216e94743244cb75cbdaffce/element/f.3F599814B724AE709646F1EA6658CE76.d.080A20E6E847F469EF6DB971F4058C2C.e.196/click - {}
RESULT: {}
COMMAND: GET /session/c7daff82216e94743244cb75cbdaffce/screenshot - {}
RESULT: {}
COMMAND: POST /session/c7daff82216e94743244cb75cbdaffce/elements - {"using":"xpath","value":"//span[text()='Error']"}
RESULT: {"using":"xpath","value":"//span[text()='Error']"}
COMMAND: POST /session/c7daff82216e94743244cb75cbdaffce/element - {"using":"xpath","value":"//button[@data-kt=\"addButton\"]"}
RESULT: {"using":"xpath","value":"//button[@data-kt=\"addButton\"]"}
COMMAND: POST /session/c7daff82216e94743244cb75cbdaffce/elements - {"using":"xpath","value":"//button[@data-kt=\"addButton\"]"}
RESULT: {"using":"xpath","value":"//button[@data-kt=\"addButton\"]"}
COMMAND: POST /session/c7daff82216e94743244cb75cbdaffce/execute/sync - {"script":"<script> [8489 bytes]","args":[{"element-6066-11e4-a52e-4f735466cecf":"f.3F599814B724AE709646F1EA6658CE76.d.080A20E6E847F469EF6DB971F4058C2C.e.2285","ELEMENT":"f.3F599814B724AE709646F1EA6658CE76.d.080A20E6E847F469EF6DB971F4058C2C.e.2285"}]}
RESULT: {"script":"<script> [8489 bytes]","args":[{"element-6066-11e4-a52e-4f735466cecf":"f.3F599814B724AE709646F1EA6658CE76.d.080A20E6E847F469EF6DB971F4058C2C.e.2285","ELEMENT":"f.3F599814B724AE709646F1EA6658CE76.d.080A20E6E847F469EF6DB971F4058C2C.e.2285"}]}
COMMAND: GET /session/c7daff82216e94743244cb75cbdaffce/element/f.3F599814B724AE709646F1EA6658CE76.d.080A20E6E847F469EF6DB971F4058C2C.e.2285/enabled - {}
COMMAND: GET /session/c7daff82216e94743244cb75cbdaffce/screenshot - {}
RESULT: {}
COMMAND: POST /session/c7daff82216e94743244cb75cbdaffce/execute/sync - {"script":"<script> [8489 bytes]","args":[{"element-6066-11e4-a52e-4f735466cecf":"f.3F599814B724AE709646F1EA6658CE76.d.080A20E6E847F469EF6DB971F4058C2C.e.2285","ELEMENT":"f.3F599814B724AE709646F1EA6658CE76.d.080A20E6E847F469EF6DB971F4058C2C.e.2285"}]}
COMMAND: GET /session/c7daff82216e94743244cb75cbdaffce/screenshot - {}
RESULT: {}
RESULT: {"script":"<script> [8489 bytes]","args":[{"element-6066-11e4-a52e-4f735466cecf":"f.3F599814B724AE709646F1EA6658CE76.d.080A20E6E847F469EF6DB971F4058C2C.e.2285","ELEMENT":"f.3F599814B724AE709646F1EA6658CE76.d.080A20E6E847F469EF6DB971F4058C2C.e.2285"}]}
COMMAND: POST /session/c7daff82216e94743244cb75cbdaffce/execute/sync - {"script":"<script> [5351 bytes]","args":[{"element-6066-11e4-a52e-4f735466cecf":"f.3F599814B724AE709646F1EA6658CE76.d.080A20E6E847F469EF6DB971F4058C2C.e.2285","ELEMENT":"f.3F599814B724AE709646F1EA6658CE76.d.080A20E6E847F469EF6DB971F4058C2C.e.2285"}]}
COMMAND: GET /session/c7daff82216e94743244cb75cbdaffce/screenshot - {}
RESULT: {}
RESULT: {"script":"<script> [5351 bytes]","args":[{"element-6066-11e4-a52e-4f735466cecf":"f.3F599814B724AE709646F1EA6658CE76.d.080A20E6E847F469EF6DB971F4058C2C.e.2285","ELEMENT":"f.3F599814B724AE709646F1EA6658CE76.d.080A20E6E847F469EF6DB971F4058C2C.e.2285"}]}
COMMAND: GET /session/c7daff82216e94743244cb75cbdaffce/screenshot - {}
RESULT: {}
RESULT: {}
RESULT: undefined
COMMAND: POST /session/c7daff82216e94743244cb75cbdaffce/execute/async - {"script":"<script> [776 bytes]","args":[{"enterText":"Test1ETM","selector":{"id":"application-addressmanagement-display-component---masterAdm--smartFilterBar-btnBasicSearch","interaction":{"idSuffix":"I"}},"clearTextFirst":true,"interactionType":"ENTER_TEXT"}]}
RESULT: {"script":"<script> [776 bytes]","args":[{"enterText":"Test1ETM","selector":{"id":"application-addressmanagement-display-component---masterAdm--smartFilterBar-btnBasicSearch","interaction":{"idSuffix":"I"}},"clearTextFirst":true,"interactionType":"ENTER_TEXT"}]}
COMMAND: POST /session/c7daff82216e94743244cb75cbdaffce/actions - {"actions":[{"id":"action11","type":"key","parameters":{},"actions":[{"type":"keyDown","value":""},{"type":"pause","duration":10},{"type":"keyUp","value":""}]}]}
RESULT: {"actions":[{"id":"action11","type":"key","parameters":{},"actions":[{"type":"keyDown","value":""},{"type":"pause","duration":10},{"type":"keyUp","value":""}]}]}
COMMAND: GET /session/c7daff82216e94743244cb75cbdaffce/screenshot - {}
RESULT: {}
COMMAND: POST /session/c7daff82216e94743244cb75cbdaffce/elements - {"using":"xpath","value":"//table[contains(@id, \"customPersonsAddressesTable-listUl\")]/tbody/tr"}
RESULT: {"using":"xpath","value":"//table[contains(@id, \"customPersonsAddressesTable-listUl\")]/tbody/tr"}
COMMAND: POST /session/c7daff82216e94743244cb75cbdaffce/element - {"using":"xpath","value":"//table[contains(@id, \"customPersonsAddressesTable-listUl\")]/tbody/tr[1]/td[5]/span/span"}
RESULT: {"using":"xpath","value":"//table[contains(@id, \"customPersonsAddressesTable-listUl\")]/tbody/tr[1]/td[5]/span/span"}
COMMAND: POST /session/c7daff82216e94743244cb75cbdaffce/element - {"using":"xpath","value":"//table[contains(@id, \"customPersonsAddressesTable-listUl\")]/tbody/tr[1]/td[3]/span"}
RESULT: {"using":"xpath","value":"//table[contains(@id, \"customPersonsAddressesTable-listUl\")]/tbody/tr[1]/td[3]/span"}
COMMAND: POST /session/c7daff82216e94743244cb75cbdaffce/elements - {"using":"xpath","value":"//table[contains(@id, \"customPersonsAddressesTable-listUl\")]/tbody/tr[1]/td[5]/span/span"}
RESULT: {"using":"xpath","value":"//table[contains(@id, \"customPersonsAddressesTable-listUl\")]/tbody/tr[1]/td[5]/span/span"}
COMMAND: POST /session/c7daff82216e94743244cb75cbdaffce/execute/sync - {"script":"<script> [56 bytes]","args":[{"element-6066-11e4-a52e-4f735466cecf":"f.3F599814B724AE709646F1EA6658CE76.d.080A20E6E847F469EF6DB971F4058C2C.e.2432","ELEMENT":"f.3F599814B724AE709646F1EA6658CE76.d.080A20E6E847F469EF6DB971F4058C2C.e.2432"}]}
RESULT: {"script":"<script> [56 bytes]","args":[{"element-6066-11e4-a52e-4f735466cecf":"f.3F599814B724AE709646F1EA6658CE76.d.080A20E6E847F469EF6DB971F4058C2C.e.2432","ELEMENT":"f.3F599814B724AE709646F1EA6658CE76.d.080A20E6E847F469EF6DB971F4058C2C.e.2432"}]}
COMMAND: POST /session/c7daff82216e94743244cb75cbdaffce/element - {"using":"xpath","value":"//span[@id=\"application-addressmanagement-display-component---masterAdm--smartTable-header-inner\"]"}
COMMAND: GET /session/c7daff82216e94743244cb75cbdaffce/screenshot - {}
RESULT: {"using":"xpath","value":"//span[@id=\"application-addressmanagement-display-component---masterAdm--smartTable-header-inner\"]"}
COMMAND: POST /session/c7daff82216e94743244cb75cbdaffce/elements - {"using":"xpath","value":"//span[@id=\"application-addressmanagement-display-component---masterAdm--smartTable-header-inner\"]"}
RESULT: {}
RESULT: {"using":"xpath","value":"//span[@id=\"application-addressmanagement-display-component---masterAdm--smartTable-header-inner\"]"}
COMMAND: POST /session/c7daff82216e94743244cb75cbdaffce/execute/sync - {"script":"<script> [56 bytes]","args":[{"element-6066-11e4-a52e-4f735466cecf":"f.3F599814B724AE709646F1EA6658CE76.d.080A20E6E847F469EF6DB971F4058C2C.e.2434","ELEMENT":"f.3F599814B724AE709646F1EA6658CE76.d.080A20E6E847F469EF6DB971F4058C2C.e.2434"}]}
RESULT: {"script":"<script> [56 bytes]","args":[{"element-6066-11e4-a52e-4f735466cecf":"f.3F599814B724AE709646F1EA6658CE76.d.080A20E6E847F469EF6DB971F4058C2C.e.2434","ELEMENT":"f.3F599814B724AE709646F1EA6658CE76.d.080A20E6E847F469EF6DB971F4058C2C.e.2434"}]}
COMMAND: POST /session/c7daff82216e94743244cb75cbdaffce/element - {"using":"css selector","value":"#shell-header-logo"}
COMMAND: GET /session/c7daff82216e94743244cb75cbdaffce/screenshot - {}
RESULT: {"using":"css selector","value":"#shell-header-logo"}
COMMAND: POST /session/c7daff82216e94743244cb75cbdaffce/element/f.3F599814B724AE709646F1EA6658CE76.d.080A20E6E847F469EF6DB971F4058C2C.e.2242/click - {}
RESULT: {}
RESULT: {}
COMMAND: GET /session/c7daff82216e94743244cb75cbdaffce/screenshot - {}
RESULT: {}
COMMAND: POST /session/c7daff82216e94743244cb75cbdaffce/execute/async - {"script":"<script> [1562 bytes]","args":[{"selector":{"controlType":"sap.m.GenericTile","properties":{"header":"Manage Sites"}},"wdio_ui5_key":"sapm.GenericTile{\"header\":\"Manage Sites\"}"}]}
RESULT: {"script":"<script> [1562 bytes]","args":[{"selector":{"controlType":"sap.m.GenericTile","properties":{"header":"Manage Sites"}},"wdio_ui5_key":"sapm.GenericTile{\"header\":\"Manage Sites\"}"}]}
RESULT: undefined
COMMAND: POST /session/c7daff82216e94743244cb75cbdaffce/element - {"using":"xpath","value":"//*[@id=\"__tile40\"]"}
RESULT: {"using":"xpath","value":"//*[@id=\"__tile40\"]"}
COMMAND: POST /session/c7daff82216e94743244cb75cbdaffce/element/f.3F599814B724AE709646F1EA6658CE76.d.080A20E6E847F469EF6DB971F4058C2C.e.137/click - {}
RESULT: {}
COMMAND: GET /session/c7daff82216e94743244cb75cbdaffce/screenshot - {}
RESULT: {}
COMMAND: POST /session/c7daff82216e94743244cb75cbdaffce/elements - {"using":"xpath","value":"//span[text()='Error']"}
RESULT: {"using":"xpath","value":"//span[text()='Error']"}
COMMAND: POST /session/c7daff82216e94743244cb75cbdaffce/element - {"using":"xpath","value":"//button[@data-kt=\"addOverflowToolbarButton\"]"}
RESULT: {"using":"xpath","value":"//button[@data-kt=\"addOverflowToolbarButton\"]"}
COMMAND: POST /session/c7daff82216e94743244cb75cbdaffce/elements - {"using":"xpath","value":"//button[@data-kt=\"addOverflowToolbarButton\"]"}
RESULT: {"using":"xpath","value":"//button[@data-kt=\"addOverflowToolbarButton\"]"}
COMMAND: POST /session/c7daff82216e94743244cb75cbdaffce/execute/sync - {"script":"<script> [8489 bytes]","args":[{"element-6066-11e4-a52e-4f735466cecf":"f.3F599814B724AE709646F1EA6658CE76.d.080A20E6E847F469EF6DB971F4058C2C.e.2486","ELEMENT":"f.3F599814B724AE709646F1EA6658CE76.d.080A20E6E847F469EF6DB971F4058C2C.e.2486"}]}
RESULT: {"script":"<script> [8489 bytes]","args":[{"element-6066-11e4-a52e-4f735466cecf":"f.3F599814B724AE709646F1EA6658CE76.d.080A20E6E847F469EF6DB971F4058C2C.e.2486","ELEMENT":"f.3F599814B724AE709646F1EA6658CE76.d.080A20E6E847F469EF6DB971F4058C2C.e.2486"}]}
COMMAND: GET /session/c7daff82216e94743244cb75cbdaffce/element/f.3F599814B724AE709646F1EA6658CE76.d.080A20E6E847F469EF6DB971F4058C2C.e.2486/enabled - {}
COMMAND: GET /session/c7daff82216e94743244cb75cbdaffce/screenshot - {}
RESULT: {}
COMMAND: POST /session/c7daff82216e94743244cb75cbdaffce/execute/sync - {"script":"<script> [8489 bytes]","args":[{"element-6066-11e4-a52e-4f735466cecf":"f.3F599814B724AE709646F1EA6658CE76.d.080A20E6E847F469EF6DB971F4058C2C.e.2486","ELEMENT":"f.3F599814B724AE709646F1EA6658CE76.d.080A20E6E847F469EF6DB971F4058C2C.e.2486"}]}
COMMAND: GET /session/c7daff82216e94743244cb75cbdaffce/screenshot - {}
RESULT: {}
RESULT: {"script":"<script> [8489 bytes]","args":[{"element-6066-11e4-a52e-4f735466cecf":"f.3F599814B724AE709646F1EA6658CE76.d.080A20E6E847F469EF6DB971F4058C2C.e.2486","ELEMENT":"f.3F599814B724AE709646F1EA6658CE76.d.080A20E6E847F469EF6DB971F4058C2C.e.2486"}]}
COMMAND: POST /session/c7daff82216e94743244cb75cbdaffce/execute/sync - {"script":"<script> [5351 bytes]","args":[{"element-6066-11e4-a52e-4f735466cecf":"f.3F599814B724AE709646F1EA6658CE76.d.080A20E6E847F469EF6DB971F4058C2C.e.2486","ELEMENT":"f.3F599814B724AE709646F1EA6658CE76.d.080A20E6E847F469EF6DB971F4058C2C.e.2486"}]}
COMMAND: GET /session/c7daff82216e94743244cb75cbdaffce/screenshot - {}
RESULT: {}
RESULT: {"script":"<script> [5351 bytes]","args":[{"element-6066-11e4-a52e-4f735466cecf":"f.3F599814B724AE709646F1EA6658CE76.d.080A20E6E847F469EF6DB971F4058C2C.e.2486","ELEMENT":"f.3F599814B724AE709646F1EA6658CE76.d.080A20E6E847F469EF6DB971F4058C2C.e.2486"}]}
COMMAND: GET /session/c7daff82216e94743244cb75cbdaffce/screenshot - {}
RESULT: {}
RESULT: {}
COMMAND: POST /session/c7daff82216e94743244cb75cbdaffce/element/f.3F599814B724AE709646F1EA6658CE76.d.080A20E6E847F469EF6DB971F4058C2C.e.2486/click - {}
RESULT: {}
COMMAND: GET /session/c7daff82216e94743244cb75cbdaffce/screenshot - {}
COMMAND: POST /session/c7daff82216e94743244cb75cbdaffce/execute/async - {"script":"<script> [1562 bytes]","args":[{"selector":{"controlType":"sap.m.Button","viewName":"etm.portal.ui.managesites.view.NewSmartSite","viewId":"application-managesites-display-component---NewSite","properties":{"text":"Contacts (Users)"},"interaction":{"idSuffix":"BDI-content"}},"wdio_ui5_key":"etmportal.ui.managesites.view.NewSmartSitesap.m.Button{\"text\":\"Contacts (Users)\"}"}]}
RESULT: {}
RESULT: {"script":"<script> [1562 bytes]","args":[{"selector":{"controlType":"sap.m.Button","viewName":"etm.portal.ui.managesites.view.NewSmartSite","viewId":"application-managesites-display-component---NewSite","properties":{"text":"Contacts (Users)"},"interaction":{"idSuffix":"BDI-content"}},"wdio_ui5_key":"etmportal.ui.managesites.view.NewSmartSitesap.m.Button{\"text\":\"Contacts (Users)\"}"}]}
RESULT: undefined
COMMAND: POST /session/c7daff82216e94743244cb75cbdaffce/element - {"using":"xpath","value":"//*[@id=\"application-managesites-display-component---NewSite--ObjectPageLayout-anchBar-__section50-anchor\"]"}
RESULT: {"using":"xpath","value":"//*[@id=\"application-managesites-display-component---NewSite--ObjectPageLayout-anchBar-__section50-anchor\"]"}
COMMAND: POST /session/c7daff82216e94743244cb75cbdaffce/element/f.3F599814B724AE709646F1EA6658CE76.d.080A20E6E847F469EF6DB971F4058C2C.e.2883/click - {}
RESULT: {}
COMMAND: GET /session/c7daff82216e94743244cb75cbdaffce/screenshot - {}
RESULT: {}
COMMAND: POST /session/c7daff82216e94743244cb75cbdaffce/element - {"using":"xpath","value":"//button[@data-kt=\"onAddUserOverflowToolbarButton\"]"}
RESULT: {"using":"xpath","value":"//button[@data-kt=\"onAddUserOverflowToolbarButton\"]"}
COMMAND: POST /session/c7daff82216e94743244cb75cbdaffce/element/f.3F599814B724AE709646F1EA6658CE76.d.080A20E6E847F469EF6DB971F4058C2C.e.2890/click - {}
RESULT: {}
COMMAND: GET /session/c7daff82216e94743244cb75cbdaffce/screenshot - {}
RESULT: {}
COMMAND: POST /session/c7daff82216e94743244cb75cbdaffce/execute/async - {"script":"<script> [1562 bytes]","args":[{"selector":{"controlType":"sap.m.SearchField","viewName":"etm.portal.ui.managesites.view.NewSmartSite","viewId":"application-managesites-display-component---NewSite","searchOpenDialogs":true,"interaction":{"idSuffix":"I"}},"wdio_ui5_key":"etmportal.ui.managesites.view.NewSmartSitesap.m.SearchField"}]}
RESULT: {"script":"<script> [1562 bytes]","args":[{"selector":{"controlType":"sap.m.SearchField","viewName":"etm.portal.ui.managesites.view.NewSmartSite","viewId":"application-managesites-display-component---NewSite","searchOpenDialogs":true,"interaction":{"idSuffix":"I"}},"wdio_ui5_key":"etmportal.ui.managesites.view.NewSmartSitesap.m.SearchField"}]}
RESULT: undefined
COMMAND: POST /session/c7daff82216e94743244cb75cbdaffce/execute/async - {"script":"<script> [776 bytes]","args":[{"enterText":"Test1ETM","selector":{"controlType":"sap.m.SearchField","viewName":"etm.portal.ui.managesites.view.NewSmartSite","viewId":"application-managesites-display-component---NewSite","searchOpenDialogs":true,"interaction":{"idSuffix":"I"}},"clearTextFirst":true,"interactionType":"ENTER_TEXT"}]}
RESULT: {"script":"<script> [776 bytes]","args":[{"enterText":"Test1ETM","selector":{"controlType":"sap.m.SearchField","viewName":"etm.portal.ui.managesites.view.NewSmartSite","viewId":"application-managesites-display-component---NewSite","searchOpenDialogs":true,"interaction":{"idSuffix":"I"}},"clearTextFirst":true,"interactionType":"ENTER_TEXT"}]}
COMMAND: POST /session/c7daff82216e94743244cb75cbdaffce/actions - {"actions":[{"id":"action12","type":"key","parameters":{},"actions":[{"type":"keyDown","value":""},{"type":"pause","duration":10},{"type":"keyUp","value":""}]}]}
RESULT: {"actions":[{"id":"action12","type":"key","parameters":{},"actions":[{"type":"keyDown","value":""},{"type":"pause","duration":10},{"type":"keyUp","value":""}]}]}
COMMAND: GET /session/c7daff82216e94743244cb75cbdaffce/screenshot - {}
RESULT: {}
COMMAND: POST /session/c7daff82216e94743244cb75cbdaffce/element - {"using":"xpath","value":"//li[.//*[contains(text(), \"Test1ETM\")] or contains(text(), \"Test1ETM\")]"}
RESULT: {"using":"xpath","value":"//li[.//*[contains(text(), \"Test1ETM\")] or contains(text(), \"Test1ETM\")]"}
COMMAND: POST /session/c7daff82216e94743244cb75cbdaffce/elements - {"using":"xpath","value":"//li[.//*[contains(text(), \"Test1ETM\")] or contains(text(), \"Test1ETM\")]"}
RESULT: {"using":"xpath","value":"//li[.//*[contains(text(), \"Test1ETM\")] or contains(text(), \"Test1ETM\")]"}
COMMAND: POST /session/c7daff82216e94743244cb75cbdaffce/element - {"using":"xpath","value":"//button[.//bdi[contains(text(), \"Cancel\")]][1]"}
RESULT: {"using":"xpath","value":"//button[.//bdi[contains(text(), \"Cancel\")]][1]"}
COMMAND: POST /session/c7daff82216e94743244cb75cbdaffce/element/f.3F599814B724AE709646F1EA6658CE76.d.080A20E6E847F469EF6DB971F4058C2C.e.2896/click - {}
RESULT: {}
COMMAND: GET /session/c7daff82216e94743244cb75cbdaffce/screenshot - {}
RESULT: {}
COMMAND: POST /session/c7daff82216e94743244cb75cbdaffce/element - {"using":"css selector","value":"#shell-header-logo"}
RESULT: {"using":"css selector","value":"#shell-header-logo"}
COMMAND: POST /session/c7daff82216e94743244cb75cbdaffce/element/f.3F599814B724AE709646F1EA6658CE76.d.080A20E6E847F469EF6DB971F4058C2C.e.2439/click - {}
RESULT: {}
COMMAND: GET /session/c7daff82216e94743244cb75cbdaffce/screenshot - {}
RESULT: {}
]]></system-out>
    </testcase>
    <testcase classname="chrome.136_0_7103_93.windows.Address_Management_Tests_US156181_US151165_US151160_US156180_US156178_US151157_US151172_US151170_US151166_US151168" name="Step 7 Should try to save empty address US151170 BUGGED FOR NOW" time="106.291">
      <failure/>
      <error message="Expect $(`//span[contains(@class, &quot;sapMMsgBoxText&quot;)]`) to be existing&#xA;&#xA;Expected: &quot;existing&quot;&#xA;Received: &quot;not existing&quot;"/>
      <system-out><![CDATA[
RESULT: undefined
COMMAND: POST /session/c7daff82216e94743244cb75cbdaffce/element - {"using":"xpath","value":"//*[@id=\"__tile33\"]"}
RESULT: {"using":"xpath","value":"//*[@id=\"__tile33\"]"}
COMMAND: POST /session/c7daff82216e94743244cb75cbdaffce/element/f.3F599814B724AE709646F1EA6658CE76.d.080A20E6E847F469EF6DB971F4058C2C.e.196/click - {}
RESULT: {}
COMMAND: GET /session/c7daff82216e94743244cb75cbdaffce/screenshot - {}
COMMAND: POST /session/c7daff82216e94743244cb75cbdaffce/elements - {"using":"xpath","value":"//span[text()='Error']"}
RESULT: {}
RESULT: {"using":"xpath","value":"//span[text()='Error']"}
COMMAND: POST /session/c7daff82216e94743244cb75cbdaffce/element - {"using":"xpath","value":"//button[@data-kt=\"addButton\"]"}
RESULT: {"using":"xpath","value":"//button[@data-kt=\"addButton\"]"}
COMMAND: POST /session/c7daff82216e94743244cb75cbdaffce/elements - {"using":"xpath","value":"//button[@data-kt=\"addButton\"]"}
RESULT: {"using":"xpath","value":"//button[@data-kt=\"addButton\"]"}
COMMAND: POST /session/c7daff82216e94743244cb75cbdaffce/execute/sync - {"script":"<script> [8489 bytes]","args":[{"element-6066-11e4-a52e-4f735466cecf":"f.3F599814B724AE709646F1EA6658CE76.d.080A20E6E847F469EF6DB971F4058C2C.e.2948","ELEMENT":"f.3F599814B724AE709646F1EA6658CE76.d.080A20E6E847F469EF6DB971F4058C2C.e.2948"}]}
RESULT: {"script":"<script> [8489 bytes]","args":[{"element-6066-11e4-a52e-4f735466cecf":"f.3F599814B724AE709646F1EA6658CE76.d.080A20E6E847F469EF6DB971F4058C2C.e.2948","ELEMENT":"f.3F599814B724AE709646F1EA6658CE76.d.080A20E6E847F469EF6DB971F4058C2C.e.2948"}]}
COMMAND: GET /session/c7daff82216e94743244cb75cbdaffce/element/f.3F599814B724AE709646F1EA6658CE76.d.080A20E6E847F469EF6DB971F4058C2C.e.2948/enabled - {}
COMMAND: GET /session/c7daff82216e94743244cb75cbdaffce/screenshot - {}
RESULT: {}
COMMAND: POST /session/c7daff82216e94743244cb75cbdaffce/execute/sync - {"script":"<script> [8489 bytes]","args":[{"element-6066-11e4-a52e-4f735466cecf":"f.3F599814B724AE709646F1EA6658CE76.d.080A20E6E847F469EF6DB971F4058C2C.e.2948","ELEMENT":"f.3F599814B724AE709646F1EA6658CE76.d.080A20E6E847F469EF6DB971F4058C2C.e.2948"}]}
COMMAND: GET /session/c7daff82216e94743244cb75cbdaffce/screenshot - {}
RESULT: {}
RESULT: {"script":"<script> [8489 bytes]","args":[{"element-6066-11e4-a52e-4f735466cecf":"f.3F599814B724AE709646F1EA6658CE76.d.080A20E6E847F469EF6DB971F4058C2C.e.2948","ELEMENT":"f.3F599814B724AE709646F1EA6658CE76.d.080A20E6E847F469EF6DB971F4058C2C.e.2948"}]}
COMMAND: POST /session/c7daff82216e94743244cb75cbdaffce/execute/sync - {"script":"<script> [5351 bytes]","args":[{"element-6066-11e4-a52e-4f735466cecf":"f.3F599814B724AE709646F1EA6658CE76.d.080A20E6E847F469EF6DB971F4058C2C.e.2948","ELEMENT":"f.3F599814B724AE709646F1EA6658CE76.d.080A20E6E847F469EF6DB971F4058C2C.e.2948"}]}
COMMAND: GET /session/c7daff82216e94743244cb75cbdaffce/screenshot - {}
RESULT: {}
RESULT: {"script":"<script> [5351 bytes]","args":[{"element-6066-11e4-a52e-4f735466cecf":"f.3F599814B724AE709646F1EA6658CE76.d.080A20E6E847F469EF6DB971F4058C2C.e.2948","ELEMENT":"f.3F599814B724AE709646F1EA6658CE76.d.080A20E6E847F469EF6DB971F4058C2C.e.2948"}]}
COMMAND: GET /session/c7daff82216e94743244cb75cbdaffce/screenshot - {}
RESULT: {}
RESULT: {}
RESULT: undefined
COMMAND: POST /session/c7daff82216e94743244cb75cbdaffce/execute/async - {"script":"<script> [776 bytes]","args":[{"enterText":"sDgEucUWI4","selector":{"id":"application-addressmanagement-display-component---masterAdm--smartFilterBar-btnBasicSearch","interaction":{"idSuffix":"I"}},"clearTextFirst":true,"interactionType":"ENTER_TEXT"}]}
RESULT: {"script":"<script> [776 bytes]","args":[{"enterText":"sDgEucUWI4","selector":{"id":"application-addressmanagement-display-component---masterAdm--smartFilterBar-btnBasicSearch","interaction":{"idSuffix":"I"}},"clearTextFirst":true,"interactionType":"ENTER_TEXT"}]}
COMMAND: POST /session/c7daff82216e94743244cb75cbdaffce/actions - {"actions":[{"id":"action13","type":"key","parameters":{},"actions":[{"type":"keyDown","value":""},{"type":"pause","duration":10},{"type":"keyUp","value":""}]}]}
RESULT: {"actions":[{"id":"action13","type":"key","parameters":{},"actions":[{"type":"keyDown","value":""},{"type":"pause","duration":10},{"type":"keyUp","value":""}]}]}
COMMAND: GET /session/c7daff82216e94743244cb75cbdaffce/screenshot - {}
RESULT: {}
COMMAND: POST /session/c7daff82216e94743244cb75cbdaffce/elements - {"using":"xpath","value":"//table[contains(@id, \"customPersonsAddressesTable-listUl\")]/tbody/tr"}
RESULT: {"using":"xpath","value":"//table[contains(@id, \"customPersonsAddressesTable-listUl\")]/tbody/tr"}
COMMAND: POST /session/c7daff82216e94743244cb75cbdaffce/element - {"using":"xpath","value":"//table[contains(@id, \"customPersonsAddressesTable-listUl\")]/tbody/tr[1]/td[5]/span/span"}
RESULT: {"using":"xpath","value":"//table[contains(@id, \"customPersonsAddressesTable-listUl\")]/tbody/tr[1]/td[5]/span/span"}
COMMAND: POST /session/c7daff82216e94743244cb75cbdaffce/element - {"using":"xpath","value":"//table[contains(@id, \"customPersonsAddressesTable-listUl\")]/tbody/tr[1]/td[3]/span"}
RESULT: {"using":"xpath","value":"//table[contains(@id, \"customPersonsAddressesTable-listUl\")]/tbody/tr[1]/td[3]/span"}
COMMAND: POST /session/c7daff82216e94743244cb75cbdaffce/elements - {"using":"xpath","value":"//table[contains(@id, \"customPersonsAddressesTable-listUl\")]/tbody/tr[1]/td[5]/span/span"}
RESULT: {"using":"xpath","value":"//table[contains(@id, \"customPersonsAddressesTable-listUl\")]/tbody/tr[1]/td[5]/span/span"}
COMMAND: POST /session/c7daff82216e94743244cb75cbdaffce/execute/sync - {"script":"<script> [56 bytes]","args":[{"element-6066-11e4-a52e-4f735466cecf":"f.3F599814B724AE709646F1EA6658CE76.d.080A20E6E847F469EF6DB971F4058C2C.e.3090","ELEMENT":"f.3F599814B724AE709646F1EA6658CE76.d.080A20E6E847F469EF6DB971F4058C2C.e.3090"}]}
RESULT: {"script":"<script> [56 bytes]","args":[{"element-6066-11e4-a52e-4f735466cecf":"f.3F599814B724AE709646F1EA6658CE76.d.080A20E6E847F469EF6DB971F4058C2C.e.3090","ELEMENT":"f.3F599814B724AE709646F1EA6658CE76.d.080A20E6E847F469EF6DB971F4058C2C.e.3090"}]}
COMMAND: POST /session/c7daff82216e94743244cb75cbdaffce/element - {"using":"xpath","value":"(//span[contains(@id, \"imgNav\")])[1]"}
COMMAND: GET /session/c7daff82216e94743244cb75cbdaffce/screenshot - {}
RESULT: {"using":"xpath","value":"(//span[contains(@id, \"imgNav\")])[1]"}
COMMAND: POST /session/c7daff82216e94743244cb75cbdaffce/element/f.3F599814B724AE709646F1EA6658CE76.d.080A20E6E847F469EF6DB971F4058C2C.e.3088/click - {}
RESULT: {}
RESULT: {}
COMMAND: GET /session/c7daff82216e94743244cb75cbdaffce/screenshot - {}
RESULT: {}
COMMAND: POST /session/c7daff82216e94743244cb75cbdaffce/element - {"using":"xpath","value":"//bdi[contains(text(), \"Edit\")]"}
RESULT: {"using":"xpath","value":"//bdi[contains(text(), \"Edit\")]"}
COMMAND: POST /session/c7daff82216e94743244cb75cbdaffce/element/f.3F599814B724AE709646F1EA6658CE76.d.080A20E6E847F469EF6DB971F4058C2C.e.3230/click - {}
RESULT: {}
COMMAND: GET /session/c7daff82216e94743244cb75cbdaffce/screenshot - {}
RESULT: {}
COMMAND: POST /session/c7daff82216e94743244cb75cbdaffce/execute/async - {"script":"<script> [1562 bytes]","args":[{"selector":{"controlType":"sap.m.Input","viewName":"etm.portal.ui.addressmanagement.view.EditDetail","labelFor":{"text":"Name"},"interaction":{"idSuffix":"inner"}},"wdio_ui5_key":"etmportal.ui.addressmanagement.view.EditDetailsap.m.Input{\"text\":\"Name\"}"}]}
RESULT: {"script":"<script> [1562 bytes]","args":[{"selector":{"controlType":"sap.m.Input","viewName":"etm.portal.ui.addressmanagement.view.EditDetail","labelFor":{"text":"Name"},"interaction":{"idSuffix":"inner"}},"wdio_ui5_key":"etmportal.ui.addressmanagement.view.EditDetailsap.m.Input{\"text\":\"Name\"}"}]}
RESULT: undefined
COMMAND: POST /session/c7daff82216e94743244cb75cbdaffce/element - {"using":"css selector","value":"#shell-header-logo"}
RESULT: {"using":"css selector","value":"#shell-header-logo"}
COMMAND: POST /session/c7daff82216e94743244cb75cbdaffce/element/f.3F599814B724AE709646F1EA6658CE76.d.080A20E6E847F469EF6DB971F4058C2C.e.2901/click - {}
RESULT: {}
COMMAND: GET /session/c7daff82216e94743244cb75cbdaffce/screenshot - {}
RESULT: {}
COMMAND: POST /session/c7daff82216e94743244cb75cbdaffce/element - {"using":"xpath","value":"//span[contains(@class, \"sapMMsgBoxText\")]"}
RESULT: {"using":"xpath","value":"//span[contains(@class, \"sapMMsgBoxText\")]"}
COMMAND: POST /session/c7daff82216e94743244cb75cbdaffce/elements - {"using":"xpath","value":"//span[contains(@class, \"sapMMsgBoxText\")]"}
RESULT: {"using":"xpath","value":"//span[contains(@class, \"sapMMsgBoxText\")]"}
COMMAND: POST /session/c7daff82216e94743244cb75cbdaffce/elements - {"using":"xpath","value":"//span[contains(@class, \"sapMMsgBoxText\")]"}
RESULT: {"using":"xpath","value":"//span[contains(@class, \"sapMMsgBoxText\")]"}
COMMAND: POST /session/c7daff82216e94743244cb75cbdaffce/elements - {"using":"xpath","value":"//span[contains(@class, \"sapMMsgBoxText\")]"}
RESULT: {"using":"xpath","value":"//span[contains(@class, \"sapMMsgBoxText\")]"}
COMMAND: POST /session/c7daff82216e94743244cb75cbdaffce/elements - {"using":"xpath","value":"//span[contains(@class, \"sapMMsgBoxText\")]"}
RESULT: {"using":"xpath","value":"//span[contains(@class, \"sapMMsgBoxText\")]"}
COMMAND: POST /session/c7daff82216e94743244cb75cbdaffce/elements - {"using":"xpath","value":"//span[contains(@class, \"sapMMsgBoxText\")]"}
RESULT: {"using":"xpath","value":"//span[contains(@class, \"sapMMsgBoxText\")]"}
COMMAND: POST /session/c7daff82216e94743244cb75cbdaffce/elements - {"using":"xpath","value":"//span[contains(@class, \"sapMMsgBoxText\")]"}
RESULT: {"using":"xpath","value":"//span[contains(@class, \"sapMMsgBoxText\")]"}
COMMAND: POST /session/c7daff82216e94743244cb75cbdaffce/elements - {"using":"xpath","value":"//span[contains(@class, \"sapMMsgBoxText\")]"}
RESULT: {"using":"xpath","value":"//span[contains(@class, \"sapMMsgBoxText\")]"}
COMMAND: POST /session/c7daff82216e94743244cb75cbdaffce/elements - {"using":"xpath","value":"//span[contains(@class, \"sapMMsgBoxText\")]"}
RESULT: {"using":"xpath","value":"//span[contains(@class, \"sapMMsgBoxText\")]"}
COMMAND: POST /session/c7daff82216e94743244cb75cbdaffce/elements - {"using":"xpath","value":"//span[contains(@class, \"sapMMsgBoxText\")]"}
RESULT: {"using":"xpath","value":"//span[contains(@class, \"sapMMsgBoxText\")]"}
COMMAND: POST /session/c7daff82216e94743244cb75cbdaffce/elements - {"using":"xpath","value":"//span[contains(@class, \"sapMMsgBoxText\")]"}
RESULT: {"using":"xpath","value":"//span[contains(@class, \"sapMMsgBoxText\")]"}
COMMAND: POST /session/c7daff82216e94743244cb75cbdaffce/elements - {"using":"xpath","value":"//span[contains(@class, \"sapMMsgBoxText\")]"}
RESULT: {"using":"xpath","value":"//span[contains(@class, \"sapMMsgBoxText\")]"}
COMMAND: POST /session/c7daff82216e94743244cb75cbdaffce/elements - {"using":"xpath","value":"//span[contains(@class, \"sapMMsgBoxText\")]"}
RESULT: {"using":"xpath","value":"//span[contains(@class, \"sapMMsgBoxText\")]"}
COMMAND: POST /session/c7daff82216e94743244cb75cbdaffce/elements - {"using":"xpath","value":"//span[contains(@class, \"sapMMsgBoxText\")]"}
RESULT: {"using":"xpath","value":"//span[contains(@class, \"sapMMsgBoxText\")]"}
COMMAND: POST /session/c7daff82216e94743244cb75cbdaffce/elements - {"using":"xpath","value":"//span[contains(@class, \"sapMMsgBoxText\")]"}
RESULT: {"using":"xpath","value":"//span[contains(@class, \"sapMMsgBoxText\")]"}
COMMAND: POST /session/c7daff82216e94743244cb75cbdaffce/elements - {"using":"xpath","value":"//span[contains(@class, \"sapMMsgBoxText\")]"}
RESULT: {"using":"xpath","value":"//span[contains(@class, \"sapMMsgBoxText\")]"}
COMMAND: POST /session/c7daff82216e94743244cb75cbdaffce/elements - {"using":"xpath","value":"//span[contains(@class, \"sapMMsgBoxText\")]"}
RESULT: {"using":"xpath","value":"//span[contains(@class, \"sapMMsgBoxText\")]"}
COMMAND: POST /session/c7daff82216e94743244cb75cbdaffce/elements - {"using":"xpath","value":"//span[contains(@class, \"sapMMsgBoxText\")]"}
RESULT: {"using":"xpath","value":"//span[contains(@class, \"sapMMsgBoxText\")]"}
COMMAND: POST /session/c7daff82216e94743244cb75cbdaffce/elements - {"using":"xpath","value":"//span[contains(@class, \"sapMMsgBoxText\")]"}
RESULT: {"using":"xpath","value":"//span[contains(@class, \"sapMMsgBoxText\")]"}
COMMAND: POST /session/c7daff82216e94743244cb75cbdaffce/elements - {"using":"xpath","value":"//span[contains(@class, \"sapMMsgBoxText\")]"}
RESULT: {"using":"xpath","value":"//span[contains(@class, \"sapMMsgBoxText\")]"}
COMMAND: POST /session/c7daff82216e94743244cb75cbdaffce/elements - {"using":"xpath","value":"//span[contains(@class, \"sapMMsgBoxText\")]"}
RESULT: {"using":"xpath","value":"//span[contains(@class, \"sapMMsgBoxText\")]"}
COMMAND: POST /session/c7daff82216e94743244cb75cbdaffce/elements - {"using":"xpath","value":"//span[contains(@class, \"sapMMsgBoxText\")]"}
RESULT: {"using":"xpath","value":"//span[contains(@class, \"sapMMsgBoxText\")]"}
COMMAND: POST /session/c7daff82216e94743244cb75cbdaffce/elements - {"using":"xpath","value":"//span[contains(@class, \"sapMMsgBoxText\")]"}
RESULT: {"using":"xpath","value":"//span[contains(@class, \"sapMMsgBoxText\")]"}
COMMAND: POST /session/c7daff82216e94743244cb75cbdaffce/elements - {"using":"xpath","value":"//span[contains(@class, \"sapMMsgBoxText\")]"}
RESULT: {"using":"xpath","value":"//span[contains(@class, \"sapMMsgBoxText\")]"}
COMMAND: POST /session/c7daff82216e94743244cb75cbdaffce/elements - {"using":"xpath","value":"//span[contains(@class, \"sapMMsgBoxText\")]"}
RESULT: {"using":"xpath","value":"//span[contains(@class, \"sapMMsgBoxText\")]"}
COMMAND: POST /session/c7daff82216e94743244cb75cbdaffce/elements - {"using":"xpath","value":"//span[contains(@class, \"sapMMsgBoxText\")]"}
RESULT: {"using":"xpath","value":"//span[contains(@class, \"sapMMsgBoxText\")]"}
COMMAND: POST /session/c7daff82216e94743244cb75cbdaffce/elements - {"using":"xpath","value":"//span[contains(@class, \"sapMMsgBoxText\")]"}
RESULT: {"using":"xpath","value":"//span[contains(@class, \"sapMMsgBoxText\")]"}
COMMAND: POST /session/c7daff82216e94743244cb75cbdaffce/elements - {"using":"xpath","value":"//span[contains(@class, \"sapMMsgBoxText\")]"}
RESULT: {"using":"xpath","value":"//span[contains(@class, \"sapMMsgBoxText\")]"}
COMMAND: POST /session/c7daff82216e94743244cb75cbdaffce/elements - {"using":"xpath","value":"//span[contains(@class, \"sapMMsgBoxText\")]"}
RESULT: {"using":"xpath","value":"//span[contains(@class, \"sapMMsgBoxText\")]"}
COMMAND: POST /session/c7daff82216e94743244cb75cbdaffce/elements - {"using":"xpath","value":"//span[contains(@class, \"sapMMsgBoxText\")]"}
RESULT: {"using":"xpath","value":"//span[contains(@class, \"sapMMsgBoxText\")]"}
COMMAND: POST /session/c7daff82216e94743244cb75cbdaffce/elements - {"using":"xpath","value":"//span[contains(@class, \"sapMMsgBoxText\")]"}
RESULT: {"using":"xpath","value":"//span[contains(@class, \"sapMMsgBoxText\")]"}
COMMAND: POST /session/c7daff82216e94743244cb75cbdaffce/elements - {"using":"xpath","value":"//span[contains(@class, \"sapMMsgBoxText\")]"}
RESULT: {"using":"xpath","value":"//span[contains(@class, \"sapMMsgBoxText\")]"}
COMMAND: POST /session/c7daff82216e94743244cb75cbdaffce/elements - {"using":"xpath","value":"//span[contains(@class, \"sapMMsgBoxText\")]"}
RESULT: {"using":"xpath","value":"//span[contains(@class, \"sapMMsgBoxText\")]"}
COMMAND: POST /session/c7daff82216e94743244cb75cbdaffce/elements - {"using":"xpath","value":"//span[contains(@class, \"sapMMsgBoxText\")]"}
RESULT: {"using":"xpath","value":"//span[contains(@class, \"sapMMsgBoxText\")]"}
COMMAND: POST /session/c7daff82216e94743244cb75cbdaffce/elements - {"using":"xpath","value":"//span[contains(@class, \"sapMMsgBoxText\")]"}
RESULT: {"using":"xpath","value":"//span[contains(@class, \"sapMMsgBoxText\")]"}
COMMAND: POST /session/c7daff82216e94743244cb75cbdaffce/elements - {"using":"xpath","value":"//span[contains(@class, \"sapMMsgBoxText\")]"}
RESULT: {"using":"xpath","value":"//span[contains(@class, \"sapMMsgBoxText\")]"}
COMMAND: POST /session/c7daff82216e94743244cb75cbdaffce/elements - {"using":"xpath","value":"//span[contains(@class, \"sapMMsgBoxText\")]"}
RESULT: {"using":"xpath","value":"//span[contains(@class, \"sapMMsgBoxText\")]"}
COMMAND: POST /session/c7daff82216e94743244cb75cbdaffce/elements - {"using":"xpath","value":"//span[contains(@class, \"sapMMsgBoxText\")]"}
RESULT: {"using":"xpath","value":"//span[contains(@class, \"sapMMsgBoxText\")]"}
COMMAND: POST /session/c7daff82216e94743244cb75cbdaffce/elements - {"using":"xpath","value":"//span[contains(@class, \"sapMMsgBoxText\")]"}
RESULT: {"using":"xpath","value":"//span[contains(@class, \"sapMMsgBoxText\")]"}
COMMAND: POST /session/c7daff82216e94743244cb75cbdaffce/elements - {"using":"xpath","value":"//span[contains(@class, \"sapMMsgBoxText\")]"}
RESULT: {"using":"xpath","value":"//span[contains(@class, \"sapMMsgBoxText\")]"}
COMMAND: POST /session/c7daff82216e94743244cb75cbdaffce/elements - {"using":"xpath","value":"//span[contains(@class, \"sapMMsgBoxText\")]"}
RESULT: {"using":"xpath","value":"//span[contains(@class, \"sapMMsgBoxText\")]"}
COMMAND: POST /session/c7daff82216e94743244cb75cbdaffce/elements - {"using":"xpath","value":"//span[contains(@class, \"sapMMsgBoxText\")]"}
RESULT: {"using":"xpath","value":"//span[contains(@class, \"sapMMsgBoxText\")]"}
COMMAND: POST /session/c7daff82216e94743244cb75cbdaffce/elements - {"using":"xpath","value":"//span[contains(@class, \"sapMMsgBoxText\")]"}
RESULT: {"using":"xpath","value":"//span[contains(@class, \"sapMMsgBoxText\")]"}
COMMAND: POST /session/c7daff82216e94743244cb75cbdaffce/elements - {"using":"xpath","value":"//span[contains(@class, \"sapMMsgBoxText\")]"}
RESULT: {"using":"xpath","value":"//span[contains(@class, \"sapMMsgBoxText\")]"}
COMMAND: POST /session/c7daff82216e94743244cb75cbdaffce/elements - {"using":"xpath","value":"//span[contains(@class, \"sapMMsgBoxText\")]"}
RESULT: {"using":"xpath","value":"//span[contains(@class, \"sapMMsgBoxText\")]"}
COMMAND: POST /session/c7daff82216e94743244cb75cbdaffce/elements - {"using":"xpath","value":"//span[contains(@class, \"sapMMsgBoxText\")]"}
RESULT: {"using":"xpath","value":"//span[contains(@class, \"sapMMsgBoxText\")]"}
COMMAND: POST /session/c7daff82216e94743244cb75cbdaffce/elements - {"using":"xpath","value":"//span[contains(@class, \"sapMMsgBoxText\")]"}
RESULT: {"using":"xpath","value":"//span[contains(@class, \"sapMMsgBoxText\")]"}
COMMAND: POST /session/c7daff82216e94743244cb75cbdaffce/elements - {"using":"xpath","value":"//span[contains(@class, \"sapMMsgBoxText\")]"}
RESULT: {"using":"xpath","value":"//span[contains(@class, \"sapMMsgBoxText\")]"}
COMMAND: POST /session/c7daff82216e94743244cb75cbdaffce/elements - {"using":"xpath","value":"//span[contains(@class, \"sapMMsgBoxText\")]"}
RESULT: {"using":"xpath","value":"//span[contains(@class, \"sapMMsgBoxText\")]"}
COMMAND: POST /session/c7daff82216e94743244cb75cbdaffce/elements - {"using":"xpath","value":"//span[contains(@class, \"sapMMsgBoxText\")]"}
RESULT: {"using":"xpath","value":"//span[contains(@class, \"sapMMsgBoxText\")]"}
COMMAND: POST /session/c7daff82216e94743244cb75cbdaffce/elements - {"using":"xpath","value":"//span[contains(@class, \"sapMMsgBoxText\")]"}
RESULT: {"using":"xpath","value":"//span[contains(@class, \"sapMMsgBoxText\")]"}
COMMAND: POST /session/c7daff82216e94743244cb75cbdaffce/elements - {"using":"xpath","value":"//span[contains(@class, \"sapMMsgBoxText\")]"}
RESULT: {"using":"xpath","value":"//span[contains(@class, \"sapMMsgBoxText\")]"}
COMMAND: POST /session/c7daff82216e94743244cb75cbdaffce/elements - {"using":"xpath","value":"//span[contains(@class, \"sapMMsgBoxText\")]"}
RESULT: {"using":"xpath","value":"//span[contains(@class, \"sapMMsgBoxText\")]"}
COMMAND: POST /session/c7daff82216e94743244cb75cbdaffce/elements - {"using":"xpath","value":"//span[contains(@class, \"sapMMsgBoxText\")]"}
RESULT: {"using":"xpath","value":"//span[contains(@class, \"sapMMsgBoxText\")]"}
COMMAND: POST /session/c7daff82216e94743244cb75cbdaffce/elements - {"using":"xpath","value":"//span[contains(@class, \"sapMMsgBoxText\")]"}
RESULT: {"using":"xpath","value":"//span[contains(@class, \"sapMMsgBoxText\")]"}
COMMAND: POST /session/c7daff82216e94743244cb75cbdaffce/elements - {"using":"xpath","value":"//span[contains(@class, \"sapMMsgBoxText\")]"}
RESULT: {"using":"xpath","value":"//span[contains(@class, \"sapMMsgBoxText\")]"}
COMMAND: POST /session/c7daff82216e94743244cb75cbdaffce/elements - {"using":"xpath","value":"//span[contains(@class, \"sapMMsgBoxText\")]"}
RESULT: {"using":"xpath","value":"//span[contains(@class, \"sapMMsgBoxText\")]"}
COMMAND: POST /session/c7daff82216e94743244cb75cbdaffce/elements - {"using":"xpath","value":"//span[contains(@class, \"sapMMsgBoxText\")]"}
RESULT: {"using":"xpath","value":"//span[contains(@class, \"sapMMsgBoxText\")]"}
COMMAND: POST /session/c7daff82216e94743244cb75cbdaffce/elements - {"using":"xpath","value":"//span[contains(@class, \"sapMMsgBoxText\")]"}
RESULT: {"using":"xpath","value":"//span[contains(@class, \"sapMMsgBoxText\")]"}
COMMAND: POST /session/c7daff82216e94743244cb75cbdaffce/elements - {"using":"xpath","value":"//span[contains(@class, \"sapMMsgBoxText\")]"}
RESULT: {"using":"xpath","value":"//span[contains(@class, \"sapMMsgBoxText\")]"}
COMMAND: POST /session/c7daff82216e94743244cb75cbdaffce/elements - {"using":"xpath","value":"//span[contains(@class, \"sapMMsgBoxText\")]"}
RESULT: {"using":"xpath","value":"//span[contains(@class, \"sapMMsgBoxText\")]"}
COMMAND: POST /session/c7daff82216e94743244cb75cbdaffce/elements - {"using":"xpath","value":"//span[contains(@class, \"sapMMsgBoxText\")]"}
RESULT: {"using":"xpath","value":"//span[contains(@class, \"sapMMsgBoxText\")]"}
COMMAND: POST /session/c7daff82216e94743244cb75cbdaffce/elements - {"using":"xpath","value":"//span[contains(@class, \"sapMMsgBoxText\")]"}
RESULT: {"using":"xpath","value":"//span[contains(@class, \"sapMMsgBoxText\")]"}
COMMAND: POST /session/c7daff82216e94743244cb75cbdaffce/elements - {"using":"xpath","value":"//span[contains(@class, \"sapMMsgBoxText\")]"}
RESULT: {"using":"xpath","value":"//span[contains(@class, \"sapMMsgBoxText\")]"}
COMMAND: POST /session/c7daff82216e94743244cb75cbdaffce/elements - {"using":"xpath","value":"//span[contains(@class, \"sapMMsgBoxText\")]"}
RESULT: {"using":"xpath","value":"//span[contains(@class, \"sapMMsgBoxText\")]"}
COMMAND: POST /session/c7daff82216e94743244cb75cbdaffce/elements - {"using":"xpath","value":"//span[contains(@class, \"sapMMsgBoxText\")]"}
RESULT: {"using":"xpath","value":"//span[contains(@class, \"sapMMsgBoxText\")]"}
COMMAND: POST /session/c7daff82216e94743244cb75cbdaffce/elements - {"using":"xpath","value":"//span[contains(@class, \"sapMMsgBoxText\")]"}
RESULT: {"using":"xpath","value":"//span[contains(@class, \"sapMMsgBoxText\")]"}
COMMAND: POST /session/c7daff82216e94743244cb75cbdaffce/elements - {"using":"xpath","value":"//span[contains(@class, \"sapMMsgBoxText\")]"}
RESULT: {"using":"xpath","value":"//span[contains(@class, \"sapMMsgBoxText\")]"}
COMMAND: POST /session/c7daff82216e94743244cb75cbdaffce/elements - {"using":"xpath","value":"//span[contains(@class, \"sapMMsgBoxText\")]"}
RESULT: {"using":"xpath","value":"//span[contains(@class, \"sapMMsgBoxText\")]"}
COMMAND: POST /session/c7daff82216e94743244cb75cbdaffce/elements - {"using":"xpath","value":"//span[contains(@class, \"sapMMsgBoxText\")]"}
RESULT: {"using":"xpath","value":"//span[contains(@class, \"sapMMsgBoxText\")]"}
COMMAND: POST /session/c7daff82216e94743244cb75cbdaffce/elements - {"using":"xpath","value":"//span[contains(@class, \"sapMMsgBoxText\")]"}
RESULT: {"using":"xpath","value":"//span[contains(@class, \"sapMMsgBoxText\")]"}
COMMAND: POST /session/c7daff82216e94743244cb75cbdaffce/elements - {"using":"xpath","value":"//span[contains(@class, \"sapMMsgBoxText\")]"}
RESULT: {"using":"xpath","value":"//span[contains(@class, \"sapMMsgBoxText\")]"}
COMMAND: POST /session/c7daff82216e94743244cb75cbdaffce/elements - {"using":"xpath","value":"//span[contains(@class, \"sapMMsgBoxText\")]"}
RESULT: {"using":"xpath","value":"//span[contains(@class, \"sapMMsgBoxText\")]"}
COMMAND: POST /session/c7daff82216e94743244cb75cbdaffce/elements - {"using":"xpath","value":"//span[contains(@class, \"sapMMsgBoxText\")]"}
RESULT: {"using":"xpath","value":"//span[contains(@class, \"sapMMsgBoxText\")]"}
COMMAND: POST /session/c7daff82216e94743244cb75cbdaffce/elements - {"using":"xpath","value":"//span[contains(@class, \"sapMMsgBoxText\")]"}
RESULT: {"using":"xpath","value":"//span[contains(@class, \"sapMMsgBoxText\")]"}
COMMAND: POST /session/c7daff82216e94743244cb75cbdaffce/elements - {"using":"xpath","value":"//span[contains(@class, \"sapMMsgBoxText\")]"}
RESULT: {"using":"xpath","value":"//span[contains(@class, \"sapMMsgBoxText\")]"}
COMMAND: POST /session/c7daff82216e94743244cb75cbdaffce/elements - {"using":"xpath","value":"//span[contains(@class, \"sapMMsgBoxText\")]"}
RESULT: {"using":"xpath","value":"//span[contains(@class, \"sapMMsgBoxText\")]"}
COMMAND: POST /session/c7daff82216e94743244cb75cbdaffce/elements - {"using":"xpath","value":"//span[contains(@class, \"sapMMsgBoxText\")]"}
RESULT: {"using":"xpath","value":"//span[contains(@class, \"sapMMsgBoxText\")]"}
COMMAND: POST /session/c7daff82216e94743244cb75cbdaffce/elements - {"using":"xpath","value":"//span[contains(@class, \"sapMMsgBoxText\")]"}
RESULT: {"using":"xpath","value":"//span[contains(@class, \"sapMMsgBoxText\")]"}
COMMAND: POST /session/c7daff82216e94743244cb75cbdaffce/elements - {"using":"xpath","value":"//span[contains(@class, \"sapMMsgBoxText\")]"}
RESULT: {"using":"xpath","value":"//span[contains(@class, \"sapMMsgBoxText\")]"}
COMMAND: POST /session/c7daff82216e94743244cb75cbdaffce/elements - {"using":"xpath","value":"//span[contains(@class, \"sapMMsgBoxText\")]"}
RESULT: {"using":"xpath","value":"//span[contains(@class, \"sapMMsgBoxText\")]"}
COMMAND: POST /session/c7daff82216e94743244cb75cbdaffce/elements - {"using":"xpath","value":"//span[contains(@class, \"sapMMsgBoxText\")]"}
RESULT: {"using":"xpath","value":"//span[contains(@class, \"sapMMsgBoxText\")]"}
COMMAND: POST /session/c7daff82216e94743244cb75cbdaffce/elements - {"using":"xpath","value":"//span[contains(@class, \"sapMMsgBoxText\")]"}
RESULT: {"using":"xpath","value":"//span[contains(@class, \"sapMMsgBoxText\")]"}
COMMAND: POST /session/c7daff82216e94743244cb75cbdaffce/elements - {"using":"xpath","value":"//span[contains(@class, \"sapMMsgBoxText\")]"}
RESULT: {"using":"xpath","value":"//span[contains(@class, \"sapMMsgBoxText\")]"}
COMMAND: POST /session/c7daff82216e94743244cb75cbdaffce/elements - {"using":"xpath","value":"//span[contains(@class, \"sapMMsgBoxText\")]"}
RESULT: {"using":"xpath","value":"//span[contains(@class, \"sapMMsgBoxText\")]"}
COMMAND: POST /session/c7daff82216e94743244cb75cbdaffce/elements - {"using":"xpath","value":"//span[contains(@class, \"sapMMsgBoxText\")]"}
RESULT: {"using":"xpath","value":"//span[contains(@class, \"sapMMsgBoxText\")]"}
COMMAND: POST /session/c7daff82216e94743244cb75cbdaffce/elements - {"using":"xpath","value":"//span[contains(@class, \"sapMMsgBoxText\")]"}
RESULT: {"using":"xpath","value":"//span[contains(@class, \"sapMMsgBoxText\")]"}
COMMAND: POST /session/c7daff82216e94743244cb75cbdaffce/elements - {"using":"xpath","value":"//span[contains(@class, \"sapMMsgBoxText\")]"}
RESULT: {"using":"xpath","value":"//span[contains(@class, \"sapMMsgBoxText\")]"}
COMMAND: POST /session/c7daff82216e94743244cb75cbdaffce/elements - {"using":"xpath","value":"//span[contains(@class, \"sapMMsgBoxText\")]"}
RESULT: {"using":"xpath","value":"//span[contains(@class, \"sapMMsgBoxText\")]"}
COMMAND: POST /session/c7daff82216e94743244cb75cbdaffce/elements - {"using":"xpath","value":"//span[contains(@class, \"sapMMsgBoxText\")]"}
RESULT: {"using":"xpath","value":"//span[contains(@class, \"sapMMsgBoxText\")]"}
COMMAND: POST /session/c7daff82216e94743244cb75cbdaffce/elements - {"using":"xpath","value":"//span[contains(@class, \"sapMMsgBoxText\")]"}
RESULT: {"using":"xpath","value":"//span[contains(@class, \"sapMMsgBoxText\")]"}
COMMAND: POST /session/c7daff82216e94743244cb75cbdaffce/elements - {"using":"xpath","value":"//span[contains(@class, \"sapMMsgBoxText\")]"}
RESULT: {"using":"xpath","value":"//span[contains(@class, \"sapMMsgBoxText\")]"}
COMMAND: POST /session/c7daff82216e94743244cb75cbdaffce/elements - {"using":"xpath","value":"//span[contains(@class, \"sapMMsgBoxText\")]"}
RESULT: {"using":"xpath","value":"//span[contains(@class, \"sapMMsgBoxText\")]"}
COMMAND: POST /session/c7daff82216e94743244cb75cbdaffce/elements - {"using":"xpath","value":"//span[contains(@class, \"sapMMsgBoxText\")]"}
RESULT: {"using":"xpath","value":"//span[contains(@class, \"sapMMsgBoxText\")]"}
COMMAND: POST /session/c7daff82216e94743244cb75cbdaffce/elements - {"using":"xpath","value":"//span[contains(@class, \"sapMMsgBoxText\")]"}
RESULT: {"using":"xpath","value":"//span[contains(@class, \"sapMMsgBoxText\")]"}
COMMAND: POST /session/c7daff82216e94743244cb75cbdaffce/elements - {"using":"xpath","value":"//span[contains(@class, \"sapMMsgBoxText\")]"}
RESULT: {"using":"xpath","value":"//span[contains(@class, \"sapMMsgBoxText\")]"}
COMMAND: POST /session/c7daff82216e94743244cb75cbdaffce/elements - {"using":"xpath","value":"//span[contains(@class, \"sapMMsgBoxText\")]"}
RESULT: {"using":"xpath","value":"//span[contains(@class, \"sapMMsgBoxText\")]"}
COMMAND: POST /session/c7daff82216e94743244cb75cbdaffce/elements - {"using":"xpath","value":"//span[contains(@class, \"sapMMsgBoxText\")]"}
RESULT: {"using":"xpath","value":"//span[contains(@class, \"sapMMsgBoxText\")]"}
COMMAND: POST /session/c7daff82216e94743244cb75cbdaffce/elements - {"using":"xpath","value":"//span[contains(@class, \"sapMMsgBoxText\")]"}
RESULT: {"using":"xpath","value":"//span[contains(@class, \"sapMMsgBoxText\")]"}
COMMAND: POST /session/c7daff82216e94743244cb75cbdaffce/elements - {"using":"xpath","value":"//span[contains(@class, \"sapMMsgBoxText\")]"}
RESULT: {"using":"xpath","value":"//span[contains(@class, \"sapMMsgBoxText\")]"}
COMMAND: POST /session/c7daff82216e94743244cb75cbdaffce/elements - {"using":"xpath","value":"//span[contains(@class, \"sapMMsgBoxText\")]"}
RESULT: {"using":"xpath","value":"//span[contains(@class, \"sapMMsgBoxText\")]"}
COMMAND: POST /session/c7daff82216e94743244cb75cbdaffce/elements - {"using":"xpath","value":"//span[contains(@class, \"sapMMsgBoxText\")]"}
RESULT: {"using":"xpath","value":"//span[contains(@class, \"sapMMsgBoxText\")]"}
COMMAND: POST /session/c7daff82216e94743244cb75cbdaffce/elements - {"using":"xpath","value":"//span[contains(@class, \"sapMMsgBoxText\")]"}
RESULT: {"using":"xpath","value":"//span[contains(@class, \"sapMMsgBoxText\")]"}
COMMAND: POST /session/c7daff82216e94743244cb75cbdaffce/elements - {"using":"xpath","value":"//span[contains(@class, \"sapMMsgBoxText\")]"}
RESULT: {"using":"xpath","value":"//span[contains(@class, \"sapMMsgBoxText\")]"}
COMMAND: POST /session/c7daff82216e94743244cb75cbdaffce/elements - {"using":"xpath","value":"//span[contains(@class, \"sapMMsgBoxText\")]"}
RESULT: {"using":"xpath","value":"//span[contains(@class, \"sapMMsgBoxText\")]"}
COMMAND: POST /session/c7daff82216e94743244cb75cbdaffce/elements - {"using":"xpath","value":"//span[contains(@class, \"sapMMsgBoxText\")]"}
RESULT: {"using":"xpath","value":"//span[contains(@class, \"sapMMsgBoxText\")]"}
COMMAND: POST /session/c7daff82216e94743244cb75cbdaffce/elements - {"using":"xpath","value":"//span[contains(@class, \"sapMMsgBoxText\")]"}
RESULT: {"using":"xpath","value":"//span[contains(@class, \"sapMMsgBoxText\")]"}
COMMAND: POST /session/c7daff82216e94743244cb75cbdaffce/elements - {"using":"xpath","value":"//span[contains(@class, \"sapMMsgBoxText\")]"}
RESULT: {"using":"xpath","value":"//span[contains(@class, \"sapMMsgBoxText\")]"}
COMMAND: POST /session/c7daff82216e94743244cb75cbdaffce/elements - {"using":"xpath","value":"//span[contains(@class, \"sapMMsgBoxText\")]"}
RESULT: {"using":"xpath","value":"//span[contains(@class, \"sapMMsgBoxText\")]"}
COMMAND: POST /session/c7daff82216e94743244cb75cbdaffce/elements - {"using":"xpath","value":"//span[contains(@class, \"sapMMsgBoxText\")]"}
RESULT: {"using":"xpath","value":"//span[contains(@class, \"sapMMsgBoxText\")]"}
COMMAND: POST /session/c7daff82216e94743244cb75cbdaffce/elements - {"using":"xpath","value":"//span[contains(@class, \"sapMMsgBoxText\")]"}
RESULT: {"using":"xpath","value":"//span[contains(@class, \"sapMMsgBoxText\")]"}
COMMAND: POST /session/c7daff82216e94743244cb75cbdaffce/elements - {"using":"xpath","value":"//span[contains(@class, \"sapMMsgBoxText\")]"}
RESULT: {"using":"xpath","value":"//span[contains(@class, \"sapMMsgBoxText\")]"}
COMMAND: POST /session/c7daff82216e94743244cb75cbdaffce/element - {"using":"css selector","value":"#shell-header-logo"}
RESULT: {"using":"css selector","value":"#shell-header-logo"}
COMMAND: POST /session/c7daff82216e94743244cb75cbdaffce/element/f.3F599814B724AE709646F1EA6658CE76.d.080A20E6E847F469EF6DB971F4058C2C.e.3269/click - {}
RESULT: {}
COMMAND: GET /session/c7daff82216e94743244cb75cbdaffce/screenshot - {}
RESULT: {}
COMMAND: GET /session/c7daff82216e94743244cb75cbdaffce/screenshot - {}
RESULT: {}
]]></system-out>
      <system-err><![CDATA[
Error: Expect $(`//span[contains(@class, "sapMMsgBoxText")]`) to be existing

Expected: "existing"
Received: "not existing"
    at Context.<anonymous> (D:\a\1\s\test\specs\BTS\address-management.spec.js:1014:38)
]]></system-err>
    </testcase>
    <testcase classname="chrome.136_0_7103_93.windows.Address_Management_Tests_US156181_US151165_US151160_US156180_US156178_US151157_US151172_US151170_US151166_US151168" name="Step 8 Should add an attachment to the created address US151166 BUGGED FOR NOW" time="74.545">
      <system-out><![CDATA[
RESULT: undefined
COMMAND: POST /session/c7daff82216e94743244cb75cbdaffce/element - {"using":"xpath","value":"//*[@id=\"__tile33\"]"}
COMMAND: GET /session/c7daff82216e94743244cb75cbdaffce/screenshot - {}
RESULT: {"using":"xpath","value":"//*[@id=\"__tile33\"]"}
COMMAND: POST /session/c7daff82216e94743244cb75cbdaffce/element/f.3F599814B724AE709646F1EA6658CE76.d.080A20E6E847F469EF6DB971F4058C2C.e.196/click - {}
RESULT: {}
RESULT: {}
COMMAND: GET /session/c7daff82216e94743244cb75cbdaffce/screenshot - {}
RESULT: {}
COMMAND: POST /session/c7daff82216e94743244cb75cbdaffce/elements - {"using":"xpath","value":"//span[text()='Error']"}
RESULT: {"using":"xpath","value":"//span[text()='Error']"}
COMMAND: POST /session/c7daff82216e94743244cb75cbdaffce/element - {"using":"xpath","value":"//button[@data-kt=\"addButton\"]"}
RESULT: {"using":"xpath","value":"//button[@data-kt=\"addButton\"]"}
COMMAND: POST /session/c7daff82216e94743244cb75cbdaffce/elements - {"using":"xpath","value":"//button[@data-kt=\"addButton\"]"}
RESULT: {"using":"xpath","value":"//button[@data-kt=\"addButton\"]"}
COMMAND: POST /session/c7daff82216e94743244cb75cbdaffce/execute/sync - {"script":"<script> [8489 bytes]","args":[{"element-6066-11e4-a52e-4f735466cecf":"f.3F599814B724AE709646F1EA6658CE76.d.080A20E6E847F469EF6DB971F4058C2C.e.3314","ELEMENT":"f.3F599814B724AE709646F1EA6658CE76.d.080A20E6E847F469EF6DB971F4058C2C.e.3314"}]}
RESULT: {"script":"<script> [8489 bytes]","args":[{"element-6066-11e4-a52e-4f735466cecf":"f.3F599814B724AE709646F1EA6658CE76.d.080A20E6E847F469EF6DB971F4058C2C.e.3314","ELEMENT":"f.3F599814B724AE709646F1EA6658CE76.d.080A20E6E847F469EF6DB971F4058C2C.e.3314"}]}
COMMAND: GET /session/c7daff82216e94743244cb75cbdaffce/element/f.3F599814B724AE709646F1EA6658CE76.d.080A20E6E847F469EF6DB971F4058C2C.e.3314/enabled - {}
COMMAND: GET /session/c7daff82216e94743244cb75cbdaffce/screenshot - {}
RESULT: {}
COMMAND: POST /session/c7daff82216e94743244cb75cbdaffce/execute/sync - {"script":"<script> [8489 bytes]","args":[{"element-6066-11e4-a52e-4f735466cecf":"f.3F599814B724AE709646F1EA6658CE76.d.080A20E6E847F469EF6DB971F4058C2C.e.3314","ELEMENT":"f.3F599814B724AE709646F1EA6658CE76.d.080A20E6E847F469EF6DB971F4058C2C.e.3314"}]}
COMMAND: GET /session/c7daff82216e94743244cb75cbdaffce/screenshot - {}
RESULT: {}
RESULT: {"script":"<script> [8489 bytes]","args":[{"element-6066-11e4-a52e-4f735466cecf":"f.3F599814B724AE709646F1EA6658CE76.d.080A20E6E847F469EF6DB971F4058C2C.e.3314","ELEMENT":"f.3F599814B724AE709646F1EA6658CE76.d.080A20E6E847F469EF6DB971F4058C2C.e.3314"}]}
COMMAND: POST /session/c7daff82216e94743244cb75cbdaffce/execute/sync - {"script":"<script> [5351 bytes]","args":[{"element-6066-11e4-a52e-4f735466cecf":"f.3F599814B724AE709646F1EA6658CE76.d.080A20E6E847F469EF6DB971F4058C2C.e.3314","ELEMENT":"f.3F599814B724AE709646F1EA6658CE76.d.080A20E6E847F469EF6DB971F4058C2C.e.3314"}]}
COMMAND: GET /session/c7daff82216e94743244cb75cbdaffce/screenshot - {}
RESULT: {}
RESULT: {"script":"<script> [5351 bytes]","args":[{"element-6066-11e4-a52e-4f735466cecf":"f.3F599814B724AE709646F1EA6658CE76.d.080A20E6E847F469EF6DB971F4058C2C.e.3314","ELEMENT":"f.3F599814B724AE709646F1EA6658CE76.d.080A20E6E847F469EF6DB971F4058C2C.e.3314"}]}
COMMAND: GET /session/c7daff82216e94743244cb75cbdaffce/screenshot - {}
RESULT: {}
RESULT: {}
RESULT: undefined
COMMAND: POST /session/c7daff82216e94743244cb75cbdaffce/execute/async - {"script":"<script> [776 bytes]","args":[{"enterText":"sDgEucUWI4","selector":{"id":"application-addressmanagement-display-component---masterAdm--smartFilterBar-btnBasicSearch","interaction":{"idSuffix":"I"}},"clearTextFirst":true,"interactionType":"ENTER_TEXT"}]}
RESULT: {"script":"<script> [776 bytes]","args":[{"enterText":"sDgEucUWI4","selector":{"id":"application-addressmanagement-display-component---masterAdm--smartFilterBar-btnBasicSearch","interaction":{"idSuffix":"I"}},"clearTextFirst":true,"interactionType":"ENTER_TEXT"}]}
COMMAND: POST /session/c7daff82216e94743244cb75cbdaffce/actions - {"actions":[{"id":"action14","type":"key","parameters":{},"actions":[{"type":"keyDown","value":""},{"type":"pause","duration":10},{"type":"keyUp","value":""}]}]}
RESULT: {"actions":[{"id":"action14","type":"key","parameters":{},"actions":[{"type":"keyDown","value":""},{"type":"pause","duration":10},{"type":"keyUp","value":""}]}]}
COMMAND: GET /session/c7daff82216e94743244cb75cbdaffce/screenshot - {}
RESULT: {}
COMMAND: POST /session/c7daff82216e94743244cb75cbdaffce/elements - {"using":"xpath","value":"//table[contains(@id, \"customPersonsAddressesTable-listUl\")]/tbody/tr"}
RESULT: {"using":"xpath","value":"//table[contains(@id, \"customPersonsAddressesTable-listUl\")]/tbody/tr"}
COMMAND: POST /session/c7daff82216e94743244cb75cbdaffce/element - {"using":"xpath","value":"//table[contains(@id, \"customPersonsAddressesTable-listUl\")]/tbody/tr[1]/td[5]/span/span"}
RESULT: {"using":"xpath","value":"//table[contains(@id, \"customPersonsAddressesTable-listUl\")]/tbody/tr[1]/td[5]/span/span"}
COMMAND: POST /session/c7daff82216e94743244cb75cbdaffce/element - {"using":"xpath","value":"//table[contains(@id, \"customPersonsAddressesTable-listUl\")]/tbody/tr[1]/td[3]/span"}
RESULT: {"using":"xpath","value":"//table[contains(@id, \"customPersonsAddressesTable-listUl\")]/tbody/tr[1]/td[3]/span"}
COMMAND: POST /session/c7daff82216e94743244cb75cbdaffce/elements - {"using":"xpath","value":"//table[contains(@id, \"customPersonsAddressesTable-listUl\")]/tbody/tr[1]/td[5]/span/span"}
RESULT: {"using":"xpath","value":"//table[contains(@id, \"customPersonsAddressesTable-listUl\")]/tbody/tr[1]/td[5]/span/span"}
COMMAND: POST /session/c7daff82216e94743244cb75cbdaffce/execute/sync - {"script":"<script> [56 bytes]","args":[{"element-6066-11e4-a52e-4f735466cecf":"f.3F599814B724AE709646F1EA6658CE76.d.080A20E6E847F469EF6DB971F4058C2C.e.3460","ELEMENT":"f.3F599814B724AE709646F1EA6658CE76.d.080A20E6E847F469EF6DB971F4058C2C.e.3460"}]}
RESULT: {"script":"<script> [56 bytes]","args":[{"element-6066-11e4-a52e-4f735466cecf":"f.3F599814B724AE709646F1EA6658CE76.d.080A20E6E847F469EF6DB971F4058C2C.e.3460","ELEMENT":"f.3F599814B724AE709646F1EA6658CE76.d.080A20E6E847F469EF6DB971F4058C2C.e.3460"}]}
COMMAND: POST /session/c7daff82216e94743244cb75cbdaffce/execute/sync - {"script":"<script> [56 bytes]","args":[{"element-6066-11e4-a52e-4f735466cecf":"f.3F599814B724AE709646F1EA6658CE76.d.080A20E6E847F469EF6DB971F4058C2C.e.3461","ELEMENT":"f.3F599814B724AE709646F1EA6658CE76.d.080A20E6E847F469EF6DB971F4058C2C.e.3461"}]}
COMMAND: GET /session/c7daff82216e94743244cb75cbdaffce/screenshot - {}
RESULT: {"script":"<script> [56 bytes]","args":[{"element-6066-11e4-a52e-4f735466cecf":"f.3F599814B724AE709646F1EA6658CE76.d.080A20E6E847F469EF6DB971F4058C2C.e.3461","ELEMENT":"f.3F599814B724AE709646F1EA6658CE76.d.080A20E6E847F469EF6DB971F4058C2C.e.3461"}]}
COMMAND: POST /session/c7daff82216e94743244cb75cbdaffce/element - {"using":"xpath","value":"(//span[contains(@id, \"imgNav\")])[1]"}
COMMAND: GET /session/c7daff82216e94743244cb75cbdaffce/screenshot - {}
RESULT: {}
RESULT: {}
RESULT: {"using":"xpath","value":"(//span[contains(@id, \"imgNav\")])[1]"}
COMMAND: POST /session/c7daff82216e94743244cb75cbdaffce/element/f.3F599814B724AE709646F1EA6658CE76.d.080A20E6E847F469EF6DB971F4058C2C.e.3457/click - {}
RESULT: {}
COMMAND: GET /session/c7daff82216e94743244cb75cbdaffce/screenshot - {}
RESULT: {}
COMMAND: POST /session/c7daff82216e94743244cb75cbdaffce/element - {"using":"xpath","value":"//bdi[contains(text(), \"Edit\")]"}
RESULT: {"using":"xpath","value":"//bdi[contains(text(), \"Edit\")]"}
COMMAND: POST /session/c7daff82216e94743244cb75cbdaffce/element/f.3F599814B724AE709646F1EA6658CE76.d.080A20E6E847F469EF6DB971F4058C2C.e.3588/click - {}
RESULT: {}
COMMAND: GET /session/c7daff82216e94743244cb75cbdaffce/screenshot - {}
RESULT: {}
COMMAND: POST /session/c7daff82216e94743244cb75cbdaffce/execute/async - {"script":"<script> [1562 bytes]","args":[{"selector":{"controlType":"sap.m.Button","viewName":"etm.portal.ui.addressmanagement.view.EditDetail","properties":{"text":"Attachments (0)"},"interaction":{"idSuffix":"BDI-content"}},"wdio_ui5_key":"etmportal.ui.addressmanagement.view.EditDetailsap.m.Button{\"text\":\"Attachments (0)\"}"}]}
RESULT: {"script":"<script> [1562 bytes]","args":[{"selector":{"controlType":"sap.m.Button","viewName":"etm.portal.ui.addressmanagement.view.EditDetail","properties":{"text":"Attachments (0)"},"interaction":{"idSuffix":"BDI-content"}},"wdio_ui5_key":"etmportal.ui.addressmanagement.view.EditDetailsap.m.Button{\"text\":\"Attachments (0)\"}"}]}
RESULT: undefined
COMMAND: POST /session/c7daff82216e94743244cb75cbdaffce/element - {"using":"xpath","value":"//*[@id=\"__xmlview61--ObjectPageLayout-anchBar-__xmlview61--attachments-anchor\"]"}
RESULT: {"using":"xpath","value":"//*[@id=\"__xmlview61--ObjectPageLayout-anchBar-__xmlview61--attachments-anchor\"]"}
COMMAND: POST /session/c7daff82216e94743244cb75cbdaffce/element/f.3F599814B724AE709646F1EA6658CE76.d.080A20E6E847F469EF6DB971F4058C2C.e.3645/click - {}
RESULT: {}
COMMAND: GET /session/c7daff82216e94743244cb75cbdaffce/screenshot - {}
RESULT: {}
COMMAND: POST /session/c7daff82216e94743244cb75cbdaffce/file - {"file":"[base64] 459776 bytes"}
RESULT: {"file":"[base64] 459776 bytes"}
COMMAND: POST /session/c7daff82216e94743244cb75cbdaffce/element - {"using":"css selector","value":"input[type=\"file\"]"}
RESULT: {"using":"css selector","value":"input[type=\"file\"]"}
COMMAND: POST /session/c7daff82216e94743244cb75cbdaffce/element/f.3F599814B724AE709646F1EA6658CE76.d.080A20E6E847F469EF6DB971F4058C2C.e.3619/clear - {}
RESULT: {}
COMMAND: POST /session/c7daff82216e94743244cb75cbdaffce/element/f.3F599814B724AE709646F1EA6658CE76.d.080A20E6E847F469EF6DB971F4058C2C.e.3619/value - {"text":"C:\\Windows\\SystemTemp\\scoped_dir5088_1928084\\upload5088_397530689\\address-mng-pic.png"}
COMMAND: GET /session/c7daff82216e94743244cb75cbdaffce/screenshot - {}
RESULT: {"text":"C:\\Windows\\SystemTemp\\scoped_dir5088_1928084\\upload5088_397530689\\address-mng-pic.png"}
COMMAND: GET /session/c7daff82216e94743244cb75cbdaffce/screenshot - {}
RESULT: {}
RESULT: {}
COMMAND: POST /session/c7daff82216e94743244cb75cbdaffce/element - {"using":"xpath","value":"//button[@data-kt=\"saveButton\"]"}
RESULT: {"using":"xpath","value":"//button[@data-kt=\"saveButton\"]"}
COMMAND: POST /session/c7daff82216e94743244cb75cbdaffce/element/f.3F599814B724AE709646F1EA6658CE76.d.080A20E6E847F469EF6DB971F4058C2C.e.3671/click - {}
RESULT: {}
COMMAND: GET /session/c7daff82216e94743244cb75cbdaffce/screenshot - {}
RESULT: {}
COMMAND: POST /session/c7daff82216e94743244cb75cbdaffce/execute/async - {"script":"<script> [1562 bytes]","args":[{"selector":{"id":"application-addressmanagement-display-component---detailAdm--ObjectPageLayout-anchBar-application-addressmanagement-display-component---detailAdm--attachments-anchor","interaction":{"idSuffix":"content"}},"wdio_ui5_key":"applicationaddressmanagement-display-component---detailAdm--ObjectPageLayout-anchBar-application-addressmanagement-display-component---detailAdm--attachments-anchor"}]}
RESULT: {"script":"<script> [1562 bytes]","args":[{"selector":{"id":"application-addressmanagement-display-component---detailAdm--ObjectPageLayout-anchBar-application-addressmanagement-display-component---detailAdm--attachments-anchor","interaction":{"idSuffix":"content"}},"wdio_ui5_key":"applicationaddressmanagement-display-component---detailAdm--ObjectPageLayout-anchBar-application-addressmanagement-display-component---detailAdm--attachments-anchor"}]}
RESULT: undefined
COMMAND: POST /session/c7daff82216e94743244cb75cbdaffce/element - {"using":"xpath","value":"//*[@id=\"application-addressmanagement-display-component---detailAdm--ObjectPageLayout-anchBar-application-addressmanagement-display-component---detailAdm--attachments-anchor\"]"}
RESULT: {"using":"xpath","value":"//*[@id=\"application-addressmanagement-display-component---detailAdm--ObjectPageLayout-anchBar-application-addressmanagement-display-component---detailAdm--attachments-anchor\"]"}
COMMAND: POST /session/c7daff82216e94743244cb75cbdaffce/element/f.3F599814B724AE709646F1EA6658CE76.d.080A20E6E847F469EF6DB971F4058C2C.e.3679/click - {}
RESULT: {}
COMMAND: GET /session/c7daff82216e94743244cb75cbdaffce/screenshot - {}
RESULT: {}
COMMAND: POST /session/c7daff82216e94743244cb75cbdaffce/execute/async - {"script":"<script> [1562 bytes]","args":[{"selector":{"id":"application-addressmanagement-display-component---detailAdm--attachments"},"wdio_ui5_key":"applicationaddressmanagement-display-component---detailAdm--attachments"}]}
RESULT: {"script":"<script> [1562 bytes]","args":[{"selector":{"id":"application-addressmanagement-display-component---detailAdm--attachments"},"wdio_ui5_key":"applicationaddressmanagement-display-component---detailAdm--attachments"}]}
RESULT: undefined
COMMAND: POST /session/c7daff82216e94743244cb75cbdaffce/execute/async - {"script":"<script> [6424 bytes]","args":[{"element-6066-11e4-a52e-4f735466cecf":"f.3F599814B724AE709646F1EA6658CE76.d.080A20E6E847F469EF6DB971F4058C2C.e.3574"},"getTitle",[]]}
RESULT: {"script":"<script> [6424 bytes]","args":[{"element-6066-11e4-a52e-4f735466cecf":"f.3F599814B724AE709646F1EA6658CE76.d.080A20E6E847F469EF6DB971F4058C2C.e.3574"},"getTitle",[]]}
COMMAND: POST /session/c7daff82216e94743244cb75cbdaffce/element - {"using":"css selector","value":"#shell-header-logo"}
RESULT: {"using":"css selector","value":"#shell-header-logo"}
COMMAND: POST /session/c7daff82216e94743244cb75cbdaffce/element/f.3F599814B724AE709646F1EA6658CE76.d.080A20E6E847F469EF6DB971F4058C2C.e.3269/click - {}
RESULT: {}
COMMAND: GET /session/c7daff82216e94743244cb75cbdaffce/screenshot - {}
RESULT: {}
]]></system-out>
    </testcase>
    <testcase classname="chrome.136_0_7103_93.windows.Address_Management_Tests_US156181_US151165_US151160_US156180_US156178_US151157_US151172_US151170_US151166_US151168" name="Step 9 Should remove the added attachment on the created address US151168 BUGGED FOR NOW" time="71.621">
      <system-out><![CDATA[
RESULT: undefined
COMMAND: POST /session/c7daff82216e94743244cb75cbdaffce/element - {"using":"xpath","value":"//*[@id=\"__tile33\"]"}
RESULT: {"using":"xpath","value":"//*[@id=\"__tile33\"]"}
COMMAND: POST /session/c7daff82216e94743244cb75cbdaffce/element/f.3F599814B724AE709646F1EA6658CE76.d.080A20E6E847F469EF6DB971F4058C2C.e.196/click - {}
RESULT: {}
COMMAND: GET /session/c7daff82216e94743244cb75cbdaffce/screenshot - {}
RESULT: {}
COMMAND: POST /session/c7daff82216e94743244cb75cbdaffce/elements - {"using":"xpath","value":"//span[text()='Error']"}
RESULT: {"using":"xpath","value":"//span[text()='Error']"}
COMMAND: POST /session/c7daff82216e94743244cb75cbdaffce/element - {"using":"xpath","value":"//button[@data-kt=\"addButton\"]"}
RESULT: {"using":"xpath","value":"//button[@data-kt=\"addButton\"]"}
COMMAND: POST /session/c7daff82216e94743244cb75cbdaffce/elements - {"using":"xpath","value":"//button[@data-kt=\"addButton\"]"}
RESULT: {"using":"xpath","value":"//button[@data-kt=\"addButton\"]"}
COMMAND: POST /session/c7daff82216e94743244cb75cbdaffce/execute/sync - {"script":"<script> [8489 bytes]","args":[{"element-6066-11e4-a52e-4f735466cecf":"f.3F599814B724AE709646F1EA6658CE76.d.080A20E6E847F469EF6DB971F4058C2C.e.3730","ELEMENT":"f.3F599814B724AE709646F1EA6658CE76.d.080A20E6E847F469EF6DB971F4058C2C.e.3730"}]}
RESULT: {"script":"<script> [8489 bytes]","args":[{"element-6066-11e4-a52e-4f735466cecf":"f.3F599814B724AE709646F1EA6658CE76.d.080A20E6E847F469EF6DB971F4058C2C.e.3730","ELEMENT":"f.3F599814B724AE709646F1EA6658CE76.d.080A20E6E847F469EF6DB971F4058C2C.e.3730"}]}
COMMAND: GET /session/c7daff82216e94743244cb75cbdaffce/element/f.3F599814B724AE709646F1EA6658CE76.d.080A20E6E847F469EF6DB971F4058C2C.e.3730/enabled - {}
COMMAND: GET /session/c7daff82216e94743244cb75cbdaffce/screenshot - {}
RESULT: {}
COMMAND: POST /session/c7daff82216e94743244cb75cbdaffce/execute/sync - {"script":"<script> [8489 bytes]","args":[{"element-6066-11e4-a52e-4f735466cecf":"f.3F599814B724AE709646F1EA6658CE76.d.080A20E6E847F469EF6DB971F4058C2C.e.3730","ELEMENT":"f.3F599814B724AE709646F1EA6658CE76.d.080A20E6E847F469EF6DB971F4058C2C.e.3730"}]}
COMMAND: GET /session/c7daff82216e94743244cb75cbdaffce/screenshot - {}
RESULT: {}
RESULT: {}
RESULT: {"script":"<script> [8489 bytes]","args":[{"element-6066-11e4-a52e-4f735466cecf":"f.3F599814B724AE709646F1EA6658CE76.d.080A20E6E847F469EF6DB971F4058C2C.e.3730","ELEMENT":"f.3F599814B724AE709646F1EA6658CE76.d.080A20E6E847F469EF6DB971F4058C2C.e.3730"}]}
COMMAND: POST /session/c7daff82216e94743244cb75cbdaffce/execute/sync - {"script":"<script> [5351 bytes]","args":[{"element-6066-11e4-a52e-4f735466cecf":"f.3F599814B724AE709646F1EA6658CE76.d.080A20E6E847F469EF6DB971F4058C2C.e.3730","ELEMENT":"f.3F599814B724AE709646F1EA6658CE76.d.080A20E6E847F469EF6DB971F4058C2C.e.3730"}]}
COMMAND: GET /session/c7daff82216e94743244cb75cbdaffce/screenshot - {}
RESULT: {"script":"<script> [5351 bytes]","args":[{"element-6066-11e4-a52e-4f735466cecf":"f.3F599814B724AE709646F1EA6658CE76.d.080A20E6E847F469EF6DB971F4058C2C.e.3730","ELEMENT":"f.3F599814B724AE709646F1EA6658CE76.d.080A20E6E847F469EF6DB971F4058C2C.e.3730"}]}
COMMAND: GET /session/c7daff82216e94743244cb75cbdaffce/screenshot - {}
RESULT: {}
RESULT: {}
RESULT: undefined
COMMAND: POST /session/c7daff82216e94743244cb75cbdaffce/execute/async - {"script":"<script> [776 bytes]","args":[{"enterText":"sDgEucUWI4","selector":{"id":"application-addressmanagement-display-component---masterAdm--smartFilterBar-btnBasicSearch","interaction":{"idSuffix":"I"}},"clearTextFirst":true,"interactionType":"ENTER_TEXT"}]}
RESULT: {"script":"<script> [776 bytes]","args":[{"enterText":"sDgEucUWI4","selector":{"id":"application-addressmanagement-display-component---masterAdm--smartFilterBar-btnBasicSearch","interaction":{"idSuffix":"I"}},"clearTextFirst":true,"interactionType":"ENTER_TEXT"}]}
COMMAND: POST /session/c7daff82216e94743244cb75cbdaffce/actions - {"actions":[{"id":"action15","type":"key","parameters":{},"actions":[{"type":"keyDown","value":""},{"type":"pause","duration":10},{"type":"keyUp","value":""}]}]}
RESULT: {"actions":[{"id":"action15","type":"key","parameters":{},"actions":[{"type":"keyDown","value":""},{"type":"pause","duration":10},{"type":"keyUp","value":""}]}]}
COMMAND: GET /session/c7daff82216e94743244cb75cbdaffce/screenshot - {}
RESULT: {}
COMMAND: POST /session/c7daff82216e94743244cb75cbdaffce/elements - {"using":"xpath","value":"//table[contains(@id, \"customPersonsAddressesTable-listUl\")]/tbody/tr"}
RESULT: {"using":"xpath","value":"//table[contains(@id, \"customPersonsAddressesTable-listUl\")]/tbody/tr"}
COMMAND: POST /session/c7daff82216e94743244cb75cbdaffce/element - {"using":"xpath","value":"//table[contains(@id, \"customPersonsAddressesTable-listUl\")]/tbody/tr[1]/td[5]/span/span"}
RESULT: {"using":"xpath","value":"//table[contains(@id, \"customPersonsAddressesTable-listUl\")]/tbody/tr[1]/td[5]/span/span"}
COMMAND: POST /session/c7daff82216e94743244cb75cbdaffce/element - {"using":"xpath","value":"//table[contains(@id, \"customPersonsAddressesTable-listUl\")]/tbody/tr[1]/td[3]/span"}
RESULT: {"using":"xpath","value":"//table[contains(@id, \"customPersonsAddressesTable-listUl\")]/tbody/tr[1]/td[3]/span"}
COMMAND: POST /session/c7daff82216e94743244cb75cbdaffce/elements - {"using":"xpath","value":"//table[contains(@id, \"customPersonsAddressesTable-listUl\")]/tbody/tr[1]/td[5]/span/span"}
RESULT: {"using":"xpath","value":"//table[contains(@id, \"customPersonsAddressesTable-listUl\")]/tbody/tr[1]/td[5]/span/span"}
COMMAND: POST /session/c7daff82216e94743244cb75cbdaffce/execute/sync - {"script":"<script> [56 bytes]","args":[{"element-6066-11e4-a52e-4f735466cecf":"f.3F599814B724AE709646F1EA6658CE76.d.080A20E6E847F469EF6DB971F4058C2C.e.3877","ELEMENT":"f.3F599814B724AE709646F1EA6658CE76.d.080A20E6E847F469EF6DB971F4058C2C.e.3877"}]}
RESULT: {"script":"<script> [56 bytes]","args":[{"element-6066-11e4-a52e-4f735466cecf":"f.3F599814B724AE709646F1EA6658CE76.d.080A20E6E847F469EF6DB971F4058C2C.e.3877","ELEMENT":"f.3F599814B724AE709646F1EA6658CE76.d.080A20E6E847F469EF6DB971F4058C2C.e.3877"}]}
COMMAND: POST /session/c7daff82216e94743244cb75cbdaffce/execute/sync - {"script":"<script> [56 bytes]","args":[{"element-6066-11e4-a52e-4f735466cecf":"f.3F599814B724AE709646F1EA6658CE76.d.080A20E6E847F469EF6DB971F4058C2C.e.3878","ELEMENT":"f.3F599814B724AE709646F1EA6658CE76.d.080A20E6E847F469EF6DB971F4058C2C.e.3878"}]}
COMMAND: GET /session/c7daff82216e94743244cb75cbdaffce/screenshot - {}
RESULT: {"script":"<script> [56 bytes]","args":[{"element-6066-11e4-a52e-4f735466cecf":"f.3F599814B724AE709646F1EA6658CE76.d.080A20E6E847F469EF6DB971F4058C2C.e.3878","ELEMENT":"f.3F599814B724AE709646F1EA6658CE76.d.080A20E6E847F469EF6DB971F4058C2C.e.3878"}]}
COMMAND: POST /session/c7daff82216e94743244cb75cbdaffce/element - {"using":"xpath","value":"(//span[contains(@id, \"imgNav\")])[1]"}
COMMAND: GET /session/c7daff82216e94743244cb75cbdaffce/screenshot - {}
RESULT: {}
RESULT: {"using":"xpath","value":"(//span[contains(@id, \"imgNav\")])[1]"}
COMMAND: POST /session/c7daff82216e94743244cb75cbdaffce/element/f.3F599814B724AE709646F1EA6658CE76.d.080A20E6E847F469EF6DB971F4058C2C.e.3875/click - {}
RESULT: {}
RESULT: {}
COMMAND: GET /session/c7daff82216e94743244cb75cbdaffce/screenshot - {}
RESULT: {}
COMMAND: POST /session/c7daff82216e94743244cb75cbdaffce/element - {"using":"xpath","value":"//bdi[contains(text(), \"Edit\")]"}
RESULT: {"using":"xpath","value":"//bdi[contains(text(), \"Edit\")]"}
COMMAND: POST /session/c7daff82216e94743244cb75cbdaffce/element/f.3F599814B724AE709646F1EA6658CE76.d.080A20E6E847F469EF6DB971F4058C2C.e.4005/click - {}
RESULT: {}
COMMAND: GET /session/c7daff82216e94743244cb75cbdaffce/screenshot - {}
RESULT: {}
COMMAND: POST /session/c7daff82216e94743244cb75cbdaffce/execute/async - {"script":"<script> [1562 bytes]","args":[{"selector":{"controlType":"sap.m.Button","viewName":"etm.portal.ui.addressmanagement.view.EditDetail","properties":{"text":"Attachments (1)"},"interaction":{"idSuffix":"BDI-content"}},"wdio_ui5_key":"etmportal.ui.addressmanagement.view.EditDetailsap.m.Button{\"text\":\"Attachments (1)\"}"}]}
RESULT: {"script":"<script> [1562 bytes]","args":[{"selector":{"controlType":"sap.m.Button","viewName":"etm.portal.ui.addressmanagement.view.EditDetail","properties":{"text":"Attachments (1)"},"interaction":{"idSuffix":"BDI-content"}},"wdio_ui5_key":"etmportal.ui.addressmanagement.view.EditDetailsap.m.Button{\"text\":\"Attachments (1)\"}"}]}
RESULT: undefined
COMMAND: POST /session/c7daff82216e94743244cb75cbdaffce/element - {"using":"xpath","value":"//*[@id=\"__xmlview62--ObjectPageLayout-anchBar-__xmlview62--attachments-anchor\"]"}
RESULT: {"using":"xpath","value":"//*[@id=\"__xmlview62--ObjectPageLayout-anchBar-__xmlview62--attachments-anchor\"]"}
COMMAND: POST /session/c7daff82216e94743244cb75cbdaffce/element/f.3F599814B724AE709646F1EA6658CE76.d.080A20E6E847F469EF6DB971F4058C2C.e.4061/click - {}
RESULT: {}
COMMAND: GET /session/c7daff82216e94743244cb75cbdaffce/screenshot - {}
RESULT: {}
COMMAND: POST /session/c7daff82216e94743244cb75cbdaffce/execute/async - {"script":"<script> [1562 bytes]","args":[{"selector":{"controlType":"sap.ui.core.Icon","viewName":"etm.portal.ui.addressmanagement.view.EditDetail","properties":{"src":{"regex":{"source":"decline"}}}},"wdio_ui5_key":"etmportal.ui.addressmanagement.view.EditDetailsap.ui.core.Icon{\"src\":{\"regex\":{\"source\":\"decline\"}}}"}]}
RESULT: {"script":"<script> [1562 bytes]","args":[{"selector":{"controlType":"sap.ui.core.Icon","viewName":"etm.portal.ui.addressmanagement.view.EditDetail","properties":{"src":{"regex":{"source":"decline"}}}},"wdio_ui5_key":"etmportal.ui.addressmanagement.view.EditDetailsap.ui.core.Icon{\"src\":{\"regex\":{\"source\":\"decline\"}}}"}]}
RESULT: undefined
COMMAND: POST /session/c7daff82216e94743244cb75cbdaffce/element - {"using":"xpath","value":"//*[@id=\"__item854-__set10-0-deleteButton-img\"]"}
RESULT: {"using":"xpath","value":"//*[@id=\"__item854-__set10-0-deleteButton-img\"]"}
COMMAND: POST /session/c7daff82216e94743244cb75cbdaffce/element/f.3F599814B724AE709646F1EA6658CE76.d.080A20E6E847F469EF6DB971F4058C2C.e.4067/click - {}
RESULT: {}
COMMAND: GET /session/c7daff82216e94743244cb75cbdaffce/screenshot - {}
RESULT: {}
COMMAND: POST /session/c7daff82216e94743244cb75cbdaffce/element - {"using":"xpath","value":"//bdi[contains(text(), \"OK\")]"}
RESULT: {"using":"xpath","value":"//bdi[contains(text(), \"OK\")]"}
COMMAND: POST /session/c7daff82216e94743244cb75cbdaffce/element/f.3F599814B724AE709646F1EA6658CE76.d.080A20E6E847F469EF6DB971F4058C2C.e.4070/click - {}
RESULT: {}
COMMAND: GET /session/c7daff82216e94743244cb75cbdaffce/screenshot - {}
RESULT: {}
COMMAND: POST /session/c7daff82216e94743244cb75cbdaffce/element - {"using":"xpath","value":"//button[@data-kt=\"saveButton\"]"}
RESULT: {"using":"xpath","value":"//button[@data-kt=\"saveButton\"]"}
COMMAND: POST /session/c7daff82216e94743244cb75cbdaffce/element/f.3F599814B724AE709646F1EA6658CE76.d.080A20E6E847F469EF6DB971F4058C2C.e.4091/click - {}
RESULT: {}
COMMAND: GET /session/c7daff82216e94743244cb75cbdaffce/screenshot - {}
RESULT: {}
RESULT: undefined
COMMAND: POST /session/c7daff82216e94743244cb75cbdaffce/element - {"using":"xpath","value":"//*[@id=\"application-addressmanagement-display-component---detailAdm--ObjectPageLayout-anchBar-application-addressmanagement-display-component---detailAdm--attachments-anchor\"]"}
RESULT: {"using":"xpath","value":"//*[@id=\"application-addressmanagement-display-component---detailAdm--ObjectPageLayout-anchBar-application-addressmanagement-display-component---detailAdm--attachments-anchor\"]"}
COMMAND: POST /session/c7daff82216e94743244cb75cbdaffce/element/f.3F599814B724AE709646F1EA6658CE76.d.080A20E6E847F469EF6DB971F4058C2C.e.4098/click - {}
RESULT: {}
COMMAND: GET /session/c7daff82216e94743244cb75cbdaffce/screenshot - {}
RESULT: {}
RESULT: undefined
COMMAND: POST /session/c7daff82216e94743244cb75cbdaffce/execute/async - {"script":"<script> [6424 bytes]","args":[{"element-6066-11e4-a52e-4f735466cecf":"f.3F599814B724AE709646F1EA6658CE76.d.080A20E6E847F469EF6DB971F4058C2C.e.3574"},"getTitle",[]]}
COMMAND: POST /session/c7daff82216e94743244cb75cbdaffce/execute/async - {"script":"<script> [1562 bytes]","args":[{"selector":{"id":"application-addressmanagement-display-component---detailAdm--attachments"},"wdio_ui5_key":"applicationaddressmanagement-display-component---detailAdm--attachments"}]}
RESULT: {"script":"<script> [1562 bytes]","args":[{"selector":{"id":"application-addressmanagement-display-component---detailAdm--attachments"},"wdio_ui5_key":"applicationaddressmanagement-display-component---detailAdm--attachments"}]}
COMMAND: POST /session/c7daff82216e94743244cb75cbdaffce/execute/async - {"script":"<script> [6424 bytes]","args":[{"element-6066-11e4-a52e-4f735466cecf":"f.3F599814B724AE709646F1EA6658CE76.d.080A20E6E847F469EF6DB971F4058C2C.e.3988"},"getTitle",[]]}
RESULT: {"script":"<script> [6424 bytes]","args":[{"element-6066-11e4-a52e-4f735466cecf":"f.3F599814B724AE709646F1EA6658CE76.d.080A20E6E847F469EF6DB971F4058C2C.e.3988"},"getTitle",[]]}
COMMAND: POST /session/c7daff82216e94743244cb75cbdaffce/element - {"using":"css selector","value":"#shell-header-logo"}
RESULT: {"using":"css selector","value":"#shell-header-logo"}
COMMAND: POST /session/c7daff82216e94743244cb75cbdaffce/element/f.3F599814B724AE709646F1EA6658CE76.d.080A20E6E847F469EF6DB971F4058C2C.e.3688/click - {}
RESULT: {}
COMMAND: GET /session/c7daff82216e94743244cb75cbdaffce/screenshot - {}
RESULT: {}
COMMAND: GET /session/c7daff82216e94743244cb75cbdaffce/screenshot - {}
RESULT: {}
COMMAND: DELETE /session/c7daff82216e94743244cb75cbdaffce - {}
RESULT: {}
]]></system-out>
    </testcase>
  </testsuite>
</testsuites>