<?xml version="1.0" encoding="UTF-8"?>
<testsuites tests="53" failures="24" errors="24" skipped="0">
  <testsuite timestamp="2025-06-01T17:22:18" time="266.218" tests="5" failures="0" errors="0" skipped="0">
    <properties>
      <property name="specId" value="0"/>
      <property name="suiteName" value="Tests for DXCW CAE environment, including specific login to the system US"/>
      <property name="capabilities" value="chrome.136_0_7103_93.windows"/>
      <property name="file" value="file:///D:/a/1/s/test/specs/BTS/dxcw-cae.spec.js"/>
    </properties>
    <testcase classname="chrome.136_0_7103_93.windows.Tests_for_DXCW_CAE_environment,_including_specific_login_to_the_system_US" name="Should login to the DXCW CAE env US156289" time="26.834">
      <system-out><![CDATA[
COMMAND: POST /session/1078df7af42110589ce6729fcfa5b6f8/url - {"url":"https://qa-testing-00-live-dxcw-portal.cfapps.eu10-004.hana.ondemand.com/"}
RESULT: {"url":"https://qa-testing-00-live-dxcw-portal.cfapps.eu10-004.hana.ondemand.com/"}
COMMAND: GET /session/1078df7af42110589ce6729fcfa5b6f8/screenshot - {}
RESULT: {}
COMMAND: POST /session/1078df7af42110589ce6729fcfa5b6f8/element - {"using":"xpath","value":"//input[@id = \"j_username\"]"}
RESULT: {"using":"xpath","value":"//input[@id = \"j_username\"]"}
COMMAND: POST /session/1078df7af42110589ce6729fcfa5b6f8/execute/sync - {"script":"<script> [8489 bytes]","args":[{"element-6066-11e4-a52e-4f735466cecf":"f.BA343095ED0ABE7E3673784E64AE5F80.d.AAA40778B25CCE617D0CF1D4BF056C90.e.38","ELEMENT":"f.BA343095ED0ABE7E3673784E64AE5F80.d.AAA40778B25CCE617D0CF1D4BF056C90.e.38"}]}
RESULT: {"script":"<script> [8489 bytes]","args":[{"element-6066-11e4-a52e-4f735466cecf":"f.BA343095ED0ABE7E3673784E64AE5F80.d.AAA40778B25CCE617D0CF1D4BF056C90.e.38","ELEMENT":"f.BA343095ED0ABE7E3673784E64AE5F80.d.AAA40778B25CCE617D0CF1D4BF056C90.e.38"}]}
COMMAND: POST /session/1078df7af42110589ce6729fcfa5b6f8/element - {"using":"xpath","value":"//input[@id = \"j_username\"]"}
COMMAND: GET /session/1078df7af42110589ce6729fcfa5b6f8/screenshot - {}
RESULT: {"using":"xpath","value":"//input[@id = \"j_username\"]"}
COMMAND: POST /session/1078df7af42110589ce6729fcfa5b6f8/element/f.BA343095ED0ABE7E3673784E64AE5F80.d.AAA40778B25CCE617D0CF1D4BF056C90.e.38/clear - {}
RESULT: {}
RESULT: {}
COMMAND: POST /session/1078df7af42110589ce6729fcfa5b6f8/element/f.BA343095ED0ABE7E3673784E64AE5F80.d.AAA40778B25CCE617D0CF1D4BF056C90.e.38/value - {"text":"test1etm@bearingpoint.com"}
COMMAND: GET /session/1078df7af42110589ce6729fcfa5b6f8/screenshot - {}
RESULT: {"text":"test1etm@bearingpoint.com"}
COMMAND: POST /session/1078df7af42110589ce6729fcfa5b6f8/element - {"using":"xpath","value":"//input[@id = \"j_password\"]"}
COMMAND: GET /session/1078df7af42110589ce6729fcfa5b6f8/screenshot - {}
RESULT: {}
RESULT: {"using":"xpath","value":"//input[@id = \"j_password\"]"}
COMMAND: POST /session/1078df7af42110589ce6729fcfa5b6f8/element/f.BA343095ED0ABE7E3673784E64AE5F80.d.AAA40778B25CCE617D0CF1D4BF056C90.e.40/clear - {}
RESULT: {}
RESULT: {}
COMMAND: POST /session/1078df7af42110589ce6729fcfa5b6f8/element/f.BA343095ED0ABE7E3673784E64AE5F80.d.AAA40778B25CCE617D0CF1D4BF056C90.e.40/value - {"text":"ETM.next2024"}
COMMAND: GET /session/1078df7af42110589ce6729fcfa5b6f8/screenshot - {}
RESULT: {"text":"ETM.next2024"}
COMMAND: GET /session/1078df7af42110589ce6729fcfa5b6f8/screenshot - {}
RESULT: {}
RESULT: {}
COMMAND: POST /session/1078df7af42110589ce6729fcfa5b6f8/element - {"using":"css selector","value":"button[type=\"submit\"]"}
RESULT: {"using":"css selector","value":"button[type=\"submit\"]"}
COMMAND: POST /session/1078df7af42110589ce6729fcfa5b6f8/element/f.BA343095ED0ABE7E3673784E64AE5F80.d.AAA40778B25CCE617D0CF1D4BF056C90.e.61/click - {}
RESULT: {}
COMMAND: POST /session/1078df7af42110589ce6729fcfa5b6f8/element - {"using":"xpath","value":"//a[contains(@aria-label,\"Migration Service\")]"}
COMMAND: GET /session/1078df7af42110589ce6729fcfa5b6f8/screenshot - {}
RESULT: {"using":"xpath","value":"//a[contains(@aria-label,\"Migration Service\")]"}
COMMAND: POST /session/1078df7af42110589ce6729fcfa5b6f8/execute/sync - {"script":"<script> [8489 bytes]","args":[{"element-6066-11e4-a52e-4f735466cecf":"f.BA343095ED0ABE7E3673784E64AE5F80.d.7BAC2E2DDBC48B47175C62EE75F3F670.e.72","ELEMENT":"f.BA343095ED0ABE7E3673784E64AE5F80.d.7BAC2E2DDBC48B47175C62EE75F3F670.e.72"}]}
RESULT: {}
COMMAND: POST /session/1078df7af42110589ce6729fcfa5b6f8/element - {"using":"xpath","value":"//a[contains(@aria-label,\"Migration Service\")]"}
RESULT: {"using":"xpath","value":"//a[contains(@aria-label,\"Migration Service\")]"}
COMMAND: POST /session/1078df7af42110589ce6729fcfa5b6f8/execute/sync - {"script":"<script> [8489 bytes]","args":[{"element-6066-11e4-a52e-4f735466cecf":"f.BA343095ED0ABE7E3673784E64AE5F80.d.7BAC2E2DDBC48B47175C62EE75F3F670.e.77","ELEMENT":"f.BA343095ED0ABE7E3673784E64AE5F80.d.7BAC2E2DDBC48B47175C62EE75F3F670.e.77"}]}
RESULT: {"script":"<script> [8489 bytes]","args":[{"element-6066-11e4-a52e-4f735466cecf":"f.BA343095ED0ABE7E3673784E64AE5F80.d.7BAC2E2DDBC48B47175C62EE75F3F670.e.77","ELEMENT":"f.BA343095ED0ABE7E3673784E64AE5F80.d.7BAC2E2DDBC48B47175C62EE75F3F670.e.77"}]}
COMMAND: POST /session/1078df7af42110589ce6729fcfa5b6f8/execute/sync - {"script":"<script> [8489 bytes]","args":[{"element-6066-11e4-a52e-4f735466cecf":"f.BA343095ED0ABE7E3673784E64AE5F80.d.7BAC2E2DDBC48B47175C62EE75F3F670.e.77","ELEMENT":"f.BA343095ED0ABE7E3673784E64AE5F80.d.7BAC2E2DDBC48B47175C62EE75F3F670.e.77"}]}
COMMAND: GET /session/1078df7af42110589ce6729fcfa5b6f8/screenshot - {}
RESULT: {"script":"<script> [8489 bytes]","args":[{"element-6066-11e4-a52e-4f735466cecf":"f.BA343095ED0ABE7E3673784E64AE5F80.d.7BAC2E2DDBC48B47175C62EE75F3F670.e.77","ELEMENT":"f.BA343095ED0ABE7E3673784E64AE5F80.d.7BAC2E2DDBC48B47175C62EE75F3F670.e.77"}]}
COMMAND: POST /session/1078df7af42110589ce6729fcfa5b6f8/window/fullscreen - {}
COMMAND: GET /session/1078df7af42110589ce6729fcfa5b6f8/screenshot - {}
RESULT: {}
RESULT: {}
COMMAND: POST /session/1078df7af42110589ce6729fcfa5b6f8/execute/async - {"script":"<script> [189 bytes]","args":[]}
RESULT: {}
RESULT: {"script":"<script> [189 bytes]","args":[]}
COMMAND: POST /session/1078df7af42110589ce6729fcfa5b6f8/execute/async - {"script":"<script> [123 bytes]","args":[]}
RESULT: {"script":"<script> [123 bytes]","args":[]}
COMMAND: POST /session/1078df7af42110589ce6729fcfa5b6f8/timeouts - {"script":"<number>"}
RESULT: {"script":"<number>"}
COMMAND: GET /session/1078df7af42110589ce6729fcfa5b6f8/timeouts - {}
RESULT: {}
COMMAND: POST /session/1078df7af42110589ce6729fcfa5b6f8/execute/async - {"script":"<script> [78 bytes]","args":[]}
RESULT: {"script":"<script> [78 bytes]","args":[]}
RESULT: undefined
COMMAND: POST /session/1078df7af42110589ce6729fcfa5b6f8/execute/async - {"script":"<script> [2676 bytes]","args":[]}
RESULT: {"script":"<script> [2676 bytes]","args":[]}
COMMAND: POST /session/1078df7af42110589ce6729fcfa5b6f8/execute/async - {"script":"<script> [2342 bytes]","args":[{"protocol":"http","hostname":"0.0.0.0","path":"/","capabilities":{"browserName":"chrome","goog:chromeOptions":{"binary":"C:\\Program Files\\Google\\Chrome\\Application\\chrome.exe","args":["--start-maximized"]}},"logLevel":"warn","connectionRetryTimeout":120000,"connectionRetryCount":3,"logLevels":{},"enableDirectConnect":true,"strictSSL":true,"_":"65 more keys: [\"cacheDir\",\"port\",\"requestedCapabilities\",\"automationProtocol\",\"baseUrl\",\"waitforInterval\",\"waitforTimeout\",\"onReload\",\"beforeCommand\",\"afterCommand\",\"rootDir\",\"specs\",\"suites\",\"exclude\",\"groupLogsByTestSpec\",\"excludeDriverLogs\",\"bail\",\"framework\",\"reporters\",\"services\",\"maxInstances\",\"maxInstancesPerCapability\",\"injectGlobals\",\"filesToWatch\",\"execArgv\",\"runnerEnv\",\"runner\",\"shard\",\"specFileRetries\",\"specFileRetriesDelay\",\"specFileRetriesDeferred\",\"reporterSyncInterval\",\"reporterSyncTimeout\",\"cucumberFeaturesWithLineNumbers\",\"autoCompileOpts\",\"mochaOpts\",\"jasmineOpts\",\"cucumberOpts\",\"onPrepare\",\"onWorkerStart\",\"onWorkerEnd\",\"before\",\"beforeSession\",\"beforeSuite\",\"beforeHook\",\"beforeTest\",\"afterTest\",\"afterHook\",\"afterSuite\",\"afterSession\",\"after\",\"onComplete\",\"beforeAssertion\",\"afterAssertion\",\"beforeFeature\",\"beforeScenario\",\"beforeStep\",\"afterStep\",\"afterScenario\",\"afterFeature\",\"_\",\"suite\",\"$0\",\"ignoredWorkerServices\",\"wdi5\"]"}]}
RESULT: {"script":"<script> [2342 bytes]","args":[{"protocol":"http","hostname":"0.0.0.0","path":"/","capabilities":{"browserName":"chrome","goog:chromeOptions":{"binary":"C:\\Program Files\\Google\\Chrome\\Application\\chrome.exe","args":["--start-maximized"]}},"logLevel":"warn","connectionRetryTimeout":120000,"connectionRetryCount":3,"logLevels":{},"enableDirectConnect":true,"strictSSL":true,"_":"65 more keys: [\"cacheDir\",\"port\",\"requestedCapabilities\",\"automationProtocol\",\"baseUrl\",\"waitforInterval\",\"waitforTimeout\",\"onReload\",\"beforeCommand\",\"afterCommand\",\"rootDir\",\"specs\",\"suites\",\"exclude\",\"groupLogsByTestSpec\",\"excludeDriverLogs\",\"bail\",\"framework\",\"reporters\",\"services\",\"maxInstances\",\"maxInstancesPerCapability\",\"injectGlobals\",\"filesToWatch\",\"execArgv\",\"runnerEnv\",\"runner\",\"shard\",\"specFileRetries\",\"specFileRetriesDelay\",\"specFileRetriesDeferred\",\"reporterSyncInterval\",\"reporterSyncTimeout\",\"cucumberFeaturesWithLineNumbers\",\"autoCompileOpts\",\"mochaOpts\",\"jasmineOpts\",\"cucumberOpts\",\"onPrepare\",\"onWorkerStart\",\"onWorkerEnd\",\"before\",\"beforeSession\",\"beforeSuite\",\"beforeHook\",\"beforeTest\",\"afterTest\",\"afterHook\",\"afterSuite\",\"afterSession\",\"after\",\"onComplete\",\"beforeAssertion\",\"afterAssertion\",\"beforeFeature\",\"beforeScenario\",\"beforeStep\",\"afterStep\",\"afterScenario\",\"afterFeature\",\"_\",\"suite\",\"$0\",\"ignoredWorkerServices\",\"wdi5\"]"}]}
COMMAND: POST /session/1078df7af42110589ce6729fcfa5b6f8/execute/async - {"script":"<script> [21126 bytes]","args":[35000]}
RESULT: {"script":"<script> [21126 bytes]","args":[35000]}
]]></system-out>
    </testcase>
    <testcase classname="chrome.136_0_7103_93.windows.Tests_for_DXCW_CAE_environment,_including_specific_login_to_the_system_US" name="Should upload address file entry used for later tests as master data US156291" time="78.606">
      <system-out><![CDATA[
COMMAND: POST /session/1078df7af42110589ce6729fcfa5b6f8/execute/async - {"script":"<script> [1562 bytes]","args":[{"selector":{"controlType":"sap.m.GenericTile","properties":{"header":"Migration Service"}},"wdio_ui5_key":"sapm.GenericTile{\"header\":\"Migration Service\"}"}]}
RESULT: {"script":"<script> [1562 bytes]","args":[{"selector":{"controlType":"sap.m.GenericTile","properties":{"header":"Migration Service"}},"wdio_ui5_key":"sapm.GenericTile{\"header\":\"Migration Service\"}"}]}
RESULT: undefined
COMMAND: POST /session/1078df7af42110589ce6729fcfa5b6f8/element - {"using":"xpath","value":"//*[@id=\"__tile25\"]"}
RESULT: {"using":"xpath","value":"//*[@id=\"__tile25\"]"}
COMMAND: POST /session/1078df7af42110589ce6729fcfa5b6f8/element/f.BA343095ED0ABE7E3673784E64AE5F80.d.7BAC2E2DDBC48B47175C62EE75F3F670.e.77/click - {}
RESULT: {}
COMMAND: GET /session/1078df7af42110589ce6729fcfa5b6f8/screenshot - {}
RESULT: {}
RESULT: undefined
RESULT: undefined
RESULT: undefined
COMMAND: POST /session/1078df7af42110589ce6729fcfa5b6f8/elements - {"using":"xpath","value":"//span[text()='Error']"}
RESULT: {"using":"xpath","value":"//span[text()='Error']"}
COMMAND: POST /session/1078df7af42110589ce6729fcfa5b6f8/execute/async - {"script":"<script> [1562 bytes]","args":[{"selector":{"controlType":"sap.m.GenericTile","viewName":"bbs.dxcw.migration.view.Home","i18NText":{"propertyName":"header","key":"migrationService"}},"wdio_ui5_key":"bbsdxcw.migration.view.Homesap.m.GenericTile{\"propertyName\":\"header\",\"key\":\"migrationService\"}"}]}
RESULT: {"script":"<script> [1562 bytes]","args":[{"selector":{"controlType":"sap.m.GenericTile","viewName":"bbs.dxcw.migration.view.Home","i18NText":{"propertyName":"header","key":"migrationService"}},"wdio_ui5_key":"bbsdxcw.migration.view.Homesap.m.GenericTile{\"propertyName\":\"header\",\"key\":\"migrationService\"}"}]}
RESULT: undefined
COMMAND: POST /session/1078df7af42110589ce6729fcfa5b6f8/element - {"using":"xpath","value":"//*[@id=\"__tile26\"]"}
RESULT: {"using":"xpath","value":"//*[@id=\"__tile26\"]"}
COMMAND: POST /session/1078df7af42110589ce6729fcfa5b6f8/element/f.BA343095ED0ABE7E3673784E64AE5F80.d.7BAC2E2DDBC48B47175C62EE75F3F670.e.123/click - {}
RESULT: {}
COMMAND: GET /session/1078df7af42110589ce6729fcfa5b6f8/screenshot - {}
RESULT: {}
COMMAND: POST /session/1078df7af42110589ce6729fcfa5b6f8/element - {"using":"xpath","value":"//bdi[contains(text(), \"Create new Draft\")]"}
RESULT: {"using":"xpath","value":"//bdi[contains(text(), \"Create new Draft\")]"}
COMMAND: POST /session/1078df7af42110589ce6729fcfa5b6f8/elements - {"using":"xpath","value":"//bdi[contains(text(), \"Create new Draft\")]"}
RESULT: {"using":"xpath","value":"//bdi[contains(text(), \"Create new Draft\")]"}
COMMAND: POST /session/1078df7af42110589ce6729fcfa5b6f8/execute/sync - {"script":"<script> [8489 bytes]","args":[{"element-6066-11e4-a52e-4f735466cecf":"f.BA343095ED0ABE7E3673784E64AE5F80.d.7BAC2E2DDBC48B47175C62EE75F3F670.e.146","ELEMENT":"f.BA343095ED0ABE7E3673784E64AE5F80.d.7BAC2E2DDBC48B47175C62EE75F3F670.e.146"}]}
RESULT: {"script":"<script> [8489 bytes]","args":[{"element-6066-11e4-a52e-4f735466cecf":"f.BA343095ED0ABE7E3673784E64AE5F80.d.7BAC2E2DDBC48B47175C62EE75F3F670.e.146","ELEMENT":"f.BA343095ED0ABE7E3673784E64AE5F80.d.7BAC2E2DDBC48B47175C62EE75F3F670.e.146"}]}
COMMAND: GET /session/1078df7af42110589ce6729fcfa5b6f8/element/f.BA343095ED0ABE7E3673784E64AE5F80.d.7BAC2E2DDBC48B47175C62EE75F3F670.e.146/enabled - {}
COMMAND: GET /session/1078df7af42110589ce6729fcfa5b6f8/screenshot - {}
RESULT: {}
COMMAND: POST /session/1078df7af42110589ce6729fcfa5b6f8/execute/sync - {"script":"<script> [8489 bytes]","args":[{"element-6066-11e4-a52e-4f735466cecf":"f.BA343095ED0ABE7E3673784E64AE5F80.d.7BAC2E2DDBC48B47175C62EE75F3F670.e.146","ELEMENT":"f.BA343095ED0ABE7E3673784E64AE5F80.d.7BAC2E2DDBC48B47175C62EE75F3F670.e.146"}]}
COMMAND: GET /session/1078df7af42110589ce6729fcfa5b6f8/screenshot - {}
RESULT: {}
RESULT: {"script":"<script> [8489 bytes]","args":[{"element-6066-11e4-a52e-4f735466cecf":"f.BA343095ED0ABE7E3673784E64AE5F80.d.7BAC2E2DDBC48B47175C62EE75F3F670.e.146","ELEMENT":"f.BA343095ED0ABE7E3673784E64AE5F80.d.7BAC2E2DDBC48B47175C62EE75F3F670.e.146"}]}
COMMAND: POST /session/1078df7af42110589ce6729fcfa5b6f8/execute/sync - {"script":"<script> [5351 bytes]","args":[{"element-6066-11e4-a52e-4f735466cecf":"f.BA343095ED0ABE7E3673784E64AE5F80.d.7BAC2E2DDBC48B47175C62EE75F3F670.e.146","ELEMENT":"f.BA343095ED0ABE7E3673784E64AE5F80.d.7BAC2E2DDBC48B47175C62EE75F3F670.e.146"}]}
COMMAND: GET /session/1078df7af42110589ce6729fcfa5b6f8/screenshot - {}
RESULT: {}
RESULT: {"script":"<script> [5351 bytes]","args":[{"element-6066-11e4-a52e-4f735466cecf":"f.BA343095ED0ABE7E3673784E64AE5F80.d.7BAC2E2DDBC48B47175C62EE75F3F670.e.146","ELEMENT":"f.BA343095ED0ABE7E3673784E64AE5F80.d.7BAC2E2DDBC48B47175C62EE75F3F670.e.146"}]}
COMMAND: GET /session/1078df7af42110589ce6729fcfa5b6f8/screenshot - {}
RESULT: {}
RESULT: {}
COMMAND: POST /session/1078df7af42110589ce6729fcfa5b6f8/element - {"using":"xpath","value":"//bdi[contains(text(), \"Create new Draft\")]"}
RESULT: {"using":"xpath","value":"//bdi[contains(text(), \"Create new Draft\")]"}
COMMAND: POST /session/1078df7af42110589ce6729fcfa5b6f8/element/f.BA343095ED0ABE7E3673784E64AE5F80.d.7BAC2E2DDBC48B47175C62EE75F3F670.e.146/click - {}
RESULT: {}
COMMAND: GET /session/1078df7af42110589ce6729fcfa5b6f8/screenshot - {}
RESULT: {}
COMMAND: POST /session/1078df7af42110589ce6729fcfa5b6f8/element - {"using":"xpath","value":"//li[.//div[text()=\"Address\"]]"}
RESULT: {"using":"xpath","value":"//li[.//div[text()=\"Address\"]]"}
COMMAND: POST /session/1078df7af42110589ce6729fcfa5b6f8/element/f.BA343095ED0ABE7E3673784E64AE5F80.d.7BAC2E2DDBC48B47175C62EE75F3F670.e.288/click - {}
RESULT: {}
COMMAND: GET /session/1078df7af42110589ce6729fcfa5b6f8/screenshot - {}
COMMAND: POST /session/1078df7af42110589ce6729fcfa5b6f8/file - {"file":"[base64] 7080 bytes"}
RESULT: {}
RESULT: {"file":"[base64] 7080 bytes"}
COMMAND: POST /session/1078df7af42110589ce6729fcfa5b6f8/element - {"using":"xpath","value":"//input[(@type=\"file\") and contains(@id,\"BOList-10-0-1-uploader-fu\")]"}
RESULT: {"using":"xpath","value":"//input[(@type=\"file\") and contains(@id,\"BOList-10-0-1-uploader-fu\")]"}
COMMAND: POST /session/1078df7af42110589ce6729fcfa5b6f8/element/f.BA343095ED0ABE7E3673784E64AE5F80.d.7BAC2E2DDBC48B47175C62EE75F3F670.e.290/clear - {}
RESULT: {}
COMMAND: POST /session/1078df7af42110589ce6729fcfa5b6f8/element/f.BA343095ED0ABE7E3673784E64AE5F80.d.7BAC2E2DDBC48B47175C62EE75F3F670.e.290/value - {"text":"C:\\Windows\\SystemTemp\\scoped_dir6956_1259934755\\upload6956_1509871396\\Address.xlsx"}
COMMAND: GET /session/1078df7af42110589ce6729fcfa5b6f8/screenshot - {}
RESULT: {"text":"C:\\Windows\\SystemTemp\\scoped_dir6956_1259934755\\upload6956_1509871396\\Address.xlsx"}
COMMAND: GET /session/1078df7af42110589ce6729fcfa5b6f8/screenshot - {}
RESULT: {}
RESULT: {}
COMMAND: POST /session/1078df7af42110589ce6729fcfa5b6f8/element - {"using":"xpath","value":"//bdi[contains(text(), \"Match by name\")]"}
RESULT: {"using":"xpath","value":"//bdi[contains(text(), \"Match by name\")]"}
COMMAND: POST /session/1078df7af42110589ce6729fcfa5b6f8/element/f.BA343095ED0ABE7E3673784E64AE5F80.d.7BAC2E2DDBC48B47175C62EE75F3F670.e.304/click - {}
RESULT: {}
COMMAND: GET /session/1078df7af42110589ce6729fcfa5b6f8/screenshot - {}
RESULT: {}
COMMAND: POST /session/1078df7af42110589ce6729fcfa5b6f8/element - {"using":"xpath","value":"//bdi[text() = \"OK\"]"}
RESULT: {"using":"xpath","value":"//bdi[text() = \"OK\"]"}
COMMAND: POST /session/1078df7af42110589ce6729fcfa5b6f8/element/f.BA343095ED0ABE7E3673784E64AE5F80.d.7BAC2E2DDBC48B47175C62EE75F3F670.e.305/click - {}
RESULT: {}
COMMAND: GET /session/1078df7af42110589ce6729fcfa5b6f8/screenshot - {}
RESULT: {}
COMMAND: POST /session/1078df7af42110589ce6729fcfa5b6f8/element - {"using":"xpath","value":"//button[contains(@id,\"uploadBtn\")]"}
RESULT: {"using":"xpath","value":"//button[contains(@id,\"uploadBtn\")]"}
COMMAND: POST /session/1078df7af42110589ce6729fcfa5b6f8/element/f.BA343095ED0ABE7E3673784E64AE5F80.d.7BAC2E2DDBC48B47175C62EE75F3F670.e.285/click - {}
RESULT: {}
COMMAND: GET /session/1078df7af42110589ce6729fcfa5b6f8/screenshot - {}
RESULT: {}
COMMAND: POST /session/1078df7af42110589ce6729fcfa5b6f8/element - {"using":"xpath","value":"//button[.//bdi[contains(text(),\"Refresh Logs\")]]"}
RESULT: {"using":"xpath","value":"//button[.//bdi[contains(text(),\"Refresh Logs\")]]"}
COMMAND: POST /session/1078df7af42110589ce6729fcfa5b6f8/element/f.BA343095ED0ABE7E3673784E64AE5F80.d.7BAC2E2DDBC48B47175C62EE75F3F670.e.314/click - {}
RESULT: {}
COMMAND: GET /session/1078df7af42110589ce6729fcfa5b6f8/screenshot - {}
RESULT: {}
COMMAND: POST /session/1078df7af42110589ce6729fcfa5b6f8/element - {"using":"xpath","value":"//table[contains(@id,\"customHandoversTable-listUl\")]/tbody/tr[1]/td[4]/span"}
RESULT: {"using":"xpath","value":"//table[contains(@id,\"customHandoversTable-listUl\")]/tbody/tr[1]/td[4]/span"}
COMMAND: POST /session/1078df7af42110589ce6729fcfa5b6f8/execute/sync - {"script":"<script> [56 bytes]","args":[{"element-6066-11e4-a52e-4f735466cecf":"f.BA343095ED0ABE7E3673784E64AE5F80.d.7BAC2E2DDBC48B47175C62EE75F3F670.e.597","ELEMENT":"f.BA343095ED0ABE7E3673784E64AE5F80.d.7BAC2E2DDBC48B47175C62EE75F3F670.e.597"}]}
RESULT: {"script":"<script> [56 bytes]","args":[{"element-6066-11e4-a52e-4f735466cecf":"f.BA343095ED0ABE7E3673784E64AE5F80.d.7BAC2E2DDBC48B47175C62EE75F3F670.e.597","ELEMENT":"f.BA343095ED0ABE7E3673784E64AE5F80.d.7BAC2E2DDBC48B47175C62EE75F3F670.e.597"}]}
COMMAND: POST /session/1078df7af42110589ce6729fcfa5b6f8/element - {"using":"xpath","value":"//table[contains(@id,\"customHandoversTable-listUl\")]/tbody/tr[1]/td[7]/div/span[2]"}
COMMAND: GET /session/1078df7af42110589ce6729fcfa5b6f8/screenshot - {}
RESULT: {"using":"xpath","value":"//table[contains(@id,\"customHandoversTable-listUl\")]/tbody/tr[1]/td[7]/div/span[2]"}
COMMAND: POST /session/1078df7af42110589ce6729fcfa5b6f8/execute/sync - {"script":"<script> [56 bytes]","args":[{"element-6066-11e4-a52e-4f735466cecf":"f.BA343095ED0ABE7E3673784E64AE5F80.d.7BAC2E2DDBC48B47175C62EE75F3F670.e.598","ELEMENT":"f.BA343095ED0ABE7E3673784E64AE5F80.d.7BAC2E2DDBC48B47175C62EE75F3F670.e.598"}]}
RESULT: {}
RESULT: {"script":"<script> [56 bytes]","args":[{"element-6066-11e4-a52e-4f735466cecf":"f.BA343095ED0ABE7E3673784E64AE5F80.d.7BAC2E2DDBC48B47175C62EE75F3F670.e.598","ELEMENT":"f.BA343095ED0ABE7E3673784E64AE5F80.d.7BAC2E2DDBC48B47175C62EE75F3F670.e.598"}]}
COMMAND: POST /session/1078df7af42110589ce6729fcfa5b6f8/element - {"using":"xpath","value":"//table[contains(@id,\"customHandoversTable-listUl\")]/tbody/tr[1]/td[8]/div/span[2]"}
COMMAND: GET /session/1078df7af42110589ce6729fcfa5b6f8/screenshot - {}
RESULT: {"using":"xpath","value":"//table[contains(@id,\"customHandoversTable-listUl\")]/tbody/tr[1]/td[8]/div/span[2]"}
COMMAND: POST /session/1078df7af42110589ce6729fcfa5b6f8/execute/sync - {"script":"<script> [56 bytes]","args":[{"element-6066-11e4-a52e-4f735466cecf":"f.BA343095ED0ABE7E3673784E64AE5F80.d.7BAC2E2DDBC48B47175C62EE75F3F670.e.601","ELEMENT":"f.BA343095ED0ABE7E3673784E64AE5F80.d.7BAC2E2DDBC48B47175C62EE75F3F670.e.601"}]}
RESULT: {}
RESULT: {"script":"<script> [56 bytes]","args":[{"element-6066-11e4-a52e-4f735466cecf":"f.BA343095ED0ABE7E3673784E64AE5F80.d.7BAC2E2DDBC48B47175C62EE75F3F670.e.601","ELEMENT":"f.BA343095ED0ABE7E3673784E64AE5F80.d.7BAC2E2DDBC48B47175C62EE75F3F670.e.601"}]}
COMMAND: GET /session/1078df7af42110589ce6729fcfa5b6f8/screenshot - {}
RESULT: {}
COMMAND: POST /session/1078df7af42110589ce6729fcfa5b6f8/execute/async - {"script":"<script> [1562 bytes]","args":[{"selector":{"controlType":"sap.ui.core.Icon","viewName":"bbs.dxcw.migration.view.migration.MigrationMaster","properties":{"src":{"regex":{"source":"notes"}}}},"wdio_ui5_key":"bbsdxcw.migration.view.migration.MigrationMastersap.ui.core.Icon{\"src\":{\"regex\":{\"source\":\"notes\"}}}"}]}
RESULT: {"script":"<script> [1562 bytes]","args":[{"selector":{"controlType":"sap.ui.core.Icon","viewName":"bbs.dxcw.migration.view.migration.MigrationMaster","properties":{"src":{"regex":{"source":"notes"}}}},"wdio_ui5_key":"bbsdxcw.migration.view.migration.MigrationMastersap.ui.core.Icon{\"src\":{\"regex\":{\"source\":\"notes\"}}}"}]}
RESULT: undefined
COMMAND: POST /session/1078df7af42110589ce6729fcfa5b6f8/element - {"using":"xpath","value":"//*[@id=\"__filter0-icon\"]"}
RESULT: {"using":"xpath","value":"//*[@id=\"__filter0-icon\"]"}
COMMAND: POST /session/1078df7af42110589ce6729fcfa5b6f8/element/f.BA343095ED0ABE7E3673784E64AE5F80.d.7BAC2E2DDBC48B47175C62EE75F3F670.e.602/click - {}
RESULT: {}
COMMAND: GET /session/1078df7af42110589ce6729fcfa5b6f8/screenshot - {}
RESULT: {}
]]></system-out>
    </testcase>
    <testcase classname="chrome.136_0_7103_93.windows.Tests_for_DXCW_CAE_environment,_including_specific_login_to_the_system_US" name="Should upload yard file entry used for later tests as master data US156291" time="46.948">
      <system-out><![CDATA[
COMMAND: POST /session/1078df7af42110589ce6729fcfa5b6f8/element - {"using":"xpath","value":"//bdi[contains(text(), \"Create new Draft\")]"}
RESULT: {"using":"xpath","value":"//bdi[contains(text(), \"Create new Draft\")]"}
COMMAND: POST /session/1078df7af42110589ce6729fcfa5b6f8/element/f.BA343095ED0ABE7E3673784E64AE5F80.d.7BAC2E2DDBC48B47175C62EE75F3F670.e.606/click - {}
RESULT: {}
COMMAND: GET /session/1078df7af42110589ce6729fcfa5b6f8/screenshot - {}
RESULT: {}
COMMAND: POST /session/1078df7af42110589ce6729fcfa5b6f8/element - {"using":"xpath","value":"//li[.//div[text()=\"Yards\"]]"}
RESULT: {"using":"xpath","value":"//li[.//div[text()=\"Yards\"]]"}
COMMAND: POST /session/1078df7af42110589ce6729fcfa5b6f8/element/f.BA343095ED0ABE7E3673784E64AE5F80.d.7BAC2E2DDBC48B47175C62EE75F3F670.e.727/click - {}
RESULT: {}
COMMAND: GET /session/1078df7af42110589ce6729fcfa5b6f8/screenshot - {}
COMMAND: POST /session/1078df7af42110589ce6729fcfa5b6f8/file - {"file":"[base64] 6816 bytes"}
RESULT: {}
RESULT: {"file":"[base64] 6816 bytes"}
COMMAND: POST /session/1078df7af42110589ce6729fcfa5b6f8/element - {"using":"xpath","value":"//input[(@type=\"file\") and contains(@id,\"BOList-15-0-1-uploader-fu\")]"}
RESULT: {"using":"xpath","value":"//input[(@type=\"file\") and contains(@id,\"BOList-15-0-1-uploader-fu\")]"}
COMMAND: POST /session/1078df7af42110589ce6729fcfa5b6f8/element/f.BA343095ED0ABE7E3673784E64AE5F80.d.7BAC2E2DDBC48B47175C62EE75F3F670.e.730/clear - {}
RESULT: {}
COMMAND: POST /session/1078df7af42110589ce6729fcfa5b6f8/element/f.BA343095ED0ABE7E3673784E64AE5F80.d.7BAC2E2DDBC48B47175C62EE75F3F670.e.730/value - {"text":"C:\\Windows\\SystemTemp\\scoped_dir6956_1259934755\\upload6956_1757603036\\Yards.xlsx"}
COMMAND: GET /session/1078df7af42110589ce6729fcfa5b6f8/screenshot - {}
RESULT: {"text":"C:\\Windows\\SystemTemp\\scoped_dir6956_1259934755\\upload6956_1757603036\\Yards.xlsx"}
COMMAND: GET /session/1078df7af42110589ce6729fcfa5b6f8/screenshot - {}
RESULT: {}
RESULT: {}
COMMAND: POST /session/1078df7af42110589ce6729fcfa5b6f8/element - {"using":"xpath","value":"//bdi[contains(text(), \"Match by name\")]"}
RESULT: {"using":"xpath","value":"//bdi[contains(text(), \"Match by name\")]"}
COMMAND: POST /session/1078df7af42110589ce6729fcfa5b6f8/element/f.BA343095ED0ABE7E3673784E64AE5F80.d.7BAC2E2DDBC48B47175C62EE75F3F670.e.738/click - {}
RESULT: {}
COMMAND: GET /session/1078df7af42110589ce6729fcfa5b6f8/screenshot - {}
RESULT: {}
COMMAND: POST /session/1078df7af42110589ce6729fcfa5b6f8/element - {"using":"xpath","value":"//bdi[text() = \"OK\"]"}
RESULT: {"using":"xpath","value":"//bdi[text() = \"OK\"]"}
COMMAND: POST /session/1078df7af42110589ce6729fcfa5b6f8/element/f.BA343095ED0ABE7E3673784E64AE5F80.d.7BAC2E2DDBC48B47175C62EE75F3F670.e.739/click - {}
RESULT: {}
COMMAND: GET /session/1078df7af42110589ce6729fcfa5b6f8/screenshot - {}
RESULT: {}
COMMAND: POST /session/1078df7af42110589ce6729fcfa5b6f8/element - {"using":"xpath","value":"//button[contains(@id,\"uploadBtn\")]"}
RESULT: {"using":"xpath","value":"//button[contains(@id,\"uploadBtn\")]"}
COMMAND: POST /session/1078df7af42110589ce6729fcfa5b6f8/element/f.BA343095ED0ABE7E3673784E64AE5F80.d.7BAC2E2DDBC48B47175C62EE75F3F670.e.285/click - {}
RESULT: {}
COMMAND: GET /session/1078df7af42110589ce6729fcfa5b6f8/screenshot - {}
RESULT: {}
COMMAND: POST /session/1078df7af42110589ce6729fcfa5b6f8/element - {"using":"xpath","value":"//button[.//bdi[contains(text(),\"Refresh Logs\")]]"}
RESULT: {"using":"xpath","value":"//button[.//bdi[contains(text(),\"Refresh Logs\")]]"}
COMMAND: POST /session/1078df7af42110589ce6729fcfa5b6f8/element/f.BA343095ED0ABE7E3673784E64AE5F80.d.7BAC2E2DDBC48B47175C62EE75F3F670.e.746/click - {}
RESULT: {}
COMMAND: GET /session/1078df7af42110589ce6729fcfa5b6f8/screenshot - {}
RESULT: {}
COMMAND: POST /session/1078df7af42110589ce6729fcfa5b6f8/element - {"using":"xpath","value":"//table[contains(@id,\"customHandoversTable-listUl\")]/tbody/tr[1]/td[4]/span"}
RESULT: {"using":"xpath","value":"//table[contains(@id,\"customHandoversTable-listUl\")]/tbody/tr[1]/td[4]/span"}
COMMAND: POST /session/1078df7af42110589ce6729fcfa5b6f8/execute/sync - {"script":"<script> [56 bytes]","args":[{"element-6066-11e4-a52e-4f735466cecf":"f.BA343095ED0ABE7E3673784E64AE5F80.d.7BAC2E2DDBC48B47175C62EE75F3F670.e.1030","ELEMENT":"f.BA343095ED0ABE7E3673784E64AE5F80.d.7BAC2E2DDBC48B47175C62EE75F3F670.e.1030"}]}
RESULT: {"script":"<script> [56 bytes]","args":[{"element-6066-11e4-a52e-4f735466cecf":"f.BA343095ED0ABE7E3673784E64AE5F80.d.7BAC2E2DDBC48B47175C62EE75F3F670.e.1030","ELEMENT":"f.BA343095ED0ABE7E3673784E64AE5F80.d.7BAC2E2DDBC48B47175C62EE75F3F670.e.1030"}]}
COMMAND: POST /session/1078df7af42110589ce6729fcfa5b6f8/element - {"using":"xpath","value":"//table[contains(@id,\"customHandoversTable-listUl\")]/tbody/tr[1]/td[7]/div/span[2]"}
COMMAND: GET /session/1078df7af42110589ce6729fcfa5b6f8/screenshot - {}
RESULT: {"using":"xpath","value":"//table[contains(@id,\"customHandoversTable-listUl\")]/tbody/tr[1]/td[7]/div/span[2]"}
COMMAND: POST /session/1078df7af42110589ce6729fcfa5b6f8/execute/sync - {"script":"<script> [56 bytes]","args":[{"element-6066-11e4-a52e-4f735466cecf":"f.BA343095ED0ABE7E3673784E64AE5F80.d.7BAC2E2DDBC48B47175C62EE75F3F670.e.1031","ELEMENT":"f.BA343095ED0ABE7E3673784E64AE5F80.d.7BAC2E2DDBC48B47175C62EE75F3F670.e.1031"}]}
RESULT: {}
RESULT: {"script":"<script> [56 bytes]","args":[{"element-6066-11e4-a52e-4f735466cecf":"f.BA343095ED0ABE7E3673784E64AE5F80.d.7BAC2E2DDBC48B47175C62EE75F3F670.e.1031","ELEMENT":"f.BA343095ED0ABE7E3673784E64AE5F80.d.7BAC2E2DDBC48B47175C62EE75F3F670.e.1031"}]}
COMMAND: POST /session/1078df7af42110589ce6729fcfa5b6f8/element - {"using":"xpath","value":"//table[contains(@id,\"customHandoversTable-listUl\")]/tbody/tr[1]/td[8]/div/span[2]"}
COMMAND: GET /session/1078df7af42110589ce6729fcfa5b6f8/screenshot - {}
RESULT: {"using":"xpath","value":"//table[contains(@id,\"customHandoversTable-listUl\")]/tbody/tr[1]/td[8]/div/span[2]"}
COMMAND: POST /session/1078df7af42110589ce6729fcfa5b6f8/execute/sync - {"script":"<script> [56 bytes]","args":[{"element-6066-11e4-a52e-4f735466cecf":"f.BA343095ED0ABE7E3673784E64AE5F80.d.7BAC2E2DDBC48B47175C62EE75F3F670.e.1034","ELEMENT":"f.BA343095ED0ABE7E3673784E64AE5F80.d.7BAC2E2DDBC48B47175C62EE75F3F670.e.1034"}]}
RESULT: {}
RESULT: {"script":"<script> [56 bytes]","args":[{"element-6066-11e4-a52e-4f735466cecf":"f.BA343095ED0ABE7E3673784E64AE5F80.d.7BAC2E2DDBC48B47175C62EE75F3F670.e.1034","ELEMENT":"f.BA343095ED0ABE7E3673784E64AE5F80.d.7BAC2E2DDBC48B47175C62EE75F3F670.e.1034"}]}
COMMAND: GET /session/1078df7af42110589ce6729fcfa5b6f8/screenshot - {}
RESULT: {}
RESULT: undefined
COMMAND: POST /session/1078df7af42110589ce6729fcfa5b6f8/element - {"using":"xpath","value":"//*[@id=\"__filter0-icon\"]"}
RESULT: {"using":"xpath","value":"//*[@id=\"__filter0-icon\"]"}
COMMAND: POST /session/1078df7af42110589ce6729fcfa5b6f8/element/f.BA343095ED0ABE7E3673784E64AE5F80.d.7BAC2E2DDBC48B47175C62EE75F3F670.e.602/click - {}
RESULT: {}
COMMAND: GET /session/1078df7af42110589ce6729fcfa5b6f8/screenshot - {}
RESULT: {}
]]></system-out>
    </testcase>
    <testcase classname="chrome.136_0_7103_93.windows.Tests_for_DXCW_CAE_environment,_including_specific_login_to_the_system_US" name="Should upload compound partner files entry used for later tests as master data US156291" time="61.539">
      <system-out><![CDATA[
COMMAND: POST /session/1078df7af42110589ce6729fcfa5b6f8/element - {"using":"xpath","value":"//bdi[contains(text(), \"Create new Draft\")]"}
RESULT: {"using":"xpath","value":"//bdi[contains(text(), \"Create new Draft\")]"}
COMMAND: POST /session/1078df7af42110589ce6729fcfa5b6f8/element/f.BA343095ED0ABE7E3673784E64AE5F80.d.7BAC2E2DDBC48B47175C62EE75F3F670.e.1038/click - {}
RESULT: {}
COMMAND: GET /session/1078df7af42110589ce6729fcfa5b6f8/screenshot - {}
RESULT: {}
COMMAND: POST /session/1078df7af42110589ce6729fcfa5b6f8/element - {"using":"xpath","value":"//li[.//div[text()=\"Partners\"]]"}
RESULT: {"using":"xpath","value":"//li[.//div[text()=\"Partners\"]]"}
COMMAND: POST /session/1078df7af42110589ce6729fcfa5b6f8/element/f.BA343095ED0ABE7E3673784E64AE5F80.d.7BAC2E2DDBC48B47175C62EE75F3F670.e.1154/click - {}
RESULT: {}
COMMAND: GET /session/1078df7af42110589ce6729fcfa5b6f8/screenshot - {}
COMMAND: POST /session/1078df7af42110589ce6729fcfa5b6f8/file - {"file":"[base64] 6748 bytes"}
RESULT: {}
RESULT: {"file":"[base64] 6748 bytes"}
COMMAND: POST /session/1078df7af42110589ce6729fcfa5b6f8/element - {"using":"xpath","value":"//input[(@type=\"file\") and contains(@id,\"BOList-4-0-1-uploader-fu\")]"}
RESULT: {"using":"xpath","value":"//input[(@type=\"file\") and contains(@id,\"BOList-4-0-1-uploader-fu\")]"}
COMMAND: POST /session/1078df7af42110589ce6729fcfa5b6f8/element/f.BA343095ED0ABE7E3673784E64AE5F80.d.7BAC2E2DDBC48B47175C62EE75F3F670.e.1163/clear - {}
RESULT: {}
COMMAND: POST /session/1078df7af42110589ce6729fcfa5b6f8/element/f.BA343095ED0ABE7E3673784E64AE5F80.d.7BAC2E2DDBC48B47175C62EE75F3F670.e.1163/value - {"text":"C:\\Windows\\SystemTemp\\scoped_dir6956_1259934755\\upload6956_1317314637\\Partners.xlsx"}
COMMAND: GET /session/1078df7af42110589ce6729fcfa5b6f8/screenshot - {}
RESULT: {"text":"C:\\Windows\\SystemTemp\\scoped_dir6956_1259934755\\upload6956_1317314637\\Partners.xlsx"}
COMMAND: GET /session/1078df7af42110589ce6729fcfa5b6f8/screenshot - {}
RESULT: {}
RESULT: {}
COMMAND: POST /session/1078df7af42110589ce6729fcfa5b6f8/element - {"using":"xpath","value":"//bdi[contains(text(), \"Match by name\")]"}
RESULT: {"using":"xpath","value":"//bdi[contains(text(), \"Match by name\")]"}
COMMAND: POST /session/1078df7af42110589ce6729fcfa5b6f8/element/f.BA343095ED0ABE7E3673784E64AE5F80.d.7BAC2E2DDBC48B47175C62EE75F3F670.e.1173/click - {}
RESULT: {}
COMMAND: GET /session/1078df7af42110589ce6729fcfa5b6f8/screenshot - {}
RESULT: {}
COMMAND: POST /session/1078df7af42110589ce6729fcfa5b6f8/element - {"using":"xpath","value":"//bdi[text() = \"OK\"]"}
RESULT: {"using":"xpath","value":"//bdi[text() = \"OK\"]"}
COMMAND: POST /session/1078df7af42110589ce6729fcfa5b6f8/element/f.BA343095ED0ABE7E3673784E64AE5F80.d.7BAC2E2DDBC48B47175C62EE75F3F670.e.1174/click - {}
RESULT: {}
COMMAND: GET /session/1078df7af42110589ce6729fcfa5b6f8/screenshot - {}
RESULT: {}
COMMAND: POST /session/1078df7af42110589ce6729fcfa5b6f8/file - {"file":"[base64] 6424 bytes"}
RESULT: {"file":"[base64] 6424 bytes"}
COMMAND: POST /session/1078df7af42110589ce6729fcfa5b6f8/element - {"using":"xpath","value":"//input[(@type=\"file\") and contains(@id,\"BOList-4-1-1-uploader-fu\")]"}
RESULT: {"using":"xpath","value":"//input[(@type=\"file\") and contains(@id,\"BOList-4-1-1-uploader-fu\")]"}
COMMAND: POST /session/1078df7af42110589ce6729fcfa5b6f8/element/f.BA343095ED0ABE7E3673784E64AE5F80.d.7BAC2E2DDBC48B47175C62EE75F3F670.e.1177/clear - {}
RESULT: {}
COMMAND: POST /session/1078df7af42110589ce6729fcfa5b6f8/element/f.BA343095ED0ABE7E3673784E64AE5F80.d.7BAC2E2DDBC48B47175C62EE75F3F670.e.1177/value - {"text":"C:\\Windows\\SystemTemp\\scoped_dir6956_1259934755\\upload6956_1685313585\\YardsPartners.xlsx"}
COMMAND: GET /session/1078df7af42110589ce6729fcfa5b6f8/screenshot - {}
RESULT: {"text":"C:\\Windows\\SystemTemp\\scoped_dir6956_1259934755\\upload6956_1685313585\\YardsPartners.xlsx"}
COMMAND: GET /session/1078df7af42110589ce6729fcfa5b6f8/screenshot - {}
RESULT: {}
RESULT: {}
COMMAND: POST /session/1078df7af42110589ce6729fcfa5b6f8/element - {"using":"xpath","value":"//bdi[contains(text(), \"Match by name\")]"}
RESULT: {"using":"xpath","value":"//bdi[contains(text(), \"Match by name\")]"}
COMMAND: POST /session/1078df7af42110589ce6729fcfa5b6f8/element/f.BA343095ED0ABE7E3673784E64AE5F80.d.7BAC2E2DDBC48B47175C62EE75F3F670.e.1185/click - {}
RESULT: {}
COMMAND: GET /session/1078df7af42110589ce6729fcfa5b6f8/screenshot - {}
RESULT: {}
COMMAND: POST /session/1078df7af42110589ce6729fcfa5b6f8/element - {"using":"xpath","value":"//bdi[text() = \"OK\"]"}
RESULT: {"using":"xpath","value":"//bdi[text() = \"OK\"]"}
COMMAND: POST /session/1078df7af42110589ce6729fcfa5b6f8/element/f.BA343095ED0ABE7E3673784E64AE5F80.d.7BAC2E2DDBC48B47175C62EE75F3F670.e.1186/click - {}
RESULT: {}
COMMAND: GET /session/1078df7af42110589ce6729fcfa5b6f8/screenshot - {}
RESULT: {}
COMMAND: POST /session/1078df7af42110589ce6729fcfa5b6f8/execute/async - {"script":"<script> [1562 bytes]","args":[{"selector":{"controlType":"sap.m.Switch","viewName":"bbs.dxcw.migration.view.migration.MigrationNewDraft","bindingPath":{"path":"","propertyPath":"/isComposition","modelName":"ContentModel"},"interaction":{"idSuffix":"textoff"}},"wdio_ui5_key":"bbsdxcw.migration.view.migration.MigrationNewDraftsap.m.Switch{\"path\":\"\",\"propertyPath\":\"/isComposition\",\"modelName\":\"ContentModel\"}"}]}
RESULT: {"script":"<script> [1562 bytes]","args":[{"selector":{"controlType":"sap.m.Switch","viewName":"bbs.dxcw.migration.view.migration.MigrationNewDraft","bindingPath":{"path":"","propertyPath":"/isComposition","modelName":"ContentModel"},"interaction":{"idSuffix":"textoff"}},"wdio_ui5_key":"bbsdxcw.migration.view.migration.MigrationNewDraftsap.m.Switch{\"path\":\"\",\"propertyPath\":\"/isComposition\",\"modelName\":\"ContentModel\"}"}]}
RESULT: undefined
COMMAND: POST /session/1078df7af42110589ce6729fcfa5b6f8/element - {"using":"xpath","value":"//*[@id=\"__switch0\"]"}
RESULT: {"using":"xpath","value":"//*[@id=\"__switch0\"]"}
COMMAND: POST /session/1078df7af42110589ce6729fcfa5b6f8/element/f.BA343095ED0ABE7E3673784E64AE5F80.d.7BAC2E2DDBC48B47175C62EE75F3F670.e.277/click - {}
RESULT: {}
COMMAND: POST /session/1078df7af42110589ce6729fcfa5b6f8/element - {"using":"xpath","value":"//button[contains(@id,\"uploadBtn\")]"}
COMMAND: GET /session/1078df7af42110589ce6729fcfa5b6f8/screenshot - {}
RESULT: {"using":"xpath","value":"//button[contains(@id,\"uploadBtn\")]"}
COMMAND: POST /session/1078df7af42110589ce6729fcfa5b6f8/element/f.BA343095ED0ABE7E3673784E64AE5F80.d.7BAC2E2DDBC48B47175C62EE75F3F670.e.285/click - {}
RESULT: {}
RESULT: {}
COMMAND: GET /session/1078df7af42110589ce6729fcfa5b6f8/screenshot - {}
RESULT: {}
COMMAND: POST /session/1078df7af42110589ce6729fcfa5b6f8/element - {"using":"xpath","value":"//button[.//bdi[contains(text(),\"Refresh Logs\")]]"}
RESULT: {"using":"xpath","value":"//button[.//bdi[contains(text(),\"Refresh Logs\")]]"}
COMMAND: POST /session/1078df7af42110589ce6729fcfa5b6f8/element/f.BA343095ED0ABE7E3673784E64AE5F80.d.7BAC2E2DDBC48B47175C62EE75F3F670.e.1196/click - {}
RESULT: {}
COMMAND: GET /session/1078df7af42110589ce6729fcfa5b6f8/screenshot - {}
RESULT: {}
COMMAND: POST /session/1078df7af42110589ce6729fcfa5b6f8/element - {"using":"xpath","value":"//table[contains(@id,\"customHandoversTable-listUl\")]/tbody/tr[1]/td[4]/span"}
RESULT: {"using":"xpath","value":"//table[contains(@id,\"customHandoversTable-listUl\")]/tbody/tr[1]/td[4]/span"}
COMMAND: POST /session/1078df7af42110589ce6729fcfa5b6f8/execute/sync - {"script":"<script> [56 bytes]","args":[{"element-6066-11e4-a52e-4f735466cecf":"f.BA343095ED0ABE7E3673784E64AE5F80.d.7BAC2E2DDBC48B47175C62EE75F3F670.e.1481","ELEMENT":"f.BA343095ED0ABE7E3673784E64AE5F80.d.7BAC2E2DDBC48B47175C62EE75F3F670.e.1481"}]}
RESULT: {"script":"<script> [56 bytes]","args":[{"element-6066-11e4-a52e-4f735466cecf":"f.BA343095ED0ABE7E3673784E64AE5F80.d.7BAC2E2DDBC48B47175C62EE75F3F670.e.1481","ELEMENT":"f.BA343095ED0ABE7E3673784E64AE5F80.d.7BAC2E2DDBC48B47175C62EE75F3F670.e.1481"}]}
COMMAND: POST /session/1078df7af42110589ce6729fcfa5b6f8/element - {"using":"xpath","value":"//table[contains(@id,\"customHandoversTable-listUl\")]/tbody/tr[1]/td[7]/div/span[2]"}
COMMAND: GET /session/1078df7af42110589ce6729fcfa5b6f8/screenshot - {}
RESULT: {"using":"xpath","value":"//table[contains(@id,\"customHandoversTable-listUl\")]/tbody/tr[1]/td[7]/div/span[2]"}
COMMAND: POST /session/1078df7af42110589ce6729fcfa5b6f8/execute/sync - {"script":"<script> [56 bytes]","args":[{"element-6066-11e4-a52e-4f735466cecf":"f.BA343095ED0ABE7E3673784E64AE5F80.d.7BAC2E2DDBC48B47175C62EE75F3F670.e.1482","ELEMENT":"f.BA343095ED0ABE7E3673784E64AE5F80.d.7BAC2E2DDBC48B47175C62EE75F3F670.e.1482"}]}
RESULT: {}
RESULT: {"script":"<script> [56 bytes]","args":[{"element-6066-11e4-a52e-4f735466cecf":"f.BA343095ED0ABE7E3673784E64AE5F80.d.7BAC2E2DDBC48B47175C62EE75F3F670.e.1482","ELEMENT":"f.BA343095ED0ABE7E3673784E64AE5F80.d.7BAC2E2DDBC48B47175C62EE75F3F670.e.1482"}]}
COMMAND: POST /session/1078df7af42110589ce6729fcfa5b6f8/element - {"using":"xpath","value":"//table[contains(@id,\"customHandoversTable-listUl\")]/tbody/tr[1]/td[8]/div/span[2]"}
COMMAND: GET /session/1078df7af42110589ce6729fcfa5b6f8/screenshot - {}
RESULT: {"using":"xpath","value":"//table[contains(@id,\"customHandoversTable-listUl\")]/tbody/tr[1]/td[8]/div/span[2]"}
COMMAND: POST /session/1078df7af42110589ce6729fcfa5b6f8/execute/sync - {"script":"<script> [56 bytes]","args":[{"element-6066-11e4-a52e-4f735466cecf":"f.BA343095ED0ABE7E3673784E64AE5F80.d.7BAC2E2DDBC48B47175C62EE75F3F670.e.1485","ELEMENT":"f.BA343095ED0ABE7E3673784E64AE5F80.d.7BAC2E2DDBC48B47175C62EE75F3F670.e.1485"}]}
RESULT: {}
RESULT: {"script":"<script> [56 bytes]","args":[{"element-6066-11e4-a52e-4f735466cecf":"f.BA343095ED0ABE7E3673784E64AE5F80.d.7BAC2E2DDBC48B47175C62EE75F3F670.e.1485","ELEMENT":"f.BA343095ED0ABE7E3673784E64AE5F80.d.7BAC2E2DDBC48B47175C62EE75F3F670.e.1485"}]}
COMMAND: GET /session/1078df7af42110589ce6729fcfa5b6f8/screenshot - {}
RESULT: {}
RESULT: undefined
COMMAND: POST /session/1078df7af42110589ce6729fcfa5b6f8/element - {"using":"xpath","value":"//*[@id=\"__filter0-icon\"]"}
RESULT: {"using":"xpath","value":"//*[@id=\"__filter0-icon\"]"}
COMMAND: POST /session/1078df7af42110589ce6729fcfa5b6f8/element/f.BA343095ED0ABE7E3673784E64AE5F80.d.7BAC2E2DDBC48B47175C62EE75F3F670.e.602/click - {}
RESULT: {}
COMMAND: GET /session/1078df7af42110589ce6729fcfa5b6f8/screenshot - {}
RESULT: {}
]]></system-out>
    </testcase>
    <testcase classname="chrome.136_0_7103_93.windows.Tests_for_DXCW_CAE_environment,_including_specific_login_to_the_system_US" name="Should upload site file entry used for later tests as master data US156291" time="52.068">
      <system-out><![CDATA[
COMMAND: POST /session/1078df7af42110589ce6729fcfa5b6f8/element - {"using":"xpath","value":"//bdi[contains(text(), \"Create new Draft\")]"}
RESULT: {"using":"xpath","value":"//bdi[contains(text(), \"Create new Draft\")]"}
COMMAND: POST /session/1078df7af42110589ce6729fcfa5b6f8/element/f.BA343095ED0ABE7E3673784E64AE5F80.d.7BAC2E2DDBC48B47175C62EE75F3F670.e.1489/click - {}
RESULT: {}
COMMAND: GET /session/1078df7af42110589ce6729fcfa5b6f8/screenshot - {}
RESULT: {}
COMMAND: POST /session/1078df7af42110589ce6729fcfa5b6f8/element - {"using":"xpath","value":"//li[.//div[text()=\"Sites\"]]"}
RESULT: {"using":"xpath","value":"//li[.//div[text()=\"Sites\"]]"}
COMMAND: POST /session/1078df7af42110589ce6729fcfa5b6f8/element/f.BA343095ED0ABE7E3673784E64AE5F80.d.7BAC2E2DDBC48B47175C62EE75F3F670.e.1159/click - {}
RESULT: {}
COMMAND: GET /session/1078df7af42110589ce6729fcfa5b6f8/screenshot - {}
COMMAND: POST /session/1078df7af42110589ce6729fcfa5b6f8/file - {"file":"[base64] 6440 bytes"}
RESULT: {}
RESULT: {"file":"[base64] 6440 bytes"}
COMMAND: POST /session/1078df7af42110589ce6729fcfa5b6f8/element - {"using":"xpath","value":"//input[(@type=\"file\") and contains(@id,\"BOList-9-0-1-uploader-fu\")]"}
RESULT: {"using":"xpath","value":"//input[(@type=\"file\") and contains(@id,\"BOList-9-0-1-uploader-fu\")]"}
COMMAND: POST /session/1078df7af42110589ce6729fcfa5b6f8/element/f.BA343095ED0ABE7E3673784E64AE5F80.d.7BAC2E2DDBC48B47175C62EE75F3F670.e.1607/clear - {}
RESULT: {}
COMMAND: POST /session/1078df7af42110589ce6729fcfa5b6f8/element/f.BA343095ED0ABE7E3673784E64AE5F80.d.7BAC2E2DDBC48B47175C62EE75F3F670.e.1607/value - {"text":"C:\\Windows\\SystemTemp\\scoped_dir6956_1259934755\\upload6956_662416279\\Sites.xlsx"}
COMMAND: GET /session/1078df7af42110589ce6729fcfa5b6f8/screenshot - {}
RESULT: {"text":"C:\\Windows\\SystemTemp\\scoped_dir6956_1259934755\\upload6956_662416279\\Sites.xlsx"}
COMMAND: GET /session/1078df7af42110589ce6729fcfa5b6f8/screenshot - {}
RESULT: {}
RESULT: {}
COMMAND: POST /session/1078df7af42110589ce6729fcfa5b6f8/element - {"using":"xpath","value":"//bdi[contains(text(), \"Match by name\")]"}
RESULT: {"using":"xpath","value":"//bdi[contains(text(), \"Match by name\")]"}
COMMAND: POST /session/1078df7af42110589ce6729fcfa5b6f8/element/f.BA343095ED0ABE7E3673784E64AE5F80.d.7BAC2E2DDBC48B47175C62EE75F3F670.e.1616/click - {}
RESULT: {}
COMMAND: GET /session/1078df7af42110589ce6729fcfa5b6f8/screenshot - {}
RESULT: {}
COMMAND: POST /session/1078df7af42110589ce6729fcfa5b6f8/element - {"using":"xpath","value":"//bdi[text() = \"OK\"]"}
RESULT: {"using":"xpath","value":"//bdi[text() = \"OK\"]"}
COMMAND: POST /session/1078df7af42110589ce6729fcfa5b6f8/element/f.BA343095ED0ABE7E3673784E64AE5F80.d.7BAC2E2DDBC48B47175C62EE75F3F670.e.1617/click - {}
RESULT: {}
COMMAND: GET /session/1078df7af42110589ce6729fcfa5b6f8/screenshot - {}
RESULT: {}
COMMAND: POST /session/1078df7af42110589ce6729fcfa5b6f8/element - {"using":"xpath","value":"//button[contains(@id,\"uploadBtn\")]"}
RESULT: {"using":"xpath","value":"//button[contains(@id,\"uploadBtn\")]"}
COMMAND: POST /session/1078df7af42110589ce6729fcfa5b6f8/element/f.BA343095ED0ABE7E3673784E64AE5F80.d.7BAC2E2DDBC48B47175C62EE75F3F670.e.285/click - {}
RESULT: {}
COMMAND: GET /session/1078df7af42110589ce6729fcfa5b6f8/screenshot - {}
RESULT: {}
COMMAND: POST /session/1078df7af42110589ce6729fcfa5b6f8/element - {"using":"xpath","value":"//button[.//bdi[contains(text(),\"Refresh Logs\")]]"}
RESULT: {"using":"xpath","value":"//button[.//bdi[contains(text(),\"Refresh Logs\")]]"}
COMMAND: POST /session/1078df7af42110589ce6729fcfa5b6f8/element/f.BA343095ED0ABE7E3673784E64AE5F80.d.7BAC2E2DDBC48B47175C62EE75F3F670.e.1624/click - {}
RESULT: {}
COMMAND: GET /session/1078df7af42110589ce6729fcfa5b6f8/screenshot - {}
RESULT: {}
COMMAND: POST /session/1078df7af42110589ce6729fcfa5b6f8/element - {"using":"xpath","value":"//table[contains(@id,\"customHandoversTable-listUl\")]/tbody/tr[1]/td[4]/span"}
RESULT: {"using":"xpath","value":"//table[contains(@id,\"customHandoversTable-listUl\")]/tbody/tr[1]/td[4]/span"}
COMMAND: POST /session/1078df7af42110589ce6729fcfa5b6f8/execute/sync - {"script":"<script> [56 bytes]","args":[{"element-6066-11e4-a52e-4f735466cecf":"f.BA343095ED0ABE7E3673784E64AE5F80.d.7BAC2E2DDBC48B47175C62EE75F3F670.e.1905","ELEMENT":"f.BA343095ED0ABE7E3673784E64AE5F80.d.7BAC2E2DDBC48B47175C62EE75F3F670.e.1905"}]}
RESULT: {"script":"<script> [56 bytes]","args":[{"element-6066-11e4-a52e-4f735466cecf":"f.BA343095ED0ABE7E3673784E64AE5F80.d.7BAC2E2DDBC48B47175C62EE75F3F670.e.1905","ELEMENT":"f.BA343095ED0ABE7E3673784E64AE5F80.d.7BAC2E2DDBC48B47175C62EE75F3F670.e.1905"}]}
COMMAND: POST /session/1078df7af42110589ce6729fcfa5b6f8/element - {"using":"xpath","value":"//table[contains(@id,\"customHandoversTable-listUl\")]/tbody/tr[1]/td[7]/div/span[2]"}
COMMAND: GET /session/1078df7af42110589ce6729fcfa5b6f8/screenshot - {}
RESULT: {"using":"xpath","value":"//table[contains(@id,\"customHandoversTable-listUl\")]/tbody/tr[1]/td[7]/div/span[2]"}
COMMAND: POST /session/1078df7af42110589ce6729fcfa5b6f8/execute/sync - {"script":"<script> [56 bytes]","args":[{"element-6066-11e4-a52e-4f735466cecf":"f.BA343095ED0ABE7E3673784E64AE5F80.d.7BAC2E2DDBC48B47175C62EE75F3F670.e.1906","ELEMENT":"f.BA343095ED0ABE7E3673784E64AE5F80.d.7BAC2E2DDBC48B47175C62EE75F3F670.e.1906"}]}
RESULT: {}
RESULT: {"script":"<script> [56 bytes]","args":[{"element-6066-11e4-a52e-4f735466cecf":"f.BA343095ED0ABE7E3673784E64AE5F80.d.7BAC2E2DDBC48B47175C62EE75F3F670.e.1906","ELEMENT":"f.BA343095ED0ABE7E3673784E64AE5F80.d.7BAC2E2DDBC48B47175C62EE75F3F670.e.1906"}]}
COMMAND: POST /session/1078df7af42110589ce6729fcfa5b6f8/element - {"using":"xpath","value":"//table[contains(@id,\"customHandoversTable-listUl\")]/tbody/tr[1]/td[8]/div/span[2]"}
COMMAND: GET /session/1078df7af42110589ce6729fcfa5b6f8/screenshot - {}
RESULT: {"using":"xpath","value":"//table[contains(@id,\"customHandoversTable-listUl\")]/tbody/tr[1]/td[8]/div/span[2]"}
COMMAND: POST /session/1078df7af42110589ce6729fcfa5b6f8/execute/sync - {"script":"<script> [56 bytes]","args":[{"element-6066-11e4-a52e-4f735466cecf":"f.BA343095ED0ABE7E3673784E64AE5F80.d.7BAC2E2DDBC48B47175C62EE75F3F670.e.1909","ELEMENT":"f.BA343095ED0ABE7E3673784E64AE5F80.d.7BAC2E2DDBC48B47175C62EE75F3F670.e.1909"}]}
RESULT: {}
RESULT: {"script":"<script> [56 bytes]","args":[{"element-6066-11e4-a52e-4f735466cecf":"f.BA343095ED0ABE7E3673784E64AE5F80.d.7BAC2E2DDBC48B47175C62EE75F3F670.e.1909","ELEMENT":"f.BA343095ED0ABE7E3673784E64AE5F80.d.7BAC2E2DDBC48B47175C62EE75F3F670.e.1909"}]}
COMMAND: GET /session/1078df7af42110589ce6729fcfa5b6f8/screenshot - {}
RESULT: {}
RESULT: undefined
COMMAND: POST /session/1078df7af42110589ce6729fcfa5b6f8/element - {"using":"xpath","value":"//*[@id=\"__filter0-icon\"]"}
RESULT: {"using":"xpath","value":"//*[@id=\"__filter0-icon\"]"}
COMMAND: POST /session/1078df7af42110589ce6729fcfa5b6f8/element/f.BA343095ED0ABE7E3673784E64AE5F80.d.7BAC2E2DDBC48B47175C62EE75F3F670.e.602/click - {}
RESULT: {}
COMMAND: GET /session/1078df7af42110589ce6729fcfa5b6f8/screenshot - {}
RESULT: {}
COMMAND: POST /session/1078df7af42110589ce6729fcfa5b6f8/element - {"using":"css selector","value":"#shell-header-logo"}
RESULT: {"using":"css selector","value":"#shell-header-logo"}
COMMAND: POST /session/1078df7af42110589ce6729fcfa5b6f8/element/f.BA343095ED0ABE7E3673784E64AE5F80.d.7BAC2E2DDBC48B47175C62EE75F3F670.e.121/click - {}
RESULT: {}
COMMAND: GET /session/1078df7af42110589ce6729fcfa5b6f8/screenshot - {}
RESULT: {}
COMMAND: POST /session/1078df7af42110589ce6729fcfa5b6f8/element - {"using":"css selector","value":"#j_username"}
COMMAND: POST /session/1078df7af42110589ce6729fcfa5b6f8/url - {"url":"https://qa-testing-00-live-etm-ui.cfapps.eu10-004.hana.ondemand.com/"}
RESULT: {"using":"css selector","value":"#j_username"}
COMMAND: POST /session/1078df7af42110589ce6729fcfa5b6f8/element - {"using":"css selector","value":"#j_username"}
RESULT: {"url":"https://qa-testing-00-live-etm-ui.cfapps.eu10-004.hana.ondemand.com/"}
RESULT: undefined
COMMAND: GET /session/1078df7af42110589ce6729fcfa5b6f8/screenshot - {}
RESULT: {"using":"css selector","value":"#j_username"}
COMMAND: POST /session/1078df7af42110589ce6729fcfa5b6f8/element - {"using":"css selector","value":"#shell-header-logo"}
RESULT: {}
RESULT: {"using":"css selector","value":"#shell-header-logo"}
COMMAND: POST /session/1078df7af42110589ce6729fcfa5b6f8/execute/sync - {"script":"<script> [8489 bytes]","args":[{"element-6066-11e4-a52e-4f735466cecf":"f.BA343095ED0ABE7E3673784E64AE5F80.d.D45F9311528F992D0FEA6BE218CBC14A.e.1921","ELEMENT":"f.BA343095ED0ABE7E3673784E64AE5F80.d.D45F9311528F992D0FEA6BE218CBC14A.e.1921"}]}
RESULT: {"script":"<script> [8489 bytes]","args":[{"element-6066-11e4-a52e-4f735466cecf":"f.BA343095ED0ABE7E3673784E64AE5F80.d.D45F9311528F992D0FEA6BE218CBC14A.e.1921","ELEMENT":"f.BA343095ED0ABE7E3673784E64AE5F80.d.D45F9311528F992D0FEA6BE218CBC14A.e.1921"}]}
COMMAND: POST /session/1078df7af42110589ce6729fcfa5b6f8/element - {"using":"css selector","value":"#shell-header-logo"}
COMMAND: GET /session/1078df7af42110589ce6729fcfa5b6f8/screenshot - {}
RESULT: {"using":"css selector","value":"#shell-header-logo"}
COMMAND: POST /session/1078df7af42110589ce6729fcfa5b6f8/execute/sync - {"script":"<script> [8489 bytes]","args":[{"element-6066-11e4-a52e-4f735466cecf":"f.BA343095ED0ABE7E3673784E64AE5F80.d.D45F9311528F992D0FEA6BE218CBC14A.e.1921","ELEMENT":"f.BA343095ED0ABE7E3673784E64AE5F80.d.D45F9311528F992D0FEA6BE218CBC14A.e.1921"}]}
RESULT: {}
RESULT: {"script":"<script> [8489 bytes]","args":[{"element-6066-11e4-a52e-4f735466cecf":"f.BA343095ED0ABE7E3673784E64AE5F80.d.D45F9311528F992D0FEA6BE218CBC14A.e.1921","ELEMENT":"f.BA343095ED0ABE7E3673784E64AE5F80.d.D45F9311528F992D0FEA6BE218CBC14A.e.1921"}]}
COMMAND: POST /session/1078df7af42110589ce6729fcfa5b6f8/execute/sync - {"script":"<script> [5351 bytes]","args":[{"element-6066-11e4-a52e-4f735466cecf":"f.BA343095ED0ABE7E3673784E64AE5F80.d.D45F9311528F992D0FEA6BE218CBC14A.e.1921","ELEMENT":"f.BA343095ED0ABE7E3673784E64AE5F80.d.D45F9311528F992D0FEA6BE218CBC14A.e.1921"}]}
COMMAND: GET /session/1078df7af42110589ce6729fcfa5b6f8/screenshot - {}
RESULT: {"script":"<script> [5351 bytes]","args":[{"element-6066-11e4-a52e-4f735466cecf":"f.BA343095ED0ABE7E3673784E64AE5F80.d.D45F9311528F992D0FEA6BE218CBC14A.e.1921","ELEMENT":"f.BA343095ED0ABE7E3673784E64AE5F80.d.D45F9311528F992D0FEA6BE218CBC14A.e.1921"}]}
COMMAND: POST /session/1078df7af42110589ce6729fcfa5b6f8/element - {"using":"css selector","value":"#shell-header-logo"}
COMMAND: GET /session/1078df7af42110589ce6729fcfa5b6f8/screenshot - {}
RESULT: {}
RESULT: {"using":"css selector","value":"#shell-header-logo"}
COMMAND: POST /session/1078df7af42110589ce6729fcfa5b6f8/element/f.BA343095ED0ABE7E3673784E64AE5F80.d.D45F9311528F992D0FEA6BE218CBC14A.e.1921/click - {}
RESULT: {}
RESULT: {}
COMMAND: GET /session/1078df7af42110589ce6729fcfa5b6f8/screenshot - {}
RESULT: {}
COMMAND: POST /session/1078df7af42110589ce6729fcfa5b6f8/execute/async - {"script":"<script> [189 bytes]","args":[]}
RESULT: {"script":"<script> [189 bytes]","args":[]}
COMMAND: POST /session/1078df7af42110589ce6729fcfa5b6f8/execute/async - {"script":"<script> [123 bytes]","args":[]}
RESULT: {"script":"<script> [123 bytes]","args":[]}
COMMAND: POST /session/1078df7af42110589ce6729fcfa5b6f8/timeouts - {"script":"<number>"}
RESULT: {"script":"<number>"}
COMMAND: GET /session/1078df7af42110589ce6729fcfa5b6f8/timeouts - {}
RESULT: {}
RESULT: undefined
COMMAND: POST /session/1078df7af42110589ce6729fcfa5b6f8/execute/async - {"script":"<script> [2676 bytes]","args":[]}
RESULT: {"script":"<script> [2676 bytes]","args":[]}
COMMAND: POST /session/1078df7af42110589ce6729fcfa5b6f8/execute/async - {"script":"<script> [2342 bytes]","args":[{"protocol":"http","hostname":"0.0.0.0","path":"/","capabilities":{"browserName":"chrome","goog:chromeOptions":{"binary":"C:\\Program Files\\Google\\Chrome\\Application\\chrome.exe","args":["--start-maximized"]}},"logLevel":"warn","connectionRetryTimeout":120000,"connectionRetryCount":3,"logLevels":{},"enableDirectConnect":true,"strictSSL":true,"_":"65 more keys: [\"cacheDir\",\"port\",\"requestedCapabilities\",\"automationProtocol\",\"baseUrl\",\"waitforInterval\",\"waitforTimeout\",\"onReload\",\"beforeCommand\",\"afterCommand\",\"rootDir\",\"specs\",\"suites\",\"exclude\",\"groupLogsByTestSpec\",\"excludeDriverLogs\",\"bail\",\"framework\",\"reporters\",\"services\",\"maxInstances\",\"maxInstancesPerCapability\",\"injectGlobals\",\"filesToWatch\",\"execArgv\",\"runnerEnv\",\"runner\",\"shard\",\"specFileRetries\",\"specFileRetriesDelay\",\"specFileRetriesDeferred\",\"reporterSyncInterval\",\"reporterSyncTimeout\",\"cucumberFeaturesWithLineNumbers\",\"autoCompileOpts\",\"mochaOpts\",\"jasmineOpts\",\"cucumberOpts\",\"onPrepare\",\"onWorkerStart\",\"onWorkerEnd\",\"before\",\"beforeSession\",\"beforeSuite\",\"beforeHook\",\"beforeTest\",\"afterTest\",\"afterHook\",\"afterSuite\",\"afterSession\",\"after\",\"onComplete\",\"beforeAssertion\",\"afterAssertion\",\"beforeFeature\",\"beforeScenario\",\"beforeStep\",\"afterStep\",\"afterScenario\",\"afterFeature\",\"_\",\"suite\",\"$0\",\"ignoredWorkerServices\",\"wdi5\"]"}]}
RESULT: {"script":"<script> [2342 bytes]","args":[{"protocol":"http","hostname":"0.0.0.0","path":"/","capabilities":{"browserName":"chrome","goog:chromeOptions":{"binary":"C:\\Program Files\\Google\\Chrome\\Application\\chrome.exe","args":["--start-maximized"]}},"logLevel":"warn","connectionRetryTimeout":120000,"connectionRetryCount":3,"logLevels":{},"enableDirectConnect":true,"strictSSL":true,"_":"65 more keys: [\"cacheDir\",\"port\",\"requestedCapabilities\",\"automationProtocol\",\"baseUrl\",\"waitforInterval\",\"waitforTimeout\",\"onReload\",\"beforeCommand\",\"afterCommand\",\"rootDir\",\"specs\",\"suites\",\"exclude\",\"groupLogsByTestSpec\",\"excludeDriverLogs\",\"bail\",\"framework\",\"reporters\",\"services\",\"maxInstances\",\"maxInstancesPerCapability\",\"injectGlobals\",\"filesToWatch\",\"execArgv\",\"runnerEnv\",\"runner\",\"shard\",\"specFileRetries\",\"specFileRetriesDelay\",\"specFileRetriesDeferred\",\"reporterSyncInterval\",\"reporterSyncTimeout\",\"cucumberFeaturesWithLineNumbers\",\"autoCompileOpts\",\"mochaOpts\",\"jasmineOpts\",\"cucumberOpts\",\"onPrepare\",\"onWorkerStart\",\"onWorkerEnd\",\"before\",\"beforeSession\",\"beforeSuite\",\"beforeHook\",\"beforeTest\",\"afterTest\",\"afterHook\",\"afterSuite\",\"afterSession\",\"after\",\"onComplete\",\"beforeAssertion\",\"afterAssertion\",\"beforeFeature\",\"beforeScenario\",\"beforeStep\",\"afterStep\",\"afterScenario\",\"afterFeature\",\"_\",\"suite\",\"$0\",\"ignoredWorkerServices\",\"wdi5\"]"}]}
COMMAND: POST /session/1078df7af42110589ce6729fcfa5b6f8/execute/async - {"script":"<script> [21126 bytes]","args":[35000]}
RESULT: {"script":"<script> [21126 bytes]","args":[35000]}
COMMAND: POST /session/1078df7af42110589ce6729fcfa5b6f8/window/maximize - {}
RESULT: {}
COMMAND: POST /session/1078df7af42110589ce6729fcfa5b6f8/execute/async - {"script":"<script> [1562 bytes]","args":[{"selector":{"id":"shell-header","interaction":{"idSuffix":"icon"}},"wdio_ui5_key":"shellheader"}]}
COMMAND: GET /session/1078df7af42110589ce6729fcfa5b6f8/screenshot - {}
RESULT: {"script":"<script> [1562 bytes]","args":[{"selector":{"id":"shell-header","interaction":{"idSuffix":"icon"}},"wdio_ui5_key":"shellheader"}]}
RESULT: undefined
COMMAND: POST /session/1078df7af42110589ce6729fcfa5b6f8/refresh - {}
RESULT: {}
RESULT: {}
COMMAND: GET /session/1078df7af42110589ce6729fcfa5b6f8/screenshot - {}
RESULT: {}
COMMAND: POST /session/1078df7af42110589ce6729fcfa5b6f8/refresh - {}
RESULT: {}
COMMAND: GET /session/1078df7af42110589ce6729fcfa5b6f8/screenshot - {}
RESULT: {}
COMMAND: POST /session/1078df7af42110589ce6729fcfa5b6f8/window/fullscreen - {}
RESULT: {}
COMMAND: POST /session/1078df7af42110589ce6729fcfa5b6f8/execute/async - {"script":"<script> [189 bytes]","args":[]}
RESULT: {"script":"<script> [189 bytes]","args":[]}
COMMAND: POST /session/1078df7af42110589ce6729fcfa5b6f8/execute/async - {"script":"<script> [123 bytes]","args":[]}
RESULT: {"script":"<script> [123 bytes]","args":[]}
COMMAND: POST /session/1078df7af42110589ce6729fcfa5b6f8/timeouts - {"script":"<number>"}
RESULT: {"script":"<number>"}
COMMAND: GET /session/1078df7af42110589ce6729fcfa5b6f8/timeouts - {}
RESULT: {}
RESULT: undefined
COMMAND: POST /session/1078df7af42110589ce6729fcfa5b6f8/execute/async - {"script":"<script> [2676 bytes]","args":[]}
RESULT: {"script":"<script> [2676 bytes]","args":[]}
COMMAND: POST /session/1078df7af42110589ce6729fcfa5b6f8/execute/async - {"script":"<script> [2342 bytes]","args":[{"protocol":"http","hostname":"0.0.0.0","path":"/","capabilities":{"browserName":"chrome","goog:chromeOptions":{"binary":"C:\\Program Files\\Google\\Chrome\\Application\\chrome.exe","args":["--start-maximized"]}},"logLevel":"warn","connectionRetryTimeout":120000,"connectionRetryCount":3,"logLevels":{},"enableDirectConnect":true,"strictSSL":true,"_":"65 more keys: [\"cacheDir\",\"port\",\"requestedCapabilities\",\"automationProtocol\",\"baseUrl\",\"waitforInterval\",\"waitforTimeout\",\"onReload\",\"beforeCommand\",\"afterCommand\",\"rootDir\",\"specs\",\"suites\",\"exclude\",\"groupLogsByTestSpec\",\"excludeDriverLogs\",\"bail\",\"framework\",\"reporters\",\"services\",\"maxInstances\",\"maxInstancesPerCapability\",\"injectGlobals\",\"filesToWatch\",\"execArgv\",\"runnerEnv\",\"runner\",\"shard\",\"specFileRetries\",\"specFileRetriesDelay\",\"specFileRetriesDeferred\",\"reporterSyncInterval\",\"reporterSyncTimeout\",\"cucumberFeaturesWithLineNumbers\",\"autoCompileOpts\",\"mochaOpts\",\"jasmineOpts\",\"cucumberOpts\",\"onPrepare\",\"onWorkerStart\",\"onWorkerEnd\",\"before\",\"beforeSession\",\"beforeSuite\",\"beforeHook\",\"beforeTest\",\"afterTest\",\"afterHook\",\"afterSuite\",\"afterSession\",\"after\",\"onComplete\",\"beforeAssertion\",\"afterAssertion\",\"beforeFeature\",\"beforeScenario\",\"beforeStep\",\"afterStep\",\"afterScenario\",\"afterFeature\",\"_\",\"suite\",\"$0\",\"ignoredWorkerServices\",\"wdi5\"]"}]}
RESULT: {"script":"<script> [2342 bytes]","args":[{"protocol":"http","hostname":"0.0.0.0","path":"/","capabilities":{"browserName":"chrome","goog:chromeOptions":{"binary":"C:\\Program Files\\Google\\Chrome\\Application\\chrome.exe","args":["--start-maximized"]}},"logLevel":"warn","connectionRetryTimeout":120000,"connectionRetryCount":3,"logLevels":{},"enableDirectConnect":true,"strictSSL":true,"_":"65 more keys: [\"cacheDir\",\"port\",\"requestedCapabilities\",\"automationProtocol\",\"baseUrl\",\"waitforInterval\",\"waitforTimeout\",\"onReload\",\"beforeCommand\",\"afterCommand\",\"rootDir\",\"specs\",\"suites\",\"exclude\",\"groupLogsByTestSpec\",\"excludeDriverLogs\",\"bail\",\"framework\",\"reporters\",\"services\",\"maxInstances\",\"maxInstancesPerCapability\",\"injectGlobals\",\"filesToWatch\",\"execArgv\",\"runnerEnv\",\"runner\",\"shard\",\"specFileRetries\",\"specFileRetriesDelay\",\"specFileRetriesDeferred\",\"reporterSyncInterval\",\"reporterSyncTimeout\",\"cucumberFeaturesWithLineNumbers\",\"autoCompileOpts\",\"mochaOpts\",\"jasmineOpts\",\"cucumberOpts\",\"onPrepare\",\"onWorkerStart\",\"onWorkerEnd\",\"before\",\"beforeSession\",\"beforeSuite\",\"beforeHook\",\"beforeTest\",\"afterTest\",\"afterHook\",\"afterSuite\",\"afterSession\",\"after\",\"onComplete\",\"beforeAssertion\",\"afterAssertion\",\"beforeFeature\",\"beforeScenario\",\"beforeStep\",\"afterStep\",\"afterScenario\",\"afterFeature\",\"_\",\"suite\",\"$0\",\"ignoredWorkerServices\",\"wdi5\"]"}]}
COMMAND: POST /session/1078df7af42110589ce6729fcfa5b6f8/execute/async - {"script":"<script> [21126 bytes]","args":[35000]}
RESULT: {"script":"<script> [21126 bytes]","args":[35000]}
]]></system-out>
    </testcase>
  </testsuite>
  <testsuite timestamp="2025-06-01T17:26:44" time="1056.171" tests="12" failures="6" errors="6" skipped="0">
    <properties>
      <property name="specId" value="0"/>
      <property name="suiteName" value="Billing Transfer - Master data &amp; Intercompany US127250"/>
      <property name="capabilities" value="chrome.136_0_7103_93.windows"/>
      <property name="file" value="file:///D:/a/1/s/test/specs/BTS/billing-transfer-intercompany.spec.js"/>
    </properties>
    <testcase classname="chrome.136_0_7103_93.windows.Billing_Transfer_-_Master_data_&amp;_Intercompany_US127250" name="Should create a new yard" time="123.58">
      <system-out><![CDATA[
COMMAND: POST /session/1078df7af42110589ce6729fcfa5b6f8/window/fullscreen - {}
RESULT: {}
COMMAND: POST /session/1078df7af42110589ce6729fcfa5b6f8/execute/async - {"script":"<script> [1562 bytes]","args":[{"selector":{"controlType":"sap.m.GenericTile","properties":{"header":"Manage Yards"}},"wdio_ui5_key":"sapm.GenericTile{\"header\":\"Manage Yards\"}"}]}
RESULT: {"script":"<script> [1562 bytes]","args":[{"selector":{"controlType":"sap.m.GenericTile","properties":{"header":"Manage Yards"}},"wdio_ui5_key":"sapm.GenericTile{\"header\":\"Manage Yards\"}"}]}
RESULT: undefined
COMMAND: POST /session/1078df7af42110589ce6729fcfa5b6f8/element - {"using":"xpath","value":"//*[@id=\"__tile41\"]"}
RESULT: {"using":"xpath","value":"//*[@id=\"__tile41\"]"}
COMMAND: POST /session/1078df7af42110589ce6729fcfa5b6f8/element/f.BA343095ED0ABE7E3673784E64AE5F80.d.41FED1C6BD99EB6622EE0592F9A0A5C3.e.2093/click - {}
RESULT: {}
COMMAND: GET /session/1078df7af42110589ce6729fcfa5b6f8/screenshot - {}
RESULT: {}
COMMAND: POST /session/1078df7af42110589ce6729fcfa5b6f8/elements - {"using":"xpath","value":"//span[text()='Error']"}
RESULT: {"using":"xpath","value":"//span[text()='Error']"}
COMMAND: POST /session/1078df7af42110589ce6729fcfa5b6f8/element - {"using":"xpath","value":"//button[@data-kt=\"addNewYardOverflowToolbarButton\"]"}
RESULT: {"using":"xpath","value":"//button[@data-kt=\"addNewYardOverflowToolbarButton\"]"}
COMMAND: POST /session/1078df7af42110589ce6729fcfa5b6f8/elements - {"using":"xpath","value":"//button[@data-kt=\"addNewYardOverflowToolbarButton\"]"}
RESULT: {"using":"xpath","value":"//button[@data-kt=\"addNewYardOverflowToolbarButton\"]"}
COMMAND: POST /session/1078df7af42110589ce6729fcfa5b6f8/elements - {"using":"xpath","value":"//button[@data-kt=\"addNewYardOverflowToolbarButton\"]"}
RESULT: {"using":"xpath","value":"//button[@data-kt=\"addNewYardOverflowToolbarButton\"]"}
COMMAND: POST /session/1078df7af42110589ce6729fcfa5b6f8/element - {"using":"xpath","value":"//button[@data-kt=\"addNewYardOverflowToolbarButton\"]"}
RESULT: {"using":"xpath","value":"//button[@data-kt=\"addNewYardOverflowToolbarButton\"]"}
COMMAND: POST /session/1078df7af42110589ce6729fcfa5b6f8/execute/sync - {"script":"<script> [8489 bytes]","args":[{"element-6066-11e4-a52e-4f735466cecf":"f.BA343095ED0ABE7E3673784E64AE5F80.d.41FED1C6BD99EB6622EE0592F9A0A5C3.e.2227","ELEMENT":"f.BA343095ED0ABE7E3673784E64AE5F80.d.41FED1C6BD99EB6622EE0592F9A0A5C3.e.2227"}]}
RESULT: {"script":"<script> [8489 bytes]","args":[{"element-6066-11e4-a52e-4f735466cecf":"f.BA343095ED0ABE7E3673784E64AE5F80.d.41FED1C6BD99EB6622EE0592F9A0A5C3.e.2227","ELEMENT":"f.BA343095ED0ABE7E3673784E64AE5F80.d.41FED1C6BD99EB6622EE0592F9A0A5C3.e.2227"}]}
COMMAND: GET /session/1078df7af42110589ce6729fcfa5b6f8/element/f.BA343095ED0ABE7E3673784E64AE5F80.d.41FED1C6BD99EB6622EE0592F9A0A5C3.e.2227/enabled - {}
COMMAND: GET /session/1078df7af42110589ce6729fcfa5b6f8/screenshot - {}
RESULT: {}
COMMAND: POST /session/1078df7af42110589ce6729fcfa5b6f8/execute/sync - {"script":"<script> [8489 bytes]","args":[{"element-6066-11e4-a52e-4f735466cecf":"f.BA343095ED0ABE7E3673784E64AE5F80.d.41FED1C6BD99EB6622EE0592F9A0A5C3.e.2227","ELEMENT":"f.BA343095ED0ABE7E3673784E64AE5F80.d.41FED1C6BD99EB6622EE0592F9A0A5C3.e.2227"}]}
COMMAND: GET /session/1078df7af42110589ce6729fcfa5b6f8/screenshot - {}
RESULT: {}
RESULT: {"script":"<script> [8489 bytes]","args":[{"element-6066-11e4-a52e-4f735466cecf":"f.BA343095ED0ABE7E3673784E64AE5F80.d.41FED1C6BD99EB6622EE0592F9A0A5C3.e.2227","ELEMENT":"f.BA343095ED0ABE7E3673784E64AE5F80.d.41FED1C6BD99EB6622EE0592F9A0A5C3.e.2227"}]}
COMMAND: POST /session/1078df7af42110589ce6729fcfa5b6f8/execute/sync - {"script":"<script> [5351 bytes]","args":[{"element-6066-11e4-a52e-4f735466cecf":"f.BA343095ED0ABE7E3673784E64AE5F80.d.41FED1C6BD99EB6622EE0592F9A0A5C3.e.2227","ELEMENT":"f.BA343095ED0ABE7E3673784E64AE5F80.d.41FED1C6BD99EB6622EE0592F9A0A5C3.e.2227"}]}
COMMAND: GET /session/1078df7af42110589ce6729fcfa5b6f8/screenshot - {}
RESULT: {}
RESULT: {"script":"<script> [5351 bytes]","args":[{"element-6066-11e4-a52e-4f735466cecf":"f.BA343095ED0ABE7E3673784E64AE5F80.d.41FED1C6BD99EB6622EE0592F9A0A5C3.e.2227","ELEMENT":"f.BA343095ED0ABE7E3673784E64AE5F80.d.41FED1C6BD99EB6622EE0592F9A0A5C3.e.2227"}]}
COMMAND: POST /session/1078df7af42110589ce6729fcfa5b6f8/element/f.BA343095ED0ABE7E3673784E64AE5F80.d.41FED1C6BD99EB6622EE0592F9A0A5C3.e.2227/click - {}
COMMAND: GET /session/1078df7af42110589ce6729fcfa5b6f8/screenshot - {}
RESULT: {}
RESULT: {}
COMMAND: GET /session/1078df7af42110589ce6729fcfa5b6f8/screenshot - {}
RESULT: {}
COMMAND: POST /session/1078df7af42110589ce6729fcfa5b6f8/element - {"using":"xpath","value":"//input[@id=\"application-manageyards-display-component---NewYard--yardId-inner\"]"}
RESULT: {}
RESULT: {"using":"xpath","value":"//input[@id=\"application-manageyards-display-component---NewYard--yardId-inner\"]"}
COMMAND: POST /session/1078df7af42110589ce6729fcfa5b6f8/element - {"using":"xpath","value":"//input[@id=\"application-manageyards-display-component---NewYard--yardId-inner\"]"}
RESULT: {"using":"xpath","value":"//input[@id=\"application-manageyards-display-component---NewYard--yardId-inner\"]"}
COMMAND: POST /session/1078df7af42110589ce6729fcfa5b6f8/execute/async - {"script":"<script> [1562 bytes]","args":[{"selector":{"id":"application-manageyards-display-component---NewYard--addressDetailDetailsName1","interaction":{"idSuffix":"inner"}},"wdio_ui5_key":"applicationmanageyards-display-component---NewYard--addressDetailDetailsName1"}]}
RESULT: {"script":"<script> [1562 bytes]","args":[{"selector":{"id":"application-manageyards-display-component---NewYard--addressDetailDetailsName1","interaction":{"idSuffix":"inner"}},"wdio_ui5_key":"applicationmanageyards-display-component---NewYard--addressDetailDetailsName1"}]}
RESULT: undefined
COMMAND: POST /session/1078df7af42110589ce6729fcfa5b6f8/execute/async - {"script":"<script> [776 bytes]","args":[{"enterText":"Intercompany Yard wdIO","selector":{"id":"application-manageyards-display-component---NewYard--addressDetailDetailsName1","interaction":{"idSuffix":"inner"}},"clearTextFirst":true,"interactionType":"ENTER_TEXT"}]}
RESULT: {"script":"<script> [776 bytes]","args":[{"enterText":"Intercompany Yard wdIO","selector":{"id":"application-manageyards-display-component---NewYard--addressDetailDetailsName1","interaction":{"idSuffix":"inner"}},"clearTextFirst":true,"interactionType":"ENTER_TEXT"}]}
COMMAND: POST /session/1078df7af42110589ce6729fcfa5b6f8/execute/async - {"script":"<script> [1562 bytes]","args":[{"selector":{"id":"application-manageyards-display-component---NewYard--addressDetailDetailsLanguage-arrow"},"wdio_ui5_key":"applicationmanageyards-display-component---NewYard--addressDetailDetailsLanguage-arrow"}]}
RESULT: {"script":"<script> [1562 bytes]","args":[{"selector":{"id":"application-manageyards-display-component---NewYard--addressDetailDetailsLanguage-arrow"},"wdio_ui5_key":"applicationmanageyards-display-component---NewYard--addressDetailDetailsLanguage-arrow"}]}
RESULT: undefined
COMMAND: POST /session/1078df7af42110589ce6729fcfa5b6f8/element - {"using":"xpath","value":"//*[@id=\"application-manageyards-display-component---NewYard--addressDetailDetailsLanguage-arrow\"]"}
RESULT: {"using":"xpath","value":"//*[@id=\"application-manageyards-display-component---NewYard--addressDetailDetailsLanguage-arrow\"]"}
COMMAND: POST /session/1078df7af42110589ce6729fcfa5b6f8/element/f.BA343095ED0ABE7E3673784E64AE5F80.d.41FED1C6BD99EB6622EE0592F9A0A5C3.e.2662/click - {}
RESULT: {}
COMMAND: POST /session/1078df7af42110589ce6729fcfa5b6f8/element - {"using":"xpath","value":"//span[contains(text(), \"English\")]"}
COMMAND: GET /session/1078df7af42110589ce6729fcfa5b6f8/screenshot - {}
RESULT: {"using":"xpath","value":"//span[contains(text(), \"English\")]"}
COMMAND: POST /session/1078df7af42110589ce6729fcfa5b6f8/element/f.BA343095ED0ABE7E3673784E64AE5F80.d.41FED1C6BD99EB6622EE0592F9A0A5C3.e.2663/click - {}
RESULT: {}
RESULT: {}
COMMAND: POST /session/1078df7af42110589ce6729fcfa5b6f8/execute/async - {"script":"<script> [1562 bytes]","args":[{"selector":{"id":"application-manageyards-display-component---NewYard--addressDetailDetailsCity1","interaction":{"idSuffix":"inner"}},"wdio_ui5_key":"applicationmanageyards-display-component---NewYard--addressDetailDetailsCity1"}]}
COMMAND: GET /session/1078df7af42110589ce6729fcfa5b6f8/screenshot - {}
RESULT: {"script":"<script> [1562 bytes]","args":[{"selector":{"id":"application-manageyards-display-component---NewYard--addressDetailDetailsCity1","interaction":{"idSuffix":"inner"}},"wdio_ui5_key":"applicationmanageyards-display-component---NewYard--addressDetailDetailsCity1"}]}
RESULT: undefined
COMMAND: POST /session/1078df7af42110589ce6729fcfa5b6f8/execute/async - {"script":"<script> [776 bytes]","args":[{"enterText":"Rosario","selector":{"id":"application-manageyards-display-component---NewYard--addressDetailDetailsCity1","interaction":{"idSuffix":"inner"}},"clearTextFirst":true,"interactionType":"ENTER_TEXT"}]}
RESULT: {}
RESULT: {"script":"<script> [776 bytes]","args":[{"enterText":"Rosario","selector":{"id":"application-manageyards-display-component---NewYard--addressDetailDetailsCity1","interaction":{"idSuffix":"inner"}},"clearTextFirst":true,"interactionType":"ENTER_TEXT"}]}
COMMAND: POST /session/1078df7af42110589ce6729fcfa5b6f8/execute/async - {"script":"<script> [1562 bytes]","args":[{"selector":{"id":"application-manageyards-display-component---NewYard--addressDetailDetailsCountry-arrow"},"wdio_ui5_key":"applicationmanageyards-display-component---NewYard--addressDetailDetailsCountry-arrow"}]}
RESULT: {"script":"<script> [1562 bytes]","args":[{"selector":{"id":"application-manageyards-display-component---NewYard--addressDetailDetailsCountry-arrow"},"wdio_ui5_key":"applicationmanageyards-display-component---NewYard--addressDetailDetailsCountry-arrow"}]}
RESULT: undefined
COMMAND: POST /session/1078df7af42110589ce6729fcfa5b6f8/element - {"using":"xpath","value":"//*[@id=\"application-manageyards-display-component---NewYard--addressDetailDetailsCountry-arrow\"]"}
RESULT: {"using":"xpath","value":"//*[@id=\"application-manageyards-display-component---NewYard--addressDetailDetailsCountry-arrow\"]"}
COMMAND: POST /session/1078df7af42110589ce6729fcfa5b6f8/element/f.BA343095ED0ABE7E3673784E64AE5F80.d.41FED1C6BD99EB6622EE0592F9A0A5C3.e.2665/click - {}
RESULT: {}
COMMAND: POST /session/1078df7af42110589ce6729fcfa5b6f8/element - {"using":"xpath","value":"//span[contains(text(), \"Argentina\")]"}
COMMAND: GET /session/1078df7af42110589ce6729fcfa5b6f8/screenshot - {}
RESULT: {"using":"xpath","value":"//span[contains(text(), \"Argentina\")]"}
COMMAND: POST /session/1078df7af42110589ce6729fcfa5b6f8/element/f.BA343095ED0ABE7E3673784E64AE5F80.d.41FED1C6BD99EB6622EE0592F9A0A5C3.e.2666/click - {}
RESULT: {}
RESULT: {}
COMMAND: POST /session/1078df7af42110589ce6729fcfa5b6f8/execute/async - {"script":"<script> [1562 bytes]","args":[{"selector":{"id":"application-manageyards-display-component---NewYard--addressEditDetailsCostObjectCstType-arrow"},"wdio_ui5_key":"applicationmanageyards-display-component---NewYard--addressEditDetailsCostObjectCstType-arrow"}]}
COMMAND: GET /session/1078df7af42110589ce6729fcfa5b6f8/screenshot - {}
RESULT: {"script":"<script> [1562 bytes]","args":[{"selector":{"id":"application-manageyards-display-component---NewYard--addressEditDetailsCostObjectCstType-arrow"},"wdio_ui5_key":"applicationmanageyards-display-component---NewYard--addressEditDetailsCostObjectCstType-arrow"}]}
RESULT: undefined
COMMAND: POST /session/1078df7af42110589ce6729fcfa5b6f8/element - {"using":"xpath","value":"//*[@id=\"application-manageyards-display-component---NewYard--addressEditDetailsCostObjectCstType-arrow\"]"}
RESULT: {}
RESULT: {"using":"xpath","value":"//*[@id=\"application-manageyards-display-component---NewYard--addressEditDetailsCostObjectCstType-arrow\"]"}
COMMAND: POST /session/1078df7af42110589ce6729fcfa5b6f8/element/f.BA343095ED0ABE7E3673784E64AE5F80.d.41FED1C6BD99EB6622EE0592F9A0A5C3.e.2668/click - {}
RESULT: {}
COMMAND: POST /session/1078df7af42110589ce6729fcfa5b6f8/element - {"using":"xpath","value":"//span[contains(text(), \"Cost Center\")]"}
COMMAND: GET /session/1078df7af42110589ce6729fcfa5b6f8/screenshot - {}
RESULT: {"using":"xpath","value":"//span[contains(text(), \"Cost Center\")]"}
COMMAND: POST /session/1078df7af42110589ce6729fcfa5b6f8/element/f.BA343095ED0ABE7E3673784E64AE5F80.d.41FED1C6BD99EB6622EE0592F9A0A5C3.e.2669/click - {}
RESULT: {}
RESULT: {}
COMMAND: GET /session/1078df7af42110589ce6729fcfa5b6f8/screenshot - {}
RESULT: {}
COMMAND: POST /session/1078df7af42110589ce6729fcfa5b6f8/element - {"using":"xpath","value":"//span[@id=\"application-manageyards-display-component---NewYard--addressNewCostObjectCstID-vhi\"]"}
RESULT: {"using":"xpath","value":"//span[@id=\"application-manageyards-display-component---NewYard--addressNewCostObjectCstID-vhi\"]"}
COMMAND: POST /session/1078df7af42110589ce6729fcfa5b6f8/execute/sync - {"script":"<script> [8489 bytes]","args":[{"element-6066-11e4-a52e-4f735466cecf":"f.BA343095ED0ABE7E3673784E64AE5F80.d.41FED1C6BD99EB6622EE0592F9A0A5C3.e.2673","ELEMENT":"f.BA343095ED0ABE7E3673784E64AE5F80.d.41FED1C6BD99EB6622EE0592F9A0A5C3.e.2673"}]}
RESULT: {"script":"<script> [8489 bytes]","args":[{"element-6066-11e4-a52e-4f735466cecf":"f.BA343095ED0ABE7E3673784E64AE5F80.d.41FED1C6BD99EB6622EE0592F9A0A5C3.e.2673","ELEMENT":"f.BA343095ED0ABE7E3673784E64AE5F80.d.41FED1C6BD99EB6622EE0592F9A0A5C3.e.2673"}]}
COMMAND: POST /session/1078df7af42110589ce6729fcfa5b6f8/execute/async - {"script":"<script> [1562 bytes]","args":[{"selector":{"id":"application-manageyards-display-component---NewYard--addressNewCostObjectCstID-vhi"},"wdio_ui5_key":"applicationmanageyards-display-component---NewYard--addressNewCostObjectCstID-vhi"}]}
COMMAND: GET /session/1078df7af42110589ce6729fcfa5b6f8/screenshot - {}
RESULT: {"script":"<script> [1562 bytes]","args":[{"selector":{"id":"application-manageyards-display-component---NewYard--addressNewCostObjectCstID-vhi"},"wdio_ui5_key":"applicationmanageyards-display-component---NewYard--addressNewCostObjectCstID-vhi"}]}
RESULT: undefined
COMMAND: POST /session/1078df7af42110589ce6729fcfa5b6f8/element - {"using":"xpath","value":"//*[@id=\"application-manageyards-display-component---NewYard--addressNewCostObjectCstID-vhi\"]"}
RESULT: {}
RESULT: {"using":"xpath","value":"//*[@id=\"application-manageyards-display-component---NewYard--addressNewCostObjectCstID-vhi\"]"}
COMMAND: POST /session/1078df7af42110589ce6729fcfa5b6f8/element/f.BA343095ED0ABE7E3673784E64AE5F80.d.41FED1C6BD99EB6622EE0592F9A0A5C3.e.2673/click - {}
RESULT: {}
COMMAND: GET /session/1078df7af42110589ce6729fcfa5b6f8/screenshot - {}
RESULT: {}
COMMAND: POST /session/1078df7af42110589ce6729fcfa5b6f8/execute/async - {"script":"<script> [1562 bytes]","args":[{"selector":{"controlType":"sap.m.SearchField","properties":{"placeholder":"Search"},"searchOpenDialogs":true,"interaction":{"idSuffix":"I"}},"wdio_ui5_key":"sapm.SearchField{\"placeholder\":\"Search\"}"}]}
RESULT: {"script":"<script> [1562 bytes]","args":[{"selector":{"controlType":"sap.m.SearchField","properties":{"placeholder":"Search"},"searchOpenDialogs":true,"interaction":{"idSuffix":"I"}},"wdio_ui5_key":"sapm.SearchField{\"placeholder\":\"Search\"}"}]}
RESULT: undefined
COMMAND: POST /session/1078df7af42110589ce6729fcfa5b6f8/execute/async - {"script":"<script> [776 bytes]","args":[{"enterText":"bauh_b","selector":{"controlType":"sap.m.SearchField","properties":{"placeholder":"Search"},"searchOpenDialogs":true,"interaction":{"idSuffix":"I"}},"clearTextFirst":true,"interactionType":"ENTER_TEXT"}]}
RESULT: {"script":"<script> [776 bytes]","args":[{"enterText":"bauh_b","selector":{"controlType":"sap.m.SearchField","properties":{"placeholder":"Search"},"searchOpenDialogs":true,"interaction":{"idSuffix":"I"}},"clearTextFirst":true,"interactionType":"ENTER_TEXT"}]}
COMMAND: POST /session/1078df7af42110589ce6729fcfa5b6f8/actions - {"actions":[{"id":"action1","type":"key","parameters":{},"actions":[{"type":"keyDown","value":""},{"type":"pause","duration":10},{"type":"keyUp","value":""}]}]}
RESULT: {"actions":[{"id":"action1","type":"key","parameters":{},"actions":[{"type":"keyDown","value":""},{"type":"pause","duration":10},{"type":"keyUp","value":""}]}]}
COMMAND: GET /session/1078df7af42110589ce6729fcfa5b6f8/screenshot - {}
RESULT: {}
COMMAND: POST /session/1078df7af42110589ce6729fcfa5b6f8/element - {"using":"xpath","value":"//span[contains(text(), \"Demo Yard\")]"}
RESULT: {"using":"xpath","value":"//span[contains(text(), \"Demo Yard\")]"}
COMMAND: POST /session/1078df7af42110589ce6729fcfa5b6f8/element/f.BA343095ED0ABE7E3673784E64AE5F80.d.41FED1C6BD99EB6622EE0592F9A0A5C3.e.2714/click - {}
RESULT: {}
COMMAND: GET /session/1078df7af42110589ce6729fcfa5b6f8/screenshot - {}
RESULT: {}
COMMAND: POST /session/1078df7af42110589ce6729fcfa5b6f8/element - {"using":"xpath","value":"//bdi[contains(text(), \"OK\")]"}
RESULT: {"using":"xpath","value":"//bdi[contains(text(), \"OK\")]"}
COMMAND: POST /session/1078df7af42110589ce6729fcfa5b6f8/element/f.BA343095ED0ABE7E3673784E64AE5F80.d.41FED1C6BD99EB6622EE0592F9A0A5C3.e.2715/click - {}
RESULT: {}
COMMAND: GET /session/1078df7af42110589ce6729fcfa5b6f8/screenshot - {}
RESULT: {}
COMMAND: POST /session/1078df7af42110589ce6729fcfa5b6f8/execute/async - {"script":"<script> [1562 bytes]","args":[{"selector":{"id":"application-manageyards-display-component---NewYard--addressEditDetailsCurrency-arrow"},"wdio_ui5_key":"applicationmanageyards-display-component---NewYard--addressEditDetailsCurrency-arrow"}]}
RESULT: {"script":"<script> [1562 bytes]","args":[{"selector":{"id":"application-manageyards-display-component---NewYard--addressEditDetailsCurrency-arrow"},"wdio_ui5_key":"applicationmanageyards-display-component---NewYard--addressEditDetailsCurrency-arrow"}]}
RESULT: undefined
COMMAND: POST /session/1078df7af42110589ce6729fcfa5b6f8/element - {"using":"xpath","value":"//*[@id=\"application-manageyards-display-component---NewYard--addressEditDetailsCurrency-arrow\"]"}
RESULT: {"using":"xpath","value":"//*[@id=\"application-manageyards-display-component---NewYard--addressEditDetailsCurrency-arrow\"]"}
COMMAND: POST /session/1078df7af42110589ce6729fcfa5b6f8/element/f.BA343095ED0ABE7E3673784E64AE5F80.d.41FED1C6BD99EB6622EE0592F9A0A5C3.e.2718/click - {}
RESULT: {}
COMMAND: POST /session/1078df7af42110589ce6729fcfa5b6f8/element - {"using":"xpath","value":"//span[contains(text(), \"Euro\")]"}
COMMAND: GET /session/1078df7af42110589ce6729fcfa5b6f8/screenshot - {}
RESULT: {"using":"xpath","value":"//span[contains(text(), \"Euro\")]"}
COMMAND: POST /session/1078df7af42110589ce6729fcfa5b6f8/element/f.BA343095ED0ABE7E3673784E64AE5F80.d.41FED1C6BD99EB6622EE0592F9A0A5C3.e.2719/click - {}
RESULT: {}
RESULT: {}
COMMAND: POST /session/1078df7af42110589ce6729fcfa5b6f8/execute/async - {"script":"<script> [1562 bytes]","args":[{"selector":{"controlType":"sap.m.Input","viewName":"etm.portal.ui.manageyards.view.New","viewId":"application-manageyards-display-component---NewYard","bindingPath":{"path":"","propertyPath":"/CONTROLLING_AREA","modelName":"NewYardModel"},"interaction":{"idSuffix":"inner"}},"wdio_ui5_key":"etmportal.ui.manageyards.view.Newsap.m.Input{\"path\":\"\",\"propertyPath\":\"/CONTROLLING_AREA\",\"modelName\":\"NewYardModel\"}"}]}
COMMAND: GET /session/1078df7af42110589ce6729fcfa5b6f8/screenshot - {}
RESULT: {"script":"<script> [1562 bytes]","args":[{"selector":{"controlType":"sap.m.Input","viewName":"etm.portal.ui.manageyards.view.New","viewId":"application-manageyards-display-component---NewYard","bindingPath":{"path":"","propertyPath":"/CONTROLLING_AREA","modelName":"NewYardModel"},"interaction":{"idSuffix":"inner"}},"wdio_ui5_key":"etmportal.ui.manageyards.view.Newsap.m.Input{\"path\":\"\",\"propertyPath\":\"/CONTROLLING_AREA\",\"modelName\":\"NewYardModel\"}"}]}
RESULT: undefined
COMMAND: POST /session/1078df7af42110589ce6729fcfa5b6f8/execute/async - {"script":"<script> [776 bytes]","args":[{"enterText":"Z001","selector":{"controlType":"sap.m.Input","viewName":"etm.portal.ui.manageyards.view.New","viewId":"application-manageyards-display-component---NewYard","bindingPath":{"path":"","propertyPath":"/CONTROLLING_AREA","modelName":"NewYardModel"},"interaction":{"idSuffix":"inner"}},"clearTextFirst":true,"interactionType":"ENTER_TEXT"}]}
RESULT: {}
RESULT: {"script":"<script> [776 bytes]","args":[{"enterText":"Z001","selector":{"controlType":"sap.m.Input","viewName":"etm.portal.ui.manageyards.view.New","viewId":"application-manageyards-display-component---NewYard","bindingPath":{"path":"","propertyPath":"/CONTROLLING_AREA","modelName":"NewYardModel"},"interaction":{"idSuffix":"inner"}},"clearTextFirst":true,"interactionType":"ENTER_TEXT"}]}
COMMAND: POST /session/1078df7af42110589ce6729fcfa5b6f8/execute/async - {"script":"<script> [1562 bytes]","args":[{"selector":{"id":"application-manageyards-display-component---NewYard--companyCodeComboBox","interaction":{"idSuffix":"inner"}},"wdio_ui5_key":"applicationmanageyards-display-component---NewYard--companyCodeComboBox"}]}
RESULT: {"script":"<script> [1562 bytes]","args":[{"selector":{"id":"application-manageyards-display-component---NewYard--companyCodeComboBox","interaction":{"idSuffix":"inner"}},"wdio_ui5_key":"applicationmanageyards-display-component---NewYard--companyCodeComboBox"}]}
RESULT: undefined
COMMAND: POST /session/1078df7af42110589ce6729fcfa5b6f8/execute/async - {"script":"<script> [776 bytes]","args":[{"enterText":"1000","selector":{"id":"application-manageyards-display-component---NewYard--companyCodeComboBox","interaction":{"idSuffix":"inner"}},"clearTextFirst":true,"interactionType":"ENTER_TEXT"}]}
RESULT: {"script":"<script> [776 bytes]","args":[{"enterText":"1000","selector":{"id":"application-manageyards-display-component---NewYard--companyCodeComboBox","interaction":{"idSuffix":"inner"}},"clearTextFirst":true,"interactionType":"ENTER_TEXT"}]}
COMMAND: POST /session/1078df7af42110589ce6729fcfa5b6f8/execute/async - {"script":"<script> [1562 bytes]","args":[{"selector":{"controlType":"sap.m.Input","viewName":"etm.portal.ui.manageyards.view.New","viewId":"application-manageyards-display-component---NewYard","bindingPath":{"path":"","propertyPath":"/PLANT","modelName":"NewYardModel"},"interaction":{"idSuffix":"inner"}},"wdio_ui5_key":"etmportal.ui.manageyards.view.Newsap.m.Input{\"path\":\"\",\"propertyPath\":\"/PLANT\",\"modelName\":\"NewYardModel\"}"}]}
RESULT: {"script":"<script> [1562 bytes]","args":[{"selector":{"controlType":"sap.m.Input","viewName":"etm.portal.ui.manageyards.view.New","viewId":"application-manageyards-display-component---NewYard","bindingPath":{"path":"","propertyPath":"/PLANT","modelName":"NewYardModel"},"interaction":{"idSuffix":"inner"}},"wdio_ui5_key":"etmportal.ui.manageyards.view.Newsap.m.Input{\"path\":\"\",\"propertyPath\":\"/PLANT\",\"modelName\":\"NewYardModel\"}"}]}
RESULT: undefined
COMMAND: POST /session/1078df7af42110589ce6729fcfa5b6f8/execute/async - {"script":"<script> [776 bytes]","args":[{"enterText":"1001","selector":{"controlType":"sap.m.Input","viewName":"etm.portal.ui.manageyards.view.New","viewId":"application-manageyards-display-component---NewYard","bindingPath":{"path":"","propertyPath":"/PLANT","modelName":"NewYardModel"},"interaction":{"idSuffix":"inner"}},"clearTextFirst":true,"interactionType":"ENTER_TEXT"}]}
RESULT: {"script":"<script> [776 bytes]","args":[{"enterText":"1001","selector":{"controlType":"sap.m.Input","viewName":"etm.portal.ui.manageyards.view.New","viewId":"application-manageyards-display-component---NewYard","bindingPath":{"path":"","propertyPath":"/PLANT","modelName":"NewYardModel"},"interaction":{"idSuffix":"inner"}},"clearTextFirst":true,"interactionType":"ENTER_TEXT"}]}
COMMAND: POST /session/1078df7af42110589ce6729fcfa5b6f8/execute/async - {"script":"<script> [1562 bytes]","args":[{"selector":{"controlType":"sap.m.Input","viewName":"etm.portal.ui.manageyards.view.New","viewId":"application-manageyards-display-component---NewYard","bindingPath":{"path":"","propertyPath":"/SALES_AREA_VKORG","modelName":"NewYardModel"},"interaction":{"idSuffix":"inner"}},"wdio_ui5_key":"etmportal.ui.manageyards.view.Newsap.m.Input{\"path\":\"\",\"propertyPath\":\"/SALES_AREA_VKORG\",\"modelName\":\"NewYardModel\"}"}]}
RESULT: {"script":"<script> [1562 bytes]","args":[{"selector":{"controlType":"sap.m.Input","viewName":"etm.portal.ui.manageyards.view.New","viewId":"application-manageyards-display-component---NewYard","bindingPath":{"path":"","propertyPath":"/SALES_AREA_VKORG","modelName":"NewYardModel"},"interaction":{"idSuffix":"inner"}},"wdio_ui5_key":"etmportal.ui.manageyards.view.Newsap.m.Input{\"path\":\"\",\"propertyPath\":\"/SALES_AREA_VKORG\",\"modelName\":\"NewYardModel\"}"}]}
RESULT: undefined
COMMAND: POST /session/1078df7af42110589ce6729fcfa5b6f8/execute/async - {"script":"<script> [776 bytes]","args":[{"enterText":"C002","selector":{"controlType":"sap.m.Input","viewName":"etm.portal.ui.manageyards.view.New","viewId":"application-manageyards-display-component---NewYard","bindingPath":{"path":"","propertyPath":"/SALES_AREA_VKORG","modelName":"NewYardModel"},"interaction":{"idSuffix":"inner"}},"clearTextFirst":true,"interactionType":"ENTER_TEXT"}]}
RESULT: {"script":"<script> [776 bytes]","args":[{"enterText":"C002","selector":{"controlType":"sap.m.Input","viewName":"etm.portal.ui.manageyards.view.New","viewId":"application-manageyards-display-component---NewYard","bindingPath":{"path":"","propertyPath":"/SALES_AREA_VKORG","modelName":"NewYardModel"},"interaction":{"idSuffix":"inner"}},"clearTextFirst":true,"interactionType":"ENTER_TEXT"}]}
COMMAND: POST /session/1078df7af42110589ce6729fcfa5b6f8/execute/async - {"script":"<script> [1562 bytes]","args":[{"selector":{"controlType":"sap.m.Input","viewName":"etm.portal.ui.manageyards.view.New","viewId":"application-manageyards-display-component---NewYard","bindingPath":{"path":"","propertyPath":"/SALES_AREA_VTWEG","modelName":"NewYardModel"},"interaction":{"idSuffix":"inner"}},"wdio_ui5_key":"etmportal.ui.manageyards.view.Newsap.m.Input{\"path\":\"\",\"propertyPath\":\"/SALES_AREA_VTWEG\",\"modelName\":\"NewYardModel\"}"}]}
RESULT: {"script":"<script> [1562 bytes]","args":[{"selector":{"controlType":"sap.m.Input","viewName":"etm.portal.ui.manageyards.view.New","viewId":"application-manageyards-display-component---NewYard","bindingPath":{"path":"","propertyPath":"/SALES_AREA_VTWEG","modelName":"NewYardModel"},"interaction":{"idSuffix":"inner"}},"wdio_ui5_key":"etmportal.ui.manageyards.view.Newsap.m.Input{\"path\":\"\",\"propertyPath\":\"/SALES_AREA_VTWEG\",\"modelName\":\"NewYardModel\"}"}]}
RESULT: undefined
COMMAND: POST /session/1078df7af42110589ce6729fcfa5b6f8/execute/async - {"script":"<script> [776 bytes]","args":[{"enterText":"C2","selector":{"controlType":"sap.m.Input","viewName":"etm.portal.ui.manageyards.view.New","viewId":"application-manageyards-display-component---NewYard","bindingPath":{"path":"","propertyPath":"/SALES_AREA_VTWEG","modelName":"NewYardModel"},"interaction":{"idSuffix":"inner"}},"clearTextFirst":true,"interactionType":"ENTER_TEXT"}]}
RESULT: {"script":"<script> [776 bytes]","args":[{"enterText":"C2","selector":{"controlType":"sap.m.Input","viewName":"etm.portal.ui.manageyards.view.New","viewId":"application-manageyards-display-component---NewYard","bindingPath":{"path":"","propertyPath":"/SALES_AREA_VTWEG","modelName":"NewYardModel"},"interaction":{"idSuffix":"inner"}},"clearTextFirst":true,"interactionType":"ENTER_TEXT"}]}
COMMAND: POST /session/1078df7af42110589ce6729fcfa5b6f8/execute/async - {"script":"<script> [1562 bytes]","args":[{"selector":{"controlType":"sap.m.Input","viewName":"etm.portal.ui.manageyards.view.New","viewId":"application-manageyards-display-component---NewYard","bindingPath":{"path":"","propertyPath":"/SALES_AREA_SPART","modelName":"NewYardModel"},"interaction":{"idSuffix":"inner"}},"wdio_ui5_key":"etmportal.ui.manageyards.view.Newsap.m.Input{\"path\":\"\",\"propertyPath\":\"/SALES_AREA_SPART\",\"modelName\":\"NewYardModel\"}"}]}
RESULT: {"script":"<script> [1562 bytes]","args":[{"selector":{"controlType":"sap.m.Input","viewName":"etm.portal.ui.manageyards.view.New","viewId":"application-manageyards-display-component---NewYard","bindingPath":{"path":"","propertyPath":"/SALES_AREA_SPART","modelName":"NewYardModel"},"interaction":{"idSuffix":"inner"}},"wdio_ui5_key":"etmportal.ui.manageyards.view.Newsap.m.Input{\"path\":\"\",\"propertyPath\":\"/SALES_AREA_SPART\",\"modelName\":\"NewYardModel\"}"}]}
RESULT: undefined
COMMAND: POST /session/1078df7af42110589ce6729fcfa5b6f8/execute/async - {"script":"<script> [776 bytes]","args":[{"enterText":"C2","selector":{"controlType":"sap.m.Input","viewName":"etm.portal.ui.manageyards.view.New","viewId":"application-manageyards-display-component---NewYard","bindingPath":{"path":"","propertyPath":"/SALES_AREA_SPART","modelName":"NewYardModel"},"interaction":{"idSuffix":"inner"}},"clearTextFirst":true,"interactionType":"ENTER_TEXT"}]}
RESULT: {"script":"<script> [776 bytes]","args":[{"enterText":"C2","selector":{"controlType":"sap.m.Input","viewName":"etm.portal.ui.manageyards.view.New","viewId":"application-manageyards-display-component---NewYard","bindingPath":{"path":"","propertyPath":"/SALES_AREA_SPART","modelName":"NewYardModel"},"interaction":{"idSuffix":"inner"}},"clearTextFirst":true,"interactionType":"ENTER_TEXT"}]}
COMMAND: POST /session/1078df7af42110589ce6729fcfa5b6f8/execute/async - {"script":"<script> [1562 bytes]","args":[{"selector":{"controlType":"sap.m.Input","viewName":"etm.portal.ui.manageyards.view.New","viewId":"application-manageyards-display-component---NewYard","bindingPath":{"path":"","propertyPath":"/SHIP_POINT","modelName":"NewYardModel"},"interaction":{"idSuffix":"inner"}},"wdio_ui5_key":"etmportal.ui.manageyards.view.Newsap.m.Input{\"path\":\"\",\"propertyPath\":\"/SHIP_POINT\",\"modelName\":\"NewYardModel\"}"}]}
RESULT: {"script":"<script> [1562 bytes]","args":[{"selector":{"controlType":"sap.m.Input","viewName":"etm.portal.ui.manageyards.view.New","viewId":"application-manageyards-display-component---NewYard","bindingPath":{"path":"","propertyPath":"/SHIP_POINT","modelName":"NewYardModel"},"interaction":{"idSuffix":"inner"}},"wdio_ui5_key":"etmportal.ui.manageyards.view.Newsap.m.Input{\"path\":\"\",\"propertyPath\":\"/SHIP_POINT\",\"modelName\":\"NewYardModel\"}"}]}
RESULT: undefined
COMMAND: POST /session/1078df7af42110589ce6729fcfa5b6f8/execute/async - {"script":"<script> [776 bytes]","args":[{"enterText":"1710","selector":{"controlType":"sap.m.Input","viewName":"etm.portal.ui.manageyards.view.New","viewId":"application-manageyards-display-component---NewYard","bindingPath":{"path":"","propertyPath":"/SHIP_POINT","modelName":"NewYardModel"},"interaction":{"idSuffix":"inner"}},"clearTextFirst":true,"interactionType":"ENTER_TEXT"}]}
RESULT: {"script":"<script> [776 bytes]","args":[{"enterText":"1710","selector":{"controlType":"sap.m.Input","viewName":"etm.portal.ui.manageyards.view.New","viewId":"application-manageyards-display-component---NewYard","bindingPath":{"path":"","propertyPath":"/SHIP_POINT","modelName":"NewYardModel"},"interaction":{"idSuffix":"inner"}},"clearTextFirst":true,"interactionType":"ENTER_TEXT"}]}
COMMAND: POST /session/1078df7af42110589ce6729fcfa5b6f8/execute/async - {"script":"<script> [1562 bytes]","args":[{"selector":{"controlType":"sap.m.Input","viewName":"etm.portal.ui.manageyards.view.New","viewId":"application-manageyards-display-component---NewYard","bindingPath":{"path":"","propertyPath":"/DELIVERY_TYPE","modelName":"NewYardModel"},"interaction":{"idSuffix":"inner"}},"wdio_ui5_key":"etmportal.ui.manageyards.view.Newsap.m.Input{\"path\":\"\",\"propertyPath\":\"/DELIVERY_TYPE\",\"modelName\":\"NewYardModel\"}"}]}
RESULT: {"script":"<script> [1562 bytes]","args":[{"selector":{"controlType":"sap.m.Input","viewName":"etm.portal.ui.manageyards.view.New","viewId":"application-manageyards-display-component---NewYard","bindingPath":{"path":"","propertyPath":"/DELIVERY_TYPE","modelName":"NewYardModel"},"interaction":{"idSuffix":"inner"}},"wdio_ui5_key":"etmportal.ui.manageyards.view.Newsap.m.Input{\"path\":\"\",\"propertyPath\":\"/DELIVERY_TYPE\",\"modelName\":\"NewYardModel\"}"}]}
RESULT: undefined
COMMAND: POST /session/1078df7af42110589ce6729fcfa5b6f8/execute/async - {"script":"<script> [776 bytes]","args":[{"enterText":"ZL01","selector":{"controlType":"sap.m.Input","viewName":"etm.portal.ui.manageyards.view.New","viewId":"application-manageyards-display-component---NewYard","bindingPath":{"path":"","propertyPath":"/DELIVERY_TYPE","modelName":"NewYardModel"},"interaction":{"idSuffix":"inner"}},"clearTextFirst":true,"interactionType":"ENTER_TEXT"}]}
RESULT: {"script":"<script> [776 bytes]","args":[{"enterText":"ZL01","selector":{"controlType":"sap.m.Input","viewName":"etm.portal.ui.manageyards.view.New","viewId":"application-manageyards-display-component---NewYard","bindingPath":{"path":"","propertyPath":"/DELIVERY_TYPE","modelName":"NewYardModel"},"interaction":{"idSuffix":"inner"}},"clearTextFirst":true,"interactionType":"ENTER_TEXT"}]}
COMMAND: POST /session/1078df7af42110589ce6729fcfa5b6f8/execute/async - {"script":"<script> [1562 bytes]","args":[{"selector":{"controlType":"sap.m.Input","viewName":"etm.portal.ui.manageyards.view.New","viewId":"application-manageyards-display-component---NewYard","bindingPath":{"path":"","propertyPath":"/AUART","modelName":"NewYardModel"},"interaction":{"idSuffix":"inner"}},"wdio_ui5_key":"etmportal.ui.manageyards.view.Newsap.m.Input{\"path\":\"\",\"propertyPath\":\"/AUART\",\"modelName\":\"NewYardModel\"}"}]}
RESULT: {"script":"<script> [1562 bytes]","args":[{"selector":{"controlType":"sap.m.Input","viewName":"etm.portal.ui.manageyards.view.New","viewId":"application-manageyards-display-component---NewYard","bindingPath":{"path":"","propertyPath":"/AUART","modelName":"NewYardModel"},"interaction":{"idSuffix":"inner"}},"wdio_ui5_key":"etmportal.ui.manageyards.view.Newsap.m.Input{\"path\":\"\",\"propertyPath\":\"/AUART\",\"modelName\":\"NewYardModel\"}"}]}
RESULT: undefined
COMMAND: POST /session/1078df7af42110589ce6729fcfa5b6f8/execute/async - {"script":"<script> [776 bytes]","args":[{"enterText":"TA","selector":{"controlType":"sap.m.Input","viewName":"etm.portal.ui.manageyards.view.New","viewId":"application-manageyards-display-component---NewYard","bindingPath":{"path":"","propertyPath":"/AUART","modelName":"NewYardModel"},"interaction":{"idSuffix":"inner"}},"clearTextFirst":true,"interactionType":"ENTER_TEXT"}]}
RESULT: {"script":"<script> [776 bytes]","args":[{"enterText":"TA","selector":{"controlType":"sap.m.Input","viewName":"etm.portal.ui.manageyards.view.New","viewId":"application-manageyards-display-component---NewYard","bindingPath":{"path":"","propertyPath":"/AUART","modelName":"NewYardModel"},"interaction":{"idSuffix":"inner"}},"clearTextFirst":true,"interactionType":"ENTER_TEXT"}]}
COMMAND: POST /session/1078df7af42110589ce6729fcfa5b6f8/element - {"using":"xpath","value":"//button[@data-kt=\"newYardSaveButton\"]"}
RESULT: {"using":"xpath","value":"//button[@data-kt=\"newYardSaveButton\"]"}
COMMAND: POST /session/1078df7af42110589ce6729fcfa5b6f8/element/f.BA343095ED0ABE7E3673784E64AE5F80.d.41FED1C6BD99EB6622EE0592F9A0A5C3.e.2647/click - {}
RESULT: {}
COMMAND: GET /session/1078df7af42110589ce6729fcfa5b6f8/screenshot - {}
RESULT: {}
COMMAND: POST /session/1078df7af42110589ce6729fcfa5b6f8/element - {"using":"xpath","value":"//header[contains(@id, 'ObjectPageLayout-headerTitle')]/div[1]/div[2]/div[1]/span[1]"}
RESULT: {"using":"xpath","value":"//header[contains(@id, 'ObjectPageLayout-headerTitle')]/div[1]/div[2]/div[1]/span[1]"}
COMMAND: POST /session/1078df7af42110589ce6729fcfa5b6f8/elements - {"using":"xpath","value":"//header[contains(@id, 'ObjectPageLayout-headerTitle')]/div[1]/div[2]/div[1]/span[1]"}
RESULT: {"using":"xpath","value":"//header[contains(@id, 'ObjectPageLayout-headerTitle')]/div[1]/div[2]/div[1]/span[1]"}
COMMAND: POST /session/1078df7af42110589ce6729fcfa5b6f8/execute/sync - {"script":"<script> [56 bytes]","args":[{"element-6066-11e4-a52e-4f735466cecf":"f.BA343095ED0ABE7E3673784E64AE5F80.d.41FED1C6BD99EB6622EE0592F9A0A5C3.e.2935","ELEMENT":"f.BA343095ED0ABE7E3673784E64AE5F80.d.41FED1C6BD99EB6622EE0592F9A0A5C3.e.2935"}]}
RESULT: {"script":"<script> [56 bytes]","args":[{"element-6066-11e4-a52e-4f735466cecf":"f.BA343095ED0ABE7E3673784E64AE5F80.d.41FED1C6BD99EB6622EE0592F9A0A5C3.e.2935","ELEMENT":"f.BA343095ED0ABE7E3673784E64AE5F80.d.41FED1C6BD99EB6622EE0592F9A0A5C3.e.2935"}]}
COMMAND: GET /session/1078df7af42110589ce6729fcfa5b6f8/screenshot - {}
RESULT: {}
COMMAND: POST /session/1078df7af42110589ce6729fcfa5b6f8/element - {"using":"css selector","value":"#shell-header-logo"}
RESULT: {"using":"css selector","value":"#shell-header-logo"}
COMMAND: POST /session/1078df7af42110589ce6729fcfa5b6f8/element/f.BA343095ED0ABE7E3673784E64AE5F80.d.41FED1C6BD99EB6622EE0592F9A0A5C3.e.2195/click - {}
RESULT: {}
COMMAND: GET /session/1078df7af42110589ce6729fcfa5b6f8/screenshot - {}
RESULT: {}
COMMAND: POST /session/1078df7af42110589ce6729fcfa5b6f8/execute/sync - {"script":"<script> [299 bytes]","args":[["getModel","getResource"]]}
RESULT: {"script":"<script> [299 bytes]","args":[["getModel","getResource"]]}
]]></system-out>
    </testcase>
    <testcase classname="chrome.136_0_7103_93.windows.Billing_Transfer_-_Master_data_&amp;_Intercompany_US127250" name="Should create a new partner" time="135.253">
      <system-out><![CDATA[
COMMAND: POST /session/1078df7af42110589ce6729fcfa5b6f8/window/fullscreen - {}
COMMAND: GET /session/1078df7af42110589ce6729fcfa5b6f8/screenshot - {}
RESULT: {}
COMMAND: POST /session/1078df7af42110589ce6729fcfa5b6f8/execute/async - {"script":"<script> [1562 bytes]","args":[{"selector":{"controlType":"sap.m.GenericTile","properties":{"header":"Manage Partners"}},"wdio_ui5_key":"sapm.GenericTile{\"header\":\"Manage Partners\"}"}]}
RESULT: {}
RESULT: {"script":"<script> [1562 bytes]","args":[{"selector":{"controlType":"sap.m.GenericTile","properties":{"header":"Manage Partners"}},"wdio_ui5_key":"sapm.GenericTile{\"header\":\"Manage Partners\"}"}]}
RESULT: undefined
COMMAND: POST /session/1078df7af42110589ce6729fcfa5b6f8/element - {"using":"xpath","value":"//*[@id=\"__tile38\"]"}
RESULT: {"using":"xpath","value":"//*[@id=\"__tile38\"]"}
COMMAND: POST /session/1078df7af42110589ce6729fcfa5b6f8/element/f.BA343095ED0ABE7E3673784E64AE5F80.d.41FED1C6BD99EB6622EE0592F9A0A5C3.e.2084/click - {}
RESULT: {}
COMMAND: GET /session/1078df7af42110589ce6729fcfa5b6f8/screenshot - {}
RESULT: {}
COMMAND: POST /session/1078df7af42110589ce6729fcfa5b6f8/elements - {"using":"xpath","value":"//span[text()='Error']"}
RESULT: {"using":"xpath","value":"//span[text()='Error']"}
COMMAND: POST /session/1078df7af42110589ce6729fcfa5b6f8/element - {"using":"xpath","value":"//button[@data-kt=\"addButton\"]"}
RESULT: {"using":"xpath","value":"//button[@data-kt=\"addButton\"]"}
COMMAND: POST /session/1078df7af42110589ce6729fcfa5b6f8/elements - {"using":"xpath","value":"//button[@data-kt=\"addButton\"]"}
RESULT: {"using":"xpath","value":"//button[@data-kt=\"addButton\"]"}
COMMAND: POST /session/1078df7af42110589ce6729fcfa5b6f8/execute/sync - {"script":"<script> [8489 bytes]","args":[{"element-6066-11e4-a52e-4f735466cecf":"f.BA343095ED0ABE7E3673784E64AE5F80.d.41FED1C6BD99EB6622EE0592F9A0A5C3.e.2984","ELEMENT":"f.BA343095ED0ABE7E3673784E64AE5F80.d.41FED1C6BD99EB6622EE0592F9A0A5C3.e.2984"}]}
RESULT: {"script":"<script> [8489 bytes]","args":[{"element-6066-11e4-a52e-4f735466cecf":"f.BA343095ED0ABE7E3673784E64AE5F80.d.41FED1C6BD99EB6622EE0592F9A0A5C3.e.2984","ELEMENT":"f.BA343095ED0ABE7E3673784E64AE5F80.d.41FED1C6BD99EB6622EE0592F9A0A5C3.e.2984"}]}
COMMAND: GET /session/1078df7af42110589ce6729fcfa5b6f8/element/f.BA343095ED0ABE7E3673784E64AE5F80.d.41FED1C6BD99EB6622EE0592F9A0A5C3.e.2984/enabled - {}
COMMAND: GET /session/1078df7af42110589ce6729fcfa5b6f8/screenshot - {}
RESULT: {}
COMMAND: POST /session/1078df7af42110589ce6729fcfa5b6f8/execute/sync - {"script":"<script> [8489 bytes]","args":[{"element-6066-11e4-a52e-4f735466cecf":"f.BA343095ED0ABE7E3673784E64AE5F80.d.41FED1C6BD99EB6622EE0592F9A0A5C3.e.2984","ELEMENT":"f.BA343095ED0ABE7E3673784E64AE5F80.d.41FED1C6BD99EB6622EE0592F9A0A5C3.e.2984"}]}
COMMAND: GET /session/1078df7af42110589ce6729fcfa5b6f8/screenshot - {}
RESULT: {}
RESULT: {"script":"<script> [8489 bytes]","args":[{"element-6066-11e4-a52e-4f735466cecf":"f.BA343095ED0ABE7E3673784E64AE5F80.d.41FED1C6BD99EB6622EE0592F9A0A5C3.e.2984","ELEMENT":"f.BA343095ED0ABE7E3673784E64AE5F80.d.41FED1C6BD99EB6622EE0592F9A0A5C3.e.2984"}]}
COMMAND: POST /session/1078df7af42110589ce6729fcfa5b6f8/execute/sync - {"script":"<script> [5351 bytes]","args":[{"element-6066-11e4-a52e-4f735466cecf":"f.BA343095ED0ABE7E3673784E64AE5F80.d.41FED1C6BD99EB6622EE0592F9A0A5C3.e.2984","ELEMENT":"f.BA343095ED0ABE7E3673784E64AE5F80.d.41FED1C6BD99EB6622EE0592F9A0A5C3.e.2984"}]}
COMMAND: GET /session/1078df7af42110589ce6729fcfa5b6f8/screenshot - {}
RESULT: {}
RESULT: {"script":"<script> [5351 bytes]","args":[{"element-6066-11e4-a52e-4f735466cecf":"f.BA343095ED0ABE7E3673784E64AE5F80.d.41FED1C6BD99EB6622EE0592F9A0A5C3.e.2984","ELEMENT":"f.BA343095ED0ABE7E3673784E64AE5F80.d.41FED1C6BD99EB6622EE0592F9A0A5C3.e.2984"}]}
COMMAND: POST /session/1078df7af42110589ce6729fcfa5b6f8/element/f.BA343095ED0ABE7E3673784E64AE5F80.d.41FED1C6BD99EB6622EE0592F9A0A5C3.e.2984/click - {}
COMMAND: GET /session/1078df7af42110589ce6729fcfa5b6f8/screenshot - {}
RESULT: {}
RESULT: {}
COMMAND: GET /session/1078df7af42110589ce6729fcfa5b6f8/screenshot - {}
COMMAND: POST /session/1078df7af42110589ce6729fcfa5b6f8/execute/async - {"script":"<script> [1562 bytes]","args":[{"selector":{"id":"application-managepartners-display-component---NewPartner--addressDetailDetailsName1","interaction":{"idSuffix":"inner"}},"wdio_ui5_key":"applicationmanagepartners-display-component---NewPartner--addressDetailDetailsName1"}]}
RESULT: {}
RESULT: {}
RESULT: {"script":"<script> [1562 bytes]","args":[{"selector":{"id":"application-managepartners-display-component---NewPartner--addressDetailDetailsName1","interaction":{"idSuffix":"inner"}},"wdio_ui5_key":"applicationmanagepartners-display-component---NewPartner--addressDetailDetailsName1"}]}
RESULT: undefined
COMMAND: POST /session/1078df7af42110589ce6729fcfa5b6f8/execute/async - {"script":"<script> [776 bytes]","args":[{"enterText":"Intercompany Partner WDIO","selector":{"id":"application-managepartners-display-component---NewPartner--addressDetailDetailsName1","interaction":{"idSuffix":"inner"}},"clearTextFirst":true,"interactionType":"ENTER_TEXT"}]}
RESULT: {"script":"<script> [776 bytes]","args":[{"enterText":"Intercompany Partner WDIO","selector":{"id":"application-managepartners-display-component---NewPartner--addressDetailDetailsName1","interaction":{"idSuffix":"inner"}},"clearTextFirst":true,"interactionType":"ENTER_TEXT"}]}
COMMAND: POST /session/1078df7af42110589ce6729fcfa5b6f8/execute/async - {"script":"<script> [1562 bytes]","args":[{"selector":{"id":"application-managepartners-display-component---NewPartner--addressDetailDetailsLanguage-arrow"},"wdio_ui5_key":"applicationmanagepartners-display-component---NewPartner--addressDetailDetailsLanguage-arrow"}]}
RESULT: {"script":"<script> [1562 bytes]","args":[{"selector":{"id":"application-managepartners-display-component---NewPartner--addressDetailDetailsLanguage-arrow"},"wdio_ui5_key":"applicationmanagepartners-display-component---NewPartner--addressDetailDetailsLanguage-arrow"}]}
RESULT: undefined
COMMAND: POST /session/1078df7af42110589ce6729fcfa5b6f8/element - {"using":"xpath","value":"//*[@id=\"application-managepartners-display-component---NewPartner--addressDetailDetailsLanguage-arrow\"]"}
RESULT: {"using":"xpath","value":"//*[@id=\"application-managepartners-display-component---NewPartner--addressDetailDetailsLanguage-arrow\"]"}
COMMAND: POST /session/1078df7af42110589ce6729fcfa5b6f8/element/f.BA343095ED0ABE7E3673784E64AE5F80.d.41FED1C6BD99EB6622EE0592F9A0A5C3.e.3426/click - {}
RESULT: {}
COMMAND: POST /session/1078df7af42110589ce6729fcfa5b6f8/element - {"using":"xpath","value":"//span[contains(text(), \"English\")]"}
COMMAND: GET /session/1078df7af42110589ce6729fcfa5b6f8/screenshot - {}
RESULT: {"using":"xpath","value":"//span[contains(text(), \"English\")]"}
COMMAND: POST /session/1078df7af42110589ce6729fcfa5b6f8/element/f.BA343095ED0ABE7E3673784E64AE5F80.d.41FED1C6BD99EB6622EE0592F9A0A5C3.e.3427/click - {}
RESULT: {}
RESULT: {}
COMMAND: GET /session/1078df7af42110589ce6729fcfa5b6f8/screenshot - {}
RESULT: {}
COMMAND: POST /session/1078df7af42110589ce6729fcfa5b6f8/execute/async - {"script":"<script> [1562 bytes]","args":[{"selector":{"id":"application-managepartners-display-component---NewPartner--addressDetailDetailsCity1","interaction":{"idSuffix":"inner"}},"wdio_ui5_key":"applicationmanagepartners-display-component---NewPartner--addressDetailDetailsCity1"}]}
RESULT: {"script":"<script> [1562 bytes]","args":[{"selector":{"id":"application-managepartners-display-component---NewPartner--addressDetailDetailsCity1","interaction":{"idSuffix":"inner"}},"wdio_ui5_key":"applicationmanagepartners-display-component---NewPartner--addressDetailDetailsCity1"}]}
RESULT: undefined
COMMAND: POST /session/1078df7af42110589ce6729fcfa5b6f8/execute/async - {"script":"<script> [776 bytes]","args":[{"enterText":"Rosario","selector":{"id":"application-managepartners-display-component---NewPartner--addressDetailDetailsCity1","interaction":{"idSuffix":"inner"}},"clearTextFirst":true,"interactionType":"ENTER_TEXT"}]}
RESULT: {"script":"<script> [776 bytes]","args":[{"enterText":"Rosario","selector":{"id":"application-managepartners-display-component---NewPartner--addressDetailDetailsCity1","interaction":{"idSuffix":"inner"}},"clearTextFirst":true,"interactionType":"ENTER_TEXT"}]}
COMMAND: POST /session/1078df7af42110589ce6729fcfa5b6f8/execute/async - {"script":"<script> [1562 bytes]","args":[{"selector":{"id":"application-managepartners-display-component---NewPartner--addressDetailDetailsCountry-arrow"},"wdio_ui5_key":"applicationmanagepartners-display-component---NewPartner--addressDetailDetailsCountry-arrow"}]}
RESULT: {"script":"<script> [1562 bytes]","args":[{"selector":{"id":"application-managepartners-display-component---NewPartner--addressDetailDetailsCountry-arrow"},"wdio_ui5_key":"applicationmanagepartners-display-component---NewPartner--addressDetailDetailsCountry-arrow"}]}
RESULT: undefined
COMMAND: POST /session/1078df7af42110589ce6729fcfa5b6f8/element - {"using":"xpath","value":"//*[@id=\"application-managepartners-display-component---NewPartner--addressDetailDetailsCountry-arrow\"]"}
RESULT: {"using":"xpath","value":"//*[@id=\"application-managepartners-display-component---NewPartner--addressDetailDetailsCountry-arrow\"]"}
COMMAND: POST /session/1078df7af42110589ce6729fcfa5b6f8/element/f.BA343095ED0ABE7E3673784E64AE5F80.d.41FED1C6BD99EB6622EE0592F9A0A5C3.e.3413/click - {}
RESULT: {}
COMMAND: POST /session/1078df7af42110589ce6729fcfa5b6f8/element - {"using":"xpath","value":"//span[contains(text(), \"Argentina\")]"}
COMMAND: GET /session/1078df7af42110589ce6729fcfa5b6f8/screenshot - {}
RESULT: {"using":"xpath","value":"//span[contains(text(), \"Argentina\")]"}
COMMAND: POST /session/1078df7af42110589ce6729fcfa5b6f8/element/f.BA343095ED0ABE7E3673784E64AE5F80.d.41FED1C6BD99EB6622EE0592F9A0A5C3.e.3429/click - {}
RESULT: {}
RESULT: {}
COMMAND: GET /session/1078df7af42110589ce6729fcfa5b6f8/screenshot - {}
RESULT: {}
COMMAND: POST /session/1078df7af42110589ce6729fcfa5b6f8/element - {"using":"xpath","value":"//bdi[contains(text(), \"Commercial\")]"}
RESULT: {"using":"xpath","value":"//bdi[contains(text(), \"Commercial\")]"}
COMMAND: POST /session/1078df7af42110589ce6729fcfa5b6f8/element/f.BA343095ED0ABE7E3673784E64AE5F80.d.41FED1C6BD99EB6622EE0592F9A0A5C3.e.3430/click - {}
RESULT: {}
COMMAND: GET /session/1078df7af42110589ce6729fcfa5b6f8/screenshot - {}
RESULT: {}
COMMAND: POST /session/1078df7af42110589ce6729fcfa5b6f8/execute/async - {"script":"<script> [1562 bytes]","args":[{"selector":{"id":"application-managepartners-display-component---NewPartner--partnerDetailInternal-arrow"},"wdio_ui5_key":"applicationmanagepartners-display-component---NewPartner--partnerDetailInternal-arrow"}]}
RESULT: {"script":"<script> [1562 bytes]","args":[{"selector":{"id":"application-managepartners-display-component---NewPartner--partnerDetailInternal-arrow"},"wdio_ui5_key":"applicationmanagepartners-display-component---NewPartner--partnerDetailInternal-arrow"}]}
RESULT: undefined
COMMAND: POST /session/1078df7af42110589ce6729fcfa5b6f8/element - {"using":"xpath","value":"//*[@id=\"application-managepartners-display-component---NewPartner--partnerDetailInternal-arrow\"]"}
RESULT: {"using":"xpath","value":"//*[@id=\"application-managepartners-display-component---NewPartner--partnerDetailInternal-arrow\"]"}
COMMAND: POST /session/1078df7af42110589ce6729fcfa5b6f8/element/f.BA343095ED0ABE7E3673784E64AE5F80.d.41FED1C6BD99EB6622EE0592F9A0A5C3.e.3436/click - {}
RESULT: {}
COMMAND: POST /session/1078df7af42110589ce6729fcfa5b6f8/element - {"using":"xpath","value":"//span[contains(text(), \"Affiliated company\")]"}
COMMAND: GET /session/1078df7af42110589ce6729fcfa5b6f8/screenshot - {}
RESULT: {"using":"xpath","value":"//span[contains(text(), \"Affiliated company\")]"}
COMMAND: POST /session/1078df7af42110589ce6729fcfa5b6f8/element/f.BA343095ED0ABE7E3673784E64AE5F80.d.41FED1C6BD99EB6622EE0592F9A0A5C3.e.3437/click - {}
RESULT: {}
RESULT: {}
COMMAND: POST /session/1078df7af42110589ce6729fcfa5b6f8/execute/async - {"script":"<script> [1562 bytes]","args":[{"selector":{"id":"application-managepartners-display-component---NewPartner--partnerDetailsCurrency-arrow"},"wdio_ui5_key":"applicationmanagepartners-display-component---NewPartner--partnerDetailsCurrency-arrow"}]}
COMMAND: GET /session/1078df7af42110589ce6729fcfa5b6f8/screenshot - {}
RESULT: {"script":"<script> [1562 bytes]","args":[{"selector":{"id":"application-managepartners-display-component---NewPartner--partnerDetailsCurrency-arrow"},"wdio_ui5_key":"applicationmanagepartners-display-component---NewPartner--partnerDetailsCurrency-arrow"}]}
RESULT: undefined
COMMAND: POST /session/1078df7af42110589ce6729fcfa5b6f8/element - {"using":"xpath","value":"//*[@id=\"application-managepartners-display-component---NewPartner--partnerDetailsCurrency-arrow\"]"}
RESULT: {}
RESULT: {"using":"xpath","value":"//*[@id=\"application-managepartners-display-component---NewPartner--partnerDetailsCurrency-arrow\"]"}
COMMAND: POST /session/1078df7af42110589ce6729fcfa5b6f8/element/f.BA343095ED0ABE7E3673784E64AE5F80.d.41FED1C6BD99EB6622EE0592F9A0A5C3.e.3444/click - {}
RESULT: {}
COMMAND: POST /session/1078df7af42110589ce6729fcfa5b6f8/element - {"using":"xpath","value":"//span[contains(text(), \"Euro\")]"}
COMMAND: GET /session/1078df7af42110589ce6729fcfa5b6f8/screenshot - {}
RESULT: {"using":"xpath","value":"//span[contains(text(), \"Euro\")]"}
COMMAND: POST /session/1078df7af42110589ce6729fcfa5b6f8/element/f.BA343095ED0ABE7E3673784E64AE5F80.d.41FED1C6BD99EB6622EE0592F9A0A5C3.e.3445/click - {}
RESULT: {}
RESULT: {}
COMMAND: POST /session/1078df7af42110589ce6729fcfa5b6f8/execute/async - {"script":"<script> [1562 bytes]","args":[{"selector":{"id":"application-managepartners-display-component---NewPartner--addressEditDetailsCostObjectCstType-arrow"},"wdio_ui5_key":"applicationmanagepartners-display-component---NewPartner--addressEditDetailsCostObjectCstType-arrow"}]}
COMMAND: GET /session/1078df7af42110589ce6729fcfa5b6f8/screenshot - {}
RESULT: {"script":"<script> [1562 bytes]","args":[{"selector":{"id":"application-managepartners-display-component---NewPartner--addressEditDetailsCostObjectCstType-arrow"},"wdio_ui5_key":"applicationmanagepartners-display-component---NewPartner--addressEditDetailsCostObjectCstType-arrow"}]}
RESULT: undefined
COMMAND: POST /session/1078df7af42110589ce6729fcfa5b6f8/element - {"using":"xpath","value":"//*[@id=\"application-managepartners-display-component---NewPartner--addressEditDetailsCostObjectCstType-arrow\"]"}
RESULT: {}
RESULT: {"using":"xpath","value":"//*[@id=\"application-managepartners-display-component---NewPartner--addressEditDetailsCostObjectCstType-arrow\"]"}
COMMAND: POST /session/1078df7af42110589ce6729fcfa5b6f8/element/f.BA343095ED0ABE7E3673784E64AE5F80.d.41FED1C6BD99EB6622EE0592F9A0A5C3.e.3446/click - {}
RESULT: {}
COMMAND: POST /session/1078df7af42110589ce6729fcfa5b6f8/element - {"using":"xpath","value":"//span[contains(text(), \"Cost Center\")]"}
COMMAND: GET /session/1078df7af42110589ce6729fcfa5b6f8/screenshot - {}
RESULT: {"using":"xpath","value":"//span[contains(text(), \"Cost Center\")]"}
COMMAND: POST /session/1078df7af42110589ce6729fcfa5b6f8/element/f.BA343095ED0ABE7E3673784E64AE5F80.d.41FED1C6BD99EB6622EE0592F9A0A5C3.e.3447/click - {}
RESULT: {}
RESULT: {}
COMMAND: GET /session/1078df7af42110589ce6729fcfa5b6f8/screenshot - {}
RESULT: {}
COMMAND: POST /session/1078df7af42110589ce6729fcfa5b6f8/element - {"using":"xpath","value":"//span[@id=\"application-managepartners-display-component---NewPartner--addressNewCostObjectCstID-vhi\"]"}
RESULT: {"using":"xpath","value":"//span[@id=\"application-managepartners-display-component---NewPartner--addressNewCostObjectCstID-vhi\"]"}
COMMAND: POST /session/1078df7af42110589ce6729fcfa5b6f8/execute/sync - {"script":"<script> [8489 bytes]","args":[{"element-6066-11e4-a52e-4f735466cecf":"f.BA343095ED0ABE7E3673784E64AE5F80.d.41FED1C6BD99EB6622EE0592F9A0A5C3.e.3451","ELEMENT":"f.BA343095ED0ABE7E3673784E64AE5F80.d.41FED1C6BD99EB6622EE0592F9A0A5C3.e.3451"}]}
RESULT: {"script":"<script> [8489 bytes]","args":[{"element-6066-11e4-a52e-4f735466cecf":"f.BA343095ED0ABE7E3673784E64AE5F80.d.41FED1C6BD99EB6622EE0592F9A0A5C3.e.3451","ELEMENT":"f.BA343095ED0ABE7E3673784E64AE5F80.d.41FED1C6BD99EB6622EE0592F9A0A5C3.e.3451"}]}
COMMAND: POST /session/1078df7af42110589ce6729fcfa5b6f8/execute/async - {"script":"<script> [1562 bytes]","args":[{"selector":{"id":"application-managepartners-display-component---NewPartner--addressNewCostObjectCstID-vhi"},"wdio_ui5_key":"applicationmanagepartners-display-component---NewPartner--addressNewCostObjectCstID-vhi"}]}
COMMAND: GET /session/1078df7af42110589ce6729fcfa5b6f8/screenshot - {}
RESULT: {"script":"<script> [1562 bytes]","args":[{"selector":{"id":"application-managepartners-display-component---NewPartner--addressNewCostObjectCstID-vhi"},"wdio_ui5_key":"applicationmanagepartners-display-component---NewPartner--addressNewCostObjectCstID-vhi"}]}
RESULT: undefined
COMMAND: POST /session/1078df7af42110589ce6729fcfa5b6f8/element - {"using":"xpath","value":"//*[@id=\"application-managepartners-display-component---NewPartner--addressNewCostObjectCstID-vhi\"]"}
RESULT: {}
RESULT: {"using":"xpath","value":"//*[@id=\"application-managepartners-display-component---NewPartner--addressNewCostObjectCstID-vhi\"]"}
COMMAND: POST /session/1078df7af42110589ce6729fcfa5b6f8/element/f.BA343095ED0ABE7E3673784E64AE5F80.d.41FED1C6BD99EB6622EE0592F9A0A5C3.e.3451/click - {}
RESULT: {}
COMMAND: GET /session/1078df7af42110589ce6729fcfa5b6f8/screenshot - {}
RESULT: {}
RESULT: undefined
COMMAND: POST /session/1078df7af42110589ce6729fcfa5b6f8/execute/async - {"script":"<script> [776 bytes]","args":[{"enterText":"10001013","selector":{"controlType":"sap.m.SearchField","properties":{"placeholder":"Search"},"searchOpenDialogs":true,"interaction":{"idSuffix":"I"}},"clearTextFirst":true,"interactionType":"ENTER_TEXT"}]}
RESULT: {"script":"<script> [776 bytes]","args":[{"enterText":"10001013","selector":{"controlType":"sap.m.SearchField","properties":{"placeholder":"Search"},"searchOpenDialogs":true,"interaction":{"idSuffix":"I"}},"clearTextFirst":true,"interactionType":"ENTER_TEXT"}]}
COMMAND: POST /session/1078df7af42110589ce6729fcfa5b6f8/actions - {"actions":[{"id":"action2","type":"key","parameters":{},"actions":[{"type":"keyDown","value":""},{"type":"pause","duration":10},{"type":"keyUp","value":""}]}]}
RESULT: {"actions":[{"id":"action2","type":"key","parameters":{},"actions":[{"type":"keyDown","value":""},{"type":"pause","duration":10},{"type":"keyUp","value":""}]}]}
COMMAND: GET /session/1078df7af42110589ce6729fcfa5b6f8/screenshot - {}
RESULT: {}
COMMAND: POST /session/1078df7af42110589ce6729fcfa5b6f8/element - {"using":"xpath","value":"//span[contains(text(), \"General Management\")]"}
RESULT: {"using":"xpath","value":"//span[contains(text(), \"General Management\")]"}
COMMAND: POST /session/1078df7af42110589ce6729fcfa5b6f8/element/f.BA343095ED0ABE7E3673784E64AE5F80.d.41FED1C6BD99EB6622EE0592F9A0A5C3.e.3489/click - {}
RESULT: {}
COMMAND: GET /session/1078df7af42110589ce6729fcfa5b6f8/screenshot - {}
RESULT: {}
COMMAND: POST /session/1078df7af42110589ce6729fcfa5b6f8/element - {"using":"xpath","value":"//bdi[contains(text(), \"OK\")]"}
RESULT: {"using":"xpath","value":"//bdi[contains(text(), \"OK\")]"}
COMMAND: POST /session/1078df7af42110589ce6729fcfa5b6f8/element/f.BA343095ED0ABE7E3673784E64AE5F80.d.41FED1C6BD99EB6622EE0592F9A0A5C3.e.3490/click - {}
RESULT: {}
COMMAND: GET /session/1078df7af42110589ce6729fcfa5b6f8/screenshot - {}
RESULT: {}
COMMAND: POST /session/1078df7af42110589ce6729fcfa5b6f8/element - {"using":"xpath","value":"//input[@id=\"application-managepartners-display-component---NewPartner--companyCodeComboBox-inner\"]"}
RESULT: {"using":"xpath","value":"//input[@id=\"application-managepartners-display-component---NewPartner--companyCodeComboBox-inner\"]"}
COMMAND: POST /session/1078df7af42110589ce6729fcfa5b6f8/element/f.BA343095ED0ABE7E3673784E64AE5F80.d.41FED1C6BD99EB6622EE0592F9A0A5C3.e.3287/clear - {}
RESULT: {}
COMMAND: POST /session/1078df7af42110589ce6729fcfa5b6f8/element/f.BA343095ED0ABE7E3673784E64AE5F80.d.41FED1C6BD99EB6622EE0592F9A0A5C3.e.3287/value - {"text":"C002"}
COMMAND: GET /session/1078df7af42110589ce6729fcfa5b6f8/screenshot - {}
RESULT: {"text":"C002"}
COMMAND: GET /session/1078df7af42110589ce6729fcfa5b6f8/screenshot - {}
RESULT: {}
RESULT: {}
COMMAND: POST /session/1078df7af42110589ce6729fcfa5b6f8/element - {"using":"xpath","value":"//li[.//span[text()= \"C002\"]]"}
RESULT: {"using":"xpath","value":"//li[.//span[text()= \"C002\"]]"}
COMMAND: POST /session/1078df7af42110589ce6729fcfa5b6f8/element/f.BA343095ED0ABE7E3673784E64AE5F80.d.41FED1C6BD99EB6622EE0592F9A0A5C3.e.3496/click - {}
RESULT: {}
COMMAND: GET /session/1078df7af42110589ce6729fcfa5b6f8/screenshot - {}
RESULT: {}
COMMAND: POST /session/1078df7af42110589ce6729fcfa5b6f8/execute/async - {"script":"<script> [1562 bytes]","args":[{"selector":{"id":"application-managepartners-display-component---NewPartner--btnAddTableRow-img"},"wdio_ui5_key":"applicationmanagepartners-display-component---NewPartner--btnAddTableRow-img"}]}
RESULT: {"script":"<script> [1562 bytes]","args":[{"selector":{"id":"application-managepartners-display-component---NewPartner--btnAddTableRow-img"},"wdio_ui5_key":"applicationmanagepartners-display-component---NewPartner--btnAddTableRow-img"}]}
RESULT: undefined
COMMAND: POST /session/1078df7af42110589ce6729fcfa5b6f8/element - {"using":"xpath","value":"//*[@id=\"application-managepartners-display-component---NewPartner--btnAddTableRow-img\"]"}
RESULT: {"using":"xpath","value":"//*[@id=\"application-managepartners-display-component---NewPartner--btnAddTableRow-img\"]"}
COMMAND: POST /session/1078df7af42110589ce6729fcfa5b6f8/element/f.BA343095ED0ABE7E3673784E64AE5F80.d.41FED1C6BD99EB6622EE0592F9A0A5C3.e.3497/click - {}
RESULT: {}
COMMAND: GET /session/1078df7af42110589ce6729fcfa5b6f8/screenshot - {}
RESULT: {}
COMMAND: POST /session/1078df7af42110589ce6729fcfa5b6f8/element - {"using":"xpath","value":"//input[@id=\"application-managepartners-display-component---NewPartner--assignmentYard-application-managepartners-display-component---NewPartner--assignmentsTable-0-inner\"]"}
RESULT: {"using":"xpath","value":"//input[@id=\"application-managepartners-display-component---NewPartner--assignmentYard-application-managepartners-display-component---NewPartner--assignmentsTable-0-inner\"]"}
COMMAND: POST /session/1078df7af42110589ce6729fcfa5b6f8/element/f.BA343095ED0ABE7E3673784E64AE5F80.d.41FED1C6BD99EB6622EE0592F9A0A5C3.e.3500/clear - {}
RESULT: {}
COMMAND: POST /session/1078df7af42110589ce6729fcfa5b6f8/element/f.BA343095ED0ABE7E3673784E64AE5F80.d.41FED1C6BD99EB6622EE0592F9A0A5C3.e.3500/value - {"text":"558"}
COMMAND: GET /session/1078df7af42110589ce6729fcfa5b6f8/screenshot - {}
RESULT: {"text":"558"}
COMMAND: GET /session/1078df7af42110589ce6729fcfa5b6f8/screenshot - {}
RESULT: {}
RESULT: {}
COMMAND: POST /session/1078df7af42110589ce6729fcfa5b6f8/element - {"using":"xpath","value":"//li[.//span[text()='558']]"}
RESULT: {"using":"xpath","value":"//li[.//span[text()='558']]"}
COMMAND: POST /session/1078df7af42110589ce6729fcfa5b6f8/element/f.BA343095ED0ABE7E3673784E64AE5F80.d.41FED1C6BD99EB6622EE0592F9A0A5C3.e.3509/click - {}
RESULT: {}
COMMAND: GET /session/1078df7af42110589ce6729fcfa5b6f8/screenshot - {}
RESULT: {}
COMMAND: POST /session/1078df7af42110589ce6729fcfa5b6f8/actions - {"actions":[{"id":"action3","type":"key","parameters":{},"actions":[{"type":"keyDown","value":""},{"type":"pause","duration":10},{"type":"keyUp","value":""}]}]}
RESULT: {"actions":[{"id":"action3","type":"key","parameters":{},"actions":[{"type":"keyDown","value":""},{"type":"pause","duration":10},{"type":"keyUp","value":""}]}]}
COMMAND: POST /session/1078df7af42110589ce6729fcfa5b6f8/execute/async - {"script":"<script> [1562 bytes]","args":[{"selector":{"id":"application-managepartners-display-component---NewPartner--externalCustomerComboBox-application-managepartners-display-component---NewPartner--assignmentsTable-0-vhi"},"wdio_ui5_key":"applicationmanagepartners-display-component---NewPartner--externalCustomerComboBox-application-managepartners-display-component---NewPartner--assignmentsTable-0-vhi"}]}
COMMAND: GET /session/1078df7af42110589ce6729fcfa5b6f8/screenshot - {}
RESULT: {"script":"<script> [1562 bytes]","args":[{"selector":{"id":"application-managepartners-display-component---NewPartner--externalCustomerComboBox-application-managepartners-display-component---NewPartner--assignmentsTable-0-vhi"},"wdio_ui5_key":"applicationmanagepartners-display-component---NewPartner--externalCustomerComboBox-application-managepartners-display-component---NewPartner--assignmentsTable-0-vhi"}]}
RESULT: undefined
COMMAND: POST /session/1078df7af42110589ce6729fcfa5b6f8/element - {"using":"xpath","value":"//*[@id=\"application-managepartners-display-component---NewPartner--externalCustomerComboBox-application-managepartners-display-component---NewPartner--assignmentsTable-0-vhi\"]"}
RESULT: {}
RESULT: {"using":"xpath","value":"//*[@id=\"application-managepartners-display-component---NewPartner--externalCustomerComboBox-application-managepartners-display-component---NewPartner--assignmentsTable-0-vhi\"]"}
COMMAND: POST /session/1078df7af42110589ce6729fcfa5b6f8/element/f.BA343095ED0ABE7E3673784E64AE5F80.d.41FED1C6BD99EB6622EE0592F9A0A5C3.e.3513/click - {}
RESULT: {}
RESULT: undefined
COMMAND: POST /session/1078df7af42110589ce6729fcfa5b6f8/execute/async - {"script":"<script> [776 bytes]","args":[{"enterText":"300003","selector":{"controlType":"sap.m.SearchField","properties":{"placeholder":"Search"},"searchOpenDialogs":true,"interaction":{"idSuffix":"I"}},"clearTextFirst":true,"interactionType":"ENTER_TEXT"}]}
COMMAND: GET /session/1078df7af42110589ce6729fcfa5b6f8/screenshot - {}
RESULT: {"script":"<script> [776 bytes]","args":[{"enterText":"300003","selector":{"controlType":"sap.m.SearchField","properties":{"placeholder":"Search"},"searchOpenDialogs":true,"interaction":{"idSuffix":"I"}},"clearTextFirst":true,"interactionType":"ENTER_TEXT"}]}
COMMAND: POST /session/1078df7af42110589ce6729fcfa5b6f8/actions - {"actions":[{"id":"action4","type":"key","parameters":{},"actions":[{"type":"keyDown","value":""},{"type":"pause","duration":10},{"type":"keyUp","value":""}]}]}
RESULT: {}
RESULT: {"actions":[{"id":"action4","type":"key","parameters":{},"actions":[{"type":"keyDown","value":""},{"type":"pause","duration":10},{"type":"keyUp","value":""}]}]}
COMMAND: GET /session/1078df7af42110589ce6729fcfa5b6f8/screenshot - {}
RESULT: {}
COMMAND: POST /session/1078df7af42110589ce6729fcfa5b6f8/element - {"using":"xpath","value":"//span[contains(text(), \"300003\")]"}
RESULT: {"using":"xpath","value":"//span[contains(text(), \"300003\")]"}
COMMAND: POST /session/1078df7af42110589ce6729fcfa5b6f8/element/f.BA343095ED0ABE7E3673784E64AE5F80.d.41FED1C6BD99EB6622EE0592F9A0A5C3.e.3531/click - {}
RESULT: {}
COMMAND: GET /session/1078df7af42110589ce6729fcfa5b6f8/screenshot - {}
RESULT: {}
COMMAND: POST /session/1078df7af42110589ce6729fcfa5b6f8/element - {"using":"xpath","value":"//bdi[contains(text(), \"OK\")]"}
RESULT: {"using":"xpath","value":"//bdi[contains(text(), \"OK\")]"}
COMMAND: POST /session/1078df7af42110589ce6729fcfa5b6f8/element/f.BA343095ED0ABE7E3673784E64AE5F80.d.41FED1C6BD99EB6622EE0592F9A0A5C3.e.3533/click - {}
RESULT: {}
COMMAND: GET /session/1078df7af42110589ce6729fcfa5b6f8/screenshot - {}
RESULT: {}
COMMAND: POST /session/1078df7af42110589ce6729fcfa5b6f8/execute/async - {"script":"<script> [1562 bytes]","args":[{"selector":{"id":"application-managepartners-display-component---NewPartner--intercompVendorComboBox-application-managepartners-display-component---NewPartner--assignmentsTable-0-vhi"},"wdio_ui5_key":"applicationmanagepartners-display-component---NewPartner--intercompVendorComboBox-application-managepartners-display-component---NewPartner--assignmentsTable-0-vhi"}]}
RESULT: {"script":"<script> [1562 bytes]","args":[{"selector":{"id":"application-managepartners-display-component---NewPartner--intercompVendorComboBox-application-managepartners-display-component---NewPartner--assignmentsTable-0-vhi"},"wdio_ui5_key":"applicationmanagepartners-display-component---NewPartner--intercompVendorComboBox-application-managepartners-display-component---NewPartner--assignmentsTable-0-vhi"}]}
RESULT: undefined
COMMAND: POST /session/1078df7af42110589ce6729fcfa5b6f8/element - {"using":"xpath","value":"//*[@id=\"application-managepartners-display-component---NewPartner--intercompVendorComboBox-application-managepartners-display-component---NewPartner--assignmentsTable-0-vhi\"]"}
RESULT: {"using":"xpath","value":"//*[@id=\"application-managepartners-display-component---NewPartner--intercompVendorComboBox-application-managepartners-display-component---NewPartner--assignmentsTable-0-vhi\"]"}
COMMAND: POST /session/1078df7af42110589ce6729fcfa5b6f8/element/f.BA343095ED0ABE7E3673784E64AE5F80.d.41FED1C6BD99EB6622EE0592F9A0A5C3.e.3537/click - {}
RESULT: {}
RESULT: undefined
COMMAND: POST /session/1078df7af42110589ce6729fcfa5b6f8/execute/async - {"script":"<script> [776 bytes]","args":[{"enterText":"100005","selector":{"controlType":"sap.m.SearchField","properties":{"placeholder":"Search"},"searchOpenDialogs":true,"interaction":{"idSuffix":"I"}},"clearTextFirst":true,"interactionType":"ENTER_TEXT"}]}
COMMAND: GET /session/1078df7af42110589ce6729fcfa5b6f8/screenshot - {}
RESULT: {"script":"<script> [776 bytes]","args":[{"enterText":"100005","selector":{"controlType":"sap.m.SearchField","properties":{"placeholder":"Search"},"searchOpenDialogs":true,"interaction":{"idSuffix":"I"}},"clearTextFirst":true,"interactionType":"ENTER_TEXT"}]}
COMMAND: POST /session/1078df7af42110589ce6729fcfa5b6f8/actions - {"actions":[{"id":"action5","type":"key","parameters":{},"actions":[{"type":"keyDown","value":""},{"type":"pause","duration":10},{"type":"keyUp","value":""}]}]}
RESULT: {}
RESULT: {"actions":[{"id":"action5","type":"key","parameters":{},"actions":[{"type":"keyDown","value":""},{"type":"pause","duration":10},{"type":"keyUp","value":""}]}]}
COMMAND: GET /session/1078df7af42110589ce6729fcfa5b6f8/screenshot - {}
RESULT: {}
COMMAND: POST /session/1078df7af42110589ce6729fcfa5b6f8/element - {"using":"xpath","value":"//span[contains(text(), \"Penguins - Field/12345 Berlin\")]"}
RESULT: {"using":"xpath","value":"//span[contains(text(), \"Penguins - Field/12345 Berlin\")]"}
COMMAND: POST /session/1078df7af42110589ce6729fcfa5b6f8/element/f.BA343095ED0ABE7E3673784E64AE5F80.d.41FED1C6BD99EB6622EE0592F9A0A5C3.e.3555/click - {}
RESULT: {}
COMMAND: GET /session/1078df7af42110589ce6729fcfa5b6f8/screenshot - {}
RESULT: {}
COMMAND: POST /session/1078df7af42110589ce6729fcfa5b6f8/element - {"using":"xpath","value":"//bdi[contains(text(), \"OK\")]"}
RESULT: {"using":"xpath","value":"//bdi[contains(text(), \"OK\")]"}
COMMAND: POST /session/1078df7af42110589ce6729fcfa5b6f8/element/f.BA343095ED0ABE7E3673784E64AE5F80.d.41FED1C6BD99EB6622EE0592F9A0A5C3.e.3556/click - {}
RESULT: {}
COMMAND: GET /session/1078df7af42110589ce6729fcfa5b6f8/screenshot - {}
RESULT: {}
COMMAND: POST /session/1078df7af42110589ce6729fcfa5b6f8/element - {"using":"xpath","value":"//button[@data-kt=\"saveButton\"]"}
RESULT: {"using":"xpath","value":"//button[@data-kt=\"saveButton\"]"}
COMMAND: POST /session/1078df7af42110589ce6729fcfa5b6f8/element/f.BA343095ED0ABE7E3673784E64AE5F80.d.41FED1C6BD99EB6622EE0592F9A0A5C3.e.3363/click - {}
RESULT: {}
COMMAND: GET /session/1078df7af42110589ce6729fcfa5b6f8/screenshot - {}
RESULT: {}
COMMAND: POST /session/1078df7af42110589ce6729fcfa5b6f8/element - {"using":"xpath","value":"//header[contains(@id, 'ObjectPageLayout-headerTitle')]/div[1]/div[2]/div[2]/span[1]"}
RESULT: {"using":"xpath","value":"//header[contains(@id, 'ObjectPageLayout-headerTitle')]/div[1]/div[2]/div[2]/span[1]"}
COMMAND: POST /session/1078df7af42110589ce6729fcfa5b6f8/elements - {"using":"xpath","value":"//header[contains(@id, 'ObjectPageLayout-headerTitle')]/div[1]/div[2]/div[2]/span[1]"}
RESULT: {"using":"xpath","value":"//header[contains(@id, 'ObjectPageLayout-headerTitle')]/div[1]/div[2]/div[2]/span[1]"}
COMMAND: POST /session/1078df7af42110589ce6729fcfa5b6f8/execute/sync - {"script":"<script> [56 bytes]","args":[{"element-6066-11e4-a52e-4f735466cecf":"f.BA343095ED0ABE7E3673784E64AE5F80.d.41FED1C6BD99EB6622EE0592F9A0A5C3.e.3721","ELEMENT":"f.BA343095ED0ABE7E3673784E64AE5F80.d.41FED1C6BD99EB6622EE0592F9A0A5C3.e.3721"}]}
RESULT: {"script":"<script> [56 bytes]","args":[{"element-6066-11e4-a52e-4f735466cecf":"f.BA343095ED0ABE7E3673784E64AE5F80.d.41FED1C6BD99EB6622EE0592F9A0A5C3.e.3721","ELEMENT":"f.BA343095ED0ABE7E3673784E64AE5F80.d.41FED1C6BD99EB6622EE0592F9A0A5C3.e.3721"}]}
COMMAND: POST /session/1078df7af42110589ce6729fcfa5b6f8/element - {"using":"css selector","value":"#shell-header-logo"}
COMMAND: GET /session/1078df7af42110589ce6729fcfa5b6f8/screenshot - {}
RESULT: {"using":"css selector","value":"#shell-header-logo"}
COMMAND: POST /session/1078df7af42110589ce6729fcfa5b6f8/element/f.BA343095ED0ABE7E3673784E64AE5F80.d.41FED1C6BD99EB6622EE0592F9A0A5C3.e.2940/click - {}
RESULT: {}
RESULT: {}
COMMAND: GET /session/1078df7af42110589ce6729fcfa5b6f8/screenshot - {}
RESULT: {}
COMMAND: POST /session/1078df7af42110589ce6729fcfa5b6f8/execute/sync - {"script":"<script> [299 bytes]","args":[["getModel","getResource"]]}
RESULT: {"script":"<script> [299 bytes]","args":[["getModel","getResource"]]}
COMMAND: GET /session/1078df7af42110589ce6729fcfa5b6f8/screenshot - {}
]]></system-out>
    </testcase>
    <testcase classname="chrome.136_0_7103_93.windows.Billing_Transfer_-_Master_data_&amp;_Intercompany_US127250" name="Should create a new site" time="94.338">
      <system-out><![CDATA[
COMMAND: POST /session/1078df7af42110589ce6729fcfa5b6f8/execute/async - {"script":"<script> [1562 bytes]","args":[{"selector":{"controlType":"sap.m.GenericTile","properties":{"header":"Manage Sites"}},"wdio_ui5_key":"sapm.GenericTile{\"header\":\"Manage Sites\"}"}]}
RESULT: {}
RESULT: {"script":"<script> [1562 bytes]","args":[{"selector":{"controlType":"sap.m.GenericTile","properties":{"header":"Manage Sites"}},"wdio_ui5_key":"sapm.GenericTile{\"header\":\"Manage Sites\"}"}]}
RESULT: undefined
COMMAND: POST /session/1078df7af42110589ce6729fcfa5b6f8/element - {"using":"xpath","value":"//*[@id=\"__tile40\"]"}
RESULT: {"using":"xpath","value":"//*[@id=\"__tile40\"]"}
COMMAND: POST /session/1078df7af42110589ce6729fcfa5b6f8/element/f.BA343095ED0ABE7E3673784E64AE5F80.d.41FED1C6BD99EB6622EE0592F9A0A5C3.e.2090/click - {}
RESULT: {}
COMMAND: GET /session/1078df7af42110589ce6729fcfa5b6f8/screenshot - {}
RESULT: {}
COMMAND: POST /session/1078df7af42110589ce6729fcfa5b6f8/elements - {"using":"xpath","value":"//span[text()='Error']"}
RESULT: {"using":"xpath","value":"//span[text()='Error']"}
COMMAND: POST /session/1078df7af42110589ce6729fcfa5b6f8/element - {"using":"xpath","value":"//button[@data-kt=\"addOverflowToolbarButton\"]"}
RESULT: {"using":"xpath","value":"//button[@data-kt=\"addOverflowToolbarButton\"]"}
COMMAND: POST /session/1078df7af42110589ce6729fcfa5b6f8/elements - {"using":"xpath","value":"//button[@data-kt=\"addOverflowToolbarButton\"]"}
RESULT: {"using":"xpath","value":"//button[@data-kt=\"addOverflowToolbarButton\"]"}
COMMAND: POST /session/1078df7af42110589ce6729fcfa5b6f8/execute/sync - {"script":"<script> [8489 bytes]","args":[{"element-6066-11e4-a52e-4f735466cecf":"f.BA343095ED0ABE7E3673784E64AE5F80.d.41FED1C6BD99EB6622EE0592F9A0A5C3.e.3768","ELEMENT":"f.BA343095ED0ABE7E3673784E64AE5F80.d.41FED1C6BD99EB6622EE0592F9A0A5C3.e.3768"}]}
RESULT: {"script":"<script> [8489 bytes]","args":[{"element-6066-11e4-a52e-4f735466cecf":"f.BA343095ED0ABE7E3673784E64AE5F80.d.41FED1C6BD99EB6622EE0592F9A0A5C3.e.3768","ELEMENT":"f.BA343095ED0ABE7E3673784E64AE5F80.d.41FED1C6BD99EB6622EE0592F9A0A5C3.e.3768"}]}
COMMAND: GET /session/1078df7af42110589ce6729fcfa5b6f8/element/f.BA343095ED0ABE7E3673784E64AE5F80.d.41FED1C6BD99EB6622EE0592F9A0A5C3.e.3768/enabled - {}
COMMAND: GET /session/1078df7af42110589ce6729fcfa5b6f8/screenshot - {}
RESULT: {}
COMMAND: POST /session/1078df7af42110589ce6729fcfa5b6f8/execute/sync - {"script":"<script> [8489 bytes]","args":[{"element-6066-11e4-a52e-4f735466cecf":"f.BA343095ED0ABE7E3673784E64AE5F80.d.41FED1C6BD99EB6622EE0592F9A0A5C3.e.3768","ELEMENT":"f.BA343095ED0ABE7E3673784E64AE5F80.d.41FED1C6BD99EB6622EE0592F9A0A5C3.e.3768"}]}
COMMAND: GET /session/1078df7af42110589ce6729fcfa5b6f8/screenshot - {}
RESULT: {}
RESULT: {"script":"<script> [8489 bytes]","args":[{"element-6066-11e4-a52e-4f735466cecf":"f.BA343095ED0ABE7E3673784E64AE5F80.d.41FED1C6BD99EB6622EE0592F9A0A5C3.e.3768","ELEMENT":"f.BA343095ED0ABE7E3673784E64AE5F80.d.41FED1C6BD99EB6622EE0592F9A0A5C3.e.3768"}]}
COMMAND: POST /session/1078df7af42110589ce6729fcfa5b6f8/execute/sync - {"script":"<script> [5351 bytes]","args":[{"element-6066-11e4-a52e-4f735466cecf":"f.BA343095ED0ABE7E3673784E64AE5F80.d.41FED1C6BD99EB6622EE0592F9A0A5C3.e.3768","ELEMENT":"f.BA343095ED0ABE7E3673784E64AE5F80.d.41FED1C6BD99EB6622EE0592F9A0A5C3.e.3768"}]}
COMMAND: GET /session/1078df7af42110589ce6729fcfa5b6f8/screenshot - {}
RESULT: {}
RESULT: {"script":"<script> [5351 bytes]","args":[{"element-6066-11e4-a52e-4f735466cecf":"f.BA343095ED0ABE7E3673784E64AE5F80.d.41FED1C6BD99EB6622EE0592F9A0A5C3.e.3768","ELEMENT":"f.BA343095ED0ABE7E3673784E64AE5F80.d.41FED1C6BD99EB6622EE0592F9A0A5C3.e.3768"}]}
COMMAND: POST /session/1078df7af42110589ce6729fcfa5b6f8/element/f.BA343095ED0ABE7E3673784E64AE5F80.d.41FED1C6BD99EB6622EE0592F9A0A5C3.e.3768/click - {}
COMMAND: GET /session/1078df7af42110589ce6729fcfa5b6f8/screenshot - {}
RESULT: {}
RESULT: {}
COMMAND: GET /session/1078df7af42110589ce6729fcfa5b6f8/screenshot - {}
RESULT: {}
RESULT: {}
COMMAND: POST /session/1078df7af42110589ce6729fcfa5b6f8/element - {"using":"xpath","value":"//input[@id=\"application-managesites-display-component---NewSite--siteId-inner\"]"}
RESULT: {"using":"xpath","value":"//input[@id=\"application-managesites-display-component---NewSite--siteId-inner\"]"}
COMMAND: POST /session/1078df7af42110589ce6729fcfa5b6f8/element - {"using":"xpath","value":"//input[@id=\"application-managesites-display-component---NewSite--siteId-inner\"]"}
RESULT: {"using":"xpath","value":"//input[@id=\"application-managesites-display-component---NewSite--siteId-inner\"]"}
COMMAND: POST /session/1078df7af42110589ce6729fcfa5b6f8/execute/async - {"script":"<script> [1562 bytes]","args":[{"selector":{"id":"application-managesites-display-component---NewSite--addressDetailDetailsName1","interaction":{"idSuffix":"inner"}},"wdio_ui5_key":"applicationmanagesites-display-component---NewSite--addressDetailDetailsName1"}]}
RESULT: {"script":"<script> [1562 bytes]","args":[{"selector":{"id":"application-managesites-display-component---NewSite--addressDetailDetailsName1","interaction":{"idSuffix":"inner"}},"wdio_ui5_key":"applicationmanagesites-display-component---NewSite--addressDetailDetailsName1"}]}
RESULT: undefined
COMMAND: POST /session/1078df7af42110589ce6729fcfa5b6f8/execute/async - {"script":"<script> [776 bytes]","args":[{"enterText":"Intercompany Site wdIO","selector":{"id":"application-managesites-display-component---NewSite--addressDetailDetailsName1","interaction":{"idSuffix":"inner"}},"clearTextFirst":true,"interactionType":"ENTER_TEXT"}]}
RESULT: {"script":"<script> [776 bytes]","args":[{"enterText":"Intercompany Site wdIO","selector":{"id":"application-managesites-display-component---NewSite--addressDetailDetailsName1","interaction":{"idSuffix":"inner"}},"clearTextFirst":true,"interactionType":"ENTER_TEXT"}]}
COMMAND: POST /session/1078df7af42110589ce6729fcfa5b6f8/execute/async - {"script":"<script> [1562 bytes]","args":[{"selector":{"id":"application-managesites-display-component---NewSite--addressDetailDetailsLanguage-arrow"},"wdio_ui5_key":"applicationmanagesites-display-component---NewSite--addressDetailDetailsLanguage-arrow"}]}
RESULT: {"script":"<script> [1562 bytes]","args":[{"selector":{"id":"application-managesites-display-component---NewSite--addressDetailDetailsLanguage-arrow"},"wdio_ui5_key":"applicationmanagesites-display-component---NewSite--addressDetailDetailsLanguage-arrow"}]}
RESULT: undefined
COMMAND: POST /session/1078df7af42110589ce6729fcfa5b6f8/element - {"using":"xpath","value":"//*[@id=\"application-managesites-display-component---NewSite--addressDetailDetailsLanguage-arrow\"]"}
RESULT: {"using":"xpath","value":"//*[@id=\"application-managesites-display-component---NewSite--addressDetailDetailsLanguage-arrow\"]"}
COMMAND: POST /session/1078df7af42110589ce6729fcfa5b6f8/element/f.BA343095ED0ABE7E3673784E64AE5F80.d.41FED1C6BD99EB6622EE0592F9A0A5C3.e.4157/click - {}
RESULT: {}
COMMAND: POST /session/1078df7af42110589ce6729fcfa5b6f8/element - {"using":"xpath","value":"//span[contains(text(), \"English\")]"}
COMMAND: GET /session/1078df7af42110589ce6729fcfa5b6f8/screenshot - {}
RESULT: {"using":"xpath","value":"//span[contains(text(), \"English\")]"}
COMMAND: POST /session/1078df7af42110589ce6729fcfa5b6f8/element/f.BA343095ED0ABE7E3673784E64AE5F80.d.41FED1C6BD99EB6622EE0592F9A0A5C3.e.4158/click - {}
RESULT: {}
RESULT: {}
COMMAND: POST /session/1078df7af42110589ce6729fcfa5b6f8/execute/async - {"script":"<script> [1562 bytes]","args":[{"selector":{"id":"application-managesites-display-component---NewSite--addressDetailDetailsCity1","interaction":{"idSuffix":"inner"}},"wdio_ui5_key":"applicationmanagesites-display-component---NewSite--addressDetailDetailsCity1"}]}
COMMAND: GET /session/1078df7af42110589ce6729fcfa5b6f8/screenshot - {}
RESULT: {"script":"<script> [1562 bytes]","args":[{"selector":{"id":"application-managesites-display-component---NewSite--addressDetailDetailsCity1","interaction":{"idSuffix":"inner"}},"wdio_ui5_key":"applicationmanagesites-display-component---NewSite--addressDetailDetailsCity1"}]}
RESULT: undefined
COMMAND: POST /session/1078df7af42110589ce6729fcfa5b6f8/execute/async - {"script":"<script> [776 bytes]","args":[{"enterText":"Rosario","selector":{"id":"application-managesites-display-component---NewSite--addressDetailDetailsCity1","interaction":{"idSuffix":"inner"}},"clearTextFirst":true,"interactionType":"ENTER_TEXT"}]}
RESULT: {}
RESULT: {"script":"<script> [776 bytes]","args":[{"enterText":"Rosario","selector":{"id":"application-managesites-display-component---NewSite--addressDetailDetailsCity1","interaction":{"idSuffix":"inner"}},"clearTextFirst":true,"interactionType":"ENTER_TEXT"}]}
COMMAND: POST /session/1078df7af42110589ce6729fcfa5b6f8/execute/async - {"script":"<script> [1562 bytes]","args":[{"selector":{"id":"application-managesites-display-component---NewSite--addressDetailDetailsCountry-arrow"},"wdio_ui5_key":"applicationmanagesites-display-component---NewSite--addressDetailDetailsCountry-arrow"}]}
RESULT: {"script":"<script> [1562 bytes]","args":[{"selector":{"id":"application-managesites-display-component---NewSite--addressDetailDetailsCountry-arrow"},"wdio_ui5_key":"applicationmanagesites-display-component---NewSite--addressDetailDetailsCountry-arrow"}]}
RESULT: undefined
COMMAND: POST /session/1078df7af42110589ce6729fcfa5b6f8/element - {"using":"xpath","value":"//*[@id=\"application-managesites-display-component---NewSite--addressDetailDetailsCountry-arrow\"]"}
RESULT: {"using":"xpath","value":"//*[@id=\"application-managesites-display-component---NewSite--addressDetailDetailsCountry-arrow\"]"}
COMMAND: POST /session/1078df7af42110589ce6729fcfa5b6f8/element/f.BA343095ED0ABE7E3673784E64AE5F80.d.41FED1C6BD99EB6622EE0592F9A0A5C3.e.4160/click - {}
RESULT: {}
COMMAND: POST /session/1078df7af42110589ce6729fcfa5b6f8/element - {"using":"xpath","value":"//span[contains(text(), \"Argentina\")]"}
COMMAND: GET /session/1078df7af42110589ce6729fcfa5b6f8/screenshot - {}
RESULT: {"using":"xpath","value":"//span[contains(text(), \"Argentina\")]"}
COMMAND: POST /session/1078df7af42110589ce6729fcfa5b6f8/element/f.BA343095ED0ABE7E3673784E64AE5F80.d.41FED1C6BD99EB6622EE0592F9A0A5C3.e.4161/click - {}
RESULT: {}
RESULT: {}
COMMAND: GET /session/1078df7af42110589ce6729fcfa5b6f8/screenshot - {}
RESULT: {}
COMMAND: POST /session/1078df7af42110589ce6729fcfa5b6f8/execute/async - {"script":"<script> [1562 bytes]","args":[{"selector":{"id":"application-managesites-display-component---NewSite--addressEditDetailsCostObjectCstType-arrow"},"wdio_ui5_key":"applicationmanagesites-display-component---NewSite--addressEditDetailsCostObjectCstType-arrow"}]}
RESULT: {"script":"<script> [1562 bytes]","args":[{"selector":{"id":"application-managesites-display-component---NewSite--addressEditDetailsCostObjectCstType-arrow"},"wdio_ui5_key":"applicationmanagesites-display-component---NewSite--addressEditDetailsCostObjectCstType-arrow"}]}
RESULT: undefined
COMMAND: POST /session/1078df7af42110589ce6729fcfa5b6f8/element - {"using":"xpath","value":"//*[@id=\"application-managesites-display-component---NewSite--addressEditDetailsCostObjectCstType-arrow\"]"}
RESULT: {"using":"xpath","value":"//*[@id=\"application-managesites-display-component---NewSite--addressEditDetailsCostObjectCstType-arrow\"]"}
COMMAND: POST /session/1078df7af42110589ce6729fcfa5b6f8/element/f.BA343095ED0ABE7E3673784E64AE5F80.d.41FED1C6BD99EB6622EE0592F9A0A5C3.e.4162/click - {}
RESULT: {}
COMMAND: POST /session/1078df7af42110589ce6729fcfa5b6f8/element - {"using":"xpath","value":"//span[contains(text(), \"Cost Center\")]"}
COMMAND: GET /session/1078df7af42110589ce6729fcfa5b6f8/screenshot - {}
RESULT: {"using":"xpath","value":"//span[contains(text(), \"Cost Center\")]"}
COMMAND: POST /session/1078df7af42110589ce6729fcfa5b6f8/element/f.BA343095ED0ABE7E3673784E64AE5F80.d.41FED1C6BD99EB6622EE0592F9A0A5C3.e.4163/click - {}
RESULT: {}
RESULT: {}
COMMAND: GET /session/1078df7af42110589ce6729fcfa5b6f8/screenshot - {}
RESULT: {}
COMMAND: POST /session/1078df7af42110589ce6729fcfa5b6f8/element - {"using":"xpath","value":"//span[@id=\"application-managesites-display-component---NewSite--addressNewCostObjectCstID-vhi\"]"}
RESULT: {"using":"xpath","value":"//span[@id=\"application-managesites-display-component---NewSite--addressNewCostObjectCstID-vhi\"]"}
COMMAND: POST /session/1078df7af42110589ce6729fcfa5b6f8/execute/sync - {"script":"<script> [8489 bytes]","args":[{"element-6066-11e4-a52e-4f735466cecf":"f.BA343095ED0ABE7E3673784E64AE5F80.d.41FED1C6BD99EB6622EE0592F9A0A5C3.e.4168","ELEMENT":"f.BA343095ED0ABE7E3673784E64AE5F80.d.41FED1C6BD99EB6622EE0592F9A0A5C3.e.4168"}]}
RESULT: {"script":"<script> [8489 bytes]","args":[{"element-6066-11e4-a52e-4f735466cecf":"f.BA343095ED0ABE7E3673784E64AE5F80.d.41FED1C6BD99EB6622EE0592F9A0A5C3.e.4168","ELEMENT":"f.BA343095ED0ABE7E3673784E64AE5F80.d.41FED1C6BD99EB6622EE0592F9A0A5C3.e.4168"}]}
COMMAND: POST /session/1078df7af42110589ce6729fcfa5b6f8/execute/async - {"script":"<script> [1562 bytes]","args":[{"selector":{"id":"application-managesites-display-component---NewSite--addressNewCostObjectCstID-vhi"},"wdio_ui5_key":"applicationmanagesites-display-component---NewSite--addressNewCostObjectCstID-vhi"}]}
COMMAND: GET /session/1078df7af42110589ce6729fcfa5b6f8/screenshot - {}
RESULT: {"script":"<script> [1562 bytes]","args":[{"selector":{"id":"application-managesites-display-component---NewSite--addressNewCostObjectCstID-vhi"},"wdio_ui5_key":"applicationmanagesites-display-component---NewSite--addressNewCostObjectCstID-vhi"}]}
RESULT: undefined
COMMAND: POST /session/1078df7af42110589ce6729fcfa5b6f8/element - {"using":"xpath","value":"//*[@id=\"application-managesites-display-component---NewSite--addressNewCostObjectCstID-vhi\"]"}
RESULT: {}
RESULT: {"using":"xpath","value":"//*[@id=\"application-managesites-display-component---NewSite--addressNewCostObjectCstID-vhi\"]"}
COMMAND: POST /session/1078df7af42110589ce6729fcfa5b6f8/element/f.BA343095ED0ABE7E3673784E64AE5F80.d.41FED1C6BD99EB6622EE0592F9A0A5C3.e.4168/click - {}
RESULT: {}
COMMAND: GET /session/1078df7af42110589ce6729fcfa5b6f8/screenshot - {}
RESULT: {}
RESULT: undefined
COMMAND: POST /session/1078df7af42110589ce6729fcfa5b6f8/execute/async - {"script":"<script> [776 bytes]","args":[{"enterText":"10001013","selector":{"controlType":"sap.m.SearchField","properties":{"placeholder":"Search"},"searchOpenDialogs":true,"interaction":{"idSuffix":"I"}},"clearTextFirst":true,"interactionType":"ENTER_TEXT"}]}
RESULT: {"script":"<script> [776 bytes]","args":[{"enterText":"10001013","selector":{"controlType":"sap.m.SearchField","properties":{"placeholder":"Search"},"searchOpenDialogs":true,"interaction":{"idSuffix":"I"}},"clearTextFirst":true,"interactionType":"ENTER_TEXT"}]}
COMMAND: POST /session/1078df7af42110589ce6729fcfa5b6f8/actions - {"actions":[{"id":"action6","type":"key","parameters":{},"actions":[{"type":"keyDown","value":""},{"type":"pause","duration":10},{"type":"keyUp","value":""}]}]}
RESULT: {"actions":[{"id":"action6","type":"key","parameters":{},"actions":[{"type":"keyDown","value":""},{"type":"pause","duration":10},{"type":"keyUp","value":""}]}]}
COMMAND: GET /session/1078df7af42110589ce6729fcfa5b6f8/screenshot - {}
RESULT: {}
COMMAND: POST /session/1078df7af42110589ce6729fcfa5b6f8/element - {"using":"xpath","value":"//span[contains(text(), \"General Management\")]"}
RESULT: {"using":"xpath","value":"//span[contains(text(), \"General Management\")]"}
COMMAND: POST /session/1078df7af42110589ce6729fcfa5b6f8/element/f.BA343095ED0ABE7E3673784E64AE5F80.d.41FED1C6BD99EB6622EE0592F9A0A5C3.e.4207/click - {}
RESULT: {}
COMMAND: GET /session/1078df7af42110589ce6729fcfa5b6f8/screenshot - {}
RESULT: {}
COMMAND: POST /session/1078df7af42110589ce6729fcfa5b6f8/element - {"using":"xpath","value":"//bdi[contains(text(), \"OK\")]"}
RESULT: {"using":"xpath","value":"//bdi[contains(text(), \"OK\")]"}
COMMAND: POST /session/1078df7af42110589ce6729fcfa5b6f8/element/f.BA343095ED0ABE7E3673784E64AE5F80.d.41FED1C6BD99EB6622EE0592F9A0A5C3.e.4208/click - {}
RESULT: {}
COMMAND: GET /session/1078df7af42110589ce6729fcfa5b6f8/screenshot - {}
RESULT: {}
COMMAND: POST /session/1078df7af42110589ce6729fcfa5b6f8/element - {"using":"xpath","value":"//input[@id=\"application-managesites-display-component---NewSite--addressDetailDetailsCalendar-inner\"]"}
RESULT: {"using":"xpath","value":"//input[@id=\"application-managesites-display-component---NewSite--addressDetailDetailsCalendar-inner\"]"}
COMMAND: POST /session/1078df7af42110589ce6729fcfa5b6f8/element/f.BA343095ED0ABE7E3673784E64AE5F80.d.41FED1C6BD99EB6622EE0592F9A0A5C3.e.3993/clear - {}
RESULT: {}
COMMAND: POST /session/1078df7af42110589ce6729fcfa5b6f8/element/f.BA343095ED0ABE7E3673784E64AE5F80.d.41FED1C6BD99EB6622EE0592F9A0A5C3.e.3993/value - {"text":"Unit"}
COMMAND: GET /session/1078df7af42110589ce6729fcfa5b6f8/screenshot - {}
RESULT: {"text":"Unit"}
COMMAND: GET /session/1078df7af42110589ce6729fcfa5b6f8/screenshot - {}
RESULT: {}
RESULT: {}
COMMAND: POST /session/1078df7af42110589ce6729fcfa5b6f8/actions - {"actions":[{"id":"action7","type":"key","parameters":{},"actions":[{"type":"keyDown","value":""},{"type":"pause","duration":10},{"type":"keyUp","value":""}]}]}
RESULT: {"actions":[{"id":"action7","type":"key","parameters":{},"actions":[{"type":"keyDown","value":""},{"type":"pause","duration":10},{"type":"keyUp","value":""}]}]}
COMMAND: POST /session/1078df7af42110589ce6729fcfa5b6f8/element - {"using":"xpath","value":"//input[@id=\"application-managesites-display-component---NewSite--addressDetailDetailsYard-inner\"]"}
COMMAND: GET /session/1078df7af42110589ce6729fcfa5b6f8/screenshot - {}
RESULT: {"using":"xpath","value":"//input[@id=\"application-managesites-display-component---NewSite--addressDetailDetailsYard-inner\"]"}
COMMAND: POST /session/1078df7af42110589ce6729fcfa5b6f8/element/f.BA343095ED0ABE7E3673784E64AE5F80.d.41FED1C6BD99EB6622EE0592F9A0A5C3.e.3994/clear - {}
RESULT: {}
RESULT: {}
COMMAND: POST /session/1078df7af42110589ce6729fcfa5b6f8/element/f.BA343095ED0ABE7E3673784E64AE5F80.d.41FED1C6BD99EB6622EE0592F9A0A5C3.e.3994/value - {"text":"558"}
COMMAND: GET /session/1078df7af42110589ce6729fcfa5b6f8/screenshot - {}
RESULT: {"text":"558"}
COMMAND: GET /session/1078df7af42110589ce6729fcfa5b6f8/screenshot - {}
RESULT: {}
RESULT: {}
COMMAND: POST /session/1078df7af42110589ce6729fcfa5b6f8/element - {"using":"xpath","value":"//li[.//span[text()='558']]"}
RESULT: {"using":"xpath","value":"//li[.//span[text()='558']]"}
COMMAND: POST /session/1078df7af42110589ce6729fcfa5b6f8/element/f.BA343095ED0ABE7E3673784E64AE5F80.d.41FED1C6BD99EB6622EE0592F9A0A5C3.e.4216/click - {}
RESULT: {}
COMMAND: GET /session/1078df7af42110589ce6729fcfa5b6f8/screenshot - {}
RESULT: {}
COMMAND: POST /session/1078df7af42110589ce6729fcfa5b6f8/element - {"using":"xpath","value":"//input[@id=\"application-managesites-display-component---NewSite--addressDetailDetailsPartner-inner\"]"}
RESULT: {"using":"xpath","value":"//input[@id=\"application-managesites-display-component---NewSite--addressDetailDetailsPartner-inner\"]"}
COMMAND: POST /session/1078df7af42110589ce6729fcfa5b6f8/element - {"using":"xpath","value":"//input[@id=\"application-managesites-display-component---NewSite--addressDetailDetailsPartner-inner\"]"}
RESULT: {"using":"xpath","value":"//input[@id=\"application-managesites-display-component---NewSite--addressDetailDetailsPartner-inner\"]"}
COMMAND: POST /session/1078df7af42110589ce6729fcfa5b6f8/element - {"using":"xpath","value":"//button[@data-kt=\"saveButton\"]"}
RESULT: {"using":"xpath","value":"//button[@data-kt=\"saveButton\"]"}
COMMAND: POST /session/1078df7af42110589ce6729fcfa5b6f8/element/f.BA343095ED0ABE7E3673784E64AE5F80.d.41FED1C6BD99EB6622EE0592F9A0A5C3.e.4150/click - {}
RESULT: {}
COMMAND: GET /session/1078df7af42110589ce6729fcfa5b6f8/screenshot - {}
RESULT: {}
COMMAND: POST /session/1078df7af42110589ce6729fcfa5b6f8/element - {"using":"xpath","value":"//header[contains(@id, 'ObjectPageLayout-headerTitle')]/div[1]/div[2]/div[2]/span[1]"}
RESULT: {"using":"xpath","value":"//header[contains(@id, 'ObjectPageLayout-headerTitle')]/div[1]/div[2]/div[2]/span[1]"}
COMMAND: POST /session/1078df7af42110589ce6729fcfa5b6f8/elements - {"using":"xpath","value":"//header[contains(@id, 'ObjectPageLayout-headerTitle')]/div[1]/div[2]/div[2]/span[1]"}
RESULT: {"using":"xpath","value":"//header[contains(@id, 'ObjectPageLayout-headerTitle')]/div[1]/div[2]/div[2]/span[1]"}
COMMAND: POST /session/1078df7af42110589ce6729fcfa5b6f8/execute/sync - {"script":"<script> [56 bytes]","args":[{"element-6066-11e4-a52e-4f735466cecf":"f.BA343095ED0ABE7E3673784E64AE5F80.d.41FED1C6BD99EB6622EE0592F9A0A5C3.e.4418","ELEMENT":"f.BA343095ED0ABE7E3673784E64AE5F80.d.41FED1C6BD99EB6622EE0592F9A0A5C3.e.4418"}]}
RESULT: {"script":"<script> [56 bytes]","args":[{"element-6066-11e4-a52e-4f735466cecf":"f.BA343095ED0ABE7E3673784E64AE5F80.d.41FED1C6BD99EB6622EE0592F9A0A5C3.e.4418","ELEMENT":"f.BA343095ED0ABE7E3673784E64AE5F80.d.41FED1C6BD99EB6622EE0592F9A0A5C3.e.4418"}]}
COMMAND: POST /session/1078df7af42110589ce6729fcfa5b6f8/element - {"using":"css selector","value":"#shell-header-logo"}
COMMAND: GET /session/1078df7af42110589ce6729fcfa5b6f8/screenshot - {}
RESULT: {"using":"css selector","value":"#shell-header-logo"}
COMMAND: POST /session/1078df7af42110589ce6729fcfa5b6f8/element/f.BA343095ED0ABE7E3673784E64AE5F80.d.41FED1C6BD99EB6622EE0592F9A0A5C3.e.3725/click - {}
RESULT: {}
RESULT: {}
COMMAND: GET /session/1078df7af42110589ce6729fcfa5b6f8/screenshot - {}
RESULT: {}
COMMAND: POST /session/1078df7af42110589ce6729fcfa5b6f8/execute/sync - {"script":"<script> [299 bytes]","args":[["getModel","getResource"]]}
RESULT: {"script":"<script> [299 bytes]","args":[["getModel","getResource"]]}
]]></system-out>
    </testcase>
    <testcase classname="chrome.136_0_7103_93.windows.Billing_Transfer_-_Master_data_&amp;_Intercompany_US127250" name="Should create a new equipment" time="127.519">
      <system-out><![CDATA[
COMMAND: POST /session/1078df7af42110589ce6729fcfa5b6f8/execute/async - {"script":"<script> [1562 bytes]","args":[{"selector":{"controlType":"sap.m.GenericTile","properties":{"header":"Manage Resources"}},"wdio_ui5_key":"sapm.GenericTile{\"header\":\"Manage Resources\"}"}]}
COMMAND: GET /session/1078df7af42110589ce6729fcfa5b6f8/screenshot - {}
RESULT: {"script":"<script> [1562 bytes]","args":[{"selector":{"controlType":"sap.m.GenericTile","properties":{"header":"Manage Resources"}},"wdio_ui5_key":"sapm.GenericTile{\"header\":\"Manage Resources\"}"}]}
RESULT: undefined
COMMAND: POST /session/1078df7af42110589ce6729fcfa5b6f8/element - {"using":"xpath","value":"//*[@id=\"__tile39\"]"}
RESULT: {}
RESULT: {"using":"xpath","value":"//*[@id=\"__tile39\"]"}
COMMAND: POST /session/1078df7af42110589ce6729fcfa5b6f8/element/f.BA343095ED0ABE7E3673784E64AE5F80.d.41FED1C6BD99EB6622EE0592F9A0A5C3.e.2087/click - {}
RESULT: {}
COMMAND: GET /session/1078df7af42110589ce6729fcfa5b6f8/screenshot - {}
RESULT: {}
COMMAND: POST /session/1078df7af42110589ce6729fcfa5b6f8/elements - {"using":"xpath","value":"//span[text()='Error']"}
RESULT: {"using":"xpath","value":"//span[text()='Error']"}
COMMAND: POST /session/1078df7af42110589ce6729fcfa5b6f8/element - {"using":"xpath","value":"//button[@data-kt=\"addNewRUOverflowToolbarButton\"]"}
RESULT: {"using":"xpath","value":"//button[@data-kt=\"addNewRUOverflowToolbarButton\"]"}
COMMAND: POST /session/1078df7af42110589ce6729fcfa5b6f8/elements - {"using":"xpath","value":"//button[@data-kt=\"addNewRUOverflowToolbarButton\"]"}
RESULT: {"using":"xpath","value":"//button[@data-kt=\"addNewRUOverflowToolbarButton\"]"}
COMMAND: POST /session/1078df7af42110589ce6729fcfa5b6f8/execute/sync - {"script":"<script> [8489 bytes]","args":[{"element-6066-11e4-a52e-4f735466cecf":"f.BA343095ED0ABE7E3673784E64AE5F80.d.41FED1C6BD99EB6622EE0592F9A0A5C3.e.4462","ELEMENT":"f.BA343095ED0ABE7E3673784E64AE5F80.d.41FED1C6BD99EB6622EE0592F9A0A5C3.e.4462"}]}
RESULT: {"script":"<script> [8489 bytes]","args":[{"element-6066-11e4-a52e-4f735466cecf":"f.BA343095ED0ABE7E3673784E64AE5F80.d.41FED1C6BD99EB6622EE0592F9A0A5C3.e.4462","ELEMENT":"f.BA343095ED0ABE7E3673784E64AE5F80.d.41FED1C6BD99EB6622EE0592F9A0A5C3.e.4462"}]}
COMMAND: GET /session/1078df7af42110589ce6729fcfa5b6f8/element/f.BA343095ED0ABE7E3673784E64AE5F80.d.41FED1C6BD99EB6622EE0592F9A0A5C3.e.4462/enabled - {}
COMMAND: GET /session/1078df7af42110589ce6729fcfa5b6f8/screenshot - {}
RESULT: {}
COMMAND: POST /session/1078df7af42110589ce6729fcfa5b6f8/execute/sync - {"script":"<script> [8489 bytes]","args":[{"element-6066-11e4-a52e-4f735466cecf":"f.BA343095ED0ABE7E3673784E64AE5F80.d.41FED1C6BD99EB6622EE0592F9A0A5C3.e.4462","ELEMENT":"f.BA343095ED0ABE7E3673784E64AE5F80.d.41FED1C6BD99EB6622EE0592F9A0A5C3.e.4462"}]}
COMMAND: GET /session/1078df7af42110589ce6729fcfa5b6f8/screenshot - {}
RESULT: {}
RESULT: {"script":"<script> [8489 bytes]","args":[{"element-6066-11e4-a52e-4f735466cecf":"f.BA343095ED0ABE7E3673784E64AE5F80.d.41FED1C6BD99EB6622EE0592F9A0A5C3.e.4462","ELEMENT":"f.BA343095ED0ABE7E3673784E64AE5F80.d.41FED1C6BD99EB6622EE0592F9A0A5C3.e.4462"}]}
COMMAND: POST /session/1078df7af42110589ce6729fcfa5b6f8/execute/sync - {"script":"<script> [5351 bytes]","args":[{"element-6066-11e4-a52e-4f735466cecf":"f.BA343095ED0ABE7E3673784E64AE5F80.d.41FED1C6BD99EB6622EE0592F9A0A5C3.e.4462","ELEMENT":"f.BA343095ED0ABE7E3673784E64AE5F80.d.41FED1C6BD99EB6622EE0592F9A0A5C3.e.4462"}]}
COMMAND: GET /session/1078df7af42110589ce6729fcfa5b6f8/screenshot - {}
RESULT: {}
RESULT: {"script":"<script> [5351 bytes]","args":[{"element-6066-11e4-a52e-4f735466cecf":"f.BA343095ED0ABE7E3673784E64AE5F80.d.41FED1C6BD99EB6622EE0592F9A0A5C3.e.4462","ELEMENT":"f.BA343095ED0ABE7E3673784E64AE5F80.d.41FED1C6BD99EB6622EE0592F9A0A5C3.e.4462"}]}
COMMAND: POST /session/1078df7af42110589ce6729fcfa5b6f8/element/f.BA343095ED0ABE7E3673784E64AE5F80.d.41FED1C6BD99EB6622EE0592F9A0A5C3.e.4462/click - {}
COMMAND: GET /session/1078df7af42110589ce6729fcfa5b6f8/screenshot - {}
RESULT: {}
RESULT: {}
COMMAND: GET /session/1078df7af42110589ce6729fcfa5b6f8/screenshot - {}
RESULT: {}
RESULT: {}
COMMAND: POST /session/1078df7af42110589ce6729fcfa5b6f8/execute/async - {"script":"<script> [1562 bytes]","args":[{"selector":{"id":"application-manageresources-display-component---newResourceUnit--TYPE-arrow"},"wdio_ui5_key":"applicationmanageresources-display-component---newResourceUnit--TYPE-arrow"}]}
RESULT: {"script":"<script> [1562 bytes]","args":[{"selector":{"id":"application-manageresources-display-component---newResourceUnit--TYPE-arrow"},"wdio_ui5_key":"applicationmanageresources-display-component---newResourceUnit--TYPE-arrow"}]}
RESULT: undefined
COMMAND: POST /session/1078df7af42110589ce6729fcfa5b6f8/element - {"using":"xpath","value":"//*[@id=\"application-manageresources-display-component---newResourceUnit--TYPE-arrow\"]"}
RESULT: {"using":"xpath","value":"//*[@id=\"application-manageresources-display-component---newResourceUnit--TYPE-arrow\"]"}
COMMAND: POST /session/1078df7af42110589ce6729fcfa5b6f8/element/f.BA343095ED0ABE7E3673784E64AE5F80.d.41FED1C6BD99EB6622EE0592F9A0A5C3.e.4820/click - {}
RESULT: {}
COMMAND: POST /session/1078df7af42110589ce6729fcfa5b6f8/element - {"using":"xpath","value":"//input[@id=\"application-manageresources-display-component---newResourceUnit--TYPE-inner\"]"}
COMMAND: GET /session/1078df7af42110589ce6729fcfa5b6f8/screenshot - {}
RESULT: {"using":"xpath","value":"//input[@id=\"application-manageresources-display-component---newResourceUnit--TYPE-inner\"]"}
COMMAND: POST /session/1078df7af42110589ce6729fcfa5b6f8/element/f.BA343095ED0ABE7E3673784E64AE5F80.d.41FED1C6BD99EB6622EE0592F9A0A5C3.e.4801/clear - {}
RESULT: {}
RESULT: {}
COMMAND: POST /session/1078df7af42110589ce6729fcfa5b6f8/element/f.BA343095ED0ABE7E3673784E64AE5F80.d.41FED1C6BD99EB6622EE0592F9A0A5C3.e.4801/value - {"text":"Equipment"}
COMMAND: GET /session/1078df7af42110589ce6729fcfa5b6f8/screenshot - {}
RESULT: {"text":"Equipment"}
COMMAND: GET /session/1078df7af42110589ce6729fcfa5b6f8/screenshot - {}
RESULT: {}
RESULT: {}
COMMAND: POST /session/1078df7af42110589ce6729fcfa5b6f8/actions - {"actions":[{"id":"action8","type":"key","parameters":{},"actions":[{"type":"keyDown","value":""},{"type":"pause","duration":10},{"type":"keyUp","value":""}]}]}
RESULT: {"actions":[{"id":"action8","type":"key","parameters":{},"actions":[{"type":"keyDown","value":""},{"type":"pause","duration":10},{"type":"keyUp","value":""}]}]}
COMMAND: POST /session/1078df7af42110589ce6729fcfa5b6f8/execute/async - {"script":"<script> [1562 bytes]","args":[{"selector":{"id":"application-manageresources-display-component---newResourceUnit--resourceId","interaction":{"idSuffix":"inner"}},"wdio_ui5_key":"applicationmanageresources-display-component---newResourceUnit--resourceId"}]}
COMMAND: GET /session/1078df7af42110589ce6729fcfa5b6f8/screenshot - {}
RESULT: {"script":"<script> [1562 bytes]","args":[{"selector":{"id":"application-manageresources-display-component---newResourceUnit--resourceId","interaction":{"idSuffix":"inner"}},"wdio_ui5_key":"applicationmanageresources-display-component---newResourceUnit--resourceId"}]}
RESULT: undefined
COMMAND: POST /session/1078df7af42110589ce6729fcfa5b6f8/execute/async - {"script":"<script> [776 bytes]","args":[{"enterText":"4SBAmACLEG","selector":{"id":"application-manageresources-display-component---newResourceUnit--resourceId","interaction":{"idSuffix":"inner"}},"clearTextFirst":true,"interactionType":"ENTER_TEXT"}]}
RESULT: {}
RESULT: {"script":"<script> [776 bytes]","args":[{"enterText":"4SBAmACLEG","selector":{"id":"application-manageresources-display-component---newResourceUnit--resourceId","interaction":{"idSuffix":"inner"}},"clearTextFirst":true,"interactionType":"ENTER_TEXT"}]}
COMMAND: POST /session/1078df7af42110589ce6729fcfa5b6f8/execute/async - {"script":"<script> [1562 bytes]","args":[{"selector":{"id":"application-manageresources-display-component---newResourceUnit--SHORT_TEXT","interaction":{"idSuffix":"inner"}},"wdio_ui5_key":"applicationmanageresources-display-component---newResourceUnit--SHORT_TEXT"}]}
RESULT: {"script":"<script> [1562 bytes]","args":[{"selector":{"id":"application-manageresources-display-component---newResourceUnit--SHORT_TEXT","interaction":{"idSuffix":"inner"}},"wdio_ui5_key":"applicationmanageresources-display-component---newResourceUnit--SHORT_TEXT"}]}
RESULT: undefined
COMMAND: POST /session/1078df7af42110589ce6729fcfa5b6f8/execute/async - {"script":"<script> [776 bytes]","args":[{"enterText":"Intercompany Equipment WDIO","selector":{"id":"application-manageresources-display-component---newResourceUnit--SHORT_TEXT","interaction":{"idSuffix":"inner"}},"clearTextFirst":true,"interactionType":"ENTER_TEXT"}]}
RESULT: {"script":"<script> [776 bytes]","args":[{"enterText":"Intercompany Equipment WDIO","selector":{"id":"application-manageresources-display-component---newResourceUnit--SHORT_TEXT","interaction":{"idSuffix":"inner"}},"clearTextFirst":true,"interactionType":"ENTER_TEXT"}]}
COMMAND: POST /session/1078df7af42110589ce6729fcfa5b6f8/execute/async - {"script":"<script> [1562 bytes]","args":[{"selector":{"id":"application-manageresources-display-component---newResourceUnit--BASE_UNIT_OF_MEASURE","interaction":{"idSuffix":"inner"}},"wdio_ui5_key":"applicationmanageresources-display-component---newResourceUnit--BASE_UNIT_OF_MEASURE"}]}
RESULT: {"script":"<script> [1562 bytes]","args":[{"selector":{"id":"application-manageresources-display-component---newResourceUnit--BASE_UNIT_OF_MEASURE","interaction":{"idSuffix":"inner"}},"wdio_ui5_key":"applicationmanageresources-display-component---newResourceUnit--BASE_UNIT_OF_MEASURE"}]}
RESULT: undefined
COMMAND: POST /session/1078df7af42110589ce6729fcfa5b6f8/execute/async - {"script":"<script> [776 bytes]","args":[{"enterText":"Piece","selector":{"id":"application-manageresources-display-component---newResourceUnit--BASE_UNIT_OF_MEASURE","interaction":{"idSuffix":"inner"}},"clearTextFirst":true,"interactionType":"ENTER_TEXT"}]}
RESULT: {"script":"<script> [776 bytes]","args":[{"enterText":"Piece","selector":{"id":"application-manageresources-display-component---newResourceUnit--BASE_UNIT_OF_MEASURE","interaction":{"idSuffix":"inner"}},"clearTextFirst":true,"interactionType":"ENTER_TEXT"}]}
COMMAND: POST /session/1078df7af42110589ce6729fcfa5b6f8/execute/async - {"script":"<script> [1562 bytes]","args":[{"selector":{"id":"application-manageresources-display-component---newResourceUnit--WEIGHT_UNIT","interaction":{"idSuffix":"inner"}},"wdio_ui5_key":"applicationmanageresources-display-component---newResourceUnit--WEIGHT_UNIT"}]}
RESULT: {"script":"<script> [1562 bytes]","args":[{"selector":{"id":"application-manageresources-display-component---newResourceUnit--WEIGHT_UNIT","interaction":{"idSuffix":"inner"}},"wdio_ui5_key":"applicationmanageresources-display-component---newResourceUnit--WEIGHT_UNIT"}]}
RESULT: undefined
COMMAND: POST /session/1078df7af42110589ce6729fcfa5b6f8/execute/async - {"script":"<script> [776 bytes]","args":[{"enterText":"Gram","selector":{"id":"application-manageresources-display-component---newResourceUnit--WEIGHT_UNIT","interaction":{"idSuffix":"inner"}},"clearTextFirst":true,"interactionType":"ENTER_TEXT"}]}
RESULT: {"script":"<script> [776 bytes]","args":[{"enterText":"Gram","selector":{"id":"application-manageresources-display-component---newResourceUnit--WEIGHT_UNIT","interaction":{"idSuffix":"inner"}},"clearTextFirst":true,"interactionType":"ENTER_TEXT"}]}
COMMAND: POST /session/1078df7af42110589ce6729fcfa5b6f8/execute/async - {"script":"<script> [1562 bytes]","args":[{"selector":{"id":"application-manageresources-display-component---newResourceUnit--DIMENSION_UNIT","interaction":{"idSuffix":"inner"}},"wdio_ui5_key":"applicationmanageresources-display-component---newResourceUnit--DIMENSION_UNIT"}]}
RESULT: {"script":"<script> [1562 bytes]","args":[{"selector":{"id":"application-manageresources-display-component---newResourceUnit--DIMENSION_UNIT","interaction":{"idSuffix":"inner"}},"wdio_ui5_key":"applicationmanageresources-display-component---newResourceUnit--DIMENSION_UNIT"}]}
RESULT: undefined
COMMAND: POST /session/1078df7af42110589ce6729fcfa5b6f8/execute/async - {"script":"<script> [776 bytes]","args":[{"enterText":"Meter","selector":{"id":"application-manageresources-display-component---newResourceUnit--DIMENSION_UNIT","interaction":{"idSuffix":"inner"}},"clearTextFirst":true,"interactionType":"ENTER_TEXT"}]}
RESULT: {"script":"<script> [776 bytes]","args":[{"enterText":"Meter","selector":{"id":"application-manageresources-display-component---newResourceUnit--DIMENSION_UNIT","interaction":{"idSuffix":"inner"}},"clearTextFirst":true,"interactionType":"ENTER_TEXT"}]}
COMMAND: POST /session/1078df7af42110589ce6729fcfa5b6f8/execute/async - {"script":"<script> [1562 bytes]","args":[{"selector":{"id":"application-manageresources-display-component---newResourceUnit--newRRUPage-anchBar-application-manageresources-display-component---newResourceUnit--control-anchor","interaction":{"idSuffix":"BDI-content"}},"wdio_ui5_key":"applicationmanageresources-display-component---newResourceUnit--newRRUPage-anchBar-application-manageresources-display-component---newResourceUnit--control-anchor"}]}
RESULT: {"script":"<script> [1562 bytes]","args":[{"selector":{"id":"application-manageresources-display-component---newResourceUnit--newRRUPage-anchBar-application-manageresources-display-component---newResourceUnit--control-anchor","interaction":{"idSuffix":"BDI-content"}},"wdio_ui5_key":"applicationmanageresources-display-component---newResourceUnit--newRRUPage-anchBar-application-manageresources-display-component---newResourceUnit--control-anchor"}]}
RESULT: undefined
COMMAND: POST /session/1078df7af42110589ce6729fcfa5b6f8/element - {"using":"xpath","value":"//*[@id=\"application-manageresources-display-component---newResourceUnit--newRRUPage-anchBar-application-manageresources-display-component---newResourceUnit--control-anchor\"]"}
RESULT: {"using":"xpath","value":"//*[@id=\"application-manageresources-display-component---newResourceUnit--newRRUPage-anchBar-application-manageresources-display-component---newResourceUnit--control-anchor\"]"}
COMMAND: POST /session/1078df7af42110589ce6729fcfa5b6f8/element/f.BA343095ED0ABE7E3673784E64AE5F80.d.41FED1C6BD99EB6622EE0592F9A0A5C3.e.4978/click - {}
RESULT: {}
COMMAND: POST /session/1078df7af42110589ce6729fcfa5b6f8/execute/async - {"script":"<script> [1562 bytes]","args":[{"selector":{"id":"application-manageresources-display-component---newResourceUnit--PLANNING_GROUP","interaction":{"idSuffix":"inner"}},"wdio_ui5_key":"applicationmanageresources-display-component---newResourceUnit--PLANNING_GROUP"}]}
COMMAND: GET /session/1078df7af42110589ce6729fcfa5b6f8/screenshot - {}
RESULT: {"script":"<script> [1562 bytes]","args":[{"selector":{"id":"application-manageresources-display-component---newResourceUnit--PLANNING_GROUP","interaction":{"idSuffix":"inner"}},"wdio_ui5_key":"applicationmanageresources-display-component---newResourceUnit--PLANNING_GROUP"}]}
RESULT: undefined
COMMAND: POST /session/1078df7af42110589ce6729fcfa5b6f8/execute/async - {"script":"<script> [776 bytes]","args":[{"enterText":"Heavy Equi","selector":{"id":"application-manageresources-display-component---newResourceUnit--PLANNING_GROUP","interaction":{"idSuffix":"inner"}},"clearTextFirst":true,"interactionType":"ENTER_TEXT"}]}
RESULT: {}
RESULT: {"script":"<script> [776 bytes]","args":[{"enterText":"Heavy Equi","selector":{"id":"application-manageresources-display-component---newResourceUnit--PLANNING_GROUP","interaction":{"idSuffix":"inner"}},"clearTextFirst":true,"interactionType":"ENTER_TEXT"}]}
COMMAND: POST /session/1078df7af42110589ce6729fcfa5b6f8/execute/async - {"script":"<script> [1562 bytes]","args":[{"selector":{"id":"application-manageresources-display-component---newResourceUnit--ITEM_TYPE-arrow"},"wdio_ui5_key":"applicationmanageresources-display-component---newResourceUnit--ITEM_TYPE-arrow"}]}
RESULT: {"script":"<script> [1562 bytes]","args":[{"selector":{"id":"application-manageresources-display-component---newResourceUnit--ITEM_TYPE-arrow"},"wdio_ui5_key":"applicationmanageresources-display-component---newResourceUnit--ITEM_TYPE-arrow"}]}
RESULT: undefined
COMMAND: POST /session/1078df7af42110589ce6729fcfa5b6f8/element - {"using":"xpath","value":"//*[@id=\"application-manageresources-display-component---newResourceUnit--ITEM_TYPE-arrow\"]"}
RESULT: {"using":"xpath","value":"//*[@id=\"application-manageresources-display-component---newResourceUnit--ITEM_TYPE-arrow\"]"}
COMMAND: POST /session/1078df7af42110589ce6729fcfa5b6f8/element/f.BA343095ED0ABE7E3673784E64AE5F80.d.41FED1C6BD99EB6622EE0592F9A0A5C3.e.4985/click - {}
RESULT: {}
COMMAND: POST /session/1078df7af42110589ce6729fcfa5b6f8/element - {"using":"xpath","value":"//ul[contains(@id,\"ITEM_TYPE-popup-list-listUl\")]//li[.//span[contains(text(),\"Resource Unit\")]]"}
COMMAND: GET /session/1078df7af42110589ce6729fcfa5b6f8/screenshot - {}
RESULT: {"using":"xpath","value":"//ul[contains(@id,\"ITEM_TYPE-popup-list-listUl\")]//li[.//span[contains(text(),\"Resource Unit\")]]"}
COMMAND: POST /session/1078df7af42110589ce6729fcfa5b6f8/element/f.BA343095ED0ABE7E3673784E64AE5F80.d.41FED1C6BD99EB6622EE0592F9A0A5C3.e.4986/click - {}
RESULT: {}
RESULT: {}
COMMAND: GET /session/1078df7af42110589ce6729fcfa5b6f8/screenshot - {}
RESULT: {}
COMMAND: POST /session/1078df7af42110589ce6729fcfa5b6f8/element - {"using":"css selector","value":"#application-manageresources-display-component---newResourceUnit--btnAddTimeSegment"}
RESULT: {"using":"css selector","value":"#application-manageresources-display-component---newResourceUnit--btnAddTimeSegment"}
COMMAND: GET /session/1078df7af42110589ce6729fcfa5b6f8/element/f.BA343095ED0ABE7E3673784E64AE5F80.d.41FED1C6BD99EB6622EE0592F9A0A5C3.e.4993/rect - {}
RESULT: {}
COMMAND: GET /session/1078df7af42110589ce6729fcfa5b6f8/window/rect - {}
RESULT: {}
COMMAND: POST /session/1078df7af42110589ce6729fcfa5b6f8/execute/sync - {"script":"<script> [92 bytes]","args":[]}
RESULT: {"script":"<script> [92 bytes]","args":[]}
COMMAND: POST /session/1078df7af42110589ce6729fcfa5b6f8/actions - {"actions":[{"id":"action9","type":"wheel","parameters":{},"actions":[{"type":"scroll","x":-1888,"y":-32,"deltaX":0,"deltaY":0,"duration":0,"origin":{"element-6066-11e4-a52e-4f735466cecf":"f.BA343095ED0ABE7E3673784E64AE5F80.d.41FED1C6BD99EB6622EE0592F9A0A5C3.e.4993"}}]}]}
COMMAND: GET /session/1078df7af42110589ce6729fcfa5b6f8/screenshot - {}
RESULT: {}
COMMAND: POST /session/1078df7af42110589ce6729fcfa5b6f8/execute/sync - {"script":"<script> [79 bytes]","args":[{"element-6066-11e4-a52e-4f735466cecf":"f.BA343095ED0ABE7E3673784E64AE5F80.d.41FED1C6BD99EB6622EE0592F9A0A5C3.e.4993","ELEMENT":"f.BA343095ED0ABE7E3673784E64AE5F80.d.41FED1C6BD99EB6622EE0592F9A0A5C3.e.4993"},{"block":"start","inline":"nearest"}]}
RESULT: {"script":"<script> [79 bytes]","args":[{"element-6066-11e4-a52e-4f735466cecf":"f.BA343095ED0ABE7E3673784E64AE5F80.d.41FED1C6BD99EB6622EE0592F9A0A5C3.e.4993","ELEMENT":"f.BA343095ED0ABE7E3673784E64AE5F80.d.41FED1C6BD99EB6622EE0592F9A0A5C3.e.4993"},{"block":"start","inline":"nearest"}]}
COMMAND: POST /session/1078df7af42110589ce6729fcfa5b6f8/execute/async - {"script":"<script> [1562 bytes]","args":[{"selector":{"id":"application-manageresources-display-component---newResourceUnit--btnAddTimeSegment","interaction":{"idSuffix":"inner"}},"wdio_ui5_key":"applicationmanageresources-display-component---newResourceUnit--btnAddTimeSegment"}]}
COMMAND: GET /session/1078df7af42110589ce6729fcfa5b6f8/screenshot - {}
RESULT: {"script":"<script> [1562 bytes]","args":[{"selector":{"id":"application-manageresources-display-component---newResourceUnit--btnAddTimeSegment","interaction":{"idSuffix":"inner"}},"wdio_ui5_key":"applicationmanageresources-display-component---newResourceUnit--btnAddTimeSegment"}]}
RESULT: undefined
COMMAND: POST /session/1078df7af42110589ce6729fcfa5b6f8/element - {"using":"xpath","value":"//*[@id=\"application-manageresources-display-component---newResourceUnit--btnAddTimeSegment\"]"}
RESULT: {}
RESULT: {"using":"xpath","value":"//*[@id=\"application-manageresources-display-component---newResourceUnit--btnAddTimeSegment\"]"}
COMMAND: POST /session/1078df7af42110589ce6729fcfa5b6f8/element/f.BA343095ED0ABE7E3673784E64AE5F80.d.41FED1C6BD99EB6622EE0592F9A0A5C3.e.4993/click - {}
RESULT: {}
COMMAND: GET /session/1078df7af42110589ce6729fcfa5b6f8/screenshot - {}
RESULT: {}
COMMAND: POST /session/1078df7af42110589ce6729fcfa5b6f8/element - {"using":"xpath","value":"//input[@id=\"application-manageresources-display-component---newResourceUnit--idRuTSAdmin-application-manageresources-display-component---newResourceUnit--RUTimeSegment-0-inner\"]"}
RESULT: {"using":"xpath","value":"//input[@id=\"application-manageresources-display-component---newResourceUnit--idRuTSAdmin-application-manageresources-display-component---newResourceUnit--RUTimeSegment-0-inner\"]"}
COMMAND: POST /session/1078df7af42110589ce6729fcfa5b6f8/element/f.BA343095ED0ABE7E3673784E64AE5F80.d.41FED1C6BD99EB6622EE0592F9A0A5C3.e.4999/clear - {}
RESULT: {}
COMMAND: POST /session/1078df7af42110589ce6729fcfa5b6f8/element/f.BA343095ED0ABE7E3673784E64AE5F80.d.41FED1C6BD99EB6622EE0592F9A0A5C3.e.4999/value - {"text":"558"}
COMMAND: GET /session/1078df7af42110589ce6729fcfa5b6f8/screenshot - {}
RESULT: {"text":"558"}
COMMAND: GET /session/1078df7af42110589ce6729fcfa5b6f8/screenshot - {}
RESULT: {}
RESULT: {}
COMMAND: POST /session/1078df7af42110589ce6729fcfa5b6f8/element - {"using":"xpath","value":"//li[.//span[text()='558']]"}
RESULT: {"using":"xpath","value":"//li[.//span[text()='558']]"}
COMMAND: POST /session/1078df7af42110589ce6729fcfa5b6f8/element/f.BA343095ED0ABE7E3673784E64AE5F80.d.41FED1C6BD99EB6622EE0592F9A0A5C3.e.5011/click - {}
RESULT: {}
COMMAND: GET /session/1078df7af42110589ce6729fcfa5b6f8/screenshot - {}
RESULT: {}
COMMAND: POST /session/1078df7af42110589ce6729fcfa5b6f8/element - {"using":"xpath","value":"(//span[contains(@id, \"-application-manageresources-display-component---newResourceUnit--RUTimeSegment-0-arrow\")])[6]"}
RESULT: {"using":"xpath","value":"(//span[contains(@id, \"-application-manageresources-display-component---newResourceUnit--RUTimeSegment-0-arrow\")])[6]"}
COMMAND: POST /session/1078df7af42110589ce6729fcfa5b6f8/element/f.BA343095ED0ABE7E3673784E64AE5F80.d.41FED1C6BD99EB6622EE0592F9A0A5C3.e.5012/click - {}
RESULT: {}
COMMAND: GET /session/1078df7af42110589ce6729fcfa5b6f8/screenshot - {}
RESULT: {}
COMMAND: POST /session/1078df7af42110589ce6729fcfa5b6f8/element - {"using":"xpath","value":"//span[contains(text(), \"PM Order\")]"}
RESULT: {"using":"xpath","value":"//span[contains(text(), \"PM Order\")]"}
COMMAND: POST /session/1078df7af42110589ce6729fcfa5b6f8/element/f.BA343095ED0ABE7E3673784E64AE5F80.d.41FED1C6BD99EB6622EE0592F9A0A5C3.e.5015/click - {}
RESULT: {}
COMMAND: GET /session/1078df7af42110589ce6729fcfa5b6f8/screenshot - {}
RESULT: {}
COMMAND: POST /session/1078df7af42110589ce6729fcfa5b6f8/element - {"using":"xpath","value":"(//span[contains(@id ,\"manageresources-display-component---newResourceUnit--RUTimeSegment-0-vhi\")])[1]"}
RESULT: {"using":"xpath","value":"(//span[contains(@id ,\"manageresources-display-component---newResourceUnit--RUTimeSegment-0-vhi\")])[1]"}
COMMAND: GET /session/1078df7af42110589ce6729fcfa5b6f8/element/f.BA343095ED0ABE7E3673784E64AE5F80.d.41FED1C6BD99EB6622EE0592F9A0A5C3.e.5019/rect - {}
RESULT: {}
COMMAND: GET /session/1078df7af42110589ce6729fcfa5b6f8/window/rect - {}
RESULT: {}
COMMAND: POST /session/1078df7af42110589ce6729fcfa5b6f8/execute/sync - {"script":"<script> [92 bytes]","args":[]}
RESULT: {"script":"<script> [92 bytes]","args":[]}
COMMAND: POST /session/1078df7af42110589ce6729fcfa5b6f8/actions - {"actions":[{"id":"action10","type":"wheel","parameters":{},"actions":[{"type":"scroll","x":-869,"y":-24,"deltaX":0,"deltaY":0,"duration":0,"origin":{"element-6066-11e4-a52e-4f735466cecf":"f.BA343095ED0ABE7E3673784E64AE5F80.d.41FED1C6BD99EB6622EE0592F9A0A5C3.e.5019"}}]}]}
COMMAND: GET /session/1078df7af42110589ce6729fcfa5b6f8/screenshot - {}
RESULT: {"actions":[{"id":"action10","type":"wheel","parameters":{},"actions":[{"type":"scroll","x":-869,"y":-24,"deltaX":0,"deltaY":0,"duration":0,"origin":{"element-6066-11e4-a52e-4f735466cecf":"f.BA343095ED0ABE7E3673784E64AE5F80.d.41FED1C6BD99EB6622EE0592F9A0A5C3.e.5019"}}]}]}
COMMAND: DELETE /session/1078df7af42110589ce6729fcfa5b6f8/actions - {}
COMMAND: GET /session/1078df7af42110589ce6729fcfa5b6f8/screenshot - {}
RESULT: {}
RESULT: {}
COMMAND: GET /session/1078df7af42110589ce6729fcfa5b6f8/screenshot - {}
RESULT: {}
RESULT: {}
COMMAND: POST /session/1078df7af42110589ce6729fcfa5b6f8/element/f.BA343095ED0ABE7E3673784E64AE5F80.d.41FED1C6BD99EB6622EE0592F9A0A5C3.e.5019/click - {}
RESULT: {}
COMMAND: GET /session/1078df7af42110589ce6729fcfa5b6f8/screenshot - {}
RESULT: {}
RESULT: undefined
COMMAND: POST /session/1078df7af42110589ce6729fcfa5b6f8/execute/async - {"script":"<script> [776 bytes]","args":[{"enterText":"4000360","selector":{"controlType":"sap.m.SearchField","properties":{"placeholder":"Search"},"searchOpenDialogs":true,"interaction":{"idSuffix":"I"}},"clearTextFirst":true,"interactionType":"ENTER_TEXT"}]}
RESULT: {"script":"<script> [776 bytes]","args":[{"enterText":"4000360","selector":{"controlType":"sap.m.SearchField","properties":{"placeholder":"Search"},"searchOpenDialogs":true,"interaction":{"idSuffix":"I"}},"clearTextFirst":true,"interactionType":"ENTER_TEXT"}]}
COMMAND: POST /session/1078df7af42110589ce6729fcfa5b6f8/actions - {"actions":[{"id":"action11","type":"key","parameters":{},"actions":[{"type":"keyDown","value":""},{"type":"pause","duration":10},{"type":"keyUp","value":""}]}]}
RESULT: {"actions":[{"id":"action11","type":"key","parameters":{},"actions":[{"type":"keyDown","value":""},{"type":"pause","duration":10},{"type":"keyUp","value":""}]}]}
COMMAND: GET /session/1078df7af42110589ce6729fcfa5b6f8/screenshot - {}
RESULT: {}
COMMAND: POST /session/1078df7af42110589ce6729fcfa5b6f8/element - {"using":"xpath","value":"//td/div/span[contains(text(), \"BGL Vehicles\")]"}
RESULT: {"using":"xpath","value":"//td/div/span[contains(text(), \"BGL Vehicles\")]"}
COMMAND: POST /session/1078df7af42110589ce6729fcfa5b6f8/element/f.BA343095ED0ABE7E3673784E64AE5F80.d.41FED1C6BD99EB6622EE0592F9A0A5C3.e.5038/click - {}
RESULT: {}
COMMAND: GET /session/1078df7af42110589ce6729fcfa5b6f8/screenshot - {}
RESULT: {}
COMMAND: POST /session/1078df7af42110589ce6729fcfa5b6f8/element - {"using":"xpath","value":"//bdi[contains(text(), \"OK\")]"}
RESULT: {"using":"xpath","value":"//bdi[contains(text(), \"OK\")]"}
COMMAND: POST /session/1078df7af42110589ce6729fcfa5b6f8/element/f.BA343095ED0ABE7E3673784E64AE5F80.d.41FED1C6BD99EB6622EE0592F9A0A5C3.e.5039/click - {}
RESULT: {}
COMMAND: GET /session/1078df7af42110589ce6729fcfa5b6f8/screenshot - {}
RESULT: {}
COMMAND: POST /session/1078df7af42110589ce6729fcfa5b6f8/execute/async - {"script":"<script> [1562 bytes]","args":[{"selector":{"id":"application-manageresources-display-component---newResourceUnit--newRRUPage-anchBar-application-manageresources-display-component---newResourceUnit--resource-anchor","interaction":{"idSuffix":"BDI-content"}},"wdio_ui5_key":"applicationmanageresources-display-component---newResourceUnit--newRRUPage-anchBar-application-manageresources-display-component---newResourceUnit--resource-anchor"}]}
RESULT: {"script":"<script> [1562 bytes]","args":[{"selector":{"id":"application-manageresources-display-component---newResourceUnit--newRRUPage-anchBar-application-manageresources-display-component---newResourceUnit--resource-anchor","interaction":{"idSuffix":"BDI-content"}},"wdio_ui5_key":"applicationmanageresources-display-component---newResourceUnit--newRRUPage-anchBar-application-manageresources-display-component---newResourceUnit--resource-anchor"}]}
RESULT: undefined
COMMAND: POST /session/1078df7af42110589ce6729fcfa5b6f8/element - {"using":"xpath","value":"//*[@id=\"application-manageresources-display-component---newResourceUnit--newRRUPage-anchBar-application-manageresources-display-component---newResourceUnit--resource-anchor\"]"}
RESULT: {"using":"xpath","value":"//*[@id=\"application-manageresources-display-component---newResourceUnit--newRRUPage-anchBar-application-manageresources-display-component---newResourceUnit--resource-anchor\"]"}
COMMAND: POST /session/1078df7af42110589ce6729fcfa5b6f8/element/f.BA343095ED0ABE7E3673784E64AE5F80.d.41FED1C6BD99EB6622EE0592F9A0A5C3.e.5043/click - {}
RESULT: {}
COMMAND: POST /session/1078df7af42110589ce6729fcfa5b6f8/execute/async - {"script":"<script> [1562 bytes]","args":[{"selector":{"id":"application-manageresources-display-component---newResourceUnit--PLANNED_DELIVERY_DATE","interaction":{"idSuffix":"inner"}},"wdio_ui5_key":"applicationmanageresources-display-component---newResourceUnit--PLANNED_DELIVERY_DATE"}]}
COMMAND: GET /session/1078df7af42110589ce6729fcfa5b6f8/screenshot - {}
RESULT: {"script":"<script> [1562 bytes]","args":[{"selector":{"id":"application-manageresources-display-component---newResourceUnit--PLANNED_DELIVERY_DATE","interaction":{"idSuffix":"inner"}},"wdio_ui5_key":"applicationmanageresources-display-component---newResourceUnit--PLANNED_DELIVERY_DATE"}]}
RESULT: undefined
COMMAND: POST /session/1078df7af42110589ce6729fcfa5b6f8/execute/async - {"script":"<script> [6424 bytes]","args":[{"element-6066-11e4-a52e-4f735466cecf":"f.BA343095ED0ABE7E3673784E64AE5F80.d.41FED1C6BD99EB6622EE0592F9A0A5C3.e.4877"},"setValue",["6/1/25"]]}
RESULT: {}
RESULT: {"script":"<script> [6424 bytes]","args":[{"element-6066-11e4-a52e-4f735466cecf":"f.BA343095ED0ABE7E3673784E64AE5F80.d.41FED1C6BD99EB6622EE0592F9A0A5C3.e.4877"},"setValue",["6/1/25"]]}
COMMAND: POST /session/1078df7af42110589ce6729fcfa5b6f8/element - {"using":"xpath","value":"//label[contains(@class, 'sapMLabelRequired') and .//bdi[contains(text(), 'Planned Retirement')]]"}
RESULT: {"using":"xpath","value":"//label[contains(@class, 'sapMLabelRequired') and .//bdi[contains(text(), 'Planned Retirement')]]"}
COMMAND: POST /session/1078df7af42110589ce6729fcfa5b6f8/elements - {"using":"xpath","value":"//label[contains(@class, 'sapMLabelRequired') and .//bdi[contains(text(), 'Planned Retirement')]]"}
RESULT: {"using":"xpath","value":"//label[contains(@class, 'sapMLabelRequired') and .//bdi[contains(text(), 'Planned Retirement')]]"}
COMMAND: POST /session/1078df7af42110589ce6729fcfa5b6f8/element - {"using":"xpath","value":"//button[@data-kt=\"resourceUnitSaveButton\"]"}
RESULT: {"using":"xpath","value":"//button[@data-kt=\"resourceUnitSaveButton\"]"}
COMMAND: POST /session/1078df7af42110589ce6729fcfa5b6f8/element/f.BA343095ED0ABE7E3673784E64AE5F80.d.41FED1C6BD99EB6622EE0592F9A0A5C3.e.4837/click - {}
RESULT: {}
COMMAND: GET /session/1078df7af42110589ce6729fcfa5b6f8/screenshot - {}
RESULT: {}
COMMAND: POST /session/1078df7af42110589ce6729fcfa5b6f8/element - {"using":"xpath","value":"//bdi[contains(text(), \"Close\")]"}
RESULT: {"using":"xpath","value":"//bdi[contains(text(), \"Close\")]"}
COMMAND: POST /session/1078df7af42110589ce6729fcfa5b6f8/element/f.BA343095ED0ABE7E3673784E64AE5F80.d.41FED1C6BD99EB6622EE0592F9A0A5C3.e.5053/click - {}
RESULT: {}
COMMAND: GET /session/1078df7af42110589ce6729fcfa5b6f8/screenshot - {}
RESULT: {}
COMMAND: POST /session/1078df7af42110589ce6729fcfa5b6f8/element - {"using":"xpath","value":"(//button[contains(@id ,\"actionsToolbar-overflowButton\")])[1]"}
RESULT: {"using":"xpath","value":"(//button[contains(@id ,\"actionsToolbar-overflowButton\")])[1]"}
COMMAND: POST /session/1078df7af42110589ce6729fcfa5b6f8/element/f.BA343095ED0ABE7E3673784E64AE5F80.d.41FED1C6BD99EB6622EE0592F9A0A5C3.e.5085/click - {}
RESULT: {}
COMMAND: GET /session/1078df7af42110589ce6729fcfa5b6f8/screenshot - {}
RESULT: {}
COMMAND: POST /session/1078df7af42110589ce6729fcfa5b6f8/element - {"using":"xpath","value":"//button[@data-kt=\"priceInfoButton\"]"}
RESULT: {"using":"xpath","value":"//button[@data-kt=\"priceInfoButton\"]"}
COMMAND: POST /session/1078df7af42110589ce6729fcfa5b6f8/element/f.BA343095ED0ABE7E3673784E64AE5F80.d.41FED1C6BD99EB6622EE0592F9A0A5C3.e.5087/click - {}
RESULT: {}
COMMAND: GET /session/1078df7af42110589ce6729fcfa5b6f8/screenshot - {}
RESULT: {}
]]></system-out>
    </testcase>
    <testcase classname="chrome.136_0_7103_93.windows.Billing_Transfer_-_Master_data_&amp;_Intercompany_US127250" name="Should create new pricing rule TB on the equipment TB" time="51.843">
      <system-out><![CDATA[
COMMAND: POST /session/1078df7af42110589ce6729fcfa5b6f8/element - {"using":"xpath","value":"//button[@data-kt=\"addButton\"]"}
RESULT: {"using":"xpath","value":"//button[@data-kt=\"addButton\"]"}
COMMAND: POST /session/1078df7af42110589ce6729fcfa5b6f8/elements - {"using":"xpath","value":"//button[@data-kt=\"addButton\"]"}
RESULT: {"using":"xpath","value":"//button[@data-kt=\"addButton\"]"}
COMMAND: POST /session/1078df7af42110589ce6729fcfa5b6f8/elements - {"using":"xpath","value":"//button[@data-kt=\"addButton\"]"}
RESULT: {"using":"xpath","value":"//button[@data-kt=\"addButton\"]"}
COMMAND: POST /session/1078df7af42110589ce6729fcfa5b6f8/element - {"using":"xpath","value":"//button[@data-kt=\"addButton\"]"}
RESULT: {"using":"xpath","value":"//button[@data-kt=\"addButton\"]"}
COMMAND: POST /session/1078df7af42110589ce6729fcfa5b6f8/execute/sync - {"script":"<script> [8489 bytes]","args":[{"element-6066-11e4-a52e-4f735466cecf":"f.BA343095ED0ABE7E3673784E64AE5F80.d.41FED1C6BD99EB6622EE0592F9A0A5C3.e.5124","ELEMENT":"f.BA343095ED0ABE7E3673784E64AE5F80.d.41FED1C6BD99EB6622EE0592F9A0A5C3.e.5124"}]}
RESULT: {"script":"<script> [8489 bytes]","args":[{"element-6066-11e4-a52e-4f735466cecf":"f.BA343095ED0ABE7E3673784E64AE5F80.d.41FED1C6BD99EB6622EE0592F9A0A5C3.e.5124","ELEMENT":"f.BA343095ED0ABE7E3673784E64AE5F80.d.41FED1C6BD99EB6622EE0592F9A0A5C3.e.5124"}]}
COMMAND: GET /session/1078df7af42110589ce6729fcfa5b6f8/element/f.BA343095ED0ABE7E3673784E64AE5F80.d.41FED1C6BD99EB6622EE0592F9A0A5C3.e.5124/enabled - {}
COMMAND: GET /session/1078df7af42110589ce6729fcfa5b6f8/screenshot - {}
RESULT: {}
COMMAND: POST /session/1078df7af42110589ce6729fcfa5b6f8/execute/sync - {"script":"<script> [8489 bytes]","args":[{"element-6066-11e4-a52e-4f735466cecf":"f.BA343095ED0ABE7E3673784E64AE5F80.d.41FED1C6BD99EB6622EE0592F9A0A5C3.e.5124","ELEMENT":"f.BA343095ED0ABE7E3673784E64AE5F80.d.41FED1C6BD99EB6622EE0592F9A0A5C3.e.5124"}]}
COMMAND: GET /session/1078df7af42110589ce6729fcfa5b6f8/screenshot - {}
RESULT: {}
RESULT: {"script":"<script> [8489 bytes]","args":[{"element-6066-11e4-a52e-4f735466cecf":"f.BA343095ED0ABE7E3673784E64AE5F80.d.41FED1C6BD99EB6622EE0592F9A0A5C3.e.5124","ELEMENT":"f.BA343095ED0ABE7E3673784E64AE5F80.d.41FED1C6BD99EB6622EE0592F9A0A5C3.e.5124"}]}
COMMAND: POST /session/1078df7af42110589ce6729fcfa5b6f8/execute/sync - {"script":"<script> [5351 bytes]","args":[{"element-6066-11e4-a52e-4f735466cecf":"f.BA343095ED0ABE7E3673784E64AE5F80.d.41FED1C6BD99EB6622EE0592F9A0A5C3.e.5124","ELEMENT":"f.BA343095ED0ABE7E3673784E64AE5F80.d.41FED1C6BD99EB6622EE0592F9A0A5C3.e.5124"}]}
COMMAND: GET /session/1078df7af42110589ce6729fcfa5b6f8/screenshot - {}
RESULT: {}
RESULT: {"script":"<script> [5351 bytes]","args":[{"element-6066-11e4-a52e-4f735466cecf":"f.BA343095ED0ABE7E3673784E64AE5F80.d.41FED1C6BD99EB6622EE0592F9A0A5C3.e.5124","ELEMENT":"f.BA343095ED0ABE7E3673784E64AE5F80.d.41FED1C6BD99EB6622EE0592F9A0A5C3.e.5124"}]}
COMMAND: POST /session/1078df7af42110589ce6729fcfa5b6f8/element/f.BA343095ED0ABE7E3673784E64AE5F80.d.41FED1C6BD99EB6622EE0592F9A0A5C3.e.5124/click - {}
COMMAND: GET /session/1078df7af42110589ce6729fcfa5b6f8/screenshot - {}
RESULT: {}
RESULT: {}
COMMAND: GET /session/1078df7af42110589ce6729fcfa5b6f8/screenshot - {}
RESULT: {}
RESULT: {}
COMMAND: POST /session/1078df7af42110589ce6729fcfa5b6f8/execute/async - {"script":"<script> [1562 bytes]","args":[{"selector":{"controlType":"sap.m.Title","viewName":"etm.portal.ui.managepricingrules.view.NewItem","viewId":"application-managepricingrules-display-component---newInfoPriceItem","properties":{"text":"New Pricing Rules - Item Level"}},"wdio_ui5_key":"etmportal.ui.managepricingrules.view.NewItemsap.m.Title{\"text\":\"New Pricing Rules - Item Level\"}"}]}
RESULT: {"script":"<script> [1562 bytes]","args":[{"selector":{"controlType":"sap.m.Title","viewName":"etm.portal.ui.managepricingrules.view.NewItem","viewId":"application-managepricingrules-display-component---newInfoPriceItem","properties":{"text":"New Pricing Rules - Item Level"}},"wdio_ui5_key":"etmportal.ui.managepricingrules.view.NewItemsap.m.Title{\"text\":\"New Pricing Rules - Item Level\"}"}]}
RESULT: undefined
COMMAND: POST /session/1078df7af42110589ce6729fcfa5b6f8/execute/async - {"script":"<script> [6424 bytes]","args":[{"element-6066-11e4-a52e-4f735466cecf":"f.BA343095ED0ABE7E3673784E64AE5F80.d.41FED1C6BD99EB6622EE0592F9A0A5C3.e.5304"},"getText",[]]}
RESULT: {"script":"<script> [6424 bytes]","args":[{"element-6066-11e4-a52e-4f735466cecf":"f.BA343095ED0ABE7E3673784E64AE5F80.d.41FED1C6BD99EB6622EE0592F9A0A5C3.e.5304"},"getText",[]]}
COMMAND: POST /session/1078df7af42110589ce6729fcfa5b6f8/execute/async - {"script":"<script> [1562 bytes]","args":[{"selector":{"id":"application-managepricingrules-display-component---newInfoPriceItem--condValidTo","interaction":{"idSuffix":"inner"}},"wdio_ui5_key":"applicationmanagepricingrules-display-component---newInfoPriceItem--condValidTo"}]}
RESULT: {"script":"<script> [1562 bytes]","args":[{"selector":{"id":"application-managepricingrules-display-component---newInfoPriceItem--condValidTo","interaction":{"idSuffix":"inner"}},"wdio_ui5_key":"applicationmanagepricingrules-display-component---newInfoPriceItem--condValidTo"}]}
RESULT: undefined
COMMAND: POST /session/1078df7af42110589ce6729fcfa5b6f8/execute/async - {"script":"<script> [776 bytes]","args":[{"enterText":"2/1/26","selector":{"id":"application-managepricingrules-display-component---newInfoPriceItem--condValidTo","interaction":{"idSuffix":"inner"}},"clearTextFirst":true,"interactionType":"ENTER_TEXT"}]}
RESULT: {"script":"<script> [776 bytes]","args":[{"enterText":"2/1/26","selector":{"id":"application-managepricingrules-display-component---newInfoPriceItem--condValidTo","interaction":{"idSuffix":"inner"}},"clearTextFirst":true,"interactionType":"ENTER_TEXT"}]}
COMMAND: POST /session/1078df7af42110589ce6729fcfa5b6f8/execute/async - {"script":"<script> [1562 bytes]","args":[{"selector":{"id":"application-managepricingrules-display-component---newInfoPriceItem--billType-arrow"},"wdio_ui5_key":"applicationmanagepricingrules-display-component---newInfoPriceItem--billType-arrow"}]}
RESULT: {"script":"<script> [1562 bytes]","args":[{"selector":{"id":"application-managepricingrules-display-component---newInfoPriceItem--billType-arrow"},"wdio_ui5_key":"applicationmanagepricingrules-display-component---newInfoPriceItem--billType-arrow"}]}
RESULT: undefined
COMMAND: POST /session/1078df7af42110589ce6729fcfa5b6f8/element - {"using":"xpath","value":"//*[@id=\"application-managepricingrules-display-component---newInfoPriceItem--billType-arrow\"]"}
RESULT: {"using":"xpath","value":"//*[@id=\"application-managepricingrules-display-component---newInfoPriceItem--billType-arrow\"]"}
COMMAND: POST /session/1078df7af42110589ce6729fcfa5b6f8/element/f.BA343095ED0ABE7E3673784E64AE5F80.d.41FED1C6BD99EB6622EE0592F9A0A5C3.e.5262/click - {}
RESULT: {}
COMMAND: POST /session/1078df7af42110589ce6729fcfa5b6f8/element - {"using":"xpath","value":"//span[contains(text(), \"TB - Time based\")]"}
COMMAND: GET /session/1078df7af42110589ce6729fcfa5b6f8/screenshot - {}
RESULT: {"using":"xpath","value":"//span[contains(text(), \"TB - Time based\")]"}
COMMAND: POST /session/1078df7af42110589ce6729fcfa5b6f8/element/f.BA343095ED0ABE7E3673784E64AE5F80.d.41FED1C6BD99EB6622EE0592F9A0A5C3.e.5306/click - {}
RESULT: {}
RESULT: {}
COMMAND: POST /session/1078df7af42110589ce6729fcfa5b6f8/execute/async - {"script":"<script> [1562 bytes]","args":[{"selector":{"id":"application-managepricingrules-display-component---newInfoPriceItem--priceProc-arrow"},"wdio_ui5_key":"applicationmanagepricingrules-display-component---newInfoPriceItem--priceProc-arrow"}]}
COMMAND: GET /session/1078df7af42110589ce6729fcfa5b6f8/screenshot - {}
RESULT: {"script":"<script> [1562 bytes]","args":[{"selector":{"id":"application-managepricingrules-display-component---newInfoPriceItem--priceProc-arrow"},"wdio_ui5_key":"applicationmanagepricingrules-display-component---newInfoPriceItem--priceProc-arrow"}]}
RESULT: undefined
COMMAND: POST /session/1078df7af42110589ce6729fcfa5b6f8/element - {"using":"xpath","value":"//*[@id=\"application-managepricingrules-display-component---newInfoPriceItem--priceProc-arrow\"]"}
RESULT: {}
RESULT: {"using":"xpath","value":"//*[@id=\"application-managepricingrules-display-component---newInfoPriceItem--priceProc-arrow\"]"}
COMMAND: POST /session/1078df7af42110589ce6729fcfa5b6f8/element/f.BA343095ED0ABE7E3673784E64AE5F80.d.41FED1C6BD99EB6622EE0592F9A0A5C3.e.5269/click - {}
RESULT: {}
COMMAND: POST /session/1078df7af42110589ce6729fcfa5b6f8/element - {"using":"xpath","value":"//span[contains(text(), \"TBS - Time based standard\")]"}
COMMAND: GET /session/1078df7af42110589ce6729fcfa5b6f8/screenshot - {}
RESULT: {"using":"xpath","value":"//span[contains(text(), \"TBS - Time based standard\")]"}
COMMAND: POST /session/1078df7af42110589ce6729fcfa5b6f8/element/f.BA343095ED0ABE7E3673784E64AE5F80.d.41FED1C6BD99EB6622EE0592F9A0A5C3.e.5307/click - {}
RESULT: {}
RESULT: {}
COMMAND: POST /session/1078df7af42110589ce6729fcfa5b6f8/execute/async - {"script":"<script> [1562 bytes]","args":[{"selector":{"id":"application-managepricingrules-display-component---newInfoPriceItem--calcBase-arrow"},"wdio_ui5_key":"applicationmanagepricingrules-display-component---newInfoPriceItem--calcBase-arrow"}]}
COMMAND: GET /session/1078df7af42110589ce6729fcfa5b6f8/screenshot - {}
RESULT: {"script":"<script> [1562 bytes]","args":[{"selector":{"id":"application-managepricingrules-display-component---newInfoPriceItem--calcBase-arrow"},"wdio_ui5_key":"applicationmanagepricingrules-display-component---newInfoPriceItem--calcBase-arrow"}]}
RESULT: undefined
COMMAND: POST /session/1078df7af42110589ce6729fcfa5b6f8/element - {"using":"xpath","value":"//*[@id=\"application-managepricingrules-display-component---newInfoPriceItem--calcBase-arrow\"]"}
RESULT: {}
RESULT: {"using":"xpath","value":"//*[@id=\"application-managepricingrules-display-component---newInfoPriceItem--calcBase-arrow\"]"}
COMMAND: POST /session/1078df7af42110589ce6729fcfa5b6f8/element/f.BA343095ED0ABE7E3673784E64AE5F80.d.41FED1C6BD99EB6622EE0592F9A0A5C3.e.5276/click - {}
RESULT: {}
COMMAND: GET /session/1078df7af42110589ce6729fcfa5b6f8/screenshot - {}
RESULT: {}
COMMAND: POST /session/1078df7af42110589ce6729fcfa5b6f8/element - {"using":"xpath","value":"//span[contains(text(), \"0006 - TB(calendar days)\")]"}
RESULT: {"using":"xpath","value":"//span[contains(text(), \"0006 - TB(calendar days)\")]"}
COMMAND: POST /session/1078df7af42110589ce6729fcfa5b6f8/element/f.BA343095ED0ABE7E3673784E64AE5F80.d.41FED1C6BD99EB6622EE0592F9A0A5C3.e.5308/click - {}
RESULT: {}
COMMAND: GET /session/1078df7af42110589ce6729fcfa5b6f8/screenshot - {}
RESULT: {}
COMMAND: POST /session/1078df7af42110589ce6729fcfa5b6f8/execute/async - {"script":"<script> [1562 bytes]","args":[{"selector":{"id":"application-managepricingrules-display-component---newInfoPriceItem--daysMonth","interaction":{"idSuffix":"inner"}},"wdio_ui5_key":"applicationmanagepricingrules-display-component---newInfoPriceItem--daysMonth"}]}
RESULT: {"script":"<script> [1562 bytes]","args":[{"selector":{"id":"application-managepricingrules-display-component---newInfoPriceItem--daysMonth","interaction":{"idSuffix":"inner"}},"wdio_ui5_key":"applicationmanagepricingrules-display-component---newInfoPriceItem--daysMonth"}]}
RESULT: undefined
COMMAND: POST /session/1078df7af42110589ce6729fcfa5b6f8/execute/async - {"script":"<script> [776 bytes]","args":[{"enterText":"30","selector":{"id":"application-managepricingrules-display-component---newInfoPriceItem--daysMonth","interaction":{"idSuffix":"inner"}},"clearTextFirst":true,"interactionType":"ENTER_TEXT"}]}
RESULT: {"script":"<script> [776 bytes]","args":[{"enterText":"30","selector":{"id":"application-managepricingrules-display-component---newInfoPriceItem--daysMonth","interaction":{"idSuffix":"inner"}},"clearTextFirst":true,"interactionType":"ENTER_TEXT"}]}
COMMAND: POST /session/1078df7af42110589ce6729fcfa5b6f8/element - {"using":"xpath","value":"//button[@data-kt=\"saveNewRuleButton\"]"}
RESULT: {"using":"xpath","value":"//button[@data-kt=\"saveNewRuleButton\"]"}
COMMAND: POST /session/1078df7af42110589ce6729fcfa5b6f8/element/f.BA343095ED0ABE7E3673784E64AE5F80.d.41FED1C6BD99EB6622EE0592F9A0A5C3.e.5296/click - {}
RESULT: {}
COMMAND: GET /session/1078df7af42110589ce6729fcfa5b6f8/screenshot - {}
RESULT: {}
COMMAND: POST /session/1078df7af42110589ce6729fcfa5b6f8/execute/async - {"script":"<script> [1562 bytes]","args":[{"selector":{"id":"application-managepricingrules-display-component---priceInfoItem--smartFilterBar-btnBasicSearch","interaction":{"idSuffix":"I"}},"wdio_ui5_key":"applicationmanagepricingrules-display-component---priceInfoItem--smartFilterBar-btnBasicSearch"}]}
RESULT: {"script":"<script> [1562 bytes]","args":[{"selector":{"id":"application-managepricingrules-display-component---priceInfoItem--smartFilterBar-btnBasicSearch","interaction":{"idSuffix":"I"}},"wdio_ui5_key":"applicationmanagepricingrules-display-component---priceInfoItem--smartFilterBar-btnBasicSearch"}]}
RESULT: undefined
COMMAND: POST /session/1078df7af42110589ce6729fcfa5b6f8/execute/async - {"script":"<script> [776 bytes]","args":[{"enterText":"4SBAmACLEG","selector":{"id":"application-managepricingrules-display-component---priceInfoItem--smartFilterBar-btnBasicSearch","interaction":{"idSuffix":"I"}},"clearTextFirst":true,"interactionType":"ENTER_TEXT"}]}
RESULT: {"script":"<script> [776 bytes]","args":[{"enterText":"4SBAmACLEG","selector":{"id":"application-managepricingrules-display-component---priceInfoItem--smartFilterBar-btnBasicSearch","interaction":{"idSuffix":"I"}},"clearTextFirst":true,"interactionType":"ENTER_TEXT"}]}
COMMAND: POST /session/1078df7af42110589ce6729fcfa5b6f8/actions - {"actions":[{"id":"action12","type":"key","parameters":{},"actions":[{"type":"keyDown","value":""},{"type":"pause","duration":10},{"type":"keyUp","value":""}]}]}
RESULT: {"actions":[{"id":"action12","type":"key","parameters":{},"actions":[{"type":"keyDown","value":""},{"type":"pause","duration":10},{"type":"keyUp","value":""}]}]}
COMMAND: GET /session/1078df7af42110589ce6729fcfa5b6f8/screenshot - {}
RESULT: {}
COMMAND: POST /session/1078df7af42110589ce6729fcfa5b6f8/element - {"using":"xpath","value":"//span[@id=\"application-managepricingrules-display-component---priceInfoItem--smartTable-header-inner\"]"}
RESULT: {"using":"xpath","value":"//span[@id=\"application-managepricingrules-display-component---priceInfoItem--smartTable-header-inner\"]"}
COMMAND: POST /session/1078df7af42110589ce6729fcfa5b6f8/elements - {"using":"xpath","value":"//span[@id=\"application-managepricingrules-display-component---priceInfoItem--smartTable-header-inner\"]"}
RESULT: {"using":"xpath","value":"//span[@id=\"application-managepricingrules-display-component---priceInfoItem--smartTable-header-inner\"]"}
COMMAND: POST /session/1078df7af42110589ce6729fcfa5b6f8/execute/sync - {"script":"<script> [56 bytes]","args":[{"element-6066-11e4-a52e-4f735466cecf":"f.BA343095ED0ABE7E3673784E64AE5F80.d.41FED1C6BD99EB6622EE0592F9A0A5C3.e.5321","ELEMENT":"f.BA343095ED0ABE7E3673784E64AE5F80.d.41FED1C6BD99EB6622EE0592F9A0A5C3.e.5321"}]}
RESULT: {"script":"<script> [56 bytes]","args":[{"element-6066-11e4-a52e-4f735466cecf":"f.BA343095ED0ABE7E3673784E64AE5F80.d.41FED1C6BD99EB6622EE0592F9A0A5C3.e.5321","ELEMENT":"f.BA343095ED0ABE7E3673784E64AE5F80.d.41FED1C6BD99EB6622EE0592F9A0A5C3.e.5321"}]}
COMMAND: POST /session/1078df7af42110589ce6729fcfa5b6f8/element - {"using":"css selector","value":"#shell-header-logo"}
COMMAND: GET /session/1078df7af42110589ce6729fcfa5b6f8/screenshot - {}
RESULT: {"using":"css selector","value":"#shell-header-logo"}
COMMAND: POST /session/1078df7af42110589ce6729fcfa5b6f8/element/f.BA343095ED0ABE7E3673784E64AE5F80.d.41FED1C6BD99EB6622EE0592F9A0A5C3.e.4422/click - {}
RESULT: {}
RESULT: {}
COMMAND: GET /session/1078df7af42110589ce6729fcfa5b6f8/screenshot - {}
RESULT: {}
]]></system-out>
    </testcase>
    <testcase classname="chrome.136_0_7103_93.windows.Billing_Transfer_-_Master_data_&amp;_Intercompany_US127250" name="Should create new condition for equipment TB" time="65.527">
      <system-out><![CDATA[
COMMAND: POST /session/1078df7af42110589ce6729fcfa5b6f8/execute/async - {"script":"<script> [1562 bytes]","args":[{"selector":{"controlType":"sap.m.GenericTile","properties":{"header":"Manage Conditions & Prices"}},"wdio_ui5_key":"sapm.GenericTile{\"header\":\"Manage Conditions & Prices\"}"}]}
RESULT: {"script":"<script> [1562 bytes]","args":[{"selector":{"controlType":"sap.m.GenericTile","properties":{"header":"Manage Conditions & Prices"}},"wdio_ui5_key":"sapm.GenericTile{\"header\":\"Manage Conditions & Prices\"}"}]}
RESULT: undefined
COMMAND: POST /session/1078df7af42110589ce6729fcfa5b6f8/element - {"using":"xpath","value":"//*[@id=\"__tile53\"]"}
RESULT: {"using":"xpath","value":"//*[@id=\"__tile53\"]"}
COMMAND: POST /session/1078df7af42110589ce6729fcfa5b6f8/element/f.BA343095ED0ABE7E3673784E64AE5F80.d.41FED1C6BD99EB6622EE0592F9A0A5C3.e.2134/click - {}
RESULT: {}
COMMAND: GET /session/1078df7af42110589ce6729fcfa5b6f8/screenshot - {}
RESULT: {}
COMMAND: POST /session/1078df7af42110589ce6729fcfa5b6f8/elements - {"using":"xpath","value":"//span[text()='Error']"}
RESULT: {"using":"xpath","value":"//span[text()='Error']"}
COMMAND: POST /session/1078df7af42110589ce6729fcfa5b6f8/element - {"using":"xpath","value":"//button[@aria-label=\"Create\"]"}
RESULT: {"using":"xpath","value":"//button[@aria-label=\"Create\"]"}
COMMAND: POST /session/1078df7af42110589ce6729fcfa5b6f8/elements - {"using":"xpath","value":"//button[@aria-label=\"Create\"]"}
RESULT: {"using":"xpath","value":"//button[@aria-label=\"Create\"]"}
COMMAND: POST /session/1078df7af42110589ce6729fcfa5b6f8/execute/sync - {"script":"<script> [8489 bytes]","args":[{"element-6066-11e4-a52e-4f735466cecf":"f.BA343095ED0ABE7E3673784E64AE5F80.d.41FED1C6BD99EB6622EE0592F9A0A5C3.e.5362","ELEMENT":"f.BA343095ED0ABE7E3673784E64AE5F80.d.41FED1C6BD99EB6622EE0592F9A0A5C3.e.5362"}]}
RESULT: {"script":"<script> [8489 bytes]","args":[{"element-6066-11e4-a52e-4f735466cecf":"f.BA343095ED0ABE7E3673784E64AE5F80.d.41FED1C6BD99EB6622EE0592F9A0A5C3.e.5362","ELEMENT":"f.BA343095ED0ABE7E3673784E64AE5F80.d.41FED1C6BD99EB6622EE0592F9A0A5C3.e.5362"}]}
COMMAND: GET /session/1078df7af42110589ce6729fcfa5b6f8/element/f.BA343095ED0ABE7E3673784E64AE5F80.d.41FED1C6BD99EB6622EE0592F9A0A5C3.e.5362/enabled - {}
COMMAND: GET /session/1078df7af42110589ce6729fcfa5b6f8/screenshot - {}
RESULT: {}
COMMAND: POST /session/1078df7af42110589ce6729fcfa5b6f8/execute/sync - {"script":"<script> [8489 bytes]","args":[{"element-6066-11e4-a52e-4f735466cecf":"f.BA343095ED0ABE7E3673784E64AE5F80.d.41FED1C6BD99EB6622EE0592F9A0A5C3.e.5362","ELEMENT":"f.BA343095ED0ABE7E3673784E64AE5F80.d.41FED1C6BD99EB6622EE0592F9A0A5C3.e.5362"}]}
COMMAND: GET /session/1078df7af42110589ce6729fcfa5b6f8/screenshot - {}
RESULT: {}
RESULT: {"script":"<script> [8489 bytes]","args":[{"element-6066-11e4-a52e-4f735466cecf":"f.BA343095ED0ABE7E3673784E64AE5F80.d.41FED1C6BD99EB6622EE0592F9A0A5C3.e.5362","ELEMENT":"f.BA343095ED0ABE7E3673784E64AE5F80.d.41FED1C6BD99EB6622EE0592F9A0A5C3.e.5362"}]}
COMMAND: POST /session/1078df7af42110589ce6729fcfa5b6f8/execute/sync - {"script":"<script> [5351 bytes]","args":[{"element-6066-11e4-a52e-4f735466cecf":"f.BA343095ED0ABE7E3673784E64AE5F80.d.41FED1C6BD99EB6622EE0592F9A0A5C3.e.5362","ELEMENT":"f.BA343095ED0ABE7E3673784E64AE5F80.d.41FED1C6BD99EB6622EE0592F9A0A5C3.e.5362"}]}
COMMAND: GET /session/1078df7af42110589ce6729fcfa5b6f8/screenshot - {}
RESULT: {}
RESULT: {"script":"<script> [5351 bytes]","args":[{"element-6066-11e4-a52e-4f735466cecf":"f.BA343095ED0ABE7E3673784E64AE5F80.d.41FED1C6BD99EB6622EE0592F9A0A5C3.e.5362","ELEMENT":"f.BA343095ED0ABE7E3673784E64AE5F80.d.41FED1C6BD99EB6622EE0592F9A0A5C3.e.5362"}]}
COMMAND: POST /session/1078df7af42110589ce6729fcfa5b6f8/element/f.BA343095ED0ABE7E3673784E64AE5F80.d.41FED1C6BD99EB6622EE0592F9A0A5C3.e.5362/click - {}
COMMAND: GET /session/1078df7af42110589ce6729fcfa5b6f8/screenshot - {}
RESULT: {}
RESULT: {}
COMMAND: GET /session/1078df7af42110589ce6729fcfa5b6f8/screenshot - {}
RESULT: {}
RESULT: {}
COMMAND: POST /session/1078df7af42110589ce6729fcfa5b6f8/actions - {"actions":[{"id":"action13","type":"key","parameters":{},"actions":[{"type":"keyDown","value":""},{"type":"pause","duration":10},{"type":"keyUp","value":""}]}]}
RESULT: {"actions":[{"id":"action13","type":"key","parameters":{},"actions":[{"type":"keyDown","value":""},{"type":"pause","duration":10},{"type":"keyUp","value":""}]}]}
COMMAND: GET /session/1078df7af42110589ce6729fcfa5b6f8/screenshot - {}
RESULT: {}
COMMAND: POST /session/1078df7af42110589ce6729fcfa5b6f8/execute/async - {"script":"<script> [1562 bytes]","args":[{"selector":{"id":"application-manageconditionprice-display-component---newCondition--condBillCond-arrow"},"wdio_ui5_key":"applicationmanageconditionprice-display-component---newCondition--condBillCond-arrow"}]}
RESULT: {"script":"<script> [1562 bytes]","args":[{"selector":{"id":"application-manageconditionprice-display-component---newCondition--condBillCond-arrow"},"wdio_ui5_key":"applicationmanageconditionprice-display-component---newCondition--condBillCond-arrow"}]}
RESULT: undefined
COMMAND: POST /session/1078df7af42110589ce6729fcfa5b6f8/element - {"using":"xpath","value":"//*[@id=\"application-manageconditionprice-display-component---newCondition--condBillCond-arrow\"]"}
RESULT: {"using":"xpath","value":"//*[@id=\"application-manageconditionprice-display-component---newCondition--condBillCond-arrow\"]"}
COMMAND: POST /session/1078df7af42110589ce6729fcfa5b6f8/element/f.BA343095ED0ABE7E3673784E64AE5F80.d.41FED1C6BD99EB6622EE0592F9A0A5C3.e.5571/click - {}
RESULT: {}
COMMAND: GET /session/1078df7af42110589ce6729fcfa5b6f8/screenshot - {}
RESULT: {}
COMMAND: POST /session/1078df7af42110589ce6729fcfa5b6f8/element - {"using":"xpath","value":"//li[.//span[contains(text(), \"DISP - D&I special price\")]]"}
RESULT: {"using":"xpath","value":"//li[.//span[contains(text(), \"DISP - D&I special price\")]]"}
COMMAND: POST /session/1078df7af42110589ce6729fcfa5b6f8/element/f.BA343095ED0ABE7E3673784E64AE5F80.d.41FED1C6BD99EB6622EE0592F9A0A5C3.e.5574/click - {}
RESULT: {}
COMMAND: GET /session/1078df7af42110589ce6729fcfa5b6f8/screenshot - {}
RESULT: {}
COMMAND: POST /session/1078df7af42110589ce6729fcfa5b6f8/execute/async - {"script":"<script> [1562 bytes]","args":[{"selector":{"id":"application-manageconditionprice-display-component---newCondition--condValidTo","interaction":{"idSuffix":"inner"}},"wdio_ui5_key":"applicationmanageconditionprice-display-component---newCondition--condValidTo"}]}
RESULT: {"script":"<script> [1562 bytes]","args":[{"selector":{"id":"application-manageconditionprice-display-component---newCondition--condValidTo","interaction":{"idSuffix":"inner"}},"wdio_ui5_key":"applicationmanageconditionprice-display-component---newCondition--condValidTo"}]}
RESULT: undefined
COMMAND: POST /session/1078df7af42110589ce6729fcfa5b6f8/execute/async - {"script":"<script> [776 bytes]","args":[{"enterText":"2/1/26","selector":{"id":"application-manageconditionprice-display-component---newCondition--condValidTo","interaction":{"idSuffix":"inner"}},"clearTextFirst":true,"interactionType":"ENTER_TEXT"}]}
RESULT: {"script":"<script> [776 bytes]","args":[{"enterText":"2/1/26","selector":{"id":"application-manageconditionprice-display-component---newCondition--condValidTo","interaction":{"idSuffix":"inner"}},"clearTextFirst":true,"interactionType":"ENTER_TEXT"}]}
COMMAND: POST /session/1078df7af42110589ce6729fcfa5b6f8/element - {"using":"xpath","value":"//input[@id=\"application-manageconditionprice-display-component---newCondition--condRU-inner\"]"}
RESULT: {"using":"xpath","value":"//input[@id=\"application-manageconditionprice-display-component---newCondition--condRU-inner\"]"}
COMMAND: POST /session/1078df7af42110589ce6729fcfa5b6f8/element/f.BA343095ED0ABE7E3673784E64AE5F80.d.41FED1C6BD99EB6622EE0592F9A0A5C3.e.5407/clear - {}
RESULT: {}
COMMAND: POST /session/1078df7af42110589ce6729fcfa5b6f8/element/f.BA343095ED0ABE7E3673784E64AE5F80.d.41FED1C6BD99EB6622EE0592F9A0A5C3.e.5407/value - {"text":"4SBAmACLEG"}
COMMAND: GET /session/1078df7af42110589ce6729fcfa5b6f8/screenshot - {}
RESULT: {"text":"4SBAmACLEG"}
COMMAND: GET /session/1078df7af42110589ce6729fcfa5b6f8/screenshot - {}
RESULT: {}
RESULT: {}
COMMAND: POST /session/1078df7af42110589ce6729fcfa5b6f8/actions - {"actions":[{"id":"action14","type":"key","parameters":{},"actions":[{"type":"keyDown","value":""},{"type":"pause","duration":10},{"type":"keyUp","value":""}]}]}
RESULT: {"actions":[{"id":"action14","type":"key","parameters":{},"actions":[{"type":"keyDown","value":""},{"type":"pause","duration":10},{"type":"keyUp","value":""}]}]}
COMMAND: POST /session/1078df7af42110589ce6729fcfa5b6f8/execute/async - {"script":"<script> [1562 bytes]","args":[{"selector":{"id":"application-manageconditionprice-display-component---newCondition--condBaseQty","interaction":{"idSuffix":"inner"}},"wdio_ui5_key":"applicationmanageconditionprice-display-component---newCondition--condBaseQty"}]}
COMMAND: GET /session/1078df7af42110589ce6729fcfa5b6f8/screenshot - {}
RESULT: {"script":"<script> [1562 bytes]","args":[{"selector":{"id":"application-manageconditionprice-display-component---newCondition--condBaseQty","interaction":{"idSuffix":"inner"}},"wdio_ui5_key":"applicationmanageconditionprice-display-component---newCondition--condBaseQty"}]}
RESULT: undefined
COMMAND: POST /session/1078df7af42110589ce6729fcfa5b6f8/execute/async - {"script":"<script> [776 bytes]","args":[{"enterText":"1","selector":{"id":"application-manageconditionprice-display-component---newCondition--condBaseQty","interaction":{"idSuffix":"inner"}},"clearTextFirst":true,"interactionType":"ENTER_TEXT"}]}
RESULT: {}
RESULT: {"script":"<script> [776 bytes]","args":[{"enterText":"1","selector":{"id":"application-manageconditionprice-display-component---newCondition--condBaseQty","interaction":{"idSuffix":"inner"}},"clearTextFirst":true,"interactionType":"ENTER_TEXT"}]}
COMMAND: POST /session/1078df7af42110589ce6729fcfa5b6f8/execute/async - {"script":"<script> [1562 bytes]","args":[{"selector":{"id":"application-manageconditionprice-display-component---newCondition--condValue","interaction":{"idSuffix":"inner"}},"wdio_ui5_key":"applicationmanageconditionprice-display-component---newCondition--condValue"}]}
RESULT: {"script":"<script> [1562 bytes]","args":[{"selector":{"id":"application-manageconditionprice-display-component---newCondition--condValue","interaction":{"idSuffix":"inner"}},"wdio_ui5_key":"applicationmanageconditionprice-display-component---newCondition--condValue"}]}
RESULT: undefined
COMMAND: POST /session/1078df7af42110589ce6729fcfa5b6f8/execute/async - {"script":"<script> [776 bytes]","args":[{"enterText":"100","selector":{"id":"application-manageconditionprice-display-component---newCondition--condValue","interaction":{"idSuffix":"inner"}},"clearTextFirst":true,"interactionType":"ENTER_TEXT"}]}
RESULT: {"script":"<script> [776 bytes]","args":[{"enterText":"100","selector":{"id":"application-manageconditionprice-display-component---newCondition--condValue","interaction":{"idSuffix":"inner"}},"clearTextFirst":true,"interactionType":"ENTER_TEXT"}]}
COMMAND: POST /session/1078df7af42110589ce6729fcfa5b6f8/execute/async - {"script":"<script> [1562 bytes]","args":[{"selector":{"id":"application-manageconditionprice-display-component---newCondition--condCurr-arrow"},"wdio_ui5_key":"applicationmanageconditionprice-display-component---newCondition--condCurr-arrow"}]}
RESULT: {"script":"<script> [1562 bytes]","args":[{"selector":{"id":"application-manageconditionprice-display-component---newCondition--condCurr-arrow"},"wdio_ui5_key":"applicationmanageconditionprice-display-component---newCondition--condCurr-arrow"}]}
RESULT: undefined
COMMAND: POST /session/1078df7af42110589ce6729fcfa5b6f8/element - {"using":"xpath","value":"//*[@id=\"application-manageconditionprice-display-component---newCondition--condCurr-arrow\"]"}
RESULT: {"using":"xpath","value":"//*[@id=\"application-manageconditionprice-display-component---newCondition--condCurr-arrow\"]"}
COMMAND: POST /session/1078df7af42110589ce6729fcfa5b6f8/element/f.BA343095ED0ABE7E3673784E64AE5F80.d.41FED1C6BD99EB6622EE0592F9A0A5C3.e.5549/click - {}
RESULT: {}
COMMAND: POST /session/1078df7af42110589ce6729fcfa5b6f8/element - {"using":"xpath","value":"//span[contains(text(), \"Euro\")]"}
COMMAND: GET /session/1078df7af42110589ce6729fcfa5b6f8/screenshot - {}
RESULT: {"using":"xpath","value":"//span[contains(text(), \"Euro\")]"}
COMMAND: POST /session/1078df7af42110589ce6729fcfa5b6f8/element/f.BA343095ED0ABE7E3673784E64AE5F80.d.41FED1C6BD99EB6622EE0592F9A0A5C3.e.5611/click - {}
RESULT: {}
RESULT: {}
COMMAND: POST /session/1078df7af42110589ce6729fcfa5b6f8/element - {"using":"xpath","value":"//button[@data-kt=\"saveButton\"]"}
COMMAND: GET /session/1078df7af42110589ce6729fcfa5b6f8/screenshot - {}
RESULT: {"using":"xpath","value":"//button[@data-kt=\"saveButton\"]"}
COMMAND: POST /session/1078df7af42110589ce6729fcfa5b6f8/element/f.BA343095ED0ABE7E3673784E64AE5F80.d.41FED1C6BD99EB6622EE0592F9A0A5C3.e.5550/click - {}
RESULT: {}
RESULT: {}
COMMAND: GET /session/1078df7af42110589ce6729fcfa5b6f8/screenshot - {}
RESULT: {}
COMMAND: POST /session/1078df7af42110589ce6729fcfa5b6f8/execute/async - {"script":"<script> [1562 bytes]","args":[{"selector":{"id":"application-manageconditionprice-display-component---conditions--smartFilterBar-btnBasicSearch","interaction":{"idSuffix":"I"}},"wdio_ui5_key":"applicationmanageconditionprice-display-component---conditions--smartFilterBar-btnBasicSearch"}]}
RESULT: {"script":"<script> [1562 bytes]","args":[{"selector":{"id":"application-manageconditionprice-display-component---conditions--smartFilterBar-btnBasicSearch","interaction":{"idSuffix":"I"}},"wdio_ui5_key":"applicationmanageconditionprice-display-component---conditions--smartFilterBar-btnBasicSearch"}]}
RESULT: undefined
COMMAND: POST /session/1078df7af42110589ce6729fcfa5b6f8/execute/async - {"script":"<script> [776 bytes]","args":[{"enterText":"4SBAmACLEG","selector":{"id":"application-manageconditionprice-display-component---conditions--smartFilterBar-btnBasicSearch","interaction":{"idSuffix":"I"}},"clearTextFirst":true,"interactionType":"ENTER_TEXT"}]}
RESULT: {"script":"<script> [776 bytes]","args":[{"enterText":"4SBAmACLEG","selector":{"id":"application-manageconditionprice-display-component---conditions--smartFilterBar-btnBasicSearch","interaction":{"idSuffix":"I"}},"clearTextFirst":true,"interactionType":"ENTER_TEXT"}]}
COMMAND: POST /session/1078df7af42110589ce6729fcfa5b6f8/actions - {"actions":[{"id":"action15","type":"key","parameters":{},"actions":[{"type":"keyDown","value":""},{"type":"pause","duration":10},{"type":"keyUp","value":""}]}]}
RESULT: {"actions":[{"id":"action15","type":"key","parameters":{},"actions":[{"type":"keyDown","value":""},{"type":"pause","duration":10},{"type":"keyUp","value":""}]}]}
COMMAND: GET /session/1078df7af42110589ce6729fcfa5b6f8/screenshot - {}
RESULT: {}
COMMAND: POST /session/1078df7af42110589ce6729fcfa5b6f8/execute/async - {"script":"<script> [1562 bytes]","args":[{"selector":{"id":"application-manageconditionprice-display-component---conditions--smartFilterBar-filterItemControl_BASIC-BILL_TYPES-vhi"},"wdio_ui5_key":"applicationmanageconditionprice-display-component---conditions--smartFilterBar-filterItemControl_BASIC-BILL_TYPES-vhi"}]}
RESULT: {"script":"<script> [1562 bytes]","args":[{"selector":{"id":"application-manageconditionprice-display-component---conditions--smartFilterBar-filterItemControl_BASIC-BILL_TYPES-vhi"},"wdio_ui5_key":"applicationmanageconditionprice-display-component---conditions--smartFilterBar-filterItemControl_BASIC-BILL_TYPES-vhi"}]}
RESULT: undefined
COMMAND: POST /session/1078df7af42110589ce6729fcfa5b6f8/element - {"using":"xpath","value":"//*[@id=\"application-manageconditionprice-display-component---conditions--smartFilterBar-filterItemControl_BASIC-BILL_TYPES-vhi\"]"}
RESULT: {"using":"xpath","value":"//*[@id=\"application-manageconditionprice-display-component---conditions--smartFilterBar-filterItemControl_BASIC-BILL_TYPES-vhi\"]"}
COMMAND: POST /session/1078df7af42110589ce6729fcfa5b6f8/element/f.BA343095ED0ABE7E3673784E64AE5F80.d.41FED1C6BD99EB6622EE0592F9A0A5C3.e.5718/click - {}
RESULT: {}
COMMAND: POST /session/1078df7af42110589ce6729fcfa5b6f8/execute/async - {"script":"<script> [1562 bytes]","args":[{"selector":{"id":"application-manageconditionprice-display-component---conditions--smartFilterBar-filterItemControl_BASIC-BILL_TYPES-valueHelpDialog-smartFilterBar-btnBasicSearch","searchOpenDialogs":true,"interaction":{"idSuffix":"I"}},"wdio_ui5_key":"applicationmanageconditionprice-display-component---conditions--smartFilterBar-filterItemControl_BASIC-BILL_TYPES-valueHelpDialog-smartFilterBar-btnBasicSearch"}]}
COMMAND: GET /session/1078df7af42110589ce6729fcfa5b6f8/screenshot - {}
RESULT: {"script":"<script> [1562 bytes]","args":[{"selector":{"id":"application-manageconditionprice-display-component---conditions--smartFilterBar-filterItemControl_BASIC-BILL_TYPES-valueHelpDialog-smartFilterBar-btnBasicSearch","searchOpenDialogs":true,"interaction":{"idSuffix":"I"}},"wdio_ui5_key":"applicationmanageconditionprice-display-component---conditions--smartFilterBar-filterItemControl_BASIC-BILL_TYPES-valueHelpDialog-smartFilterBar-btnBasicSearch"}]}
RESULT: undefined
COMMAND: POST /session/1078df7af42110589ce6729fcfa5b6f8/execute/async - {"script":"<script> [776 bytes]","args":[{"enterText":"TB","selector":{"id":"application-manageconditionprice-display-component---conditions--smartFilterBar-filterItemControl_BASIC-BILL_TYPES-valueHelpDialog-smartFilterBar-btnBasicSearch","searchOpenDialogs":true,"interaction":{"idSuffix":"I"}},"clearTextFirst":true,"interactionType":"ENTER_TEXT"}]}
RESULT: {}
RESULT: {"script":"<script> [776 bytes]","args":[{"enterText":"TB","selector":{"id":"application-manageconditionprice-display-component---conditions--smartFilterBar-filterItemControl_BASIC-BILL_TYPES-valueHelpDialog-smartFilterBar-btnBasicSearch","searchOpenDialogs":true,"interaction":{"idSuffix":"I"}},"clearTextFirst":true,"interactionType":"ENTER_TEXT"}]}
COMMAND: POST /session/1078df7af42110589ce6729fcfa5b6f8/actions - {"actions":[{"id":"action16","type":"key","parameters":{},"actions":[{"type":"keyDown","value":""},{"type":"pause","duration":10},{"type":"keyUp","value":""}]}]}
RESULT: {"actions":[{"id":"action16","type":"key","parameters":{},"actions":[{"type":"keyDown","value":""},{"type":"pause","duration":10},{"type":"keyUp","value":""}]}]}
COMMAND: GET /session/1078df7af42110589ce6729fcfa5b6f8/screenshot - {}
RESULT: {}
COMMAND: POST /session/1078df7af42110589ce6729fcfa5b6f8/element - {"using":"xpath","value":"//div[contains(@id, 'application-manageconditionprice-display-component---conditions--smartFilterBar-filterItemControl_BASIC-BILL_TYPES-valueHelpDialog-table-rowsel0')]"}
RESULT: {"using":"xpath","value":"//div[contains(@id, 'application-manageconditionprice-display-component---conditions--smartFilterBar-filterItemControl_BASIC-BILL_TYPES-valueHelpDialog-table-rowsel0')]"}
COMMAND: POST /session/1078df7af42110589ce6729fcfa5b6f8/element/f.BA343095ED0ABE7E3673784E64AE5F80.d.41FED1C6BD99EB6622EE0592F9A0A5C3.e.5726/click - {}
RESULT: {}
COMMAND: GET /session/1078df7af42110589ce6729fcfa5b6f8/screenshot - {}
RESULT: {}
COMMAND: POST /session/1078df7af42110589ce6729fcfa5b6f8/element - {"using":"xpath","value":"//bdi[contains(text(), \"OK\")]"}
RESULT: {"using":"xpath","value":"//bdi[contains(text(), \"OK\")]"}
COMMAND: POST /session/1078df7af42110589ce6729fcfa5b6f8/element/f.BA343095ED0ABE7E3673784E64AE5F80.d.41FED1C6BD99EB6622EE0592F9A0A5C3.e.5728/click - {}
RESULT: {}
COMMAND: GET /session/1078df7af42110589ce6729fcfa5b6f8/screenshot - {}
RESULT: {}
COMMAND: POST /session/1078df7af42110589ce6729fcfa5b6f8/element - {"using":"xpath","value":"//span[@id=\"application-manageconditionprice-display-component---conditions--smartTable-header-inner\"]"}
RESULT: {"using":"xpath","value":"//span[@id=\"application-manageconditionprice-display-component---conditions--smartTable-header-inner\"]"}
COMMAND: POST /session/1078df7af42110589ce6729fcfa5b6f8/elements - {"using":"xpath","value":"//span[@id=\"application-manageconditionprice-display-component---conditions--smartTable-header-inner\"]"}
RESULT: {"using":"xpath","value":"//span[@id=\"application-manageconditionprice-display-component---conditions--smartTable-header-inner\"]"}
COMMAND: POST /session/1078df7af42110589ce6729fcfa5b6f8/execute/sync - {"script":"<script> [56 bytes]","args":[{"element-6066-11e4-a52e-4f735466cecf":"f.BA343095ED0ABE7E3673784E64AE5F80.d.41FED1C6BD99EB6622EE0592F9A0A5C3.e.5731","ELEMENT":"f.BA343095ED0ABE7E3673784E64AE5F80.d.41FED1C6BD99EB6622EE0592F9A0A5C3.e.5731"}]}
RESULT: {"script":"<script> [56 bytes]","args":[{"element-6066-11e4-a52e-4f735466cecf":"f.BA343095ED0ABE7E3673784E64AE5F80.d.41FED1C6BD99EB6622EE0592F9A0A5C3.e.5731","ELEMENT":"f.BA343095ED0ABE7E3673784E64AE5F80.d.41FED1C6BD99EB6622EE0592F9A0A5C3.e.5731"}]}
COMMAND: POST /session/1078df7af42110589ce6729fcfa5b6f8/element - {"using":"css selector","value":"#shell-header-logo"}
COMMAND: GET /session/1078df7af42110589ce6729fcfa5b6f8/screenshot - {}
RESULT: {"using":"css selector","value":"#shell-header-logo"}
COMMAND: POST /session/1078df7af42110589ce6729fcfa5b6f8/element/f.BA343095ED0ABE7E3673784E64AE5F80.d.41FED1C6BD99EB6622EE0592F9A0A5C3.e.5325/click - {}
RESULT: {}
RESULT: {}
COMMAND: GET /session/1078df7af42110589ce6729fcfa5b6f8/screenshot - {}
RESULT: {}
]]></system-out>
    </testcase>
    <testcase classname="chrome.136_0_7103_93.windows.Billing_Transfer_-_Master_data_&amp;_Intercompany_US127250" name="Should do a stock increase" time="91.817">
      <failure/>
      <error message="Can't call click on element with selector &quot;//li[.//span[contains(text(),'558 -')]]&quot; because element wasn't found"/>
      <system-out><![CDATA[
COMMAND: POST /session/1078df7af42110589ce6729fcfa5b6f8/execute/async - {"script":"<script> [1562 bytes]","args":[{"selector":{"controlType":"sap.m.GenericTile","properties":{"header":"Manage Handovers"}},"wdio_ui5_key":"sapm.GenericTile{\"header\":\"Manage Handovers\"}"}]}
RESULT: {"script":"<script> [1562 bytes]","args":[{"selector":{"controlType":"sap.m.GenericTile","properties":{"header":"Manage Handovers"}},"wdio_ui5_key":"sapm.GenericTile{\"header\":\"Manage Handovers\"}"}]}
RESULT: undefined
COMMAND: POST /session/1078df7af42110589ce6729fcfa5b6f8/element - {"using":"xpath","value":"//*[@id=\"__tile133\"]"}
RESULT: {"using":"xpath","value":"//*[@id=\"__tile133\"]"}
COMMAND: POST /session/1078df7af42110589ce6729fcfa5b6f8/element/f.BA343095ED0ABE7E3673784E64AE5F80.d.41FED1C6BD99EB6622EE0592F9A0A5C3.e.2170/click - {}
RESULT: {}
COMMAND: GET /session/1078df7af42110589ce6729fcfa5b6f8/screenshot - {}
RESULT: {}
COMMAND: POST /session/1078df7af42110589ce6729fcfa5b6f8/elements - {"using":"xpath","value":"//span[text()='Error']"}
RESULT: {"using":"xpath","value":"//span[text()='Error']"}
COMMAND: POST /session/1078df7af42110589ce6729fcfa5b6f8/element - {"using":"xpath","value":"//button[@data-kt=\"masterHOAddButton\"]"}
RESULT: {"using":"xpath","value":"//button[@data-kt=\"masterHOAddButton\"]"}
COMMAND: POST /session/1078df7af42110589ce6729fcfa5b6f8/elements - {"using":"xpath","value":"//button[@data-kt=\"masterHOAddButton\"]"}
RESULT: {"using":"xpath","value":"//button[@data-kt=\"masterHOAddButton\"]"}
COMMAND: POST /session/1078df7af42110589ce6729fcfa5b6f8/execute/sync - {"script":"<script> [8489 bytes]","args":[{"element-6066-11e4-a52e-4f735466cecf":"f.BA343095ED0ABE7E3673784E64AE5F80.d.41FED1C6BD99EB6622EE0592F9A0A5C3.e.5771","ELEMENT":"f.BA343095ED0ABE7E3673784E64AE5F80.d.41FED1C6BD99EB6622EE0592F9A0A5C3.e.5771"}]}
RESULT: {"script":"<script> [8489 bytes]","args":[{"element-6066-11e4-a52e-4f735466cecf":"f.BA343095ED0ABE7E3673784E64AE5F80.d.41FED1C6BD99EB6622EE0592F9A0A5C3.e.5771","ELEMENT":"f.BA343095ED0ABE7E3673784E64AE5F80.d.41FED1C6BD99EB6622EE0592F9A0A5C3.e.5771"}]}
COMMAND: GET /session/1078df7af42110589ce6729fcfa5b6f8/element/f.BA343095ED0ABE7E3673784E64AE5F80.d.41FED1C6BD99EB6622EE0592F9A0A5C3.e.5771/enabled - {}
COMMAND: GET /session/1078df7af42110589ce6729fcfa5b6f8/screenshot - {}
RESULT: {}
COMMAND: POST /session/1078df7af42110589ce6729fcfa5b6f8/execute/sync - {"script":"<script> [8489 bytes]","args":[{"element-6066-11e4-a52e-4f735466cecf":"f.BA343095ED0ABE7E3673784E64AE5F80.d.41FED1C6BD99EB6622EE0592F9A0A5C3.e.5771","ELEMENT":"f.BA343095ED0ABE7E3673784E64AE5F80.d.41FED1C6BD99EB6622EE0592F9A0A5C3.e.5771"}]}
COMMAND: GET /session/1078df7af42110589ce6729fcfa5b6f8/screenshot - {}
RESULT: {}
RESULT: {"script":"<script> [8489 bytes]","args":[{"element-6066-11e4-a52e-4f735466cecf":"f.BA343095ED0ABE7E3673784E64AE5F80.d.41FED1C6BD99EB6622EE0592F9A0A5C3.e.5771","ELEMENT":"f.BA343095ED0ABE7E3673784E64AE5F80.d.41FED1C6BD99EB6622EE0592F9A0A5C3.e.5771"}]}
COMMAND: POST /session/1078df7af42110589ce6729fcfa5b6f8/execute/sync - {"script":"<script> [5351 bytes]","args":[{"element-6066-11e4-a52e-4f735466cecf":"f.BA343095ED0ABE7E3673784E64AE5F80.d.41FED1C6BD99EB6622EE0592F9A0A5C3.e.5771","ELEMENT":"f.BA343095ED0ABE7E3673784E64AE5F80.d.41FED1C6BD99EB6622EE0592F9A0A5C3.e.5771"}]}
COMMAND: GET /session/1078df7af42110589ce6729fcfa5b6f8/screenshot - {}
RESULT: {}
RESULT: {"script":"<script> [5351 bytes]","args":[{"element-6066-11e4-a52e-4f735466cecf":"f.BA343095ED0ABE7E3673784E64AE5F80.d.41FED1C6BD99EB6622EE0592F9A0A5C3.e.5771","ELEMENT":"f.BA343095ED0ABE7E3673784E64AE5F80.d.41FED1C6BD99EB6622EE0592F9A0A5C3.e.5771"}]}
COMMAND: POST /session/1078df7af42110589ce6729fcfa5b6f8/element/f.BA343095ED0ABE7E3673784E64AE5F80.d.41FED1C6BD99EB6622EE0592F9A0A5C3.e.5771/click - {}
COMMAND: GET /session/1078df7af42110589ce6729fcfa5b6f8/screenshot - {}
RESULT: {}
RESULT: {}
COMMAND: GET /session/1078df7af42110589ce6729fcfa5b6f8/screenshot - {}
RESULT: {}
COMMAND: POST /session/1078df7af42110589ce6729fcfa5b6f8/element - {"using":"xpath","value":"//span[contains(@id ,\"AddNewHO--typeSelect-arrow\")]"}
RESULT: {}
RESULT: {"using":"xpath","value":"//span[contains(@id ,\"AddNewHO--typeSelect-arrow\")]"}
COMMAND: POST /session/1078df7af42110589ce6729fcfa5b6f8/element/f.BA343095ED0ABE7E3673784E64AE5F80.d.41FED1C6BD99EB6622EE0592F9A0A5C3.e.6131/click - {}
RESULT: {}
COMMAND: GET /session/1078df7af42110589ce6729fcfa5b6f8/screenshot - {}
RESULT: {}
COMMAND: POST /session/1078df7af42110589ce6729fcfa5b6f8/element - {"using":"xpath","value":"(//li[contains(text(), \"stock increase yard\")])[1]"}
RESULT: {"using":"xpath","value":"(//li[contains(text(), \"stock increase yard\")])[1]"}
COMMAND: POST /session/1078df7af42110589ce6729fcfa5b6f8/element/f.BA343095ED0ABE7E3673784E64AE5F80.d.41FED1C6BD99EB6622EE0592F9A0A5C3.e.6132/click - {}
RESULT: {}
COMMAND: GET /session/1078df7af42110589ce6729fcfa5b6f8/screenshot - {}
RESULT: {}
COMMAND: POST /session/1078df7af42110589ce6729fcfa5b6f8/execute/async - {"script":"<script> [1562 bytes]","args":[{"selector":{"id":"application-managehandovers-display-component---AddNewHO--dueDate","interaction":{"idSuffix":"inner"}},"wdio_ui5_key":"applicationmanagehandovers-display-component---AddNewHO--dueDate"}]}
RESULT: {"script":"<script> [1562 bytes]","args":[{"selector":{"id":"application-managehandovers-display-component---AddNewHO--dueDate","interaction":{"idSuffix":"inner"}},"wdio_ui5_key":"applicationmanagehandovers-display-component---AddNewHO--dueDate"}]}
RESULT: undefined
COMMAND: POST /session/1078df7af42110589ce6729fcfa5b6f8/execute/async - {"script":"<script> [6424 bytes]","args":[{"element-6066-11e4-a52e-4f735466cecf":"f.BA343095ED0ABE7E3673784E64AE5F80.d.41FED1C6BD99EB6622EE0592F9A0A5C3.e.6134"},"setValue",["6/1/25"]]}
RESULT: {"script":"<script> [6424 bytes]","args":[{"element-6066-11e4-a52e-4f735466cecf":"f.BA343095ED0ABE7E3673784E64AE5F80.d.41FED1C6BD99EB6622EE0592F9A0A5C3.e.6134"},"setValue",["6/1/25"]]}
COMMAND: POST /session/1078df7af42110589ce6729fcfa5b6f8/element - {"using":"xpath","value":"//input[@id=\"generalSectionFrg--receiveYard-inner\"]"}
RESULT: {"using":"xpath","value":"//input[@id=\"generalSectionFrg--receiveYard-inner\"]"}
COMMAND: POST /session/1078df7af42110589ce6729fcfa5b6f8/element/f.BA343095ED0ABE7E3673784E64AE5F80.d.41FED1C6BD99EB6622EE0592F9A0A5C3.e.6140/clear - {}
RESULT: {}
COMMAND: POST /session/1078df7af42110589ce6729fcfa5b6f8/element/f.BA343095ED0ABE7E3673784E64AE5F80.d.41FED1C6BD99EB6622EE0592F9A0A5C3.e.6140/value - {"text":"558"}
COMMAND: GET /session/1078df7af42110589ce6729fcfa5b6f8/screenshot - {}
RESULT: {"text":"558"}
COMMAND: GET /session/1078df7af42110589ce6729fcfa5b6f8/screenshot - {}
RESULT: {}
RESULT: {}
COMMAND: POST /session/1078df7af42110589ce6729fcfa5b6f8/element - {"using":"xpath","value":"//li[.//span[contains(text(),'558 -')]]"}
RESULT: {"using":"xpath","value":"//li[.//span[contains(text(),'558 -')]]"}
COMMAND: POST /session/1078df7af42110589ce6729fcfa5b6f8/elements - {"using":"xpath","value":"//li[.//span[contains(text(),'558 -')]]"}
RESULT: {"using":"xpath","value":"//li[.//span[contains(text(),'558 -')]]"}
COMMAND: POST /session/1078df7af42110589ce6729fcfa5b6f8/elements - {"using":"xpath","value":"//li[.//span[contains(text(),'558 -')]]"}
RESULT: {"using":"xpath","value":"//li[.//span[contains(text(),'558 -')]]"}
COMMAND: POST /session/1078df7af42110589ce6729fcfa5b6f8/elements - {"using":"xpath","value":"//li[.//span[contains(text(),'558 -')]]"}
RESULT: {"using":"xpath","value":"//li[.//span[contains(text(),'558 -')]]"}
COMMAND: POST /session/1078df7af42110589ce6729fcfa5b6f8/elements - {"using":"xpath","value":"//li[.//span[contains(text(),'558 -')]]"}
RESULT: {"using":"xpath","value":"//li[.//span[contains(text(),'558 -')]]"}
COMMAND: POST /session/1078df7af42110589ce6729fcfa5b6f8/elements - {"using":"xpath","value":"//li[.//span[contains(text(),'558 -')]]"}
RESULT: {"using":"xpath","value":"//li[.//span[contains(text(),'558 -')]]"}
COMMAND: POST /session/1078df7af42110589ce6729fcfa5b6f8/elements - {"using":"xpath","value":"//li[.//span[contains(text(),'558 -')]]"}
RESULT: {"using":"xpath","value":"//li[.//span[contains(text(),'558 -')]]"}
COMMAND: POST /session/1078df7af42110589ce6729fcfa5b6f8/elements - {"using":"xpath","value":"//li[.//span[contains(text(),'558 -')]]"}
RESULT: {"using":"xpath","value":"//li[.//span[contains(text(),'558 -')]]"}
COMMAND: POST /session/1078df7af42110589ce6729fcfa5b6f8/elements - {"using":"xpath","value":"//li[.//span[contains(text(),'558 -')]]"}
RESULT: {"using":"xpath","value":"//li[.//span[contains(text(),'558 -')]]"}
COMMAND: POST /session/1078df7af42110589ce6729fcfa5b6f8/elements - {"using":"xpath","value":"//li[.//span[contains(text(),'558 -')]]"}
RESULT: {"using":"xpath","value":"//li[.//span[contains(text(),'558 -')]]"}
COMMAND: POST /session/1078df7af42110589ce6729fcfa5b6f8/elements - {"using":"xpath","value":"//li[.//span[contains(text(),'558 -')]]"}
RESULT: {"using":"xpath","value":"//li[.//span[contains(text(),'558 -')]]"}
COMMAND: POST /session/1078df7af42110589ce6729fcfa5b6f8/elements - {"using":"xpath","value":"//li[.//span[contains(text(),'558 -')]]"}
RESULT: {"using":"xpath","value":"//li[.//span[contains(text(),'558 -')]]"}
COMMAND: POST /session/1078df7af42110589ce6729fcfa5b6f8/elements - {"using":"xpath","value":"//li[.//span[contains(text(),'558 -')]]"}
RESULT: {"using":"xpath","value":"//li[.//span[contains(text(),'558 -')]]"}
COMMAND: POST /session/1078df7af42110589ce6729fcfa5b6f8/elements - {"using":"xpath","value":"//li[.//span[contains(text(),'558 -')]]"}
RESULT: {"using":"xpath","value":"//li[.//span[contains(text(),'558 -')]]"}
COMMAND: POST /session/1078df7af42110589ce6729fcfa5b6f8/elements - {"using":"xpath","value":"//li[.//span[contains(text(),'558 -')]]"}
RESULT: {"using":"xpath","value":"//li[.//span[contains(text(),'558 -')]]"}
COMMAND: POST /session/1078df7af42110589ce6729fcfa5b6f8/elements - {"using":"xpath","value":"//li[.//span[contains(text(),'558 -')]]"}
RESULT: {"using":"xpath","value":"//li[.//span[contains(text(),'558 -')]]"}
COMMAND: POST /session/1078df7af42110589ce6729fcfa5b6f8/elements - {"using":"xpath","value":"//li[.//span[contains(text(),'558 -')]]"}
RESULT: {"using":"xpath","value":"//li[.//span[contains(text(),'558 -')]]"}
COMMAND: POST /session/1078df7af42110589ce6729fcfa5b6f8/elements - {"using":"xpath","value":"//li[.//span[contains(text(),'558 -')]]"}
RESULT: {"using":"xpath","value":"//li[.//span[contains(text(),'558 -')]]"}
COMMAND: POST /session/1078df7af42110589ce6729fcfa5b6f8/elements - {"using":"xpath","value":"//li[.//span[contains(text(),'558 -')]]"}
RESULT: {"using":"xpath","value":"//li[.//span[contains(text(),'558 -')]]"}
COMMAND: POST /session/1078df7af42110589ce6729fcfa5b6f8/elements - {"using":"xpath","value":"//li[.//span[contains(text(),'558 -')]]"}
RESULT: {"using":"xpath","value":"//li[.//span[contains(text(),'558 -')]]"}
COMMAND: POST /session/1078df7af42110589ce6729fcfa5b6f8/elements - {"using":"xpath","value":"//li[.//span[contains(text(),'558 -')]]"}
RESULT: {"using":"xpath","value":"//li[.//span[contains(text(),'558 -')]]"}
COMMAND: POST /session/1078df7af42110589ce6729fcfa5b6f8/elements - {"using":"xpath","value":"//li[.//span[contains(text(),'558 -')]]"}
RESULT: {"using":"xpath","value":"//li[.//span[contains(text(),'558 -')]]"}
COMMAND: POST /session/1078df7af42110589ce6729fcfa5b6f8/elements - {"using":"xpath","value":"//li[.//span[contains(text(),'558 -')]]"}
RESULT: {"using":"xpath","value":"//li[.//span[contains(text(),'558 -')]]"}
COMMAND: POST /session/1078df7af42110589ce6729fcfa5b6f8/elements - {"using":"xpath","value":"//li[.//span[contains(text(),'558 -')]]"}
RESULT: {"using":"xpath","value":"//li[.//span[contains(text(),'558 -')]]"}
COMMAND: POST /session/1078df7af42110589ce6729fcfa5b6f8/elements - {"using":"xpath","value":"//li[.//span[contains(text(),'558 -')]]"}
RESULT: {"using":"xpath","value":"//li[.//span[contains(text(),'558 -')]]"}
COMMAND: POST /session/1078df7af42110589ce6729fcfa5b6f8/elements - {"using":"xpath","value":"//li[.//span[contains(text(),'558 -')]]"}
RESULT: {"using":"xpath","value":"//li[.//span[contains(text(),'558 -')]]"}
COMMAND: POST /session/1078df7af42110589ce6729fcfa5b6f8/elements - {"using":"xpath","value":"//li[.//span[contains(text(),'558 -')]]"}
RESULT: {"using":"xpath","value":"//li[.//span[contains(text(),'558 -')]]"}
COMMAND: POST /session/1078df7af42110589ce6729fcfa5b6f8/elements - {"using":"xpath","value":"//li[.//span[contains(text(),'558 -')]]"}
RESULT: {"using":"xpath","value":"//li[.//span[contains(text(),'558 -')]]"}
COMMAND: POST /session/1078df7af42110589ce6729fcfa5b6f8/elements - {"using":"xpath","value":"//li[.//span[contains(text(),'558 -')]]"}
RESULT: {"using":"xpath","value":"//li[.//span[contains(text(),'558 -')]]"}
COMMAND: POST /session/1078df7af42110589ce6729fcfa5b6f8/elements - {"using":"xpath","value":"//li[.//span[contains(text(),'558 -')]]"}
RESULT: {"using":"xpath","value":"//li[.//span[contains(text(),'558 -')]]"}
COMMAND: POST /session/1078df7af42110589ce6729fcfa5b6f8/elements - {"using":"xpath","value":"//li[.//span[contains(text(),'558 -')]]"}
RESULT: {"using":"xpath","value":"//li[.//span[contains(text(),'558 -')]]"}
COMMAND: POST /session/1078df7af42110589ce6729fcfa5b6f8/elements - {"using":"xpath","value":"//li[.//span[contains(text(),'558 -')]]"}
RESULT: {"using":"xpath","value":"//li[.//span[contains(text(),'558 -')]]"}
COMMAND: POST /session/1078df7af42110589ce6729fcfa5b6f8/elements - {"using":"xpath","value":"//li[.//span[contains(text(),'558 -')]]"}
RESULT: {"using":"xpath","value":"//li[.//span[contains(text(),'558 -')]]"}
COMMAND: POST /session/1078df7af42110589ce6729fcfa5b6f8/elements - {"using":"xpath","value":"//li[.//span[contains(text(),'558 -')]]"}
RESULT: {"using":"xpath","value":"//li[.//span[contains(text(),'558 -')]]"}
COMMAND: POST /session/1078df7af42110589ce6729fcfa5b6f8/elements - {"using":"xpath","value":"//li[.//span[contains(text(),'558 -')]]"}
RESULT: {"using":"xpath","value":"//li[.//span[contains(text(),'558 -')]]"}
COMMAND: POST /session/1078df7af42110589ce6729fcfa5b6f8/elements - {"using":"xpath","value":"//li[.//span[contains(text(),'558 -')]]"}
RESULT: {"using":"xpath","value":"//li[.//span[contains(text(),'558 -')]]"}
COMMAND: POST /session/1078df7af42110589ce6729fcfa5b6f8/elements - {"using":"xpath","value":"//li[.//span[contains(text(),'558 -')]]"}
RESULT: {"using":"xpath","value":"//li[.//span[contains(text(),'558 -')]]"}
COMMAND: POST /session/1078df7af42110589ce6729fcfa5b6f8/elements - {"using":"xpath","value":"//li[.//span[contains(text(),'558 -')]]"}
RESULT: {"using":"xpath","value":"//li[.//span[contains(text(),'558 -')]]"}
COMMAND: POST /session/1078df7af42110589ce6729fcfa5b6f8/elements - {"using":"xpath","value":"//li[.//span[contains(text(),'558 -')]]"}
RESULT: {"using":"xpath","value":"//li[.//span[contains(text(),'558 -')]]"}
COMMAND: POST /session/1078df7af42110589ce6729fcfa5b6f8/elements - {"using":"xpath","value":"//li[.//span[contains(text(),'558 -')]]"}
RESULT: {"using":"xpath","value":"//li[.//span[contains(text(),'558 -')]]"}
COMMAND: POST /session/1078df7af42110589ce6729fcfa5b6f8/elements - {"using":"xpath","value":"//li[.//span[contains(text(),'558 -')]]"}
RESULT: {"using":"xpath","value":"//li[.//span[contains(text(),'558 -')]]"}
COMMAND: POST /session/1078df7af42110589ce6729fcfa5b6f8/elements - {"using":"xpath","value":"//li[.//span[contains(text(),'558 -')]]"}
RESULT: {"using":"xpath","value":"//li[.//span[contains(text(),'558 -')]]"}
COMMAND: POST /session/1078df7af42110589ce6729fcfa5b6f8/elements - {"using":"xpath","value":"//li[.//span[contains(text(),'558 -')]]"}
RESULT: {"using":"xpath","value":"//li[.//span[contains(text(),'558 -')]]"}
COMMAND: POST /session/1078df7af42110589ce6729fcfa5b6f8/elements - {"using":"xpath","value":"//li[.//span[contains(text(),'558 -')]]"}
RESULT: {"using":"xpath","value":"//li[.//span[contains(text(),'558 -')]]"}
COMMAND: POST /session/1078df7af42110589ce6729fcfa5b6f8/elements - {"using":"xpath","value":"//li[.//span[contains(text(),'558 -')]]"}
RESULT: {"using":"xpath","value":"//li[.//span[contains(text(),'558 -')]]"}
COMMAND: POST /session/1078df7af42110589ce6729fcfa5b6f8/elements - {"using":"xpath","value":"//li[.//span[contains(text(),'558 -')]]"}
RESULT: {"using":"xpath","value":"//li[.//span[contains(text(),'558 -')]]"}
COMMAND: POST /session/1078df7af42110589ce6729fcfa5b6f8/elements - {"using":"xpath","value":"//li[.//span[contains(text(),'558 -')]]"}
RESULT: {"using":"xpath","value":"//li[.//span[contains(text(),'558 -')]]"}
COMMAND: POST /session/1078df7af42110589ce6729fcfa5b6f8/elements - {"using":"xpath","value":"//li[.//span[contains(text(),'558 -')]]"}
RESULT: {"using":"xpath","value":"//li[.//span[contains(text(),'558 -')]]"}
COMMAND: POST /session/1078df7af42110589ce6729fcfa5b6f8/elements - {"using":"xpath","value":"//li[.//span[contains(text(),'558 -')]]"}
RESULT: {"using":"xpath","value":"//li[.//span[contains(text(),'558 -')]]"}
COMMAND: POST /session/1078df7af42110589ce6729fcfa5b6f8/elements - {"using":"xpath","value":"//li[.//span[contains(text(),'558 -')]]"}
RESULT: {"using":"xpath","value":"//li[.//span[contains(text(),'558 -')]]"}
COMMAND: POST /session/1078df7af42110589ce6729fcfa5b6f8/elements - {"using":"xpath","value":"//li[.//span[contains(text(),'558 -')]]"}
RESULT: {"using":"xpath","value":"//li[.//span[contains(text(),'558 -')]]"}
COMMAND: POST /session/1078df7af42110589ce6729fcfa5b6f8/elements - {"using":"xpath","value":"//li[.//span[contains(text(),'558 -')]]"}
RESULT: {"using":"xpath","value":"//li[.//span[contains(text(),'558 -')]]"}
COMMAND: POST /session/1078df7af42110589ce6729fcfa5b6f8/elements - {"using":"xpath","value":"//li[.//span[contains(text(),'558 -')]]"}
RESULT: {"using":"xpath","value":"//li[.//span[contains(text(),'558 -')]]"}
COMMAND: POST /session/1078df7af42110589ce6729fcfa5b6f8/elements - {"using":"xpath","value":"//li[.//span[contains(text(),'558 -')]]"}
RESULT: {"using":"xpath","value":"//li[.//span[contains(text(),'558 -')]]"}
COMMAND: POST /session/1078df7af42110589ce6729fcfa5b6f8/elements - {"using":"xpath","value":"//li[.//span[contains(text(),'558 -')]]"}
RESULT: {"using":"xpath","value":"//li[.//span[contains(text(),'558 -')]]"}
COMMAND: POST /session/1078df7af42110589ce6729fcfa5b6f8/elements - {"using":"xpath","value":"//li[.//span[contains(text(),'558 -')]]"}
RESULT: {"using":"xpath","value":"//li[.//span[contains(text(),'558 -')]]"}
COMMAND: POST /session/1078df7af42110589ce6729fcfa5b6f8/elements - {"using":"xpath","value":"//li[.//span[contains(text(),'558 -')]]"}
RESULT: {"using":"xpath","value":"//li[.//span[contains(text(),'558 -')]]"}
COMMAND: POST /session/1078df7af42110589ce6729fcfa5b6f8/elements - {"using":"xpath","value":"//li[.//span[contains(text(),'558 -')]]"}
RESULT: {"using":"xpath","value":"//li[.//span[contains(text(),'558 -')]]"}
COMMAND: POST /session/1078df7af42110589ce6729fcfa5b6f8/elements - {"using":"xpath","value":"//li[.//span[contains(text(),'558 -')]]"}
RESULT: {"using":"xpath","value":"//li[.//span[contains(text(),'558 -')]]"}
COMMAND: POST /session/1078df7af42110589ce6729fcfa5b6f8/elements - {"using":"xpath","value":"//li[.//span[contains(text(),'558 -')]]"}
RESULT: {"using":"xpath","value":"//li[.//span[contains(text(),'558 -')]]"}
COMMAND: POST /session/1078df7af42110589ce6729fcfa5b6f8/elements - {"using":"xpath","value":"//li[.//span[contains(text(),'558 -')]]"}
RESULT: {"using":"xpath","value":"//li[.//span[contains(text(),'558 -')]]"}
COMMAND: POST /session/1078df7af42110589ce6729fcfa5b6f8/elements - {"using":"xpath","value":"//li[.//span[contains(text(),'558 -')]]"}
RESULT: {"using":"xpath","value":"//li[.//span[contains(text(),'558 -')]]"}
COMMAND: POST /session/1078df7af42110589ce6729fcfa5b6f8/elements - {"using":"xpath","value":"//li[.//span[contains(text(),'558 -')]]"}
RESULT: {"using":"xpath","value":"//li[.//span[contains(text(),'558 -')]]"}
COMMAND: POST /session/1078df7af42110589ce6729fcfa5b6f8/elements - {"using":"xpath","value":"//li[.//span[contains(text(),'558 -')]]"}
RESULT: {"using":"xpath","value":"//li[.//span[contains(text(),'558 -')]]"}
COMMAND: POST /session/1078df7af42110589ce6729fcfa5b6f8/elements - {"using":"xpath","value":"//li[.//span[contains(text(),'558 -')]]"}
RESULT: {"using":"xpath","value":"//li[.//span[contains(text(),'558 -')]]"}
COMMAND: POST /session/1078df7af42110589ce6729fcfa5b6f8/elements - {"using":"xpath","value":"//li[.//span[contains(text(),'558 -')]]"}
RESULT: {"using":"xpath","value":"//li[.//span[contains(text(),'558 -')]]"}
COMMAND: POST /session/1078df7af42110589ce6729fcfa5b6f8/elements - {"using":"xpath","value":"//li[.//span[contains(text(),'558 -')]]"}
RESULT: {"using":"xpath","value":"//li[.//span[contains(text(),'558 -')]]"}
COMMAND: POST /session/1078df7af42110589ce6729fcfa5b6f8/elements - {"using":"xpath","value":"//li[.//span[contains(text(),'558 -')]]"}
RESULT: {"using":"xpath","value":"//li[.//span[contains(text(),'558 -')]]"}
COMMAND: POST /session/1078df7af42110589ce6729fcfa5b6f8/elements - {"using":"xpath","value":"//li[.//span[contains(text(),'558 -')]]"}
RESULT: {"using":"xpath","value":"//li[.//span[contains(text(),'558 -')]]"}
COMMAND: POST /session/1078df7af42110589ce6729fcfa5b6f8/elements - {"using":"xpath","value":"//li[.//span[contains(text(),'558 -')]]"}
RESULT: {"using":"xpath","value":"//li[.//span[contains(text(),'558 -')]]"}
COMMAND: POST /session/1078df7af42110589ce6729fcfa5b6f8/elements - {"using":"xpath","value":"//li[.//span[contains(text(),'558 -')]]"}
RESULT: {"using":"xpath","value":"//li[.//span[contains(text(),'558 -')]]"}
COMMAND: POST /session/1078df7af42110589ce6729fcfa5b6f8/elements - {"using":"xpath","value":"//li[.//span[contains(text(),'558 -')]]"}
RESULT: {"using":"xpath","value":"//li[.//span[contains(text(),'558 -')]]"}
COMMAND: POST /session/1078df7af42110589ce6729fcfa5b6f8/elements - {"using":"xpath","value":"//li[.//span[contains(text(),'558 -')]]"}
RESULT: {"using":"xpath","value":"//li[.//span[contains(text(),'558 -')]]"}
COMMAND: POST /session/1078df7af42110589ce6729fcfa5b6f8/elements - {"using":"xpath","value":"//li[.//span[contains(text(),'558 -')]]"}
RESULT: {"using":"xpath","value":"//li[.//span[contains(text(),'558 -')]]"}
COMMAND: POST /session/1078df7af42110589ce6729fcfa5b6f8/elements - {"using":"xpath","value":"//li[.//span[contains(text(),'558 -')]]"}
RESULT: {"using":"xpath","value":"//li[.//span[contains(text(),'558 -')]]"}
COMMAND: POST /session/1078df7af42110589ce6729fcfa5b6f8/elements - {"using":"xpath","value":"//li[.//span[contains(text(),'558 -')]]"}
RESULT: {"using":"xpath","value":"//li[.//span[contains(text(),'558 -')]]"}
COMMAND: POST /session/1078df7af42110589ce6729fcfa5b6f8/elements - {"using":"xpath","value":"//li[.//span[contains(text(),'558 -')]]"}
RESULT: {"using":"xpath","value":"//li[.//span[contains(text(),'558 -')]]"}
COMMAND: POST /session/1078df7af42110589ce6729fcfa5b6f8/elements - {"using":"xpath","value":"//li[.//span[contains(text(),'558 -')]]"}
RESULT: {"using":"xpath","value":"//li[.//span[contains(text(),'558 -')]]"}
COMMAND: POST /session/1078df7af42110589ce6729fcfa5b6f8/elements - {"using":"xpath","value":"//li[.//span[contains(text(),'558 -')]]"}
RESULT: {"using":"xpath","value":"//li[.//span[contains(text(),'558 -')]]"}
COMMAND: POST /session/1078df7af42110589ce6729fcfa5b6f8/elements - {"using":"xpath","value":"//li[.//span[contains(text(),'558 -')]]"}
RESULT: {"using":"xpath","value":"//li[.//span[contains(text(),'558 -')]]"}
COMMAND: POST /session/1078df7af42110589ce6729fcfa5b6f8/elements - {"using":"xpath","value":"//li[.//span[contains(text(),'558 -')]]"}
RESULT: {"using":"xpath","value":"//li[.//span[contains(text(),'558 -')]]"}
COMMAND: POST /session/1078df7af42110589ce6729fcfa5b6f8/elements - {"using":"xpath","value":"//li[.//span[contains(text(),'558 -')]]"}
RESULT: {"using":"xpath","value":"//li[.//span[contains(text(),'558 -')]]"}
COMMAND: POST /session/1078df7af42110589ce6729fcfa5b6f8/elements - {"using":"xpath","value":"//li[.//span[contains(text(),'558 -')]]"}
RESULT: {"using":"xpath","value":"//li[.//span[contains(text(),'558 -')]]"}
COMMAND: POST /session/1078df7af42110589ce6729fcfa5b6f8/elements - {"using":"xpath","value":"//li[.//span[contains(text(),'558 -')]]"}
RESULT: {"using":"xpath","value":"//li[.//span[contains(text(),'558 -')]]"}
COMMAND: POST /session/1078df7af42110589ce6729fcfa5b6f8/elements - {"using":"xpath","value":"//li[.//span[contains(text(),'558 -')]]"}
RESULT: {"using":"xpath","value":"//li[.//span[contains(text(),'558 -')]]"}
COMMAND: POST /session/1078df7af42110589ce6729fcfa5b6f8/elements - {"using":"xpath","value":"//li[.//span[contains(text(),'558 -')]]"}
RESULT: {"using":"xpath","value":"//li[.//span[contains(text(),'558 -')]]"}
COMMAND: POST /session/1078df7af42110589ce6729fcfa5b6f8/elements - {"using":"xpath","value":"//li[.//span[contains(text(),'558 -')]]"}
RESULT: {"using":"xpath","value":"//li[.//span[contains(text(),'558 -')]]"}
COMMAND: POST /session/1078df7af42110589ce6729fcfa5b6f8/elements - {"using":"xpath","value":"//li[.//span[contains(text(),'558 -')]]"}
RESULT: {"using":"xpath","value":"//li[.//span[contains(text(),'558 -')]]"}
COMMAND: POST /session/1078df7af42110589ce6729fcfa5b6f8/elements - {"using":"xpath","value":"//li[.//span[contains(text(),'558 -')]]"}
RESULT: {"using":"xpath","value":"//li[.//span[contains(text(),'558 -')]]"}
COMMAND: POST /session/1078df7af42110589ce6729fcfa5b6f8/elements - {"using":"xpath","value":"//li[.//span[contains(text(),'558 -')]]"}
RESULT: {"using":"xpath","value":"//li[.//span[contains(text(),'558 -')]]"}
COMMAND: POST /session/1078df7af42110589ce6729fcfa5b6f8/elements - {"using":"xpath","value":"//li[.//span[contains(text(),'558 -')]]"}
RESULT: {"using":"xpath","value":"//li[.//span[contains(text(),'558 -')]]"}
COMMAND: POST /session/1078df7af42110589ce6729fcfa5b6f8/elements - {"using":"xpath","value":"//li[.//span[contains(text(),'558 -')]]"}
RESULT: {"using":"xpath","value":"//li[.//span[contains(text(),'558 -')]]"}
COMMAND: POST /session/1078df7af42110589ce6729fcfa5b6f8/elements - {"using":"xpath","value":"//li[.//span[contains(text(),'558 -')]]"}
RESULT: {"using":"xpath","value":"//li[.//span[contains(text(),'558 -')]]"}
COMMAND: POST /session/1078df7af42110589ce6729fcfa5b6f8/elements - {"using":"xpath","value":"//li[.//span[contains(text(),'558 -')]]"}
RESULT: {"using":"xpath","value":"//li[.//span[contains(text(),'558 -')]]"}
COMMAND: POST /session/1078df7af42110589ce6729fcfa5b6f8/elements - {"using":"xpath","value":"//li[.//span[contains(text(),'558 -')]]"}
RESULT: {"using":"xpath","value":"//li[.//span[contains(text(),'558 -')]]"}
COMMAND: POST /session/1078df7af42110589ce6729fcfa5b6f8/elements - {"using":"xpath","value":"//li[.//span[contains(text(),'558 -')]]"}
RESULT: {"using":"xpath","value":"//li[.//span[contains(text(),'558 -')]]"}
COMMAND: POST /session/1078df7af42110589ce6729fcfa5b6f8/elements - {"using":"xpath","value":"//li[.//span[contains(text(),'558 -')]]"}
RESULT: {"using":"xpath","value":"//li[.//span[contains(text(),'558 -')]]"}
COMMAND: POST /session/1078df7af42110589ce6729fcfa5b6f8/elements - {"using":"xpath","value":"//li[.//span[contains(text(),'558 -')]]"}
RESULT: {"using":"xpath","value":"//li[.//span[contains(text(),'558 -')]]"}
COMMAND: POST /session/1078df7af42110589ce6729fcfa5b6f8/elements - {"using":"xpath","value":"//li[.//span[contains(text(),'558 -')]]"}
RESULT: {"using":"xpath","value":"//li[.//span[contains(text(),'558 -')]]"}
COMMAND: POST /session/1078df7af42110589ce6729fcfa5b6f8/elements - {"using":"xpath","value":"//li[.//span[contains(text(),'558 -')]]"}
RESULT: {"using":"xpath","value":"//li[.//span[contains(text(),'558 -')]]"}
COMMAND: POST /session/1078df7af42110589ce6729fcfa5b6f8/elements - {"using":"xpath","value":"//li[.//span[contains(text(),'558 -')]]"}
RESULT: {"using":"xpath","value":"//li[.//span[contains(text(),'558 -')]]"}
COMMAND: POST /session/1078df7af42110589ce6729fcfa5b6f8/elements - {"using":"xpath","value":"//li[.//span[contains(text(),'558 -')]]"}
RESULT: {"using":"xpath","value":"//li[.//span[contains(text(),'558 -')]]"}
COMMAND: POST /session/1078df7af42110589ce6729fcfa5b6f8/elements - {"using":"xpath","value":"//li[.//span[contains(text(),'558 -')]]"}
RESULT: {"using":"xpath","value":"//li[.//span[contains(text(),'558 -')]]"}
COMMAND: POST /session/1078df7af42110589ce6729fcfa5b6f8/elements - {"using":"xpath","value":"//li[.//span[contains(text(),'558 -')]]"}
RESULT: {"using":"xpath","value":"//li[.//span[contains(text(),'558 -')]]"}
COMMAND: POST /session/1078df7af42110589ce6729fcfa5b6f8/elements - {"using":"xpath","value":"//li[.//span[contains(text(),'558 -')]]"}
RESULT: {"using":"xpath","value":"//li[.//span[contains(text(),'558 -')]]"}
COMMAND: POST /session/1078df7af42110589ce6729fcfa5b6f8/elements - {"using":"xpath","value":"//li[.//span[contains(text(),'558 -')]]"}
RESULT: {"using":"xpath","value":"//li[.//span[contains(text(),'558 -')]]"}
COMMAND: POST /session/1078df7af42110589ce6729fcfa5b6f8/elements - {"using":"xpath","value":"//li[.//span[contains(text(),'558 -')]]"}
RESULT: {"using":"xpath","value":"//li[.//span[contains(text(),'558 -')]]"}
COMMAND: POST /session/1078df7af42110589ce6729fcfa5b6f8/elements - {"using":"xpath","value":"//li[.//span[contains(text(),'558 -')]]"}
RESULT: {"using":"xpath","value":"//li[.//span[contains(text(),'558 -')]]"}
COMMAND: POST /session/1078df7af42110589ce6729fcfa5b6f8/elements - {"using":"xpath","value":"//li[.//span[contains(text(),'558 -')]]"}
RESULT: {"using":"xpath","value":"//li[.//span[contains(text(),'558 -')]]"}
COMMAND: POST /session/1078df7af42110589ce6729fcfa5b6f8/elements - {"using":"xpath","value":"//li[.//span[contains(text(),'558 -')]]"}
RESULT: {"using":"xpath","value":"//li[.//span[contains(text(),'558 -')]]"}
COMMAND: POST /session/1078df7af42110589ce6729fcfa5b6f8/elements - {"using":"xpath","value":"//li[.//span[contains(text(),'558 -')]]"}
RESULT: {"using":"xpath","value":"//li[.//span[contains(text(),'558 -')]]"}
COMMAND: POST /session/1078df7af42110589ce6729fcfa5b6f8/elements - {"using":"xpath","value":"//li[.//span[contains(text(),'558 -')]]"}
RESULT: {"using":"xpath","value":"//li[.//span[contains(text(),'558 -')]]"}
COMMAND: POST /session/1078df7af42110589ce6729fcfa5b6f8/elements - {"using":"xpath","value":"//li[.//span[contains(text(),'558 -')]]"}
RESULT: {"using":"xpath","value":"//li[.//span[contains(text(),'558 -')]]"}
COMMAND: POST /session/1078df7af42110589ce6729fcfa5b6f8/elements - {"using":"xpath","value":"//li[.//span[contains(text(),'558 -')]]"}
RESULT: {"using":"xpath","value":"//li[.//span[contains(text(),'558 -')]]"}
COMMAND: POST /session/1078df7af42110589ce6729fcfa5b6f8/elements - {"using":"xpath","value":"//li[.//span[contains(text(),'558 -')]]"}
RESULT: {"using":"xpath","value":"//li[.//span[contains(text(),'558 -')]]"}
COMMAND: POST /session/1078df7af42110589ce6729fcfa5b6f8/elements - {"using":"xpath","value":"//li[.//span[contains(text(),'558 -')]]"}
RESULT: {"using":"xpath","value":"//li[.//span[contains(text(),'558 -')]]"}
COMMAND: POST /session/1078df7af42110589ce6729fcfa5b6f8/elements - {"using":"xpath","value":"//li[.//span[contains(text(),'558 -')]]"}
RESULT: {"using":"xpath","value":"//li[.//span[contains(text(),'558 -')]]"}
COMMAND: POST /session/1078df7af42110589ce6729fcfa5b6f8/elements - {"using":"xpath","value":"//li[.//span[contains(text(),'558 -')]]"}
RESULT: {"using":"xpath","value":"//li[.//span[contains(text(),'558 -')]]"}
COMMAND: POST /session/1078df7af42110589ce6729fcfa5b6f8/elements - {"using":"xpath","value":"//li[.//span[contains(text(),'558 -')]]"}
RESULT: {"using":"xpath","value":"//li[.//span[contains(text(),'558 -')]]"}
COMMAND: POST /session/1078df7af42110589ce6729fcfa5b6f8/elements - {"using":"xpath","value":"//li[.//span[contains(text(),'558 -')]]"}
RESULT: {"using":"xpath","value":"//li[.//span[contains(text(),'558 -')]]"}
COMMAND: POST /session/1078df7af42110589ce6729fcfa5b6f8/elements - {"using":"xpath","value":"//li[.//span[contains(text(),'558 -')]]"}
RESULT: {"using":"xpath","value":"//li[.//span[contains(text(),'558 -')]]"}
COMMAND: GET /session/1078df7af42110589ce6729fcfa5b6f8/screenshot - {}
RESULT: {}
]]></system-out>
      <system-err><![CDATA[
Error: Can't call click on element with selector "//li[.//span[contains(text(),'558 -')]]" because element wasn't found
    at async UtilsPrerequisites.stockIncrease (D:\a\1\s\test\specs\BTS\prerequisites-and-utils-functions.js:1638:9)
    at async Context.<anonymous> (D:\a\1\s\test\specs\BTS\billing-transfer-intercompany.spec.js:57:9)
]]></system-err>
    </testcase>
    <testcase classname="chrome.136_0_7103_93.windows.Billing_Transfer_-_Master_data_&amp;_Intercompany_US127250" name="Should create a new contract" time="60.04">
      <failure/>
      <error message="element (&quot;//button[@data-kt=&quot;addButton&quot;]&quot;) still not existing after 45000ms"/>
      <system-out><![CDATA[
COMMAND: POST /session/1078df7af42110589ce6729fcfa5b6f8/execute/async - {"script":"<script> [1562 bytes]","args":[{"selector":{"controlType":"sap.m.GenericTile","properties":{"header":"Manage Contracts"}},"wdio_ui5_key":"sapm.GenericTile{\"header\":\"Manage Contracts\"}"}]}
COMMAND: GET /session/1078df7af42110589ce6729fcfa5b6f8/screenshot - {}
RESULT: {"script":"<script> [1562 bytes]","args":[{"selector":{"controlType":"sap.m.GenericTile","properties":{"header":"Manage Contracts"}},"wdio_ui5_key":"sapm.GenericTile{\"header\":\"Manage Contracts\"}"}]}
RESULT: undefined
RESULT: {}
COMMAND: POST /session/1078df7af42110589ce6729fcfa5b6f8/elements - {"using":"xpath","value":"//span[text()='Error']"}
RESULT: {"using":"xpath","value":"//span[text()='Error']"}
COMMAND: POST /session/1078df7af42110589ce6729fcfa5b6f8/element - {"using":"xpath","value":"//button[@data-kt=\"addButton\"]"}
RESULT: {"using":"xpath","value":"//button[@data-kt=\"addButton\"]"}
COMMAND: POST /session/1078df7af42110589ce6729fcfa5b6f8/elements - {"using":"xpath","value":"//button[@data-kt=\"addButton\"]"}
RESULT: {"using":"xpath","value":"//button[@data-kt=\"addButton\"]"}
COMMAND: POST /session/1078df7af42110589ce6729fcfa5b6f8/elements - {"using":"xpath","value":"//button[@data-kt=\"addButton\"]"}
RESULT: {"using":"xpath","value":"//button[@data-kt=\"addButton\"]"}
COMMAND: POST /session/1078df7af42110589ce6729fcfa5b6f8/elements - {"using":"xpath","value":"//button[@data-kt=\"addButton\"]"}
RESULT: {"using":"xpath","value":"//button[@data-kt=\"addButton\"]"}
COMMAND: POST /session/1078df7af42110589ce6729fcfa5b6f8/elements - {"using":"xpath","value":"//button[@data-kt=\"addButton\"]"}
RESULT: {"using":"xpath","value":"//button[@data-kt=\"addButton\"]"}
COMMAND: POST /session/1078df7af42110589ce6729fcfa5b6f8/elements - {"using":"xpath","value":"//button[@data-kt=\"addButton\"]"}
RESULT: {"using":"xpath","value":"//button[@data-kt=\"addButton\"]"}
COMMAND: POST /session/1078df7af42110589ce6729fcfa5b6f8/elements - {"using":"xpath","value":"//button[@data-kt=\"addButton\"]"}
RESULT: {"using":"xpath","value":"//button[@data-kt=\"addButton\"]"}
COMMAND: POST /session/1078df7af42110589ce6729fcfa5b6f8/elements - {"using":"xpath","value":"//button[@data-kt=\"addButton\"]"}
RESULT: {"using":"xpath","value":"//button[@data-kt=\"addButton\"]"}
COMMAND: POST /session/1078df7af42110589ce6729fcfa5b6f8/elements - {"using":"xpath","value":"//button[@data-kt=\"addButton\"]"}
RESULT: {"using":"xpath","value":"//button[@data-kt=\"addButton\"]"}
COMMAND: POST /session/1078df7af42110589ce6729fcfa5b6f8/elements - {"using":"xpath","value":"//button[@data-kt=\"addButton\"]"}
RESULT: {"using":"xpath","value":"//button[@data-kt=\"addButton\"]"}
COMMAND: POST /session/1078df7af42110589ce6729fcfa5b6f8/elements - {"using":"xpath","value":"//button[@data-kt=\"addButton\"]"}
RESULT: {"using":"xpath","value":"//button[@data-kt=\"addButton\"]"}
COMMAND: POST /session/1078df7af42110589ce6729fcfa5b6f8/elements - {"using":"xpath","value":"//button[@data-kt=\"addButton\"]"}
RESULT: {"using":"xpath","value":"//button[@data-kt=\"addButton\"]"}
COMMAND: POST /session/1078df7af42110589ce6729fcfa5b6f8/elements - {"using":"xpath","value":"//button[@data-kt=\"addButton\"]"}
RESULT: {"using":"xpath","value":"//button[@data-kt=\"addButton\"]"}
COMMAND: POST /session/1078df7af42110589ce6729fcfa5b6f8/elements - {"using":"xpath","value":"//button[@data-kt=\"addButton\"]"}
RESULT: {"using":"xpath","value":"//button[@data-kt=\"addButton\"]"}
COMMAND: POST /session/1078df7af42110589ce6729fcfa5b6f8/elements - {"using":"xpath","value":"//button[@data-kt=\"addButton\"]"}
RESULT: {"using":"xpath","value":"//button[@data-kt=\"addButton\"]"}
COMMAND: POST /session/1078df7af42110589ce6729fcfa5b6f8/elements - {"using":"xpath","value":"//button[@data-kt=\"addButton\"]"}
RESULT: {"using":"xpath","value":"//button[@data-kt=\"addButton\"]"}
COMMAND: POST /session/1078df7af42110589ce6729fcfa5b6f8/elements - {"using":"xpath","value":"//button[@data-kt=\"addButton\"]"}
RESULT: {"using":"xpath","value":"//button[@data-kt=\"addButton\"]"}
COMMAND: POST /session/1078df7af42110589ce6729fcfa5b6f8/elements - {"using":"xpath","value":"//button[@data-kt=\"addButton\"]"}
RESULT: {"using":"xpath","value":"//button[@data-kt=\"addButton\"]"}
COMMAND: POST /session/1078df7af42110589ce6729fcfa5b6f8/elements - {"using":"xpath","value":"//button[@data-kt=\"addButton\"]"}
RESULT: {"using":"xpath","value":"//button[@data-kt=\"addButton\"]"}
COMMAND: POST /session/1078df7af42110589ce6729fcfa5b6f8/elements - {"using":"xpath","value":"//button[@data-kt=\"addButton\"]"}
RESULT: {"using":"xpath","value":"//button[@data-kt=\"addButton\"]"}
COMMAND: POST /session/1078df7af42110589ce6729fcfa5b6f8/elements - {"using":"xpath","value":"//button[@data-kt=\"addButton\"]"}
RESULT: {"using":"xpath","value":"//button[@data-kt=\"addButton\"]"}
COMMAND: POST /session/1078df7af42110589ce6729fcfa5b6f8/elements - {"using":"xpath","value":"//button[@data-kt=\"addButton\"]"}
RESULT: {"using":"xpath","value":"//button[@data-kt=\"addButton\"]"}
COMMAND: POST /session/1078df7af42110589ce6729fcfa5b6f8/elements - {"using":"xpath","value":"//button[@data-kt=\"addButton\"]"}
RESULT: {"using":"xpath","value":"//button[@data-kt=\"addButton\"]"}
COMMAND: POST /session/1078df7af42110589ce6729fcfa5b6f8/elements - {"using":"xpath","value":"//button[@data-kt=\"addButton\"]"}
RESULT: {"using":"xpath","value":"//button[@data-kt=\"addButton\"]"}
COMMAND: POST /session/1078df7af42110589ce6729fcfa5b6f8/elements - {"using":"xpath","value":"//button[@data-kt=\"addButton\"]"}
RESULT: {"using":"xpath","value":"//button[@data-kt=\"addButton\"]"}
COMMAND: POST /session/1078df7af42110589ce6729fcfa5b6f8/elements - {"using":"xpath","value":"//button[@data-kt=\"addButton\"]"}
RESULT: {"using":"xpath","value":"//button[@data-kt=\"addButton\"]"}
COMMAND: POST /session/1078df7af42110589ce6729fcfa5b6f8/elements - {"using":"xpath","value":"//button[@data-kt=\"addButton\"]"}
RESULT: {"using":"xpath","value":"//button[@data-kt=\"addButton\"]"}
COMMAND: POST /session/1078df7af42110589ce6729fcfa5b6f8/elements - {"using":"xpath","value":"//button[@data-kt=\"addButton\"]"}
RESULT: {"using":"xpath","value":"//button[@data-kt=\"addButton\"]"}
COMMAND: POST /session/1078df7af42110589ce6729fcfa5b6f8/elements - {"using":"xpath","value":"//button[@data-kt=\"addButton\"]"}
RESULT: {"using":"xpath","value":"//button[@data-kt=\"addButton\"]"}
COMMAND: POST /session/1078df7af42110589ce6729fcfa5b6f8/elements - {"using":"xpath","value":"//button[@data-kt=\"addButton\"]"}
RESULT: {"using":"xpath","value":"//button[@data-kt=\"addButton\"]"}
COMMAND: POST /session/1078df7af42110589ce6729fcfa5b6f8/elements - {"using":"xpath","value":"//button[@data-kt=\"addButton\"]"}
RESULT: {"using":"xpath","value":"//button[@data-kt=\"addButton\"]"}
COMMAND: POST /session/1078df7af42110589ce6729fcfa5b6f8/elements - {"using":"xpath","value":"//button[@data-kt=\"addButton\"]"}
RESULT: {"using":"xpath","value":"//button[@data-kt=\"addButton\"]"}
COMMAND: POST /session/1078df7af42110589ce6729fcfa5b6f8/elements - {"using":"xpath","value":"//button[@data-kt=\"addButton\"]"}
RESULT: {"using":"xpath","value":"//button[@data-kt=\"addButton\"]"}
COMMAND: POST /session/1078df7af42110589ce6729fcfa5b6f8/elements - {"using":"xpath","value":"//button[@data-kt=\"addButton\"]"}
RESULT: {"using":"xpath","value":"//button[@data-kt=\"addButton\"]"}
COMMAND: POST /session/1078df7af42110589ce6729fcfa5b6f8/elements - {"using":"xpath","value":"//button[@data-kt=\"addButton\"]"}
RESULT: {"using":"xpath","value":"//button[@data-kt=\"addButton\"]"}
COMMAND: POST /session/1078df7af42110589ce6729fcfa5b6f8/elements - {"using":"xpath","value":"//button[@data-kt=\"addButton\"]"}
RESULT: {"using":"xpath","value":"//button[@data-kt=\"addButton\"]"}
COMMAND: POST /session/1078df7af42110589ce6729fcfa5b6f8/elements - {"using":"xpath","value":"//button[@data-kt=\"addButton\"]"}
RESULT: {"using":"xpath","value":"//button[@data-kt=\"addButton\"]"}
COMMAND: POST /session/1078df7af42110589ce6729fcfa5b6f8/elements - {"using":"xpath","value":"//button[@data-kt=\"addButton\"]"}
RESULT: {"using":"xpath","value":"//button[@data-kt=\"addButton\"]"}
COMMAND: POST /session/1078df7af42110589ce6729fcfa5b6f8/elements - {"using":"xpath","value":"//button[@data-kt=\"addButton\"]"}
RESULT: {"using":"xpath","value":"//button[@data-kt=\"addButton\"]"}
COMMAND: POST /session/1078df7af42110589ce6729fcfa5b6f8/elements - {"using":"xpath","value":"//button[@data-kt=\"addButton\"]"}
RESULT: {"using":"xpath","value":"//button[@data-kt=\"addButton\"]"}
COMMAND: POST /session/1078df7af42110589ce6729fcfa5b6f8/elements - {"using":"xpath","value":"//button[@data-kt=\"addButton\"]"}
RESULT: {"using":"xpath","value":"//button[@data-kt=\"addButton\"]"}
COMMAND: POST /session/1078df7af42110589ce6729fcfa5b6f8/elements - {"using":"xpath","value":"//button[@data-kt=\"addButton\"]"}
RESULT: {"using":"xpath","value":"//button[@data-kt=\"addButton\"]"}
COMMAND: POST /session/1078df7af42110589ce6729fcfa5b6f8/elements - {"using":"xpath","value":"//button[@data-kt=\"addButton\"]"}
RESULT: {"using":"xpath","value":"//button[@data-kt=\"addButton\"]"}
COMMAND: POST /session/1078df7af42110589ce6729fcfa5b6f8/elements - {"using":"xpath","value":"//button[@data-kt=\"addButton\"]"}
RESULT: {"using":"xpath","value":"//button[@data-kt=\"addButton\"]"}
COMMAND: POST /session/1078df7af42110589ce6729fcfa5b6f8/elements - {"using":"xpath","value":"//button[@data-kt=\"addButton\"]"}
RESULT: {"using":"xpath","value":"//button[@data-kt=\"addButton\"]"}
COMMAND: POST /session/1078df7af42110589ce6729fcfa5b6f8/elements - {"using":"xpath","value":"//button[@data-kt=\"addButton\"]"}
RESULT: {"using":"xpath","value":"//button[@data-kt=\"addButton\"]"}
COMMAND: POST /session/1078df7af42110589ce6729fcfa5b6f8/elements - {"using":"xpath","value":"//button[@data-kt=\"addButton\"]"}
RESULT: {"using":"xpath","value":"//button[@data-kt=\"addButton\"]"}
COMMAND: POST /session/1078df7af42110589ce6729fcfa5b6f8/elements - {"using":"xpath","value":"//button[@data-kt=\"addButton\"]"}
RESULT: {"using":"xpath","value":"//button[@data-kt=\"addButton\"]"}
COMMAND: POST /session/1078df7af42110589ce6729fcfa5b6f8/elements - {"using":"xpath","value":"//button[@data-kt=\"addButton\"]"}
RESULT: {"using":"xpath","value":"//button[@data-kt=\"addButton\"]"}
COMMAND: POST /session/1078df7af42110589ce6729fcfa5b6f8/elements - {"using":"xpath","value":"//button[@data-kt=\"addButton\"]"}
RESULT: {"using":"xpath","value":"//button[@data-kt=\"addButton\"]"}
COMMAND: POST /session/1078df7af42110589ce6729fcfa5b6f8/elements - {"using":"xpath","value":"//button[@data-kt=\"addButton\"]"}
RESULT: {"using":"xpath","value":"//button[@data-kt=\"addButton\"]"}
COMMAND: POST /session/1078df7af42110589ce6729fcfa5b6f8/elements - {"using":"xpath","value":"//button[@data-kt=\"addButton\"]"}
RESULT: {"using":"xpath","value":"//button[@data-kt=\"addButton\"]"}
COMMAND: POST /session/1078df7af42110589ce6729fcfa5b6f8/elements - {"using":"xpath","value":"//button[@data-kt=\"addButton\"]"}
RESULT: {"using":"xpath","value":"//button[@data-kt=\"addButton\"]"}
COMMAND: POST /session/1078df7af42110589ce6729fcfa5b6f8/elements - {"using":"xpath","value":"//button[@data-kt=\"addButton\"]"}
RESULT: {"using":"xpath","value":"//button[@data-kt=\"addButton\"]"}
COMMAND: POST /session/1078df7af42110589ce6729fcfa5b6f8/elements - {"using":"xpath","value":"//button[@data-kt=\"addButton\"]"}
RESULT: {"using":"xpath","value":"//button[@data-kt=\"addButton\"]"}
COMMAND: POST /session/1078df7af42110589ce6729fcfa5b6f8/elements - {"using":"xpath","value":"//button[@data-kt=\"addButton\"]"}
RESULT: {"using":"xpath","value":"//button[@data-kt=\"addButton\"]"}
COMMAND: POST /session/1078df7af42110589ce6729fcfa5b6f8/elements - {"using":"xpath","value":"//button[@data-kt=\"addButton\"]"}
RESULT: {"using":"xpath","value":"//button[@data-kt=\"addButton\"]"}
COMMAND: POST /session/1078df7af42110589ce6729fcfa5b6f8/elements - {"using":"xpath","value":"//button[@data-kt=\"addButton\"]"}
RESULT: {"using":"xpath","value":"//button[@data-kt=\"addButton\"]"}
COMMAND: POST /session/1078df7af42110589ce6729fcfa5b6f8/elements - {"using":"xpath","value":"//button[@data-kt=\"addButton\"]"}
RESULT: {"using":"xpath","value":"//button[@data-kt=\"addButton\"]"}
COMMAND: POST /session/1078df7af42110589ce6729fcfa5b6f8/elements - {"using":"xpath","value":"//button[@data-kt=\"addButton\"]"}
RESULT: {"using":"xpath","value":"//button[@data-kt=\"addButton\"]"}
COMMAND: POST /session/1078df7af42110589ce6729fcfa5b6f8/elements - {"using":"xpath","value":"//button[@data-kt=\"addButton\"]"}
RESULT: {"using":"xpath","value":"//button[@data-kt=\"addButton\"]"}
COMMAND: POST /session/1078df7af42110589ce6729fcfa5b6f8/elements - {"using":"xpath","value":"//button[@data-kt=\"addButton\"]"}
RESULT: {"using":"xpath","value":"//button[@data-kt=\"addButton\"]"}
COMMAND: POST /session/1078df7af42110589ce6729fcfa5b6f8/elements - {"using":"xpath","value":"//button[@data-kt=\"addButton\"]"}
RESULT: {"using":"xpath","value":"//button[@data-kt=\"addButton\"]"}
COMMAND: POST /session/1078df7af42110589ce6729fcfa5b6f8/elements - {"using":"xpath","value":"//button[@data-kt=\"addButton\"]"}
RESULT: {"using":"xpath","value":"//button[@data-kt=\"addButton\"]"}
COMMAND: POST /session/1078df7af42110589ce6729fcfa5b6f8/elements - {"using":"xpath","value":"//button[@data-kt=\"addButton\"]"}
RESULT: {"using":"xpath","value":"//button[@data-kt=\"addButton\"]"}
COMMAND: POST /session/1078df7af42110589ce6729fcfa5b6f8/elements - {"using":"xpath","value":"//button[@data-kt=\"addButton\"]"}
RESULT: {"using":"xpath","value":"//button[@data-kt=\"addButton\"]"}
COMMAND: POST /session/1078df7af42110589ce6729fcfa5b6f8/elements - {"using":"xpath","value":"//button[@data-kt=\"addButton\"]"}
RESULT: {"using":"xpath","value":"//button[@data-kt=\"addButton\"]"}
COMMAND: POST /session/1078df7af42110589ce6729fcfa5b6f8/elements - {"using":"xpath","value":"//button[@data-kt=\"addButton\"]"}
RESULT: {"using":"xpath","value":"//button[@data-kt=\"addButton\"]"}
COMMAND: POST /session/1078df7af42110589ce6729fcfa5b6f8/elements - {"using":"xpath","value":"//button[@data-kt=\"addButton\"]"}
RESULT: {"using":"xpath","value":"//button[@data-kt=\"addButton\"]"}
COMMAND: POST /session/1078df7af42110589ce6729fcfa5b6f8/elements - {"using":"xpath","value":"//button[@data-kt=\"addButton\"]"}
RESULT: {"using":"xpath","value":"//button[@data-kt=\"addButton\"]"}
COMMAND: POST /session/1078df7af42110589ce6729fcfa5b6f8/elements - {"using":"xpath","value":"//button[@data-kt=\"addButton\"]"}
RESULT: {"using":"xpath","value":"//button[@data-kt=\"addButton\"]"}
COMMAND: POST /session/1078df7af42110589ce6729fcfa5b6f8/elements - {"using":"xpath","value":"//button[@data-kt=\"addButton\"]"}
RESULT: {"using":"xpath","value":"//button[@data-kt=\"addButton\"]"}
COMMAND: POST /session/1078df7af42110589ce6729fcfa5b6f8/elements - {"using":"xpath","value":"//button[@data-kt=\"addButton\"]"}
RESULT: {"using":"xpath","value":"//button[@data-kt=\"addButton\"]"}
COMMAND: POST /session/1078df7af42110589ce6729fcfa5b6f8/elements - {"using":"xpath","value":"//button[@data-kt=\"addButton\"]"}
RESULT: {"using":"xpath","value":"//button[@data-kt=\"addButton\"]"}
COMMAND: POST /session/1078df7af42110589ce6729fcfa5b6f8/elements - {"using":"xpath","value":"//button[@data-kt=\"addButton\"]"}
RESULT: {"using":"xpath","value":"//button[@data-kt=\"addButton\"]"}
COMMAND: POST /session/1078df7af42110589ce6729fcfa5b6f8/elements - {"using":"xpath","value":"//button[@data-kt=\"addButton\"]"}
RESULT: {"using":"xpath","value":"//button[@data-kt=\"addButton\"]"}
COMMAND: POST /session/1078df7af42110589ce6729fcfa5b6f8/elements - {"using":"xpath","value":"//button[@data-kt=\"addButton\"]"}
RESULT: {"using":"xpath","value":"//button[@data-kt=\"addButton\"]"}
COMMAND: POST /session/1078df7af42110589ce6729fcfa5b6f8/elements - {"using":"xpath","value":"//button[@data-kt=\"addButton\"]"}
RESULT: {"using":"xpath","value":"//button[@data-kt=\"addButton\"]"}
COMMAND: POST /session/1078df7af42110589ce6729fcfa5b6f8/elements - {"using":"xpath","value":"//button[@data-kt=\"addButton\"]"}
RESULT: {"using":"xpath","value":"//button[@data-kt=\"addButton\"]"}
COMMAND: POST /session/1078df7af42110589ce6729fcfa5b6f8/elements - {"using":"xpath","value":"//button[@data-kt=\"addButton\"]"}
RESULT: {"using":"xpath","value":"//button[@data-kt=\"addButton\"]"}
COMMAND: POST /session/1078df7af42110589ce6729fcfa5b6f8/elements - {"using":"xpath","value":"//button[@data-kt=\"addButton\"]"}
RESULT: {"using":"xpath","value":"//button[@data-kt=\"addButton\"]"}
COMMAND: POST /session/1078df7af42110589ce6729fcfa5b6f8/elements - {"using":"xpath","value":"//button[@data-kt=\"addButton\"]"}
RESULT: {"using":"xpath","value":"//button[@data-kt=\"addButton\"]"}
COMMAND: POST /session/1078df7af42110589ce6729fcfa5b6f8/elements - {"using":"xpath","value":"//button[@data-kt=\"addButton\"]"}
RESULT: {"using":"xpath","value":"//button[@data-kt=\"addButton\"]"}
COMMAND: POST /session/1078df7af42110589ce6729fcfa5b6f8/elements - {"using":"xpath","value":"//button[@data-kt=\"addButton\"]"}
RESULT: {"using":"xpath","value":"//button[@data-kt=\"addButton\"]"}
COMMAND: POST /session/1078df7af42110589ce6729fcfa5b6f8/elements - {"using":"xpath","value":"//button[@data-kt=\"addButton\"]"}
RESULT: {"using":"xpath","value":"//button[@data-kt=\"addButton\"]"}
COMMAND: POST /session/1078df7af42110589ce6729fcfa5b6f8/elements - {"using":"xpath","value":"//button[@data-kt=\"addButton\"]"}
RESULT: {"using":"xpath","value":"//button[@data-kt=\"addButton\"]"}
COMMAND: POST /session/1078df7af42110589ce6729fcfa5b6f8/elements - {"using":"xpath","value":"//button[@data-kt=\"addButton\"]"}
RESULT: {"using":"xpath","value":"//button[@data-kt=\"addButton\"]"}
COMMAND: POST /session/1078df7af42110589ce6729fcfa5b6f8/elements - {"using":"xpath","value":"//button[@data-kt=\"addButton\"]"}
RESULT: {"using":"xpath","value":"//button[@data-kt=\"addButton\"]"}
COMMAND: POST /session/1078df7af42110589ce6729fcfa5b6f8/elements - {"using":"xpath","value":"//button[@data-kt=\"addButton\"]"}
RESULT: {"using":"xpath","value":"//button[@data-kt=\"addButton\"]"}
COMMAND: POST /session/1078df7af42110589ce6729fcfa5b6f8/elements - {"using":"xpath","value":"//button[@data-kt=\"addButton\"]"}
RESULT: {"using":"xpath","value":"//button[@data-kt=\"addButton\"]"}
COMMAND: POST /session/1078df7af42110589ce6729fcfa5b6f8/elements - {"using":"xpath","value":"//button[@data-kt=\"addButton\"]"}
RESULT: {"using":"xpath","value":"//button[@data-kt=\"addButton\"]"}
COMMAND: POST /session/1078df7af42110589ce6729fcfa5b6f8/elements - {"using":"xpath","value":"//button[@data-kt=\"addButton\"]"}
COMMAND: GET /session/1078df7af42110589ce6729fcfa5b6f8/screenshot - {}
RESULT: {"using":"xpath","value":"//button[@data-kt=\"addButton\"]"}
RESULT: {}
]]></system-out>
      <system-err><![CDATA[
Error: element ("//button[@data-kt="addButton"]") still not existing after 45000ms
    at async UtilsPrerequisites.contractCreation (D:\a\1\s\test\specs\BTS\prerequisites-and-utils-functions.js:1741:9)
    at async Context.<anonymous> (D:\a\1\s\test\specs\BTS\billing-transfer-intercompany.spec.js:61:45)
]]></system-err>
    </testcase>
    <testcase classname="chrome.136_0_7103_93.windows.Billing_Transfer_-_Master_data_&amp;_Intercompany_US127250" name="Should add equipment to the contract" time="60.389">
      <failure/>
      <error message="Can't call click on element with selector &quot;//button[@data-kt=&quot;contractDetailEditBtnButton&quot;]&quot; because element wasn't found"/>
      <system-out><![CDATA[
COMMAND: POST /session/1078df7af42110589ce6729fcfa5b6f8/element - {"using":"xpath","value":"//button[@data-kt=\"contractDetailEditBtnButton\"]"}
COMMAND: GET /session/1078df7af42110589ce6729fcfa5b6f8/screenshot - {}
RESULT: {"using":"xpath","value":"//button[@data-kt=\"contractDetailEditBtnButton\"]"}
COMMAND: POST /session/1078df7af42110589ce6729fcfa5b6f8/elements - {"using":"xpath","value":"//button[@data-kt=\"contractDetailEditBtnButton\"]"}
RESULT: {}
RESULT: {"using":"xpath","value":"//button[@data-kt=\"contractDetailEditBtnButton\"]"}
COMMAND: POST /session/1078df7af42110589ce6729fcfa5b6f8/elements - {"using":"xpath","value":"//button[@data-kt=\"contractDetailEditBtnButton\"]"}
RESULT: {"using":"xpath","value":"//button[@data-kt=\"contractDetailEditBtnButton\"]"}
COMMAND: POST /session/1078df7af42110589ce6729fcfa5b6f8/elements - {"using":"xpath","value":"//button[@data-kt=\"contractDetailEditBtnButton\"]"}
RESULT: {"using":"xpath","value":"//button[@data-kt=\"contractDetailEditBtnButton\"]"}
COMMAND: POST /session/1078df7af42110589ce6729fcfa5b6f8/elements - {"using":"xpath","value":"//button[@data-kt=\"contractDetailEditBtnButton\"]"}
RESULT: {"using":"xpath","value":"//button[@data-kt=\"contractDetailEditBtnButton\"]"}
COMMAND: POST /session/1078df7af42110589ce6729fcfa5b6f8/elements - {"using":"xpath","value":"//button[@data-kt=\"contractDetailEditBtnButton\"]"}
RESULT: {"using":"xpath","value":"//button[@data-kt=\"contractDetailEditBtnButton\"]"}
COMMAND: POST /session/1078df7af42110589ce6729fcfa5b6f8/elements - {"using":"xpath","value":"//button[@data-kt=\"contractDetailEditBtnButton\"]"}
RESULT: {"using":"xpath","value":"//button[@data-kt=\"contractDetailEditBtnButton\"]"}
COMMAND: POST /session/1078df7af42110589ce6729fcfa5b6f8/elements - {"using":"xpath","value":"//button[@data-kt=\"contractDetailEditBtnButton\"]"}
RESULT: {"using":"xpath","value":"//button[@data-kt=\"contractDetailEditBtnButton\"]"}
COMMAND: POST /session/1078df7af42110589ce6729fcfa5b6f8/elements - {"using":"xpath","value":"//button[@data-kt=\"contractDetailEditBtnButton\"]"}
RESULT: {"using":"xpath","value":"//button[@data-kt=\"contractDetailEditBtnButton\"]"}
COMMAND: POST /session/1078df7af42110589ce6729fcfa5b6f8/elements - {"using":"xpath","value":"//button[@data-kt=\"contractDetailEditBtnButton\"]"}
RESULT: {"using":"xpath","value":"//button[@data-kt=\"contractDetailEditBtnButton\"]"}
COMMAND: POST /session/1078df7af42110589ce6729fcfa5b6f8/elements - {"using":"xpath","value":"//button[@data-kt=\"contractDetailEditBtnButton\"]"}
RESULT: {"using":"xpath","value":"//button[@data-kt=\"contractDetailEditBtnButton\"]"}
COMMAND: POST /session/1078df7af42110589ce6729fcfa5b6f8/elements - {"using":"xpath","value":"//button[@data-kt=\"contractDetailEditBtnButton\"]"}
RESULT: {"using":"xpath","value":"//button[@data-kt=\"contractDetailEditBtnButton\"]"}
COMMAND: POST /session/1078df7af42110589ce6729fcfa5b6f8/elements - {"using":"xpath","value":"//button[@data-kt=\"contractDetailEditBtnButton\"]"}
RESULT: {"using":"xpath","value":"//button[@data-kt=\"contractDetailEditBtnButton\"]"}
COMMAND: POST /session/1078df7af42110589ce6729fcfa5b6f8/elements - {"using":"xpath","value":"//button[@data-kt=\"contractDetailEditBtnButton\"]"}
RESULT: {"using":"xpath","value":"//button[@data-kt=\"contractDetailEditBtnButton\"]"}
COMMAND: POST /session/1078df7af42110589ce6729fcfa5b6f8/elements - {"using":"xpath","value":"//button[@data-kt=\"contractDetailEditBtnButton\"]"}
RESULT: {"using":"xpath","value":"//button[@data-kt=\"contractDetailEditBtnButton\"]"}
COMMAND: POST /session/1078df7af42110589ce6729fcfa5b6f8/elements - {"using":"xpath","value":"//button[@data-kt=\"contractDetailEditBtnButton\"]"}
RESULT: {"using":"xpath","value":"//button[@data-kt=\"contractDetailEditBtnButton\"]"}
COMMAND: POST /session/1078df7af42110589ce6729fcfa5b6f8/elements - {"using":"xpath","value":"//button[@data-kt=\"contractDetailEditBtnButton\"]"}
RESULT: {"using":"xpath","value":"//button[@data-kt=\"contractDetailEditBtnButton\"]"}
COMMAND: POST /session/1078df7af42110589ce6729fcfa5b6f8/elements - {"using":"xpath","value":"//button[@data-kt=\"contractDetailEditBtnButton\"]"}
RESULT: {"using":"xpath","value":"//button[@data-kt=\"contractDetailEditBtnButton\"]"}
COMMAND: POST /session/1078df7af42110589ce6729fcfa5b6f8/elements - {"using":"xpath","value":"//button[@data-kt=\"contractDetailEditBtnButton\"]"}
RESULT: {"using":"xpath","value":"//button[@data-kt=\"contractDetailEditBtnButton\"]"}
COMMAND: POST /session/1078df7af42110589ce6729fcfa5b6f8/elements - {"using":"xpath","value":"//button[@data-kt=\"contractDetailEditBtnButton\"]"}
RESULT: {"using":"xpath","value":"//button[@data-kt=\"contractDetailEditBtnButton\"]"}
COMMAND: POST /session/1078df7af42110589ce6729fcfa5b6f8/elements - {"using":"xpath","value":"//button[@data-kt=\"contractDetailEditBtnButton\"]"}
RESULT: {"using":"xpath","value":"//button[@data-kt=\"contractDetailEditBtnButton\"]"}
COMMAND: POST /session/1078df7af42110589ce6729fcfa5b6f8/elements - {"using":"xpath","value":"//button[@data-kt=\"contractDetailEditBtnButton\"]"}
RESULT: {"using":"xpath","value":"//button[@data-kt=\"contractDetailEditBtnButton\"]"}
COMMAND: POST /session/1078df7af42110589ce6729fcfa5b6f8/elements - {"using":"xpath","value":"//button[@data-kt=\"contractDetailEditBtnButton\"]"}
RESULT: {"using":"xpath","value":"//button[@data-kt=\"contractDetailEditBtnButton\"]"}
COMMAND: POST /session/1078df7af42110589ce6729fcfa5b6f8/elements - {"using":"xpath","value":"//button[@data-kt=\"contractDetailEditBtnButton\"]"}
RESULT: {"using":"xpath","value":"//button[@data-kt=\"contractDetailEditBtnButton\"]"}
COMMAND: POST /session/1078df7af42110589ce6729fcfa5b6f8/elements - {"using":"xpath","value":"//button[@data-kt=\"contractDetailEditBtnButton\"]"}
RESULT: {"using":"xpath","value":"//button[@data-kt=\"contractDetailEditBtnButton\"]"}
COMMAND: POST /session/1078df7af42110589ce6729fcfa5b6f8/elements - {"using":"xpath","value":"//button[@data-kt=\"contractDetailEditBtnButton\"]"}
RESULT: {"using":"xpath","value":"//button[@data-kt=\"contractDetailEditBtnButton\"]"}
COMMAND: POST /session/1078df7af42110589ce6729fcfa5b6f8/elements - {"using":"xpath","value":"//button[@data-kt=\"contractDetailEditBtnButton\"]"}
RESULT: {"using":"xpath","value":"//button[@data-kt=\"contractDetailEditBtnButton\"]"}
COMMAND: POST /session/1078df7af42110589ce6729fcfa5b6f8/elements - {"using":"xpath","value":"//button[@data-kt=\"contractDetailEditBtnButton\"]"}
RESULT: {"using":"xpath","value":"//button[@data-kt=\"contractDetailEditBtnButton\"]"}
COMMAND: POST /session/1078df7af42110589ce6729fcfa5b6f8/elements - {"using":"xpath","value":"//button[@data-kt=\"contractDetailEditBtnButton\"]"}
RESULT: {"using":"xpath","value":"//button[@data-kt=\"contractDetailEditBtnButton\"]"}
COMMAND: POST /session/1078df7af42110589ce6729fcfa5b6f8/elements - {"using":"xpath","value":"//button[@data-kt=\"contractDetailEditBtnButton\"]"}
RESULT: {"using":"xpath","value":"//button[@data-kt=\"contractDetailEditBtnButton\"]"}
COMMAND: POST /session/1078df7af42110589ce6729fcfa5b6f8/elements - {"using":"xpath","value":"//button[@data-kt=\"contractDetailEditBtnButton\"]"}
RESULT: {"using":"xpath","value":"//button[@data-kt=\"contractDetailEditBtnButton\"]"}
COMMAND: POST /session/1078df7af42110589ce6729fcfa5b6f8/elements - {"using":"xpath","value":"//button[@data-kt=\"contractDetailEditBtnButton\"]"}
RESULT: {"using":"xpath","value":"//button[@data-kt=\"contractDetailEditBtnButton\"]"}
COMMAND: POST /session/1078df7af42110589ce6729fcfa5b6f8/elements - {"using":"xpath","value":"//button[@data-kt=\"contractDetailEditBtnButton\"]"}
RESULT: {"using":"xpath","value":"//button[@data-kt=\"contractDetailEditBtnButton\"]"}
COMMAND: POST /session/1078df7af42110589ce6729fcfa5b6f8/elements - {"using":"xpath","value":"//button[@data-kt=\"contractDetailEditBtnButton\"]"}
RESULT: {"using":"xpath","value":"//button[@data-kt=\"contractDetailEditBtnButton\"]"}
COMMAND: POST /session/1078df7af42110589ce6729fcfa5b6f8/elements - {"using":"xpath","value":"//button[@data-kt=\"contractDetailEditBtnButton\"]"}
RESULT: {"using":"xpath","value":"//button[@data-kt=\"contractDetailEditBtnButton\"]"}
COMMAND: POST /session/1078df7af42110589ce6729fcfa5b6f8/elements - {"using":"xpath","value":"//button[@data-kt=\"contractDetailEditBtnButton\"]"}
RESULT: {"using":"xpath","value":"//button[@data-kt=\"contractDetailEditBtnButton\"]"}
COMMAND: POST /session/1078df7af42110589ce6729fcfa5b6f8/elements - {"using":"xpath","value":"//button[@data-kt=\"contractDetailEditBtnButton\"]"}
RESULT: {"using":"xpath","value":"//button[@data-kt=\"contractDetailEditBtnButton\"]"}
COMMAND: POST /session/1078df7af42110589ce6729fcfa5b6f8/elements - {"using":"xpath","value":"//button[@data-kt=\"contractDetailEditBtnButton\"]"}
RESULT: {"using":"xpath","value":"//button[@data-kt=\"contractDetailEditBtnButton\"]"}
COMMAND: POST /session/1078df7af42110589ce6729fcfa5b6f8/elements - {"using":"xpath","value":"//button[@data-kt=\"contractDetailEditBtnButton\"]"}
RESULT: {"using":"xpath","value":"//button[@data-kt=\"contractDetailEditBtnButton\"]"}
COMMAND: POST /session/1078df7af42110589ce6729fcfa5b6f8/elements - {"using":"xpath","value":"//button[@data-kt=\"contractDetailEditBtnButton\"]"}
RESULT: {"using":"xpath","value":"//button[@data-kt=\"contractDetailEditBtnButton\"]"}
COMMAND: POST /session/1078df7af42110589ce6729fcfa5b6f8/elements - {"using":"xpath","value":"//button[@data-kt=\"contractDetailEditBtnButton\"]"}
RESULT: {"using":"xpath","value":"//button[@data-kt=\"contractDetailEditBtnButton\"]"}
COMMAND: POST /session/1078df7af42110589ce6729fcfa5b6f8/elements - {"using":"xpath","value":"//button[@data-kt=\"contractDetailEditBtnButton\"]"}
RESULT: {"using":"xpath","value":"//button[@data-kt=\"contractDetailEditBtnButton\"]"}
COMMAND: POST /session/1078df7af42110589ce6729fcfa5b6f8/elements - {"using":"xpath","value":"//button[@data-kt=\"contractDetailEditBtnButton\"]"}
RESULT: {"using":"xpath","value":"//button[@data-kt=\"contractDetailEditBtnButton\"]"}
COMMAND: POST /session/1078df7af42110589ce6729fcfa5b6f8/elements - {"using":"xpath","value":"//button[@data-kt=\"contractDetailEditBtnButton\"]"}
RESULT: {"using":"xpath","value":"//button[@data-kt=\"contractDetailEditBtnButton\"]"}
COMMAND: POST /session/1078df7af42110589ce6729fcfa5b6f8/elements - {"using":"xpath","value":"//button[@data-kt=\"contractDetailEditBtnButton\"]"}
RESULT: {"using":"xpath","value":"//button[@data-kt=\"contractDetailEditBtnButton\"]"}
COMMAND: POST /session/1078df7af42110589ce6729fcfa5b6f8/elements - {"using":"xpath","value":"//button[@data-kt=\"contractDetailEditBtnButton\"]"}
RESULT: {"using":"xpath","value":"//button[@data-kt=\"contractDetailEditBtnButton\"]"}
COMMAND: POST /session/1078df7af42110589ce6729fcfa5b6f8/elements - {"using":"xpath","value":"//button[@data-kt=\"contractDetailEditBtnButton\"]"}
RESULT: {"using":"xpath","value":"//button[@data-kt=\"contractDetailEditBtnButton\"]"}
COMMAND: POST /session/1078df7af42110589ce6729fcfa5b6f8/elements - {"using":"xpath","value":"//button[@data-kt=\"contractDetailEditBtnButton\"]"}
RESULT: {"using":"xpath","value":"//button[@data-kt=\"contractDetailEditBtnButton\"]"}
COMMAND: POST /session/1078df7af42110589ce6729fcfa5b6f8/elements - {"using":"xpath","value":"//button[@data-kt=\"contractDetailEditBtnButton\"]"}
RESULT: {"using":"xpath","value":"//button[@data-kt=\"contractDetailEditBtnButton\"]"}
COMMAND: POST /session/1078df7af42110589ce6729fcfa5b6f8/elements - {"using":"xpath","value":"//button[@data-kt=\"contractDetailEditBtnButton\"]"}
RESULT: {"using":"xpath","value":"//button[@data-kt=\"contractDetailEditBtnButton\"]"}
COMMAND: POST /session/1078df7af42110589ce6729fcfa5b6f8/elements - {"using":"xpath","value":"//button[@data-kt=\"contractDetailEditBtnButton\"]"}
RESULT: {"using":"xpath","value":"//button[@data-kt=\"contractDetailEditBtnButton\"]"}
COMMAND: POST /session/1078df7af42110589ce6729fcfa5b6f8/elements - {"using":"xpath","value":"//button[@data-kt=\"contractDetailEditBtnButton\"]"}
RESULT: {"using":"xpath","value":"//button[@data-kt=\"contractDetailEditBtnButton\"]"}
COMMAND: POST /session/1078df7af42110589ce6729fcfa5b6f8/elements - {"using":"xpath","value":"//button[@data-kt=\"contractDetailEditBtnButton\"]"}
RESULT: {"using":"xpath","value":"//button[@data-kt=\"contractDetailEditBtnButton\"]"}
COMMAND: POST /session/1078df7af42110589ce6729fcfa5b6f8/elements - {"using":"xpath","value":"//button[@data-kt=\"contractDetailEditBtnButton\"]"}
RESULT: {"using":"xpath","value":"//button[@data-kt=\"contractDetailEditBtnButton\"]"}
COMMAND: POST /session/1078df7af42110589ce6729fcfa5b6f8/elements - {"using":"xpath","value":"//button[@data-kt=\"contractDetailEditBtnButton\"]"}
RESULT: {"using":"xpath","value":"//button[@data-kt=\"contractDetailEditBtnButton\"]"}
COMMAND: POST /session/1078df7af42110589ce6729fcfa5b6f8/elements - {"using":"xpath","value":"//button[@data-kt=\"contractDetailEditBtnButton\"]"}
RESULT: {"using":"xpath","value":"//button[@data-kt=\"contractDetailEditBtnButton\"]"}
COMMAND: POST /session/1078df7af42110589ce6729fcfa5b6f8/elements - {"using":"xpath","value":"//button[@data-kt=\"contractDetailEditBtnButton\"]"}
RESULT: {"using":"xpath","value":"//button[@data-kt=\"contractDetailEditBtnButton\"]"}
COMMAND: POST /session/1078df7af42110589ce6729fcfa5b6f8/elements - {"using":"xpath","value":"//button[@data-kt=\"contractDetailEditBtnButton\"]"}
RESULT: {"using":"xpath","value":"//button[@data-kt=\"contractDetailEditBtnButton\"]"}
COMMAND: POST /session/1078df7af42110589ce6729fcfa5b6f8/elements - {"using":"xpath","value":"//button[@data-kt=\"contractDetailEditBtnButton\"]"}
RESULT: {"using":"xpath","value":"//button[@data-kt=\"contractDetailEditBtnButton\"]"}
COMMAND: POST /session/1078df7af42110589ce6729fcfa5b6f8/elements - {"using":"xpath","value":"//button[@data-kt=\"contractDetailEditBtnButton\"]"}
RESULT: {"using":"xpath","value":"//button[@data-kt=\"contractDetailEditBtnButton\"]"}
COMMAND: POST /session/1078df7af42110589ce6729fcfa5b6f8/elements - {"using":"xpath","value":"//button[@data-kt=\"contractDetailEditBtnButton\"]"}
RESULT: {"using":"xpath","value":"//button[@data-kt=\"contractDetailEditBtnButton\"]"}
COMMAND: POST /session/1078df7af42110589ce6729fcfa5b6f8/elements - {"using":"xpath","value":"//button[@data-kt=\"contractDetailEditBtnButton\"]"}
RESULT: {"using":"xpath","value":"//button[@data-kt=\"contractDetailEditBtnButton\"]"}
COMMAND: POST /session/1078df7af42110589ce6729fcfa5b6f8/elements - {"using":"xpath","value":"//button[@data-kt=\"contractDetailEditBtnButton\"]"}
RESULT: {"using":"xpath","value":"//button[@data-kt=\"contractDetailEditBtnButton\"]"}
COMMAND: POST /session/1078df7af42110589ce6729fcfa5b6f8/elements - {"using":"xpath","value":"//button[@data-kt=\"contractDetailEditBtnButton\"]"}
RESULT: {"using":"xpath","value":"//button[@data-kt=\"contractDetailEditBtnButton\"]"}
COMMAND: POST /session/1078df7af42110589ce6729fcfa5b6f8/elements - {"using":"xpath","value":"//button[@data-kt=\"contractDetailEditBtnButton\"]"}
RESULT: {"using":"xpath","value":"//button[@data-kt=\"contractDetailEditBtnButton\"]"}
COMMAND: POST /session/1078df7af42110589ce6729fcfa5b6f8/elements - {"using":"xpath","value":"//button[@data-kt=\"contractDetailEditBtnButton\"]"}
RESULT: {"using":"xpath","value":"//button[@data-kt=\"contractDetailEditBtnButton\"]"}
COMMAND: POST /session/1078df7af42110589ce6729fcfa5b6f8/elements - {"using":"xpath","value":"//button[@data-kt=\"contractDetailEditBtnButton\"]"}
RESULT: {"using":"xpath","value":"//button[@data-kt=\"contractDetailEditBtnButton\"]"}
COMMAND: POST /session/1078df7af42110589ce6729fcfa5b6f8/elements - {"using":"xpath","value":"//button[@data-kt=\"contractDetailEditBtnButton\"]"}
RESULT: {"using":"xpath","value":"//button[@data-kt=\"contractDetailEditBtnButton\"]"}
COMMAND: POST /session/1078df7af42110589ce6729fcfa5b6f8/elements - {"using":"xpath","value":"//button[@data-kt=\"contractDetailEditBtnButton\"]"}
RESULT: {"using":"xpath","value":"//button[@data-kt=\"contractDetailEditBtnButton\"]"}
COMMAND: POST /session/1078df7af42110589ce6729fcfa5b6f8/elements - {"using":"xpath","value":"//button[@data-kt=\"contractDetailEditBtnButton\"]"}
RESULT: {"using":"xpath","value":"//button[@data-kt=\"contractDetailEditBtnButton\"]"}
COMMAND: POST /session/1078df7af42110589ce6729fcfa5b6f8/elements - {"using":"xpath","value":"//button[@data-kt=\"contractDetailEditBtnButton\"]"}
RESULT: {"using":"xpath","value":"//button[@data-kt=\"contractDetailEditBtnButton\"]"}
COMMAND: POST /session/1078df7af42110589ce6729fcfa5b6f8/elements - {"using":"xpath","value":"//button[@data-kt=\"contractDetailEditBtnButton\"]"}
RESULT: {"using":"xpath","value":"//button[@data-kt=\"contractDetailEditBtnButton\"]"}
COMMAND: POST /session/1078df7af42110589ce6729fcfa5b6f8/elements - {"using":"xpath","value":"//button[@data-kt=\"contractDetailEditBtnButton\"]"}
RESULT: {"using":"xpath","value":"//button[@data-kt=\"contractDetailEditBtnButton\"]"}
COMMAND: POST /session/1078df7af42110589ce6729fcfa5b6f8/elements - {"using":"xpath","value":"//button[@data-kt=\"contractDetailEditBtnButton\"]"}
RESULT: {"using":"xpath","value":"//button[@data-kt=\"contractDetailEditBtnButton\"]"}
COMMAND: POST /session/1078df7af42110589ce6729fcfa5b6f8/elements - {"using":"xpath","value":"//button[@data-kt=\"contractDetailEditBtnButton\"]"}
RESULT: {"using":"xpath","value":"//button[@data-kt=\"contractDetailEditBtnButton\"]"}
COMMAND: POST /session/1078df7af42110589ce6729fcfa5b6f8/elements - {"using":"xpath","value":"//button[@data-kt=\"contractDetailEditBtnButton\"]"}
RESULT: {"using":"xpath","value":"//button[@data-kt=\"contractDetailEditBtnButton\"]"}
COMMAND: POST /session/1078df7af42110589ce6729fcfa5b6f8/elements - {"using":"xpath","value":"//button[@data-kt=\"contractDetailEditBtnButton\"]"}
RESULT: {"using":"xpath","value":"//button[@data-kt=\"contractDetailEditBtnButton\"]"}
COMMAND: POST /session/1078df7af42110589ce6729fcfa5b6f8/elements - {"using":"xpath","value":"//button[@data-kt=\"contractDetailEditBtnButton\"]"}
RESULT: {"using":"xpath","value":"//button[@data-kt=\"contractDetailEditBtnButton\"]"}
COMMAND: POST /session/1078df7af42110589ce6729fcfa5b6f8/elements - {"using":"xpath","value":"//button[@data-kt=\"contractDetailEditBtnButton\"]"}
RESULT: {"using":"xpath","value":"//button[@data-kt=\"contractDetailEditBtnButton\"]"}
COMMAND: POST /session/1078df7af42110589ce6729fcfa5b6f8/elements - {"using":"xpath","value":"//button[@data-kt=\"contractDetailEditBtnButton\"]"}
RESULT: {"using":"xpath","value":"//button[@data-kt=\"contractDetailEditBtnButton\"]"}
COMMAND: POST /session/1078df7af42110589ce6729fcfa5b6f8/elements - {"using":"xpath","value":"//button[@data-kt=\"contractDetailEditBtnButton\"]"}
RESULT: {"using":"xpath","value":"//button[@data-kt=\"contractDetailEditBtnButton\"]"}
COMMAND: POST /session/1078df7af42110589ce6729fcfa5b6f8/elements - {"using":"xpath","value":"//button[@data-kt=\"contractDetailEditBtnButton\"]"}
RESULT: {"using":"xpath","value":"//button[@data-kt=\"contractDetailEditBtnButton\"]"}
COMMAND: POST /session/1078df7af42110589ce6729fcfa5b6f8/elements - {"using":"xpath","value":"//button[@data-kt=\"contractDetailEditBtnButton\"]"}
RESULT: {"using":"xpath","value":"//button[@data-kt=\"contractDetailEditBtnButton\"]"}
COMMAND: POST /session/1078df7af42110589ce6729fcfa5b6f8/elements - {"using":"xpath","value":"//button[@data-kt=\"contractDetailEditBtnButton\"]"}
RESULT: {"using":"xpath","value":"//button[@data-kt=\"contractDetailEditBtnButton\"]"}
COMMAND: POST /session/1078df7af42110589ce6729fcfa5b6f8/elements - {"using":"xpath","value":"//button[@data-kt=\"contractDetailEditBtnButton\"]"}
RESULT: {"using":"xpath","value":"//button[@data-kt=\"contractDetailEditBtnButton\"]"}
COMMAND: POST /session/1078df7af42110589ce6729fcfa5b6f8/elements - {"using":"xpath","value":"//button[@data-kt=\"contractDetailEditBtnButton\"]"}
RESULT: {"using":"xpath","value":"//button[@data-kt=\"contractDetailEditBtnButton\"]"}
COMMAND: POST /session/1078df7af42110589ce6729fcfa5b6f8/elements - {"using":"xpath","value":"//button[@data-kt=\"contractDetailEditBtnButton\"]"}
RESULT: {"using":"xpath","value":"//button[@data-kt=\"contractDetailEditBtnButton\"]"}
COMMAND: POST /session/1078df7af42110589ce6729fcfa5b6f8/elements - {"using":"xpath","value":"//button[@data-kt=\"contractDetailEditBtnButton\"]"}
RESULT: {"using":"xpath","value":"//button[@data-kt=\"contractDetailEditBtnButton\"]"}
COMMAND: POST /session/1078df7af42110589ce6729fcfa5b6f8/elements - {"using":"xpath","value":"//button[@data-kt=\"contractDetailEditBtnButton\"]"}
RESULT: {"using":"xpath","value":"//button[@data-kt=\"contractDetailEditBtnButton\"]"}
COMMAND: POST /session/1078df7af42110589ce6729fcfa5b6f8/elements - {"using":"xpath","value":"//button[@data-kt=\"contractDetailEditBtnButton\"]"}
RESULT: {"using":"xpath","value":"//button[@data-kt=\"contractDetailEditBtnButton\"]"}
COMMAND: POST /session/1078df7af42110589ce6729fcfa5b6f8/elements - {"using":"xpath","value":"//button[@data-kt=\"contractDetailEditBtnButton\"]"}
RESULT: {"using":"xpath","value":"//button[@data-kt=\"contractDetailEditBtnButton\"]"}
COMMAND: POST /session/1078df7af42110589ce6729fcfa5b6f8/elements - {"using":"xpath","value":"//button[@data-kt=\"contractDetailEditBtnButton\"]"}
RESULT: {"using":"xpath","value":"//button[@data-kt=\"contractDetailEditBtnButton\"]"}
COMMAND: POST /session/1078df7af42110589ce6729fcfa5b6f8/elements - {"using":"xpath","value":"//button[@data-kt=\"contractDetailEditBtnButton\"]"}
RESULT: {"using":"xpath","value":"//button[@data-kt=\"contractDetailEditBtnButton\"]"}
COMMAND: POST /session/1078df7af42110589ce6729fcfa5b6f8/elements - {"using":"xpath","value":"//button[@data-kt=\"contractDetailEditBtnButton\"]"}
RESULT: {"using":"xpath","value":"//button[@data-kt=\"contractDetailEditBtnButton\"]"}
COMMAND: POST /session/1078df7af42110589ce6729fcfa5b6f8/elements - {"using":"xpath","value":"//button[@data-kt=\"contractDetailEditBtnButton\"]"}
RESULT: {"using":"xpath","value":"//button[@data-kt=\"contractDetailEditBtnButton\"]"}
COMMAND: POST /session/1078df7af42110589ce6729fcfa5b6f8/elements - {"using":"xpath","value":"//button[@data-kt=\"contractDetailEditBtnButton\"]"}
RESULT: {"using":"xpath","value":"//button[@data-kt=\"contractDetailEditBtnButton\"]"}
COMMAND: POST /session/1078df7af42110589ce6729fcfa5b6f8/elements - {"using":"xpath","value":"//button[@data-kt=\"contractDetailEditBtnButton\"]"}
RESULT: {"using":"xpath","value":"//button[@data-kt=\"contractDetailEditBtnButton\"]"}
COMMAND: POST /session/1078df7af42110589ce6729fcfa5b6f8/elements - {"using":"xpath","value":"//button[@data-kt=\"contractDetailEditBtnButton\"]"}
RESULT: {"using":"xpath","value":"//button[@data-kt=\"contractDetailEditBtnButton\"]"}
COMMAND: POST /session/1078df7af42110589ce6729fcfa5b6f8/elements - {"using":"xpath","value":"//button[@data-kt=\"contractDetailEditBtnButton\"]"}
RESULT: {"using":"xpath","value":"//button[@data-kt=\"contractDetailEditBtnButton\"]"}
COMMAND: POST /session/1078df7af42110589ce6729fcfa5b6f8/elements - {"using":"xpath","value":"//button[@data-kt=\"contractDetailEditBtnButton\"]"}
RESULT: {"using":"xpath","value":"//button[@data-kt=\"contractDetailEditBtnButton\"]"}
COMMAND: POST /session/1078df7af42110589ce6729fcfa5b6f8/elements - {"using":"xpath","value":"//button[@data-kt=\"contractDetailEditBtnButton\"]"}
RESULT: {"using":"xpath","value":"//button[@data-kt=\"contractDetailEditBtnButton\"]"}
COMMAND: POST /session/1078df7af42110589ce6729fcfa5b6f8/elements - {"using":"xpath","value":"//button[@data-kt=\"contractDetailEditBtnButton\"]"}
RESULT: {"using":"xpath","value":"//button[@data-kt=\"contractDetailEditBtnButton\"]"}
COMMAND: POST /session/1078df7af42110589ce6729fcfa5b6f8/elements - {"using":"xpath","value":"//button[@data-kt=\"contractDetailEditBtnButton\"]"}
RESULT: {"using":"xpath","value":"//button[@data-kt=\"contractDetailEditBtnButton\"]"}
COMMAND: POST /session/1078df7af42110589ce6729fcfa5b6f8/elements - {"using":"xpath","value":"//button[@data-kt=\"contractDetailEditBtnButton\"]"}
RESULT: {"using":"xpath","value":"//button[@data-kt=\"contractDetailEditBtnButton\"]"}
COMMAND: POST /session/1078df7af42110589ce6729fcfa5b6f8/elements - {"using":"xpath","value":"//button[@data-kt=\"contractDetailEditBtnButton\"]"}
RESULT: {"using":"xpath","value":"//button[@data-kt=\"contractDetailEditBtnButton\"]"}
COMMAND: POST /session/1078df7af42110589ce6729fcfa5b6f8/elements - {"using":"xpath","value":"//button[@data-kt=\"contractDetailEditBtnButton\"]"}
RESULT: {"using":"xpath","value":"//button[@data-kt=\"contractDetailEditBtnButton\"]"}
COMMAND: POST /session/1078df7af42110589ce6729fcfa5b6f8/elements - {"using":"xpath","value":"//button[@data-kt=\"contractDetailEditBtnButton\"]"}
RESULT: {"using":"xpath","value":"//button[@data-kt=\"contractDetailEditBtnButton\"]"}
COMMAND: POST /session/1078df7af42110589ce6729fcfa5b6f8/elements - {"using":"xpath","value":"//button[@data-kt=\"contractDetailEditBtnButton\"]"}
RESULT: {"using":"xpath","value":"//button[@data-kt=\"contractDetailEditBtnButton\"]"}
COMMAND: POST /session/1078df7af42110589ce6729fcfa5b6f8/elements - {"using":"xpath","value":"//button[@data-kt=\"contractDetailEditBtnButton\"]"}
RESULT: {"using":"xpath","value":"//button[@data-kt=\"contractDetailEditBtnButton\"]"}
COMMAND: POST /session/1078df7af42110589ce6729fcfa5b6f8/elements - {"using":"xpath","value":"//button[@data-kt=\"contractDetailEditBtnButton\"]"}
RESULT: {"using":"xpath","value":"//button[@data-kt=\"contractDetailEditBtnButton\"]"}
COMMAND: POST /session/1078df7af42110589ce6729fcfa5b6f8/elements - {"using":"xpath","value":"//button[@data-kt=\"contractDetailEditBtnButton\"]"}
RESULT: {"using":"xpath","value":"//button[@data-kt=\"contractDetailEditBtnButton\"]"}
COMMAND: POST /session/1078df7af42110589ce6729fcfa5b6f8/elements - {"using":"xpath","value":"//button[@data-kt=\"contractDetailEditBtnButton\"]"}
RESULT: {"using":"xpath","value":"//button[@data-kt=\"contractDetailEditBtnButton\"]"}
COMMAND: POST /session/1078df7af42110589ce6729fcfa5b6f8/elements - {"using":"xpath","value":"//button[@data-kt=\"contractDetailEditBtnButton\"]"}
RESULT: {"using":"xpath","value":"//button[@data-kt=\"contractDetailEditBtnButton\"]"}
COMMAND: POST /session/1078df7af42110589ce6729fcfa5b6f8/elements - {"using":"xpath","value":"//button[@data-kt=\"contractDetailEditBtnButton\"]"}
RESULT: {"using":"xpath","value":"//button[@data-kt=\"contractDetailEditBtnButton\"]"}
COMMAND: POST /session/1078df7af42110589ce6729fcfa5b6f8/elements - {"using":"xpath","value":"//button[@data-kt=\"contractDetailEditBtnButton\"]"}
RESULT: {"using":"xpath","value":"//button[@data-kt=\"contractDetailEditBtnButton\"]"}
COMMAND: POST /session/1078df7af42110589ce6729fcfa5b6f8/elements - {"using":"xpath","value":"//button[@data-kt=\"contractDetailEditBtnButton\"]"}
RESULT: {"using":"xpath","value":"//button[@data-kt=\"contractDetailEditBtnButton\"]"}
COMMAND: POST /session/1078df7af42110589ce6729fcfa5b6f8/elements - {"using":"xpath","value":"//button[@data-kt=\"contractDetailEditBtnButton\"]"}
RESULT: {"using":"xpath","value":"//button[@data-kt=\"contractDetailEditBtnButton\"]"}
COMMAND: POST /session/1078df7af42110589ce6729fcfa5b6f8/elements - {"using":"xpath","value":"//button[@data-kt=\"contractDetailEditBtnButton\"]"}
RESULT: {"using":"xpath","value":"//button[@data-kt=\"contractDetailEditBtnButton\"]"}
COMMAND: POST /session/1078df7af42110589ce6729fcfa5b6f8/elements - {"using":"xpath","value":"//button[@data-kt=\"contractDetailEditBtnButton\"]"}
RESULT: {"using":"xpath","value":"//button[@data-kt=\"contractDetailEditBtnButton\"]"}
COMMAND: POST /session/1078df7af42110589ce6729fcfa5b6f8/elements - {"using":"xpath","value":"//button[@data-kt=\"contractDetailEditBtnButton\"]"}
RESULT: {"using":"xpath","value":"//button[@data-kt=\"contractDetailEditBtnButton\"]"}
COMMAND: POST /session/1078df7af42110589ce6729fcfa5b6f8/elements - {"using":"xpath","value":"//button[@data-kt=\"contractDetailEditBtnButton\"]"}
RESULT: {"using":"xpath","value":"//button[@data-kt=\"contractDetailEditBtnButton\"]"}
COMMAND: GET /session/1078df7af42110589ce6729fcfa5b6f8/screenshot - {}
RESULT: {}
]]></system-out>
      <system-err><![CDATA[
Error: Can't call click on element with selector "//button[@data-kt="contractDetailEditBtnButton"]" because element wasn't found
    at async UtilsPrerequisites.addItemToContract (D:\a\1\s\test\specs\BTS\prerequisites-and-utils-functions.js:1852:9)
    at async Context.<anonymous> (D:\a\1\s\test\specs\BTS\billing-transfer-intercompany.spec.js:65:9)
]]></system-err>
    </testcase>
    <testcase classname="chrome.136_0_7103_93.windows.Billing_Transfer_-_Master_data_&amp;_Intercompany_US127250" name="Should do a provide to site handover" time="60.828">
      <failure/>
      <error message="Can't call click on element with selector &quot;//button[@data-kt=&quot;provideButton&quot;]&quot; because element wasn't found"/>
      <system-out><![CDATA[
COMMAND: POST /session/1078df7af42110589ce6729fcfa5b6f8/element - {"using":"xpath","value":"//button[@data-kt=\"provideButton\"]"}
COMMAND: GET /session/1078df7af42110589ce6729fcfa5b6f8/screenshot - {}
RESULT: {"using":"xpath","value":"//button[@data-kt=\"provideButton\"]"}
COMMAND: POST /session/1078df7af42110589ce6729fcfa5b6f8/elements - {"using":"xpath","value":"//button[@data-kt=\"provideButton\"]"}
RESULT: {}
RESULT: {"using":"xpath","value":"//button[@data-kt=\"provideButton\"]"}
COMMAND: POST /session/1078df7af42110589ce6729fcfa5b6f8/elements - {"using":"xpath","value":"//button[@data-kt=\"provideButton\"]"}
RESULT: {"using":"xpath","value":"//button[@data-kt=\"provideButton\"]"}
COMMAND: POST /session/1078df7af42110589ce6729fcfa5b6f8/elements - {"using":"xpath","value":"//button[@data-kt=\"provideButton\"]"}
RESULT: {"using":"xpath","value":"//button[@data-kt=\"provideButton\"]"}
COMMAND: POST /session/1078df7af42110589ce6729fcfa5b6f8/elements - {"using":"xpath","value":"//button[@data-kt=\"provideButton\"]"}
RESULT: {"using":"xpath","value":"//button[@data-kt=\"provideButton\"]"}
COMMAND: POST /session/1078df7af42110589ce6729fcfa5b6f8/elements - {"using":"xpath","value":"//button[@data-kt=\"provideButton\"]"}
RESULT: {"using":"xpath","value":"//button[@data-kt=\"provideButton\"]"}
COMMAND: POST /session/1078df7af42110589ce6729fcfa5b6f8/elements - {"using":"xpath","value":"//button[@data-kt=\"provideButton\"]"}
RESULT: {"using":"xpath","value":"//button[@data-kt=\"provideButton\"]"}
COMMAND: POST /session/1078df7af42110589ce6729fcfa5b6f8/elements - {"using":"xpath","value":"//button[@data-kt=\"provideButton\"]"}
RESULT: {"using":"xpath","value":"//button[@data-kt=\"provideButton\"]"}
COMMAND: POST /session/1078df7af42110589ce6729fcfa5b6f8/elements - {"using":"xpath","value":"//button[@data-kt=\"provideButton\"]"}
RESULT: {"using":"xpath","value":"//button[@data-kt=\"provideButton\"]"}
COMMAND: POST /session/1078df7af42110589ce6729fcfa5b6f8/elements - {"using":"xpath","value":"//button[@data-kt=\"provideButton\"]"}
RESULT: {"using":"xpath","value":"//button[@data-kt=\"provideButton\"]"}
COMMAND: POST /session/1078df7af42110589ce6729fcfa5b6f8/elements - {"using":"xpath","value":"//button[@data-kt=\"provideButton\"]"}
RESULT: {"using":"xpath","value":"//button[@data-kt=\"provideButton\"]"}
COMMAND: POST /session/1078df7af42110589ce6729fcfa5b6f8/elements - {"using":"xpath","value":"//button[@data-kt=\"provideButton\"]"}
RESULT: {"using":"xpath","value":"//button[@data-kt=\"provideButton\"]"}
COMMAND: POST /session/1078df7af42110589ce6729fcfa5b6f8/elements - {"using":"xpath","value":"//button[@data-kt=\"provideButton\"]"}
RESULT: {"using":"xpath","value":"//button[@data-kt=\"provideButton\"]"}
COMMAND: POST /session/1078df7af42110589ce6729fcfa5b6f8/elements - {"using":"xpath","value":"//button[@data-kt=\"provideButton\"]"}
RESULT: {"using":"xpath","value":"//button[@data-kt=\"provideButton\"]"}
COMMAND: POST /session/1078df7af42110589ce6729fcfa5b6f8/elements - {"using":"xpath","value":"//button[@data-kt=\"provideButton\"]"}
RESULT: {"using":"xpath","value":"//button[@data-kt=\"provideButton\"]"}
COMMAND: POST /session/1078df7af42110589ce6729fcfa5b6f8/elements - {"using":"xpath","value":"//button[@data-kt=\"provideButton\"]"}
RESULT: {"using":"xpath","value":"//button[@data-kt=\"provideButton\"]"}
COMMAND: POST /session/1078df7af42110589ce6729fcfa5b6f8/elements - {"using":"xpath","value":"//button[@data-kt=\"provideButton\"]"}
RESULT: {"using":"xpath","value":"//button[@data-kt=\"provideButton\"]"}
COMMAND: POST /session/1078df7af42110589ce6729fcfa5b6f8/elements - {"using":"xpath","value":"//button[@data-kt=\"provideButton\"]"}
RESULT: {"using":"xpath","value":"//button[@data-kt=\"provideButton\"]"}
COMMAND: POST /session/1078df7af42110589ce6729fcfa5b6f8/elements - {"using":"xpath","value":"//button[@data-kt=\"provideButton\"]"}
RESULT: {"using":"xpath","value":"//button[@data-kt=\"provideButton\"]"}
COMMAND: POST /session/1078df7af42110589ce6729fcfa5b6f8/elements - {"using":"xpath","value":"//button[@data-kt=\"provideButton\"]"}
RESULT: {"using":"xpath","value":"//button[@data-kt=\"provideButton\"]"}
COMMAND: POST /session/1078df7af42110589ce6729fcfa5b6f8/elements - {"using":"xpath","value":"//button[@data-kt=\"provideButton\"]"}
RESULT: {"using":"xpath","value":"//button[@data-kt=\"provideButton\"]"}
COMMAND: POST /session/1078df7af42110589ce6729fcfa5b6f8/elements - {"using":"xpath","value":"//button[@data-kt=\"provideButton\"]"}
RESULT: {"using":"xpath","value":"//button[@data-kt=\"provideButton\"]"}
COMMAND: POST /session/1078df7af42110589ce6729fcfa5b6f8/elements - {"using":"xpath","value":"//button[@data-kt=\"provideButton\"]"}
RESULT: {"using":"xpath","value":"//button[@data-kt=\"provideButton\"]"}
COMMAND: POST /session/1078df7af42110589ce6729fcfa5b6f8/elements - {"using":"xpath","value":"//button[@data-kt=\"provideButton\"]"}
RESULT: {"using":"xpath","value":"//button[@data-kt=\"provideButton\"]"}
COMMAND: POST /session/1078df7af42110589ce6729fcfa5b6f8/elements - {"using":"xpath","value":"//button[@data-kt=\"provideButton\"]"}
RESULT: {"using":"xpath","value":"//button[@data-kt=\"provideButton\"]"}
COMMAND: POST /session/1078df7af42110589ce6729fcfa5b6f8/elements - {"using":"xpath","value":"//button[@data-kt=\"provideButton\"]"}
RESULT: {"using":"xpath","value":"//button[@data-kt=\"provideButton\"]"}
COMMAND: POST /session/1078df7af42110589ce6729fcfa5b6f8/elements - {"using":"xpath","value":"//button[@data-kt=\"provideButton\"]"}
RESULT: {"using":"xpath","value":"//button[@data-kt=\"provideButton\"]"}
COMMAND: POST /session/1078df7af42110589ce6729fcfa5b6f8/elements - {"using":"xpath","value":"//button[@data-kt=\"provideButton\"]"}
RESULT: {"using":"xpath","value":"//button[@data-kt=\"provideButton\"]"}
COMMAND: POST /session/1078df7af42110589ce6729fcfa5b6f8/elements - {"using":"xpath","value":"//button[@data-kt=\"provideButton\"]"}
RESULT: {"using":"xpath","value":"//button[@data-kt=\"provideButton\"]"}
COMMAND: POST /session/1078df7af42110589ce6729fcfa5b6f8/elements - {"using":"xpath","value":"//button[@data-kt=\"provideButton\"]"}
RESULT: {"using":"xpath","value":"//button[@data-kt=\"provideButton\"]"}
COMMAND: POST /session/1078df7af42110589ce6729fcfa5b6f8/elements - {"using":"xpath","value":"//button[@data-kt=\"provideButton\"]"}
RESULT: {"using":"xpath","value":"//button[@data-kt=\"provideButton\"]"}
COMMAND: POST /session/1078df7af42110589ce6729fcfa5b6f8/elements - {"using":"xpath","value":"//button[@data-kt=\"provideButton\"]"}
RESULT: {"using":"xpath","value":"//button[@data-kt=\"provideButton\"]"}
COMMAND: POST /session/1078df7af42110589ce6729fcfa5b6f8/elements - {"using":"xpath","value":"//button[@data-kt=\"provideButton\"]"}
RESULT: {"using":"xpath","value":"//button[@data-kt=\"provideButton\"]"}
COMMAND: POST /session/1078df7af42110589ce6729fcfa5b6f8/elements - {"using":"xpath","value":"//button[@data-kt=\"provideButton\"]"}
RESULT: {"using":"xpath","value":"//button[@data-kt=\"provideButton\"]"}
COMMAND: POST /session/1078df7af42110589ce6729fcfa5b6f8/elements - {"using":"xpath","value":"//button[@data-kt=\"provideButton\"]"}
RESULT: {"using":"xpath","value":"//button[@data-kt=\"provideButton\"]"}
COMMAND: POST /session/1078df7af42110589ce6729fcfa5b6f8/elements - {"using":"xpath","value":"//button[@data-kt=\"provideButton\"]"}
RESULT: {"using":"xpath","value":"//button[@data-kt=\"provideButton\"]"}
COMMAND: POST /session/1078df7af42110589ce6729fcfa5b6f8/elements - {"using":"xpath","value":"//button[@data-kt=\"provideButton\"]"}
RESULT: {"using":"xpath","value":"//button[@data-kt=\"provideButton\"]"}
COMMAND: POST /session/1078df7af42110589ce6729fcfa5b6f8/elements - {"using":"xpath","value":"//button[@data-kt=\"provideButton\"]"}
RESULT: {"using":"xpath","value":"//button[@data-kt=\"provideButton\"]"}
COMMAND: POST /session/1078df7af42110589ce6729fcfa5b6f8/elements - {"using":"xpath","value":"//button[@data-kt=\"provideButton\"]"}
RESULT: {"using":"xpath","value":"//button[@data-kt=\"provideButton\"]"}
COMMAND: POST /session/1078df7af42110589ce6729fcfa5b6f8/elements - {"using":"xpath","value":"//button[@data-kt=\"provideButton\"]"}
RESULT: {"using":"xpath","value":"//button[@data-kt=\"provideButton\"]"}
COMMAND: POST /session/1078df7af42110589ce6729fcfa5b6f8/elements - {"using":"xpath","value":"//button[@data-kt=\"provideButton\"]"}
RESULT: {"using":"xpath","value":"//button[@data-kt=\"provideButton\"]"}
COMMAND: POST /session/1078df7af42110589ce6729fcfa5b6f8/elements - {"using":"xpath","value":"//button[@data-kt=\"provideButton\"]"}
RESULT: {"using":"xpath","value":"//button[@data-kt=\"provideButton\"]"}
COMMAND: POST /session/1078df7af42110589ce6729fcfa5b6f8/elements - {"using":"xpath","value":"//button[@data-kt=\"provideButton\"]"}
RESULT: {"using":"xpath","value":"//button[@data-kt=\"provideButton\"]"}
COMMAND: POST /session/1078df7af42110589ce6729fcfa5b6f8/elements - {"using":"xpath","value":"//button[@data-kt=\"provideButton\"]"}
RESULT: {"using":"xpath","value":"//button[@data-kt=\"provideButton\"]"}
COMMAND: POST /session/1078df7af42110589ce6729fcfa5b6f8/elements - {"using":"xpath","value":"//button[@data-kt=\"provideButton\"]"}
RESULT: {"using":"xpath","value":"//button[@data-kt=\"provideButton\"]"}
COMMAND: POST /session/1078df7af42110589ce6729fcfa5b6f8/elements - {"using":"xpath","value":"//button[@data-kt=\"provideButton\"]"}
RESULT: {"using":"xpath","value":"//button[@data-kt=\"provideButton\"]"}
COMMAND: POST /session/1078df7af42110589ce6729fcfa5b6f8/elements - {"using":"xpath","value":"//button[@data-kt=\"provideButton\"]"}
RESULT: {"using":"xpath","value":"//button[@data-kt=\"provideButton\"]"}
COMMAND: POST /session/1078df7af42110589ce6729fcfa5b6f8/elements - {"using":"xpath","value":"//button[@data-kt=\"provideButton\"]"}
RESULT: {"using":"xpath","value":"//button[@data-kt=\"provideButton\"]"}
COMMAND: POST /session/1078df7af42110589ce6729fcfa5b6f8/elements - {"using":"xpath","value":"//button[@data-kt=\"provideButton\"]"}
RESULT: {"using":"xpath","value":"//button[@data-kt=\"provideButton\"]"}
COMMAND: POST /session/1078df7af42110589ce6729fcfa5b6f8/elements - {"using":"xpath","value":"//button[@data-kt=\"provideButton\"]"}
RESULT: {"using":"xpath","value":"//button[@data-kt=\"provideButton\"]"}
COMMAND: POST /session/1078df7af42110589ce6729fcfa5b6f8/elements - {"using":"xpath","value":"//button[@data-kt=\"provideButton\"]"}
RESULT: {"using":"xpath","value":"//button[@data-kt=\"provideButton\"]"}
COMMAND: POST /session/1078df7af42110589ce6729fcfa5b6f8/elements - {"using":"xpath","value":"//button[@data-kt=\"provideButton\"]"}
RESULT: {"using":"xpath","value":"//button[@data-kt=\"provideButton\"]"}
COMMAND: POST /session/1078df7af42110589ce6729fcfa5b6f8/elements - {"using":"xpath","value":"//button[@data-kt=\"provideButton\"]"}
RESULT: {"using":"xpath","value":"//button[@data-kt=\"provideButton\"]"}
COMMAND: POST /session/1078df7af42110589ce6729fcfa5b6f8/elements - {"using":"xpath","value":"//button[@data-kt=\"provideButton\"]"}
RESULT: {"using":"xpath","value":"//button[@data-kt=\"provideButton\"]"}
COMMAND: POST /session/1078df7af42110589ce6729fcfa5b6f8/elements - {"using":"xpath","value":"//button[@data-kt=\"provideButton\"]"}
RESULT: {"using":"xpath","value":"//button[@data-kt=\"provideButton\"]"}
COMMAND: POST /session/1078df7af42110589ce6729fcfa5b6f8/elements - {"using":"xpath","value":"//button[@data-kt=\"provideButton\"]"}
RESULT: {"using":"xpath","value":"//button[@data-kt=\"provideButton\"]"}
COMMAND: POST /session/1078df7af42110589ce6729fcfa5b6f8/elements - {"using":"xpath","value":"//button[@data-kt=\"provideButton\"]"}
RESULT: {"using":"xpath","value":"//button[@data-kt=\"provideButton\"]"}
COMMAND: POST /session/1078df7af42110589ce6729fcfa5b6f8/elements - {"using":"xpath","value":"//button[@data-kt=\"provideButton\"]"}
RESULT: {"using":"xpath","value":"//button[@data-kt=\"provideButton\"]"}
COMMAND: POST /session/1078df7af42110589ce6729fcfa5b6f8/elements - {"using":"xpath","value":"//button[@data-kt=\"provideButton\"]"}
RESULT: {"using":"xpath","value":"//button[@data-kt=\"provideButton\"]"}
COMMAND: POST /session/1078df7af42110589ce6729fcfa5b6f8/elements - {"using":"xpath","value":"//button[@data-kt=\"provideButton\"]"}
RESULT: {"using":"xpath","value":"//button[@data-kt=\"provideButton\"]"}
COMMAND: POST /session/1078df7af42110589ce6729fcfa5b6f8/elements - {"using":"xpath","value":"//button[@data-kt=\"provideButton\"]"}
RESULT: {"using":"xpath","value":"//button[@data-kt=\"provideButton\"]"}
COMMAND: POST /session/1078df7af42110589ce6729fcfa5b6f8/elements - {"using":"xpath","value":"//button[@data-kt=\"provideButton\"]"}
RESULT: {"using":"xpath","value":"//button[@data-kt=\"provideButton\"]"}
COMMAND: POST /session/1078df7af42110589ce6729fcfa5b6f8/elements - {"using":"xpath","value":"//button[@data-kt=\"provideButton\"]"}
RESULT: {"using":"xpath","value":"//button[@data-kt=\"provideButton\"]"}
COMMAND: POST /session/1078df7af42110589ce6729fcfa5b6f8/elements - {"using":"xpath","value":"//button[@data-kt=\"provideButton\"]"}
RESULT: {"using":"xpath","value":"//button[@data-kt=\"provideButton\"]"}
COMMAND: POST /session/1078df7af42110589ce6729fcfa5b6f8/elements - {"using":"xpath","value":"//button[@data-kt=\"provideButton\"]"}
RESULT: {"using":"xpath","value":"//button[@data-kt=\"provideButton\"]"}
COMMAND: POST /session/1078df7af42110589ce6729fcfa5b6f8/elements - {"using":"xpath","value":"//button[@data-kt=\"provideButton\"]"}
RESULT: {"using":"xpath","value":"//button[@data-kt=\"provideButton\"]"}
COMMAND: POST /session/1078df7af42110589ce6729fcfa5b6f8/elements - {"using":"xpath","value":"//button[@data-kt=\"provideButton\"]"}
RESULT: {"using":"xpath","value":"//button[@data-kt=\"provideButton\"]"}
COMMAND: POST /session/1078df7af42110589ce6729fcfa5b6f8/elements - {"using":"xpath","value":"//button[@data-kt=\"provideButton\"]"}
RESULT: {"using":"xpath","value":"//button[@data-kt=\"provideButton\"]"}
COMMAND: POST /session/1078df7af42110589ce6729fcfa5b6f8/elements - {"using":"xpath","value":"//button[@data-kt=\"provideButton\"]"}
RESULT: {"using":"xpath","value":"//button[@data-kt=\"provideButton\"]"}
COMMAND: POST /session/1078df7af42110589ce6729fcfa5b6f8/elements - {"using":"xpath","value":"//button[@data-kt=\"provideButton\"]"}
RESULT: {"using":"xpath","value":"//button[@data-kt=\"provideButton\"]"}
COMMAND: POST /session/1078df7af42110589ce6729fcfa5b6f8/elements - {"using":"xpath","value":"//button[@data-kt=\"provideButton\"]"}
RESULT: {"using":"xpath","value":"//button[@data-kt=\"provideButton\"]"}
COMMAND: POST /session/1078df7af42110589ce6729fcfa5b6f8/elements - {"using":"xpath","value":"//button[@data-kt=\"provideButton\"]"}
RESULT: {"using":"xpath","value":"//button[@data-kt=\"provideButton\"]"}
COMMAND: POST /session/1078df7af42110589ce6729fcfa5b6f8/elements - {"using":"xpath","value":"//button[@data-kt=\"provideButton\"]"}
RESULT: {"using":"xpath","value":"//button[@data-kt=\"provideButton\"]"}
COMMAND: POST /session/1078df7af42110589ce6729fcfa5b6f8/elements - {"using":"xpath","value":"//button[@data-kt=\"provideButton\"]"}
RESULT: {"using":"xpath","value":"//button[@data-kt=\"provideButton\"]"}
COMMAND: POST /session/1078df7af42110589ce6729fcfa5b6f8/elements - {"using":"xpath","value":"//button[@data-kt=\"provideButton\"]"}
RESULT: {"using":"xpath","value":"//button[@data-kt=\"provideButton\"]"}
COMMAND: POST /session/1078df7af42110589ce6729fcfa5b6f8/elements - {"using":"xpath","value":"//button[@data-kt=\"provideButton\"]"}
RESULT: {"using":"xpath","value":"//button[@data-kt=\"provideButton\"]"}
COMMAND: POST /session/1078df7af42110589ce6729fcfa5b6f8/elements - {"using":"xpath","value":"//button[@data-kt=\"provideButton\"]"}
RESULT: {"using":"xpath","value":"//button[@data-kt=\"provideButton\"]"}
COMMAND: POST /session/1078df7af42110589ce6729fcfa5b6f8/elements - {"using":"xpath","value":"//button[@data-kt=\"provideButton\"]"}
RESULT: {"using":"xpath","value":"//button[@data-kt=\"provideButton\"]"}
COMMAND: POST /session/1078df7af42110589ce6729fcfa5b6f8/elements - {"using":"xpath","value":"//button[@data-kt=\"provideButton\"]"}
RESULT: {"using":"xpath","value":"//button[@data-kt=\"provideButton\"]"}
COMMAND: POST /session/1078df7af42110589ce6729fcfa5b6f8/elements - {"using":"xpath","value":"//button[@data-kt=\"provideButton\"]"}
RESULT: {"using":"xpath","value":"//button[@data-kt=\"provideButton\"]"}
COMMAND: POST /session/1078df7af42110589ce6729fcfa5b6f8/elements - {"using":"xpath","value":"//button[@data-kt=\"provideButton\"]"}
RESULT: {"using":"xpath","value":"//button[@data-kt=\"provideButton\"]"}
COMMAND: POST /session/1078df7af42110589ce6729fcfa5b6f8/elements - {"using":"xpath","value":"//button[@data-kt=\"provideButton\"]"}
RESULT: {"using":"xpath","value":"//button[@data-kt=\"provideButton\"]"}
COMMAND: POST /session/1078df7af42110589ce6729fcfa5b6f8/elements - {"using":"xpath","value":"//button[@data-kt=\"provideButton\"]"}
RESULT: {"using":"xpath","value":"//button[@data-kt=\"provideButton\"]"}
COMMAND: POST /session/1078df7af42110589ce6729fcfa5b6f8/elements - {"using":"xpath","value":"//button[@data-kt=\"provideButton\"]"}
RESULT: {"using":"xpath","value":"//button[@data-kt=\"provideButton\"]"}
COMMAND: POST /session/1078df7af42110589ce6729fcfa5b6f8/elements - {"using":"xpath","value":"//button[@data-kt=\"provideButton\"]"}
RESULT: {"using":"xpath","value":"//button[@data-kt=\"provideButton\"]"}
COMMAND: POST /session/1078df7af42110589ce6729fcfa5b6f8/elements - {"using":"xpath","value":"//button[@data-kt=\"provideButton\"]"}
RESULT: {"using":"xpath","value":"//button[@data-kt=\"provideButton\"]"}
COMMAND: POST /session/1078df7af42110589ce6729fcfa5b6f8/elements - {"using":"xpath","value":"//button[@data-kt=\"provideButton\"]"}
RESULT: {"using":"xpath","value":"//button[@data-kt=\"provideButton\"]"}
COMMAND: POST /session/1078df7af42110589ce6729fcfa5b6f8/elements - {"using":"xpath","value":"//button[@data-kt=\"provideButton\"]"}
RESULT: {"using":"xpath","value":"//button[@data-kt=\"provideButton\"]"}
COMMAND: POST /session/1078df7af42110589ce6729fcfa5b6f8/elements - {"using":"xpath","value":"//button[@data-kt=\"provideButton\"]"}
RESULT: {"using":"xpath","value":"//button[@data-kt=\"provideButton\"]"}
COMMAND: POST /session/1078df7af42110589ce6729fcfa5b6f8/elements - {"using":"xpath","value":"//button[@data-kt=\"provideButton\"]"}
RESULT: {"using":"xpath","value":"//button[@data-kt=\"provideButton\"]"}
COMMAND: POST /session/1078df7af42110589ce6729fcfa5b6f8/elements - {"using":"xpath","value":"//button[@data-kt=\"provideButton\"]"}
RESULT: {"using":"xpath","value":"//button[@data-kt=\"provideButton\"]"}
COMMAND: POST /session/1078df7af42110589ce6729fcfa5b6f8/elements - {"using":"xpath","value":"//button[@data-kt=\"provideButton\"]"}
RESULT: {"using":"xpath","value":"//button[@data-kt=\"provideButton\"]"}
COMMAND: POST /session/1078df7af42110589ce6729fcfa5b6f8/elements - {"using":"xpath","value":"//button[@data-kt=\"provideButton\"]"}
RESULT: {"using":"xpath","value":"//button[@data-kt=\"provideButton\"]"}
COMMAND: POST /session/1078df7af42110589ce6729fcfa5b6f8/elements - {"using":"xpath","value":"//button[@data-kt=\"provideButton\"]"}
RESULT: {"using":"xpath","value":"//button[@data-kt=\"provideButton\"]"}
COMMAND: POST /session/1078df7af42110589ce6729fcfa5b6f8/elements - {"using":"xpath","value":"//button[@data-kt=\"provideButton\"]"}
RESULT: {"using":"xpath","value":"//button[@data-kt=\"provideButton\"]"}
COMMAND: POST /session/1078df7af42110589ce6729fcfa5b6f8/elements - {"using":"xpath","value":"//button[@data-kt=\"provideButton\"]"}
RESULT: {"using":"xpath","value":"//button[@data-kt=\"provideButton\"]"}
COMMAND: POST /session/1078df7af42110589ce6729fcfa5b6f8/elements - {"using":"xpath","value":"//button[@data-kt=\"provideButton\"]"}
RESULT: {"using":"xpath","value":"//button[@data-kt=\"provideButton\"]"}
COMMAND: POST /session/1078df7af42110589ce6729fcfa5b6f8/elements - {"using":"xpath","value":"//button[@data-kt=\"provideButton\"]"}
RESULT: {"using":"xpath","value":"//button[@data-kt=\"provideButton\"]"}
COMMAND: POST /session/1078df7af42110589ce6729fcfa5b6f8/elements - {"using":"xpath","value":"//button[@data-kt=\"provideButton\"]"}
RESULT: {"using":"xpath","value":"//button[@data-kt=\"provideButton\"]"}
COMMAND: POST /session/1078df7af42110589ce6729fcfa5b6f8/elements - {"using":"xpath","value":"//button[@data-kt=\"provideButton\"]"}
RESULT: {"using":"xpath","value":"//button[@data-kt=\"provideButton\"]"}
COMMAND: POST /session/1078df7af42110589ce6729fcfa5b6f8/elements - {"using":"xpath","value":"//button[@data-kt=\"provideButton\"]"}
RESULT: {"using":"xpath","value":"//button[@data-kt=\"provideButton\"]"}
COMMAND: POST /session/1078df7af42110589ce6729fcfa5b6f8/elements - {"using":"xpath","value":"//button[@data-kt=\"provideButton\"]"}
RESULT: {"using":"xpath","value":"//button[@data-kt=\"provideButton\"]"}
COMMAND: POST /session/1078df7af42110589ce6729fcfa5b6f8/elements - {"using":"xpath","value":"//button[@data-kt=\"provideButton\"]"}
RESULT: {"using":"xpath","value":"//button[@data-kt=\"provideButton\"]"}
COMMAND: POST /session/1078df7af42110589ce6729fcfa5b6f8/elements - {"using":"xpath","value":"//button[@data-kt=\"provideButton\"]"}
RESULT: {"using":"xpath","value":"//button[@data-kt=\"provideButton\"]"}
COMMAND: POST /session/1078df7af42110589ce6729fcfa5b6f8/elements - {"using":"xpath","value":"//button[@data-kt=\"provideButton\"]"}
RESULT: {"using":"xpath","value":"//button[@data-kt=\"provideButton\"]"}
COMMAND: POST /session/1078df7af42110589ce6729fcfa5b6f8/elements - {"using":"xpath","value":"//button[@data-kt=\"provideButton\"]"}
RESULT: {"using":"xpath","value":"//button[@data-kt=\"provideButton\"]"}
COMMAND: POST /session/1078df7af42110589ce6729fcfa5b6f8/elements - {"using":"xpath","value":"//button[@data-kt=\"provideButton\"]"}
RESULT: {"using":"xpath","value":"//button[@data-kt=\"provideButton\"]"}
COMMAND: POST /session/1078df7af42110589ce6729fcfa5b6f8/elements - {"using":"xpath","value":"//button[@data-kt=\"provideButton\"]"}
RESULT: {"using":"xpath","value":"//button[@data-kt=\"provideButton\"]"}
COMMAND: POST /session/1078df7af42110589ce6729fcfa5b6f8/elements - {"using":"xpath","value":"//button[@data-kt=\"provideButton\"]"}
RESULT: {"using":"xpath","value":"//button[@data-kt=\"provideButton\"]"}
COMMAND: POST /session/1078df7af42110589ce6729fcfa5b6f8/elements - {"using":"xpath","value":"//button[@data-kt=\"provideButton\"]"}
RESULT: {"using":"xpath","value":"//button[@data-kt=\"provideButton\"]"}
COMMAND: POST /session/1078df7af42110589ce6729fcfa5b6f8/elements - {"using":"xpath","value":"//button[@data-kt=\"provideButton\"]"}
RESULT: {"using":"xpath","value":"//button[@data-kt=\"provideButton\"]"}
COMMAND: POST /session/1078df7af42110589ce6729fcfa5b6f8/elements - {"using":"xpath","value":"//button[@data-kt=\"provideButton\"]"}
RESULT: {"using":"xpath","value":"//button[@data-kt=\"provideButton\"]"}
COMMAND: POST /session/1078df7af42110589ce6729fcfa5b6f8/elements - {"using":"xpath","value":"//button[@data-kt=\"provideButton\"]"}
RESULT: {"using":"xpath","value":"//button[@data-kt=\"provideButton\"]"}
COMMAND: POST /session/1078df7af42110589ce6729fcfa5b6f8/elements - {"using":"xpath","value":"//button[@data-kt=\"provideButton\"]"}
RESULT: {"using":"xpath","value":"//button[@data-kt=\"provideButton\"]"}
COMMAND: POST /session/1078df7af42110589ce6729fcfa5b6f8/elements - {"using":"xpath","value":"//button[@data-kt=\"provideButton\"]"}
RESULT: {"using":"xpath","value":"//button[@data-kt=\"provideButton\"]"}
COMMAND: POST /session/1078df7af42110589ce6729fcfa5b6f8/elements - {"using":"xpath","value":"//button[@data-kt=\"provideButton\"]"}
RESULT: {"using":"xpath","value":"//button[@data-kt=\"provideButton\"]"}
COMMAND: POST /session/1078df7af42110589ce6729fcfa5b6f8/elements - {"using":"xpath","value":"//button[@data-kt=\"provideButton\"]"}
RESULT: {"using":"xpath","value":"//button[@data-kt=\"provideButton\"]"}
COMMAND: POST /session/1078df7af42110589ce6729fcfa5b6f8/elements - {"using":"xpath","value":"//button[@data-kt=\"provideButton\"]"}
RESULT: {"using":"xpath","value":"//button[@data-kt=\"provideButton\"]"}
COMMAND: POST /session/1078df7af42110589ce6729fcfa5b6f8/elements - {"using":"xpath","value":"//button[@data-kt=\"provideButton\"]"}
RESULT: {"using":"xpath","value":"//button[@data-kt=\"provideButton\"]"}
COMMAND: POST /session/1078df7af42110589ce6729fcfa5b6f8/elements - {"using":"xpath","value":"//button[@data-kt=\"provideButton\"]"}
RESULT: {"using":"xpath","value":"//button[@data-kt=\"provideButton\"]"}
COMMAND: POST /session/1078df7af42110589ce6729fcfa5b6f8/elements - {"using":"xpath","value":"//button[@data-kt=\"provideButton\"]"}
RESULT: {"using":"xpath","value":"//button[@data-kt=\"provideButton\"]"}
COMMAND: POST /session/1078df7af42110589ce6729fcfa5b6f8/elements - {"using":"xpath","value":"//button[@data-kt=\"provideButton\"]"}
RESULT: {"using":"xpath","value":"//button[@data-kt=\"provideButton\"]"}
COMMAND: GET /session/1078df7af42110589ce6729fcfa5b6f8/screenshot - {}
RESULT: {}
]]></system-out>
      <system-err><![CDATA[
Error: Can't call click on element with selector "//button[@data-kt="provideButton"]" because element wasn't found
    at async UtilsPrerequisites.provideToSiteHandoverFromContractDetails (D:\a\1\s\test\specs\BTS\prerequisites-and-utils-functions.js:1949:9)
    at async Context.<anonymous> (D:\a\1\s\test\specs\BTS\billing-transfer-intercompany.spec.js:69:9)
]]></system-err>
    </testcase>
    <testcase classname="chrome.136_0_7103_93.windows.Billing_Transfer_-_Master_data_&amp;_Intercompany_US127250" name="Should go navigate to Manage Billings and trigger contract calculation check result" time="79.845">
      <failure/>
      <error message="Can't call click on element with selector &quot;//td[@aria-colindex=&quot;1&quot;]/div/div[contains(@class, &quot;sapMCbBg&quot;)]&quot; because element wasn't found"/>
      <system-out><![CDATA[
COMMAND: POST /session/1078df7af42110589ce6729fcfa5b6f8/execute/async - {"script":"<script> [1562 bytes]","args":[{"selector":{"controlType":"sap.m.GenericTile","properties":{"header":"Manage Billings"}},"wdio_ui5_key":"sapm.GenericTile{\"header\":\"Manage Billings\"}"}]}
COMMAND: GET /session/1078df7af42110589ce6729fcfa5b6f8/screenshot - {}
RESULT: {"script":"<script> [1562 bytes]","args":[{"selector":{"controlType":"sap.m.GenericTile","properties":{"header":"Manage Billings"}},"wdio_ui5_key":"sapm.GenericTile{\"header\":\"Manage Billings\"}"}]}
RESULT: undefined
RESULT: {}
COMMAND: POST /session/1078df7af42110589ce6729fcfa5b6f8/elements - {"using":"xpath","value":"//span[text()='Error']"}
RESULT: {"using":"xpath","value":"//span[text()='Error']"}
COMMAND: POST /session/1078df7af42110589ce6729fcfa5b6f8/execute/async - {"script":"<script> [1562 bytes]","args":[{"selector":{"id":"application-managebillings-display-component---billRunCalcResult--smartFilterBar-btnBasicSearch","interaction":{"idSuffix":"I"}},"wdio_ui5_key":"applicationmanagebillings-display-component---billRunCalcResult--smartFilterBar-btnBasicSearch"}]}
RESULT: {"script":"<script> [1562 bytes]","args":[{"selector":{"id":"application-managebillings-display-component---billRunCalcResult--smartFilterBar-btnBasicSearch","interaction":{"idSuffix":"I"}},"wdio_ui5_key":"applicationmanagebillings-display-component---billRunCalcResult--smartFilterBar-btnBasicSearch"}]}
RESULT: undefined
COMMAND: POST /session/1078df7af42110589ce6729fcfa5b6f8/actions - {"actions":[{"id":"action17","type":"key","parameters":{},"actions":[{"type":"keyDown","value":""},{"type":"pause","duration":10},{"type":"keyUp","value":""}]}]}
RESULT: {"actions":[{"id":"action17","type":"key","parameters":{},"actions":[{"type":"keyDown","value":""},{"type":"pause","duration":10},{"type":"keyUp","value":""}]}]}
COMMAND: GET /session/1078df7af42110589ce6729fcfa5b6f8/screenshot - {}
RESULT: {}
COMMAND: POST /session/1078df7af42110589ce6729fcfa5b6f8/element - {"using":"xpath","value":"//td[@aria-colindex=\"1\"]/div/div[contains(@class, \"sapMCbBg\")]"}
RESULT: {"using":"xpath","value":"//td[@aria-colindex=\"1\"]/div/div[contains(@class, \"sapMCbBg\")]"}
COMMAND: POST /session/1078df7af42110589ce6729fcfa5b6f8/elements - {"using":"xpath","value":"//td[@aria-colindex=\"1\"]/div/div[contains(@class, \"sapMCbBg\")]"}
RESULT: {"using":"xpath","value":"//td[@aria-colindex=\"1\"]/div/div[contains(@class, \"sapMCbBg\")]"}
COMMAND: POST /session/1078df7af42110589ce6729fcfa5b6f8/elements - {"using":"xpath","value":"//td[@aria-colindex=\"1\"]/div/div[contains(@class, \"sapMCbBg\")]"}
RESULT: {"using":"xpath","value":"//td[@aria-colindex=\"1\"]/div/div[contains(@class, \"sapMCbBg\")]"}
COMMAND: POST /session/1078df7af42110589ce6729fcfa5b6f8/elements - {"using":"xpath","value":"//td[@aria-colindex=\"1\"]/div/div[contains(@class, \"sapMCbBg\")]"}
RESULT: {"using":"xpath","value":"//td[@aria-colindex=\"1\"]/div/div[contains(@class, \"sapMCbBg\")]"}
COMMAND: POST /session/1078df7af42110589ce6729fcfa5b6f8/elements - {"using":"xpath","value":"//td[@aria-colindex=\"1\"]/div/div[contains(@class, \"sapMCbBg\")]"}
RESULT: {"using":"xpath","value":"//td[@aria-colindex=\"1\"]/div/div[contains(@class, \"sapMCbBg\")]"}
COMMAND: POST /session/1078df7af42110589ce6729fcfa5b6f8/elements - {"using":"xpath","value":"//td[@aria-colindex=\"1\"]/div/div[contains(@class, \"sapMCbBg\")]"}
RESULT: {"using":"xpath","value":"//td[@aria-colindex=\"1\"]/div/div[contains(@class, \"sapMCbBg\")]"}
COMMAND: POST /session/1078df7af42110589ce6729fcfa5b6f8/elements - {"using":"xpath","value":"//td[@aria-colindex=\"1\"]/div/div[contains(@class, \"sapMCbBg\")]"}
RESULT: {"using":"xpath","value":"//td[@aria-colindex=\"1\"]/div/div[contains(@class, \"sapMCbBg\")]"}
COMMAND: POST /session/1078df7af42110589ce6729fcfa5b6f8/elements - {"using":"xpath","value":"//td[@aria-colindex=\"1\"]/div/div[contains(@class, \"sapMCbBg\")]"}
RESULT: {"using":"xpath","value":"//td[@aria-colindex=\"1\"]/div/div[contains(@class, \"sapMCbBg\")]"}
COMMAND: POST /session/1078df7af42110589ce6729fcfa5b6f8/elements - {"using":"xpath","value":"//td[@aria-colindex=\"1\"]/div/div[contains(@class, \"sapMCbBg\")]"}
RESULT: {"using":"xpath","value":"//td[@aria-colindex=\"1\"]/div/div[contains(@class, \"sapMCbBg\")]"}
COMMAND: POST /session/1078df7af42110589ce6729fcfa5b6f8/elements - {"using":"xpath","value":"//td[@aria-colindex=\"1\"]/div/div[contains(@class, \"sapMCbBg\")]"}
RESULT: {"using":"xpath","value":"//td[@aria-colindex=\"1\"]/div/div[contains(@class, \"sapMCbBg\")]"}
COMMAND: POST /session/1078df7af42110589ce6729fcfa5b6f8/elements - {"using":"xpath","value":"//td[@aria-colindex=\"1\"]/div/div[contains(@class, \"sapMCbBg\")]"}
RESULT: {"using":"xpath","value":"//td[@aria-colindex=\"1\"]/div/div[contains(@class, \"sapMCbBg\")]"}
COMMAND: POST /session/1078df7af42110589ce6729fcfa5b6f8/elements - {"using":"xpath","value":"//td[@aria-colindex=\"1\"]/div/div[contains(@class, \"sapMCbBg\")]"}
RESULT: {"using":"xpath","value":"//td[@aria-colindex=\"1\"]/div/div[contains(@class, \"sapMCbBg\")]"}
COMMAND: POST /session/1078df7af42110589ce6729fcfa5b6f8/elements - {"using":"xpath","value":"//td[@aria-colindex=\"1\"]/div/div[contains(@class, \"sapMCbBg\")]"}
RESULT: {"using":"xpath","value":"//td[@aria-colindex=\"1\"]/div/div[contains(@class, \"sapMCbBg\")]"}
COMMAND: POST /session/1078df7af42110589ce6729fcfa5b6f8/elements - {"using":"xpath","value":"//td[@aria-colindex=\"1\"]/div/div[contains(@class, \"sapMCbBg\")]"}
RESULT: {"using":"xpath","value":"//td[@aria-colindex=\"1\"]/div/div[contains(@class, \"sapMCbBg\")]"}
COMMAND: POST /session/1078df7af42110589ce6729fcfa5b6f8/elements - {"using":"xpath","value":"//td[@aria-colindex=\"1\"]/div/div[contains(@class, \"sapMCbBg\")]"}
RESULT: {"using":"xpath","value":"//td[@aria-colindex=\"1\"]/div/div[contains(@class, \"sapMCbBg\")]"}
COMMAND: POST /session/1078df7af42110589ce6729fcfa5b6f8/elements - {"using":"xpath","value":"//td[@aria-colindex=\"1\"]/div/div[contains(@class, \"sapMCbBg\")]"}
RESULT: {"using":"xpath","value":"//td[@aria-colindex=\"1\"]/div/div[contains(@class, \"sapMCbBg\")]"}
COMMAND: POST /session/1078df7af42110589ce6729fcfa5b6f8/elements - {"using":"xpath","value":"//td[@aria-colindex=\"1\"]/div/div[contains(@class, \"sapMCbBg\")]"}
RESULT: {"using":"xpath","value":"//td[@aria-colindex=\"1\"]/div/div[contains(@class, \"sapMCbBg\")]"}
COMMAND: POST /session/1078df7af42110589ce6729fcfa5b6f8/elements - {"using":"xpath","value":"//td[@aria-colindex=\"1\"]/div/div[contains(@class, \"sapMCbBg\")]"}
RESULT: {"using":"xpath","value":"//td[@aria-colindex=\"1\"]/div/div[contains(@class, \"sapMCbBg\")]"}
COMMAND: POST /session/1078df7af42110589ce6729fcfa5b6f8/elements - {"using":"xpath","value":"//td[@aria-colindex=\"1\"]/div/div[contains(@class, \"sapMCbBg\")]"}
RESULT: {"using":"xpath","value":"//td[@aria-colindex=\"1\"]/div/div[contains(@class, \"sapMCbBg\")]"}
COMMAND: POST /session/1078df7af42110589ce6729fcfa5b6f8/elements - {"using":"xpath","value":"//td[@aria-colindex=\"1\"]/div/div[contains(@class, \"sapMCbBg\")]"}
RESULT: {"using":"xpath","value":"//td[@aria-colindex=\"1\"]/div/div[contains(@class, \"sapMCbBg\")]"}
COMMAND: POST /session/1078df7af42110589ce6729fcfa5b6f8/elements - {"using":"xpath","value":"//td[@aria-colindex=\"1\"]/div/div[contains(@class, \"sapMCbBg\")]"}
RESULT: {"using":"xpath","value":"//td[@aria-colindex=\"1\"]/div/div[contains(@class, \"sapMCbBg\")]"}
COMMAND: POST /session/1078df7af42110589ce6729fcfa5b6f8/elements - {"using":"xpath","value":"//td[@aria-colindex=\"1\"]/div/div[contains(@class, \"sapMCbBg\")]"}
RESULT: {"using":"xpath","value":"//td[@aria-colindex=\"1\"]/div/div[contains(@class, \"sapMCbBg\")]"}
COMMAND: POST /session/1078df7af42110589ce6729fcfa5b6f8/elements - {"using":"xpath","value":"//td[@aria-colindex=\"1\"]/div/div[contains(@class, \"sapMCbBg\")]"}
RESULT: {"using":"xpath","value":"//td[@aria-colindex=\"1\"]/div/div[contains(@class, \"sapMCbBg\")]"}
COMMAND: POST /session/1078df7af42110589ce6729fcfa5b6f8/elements - {"using":"xpath","value":"//td[@aria-colindex=\"1\"]/div/div[contains(@class, \"sapMCbBg\")]"}
RESULT: {"using":"xpath","value":"//td[@aria-colindex=\"1\"]/div/div[contains(@class, \"sapMCbBg\")]"}
COMMAND: POST /session/1078df7af42110589ce6729fcfa5b6f8/elements - {"using":"xpath","value":"//td[@aria-colindex=\"1\"]/div/div[contains(@class, \"sapMCbBg\")]"}
RESULT: {"using":"xpath","value":"//td[@aria-colindex=\"1\"]/div/div[contains(@class, \"sapMCbBg\")]"}
COMMAND: POST /session/1078df7af42110589ce6729fcfa5b6f8/elements - {"using":"xpath","value":"//td[@aria-colindex=\"1\"]/div/div[contains(@class, \"sapMCbBg\")]"}
RESULT: {"using":"xpath","value":"//td[@aria-colindex=\"1\"]/div/div[contains(@class, \"sapMCbBg\")]"}
COMMAND: POST /session/1078df7af42110589ce6729fcfa5b6f8/elements - {"using":"xpath","value":"//td[@aria-colindex=\"1\"]/div/div[contains(@class, \"sapMCbBg\")]"}
RESULT: {"using":"xpath","value":"//td[@aria-colindex=\"1\"]/div/div[contains(@class, \"sapMCbBg\")]"}
COMMAND: POST /session/1078df7af42110589ce6729fcfa5b6f8/elements - {"using":"xpath","value":"//td[@aria-colindex=\"1\"]/div/div[contains(@class, \"sapMCbBg\")]"}
RESULT: {"using":"xpath","value":"//td[@aria-colindex=\"1\"]/div/div[contains(@class, \"sapMCbBg\")]"}
COMMAND: POST /session/1078df7af42110589ce6729fcfa5b6f8/elements - {"using":"xpath","value":"//td[@aria-colindex=\"1\"]/div/div[contains(@class, \"sapMCbBg\")]"}
RESULT: {"using":"xpath","value":"//td[@aria-colindex=\"1\"]/div/div[contains(@class, \"sapMCbBg\")]"}
COMMAND: POST /session/1078df7af42110589ce6729fcfa5b6f8/elements - {"using":"xpath","value":"//td[@aria-colindex=\"1\"]/div/div[contains(@class, \"sapMCbBg\")]"}
RESULT: {"using":"xpath","value":"//td[@aria-colindex=\"1\"]/div/div[contains(@class, \"sapMCbBg\")]"}
COMMAND: POST /session/1078df7af42110589ce6729fcfa5b6f8/elements - {"using":"xpath","value":"//td[@aria-colindex=\"1\"]/div/div[contains(@class, \"sapMCbBg\")]"}
RESULT: {"using":"xpath","value":"//td[@aria-colindex=\"1\"]/div/div[contains(@class, \"sapMCbBg\")]"}
COMMAND: POST /session/1078df7af42110589ce6729fcfa5b6f8/elements - {"using":"xpath","value":"//td[@aria-colindex=\"1\"]/div/div[contains(@class, \"sapMCbBg\")]"}
RESULT: {"using":"xpath","value":"//td[@aria-colindex=\"1\"]/div/div[contains(@class, \"sapMCbBg\")]"}
COMMAND: POST /session/1078df7af42110589ce6729fcfa5b6f8/elements - {"using":"xpath","value":"//td[@aria-colindex=\"1\"]/div/div[contains(@class, \"sapMCbBg\")]"}
RESULT: {"using":"xpath","value":"//td[@aria-colindex=\"1\"]/div/div[contains(@class, \"sapMCbBg\")]"}
COMMAND: POST /session/1078df7af42110589ce6729fcfa5b6f8/elements - {"using":"xpath","value":"//td[@aria-colindex=\"1\"]/div/div[contains(@class, \"sapMCbBg\")]"}
RESULT: {"using":"xpath","value":"//td[@aria-colindex=\"1\"]/div/div[contains(@class, \"sapMCbBg\")]"}
COMMAND: POST /session/1078df7af42110589ce6729fcfa5b6f8/elements - {"using":"xpath","value":"//td[@aria-colindex=\"1\"]/div/div[contains(@class, \"sapMCbBg\")]"}
RESULT: {"using":"xpath","value":"//td[@aria-colindex=\"1\"]/div/div[contains(@class, \"sapMCbBg\")]"}
COMMAND: POST /session/1078df7af42110589ce6729fcfa5b6f8/elements - {"using":"xpath","value":"//td[@aria-colindex=\"1\"]/div/div[contains(@class, \"sapMCbBg\")]"}
RESULT: {"using":"xpath","value":"//td[@aria-colindex=\"1\"]/div/div[contains(@class, \"sapMCbBg\")]"}
COMMAND: POST /session/1078df7af42110589ce6729fcfa5b6f8/elements - {"using":"xpath","value":"//td[@aria-colindex=\"1\"]/div/div[contains(@class, \"sapMCbBg\")]"}
RESULT: {"using":"xpath","value":"//td[@aria-colindex=\"1\"]/div/div[contains(@class, \"sapMCbBg\")]"}
COMMAND: POST /session/1078df7af42110589ce6729fcfa5b6f8/elements - {"using":"xpath","value":"//td[@aria-colindex=\"1\"]/div/div[contains(@class, \"sapMCbBg\")]"}
RESULT: {"using":"xpath","value":"//td[@aria-colindex=\"1\"]/div/div[contains(@class, \"sapMCbBg\")]"}
COMMAND: POST /session/1078df7af42110589ce6729fcfa5b6f8/elements - {"using":"xpath","value":"//td[@aria-colindex=\"1\"]/div/div[contains(@class, \"sapMCbBg\")]"}
RESULT: {"using":"xpath","value":"//td[@aria-colindex=\"1\"]/div/div[contains(@class, \"sapMCbBg\")]"}
COMMAND: POST /session/1078df7af42110589ce6729fcfa5b6f8/elements - {"using":"xpath","value":"//td[@aria-colindex=\"1\"]/div/div[contains(@class, \"sapMCbBg\")]"}
RESULT: {"using":"xpath","value":"//td[@aria-colindex=\"1\"]/div/div[contains(@class, \"sapMCbBg\")]"}
COMMAND: POST /session/1078df7af42110589ce6729fcfa5b6f8/elements - {"using":"xpath","value":"//td[@aria-colindex=\"1\"]/div/div[contains(@class, \"sapMCbBg\")]"}
RESULT: {"using":"xpath","value":"//td[@aria-colindex=\"1\"]/div/div[contains(@class, \"sapMCbBg\")]"}
COMMAND: POST /session/1078df7af42110589ce6729fcfa5b6f8/elements - {"using":"xpath","value":"//td[@aria-colindex=\"1\"]/div/div[contains(@class, \"sapMCbBg\")]"}
RESULT: {"using":"xpath","value":"//td[@aria-colindex=\"1\"]/div/div[contains(@class, \"sapMCbBg\")]"}
COMMAND: POST /session/1078df7af42110589ce6729fcfa5b6f8/elements - {"using":"xpath","value":"//td[@aria-colindex=\"1\"]/div/div[contains(@class, \"sapMCbBg\")]"}
RESULT: {"using":"xpath","value":"//td[@aria-colindex=\"1\"]/div/div[contains(@class, \"sapMCbBg\")]"}
COMMAND: POST /session/1078df7af42110589ce6729fcfa5b6f8/elements - {"using":"xpath","value":"//td[@aria-colindex=\"1\"]/div/div[contains(@class, \"sapMCbBg\")]"}
RESULT: {"using":"xpath","value":"//td[@aria-colindex=\"1\"]/div/div[contains(@class, \"sapMCbBg\")]"}
COMMAND: POST /session/1078df7af42110589ce6729fcfa5b6f8/elements - {"using":"xpath","value":"//td[@aria-colindex=\"1\"]/div/div[contains(@class, \"sapMCbBg\")]"}
RESULT: {"using":"xpath","value":"//td[@aria-colindex=\"1\"]/div/div[contains(@class, \"sapMCbBg\")]"}
COMMAND: POST /session/1078df7af42110589ce6729fcfa5b6f8/elements - {"using":"xpath","value":"//td[@aria-colindex=\"1\"]/div/div[contains(@class, \"sapMCbBg\")]"}
RESULT: {"using":"xpath","value":"//td[@aria-colindex=\"1\"]/div/div[contains(@class, \"sapMCbBg\")]"}
COMMAND: POST /session/1078df7af42110589ce6729fcfa5b6f8/elements - {"using":"xpath","value":"//td[@aria-colindex=\"1\"]/div/div[contains(@class, \"sapMCbBg\")]"}
RESULT: {"using":"xpath","value":"//td[@aria-colindex=\"1\"]/div/div[contains(@class, \"sapMCbBg\")]"}
COMMAND: POST /session/1078df7af42110589ce6729fcfa5b6f8/elements - {"using":"xpath","value":"//td[@aria-colindex=\"1\"]/div/div[contains(@class, \"sapMCbBg\")]"}
RESULT: {"using":"xpath","value":"//td[@aria-colindex=\"1\"]/div/div[contains(@class, \"sapMCbBg\")]"}
COMMAND: POST /session/1078df7af42110589ce6729fcfa5b6f8/elements - {"using":"xpath","value":"//td[@aria-colindex=\"1\"]/div/div[contains(@class, \"sapMCbBg\")]"}
RESULT: {"using":"xpath","value":"//td[@aria-colindex=\"1\"]/div/div[contains(@class, \"sapMCbBg\")]"}
COMMAND: POST /session/1078df7af42110589ce6729fcfa5b6f8/elements - {"using":"xpath","value":"//td[@aria-colindex=\"1\"]/div/div[contains(@class, \"sapMCbBg\")]"}
RESULT: {"using":"xpath","value":"//td[@aria-colindex=\"1\"]/div/div[contains(@class, \"sapMCbBg\")]"}
COMMAND: POST /session/1078df7af42110589ce6729fcfa5b6f8/elements - {"using":"xpath","value":"//td[@aria-colindex=\"1\"]/div/div[contains(@class, \"sapMCbBg\")]"}
RESULT: {"using":"xpath","value":"//td[@aria-colindex=\"1\"]/div/div[contains(@class, \"sapMCbBg\")]"}
COMMAND: POST /session/1078df7af42110589ce6729fcfa5b6f8/elements - {"using":"xpath","value":"//td[@aria-colindex=\"1\"]/div/div[contains(@class, \"sapMCbBg\")]"}
RESULT: {"using":"xpath","value":"//td[@aria-colindex=\"1\"]/div/div[contains(@class, \"sapMCbBg\")]"}
COMMAND: POST /session/1078df7af42110589ce6729fcfa5b6f8/elements - {"using":"xpath","value":"//td[@aria-colindex=\"1\"]/div/div[contains(@class, \"sapMCbBg\")]"}
RESULT: {"using":"xpath","value":"//td[@aria-colindex=\"1\"]/div/div[contains(@class, \"sapMCbBg\")]"}
COMMAND: POST /session/1078df7af42110589ce6729fcfa5b6f8/elements - {"using":"xpath","value":"//td[@aria-colindex=\"1\"]/div/div[contains(@class, \"sapMCbBg\")]"}
RESULT: {"using":"xpath","value":"//td[@aria-colindex=\"1\"]/div/div[contains(@class, \"sapMCbBg\")]"}
COMMAND: POST /session/1078df7af42110589ce6729fcfa5b6f8/elements - {"using":"xpath","value":"//td[@aria-colindex=\"1\"]/div/div[contains(@class, \"sapMCbBg\")]"}
RESULT: {"using":"xpath","value":"//td[@aria-colindex=\"1\"]/div/div[contains(@class, \"sapMCbBg\")]"}
COMMAND: POST /session/1078df7af42110589ce6729fcfa5b6f8/elements - {"using":"xpath","value":"//td[@aria-colindex=\"1\"]/div/div[contains(@class, \"sapMCbBg\")]"}
RESULT: {"using":"xpath","value":"//td[@aria-colindex=\"1\"]/div/div[contains(@class, \"sapMCbBg\")]"}
COMMAND: POST /session/1078df7af42110589ce6729fcfa5b6f8/elements - {"using":"xpath","value":"//td[@aria-colindex=\"1\"]/div/div[contains(@class, \"sapMCbBg\")]"}
RESULT: {"using":"xpath","value":"//td[@aria-colindex=\"1\"]/div/div[contains(@class, \"sapMCbBg\")]"}
COMMAND: POST /session/1078df7af42110589ce6729fcfa5b6f8/elements - {"using":"xpath","value":"//td[@aria-colindex=\"1\"]/div/div[contains(@class, \"sapMCbBg\")]"}
RESULT: {"using":"xpath","value":"//td[@aria-colindex=\"1\"]/div/div[contains(@class, \"sapMCbBg\")]"}
COMMAND: POST /session/1078df7af42110589ce6729fcfa5b6f8/elements - {"using":"xpath","value":"//td[@aria-colindex=\"1\"]/div/div[contains(@class, \"sapMCbBg\")]"}
RESULT: {"using":"xpath","value":"//td[@aria-colindex=\"1\"]/div/div[contains(@class, \"sapMCbBg\")]"}
COMMAND: POST /session/1078df7af42110589ce6729fcfa5b6f8/elements - {"using":"xpath","value":"//td[@aria-colindex=\"1\"]/div/div[contains(@class, \"sapMCbBg\")]"}
RESULT: {"using":"xpath","value":"//td[@aria-colindex=\"1\"]/div/div[contains(@class, \"sapMCbBg\")]"}
COMMAND: POST /session/1078df7af42110589ce6729fcfa5b6f8/elements - {"using":"xpath","value":"//td[@aria-colindex=\"1\"]/div/div[contains(@class, \"sapMCbBg\")]"}
RESULT: {"using":"xpath","value":"//td[@aria-colindex=\"1\"]/div/div[contains(@class, \"sapMCbBg\")]"}
COMMAND: POST /session/1078df7af42110589ce6729fcfa5b6f8/elements - {"using":"xpath","value":"//td[@aria-colindex=\"1\"]/div/div[contains(@class, \"sapMCbBg\")]"}
RESULT: {"using":"xpath","value":"//td[@aria-colindex=\"1\"]/div/div[contains(@class, \"sapMCbBg\")]"}
COMMAND: POST /session/1078df7af42110589ce6729fcfa5b6f8/elements - {"using":"xpath","value":"//td[@aria-colindex=\"1\"]/div/div[contains(@class, \"sapMCbBg\")]"}
RESULT: {"using":"xpath","value":"//td[@aria-colindex=\"1\"]/div/div[contains(@class, \"sapMCbBg\")]"}
COMMAND: POST /session/1078df7af42110589ce6729fcfa5b6f8/elements - {"using":"xpath","value":"//td[@aria-colindex=\"1\"]/div/div[contains(@class, \"sapMCbBg\")]"}
RESULT: {"using":"xpath","value":"//td[@aria-colindex=\"1\"]/div/div[contains(@class, \"sapMCbBg\")]"}
COMMAND: POST /session/1078df7af42110589ce6729fcfa5b6f8/elements - {"using":"xpath","value":"//td[@aria-colindex=\"1\"]/div/div[contains(@class, \"sapMCbBg\")]"}
RESULT: {"using":"xpath","value":"//td[@aria-colindex=\"1\"]/div/div[contains(@class, \"sapMCbBg\")]"}
COMMAND: POST /session/1078df7af42110589ce6729fcfa5b6f8/elements - {"using":"xpath","value":"//td[@aria-colindex=\"1\"]/div/div[contains(@class, \"sapMCbBg\")]"}
RESULT: {"using":"xpath","value":"//td[@aria-colindex=\"1\"]/div/div[contains(@class, \"sapMCbBg\")]"}
COMMAND: POST /session/1078df7af42110589ce6729fcfa5b6f8/elements - {"using":"xpath","value":"//td[@aria-colindex=\"1\"]/div/div[contains(@class, \"sapMCbBg\")]"}
RESULT: {"using":"xpath","value":"//td[@aria-colindex=\"1\"]/div/div[contains(@class, \"sapMCbBg\")]"}
COMMAND: POST /session/1078df7af42110589ce6729fcfa5b6f8/elements - {"using":"xpath","value":"//td[@aria-colindex=\"1\"]/div/div[contains(@class, \"sapMCbBg\")]"}
RESULT: {"using":"xpath","value":"//td[@aria-colindex=\"1\"]/div/div[contains(@class, \"sapMCbBg\")]"}
COMMAND: POST /session/1078df7af42110589ce6729fcfa5b6f8/elements - {"using":"xpath","value":"//td[@aria-colindex=\"1\"]/div/div[contains(@class, \"sapMCbBg\")]"}
RESULT: {"using":"xpath","value":"//td[@aria-colindex=\"1\"]/div/div[contains(@class, \"sapMCbBg\")]"}
COMMAND: POST /session/1078df7af42110589ce6729fcfa5b6f8/elements - {"using":"xpath","value":"//td[@aria-colindex=\"1\"]/div/div[contains(@class, \"sapMCbBg\")]"}
RESULT: {"using":"xpath","value":"//td[@aria-colindex=\"1\"]/div/div[contains(@class, \"sapMCbBg\")]"}
COMMAND: POST /session/1078df7af42110589ce6729fcfa5b6f8/elements - {"using":"xpath","value":"//td[@aria-colindex=\"1\"]/div/div[contains(@class, \"sapMCbBg\")]"}
RESULT: {"using":"xpath","value":"//td[@aria-colindex=\"1\"]/div/div[contains(@class, \"sapMCbBg\")]"}
COMMAND: POST /session/1078df7af42110589ce6729fcfa5b6f8/elements - {"using":"xpath","value":"//td[@aria-colindex=\"1\"]/div/div[contains(@class, \"sapMCbBg\")]"}
RESULT: {"using":"xpath","value":"//td[@aria-colindex=\"1\"]/div/div[contains(@class, \"sapMCbBg\")]"}
COMMAND: POST /session/1078df7af42110589ce6729fcfa5b6f8/elements - {"using":"xpath","value":"//td[@aria-colindex=\"1\"]/div/div[contains(@class, \"sapMCbBg\")]"}
RESULT: {"using":"xpath","value":"//td[@aria-colindex=\"1\"]/div/div[contains(@class, \"sapMCbBg\")]"}
COMMAND: POST /session/1078df7af42110589ce6729fcfa5b6f8/elements - {"using":"xpath","value":"//td[@aria-colindex=\"1\"]/div/div[contains(@class, \"sapMCbBg\")]"}
RESULT: {"using":"xpath","value":"//td[@aria-colindex=\"1\"]/div/div[contains(@class, \"sapMCbBg\")]"}
COMMAND: POST /session/1078df7af42110589ce6729fcfa5b6f8/elements - {"using":"xpath","value":"//td[@aria-colindex=\"1\"]/div/div[contains(@class, \"sapMCbBg\")]"}
RESULT: {"using":"xpath","value":"//td[@aria-colindex=\"1\"]/div/div[contains(@class, \"sapMCbBg\")]"}
COMMAND: POST /session/1078df7af42110589ce6729fcfa5b6f8/elements - {"using":"xpath","value":"//td[@aria-colindex=\"1\"]/div/div[contains(@class, \"sapMCbBg\")]"}
RESULT: {"using":"xpath","value":"//td[@aria-colindex=\"1\"]/div/div[contains(@class, \"sapMCbBg\")]"}
COMMAND: POST /session/1078df7af42110589ce6729fcfa5b6f8/elements - {"using":"xpath","value":"//td[@aria-colindex=\"1\"]/div/div[contains(@class, \"sapMCbBg\")]"}
RESULT: {"using":"xpath","value":"//td[@aria-colindex=\"1\"]/div/div[contains(@class, \"sapMCbBg\")]"}
COMMAND: POST /session/1078df7af42110589ce6729fcfa5b6f8/elements - {"using":"xpath","value":"//td[@aria-colindex=\"1\"]/div/div[contains(@class, \"sapMCbBg\")]"}
RESULT: {"using":"xpath","value":"//td[@aria-colindex=\"1\"]/div/div[contains(@class, \"sapMCbBg\")]"}
COMMAND: POST /session/1078df7af42110589ce6729fcfa5b6f8/elements - {"using":"xpath","value":"//td[@aria-colindex=\"1\"]/div/div[contains(@class, \"sapMCbBg\")]"}
RESULT: {"using":"xpath","value":"//td[@aria-colindex=\"1\"]/div/div[contains(@class, \"sapMCbBg\")]"}
COMMAND: POST /session/1078df7af42110589ce6729fcfa5b6f8/elements - {"using":"xpath","value":"//td[@aria-colindex=\"1\"]/div/div[contains(@class, \"sapMCbBg\")]"}
RESULT: {"using":"xpath","value":"//td[@aria-colindex=\"1\"]/div/div[contains(@class, \"sapMCbBg\")]"}
COMMAND: POST /session/1078df7af42110589ce6729fcfa5b6f8/elements - {"using":"xpath","value":"//td[@aria-colindex=\"1\"]/div/div[contains(@class, \"sapMCbBg\")]"}
RESULT: {"using":"xpath","value":"//td[@aria-colindex=\"1\"]/div/div[contains(@class, \"sapMCbBg\")]"}
COMMAND: POST /session/1078df7af42110589ce6729fcfa5b6f8/elements - {"using":"xpath","value":"//td[@aria-colindex=\"1\"]/div/div[contains(@class, \"sapMCbBg\")]"}
RESULT: {"using":"xpath","value":"//td[@aria-colindex=\"1\"]/div/div[contains(@class, \"sapMCbBg\")]"}
COMMAND: POST /session/1078df7af42110589ce6729fcfa5b6f8/elements - {"using":"xpath","value":"//td[@aria-colindex=\"1\"]/div/div[contains(@class, \"sapMCbBg\")]"}
RESULT: {"using":"xpath","value":"//td[@aria-colindex=\"1\"]/div/div[contains(@class, \"sapMCbBg\")]"}
COMMAND: POST /session/1078df7af42110589ce6729fcfa5b6f8/elements - {"using":"xpath","value":"//td[@aria-colindex=\"1\"]/div/div[contains(@class, \"sapMCbBg\")]"}
RESULT: {"using":"xpath","value":"//td[@aria-colindex=\"1\"]/div/div[contains(@class, \"sapMCbBg\")]"}
COMMAND: POST /session/1078df7af42110589ce6729fcfa5b6f8/elements - {"using":"xpath","value":"//td[@aria-colindex=\"1\"]/div/div[contains(@class, \"sapMCbBg\")]"}
RESULT: {"using":"xpath","value":"//td[@aria-colindex=\"1\"]/div/div[contains(@class, \"sapMCbBg\")]"}
COMMAND: POST /session/1078df7af42110589ce6729fcfa5b6f8/elements - {"using":"xpath","value":"//td[@aria-colindex=\"1\"]/div/div[contains(@class, \"sapMCbBg\")]"}
RESULT: {"using":"xpath","value":"//td[@aria-colindex=\"1\"]/div/div[contains(@class, \"sapMCbBg\")]"}
COMMAND: POST /session/1078df7af42110589ce6729fcfa5b6f8/elements - {"using":"xpath","value":"//td[@aria-colindex=\"1\"]/div/div[contains(@class, \"sapMCbBg\")]"}
RESULT: {"using":"xpath","value":"//td[@aria-colindex=\"1\"]/div/div[contains(@class, \"sapMCbBg\")]"}
COMMAND: POST /session/1078df7af42110589ce6729fcfa5b6f8/elements - {"using":"xpath","value":"//td[@aria-colindex=\"1\"]/div/div[contains(@class, \"sapMCbBg\")]"}
RESULT: {"using":"xpath","value":"//td[@aria-colindex=\"1\"]/div/div[contains(@class, \"sapMCbBg\")]"}
COMMAND: POST /session/1078df7af42110589ce6729fcfa5b6f8/elements - {"using":"xpath","value":"//td[@aria-colindex=\"1\"]/div/div[contains(@class, \"sapMCbBg\")]"}
RESULT: {"using":"xpath","value":"//td[@aria-colindex=\"1\"]/div/div[contains(@class, \"sapMCbBg\")]"}
COMMAND: POST /session/1078df7af42110589ce6729fcfa5b6f8/elements - {"using":"xpath","value":"//td[@aria-colindex=\"1\"]/div/div[contains(@class, \"sapMCbBg\")]"}
RESULT: {"using":"xpath","value":"//td[@aria-colindex=\"1\"]/div/div[contains(@class, \"sapMCbBg\")]"}
COMMAND: POST /session/1078df7af42110589ce6729fcfa5b6f8/elements - {"using":"xpath","value":"//td[@aria-colindex=\"1\"]/div/div[contains(@class, \"sapMCbBg\")]"}
RESULT: {"using":"xpath","value":"//td[@aria-colindex=\"1\"]/div/div[contains(@class, \"sapMCbBg\")]"}
COMMAND: POST /session/1078df7af42110589ce6729fcfa5b6f8/elements - {"using":"xpath","value":"//td[@aria-colindex=\"1\"]/div/div[contains(@class, \"sapMCbBg\")]"}
RESULT: {"using":"xpath","value":"//td[@aria-colindex=\"1\"]/div/div[contains(@class, \"sapMCbBg\")]"}
COMMAND: POST /session/1078df7af42110589ce6729fcfa5b6f8/elements - {"using":"xpath","value":"//td[@aria-colindex=\"1\"]/div/div[contains(@class, \"sapMCbBg\")]"}
RESULT: {"using":"xpath","value":"//td[@aria-colindex=\"1\"]/div/div[contains(@class, \"sapMCbBg\")]"}
COMMAND: POST /session/1078df7af42110589ce6729fcfa5b6f8/elements - {"using":"xpath","value":"//td[@aria-colindex=\"1\"]/div/div[contains(@class, \"sapMCbBg\")]"}
RESULT: {"using":"xpath","value":"//td[@aria-colindex=\"1\"]/div/div[contains(@class, \"sapMCbBg\")]"}
COMMAND: POST /session/1078df7af42110589ce6729fcfa5b6f8/elements - {"using":"xpath","value":"//td[@aria-colindex=\"1\"]/div/div[contains(@class, \"sapMCbBg\")]"}
RESULT: {"using":"xpath","value":"//td[@aria-colindex=\"1\"]/div/div[contains(@class, \"sapMCbBg\")]"}
COMMAND: POST /session/1078df7af42110589ce6729fcfa5b6f8/elements - {"using":"xpath","value":"//td[@aria-colindex=\"1\"]/div/div[contains(@class, \"sapMCbBg\")]"}
RESULT: {"using":"xpath","value":"//td[@aria-colindex=\"1\"]/div/div[contains(@class, \"sapMCbBg\")]"}
COMMAND: POST /session/1078df7af42110589ce6729fcfa5b6f8/elements - {"using":"xpath","value":"//td[@aria-colindex=\"1\"]/div/div[contains(@class, \"sapMCbBg\")]"}
RESULT: {"using":"xpath","value":"//td[@aria-colindex=\"1\"]/div/div[contains(@class, \"sapMCbBg\")]"}
COMMAND: POST /session/1078df7af42110589ce6729fcfa5b6f8/elements - {"using":"xpath","value":"//td[@aria-colindex=\"1\"]/div/div[contains(@class, \"sapMCbBg\")]"}
RESULT: {"using":"xpath","value":"//td[@aria-colindex=\"1\"]/div/div[contains(@class, \"sapMCbBg\")]"}
COMMAND: POST /session/1078df7af42110589ce6729fcfa5b6f8/elements - {"using":"xpath","value":"//td[@aria-colindex=\"1\"]/div/div[contains(@class, \"sapMCbBg\")]"}
RESULT: {"using":"xpath","value":"//td[@aria-colindex=\"1\"]/div/div[contains(@class, \"sapMCbBg\")]"}
COMMAND: POST /session/1078df7af42110589ce6729fcfa5b6f8/elements - {"using":"xpath","value":"//td[@aria-colindex=\"1\"]/div/div[contains(@class, \"sapMCbBg\")]"}
RESULT: {"using":"xpath","value":"//td[@aria-colindex=\"1\"]/div/div[contains(@class, \"sapMCbBg\")]"}
COMMAND: POST /session/1078df7af42110589ce6729fcfa5b6f8/elements - {"using":"xpath","value":"//td[@aria-colindex=\"1\"]/div/div[contains(@class, \"sapMCbBg\")]"}
RESULT: {"using":"xpath","value":"//td[@aria-colindex=\"1\"]/div/div[contains(@class, \"sapMCbBg\")]"}
COMMAND: POST /session/1078df7af42110589ce6729fcfa5b6f8/elements - {"using":"xpath","value":"//td[@aria-colindex=\"1\"]/div/div[contains(@class, \"sapMCbBg\")]"}
RESULT: {"using":"xpath","value":"//td[@aria-colindex=\"1\"]/div/div[contains(@class, \"sapMCbBg\")]"}
COMMAND: POST /session/1078df7af42110589ce6729fcfa5b6f8/elements - {"using":"xpath","value":"//td[@aria-colindex=\"1\"]/div/div[contains(@class, \"sapMCbBg\")]"}
RESULT: {"using":"xpath","value":"//td[@aria-colindex=\"1\"]/div/div[contains(@class, \"sapMCbBg\")]"}
COMMAND: POST /session/1078df7af42110589ce6729fcfa5b6f8/elements - {"using":"xpath","value":"//td[@aria-colindex=\"1\"]/div/div[contains(@class, \"sapMCbBg\")]"}
RESULT: {"using":"xpath","value":"//td[@aria-colindex=\"1\"]/div/div[contains(@class, \"sapMCbBg\")]"}
COMMAND: POST /session/1078df7af42110589ce6729fcfa5b6f8/elements - {"using":"xpath","value":"//td[@aria-colindex=\"1\"]/div/div[contains(@class, \"sapMCbBg\")]"}
RESULT: {"using":"xpath","value":"//td[@aria-colindex=\"1\"]/div/div[contains(@class, \"sapMCbBg\")]"}
COMMAND: POST /session/1078df7af42110589ce6729fcfa5b6f8/elements - {"using":"xpath","value":"//td[@aria-colindex=\"1\"]/div/div[contains(@class, \"sapMCbBg\")]"}
RESULT: {"using":"xpath","value":"//td[@aria-colindex=\"1\"]/div/div[contains(@class, \"sapMCbBg\")]"}
COMMAND: POST /session/1078df7af42110589ce6729fcfa5b6f8/elements - {"using":"xpath","value":"//td[@aria-colindex=\"1\"]/div/div[contains(@class, \"sapMCbBg\")]"}
RESULT: {"using":"xpath","value":"//td[@aria-colindex=\"1\"]/div/div[contains(@class, \"sapMCbBg\")]"}
COMMAND: POST /session/1078df7af42110589ce6729fcfa5b6f8/elements - {"using":"xpath","value":"//td[@aria-colindex=\"1\"]/div/div[contains(@class, \"sapMCbBg\")]"}
RESULT: {"using":"xpath","value":"//td[@aria-colindex=\"1\"]/div/div[contains(@class, \"sapMCbBg\")]"}
COMMAND: POST /session/1078df7af42110589ce6729fcfa5b6f8/elements - {"using":"xpath","value":"//td[@aria-colindex=\"1\"]/div/div[contains(@class, \"sapMCbBg\")]"}
RESULT: {"using":"xpath","value":"//td[@aria-colindex=\"1\"]/div/div[contains(@class, \"sapMCbBg\")]"}
COMMAND: POST /session/1078df7af42110589ce6729fcfa5b6f8/elements - {"using":"xpath","value":"//td[@aria-colindex=\"1\"]/div/div[contains(@class, \"sapMCbBg\")]"}
RESULT: {"using":"xpath","value":"//td[@aria-colindex=\"1\"]/div/div[contains(@class, \"sapMCbBg\")]"}
COMMAND: POST /session/1078df7af42110589ce6729fcfa5b6f8/elements - {"using":"xpath","value":"//td[@aria-colindex=\"1\"]/div/div[contains(@class, \"sapMCbBg\")]"}
RESULT: {"using":"xpath","value":"//td[@aria-colindex=\"1\"]/div/div[contains(@class, \"sapMCbBg\")]"}
COMMAND: POST /session/1078df7af42110589ce6729fcfa5b6f8/elements - {"using":"xpath","value":"//td[@aria-colindex=\"1\"]/div/div[contains(@class, \"sapMCbBg\")]"}
RESULT: {"using":"xpath","value":"//td[@aria-colindex=\"1\"]/div/div[contains(@class, \"sapMCbBg\")]"}
COMMAND: POST /session/1078df7af42110589ce6729fcfa5b6f8/elements - {"using":"xpath","value":"//td[@aria-colindex=\"1\"]/div/div[contains(@class, \"sapMCbBg\")]"}
RESULT: {"using":"xpath","value":"//td[@aria-colindex=\"1\"]/div/div[contains(@class, \"sapMCbBg\")]"}
COMMAND: POST /session/1078df7af42110589ce6729fcfa5b6f8/elements - {"using":"xpath","value":"//td[@aria-colindex=\"1\"]/div/div[contains(@class, \"sapMCbBg\")]"}
RESULT: {"using":"xpath","value":"//td[@aria-colindex=\"1\"]/div/div[contains(@class, \"sapMCbBg\")]"}
COMMAND: POST /session/1078df7af42110589ce6729fcfa5b6f8/elements - {"using":"xpath","value":"//td[@aria-colindex=\"1\"]/div/div[contains(@class, \"sapMCbBg\")]"}
RESULT: {"using":"xpath","value":"//td[@aria-colindex=\"1\"]/div/div[contains(@class, \"sapMCbBg\")]"}
COMMAND: POST /session/1078df7af42110589ce6729fcfa5b6f8/elements - {"using":"xpath","value":"//td[@aria-colindex=\"1\"]/div/div[contains(@class, \"sapMCbBg\")]"}
RESULT: {"using":"xpath","value":"//td[@aria-colindex=\"1\"]/div/div[contains(@class, \"sapMCbBg\")]"}
COMMAND: POST /session/1078df7af42110589ce6729fcfa5b6f8/elements - {"using":"xpath","value":"//td[@aria-colindex=\"1\"]/div/div[contains(@class, \"sapMCbBg\")]"}
RESULT: {"using":"xpath","value":"//td[@aria-colindex=\"1\"]/div/div[contains(@class, \"sapMCbBg\")]"}
COMMAND: POST /session/1078df7af42110589ce6729fcfa5b6f8/elements - {"using":"xpath","value":"//td[@aria-colindex=\"1\"]/div/div[contains(@class, \"sapMCbBg\")]"}
RESULT: {"using":"xpath","value":"//td[@aria-colindex=\"1\"]/div/div[contains(@class, \"sapMCbBg\")]"}
COMMAND: POST /session/1078df7af42110589ce6729fcfa5b6f8/elements - {"using":"xpath","value":"//td[@aria-colindex=\"1\"]/div/div[contains(@class, \"sapMCbBg\")]"}
RESULT: {"using":"xpath","value":"//td[@aria-colindex=\"1\"]/div/div[contains(@class, \"sapMCbBg\")]"}
COMMAND: POST /session/1078df7af42110589ce6729fcfa5b6f8/elements - {"using":"xpath","value":"//td[@aria-colindex=\"1\"]/div/div[contains(@class, \"sapMCbBg\")]"}
RESULT: {"using":"xpath","value":"//td[@aria-colindex=\"1\"]/div/div[contains(@class, \"sapMCbBg\")]"}
COMMAND: POST /session/1078df7af42110589ce6729fcfa5b6f8/elements - {"using":"xpath","value":"//td[@aria-colindex=\"1\"]/div/div[contains(@class, \"sapMCbBg\")]"}
RESULT: {"using":"xpath","value":"//td[@aria-colindex=\"1\"]/div/div[contains(@class, \"sapMCbBg\")]"}
COMMAND: POST /session/1078df7af42110589ce6729fcfa5b6f8/elements - {"using":"xpath","value":"//td[@aria-colindex=\"1\"]/div/div[contains(@class, \"sapMCbBg\")]"}
RESULT: {"using":"xpath","value":"//td[@aria-colindex=\"1\"]/div/div[contains(@class, \"sapMCbBg\")]"}
COMMAND: GET /session/1078df7af42110589ce6729fcfa5b6f8/screenshot - {}
RESULT: {}
]]></system-out>
      <system-err><![CDATA[
Error: Can't call click on element with selector "//td[@aria-colindex="1"]/div/div[contains(@class, "sapMCbBg")]" because element wasn't found
    at async UtilsPrerequisites.manageBillingsTriggerCalculation (D:\a\1\s\test\specs\BTS\prerequisites-and-utils-functions.js:2750:9)
    at async Context.<anonymous> (D:\a\1\s\test\specs\BTS\billing-transfer-intercompany.spec.js:73:9)
]]></system-err>
    </testcase>
    <testcase classname="chrome.136_0_7103_93.windows.Billing_Transfer_-_Master_data_&amp;_Intercompany_US127250" name="Should do Billing Transfer all the way into invoice open for intercompany case" time="56.029">
      <failure/>
      <error message="element (&quot;//input[contains(@id ,&quot;application-billingtransfer-display-component---billingWorkbench--smartFilterBar-btnBasicSearch&quot;)]&quot;) still not existing after 45000ms"/>
      <system-out><![CDATA[
COMMAND: POST /session/1078df7af42110589ce6729fcfa5b6f8/execute/async - {"script":"<script> [1562 bytes]","args":[{"selector":{"controlType":"sap.m.GenericTile","properties":{"header":"Billing Transfer"}},"wdio_ui5_key":"sapm.GenericTile{\"header\":\"Billing Transfer\"}"}]}
COMMAND: GET /session/1078df7af42110589ce6729fcfa5b6f8/screenshot - {}
RESULT: {"script":"<script> [1562 bytes]","args":[{"selector":{"controlType":"sap.m.GenericTile","properties":{"header":"Billing Transfer"}},"wdio_ui5_key":"sapm.GenericTile{\"header\":\"Billing Transfer\"}"}]}
RESULT: undefined
RESULT: {}
COMMAND: POST /session/1078df7af42110589ce6729fcfa5b6f8/elements - {"using":"xpath","value":"//span[text()='Error']"}
RESULT: {"using":"xpath","value":"//span[text()='Error']"}
COMMAND: POST /session/1078df7af42110589ce6729fcfa5b6f8/element - {"using":"xpath","value":"//input[contains(@id ,\"application-billingtransfer-display-component---billingWorkbench--smartFilterBar-btnBasicSearch\")]"}
RESULT: {"using":"xpath","value":"//input[contains(@id ,\"application-billingtransfer-display-component---billingWorkbench--smartFilterBar-btnBasicSearch\")]"}
COMMAND: POST /session/1078df7af42110589ce6729fcfa5b6f8/elements - {"using":"xpath","value":"//input[contains(@id ,\"application-billingtransfer-display-component---billingWorkbench--smartFilterBar-btnBasicSearch\")]"}
RESULT: {"using":"xpath","value":"//input[contains(@id ,\"application-billingtransfer-display-component---billingWorkbench--smartFilterBar-btnBasicSearch\")]"}
COMMAND: POST /session/1078df7af42110589ce6729fcfa5b6f8/elements - {"using":"xpath","value":"//input[contains(@id ,\"application-billingtransfer-display-component---billingWorkbench--smartFilterBar-btnBasicSearch\")]"}
RESULT: {"using":"xpath","value":"//input[contains(@id ,\"application-billingtransfer-display-component---billingWorkbench--smartFilterBar-btnBasicSearch\")]"}
COMMAND: POST /session/1078df7af42110589ce6729fcfa5b6f8/elements - {"using":"xpath","value":"//input[contains(@id ,\"application-billingtransfer-display-component---billingWorkbench--smartFilterBar-btnBasicSearch\")]"}
RESULT: {"using":"xpath","value":"//input[contains(@id ,\"application-billingtransfer-display-component---billingWorkbench--smartFilterBar-btnBasicSearch\")]"}
COMMAND: POST /session/1078df7af42110589ce6729fcfa5b6f8/elements - {"using":"xpath","value":"//input[contains(@id ,\"application-billingtransfer-display-component---billingWorkbench--smartFilterBar-btnBasicSearch\")]"}
RESULT: {"using":"xpath","value":"//input[contains(@id ,\"application-billingtransfer-display-component---billingWorkbench--smartFilterBar-btnBasicSearch\")]"}
COMMAND: POST /session/1078df7af42110589ce6729fcfa5b6f8/elements - {"using":"xpath","value":"//input[contains(@id ,\"application-billingtransfer-display-component---billingWorkbench--smartFilterBar-btnBasicSearch\")]"}
RESULT: {"using":"xpath","value":"//input[contains(@id ,\"application-billingtransfer-display-component---billingWorkbench--smartFilterBar-btnBasicSearch\")]"}
COMMAND: POST /session/1078df7af42110589ce6729fcfa5b6f8/elements - {"using":"xpath","value":"//input[contains(@id ,\"application-billingtransfer-display-component---billingWorkbench--smartFilterBar-btnBasicSearch\")]"}
RESULT: {"using":"xpath","value":"//input[contains(@id ,\"application-billingtransfer-display-component---billingWorkbench--smartFilterBar-btnBasicSearch\")]"}
COMMAND: POST /session/1078df7af42110589ce6729fcfa5b6f8/elements - {"using":"xpath","value":"//input[contains(@id ,\"application-billingtransfer-display-component---billingWorkbench--smartFilterBar-btnBasicSearch\")]"}
RESULT: {"using":"xpath","value":"//input[contains(@id ,\"application-billingtransfer-display-component---billingWorkbench--smartFilterBar-btnBasicSearch\")]"}
COMMAND: POST /session/1078df7af42110589ce6729fcfa5b6f8/elements - {"using":"xpath","value":"//input[contains(@id ,\"application-billingtransfer-display-component---billingWorkbench--smartFilterBar-btnBasicSearch\")]"}
RESULT: {"using":"xpath","value":"//input[contains(@id ,\"application-billingtransfer-display-component---billingWorkbench--smartFilterBar-btnBasicSearch\")]"}
COMMAND: POST /session/1078df7af42110589ce6729fcfa5b6f8/elements - {"using":"xpath","value":"//input[contains(@id ,\"application-billingtransfer-display-component---billingWorkbench--smartFilterBar-btnBasicSearch\")]"}
RESULT: {"using":"xpath","value":"//input[contains(@id ,\"application-billingtransfer-display-component---billingWorkbench--smartFilterBar-btnBasicSearch\")]"}
COMMAND: POST /session/1078df7af42110589ce6729fcfa5b6f8/elements - {"using":"xpath","value":"//input[contains(@id ,\"application-billingtransfer-display-component---billingWorkbench--smartFilterBar-btnBasicSearch\")]"}
RESULT: {"using":"xpath","value":"//input[contains(@id ,\"application-billingtransfer-display-component---billingWorkbench--smartFilterBar-btnBasicSearch\")]"}
COMMAND: POST /session/1078df7af42110589ce6729fcfa5b6f8/elements - {"using":"xpath","value":"//input[contains(@id ,\"application-billingtransfer-display-component---billingWorkbench--smartFilterBar-btnBasicSearch\")]"}
RESULT: {"using":"xpath","value":"//input[contains(@id ,\"application-billingtransfer-display-component---billingWorkbench--smartFilterBar-btnBasicSearch\")]"}
COMMAND: POST /session/1078df7af42110589ce6729fcfa5b6f8/elements - {"using":"xpath","value":"//input[contains(@id ,\"application-billingtransfer-display-component---billingWorkbench--smartFilterBar-btnBasicSearch\")]"}
RESULT: {"using":"xpath","value":"//input[contains(@id ,\"application-billingtransfer-display-component---billingWorkbench--smartFilterBar-btnBasicSearch\")]"}
COMMAND: POST /session/1078df7af42110589ce6729fcfa5b6f8/elements - {"using":"xpath","value":"//input[contains(@id ,\"application-billingtransfer-display-component---billingWorkbench--smartFilterBar-btnBasicSearch\")]"}
RESULT: {"using":"xpath","value":"//input[contains(@id ,\"application-billingtransfer-display-component---billingWorkbench--smartFilterBar-btnBasicSearch\")]"}
COMMAND: POST /session/1078df7af42110589ce6729fcfa5b6f8/elements - {"using":"xpath","value":"//input[contains(@id ,\"application-billingtransfer-display-component---billingWorkbench--smartFilterBar-btnBasicSearch\")]"}
RESULT: {"using":"xpath","value":"//input[contains(@id ,\"application-billingtransfer-display-component---billingWorkbench--smartFilterBar-btnBasicSearch\")]"}
COMMAND: POST /session/1078df7af42110589ce6729fcfa5b6f8/elements - {"using":"xpath","value":"//input[contains(@id ,\"application-billingtransfer-display-component---billingWorkbench--smartFilterBar-btnBasicSearch\")]"}
RESULT: {"using":"xpath","value":"//input[contains(@id ,\"application-billingtransfer-display-component---billingWorkbench--smartFilterBar-btnBasicSearch\")]"}
COMMAND: POST /session/1078df7af42110589ce6729fcfa5b6f8/elements - {"using":"xpath","value":"//input[contains(@id ,\"application-billingtransfer-display-component---billingWorkbench--smartFilterBar-btnBasicSearch\")]"}
RESULT: {"using":"xpath","value":"//input[contains(@id ,\"application-billingtransfer-display-component---billingWorkbench--smartFilterBar-btnBasicSearch\")]"}
COMMAND: POST /session/1078df7af42110589ce6729fcfa5b6f8/elements - {"using":"xpath","value":"//input[contains(@id ,\"application-billingtransfer-display-component---billingWorkbench--smartFilterBar-btnBasicSearch\")]"}
RESULT: {"using":"xpath","value":"//input[contains(@id ,\"application-billingtransfer-display-component---billingWorkbench--smartFilterBar-btnBasicSearch\")]"}
COMMAND: POST /session/1078df7af42110589ce6729fcfa5b6f8/elements - {"using":"xpath","value":"//input[contains(@id ,\"application-billingtransfer-display-component---billingWorkbench--smartFilterBar-btnBasicSearch\")]"}
RESULT: {"using":"xpath","value":"//input[contains(@id ,\"application-billingtransfer-display-component---billingWorkbench--smartFilterBar-btnBasicSearch\")]"}
COMMAND: POST /session/1078df7af42110589ce6729fcfa5b6f8/elements - {"using":"xpath","value":"//input[contains(@id ,\"application-billingtransfer-display-component---billingWorkbench--smartFilterBar-btnBasicSearch\")]"}
RESULT: {"using":"xpath","value":"//input[contains(@id ,\"application-billingtransfer-display-component---billingWorkbench--smartFilterBar-btnBasicSearch\")]"}
COMMAND: POST /session/1078df7af42110589ce6729fcfa5b6f8/elements - {"using":"xpath","value":"//input[contains(@id ,\"application-billingtransfer-display-component---billingWorkbench--smartFilterBar-btnBasicSearch\")]"}
RESULT: {"using":"xpath","value":"//input[contains(@id ,\"application-billingtransfer-display-component---billingWorkbench--smartFilterBar-btnBasicSearch\")]"}
COMMAND: POST /session/1078df7af42110589ce6729fcfa5b6f8/elements - {"using":"xpath","value":"//input[contains(@id ,\"application-billingtransfer-display-component---billingWorkbench--smartFilterBar-btnBasicSearch\")]"}
RESULT: {"using":"xpath","value":"//input[contains(@id ,\"application-billingtransfer-display-component---billingWorkbench--smartFilterBar-btnBasicSearch\")]"}
COMMAND: POST /session/1078df7af42110589ce6729fcfa5b6f8/elements - {"using":"xpath","value":"//input[contains(@id ,\"application-billingtransfer-display-component---billingWorkbench--smartFilterBar-btnBasicSearch\")]"}
RESULT: {"using":"xpath","value":"//input[contains(@id ,\"application-billingtransfer-display-component---billingWorkbench--smartFilterBar-btnBasicSearch\")]"}
COMMAND: POST /session/1078df7af42110589ce6729fcfa5b6f8/elements - {"using":"xpath","value":"//input[contains(@id ,\"application-billingtransfer-display-component---billingWorkbench--smartFilterBar-btnBasicSearch\")]"}
RESULT: {"using":"xpath","value":"//input[contains(@id ,\"application-billingtransfer-display-component---billingWorkbench--smartFilterBar-btnBasicSearch\")]"}
COMMAND: POST /session/1078df7af42110589ce6729fcfa5b6f8/elements - {"using":"xpath","value":"//input[contains(@id ,\"application-billingtransfer-display-component---billingWorkbench--smartFilterBar-btnBasicSearch\")]"}
RESULT: {"using":"xpath","value":"//input[contains(@id ,\"application-billingtransfer-display-component---billingWorkbench--smartFilterBar-btnBasicSearch\")]"}
COMMAND: POST /session/1078df7af42110589ce6729fcfa5b6f8/elements - {"using":"xpath","value":"//input[contains(@id ,\"application-billingtransfer-display-component---billingWorkbench--smartFilterBar-btnBasicSearch\")]"}
RESULT: {"using":"xpath","value":"//input[contains(@id ,\"application-billingtransfer-display-component---billingWorkbench--smartFilterBar-btnBasicSearch\")]"}
COMMAND: POST /session/1078df7af42110589ce6729fcfa5b6f8/elements - {"using":"xpath","value":"//input[contains(@id ,\"application-billingtransfer-display-component---billingWorkbench--smartFilterBar-btnBasicSearch\")]"}
RESULT: {"using":"xpath","value":"//input[contains(@id ,\"application-billingtransfer-display-component---billingWorkbench--smartFilterBar-btnBasicSearch\")]"}
COMMAND: POST /session/1078df7af42110589ce6729fcfa5b6f8/elements - {"using":"xpath","value":"//input[contains(@id ,\"application-billingtransfer-display-component---billingWorkbench--smartFilterBar-btnBasicSearch\")]"}
RESULT: {"using":"xpath","value":"//input[contains(@id ,\"application-billingtransfer-display-component---billingWorkbench--smartFilterBar-btnBasicSearch\")]"}
COMMAND: POST /session/1078df7af42110589ce6729fcfa5b6f8/elements - {"using":"xpath","value":"//input[contains(@id ,\"application-billingtransfer-display-component---billingWorkbench--smartFilterBar-btnBasicSearch\")]"}
RESULT: {"using":"xpath","value":"//input[contains(@id ,\"application-billingtransfer-display-component---billingWorkbench--smartFilterBar-btnBasicSearch\")]"}
COMMAND: POST /session/1078df7af42110589ce6729fcfa5b6f8/elements - {"using":"xpath","value":"//input[contains(@id ,\"application-billingtransfer-display-component---billingWorkbench--smartFilterBar-btnBasicSearch\")]"}
RESULT: {"using":"xpath","value":"//input[contains(@id ,\"application-billingtransfer-display-component---billingWorkbench--smartFilterBar-btnBasicSearch\")]"}
COMMAND: POST /session/1078df7af42110589ce6729fcfa5b6f8/elements - {"using":"xpath","value":"//input[contains(@id ,\"application-billingtransfer-display-component---billingWorkbench--smartFilterBar-btnBasicSearch\")]"}
RESULT: {"using":"xpath","value":"//input[contains(@id ,\"application-billingtransfer-display-component---billingWorkbench--smartFilterBar-btnBasicSearch\")]"}
COMMAND: POST /session/1078df7af42110589ce6729fcfa5b6f8/elements - {"using":"xpath","value":"//input[contains(@id ,\"application-billingtransfer-display-component---billingWorkbench--smartFilterBar-btnBasicSearch\")]"}
RESULT: {"using":"xpath","value":"//input[contains(@id ,\"application-billingtransfer-display-component---billingWorkbench--smartFilterBar-btnBasicSearch\")]"}
COMMAND: POST /session/1078df7af42110589ce6729fcfa5b6f8/elements - {"using":"xpath","value":"//input[contains(@id ,\"application-billingtransfer-display-component---billingWorkbench--smartFilterBar-btnBasicSearch\")]"}
RESULT: {"using":"xpath","value":"//input[contains(@id ,\"application-billingtransfer-display-component---billingWorkbench--smartFilterBar-btnBasicSearch\")]"}
COMMAND: POST /session/1078df7af42110589ce6729fcfa5b6f8/elements - {"using":"xpath","value":"//input[contains(@id ,\"application-billingtransfer-display-component---billingWorkbench--smartFilterBar-btnBasicSearch\")]"}
RESULT: {"using":"xpath","value":"//input[contains(@id ,\"application-billingtransfer-display-component---billingWorkbench--smartFilterBar-btnBasicSearch\")]"}
COMMAND: POST /session/1078df7af42110589ce6729fcfa5b6f8/elements - {"using":"xpath","value":"//input[contains(@id ,\"application-billingtransfer-display-component---billingWorkbench--smartFilterBar-btnBasicSearch\")]"}
RESULT: {"using":"xpath","value":"//input[contains(@id ,\"application-billingtransfer-display-component---billingWorkbench--smartFilterBar-btnBasicSearch\")]"}
COMMAND: POST /session/1078df7af42110589ce6729fcfa5b6f8/elements - {"using":"xpath","value":"//input[contains(@id ,\"application-billingtransfer-display-component---billingWorkbench--smartFilterBar-btnBasicSearch\")]"}
RESULT: {"using":"xpath","value":"//input[contains(@id ,\"application-billingtransfer-display-component---billingWorkbench--smartFilterBar-btnBasicSearch\")]"}
COMMAND: POST /session/1078df7af42110589ce6729fcfa5b6f8/elements - {"using":"xpath","value":"//input[contains(@id ,\"application-billingtransfer-display-component---billingWorkbench--smartFilterBar-btnBasicSearch\")]"}
RESULT: {"using":"xpath","value":"//input[contains(@id ,\"application-billingtransfer-display-component---billingWorkbench--smartFilterBar-btnBasicSearch\")]"}
COMMAND: POST /session/1078df7af42110589ce6729fcfa5b6f8/elements - {"using":"xpath","value":"//input[contains(@id ,\"application-billingtransfer-display-component---billingWorkbench--smartFilterBar-btnBasicSearch\")]"}
RESULT: {"using":"xpath","value":"//input[contains(@id ,\"application-billingtransfer-display-component---billingWorkbench--smartFilterBar-btnBasicSearch\")]"}
COMMAND: POST /session/1078df7af42110589ce6729fcfa5b6f8/elements - {"using":"xpath","value":"//input[contains(@id ,\"application-billingtransfer-display-component---billingWorkbench--smartFilterBar-btnBasicSearch\")]"}
RESULT: {"using":"xpath","value":"//input[contains(@id ,\"application-billingtransfer-display-component---billingWorkbench--smartFilterBar-btnBasicSearch\")]"}
COMMAND: POST /session/1078df7af42110589ce6729fcfa5b6f8/elements - {"using":"xpath","value":"//input[contains(@id ,\"application-billingtransfer-display-component---billingWorkbench--smartFilterBar-btnBasicSearch\")]"}
RESULT: {"using":"xpath","value":"//input[contains(@id ,\"application-billingtransfer-display-component---billingWorkbench--smartFilterBar-btnBasicSearch\")]"}
COMMAND: POST /session/1078df7af42110589ce6729fcfa5b6f8/elements - {"using":"xpath","value":"//input[contains(@id ,\"application-billingtransfer-display-component---billingWorkbench--smartFilterBar-btnBasicSearch\")]"}
RESULT: {"using":"xpath","value":"//input[contains(@id ,\"application-billingtransfer-display-component---billingWorkbench--smartFilterBar-btnBasicSearch\")]"}
COMMAND: POST /session/1078df7af42110589ce6729fcfa5b6f8/elements - {"using":"xpath","value":"//input[contains(@id ,\"application-billingtransfer-display-component---billingWorkbench--smartFilterBar-btnBasicSearch\")]"}
RESULT: {"using":"xpath","value":"//input[contains(@id ,\"application-billingtransfer-display-component---billingWorkbench--smartFilterBar-btnBasicSearch\")]"}
COMMAND: POST /session/1078df7af42110589ce6729fcfa5b6f8/elements - {"using":"xpath","value":"//input[contains(@id ,\"application-billingtransfer-display-component---billingWorkbench--smartFilterBar-btnBasicSearch\")]"}
RESULT: {"using":"xpath","value":"//input[contains(@id ,\"application-billingtransfer-display-component---billingWorkbench--smartFilterBar-btnBasicSearch\")]"}
COMMAND: POST /session/1078df7af42110589ce6729fcfa5b6f8/elements - {"using":"xpath","value":"//input[contains(@id ,\"application-billingtransfer-display-component---billingWorkbench--smartFilterBar-btnBasicSearch\")]"}
RESULT: {"using":"xpath","value":"//input[contains(@id ,\"application-billingtransfer-display-component---billingWorkbench--smartFilterBar-btnBasicSearch\")]"}
COMMAND: POST /session/1078df7af42110589ce6729fcfa5b6f8/elements - {"using":"xpath","value":"//input[contains(@id ,\"application-billingtransfer-display-component---billingWorkbench--smartFilterBar-btnBasicSearch\")]"}
RESULT: {"using":"xpath","value":"//input[contains(@id ,\"application-billingtransfer-display-component---billingWorkbench--smartFilterBar-btnBasicSearch\")]"}
COMMAND: POST /session/1078df7af42110589ce6729fcfa5b6f8/elements - {"using":"xpath","value":"//input[contains(@id ,\"application-billingtransfer-display-component---billingWorkbench--smartFilterBar-btnBasicSearch\")]"}
RESULT: {"using":"xpath","value":"//input[contains(@id ,\"application-billingtransfer-display-component---billingWorkbench--smartFilterBar-btnBasicSearch\")]"}
COMMAND: POST /session/1078df7af42110589ce6729fcfa5b6f8/elements - {"using":"xpath","value":"//input[contains(@id ,\"application-billingtransfer-display-component---billingWorkbench--smartFilterBar-btnBasicSearch\")]"}
RESULT: {"using":"xpath","value":"//input[contains(@id ,\"application-billingtransfer-display-component---billingWorkbench--smartFilterBar-btnBasicSearch\")]"}
COMMAND: POST /session/1078df7af42110589ce6729fcfa5b6f8/elements - {"using":"xpath","value":"//input[contains(@id ,\"application-billingtransfer-display-component---billingWorkbench--smartFilterBar-btnBasicSearch\")]"}
RESULT: {"using":"xpath","value":"//input[contains(@id ,\"application-billingtransfer-display-component---billingWorkbench--smartFilterBar-btnBasicSearch\")]"}
COMMAND: POST /session/1078df7af42110589ce6729fcfa5b6f8/elements - {"using":"xpath","value":"//input[contains(@id ,\"application-billingtransfer-display-component---billingWorkbench--smartFilterBar-btnBasicSearch\")]"}
RESULT: {"using":"xpath","value":"//input[contains(@id ,\"application-billingtransfer-display-component---billingWorkbench--smartFilterBar-btnBasicSearch\")]"}
COMMAND: POST /session/1078df7af42110589ce6729fcfa5b6f8/elements - {"using":"xpath","value":"//input[contains(@id ,\"application-billingtransfer-display-component---billingWorkbench--smartFilterBar-btnBasicSearch\")]"}
RESULT: {"using":"xpath","value":"//input[contains(@id ,\"application-billingtransfer-display-component---billingWorkbench--smartFilterBar-btnBasicSearch\")]"}
COMMAND: POST /session/1078df7af42110589ce6729fcfa5b6f8/elements - {"using":"xpath","value":"//input[contains(@id ,\"application-billingtransfer-display-component---billingWorkbench--smartFilterBar-btnBasicSearch\")]"}
RESULT: {"using":"xpath","value":"//input[contains(@id ,\"application-billingtransfer-display-component---billingWorkbench--smartFilterBar-btnBasicSearch\")]"}
COMMAND: POST /session/1078df7af42110589ce6729fcfa5b6f8/elements - {"using":"xpath","value":"//input[contains(@id ,\"application-billingtransfer-display-component---billingWorkbench--smartFilterBar-btnBasicSearch\")]"}
RESULT: {"using":"xpath","value":"//input[contains(@id ,\"application-billingtransfer-display-component---billingWorkbench--smartFilterBar-btnBasicSearch\")]"}
COMMAND: POST /session/1078df7af42110589ce6729fcfa5b6f8/elements - {"using":"xpath","value":"//input[contains(@id ,\"application-billingtransfer-display-component---billingWorkbench--smartFilterBar-btnBasicSearch\")]"}
RESULT: {"using":"xpath","value":"//input[contains(@id ,\"application-billingtransfer-display-component---billingWorkbench--smartFilterBar-btnBasicSearch\")]"}
COMMAND: POST /session/1078df7af42110589ce6729fcfa5b6f8/elements - {"using":"xpath","value":"//input[contains(@id ,\"application-billingtransfer-display-component---billingWorkbench--smartFilterBar-btnBasicSearch\")]"}
RESULT: {"using":"xpath","value":"//input[contains(@id ,\"application-billingtransfer-display-component---billingWorkbench--smartFilterBar-btnBasicSearch\")]"}
COMMAND: POST /session/1078df7af42110589ce6729fcfa5b6f8/elements - {"using":"xpath","value":"//input[contains(@id ,\"application-billingtransfer-display-component---billingWorkbench--smartFilterBar-btnBasicSearch\")]"}
RESULT: {"using":"xpath","value":"//input[contains(@id ,\"application-billingtransfer-display-component---billingWorkbench--smartFilterBar-btnBasicSearch\")]"}
COMMAND: POST /session/1078df7af42110589ce6729fcfa5b6f8/elements - {"using":"xpath","value":"//input[contains(@id ,\"application-billingtransfer-display-component---billingWorkbench--smartFilterBar-btnBasicSearch\")]"}
RESULT: {"using":"xpath","value":"//input[contains(@id ,\"application-billingtransfer-display-component---billingWorkbench--smartFilterBar-btnBasicSearch\")]"}
COMMAND: POST /session/1078df7af42110589ce6729fcfa5b6f8/elements - {"using":"xpath","value":"//input[contains(@id ,\"application-billingtransfer-display-component---billingWorkbench--smartFilterBar-btnBasicSearch\")]"}
RESULT: {"using":"xpath","value":"//input[contains(@id ,\"application-billingtransfer-display-component---billingWorkbench--smartFilterBar-btnBasicSearch\")]"}
COMMAND: POST /session/1078df7af42110589ce6729fcfa5b6f8/elements - {"using":"xpath","value":"//input[contains(@id ,\"application-billingtransfer-display-component---billingWorkbench--smartFilterBar-btnBasicSearch\")]"}
RESULT: {"using":"xpath","value":"//input[contains(@id ,\"application-billingtransfer-display-component---billingWorkbench--smartFilterBar-btnBasicSearch\")]"}
COMMAND: POST /session/1078df7af42110589ce6729fcfa5b6f8/elements - {"using":"xpath","value":"//input[contains(@id ,\"application-billingtransfer-display-component---billingWorkbench--smartFilterBar-btnBasicSearch\")]"}
RESULT: {"using":"xpath","value":"//input[contains(@id ,\"application-billingtransfer-display-component---billingWorkbench--smartFilterBar-btnBasicSearch\")]"}
COMMAND: POST /session/1078df7af42110589ce6729fcfa5b6f8/elements - {"using":"xpath","value":"//input[contains(@id ,\"application-billingtransfer-display-component---billingWorkbench--smartFilterBar-btnBasicSearch\")]"}
RESULT: {"using":"xpath","value":"//input[contains(@id ,\"application-billingtransfer-display-component---billingWorkbench--smartFilterBar-btnBasicSearch\")]"}
COMMAND: POST /session/1078df7af42110589ce6729fcfa5b6f8/elements - {"using":"xpath","value":"//input[contains(@id ,\"application-billingtransfer-display-component---billingWorkbench--smartFilterBar-btnBasicSearch\")]"}
RESULT: {"using":"xpath","value":"//input[contains(@id ,\"application-billingtransfer-display-component---billingWorkbench--smartFilterBar-btnBasicSearch\")]"}
COMMAND: POST /session/1078df7af42110589ce6729fcfa5b6f8/elements - {"using":"xpath","value":"//input[contains(@id ,\"application-billingtransfer-display-component---billingWorkbench--smartFilterBar-btnBasicSearch\")]"}
RESULT: {"using":"xpath","value":"//input[contains(@id ,\"application-billingtransfer-display-component---billingWorkbench--smartFilterBar-btnBasicSearch\")]"}
COMMAND: POST /session/1078df7af42110589ce6729fcfa5b6f8/elements - {"using":"xpath","value":"//input[contains(@id ,\"application-billingtransfer-display-component---billingWorkbench--smartFilterBar-btnBasicSearch\")]"}
RESULT: {"using":"xpath","value":"//input[contains(@id ,\"application-billingtransfer-display-component---billingWorkbench--smartFilterBar-btnBasicSearch\")]"}
COMMAND: POST /session/1078df7af42110589ce6729fcfa5b6f8/elements - {"using":"xpath","value":"//input[contains(@id ,\"application-billingtransfer-display-component---billingWorkbench--smartFilterBar-btnBasicSearch\")]"}
RESULT: {"using":"xpath","value":"//input[contains(@id ,\"application-billingtransfer-display-component---billingWorkbench--smartFilterBar-btnBasicSearch\")]"}
COMMAND: POST /session/1078df7af42110589ce6729fcfa5b6f8/elements - {"using":"xpath","value":"//input[contains(@id ,\"application-billingtransfer-display-component---billingWorkbench--smartFilterBar-btnBasicSearch\")]"}
RESULT: {"using":"xpath","value":"//input[contains(@id ,\"application-billingtransfer-display-component---billingWorkbench--smartFilterBar-btnBasicSearch\")]"}
COMMAND: POST /session/1078df7af42110589ce6729fcfa5b6f8/elements - {"using":"xpath","value":"//input[contains(@id ,\"application-billingtransfer-display-component---billingWorkbench--smartFilterBar-btnBasicSearch\")]"}
RESULT: {"using":"xpath","value":"//input[contains(@id ,\"application-billingtransfer-display-component---billingWorkbench--smartFilterBar-btnBasicSearch\")]"}
COMMAND: POST /session/1078df7af42110589ce6729fcfa5b6f8/elements - {"using":"xpath","value":"//input[contains(@id ,\"application-billingtransfer-display-component---billingWorkbench--smartFilterBar-btnBasicSearch\")]"}
RESULT: {"using":"xpath","value":"//input[contains(@id ,\"application-billingtransfer-display-component---billingWorkbench--smartFilterBar-btnBasicSearch\")]"}
COMMAND: POST /session/1078df7af42110589ce6729fcfa5b6f8/elements - {"using":"xpath","value":"//input[contains(@id ,\"application-billingtransfer-display-component---billingWorkbench--smartFilterBar-btnBasicSearch\")]"}
RESULT: {"using":"xpath","value":"//input[contains(@id ,\"application-billingtransfer-display-component---billingWorkbench--smartFilterBar-btnBasicSearch\")]"}
COMMAND: POST /session/1078df7af42110589ce6729fcfa5b6f8/elements - {"using":"xpath","value":"//input[contains(@id ,\"application-billingtransfer-display-component---billingWorkbench--smartFilterBar-btnBasicSearch\")]"}
RESULT: {"using":"xpath","value":"//input[contains(@id ,\"application-billingtransfer-display-component---billingWorkbench--smartFilterBar-btnBasicSearch\")]"}
COMMAND: POST /session/1078df7af42110589ce6729fcfa5b6f8/elements - {"using":"xpath","value":"//input[contains(@id ,\"application-billingtransfer-display-component---billingWorkbench--smartFilterBar-btnBasicSearch\")]"}
RESULT: {"using":"xpath","value":"//input[contains(@id ,\"application-billingtransfer-display-component---billingWorkbench--smartFilterBar-btnBasicSearch\")]"}
COMMAND: POST /session/1078df7af42110589ce6729fcfa5b6f8/elements - {"using":"xpath","value":"//input[contains(@id ,\"application-billingtransfer-display-component---billingWorkbench--smartFilterBar-btnBasicSearch\")]"}
RESULT: {"using":"xpath","value":"//input[contains(@id ,\"application-billingtransfer-display-component---billingWorkbench--smartFilterBar-btnBasicSearch\")]"}
COMMAND: POST /session/1078df7af42110589ce6729fcfa5b6f8/elements - {"using":"xpath","value":"//input[contains(@id ,\"application-billingtransfer-display-component---billingWorkbench--smartFilterBar-btnBasicSearch\")]"}
RESULT: {"using":"xpath","value":"//input[contains(@id ,\"application-billingtransfer-display-component---billingWorkbench--smartFilterBar-btnBasicSearch\")]"}
COMMAND: POST /session/1078df7af42110589ce6729fcfa5b6f8/elements - {"using":"xpath","value":"//input[contains(@id ,\"application-billingtransfer-display-component---billingWorkbench--smartFilterBar-btnBasicSearch\")]"}
RESULT: {"using":"xpath","value":"//input[contains(@id ,\"application-billingtransfer-display-component---billingWorkbench--smartFilterBar-btnBasicSearch\")]"}
COMMAND: POST /session/1078df7af42110589ce6729fcfa5b6f8/elements - {"using":"xpath","value":"//input[contains(@id ,\"application-billingtransfer-display-component---billingWorkbench--smartFilterBar-btnBasicSearch\")]"}
RESULT: {"using":"xpath","value":"//input[contains(@id ,\"application-billingtransfer-display-component---billingWorkbench--smartFilterBar-btnBasicSearch\")]"}
COMMAND: POST /session/1078df7af42110589ce6729fcfa5b6f8/elements - {"using":"xpath","value":"//input[contains(@id ,\"application-billingtransfer-display-component---billingWorkbench--smartFilterBar-btnBasicSearch\")]"}
RESULT: {"using":"xpath","value":"//input[contains(@id ,\"application-billingtransfer-display-component---billingWorkbench--smartFilterBar-btnBasicSearch\")]"}
COMMAND: POST /session/1078df7af42110589ce6729fcfa5b6f8/elements - {"using":"xpath","value":"//input[contains(@id ,\"application-billingtransfer-display-component---billingWorkbench--smartFilterBar-btnBasicSearch\")]"}
RESULT: {"using":"xpath","value":"//input[contains(@id ,\"application-billingtransfer-display-component---billingWorkbench--smartFilterBar-btnBasicSearch\")]"}
COMMAND: POST /session/1078df7af42110589ce6729fcfa5b6f8/elements - {"using":"xpath","value":"//input[contains(@id ,\"application-billingtransfer-display-component---billingWorkbench--smartFilterBar-btnBasicSearch\")]"}
RESULT: {"using":"xpath","value":"//input[contains(@id ,\"application-billingtransfer-display-component---billingWorkbench--smartFilterBar-btnBasicSearch\")]"}
COMMAND: POST /session/1078df7af42110589ce6729fcfa5b6f8/elements - {"using":"xpath","value":"//input[contains(@id ,\"application-billingtransfer-display-component---billingWorkbench--smartFilterBar-btnBasicSearch\")]"}
RESULT: {"using":"xpath","value":"//input[contains(@id ,\"application-billingtransfer-display-component---billingWorkbench--smartFilterBar-btnBasicSearch\")]"}
COMMAND: POST /session/1078df7af42110589ce6729fcfa5b6f8/elements - {"using":"xpath","value":"//input[contains(@id ,\"application-billingtransfer-display-component---billingWorkbench--smartFilterBar-btnBasicSearch\")]"}
RESULT: {"using":"xpath","value":"//input[contains(@id ,\"application-billingtransfer-display-component---billingWorkbench--smartFilterBar-btnBasicSearch\")]"}
COMMAND: POST /session/1078df7af42110589ce6729fcfa5b6f8/elements - {"using":"xpath","value":"//input[contains(@id ,\"application-billingtransfer-display-component---billingWorkbench--smartFilterBar-btnBasicSearch\")]"}
RESULT: {"using":"xpath","value":"//input[contains(@id ,\"application-billingtransfer-display-component---billingWorkbench--smartFilterBar-btnBasicSearch\")]"}
COMMAND: POST /session/1078df7af42110589ce6729fcfa5b6f8/elements - {"using":"xpath","value":"//input[contains(@id ,\"application-billingtransfer-display-component---billingWorkbench--smartFilterBar-btnBasicSearch\")]"}
RESULT: {"using":"xpath","value":"//input[contains(@id ,\"application-billingtransfer-display-component---billingWorkbench--smartFilterBar-btnBasicSearch\")]"}
COMMAND: POST /session/1078df7af42110589ce6729fcfa5b6f8/elements - {"using":"xpath","value":"//input[contains(@id ,\"application-billingtransfer-display-component---billingWorkbench--smartFilterBar-btnBasicSearch\")]"}
RESULT: {"using":"xpath","value":"//input[contains(@id ,\"application-billingtransfer-display-component---billingWorkbench--smartFilterBar-btnBasicSearch\")]"}
COMMAND: POST /session/1078df7af42110589ce6729fcfa5b6f8/elements - {"using":"xpath","value":"//input[contains(@id ,\"application-billingtransfer-display-component---billingWorkbench--smartFilterBar-btnBasicSearch\")]"}
RESULT: {"using":"xpath","value":"//input[contains(@id ,\"application-billingtransfer-display-component---billingWorkbench--smartFilterBar-btnBasicSearch\")]"}
COMMAND: POST /session/1078df7af42110589ce6729fcfa5b6f8/elements - {"using":"xpath","value":"//input[contains(@id ,\"application-billingtransfer-display-component---billingWorkbench--smartFilterBar-btnBasicSearch\")]"}
RESULT: {"using":"xpath","value":"//input[contains(@id ,\"application-billingtransfer-display-component---billingWorkbench--smartFilterBar-btnBasicSearch\")]"}
COMMAND: POST /session/1078df7af42110589ce6729fcfa5b6f8/elements - {"using":"xpath","value":"//input[contains(@id ,\"application-billingtransfer-display-component---billingWorkbench--smartFilterBar-btnBasicSearch\")]"}
RESULT: {"using":"xpath","value":"//input[contains(@id ,\"application-billingtransfer-display-component---billingWorkbench--smartFilterBar-btnBasicSearch\")]"}
COMMAND: POST /session/1078df7af42110589ce6729fcfa5b6f8/elements - {"using":"xpath","value":"//input[contains(@id ,\"application-billingtransfer-display-component---billingWorkbench--smartFilterBar-btnBasicSearch\")]"}
RESULT: {"using":"xpath","value":"//input[contains(@id ,\"application-billingtransfer-display-component---billingWorkbench--smartFilterBar-btnBasicSearch\")]"}
COMMAND: POST /session/1078df7af42110589ce6729fcfa5b6f8/elements - {"using":"xpath","value":"//input[contains(@id ,\"application-billingtransfer-display-component---billingWorkbench--smartFilterBar-btnBasicSearch\")]"}
RESULT: {"using":"xpath","value":"//input[contains(@id ,\"application-billingtransfer-display-component---billingWorkbench--smartFilterBar-btnBasicSearch\")]"}
COMMAND: POST /session/1078df7af42110589ce6729fcfa5b6f8/elements - {"using":"xpath","value":"//input[contains(@id ,\"application-billingtransfer-display-component---billingWorkbench--smartFilterBar-btnBasicSearch\")]"}
RESULT: {"using":"xpath","value":"//input[contains(@id ,\"application-billingtransfer-display-component---billingWorkbench--smartFilterBar-btnBasicSearch\")]"}
COMMAND: POST /session/1078df7af42110589ce6729fcfa5b6f8/elements - {"using":"xpath","value":"//input[contains(@id ,\"application-billingtransfer-display-component---billingWorkbench--smartFilterBar-btnBasicSearch\")]"}
RESULT: {"using":"xpath","value":"//input[contains(@id ,\"application-billingtransfer-display-component---billingWorkbench--smartFilterBar-btnBasicSearch\")]"}
COMMAND: POST /session/1078df7af42110589ce6729fcfa5b6f8/elements - {"using":"xpath","value":"//input[contains(@id ,\"application-billingtransfer-display-component---billingWorkbench--smartFilterBar-btnBasicSearch\")]"}
RESULT: {"using":"xpath","value":"//input[contains(@id ,\"application-billingtransfer-display-component---billingWorkbench--smartFilterBar-btnBasicSearch\")]"}
COMMAND: POST /session/1078df7af42110589ce6729fcfa5b6f8/elements - {"using":"xpath","value":"//input[contains(@id ,\"application-billingtransfer-display-component---billingWorkbench--smartFilterBar-btnBasicSearch\")]"}
RESULT: {"using":"xpath","value":"//input[contains(@id ,\"application-billingtransfer-display-component---billingWorkbench--smartFilterBar-btnBasicSearch\")]"}
COMMAND: GET /session/1078df7af42110589ce6729fcfa5b6f8/screenshot - {}
RESULT: {}
COMMAND: POST /session/1078df7af42110589ce6729fcfa5b6f8/element - {"using":"css selector","value":"#j_username"}
COMMAND: POST /session/1078df7af42110589ce6729fcfa5b6f8/url - {"url":"https://qa-testing-00-live-etm-ui.cfapps.eu10-004.hana.ondemand.com/"}
COMMAND: GET /session/1078df7af42110589ce6729fcfa5b6f8/screenshot - {}
COMMAND: GET /session/1078df7af42110589ce6729fcfa5b6f8/screenshot - {}
RESULT: {"using":"css selector","value":"#j_username"}
COMMAND: POST /session/1078df7af42110589ce6729fcfa5b6f8/element - {"using":"css selector","value":"#j_username"}
RESULT: {"url":"https://qa-testing-00-live-etm-ui.cfapps.eu10-004.hana.ondemand.com/"}
RESULT: undefined
COMMAND: GET /session/1078df7af42110589ce6729fcfa5b6f8/screenshot - {}
RESULT: {}
RESULT: {}
RESULT: {"using":"css selector","value":"#j_username"}
COMMAND: POST /session/1078df7af42110589ce6729fcfa5b6f8/element - {"using":"css selector","value":"#shell-header-logo"}
RESULT: {}
RESULT: {"using":"css selector","value":"#shell-header-logo"}
COMMAND: POST /session/1078df7af42110589ce6729fcfa5b6f8/execute/sync - {"script":"<script> [8489 bytes]","args":[{"element-6066-11e4-a52e-4f735466cecf":"f.BA343095ED0ABE7E3673784E64AE5F80.d.4F88E47D40A1CA9E0865FCE0FE663897.e.6167","ELEMENT":"f.BA343095ED0ABE7E3673784E64AE5F80.d.4F88E47D40A1CA9E0865FCE0FE663897.e.6167"}]}
RESULT: {"script":"<script> [8489 bytes]","args":[{"element-6066-11e4-a52e-4f735466cecf":"f.BA343095ED0ABE7E3673784E64AE5F80.d.4F88E47D40A1CA9E0865FCE0FE663897.e.6167","ELEMENT":"f.BA343095ED0ABE7E3673784E64AE5F80.d.4F88E47D40A1CA9E0865FCE0FE663897.e.6167"}]}
COMMAND: POST /session/1078df7af42110589ce6729fcfa5b6f8/element - {"using":"css selector","value":"#shell-header-logo"}
COMMAND: GET /session/1078df7af42110589ce6729fcfa5b6f8/screenshot - {}
RESULT: {"using":"css selector","value":"#shell-header-logo"}
COMMAND: POST /session/1078df7af42110589ce6729fcfa5b6f8/execute/sync - {"script":"<script> [8489 bytes]","args":[{"element-6066-11e4-a52e-4f735466cecf":"f.BA343095ED0ABE7E3673784E64AE5F80.d.4F88E47D40A1CA9E0865FCE0FE663897.e.6167","ELEMENT":"f.BA343095ED0ABE7E3673784E64AE5F80.d.4F88E47D40A1CA9E0865FCE0FE663897.e.6167"}]}
RESULT: {}
RESULT: {"script":"<script> [8489 bytes]","args":[{"element-6066-11e4-a52e-4f735466cecf":"f.BA343095ED0ABE7E3673784E64AE5F80.d.4F88E47D40A1CA9E0865FCE0FE663897.e.6167","ELEMENT":"f.BA343095ED0ABE7E3673784E64AE5F80.d.4F88E47D40A1CA9E0865FCE0FE663897.e.6167"}]}
COMMAND: POST /session/1078df7af42110589ce6729fcfa5b6f8/execute/sync - {"script":"<script> [5351 bytes]","args":[{"element-6066-11e4-a52e-4f735466cecf":"f.BA343095ED0ABE7E3673784E64AE5F80.d.4F88E47D40A1CA9E0865FCE0FE663897.e.6167","ELEMENT":"f.BA343095ED0ABE7E3673784E64AE5F80.d.4F88E47D40A1CA9E0865FCE0FE663897.e.6167"}]}
COMMAND: GET /session/1078df7af42110589ce6729fcfa5b6f8/screenshot - {}
RESULT: {"script":"<script> [5351 bytes]","args":[{"element-6066-11e4-a52e-4f735466cecf":"f.BA343095ED0ABE7E3673784E64AE5F80.d.4F88E47D40A1CA9E0865FCE0FE663897.e.6167","ELEMENT":"f.BA343095ED0ABE7E3673784E64AE5F80.d.4F88E47D40A1CA9E0865FCE0FE663897.e.6167"}]}
COMMAND: POST /session/1078df7af42110589ce6729fcfa5b6f8/element - {"using":"css selector","value":"#shell-header-logo"}
COMMAND: GET /session/1078df7af42110589ce6729fcfa5b6f8/screenshot - {}
RESULT: {}
RESULT: {"using":"css selector","value":"#shell-header-logo"}
COMMAND: POST /session/1078df7af42110589ce6729fcfa5b6f8/element/f.BA343095ED0ABE7E3673784E64AE5F80.d.4F88E47D40A1CA9E0865FCE0FE663897.e.6167/click - {}
RESULT: {}
RESULT: {}
COMMAND: GET /session/1078df7af42110589ce6729fcfa5b6f8/screenshot - {}
RESULT: {}
COMMAND: POST /session/1078df7af42110589ce6729fcfa5b6f8/execute/async - {"script":"<script> [189 bytes]","args":[]}
RESULT: {"script":"<script> [189 bytes]","args":[]}
COMMAND: POST /session/1078df7af42110589ce6729fcfa5b6f8/execute/async - {"script":"<script> [123 bytes]","args":[]}
RESULT: {"script":"<script> [123 bytes]","args":[]}
COMMAND: POST /session/1078df7af42110589ce6729fcfa5b6f8/timeouts - {"script":"<number>"}
RESULT: {"script":"<number>"}
COMMAND: GET /session/1078df7af42110589ce6729fcfa5b6f8/timeouts - {}
RESULT: {}
RESULT: undefined
COMMAND: POST /session/1078df7af42110589ce6729fcfa5b6f8/execute/async - {"script":"<script> [2676 bytes]","args":[]}
RESULT: {"script":"<script> [2676 bytes]","args":[]}
COMMAND: POST /session/1078df7af42110589ce6729fcfa5b6f8/execute/async - {"script":"<script> [2342 bytes]","args":[{"protocol":"http","hostname":"0.0.0.0","path":"/","capabilities":{"browserName":"chrome","goog:chromeOptions":{"binary":"C:\\Program Files\\Google\\Chrome\\Application\\chrome.exe","args":["--start-maximized"]}},"logLevel":"warn","connectionRetryTimeout":120000,"connectionRetryCount":3,"logLevels":{},"enableDirectConnect":true,"strictSSL":true,"_":"65 more keys: [\"cacheDir\",\"port\",\"requestedCapabilities\",\"automationProtocol\",\"baseUrl\",\"waitforInterval\",\"waitforTimeout\",\"onReload\",\"beforeCommand\",\"afterCommand\",\"rootDir\",\"specs\",\"suites\",\"exclude\",\"groupLogsByTestSpec\",\"excludeDriverLogs\",\"bail\",\"framework\",\"reporters\",\"services\",\"maxInstances\",\"maxInstancesPerCapability\",\"injectGlobals\",\"filesToWatch\",\"execArgv\",\"runnerEnv\",\"runner\",\"shard\",\"specFileRetries\",\"specFileRetriesDelay\",\"specFileRetriesDeferred\",\"reporterSyncInterval\",\"reporterSyncTimeout\",\"cucumberFeaturesWithLineNumbers\",\"autoCompileOpts\",\"mochaOpts\",\"jasmineOpts\",\"cucumberOpts\",\"onPrepare\",\"onWorkerStart\",\"onWorkerEnd\",\"before\",\"beforeSession\",\"beforeSuite\",\"beforeHook\",\"beforeTest\",\"afterTest\",\"afterHook\",\"afterSuite\",\"afterSession\",\"after\",\"onComplete\",\"beforeAssertion\",\"afterAssertion\",\"beforeFeature\",\"beforeScenario\",\"beforeStep\",\"afterStep\",\"afterScenario\",\"afterFeature\",\"_\",\"suite\",\"$0\",\"ignoredWorkerServices\",\"wdi5\"]"}]}
RESULT: {"script":"<script> [2342 bytes]","args":[{"protocol":"http","hostname":"0.0.0.0","path":"/","capabilities":{"browserName":"chrome","goog:chromeOptions":{"binary":"C:\\Program Files\\Google\\Chrome\\Application\\chrome.exe","args":["--start-maximized"]}},"logLevel":"warn","connectionRetryTimeout":120000,"connectionRetryCount":3,"logLevels":{},"enableDirectConnect":true,"strictSSL":true,"_":"65 more keys: [\"cacheDir\",\"port\",\"requestedCapabilities\",\"automationProtocol\",\"baseUrl\",\"waitforInterval\",\"waitforTimeout\",\"onReload\",\"beforeCommand\",\"afterCommand\",\"rootDir\",\"specs\",\"suites\",\"exclude\",\"groupLogsByTestSpec\",\"excludeDriverLogs\",\"bail\",\"framework\",\"reporters\",\"services\",\"maxInstances\",\"maxInstancesPerCapability\",\"injectGlobals\",\"filesToWatch\",\"execArgv\",\"runnerEnv\",\"runner\",\"shard\",\"specFileRetries\",\"specFileRetriesDelay\",\"specFileRetriesDeferred\",\"reporterSyncInterval\",\"reporterSyncTimeout\",\"cucumberFeaturesWithLineNumbers\",\"autoCompileOpts\",\"mochaOpts\",\"jasmineOpts\",\"cucumberOpts\",\"onPrepare\",\"onWorkerStart\",\"onWorkerEnd\",\"before\",\"beforeSession\",\"beforeSuite\",\"beforeHook\",\"beforeTest\",\"afterTest\",\"afterHook\",\"afterSuite\",\"afterSession\",\"after\",\"onComplete\",\"beforeAssertion\",\"afterAssertion\",\"beforeFeature\",\"beforeScenario\",\"beforeStep\",\"afterStep\",\"afterScenario\",\"afterFeature\",\"_\",\"suite\",\"$0\",\"ignoredWorkerServices\",\"wdi5\"]"}]}
COMMAND: POST /session/1078df7af42110589ce6729fcfa5b6f8/execute/async - {"script":"<script> [21126 bytes]","args":[35000]}
RESULT: {"script":"<script> [21126 bytes]","args":[35000]}
COMMAND: POST /session/1078df7af42110589ce6729fcfa5b6f8/window/maximize - {}
RESULT: {}
COMMAND: POST /session/1078df7af42110589ce6729fcfa5b6f8/execute/async - {"script":"<script> [1562 bytes]","args":[{"selector":{"id":"shell-header","interaction":{"idSuffix":"icon"}},"wdio_ui5_key":"shellheader"}]}
COMMAND: GET /session/1078df7af42110589ce6729fcfa5b6f8/screenshot - {}
RESULT: {"script":"<script> [1562 bytes]","args":[{"selector":{"id":"shell-header","interaction":{"idSuffix":"icon"}},"wdio_ui5_key":"shellheader"}]}
RESULT: undefined
COMMAND: POST /session/1078df7af42110589ce6729fcfa5b6f8/refresh - {}
RESULT: {}
RESULT: {}
COMMAND: GET /session/1078df7af42110589ce6729fcfa5b6f8/screenshot - {}
RESULT: {}
COMMAND: POST /session/1078df7af42110589ce6729fcfa5b6f8/refresh - {}
RESULT: {}
COMMAND: GET /session/1078df7af42110589ce6729fcfa5b6f8/screenshot - {}
RESULT: {}
COMMAND: POST /session/1078df7af42110589ce6729fcfa5b6f8/window/fullscreen - {}
RESULT: {}
COMMAND: POST /session/1078df7af42110589ce6729fcfa5b6f8/execute/async - {"script":"<script> [189 bytes]","args":[]}
RESULT: {"script":"<script> [189 bytes]","args":[]}
COMMAND: POST /session/1078df7af42110589ce6729fcfa5b6f8/execute/async - {"script":"<script> [123 bytes]","args":[]}
RESULT: {"script":"<script> [123 bytes]","args":[]}
COMMAND: POST /session/1078df7af42110589ce6729fcfa5b6f8/timeouts - {"script":"<number>"}
RESULT: {"script":"<number>"}
COMMAND: GET /session/1078df7af42110589ce6729fcfa5b6f8/timeouts - {}
RESULT: {}
RESULT: undefined
COMMAND: POST /session/1078df7af42110589ce6729fcfa5b6f8/execute/async - {"script":"<script> [2676 bytes]","args":[]}
RESULT: {"script":"<script> [2676 bytes]","args":[]}
COMMAND: POST /session/1078df7af42110589ce6729fcfa5b6f8/execute/async - {"script":"<script> [2342 bytes]","args":[{"protocol":"http","hostname":"0.0.0.0","path":"/","capabilities":{"browserName":"chrome","goog:chromeOptions":{"binary":"C:\\Program Files\\Google\\Chrome\\Application\\chrome.exe","args":["--start-maximized"]}},"logLevel":"warn","connectionRetryTimeout":120000,"connectionRetryCount":3,"logLevels":{},"enableDirectConnect":true,"strictSSL":true,"_":"65 more keys: [\"cacheDir\",\"port\",\"requestedCapabilities\",\"automationProtocol\",\"baseUrl\",\"waitforInterval\",\"waitforTimeout\",\"onReload\",\"beforeCommand\",\"afterCommand\",\"rootDir\",\"specs\",\"suites\",\"exclude\",\"groupLogsByTestSpec\",\"excludeDriverLogs\",\"bail\",\"framework\",\"reporters\",\"services\",\"maxInstances\",\"maxInstancesPerCapability\",\"injectGlobals\",\"filesToWatch\",\"execArgv\",\"runnerEnv\",\"runner\",\"shard\",\"specFileRetries\",\"specFileRetriesDelay\",\"specFileRetriesDeferred\",\"reporterSyncInterval\",\"reporterSyncTimeout\",\"cucumberFeaturesWithLineNumbers\",\"autoCompileOpts\",\"mochaOpts\",\"jasmineOpts\",\"cucumberOpts\",\"onPrepare\",\"onWorkerStart\",\"onWorkerEnd\",\"before\",\"beforeSession\",\"beforeSuite\",\"beforeHook\",\"beforeTest\",\"afterTest\",\"afterHook\",\"afterSuite\",\"afterSession\",\"after\",\"onComplete\",\"beforeAssertion\",\"afterAssertion\",\"beforeFeature\",\"beforeScenario\",\"beforeStep\",\"afterStep\",\"afterScenario\",\"afterFeature\",\"_\",\"suite\",\"$0\",\"ignoredWorkerServices\",\"wdi5\"]"}]}
RESULT: {"script":"<script> [2342 bytes]","args":[{"protocol":"http","hostname":"0.0.0.0","path":"/","capabilities":{"browserName":"chrome","goog:chromeOptions":{"binary":"C:\\Program Files\\Google\\Chrome\\Application\\chrome.exe","args":["--start-maximized"]}},"logLevel":"warn","connectionRetryTimeout":120000,"connectionRetryCount":3,"logLevels":{},"enableDirectConnect":true,"strictSSL":true,"_":"65 more keys: [\"cacheDir\",\"port\",\"requestedCapabilities\",\"automationProtocol\",\"baseUrl\",\"waitforInterval\",\"waitforTimeout\",\"onReload\",\"beforeCommand\",\"afterCommand\",\"rootDir\",\"specs\",\"suites\",\"exclude\",\"groupLogsByTestSpec\",\"excludeDriverLogs\",\"bail\",\"framework\",\"reporters\",\"services\",\"maxInstances\",\"maxInstancesPerCapability\",\"injectGlobals\",\"filesToWatch\",\"execArgv\",\"runnerEnv\",\"runner\",\"shard\",\"specFileRetries\",\"specFileRetriesDelay\",\"specFileRetriesDeferred\",\"reporterSyncInterval\",\"reporterSyncTimeout\",\"cucumberFeaturesWithLineNumbers\",\"autoCompileOpts\",\"mochaOpts\",\"jasmineOpts\",\"cucumberOpts\",\"onPrepare\",\"onWorkerStart\",\"onWorkerEnd\",\"before\",\"beforeSession\",\"beforeSuite\",\"beforeHook\",\"beforeTest\",\"afterTest\",\"afterHook\",\"afterSuite\",\"afterSession\",\"after\",\"onComplete\",\"beforeAssertion\",\"afterAssertion\",\"beforeFeature\",\"beforeScenario\",\"beforeStep\",\"afterStep\",\"afterScenario\",\"afterFeature\",\"_\",\"suite\",\"$0\",\"ignoredWorkerServices\",\"wdi5\"]"}]}
COMMAND: POST /session/1078df7af42110589ce6729fcfa5b6f8/execute/async - {"script":"<script> [21126 bytes]","args":[35000]}
RESULT: {"script":"<script> [21126 bytes]","args":[35000]}
]]></system-out>
      <system-err><![CDATA[
Error: element ("//input[contains(@id ,"application-billingtransfer-display-component---billingWorkbench--smartFilterBar-btnBasicSearch")]") still not existing after 45000ms
    at async UtilsPrerequisites.narrowDownSearchBT (D:\a\1\s\test\specs\BTS\prerequisites-and-utils-functions.js:2882:9)
    at async UtilsPrerequisites.billingTransfer (D:\a\1\s\test\specs\BTS\prerequisites-and-utils-functions.js:2807:9)
    at async Context.<anonymous> (D:\a\1\s\test\specs\BTS\billing-transfer-intercompany.spec.js:95:9)
]]></system-err>
    </testcase>
  </testsuite>
  <testsuite timestamp="2025-06-01T17:44:20" time="1058.965" tests="12" failures="6" errors="6" skipped="0">
    <properties>
      <property name="specId" value="0"/>
      <property name="suiteName" value="Billing Transfer - Intracompany US127249"/>
      <property name="capabilities" value="chrome.136_0_7103_93.windows"/>
      <property name="file" value="file:///D:/a/1/s/test/specs/BTS/billing-transfer-intracompany.spec.js"/>
    </properties>
    <testcase classname="chrome.136_0_7103_93.windows.Billing_Transfer_-_Intracompany_US127249" name="Should create a new yard" time="119.71">
      <system-out><![CDATA[
COMMAND: POST /session/1078df7af42110589ce6729fcfa5b6f8/window/fullscreen - {}
RESULT: {}
COMMAND: POST /session/1078df7af42110589ce6729fcfa5b6f8/execute/async - {"script":"<script> [1562 bytes]","args":[{"selector":{"controlType":"sap.m.GenericTile","properties":{"header":"Manage Yards"}},"wdio_ui5_key":"sapm.GenericTile{\"header\":\"Manage Yards\"}"}]}
RESULT: {"script":"<script> [1562 bytes]","args":[{"selector":{"controlType":"sap.m.GenericTile","properties":{"header":"Manage Yards"}},"wdio_ui5_key":"sapm.GenericTile{\"header\":\"Manage Yards\"}"}]}
RESULT: undefined
COMMAND: POST /session/1078df7af42110589ce6729fcfa5b6f8/element - {"using":"xpath","value":"//*[@id=\"__tile41\"]"}
RESULT: {"using":"xpath","value":"//*[@id=\"__tile41\"]"}
COMMAND: POST /session/1078df7af42110589ce6729fcfa5b6f8/element/f.BA343095ED0ABE7E3673784E64AE5F80.d.CC9C0AC060CABB2C49A552E0BFB8EE6A.e.6326/click - {}
RESULT: {}
COMMAND: GET /session/1078df7af42110589ce6729fcfa5b6f8/screenshot - {}
RESULT: {}
COMMAND: POST /session/1078df7af42110589ce6729fcfa5b6f8/elements - {"using":"xpath","value":"//span[text()='Error']"}
RESULT: {"using":"xpath","value":"//span[text()='Error']"}
COMMAND: POST /session/1078df7af42110589ce6729fcfa5b6f8/element - {"using":"xpath","value":"//button[@data-kt=\"addNewYardOverflowToolbarButton\"]"}
RESULT: {"using":"xpath","value":"//button[@data-kt=\"addNewYardOverflowToolbarButton\"]"}
COMMAND: POST /session/1078df7af42110589ce6729fcfa5b6f8/elements - {"using":"xpath","value":"//button[@data-kt=\"addNewYardOverflowToolbarButton\"]"}
RESULT: {"using":"xpath","value":"//button[@data-kt=\"addNewYardOverflowToolbarButton\"]"}
COMMAND: POST /session/1078df7af42110589ce6729fcfa5b6f8/elements - {"using":"xpath","value":"//button[@data-kt=\"addNewYardOverflowToolbarButton\"]"}
RESULT: {"using":"xpath","value":"//button[@data-kt=\"addNewYardOverflowToolbarButton\"]"}
COMMAND: POST /session/1078df7af42110589ce6729fcfa5b6f8/element - {"using":"xpath","value":"//button[@data-kt=\"addNewYardOverflowToolbarButton\"]"}
RESULT: {"using":"xpath","value":"//button[@data-kt=\"addNewYardOverflowToolbarButton\"]"}
COMMAND: POST /session/1078df7af42110589ce6729fcfa5b6f8/execute/sync - {"script":"<script> [8489 bytes]","args":[{"element-6066-11e4-a52e-4f735466cecf":"f.BA343095ED0ABE7E3673784E64AE5F80.d.CC9C0AC060CABB2C49A552E0BFB8EE6A.e.6452","ELEMENT":"f.BA343095ED0ABE7E3673784E64AE5F80.d.CC9C0AC060CABB2C49A552E0BFB8EE6A.e.6452"}]}
RESULT: {"script":"<script> [8489 bytes]","args":[{"element-6066-11e4-a52e-4f735466cecf":"f.BA343095ED0ABE7E3673784E64AE5F80.d.CC9C0AC060CABB2C49A552E0BFB8EE6A.e.6452","ELEMENT":"f.BA343095ED0ABE7E3673784E64AE5F80.d.CC9C0AC060CABB2C49A552E0BFB8EE6A.e.6452"}]}
COMMAND: GET /session/1078df7af42110589ce6729fcfa5b6f8/element/f.BA343095ED0ABE7E3673784E64AE5F80.d.CC9C0AC060CABB2C49A552E0BFB8EE6A.e.6452/enabled - {}
COMMAND: GET /session/1078df7af42110589ce6729fcfa5b6f8/screenshot - {}
RESULT: {}
COMMAND: POST /session/1078df7af42110589ce6729fcfa5b6f8/execute/sync - {"script":"<script> [8489 bytes]","args":[{"element-6066-11e4-a52e-4f735466cecf":"f.BA343095ED0ABE7E3673784E64AE5F80.d.CC9C0AC060CABB2C49A552E0BFB8EE6A.e.6452","ELEMENT":"f.BA343095ED0ABE7E3673784E64AE5F80.d.CC9C0AC060CABB2C49A552E0BFB8EE6A.e.6452"}]}
COMMAND: GET /session/1078df7af42110589ce6729fcfa5b6f8/screenshot - {}
RESULT: {}
RESULT: {"script":"<script> [8489 bytes]","args":[{"element-6066-11e4-a52e-4f735466cecf":"f.BA343095ED0ABE7E3673784E64AE5F80.d.CC9C0AC060CABB2C49A552E0BFB8EE6A.e.6452","ELEMENT":"f.BA343095ED0ABE7E3673784E64AE5F80.d.CC9C0AC060CABB2C49A552E0BFB8EE6A.e.6452"}]}
COMMAND: POST /session/1078df7af42110589ce6729fcfa5b6f8/execute/sync - {"script":"<script> [5351 bytes]","args":[{"element-6066-11e4-a52e-4f735466cecf":"f.BA343095ED0ABE7E3673784E64AE5F80.d.CC9C0AC060CABB2C49A552E0BFB8EE6A.e.6452","ELEMENT":"f.BA343095ED0ABE7E3673784E64AE5F80.d.CC9C0AC060CABB2C49A552E0BFB8EE6A.e.6452"}]}
COMMAND: GET /session/1078df7af42110589ce6729fcfa5b6f8/screenshot - {}
RESULT: {}
RESULT: {"script":"<script> [5351 bytes]","args":[{"element-6066-11e4-a52e-4f735466cecf":"f.BA343095ED0ABE7E3673784E64AE5F80.d.CC9C0AC060CABB2C49A552E0BFB8EE6A.e.6452","ELEMENT":"f.BA343095ED0ABE7E3673784E64AE5F80.d.CC9C0AC060CABB2C49A552E0BFB8EE6A.e.6452"}]}
COMMAND: POST /session/1078df7af42110589ce6729fcfa5b6f8/element/f.BA343095ED0ABE7E3673784E64AE5F80.d.CC9C0AC060CABB2C49A552E0BFB8EE6A.e.6452/click - {}
COMMAND: GET /session/1078df7af42110589ce6729fcfa5b6f8/screenshot - {}
RESULT: {}
RESULT: {}
COMMAND: GET /session/1078df7af42110589ce6729fcfa5b6f8/screenshot - {}
RESULT: {}
RESULT: {}
COMMAND: POST /session/1078df7af42110589ce6729fcfa5b6f8/element - {"using":"xpath","value":"//input[@id=\"application-manageyards-display-component---NewYard--yardId-inner\"]"}
RESULT: {"using":"xpath","value":"//input[@id=\"application-manageyards-display-component---NewYard--yardId-inner\"]"}
COMMAND: POST /session/1078df7af42110589ce6729fcfa5b6f8/element - {"using":"xpath","value":"//input[@id=\"application-manageyards-display-component---NewYard--yardId-inner\"]"}
RESULT: {"using":"xpath","value":"//input[@id=\"application-manageyards-display-component---NewYard--yardId-inner\"]"}
COMMAND: POST /session/1078df7af42110589ce6729fcfa5b6f8/execute/async - {"script":"<script> [1562 bytes]","args":[{"selector":{"id":"application-manageyards-display-component---NewYard--addressDetailDetailsName1","interaction":{"idSuffix":"inner"}},"wdio_ui5_key":"applicationmanageyards-display-component---NewYard--addressDetailDetailsName1"}]}
RESULT: {"script":"<script> [1562 bytes]","args":[{"selector":{"id":"application-manageyards-display-component---NewYard--addressDetailDetailsName1","interaction":{"idSuffix":"inner"}},"wdio_ui5_key":"applicationmanageyards-display-component---NewYard--addressDetailDetailsName1"}]}
RESULT: undefined
COMMAND: POST /session/1078df7af42110589ce6729fcfa5b6f8/execute/async - {"script":"<script> [776 bytes]","args":[{"enterText":"Intracompany Yard wdIO","selector":{"id":"application-manageyards-display-component---NewYard--addressDetailDetailsName1","interaction":{"idSuffix":"inner"}},"clearTextFirst":true,"interactionType":"ENTER_TEXT"}]}
RESULT: {"script":"<script> [776 bytes]","args":[{"enterText":"Intracompany Yard wdIO","selector":{"id":"application-manageyards-display-component---NewYard--addressDetailDetailsName1","interaction":{"idSuffix":"inner"}},"clearTextFirst":true,"interactionType":"ENTER_TEXT"}]}
COMMAND: POST /session/1078df7af42110589ce6729fcfa5b6f8/execute/async - {"script":"<script> [1562 bytes]","args":[{"selector":{"id":"application-manageyards-display-component---NewYard--addressDetailDetailsLanguage-arrow"},"wdio_ui5_key":"applicationmanageyards-display-component---NewYard--addressDetailDetailsLanguage-arrow"}]}
RESULT: {"script":"<script> [1562 bytes]","args":[{"selector":{"id":"application-manageyards-display-component---NewYard--addressDetailDetailsLanguage-arrow"},"wdio_ui5_key":"applicationmanageyards-display-component---NewYard--addressDetailDetailsLanguage-arrow"}]}
RESULT: undefined
COMMAND: POST /session/1078df7af42110589ce6729fcfa5b6f8/element - {"using":"xpath","value":"//*[@id=\"application-manageyards-display-component---NewYard--addressDetailDetailsLanguage-arrow\"]"}
RESULT: {"using":"xpath","value":"//*[@id=\"application-manageyards-display-component---NewYard--addressDetailDetailsLanguage-arrow\"]"}
COMMAND: POST /session/1078df7af42110589ce6729fcfa5b6f8/element/f.BA343095ED0ABE7E3673784E64AE5F80.d.CC9C0AC060CABB2C49A552E0BFB8EE6A.e.6888/click - {}
RESULT: {}
COMMAND: POST /session/1078df7af42110589ce6729fcfa5b6f8/element - {"using":"xpath","value":"//span[contains(text(), \"English\")]"}
COMMAND: GET /session/1078df7af42110589ce6729fcfa5b6f8/screenshot - {}
RESULT: {"using":"xpath","value":"//span[contains(text(), \"English\")]"}
COMMAND: POST /session/1078df7af42110589ce6729fcfa5b6f8/element/f.BA343095ED0ABE7E3673784E64AE5F80.d.CC9C0AC060CABB2C49A552E0BFB8EE6A.e.6889/click - {}
RESULT: {}
RESULT: {}
COMMAND: POST /session/1078df7af42110589ce6729fcfa5b6f8/execute/async - {"script":"<script> [1562 bytes]","args":[{"selector":{"id":"application-manageyards-display-component---NewYard--addressDetailDetailsCity1","interaction":{"idSuffix":"inner"}},"wdio_ui5_key":"applicationmanageyards-display-component---NewYard--addressDetailDetailsCity1"}]}
COMMAND: GET /session/1078df7af42110589ce6729fcfa5b6f8/screenshot - {}
RESULT: {"script":"<script> [1562 bytes]","args":[{"selector":{"id":"application-manageyards-display-component---NewYard--addressDetailDetailsCity1","interaction":{"idSuffix":"inner"}},"wdio_ui5_key":"applicationmanageyards-display-component---NewYard--addressDetailDetailsCity1"}]}
RESULT: undefined
COMMAND: POST /session/1078df7af42110589ce6729fcfa5b6f8/execute/async - {"script":"<script> [776 bytes]","args":[{"enterText":"Rosario","selector":{"id":"application-manageyards-display-component---NewYard--addressDetailDetailsCity1","interaction":{"idSuffix":"inner"}},"clearTextFirst":true,"interactionType":"ENTER_TEXT"}]}
RESULT: {}
RESULT: {"script":"<script> [776 bytes]","args":[{"enterText":"Rosario","selector":{"id":"application-manageyards-display-component---NewYard--addressDetailDetailsCity1","interaction":{"idSuffix":"inner"}},"clearTextFirst":true,"interactionType":"ENTER_TEXT"}]}
COMMAND: POST /session/1078df7af42110589ce6729fcfa5b6f8/execute/async - {"script":"<script> [1562 bytes]","args":[{"selector":{"id":"application-manageyards-display-component---NewYard--addressDetailDetailsCountry-arrow"},"wdio_ui5_key":"applicationmanageyards-display-component---NewYard--addressDetailDetailsCountry-arrow"}]}
RESULT: {"script":"<script> [1562 bytes]","args":[{"selector":{"id":"application-manageyards-display-component---NewYard--addressDetailDetailsCountry-arrow"},"wdio_ui5_key":"applicationmanageyards-display-component---NewYard--addressDetailDetailsCountry-arrow"}]}
RESULT: undefined
COMMAND: POST /session/1078df7af42110589ce6729fcfa5b6f8/element - {"using":"xpath","value":"//*[@id=\"application-manageyards-display-component---NewYard--addressDetailDetailsCountry-arrow\"]"}
RESULT: {"using":"xpath","value":"//*[@id=\"application-manageyards-display-component---NewYard--addressDetailDetailsCountry-arrow\"]"}
COMMAND: POST /session/1078df7af42110589ce6729fcfa5b6f8/element/f.BA343095ED0ABE7E3673784E64AE5F80.d.CC9C0AC060CABB2C49A552E0BFB8EE6A.e.6891/click - {}
RESULT: {}
COMMAND: POST /session/1078df7af42110589ce6729fcfa5b6f8/element - {"using":"xpath","value":"//span[contains(text(), \"Argentina\")]"}
COMMAND: GET /session/1078df7af42110589ce6729fcfa5b6f8/screenshot - {}
RESULT: {"using":"xpath","value":"//span[contains(text(), \"Argentina\")]"}
COMMAND: POST /session/1078df7af42110589ce6729fcfa5b6f8/element/f.BA343095ED0ABE7E3673784E64AE5F80.d.CC9C0AC060CABB2C49A552E0BFB8EE6A.e.6893/click - {}
RESULT: {}
RESULT: {}
COMMAND: POST /session/1078df7af42110589ce6729fcfa5b6f8/execute/async - {"script":"<script> [1562 bytes]","args":[{"selector":{"id":"application-manageyards-display-component---NewYard--addressEditDetailsCostObjectCstType-arrow"},"wdio_ui5_key":"applicationmanageyards-display-component---NewYard--addressEditDetailsCostObjectCstType-arrow"}]}
COMMAND: GET /session/1078df7af42110589ce6729fcfa5b6f8/screenshot - {}
RESULT: {"script":"<script> [1562 bytes]","args":[{"selector":{"id":"application-manageyards-display-component---NewYard--addressEditDetailsCostObjectCstType-arrow"},"wdio_ui5_key":"applicationmanageyards-display-component---NewYard--addressEditDetailsCostObjectCstType-arrow"}]}
RESULT: undefined
COMMAND: POST /session/1078df7af42110589ce6729fcfa5b6f8/element - {"using":"xpath","value":"//*[@id=\"application-manageyards-display-component---NewYard--addressEditDetailsCostObjectCstType-arrow\"]"}
RESULT: {}
RESULT: {"using":"xpath","value":"//*[@id=\"application-manageyards-display-component---NewYard--addressEditDetailsCostObjectCstType-arrow\"]"}
COMMAND: POST /session/1078df7af42110589ce6729fcfa5b6f8/element/f.BA343095ED0ABE7E3673784E64AE5F80.d.CC9C0AC060CABB2C49A552E0BFB8EE6A.e.6894/click - {}
RESULT: {}
COMMAND: POST /session/1078df7af42110589ce6729fcfa5b6f8/element - {"using":"xpath","value":"//span[contains(text(), \"Cost Center\")]"}
COMMAND: GET /session/1078df7af42110589ce6729fcfa5b6f8/screenshot - {}
RESULT: {"using":"xpath","value":"//span[contains(text(), \"Cost Center\")]"}
COMMAND: POST /session/1078df7af42110589ce6729fcfa5b6f8/element/f.BA343095ED0ABE7E3673784E64AE5F80.d.CC9C0AC060CABB2C49A552E0BFB8EE6A.e.6895/click - {}
RESULT: {}
RESULT: {}
COMMAND: GET /session/1078df7af42110589ce6729fcfa5b6f8/screenshot - {}
RESULT: {}
COMMAND: POST /session/1078df7af42110589ce6729fcfa5b6f8/element - {"using":"xpath","value":"//span[@id=\"application-manageyards-display-component---NewYard--addressNewCostObjectCstID-vhi\"]"}
RESULT: {"using":"xpath","value":"//span[@id=\"application-manageyards-display-component---NewYard--addressNewCostObjectCstID-vhi\"]"}
COMMAND: POST /session/1078df7af42110589ce6729fcfa5b6f8/execute/sync - {"script":"<script> [8489 bytes]","args":[{"element-6066-11e4-a52e-4f735466cecf":"f.BA343095ED0ABE7E3673784E64AE5F80.d.CC9C0AC060CABB2C49A552E0BFB8EE6A.e.6899","ELEMENT":"f.BA343095ED0ABE7E3673784E64AE5F80.d.CC9C0AC060CABB2C49A552E0BFB8EE6A.e.6899"}]}
RESULT: {"script":"<script> [8489 bytes]","args":[{"element-6066-11e4-a52e-4f735466cecf":"f.BA343095ED0ABE7E3673784E64AE5F80.d.CC9C0AC060CABB2C49A552E0BFB8EE6A.e.6899","ELEMENT":"f.BA343095ED0ABE7E3673784E64AE5F80.d.CC9C0AC060CABB2C49A552E0BFB8EE6A.e.6899"}]}
COMMAND: POST /session/1078df7af42110589ce6729fcfa5b6f8/execute/async - {"script":"<script> [1562 bytes]","args":[{"selector":{"id":"application-manageyards-display-component---NewYard--addressNewCostObjectCstID-vhi"},"wdio_ui5_key":"applicationmanageyards-display-component---NewYard--addressNewCostObjectCstID-vhi"}]}
COMMAND: GET /session/1078df7af42110589ce6729fcfa5b6f8/screenshot - {}
RESULT: {"script":"<script> [1562 bytes]","args":[{"selector":{"id":"application-manageyards-display-component---NewYard--addressNewCostObjectCstID-vhi"},"wdio_ui5_key":"applicationmanageyards-display-component---NewYard--addressNewCostObjectCstID-vhi"}]}
RESULT: undefined
COMMAND: POST /session/1078df7af42110589ce6729fcfa5b6f8/element - {"using":"xpath","value":"//*[@id=\"application-manageyards-display-component---NewYard--addressNewCostObjectCstID-vhi\"]"}
RESULT: {}
RESULT: {"using":"xpath","value":"//*[@id=\"application-manageyards-display-component---NewYard--addressNewCostObjectCstID-vhi\"]"}
COMMAND: POST /session/1078df7af42110589ce6729fcfa5b6f8/element/f.BA343095ED0ABE7E3673784E64AE5F80.d.CC9C0AC060CABB2C49A552E0BFB8EE6A.e.6899/click - {}
RESULT: {}
COMMAND: GET /session/1078df7af42110589ce6729fcfa5b6f8/screenshot - {}
RESULT: {}
COMMAND: POST /session/1078df7af42110589ce6729fcfa5b6f8/execute/async - {"script":"<script> [1562 bytes]","args":[{"selector":{"controlType":"sap.m.SearchField","properties":{"placeholder":"Search"},"searchOpenDialogs":true,"interaction":{"idSuffix":"I"}},"wdio_ui5_key":"sapm.SearchField{\"placeholder\":\"Search\"}"}]}
RESULT: {"script":"<script> [1562 bytes]","args":[{"selector":{"controlType":"sap.m.SearchField","properties":{"placeholder":"Search"},"searchOpenDialogs":true,"interaction":{"idSuffix":"I"}},"wdio_ui5_key":"sapm.SearchField{\"placeholder\":\"Search\"}"}]}
RESULT: undefined
COMMAND: POST /session/1078df7af42110589ce6729fcfa5b6f8/execute/async - {"script":"<script> [776 bytes]","args":[{"enterText":"bauh_b","selector":{"controlType":"sap.m.SearchField","properties":{"placeholder":"Search"},"searchOpenDialogs":true,"interaction":{"idSuffix":"I"}},"clearTextFirst":true,"interactionType":"ENTER_TEXT"}]}
RESULT: {"script":"<script> [776 bytes]","args":[{"enterText":"bauh_b","selector":{"controlType":"sap.m.SearchField","properties":{"placeholder":"Search"},"searchOpenDialogs":true,"interaction":{"idSuffix":"I"}},"clearTextFirst":true,"interactionType":"ENTER_TEXT"}]}
COMMAND: POST /session/1078df7af42110589ce6729fcfa5b6f8/actions - {"actions":[{"id":"action18","type":"key","parameters":{},"actions":[{"type":"keyDown","value":""},{"type":"pause","duration":10},{"type":"keyUp","value":""}]}]}
RESULT: {"actions":[{"id":"action18","type":"key","parameters":{},"actions":[{"type":"keyDown","value":""},{"type":"pause","duration":10},{"type":"keyUp","value":""}]}]}
COMMAND: GET /session/1078df7af42110589ce6729fcfa5b6f8/screenshot - {}
RESULT: {}
COMMAND: POST /session/1078df7af42110589ce6729fcfa5b6f8/element - {"using":"xpath","value":"//span[contains(text(), \"Demo Yard\")]"}
RESULT: {"using":"xpath","value":"//span[contains(text(), \"Demo Yard\")]"}
COMMAND: POST /session/1078df7af42110589ce6729fcfa5b6f8/element/f.BA343095ED0ABE7E3673784E64AE5F80.d.CC9C0AC060CABB2C49A552E0BFB8EE6A.e.6939/click - {}
RESULT: {}
COMMAND: GET /session/1078df7af42110589ce6729fcfa5b6f8/screenshot - {}
RESULT: {}
COMMAND: POST /session/1078df7af42110589ce6729fcfa5b6f8/element - {"using":"xpath","value":"//bdi[contains(text(), \"OK\")]"}
RESULT: {"using":"xpath","value":"//bdi[contains(text(), \"OK\")]"}
COMMAND: POST /session/1078df7af42110589ce6729fcfa5b6f8/element/f.BA343095ED0ABE7E3673784E64AE5F80.d.CC9C0AC060CABB2C49A552E0BFB8EE6A.e.6940/click - {}
RESULT: {}
COMMAND: GET /session/1078df7af42110589ce6729fcfa5b6f8/screenshot - {}
RESULT: {}
COMMAND: POST /session/1078df7af42110589ce6729fcfa5b6f8/execute/async - {"script":"<script> [1562 bytes]","args":[{"selector":{"id":"application-manageyards-display-component---NewYard--addressEditDetailsCurrency-arrow"},"wdio_ui5_key":"applicationmanageyards-display-component---NewYard--addressEditDetailsCurrency-arrow"}]}
RESULT: {"script":"<script> [1562 bytes]","args":[{"selector":{"id":"application-manageyards-display-component---NewYard--addressEditDetailsCurrency-arrow"},"wdio_ui5_key":"applicationmanageyards-display-component---NewYard--addressEditDetailsCurrency-arrow"}]}
RESULT: undefined
COMMAND: POST /session/1078df7af42110589ce6729fcfa5b6f8/element - {"using":"xpath","value":"//*[@id=\"application-manageyards-display-component---NewYard--addressEditDetailsCurrency-arrow\"]"}
RESULT: {"using":"xpath","value":"//*[@id=\"application-manageyards-display-component---NewYard--addressEditDetailsCurrency-arrow\"]"}
COMMAND: POST /session/1078df7af42110589ce6729fcfa5b6f8/element/f.BA343095ED0ABE7E3673784E64AE5F80.d.CC9C0AC060CABB2C49A552E0BFB8EE6A.e.6943/click - {}
RESULT: {}
COMMAND: POST /session/1078df7af42110589ce6729fcfa5b6f8/element - {"using":"xpath","value":"//span[contains(text(), \"Euro\")]"}
COMMAND: GET /session/1078df7af42110589ce6729fcfa5b6f8/screenshot - {}
RESULT: {"using":"xpath","value":"//span[contains(text(), \"Euro\")]"}
COMMAND: POST /session/1078df7af42110589ce6729fcfa5b6f8/element/f.BA343095ED0ABE7E3673784E64AE5F80.d.CC9C0AC060CABB2C49A552E0BFB8EE6A.e.6944/click - {}
RESULT: {}
RESULT: {}
COMMAND: POST /session/1078df7af42110589ce6729fcfa5b6f8/execute/async - {"script":"<script> [1562 bytes]","args":[{"selector":{"controlType":"sap.m.Input","viewName":"etm.portal.ui.manageyards.view.New","viewId":"application-manageyards-display-component---NewYard","bindingPath":{"path":"","propertyPath":"/CONTROLLING_AREA","modelName":"NewYardModel"},"interaction":{"idSuffix":"inner"}},"wdio_ui5_key":"etmportal.ui.manageyards.view.Newsap.m.Input{\"path\":\"\",\"propertyPath\":\"/CONTROLLING_AREA\",\"modelName\":\"NewYardModel\"}"}]}
COMMAND: GET /session/1078df7af42110589ce6729fcfa5b6f8/screenshot - {}
RESULT: {"script":"<script> [1562 bytes]","args":[{"selector":{"controlType":"sap.m.Input","viewName":"etm.portal.ui.manageyards.view.New","viewId":"application-manageyards-display-component---NewYard","bindingPath":{"path":"","propertyPath":"/CONTROLLING_AREA","modelName":"NewYardModel"},"interaction":{"idSuffix":"inner"}},"wdio_ui5_key":"etmportal.ui.manageyards.view.Newsap.m.Input{\"path\":\"\",\"propertyPath\":\"/CONTROLLING_AREA\",\"modelName\":\"NewYardModel\"}"}]}
RESULT: undefined
COMMAND: POST /session/1078df7af42110589ce6729fcfa5b6f8/execute/async - {"script":"<script> [776 bytes]","args":[{"enterText":"Z001","selector":{"controlType":"sap.m.Input","viewName":"etm.portal.ui.manageyards.view.New","viewId":"application-manageyards-display-component---NewYard","bindingPath":{"path":"","propertyPath":"/CONTROLLING_AREA","modelName":"NewYardModel"},"interaction":{"idSuffix":"inner"}},"clearTextFirst":true,"interactionType":"ENTER_TEXT"}]}
RESULT: {}
RESULT: {"script":"<script> [776 bytes]","args":[{"enterText":"Z001","selector":{"controlType":"sap.m.Input","viewName":"etm.portal.ui.manageyards.view.New","viewId":"application-manageyards-display-component---NewYard","bindingPath":{"path":"","propertyPath":"/CONTROLLING_AREA","modelName":"NewYardModel"},"interaction":{"idSuffix":"inner"}},"clearTextFirst":true,"interactionType":"ENTER_TEXT"}]}
COMMAND: POST /session/1078df7af42110589ce6729fcfa5b6f8/execute/async - {"script":"<script> [1562 bytes]","args":[{"selector":{"id":"application-manageyards-display-component---NewYard--companyCodeComboBox","interaction":{"idSuffix":"inner"}},"wdio_ui5_key":"applicationmanageyards-display-component---NewYard--companyCodeComboBox"}]}
RESULT: {"script":"<script> [1562 bytes]","args":[{"selector":{"id":"application-manageyards-display-component---NewYard--companyCodeComboBox","interaction":{"idSuffix":"inner"}},"wdio_ui5_key":"applicationmanageyards-display-component---NewYard--companyCodeComboBox"}]}
RESULT: undefined
COMMAND: POST /session/1078df7af42110589ce6729fcfa5b6f8/execute/async - {"script":"<script> [776 bytes]","args":[{"enterText":"1000","selector":{"id":"application-manageyards-display-component---NewYard--companyCodeComboBox","interaction":{"idSuffix":"inner"}},"clearTextFirst":true,"interactionType":"ENTER_TEXT"}]}
RESULT: {"script":"<script> [776 bytes]","args":[{"enterText":"1000","selector":{"id":"application-manageyards-display-component---NewYard--companyCodeComboBox","interaction":{"idSuffix":"inner"}},"clearTextFirst":true,"interactionType":"ENTER_TEXT"}]}
COMMAND: POST /session/1078df7af42110589ce6729fcfa5b6f8/execute/async - {"script":"<script> [1562 bytes]","args":[{"selector":{"controlType":"sap.m.Input","viewName":"etm.portal.ui.manageyards.view.New","viewId":"application-manageyards-display-component---NewYard","bindingPath":{"path":"","propertyPath":"/PLANT","modelName":"NewYardModel"},"interaction":{"idSuffix":"inner"}},"wdio_ui5_key":"etmportal.ui.manageyards.view.Newsap.m.Input{\"path\":\"\",\"propertyPath\":\"/PLANT\",\"modelName\":\"NewYardModel\"}"}]}
RESULT: {"script":"<script> [1562 bytes]","args":[{"selector":{"controlType":"sap.m.Input","viewName":"etm.portal.ui.manageyards.view.New","viewId":"application-manageyards-display-component---NewYard","bindingPath":{"path":"","propertyPath":"/PLANT","modelName":"NewYardModel"},"interaction":{"idSuffix":"inner"}},"wdio_ui5_key":"etmportal.ui.manageyards.view.Newsap.m.Input{\"path\":\"\",\"propertyPath\":\"/PLANT\",\"modelName\":\"NewYardModel\"}"}]}
RESULT: undefined
COMMAND: POST /session/1078df7af42110589ce6729fcfa5b6f8/execute/async - {"script":"<script> [776 bytes]","args":[{"enterText":"1001","selector":{"controlType":"sap.m.Input","viewName":"etm.portal.ui.manageyards.view.New","viewId":"application-manageyards-display-component---NewYard","bindingPath":{"path":"","propertyPath":"/PLANT","modelName":"NewYardModel"},"interaction":{"idSuffix":"inner"}},"clearTextFirst":true,"interactionType":"ENTER_TEXT"}]}
RESULT: {"script":"<script> [776 bytes]","args":[{"enterText":"1001","selector":{"controlType":"sap.m.Input","viewName":"etm.portal.ui.manageyards.view.New","viewId":"application-manageyards-display-component---NewYard","bindingPath":{"path":"","propertyPath":"/PLANT","modelName":"NewYardModel"},"interaction":{"idSuffix":"inner"}},"clearTextFirst":true,"interactionType":"ENTER_TEXT"}]}
COMMAND: POST /session/1078df7af42110589ce6729fcfa5b6f8/execute/async - {"script":"<script> [1562 bytes]","args":[{"selector":{"controlType":"sap.m.Input","viewName":"etm.portal.ui.manageyards.view.New","viewId":"application-manageyards-display-component---NewYard","bindingPath":{"path":"","propertyPath":"/SALES_AREA_VKORG","modelName":"NewYardModel"},"interaction":{"idSuffix":"inner"}},"wdio_ui5_key":"etmportal.ui.manageyards.view.Newsap.m.Input{\"path\":\"\",\"propertyPath\":\"/SALES_AREA_VKORG\",\"modelName\":\"NewYardModel\"}"}]}
RESULT: {"script":"<script> [1562 bytes]","args":[{"selector":{"controlType":"sap.m.Input","viewName":"etm.portal.ui.manageyards.view.New","viewId":"application-manageyards-display-component---NewYard","bindingPath":{"path":"","propertyPath":"/SALES_AREA_VKORG","modelName":"NewYardModel"},"interaction":{"idSuffix":"inner"}},"wdio_ui5_key":"etmportal.ui.manageyards.view.Newsap.m.Input{\"path\":\"\",\"propertyPath\":\"/SALES_AREA_VKORG\",\"modelName\":\"NewYardModel\"}"}]}
RESULT: undefined
COMMAND: POST /session/1078df7af42110589ce6729fcfa5b6f8/execute/async - {"script":"<script> [776 bytes]","args":[{"enterText":"C002","selector":{"controlType":"sap.m.Input","viewName":"etm.portal.ui.manageyards.view.New","viewId":"application-manageyards-display-component---NewYard","bindingPath":{"path":"","propertyPath":"/SALES_AREA_VKORG","modelName":"NewYardModel"},"interaction":{"idSuffix":"inner"}},"clearTextFirst":true,"interactionType":"ENTER_TEXT"}]}
RESULT: {"script":"<script> [776 bytes]","args":[{"enterText":"C002","selector":{"controlType":"sap.m.Input","viewName":"etm.portal.ui.manageyards.view.New","viewId":"application-manageyards-display-component---NewYard","bindingPath":{"path":"","propertyPath":"/SALES_AREA_VKORG","modelName":"NewYardModel"},"interaction":{"idSuffix":"inner"}},"clearTextFirst":true,"interactionType":"ENTER_TEXT"}]}
COMMAND: POST /session/1078df7af42110589ce6729fcfa5b6f8/execute/async - {"script":"<script> [1562 bytes]","args":[{"selector":{"controlType":"sap.m.Input","viewName":"etm.portal.ui.manageyards.view.New","viewId":"application-manageyards-display-component---NewYard","bindingPath":{"path":"","propertyPath":"/SALES_AREA_VTWEG","modelName":"NewYardModel"},"interaction":{"idSuffix":"inner"}},"wdio_ui5_key":"etmportal.ui.manageyards.view.Newsap.m.Input{\"path\":\"\",\"propertyPath\":\"/SALES_AREA_VTWEG\",\"modelName\":\"NewYardModel\"}"}]}
RESULT: {"script":"<script> [1562 bytes]","args":[{"selector":{"controlType":"sap.m.Input","viewName":"etm.portal.ui.manageyards.view.New","viewId":"application-manageyards-display-component---NewYard","bindingPath":{"path":"","propertyPath":"/SALES_AREA_VTWEG","modelName":"NewYardModel"},"interaction":{"idSuffix":"inner"}},"wdio_ui5_key":"etmportal.ui.manageyards.view.Newsap.m.Input{\"path\":\"\",\"propertyPath\":\"/SALES_AREA_VTWEG\",\"modelName\":\"NewYardModel\"}"}]}
RESULT: undefined
COMMAND: POST /session/1078df7af42110589ce6729fcfa5b6f8/execute/async - {"script":"<script> [776 bytes]","args":[{"enterText":"C2","selector":{"controlType":"sap.m.Input","viewName":"etm.portal.ui.manageyards.view.New","viewId":"application-manageyards-display-component---NewYard","bindingPath":{"path":"","propertyPath":"/SALES_AREA_VTWEG","modelName":"NewYardModel"},"interaction":{"idSuffix":"inner"}},"clearTextFirst":true,"interactionType":"ENTER_TEXT"}]}
RESULT: {"script":"<script> [776 bytes]","args":[{"enterText":"C2","selector":{"controlType":"sap.m.Input","viewName":"etm.portal.ui.manageyards.view.New","viewId":"application-manageyards-display-component---NewYard","bindingPath":{"path":"","propertyPath":"/SALES_AREA_VTWEG","modelName":"NewYardModel"},"interaction":{"idSuffix":"inner"}},"clearTextFirst":true,"interactionType":"ENTER_TEXT"}]}
COMMAND: POST /session/1078df7af42110589ce6729fcfa5b6f8/execute/async - {"script":"<script> [1562 bytes]","args":[{"selector":{"controlType":"sap.m.Input","viewName":"etm.portal.ui.manageyards.view.New","viewId":"application-manageyards-display-component---NewYard","bindingPath":{"path":"","propertyPath":"/SALES_AREA_SPART","modelName":"NewYardModel"},"interaction":{"idSuffix":"inner"}},"wdio_ui5_key":"etmportal.ui.manageyards.view.Newsap.m.Input{\"path\":\"\",\"propertyPath\":\"/SALES_AREA_SPART\",\"modelName\":\"NewYardModel\"}"}]}
RESULT: {"script":"<script> [1562 bytes]","args":[{"selector":{"controlType":"sap.m.Input","viewName":"etm.portal.ui.manageyards.view.New","viewId":"application-manageyards-display-component---NewYard","bindingPath":{"path":"","propertyPath":"/SALES_AREA_SPART","modelName":"NewYardModel"},"interaction":{"idSuffix":"inner"}},"wdio_ui5_key":"etmportal.ui.manageyards.view.Newsap.m.Input{\"path\":\"\",\"propertyPath\":\"/SALES_AREA_SPART\",\"modelName\":\"NewYardModel\"}"}]}
RESULT: undefined
COMMAND: POST /session/1078df7af42110589ce6729fcfa5b6f8/execute/async - {"script":"<script> [776 bytes]","args":[{"enterText":"C2","selector":{"controlType":"sap.m.Input","viewName":"etm.portal.ui.manageyards.view.New","viewId":"application-manageyards-display-component---NewYard","bindingPath":{"path":"","propertyPath":"/SALES_AREA_SPART","modelName":"NewYardModel"},"interaction":{"idSuffix":"inner"}},"clearTextFirst":true,"interactionType":"ENTER_TEXT"}]}
RESULT: {"script":"<script> [776 bytes]","args":[{"enterText":"C2","selector":{"controlType":"sap.m.Input","viewName":"etm.portal.ui.manageyards.view.New","viewId":"application-manageyards-display-component---NewYard","bindingPath":{"path":"","propertyPath":"/SALES_AREA_SPART","modelName":"NewYardModel"},"interaction":{"idSuffix":"inner"}},"clearTextFirst":true,"interactionType":"ENTER_TEXT"}]}
COMMAND: POST /session/1078df7af42110589ce6729fcfa5b6f8/execute/async - {"script":"<script> [1562 bytes]","args":[{"selector":{"controlType":"sap.m.Input","viewName":"etm.portal.ui.manageyards.view.New","viewId":"application-manageyards-display-component---NewYard","bindingPath":{"path":"","propertyPath":"/SHIP_POINT","modelName":"NewYardModel"},"interaction":{"idSuffix":"inner"}},"wdio_ui5_key":"etmportal.ui.manageyards.view.Newsap.m.Input{\"path\":\"\",\"propertyPath\":\"/SHIP_POINT\",\"modelName\":\"NewYardModel\"}"}]}
RESULT: {"script":"<script> [1562 bytes]","args":[{"selector":{"controlType":"sap.m.Input","viewName":"etm.portal.ui.manageyards.view.New","viewId":"application-manageyards-display-component---NewYard","bindingPath":{"path":"","propertyPath":"/SHIP_POINT","modelName":"NewYardModel"},"interaction":{"idSuffix":"inner"}},"wdio_ui5_key":"etmportal.ui.manageyards.view.Newsap.m.Input{\"path\":\"\",\"propertyPath\":\"/SHIP_POINT\",\"modelName\":\"NewYardModel\"}"}]}
RESULT: undefined
COMMAND: POST /session/1078df7af42110589ce6729fcfa5b6f8/execute/async - {"script":"<script> [776 bytes]","args":[{"enterText":"1710","selector":{"controlType":"sap.m.Input","viewName":"etm.portal.ui.manageyards.view.New","viewId":"application-manageyards-display-component---NewYard","bindingPath":{"path":"","propertyPath":"/SHIP_POINT","modelName":"NewYardModel"},"interaction":{"idSuffix":"inner"}},"clearTextFirst":true,"interactionType":"ENTER_TEXT"}]}
RESULT: {"script":"<script> [776 bytes]","args":[{"enterText":"1710","selector":{"controlType":"sap.m.Input","viewName":"etm.portal.ui.manageyards.view.New","viewId":"application-manageyards-display-component---NewYard","bindingPath":{"path":"","propertyPath":"/SHIP_POINT","modelName":"NewYardModel"},"interaction":{"idSuffix":"inner"}},"clearTextFirst":true,"interactionType":"ENTER_TEXT"}]}
COMMAND: POST /session/1078df7af42110589ce6729fcfa5b6f8/execute/async - {"script":"<script> [1562 bytes]","args":[{"selector":{"controlType":"sap.m.Input","viewName":"etm.portal.ui.manageyards.view.New","viewId":"application-manageyards-display-component---NewYard","bindingPath":{"path":"","propertyPath":"/DELIVERY_TYPE","modelName":"NewYardModel"},"interaction":{"idSuffix":"inner"}},"wdio_ui5_key":"etmportal.ui.manageyards.view.Newsap.m.Input{\"path\":\"\",\"propertyPath\":\"/DELIVERY_TYPE\",\"modelName\":\"NewYardModel\"}"}]}
RESULT: {"script":"<script> [1562 bytes]","args":[{"selector":{"controlType":"sap.m.Input","viewName":"etm.portal.ui.manageyards.view.New","viewId":"application-manageyards-display-component---NewYard","bindingPath":{"path":"","propertyPath":"/DELIVERY_TYPE","modelName":"NewYardModel"},"interaction":{"idSuffix":"inner"}},"wdio_ui5_key":"etmportal.ui.manageyards.view.Newsap.m.Input{\"path\":\"\",\"propertyPath\":\"/DELIVERY_TYPE\",\"modelName\":\"NewYardModel\"}"}]}
RESULT: undefined
COMMAND: POST /session/1078df7af42110589ce6729fcfa5b6f8/execute/async - {"script":"<script> [776 bytes]","args":[{"enterText":"ZL01","selector":{"controlType":"sap.m.Input","viewName":"etm.portal.ui.manageyards.view.New","viewId":"application-manageyards-display-component---NewYard","bindingPath":{"path":"","propertyPath":"/DELIVERY_TYPE","modelName":"NewYardModel"},"interaction":{"idSuffix":"inner"}},"clearTextFirst":true,"interactionType":"ENTER_TEXT"}]}
RESULT: {"script":"<script> [776 bytes]","args":[{"enterText":"ZL01","selector":{"controlType":"sap.m.Input","viewName":"etm.portal.ui.manageyards.view.New","viewId":"application-manageyards-display-component---NewYard","bindingPath":{"path":"","propertyPath":"/DELIVERY_TYPE","modelName":"NewYardModel"},"interaction":{"idSuffix":"inner"}},"clearTextFirst":true,"interactionType":"ENTER_TEXT"}]}
COMMAND: POST /session/1078df7af42110589ce6729fcfa5b6f8/execute/async - {"script":"<script> [1562 bytes]","args":[{"selector":{"controlType":"sap.m.Input","viewName":"etm.portal.ui.manageyards.view.New","viewId":"application-manageyards-display-component---NewYard","bindingPath":{"path":"","propertyPath":"/AUART","modelName":"NewYardModel"},"interaction":{"idSuffix":"inner"}},"wdio_ui5_key":"etmportal.ui.manageyards.view.Newsap.m.Input{\"path\":\"\",\"propertyPath\":\"/AUART\",\"modelName\":\"NewYardModel\"}"}]}
RESULT: {"script":"<script> [1562 bytes]","args":[{"selector":{"controlType":"sap.m.Input","viewName":"etm.portal.ui.manageyards.view.New","viewId":"application-manageyards-display-component---NewYard","bindingPath":{"path":"","propertyPath":"/AUART","modelName":"NewYardModel"},"interaction":{"idSuffix":"inner"}},"wdio_ui5_key":"etmportal.ui.manageyards.view.Newsap.m.Input{\"path\":\"\",\"propertyPath\":\"/AUART\",\"modelName\":\"NewYardModel\"}"}]}
RESULT: undefined
COMMAND: POST /session/1078df7af42110589ce6729fcfa5b6f8/execute/async - {"script":"<script> [776 bytes]","args":[{"enterText":"TA","selector":{"controlType":"sap.m.Input","viewName":"etm.portal.ui.manageyards.view.New","viewId":"application-manageyards-display-component---NewYard","bindingPath":{"path":"","propertyPath":"/AUART","modelName":"NewYardModel"},"interaction":{"idSuffix":"inner"}},"clearTextFirst":true,"interactionType":"ENTER_TEXT"}]}
RESULT: {"script":"<script> [776 bytes]","args":[{"enterText":"TA","selector":{"controlType":"sap.m.Input","viewName":"etm.portal.ui.manageyards.view.New","viewId":"application-manageyards-display-component---NewYard","bindingPath":{"path":"","propertyPath":"/AUART","modelName":"NewYardModel"},"interaction":{"idSuffix":"inner"}},"clearTextFirst":true,"interactionType":"ENTER_TEXT"}]}
COMMAND: POST /session/1078df7af42110589ce6729fcfa5b6f8/element - {"using":"xpath","value":"//button[@data-kt=\"newYardSaveButton\"]"}
RESULT: {"using":"xpath","value":"//button[@data-kt=\"newYardSaveButton\"]"}
COMMAND: POST /session/1078df7af42110589ce6729fcfa5b6f8/element/f.BA343095ED0ABE7E3673784E64AE5F80.d.CC9C0AC060CABB2C49A552E0BFB8EE6A.e.6855/click - {}
RESULT: {}
COMMAND: GET /session/1078df7af42110589ce6729fcfa5b6f8/screenshot - {}
RESULT: {}
COMMAND: POST /session/1078df7af42110589ce6729fcfa5b6f8/element - {"using":"xpath","value":"//header[contains(@id, 'ObjectPageLayout-headerTitle')]/div[1]/div[2]/div[1]/span[1]"}
RESULT: {"using":"xpath","value":"//header[contains(@id, 'ObjectPageLayout-headerTitle')]/div[1]/div[2]/div[1]/span[1]"}
COMMAND: POST /session/1078df7af42110589ce6729fcfa5b6f8/elements - {"using":"xpath","value":"//header[contains(@id, 'ObjectPageLayout-headerTitle')]/div[1]/div[2]/div[1]/span[1]"}
RESULT: {"using":"xpath","value":"//header[contains(@id, 'ObjectPageLayout-headerTitle')]/div[1]/div[2]/div[1]/span[1]"}
COMMAND: POST /session/1078df7af42110589ce6729fcfa5b6f8/execute/sync - {"script":"<script> [56 bytes]","args":[{"element-6066-11e4-a52e-4f735466cecf":"f.BA343095ED0ABE7E3673784E64AE5F80.d.CC9C0AC060CABB2C49A552E0BFB8EE6A.e.7164","ELEMENT":"f.BA343095ED0ABE7E3673784E64AE5F80.d.CC9C0AC060CABB2C49A552E0BFB8EE6A.e.7164"}]}
RESULT: {"script":"<script> [56 bytes]","args":[{"element-6066-11e4-a52e-4f735466cecf":"f.BA343095ED0ABE7E3673784E64AE5F80.d.CC9C0AC060CABB2C49A552E0BFB8EE6A.e.7164","ELEMENT":"f.BA343095ED0ABE7E3673784E64AE5F80.d.CC9C0AC060CABB2C49A552E0BFB8EE6A.e.7164"}]}
COMMAND: GET /session/1078df7af42110589ce6729fcfa5b6f8/screenshot - {}
RESULT: {}
COMMAND: POST /session/1078df7af42110589ce6729fcfa5b6f8/element - {"using":"css selector","value":"#shell-header-logo"}
RESULT: {"using":"css selector","value":"#shell-header-logo"}
COMMAND: POST /session/1078df7af42110589ce6729fcfa5b6f8/element/f.BA343095ED0ABE7E3673784E64AE5F80.d.CC9C0AC060CABB2C49A552E0BFB8EE6A.e.6421/click - {}
RESULT: {}
COMMAND: GET /session/1078df7af42110589ce6729fcfa5b6f8/screenshot - {}
RESULT: {}
COMMAND: POST /session/1078df7af42110589ce6729fcfa5b6f8/execute/sync - {"script":"<script> [299 bytes]","args":[["getModel","getResource"]]}
RESULT: {"script":"<script> [299 bytes]","args":[["getModel","getResource"]]}
]]></system-out>
    </testcase>
    <testcase classname="chrome.136_0_7103_93.windows.Billing_Transfer_-_Intracompany_US127249" name="Should create a new partner" time="135.086">
      <system-out><![CDATA[
COMMAND: POST /session/1078df7af42110589ce6729fcfa5b6f8/window/fullscreen - {}
COMMAND: GET /session/1078df7af42110589ce6729fcfa5b6f8/screenshot - {}
RESULT: {}
COMMAND: POST /session/1078df7af42110589ce6729fcfa5b6f8/execute/async - {"script":"<script> [1562 bytes]","args":[{"selector":{"controlType":"sap.m.GenericTile","properties":{"header":"Manage Partners"}},"wdio_ui5_key":"sapm.GenericTile{\"header\":\"Manage Partners\"}"}]}
RESULT: {}
RESULT: {"script":"<script> [1562 bytes]","args":[{"selector":{"controlType":"sap.m.GenericTile","properties":{"header":"Manage Partners"}},"wdio_ui5_key":"sapm.GenericTile{\"header\":\"Manage Partners\"}"}]}
RESULT: undefined
COMMAND: POST /session/1078df7af42110589ce6729fcfa5b6f8/element - {"using":"xpath","value":"//*[@id=\"__tile38\"]"}
RESULT: {"using":"xpath","value":"//*[@id=\"__tile38\"]"}
COMMAND: POST /session/1078df7af42110589ce6729fcfa5b6f8/element/f.BA343095ED0ABE7E3673784E64AE5F80.d.CC9C0AC060CABB2C49A552E0BFB8EE6A.e.6317/click - {}
RESULT: {}
COMMAND: GET /session/1078df7af42110589ce6729fcfa5b6f8/screenshot - {}
RESULT: {}
COMMAND: POST /session/1078df7af42110589ce6729fcfa5b6f8/elements - {"using":"xpath","value":"//span[text()='Error']"}
RESULT: {"using":"xpath","value":"//span[text()='Error']"}
COMMAND: POST /session/1078df7af42110589ce6729fcfa5b6f8/element - {"using":"xpath","value":"//button[@data-kt=\"addButton\"]"}
RESULT: {"using":"xpath","value":"//button[@data-kt=\"addButton\"]"}
COMMAND: POST /session/1078df7af42110589ce6729fcfa5b6f8/elements - {"using":"xpath","value":"//button[@data-kt=\"addButton\"]"}
RESULT: {"using":"xpath","value":"//button[@data-kt=\"addButton\"]"}
COMMAND: POST /session/1078df7af42110589ce6729fcfa5b6f8/elements - {"using":"xpath","value":"//button[@data-kt=\"addButton\"]"}
RESULT: {"using":"xpath","value":"//button[@data-kt=\"addButton\"]"}
COMMAND: POST /session/1078df7af42110589ce6729fcfa5b6f8/elements - {"using":"xpath","value":"//button[@data-kt=\"addButton\"]"}
RESULT: {"using":"xpath","value":"//button[@data-kt=\"addButton\"]"}
COMMAND: POST /session/1078df7af42110589ce6729fcfa5b6f8/element - {"using":"xpath","value":"//button[@data-kt=\"addButton\"]"}
RESULT: {"using":"xpath","value":"//button[@data-kt=\"addButton\"]"}
COMMAND: POST /session/1078df7af42110589ce6729fcfa5b6f8/execute/sync - {"script":"<script> [8489 bytes]","args":[{"element-6066-11e4-a52e-4f735466cecf":"f.BA343095ED0ABE7E3673784E64AE5F80.d.CC9C0AC060CABB2C49A552E0BFB8EE6A.e.7201","ELEMENT":"f.BA343095ED0ABE7E3673784E64AE5F80.d.CC9C0AC060CABB2C49A552E0BFB8EE6A.e.7201"}]}
RESULT: {"script":"<script> [8489 bytes]","args":[{"element-6066-11e4-a52e-4f735466cecf":"f.BA343095ED0ABE7E3673784E64AE5F80.d.CC9C0AC060CABB2C49A552E0BFB8EE6A.e.7201","ELEMENT":"f.BA343095ED0ABE7E3673784E64AE5F80.d.CC9C0AC060CABB2C49A552E0BFB8EE6A.e.7201"}]}
COMMAND: GET /session/1078df7af42110589ce6729fcfa5b6f8/element/f.BA343095ED0ABE7E3673784E64AE5F80.d.CC9C0AC060CABB2C49A552E0BFB8EE6A.e.7201/enabled - {}
COMMAND: GET /session/1078df7af42110589ce6729fcfa5b6f8/screenshot - {}
RESULT: {}
COMMAND: POST /session/1078df7af42110589ce6729fcfa5b6f8/execute/sync - {"script":"<script> [8489 bytes]","args":[{"element-6066-11e4-a52e-4f735466cecf":"f.BA343095ED0ABE7E3673784E64AE5F80.d.CC9C0AC060CABB2C49A552E0BFB8EE6A.e.7201","ELEMENT":"f.BA343095ED0ABE7E3673784E64AE5F80.d.CC9C0AC060CABB2C49A552E0BFB8EE6A.e.7201"}]}
COMMAND: GET /session/1078df7af42110589ce6729fcfa5b6f8/screenshot - {}
RESULT: {}
RESULT: {"script":"<script> [8489 bytes]","args":[{"element-6066-11e4-a52e-4f735466cecf":"f.BA343095ED0ABE7E3673784E64AE5F80.d.CC9C0AC060CABB2C49A552E0BFB8EE6A.e.7201","ELEMENT":"f.BA343095ED0ABE7E3673784E64AE5F80.d.CC9C0AC060CABB2C49A552E0BFB8EE6A.e.7201"}]}
COMMAND: POST /session/1078df7af42110589ce6729fcfa5b6f8/execute/sync - {"script":"<script> [5351 bytes]","args":[{"element-6066-11e4-a52e-4f735466cecf":"f.BA343095ED0ABE7E3673784E64AE5F80.d.CC9C0AC060CABB2C49A552E0BFB8EE6A.e.7201","ELEMENT":"f.BA343095ED0ABE7E3673784E64AE5F80.d.CC9C0AC060CABB2C49A552E0BFB8EE6A.e.7201"}]}
COMMAND: GET /session/1078df7af42110589ce6729fcfa5b6f8/screenshot - {}
RESULT: {}
RESULT: {"script":"<script> [5351 bytes]","args":[{"element-6066-11e4-a52e-4f735466cecf":"f.BA343095ED0ABE7E3673784E64AE5F80.d.CC9C0AC060CABB2C49A552E0BFB8EE6A.e.7201","ELEMENT":"f.BA343095ED0ABE7E3673784E64AE5F80.d.CC9C0AC060CABB2C49A552E0BFB8EE6A.e.7201"}]}
COMMAND: POST /session/1078df7af42110589ce6729fcfa5b6f8/element/f.BA343095ED0ABE7E3673784E64AE5F80.d.CC9C0AC060CABB2C49A552E0BFB8EE6A.e.7201/click - {}
COMMAND: GET /session/1078df7af42110589ce6729fcfa5b6f8/screenshot - {}
RESULT: {}
RESULT: {}
COMMAND: GET /session/1078df7af42110589ce6729fcfa5b6f8/screenshot - {}
COMMAND: POST /session/1078df7af42110589ce6729fcfa5b6f8/execute/async - {"script":"<script> [1562 bytes]","args":[{"selector":{"id":"application-managepartners-display-component---NewPartner--addressDetailDetailsName1","interaction":{"idSuffix":"inner"}},"wdio_ui5_key":"applicationmanagepartners-display-component---NewPartner--addressDetailDetailsName1"}]}
RESULT: {}
RESULT: {}
RESULT: {"script":"<script> [1562 bytes]","args":[{"selector":{"id":"application-managepartners-display-component---NewPartner--addressDetailDetailsName1","interaction":{"idSuffix":"inner"}},"wdio_ui5_key":"applicationmanagepartners-display-component---NewPartner--addressDetailDetailsName1"}]}
RESULT: undefined
COMMAND: POST /session/1078df7af42110589ce6729fcfa5b6f8/execute/async - {"script":"<script> [776 bytes]","args":[{"enterText":"Intracompany Partner WDIO","selector":{"id":"application-managepartners-display-component---NewPartner--addressDetailDetailsName1","interaction":{"idSuffix":"inner"}},"clearTextFirst":true,"interactionType":"ENTER_TEXT"}]}
RESULT: {"script":"<script> [776 bytes]","args":[{"enterText":"Intracompany Partner WDIO","selector":{"id":"application-managepartners-display-component---NewPartner--addressDetailDetailsName1","interaction":{"idSuffix":"inner"}},"clearTextFirst":true,"interactionType":"ENTER_TEXT"}]}
COMMAND: POST /session/1078df7af42110589ce6729fcfa5b6f8/execute/async - {"script":"<script> [1562 bytes]","args":[{"selector":{"id":"application-managepartners-display-component---NewPartner--addressDetailDetailsLanguage-arrow"},"wdio_ui5_key":"applicationmanagepartners-display-component---NewPartner--addressDetailDetailsLanguage-arrow"}]}
RESULT: {"script":"<script> [1562 bytes]","args":[{"selector":{"id":"application-managepartners-display-component---NewPartner--addressDetailDetailsLanguage-arrow"},"wdio_ui5_key":"applicationmanagepartners-display-component---NewPartner--addressDetailDetailsLanguage-arrow"}]}
RESULT: undefined
COMMAND: POST /session/1078df7af42110589ce6729fcfa5b6f8/element - {"using":"xpath","value":"//*[@id=\"application-managepartners-display-component---NewPartner--addressDetailDetailsLanguage-arrow\"]"}
RESULT: {"using":"xpath","value":"//*[@id=\"application-managepartners-display-component---NewPartner--addressDetailDetailsLanguage-arrow\"]"}
COMMAND: POST /session/1078df7af42110589ce6729fcfa5b6f8/element/f.BA343095ED0ABE7E3673784E64AE5F80.d.CC9C0AC060CABB2C49A552E0BFB8EE6A.e.7655/click - {}
RESULT: {}
COMMAND: POST /session/1078df7af42110589ce6729fcfa5b6f8/element - {"using":"xpath","value":"//span[contains(text(), \"English\")]"}
COMMAND: GET /session/1078df7af42110589ce6729fcfa5b6f8/screenshot - {}
RESULT: {"using":"xpath","value":"//span[contains(text(), \"English\")]"}
COMMAND: POST /session/1078df7af42110589ce6729fcfa5b6f8/element/f.BA343095ED0ABE7E3673784E64AE5F80.d.CC9C0AC060CABB2C49A552E0BFB8EE6A.e.7656/click - {}
RESULT: {}
RESULT: {}
COMMAND: GET /session/1078df7af42110589ce6729fcfa5b6f8/screenshot - {}
RESULT: {}
COMMAND: POST /session/1078df7af42110589ce6729fcfa5b6f8/execute/async - {"script":"<script> [1562 bytes]","args":[{"selector":{"id":"application-managepartners-display-component---NewPartner--addressDetailDetailsCity1","interaction":{"idSuffix":"inner"}},"wdio_ui5_key":"applicationmanagepartners-display-component---NewPartner--addressDetailDetailsCity1"}]}
RESULT: {"script":"<script> [1562 bytes]","args":[{"selector":{"id":"application-managepartners-display-component---NewPartner--addressDetailDetailsCity1","interaction":{"idSuffix":"inner"}},"wdio_ui5_key":"applicationmanagepartners-display-component---NewPartner--addressDetailDetailsCity1"}]}
RESULT: undefined
COMMAND: POST /session/1078df7af42110589ce6729fcfa5b6f8/execute/async - {"script":"<script> [776 bytes]","args":[{"enterText":"Rosario","selector":{"id":"application-managepartners-display-component---NewPartner--addressDetailDetailsCity1","interaction":{"idSuffix":"inner"}},"clearTextFirst":true,"interactionType":"ENTER_TEXT"}]}
RESULT: {"script":"<script> [776 bytes]","args":[{"enterText":"Rosario","selector":{"id":"application-managepartners-display-component---NewPartner--addressDetailDetailsCity1","interaction":{"idSuffix":"inner"}},"clearTextFirst":true,"interactionType":"ENTER_TEXT"}]}
COMMAND: POST /session/1078df7af42110589ce6729fcfa5b6f8/execute/async - {"script":"<script> [1562 bytes]","args":[{"selector":{"id":"application-managepartners-display-component---NewPartner--addressDetailDetailsCountry-arrow"},"wdio_ui5_key":"applicationmanagepartners-display-component---NewPartner--addressDetailDetailsCountry-arrow"}]}
RESULT: {"script":"<script> [1562 bytes]","args":[{"selector":{"id":"application-managepartners-display-component---NewPartner--addressDetailDetailsCountry-arrow"},"wdio_ui5_key":"applicationmanagepartners-display-component---NewPartner--addressDetailDetailsCountry-arrow"}]}
RESULT: undefined
COMMAND: POST /session/1078df7af42110589ce6729fcfa5b6f8/element - {"using":"xpath","value":"//*[@id=\"application-managepartners-display-component---NewPartner--addressDetailDetailsCountry-arrow\"]"}
RESULT: {"using":"xpath","value":"//*[@id=\"application-managepartners-display-component---NewPartner--addressDetailDetailsCountry-arrow\"]"}
COMMAND: POST /session/1078df7af42110589ce6729fcfa5b6f8/element/f.BA343095ED0ABE7E3673784E64AE5F80.d.CC9C0AC060CABB2C49A552E0BFB8EE6A.e.7642/click - {}
RESULT: {}
COMMAND: POST /session/1078df7af42110589ce6729fcfa5b6f8/element - {"using":"xpath","value":"//span[contains(text(), \"Argentina\")]"}
COMMAND: GET /session/1078df7af42110589ce6729fcfa5b6f8/screenshot - {}
RESULT: {"using":"xpath","value":"//span[contains(text(), \"Argentina\")]"}
COMMAND: POST /session/1078df7af42110589ce6729fcfa5b6f8/element/f.BA343095ED0ABE7E3673784E64AE5F80.d.CC9C0AC060CABB2C49A552E0BFB8EE6A.e.7658/click - {}
RESULT: {}
RESULT: {}
COMMAND: GET /session/1078df7af42110589ce6729fcfa5b6f8/screenshot - {}
RESULT: {}
COMMAND: POST /session/1078df7af42110589ce6729fcfa5b6f8/element - {"using":"xpath","value":"//bdi[contains(text(), \"Commercial\")]"}
RESULT: {"using":"xpath","value":"//bdi[contains(text(), \"Commercial\")]"}
COMMAND: POST /session/1078df7af42110589ce6729fcfa5b6f8/element/f.BA343095ED0ABE7E3673784E64AE5F80.d.CC9C0AC060CABB2C49A552E0BFB8EE6A.e.7659/click - {}
RESULT: {}
COMMAND: GET /session/1078df7af42110589ce6729fcfa5b6f8/screenshot - {}
RESULT: {}
COMMAND: POST /session/1078df7af42110589ce6729fcfa5b6f8/execute/async - {"script":"<script> [1562 bytes]","args":[{"selector":{"id":"application-managepartners-display-component---NewPartner--partnerDetailInternal-arrow"},"wdio_ui5_key":"applicationmanagepartners-display-component---NewPartner--partnerDetailInternal-arrow"}]}
RESULT: {"script":"<script> [1562 bytes]","args":[{"selector":{"id":"application-managepartners-display-component---NewPartner--partnerDetailInternal-arrow"},"wdio_ui5_key":"applicationmanagepartners-display-component---NewPartner--partnerDetailInternal-arrow"}]}
RESULT: undefined
COMMAND: POST /session/1078df7af42110589ce6729fcfa5b6f8/element - {"using":"xpath","value":"//*[@id=\"application-managepartners-display-component---NewPartner--partnerDetailInternal-arrow\"]"}
RESULT: {"using":"xpath","value":"//*[@id=\"application-managepartners-display-component---NewPartner--partnerDetailInternal-arrow\"]"}
COMMAND: POST /session/1078df7af42110589ce6729fcfa5b6f8/element/f.BA343095ED0ABE7E3673784E64AE5F80.d.CC9C0AC060CABB2C49A552E0BFB8EE6A.e.7665/click - {}
RESULT: {}
COMMAND: POST /session/1078df7af42110589ce6729fcfa5b6f8/element - {"using":"xpath","value":"//span[contains(text(), \"Affiliated company\")]"}
COMMAND: GET /session/1078df7af42110589ce6729fcfa5b6f8/screenshot - {}
RESULT: {"using":"xpath","value":"//span[contains(text(), \"Affiliated company\")]"}
COMMAND: POST /session/1078df7af42110589ce6729fcfa5b6f8/element/f.BA343095ED0ABE7E3673784E64AE5F80.d.CC9C0AC060CABB2C49A552E0BFB8EE6A.e.7666/click - {}
RESULT: {}
RESULT: {}
COMMAND: POST /session/1078df7af42110589ce6729fcfa5b6f8/execute/async - {"script":"<script> [1562 bytes]","args":[{"selector":{"id":"application-managepartners-display-component---NewPartner--partnerDetailsCurrency-arrow"},"wdio_ui5_key":"applicationmanagepartners-display-component---NewPartner--partnerDetailsCurrency-arrow"}]}
COMMAND: GET /session/1078df7af42110589ce6729fcfa5b6f8/screenshot - {}
RESULT: {"script":"<script> [1562 bytes]","args":[{"selector":{"id":"application-managepartners-display-component---NewPartner--partnerDetailsCurrency-arrow"},"wdio_ui5_key":"applicationmanagepartners-display-component---NewPartner--partnerDetailsCurrency-arrow"}]}
RESULT: undefined
COMMAND: POST /session/1078df7af42110589ce6729fcfa5b6f8/element - {"using":"xpath","value":"//*[@id=\"application-managepartners-display-component---NewPartner--partnerDetailsCurrency-arrow\"]"}
RESULT: {}
RESULT: {"using":"xpath","value":"//*[@id=\"application-managepartners-display-component---NewPartner--partnerDetailsCurrency-arrow\"]"}
COMMAND: POST /session/1078df7af42110589ce6729fcfa5b6f8/element/f.BA343095ED0ABE7E3673784E64AE5F80.d.CC9C0AC060CABB2C49A552E0BFB8EE6A.e.7673/click - {}
RESULT: {}
COMMAND: POST /session/1078df7af42110589ce6729fcfa5b6f8/element - {"using":"xpath","value":"//span[contains(text(), \"Euro\")]"}
COMMAND: GET /session/1078df7af42110589ce6729fcfa5b6f8/screenshot - {}
RESULT: {"using":"xpath","value":"//span[contains(text(), \"Euro\")]"}
COMMAND: POST /session/1078df7af42110589ce6729fcfa5b6f8/element/f.BA343095ED0ABE7E3673784E64AE5F80.d.CC9C0AC060CABB2C49A552E0BFB8EE6A.e.7674/click - {}
RESULT: {}
RESULT: {}
COMMAND: POST /session/1078df7af42110589ce6729fcfa5b6f8/execute/async - {"script":"<script> [1562 bytes]","args":[{"selector":{"id":"application-managepartners-display-component---NewPartner--addressEditDetailsCostObjectCstType-arrow"},"wdio_ui5_key":"applicationmanagepartners-display-component---NewPartner--addressEditDetailsCostObjectCstType-arrow"}]}
COMMAND: GET /session/1078df7af42110589ce6729fcfa5b6f8/screenshot - {}
RESULT: {"script":"<script> [1562 bytes]","args":[{"selector":{"id":"application-managepartners-display-component---NewPartner--addressEditDetailsCostObjectCstType-arrow"},"wdio_ui5_key":"applicationmanagepartners-display-component---NewPartner--addressEditDetailsCostObjectCstType-arrow"}]}
RESULT: undefined
COMMAND: POST /session/1078df7af42110589ce6729fcfa5b6f8/element - {"using":"xpath","value":"//*[@id=\"application-managepartners-display-component---NewPartner--addressEditDetailsCostObjectCstType-arrow\"]"}
RESULT: {}
RESULT: {"using":"xpath","value":"//*[@id=\"application-managepartners-display-component---NewPartner--addressEditDetailsCostObjectCstType-arrow\"]"}
COMMAND: POST /session/1078df7af42110589ce6729fcfa5b6f8/element/f.BA343095ED0ABE7E3673784E64AE5F80.d.CC9C0AC060CABB2C49A552E0BFB8EE6A.e.7675/click - {}
RESULT: {}
COMMAND: POST /session/1078df7af42110589ce6729fcfa5b6f8/element - {"using":"xpath","value":"//span[contains(text(), \"Cost Center\")]"}
COMMAND: GET /session/1078df7af42110589ce6729fcfa5b6f8/screenshot - {}
RESULT: {"using":"xpath","value":"//span[contains(text(), \"Cost Center\")]"}
COMMAND: POST /session/1078df7af42110589ce6729fcfa5b6f8/element/f.BA343095ED0ABE7E3673784E64AE5F80.d.CC9C0AC060CABB2C49A552E0BFB8EE6A.e.7676/click - {}
RESULT: {}
RESULT: {}
COMMAND: GET /session/1078df7af42110589ce6729fcfa5b6f8/screenshot - {}
RESULT: {}
COMMAND: POST /session/1078df7af42110589ce6729fcfa5b6f8/element - {"using":"xpath","value":"//span[@id=\"application-managepartners-display-component---NewPartner--addressNewCostObjectCstID-vhi\"]"}
RESULT: {"using":"xpath","value":"//span[@id=\"application-managepartners-display-component---NewPartner--addressNewCostObjectCstID-vhi\"]"}
COMMAND: POST /session/1078df7af42110589ce6729fcfa5b6f8/execute/sync - {"script":"<script> [8489 bytes]","args":[{"element-6066-11e4-a52e-4f735466cecf":"f.BA343095ED0ABE7E3673784E64AE5F80.d.CC9C0AC060CABB2C49A552E0BFB8EE6A.e.7680","ELEMENT":"f.BA343095ED0ABE7E3673784E64AE5F80.d.CC9C0AC060CABB2C49A552E0BFB8EE6A.e.7680"}]}
RESULT: {"script":"<script> [8489 bytes]","args":[{"element-6066-11e4-a52e-4f735466cecf":"f.BA343095ED0ABE7E3673784E64AE5F80.d.CC9C0AC060CABB2C49A552E0BFB8EE6A.e.7680","ELEMENT":"f.BA343095ED0ABE7E3673784E64AE5F80.d.CC9C0AC060CABB2C49A552E0BFB8EE6A.e.7680"}]}
COMMAND: POST /session/1078df7af42110589ce6729fcfa5b6f8/execute/async - {"script":"<script> [1562 bytes]","args":[{"selector":{"id":"application-managepartners-display-component---NewPartner--addressNewCostObjectCstID-vhi"},"wdio_ui5_key":"applicationmanagepartners-display-component---NewPartner--addressNewCostObjectCstID-vhi"}]}
COMMAND: GET /session/1078df7af42110589ce6729fcfa5b6f8/screenshot - {}
RESULT: {"script":"<script> [1562 bytes]","args":[{"selector":{"id":"application-managepartners-display-component---NewPartner--addressNewCostObjectCstID-vhi"},"wdio_ui5_key":"applicationmanagepartners-display-component---NewPartner--addressNewCostObjectCstID-vhi"}]}
RESULT: undefined
COMMAND: POST /session/1078df7af42110589ce6729fcfa5b6f8/element - {"using":"xpath","value":"//*[@id=\"application-managepartners-display-component---NewPartner--addressNewCostObjectCstID-vhi\"]"}
RESULT: {}
RESULT: {"using":"xpath","value":"//*[@id=\"application-managepartners-display-component---NewPartner--addressNewCostObjectCstID-vhi\"]"}
COMMAND: POST /session/1078df7af42110589ce6729fcfa5b6f8/element/f.BA343095ED0ABE7E3673784E64AE5F80.d.CC9C0AC060CABB2C49A552E0BFB8EE6A.e.7680/click - {}
RESULT: {}
COMMAND: GET /session/1078df7af42110589ce6729fcfa5b6f8/screenshot - {}
RESULT: {}
RESULT: undefined
COMMAND: POST /session/1078df7af42110589ce6729fcfa5b6f8/execute/async - {"script":"<script> [776 bytes]","args":[{"enterText":"10001013","selector":{"controlType":"sap.m.SearchField","properties":{"placeholder":"Search"},"searchOpenDialogs":true,"interaction":{"idSuffix":"I"}},"clearTextFirst":true,"interactionType":"ENTER_TEXT"}]}
RESULT: {"script":"<script> [776 bytes]","args":[{"enterText":"10001013","selector":{"controlType":"sap.m.SearchField","properties":{"placeholder":"Search"},"searchOpenDialogs":true,"interaction":{"idSuffix":"I"}},"clearTextFirst":true,"interactionType":"ENTER_TEXT"}]}
COMMAND: POST /session/1078df7af42110589ce6729fcfa5b6f8/actions - {"actions":[{"id":"action19","type":"key","parameters":{},"actions":[{"type":"keyDown","value":""},{"type":"pause","duration":10},{"type":"keyUp","value":""}]}]}
RESULT: {"actions":[{"id":"action19","type":"key","parameters":{},"actions":[{"type":"keyDown","value":""},{"type":"pause","duration":10},{"type":"keyUp","value":""}]}]}
COMMAND: GET /session/1078df7af42110589ce6729fcfa5b6f8/screenshot - {}
RESULT: {}
COMMAND: POST /session/1078df7af42110589ce6729fcfa5b6f8/element - {"using":"xpath","value":"//span[contains(text(), \"General Management\")]"}
RESULT: {"using":"xpath","value":"//span[contains(text(), \"General Management\")]"}
COMMAND: POST /session/1078df7af42110589ce6729fcfa5b6f8/element/f.BA343095ED0ABE7E3673784E64AE5F80.d.CC9C0AC060CABB2C49A552E0BFB8EE6A.e.7720/click - {}
RESULT: {}
COMMAND: GET /session/1078df7af42110589ce6729fcfa5b6f8/screenshot - {}
RESULT: {}
COMMAND: POST /session/1078df7af42110589ce6729fcfa5b6f8/element - {"using":"xpath","value":"//bdi[contains(text(), \"OK\")]"}
RESULT: {"using":"xpath","value":"//bdi[contains(text(), \"OK\")]"}
COMMAND: POST /session/1078df7af42110589ce6729fcfa5b6f8/element/f.BA343095ED0ABE7E3673784E64AE5F80.d.CC9C0AC060CABB2C49A552E0BFB8EE6A.e.7721/click - {}
RESULT: {}
COMMAND: GET /session/1078df7af42110589ce6729fcfa5b6f8/screenshot - {}
RESULT: {}
COMMAND: POST /session/1078df7af42110589ce6729fcfa5b6f8/element - {"using":"xpath","value":"//input[@id=\"application-managepartners-display-component---NewPartner--companyCodeComboBox-inner\"]"}
RESULT: {"using":"xpath","value":"//input[@id=\"application-managepartners-display-component---NewPartner--companyCodeComboBox-inner\"]"}
COMMAND: POST /session/1078df7af42110589ce6729fcfa5b6f8/element/f.BA343095ED0ABE7E3673784E64AE5F80.d.CC9C0AC060CABB2C49A552E0BFB8EE6A.e.7514/clear - {}
RESULT: {}
COMMAND: POST /session/1078df7af42110589ce6729fcfa5b6f8/element/f.BA343095ED0ABE7E3673784E64AE5F80.d.CC9C0AC060CABB2C49A552E0BFB8EE6A.e.7514/value - {"text":"1000"}
COMMAND: GET /session/1078df7af42110589ce6729fcfa5b6f8/screenshot - {}
RESULT: {"text":"1000"}
COMMAND: GET /session/1078df7af42110589ce6729fcfa5b6f8/screenshot - {}
RESULT: {}
RESULT: {}
COMMAND: POST /session/1078df7af42110589ce6729fcfa5b6f8/element - {"using":"xpath","value":"//li[.//span[text()= \"1000\"]]"}
RESULT: {"using":"xpath","value":"//li[.//span[text()= \"1000\"]]"}
COMMAND: POST /session/1078df7af42110589ce6729fcfa5b6f8/element/f.BA343095ED0ABE7E3673784E64AE5F80.d.CC9C0AC060CABB2C49A552E0BFB8EE6A.e.7727/click - {}
RESULT: {}
COMMAND: GET /session/1078df7af42110589ce6729fcfa5b6f8/screenshot - {}
RESULT: {}
COMMAND: POST /session/1078df7af42110589ce6729fcfa5b6f8/execute/async - {"script":"<script> [1562 bytes]","args":[{"selector":{"id":"application-managepartners-display-component---NewPartner--btnAddTableRow-img"},"wdio_ui5_key":"applicationmanagepartners-display-component---NewPartner--btnAddTableRow-img"}]}
RESULT: {"script":"<script> [1562 bytes]","args":[{"selector":{"id":"application-managepartners-display-component---NewPartner--btnAddTableRow-img"},"wdio_ui5_key":"applicationmanagepartners-display-component---NewPartner--btnAddTableRow-img"}]}
RESULT: undefined
COMMAND: POST /session/1078df7af42110589ce6729fcfa5b6f8/element - {"using":"xpath","value":"//*[@id=\"application-managepartners-display-component---NewPartner--btnAddTableRow-img\"]"}
RESULT: {"using":"xpath","value":"//*[@id=\"application-managepartners-display-component---NewPartner--btnAddTableRow-img\"]"}
COMMAND: POST /session/1078df7af42110589ce6729fcfa5b6f8/element/f.BA343095ED0ABE7E3673784E64AE5F80.d.CC9C0AC060CABB2C49A552E0BFB8EE6A.e.7728/click - {}
RESULT: {}
COMMAND: GET /session/1078df7af42110589ce6729fcfa5b6f8/screenshot - {}
RESULT: {}
COMMAND: POST /session/1078df7af42110589ce6729fcfa5b6f8/element - {"using":"xpath","value":"//input[@id=\"application-managepartners-display-component---NewPartner--assignmentYard-application-managepartners-display-component---NewPartner--assignmentsTable-0-inner\"]"}
RESULT: {"using":"xpath","value":"//input[@id=\"application-managepartners-display-component---NewPartner--assignmentYard-application-managepartners-display-component---NewPartner--assignmentsTable-0-inner\"]"}
COMMAND: POST /session/1078df7af42110589ce6729fcfa5b6f8/element/f.BA343095ED0ABE7E3673784E64AE5F80.d.CC9C0AC060CABB2C49A552E0BFB8EE6A.e.7731/clear - {}
RESULT: {}
COMMAND: POST /session/1078df7af42110589ce6729fcfa5b6f8/element/f.BA343095ED0ABE7E3673784E64AE5F80.d.CC9C0AC060CABB2C49A552E0BFB8EE6A.e.7731/value - {"text":"560"}
COMMAND: GET /session/1078df7af42110589ce6729fcfa5b6f8/screenshot - {}
RESULT: {"text":"560"}
COMMAND: GET /session/1078df7af42110589ce6729fcfa5b6f8/screenshot - {}
RESULT: {}
RESULT: {}
COMMAND: POST /session/1078df7af42110589ce6729fcfa5b6f8/element - {"using":"xpath","value":"//li[.//span[text()='560']]"}
RESULT: {"using":"xpath","value":"//li[.//span[text()='560']]"}
COMMAND: POST /session/1078df7af42110589ce6729fcfa5b6f8/element/f.BA343095ED0ABE7E3673784E64AE5F80.d.CC9C0AC060CABB2C49A552E0BFB8EE6A.e.7740/click - {}
RESULT: {}
COMMAND: GET /session/1078df7af42110589ce6729fcfa5b6f8/screenshot - {}
RESULT: {}
COMMAND: POST /session/1078df7af42110589ce6729fcfa5b6f8/actions - {"actions":[{"id":"action20","type":"key","parameters":{},"actions":[{"type":"keyDown","value":""},{"type":"pause","duration":10},{"type":"keyUp","value":""}]}]}
RESULT: {"actions":[{"id":"action20","type":"key","parameters":{},"actions":[{"type":"keyDown","value":""},{"type":"pause","duration":10},{"type":"keyUp","value":""}]}]}
COMMAND: POST /session/1078df7af42110589ce6729fcfa5b6f8/execute/async - {"script":"<script> [1562 bytes]","args":[{"selector":{"id":"application-managepartners-display-component---NewPartner--externalCustomerComboBox-application-managepartners-display-component---NewPartner--assignmentsTable-0-vhi"},"wdio_ui5_key":"applicationmanagepartners-display-component---NewPartner--externalCustomerComboBox-application-managepartners-display-component---NewPartner--assignmentsTable-0-vhi"}]}
COMMAND: GET /session/1078df7af42110589ce6729fcfa5b6f8/screenshot - {}
RESULT: {"script":"<script> [1562 bytes]","args":[{"selector":{"id":"application-managepartners-display-component---NewPartner--externalCustomerComboBox-application-managepartners-display-component---NewPartner--assignmentsTable-0-vhi"},"wdio_ui5_key":"applicationmanagepartners-display-component---NewPartner--externalCustomerComboBox-application-managepartners-display-component---NewPartner--assignmentsTable-0-vhi"}]}
RESULT: undefined
COMMAND: POST /session/1078df7af42110589ce6729fcfa5b6f8/element - {"using":"xpath","value":"//*[@id=\"application-managepartners-display-component---NewPartner--externalCustomerComboBox-application-managepartners-display-component---NewPartner--assignmentsTable-0-vhi\"]"}
RESULT: {}
RESULT: {"using":"xpath","value":"//*[@id=\"application-managepartners-display-component---NewPartner--externalCustomerComboBox-application-managepartners-display-component---NewPartner--assignmentsTable-0-vhi\"]"}
COMMAND: POST /session/1078df7af42110589ce6729fcfa5b6f8/element/f.BA343095ED0ABE7E3673784E64AE5F80.d.CC9C0AC060CABB2C49A552E0BFB8EE6A.e.7744/click - {}
RESULT: {}
RESULT: undefined
COMMAND: POST /session/1078df7af42110589ce6729fcfa5b6f8/execute/async - {"script":"<script> [776 bytes]","args":[{"enterText":"300003","selector":{"controlType":"sap.m.SearchField","properties":{"placeholder":"Search"},"searchOpenDialogs":true,"interaction":{"idSuffix":"I"}},"clearTextFirst":true,"interactionType":"ENTER_TEXT"}]}
COMMAND: GET /session/1078df7af42110589ce6729fcfa5b6f8/screenshot - {}
RESULT: {"script":"<script> [776 bytes]","args":[{"enterText":"300003","selector":{"controlType":"sap.m.SearchField","properties":{"placeholder":"Search"},"searchOpenDialogs":true,"interaction":{"idSuffix":"I"}},"clearTextFirst":true,"interactionType":"ENTER_TEXT"}]}
COMMAND: POST /session/1078df7af42110589ce6729fcfa5b6f8/actions - {"actions":[{"id":"action21","type":"key","parameters":{},"actions":[{"type":"keyDown","value":""},{"type":"pause","duration":10},{"type":"keyUp","value":""}]}]}
RESULT: {}
RESULT: {"actions":[{"id":"action21","type":"key","parameters":{},"actions":[{"type":"keyDown","value":""},{"type":"pause","duration":10},{"type":"keyUp","value":""}]}]}
COMMAND: GET /session/1078df7af42110589ce6729fcfa5b6f8/screenshot - {}
RESULT: {}
COMMAND: POST /session/1078df7af42110589ce6729fcfa5b6f8/element - {"using":"xpath","value":"//span[contains(text(), \"300003\")]"}
RESULT: {"using":"xpath","value":"//span[contains(text(), \"300003\")]"}
COMMAND: POST /session/1078df7af42110589ce6729fcfa5b6f8/element/f.BA343095ED0ABE7E3673784E64AE5F80.d.CC9C0AC060CABB2C49A552E0BFB8EE6A.e.7762/click - {}
RESULT: {}
COMMAND: GET /session/1078df7af42110589ce6729fcfa5b6f8/screenshot - {}
RESULT: {}
COMMAND: POST /session/1078df7af42110589ce6729fcfa5b6f8/element - {"using":"xpath","value":"//bdi[contains(text(), \"OK\")]"}
RESULT: {"using":"xpath","value":"//bdi[contains(text(), \"OK\")]"}
COMMAND: POST /session/1078df7af42110589ce6729fcfa5b6f8/element/f.BA343095ED0ABE7E3673784E64AE5F80.d.CC9C0AC060CABB2C49A552E0BFB8EE6A.e.7764/click - {}
RESULT: {}
COMMAND: GET /session/1078df7af42110589ce6729fcfa5b6f8/screenshot - {}
RESULT: {}
COMMAND: POST /session/1078df7af42110589ce6729fcfa5b6f8/execute/async - {"script":"<script> [1562 bytes]","args":[{"selector":{"id":"application-managepartners-display-component---NewPartner--intercompVendorComboBox-application-managepartners-display-component---NewPartner--assignmentsTable-0-vhi"},"wdio_ui5_key":"applicationmanagepartners-display-component---NewPartner--intercompVendorComboBox-application-managepartners-display-component---NewPartner--assignmentsTable-0-vhi"}]}
RESULT: {"script":"<script> [1562 bytes]","args":[{"selector":{"id":"application-managepartners-display-component---NewPartner--intercompVendorComboBox-application-managepartners-display-component---NewPartner--assignmentsTable-0-vhi"},"wdio_ui5_key":"applicationmanagepartners-display-component---NewPartner--intercompVendorComboBox-application-managepartners-display-component---NewPartner--assignmentsTable-0-vhi"}]}
RESULT: undefined
COMMAND: POST /session/1078df7af42110589ce6729fcfa5b6f8/element - {"using":"xpath","value":"//*[@id=\"application-managepartners-display-component---NewPartner--intercompVendorComboBox-application-managepartners-display-component---NewPartner--assignmentsTable-0-vhi\"]"}
RESULT: {"using":"xpath","value":"//*[@id=\"application-managepartners-display-component---NewPartner--intercompVendorComboBox-application-managepartners-display-component---NewPartner--assignmentsTable-0-vhi\"]"}
COMMAND: POST /session/1078df7af42110589ce6729fcfa5b6f8/element/f.BA343095ED0ABE7E3673784E64AE5F80.d.CC9C0AC060CABB2C49A552E0BFB8EE6A.e.7767/click - {}
RESULT: {}
RESULT: undefined
COMMAND: POST /session/1078df7af42110589ce6729fcfa5b6f8/execute/async - {"script":"<script> [776 bytes]","args":[{"enterText":"100005","selector":{"controlType":"sap.m.SearchField","properties":{"placeholder":"Search"},"searchOpenDialogs":true,"interaction":{"idSuffix":"I"}},"clearTextFirst":true,"interactionType":"ENTER_TEXT"}]}
COMMAND: GET /session/1078df7af42110589ce6729fcfa5b6f8/screenshot - {}
RESULT: {"script":"<script> [776 bytes]","args":[{"enterText":"100005","selector":{"controlType":"sap.m.SearchField","properties":{"placeholder":"Search"},"searchOpenDialogs":true,"interaction":{"idSuffix":"I"}},"clearTextFirst":true,"interactionType":"ENTER_TEXT"}]}
COMMAND: POST /session/1078df7af42110589ce6729fcfa5b6f8/actions - {"actions":[{"id":"action22","type":"key","parameters":{},"actions":[{"type":"keyDown","value":""},{"type":"pause","duration":10},{"type":"keyUp","value":""}]}]}
RESULT: {}
RESULT: {"actions":[{"id":"action22","type":"key","parameters":{},"actions":[{"type":"keyDown","value":""},{"type":"pause","duration":10},{"type":"keyUp","value":""}]}]}
COMMAND: GET /session/1078df7af42110589ce6729fcfa5b6f8/screenshot - {}
RESULT: {}
COMMAND: POST /session/1078df7af42110589ce6729fcfa5b6f8/element - {"using":"xpath","value":"//span[contains(text(), \"Penguins - Field/12345 Berlin\")]"}
RESULT: {"using":"xpath","value":"//span[contains(text(), \"Penguins - Field/12345 Berlin\")]"}
COMMAND: POST /session/1078df7af42110589ce6729fcfa5b6f8/element/f.BA343095ED0ABE7E3673784E64AE5F80.d.CC9C0AC060CABB2C49A552E0BFB8EE6A.e.7784/click - {}
RESULT: {}
COMMAND: GET /session/1078df7af42110589ce6729fcfa5b6f8/screenshot - {}
RESULT: {}
COMMAND: POST /session/1078df7af42110589ce6729fcfa5b6f8/element - {"using":"xpath","value":"//bdi[contains(text(), \"OK\")]"}
RESULT: {"using":"xpath","value":"//bdi[contains(text(), \"OK\")]"}
COMMAND: POST /session/1078df7af42110589ce6729fcfa5b6f8/element/f.BA343095ED0ABE7E3673784E64AE5F80.d.CC9C0AC060CABB2C49A552E0BFB8EE6A.e.7785/click - {}
RESULT: {}
COMMAND: GET /session/1078df7af42110589ce6729fcfa5b6f8/screenshot - {}
RESULT: {}
COMMAND: POST /session/1078df7af42110589ce6729fcfa5b6f8/element - {"using":"xpath","value":"//button[@data-kt=\"saveButton\"]"}
RESULT: {"using":"xpath","value":"//button[@data-kt=\"saveButton\"]"}
COMMAND: POST /session/1078df7af42110589ce6729fcfa5b6f8/element/f.BA343095ED0ABE7E3673784E64AE5F80.d.CC9C0AC060CABB2C49A552E0BFB8EE6A.e.7592/click - {}
RESULT: {}
COMMAND: GET /session/1078df7af42110589ce6729fcfa5b6f8/screenshot - {}
RESULT: {}
COMMAND: POST /session/1078df7af42110589ce6729fcfa5b6f8/element - {"using":"xpath","value":"//header[contains(@id, 'ObjectPageLayout-headerTitle')]/div[1]/div[2]/div[2]/span[1]"}
RESULT: {"using":"xpath","value":"//header[contains(@id, 'ObjectPageLayout-headerTitle')]/div[1]/div[2]/div[2]/span[1]"}
COMMAND: POST /session/1078df7af42110589ce6729fcfa5b6f8/elements - {"using":"xpath","value":"//header[contains(@id, 'ObjectPageLayout-headerTitle')]/div[1]/div[2]/div[2]/span[1]"}
RESULT: {"using":"xpath","value":"//header[contains(@id, 'ObjectPageLayout-headerTitle')]/div[1]/div[2]/div[2]/span[1]"}
COMMAND: POST /session/1078df7af42110589ce6729fcfa5b6f8/execute/sync - {"script":"<script> [56 bytes]","args":[{"element-6066-11e4-a52e-4f735466cecf":"f.BA343095ED0ABE7E3673784E64AE5F80.d.CC9C0AC060CABB2C49A552E0BFB8EE6A.e.7948","ELEMENT":"f.BA343095ED0ABE7E3673784E64AE5F80.d.CC9C0AC060CABB2C49A552E0BFB8EE6A.e.7948"}]}
RESULT: {"script":"<script> [56 bytes]","args":[{"element-6066-11e4-a52e-4f735466cecf":"f.BA343095ED0ABE7E3673784E64AE5F80.d.CC9C0AC060CABB2C49A552E0BFB8EE6A.e.7948","ELEMENT":"f.BA343095ED0ABE7E3673784E64AE5F80.d.CC9C0AC060CABB2C49A552E0BFB8EE6A.e.7948"}]}
COMMAND: POST /session/1078df7af42110589ce6729fcfa5b6f8/element - {"using":"css selector","value":"#shell-header-logo"}
COMMAND: GET /session/1078df7af42110589ce6729fcfa5b6f8/screenshot - {}
RESULT: {"using":"css selector","value":"#shell-header-logo"}
COMMAND: POST /session/1078df7af42110589ce6729fcfa5b6f8/element/f.BA343095ED0ABE7E3673784E64AE5F80.d.CC9C0AC060CABB2C49A552E0BFB8EE6A.e.7167/click - {}
RESULT: {}
RESULT: {}
COMMAND: GET /session/1078df7af42110589ce6729fcfa5b6f8/screenshot - {}
RESULT: {}
COMMAND: POST /session/1078df7af42110589ce6729fcfa5b6f8/execute/sync - {"script":"<script> [299 bytes]","args":[["getModel","getResource"]]}
RESULT: {"script":"<script> [299 bytes]","args":[["getModel","getResource"]]}
]]></system-out>
    </testcase>
    <testcase classname="chrome.136_0_7103_93.windows.Billing_Transfer_-_Intracompany_US127249" name="Should create a new site" time="98.349">
      <system-out><![CDATA[
COMMAND: POST /session/1078df7af42110589ce6729fcfa5b6f8/execute/async - {"script":"<script> [1562 bytes]","args":[{"selector":{"controlType":"sap.m.GenericTile","properties":{"header":"Manage Sites"}},"wdio_ui5_key":"sapm.GenericTile{\"header\":\"Manage Sites\"}"}]}
COMMAND: GET /session/1078df7af42110589ce6729fcfa5b6f8/screenshot - {}
RESULT: {"script":"<script> [1562 bytes]","args":[{"selector":{"controlType":"sap.m.GenericTile","properties":{"header":"Manage Sites"}},"wdio_ui5_key":"sapm.GenericTile{\"header\":\"Manage Sites\"}"}]}
RESULT: undefined
COMMAND: POST /session/1078df7af42110589ce6729fcfa5b6f8/element - {"using":"xpath","value":"//*[@id=\"__tile40\"]"}
RESULT: {}
RESULT: {"using":"xpath","value":"//*[@id=\"__tile40\"]"}
COMMAND: POST /session/1078df7af42110589ce6729fcfa5b6f8/element/f.BA343095ED0ABE7E3673784E64AE5F80.d.CC9C0AC060CABB2C49A552E0BFB8EE6A.e.6323/click - {}
RESULT: {}
COMMAND: GET /session/1078df7af42110589ce6729fcfa5b6f8/screenshot - {}
RESULT: {}
COMMAND: POST /session/1078df7af42110589ce6729fcfa5b6f8/elements - {"using":"xpath","value":"//span[text()='Error']"}
RESULT: {"using":"xpath","value":"//span[text()='Error']"}
COMMAND: POST /session/1078df7af42110589ce6729fcfa5b6f8/element - {"using":"xpath","value":"//button[@data-kt=\"addOverflowToolbarButton\"]"}
RESULT: {"using":"xpath","value":"//button[@data-kt=\"addOverflowToolbarButton\"]"}
COMMAND: POST /session/1078df7af42110589ce6729fcfa5b6f8/elements - {"using":"xpath","value":"//button[@data-kt=\"addOverflowToolbarButton\"]"}
RESULT: {"using":"xpath","value":"//button[@data-kt=\"addOverflowToolbarButton\"]"}
COMMAND: POST /session/1078df7af42110589ce6729fcfa5b6f8/execute/sync - {"script":"<script> [8489 bytes]","args":[{"element-6066-11e4-a52e-4f735466cecf":"f.BA343095ED0ABE7E3673784E64AE5F80.d.CC9C0AC060CABB2C49A552E0BFB8EE6A.e.7996","ELEMENT":"f.BA343095ED0ABE7E3673784E64AE5F80.d.CC9C0AC060CABB2C49A552E0BFB8EE6A.e.7996"}]}
RESULT: {"script":"<script> [8489 bytes]","args":[{"element-6066-11e4-a52e-4f735466cecf":"f.BA343095ED0ABE7E3673784E64AE5F80.d.CC9C0AC060CABB2C49A552E0BFB8EE6A.e.7996","ELEMENT":"f.BA343095ED0ABE7E3673784E64AE5F80.d.CC9C0AC060CABB2C49A552E0BFB8EE6A.e.7996"}]}
COMMAND: GET /session/1078df7af42110589ce6729fcfa5b6f8/element/f.BA343095ED0ABE7E3673784E64AE5F80.d.CC9C0AC060CABB2C49A552E0BFB8EE6A.e.7996/enabled - {}
COMMAND: GET /session/1078df7af42110589ce6729fcfa5b6f8/screenshot - {}
RESULT: {}
COMMAND: POST /session/1078df7af42110589ce6729fcfa5b6f8/execute/sync - {"script":"<script> [8489 bytes]","args":[{"element-6066-11e4-a52e-4f735466cecf":"f.BA343095ED0ABE7E3673784E64AE5F80.d.CC9C0AC060CABB2C49A552E0BFB8EE6A.e.7996","ELEMENT":"f.BA343095ED0ABE7E3673784E64AE5F80.d.CC9C0AC060CABB2C49A552E0BFB8EE6A.e.7996"}]}
COMMAND: GET /session/1078df7af42110589ce6729fcfa5b6f8/screenshot - {}
RESULT: {}
RESULT: {"script":"<script> [8489 bytes]","args":[{"element-6066-11e4-a52e-4f735466cecf":"f.BA343095ED0ABE7E3673784E64AE5F80.d.CC9C0AC060CABB2C49A552E0BFB8EE6A.e.7996","ELEMENT":"f.BA343095ED0ABE7E3673784E64AE5F80.d.CC9C0AC060CABB2C49A552E0BFB8EE6A.e.7996"}]}
COMMAND: POST /session/1078df7af42110589ce6729fcfa5b6f8/execute/sync - {"script":"<script> [5351 bytes]","args":[{"element-6066-11e4-a52e-4f735466cecf":"f.BA343095ED0ABE7E3673784E64AE5F80.d.CC9C0AC060CABB2C49A552E0BFB8EE6A.e.7996","ELEMENT":"f.BA343095ED0ABE7E3673784E64AE5F80.d.CC9C0AC060CABB2C49A552E0BFB8EE6A.e.7996"}]}
COMMAND: GET /session/1078df7af42110589ce6729fcfa5b6f8/screenshot - {}
RESULT: {}
RESULT: {"script":"<script> [5351 bytes]","args":[{"element-6066-11e4-a52e-4f735466cecf":"f.BA343095ED0ABE7E3673784E64AE5F80.d.CC9C0AC060CABB2C49A552E0BFB8EE6A.e.7996","ELEMENT":"f.BA343095ED0ABE7E3673784E64AE5F80.d.CC9C0AC060CABB2C49A552E0BFB8EE6A.e.7996"}]}
COMMAND: POST /session/1078df7af42110589ce6729fcfa5b6f8/element/f.BA343095ED0ABE7E3673784E64AE5F80.d.CC9C0AC060CABB2C49A552E0BFB8EE6A.e.7996/click - {}
COMMAND: GET /session/1078df7af42110589ce6729fcfa5b6f8/screenshot - {}
RESULT: {}
RESULT: {}
COMMAND: GET /session/1078df7af42110589ce6729fcfa5b6f8/screenshot - {}
RESULT: {}
RESULT: {}
COMMAND: POST /session/1078df7af42110589ce6729fcfa5b6f8/element - {"using":"xpath","value":"//input[@id=\"application-managesites-display-component---NewSite--siteId-inner\"]"}
RESULT: {"using":"xpath","value":"//input[@id=\"application-managesites-display-component---NewSite--siteId-inner\"]"}
COMMAND: POST /session/1078df7af42110589ce6729fcfa5b6f8/element - {"using":"xpath","value":"//input[@id=\"application-managesites-display-component---NewSite--siteId-inner\"]"}
RESULT: {"using":"xpath","value":"//input[@id=\"application-managesites-display-component---NewSite--siteId-inner\"]"}
COMMAND: POST /session/1078df7af42110589ce6729fcfa5b6f8/execute/async - {"script":"<script> [1562 bytes]","args":[{"selector":{"id":"application-managesites-display-component---NewSite--addressDetailDetailsName1","interaction":{"idSuffix":"inner"}},"wdio_ui5_key":"applicationmanagesites-display-component---NewSite--addressDetailDetailsName1"}]}
RESULT: {"script":"<script> [1562 bytes]","args":[{"selector":{"id":"application-managesites-display-component---NewSite--addressDetailDetailsName1","interaction":{"idSuffix":"inner"}},"wdio_ui5_key":"applicationmanagesites-display-component---NewSite--addressDetailDetailsName1"}]}
RESULT: undefined
COMMAND: POST /session/1078df7af42110589ce6729fcfa5b6f8/execute/async - {"script":"<script> [776 bytes]","args":[{"enterText":"Intracompany Site wdIO","selector":{"id":"application-managesites-display-component---NewSite--addressDetailDetailsName1","interaction":{"idSuffix":"inner"}},"clearTextFirst":true,"interactionType":"ENTER_TEXT"}]}
RESULT: {"script":"<script> [776 bytes]","args":[{"enterText":"Intracompany Site wdIO","selector":{"id":"application-managesites-display-component---NewSite--addressDetailDetailsName1","interaction":{"idSuffix":"inner"}},"clearTextFirst":true,"interactionType":"ENTER_TEXT"}]}
COMMAND: POST /session/1078df7af42110589ce6729fcfa5b6f8/execute/async - {"script":"<script> [1562 bytes]","args":[{"selector":{"id":"application-managesites-display-component---NewSite--addressDetailDetailsLanguage-arrow"},"wdio_ui5_key":"applicationmanagesites-display-component---NewSite--addressDetailDetailsLanguage-arrow"}]}
RESULT: {"script":"<script> [1562 bytes]","args":[{"selector":{"id":"application-managesites-display-component---NewSite--addressDetailDetailsLanguage-arrow"},"wdio_ui5_key":"applicationmanagesites-display-component---NewSite--addressDetailDetailsLanguage-arrow"}]}
RESULT: undefined
COMMAND: POST /session/1078df7af42110589ce6729fcfa5b6f8/element - {"using":"xpath","value":"//*[@id=\"application-managesites-display-component---NewSite--addressDetailDetailsLanguage-arrow\"]"}
RESULT: {"using":"xpath","value":"//*[@id=\"application-managesites-display-component---NewSite--addressDetailDetailsLanguage-arrow\"]"}
COMMAND: POST /session/1078df7af42110589ce6729fcfa5b6f8/element/f.BA343095ED0ABE7E3673784E64AE5F80.d.CC9C0AC060CABB2C49A552E0BFB8EE6A.e.8605/click - {}
RESULT: {}
COMMAND: POST /session/1078df7af42110589ce6729fcfa5b6f8/element - {"using":"xpath","value":"//span[contains(text(), \"English\")]"}
COMMAND: GET /session/1078df7af42110589ce6729fcfa5b6f8/screenshot - {}
RESULT: {"using":"xpath","value":"//span[contains(text(), \"English\")]"}
COMMAND: POST /session/1078df7af42110589ce6729fcfa5b6f8/element/f.BA343095ED0ABE7E3673784E64AE5F80.d.CC9C0AC060CABB2C49A552E0BFB8EE6A.e.8606/click - {}
RESULT: {}
RESULT: {}
COMMAND: POST /session/1078df7af42110589ce6729fcfa5b6f8/execute/async - {"script":"<script> [1562 bytes]","args":[{"selector":{"id":"application-managesites-display-component---NewSite--addressDetailDetailsCity1","interaction":{"idSuffix":"inner"}},"wdio_ui5_key":"applicationmanagesites-display-component---NewSite--addressDetailDetailsCity1"}]}
COMMAND: GET /session/1078df7af42110589ce6729fcfa5b6f8/screenshot - {}
RESULT: {"script":"<script> [1562 bytes]","args":[{"selector":{"id":"application-managesites-display-component---NewSite--addressDetailDetailsCity1","interaction":{"idSuffix":"inner"}},"wdio_ui5_key":"applicationmanagesites-display-component---NewSite--addressDetailDetailsCity1"}]}
RESULT: undefined
COMMAND: POST /session/1078df7af42110589ce6729fcfa5b6f8/execute/async - {"script":"<script> [776 bytes]","args":[{"enterText":"Rosario","selector":{"id":"application-managesites-display-component---NewSite--addressDetailDetailsCity1","interaction":{"idSuffix":"inner"}},"clearTextFirst":true,"interactionType":"ENTER_TEXT"}]}
RESULT: {}
RESULT: {"script":"<script> [776 bytes]","args":[{"enterText":"Rosario","selector":{"id":"application-managesites-display-component---NewSite--addressDetailDetailsCity1","interaction":{"idSuffix":"inner"}},"clearTextFirst":true,"interactionType":"ENTER_TEXT"}]}
COMMAND: POST /session/1078df7af42110589ce6729fcfa5b6f8/execute/async - {"script":"<script> [1562 bytes]","args":[{"selector":{"id":"application-managesites-display-component---NewSite--addressDetailDetailsCountry-arrow"},"wdio_ui5_key":"applicationmanagesites-display-component---NewSite--addressDetailDetailsCountry-arrow"}]}
RESULT: {"script":"<script> [1562 bytes]","args":[{"selector":{"id":"application-managesites-display-component---NewSite--addressDetailDetailsCountry-arrow"},"wdio_ui5_key":"applicationmanagesites-display-component---NewSite--addressDetailDetailsCountry-arrow"}]}
RESULT: undefined
COMMAND: POST /session/1078df7af42110589ce6729fcfa5b6f8/element - {"using":"xpath","value":"//*[@id=\"application-managesites-display-component---NewSite--addressDetailDetailsCountry-arrow\"]"}
RESULT: {"using":"xpath","value":"//*[@id=\"application-managesites-display-component---NewSite--addressDetailDetailsCountry-arrow\"]"}
COMMAND: POST /session/1078df7af42110589ce6729fcfa5b6f8/element/f.BA343095ED0ABE7E3673784E64AE5F80.d.CC9C0AC060CABB2C49A552E0BFB8EE6A.e.8608/click - {}
RESULT: {}
COMMAND: POST /session/1078df7af42110589ce6729fcfa5b6f8/element - {"using":"xpath","value":"//span[contains(text(), \"Argentina\")]"}
COMMAND: GET /session/1078df7af42110589ce6729fcfa5b6f8/screenshot - {}
RESULT: {"using":"xpath","value":"//span[contains(text(), \"Argentina\")]"}
COMMAND: POST /session/1078df7af42110589ce6729fcfa5b6f8/element/f.BA343095ED0ABE7E3673784E64AE5F80.d.CC9C0AC060CABB2C49A552E0BFB8EE6A.e.8609/click - {}
RESULT: {}
RESULT: {}
COMMAND: GET /session/1078df7af42110589ce6729fcfa5b6f8/screenshot - {}
RESULT: {}
COMMAND: POST /session/1078df7af42110589ce6729fcfa5b6f8/execute/async - {"script":"<script> [1562 bytes]","args":[{"selector":{"id":"application-managesites-display-component---NewSite--addressEditDetailsCostObjectCstType-arrow"},"wdio_ui5_key":"applicationmanagesites-display-component---NewSite--addressEditDetailsCostObjectCstType-arrow"}]}
RESULT: {"script":"<script> [1562 bytes]","args":[{"selector":{"id":"application-managesites-display-component---NewSite--addressEditDetailsCostObjectCstType-arrow"},"wdio_ui5_key":"applicationmanagesites-display-component---NewSite--addressEditDetailsCostObjectCstType-arrow"}]}
RESULT: undefined
COMMAND: POST /session/1078df7af42110589ce6729fcfa5b6f8/element - {"using":"xpath","value":"//*[@id=\"application-managesites-display-component---NewSite--addressEditDetailsCostObjectCstType-arrow\"]"}
RESULT: {"using":"xpath","value":"//*[@id=\"application-managesites-display-component---NewSite--addressEditDetailsCostObjectCstType-arrow\"]"}
COMMAND: POST /session/1078df7af42110589ce6729fcfa5b6f8/element/f.BA343095ED0ABE7E3673784E64AE5F80.d.CC9C0AC060CABB2C49A552E0BFB8EE6A.e.8611/click - {}
RESULT: {}
COMMAND: POST /session/1078df7af42110589ce6729fcfa5b6f8/element - {"using":"xpath","value":"//span[contains(text(), \"Cost Center\")]"}
COMMAND: GET /session/1078df7af42110589ce6729fcfa5b6f8/screenshot - {}
RESULT: {"using":"xpath","value":"//span[contains(text(), \"Cost Center\")]"}
COMMAND: POST /session/1078df7af42110589ce6729fcfa5b6f8/element/f.BA343095ED0ABE7E3673784E64AE5F80.d.CC9C0AC060CABB2C49A552E0BFB8EE6A.e.8613/click - {}
RESULT: {}
RESULT: {}
COMMAND: GET /session/1078df7af42110589ce6729fcfa5b6f8/screenshot - {}
RESULT: {}
COMMAND: POST /session/1078df7af42110589ce6729fcfa5b6f8/element - {"using":"xpath","value":"//span[@id=\"application-managesites-display-component---NewSite--addressNewCostObjectCstID-vhi\"]"}
RESULT: {"using":"xpath","value":"//span[@id=\"application-managesites-display-component---NewSite--addressNewCostObjectCstID-vhi\"]"}
COMMAND: POST /session/1078df7af42110589ce6729fcfa5b6f8/execute/sync - {"script":"<script> [8489 bytes]","args":[{"element-6066-11e4-a52e-4f735466cecf":"f.BA343095ED0ABE7E3673784E64AE5F80.d.CC9C0AC060CABB2C49A552E0BFB8EE6A.e.8617","ELEMENT":"f.BA343095ED0ABE7E3673784E64AE5F80.d.CC9C0AC060CABB2C49A552E0BFB8EE6A.e.8617"}]}
RESULT: {"script":"<script> [8489 bytes]","args":[{"element-6066-11e4-a52e-4f735466cecf":"f.BA343095ED0ABE7E3673784E64AE5F80.d.CC9C0AC060CABB2C49A552E0BFB8EE6A.e.8617","ELEMENT":"f.BA343095ED0ABE7E3673784E64AE5F80.d.CC9C0AC060CABB2C49A552E0BFB8EE6A.e.8617"}]}
COMMAND: POST /session/1078df7af42110589ce6729fcfa5b6f8/execute/async - {"script":"<script> [1562 bytes]","args":[{"selector":{"id":"application-managesites-display-component---NewSite--addressNewCostObjectCstID-vhi"},"wdio_ui5_key":"applicationmanagesites-display-component---NewSite--addressNewCostObjectCstID-vhi"}]}
COMMAND: GET /session/1078df7af42110589ce6729fcfa5b6f8/screenshot - {}
RESULT: {"script":"<script> [1562 bytes]","args":[{"selector":{"id":"application-managesites-display-component---NewSite--addressNewCostObjectCstID-vhi"},"wdio_ui5_key":"applicationmanagesites-display-component---NewSite--addressNewCostObjectCstID-vhi"}]}
RESULT: undefined
COMMAND: POST /session/1078df7af42110589ce6729fcfa5b6f8/element - {"using":"xpath","value":"//*[@id=\"application-managesites-display-component---NewSite--addressNewCostObjectCstID-vhi\"]"}
RESULT: {}
RESULT: {"using":"xpath","value":"//*[@id=\"application-managesites-display-component---NewSite--addressNewCostObjectCstID-vhi\"]"}
COMMAND: POST /session/1078df7af42110589ce6729fcfa5b6f8/element/f.BA343095ED0ABE7E3673784E64AE5F80.d.CC9C0AC060CABB2C49A552E0BFB8EE6A.e.8617/click - {}
RESULT: {}
COMMAND: GET /session/1078df7af42110589ce6729fcfa5b6f8/screenshot - {}
RESULT: {}
RESULT: undefined
COMMAND: POST /session/1078df7af42110589ce6729fcfa5b6f8/execute/async - {"script":"<script> [776 bytes]","args":[{"enterText":"10001013","selector":{"controlType":"sap.m.SearchField","properties":{"placeholder":"Search"},"searchOpenDialogs":true,"interaction":{"idSuffix":"I"}},"clearTextFirst":true,"interactionType":"ENTER_TEXT"}]}
RESULT: {"script":"<script> [776 bytes]","args":[{"enterText":"10001013","selector":{"controlType":"sap.m.SearchField","properties":{"placeholder":"Search"},"searchOpenDialogs":true,"interaction":{"idSuffix":"I"}},"clearTextFirst":true,"interactionType":"ENTER_TEXT"}]}
COMMAND: POST /session/1078df7af42110589ce6729fcfa5b6f8/actions - {"actions":[{"id":"action23","type":"key","parameters":{},"actions":[{"type":"keyDown","value":""},{"type":"pause","duration":10},{"type":"keyUp","value":""}]}]}
RESULT: {"actions":[{"id":"action23","type":"key","parameters":{},"actions":[{"type":"keyDown","value":""},{"type":"pause","duration":10},{"type":"keyUp","value":""}]}]}
COMMAND: GET /session/1078df7af42110589ce6729fcfa5b6f8/screenshot - {}
RESULT: {}
COMMAND: POST /session/1078df7af42110589ce6729fcfa5b6f8/element - {"using":"xpath","value":"//span[contains(text(), \"General Management\")]"}
RESULT: {"using":"xpath","value":"//span[contains(text(), \"General Management\")]"}
COMMAND: POST /session/1078df7af42110589ce6729fcfa5b6f8/element/f.BA343095ED0ABE7E3673784E64AE5F80.d.CC9C0AC060CABB2C49A552E0BFB8EE6A.e.8657/click - {}
RESULT: {}
COMMAND: GET /session/1078df7af42110589ce6729fcfa5b6f8/screenshot - {}
RESULT: {}
COMMAND: POST /session/1078df7af42110589ce6729fcfa5b6f8/element - {"using":"xpath","value":"//bdi[contains(text(), \"OK\")]"}
RESULT: {"using":"xpath","value":"//bdi[contains(text(), \"OK\")]"}
COMMAND: POST /session/1078df7af42110589ce6729fcfa5b6f8/element/f.BA343095ED0ABE7E3673784E64AE5F80.d.CC9C0AC060CABB2C49A552E0BFB8EE6A.e.8658/click - {}
RESULT: {}
COMMAND: GET /session/1078df7af42110589ce6729fcfa5b6f8/screenshot - {}
RESULT: {}
COMMAND: POST /session/1078df7af42110589ce6729fcfa5b6f8/element - {"using":"xpath","value":"//input[@id=\"application-managesites-display-component---NewSite--addressDetailDetailsCalendar-inner\"]"}
RESULT: {"using":"xpath","value":"//input[@id=\"application-managesites-display-component---NewSite--addressDetailDetailsCalendar-inner\"]"}
COMMAND: POST /session/1078df7af42110589ce6729fcfa5b6f8/element/f.BA343095ED0ABE7E3673784E64AE5F80.d.CC9C0AC060CABB2C49A552E0BFB8EE6A.e.8403/clear - {}
RESULT: {}
COMMAND: POST /session/1078df7af42110589ce6729fcfa5b6f8/element/f.BA343095ED0ABE7E3673784E64AE5F80.d.CC9C0AC060CABB2C49A552E0BFB8EE6A.e.8403/value - {"text":"Unit"}
COMMAND: GET /session/1078df7af42110589ce6729fcfa5b6f8/screenshot - {}
RESULT: {"text":"Unit"}
COMMAND: GET /session/1078df7af42110589ce6729fcfa5b6f8/screenshot - {}
RESULT: {}
RESULT: {}
COMMAND: POST /session/1078df7af42110589ce6729fcfa5b6f8/actions - {"actions":[{"id":"action24","type":"key","parameters":{},"actions":[{"type":"keyDown","value":""},{"type":"pause","duration":10},{"type":"keyUp","value":""}]}]}
RESULT: {"actions":[{"id":"action24","type":"key","parameters":{},"actions":[{"type":"keyDown","value":""},{"type":"pause","duration":10},{"type":"keyUp","value":""}]}]}
COMMAND: POST /session/1078df7af42110589ce6729fcfa5b6f8/element - {"using":"xpath","value":"//input[@id=\"application-managesites-display-component---NewSite--addressDetailDetailsYard-inner\"]"}
COMMAND: GET /session/1078df7af42110589ce6729fcfa5b6f8/screenshot - {}
RESULT: {"using":"xpath","value":"//input[@id=\"application-managesites-display-component---NewSite--addressDetailDetailsYard-inner\"]"}
COMMAND: POST /session/1078df7af42110589ce6729fcfa5b6f8/element/f.BA343095ED0ABE7E3673784E64AE5F80.d.CC9C0AC060CABB2C49A552E0BFB8EE6A.e.8404/clear - {}
RESULT: {}
RESULT: {}
COMMAND: POST /session/1078df7af42110589ce6729fcfa5b6f8/element/f.BA343095ED0ABE7E3673784E64AE5F80.d.CC9C0AC060CABB2C49A552E0BFB8EE6A.e.8404/value - {"text":"560"}
COMMAND: GET /session/1078df7af42110589ce6729fcfa5b6f8/screenshot - {}
RESULT: {"text":"560"}
COMMAND: GET /session/1078df7af42110589ce6729fcfa5b6f8/screenshot - {}
RESULT: {}
RESULT: {}
COMMAND: POST /session/1078df7af42110589ce6729fcfa5b6f8/element - {"using":"xpath","value":"//li[.//span[text()='560']]"}
RESULT: {"using":"xpath","value":"//li[.//span[text()='560']]"}
COMMAND: POST /session/1078df7af42110589ce6729fcfa5b6f8/element/f.BA343095ED0ABE7E3673784E64AE5F80.d.CC9C0AC060CABB2C49A552E0BFB8EE6A.e.8666/click - {}
RESULT: {}
COMMAND: GET /session/1078df7af42110589ce6729fcfa5b6f8/screenshot - {}
RESULT: {}
COMMAND: POST /session/1078df7af42110589ce6729fcfa5b6f8/element - {"using":"xpath","value":"//input[@id=\"application-managesites-display-component---NewSite--addressDetailDetailsPartner-inner\"]"}
RESULT: {"using":"xpath","value":"//input[@id=\"application-managesites-display-component---NewSite--addressDetailDetailsPartner-inner\"]"}
COMMAND: POST /session/1078df7af42110589ce6729fcfa5b6f8/element - {"using":"xpath","value":"//input[@id=\"application-managesites-display-component---NewSite--addressDetailDetailsPartner-inner\"]"}
RESULT: {"using":"xpath","value":"//input[@id=\"application-managesites-display-component---NewSite--addressDetailDetailsPartner-inner\"]"}
COMMAND: POST /session/1078df7af42110589ce6729fcfa5b6f8/element - {"using":"xpath","value":"//button[@data-kt=\"saveButton\"]"}
RESULT: {"using":"xpath","value":"//button[@data-kt=\"saveButton\"]"}
COMMAND: POST /session/1078df7af42110589ce6729fcfa5b6f8/element/f.BA343095ED0ABE7E3673784E64AE5F80.d.CC9C0AC060CABB2C49A552E0BFB8EE6A.e.8559/click - {}
RESULT: {}
COMMAND: GET /session/1078df7af42110589ce6729fcfa5b6f8/screenshot - {}
RESULT: {}
COMMAND: POST /session/1078df7af42110589ce6729fcfa5b6f8/element - {"using":"xpath","value":"//header[contains(@id, 'ObjectPageLayout-headerTitle')]/div[1]/div[2]/div[2]/span[1]"}
RESULT: {"using":"xpath","value":"//header[contains(@id, 'ObjectPageLayout-headerTitle')]/div[1]/div[2]/div[2]/span[1]"}
COMMAND: POST /session/1078df7af42110589ce6729fcfa5b6f8/elements - {"using":"xpath","value":"//header[contains(@id, 'ObjectPageLayout-headerTitle')]/div[1]/div[2]/div[2]/span[1]"}
RESULT: {"using":"xpath","value":"//header[contains(@id, 'ObjectPageLayout-headerTitle')]/div[1]/div[2]/div[2]/span[1]"}
COMMAND: POST /session/1078df7af42110589ce6729fcfa5b6f8/execute/sync - {"script":"<script> [56 bytes]","args":[{"element-6066-11e4-a52e-4f735466cecf":"f.BA343095ED0ABE7E3673784E64AE5F80.d.CC9C0AC060CABB2C49A552E0BFB8EE6A.e.8872","ELEMENT":"f.BA343095ED0ABE7E3673784E64AE5F80.d.CC9C0AC060CABB2C49A552E0BFB8EE6A.e.8872"}]}
RESULT: {"script":"<script> [56 bytes]","args":[{"element-6066-11e4-a52e-4f735466cecf":"f.BA343095ED0ABE7E3673784E64AE5F80.d.CC9C0AC060CABB2C49A552E0BFB8EE6A.e.8872","ELEMENT":"f.BA343095ED0ABE7E3673784E64AE5F80.d.CC9C0AC060CABB2C49A552E0BFB8EE6A.e.8872"}]}
COMMAND: POST /session/1078df7af42110589ce6729fcfa5b6f8/element - {"using":"css selector","value":"#shell-header-logo"}
COMMAND: GET /session/1078df7af42110589ce6729fcfa5b6f8/screenshot - {}
RESULT: {"using":"css selector","value":"#shell-header-logo"}
COMMAND: POST /session/1078df7af42110589ce6729fcfa5b6f8/element/f.BA343095ED0ABE7E3673784E64AE5F80.d.CC9C0AC060CABB2C49A552E0BFB8EE6A.e.7961/click - {}
RESULT: {}
RESULT: {}
COMMAND: GET /session/1078df7af42110589ce6729fcfa5b6f8/screenshot - {}
RESULT: {}
COMMAND: POST /session/1078df7af42110589ce6729fcfa5b6f8/execute/sync - {"script":"<script> [299 bytes]","args":[["getModel","getResource"]]}
RESULT: {"script":"<script> [299 bytes]","args":[["getModel","getResource"]]}
]]></system-out>
    </testcase>
    <testcase classname="chrome.136_0_7103_93.windows.Billing_Transfer_-_Intracompany_US127249" name="Should create a new equipment" time="127.68">
      <system-out><![CDATA[
COMMAND: GET /session/1078df7af42110589ce6729fcfa5b6f8/screenshot - {}
COMMAND: POST /session/1078df7af42110589ce6729fcfa5b6f8/execute/async - {"script":"<script> [1562 bytes]","args":[{"selector":{"controlType":"sap.m.GenericTile","properties":{"header":"Manage Resources"}},"wdio_ui5_key":"sapm.GenericTile{\"header\":\"Manage Resources\"}"}]}
RESULT: {}
RESULT: {"script":"<script> [1562 bytes]","args":[{"selector":{"controlType":"sap.m.GenericTile","properties":{"header":"Manage Resources"}},"wdio_ui5_key":"sapm.GenericTile{\"header\":\"Manage Resources\"}"}]}
RESULT: undefined
COMMAND: POST /session/1078df7af42110589ce6729fcfa5b6f8/element - {"using":"xpath","value":"//*[@id=\"__tile39\"]"}
RESULT: {"using":"xpath","value":"//*[@id=\"__tile39\"]"}
COMMAND: POST /session/1078df7af42110589ce6729fcfa5b6f8/element/f.BA343095ED0ABE7E3673784E64AE5F80.d.CC9C0AC060CABB2C49A552E0BFB8EE6A.e.6320/click - {}
RESULT: {}
COMMAND: GET /session/1078df7af42110589ce6729fcfa5b6f8/screenshot - {}
RESULT: {}
COMMAND: POST /session/1078df7af42110589ce6729fcfa5b6f8/elements - {"using":"xpath","value":"//span[text()='Error']"}
RESULT: {"using":"xpath","value":"//span[text()='Error']"}
COMMAND: POST /session/1078df7af42110589ce6729fcfa5b6f8/element - {"using":"xpath","value":"//button[@data-kt=\"addNewRUOverflowToolbarButton\"]"}
RESULT: {"using":"xpath","value":"//button[@data-kt=\"addNewRUOverflowToolbarButton\"]"}
COMMAND: POST /session/1078df7af42110589ce6729fcfa5b6f8/elements - {"using":"xpath","value":"//button[@data-kt=\"addNewRUOverflowToolbarButton\"]"}
RESULT: {"using":"xpath","value":"//button[@data-kt=\"addNewRUOverflowToolbarButton\"]"}
COMMAND: POST /session/1078df7af42110589ce6729fcfa5b6f8/execute/sync - {"script":"<script> [8489 bytes]","args":[{"element-6066-11e4-a52e-4f735466cecf":"f.BA343095ED0ABE7E3673784E64AE5F80.d.CC9C0AC060CABB2C49A552E0BFB8EE6A.e.8917","ELEMENT":"f.BA343095ED0ABE7E3673784E64AE5F80.d.CC9C0AC060CABB2C49A552E0BFB8EE6A.e.8917"}]}
RESULT: {"script":"<script> [8489 bytes]","args":[{"element-6066-11e4-a52e-4f735466cecf":"f.BA343095ED0ABE7E3673784E64AE5F80.d.CC9C0AC060CABB2C49A552E0BFB8EE6A.e.8917","ELEMENT":"f.BA343095ED0ABE7E3673784E64AE5F80.d.CC9C0AC060CABB2C49A552E0BFB8EE6A.e.8917"}]}
COMMAND: GET /session/1078df7af42110589ce6729fcfa5b6f8/element/f.BA343095ED0ABE7E3673784E64AE5F80.d.CC9C0AC060CABB2C49A552E0BFB8EE6A.e.8917/enabled - {}
COMMAND: GET /session/1078df7af42110589ce6729fcfa5b6f8/screenshot - {}
RESULT: {}
COMMAND: POST /session/1078df7af42110589ce6729fcfa5b6f8/execute/sync - {"script":"<script> [8489 bytes]","args":[{"element-6066-11e4-a52e-4f735466cecf":"f.BA343095ED0ABE7E3673784E64AE5F80.d.CC9C0AC060CABB2C49A552E0BFB8EE6A.e.8917","ELEMENT":"f.BA343095ED0ABE7E3673784E64AE5F80.d.CC9C0AC060CABB2C49A552E0BFB8EE6A.e.8917"}]}
COMMAND: GET /session/1078df7af42110589ce6729fcfa5b6f8/screenshot - {}
RESULT: {}
RESULT: {"script":"<script> [8489 bytes]","args":[{"element-6066-11e4-a52e-4f735466cecf":"f.BA343095ED0ABE7E3673784E64AE5F80.d.CC9C0AC060CABB2C49A552E0BFB8EE6A.e.8917","ELEMENT":"f.BA343095ED0ABE7E3673784E64AE5F80.d.CC9C0AC060CABB2C49A552E0BFB8EE6A.e.8917"}]}
COMMAND: POST /session/1078df7af42110589ce6729fcfa5b6f8/execute/sync - {"script":"<script> [5351 bytes]","args":[{"element-6066-11e4-a52e-4f735466cecf":"f.BA343095ED0ABE7E3673784E64AE5F80.d.CC9C0AC060CABB2C49A552E0BFB8EE6A.e.8917","ELEMENT":"f.BA343095ED0ABE7E3673784E64AE5F80.d.CC9C0AC060CABB2C49A552E0BFB8EE6A.e.8917"}]}
COMMAND: GET /session/1078df7af42110589ce6729fcfa5b6f8/screenshot - {}
RESULT: {}
RESULT: {"script":"<script> [5351 bytes]","args":[{"element-6066-11e4-a52e-4f735466cecf":"f.BA343095ED0ABE7E3673784E64AE5F80.d.CC9C0AC060CABB2C49A552E0BFB8EE6A.e.8917","ELEMENT":"f.BA343095ED0ABE7E3673784E64AE5F80.d.CC9C0AC060CABB2C49A552E0BFB8EE6A.e.8917"}]}
COMMAND: POST /session/1078df7af42110589ce6729fcfa5b6f8/element/f.BA343095ED0ABE7E3673784E64AE5F80.d.CC9C0AC060CABB2C49A552E0BFB8EE6A.e.8917/click - {}
COMMAND: GET /session/1078df7af42110589ce6729fcfa5b6f8/screenshot - {}
RESULT: {}
RESULT: {}
COMMAND: GET /session/1078df7af42110589ce6729fcfa5b6f8/screenshot - {}
RESULT: {}
RESULT: {}
COMMAND: POST /session/1078df7af42110589ce6729fcfa5b6f8/execute/async - {"script":"<script> [1562 bytes]","args":[{"selector":{"id":"application-manageresources-display-component---newResourceUnit--TYPE-arrow"},"wdio_ui5_key":"applicationmanageresources-display-component---newResourceUnit--TYPE-arrow"}]}
RESULT: {"script":"<script> [1562 bytes]","args":[{"selector":{"id":"application-manageresources-display-component---newResourceUnit--TYPE-arrow"},"wdio_ui5_key":"applicationmanageresources-display-component---newResourceUnit--TYPE-arrow"}]}
RESULT: undefined
COMMAND: POST /session/1078df7af42110589ce6729fcfa5b6f8/element - {"using":"xpath","value":"//*[@id=\"application-manageresources-display-component---newResourceUnit--TYPE-arrow\"]"}
RESULT: {"using":"xpath","value":"//*[@id=\"application-manageresources-display-component---newResourceUnit--TYPE-arrow\"]"}
COMMAND: POST /session/1078df7af42110589ce6729fcfa5b6f8/element/f.BA343095ED0ABE7E3673784E64AE5F80.d.CC9C0AC060CABB2C49A552E0BFB8EE6A.e.9274/click - {}
RESULT: {}
COMMAND: POST /session/1078df7af42110589ce6729fcfa5b6f8/element - {"using":"xpath","value":"//input[@id=\"application-manageresources-display-component---newResourceUnit--TYPE-inner\"]"}
COMMAND: GET /session/1078df7af42110589ce6729fcfa5b6f8/screenshot - {}
RESULT: {"using":"xpath","value":"//input[@id=\"application-manageresources-display-component---newResourceUnit--TYPE-inner\"]"}
COMMAND: POST /session/1078df7af42110589ce6729fcfa5b6f8/element/f.BA343095ED0ABE7E3673784E64AE5F80.d.CC9C0AC060CABB2C49A552E0BFB8EE6A.e.9258/clear - {}
RESULT: {}
RESULT: {}
COMMAND: POST /session/1078df7af42110589ce6729fcfa5b6f8/element/f.BA343095ED0ABE7E3673784E64AE5F80.d.CC9C0AC060CABB2C49A552E0BFB8EE6A.e.9258/value - {"text":"Equipment"}
COMMAND: GET /session/1078df7af42110589ce6729fcfa5b6f8/screenshot - {}
RESULT: {"text":"Equipment"}
COMMAND: GET /session/1078df7af42110589ce6729fcfa5b6f8/screenshot - {}
RESULT: {}
RESULT: {}
COMMAND: POST /session/1078df7af42110589ce6729fcfa5b6f8/actions - {"actions":[{"id":"action25","type":"key","parameters":{},"actions":[{"type":"keyDown","value":""},{"type":"pause","duration":10},{"type":"keyUp","value":""}]}]}
RESULT: {"actions":[{"id":"action25","type":"key","parameters":{},"actions":[{"type":"keyDown","value":""},{"type":"pause","duration":10},{"type":"keyUp","value":""}]}]}
COMMAND: POST /session/1078df7af42110589ce6729fcfa5b6f8/execute/async - {"script":"<script> [1562 bytes]","args":[{"selector":{"id":"application-manageresources-display-component---newResourceUnit--resourceId","interaction":{"idSuffix":"inner"}},"wdio_ui5_key":"applicationmanageresources-display-component---newResourceUnit--resourceId"}]}
COMMAND: GET /session/1078df7af42110589ce6729fcfa5b6f8/screenshot - {}
RESULT: {}
RESULT: {"script":"<script> [1562 bytes]","args":[{"selector":{"id":"application-manageresources-display-component---newResourceUnit--resourceId","interaction":{"idSuffix":"inner"}},"wdio_ui5_key":"applicationmanageresources-display-component---newResourceUnit--resourceId"}]}
RESULT: undefined
COMMAND: POST /session/1078df7af42110589ce6729fcfa5b6f8/execute/async - {"script":"<script> [776 bytes]","args":[{"enterText":"Dz6MfHZ3TR","selector":{"id":"application-manageresources-display-component---newResourceUnit--resourceId","interaction":{"idSuffix":"inner"}},"clearTextFirst":true,"interactionType":"ENTER_TEXT"}]}
RESULT: {"script":"<script> [776 bytes]","args":[{"enterText":"Dz6MfHZ3TR","selector":{"id":"application-manageresources-display-component---newResourceUnit--resourceId","interaction":{"idSuffix":"inner"}},"clearTextFirst":true,"interactionType":"ENTER_TEXT"}]}
COMMAND: POST /session/1078df7af42110589ce6729fcfa5b6f8/execute/async - {"script":"<script> [1562 bytes]","args":[{"selector":{"id":"application-manageresources-display-component---newResourceUnit--SHORT_TEXT","interaction":{"idSuffix":"inner"}},"wdio_ui5_key":"applicationmanageresources-display-component---newResourceUnit--SHORT_TEXT"}]}
RESULT: {"script":"<script> [1562 bytes]","args":[{"selector":{"id":"application-manageresources-display-component---newResourceUnit--SHORT_TEXT","interaction":{"idSuffix":"inner"}},"wdio_ui5_key":"applicationmanageresources-display-component---newResourceUnit--SHORT_TEXT"}]}
RESULT: undefined
COMMAND: POST /session/1078df7af42110589ce6729fcfa5b6f8/execute/async - {"script":"<script> [776 bytes]","args":[{"enterText":"Intercompany Equipment WDIO","selector":{"id":"application-manageresources-display-component---newResourceUnit--SHORT_TEXT","interaction":{"idSuffix":"inner"}},"clearTextFirst":true,"interactionType":"ENTER_TEXT"}]}
RESULT: {"script":"<script> [776 bytes]","args":[{"enterText":"Intercompany Equipment WDIO","selector":{"id":"application-manageresources-display-component---newResourceUnit--SHORT_TEXT","interaction":{"idSuffix":"inner"}},"clearTextFirst":true,"interactionType":"ENTER_TEXT"}]}
COMMAND: POST /session/1078df7af42110589ce6729fcfa5b6f8/execute/async - {"script":"<script> [1562 bytes]","args":[{"selector":{"id":"application-manageresources-display-component---newResourceUnit--BASE_UNIT_OF_MEASURE","interaction":{"idSuffix":"inner"}},"wdio_ui5_key":"applicationmanageresources-display-component---newResourceUnit--BASE_UNIT_OF_MEASURE"}]}
RESULT: {"script":"<script> [1562 bytes]","args":[{"selector":{"id":"application-manageresources-display-component---newResourceUnit--BASE_UNIT_OF_MEASURE","interaction":{"idSuffix":"inner"}},"wdio_ui5_key":"applicationmanageresources-display-component---newResourceUnit--BASE_UNIT_OF_MEASURE"}]}
RESULT: undefined
COMMAND: POST /session/1078df7af42110589ce6729fcfa5b6f8/execute/async - {"script":"<script> [776 bytes]","args":[{"enterText":"Piece","selector":{"id":"application-manageresources-display-component---newResourceUnit--BASE_UNIT_OF_MEASURE","interaction":{"idSuffix":"inner"}},"clearTextFirst":true,"interactionType":"ENTER_TEXT"}]}
RESULT: {"script":"<script> [776 bytes]","args":[{"enterText":"Piece","selector":{"id":"application-manageresources-display-component---newResourceUnit--BASE_UNIT_OF_MEASURE","interaction":{"idSuffix":"inner"}},"clearTextFirst":true,"interactionType":"ENTER_TEXT"}]}
COMMAND: POST /session/1078df7af42110589ce6729fcfa5b6f8/execute/async - {"script":"<script> [1562 bytes]","args":[{"selector":{"id":"application-manageresources-display-component---newResourceUnit--WEIGHT_UNIT","interaction":{"idSuffix":"inner"}},"wdio_ui5_key":"applicationmanageresources-display-component---newResourceUnit--WEIGHT_UNIT"}]}
RESULT: {"script":"<script> [1562 bytes]","args":[{"selector":{"id":"application-manageresources-display-component---newResourceUnit--WEIGHT_UNIT","interaction":{"idSuffix":"inner"}},"wdio_ui5_key":"applicationmanageresources-display-component---newResourceUnit--WEIGHT_UNIT"}]}
RESULT: undefined
COMMAND: POST /session/1078df7af42110589ce6729fcfa5b6f8/execute/async - {"script":"<script> [776 bytes]","args":[{"enterText":"Gram","selector":{"id":"application-manageresources-display-component---newResourceUnit--WEIGHT_UNIT","interaction":{"idSuffix":"inner"}},"clearTextFirst":true,"interactionType":"ENTER_TEXT"}]}
RESULT: {"script":"<script> [776 bytes]","args":[{"enterText":"Gram","selector":{"id":"application-manageresources-display-component---newResourceUnit--WEIGHT_UNIT","interaction":{"idSuffix":"inner"}},"clearTextFirst":true,"interactionType":"ENTER_TEXT"}]}
COMMAND: POST /session/1078df7af42110589ce6729fcfa5b6f8/execute/async - {"script":"<script> [1562 bytes]","args":[{"selector":{"id":"application-manageresources-display-component---newResourceUnit--DIMENSION_UNIT","interaction":{"idSuffix":"inner"}},"wdio_ui5_key":"applicationmanageresources-display-component---newResourceUnit--DIMENSION_UNIT"}]}
RESULT: {"script":"<script> [1562 bytes]","args":[{"selector":{"id":"application-manageresources-display-component---newResourceUnit--DIMENSION_UNIT","interaction":{"idSuffix":"inner"}},"wdio_ui5_key":"applicationmanageresources-display-component---newResourceUnit--DIMENSION_UNIT"}]}
RESULT: undefined
COMMAND: POST /session/1078df7af42110589ce6729fcfa5b6f8/execute/async - {"script":"<script> [776 bytes]","args":[{"enterText":"Meter","selector":{"id":"application-manageresources-display-component---newResourceUnit--DIMENSION_UNIT","interaction":{"idSuffix":"inner"}},"clearTextFirst":true,"interactionType":"ENTER_TEXT"}]}
RESULT: {"script":"<script> [776 bytes]","args":[{"enterText":"Meter","selector":{"id":"application-manageresources-display-component---newResourceUnit--DIMENSION_UNIT","interaction":{"idSuffix":"inner"}},"clearTextFirst":true,"interactionType":"ENTER_TEXT"}]}
COMMAND: POST /session/1078df7af42110589ce6729fcfa5b6f8/execute/async - {"script":"<script> [1562 bytes]","args":[{"selector":{"id":"application-manageresources-display-component---newResourceUnit--newRRUPage-anchBar-application-manageresources-display-component---newResourceUnit--control-anchor","interaction":{"idSuffix":"BDI-content"}},"wdio_ui5_key":"applicationmanageresources-display-component---newResourceUnit--newRRUPage-anchBar-application-manageresources-display-component---newResourceUnit--control-anchor"}]}
RESULT: {"script":"<script> [1562 bytes]","args":[{"selector":{"id":"application-manageresources-display-component---newResourceUnit--newRRUPage-anchBar-application-manageresources-display-component---newResourceUnit--control-anchor","interaction":{"idSuffix":"BDI-content"}},"wdio_ui5_key":"applicationmanageresources-display-component---newResourceUnit--newRRUPage-anchBar-application-manageresources-display-component---newResourceUnit--control-anchor"}]}
RESULT: undefined
COMMAND: POST /session/1078df7af42110589ce6729fcfa5b6f8/element - {"using":"xpath","value":"//*[@id=\"application-manageresources-display-component---newResourceUnit--newRRUPage-anchBar-application-manageresources-display-component---newResourceUnit--control-anchor\"]"}
RESULT: {"using":"xpath","value":"//*[@id=\"application-manageresources-display-component---newResourceUnit--newRRUPage-anchBar-application-manageresources-display-component---newResourceUnit--control-anchor\"]"}
COMMAND: POST /session/1078df7af42110589ce6729fcfa5b6f8/element/f.BA343095ED0ABE7E3673784E64AE5F80.d.CC9C0AC060CABB2C49A552E0BFB8EE6A.e.9432/click - {}
RESULT: {}
COMMAND: POST /session/1078df7af42110589ce6729fcfa5b6f8/execute/async - {"script":"<script> [1562 bytes]","args":[{"selector":{"id":"application-manageresources-display-component---newResourceUnit--PLANNING_GROUP","interaction":{"idSuffix":"inner"}},"wdio_ui5_key":"applicationmanageresources-display-component---newResourceUnit--PLANNING_GROUP"}]}
COMMAND: GET /session/1078df7af42110589ce6729fcfa5b6f8/screenshot - {}
RESULT: {"script":"<script> [1562 bytes]","args":[{"selector":{"id":"application-manageresources-display-component---newResourceUnit--PLANNING_GROUP","interaction":{"idSuffix":"inner"}},"wdio_ui5_key":"applicationmanageresources-display-component---newResourceUnit--PLANNING_GROUP"}]}
RESULT: undefined
COMMAND: POST /session/1078df7af42110589ce6729fcfa5b6f8/execute/async - {"script":"<script> [776 bytes]","args":[{"enterText":"Heavy Equi","selector":{"id":"application-manageresources-display-component---newResourceUnit--PLANNING_GROUP","interaction":{"idSuffix":"inner"}},"clearTextFirst":true,"interactionType":"ENTER_TEXT"}]}
RESULT: {}
RESULT: {"script":"<script> [776 bytes]","args":[{"enterText":"Heavy Equi","selector":{"id":"application-manageresources-display-component---newResourceUnit--PLANNING_GROUP","interaction":{"idSuffix":"inner"}},"clearTextFirst":true,"interactionType":"ENTER_TEXT"}]}
COMMAND: POST /session/1078df7af42110589ce6729fcfa5b6f8/execute/async - {"script":"<script> [1562 bytes]","args":[{"selector":{"id":"application-manageresources-display-component---newResourceUnit--ITEM_TYPE-arrow"},"wdio_ui5_key":"applicationmanageresources-display-component---newResourceUnit--ITEM_TYPE-arrow"}]}
RESULT: {"script":"<script> [1562 bytes]","args":[{"selector":{"id":"application-manageresources-display-component---newResourceUnit--ITEM_TYPE-arrow"},"wdio_ui5_key":"applicationmanageresources-display-component---newResourceUnit--ITEM_TYPE-arrow"}]}
RESULT: undefined
COMMAND: POST /session/1078df7af42110589ce6729fcfa5b6f8/element - {"using":"xpath","value":"//*[@id=\"application-manageresources-display-component---newResourceUnit--ITEM_TYPE-arrow\"]"}
RESULT: {"using":"xpath","value":"//*[@id=\"application-manageresources-display-component---newResourceUnit--ITEM_TYPE-arrow\"]"}
COMMAND: POST /session/1078df7af42110589ce6729fcfa5b6f8/element/f.BA343095ED0ABE7E3673784E64AE5F80.d.CC9C0AC060CABB2C49A552E0BFB8EE6A.e.9439/click - {}
RESULT: {}
COMMAND: POST /session/1078df7af42110589ce6729fcfa5b6f8/element - {"using":"xpath","value":"//ul[contains(@id,\"ITEM_TYPE-popup-list-listUl\")]//li[.//span[contains(text(),\"Resource Unit\")]]"}
COMMAND: GET /session/1078df7af42110589ce6729fcfa5b6f8/screenshot - {}
RESULT: {"using":"xpath","value":"//ul[contains(@id,\"ITEM_TYPE-popup-list-listUl\")]//li[.//span[contains(text(),\"Resource Unit\")]]"}
COMMAND: POST /session/1078df7af42110589ce6729fcfa5b6f8/element/f.BA343095ED0ABE7E3673784E64AE5F80.d.CC9C0AC060CABB2C49A552E0BFB8EE6A.e.9440/click - {}
RESULT: {}
RESULT: {}
COMMAND: GET /session/1078df7af42110589ce6729fcfa5b6f8/screenshot - {}
RESULT: {}
COMMAND: POST /session/1078df7af42110589ce6729fcfa5b6f8/element - {"using":"css selector","value":"#application-manageresources-display-component---newResourceUnit--btnAddTimeSegment"}
RESULT: {"using":"css selector","value":"#application-manageresources-display-component---newResourceUnit--btnAddTimeSegment"}
COMMAND: GET /session/1078df7af42110589ce6729fcfa5b6f8/element/f.BA343095ED0ABE7E3673784E64AE5F80.d.CC9C0AC060CABB2C49A552E0BFB8EE6A.e.9447/rect - {}
RESULT: {}
COMMAND: GET /session/1078df7af42110589ce6729fcfa5b6f8/window/rect - {}
RESULT: {}
COMMAND: POST /session/1078df7af42110589ce6729fcfa5b6f8/execute/sync - {"script":"<script> [92 bytes]","args":[]}
RESULT: {"script":"<script> [92 bytes]","args":[]}
COMMAND: POST /session/1078df7af42110589ce6729fcfa5b6f8/actions - {"actions":[{"id":"action26","type":"wheel","parameters":{},"actions":[{"type":"scroll","x":-1888,"y":-32,"deltaX":0,"deltaY":0,"duration":0,"origin":{"element-6066-11e4-a52e-4f735466cecf":"f.BA343095ED0ABE7E3673784E64AE5F80.d.CC9C0AC060CABB2C49A552E0BFB8EE6A.e.9447"}}]}]}
COMMAND: GET /session/1078df7af42110589ce6729fcfa5b6f8/screenshot - {}
RESULT: {}
COMMAND: POST /session/1078df7af42110589ce6729fcfa5b6f8/execute/sync - {"script":"<script> [79 bytes]","args":[{"element-6066-11e4-a52e-4f735466cecf":"f.BA343095ED0ABE7E3673784E64AE5F80.d.CC9C0AC060CABB2C49A552E0BFB8EE6A.e.9447","ELEMENT":"f.BA343095ED0ABE7E3673784E64AE5F80.d.CC9C0AC060CABB2C49A552E0BFB8EE6A.e.9447"},{"block":"start","inline":"nearest"}]}
RESULT: {"script":"<script> [79 bytes]","args":[{"element-6066-11e4-a52e-4f735466cecf":"f.BA343095ED0ABE7E3673784E64AE5F80.d.CC9C0AC060CABB2C49A552E0BFB8EE6A.e.9447","ELEMENT":"f.BA343095ED0ABE7E3673784E64AE5F80.d.CC9C0AC060CABB2C49A552E0BFB8EE6A.e.9447"},{"block":"start","inline":"nearest"}]}
COMMAND: POST /session/1078df7af42110589ce6729fcfa5b6f8/execute/async - {"script":"<script> [1562 bytes]","args":[{"selector":{"id":"application-manageresources-display-component---newResourceUnit--btnAddTimeSegment","interaction":{"idSuffix":"inner"}},"wdio_ui5_key":"applicationmanageresources-display-component---newResourceUnit--btnAddTimeSegment"}]}
COMMAND: GET /session/1078df7af42110589ce6729fcfa5b6f8/screenshot - {}
RESULT: {"script":"<script> [1562 bytes]","args":[{"selector":{"id":"application-manageresources-display-component---newResourceUnit--btnAddTimeSegment","interaction":{"idSuffix":"inner"}},"wdio_ui5_key":"applicationmanageresources-display-component---newResourceUnit--btnAddTimeSegment"}]}
RESULT: undefined
COMMAND: POST /session/1078df7af42110589ce6729fcfa5b6f8/element - {"using":"xpath","value":"//*[@id=\"application-manageresources-display-component---newResourceUnit--btnAddTimeSegment\"]"}
RESULT: {}
RESULT: {"using":"xpath","value":"//*[@id=\"application-manageresources-display-component---newResourceUnit--btnAddTimeSegment\"]"}
COMMAND: POST /session/1078df7af42110589ce6729fcfa5b6f8/element/f.BA343095ED0ABE7E3673784E64AE5F80.d.CC9C0AC060CABB2C49A552E0BFB8EE6A.e.9447/click - {}
RESULT: {}
COMMAND: GET /session/1078df7af42110589ce6729fcfa5b6f8/screenshot - {}
RESULT: {}
COMMAND: POST /session/1078df7af42110589ce6729fcfa5b6f8/element - {"using":"xpath","value":"//input[@id=\"application-manageresources-display-component---newResourceUnit--idRuTSAdmin-application-manageresources-display-component---newResourceUnit--RUTimeSegment-0-inner\"]"}
RESULT: {"using":"xpath","value":"//input[@id=\"application-manageresources-display-component---newResourceUnit--idRuTSAdmin-application-manageresources-display-component---newResourceUnit--RUTimeSegment-0-inner\"]"}
COMMAND: POST /session/1078df7af42110589ce6729fcfa5b6f8/element/f.BA343095ED0ABE7E3673784E64AE5F80.d.CC9C0AC060CABB2C49A552E0BFB8EE6A.e.9453/clear - {}
RESULT: {}
COMMAND: POST /session/1078df7af42110589ce6729fcfa5b6f8/element/f.BA343095ED0ABE7E3673784E64AE5F80.d.CC9C0AC060CABB2C49A552E0BFB8EE6A.e.9453/value - {"text":"560"}
COMMAND: GET /session/1078df7af42110589ce6729fcfa5b6f8/screenshot - {}
RESULT: {"text":"560"}
COMMAND: GET /session/1078df7af42110589ce6729fcfa5b6f8/screenshot - {}
RESULT: {}
RESULT: {}
COMMAND: POST /session/1078df7af42110589ce6729fcfa5b6f8/element - {"using":"xpath","value":"//li[.//span[text()='560']]"}
RESULT: {"using":"xpath","value":"//li[.//span[text()='560']]"}
COMMAND: POST /session/1078df7af42110589ce6729fcfa5b6f8/element/f.BA343095ED0ABE7E3673784E64AE5F80.d.CC9C0AC060CABB2C49A552E0BFB8EE6A.e.9466/click - {}
RESULT: {}
COMMAND: GET /session/1078df7af42110589ce6729fcfa5b6f8/screenshot - {}
RESULT: {}
COMMAND: POST /session/1078df7af42110589ce6729fcfa5b6f8/element - {"using":"xpath","value":"(//span[contains(@id, \"-application-manageresources-display-component---newResourceUnit--RUTimeSegment-0-arrow\")])[6]"}
RESULT: {"using":"xpath","value":"(//span[contains(@id, \"-application-manageresources-display-component---newResourceUnit--RUTimeSegment-0-arrow\")])[6]"}
COMMAND: POST /session/1078df7af42110589ce6729fcfa5b6f8/element/f.BA343095ED0ABE7E3673784E64AE5F80.d.CC9C0AC060CABB2C49A552E0BFB8EE6A.e.9467/click - {}
RESULT: {}
COMMAND: GET /session/1078df7af42110589ce6729fcfa5b6f8/screenshot - {}
RESULT: {}
COMMAND: POST /session/1078df7af42110589ce6729fcfa5b6f8/element - {"using":"xpath","value":"//span[contains(text(), \"PM Order\")]"}
RESULT: {"using":"xpath","value":"//span[contains(text(), \"PM Order\")]"}
COMMAND: POST /session/1078df7af42110589ce6729fcfa5b6f8/element/f.BA343095ED0ABE7E3673784E64AE5F80.d.CC9C0AC060CABB2C49A552E0BFB8EE6A.e.9470/click - {}
RESULT: {}
COMMAND: GET /session/1078df7af42110589ce6729fcfa5b6f8/screenshot - {}
RESULT: {}
COMMAND: POST /session/1078df7af42110589ce6729fcfa5b6f8/element - {"using":"xpath","value":"(//span[contains(@id ,\"manageresources-display-component---newResourceUnit--RUTimeSegment-0-vhi\")])[1]"}
RESULT: {"using":"xpath","value":"(//span[contains(@id ,\"manageresources-display-component---newResourceUnit--RUTimeSegment-0-vhi\")])[1]"}
COMMAND: GET /session/1078df7af42110589ce6729fcfa5b6f8/element/f.BA343095ED0ABE7E3673784E64AE5F80.d.CC9C0AC060CABB2C49A552E0BFB8EE6A.e.9474/rect - {}
RESULT: {}
COMMAND: GET /session/1078df7af42110589ce6729fcfa5b6f8/window/rect - {}
RESULT: {}
COMMAND: POST /session/1078df7af42110589ce6729fcfa5b6f8/execute/sync - {"script":"<script> [92 bytes]","args":[]}
RESULT: {"script":"<script> [92 bytes]","args":[]}
COMMAND: POST /session/1078df7af42110589ce6729fcfa5b6f8/actions - {"actions":[{"id":"action27","type":"wheel","parameters":{},"actions":[{"type":"scroll","x":-869,"y":-24,"deltaX":0,"deltaY":0,"duration":0,"origin":{"element-6066-11e4-a52e-4f735466cecf":"f.BA343095ED0ABE7E3673784E64AE5F80.d.CC9C0AC060CABB2C49A552E0BFB8EE6A.e.9474"}}]}]}
COMMAND: GET /session/1078df7af42110589ce6729fcfa5b6f8/screenshot - {}
RESULT: {"actions":[{"id":"action27","type":"wheel","parameters":{},"actions":[{"type":"scroll","x":-869,"y":-24,"deltaX":0,"deltaY":0,"duration":0,"origin":{"element-6066-11e4-a52e-4f735466cecf":"f.BA343095ED0ABE7E3673784E64AE5F80.d.CC9C0AC060CABB2C49A552E0BFB8EE6A.e.9474"}}]}]}
COMMAND: DELETE /session/1078df7af42110589ce6729fcfa5b6f8/actions - {}
COMMAND: GET /session/1078df7af42110589ce6729fcfa5b6f8/screenshot - {}
RESULT: {}
RESULT: {}
COMMAND: GET /session/1078df7af42110589ce6729fcfa5b6f8/screenshot - {}
RESULT: {}
RESULT: {}
COMMAND: POST /session/1078df7af42110589ce6729fcfa5b6f8/element/f.BA343095ED0ABE7E3673784E64AE5F80.d.CC9C0AC060CABB2C49A552E0BFB8EE6A.e.9474/click - {}
RESULT: {}
COMMAND: GET /session/1078df7af42110589ce6729fcfa5b6f8/screenshot - {}
RESULT: {}
RESULT: undefined
COMMAND: POST /session/1078df7af42110589ce6729fcfa5b6f8/execute/async - {"script":"<script> [776 bytes]","args":[{"enterText":"4000360","selector":{"controlType":"sap.m.SearchField","properties":{"placeholder":"Search"},"searchOpenDialogs":true,"interaction":{"idSuffix":"I"}},"clearTextFirst":true,"interactionType":"ENTER_TEXT"}]}
RESULT: {"script":"<script> [776 bytes]","args":[{"enterText":"4000360","selector":{"controlType":"sap.m.SearchField","properties":{"placeholder":"Search"},"searchOpenDialogs":true,"interaction":{"idSuffix":"I"}},"clearTextFirst":true,"interactionType":"ENTER_TEXT"}]}
COMMAND: POST /session/1078df7af42110589ce6729fcfa5b6f8/actions - {"actions":[{"id":"action28","type":"key","parameters":{},"actions":[{"type":"keyDown","value":""},{"type":"pause","duration":10},{"type":"keyUp","value":""}]}]}
RESULT: {"actions":[{"id":"action28","type":"key","parameters":{},"actions":[{"type":"keyDown","value":""},{"type":"pause","duration":10},{"type":"keyUp","value":""}]}]}
COMMAND: GET /session/1078df7af42110589ce6729fcfa5b6f8/screenshot - {}
RESULT: {}
COMMAND: POST /session/1078df7af42110589ce6729fcfa5b6f8/element - {"using":"xpath","value":"//td/div/span[contains(text(), \"BGL Vehicles\")]"}
RESULT: {"using":"xpath","value":"//td/div/span[contains(text(), \"BGL Vehicles\")]"}
COMMAND: POST /session/1078df7af42110589ce6729fcfa5b6f8/element/f.BA343095ED0ABE7E3673784E64AE5F80.d.CC9C0AC060CABB2C49A552E0BFB8EE6A.e.9493/click - {}
RESULT: {}
COMMAND: GET /session/1078df7af42110589ce6729fcfa5b6f8/screenshot - {}
RESULT: {}
COMMAND: POST /session/1078df7af42110589ce6729fcfa5b6f8/element - {"using":"xpath","value":"//bdi[contains(text(), \"OK\")]"}
RESULT: {"using":"xpath","value":"//bdi[contains(text(), \"OK\")]"}
COMMAND: POST /session/1078df7af42110589ce6729fcfa5b6f8/element/f.BA343095ED0ABE7E3673784E64AE5F80.d.CC9C0AC060CABB2C49A552E0BFB8EE6A.e.9494/click - {}
RESULT: {}
COMMAND: GET /session/1078df7af42110589ce6729fcfa5b6f8/screenshot - {}
RESULT: {}
COMMAND: POST /session/1078df7af42110589ce6729fcfa5b6f8/execute/async - {"script":"<script> [1562 bytes]","args":[{"selector":{"id":"application-manageresources-display-component---newResourceUnit--newRRUPage-anchBar-application-manageresources-display-component---newResourceUnit--resource-anchor","interaction":{"idSuffix":"BDI-content"}},"wdio_ui5_key":"applicationmanageresources-display-component---newResourceUnit--newRRUPage-anchBar-application-manageresources-display-component---newResourceUnit--resource-anchor"}]}
RESULT: {"script":"<script> [1562 bytes]","args":[{"selector":{"id":"application-manageresources-display-component---newResourceUnit--newRRUPage-anchBar-application-manageresources-display-component---newResourceUnit--resource-anchor","interaction":{"idSuffix":"BDI-content"}},"wdio_ui5_key":"applicationmanageresources-display-component---newResourceUnit--newRRUPage-anchBar-application-manageresources-display-component---newResourceUnit--resource-anchor"}]}
RESULT: undefined
COMMAND: POST /session/1078df7af42110589ce6729fcfa5b6f8/element - {"using":"xpath","value":"//*[@id=\"application-manageresources-display-component---newResourceUnit--newRRUPage-anchBar-application-manageresources-display-component---newResourceUnit--resource-anchor\"]"}
RESULT: {"using":"xpath","value":"//*[@id=\"application-manageresources-display-component---newResourceUnit--newRRUPage-anchBar-application-manageresources-display-component---newResourceUnit--resource-anchor\"]"}
COMMAND: POST /session/1078df7af42110589ce6729fcfa5b6f8/element/f.BA343095ED0ABE7E3673784E64AE5F80.d.CC9C0AC060CABB2C49A552E0BFB8EE6A.e.9498/click - {}
RESULT: {}
COMMAND: POST /session/1078df7af42110589ce6729fcfa5b6f8/execute/async - {"script":"<script> [1562 bytes]","args":[{"selector":{"id":"application-manageresources-display-component---newResourceUnit--PLANNED_DELIVERY_DATE","interaction":{"idSuffix":"inner"}},"wdio_ui5_key":"applicationmanageresources-display-component---newResourceUnit--PLANNED_DELIVERY_DATE"}]}
COMMAND: GET /session/1078df7af42110589ce6729fcfa5b6f8/screenshot - {}
RESULT: {"script":"<script> [1562 bytes]","args":[{"selector":{"id":"application-manageresources-display-component---newResourceUnit--PLANNED_DELIVERY_DATE","interaction":{"idSuffix":"inner"}},"wdio_ui5_key":"applicationmanageresources-display-component---newResourceUnit--PLANNED_DELIVERY_DATE"}]}
RESULT: undefined
COMMAND: POST /session/1078df7af42110589ce6729fcfa5b6f8/execute/async - {"script":"<script> [6424 bytes]","args":[{"element-6066-11e4-a52e-4f735466cecf":"f.BA343095ED0ABE7E3673784E64AE5F80.d.CC9C0AC060CABB2C49A552E0BFB8EE6A.e.9331"},"setValue",["6/1/25"]]}
RESULT: {}
RESULT: {"script":"<script> [6424 bytes]","args":[{"element-6066-11e4-a52e-4f735466cecf":"f.BA343095ED0ABE7E3673784E64AE5F80.d.CC9C0AC060CABB2C49A552E0BFB8EE6A.e.9331"},"setValue",["6/1/25"]]}
COMMAND: POST /session/1078df7af42110589ce6729fcfa5b6f8/element - {"using":"xpath","value":"//label[contains(@class, 'sapMLabelRequired') and .//bdi[contains(text(), 'Planned Retirement')]]"}
RESULT: {"using":"xpath","value":"//label[contains(@class, 'sapMLabelRequired') and .//bdi[contains(text(), 'Planned Retirement')]]"}
COMMAND: POST /session/1078df7af42110589ce6729fcfa5b6f8/elements - {"using":"xpath","value":"//label[contains(@class, 'sapMLabelRequired') and .//bdi[contains(text(), 'Planned Retirement')]]"}
RESULT: {"using":"xpath","value":"//label[contains(@class, 'sapMLabelRequired') and .//bdi[contains(text(), 'Planned Retirement')]]"}
COMMAND: POST /session/1078df7af42110589ce6729fcfa5b6f8/element - {"using":"xpath","value":"//button[@data-kt=\"resourceUnitSaveButton\"]"}
RESULT: {"using":"xpath","value":"//button[@data-kt=\"resourceUnitSaveButton\"]"}
COMMAND: POST /session/1078df7af42110589ce6729fcfa5b6f8/element/f.BA343095ED0ABE7E3673784E64AE5F80.d.CC9C0AC060CABB2C49A552E0BFB8EE6A.e.9291/click - {}
RESULT: {}
COMMAND: GET /session/1078df7af42110589ce6729fcfa5b6f8/screenshot - {}
RESULT: {}
COMMAND: POST /session/1078df7af42110589ce6729fcfa5b6f8/element - {"using":"xpath","value":"//bdi[contains(text(), \"Close\")]"}
RESULT: {"using":"xpath","value":"//bdi[contains(text(), \"Close\")]"}
COMMAND: POST /session/1078df7af42110589ce6729fcfa5b6f8/element/f.BA343095ED0ABE7E3673784E64AE5F80.d.CC9C0AC060CABB2C49A552E0BFB8EE6A.e.9506/click - {}
RESULT: {}
COMMAND: GET /session/1078df7af42110589ce6729fcfa5b6f8/screenshot - {}
RESULT: {}
COMMAND: POST /session/1078df7af42110589ce6729fcfa5b6f8/element - {"using":"xpath","value":"(//button[contains(@id ,\"actionsToolbar-overflowButton\")])[1]"}
RESULT: {"using":"xpath","value":"(//button[contains(@id ,\"actionsToolbar-overflowButton\")])[1]"}
COMMAND: POST /session/1078df7af42110589ce6729fcfa5b6f8/element/f.BA343095ED0ABE7E3673784E64AE5F80.d.CC9C0AC060CABB2C49A552E0BFB8EE6A.e.9540/click - {}
RESULT: {}
COMMAND: GET /session/1078df7af42110589ce6729fcfa5b6f8/screenshot - {}
RESULT: {}
COMMAND: POST /session/1078df7af42110589ce6729fcfa5b6f8/element - {"using":"xpath","value":"//button[@data-kt=\"priceInfoButton\"]"}
RESULT: {"using":"xpath","value":"//button[@data-kt=\"priceInfoButton\"]"}
COMMAND: POST /session/1078df7af42110589ce6729fcfa5b6f8/element/f.BA343095ED0ABE7E3673784E64AE5F80.d.CC9C0AC060CABB2C49A552E0BFB8EE6A.e.9542/click - {}
RESULT: {}
COMMAND: GET /session/1078df7af42110589ce6729fcfa5b6f8/screenshot - {}
RESULT: {}
]]></system-out>
    </testcase>
    <testcase classname="chrome.136_0_7103_93.windows.Billing_Transfer_-_Intracompany_US127249" name="Should create a pricing procedure" time="53.404">
      <system-out><![CDATA[
COMMAND: POST /session/1078df7af42110589ce6729fcfa5b6f8/element - {"using":"xpath","value":"//button[@data-kt=\"addButton\"]"}
RESULT: {"using":"xpath","value":"//button[@data-kt=\"addButton\"]"}
COMMAND: POST /session/1078df7af42110589ce6729fcfa5b6f8/elements - {"using":"xpath","value":"//button[@data-kt=\"addButton\"]"}
RESULT: {"using":"xpath","value":"//button[@data-kt=\"addButton\"]"}
COMMAND: POST /session/1078df7af42110589ce6729fcfa5b6f8/elements - {"using":"xpath","value":"//button[@data-kt=\"addButton\"]"}
RESULT: {"using":"xpath","value":"//button[@data-kt=\"addButton\"]"}
COMMAND: POST /session/1078df7af42110589ce6729fcfa5b6f8/element - {"using":"xpath","value":"//button[@data-kt=\"addButton\"]"}
RESULT: {"using":"xpath","value":"//button[@data-kt=\"addButton\"]"}
COMMAND: POST /session/1078df7af42110589ce6729fcfa5b6f8/execute/sync - {"script":"<script> [8489 bytes]","args":[{"element-6066-11e4-a52e-4f735466cecf":"f.BA343095ED0ABE7E3673784E64AE5F80.d.CC9C0AC060CABB2C49A552E0BFB8EE6A.e.9579","ELEMENT":"f.BA343095ED0ABE7E3673784E64AE5F80.d.CC9C0AC060CABB2C49A552E0BFB8EE6A.e.9579"}]}
RESULT: {"script":"<script> [8489 bytes]","args":[{"element-6066-11e4-a52e-4f735466cecf":"f.BA343095ED0ABE7E3673784E64AE5F80.d.CC9C0AC060CABB2C49A552E0BFB8EE6A.e.9579","ELEMENT":"f.BA343095ED0ABE7E3673784E64AE5F80.d.CC9C0AC060CABB2C49A552E0BFB8EE6A.e.9579"}]}
COMMAND: GET /session/1078df7af42110589ce6729fcfa5b6f8/element/f.BA343095ED0ABE7E3673784E64AE5F80.d.CC9C0AC060CABB2C49A552E0BFB8EE6A.e.9579/enabled - {}
COMMAND: GET /session/1078df7af42110589ce6729fcfa5b6f8/screenshot - {}
RESULT: {}
COMMAND: POST /session/1078df7af42110589ce6729fcfa5b6f8/execute/sync - {"script":"<script> [8489 bytes]","args":[{"element-6066-11e4-a52e-4f735466cecf":"f.BA343095ED0ABE7E3673784E64AE5F80.d.CC9C0AC060CABB2C49A552E0BFB8EE6A.e.9579","ELEMENT":"f.BA343095ED0ABE7E3673784E64AE5F80.d.CC9C0AC060CABB2C49A552E0BFB8EE6A.e.9579"}]}
COMMAND: GET /session/1078df7af42110589ce6729fcfa5b6f8/screenshot - {}
RESULT: {}
RESULT: {"script":"<script> [8489 bytes]","args":[{"element-6066-11e4-a52e-4f735466cecf":"f.BA343095ED0ABE7E3673784E64AE5F80.d.CC9C0AC060CABB2C49A552E0BFB8EE6A.e.9579","ELEMENT":"f.BA343095ED0ABE7E3673784E64AE5F80.d.CC9C0AC060CABB2C49A552E0BFB8EE6A.e.9579"}]}
COMMAND: POST /session/1078df7af42110589ce6729fcfa5b6f8/execute/sync - {"script":"<script> [5351 bytes]","args":[{"element-6066-11e4-a52e-4f735466cecf":"f.BA343095ED0ABE7E3673784E64AE5F80.d.CC9C0AC060CABB2C49A552E0BFB8EE6A.e.9579","ELEMENT":"f.BA343095ED0ABE7E3673784E64AE5F80.d.CC9C0AC060CABB2C49A552E0BFB8EE6A.e.9579"}]}
COMMAND: GET /session/1078df7af42110589ce6729fcfa5b6f8/screenshot - {}
RESULT: {}
RESULT: {"script":"<script> [5351 bytes]","args":[{"element-6066-11e4-a52e-4f735466cecf":"f.BA343095ED0ABE7E3673784E64AE5F80.d.CC9C0AC060CABB2C49A552E0BFB8EE6A.e.9579","ELEMENT":"f.BA343095ED0ABE7E3673784E64AE5F80.d.CC9C0AC060CABB2C49A552E0BFB8EE6A.e.9579"}]}
COMMAND: POST /session/1078df7af42110589ce6729fcfa5b6f8/element/f.BA343095ED0ABE7E3673784E64AE5F80.d.CC9C0AC060CABB2C49A552E0BFB8EE6A.e.9579/click - {}
COMMAND: GET /session/1078df7af42110589ce6729fcfa5b6f8/screenshot - {}
RESULT: {}
RESULT: {}
COMMAND: GET /session/1078df7af42110589ce6729fcfa5b6f8/screenshot - {}
RESULT: {}
RESULT: {}
COMMAND: POST /session/1078df7af42110589ce6729fcfa5b6f8/execute/async - {"script":"<script> [1562 bytes]","args":[{"selector":{"controlType":"sap.m.Title","viewName":"etm.portal.ui.managepricingrules.view.NewItem","viewId":"application-managepricingrules-display-component---newInfoPriceItem","properties":{"text":"New Pricing Rules - Item Level"}},"wdio_ui5_key":"etmportal.ui.managepricingrules.view.NewItemsap.m.Title{\"text\":\"New Pricing Rules - Item Level\"}"}]}
RESULT: {"script":"<script> [1562 bytes]","args":[{"selector":{"controlType":"sap.m.Title","viewName":"etm.portal.ui.managepricingrules.view.NewItem","viewId":"application-managepricingrules-display-component---newInfoPriceItem","properties":{"text":"New Pricing Rules - Item Level"}},"wdio_ui5_key":"etmportal.ui.managepricingrules.view.NewItemsap.m.Title{\"text\":\"New Pricing Rules - Item Level\"}"}]}
RESULT: undefined
COMMAND: POST /session/1078df7af42110589ce6729fcfa5b6f8/execute/async - {"script":"<script> [6424 bytes]","args":[{"element-6066-11e4-a52e-4f735466cecf":"f.BA343095ED0ABE7E3673784E64AE5F80.d.CC9C0AC060CABB2C49A552E0BFB8EE6A.e.9751"},"getText",[]]}
RESULT: {"script":"<script> [6424 bytes]","args":[{"element-6066-11e4-a52e-4f735466cecf":"f.BA343095ED0ABE7E3673784E64AE5F80.d.CC9C0AC060CABB2C49A552E0BFB8EE6A.e.9751"},"getText",[]]}
COMMAND: POST /session/1078df7af42110589ce6729fcfa5b6f8/execute/async - {"script":"<script> [1562 bytes]","args":[{"selector":{"id":"application-managepricingrules-display-component---newInfoPriceItem--condValidTo","interaction":{"idSuffix":"inner"}},"wdio_ui5_key":"applicationmanagepricingrules-display-component---newInfoPriceItem--condValidTo"}]}
RESULT: {"script":"<script> [1562 bytes]","args":[{"selector":{"id":"application-managepricingrules-display-component---newInfoPriceItem--condValidTo","interaction":{"idSuffix":"inner"}},"wdio_ui5_key":"applicationmanagepricingrules-display-component---newInfoPriceItem--condValidTo"}]}
RESULT: undefined
COMMAND: POST /session/1078df7af42110589ce6729fcfa5b6f8/execute/async - {"script":"<script> [776 bytes]","args":[{"enterText":"2/1/26","selector":{"id":"application-managepricingrules-display-component---newInfoPriceItem--condValidTo","interaction":{"idSuffix":"inner"}},"clearTextFirst":true,"interactionType":"ENTER_TEXT"}]}
RESULT: {"script":"<script> [776 bytes]","args":[{"enterText":"2/1/26","selector":{"id":"application-managepricingrules-display-component---newInfoPriceItem--condValidTo","interaction":{"idSuffix":"inner"}},"clearTextFirst":true,"interactionType":"ENTER_TEXT"}]}
COMMAND: POST /session/1078df7af42110589ce6729fcfa5b6f8/execute/async - {"script":"<script> [1562 bytes]","args":[{"selector":{"id":"application-managepricingrules-display-component---newInfoPriceItem--billType-arrow"},"wdio_ui5_key":"applicationmanagepricingrules-display-component---newInfoPriceItem--billType-arrow"}]}
RESULT: {"script":"<script> [1562 bytes]","args":[{"selector":{"id":"application-managepricingrules-display-component---newInfoPriceItem--billType-arrow"},"wdio_ui5_key":"applicationmanagepricingrules-display-component---newInfoPriceItem--billType-arrow"}]}
RESULT: undefined
COMMAND: POST /session/1078df7af42110589ce6729fcfa5b6f8/element - {"using":"xpath","value":"//*[@id=\"application-managepricingrules-display-component---newInfoPriceItem--billType-arrow\"]"}
RESULT: {"using":"xpath","value":"//*[@id=\"application-managepricingrules-display-component---newInfoPriceItem--billType-arrow\"]"}
COMMAND: POST /session/1078df7af42110589ce6729fcfa5b6f8/element/f.BA343095ED0ABE7E3673784E64AE5F80.d.CC9C0AC060CABB2C49A552E0BFB8EE6A.e.9711/click - {}
RESULT: {}
COMMAND: POST /session/1078df7af42110589ce6729fcfa5b6f8/element - {"using":"xpath","value":"//span[contains(text(), \"TB - Time based\")]"}
COMMAND: GET /session/1078df7af42110589ce6729fcfa5b6f8/screenshot - {}
RESULT: {"using":"xpath","value":"//span[contains(text(), \"TB - Time based\")]"}
COMMAND: POST /session/1078df7af42110589ce6729fcfa5b6f8/element/f.BA343095ED0ABE7E3673784E64AE5F80.d.CC9C0AC060CABB2C49A552E0BFB8EE6A.e.9753/click - {}
RESULT: {}
RESULT: {}
COMMAND: POST /session/1078df7af42110589ce6729fcfa5b6f8/execute/async - {"script":"<script> [1562 bytes]","args":[{"selector":{"id":"application-managepricingrules-display-component---newInfoPriceItem--priceProc-arrow"},"wdio_ui5_key":"applicationmanagepricingrules-display-component---newInfoPriceItem--priceProc-arrow"}]}
COMMAND: GET /session/1078df7af42110589ce6729fcfa5b6f8/screenshot - {}
RESULT: {"script":"<script> [1562 bytes]","args":[{"selector":{"id":"application-managepricingrules-display-component---newInfoPriceItem--priceProc-arrow"},"wdio_ui5_key":"applicationmanagepricingrules-display-component---newInfoPriceItem--priceProc-arrow"}]}
RESULT: undefined
COMMAND: POST /session/1078df7af42110589ce6729fcfa5b6f8/element - {"using":"xpath","value":"//*[@id=\"application-managepricingrules-display-component---newInfoPriceItem--priceProc-arrow\"]"}
RESULT: {}
RESULT: {"using":"xpath","value":"//*[@id=\"application-managepricingrules-display-component---newInfoPriceItem--priceProc-arrow\"]"}
COMMAND: POST /session/1078df7af42110589ce6729fcfa5b6f8/element/f.BA343095ED0ABE7E3673784E64AE5F80.d.CC9C0AC060CABB2C49A552E0BFB8EE6A.e.9718/click - {}
RESULT: {}
COMMAND: POST /session/1078df7af42110589ce6729fcfa5b6f8/element - {"using":"xpath","value":"//span[contains(text(), \"TBS - Time based standard\")]"}
COMMAND: GET /session/1078df7af42110589ce6729fcfa5b6f8/screenshot - {}
RESULT: {"using":"xpath","value":"//span[contains(text(), \"TBS - Time based standard\")]"}
COMMAND: POST /session/1078df7af42110589ce6729fcfa5b6f8/element/f.BA343095ED0ABE7E3673784E64AE5F80.d.CC9C0AC060CABB2C49A552E0BFB8EE6A.e.9754/click - {}
RESULT: {}
RESULT: {}
COMMAND: POST /session/1078df7af42110589ce6729fcfa5b6f8/execute/async - {"script":"<script> [1562 bytes]","args":[{"selector":{"id":"application-managepricingrules-display-component---newInfoPriceItem--calcBase-arrow"},"wdio_ui5_key":"applicationmanagepricingrules-display-component---newInfoPriceItem--calcBase-arrow"}]}
COMMAND: GET /session/1078df7af42110589ce6729fcfa5b6f8/screenshot - {}
RESULT: {"script":"<script> [1562 bytes]","args":[{"selector":{"id":"application-managepricingrules-display-component---newInfoPriceItem--calcBase-arrow"},"wdio_ui5_key":"applicationmanagepricingrules-display-component---newInfoPriceItem--calcBase-arrow"}]}
RESULT: undefined
COMMAND: POST /session/1078df7af42110589ce6729fcfa5b6f8/element - {"using":"xpath","value":"//*[@id=\"application-managepricingrules-display-component---newInfoPriceItem--calcBase-arrow\"]"}
RESULT: {}
RESULT: {"using":"xpath","value":"//*[@id=\"application-managepricingrules-display-component---newInfoPriceItem--calcBase-arrow\"]"}
COMMAND: POST /session/1078df7af42110589ce6729fcfa5b6f8/element/f.BA343095ED0ABE7E3673784E64AE5F80.d.CC9C0AC060CABB2C49A552E0BFB8EE6A.e.9725/click - {}
RESULT: {}
COMMAND: GET /session/1078df7af42110589ce6729fcfa5b6f8/screenshot - {}
RESULT: {}
COMMAND: POST /session/1078df7af42110589ce6729fcfa5b6f8/element - {"using":"xpath","value":"//span[contains(text(), \"0006 - TB(calendar days)\")]"}
RESULT: {"using":"xpath","value":"//span[contains(text(), \"0006 - TB(calendar days)\")]"}
COMMAND: POST /session/1078df7af42110589ce6729fcfa5b6f8/element/f.BA343095ED0ABE7E3673784E64AE5F80.d.CC9C0AC060CABB2C49A552E0BFB8EE6A.e.9755/click - {}
RESULT: {}
COMMAND: GET /session/1078df7af42110589ce6729fcfa5b6f8/screenshot - {}
RESULT: {}
COMMAND: POST /session/1078df7af42110589ce6729fcfa5b6f8/execute/async - {"script":"<script> [1562 bytes]","args":[{"selector":{"id":"application-managepricingrules-display-component---newInfoPriceItem--daysMonth","interaction":{"idSuffix":"inner"}},"wdio_ui5_key":"applicationmanagepricingrules-display-component---newInfoPriceItem--daysMonth"}]}
RESULT: {"script":"<script> [1562 bytes]","args":[{"selector":{"id":"application-managepricingrules-display-component---newInfoPriceItem--daysMonth","interaction":{"idSuffix":"inner"}},"wdio_ui5_key":"applicationmanagepricingrules-display-component---newInfoPriceItem--daysMonth"}]}
RESULT: undefined
COMMAND: POST /session/1078df7af42110589ce6729fcfa5b6f8/execute/async - {"script":"<script> [776 bytes]","args":[{"enterText":"30","selector":{"id":"application-managepricingrules-display-component---newInfoPriceItem--daysMonth","interaction":{"idSuffix":"inner"}},"clearTextFirst":true,"interactionType":"ENTER_TEXT"}]}
RESULT: {"script":"<script> [776 bytes]","args":[{"enterText":"30","selector":{"id":"application-managepricingrules-display-component---newInfoPriceItem--daysMonth","interaction":{"idSuffix":"inner"}},"clearTextFirst":true,"interactionType":"ENTER_TEXT"}]}
COMMAND: POST /session/1078df7af42110589ce6729fcfa5b6f8/element - {"using":"xpath","value":"//button[@data-kt=\"saveNewRuleButton\"]"}
RESULT: {"using":"xpath","value":"//button[@data-kt=\"saveNewRuleButton\"]"}
COMMAND: POST /session/1078df7af42110589ce6729fcfa5b6f8/element/f.BA343095ED0ABE7E3673784E64AE5F80.d.CC9C0AC060CABB2C49A552E0BFB8EE6A.e.9745/click - {}
RESULT: {}
COMMAND: GET /session/1078df7af42110589ce6729fcfa5b6f8/screenshot - {}
RESULT: {}
COMMAND: POST /session/1078df7af42110589ce6729fcfa5b6f8/execute/async - {"script":"<script> [1562 bytes]","args":[{"selector":{"id":"application-managepricingrules-display-component---priceInfoItem--smartFilterBar-btnBasicSearch","interaction":{"idSuffix":"I"}},"wdio_ui5_key":"applicationmanagepricingrules-display-component---priceInfoItem--smartFilterBar-btnBasicSearch"}]}
RESULT: {"script":"<script> [1562 bytes]","args":[{"selector":{"id":"application-managepricingrules-display-component---priceInfoItem--smartFilterBar-btnBasicSearch","interaction":{"idSuffix":"I"}},"wdio_ui5_key":"applicationmanagepricingrules-display-component---priceInfoItem--smartFilterBar-btnBasicSearch"}]}
RESULT: undefined
COMMAND: POST /session/1078df7af42110589ce6729fcfa5b6f8/execute/async - {"script":"<script> [776 bytes]","args":[{"enterText":"Dz6MfHZ3TR","selector":{"id":"application-managepricingrules-display-component---priceInfoItem--smartFilterBar-btnBasicSearch","interaction":{"idSuffix":"I"}},"clearTextFirst":true,"interactionType":"ENTER_TEXT"}]}
RESULT: {"script":"<script> [776 bytes]","args":[{"enterText":"Dz6MfHZ3TR","selector":{"id":"application-managepricingrules-display-component---priceInfoItem--smartFilterBar-btnBasicSearch","interaction":{"idSuffix":"I"}},"clearTextFirst":true,"interactionType":"ENTER_TEXT"}]}
COMMAND: POST /session/1078df7af42110589ce6729fcfa5b6f8/actions - {"actions":[{"id":"action29","type":"key","parameters":{},"actions":[{"type":"keyDown","value":""},{"type":"pause","duration":10},{"type":"keyUp","value":""}]}]}
RESULT: {"actions":[{"id":"action29","type":"key","parameters":{},"actions":[{"type":"keyDown","value":""},{"type":"pause","duration":10},{"type":"keyUp","value":""}]}]}
COMMAND: GET /session/1078df7af42110589ce6729fcfa5b6f8/screenshot - {}
RESULT: {}
COMMAND: POST /session/1078df7af42110589ce6729fcfa5b6f8/element - {"using":"xpath","value":"//span[@id=\"application-managepricingrules-display-component---priceInfoItem--smartTable-header-inner\"]"}
RESULT: {"using":"xpath","value":"//span[@id=\"application-managepricingrules-display-component---priceInfoItem--smartTable-header-inner\"]"}
COMMAND: POST /session/1078df7af42110589ce6729fcfa5b6f8/elements - {"using":"xpath","value":"//span[@id=\"application-managepricingrules-display-component---priceInfoItem--smartTable-header-inner\"]"}
RESULT: {"using":"xpath","value":"//span[@id=\"application-managepricingrules-display-component---priceInfoItem--smartTable-header-inner\"]"}
COMMAND: POST /session/1078df7af42110589ce6729fcfa5b6f8/execute/sync - {"script":"<script> [56 bytes]","args":[{"element-6066-11e4-a52e-4f735466cecf":"f.BA343095ED0ABE7E3673784E64AE5F80.d.CC9C0AC060CABB2C49A552E0BFB8EE6A.e.9769","ELEMENT":"f.BA343095ED0ABE7E3673784E64AE5F80.d.CC9C0AC060CABB2C49A552E0BFB8EE6A.e.9769"}]}
RESULT: {"script":"<script> [56 bytes]","args":[{"element-6066-11e4-a52e-4f735466cecf":"f.BA343095ED0ABE7E3673784E64AE5F80.d.CC9C0AC060CABB2C49A552E0BFB8EE6A.e.9769","ELEMENT":"f.BA343095ED0ABE7E3673784E64AE5F80.d.CC9C0AC060CABB2C49A552E0BFB8EE6A.e.9769"}]}
COMMAND: POST /session/1078df7af42110589ce6729fcfa5b6f8/element - {"using":"css selector","value":"#shell-header-logo"}
COMMAND: GET /session/1078df7af42110589ce6729fcfa5b6f8/screenshot - {}
RESULT: {"using":"css selector","value":"#shell-header-logo"}
COMMAND: POST /session/1078df7af42110589ce6729fcfa5b6f8/element/f.BA343095ED0ABE7E3673784E64AE5F80.d.CC9C0AC060CABB2C49A552E0BFB8EE6A.e.8876/click - {}
RESULT: {}
RESULT: {}
COMMAND: GET /session/1078df7af42110589ce6729fcfa5b6f8/screenshot - {}
RESULT: {}
]]></system-out>
    </testcase>
    <testcase classname="chrome.136_0_7103_93.windows.Billing_Transfer_-_Intracompany_US127249" name="Should manage conditions" time="66.729">
      <system-out><![CDATA[
COMMAND: POST /session/1078df7af42110589ce6729fcfa5b6f8/execute/async - {"script":"<script> [1562 bytes]","args":[{"selector":{"controlType":"sap.m.GenericTile","properties":{"header":"Manage Conditions & Prices"}},"wdio_ui5_key":"sapm.GenericTile{\"header\":\"Manage Conditions & Prices\"}"}]}
RESULT: {"script":"<script> [1562 bytes]","args":[{"selector":{"controlType":"sap.m.GenericTile","properties":{"header":"Manage Conditions & Prices"}},"wdio_ui5_key":"sapm.GenericTile{\"header\":\"Manage Conditions & Prices\"}"}]}
RESULT: undefined
COMMAND: POST /session/1078df7af42110589ce6729fcfa5b6f8/element - {"using":"xpath","value":"//*[@id=\"__tile53\"]"}
RESULT: {"using":"xpath","value":"//*[@id=\"__tile53\"]"}
COMMAND: POST /session/1078df7af42110589ce6729fcfa5b6f8/element/f.BA343095ED0ABE7E3673784E64AE5F80.d.CC9C0AC060CABB2C49A552E0BFB8EE6A.e.6367/click - {}
RESULT: {}
COMMAND: GET /session/1078df7af42110589ce6729fcfa5b6f8/screenshot - {}
RESULT: {}
COMMAND: POST /session/1078df7af42110589ce6729fcfa5b6f8/elements - {"using":"xpath","value":"//span[text()='Error']"}
RESULT: {"using":"xpath","value":"//span[text()='Error']"}
COMMAND: POST /session/1078df7af42110589ce6729fcfa5b6f8/element - {"using":"xpath","value":"//button[@aria-label=\"Create\"]"}
RESULT: {"using":"xpath","value":"//button[@aria-label=\"Create\"]"}
COMMAND: POST /session/1078df7af42110589ce6729fcfa5b6f8/elements - {"using":"xpath","value":"//button[@aria-label=\"Create\"]"}
RESULT: {"using":"xpath","value":"//button[@aria-label=\"Create\"]"}
COMMAND: POST /session/1078df7af42110589ce6729fcfa5b6f8/execute/sync - {"script":"<script> [8489 bytes]","args":[{"element-6066-11e4-a52e-4f735466cecf":"f.BA343095ED0ABE7E3673784E64AE5F80.d.CC9C0AC060CABB2C49A552E0BFB8EE6A.e.9804","ELEMENT":"f.BA343095ED0ABE7E3673784E64AE5F80.d.CC9C0AC060CABB2C49A552E0BFB8EE6A.e.9804"}]}
RESULT: {"script":"<script> [8489 bytes]","args":[{"element-6066-11e4-a52e-4f735466cecf":"f.BA343095ED0ABE7E3673784E64AE5F80.d.CC9C0AC060CABB2C49A552E0BFB8EE6A.e.9804","ELEMENT":"f.BA343095ED0ABE7E3673784E64AE5F80.d.CC9C0AC060CABB2C49A552E0BFB8EE6A.e.9804"}]}
COMMAND: GET /session/1078df7af42110589ce6729fcfa5b6f8/element/f.BA343095ED0ABE7E3673784E64AE5F80.d.CC9C0AC060CABB2C49A552E0BFB8EE6A.e.9804/enabled - {}
COMMAND: GET /session/1078df7af42110589ce6729fcfa5b6f8/screenshot - {}
RESULT: {}
COMMAND: POST /session/1078df7af42110589ce6729fcfa5b6f8/execute/sync - {"script":"<script> [8489 bytes]","args":[{"element-6066-11e4-a52e-4f735466cecf":"f.BA343095ED0ABE7E3673784E64AE5F80.d.CC9C0AC060CABB2C49A552E0BFB8EE6A.e.9804","ELEMENT":"f.BA343095ED0ABE7E3673784E64AE5F80.d.CC9C0AC060CABB2C49A552E0BFB8EE6A.e.9804"}]}
COMMAND: GET /session/1078df7af42110589ce6729fcfa5b6f8/screenshot - {}
RESULT: {}
RESULT: {"script":"<script> [8489 bytes]","args":[{"element-6066-11e4-a52e-4f735466cecf":"f.BA343095ED0ABE7E3673784E64AE5F80.d.CC9C0AC060CABB2C49A552E0BFB8EE6A.e.9804","ELEMENT":"f.BA343095ED0ABE7E3673784E64AE5F80.d.CC9C0AC060CABB2C49A552E0BFB8EE6A.e.9804"}]}
COMMAND: POST /session/1078df7af42110589ce6729fcfa5b6f8/execute/sync - {"script":"<script> [5351 bytes]","args":[{"element-6066-11e4-a52e-4f735466cecf":"f.BA343095ED0ABE7E3673784E64AE5F80.d.CC9C0AC060CABB2C49A552E0BFB8EE6A.e.9804","ELEMENT":"f.BA343095ED0ABE7E3673784E64AE5F80.d.CC9C0AC060CABB2C49A552E0BFB8EE6A.e.9804"}]}
COMMAND: GET /session/1078df7af42110589ce6729fcfa5b6f8/screenshot - {}
RESULT: {}
RESULT: {"script":"<script> [5351 bytes]","args":[{"element-6066-11e4-a52e-4f735466cecf":"f.BA343095ED0ABE7E3673784E64AE5F80.d.CC9C0AC060CABB2C49A552E0BFB8EE6A.e.9804","ELEMENT":"f.BA343095ED0ABE7E3673784E64AE5F80.d.CC9C0AC060CABB2C49A552E0BFB8EE6A.e.9804"}]}
COMMAND: POST /session/1078df7af42110589ce6729fcfa5b6f8/element/f.BA343095ED0ABE7E3673784E64AE5F80.d.CC9C0AC060CABB2C49A552E0BFB8EE6A.e.9804/click - {}
COMMAND: GET /session/1078df7af42110589ce6729fcfa5b6f8/screenshot - {}
RESULT: {}
RESULT: {}
COMMAND: GET /session/1078df7af42110589ce6729fcfa5b6f8/screenshot - {}
RESULT: {}
RESULT: {}
COMMAND: POST /session/1078df7af42110589ce6729fcfa5b6f8/actions - {"actions":[{"id":"action30","type":"key","parameters":{},"actions":[{"type":"keyDown","value":""},{"type":"pause","duration":10},{"type":"keyUp","value":""}]}]}
RESULT: {"actions":[{"id":"action30","type":"key","parameters":{},"actions":[{"type":"keyDown","value":""},{"type":"pause","duration":10},{"type":"keyUp","value":""}]}]}
COMMAND: GET /session/1078df7af42110589ce6729fcfa5b6f8/screenshot - {}
RESULT: {}
COMMAND: POST /session/1078df7af42110589ce6729fcfa5b6f8/execute/async - {"script":"<script> [1562 bytes]","args":[{"selector":{"id":"application-manageconditionprice-display-component---newCondition--condBillCond-arrow"},"wdio_ui5_key":"applicationmanageconditionprice-display-component---newCondition--condBillCond-arrow"}]}
RESULT: {"script":"<script> [1562 bytes]","args":[{"selector":{"id":"application-manageconditionprice-display-component---newCondition--condBillCond-arrow"},"wdio_ui5_key":"applicationmanageconditionprice-display-component---newCondition--condBillCond-arrow"}]}
RESULT: undefined
COMMAND: POST /session/1078df7af42110589ce6729fcfa5b6f8/element - {"using":"xpath","value":"//*[@id=\"application-manageconditionprice-display-component---newCondition--condBillCond-arrow\"]"}
RESULT: {"using":"xpath","value":"//*[@id=\"application-manageconditionprice-display-component---newCondition--condBillCond-arrow\"]"}
COMMAND: POST /session/1078df7af42110589ce6729fcfa5b6f8/element/f.BA343095ED0ABE7E3673784E64AE5F80.d.CC9C0AC060CABB2C49A552E0BFB8EE6A.e.9983/click - {}
RESULT: {}
COMMAND: GET /session/1078df7af42110589ce6729fcfa5b6f8/screenshot - {}
RESULT: {}
COMMAND: POST /session/1078df7af42110589ce6729fcfa5b6f8/element - {"using":"xpath","value":"//li[.//span[contains(text(), \"DISP - D&I special price\")]]"}
RESULT: {"using":"xpath","value":"//li[.//span[contains(text(), \"DISP - D&I special price\")]]"}
COMMAND: POST /session/1078df7af42110589ce6729fcfa5b6f8/element/f.BA343095ED0ABE7E3673784E64AE5F80.d.CC9C0AC060CABB2C49A552E0BFB8EE6A.e.9986/click - {}
RESULT: {}
COMMAND: GET /session/1078df7af42110589ce6729fcfa5b6f8/screenshot - {}
RESULT: {}
COMMAND: POST /session/1078df7af42110589ce6729fcfa5b6f8/execute/async - {"script":"<script> [1562 bytes]","args":[{"selector":{"id":"application-manageconditionprice-display-component---newCondition--condValidTo","interaction":{"idSuffix":"inner"}},"wdio_ui5_key":"applicationmanageconditionprice-display-component---newCondition--condValidTo"}]}
RESULT: {"script":"<script> [1562 bytes]","args":[{"selector":{"id":"application-manageconditionprice-display-component---newCondition--condValidTo","interaction":{"idSuffix":"inner"}},"wdio_ui5_key":"applicationmanageconditionprice-display-component---newCondition--condValidTo"}]}
RESULT: undefined
COMMAND: POST /session/1078df7af42110589ce6729fcfa5b6f8/execute/async - {"script":"<script> [776 bytes]","args":[{"enterText":"2/1/26","selector":{"id":"application-manageconditionprice-display-component---newCondition--condValidTo","interaction":{"idSuffix":"inner"}},"clearTextFirst":true,"interactionType":"ENTER_TEXT"}]}
RESULT: {"script":"<script> [776 bytes]","args":[{"enterText":"2/1/26","selector":{"id":"application-manageconditionprice-display-component---newCondition--condValidTo","interaction":{"idSuffix":"inner"}},"clearTextFirst":true,"interactionType":"ENTER_TEXT"}]}
COMMAND: POST /session/1078df7af42110589ce6729fcfa5b6f8/element - {"using":"xpath","value":"//input[@id=\"application-manageconditionprice-display-component---newCondition--condRU-inner\"]"}
RESULT: {"using":"xpath","value":"//input[@id=\"application-manageconditionprice-display-component---newCondition--condRU-inner\"]"}
COMMAND: POST /session/1078df7af42110589ce6729fcfa5b6f8/element/f.BA343095ED0ABE7E3673784E64AE5F80.d.CC9C0AC060CABB2C49A552E0BFB8EE6A.e.9848/clear - {}
RESULT: {}
COMMAND: POST /session/1078df7af42110589ce6729fcfa5b6f8/element/f.BA343095ED0ABE7E3673784E64AE5F80.d.CC9C0AC060CABB2C49A552E0BFB8EE6A.e.9848/value - {"text":"Dz6MfHZ3TR"}
COMMAND: GET /session/1078df7af42110589ce6729fcfa5b6f8/screenshot - {}
RESULT: {"text":"Dz6MfHZ3TR"}
COMMAND: GET /session/1078df7af42110589ce6729fcfa5b6f8/screenshot - {}
RESULT: {}
RESULT: {}
COMMAND: POST /session/1078df7af42110589ce6729fcfa5b6f8/actions - {"actions":[{"id":"action31","type":"key","parameters":{},"actions":[{"type":"keyDown","value":""},{"type":"pause","duration":10},{"type":"keyUp","value":""}]}]}
RESULT: {"actions":[{"id":"action31","type":"key","parameters":{},"actions":[{"type":"keyDown","value":""},{"type":"pause","duration":10},{"type":"keyUp","value":""}]}]}
COMMAND: POST /session/1078df7af42110589ce6729fcfa5b6f8/execute/async - {"script":"<script> [1562 bytes]","args":[{"selector":{"id":"application-manageconditionprice-display-component---newCondition--condBaseQty","interaction":{"idSuffix":"inner"}},"wdio_ui5_key":"applicationmanageconditionprice-display-component---newCondition--condBaseQty"}]}
COMMAND: GET /session/1078df7af42110589ce6729fcfa5b6f8/screenshot - {}
RESULT: {"script":"<script> [1562 bytes]","args":[{"selector":{"id":"application-manageconditionprice-display-component---newCondition--condBaseQty","interaction":{"idSuffix":"inner"}},"wdio_ui5_key":"applicationmanageconditionprice-display-component---newCondition--condBaseQty"}]}
RESULT: undefined
COMMAND: POST /session/1078df7af42110589ce6729fcfa5b6f8/execute/async - {"script":"<script> [776 bytes]","args":[{"enterText":"1","selector":{"id":"application-manageconditionprice-display-component---newCondition--condBaseQty","interaction":{"idSuffix":"inner"}},"clearTextFirst":true,"interactionType":"ENTER_TEXT"}]}
RESULT: {}
RESULT: {"script":"<script> [776 bytes]","args":[{"enterText":"1","selector":{"id":"application-manageconditionprice-display-component---newCondition--condBaseQty","interaction":{"idSuffix":"inner"}},"clearTextFirst":true,"interactionType":"ENTER_TEXT"}]}
COMMAND: POST /session/1078df7af42110589ce6729fcfa5b6f8/execute/async - {"script":"<script> [1562 bytes]","args":[{"selector":{"id":"application-manageconditionprice-display-component---newCondition--condValue","interaction":{"idSuffix":"inner"}},"wdio_ui5_key":"applicationmanageconditionprice-display-component---newCondition--condValue"}]}
RESULT: {"script":"<script> [1562 bytes]","args":[{"selector":{"id":"application-manageconditionprice-display-component---newCondition--condValue","interaction":{"idSuffix":"inner"}},"wdio_ui5_key":"applicationmanageconditionprice-display-component---newCondition--condValue"}]}
RESULT: undefined
COMMAND: POST /session/1078df7af42110589ce6729fcfa5b6f8/execute/async - {"script":"<script> [776 bytes]","args":[{"enterText":"200","selector":{"id":"application-manageconditionprice-display-component---newCondition--condValue","interaction":{"idSuffix":"inner"}},"clearTextFirst":true,"interactionType":"ENTER_TEXT"}]}
RESULT: {"script":"<script> [776 bytes]","args":[{"enterText":"200","selector":{"id":"application-manageconditionprice-display-component---newCondition--condValue","interaction":{"idSuffix":"inner"}},"clearTextFirst":true,"interactionType":"ENTER_TEXT"}]}
COMMAND: POST /session/1078df7af42110589ce6729fcfa5b6f8/execute/async - {"script":"<script> [1562 bytes]","args":[{"selector":{"id":"application-manageconditionprice-display-component---newCondition--condCurr-arrow"},"wdio_ui5_key":"applicationmanageconditionprice-display-component---newCondition--condCurr-arrow"}]}
RESULT: {"script":"<script> [1562 bytes]","args":[{"selector":{"id":"application-manageconditionprice-display-component---newCondition--condCurr-arrow"},"wdio_ui5_key":"applicationmanageconditionprice-display-component---newCondition--condCurr-arrow"}]}
RESULT: undefined
COMMAND: POST /session/1078df7af42110589ce6729fcfa5b6f8/element - {"using":"xpath","value":"//*[@id=\"application-manageconditionprice-display-component---newCondition--condCurr-arrow\"]"}
RESULT: {"using":"xpath","value":"//*[@id=\"application-manageconditionprice-display-component---newCondition--condCurr-arrow\"]"}
COMMAND: POST /session/1078df7af42110589ce6729fcfa5b6f8/element/f.BA343095ED0ABE7E3673784E64AE5F80.d.CC9C0AC060CABB2C49A552E0BFB8EE6A.e.9948/click - {}
RESULT: {}
COMMAND: POST /session/1078df7af42110589ce6729fcfa5b6f8/element - {"using":"xpath","value":"//span[contains(text(), \"Euro\")]"}
COMMAND: GET /session/1078df7af42110589ce6729fcfa5b6f8/screenshot - {}
RESULT: {"using":"xpath","value":"//span[contains(text(), \"Euro\")]"}
COMMAND: POST /session/1078df7af42110589ce6729fcfa5b6f8/element/f.BA343095ED0ABE7E3673784E64AE5F80.d.CC9C0AC060CABB2C49A552E0BFB8EE6A.e.10023/click - {}
RESULT: {}
RESULT: {}
COMMAND: POST /session/1078df7af42110589ce6729fcfa5b6f8/element - {"using":"xpath","value":"//button[@data-kt=\"saveButton\"]"}
COMMAND: GET /session/1078df7af42110589ce6729fcfa5b6f8/screenshot - {}
RESULT: {"using":"xpath","value":"//button[@data-kt=\"saveButton\"]"}
COMMAND: POST /session/1078df7af42110589ce6729fcfa5b6f8/element/f.BA343095ED0ABE7E3673784E64AE5F80.d.CC9C0AC060CABB2C49A552E0BFB8EE6A.e.9949/click - {}
RESULT: {}
RESULT: {}
COMMAND: GET /session/1078df7af42110589ce6729fcfa5b6f8/screenshot - {}
RESULT: {}
COMMAND: POST /session/1078df7af42110589ce6729fcfa5b6f8/execute/async - {"script":"<script> [1562 bytes]","args":[{"selector":{"id":"application-manageconditionprice-display-component---conditions--smartFilterBar-btnBasicSearch","interaction":{"idSuffix":"I"}},"wdio_ui5_key":"applicationmanageconditionprice-display-component---conditions--smartFilterBar-btnBasicSearch"}]}
RESULT: {"script":"<script> [1562 bytes]","args":[{"selector":{"id":"application-manageconditionprice-display-component---conditions--smartFilterBar-btnBasicSearch","interaction":{"idSuffix":"I"}},"wdio_ui5_key":"applicationmanageconditionprice-display-component---conditions--smartFilterBar-btnBasicSearch"}]}
RESULT: undefined
COMMAND: POST /session/1078df7af42110589ce6729fcfa5b6f8/execute/async - {"script":"<script> [776 bytes]","args":[{"enterText":"Dz6MfHZ3TR","selector":{"id":"application-manageconditionprice-display-component---conditions--smartFilterBar-btnBasicSearch","interaction":{"idSuffix":"I"}},"clearTextFirst":true,"interactionType":"ENTER_TEXT"}]}
RESULT: {"script":"<script> [776 bytes]","args":[{"enterText":"Dz6MfHZ3TR","selector":{"id":"application-manageconditionprice-display-component---conditions--smartFilterBar-btnBasicSearch","interaction":{"idSuffix":"I"}},"clearTextFirst":true,"interactionType":"ENTER_TEXT"}]}
COMMAND: POST /session/1078df7af42110589ce6729fcfa5b6f8/actions - {"actions":[{"id":"action32","type":"key","parameters":{},"actions":[{"type":"keyDown","value":""},{"type":"pause","duration":10},{"type":"keyUp","value":""}]}]}
RESULT: {"actions":[{"id":"action32","type":"key","parameters":{},"actions":[{"type":"keyDown","value":""},{"type":"pause","duration":10},{"type":"keyUp","value":""}]}]}
COMMAND: GET /session/1078df7af42110589ce6729fcfa5b6f8/screenshot - {}
RESULT: {}
COMMAND: POST /session/1078df7af42110589ce6729fcfa5b6f8/execute/async - {"script":"<script> [1562 bytes]","args":[{"selector":{"id":"application-manageconditionprice-display-component---conditions--smartFilterBar-filterItemControl_BASIC-BILL_TYPES-vhi"},"wdio_ui5_key":"applicationmanageconditionprice-display-component---conditions--smartFilterBar-filterItemControl_BASIC-BILL_TYPES-vhi"}]}
RESULT: {"script":"<script> [1562 bytes]","args":[{"selector":{"id":"application-manageconditionprice-display-component---conditions--smartFilterBar-filterItemControl_BASIC-BILL_TYPES-vhi"},"wdio_ui5_key":"applicationmanageconditionprice-display-component---conditions--smartFilterBar-filterItemControl_BASIC-BILL_TYPES-vhi"}]}
RESULT: undefined
COMMAND: POST /session/1078df7af42110589ce6729fcfa5b6f8/element - {"using":"xpath","value":"//*[@id=\"application-manageconditionprice-display-component---conditions--smartFilterBar-filterItemControl_BASIC-BILL_TYPES-vhi\"]"}
RESULT: {"using":"xpath","value":"//*[@id=\"application-manageconditionprice-display-component---conditions--smartFilterBar-filterItemControl_BASIC-BILL_TYPES-vhi\"]"}
COMMAND: POST /session/1078df7af42110589ce6729fcfa5b6f8/element/f.BA343095ED0ABE7E3673784E64AE5F80.d.CC9C0AC060CABB2C49A552E0BFB8EE6A.e.10040/click - {}
RESULT: {}
COMMAND: POST /session/1078df7af42110589ce6729fcfa5b6f8/execute/async - {"script":"<script> [1562 bytes]","args":[{"selector":{"id":"application-manageconditionprice-display-component---conditions--smartFilterBar-filterItemControl_BASIC-BILL_TYPES-valueHelpDialog-smartFilterBar-btnBasicSearch","searchOpenDialogs":true,"interaction":{"idSuffix":"I"}},"wdio_ui5_key":"applicationmanageconditionprice-display-component---conditions--smartFilterBar-filterItemControl_BASIC-BILL_TYPES-valueHelpDialog-smartFilterBar-btnBasicSearch"}]}
COMMAND: GET /session/1078df7af42110589ce6729fcfa5b6f8/screenshot - {}
RESULT: {"script":"<script> [1562 bytes]","args":[{"selector":{"id":"application-manageconditionprice-display-component---conditions--smartFilterBar-filterItemControl_BASIC-BILL_TYPES-valueHelpDialog-smartFilterBar-btnBasicSearch","searchOpenDialogs":true,"interaction":{"idSuffix":"I"}},"wdio_ui5_key":"applicationmanageconditionprice-display-component---conditions--smartFilterBar-filterItemControl_BASIC-BILL_TYPES-valueHelpDialog-smartFilterBar-btnBasicSearch"}]}
RESULT: undefined
COMMAND: POST /session/1078df7af42110589ce6729fcfa5b6f8/execute/async - {"script":"<script> [776 bytes]","args":[{"enterText":"TB","selector":{"id":"application-manageconditionprice-display-component---conditions--smartFilterBar-filterItemControl_BASIC-BILL_TYPES-valueHelpDialog-smartFilterBar-btnBasicSearch","searchOpenDialogs":true,"interaction":{"idSuffix":"I"}},"clearTextFirst":true,"interactionType":"ENTER_TEXT"}]}
RESULT: {}
RESULT: {"script":"<script> [776 bytes]","args":[{"enterText":"TB","selector":{"id":"application-manageconditionprice-display-component---conditions--smartFilterBar-filterItemControl_BASIC-BILL_TYPES-valueHelpDialog-smartFilterBar-btnBasicSearch","searchOpenDialogs":true,"interaction":{"idSuffix":"I"}},"clearTextFirst":true,"interactionType":"ENTER_TEXT"}]}
COMMAND: POST /session/1078df7af42110589ce6729fcfa5b6f8/actions - {"actions":[{"id":"action33","type":"key","parameters":{},"actions":[{"type":"keyDown","value":""},{"type":"pause","duration":10},{"type":"keyUp","value":""}]}]}
RESULT: {"actions":[{"id":"action33","type":"key","parameters":{},"actions":[{"type":"keyDown","value":""},{"type":"pause","duration":10},{"type":"keyUp","value":""}]}]}
COMMAND: GET /session/1078df7af42110589ce6729fcfa5b6f8/screenshot - {}
RESULT: {}
COMMAND: POST /session/1078df7af42110589ce6729fcfa5b6f8/element - {"using":"xpath","value":"//div[contains(@id, 'application-manageconditionprice-display-component---conditions--smartFilterBar-filterItemControl_BASIC-BILL_TYPES-valueHelpDialog-table-rowsel0')]"}
RESULT: {"using":"xpath","value":"//div[contains(@id, 'application-manageconditionprice-display-component---conditions--smartFilterBar-filterItemControl_BASIC-BILL_TYPES-valueHelpDialog-table-rowsel0')]"}
COMMAND: POST /session/1078df7af42110589ce6729fcfa5b6f8/element/f.BA343095ED0ABE7E3673784E64AE5F80.d.CC9C0AC060CABB2C49A552E0BFB8EE6A.e.10049/click - {}
RESULT: {}
COMMAND: GET /session/1078df7af42110589ce6729fcfa5b6f8/screenshot - {}
RESULT: {}
COMMAND: POST /session/1078df7af42110589ce6729fcfa5b6f8/element - {"using":"xpath","value":"//bdi[contains(text(), \"OK\")]"}
RESULT: {"using":"xpath","value":"//bdi[contains(text(), \"OK\")]"}
COMMAND: POST /session/1078df7af42110589ce6729fcfa5b6f8/element/f.BA343095ED0ABE7E3673784E64AE5F80.d.CC9C0AC060CABB2C49A552E0BFB8EE6A.e.10051/click - {}
RESULT: {}
COMMAND: GET /session/1078df7af42110589ce6729fcfa5b6f8/screenshot - {}
RESULT: {}
COMMAND: POST /session/1078df7af42110589ce6729fcfa5b6f8/element - {"using":"xpath","value":"//span[@id=\"application-manageconditionprice-display-component---conditions--smartTable-header-inner\"]"}
RESULT: {"using":"xpath","value":"//span[@id=\"application-manageconditionprice-display-component---conditions--smartTable-header-inner\"]"}
COMMAND: POST /session/1078df7af42110589ce6729fcfa5b6f8/elements - {"using":"xpath","value":"//span[@id=\"application-manageconditionprice-display-component---conditions--smartTable-header-inner\"]"}
RESULT: {"using":"xpath","value":"//span[@id=\"application-manageconditionprice-display-component---conditions--smartTable-header-inner\"]"}
COMMAND: POST /session/1078df7af42110589ce6729fcfa5b6f8/execute/sync - {"script":"<script> [56 bytes]","args":[{"element-6066-11e4-a52e-4f735466cecf":"f.BA343095ED0ABE7E3673784E64AE5F80.d.CC9C0AC060CABB2C49A552E0BFB8EE6A.e.10054","ELEMENT":"f.BA343095ED0ABE7E3673784E64AE5F80.d.CC9C0AC060CABB2C49A552E0BFB8EE6A.e.10054"}]}
RESULT: {"script":"<script> [56 bytes]","args":[{"element-6066-11e4-a52e-4f735466cecf":"f.BA343095ED0ABE7E3673784E64AE5F80.d.CC9C0AC060CABB2C49A552E0BFB8EE6A.e.10054","ELEMENT":"f.BA343095ED0ABE7E3673784E64AE5F80.d.CC9C0AC060CABB2C49A552E0BFB8EE6A.e.10054"}]}
COMMAND: POST /session/1078df7af42110589ce6729fcfa5b6f8/element - {"using":"css selector","value":"#shell-header-logo"}
COMMAND: GET /session/1078df7af42110589ce6729fcfa5b6f8/screenshot - {}
RESULT: {"using":"css selector","value":"#shell-header-logo"}
COMMAND: POST /session/1078df7af42110589ce6729fcfa5b6f8/element/f.BA343095ED0ABE7E3673784E64AE5F80.d.CC9C0AC060CABB2C49A552E0BFB8EE6A.e.9772/click - {}
RESULT: {}
RESULT: {}
COMMAND: GET /session/1078df7af42110589ce6729fcfa5b6f8/screenshot - {}
RESULT: {}
]]></system-out>
    </testcase>
    <testcase classname="chrome.136_0_7103_93.windows.Billing_Transfer_-_Intracompany_US127249" name="Should do a stock increase handover" time="91.415">
      <failure/>
      <error message="Can't call click on element with selector &quot;//li[.//span[contains(text(),'560 -')]]&quot; because element wasn't found"/>
      <system-out><![CDATA[
COMMAND: POST /session/1078df7af42110589ce6729fcfa5b6f8/execute/async - {"script":"<script> [1562 bytes]","args":[{"selector":{"controlType":"sap.m.GenericTile","properties":{"header":"Manage Handovers"}},"wdio_ui5_key":"sapm.GenericTile{\"header\":\"Manage Handovers\"}"}]}
RESULT: {"script":"<script> [1562 bytes]","args":[{"selector":{"controlType":"sap.m.GenericTile","properties":{"header":"Manage Handovers"}},"wdio_ui5_key":"sapm.GenericTile{\"header\":\"Manage Handovers\"}"}]}
RESULT: undefined
COMMAND: POST /session/1078df7af42110589ce6729fcfa5b6f8/element - {"using":"xpath","value":"//*[@id=\"__tile132\"]"}
RESULT: {"using":"xpath","value":"//*[@id=\"__tile132\"]"}
COMMAND: POST /session/1078df7af42110589ce6729fcfa5b6f8/element/f.BA343095ED0ABE7E3673784E64AE5F80.d.CC9C0AC060CABB2C49A552E0BFB8EE6A.e.6397/click - {}
RESULT: {}
COMMAND: GET /session/1078df7af42110589ce6729fcfa5b6f8/screenshot - {}
RESULT: {}
COMMAND: POST /session/1078df7af42110589ce6729fcfa5b6f8/elements - {"using":"xpath","value":"//span[text()='Error']"}
RESULT: {"using":"xpath","value":"//span[text()='Error']"}
COMMAND: POST /session/1078df7af42110589ce6729fcfa5b6f8/element - {"using":"xpath","value":"//button[@data-kt=\"masterHOAddButton\"]"}
RESULT: {"using":"xpath","value":"//button[@data-kt=\"masterHOAddButton\"]"}
COMMAND: POST /session/1078df7af42110589ce6729fcfa5b6f8/elements - {"using":"xpath","value":"//button[@data-kt=\"masterHOAddButton\"]"}
RESULT: {"using":"xpath","value":"//button[@data-kt=\"masterHOAddButton\"]"}
COMMAND: POST /session/1078df7af42110589ce6729fcfa5b6f8/execute/sync - {"script":"<script> [8489 bytes]","args":[{"element-6066-11e4-a52e-4f735466cecf":"f.BA343095ED0ABE7E3673784E64AE5F80.d.CC9C0AC060CABB2C49A552E0BFB8EE6A.e.10093","ELEMENT":"f.BA343095ED0ABE7E3673784E64AE5F80.d.CC9C0AC060CABB2C49A552E0BFB8EE6A.e.10093"}]}
RESULT: {"script":"<script> [8489 bytes]","args":[{"element-6066-11e4-a52e-4f735466cecf":"f.BA343095ED0ABE7E3673784E64AE5F80.d.CC9C0AC060CABB2C49A552E0BFB8EE6A.e.10093","ELEMENT":"f.BA343095ED0ABE7E3673784E64AE5F80.d.CC9C0AC060CABB2C49A552E0BFB8EE6A.e.10093"}]}
COMMAND: GET /session/1078df7af42110589ce6729fcfa5b6f8/element/f.BA343095ED0ABE7E3673784E64AE5F80.d.CC9C0AC060CABB2C49A552E0BFB8EE6A.e.10093/enabled - {}
COMMAND: GET /session/1078df7af42110589ce6729fcfa5b6f8/screenshot - {}
RESULT: {}
COMMAND: POST /session/1078df7af42110589ce6729fcfa5b6f8/execute/sync - {"script":"<script> [8489 bytes]","args":[{"element-6066-11e4-a52e-4f735466cecf":"f.BA343095ED0ABE7E3673784E64AE5F80.d.CC9C0AC060CABB2C49A552E0BFB8EE6A.e.10093","ELEMENT":"f.BA343095ED0ABE7E3673784E64AE5F80.d.CC9C0AC060CABB2C49A552E0BFB8EE6A.e.10093"}]}
COMMAND: GET /session/1078df7af42110589ce6729fcfa5b6f8/screenshot - {}
RESULT: {}
RESULT: {"script":"<script> [8489 bytes]","args":[{"element-6066-11e4-a52e-4f735466cecf":"f.BA343095ED0ABE7E3673784E64AE5F80.d.CC9C0AC060CABB2C49A552E0BFB8EE6A.e.10093","ELEMENT":"f.BA343095ED0ABE7E3673784E64AE5F80.d.CC9C0AC060CABB2C49A552E0BFB8EE6A.e.10093"}]}
COMMAND: POST /session/1078df7af42110589ce6729fcfa5b6f8/execute/sync - {"script":"<script> [5351 bytes]","args":[{"element-6066-11e4-a52e-4f735466cecf":"f.BA343095ED0ABE7E3673784E64AE5F80.d.CC9C0AC060CABB2C49A552E0BFB8EE6A.e.10093","ELEMENT":"f.BA343095ED0ABE7E3673784E64AE5F80.d.CC9C0AC060CABB2C49A552E0BFB8EE6A.e.10093"}]}
COMMAND: GET /session/1078df7af42110589ce6729fcfa5b6f8/screenshot - {}
RESULT: {}
RESULT: {"script":"<script> [5351 bytes]","args":[{"element-6066-11e4-a52e-4f735466cecf":"f.BA343095ED0ABE7E3673784E64AE5F80.d.CC9C0AC060CABB2C49A552E0BFB8EE6A.e.10093","ELEMENT":"f.BA343095ED0ABE7E3673784E64AE5F80.d.CC9C0AC060CABB2C49A552E0BFB8EE6A.e.10093"}]}
COMMAND: POST /session/1078df7af42110589ce6729fcfa5b6f8/element/f.BA343095ED0ABE7E3673784E64AE5F80.d.CC9C0AC060CABB2C49A552E0BFB8EE6A.e.10093/click - {}
COMMAND: GET /session/1078df7af42110589ce6729fcfa5b6f8/screenshot - {}
RESULT: {}
RESULT: {}
COMMAND: GET /session/1078df7af42110589ce6729fcfa5b6f8/screenshot - {}
RESULT: {}
RESULT: {}
COMMAND: POST /session/1078df7af42110589ce6729fcfa5b6f8/element - {"using":"xpath","value":"//span[contains(@id ,\"AddNewHO--typeSelect-arrow\")]"}
RESULT: {"using":"xpath","value":"//span[contains(@id ,\"AddNewHO--typeSelect-arrow\")]"}
COMMAND: POST /session/1078df7af42110589ce6729fcfa5b6f8/element/f.BA343095ED0ABE7E3673784E64AE5F80.d.CC9C0AC060CABB2C49A552E0BFB8EE6A.e.10450/click - {}
RESULT: {}
COMMAND: GET /session/1078df7af42110589ce6729fcfa5b6f8/screenshot - {}
RESULT: {}
COMMAND: POST /session/1078df7af42110589ce6729fcfa5b6f8/element - {"using":"xpath","value":"(//li[contains(text(), \"stock increase yard\")])[1]"}
RESULT: {"using":"xpath","value":"(//li[contains(text(), \"stock increase yard\")])[1]"}
COMMAND: POST /session/1078df7af42110589ce6729fcfa5b6f8/element/f.BA343095ED0ABE7E3673784E64AE5F80.d.CC9C0AC060CABB2C49A552E0BFB8EE6A.e.10451/click - {}
RESULT: {}
COMMAND: GET /session/1078df7af42110589ce6729fcfa5b6f8/screenshot - {}
RESULT: {}
COMMAND: POST /session/1078df7af42110589ce6729fcfa5b6f8/execute/async - {"script":"<script> [1562 bytes]","args":[{"selector":{"id":"application-managehandovers-display-component---AddNewHO--dueDate","interaction":{"idSuffix":"inner"}},"wdio_ui5_key":"applicationmanagehandovers-display-component---AddNewHO--dueDate"}]}
RESULT: {"script":"<script> [1562 bytes]","args":[{"selector":{"id":"application-managehandovers-display-component---AddNewHO--dueDate","interaction":{"idSuffix":"inner"}},"wdio_ui5_key":"applicationmanagehandovers-display-component---AddNewHO--dueDate"}]}
RESULT: undefined
COMMAND: POST /session/1078df7af42110589ce6729fcfa5b6f8/execute/async - {"script":"<script> [6424 bytes]","args":[{"element-6066-11e4-a52e-4f735466cecf":"f.BA343095ED0ABE7E3673784E64AE5F80.d.CC9C0AC060CABB2C49A552E0BFB8EE6A.e.10453"},"setValue",["6/1/25"]]}
RESULT: {"script":"<script> [6424 bytes]","args":[{"element-6066-11e4-a52e-4f735466cecf":"f.BA343095ED0ABE7E3673784E64AE5F80.d.CC9C0AC060CABB2C49A552E0BFB8EE6A.e.10453"},"setValue",["6/1/25"]]}
COMMAND: POST /session/1078df7af42110589ce6729fcfa5b6f8/element - {"using":"xpath","value":"//input[@id=\"generalSectionFrg--receiveYard-inner\"]"}
RESULT: {"using":"xpath","value":"//input[@id=\"generalSectionFrg--receiveYard-inner\"]"}
COMMAND: POST /session/1078df7af42110589ce6729fcfa5b6f8/element/f.BA343095ED0ABE7E3673784E64AE5F80.d.CC9C0AC060CABB2C49A552E0BFB8EE6A.e.10459/clear - {}
RESULT: {}
COMMAND: POST /session/1078df7af42110589ce6729fcfa5b6f8/element/f.BA343095ED0ABE7E3673784E64AE5F80.d.CC9C0AC060CABB2C49A552E0BFB8EE6A.e.10459/value - {"text":"560"}
COMMAND: GET /session/1078df7af42110589ce6729fcfa5b6f8/screenshot - {}
RESULT: {"text":"560"}
COMMAND: GET /session/1078df7af42110589ce6729fcfa5b6f8/screenshot - {}
RESULT: {}
RESULT: {}
COMMAND: POST /session/1078df7af42110589ce6729fcfa5b6f8/element - {"using":"xpath","value":"//li[.//span[contains(text(),'560 -')]]"}
RESULT: {"using":"xpath","value":"//li[.//span[contains(text(),'560 -')]]"}
COMMAND: POST /session/1078df7af42110589ce6729fcfa5b6f8/elements - {"using":"xpath","value":"//li[.//span[contains(text(),'560 -')]]"}
RESULT: {"using":"xpath","value":"//li[.//span[contains(text(),'560 -')]]"}
COMMAND: POST /session/1078df7af42110589ce6729fcfa5b6f8/elements - {"using":"xpath","value":"//li[.//span[contains(text(),'560 -')]]"}
RESULT: {"using":"xpath","value":"//li[.//span[contains(text(),'560 -')]]"}
COMMAND: POST /session/1078df7af42110589ce6729fcfa5b6f8/elements - {"using":"xpath","value":"//li[.//span[contains(text(),'560 -')]]"}
RESULT: {"using":"xpath","value":"//li[.//span[contains(text(),'560 -')]]"}
COMMAND: POST /session/1078df7af42110589ce6729fcfa5b6f8/elements - {"using":"xpath","value":"//li[.//span[contains(text(),'560 -')]]"}
RESULT: {"using":"xpath","value":"//li[.//span[contains(text(),'560 -')]]"}
COMMAND: POST /session/1078df7af42110589ce6729fcfa5b6f8/elements - {"using":"xpath","value":"//li[.//span[contains(text(),'560 -')]]"}
RESULT: {"using":"xpath","value":"//li[.//span[contains(text(),'560 -')]]"}
COMMAND: POST /session/1078df7af42110589ce6729fcfa5b6f8/elements - {"using":"xpath","value":"//li[.//span[contains(text(),'560 -')]]"}
RESULT: {"using":"xpath","value":"//li[.//span[contains(text(),'560 -')]]"}
COMMAND: POST /session/1078df7af42110589ce6729fcfa5b6f8/elements - {"using":"xpath","value":"//li[.//span[contains(text(),'560 -')]]"}
RESULT: {"using":"xpath","value":"//li[.//span[contains(text(),'560 -')]]"}
COMMAND: POST /session/1078df7af42110589ce6729fcfa5b6f8/elements - {"using":"xpath","value":"//li[.//span[contains(text(),'560 -')]]"}
RESULT: {"using":"xpath","value":"//li[.//span[contains(text(),'560 -')]]"}
COMMAND: POST /session/1078df7af42110589ce6729fcfa5b6f8/elements - {"using":"xpath","value":"//li[.//span[contains(text(),'560 -')]]"}
RESULT: {"using":"xpath","value":"//li[.//span[contains(text(),'560 -')]]"}
COMMAND: POST /session/1078df7af42110589ce6729fcfa5b6f8/elements - {"using":"xpath","value":"//li[.//span[contains(text(),'560 -')]]"}
RESULT: {"using":"xpath","value":"//li[.//span[contains(text(),'560 -')]]"}
COMMAND: POST /session/1078df7af42110589ce6729fcfa5b6f8/elements - {"using":"xpath","value":"//li[.//span[contains(text(),'560 -')]]"}
RESULT: {"using":"xpath","value":"//li[.//span[contains(text(),'560 -')]]"}
COMMAND: POST /session/1078df7af42110589ce6729fcfa5b6f8/elements - {"using":"xpath","value":"//li[.//span[contains(text(),'560 -')]]"}
RESULT: {"using":"xpath","value":"//li[.//span[contains(text(),'560 -')]]"}
COMMAND: POST /session/1078df7af42110589ce6729fcfa5b6f8/elements - {"using":"xpath","value":"//li[.//span[contains(text(),'560 -')]]"}
RESULT: {"using":"xpath","value":"//li[.//span[contains(text(),'560 -')]]"}
COMMAND: POST /session/1078df7af42110589ce6729fcfa5b6f8/elements - {"using":"xpath","value":"//li[.//span[contains(text(),'560 -')]]"}
RESULT: {"using":"xpath","value":"//li[.//span[contains(text(),'560 -')]]"}
COMMAND: POST /session/1078df7af42110589ce6729fcfa5b6f8/elements - {"using":"xpath","value":"//li[.//span[contains(text(),'560 -')]]"}
RESULT: {"using":"xpath","value":"//li[.//span[contains(text(),'560 -')]]"}
COMMAND: POST /session/1078df7af42110589ce6729fcfa5b6f8/elements - {"using":"xpath","value":"//li[.//span[contains(text(),'560 -')]]"}
RESULT: {"using":"xpath","value":"//li[.//span[contains(text(),'560 -')]]"}
COMMAND: POST /session/1078df7af42110589ce6729fcfa5b6f8/elements - {"using":"xpath","value":"//li[.//span[contains(text(),'560 -')]]"}
RESULT: {"using":"xpath","value":"//li[.//span[contains(text(),'560 -')]]"}
COMMAND: POST /session/1078df7af42110589ce6729fcfa5b6f8/elements - {"using":"xpath","value":"//li[.//span[contains(text(),'560 -')]]"}
RESULT: {"using":"xpath","value":"//li[.//span[contains(text(),'560 -')]]"}
COMMAND: POST /session/1078df7af42110589ce6729fcfa5b6f8/elements - {"using":"xpath","value":"//li[.//span[contains(text(),'560 -')]]"}
RESULT: {"using":"xpath","value":"//li[.//span[contains(text(),'560 -')]]"}
COMMAND: POST /session/1078df7af42110589ce6729fcfa5b6f8/elements - {"using":"xpath","value":"//li[.//span[contains(text(),'560 -')]]"}
RESULT: {"using":"xpath","value":"//li[.//span[contains(text(),'560 -')]]"}
COMMAND: POST /session/1078df7af42110589ce6729fcfa5b6f8/elements - {"using":"xpath","value":"//li[.//span[contains(text(),'560 -')]]"}
RESULT: {"using":"xpath","value":"//li[.//span[contains(text(),'560 -')]]"}
COMMAND: POST /session/1078df7af42110589ce6729fcfa5b6f8/elements - {"using":"xpath","value":"//li[.//span[contains(text(),'560 -')]]"}
RESULT: {"using":"xpath","value":"//li[.//span[contains(text(),'560 -')]]"}
COMMAND: POST /session/1078df7af42110589ce6729fcfa5b6f8/elements - {"using":"xpath","value":"//li[.//span[contains(text(),'560 -')]]"}
RESULT: {"using":"xpath","value":"//li[.//span[contains(text(),'560 -')]]"}
COMMAND: POST /session/1078df7af42110589ce6729fcfa5b6f8/elements - {"using":"xpath","value":"//li[.//span[contains(text(),'560 -')]]"}
RESULT: {"using":"xpath","value":"//li[.//span[contains(text(),'560 -')]]"}
COMMAND: POST /session/1078df7af42110589ce6729fcfa5b6f8/elements - {"using":"xpath","value":"//li[.//span[contains(text(),'560 -')]]"}
RESULT: {"using":"xpath","value":"//li[.//span[contains(text(),'560 -')]]"}
COMMAND: POST /session/1078df7af42110589ce6729fcfa5b6f8/elements - {"using":"xpath","value":"//li[.//span[contains(text(),'560 -')]]"}
RESULT: {"using":"xpath","value":"//li[.//span[contains(text(),'560 -')]]"}
COMMAND: POST /session/1078df7af42110589ce6729fcfa5b6f8/elements - {"using":"xpath","value":"//li[.//span[contains(text(),'560 -')]]"}
RESULT: {"using":"xpath","value":"//li[.//span[contains(text(),'560 -')]]"}
COMMAND: POST /session/1078df7af42110589ce6729fcfa5b6f8/elements - {"using":"xpath","value":"//li[.//span[contains(text(),'560 -')]]"}
RESULT: {"using":"xpath","value":"//li[.//span[contains(text(),'560 -')]]"}
COMMAND: POST /session/1078df7af42110589ce6729fcfa5b6f8/elements - {"using":"xpath","value":"//li[.//span[contains(text(),'560 -')]]"}
RESULT: {"using":"xpath","value":"//li[.//span[contains(text(),'560 -')]]"}
COMMAND: POST /session/1078df7af42110589ce6729fcfa5b6f8/elements - {"using":"xpath","value":"//li[.//span[contains(text(),'560 -')]]"}
RESULT: {"using":"xpath","value":"//li[.//span[contains(text(),'560 -')]]"}
COMMAND: POST /session/1078df7af42110589ce6729fcfa5b6f8/elements - {"using":"xpath","value":"//li[.//span[contains(text(),'560 -')]]"}
RESULT: {"using":"xpath","value":"//li[.//span[contains(text(),'560 -')]]"}
COMMAND: POST /session/1078df7af42110589ce6729fcfa5b6f8/elements - {"using":"xpath","value":"//li[.//span[contains(text(),'560 -')]]"}
RESULT: {"using":"xpath","value":"//li[.//span[contains(text(),'560 -')]]"}
COMMAND: POST /session/1078df7af42110589ce6729fcfa5b6f8/elements - {"using":"xpath","value":"//li[.//span[contains(text(),'560 -')]]"}
RESULT: {"using":"xpath","value":"//li[.//span[contains(text(),'560 -')]]"}
COMMAND: POST /session/1078df7af42110589ce6729fcfa5b6f8/elements - {"using":"xpath","value":"//li[.//span[contains(text(),'560 -')]]"}
RESULT: {"using":"xpath","value":"//li[.//span[contains(text(),'560 -')]]"}
COMMAND: POST /session/1078df7af42110589ce6729fcfa5b6f8/elements - {"using":"xpath","value":"//li[.//span[contains(text(),'560 -')]]"}
RESULT: {"using":"xpath","value":"//li[.//span[contains(text(),'560 -')]]"}
COMMAND: POST /session/1078df7af42110589ce6729fcfa5b6f8/elements - {"using":"xpath","value":"//li[.//span[contains(text(),'560 -')]]"}
RESULT: {"using":"xpath","value":"//li[.//span[contains(text(),'560 -')]]"}
COMMAND: POST /session/1078df7af42110589ce6729fcfa5b6f8/elements - {"using":"xpath","value":"//li[.//span[contains(text(),'560 -')]]"}
RESULT: {"using":"xpath","value":"//li[.//span[contains(text(),'560 -')]]"}
COMMAND: POST /session/1078df7af42110589ce6729fcfa5b6f8/elements - {"using":"xpath","value":"//li[.//span[contains(text(),'560 -')]]"}
RESULT: {"using":"xpath","value":"//li[.//span[contains(text(),'560 -')]]"}
COMMAND: POST /session/1078df7af42110589ce6729fcfa5b6f8/elements - {"using":"xpath","value":"//li[.//span[contains(text(),'560 -')]]"}
RESULT: {"using":"xpath","value":"//li[.//span[contains(text(),'560 -')]]"}
COMMAND: POST /session/1078df7af42110589ce6729fcfa5b6f8/elements - {"using":"xpath","value":"//li[.//span[contains(text(),'560 -')]]"}
RESULT: {"using":"xpath","value":"//li[.//span[contains(text(),'560 -')]]"}
COMMAND: POST /session/1078df7af42110589ce6729fcfa5b6f8/elements - {"using":"xpath","value":"//li[.//span[contains(text(),'560 -')]]"}
RESULT: {"using":"xpath","value":"//li[.//span[contains(text(),'560 -')]]"}
COMMAND: POST /session/1078df7af42110589ce6729fcfa5b6f8/elements - {"using":"xpath","value":"//li[.//span[contains(text(),'560 -')]]"}
RESULT: {"using":"xpath","value":"//li[.//span[contains(text(),'560 -')]]"}
COMMAND: POST /session/1078df7af42110589ce6729fcfa5b6f8/elements - {"using":"xpath","value":"//li[.//span[contains(text(),'560 -')]]"}
RESULT: {"using":"xpath","value":"//li[.//span[contains(text(),'560 -')]]"}
COMMAND: POST /session/1078df7af42110589ce6729fcfa5b6f8/elements - {"using":"xpath","value":"//li[.//span[contains(text(),'560 -')]]"}
RESULT: {"using":"xpath","value":"//li[.//span[contains(text(),'560 -')]]"}
COMMAND: POST /session/1078df7af42110589ce6729fcfa5b6f8/elements - {"using":"xpath","value":"//li[.//span[contains(text(),'560 -')]]"}
RESULT: {"using":"xpath","value":"//li[.//span[contains(text(),'560 -')]]"}
COMMAND: POST /session/1078df7af42110589ce6729fcfa5b6f8/elements - {"using":"xpath","value":"//li[.//span[contains(text(),'560 -')]]"}
RESULT: {"using":"xpath","value":"//li[.//span[contains(text(),'560 -')]]"}
COMMAND: POST /session/1078df7af42110589ce6729fcfa5b6f8/elements - {"using":"xpath","value":"//li[.//span[contains(text(),'560 -')]]"}
RESULT: {"using":"xpath","value":"//li[.//span[contains(text(),'560 -')]]"}
COMMAND: POST /session/1078df7af42110589ce6729fcfa5b6f8/elements - {"using":"xpath","value":"//li[.//span[contains(text(),'560 -')]]"}
RESULT: {"using":"xpath","value":"//li[.//span[contains(text(),'560 -')]]"}
COMMAND: POST /session/1078df7af42110589ce6729fcfa5b6f8/elements - {"using":"xpath","value":"//li[.//span[contains(text(),'560 -')]]"}
RESULT: {"using":"xpath","value":"//li[.//span[contains(text(),'560 -')]]"}
COMMAND: POST /session/1078df7af42110589ce6729fcfa5b6f8/elements - {"using":"xpath","value":"//li[.//span[contains(text(),'560 -')]]"}
RESULT: {"using":"xpath","value":"//li[.//span[contains(text(),'560 -')]]"}
COMMAND: POST /session/1078df7af42110589ce6729fcfa5b6f8/elements - {"using":"xpath","value":"//li[.//span[contains(text(),'560 -')]]"}
RESULT: {"using":"xpath","value":"//li[.//span[contains(text(),'560 -')]]"}
COMMAND: POST /session/1078df7af42110589ce6729fcfa5b6f8/elements - {"using":"xpath","value":"//li[.//span[contains(text(),'560 -')]]"}
RESULT: {"using":"xpath","value":"//li[.//span[contains(text(),'560 -')]]"}
COMMAND: POST /session/1078df7af42110589ce6729fcfa5b6f8/elements - {"using":"xpath","value":"//li[.//span[contains(text(),'560 -')]]"}
RESULT: {"using":"xpath","value":"//li[.//span[contains(text(),'560 -')]]"}
COMMAND: POST /session/1078df7af42110589ce6729fcfa5b6f8/elements - {"using":"xpath","value":"//li[.//span[contains(text(),'560 -')]]"}
RESULT: {"using":"xpath","value":"//li[.//span[contains(text(),'560 -')]]"}
COMMAND: POST /session/1078df7af42110589ce6729fcfa5b6f8/elements - {"using":"xpath","value":"//li[.//span[contains(text(),'560 -')]]"}
RESULT: {"using":"xpath","value":"//li[.//span[contains(text(),'560 -')]]"}
COMMAND: POST /session/1078df7af42110589ce6729fcfa5b6f8/elements - {"using":"xpath","value":"//li[.//span[contains(text(),'560 -')]]"}
RESULT: {"using":"xpath","value":"//li[.//span[contains(text(),'560 -')]]"}
COMMAND: POST /session/1078df7af42110589ce6729fcfa5b6f8/elements - {"using":"xpath","value":"//li[.//span[contains(text(),'560 -')]]"}
RESULT: {"using":"xpath","value":"//li[.//span[contains(text(),'560 -')]]"}
COMMAND: POST /session/1078df7af42110589ce6729fcfa5b6f8/elements - {"using":"xpath","value":"//li[.//span[contains(text(),'560 -')]]"}
RESULT: {"using":"xpath","value":"//li[.//span[contains(text(),'560 -')]]"}
COMMAND: POST /session/1078df7af42110589ce6729fcfa5b6f8/elements - {"using":"xpath","value":"//li[.//span[contains(text(),'560 -')]]"}
RESULT: {"using":"xpath","value":"//li[.//span[contains(text(),'560 -')]]"}
COMMAND: POST /session/1078df7af42110589ce6729fcfa5b6f8/elements - {"using":"xpath","value":"//li[.//span[contains(text(),'560 -')]]"}
RESULT: {"using":"xpath","value":"//li[.//span[contains(text(),'560 -')]]"}
COMMAND: POST /session/1078df7af42110589ce6729fcfa5b6f8/elements - {"using":"xpath","value":"//li[.//span[contains(text(),'560 -')]]"}
RESULT: {"using":"xpath","value":"//li[.//span[contains(text(),'560 -')]]"}
COMMAND: POST /session/1078df7af42110589ce6729fcfa5b6f8/elements - {"using":"xpath","value":"//li[.//span[contains(text(),'560 -')]]"}
RESULT: {"using":"xpath","value":"//li[.//span[contains(text(),'560 -')]]"}
COMMAND: POST /session/1078df7af42110589ce6729fcfa5b6f8/elements - {"using":"xpath","value":"//li[.//span[contains(text(),'560 -')]]"}
RESULT: {"using":"xpath","value":"//li[.//span[contains(text(),'560 -')]]"}
COMMAND: POST /session/1078df7af42110589ce6729fcfa5b6f8/elements - {"using":"xpath","value":"//li[.//span[contains(text(),'560 -')]]"}
RESULT: {"using":"xpath","value":"//li[.//span[contains(text(),'560 -')]]"}
COMMAND: POST /session/1078df7af42110589ce6729fcfa5b6f8/elements - {"using":"xpath","value":"//li[.//span[contains(text(),'560 -')]]"}
RESULT: {"using":"xpath","value":"//li[.//span[contains(text(),'560 -')]]"}
COMMAND: POST /session/1078df7af42110589ce6729fcfa5b6f8/elements - {"using":"xpath","value":"//li[.//span[contains(text(),'560 -')]]"}
RESULT: {"using":"xpath","value":"//li[.//span[contains(text(),'560 -')]]"}
COMMAND: POST /session/1078df7af42110589ce6729fcfa5b6f8/elements - {"using":"xpath","value":"//li[.//span[contains(text(),'560 -')]]"}
RESULT: {"using":"xpath","value":"//li[.//span[contains(text(),'560 -')]]"}
COMMAND: POST /session/1078df7af42110589ce6729fcfa5b6f8/elements - {"using":"xpath","value":"//li[.//span[contains(text(),'560 -')]]"}
RESULT: {"using":"xpath","value":"//li[.//span[contains(text(),'560 -')]]"}
COMMAND: POST /session/1078df7af42110589ce6729fcfa5b6f8/elements - {"using":"xpath","value":"//li[.//span[contains(text(),'560 -')]]"}
RESULT: {"using":"xpath","value":"//li[.//span[contains(text(),'560 -')]]"}
COMMAND: POST /session/1078df7af42110589ce6729fcfa5b6f8/elements - {"using":"xpath","value":"//li[.//span[contains(text(),'560 -')]]"}
RESULT: {"using":"xpath","value":"//li[.//span[contains(text(),'560 -')]]"}
COMMAND: POST /session/1078df7af42110589ce6729fcfa5b6f8/elements - {"using":"xpath","value":"//li[.//span[contains(text(),'560 -')]]"}
RESULT: {"using":"xpath","value":"//li[.//span[contains(text(),'560 -')]]"}
COMMAND: POST /session/1078df7af42110589ce6729fcfa5b6f8/elements - {"using":"xpath","value":"//li[.//span[contains(text(),'560 -')]]"}
RESULT: {"using":"xpath","value":"//li[.//span[contains(text(),'560 -')]]"}
COMMAND: POST /session/1078df7af42110589ce6729fcfa5b6f8/elements - {"using":"xpath","value":"//li[.//span[contains(text(),'560 -')]]"}
RESULT: {"using":"xpath","value":"//li[.//span[contains(text(),'560 -')]]"}
COMMAND: POST /session/1078df7af42110589ce6729fcfa5b6f8/elements - {"using":"xpath","value":"//li[.//span[contains(text(),'560 -')]]"}
RESULT: {"using":"xpath","value":"//li[.//span[contains(text(),'560 -')]]"}
COMMAND: POST /session/1078df7af42110589ce6729fcfa5b6f8/elements - {"using":"xpath","value":"//li[.//span[contains(text(),'560 -')]]"}
RESULT: {"using":"xpath","value":"//li[.//span[contains(text(),'560 -')]]"}
COMMAND: POST /session/1078df7af42110589ce6729fcfa5b6f8/elements - {"using":"xpath","value":"//li[.//span[contains(text(),'560 -')]]"}
RESULT: {"using":"xpath","value":"//li[.//span[contains(text(),'560 -')]]"}
COMMAND: POST /session/1078df7af42110589ce6729fcfa5b6f8/elements - {"using":"xpath","value":"//li[.//span[contains(text(),'560 -')]]"}
RESULT: {"using":"xpath","value":"//li[.//span[contains(text(),'560 -')]]"}
COMMAND: POST /session/1078df7af42110589ce6729fcfa5b6f8/elements - {"using":"xpath","value":"//li[.//span[contains(text(),'560 -')]]"}
RESULT: {"using":"xpath","value":"//li[.//span[contains(text(),'560 -')]]"}
COMMAND: POST /session/1078df7af42110589ce6729fcfa5b6f8/elements - {"using":"xpath","value":"//li[.//span[contains(text(),'560 -')]]"}
RESULT: {"using":"xpath","value":"//li[.//span[contains(text(),'560 -')]]"}
COMMAND: POST /session/1078df7af42110589ce6729fcfa5b6f8/elements - {"using":"xpath","value":"//li[.//span[contains(text(),'560 -')]]"}
RESULT: {"using":"xpath","value":"//li[.//span[contains(text(),'560 -')]]"}
COMMAND: POST /session/1078df7af42110589ce6729fcfa5b6f8/elements - {"using":"xpath","value":"//li[.//span[contains(text(),'560 -')]]"}
RESULT: {"using":"xpath","value":"//li[.//span[contains(text(),'560 -')]]"}
COMMAND: POST /session/1078df7af42110589ce6729fcfa5b6f8/elements - {"using":"xpath","value":"//li[.//span[contains(text(),'560 -')]]"}
RESULT: {"using":"xpath","value":"//li[.//span[contains(text(),'560 -')]]"}
COMMAND: POST /session/1078df7af42110589ce6729fcfa5b6f8/elements - {"using":"xpath","value":"//li[.//span[contains(text(),'560 -')]]"}
RESULT: {"using":"xpath","value":"//li[.//span[contains(text(),'560 -')]]"}
COMMAND: POST /session/1078df7af42110589ce6729fcfa5b6f8/elements - {"using":"xpath","value":"//li[.//span[contains(text(),'560 -')]]"}
RESULT: {"using":"xpath","value":"//li[.//span[contains(text(),'560 -')]]"}
COMMAND: POST /session/1078df7af42110589ce6729fcfa5b6f8/elements - {"using":"xpath","value":"//li[.//span[contains(text(),'560 -')]]"}
RESULT: {"using":"xpath","value":"//li[.//span[contains(text(),'560 -')]]"}
COMMAND: POST /session/1078df7af42110589ce6729fcfa5b6f8/elements - {"using":"xpath","value":"//li[.//span[contains(text(),'560 -')]]"}
RESULT: {"using":"xpath","value":"//li[.//span[contains(text(),'560 -')]]"}
COMMAND: POST /session/1078df7af42110589ce6729fcfa5b6f8/elements - {"using":"xpath","value":"//li[.//span[contains(text(),'560 -')]]"}
RESULT: {"using":"xpath","value":"//li[.//span[contains(text(),'560 -')]]"}
COMMAND: POST /session/1078df7af42110589ce6729fcfa5b6f8/elements - {"using":"xpath","value":"//li[.//span[contains(text(),'560 -')]]"}
RESULT: {"using":"xpath","value":"//li[.//span[contains(text(),'560 -')]]"}
COMMAND: POST /session/1078df7af42110589ce6729fcfa5b6f8/elements - {"using":"xpath","value":"//li[.//span[contains(text(),'560 -')]]"}
RESULT: {"using":"xpath","value":"//li[.//span[contains(text(),'560 -')]]"}
COMMAND: POST /session/1078df7af42110589ce6729fcfa5b6f8/elements - {"using":"xpath","value":"//li[.//span[contains(text(),'560 -')]]"}
RESULT: {"using":"xpath","value":"//li[.//span[contains(text(),'560 -')]]"}
COMMAND: POST /session/1078df7af42110589ce6729fcfa5b6f8/elements - {"using":"xpath","value":"//li[.//span[contains(text(),'560 -')]]"}
RESULT: {"using":"xpath","value":"//li[.//span[contains(text(),'560 -')]]"}
COMMAND: POST /session/1078df7af42110589ce6729fcfa5b6f8/elements - {"using":"xpath","value":"//li[.//span[contains(text(),'560 -')]]"}
RESULT: {"using":"xpath","value":"//li[.//span[contains(text(),'560 -')]]"}
COMMAND: POST /session/1078df7af42110589ce6729fcfa5b6f8/elements - {"using":"xpath","value":"//li[.//span[contains(text(),'560 -')]]"}
RESULT: {"using":"xpath","value":"//li[.//span[contains(text(),'560 -')]]"}
COMMAND: POST /session/1078df7af42110589ce6729fcfa5b6f8/elements - {"using":"xpath","value":"//li[.//span[contains(text(),'560 -')]]"}
RESULT: {"using":"xpath","value":"//li[.//span[contains(text(),'560 -')]]"}
COMMAND: POST /session/1078df7af42110589ce6729fcfa5b6f8/elements - {"using":"xpath","value":"//li[.//span[contains(text(),'560 -')]]"}
RESULT: {"using":"xpath","value":"//li[.//span[contains(text(),'560 -')]]"}
COMMAND: POST /session/1078df7af42110589ce6729fcfa5b6f8/elements - {"using":"xpath","value":"//li[.//span[contains(text(),'560 -')]]"}
RESULT: {"using":"xpath","value":"//li[.//span[contains(text(),'560 -')]]"}
COMMAND: POST /session/1078df7af42110589ce6729fcfa5b6f8/elements - {"using":"xpath","value":"//li[.//span[contains(text(),'560 -')]]"}
RESULT: {"using":"xpath","value":"//li[.//span[contains(text(),'560 -')]]"}
COMMAND: POST /session/1078df7af42110589ce6729fcfa5b6f8/elements - {"using":"xpath","value":"//li[.//span[contains(text(),'560 -')]]"}
RESULT: {"using":"xpath","value":"//li[.//span[contains(text(),'560 -')]]"}
COMMAND: POST /session/1078df7af42110589ce6729fcfa5b6f8/elements - {"using":"xpath","value":"//li[.//span[contains(text(),'560 -')]]"}
RESULT: {"using":"xpath","value":"//li[.//span[contains(text(),'560 -')]]"}
COMMAND: POST /session/1078df7af42110589ce6729fcfa5b6f8/elements - {"using":"xpath","value":"//li[.//span[contains(text(),'560 -')]]"}
RESULT: {"using":"xpath","value":"//li[.//span[contains(text(),'560 -')]]"}
COMMAND: POST /session/1078df7af42110589ce6729fcfa5b6f8/elements - {"using":"xpath","value":"//li[.//span[contains(text(),'560 -')]]"}
RESULT: {"using":"xpath","value":"//li[.//span[contains(text(),'560 -')]]"}
COMMAND: POST /session/1078df7af42110589ce6729fcfa5b6f8/elements - {"using":"xpath","value":"//li[.//span[contains(text(),'560 -')]]"}
RESULT: {"using":"xpath","value":"//li[.//span[contains(text(),'560 -')]]"}
COMMAND: POST /session/1078df7af42110589ce6729fcfa5b6f8/elements - {"using":"xpath","value":"//li[.//span[contains(text(),'560 -')]]"}
RESULT: {"using":"xpath","value":"//li[.//span[contains(text(),'560 -')]]"}
COMMAND: POST /session/1078df7af42110589ce6729fcfa5b6f8/elements - {"using":"xpath","value":"//li[.//span[contains(text(),'560 -')]]"}
RESULT: {"using":"xpath","value":"//li[.//span[contains(text(),'560 -')]]"}
COMMAND: POST /session/1078df7af42110589ce6729fcfa5b6f8/elements - {"using":"xpath","value":"//li[.//span[contains(text(),'560 -')]]"}
RESULT: {"using":"xpath","value":"//li[.//span[contains(text(),'560 -')]]"}
COMMAND: POST /session/1078df7af42110589ce6729fcfa5b6f8/elements - {"using":"xpath","value":"//li[.//span[contains(text(),'560 -')]]"}
RESULT: {"using":"xpath","value":"//li[.//span[contains(text(),'560 -')]]"}
COMMAND: POST /session/1078df7af42110589ce6729fcfa5b6f8/elements - {"using":"xpath","value":"//li[.//span[contains(text(),'560 -')]]"}
RESULT: {"using":"xpath","value":"//li[.//span[contains(text(),'560 -')]]"}
COMMAND: POST /session/1078df7af42110589ce6729fcfa5b6f8/elements - {"using":"xpath","value":"//li[.//span[contains(text(),'560 -')]]"}
RESULT: {"using":"xpath","value":"//li[.//span[contains(text(),'560 -')]]"}
COMMAND: POST /session/1078df7af42110589ce6729fcfa5b6f8/elements - {"using":"xpath","value":"//li[.//span[contains(text(),'560 -')]]"}
RESULT: {"using":"xpath","value":"//li[.//span[contains(text(),'560 -')]]"}
COMMAND: POST /session/1078df7af42110589ce6729fcfa5b6f8/elements - {"using":"xpath","value":"//li[.//span[contains(text(),'560 -')]]"}
RESULT: {"using":"xpath","value":"//li[.//span[contains(text(),'560 -')]]"}
COMMAND: POST /session/1078df7af42110589ce6729fcfa5b6f8/elements - {"using":"xpath","value":"//li[.//span[contains(text(),'560 -')]]"}
RESULT: {"using":"xpath","value":"//li[.//span[contains(text(),'560 -')]]"}
COMMAND: POST /session/1078df7af42110589ce6729fcfa5b6f8/elements - {"using":"xpath","value":"//li[.//span[contains(text(),'560 -')]]"}
RESULT: {"using":"xpath","value":"//li[.//span[contains(text(),'560 -')]]"}
COMMAND: POST /session/1078df7af42110589ce6729fcfa5b6f8/elements - {"using":"xpath","value":"//li[.//span[contains(text(),'560 -')]]"}
RESULT: {"using":"xpath","value":"//li[.//span[contains(text(),'560 -')]]"}
COMMAND: POST /session/1078df7af42110589ce6729fcfa5b6f8/elements - {"using":"xpath","value":"//li[.//span[contains(text(),'560 -')]]"}
RESULT: {"using":"xpath","value":"//li[.//span[contains(text(),'560 -')]]"}
COMMAND: POST /session/1078df7af42110589ce6729fcfa5b6f8/elements - {"using":"xpath","value":"//li[.//span[contains(text(),'560 -')]]"}
RESULT: {"using":"xpath","value":"//li[.//span[contains(text(),'560 -')]]"}
COMMAND: POST /session/1078df7af42110589ce6729fcfa5b6f8/elements - {"using":"xpath","value":"//li[.//span[contains(text(),'560 -')]]"}
RESULT: {"using":"xpath","value":"//li[.//span[contains(text(),'560 -')]]"}
COMMAND: POST /session/1078df7af42110589ce6729fcfa5b6f8/elements - {"using":"xpath","value":"//li[.//span[contains(text(),'560 -')]]"}
RESULT: {"using":"xpath","value":"//li[.//span[contains(text(),'560 -')]]"}
COMMAND: POST /session/1078df7af42110589ce6729fcfa5b6f8/elements - {"using":"xpath","value":"//li[.//span[contains(text(),'560 -')]]"}
RESULT: {"using":"xpath","value":"//li[.//span[contains(text(),'560 -')]]"}
COMMAND: POST /session/1078df7af42110589ce6729fcfa5b6f8/elements - {"using":"xpath","value":"//li[.//span[contains(text(),'560 -')]]"}
RESULT: {"using":"xpath","value":"//li[.//span[contains(text(),'560 -')]]"}
COMMAND: POST /session/1078df7af42110589ce6729fcfa5b6f8/elements - {"using":"xpath","value":"//li[.//span[contains(text(),'560 -')]]"}
RESULT: {"using":"xpath","value":"//li[.//span[contains(text(),'560 -')]]"}
COMMAND: POST /session/1078df7af42110589ce6729fcfa5b6f8/elements - {"using":"xpath","value":"//li[.//span[contains(text(),'560 -')]]"}
COMMAND: GET /session/1078df7af42110589ce6729fcfa5b6f8/screenshot - {}
RESULT: {"using":"xpath","value":"//li[.//span[contains(text(),'560 -')]]"}
RESULT: {}
]]></system-out>
      <system-err><![CDATA[
Error: Can't call click on element with selector "//li[.//span[contains(text(),'560 -')]]" because element wasn't found
    at async UtilsPrerequisites.stockIncrease (D:\a\1\s\test\specs\BTS\prerequisites-and-utils-functions.js:1638:9)
    at async Context.<anonymous> (D:\a\1\s\test\specs\BTS\billing-transfer-intracompany.spec.js:57:9)
]]></system-err>
    </testcase>
    <testcase classname="chrome.136_0_7103_93.windows.Billing_Transfer_-_Intracompany_US127249" name="Should create a new contract" time="60.397">
      <failure/>
      <error message="element (&quot;//button[@data-kt=&quot;addButton&quot;]&quot;) still not existing after 45000ms"/>
      <system-out><![CDATA[
COMMAND: GET /session/1078df7af42110589ce6729fcfa5b6f8/screenshot - {}
COMMAND: POST /session/1078df7af42110589ce6729fcfa5b6f8/execute/async - {"script":"<script> [1562 bytes]","args":[{"selector":{"controlType":"sap.m.GenericTile","properties":{"header":"Manage Contracts"}},"wdio_ui5_key":"sapm.GenericTile{\"header\":\"Manage Contracts\"}"}]}
RESULT: {"script":"<script> [1562 bytes]","args":[{"selector":{"controlType":"sap.m.GenericTile","properties":{"header":"Manage Contracts"}},"wdio_ui5_key":"sapm.GenericTile{\"header\":\"Manage Contracts\"}"}]}
RESULT: undefined
RESULT: {}
COMMAND: POST /session/1078df7af42110589ce6729fcfa5b6f8/elements - {"using":"xpath","value":"//span[text()='Error']"}
RESULT: {"using":"xpath","value":"//span[text()='Error']"}
COMMAND: POST /session/1078df7af42110589ce6729fcfa5b6f8/element - {"using":"xpath","value":"//button[@data-kt=\"addButton\"]"}
RESULT: {"using":"xpath","value":"//button[@data-kt=\"addButton\"]"}
COMMAND: POST /session/1078df7af42110589ce6729fcfa5b6f8/elements - {"using":"xpath","value":"//button[@data-kt=\"addButton\"]"}
RESULT: {"using":"xpath","value":"//button[@data-kt=\"addButton\"]"}
COMMAND: POST /session/1078df7af42110589ce6729fcfa5b6f8/elements - {"using":"xpath","value":"//button[@data-kt=\"addButton\"]"}
RESULT: {"using":"xpath","value":"//button[@data-kt=\"addButton\"]"}
COMMAND: POST /session/1078df7af42110589ce6729fcfa5b6f8/elements - {"using":"xpath","value":"//button[@data-kt=\"addButton\"]"}
RESULT: {"using":"xpath","value":"//button[@data-kt=\"addButton\"]"}
COMMAND: POST /session/1078df7af42110589ce6729fcfa5b6f8/elements - {"using":"xpath","value":"//button[@data-kt=\"addButton\"]"}
RESULT: {"using":"xpath","value":"//button[@data-kt=\"addButton\"]"}
COMMAND: POST /session/1078df7af42110589ce6729fcfa5b6f8/elements - {"using":"xpath","value":"//button[@data-kt=\"addButton\"]"}
RESULT: {"using":"xpath","value":"//button[@data-kt=\"addButton\"]"}
COMMAND: POST /session/1078df7af42110589ce6729fcfa5b6f8/elements - {"using":"xpath","value":"//button[@data-kt=\"addButton\"]"}
RESULT: {"using":"xpath","value":"//button[@data-kt=\"addButton\"]"}
COMMAND: POST /session/1078df7af42110589ce6729fcfa5b6f8/elements - {"using":"xpath","value":"//button[@data-kt=\"addButton\"]"}
RESULT: {"using":"xpath","value":"//button[@data-kt=\"addButton\"]"}
COMMAND: POST /session/1078df7af42110589ce6729fcfa5b6f8/elements - {"using":"xpath","value":"//button[@data-kt=\"addButton\"]"}
RESULT: {"using":"xpath","value":"//button[@data-kt=\"addButton\"]"}
COMMAND: POST /session/1078df7af42110589ce6729fcfa5b6f8/elements - {"using":"xpath","value":"//button[@data-kt=\"addButton\"]"}
RESULT: {"using":"xpath","value":"//button[@data-kt=\"addButton\"]"}
COMMAND: POST /session/1078df7af42110589ce6729fcfa5b6f8/elements - {"using":"xpath","value":"//button[@data-kt=\"addButton\"]"}
RESULT: {"using":"xpath","value":"//button[@data-kt=\"addButton\"]"}
COMMAND: POST /session/1078df7af42110589ce6729fcfa5b6f8/elements - {"using":"xpath","value":"//button[@data-kt=\"addButton\"]"}
RESULT: {"using":"xpath","value":"//button[@data-kt=\"addButton\"]"}
COMMAND: POST /session/1078df7af42110589ce6729fcfa5b6f8/elements - {"using":"xpath","value":"//button[@data-kt=\"addButton\"]"}
RESULT: {"using":"xpath","value":"//button[@data-kt=\"addButton\"]"}
COMMAND: POST /session/1078df7af42110589ce6729fcfa5b6f8/elements - {"using":"xpath","value":"//button[@data-kt=\"addButton\"]"}
RESULT: {"using":"xpath","value":"//button[@data-kt=\"addButton\"]"}
COMMAND: POST /session/1078df7af42110589ce6729fcfa5b6f8/elements - {"using":"xpath","value":"//button[@data-kt=\"addButton\"]"}
RESULT: {"using":"xpath","value":"//button[@data-kt=\"addButton\"]"}
COMMAND: POST /session/1078df7af42110589ce6729fcfa5b6f8/elements - {"using":"xpath","value":"//button[@data-kt=\"addButton\"]"}
RESULT: {"using":"xpath","value":"//button[@data-kt=\"addButton\"]"}
COMMAND: POST /session/1078df7af42110589ce6729fcfa5b6f8/elements - {"using":"xpath","value":"//button[@data-kt=\"addButton\"]"}
RESULT: {"using":"xpath","value":"//button[@data-kt=\"addButton\"]"}
COMMAND: POST /session/1078df7af42110589ce6729fcfa5b6f8/elements - {"using":"xpath","value":"//button[@data-kt=\"addButton\"]"}
RESULT: {"using":"xpath","value":"//button[@data-kt=\"addButton\"]"}
COMMAND: POST /session/1078df7af42110589ce6729fcfa5b6f8/elements - {"using":"xpath","value":"//button[@data-kt=\"addButton\"]"}
RESULT: {"using":"xpath","value":"//button[@data-kt=\"addButton\"]"}
COMMAND: POST /session/1078df7af42110589ce6729fcfa5b6f8/elements - {"using":"xpath","value":"//button[@data-kt=\"addButton\"]"}
RESULT: {"using":"xpath","value":"//button[@data-kt=\"addButton\"]"}
COMMAND: POST /session/1078df7af42110589ce6729fcfa5b6f8/elements - {"using":"xpath","value":"//button[@data-kt=\"addButton\"]"}
RESULT: {"using":"xpath","value":"//button[@data-kt=\"addButton\"]"}
COMMAND: POST /session/1078df7af42110589ce6729fcfa5b6f8/elements - {"using":"xpath","value":"//button[@data-kt=\"addButton\"]"}
RESULT: {"using":"xpath","value":"//button[@data-kt=\"addButton\"]"}
COMMAND: POST /session/1078df7af42110589ce6729fcfa5b6f8/elements - {"using":"xpath","value":"//button[@data-kt=\"addButton\"]"}
RESULT: {"using":"xpath","value":"//button[@data-kt=\"addButton\"]"}
COMMAND: POST /session/1078df7af42110589ce6729fcfa5b6f8/elements - {"using":"xpath","value":"//button[@data-kt=\"addButton\"]"}
RESULT: {"using":"xpath","value":"//button[@data-kt=\"addButton\"]"}
COMMAND: POST /session/1078df7af42110589ce6729fcfa5b6f8/elements - {"using":"xpath","value":"//button[@data-kt=\"addButton\"]"}
RESULT: {"using":"xpath","value":"//button[@data-kt=\"addButton\"]"}
COMMAND: POST /session/1078df7af42110589ce6729fcfa5b6f8/elements - {"using":"xpath","value":"//button[@data-kt=\"addButton\"]"}
RESULT: {"using":"xpath","value":"//button[@data-kt=\"addButton\"]"}
COMMAND: POST /session/1078df7af42110589ce6729fcfa5b6f8/elements - {"using":"xpath","value":"//button[@data-kt=\"addButton\"]"}
RESULT: {"using":"xpath","value":"//button[@data-kt=\"addButton\"]"}
COMMAND: POST /session/1078df7af42110589ce6729fcfa5b6f8/elements - {"using":"xpath","value":"//button[@data-kt=\"addButton\"]"}
RESULT: {"using":"xpath","value":"//button[@data-kt=\"addButton\"]"}
COMMAND: POST /session/1078df7af42110589ce6729fcfa5b6f8/elements - {"using":"xpath","value":"//button[@data-kt=\"addButton\"]"}
RESULT: {"using":"xpath","value":"//button[@data-kt=\"addButton\"]"}
COMMAND: POST /session/1078df7af42110589ce6729fcfa5b6f8/elements - {"using":"xpath","value":"//button[@data-kt=\"addButton\"]"}
RESULT: {"using":"xpath","value":"//button[@data-kt=\"addButton\"]"}
COMMAND: POST /session/1078df7af42110589ce6729fcfa5b6f8/elements - {"using":"xpath","value":"//button[@data-kt=\"addButton\"]"}
RESULT: {"using":"xpath","value":"//button[@data-kt=\"addButton\"]"}
COMMAND: POST /session/1078df7af42110589ce6729fcfa5b6f8/elements - {"using":"xpath","value":"//button[@data-kt=\"addButton\"]"}
RESULT: {"using":"xpath","value":"//button[@data-kt=\"addButton\"]"}
COMMAND: POST /session/1078df7af42110589ce6729fcfa5b6f8/elements - {"using":"xpath","value":"//button[@data-kt=\"addButton\"]"}
RESULT: {"using":"xpath","value":"//button[@data-kt=\"addButton\"]"}
COMMAND: POST /session/1078df7af42110589ce6729fcfa5b6f8/elements - {"using":"xpath","value":"//button[@data-kt=\"addButton\"]"}
RESULT: {"using":"xpath","value":"//button[@data-kt=\"addButton\"]"}
COMMAND: POST /session/1078df7af42110589ce6729fcfa5b6f8/elements - {"using":"xpath","value":"//button[@data-kt=\"addButton\"]"}
RESULT: {"using":"xpath","value":"//button[@data-kt=\"addButton\"]"}
COMMAND: POST /session/1078df7af42110589ce6729fcfa5b6f8/elements - {"using":"xpath","value":"//button[@data-kt=\"addButton\"]"}
RESULT: {"using":"xpath","value":"//button[@data-kt=\"addButton\"]"}
COMMAND: POST /session/1078df7af42110589ce6729fcfa5b6f8/elements - {"using":"xpath","value":"//button[@data-kt=\"addButton\"]"}
RESULT: {"using":"xpath","value":"//button[@data-kt=\"addButton\"]"}
COMMAND: POST /session/1078df7af42110589ce6729fcfa5b6f8/elements - {"using":"xpath","value":"//button[@data-kt=\"addButton\"]"}
RESULT: {"using":"xpath","value":"//button[@data-kt=\"addButton\"]"}
COMMAND: POST /session/1078df7af42110589ce6729fcfa5b6f8/elements - {"using":"xpath","value":"//button[@data-kt=\"addButton\"]"}
RESULT: {"using":"xpath","value":"//button[@data-kt=\"addButton\"]"}
COMMAND: POST /session/1078df7af42110589ce6729fcfa5b6f8/elements - {"using":"xpath","value":"//button[@data-kt=\"addButton\"]"}
RESULT: {"using":"xpath","value":"//button[@data-kt=\"addButton\"]"}
COMMAND: POST /session/1078df7af42110589ce6729fcfa5b6f8/elements - {"using":"xpath","value":"//button[@data-kt=\"addButton\"]"}
RESULT: {"using":"xpath","value":"//button[@data-kt=\"addButton\"]"}
COMMAND: POST /session/1078df7af42110589ce6729fcfa5b6f8/elements - {"using":"xpath","value":"//button[@data-kt=\"addButton\"]"}
RESULT: {"using":"xpath","value":"//button[@data-kt=\"addButton\"]"}
COMMAND: POST /session/1078df7af42110589ce6729fcfa5b6f8/elements - {"using":"xpath","value":"//button[@data-kt=\"addButton\"]"}
RESULT: {"using":"xpath","value":"//button[@data-kt=\"addButton\"]"}
COMMAND: POST /session/1078df7af42110589ce6729fcfa5b6f8/elements - {"using":"xpath","value":"//button[@data-kt=\"addButton\"]"}
RESULT: {"using":"xpath","value":"//button[@data-kt=\"addButton\"]"}
COMMAND: POST /session/1078df7af42110589ce6729fcfa5b6f8/elements - {"using":"xpath","value":"//button[@data-kt=\"addButton\"]"}
RESULT: {"using":"xpath","value":"//button[@data-kt=\"addButton\"]"}
COMMAND: POST /session/1078df7af42110589ce6729fcfa5b6f8/elements - {"using":"xpath","value":"//button[@data-kt=\"addButton\"]"}
RESULT: {"using":"xpath","value":"//button[@data-kt=\"addButton\"]"}
COMMAND: POST /session/1078df7af42110589ce6729fcfa5b6f8/elements - {"using":"xpath","value":"//button[@data-kt=\"addButton\"]"}
RESULT: {"using":"xpath","value":"//button[@data-kt=\"addButton\"]"}
COMMAND: POST /session/1078df7af42110589ce6729fcfa5b6f8/elements - {"using":"xpath","value":"//button[@data-kt=\"addButton\"]"}
RESULT: {"using":"xpath","value":"//button[@data-kt=\"addButton\"]"}
COMMAND: POST /session/1078df7af42110589ce6729fcfa5b6f8/elements - {"using":"xpath","value":"//button[@data-kt=\"addButton\"]"}
RESULT: {"using":"xpath","value":"//button[@data-kt=\"addButton\"]"}
COMMAND: POST /session/1078df7af42110589ce6729fcfa5b6f8/elements - {"using":"xpath","value":"//button[@data-kt=\"addButton\"]"}
RESULT: {"using":"xpath","value":"//button[@data-kt=\"addButton\"]"}
COMMAND: POST /session/1078df7af42110589ce6729fcfa5b6f8/elements - {"using":"xpath","value":"//button[@data-kt=\"addButton\"]"}
RESULT: {"using":"xpath","value":"//button[@data-kt=\"addButton\"]"}
COMMAND: POST /session/1078df7af42110589ce6729fcfa5b6f8/elements - {"using":"xpath","value":"//button[@data-kt=\"addButton\"]"}
RESULT: {"using":"xpath","value":"//button[@data-kt=\"addButton\"]"}
COMMAND: POST /session/1078df7af42110589ce6729fcfa5b6f8/elements - {"using":"xpath","value":"//button[@data-kt=\"addButton\"]"}
RESULT: {"using":"xpath","value":"//button[@data-kt=\"addButton\"]"}
COMMAND: POST /session/1078df7af42110589ce6729fcfa5b6f8/elements - {"using":"xpath","value":"//button[@data-kt=\"addButton\"]"}
RESULT: {"using":"xpath","value":"//button[@data-kt=\"addButton\"]"}
COMMAND: POST /session/1078df7af42110589ce6729fcfa5b6f8/elements - {"using":"xpath","value":"//button[@data-kt=\"addButton\"]"}
RESULT: {"using":"xpath","value":"//button[@data-kt=\"addButton\"]"}
COMMAND: POST /session/1078df7af42110589ce6729fcfa5b6f8/elements - {"using":"xpath","value":"//button[@data-kt=\"addButton\"]"}
RESULT: {"using":"xpath","value":"//button[@data-kt=\"addButton\"]"}
COMMAND: POST /session/1078df7af42110589ce6729fcfa5b6f8/elements - {"using":"xpath","value":"//button[@data-kt=\"addButton\"]"}
RESULT: {"using":"xpath","value":"//button[@data-kt=\"addButton\"]"}
COMMAND: POST /session/1078df7af42110589ce6729fcfa5b6f8/elements - {"using":"xpath","value":"//button[@data-kt=\"addButton\"]"}
RESULT: {"using":"xpath","value":"//button[@data-kt=\"addButton\"]"}
COMMAND: POST /session/1078df7af42110589ce6729fcfa5b6f8/elements - {"using":"xpath","value":"//button[@data-kt=\"addButton\"]"}
RESULT: {"using":"xpath","value":"//button[@data-kt=\"addButton\"]"}
COMMAND: POST /session/1078df7af42110589ce6729fcfa5b6f8/elements - {"using":"xpath","value":"//button[@data-kt=\"addButton\"]"}
RESULT: {"using":"xpath","value":"//button[@data-kt=\"addButton\"]"}
COMMAND: POST /session/1078df7af42110589ce6729fcfa5b6f8/elements - {"using":"xpath","value":"//button[@data-kt=\"addButton\"]"}
RESULT: {"using":"xpath","value":"//button[@data-kt=\"addButton\"]"}
COMMAND: POST /session/1078df7af42110589ce6729fcfa5b6f8/elements - {"using":"xpath","value":"//button[@data-kt=\"addButton\"]"}
RESULT: {"using":"xpath","value":"//button[@data-kt=\"addButton\"]"}
COMMAND: POST /session/1078df7af42110589ce6729fcfa5b6f8/elements - {"using":"xpath","value":"//button[@data-kt=\"addButton\"]"}
RESULT: {"using":"xpath","value":"//button[@data-kt=\"addButton\"]"}
COMMAND: POST /session/1078df7af42110589ce6729fcfa5b6f8/elements - {"using":"xpath","value":"//button[@data-kt=\"addButton\"]"}
RESULT: {"using":"xpath","value":"//button[@data-kt=\"addButton\"]"}
COMMAND: POST /session/1078df7af42110589ce6729fcfa5b6f8/elements - {"using":"xpath","value":"//button[@data-kt=\"addButton\"]"}
RESULT: {"using":"xpath","value":"//button[@data-kt=\"addButton\"]"}
COMMAND: POST /session/1078df7af42110589ce6729fcfa5b6f8/elements - {"using":"xpath","value":"//button[@data-kt=\"addButton\"]"}
RESULT: {"using":"xpath","value":"//button[@data-kt=\"addButton\"]"}
COMMAND: POST /session/1078df7af42110589ce6729fcfa5b6f8/elements - {"using":"xpath","value":"//button[@data-kt=\"addButton\"]"}
RESULT: {"using":"xpath","value":"//button[@data-kt=\"addButton\"]"}
COMMAND: POST /session/1078df7af42110589ce6729fcfa5b6f8/elements - {"using":"xpath","value":"//button[@data-kt=\"addButton\"]"}
RESULT: {"using":"xpath","value":"//button[@data-kt=\"addButton\"]"}
COMMAND: POST /session/1078df7af42110589ce6729fcfa5b6f8/elements - {"using":"xpath","value":"//button[@data-kt=\"addButton\"]"}
RESULT: {"using":"xpath","value":"//button[@data-kt=\"addButton\"]"}
COMMAND: POST /session/1078df7af42110589ce6729fcfa5b6f8/elements - {"using":"xpath","value":"//button[@data-kt=\"addButton\"]"}
RESULT: {"using":"xpath","value":"//button[@data-kt=\"addButton\"]"}
COMMAND: POST /session/1078df7af42110589ce6729fcfa5b6f8/elements - {"using":"xpath","value":"//button[@data-kt=\"addButton\"]"}
RESULT: {"using":"xpath","value":"//button[@data-kt=\"addButton\"]"}
COMMAND: POST /session/1078df7af42110589ce6729fcfa5b6f8/elements - {"using":"xpath","value":"//button[@data-kt=\"addButton\"]"}
RESULT: {"using":"xpath","value":"//button[@data-kt=\"addButton\"]"}
COMMAND: POST /session/1078df7af42110589ce6729fcfa5b6f8/elements - {"using":"xpath","value":"//button[@data-kt=\"addButton\"]"}
RESULT: {"using":"xpath","value":"//button[@data-kt=\"addButton\"]"}
COMMAND: POST /session/1078df7af42110589ce6729fcfa5b6f8/elements - {"using":"xpath","value":"//button[@data-kt=\"addButton\"]"}
RESULT: {"using":"xpath","value":"//button[@data-kt=\"addButton\"]"}
COMMAND: POST /session/1078df7af42110589ce6729fcfa5b6f8/elements - {"using":"xpath","value":"//button[@data-kt=\"addButton\"]"}
RESULT: {"using":"xpath","value":"//button[@data-kt=\"addButton\"]"}
COMMAND: POST /session/1078df7af42110589ce6729fcfa5b6f8/elements - {"using":"xpath","value":"//button[@data-kt=\"addButton\"]"}
RESULT: {"using":"xpath","value":"//button[@data-kt=\"addButton\"]"}
COMMAND: POST /session/1078df7af42110589ce6729fcfa5b6f8/elements - {"using":"xpath","value":"//button[@data-kt=\"addButton\"]"}
RESULT: {"using":"xpath","value":"//button[@data-kt=\"addButton\"]"}
COMMAND: POST /session/1078df7af42110589ce6729fcfa5b6f8/elements - {"using":"xpath","value":"//button[@data-kt=\"addButton\"]"}
RESULT: {"using":"xpath","value":"//button[@data-kt=\"addButton\"]"}
COMMAND: POST /session/1078df7af42110589ce6729fcfa5b6f8/elements - {"using":"xpath","value":"//button[@data-kt=\"addButton\"]"}
RESULT: {"using":"xpath","value":"//button[@data-kt=\"addButton\"]"}
COMMAND: POST /session/1078df7af42110589ce6729fcfa5b6f8/elements - {"using":"xpath","value":"//button[@data-kt=\"addButton\"]"}
RESULT: {"using":"xpath","value":"//button[@data-kt=\"addButton\"]"}
COMMAND: POST /session/1078df7af42110589ce6729fcfa5b6f8/elements - {"using":"xpath","value":"//button[@data-kt=\"addButton\"]"}
RESULT: {"using":"xpath","value":"//button[@data-kt=\"addButton\"]"}
COMMAND: POST /session/1078df7af42110589ce6729fcfa5b6f8/elements - {"using":"xpath","value":"//button[@data-kt=\"addButton\"]"}
RESULT: {"using":"xpath","value":"//button[@data-kt=\"addButton\"]"}
COMMAND: POST /session/1078df7af42110589ce6729fcfa5b6f8/elements - {"using":"xpath","value":"//button[@data-kt=\"addButton\"]"}
RESULT: {"using":"xpath","value":"//button[@data-kt=\"addButton\"]"}
COMMAND: POST /session/1078df7af42110589ce6729fcfa5b6f8/elements - {"using":"xpath","value":"//button[@data-kt=\"addButton\"]"}
RESULT: {"using":"xpath","value":"//button[@data-kt=\"addButton\"]"}
COMMAND: POST /session/1078df7af42110589ce6729fcfa5b6f8/elements - {"using":"xpath","value":"//button[@data-kt=\"addButton\"]"}
RESULT: {"using":"xpath","value":"//button[@data-kt=\"addButton\"]"}
COMMAND: POST /session/1078df7af42110589ce6729fcfa5b6f8/elements - {"using":"xpath","value":"//button[@data-kt=\"addButton\"]"}
RESULT: {"using":"xpath","value":"//button[@data-kt=\"addButton\"]"}
COMMAND: POST /session/1078df7af42110589ce6729fcfa5b6f8/elements - {"using":"xpath","value":"//button[@data-kt=\"addButton\"]"}
RESULT: {"using":"xpath","value":"//button[@data-kt=\"addButton\"]"}
COMMAND: POST /session/1078df7af42110589ce6729fcfa5b6f8/elements - {"using":"xpath","value":"//button[@data-kt=\"addButton\"]"}
RESULT: {"using":"xpath","value":"//button[@data-kt=\"addButton\"]"}
COMMAND: POST /session/1078df7af42110589ce6729fcfa5b6f8/elements - {"using":"xpath","value":"//button[@data-kt=\"addButton\"]"}
RESULT: {"using":"xpath","value":"//button[@data-kt=\"addButton\"]"}
COMMAND: POST /session/1078df7af42110589ce6729fcfa5b6f8/elements - {"using":"xpath","value":"//button[@data-kt=\"addButton\"]"}
RESULT: {"using":"xpath","value":"//button[@data-kt=\"addButton\"]"}
COMMAND: POST /session/1078df7af42110589ce6729fcfa5b6f8/elements - {"using":"xpath","value":"//button[@data-kt=\"addButton\"]"}
RESULT: {"using":"xpath","value":"//button[@data-kt=\"addButton\"]"}
COMMAND: GET /session/1078df7af42110589ce6729fcfa5b6f8/screenshot - {}
RESULT: {}
]]></system-out>
      <system-err><![CDATA[
Error: element ("//button[@data-kt="addButton"]") still not existing after 45000ms
    at async UtilsPrerequisites.contractCreation (D:\a\1\s\test\specs\BTS\prerequisites-and-utils-functions.js:1741:9)
    at async Context.<anonymous> (D:\a\1\s\test\specs\BTS\billing-transfer-intracompany.spec.js:61:45)
]]></system-err>
    </testcase>
    <testcase classname="chrome.136_0_7103_93.windows.Billing_Transfer_-_Intracompany_US127249" name="Should add equipment to the contract" time="60.435">
      <failure/>
      <error message="Can't call click on element with selector &quot;//button[@data-kt=&quot;contractDetailEditBtnButton&quot;]&quot; because element wasn't found"/>
      <system-out><![CDATA[
COMMAND: POST /session/1078df7af42110589ce6729fcfa5b6f8/element - {"using":"xpath","value":"//button[@data-kt=\"contractDetailEditBtnButton\"]"}
COMMAND: GET /session/1078df7af42110589ce6729fcfa5b6f8/screenshot - {}
RESULT: {"using":"xpath","value":"//button[@data-kt=\"contractDetailEditBtnButton\"]"}
COMMAND: POST /session/1078df7af42110589ce6729fcfa5b6f8/elements - {"using":"xpath","value":"//button[@data-kt=\"contractDetailEditBtnButton\"]"}
RESULT: {}
RESULT: {"using":"xpath","value":"//button[@data-kt=\"contractDetailEditBtnButton\"]"}
COMMAND: POST /session/1078df7af42110589ce6729fcfa5b6f8/elements - {"using":"xpath","value":"//button[@data-kt=\"contractDetailEditBtnButton\"]"}
RESULT: {"using":"xpath","value":"//button[@data-kt=\"contractDetailEditBtnButton\"]"}
COMMAND: POST /session/1078df7af42110589ce6729fcfa5b6f8/elements - {"using":"xpath","value":"//button[@data-kt=\"contractDetailEditBtnButton\"]"}
RESULT: {"using":"xpath","value":"//button[@data-kt=\"contractDetailEditBtnButton\"]"}
COMMAND: POST /session/1078df7af42110589ce6729fcfa5b6f8/elements - {"using":"xpath","value":"//button[@data-kt=\"contractDetailEditBtnButton\"]"}
RESULT: {"using":"xpath","value":"//button[@data-kt=\"contractDetailEditBtnButton\"]"}
COMMAND: POST /session/1078df7af42110589ce6729fcfa5b6f8/elements - {"using":"xpath","value":"//button[@data-kt=\"contractDetailEditBtnButton\"]"}
RESULT: {"using":"xpath","value":"//button[@data-kt=\"contractDetailEditBtnButton\"]"}
COMMAND: POST /session/1078df7af42110589ce6729fcfa5b6f8/elements - {"using":"xpath","value":"//button[@data-kt=\"contractDetailEditBtnButton\"]"}
RESULT: {"using":"xpath","value":"//button[@data-kt=\"contractDetailEditBtnButton\"]"}
COMMAND: POST /session/1078df7af42110589ce6729fcfa5b6f8/elements - {"using":"xpath","value":"//button[@data-kt=\"contractDetailEditBtnButton\"]"}
RESULT: {"using":"xpath","value":"//button[@data-kt=\"contractDetailEditBtnButton\"]"}
COMMAND: POST /session/1078df7af42110589ce6729fcfa5b6f8/elements - {"using":"xpath","value":"//button[@data-kt=\"contractDetailEditBtnButton\"]"}
RESULT: {"using":"xpath","value":"//button[@data-kt=\"contractDetailEditBtnButton\"]"}
COMMAND: POST /session/1078df7af42110589ce6729fcfa5b6f8/elements - {"using":"xpath","value":"//button[@data-kt=\"contractDetailEditBtnButton\"]"}
RESULT: {"using":"xpath","value":"//button[@data-kt=\"contractDetailEditBtnButton\"]"}
COMMAND: POST /session/1078df7af42110589ce6729fcfa5b6f8/elements - {"using":"xpath","value":"//button[@data-kt=\"contractDetailEditBtnButton\"]"}
RESULT: {"using":"xpath","value":"//button[@data-kt=\"contractDetailEditBtnButton\"]"}
COMMAND: POST /session/1078df7af42110589ce6729fcfa5b6f8/elements - {"using":"xpath","value":"//button[@data-kt=\"contractDetailEditBtnButton\"]"}
RESULT: {"using":"xpath","value":"//button[@data-kt=\"contractDetailEditBtnButton\"]"}
COMMAND: POST /session/1078df7af42110589ce6729fcfa5b6f8/elements - {"using":"xpath","value":"//button[@data-kt=\"contractDetailEditBtnButton\"]"}
RESULT: {"using":"xpath","value":"//button[@data-kt=\"contractDetailEditBtnButton\"]"}
COMMAND: POST /session/1078df7af42110589ce6729fcfa5b6f8/elements - {"using":"xpath","value":"//button[@data-kt=\"contractDetailEditBtnButton\"]"}
RESULT: {"using":"xpath","value":"//button[@data-kt=\"contractDetailEditBtnButton\"]"}
COMMAND: POST /session/1078df7af42110589ce6729fcfa5b6f8/elements - {"using":"xpath","value":"//button[@data-kt=\"contractDetailEditBtnButton\"]"}
RESULT: {"using":"xpath","value":"//button[@data-kt=\"contractDetailEditBtnButton\"]"}
COMMAND: POST /session/1078df7af42110589ce6729fcfa5b6f8/elements - {"using":"xpath","value":"//button[@data-kt=\"contractDetailEditBtnButton\"]"}
RESULT: {"using":"xpath","value":"//button[@data-kt=\"contractDetailEditBtnButton\"]"}
COMMAND: POST /session/1078df7af42110589ce6729fcfa5b6f8/elements - {"using":"xpath","value":"//button[@data-kt=\"contractDetailEditBtnButton\"]"}
RESULT: {"using":"xpath","value":"//button[@data-kt=\"contractDetailEditBtnButton\"]"}
COMMAND: POST /session/1078df7af42110589ce6729fcfa5b6f8/elements - {"using":"xpath","value":"//button[@data-kt=\"contractDetailEditBtnButton\"]"}
RESULT: {"using":"xpath","value":"//button[@data-kt=\"contractDetailEditBtnButton\"]"}
COMMAND: POST /session/1078df7af42110589ce6729fcfa5b6f8/elements - {"using":"xpath","value":"//button[@data-kt=\"contractDetailEditBtnButton\"]"}
RESULT: {"using":"xpath","value":"//button[@data-kt=\"contractDetailEditBtnButton\"]"}
COMMAND: POST /session/1078df7af42110589ce6729fcfa5b6f8/elements - {"using":"xpath","value":"//button[@data-kt=\"contractDetailEditBtnButton\"]"}
RESULT: {"using":"xpath","value":"//button[@data-kt=\"contractDetailEditBtnButton\"]"}
COMMAND: POST /session/1078df7af42110589ce6729fcfa5b6f8/elements - {"using":"xpath","value":"//button[@data-kt=\"contractDetailEditBtnButton\"]"}
RESULT: {"using":"xpath","value":"//button[@data-kt=\"contractDetailEditBtnButton\"]"}
COMMAND: POST /session/1078df7af42110589ce6729fcfa5b6f8/elements - {"using":"xpath","value":"//button[@data-kt=\"contractDetailEditBtnButton\"]"}
RESULT: {"using":"xpath","value":"//button[@data-kt=\"contractDetailEditBtnButton\"]"}
COMMAND: POST /session/1078df7af42110589ce6729fcfa5b6f8/elements - {"using":"xpath","value":"//button[@data-kt=\"contractDetailEditBtnButton\"]"}
RESULT: {"using":"xpath","value":"//button[@data-kt=\"contractDetailEditBtnButton\"]"}
COMMAND: POST /session/1078df7af42110589ce6729fcfa5b6f8/elements - {"using":"xpath","value":"//button[@data-kt=\"contractDetailEditBtnButton\"]"}
RESULT: {"using":"xpath","value":"//button[@data-kt=\"contractDetailEditBtnButton\"]"}
COMMAND: POST /session/1078df7af42110589ce6729fcfa5b6f8/elements - {"using":"xpath","value":"//button[@data-kt=\"contractDetailEditBtnButton\"]"}
RESULT: {"using":"xpath","value":"//button[@data-kt=\"contractDetailEditBtnButton\"]"}
COMMAND: POST /session/1078df7af42110589ce6729fcfa5b6f8/elements - {"using":"xpath","value":"//button[@data-kt=\"contractDetailEditBtnButton\"]"}
RESULT: {"using":"xpath","value":"//button[@data-kt=\"contractDetailEditBtnButton\"]"}
COMMAND: POST /session/1078df7af42110589ce6729fcfa5b6f8/elements - {"using":"xpath","value":"//button[@data-kt=\"contractDetailEditBtnButton\"]"}
RESULT: {"using":"xpath","value":"//button[@data-kt=\"contractDetailEditBtnButton\"]"}
COMMAND: POST /session/1078df7af42110589ce6729fcfa5b6f8/elements - {"using":"xpath","value":"//button[@data-kt=\"contractDetailEditBtnButton\"]"}
RESULT: {"using":"xpath","value":"//button[@data-kt=\"contractDetailEditBtnButton\"]"}
COMMAND: POST /session/1078df7af42110589ce6729fcfa5b6f8/elements - {"using":"xpath","value":"//button[@data-kt=\"contractDetailEditBtnButton\"]"}
RESULT: {"using":"xpath","value":"//button[@data-kt=\"contractDetailEditBtnButton\"]"}
COMMAND: POST /session/1078df7af42110589ce6729fcfa5b6f8/elements - {"using":"xpath","value":"//button[@data-kt=\"contractDetailEditBtnButton\"]"}
RESULT: {"using":"xpath","value":"//button[@data-kt=\"contractDetailEditBtnButton\"]"}
COMMAND: POST /session/1078df7af42110589ce6729fcfa5b6f8/elements - {"using":"xpath","value":"//button[@data-kt=\"contractDetailEditBtnButton\"]"}
RESULT: {"using":"xpath","value":"//button[@data-kt=\"contractDetailEditBtnButton\"]"}
COMMAND: POST /session/1078df7af42110589ce6729fcfa5b6f8/elements - {"using":"xpath","value":"//button[@data-kt=\"contractDetailEditBtnButton\"]"}
RESULT: {"using":"xpath","value":"//button[@data-kt=\"contractDetailEditBtnButton\"]"}
COMMAND: POST /session/1078df7af42110589ce6729fcfa5b6f8/elements - {"using":"xpath","value":"//button[@data-kt=\"contractDetailEditBtnButton\"]"}
RESULT: {"using":"xpath","value":"//button[@data-kt=\"contractDetailEditBtnButton\"]"}
COMMAND: POST /session/1078df7af42110589ce6729fcfa5b6f8/elements - {"using":"xpath","value":"//button[@data-kt=\"contractDetailEditBtnButton\"]"}
RESULT: {"using":"xpath","value":"//button[@data-kt=\"contractDetailEditBtnButton\"]"}
COMMAND: POST /session/1078df7af42110589ce6729fcfa5b6f8/elements - {"using":"xpath","value":"//button[@data-kt=\"contractDetailEditBtnButton\"]"}
RESULT: {"using":"xpath","value":"//button[@data-kt=\"contractDetailEditBtnButton\"]"}
COMMAND: POST /session/1078df7af42110589ce6729fcfa5b6f8/elements - {"using":"xpath","value":"//button[@data-kt=\"contractDetailEditBtnButton\"]"}
RESULT: {"using":"xpath","value":"//button[@data-kt=\"contractDetailEditBtnButton\"]"}
COMMAND: POST /session/1078df7af42110589ce6729fcfa5b6f8/elements - {"using":"xpath","value":"//button[@data-kt=\"contractDetailEditBtnButton\"]"}
RESULT: {"using":"xpath","value":"//button[@data-kt=\"contractDetailEditBtnButton\"]"}
COMMAND: POST /session/1078df7af42110589ce6729fcfa5b6f8/elements - {"using":"xpath","value":"//button[@data-kt=\"contractDetailEditBtnButton\"]"}
RESULT: {"using":"xpath","value":"//button[@data-kt=\"contractDetailEditBtnButton\"]"}
COMMAND: POST /session/1078df7af42110589ce6729fcfa5b6f8/elements - {"using":"xpath","value":"//button[@data-kt=\"contractDetailEditBtnButton\"]"}
RESULT: {"using":"xpath","value":"//button[@data-kt=\"contractDetailEditBtnButton\"]"}
COMMAND: POST /session/1078df7af42110589ce6729fcfa5b6f8/elements - {"using":"xpath","value":"//button[@data-kt=\"contractDetailEditBtnButton\"]"}
RESULT: {"using":"xpath","value":"//button[@data-kt=\"contractDetailEditBtnButton\"]"}
COMMAND: POST /session/1078df7af42110589ce6729fcfa5b6f8/elements - {"using":"xpath","value":"//button[@data-kt=\"contractDetailEditBtnButton\"]"}
RESULT: {"using":"xpath","value":"//button[@data-kt=\"contractDetailEditBtnButton\"]"}
COMMAND: POST /session/1078df7af42110589ce6729fcfa5b6f8/elements - {"using":"xpath","value":"//button[@data-kt=\"contractDetailEditBtnButton\"]"}
RESULT: {"using":"xpath","value":"//button[@data-kt=\"contractDetailEditBtnButton\"]"}
COMMAND: POST /session/1078df7af42110589ce6729fcfa5b6f8/elements - {"using":"xpath","value":"//button[@data-kt=\"contractDetailEditBtnButton\"]"}
RESULT: {"using":"xpath","value":"//button[@data-kt=\"contractDetailEditBtnButton\"]"}
COMMAND: POST /session/1078df7af42110589ce6729fcfa5b6f8/elements - {"using":"xpath","value":"//button[@data-kt=\"contractDetailEditBtnButton\"]"}
RESULT: {"using":"xpath","value":"//button[@data-kt=\"contractDetailEditBtnButton\"]"}
COMMAND: POST /session/1078df7af42110589ce6729fcfa5b6f8/elements - {"using":"xpath","value":"//button[@data-kt=\"contractDetailEditBtnButton\"]"}
RESULT: {"using":"xpath","value":"//button[@data-kt=\"contractDetailEditBtnButton\"]"}
COMMAND: POST /session/1078df7af42110589ce6729fcfa5b6f8/elements - {"using":"xpath","value":"//button[@data-kt=\"contractDetailEditBtnButton\"]"}
RESULT: {"using":"xpath","value":"//button[@data-kt=\"contractDetailEditBtnButton\"]"}
COMMAND: POST /session/1078df7af42110589ce6729fcfa5b6f8/elements - {"using":"xpath","value":"//button[@data-kt=\"contractDetailEditBtnButton\"]"}
RESULT: {"using":"xpath","value":"//button[@data-kt=\"contractDetailEditBtnButton\"]"}
COMMAND: POST /session/1078df7af42110589ce6729fcfa5b6f8/elements - {"using":"xpath","value":"//button[@data-kt=\"contractDetailEditBtnButton\"]"}
RESULT: {"using":"xpath","value":"//button[@data-kt=\"contractDetailEditBtnButton\"]"}
COMMAND: POST /session/1078df7af42110589ce6729fcfa5b6f8/elements - {"using":"xpath","value":"//button[@data-kt=\"contractDetailEditBtnButton\"]"}
RESULT: {"using":"xpath","value":"//button[@data-kt=\"contractDetailEditBtnButton\"]"}
COMMAND: POST /session/1078df7af42110589ce6729fcfa5b6f8/elements - {"using":"xpath","value":"//button[@data-kt=\"contractDetailEditBtnButton\"]"}
RESULT: {"using":"xpath","value":"//button[@data-kt=\"contractDetailEditBtnButton\"]"}
COMMAND: POST /session/1078df7af42110589ce6729fcfa5b6f8/elements - {"using":"xpath","value":"//button[@data-kt=\"contractDetailEditBtnButton\"]"}
RESULT: {"using":"xpath","value":"//button[@data-kt=\"contractDetailEditBtnButton\"]"}
COMMAND: POST /session/1078df7af42110589ce6729fcfa5b6f8/elements - {"using":"xpath","value":"//button[@data-kt=\"contractDetailEditBtnButton\"]"}
RESULT: {"using":"xpath","value":"//button[@data-kt=\"contractDetailEditBtnButton\"]"}
COMMAND: POST /session/1078df7af42110589ce6729fcfa5b6f8/elements - {"using":"xpath","value":"//button[@data-kt=\"contractDetailEditBtnButton\"]"}
RESULT: {"using":"xpath","value":"//button[@data-kt=\"contractDetailEditBtnButton\"]"}
COMMAND: POST /session/1078df7af42110589ce6729fcfa5b6f8/elements - {"using":"xpath","value":"//button[@data-kt=\"contractDetailEditBtnButton\"]"}
RESULT: {"using":"xpath","value":"//button[@data-kt=\"contractDetailEditBtnButton\"]"}
COMMAND: POST /session/1078df7af42110589ce6729fcfa5b6f8/elements - {"using":"xpath","value":"//button[@data-kt=\"contractDetailEditBtnButton\"]"}
RESULT: {"using":"xpath","value":"//button[@data-kt=\"contractDetailEditBtnButton\"]"}
COMMAND: POST /session/1078df7af42110589ce6729fcfa5b6f8/elements - {"using":"xpath","value":"//button[@data-kt=\"contractDetailEditBtnButton\"]"}
RESULT: {"using":"xpath","value":"//button[@data-kt=\"contractDetailEditBtnButton\"]"}
COMMAND: POST /session/1078df7af42110589ce6729fcfa5b6f8/elements - {"using":"xpath","value":"//button[@data-kt=\"contractDetailEditBtnButton\"]"}
RESULT: {"using":"xpath","value":"//button[@data-kt=\"contractDetailEditBtnButton\"]"}
COMMAND: POST /session/1078df7af42110589ce6729fcfa5b6f8/elements - {"using":"xpath","value":"//button[@data-kt=\"contractDetailEditBtnButton\"]"}
RESULT: {"using":"xpath","value":"//button[@data-kt=\"contractDetailEditBtnButton\"]"}
COMMAND: POST /session/1078df7af42110589ce6729fcfa5b6f8/elements - {"using":"xpath","value":"//button[@data-kt=\"contractDetailEditBtnButton\"]"}
RESULT: {"using":"xpath","value":"//button[@data-kt=\"contractDetailEditBtnButton\"]"}
COMMAND: POST /session/1078df7af42110589ce6729fcfa5b6f8/elements - {"using":"xpath","value":"//button[@data-kt=\"contractDetailEditBtnButton\"]"}
RESULT: {"using":"xpath","value":"//button[@data-kt=\"contractDetailEditBtnButton\"]"}
COMMAND: POST /session/1078df7af42110589ce6729fcfa5b6f8/elements - {"using":"xpath","value":"//button[@data-kt=\"contractDetailEditBtnButton\"]"}
RESULT: {"using":"xpath","value":"//button[@data-kt=\"contractDetailEditBtnButton\"]"}
COMMAND: POST /session/1078df7af42110589ce6729fcfa5b6f8/elements - {"using":"xpath","value":"//button[@data-kt=\"contractDetailEditBtnButton\"]"}
RESULT: {"using":"xpath","value":"//button[@data-kt=\"contractDetailEditBtnButton\"]"}
COMMAND: POST /session/1078df7af42110589ce6729fcfa5b6f8/elements - {"using":"xpath","value":"//button[@data-kt=\"contractDetailEditBtnButton\"]"}
RESULT: {"using":"xpath","value":"//button[@data-kt=\"contractDetailEditBtnButton\"]"}
COMMAND: POST /session/1078df7af42110589ce6729fcfa5b6f8/elements - {"using":"xpath","value":"//button[@data-kt=\"contractDetailEditBtnButton\"]"}
RESULT: {"using":"xpath","value":"//button[@data-kt=\"contractDetailEditBtnButton\"]"}
COMMAND: POST /session/1078df7af42110589ce6729fcfa5b6f8/elements - {"using":"xpath","value":"//button[@data-kt=\"contractDetailEditBtnButton\"]"}
RESULT: {"using":"xpath","value":"//button[@data-kt=\"contractDetailEditBtnButton\"]"}
COMMAND: POST /session/1078df7af42110589ce6729fcfa5b6f8/elements - {"using":"xpath","value":"//button[@data-kt=\"contractDetailEditBtnButton\"]"}
RESULT: {"using":"xpath","value":"//button[@data-kt=\"contractDetailEditBtnButton\"]"}
COMMAND: POST /session/1078df7af42110589ce6729fcfa5b6f8/elements - {"using":"xpath","value":"//button[@data-kt=\"contractDetailEditBtnButton\"]"}
RESULT: {"using":"xpath","value":"//button[@data-kt=\"contractDetailEditBtnButton\"]"}
COMMAND: POST /session/1078df7af42110589ce6729fcfa5b6f8/elements - {"using":"xpath","value":"//button[@data-kt=\"contractDetailEditBtnButton\"]"}
RESULT: {"using":"xpath","value":"//button[@data-kt=\"contractDetailEditBtnButton\"]"}
COMMAND: POST /session/1078df7af42110589ce6729fcfa5b6f8/elements - {"using":"xpath","value":"//button[@data-kt=\"contractDetailEditBtnButton\"]"}
RESULT: {"using":"xpath","value":"//button[@data-kt=\"contractDetailEditBtnButton\"]"}
COMMAND: POST /session/1078df7af42110589ce6729fcfa5b6f8/elements - {"using":"xpath","value":"//button[@data-kt=\"contractDetailEditBtnButton\"]"}
RESULT: {"using":"xpath","value":"//button[@data-kt=\"contractDetailEditBtnButton\"]"}
COMMAND: POST /session/1078df7af42110589ce6729fcfa5b6f8/elements - {"using":"xpath","value":"//button[@data-kt=\"contractDetailEditBtnButton\"]"}
RESULT: {"using":"xpath","value":"//button[@data-kt=\"contractDetailEditBtnButton\"]"}
COMMAND: POST /session/1078df7af42110589ce6729fcfa5b6f8/elements - {"using":"xpath","value":"//button[@data-kt=\"contractDetailEditBtnButton\"]"}
RESULT: {"using":"xpath","value":"//button[@data-kt=\"contractDetailEditBtnButton\"]"}
COMMAND: POST /session/1078df7af42110589ce6729fcfa5b6f8/elements - {"using":"xpath","value":"//button[@data-kt=\"contractDetailEditBtnButton\"]"}
RESULT: {"using":"xpath","value":"//button[@data-kt=\"contractDetailEditBtnButton\"]"}
COMMAND: POST /session/1078df7af42110589ce6729fcfa5b6f8/elements - {"using":"xpath","value":"//button[@data-kt=\"contractDetailEditBtnButton\"]"}
RESULT: {"using":"xpath","value":"//button[@data-kt=\"contractDetailEditBtnButton\"]"}
COMMAND: POST /session/1078df7af42110589ce6729fcfa5b6f8/elements - {"using":"xpath","value":"//button[@data-kt=\"contractDetailEditBtnButton\"]"}
RESULT: {"using":"xpath","value":"//button[@data-kt=\"contractDetailEditBtnButton\"]"}
COMMAND: POST /session/1078df7af42110589ce6729fcfa5b6f8/elements - {"using":"xpath","value":"//button[@data-kt=\"contractDetailEditBtnButton\"]"}
RESULT: {"using":"xpath","value":"//button[@data-kt=\"contractDetailEditBtnButton\"]"}
COMMAND: POST /session/1078df7af42110589ce6729fcfa5b6f8/elements - {"using":"xpath","value":"//button[@data-kt=\"contractDetailEditBtnButton\"]"}
RESULT: {"using":"xpath","value":"//button[@data-kt=\"contractDetailEditBtnButton\"]"}
COMMAND: POST /session/1078df7af42110589ce6729fcfa5b6f8/elements - {"using":"xpath","value":"//button[@data-kt=\"contractDetailEditBtnButton\"]"}
RESULT: {"using":"xpath","value":"//button[@data-kt=\"contractDetailEditBtnButton\"]"}
COMMAND: POST /session/1078df7af42110589ce6729fcfa5b6f8/elements - {"using":"xpath","value":"//button[@data-kt=\"contractDetailEditBtnButton\"]"}
RESULT: {"using":"xpath","value":"//button[@data-kt=\"contractDetailEditBtnButton\"]"}
COMMAND: POST /session/1078df7af42110589ce6729fcfa5b6f8/elements - {"using":"xpath","value":"//button[@data-kt=\"contractDetailEditBtnButton\"]"}
RESULT: {"using":"xpath","value":"//button[@data-kt=\"contractDetailEditBtnButton\"]"}
COMMAND: POST /session/1078df7af42110589ce6729fcfa5b6f8/elements - {"using":"xpath","value":"//button[@data-kt=\"contractDetailEditBtnButton\"]"}
RESULT: {"using":"xpath","value":"//button[@data-kt=\"contractDetailEditBtnButton\"]"}
COMMAND: POST /session/1078df7af42110589ce6729fcfa5b6f8/elements - {"using":"xpath","value":"//button[@data-kt=\"contractDetailEditBtnButton\"]"}
RESULT: {"using":"xpath","value":"//button[@data-kt=\"contractDetailEditBtnButton\"]"}
COMMAND: POST /session/1078df7af42110589ce6729fcfa5b6f8/elements - {"using":"xpath","value":"//button[@data-kt=\"contractDetailEditBtnButton\"]"}
RESULT: {"using":"xpath","value":"//button[@data-kt=\"contractDetailEditBtnButton\"]"}
COMMAND: POST /session/1078df7af42110589ce6729fcfa5b6f8/elements - {"using":"xpath","value":"//button[@data-kt=\"contractDetailEditBtnButton\"]"}
RESULT: {"using":"xpath","value":"//button[@data-kt=\"contractDetailEditBtnButton\"]"}
COMMAND: POST /session/1078df7af42110589ce6729fcfa5b6f8/elements - {"using":"xpath","value":"//button[@data-kt=\"contractDetailEditBtnButton\"]"}
RESULT: {"using":"xpath","value":"//button[@data-kt=\"contractDetailEditBtnButton\"]"}
COMMAND: POST /session/1078df7af42110589ce6729fcfa5b6f8/elements - {"using":"xpath","value":"//button[@data-kt=\"contractDetailEditBtnButton\"]"}
RESULT: {"using":"xpath","value":"//button[@data-kt=\"contractDetailEditBtnButton\"]"}
COMMAND: POST /session/1078df7af42110589ce6729fcfa5b6f8/elements - {"using":"xpath","value":"//button[@data-kt=\"contractDetailEditBtnButton\"]"}
RESULT: {"using":"xpath","value":"//button[@data-kt=\"contractDetailEditBtnButton\"]"}
COMMAND: POST /session/1078df7af42110589ce6729fcfa5b6f8/elements - {"using":"xpath","value":"//button[@data-kt=\"contractDetailEditBtnButton\"]"}
RESULT: {"using":"xpath","value":"//button[@data-kt=\"contractDetailEditBtnButton\"]"}
COMMAND: POST /session/1078df7af42110589ce6729fcfa5b6f8/elements - {"using":"xpath","value":"//button[@data-kt=\"contractDetailEditBtnButton\"]"}
RESULT: {"using":"xpath","value":"//button[@data-kt=\"contractDetailEditBtnButton\"]"}
COMMAND: POST /session/1078df7af42110589ce6729fcfa5b6f8/elements - {"using":"xpath","value":"//button[@data-kt=\"contractDetailEditBtnButton\"]"}
RESULT: {"using":"xpath","value":"//button[@data-kt=\"contractDetailEditBtnButton\"]"}
COMMAND: POST /session/1078df7af42110589ce6729fcfa5b6f8/elements - {"using":"xpath","value":"//button[@data-kt=\"contractDetailEditBtnButton\"]"}
RESULT: {"using":"xpath","value":"//button[@data-kt=\"contractDetailEditBtnButton\"]"}
COMMAND: POST /session/1078df7af42110589ce6729fcfa5b6f8/elements - {"using":"xpath","value":"//button[@data-kt=\"contractDetailEditBtnButton\"]"}
RESULT: {"using":"xpath","value":"//button[@data-kt=\"contractDetailEditBtnButton\"]"}
COMMAND: POST /session/1078df7af42110589ce6729fcfa5b6f8/elements - {"using":"xpath","value":"//button[@data-kt=\"contractDetailEditBtnButton\"]"}
RESULT: {"using":"xpath","value":"//button[@data-kt=\"contractDetailEditBtnButton\"]"}
COMMAND: POST /session/1078df7af42110589ce6729fcfa5b6f8/elements - {"using":"xpath","value":"//button[@data-kt=\"contractDetailEditBtnButton\"]"}
RESULT: {"using":"xpath","value":"//button[@data-kt=\"contractDetailEditBtnButton\"]"}
COMMAND: POST /session/1078df7af42110589ce6729fcfa5b6f8/elements - {"using":"xpath","value":"//button[@data-kt=\"contractDetailEditBtnButton\"]"}
RESULT: {"using":"xpath","value":"//button[@data-kt=\"contractDetailEditBtnButton\"]"}
COMMAND: POST /session/1078df7af42110589ce6729fcfa5b6f8/elements - {"using":"xpath","value":"//button[@data-kt=\"contractDetailEditBtnButton\"]"}
RESULT: {"using":"xpath","value":"//button[@data-kt=\"contractDetailEditBtnButton\"]"}
COMMAND: POST /session/1078df7af42110589ce6729fcfa5b6f8/elements - {"using":"xpath","value":"//button[@data-kt=\"contractDetailEditBtnButton\"]"}
RESULT: {"using":"xpath","value":"//button[@data-kt=\"contractDetailEditBtnButton\"]"}
COMMAND: POST /session/1078df7af42110589ce6729fcfa5b6f8/elements - {"using":"xpath","value":"//button[@data-kt=\"contractDetailEditBtnButton\"]"}
RESULT: {"using":"xpath","value":"//button[@data-kt=\"contractDetailEditBtnButton\"]"}
COMMAND: POST /session/1078df7af42110589ce6729fcfa5b6f8/elements - {"using":"xpath","value":"//button[@data-kt=\"contractDetailEditBtnButton\"]"}
RESULT: {"using":"xpath","value":"//button[@data-kt=\"contractDetailEditBtnButton\"]"}
COMMAND: POST /session/1078df7af42110589ce6729fcfa5b6f8/elements - {"using":"xpath","value":"//button[@data-kt=\"contractDetailEditBtnButton\"]"}
RESULT: {"using":"xpath","value":"//button[@data-kt=\"contractDetailEditBtnButton\"]"}
COMMAND: POST /session/1078df7af42110589ce6729fcfa5b6f8/elements - {"using":"xpath","value":"//button[@data-kt=\"contractDetailEditBtnButton\"]"}
RESULT: {"using":"xpath","value":"//button[@data-kt=\"contractDetailEditBtnButton\"]"}
COMMAND: POST /session/1078df7af42110589ce6729fcfa5b6f8/elements - {"using":"xpath","value":"//button[@data-kt=\"contractDetailEditBtnButton\"]"}
RESULT: {"using":"xpath","value":"//button[@data-kt=\"contractDetailEditBtnButton\"]"}
COMMAND: POST /session/1078df7af42110589ce6729fcfa5b6f8/elements - {"using":"xpath","value":"//button[@data-kt=\"contractDetailEditBtnButton\"]"}
RESULT: {"using":"xpath","value":"//button[@data-kt=\"contractDetailEditBtnButton\"]"}
COMMAND: POST /session/1078df7af42110589ce6729fcfa5b6f8/elements - {"using":"xpath","value":"//button[@data-kt=\"contractDetailEditBtnButton\"]"}
RESULT: {"using":"xpath","value":"//button[@data-kt=\"contractDetailEditBtnButton\"]"}
COMMAND: POST /session/1078df7af42110589ce6729fcfa5b6f8/elements - {"using":"xpath","value":"//button[@data-kt=\"contractDetailEditBtnButton\"]"}
RESULT: {"using":"xpath","value":"//button[@data-kt=\"contractDetailEditBtnButton\"]"}
COMMAND: POST /session/1078df7af42110589ce6729fcfa5b6f8/elements - {"using":"xpath","value":"//button[@data-kt=\"contractDetailEditBtnButton\"]"}
RESULT: {"using":"xpath","value":"//button[@data-kt=\"contractDetailEditBtnButton\"]"}
COMMAND: POST /session/1078df7af42110589ce6729fcfa5b6f8/elements - {"using":"xpath","value":"//button[@data-kt=\"contractDetailEditBtnButton\"]"}
RESULT: {"using":"xpath","value":"//button[@data-kt=\"contractDetailEditBtnButton\"]"}
COMMAND: POST /session/1078df7af42110589ce6729fcfa5b6f8/elements - {"using":"xpath","value":"//button[@data-kt=\"contractDetailEditBtnButton\"]"}
RESULT: {"using":"xpath","value":"//button[@data-kt=\"contractDetailEditBtnButton\"]"}
COMMAND: POST /session/1078df7af42110589ce6729fcfa5b6f8/elements - {"using":"xpath","value":"//button[@data-kt=\"contractDetailEditBtnButton\"]"}
RESULT: {"using":"xpath","value":"//button[@data-kt=\"contractDetailEditBtnButton\"]"}
COMMAND: POST /session/1078df7af42110589ce6729fcfa5b6f8/elements - {"using":"xpath","value":"//button[@data-kt=\"contractDetailEditBtnButton\"]"}
RESULT: {"using":"xpath","value":"//button[@data-kt=\"contractDetailEditBtnButton\"]"}
COMMAND: POST /session/1078df7af42110589ce6729fcfa5b6f8/elements - {"using":"xpath","value":"//button[@data-kt=\"contractDetailEditBtnButton\"]"}
RESULT: {"using":"xpath","value":"//button[@data-kt=\"contractDetailEditBtnButton\"]"}
COMMAND: POST /session/1078df7af42110589ce6729fcfa5b6f8/elements - {"using":"xpath","value":"//button[@data-kt=\"contractDetailEditBtnButton\"]"}
RESULT: {"using":"xpath","value":"//button[@data-kt=\"contractDetailEditBtnButton\"]"}
COMMAND: POST /session/1078df7af42110589ce6729fcfa5b6f8/elements - {"using":"xpath","value":"//button[@data-kt=\"contractDetailEditBtnButton\"]"}
RESULT: {"using":"xpath","value":"//button[@data-kt=\"contractDetailEditBtnButton\"]"}
COMMAND: POST /session/1078df7af42110589ce6729fcfa5b6f8/elements - {"using":"xpath","value":"//button[@data-kt=\"contractDetailEditBtnButton\"]"}
RESULT: {"using":"xpath","value":"//button[@data-kt=\"contractDetailEditBtnButton\"]"}
COMMAND: POST /session/1078df7af42110589ce6729fcfa5b6f8/elements - {"using":"xpath","value":"//button[@data-kt=\"contractDetailEditBtnButton\"]"}
RESULT: {"using":"xpath","value":"//button[@data-kt=\"contractDetailEditBtnButton\"]"}
COMMAND: POST /session/1078df7af42110589ce6729fcfa5b6f8/elements - {"using":"xpath","value":"//button[@data-kt=\"contractDetailEditBtnButton\"]"}
RESULT: {"using":"xpath","value":"//button[@data-kt=\"contractDetailEditBtnButton\"]"}
COMMAND: POST /session/1078df7af42110589ce6729fcfa5b6f8/elements - {"using":"xpath","value":"//button[@data-kt=\"contractDetailEditBtnButton\"]"}
RESULT: {"using":"xpath","value":"//button[@data-kt=\"contractDetailEditBtnButton\"]"}
COMMAND: POST /session/1078df7af42110589ce6729fcfa5b6f8/elements - {"using":"xpath","value":"//button[@data-kt=\"contractDetailEditBtnButton\"]"}
RESULT: {"using":"xpath","value":"//button[@data-kt=\"contractDetailEditBtnButton\"]"}
COMMAND: POST /session/1078df7af42110589ce6729fcfa5b6f8/elements - {"using":"xpath","value":"//button[@data-kt=\"contractDetailEditBtnButton\"]"}
RESULT: {"using":"xpath","value":"//button[@data-kt=\"contractDetailEditBtnButton\"]"}
COMMAND: POST /session/1078df7af42110589ce6729fcfa5b6f8/elements - {"using":"xpath","value":"//button[@data-kt=\"contractDetailEditBtnButton\"]"}
RESULT: {"using":"xpath","value":"//button[@data-kt=\"contractDetailEditBtnButton\"]"}
COMMAND: POST /session/1078df7af42110589ce6729fcfa5b6f8/elements - {"using":"xpath","value":"//button[@data-kt=\"contractDetailEditBtnButton\"]"}
RESULT: {"using":"xpath","value":"//button[@data-kt=\"contractDetailEditBtnButton\"]"}
COMMAND: POST /session/1078df7af42110589ce6729fcfa5b6f8/elements - {"using":"xpath","value":"//button[@data-kt=\"contractDetailEditBtnButton\"]"}
COMMAND: GET /session/1078df7af42110589ce6729fcfa5b6f8/screenshot - {}
RESULT: {"using":"xpath","value":"//button[@data-kt=\"contractDetailEditBtnButton\"]"}
RESULT: {}
]]></system-out>
      <system-err><![CDATA[
Error: Can't call click on element with selector "//button[@data-kt="contractDetailEditBtnButton"]" because element wasn't found
    at async UtilsPrerequisites.addItemToContract (D:\a\1\s\test\specs\BTS\prerequisites-and-utils-functions.js:1852:9)
    at async Context.<anonymous> (D:\a\1\s\test\specs\BTS\billing-transfer-intracompany.spec.js:65:9)
]]></system-err>
    </testcase>
    <testcase classname="chrome.136_0_7103_93.windows.Billing_Transfer_-_Intracompany_US127249" name="Should do a provide to site handover" time="60.775">
      <failure/>
      <error message="Can't call click on element with selector &quot;//button[@data-kt=&quot;provideButton&quot;]&quot; because element wasn't found"/>
      <system-out><![CDATA[
COMMAND: GET /session/1078df7af42110589ce6729fcfa5b6f8/screenshot - {}
COMMAND: POST /session/1078df7af42110589ce6729fcfa5b6f8/element - {"using":"xpath","value":"//button[@data-kt=\"provideButton\"]"}
RESULT: {}
RESULT: {"using":"xpath","value":"//button[@data-kt=\"provideButton\"]"}
COMMAND: POST /session/1078df7af42110589ce6729fcfa5b6f8/elements - {"using":"xpath","value":"//button[@data-kt=\"provideButton\"]"}
RESULT: {"using":"xpath","value":"//button[@data-kt=\"provideButton\"]"}
COMMAND: POST /session/1078df7af42110589ce6729fcfa5b6f8/elements - {"using":"xpath","value":"//button[@data-kt=\"provideButton\"]"}
RESULT: {"using":"xpath","value":"//button[@data-kt=\"provideButton\"]"}
COMMAND: POST /session/1078df7af42110589ce6729fcfa5b6f8/elements - {"using":"xpath","value":"//button[@data-kt=\"provideButton\"]"}
RESULT: {"using":"xpath","value":"//button[@data-kt=\"provideButton\"]"}
COMMAND: POST /session/1078df7af42110589ce6729fcfa5b6f8/elements - {"using":"xpath","value":"//button[@data-kt=\"provideButton\"]"}
RESULT: {"using":"xpath","value":"//button[@data-kt=\"provideButton\"]"}
COMMAND: POST /session/1078df7af42110589ce6729fcfa5b6f8/elements - {"using":"xpath","value":"//button[@data-kt=\"provideButton\"]"}
RESULT: {"using":"xpath","value":"//button[@data-kt=\"provideButton\"]"}
COMMAND: POST /session/1078df7af42110589ce6729fcfa5b6f8/elements - {"using":"xpath","value":"//button[@data-kt=\"provideButton\"]"}
RESULT: {"using":"xpath","value":"//button[@data-kt=\"provideButton\"]"}
COMMAND: POST /session/1078df7af42110589ce6729fcfa5b6f8/elements - {"using":"xpath","value":"//button[@data-kt=\"provideButton\"]"}
RESULT: {"using":"xpath","value":"//button[@data-kt=\"provideButton\"]"}
COMMAND: POST /session/1078df7af42110589ce6729fcfa5b6f8/elements - {"using":"xpath","value":"//button[@data-kt=\"provideButton\"]"}
RESULT: {"using":"xpath","value":"//button[@data-kt=\"provideButton\"]"}
COMMAND: POST /session/1078df7af42110589ce6729fcfa5b6f8/elements - {"using":"xpath","value":"//button[@data-kt=\"provideButton\"]"}
RESULT: {"using":"xpath","value":"//button[@data-kt=\"provideButton\"]"}
COMMAND: POST /session/1078df7af42110589ce6729fcfa5b6f8/elements - {"using":"xpath","value":"//button[@data-kt=\"provideButton\"]"}
RESULT: {"using":"xpath","value":"//button[@data-kt=\"provideButton\"]"}
COMMAND: POST /session/1078df7af42110589ce6729fcfa5b6f8/elements - {"using":"xpath","value":"//button[@data-kt=\"provideButton\"]"}
RESULT: {"using":"xpath","value":"//button[@data-kt=\"provideButton\"]"}
COMMAND: POST /session/1078df7af42110589ce6729fcfa5b6f8/elements - {"using":"xpath","value":"//button[@data-kt=\"provideButton\"]"}
RESULT: {"using":"xpath","value":"//button[@data-kt=\"provideButton\"]"}
COMMAND: POST /session/1078df7af42110589ce6729fcfa5b6f8/elements - {"using":"xpath","value":"//button[@data-kt=\"provideButton\"]"}
RESULT: {"using":"xpath","value":"//button[@data-kt=\"provideButton\"]"}
COMMAND: POST /session/1078df7af42110589ce6729fcfa5b6f8/elements - {"using":"xpath","value":"//button[@data-kt=\"provideButton\"]"}
RESULT: {"using":"xpath","value":"//button[@data-kt=\"provideButton\"]"}
COMMAND: POST /session/1078df7af42110589ce6729fcfa5b6f8/elements - {"using":"xpath","value":"//button[@data-kt=\"provideButton\"]"}
RESULT: {"using":"xpath","value":"//button[@data-kt=\"provideButton\"]"}
COMMAND: POST /session/1078df7af42110589ce6729fcfa5b6f8/elements - {"using":"xpath","value":"//button[@data-kt=\"provideButton\"]"}
RESULT: {"using":"xpath","value":"//button[@data-kt=\"provideButton\"]"}
COMMAND: POST /session/1078df7af42110589ce6729fcfa5b6f8/elements - {"using":"xpath","value":"//button[@data-kt=\"provideButton\"]"}
RESULT: {"using":"xpath","value":"//button[@data-kt=\"provideButton\"]"}
COMMAND: POST /session/1078df7af42110589ce6729fcfa5b6f8/elements - {"using":"xpath","value":"//button[@data-kt=\"provideButton\"]"}
RESULT: {"using":"xpath","value":"//button[@data-kt=\"provideButton\"]"}
COMMAND: POST /session/1078df7af42110589ce6729fcfa5b6f8/elements - {"using":"xpath","value":"//button[@data-kt=\"provideButton\"]"}
RESULT: {"using":"xpath","value":"//button[@data-kt=\"provideButton\"]"}
COMMAND: POST /session/1078df7af42110589ce6729fcfa5b6f8/elements - {"using":"xpath","value":"//button[@data-kt=\"provideButton\"]"}
RESULT: {"using":"xpath","value":"//button[@data-kt=\"provideButton\"]"}
COMMAND: POST /session/1078df7af42110589ce6729fcfa5b6f8/elements - {"using":"xpath","value":"//button[@data-kt=\"provideButton\"]"}
RESULT: {"using":"xpath","value":"//button[@data-kt=\"provideButton\"]"}
COMMAND: POST /session/1078df7af42110589ce6729fcfa5b6f8/elements - {"using":"xpath","value":"//button[@data-kt=\"provideButton\"]"}
RESULT: {"using":"xpath","value":"//button[@data-kt=\"provideButton\"]"}
COMMAND: POST /session/1078df7af42110589ce6729fcfa5b6f8/elements - {"using":"xpath","value":"//button[@data-kt=\"provideButton\"]"}
RESULT: {"using":"xpath","value":"//button[@data-kt=\"provideButton\"]"}
COMMAND: POST /session/1078df7af42110589ce6729fcfa5b6f8/elements - {"using":"xpath","value":"//button[@data-kt=\"provideButton\"]"}
RESULT: {"using":"xpath","value":"//button[@data-kt=\"provideButton\"]"}
COMMAND: POST /session/1078df7af42110589ce6729fcfa5b6f8/elements - {"using":"xpath","value":"//button[@data-kt=\"provideButton\"]"}
RESULT: {"using":"xpath","value":"//button[@data-kt=\"provideButton\"]"}
COMMAND: POST /session/1078df7af42110589ce6729fcfa5b6f8/elements - {"using":"xpath","value":"//button[@data-kt=\"provideButton\"]"}
RESULT: {"using":"xpath","value":"//button[@data-kt=\"provideButton\"]"}
COMMAND: POST /session/1078df7af42110589ce6729fcfa5b6f8/elements - {"using":"xpath","value":"//button[@data-kt=\"provideButton\"]"}
RESULT: {"using":"xpath","value":"//button[@data-kt=\"provideButton\"]"}
COMMAND: POST /session/1078df7af42110589ce6729fcfa5b6f8/elements - {"using":"xpath","value":"//button[@data-kt=\"provideButton\"]"}
RESULT: {"using":"xpath","value":"//button[@data-kt=\"provideButton\"]"}
COMMAND: POST /session/1078df7af42110589ce6729fcfa5b6f8/elements - {"using":"xpath","value":"//button[@data-kt=\"provideButton\"]"}
RESULT: {"using":"xpath","value":"//button[@data-kt=\"provideButton\"]"}
COMMAND: POST /session/1078df7af42110589ce6729fcfa5b6f8/elements - {"using":"xpath","value":"//button[@data-kt=\"provideButton\"]"}
RESULT: {"using":"xpath","value":"//button[@data-kt=\"provideButton\"]"}
COMMAND: POST /session/1078df7af42110589ce6729fcfa5b6f8/elements - {"using":"xpath","value":"//button[@data-kt=\"provideButton\"]"}
RESULT: {"using":"xpath","value":"//button[@data-kt=\"provideButton\"]"}
COMMAND: POST /session/1078df7af42110589ce6729fcfa5b6f8/elements - {"using":"xpath","value":"//button[@data-kt=\"provideButton\"]"}
RESULT: {"using":"xpath","value":"//button[@data-kt=\"provideButton\"]"}
COMMAND: POST /session/1078df7af42110589ce6729fcfa5b6f8/elements - {"using":"xpath","value":"//button[@data-kt=\"provideButton\"]"}
RESULT: {"using":"xpath","value":"//button[@data-kt=\"provideButton\"]"}
COMMAND: POST /session/1078df7af42110589ce6729fcfa5b6f8/elements - {"using":"xpath","value":"//button[@data-kt=\"provideButton\"]"}
RESULT: {"using":"xpath","value":"//button[@data-kt=\"provideButton\"]"}
COMMAND: POST /session/1078df7af42110589ce6729fcfa5b6f8/elements - {"using":"xpath","value":"//button[@data-kt=\"provideButton\"]"}
RESULT: {"using":"xpath","value":"//button[@data-kt=\"provideButton\"]"}
COMMAND: POST /session/1078df7af42110589ce6729fcfa5b6f8/elements - {"using":"xpath","value":"//button[@data-kt=\"provideButton\"]"}
RESULT: {"using":"xpath","value":"//button[@data-kt=\"provideButton\"]"}
COMMAND: POST /session/1078df7af42110589ce6729fcfa5b6f8/elements - {"using":"xpath","value":"//button[@data-kt=\"provideButton\"]"}
RESULT: {"using":"xpath","value":"//button[@data-kt=\"provideButton\"]"}
COMMAND: POST /session/1078df7af42110589ce6729fcfa5b6f8/elements - {"using":"xpath","value":"//button[@data-kt=\"provideButton\"]"}
RESULT: {"using":"xpath","value":"//button[@data-kt=\"provideButton\"]"}
COMMAND: POST /session/1078df7af42110589ce6729fcfa5b6f8/elements - {"using":"xpath","value":"//button[@data-kt=\"provideButton\"]"}
RESULT: {"using":"xpath","value":"//button[@data-kt=\"provideButton\"]"}
COMMAND: POST /session/1078df7af42110589ce6729fcfa5b6f8/elements - {"using":"xpath","value":"//button[@data-kt=\"provideButton\"]"}
RESULT: {"using":"xpath","value":"//button[@data-kt=\"provideButton\"]"}
COMMAND: POST /session/1078df7af42110589ce6729fcfa5b6f8/elements - {"using":"xpath","value":"//button[@data-kt=\"provideButton\"]"}
RESULT: {"using":"xpath","value":"//button[@data-kt=\"provideButton\"]"}
COMMAND: POST /session/1078df7af42110589ce6729fcfa5b6f8/elements - {"using":"xpath","value":"//button[@data-kt=\"provideButton\"]"}
RESULT: {"using":"xpath","value":"//button[@data-kt=\"provideButton\"]"}
COMMAND: POST /session/1078df7af42110589ce6729fcfa5b6f8/elements - {"using":"xpath","value":"//button[@data-kt=\"provideButton\"]"}
RESULT: {"using":"xpath","value":"//button[@data-kt=\"provideButton\"]"}
COMMAND: POST /session/1078df7af42110589ce6729fcfa5b6f8/elements - {"using":"xpath","value":"//button[@data-kt=\"provideButton\"]"}
RESULT: {"using":"xpath","value":"//button[@data-kt=\"provideButton\"]"}
COMMAND: POST /session/1078df7af42110589ce6729fcfa5b6f8/elements - {"using":"xpath","value":"//button[@data-kt=\"provideButton\"]"}
RESULT: {"using":"xpath","value":"//button[@data-kt=\"provideButton\"]"}
COMMAND: POST /session/1078df7af42110589ce6729fcfa5b6f8/elements - {"using":"xpath","value":"//button[@data-kt=\"provideButton\"]"}
RESULT: {"using":"xpath","value":"//button[@data-kt=\"provideButton\"]"}
COMMAND: POST /session/1078df7af42110589ce6729fcfa5b6f8/elements - {"using":"xpath","value":"//button[@data-kt=\"provideButton\"]"}
RESULT: {"using":"xpath","value":"//button[@data-kt=\"provideButton\"]"}
COMMAND: POST /session/1078df7af42110589ce6729fcfa5b6f8/elements - {"using":"xpath","value":"//button[@data-kt=\"provideButton\"]"}
RESULT: {"using":"xpath","value":"//button[@data-kt=\"provideButton\"]"}
COMMAND: POST /session/1078df7af42110589ce6729fcfa5b6f8/elements - {"using":"xpath","value":"//button[@data-kt=\"provideButton\"]"}
RESULT: {"using":"xpath","value":"//button[@data-kt=\"provideButton\"]"}
COMMAND: POST /session/1078df7af42110589ce6729fcfa5b6f8/elements - {"using":"xpath","value":"//button[@data-kt=\"provideButton\"]"}
RESULT: {"using":"xpath","value":"//button[@data-kt=\"provideButton\"]"}
COMMAND: POST /session/1078df7af42110589ce6729fcfa5b6f8/elements - {"using":"xpath","value":"//button[@data-kt=\"provideButton\"]"}
RESULT: {"using":"xpath","value":"//button[@data-kt=\"provideButton\"]"}
COMMAND: POST /session/1078df7af42110589ce6729fcfa5b6f8/elements - {"using":"xpath","value":"//button[@data-kt=\"provideButton\"]"}
RESULT: {"using":"xpath","value":"//button[@data-kt=\"provideButton\"]"}
COMMAND: POST /session/1078df7af42110589ce6729fcfa5b6f8/elements - {"using":"xpath","value":"//button[@data-kt=\"provideButton\"]"}
RESULT: {"using":"xpath","value":"//button[@data-kt=\"provideButton\"]"}
COMMAND: POST /session/1078df7af42110589ce6729fcfa5b6f8/elements - {"using":"xpath","value":"//button[@data-kt=\"provideButton\"]"}
RESULT: {"using":"xpath","value":"//button[@data-kt=\"provideButton\"]"}
COMMAND: POST /session/1078df7af42110589ce6729fcfa5b6f8/elements - {"using":"xpath","value":"//button[@data-kt=\"provideButton\"]"}
RESULT: {"using":"xpath","value":"//button[@data-kt=\"provideButton\"]"}
COMMAND: POST /session/1078df7af42110589ce6729fcfa5b6f8/elements - {"using":"xpath","value":"//button[@data-kt=\"provideButton\"]"}
RESULT: {"using":"xpath","value":"//button[@data-kt=\"provideButton\"]"}
COMMAND: POST /session/1078df7af42110589ce6729fcfa5b6f8/elements - {"using":"xpath","value":"//button[@data-kt=\"provideButton\"]"}
RESULT: {"using":"xpath","value":"//button[@data-kt=\"provideButton\"]"}
COMMAND: POST /session/1078df7af42110589ce6729fcfa5b6f8/elements - {"using":"xpath","value":"//button[@data-kt=\"provideButton\"]"}
RESULT: {"using":"xpath","value":"//button[@data-kt=\"provideButton\"]"}
COMMAND: POST /session/1078df7af42110589ce6729fcfa5b6f8/elements - {"using":"xpath","value":"//button[@data-kt=\"provideButton\"]"}
RESULT: {"using":"xpath","value":"//button[@data-kt=\"provideButton\"]"}
COMMAND: POST /session/1078df7af42110589ce6729fcfa5b6f8/elements - {"using":"xpath","value":"//button[@data-kt=\"provideButton\"]"}
RESULT: {"using":"xpath","value":"//button[@data-kt=\"provideButton\"]"}
COMMAND: POST /session/1078df7af42110589ce6729fcfa5b6f8/elements - {"using":"xpath","value":"//button[@data-kt=\"provideButton\"]"}
RESULT: {"using":"xpath","value":"//button[@data-kt=\"provideButton\"]"}
COMMAND: POST /session/1078df7af42110589ce6729fcfa5b6f8/elements - {"using":"xpath","value":"//button[@data-kt=\"provideButton\"]"}
RESULT: {"using":"xpath","value":"//button[@data-kt=\"provideButton\"]"}
COMMAND: POST /session/1078df7af42110589ce6729fcfa5b6f8/elements - {"using":"xpath","value":"//button[@data-kt=\"provideButton\"]"}
RESULT: {"using":"xpath","value":"//button[@data-kt=\"provideButton\"]"}
COMMAND: POST /session/1078df7af42110589ce6729fcfa5b6f8/elements - {"using":"xpath","value":"//button[@data-kt=\"provideButton\"]"}
RESULT: {"using":"xpath","value":"//button[@data-kt=\"provideButton\"]"}
COMMAND: POST /session/1078df7af42110589ce6729fcfa5b6f8/elements - {"using":"xpath","value":"//button[@data-kt=\"provideButton\"]"}
RESULT: {"using":"xpath","value":"//button[@data-kt=\"provideButton\"]"}
COMMAND: POST /session/1078df7af42110589ce6729fcfa5b6f8/elements - {"using":"xpath","value":"//button[@data-kt=\"provideButton\"]"}
RESULT: {"using":"xpath","value":"//button[@data-kt=\"provideButton\"]"}
COMMAND: POST /session/1078df7af42110589ce6729fcfa5b6f8/elements - {"using":"xpath","value":"//button[@data-kt=\"provideButton\"]"}
RESULT: {"using":"xpath","value":"//button[@data-kt=\"provideButton\"]"}
COMMAND: POST /session/1078df7af42110589ce6729fcfa5b6f8/elements - {"using":"xpath","value":"//button[@data-kt=\"provideButton\"]"}
RESULT: {"using":"xpath","value":"//button[@data-kt=\"provideButton\"]"}
COMMAND: POST /session/1078df7af42110589ce6729fcfa5b6f8/elements - {"using":"xpath","value":"//button[@data-kt=\"provideButton\"]"}
RESULT: {"using":"xpath","value":"//button[@data-kt=\"provideButton\"]"}
COMMAND: POST /session/1078df7af42110589ce6729fcfa5b6f8/elements - {"using":"xpath","value":"//button[@data-kt=\"provideButton\"]"}
RESULT: {"using":"xpath","value":"//button[@data-kt=\"provideButton\"]"}
COMMAND: POST /session/1078df7af42110589ce6729fcfa5b6f8/elements - {"using":"xpath","value":"//button[@data-kt=\"provideButton\"]"}
RESULT: {"using":"xpath","value":"//button[@data-kt=\"provideButton\"]"}
COMMAND: POST /session/1078df7af42110589ce6729fcfa5b6f8/elements - {"using":"xpath","value":"//button[@data-kt=\"provideButton\"]"}
RESULT: {"using":"xpath","value":"//button[@data-kt=\"provideButton\"]"}
COMMAND: POST /session/1078df7af42110589ce6729fcfa5b6f8/elements - {"using":"xpath","value":"//button[@data-kt=\"provideButton\"]"}
RESULT: {"using":"xpath","value":"//button[@data-kt=\"provideButton\"]"}
COMMAND: POST /session/1078df7af42110589ce6729fcfa5b6f8/elements - {"using":"xpath","value":"//button[@data-kt=\"provideButton\"]"}
RESULT: {"using":"xpath","value":"//button[@data-kt=\"provideButton\"]"}
COMMAND: POST /session/1078df7af42110589ce6729fcfa5b6f8/elements - {"using":"xpath","value":"//button[@data-kt=\"provideButton\"]"}
RESULT: {"using":"xpath","value":"//button[@data-kt=\"provideButton\"]"}
COMMAND: POST /session/1078df7af42110589ce6729fcfa5b6f8/elements - {"using":"xpath","value":"//button[@data-kt=\"provideButton\"]"}
RESULT: {"using":"xpath","value":"//button[@data-kt=\"provideButton\"]"}
COMMAND: POST /session/1078df7af42110589ce6729fcfa5b6f8/elements - {"using":"xpath","value":"//button[@data-kt=\"provideButton\"]"}
RESULT: {"using":"xpath","value":"//button[@data-kt=\"provideButton\"]"}
COMMAND: POST /session/1078df7af42110589ce6729fcfa5b6f8/elements - {"using":"xpath","value":"//button[@data-kt=\"provideButton\"]"}
RESULT: {"using":"xpath","value":"//button[@data-kt=\"provideButton\"]"}
COMMAND: POST /session/1078df7af42110589ce6729fcfa5b6f8/elements - {"using":"xpath","value":"//button[@data-kt=\"provideButton\"]"}
RESULT: {"using":"xpath","value":"//button[@data-kt=\"provideButton\"]"}
COMMAND: POST /session/1078df7af42110589ce6729fcfa5b6f8/elements - {"using":"xpath","value":"//button[@data-kt=\"provideButton\"]"}
RESULT: {"using":"xpath","value":"//button[@data-kt=\"provideButton\"]"}
COMMAND: POST /session/1078df7af42110589ce6729fcfa5b6f8/elements - {"using":"xpath","value":"//button[@data-kt=\"provideButton\"]"}
RESULT: {"using":"xpath","value":"//button[@data-kt=\"provideButton\"]"}
COMMAND: POST /session/1078df7af42110589ce6729fcfa5b6f8/elements - {"using":"xpath","value":"//button[@data-kt=\"provideButton\"]"}
RESULT: {"using":"xpath","value":"//button[@data-kt=\"provideButton\"]"}
COMMAND: POST /session/1078df7af42110589ce6729fcfa5b6f8/elements - {"using":"xpath","value":"//button[@data-kt=\"provideButton\"]"}
RESULT: {"using":"xpath","value":"//button[@data-kt=\"provideButton\"]"}
COMMAND: POST /session/1078df7af42110589ce6729fcfa5b6f8/elements - {"using":"xpath","value":"//button[@data-kt=\"provideButton\"]"}
RESULT: {"using":"xpath","value":"//button[@data-kt=\"provideButton\"]"}
COMMAND: POST /session/1078df7af42110589ce6729fcfa5b6f8/elements - {"using":"xpath","value":"//button[@data-kt=\"provideButton\"]"}
RESULT: {"using":"xpath","value":"//button[@data-kt=\"provideButton\"]"}
COMMAND: POST /session/1078df7af42110589ce6729fcfa5b6f8/elements - {"using":"xpath","value":"//button[@data-kt=\"provideButton\"]"}
RESULT: {"using":"xpath","value":"//button[@data-kt=\"provideButton\"]"}
COMMAND: POST /session/1078df7af42110589ce6729fcfa5b6f8/elements - {"using":"xpath","value":"//button[@data-kt=\"provideButton\"]"}
RESULT: {"using":"xpath","value":"//button[@data-kt=\"provideButton\"]"}
COMMAND: POST /session/1078df7af42110589ce6729fcfa5b6f8/elements - {"using":"xpath","value":"//button[@data-kt=\"provideButton\"]"}
RESULT: {"using":"xpath","value":"//button[@data-kt=\"provideButton\"]"}
COMMAND: POST /session/1078df7af42110589ce6729fcfa5b6f8/elements - {"using":"xpath","value":"//button[@data-kt=\"provideButton\"]"}
RESULT: {"using":"xpath","value":"//button[@data-kt=\"provideButton\"]"}
COMMAND: POST /session/1078df7af42110589ce6729fcfa5b6f8/elements - {"using":"xpath","value":"//button[@data-kt=\"provideButton\"]"}
RESULT: {"using":"xpath","value":"//button[@data-kt=\"provideButton\"]"}
COMMAND: POST /session/1078df7af42110589ce6729fcfa5b6f8/elements - {"using":"xpath","value":"//button[@data-kt=\"provideButton\"]"}
RESULT: {"using":"xpath","value":"//button[@data-kt=\"provideButton\"]"}
COMMAND: POST /session/1078df7af42110589ce6729fcfa5b6f8/elements - {"using":"xpath","value":"//button[@data-kt=\"provideButton\"]"}
RESULT: {"using":"xpath","value":"//button[@data-kt=\"provideButton\"]"}
COMMAND: POST /session/1078df7af42110589ce6729fcfa5b6f8/elements - {"using":"xpath","value":"//button[@data-kt=\"provideButton\"]"}
RESULT: {"using":"xpath","value":"//button[@data-kt=\"provideButton\"]"}
COMMAND: POST /session/1078df7af42110589ce6729fcfa5b6f8/elements - {"using":"xpath","value":"//button[@data-kt=\"provideButton\"]"}
RESULT: {"using":"xpath","value":"//button[@data-kt=\"provideButton\"]"}
COMMAND: POST /session/1078df7af42110589ce6729fcfa5b6f8/elements - {"using":"xpath","value":"//button[@data-kt=\"provideButton\"]"}
RESULT: {"using":"xpath","value":"//button[@data-kt=\"provideButton\"]"}
COMMAND: POST /session/1078df7af42110589ce6729fcfa5b6f8/elements - {"using":"xpath","value":"//button[@data-kt=\"provideButton\"]"}
RESULT: {"using":"xpath","value":"//button[@data-kt=\"provideButton\"]"}
COMMAND: POST /session/1078df7af42110589ce6729fcfa5b6f8/elements - {"using":"xpath","value":"//button[@data-kt=\"provideButton\"]"}
RESULT: {"using":"xpath","value":"//button[@data-kt=\"provideButton\"]"}
COMMAND: POST /session/1078df7af42110589ce6729fcfa5b6f8/elements - {"using":"xpath","value":"//button[@data-kt=\"provideButton\"]"}
RESULT: {"using":"xpath","value":"//button[@data-kt=\"provideButton\"]"}
COMMAND: POST /session/1078df7af42110589ce6729fcfa5b6f8/elements - {"using":"xpath","value":"//button[@data-kt=\"provideButton\"]"}
RESULT: {"using":"xpath","value":"//button[@data-kt=\"provideButton\"]"}
COMMAND: POST /session/1078df7af42110589ce6729fcfa5b6f8/elements - {"using":"xpath","value":"//button[@data-kt=\"provideButton\"]"}
RESULT: {"using":"xpath","value":"//button[@data-kt=\"provideButton\"]"}
COMMAND: POST /session/1078df7af42110589ce6729fcfa5b6f8/elements - {"using":"xpath","value":"//button[@data-kt=\"provideButton\"]"}
RESULT: {"using":"xpath","value":"//button[@data-kt=\"provideButton\"]"}
COMMAND: POST /session/1078df7af42110589ce6729fcfa5b6f8/elements - {"using":"xpath","value":"//button[@data-kt=\"provideButton\"]"}
RESULT: {"using":"xpath","value":"//button[@data-kt=\"provideButton\"]"}
COMMAND: POST /session/1078df7af42110589ce6729fcfa5b6f8/elements - {"using":"xpath","value":"//button[@data-kt=\"provideButton\"]"}
RESULT: {"using":"xpath","value":"//button[@data-kt=\"provideButton\"]"}
COMMAND: POST /session/1078df7af42110589ce6729fcfa5b6f8/elements - {"using":"xpath","value":"//button[@data-kt=\"provideButton\"]"}
RESULT: {"using":"xpath","value":"//button[@data-kt=\"provideButton\"]"}
COMMAND: POST /session/1078df7af42110589ce6729fcfa5b6f8/elements - {"using":"xpath","value":"//button[@data-kt=\"provideButton\"]"}
RESULT: {"using":"xpath","value":"//button[@data-kt=\"provideButton\"]"}
COMMAND: POST /session/1078df7af42110589ce6729fcfa5b6f8/elements - {"using":"xpath","value":"//button[@data-kt=\"provideButton\"]"}
RESULT: {"using":"xpath","value":"//button[@data-kt=\"provideButton\"]"}
COMMAND: POST /session/1078df7af42110589ce6729fcfa5b6f8/elements - {"using":"xpath","value":"//button[@data-kt=\"provideButton\"]"}
RESULT: {"using":"xpath","value":"//button[@data-kt=\"provideButton\"]"}
COMMAND: POST /session/1078df7af42110589ce6729fcfa5b6f8/elements - {"using":"xpath","value":"//button[@data-kt=\"provideButton\"]"}
RESULT: {"using":"xpath","value":"//button[@data-kt=\"provideButton\"]"}
COMMAND: POST /session/1078df7af42110589ce6729fcfa5b6f8/elements - {"using":"xpath","value":"//button[@data-kt=\"provideButton\"]"}
RESULT: {"using":"xpath","value":"//button[@data-kt=\"provideButton\"]"}
COMMAND: POST /session/1078df7af42110589ce6729fcfa5b6f8/elements - {"using":"xpath","value":"//button[@data-kt=\"provideButton\"]"}
RESULT: {"using":"xpath","value":"//button[@data-kt=\"provideButton\"]"}
COMMAND: POST /session/1078df7af42110589ce6729fcfa5b6f8/elements - {"using":"xpath","value":"//button[@data-kt=\"provideButton\"]"}
RESULT: {"using":"xpath","value":"//button[@data-kt=\"provideButton\"]"}
COMMAND: POST /session/1078df7af42110589ce6729fcfa5b6f8/elements - {"using":"xpath","value":"//button[@data-kt=\"provideButton\"]"}
RESULT: {"using":"xpath","value":"//button[@data-kt=\"provideButton\"]"}
COMMAND: POST /session/1078df7af42110589ce6729fcfa5b6f8/elements - {"using":"xpath","value":"//button[@data-kt=\"provideButton\"]"}
RESULT: {"using":"xpath","value":"//button[@data-kt=\"provideButton\"]"}
COMMAND: POST /session/1078df7af42110589ce6729fcfa5b6f8/elements - {"using":"xpath","value":"//button[@data-kt=\"provideButton\"]"}
RESULT: {"using":"xpath","value":"//button[@data-kt=\"provideButton\"]"}
COMMAND: POST /session/1078df7af42110589ce6729fcfa5b6f8/elements - {"using":"xpath","value":"//button[@data-kt=\"provideButton\"]"}
RESULT: {"using":"xpath","value":"//button[@data-kt=\"provideButton\"]"}
COMMAND: POST /session/1078df7af42110589ce6729fcfa5b6f8/elements - {"using":"xpath","value":"//button[@data-kt=\"provideButton\"]"}
RESULT: {"using":"xpath","value":"//button[@data-kt=\"provideButton\"]"}
COMMAND: POST /session/1078df7af42110589ce6729fcfa5b6f8/elements - {"using":"xpath","value":"//button[@data-kt=\"provideButton\"]"}
RESULT: {"using":"xpath","value":"//button[@data-kt=\"provideButton\"]"}
COMMAND: POST /session/1078df7af42110589ce6729fcfa5b6f8/elements - {"using":"xpath","value":"//button[@data-kt=\"provideButton\"]"}
RESULT: {"using":"xpath","value":"//button[@data-kt=\"provideButton\"]"}
COMMAND: POST /session/1078df7af42110589ce6729fcfa5b6f8/elements - {"using":"xpath","value":"//button[@data-kt=\"provideButton\"]"}
RESULT: {"using":"xpath","value":"//button[@data-kt=\"provideButton\"]"}
COMMAND: POST /session/1078df7af42110589ce6729fcfa5b6f8/elements - {"using":"xpath","value":"//button[@data-kt=\"provideButton\"]"}
RESULT: {"using":"xpath","value":"//button[@data-kt=\"provideButton\"]"}
COMMAND: GET /session/1078df7af42110589ce6729fcfa5b6f8/screenshot - {}
RESULT: {}
]]></system-out>
      <system-err><![CDATA[
Error: Can't call click on element with selector "//button[@data-kt="provideButton"]" because element wasn't found
    at async UtilsPrerequisites.provideToSiteHandoverFromContractDetails (D:\a\1\s\test\specs\BTS\prerequisites-and-utils-functions.js:1949:9)
    at async Context.<anonymous> (D:\a\1\s\test\specs\BTS\billing-transfer-intracompany.spec.js:69:9)
]]></system-err>
    </testcase>
    <testcase classname="chrome.136_0_7103_93.windows.Billing_Transfer_-_Intracompany_US127249" name="Should go navigate to Manage Billings and trigger contract calculation check result" time="79.759">
      <failure/>
      <error message="Can't call click on element with selector &quot;//td[@aria-colindex=&quot;1&quot;]/div/div[contains(@class, &quot;sapMCbBg&quot;)]&quot; because element wasn't found"/>
      <system-out><![CDATA[
COMMAND: POST /session/1078df7af42110589ce6729fcfa5b6f8/execute/async - {"script":"<script> [1562 bytes]","args":[{"selector":{"controlType":"sap.m.GenericTile","properties":{"header":"Manage Billings"}},"wdio_ui5_key":"sapm.GenericTile{\"header\":\"Manage Billings\"}"}]}
COMMAND: GET /session/1078df7af42110589ce6729fcfa5b6f8/screenshot - {}
RESULT: {"script":"<script> [1562 bytes]","args":[{"selector":{"controlType":"sap.m.GenericTile","properties":{"header":"Manage Billings"}},"wdio_ui5_key":"sapm.GenericTile{\"header\":\"Manage Billings\"}"}]}
RESULT: undefined
RESULT: {}
COMMAND: POST /session/1078df7af42110589ce6729fcfa5b6f8/elements - {"using":"xpath","value":"//span[text()='Error']"}
RESULT: {"using":"xpath","value":"//span[text()='Error']"}
COMMAND: POST /session/1078df7af42110589ce6729fcfa5b6f8/execute/async - {"script":"<script> [1562 bytes]","args":[{"selector":{"id":"application-managebillings-display-component---billRunCalcResult--smartFilterBar-btnBasicSearch","interaction":{"idSuffix":"I"}},"wdio_ui5_key":"applicationmanagebillings-display-component---billRunCalcResult--smartFilterBar-btnBasicSearch"}]}
RESULT: {"script":"<script> [1562 bytes]","args":[{"selector":{"id":"application-managebillings-display-component---billRunCalcResult--smartFilterBar-btnBasicSearch","interaction":{"idSuffix":"I"}},"wdio_ui5_key":"applicationmanagebillings-display-component---billRunCalcResult--smartFilterBar-btnBasicSearch"}]}
RESULT: undefined
COMMAND: POST /session/1078df7af42110589ce6729fcfa5b6f8/actions - {"actions":[{"id":"action34","type":"key","parameters":{},"actions":[{"type":"keyDown","value":""},{"type":"pause","duration":10},{"type":"keyUp","value":""}]}]}
RESULT: {"actions":[{"id":"action34","type":"key","parameters":{},"actions":[{"type":"keyDown","value":""},{"type":"pause","duration":10},{"type":"keyUp","value":""}]}]}
COMMAND: GET /session/1078df7af42110589ce6729fcfa5b6f8/screenshot - {}
RESULT: {}
COMMAND: POST /session/1078df7af42110589ce6729fcfa5b6f8/element - {"using":"xpath","value":"//td[@aria-colindex=\"1\"]/div/div[contains(@class, \"sapMCbBg\")]"}
RESULT: {"using":"xpath","value":"//td[@aria-colindex=\"1\"]/div/div[contains(@class, \"sapMCbBg\")]"}
COMMAND: POST /session/1078df7af42110589ce6729fcfa5b6f8/elements - {"using":"xpath","value":"//td[@aria-colindex=\"1\"]/div/div[contains(@class, \"sapMCbBg\")]"}
RESULT: {"using":"xpath","value":"//td[@aria-colindex=\"1\"]/div/div[contains(@class, \"sapMCbBg\")]"}
COMMAND: POST /session/1078df7af42110589ce6729fcfa5b6f8/elements - {"using":"xpath","value":"//td[@aria-colindex=\"1\"]/div/div[contains(@class, \"sapMCbBg\")]"}
RESULT: {"using":"xpath","value":"//td[@aria-colindex=\"1\"]/div/div[contains(@class, \"sapMCbBg\")]"}
COMMAND: POST /session/1078df7af42110589ce6729fcfa5b6f8/elements - {"using":"xpath","value":"//td[@aria-colindex=\"1\"]/div/div[contains(@class, \"sapMCbBg\")]"}
RESULT: {"using":"xpath","value":"//td[@aria-colindex=\"1\"]/div/div[contains(@class, \"sapMCbBg\")]"}
COMMAND: POST /session/1078df7af42110589ce6729fcfa5b6f8/elements - {"using":"xpath","value":"//td[@aria-colindex=\"1\"]/div/div[contains(@class, \"sapMCbBg\")]"}
RESULT: {"using":"xpath","value":"//td[@aria-colindex=\"1\"]/div/div[contains(@class, \"sapMCbBg\")]"}
COMMAND: POST /session/1078df7af42110589ce6729fcfa5b6f8/elements - {"using":"xpath","value":"//td[@aria-colindex=\"1\"]/div/div[contains(@class, \"sapMCbBg\")]"}
RESULT: {"using":"xpath","value":"//td[@aria-colindex=\"1\"]/div/div[contains(@class, \"sapMCbBg\")]"}
COMMAND: POST /session/1078df7af42110589ce6729fcfa5b6f8/elements - {"using":"xpath","value":"//td[@aria-colindex=\"1\"]/div/div[contains(@class, \"sapMCbBg\")]"}
RESULT: {"using":"xpath","value":"//td[@aria-colindex=\"1\"]/div/div[contains(@class, \"sapMCbBg\")]"}
COMMAND: POST /session/1078df7af42110589ce6729fcfa5b6f8/elements - {"using":"xpath","value":"//td[@aria-colindex=\"1\"]/div/div[contains(@class, \"sapMCbBg\")]"}
RESULT: {"using":"xpath","value":"//td[@aria-colindex=\"1\"]/div/div[contains(@class, \"sapMCbBg\")]"}
COMMAND: POST /session/1078df7af42110589ce6729fcfa5b6f8/elements - {"using":"xpath","value":"//td[@aria-colindex=\"1\"]/div/div[contains(@class, \"sapMCbBg\")]"}
RESULT: {"using":"xpath","value":"//td[@aria-colindex=\"1\"]/div/div[contains(@class, \"sapMCbBg\")]"}
COMMAND: POST /session/1078df7af42110589ce6729fcfa5b6f8/elements - {"using":"xpath","value":"//td[@aria-colindex=\"1\"]/div/div[contains(@class, \"sapMCbBg\")]"}
RESULT: {"using":"xpath","value":"//td[@aria-colindex=\"1\"]/div/div[contains(@class, \"sapMCbBg\")]"}
COMMAND: POST /session/1078df7af42110589ce6729fcfa5b6f8/elements - {"using":"xpath","value":"//td[@aria-colindex=\"1\"]/div/div[contains(@class, \"sapMCbBg\")]"}
RESULT: {"using":"xpath","value":"//td[@aria-colindex=\"1\"]/div/div[contains(@class, \"sapMCbBg\")]"}
COMMAND: POST /session/1078df7af42110589ce6729fcfa5b6f8/elements - {"using":"xpath","value":"//td[@aria-colindex=\"1\"]/div/div[contains(@class, \"sapMCbBg\")]"}
RESULT: {"using":"xpath","value":"//td[@aria-colindex=\"1\"]/div/div[contains(@class, \"sapMCbBg\")]"}
COMMAND: POST /session/1078df7af42110589ce6729fcfa5b6f8/elements - {"using":"xpath","value":"//td[@aria-colindex=\"1\"]/div/div[contains(@class, \"sapMCbBg\")]"}
RESULT: {"using":"xpath","value":"//td[@aria-colindex=\"1\"]/div/div[contains(@class, \"sapMCbBg\")]"}
COMMAND: POST /session/1078df7af42110589ce6729fcfa5b6f8/elements - {"using":"xpath","value":"//td[@aria-colindex=\"1\"]/div/div[contains(@class, \"sapMCbBg\")]"}
RESULT: {"using":"xpath","value":"//td[@aria-colindex=\"1\"]/div/div[contains(@class, \"sapMCbBg\")]"}
COMMAND: POST /session/1078df7af42110589ce6729fcfa5b6f8/elements - {"using":"xpath","value":"//td[@aria-colindex=\"1\"]/div/div[contains(@class, \"sapMCbBg\")]"}
RESULT: {"using":"xpath","value":"//td[@aria-colindex=\"1\"]/div/div[contains(@class, \"sapMCbBg\")]"}
COMMAND: POST /session/1078df7af42110589ce6729fcfa5b6f8/elements - {"using":"xpath","value":"//td[@aria-colindex=\"1\"]/div/div[contains(@class, \"sapMCbBg\")]"}
RESULT: {"using":"xpath","value":"//td[@aria-colindex=\"1\"]/div/div[contains(@class, \"sapMCbBg\")]"}
COMMAND: POST /session/1078df7af42110589ce6729fcfa5b6f8/elements - {"using":"xpath","value":"//td[@aria-colindex=\"1\"]/div/div[contains(@class, \"sapMCbBg\")]"}
RESULT: {"using":"xpath","value":"//td[@aria-colindex=\"1\"]/div/div[contains(@class, \"sapMCbBg\")]"}
COMMAND: POST /session/1078df7af42110589ce6729fcfa5b6f8/elements - {"using":"xpath","value":"//td[@aria-colindex=\"1\"]/div/div[contains(@class, \"sapMCbBg\")]"}
RESULT: {"using":"xpath","value":"//td[@aria-colindex=\"1\"]/div/div[contains(@class, \"sapMCbBg\")]"}
COMMAND: POST /session/1078df7af42110589ce6729fcfa5b6f8/elements - {"using":"xpath","value":"//td[@aria-colindex=\"1\"]/div/div[contains(@class, \"sapMCbBg\")]"}
RESULT: {"using":"xpath","value":"//td[@aria-colindex=\"1\"]/div/div[contains(@class, \"sapMCbBg\")]"}
COMMAND: POST /session/1078df7af42110589ce6729fcfa5b6f8/elements - {"using":"xpath","value":"//td[@aria-colindex=\"1\"]/div/div[contains(@class, \"sapMCbBg\")]"}
RESULT: {"using":"xpath","value":"//td[@aria-colindex=\"1\"]/div/div[contains(@class, \"sapMCbBg\")]"}
COMMAND: POST /session/1078df7af42110589ce6729fcfa5b6f8/elements - {"using":"xpath","value":"//td[@aria-colindex=\"1\"]/div/div[contains(@class, \"sapMCbBg\")]"}
RESULT: {"using":"xpath","value":"//td[@aria-colindex=\"1\"]/div/div[contains(@class, \"sapMCbBg\")]"}
COMMAND: POST /session/1078df7af42110589ce6729fcfa5b6f8/elements - {"using":"xpath","value":"//td[@aria-colindex=\"1\"]/div/div[contains(@class, \"sapMCbBg\")]"}
RESULT: {"using":"xpath","value":"//td[@aria-colindex=\"1\"]/div/div[contains(@class, \"sapMCbBg\")]"}
COMMAND: POST /session/1078df7af42110589ce6729fcfa5b6f8/elements - {"using":"xpath","value":"//td[@aria-colindex=\"1\"]/div/div[contains(@class, \"sapMCbBg\")]"}
RESULT: {"using":"xpath","value":"//td[@aria-colindex=\"1\"]/div/div[contains(@class, \"sapMCbBg\")]"}
COMMAND: POST /session/1078df7af42110589ce6729fcfa5b6f8/elements - {"using":"xpath","value":"//td[@aria-colindex=\"1\"]/div/div[contains(@class, \"sapMCbBg\")]"}
RESULT: {"using":"xpath","value":"//td[@aria-colindex=\"1\"]/div/div[contains(@class, \"sapMCbBg\")]"}
COMMAND: POST /session/1078df7af42110589ce6729fcfa5b6f8/elements - {"using":"xpath","value":"//td[@aria-colindex=\"1\"]/div/div[contains(@class, \"sapMCbBg\")]"}
RESULT: {"using":"xpath","value":"//td[@aria-colindex=\"1\"]/div/div[contains(@class, \"sapMCbBg\")]"}
COMMAND: POST /session/1078df7af42110589ce6729fcfa5b6f8/elements - {"using":"xpath","value":"//td[@aria-colindex=\"1\"]/div/div[contains(@class, \"sapMCbBg\")]"}
RESULT: {"using":"xpath","value":"//td[@aria-colindex=\"1\"]/div/div[contains(@class, \"sapMCbBg\")]"}
COMMAND: POST /session/1078df7af42110589ce6729fcfa5b6f8/elements - {"using":"xpath","value":"//td[@aria-colindex=\"1\"]/div/div[contains(@class, \"sapMCbBg\")]"}
RESULT: {"using":"xpath","value":"//td[@aria-colindex=\"1\"]/div/div[contains(@class, \"sapMCbBg\")]"}
COMMAND: POST /session/1078df7af42110589ce6729fcfa5b6f8/elements - {"using":"xpath","value":"//td[@aria-colindex=\"1\"]/div/div[contains(@class, \"sapMCbBg\")]"}
RESULT: {"using":"xpath","value":"//td[@aria-colindex=\"1\"]/div/div[contains(@class, \"sapMCbBg\")]"}
COMMAND: POST /session/1078df7af42110589ce6729fcfa5b6f8/elements - {"using":"xpath","value":"//td[@aria-colindex=\"1\"]/div/div[contains(@class, \"sapMCbBg\")]"}
RESULT: {"using":"xpath","value":"//td[@aria-colindex=\"1\"]/div/div[contains(@class, \"sapMCbBg\")]"}
COMMAND: POST /session/1078df7af42110589ce6729fcfa5b6f8/elements - {"using":"xpath","value":"//td[@aria-colindex=\"1\"]/div/div[contains(@class, \"sapMCbBg\")]"}
RESULT: {"using":"xpath","value":"//td[@aria-colindex=\"1\"]/div/div[contains(@class, \"sapMCbBg\")]"}
COMMAND: POST /session/1078df7af42110589ce6729fcfa5b6f8/elements - {"using":"xpath","value":"//td[@aria-colindex=\"1\"]/div/div[contains(@class, \"sapMCbBg\")]"}
RESULT: {"using":"xpath","value":"//td[@aria-colindex=\"1\"]/div/div[contains(@class, \"sapMCbBg\")]"}
COMMAND: POST /session/1078df7af42110589ce6729fcfa5b6f8/elements - {"using":"xpath","value":"//td[@aria-colindex=\"1\"]/div/div[contains(@class, \"sapMCbBg\")]"}
RESULT: {"using":"xpath","value":"//td[@aria-colindex=\"1\"]/div/div[contains(@class, \"sapMCbBg\")]"}
COMMAND: POST /session/1078df7af42110589ce6729fcfa5b6f8/elements - {"using":"xpath","value":"//td[@aria-colindex=\"1\"]/div/div[contains(@class, \"sapMCbBg\")]"}
RESULT: {"using":"xpath","value":"//td[@aria-colindex=\"1\"]/div/div[contains(@class, \"sapMCbBg\")]"}
COMMAND: POST /session/1078df7af42110589ce6729fcfa5b6f8/elements - {"using":"xpath","value":"//td[@aria-colindex=\"1\"]/div/div[contains(@class, \"sapMCbBg\")]"}
RESULT: {"using":"xpath","value":"//td[@aria-colindex=\"1\"]/div/div[contains(@class, \"sapMCbBg\")]"}
COMMAND: POST /session/1078df7af42110589ce6729fcfa5b6f8/elements - {"using":"xpath","value":"//td[@aria-colindex=\"1\"]/div/div[contains(@class, \"sapMCbBg\")]"}
RESULT: {"using":"xpath","value":"//td[@aria-colindex=\"1\"]/div/div[contains(@class, \"sapMCbBg\")]"}
COMMAND: POST /session/1078df7af42110589ce6729fcfa5b6f8/elements - {"using":"xpath","value":"//td[@aria-colindex=\"1\"]/div/div[contains(@class, \"sapMCbBg\")]"}
RESULT: {"using":"xpath","value":"//td[@aria-colindex=\"1\"]/div/div[contains(@class, \"sapMCbBg\")]"}
COMMAND: POST /session/1078df7af42110589ce6729fcfa5b6f8/elements - {"using":"xpath","value":"//td[@aria-colindex=\"1\"]/div/div[contains(@class, \"sapMCbBg\")]"}
RESULT: {"using":"xpath","value":"//td[@aria-colindex=\"1\"]/div/div[contains(@class, \"sapMCbBg\")]"}
COMMAND: POST /session/1078df7af42110589ce6729fcfa5b6f8/elements - {"using":"xpath","value":"//td[@aria-colindex=\"1\"]/div/div[contains(@class, \"sapMCbBg\")]"}
RESULT: {"using":"xpath","value":"//td[@aria-colindex=\"1\"]/div/div[contains(@class, \"sapMCbBg\")]"}
COMMAND: POST /session/1078df7af42110589ce6729fcfa5b6f8/elements - {"using":"xpath","value":"//td[@aria-colindex=\"1\"]/div/div[contains(@class, \"sapMCbBg\")]"}
RESULT: {"using":"xpath","value":"//td[@aria-colindex=\"1\"]/div/div[contains(@class, \"sapMCbBg\")]"}
COMMAND: POST /session/1078df7af42110589ce6729fcfa5b6f8/elements - {"using":"xpath","value":"//td[@aria-colindex=\"1\"]/div/div[contains(@class, \"sapMCbBg\")]"}
RESULT: {"using":"xpath","value":"//td[@aria-colindex=\"1\"]/div/div[contains(@class, \"sapMCbBg\")]"}
COMMAND: POST /session/1078df7af42110589ce6729fcfa5b6f8/elements - {"using":"xpath","value":"//td[@aria-colindex=\"1\"]/div/div[contains(@class, \"sapMCbBg\")]"}
RESULT: {"using":"xpath","value":"//td[@aria-colindex=\"1\"]/div/div[contains(@class, \"sapMCbBg\")]"}
COMMAND: POST /session/1078df7af42110589ce6729fcfa5b6f8/elements - {"using":"xpath","value":"//td[@aria-colindex=\"1\"]/div/div[contains(@class, \"sapMCbBg\")]"}
RESULT: {"using":"xpath","value":"//td[@aria-colindex=\"1\"]/div/div[contains(@class, \"sapMCbBg\")]"}
COMMAND: POST /session/1078df7af42110589ce6729fcfa5b6f8/elements - {"using":"xpath","value":"//td[@aria-colindex=\"1\"]/div/div[contains(@class, \"sapMCbBg\")]"}
RESULT: {"using":"xpath","value":"//td[@aria-colindex=\"1\"]/div/div[contains(@class, \"sapMCbBg\")]"}
COMMAND: POST /session/1078df7af42110589ce6729fcfa5b6f8/elements - {"using":"xpath","value":"//td[@aria-colindex=\"1\"]/div/div[contains(@class, \"sapMCbBg\")]"}
RESULT: {"using":"xpath","value":"//td[@aria-colindex=\"1\"]/div/div[contains(@class, \"sapMCbBg\")]"}
COMMAND: POST /session/1078df7af42110589ce6729fcfa5b6f8/elements - {"using":"xpath","value":"//td[@aria-colindex=\"1\"]/div/div[contains(@class, \"sapMCbBg\")]"}
RESULT: {"using":"xpath","value":"//td[@aria-colindex=\"1\"]/div/div[contains(@class, \"sapMCbBg\")]"}
COMMAND: POST /session/1078df7af42110589ce6729fcfa5b6f8/elements - {"using":"xpath","value":"//td[@aria-colindex=\"1\"]/div/div[contains(@class, \"sapMCbBg\")]"}
RESULT: {"using":"xpath","value":"//td[@aria-colindex=\"1\"]/div/div[contains(@class, \"sapMCbBg\")]"}
COMMAND: POST /session/1078df7af42110589ce6729fcfa5b6f8/elements - {"using":"xpath","value":"//td[@aria-colindex=\"1\"]/div/div[contains(@class, \"sapMCbBg\")]"}
RESULT: {"using":"xpath","value":"//td[@aria-colindex=\"1\"]/div/div[contains(@class, \"sapMCbBg\")]"}
COMMAND: POST /session/1078df7af42110589ce6729fcfa5b6f8/elements - {"using":"xpath","value":"//td[@aria-colindex=\"1\"]/div/div[contains(@class, \"sapMCbBg\")]"}
RESULT: {"using":"xpath","value":"//td[@aria-colindex=\"1\"]/div/div[contains(@class, \"sapMCbBg\")]"}
COMMAND: POST /session/1078df7af42110589ce6729fcfa5b6f8/elements - {"using":"xpath","value":"//td[@aria-colindex=\"1\"]/div/div[contains(@class, \"sapMCbBg\")]"}
RESULT: {"using":"xpath","value":"//td[@aria-colindex=\"1\"]/div/div[contains(@class, \"sapMCbBg\")]"}
COMMAND: POST /session/1078df7af42110589ce6729fcfa5b6f8/elements - {"using":"xpath","value":"//td[@aria-colindex=\"1\"]/div/div[contains(@class, \"sapMCbBg\")]"}
RESULT: {"using":"xpath","value":"//td[@aria-colindex=\"1\"]/div/div[contains(@class, \"sapMCbBg\")]"}
COMMAND: POST /session/1078df7af42110589ce6729fcfa5b6f8/elements - {"using":"xpath","value":"//td[@aria-colindex=\"1\"]/div/div[contains(@class, \"sapMCbBg\")]"}
RESULT: {"using":"xpath","value":"//td[@aria-colindex=\"1\"]/div/div[contains(@class, \"sapMCbBg\")]"}
COMMAND: POST /session/1078df7af42110589ce6729fcfa5b6f8/elements - {"using":"xpath","value":"//td[@aria-colindex=\"1\"]/div/div[contains(@class, \"sapMCbBg\")]"}
RESULT: {"using":"xpath","value":"//td[@aria-colindex=\"1\"]/div/div[contains(@class, \"sapMCbBg\")]"}
COMMAND: POST /session/1078df7af42110589ce6729fcfa5b6f8/elements - {"using":"xpath","value":"//td[@aria-colindex=\"1\"]/div/div[contains(@class, \"sapMCbBg\")]"}
RESULT: {"using":"xpath","value":"//td[@aria-colindex=\"1\"]/div/div[contains(@class, \"sapMCbBg\")]"}
COMMAND: POST /session/1078df7af42110589ce6729fcfa5b6f8/elements - {"using":"xpath","value":"//td[@aria-colindex=\"1\"]/div/div[contains(@class, \"sapMCbBg\")]"}
RESULT: {"using":"xpath","value":"//td[@aria-colindex=\"1\"]/div/div[contains(@class, \"sapMCbBg\")]"}
COMMAND: POST /session/1078df7af42110589ce6729fcfa5b6f8/elements - {"using":"xpath","value":"//td[@aria-colindex=\"1\"]/div/div[contains(@class, \"sapMCbBg\")]"}
RESULT: {"using":"xpath","value":"//td[@aria-colindex=\"1\"]/div/div[contains(@class, \"sapMCbBg\")]"}
COMMAND: POST /session/1078df7af42110589ce6729fcfa5b6f8/elements - {"using":"xpath","value":"//td[@aria-colindex=\"1\"]/div/div[contains(@class, \"sapMCbBg\")]"}
RESULT: {"using":"xpath","value":"//td[@aria-colindex=\"1\"]/div/div[contains(@class, \"sapMCbBg\")]"}
COMMAND: POST /session/1078df7af42110589ce6729fcfa5b6f8/elements - {"using":"xpath","value":"//td[@aria-colindex=\"1\"]/div/div[contains(@class, \"sapMCbBg\")]"}
RESULT: {"using":"xpath","value":"//td[@aria-colindex=\"1\"]/div/div[contains(@class, \"sapMCbBg\")]"}
COMMAND: POST /session/1078df7af42110589ce6729fcfa5b6f8/elements - {"using":"xpath","value":"//td[@aria-colindex=\"1\"]/div/div[contains(@class, \"sapMCbBg\")]"}
RESULT: {"using":"xpath","value":"//td[@aria-colindex=\"1\"]/div/div[contains(@class, \"sapMCbBg\")]"}
COMMAND: POST /session/1078df7af42110589ce6729fcfa5b6f8/elements - {"using":"xpath","value":"//td[@aria-colindex=\"1\"]/div/div[contains(@class, \"sapMCbBg\")]"}
RESULT: {"using":"xpath","value":"//td[@aria-colindex=\"1\"]/div/div[contains(@class, \"sapMCbBg\")]"}
COMMAND: POST /session/1078df7af42110589ce6729fcfa5b6f8/elements - {"using":"xpath","value":"//td[@aria-colindex=\"1\"]/div/div[contains(@class, \"sapMCbBg\")]"}
RESULT: {"using":"xpath","value":"//td[@aria-colindex=\"1\"]/div/div[contains(@class, \"sapMCbBg\")]"}
COMMAND: POST /session/1078df7af42110589ce6729fcfa5b6f8/elements - {"using":"xpath","value":"//td[@aria-colindex=\"1\"]/div/div[contains(@class, \"sapMCbBg\")]"}
RESULT: {"using":"xpath","value":"//td[@aria-colindex=\"1\"]/div/div[contains(@class, \"sapMCbBg\")]"}
COMMAND: POST /session/1078df7af42110589ce6729fcfa5b6f8/elements - {"using":"xpath","value":"//td[@aria-colindex=\"1\"]/div/div[contains(@class, \"sapMCbBg\")]"}
RESULT: {"using":"xpath","value":"//td[@aria-colindex=\"1\"]/div/div[contains(@class, \"sapMCbBg\")]"}
COMMAND: POST /session/1078df7af42110589ce6729fcfa5b6f8/elements - {"using":"xpath","value":"//td[@aria-colindex=\"1\"]/div/div[contains(@class, \"sapMCbBg\")]"}
RESULT: {"using":"xpath","value":"//td[@aria-colindex=\"1\"]/div/div[contains(@class, \"sapMCbBg\")]"}
COMMAND: POST /session/1078df7af42110589ce6729fcfa5b6f8/elements - {"using":"xpath","value":"//td[@aria-colindex=\"1\"]/div/div[contains(@class, \"sapMCbBg\")]"}
RESULT: {"using":"xpath","value":"//td[@aria-colindex=\"1\"]/div/div[contains(@class, \"sapMCbBg\")]"}
COMMAND: POST /session/1078df7af42110589ce6729fcfa5b6f8/elements - {"using":"xpath","value":"//td[@aria-colindex=\"1\"]/div/div[contains(@class, \"sapMCbBg\")]"}
RESULT: {"using":"xpath","value":"//td[@aria-colindex=\"1\"]/div/div[contains(@class, \"sapMCbBg\")]"}
COMMAND: POST /session/1078df7af42110589ce6729fcfa5b6f8/elements - {"using":"xpath","value":"//td[@aria-colindex=\"1\"]/div/div[contains(@class, \"sapMCbBg\")]"}
RESULT: {"using":"xpath","value":"//td[@aria-colindex=\"1\"]/div/div[contains(@class, \"sapMCbBg\")]"}
COMMAND: POST /session/1078df7af42110589ce6729fcfa5b6f8/elements - {"using":"xpath","value":"//td[@aria-colindex=\"1\"]/div/div[contains(@class, \"sapMCbBg\")]"}
RESULT: {"using":"xpath","value":"//td[@aria-colindex=\"1\"]/div/div[contains(@class, \"sapMCbBg\")]"}
COMMAND: POST /session/1078df7af42110589ce6729fcfa5b6f8/elements - {"using":"xpath","value":"//td[@aria-colindex=\"1\"]/div/div[contains(@class, \"sapMCbBg\")]"}
RESULT: {"using":"xpath","value":"//td[@aria-colindex=\"1\"]/div/div[contains(@class, \"sapMCbBg\")]"}
COMMAND: POST /session/1078df7af42110589ce6729fcfa5b6f8/elements - {"using":"xpath","value":"//td[@aria-colindex=\"1\"]/div/div[contains(@class, \"sapMCbBg\")]"}
RESULT: {"using":"xpath","value":"//td[@aria-colindex=\"1\"]/div/div[contains(@class, \"sapMCbBg\")]"}
COMMAND: POST /session/1078df7af42110589ce6729fcfa5b6f8/elements - {"using":"xpath","value":"//td[@aria-colindex=\"1\"]/div/div[contains(@class, \"sapMCbBg\")]"}
RESULT: {"using":"xpath","value":"//td[@aria-colindex=\"1\"]/div/div[contains(@class, \"sapMCbBg\")]"}
COMMAND: POST /session/1078df7af42110589ce6729fcfa5b6f8/elements - {"using":"xpath","value":"//td[@aria-colindex=\"1\"]/div/div[contains(@class, \"sapMCbBg\")]"}
RESULT: {"using":"xpath","value":"//td[@aria-colindex=\"1\"]/div/div[contains(@class, \"sapMCbBg\")]"}
COMMAND: POST /session/1078df7af42110589ce6729fcfa5b6f8/elements - {"using":"xpath","value":"//td[@aria-colindex=\"1\"]/div/div[contains(@class, \"sapMCbBg\")]"}
RESULT: {"using":"xpath","value":"//td[@aria-colindex=\"1\"]/div/div[contains(@class, \"sapMCbBg\")]"}
COMMAND: POST /session/1078df7af42110589ce6729fcfa5b6f8/elements - {"using":"xpath","value":"//td[@aria-colindex=\"1\"]/div/div[contains(@class, \"sapMCbBg\")]"}
RESULT: {"using":"xpath","value":"//td[@aria-colindex=\"1\"]/div/div[contains(@class, \"sapMCbBg\")]"}
COMMAND: POST /session/1078df7af42110589ce6729fcfa5b6f8/elements - {"using":"xpath","value":"//td[@aria-colindex=\"1\"]/div/div[contains(@class, \"sapMCbBg\")]"}
RESULT: {"using":"xpath","value":"//td[@aria-colindex=\"1\"]/div/div[contains(@class, \"sapMCbBg\")]"}
COMMAND: POST /session/1078df7af42110589ce6729fcfa5b6f8/elements - {"using":"xpath","value":"//td[@aria-colindex=\"1\"]/div/div[contains(@class, \"sapMCbBg\")]"}
RESULT: {"using":"xpath","value":"//td[@aria-colindex=\"1\"]/div/div[contains(@class, \"sapMCbBg\")]"}
COMMAND: POST /session/1078df7af42110589ce6729fcfa5b6f8/elements - {"using":"xpath","value":"//td[@aria-colindex=\"1\"]/div/div[contains(@class, \"sapMCbBg\")]"}
RESULT: {"using":"xpath","value":"//td[@aria-colindex=\"1\"]/div/div[contains(@class, \"sapMCbBg\")]"}
COMMAND: POST /session/1078df7af42110589ce6729fcfa5b6f8/elements - {"using":"xpath","value":"//td[@aria-colindex=\"1\"]/div/div[contains(@class, \"sapMCbBg\")]"}
RESULT: {"using":"xpath","value":"//td[@aria-colindex=\"1\"]/div/div[contains(@class, \"sapMCbBg\")]"}
COMMAND: POST /session/1078df7af42110589ce6729fcfa5b6f8/elements - {"using":"xpath","value":"//td[@aria-colindex=\"1\"]/div/div[contains(@class, \"sapMCbBg\")]"}
RESULT: {"using":"xpath","value":"//td[@aria-colindex=\"1\"]/div/div[contains(@class, \"sapMCbBg\")]"}
COMMAND: POST /session/1078df7af42110589ce6729fcfa5b6f8/elements - {"using":"xpath","value":"//td[@aria-colindex=\"1\"]/div/div[contains(@class, \"sapMCbBg\")]"}
RESULT: {"using":"xpath","value":"//td[@aria-colindex=\"1\"]/div/div[contains(@class, \"sapMCbBg\")]"}
COMMAND: POST /session/1078df7af42110589ce6729fcfa5b6f8/elements - {"using":"xpath","value":"//td[@aria-colindex=\"1\"]/div/div[contains(@class, \"sapMCbBg\")]"}
RESULT: {"using":"xpath","value":"//td[@aria-colindex=\"1\"]/div/div[contains(@class, \"sapMCbBg\")]"}
COMMAND: POST /session/1078df7af42110589ce6729fcfa5b6f8/elements - {"using":"xpath","value":"//td[@aria-colindex=\"1\"]/div/div[contains(@class, \"sapMCbBg\")]"}
RESULT: {"using":"xpath","value":"//td[@aria-colindex=\"1\"]/div/div[contains(@class, \"sapMCbBg\")]"}
COMMAND: POST /session/1078df7af42110589ce6729fcfa5b6f8/elements - {"using":"xpath","value":"//td[@aria-colindex=\"1\"]/div/div[contains(@class, \"sapMCbBg\")]"}
RESULT: {"using":"xpath","value":"//td[@aria-colindex=\"1\"]/div/div[contains(@class, \"sapMCbBg\")]"}
COMMAND: POST /session/1078df7af42110589ce6729fcfa5b6f8/elements - {"using":"xpath","value":"//td[@aria-colindex=\"1\"]/div/div[contains(@class, \"sapMCbBg\")]"}
RESULT: {"using":"xpath","value":"//td[@aria-colindex=\"1\"]/div/div[contains(@class, \"sapMCbBg\")]"}
COMMAND: POST /session/1078df7af42110589ce6729fcfa5b6f8/elements - {"using":"xpath","value":"//td[@aria-colindex=\"1\"]/div/div[contains(@class, \"sapMCbBg\")]"}
RESULT: {"using":"xpath","value":"//td[@aria-colindex=\"1\"]/div/div[contains(@class, \"sapMCbBg\")]"}
COMMAND: POST /session/1078df7af42110589ce6729fcfa5b6f8/elements - {"using":"xpath","value":"//td[@aria-colindex=\"1\"]/div/div[contains(@class, \"sapMCbBg\")]"}
RESULT: {"using":"xpath","value":"//td[@aria-colindex=\"1\"]/div/div[contains(@class, \"sapMCbBg\")]"}
COMMAND: POST /session/1078df7af42110589ce6729fcfa5b6f8/elements - {"using":"xpath","value":"//td[@aria-colindex=\"1\"]/div/div[contains(@class, \"sapMCbBg\")]"}
RESULT: {"using":"xpath","value":"//td[@aria-colindex=\"1\"]/div/div[contains(@class, \"sapMCbBg\")]"}
COMMAND: POST /session/1078df7af42110589ce6729fcfa5b6f8/elements - {"using":"xpath","value":"//td[@aria-colindex=\"1\"]/div/div[contains(@class, \"sapMCbBg\")]"}
RESULT: {"using":"xpath","value":"//td[@aria-colindex=\"1\"]/div/div[contains(@class, \"sapMCbBg\")]"}
COMMAND: POST /session/1078df7af42110589ce6729fcfa5b6f8/elements - {"using":"xpath","value":"//td[@aria-colindex=\"1\"]/div/div[contains(@class, \"sapMCbBg\")]"}
RESULT: {"using":"xpath","value":"//td[@aria-colindex=\"1\"]/div/div[contains(@class, \"sapMCbBg\")]"}
COMMAND: POST /session/1078df7af42110589ce6729fcfa5b6f8/elements - {"using":"xpath","value":"//td[@aria-colindex=\"1\"]/div/div[contains(@class, \"sapMCbBg\")]"}
RESULT: {"using":"xpath","value":"//td[@aria-colindex=\"1\"]/div/div[contains(@class, \"sapMCbBg\")]"}
COMMAND: POST /session/1078df7af42110589ce6729fcfa5b6f8/elements - {"using":"xpath","value":"//td[@aria-colindex=\"1\"]/div/div[contains(@class, \"sapMCbBg\")]"}
RESULT: {"using":"xpath","value":"//td[@aria-colindex=\"1\"]/div/div[contains(@class, \"sapMCbBg\")]"}
COMMAND: POST /session/1078df7af42110589ce6729fcfa5b6f8/elements - {"using":"xpath","value":"//td[@aria-colindex=\"1\"]/div/div[contains(@class, \"sapMCbBg\")]"}
RESULT: {"using":"xpath","value":"//td[@aria-colindex=\"1\"]/div/div[contains(@class, \"sapMCbBg\")]"}
COMMAND: POST /session/1078df7af42110589ce6729fcfa5b6f8/elements - {"using":"xpath","value":"//td[@aria-colindex=\"1\"]/div/div[contains(@class, \"sapMCbBg\")]"}
RESULT: {"using":"xpath","value":"//td[@aria-colindex=\"1\"]/div/div[contains(@class, \"sapMCbBg\")]"}
COMMAND: POST /session/1078df7af42110589ce6729fcfa5b6f8/elements - {"using":"xpath","value":"//td[@aria-colindex=\"1\"]/div/div[contains(@class, \"sapMCbBg\")]"}
RESULT: {"using":"xpath","value":"//td[@aria-colindex=\"1\"]/div/div[contains(@class, \"sapMCbBg\")]"}
COMMAND: POST /session/1078df7af42110589ce6729fcfa5b6f8/elements - {"using":"xpath","value":"//td[@aria-colindex=\"1\"]/div/div[contains(@class, \"sapMCbBg\")]"}
RESULT: {"using":"xpath","value":"//td[@aria-colindex=\"1\"]/div/div[contains(@class, \"sapMCbBg\")]"}
COMMAND: POST /session/1078df7af42110589ce6729fcfa5b6f8/elements - {"using":"xpath","value":"//td[@aria-colindex=\"1\"]/div/div[contains(@class, \"sapMCbBg\")]"}
RESULT: {"using":"xpath","value":"//td[@aria-colindex=\"1\"]/div/div[contains(@class, \"sapMCbBg\")]"}
COMMAND: POST /session/1078df7af42110589ce6729fcfa5b6f8/elements - {"using":"xpath","value":"//td[@aria-colindex=\"1\"]/div/div[contains(@class, \"sapMCbBg\")]"}
RESULT: {"using":"xpath","value":"//td[@aria-colindex=\"1\"]/div/div[contains(@class, \"sapMCbBg\")]"}
COMMAND: POST /session/1078df7af42110589ce6729fcfa5b6f8/elements - {"using":"xpath","value":"//td[@aria-colindex=\"1\"]/div/div[contains(@class, \"sapMCbBg\")]"}
RESULT: {"using":"xpath","value":"//td[@aria-colindex=\"1\"]/div/div[contains(@class, \"sapMCbBg\")]"}
COMMAND: POST /session/1078df7af42110589ce6729fcfa5b6f8/elements - {"using":"xpath","value":"//td[@aria-colindex=\"1\"]/div/div[contains(@class, \"sapMCbBg\")]"}
RESULT: {"using":"xpath","value":"//td[@aria-colindex=\"1\"]/div/div[contains(@class, \"sapMCbBg\")]"}
COMMAND: POST /session/1078df7af42110589ce6729fcfa5b6f8/elements - {"using":"xpath","value":"//td[@aria-colindex=\"1\"]/div/div[contains(@class, \"sapMCbBg\")]"}
RESULT: {"using":"xpath","value":"//td[@aria-colindex=\"1\"]/div/div[contains(@class, \"sapMCbBg\")]"}
COMMAND: POST /session/1078df7af42110589ce6729fcfa5b6f8/elements - {"using":"xpath","value":"//td[@aria-colindex=\"1\"]/div/div[contains(@class, \"sapMCbBg\")]"}
RESULT: {"using":"xpath","value":"//td[@aria-colindex=\"1\"]/div/div[contains(@class, \"sapMCbBg\")]"}
COMMAND: POST /session/1078df7af42110589ce6729fcfa5b6f8/elements - {"using":"xpath","value":"//td[@aria-colindex=\"1\"]/div/div[contains(@class, \"sapMCbBg\")]"}
RESULT: {"using":"xpath","value":"//td[@aria-colindex=\"1\"]/div/div[contains(@class, \"sapMCbBg\")]"}
COMMAND: POST /session/1078df7af42110589ce6729fcfa5b6f8/elements - {"using":"xpath","value":"//td[@aria-colindex=\"1\"]/div/div[contains(@class, \"sapMCbBg\")]"}
RESULT: {"using":"xpath","value":"//td[@aria-colindex=\"1\"]/div/div[contains(@class, \"sapMCbBg\")]"}
COMMAND: POST /session/1078df7af42110589ce6729fcfa5b6f8/elements - {"using":"xpath","value":"//td[@aria-colindex=\"1\"]/div/div[contains(@class, \"sapMCbBg\")]"}
RESULT: {"using":"xpath","value":"//td[@aria-colindex=\"1\"]/div/div[contains(@class, \"sapMCbBg\")]"}
COMMAND: POST /session/1078df7af42110589ce6729fcfa5b6f8/elements - {"using":"xpath","value":"//td[@aria-colindex=\"1\"]/div/div[contains(@class, \"sapMCbBg\")]"}
RESULT: {"using":"xpath","value":"//td[@aria-colindex=\"1\"]/div/div[contains(@class, \"sapMCbBg\")]"}
COMMAND: POST /session/1078df7af42110589ce6729fcfa5b6f8/elements - {"using":"xpath","value":"//td[@aria-colindex=\"1\"]/div/div[contains(@class, \"sapMCbBg\")]"}
RESULT: {"using":"xpath","value":"//td[@aria-colindex=\"1\"]/div/div[contains(@class, \"sapMCbBg\")]"}
COMMAND: POST /session/1078df7af42110589ce6729fcfa5b6f8/elements - {"using":"xpath","value":"//td[@aria-colindex=\"1\"]/div/div[contains(@class, \"sapMCbBg\")]"}
RESULT: {"using":"xpath","value":"//td[@aria-colindex=\"1\"]/div/div[contains(@class, \"sapMCbBg\")]"}
COMMAND: POST /session/1078df7af42110589ce6729fcfa5b6f8/elements - {"using":"xpath","value":"//td[@aria-colindex=\"1\"]/div/div[contains(@class, \"sapMCbBg\")]"}
RESULT: {"using":"xpath","value":"//td[@aria-colindex=\"1\"]/div/div[contains(@class, \"sapMCbBg\")]"}
COMMAND: POST /session/1078df7af42110589ce6729fcfa5b6f8/elements - {"using":"xpath","value":"//td[@aria-colindex=\"1\"]/div/div[contains(@class, \"sapMCbBg\")]"}
RESULT: {"using":"xpath","value":"//td[@aria-colindex=\"1\"]/div/div[contains(@class, \"sapMCbBg\")]"}
COMMAND: POST /session/1078df7af42110589ce6729fcfa5b6f8/elements - {"using":"xpath","value":"//td[@aria-colindex=\"1\"]/div/div[contains(@class, \"sapMCbBg\")]"}
RESULT: {"using":"xpath","value":"//td[@aria-colindex=\"1\"]/div/div[contains(@class, \"sapMCbBg\")]"}
COMMAND: POST /session/1078df7af42110589ce6729fcfa5b6f8/elements - {"using":"xpath","value":"//td[@aria-colindex=\"1\"]/div/div[contains(@class, \"sapMCbBg\")]"}
RESULT: {"using":"xpath","value":"//td[@aria-colindex=\"1\"]/div/div[contains(@class, \"sapMCbBg\")]"}
COMMAND: POST /session/1078df7af42110589ce6729fcfa5b6f8/elements - {"using":"xpath","value":"//td[@aria-colindex=\"1\"]/div/div[contains(@class, \"sapMCbBg\")]"}
RESULT: {"using":"xpath","value":"//td[@aria-colindex=\"1\"]/div/div[contains(@class, \"sapMCbBg\")]"}
COMMAND: POST /session/1078df7af42110589ce6729fcfa5b6f8/elements - {"using":"xpath","value":"//td[@aria-colindex=\"1\"]/div/div[contains(@class, \"sapMCbBg\")]"}
RESULT: {"using":"xpath","value":"//td[@aria-colindex=\"1\"]/div/div[contains(@class, \"sapMCbBg\")]"}
COMMAND: POST /session/1078df7af42110589ce6729fcfa5b6f8/elements - {"using":"xpath","value":"//td[@aria-colindex=\"1\"]/div/div[contains(@class, \"sapMCbBg\")]"}
RESULT: {"using":"xpath","value":"//td[@aria-colindex=\"1\"]/div/div[contains(@class, \"sapMCbBg\")]"}
COMMAND: POST /session/1078df7af42110589ce6729fcfa5b6f8/elements - {"using":"xpath","value":"//td[@aria-colindex=\"1\"]/div/div[contains(@class, \"sapMCbBg\")]"}
RESULT: {"using":"xpath","value":"//td[@aria-colindex=\"1\"]/div/div[contains(@class, \"sapMCbBg\")]"}
COMMAND: POST /session/1078df7af42110589ce6729fcfa5b6f8/elements - {"using":"xpath","value":"//td[@aria-colindex=\"1\"]/div/div[contains(@class, \"sapMCbBg\")]"}
RESULT: {"using":"xpath","value":"//td[@aria-colindex=\"1\"]/div/div[contains(@class, \"sapMCbBg\")]"}
COMMAND: POST /session/1078df7af42110589ce6729fcfa5b6f8/elements - {"using":"xpath","value":"//td[@aria-colindex=\"1\"]/div/div[contains(@class, \"sapMCbBg\")]"}
RESULT: {"using":"xpath","value":"//td[@aria-colindex=\"1\"]/div/div[contains(@class, \"sapMCbBg\")]"}
COMMAND: POST /session/1078df7af42110589ce6729fcfa5b6f8/elements - {"using":"xpath","value":"//td[@aria-colindex=\"1\"]/div/div[contains(@class, \"sapMCbBg\")]"}
RESULT: {"using":"xpath","value":"//td[@aria-colindex=\"1\"]/div/div[contains(@class, \"sapMCbBg\")]"}
COMMAND: POST /session/1078df7af42110589ce6729fcfa5b6f8/elements - {"using":"xpath","value":"//td[@aria-colindex=\"1\"]/div/div[contains(@class, \"sapMCbBg\")]"}
RESULT: {"using":"xpath","value":"//td[@aria-colindex=\"1\"]/div/div[contains(@class, \"sapMCbBg\")]"}
COMMAND: POST /session/1078df7af42110589ce6729fcfa5b6f8/elements - {"using":"xpath","value":"//td[@aria-colindex=\"1\"]/div/div[contains(@class, \"sapMCbBg\")]"}
RESULT: {"using":"xpath","value":"//td[@aria-colindex=\"1\"]/div/div[contains(@class, \"sapMCbBg\")]"}
COMMAND: POST /session/1078df7af42110589ce6729fcfa5b6f8/elements - {"using":"xpath","value":"//td[@aria-colindex=\"1\"]/div/div[contains(@class, \"sapMCbBg\")]"}
RESULT: {"using":"xpath","value":"//td[@aria-colindex=\"1\"]/div/div[contains(@class, \"sapMCbBg\")]"}
COMMAND: POST /session/1078df7af42110589ce6729fcfa5b6f8/elements - {"using":"xpath","value":"//td[@aria-colindex=\"1\"]/div/div[contains(@class, \"sapMCbBg\")]"}
RESULT: {"using":"xpath","value":"//td[@aria-colindex=\"1\"]/div/div[contains(@class, \"sapMCbBg\")]"}
COMMAND: POST /session/1078df7af42110589ce6729fcfa5b6f8/elements - {"using":"xpath","value":"//td[@aria-colindex=\"1\"]/div/div[contains(@class, \"sapMCbBg\")]"}
COMMAND: GET /session/1078df7af42110589ce6729fcfa5b6f8/screenshot - {}
RESULT: {"using":"xpath","value":"//td[@aria-colindex=\"1\"]/div/div[contains(@class, \"sapMCbBg\")]"}
RESULT: {}
]]></system-out>
      <system-err><![CDATA[
Error: Can't call click on element with selector "//td[@aria-colindex="1"]/div/div[contains(@class, "sapMCbBg")]" because element wasn't found
    at async UtilsPrerequisites.manageBillingsTriggerCalculation (D:\a\1\s\test\specs\BTS\prerequisites-and-utils-functions.js:2750:9)
    at async Context.<anonymous> (D:\a\1\s\test\specs\BTS\billing-transfer-intracompany.spec.js:73:9)
]]></system-err>
    </testcase>
    <testcase classname="chrome.136_0_7103_93.windows.Billing_Transfer_-_Intracompany_US127249" name="Should navigate to billing transfer and invoice the contract" time="55.985">
      <failure/>
      <error message="element (&quot;//input[contains(@id ,&quot;application-billingtransfer-display-component---billingWorkbench--smartFilterBar-btnBasicSearch&quot;)]&quot;) still not existing after 45000ms"/>
      <system-out><![CDATA[
COMMAND: POST /session/1078df7af42110589ce6729fcfa5b6f8/execute/async - {"script":"<script> [1562 bytes]","args":[{"selector":{"controlType":"sap.m.GenericTile","properties":{"header":"Billing Transfer"}},"wdio_ui5_key":"sapm.GenericTile{\"header\":\"Billing Transfer\"}"}]}
COMMAND: GET /session/1078df7af42110589ce6729fcfa5b6f8/screenshot - {}
RESULT: {"script":"<script> [1562 bytes]","args":[{"selector":{"controlType":"sap.m.GenericTile","properties":{"header":"Billing Transfer"}},"wdio_ui5_key":"sapm.GenericTile{\"header\":\"Billing Transfer\"}"}]}
RESULT: undefined
RESULT: {}
COMMAND: POST /session/1078df7af42110589ce6729fcfa5b6f8/elements - {"using":"xpath","value":"//span[text()='Error']"}
RESULT: {"using":"xpath","value":"//span[text()='Error']"}
COMMAND: POST /session/1078df7af42110589ce6729fcfa5b6f8/element - {"using":"xpath","value":"//input[contains(@id ,\"application-billingtransfer-display-component---billingWorkbench--smartFilterBar-btnBasicSearch\")]"}
RESULT: {"using":"xpath","value":"//input[contains(@id ,\"application-billingtransfer-display-component---billingWorkbench--smartFilterBar-btnBasicSearch\")]"}
COMMAND: POST /session/1078df7af42110589ce6729fcfa5b6f8/elements - {"using":"xpath","value":"//input[contains(@id ,\"application-billingtransfer-display-component---billingWorkbench--smartFilterBar-btnBasicSearch\")]"}
RESULT: {"using":"xpath","value":"//input[contains(@id ,\"application-billingtransfer-display-component---billingWorkbench--smartFilterBar-btnBasicSearch\")]"}
COMMAND: POST /session/1078df7af42110589ce6729fcfa5b6f8/elements - {"using":"xpath","value":"//input[contains(@id ,\"application-billingtransfer-display-component---billingWorkbench--smartFilterBar-btnBasicSearch\")]"}
RESULT: {"using":"xpath","value":"//input[contains(@id ,\"application-billingtransfer-display-component---billingWorkbench--smartFilterBar-btnBasicSearch\")]"}
COMMAND: POST /session/1078df7af42110589ce6729fcfa5b6f8/elements - {"using":"xpath","value":"//input[contains(@id ,\"application-billingtransfer-display-component---billingWorkbench--smartFilterBar-btnBasicSearch\")]"}
RESULT: {"using":"xpath","value":"//input[contains(@id ,\"application-billingtransfer-display-component---billingWorkbench--smartFilterBar-btnBasicSearch\")]"}
COMMAND: POST /session/1078df7af42110589ce6729fcfa5b6f8/elements - {"using":"xpath","value":"//input[contains(@id ,\"application-billingtransfer-display-component---billingWorkbench--smartFilterBar-btnBasicSearch\")]"}
RESULT: {"using":"xpath","value":"//input[contains(@id ,\"application-billingtransfer-display-component---billingWorkbench--smartFilterBar-btnBasicSearch\")]"}
COMMAND: POST /session/1078df7af42110589ce6729fcfa5b6f8/elements - {"using":"xpath","value":"//input[contains(@id ,\"application-billingtransfer-display-component---billingWorkbench--smartFilterBar-btnBasicSearch\")]"}
RESULT: {"using":"xpath","value":"//input[contains(@id ,\"application-billingtransfer-display-component---billingWorkbench--smartFilterBar-btnBasicSearch\")]"}
COMMAND: POST /session/1078df7af42110589ce6729fcfa5b6f8/elements - {"using":"xpath","value":"//input[contains(@id ,\"application-billingtransfer-display-component---billingWorkbench--smartFilterBar-btnBasicSearch\")]"}
RESULT: {"using":"xpath","value":"//input[contains(@id ,\"application-billingtransfer-display-component---billingWorkbench--smartFilterBar-btnBasicSearch\")]"}
COMMAND: POST /session/1078df7af42110589ce6729fcfa5b6f8/elements - {"using":"xpath","value":"//input[contains(@id ,\"application-billingtransfer-display-component---billingWorkbench--smartFilterBar-btnBasicSearch\")]"}
RESULT: {"using":"xpath","value":"//input[contains(@id ,\"application-billingtransfer-display-component---billingWorkbench--smartFilterBar-btnBasicSearch\")]"}
COMMAND: POST /session/1078df7af42110589ce6729fcfa5b6f8/elements - {"using":"xpath","value":"//input[contains(@id ,\"application-billingtransfer-display-component---billingWorkbench--smartFilterBar-btnBasicSearch\")]"}
RESULT: {"using":"xpath","value":"//input[contains(@id ,\"application-billingtransfer-display-component---billingWorkbench--smartFilterBar-btnBasicSearch\")]"}
COMMAND: POST /session/1078df7af42110589ce6729fcfa5b6f8/elements - {"using":"xpath","value":"//input[contains(@id ,\"application-billingtransfer-display-component---billingWorkbench--smartFilterBar-btnBasicSearch\")]"}
RESULT: {"using":"xpath","value":"//input[contains(@id ,\"application-billingtransfer-display-component---billingWorkbench--smartFilterBar-btnBasicSearch\")]"}
COMMAND: POST /session/1078df7af42110589ce6729fcfa5b6f8/elements - {"using":"xpath","value":"//input[contains(@id ,\"application-billingtransfer-display-component---billingWorkbench--smartFilterBar-btnBasicSearch\")]"}
RESULT: {"using":"xpath","value":"//input[contains(@id ,\"application-billingtransfer-display-component---billingWorkbench--smartFilterBar-btnBasicSearch\")]"}
COMMAND: POST /session/1078df7af42110589ce6729fcfa5b6f8/elements - {"using":"xpath","value":"//input[contains(@id ,\"application-billingtransfer-display-component---billingWorkbench--smartFilterBar-btnBasicSearch\")]"}
RESULT: {"using":"xpath","value":"//input[contains(@id ,\"application-billingtransfer-display-component---billingWorkbench--smartFilterBar-btnBasicSearch\")]"}
COMMAND: POST /session/1078df7af42110589ce6729fcfa5b6f8/elements - {"using":"xpath","value":"//input[contains(@id ,\"application-billingtransfer-display-component---billingWorkbench--smartFilterBar-btnBasicSearch\")]"}
RESULT: {"using":"xpath","value":"//input[contains(@id ,\"application-billingtransfer-display-component---billingWorkbench--smartFilterBar-btnBasicSearch\")]"}
COMMAND: POST /session/1078df7af42110589ce6729fcfa5b6f8/elements - {"using":"xpath","value":"//input[contains(@id ,\"application-billingtransfer-display-component---billingWorkbench--smartFilterBar-btnBasicSearch\")]"}
RESULT: {"using":"xpath","value":"//input[contains(@id ,\"application-billingtransfer-display-component---billingWorkbench--smartFilterBar-btnBasicSearch\")]"}
COMMAND: POST /session/1078df7af42110589ce6729fcfa5b6f8/elements - {"using":"xpath","value":"//input[contains(@id ,\"application-billingtransfer-display-component---billingWorkbench--smartFilterBar-btnBasicSearch\")]"}
RESULT: {"using":"xpath","value":"//input[contains(@id ,\"application-billingtransfer-display-component---billingWorkbench--smartFilterBar-btnBasicSearch\")]"}
COMMAND: POST /session/1078df7af42110589ce6729fcfa5b6f8/elements - {"using":"xpath","value":"//input[contains(@id ,\"application-billingtransfer-display-component---billingWorkbench--smartFilterBar-btnBasicSearch\")]"}
RESULT: {"using":"xpath","value":"//input[contains(@id ,\"application-billingtransfer-display-component---billingWorkbench--smartFilterBar-btnBasicSearch\")]"}
COMMAND: POST /session/1078df7af42110589ce6729fcfa5b6f8/elements - {"using":"xpath","value":"//input[contains(@id ,\"application-billingtransfer-display-component---billingWorkbench--smartFilterBar-btnBasicSearch\")]"}
RESULT: {"using":"xpath","value":"//input[contains(@id ,\"application-billingtransfer-display-component---billingWorkbench--smartFilterBar-btnBasicSearch\")]"}
COMMAND: POST /session/1078df7af42110589ce6729fcfa5b6f8/elements - {"using":"xpath","value":"//input[contains(@id ,\"application-billingtransfer-display-component---billingWorkbench--smartFilterBar-btnBasicSearch\")]"}
RESULT: {"using":"xpath","value":"//input[contains(@id ,\"application-billingtransfer-display-component---billingWorkbench--smartFilterBar-btnBasicSearch\")]"}
COMMAND: POST /session/1078df7af42110589ce6729fcfa5b6f8/elements - {"using":"xpath","value":"//input[contains(@id ,\"application-billingtransfer-display-component---billingWorkbench--smartFilterBar-btnBasicSearch\")]"}
RESULT: {"using":"xpath","value":"//input[contains(@id ,\"application-billingtransfer-display-component---billingWorkbench--smartFilterBar-btnBasicSearch\")]"}
COMMAND: POST /session/1078df7af42110589ce6729fcfa5b6f8/elements - {"using":"xpath","value":"//input[contains(@id ,\"application-billingtransfer-display-component---billingWorkbench--smartFilterBar-btnBasicSearch\")]"}
RESULT: {"using":"xpath","value":"//input[contains(@id ,\"application-billingtransfer-display-component---billingWorkbench--smartFilterBar-btnBasicSearch\")]"}
COMMAND: POST /session/1078df7af42110589ce6729fcfa5b6f8/elements - {"using":"xpath","value":"//input[contains(@id ,\"application-billingtransfer-display-component---billingWorkbench--smartFilterBar-btnBasicSearch\")]"}
RESULT: {"using":"xpath","value":"//input[contains(@id ,\"application-billingtransfer-display-component---billingWorkbench--smartFilterBar-btnBasicSearch\")]"}
COMMAND: POST /session/1078df7af42110589ce6729fcfa5b6f8/elements - {"using":"xpath","value":"//input[contains(@id ,\"application-billingtransfer-display-component---billingWorkbench--smartFilterBar-btnBasicSearch\")]"}
RESULT: {"using":"xpath","value":"//input[contains(@id ,\"application-billingtransfer-display-component---billingWorkbench--smartFilterBar-btnBasicSearch\")]"}
COMMAND: POST /session/1078df7af42110589ce6729fcfa5b6f8/elements - {"using":"xpath","value":"//input[contains(@id ,\"application-billingtransfer-display-component---billingWorkbench--smartFilterBar-btnBasicSearch\")]"}
RESULT: {"using":"xpath","value":"//input[contains(@id ,\"application-billingtransfer-display-component---billingWorkbench--smartFilterBar-btnBasicSearch\")]"}
COMMAND: POST /session/1078df7af42110589ce6729fcfa5b6f8/elements - {"using":"xpath","value":"//input[contains(@id ,\"application-billingtransfer-display-component---billingWorkbench--smartFilterBar-btnBasicSearch\")]"}
RESULT: {"using":"xpath","value":"//input[contains(@id ,\"application-billingtransfer-display-component---billingWorkbench--smartFilterBar-btnBasicSearch\")]"}
COMMAND: POST /session/1078df7af42110589ce6729fcfa5b6f8/elements - {"using":"xpath","value":"//input[contains(@id ,\"application-billingtransfer-display-component---billingWorkbench--smartFilterBar-btnBasicSearch\")]"}
RESULT: {"using":"xpath","value":"//input[contains(@id ,\"application-billingtransfer-display-component---billingWorkbench--smartFilterBar-btnBasicSearch\")]"}
COMMAND: POST /session/1078df7af42110589ce6729fcfa5b6f8/elements - {"using":"xpath","value":"//input[contains(@id ,\"application-billingtransfer-display-component---billingWorkbench--smartFilterBar-btnBasicSearch\")]"}
RESULT: {"using":"xpath","value":"//input[contains(@id ,\"application-billingtransfer-display-component---billingWorkbench--smartFilterBar-btnBasicSearch\")]"}
COMMAND: POST /session/1078df7af42110589ce6729fcfa5b6f8/elements - {"using":"xpath","value":"//input[contains(@id ,\"application-billingtransfer-display-component---billingWorkbench--smartFilterBar-btnBasicSearch\")]"}
RESULT: {"using":"xpath","value":"//input[contains(@id ,\"application-billingtransfer-display-component---billingWorkbench--smartFilterBar-btnBasicSearch\")]"}
COMMAND: POST /session/1078df7af42110589ce6729fcfa5b6f8/elements - {"using":"xpath","value":"//input[contains(@id ,\"application-billingtransfer-display-component---billingWorkbench--smartFilterBar-btnBasicSearch\")]"}
RESULT: {"using":"xpath","value":"//input[contains(@id ,\"application-billingtransfer-display-component---billingWorkbench--smartFilterBar-btnBasicSearch\")]"}
COMMAND: POST /session/1078df7af42110589ce6729fcfa5b6f8/elements - {"using":"xpath","value":"//input[contains(@id ,\"application-billingtransfer-display-component---billingWorkbench--smartFilterBar-btnBasicSearch\")]"}
RESULT: {"using":"xpath","value":"//input[contains(@id ,\"application-billingtransfer-display-component---billingWorkbench--smartFilterBar-btnBasicSearch\")]"}
COMMAND: POST /session/1078df7af42110589ce6729fcfa5b6f8/elements - {"using":"xpath","value":"//input[contains(@id ,\"application-billingtransfer-display-component---billingWorkbench--smartFilterBar-btnBasicSearch\")]"}
RESULT: {"using":"xpath","value":"//input[contains(@id ,\"application-billingtransfer-display-component---billingWorkbench--smartFilterBar-btnBasicSearch\")]"}
COMMAND: POST /session/1078df7af42110589ce6729fcfa5b6f8/elements - {"using":"xpath","value":"//input[contains(@id ,\"application-billingtransfer-display-component---billingWorkbench--smartFilterBar-btnBasicSearch\")]"}
RESULT: {"using":"xpath","value":"//input[contains(@id ,\"application-billingtransfer-display-component---billingWorkbench--smartFilterBar-btnBasicSearch\")]"}
COMMAND: POST /session/1078df7af42110589ce6729fcfa5b6f8/elements - {"using":"xpath","value":"//input[contains(@id ,\"application-billingtransfer-display-component---billingWorkbench--smartFilterBar-btnBasicSearch\")]"}
RESULT: {"using":"xpath","value":"//input[contains(@id ,\"application-billingtransfer-display-component---billingWorkbench--smartFilterBar-btnBasicSearch\")]"}
COMMAND: POST /session/1078df7af42110589ce6729fcfa5b6f8/elements - {"using":"xpath","value":"//input[contains(@id ,\"application-billingtransfer-display-component---billingWorkbench--smartFilterBar-btnBasicSearch\")]"}
RESULT: {"using":"xpath","value":"//input[contains(@id ,\"application-billingtransfer-display-component---billingWorkbench--smartFilterBar-btnBasicSearch\")]"}
COMMAND: POST /session/1078df7af42110589ce6729fcfa5b6f8/elements - {"using":"xpath","value":"//input[contains(@id ,\"application-billingtransfer-display-component---billingWorkbench--smartFilterBar-btnBasicSearch\")]"}
RESULT: {"using":"xpath","value":"//input[contains(@id ,\"application-billingtransfer-display-component---billingWorkbench--smartFilterBar-btnBasicSearch\")]"}
COMMAND: POST /session/1078df7af42110589ce6729fcfa5b6f8/elements - {"using":"xpath","value":"//input[contains(@id ,\"application-billingtransfer-display-component---billingWorkbench--smartFilterBar-btnBasicSearch\")]"}
RESULT: {"using":"xpath","value":"//input[contains(@id ,\"application-billingtransfer-display-component---billingWorkbench--smartFilterBar-btnBasicSearch\")]"}
COMMAND: POST /session/1078df7af42110589ce6729fcfa5b6f8/elements - {"using":"xpath","value":"//input[contains(@id ,\"application-billingtransfer-display-component---billingWorkbench--smartFilterBar-btnBasicSearch\")]"}
RESULT: {"using":"xpath","value":"//input[contains(@id ,\"application-billingtransfer-display-component---billingWorkbench--smartFilterBar-btnBasicSearch\")]"}
COMMAND: POST /session/1078df7af42110589ce6729fcfa5b6f8/elements - {"using":"xpath","value":"//input[contains(@id ,\"application-billingtransfer-display-component---billingWorkbench--smartFilterBar-btnBasicSearch\")]"}
RESULT: {"using":"xpath","value":"//input[contains(@id ,\"application-billingtransfer-display-component---billingWorkbench--smartFilterBar-btnBasicSearch\")]"}
COMMAND: POST /session/1078df7af42110589ce6729fcfa5b6f8/elements - {"using":"xpath","value":"//input[contains(@id ,\"application-billingtransfer-display-component---billingWorkbench--smartFilterBar-btnBasicSearch\")]"}
RESULT: {"using":"xpath","value":"//input[contains(@id ,\"application-billingtransfer-display-component---billingWorkbench--smartFilterBar-btnBasicSearch\")]"}
COMMAND: POST /session/1078df7af42110589ce6729fcfa5b6f8/elements - {"using":"xpath","value":"//input[contains(@id ,\"application-billingtransfer-display-component---billingWorkbench--smartFilterBar-btnBasicSearch\")]"}
RESULT: {"using":"xpath","value":"//input[contains(@id ,\"application-billingtransfer-display-component---billingWorkbench--smartFilterBar-btnBasicSearch\")]"}
COMMAND: POST /session/1078df7af42110589ce6729fcfa5b6f8/elements - {"using":"xpath","value":"//input[contains(@id ,\"application-billingtransfer-display-component---billingWorkbench--smartFilterBar-btnBasicSearch\")]"}
RESULT: {"using":"xpath","value":"//input[contains(@id ,\"application-billingtransfer-display-component---billingWorkbench--smartFilterBar-btnBasicSearch\")]"}
COMMAND: POST /session/1078df7af42110589ce6729fcfa5b6f8/elements - {"using":"xpath","value":"//input[contains(@id ,\"application-billingtransfer-display-component---billingWorkbench--smartFilterBar-btnBasicSearch\")]"}
RESULT: {"using":"xpath","value":"//input[contains(@id ,\"application-billingtransfer-display-component---billingWorkbench--smartFilterBar-btnBasicSearch\")]"}
COMMAND: POST /session/1078df7af42110589ce6729fcfa5b6f8/elements - {"using":"xpath","value":"//input[contains(@id ,\"application-billingtransfer-display-component---billingWorkbench--smartFilterBar-btnBasicSearch\")]"}
RESULT: {"using":"xpath","value":"//input[contains(@id ,\"application-billingtransfer-display-component---billingWorkbench--smartFilterBar-btnBasicSearch\")]"}
COMMAND: POST /session/1078df7af42110589ce6729fcfa5b6f8/elements - {"using":"xpath","value":"//input[contains(@id ,\"application-billingtransfer-display-component---billingWorkbench--smartFilterBar-btnBasicSearch\")]"}
RESULT: {"using":"xpath","value":"//input[contains(@id ,\"application-billingtransfer-display-component---billingWorkbench--smartFilterBar-btnBasicSearch\")]"}
COMMAND: POST /session/1078df7af42110589ce6729fcfa5b6f8/elements - {"using":"xpath","value":"//input[contains(@id ,\"application-billingtransfer-display-component---billingWorkbench--smartFilterBar-btnBasicSearch\")]"}
RESULT: {"using":"xpath","value":"//input[contains(@id ,\"application-billingtransfer-display-component---billingWorkbench--smartFilterBar-btnBasicSearch\")]"}
COMMAND: POST /session/1078df7af42110589ce6729fcfa5b6f8/elements - {"using":"xpath","value":"//input[contains(@id ,\"application-billingtransfer-display-component---billingWorkbench--smartFilterBar-btnBasicSearch\")]"}
RESULT: {"using":"xpath","value":"//input[contains(@id ,\"application-billingtransfer-display-component---billingWorkbench--smartFilterBar-btnBasicSearch\")]"}
COMMAND: POST /session/1078df7af42110589ce6729fcfa5b6f8/elements - {"using":"xpath","value":"//input[contains(@id ,\"application-billingtransfer-display-component---billingWorkbench--smartFilterBar-btnBasicSearch\")]"}
RESULT: {"using":"xpath","value":"//input[contains(@id ,\"application-billingtransfer-display-component---billingWorkbench--smartFilterBar-btnBasicSearch\")]"}
COMMAND: POST /session/1078df7af42110589ce6729fcfa5b6f8/elements - {"using":"xpath","value":"//input[contains(@id ,\"application-billingtransfer-display-component---billingWorkbench--smartFilterBar-btnBasicSearch\")]"}
RESULT: {"using":"xpath","value":"//input[contains(@id ,\"application-billingtransfer-display-component---billingWorkbench--smartFilterBar-btnBasicSearch\")]"}
COMMAND: POST /session/1078df7af42110589ce6729fcfa5b6f8/elements - {"using":"xpath","value":"//input[contains(@id ,\"application-billingtransfer-display-component---billingWorkbench--smartFilterBar-btnBasicSearch\")]"}
RESULT: {"using":"xpath","value":"//input[contains(@id ,\"application-billingtransfer-display-component---billingWorkbench--smartFilterBar-btnBasicSearch\")]"}
COMMAND: POST /session/1078df7af42110589ce6729fcfa5b6f8/elements - {"using":"xpath","value":"//input[contains(@id ,\"application-billingtransfer-display-component---billingWorkbench--smartFilterBar-btnBasicSearch\")]"}
RESULT: {"using":"xpath","value":"//input[contains(@id ,\"application-billingtransfer-display-component---billingWorkbench--smartFilterBar-btnBasicSearch\")]"}
COMMAND: POST /session/1078df7af42110589ce6729fcfa5b6f8/elements - {"using":"xpath","value":"//input[contains(@id ,\"application-billingtransfer-display-component---billingWorkbench--smartFilterBar-btnBasicSearch\")]"}
RESULT: {"using":"xpath","value":"//input[contains(@id ,\"application-billingtransfer-display-component---billingWorkbench--smartFilterBar-btnBasicSearch\")]"}
COMMAND: POST /session/1078df7af42110589ce6729fcfa5b6f8/elements - {"using":"xpath","value":"//input[contains(@id ,\"application-billingtransfer-display-component---billingWorkbench--smartFilterBar-btnBasicSearch\")]"}
RESULT: {"using":"xpath","value":"//input[contains(@id ,\"application-billingtransfer-display-component---billingWorkbench--smartFilterBar-btnBasicSearch\")]"}
COMMAND: POST /session/1078df7af42110589ce6729fcfa5b6f8/elements - {"using":"xpath","value":"//input[contains(@id ,\"application-billingtransfer-display-component---billingWorkbench--smartFilterBar-btnBasicSearch\")]"}
RESULT: {"using":"xpath","value":"//input[contains(@id ,\"application-billingtransfer-display-component---billingWorkbench--smartFilterBar-btnBasicSearch\")]"}
COMMAND: POST /session/1078df7af42110589ce6729fcfa5b6f8/elements - {"using":"xpath","value":"//input[contains(@id ,\"application-billingtransfer-display-component---billingWorkbench--smartFilterBar-btnBasicSearch\")]"}
RESULT: {"using":"xpath","value":"//input[contains(@id ,\"application-billingtransfer-display-component---billingWorkbench--smartFilterBar-btnBasicSearch\")]"}
COMMAND: POST /session/1078df7af42110589ce6729fcfa5b6f8/elements - {"using":"xpath","value":"//input[contains(@id ,\"application-billingtransfer-display-component---billingWorkbench--smartFilterBar-btnBasicSearch\")]"}
RESULT: {"using":"xpath","value":"//input[contains(@id ,\"application-billingtransfer-display-component---billingWorkbench--smartFilterBar-btnBasicSearch\")]"}
COMMAND: POST /session/1078df7af42110589ce6729fcfa5b6f8/elements - {"using":"xpath","value":"//input[contains(@id ,\"application-billingtransfer-display-component---billingWorkbench--smartFilterBar-btnBasicSearch\")]"}
RESULT: {"using":"xpath","value":"//input[contains(@id ,\"application-billingtransfer-display-component---billingWorkbench--smartFilterBar-btnBasicSearch\")]"}
COMMAND: POST /session/1078df7af42110589ce6729fcfa5b6f8/elements - {"using":"xpath","value":"//input[contains(@id ,\"application-billingtransfer-display-component---billingWorkbench--smartFilterBar-btnBasicSearch\")]"}
RESULT: {"using":"xpath","value":"//input[contains(@id ,\"application-billingtransfer-display-component---billingWorkbench--smartFilterBar-btnBasicSearch\")]"}
COMMAND: POST /session/1078df7af42110589ce6729fcfa5b6f8/elements - {"using":"xpath","value":"//input[contains(@id ,\"application-billingtransfer-display-component---billingWorkbench--smartFilterBar-btnBasicSearch\")]"}
RESULT: {"using":"xpath","value":"//input[contains(@id ,\"application-billingtransfer-display-component---billingWorkbench--smartFilterBar-btnBasicSearch\")]"}
COMMAND: POST /session/1078df7af42110589ce6729fcfa5b6f8/elements - {"using":"xpath","value":"//input[contains(@id ,\"application-billingtransfer-display-component---billingWorkbench--smartFilterBar-btnBasicSearch\")]"}
RESULT: {"using":"xpath","value":"//input[contains(@id ,\"application-billingtransfer-display-component---billingWorkbench--smartFilterBar-btnBasicSearch\")]"}
COMMAND: POST /session/1078df7af42110589ce6729fcfa5b6f8/elements - {"using":"xpath","value":"//input[contains(@id ,\"application-billingtransfer-display-component---billingWorkbench--smartFilterBar-btnBasicSearch\")]"}
RESULT: {"using":"xpath","value":"//input[contains(@id ,\"application-billingtransfer-display-component---billingWorkbench--smartFilterBar-btnBasicSearch\")]"}
COMMAND: POST /session/1078df7af42110589ce6729fcfa5b6f8/elements - {"using":"xpath","value":"//input[contains(@id ,\"application-billingtransfer-display-component---billingWorkbench--smartFilterBar-btnBasicSearch\")]"}
RESULT: {"using":"xpath","value":"//input[contains(@id ,\"application-billingtransfer-display-component---billingWorkbench--smartFilterBar-btnBasicSearch\")]"}
COMMAND: POST /session/1078df7af42110589ce6729fcfa5b6f8/elements - {"using":"xpath","value":"//input[contains(@id ,\"application-billingtransfer-display-component---billingWorkbench--smartFilterBar-btnBasicSearch\")]"}
RESULT: {"using":"xpath","value":"//input[contains(@id ,\"application-billingtransfer-display-component---billingWorkbench--smartFilterBar-btnBasicSearch\")]"}
COMMAND: POST /session/1078df7af42110589ce6729fcfa5b6f8/elements - {"using":"xpath","value":"//input[contains(@id ,\"application-billingtransfer-display-component---billingWorkbench--smartFilterBar-btnBasicSearch\")]"}
RESULT: {"using":"xpath","value":"//input[contains(@id ,\"application-billingtransfer-display-component---billingWorkbench--smartFilterBar-btnBasicSearch\")]"}
COMMAND: POST /session/1078df7af42110589ce6729fcfa5b6f8/elements - {"using":"xpath","value":"//input[contains(@id ,\"application-billingtransfer-display-component---billingWorkbench--smartFilterBar-btnBasicSearch\")]"}
RESULT: {"using":"xpath","value":"//input[contains(@id ,\"application-billingtransfer-display-component---billingWorkbench--smartFilterBar-btnBasicSearch\")]"}
COMMAND: POST /session/1078df7af42110589ce6729fcfa5b6f8/elements - {"using":"xpath","value":"//input[contains(@id ,\"application-billingtransfer-display-component---billingWorkbench--smartFilterBar-btnBasicSearch\")]"}
RESULT: {"using":"xpath","value":"//input[contains(@id ,\"application-billingtransfer-display-component---billingWorkbench--smartFilterBar-btnBasicSearch\")]"}
COMMAND: POST /session/1078df7af42110589ce6729fcfa5b6f8/elements - {"using":"xpath","value":"//input[contains(@id ,\"application-billingtransfer-display-component---billingWorkbench--smartFilterBar-btnBasicSearch\")]"}
RESULT: {"using":"xpath","value":"//input[contains(@id ,\"application-billingtransfer-display-component---billingWorkbench--smartFilterBar-btnBasicSearch\")]"}
COMMAND: POST /session/1078df7af42110589ce6729fcfa5b6f8/elements - {"using":"xpath","value":"//input[contains(@id ,\"application-billingtransfer-display-component---billingWorkbench--smartFilterBar-btnBasicSearch\")]"}
RESULT: {"using":"xpath","value":"//input[contains(@id ,\"application-billingtransfer-display-component---billingWorkbench--smartFilterBar-btnBasicSearch\")]"}
COMMAND: POST /session/1078df7af42110589ce6729fcfa5b6f8/elements - {"using":"xpath","value":"//input[contains(@id ,\"application-billingtransfer-display-component---billingWorkbench--smartFilterBar-btnBasicSearch\")]"}
RESULT: {"using":"xpath","value":"//input[contains(@id ,\"application-billingtransfer-display-component---billingWorkbench--smartFilterBar-btnBasicSearch\")]"}
COMMAND: POST /session/1078df7af42110589ce6729fcfa5b6f8/elements - {"using":"xpath","value":"//input[contains(@id ,\"application-billingtransfer-display-component---billingWorkbench--smartFilterBar-btnBasicSearch\")]"}
RESULT: {"using":"xpath","value":"//input[contains(@id ,\"application-billingtransfer-display-component---billingWorkbench--smartFilterBar-btnBasicSearch\")]"}
COMMAND: POST /session/1078df7af42110589ce6729fcfa5b6f8/elements - {"using":"xpath","value":"//input[contains(@id ,\"application-billingtransfer-display-component---billingWorkbench--smartFilterBar-btnBasicSearch\")]"}
RESULT: {"using":"xpath","value":"//input[contains(@id ,\"application-billingtransfer-display-component---billingWorkbench--smartFilterBar-btnBasicSearch\")]"}
COMMAND: POST /session/1078df7af42110589ce6729fcfa5b6f8/elements - {"using":"xpath","value":"//input[contains(@id ,\"application-billingtransfer-display-component---billingWorkbench--smartFilterBar-btnBasicSearch\")]"}
RESULT: {"using":"xpath","value":"//input[contains(@id ,\"application-billingtransfer-display-component---billingWorkbench--smartFilterBar-btnBasicSearch\")]"}
COMMAND: POST /session/1078df7af42110589ce6729fcfa5b6f8/elements - {"using":"xpath","value":"//input[contains(@id ,\"application-billingtransfer-display-component---billingWorkbench--smartFilterBar-btnBasicSearch\")]"}
RESULT: {"using":"xpath","value":"//input[contains(@id ,\"application-billingtransfer-display-component---billingWorkbench--smartFilterBar-btnBasicSearch\")]"}
COMMAND: POST /session/1078df7af42110589ce6729fcfa5b6f8/elements - {"using":"xpath","value":"//input[contains(@id ,\"application-billingtransfer-display-component---billingWorkbench--smartFilterBar-btnBasicSearch\")]"}
RESULT: {"using":"xpath","value":"//input[contains(@id ,\"application-billingtransfer-display-component---billingWorkbench--smartFilterBar-btnBasicSearch\")]"}
COMMAND: POST /session/1078df7af42110589ce6729fcfa5b6f8/elements - {"using":"xpath","value":"//input[contains(@id ,\"application-billingtransfer-display-component---billingWorkbench--smartFilterBar-btnBasicSearch\")]"}
RESULT: {"using":"xpath","value":"//input[contains(@id ,\"application-billingtransfer-display-component---billingWorkbench--smartFilterBar-btnBasicSearch\")]"}
COMMAND: POST /session/1078df7af42110589ce6729fcfa5b6f8/elements - {"using":"xpath","value":"//input[contains(@id ,\"application-billingtransfer-display-component---billingWorkbench--smartFilterBar-btnBasicSearch\")]"}
RESULT: {"using":"xpath","value":"//input[contains(@id ,\"application-billingtransfer-display-component---billingWorkbench--smartFilterBar-btnBasicSearch\")]"}
COMMAND: POST /session/1078df7af42110589ce6729fcfa5b6f8/elements - {"using":"xpath","value":"//input[contains(@id ,\"application-billingtransfer-display-component---billingWorkbench--smartFilterBar-btnBasicSearch\")]"}
RESULT: {"using":"xpath","value":"//input[contains(@id ,\"application-billingtransfer-display-component---billingWorkbench--smartFilterBar-btnBasicSearch\")]"}
COMMAND: POST /session/1078df7af42110589ce6729fcfa5b6f8/elements - {"using":"xpath","value":"//input[contains(@id ,\"application-billingtransfer-display-component---billingWorkbench--smartFilterBar-btnBasicSearch\")]"}
RESULT: {"using":"xpath","value":"//input[contains(@id ,\"application-billingtransfer-display-component---billingWorkbench--smartFilterBar-btnBasicSearch\")]"}
COMMAND: POST /session/1078df7af42110589ce6729fcfa5b6f8/elements - {"using":"xpath","value":"//input[contains(@id ,\"application-billingtransfer-display-component---billingWorkbench--smartFilterBar-btnBasicSearch\")]"}
RESULT: {"using":"xpath","value":"//input[contains(@id ,\"application-billingtransfer-display-component---billingWorkbench--smartFilterBar-btnBasicSearch\")]"}
COMMAND: POST /session/1078df7af42110589ce6729fcfa5b6f8/elements - {"using":"xpath","value":"//input[contains(@id ,\"application-billingtransfer-display-component---billingWorkbench--smartFilterBar-btnBasicSearch\")]"}
RESULT: {"using":"xpath","value":"//input[contains(@id ,\"application-billingtransfer-display-component---billingWorkbench--smartFilterBar-btnBasicSearch\")]"}
COMMAND: POST /session/1078df7af42110589ce6729fcfa5b6f8/elements - {"using":"xpath","value":"//input[contains(@id ,\"application-billingtransfer-display-component---billingWorkbench--smartFilterBar-btnBasicSearch\")]"}
RESULT: {"using":"xpath","value":"//input[contains(@id ,\"application-billingtransfer-display-component---billingWorkbench--smartFilterBar-btnBasicSearch\")]"}
COMMAND: POST /session/1078df7af42110589ce6729fcfa5b6f8/elements - {"using":"xpath","value":"//input[contains(@id ,\"application-billingtransfer-display-component---billingWorkbench--smartFilterBar-btnBasicSearch\")]"}
RESULT: {"using":"xpath","value":"//input[contains(@id ,\"application-billingtransfer-display-component---billingWorkbench--smartFilterBar-btnBasicSearch\")]"}
COMMAND: POST /session/1078df7af42110589ce6729fcfa5b6f8/elements - {"using":"xpath","value":"//input[contains(@id ,\"application-billingtransfer-display-component---billingWorkbench--smartFilterBar-btnBasicSearch\")]"}
RESULT: {"using":"xpath","value":"//input[contains(@id ,\"application-billingtransfer-display-component---billingWorkbench--smartFilterBar-btnBasicSearch\")]"}
COMMAND: POST /session/1078df7af42110589ce6729fcfa5b6f8/elements - {"using":"xpath","value":"//input[contains(@id ,\"application-billingtransfer-display-component---billingWorkbench--smartFilterBar-btnBasicSearch\")]"}
RESULT: {"using":"xpath","value":"//input[contains(@id ,\"application-billingtransfer-display-component---billingWorkbench--smartFilterBar-btnBasicSearch\")]"}
COMMAND: POST /session/1078df7af42110589ce6729fcfa5b6f8/elements - {"using":"xpath","value":"//input[contains(@id ,\"application-billingtransfer-display-component---billingWorkbench--smartFilterBar-btnBasicSearch\")]"}
RESULT: {"using":"xpath","value":"//input[contains(@id ,\"application-billingtransfer-display-component---billingWorkbench--smartFilterBar-btnBasicSearch\")]"}
COMMAND: POST /session/1078df7af42110589ce6729fcfa5b6f8/elements - {"using":"xpath","value":"//input[contains(@id ,\"application-billingtransfer-display-component---billingWorkbench--smartFilterBar-btnBasicSearch\")]"}
RESULT: {"using":"xpath","value":"//input[contains(@id ,\"application-billingtransfer-display-component---billingWorkbench--smartFilterBar-btnBasicSearch\")]"}
COMMAND: POST /session/1078df7af42110589ce6729fcfa5b6f8/elements - {"using":"xpath","value":"//input[contains(@id ,\"application-billingtransfer-display-component---billingWorkbench--smartFilterBar-btnBasicSearch\")]"}
RESULT: {"using":"xpath","value":"//input[contains(@id ,\"application-billingtransfer-display-component---billingWorkbench--smartFilterBar-btnBasicSearch\")]"}
COMMAND: POST /session/1078df7af42110589ce6729fcfa5b6f8/elements - {"using":"xpath","value":"//input[contains(@id ,\"application-billingtransfer-display-component---billingWorkbench--smartFilterBar-btnBasicSearch\")]"}
RESULT: {"using":"xpath","value":"//input[contains(@id ,\"application-billingtransfer-display-component---billingWorkbench--smartFilterBar-btnBasicSearch\")]"}
COMMAND: POST /session/1078df7af42110589ce6729fcfa5b6f8/elements - {"using":"xpath","value":"//input[contains(@id ,\"application-billingtransfer-display-component---billingWorkbench--smartFilterBar-btnBasicSearch\")]"}
RESULT: {"using":"xpath","value":"//input[contains(@id ,\"application-billingtransfer-display-component---billingWorkbench--smartFilterBar-btnBasicSearch\")]"}
COMMAND: POST /session/1078df7af42110589ce6729fcfa5b6f8/elements - {"using":"xpath","value":"//input[contains(@id ,\"application-billingtransfer-display-component---billingWorkbench--smartFilterBar-btnBasicSearch\")]"}
RESULT: {"using":"xpath","value":"//input[contains(@id ,\"application-billingtransfer-display-component---billingWorkbench--smartFilterBar-btnBasicSearch\")]"}
COMMAND: POST /session/1078df7af42110589ce6729fcfa5b6f8/elements - {"using":"xpath","value":"//input[contains(@id ,\"application-billingtransfer-display-component---billingWorkbench--smartFilterBar-btnBasicSearch\")]"}
RESULT: {"using":"xpath","value":"//input[contains(@id ,\"application-billingtransfer-display-component---billingWorkbench--smartFilterBar-btnBasicSearch\")]"}
COMMAND: POST /session/1078df7af42110589ce6729fcfa5b6f8/elements - {"using":"xpath","value":"//input[contains(@id ,\"application-billingtransfer-display-component---billingWorkbench--smartFilterBar-btnBasicSearch\")]"}
RESULT: {"using":"xpath","value":"//input[contains(@id ,\"application-billingtransfer-display-component---billingWorkbench--smartFilterBar-btnBasicSearch\")]"}
COMMAND: POST /session/1078df7af42110589ce6729fcfa5b6f8/elements - {"using":"xpath","value":"//input[contains(@id ,\"application-billingtransfer-display-component---billingWorkbench--smartFilterBar-btnBasicSearch\")]"}
RESULT: {"using":"xpath","value":"//input[contains(@id ,\"application-billingtransfer-display-component---billingWorkbench--smartFilterBar-btnBasicSearch\")]"}
COMMAND: GET /session/1078df7af42110589ce6729fcfa5b6f8/screenshot - {}
RESULT: {}
COMMAND: GET /session/1078df7af42110589ce6729fcfa5b6f8/screenshot - {}
COMMAND: POST /session/1078df7af42110589ce6729fcfa5b6f8/element - {"using":"css selector","value":"#j_username"}
COMMAND: POST /session/1078df7af42110589ce6729fcfa5b6f8/url - {"url":"https://qa-testing-00-live-etm-ui.cfapps.eu10-004.hana.ondemand.com/"}
COMMAND: GET /session/1078df7af42110589ce6729fcfa5b6f8/screenshot - {}
RESULT: {}
RESULT: {"using":"css selector","value":"#j_username"}
COMMAND: POST /session/1078df7af42110589ce6729fcfa5b6f8/element - {"using":"css selector","value":"#j_username"}
RESULT: {"url":"https://qa-testing-00-live-etm-ui.cfapps.eu10-004.hana.ondemand.com/"}
RESULT: undefined
COMMAND: GET /session/1078df7af42110589ce6729fcfa5b6f8/screenshot - {}
RESULT: {}
RESULT: {"using":"css selector","value":"#j_username"}
COMMAND: POST /session/1078df7af42110589ce6729fcfa5b6f8/element - {"using":"css selector","value":"#shell-header-logo"}
RESULT: {}
RESULT: {"using":"css selector","value":"#shell-header-logo"}
COMMAND: POST /session/1078df7af42110589ce6729fcfa5b6f8/execute/sync - {"script":"<script> [8489 bytes]","args":[{"element-6066-11e4-a52e-4f735466cecf":"f.BA343095ED0ABE7E3673784E64AE5F80.d.6EDFA39E7EFD7B09A3C082CCD96713E2.e.10488","ELEMENT":"f.BA343095ED0ABE7E3673784E64AE5F80.d.6EDFA39E7EFD7B09A3C082CCD96713E2.e.10488"}]}
RESULT: {"script":"<script> [8489 bytes]","args":[{"element-6066-11e4-a52e-4f735466cecf":"f.BA343095ED0ABE7E3673784E64AE5F80.d.6EDFA39E7EFD7B09A3C082CCD96713E2.e.10488","ELEMENT":"f.BA343095ED0ABE7E3673784E64AE5F80.d.6EDFA39E7EFD7B09A3C082CCD96713E2.e.10488"}]}
COMMAND: POST /session/1078df7af42110589ce6729fcfa5b6f8/element - {"using":"css selector","value":"#shell-header-logo"}
COMMAND: GET /session/1078df7af42110589ce6729fcfa5b6f8/screenshot - {}
RESULT: {"using":"css selector","value":"#shell-header-logo"}
COMMAND: POST /session/1078df7af42110589ce6729fcfa5b6f8/execute/sync - {"script":"<script> [8489 bytes]","args":[{"element-6066-11e4-a52e-4f735466cecf":"f.BA343095ED0ABE7E3673784E64AE5F80.d.6EDFA39E7EFD7B09A3C082CCD96713E2.e.10488","ELEMENT":"f.BA343095ED0ABE7E3673784E64AE5F80.d.6EDFA39E7EFD7B09A3C082CCD96713E2.e.10488"}]}
RESULT: {}
RESULT: {"script":"<script> [8489 bytes]","args":[{"element-6066-11e4-a52e-4f735466cecf":"f.BA343095ED0ABE7E3673784E64AE5F80.d.6EDFA39E7EFD7B09A3C082CCD96713E2.e.10488","ELEMENT":"f.BA343095ED0ABE7E3673784E64AE5F80.d.6EDFA39E7EFD7B09A3C082CCD96713E2.e.10488"}]}
COMMAND: POST /session/1078df7af42110589ce6729fcfa5b6f8/execute/sync - {"script":"<script> [5351 bytes]","args":[{"element-6066-11e4-a52e-4f735466cecf":"f.BA343095ED0ABE7E3673784E64AE5F80.d.6EDFA39E7EFD7B09A3C082CCD96713E2.e.10488","ELEMENT":"f.BA343095ED0ABE7E3673784E64AE5F80.d.6EDFA39E7EFD7B09A3C082CCD96713E2.e.10488"}]}
COMMAND: GET /session/1078df7af42110589ce6729fcfa5b6f8/screenshot - {}
RESULT: {"script":"<script> [5351 bytes]","args":[{"element-6066-11e4-a52e-4f735466cecf":"f.BA343095ED0ABE7E3673784E64AE5F80.d.6EDFA39E7EFD7B09A3C082CCD96713E2.e.10488","ELEMENT":"f.BA343095ED0ABE7E3673784E64AE5F80.d.6EDFA39E7EFD7B09A3C082CCD96713E2.e.10488"}]}
COMMAND: POST /session/1078df7af42110589ce6729fcfa5b6f8/element - {"using":"css selector","value":"#shell-header-logo"}
COMMAND: GET /session/1078df7af42110589ce6729fcfa5b6f8/screenshot - {}
RESULT: {}
RESULT: {"using":"css selector","value":"#shell-header-logo"}
COMMAND: POST /session/1078df7af42110589ce6729fcfa5b6f8/element/f.BA343095ED0ABE7E3673784E64AE5F80.d.6EDFA39E7EFD7B09A3C082CCD96713E2.e.10488/click - {}
RESULT: {}
RESULT: {}
COMMAND: GET /session/1078df7af42110589ce6729fcfa5b6f8/screenshot - {}
RESULT: {}
COMMAND: POST /session/1078df7af42110589ce6729fcfa5b6f8/execute/async - {"script":"<script> [189 bytes]","args":[]}
RESULT: {"script":"<script> [189 bytes]","args":[]}
COMMAND: POST /session/1078df7af42110589ce6729fcfa5b6f8/execute/async - {"script":"<script> [123 bytes]","args":[]}
RESULT: {"script":"<script> [123 bytes]","args":[]}
COMMAND: POST /session/1078df7af42110589ce6729fcfa5b6f8/timeouts - {"script":"<number>"}
RESULT: {"script":"<number>"}
COMMAND: GET /session/1078df7af42110589ce6729fcfa5b6f8/timeouts - {}
RESULT: {}
RESULT: undefined
COMMAND: POST /session/1078df7af42110589ce6729fcfa5b6f8/execute/async - {"script":"<script> [2676 bytes]","args":[]}
RESULT: {"script":"<script> [2676 bytes]","args":[]}
COMMAND: POST /session/1078df7af42110589ce6729fcfa5b6f8/execute/async - {"script":"<script> [2342 bytes]","args":[{"protocol":"http","hostname":"0.0.0.0","path":"/","capabilities":{"browserName":"chrome","goog:chromeOptions":{"binary":"C:\\Program Files\\Google\\Chrome\\Application\\chrome.exe","args":["--start-maximized"]}},"logLevel":"warn","connectionRetryTimeout":120000,"connectionRetryCount":3,"logLevels":{},"enableDirectConnect":true,"strictSSL":true,"_":"65 more keys: [\"cacheDir\",\"port\",\"requestedCapabilities\",\"automationProtocol\",\"baseUrl\",\"waitforInterval\",\"waitforTimeout\",\"onReload\",\"beforeCommand\",\"afterCommand\",\"rootDir\",\"specs\",\"suites\",\"exclude\",\"groupLogsByTestSpec\",\"excludeDriverLogs\",\"bail\",\"framework\",\"reporters\",\"services\",\"maxInstances\",\"maxInstancesPerCapability\",\"injectGlobals\",\"filesToWatch\",\"execArgv\",\"runnerEnv\",\"runner\",\"shard\",\"specFileRetries\",\"specFileRetriesDelay\",\"specFileRetriesDeferred\",\"reporterSyncInterval\",\"reporterSyncTimeout\",\"cucumberFeaturesWithLineNumbers\",\"autoCompileOpts\",\"mochaOpts\",\"jasmineOpts\",\"cucumberOpts\",\"onPrepare\",\"onWorkerStart\",\"onWorkerEnd\",\"before\",\"beforeSession\",\"beforeSuite\",\"beforeHook\",\"beforeTest\",\"afterTest\",\"afterHook\",\"afterSuite\",\"afterSession\",\"after\",\"onComplete\",\"beforeAssertion\",\"afterAssertion\",\"beforeFeature\",\"beforeScenario\",\"beforeStep\",\"afterStep\",\"afterScenario\",\"afterFeature\",\"_\",\"suite\",\"$0\",\"ignoredWorkerServices\",\"wdi5\"]"}]}
RESULT: {"script":"<script> [2342 bytes]","args":[{"protocol":"http","hostname":"0.0.0.0","path":"/","capabilities":{"browserName":"chrome","goog:chromeOptions":{"binary":"C:\\Program Files\\Google\\Chrome\\Application\\chrome.exe","args":["--start-maximized"]}},"logLevel":"warn","connectionRetryTimeout":120000,"connectionRetryCount":3,"logLevels":{},"enableDirectConnect":true,"strictSSL":true,"_":"65 more keys: [\"cacheDir\",\"port\",\"requestedCapabilities\",\"automationProtocol\",\"baseUrl\",\"waitforInterval\",\"waitforTimeout\",\"onReload\",\"beforeCommand\",\"afterCommand\",\"rootDir\",\"specs\",\"suites\",\"exclude\",\"groupLogsByTestSpec\",\"excludeDriverLogs\",\"bail\",\"framework\",\"reporters\",\"services\",\"maxInstances\",\"maxInstancesPerCapability\",\"injectGlobals\",\"filesToWatch\",\"execArgv\",\"runnerEnv\",\"runner\",\"shard\",\"specFileRetries\",\"specFileRetriesDelay\",\"specFileRetriesDeferred\",\"reporterSyncInterval\",\"reporterSyncTimeout\",\"cucumberFeaturesWithLineNumbers\",\"autoCompileOpts\",\"mochaOpts\",\"jasmineOpts\",\"cucumberOpts\",\"onPrepare\",\"onWorkerStart\",\"onWorkerEnd\",\"before\",\"beforeSession\",\"beforeSuite\",\"beforeHook\",\"beforeTest\",\"afterTest\",\"afterHook\",\"afterSuite\",\"afterSession\",\"after\",\"onComplete\",\"beforeAssertion\",\"afterAssertion\",\"beforeFeature\",\"beforeScenario\",\"beforeStep\",\"afterStep\",\"afterScenario\",\"afterFeature\",\"_\",\"suite\",\"$0\",\"ignoredWorkerServices\",\"wdi5\"]"}]}
COMMAND: POST /session/1078df7af42110589ce6729fcfa5b6f8/execute/async - {"script":"<script> [21126 bytes]","args":[35000]}
RESULT: {"script":"<script> [21126 bytes]","args":[35000]}
COMMAND: POST /session/1078df7af42110589ce6729fcfa5b6f8/window/maximize - {}
RESULT: {}
COMMAND: POST /session/1078df7af42110589ce6729fcfa5b6f8/execute/async - {"script":"<script> [1562 bytes]","args":[{"selector":{"id":"shell-header","interaction":{"idSuffix":"icon"}},"wdio_ui5_key":"shellheader"}]}
COMMAND: GET /session/1078df7af42110589ce6729fcfa5b6f8/screenshot - {}
RESULT: {"script":"<script> [1562 bytes]","args":[{"selector":{"id":"shell-header","interaction":{"idSuffix":"icon"}},"wdio_ui5_key":"shellheader"}]}
RESULT: undefined
COMMAND: POST /session/1078df7af42110589ce6729fcfa5b6f8/refresh - {}
RESULT: {}
RESULT: {}
COMMAND: GET /session/1078df7af42110589ce6729fcfa5b6f8/screenshot - {}
RESULT: {}
COMMAND: POST /session/1078df7af42110589ce6729fcfa5b6f8/refresh - {}
RESULT: {}
COMMAND: GET /session/1078df7af42110589ce6729fcfa5b6f8/screenshot - {}
RESULT: {}
COMMAND: POST /session/1078df7af42110589ce6729fcfa5b6f8/window/fullscreen - {}
RESULT: {}
COMMAND: POST /session/1078df7af42110589ce6729fcfa5b6f8/execute/async - {"script":"<script> [189 bytes]","args":[]}
RESULT: {"script":"<script> [189 bytes]","args":[]}
COMMAND: POST /session/1078df7af42110589ce6729fcfa5b6f8/execute/async - {"script":"<script> [123 bytes]","args":[]}
RESULT: {"script":"<script> [123 bytes]","args":[]}
COMMAND: POST /session/1078df7af42110589ce6729fcfa5b6f8/timeouts - {"script":"<number>"}
RESULT: {"script":"<number>"}
COMMAND: GET /session/1078df7af42110589ce6729fcfa5b6f8/timeouts - {}
RESULT: {}
RESULT: undefined
COMMAND: POST /session/1078df7af42110589ce6729fcfa5b6f8/execute/async - {"script":"<script> [2676 bytes]","args":[]}
RESULT: {"script":"<script> [2676 bytes]","args":[]}
COMMAND: POST /session/1078df7af42110589ce6729fcfa5b6f8/execute/async - {"script":"<script> [2342 bytes]","args":[{"protocol":"http","hostname":"0.0.0.0","path":"/","capabilities":{"browserName":"chrome","goog:chromeOptions":{"binary":"C:\\Program Files\\Google\\Chrome\\Application\\chrome.exe","args":["--start-maximized"]}},"logLevel":"warn","connectionRetryTimeout":120000,"connectionRetryCount":3,"logLevels":{},"enableDirectConnect":true,"strictSSL":true,"_":"65 more keys: [\"cacheDir\",\"port\",\"requestedCapabilities\",\"automationProtocol\",\"baseUrl\",\"waitforInterval\",\"waitforTimeout\",\"onReload\",\"beforeCommand\",\"afterCommand\",\"rootDir\",\"specs\",\"suites\",\"exclude\",\"groupLogsByTestSpec\",\"excludeDriverLogs\",\"bail\",\"framework\",\"reporters\",\"services\",\"maxInstances\",\"maxInstancesPerCapability\",\"injectGlobals\",\"filesToWatch\",\"execArgv\",\"runnerEnv\",\"runner\",\"shard\",\"specFileRetries\",\"specFileRetriesDelay\",\"specFileRetriesDeferred\",\"reporterSyncInterval\",\"reporterSyncTimeout\",\"cucumberFeaturesWithLineNumbers\",\"autoCompileOpts\",\"mochaOpts\",\"jasmineOpts\",\"cucumberOpts\",\"onPrepare\",\"onWorkerStart\",\"onWorkerEnd\",\"before\",\"beforeSession\",\"beforeSuite\",\"beforeHook\",\"beforeTest\",\"afterTest\",\"afterHook\",\"afterSuite\",\"afterSession\",\"after\",\"onComplete\",\"beforeAssertion\",\"afterAssertion\",\"beforeFeature\",\"beforeScenario\",\"beforeStep\",\"afterStep\",\"afterScenario\",\"afterFeature\",\"_\",\"suite\",\"$0\",\"ignoredWorkerServices\",\"wdi5\"]"}]}
RESULT: {"script":"<script> [2342 bytes]","args":[{"protocol":"http","hostname":"0.0.0.0","path":"/","capabilities":{"browserName":"chrome","goog:chromeOptions":{"binary":"C:\\Program Files\\Google\\Chrome\\Application\\chrome.exe","args":["--start-maximized"]}},"logLevel":"warn","connectionRetryTimeout":120000,"connectionRetryCount":3,"logLevels":{},"enableDirectConnect":true,"strictSSL":true,"_":"65 more keys: [\"cacheDir\",\"port\",\"requestedCapabilities\",\"automationProtocol\",\"baseUrl\",\"waitforInterval\",\"waitforTimeout\",\"onReload\",\"beforeCommand\",\"afterCommand\",\"rootDir\",\"specs\",\"suites\",\"exclude\",\"groupLogsByTestSpec\",\"excludeDriverLogs\",\"bail\",\"framework\",\"reporters\",\"services\",\"maxInstances\",\"maxInstancesPerCapability\",\"injectGlobals\",\"filesToWatch\",\"execArgv\",\"runnerEnv\",\"runner\",\"shard\",\"specFileRetries\",\"specFileRetriesDelay\",\"specFileRetriesDeferred\",\"reporterSyncInterval\",\"reporterSyncTimeout\",\"cucumberFeaturesWithLineNumbers\",\"autoCompileOpts\",\"mochaOpts\",\"jasmineOpts\",\"cucumberOpts\",\"onPrepare\",\"onWorkerStart\",\"onWorkerEnd\",\"before\",\"beforeSession\",\"beforeSuite\",\"beforeHook\",\"beforeTest\",\"afterTest\",\"afterHook\",\"afterSuite\",\"afterSession\",\"after\",\"onComplete\",\"beforeAssertion\",\"afterAssertion\",\"beforeFeature\",\"beforeScenario\",\"beforeStep\",\"afterStep\",\"afterScenario\",\"afterFeature\",\"_\",\"suite\",\"$0\",\"ignoredWorkerServices\",\"wdi5\"]"}]}
COMMAND: POST /session/1078df7af42110589ce6729fcfa5b6f8/execute/async - {"script":"<script> [21126 bytes]","args":[35000]}
RESULT: {"script":"<script> [21126 bytes]","args":[35000]}
]]></system-out>
      <system-err><![CDATA[
Error: element ("//input[contains(@id ,"application-billingtransfer-display-component---billingWorkbench--smartFilterBar-btnBasicSearch")]") still not existing after 45000ms
    at async UtilsPrerequisites.narrowDownSearchBT (D:\a\1\s\test\specs\BTS\prerequisites-and-utils-functions.js:2882:9)
    at async UtilsPrerequisites.billingTransfer (D:\a\1\s\test\specs\BTS\prerequisites-and-utils-functions.js:2807:9)
    at async Context.<anonymous> (D:\a\1\s\test\specs\BTS\billing-transfer-intracompany.spec.js:90:9)
]]></system-err>
    </testcase>
  </testsuite>
  <testsuite timestamp="2025-06-01T18:01:59" time="720.529" tests="12" failures="6" errors="6" skipped="0">
    <properties>
      <property name="specId" value="0"/>
      <property name="suiteName" value="Billing transfer US117289"/>
      <property name="capabilities" value="chrome.136_0_7103_93.windows"/>
      <property name="file" value="file:///D:/a/1/s/test/specs/BTS/billing-transfer.spec.js"/>
    </properties>
    <testcase classname="chrome.136_0_7103_93.windows.Billing_transfer_US117289" name="Should create a new yard" time="0.011">
      <system-out><![CDATA[
COMMAND: POST /session/1078df7af42110589ce6729fcfa5b6f8/window/fullscreen - {}
RESULT: {}
]]></system-out>
    </testcase>
    <testcase classname="chrome.136_0_7103_93.windows.Billing_transfer_US117289" name="Should create a new partner" time="0.004"/>
    <testcase classname="chrome.136_0_7103_93.windows.Billing_transfer_US117289" name="Should create a new site" time="0.003"/>
    <testcase classname="chrome.136_0_7103_93.windows.Billing_transfer_US117289" name="Should create a new equipment" time="146.614">
      <system-out><![CDATA[
COMMAND: POST /session/1078df7af42110589ce6729fcfa5b6f8/execute/async - {"script":"<script> [1562 bytes]","args":[{"selector":{"controlType":"sap.m.GenericTile","properties":{"header":"Manage Resources"}},"wdio_ui5_key":"sapm.GenericTile{\"header\":\"Manage Resources\"}"}]}
RESULT: {"script":"<script> [1562 bytes]","args":[{"selector":{"controlType":"sap.m.GenericTile","properties":{"header":"Manage Resources"}},"wdio_ui5_key":"sapm.GenericTile{\"header\":\"Manage Resources\"}"}]}
RESULT: undefined
COMMAND: POST /session/1078df7af42110589ce6729fcfa5b6f8/element - {"using":"xpath","value":"//*[@id=\"__tile39\"]"}
RESULT: {"using":"xpath","value":"//*[@id=\"__tile39\"]"}
COMMAND: POST /session/1078df7af42110589ce6729fcfa5b6f8/element/f.BA343095ED0ABE7E3673784E64AE5F80.d.B74E28C7C88052B7F5A9931E850DFF7D.e.10648/click - {}
RESULT: {}
COMMAND: GET /session/1078df7af42110589ce6729fcfa5b6f8/screenshot - {}
RESULT: {}
COMMAND: POST /session/1078df7af42110589ce6729fcfa5b6f8/elements - {"using":"xpath","value":"//span[text()='Error']"}
RESULT: {"using":"xpath","value":"//span[text()='Error']"}
COMMAND: POST /session/1078df7af42110589ce6729fcfa5b6f8/element - {"using":"xpath","value":"//button[@data-kt=\"addNewRUOverflowToolbarButton\"]"}
RESULT: {"using":"xpath","value":"//button[@data-kt=\"addNewRUOverflowToolbarButton\"]"}
COMMAND: POST /session/1078df7af42110589ce6729fcfa5b6f8/elements - {"using":"xpath","value":"//button[@data-kt=\"addNewRUOverflowToolbarButton\"]"}
RESULT: {"using":"xpath","value":"//button[@data-kt=\"addNewRUOverflowToolbarButton\"]"}
COMMAND: POST /session/1078df7af42110589ce6729fcfa5b6f8/elements - {"using":"xpath","value":"//button[@data-kt=\"addNewRUOverflowToolbarButton\"]"}
RESULT: {"using":"xpath","value":"//button[@data-kt=\"addNewRUOverflowToolbarButton\"]"}
COMMAND: POST /session/1078df7af42110589ce6729fcfa5b6f8/elements - {"using":"xpath","value":"//button[@data-kt=\"addNewRUOverflowToolbarButton\"]"}
RESULT: {"using":"xpath","value":"//button[@data-kt=\"addNewRUOverflowToolbarButton\"]"}
COMMAND: POST /session/1078df7af42110589ce6729fcfa5b6f8/elements - {"using":"xpath","value":"//button[@data-kt=\"addNewRUOverflowToolbarButton\"]"}
RESULT: {"using":"xpath","value":"//button[@data-kt=\"addNewRUOverflowToolbarButton\"]"}
COMMAND: POST /session/1078df7af42110589ce6729fcfa5b6f8/elements - {"using":"xpath","value":"//button[@data-kt=\"addNewRUOverflowToolbarButton\"]"}
RESULT: {"using":"xpath","value":"//button[@data-kt=\"addNewRUOverflowToolbarButton\"]"}
COMMAND: POST /session/1078df7af42110589ce6729fcfa5b6f8/elements - {"using":"xpath","value":"//button[@data-kt=\"addNewRUOverflowToolbarButton\"]"}
RESULT: {"using":"xpath","value":"//button[@data-kt=\"addNewRUOverflowToolbarButton\"]"}
COMMAND: POST /session/1078df7af42110589ce6729fcfa5b6f8/elements - {"using":"xpath","value":"//button[@data-kt=\"addNewRUOverflowToolbarButton\"]"}
RESULT: {"using":"xpath","value":"//button[@data-kt=\"addNewRUOverflowToolbarButton\"]"}
COMMAND: POST /session/1078df7af42110589ce6729fcfa5b6f8/elements - {"using":"xpath","value":"//button[@data-kt=\"addNewRUOverflowToolbarButton\"]"}
RESULT: {"using":"xpath","value":"//button[@data-kt=\"addNewRUOverflowToolbarButton\"]"}
COMMAND: POST /session/1078df7af42110589ce6729fcfa5b6f8/element - {"using":"xpath","value":"//button[@data-kt=\"addNewRUOverflowToolbarButton\"]"}
RESULT: {"using":"xpath","value":"//button[@data-kt=\"addNewRUOverflowToolbarButton\"]"}
COMMAND: POST /session/1078df7af42110589ce6729fcfa5b6f8/execute/sync - {"script":"<script> [8489 bytes]","args":[{"element-6066-11e4-a52e-4f735466cecf":"f.BA343095ED0ABE7E3673784E64AE5F80.d.B74E28C7C88052B7F5A9931E850DFF7D.e.10787","ELEMENT":"f.BA343095ED0ABE7E3673784E64AE5F80.d.B74E28C7C88052B7F5A9931E850DFF7D.e.10787"}]}
RESULT: {"script":"<script> [8489 bytes]","args":[{"element-6066-11e4-a52e-4f735466cecf":"f.BA343095ED0ABE7E3673784E64AE5F80.d.B74E28C7C88052B7F5A9931E850DFF7D.e.10787","ELEMENT":"f.BA343095ED0ABE7E3673784E64AE5F80.d.B74E28C7C88052B7F5A9931E850DFF7D.e.10787"}]}
COMMAND: GET /session/1078df7af42110589ce6729fcfa5b6f8/element/f.BA343095ED0ABE7E3673784E64AE5F80.d.B74E28C7C88052B7F5A9931E850DFF7D.e.10787/enabled - {}
COMMAND: GET /session/1078df7af42110589ce6729fcfa5b6f8/screenshot - {}
RESULT: {}
COMMAND: POST /session/1078df7af42110589ce6729fcfa5b6f8/execute/sync - {"script":"<script> [8489 bytes]","args":[{"element-6066-11e4-a52e-4f735466cecf":"f.BA343095ED0ABE7E3673784E64AE5F80.d.B74E28C7C88052B7F5A9931E850DFF7D.e.10787","ELEMENT":"f.BA343095ED0ABE7E3673784E64AE5F80.d.B74E28C7C88052B7F5A9931E850DFF7D.e.10787"}]}
COMMAND: GET /session/1078df7af42110589ce6729fcfa5b6f8/screenshot - {}
RESULT: {}
RESULT: {"script":"<script> [8489 bytes]","args":[{"element-6066-11e4-a52e-4f735466cecf":"f.BA343095ED0ABE7E3673784E64AE5F80.d.B74E28C7C88052B7F5A9931E850DFF7D.e.10787","ELEMENT":"f.BA343095ED0ABE7E3673784E64AE5F80.d.B74E28C7C88052B7F5A9931E850DFF7D.e.10787"}]}
COMMAND: POST /session/1078df7af42110589ce6729fcfa5b6f8/execute/sync - {"script":"<script> [5351 bytes]","args":[{"element-6066-11e4-a52e-4f735466cecf":"f.BA343095ED0ABE7E3673784E64AE5F80.d.B74E28C7C88052B7F5A9931E850DFF7D.e.10787","ELEMENT":"f.BA343095ED0ABE7E3673784E64AE5F80.d.B74E28C7C88052B7F5A9931E850DFF7D.e.10787"}]}
COMMAND: GET /session/1078df7af42110589ce6729fcfa5b6f8/screenshot - {}
RESULT: {}
RESULT: {"script":"<script> [5351 bytes]","args":[{"element-6066-11e4-a52e-4f735466cecf":"f.BA343095ED0ABE7E3673784E64AE5F80.d.B74E28C7C88052B7F5A9931E850DFF7D.e.10787","ELEMENT":"f.BA343095ED0ABE7E3673784E64AE5F80.d.B74E28C7C88052B7F5A9931E850DFF7D.e.10787"}]}
COMMAND: POST /session/1078df7af42110589ce6729fcfa5b6f8/element/f.BA343095ED0ABE7E3673784E64AE5F80.d.B74E28C7C88052B7F5A9931E850DFF7D.e.10787/click - {}
RESULT: {}
COMMAND: GET /session/1078df7af42110589ce6729fcfa5b6f8/screenshot - {}
RESULT: {}
COMMAND: GET /session/1078df7af42110589ce6729fcfa5b6f8/screenshot - {}
RESULT: {}
COMMAND: POST /session/1078df7af42110589ce6729fcfa5b6f8/execute/async - {"script":"<script> [1562 bytes]","args":[{"selector":{"id":"application-manageresources-display-component---newResourceUnit--TYPE-arrow"},"wdio_ui5_key":"applicationmanageresources-display-component---newResourceUnit--TYPE-arrow"}]}
RESULT: {}
RESULT: {"script":"<script> [1562 bytes]","args":[{"selector":{"id":"application-manageresources-display-component---newResourceUnit--TYPE-arrow"},"wdio_ui5_key":"applicationmanageresources-display-component---newResourceUnit--TYPE-arrow"}]}
RESULT: undefined
COMMAND: POST /session/1078df7af42110589ce6729fcfa5b6f8/element - {"using":"xpath","value":"//*[@id=\"application-manageresources-display-component---newResourceUnit--TYPE-arrow\"]"}
RESULT: {"using":"xpath","value":"//*[@id=\"application-manageresources-display-component---newResourceUnit--TYPE-arrow\"]"}
COMMAND: POST /session/1078df7af42110589ce6729fcfa5b6f8/element/f.BA343095ED0ABE7E3673784E64AE5F80.d.B74E28C7C88052B7F5A9931E850DFF7D.e.11157/click - {}
RESULT: {}
COMMAND: POST /session/1078df7af42110589ce6729fcfa5b6f8/element - {"using":"xpath","value":"//input[@id=\"application-manageresources-display-component---newResourceUnit--TYPE-inner\"]"}
COMMAND: GET /session/1078df7af42110589ce6729fcfa5b6f8/screenshot - {}
RESULT: {"using":"xpath","value":"//input[@id=\"application-manageresources-display-component---newResourceUnit--TYPE-inner\"]"}
COMMAND: POST /session/1078df7af42110589ce6729fcfa5b6f8/element/f.BA343095ED0ABE7E3673784E64AE5F80.d.B74E28C7C88052B7F5A9931E850DFF7D.e.11140/clear - {}
RESULT: {}
RESULT: {}
COMMAND: POST /session/1078df7af42110589ce6729fcfa5b6f8/element/f.BA343095ED0ABE7E3673784E64AE5F80.d.B74E28C7C88052B7F5A9931E850DFF7D.e.11140/value - {"text":"Equipment"}
COMMAND: GET /session/1078df7af42110589ce6729fcfa5b6f8/screenshot - {}
RESULT: {"text":"Equipment"}
COMMAND: GET /session/1078df7af42110589ce6729fcfa5b6f8/screenshot - {}
RESULT: {}
RESULT: {}
COMMAND: POST /session/1078df7af42110589ce6729fcfa5b6f8/actions - {"actions":[{"id":"action35","type":"key","parameters":{},"actions":[{"type":"keyDown","value":""},{"type":"pause","duration":10},{"type":"keyUp","value":""}]}]}
RESULT: {"actions":[{"id":"action35","type":"key","parameters":{},"actions":[{"type":"keyDown","value":""},{"type":"pause","duration":10},{"type":"keyUp","value":""}]}]}
COMMAND: POST /session/1078df7af42110589ce6729fcfa5b6f8/execute/async - {"script":"<script> [1562 bytes]","args":[{"selector":{"id":"application-manageresources-display-component---newResourceUnit--resourceId","interaction":{"idSuffix":"inner"}},"wdio_ui5_key":"applicationmanageresources-display-component---newResourceUnit--resourceId"}]}
COMMAND: GET /session/1078df7af42110589ce6729fcfa5b6f8/screenshot - {}
RESULT: {"script":"<script> [1562 bytes]","args":[{"selector":{"id":"application-manageresources-display-component---newResourceUnit--resourceId","interaction":{"idSuffix":"inner"}},"wdio_ui5_key":"applicationmanageresources-display-component---newResourceUnit--resourceId"}]}
RESULT: undefined
COMMAND: POST /session/1078df7af42110589ce6729fcfa5b6f8/execute/async - {"script":"<script> [776 bytes]","args":[{"enterText":"EHpdCyQab7","selector":{"id":"application-manageresources-display-component---newResourceUnit--resourceId","interaction":{"idSuffix":"inner"}},"clearTextFirst":true,"interactionType":"ENTER_TEXT"}]}
RESULT: {}
RESULT: {"script":"<script> [776 bytes]","args":[{"enterText":"EHpdCyQab7","selector":{"id":"application-manageresources-display-component---newResourceUnit--resourceId","interaction":{"idSuffix":"inner"}},"clearTextFirst":true,"interactionType":"ENTER_TEXT"}]}
COMMAND: POST /session/1078df7af42110589ce6729fcfa5b6f8/execute/async - {"script":"<script> [1562 bytes]","args":[{"selector":{"id":"application-manageresources-display-component---newResourceUnit--SHORT_TEXT","interaction":{"idSuffix":"inner"}},"wdio_ui5_key":"applicationmanageresources-display-component---newResourceUnit--SHORT_TEXT"}]}
RESULT: {"script":"<script> [1562 bytes]","args":[{"selector":{"id":"application-manageresources-display-component---newResourceUnit--SHORT_TEXT","interaction":{"idSuffix":"inner"}},"wdio_ui5_key":"applicationmanageresources-display-component---newResourceUnit--SHORT_TEXT"}]}
RESULT: undefined
COMMAND: POST /session/1078df7af42110589ce6729fcfa5b6f8/execute/async - {"script":"<script> [776 bytes]","args":[{"enterText":"Intercompany Equipment WDIO","selector":{"id":"application-manageresources-display-component---newResourceUnit--SHORT_TEXT","interaction":{"idSuffix":"inner"}},"clearTextFirst":true,"interactionType":"ENTER_TEXT"}]}
RESULT: {"script":"<script> [776 bytes]","args":[{"enterText":"Intercompany Equipment WDIO","selector":{"id":"application-manageresources-display-component---newResourceUnit--SHORT_TEXT","interaction":{"idSuffix":"inner"}},"clearTextFirst":true,"interactionType":"ENTER_TEXT"}]}
COMMAND: POST /session/1078df7af42110589ce6729fcfa5b6f8/execute/async - {"script":"<script> [1562 bytes]","args":[{"selector":{"id":"application-manageresources-display-component---newResourceUnit--BASE_UNIT_OF_MEASURE","interaction":{"idSuffix":"inner"}},"wdio_ui5_key":"applicationmanageresources-display-component---newResourceUnit--BASE_UNIT_OF_MEASURE"}]}
RESULT: {"script":"<script> [1562 bytes]","args":[{"selector":{"id":"application-manageresources-display-component---newResourceUnit--BASE_UNIT_OF_MEASURE","interaction":{"idSuffix":"inner"}},"wdio_ui5_key":"applicationmanageresources-display-component---newResourceUnit--BASE_UNIT_OF_MEASURE"}]}
RESULT: undefined
COMMAND: POST /session/1078df7af42110589ce6729fcfa5b6f8/execute/async - {"script":"<script> [776 bytes]","args":[{"enterText":"Piece","selector":{"id":"application-manageresources-display-component---newResourceUnit--BASE_UNIT_OF_MEASURE","interaction":{"idSuffix":"inner"}},"clearTextFirst":true,"interactionType":"ENTER_TEXT"}]}
RESULT: {"script":"<script> [776 bytes]","args":[{"enterText":"Piece","selector":{"id":"application-manageresources-display-component---newResourceUnit--BASE_UNIT_OF_MEASURE","interaction":{"idSuffix":"inner"}},"clearTextFirst":true,"interactionType":"ENTER_TEXT"}]}
COMMAND: POST /session/1078df7af42110589ce6729fcfa5b6f8/execute/async - {"script":"<script> [1562 bytes]","args":[{"selector":{"id":"application-manageresources-display-component---newResourceUnit--WEIGHT_UNIT","interaction":{"idSuffix":"inner"}},"wdio_ui5_key":"applicationmanageresources-display-component---newResourceUnit--WEIGHT_UNIT"}]}
RESULT: {"script":"<script> [1562 bytes]","args":[{"selector":{"id":"application-manageresources-display-component---newResourceUnit--WEIGHT_UNIT","interaction":{"idSuffix":"inner"}},"wdio_ui5_key":"applicationmanageresources-display-component---newResourceUnit--WEIGHT_UNIT"}]}
RESULT: undefined
COMMAND: POST /session/1078df7af42110589ce6729fcfa5b6f8/execute/async - {"script":"<script> [776 bytes]","args":[{"enterText":"Gram","selector":{"id":"application-manageresources-display-component---newResourceUnit--WEIGHT_UNIT","interaction":{"idSuffix":"inner"}},"clearTextFirst":true,"interactionType":"ENTER_TEXT"}]}
RESULT: {"script":"<script> [776 bytes]","args":[{"enterText":"Gram","selector":{"id":"application-manageresources-display-component---newResourceUnit--WEIGHT_UNIT","interaction":{"idSuffix":"inner"}},"clearTextFirst":true,"interactionType":"ENTER_TEXT"}]}
COMMAND: POST /session/1078df7af42110589ce6729fcfa5b6f8/execute/async - {"script":"<script> [1562 bytes]","args":[{"selector":{"id":"application-manageresources-display-component---newResourceUnit--DIMENSION_UNIT","interaction":{"idSuffix":"inner"}},"wdio_ui5_key":"applicationmanageresources-display-component---newResourceUnit--DIMENSION_UNIT"}]}
RESULT: {"script":"<script> [1562 bytes]","args":[{"selector":{"id":"application-manageresources-display-component---newResourceUnit--DIMENSION_UNIT","interaction":{"idSuffix":"inner"}},"wdio_ui5_key":"applicationmanageresources-display-component---newResourceUnit--DIMENSION_UNIT"}]}
RESULT: undefined
COMMAND: POST /session/1078df7af42110589ce6729fcfa5b6f8/execute/async - {"script":"<script> [776 bytes]","args":[{"enterText":"Meter","selector":{"id":"application-manageresources-display-component---newResourceUnit--DIMENSION_UNIT","interaction":{"idSuffix":"inner"}},"clearTextFirst":true,"interactionType":"ENTER_TEXT"}]}
RESULT: {"script":"<script> [776 bytes]","args":[{"enterText":"Meter","selector":{"id":"application-manageresources-display-component---newResourceUnit--DIMENSION_UNIT","interaction":{"idSuffix":"inner"}},"clearTextFirst":true,"interactionType":"ENTER_TEXT"}]}
COMMAND: POST /session/1078df7af42110589ce6729fcfa5b6f8/execute/async - {"script":"<script> [1562 bytes]","args":[{"selector":{"id":"application-manageresources-display-component---newResourceUnit--newRRUPage-anchBar-application-manageresources-display-component---newResourceUnit--control-anchor","interaction":{"idSuffix":"BDI-content"}},"wdio_ui5_key":"applicationmanageresources-display-component---newResourceUnit--newRRUPage-anchBar-application-manageresources-display-component---newResourceUnit--control-anchor"}]}
RESULT: {"script":"<script> [1562 bytes]","args":[{"selector":{"id":"application-manageresources-display-component---newResourceUnit--newRRUPage-anchBar-application-manageresources-display-component---newResourceUnit--control-anchor","interaction":{"idSuffix":"BDI-content"}},"wdio_ui5_key":"applicationmanageresources-display-component---newResourceUnit--newRRUPage-anchBar-application-manageresources-display-component---newResourceUnit--control-anchor"}]}
RESULT: undefined
COMMAND: POST /session/1078df7af42110589ce6729fcfa5b6f8/element - {"using":"xpath","value":"//*[@id=\"application-manageresources-display-component---newResourceUnit--newRRUPage-anchBar-application-manageresources-display-component---newResourceUnit--control-anchor\"]"}
RESULT: {"using":"xpath","value":"//*[@id=\"application-manageresources-display-component---newResourceUnit--newRRUPage-anchBar-application-manageresources-display-component---newResourceUnit--control-anchor\"]"}
COMMAND: POST /session/1078df7af42110589ce6729fcfa5b6f8/element/f.BA343095ED0ABE7E3673784E64AE5F80.d.B74E28C7C88052B7F5A9931E850DFF7D.e.11315/click - {}
RESULT: {}
COMMAND: POST /session/1078df7af42110589ce6729fcfa5b6f8/execute/async - {"script":"<script> [1562 bytes]","args":[{"selector":{"id":"application-manageresources-display-component---newResourceUnit--PLANNING_GROUP","interaction":{"idSuffix":"inner"}},"wdio_ui5_key":"applicationmanageresources-display-component---newResourceUnit--PLANNING_GROUP"}]}
COMMAND: GET /session/1078df7af42110589ce6729fcfa5b6f8/screenshot - {}
RESULT: {"script":"<script> [1562 bytes]","args":[{"selector":{"id":"application-manageresources-display-component---newResourceUnit--PLANNING_GROUP","interaction":{"idSuffix":"inner"}},"wdio_ui5_key":"applicationmanageresources-display-component---newResourceUnit--PLANNING_GROUP"}]}
RESULT: undefined
COMMAND: POST /session/1078df7af42110589ce6729fcfa5b6f8/execute/async - {"script":"<script> [776 bytes]","args":[{"enterText":"Heavy Equi","selector":{"id":"application-manageresources-display-component---newResourceUnit--PLANNING_GROUP","interaction":{"idSuffix":"inner"}},"clearTextFirst":true,"interactionType":"ENTER_TEXT"}]}
RESULT: {}
RESULT: {"script":"<script> [776 bytes]","args":[{"enterText":"Heavy Equi","selector":{"id":"application-manageresources-display-component---newResourceUnit--PLANNING_GROUP","interaction":{"idSuffix":"inner"}},"clearTextFirst":true,"interactionType":"ENTER_TEXT"}]}
COMMAND: POST /session/1078df7af42110589ce6729fcfa5b6f8/execute/async - {"script":"<script> [1562 bytes]","args":[{"selector":{"id":"application-manageresources-display-component---newResourceUnit--ITEM_TYPE-arrow"},"wdio_ui5_key":"applicationmanageresources-display-component---newResourceUnit--ITEM_TYPE-arrow"}]}
RESULT: {"script":"<script> [1562 bytes]","args":[{"selector":{"id":"application-manageresources-display-component---newResourceUnit--ITEM_TYPE-arrow"},"wdio_ui5_key":"applicationmanageresources-display-component---newResourceUnit--ITEM_TYPE-arrow"}]}
RESULT: undefined
COMMAND: POST /session/1078df7af42110589ce6729fcfa5b6f8/element - {"using":"xpath","value":"//*[@id=\"application-manageresources-display-component---newResourceUnit--ITEM_TYPE-arrow\"]"}
RESULT: {"using":"xpath","value":"//*[@id=\"application-manageresources-display-component---newResourceUnit--ITEM_TYPE-arrow\"]"}
COMMAND: POST /session/1078df7af42110589ce6729fcfa5b6f8/element/f.BA343095ED0ABE7E3673784E64AE5F80.d.B74E28C7C88052B7F5A9931E850DFF7D.e.11324/click - {}
RESULT: {}
COMMAND: POST /session/1078df7af42110589ce6729fcfa5b6f8/element - {"using":"xpath","value":"//ul[contains(@id,\"ITEM_TYPE-popup-list-listUl\")]//li[.//span[contains(text(),\"Resource Unit\")]]"}
COMMAND: GET /session/1078df7af42110589ce6729fcfa5b6f8/screenshot - {}
RESULT: {"using":"xpath","value":"//ul[contains(@id,\"ITEM_TYPE-popup-list-listUl\")]//li[.//span[contains(text(),\"Resource Unit\")]]"}
COMMAND: POST /session/1078df7af42110589ce6729fcfa5b6f8/element/f.BA343095ED0ABE7E3673784E64AE5F80.d.B74E28C7C88052B7F5A9931E850DFF7D.e.11325/click - {}
RESULT: {}
RESULT: {}
COMMAND: GET /session/1078df7af42110589ce6729fcfa5b6f8/screenshot - {}
RESULT: {}
COMMAND: POST /session/1078df7af42110589ce6729fcfa5b6f8/element - {"using":"css selector","value":"#application-manageresources-display-component---newResourceUnit--btnAddTimeSegment"}
RESULT: {"using":"css selector","value":"#application-manageresources-display-component---newResourceUnit--btnAddTimeSegment"}
COMMAND: GET /session/1078df7af42110589ce6729fcfa5b6f8/element/f.BA343095ED0ABE7E3673784E64AE5F80.d.B74E28C7C88052B7F5A9931E850DFF7D.e.11332/rect - {}
RESULT: {}
COMMAND: GET /session/1078df7af42110589ce6729fcfa5b6f8/window/rect - {}
RESULT: {}
COMMAND: POST /session/1078df7af42110589ce6729fcfa5b6f8/execute/sync - {"script":"<script> [92 bytes]","args":[]}
RESULT: {"script":"<script> [92 bytes]","args":[]}
COMMAND: POST /session/1078df7af42110589ce6729fcfa5b6f8/actions - {"actions":[{"id":"action36","type":"wheel","parameters":{},"actions":[{"type":"scroll","x":-1888,"y":-32,"deltaX":0,"deltaY":0,"duration":0,"origin":{"element-6066-11e4-a52e-4f735466cecf":"f.BA343095ED0ABE7E3673784E64AE5F80.d.B74E28C7C88052B7F5A9931E850DFF7D.e.11332"}}]}]}
COMMAND: GET /session/1078df7af42110589ce6729fcfa5b6f8/screenshot - {}
RESULT: {}
COMMAND: POST /session/1078df7af42110589ce6729fcfa5b6f8/execute/sync - {"script":"<script> [79 bytes]","args":[{"element-6066-11e4-a52e-4f735466cecf":"f.BA343095ED0ABE7E3673784E64AE5F80.d.B74E28C7C88052B7F5A9931E850DFF7D.e.11332","ELEMENT":"f.BA343095ED0ABE7E3673784E64AE5F80.d.B74E28C7C88052B7F5A9931E850DFF7D.e.11332"},{"block":"start","inline":"nearest"}]}
RESULT: {"script":"<script> [79 bytes]","args":[{"element-6066-11e4-a52e-4f735466cecf":"f.BA343095ED0ABE7E3673784E64AE5F80.d.B74E28C7C88052B7F5A9931E850DFF7D.e.11332","ELEMENT":"f.BA343095ED0ABE7E3673784E64AE5F80.d.B74E28C7C88052B7F5A9931E850DFF7D.e.11332"},{"block":"start","inline":"nearest"}]}
COMMAND: POST /session/1078df7af42110589ce6729fcfa5b6f8/execute/async - {"script":"<script> [1562 bytes]","args":[{"selector":{"id":"application-manageresources-display-component---newResourceUnit--btnAddTimeSegment","interaction":{"idSuffix":"inner"}},"wdio_ui5_key":"applicationmanageresources-display-component---newResourceUnit--btnAddTimeSegment"}]}
COMMAND: GET /session/1078df7af42110589ce6729fcfa5b6f8/screenshot - {}
RESULT: {"script":"<script> [1562 bytes]","args":[{"selector":{"id":"application-manageresources-display-component---newResourceUnit--btnAddTimeSegment","interaction":{"idSuffix":"inner"}},"wdio_ui5_key":"applicationmanageresources-display-component---newResourceUnit--btnAddTimeSegment"}]}
RESULT: undefined
COMMAND: POST /session/1078df7af42110589ce6729fcfa5b6f8/element - {"using":"xpath","value":"//*[@id=\"application-manageresources-display-component---newResourceUnit--btnAddTimeSegment\"]"}
RESULT: {}
RESULT: {"using":"xpath","value":"//*[@id=\"application-manageresources-display-component---newResourceUnit--btnAddTimeSegment\"]"}
COMMAND: POST /session/1078df7af42110589ce6729fcfa5b6f8/element/f.BA343095ED0ABE7E3673784E64AE5F80.d.B74E28C7C88052B7F5A9931E850DFF7D.e.11332/click - {}
RESULT: {}
COMMAND: GET /session/1078df7af42110589ce6729fcfa5b6f8/screenshot - {}
RESULT: {}
COMMAND: POST /session/1078df7af42110589ce6729fcfa5b6f8/element - {"using":"xpath","value":"//input[@id=\"application-manageresources-display-component---newResourceUnit--idRuTSAdmin-application-manageresources-display-component---newResourceUnit--RUTimeSegment-0-inner\"]"}
RESULT: {"using":"xpath","value":"//input[@id=\"application-manageresources-display-component---newResourceUnit--idRuTSAdmin-application-manageresources-display-component---newResourceUnit--RUTimeSegment-0-inner\"]"}
COMMAND: POST /session/1078df7af42110589ce6729fcfa5b6f8/element/f.BA343095ED0ABE7E3673784E64AE5F80.d.B74E28C7C88052B7F5A9931E850DFF7D.e.11338/clear - {}
RESULT: {}
COMMAND: POST /session/1078df7af42110589ce6729fcfa5b6f8/element/f.BA343095ED0ABE7E3673784E64AE5F80.d.B74E28C7C88052B7F5A9931E850DFF7D.e.11338/value - {"text":"560"}
COMMAND: GET /session/1078df7af42110589ce6729fcfa5b6f8/screenshot - {}
RESULT: {"text":"560"}
COMMAND: GET /session/1078df7af42110589ce6729fcfa5b6f8/screenshot - {}
RESULT: {}
RESULT: {}
COMMAND: POST /session/1078df7af42110589ce6729fcfa5b6f8/element - {"using":"xpath","value":"//li[.//span[text()='560']]"}
RESULT: {"using":"xpath","value":"//li[.//span[text()='560']]"}
COMMAND: POST /session/1078df7af42110589ce6729fcfa5b6f8/element/f.BA343095ED0ABE7E3673784E64AE5F80.d.B74E28C7C88052B7F5A9931E850DFF7D.e.11350/click - {}
RESULT: {}
COMMAND: GET /session/1078df7af42110589ce6729fcfa5b6f8/screenshot - {}
RESULT: {}
COMMAND: POST /session/1078df7af42110589ce6729fcfa5b6f8/element - {"using":"xpath","value":"(//span[contains(@id, \"-application-manageresources-display-component---newResourceUnit--RUTimeSegment-0-arrow\")])[6]"}
RESULT: {"using":"xpath","value":"(//span[contains(@id, \"-application-manageresources-display-component---newResourceUnit--RUTimeSegment-0-arrow\")])[6]"}
COMMAND: POST /session/1078df7af42110589ce6729fcfa5b6f8/element/f.BA343095ED0ABE7E3673784E64AE5F80.d.B74E28C7C88052B7F5A9931E850DFF7D.e.11351/click - {}
RESULT: {}
COMMAND: GET /session/1078df7af42110589ce6729fcfa5b6f8/screenshot - {}
RESULT: {}
COMMAND: POST /session/1078df7af42110589ce6729fcfa5b6f8/element - {"using":"xpath","value":"//span[contains(text(), \"PM Order\")]"}
RESULT: {"using":"xpath","value":"//span[contains(text(), \"PM Order\")]"}
COMMAND: POST /session/1078df7af42110589ce6729fcfa5b6f8/element/f.BA343095ED0ABE7E3673784E64AE5F80.d.B74E28C7C88052B7F5A9931E850DFF7D.e.11354/click - {}
RESULT: {}
COMMAND: GET /session/1078df7af42110589ce6729fcfa5b6f8/screenshot - {}
RESULT: {}
COMMAND: POST /session/1078df7af42110589ce6729fcfa5b6f8/element - {"using":"xpath","value":"(//span[contains(@id ,\"manageresources-display-component---newResourceUnit--RUTimeSegment-0-vhi\")])[1]"}
RESULT: {"using":"xpath","value":"(//span[contains(@id ,\"manageresources-display-component---newResourceUnit--RUTimeSegment-0-vhi\")])[1]"}
COMMAND: GET /session/1078df7af42110589ce6729fcfa5b6f8/element/f.BA343095ED0ABE7E3673784E64AE5F80.d.B74E28C7C88052B7F5A9931E850DFF7D.e.11358/rect - {}
RESULT: {}
COMMAND: GET /session/1078df7af42110589ce6729fcfa5b6f8/window/rect - {}
RESULT: {}
COMMAND: POST /session/1078df7af42110589ce6729fcfa5b6f8/execute/sync - {"script":"<script> [92 bytes]","args":[]}
RESULT: {"script":"<script> [92 bytes]","args":[]}
COMMAND: POST /session/1078df7af42110589ce6729fcfa5b6f8/actions - {"actions":[{"id":"action37","type":"wheel","parameters":{},"actions":[{"type":"scroll","x":-869,"y":-24,"deltaX":0,"deltaY":0,"duration":0,"origin":{"element-6066-11e4-a52e-4f735466cecf":"f.BA343095ED0ABE7E3673784E64AE5F80.d.B74E28C7C88052B7F5A9931E850DFF7D.e.11358"}}]}]}
COMMAND: GET /session/1078df7af42110589ce6729fcfa5b6f8/screenshot - {}
RESULT: {"actions":[{"id":"action37","type":"wheel","parameters":{},"actions":[{"type":"scroll","x":-869,"y":-24,"deltaX":0,"deltaY":0,"duration":0,"origin":{"element-6066-11e4-a52e-4f735466cecf":"f.BA343095ED0ABE7E3673784E64AE5F80.d.B74E28C7C88052B7F5A9931E850DFF7D.e.11358"}}]}]}
COMMAND: DELETE /session/1078df7af42110589ce6729fcfa5b6f8/actions - {}
COMMAND: GET /session/1078df7af42110589ce6729fcfa5b6f8/screenshot - {}
RESULT: {}
RESULT: {}
COMMAND: GET /session/1078df7af42110589ce6729fcfa5b6f8/screenshot - {}
RESULT: {}
RESULT: {}
COMMAND: POST /session/1078df7af42110589ce6729fcfa5b6f8/element/f.BA343095ED0ABE7E3673784E64AE5F80.d.B74E28C7C88052B7F5A9931E850DFF7D.e.11358/click - {}
RESULT: {}
COMMAND: GET /session/1078df7af42110589ce6729fcfa5b6f8/screenshot - {}
RESULT: {}
COMMAND: POST /session/1078df7af42110589ce6729fcfa5b6f8/execute/async - {"script":"<script> [1562 bytes]","args":[{"selector":{"controlType":"sap.m.SearchField","properties":{"placeholder":"Search"},"searchOpenDialogs":true,"interaction":{"idSuffix":"I"}},"wdio_ui5_key":"sapm.SearchField{\"placeholder\":\"Search\"}"}]}
RESULT: {"script":"<script> [1562 bytes]","args":[{"selector":{"controlType":"sap.m.SearchField","properties":{"placeholder":"Search"},"searchOpenDialogs":true,"interaction":{"idSuffix":"I"}},"wdio_ui5_key":"sapm.SearchField{\"placeholder\":\"Search\"}"}]}
RESULT: undefined
COMMAND: POST /session/1078df7af42110589ce6729fcfa5b6f8/execute/async - {"script":"<script> [776 bytes]","args":[{"enterText":"4000360","selector":{"controlType":"sap.m.SearchField","properties":{"placeholder":"Search"},"searchOpenDialogs":true,"interaction":{"idSuffix":"I"}},"clearTextFirst":true,"interactionType":"ENTER_TEXT"}]}
RESULT: {"script":"<script> [776 bytes]","args":[{"enterText":"4000360","selector":{"controlType":"sap.m.SearchField","properties":{"placeholder":"Search"},"searchOpenDialogs":true,"interaction":{"idSuffix":"I"}},"clearTextFirst":true,"interactionType":"ENTER_TEXT"}]}
COMMAND: POST /session/1078df7af42110589ce6729fcfa5b6f8/actions - {"actions":[{"id":"action38","type":"key","parameters":{},"actions":[{"type":"keyDown","value":""},{"type":"pause","duration":10},{"type":"keyUp","value":""}]}]}
RESULT: {"actions":[{"id":"action38","type":"key","parameters":{},"actions":[{"type":"keyDown","value":""},{"type":"pause","duration":10},{"type":"keyUp","value":""}]}]}
COMMAND: GET /session/1078df7af42110589ce6729fcfa5b6f8/screenshot - {}
RESULT: {}
COMMAND: POST /session/1078df7af42110589ce6729fcfa5b6f8/element - {"using":"xpath","value":"//td/div/span[contains(text(), \"BGL Vehicles\")]"}
RESULT: {"using":"xpath","value":"//td/div/span[contains(text(), \"BGL Vehicles\")]"}
COMMAND: POST /session/1078df7af42110589ce6729fcfa5b6f8/element/f.BA343095ED0ABE7E3673784E64AE5F80.d.B74E28C7C88052B7F5A9931E850DFF7D.e.11379/click - {}
RESULT: {}
COMMAND: GET /session/1078df7af42110589ce6729fcfa5b6f8/screenshot - {}
RESULT: {}
COMMAND: POST /session/1078df7af42110589ce6729fcfa5b6f8/element - {"using":"xpath","value":"//bdi[contains(text(), \"OK\")]"}
RESULT: {"using":"xpath","value":"//bdi[contains(text(), \"OK\")]"}
COMMAND: POST /session/1078df7af42110589ce6729fcfa5b6f8/element/f.BA343095ED0ABE7E3673784E64AE5F80.d.B74E28C7C88052B7F5A9931E850DFF7D.e.11380/click - {}
RESULT: {}
COMMAND: GET /session/1078df7af42110589ce6729fcfa5b6f8/screenshot - {}
RESULT: {}
COMMAND: POST /session/1078df7af42110589ce6729fcfa5b6f8/execute/async - {"script":"<script> [1562 bytes]","args":[{"selector":{"id":"application-manageresources-display-component---newResourceUnit--newRRUPage-anchBar-application-manageresources-display-component---newResourceUnit--resource-anchor","interaction":{"idSuffix":"BDI-content"}},"wdio_ui5_key":"applicationmanageresources-display-component---newResourceUnit--newRRUPage-anchBar-application-manageresources-display-component---newResourceUnit--resource-anchor"}]}
RESULT: {"script":"<script> [1562 bytes]","args":[{"selector":{"id":"application-manageresources-display-component---newResourceUnit--newRRUPage-anchBar-application-manageresources-display-component---newResourceUnit--resource-anchor","interaction":{"idSuffix":"BDI-content"}},"wdio_ui5_key":"applicationmanageresources-display-component---newResourceUnit--newRRUPage-anchBar-application-manageresources-display-component---newResourceUnit--resource-anchor"}]}
RESULT: undefined
COMMAND: POST /session/1078df7af42110589ce6729fcfa5b6f8/element - {"using":"xpath","value":"//*[@id=\"application-manageresources-display-component---newResourceUnit--newRRUPage-anchBar-application-manageresources-display-component---newResourceUnit--resource-anchor\"]"}
RESULT: {"using":"xpath","value":"//*[@id=\"application-manageresources-display-component---newResourceUnit--newRRUPage-anchBar-application-manageresources-display-component---newResourceUnit--resource-anchor\"]"}
COMMAND: POST /session/1078df7af42110589ce6729fcfa5b6f8/element/f.BA343095ED0ABE7E3673784E64AE5F80.d.B74E28C7C88052B7F5A9931E850DFF7D.e.11384/click - {}
RESULT: {}
COMMAND: POST /session/1078df7af42110589ce6729fcfa5b6f8/execute/async - {"script":"<script> [1562 bytes]","args":[{"selector":{"id":"application-manageresources-display-component---newResourceUnit--PLANNED_DELIVERY_DATE","interaction":{"idSuffix":"inner"}},"wdio_ui5_key":"applicationmanageresources-display-component---newResourceUnit--PLANNED_DELIVERY_DATE"}]}
COMMAND: GET /session/1078df7af42110589ce6729fcfa5b6f8/screenshot - {}
RESULT: {"script":"<script> [1562 bytes]","args":[{"selector":{"id":"application-manageresources-display-component---newResourceUnit--PLANNED_DELIVERY_DATE","interaction":{"idSuffix":"inner"}},"wdio_ui5_key":"applicationmanageresources-display-component---newResourceUnit--PLANNED_DELIVERY_DATE"}]}
RESULT: undefined
COMMAND: POST /session/1078df7af42110589ce6729fcfa5b6f8/execute/async - {"script":"<script> [6424 bytes]","args":[{"element-6066-11e4-a52e-4f735466cecf":"f.BA343095ED0ABE7E3673784E64AE5F80.d.B74E28C7C88052B7F5A9931E850DFF7D.e.11214"},"setValue",["6/1/25"]]}
RESULT: {}
RESULT: {"script":"<script> [6424 bytes]","args":[{"element-6066-11e4-a52e-4f735466cecf":"f.BA343095ED0ABE7E3673784E64AE5F80.d.B74E28C7C88052B7F5A9931E850DFF7D.e.11214"},"setValue",["6/1/25"]]}
COMMAND: POST /session/1078df7af42110589ce6729fcfa5b6f8/element - {"using":"xpath","value":"//label[contains(@class, 'sapMLabelRequired') and .//bdi[contains(text(), 'Planned Retirement')]]"}
RESULT: {"using":"xpath","value":"//label[contains(@class, 'sapMLabelRequired') and .//bdi[contains(text(), 'Planned Retirement')]]"}
COMMAND: POST /session/1078df7af42110589ce6729fcfa5b6f8/elements - {"using":"xpath","value":"//label[contains(@class, 'sapMLabelRequired') and .//bdi[contains(text(), 'Planned Retirement')]]"}
RESULT: {"using":"xpath","value":"//label[contains(@class, 'sapMLabelRequired') and .//bdi[contains(text(), 'Planned Retirement')]]"}
COMMAND: POST /session/1078df7af42110589ce6729fcfa5b6f8/element - {"using":"xpath","value":"//button[@data-kt=\"resourceUnitSaveButton\"]"}
RESULT: {"using":"xpath","value":"//button[@data-kt=\"resourceUnitSaveButton\"]"}
COMMAND: POST /session/1078df7af42110589ce6729fcfa5b6f8/element/f.BA343095ED0ABE7E3673784E64AE5F80.d.B74E28C7C88052B7F5A9931E850DFF7D.e.11173/click - {}
RESULT: {}
COMMAND: GET /session/1078df7af42110589ce6729fcfa5b6f8/screenshot - {}
RESULT: {}
COMMAND: POST /session/1078df7af42110589ce6729fcfa5b6f8/element - {"using":"xpath","value":"//bdi[contains(text(), \"Close\")]"}
RESULT: {"using":"xpath","value":"//bdi[contains(text(), \"Close\")]"}
COMMAND: POST /session/1078df7af42110589ce6729fcfa5b6f8/element/f.BA343095ED0ABE7E3673784E64AE5F80.d.B74E28C7C88052B7F5A9931E850DFF7D.e.11394/click - {}
RESULT: {}
COMMAND: GET /session/1078df7af42110589ce6729fcfa5b6f8/screenshot - {}
RESULT: {}
COMMAND: POST /session/1078df7af42110589ce6729fcfa5b6f8/element - {"using":"xpath","value":"(//button[contains(@id ,\"actionsToolbar-overflowButton\")])[1]"}
RESULT: {"using":"xpath","value":"(//button[contains(@id ,\"actionsToolbar-overflowButton\")])[1]"}
COMMAND: POST /session/1078df7af42110589ce6729fcfa5b6f8/element/f.BA343095ED0ABE7E3673784E64AE5F80.d.B74E28C7C88052B7F5A9931E850DFF7D.e.11452/click - {}
RESULT: {}
COMMAND: GET /session/1078df7af42110589ce6729fcfa5b6f8/screenshot - {}
RESULT: {}
COMMAND: POST /session/1078df7af42110589ce6729fcfa5b6f8/element - {"using":"xpath","value":"//button[@data-kt=\"priceInfoButton\"]"}
RESULT: {"using":"xpath","value":"//button[@data-kt=\"priceInfoButton\"]"}
COMMAND: POST /session/1078df7af42110589ce6729fcfa5b6f8/element/f.BA343095ED0ABE7E3673784E64AE5F80.d.B74E28C7C88052B7F5A9931E850DFF7D.e.11454/click - {}
RESULT: {}
COMMAND: GET /session/1078df7af42110589ce6729fcfa5b6f8/screenshot - {}
RESULT: {}
]]></system-out>
    </testcase>
    <testcase classname="chrome.136_0_7103_93.windows.Billing_transfer_US117289" name="Should create new pricing rule" time="48.815">
      <system-out><![CDATA[
COMMAND: POST /session/1078df7af42110589ce6729fcfa5b6f8/element - {"using":"xpath","value":"//button[@data-kt=\"addButton\"]"}
RESULT: {"using":"xpath","value":"//button[@data-kt=\"addButton\"]"}
COMMAND: POST /session/1078df7af42110589ce6729fcfa5b6f8/elements - {"using":"xpath","value":"//button[@data-kt=\"addButton\"]"}
RESULT: {"using":"xpath","value":"//button[@data-kt=\"addButton\"]"}
COMMAND: POST /session/1078df7af42110589ce6729fcfa5b6f8/element - {"using":"xpath","value":"//button[@data-kt=\"addButton\"]"}
RESULT: {"using":"xpath","value":"//button[@data-kt=\"addButton\"]"}
COMMAND: POST /session/1078df7af42110589ce6729fcfa5b6f8/execute/sync - {"script":"<script> [8489 bytes]","args":[{"element-6066-11e4-a52e-4f735466cecf":"f.BA343095ED0ABE7E3673784E64AE5F80.d.B74E28C7C88052B7F5A9931E850DFF7D.e.11491","ELEMENT":"f.BA343095ED0ABE7E3673784E64AE5F80.d.B74E28C7C88052B7F5A9931E850DFF7D.e.11491"}]}
RESULT: {"script":"<script> [8489 bytes]","args":[{"element-6066-11e4-a52e-4f735466cecf":"f.BA343095ED0ABE7E3673784E64AE5F80.d.B74E28C7C88052B7F5A9931E850DFF7D.e.11491","ELEMENT":"f.BA343095ED0ABE7E3673784E64AE5F80.d.B74E28C7C88052B7F5A9931E850DFF7D.e.11491"}]}
COMMAND: GET /session/1078df7af42110589ce6729fcfa5b6f8/element/f.BA343095ED0ABE7E3673784E64AE5F80.d.B74E28C7C88052B7F5A9931E850DFF7D.e.11491/enabled - {}
COMMAND: GET /session/1078df7af42110589ce6729fcfa5b6f8/screenshot - {}
RESULT: {}
COMMAND: POST /session/1078df7af42110589ce6729fcfa5b6f8/execute/sync - {"script":"<script> [8489 bytes]","args":[{"element-6066-11e4-a52e-4f735466cecf":"f.BA343095ED0ABE7E3673784E64AE5F80.d.B74E28C7C88052B7F5A9931E850DFF7D.e.11491","ELEMENT":"f.BA343095ED0ABE7E3673784E64AE5F80.d.B74E28C7C88052B7F5A9931E850DFF7D.e.11491"}]}
COMMAND: GET /session/1078df7af42110589ce6729fcfa5b6f8/screenshot - {}
RESULT: {}
RESULT: {"script":"<script> [8489 bytes]","args":[{"element-6066-11e4-a52e-4f735466cecf":"f.BA343095ED0ABE7E3673784E64AE5F80.d.B74E28C7C88052B7F5A9931E850DFF7D.e.11491","ELEMENT":"f.BA343095ED0ABE7E3673784E64AE5F80.d.B74E28C7C88052B7F5A9931E850DFF7D.e.11491"}]}
COMMAND: POST /session/1078df7af42110589ce6729fcfa5b6f8/execute/sync - {"script":"<script> [5351 bytes]","args":[{"element-6066-11e4-a52e-4f735466cecf":"f.BA343095ED0ABE7E3673784E64AE5F80.d.B74E28C7C88052B7F5A9931E850DFF7D.e.11491","ELEMENT":"f.BA343095ED0ABE7E3673784E64AE5F80.d.B74E28C7C88052B7F5A9931E850DFF7D.e.11491"}]}
COMMAND: GET /session/1078df7af42110589ce6729fcfa5b6f8/screenshot - {}
RESULT: {}
RESULT: {"script":"<script> [5351 bytes]","args":[{"element-6066-11e4-a52e-4f735466cecf":"f.BA343095ED0ABE7E3673784E64AE5F80.d.B74E28C7C88052B7F5A9931E850DFF7D.e.11491","ELEMENT":"f.BA343095ED0ABE7E3673784E64AE5F80.d.B74E28C7C88052B7F5A9931E850DFF7D.e.11491"}]}
COMMAND: POST /session/1078df7af42110589ce6729fcfa5b6f8/element/f.BA343095ED0ABE7E3673784E64AE5F80.d.B74E28C7C88052B7F5A9931E850DFF7D.e.11491/click - {}
COMMAND: GET /session/1078df7af42110589ce6729fcfa5b6f8/screenshot - {}
RESULT: {}
RESULT: {}
COMMAND: GET /session/1078df7af42110589ce6729fcfa5b6f8/screenshot - {}
RESULT: {}
RESULT: {}
COMMAND: POST /session/1078df7af42110589ce6729fcfa5b6f8/execute/async - {"script":"<script> [1562 bytes]","args":[{"selector":{"controlType":"sap.m.Title","viewName":"etm.portal.ui.managepricingrules.view.NewItem","viewId":"application-managepricingrules-display-component---newInfoPriceItem","properties":{"text":"New Pricing Rules - Item Level"}},"wdio_ui5_key":"etmportal.ui.managepricingrules.view.NewItemsap.m.Title{\"text\":\"New Pricing Rules - Item Level\"}"}]}
RESULT: {"script":"<script> [1562 bytes]","args":[{"selector":{"controlType":"sap.m.Title","viewName":"etm.portal.ui.managepricingrules.view.NewItem","viewId":"application-managepricingrules-display-component---newInfoPriceItem","properties":{"text":"New Pricing Rules - Item Level"}},"wdio_ui5_key":"etmportal.ui.managepricingrules.view.NewItemsap.m.Title{\"text\":\"New Pricing Rules - Item Level\"}"}]}
RESULT: undefined
COMMAND: POST /session/1078df7af42110589ce6729fcfa5b6f8/execute/async - {"script":"<script> [6424 bytes]","args":[{"element-6066-11e4-a52e-4f735466cecf":"f.BA343095ED0ABE7E3673784E64AE5F80.d.B74E28C7C88052B7F5A9931E850DFF7D.e.11663"},"getText",[]]}
RESULT: {"script":"<script> [6424 bytes]","args":[{"element-6066-11e4-a52e-4f735466cecf":"f.BA343095ED0ABE7E3673784E64AE5F80.d.B74E28C7C88052B7F5A9931E850DFF7D.e.11663"},"getText",[]]}
COMMAND: POST /session/1078df7af42110589ce6729fcfa5b6f8/execute/async - {"script":"<script> [1562 bytes]","args":[{"selector":{"id":"application-managepricingrules-display-component---newInfoPriceItem--condValidTo","interaction":{"idSuffix":"inner"}},"wdio_ui5_key":"applicationmanagepricingrules-display-component---newInfoPriceItem--condValidTo"}]}
RESULT: {"script":"<script> [1562 bytes]","args":[{"selector":{"id":"application-managepricingrules-display-component---newInfoPriceItem--condValidTo","interaction":{"idSuffix":"inner"}},"wdio_ui5_key":"applicationmanagepricingrules-display-component---newInfoPriceItem--condValidTo"}]}
RESULT: undefined
COMMAND: POST /session/1078df7af42110589ce6729fcfa5b6f8/execute/async - {"script":"<script> [776 bytes]","args":[{"enterText":"2/1/26","selector":{"id":"application-managepricingrules-display-component---newInfoPriceItem--condValidTo","interaction":{"idSuffix":"inner"}},"clearTextFirst":true,"interactionType":"ENTER_TEXT"}]}
RESULT: {"script":"<script> [776 bytes]","args":[{"enterText":"2/1/26","selector":{"id":"application-managepricingrules-display-component---newInfoPriceItem--condValidTo","interaction":{"idSuffix":"inner"}},"clearTextFirst":true,"interactionType":"ENTER_TEXT"}]}
COMMAND: POST /session/1078df7af42110589ce6729fcfa5b6f8/execute/async - {"script":"<script> [1562 bytes]","args":[{"selector":{"id":"application-managepricingrules-display-component---newInfoPriceItem--billType-arrow"},"wdio_ui5_key":"applicationmanagepricingrules-display-component---newInfoPriceItem--billType-arrow"}]}
RESULT: {"script":"<script> [1562 bytes]","args":[{"selector":{"id":"application-managepricingrules-display-component---newInfoPriceItem--billType-arrow"},"wdio_ui5_key":"applicationmanagepricingrules-display-component---newInfoPriceItem--billType-arrow"}]}
RESULT: undefined
COMMAND: POST /session/1078df7af42110589ce6729fcfa5b6f8/element - {"using":"xpath","value":"//*[@id=\"application-managepricingrules-display-component---newInfoPriceItem--billType-arrow\"]"}
RESULT: {"using":"xpath","value":"//*[@id=\"application-managepricingrules-display-component---newInfoPriceItem--billType-arrow\"]"}
COMMAND: POST /session/1078df7af42110589ce6729fcfa5b6f8/element/f.BA343095ED0ABE7E3673784E64AE5F80.d.B74E28C7C88052B7F5A9931E850DFF7D.e.11621/click - {}
RESULT: {}
COMMAND: POST /session/1078df7af42110589ce6729fcfa5b6f8/element - {"using":"xpath","value":"//span[contains(text(), \"TB - Time based\")]"}
COMMAND: GET /session/1078df7af42110589ce6729fcfa5b6f8/screenshot - {}
RESULT: {"using":"xpath","value":"//span[contains(text(), \"TB - Time based\")]"}
COMMAND: POST /session/1078df7af42110589ce6729fcfa5b6f8/element/f.BA343095ED0ABE7E3673784E64AE5F80.d.B74E28C7C88052B7F5A9931E850DFF7D.e.11665/click - {}
RESULT: {}
RESULT: {}
COMMAND: POST /session/1078df7af42110589ce6729fcfa5b6f8/execute/async - {"script":"<script> [1562 bytes]","args":[{"selector":{"id":"application-managepricingrules-display-component---newInfoPriceItem--priceProc-arrow"},"wdio_ui5_key":"applicationmanagepricingrules-display-component---newInfoPriceItem--priceProc-arrow"}]}
COMMAND: GET /session/1078df7af42110589ce6729fcfa5b6f8/screenshot - {}
RESULT: {"script":"<script> [1562 bytes]","args":[{"selector":{"id":"application-managepricingrules-display-component---newInfoPriceItem--priceProc-arrow"},"wdio_ui5_key":"applicationmanagepricingrules-display-component---newInfoPriceItem--priceProc-arrow"}]}
RESULT: undefined
COMMAND: POST /session/1078df7af42110589ce6729fcfa5b6f8/element - {"using":"xpath","value":"//*[@id=\"application-managepricingrules-display-component---newInfoPriceItem--priceProc-arrow\"]"}
RESULT: {}
RESULT: {"using":"xpath","value":"//*[@id=\"application-managepricingrules-display-component---newInfoPriceItem--priceProc-arrow\"]"}
COMMAND: POST /session/1078df7af42110589ce6729fcfa5b6f8/element/f.BA343095ED0ABE7E3673784E64AE5F80.d.B74E28C7C88052B7F5A9931E850DFF7D.e.11628/click - {}
RESULT: {}
COMMAND: POST /session/1078df7af42110589ce6729fcfa5b6f8/element - {"using":"xpath","value":"//span[contains(text(), \"TBS - Time based standard\")]"}
COMMAND: GET /session/1078df7af42110589ce6729fcfa5b6f8/screenshot - {}
RESULT: {"using":"xpath","value":"//span[contains(text(), \"TBS - Time based standard\")]"}
COMMAND: POST /session/1078df7af42110589ce6729fcfa5b6f8/element/f.BA343095ED0ABE7E3673784E64AE5F80.d.B74E28C7C88052B7F5A9931E850DFF7D.e.11666/click - {}
RESULT: {}
RESULT: {}
COMMAND: POST /session/1078df7af42110589ce6729fcfa5b6f8/execute/async - {"script":"<script> [1562 bytes]","args":[{"selector":{"id":"application-managepricingrules-display-component---newInfoPriceItem--calcBase-arrow"},"wdio_ui5_key":"applicationmanagepricingrules-display-component---newInfoPriceItem--calcBase-arrow"}]}
COMMAND: GET /session/1078df7af42110589ce6729fcfa5b6f8/screenshot - {}
RESULT: {"script":"<script> [1562 bytes]","args":[{"selector":{"id":"application-managepricingrules-display-component---newInfoPriceItem--calcBase-arrow"},"wdio_ui5_key":"applicationmanagepricingrules-display-component---newInfoPriceItem--calcBase-arrow"}]}
RESULT: undefined
COMMAND: POST /session/1078df7af42110589ce6729fcfa5b6f8/element - {"using":"xpath","value":"//*[@id=\"application-managepricingrules-display-component---newInfoPriceItem--calcBase-arrow\"]"}
RESULT: {}
RESULT: {"using":"xpath","value":"//*[@id=\"application-managepricingrules-display-component---newInfoPriceItem--calcBase-arrow\"]"}
COMMAND: POST /session/1078df7af42110589ce6729fcfa5b6f8/element/f.BA343095ED0ABE7E3673784E64AE5F80.d.B74E28C7C88052B7F5A9931E850DFF7D.e.11635/click - {}
RESULT: {}
COMMAND: GET /session/1078df7af42110589ce6729fcfa5b6f8/screenshot - {}
RESULT: {}
COMMAND: POST /session/1078df7af42110589ce6729fcfa5b6f8/element - {"using":"xpath","value":"//span[contains(text(), \"0006 - TB(calendar days)\")]"}
RESULT: {"using":"xpath","value":"//span[contains(text(), \"0006 - TB(calendar days)\")]"}
COMMAND: POST /session/1078df7af42110589ce6729fcfa5b6f8/element/f.BA343095ED0ABE7E3673784E64AE5F80.d.B74E28C7C88052B7F5A9931E850DFF7D.e.11667/click - {}
RESULT: {}
COMMAND: GET /session/1078df7af42110589ce6729fcfa5b6f8/screenshot - {}
RESULT: {}
COMMAND: POST /session/1078df7af42110589ce6729fcfa5b6f8/execute/async - {"script":"<script> [1562 bytes]","args":[{"selector":{"id":"application-managepricingrules-display-component---newInfoPriceItem--daysMonth","interaction":{"idSuffix":"inner"}},"wdio_ui5_key":"applicationmanagepricingrules-display-component---newInfoPriceItem--daysMonth"}]}
RESULT: {"script":"<script> [1562 bytes]","args":[{"selector":{"id":"application-managepricingrules-display-component---newInfoPriceItem--daysMonth","interaction":{"idSuffix":"inner"}},"wdio_ui5_key":"applicationmanagepricingrules-display-component---newInfoPriceItem--daysMonth"}]}
RESULT: undefined
COMMAND: POST /session/1078df7af42110589ce6729fcfa5b6f8/execute/async - {"script":"<script> [776 bytes]","args":[{"enterText":"30","selector":{"id":"application-managepricingrules-display-component---newInfoPriceItem--daysMonth","interaction":{"idSuffix":"inner"}},"clearTextFirst":true,"interactionType":"ENTER_TEXT"}]}
RESULT: {"script":"<script> [776 bytes]","args":[{"enterText":"30","selector":{"id":"application-managepricingrules-display-component---newInfoPriceItem--daysMonth","interaction":{"idSuffix":"inner"}},"clearTextFirst":true,"interactionType":"ENTER_TEXT"}]}
COMMAND: POST /session/1078df7af42110589ce6729fcfa5b6f8/element - {"using":"xpath","value":"//button[@data-kt=\"saveNewRuleButton\"]"}
RESULT: {"using":"xpath","value":"//button[@data-kt=\"saveNewRuleButton\"]"}
COMMAND: POST /session/1078df7af42110589ce6729fcfa5b6f8/element/f.BA343095ED0ABE7E3673784E64AE5F80.d.B74E28C7C88052B7F5A9931E850DFF7D.e.11655/click - {}
RESULT: {}
COMMAND: GET /session/1078df7af42110589ce6729fcfa5b6f8/screenshot - {}
RESULT: {}
COMMAND: POST /session/1078df7af42110589ce6729fcfa5b6f8/execute/async - {"script":"<script> [1562 bytes]","args":[{"selector":{"id":"application-managepricingrules-display-component---priceInfoItem--smartFilterBar-btnBasicSearch","interaction":{"idSuffix":"I"}},"wdio_ui5_key":"applicationmanagepricingrules-display-component---priceInfoItem--smartFilterBar-btnBasicSearch"}]}
RESULT: {"script":"<script> [1562 bytes]","args":[{"selector":{"id":"application-managepricingrules-display-component---priceInfoItem--smartFilterBar-btnBasicSearch","interaction":{"idSuffix":"I"}},"wdio_ui5_key":"applicationmanagepricingrules-display-component---priceInfoItem--smartFilterBar-btnBasicSearch"}]}
RESULT: undefined
COMMAND: POST /session/1078df7af42110589ce6729fcfa5b6f8/execute/async - {"script":"<script> [776 bytes]","args":[{"enterText":"EHpdCyQab7","selector":{"id":"application-managepricingrules-display-component---priceInfoItem--smartFilterBar-btnBasicSearch","interaction":{"idSuffix":"I"}},"clearTextFirst":true,"interactionType":"ENTER_TEXT"}]}
RESULT: {"script":"<script> [776 bytes]","args":[{"enterText":"EHpdCyQab7","selector":{"id":"application-managepricingrules-display-component---priceInfoItem--smartFilterBar-btnBasicSearch","interaction":{"idSuffix":"I"}},"clearTextFirst":true,"interactionType":"ENTER_TEXT"}]}
COMMAND: POST /session/1078df7af42110589ce6729fcfa5b6f8/actions - {"actions":[{"id":"action39","type":"key","parameters":{},"actions":[{"type":"keyDown","value":""},{"type":"pause","duration":10},{"type":"keyUp","value":""}]}]}
RESULT: {"actions":[{"id":"action39","type":"key","parameters":{},"actions":[{"type":"keyDown","value":""},{"type":"pause","duration":10},{"type":"keyUp","value":""}]}]}
COMMAND: GET /session/1078df7af42110589ce6729fcfa5b6f8/screenshot - {}
RESULT: {}
COMMAND: POST /session/1078df7af42110589ce6729fcfa5b6f8/element - {"using":"xpath","value":"//span[@id=\"application-managepricingrules-display-component---priceInfoItem--smartTable-header-inner\"]"}
RESULT: {"using":"xpath","value":"//span[@id=\"application-managepricingrules-display-component---priceInfoItem--smartTable-header-inner\"]"}
COMMAND: POST /session/1078df7af42110589ce6729fcfa5b6f8/elements - {"using":"xpath","value":"//span[@id=\"application-managepricingrules-display-component---priceInfoItem--smartTable-header-inner\"]"}
RESULT: {"using":"xpath","value":"//span[@id=\"application-managepricingrules-display-component---priceInfoItem--smartTable-header-inner\"]"}
COMMAND: POST /session/1078df7af42110589ce6729fcfa5b6f8/execute/sync - {"script":"<script> [56 bytes]","args":[{"element-6066-11e4-a52e-4f735466cecf":"f.BA343095ED0ABE7E3673784E64AE5F80.d.B74E28C7C88052B7F5A9931E850DFF7D.e.11691","ELEMENT":"f.BA343095ED0ABE7E3673784E64AE5F80.d.B74E28C7C88052B7F5A9931E850DFF7D.e.11691"}]}
RESULT: {"script":"<script> [56 bytes]","args":[{"element-6066-11e4-a52e-4f735466cecf":"f.BA343095ED0ABE7E3673784E64AE5F80.d.B74E28C7C88052B7F5A9931E850DFF7D.e.11691","ELEMENT":"f.BA343095ED0ABE7E3673784E64AE5F80.d.B74E28C7C88052B7F5A9931E850DFF7D.e.11691"}]}
COMMAND: POST /session/1078df7af42110589ce6729fcfa5b6f8/element - {"using":"css selector","value":"#shell-header-logo"}
COMMAND: GET /session/1078df7af42110589ce6729fcfa5b6f8/screenshot - {}
RESULT: {"using":"css selector","value":"#shell-header-logo"}
COMMAND: POST /session/1078df7af42110589ce6729fcfa5b6f8/element/f.BA343095ED0ABE7E3673784E64AE5F80.d.B74E28C7C88052B7F5A9931E850DFF7D.e.10757/click - {}
RESULT: {}
RESULT: {}
COMMAND: GET /session/1078df7af42110589ce6729fcfa5b6f8/screenshot - {}
RESULT: {}
]]></system-out>
    </testcase>
    <testcase classname="chrome.136_0_7103_93.windows.Billing_transfer_US117289" name="Should create new condition for equipment" time="66.06">
      <system-out><![CDATA[
COMMAND: POST /session/1078df7af42110589ce6729fcfa5b6f8/execute/async - {"script":"<script> [1562 bytes]","args":[{"selector":{"controlType":"sap.m.GenericTile","properties":{"header":"Manage Conditions & Prices"}},"wdio_ui5_key":"sapm.GenericTile{\"header\":\"Manage Conditions & Prices\"}"}]}
RESULT: {"script":"<script> [1562 bytes]","args":[{"selector":{"controlType":"sap.m.GenericTile","properties":{"header":"Manage Conditions & Prices"}},"wdio_ui5_key":"sapm.GenericTile{\"header\":\"Manage Conditions & Prices\"}"}]}
RESULT: undefined
COMMAND: POST /session/1078df7af42110589ce6729fcfa5b6f8/element - {"using":"xpath","value":"//*[@id=\"__tile53\"]"}
RESULT: {"using":"xpath","value":"//*[@id=\"__tile53\"]"}
COMMAND: POST /session/1078df7af42110589ce6729fcfa5b6f8/element/f.BA343095ED0ABE7E3673784E64AE5F80.d.B74E28C7C88052B7F5A9931E850DFF7D.e.10695/click - {}
RESULT: {}
COMMAND: GET /session/1078df7af42110589ce6729fcfa5b6f8/screenshot - {}
RESULT: {}
COMMAND: POST /session/1078df7af42110589ce6729fcfa5b6f8/elements - {"using":"xpath","value":"//span[text()='Error']"}
RESULT: {"using":"xpath","value":"//span[text()='Error']"}
COMMAND: POST /session/1078df7af42110589ce6729fcfa5b6f8/element - {"using":"xpath","value":"//button[@aria-label=\"Create\"]"}
RESULT: {"using":"xpath","value":"//button[@aria-label=\"Create\"]"}
COMMAND: POST /session/1078df7af42110589ce6729fcfa5b6f8/elements - {"using":"xpath","value":"//button[@aria-label=\"Create\"]"}
RESULT: {"using":"xpath","value":"//button[@aria-label=\"Create\"]"}
COMMAND: POST /session/1078df7af42110589ce6729fcfa5b6f8/execute/sync - {"script":"<script> [8489 bytes]","args":[{"element-6066-11e4-a52e-4f735466cecf":"f.BA343095ED0ABE7E3673784E64AE5F80.d.B74E28C7C88052B7F5A9931E850DFF7D.e.11726","ELEMENT":"f.BA343095ED0ABE7E3673784E64AE5F80.d.B74E28C7C88052B7F5A9931E850DFF7D.e.11726"}]}
RESULT: {"script":"<script> [8489 bytes]","args":[{"element-6066-11e4-a52e-4f735466cecf":"f.BA343095ED0ABE7E3673784E64AE5F80.d.B74E28C7C88052B7F5A9931E850DFF7D.e.11726","ELEMENT":"f.BA343095ED0ABE7E3673784E64AE5F80.d.B74E28C7C88052B7F5A9931E850DFF7D.e.11726"}]}
COMMAND: GET /session/1078df7af42110589ce6729fcfa5b6f8/element/f.BA343095ED0ABE7E3673784E64AE5F80.d.B74E28C7C88052B7F5A9931E850DFF7D.e.11726/enabled - {}
COMMAND: GET /session/1078df7af42110589ce6729fcfa5b6f8/screenshot - {}
RESULT: {}
COMMAND: POST /session/1078df7af42110589ce6729fcfa5b6f8/execute/sync - {"script":"<script> [8489 bytes]","args":[{"element-6066-11e4-a52e-4f735466cecf":"f.BA343095ED0ABE7E3673784E64AE5F80.d.B74E28C7C88052B7F5A9931E850DFF7D.e.11726","ELEMENT":"f.BA343095ED0ABE7E3673784E64AE5F80.d.B74E28C7C88052B7F5A9931E850DFF7D.e.11726"}]}
COMMAND: GET /session/1078df7af42110589ce6729fcfa5b6f8/screenshot - {}
RESULT: {}
RESULT: {"script":"<script> [8489 bytes]","args":[{"element-6066-11e4-a52e-4f735466cecf":"f.BA343095ED0ABE7E3673784E64AE5F80.d.B74E28C7C88052B7F5A9931E850DFF7D.e.11726","ELEMENT":"f.BA343095ED0ABE7E3673784E64AE5F80.d.B74E28C7C88052B7F5A9931E850DFF7D.e.11726"}]}
COMMAND: POST /session/1078df7af42110589ce6729fcfa5b6f8/execute/sync - {"script":"<script> [5351 bytes]","args":[{"element-6066-11e4-a52e-4f735466cecf":"f.BA343095ED0ABE7E3673784E64AE5F80.d.B74E28C7C88052B7F5A9931E850DFF7D.e.11726","ELEMENT":"f.BA343095ED0ABE7E3673784E64AE5F80.d.B74E28C7C88052B7F5A9931E850DFF7D.e.11726"}]}
COMMAND: GET /session/1078df7af42110589ce6729fcfa5b6f8/screenshot - {}
RESULT: {}
RESULT: {"script":"<script> [5351 bytes]","args":[{"element-6066-11e4-a52e-4f735466cecf":"f.BA343095ED0ABE7E3673784E64AE5F80.d.B74E28C7C88052B7F5A9931E850DFF7D.e.11726","ELEMENT":"f.BA343095ED0ABE7E3673784E64AE5F80.d.B74E28C7C88052B7F5A9931E850DFF7D.e.11726"}]}
COMMAND: POST /session/1078df7af42110589ce6729fcfa5b6f8/element/f.BA343095ED0ABE7E3673784E64AE5F80.d.B74E28C7C88052B7F5A9931E850DFF7D.e.11726/click - {}
COMMAND: GET /session/1078df7af42110589ce6729fcfa5b6f8/screenshot - {}
RESULT: {}
RESULT: {}
COMMAND: GET /session/1078df7af42110589ce6729fcfa5b6f8/screenshot - {}
RESULT: {}
RESULT: {}
COMMAND: POST /session/1078df7af42110589ce6729fcfa5b6f8/actions - {"actions":[{"id":"action40","type":"key","parameters":{},"actions":[{"type":"keyDown","value":""},{"type":"pause","duration":10},{"type":"keyUp","value":""}]}]}
RESULT: {"actions":[{"id":"action40","type":"key","parameters":{},"actions":[{"type":"keyDown","value":""},{"type":"pause","duration":10},{"type":"keyUp","value":""}]}]}
COMMAND: GET /session/1078df7af42110589ce6729fcfa5b6f8/screenshot - {}
RESULT: {}
COMMAND: POST /session/1078df7af42110589ce6729fcfa5b6f8/execute/async - {"script":"<script> [1562 bytes]","args":[{"selector":{"id":"application-manageconditionprice-display-component---newCondition--condBillCond-arrow"},"wdio_ui5_key":"applicationmanageconditionprice-display-component---newCondition--condBillCond-arrow"}]}
RESULT: {"script":"<script> [1562 bytes]","args":[{"selector":{"id":"application-manageconditionprice-display-component---newCondition--condBillCond-arrow"},"wdio_ui5_key":"applicationmanageconditionprice-display-component---newCondition--condBillCond-arrow"}]}
RESULT: undefined
COMMAND: POST /session/1078df7af42110589ce6729fcfa5b6f8/element - {"using":"xpath","value":"//*[@id=\"application-manageconditionprice-display-component---newCondition--condBillCond-arrow\"]"}
RESULT: {"using":"xpath","value":"//*[@id=\"application-manageconditionprice-display-component---newCondition--condBillCond-arrow\"]"}
COMMAND: POST /session/1078df7af42110589ce6729fcfa5b6f8/element/f.BA343095ED0ABE7E3673784E64AE5F80.d.B74E28C7C88052B7F5A9931E850DFF7D.e.11903/click - {}
RESULT: {}
COMMAND: GET /session/1078df7af42110589ce6729fcfa5b6f8/screenshot - {}
RESULT: {}
COMMAND: POST /session/1078df7af42110589ce6729fcfa5b6f8/element - {"using":"xpath","value":"//li[.//span[contains(text(), \"DISP - D&I special price\")]]"}
RESULT: {"using":"xpath","value":"//li[.//span[contains(text(), \"DISP - D&I special price\")]]"}
COMMAND: POST /session/1078df7af42110589ce6729fcfa5b6f8/element/f.BA343095ED0ABE7E3673784E64AE5F80.d.B74E28C7C88052B7F5A9931E850DFF7D.e.11906/click - {}
RESULT: {}
COMMAND: GET /session/1078df7af42110589ce6729fcfa5b6f8/screenshot - {}
RESULT: {}
COMMAND: POST /session/1078df7af42110589ce6729fcfa5b6f8/execute/async - {"script":"<script> [1562 bytes]","args":[{"selector":{"id":"application-manageconditionprice-display-component---newCondition--condValidTo","interaction":{"idSuffix":"inner"}},"wdio_ui5_key":"applicationmanageconditionprice-display-component---newCondition--condValidTo"}]}
RESULT: {"script":"<script> [1562 bytes]","args":[{"selector":{"id":"application-manageconditionprice-display-component---newCondition--condValidTo","interaction":{"idSuffix":"inner"}},"wdio_ui5_key":"applicationmanageconditionprice-display-component---newCondition--condValidTo"}]}
RESULT: undefined
COMMAND: POST /session/1078df7af42110589ce6729fcfa5b6f8/execute/async - {"script":"<script> [776 bytes]","args":[{"enterText":"2/1/26","selector":{"id":"application-manageconditionprice-display-component---newCondition--condValidTo","interaction":{"idSuffix":"inner"}},"clearTextFirst":true,"interactionType":"ENTER_TEXT"}]}
RESULT: {"script":"<script> [776 bytes]","args":[{"enterText":"2/1/26","selector":{"id":"application-manageconditionprice-display-component---newCondition--condValidTo","interaction":{"idSuffix":"inner"}},"clearTextFirst":true,"interactionType":"ENTER_TEXT"}]}
COMMAND: POST /session/1078df7af42110589ce6729fcfa5b6f8/element - {"using":"xpath","value":"//input[@id=\"application-manageconditionprice-display-component---newCondition--condRU-inner\"]"}
RESULT: {"using":"xpath","value":"//input[@id=\"application-manageconditionprice-display-component---newCondition--condRU-inner\"]"}
COMMAND: POST /session/1078df7af42110589ce6729fcfa5b6f8/element/f.BA343095ED0ABE7E3673784E64AE5F80.d.B74E28C7C88052B7F5A9931E850DFF7D.e.11769/clear - {}
RESULT: {}
COMMAND: POST /session/1078df7af42110589ce6729fcfa5b6f8/element/f.BA343095ED0ABE7E3673784E64AE5F80.d.B74E28C7C88052B7F5A9931E850DFF7D.e.11769/value - {"text":"EHpdCyQab7"}
COMMAND: GET /session/1078df7af42110589ce6729fcfa5b6f8/screenshot - {}
RESULT: {"text":"EHpdCyQab7"}
COMMAND: GET /session/1078df7af42110589ce6729fcfa5b6f8/screenshot - {}
RESULT: {}
RESULT: {}
COMMAND: POST /session/1078df7af42110589ce6729fcfa5b6f8/actions - {"actions":[{"id":"action41","type":"key","parameters":{},"actions":[{"type":"keyDown","value":""},{"type":"pause","duration":10},{"type":"keyUp","value":""}]}]}
RESULT: {"actions":[{"id":"action41","type":"key","parameters":{},"actions":[{"type":"keyDown","value":""},{"type":"pause","duration":10},{"type":"keyUp","value":""}]}]}
COMMAND: POST /session/1078df7af42110589ce6729fcfa5b6f8/execute/async - {"script":"<script> [1562 bytes]","args":[{"selector":{"id":"application-manageconditionprice-display-component---newCondition--condBaseQty","interaction":{"idSuffix":"inner"}},"wdio_ui5_key":"applicationmanageconditionprice-display-component---newCondition--condBaseQty"}]}
COMMAND: GET /session/1078df7af42110589ce6729fcfa5b6f8/screenshot - {}
RESULT: {"script":"<script> [1562 bytes]","args":[{"selector":{"id":"application-manageconditionprice-display-component---newCondition--condBaseQty","interaction":{"idSuffix":"inner"}},"wdio_ui5_key":"applicationmanageconditionprice-display-component---newCondition--condBaseQty"}]}
RESULT: undefined
COMMAND: POST /session/1078df7af42110589ce6729fcfa5b6f8/execute/async - {"script":"<script> [776 bytes]","args":[{"enterText":"1","selector":{"id":"application-manageconditionprice-display-component---newCondition--condBaseQty","interaction":{"idSuffix":"inner"}},"clearTextFirst":true,"interactionType":"ENTER_TEXT"}]}
RESULT: {}
RESULT: {"script":"<script> [776 bytes]","args":[{"enterText":"1","selector":{"id":"application-manageconditionprice-display-component---newCondition--condBaseQty","interaction":{"idSuffix":"inner"}},"clearTextFirst":true,"interactionType":"ENTER_TEXT"}]}
COMMAND: POST /session/1078df7af42110589ce6729fcfa5b6f8/execute/async - {"script":"<script> [1562 bytes]","args":[{"selector":{"id":"application-manageconditionprice-display-component---newCondition--condValue","interaction":{"idSuffix":"inner"}},"wdio_ui5_key":"applicationmanageconditionprice-display-component---newCondition--condValue"}]}
RESULT: {"script":"<script> [1562 bytes]","args":[{"selector":{"id":"application-manageconditionprice-display-component---newCondition--condValue","interaction":{"idSuffix":"inner"}},"wdio_ui5_key":"applicationmanageconditionprice-display-component---newCondition--condValue"}]}
RESULT: undefined
COMMAND: POST /session/1078df7af42110589ce6729fcfa5b6f8/execute/async - {"script":"<script> [776 bytes]","args":[{"enterText":"100","selector":{"id":"application-manageconditionprice-display-component---newCondition--condValue","interaction":{"idSuffix":"inner"}},"clearTextFirst":true,"interactionType":"ENTER_TEXT"}]}
RESULT: {"script":"<script> [776 bytes]","args":[{"enterText":"100","selector":{"id":"application-manageconditionprice-display-component---newCondition--condValue","interaction":{"idSuffix":"inner"}},"clearTextFirst":true,"interactionType":"ENTER_TEXT"}]}
COMMAND: POST /session/1078df7af42110589ce6729fcfa5b6f8/execute/async - {"script":"<script> [1562 bytes]","args":[{"selector":{"id":"application-manageconditionprice-display-component---newCondition--condCurr-arrow"},"wdio_ui5_key":"applicationmanageconditionprice-display-component---newCondition--condCurr-arrow"}]}
RESULT: {"script":"<script> [1562 bytes]","args":[{"selector":{"id":"application-manageconditionprice-display-component---newCondition--condCurr-arrow"},"wdio_ui5_key":"applicationmanageconditionprice-display-component---newCondition--condCurr-arrow"}]}
RESULT: undefined
COMMAND: POST /session/1078df7af42110589ce6729fcfa5b6f8/element - {"using":"xpath","value":"//*[@id=\"application-manageconditionprice-display-component---newCondition--condCurr-arrow\"]"}
RESULT: {"using":"xpath","value":"//*[@id=\"application-manageconditionprice-display-component---newCondition--condCurr-arrow\"]"}
COMMAND: POST /session/1078df7af42110589ce6729fcfa5b6f8/element/f.BA343095ED0ABE7E3673784E64AE5F80.d.B74E28C7C88052B7F5A9931E850DFF7D.e.11862/click - {}
RESULT: {}
COMMAND: POST /session/1078df7af42110589ce6729fcfa5b6f8/element - {"using":"xpath","value":"//span[contains(text(), \"Euro\")]"}
COMMAND: GET /session/1078df7af42110589ce6729fcfa5b6f8/screenshot - {}
RESULT: {"using":"xpath","value":"//span[contains(text(), \"Euro\")]"}
COMMAND: POST /session/1078df7af42110589ce6729fcfa5b6f8/element/f.BA343095ED0ABE7E3673784E64AE5F80.d.B74E28C7C88052B7F5A9931E850DFF7D.e.11943/click - {}
RESULT: {}
RESULT: {}
COMMAND: POST /session/1078df7af42110589ce6729fcfa5b6f8/element - {"using":"xpath","value":"//button[@data-kt=\"saveButton\"]"}
COMMAND: GET /session/1078df7af42110589ce6729fcfa5b6f8/screenshot - {}
RESULT: {"using":"xpath","value":"//button[@data-kt=\"saveButton\"]"}
COMMAND: POST /session/1078df7af42110589ce6729fcfa5b6f8/element/f.BA343095ED0ABE7E3673784E64AE5F80.d.B74E28C7C88052B7F5A9931E850DFF7D.e.11863/click - {}
RESULT: {}
RESULT: {}
COMMAND: GET /session/1078df7af42110589ce6729fcfa5b6f8/screenshot - {}
RESULT: {}
COMMAND: POST /session/1078df7af42110589ce6729fcfa5b6f8/execute/async - {"script":"<script> [1562 bytes]","args":[{"selector":{"id":"application-manageconditionprice-display-component---conditions--smartFilterBar-btnBasicSearch","interaction":{"idSuffix":"I"}},"wdio_ui5_key":"applicationmanageconditionprice-display-component---conditions--smartFilterBar-btnBasicSearch"}]}
RESULT: {"script":"<script> [1562 bytes]","args":[{"selector":{"id":"application-manageconditionprice-display-component---conditions--smartFilterBar-btnBasicSearch","interaction":{"idSuffix":"I"}},"wdio_ui5_key":"applicationmanageconditionprice-display-component---conditions--smartFilterBar-btnBasicSearch"}]}
RESULT: undefined
COMMAND: POST /session/1078df7af42110589ce6729fcfa5b6f8/execute/async - {"script":"<script> [776 bytes]","args":[{"enterText":"EHpdCyQab7","selector":{"id":"application-manageconditionprice-display-component---conditions--smartFilterBar-btnBasicSearch","interaction":{"idSuffix":"I"}},"clearTextFirst":true,"interactionType":"ENTER_TEXT"}]}
RESULT: {"script":"<script> [776 bytes]","args":[{"enterText":"EHpdCyQab7","selector":{"id":"application-manageconditionprice-display-component---conditions--smartFilterBar-btnBasicSearch","interaction":{"idSuffix":"I"}},"clearTextFirst":true,"interactionType":"ENTER_TEXT"}]}
COMMAND: POST /session/1078df7af42110589ce6729fcfa5b6f8/actions - {"actions":[{"id":"action42","type":"key","parameters":{},"actions":[{"type":"keyDown","value":""},{"type":"pause","duration":10},{"type":"keyUp","value":""}]}]}
RESULT: {"actions":[{"id":"action42","type":"key","parameters":{},"actions":[{"type":"keyDown","value":""},{"type":"pause","duration":10},{"type":"keyUp","value":""}]}]}
COMMAND: GET /session/1078df7af42110589ce6729fcfa5b6f8/screenshot - {}
RESULT: {}
COMMAND: POST /session/1078df7af42110589ce6729fcfa5b6f8/execute/async - {"script":"<script> [1562 bytes]","args":[{"selector":{"id":"application-manageconditionprice-display-component---conditions--smartFilterBar-filterItemControl_BASIC-BILL_TYPES-vhi"},"wdio_ui5_key":"applicationmanageconditionprice-display-component---conditions--smartFilterBar-filterItemControl_BASIC-BILL_TYPES-vhi"}]}
RESULT: {"script":"<script> [1562 bytes]","args":[{"selector":{"id":"application-manageconditionprice-display-component---conditions--smartFilterBar-filterItemControl_BASIC-BILL_TYPES-vhi"},"wdio_ui5_key":"applicationmanageconditionprice-display-component---conditions--smartFilterBar-filterItemControl_BASIC-BILL_TYPES-vhi"}]}
RESULT: undefined
COMMAND: POST /session/1078df7af42110589ce6729fcfa5b6f8/element - {"using":"xpath","value":"//*[@id=\"application-manageconditionprice-display-component---conditions--smartFilterBar-filterItemControl_BASIC-BILL_TYPES-vhi\"]"}
RESULT: {"using":"xpath","value":"//*[@id=\"application-manageconditionprice-display-component---conditions--smartFilterBar-filterItemControl_BASIC-BILL_TYPES-vhi\"]"}
COMMAND: POST /session/1078df7af42110589ce6729fcfa5b6f8/element/f.BA343095ED0ABE7E3673784E64AE5F80.d.B74E28C7C88052B7F5A9931E850DFF7D.e.12049/click - {}
RESULT: {}
COMMAND: POST /session/1078df7af42110589ce6729fcfa5b6f8/execute/async - {"script":"<script> [1562 bytes]","args":[{"selector":{"id":"application-manageconditionprice-display-component---conditions--smartFilterBar-filterItemControl_BASIC-BILL_TYPES-valueHelpDialog-smartFilterBar-btnBasicSearch","searchOpenDialogs":true,"interaction":{"idSuffix":"I"}},"wdio_ui5_key":"applicationmanageconditionprice-display-component---conditions--smartFilterBar-filterItemControl_BASIC-BILL_TYPES-valueHelpDialog-smartFilterBar-btnBasicSearch"}]}
COMMAND: GET /session/1078df7af42110589ce6729fcfa5b6f8/screenshot - {}
RESULT: {"script":"<script> [1562 bytes]","args":[{"selector":{"id":"application-manageconditionprice-display-component---conditions--smartFilterBar-filterItemControl_BASIC-BILL_TYPES-valueHelpDialog-smartFilterBar-btnBasicSearch","searchOpenDialogs":true,"interaction":{"idSuffix":"I"}},"wdio_ui5_key":"applicationmanageconditionprice-display-component---conditions--smartFilterBar-filterItemControl_BASIC-BILL_TYPES-valueHelpDialog-smartFilterBar-btnBasicSearch"}]}
RESULT: undefined
COMMAND: POST /session/1078df7af42110589ce6729fcfa5b6f8/execute/async - {"script":"<script> [776 bytes]","args":[{"enterText":"TB","selector":{"id":"application-manageconditionprice-display-component---conditions--smartFilterBar-filterItemControl_BASIC-BILL_TYPES-valueHelpDialog-smartFilterBar-btnBasicSearch","searchOpenDialogs":true,"interaction":{"idSuffix":"I"}},"clearTextFirst":true,"interactionType":"ENTER_TEXT"}]}
RESULT: {}
RESULT: {"script":"<script> [776 bytes]","args":[{"enterText":"TB","selector":{"id":"application-manageconditionprice-display-component---conditions--smartFilterBar-filterItemControl_BASIC-BILL_TYPES-valueHelpDialog-smartFilterBar-btnBasicSearch","searchOpenDialogs":true,"interaction":{"idSuffix":"I"}},"clearTextFirst":true,"interactionType":"ENTER_TEXT"}]}
COMMAND: POST /session/1078df7af42110589ce6729fcfa5b6f8/actions - {"actions":[{"id":"action43","type":"key","parameters":{},"actions":[{"type":"keyDown","value":""},{"type":"pause","duration":10},{"type":"keyUp","value":""}]}]}
RESULT: {"actions":[{"id":"action43","type":"key","parameters":{},"actions":[{"type":"keyDown","value":""},{"type":"pause","duration":10},{"type":"keyUp","value":""}]}]}
COMMAND: GET /session/1078df7af42110589ce6729fcfa5b6f8/screenshot - {}
RESULT: {}
COMMAND: POST /session/1078df7af42110589ce6729fcfa5b6f8/element - {"using":"xpath","value":"//div[contains(@id, 'application-manageconditionprice-display-component---conditions--smartFilterBar-filterItemControl_BASIC-BILL_TYPES-valueHelpDialog-table-rowsel0')]"}
RESULT: {"using":"xpath","value":"//div[contains(@id, 'application-manageconditionprice-display-component---conditions--smartFilterBar-filterItemControl_BASIC-BILL_TYPES-valueHelpDialog-table-rowsel0')]"}
COMMAND: POST /session/1078df7af42110589ce6729fcfa5b6f8/element/f.BA343095ED0ABE7E3673784E64AE5F80.d.B74E28C7C88052B7F5A9931E850DFF7D.e.12059/click - {}
RESULT: {}
COMMAND: GET /session/1078df7af42110589ce6729fcfa5b6f8/screenshot - {}
RESULT: {}
COMMAND: POST /session/1078df7af42110589ce6729fcfa5b6f8/element - {"using":"xpath","value":"//bdi[contains(text(), \"OK\")]"}
RESULT: {"using":"xpath","value":"//bdi[contains(text(), \"OK\")]"}
COMMAND: POST /session/1078df7af42110589ce6729fcfa5b6f8/element/f.BA343095ED0ABE7E3673784E64AE5F80.d.B74E28C7C88052B7F5A9931E850DFF7D.e.12061/click - {}
RESULT: {}
COMMAND: GET /session/1078df7af42110589ce6729fcfa5b6f8/screenshot - {}
RESULT: {}
COMMAND: POST /session/1078df7af42110589ce6729fcfa5b6f8/element - {"using":"xpath","value":"//span[@id=\"application-manageconditionprice-display-component---conditions--smartTable-header-inner\"]"}
RESULT: {"using":"xpath","value":"//span[@id=\"application-manageconditionprice-display-component---conditions--smartTable-header-inner\"]"}
COMMAND: POST /session/1078df7af42110589ce6729fcfa5b6f8/elements - {"using":"xpath","value":"//span[@id=\"application-manageconditionprice-display-component---conditions--smartTable-header-inner\"]"}
RESULT: {"using":"xpath","value":"//span[@id=\"application-manageconditionprice-display-component---conditions--smartTable-header-inner\"]"}
COMMAND: POST /session/1078df7af42110589ce6729fcfa5b6f8/execute/sync - {"script":"<script> [56 bytes]","args":[{"element-6066-11e4-a52e-4f735466cecf":"f.BA343095ED0ABE7E3673784E64AE5F80.d.B74E28C7C88052B7F5A9931E850DFF7D.e.12064","ELEMENT":"f.BA343095ED0ABE7E3673784E64AE5F80.d.B74E28C7C88052B7F5A9931E850DFF7D.e.12064"}]}
RESULT: {"script":"<script> [56 bytes]","args":[{"element-6066-11e4-a52e-4f735466cecf":"f.BA343095ED0ABE7E3673784E64AE5F80.d.B74E28C7C88052B7F5A9931E850DFF7D.e.12064","ELEMENT":"f.BA343095ED0ABE7E3673784E64AE5F80.d.B74E28C7C88052B7F5A9931E850DFF7D.e.12064"}]}
COMMAND: POST /session/1078df7af42110589ce6729fcfa5b6f8/element - {"using":"css selector","value":"#shell-header-logo"}
COMMAND: GET /session/1078df7af42110589ce6729fcfa5b6f8/screenshot - {}
RESULT: {"using":"css selector","value":"#shell-header-logo"}
COMMAND: POST /session/1078df7af42110589ce6729fcfa5b6f8/element/f.BA343095ED0ABE7E3673784E64AE5F80.d.B74E28C7C88052B7F5A9931E850DFF7D.e.11694/click - {}
RESULT: {}
RESULT: {}
COMMAND: GET /session/1078df7af42110589ce6729fcfa5b6f8/screenshot - {}
RESULT: {}
]]></system-out>
    </testcase>
    <testcase classname="chrome.136_0_7103_93.windows.Billing_transfer_US117289" name="Should do a stock increase" time="90.697">
      <failure/>
      <error message="Can't call click on element with selector &quot;//li[.//span[contains(text(),'560 -')]]&quot; because element wasn't found"/>
      <system-out><![CDATA[
COMMAND: POST /session/1078df7af42110589ce6729fcfa5b6f8/execute/async - {"script":"<script> [1562 bytes]","args":[{"selector":{"controlType":"sap.m.GenericTile","properties":{"header":"Manage Handovers"}},"wdio_ui5_key":"sapm.GenericTile{\"header\":\"Manage Handovers\"}"}]}
RESULT: {"script":"<script> [1562 bytes]","args":[{"selector":{"controlType":"sap.m.GenericTile","properties":{"header":"Manage Handovers"}},"wdio_ui5_key":"sapm.GenericTile{\"header\":\"Manage Handovers\"}"}]}
RESULT: undefined
COMMAND: POST /session/1078df7af42110589ce6729fcfa5b6f8/element - {"using":"xpath","value":"//*[@id=\"__tile132\"]"}
RESULT: {"using":"xpath","value":"//*[@id=\"__tile132\"]"}
COMMAND: POST /session/1078df7af42110589ce6729fcfa5b6f8/element/f.BA343095ED0ABE7E3673784E64AE5F80.d.B74E28C7C88052B7F5A9931E850DFF7D.e.10733/click - {}
RESULT: {}
COMMAND: GET /session/1078df7af42110589ce6729fcfa5b6f8/screenshot - {}
RESULT: {}
COMMAND: POST /session/1078df7af42110589ce6729fcfa5b6f8/elements - {"using":"xpath","value":"//span[text()='Error']"}
RESULT: {"using":"xpath","value":"//span[text()='Error']"}
COMMAND: POST /session/1078df7af42110589ce6729fcfa5b6f8/element - {"using":"xpath","value":"//button[@data-kt=\"masterHOAddButton\"]"}
RESULT: {"using":"xpath","value":"//button[@data-kt=\"masterHOAddButton\"]"}
COMMAND: POST /session/1078df7af42110589ce6729fcfa5b6f8/elements - {"using":"xpath","value":"//button[@data-kt=\"masterHOAddButton\"]"}
RESULT: {"using":"xpath","value":"//button[@data-kt=\"masterHOAddButton\"]"}
COMMAND: POST /session/1078df7af42110589ce6729fcfa5b6f8/execute/sync - {"script":"<script> [8489 bytes]","args":[{"element-6066-11e4-a52e-4f735466cecf":"f.BA343095ED0ABE7E3673784E64AE5F80.d.B74E28C7C88052B7F5A9931E850DFF7D.e.12107","ELEMENT":"f.BA343095ED0ABE7E3673784E64AE5F80.d.B74E28C7C88052B7F5A9931E850DFF7D.e.12107"}]}
RESULT: {"script":"<script> [8489 bytes]","args":[{"element-6066-11e4-a52e-4f735466cecf":"f.BA343095ED0ABE7E3673784E64AE5F80.d.B74E28C7C88052B7F5A9931E850DFF7D.e.12107","ELEMENT":"f.BA343095ED0ABE7E3673784E64AE5F80.d.B74E28C7C88052B7F5A9931E850DFF7D.e.12107"}]}
COMMAND: GET /session/1078df7af42110589ce6729fcfa5b6f8/element/f.BA343095ED0ABE7E3673784E64AE5F80.d.B74E28C7C88052B7F5A9931E850DFF7D.e.12107/enabled - {}
COMMAND: GET /session/1078df7af42110589ce6729fcfa5b6f8/screenshot - {}
RESULT: {}
COMMAND: POST /session/1078df7af42110589ce6729fcfa5b6f8/execute/sync - {"script":"<script> [8489 bytes]","args":[{"element-6066-11e4-a52e-4f735466cecf":"f.BA343095ED0ABE7E3673784E64AE5F80.d.B74E28C7C88052B7F5A9931E850DFF7D.e.12107","ELEMENT":"f.BA343095ED0ABE7E3673784E64AE5F80.d.B74E28C7C88052B7F5A9931E850DFF7D.e.12107"}]}
COMMAND: GET /session/1078df7af42110589ce6729fcfa5b6f8/screenshot - {}
RESULT: {}
RESULT: {"script":"<script> [8489 bytes]","args":[{"element-6066-11e4-a52e-4f735466cecf":"f.BA343095ED0ABE7E3673784E64AE5F80.d.B74E28C7C88052B7F5A9931E850DFF7D.e.12107","ELEMENT":"f.BA343095ED0ABE7E3673784E64AE5F80.d.B74E28C7C88052B7F5A9931E850DFF7D.e.12107"}]}
COMMAND: POST /session/1078df7af42110589ce6729fcfa5b6f8/execute/sync - {"script":"<script> [5351 bytes]","args":[{"element-6066-11e4-a52e-4f735466cecf":"f.BA343095ED0ABE7E3673784E64AE5F80.d.B74E28C7C88052B7F5A9931E850DFF7D.e.12107","ELEMENT":"f.BA343095ED0ABE7E3673784E64AE5F80.d.B74E28C7C88052B7F5A9931E850DFF7D.e.12107"}]}
COMMAND: GET /session/1078df7af42110589ce6729fcfa5b6f8/screenshot - {}
RESULT: {}
RESULT: {"script":"<script> [5351 bytes]","args":[{"element-6066-11e4-a52e-4f735466cecf":"f.BA343095ED0ABE7E3673784E64AE5F80.d.B74E28C7C88052B7F5A9931E850DFF7D.e.12107","ELEMENT":"f.BA343095ED0ABE7E3673784E64AE5F80.d.B74E28C7C88052B7F5A9931E850DFF7D.e.12107"}]}
COMMAND: POST /session/1078df7af42110589ce6729fcfa5b6f8/element/f.BA343095ED0ABE7E3673784E64AE5F80.d.B74E28C7C88052B7F5A9931E850DFF7D.e.12107/click - {}
COMMAND: GET /session/1078df7af42110589ce6729fcfa5b6f8/screenshot - {}
RESULT: {}
RESULT: {}
COMMAND: GET /session/1078df7af42110589ce6729fcfa5b6f8/screenshot - {}
RESULT: {}
RESULT: {}
COMMAND: POST /session/1078df7af42110589ce6729fcfa5b6f8/element - {"using":"xpath","value":"//span[contains(@id ,\"AddNewHO--typeSelect-arrow\")]"}
RESULT: {"using":"xpath","value":"//span[contains(@id ,\"AddNewHO--typeSelect-arrow\")]"}
COMMAND: POST /session/1078df7af42110589ce6729fcfa5b6f8/element/f.BA343095ED0ABE7E3673784E64AE5F80.d.B74E28C7C88052B7F5A9931E850DFF7D.e.12466/click - {}
RESULT: {}
COMMAND: GET /session/1078df7af42110589ce6729fcfa5b6f8/screenshot - {}
RESULT: {}
COMMAND: POST /session/1078df7af42110589ce6729fcfa5b6f8/element - {"using":"xpath","value":"(//li[contains(text(), \"stock increase yard\")])[1]"}
RESULT: {"using":"xpath","value":"(//li[contains(text(), \"stock increase yard\")])[1]"}
COMMAND: POST /session/1078df7af42110589ce6729fcfa5b6f8/element/f.BA343095ED0ABE7E3673784E64AE5F80.d.B74E28C7C88052B7F5A9931E850DFF7D.e.12467/click - {}
RESULT: {}
COMMAND: GET /session/1078df7af42110589ce6729fcfa5b6f8/screenshot - {}
RESULT: {}
COMMAND: POST /session/1078df7af42110589ce6729fcfa5b6f8/execute/async - {"script":"<script> [1562 bytes]","args":[{"selector":{"id":"application-managehandovers-display-component---AddNewHO--dueDate","interaction":{"idSuffix":"inner"}},"wdio_ui5_key":"applicationmanagehandovers-display-component---AddNewHO--dueDate"}]}
RESULT: {"script":"<script> [1562 bytes]","args":[{"selector":{"id":"application-managehandovers-display-component---AddNewHO--dueDate","interaction":{"idSuffix":"inner"}},"wdio_ui5_key":"applicationmanagehandovers-display-component---AddNewHO--dueDate"}]}
RESULT: undefined
COMMAND: POST /session/1078df7af42110589ce6729fcfa5b6f8/execute/async - {"script":"<script> [6424 bytes]","args":[{"element-6066-11e4-a52e-4f735466cecf":"f.BA343095ED0ABE7E3673784E64AE5F80.d.B74E28C7C88052B7F5A9931E850DFF7D.e.12469"},"setValue",["6/1/25"]]}
RESULT: {"script":"<script> [6424 bytes]","args":[{"element-6066-11e4-a52e-4f735466cecf":"f.BA343095ED0ABE7E3673784E64AE5F80.d.B74E28C7C88052B7F5A9931E850DFF7D.e.12469"},"setValue",["6/1/25"]]}
COMMAND: POST /session/1078df7af42110589ce6729fcfa5b6f8/element - {"using":"xpath","value":"//input[@id=\"generalSectionFrg--receiveYard-inner\"]"}
RESULT: {"using":"xpath","value":"//input[@id=\"generalSectionFrg--receiveYard-inner\"]"}
COMMAND: POST /session/1078df7af42110589ce6729fcfa5b6f8/element/f.BA343095ED0ABE7E3673784E64AE5F80.d.B74E28C7C88052B7F5A9931E850DFF7D.e.12475/clear - {}
RESULT: {}
COMMAND: POST /session/1078df7af42110589ce6729fcfa5b6f8/element/f.BA343095ED0ABE7E3673784E64AE5F80.d.B74E28C7C88052B7F5A9931E850DFF7D.e.12475/value - {"text":"560"}
COMMAND: GET /session/1078df7af42110589ce6729fcfa5b6f8/screenshot - {}
RESULT: {"text":"560"}
COMMAND: GET /session/1078df7af42110589ce6729fcfa5b6f8/screenshot - {}
RESULT: {}
RESULT: {}
COMMAND: POST /session/1078df7af42110589ce6729fcfa5b6f8/element - {"using":"xpath","value":"//li[.//span[contains(text(),'560 -')]]"}
RESULT: {"using":"xpath","value":"//li[.//span[contains(text(),'560 -')]]"}
COMMAND: POST /session/1078df7af42110589ce6729fcfa5b6f8/elements - {"using":"xpath","value":"//li[.//span[contains(text(),'560 -')]]"}
RESULT: {"using":"xpath","value":"//li[.//span[contains(text(),'560 -')]]"}
COMMAND: POST /session/1078df7af42110589ce6729fcfa5b6f8/elements - {"using":"xpath","value":"//li[.//span[contains(text(),'560 -')]]"}
RESULT: {"using":"xpath","value":"//li[.//span[contains(text(),'560 -')]]"}
COMMAND: POST /session/1078df7af42110589ce6729fcfa5b6f8/elements - {"using":"xpath","value":"//li[.//span[contains(text(),'560 -')]]"}
RESULT: {"using":"xpath","value":"//li[.//span[contains(text(),'560 -')]]"}
COMMAND: POST /session/1078df7af42110589ce6729fcfa5b6f8/elements - {"using":"xpath","value":"//li[.//span[contains(text(),'560 -')]]"}
RESULT: {"using":"xpath","value":"//li[.//span[contains(text(),'560 -')]]"}
COMMAND: POST /session/1078df7af42110589ce6729fcfa5b6f8/elements - {"using":"xpath","value":"//li[.//span[contains(text(),'560 -')]]"}
RESULT: {"using":"xpath","value":"//li[.//span[contains(text(),'560 -')]]"}
COMMAND: POST /session/1078df7af42110589ce6729fcfa5b6f8/elements - {"using":"xpath","value":"//li[.//span[contains(text(),'560 -')]]"}
RESULT: {"using":"xpath","value":"//li[.//span[contains(text(),'560 -')]]"}
COMMAND: POST /session/1078df7af42110589ce6729fcfa5b6f8/elements - {"using":"xpath","value":"//li[.//span[contains(text(),'560 -')]]"}
RESULT: {"using":"xpath","value":"//li[.//span[contains(text(),'560 -')]]"}
COMMAND: POST /session/1078df7af42110589ce6729fcfa5b6f8/elements - {"using":"xpath","value":"//li[.//span[contains(text(),'560 -')]]"}
RESULT: {"using":"xpath","value":"//li[.//span[contains(text(),'560 -')]]"}
COMMAND: POST /session/1078df7af42110589ce6729fcfa5b6f8/elements - {"using":"xpath","value":"//li[.//span[contains(text(),'560 -')]]"}
RESULT: {"using":"xpath","value":"//li[.//span[contains(text(),'560 -')]]"}
COMMAND: POST /session/1078df7af42110589ce6729fcfa5b6f8/elements - {"using":"xpath","value":"//li[.//span[contains(text(),'560 -')]]"}
RESULT: {"using":"xpath","value":"//li[.//span[contains(text(),'560 -')]]"}
COMMAND: POST /session/1078df7af42110589ce6729fcfa5b6f8/elements - {"using":"xpath","value":"//li[.//span[contains(text(),'560 -')]]"}
RESULT: {"using":"xpath","value":"//li[.//span[contains(text(),'560 -')]]"}
COMMAND: POST /session/1078df7af42110589ce6729fcfa5b6f8/elements - {"using":"xpath","value":"//li[.//span[contains(text(),'560 -')]]"}
RESULT: {"using":"xpath","value":"//li[.//span[contains(text(),'560 -')]]"}
COMMAND: POST /session/1078df7af42110589ce6729fcfa5b6f8/elements - {"using":"xpath","value":"//li[.//span[contains(text(),'560 -')]]"}
RESULT: {"using":"xpath","value":"//li[.//span[contains(text(),'560 -')]]"}
COMMAND: POST /session/1078df7af42110589ce6729fcfa5b6f8/elements - {"using":"xpath","value":"//li[.//span[contains(text(),'560 -')]]"}
RESULT: {"using":"xpath","value":"//li[.//span[contains(text(),'560 -')]]"}
COMMAND: POST /session/1078df7af42110589ce6729fcfa5b6f8/elements - {"using":"xpath","value":"//li[.//span[contains(text(),'560 -')]]"}
RESULT: {"using":"xpath","value":"//li[.//span[contains(text(),'560 -')]]"}
COMMAND: POST /session/1078df7af42110589ce6729fcfa5b6f8/elements - {"using":"xpath","value":"//li[.//span[contains(text(),'560 -')]]"}
RESULT: {"using":"xpath","value":"//li[.//span[contains(text(),'560 -')]]"}
COMMAND: POST /session/1078df7af42110589ce6729fcfa5b6f8/elements - {"using":"xpath","value":"//li[.//span[contains(text(),'560 -')]]"}
RESULT: {"using":"xpath","value":"//li[.//span[contains(text(),'560 -')]]"}
COMMAND: POST /session/1078df7af42110589ce6729fcfa5b6f8/elements - {"using":"xpath","value":"//li[.//span[contains(text(),'560 -')]]"}
RESULT: {"using":"xpath","value":"//li[.//span[contains(text(),'560 -')]]"}
COMMAND: POST /session/1078df7af42110589ce6729fcfa5b6f8/elements - {"using":"xpath","value":"//li[.//span[contains(text(),'560 -')]]"}
RESULT: {"using":"xpath","value":"//li[.//span[contains(text(),'560 -')]]"}
COMMAND: POST /session/1078df7af42110589ce6729fcfa5b6f8/elements - {"using":"xpath","value":"//li[.//span[contains(text(),'560 -')]]"}
RESULT: {"using":"xpath","value":"//li[.//span[contains(text(),'560 -')]]"}
COMMAND: POST /session/1078df7af42110589ce6729fcfa5b6f8/elements - {"using":"xpath","value":"//li[.//span[contains(text(),'560 -')]]"}
RESULT: {"using":"xpath","value":"//li[.//span[contains(text(),'560 -')]]"}
COMMAND: POST /session/1078df7af42110589ce6729fcfa5b6f8/elements - {"using":"xpath","value":"//li[.//span[contains(text(),'560 -')]]"}
RESULT: {"using":"xpath","value":"//li[.//span[contains(text(),'560 -')]]"}
COMMAND: POST /session/1078df7af42110589ce6729fcfa5b6f8/elements - {"using":"xpath","value":"//li[.//span[contains(text(),'560 -')]]"}
RESULT: {"using":"xpath","value":"//li[.//span[contains(text(),'560 -')]]"}
COMMAND: POST /session/1078df7af42110589ce6729fcfa5b6f8/elements - {"using":"xpath","value":"//li[.//span[contains(text(),'560 -')]]"}
RESULT: {"using":"xpath","value":"//li[.//span[contains(text(),'560 -')]]"}
COMMAND: POST /session/1078df7af42110589ce6729fcfa5b6f8/elements - {"using":"xpath","value":"//li[.//span[contains(text(),'560 -')]]"}
RESULT: {"using":"xpath","value":"//li[.//span[contains(text(),'560 -')]]"}
COMMAND: POST /session/1078df7af42110589ce6729fcfa5b6f8/elements - {"using":"xpath","value":"//li[.//span[contains(text(),'560 -')]]"}
RESULT: {"using":"xpath","value":"//li[.//span[contains(text(),'560 -')]]"}
COMMAND: POST /session/1078df7af42110589ce6729fcfa5b6f8/elements - {"using":"xpath","value":"//li[.//span[contains(text(),'560 -')]]"}
RESULT: {"using":"xpath","value":"//li[.//span[contains(text(),'560 -')]]"}
COMMAND: POST /session/1078df7af42110589ce6729fcfa5b6f8/elements - {"using":"xpath","value":"//li[.//span[contains(text(),'560 -')]]"}
RESULT: {"using":"xpath","value":"//li[.//span[contains(text(),'560 -')]]"}
COMMAND: POST /session/1078df7af42110589ce6729fcfa5b6f8/elements - {"using":"xpath","value":"//li[.//span[contains(text(),'560 -')]]"}
RESULT: {"using":"xpath","value":"//li[.//span[contains(text(),'560 -')]]"}
COMMAND: POST /session/1078df7af42110589ce6729fcfa5b6f8/elements - {"using":"xpath","value":"//li[.//span[contains(text(),'560 -')]]"}
RESULT: {"using":"xpath","value":"//li[.//span[contains(text(),'560 -')]]"}
COMMAND: POST /session/1078df7af42110589ce6729fcfa5b6f8/elements - {"using":"xpath","value":"//li[.//span[contains(text(),'560 -')]]"}
RESULT: {"using":"xpath","value":"//li[.//span[contains(text(),'560 -')]]"}
COMMAND: POST /session/1078df7af42110589ce6729fcfa5b6f8/elements - {"using":"xpath","value":"//li[.//span[contains(text(),'560 -')]]"}
RESULT: {"using":"xpath","value":"//li[.//span[contains(text(),'560 -')]]"}
COMMAND: POST /session/1078df7af42110589ce6729fcfa5b6f8/elements - {"using":"xpath","value":"//li[.//span[contains(text(),'560 -')]]"}
RESULT: {"using":"xpath","value":"//li[.//span[contains(text(),'560 -')]]"}
COMMAND: POST /session/1078df7af42110589ce6729fcfa5b6f8/elements - {"using":"xpath","value":"//li[.//span[contains(text(),'560 -')]]"}
RESULT: {"using":"xpath","value":"//li[.//span[contains(text(),'560 -')]]"}
COMMAND: POST /session/1078df7af42110589ce6729fcfa5b6f8/elements - {"using":"xpath","value":"//li[.//span[contains(text(),'560 -')]]"}
RESULT: {"using":"xpath","value":"//li[.//span[contains(text(),'560 -')]]"}
COMMAND: POST /session/1078df7af42110589ce6729fcfa5b6f8/elements - {"using":"xpath","value":"//li[.//span[contains(text(),'560 -')]]"}
RESULT: {"using":"xpath","value":"//li[.//span[contains(text(),'560 -')]]"}
COMMAND: POST /session/1078df7af42110589ce6729fcfa5b6f8/elements - {"using":"xpath","value":"//li[.//span[contains(text(),'560 -')]]"}
RESULT: {"using":"xpath","value":"//li[.//span[contains(text(),'560 -')]]"}
COMMAND: POST /session/1078df7af42110589ce6729fcfa5b6f8/elements - {"using":"xpath","value":"//li[.//span[contains(text(),'560 -')]]"}
RESULT: {"using":"xpath","value":"//li[.//span[contains(text(),'560 -')]]"}
COMMAND: POST /session/1078df7af42110589ce6729fcfa5b6f8/elements - {"using":"xpath","value":"//li[.//span[contains(text(),'560 -')]]"}
RESULT: {"using":"xpath","value":"//li[.//span[contains(text(),'560 -')]]"}
COMMAND: POST /session/1078df7af42110589ce6729fcfa5b6f8/elements - {"using":"xpath","value":"//li[.//span[contains(text(),'560 -')]]"}
RESULT: {"using":"xpath","value":"//li[.//span[contains(text(),'560 -')]]"}
COMMAND: POST /session/1078df7af42110589ce6729fcfa5b6f8/elements - {"using":"xpath","value":"//li[.//span[contains(text(),'560 -')]]"}
RESULT: {"using":"xpath","value":"//li[.//span[contains(text(),'560 -')]]"}
COMMAND: POST /session/1078df7af42110589ce6729fcfa5b6f8/elements - {"using":"xpath","value":"//li[.//span[contains(text(),'560 -')]]"}
RESULT: {"using":"xpath","value":"//li[.//span[contains(text(),'560 -')]]"}
COMMAND: POST /session/1078df7af42110589ce6729fcfa5b6f8/elements - {"using":"xpath","value":"//li[.//span[contains(text(),'560 -')]]"}
RESULT: {"using":"xpath","value":"//li[.//span[contains(text(),'560 -')]]"}
COMMAND: POST /session/1078df7af42110589ce6729fcfa5b6f8/elements - {"using":"xpath","value":"//li[.//span[contains(text(),'560 -')]]"}
RESULT: {"using":"xpath","value":"//li[.//span[contains(text(),'560 -')]]"}
COMMAND: POST /session/1078df7af42110589ce6729fcfa5b6f8/elements - {"using":"xpath","value":"//li[.//span[contains(text(),'560 -')]]"}
RESULT: {"using":"xpath","value":"//li[.//span[contains(text(),'560 -')]]"}
COMMAND: POST /session/1078df7af42110589ce6729fcfa5b6f8/elements - {"using":"xpath","value":"//li[.//span[contains(text(),'560 -')]]"}
RESULT: {"using":"xpath","value":"//li[.//span[contains(text(),'560 -')]]"}
COMMAND: POST /session/1078df7af42110589ce6729fcfa5b6f8/elements - {"using":"xpath","value":"//li[.//span[contains(text(),'560 -')]]"}
RESULT: {"using":"xpath","value":"//li[.//span[contains(text(),'560 -')]]"}
COMMAND: POST /session/1078df7af42110589ce6729fcfa5b6f8/elements - {"using":"xpath","value":"//li[.//span[contains(text(),'560 -')]]"}
RESULT: {"using":"xpath","value":"//li[.//span[contains(text(),'560 -')]]"}
COMMAND: POST /session/1078df7af42110589ce6729fcfa5b6f8/elements - {"using":"xpath","value":"//li[.//span[contains(text(),'560 -')]]"}
RESULT: {"using":"xpath","value":"//li[.//span[contains(text(),'560 -')]]"}
COMMAND: POST /session/1078df7af42110589ce6729fcfa5b6f8/elements - {"using":"xpath","value":"//li[.//span[contains(text(),'560 -')]]"}
RESULT: {"using":"xpath","value":"//li[.//span[contains(text(),'560 -')]]"}
COMMAND: POST /session/1078df7af42110589ce6729fcfa5b6f8/elements - {"using":"xpath","value":"//li[.//span[contains(text(),'560 -')]]"}
RESULT: {"using":"xpath","value":"//li[.//span[contains(text(),'560 -')]]"}
COMMAND: POST /session/1078df7af42110589ce6729fcfa5b6f8/elements - {"using":"xpath","value":"//li[.//span[contains(text(),'560 -')]]"}
RESULT: {"using":"xpath","value":"//li[.//span[contains(text(),'560 -')]]"}
COMMAND: POST /session/1078df7af42110589ce6729fcfa5b6f8/elements - {"using":"xpath","value":"//li[.//span[contains(text(),'560 -')]]"}
RESULT: {"using":"xpath","value":"//li[.//span[contains(text(),'560 -')]]"}
COMMAND: POST /session/1078df7af42110589ce6729fcfa5b6f8/elements - {"using":"xpath","value":"//li[.//span[contains(text(),'560 -')]]"}
RESULT: {"using":"xpath","value":"//li[.//span[contains(text(),'560 -')]]"}
COMMAND: POST /session/1078df7af42110589ce6729fcfa5b6f8/elements - {"using":"xpath","value":"//li[.//span[contains(text(),'560 -')]]"}
RESULT: {"using":"xpath","value":"//li[.//span[contains(text(),'560 -')]]"}
COMMAND: POST /session/1078df7af42110589ce6729fcfa5b6f8/elements - {"using":"xpath","value":"//li[.//span[contains(text(),'560 -')]]"}
RESULT: {"using":"xpath","value":"//li[.//span[contains(text(),'560 -')]]"}
COMMAND: POST /session/1078df7af42110589ce6729fcfa5b6f8/elements - {"using":"xpath","value":"//li[.//span[contains(text(),'560 -')]]"}
RESULT: {"using":"xpath","value":"//li[.//span[contains(text(),'560 -')]]"}
COMMAND: POST /session/1078df7af42110589ce6729fcfa5b6f8/elements - {"using":"xpath","value":"//li[.//span[contains(text(),'560 -')]]"}
RESULT: {"using":"xpath","value":"//li[.//span[contains(text(),'560 -')]]"}
COMMAND: POST /session/1078df7af42110589ce6729fcfa5b6f8/elements - {"using":"xpath","value":"//li[.//span[contains(text(),'560 -')]]"}
RESULT: {"using":"xpath","value":"//li[.//span[contains(text(),'560 -')]]"}
COMMAND: POST /session/1078df7af42110589ce6729fcfa5b6f8/elements - {"using":"xpath","value":"//li[.//span[contains(text(),'560 -')]]"}
RESULT: {"using":"xpath","value":"//li[.//span[contains(text(),'560 -')]]"}
COMMAND: POST /session/1078df7af42110589ce6729fcfa5b6f8/elements - {"using":"xpath","value":"//li[.//span[contains(text(),'560 -')]]"}
RESULT: {"using":"xpath","value":"//li[.//span[contains(text(),'560 -')]]"}
COMMAND: POST /session/1078df7af42110589ce6729fcfa5b6f8/elements - {"using":"xpath","value":"//li[.//span[contains(text(),'560 -')]]"}
RESULT: {"using":"xpath","value":"//li[.//span[contains(text(),'560 -')]]"}
COMMAND: POST /session/1078df7af42110589ce6729fcfa5b6f8/elements - {"using":"xpath","value":"//li[.//span[contains(text(),'560 -')]]"}
RESULT: {"using":"xpath","value":"//li[.//span[contains(text(),'560 -')]]"}
COMMAND: POST /session/1078df7af42110589ce6729fcfa5b6f8/elements - {"using":"xpath","value":"//li[.//span[contains(text(),'560 -')]]"}
RESULT: {"using":"xpath","value":"//li[.//span[contains(text(),'560 -')]]"}
COMMAND: POST /session/1078df7af42110589ce6729fcfa5b6f8/elements - {"using":"xpath","value":"//li[.//span[contains(text(),'560 -')]]"}
RESULT: {"using":"xpath","value":"//li[.//span[contains(text(),'560 -')]]"}
COMMAND: POST /session/1078df7af42110589ce6729fcfa5b6f8/elements - {"using":"xpath","value":"//li[.//span[contains(text(),'560 -')]]"}
RESULT: {"using":"xpath","value":"//li[.//span[contains(text(),'560 -')]]"}
COMMAND: POST /session/1078df7af42110589ce6729fcfa5b6f8/elements - {"using":"xpath","value":"//li[.//span[contains(text(),'560 -')]]"}
RESULT: {"using":"xpath","value":"//li[.//span[contains(text(),'560 -')]]"}
COMMAND: POST /session/1078df7af42110589ce6729fcfa5b6f8/elements - {"using":"xpath","value":"//li[.//span[contains(text(),'560 -')]]"}
RESULT: {"using":"xpath","value":"//li[.//span[contains(text(),'560 -')]]"}
COMMAND: POST /session/1078df7af42110589ce6729fcfa5b6f8/elements - {"using":"xpath","value":"//li[.//span[contains(text(),'560 -')]]"}
RESULT: {"using":"xpath","value":"//li[.//span[contains(text(),'560 -')]]"}
COMMAND: POST /session/1078df7af42110589ce6729fcfa5b6f8/elements - {"using":"xpath","value":"//li[.//span[contains(text(),'560 -')]]"}
RESULT: {"using":"xpath","value":"//li[.//span[contains(text(),'560 -')]]"}
COMMAND: POST /session/1078df7af42110589ce6729fcfa5b6f8/elements - {"using":"xpath","value":"//li[.//span[contains(text(),'560 -')]]"}
RESULT: {"using":"xpath","value":"//li[.//span[contains(text(),'560 -')]]"}
COMMAND: POST /session/1078df7af42110589ce6729fcfa5b6f8/elements - {"using":"xpath","value":"//li[.//span[contains(text(),'560 -')]]"}
RESULT: {"using":"xpath","value":"//li[.//span[contains(text(),'560 -')]]"}
COMMAND: POST /session/1078df7af42110589ce6729fcfa5b6f8/elements - {"using":"xpath","value":"//li[.//span[contains(text(),'560 -')]]"}
RESULT: {"using":"xpath","value":"//li[.//span[contains(text(),'560 -')]]"}
COMMAND: POST /session/1078df7af42110589ce6729fcfa5b6f8/elements - {"using":"xpath","value":"//li[.//span[contains(text(),'560 -')]]"}
RESULT: {"using":"xpath","value":"//li[.//span[contains(text(),'560 -')]]"}
COMMAND: POST /session/1078df7af42110589ce6729fcfa5b6f8/elements - {"using":"xpath","value":"//li[.//span[contains(text(),'560 -')]]"}
RESULT: {"using":"xpath","value":"//li[.//span[contains(text(),'560 -')]]"}
COMMAND: POST /session/1078df7af42110589ce6729fcfa5b6f8/elements - {"using":"xpath","value":"//li[.//span[contains(text(),'560 -')]]"}
RESULT: {"using":"xpath","value":"//li[.//span[contains(text(),'560 -')]]"}
COMMAND: POST /session/1078df7af42110589ce6729fcfa5b6f8/elements - {"using":"xpath","value":"//li[.//span[contains(text(),'560 -')]]"}
RESULT: {"using":"xpath","value":"//li[.//span[contains(text(),'560 -')]]"}
COMMAND: POST /session/1078df7af42110589ce6729fcfa5b6f8/elements - {"using":"xpath","value":"//li[.//span[contains(text(),'560 -')]]"}
RESULT: {"using":"xpath","value":"//li[.//span[contains(text(),'560 -')]]"}
COMMAND: POST /session/1078df7af42110589ce6729fcfa5b6f8/elements - {"using":"xpath","value":"//li[.//span[contains(text(),'560 -')]]"}
RESULT: {"using":"xpath","value":"//li[.//span[contains(text(),'560 -')]]"}
COMMAND: POST /session/1078df7af42110589ce6729fcfa5b6f8/elements - {"using":"xpath","value":"//li[.//span[contains(text(),'560 -')]]"}
RESULT: {"using":"xpath","value":"//li[.//span[contains(text(),'560 -')]]"}
COMMAND: POST /session/1078df7af42110589ce6729fcfa5b6f8/elements - {"using":"xpath","value":"//li[.//span[contains(text(),'560 -')]]"}
RESULT: {"using":"xpath","value":"//li[.//span[contains(text(),'560 -')]]"}
COMMAND: POST /session/1078df7af42110589ce6729fcfa5b6f8/elements - {"using":"xpath","value":"//li[.//span[contains(text(),'560 -')]]"}
RESULT: {"using":"xpath","value":"//li[.//span[contains(text(),'560 -')]]"}
COMMAND: POST /session/1078df7af42110589ce6729fcfa5b6f8/elements - {"using":"xpath","value":"//li[.//span[contains(text(),'560 -')]]"}
RESULT: {"using":"xpath","value":"//li[.//span[contains(text(),'560 -')]]"}
COMMAND: POST /session/1078df7af42110589ce6729fcfa5b6f8/elements - {"using":"xpath","value":"//li[.//span[contains(text(),'560 -')]]"}
RESULT: {"using":"xpath","value":"//li[.//span[contains(text(),'560 -')]]"}
COMMAND: POST /session/1078df7af42110589ce6729fcfa5b6f8/elements - {"using":"xpath","value":"//li[.//span[contains(text(),'560 -')]]"}
RESULT: {"using":"xpath","value":"//li[.//span[contains(text(),'560 -')]]"}
COMMAND: POST /session/1078df7af42110589ce6729fcfa5b6f8/elements - {"using":"xpath","value":"//li[.//span[contains(text(),'560 -')]]"}
RESULT: {"using":"xpath","value":"//li[.//span[contains(text(),'560 -')]]"}
COMMAND: POST /session/1078df7af42110589ce6729fcfa5b6f8/elements - {"using":"xpath","value":"//li[.//span[contains(text(),'560 -')]]"}
RESULT: {"using":"xpath","value":"//li[.//span[contains(text(),'560 -')]]"}
COMMAND: POST /session/1078df7af42110589ce6729fcfa5b6f8/elements - {"using":"xpath","value":"//li[.//span[contains(text(),'560 -')]]"}
RESULT: {"using":"xpath","value":"//li[.//span[contains(text(),'560 -')]]"}
COMMAND: POST /session/1078df7af42110589ce6729fcfa5b6f8/elements - {"using":"xpath","value":"//li[.//span[contains(text(),'560 -')]]"}
RESULT: {"using":"xpath","value":"//li[.//span[contains(text(),'560 -')]]"}
COMMAND: POST /session/1078df7af42110589ce6729fcfa5b6f8/elements - {"using":"xpath","value":"//li[.//span[contains(text(),'560 -')]]"}
RESULT: {"using":"xpath","value":"//li[.//span[contains(text(),'560 -')]]"}
COMMAND: POST /session/1078df7af42110589ce6729fcfa5b6f8/elements - {"using":"xpath","value":"//li[.//span[contains(text(),'560 -')]]"}
RESULT: {"using":"xpath","value":"//li[.//span[contains(text(),'560 -')]]"}
COMMAND: POST /session/1078df7af42110589ce6729fcfa5b6f8/elements - {"using":"xpath","value":"//li[.//span[contains(text(),'560 -')]]"}
RESULT: {"using":"xpath","value":"//li[.//span[contains(text(),'560 -')]]"}
COMMAND: POST /session/1078df7af42110589ce6729fcfa5b6f8/elements - {"using":"xpath","value":"//li[.//span[contains(text(),'560 -')]]"}
RESULT: {"using":"xpath","value":"//li[.//span[contains(text(),'560 -')]]"}
COMMAND: POST /session/1078df7af42110589ce6729fcfa5b6f8/elements - {"using":"xpath","value":"//li[.//span[contains(text(),'560 -')]]"}
RESULT: {"using":"xpath","value":"//li[.//span[contains(text(),'560 -')]]"}
COMMAND: POST /session/1078df7af42110589ce6729fcfa5b6f8/elements - {"using":"xpath","value":"//li[.//span[contains(text(),'560 -')]]"}
RESULT: {"using":"xpath","value":"//li[.//span[contains(text(),'560 -')]]"}
COMMAND: POST /session/1078df7af42110589ce6729fcfa5b6f8/elements - {"using":"xpath","value":"//li[.//span[contains(text(),'560 -')]]"}
RESULT: {"using":"xpath","value":"//li[.//span[contains(text(),'560 -')]]"}
COMMAND: POST /session/1078df7af42110589ce6729fcfa5b6f8/elements - {"using":"xpath","value":"//li[.//span[contains(text(),'560 -')]]"}
RESULT: {"using":"xpath","value":"//li[.//span[contains(text(),'560 -')]]"}
COMMAND: POST /session/1078df7af42110589ce6729fcfa5b6f8/elements - {"using":"xpath","value":"//li[.//span[contains(text(),'560 -')]]"}
RESULT: {"using":"xpath","value":"//li[.//span[contains(text(),'560 -')]]"}
COMMAND: POST /session/1078df7af42110589ce6729fcfa5b6f8/elements - {"using":"xpath","value":"//li[.//span[contains(text(),'560 -')]]"}
RESULT: {"using":"xpath","value":"//li[.//span[contains(text(),'560 -')]]"}
COMMAND: POST /session/1078df7af42110589ce6729fcfa5b6f8/elements - {"using":"xpath","value":"//li[.//span[contains(text(),'560 -')]]"}
RESULT: {"using":"xpath","value":"//li[.//span[contains(text(),'560 -')]]"}
COMMAND: POST /session/1078df7af42110589ce6729fcfa5b6f8/elements - {"using":"xpath","value":"//li[.//span[contains(text(),'560 -')]]"}
RESULT: {"using":"xpath","value":"//li[.//span[contains(text(),'560 -')]]"}
COMMAND: POST /session/1078df7af42110589ce6729fcfa5b6f8/elements - {"using":"xpath","value":"//li[.//span[contains(text(),'560 -')]]"}
RESULT: {"using":"xpath","value":"//li[.//span[contains(text(),'560 -')]]"}
COMMAND: POST /session/1078df7af42110589ce6729fcfa5b6f8/elements - {"using":"xpath","value":"//li[.//span[contains(text(),'560 -')]]"}
RESULT: {"using":"xpath","value":"//li[.//span[contains(text(),'560 -')]]"}
COMMAND: POST /session/1078df7af42110589ce6729fcfa5b6f8/elements - {"using":"xpath","value":"//li[.//span[contains(text(),'560 -')]]"}
RESULT: {"using":"xpath","value":"//li[.//span[contains(text(),'560 -')]]"}
COMMAND: POST /session/1078df7af42110589ce6729fcfa5b6f8/elements - {"using":"xpath","value":"//li[.//span[contains(text(),'560 -')]]"}
RESULT: {"using":"xpath","value":"//li[.//span[contains(text(),'560 -')]]"}
COMMAND: POST /session/1078df7af42110589ce6729fcfa5b6f8/elements - {"using":"xpath","value":"//li[.//span[contains(text(),'560 -')]]"}
RESULT: {"using":"xpath","value":"//li[.//span[contains(text(),'560 -')]]"}
COMMAND: POST /session/1078df7af42110589ce6729fcfa5b6f8/elements - {"using":"xpath","value":"//li[.//span[contains(text(),'560 -')]]"}
RESULT: {"using":"xpath","value":"//li[.//span[contains(text(),'560 -')]]"}
COMMAND: POST /session/1078df7af42110589ce6729fcfa5b6f8/elements - {"using":"xpath","value":"//li[.//span[contains(text(),'560 -')]]"}
RESULT: {"using":"xpath","value":"//li[.//span[contains(text(),'560 -')]]"}
COMMAND: POST /session/1078df7af42110589ce6729fcfa5b6f8/elements - {"using":"xpath","value":"//li[.//span[contains(text(),'560 -')]]"}
RESULT: {"using":"xpath","value":"//li[.//span[contains(text(),'560 -')]]"}
COMMAND: POST /session/1078df7af42110589ce6729fcfa5b6f8/elements - {"using":"xpath","value":"//li[.//span[contains(text(),'560 -')]]"}
RESULT: {"using":"xpath","value":"//li[.//span[contains(text(),'560 -')]]"}
COMMAND: POST /session/1078df7af42110589ce6729fcfa5b6f8/elements - {"using":"xpath","value":"//li[.//span[contains(text(),'560 -')]]"}
RESULT: {"using":"xpath","value":"//li[.//span[contains(text(),'560 -')]]"}
COMMAND: POST /session/1078df7af42110589ce6729fcfa5b6f8/elements - {"using":"xpath","value":"//li[.//span[contains(text(),'560 -')]]"}
RESULT: {"using":"xpath","value":"//li[.//span[contains(text(),'560 -')]]"}
COMMAND: POST /session/1078df7af42110589ce6729fcfa5b6f8/elements - {"using":"xpath","value":"//li[.//span[contains(text(),'560 -')]]"}
RESULT: {"using":"xpath","value":"//li[.//span[contains(text(),'560 -')]]"}
COMMAND: POST /session/1078df7af42110589ce6729fcfa5b6f8/elements - {"using":"xpath","value":"//li[.//span[contains(text(),'560 -')]]"}
RESULT: {"using":"xpath","value":"//li[.//span[contains(text(),'560 -')]]"}
COMMAND: POST /session/1078df7af42110589ce6729fcfa5b6f8/elements - {"using":"xpath","value":"//li[.//span[contains(text(),'560 -')]]"}
RESULT: {"using":"xpath","value":"//li[.//span[contains(text(),'560 -')]]"}
COMMAND: POST /session/1078df7af42110589ce6729fcfa5b6f8/elements - {"using":"xpath","value":"//li[.//span[contains(text(),'560 -')]]"}
RESULT: {"using":"xpath","value":"//li[.//span[contains(text(),'560 -')]]"}
COMMAND: POST /session/1078df7af42110589ce6729fcfa5b6f8/elements - {"using":"xpath","value":"//li[.//span[contains(text(),'560 -')]]"}
RESULT: {"using":"xpath","value":"//li[.//span[contains(text(),'560 -')]]"}
COMMAND: POST /session/1078df7af42110589ce6729fcfa5b6f8/elements - {"using":"xpath","value":"//li[.//span[contains(text(),'560 -')]]"}
RESULT: {"using":"xpath","value":"//li[.//span[contains(text(),'560 -')]]"}
COMMAND: POST /session/1078df7af42110589ce6729fcfa5b6f8/elements - {"using":"xpath","value":"//li[.//span[contains(text(),'560 -')]]"}
RESULT: {"using":"xpath","value":"//li[.//span[contains(text(),'560 -')]]"}
COMMAND: POST /session/1078df7af42110589ce6729fcfa5b6f8/elements - {"using":"xpath","value":"//li[.//span[contains(text(),'560 -')]]"}
RESULT: {"using":"xpath","value":"//li[.//span[contains(text(),'560 -')]]"}
COMMAND: GET /session/1078df7af42110589ce6729fcfa5b6f8/screenshot - {}
RESULT: {}
]]></system-out>
      <system-err><![CDATA[
Error: Can't call click on element with selector "//li[.//span[contains(text(),'560 -')]]" because element wasn't found
    at async UtilsPrerequisites.stockIncrease (D:\a\1\s\test\specs\BTS\prerequisites-and-utils-functions.js:1638:9)
    at async Context.<anonymous> (D:\a\1\s\test\specs\BTS\billing-transfer.spec.js:59:9)
]]></system-err>
    </testcase>
    <testcase classname="chrome.136_0_7103_93.windows.Billing_transfer_US117289" name="Should create a new contract" time="60.56">
      <failure/>
      <error message="element (&quot;//button[@data-kt=&quot;addButton&quot;]&quot;) still not existing after 45000ms"/>
      <system-out><![CDATA[
COMMAND: POST /session/1078df7af42110589ce6729fcfa5b6f8/execute/async - {"script":"<script> [1562 bytes]","args":[{"selector":{"controlType":"sap.m.GenericTile","properties":{"header":"Manage Contracts"}},"wdio_ui5_key":"sapm.GenericTile{\"header\":\"Manage Contracts\"}"}]}
COMMAND: GET /session/1078df7af42110589ce6729fcfa5b6f8/screenshot - {}
RESULT: {"script":"<script> [1562 bytes]","args":[{"selector":{"controlType":"sap.m.GenericTile","properties":{"header":"Manage Contracts"}},"wdio_ui5_key":"sapm.GenericTile{\"header\":\"Manage Contracts\"}"}]}
RESULT: undefined
RESULT: {}
COMMAND: POST /session/1078df7af42110589ce6729fcfa5b6f8/elements - {"using":"xpath","value":"//span[text()='Error']"}
RESULT: {"using":"xpath","value":"//span[text()='Error']"}
COMMAND: POST /session/1078df7af42110589ce6729fcfa5b6f8/element - {"using":"xpath","value":"//button[@data-kt=\"addButton\"]"}
RESULT: {"using":"xpath","value":"//button[@data-kt=\"addButton\"]"}
COMMAND: POST /session/1078df7af42110589ce6729fcfa5b6f8/elements - {"using":"xpath","value":"//button[@data-kt=\"addButton\"]"}
RESULT: {"using":"xpath","value":"//button[@data-kt=\"addButton\"]"}
COMMAND: POST /session/1078df7af42110589ce6729fcfa5b6f8/elements - {"using":"xpath","value":"//button[@data-kt=\"addButton\"]"}
RESULT: {"using":"xpath","value":"//button[@data-kt=\"addButton\"]"}
COMMAND: POST /session/1078df7af42110589ce6729fcfa5b6f8/elements - {"using":"xpath","value":"//button[@data-kt=\"addButton\"]"}
RESULT: {"using":"xpath","value":"//button[@data-kt=\"addButton\"]"}
COMMAND: POST /session/1078df7af42110589ce6729fcfa5b6f8/elements - {"using":"xpath","value":"//button[@data-kt=\"addButton\"]"}
RESULT: {"using":"xpath","value":"//button[@data-kt=\"addButton\"]"}
COMMAND: POST /session/1078df7af42110589ce6729fcfa5b6f8/elements - {"using":"xpath","value":"//button[@data-kt=\"addButton\"]"}
RESULT: {"using":"xpath","value":"//button[@data-kt=\"addButton\"]"}
COMMAND: POST /session/1078df7af42110589ce6729fcfa5b6f8/elements - {"using":"xpath","value":"//button[@data-kt=\"addButton\"]"}
RESULT: {"using":"xpath","value":"//button[@data-kt=\"addButton\"]"}
COMMAND: POST /session/1078df7af42110589ce6729fcfa5b6f8/elements - {"using":"xpath","value":"//button[@data-kt=\"addButton\"]"}
RESULT: {"using":"xpath","value":"//button[@data-kt=\"addButton\"]"}
COMMAND: POST /session/1078df7af42110589ce6729fcfa5b6f8/elements - {"using":"xpath","value":"//button[@data-kt=\"addButton\"]"}
RESULT: {"using":"xpath","value":"//button[@data-kt=\"addButton\"]"}
COMMAND: POST /session/1078df7af42110589ce6729fcfa5b6f8/elements - {"using":"xpath","value":"//button[@data-kt=\"addButton\"]"}
RESULT: {"using":"xpath","value":"//button[@data-kt=\"addButton\"]"}
COMMAND: POST /session/1078df7af42110589ce6729fcfa5b6f8/elements - {"using":"xpath","value":"//button[@data-kt=\"addButton\"]"}
RESULT: {"using":"xpath","value":"//button[@data-kt=\"addButton\"]"}
COMMAND: POST /session/1078df7af42110589ce6729fcfa5b6f8/elements - {"using":"xpath","value":"//button[@data-kt=\"addButton\"]"}
RESULT: {"using":"xpath","value":"//button[@data-kt=\"addButton\"]"}
COMMAND: POST /session/1078df7af42110589ce6729fcfa5b6f8/elements - {"using":"xpath","value":"//button[@data-kt=\"addButton\"]"}
RESULT: {"using":"xpath","value":"//button[@data-kt=\"addButton\"]"}
COMMAND: POST /session/1078df7af42110589ce6729fcfa5b6f8/elements - {"using":"xpath","value":"//button[@data-kt=\"addButton\"]"}
RESULT: {"using":"xpath","value":"//button[@data-kt=\"addButton\"]"}
COMMAND: POST /session/1078df7af42110589ce6729fcfa5b6f8/elements - {"using":"xpath","value":"//button[@data-kt=\"addButton\"]"}
RESULT: {"using":"xpath","value":"//button[@data-kt=\"addButton\"]"}
COMMAND: POST /session/1078df7af42110589ce6729fcfa5b6f8/elements - {"using":"xpath","value":"//button[@data-kt=\"addButton\"]"}
RESULT: {"using":"xpath","value":"//button[@data-kt=\"addButton\"]"}
COMMAND: POST /session/1078df7af42110589ce6729fcfa5b6f8/elements - {"using":"xpath","value":"//button[@data-kt=\"addButton\"]"}
RESULT: {"using":"xpath","value":"//button[@data-kt=\"addButton\"]"}
COMMAND: POST /session/1078df7af42110589ce6729fcfa5b6f8/elements - {"using":"xpath","value":"//button[@data-kt=\"addButton\"]"}
RESULT: {"using":"xpath","value":"//button[@data-kt=\"addButton\"]"}
COMMAND: POST /session/1078df7af42110589ce6729fcfa5b6f8/elements - {"using":"xpath","value":"//button[@data-kt=\"addButton\"]"}
RESULT: {"using":"xpath","value":"//button[@data-kt=\"addButton\"]"}
COMMAND: POST /session/1078df7af42110589ce6729fcfa5b6f8/elements - {"using":"xpath","value":"//button[@data-kt=\"addButton\"]"}
RESULT: {"using":"xpath","value":"//button[@data-kt=\"addButton\"]"}
COMMAND: POST /session/1078df7af42110589ce6729fcfa5b6f8/elements - {"using":"xpath","value":"//button[@data-kt=\"addButton\"]"}
RESULT: {"using":"xpath","value":"//button[@data-kt=\"addButton\"]"}
COMMAND: POST /session/1078df7af42110589ce6729fcfa5b6f8/elements - {"using":"xpath","value":"//button[@data-kt=\"addButton\"]"}
RESULT: {"using":"xpath","value":"//button[@data-kt=\"addButton\"]"}
COMMAND: POST /session/1078df7af42110589ce6729fcfa5b6f8/elements - {"using":"xpath","value":"//button[@data-kt=\"addButton\"]"}
RESULT: {"using":"xpath","value":"//button[@data-kt=\"addButton\"]"}
COMMAND: POST /session/1078df7af42110589ce6729fcfa5b6f8/elements - {"using":"xpath","value":"//button[@data-kt=\"addButton\"]"}
RESULT: {"using":"xpath","value":"//button[@data-kt=\"addButton\"]"}
COMMAND: POST /session/1078df7af42110589ce6729fcfa5b6f8/elements - {"using":"xpath","value":"//button[@data-kt=\"addButton\"]"}
RESULT: {"using":"xpath","value":"//button[@data-kt=\"addButton\"]"}
COMMAND: POST /session/1078df7af42110589ce6729fcfa5b6f8/elements - {"using":"xpath","value":"//button[@data-kt=\"addButton\"]"}
RESULT: {"using":"xpath","value":"//button[@data-kt=\"addButton\"]"}
COMMAND: POST /session/1078df7af42110589ce6729fcfa5b6f8/elements - {"using":"xpath","value":"//button[@data-kt=\"addButton\"]"}
RESULT: {"using":"xpath","value":"//button[@data-kt=\"addButton\"]"}
COMMAND: POST /session/1078df7af42110589ce6729fcfa5b6f8/elements - {"using":"xpath","value":"//button[@data-kt=\"addButton\"]"}
RESULT: {"using":"xpath","value":"//button[@data-kt=\"addButton\"]"}
COMMAND: POST /session/1078df7af42110589ce6729fcfa5b6f8/elements - {"using":"xpath","value":"//button[@data-kt=\"addButton\"]"}
RESULT: {"using":"xpath","value":"//button[@data-kt=\"addButton\"]"}
COMMAND: POST /session/1078df7af42110589ce6729fcfa5b6f8/elements - {"using":"xpath","value":"//button[@data-kt=\"addButton\"]"}
RESULT: {"using":"xpath","value":"//button[@data-kt=\"addButton\"]"}
COMMAND: POST /session/1078df7af42110589ce6729fcfa5b6f8/elements - {"using":"xpath","value":"//button[@data-kt=\"addButton\"]"}
RESULT: {"using":"xpath","value":"//button[@data-kt=\"addButton\"]"}
COMMAND: POST /session/1078df7af42110589ce6729fcfa5b6f8/elements - {"using":"xpath","value":"//button[@data-kt=\"addButton\"]"}
RESULT: {"using":"xpath","value":"//button[@data-kt=\"addButton\"]"}
COMMAND: POST /session/1078df7af42110589ce6729fcfa5b6f8/elements - {"using":"xpath","value":"//button[@data-kt=\"addButton\"]"}
RESULT: {"using":"xpath","value":"//button[@data-kt=\"addButton\"]"}
COMMAND: POST /session/1078df7af42110589ce6729fcfa5b6f8/elements - {"using":"xpath","value":"//button[@data-kt=\"addButton\"]"}
RESULT: {"using":"xpath","value":"//button[@data-kt=\"addButton\"]"}
COMMAND: POST /session/1078df7af42110589ce6729fcfa5b6f8/elements - {"using":"xpath","value":"//button[@data-kt=\"addButton\"]"}
RESULT: {"using":"xpath","value":"//button[@data-kt=\"addButton\"]"}
COMMAND: POST /session/1078df7af42110589ce6729fcfa5b6f8/elements - {"using":"xpath","value":"//button[@data-kt=\"addButton\"]"}
RESULT: {"using":"xpath","value":"//button[@data-kt=\"addButton\"]"}
COMMAND: POST /session/1078df7af42110589ce6729fcfa5b6f8/elements - {"using":"xpath","value":"//button[@data-kt=\"addButton\"]"}
RESULT: {"using":"xpath","value":"//button[@data-kt=\"addButton\"]"}
COMMAND: POST /session/1078df7af42110589ce6729fcfa5b6f8/elements - {"using":"xpath","value":"//button[@data-kt=\"addButton\"]"}
RESULT: {"using":"xpath","value":"//button[@data-kt=\"addButton\"]"}
COMMAND: POST /session/1078df7af42110589ce6729fcfa5b6f8/elements - {"using":"xpath","value":"//button[@data-kt=\"addButton\"]"}
RESULT: {"using":"xpath","value":"//button[@data-kt=\"addButton\"]"}
COMMAND: POST /session/1078df7af42110589ce6729fcfa5b6f8/elements - {"using":"xpath","value":"//button[@data-kt=\"addButton\"]"}
RESULT: {"using":"xpath","value":"//button[@data-kt=\"addButton\"]"}
COMMAND: POST /session/1078df7af42110589ce6729fcfa5b6f8/elements - {"using":"xpath","value":"//button[@data-kt=\"addButton\"]"}
RESULT: {"using":"xpath","value":"//button[@data-kt=\"addButton\"]"}
COMMAND: POST /session/1078df7af42110589ce6729fcfa5b6f8/elements - {"using":"xpath","value":"//button[@data-kt=\"addButton\"]"}
RESULT: {"using":"xpath","value":"//button[@data-kt=\"addButton\"]"}
COMMAND: POST /session/1078df7af42110589ce6729fcfa5b6f8/elements - {"using":"xpath","value":"//button[@data-kt=\"addButton\"]"}
RESULT: {"using":"xpath","value":"//button[@data-kt=\"addButton\"]"}
COMMAND: POST /session/1078df7af42110589ce6729fcfa5b6f8/elements - {"using":"xpath","value":"//button[@data-kt=\"addButton\"]"}
RESULT: {"using":"xpath","value":"//button[@data-kt=\"addButton\"]"}
COMMAND: POST /session/1078df7af42110589ce6729fcfa5b6f8/elements - {"using":"xpath","value":"//button[@data-kt=\"addButton\"]"}
RESULT: {"using":"xpath","value":"//button[@data-kt=\"addButton\"]"}
COMMAND: POST /session/1078df7af42110589ce6729fcfa5b6f8/elements - {"using":"xpath","value":"//button[@data-kt=\"addButton\"]"}
RESULT: {"using":"xpath","value":"//button[@data-kt=\"addButton\"]"}
COMMAND: POST /session/1078df7af42110589ce6729fcfa5b6f8/elements - {"using":"xpath","value":"//button[@data-kt=\"addButton\"]"}
RESULT: {"using":"xpath","value":"//button[@data-kt=\"addButton\"]"}
COMMAND: POST /session/1078df7af42110589ce6729fcfa5b6f8/elements - {"using":"xpath","value":"//button[@data-kt=\"addButton\"]"}
RESULT: {"using":"xpath","value":"//button[@data-kt=\"addButton\"]"}
COMMAND: POST /session/1078df7af42110589ce6729fcfa5b6f8/elements - {"using":"xpath","value":"//button[@data-kt=\"addButton\"]"}
RESULT: {"using":"xpath","value":"//button[@data-kt=\"addButton\"]"}
COMMAND: POST /session/1078df7af42110589ce6729fcfa5b6f8/elements - {"using":"xpath","value":"//button[@data-kt=\"addButton\"]"}
RESULT: {"using":"xpath","value":"//button[@data-kt=\"addButton\"]"}
COMMAND: POST /session/1078df7af42110589ce6729fcfa5b6f8/elements - {"using":"xpath","value":"//button[@data-kt=\"addButton\"]"}
RESULT: {"using":"xpath","value":"//button[@data-kt=\"addButton\"]"}
COMMAND: POST /session/1078df7af42110589ce6729fcfa5b6f8/elements - {"using":"xpath","value":"//button[@data-kt=\"addButton\"]"}
RESULT: {"using":"xpath","value":"//button[@data-kt=\"addButton\"]"}
COMMAND: POST /session/1078df7af42110589ce6729fcfa5b6f8/elements - {"using":"xpath","value":"//button[@data-kt=\"addButton\"]"}
RESULT: {"using":"xpath","value":"//button[@data-kt=\"addButton\"]"}
COMMAND: POST /session/1078df7af42110589ce6729fcfa5b6f8/elements - {"using":"xpath","value":"//button[@data-kt=\"addButton\"]"}
RESULT: {"using":"xpath","value":"//button[@data-kt=\"addButton\"]"}
COMMAND: POST /session/1078df7af42110589ce6729fcfa5b6f8/elements - {"using":"xpath","value":"//button[@data-kt=\"addButton\"]"}
RESULT: {"using":"xpath","value":"//button[@data-kt=\"addButton\"]"}
COMMAND: POST /session/1078df7af42110589ce6729fcfa5b6f8/elements - {"using":"xpath","value":"//button[@data-kt=\"addButton\"]"}
RESULT: {"using":"xpath","value":"//button[@data-kt=\"addButton\"]"}
COMMAND: POST /session/1078df7af42110589ce6729fcfa5b6f8/elements - {"using":"xpath","value":"//button[@data-kt=\"addButton\"]"}
RESULT: {"using":"xpath","value":"//button[@data-kt=\"addButton\"]"}
COMMAND: POST /session/1078df7af42110589ce6729fcfa5b6f8/elements - {"using":"xpath","value":"//button[@data-kt=\"addButton\"]"}
RESULT: {"using":"xpath","value":"//button[@data-kt=\"addButton\"]"}
COMMAND: POST /session/1078df7af42110589ce6729fcfa5b6f8/elements - {"using":"xpath","value":"//button[@data-kt=\"addButton\"]"}
RESULT: {"using":"xpath","value":"//button[@data-kt=\"addButton\"]"}
COMMAND: POST /session/1078df7af42110589ce6729fcfa5b6f8/elements - {"using":"xpath","value":"//button[@data-kt=\"addButton\"]"}
RESULT: {"using":"xpath","value":"//button[@data-kt=\"addButton\"]"}
COMMAND: POST /session/1078df7af42110589ce6729fcfa5b6f8/elements - {"using":"xpath","value":"//button[@data-kt=\"addButton\"]"}
RESULT: {"using":"xpath","value":"//button[@data-kt=\"addButton\"]"}
COMMAND: POST /session/1078df7af42110589ce6729fcfa5b6f8/elements - {"using":"xpath","value":"//button[@data-kt=\"addButton\"]"}
RESULT: {"using":"xpath","value":"//button[@data-kt=\"addButton\"]"}
COMMAND: POST /session/1078df7af42110589ce6729fcfa5b6f8/elements - {"using":"xpath","value":"//button[@data-kt=\"addButton\"]"}
RESULT: {"using":"xpath","value":"//button[@data-kt=\"addButton\"]"}
COMMAND: POST /session/1078df7af42110589ce6729fcfa5b6f8/elements - {"using":"xpath","value":"//button[@data-kt=\"addButton\"]"}
RESULT: {"using":"xpath","value":"//button[@data-kt=\"addButton\"]"}
COMMAND: POST /session/1078df7af42110589ce6729fcfa5b6f8/elements - {"using":"xpath","value":"//button[@data-kt=\"addButton\"]"}
RESULT: {"using":"xpath","value":"//button[@data-kt=\"addButton\"]"}
COMMAND: POST /session/1078df7af42110589ce6729fcfa5b6f8/elements - {"using":"xpath","value":"//button[@data-kt=\"addButton\"]"}
RESULT: {"using":"xpath","value":"//button[@data-kt=\"addButton\"]"}
COMMAND: POST /session/1078df7af42110589ce6729fcfa5b6f8/elements - {"using":"xpath","value":"//button[@data-kt=\"addButton\"]"}
RESULT: {"using":"xpath","value":"//button[@data-kt=\"addButton\"]"}
COMMAND: POST /session/1078df7af42110589ce6729fcfa5b6f8/elements - {"using":"xpath","value":"//button[@data-kt=\"addButton\"]"}
RESULT: {"using":"xpath","value":"//button[@data-kt=\"addButton\"]"}
COMMAND: POST /session/1078df7af42110589ce6729fcfa5b6f8/elements - {"using":"xpath","value":"//button[@data-kt=\"addButton\"]"}
RESULT: {"using":"xpath","value":"//button[@data-kt=\"addButton\"]"}
COMMAND: POST /session/1078df7af42110589ce6729fcfa5b6f8/elements - {"using":"xpath","value":"//button[@data-kt=\"addButton\"]"}
RESULT: {"using":"xpath","value":"//button[@data-kt=\"addButton\"]"}
COMMAND: POST /session/1078df7af42110589ce6729fcfa5b6f8/elements - {"using":"xpath","value":"//button[@data-kt=\"addButton\"]"}
RESULT: {"using":"xpath","value":"//button[@data-kt=\"addButton\"]"}
COMMAND: POST /session/1078df7af42110589ce6729fcfa5b6f8/elements - {"using":"xpath","value":"//button[@data-kt=\"addButton\"]"}
RESULT: {"using":"xpath","value":"//button[@data-kt=\"addButton\"]"}
COMMAND: POST /session/1078df7af42110589ce6729fcfa5b6f8/elements - {"using":"xpath","value":"//button[@data-kt=\"addButton\"]"}
RESULT: {"using":"xpath","value":"//button[@data-kt=\"addButton\"]"}
COMMAND: POST /session/1078df7af42110589ce6729fcfa5b6f8/elements - {"using":"xpath","value":"//button[@data-kt=\"addButton\"]"}
RESULT: {"using":"xpath","value":"//button[@data-kt=\"addButton\"]"}
COMMAND: POST /session/1078df7af42110589ce6729fcfa5b6f8/elements - {"using":"xpath","value":"//button[@data-kt=\"addButton\"]"}
RESULT: {"using":"xpath","value":"//button[@data-kt=\"addButton\"]"}
COMMAND: POST /session/1078df7af42110589ce6729fcfa5b6f8/elements - {"using":"xpath","value":"//button[@data-kt=\"addButton\"]"}
RESULT: {"using":"xpath","value":"//button[@data-kt=\"addButton\"]"}
COMMAND: POST /session/1078df7af42110589ce6729fcfa5b6f8/elements - {"using":"xpath","value":"//button[@data-kt=\"addButton\"]"}
RESULT: {"using":"xpath","value":"//button[@data-kt=\"addButton\"]"}
COMMAND: POST /session/1078df7af42110589ce6729fcfa5b6f8/elements - {"using":"xpath","value":"//button[@data-kt=\"addButton\"]"}
RESULT: {"using":"xpath","value":"//button[@data-kt=\"addButton\"]"}
COMMAND: POST /session/1078df7af42110589ce6729fcfa5b6f8/elements - {"using":"xpath","value":"//button[@data-kt=\"addButton\"]"}
RESULT: {"using":"xpath","value":"//button[@data-kt=\"addButton\"]"}
COMMAND: POST /session/1078df7af42110589ce6729fcfa5b6f8/elements - {"using":"xpath","value":"//button[@data-kt=\"addButton\"]"}
RESULT: {"using":"xpath","value":"//button[@data-kt=\"addButton\"]"}
COMMAND: POST /session/1078df7af42110589ce6729fcfa5b6f8/elements - {"using":"xpath","value":"//button[@data-kt=\"addButton\"]"}
RESULT: {"using":"xpath","value":"//button[@data-kt=\"addButton\"]"}
COMMAND: POST /session/1078df7af42110589ce6729fcfa5b6f8/elements - {"using":"xpath","value":"//button[@data-kt=\"addButton\"]"}
RESULT: {"using":"xpath","value":"//button[@data-kt=\"addButton\"]"}
COMMAND: POST /session/1078df7af42110589ce6729fcfa5b6f8/elements - {"using":"xpath","value":"//button[@data-kt=\"addButton\"]"}
RESULT: {"using":"xpath","value":"//button[@data-kt=\"addButton\"]"}
COMMAND: POST /session/1078df7af42110589ce6729fcfa5b6f8/elements - {"using":"xpath","value":"//button[@data-kt=\"addButton\"]"}
RESULT: {"using":"xpath","value":"//button[@data-kt=\"addButton\"]"}
COMMAND: POST /session/1078df7af42110589ce6729fcfa5b6f8/elements - {"using":"xpath","value":"//button[@data-kt=\"addButton\"]"}
RESULT: {"using":"xpath","value":"//button[@data-kt=\"addButton\"]"}
COMMAND: POST /session/1078df7af42110589ce6729fcfa5b6f8/elements - {"using":"xpath","value":"//button[@data-kt=\"addButton\"]"}
RESULT: {"using":"xpath","value":"//button[@data-kt=\"addButton\"]"}
COMMAND: POST /session/1078df7af42110589ce6729fcfa5b6f8/elements - {"using":"xpath","value":"//button[@data-kt=\"addButton\"]"}
RESULT: {"using":"xpath","value":"//button[@data-kt=\"addButton\"]"}
COMMAND: POST /session/1078df7af42110589ce6729fcfa5b6f8/elements - {"using":"xpath","value":"//button[@data-kt=\"addButton\"]"}
RESULT: {"using":"xpath","value":"//button[@data-kt=\"addButton\"]"}
COMMAND: POST /session/1078df7af42110589ce6729fcfa5b6f8/elements - {"using":"xpath","value":"//button[@data-kt=\"addButton\"]"}
RESULT: {"using":"xpath","value":"//button[@data-kt=\"addButton\"]"}
COMMAND: POST /session/1078df7af42110589ce6729fcfa5b6f8/elements - {"using":"xpath","value":"//button[@data-kt=\"addButton\"]"}
RESULT: {"using":"xpath","value":"//button[@data-kt=\"addButton\"]"}
COMMAND: POST /session/1078df7af42110589ce6729fcfa5b6f8/elements - {"using":"xpath","value":"//button[@data-kt=\"addButton\"]"}
RESULT: {"using":"xpath","value":"//button[@data-kt=\"addButton\"]"}
COMMAND: GET /session/1078df7af42110589ce6729fcfa5b6f8/screenshot - {}
RESULT: {}
]]></system-out>
      <system-err><![CDATA[
Error: element ("//button[@data-kt="addButton"]") still not existing after 45000ms
    at async UtilsPrerequisites.contractCreation (D:\a\1\s\test\specs\BTS\prerequisites-and-utils-functions.js:1741:9)
    at async Context.<anonymous> (D:\a\1\s\test\specs\BTS\billing-transfer.spec.js:63:45)
]]></system-err>
    </testcase>
    <testcase classname="chrome.136_0_7103_93.windows.Billing_transfer_US117289" name="Should add created equipment to contract" time="60.836">
      <failure/>
      <error message="Can't call click on element with selector &quot;//button[@data-kt=&quot;contractDetailEditBtnButton&quot;]&quot; because element wasn't found"/>
      <system-out><![CDATA[
COMMAND: GET /session/1078df7af42110589ce6729fcfa5b6f8/screenshot - {}
COMMAND: POST /session/1078df7af42110589ce6729fcfa5b6f8/element - {"using":"xpath","value":"//button[@data-kt=\"contractDetailEditBtnButton\"]"}
RESULT: {}
RESULT: {"using":"xpath","value":"//button[@data-kt=\"contractDetailEditBtnButton\"]"}
COMMAND: POST /session/1078df7af42110589ce6729fcfa5b6f8/elements - {"using":"xpath","value":"//button[@data-kt=\"contractDetailEditBtnButton\"]"}
RESULT: {"using":"xpath","value":"//button[@data-kt=\"contractDetailEditBtnButton\"]"}
COMMAND: POST /session/1078df7af42110589ce6729fcfa5b6f8/elements - {"using":"xpath","value":"//button[@data-kt=\"contractDetailEditBtnButton\"]"}
RESULT: {"using":"xpath","value":"//button[@data-kt=\"contractDetailEditBtnButton\"]"}
COMMAND: POST /session/1078df7af42110589ce6729fcfa5b6f8/elements - {"using":"xpath","value":"//button[@data-kt=\"contractDetailEditBtnButton\"]"}
RESULT: {"using":"xpath","value":"//button[@data-kt=\"contractDetailEditBtnButton\"]"}
COMMAND: POST /session/1078df7af42110589ce6729fcfa5b6f8/elements - {"using":"xpath","value":"//button[@data-kt=\"contractDetailEditBtnButton\"]"}
RESULT: {"using":"xpath","value":"//button[@data-kt=\"contractDetailEditBtnButton\"]"}
COMMAND: POST /session/1078df7af42110589ce6729fcfa5b6f8/elements - {"using":"xpath","value":"//button[@data-kt=\"contractDetailEditBtnButton\"]"}
RESULT: {"using":"xpath","value":"//button[@data-kt=\"contractDetailEditBtnButton\"]"}
COMMAND: POST /session/1078df7af42110589ce6729fcfa5b6f8/elements - {"using":"xpath","value":"//button[@data-kt=\"contractDetailEditBtnButton\"]"}
RESULT: {"using":"xpath","value":"//button[@data-kt=\"contractDetailEditBtnButton\"]"}
COMMAND: POST /session/1078df7af42110589ce6729fcfa5b6f8/elements - {"using":"xpath","value":"//button[@data-kt=\"contractDetailEditBtnButton\"]"}
RESULT: {"using":"xpath","value":"//button[@data-kt=\"contractDetailEditBtnButton\"]"}
COMMAND: POST /session/1078df7af42110589ce6729fcfa5b6f8/elements - {"using":"xpath","value":"//button[@data-kt=\"contractDetailEditBtnButton\"]"}
RESULT: {"using":"xpath","value":"//button[@data-kt=\"contractDetailEditBtnButton\"]"}
COMMAND: POST /session/1078df7af42110589ce6729fcfa5b6f8/elements - {"using":"xpath","value":"//button[@data-kt=\"contractDetailEditBtnButton\"]"}
RESULT: {"using":"xpath","value":"//button[@data-kt=\"contractDetailEditBtnButton\"]"}
COMMAND: POST /session/1078df7af42110589ce6729fcfa5b6f8/elements - {"using":"xpath","value":"//button[@data-kt=\"contractDetailEditBtnButton\"]"}
RESULT: {"using":"xpath","value":"//button[@data-kt=\"contractDetailEditBtnButton\"]"}
COMMAND: POST /session/1078df7af42110589ce6729fcfa5b6f8/elements - {"using":"xpath","value":"//button[@data-kt=\"contractDetailEditBtnButton\"]"}
RESULT: {"using":"xpath","value":"//button[@data-kt=\"contractDetailEditBtnButton\"]"}
COMMAND: POST /session/1078df7af42110589ce6729fcfa5b6f8/elements - {"using":"xpath","value":"//button[@data-kt=\"contractDetailEditBtnButton\"]"}
RESULT: {"using":"xpath","value":"//button[@data-kt=\"contractDetailEditBtnButton\"]"}
COMMAND: POST /session/1078df7af42110589ce6729fcfa5b6f8/elements - {"using":"xpath","value":"//button[@data-kt=\"contractDetailEditBtnButton\"]"}
RESULT: {"using":"xpath","value":"//button[@data-kt=\"contractDetailEditBtnButton\"]"}
COMMAND: POST /session/1078df7af42110589ce6729fcfa5b6f8/elements - {"using":"xpath","value":"//button[@data-kt=\"contractDetailEditBtnButton\"]"}
RESULT: {"using":"xpath","value":"//button[@data-kt=\"contractDetailEditBtnButton\"]"}
COMMAND: POST /session/1078df7af42110589ce6729fcfa5b6f8/elements - {"using":"xpath","value":"//button[@data-kt=\"contractDetailEditBtnButton\"]"}
RESULT: {"using":"xpath","value":"//button[@data-kt=\"contractDetailEditBtnButton\"]"}
COMMAND: POST /session/1078df7af42110589ce6729fcfa5b6f8/elements - {"using":"xpath","value":"//button[@data-kt=\"contractDetailEditBtnButton\"]"}
RESULT: {"using":"xpath","value":"//button[@data-kt=\"contractDetailEditBtnButton\"]"}
COMMAND: POST /session/1078df7af42110589ce6729fcfa5b6f8/elements - {"using":"xpath","value":"//button[@data-kt=\"contractDetailEditBtnButton\"]"}
RESULT: {"using":"xpath","value":"//button[@data-kt=\"contractDetailEditBtnButton\"]"}
COMMAND: POST /session/1078df7af42110589ce6729fcfa5b6f8/elements - {"using":"xpath","value":"//button[@data-kt=\"contractDetailEditBtnButton\"]"}
RESULT: {"using":"xpath","value":"//button[@data-kt=\"contractDetailEditBtnButton\"]"}
COMMAND: POST /session/1078df7af42110589ce6729fcfa5b6f8/elements - {"using":"xpath","value":"//button[@data-kt=\"contractDetailEditBtnButton\"]"}
RESULT: {"using":"xpath","value":"//button[@data-kt=\"contractDetailEditBtnButton\"]"}
COMMAND: POST /session/1078df7af42110589ce6729fcfa5b6f8/elements - {"using":"xpath","value":"//button[@data-kt=\"contractDetailEditBtnButton\"]"}
RESULT: {"using":"xpath","value":"//button[@data-kt=\"contractDetailEditBtnButton\"]"}
COMMAND: POST /session/1078df7af42110589ce6729fcfa5b6f8/elements - {"using":"xpath","value":"//button[@data-kt=\"contractDetailEditBtnButton\"]"}
RESULT: {"using":"xpath","value":"//button[@data-kt=\"contractDetailEditBtnButton\"]"}
COMMAND: POST /session/1078df7af42110589ce6729fcfa5b6f8/elements - {"using":"xpath","value":"//button[@data-kt=\"contractDetailEditBtnButton\"]"}
RESULT: {"using":"xpath","value":"//button[@data-kt=\"contractDetailEditBtnButton\"]"}
COMMAND: POST /session/1078df7af42110589ce6729fcfa5b6f8/elements - {"using":"xpath","value":"//button[@data-kt=\"contractDetailEditBtnButton\"]"}
RESULT: {"using":"xpath","value":"//button[@data-kt=\"contractDetailEditBtnButton\"]"}
COMMAND: POST /session/1078df7af42110589ce6729fcfa5b6f8/elements - {"using":"xpath","value":"//button[@data-kt=\"contractDetailEditBtnButton\"]"}
RESULT: {"using":"xpath","value":"//button[@data-kt=\"contractDetailEditBtnButton\"]"}
COMMAND: POST /session/1078df7af42110589ce6729fcfa5b6f8/elements - {"using":"xpath","value":"//button[@data-kt=\"contractDetailEditBtnButton\"]"}
RESULT: {"using":"xpath","value":"//button[@data-kt=\"contractDetailEditBtnButton\"]"}
COMMAND: POST /session/1078df7af42110589ce6729fcfa5b6f8/elements - {"using":"xpath","value":"//button[@data-kt=\"contractDetailEditBtnButton\"]"}
RESULT: {"using":"xpath","value":"//button[@data-kt=\"contractDetailEditBtnButton\"]"}
COMMAND: POST /session/1078df7af42110589ce6729fcfa5b6f8/elements - {"using":"xpath","value":"//button[@data-kt=\"contractDetailEditBtnButton\"]"}
RESULT: {"using":"xpath","value":"//button[@data-kt=\"contractDetailEditBtnButton\"]"}
COMMAND: POST /session/1078df7af42110589ce6729fcfa5b6f8/elements - {"using":"xpath","value":"//button[@data-kt=\"contractDetailEditBtnButton\"]"}
RESULT: {"using":"xpath","value":"//button[@data-kt=\"contractDetailEditBtnButton\"]"}
COMMAND: POST /session/1078df7af42110589ce6729fcfa5b6f8/elements - {"using":"xpath","value":"//button[@data-kt=\"contractDetailEditBtnButton\"]"}
RESULT: {"using":"xpath","value":"//button[@data-kt=\"contractDetailEditBtnButton\"]"}
COMMAND: POST /session/1078df7af42110589ce6729fcfa5b6f8/elements - {"using":"xpath","value":"//button[@data-kt=\"contractDetailEditBtnButton\"]"}
RESULT: {"using":"xpath","value":"//button[@data-kt=\"contractDetailEditBtnButton\"]"}
COMMAND: POST /session/1078df7af42110589ce6729fcfa5b6f8/elements - {"using":"xpath","value":"//button[@data-kt=\"contractDetailEditBtnButton\"]"}
RESULT: {"using":"xpath","value":"//button[@data-kt=\"contractDetailEditBtnButton\"]"}
COMMAND: POST /session/1078df7af42110589ce6729fcfa5b6f8/elements - {"using":"xpath","value":"//button[@data-kt=\"contractDetailEditBtnButton\"]"}
RESULT: {"using":"xpath","value":"//button[@data-kt=\"contractDetailEditBtnButton\"]"}
COMMAND: POST /session/1078df7af42110589ce6729fcfa5b6f8/elements - {"using":"xpath","value":"//button[@data-kt=\"contractDetailEditBtnButton\"]"}
RESULT: {"using":"xpath","value":"//button[@data-kt=\"contractDetailEditBtnButton\"]"}
COMMAND: POST /session/1078df7af42110589ce6729fcfa5b6f8/elements - {"using":"xpath","value":"//button[@data-kt=\"contractDetailEditBtnButton\"]"}
RESULT: {"using":"xpath","value":"//button[@data-kt=\"contractDetailEditBtnButton\"]"}
COMMAND: POST /session/1078df7af42110589ce6729fcfa5b6f8/elements - {"using":"xpath","value":"//button[@data-kt=\"contractDetailEditBtnButton\"]"}
RESULT: {"using":"xpath","value":"//button[@data-kt=\"contractDetailEditBtnButton\"]"}
COMMAND: POST /session/1078df7af42110589ce6729fcfa5b6f8/elements - {"using":"xpath","value":"//button[@data-kt=\"contractDetailEditBtnButton\"]"}
RESULT: {"using":"xpath","value":"//button[@data-kt=\"contractDetailEditBtnButton\"]"}
COMMAND: POST /session/1078df7af42110589ce6729fcfa5b6f8/elements - {"using":"xpath","value":"//button[@data-kt=\"contractDetailEditBtnButton\"]"}
RESULT: {"using":"xpath","value":"//button[@data-kt=\"contractDetailEditBtnButton\"]"}
COMMAND: POST /session/1078df7af42110589ce6729fcfa5b6f8/elements - {"using":"xpath","value":"//button[@data-kt=\"contractDetailEditBtnButton\"]"}
RESULT: {"using":"xpath","value":"//button[@data-kt=\"contractDetailEditBtnButton\"]"}
COMMAND: POST /session/1078df7af42110589ce6729fcfa5b6f8/elements - {"using":"xpath","value":"//button[@data-kt=\"contractDetailEditBtnButton\"]"}
RESULT: {"using":"xpath","value":"//button[@data-kt=\"contractDetailEditBtnButton\"]"}
COMMAND: POST /session/1078df7af42110589ce6729fcfa5b6f8/elements - {"using":"xpath","value":"//button[@data-kt=\"contractDetailEditBtnButton\"]"}
RESULT: {"using":"xpath","value":"//button[@data-kt=\"contractDetailEditBtnButton\"]"}
COMMAND: POST /session/1078df7af42110589ce6729fcfa5b6f8/elements - {"using":"xpath","value":"//button[@data-kt=\"contractDetailEditBtnButton\"]"}
RESULT: {"using":"xpath","value":"//button[@data-kt=\"contractDetailEditBtnButton\"]"}
COMMAND: POST /session/1078df7af42110589ce6729fcfa5b6f8/elements - {"using":"xpath","value":"//button[@data-kt=\"contractDetailEditBtnButton\"]"}
RESULT: {"using":"xpath","value":"//button[@data-kt=\"contractDetailEditBtnButton\"]"}
COMMAND: POST /session/1078df7af42110589ce6729fcfa5b6f8/elements - {"using":"xpath","value":"//button[@data-kt=\"contractDetailEditBtnButton\"]"}
RESULT: {"using":"xpath","value":"//button[@data-kt=\"contractDetailEditBtnButton\"]"}
COMMAND: POST /session/1078df7af42110589ce6729fcfa5b6f8/elements - {"using":"xpath","value":"//button[@data-kt=\"contractDetailEditBtnButton\"]"}
RESULT: {"using":"xpath","value":"//button[@data-kt=\"contractDetailEditBtnButton\"]"}
COMMAND: POST /session/1078df7af42110589ce6729fcfa5b6f8/elements - {"using":"xpath","value":"//button[@data-kt=\"contractDetailEditBtnButton\"]"}
RESULT: {"using":"xpath","value":"//button[@data-kt=\"contractDetailEditBtnButton\"]"}
COMMAND: POST /session/1078df7af42110589ce6729fcfa5b6f8/elements - {"using":"xpath","value":"//button[@data-kt=\"contractDetailEditBtnButton\"]"}
RESULT: {"using":"xpath","value":"//button[@data-kt=\"contractDetailEditBtnButton\"]"}
COMMAND: POST /session/1078df7af42110589ce6729fcfa5b6f8/elements - {"using":"xpath","value":"//button[@data-kt=\"contractDetailEditBtnButton\"]"}
RESULT: {"using":"xpath","value":"//button[@data-kt=\"contractDetailEditBtnButton\"]"}
COMMAND: POST /session/1078df7af42110589ce6729fcfa5b6f8/elements - {"using":"xpath","value":"//button[@data-kt=\"contractDetailEditBtnButton\"]"}
RESULT: {"using":"xpath","value":"//button[@data-kt=\"contractDetailEditBtnButton\"]"}
COMMAND: POST /session/1078df7af42110589ce6729fcfa5b6f8/elements - {"using":"xpath","value":"//button[@data-kt=\"contractDetailEditBtnButton\"]"}
RESULT: {"using":"xpath","value":"//button[@data-kt=\"contractDetailEditBtnButton\"]"}
COMMAND: POST /session/1078df7af42110589ce6729fcfa5b6f8/elements - {"using":"xpath","value":"//button[@data-kt=\"contractDetailEditBtnButton\"]"}
RESULT: {"using":"xpath","value":"//button[@data-kt=\"contractDetailEditBtnButton\"]"}
COMMAND: POST /session/1078df7af42110589ce6729fcfa5b6f8/elements - {"using":"xpath","value":"//button[@data-kt=\"contractDetailEditBtnButton\"]"}
RESULT: {"using":"xpath","value":"//button[@data-kt=\"contractDetailEditBtnButton\"]"}
COMMAND: POST /session/1078df7af42110589ce6729fcfa5b6f8/elements - {"using":"xpath","value":"//button[@data-kt=\"contractDetailEditBtnButton\"]"}
RESULT: {"using":"xpath","value":"//button[@data-kt=\"contractDetailEditBtnButton\"]"}
COMMAND: POST /session/1078df7af42110589ce6729fcfa5b6f8/elements - {"using":"xpath","value":"//button[@data-kt=\"contractDetailEditBtnButton\"]"}
RESULT: {"using":"xpath","value":"//button[@data-kt=\"contractDetailEditBtnButton\"]"}
COMMAND: POST /session/1078df7af42110589ce6729fcfa5b6f8/elements - {"using":"xpath","value":"//button[@data-kt=\"contractDetailEditBtnButton\"]"}
RESULT: {"using":"xpath","value":"//button[@data-kt=\"contractDetailEditBtnButton\"]"}
COMMAND: POST /session/1078df7af42110589ce6729fcfa5b6f8/elements - {"using":"xpath","value":"//button[@data-kt=\"contractDetailEditBtnButton\"]"}
RESULT: {"using":"xpath","value":"//button[@data-kt=\"contractDetailEditBtnButton\"]"}
COMMAND: POST /session/1078df7af42110589ce6729fcfa5b6f8/elements - {"using":"xpath","value":"//button[@data-kt=\"contractDetailEditBtnButton\"]"}
RESULT: {"using":"xpath","value":"//button[@data-kt=\"contractDetailEditBtnButton\"]"}
COMMAND: POST /session/1078df7af42110589ce6729fcfa5b6f8/elements - {"using":"xpath","value":"//button[@data-kt=\"contractDetailEditBtnButton\"]"}
RESULT: {"using":"xpath","value":"//button[@data-kt=\"contractDetailEditBtnButton\"]"}
COMMAND: POST /session/1078df7af42110589ce6729fcfa5b6f8/elements - {"using":"xpath","value":"//button[@data-kt=\"contractDetailEditBtnButton\"]"}
RESULT: {"using":"xpath","value":"//button[@data-kt=\"contractDetailEditBtnButton\"]"}
COMMAND: POST /session/1078df7af42110589ce6729fcfa5b6f8/elements - {"using":"xpath","value":"//button[@data-kt=\"contractDetailEditBtnButton\"]"}
RESULT: {"using":"xpath","value":"//button[@data-kt=\"contractDetailEditBtnButton\"]"}
COMMAND: POST /session/1078df7af42110589ce6729fcfa5b6f8/elements - {"using":"xpath","value":"//button[@data-kt=\"contractDetailEditBtnButton\"]"}
RESULT: {"using":"xpath","value":"//button[@data-kt=\"contractDetailEditBtnButton\"]"}
COMMAND: POST /session/1078df7af42110589ce6729fcfa5b6f8/elements - {"using":"xpath","value":"//button[@data-kt=\"contractDetailEditBtnButton\"]"}
RESULT: {"using":"xpath","value":"//button[@data-kt=\"contractDetailEditBtnButton\"]"}
COMMAND: POST /session/1078df7af42110589ce6729fcfa5b6f8/elements - {"using":"xpath","value":"//button[@data-kt=\"contractDetailEditBtnButton\"]"}
RESULT: {"using":"xpath","value":"//button[@data-kt=\"contractDetailEditBtnButton\"]"}
COMMAND: POST /session/1078df7af42110589ce6729fcfa5b6f8/elements - {"using":"xpath","value":"//button[@data-kt=\"contractDetailEditBtnButton\"]"}
RESULT: {"using":"xpath","value":"//button[@data-kt=\"contractDetailEditBtnButton\"]"}
COMMAND: POST /session/1078df7af42110589ce6729fcfa5b6f8/elements - {"using":"xpath","value":"//button[@data-kt=\"contractDetailEditBtnButton\"]"}
RESULT: {"using":"xpath","value":"//button[@data-kt=\"contractDetailEditBtnButton\"]"}
COMMAND: POST /session/1078df7af42110589ce6729fcfa5b6f8/elements - {"using":"xpath","value":"//button[@data-kt=\"contractDetailEditBtnButton\"]"}
RESULT: {"using":"xpath","value":"//button[@data-kt=\"contractDetailEditBtnButton\"]"}
COMMAND: POST /session/1078df7af42110589ce6729fcfa5b6f8/elements - {"using":"xpath","value":"//button[@data-kt=\"contractDetailEditBtnButton\"]"}
RESULT: {"using":"xpath","value":"//button[@data-kt=\"contractDetailEditBtnButton\"]"}
COMMAND: POST /session/1078df7af42110589ce6729fcfa5b6f8/elements - {"using":"xpath","value":"//button[@data-kt=\"contractDetailEditBtnButton\"]"}
RESULT: {"using":"xpath","value":"//button[@data-kt=\"contractDetailEditBtnButton\"]"}
COMMAND: POST /session/1078df7af42110589ce6729fcfa5b6f8/elements - {"using":"xpath","value":"//button[@data-kt=\"contractDetailEditBtnButton\"]"}
RESULT: {"using":"xpath","value":"//button[@data-kt=\"contractDetailEditBtnButton\"]"}
COMMAND: POST /session/1078df7af42110589ce6729fcfa5b6f8/elements - {"using":"xpath","value":"//button[@data-kt=\"contractDetailEditBtnButton\"]"}
RESULT: {"using":"xpath","value":"//button[@data-kt=\"contractDetailEditBtnButton\"]"}
COMMAND: POST /session/1078df7af42110589ce6729fcfa5b6f8/elements - {"using":"xpath","value":"//button[@data-kt=\"contractDetailEditBtnButton\"]"}
RESULT: {"using":"xpath","value":"//button[@data-kt=\"contractDetailEditBtnButton\"]"}
COMMAND: POST /session/1078df7af42110589ce6729fcfa5b6f8/elements - {"using":"xpath","value":"//button[@data-kt=\"contractDetailEditBtnButton\"]"}
RESULT: {"using":"xpath","value":"//button[@data-kt=\"contractDetailEditBtnButton\"]"}
COMMAND: POST /session/1078df7af42110589ce6729fcfa5b6f8/elements - {"using":"xpath","value":"//button[@data-kt=\"contractDetailEditBtnButton\"]"}
RESULT: {"using":"xpath","value":"//button[@data-kt=\"contractDetailEditBtnButton\"]"}
COMMAND: POST /session/1078df7af42110589ce6729fcfa5b6f8/elements - {"using":"xpath","value":"//button[@data-kt=\"contractDetailEditBtnButton\"]"}
RESULT: {"using":"xpath","value":"//button[@data-kt=\"contractDetailEditBtnButton\"]"}
COMMAND: POST /session/1078df7af42110589ce6729fcfa5b6f8/elements - {"using":"xpath","value":"//button[@data-kt=\"contractDetailEditBtnButton\"]"}
RESULT: {"using":"xpath","value":"//button[@data-kt=\"contractDetailEditBtnButton\"]"}
COMMAND: POST /session/1078df7af42110589ce6729fcfa5b6f8/elements - {"using":"xpath","value":"//button[@data-kt=\"contractDetailEditBtnButton\"]"}
RESULT: {"using":"xpath","value":"//button[@data-kt=\"contractDetailEditBtnButton\"]"}
COMMAND: POST /session/1078df7af42110589ce6729fcfa5b6f8/elements - {"using":"xpath","value":"//button[@data-kt=\"contractDetailEditBtnButton\"]"}
RESULT: {"using":"xpath","value":"//button[@data-kt=\"contractDetailEditBtnButton\"]"}
COMMAND: POST /session/1078df7af42110589ce6729fcfa5b6f8/elements - {"using":"xpath","value":"//button[@data-kt=\"contractDetailEditBtnButton\"]"}
RESULT: {"using":"xpath","value":"//button[@data-kt=\"contractDetailEditBtnButton\"]"}
COMMAND: POST /session/1078df7af42110589ce6729fcfa5b6f8/elements - {"using":"xpath","value":"//button[@data-kt=\"contractDetailEditBtnButton\"]"}
RESULT: {"using":"xpath","value":"//button[@data-kt=\"contractDetailEditBtnButton\"]"}
COMMAND: POST /session/1078df7af42110589ce6729fcfa5b6f8/elements - {"using":"xpath","value":"//button[@data-kt=\"contractDetailEditBtnButton\"]"}
RESULT: {"using":"xpath","value":"//button[@data-kt=\"contractDetailEditBtnButton\"]"}
COMMAND: POST /session/1078df7af42110589ce6729fcfa5b6f8/elements - {"using":"xpath","value":"//button[@data-kt=\"contractDetailEditBtnButton\"]"}
RESULT: {"using":"xpath","value":"//button[@data-kt=\"contractDetailEditBtnButton\"]"}
COMMAND: POST /session/1078df7af42110589ce6729fcfa5b6f8/elements - {"using":"xpath","value":"//button[@data-kt=\"contractDetailEditBtnButton\"]"}
RESULT: {"using":"xpath","value":"//button[@data-kt=\"contractDetailEditBtnButton\"]"}
COMMAND: POST /session/1078df7af42110589ce6729fcfa5b6f8/elements - {"using":"xpath","value":"//button[@data-kt=\"contractDetailEditBtnButton\"]"}
RESULT: {"using":"xpath","value":"//button[@data-kt=\"contractDetailEditBtnButton\"]"}
COMMAND: POST /session/1078df7af42110589ce6729fcfa5b6f8/elements - {"using":"xpath","value":"//button[@data-kt=\"contractDetailEditBtnButton\"]"}
RESULT: {"using":"xpath","value":"//button[@data-kt=\"contractDetailEditBtnButton\"]"}
COMMAND: POST /session/1078df7af42110589ce6729fcfa5b6f8/elements - {"using":"xpath","value":"//button[@data-kt=\"contractDetailEditBtnButton\"]"}
RESULT: {"using":"xpath","value":"//button[@data-kt=\"contractDetailEditBtnButton\"]"}
COMMAND: POST /session/1078df7af42110589ce6729fcfa5b6f8/elements - {"using":"xpath","value":"//button[@data-kt=\"contractDetailEditBtnButton\"]"}
RESULT: {"using":"xpath","value":"//button[@data-kt=\"contractDetailEditBtnButton\"]"}
COMMAND: POST /session/1078df7af42110589ce6729fcfa5b6f8/elements - {"using":"xpath","value":"//button[@data-kt=\"contractDetailEditBtnButton\"]"}
RESULT: {"using":"xpath","value":"//button[@data-kt=\"contractDetailEditBtnButton\"]"}
COMMAND: POST /session/1078df7af42110589ce6729fcfa5b6f8/elements - {"using":"xpath","value":"//button[@data-kt=\"contractDetailEditBtnButton\"]"}
RESULT: {"using":"xpath","value":"//button[@data-kt=\"contractDetailEditBtnButton\"]"}
COMMAND: POST /session/1078df7af42110589ce6729fcfa5b6f8/elements - {"using":"xpath","value":"//button[@data-kt=\"contractDetailEditBtnButton\"]"}
RESULT: {"using":"xpath","value":"//button[@data-kt=\"contractDetailEditBtnButton\"]"}
COMMAND: POST /session/1078df7af42110589ce6729fcfa5b6f8/elements - {"using":"xpath","value":"//button[@data-kt=\"contractDetailEditBtnButton\"]"}
RESULT: {"using":"xpath","value":"//button[@data-kt=\"contractDetailEditBtnButton\"]"}
COMMAND: POST /session/1078df7af42110589ce6729fcfa5b6f8/elements - {"using":"xpath","value":"//button[@data-kt=\"contractDetailEditBtnButton\"]"}
RESULT: {"using":"xpath","value":"//button[@data-kt=\"contractDetailEditBtnButton\"]"}
COMMAND: POST /session/1078df7af42110589ce6729fcfa5b6f8/elements - {"using":"xpath","value":"//button[@data-kt=\"contractDetailEditBtnButton\"]"}
RESULT: {"using":"xpath","value":"//button[@data-kt=\"contractDetailEditBtnButton\"]"}
COMMAND: POST /session/1078df7af42110589ce6729fcfa5b6f8/elements - {"using":"xpath","value":"//button[@data-kt=\"contractDetailEditBtnButton\"]"}
RESULT: {"using":"xpath","value":"//button[@data-kt=\"contractDetailEditBtnButton\"]"}
COMMAND: POST /session/1078df7af42110589ce6729fcfa5b6f8/elements - {"using":"xpath","value":"//button[@data-kt=\"contractDetailEditBtnButton\"]"}
RESULT: {"using":"xpath","value":"//button[@data-kt=\"contractDetailEditBtnButton\"]"}
COMMAND: POST /session/1078df7af42110589ce6729fcfa5b6f8/elements - {"using":"xpath","value":"//button[@data-kt=\"contractDetailEditBtnButton\"]"}
RESULT: {"using":"xpath","value":"//button[@data-kt=\"contractDetailEditBtnButton\"]"}
COMMAND: POST /session/1078df7af42110589ce6729fcfa5b6f8/elements - {"using":"xpath","value":"//button[@data-kt=\"contractDetailEditBtnButton\"]"}
RESULT: {"using":"xpath","value":"//button[@data-kt=\"contractDetailEditBtnButton\"]"}
COMMAND: POST /session/1078df7af42110589ce6729fcfa5b6f8/elements - {"using":"xpath","value":"//button[@data-kt=\"contractDetailEditBtnButton\"]"}
RESULT: {"using":"xpath","value":"//button[@data-kt=\"contractDetailEditBtnButton\"]"}
COMMAND: POST /session/1078df7af42110589ce6729fcfa5b6f8/elements - {"using":"xpath","value":"//button[@data-kt=\"contractDetailEditBtnButton\"]"}
RESULT: {"using":"xpath","value":"//button[@data-kt=\"contractDetailEditBtnButton\"]"}
COMMAND: POST /session/1078df7af42110589ce6729fcfa5b6f8/elements - {"using":"xpath","value":"//button[@data-kt=\"contractDetailEditBtnButton\"]"}
RESULT: {"using":"xpath","value":"//button[@data-kt=\"contractDetailEditBtnButton\"]"}
COMMAND: POST /session/1078df7af42110589ce6729fcfa5b6f8/elements - {"using":"xpath","value":"//button[@data-kt=\"contractDetailEditBtnButton\"]"}
RESULT: {"using":"xpath","value":"//button[@data-kt=\"contractDetailEditBtnButton\"]"}
COMMAND: POST /session/1078df7af42110589ce6729fcfa5b6f8/elements - {"using":"xpath","value":"//button[@data-kt=\"contractDetailEditBtnButton\"]"}
RESULT: {"using":"xpath","value":"//button[@data-kt=\"contractDetailEditBtnButton\"]"}
COMMAND: POST /session/1078df7af42110589ce6729fcfa5b6f8/elements - {"using":"xpath","value":"//button[@data-kt=\"contractDetailEditBtnButton\"]"}
RESULT: {"using":"xpath","value":"//button[@data-kt=\"contractDetailEditBtnButton\"]"}
COMMAND: POST /session/1078df7af42110589ce6729fcfa5b6f8/elements - {"using":"xpath","value":"//button[@data-kt=\"contractDetailEditBtnButton\"]"}
RESULT: {"using":"xpath","value":"//button[@data-kt=\"contractDetailEditBtnButton\"]"}
COMMAND: POST /session/1078df7af42110589ce6729fcfa5b6f8/elements - {"using":"xpath","value":"//button[@data-kt=\"contractDetailEditBtnButton\"]"}
RESULT: {"using":"xpath","value":"//button[@data-kt=\"contractDetailEditBtnButton\"]"}
COMMAND: POST /session/1078df7af42110589ce6729fcfa5b6f8/elements - {"using":"xpath","value":"//button[@data-kt=\"contractDetailEditBtnButton\"]"}
RESULT: {"using":"xpath","value":"//button[@data-kt=\"contractDetailEditBtnButton\"]"}
COMMAND: POST /session/1078df7af42110589ce6729fcfa5b6f8/elements - {"using":"xpath","value":"//button[@data-kt=\"contractDetailEditBtnButton\"]"}
RESULT: {"using":"xpath","value":"//button[@data-kt=\"contractDetailEditBtnButton\"]"}
COMMAND: POST /session/1078df7af42110589ce6729fcfa5b6f8/elements - {"using":"xpath","value":"//button[@data-kt=\"contractDetailEditBtnButton\"]"}
RESULT: {"using":"xpath","value":"//button[@data-kt=\"contractDetailEditBtnButton\"]"}
COMMAND: POST /session/1078df7af42110589ce6729fcfa5b6f8/elements - {"using":"xpath","value":"//button[@data-kt=\"contractDetailEditBtnButton\"]"}
RESULT: {"using":"xpath","value":"//button[@data-kt=\"contractDetailEditBtnButton\"]"}
COMMAND: POST /session/1078df7af42110589ce6729fcfa5b6f8/elements - {"using":"xpath","value":"//button[@data-kt=\"contractDetailEditBtnButton\"]"}
RESULT: {"using":"xpath","value":"//button[@data-kt=\"contractDetailEditBtnButton\"]"}
COMMAND: POST /session/1078df7af42110589ce6729fcfa5b6f8/elements - {"using":"xpath","value":"//button[@data-kt=\"contractDetailEditBtnButton\"]"}
RESULT: {"using":"xpath","value":"//button[@data-kt=\"contractDetailEditBtnButton\"]"}
COMMAND: POST /session/1078df7af42110589ce6729fcfa5b6f8/elements - {"using":"xpath","value":"//button[@data-kt=\"contractDetailEditBtnButton\"]"}
RESULT: {"using":"xpath","value":"//button[@data-kt=\"contractDetailEditBtnButton\"]"}
COMMAND: POST /session/1078df7af42110589ce6729fcfa5b6f8/elements - {"using":"xpath","value":"//button[@data-kt=\"contractDetailEditBtnButton\"]"}
RESULT: {"using":"xpath","value":"//button[@data-kt=\"contractDetailEditBtnButton\"]"}
COMMAND: POST /session/1078df7af42110589ce6729fcfa5b6f8/elements - {"using":"xpath","value":"//button[@data-kt=\"contractDetailEditBtnButton\"]"}
RESULT: {"using":"xpath","value":"//button[@data-kt=\"contractDetailEditBtnButton\"]"}
COMMAND: POST /session/1078df7af42110589ce6729fcfa5b6f8/elements - {"using":"xpath","value":"//button[@data-kt=\"contractDetailEditBtnButton\"]"}
RESULT: {"using":"xpath","value":"//button[@data-kt=\"contractDetailEditBtnButton\"]"}
COMMAND: POST /session/1078df7af42110589ce6729fcfa5b6f8/elements - {"using":"xpath","value":"//button[@data-kt=\"contractDetailEditBtnButton\"]"}
RESULT: {"using":"xpath","value":"//button[@data-kt=\"contractDetailEditBtnButton\"]"}
COMMAND: POST /session/1078df7af42110589ce6729fcfa5b6f8/elements - {"using":"xpath","value":"//button[@data-kt=\"contractDetailEditBtnButton\"]"}
RESULT: {"using":"xpath","value":"//button[@data-kt=\"contractDetailEditBtnButton\"]"}
COMMAND: POST /session/1078df7af42110589ce6729fcfa5b6f8/elements - {"using":"xpath","value":"//button[@data-kt=\"contractDetailEditBtnButton\"]"}
RESULT: {"using":"xpath","value":"//button[@data-kt=\"contractDetailEditBtnButton\"]"}
COMMAND: POST /session/1078df7af42110589ce6729fcfa5b6f8/elements - {"using":"xpath","value":"//button[@data-kt=\"contractDetailEditBtnButton\"]"}
RESULT: {"using":"xpath","value":"//button[@data-kt=\"contractDetailEditBtnButton\"]"}
COMMAND: POST /session/1078df7af42110589ce6729fcfa5b6f8/elements - {"using":"xpath","value":"//button[@data-kt=\"contractDetailEditBtnButton\"]"}
RESULT: {"using":"xpath","value":"//button[@data-kt=\"contractDetailEditBtnButton\"]"}
COMMAND: POST /session/1078df7af42110589ce6729fcfa5b6f8/elements - {"using":"xpath","value":"//button[@data-kt=\"contractDetailEditBtnButton\"]"}
RESULT: {"using":"xpath","value":"//button[@data-kt=\"contractDetailEditBtnButton\"]"}
COMMAND: POST /session/1078df7af42110589ce6729fcfa5b6f8/elements - {"using":"xpath","value":"//button[@data-kt=\"contractDetailEditBtnButton\"]"}
RESULT: {"using":"xpath","value":"//button[@data-kt=\"contractDetailEditBtnButton\"]"}
COMMAND: POST /session/1078df7af42110589ce6729fcfa5b6f8/elements - {"using":"xpath","value":"//button[@data-kt=\"contractDetailEditBtnButton\"]"}
COMMAND: GET /session/1078df7af42110589ce6729fcfa5b6f8/screenshot - {}
RESULT: {"using":"xpath","value":"//button[@data-kt=\"contractDetailEditBtnButton\"]"}
RESULT: {}
]]></system-out>
      <system-err><![CDATA[
Error: Can't call click on element with selector "//button[@data-kt="contractDetailEditBtnButton"]" because element wasn't found
    at async UtilsPrerequisites.addItemToContract (D:\a\1\s\test\specs\BTS\prerequisites-and-utils-functions.js:1852:9)
    at async Context.<anonymous> (D:\a\1\s\test\specs\BTS\billing-transfer.spec.js:67:9)
]]></system-err>
    </testcase>
    <testcase classname="chrome.136_0_7103_93.windows.Billing_transfer_US117289" name="Should do a provide to site handover" time="60.407">
      <failure/>
      <error message="Can't call click on element with selector &quot;//button[@data-kt=&quot;provideButton&quot;]&quot; because element wasn't found"/>
      <system-out><![CDATA[
COMMAND: POST /session/1078df7af42110589ce6729fcfa5b6f8/element - {"using":"xpath","value":"//button[@data-kt=\"provideButton\"]"}
COMMAND: GET /session/1078df7af42110589ce6729fcfa5b6f8/screenshot - {}
RESULT: {"using":"xpath","value":"//button[@data-kt=\"provideButton\"]"}
COMMAND: POST /session/1078df7af42110589ce6729fcfa5b6f8/elements - {"using":"xpath","value":"//button[@data-kt=\"provideButton\"]"}
RESULT: {}
RESULT: {"using":"xpath","value":"//button[@data-kt=\"provideButton\"]"}
COMMAND: POST /session/1078df7af42110589ce6729fcfa5b6f8/elements - {"using":"xpath","value":"//button[@data-kt=\"provideButton\"]"}
RESULT: {"using":"xpath","value":"//button[@data-kt=\"provideButton\"]"}
COMMAND: POST /session/1078df7af42110589ce6729fcfa5b6f8/elements - {"using":"xpath","value":"//button[@data-kt=\"provideButton\"]"}
RESULT: {"using":"xpath","value":"//button[@data-kt=\"provideButton\"]"}
COMMAND: POST /session/1078df7af42110589ce6729fcfa5b6f8/elements - {"using":"xpath","value":"//button[@data-kt=\"provideButton\"]"}
RESULT: {"using":"xpath","value":"//button[@data-kt=\"provideButton\"]"}
COMMAND: POST /session/1078df7af42110589ce6729fcfa5b6f8/elements - {"using":"xpath","value":"//button[@data-kt=\"provideButton\"]"}
RESULT: {"using":"xpath","value":"//button[@data-kt=\"provideButton\"]"}
COMMAND: POST /session/1078df7af42110589ce6729fcfa5b6f8/elements - {"using":"xpath","value":"//button[@data-kt=\"provideButton\"]"}
RESULT: {"using":"xpath","value":"//button[@data-kt=\"provideButton\"]"}
COMMAND: POST /session/1078df7af42110589ce6729fcfa5b6f8/elements - {"using":"xpath","value":"//button[@data-kt=\"provideButton\"]"}
RESULT: {"using":"xpath","value":"//button[@data-kt=\"provideButton\"]"}
COMMAND: POST /session/1078df7af42110589ce6729fcfa5b6f8/elements - {"using":"xpath","value":"//button[@data-kt=\"provideButton\"]"}
RESULT: {"using":"xpath","value":"//button[@data-kt=\"provideButton\"]"}
COMMAND: POST /session/1078df7af42110589ce6729fcfa5b6f8/elements - {"using":"xpath","value":"//button[@data-kt=\"provideButton\"]"}
RESULT: {"using":"xpath","value":"//button[@data-kt=\"provideButton\"]"}
COMMAND: POST /session/1078df7af42110589ce6729fcfa5b6f8/elements - {"using":"xpath","value":"//button[@data-kt=\"provideButton\"]"}
RESULT: {"using":"xpath","value":"//button[@data-kt=\"provideButton\"]"}
COMMAND: POST /session/1078df7af42110589ce6729fcfa5b6f8/elements - {"using":"xpath","value":"//button[@data-kt=\"provideButton\"]"}
RESULT: {"using":"xpath","value":"//button[@data-kt=\"provideButton\"]"}
COMMAND: POST /session/1078df7af42110589ce6729fcfa5b6f8/elements - {"using":"xpath","value":"//button[@data-kt=\"provideButton\"]"}
RESULT: {"using":"xpath","value":"//button[@data-kt=\"provideButton\"]"}
COMMAND: POST /session/1078df7af42110589ce6729fcfa5b6f8/elements - {"using":"xpath","value":"//button[@data-kt=\"provideButton\"]"}
RESULT: {"using":"xpath","value":"//button[@data-kt=\"provideButton\"]"}
COMMAND: POST /session/1078df7af42110589ce6729fcfa5b6f8/elements - {"using":"xpath","value":"//button[@data-kt=\"provideButton\"]"}
RESULT: {"using":"xpath","value":"//button[@data-kt=\"provideButton\"]"}
COMMAND: POST /session/1078df7af42110589ce6729fcfa5b6f8/elements - {"using":"xpath","value":"//button[@data-kt=\"provideButton\"]"}
RESULT: {"using":"xpath","value":"//button[@data-kt=\"provideButton\"]"}
COMMAND: POST /session/1078df7af42110589ce6729fcfa5b6f8/elements - {"using":"xpath","value":"//button[@data-kt=\"provideButton\"]"}
RESULT: {"using":"xpath","value":"//button[@data-kt=\"provideButton\"]"}
COMMAND: POST /session/1078df7af42110589ce6729fcfa5b6f8/elements - {"using":"xpath","value":"//button[@data-kt=\"provideButton\"]"}
RESULT: {"using":"xpath","value":"//button[@data-kt=\"provideButton\"]"}
COMMAND: POST /session/1078df7af42110589ce6729fcfa5b6f8/elements - {"using":"xpath","value":"//button[@data-kt=\"provideButton\"]"}
RESULT: {"using":"xpath","value":"//button[@data-kt=\"provideButton\"]"}
COMMAND: POST /session/1078df7af42110589ce6729fcfa5b6f8/elements - {"using":"xpath","value":"//button[@data-kt=\"provideButton\"]"}
RESULT: {"using":"xpath","value":"//button[@data-kt=\"provideButton\"]"}
COMMAND: POST /session/1078df7af42110589ce6729fcfa5b6f8/elements - {"using":"xpath","value":"//button[@data-kt=\"provideButton\"]"}
RESULT: {"using":"xpath","value":"//button[@data-kt=\"provideButton\"]"}
COMMAND: POST /session/1078df7af42110589ce6729fcfa5b6f8/elements - {"using":"xpath","value":"//button[@data-kt=\"provideButton\"]"}
RESULT: {"using":"xpath","value":"//button[@data-kt=\"provideButton\"]"}
COMMAND: POST /session/1078df7af42110589ce6729fcfa5b6f8/elements - {"using":"xpath","value":"//button[@data-kt=\"provideButton\"]"}
RESULT: {"using":"xpath","value":"//button[@data-kt=\"provideButton\"]"}
COMMAND: POST /session/1078df7af42110589ce6729fcfa5b6f8/elements - {"using":"xpath","value":"//button[@data-kt=\"provideButton\"]"}
RESULT: {"using":"xpath","value":"//button[@data-kt=\"provideButton\"]"}
COMMAND: POST /session/1078df7af42110589ce6729fcfa5b6f8/elements - {"using":"xpath","value":"//button[@data-kt=\"provideButton\"]"}
RESULT: {"using":"xpath","value":"//button[@data-kt=\"provideButton\"]"}
COMMAND: POST /session/1078df7af42110589ce6729fcfa5b6f8/elements - {"using":"xpath","value":"//button[@data-kt=\"provideButton\"]"}
RESULT: {"using":"xpath","value":"//button[@data-kt=\"provideButton\"]"}
COMMAND: POST /session/1078df7af42110589ce6729fcfa5b6f8/elements - {"using":"xpath","value":"//button[@data-kt=\"provideButton\"]"}
RESULT: {"using":"xpath","value":"//button[@data-kt=\"provideButton\"]"}
COMMAND: POST /session/1078df7af42110589ce6729fcfa5b6f8/elements - {"using":"xpath","value":"//button[@data-kt=\"provideButton\"]"}
RESULT: {"using":"xpath","value":"//button[@data-kt=\"provideButton\"]"}
COMMAND: POST /session/1078df7af42110589ce6729fcfa5b6f8/elements - {"using":"xpath","value":"//button[@data-kt=\"provideButton\"]"}
RESULT: {"using":"xpath","value":"//button[@data-kt=\"provideButton\"]"}
COMMAND: POST /session/1078df7af42110589ce6729fcfa5b6f8/elements - {"using":"xpath","value":"//button[@data-kt=\"provideButton\"]"}
RESULT: {"using":"xpath","value":"//button[@data-kt=\"provideButton\"]"}
COMMAND: POST /session/1078df7af42110589ce6729fcfa5b6f8/elements - {"using":"xpath","value":"//button[@data-kt=\"provideButton\"]"}
RESULT: {"using":"xpath","value":"//button[@data-kt=\"provideButton\"]"}
COMMAND: POST /session/1078df7af42110589ce6729fcfa5b6f8/elements - {"using":"xpath","value":"//button[@data-kt=\"provideButton\"]"}
RESULT: {"using":"xpath","value":"//button[@data-kt=\"provideButton\"]"}
COMMAND: POST /session/1078df7af42110589ce6729fcfa5b6f8/elements - {"using":"xpath","value":"//button[@data-kt=\"provideButton\"]"}
RESULT: {"using":"xpath","value":"//button[@data-kt=\"provideButton\"]"}
COMMAND: POST /session/1078df7af42110589ce6729fcfa5b6f8/elements - {"using":"xpath","value":"//button[@data-kt=\"provideButton\"]"}
RESULT: {"using":"xpath","value":"//button[@data-kt=\"provideButton\"]"}
COMMAND: POST /session/1078df7af42110589ce6729fcfa5b6f8/elements - {"using":"xpath","value":"//button[@data-kt=\"provideButton\"]"}
RESULT: {"using":"xpath","value":"//button[@data-kt=\"provideButton\"]"}
COMMAND: POST /session/1078df7af42110589ce6729fcfa5b6f8/elements - {"using":"xpath","value":"//button[@data-kt=\"provideButton\"]"}
RESULT: {"using":"xpath","value":"//button[@data-kt=\"provideButton\"]"}
COMMAND: POST /session/1078df7af42110589ce6729fcfa5b6f8/elements - {"using":"xpath","value":"//button[@data-kt=\"provideButton\"]"}
RESULT: {"using":"xpath","value":"//button[@data-kt=\"provideButton\"]"}
COMMAND: POST /session/1078df7af42110589ce6729fcfa5b6f8/elements - {"using":"xpath","value":"//button[@data-kt=\"provideButton\"]"}
RESULT: {"using":"xpath","value":"//button[@data-kt=\"provideButton\"]"}
COMMAND: POST /session/1078df7af42110589ce6729fcfa5b6f8/elements - {"using":"xpath","value":"//button[@data-kt=\"provideButton\"]"}
RESULT: {"using":"xpath","value":"//button[@data-kt=\"provideButton\"]"}
COMMAND: POST /session/1078df7af42110589ce6729fcfa5b6f8/elements - {"using":"xpath","value":"//button[@data-kt=\"provideButton\"]"}
RESULT: {"using":"xpath","value":"//button[@data-kt=\"provideButton\"]"}
COMMAND: POST /session/1078df7af42110589ce6729fcfa5b6f8/elements - {"using":"xpath","value":"//button[@data-kt=\"provideButton\"]"}
RESULT: {"using":"xpath","value":"//button[@data-kt=\"provideButton\"]"}
COMMAND: POST /session/1078df7af42110589ce6729fcfa5b6f8/elements - {"using":"xpath","value":"//button[@data-kt=\"provideButton\"]"}
RESULT: {"using":"xpath","value":"//button[@data-kt=\"provideButton\"]"}
COMMAND: POST /session/1078df7af42110589ce6729fcfa5b6f8/elements - {"using":"xpath","value":"//button[@data-kt=\"provideButton\"]"}
RESULT: {"using":"xpath","value":"//button[@data-kt=\"provideButton\"]"}
COMMAND: POST /session/1078df7af42110589ce6729fcfa5b6f8/elements - {"using":"xpath","value":"//button[@data-kt=\"provideButton\"]"}
RESULT: {"using":"xpath","value":"//button[@data-kt=\"provideButton\"]"}
COMMAND: POST /session/1078df7af42110589ce6729fcfa5b6f8/elements - {"using":"xpath","value":"//button[@data-kt=\"provideButton\"]"}
RESULT: {"using":"xpath","value":"//button[@data-kt=\"provideButton\"]"}
COMMAND: POST /session/1078df7af42110589ce6729fcfa5b6f8/elements - {"using":"xpath","value":"//button[@data-kt=\"provideButton\"]"}
RESULT: {"using":"xpath","value":"//button[@data-kt=\"provideButton\"]"}
COMMAND: POST /session/1078df7af42110589ce6729fcfa5b6f8/elements - {"using":"xpath","value":"//button[@data-kt=\"provideButton\"]"}
RESULT: {"using":"xpath","value":"//button[@data-kt=\"provideButton\"]"}
COMMAND: POST /session/1078df7af42110589ce6729fcfa5b6f8/elements - {"using":"xpath","value":"//button[@data-kt=\"provideButton\"]"}
RESULT: {"using":"xpath","value":"//button[@data-kt=\"provideButton\"]"}
COMMAND: POST /session/1078df7af42110589ce6729fcfa5b6f8/elements - {"using":"xpath","value":"//button[@data-kt=\"provideButton\"]"}
RESULT: {"using":"xpath","value":"//button[@data-kt=\"provideButton\"]"}
COMMAND: POST /session/1078df7af42110589ce6729fcfa5b6f8/elements - {"using":"xpath","value":"//button[@data-kt=\"provideButton\"]"}
RESULT: {"using":"xpath","value":"//button[@data-kt=\"provideButton\"]"}
COMMAND: POST /session/1078df7af42110589ce6729fcfa5b6f8/elements - {"using":"xpath","value":"//button[@data-kt=\"provideButton\"]"}
RESULT: {"using":"xpath","value":"//button[@data-kt=\"provideButton\"]"}
COMMAND: POST /session/1078df7af42110589ce6729fcfa5b6f8/elements - {"using":"xpath","value":"//button[@data-kt=\"provideButton\"]"}
RESULT: {"using":"xpath","value":"//button[@data-kt=\"provideButton\"]"}
COMMAND: POST /session/1078df7af42110589ce6729fcfa5b6f8/elements - {"using":"xpath","value":"//button[@data-kt=\"provideButton\"]"}
RESULT: {"using":"xpath","value":"//button[@data-kt=\"provideButton\"]"}
COMMAND: POST /session/1078df7af42110589ce6729fcfa5b6f8/elements - {"using":"xpath","value":"//button[@data-kt=\"provideButton\"]"}
RESULT: {"using":"xpath","value":"//button[@data-kt=\"provideButton\"]"}
COMMAND: POST /session/1078df7af42110589ce6729fcfa5b6f8/elements - {"using":"xpath","value":"//button[@data-kt=\"provideButton\"]"}
RESULT: {"using":"xpath","value":"//button[@data-kt=\"provideButton\"]"}
COMMAND: POST /session/1078df7af42110589ce6729fcfa5b6f8/elements - {"using":"xpath","value":"//button[@data-kt=\"provideButton\"]"}
RESULT: {"using":"xpath","value":"//button[@data-kt=\"provideButton\"]"}
COMMAND: POST /session/1078df7af42110589ce6729fcfa5b6f8/elements - {"using":"xpath","value":"//button[@data-kt=\"provideButton\"]"}
RESULT: {"using":"xpath","value":"//button[@data-kt=\"provideButton\"]"}
COMMAND: POST /session/1078df7af42110589ce6729fcfa5b6f8/elements - {"using":"xpath","value":"//button[@data-kt=\"provideButton\"]"}
RESULT: {"using":"xpath","value":"//button[@data-kt=\"provideButton\"]"}
COMMAND: POST /session/1078df7af42110589ce6729fcfa5b6f8/elements - {"using":"xpath","value":"//button[@data-kt=\"provideButton\"]"}
RESULT: {"using":"xpath","value":"//button[@data-kt=\"provideButton\"]"}
COMMAND: POST /session/1078df7af42110589ce6729fcfa5b6f8/elements - {"using":"xpath","value":"//button[@data-kt=\"provideButton\"]"}
RESULT: {"using":"xpath","value":"//button[@data-kt=\"provideButton\"]"}
COMMAND: POST /session/1078df7af42110589ce6729fcfa5b6f8/elements - {"using":"xpath","value":"//button[@data-kt=\"provideButton\"]"}
RESULT: {"using":"xpath","value":"//button[@data-kt=\"provideButton\"]"}
COMMAND: POST /session/1078df7af42110589ce6729fcfa5b6f8/elements - {"using":"xpath","value":"//button[@data-kt=\"provideButton\"]"}
RESULT: {"using":"xpath","value":"//button[@data-kt=\"provideButton\"]"}
COMMAND: POST /session/1078df7af42110589ce6729fcfa5b6f8/elements - {"using":"xpath","value":"//button[@data-kt=\"provideButton\"]"}
RESULT: {"using":"xpath","value":"//button[@data-kt=\"provideButton\"]"}
COMMAND: POST /session/1078df7af42110589ce6729fcfa5b6f8/elements - {"using":"xpath","value":"//button[@data-kt=\"provideButton\"]"}
RESULT: {"using":"xpath","value":"//button[@data-kt=\"provideButton\"]"}
COMMAND: POST /session/1078df7af42110589ce6729fcfa5b6f8/elements - {"using":"xpath","value":"//button[@data-kt=\"provideButton\"]"}
RESULT: {"using":"xpath","value":"//button[@data-kt=\"provideButton\"]"}
COMMAND: POST /session/1078df7af42110589ce6729fcfa5b6f8/elements - {"using":"xpath","value":"//button[@data-kt=\"provideButton\"]"}
RESULT: {"using":"xpath","value":"//button[@data-kt=\"provideButton\"]"}
COMMAND: POST /session/1078df7af42110589ce6729fcfa5b6f8/elements - {"using":"xpath","value":"//button[@data-kt=\"provideButton\"]"}
RESULT: {"using":"xpath","value":"//button[@data-kt=\"provideButton\"]"}
COMMAND: POST /session/1078df7af42110589ce6729fcfa5b6f8/elements - {"using":"xpath","value":"//button[@data-kt=\"provideButton\"]"}
RESULT: {"using":"xpath","value":"//button[@data-kt=\"provideButton\"]"}
COMMAND: POST /session/1078df7af42110589ce6729fcfa5b6f8/elements - {"using":"xpath","value":"//button[@data-kt=\"provideButton\"]"}
RESULT: {"using":"xpath","value":"//button[@data-kt=\"provideButton\"]"}
COMMAND: POST /session/1078df7af42110589ce6729fcfa5b6f8/elements - {"using":"xpath","value":"//button[@data-kt=\"provideButton\"]"}
RESULT: {"using":"xpath","value":"//button[@data-kt=\"provideButton\"]"}
COMMAND: POST /session/1078df7af42110589ce6729fcfa5b6f8/elements - {"using":"xpath","value":"//button[@data-kt=\"provideButton\"]"}
RESULT: {"using":"xpath","value":"//button[@data-kt=\"provideButton\"]"}
COMMAND: POST /session/1078df7af42110589ce6729fcfa5b6f8/elements - {"using":"xpath","value":"//button[@data-kt=\"provideButton\"]"}
RESULT: {"using":"xpath","value":"//button[@data-kt=\"provideButton\"]"}
COMMAND: POST /session/1078df7af42110589ce6729fcfa5b6f8/elements - {"using":"xpath","value":"//button[@data-kt=\"provideButton\"]"}
RESULT: {"using":"xpath","value":"//button[@data-kt=\"provideButton\"]"}
COMMAND: POST /session/1078df7af42110589ce6729fcfa5b6f8/elements - {"using":"xpath","value":"//button[@data-kt=\"provideButton\"]"}
RESULT: {"using":"xpath","value":"//button[@data-kt=\"provideButton\"]"}
COMMAND: POST /session/1078df7af42110589ce6729fcfa5b6f8/elements - {"using":"xpath","value":"//button[@data-kt=\"provideButton\"]"}
RESULT: {"using":"xpath","value":"//button[@data-kt=\"provideButton\"]"}
COMMAND: POST /session/1078df7af42110589ce6729fcfa5b6f8/elements - {"using":"xpath","value":"//button[@data-kt=\"provideButton\"]"}
RESULT: {"using":"xpath","value":"//button[@data-kt=\"provideButton\"]"}
COMMAND: POST /session/1078df7af42110589ce6729fcfa5b6f8/elements - {"using":"xpath","value":"//button[@data-kt=\"provideButton\"]"}
RESULT: {"using":"xpath","value":"//button[@data-kt=\"provideButton\"]"}
COMMAND: POST /session/1078df7af42110589ce6729fcfa5b6f8/elements - {"using":"xpath","value":"//button[@data-kt=\"provideButton\"]"}
RESULT: {"using":"xpath","value":"//button[@data-kt=\"provideButton\"]"}
COMMAND: POST /session/1078df7af42110589ce6729fcfa5b6f8/elements - {"using":"xpath","value":"//button[@data-kt=\"provideButton\"]"}
RESULT: {"using":"xpath","value":"//button[@data-kt=\"provideButton\"]"}
COMMAND: POST /session/1078df7af42110589ce6729fcfa5b6f8/elements - {"using":"xpath","value":"//button[@data-kt=\"provideButton\"]"}
RESULT: {"using":"xpath","value":"//button[@data-kt=\"provideButton\"]"}
COMMAND: POST /session/1078df7af42110589ce6729fcfa5b6f8/elements - {"using":"xpath","value":"//button[@data-kt=\"provideButton\"]"}
RESULT: {"using":"xpath","value":"//button[@data-kt=\"provideButton\"]"}
COMMAND: POST /session/1078df7af42110589ce6729fcfa5b6f8/elements - {"using":"xpath","value":"//button[@data-kt=\"provideButton\"]"}
RESULT: {"using":"xpath","value":"//button[@data-kt=\"provideButton\"]"}
COMMAND: POST /session/1078df7af42110589ce6729fcfa5b6f8/elements - {"using":"xpath","value":"//button[@data-kt=\"provideButton\"]"}
RESULT: {"using":"xpath","value":"//button[@data-kt=\"provideButton\"]"}
COMMAND: POST /session/1078df7af42110589ce6729fcfa5b6f8/elements - {"using":"xpath","value":"//button[@data-kt=\"provideButton\"]"}
RESULT: {"using":"xpath","value":"//button[@data-kt=\"provideButton\"]"}
COMMAND: POST /session/1078df7af42110589ce6729fcfa5b6f8/elements - {"using":"xpath","value":"//button[@data-kt=\"provideButton\"]"}
RESULT: {"using":"xpath","value":"//button[@data-kt=\"provideButton\"]"}
COMMAND: POST /session/1078df7af42110589ce6729fcfa5b6f8/elements - {"using":"xpath","value":"//button[@data-kt=\"provideButton\"]"}
RESULT: {"using":"xpath","value":"//button[@data-kt=\"provideButton\"]"}
COMMAND: POST /session/1078df7af42110589ce6729fcfa5b6f8/elements - {"using":"xpath","value":"//button[@data-kt=\"provideButton\"]"}
RESULT: {"using":"xpath","value":"//button[@data-kt=\"provideButton\"]"}
COMMAND: POST /session/1078df7af42110589ce6729fcfa5b6f8/elements - {"using":"xpath","value":"//button[@data-kt=\"provideButton\"]"}
RESULT: {"using":"xpath","value":"//button[@data-kt=\"provideButton\"]"}
COMMAND: POST /session/1078df7af42110589ce6729fcfa5b6f8/elements - {"using":"xpath","value":"//button[@data-kt=\"provideButton\"]"}
RESULT: {"using":"xpath","value":"//button[@data-kt=\"provideButton\"]"}
COMMAND: POST /session/1078df7af42110589ce6729fcfa5b6f8/elements - {"using":"xpath","value":"//button[@data-kt=\"provideButton\"]"}
RESULT: {"using":"xpath","value":"//button[@data-kt=\"provideButton\"]"}
COMMAND: POST /session/1078df7af42110589ce6729fcfa5b6f8/elements - {"using":"xpath","value":"//button[@data-kt=\"provideButton\"]"}
RESULT: {"using":"xpath","value":"//button[@data-kt=\"provideButton\"]"}
COMMAND: POST /session/1078df7af42110589ce6729fcfa5b6f8/elements - {"using":"xpath","value":"//button[@data-kt=\"provideButton\"]"}
RESULT: {"using":"xpath","value":"//button[@data-kt=\"provideButton\"]"}
COMMAND: POST /session/1078df7af42110589ce6729fcfa5b6f8/elements - {"using":"xpath","value":"//button[@data-kt=\"provideButton\"]"}
RESULT: {"using":"xpath","value":"//button[@data-kt=\"provideButton\"]"}
COMMAND: POST /session/1078df7af42110589ce6729fcfa5b6f8/elements - {"using":"xpath","value":"//button[@data-kt=\"provideButton\"]"}
RESULT: {"using":"xpath","value":"//button[@data-kt=\"provideButton\"]"}
COMMAND: POST /session/1078df7af42110589ce6729fcfa5b6f8/elements - {"using":"xpath","value":"//button[@data-kt=\"provideButton\"]"}
RESULT: {"using":"xpath","value":"//button[@data-kt=\"provideButton\"]"}
COMMAND: POST /session/1078df7af42110589ce6729fcfa5b6f8/elements - {"using":"xpath","value":"//button[@data-kt=\"provideButton\"]"}
RESULT: {"using":"xpath","value":"//button[@data-kt=\"provideButton\"]"}
COMMAND: POST /session/1078df7af42110589ce6729fcfa5b6f8/elements - {"using":"xpath","value":"//button[@data-kt=\"provideButton\"]"}
RESULT: {"using":"xpath","value":"//button[@data-kt=\"provideButton\"]"}
COMMAND: POST /session/1078df7af42110589ce6729fcfa5b6f8/elements - {"using":"xpath","value":"//button[@data-kt=\"provideButton\"]"}
RESULT: {"using":"xpath","value":"//button[@data-kt=\"provideButton\"]"}
COMMAND: POST /session/1078df7af42110589ce6729fcfa5b6f8/elements - {"using":"xpath","value":"//button[@data-kt=\"provideButton\"]"}
RESULT: {"using":"xpath","value":"//button[@data-kt=\"provideButton\"]"}
COMMAND: POST /session/1078df7af42110589ce6729fcfa5b6f8/elements - {"using":"xpath","value":"//button[@data-kt=\"provideButton\"]"}
RESULT: {"using":"xpath","value":"//button[@data-kt=\"provideButton\"]"}
COMMAND: POST /session/1078df7af42110589ce6729fcfa5b6f8/elements - {"using":"xpath","value":"//button[@data-kt=\"provideButton\"]"}
RESULT: {"using":"xpath","value":"//button[@data-kt=\"provideButton\"]"}
COMMAND: POST /session/1078df7af42110589ce6729fcfa5b6f8/elements - {"using":"xpath","value":"//button[@data-kt=\"provideButton\"]"}
RESULT: {"using":"xpath","value":"//button[@data-kt=\"provideButton\"]"}
COMMAND: POST /session/1078df7af42110589ce6729fcfa5b6f8/elements - {"using":"xpath","value":"//button[@data-kt=\"provideButton\"]"}
RESULT: {"using":"xpath","value":"//button[@data-kt=\"provideButton\"]"}
COMMAND: POST /session/1078df7af42110589ce6729fcfa5b6f8/elements - {"using":"xpath","value":"//button[@data-kt=\"provideButton\"]"}
RESULT: {"using":"xpath","value":"//button[@data-kt=\"provideButton\"]"}
COMMAND: POST /session/1078df7af42110589ce6729fcfa5b6f8/elements - {"using":"xpath","value":"//button[@data-kt=\"provideButton\"]"}
RESULT: {"using":"xpath","value":"//button[@data-kt=\"provideButton\"]"}
COMMAND: POST /session/1078df7af42110589ce6729fcfa5b6f8/elements - {"using":"xpath","value":"//button[@data-kt=\"provideButton\"]"}
RESULT: {"using":"xpath","value":"//button[@data-kt=\"provideButton\"]"}
COMMAND: POST /session/1078df7af42110589ce6729fcfa5b6f8/elements - {"using":"xpath","value":"//button[@data-kt=\"provideButton\"]"}
RESULT: {"using":"xpath","value":"//button[@data-kt=\"provideButton\"]"}
COMMAND: POST /session/1078df7af42110589ce6729fcfa5b6f8/elements - {"using":"xpath","value":"//button[@data-kt=\"provideButton\"]"}
RESULT: {"using":"xpath","value":"//button[@data-kt=\"provideButton\"]"}
COMMAND: POST /session/1078df7af42110589ce6729fcfa5b6f8/elements - {"using":"xpath","value":"//button[@data-kt=\"provideButton\"]"}
RESULT: {"using":"xpath","value":"//button[@data-kt=\"provideButton\"]"}
COMMAND: POST /session/1078df7af42110589ce6729fcfa5b6f8/elements - {"using":"xpath","value":"//button[@data-kt=\"provideButton\"]"}
RESULT: {"using":"xpath","value":"//button[@data-kt=\"provideButton\"]"}
COMMAND: POST /session/1078df7af42110589ce6729fcfa5b6f8/elements - {"using":"xpath","value":"//button[@data-kt=\"provideButton\"]"}
RESULT: {"using":"xpath","value":"//button[@data-kt=\"provideButton\"]"}
COMMAND: POST /session/1078df7af42110589ce6729fcfa5b6f8/elements - {"using":"xpath","value":"//button[@data-kt=\"provideButton\"]"}
RESULT: {"using":"xpath","value":"//button[@data-kt=\"provideButton\"]"}
COMMAND: POST /session/1078df7af42110589ce6729fcfa5b6f8/elements - {"using":"xpath","value":"//button[@data-kt=\"provideButton\"]"}
RESULT: {"using":"xpath","value":"//button[@data-kt=\"provideButton\"]"}
COMMAND: POST /session/1078df7af42110589ce6729fcfa5b6f8/elements - {"using":"xpath","value":"//button[@data-kt=\"provideButton\"]"}
RESULT: {"using":"xpath","value":"//button[@data-kt=\"provideButton\"]"}
COMMAND: POST /session/1078df7af42110589ce6729fcfa5b6f8/elements - {"using":"xpath","value":"//button[@data-kt=\"provideButton\"]"}
RESULT: {"using":"xpath","value":"//button[@data-kt=\"provideButton\"]"}
COMMAND: POST /session/1078df7af42110589ce6729fcfa5b6f8/elements - {"using":"xpath","value":"//button[@data-kt=\"provideButton\"]"}
RESULT: {"using":"xpath","value":"//button[@data-kt=\"provideButton\"]"}
COMMAND: POST /session/1078df7af42110589ce6729fcfa5b6f8/elements - {"using":"xpath","value":"//button[@data-kt=\"provideButton\"]"}
RESULT: {"using":"xpath","value":"//button[@data-kt=\"provideButton\"]"}
COMMAND: POST /session/1078df7af42110589ce6729fcfa5b6f8/elements - {"using":"xpath","value":"//button[@data-kt=\"provideButton\"]"}
RESULT: {"using":"xpath","value":"//button[@data-kt=\"provideButton\"]"}
COMMAND: POST /session/1078df7af42110589ce6729fcfa5b6f8/elements - {"using":"xpath","value":"//button[@data-kt=\"provideButton\"]"}
RESULT: {"using":"xpath","value":"//button[@data-kt=\"provideButton\"]"}
COMMAND: POST /session/1078df7af42110589ce6729fcfa5b6f8/elements - {"using":"xpath","value":"//button[@data-kt=\"provideButton\"]"}
RESULT: {"using":"xpath","value":"//button[@data-kt=\"provideButton\"]"}
COMMAND: POST /session/1078df7af42110589ce6729fcfa5b6f8/elements - {"using":"xpath","value":"//button[@data-kt=\"provideButton\"]"}
RESULT: {"using":"xpath","value":"//button[@data-kt=\"provideButton\"]"}
COMMAND: GET /session/1078df7af42110589ce6729fcfa5b6f8/screenshot - {}
RESULT: {}
]]></system-out>
      <system-err><![CDATA[
Error: Can't call click on element with selector "//button[@data-kt="provideButton"]" because element wasn't found
    at async UtilsPrerequisites.provideToSiteHandoverFromContractDetails (D:\a\1\s\test\specs\BTS\prerequisites-and-utils-functions.js:1949:9)
    at async Context.<anonymous> (D:\a\1\s\test\specs\BTS\billing-transfer.spec.js:71:9)
]]></system-err>
    </testcase>
    <testcase classname="chrome.136_0_7103_93.windows.Billing_transfer_US117289" name="Should navigate to Manage Billings and trigger contract calculation business confirm it" time="79.713">
      <failure/>
      <error message="Can't call click on element with selector &quot;//td[@aria-colindex=&quot;1&quot;]/div/div[contains(@class, &quot;sapMCbBg&quot;)]&quot; because element wasn't found"/>
      <system-out><![CDATA[
COMMAND: GET /session/1078df7af42110589ce6729fcfa5b6f8/screenshot - {}
COMMAND: POST /session/1078df7af42110589ce6729fcfa5b6f8/execute/async - {"script":"<script> [1562 bytes]","args":[{"selector":{"controlType":"sap.m.GenericTile","properties":{"header":"Manage Billings"}},"wdio_ui5_key":"sapm.GenericTile{\"header\":\"Manage Billings\"}"}]}
RESULT: {"script":"<script> [1562 bytes]","args":[{"selector":{"controlType":"sap.m.GenericTile","properties":{"header":"Manage Billings"}},"wdio_ui5_key":"sapm.GenericTile{\"header\":\"Manage Billings\"}"}]}
RESULT: undefined
RESULT: {}
COMMAND: POST /session/1078df7af42110589ce6729fcfa5b6f8/elements - {"using":"xpath","value":"//span[text()='Error']"}
RESULT: {"using":"xpath","value":"//span[text()='Error']"}
COMMAND: POST /session/1078df7af42110589ce6729fcfa5b6f8/execute/async - {"script":"<script> [1562 bytes]","args":[{"selector":{"id":"application-managebillings-display-component---billRunCalcResult--smartFilterBar-btnBasicSearch","interaction":{"idSuffix":"I"}},"wdio_ui5_key":"applicationmanagebillings-display-component---billRunCalcResult--smartFilterBar-btnBasicSearch"}]}
RESULT: {"script":"<script> [1562 bytes]","args":[{"selector":{"id":"application-managebillings-display-component---billRunCalcResult--smartFilterBar-btnBasicSearch","interaction":{"idSuffix":"I"}},"wdio_ui5_key":"applicationmanagebillings-display-component---billRunCalcResult--smartFilterBar-btnBasicSearch"}]}
RESULT: undefined
COMMAND: POST /session/1078df7af42110589ce6729fcfa5b6f8/actions - {"actions":[{"id":"action44","type":"key","parameters":{},"actions":[{"type":"keyDown","value":""},{"type":"pause","duration":10},{"type":"keyUp","value":""}]}]}
RESULT: {"actions":[{"id":"action44","type":"key","parameters":{},"actions":[{"type":"keyDown","value":""},{"type":"pause","duration":10},{"type":"keyUp","value":""}]}]}
COMMAND: GET /session/1078df7af42110589ce6729fcfa5b6f8/screenshot - {}
RESULT: {}
COMMAND: POST /session/1078df7af42110589ce6729fcfa5b6f8/element - {"using":"xpath","value":"//td[@aria-colindex=\"1\"]/div/div[contains(@class, \"sapMCbBg\")]"}
RESULT: {"using":"xpath","value":"//td[@aria-colindex=\"1\"]/div/div[contains(@class, \"sapMCbBg\")]"}
COMMAND: POST /session/1078df7af42110589ce6729fcfa5b6f8/elements - {"using":"xpath","value":"//td[@aria-colindex=\"1\"]/div/div[contains(@class, \"sapMCbBg\")]"}
RESULT: {"using":"xpath","value":"//td[@aria-colindex=\"1\"]/div/div[contains(@class, \"sapMCbBg\")]"}
COMMAND: POST /session/1078df7af42110589ce6729fcfa5b6f8/elements - {"using":"xpath","value":"//td[@aria-colindex=\"1\"]/div/div[contains(@class, \"sapMCbBg\")]"}
RESULT: {"using":"xpath","value":"//td[@aria-colindex=\"1\"]/div/div[contains(@class, \"sapMCbBg\")]"}
COMMAND: POST /session/1078df7af42110589ce6729fcfa5b6f8/elements - {"using":"xpath","value":"//td[@aria-colindex=\"1\"]/div/div[contains(@class, \"sapMCbBg\")]"}
RESULT: {"using":"xpath","value":"//td[@aria-colindex=\"1\"]/div/div[contains(@class, \"sapMCbBg\")]"}
COMMAND: POST /session/1078df7af42110589ce6729fcfa5b6f8/elements - {"using":"xpath","value":"//td[@aria-colindex=\"1\"]/div/div[contains(@class, \"sapMCbBg\")]"}
RESULT: {"using":"xpath","value":"//td[@aria-colindex=\"1\"]/div/div[contains(@class, \"sapMCbBg\")]"}
COMMAND: POST /session/1078df7af42110589ce6729fcfa5b6f8/elements - {"using":"xpath","value":"//td[@aria-colindex=\"1\"]/div/div[contains(@class, \"sapMCbBg\")]"}
RESULT: {"using":"xpath","value":"//td[@aria-colindex=\"1\"]/div/div[contains(@class, \"sapMCbBg\")]"}
COMMAND: POST /session/1078df7af42110589ce6729fcfa5b6f8/elements - {"using":"xpath","value":"//td[@aria-colindex=\"1\"]/div/div[contains(@class, \"sapMCbBg\")]"}
RESULT: {"using":"xpath","value":"//td[@aria-colindex=\"1\"]/div/div[contains(@class, \"sapMCbBg\")]"}
COMMAND: POST /session/1078df7af42110589ce6729fcfa5b6f8/elements - {"using":"xpath","value":"//td[@aria-colindex=\"1\"]/div/div[contains(@class, \"sapMCbBg\")]"}
RESULT: {"using":"xpath","value":"//td[@aria-colindex=\"1\"]/div/div[contains(@class, \"sapMCbBg\")]"}
COMMAND: POST /session/1078df7af42110589ce6729fcfa5b6f8/elements - {"using":"xpath","value":"//td[@aria-colindex=\"1\"]/div/div[contains(@class, \"sapMCbBg\")]"}
RESULT: {"using":"xpath","value":"//td[@aria-colindex=\"1\"]/div/div[contains(@class, \"sapMCbBg\")]"}
COMMAND: POST /session/1078df7af42110589ce6729fcfa5b6f8/elements - {"using":"xpath","value":"//td[@aria-colindex=\"1\"]/div/div[contains(@class, \"sapMCbBg\")]"}
RESULT: {"using":"xpath","value":"//td[@aria-colindex=\"1\"]/div/div[contains(@class, \"sapMCbBg\")]"}
COMMAND: POST /session/1078df7af42110589ce6729fcfa5b6f8/elements - {"using":"xpath","value":"//td[@aria-colindex=\"1\"]/div/div[contains(@class, \"sapMCbBg\")]"}
RESULT: {"using":"xpath","value":"//td[@aria-colindex=\"1\"]/div/div[contains(@class, \"sapMCbBg\")]"}
COMMAND: POST /session/1078df7af42110589ce6729fcfa5b6f8/elements - {"using":"xpath","value":"//td[@aria-colindex=\"1\"]/div/div[contains(@class, \"sapMCbBg\")]"}
RESULT: {"using":"xpath","value":"//td[@aria-colindex=\"1\"]/div/div[contains(@class, \"sapMCbBg\")]"}
COMMAND: POST /session/1078df7af42110589ce6729fcfa5b6f8/elements - {"using":"xpath","value":"//td[@aria-colindex=\"1\"]/div/div[contains(@class, \"sapMCbBg\")]"}
RESULT: {"using":"xpath","value":"//td[@aria-colindex=\"1\"]/div/div[contains(@class, \"sapMCbBg\")]"}
COMMAND: POST /session/1078df7af42110589ce6729fcfa5b6f8/elements - {"using":"xpath","value":"//td[@aria-colindex=\"1\"]/div/div[contains(@class, \"sapMCbBg\")]"}
RESULT: {"using":"xpath","value":"//td[@aria-colindex=\"1\"]/div/div[contains(@class, \"sapMCbBg\")]"}
COMMAND: POST /session/1078df7af42110589ce6729fcfa5b6f8/elements - {"using":"xpath","value":"//td[@aria-colindex=\"1\"]/div/div[contains(@class, \"sapMCbBg\")]"}
RESULT: {"using":"xpath","value":"//td[@aria-colindex=\"1\"]/div/div[contains(@class, \"sapMCbBg\")]"}
COMMAND: POST /session/1078df7af42110589ce6729fcfa5b6f8/elements - {"using":"xpath","value":"//td[@aria-colindex=\"1\"]/div/div[contains(@class, \"sapMCbBg\")]"}
RESULT: {"using":"xpath","value":"//td[@aria-colindex=\"1\"]/div/div[contains(@class, \"sapMCbBg\")]"}
COMMAND: POST /session/1078df7af42110589ce6729fcfa5b6f8/elements - {"using":"xpath","value":"//td[@aria-colindex=\"1\"]/div/div[contains(@class, \"sapMCbBg\")]"}
RESULT: {"using":"xpath","value":"//td[@aria-colindex=\"1\"]/div/div[contains(@class, \"sapMCbBg\")]"}
COMMAND: POST /session/1078df7af42110589ce6729fcfa5b6f8/elements - {"using":"xpath","value":"//td[@aria-colindex=\"1\"]/div/div[contains(@class, \"sapMCbBg\")]"}
RESULT: {"using":"xpath","value":"//td[@aria-colindex=\"1\"]/div/div[contains(@class, \"sapMCbBg\")]"}
COMMAND: POST /session/1078df7af42110589ce6729fcfa5b6f8/elements - {"using":"xpath","value":"//td[@aria-colindex=\"1\"]/div/div[contains(@class, \"sapMCbBg\")]"}
RESULT: {"using":"xpath","value":"//td[@aria-colindex=\"1\"]/div/div[contains(@class, \"sapMCbBg\")]"}
COMMAND: POST /session/1078df7af42110589ce6729fcfa5b6f8/elements - {"using":"xpath","value":"//td[@aria-colindex=\"1\"]/div/div[contains(@class, \"sapMCbBg\")]"}
RESULT: {"using":"xpath","value":"//td[@aria-colindex=\"1\"]/div/div[contains(@class, \"sapMCbBg\")]"}
COMMAND: POST /session/1078df7af42110589ce6729fcfa5b6f8/elements - {"using":"xpath","value":"//td[@aria-colindex=\"1\"]/div/div[contains(@class, \"sapMCbBg\")]"}
RESULT: {"using":"xpath","value":"//td[@aria-colindex=\"1\"]/div/div[contains(@class, \"sapMCbBg\")]"}
COMMAND: POST /session/1078df7af42110589ce6729fcfa5b6f8/elements - {"using":"xpath","value":"//td[@aria-colindex=\"1\"]/div/div[contains(@class, \"sapMCbBg\")]"}
RESULT: {"using":"xpath","value":"//td[@aria-colindex=\"1\"]/div/div[contains(@class, \"sapMCbBg\")]"}
COMMAND: POST /session/1078df7af42110589ce6729fcfa5b6f8/elements - {"using":"xpath","value":"//td[@aria-colindex=\"1\"]/div/div[contains(@class, \"sapMCbBg\")]"}
RESULT: {"using":"xpath","value":"//td[@aria-colindex=\"1\"]/div/div[contains(@class, \"sapMCbBg\")]"}
COMMAND: POST /session/1078df7af42110589ce6729fcfa5b6f8/elements - {"using":"xpath","value":"//td[@aria-colindex=\"1\"]/div/div[contains(@class, \"sapMCbBg\")]"}
RESULT: {"using":"xpath","value":"//td[@aria-colindex=\"1\"]/div/div[contains(@class, \"sapMCbBg\")]"}
COMMAND: POST /session/1078df7af42110589ce6729fcfa5b6f8/elements - {"using":"xpath","value":"//td[@aria-colindex=\"1\"]/div/div[contains(@class, \"sapMCbBg\")]"}
RESULT: {"using":"xpath","value":"//td[@aria-colindex=\"1\"]/div/div[contains(@class, \"sapMCbBg\")]"}
COMMAND: POST /session/1078df7af42110589ce6729fcfa5b6f8/elements - {"using":"xpath","value":"//td[@aria-colindex=\"1\"]/div/div[contains(@class, \"sapMCbBg\")]"}
RESULT: {"using":"xpath","value":"//td[@aria-colindex=\"1\"]/div/div[contains(@class, \"sapMCbBg\")]"}
COMMAND: POST /session/1078df7af42110589ce6729fcfa5b6f8/elements - {"using":"xpath","value":"//td[@aria-colindex=\"1\"]/div/div[contains(@class, \"sapMCbBg\")]"}
RESULT: {"using":"xpath","value":"//td[@aria-colindex=\"1\"]/div/div[contains(@class, \"sapMCbBg\")]"}
COMMAND: POST /session/1078df7af42110589ce6729fcfa5b6f8/elements - {"using":"xpath","value":"//td[@aria-colindex=\"1\"]/div/div[contains(@class, \"sapMCbBg\")]"}
RESULT: {"using":"xpath","value":"//td[@aria-colindex=\"1\"]/div/div[contains(@class, \"sapMCbBg\")]"}
COMMAND: POST /session/1078df7af42110589ce6729fcfa5b6f8/elements - {"using":"xpath","value":"//td[@aria-colindex=\"1\"]/div/div[contains(@class, \"sapMCbBg\")]"}
RESULT: {"using":"xpath","value":"//td[@aria-colindex=\"1\"]/div/div[contains(@class, \"sapMCbBg\")]"}
COMMAND: POST /session/1078df7af42110589ce6729fcfa5b6f8/elements - {"using":"xpath","value":"//td[@aria-colindex=\"1\"]/div/div[contains(@class, \"sapMCbBg\")]"}
RESULT: {"using":"xpath","value":"//td[@aria-colindex=\"1\"]/div/div[contains(@class, \"sapMCbBg\")]"}
COMMAND: POST /session/1078df7af42110589ce6729fcfa5b6f8/elements - {"using":"xpath","value":"//td[@aria-colindex=\"1\"]/div/div[contains(@class, \"sapMCbBg\")]"}
RESULT: {"using":"xpath","value":"//td[@aria-colindex=\"1\"]/div/div[contains(@class, \"sapMCbBg\")]"}
COMMAND: POST /session/1078df7af42110589ce6729fcfa5b6f8/elements - {"using":"xpath","value":"//td[@aria-colindex=\"1\"]/div/div[contains(@class, \"sapMCbBg\")]"}
RESULT: {"using":"xpath","value":"//td[@aria-colindex=\"1\"]/div/div[contains(@class, \"sapMCbBg\")]"}
COMMAND: POST /session/1078df7af42110589ce6729fcfa5b6f8/elements - {"using":"xpath","value":"//td[@aria-colindex=\"1\"]/div/div[contains(@class, \"sapMCbBg\")]"}
RESULT: {"using":"xpath","value":"//td[@aria-colindex=\"1\"]/div/div[contains(@class, \"sapMCbBg\")]"}
COMMAND: POST /session/1078df7af42110589ce6729fcfa5b6f8/elements - {"using":"xpath","value":"//td[@aria-colindex=\"1\"]/div/div[contains(@class, \"sapMCbBg\")]"}
RESULT: {"using":"xpath","value":"//td[@aria-colindex=\"1\"]/div/div[contains(@class, \"sapMCbBg\")]"}
COMMAND: POST /session/1078df7af42110589ce6729fcfa5b6f8/elements - {"using":"xpath","value":"//td[@aria-colindex=\"1\"]/div/div[contains(@class, \"sapMCbBg\")]"}
RESULT: {"using":"xpath","value":"//td[@aria-colindex=\"1\"]/div/div[contains(@class, \"sapMCbBg\")]"}
COMMAND: POST /session/1078df7af42110589ce6729fcfa5b6f8/elements - {"using":"xpath","value":"//td[@aria-colindex=\"1\"]/div/div[contains(@class, \"sapMCbBg\")]"}
RESULT: {"using":"xpath","value":"//td[@aria-colindex=\"1\"]/div/div[contains(@class, \"sapMCbBg\")]"}
COMMAND: POST /session/1078df7af42110589ce6729fcfa5b6f8/elements - {"using":"xpath","value":"//td[@aria-colindex=\"1\"]/div/div[contains(@class, \"sapMCbBg\")]"}
RESULT: {"using":"xpath","value":"//td[@aria-colindex=\"1\"]/div/div[contains(@class, \"sapMCbBg\")]"}
COMMAND: POST /session/1078df7af42110589ce6729fcfa5b6f8/elements - {"using":"xpath","value":"//td[@aria-colindex=\"1\"]/div/div[contains(@class, \"sapMCbBg\")]"}
RESULT: {"using":"xpath","value":"//td[@aria-colindex=\"1\"]/div/div[contains(@class, \"sapMCbBg\")]"}
COMMAND: POST /session/1078df7af42110589ce6729fcfa5b6f8/elements - {"using":"xpath","value":"//td[@aria-colindex=\"1\"]/div/div[contains(@class, \"sapMCbBg\")]"}
RESULT: {"using":"xpath","value":"//td[@aria-colindex=\"1\"]/div/div[contains(@class, \"sapMCbBg\")]"}
COMMAND: POST /session/1078df7af42110589ce6729fcfa5b6f8/elements - {"using":"xpath","value":"//td[@aria-colindex=\"1\"]/div/div[contains(@class, \"sapMCbBg\")]"}
RESULT: {"using":"xpath","value":"//td[@aria-colindex=\"1\"]/div/div[contains(@class, \"sapMCbBg\")]"}
COMMAND: POST /session/1078df7af42110589ce6729fcfa5b6f8/elements - {"using":"xpath","value":"//td[@aria-colindex=\"1\"]/div/div[contains(@class, \"sapMCbBg\")]"}
RESULT: {"using":"xpath","value":"//td[@aria-colindex=\"1\"]/div/div[contains(@class, \"sapMCbBg\")]"}
COMMAND: POST /session/1078df7af42110589ce6729fcfa5b6f8/elements - {"using":"xpath","value":"//td[@aria-colindex=\"1\"]/div/div[contains(@class, \"sapMCbBg\")]"}
RESULT: {"using":"xpath","value":"//td[@aria-colindex=\"1\"]/div/div[contains(@class, \"sapMCbBg\")]"}
COMMAND: POST /session/1078df7af42110589ce6729fcfa5b6f8/elements - {"using":"xpath","value":"//td[@aria-colindex=\"1\"]/div/div[contains(@class, \"sapMCbBg\")]"}
RESULT: {"using":"xpath","value":"//td[@aria-colindex=\"1\"]/div/div[contains(@class, \"sapMCbBg\")]"}
COMMAND: POST /session/1078df7af42110589ce6729fcfa5b6f8/elements - {"using":"xpath","value":"//td[@aria-colindex=\"1\"]/div/div[contains(@class, \"sapMCbBg\")]"}
RESULT: {"using":"xpath","value":"//td[@aria-colindex=\"1\"]/div/div[contains(@class, \"sapMCbBg\")]"}
COMMAND: POST /session/1078df7af42110589ce6729fcfa5b6f8/elements - {"using":"xpath","value":"//td[@aria-colindex=\"1\"]/div/div[contains(@class, \"sapMCbBg\")]"}
RESULT: {"using":"xpath","value":"//td[@aria-colindex=\"1\"]/div/div[contains(@class, \"sapMCbBg\")]"}
COMMAND: POST /session/1078df7af42110589ce6729fcfa5b6f8/elements - {"using":"xpath","value":"//td[@aria-colindex=\"1\"]/div/div[contains(@class, \"sapMCbBg\")]"}
RESULT: {"using":"xpath","value":"//td[@aria-colindex=\"1\"]/div/div[contains(@class, \"sapMCbBg\")]"}
COMMAND: POST /session/1078df7af42110589ce6729fcfa5b6f8/elements - {"using":"xpath","value":"//td[@aria-colindex=\"1\"]/div/div[contains(@class, \"sapMCbBg\")]"}
RESULT: {"using":"xpath","value":"//td[@aria-colindex=\"1\"]/div/div[contains(@class, \"sapMCbBg\")]"}
COMMAND: POST /session/1078df7af42110589ce6729fcfa5b6f8/elements - {"using":"xpath","value":"//td[@aria-colindex=\"1\"]/div/div[contains(@class, \"sapMCbBg\")]"}
RESULT: {"using":"xpath","value":"//td[@aria-colindex=\"1\"]/div/div[contains(@class, \"sapMCbBg\")]"}
COMMAND: POST /session/1078df7af42110589ce6729fcfa5b6f8/elements - {"using":"xpath","value":"//td[@aria-colindex=\"1\"]/div/div[contains(@class, \"sapMCbBg\")]"}
RESULT: {"using":"xpath","value":"//td[@aria-colindex=\"1\"]/div/div[contains(@class, \"sapMCbBg\")]"}
COMMAND: POST /session/1078df7af42110589ce6729fcfa5b6f8/elements - {"using":"xpath","value":"//td[@aria-colindex=\"1\"]/div/div[contains(@class, \"sapMCbBg\")]"}
RESULT: {"using":"xpath","value":"//td[@aria-colindex=\"1\"]/div/div[contains(@class, \"sapMCbBg\")]"}
COMMAND: POST /session/1078df7af42110589ce6729fcfa5b6f8/elements - {"using":"xpath","value":"//td[@aria-colindex=\"1\"]/div/div[contains(@class, \"sapMCbBg\")]"}
RESULT: {"using":"xpath","value":"//td[@aria-colindex=\"1\"]/div/div[contains(@class, \"sapMCbBg\")]"}
COMMAND: POST /session/1078df7af42110589ce6729fcfa5b6f8/elements - {"using":"xpath","value":"//td[@aria-colindex=\"1\"]/div/div[contains(@class, \"sapMCbBg\")]"}
RESULT: {"using":"xpath","value":"//td[@aria-colindex=\"1\"]/div/div[contains(@class, \"sapMCbBg\")]"}
COMMAND: POST /session/1078df7af42110589ce6729fcfa5b6f8/elements - {"using":"xpath","value":"//td[@aria-colindex=\"1\"]/div/div[contains(@class, \"sapMCbBg\")]"}
RESULT: {"using":"xpath","value":"//td[@aria-colindex=\"1\"]/div/div[contains(@class, \"sapMCbBg\")]"}
COMMAND: POST /session/1078df7af42110589ce6729fcfa5b6f8/elements - {"using":"xpath","value":"//td[@aria-colindex=\"1\"]/div/div[contains(@class, \"sapMCbBg\")]"}
RESULT: {"using":"xpath","value":"//td[@aria-colindex=\"1\"]/div/div[contains(@class, \"sapMCbBg\")]"}
COMMAND: POST /session/1078df7af42110589ce6729fcfa5b6f8/elements - {"using":"xpath","value":"//td[@aria-colindex=\"1\"]/div/div[contains(@class, \"sapMCbBg\")]"}
RESULT: {"using":"xpath","value":"//td[@aria-colindex=\"1\"]/div/div[contains(@class, \"sapMCbBg\")]"}
COMMAND: POST /session/1078df7af42110589ce6729fcfa5b6f8/elements - {"using":"xpath","value":"//td[@aria-colindex=\"1\"]/div/div[contains(@class, \"sapMCbBg\")]"}
RESULT: {"using":"xpath","value":"//td[@aria-colindex=\"1\"]/div/div[contains(@class, \"sapMCbBg\")]"}
COMMAND: POST /session/1078df7af42110589ce6729fcfa5b6f8/elements - {"using":"xpath","value":"//td[@aria-colindex=\"1\"]/div/div[contains(@class, \"sapMCbBg\")]"}
RESULT: {"using":"xpath","value":"//td[@aria-colindex=\"1\"]/div/div[contains(@class, \"sapMCbBg\")]"}
COMMAND: POST /session/1078df7af42110589ce6729fcfa5b6f8/elements - {"using":"xpath","value":"//td[@aria-colindex=\"1\"]/div/div[contains(@class, \"sapMCbBg\")]"}
RESULT: {"using":"xpath","value":"//td[@aria-colindex=\"1\"]/div/div[contains(@class, \"sapMCbBg\")]"}
COMMAND: POST /session/1078df7af42110589ce6729fcfa5b6f8/elements - {"using":"xpath","value":"//td[@aria-colindex=\"1\"]/div/div[contains(@class, \"sapMCbBg\")]"}
RESULT: {"using":"xpath","value":"//td[@aria-colindex=\"1\"]/div/div[contains(@class, \"sapMCbBg\")]"}
COMMAND: POST /session/1078df7af42110589ce6729fcfa5b6f8/elements - {"using":"xpath","value":"//td[@aria-colindex=\"1\"]/div/div[contains(@class, \"sapMCbBg\")]"}
RESULT: {"using":"xpath","value":"//td[@aria-colindex=\"1\"]/div/div[contains(@class, \"sapMCbBg\")]"}
COMMAND: POST /session/1078df7af42110589ce6729fcfa5b6f8/elements - {"using":"xpath","value":"//td[@aria-colindex=\"1\"]/div/div[contains(@class, \"sapMCbBg\")]"}
RESULT: {"using":"xpath","value":"//td[@aria-colindex=\"1\"]/div/div[contains(@class, \"sapMCbBg\")]"}
COMMAND: POST /session/1078df7af42110589ce6729fcfa5b6f8/elements - {"using":"xpath","value":"//td[@aria-colindex=\"1\"]/div/div[contains(@class, \"sapMCbBg\")]"}
RESULT: {"using":"xpath","value":"//td[@aria-colindex=\"1\"]/div/div[contains(@class, \"sapMCbBg\")]"}
COMMAND: POST /session/1078df7af42110589ce6729fcfa5b6f8/elements - {"using":"xpath","value":"//td[@aria-colindex=\"1\"]/div/div[contains(@class, \"sapMCbBg\")]"}
RESULT: {"using":"xpath","value":"//td[@aria-colindex=\"1\"]/div/div[contains(@class, \"sapMCbBg\")]"}
COMMAND: POST /session/1078df7af42110589ce6729fcfa5b6f8/elements - {"using":"xpath","value":"//td[@aria-colindex=\"1\"]/div/div[contains(@class, \"sapMCbBg\")]"}
RESULT: {"using":"xpath","value":"//td[@aria-colindex=\"1\"]/div/div[contains(@class, \"sapMCbBg\")]"}
COMMAND: POST /session/1078df7af42110589ce6729fcfa5b6f8/elements - {"using":"xpath","value":"//td[@aria-colindex=\"1\"]/div/div[contains(@class, \"sapMCbBg\")]"}
RESULT: {"using":"xpath","value":"//td[@aria-colindex=\"1\"]/div/div[contains(@class, \"sapMCbBg\")]"}
COMMAND: POST /session/1078df7af42110589ce6729fcfa5b6f8/elements - {"using":"xpath","value":"//td[@aria-colindex=\"1\"]/div/div[contains(@class, \"sapMCbBg\")]"}
RESULT: {"using":"xpath","value":"//td[@aria-colindex=\"1\"]/div/div[contains(@class, \"sapMCbBg\")]"}
COMMAND: POST /session/1078df7af42110589ce6729fcfa5b6f8/elements - {"using":"xpath","value":"//td[@aria-colindex=\"1\"]/div/div[contains(@class, \"sapMCbBg\")]"}
RESULT: {"using":"xpath","value":"//td[@aria-colindex=\"1\"]/div/div[contains(@class, \"sapMCbBg\")]"}
COMMAND: POST /session/1078df7af42110589ce6729fcfa5b6f8/elements - {"using":"xpath","value":"//td[@aria-colindex=\"1\"]/div/div[contains(@class, \"sapMCbBg\")]"}
RESULT: {"using":"xpath","value":"//td[@aria-colindex=\"1\"]/div/div[contains(@class, \"sapMCbBg\")]"}
COMMAND: POST /session/1078df7af42110589ce6729fcfa5b6f8/elements - {"using":"xpath","value":"//td[@aria-colindex=\"1\"]/div/div[contains(@class, \"sapMCbBg\")]"}
RESULT: {"using":"xpath","value":"//td[@aria-colindex=\"1\"]/div/div[contains(@class, \"sapMCbBg\")]"}
COMMAND: POST /session/1078df7af42110589ce6729fcfa5b6f8/elements - {"using":"xpath","value":"//td[@aria-colindex=\"1\"]/div/div[contains(@class, \"sapMCbBg\")]"}
RESULT: {"using":"xpath","value":"//td[@aria-colindex=\"1\"]/div/div[contains(@class, \"sapMCbBg\")]"}
COMMAND: POST /session/1078df7af42110589ce6729fcfa5b6f8/elements - {"using":"xpath","value":"//td[@aria-colindex=\"1\"]/div/div[contains(@class, \"sapMCbBg\")]"}
RESULT: {"using":"xpath","value":"//td[@aria-colindex=\"1\"]/div/div[contains(@class, \"sapMCbBg\")]"}
COMMAND: POST /session/1078df7af42110589ce6729fcfa5b6f8/elements - {"using":"xpath","value":"//td[@aria-colindex=\"1\"]/div/div[contains(@class, \"sapMCbBg\")]"}
RESULT: {"using":"xpath","value":"//td[@aria-colindex=\"1\"]/div/div[contains(@class, \"sapMCbBg\")]"}
COMMAND: POST /session/1078df7af42110589ce6729fcfa5b6f8/elements - {"using":"xpath","value":"//td[@aria-colindex=\"1\"]/div/div[contains(@class, \"sapMCbBg\")]"}
RESULT: {"using":"xpath","value":"//td[@aria-colindex=\"1\"]/div/div[contains(@class, \"sapMCbBg\")]"}
COMMAND: POST /session/1078df7af42110589ce6729fcfa5b6f8/elements - {"using":"xpath","value":"//td[@aria-colindex=\"1\"]/div/div[contains(@class, \"sapMCbBg\")]"}
RESULT: {"using":"xpath","value":"//td[@aria-colindex=\"1\"]/div/div[contains(@class, \"sapMCbBg\")]"}
COMMAND: POST /session/1078df7af42110589ce6729fcfa5b6f8/elements - {"using":"xpath","value":"//td[@aria-colindex=\"1\"]/div/div[contains(@class, \"sapMCbBg\")]"}
RESULT: {"using":"xpath","value":"//td[@aria-colindex=\"1\"]/div/div[contains(@class, \"sapMCbBg\")]"}
COMMAND: POST /session/1078df7af42110589ce6729fcfa5b6f8/elements - {"using":"xpath","value":"//td[@aria-colindex=\"1\"]/div/div[contains(@class, \"sapMCbBg\")]"}
RESULT: {"using":"xpath","value":"//td[@aria-colindex=\"1\"]/div/div[contains(@class, \"sapMCbBg\")]"}
COMMAND: POST /session/1078df7af42110589ce6729fcfa5b6f8/elements - {"using":"xpath","value":"//td[@aria-colindex=\"1\"]/div/div[contains(@class, \"sapMCbBg\")]"}
RESULT: {"using":"xpath","value":"//td[@aria-colindex=\"1\"]/div/div[contains(@class, \"sapMCbBg\")]"}
COMMAND: POST /session/1078df7af42110589ce6729fcfa5b6f8/elements - {"using":"xpath","value":"//td[@aria-colindex=\"1\"]/div/div[contains(@class, \"sapMCbBg\")]"}
RESULT: {"using":"xpath","value":"//td[@aria-colindex=\"1\"]/div/div[contains(@class, \"sapMCbBg\")]"}
COMMAND: POST /session/1078df7af42110589ce6729fcfa5b6f8/elements - {"using":"xpath","value":"//td[@aria-colindex=\"1\"]/div/div[contains(@class, \"sapMCbBg\")]"}
RESULT: {"using":"xpath","value":"//td[@aria-colindex=\"1\"]/div/div[contains(@class, \"sapMCbBg\")]"}
COMMAND: POST /session/1078df7af42110589ce6729fcfa5b6f8/elements - {"using":"xpath","value":"//td[@aria-colindex=\"1\"]/div/div[contains(@class, \"sapMCbBg\")]"}
RESULT: {"using":"xpath","value":"//td[@aria-colindex=\"1\"]/div/div[contains(@class, \"sapMCbBg\")]"}
COMMAND: POST /session/1078df7af42110589ce6729fcfa5b6f8/elements - {"using":"xpath","value":"//td[@aria-colindex=\"1\"]/div/div[contains(@class, \"sapMCbBg\")]"}
RESULT: {"using":"xpath","value":"//td[@aria-colindex=\"1\"]/div/div[contains(@class, \"sapMCbBg\")]"}
COMMAND: POST /session/1078df7af42110589ce6729fcfa5b6f8/elements - {"using":"xpath","value":"//td[@aria-colindex=\"1\"]/div/div[contains(@class, \"sapMCbBg\")]"}
RESULT: {"using":"xpath","value":"//td[@aria-colindex=\"1\"]/div/div[contains(@class, \"sapMCbBg\")]"}
COMMAND: POST /session/1078df7af42110589ce6729fcfa5b6f8/elements - {"using":"xpath","value":"//td[@aria-colindex=\"1\"]/div/div[contains(@class, \"sapMCbBg\")]"}
RESULT: {"using":"xpath","value":"//td[@aria-colindex=\"1\"]/div/div[contains(@class, \"sapMCbBg\")]"}
COMMAND: POST /session/1078df7af42110589ce6729fcfa5b6f8/elements - {"using":"xpath","value":"//td[@aria-colindex=\"1\"]/div/div[contains(@class, \"sapMCbBg\")]"}
RESULT: {"using":"xpath","value":"//td[@aria-colindex=\"1\"]/div/div[contains(@class, \"sapMCbBg\")]"}
COMMAND: POST /session/1078df7af42110589ce6729fcfa5b6f8/elements - {"using":"xpath","value":"//td[@aria-colindex=\"1\"]/div/div[contains(@class, \"sapMCbBg\")]"}
RESULT: {"using":"xpath","value":"//td[@aria-colindex=\"1\"]/div/div[contains(@class, \"sapMCbBg\")]"}
COMMAND: POST /session/1078df7af42110589ce6729fcfa5b6f8/elements - {"using":"xpath","value":"//td[@aria-colindex=\"1\"]/div/div[contains(@class, \"sapMCbBg\")]"}
RESULT: {"using":"xpath","value":"//td[@aria-colindex=\"1\"]/div/div[contains(@class, \"sapMCbBg\")]"}
COMMAND: POST /session/1078df7af42110589ce6729fcfa5b6f8/elements - {"using":"xpath","value":"//td[@aria-colindex=\"1\"]/div/div[contains(@class, \"sapMCbBg\")]"}
RESULT: {"using":"xpath","value":"//td[@aria-colindex=\"1\"]/div/div[contains(@class, \"sapMCbBg\")]"}
COMMAND: POST /session/1078df7af42110589ce6729fcfa5b6f8/elements - {"using":"xpath","value":"//td[@aria-colindex=\"1\"]/div/div[contains(@class, \"sapMCbBg\")]"}
RESULT: {"using":"xpath","value":"//td[@aria-colindex=\"1\"]/div/div[contains(@class, \"sapMCbBg\")]"}
COMMAND: POST /session/1078df7af42110589ce6729fcfa5b6f8/elements - {"using":"xpath","value":"//td[@aria-colindex=\"1\"]/div/div[contains(@class, \"sapMCbBg\")]"}
RESULT: {"using":"xpath","value":"//td[@aria-colindex=\"1\"]/div/div[contains(@class, \"sapMCbBg\")]"}
COMMAND: POST /session/1078df7af42110589ce6729fcfa5b6f8/elements - {"using":"xpath","value":"//td[@aria-colindex=\"1\"]/div/div[contains(@class, \"sapMCbBg\")]"}
RESULT: {"using":"xpath","value":"//td[@aria-colindex=\"1\"]/div/div[contains(@class, \"sapMCbBg\")]"}
COMMAND: POST /session/1078df7af42110589ce6729fcfa5b6f8/elements - {"using":"xpath","value":"//td[@aria-colindex=\"1\"]/div/div[contains(@class, \"sapMCbBg\")]"}
RESULT: {"using":"xpath","value":"//td[@aria-colindex=\"1\"]/div/div[contains(@class, \"sapMCbBg\")]"}
COMMAND: POST /session/1078df7af42110589ce6729fcfa5b6f8/elements - {"using":"xpath","value":"//td[@aria-colindex=\"1\"]/div/div[contains(@class, \"sapMCbBg\")]"}
RESULT: {"using":"xpath","value":"//td[@aria-colindex=\"1\"]/div/div[contains(@class, \"sapMCbBg\")]"}
COMMAND: POST /session/1078df7af42110589ce6729fcfa5b6f8/elements - {"using":"xpath","value":"//td[@aria-colindex=\"1\"]/div/div[contains(@class, \"sapMCbBg\")]"}
RESULT: {"using":"xpath","value":"//td[@aria-colindex=\"1\"]/div/div[contains(@class, \"sapMCbBg\")]"}
COMMAND: POST /session/1078df7af42110589ce6729fcfa5b6f8/elements - {"using":"xpath","value":"//td[@aria-colindex=\"1\"]/div/div[contains(@class, \"sapMCbBg\")]"}
RESULT: {"using":"xpath","value":"//td[@aria-colindex=\"1\"]/div/div[contains(@class, \"sapMCbBg\")]"}
COMMAND: POST /session/1078df7af42110589ce6729fcfa5b6f8/elements - {"using":"xpath","value":"//td[@aria-colindex=\"1\"]/div/div[contains(@class, \"sapMCbBg\")]"}
RESULT: {"using":"xpath","value":"//td[@aria-colindex=\"1\"]/div/div[contains(@class, \"sapMCbBg\")]"}
COMMAND: POST /session/1078df7af42110589ce6729fcfa5b6f8/elements - {"using":"xpath","value":"//td[@aria-colindex=\"1\"]/div/div[contains(@class, \"sapMCbBg\")]"}
RESULT: {"using":"xpath","value":"//td[@aria-colindex=\"1\"]/div/div[contains(@class, \"sapMCbBg\")]"}
COMMAND: POST /session/1078df7af42110589ce6729fcfa5b6f8/elements - {"using":"xpath","value":"//td[@aria-colindex=\"1\"]/div/div[contains(@class, \"sapMCbBg\")]"}
RESULT: {"using":"xpath","value":"//td[@aria-colindex=\"1\"]/div/div[contains(@class, \"sapMCbBg\")]"}
COMMAND: POST /session/1078df7af42110589ce6729fcfa5b6f8/elements - {"using":"xpath","value":"//td[@aria-colindex=\"1\"]/div/div[contains(@class, \"sapMCbBg\")]"}
RESULT: {"using":"xpath","value":"//td[@aria-colindex=\"1\"]/div/div[contains(@class, \"sapMCbBg\")]"}
COMMAND: POST /session/1078df7af42110589ce6729fcfa5b6f8/elements - {"using":"xpath","value":"//td[@aria-colindex=\"1\"]/div/div[contains(@class, \"sapMCbBg\")]"}
RESULT: {"using":"xpath","value":"//td[@aria-colindex=\"1\"]/div/div[contains(@class, \"sapMCbBg\")]"}
COMMAND: POST /session/1078df7af42110589ce6729fcfa5b6f8/elements - {"using":"xpath","value":"//td[@aria-colindex=\"1\"]/div/div[contains(@class, \"sapMCbBg\")]"}
RESULT: {"using":"xpath","value":"//td[@aria-colindex=\"1\"]/div/div[contains(@class, \"sapMCbBg\")]"}
COMMAND: POST /session/1078df7af42110589ce6729fcfa5b6f8/elements - {"using":"xpath","value":"//td[@aria-colindex=\"1\"]/div/div[contains(@class, \"sapMCbBg\")]"}
RESULT: {"using":"xpath","value":"//td[@aria-colindex=\"1\"]/div/div[contains(@class, \"sapMCbBg\")]"}
COMMAND: POST /session/1078df7af42110589ce6729fcfa5b6f8/elements - {"using":"xpath","value":"//td[@aria-colindex=\"1\"]/div/div[contains(@class, \"sapMCbBg\")]"}
RESULT: {"using":"xpath","value":"//td[@aria-colindex=\"1\"]/div/div[contains(@class, \"sapMCbBg\")]"}
COMMAND: POST /session/1078df7af42110589ce6729fcfa5b6f8/elements - {"using":"xpath","value":"//td[@aria-colindex=\"1\"]/div/div[contains(@class, \"sapMCbBg\")]"}
RESULT: {"using":"xpath","value":"//td[@aria-colindex=\"1\"]/div/div[contains(@class, \"sapMCbBg\")]"}
COMMAND: POST /session/1078df7af42110589ce6729fcfa5b6f8/elements - {"using":"xpath","value":"//td[@aria-colindex=\"1\"]/div/div[contains(@class, \"sapMCbBg\")]"}
RESULT: {"using":"xpath","value":"//td[@aria-colindex=\"1\"]/div/div[contains(@class, \"sapMCbBg\")]"}
COMMAND: POST /session/1078df7af42110589ce6729fcfa5b6f8/elements - {"using":"xpath","value":"//td[@aria-colindex=\"1\"]/div/div[contains(@class, \"sapMCbBg\")]"}
RESULT: {"using":"xpath","value":"//td[@aria-colindex=\"1\"]/div/div[contains(@class, \"sapMCbBg\")]"}
COMMAND: POST /session/1078df7af42110589ce6729fcfa5b6f8/elements - {"using":"xpath","value":"//td[@aria-colindex=\"1\"]/div/div[contains(@class, \"sapMCbBg\")]"}
RESULT: {"using":"xpath","value":"//td[@aria-colindex=\"1\"]/div/div[contains(@class, \"sapMCbBg\")]"}
COMMAND: POST /session/1078df7af42110589ce6729fcfa5b6f8/elements - {"using":"xpath","value":"//td[@aria-colindex=\"1\"]/div/div[contains(@class, \"sapMCbBg\")]"}
RESULT: {"using":"xpath","value":"//td[@aria-colindex=\"1\"]/div/div[contains(@class, \"sapMCbBg\")]"}
COMMAND: POST /session/1078df7af42110589ce6729fcfa5b6f8/elements - {"using":"xpath","value":"//td[@aria-colindex=\"1\"]/div/div[contains(@class, \"sapMCbBg\")]"}
RESULT: {"using":"xpath","value":"//td[@aria-colindex=\"1\"]/div/div[contains(@class, \"sapMCbBg\")]"}
COMMAND: POST /session/1078df7af42110589ce6729fcfa5b6f8/elements - {"using":"xpath","value":"//td[@aria-colindex=\"1\"]/div/div[contains(@class, \"sapMCbBg\")]"}
RESULT: {"using":"xpath","value":"//td[@aria-colindex=\"1\"]/div/div[contains(@class, \"sapMCbBg\")]"}
COMMAND: POST /session/1078df7af42110589ce6729fcfa5b6f8/elements - {"using":"xpath","value":"//td[@aria-colindex=\"1\"]/div/div[contains(@class, \"sapMCbBg\")]"}
RESULT: {"using":"xpath","value":"//td[@aria-colindex=\"1\"]/div/div[contains(@class, \"sapMCbBg\")]"}
COMMAND: POST /session/1078df7af42110589ce6729fcfa5b6f8/elements - {"using":"xpath","value":"//td[@aria-colindex=\"1\"]/div/div[contains(@class, \"sapMCbBg\")]"}
RESULT: {"using":"xpath","value":"//td[@aria-colindex=\"1\"]/div/div[contains(@class, \"sapMCbBg\")]"}
COMMAND: POST /session/1078df7af42110589ce6729fcfa5b6f8/elements - {"using":"xpath","value":"//td[@aria-colindex=\"1\"]/div/div[contains(@class, \"sapMCbBg\")]"}
RESULT: {"using":"xpath","value":"//td[@aria-colindex=\"1\"]/div/div[contains(@class, \"sapMCbBg\")]"}
COMMAND: POST /session/1078df7af42110589ce6729fcfa5b6f8/elements - {"using":"xpath","value":"//td[@aria-colindex=\"1\"]/div/div[contains(@class, \"sapMCbBg\")]"}
RESULT: {"using":"xpath","value":"//td[@aria-colindex=\"1\"]/div/div[contains(@class, \"sapMCbBg\")]"}
COMMAND: POST /session/1078df7af42110589ce6729fcfa5b6f8/elements - {"using":"xpath","value":"//td[@aria-colindex=\"1\"]/div/div[contains(@class, \"sapMCbBg\")]"}
RESULT: {"using":"xpath","value":"//td[@aria-colindex=\"1\"]/div/div[contains(@class, \"sapMCbBg\")]"}
COMMAND: POST /session/1078df7af42110589ce6729fcfa5b6f8/elements - {"using":"xpath","value":"//td[@aria-colindex=\"1\"]/div/div[contains(@class, \"sapMCbBg\")]"}
RESULT: {"using":"xpath","value":"//td[@aria-colindex=\"1\"]/div/div[contains(@class, \"sapMCbBg\")]"}
COMMAND: POST /session/1078df7af42110589ce6729fcfa5b6f8/elements - {"using":"xpath","value":"//td[@aria-colindex=\"1\"]/div/div[contains(@class, \"sapMCbBg\")]"}
RESULT: {"using":"xpath","value":"//td[@aria-colindex=\"1\"]/div/div[contains(@class, \"sapMCbBg\")]"}
COMMAND: POST /session/1078df7af42110589ce6729fcfa5b6f8/elements - {"using":"xpath","value":"//td[@aria-colindex=\"1\"]/div/div[contains(@class, \"sapMCbBg\")]"}
RESULT: {"using":"xpath","value":"//td[@aria-colindex=\"1\"]/div/div[contains(@class, \"sapMCbBg\")]"}
COMMAND: POST /session/1078df7af42110589ce6729fcfa5b6f8/elements - {"using":"xpath","value":"//td[@aria-colindex=\"1\"]/div/div[contains(@class, \"sapMCbBg\")]"}
RESULT: {"using":"xpath","value":"//td[@aria-colindex=\"1\"]/div/div[contains(@class, \"sapMCbBg\")]"}
COMMAND: POST /session/1078df7af42110589ce6729fcfa5b6f8/elements - {"using":"xpath","value":"//td[@aria-colindex=\"1\"]/div/div[contains(@class, \"sapMCbBg\")]"}
RESULT: {"using":"xpath","value":"//td[@aria-colindex=\"1\"]/div/div[contains(@class, \"sapMCbBg\")]"}
COMMAND: POST /session/1078df7af42110589ce6729fcfa5b6f8/elements - {"using":"xpath","value":"//td[@aria-colindex=\"1\"]/div/div[contains(@class, \"sapMCbBg\")]"}
RESULT: {"using":"xpath","value":"//td[@aria-colindex=\"1\"]/div/div[contains(@class, \"sapMCbBg\")]"}
COMMAND: POST /session/1078df7af42110589ce6729fcfa5b6f8/elements - {"using":"xpath","value":"//td[@aria-colindex=\"1\"]/div/div[contains(@class, \"sapMCbBg\")]"}
RESULT: {"using":"xpath","value":"//td[@aria-colindex=\"1\"]/div/div[contains(@class, \"sapMCbBg\")]"}
COMMAND: POST /session/1078df7af42110589ce6729fcfa5b6f8/elements - {"using":"xpath","value":"//td[@aria-colindex=\"1\"]/div/div[contains(@class, \"sapMCbBg\")]"}
COMMAND: GET /session/1078df7af42110589ce6729fcfa5b6f8/screenshot - {}
RESULT: {"using":"xpath","value":"//td[@aria-colindex=\"1\"]/div/div[contains(@class, \"sapMCbBg\")]"}
RESULT: {}
]]></system-out>
      <system-err><![CDATA[
Error: Can't call click on element with selector "//td[@aria-colindex="1"]/div/div[contains(@class, "sapMCbBg")]" because element wasn't found
    at async UtilsPrerequisites.manageBillingsTriggerCalculation (D:\a\1\s\test\specs\BTS\prerequisites-and-utils-functions.js:2750:9)
    at async Context.<anonymous> (D:\a\1\s\test\specs\BTS\billing-transfer.spec.js:75:9)
]]></system-err>
    </testcase>
    <testcase classname="chrome.136_0_7103_93.windows.Billing_transfer_US117289" name="Should trigger Billing Transfer process all the way to completion" time="56.052">
      <failure/>
      <error message="element (&quot;//input[contains(@id ,&quot;application-billingtransfer-display-component---billingWorkbench--smartFilterBar-btnBasicSearch&quot;)]&quot;) still not existing after 45000ms"/>
      <system-out><![CDATA[
COMMAND: POST /session/1078df7af42110589ce6729fcfa5b6f8/execute/async - {"script":"<script> [1562 bytes]","args":[{"selector":{"controlType":"sap.m.GenericTile","properties":{"header":"Billing Transfer"}},"wdio_ui5_key":"sapm.GenericTile{\"header\":\"Billing Transfer\"}"}]}
COMMAND: GET /session/1078df7af42110589ce6729fcfa5b6f8/screenshot - {}
RESULT: {"script":"<script> [1562 bytes]","args":[{"selector":{"controlType":"sap.m.GenericTile","properties":{"header":"Billing Transfer"}},"wdio_ui5_key":"sapm.GenericTile{\"header\":\"Billing Transfer\"}"}]}
RESULT: undefined
RESULT: {}
COMMAND: POST /session/1078df7af42110589ce6729fcfa5b6f8/elements - {"using":"xpath","value":"//span[text()='Error']"}
RESULT: {"using":"xpath","value":"//span[text()='Error']"}
COMMAND: POST /session/1078df7af42110589ce6729fcfa5b6f8/element - {"using":"xpath","value":"//input[contains(@id ,\"application-billingtransfer-display-component---billingWorkbench--smartFilterBar-btnBasicSearch\")]"}
RESULT: {"using":"xpath","value":"//input[contains(@id ,\"application-billingtransfer-display-component---billingWorkbench--smartFilterBar-btnBasicSearch\")]"}
COMMAND: POST /session/1078df7af42110589ce6729fcfa5b6f8/elements - {"using":"xpath","value":"//input[contains(@id ,\"application-billingtransfer-display-component---billingWorkbench--smartFilterBar-btnBasicSearch\")]"}
RESULT: {"using":"xpath","value":"//input[contains(@id ,\"application-billingtransfer-display-component---billingWorkbench--smartFilterBar-btnBasicSearch\")]"}
COMMAND: POST /session/1078df7af42110589ce6729fcfa5b6f8/elements - {"using":"xpath","value":"//input[contains(@id ,\"application-billingtransfer-display-component---billingWorkbench--smartFilterBar-btnBasicSearch\")]"}
RESULT: {"using":"xpath","value":"//input[contains(@id ,\"application-billingtransfer-display-component---billingWorkbench--smartFilterBar-btnBasicSearch\")]"}
COMMAND: POST /session/1078df7af42110589ce6729fcfa5b6f8/elements - {"using":"xpath","value":"//input[contains(@id ,\"application-billingtransfer-display-component---billingWorkbench--smartFilterBar-btnBasicSearch\")]"}
RESULT: {"using":"xpath","value":"//input[contains(@id ,\"application-billingtransfer-display-component---billingWorkbench--smartFilterBar-btnBasicSearch\")]"}
COMMAND: POST /session/1078df7af42110589ce6729fcfa5b6f8/elements - {"using":"xpath","value":"//input[contains(@id ,\"application-billingtransfer-display-component---billingWorkbench--smartFilterBar-btnBasicSearch\")]"}
RESULT: {"using":"xpath","value":"//input[contains(@id ,\"application-billingtransfer-display-component---billingWorkbench--smartFilterBar-btnBasicSearch\")]"}
COMMAND: POST /session/1078df7af42110589ce6729fcfa5b6f8/elements - {"using":"xpath","value":"//input[contains(@id ,\"application-billingtransfer-display-component---billingWorkbench--smartFilterBar-btnBasicSearch\")]"}
RESULT: {"using":"xpath","value":"//input[contains(@id ,\"application-billingtransfer-display-component---billingWorkbench--smartFilterBar-btnBasicSearch\")]"}
COMMAND: POST /session/1078df7af42110589ce6729fcfa5b6f8/elements - {"using":"xpath","value":"//input[contains(@id ,\"application-billingtransfer-display-component---billingWorkbench--smartFilterBar-btnBasicSearch\")]"}
RESULT: {"using":"xpath","value":"//input[contains(@id ,\"application-billingtransfer-display-component---billingWorkbench--smartFilterBar-btnBasicSearch\")]"}
COMMAND: POST /session/1078df7af42110589ce6729fcfa5b6f8/elements - {"using":"xpath","value":"//input[contains(@id ,\"application-billingtransfer-display-component---billingWorkbench--smartFilterBar-btnBasicSearch\")]"}
RESULT: {"using":"xpath","value":"//input[contains(@id ,\"application-billingtransfer-display-component---billingWorkbench--smartFilterBar-btnBasicSearch\")]"}
COMMAND: POST /session/1078df7af42110589ce6729fcfa5b6f8/elements - {"using":"xpath","value":"//input[contains(@id ,\"application-billingtransfer-display-component---billingWorkbench--smartFilterBar-btnBasicSearch\")]"}
RESULT: {"using":"xpath","value":"//input[contains(@id ,\"application-billingtransfer-display-component---billingWorkbench--smartFilterBar-btnBasicSearch\")]"}
COMMAND: POST /session/1078df7af42110589ce6729fcfa5b6f8/elements - {"using":"xpath","value":"//input[contains(@id ,\"application-billingtransfer-display-component---billingWorkbench--smartFilterBar-btnBasicSearch\")]"}
RESULT: {"using":"xpath","value":"//input[contains(@id ,\"application-billingtransfer-display-component---billingWorkbench--smartFilterBar-btnBasicSearch\")]"}
COMMAND: POST /session/1078df7af42110589ce6729fcfa5b6f8/elements - {"using":"xpath","value":"//input[contains(@id ,\"application-billingtransfer-display-component---billingWorkbench--smartFilterBar-btnBasicSearch\")]"}
RESULT: {"using":"xpath","value":"//input[contains(@id ,\"application-billingtransfer-display-component---billingWorkbench--smartFilterBar-btnBasicSearch\")]"}
COMMAND: POST /session/1078df7af42110589ce6729fcfa5b6f8/elements - {"using":"xpath","value":"//input[contains(@id ,\"application-billingtransfer-display-component---billingWorkbench--smartFilterBar-btnBasicSearch\")]"}
RESULT: {"using":"xpath","value":"//input[contains(@id ,\"application-billingtransfer-display-component---billingWorkbench--smartFilterBar-btnBasicSearch\")]"}
COMMAND: POST /session/1078df7af42110589ce6729fcfa5b6f8/elements - {"using":"xpath","value":"//input[contains(@id ,\"application-billingtransfer-display-component---billingWorkbench--smartFilterBar-btnBasicSearch\")]"}
RESULT: {"using":"xpath","value":"//input[contains(@id ,\"application-billingtransfer-display-component---billingWorkbench--smartFilterBar-btnBasicSearch\")]"}
COMMAND: POST /session/1078df7af42110589ce6729fcfa5b6f8/elements - {"using":"xpath","value":"//input[contains(@id ,\"application-billingtransfer-display-component---billingWorkbench--smartFilterBar-btnBasicSearch\")]"}
RESULT: {"using":"xpath","value":"//input[contains(@id ,\"application-billingtransfer-display-component---billingWorkbench--smartFilterBar-btnBasicSearch\")]"}
COMMAND: POST /session/1078df7af42110589ce6729fcfa5b6f8/elements - {"using":"xpath","value":"//input[contains(@id ,\"application-billingtransfer-display-component---billingWorkbench--smartFilterBar-btnBasicSearch\")]"}
RESULT: {"using":"xpath","value":"//input[contains(@id ,\"application-billingtransfer-display-component---billingWorkbench--smartFilterBar-btnBasicSearch\")]"}
COMMAND: POST /session/1078df7af42110589ce6729fcfa5b6f8/elements - {"using":"xpath","value":"//input[contains(@id ,\"application-billingtransfer-display-component---billingWorkbench--smartFilterBar-btnBasicSearch\")]"}
RESULT: {"using":"xpath","value":"//input[contains(@id ,\"application-billingtransfer-display-component---billingWorkbench--smartFilterBar-btnBasicSearch\")]"}
COMMAND: POST /session/1078df7af42110589ce6729fcfa5b6f8/elements - {"using":"xpath","value":"//input[contains(@id ,\"application-billingtransfer-display-component---billingWorkbench--smartFilterBar-btnBasicSearch\")]"}
RESULT: {"using":"xpath","value":"//input[contains(@id ,\"application-billingtransfer-display-component---billingWorkbench--smartFilterBar-btnBasicSearch\")]"}
COMMAND: POST /session/1078df7af42110589ce6729fcfa5b6f8/elements - {"using":"xpath","value":"//input[contains(@id ,\"application-billingtransfer-display-component---billingWorkbench--smartFilterBar-btnBasicSearch\")]"}
RESULT: {"using":"xpath","value":"//input[contains(@id ,\"application-billingtransfer-display-component---billingWorkbench--smartFilterBar-btnBasicSearch\")]"}
COMMAND: POST /session/1078df7af42110589ce6729fcfa5b6f8/elements - {"using":"xpath","value":"//input[contains(@id ,\"application-billingtransfer-display-component---billingWorkbench--smartFilterBar-btnBasicSearch\")]"}
RESULT: {"using":"xpath","value":"//input[contains(@id ,\"application-billingtransfer-display-component---billingWorkbench--smartFilterBar-btnBasicSearch\")]"}
COMMAND: POST /session/1078df7af42110589ce6729fcfa5b6f8/elements - {"using":"xpath","value":"//input[contains(@id ,\"application-billingtransfer-display-component---billingWorkbench--smartFilterBar-btnBasicSearch\")]"}
RESULT: {"using":"xpath","value":"//input[contains(@id ,\"application-billingtransfer-display-component---billingWorkbench--smartFilterBar-btnBasicSearch\")]"}
COMMAND: POST /session/1078df7af42110589ce6729fcfa5b6f8/elements - {"using":"xpath","value":"//input[contains(@id ,\"application-billingtransfer-display-component---billingWorkbench--smartFilterBar-btnBasicSearch\")]"}
RESULT: {"using":"xpath","value":"//input[contains(@id ,\"application-billingtransfer-display-component---billingWorkbench--smartFilterBar-btnBasicSearch\")]"}
COMMAND: POST /session/1078df7af42110589ce6729fcfa5b6f8/elements - {"using":"xpath","value":"//input[contains(@id ,\"application-billingtransfer-display-component---billingWorkbench--smartFilterBar-btnBasicSearch\")]"}
RESULT: {"using":"xpath","value":"//input[contains(@id ,\"application-billingtransfer-display-component---billingWorkbench--smartFilterBar-btnBasicSearch\")]"}
COMMAND: POST /session/1078df7af42110589ce6729fcfa5b6f8/elements - {"using":"xpath","value":"//input[contains(@id ,\"application-billingtransfer-display-component---billingWorkbench--smartFilterBar-btnBasicSearch\")]"}
RESULT: {"using":"xpath","value":"//input[contains(@id ,\"application-billingtransfer-display-component---billingWorkbench--smartFilterBar-btnBasicSearch\")]"}
COMMAND: POST /session/1078df7af42110589ce6729fcfa5b6f8/elements - {"using":"xpath","value":"//input[contains(@id ,\"application-billingtransfer-display-component---billingWorkbench--smartFilterBar-btnBasicSearch\")]"}
RESULT: {"using":"xpath","value":"//input[contains(@id ,\"application-billingtransfer-display-component---billingWorkbench--smartFilterBar-btnBasicSearch\")]"}
COMMAND: POST /session/1078df7af42110589ce6729fcfa5b6f8/elements - {"using":"xpath","value":"//input[contains(@id ,\"application-billingtransfer-display-component---billingWorkbench--smartFilterBar-btnBasicSearch\")]"}
RESULT: {"using":"xpath","value":"//input[contains(@id ,\"application-billingtransfer-display-component---billingWorkbench--smartFilterBar-btnBasicSearch\")]"}
COMMAND: POST /session/1078df7af42110589ce6729fcfa5b6f8/elements - {"using":"xpath","value":"//input[contains(@id ,\"application-billingtransfer-display-component---billingWorkbench--smartFilterBar-btnBasicSearch\")]"}
RESULT: {"using":"xpath","value":"//input[contains(@id ,\"application-billingtransfer-display-component---billingWorkbench--smartFilterBar-btnBasicSearch\")]"}
COMMAND: POST /session/1078df7af42110589ce6729fcfa5b6f8/elements - {"using":"xpath","value":"//input[contains(@id ,\"application-billingtransfer-display-component---billingWorkbench--smartFilterBar-btnBasicSearch\")]"}
RESULT: {"using":"xpath","value":"//input[contains(@id ,\"application-billingtransfer-display-component---billingWorkbench--smartFilterBar-btnBasicSearch\")]"}
COMMAND: POST /session/1078df7af42110589ce6729fcfa5b6f8/elements - {"using":"xpath","value":"//input[contains(@id ,\"application-billingtransfer-display-component---billingWorkbench--smartFilterBar-btnBasicSearch\")]"}
RESULT: {"using":"xpath","value":"//input[contains(@id ,\"application-billingtransfer-display-component---billingWorkbench--smartFilterBar-btnBasicSearch\")]"}
COMMAND: POST /session/1078df7af42110589ce6729fcfa5b6f8/elements - {"using":"xpath","value":"//input[contains(@id ,\"application-billingtransfer-display-component---billingWorkbench--smartFilterBar-btnBasicSearch\")]"}
RESULT: {"using":"xpath","value":"//input[contains(@id ,\"application-billingtransfer-display-component---billingWorkbench--smartFilterBar-btnBasicSearch\")]"}
COMMAND: POST /session/1078df7af42110589ce6729fcfa5b6f8/elements - {"using":"xpath","value":"//input[contains(@id ,\"application-billingtransfer-display-component---billingWorkbench--smartFilterBar-btnBasicSearch\")]"}
RESULT: {"using":"xpath","value":"//input[contains(@id ,\"application-billingtransfer-display-component---billingWorkbench--smartFilterBar-btnBasicSearch\")]"}
COMMAND: POST /session/1078df7af42110589ce6729fcfa5b6f8/elements - {"using":"xpath","value":"//input[contains(@id ,\"application-billingtransfer-display-component---billingWorkbench--smartFilterBar-btnBasicSearch\")]"}
RESULT: {"using":"xpath","value":"//input[contains(@id ,\"application-billingtransfer-display-component---billingWorkbench--smartFilterBar-btnBasicSearch\")]"}
COMMAND: POST /session/1078df7af42110589ce6729fcfa5b6f8/elements - {"using":"xpath","value":"//input[contains(@id ,\"application-billingtransfer-display-component---billingWorkbench--smartFilterBar-btnBasicSearch\")]"}
RESULT: {"using":"xpath","value":"//input[contains(@id ,\"application-billingtransfer-display-component---billingWorkbench--smartFilterBar-btnBasicSearch\")]"}
COMMAND: POST /session/1078df7af42110589ce6729fcfa5b6f8/elements - {"using":"xpath","value":"//input[contains(@id ,\"application-billingtransfer-display-component---billingWorkbench--smartFilterBar-btnBasicSearch\")]"}
RESULT: {"using":"xpath","value":"//input[contains(@id ,\"application-billingtransfer-display-component---billingWorkbench--smartFilterBar-btnBasicSearch\")]"}
COMMAND: POST /session/1078df7af42110589ce6729fcfa5b6f8/elements - {"using":"xpath","value":"//input[contains(@id ,\"application-billingtransfer-display-component---billingWorkbench--smartFilterBar-btnBasicSearch\")]"}
RESULT: {"using":"xpath","value":"//input[contains(@id ,\"application-billingtransfer-display-component---billingWorkbench--smartFilterBar-btnBasicSearch\")]"}
COMMAND: POST /session/1078df7af42110589ce6729fcfa5b6f8/elements - {"using":"xpath","value":"//input[contains(@id ,\"application-billingtransfer-display-component---billingWorkbench--smartFilterBar-btnBasicSearch\")]"}
RESULT: {"using":"xpath","value":"//input[contains(@id ,\"application-billingtransfer-display-component---billingWorkbench--smartFilterBar-btnBasicSearch\")]"}
COMMAND: POST /session/1078df7af42110589ce6729fcfa5b6f8/elements - {"using":"xpath","value":"//input[contains(@id ,\"application-billingtransfer-display-component---billingWorkbench--smartFilterBar-btnBasicSearch\")]"}
RESULT: {"using":"xpath","value":"//input[contains(@id ,\"application-billingtransfer-display-component---billingWorkbench--smartFilterBar-btnBasicSearch\")]"}
COMMAND: POST /session/1078df7af42110589ce6729fcfa5b6f8/elements - {"using":"xpath","value":"//input[contains(@id ,\"application-billingtransfer-display-component---billingWorkbench--smartFilterBar-btnBasicSearch\")]"}
RESULT: {"using":"xpath","value":"//input[contains(@id ,\"application-billingtransfer-display-component---billingWorkbench--smartFilterBar-btnBasicSearch\")]"}
COMMAND: POST /session/1078df7af42110589ce6729fcfa5b6f8/elements - {"using":"xpath","value":"//input[contains(@id ,\"application-billingtransfer-display-component---billingWorkbench--smartFilterBar-btnBasicSearch\")]"}
RESULT: {"using":"xpath","value":"//input[contains(@id ,\"application-billingtransfer-display-component---billingWorkbench--smartFilterBar-btnBasicSearch\")]"}
COMMAND: POST /session/1078df7af42110589ce6729fcfa5b6f8/elements - {"using":"xpath","value":"//input[contains(@id ,\"application-billingtransfer-display-component---billingWorkbench--smartFilterBar-btnBasicSearch\")]"}
RESULT: {"using":"xpath","value":"//input[contains(@id ,\"application-billingtransfer-display-component---billingWorkbench--smartFilterBar-btnBasicSearch\")]"}
COMMAND: POST /session/1078df7af42110589ce6729fcfa5b6f8/elements - {"using":"xpath","value":"//input[contains(@id ,\"application-billingtransfer-display-component---billingWorkbench--smartFilterBar-btnBasicSearch\")]"}
RESULT: {"using":"xpath","value":"//input[contains(@id ,\"application-billingtransfer-display-component---billingWorkbench--smartFilterBar-btnBasicSearch\")]"}
COMMAND: POST /session/1078df7af42110589ce6729fcfa5b6f8/elements - {"using":"xpath","value":"//input[contains(@id ,\"application-billingtransfer-display-component---billingWorkbench--smartFilterBar-btnBasicSearch\")]"}
RESULT: {"using":"xpath","value":"//input[contains(@id ,\"application-billingtransfer-display-component---billingWorkbench--smartFilterBar-btnBasicSearch\")]"}
COMMAND: POST /session/1078df7af42110589ce6729fcfa5b6f8/elements - {"using":"xpath","value":"//input[contains(@id ,\"application-billingtransfer-display-component---billingWorkbench--smartFilterBar-btnBasicSearch\")]"}
RESULT: {"using":"xpath","value":"//input[contains(@id ,\"application-billingtransfer-display-component---billingWorkbench--smartFilterBar-btnBasicSearch\")]"}
COMMAND: POST /session/1078df7af42110589ce6729fcfa5b6f8/elements - {"using":"xpath","value":"//input[contains(@id ,\"application-billingtransfer-display-component---billingWorkbench--smartFilterBar-btnBasicSearch\")]"}
RESULT: {"using":"xpath","value":"//input[contains(@id ,\"application-billingtransfer-display-component---billingWorkbench--smartFilterBar-btnBasicSearch\")]"}
COMMAND: POST /session/1078df7af42110589ce6729fcfa5b6f8/elements - {"using":"xpath","value":"//input[contains(@id ,\"application-billingtransfer-display-component---billingWorkbench--smartFilterBar-btnBasicSearch\")]"}
RESULT: {"using":"xpath","value":"//input[contains(@id ,\"application-billingtransfer-display-component---billingWorkbench--smartFilterBar-btnBasicSearch\")]"}
COMMAND: POST /session/1078df7af42110589ce6729fcfa5b6f8/elements - {"using":"xpath","value":"//input[contains(@id ,\"application-billingtransfer-display-component---billingWorkbench--smartFilterBar-btnBasicSearch\")]"}
RESULT: {"using":"xpath","value":"//input[contains(@id ,\"application-billingtransfer-display-component---billingWorkbench--smartFilterBar-btnBasicSearch\")]"}
COMMAND: POST /session/1078df7af42110589ce6729fcfa5b6f8/elements - {"using":"xpath","value":"//input[contains(@id ,\"application-billingtransfer-display-component---billingWorkbench--smartFilterBar-btnBasicSearch\")]"}
RESULT: {"using":"xpath","value":"//input[contains(@id ,\"application-billingtransfer-display-component---billingWorkbench--smartFilterBar-btnBasicSearch\")]"}
COMMAND: POST /session/1078df7af42110589ce6729fcfa5b6f8/elements - {"using":"xpath","value":"//input[contains(@id ,\"application-billingtransfer-display-component---billingWorkbench--smartFilterBar-btnBasicSearch\")]"}
RESULT: {"using":"xpath","value":"//input[contains(@id ,\"application-billingtransfer-display-component---billingWorkbench--smartFilterBar-btnBasicSearch\")]"}
COMMAND: POST /session/1078df7af42110589ce6729fcfa5b6f8/elements - {"using":"xpath","value":"//input[contains(@id ,\"application-billingtransfer-display-component---billingWorkbench--smartFilterBar-btnBasicSearch\")]"}
RESULT: {"using":"xpath","value":"//input[contains(@id ,\"application-billingtransfer-display-component---billingWorkbench--smartFilterBar-btnBasicSearch\")]"}
COMMAND: POST /session/1078df7af42110589ce6729fcfa5b6f8/elements - {"using":"xpath","value":"//input[contains(@id ,\"application-billingtransfer-display-component---billingWorkbench--smartFilterBar-btnBasicSearch\")]"}
RESULT: {"using":"xpath","value":"//input[contains(@id ,\"application-billingtransfer-display-component---billingWorkbench--smartFilterBar-btnBasicSearch\")]"}
COMMAND: POST /session/1078df7af42110589ce6729fcfa5b6f8/elements - {"using":"xpath","value":"//input[contains(@id ,\"application-billingtransfer-display-component---billingWorkbench--smartFilterBar-btnBasicSearch\")]"}
RESULT: {"using":"xpath","value":"//input[contains(@id ,\"application-billingtransfer-display-component---billingWorkbench--smartFilterBar-btnBasicSearch\")]"}
COMMAND: POST /session/1078df7af42110589ce6729fcfa5b6f8/elements - {"using":"xpath","value":"//input[contains(@id ,\"application-billingtransfer-display-component---billingWorkbench--smartFilterBar-btnBasicSearch\")]"}
RESULT: {"using":"xpath","value":"//input[contains(@id ,\"application-billingtransfer-display-component---billingWorkbench--smartFilterBar-btnBasicSearch\")]"}
COMMAND: POST /session/1078df7af42110589ce6729fcfa5b6f8/elements - {"using":"xpath","value":"//input[contains(@id ,\"application-billingtransfer-display-component---billingWorkbench--smartFilterBar-btnBasicSearch\")]"}
RESULT: {"using":"xpath","value":"//input[contains(@id ,\"application-billingtransfer-display-component---billingWorkbench--smartFilterBar-btnBasicSearch\")]"}
COMMAND: POST /session/1078df7af42110589ce6729fcfa5b6f8/elements - {"using":"xpath","value":"//input[contains(@id ,\"application-billingtransfer-display-component---billingWorkbench--smartFilterBar-btnBasicSearch\")]"}
RESULT: {"using":"xpath","value":"//input[contains(@id ,\"application-billingtransfer-display-component---billingWorkbench--smartFilterBar-btnBasicSearch\")]"}
COMMAND: POST /session/1078df7af42110589ce6729fcfa5b6f8/elements - {"using":"xpath","value":"//input[contains(@id ,\"application-billingtransfer-display-component---billingWorkbench--smartFilterBar-btnBasicSearch\")]"}
RESULT: {"using":"xpath","value":"//input[contains(@id ,\"application-billingtransfer-display-component---billingWorkbench--smartFilterBar-btnBasicSearch\")]"}
COMMAND: POST /session/1078df7af42110589ce6729fcfa5b6f8/elements - {"using":"xpath","value":"//input[contains(@id ,\"application-billingtransfer-display-component---billingWorkbench--smartFilterBar-btnBasicSearch\")]"}
RESULT: {"using":"xpath","value":"//input[contains(@id ,\"application-billingtransfer-display-component---billingWorkbench--smartFilterBar-btnBasicSearch\")]"}
COMMAND: POST /session/1078df7af42110589ce6729fcfa5b6f8/elements - {"using":"xpath","value":"//input[contains(@id ,\"application-billingtransfer-display-component---billingWorkbench--smartFilterBar-btnBasicSearch\")]"}
RESULT: {"using":"xpath","value":"//input[contains(@id ,\"application-billingtransfer-display-component---billingWorkbench--smartFilterBar-btnBasicSearch\")]"}
COMMAND: POST /session/1078df7af42110589ce6729fcfa5b6f8/elements - {"using":"xpath","value":"//input[contains(@id ,\"application-billingtransfer-display-component---billingWorkbench--smartFilterBar-btnBasicSearch\")]"}
RESULT: {"using":"xpath","value":"//input[contains(@id ,\"application-billingtransfer-display-component---billingWorkbench--smartFilterBar-btnBasicSearch\")]"}
COMMAND: POST /session/1078df7af42110589ce6729fcfa5b6f8/elements - {"using":"xpath","value":"//input[contains(@id ,\"application-billingtransfer-display-component---billingWorkbench--smartFilterBar-btnBasicSearch\")]"}
RESULT: {"using":"xpath","value":"//input[contains(@id ,\"application-billingtransfer-display-component---billingWorkbench--smartFilterBar-btnBasicSearch\")]"}
COMMAND: POST /session/1078df7af42110589ce6729fcfa5b6f8/elements - {"using":"xpath","value":"//input[contains(@id ,\"application-billingtransfer-display-component---billingWorkbench--smartFilterBar-btnBasicSearch\")]"}
RESULT: {"using":"xpath","value":"//input[contains(@id ,\"application-billingtransfer-display-component---billingWorkbench--smartFilterBar-btnBasicSearch\")]"}
COMMAND: POST /session/1078df7af42110589ce6729fcfa5b6f8/elements - {"using":"xpath","value":"//input[contains(@id ,\"application-billingtransfer-display-component---billingWorkbench--smartFilterBar-btnBasicSearch\")]"}
RESULT: {"using":"xpath","value":"//input[contains(@id ,\"application-billingtransfer-display-component---billingWorkbench--smartFilterBar-btnBasicSearch\")]"}
COMMAND: POST /session/1078df7af42110589ce6729fcfa5b6f8/elements - {"using":"xpath","value":"//input[contains(@id ,\"application-billingtransfer-display-component---billingWorkbench--smartFilterBar-btnBasicSearch\")]"}
RESULT: {"using":"xpath","value":"//input[contains(@id ,\"application-billingtransfer-display-component---billingWorkbench--smartFilterBar-btnBasicSearch\")]"}
COMMAND: POST /session/1078df7af42110589ce6729fcfa5b6f8/elements - {"using":"xpath","value":"//input[contains(@id ,\"application-billingtransfer-display-component---billingWorkbench--smartFilterBar-btnBasicSearch\")]"}
RESULT: {"using":"xpath","value":"//input[contains(@id ,\"application-billingtransfer-display-component---billingWorkbench--smartFilterBar-btnBasicSearch\")]"}
COMMAND: POST /session/1078df7af42110589ce6729fcfa5b6f8/elements - {"using":"xpath","value":"//input[contains(@id ,\"application-billingtransfer-display-component---billingWorkbench--smartFilterBar-btnBasicSearch\")]"}
RESULT: {"using":"xpath","value":"//input[contains(@id ,\"application-billingtransfer-display-component---billingWorkbench--smartFilterBar-btnBasicSearch\")]"}
COMMAND: POST /session/1078df7af42110589ce6729fcfa5b6f8/elements - {"using":"xpath","value":"//input[contains(@id ,\"application-billingtransfer-display-component---billingWorkbench--smartFilterBar-btnBasicSearch\")]"}
RESULT: {"using":"xpath","value":"//input[contains(@id ,\"application-billingtransfer-display-component---billingWorkbench--smartFilterBar-btnBasicSearch\")]"}
COMMAND: POST /session/1078df7af42110589ce6729fcfa5b6f8/elements - {"using":"xpath","value":"//input[contains(@id ,\"application-billingtransfer-display-component---billingWorkbench--smartFilterBar-btnBasicSearch\")]"}
RESULT: {"using":"xpath","value":"//input[contains(@id ,\"application-billingtransfer-display-component---billingWorkbench--smartFilterBar-btnBasicSearch\")]"}
COMMAND: POST /session/1078df7af42110589ce6729fcfa5b6f8/elements - {"using":"xpath","value":"//input[contains(@id ,\"application-billingtransfer-display-component---billingWorkbench--smartFilterBar-btnBasicSearch\")]"}
RESULT: {"using":"xpath","value":"//input[contains(@id ,\"application-billingtransfer-display-component---billingWorkbench--smartFilterBar-btnBasicSearch\")]"}
COMMAND: POST /session/1078df7af42110589ce6729fcfa5b6f8/elements - {"using":"xpath","value":"//input[contains(@id ,\"application-billingtransfer-display-component---billingWorkbench--smartFilterBar-btnBasicSearch\")]"}
RESULT: {"using":"xpath","value":"//input[contains(@id ,\"application-billingtransfer-display-component---billingWorkbench--smartFilterBar-btnBasicSearch\")]"}
COMMAND: POST /session/1078df7af42110589ce6729fcfa5b6f8/elements - {"using":"xpath","value":"//input[contains(@id ,\"application-billingtransfer-display-component---billingWorkbench--smartFilterBar-btnBasicSearch\")]"}
RESULT: {"using":"xpath","value":"//input[contains(@id ,\"application-billingtransfer-display-component---billingWorkbench--smartFilterBar-btnBasicSearch\")]"}
COMMAND: POST /session/1078df7af42110589ce6729fcfa5b6f8/elements - {"using":"xpath","value":"//input[contains(@id ,\"application-billingtransfer-display-component---billingWorkbench--smartFilterBar-btnBasicSearch\")]"}
RESULT: {"using":"xpath","value":"//input[contains(@id ,\"application-billingtransfer-display-component---billingWorkbench--smartFilterBar-btnBasicSearch\")]"}
COMMAND: POST /session/1078df7af42110589ce6729fcfa5b6f8/elements - {"using":"xpath","value":"//input[contains(@id ,\"application-billingtransfer-display-component---billingWorkbench--smartFilterBar-btnBasicSearch\")]"}
RESULT: {"using":"xpath","value":"//input[contains(@id ,\"application-billingtransfer-display-component---billingWorkbench--smartFilterBar-btnBasicSearch\")]"}
COMMAND: POST /session/1078df7af42110589ce6729fcfa5b6f8/elements - {"using":"xpath","value":"//input[contains(@id ,\"application-billingtransfer-display-component---billingWorkbench--smartFilterBar-btnBasicSearch\")]"}
RESULT: {"using":"xpath","value":"//input[contains(@id ,\"application-billingtransfer-display-component---billingWorkbench--smartFilterBar-btnBasicSearch\")]"}
COMMAND: POST /session/1078df7af42110589ce6729fcfa5b6f8/elements - {"using":"xpath","value":"//input[contains(@id ,\"application-billingtransfer-display-component---billingWorkbench--smartFilterBar-btnBasicSearch\")]"}
RESULT: {"using":"xpath","value":"//input[contains(@id ,\"application-billingtransfer-display-component---billingWorkbench--smartFilterBar-btnBasicSearch\")]"}
COMMAND: POST /session/1078df7af42110589ce6729fcfa5b6f8/elements - {"using":"xpath","value":"//input[contains(@id ,\"application-billingtransfer-display-component---billingWorkbench--smartFilterBar-btnBasicSearch\")]"}
RESULT: {"using":"xpath","value":"//input[contains(@id ,\"application-billingtransfer-display-component---billingWorkbench--smartFilterBar-btnBasicSearch\")]"}
COMMAND: POST /session/1078df7af42110589ce6729fcfa5b6f8/elements - {"using":"xpath","value":"//input[contains(@id ,\"application-billingtransfer-display-component---billingWorkbench--smartFilterBar-btnBasicSearch\")]"}
RESULT: {"using":"xpath","value":"//input[contains(@id ,\"application-billingtransfer-display-component---billingWorkbench--smartFilterBar-btnBasicSearch\")]"}
COMMAND: POST /session/1078df7af42110589ce6729fcfa5b6f8/elements - {"using":"xpath","value":"//input[contains(@id ,\"application-billingtransfer-display-component---billingWorkbench--smartFilterBar-btnBasicSearch\")]"}
RESULT: {"using":"xpath","value":"//input[contains(@id ,\"application-billingtransfer-display-component---billingWorkbench--smartFilterBar-btnBasicSearch\")]"}
COMMAND: POST /session/1078df7af42110589ce6729fcfa5b6f8/elements - {"using":"xpath","value":"//input[contains(@id ,\"application-billingtransfer-display-component---billingWorkbench--smartFilterBar-btnBasicSearch\")]"}
RESULT: {"using":"xpath","value":"//input[contains(@id ,\"application-billingtransfer-display-component---billingWorkbench--smartFilterBar-btnBasicSearch\")]"}
COMMAND: POST /session/1078df7af42110589ce6729fcfa5b6f8/elements - {"using":"xpath","value":"//input[contains(@id ,\"application-billingtransfer-display-component---billingWorkbench--smartFilterBar-btnBasicSearch\")]"}
RESULT: {"using":"xpath","value":"//input[contains(@id ,\"application-billingtransfer-display-component---billingWorkbench--smartFilterBar-btnBasicSearch\")]"}
COMMAND: POST /session/1078df7af42110589ce6729fcfa5b6f8/elements - {"using":"xpath","value":"//input[contains(@id ,\"application-billingtransfer-display-component---billingWorkbench--smartFilterBar-btnBasicSearch\")]"}
RESULT: {"using":"xpath","value":"//input[contains(@id ,\"application-billingtransfer-display-component---billingWorkbench--smartFilterBar-btnBasicSearch\")]"}
COMMAND: POST /session/1078df7af42110589ce6729fcfa5b6f8/elements - {"using":"xpath","value":"//input[contains(@id ,\"application-billingtransfer-display-component---billingWorkbench--smartFilterBar-btnBasicSearch\")]"}
RESULT: {"using":"xpath","value":"//input[contains(@id ,\"application-billingtransfer-display-component---billingWorkbench--smartFilterBar-btnBasicSearch\")]"}
COMMAND: POST /session/1078df7af42110589ce6729fcfa5b6f8/elements - {"using":"xpath","value":"//input[contains(@id ,\"application-billingtransfer-display-component---billingWorkbench--smartFilterBar-btnBasicSearch\")]"}
RESULT: {"using":"xpath","value":"//input[contains(@id ,\"application-billingtransfer-display-component---billingWorkbench--smartFilterBar-btnBasicSearch\")]"}
COMMAND: POST /session/1078df7af42110589ce6729fcfa5b6f8/elements - {"using":"xpath","value":"//input[contains(@id ,\"application-billingtransfer-display-component---billingWorkbench--smartFilterBar-btnBasicSearch\")]"}
RESULT: {"using":"xpath","value":"//input[contains(@id ,\"application-billingtransfer-display-component---billingWorkbench--smartFilterBar-btnBasicSearch\")]"}
COMMAND: POST /session/1078df7af42110589ce6729fcfa5b6f8/elements - {"using":"xpath","value":"//input[contains(@id ,\"application-billingtransfer-display-component---billingWorkbench--smartFilterBar-btnBasicSearch\")]"}
RESULT: {"using":"xpath","value":"//input[contains(@id ,\"application-billingtransfer-display-component---billingWorkbench--smartFilterBar-btnBasicSearch\")]"}
COMMAND: POST /session/1078df7af42110589ce6729fcfa5b6f8/elements - {"using":"xpath","value":"//input[contains(@id ,\"application-billingtransfer-display-component---billingWorkbench--smartFilterBar-btnBasicSearch\")]"}
RESULT: {"using":"xpath","value":"//input[contains(@id ,\"application-billingtransfer-display-component---billingWorkbench--smartFilterBar-btnBasicSearch\")]"}
COMMAND: POST /session/1078df7af42110589ce6729fcfa5b6f8/elements - {"using":"xpath","value":"//input[contains(@id ,\"application-billingtransfer-display-component---billingWorkbench--smartFilterBar-btnBasicSearch\")]"}
RESULT: {"using":"xpath","value":"//input[contains(@id ,\"application-billingtransfer-display-component---billingWorkbench--smartFilterBar-btnBasicSearch\")]"}
COMMAND: POST /session/1078df7af42110589ce6729fcfa5b6f8/elements - {"using":"xpath","value":"//input[contains(@id ,\"application-billingtransfer-display-component---billingWorkbench--smartFilterBar-btnBasicSearch\")]"}
RESULT: {"using":"xpath","value":"//input[contains(@id ,\"application-billingtransfer-display-component---billingWorkbench--smartFilterBar-btnBasicSearch\")]"}
COMMAND: POST /session/1078df7af42110589ce6729fcfa5b6f8/elements - {"using":"xpath","value":"//input[contains(@id ,\"application-billingtransfer-display-component---billingWorkbench--smartFilterBar-btnBasicSearch\")]"}
RESULT: {"using":"xpath","value":"//input[contains(@id ,\"application-billingtransfer-display-component---billingWorkbench--smartFilterBar-btnBasicSearch\")]"}
COMMAND: POST /session/1078df7af42110589ce6729fcfa5b6f8/elements - {"using":"xpath","value":"//input[contains(@id ,\"application-billingtransfer-display-component---billingWorkbench--smartFilterBar-btnBasicSearch\")]"}
RESULT: {"using":"xpath","value":"//input[contains(@id ,\"application-billingtransfer-display-component---billingWorkbench--smartFilterBar-btnBasicSearch\")]"}
COMMAND: POST /session/1078df7af42110589ce6729fcfa5b6f8/elements - {"using":"xpath","value":"//input[contains(@id ,\"application-billingtransfer-display-component---billingWorkbench--smartFilterBar-btnBasicSearch\")]"}
RESULT: {"using":"xpath","value":"//input[contains(@id ,\"application-billingtransfer-display-component---billingWorkbench--smartFilterBar-btnBasicSearch\")]"}
COMMAND: POST /session/1078df7af42110589ce6729fcfa5b6f8/elements - {"using":"xpath","value":"//input[contains(@id ,\"application-billingtransfer-display-component---billingWorkbench--smartFilterBar-btnBasicSearch\")]"}
RESULT: {"using":"xpath","value":"//input[contains(@id ,\"application-billingtransfer-display-component---billingWorkbench--smartFilterBar-btnBasicSearch\")]"}
COMMAND: POST /session/1078df7af42110589ce6729fcfa5b6f8/elements - {"using":"xpath","value":"//input[contains(@id ,\"application-billingtransfer-display-component---billingWorkbench--smartFilterBar-btnBasicSearch\")]"}
RESULT: {"using":"xpath","value":"//input[contains(@id ,\"application-billingtransfer-display-component---billingWorkbench--smartFilterBar-btnBasicSearch\")]"}
COMMAND: POST /session/1078df7af42110589ce6729fcfa5b6f8/elements - {"using":"xpath","value":"//input[contains(@id ,\"application-billingtransfer-display-component---billingWorkbench--smartFilterBar-btnBasicSearch\")]"}
RESULT: {"using":"xpath","value":"//input[contains(@id ,\"application-billingtransfer-display-component---billingWorkbench--smartFilterBar-btnBasicSearch\")]"}
COMMAND: POST /session/1078df7af42110589ce6729fcfa5b6f8/elements - {"using":"xpath","value":"//input[contains(@id ,\"application-billingtransfer-display-component---billingWorkbench--smartFilterBar-btnBasicSearch\")]"}
COMMAND: GET /session/1078df7af42110589ce6729fcfa5b6f8/screenshot - {}
RESULT: {"using":"xpath","value":"//input[contains(@id ,\"application-billingtransfer-display-component---billingWorkbench--smartFilterBar-btnBasicSearch\")]"}
RESULT: {}
COMMAND: POST /session/1078df7af42110589ce6729fcfa5b6f8/element - {"using":"css selector","value":"#j_username"}
COMMAND: POST /session/1078df7af42110589ce6729fcfa5b6f8/url - {"url":"https://qa-testing-00-live-etm-ui.cfapps.eu10-004.hana.ondemand.com/"}
COMMAND: GET /session/1078df7af42110589ce6729fcfa5b6f8/screenshot - {}
COMMAND: GET /session/1078df7af42110589ce6729fcfa5b6f8/screenshot - {}
RESULT: {"using":"css selector","value":"#j_username"}
COMMAND: POST /session/1078df7af42110589ce6729fcfa5b6f8/element - {"using":"css selector","value":"#j_username"}
RESULT: {"url":"https://qa-testing-00-live-etm-ui.cfapps.eu10-004.hana.ondemand.com/"}
RESULT: undefined
COMMAND: GET /session/1078df7af42110589ce6729fcfa5b6f8/screenshot - {}
RESULT: {}
RESULT: {}
RESULT: {"using":"css selector","value":"#j_username"}
COMMAND: POST /session/1078df7af42110589ce6729fcfa5b6f8/element - {"using":"css selector","value":"#shell-header-logo"}
RESULT: {}
RESULT: {"using":"css selector","value":"#shell-header-logo"}
COMMAND: POST /session/1078df7af42110589ce6729fcfa5b6f8/execute/sync - {"script":"<script> [8489 bytes]","args":[{"element-6066-11e4-a52e-4f735466cecf":"f.BA343095ED0ABE7E3673784E64AE5F80.d.8CCE3754C16D4B2519AD7C1D474192E6.e.12508","ELEMENT":"f.BA343095ED0ABE7E3673784E64AE5F80.d.8CCE3754C16D4B2519AD7C1D474192E6.e.12508"}]}
RESULT: {"script":"<script> [8489 bytes]","args":[{"element-6066-11e4-a52e-4f735466cecf":"f.BA343095ED0ABE7E3673784E64AE5F80.d.8CCE3754C16D4B2519AD7C1D474192E6.e.12508","ELEMENT":"f.BA343095ED0ABE7E3673784E64AE5F80.d.8CCE3754C16D4B2519AD7C1D474192E6.e.12508"}]}
COMMAND: POST /session/1078df7af42110589ce6729fcfa5b6f8/element - {"using":"css selector","value":"#shell-header-logo"}
COMMAND: GET /session/1078df7af42110589ce6729fcfa5b6f8/screenshot - {}
RESULT: {"using":"css selector","value":"#shell-header-logo"}
COMMAND: POST /session/1078df7af42110589ce6729fcfa5b6f8/execute/sync - {"script":"<script> [8489 bytes]","args":[{"element-6066-11e4-a52e-4f735466cecf":"f.BA343095ED0ABE7E3673784E64AE5F80.d.8CCE3754C16D4B2519AD7C1D474192E6.e.12508","ELEMENT":"f.BA343095ED0ABE7E3673784E64AE5F80.d.8CCE3754C16D4B2519AD7C1D474192E6.e.12508"}]}
RESULT: {}
RESULT: {"script":"<script> [8489 bytes]","args":[{"element-6066-11e4-a52e-4f735466cecf":"f.BA343095ED0ABE7E3673784E64AE5F80.d.8CCE3754C16D4B2519AD7C1D474192E6.e.12508","ELEMENT":"f.BA343095ED0ABE7E3673784E64AE5F80.d.8CCE3754C16D4B2519AD7C1D474192E6.e.12508"}]}
COMMAND: POST /session/1078df7af42110589ce6729fcfa5b6f8/execute/sync - {"script":"<script> [5351 bytes]","args":[{"element-6066-11e4-a52e-4f735466cecf":"f.BA343095ED0ABE7E3673784E64AE5F80.d.8CCE3754C16D4B2519AD7C1D474192E6.e.12508","ELEMENT":"f.BA343095ED0ABE7E3673784E64AE5F80.d.8CCE3754C16D4B2519AD7C1D474192E6.e.12508"}]}
COMMAND: GET /session/1078df7af42110589ce6729fcfa5b6f8/screenshot - {}
RESULT: {"script":"<script> [5351 bytes]","args":[{"element-6066-11e4-a52e-4f735466cecf":"f.BA343095ED0ABE7E3673784E64AE5F80.d.8CCE3754C16D4B2519AD7C1D474192E6.e.12508","ELEMENT":"f.BA343095ED0ABE7E3673784E64AE5F80.d.8CCE3754C16D4B2519AD7C1D474192E6.e.12508"}]}
COMMAND: POST /session/1078df7af42110589ce6729fcfa5b6f8/element - {"using":"css selector","value":"#shell-header-logo"}
COMMAND: GET /session/1078df7af42110589ce6729fcfa5b6f8/screenshot - {}
RESULT: {}
RESULT: {"using":"css selector","value":"#shell-header-logo"}
COMMAND: POST /session/1078df7af42110589ce6729fcfa5b6f8/element/f.BA343095ED0ABE7E3673784E64AE5F80.d.8CCE3754C16D4B2519AD7C1D474192E6.e.12508/click - {}
RESULT: {}
RESULT: {}
COMMAND: GET /session/1078df7af42110589ce6729fcfa5b6f8/screenshot - {}
RESULT: {}
COMMAND: POST /session/1078df7af42110589ce6729fcfa5b6f8/execute/async - {"script":"<script> [189 bytes]","args":[]}
RESULT: {"script":"<script> [189 bytes]","args":[]}
COMMAND: POST /session/1078df7af42110589ce6729fcfa5b6f8/execute/async - {"script":"<script> [123 bytes]","args":[]}
RESULT: {"script":"<script> [123 bytes]","args":[]}
COMMAND: POST /session/1078df7af42110589ce6729fcfa5b6f8/timeouts - {"script":"<number>"}
RESULT: {"script":"<number>"}
COMMAND: GET /session/1078df7af42110589ce6729fcfa5b6f8/timeouts - {}
RESULT: {}
RESULT: undefined
COMMAND: POST /session/1078df7af42110589ce6729fcfa5b6f8/execute/async - {"script":"<script> [2676 bytes]","args":[]}
RESULT: {"script":"<script> [2676 bytes]","args":[]}
COMMAND: POST /session/1078df7af42110589ce6729fcfa5b6f8/execute/async - {"script":"<script> [2342 bytes]","args":[{"protocol":"http","hostname":"0.0.0.0","path":"/","capabilities":{"browserName":"chrome","goog:chromeOptions":{"binary":"C:\\Program Files\\Google\\Chrome\\Application\\chrome.exe","args":["--start-maximized"]}},"logLevel":"warn","connectionRetryTimeout":120000,"connectionRetryCount":3,"logLevels":{},"enableDirectConnect":true,"strictSSL":true,"_":"65 more keys: [\"cacheDir\",\"port\",\"requestedCapabilities\",\"automationProtocol\",\"baseUrl\",\"waitforInterval\",\"waitforTimeout\",\"onReload\",\"beforeCommand\",\"afterCommand\",\"rootDir\",\"specs\",\"suites\",\"exclude\",\"groupLogsByTestSpec\",\"excludeDriverLogs\",\"bail\",\"framework\",\"reporters\",\"services\",\"maxInstances\",\"maxInstancesPerCapability\",\"injectGlobals\",\"filesToWatch\",\"execArgv\",\"runnerEnv\",\"runner\",\"shard\",\"specFileRetries\",\"specFileRetriesDelay\",\"specFileRetriesDeferred\",\"reporterSyncInterval\",\"reporterSyncTimeout\",\"cucumberFeaturesWithLineNumbers\",\"autoCompileOpts\",\"mochaOpts\",\"jasmineOpts\",\"cucumberOpts\",\"onPrepare\",\"onWorkerStart\",\"onWorkerEnd\",\"before\",\"beforeSession\",\"beforeSuite\",\"beforeHook\",\"beforeTest\",\"afterTest\",\"afterHook\",\"afterSuite\",\"afterSession\",\"after\",\"onComplete\",\"beforeAssertion\",\"afterAssertion\",\"beforeFeature\",\"beforeScenario\",\"beforeStep\",\"afterStep\",\"afterScenario\",\"afterFeature\",\"_\",\"suite\",\"$0\",\"ignoredWorkerServices\",\"wdi5\"]"}]}
RESULT: {"script":"<script> [2342 bytes]","args":[{"protocol":"http","hostname":"0.0.0.0","path":"/","capabilities":{"browserName":"chrome","goog:chromeOptions":{"binary":"C:\\Program Files\\Google\\Chrome\\Application\\chrome.exe","args":["--start-maximized"]}},"logLevel":"warn","connectionRetryTimeout":120000,"connectionRetryCount":3,"logLevels":{},"enableDirectConnect":true,"strictSSL":true,"_":"65 more keys: [\"cacheDir\",\"port\",\"requestedCapabilities\",\"automationProtocol\",\"baseUrl\",\"waitforInterval\",\"waitforTimeout\",\"onReload\",\"beforeCommand\",\"afterCommand\",\"rootDir\",\"specs\",\"suites\",\"exclude\",\"groupLogsByTestSpec\",\"excludeDriverLogs\",\"bail\",\"framework\",\"reporters\",\"services\",\"maxInstances\",\"maxInstancesPerCapability\",\"injectGlobals\",\"filesToWatch\",\"execArgv\",\"runnerEnv\",\"runner\",\"shard\",\"specFileRetries\",\"specFileRetriesDelay\",\"specFileRetriesDeferred\",\"reporterSyncInterval\",\"reporterSyncTimeout\",\"cucumberFeaturesWithLineNumbers\",\"autoCompileOpts\",\"mochaOpts\",\"jasmineOpts\",\"cucumberOpts\",\"onPrepare\",\"onWorkerStart\",\"onWorkerEnd\",\"before\",\"beforeSession\",\"beforeSuite\",\"beforeHook\",\"beforeTest\",\"afterTest\",\"afterHook\",\"afterSuite\",\"afterSession\",\"after\",\"onComplete\",\"beforeAssertion\",\"afterAssertion\",\"beforeFeature\",\"beforeScenario\",\"beforeStep\",\"afterStep\",\"afterScenario\",\"afterFeature\",\"_\",\"suite\",\"$0\",\"ignoredWorkerServices\",\"wdi5\"]"}]}
COMMAND: POST /session/1078df7af42110589ce6729fcfa5b6f8/execute/async - {"script":"<script> [21126 bytes]","args":[35000]}
RESULT: {"script":"<script> [21126 bytes]","args":[35000]}
COMMAND: POST /session/1078df7af42110589ce6729fcfa5b6f8/window/maximize - {}
RESULT: {}
COMMAND: POST /session/1078df7af42110589ce6729fcfa5b6f8/execute/async - {"script":"<script> [1562 bytes]","args":[{"selector":{"id":"shell-header","interaction":{"idSuffix":"icon"}},"wdio_ui5_key":"shellheader"}]}
COMMAND: GET /session/1078df7af42110589ce6729fcfa5b6f8/screenshot - {}
RESULT: {"script":"<script> [1562 bytes]","args":[{"selector":{"id":"shell-header","interaction":{"idSuffix":"icon"}},"wdio_ui5_key":"shellheader"}]}
RESULT: undefined
COMMAND: POST /session/1078df7af42110589ce6729fcfa5b6f8/refresh - {}
RESULT: {}
RESULT: {}
COMMAND: GET /session/1078df7af42110589ce6729fcfa5b6f8/screenshot - {}
RESULT: {}
COMMAND: POST /session/1078df7af42110589ce6729fcfa5b6f8/refresh - {}
RESULT: {}
COMMAND: GET /session/1078df7af42110589ce6729fcfa5b6f8/screenshot - {}
RESULT: {}
COMMAND: POST /session/1078df7af42110589ce6729fcfa5b6f8/window/fullscreen - {}
RESULT: {}
COMMAND: POST /session/1078df7af42110589ce6729fcfa5b6f8/execute/async - {"script":"<script> [189 bytes]","args":[]}
RESULT: {"script":"<script> [189 bytes]","args":[]}
COMMAND: POST /session/1078df7af42110589ce6729fcfa5b6f8/execute/async - {"script":"<script> [123 bytes]","args":[]}
RESULT: {"script":"<script> [123 bytes]","args":[]}
COMMAND: POST /session/1078df7af42110589ce6729fcfa5b6f8/timeouts - {"script":"<number>"}
RESULT: {"script":"<number>"}
COMMAND: GET /session/1078df7af42110589ce6729fcfa5b6f8/timeouts - {}
RESULT: {}
RESULT: undefined
COMMAND: POST /session/1078df7af42110589ce6729fcfa5b6f8/execute/async - {"script":"<script> [2676 bytes]","args":[]}
RESULT: {"script":"<script> [2676 bytes]","args":[]}
COMMAND: POST /session/1078df7af42110589ce6729fcfa5b6f8/execute/async - {"script":"<script> [2342 bytes]","args":[{"protocol":"http","hostname":"0.0.0.0","path":"/","capabilities":{"browserName":"chrome","goog:chromeOptions":{"binary":"C:\\Program Files\\Google\\Chrome\\Application\\chrome.exe","args":["--start-maximized"]}},"logLevel":"warn","connectionRetryTimeout":120000,"connectionRetryCount":3,"logLevels":{},"enableDirectConnect":true,"strictSSL":true,"_":"65 more keys: [\"cacheDir\",\"port\",\"requestedCapabilities\",\"automationProtocol\",\"baseUrl\",\"waitforInterval\",\"waitforTimeout\",\"onReload\",\"beforeCommand\",\"afterCommand\",\"rootDir\",\"specs\",\"suites\",\"exclude\",\"groupLogsByTestSpec\",\"excludeDriverLogs\",\"bail\",\"framework\",\"reporters\",\"services\",\"maxInstances\",\"maxInstancesPerCapability\",\"injectGlobals\",\"filesToWatch\",\"execArgv\",\"runnerEnv\",\"runner\",\"shard\",\"specFileRetries\",\"specFileRetriesDelay\",\"specFileRetriesDeferred\",\"reporterSyncInterval\",\"reporterSyncTimeout\",\"cucumberFeaturesWithLineNumbers\",\"autoCompileOpts\",\"mochaOpts\",\"jasmineOpts\",\"cucumberOpts\",\"onPrepare\",\"onWorkerStart\",\"onWorkerEnd\",\"before\",\"beforeSession\",\"beforeSuite\",\"beforeHook\",\"beforeTest\",\"afterTest\",\"afterHook\",\"afterSuite\",\"afterSession\",\"after\",\"onComplete\",\"beforeAssertion\",\"afterAssertion\",\"beforeFeature\",\"beforeScenario\",\"beforeStep\",\"afterStep\",\"afterScenario\",\"afterFeature\",\"_\",\"suite\",\"$0\",\"ignoredWorkerServices\",\"wdi5\"]"}]}
RESULT: {"script":"<script> [2342 bytes]","args":[{"protocol":"http","hostname":"0.0.0.0","path":"/","capabilities":{"browserName":"chrome","goog:chromeOptions":{"binary":"C:\\Program Files\\Google\\Chrome\\Application\\chrome.exe","args":["--start-maximized"]}},"logLevel":"warn","connectionRetryTimeout":120000,"connectionRetryCount":3,"logLevels":{},"enableDirectConnect":true,"strictSSL":true,"_":"65 more keys: [\"cacheDir\",\"port\",\"requestedCapabilities\",\"automationProtocol\",\"baseUrl\",\"waitforInterval\",\"waitforTimeout\",\"onReload\",\"beforeCommand\",\"afterCommand\",\"rootDir\",\"specs\",\"suites\",\"exclude\",\"groupLogsByTestSpec\",\"excludeDriverLogs\",\"bail\",\"framework\",\"reporters\",\"services\",\"maxInstances\",\"maxInstancesPerCapability\",\"injectGlobals\",\"filesToWatch\",\"execArgv\",\"runnerEnv\",\"runner\",\"shard\",\"specFileRetries\",\"specFileRetriesDelay\",\"specFileRetriesDeferred\",\"reporterSyncInterval\",\"reporterSyncTimeout\",\"cucumberFeaturesWithLineNumbers\",\"autoCompileOpts\",\"mochaOpts\",\"jasmineOpts\",\"cucumberOpts\",\"onPrepare\",\"onWorkerStart\",\"onWorkerEnd\",\"before\",\"beforeSession\",\"beforeSuite\",\"beforeHook\",\"beforeTest\",\"afterTest\",\"afterHook\",\"afterSuite\",\"afterSession\",\"after\",\"onComplete\",\"beforeAssertion\",\"afterAssertion\",\"beforeFeature\",\"beforeScenario\",\"beforeStep\",\"afterStep\",\"afterScenario\",\"afterFeature\",\"_\",\"suite\",\"$0\",\"ignoredWorkerServices\",\"wdi5\"]"}]}
COMMAND: POST /session/1078df7af42110589ce6729fcfa5b6f8/execute/async - {"script":"<script> [21126 bytes]","args":[35000]}
RESULT: {"script":"<script> [21126 bytes]","args":[35000]}
]]></system-out>
      <system-err><![CDATA[
Error: element ("//input[contains(@id ,"application-billingtransfer-display-component---billingWorkbench--smartFilterBar-btnBasicSearch")]") still not existing after 45000ms
    at async UtilsPrerequisites.narrowDownSearchBT (D:\a\1\s\test\specs\BTS\prerequisites-and-utils-functions.js:2882:9)
    at async UtilsPrerequisites.billingTransfer (D:\a\1\s\test\specs\BTS\prerequisites-and-utils-functions.js:2807:9)
    at async Context.<anonymous> (D:\a\1\s\test\specs\BTS\billing-transfer.spec.js:104:9)
]]></system-err>
    </testcase>
  </testsuite>
  <testsuite timestamp="2025-06-01T18:14:00" time="713.572" tests="12" failures="6" errors="6" skipped="0">
    <properties>
      <property name="specId" value="0"/>
      <property name="suiteName" value="Create Reverse Billing US127248"/>
      <property name="capabilities" value="chrome.136_0_7103_93.windows"/>
      <property name="file" value="file:///D:/a/1/s/test/specs/BTS/reverse-billing.spec.js"/>
    </properties>
    <testcase classname="chrome.136_0_7103_93.windows.Create_Reverse_Billing_US127248" name="Should create a new yard" time="0.011">
      <system-out><![CDATA[
COMMAND: POST /session/1078df7af42110589ce6729fcfa5b6f8/window/fullscreen - {}
RESULT: {}
]]></system-out>
    </testcase>
    <testcase classname="chrome.136_0_7103_93.windows.Create_Reverse_Billing_US127248" name="Should create a new partner" time="0.004"/>
    <testcase classname="chrome.136_0_7103_93.windows.Create_Reverse_Billing_US127248" name="Should create a new site" time="0.003"/>
    <testcase classname="chrome.136_0_7103_93.windows.Create_Reverse_Billing_US127248" name="Should create a resource" time="129.568">
      <system-out><![CDATA[
COMMAND: POST /session/1078df7af42110589ce6729fcfa5b6f8/execute/async - {"script":"<script> [1562 bytes]","args":[{"selector":{"controlType":"sap.m.GenericTile","properties":{"header":"Manage Resources"}},"wdio_ui5_key":"sapm.GenericTile{\"header\":\"Manage Resources\"}"}]}
RESULT: {"script":"<script> [1562 bytes]","args":[{"selector":{"controlType":"sap.m.GenericTile","properties":{"header":"Manage Resources"}},"wdio_ui5_key":"sapm.GenericTile{\"header\":\"Manage Resources\"}"}]}
RESULT: undefined
COMMAND: POST /session/1078df7af42110589ce6729fcfa5b6f8/element - {"using":"xpath","value":"//*[@id=\"__tile39\"]"}
RESULT: {"using":"xpath","value":"//*[@id=\"__tile39\"]"}
COMMAND: POST /session/1078df7af42110589ce6729fcfa5b6f8/element/f.BA343095ED0ABE7E3673784E64AE5F80.d.A0D4C76A680E11EF84D4044395662750.e.12654/click - {}
RESULT: {}
COMMAND: GET /session/1078df7af42110589ce6729fcfa5b6f8/screenshot - {}
RESULT: {}
COMMAND: POST /session/1078df7af42110589ce6729fcfa5b6f8/elements - {"using":"xpath","value":"//span[text()='Error']"}
RESULT: {"using":"xpath","value":"//span[text()='Error']"}
COMMAND: POST /session/1078df7af42110589ce6729fcfa5b6f8/element - {"using":"xpath","value":"//button[@data-kt=\"addNewRUOverflowToolbarButton\"]"}
RESULT: {"using":"xpath","value":"//button[@data-kt=\"addNewRUOverflowToolbarButton\"]"}
COMMAND: POST /session/1078df7af42110589ce6729fcfa5b6f8/elements - {"using":"xpath","value":"//button[@data-kt=\"addNewRUOverflowToolbarButton\"]"}
RESULT: {"using":"xpath","value":"//button[@data-kt=\"addNewRUOverflowToolbarButton\"]"}
COMMAND: POST /session/1078df7af42110589ce6729fcfa5b6f8/execute/sync - {"script":"<script> [8489 bytes]","args":[{"element-6066-11e4-a52e-4f735466cecf":"f.BA343095ED0ABE7E3673784E64AE5F80.d.A0D4C76A680E11EF84D4044395662750.e.12793","ELEMENT":"f.BA343095ED0ABE7E3673784E64AE5F80.d.A0D4C76A680E11EF84D4044395662750.e.12793"}]}
RESULT: {"script":"<script> [8489 bytes]","args":[{"element-6066-11e4-a52e-4f735466cecf":"f.BA343095ED0ABE7E3673784E64AE5F80.d.A0D4C76A680E11EF84D4044395662750.e.12793","ELEMENT":"f.BA343095ED0ABE7E3673784E64AE5F80.d.A0D4C76A680E11EF84D4044395662750.e.12793"}]}
COMMAND: GET /session/1078df7af42110589ce6729fcfa5b6f8/element/f.BA343095ED0ABE7E3673784E64AE5F80.d.A0D4C76A680E11EF84D4044395662750.e.12793/enabled - {}
COMMAND: GET /session/1078df7af42110589ce6729fcfa5b6f8/screenshot - {}
RESULT: {}
COMMAND: POST /session/1078df7af42110589ce6729fcfa5b6f8/execute/sync - {"script":"<script> [8489 bytes]","args":[{"element-6066-11e4-a52e-4f735466cecf":"f.BA343095ED0ABE7E3673784E64AE5F80.d.A0D4C76A680E11EF84D4044395662750.e.12793","ELEMENT":"f.BA343095ED0ABE7E3673784E64AE5F80.d.A0D4C76A680E11EF84D4044395662750.e.12793"}]}
COMMAND: GET /session/1078df7af42110589ce6729fcfa5b6f8/screenshot - {}
RESULT: {}
RESULT: {"script":"<script> [8489 bytes]","args":[{"element-6066-11e4-a52e-4f735466cecf":"f.BA343095ED0ABE7E3673784E64AE5F80.d.A0D4C76A680E11EF84D4044395662750.e.12793","ELEMENT":"f.BA343095ED0ABE7E3673784E64AE5F80.d.A0D4C76A680E11EF84D4044395662750.e.12793"}]}
COMMAND: POST /session/1078df7af42110589ce6729fcfa5b6f8/execute/sync - {"script":"<script> [5351 bytes]","args":[{"element-6066-11e4-a52e-4f735466cecf":"f.BA343095ED0ABE7E3673784E64AE5F80.d.A0D4C76A680E11EF84D4044395662750.e.12793","ELEMENT":"f.BA343095ED0ABE7E3673784E64AE5F80.d.A0D4C76A680E11EF84D4044395662750.e.12793"}]}
COMMAND: GET /session/1078df7af42110589ce6729fcfa5b6f8/screenshot - {}
RESULT: {}
RESULT: {"script":"<script> [5351 bytes]","args":[{"element-6066-11e4-a52e-4f735466cecf":"f.BA343095ED0ABE7E3673784E64AE5F80.d.A0D4C76A680E11EF84D4044395662750.e.12793","ELEMENT":"f.BA343095ED0ABE7E3673784E64AE5F80.d.A0D4C76A680E11EF84D4044395662750.e.12793"}]}
COMMAND: POST /session/1078df7af42110589ce6729fcfa5b6f8/element/f.BA343095ED0ABE7E3673784E64AE5F80.d.A0D4C76A680E11EF84D4044395662750.e.12793/click - {}
COMMAND: GET /session/1078df7af42110589ce6729fcfa5b6f8/screenshot - {}
RESULT: {}
RESULT: {}
COMMAND: GET /session/1078df7af42110589ce6729fcfa5b6f8/screenshot - {}
RESULT: {}
RESULT: {}
COMMAND: POST /session/1078df7af42110589ce6729fcfa5b6f8/execute/async - {"script":"<script> [1562 bytes]","args":[{"selector":{"id":"application-manageresources-display-component---newResourceUnit--TYPE-arrow"},"wdio_ui5_key":"applicationmanageresources-display-component---newResourceUnit--TYPE-arrow"}]}
RESULT: {"script":"<script> [1562 bytes]","args":[{"selector":{"id":"application-manageresources-display-component---newResourceUnit--TYPE-arrow"},"wdio_ui5_key":"applicationmanageresources-display-component---newResourceUnit--TYPE-arrow"}]}
RESULT: undefined
COMMAND: POST /session/1078df7af42110589ce6729fcfa5b6f8/element - {"using":"xpath","value":"//*[@id=\"application-manageresources-display-component---newResourceUnit--TYPE-arrow\"]"}
RESULT: {"using":"xpath","value":"//*[@id=\"application-manageresources-display-component---newResourceUnit--TYPE-arrow\"]"}
COMMAND: POST /session/1078df7af42110589ce6729fcfa5b6f8/element/f.BA343095ED0ABE7E3673784E64AE5F80.d.A0D4C76A680E11EF84D4044395662750.e.13170/click - {}
RESULT: {}
COMMAND: POST /session/1078df7af42110589ce6729fcfa5b6f8/element - {"using":"xpath","value":"//input[@id=\"application-manageresources-display-component---newResourceUnit--TYPE-inner\"]"}
COMMAND: GET /session/1078df7af42110589ce6729fcfa5b6f8/screenshot - {}
RESULT: {"using":"xpath","value":"//input[@id=\"application-manageresources-display-component---newResourceUnit--TYPE-inner\"]"}
COMMAND: POST /session/1078df7af42110589ce6729fcfa5b6f8/element/f.BA343095ED0ABE7E3673784E64AE5F80.d.A0D4C76A680E11EF84D4044395662750.e.13146/clear - {}
RESULT: {}
RESULT: {}
COMMAND: POST /session/1078df7af42110589ce6729fcfa5b6f8/element/f.BA343095ED0ABE7E3673784E64AE5F80.d.A0D4C76A680E11EF84D4044395662750.e.13146/value - {"text":"Equipment"}
COMMAND: GET /session/1078df7af42110589ce6729fcfa5b6f8/screenshot - {}
RESULT: {"text":"Equipment"}
COMMAND: GET /session/1078df7af42110589ce6729fcfa5b6f8/screenshot - {}
RESULT: {}
RESULT: {}
COMMAND: POST /session/1078df7af42110589ce6729fcfa5b6f8/actions - {"actions":[{"id":"action45","type":"key","parameters":{},"actions":[{"type":"keyDown","value":""},{"type":"pause","duration":10},{"type":"keyUp","value":""}]}]}
RESULT: {"actions":[{"id":"action45","type":"key","parameters":{},"actions":[{"type":"keyDown","value":""},{"type":"pause","duration":10},{"type":"keyUp","value":""}]}]}
COMMAND: POST /session/1078df7af42110589ce6729fcfa5b6f8/execute/async - {"script":"<script> [1562 bytes]","args":[{"selector":{"id":"application-manageresources-display-component---newResourceUnit--resourceId","interaction":{"idSuffix":"inner"}},"wdio_ui5_key":"applicationmanageresources-display-component---newResourceUnit--resourceId"}]}
COMMAND: GET /session/1078df7af42110589ce6729fcfa5b6f8/screenshot - {}
RESULT: {"script":"<script> [1562 bytes]","args":[{"selector":{"id":"application-manageresources-display-component---newResourceUnit--resourceId","interaction":{"idSuffix":"inner"}},"wdio_ui5_key":"applicationmanageresources-display-component---newResourceUnit--resourceId"}]}
RESULT: undefined
COMMAND: POST /session/1078df7af42110589ce6729fcfa5b6f8/execute/async - {"script":"<script> [776 bytes]","args":[{"enterText":"FhVMRSyIe4","selector":{"id":"application-manageresources-display-component---newResourceUnit--resourceId","interaction":{"idSuffix":"inner"}},"clearTextFirst":true,"interactionType":"ENTER_TEXT"}]}
RESULT: {}
RESULT: {"script":"<script> [776 bytes]","args":[{"enterText":"FhVMRSyIe4","selector":{"id":"application-manageresources-display-component---newResourceUnit--resourceId","interaction":{"idSuffix":"inner"}},"clearTextFirst":true,"interactionType":"ENTER_TEXT"}]}
COMMAND: POST /session/1078df7af42110589ce6729fcfa5b6f8/execute/async - {"script":"<script> [1562 bytes]","args":[{"selector":{"id":"application-manageresources-display-component---newResourceUnit--SHORT_TEXT","interaction":{"idSuffix":"inner"}},"wdio_ui5_key":"applicationmanageresources-display-component---newResourceUnit--SHORT_TEXT"}]}
RESULT: {"script":"<script> [1562 bytes]","args":[{"selector":{"id":"application-manageresources-display-component---newResourceUnit--SHORT_TEXT","interaction":{"idSuffix":"inner"}},"wdio_ui5_key":"applicationmanageresources-display-component---newResourceUnit--SHORT_TEXT"}]}
RESULT: undefined
COMMAND: POST /session/1078df7af42110589ce6729fcfa5b6f8/execute/async - {"script":"<script> [776 bytes]","args":[{"enterText":"Intercompany Equipment WDIO","selector":{"id":"application-manageresources-display-component---newResourceUnit--SHORT_TEXT","interaction":{"idSuffix":"inner"}},"clearTextFirst":true,"interactionType":"ENTER_TEXT"}]}
RESULT: {"script":"<script> [776 bytes]","args":[{"enterText":"Intercompany Equipment WDIO","selector":{"id":"application-manageresources-display-component---newResourceUnit--SHORT_TEXT","interaction":{"idSuffix":"inner"}},"clearTextFirst":true,"interactionType":"ENTER_TEXT"}]}
COMMAND: POST /session/1078df7af42110589ce6729fcfa5b6f8/execute/async - {"script":"<script> [1562 bytes]","args":[{"selector":{"id":"application-manageresources-display-component---newResourceUnit--BASE_UNIT_OF_MEASURE","interaction":{"idSuffix":"inner"}},"wdio_ui5_key":"applicationmanageresources-display-component---newResourceUnit--BASE_UNIT_OF_MEASURE"}]}
RESULT: {"script":"<script> [1562 bytes]","args":[{"selector":{"id":"application-manageresources-display-component---newResourceUnit--BASE_UNIT_OF_MEASURE","interaction":{"idSuffix":"inner"}},"wdio_ui5_key":"applicationmanageresources-display-component---newResourceUnit--BASE_UNIT_OF_MEASURE"}]}
RESULT: undefined
COMMAND: POST /session/1078df7af42110589ce6729fcfa5b6f8/execute/async - {"script":"<script> [776 bytes]","args":[{"enterText":"Piece","selector":{"id":"application-manageresources-display-component---newResourceUnit--BASE_UNIT_OF_MEASURE","interaction":{"idSuffix":"inner"}},"clearTextFirst":true,"interactionType":"ENTER_TEXT"}]}
RESULT: {"script":"<script> [776 bytes]","args":[{"enterText":"Piece","selector":{"id":"application-manageresources-display-component---newResourceUnit--BASE_UNIT_OF_MEASURE","interaction":{"idSuffix":"inner"}},"clearTextFirst":true,"interactionType":"ENTER_TEXT"}]}
COMMAND: POST /session/1078df7af42110589ce6729fcfa5b6f8/execute/async - {"script":"<script> [1562 bytes]","args":[{"selector":{"id":"application-manageresources-display-component---newResourceUnit--WEIGHT_UNIT","interaction":{"idSuffix":"inner"}},"wdio_ui5_key":"applicationmanageresources-display-component---newResourceUnit--WEIGHT_UNIT"}]}
RESULT: {"script":"<script> [1562 bytes]","args":[{"selector":{"id":"application-manageresources-display-component---newResourceUnit--WEIGHT_UNIT","interaction":{"idSuffix":"inner"}},"wdio_ui5_key":"applicationmanageresources-display-component---newResourceUnit--WEIGHT_UNIT"}]}
RESULT: undefined
COMMAND: POST /session/1078df7af42110589ce6729fcfa5b6f8/execute/async - {"script":"<script> [776 bytes]","args":[{"enterText":"Gram","selector":{"id":"application-manageresources-display-component---newResourceUnit--WEIGHT_UNIT","interaction":{"idSuffix":"inner"}},"clearTextFirst":true,"interactionType":"ENTER_TEXT"}]}
RESULT: {"script":"<script> [776 bytes]","args":[{"enterText":"Gram","selector":{"id":"application-manageresources-display-component---newResourceUnit--WEIGHT_UNIT","interaction":{"idSuffix":"inner"}},"clearTextFirst":true,"interactionType":"ENTER_TEXT"}]}
COMMAND: POST /session/1078df7af42110589ce6729fcfa5b6f8/execute/async - {"script":"<script> [1562 bytes]","args":[{"selector":{"id":"application-manageresources-display-component---newResourceUnit--DIMENSION_UNIT","interaction":{"idSuffix":"inner"}},"wdio_ui5_key":"applicationmanageresources-display-component---newResourceUnit--DIMENSION_UNIT"}]}
RESULT: {"script":"<script> [1562 bytes]","args":[{"selector":{"id":"application-manageresources-display-component---newResourceUnit--DIMENSION_UNIT","interaction":{"idSuffix":"inner"}},"wdio_ui5_key":"applicationmanageresources-display-component---newResourceUnit--DIMENSION_UNIT"}]}
RESULT: undefined
COMMAND: POST /session/1078df7af42110589ce6729fcfa5b6f8/execute/async - {"script":"<script> [776 bytes]","args":[{"enterText":"Meter","selector":{"id":"application-manageresources-display-component---newResourceUnit--DIMENSION_UNIT","interaction":{"idSuffix":"inner"}},"clearTextFirst":true,"interactionType":"ENTER_TEXT"}]}
RESULT: {"script":"<script> [776 bytes]","args":[{"enterText":"Meter","selector":{"id":"application-manageresources-display-component---newResourceUnit--DIMENSION_UNIT","interaction":{"idSuffix":"inner"}},"clearTextFirst":true,"interactionType":"ENTER_TEXT"}]}
COMMAND: POST /session/1078df7af42110589ce6729fcfa5b6f8/execute/async - {"script":"<script> [1562 bytes]","args":[{"selector":{"id":"application-manageresources-display-component---newResourceUnit--newRRUPage-anchBar-application-manageresources-display-component---newResourceUnit--control-anchor","interaction":{"idSuffix":"BDI-content"}},"wdio_ui5_key":"applicationmanageresources-display-component---newResourceUnit--newRRUPage-anchBar-application-manageresources-display-component---newResourceUnit--control-anchor"}]}
RESULT: {"script":"<script> [1562 bytes]","args":[{"selector":{"id":"application-manageresources-display-component---newResourceUnit--newRRUPage-anchBar-application-manageresources-display-component---newResourceUnit--control-anchor","interaction":{"idSuffix":"BDI-content"}},"wdio_ui5_key":"applicationmanageresources-display-component---newResourceUnit--newRRUPage-anchBar-application-manageresources-display-component---newResourceUnit--control-anchor"}]}
RESULT: undefined
COMMAND: POST /session/1078df7af42110589ce6729fcfa5b6f8/element - {"using":"xpath","value":"//*[@id=\"application-manageresources-display-component---newResourceUnit--newRRUPage-anchBar-application-manageresources-display-component---newResourceUnit--control-anchor\"]"}
RESULT: {"using":"xpath","value":"//*[@id=\"application-manageresources-display-component---newResourceUnit--newRRUPage-anchBar-application-manageresources-display-component---newResourceUnit--control-anchor\"]"}
COMMAND: POST /session/1078df7af42110589ce6729fcfa5b6f8/element/f.BA343095ED0ABE7E3673784E64AE5F80.d.A0D4C76A680E11EF84D4044395662750.e.13330/click - {}
RESULT: {}
COMMAND: POST /session/1078df7af42110589ce6729fcfa5b6f8/execute/async - {"script":"<script> [1562 bytes]","args":[{"selector":{"id":"application-manageresources-display-component---newResourceUnit--PLANNING_GROUP","interaction":{"idSuffix":"inner"}},"wdio_ui5_key":"applicationmanageresources-display-component---newResourceUnit--PLANNING_GROUP"}]}
COMMAND: GET /session/1078df7af42110589ce6729fcfa5b6f8/screenshot - {}
RESULT: {"script":"<script> [1562 bytes]","args":[{"selector":{"id":"application-manageresources-display-component---newResourceUnit--PLANNING_GROUP","interaction":{"idSuffix":"inner"}},"wdio_ui5_key":"applicationmanageresources-display-component---newResourceUnit--PLANNING_GROUP"}]}
RESULT: undefined
COMMAND: POST /session/1078df7af42110589ce6729fcfa5b6f8/execute/async - {"script":"<script> [776 bytes]","args":[{"enterText":"Heavy Equi","selector":{"id":"application-manageresources-display-component---newResourceUnit--PLANNING_GROUP","interaction":{"idSuffix":"inner"}},"clearTextFirst":true,"interactionType":"ENTER_TEXT"}]}
RESULT: {}
RESULT: {"script":"<script> [776 bytes]","args":[{"enterText":"Heavy Equi","selector":{"id":"application-manageresources-display-component---newResourceUnit--PLANNING_GROUP","interaction":{"idSuffix":"inner"}},"clearTextFirst":true,"interactionType":"ENTER_TEXT"}]}
COMMAND: POST /session/1078df7af42110589ce6729fcfa5b6f8/execute/async - {"script":"<script> [1562 bytes]","args":[{"selector":{"id":"application-manageresources-display-component---newResourceUnit--ITEM_TYPE-arrow"},"wdio_ui5_key":"applicationmanageresources-display-component---newResourceUnit--ITEM_TYPE-arrow"}]}
RESULT: {"script":"<script> [1562 bytes]","args":[{"selector":{"id":"application-manageresources-display-component---newResourceUnit--ITEM_TYPE-arrow"},"wdio_ui5_key":"applicationmanageresources-display-component---newResourceUnit--ITEM_TYPE-arrow"}]}
RESULT: undefined
COMMAND: POST /session/1078df7af42110589ce6729fcfa5b6f8/element - {"using":"xpath","value":"//*[@id=\"application-manageresources-display-component---newResourceUnit--ITEM_TYPE-arrow\"]"}
RESULT: {"using":"xpath","value":"//*[@id=\"application-manageresources-display-component---newResourceUnit--ITEM_TYPE-arrow\"]"}
COMMAND: POST /session/1078df7af42110589ce6729fcfa5b6f8/element/f.BA343095ED0ABE7E3673784E64AE5F80.d.A0D4C76A680E11EF84D4044395662750.e.13337/click - {}
RESULT: {}
COMMAND: POST /session/1078df7af42110589ce6729fcfa5b6f8/element - {"using":"xpath","value":"//ul[contains(@id,\"ITEM_TYPE-popup-list-listUl\")]//li[.//span[contains(text(),\"Resource Unit\")]]"}
COMMAND: GET /session/1078df7af42110589ce6729fcfa5b6f8/screenshot - {}
RESULT: {"using":"xpath","value":"//ul[contains(@id,\"ITEM_TYPE-popup-list-listUl\")]//li[.//span[contains(text(),\"Resource Unit\")]]"}
COMMAND: POST /session/1078df7af42110589ce6729fcfa5b6f8/element/f.BA343095ED0ABE7E3673784E64AE5F80.d.A0D4C76A680E11EF84D4044395662750.e.13338/click - {}
RESULT: {}
RESULT: {}
COMMAND: GET /session/1078df7af42110589ce6729fcfa5b6f8/screenshot - {}
RESULT: {}
COMMAND: POST /session/1078df7af42110589ce6729fcfa5b6f8/element - {"using":"css selector","value":"#application-manageresources-display-component---newResourceUnit--btnAddTimeSegment"}
RESULT: {"using":"css selector","value":"#application-manageresources-display-component---newResourceUnit--btnAddTimeSegment"}
COMMAND: GET /session/1078df7af42110589ce6729fcfa5b6f8/element/f.BA343095ED0ABE7E3673784E64AE5F80.d.A0D4C76A680E11EF84D4044395662750.e.13345/rect - {}
RESULT: {}
COMMAND: GET /session/1078df7af42110589ce6729fcfa5b6f8/window/rect - {}
RESULT: {}
COMMAND: POST /session/1078df7af42110589ce6729fcfa5b6f8/execute/sync - {"script":"<script> [92 bytes]","args":[]}
RESULT: {"script":"<script> [92 bytes]","args":[]}
COMMAND: POST /session/1078df7af42110589ce6729fcfa5b6f8/actions - {"actions":[{"id":"action46","type":"wheel","parameters":{},"actions":[{"type":"scroll","x":-1888,"y":-32,"deltaX":0,"deltaY":0,"duration":0,"origin":{"element-6066-11e4-a52e-4f735466cecf":"f.BA343095ED0ABE7E3673784E64AE5F80.d.A0D4C76A680E11EF84D4044395662750.e.13345"}}]}]}
COMMAND: GET /session/1078df7af42110589ce6729fcfa5b6f8/screenshot - {}
RESULT: {}
COMMAND: POST /session/1078df7af42110589ce6729fcfa5b6f8/execute/sync - {"script":"<script> [79 bytes]","args":[{"element-6066-11e4-a52e-4f735466cecf":"f.BA343095ED0ABE7E3673784E64AE5F80.d.A0D4C76A680E11EF84D4044395662750.e.13345","ELEMENT":"f.BA343095ED0ABE7E3673784E64AE5F80.d.A0D4C76A680E11EF84D4044395662750.e.13345"},{"block":"start","inline":"nearest"}]}
RESULT: {"script":"<script> [79 bytes]","args":[{"element-6066-11e4-a52e-4f735466cecf":"f.BA343095ED0ABE7E3673784E64AE5F80.d.A0D4C76A680E11EF84D4044395662750.e.13345","ELEMENT":"f.BA343095ED0ABE7E3673784E64AE5F80.d.A0D4C76A680E11EF84D4044395662750.e.13345"},{"block":"start","inline":"nearest"}]}
COMMAND: POST /session/1078df7af42110589ce6729fcfa5b6f8/execute/async - {"script":"<script> [1562 bytes]","args":[{"selector":{"id":"application-manageresources-display-component---newResourceUnit--btnAddTimeSegment","interaction":{"idSuffix":"inner"}},"wdio_ui5_key":"applicationmanageresources-display-component---newResourceUnit--btnAddTimeSegment"}]}
COMMAND: GET /session/1078df7af42110589ce6729fcfa5b6f8/screenshot - {}
RESULT: {"script":"<script> [1562 bytes]","args":[{"selector":{"id":"application-manageresources-display-component---newResourceUnit--btnAddTimeSegment","interaction":{"idSuffix":"inner"}},"wdio_ui5_key":"applicationmanageresources-display-component---newResourceUnit--btnAddTimeSegment"}]}
RESULT: undefined
COMMAND: POST /session/1078df7af42110589ce6729fcfa5b6f8/element - {"using":"xpath","value":"//*[@id=\"application-manageresources-display-component---newResourceUnit--btnAddTimeSegment\"]"}
RESULT: {}
RESULT: {"using":"xpath","value":"//*[@id=\"application-manageresources-display-component---newResourceUnit--btnAddTimeSegment\"]"}
COMMAND: POST /session/1078df7af42110589ce6729fcfa5b6f8/element/f.BA343095ED0ABE7E3673784E64AE5F80.d.A0D4C76A680E11EF84D4044395662750.e.13345/click - {}
RESULT: {}
COMMAND: GET /session/1078df7af42110589ce6729fcfa5b6f8/screenshot - {}
RESULT: {}
COMMAND: POST /session/1078df7af42110589ce6729fcfa5b6f8/element - {"using":"xpath","value":"//input[@id=\"application-manageresources-display-component---newResourceUnit--idRuTSAdmin-application-manageresources-display-component---newResourceUnit--RUTimeSegment-0-inner\"]"}
RESULT: {"using":"xpath","value":"//input[@id=\"application-manageresources-display-component---newResourceUnit--idRuTSAdmin-application-manageresources-display-component---newResourceUnit--RUTimeSegment-0-inner\"]"}
COMMAND: POST /session/1078df7af42110589ce6729fcfa5b6f8/element/f.BA343095ED0ABE7E3673784E64AE5F80.d.A0D4C76A680E11EF84D4044395662750.e.13351/clear - {}
RESULT: {}
COMMAND: POST /session/1078df7af42110589ce6729fcfa5b6f8/element/f.BA343095ED0ABE7E3673784E64AE5F80.d.A0D4C76A680E11EF84D4044395662750.e.13351/value - {"text":"560"}
COMMAND: GET /session/1078df7af42110589ce6729fcfa5b6f8/screenshot - {}
RESULT: {"text":"560"}
COMMAND: GET /session/1078df7af42110589ce6729fcfa5b6f8/screenshot - {}
RESULT: {}
RESULT: {}
COMMAND: POST /session/1078df7af42110589ce6729fcfa5b6f8/element - {"using":"xpath","value":"//li[.//span[text()='560']]"}
RESULT: {"using":"xpath","value":"//li[.//span[text()='560']]"}
COMMAND: POST /session/1078df7af42110589ce6729fcfa5b6f8/element/f.BA343095ED0ABE7E3673784E64AE5F80.d.A0D4C76A680E11EF84D4044395662750.e.13364/click - {}
RESULT: {}
COMMAND: GET /session/1078df7af42110589ce6729fcfa5b6f8/screenshot - {}
RESULT: {}
COMMAND: POST /session/1078df7af42110589ce6729fcfa5b6f8/element - {"using":"xpath","value":"(//span[contains(@id, \"-application-manageresources-display-component---newResourceUnit--RUTimeSegment-0-arrow\")])[6]"}
RESULT: {"using":"xpath","value":"(//span[contains(@id, \"-application-manageresources-display-component---newResourceUnit--RUTimeSegment-0-arrow\")])[6]"}
COMMAND: POST /session/1078df7af42110589ce6729fcfa5b6f8/element/f.BA343095ED0ABE7E3673784E64AE5F80.d.A0D4C76A680E11EF84D4044395662750.e.13365/click - {}
RESULT: {}
COMMAND: GET /session/1078df7af42110589ce6729fcfa5b6f8/screenshot - {}
RESULT: {}
COMMAND: POST /session/1078df7af42110589ce6729fcfa5b6f8/element - {"using":"xpath","value":"//span[contains(text(), \"PM Order\")]"}
RESULT: {"using":"xpath","value":"//span[contains(text(), \"PM Order\")]"}
COMMAND: POST /session/1078df7af42110589ce6729fcfa5b6f8/element/f.BA343095ED0ABE7E3673784E64AE5F80.d.A0D4C76A680E11EF84D4044395662750.e.13368/click - {}
RESULT: {}
COMMAND: GET /session/1078df7af42110589ce6729fcfa5b6f8/screenshot - {}
RESULT: {}
COMMAND: POST /session/1078df7af42110589ce6729fcfa5b6f8/element - {"using":"xpath","value":"(//span[contains(@id ,\"manageresources-display-component---newResourceUnit--RUTimeSegment-0-vhi\")])[1]"}
RESULT: {"using":"xpath","value":"(//span[contains(@id ,\"manageresources-display-component---newResourceUnit--RUTimeSegment-0-vhi\")])[1]"}
COMMAND: GET /session/1078df7af42110589ce6729fcfa5b6f8/element/f.BA343095ED0ABE7E3673784E64AE5F80.d.A0D4C76A680E11EF84D4044395662750.e.13372/rect - {}
RESULT: {}
COMMAND: GET /session/1078df7af42110589ce6729fcfa5b6f8/window/rect - {}
RESULT: {}
COMMAND: POST /session/1078df7af42110589ce6729fcfa5b6f8/execute/sync - {"script":"<script> [92 bytes]","args":[]}
RESULT: {"script":"<script> [92 bytes]","args":[]}
COMMAND: POST /session/1078df7af42110589ce6729fcfa5b6f8/actions - {"actions":[{"id":"action47","type":"wheel","parameters":{},"actions":[{"type":"scroll","x":-869,"y":-24,"deltaX":0,"deltaY":0,"duration":0,"origin":{"element-6066-11e4-a52e-4f735466cecf":"f.BA343095ED0ABE7E3673784E64AE5F80.d.A0D4C76A680E11EF84D4044395662750.e.13372"}}]}]}
COMMAND: GET /session/1078df7af42110589ce6729fcfa5b6f8/screenshot - {}
RESULT: {"actions":[{"id":"action47","type":"wheel","parameters":{},"actions":[{"type":"scroll","x":-869,"y":-24,"deltaX":0,"deltaY":0,"duration":0,"origin":{"element-6066-11e4-a52e-4f735466cecf":"f.BA343095ED0ABE7E3673784E64AE5F80.d.A0D4C76A680E11EF84D4044395662750.e.13372"}}]}]}
COMMAND: DELETE /session/1078df7af42110589ce6729fcfa5b6f8/actions - {}
COMMAND: GET /session/1078df7af42110589ce6729fcfa5b6f8/screenshot - {}
RESULT: {}
RESULT: {}
COMMAND: GET /session/1078df7af42110589ce6729fcfa5b6f8/screenshot - {}
RESULT: {}
RESULT: {}
COMMAND: POST /session/1078df7af42110589ce6729fcfa5b6f8/element/f.BA343095ED0ABE7E3673784E64AE5F80.d.A0D4C76A680E11EF84D4044395662750.e.13372/click - {}
RESULT: {}
COMMAND: GET /session/1078df7af42110589ce6729fcfa5b6f8/screenshot - {}
RESULT: {}
COMMAND: POST /session/1078df7af42110589ce6729fcfa5b6f8/execute/async - {"script":"<script> [1562 bytes]","args":[{"selector":{"controlType":"sap.m.SearchField","properties":{"placeholder":"Search"},"searchOpenDialogs":true,"interaction":{"idSuffix":"I"}},"wdio_ui5_key":"sapm.SearchField{\"placeholder\":\"Search\"}"}]}
RESULT: {"script":"<script> [1562 bytes]","args":[{"selector":{"controlType":"sap.m.SearchField","properties":{"placeholder":"Search"},"searchOpenDialogs":true,"interaction":{"idSuffix":"I"}},"wdio_ui5_key":"sapm.SearchField{\"placeholder\":\"Search\"}"}]}
RESULT: undefined
COMMAND: POST /session/1078df7af42110589ce6729fcfa5b6f8/execute/async - {"script":"<script> [776 bytes]","args":[{"enterText":"4000360","selector":{"controlType":"sap.m.SearchField","properties":{"placeholder":"Search"},"searchOpenDialogs":true,"interaction":{"idSuffix":"I"}},"clearTextFirst":true,"interactionType":"ENTER_TEXT"}]}
RESULT: {"script":"<script> [776 bytes]","args":[{"enterText":"4000360","selector":{"controlType":"sap.m.SearchField","properties":{"placeholder":"Search"},"searchOpenDialogs":true,"interaction":{"idSuffix":"I"}},"clearTextFirst":true,"interactionType":"ENTER_TEXT"}]}
COMMAND: POST /session/1078df7af42110589ce6729fcfa5b6f8/actions - {"actions":[{"id":"action48","type":"key","parameters":{},"actions":[{"type":"keyDown","value":""},{"type":"pause","duration":10},{"type":"keyUp","value":""}]}]}
RESULT: {"actions":[{"id":"action48","type":"key","parameters":{},"actions":[{"type":"keyDown","value":""},{"type":"pause","duration":10},{"type":"keyUp","value":""}]}]}
COMMAND: GET /session/1078df7af42110589ce6729fcfa5b6f8/screenshot - {}
RESULT: {}
COMMAND: POST /session/1078df7af42110589ce6729fcfa5b6f8/element - {"using":"xpath","value":"//td/div/span[contains(text(), \"BGL Vehicles\")]"}
RESULT: {"using":"xpath","value":"//td/div/span[contains(text(), \"BGL Vehicles\")]"}
COMMAND: POST /session/1078df7af42110589ce6729fcfa5b6f8/element/f.BA343095ED0ABE7E3673784E64AE5F80.d.A0D4C76A680E11EF84D4044395662750.e.13395/click - {}
RESULT: {}
COMMAND: GET /session/1078df7af42110589ce6729fcfa5b6f8/screenshot - {}
RESULT: {}
COMMAND: POST /session/1078df7af42110589ce6729fcfa5b6f8/element - {"using":"xpath","value":"//bdi[contains(text(), \"OK\")]"}
RESULT: {"using":"xpath","value":"//bdi[contains(text(), \"OK\")]"}
COMMAND: POST /session/1078df7af42110589ce6729fcfa5b6f8/element/f.BA343095ED0ABE7E3673784E64AE5F80.d.A0D4C76A680E11EF84D4044395662750.e.13396/click - {}
RESULT: {}
COMMAND: GET /session/1078df7af42110589ce6729fcfa5b6f8/screenshot - {}
RESULT: {}
COMMAND: POST /session/1078df7af42110589ce6729fcfa5b6f8/execute/async - {"script":"<script> [1562 bytes]","args":[{"selector":{"id":"application-manageresources-display-component---newResourceUnit--newRRUPage-anchBar-application-manageresources-display-component---newResourceUnit--resource-anchor","interaction":{"idSuffix":"BDI-content"}},"wdio_ui5_key":"applicationmanageresources-display-component---newResourceUnit--newRRUPage-anchBar-application-manageresources-display-component---newResourceUnit--resource-anchor"}]}
RESULT: {"script":"<script> [1562 bytes]","args":[{"selector":{"id":"application-manageresources-display-component---newResourceUnit--newRRUPage-anchBar-application-manageresources-display-component---newResourceUnit--resource-anchor","interaction":{"idSuffix":"BDI-content"}},"wdio_ui5_key":"applicationmanageresources-display-component---newResourceUnit--newRRUPage-anchBar-application-manageresources-display-component---newResourceUnit--resource-anchor"}]}
RESULT: undefined
COMMAND: POST /session/1078df7af42110589ce6729fcfa5b6f8/element - {"using":"xpath","value":"//*[@id=\"application-manageresources-display-component---newResourceUnit--newRRUPage-anchBar-application-manageresources-display-component---newResourceUnit--resource-anchor\"]"}
RESULT: {"using":"xpath","value":"//*[@id=\"application-manageresources-display-component---newResourceUnit--newRRUPage-anchBar-application-manageresources-display-component---newResourceUnit--resource-anchor\"]"}
COMMAND: POST /session/1078df7af42110589ce6729fcfa5b6f8/element/f.BA343095ED0ABE7E3673784E64AE5F80.d.A0D4C76A680E11EF84D4044395662750.e.13400/click - {}
RESULT: {}
COMMAND: POST /session/1078df7af42110589ce6729fcfa5b6f8/execute/async - {"script":"<script> [1562 bytes]","args":[{"selector":{"id":"application-manageresources-display-component---newResourceUnit--PLANNED_DELIVERY_DATE","interaction":{"idSuffix":"inner"}},"wdio_ui5_key":"applicationmanageresources-display-component---newResourceUnit--PLANNED_DELIVERY_DATE"}]}
COMMAND: GET /session/1078df7af42110589ce6729fcfa5b6f8/screenshot - {}
RESULT: {"script":"<script> [1562 bytes]","args":[{"selector":{"id":"application-manageresources-display-component---newResourceUnit--PLANNED_DELIVERY_DATE","interaction":{"idSuffix":"inner"}},"wdio_ui5_key":"applicationmanageresources-display-component---newResourceUnit--PLANNED_DELIVERY_DATE"}]}
RESULT: undefined
COMMAND: POST /session/1078df7af42110589ce6729fcfa5b6f8/execute/async - {"script":"<script> [6424 bytes]","args":[{"element-6066-11e4-a52e-4f735466cecf":"f.BA343095ED0ABE7E3673784E64AE5F80.d.A0D4C76A680E11EF84D4044395662750.e.13229"},"setValue",["6/1/25"]]}
RESULT: {}
RESULT: {"script":"<script> [6424 bytes]","args":[{"element-6066-11e4-a52e-4f735466cecf":"f.BA343095ED0ABE7E3673784E64AE5F80.d.A0D4C76A680E11EF84D4044395662750.e.13229"},"setValue",["6/1/25"]]}
COMMAND: POST /session/1078df7af42110589ce6729fcfa5b6f8/element - {"using":"xpath","value":"//label[contains(@class, 'sapMLabelRequired') and .//bdi[contains(text(), 'Planned Retirement')]]"}
RESULT: {"using":"xpath","value":"//label[contains(@class, 'sapMLabelRequired') and .//bdi[contains(text(), 'Planned Retirement')]]"}
COMMAND: POST /session/1078df7af42110589ce6729fcfa5b6f8/elements - {"using":"xpath","value":"//label[contains(@class, 'sapMLabelRequired') and .//bdi[contains(text(), 'Planned Retirement')]]"}
RESULT: {"using":"xpath","value":"//label[contains(@class, 'sapMLabelRequired') and .//bdi[contains(text(), 'Planned Retirement')]]"}
COMMAND: POST /session/1078df7af42110589ce6729fcfa5b6f8/element - {"using":"xpath","value":"//button[@data-kt=\"resourceUnitSaveButton\"]"}
RESULT: {"using":"xpath","value":"//button[@data-kt=\"resourceUnitSaveButton\"]"}
COMMAND: POST /session/1078df7af42110589ce6729fcfa5b6f8/element/f.BA343095ED0ABE7E3673784E64AE5F80.d.A0D4C76A680E11EF84D4044395662750.e.13188/click - {}
RESULT: {}
COMMAND: GET /session/1078df7af42110589ce6729fcfa5b6f8/screenshot - {}
RESULT: {}
COMMAND: POST /session/1078df7af42110589ce6729fcfa5b6f8/element - {"using":"xpath","value":"//bdi[contains(text(), \"Close\")]"}
RESULT: {"using":"xpath","value":"//bdi[contains(text(), \"Close\")]"}
COMMAND: POST /session/1078df7af42110589ce6729fcfa5b6f8/element/f.BA343095ED0ABE7E3673784E64AE5F80.d.A0D4C76A680E11EF84D4044395662750.e.13410/click - {}
RESULT: {}
COMMAND: GET /session/1078df7af42110589ce6729fcfa5b6f8/screenshot - {}
RESULT: {}
COMMAND: POST /session/1078df7af42110589ce6729fcfa5b6f8/element - {"using":"xpath","value":"(//button[contains(@id ,\"actionsToolbar-overflowButton\")])[1]"}
RESULT: {"using":"xpath","value":"(//button[contains(@id ,\"actionsToolbar-overflowButton\")])[1]"}
COMMAND: POST /session/1078df7af42110589ce6729fcfa5b6f8/element/f.BA343095ED0ABE7E3673784E64AE5F80.d.A0D4C76A680E11EF84D4044395662750.e.13468/click - {}
RESULT: {}
COMMAND: GET /session/1078df7af42110589ce6729fcfa5b6f8/screenshot - {}
RESULT: {}
COMMAND: POST /session/1078df7af42110589ce6729fcfa5b6f8/element - {"using":"xpath","value":"//button[@data-kt=\"priceInfoButton\"]"}
RESULT: {"using":"xpath","value":"//button[@data-kt=\"priceInfoButton\"]"}
COMMAND: POST /session/1078df7af42110589ce6729fcfa5b6f8/element/f.BA343095ED0ABE7E3673784E64AE5F80.d.A0D4C76A680E11EF84D4044395662750.e.13470/click - {}
RESULT: {}
COMMAND: GET /session/1078df7af42110589ce6729fcfa5b6f8/screenshot - {}
RESULT: {}
]]></system-out>
    </testcase>
    <testcase classname="chrome.136_0_7103_93.windows.Create_Reverse_Billing_US127248" name="Should create a pricing procedure" time="48.423">
      <system-out><![CDATA[
COMMAND: POST /session/1078df7af42110589ce6729fcfa5b6f8/element - {"using":"xpath","value":"//button[@data-kt=\"addButton\"]"}
RESULT: {"using":"xpath","value":"//button[@data-kt=\"addButton\"]"}
COMMAND: POST /session/1078df7af42110589ce6729fcfa5b6f8/elements - {"using":"xpath","value":"//button[@data-kt=\"addButton\"]"}
RESULT: {"using":"xpath","value":"//button[@data-kt=\"addButton\"]"}
COMMAND: POST /session/1078df7af42110589ce6729fcfa5b6f8/elements - {"using":"xpath","value":"//button[@data-kt=\"addButton\"]"}
RESULT: {"using":"xpath","value":"//button[@data-kt=\"addButton\"]"}
COMMAND: POST /session/1078df7af42110589ce6729fcfa5b6f8/element - {"using":"xpath","value":"//button[@data-kt=\"addButton\"]"}
RESULT: {"using":"xpath","value":"//button[@data-kt=\"addButton\"]"}
COMMAND: POST /session/1078df7af42110589ce6729fcfa5b6f8/execute/sync - {"script":"<script> [8489 bytes]","args":[{"element-6066-11e4-a52e-4f735466cecf":"f.BA343095ED0ABE7E3673784E64AE5F80.d.A0D4C76A680E11EF84D4044395662750.e.13506","ELEMENT":"f.BA343095ED0ABE7E3673784E64AE5F80.d.A0D4C76A680E11EF84D4044395662750.e.13506"}]}
RESULT: {"script":"<script> [8489 bytes]","args":[{"element-6066-11e4-a52e-4f735466cecf":"f.BA343095ED0ABE7E3673784E64AE5F80.d.A0D4C76A680E11EF84D4044395662750.e.13506","ELEMENT":"f.BA343095ED0ABE7E3673784E64AE5F80.d.A0D4C76A680E11EF84D4044395662750.e.13506"}]}
COMMAND: GET /session/1078df7af42110589ce6729fcfa5b6f8/element/f.BA343095ED0ABE7E3673784E64AE5F80.d.A0D4C76A680E11EF84D4044395662750.e.13506/enabled - {}
COMMAND: GET /session/1078df7af42110589ce6729fcfa5b6f8/screenshot - {}
RESULT: {}
COMMAND: POST /session/1078df7af42110589ce6729fcfa5b6f8/execute/sync - {"script":"<script> [8489 bytes]","args":[{"element-6066-11e4-a52e-4f735466cecf":"f.BA343095ED0ABE7E3673784E64AE5F80.d.A0D4C76A680E11EF84D4044395662750.e.13506","ELEMENT":"f.BA343095ED0ABE7E3673784E64AE5F80.d.A0D4C76A680E11EF84D4044395662750.e.13506"}]}
COMMAND: GET /session/1078df7af42110589ce6729fcfa5b6f8/screenshot - {}
RESULT: {}
RESULT: {"script":"<script> [8489 bytes]","args":[{"element-6066-11e4-a52e-4f735466cecf":"f.BA343095ED0ABE7E3673784E64AE5F80.d.A0D4C76A680E11EF84D4044395662750.e.13506","ELEMENT":"f.BA343095ED0ABE7E3673784E64AE5F80.d.A0D4C76A680E11EF84D4044395662750.e.13506"}]}
COMMAND: POST /session/1078df7af42110589ce6729fcfa5b6f8/execute/sync - {"script":"<script> [5351 bytes]","args":[{"element-6066-11e4-a52e-4f735466cecf":"f.BA343095ED0ABE7E3673784E64AE5F80.d.A0D4C76A680E11EF84D4044395662750.e.13506","ELEMENT":"f.BA343095ED0ABE7E3673784E64AE5F80.d.A0D4C76A680E11EF84D4044395662750.e.13506"}]}
COMMAND: GET /session/1078df7af42110589ce6729fcfa5b6f8/screenshot - {}
RESULT: {}
RESULT: {"script":"<script> [5351 bytes]","args":[{"element-6066-11e4-a52e-4f735466cecf":"f.BA343095ED0ABE7E3673784E64AE5F80.d.A0D4C76A680E11EF84D4044395662750.e.13506","ELEMENT":"f.BA343095ED0ABE7E3673784E64AE5F80.d.A0D4C76A680E11EF84D4044395662750.e.13506"}]}
COMMAND: POST /session/1078df7af42110589ce6729fcfa5b6f8/element/f.BA343095ED0ABE7E3673784E64AE5F80.d.A0D4C76A680E11EF84D4044395662750.e.13506/click - {}
COMMAND: GET /session/1078df7af42110589ce6729fcfa5b6f8/screenshot - {}
RESULT: {}
RESULT: {}
COMMAND: GET /session/1078df7af42110589ce6729fcfa5b6f8/screenshot - {}
RESULT: {}
RESULT: {}
COMMAND: POST /session/1078df7af42110589ce6729fcfa5b6f8/execute/async - {"script":"<script> [1562 bytes]","args":[{"selector":{"controlType":"sap.m.Title","viewName":"etm.portal.ui.managepricingrules.view.NewItem","viewId":"application-managepricingrules-display-component---newInfoPriceItem","properties":{"text":"New Pricing Rules - Item Level"}},"wdio_ui5_key":"etmportal.ui.managepricingrules.view.NewItemsap.m.Title{\"text\":\"New Pricing Rules - Item Level\"}"}]}
RESULT: {"script":"<script> [1562 bytes]","args":[{"selector":{"controlType":"sap.m.Title","viewName":"etm.portal.ui.managepricingrules.view.NewItem","viewId":"application-managepricingrules-display-component---newInfoPriceItem","properties":{"text":"New Pricing Rules - Item Level"}},"wdio_ui5_key":"etmportal.ui.managepricingrules.view.NewItemsap.m.Title{\"text\":\"New Pricing Rules - Item Level\"}"}]}
RESULT: undefined
COMMAND: POST /session/1078df7af42110589ce6729fcfa5b6f8/execute/async - {"script":"<script> [6424 bytes]","args":[{"element-6066-11e4-a52e-4f735466cecf":"f.BA343095ED0ABE7E3673784E64AE5F80.d.A0D4C76A680E11EF84D4044395662750.e.13674"},"getText",[]]}
RESULT: {"script":"<script> [6424 bytes]","args":[{"element-6066-11e4-a52e-4f735466cecf":"f.BA343095ED0ABE7E3673784E64AE5F80.d.A0D4C76A680E11EF84D4044395662750.e.13674"},"getText",[]]}
COMMAND: POST /session/1078df7af42110589ce6729fcfa5b6f8/execute/async - {"script":"<script> [1562 bytes]","args":[{"selector":{"id":"application-managepricingrules-display-component---newInfoPriceItem--condValidTo","interaction":{"idSuffix":"inner"}},"wdio_ui5_key":"applicationmanagepricingrules-display-component---newInfoPriceItem--condValidTo"}]}
RESULT: {"script":"<script> [1562 bytes]","args":[{"selector":{"id":"application-managepricingrules-display-component---newInfoPriceItem--condValidTo","interaction":{"idSuffix":"inner"}},"wdio_ui5_key":"applicationmanagepricingrules-display-component---newInfoPriceItem--condValidTo"}]}
RESULT: undefined
COMMAND: POST /session/1078df7af42110589ce6729fcfa5b6f8/execute/async - {"script":"<script> [776 bytes]","args":[{"enterText":"2/1/26","selector":{"id":"application-managepricingrules-display-component---newInfoPriceItem--condValidTo","interaction":{"idSuffix":"inner"}},"clearTextFirst":true,"interactionType":"ENTER_TEXT"}]}
RESULT: {"script":"<script> [776 bytes]","args":[{"enterText":"2/1/26","selector":{"id":"application-managepricingrules-display-component---newInfoPriceItem--condValidTo","interaction":{"idSuffix":"inner"}},"clearTextFirst":true,"interactionType":"ENTER_TEXT"}]}
COMMAND: POST /session/1078df7af42110589ce6729fcfa5b6f8/execute/async - {"script":"<script> [1562 bytes]","args":[{"selector":{"id":"application-managepricingrules-display-component---newInfoPriceItem--billType-arrow"},"wdio_ui5_key":"applicationmanagepricingrules-display-component---newInfoPriceItem--billType-arrow"}]}
RESULT: {"script":"<script> [1562 bytes]","args":[{"selector":{"id":"application-managepricingrules-display-component---newInfoPriceItem--billType-arrow"},"wdio_ui5_key":"applicationmanagepricingrules-display-component---newInfoPriceItem--billType-arrow"}]}
RESULT: undefined
COMMAND: POST /session/1078df7af42110589ce6729fcfa5b6f8/element - {"using":"xpath","value":"//*[@id=\"application-managepricingrules-display-component---newInfoPriceItem--billType-arrow\"]"}
RESULT: {"using":"xpath","value":"//*[@id=\"application-managepricingrules-display-component---newInfoPriceItem--billType-arrow\"]"}
COMMAND: POST /session/1078df7af42110589ce6729fcfa5b6f8/element/f.BA343095ED0ABE7E3673784E64AE5F80.d.A0D4C76A680E11EF84D4044395662750.e.13635/click - {}
RESULT: {}
COMMAND: POST /session/1078df7af42110589ce6729fcfa5b6f8/element - {"using":"xpath","value":"//span[contains(text(), \"TB - Time based\")]"}
COMMAND: GET /session/1078df7af42110589ce6729fcfa5b6f8/screenshot - {}
RESULT: {"using":"xpath","value":"//span[contains(text(), \"TB - Time based\")]"}
COMMAND: POST /session/1078df7af42110589ce6729fcfa5b6f8/element/f.BA343095ED0ABE7E3673784E64AE5F80.d.A0D4C76A680E11EF84D4044395662750.e.13678/click - {}
RESULT: {}
RESULT: {}
COMMAND: POST /session/1078df7af42110589ce6729fcfa5b6f8/execute/async - {"script":"<script> [1562 bytes]","args":[{"selector":{"id":"application-managepricingrules-display-component---newInfoPriceItem--priceProc-arrow"},"wdio_ui5_key":"applicationmanagepricingrules-display-component---newInfoPriceItem--priceProc-arrow"}]}
COMMAND: GET /session/1078df7af42110589ce6729fcfa5b6f8/screenshot - {}
RESULT: {"script":"<script> [1562 bytes]","args":[{"selector":{"id":"application-managepricingrules-display-component---newInfoPriceItem--priceProc-arrow"},"wdio_ui5_key":"applicationmanagepricingrules-display-component---newInfoPriceItem--priceProc-arrow"}]}
RESULT: undefined
COMMAND: POST /session/1078df7af42110589ce6729fcfa5b6f8/element - {"using":"xpath","value":"//*[@id=\"application-managepricingrules-display-component---newInfoPriceItem--priceProc-arrow\"]"}
RESULT: {}
RESULT: {"using":"xpath","value":"//*[@id=\"application-managepricingrules-display-component---newInfoPriceItem--priceProc-arrow\"]"}
COMMAND: POST /session/1078df7af42110589ce6729fcfa5b6f8/element/f.BA343095ED0ABE7E3673784E64AE5F80.d.A0D4C76A680E11EF84D4044395662750.e.13642/click - {}
RESULT: {}
COMMAND: POST /session/1078df7af42110589ce6729fcfa5b6f8/element - {"using":"xpath","value":"//span[contains(text(), \"TBS - Time based standard\")]"}
COMMAND: GET /session/1078df7af42110589ce6729fcfa5b6f8/screenshot - {}
RESULT: {"using":"xpath","value":"//span[contains(text(), \"TBS - Time based standard\")]"}
COMMAND: POST /session/1078df7af42110589ce6729fcfa5b6f8/element/f.BA343095ED0ABE7E3673784E64AE5F80.d.A0D4C76A680E11EF84D4044395662750.e.13679/click - {}
RESULT: {}
RESULT: {}
COMMAND: POST /session/1078df7af42110589ce6729fcfa5b6f8/execute/async - {"script":"<script> [1562 bytes]","args":[{"selector":{"id":"application-managepricingrules-display-component---newInfoPriceItem--calcBase-arrow"},"wdio_ui5_key":"applicationmanagepricingrules-display-component---newInfoPriceItem--calcBase-arrow"}]}
COMMAND: GET /session/1078df7af42110589ce6729fcfa5b6f8/screenshot - {}
RESULT: {"script":"<script> [1562 bytes]","args":[{"selector":{"id":"application-managepricingrules-display-component---newInfoPriceItem--calcBase-arrow"},"wdio_ui5_key":"applicationmanagepricingrules-display-component---newInfoPriceItem--calcBase-arrow"}]}
RESULT: undefined
COMMAND: POST /session/1078df7af42110589ce6729fcfa5b6f8/element - {"using":"xpath","value":"//*[@id=\"application-managepricingrules-display-component---newInfoPriceItem--calcBase-arrow\"]"}
RESULT: {}
RESULT: {"using":"xpath","value":"//*[@id=\"application-managepricingrules-display-component---newInfoPriceItem--calcBase-arrow\"]"}
COMMAND: POST /session/1078df7af42110589ce6729fcfa5b6f8/element/f.BA343095ED0ABE7E3673784E64AE5F80.d.A0D4C76A680E11EF84D4044395662750.e.13649/click - {}
RESULT: {}
COMMAND: GET /session/1078df7af42110589ce6729fcfa5b6f8/screenshot - {}
RESULT: {}
COMMAND: POST /session/1078df7af42110589ce6729fcfa5b6f8/element - {"using":"xpath","value":"//span[contains(text(), \"0006 - TB(calendar days)\")]"}
RESULT: {"using":"xpath","value":"//span[contains(text(), \"0006 - TB(calendar days)\")]"}
COMMAND: POST /session/1078df7af42110589ce6729fcfa5b6f8/element/f.BA343095ED0ABE7E3673784E64AE5F80.d.A0D4C76A680E11EF84D4044395662750.e.13680/click - {}
RESULT: {}
COMMAND: GET /session/1078df7af42110589ce6729fcfa5b6f8/screenshot - {}
RESULT: {}
COMMAND: POST /session/1078df7af42110589ce6729fcfa5b6f8/execute/async - {"script":"<script> [1562 bytes]","args":[{"selector":{"id":"application-managepricingrules-display-component---newInfoPriceItem--daysMonth","interaction":{"idSuffix":"inner"}},"wdio_ui5_key":"applicationmanagepricingrules-display-component---newInfoPriceItem--daysMonth"}]}
RESULT: {"script":"<script> [1562 bytes]","args":[{"selector":{"id":"application-managepricingrules-display-component---newInfoPriceItem--daysMonth","interaction":{"idSuffix":"inner"}},"wdio_ui5_key":"applicationmanagepricingrules-display-component---newInfoPriceItem--daysMonth"}]}
RESULT: undefined
COMMAND: POST /session/1078df7af42110589ce6729fcfa5b6f8/execute/async - {"script":"<script> [776 bytes]","args":[{"enterText":"30","selector":{"id":"application-managepricingrules-display-component---newInfoPriceItem--daysMonth","interaction":{"idSuffix":"inner"}},"clearTextFirst":true,"interactionType":"ENTER_TEXT"}]}
RESULT: {"script":"<script> [776 bytes]","args":[{"enterText":"30","selector":{"id":"application-managepricingrules-display-component---newInfoPriceItem--daysMonth","interaction":{"idSuffix":"inner"}},"clearTextFirst":true,"interactionType":"ENTER_TEXT"}]}
COMMAND: POST /session/1078df7af42110589ce6729fcfa5b6f8/element - {"using":"xpath","value":"//button[@data-kt=\"saveNewRuleButton\"]"}
RESULT: {"using":"xpath","value":"//button[@data-kt=\"saveNewRuleButton\"]"}
COMMAND: POST /session/1078df7af42110589ce6729fcfa5b6f8/element/f.BA343095ED0ABE7E3673784E64AE5F80.d.A0D4C76A680E11EF84D4044395662750.e.13669/click - {}
RESULT: {}
COMMAND: GET /session/1078df7af42110589ce6729fcfa5b6f8/screenshot - {}
RESULT: {}
COMMAND: POST /session/1078df7af42110589ce6729fcfa5b6f8/execute/async - {"script":"<script> [1562 bytes]","args":[{"selector":{"id":"application-managepricingrules-display-component---priceInfoItem--smartFilterBar-btnBasicSearch","interaction":{"idSuffix":"I"}},"wdio_ui5_key":"applicationmanagepricingrules-display-component---priceInfoItem--smartFilterBar-btnBasicSearch"}]}
RESULT: {"script":"<script> [1562 bytes]","args":[{"selector":{"id":"application-managepricingrules-display-component---priceInfoItem--smartFilterBar-btnBasicSearch","interaction":{"idSuffix":"I"}},"wdio_ui5_key":"applicationmanagepricingrules-display-component---priceInfoItem--smartFilterBar-btnBasicSearch"}]}
RESULT: undefined
COMMAND: POST /session/1078df7af42110589ce6729fcfa5b6f8/execute/async - {"script":"<script> [776 bytes]","args":[{"enterText":"FhVMRSyIe4","selector":{"id":"application-managepricingrules-display-component---priceInfoItem--smartFilterBar-btnBasicSearch","interaction":{"idSuffix":"I"}},"clearTextFirst":true,"interactionType":"ENTER_TEXT"}]}
RESULT: {"script":"<script> [776 bytes]","args":[{"enterText":"FhVMRSyIe4","selector":{"id":"application-managepricingrules-display-component---priceInfoItem--smartFilterBar-btnBasicSearch","interaction":{"idSuffix":"I"}},"clearTextFirst":true,"interactionType":"ENTER_TEXT"}]}
COMMAND: POST /session/1078df7af42110589ce6729fcfa5b6f8/actions - {"actions":[{"id":"action49","type":"key","parameters":{},"actions":[{"type":"keyDown","value":""},{"type":"pause","duration":10},{"type":"keyUp","value":""}]}]}
RESULT: {"actions":[{"id":"action49","type":"key","parameters":{},"actions":[{"type":"keyDown","value":""},{"type":"pause","duration":10},{"type":"keyUp","value":""}]}]}
COMMAND: GET /session/1078df7af42110589ce6729fcfa5b6f8/screenshot - {}
RESULT: {}
COMMAND: POST /session/1078df7af42110589ce6729fcfa5b6f8/element - {"using":"xpath","value":"//span[@id=\"application-managepricingrules-display-component---priceInfoItem--smartTable-header-inner\"]"}
RESULT: {"using":"xpath","value":"//span[@id=\"application-managepricingrules-display-component---priceInfoItem--smartTable-header-inner\"]"}
COMMAND: POST /session/1078df7af42110589ce6729fcfa5b6f8/elements - {"using":"xpath","value":"//span[@id=\"application-managepricingrules-display-component---priceInfoItem--smartTable-header-inner\"]"}
RESULT: {"using":"xpath","value":"//span[@id=\"application-managepricingrules-display-component---priceInfoItem--smartTable-header-inner\"]"}
COMMAND: POST /session/1078df7af42110589ce6729fcfa5b6f8/execute/sync - {"script":"<script> [56 bytes]","args":[{"element-6066-11e4-a52e-4f735466cecf":"f.BA343095ED0ABE7E3673784E64AE5F80.d.A0D4C76A680E11EF84D4044395662750.e.13705","ELEMENT":"f.BA343095ED0ABE7E3673784E64AE5F80.d.A0D4C76A680E11EF84D4044395662750.e.13705"}]}
RESULT: {"script":"<script> [56 bytes]","args":[{"element-6066-11e4-a52e-4f735466cecf":"f.BA343095ED0ABE7E3673784E64AE5F80.d.A0D4C76A680E11EF84D4044395662750.e.13705","ELEMENT":"f.BA343095ED0ABE7E3673784E64AE5F80.d.A0D4C76A680E11EF84D4044395662750.e.13705"}]}
COMMAND: POST /session/1078df7af42110589ce6729fcfa5b6f8/element - {"using":"css selector","value":"#shell-header-logo"}
COMMAND: GET /session/1078df7af42110589ce6729fcfa5b6f8/screenshot - {}
RESULT: {"using":"css selector","value":"#shell-header-logo"}
COMMAND: POST /session/1078df7af42110589ce6729fcfa5b6f8/element/f.BA343095ED0ABE7E3673784E64AE5F80.d.A0D4C76A680E11EF84D4044395662750.e.12763/click - {}
RESULT: {}
RESULT: {}
COMMAND: GET /session/1078df7af42110589ce6729fcfa5b6f8/screenshot - {}
RESULT: {}
]]></system-out>
    </testcase>
    <testcase classname="chrome.136_0_7103_93.windows.Create_Reverse_Billing_US127248" name="Should manage conditions" time="66.153">
      <system-out><![CDATA[
COMMAND: POST /session/1078df7af42110589ce6729fcfa5b6f8/execute/async - {"script":"<script> [1562 bytes]","args":[{"selector":{"controlType":"sap.m.GenericTile","properties":{"header":"Manage Conditions & Prices"}},"wdio_ui5_key":"sapm.GenericTile{\"header\":\"Manage Conditions & Prices\"}"}]}
RESULT: {"script":"<script> [1562 bytes]","args":[{"selector":{"controlType":"sap.m.GenericTile","properties":{"header":"Manage Conditions & Prices"}},"wdio_ui5_key":"sapm.GenericTile{\"header\":\"Manage Conditions & Prices\"}"}]}
RESULT: undefined
COMMAND: POST /session/1078df7af42110589ce6729fcfa5b6f8/element - {"using":"xpath","value":"//*[@id=\"__tile53\"]"}
RESULT: {"using":"xpath","value":"//*[@id=\"__tile53\"]"}
COMMAND: POST /session/1078df7af42110589ce6729fcfa5b6f8/element/f.BA343095ED0ABE7E3673784E64AE5F80.d.A0D4C76A680E11EF84D4044395662750.e.12701/click - {}
RESULT: {}
COMMAND: GET /session/1078df7af42110589ce6729fcfa5b6f8/screenshot - {}
RESULT: {}
COMMAND: POST /session/1078df7af42110589ce6729fcfa5b6f8/elements - {"using":"xpath","value":"//span[text()='Error']"}
RESULT: {"using":"xpath","value":"//span[text()='Error']"}
COMMAND: POST /session/1078df7af42110589ce6729fcfa5b6f8/element - {"using":"xpath","value":"//button[@aria-label=\"Create\"]"}
RESULT: {"using":"xpath","value":"//button[@aria-label=\"Create\"]"}
COMMAND: POST /session/1078df7af42110589ce6729fcfa5b6f8/elements - {"using":"xpath","value":"//button[@aria-label=\"Create\"]"}
RESULT: {"using":"xpath","value":"//button[@aria-label=\"Create\"]"}
COMMAND: POST /session/1078df7af42110589ce6729fcfa5b6f8/execute/sync - {"script":"<script> [8489 bytes]","args":[{"element-6066-11e4-a52e-4f735466cecf":"f.BA343095ED0ABE7E3673784E64AE5F80.d.A0D4C76A680E11EF84D4044395662750.e.13740","ELEMENT":"f.BA343095ED0ABE7E3673784E64AE5F80.d.A0D4C76A680E11EF84D4044395662750.e.13740"}]}
RESULT: {"script":"<script> [8489 bytes]","args":[{"element-6066-11e4-a52e-4f735466cecf":"f.BA343095ED0ABE7E3673784E64AE5F80.d.A0D4C76A680E11EF84D4044395662750.e.13740","ELEMENT":"f.BA343095ED0ABE7E3673784E64AE5F80.d.A0D4C76A680E11EF84D4044395662750.e.13740"}]}
COMMAND: GET /session/1078df7af42110589ce6729fcfa5b6f8/element/f.BA343095ED0ABE7E3673784E64AE5F80.d.A0D4C76A680E11EF84D4044395662750.e.13740/enabled - {}
COMMAND: GET /session/1078df7af42110589ce6729fcfa5b6f8/screenshot - {}
RESULT: {}
COMMAND: POST /session/1078df7af42110589ce6729fcfa5b6f8/execute/sync - {"script":"<script> [8489 bytes]","args":[{"element-6066-11e4-a52e-4f735466cecf":"f.BA343095ED0ABE7E3673784E64AE5F80.d.A0D4C76A680E11EF84D4044395662750.e.13740","ELEMENT":"f.BA343095ED0ABE7E3673784E64AE5F80.d.A0D4C76A680E11EF84D4044395662750.e.13740"}]}
COMMAND: GET /session/1078df7af42110589ce6729fcfa5b6f8/screenshot - {}
RESULT: {}
RESULT: {"script":"<script> [8489 bytes]","args":[{"element-6066-11e4-a52e-4f735466cecf":"f.BA343095ED0ABE7E3673784E64AE5F80.d.A0D4C76A680E11EF84D4044395662750.e.13740","ELEMENT":"f.BA343095ED0ABE7E3673784E64AE5F80.d.A0D4C76A680E11EF84D4044395662750.e.13740"}]}
COMMAND: POST /session/1078df7af42110589ce6729fcfa5b6f8/execute/sync - {"script":"<script> [5351 bytes]","args":[{"element-6066-11e4-a52e-4f735466cecf":"f.BA343095ED0ABE7E3673784E64AE5F80.d.A0D4C76A680E11EF84D4044395662750.e.13740","ELEMENT":"f.BA343095ED0ABE7E3673784E64AE5F80.d.A0D4C76A680E11EF84D4044395662750.e.13740"}]}
COMMAND: GET /session/1078df7af42110589ce6729fcfa5b6f8/screenshot - {}
RESULT: {}
RESULT: {"script":"<script> [5351 bytes]","args":[{"element-6066-11e4-a52e-4f735466cecf":"f.BA343095ED0ABE7E3673784E64AE5F80.d.A0D4C76A680E11EF84D4044395662750.e.13740","ELEMENT":"f.BA343095ED0ABE7E3673784E64AE5F80.d.A0D4C76A680E11EF84D4044395662750.e.13740"}]}
COMMAND: POST /session/1078df7af42110589ce6729fcfa5b6f8/element/f.BA343095ED0ABE7E3673784E64AE5F80.d.A0D4C76A680E11EF84D4044395662750.e.13740/click - {}
COMMAND: GET /session/1078df7af42110589ce6729fcfa5b6f8/screenshot - {}
RESULT: {}
RESULT: {}
COMMAND: GET /session/1078df7af42110589ce6729fcfa5b6f8/screenshot - {}
RESULT: {}
RESULT: {}
COMMAND: POST /session/1078df7af42110589ce6729fcfa5b6f8/actions - {"actions":[{"id":"action50","type":"key","parameters":{},"actions":[{"type":"keyDown","value":""},{"type":"pause","duration":10},{"type":"keyUp","value":""}]}]}
RESULT: {"actions":[{"id":"action50","type":"key","parameters":{},"actions":[{"type":"keyDown","value":""},{"type":"pause","duration":10},{"type":"keyUp","value":""}]}]}
COMMAND: GET /session/1078df7af42110589ce6729fcfa5b6f8/screenshot - {}
RESULT: {}
COMMAND: POST /session/1078df7af42110589ce6729fcfa5b6f8/execute/async - {"script":"<script> [1562 bytes]","args":[{"selector":{"id":"application-manageconditionprice-display-component---newCondition--condBillCond-arrow"},"wdio_ui5_key":"applicationmanageconditionprice-display-component---newCondition--condBillCond-arrow"}]}
RESULT: {"script":"<script> [1562 bytes]","args":[{"selector":{"id":"application-manageconditionprice-display-component---newCondition--condBillCond-arrow"},"wdio_ui5_key":"applicationmanageconditionprice-display-component---newCondition--condBillCond-arrow"}]}
RESULT: undefined
COMMAND: POST /session/1078df7af42110589ce6729fcfa5b6f8/element - {"using":"xpath","value":"//*[@id=\"application-manageconditionprice-display-component---newCondition--condBillCond-arrow\"]"}
RESULT: {"using":"xpath","value":"//*[@id=\"application-manageconditionprice-display-component---newCondition--condBillCond-arrow\"]"}
COMMAND: POST /session/1078df7af42110589ce6729fcfa5b6f8/element/f.BA343095ED0ABE7E3673784E64AE5F80.d.A0D4C76A680E11EF84D4044395662750.e.13917/click - {}
RESULT: {}
COMMAND: GET /session/1078df7af42110589ce6729fcfa5b6f8/screenshot - {}
RESULT: {}
COMMAND: POST /session/1078df7af42110589ce6729fcfa5b6f8/element - {"using":"xpath","value":"//li[.//span[contains(text(), \"DISP - D&I special price\")]]"}
RESULT: {"using":"xpath","value":"//li[.//span[contains(text(), \"DISP - D&I special price\")]]"}
COMMAND: POST /session/1078df7af42110589ce6729fcfa5b6f8/element/f.BA343095ED0ABE7E3673784E64AE5F80.d.A0D4C76A680E11EF84D4044395662750.e.13920/click - {}
RESULT: {}
COMMAND: GET /session/1078df7af42110589ce6729fcfa5b6f8/screenshot - {}
RESULT: {}
COMMAND: POST /session/1078df7af42110589ce6729fcfa5b6f8/execute/async - {"script":"<script> [1562 bytes]","args":[{"selector":{"id":"application-manageconditionprice-display-component---newCondition--condValidTo","interaction":{"idSuffix":"inner"}},"wdio_ui5_key":"applicationmanageconditionprice-display-component---newCondition--condValidTo"}]}
RESULT: {"script":"<script> [1562 bytes]","args":[{"selector":{"id":"application-manageconditionprice-display-component---newCondition--condValidTo","interaction":{"idSuffix":"inner"}},"wdio_ui5_key":"applicationmanageconditionprice-display-component---newCondition--condValidTo"}]}
RESULT: undefined
COMMAND: POST /session/1078df7af42110589ce6729fcfa5b6f8/execute/async - {"script":"<script> [776 bytes]","args":[{"enterText":"2/1/26","selector":{"id":"application-manageconditionprice-display-component---newCondition--condValidTo","interaction":{"idSuffix":"inner"}},"clearTextFirst":true,"interactionType":"ENTER_TEXT"}]}
RESULT: {"script":"<script> [776 bytes]","args":[{"enterText":"2/1/26","selector":{"id":"application-manageconditionprice-display-component---newCondition--condValidTo","interaction":{"idSuffix":"inner"}},"clearTextFirst":true,"interactionType":"ENTER_TEXT"}]}
COMMAND: POST /session/1078df7af42110589ce6729fcfa5b6f8/element - {"using":"xpath","value":"//input[@id=\"application-manageconditionprice-display-component---newCondition--condRU-inner\"]"}
RESULT: {"using":"xpath","value":"//input[@id=\"application-manageconditionprice-display-component---newCondition--condRU-inner\"]"}
COMMAND: POST /session/1078df7af42110589ce6729fcfa5b6f8/element/f.BA343095ED0ABE7E3673784E64AE5F80.d.A0D4C76A680E11EF84D4044395662750.e.13782/clear - {}
RESULT: {}
COMMAND: POST /session/1078df7af42110589ce6729fcfa5b6f8/element/f.BA343095ED0ABE7E3673784E64AE5F80.d.A0D4C76A680E11EF84D4044395662750.e.13782/value - {"text":"FhVMRSyIe4"}
COMMAND: GET /session/1078df7af42110589ce6729fcfa5b6f8/screenshot - {}
RESULT: {"text":"FhVMRSyIe4"}
COMMAND: GET /session/1078df7af42110589ce6729fcfa5b6f8/screenshot - {}
RESULT: {}
RESULT: {}
COMMAND: POST /session/1078df7af42110589ce6729fcfa5b6f8/actions - {"actions":[{"id":"action51","type":"key","parameters":{},"actions":[{"type":"keyDown","value":""},{"type":"pause","duration":10},{"type":"keyUp","value":""}]}]}
RESULT: {"actions":[{"id":"action51","type":"key","parameters":{},"actions":[{"type":"keyDown","value":""},{"type":"pause","duration":10},{"type":"keyUp","value":""}]}]}
COMMAND: POST /session/1078df7af42110589ce6729fcfa5b6f8/execute/async - {"script":"<script> [1562 bytes]","args":[{"selector":{"id":"application-manageconditionprice-display-component---newCondition--condBaseQty","interaction":{"idSuffix":"inner"}},"wdio_ui5_key":"applicationmanageconditionprice-display-component---newCondition--condBaseQty"}]}
COMMAND: GET /session/1078df7af42110589ce6729fcfa5b6f8/screenshot - {}
RESULT: {"script":"<script> [1562 bytes]","args":[{"selector":{"id":"application-manageconditionprice-display-component---newCondition--condBaseQty","interaction":{"idSuffix":"inner"}},"wdio_ui5_key":"applicationmanageconditionprice-display-component---newCondition--condBaseQty"}]}
RESULT: undefined
COMMAND: POST /session/1078df7af42110589ce6729fcfa5b6f8/execute/async - {"script":"<script> [776 bytes]","args":[{"enterText":"1","selector":{"id":"application-manageconditionprice-display-component---newCondition--condBaseQty","interaction":{"idSuffix":"inner"}},"clearTextFirst":true,"interactionType":"ENTER_TEXT"}]}
RESULT: {}
RESULT: {"script":"<script> [776 bytes]","args":[{"enterText":"1","selector":{"id":"application-manageconditionprice-display-component---newCondition--condBaseQty","interaction":{"idSuffix":"inner"}},"clearTextFirst":true,"interactionType":"ENTER_TEXT"}]}
COMMAND: POST /session/1078df7af42110589ce6729fcfa5b6f8/execute/async - {"script":"<script> [1562 bytes]","args":[{"selector":{"id":"application-manageconditionprice-display-component---newCondition--condValue","interaction":{"idSuffix":"inner"}},"wdio_ui5_key":"applicationmanageconditionprice-display-component---newCondition--condValue"}]}
RESULT: {"script":"<script> [1562 bytes]","args":[{"selector":{"id":"application-manageconditionprice-display-component---newCondition--condValue","interaction":{"idSuffix":"inner"}},"wdio_ui5_key":"applicationmanageconditionprice-display-component---newCondition--condValue"}]}
RESULT: undefined
COMMAND: POST /session/1078df7af42110589ce6729fcfa5b6f8/execute/async - {"script":"<script> [776 bytes]","args":[{"enterText":"200","selector":{"id":"application-manageconditionprice-display-component---newCondition--condValue","interaction":{"idSuffix":"inner"}},"clearTextFirst":true,"interactionType":"ENTER_TEXT"}]}
RESULT: {"script":"<script> [776 bytes]","args":[{"enterText":"200","selector":{"id":"application-manageconditionprice-display-component---newCondition--condValue","interaction":{"idSuffix":"inner"}},"clearTextFirst":true,"interactionType":"ENTER_TEXT"}]}
COMMAND: POST /session/1078df7af42110589ce6729fcfa5b6f8/execute/async - {"script":"<script> [1562 bytes]","args":[{"selector":{"id":"application-manageconditionprice-display-component---newCondition--condCurr-arrow"},"wdio_ui5_key":"applicationmanageconditionprice-display-component---newCondition--condCurr-arrow"}]}
RESULT: {"script":"<script> [1562 bytes]","args":[{"selector":{"id":"application-manageconditionprice-display-component---newCondition--condCurr-arrow"},"wdio_ui5_key":"applicationmanageconditionprice-display-component---newCondition--condCurr-arrow"}]}
RESULT: undefined
COMMAND: POST /session/1078df7af42110589ce6729fcfa5b6f8/element - {"using":"xpath","value":"//*[@id=\"application-manageconditionprice-display-component---newCondition--condCurr-arrow\"]"}
RESULT: {"using":"xpath","value":"//*[@id=\"application-manageconditionprice-display-component---newCondition--condCurr-arrow\"]"}
COMMAND: POST /session/1078df7af42110589ce6729fcfa5b6f8/element/f.BA343095ED0ABE7E3673784E64AE5F80.d.A0D4C76A680E11EF84D4044395662750.e.13898/click - {}
RESULT: {}
COMMAND: POST /session/1078df7af42110589ce6729fcfa5b6f8/element - {"using":"xpath","value":"//span[contains(text(), \"Euro\")]"}
COMMAND: GET /session/1078df7af42110589ce6729fcfa5b6f8/screenshot - {}
RESULT: {"using":"xpath","value":"//span[contains(text(), \"Euro\")]"}
COMMAND: POST /session/1078df7af42110589ce6729fcfa5b6f8/element/f.BA343095ED0ABE7E3673784E64AE5F80.d.A0D4C76A680E11EF84D4044395662750.e.13959/click - {}
RESULT: {}
RESULT: {}
COMMAND: POST /session/1078df7af42110589ce6729fcfa5b6f8/element - {"using":"xpath","value":"//button[@data-kt=\"saveButton\"]"}
COMMAND: GET /session/1078df7af42110589ce6729fcfa5b6f8/screenshot - {}
RESULT: {"using":"xpath","value":"//button[@data-kt=\"saveButton\"]"}
COMMAND: POST /session/1078df7af42110589ce6729fcfa5b6f8/element/f.BA343095ED0ABE7E3673784E64AE5F80.d.A0D4C76A680E11EF84D4044395662750.e.13899/click - {}
RESULT: {}
RESULT: {}
COMMAND: GET /session/1078df7af42110589ce6729fcfa5b6f8/screenshot - {}
RESULT: {}
COMMAND: POST /session/1078df7af42110589ce6729fcfa5b6f8/execute/async - {"script":"<script> [1562 bytes]","args":[{"selector":{"id":"application-manageconditionprice-display-component---conditions--smartFilterBar-btnBasicSearch","interaction":{"idSuffix":"I"}},"wdio_ui5_key":"applicationmanageconditionprice-display-component---conditions--smartFilterBar-btnBasicSearch"}]}
RESULT: {"script":"<script> [1562 bytes]","args":[{"selector":{"id":"application-manageconditionprice-display-component---conditions--smartFilterBar-btnBasicSearch","interaction":{"idSuffix":"I"}},"wdio_ui5_key":"applicationmanageconditionprice-display-component---conditions--smartFilterBar-btnBasicSearch"}]}
RESULT: undefined
COMMAND: POST /session/1078df7af42110589ce6729fcfa5b6f8/execute/async - {"script":"<script> [776 bytes]","args":[{"enterText":"FhVMRSyIe4","selector":{"id":"application-manageconditionprice-display-component---conditions--smartFilterBar-btnBasicSearch","interaction":{"idSuffix":"I"}},"clearTextFirst":true,"interactionType":"ENTER_TEXT"}]}
RESULT: {"script":"<script> [776 bytes]","args":[{"enterText":"FhVMRSyIe4","selector":{"id":"application-manageconditionprice-display-component---conditions--smartFilterBar-btnBasicSearch","interaction":{"idSuffix":"I"}},"clearTextFirst":true,"interactionType":"ENTER_TEXT"}]}
COMMAND: POST /session/1078df7af42110589ce6729fcfa5b6f8/actions - {"actions":[{"id":"action52","type":"key","parameters":{},"actions":[{"type":"keyDown","value":""},{"type":"pause","duration":10},{"type":"keyUp","value":""}]}]}
RESULT: {"actions":[{"id":"action52","type":"key","parameters":{},"actions":[{"type":"keyDown","value":""},{"type":"pause","duration":10},{"type":"keyUp","value":""}]}]}
COMMAND: GET /session/1078df7af42110589ce6729fcfa5b6f8/screenshot - {}
RESULT: {}
COMMAND: POST /session/1078df7af42110589ce6729fcfa5b6f8/execute/async - {"script":"<script> [1562 bytes]","args":[{"selector":{"id":"application-manageconditionprice-display-component---conditions--smartFilterBar-filterItemControl_BASIC-BILL_TYPES-vhi"},"wdio_ui5_key":"applicationmanageconditionprice-display-component---conditions--smartFilterBar-filterItemControl_BASIC-BILL_TYPES-vhi"}]}
RESULT: {"script":"<script> [1562 bytes]","args":[{"selector":{"id":"application-manageconditionprice-display-component---conditions--smartFilterBar-filterItemControl_BASIC-BILL_TYPES-vhi"},"wdio_ui5_key":"applicationmanageconditionprice-display-component---conditions--smartFilterBar-filterItemControl_BASIC-BILL_TYPES-vhi"}]}
RESULT: undefined
COMMAND: POST /session/1078df7af42110589ce6729fcfa5b6f8/element - {"using":"xpath","value":"//*[@id=\"application-manageconditionprice-display-component---conditions--smartFilterBar-filterItemControl_BASIC-BILL_TYPES-vhi\"]"}
RESULT: {"using":"xpath","value":"//*[@id=\"application-manageconditionprice-display-component---conditions--smartFilterBar-filterItemControl_BASIC-BILL_TYPES-vhi\"]"}
COMMAND: POST /session/1078df7af42110589ce6729fcfa5b6f8/element/f.BA343095ED0ABE7E3673784E64AE5F80.d.A0D4C76A680E11EF84D4044395662750.e.14059/click - {}
RESULT: {}
COMMAND: POST /session/1078df7af42110589ce6729fcfa5b6f8/execute/async - {"script":"<script> [1562 bytes]","args":[{"selector":{"id":"application-manageconditionprice-display-component---conditions--smartFilterBar-filterItemControl_BASIC-BILL_TYPES-valueHelpDialog-smartFilterBar-btnBasicSearch","searchOpenDialogs":true,"interaction":{"idSuffix":"I"}},"wdio_ui5_key":"applicationmanageconditionprice-display-component---conditions--smartFilterBar-filterItemControl_BASIC-BILL_TYPES-valueHelpDialog-smartFilterBar-btnBasicSearch"}]}
COMMAND: GET /session/1078df7af42110589ce6729fcfa5b6f8/screenshot - {}
RESULT: {"script":"<script> [1562 bytes]","args":[{"selector":{"id":"application-manageconditionprice-display-component---conditions--smartFilterBar-filterItemControl_BASIC-BILL_TYPES-valueHelpDialog-smartFilterBar-btnBasicSearch","searchOpenDialogs":true,"interaction":{"idSuffix":"I"}},"wdio_ui5_key":"applicationmanageconditionprice-display-component---conditions--smartFilterBar-filterItemControl_BASIC-BILL_TYPES-valueHelpDialog-smartFilterBar-btnBasicSearch"}]}
RESULT: undefined
COMMAND: POST /session/1078df7af42110589ce6729fcfa5b6f8/execute/async - {"script":"<script> [776 bytes]","args":[{"enterText":"TB","selector":{"id":"application-manageconditionprice-display-component---conditions--smartFilterBar-filterItemControl_BASIC-BILL_TYPES-valueHelpDialog-smartFilterBar-btnBasicSearch","searchOpenDialogs":true,"interaction":{"idSuffix":"I"}},"clearTextFirst":true,"interactionType":"ENTER_TEXT"}]}
RESULT: {}
RESULT: {"script":"<script> [776 bytes]","args":[{"enterText":"TB","selector":{"id":"application-manageconditionprice-display-component---conditions--smartFilterBar-filterItemControl_BASIC-BILL_TYPES-valueHelpDialog-smartFilterBar-btnBasicSearch","searchOpenDialogs":true,"interaction":{"idSuffix":"I"}},"clearTextFirst":true,"interactionType":"ENTER_TEXT"}]}
COMMAND: POST /session/1078df7af42110589ce6729fcfa5b6f8/actions - {"actions":[{"id":"action53","type":"key","parameters":{},"actions":[{"type":"keyDown","value":""},{"type":"pause","duration":10},{"type":"keyUp","value":""}]}]}
RESULT: {"actions":[{"id":"action53","type":"key","parameters":{},"actions":[{"type":"keyDown","value":""},{"type":"pause","duration":10},{"type":"keyUp","value":""}]}]}
COMMAND: GET /session/1078df7af42110589ce6729fcfa5b6f8/screenshot - {}
RESULT: {}
COMMAND: POST /session/1078df7af42110589ce6729fcfa5b6f8/element - {"using":"xpath","value":"//div[contains(@id, 'application-manageconditionprice-display-component---conditions--smartFilterBar-filterItemControl_BASIC-BILL_TYPES-valueHelpDialog-table-rowsel0')]"}
RESULT: {"using":"xpath","value":"//div[contains(@id, 'application-manageconditionprice-display-component---conditions--smartFilterBar-filterItemControl_BASIC-BILL_TYPES-valueHelpDialog-table-rowsel0')]"}
COMMAND: POST /session/1078df7af42110589ce6729fcfa5b6f8/element/f.BA343095ED0ABE7E3673784E64AE5F80.d.A0D4C76A680E11EF84D4044395662750.e.14069/click - {}
RESULT: {}
COMMAND: GET /session/1078df7af42110589ce6729fcfa5b6f8/screenshot - {}
RESULT: {}
COMMAND: POST /session/1078df7af42110589ce6729fcfa5b6f8/element - {"using":"xpath","value":"//bdi[contains(text(), \"OK\")]"}
RESULT: {"using":"xpath","value":"//bdi[contains(text(), \"OK\")]"}
COMMAND: POST /session/1078df7af42110589ce6729fcfa5b6f8/element/f.BA343095ED0ABE7E3673784E64AE5F80.d.A0D4C76A680E11EF84D4044395662750.e.14071/click - {}
RESULT: {}
COMMAND: GET /session/1078df7af42110589ce6729fcfa5b6f8/screenshot - {}
RESULT: {}
COMMAND: POST /session/1078df7af42110589ce6729fcfa5b6f8/element - {"using":"xpath","value":"//span[@id=\"application-manageconditionprice-display-component---conditions--smartTable-header-inner\"]"}
RESULT: {"using":"xpath","value":"//span[@id=\"application-manageconditionprice-display-component---conditions--smartTable-header-inner\"]"}
COMMAND: POST /session/1078df7af42110589ce6729fcfa5b6f8/elements - {"using":"xpath","value":"//span[@id=\"application-manageconditionprice-display-component---conditions--smartTable-header-inner\"]"}
RESULT: {"using":"xpath","value":"//span[@id=\"application-manageconditionprice-display-component---conditions--smartTable-header-inner\"]"}
COMMAND: POST /session/1078df7af42110589ce6729fcfa5b6f8/execute/sync - {"script":"<script> [56 bytes]","args":[{"element-6066-11e4-a52e-4f735466cecf":"f.BA343095ED0ABE7E3673784E64AE5F80.d.A0D4C76A680E11EF84D4044395662750.e.14074","ELEMENT":"f.BA343095ED0ABE7E3673784E64AE5F80.d.A0D4C76A680E11EF84D4044395662750.e.14074"}]}
RESULT: {"script":"<script> [56 bytes]","args":[{"element-6066-11e4-a52e-4f735466cecf":"f.BA343095ED0ABE7E3673784E64AE5F80.d.A0D4C76A680E11EF84D4044395662750.e.14074","ELEMENT":"f.BA343095ED0ABE7E3673784E64AE5F80.d.A0D4C76A680E11EF84D4044395662750.e.14074"}]}
COMMAND: POST /session/1078df7af42110589ce6729fcfa5b6f8/element - {"using":"css selector","value":"#shell-header-logo"}
COMMAND: GET /session/1078df7af42110589ce6729fcfa5b6f8/screenshot - {}
RESULT: {"using":"css selector","value":"#shell-header-logo"}
COMMAND: POST /session/1078df7af42110589ce6729fcfa5b6f8/element/f.BA343095ED0ABE7E3673784E64AE5F80.d.A0D4C76A680E11EF84D4044395662750.e.13708/click - {}
RESULT: {}
RESULT: {}
COMMAND: GET /session/1078df7af42110589ce6729fcfa5b6f8/screenshot - {}
RESULT: {}
]]></system-out>
    </testcase>
    <testcase classname="chrome.136_0_7103_93.windows.Create_Reverse_Billing_US127248" name="Should do a stock increase handover" time="96.278">
      <failure/>
      <error message="Can't call click on element with selector &quot;//li[.//span[contains(text(),'560 -')]]&quot; because element wasn't found"/>
      <system-out><![CDATA[
COMMAND: POST /session/1078df7af42110589ce6729fcfa5b6f8/execute/async - {"script":"<script> [1562 bytes]","args":[{"selector":{"controlType":"sap.m.GenericTile","properties":{"header":"Manage Handovers"}},"wdio_ui5_key":"sapm.GenericTile{\"header\":\"Manage Handovers\"}"}]}
RESULT: {"script":"<script> [1562 bytes]","args":[{"selector":{"controlType":"sap.m.GenericTile","properties":{"header":"Manage Handovers"}},"wdio_ui5_key":"sapm.GenericTile{\"header\":\"Manage Handovers\"}"}]}
RESULT: undefined
COMMAND: POST /session/1078df7af42110589ce6729fcfa5b6f8/element - {"using":"xpath","value":"//*[@id=\"__tile133\"]"}
RESULT: {"using":"xpath","value":"//*[@id=\"__tile133\"]"}
COMMAND: POST /session/1078df7af42110589ce6729fcfa5b6f8/element/f.BA343095ED0ABE7E3673784E64AE5F80.d.A0D4C76A680E11EF84D4044395662750.e.12739/click - {}
RESULT: {}
COMMAND: GET /session/1078df7af42110589ce6729fcfa5b6f8/screenshot - {}
RESULT: {}
COMMAND: POST /session/1078df7af42110589ce6729fcfa5b6f8/elements - {"using":"xpath","value":"//span[text()='Error']"}
RESULT: {"using":"xpath","value":"//span[text()='Error']"}
COMMAND: POST /session/1078df7af42110589ce6729fcfa5b6f8/element - {"using":"xpath","value":"//button[@data-kt=\"masterHOAddButton\"]"}
RESULT: {"using":"xpath","value":"//button[@data-kt=\"masterHOAddButton\"]"}
COMMAND: POST /session/1078df7af42110589ce6729fcfa5b6f8/elements - {"using":"xpath","value":"//button[@data-kt=\"masterHOAddButton\"]"}
RESULT: {"using":"xpath","value":"//button[@data-kt=\"masterHOAddButton\"]"}
COMMAND: POST /session/1078df7af42110589ce6729fcfa5b6f8/elements - {"using":"xpath","value":"//button[@data-kt=\"masterHOAddButton\"]"}
RESULT: {"using":"xpath","value":"//button[@data-kt=\"masterHOAddButton\"]"}
COMMAND: POST /session/1078df7af42110589ce6729fcfa5b6f8/element - {"using":"xpath","value":"//button[@data-kt=\"masterHOAddButton\"]"}
RESULT: {"using":"xpath","value":"//button[@data-kt=\"masterHOAddButton\"]"}
COMMAND: POST /session/1078df7af42110589ce6729fcfa5b6f8/execute/sync - {"script":"<script> [8489 bytes]","args":[{"element-6066-11e4-a52e-4f735466cecf":"f.BA343095ED0ABE7E3673784E64AE5F80.d.A0D4C76A680E11EF84D4044395662750.e.14113","ELEMENT":"f.BA343095ED0ABE7E3673784E64AE5F80.d.A0D4C76A680E11EF84D4044395662750.e.14113"}]}
RESULT: {"script":"<script> [8489 bytes]","args":[{"element-6066-11e4-a52e-4f735466cecf":"f.BA343095ED0ABE7E3673784E64AE5F80.d.A0D4C76A680E11EF84D4044395662750.e.14113","ELEMENT":"f.BA343095ED0ABE7E3673784E64AE5F80.d.A0D4C76A680E11EF84D4044395662750.e.14113"}]}
COMMAND: GET /session/1078df7af42110589ce6729fcfa5b6f8/element/f.BA343095ED0ABE7E3673784E64AE5F80.d.A0D4C76A680E11EF84D4044395662750.e.14113/enabled - {}
COMMAND: GET /session/1078df7af42110589ce6729fcfa5b6f8/screenshot - {}
RESULT: {}
COMMAND: POST /session/1078df7af42110589ce6729fcfa5b6f8/execute/sync - {"script":"<script> [8489 bytes]","args":[{"element-6066-11e4-a52e-4f735466cecf":"f.BA343095ED0ABE7E3673784E64AE5F80.d.A0D4C76A680E11EF84D4044395662750.e.14113","ELEMENT":"f.BA343095ED0ABE7E3673784E64AE5F80.d.A0D4C76A680E11EF84D4044395662750.e.14113"}]}
COMMAND: GET /session/1078df7af42110589ce6729fcfa5b6f8/screenshot - {}
RESULT: {}
RESULT: {"script":"<script> [8489 bytes]","args":[{"element-6066-11e4-a52e-4f735466cecf":"f.BA343095ED0ABE7E3673784E64AE5F80.d.A0D4C76A680E11EF84D4044395662750.e.14113","ELEMENT":"f.BA343095ED0ABE7E3673784E64AE5F80.d.A0D4C76A680E11EF84D4044395662750.e.14113"}]}
COMMAND: POST /session/1078df7af42110589ce6729fcfa5b6f8/execute/sync - {"script":"<script> [5351 bytes]","args":[{"element-6066-11e4-a52e-4f735466cecf":"f.BA343095ED0ABE7E3673784E64AE5F80.d.A0D4C76A680E11EF84D4044395662750.e.14113","ELEMENT":"f.BA343095ED0ABE7E3673784E64AE5F80.d.A0D4C76A680E11EF84D4044395662750.e.14113"}]}
COMMAND: GET /session/1078df7af42110589ce6729fcfa5b6f8/screenshot - {}
RESULT: {}
RESULT: {"script":"<script> [5351 bytes]","args":[{"element-6066-11e4-a52e-4f735466cecf":"f.BA343095ED0ABE7E3673784E64AE5F80.d.A0D4C76A680E11EF84D4044395662750.e.14113","ELEMENT":"f.BA343095ED0ABE7E3673784E64AE5F80.d.A0D4C76A680E11EF84D4044395662750.e.14113"}]}
COMMAND: POST /session/1078df7af42110589ce6729fcfa5b6f8/element/f.BA343095ED0ABE7E3673784E64AE5F80.d.A0D4C76A680E11EF84D4044395662750.e.14113/click - {}
COMMAND: GET /session/1078df7af42110589ce6729fcfa5b6f8/screenshot - {}
RESULT: {}
RESULT: {}
COMMAND: GET /session/1078df7af42110589ce6729fcfa5b6f8/screenshot - {}
RESULT: {}
RESULT: {}
COMMAND: POST /session/1078df7af42110589ce6729fcfa5b6f8/element - {"using":"xpath","value":"//span[contains(@id ,\"AddNewHO--typeSelect-arrow\")]"}
RESULT: {"using":"xpath","value":"//span[contains(@id ,\"AddNewHO--typeSelect-arrow\")]"}
COMMAND: POST /session/1078df7af42110589ce6729fcfa5b6f8/element/f.BA343095ED0ABE7E3673784E64AE5F80.d.A0D4C76A680E11EF84D4044395662750.e.14479/click - {}
RESULT: {}
COMMAND: GET /session/1078df7af42110589ce6729fcfa5b6f8/screenshot - {}
RESULT: {}
COMMAND: POST /session/1078df7af42110589ce6729fcfa5b6f8/element - {"using":"xpath","value":"(//li[contains(text(), \"stock increase yard\")])[1]"}
RESULT: {"using":"xpath","value":"(//li[contains(text(), \"stock increase yard\")])[1]"}
COMMAND: POST /session/1078df7af42110589ce6729fcfa5b6f8/element/f.BA343095ED0ABE7E3673784E64AE5F80.d.A0D4C76A680E11EF84D4044395662750.e.14480/click - {}
RESULT: {}
COMMAND: GET /session/1078df7af42110589ce6729fcfa5b6f8/screenshot - {}
RESULT: {}
COMMAND: POST /session/1078df7af42110589ce6729fcfa5b6f8/execute/async - {"script":"<script> [1562 bytes]","args":[{"selector":{"id":"application-managehandovers-display-component---AddNewHO--dueDate","interaction":{"idSuffix":"inner"}},"wdio_ui5_key":"applicationmanagehandovers-display-component---AddNewHO--dueDate"}]}
RESULT: {"script":"<script> [1562 bytes]","args":[{"selector":{"id":"application-managehandovers-display-component---AddNewHO--dueDate","interaction":{"idSuffix":"inner"}},"wdio_ui5_key":"applicationmanagehandovers-display-component---AddNewHO--dueDate"}]}
RESULT: undefined
COMMAND: POST /session/1078df7af42110589ce6729fcfa5b6f8/execute/async - {"script":"<script> [6424 bytes]","args":[{"element-6066-11e4-a52e-4f735466cecf":"f.BA343095ED0ABE7E3673784E64AE5F80.d.A0D4C76A680E11EF84D4044395662750.e.14482"},"setValue",["6/1/25"]]}
RESULT: {"script":"<script> [6424 bytes]","args":[{"element-6066-11e4-a52e-4f735466cecf":"f.BA343095ED0ABE7E3673784E64AE5F80.d.A0D4C76A680E11EF84D4044395662750.e.14482"},"setValue",["6/1/25"]]}
COMMAND: POST /session/1078df7af42110589ce6729fcfa5b6f8/element - {"using":"xpath","value":"//input[@id=\"generalSectionFrg--receiveYard-inner\"]"}
RESULT: {"using":"xpath","value":"//input[@id=\"generalSectionFrg--receiveYard-inner\"]"}
COMMAND: POST /session/1078df7af42110589ce6729fcfa5b6f8/element/f.BA343095ED0ABE7E3673784E64AE5F80.d.A0D4C76A680E11EF84D4044395662750.e.14488/clear - {}
RESULT: {}
COMMAND: POST /session/1078df7af42110589ce6729fcfa5b6f8/element/f.BA343095ED0ABE7E3673784E64AE5F80.d.A0D4C76A680E11EF84D4044395662750.e.14488/value - {"text":"560"}
COMMAND: GET /session/1078df7af42110589ce6729fcfa5b6f8/screenshot - {}
RESULT: {"text":"560"}
COMMAND: GET /session/1078df7af42110589ce6729fcfa5b6f8/screenshot - {}
RESULT: {}
RESULT: {}
COMMAND: POST /session/1078df7af42110589ce6729fcfa5b6f8/element - {"using":"xpath","value":"//li[.//span[contains(text(),'560 -')]]"}
RESULT: {"using":"xpath","value":"//li[.//span[contains(text(),'560 -')]]"}
COMMAND: POST /session/1078df7af42110589ce6729fcfa5b6f8/elements - {"using":"xpath","value":"//li[.//span[contains(text(),'560 -')]]"}
RESULT: {"using":"xpath","value":"//li[.//span[contains(text(),'560 -')]]"}
COMMAND: POST /session/1078df7af42110589ce6729fcfa5b6f8/elements - {"using":"xpath","value":"//li[.//span[contains(text(),'560 -')]]"}
RESULT: {"using":"xpath","value":"//li[.//span[contains(text(),'560 -')]]"}
COMMAND: POST /session/1078df7af42110589ce6729fcfa5b6f8/elements - {"using":"xpath","value":"//li[.//span[contains(text(),'560 -')]]"}
RESULT: {"using":"xpath","value":"//li[.//span[contains(text(),'560 -')]]"}
COMMAND: POST /session/1078df7af42110589ce6729fcfa5b6f8/elements - {"using":"xpath","value":"//li[.//span[contains(text(),'560 -')]]"}
RESULT: {"using":"xpath","value":"//li[.//span[contains(text(),'560 -')]]"}
COMMAND: POST /session/1078df7af42110589ce6729fcfa5b6f8/elements - {"using":"xpath","value":"//li[.//span[contains(text(),'560 -')]]"}
RESULT: {"using":"xpath","value":"//li[.//span[contains(text(),'560 -')]]"}
COMMAND: POST /session/1078df7af42110589ce6729fcfa5b6f8/elements - {"using":"xpath","value":"//li[.//span[contains(text(),'560 -')]]"}
RESULT: {"using":"xpath","value":"//li[.//span[contains(text(),'560 -')]]"}
COMMAND: POST /session/1078df7af42110589ce6729fcfa5b6f8/elements - {"using":"xpath","value":"//li[.//span[contains(text(),'560 -')]]"}
RESULT: {"using":"xpath","value":"//li[.//span[contains(text(),'560 -')]]"}
COMMAND: POST /session/1078df7af42110589ce6729fcfa5b6f8/elements - {"using":"xpath","value":"//li[.//span[contains(text(),'560 -')]]"}
RESULT: {"using":"xpath","value":"//li[.//span[contains(text(),'560 -')]]"}
COMMAND: POST /session/1078df7af42110589ce6729fcfa5b6f8/elements - {"using":"xpath","value":"//li[.//span[contains(text(),'560 -')]]"}
RESULT: {"using":"xpath","value":"//li[.//span[contains(text(),'560 -')]]"}
COMMAND: POST /session/1078df7af42110589ce6729fcfa5b6f8/elements - {"using":"xpath","value":"//li[.//span[contains(text(),'560 -')]]"}
RESULT: {"using":"xpath","value":"//li[.//span[contains(text(),'560 -')]]"}
COMMAND: POST /session/1078df7af42110589ce6729fcfa5b6f8/elements - {"using":"xpath","value":"//li[.//span[contains(text(),'560 -')]]"}
RESULT: {"using":"xpath","value":"//li[.//span[contains(text(),'560 -')]]"}
COMMAND: POST /session/1078df7af42110589ce6729fcfa5b6f8/elements - {"using":"xpath","value":"//li[.//span[contains(text(),'560 -')]]"}
RESULT: {"using":"xpath","value":"//li[.//span[contains(text(),'560 -')]]"}
COMMAND: POST /session/1078df7af42110589ce6729fcfa5b6f8/elements - {"using":"xpath","value":"//li[.//span[contains(text(),'560 -')]]"}
RESULT: {"using":"xpath","value":"//li[.//span[contains(text(),'560 -')]]"}
COMMAND: POST /session/1078df7af42110589ce6729fcfa5b6f8/elements - {"using":"xpath","value":"//li[.//span[contains(text(),'560 -')]]"}
RESULT: {"using":"xpath","value":"//li[.//span[contains(text(),'560 -')]]"}
COMMAND: POST /session/1078df7af42110589ce6729fcfa5b6f8/elements - {"using":"xpath","value":"//li[.//span[contains(text(),'560 -')]]"}
RESULT: {"using":"xpath","value":"//li[.//span[contains(text(),'560 -')]]"}
COMMAND: POST /session/1078df7af42110589ce6729fcfa5b6f8/elements - {"using":"xpath","value":"//li[.//span[contains(text(),'560 -')]]"}
RESULT: {"using":"xpath","value":"//li[.//span[contains(text(),'560 -')]]"}
COMMAND: POST /session/1078df7af42110589ce6729fcfa5b6f8/elements - {"using":"xpath","value":"//li[.//span[contains(text(),'560 -')]]"}
RESULT: {"using":"xpath","value":"//li[.//span[contains(text(),'560 -')]]"}
COMMAND: POST /session/1078df7af42110589ce6729fcfa5b6f8/elements - {"using":"xpath","value":"//li[.//span[contains(text(),'560 -')]]"}
RESULT: {"using":"xpath","value":"//li[.//span[contains(text(),'560 -')]]"}
COMMAND: POST /session/1078df7af42110589ce6729fcfa5b6f8/elements - {"using":"xpath","value":"//li[.//span[contains(text(),'560 -')]]"}
RESULT: {"using":"xpath","value":"//li[.//span[contains(text(),'560 -')]]"}
COMMAND: POST /session/1078df7af42110589ce6729fcfa5b6f8/elements - {"using":"xpath","value":"//li[.//span[contains(text(),'560 -')]]"}
RESULT: {"using":"xpath","value":"//li[.//span[contains(text(),'560 -')]]"}
COMMAND: POST /session/1078df7af42110589ce6729fcfa5b6f8/elements - {"using":"xpath","value":"//li[.//span[contains(text(),'560 -')]]"}
RESULT: {"using":"xpath","value":"//li[.//span[contains(text(),'560 -')]]"}
COMMAND: POST /session/1078df7af42110589ce6729fcfa5b6f8/elements - {"using":"xpath","value":"//li[.//span[contains(text(),'560 -')]]"}
RESULT: {"using":"xpath","value":"//li[.//span[contains(text(),'560 -')]]"}
COMMAND: POST /session/1078df7af42110589ce6729fcfa5b6f8/elements - {"using":"xpath","value":"//li[.//span[contains(text(),'560 -')]]"}
RESULT: {"using":"xpath","value":"//li[.//span[contains(text(),'560 -')]]"}
COMMAND: POST /session/1078df7af42110589ce6729fcfa5b6f8/elements - {"using":"xpath","value":"//li[.//span[contains(text(),'560 -')]]"}
RESULT: {"using":"xpath","value":"//li[.//span[contains(text(),'560 -')]]"}
COMMAND: POST /session/1078df7af42110589ce6729fcfa5b6f8/elements - {"using":"xpath","value":"//li[.//span[contains(text(),'560 -')]]"}
RESULT: {"using":"xpath","value":"//li[.//span[contains(text(),'560 -')]]"}
COMMAND: POST /session/1078df7af42110589ce6729fcfa5b6f8/elements - {"using":"xpath","value":"//li[.//span[contains(text(),'560 -')]]"}
RESULT: {"using":"xpath","value":"//li[.//span[contains(text(),'560 -')]]"}
COMMAND: POST /session/1078df7af42110589ce6729fcfa5b6f8/elements - {"using":"xpath","value":"//li[.//span[contains(text(),'560 -')]]"}
RESULT: {"using":"xpath","value":"//li[.//span[contains(text(),'560 -')]]"}
COMMAND: POST /session/1078df7af42110589ce6729fcfa5b6f8/elements - {"using":"xpath","value":"//li[.//span[contains(text(),'560 -')]]"}
RESULT: {"using":"xpath","value":"//li[.//span[contains(text(),'560 -')]]"}
COMMAND: POST /session/1078df7af42110589ce6729fcfa5b6f8/elements - {"using":"xpath","value":"//li[.//span[contains(text(),'560 -')]]"}
RESULT: {"using":"xpath","value":"//li[.//span[contains(text(),'560 -')]]"}
COMMAND: POST /session/1078df7af42110589ce6729fcfa5b6f8/elements - {"using":"xpath","value":"//li[.//span[contains(text(),'560 -')]]"}
RESULT: {"using":"xpath","value":"//li[.//span[contains(text(),'560 -')]]"}
COMMAND: POST /session/1078df7af42110589ce6729fcfa5b6f8/elements - {"using":"xpath","value":"//li[.//span[contains(text(),'560 -')]]"}
RESULT: {"using":"xpath","value":"//li[.//span[contains(text(),'560 -')]]"}
COMMAND: POST /session/1078df7af42110589ce6729fcfa5b6f8/elements - {"using":"xpath","value":"//li[.//span[contains(text(),'560 -')]]"}
RESULT: {"using":"xpath","value":"//li[.//span[contains(text(),'560 -')]]"}
COMMAND: POST /session/1078df7af42110589ce6729fcfa5b6f8/elements - {"using":"xpath","value":"//li[.//span[contains(text(),'560 -')]]"}
RESULT: {"using":"xpath","value":"//li[.//span[contains(text(),'560 -')]]"}
COMMAND: POST /session/1078df7af42110589ce6729fcfa5b6f8/elements - {"using":"xpath","value":"//li[.//span[contains(text(),'560 -')]]"}
RESULT: {"using":"xpath","value":"//li[.//span[contains(text(),'560 -')]]"}
COMMAND: POST /session/1078df7af42110589ce6729fcfa5b6f8/elements - {"using":"xpath","value":"//li[.//span[contains(text(),'560 -')]]"}
RESULT: {"using":"xpath","value":"//li[.//span[contains(text(),'560 -')]]"}
COMMAND: POST /session/1078df7af42110589ce6729fcfa5b6f8/elements - {"using":"xpath","value":"//li[.//span[contains(text(),'560 -')]]"}
RESULT: {"using":"xpath","value":"//li[.//span[contains(text(),'560 -')]]"}
COMMAND: POST /session/1078df7af42110589ce6729fcfa5b6f8/elements - {"using":"xpath","value":"//li[.//span[contains(text(),'560 -')]]"}
RESULT: {"using":"xpath","value":"//li[.//span[contains(text(),'560 -')]]"}
COMMAND: POST /session/1078df7af42110589ce6729fcfa5b6f8/elements - {"using":"xpath","value":"//li[.//span[contains(text(),'560 -')]]"}
RESULT: {"using":"xpath","value":"//li[.//span[contains(text(),'560 -')]]"}
COMMAND: POST /session/1078df7af42110589ce6729fcfa5b6f8/elements - {"using":"xpath","value":"//li[.//span[contains(text(),'560 -')]]"}
RESULT: {"using":"xpath","value":"//li[.//span[contains(text(),'560 -')]]"}
COMMAND: POST /session/1078df7af42110589ce6729fcfa5b6f8/elements - {"using":"xpath","value":"//li[.//span[contains(text(),'560 -')]]"}
RESULT: {"using":"xpath","value":"//li[.//span[contains(text(),'560 -')]]"}
COMMAND: POST /session/1078df7af42110589ce6729fcfa5b6f8/elements - {"using":"xpath","value":"//li[.//span[contains(text(),'560 -')]]"}
RESULT: {"using":"xpath","value":"//li[.//span[contains(text(),'560 -')]]"}
COMMAND: POST /session/1078df7af42110589ce6729fcfa5b6f8/elements - {"using":"xpath","value":"//li[.//span[contains(text(),'560 -')]]"}
RESULT: {"using":"xpath","value":"//li[.//span[contains(text(),'560 -')]]"}
COMMAND: POST /session/1078df7af42110589ce6729fcfa5b6f8/elements - {"using":"xpath","value":"//li[.//span[contains(text(),'560 -')]]"}
RESULT: {"using":"xpath","value":"//li[.//span[contains(text(),'560 -')]]"}
COMMAND: POST /session/1078df7af42110589ce6729fcfa5b6f8/elements - {"using":"xpath","value":"//li[.//span[contains(text(),'560 -')]]"}
RESULT: {"using":"xpath","value":"//li[.//span[contains(text(),'560 -')]]"}
COMMAND: POST /session/1078df7af42110589ce6729fcfa5b6f8/elements - {"using":"xpath","value":"//li[.//span[contains(text(),'560 -')]]"}
RESULT: {"using":"xpath","value":"//li[.//span[contains(text(),'560 -')]]"}
COMMAND: POST /session/1078df7af42110589ce6729fcfa5b6f8/elements - {"using":"xpath","value":"//li[.//span[contains(text(),'560 -')]]"}
RESULT: {"using":"xpath","value":"//li[.//span[contains(text(),'560 -')]]"}
COMMAND: POST /session/1078df7af42110589ce6729fcfa5b6f8/elements - {"using":"xpath","value":"//li[.//span[contains(text(),'560 -')]]"}
RESULT: {"using":"xpath","value":"//li[.//span[contains(text(),'560 -')]]"}
COMMAND: POST /session/1078df7af42110589ce6729fcfa5b6f8/elements - {"using":"xpath","value":"//li[.//span[contains(text(),'560 -')]]"}
RESULT: {"using":"xpath","value":"//li[.//span[contains(text(),'560 -')]]"}
COMMAND: POST /session/1078df7af42110589ce6729fcfa5b6f8/elements - {"using":"xpath","value":"//li[.//span[contains(text(),'560 -')]]"}
RESULT: {"using":"xpath","value":"//li[.//span[contains(text(),'560 -')]]"}
COMMAND: POST /session/1078df7af42110589ce6729fcfa5b6f8/elements - {"using":"xpath","value":"//li[.//span[contains(text(),'560 -')]]"}
RESULT: {"using":"xpath","value":"//li[.//span[contains(text(),'560 -')]]"}
COMMAND: POST /session/1078df7af42110589ce6729fcfa5b6f8/elements - {"using":"xpath","value":"//li[.//span[contains(text(),'560 -')]]"}
RESULT: {"using":"xpath","value":"//li[.//span[contains(text(),'560 -')]]"}
COMMAND: POST /session/1078df7af42110589ce6729fcfa5b6f8/elements - {"using":"xpath","value":"//li[.//span[contains(text(),'560 -')]]"}
RESULT: {"using":"xpath","value":"//li[.//span[contains(text(),'560 -')]]"}
COMMAND: POST /session/1078df7af42110589ce6729fcfa5b6f8/elements - {"using":"xpath","value":"//li[.//span[contains(text(),'560 -')]]"}
RESULT: {"using":"xpath","value":"//li[.//span[contains(text(),'560 -')]]"}
COMMAND: POST /session/1078df7af42110589ce6729fcfa5b6f8/elements - {"using":"xpath","value":"//li[.//span[contains(text(),'560 -')]]"}
RESULT: {"using":"xpath","value":"//li[.//span[contains(text(),'560 -')]]"}
COMMAND: POST /session/1078df7af42110589ce6729fcfa5b6f8/elements - {"using":"xpath","value":"//li[.//span[contains(text(),'560 -')]]"}
RESULT: {"using":"xpath","value":"//li[.//span[contains(text(),'560 -')]]"}
COMMAND: POST /session/1078df7af42110589ce6729fcfa5b6f8/elements - {"using":"xpath","value":"//li[.//span[contains(text(),'560 -')]]"}
RESULT: {"using":"xpath","value":"//li[.//span[contains(text(),'560 -')]]"}
COMMAND: POST /session/1078df7af42110589ce6729fcfa5b6f8/elements - {"using":"xpath","value":"//li[.//span[contains(text(),'560 -')]]"}
RESULT: {"using":"xpath","value":"//li[.//span[contains(text(),'560 -')]]"}
COMMAND: POST /session/1078df7af42110589ce6729fcfa5b6f8/elements - {"using":"xpath","value":"//li[.//span[contains(text(),'560 -')]]"}
RESULT: {"using":"xpath","value":"//li[.//span[contains(text(),'560 -')]]"}
COMMAND: POST /session/1078df7af42110589ce6729fcfa5b6f8/elements - {"using":"xpath","value":"//li[.//span[contains(text(),'560 -')]]"}
RESULT: {"using":"xpath","value":"//li[.//span[contains(text(),'560 -')]]"}
COMMAND: POST /session/1078df7af42110589ce6729fcfa5b6f8/elements - {"using":"xpath","value":"//li[.//span[contains(text(),'560 -')]]"}
RESULT: {"using":"xpath","value":"//li[.//span[contains(text(),'560 -')]]"}
COMMAND: POST /session/1078df7af42110589ce6729fcfa5b6f8/elements - {"using":"xpath","value":"//li[.//span[contains(text(),'560 -')]]"}
RESULT: {"using":"xpath","value":"//li[.//span[contains(text(),'560 -')]]"}
COMMAND: POST /session/1078df7af42110589ce6729fcfa5b6f8/elements - {"using":"xpath","value":"//li[.//span[contains(text(),'560 -')]]"}
RESULT: {"using":"xpath","value":"//li[.//span[contains(text(),'560 -')]]"}
COMMAND: POST /session/1078df7af42110589ce6729fcfa5b6f8/elements - {"using":"xpath","value":"//li[.//span[contains(text(),'560 -')]]"}
RESULT: {"using":"xpath","value":"//li[.//span[contains(text(),'560 -')]]"}
COMMAND: POST /session/1078df7af42110589ce6729fcfa5b6f8/elements - {"using":"xpath","value":"//li[.//span[contains(text(),'560 -')]]"}
RESULT: {"using":"xpath","value":"//li[.//span[contains(text(),'560 -')]]"}
COMMAND: POST /session/1078df7af42110589ce6729fcfa5b6f8/elements - {"using":"xpath","value":"//li[.//span[contains(text(),'560 -')]]"}
RESULT: {"using":"xpath","value":"//li[.//span[contains(text(),'560 -')]]"}
COMMAND: POST /session/1078df7af42110589ce6729fcfa5b6f8/elements - {"using":"xpath","value":"//li[.//span[contains(text(),'560 -')]]"}
RESULT: {"using":"xpath","value":"//li[.//span[contains(text(),'560 -')]]"}
COMMAND: POST /session/1078df7af42110589ce6729fcfa5b6f8/elements - {"using":"xpath","value":"//li[.//span[contains(text(),'560 -')]]"}
RESULT: {"using":"xpath","value":"//li[.//span[contains(text(),'560 -')]]"}
COMMAND: POST /session/1078df7af42110589ce6729fcfa5b6f8/elements - {"using":"xpath","value":"//li[.//span[contains(text(),'560 -')]]"}
RESULT: {"using":"xpath","value":"//li[.//span[contains(text(),'560 -')]]"}
COMMAND: POST /session/1078df7af42110589ce6729fcfa5b6f8/elements - {"using":"xpath","value":"//li[.//span[contains(text(),'560 -')]]"}
RESULT: {"using":"xpath","value":"//li[.//span[contains(text(),'560 -')]]"}
COMMAND: POST /session/1078df7af42110589ce6729fcfa5b6f8/elements - {"using":"xpath","value":"//li[.//span[contains(text(),'560 -')]]"}
RESULT: {"using":"xpath","value":"//li[.//span[contains(text(),'560 -')]]"}
COMMAND: POST /session/1078df7af42110589ce6729fcfa5b6f8/elements - {"using":"xpath","value":"//li[.//span[contains(text(),'560 -')]]"}
RESULT: {"using":"xpath","value":"//li[.//span[contains(text(),'560 -')]]"}
COMMAND: POST /session/1078df7af42110589ce6729fcfa5b6f8/elements - {"using":"xpath","value":"//li[.//span[contains(text(),'560 -')]]"}
RESULT: {"using":"xpath","value":"//li[.//span[contains(text(),'560 -')]]"}
COMMAND: POST /session/1078df7af42110589ce6729fcfa5b6f8/elements - {"using":"xpath","value":"//li[.//span[contains(text(),'560 -')]]"}
RESULT: {"using":"xpath","value":"//li[.//span[contains(text(),'560 -')]]"}
COMMAND: POST /session/1078df7af42110589ce6729fcfa5b6f8/elements - {"using":"xpath","value":"//li[.//span[contains(text(),'560 -')]]"}
RESULT: {"using":"xpath","value":"//li[.//span[contains(text(),'560 -')]]"}
COMMAND: POST /session/1078df7af42110589ce6729fcfa5b6f8/elements - {"using":"xpath","value":"//li[.//span[contains(text(),'560 -')]]"}
RESULT: {"using":"xpath","value":"//li[.//span[contains(text(),'560 -')]]"}
COMMAND: POST /session/1078df7af42110589ce6729fcfa5b6f8/elements - {"using":"xpath","value":"//li[.//span[contains(text(),'560 -')]]"}
RESULT: {"using":"xpath","value":"//li[.//span[contains(text(),'560 -')]]"}
COMMAND: POST /session/1078df7af42110589ce6729fcfa5b6f8/elements - {"using":"xpath","value":"//li[.//span[contains(text(),'560 -')]]"}
RESULT: {"using":"xpath","value":"//li[.//span[contains(text(),'560 -')]]"}
COMMAND: POST /session/1078df7af42110589ce6729fcfa5b6f8/elements - {"using":"xpath","value":"//li[.//span[contains(text(),'560 -')]]"}
RESULT: {"using":"xpath","value":"//li[.//span[contains(text(),'560 -')]]"}
COMMAND: POST /session/1078df7af42110589ce6729fcfa5b6f8/elements - {"using":"xpath","value":"//li[.//span[contains(text(),'560 -')]]"}
RESULT: {"using":"xpath","value":"//li[.//span[contains(text(),'560 -')]]"}
COMMAND: POST /session/1078df7af42110589ce6729fcfa5b6f8/elements - {"using":"xpath","value":"//li[.//span[contains(text(),'560 -')]]"}
RESULT: {"using":"xpath","value":"//li[.//span[contains(text(),'560 -')]]"}
COMMAND: POST /session/1078df7af42110589ce6729fcfa5b6f8/elements - {"using":"xpath","value":"//li[.//span[contains(text(),'560 -')]]"}
RESULT: {"using":"xpath","value":"//li[.//span[contains(text(),'560 -')]]"}
COMMAND: POST /session/1078df7af42110589ce6729fcfa5b6f8/elements - {"using":"xpath","value":"//li[.//span[contains(text(),'560 -')]]"}
RESULT: {"using":"xpath","value":"//li[.//span[contains(text(),'560 -')]]"}
COMMAND: POST /session/1078df7af42110589ce6729fcfa5b6f8/elements - {"using":"xpath","value":"//li[.//span[contains(text(),'560 -')]]"}
RESULT: {"using":"xpath","value":"//li[.//span[contains(text(),'560 -')]]"}
COMMAND: POST /session/1078df7af42110589ce6729fcfa5b6f8/elements - {"using":"xpath","value":"//li[.//span[contains(text(),'560 -')]]"}
RESULT: {"using":"xpath","value":"//li[.//span[contains(text(),'560 -')]]"}
COMMAND: POST /session/1078df7af42110589ce6729fcfa5b6f8/elements - {"using":"xpath","value":"//li[.//span[contains(text(),'560 -')]]"}
RESULT: {"using":"xpath","value":"//li[.//span[contains(text(),'560 -')]]"}
COMMAND: POST /session/1078df7af42110589ce6729fcfa5b6f8/elements - {"using":"xpath","value":"//li[.//span[contains(text(),'560 -')]]"}
RESULT: {"using":"xpath","value":"//li[.//span[contains(text(),'560 -')]]"}
COMMAND: POST /session/1078df7af42110589ce6729fcfa5b6f8/elements - {"using":"xpath","value":"//li[.//span[contains(text(),'560 -')]]"}
RESULT: {"using":"xpath","value":"//li[.//span[contains(text(),'560 -')]]"}
COMMAND: POST /session/1078df7af42110589ce6729fcfa5b6f8/elements - {"using":"xpath","value":"//li[.//span[contains(text(),'560 -')]]"}
RESULT: {"using":"xpath","value":"//li[.//span[contains(text(),'560 -')]]"}
COMMAND: POST /session/1078df7af42110589ce6729fcfa5b6f8/elements - {"using":"xpath","value":"//li[.//span[contains(text(),'560 -')]]"}
RESULT: {"using":"xpath","value":"//li[.//span[contains(text(),'560 -')]]"}
COMMAND: POST /session/1078df7af42110589ce6729fcfa5b6f8/elements - {"using":"xpath","value":"//li[.//span[contains(text(),'560 -')]]"}
RESULT: {"using":"xpath","value":"//li[.//span[contains(text(),'560 -')]]"}
COMMAND: POST /session/1078df7af42110589ce6729fcfa5b6f8/elements - {"using":"xpath","value":"//li[.//span[contains(text(),'560 -')]]"}
RESULT: {"using":"xpath","value":"//li[.//span[contains(text(),'560 -')]]"}
COMMAND: POST /session/1078df7af42110589ce6729fcfa5b6f8/elements - {"using":"xpath","value":"//li[.//span[contains(text(),'560 -')]]"}
RESULT: {"using":"xpath","value":"//li[.//span[contains(text(),'560 -')]]"}
COMMAND: POST /session/1078df7af42110589ce6729fcfa5b6f8/elements - {"using":"xpath","value":"//li[.//span[contains(text(),'560 -')]]"}
RESULT: {"using":"xpath","value":"//li[.//span[contains(text(),'560 -')]]"}
COMMAND: POST /session/1078df7af42110589ce6729fcfa5b6f8/elements - {"using":"xpath","value":"//li[.//span[contains(text(),'560 -')]]"}
RESULT: {"using":"xpath","value":"//li[.//span[contains(text(),'560 -')]]"}
COMMAND: POST /session/1078df7af42110589ce6729fcfa5b6f8/elements - {"using":"xpath","value":"//li[.//span[contains(text(),'560 -')]]"}
RESULT: {"using":"xpath","value":"//li[.//span[contains(text(),'560 -')]]"}
COMMAND: POST /session/1078df7af42110589ce6729fcfa5b6f8/elements - {"using":"xpath","value":"//li[.//span[contains(text(),'560 -')]]"}
RESULT: {"using":"xpath","value":"//li[.//span[contains(text(),'560 -')]]"}
COMMAND: POST /session/1078df7af42110589ce6729fcfa5b6f8/elements - {"using":"xpath","value":"//li[.//span[contains(text(),'560 -')]]"}
RESULT: {"using":"xpath","value":"//li[.//span[contains(text(),'560 -')]]"}
COMMAND: POST /session/1078df7af42110589ce6729fcfa5b6f8/elements - {"using":"xpath","value":"//li[.//span[contains(text(),'560 -')]]"}
RESULT: {"using":"xpath","value":"//li[.//span[contains(text(),'560 -')]]"}
COMMAND: POST /session/1078df7af42110589ce6729fcfa5b6f8/elements - {"using":"xpath","value":"//li[.//span[contains(text(),'560 -')]]"}
RESULT: {"using":"xpath","value":"//li[.//span[contains(text(),'560 -')]]"}
COMMAND: POST /session/1078df7af42110589ce6729fcfa5b6f8/elements - {"using":"xpath","value":"//li[.//span[contains(text(),'560 -')]]"}
RESULT: {"using":"xpath","value":"//li[.//span[contains(text(),'560 -')]]"}
COMMAND: POST /session/1078df7af42110589ce6729fcfa5b6f8/elements - {"using":"xpath","value":"//li[.//span[contains(text(),'560 -')]]"}
RESULT: {"using":"xpath","value":"//li[.//span[contains(text(),'560 -')]]"}
COMMAND: POST /session/1078df7af42110589ce6729fcfa5b6f8/elements - {"using":"xpath","value":"//li[.//span[contains(text(),'560 -')]]"}
RESULT: {"using":"xpath","value":"//li[.//span[contains(text(),'560 -')]]"}
COMMAND: POST /session/1078df7af42110589ce6729fcfa5b6f8/elements - {"using":"xpath","value":"//li[.//span[contains(text(),'560 -')]]"}
RESULT: {"using":"xpath","value":"//li[.//span[contains(text(),'560 -')]]"}
COMMAND: POST /session/1078df7af42110589ce6729fcfa5b6f8/elements - {"using":"xpath","value":"//li[.//span[contains(text(),'560 -')]]"}
RESULT: {"using":"xpath","value":"//li[.//span[contains(text(),'560 -')]]"}
COMMAND: POST /session/1078df7af42110589ce6729fcfa5b6f8/elements - {"using":"xpath","value":"//li[.//span[contains(text(),'560 -')]]"}
RESULT: {"using":"xpath","value":"//li[.//span[contains(text(),'560 -')]]"}
COMMAND: POST /session/1078df7af42110589ce6729fcfa5b6f8/elements - {"using":"xpath","value":"//li[.//span[contains(text(),'560 -')]]"}
RESULT: {"using":"xpath","value":"//li[.//span[contains(text(),'560 -')]]"}
COMMAND: POST /session/1078df7af42110589ce6729fcfa5b6f8/elements - {"using":"xpath","value":"//li[.//span[contains(text(),'560 -')]]"}
RESULT: {"using":"xpath","value":"//li[.//span[contains(text(),'560 -')]]"}
COMMAND: POST /session/1078df7af42110589ce6729fcfa5b6f8/elements - {"using":"xpath","value":"//li[.//span[contains(text(),'560 -')]]"}
RESULT: {"using":"xpath","value":"//li[.//span[contains(text(),'560 -')]]"}
COMMAND: POST /session/1078df7af42110589ce6729fcfa5b6f8/elements - {"using":"xpath","value":"//li[.//span[contains(text(),'560 -')]]"}
RESULT: {"using":"xpath","value":"//li[.//span[contains(text(),'560 -')]]"}
COMMAND: POST /session/1078df7af42110589ce6729fcfa5b6f8/elements - {"using":"xpath","value":"//li[.//span[contains(text(),'560 -')]]"}
RESULT: {"using":"xpath","value":"//li[.//span[contains(text(),'560 -')]]"}
COMMAND: POST /session/1078df7af42110589ce6729fcfa5b6f8/elements - {"using":"xpath","value":"//li[.//span[contains(text(),'560 -')]]"}
RESULT: {"using":"xpath","value":"//li[.//span[contains(text(),'560 -')]]"}
COMMAND: POST /session/1078df7af42110589ce6729fcfa5b6f8/elements - {"using":"xpath","value":"//li[.//span[contains(text(),'560 -')]]"}
RESULT: {"using":"xpath","value":"//li[.//span[contains(text(),'560 -')]]"}
COMMAND: POST /session/1078df7af42110589ce6729fcfa5b6f8/elements - {"using":"xpath","value":"//li[.//span[contains(text(),'560 -')]]"}
RESULT: {"using":"xpath","value":"//li[.//span[contains(text(),'560 -')]]"}
COMMAND: POST /session/1078df7af42110589ce6729fcfa5b6f8/elements - {"using":"xpath","value":"//li[.//span[contains(text(),'560 -')]]"}
RESULT: {"using":"xpath","value":"//li[.//span[contains(text(),'560 -')]]"}
COMMAND: POST /session/1078df7af42110589ce6729fcfa5b6f8/elements - {"using":"xpath","value":"//li[.//span[contains(text(),'560 -')]]"}
RESULT: {"using":"xpath","value":"//li[.//span[contains(text(),'560 -')]]"}
COMMAND: POST /session/1078df7af42110589ce6729fcfa5b6f8/elements - {"using":"xpath","value":"//li[.//span[contains(text(),'560 -')]]"}
RESULT: {"using":"xpath","value":"//li[.//span[contains(text(),'560 -')]]"}
COMMAND: POST /session/1078df7af42110589ce6729fcfa5b6f8/elements - {"using":"xpath","value":"//li[.//span[contains(text(),'560 -')]]"}
RESULT: {"using":"xpath","value":"//li[.//span[contains(text(),'560 -')]]"}
COMMAND: POST /session/1078df7af42110589ce6729fcfa5b6f8/elements - {"using":"xpath","value":"//li[.//span[contains(text(),'560 -')]]"}
RESULT: {"using":"xpath","value":"//li[.//span[contains(text(),'560 -')]]"}
COMMAND: POST /session/1078df7af42110589ce6729fcfa5b6f8/elements - {"using":"xpath","value":"//li[.//span[contains(text(),'560 -')]]"}
RESULT: {"using":"xpath","value":"//li[.//span[contains(text(),'560 -')]]"}
COMMAND: POST /session/1078df7af42110589ce6729fcfa5b6f8/elements - {"using":"xpath","value":"//li[.//span[contains(text(),'560 -')]]"}
RESULT: {"using":"xpath","value":"//li[.//span[contains(text(),'560 -')]]"}
COMMAND: GET /session/1078df7af42110589ce6729fcfa5b6f8/screenshot - {}
RESULT: {}
]]></system-out>
      <system-err><![CDATA[
Error: Can't call click on element with selector "//li[.//span[contains(text(),'560 -')]]" because element wasn't found
    at async UtilsPrerequisites.stockIncrease (D:\a\1\s\test\specs\BTS\prerequisites-and-utils-functions.js:1638:9)
    at async Context.<anonymous> (D:\a\1\s\test\specs\BTS\reverse-billing.spec.js:57:9)
]]></system-err>
    </testcase>
    <testcase classname="chrome.136_0_7103_93.windows.Create_Reverse_Billing_US127248" name="Should create a new contract" time="60.497">
      <failure/>
      <error message="element (&quot;//button[@data-kt=&quot;addButton&quot;]&quot;) still not existing after 45000ms"/>
      <system-out><![CDATA[
COMMAND: POST /session/1078df7af42110589ce6729fcfa5b6f8/execute/async - {"script":"<script> [1562 bytes]","args":[{"selector":{"controlType":"sap.m.GenericTile","properties":{"header":"Manage Contracts"}},"wdio_ui5_key":"sapm.GenericTile{\"header\":\"Manage Contracts\"}"}]}
COMMAND: GET /session/1078df7af42110589ce6729fcfa5b6f8/screenshot - {}
RESULT: {"script":"<script> [1562 bytes]","args":[{"selector":{"controlType":"sap.m.GenericTile","properties":{"header":"Manage Contracts"}},"wdio_ui5_key":"sapm.GenericTile{\"header\":\"Manage Contracts\"}"}]}
RESULT: undefined
RESULT: {}
COMMAND: POST /session/1078df7af42110589ce6729fcfa5b6f8/elements - {"using":"xpath","value":"//span[text()='Error']"}
RESULT: {"using":"xpath","value":"//span[text()='Error']"}
COMMAND: POST /session/1078df7af42110589ce6729fcfa5b6f8/element - {"using":"xpath","value":"//button[@data-kt=\"addButton\"]"}
RESULT: {"using":"xpath","value":"//button[@data-kt=\"addButton\"]"}
COMMAND: POST /session/1078df7af42110589ce6729fcfa5b6f8/elements - {"using":"xpath","value":"//button[@data-kt=\"addButton\"]"}
RESULT: {"using":"xpath","value":"//button[@data-kt=\"addButton\"]"}
COMMAND: POST /session/1078df7af42110589ce6729fcfa5b6f8/elements - {"using":"xpath","value":"//button[@data-kt=\"addButton\"]"}
RESULT: {"using":"xpath","value":"//button[@data-kt=\"addButton\"]"}
COMMAND: POST /session/1078df7af42110589ce6729fcfa5b6f8/elements - {"using":"xpath","value":"//button[@data-kt=\"addButton\"]"}
RESULT: {"using":"xpath","value":"//button[@data-kt=\"addButton\"]"}
COMMAND: POST /session/1078df7af42110589ce6729fcfa5b6f8/elements - {"using":"xpath","value":"//button[@data-kt=\"addButton\"]"}
RESULT: {"using":"xpath","value":"//button[@data-kt=\"addButton\"]"}
COMMAND: POST /session/1078df7af42110589ce6729fcfa5b6f8/elements - {"using":"xpath","value":"//button[@data-kt=\"addButton\"]"}
RESULT: {"using":"xpath","value":"//button[@data-kt=\"addButton\"]"}
COMMAND: POST /session/1078df7af42110589ce6729fcfa5b6f8/elements - {"using":"xpath","value":"//button[@data-kt=\"addButton\"]"}
RESULT: {"using":"xpath","value":"//button[@data-kt=\"addButton\"]"}
COMMAND: POST /session/1078df7af42110589ce6729fcfa5b6f8/elements - {"using":"xpath","value":"//button[@data-kt=\"addButton\"]"}
RESULT: {"using":"xpath","value":"//button[@data-kt=\"addButton\"]"}
COMMAND: POST /session/1078df7af42110589ce6729fcfa5b6f8/elements - {"using":"xpath","value":"//button[@data-kt=\"addButton\"]"}
RESULT: {"using":"xpath","value":"//button[@data-kt=\"addButton\"]"}
COMMAND: POST /session/1078df7af42110589ce6729fcfa5b6f8/elements - {"using":"xpath","value":"//button[@data-kt=\"addButton\"]"}
RESULT: {"using":"xpath","value":"//button[@data-kt=\"addButton\"]"}
COMMAND: POST /session/1078df7af42110589ce6729fcfa5b6f8/elements - {"using":"xpath","value":"//button[@data-kt=\"addButton\"]"}
RESULT: {"using":"xpath","value":"//button[@data-kt=\"addButton\"]"}
COMMAND: POST /session/1078df7af42110589ce6729fcfa5b6f8/elements - {"using":"xpath","value":"//button[@data-kt=\"addButton\"]"}
RESULT: {"using":"xpath","value":"//button[@data-kt=\"addButton\"]"}
COMMAND: POST /session/1078df7af42110589ce6729fcfa5b6f8/elements - {"using":"xpath","value":"//button[@data-kt=\"addButton\"]"}
RESULT: {"using":"xpath","value":"//button[@data-kt=\"addButton\"]"}
COMMAND: POST /session/1078df7af42110589ce6729fcfa5b6f8/elements - {"using":"xpath","value":"//button[@data-kt=\"addButton\"]"}
RESULT: {"using":"xpath","value":"//button[@data-kt=\"addButton\"]"}
COMMAND: POST /session/1078df7af42110589ce6729fcfa5b6f8/elements - {"using":"xpath","value":"//button[@data-kt=\"addButton\"]"}
RESULT: {"using":"xpath","value":"//button[@data-kt=\"addButton\"]"}
COMMAND: POST /session/1078df7af42110589ce6729fcfa5b6f8/elements - {"using":"xpath","value":"//button[@data-kt=\"addButton\"]"}
RESULT: {"using":"xpath","value":"//button[@data-kt=\"addButton\"]"}
COMMAND: POST /session/1078df7af42110589ce6729fcfa5b6f8/elements - {"using":"xpath","value":"//button[@data-kt=\"addButton\"]"}
RESULT: {"using":"xpath","value":"//button[@data-kt=\"addButton\"]"}
COMMAND: POST /session/1078df7af42110589ce6729fcfa5b6f8/elements - {"using":"xpath","value":"//button[@data-kt=\"addButton\"]"}
RESULT: {"using":"xpath","value":"//button[@data-kt=\"addButton\"]"}
COMMAND: POST /session/1078df7af42110589ce6729fcfa5b6f8/elements - {"using":"xpath","value":"//button[@data-kt=\"addButton\"]"}
RESULT: {"using":"xpath","value":"//button[@data-kt=\"addButton\"]"}
COMMAND: POST /session/1078df7af42110589ce6729fcfa5b6f8/elements - {"using":"xpath","value":"//button[@data-kt=\"addButton\"]"}
RESULT: {"using":"xpath","value":"//button[@data-kt=\"addButton\"]"}
COMMAND: POST /session/1078df7af42110589ce6729fcfa5b6f8/elements - {"using":"xpath","value":"//button[@data-kt=\"addButton\"]"}
RESULT: {"using":"xpath","value":"//button[@data-kt=\"addButton\"]"}
COMMAND: POST /session/1078df7af42110589ce6729fcfa5b6f8/elements - {"using":"xpath","value":"//button[@data-kt=\"addButton\"]"}
RESULT: {"using":"xpath","value":"//button[@data-kt=\"addButton\"]"}
COMMAND: POST /session/1078df7af42110589ce6729fcfa5b6f8/elements - {"using":"xpath","value":"//button[@data-kt=\"addButton\"]"}
RESULT: {"using":"xpath","value":"//button[@data-kt=\"addButton\"]"}
COMMAND: POST /session/1078df7af42110589ce6729fcfa5b6f8/elements - {"using":"xpath","value":"//button[@data-kt=\"addButton\"]"}
RESULT: {"using":"xpath","value":"//button[@data-kt=\"addButton\"]"}
COMMAND: POST /session/1078df7af42110589ce6729fcfa5b6f8/elements - {"using":"xpath","value":"//button[@data-kt=\"addButton\"]"}
RESULT: {"using":"xpath","value":"//button[@data-kt=\"addButton\"]"}
COMMAND: POST /session/1078df7af42110589ce6729fcfa5b6f8/elements - {"using":"xpath","value":"//button[@data-kt=\"addButton\"]"}
RESULT: {"using":"xpath","value":"//button[@data-kt=\"addButton\"]"}
COMMAND: POST /session/1078df7af42110589ce6729fcfa5b6f8/elements - {"using":"xpath","value":"//button[@data-kt=\"addButton\"]"}
RESULT: {"using":"xpath","value":"//button[@data-kt=\"addButton\"]"}
COMMAND: POST /session/1078df7af42110589ce6729fcfa5b6f8/elements - {"using":"xpath","value":"//button[@data-kt=\"addButton\"]"}
RESULT: {"using":"xpath","value":"//button[@data-kt=\"addButton\"]"}
COMMAND: POST /session/1078df7af42110589ce6729fcfa5b6f8/elements - {"using":"xpath","value":"//button[@data-kt=\"addButton\"]"}
RESULT: {"using":"xpath","value":"//button[@data-kt=\"addButton\"]"}
COMMAND: POST /session/1078df7af42110589ce6729fcfa5b6f8/elements - {"using":"xpath","value":"//button[@data-kt=\"addButton\"]"}
RESULT: {"using":"xpath","value":"//button[@data-kt=\"addButton\"]"}
COMMAND: POST /session/1078df7af42110589ce6729fcfa5b6f8/elements - {"using":"xpath","value":"//button[@data-kt=\"addButton\"]"}
RESULT: {"using":"xpath","value":"//button[@data-kt=\"addButton\"]"}
COMMAND: POST /session/1078df7af42110589ce6729fcfa5b6f8/elements - {"using":"xpath","value":"//button[@data-kt=\"addButton\"]"}
RESULT: {"using":"xpath","value":"//button[@data-kt=\"addButton\"]"}
COMMAND: POST /session/1078df7af42110589ce6729fcfa5b6f8/elements - {"using":"xpath","value":"//button[@data-kt=\"addButton\"]"}
RESULT: {"using":"xpath","value":"//button[@data-kt=\"addButton\"]"}
COMMAND: POST /session/1078df7af42110589ce6729fcfa5b6f8/elements - {"using":"xpath","value":"//button[@data-kt=\"addButton\"]"}
RESULT: {"using":"xpath","value":"//button[@data-kt=\"addButton\"]"}
COMMAND: POST /session/1078df7af42110589ce6729fcfa5b6f8/elements - {"using":"xpath","value":"//button[@data-kt=\"addButton\"]"}
RESULT: {"using":"xpath","value":"//button[@data-kt=\"addButton\"]"}
COMMAND: POST /session/1078df7af42110589ce6729fcfa5b6f8/elements - {"using":"xpath","value":"//button[@data-kt=\"addButton\"]"}
RESULT: {"using":"xpath","value":"//button[@data-kt=\"addButton\"]"}
COMMAND: POST /session/1078df7af42110589ce6729fcfa5b6f8/elements - {"using":"xpath","value":"//button[@data-kt=\"addButton\"]"}
RESULT: {"using":"xpath","value":"//button[@data-kt=\"addButton\"]"}
COMMAND: POST /session/1078df7af42110589ce6729fcfa5b6f8/elements - {"using":"xpath","value":"//button[@data-kt=\"addButton\"]"}
RESULT: {"using":"xpath","value":"//button[@data-kt=\"addButton\"]"}
COMMAND: POST /session/1078df7af42110589ce6729fcfa5b6f8/elements - {"using":"xpath","value":"//button[@data-kt=\"addButton\"]"}
RESULT: {"using":"xpath","value":"//button[@data-kt=\"addButton\"]"}
COMMAND: POST /session/1078df7af42110589ce6729fcfa5b6f8/elements - {"using":"xpath","value":"//button[@data-kt=\"addButton\"]"}
RESULT: {"using":"xpath","value":"//button[@data-kt=\"addButton\"]"}
COMMAND: POST /session/1078df7af42110589ce6729fcfa5b6f8/elements - {"using":"xpath","value":"//button[@data-kt=\"addButton\"]"}
RESULT: {"using":"xpath","value":"//button[@data-kt=\"addButton\"]"}
COMMAND: POST /session/1078df7af42110589ce6729fcfa5b6f8/elements - {"using":"xpath","value":"//button[@data-kt=\"addButton\"]"}
RESULT: {"using":"xpath","value":"//button[@data-kt=\"addButton\"]"}
COMMAND: POST /session/1078df7af42110589ce6729fcfa5b6f8/elements - {"using":"xpath","value":"//button[@data-kt=\"addButton\"]"}
RESULT: {"using":"xpath","value":"//button[@data-kt=\"addButton\"]"}
COMMAND: POST /session/1078df7af42110589ce6729fcfa5b6f8/elements - {"using":"xpath","value":"//button[@data-kt=\"addButton\"]"}
RESULT: {"using":"xpath","value":"//button[@data-kt=\"addButton\"]"}
COMMAND: POST /session/1078df7af42110589ce6729fcfa5b6f8/elements - {"using":"xpath","value":"//button[@data-kt=\"addButton\"]"}
RESULT: {"using":"xpath","value":"//button[@data-kt=\"addButton\"]"}
COMMAND: POST /session/1078df7af42110589ce6729fcfa5b6f8/elements - {"using":"xpath","value":"//button[@data-kt=\"addButton\"]"}
RESULT: {"using":"xpath","value":"//button[@data-kt=\"addButton\"]"}
COMMAND: POST /session/1078df7af42110589ce6729fcfa5b6f8/elements - {"using":"xpath","value":"//button[@data-kt=\"addButton\"]"}
RESULT: {"using":"xpath","value":"//button[@data-kt=\"addButton\"]"}
COMMAND: POST /session/1078df7af42110589ce6729fcfa5b6f8/elements - {"using":"xpath","value":"//button[@data-kt=\"addButton\"]"}
RESULT: {"using":"xpath","value":"//button[@data-kt=\"addButton\"]"}
COMMAND: POST /session/1078df7af42110589ce6729fcfa5b6f8/elements - {"using":"xpath","value":"//button[@data-kt=\"addButton\"]"}
RESULT: {"using":"xpath","value":"//button[@data-kt=\"addButton\"]"}
COMMAND: POST /session/1078df7af42110589ce6729fcfa5b6f8/elements - {"using":"xpath","value":"//button[@data-kt=\"addButton\"]"}
RESULT: {"using":"xpath","value":"//button[@data-kt=\"addButton\"]"}
COMMAND: POST /session/1078df7af42110589ce6729fcfa5b6f8/elements - {"using":"xpath","value":"//button[@data-kt=\"addButton\"]"}
RESULT: {"using":"xpath","value":"//button[@data-kt=\"addButton\"]"}
COMMAND: POST /session/1078df7af42110589ce6729fcfa5b6f8/elements - {"using":"xpath","value":"//button[@data-kt=\"addButton\"]"}
RESULT: {"using":"xpath","value":"//button[@data-kt=\"addButton\"]"}
COMMAND: POST /session/1078df7af42110589ce6729fcfa5b6f8/elements - {"using":"xpath","value":"//button[@data-kt=\"addButton\"]"}
RESULT: {"using":"xpath","value":"//button[@data-kt=\"addButton\"]"}
COMMAND: POST /session/1078df7af42110589ce6729fcfa5b6f8/elements - {"using":"xpath","value":"//button[@data-kt=\"addButton\"]"}
RESULT: {"using":"xpath","value":"//button[@data-kt=\"addButton\"]"}
COMMAND: POST /session/1078df7af42110589ce6729fcfa5b6f8/elements - {"using":"xpath","value":"//button[@data-kt=\"addButton\"]"}
RESULT: {"using":"xpath","value":"//button[@data-kt=\"addButton\"]"}
COMMAND: POST /session/1078df7af42110589ce6729fcfa5b6f8/elements - {"using":"xpath","value":"//button[@data-kt=\"addButton\"]"}
RESULT: {"using":"xpath","value":"//button[@data-kt=\"addButton\"]"}
COMMAND: POST /session/1078df7af42110589ce6729fcfa5b6f8/elements - {"using":"xpath","value":"//button[@data-kt=\"addButton\"]"}
RESULT: {"using":"xpath","value":"//button[@data-kt=\"addButton\"]"}
COMMAND: POST /session/1078df7af42110589ce6729fcfa5b6f8/elements - {"using":"xpath","value":"//button[@data-kt=\"addButton\"]"}
RESULT: {"using":"xpath","value":"//button[@data-kt=\"addButton\"]"}
COMMAND: POST /session/1078df7af42110589ce6729fcfa5b6f8/elements - {"using":"xpath","value":"//button[@data-kt=\"addButton\"]"}
RESULT: {"using":"xpath","value":"//button[@data-kt=\"addButton\"]"}
COMMAND: POST /session/1078df7af42110589ce6729fcfa5b6f8/elements - {"using":"xpath","value":"//button[@data-kt=\"addButton\"]"}
RESULT: {"using":"xpath","value":"//button[@data-kt=\"addButton\"]"}
COMMAND: POST /session/1078df7af42110589ce6729fcfa5b6f8/elements - {"using":"xpath","value":"//button[@data-kt=\"addButton\"]"}
RESULT: {"using":"xpath","value":"//button[@data-kt=\"addButton\"]"}
COMMAND: POST /session/1078df7af42110589ce6729fcfa5b6f8/elements - {"using":"xpath","value":"//button[@data-kt=\"addButton\"]"}
RESULT: {"using":"xpath","value":"//button[@data-kt=\"addButton\"]"}
COMMAND: POST /session/1078df7af42110589ce6729fcfa5b6f8/elements - {"using":"xpath","value":"//button[@data-kt=\"addButton\"]"}
RESULT: {"using":"xpath","value":"//button[@data-kt=\"addButton\"]"}
COMMAND: POST /session/1078df7af42110589ce6729fcfa5b6f8/elements - {"using":"xpath","value":"//button[@data-kt=\"addButton\"]"}
RESULT: {"using":"xpath","value":"//button[@data-kt=\"addButton\"]"}
COMMAND: POST /session/1078df7af42110589ce6729fcfa5b6f8/elements - {"using":"xpath","value":"//button[@data-kt=\"addButton\"]"}
RESULT: {"using":"xpath","value":"//button[@data-kt=\"addButton\"]"}
COMMAND: POST /session/1078df7af42110589ce6729fcfa5b6f8/elements - {"using":"xpath","value":"//button[@data-kt=\"addButton\"]"}
RESULT: {"using":"xpath","value":"//button[@data-kt=\"addButton\"]"}
COMMAND: POST /session/1078df7af42110589ce6729fcfa5b6f8/elements - {"using":"xpath","value":"//button[@data-kt=\"addButton\"]"}
RESULT: {"using":"xpath","value":"//button[@data-kt=\"addButton\"]"}
COMMAND: POST /session/1078df7af42110589ce6729fcfa5b6f8/elements - {"using":"xpath","value":"//button[@data-kt=\"addButton\"]"}
RESULT: {"using":"xpath","value":"//button[@data-kt=\"addButton\"]"}
COMMAND: POST /session/1078df7af42110589ce6729fcfa5b6f8/elements - {"using":"xpath","value":"//button[@data-kt=\"addButton\"]"}
RESULT: {"using":"xpath","value":"//button[@data-kt=\"addButton\"]"}
COMMAND: POST /session/1078df7af42110589ce6729fcfa5b6f8/elements - {"using":"xpath","value":"//button[@data-kt=\"addButton\"]"}
RESULT: {"using":"xpath","value":"//button[@data-kt=\"addButton\"]"}
COMMAND: POST /session/1078df7af42110589ce6729fcfa5b6f8/elements - {"using":"xpath","value":"//button[@data-kt=\"addButton\"]"}
RESULT: {"using":"xpath","value":"//button[@data-kt=\"addButton\"]"}
COMMAND: POST /session/1078df7af42110589ce6729fcfa5b6f8/elements - {"using":"xpath","value":"//button[@data-kt=\"addButton\"]"}
RESULT: {"using":"xpath","value":"//button[@data-kt=\"addButton\"]"}
COMMAND: POST /session/1078df7af42110589ce6729fcfa5b6f8/elements - {"using":"xpath","value":"//button[@data-kt=\"addButton\"]"}
RESULT: {"using":"xpath","value":"//button[@data-kt=\"addButton\"]"}
COMMAND: POST /session/1078df7af42110589ce6729fcfa5b6f8/elements - {"using":"xpath","value":"//button[@data-kt=\"addButton\"]"}
RESULT: {"using":"xpath","value":"//button[@data-kt=\"addButton\"]"}
COMMAND: POST /session/1078df7af42110589ce6729fcfa5b6f8/elements - {"using":"xpath","value":"//button[@data-kt=\"addButton\"]"}
RESULT: {"using":"xpath","value":"//button[@data-kt=\"addButton\"]"}
COMMAND: POST /session/1078df7af42110589ce6729fcfa5b6f8/elements - {"using":"xpath","value":"//button[@data-kt=\"addButton\"]"}
RESULT: {"using":"xpath","value":"//button[@data-kt=\"addButton\"]"}
COMMAND: POST /session/1078df7af42110589ce6729fcfa5b6f8/elements - {"using":"xpath","value":"//button[@data-kt=\"addButton\"]"}
RESULT: {"using":"xpath","value":"//button[@data-kt=\"addButton\"]"}
COMMAND: POST /session/1078df7af42110589ce6729fcfa5b6f8/elements - {"using":"xpath","value":"//button[@data-kt=\"addButton\"]"}
RESULT: {"using":"xpath","value":"//button[@data-kt=\"addButton\"]"}
COMMAND: POST /session/1078df7af42110589ce6729fcfa5b6f8/elements - {"using":"xpath","value":"//button[@data-kt=\"addButton\"]"}
RESULT: {"using":"xpath","value":"//button[@data-kt=\"addButton\"]"}
COMMAND: POST /session/1078df7af42110589ce6729fcfa5b6f8/elements - {"using":"xpath","value":"//button[@data-kt=\"addButton\"]"}
RESULT: {"using":"xpath","value":"//button[@data-kt=\"addButton\"]"}
COMMAND: POST /session/1078df7af42110589ce6729fcfa5b6f8/elements - {"using":"xpath","value":"//button[@data-kt=\"addButton\"]"}
RESULT: {"using":"xpath","value":"//button[@data-kt=\"addButton\"]"}
COMMAND: POST /session/1078df7af42110589ce6729fcfa5b6f8/elements - {"using":"xpath","value":"//button[@data-kt=\"addButton\"]"}
RESULT: {"using":"xpath","value":"//button[@data-kt=\"addButton\"]"}
COMMAND: POST /session/1078df7af42110589ce6729fcfa5b6f8/elements - {"using":"xpath","value":"//button[@data-kt=\"addButton\"]"}
RESULT: {"using":"xpath","value":"//button[@data-kt=\"addButton\"]"}
COMMAND: POST /session/1078df7af42110589ce6729fcfa5b6f8/elements - {"using":"xpath","value":"//button[@data-kt=\"addButton\"]"}
RESULT: {"using":"xpath","value":"//button[@data-kt=\"addButton\"]"}
COMMAND: POST /session/1078df7af42110589ce6729fcfa5b6f8/elements - {"using":"xpath","value":"//button[@data-kt=\"addButton\"]"}
RESULT: {"using":"xpath","value":"//button[@data-kt=\"addButton\"]"}
COMMAND: POST /session/1078df7af42110589ce6729fcfa5b6f8/elements - {"using":"xpath","value":"//button[@data-kt=\"addButton\"]"}
RESULT: {"using":"xpath","value":"//button[@data-kt=\"addButton\"]"}
COMMAND: POST /session/1078df7af42110589ce6729fcfa5b6f8/elements - {"using":"xpath","value":"//button[@data-kt=\"addButton\"]"}
RESULT: {"using":"xpath","value":"//button[@data-kt=\"addButton\"]"}
COMMAND: POST /session/1078df7af42110589ce6729fcfa5b6f8/elements - {"using":"xpath","value":"//button[@data-kt=\"addButton\"]"}
RESULT: {"using":"xpath","value":"//button[@data-kt=\"addButton\"]"}
COMMAND: POST /session/1078df7af42110589ce6729fcfa5b6f8/elements - {"using":"xpath","value":"//button[@data-kt=\"addButton\"]"}
RESULT: {"using":"xpath","value":"//button[@data-kt=\"addButton\"]"}
COMMAND: POST /session/1078df7af42110589ce6729fcfa5b6f8/elements - {"using":"xpath","value":"//button[@data-kt=\"addButton\"]"}
RESULT: {"using":"xpath","value":"//button[@data-kt=\"addButton\"]"}
COMMAND: POST /session/1078df7af42110589ce6729fcfa5b6f8/elements - {"using":"xpath","value":"//button[@data-kt=\"addButton\"]"}
RESULT: {"using":"xpath","value":"//button[@data-kt=\"addButton\"]"}
COMMAND: POST /session/1078df7af42110589ce6729fcfa5b6f8/elements - {"using":"xpath","value":"//button[@data-kt=\"addButton\"]"}
COMMAND: GET /session/1078df7af42110589ce6729fcfa5b6f8/screenshot - {}
RESULT: {"using":"xpath","value":"//button[@data-kt=\"addButton\"]"}
RESULT: {}
]]></system-out>
      <system-err><![CDATA[
Error: element ("//button[@data-kt="addButton"]") still not existing after 45000ms
    at async UtilsPrerequisites.contractCreation (D:\a\1\s\test\specs\BTS\prerequisites-and-utils-functions.js:1741:9)
    at async Context.<anonymous> (D:\a\1\s\test\specs\BTS\reverse-billing.spec.js:61:45)
]]></system-err>
    </testcase>
    <testcase classname="chrome.136_0_7103_93.windows.Create_Reverse_Billing_US127248" name="Should add equipment to the contract" time="60.478">
      <failure/>
      <error message="Can't call click on element with selector &quot;//button[@data-kt=&quot;contractDetailEditBtnButton&quot;]&quot; because element wasn't found"/>
      <system-out><![CDATA[
COMMAND: POST /session/1078df7af42110589ce6729fcfa5b6f8/element - {"using":"xpath","value":"//button[@data-kt=\"contractDetailEditBtnButton\"]"}
COMMAND: GET /session/1078df7af42110589ce6729fcfa5b6f8/screenshot - {}
RESULT: {"using":"xpath","value":"//button[@data-kt=\"contractDetailEditBtnButton\"]"}
COMMAND: POST /session/1078df7af42110589ce6729fcfa5b6f8/elements - {"using":"xpath","value":"//button[@data-kt=\"contractDetailEditBtnButton\"]"}
RESULT: {}
RESULT: {"using":"xpath","value":"//button[@data-kt=\"contractDetailEditBtnButton\"]"}
COMMAND: POST /session/1078df7af42110589ce6729fcfa5b6f8/elements - {"using":"xpath","value":"//button[@data-kt=\"contractDetailEditBtnButton\"]"}
RESULT: {"using":"xpath","value":"//button[@data-kt=\"contractDetailEditBtnButton\"]"}
COMMAND: POST /session/1078df7af42110589ce6729fcfa5b6f8/elements - {"using":"xpath","value":"//button[@data-kt=\"contractDetailEditBtnButton\"]"}
RESULT: {"using":"xpath","value":"//button[@data-kt=\"contractDetailEditBtnButton\"]"}
COMMAND: POST /session/1078df7af42110589ce6729fcfa5b6f8/elements - {"using":"xpath","value":"//button[@data-kt=\"contractDetailEditBtnButton\"]"}
RESULT: {"using":"xpath","value":"//button[@data-kt=\"contractDetailEditBtnButton\"]"}
COMMAND: POST /session/1078df7af42110589ce6729fcfa5b6f8/elements - {"using":"xpath","value":"//button[@data-kt=\"contractDetailEditBtnButton\"]"}
RESULT: {"using":"xpath","value":"//button[@data-kt=\"contractDetailEditBtnButton\"]"}
COMMAND: POST /session/1078df7af42110589ce6729fcfa5b6f8/elements - {"using":"xpath","value":"//button[@data-kt=\"contractDetailEditBtnButton\"]"}
RESULT: {"using":"xpath","value":"//button[@data-kt=\"contractDetailEditBtnButton\"]"}
COMMAND: POST /session/1078df7af42110589ce6729fcfa5b6f8/elements - {"using":"xpath","value":"//button[@data-kt=\"contractDetailEditBtnButton\"]"}
RESULT: {"using":"xpath","value":"//button[@data-kt=\"contractDetailEditBtnButton\"]"}
COMMAND: POST /session/1078df7af42110589ce6729fcfa5b6f8/elements - {"using":"xpath","value":"//button[@data-kt=\"contractDetailEditBtnButton\"]"}
RESULT: {"using":"xpath","value":"//button[@data-kt=\"contractDetailEditBtnButton\"]"}
COMMAND: POST /session/1078df7af42110589ce6729fcfa5b6f8/elements - {"using":"xpath","value":"//button[@data-kt=\"contractDetailEditBtnButton\"]"}
RESULT: {"using":"xpath","value":"//button[@data-kt=\"contractDetailEditBtnButton\"]"}
COMMAND: POST /session/1078df7af42110589ce6729fcfa5b6f8/elements - {"using":"xpath","value":"//button[@data-kt=\"contractDetailEditBtnButton\"]"}
RESULT: {"using":"xpath","value":"//button[@data-kt=\"contractDetailEditBtnButton\"]"}
COMMAND: POST /session/1078df7af42110589ce6729fcfa5b6f8/elements - {"using":"xpath","value":"//button[@data-kt=\"contractDetailEditBtnButton\"]"}
RESULT: {"using":"xpath","value":"//button[@data-kt=\"contractDetailEditBtnButton\"]"}
COMMAND: POST /session/1078df7af42110589ce6729fcfa5b6f8/elements - {"using":"xpath","value":"//button[@data-kt=\"contractDetailEditBtnButton\"]"}
RESULT: {"using":"xpath","value":"//button[@data-kt=\"contractDetailEditBtnButton\"]"}
COMMAND: POST /session/1078df7af42110589ce6729fcfa5b6f8/elements - {"using":"xpath","value":"//button[@data-kt=\"contractDetailEditBtnButton\"]"}
RESULT: {"using":"xpath","value":"//button[@data-kt=\"contractDetailEditBtnButton\"]"}
COMMAND: POST /session/1078df7af42110589ce6729fcfa5b6f8/elements - {"using":"xpath","value":"//button[@data-kt=\"contractDetailEditBtnButton\"]"}
RESULT: {"using":"xpath","value":"//button[@data-kt=\"contractDetailEditBtnButton\"]"}
COMMAND: POST /session/1078df7af42110589ce6729fcfa5b6f8/elements - {"using":"xpath","value":"//button[@data-kt=\"contractDetailEditBtnButton\"]"}
RESULT: {"using":"xpath","value":"//button[@data-kt=\"contractDetailEditBtnButton\"]"}
COMMAND: POST /session/1078df7af42110589ce6729fcfa5b6f8/elements - {"using":"xpath","value":"//button[@data-kt=\"contractDetailEditBtnButton\"]"}
RESULT: {"using":"xpath","value":"//button[@data-kt=\"contractDetailEditBtnButton\"]"}
COMMAND: POST /session/1078df7af42110589ce6729fcfa5b6f8/elements - {"using":"xpath","value":"//button[@data-kt=\"contractDetailEditBtnButton\"]"}
RESULT: {"using":"xpath","value":"//button[@data-kt=\"contractDetailEditBtnButton\"]"}
COMMAND: POST /session/1078df7af42110589ce6729fcfa5b6f8/elements - {"using":"xpath","value":"//button[@data-kt=\"contractDetailEditBtnButton\"]"}
RESULT: {"using":"xpath","value":"//button[@data-kt=\"contractDetailEditBtnButton\"]"}
COMMAND: POST /session/1078df7af42110589ce6729fcfa5b6f8/elements - {"using":"xpath","value":"//button[@data-kt=\"contractDetailEditBtnButton\"]"}
RESULT: {"using":"xpath","value":"//button[@data-kt=\"contractDetailEditBtnButton\"]"}
COMMAND: POST /session/1078df7af42110589ce6729fcfa5b6f8/elements - {"using":"xpath","value":"//button[@data-kt=\"contractDetailEditBtnButton\"]"}
RESULT: {"using":"xpath","value":"//button[@data-kt=\"contractDetailEditBtnButton\"]"}
COMMAND: POST /session/1078df7af42110589ce6729fcfa5b6f8/elements - {"using":"xpath","value":"//button[@data-kt=\"contractDetailEditBtnButton\"]"}
RESULT: {"using":"xpath","value":"//button[@data-kt=\"contractDetailEditBtnButton\"]"}
COMMAND: POST /session/1078df7af42110589ce6729fcfa5b6f8/elements - {"using":"xpath","value":"//button[@data-kt=\"contractDetailEditBtnButton\"]"}
RESULT: {"using":"xpath","value":"//button[@data-kt=\"contractDetailEditBtnButton\"]"}
COMMAND: POST /session/1078df7af42110589ce6729fcfa5b6f8/elements - {"using":"xpath","value":"//button[@data-kt=\"contractDetailEditBtnButton\"]"}
RESULT: {"using":"xpath","value":"//button[@data-kt=\"contractDetailEditBtnButton\"]"}
COMMAND: POST /session/1078df7af42110589ce6729fcfa5b6f8/elements - {"using":"xpath","value":"//button[@data-kt=\"contractDetailEditBtnButton\"]"}
RESULT: {"using":"xpath","value":"//button[@data-kt=\"contractDetailEditBtnButton\"]"}
COMMAND: POST /session/1078df7af42110589ce6729fcfa5b6f8/elements - {"using":"xpath","value":"//button[@data-kt=\"contractDetailEditBtnButton\"]"}
RESULT: {"using":"xpath","value":"//button[@data-kt=\"contractDetailEditBtnButton\"]"}
COMMAND: POST /session/1078df7af42110589ce6729fcfa5b6f8/elements - {"using":"xpath","value":"//button[@data-kt=\"contractDetailEditBtnButton\"]"}
RESULT: {"using":"xpath","value":"//button[@data-kt=\"contractDetailEditBtnButton\"]"}
COMMAND: POST /session/1078df7af42110589ce6729fcfa5b6f8/elements - {"using":"xpath","value":"//button[@data-kt=\"contractDetailEditBtnButton\"]"}
RESULT: {"using":"xpath","value":"//button[@data-kt=\"contractDetailEditBtnButton\"]"}
COMMAND: POST /session/1078df7af42110589ce6729fcfa5b6f8/elements - {"using":"xpath","value":"//button[@data-kt=\"contractDetailEditBtnButton\"]"}
RESULT: {"using":"xpath","value":"//button[@data-kt=\"contractDetailEditBtnButton\"]"}
COMMAND: POST /session/1078df7af42110589ce6729fcfa5b6f8/elements - {"using":"xpath","value":"//button[@data-kt=\"contractDetailEditBtnButton\"]"}
RESULT: {"using":"xpath","value":"//button[@data-kt=\"contractDetailEditBtnButton\"]"}
COMMAND: POST /session/1078df7af42110589ce6729fcfa5b6f8/elements - {"using":"xpath","value":"//button[@data-kt=\"contractDetailEditBtnButton\"]"}
RESULT: {"using":"xpath","value":"//button[@data-kt=\"contractDetailEditBtnButton\"]"}
COMMAND: POST /session/1078df7af42110589ce6729fcfa5b6f8/elements - {"using":"xpath","value":"//button[@data-kt=\"contractDetailEditBtnButton\"]"}
RESULT: {"using":"xpath","value":"//button[@data-kt=\"contractDetailEditBtnButton\"]"}
COMMAND: POST /session/1078df7af42110589ce6729fcfa5b6f8/elements - {"using":"xpath","value":"//button[@data-kt=\"contractDetailEditBtnButton\"]"}
RESULT: {"using":"xpath","value":"//button[@data-kt=\"contractDetailEditBtnButton\"]"}
COMMAND: POST /session/1078df7af42110589ce6729fcfa5b6f8/elements - {"using":"xpath","value":"//button[@data-kt=\"contractDetailEditBtnButton\"]"}
RESULT: {"using":"xpath","value":"//button[@data-kt=\"contractDetailEditBtnButton\"]"}
COMMAND: POST /session/1078df7af42110589ce6729fcfa5b6f8/elements - {"using":"xpath","value":"//button[@data-kt=\"contractDetailEditBtnButton\"]"}
RESULT: {"using":"xpath","value":"//button[@data-kt=\"contractDetailEditBtnButton\"]"}
COMMAND: POST /session/1078df7af42110589ce6729fcfa5b6f8/elements - {"using":"xpath","value":"//button[@data-kt=\"contractDetailEditBtnButton\"]"}
RESULT: {"using":"xpath","value":"//button[@data-kt=\"contractDetailEditBtnButton\"]"}
COMMAND: POST /session/1078df7af42110589ce6729fcfa5b6f8/elements - {"using":"xpath","value":"//button[@data-kt=\"contractDetailEditBtnButton\"]"}
RESULT: {"using":"xpath","value":"//button[@data-kt=\"contractDetailEditBtnButton\"]"}
COMMAND: POST /session/1078df7af42110589ce6729fcfa5b6f8/elements - {"using":"xpath","value":"//button[@data-kt=\"contractDetailEditBtnButton\"]"}
RESULT: {"using":"xpath","value":"//button[@data-kt=\"contractDetailEditBtnButton\"]"}
COMMAND: POST /session/1078df7af42110589ce6729fcfa5b6f8/elements - {"using":"xpath","value":"//button[@data-kt=\"contractDetailEditBtnButton\"]"}
RESULT: {"using":"xpath","value":"//button[@data-kt=\"contractDetailEditBtnButton\"]"}
COMMAND: POST /session/1078df7af42110589ce6729fcfa5b6f8/elements - {"using":"xpath","value":"//button[@data-kt=\"contractDetailEditBtnButton\"]"}
RESULT: {"using":"xpath","value":"//button[@data-kt=\"contractDetailEditBtnButton\"]"}
COMMAND: POST /session/1078df7af42110589ce6729fcfa5b6f8/elements - {"using":"xpath","value":"//button[@data-kt=\"contractDetailEditBtnButton\"]"}
RESULT: {"using":"xpath","value":"//button[@data-kt=\"contractDetailEditBtnButton\"]"}
COMMAND: POST /session/1078df7af42110589ce6729fcfa5b6f8/elements - {"using":"xpath","value":"//button[@data-kt=\"contractDetailEditBtnButton\"]"}
RESULT: {"using":"xpath","value":"//button[@data-kt=\"contractDetailEditBtnButton\"]"}
COMMAND: POST /session/1078df7af42110589ce6729fcfa5b6f8/elements - {"using":"xpath","value":"//button[@data-kt=\"contractDetailEditBtnButton\"]"}
RESULT: {"using":"xpath","value":"//button[@data-kt=\"contractDetailEditBtnButton\"]"}
COMMAND: POST /session/1078df7af42110589ce6729fcfa5b6f8/elements - {"using":"xpath","value":"//button[@data-kt=\"contractDetailEditBtnButton\"]"}
RESULT: {"using":"xpath","value":"//button[@data-kt=\"contractDetailEditBtnButton\"]"}
COMMAND: POST /session/1078df7af42110589ce6729fcfa5b6f8/elements - {"using":"xpath","value":"//button[@data-kt=\"contractDetailEditBtnButton\"]"}
RESULT: {"using":"xpath","value":"//button[@data-kt=\"contractDetailEditBtnButton\"]"}
COMMAND: POST /session/1078df7af42110589ce6729fcfa5b6f8/elements - {"using":"xpath","value":"//button[@data-kt=\"contractDetailEditBtnButton\"]"}
RESULT: {"using":"xpath","value":"//button[@data-kt=\"contractDetailEditBtnButton\"]"}
COMMAND: POST /session/1078df7af42110589ce6729fcfa5b6f8/elements - {"using":"xpath","value":"//button[@data-kt=\"contractDetailEditBtnButton\"]"}
RESULT: {"using":"xpath","value":"//button[@data-kt=\"contractDetailEditBtnButton\"]"}
COMMAND: POST /session/1078df7af42110589ce6729fcfa5b6f8/elements - {"using":"xpath","value":"//button[@data-kt=\"contractDetailEditBtnButton\"]"}
RESULT: {"using":"xpath","value":"//button[@data-kt=\"contractDetailEditBtnButton\"]"}
COMMAND: POST /session/1078df7af42110589ce6729fcfa5b6f8/elements - {"using":"xpath","value":"//button[@data-kt=\"contractDetailEditBtnButton\"]"}
RESULT: {"using":"xpath","value":"//button[@data-kt=\"contractDetailEditBtnButton\"]"}
COMMAND: POST /session/1078df7af42110589ce6729fcfa5b6f8/elements - {"using":"xpath","value":"//button[@data-kt=\"contractDetailEditBtnButton\"]"}
RESULT: {"using":"xpath","value":"//button[@data-kt=\"contractDetailEditBtnButton\"]"}
COMMAND: POST /session/1078df7af42110589ce6729fcfa5b6f8/elements - {"using":"xpath","value":"//button[@data-kt=\"contractDetailEditBtnButton\"]"}
RESULT: {"using":"xpath","value":"//button[@data-kt=\"contractDetailEditBtnButton\"]"}
COMMAND: POST /session/1078df7af42110589ce6729fcfa5b6f8/elements - {"using":"xpath","value":"//button[@data-kt=\"contractDetailEditBtnButton\"]"}
RESULT: {"using":"xpath","value":"//button[@data-kt=\"contractDetailEditBtnButton\"]"}
COMMAND: POST /session/1078df7af42110589ce6729fcfa5b6f8/elements - {"using":"xpath","value":"//button[@data-kt=\"contractDetailEditBtnButton\"]"}
RESULT: {"using":"xpath","value":"//button[@data-kt=\"contractDetailEditBtnButton\"]"}
COMMAND: POST /session/1078df7af42110589ce6729fcfa5b6f8/elements - {"using":"xpath","value":"//button[@data-kt=\"contractDetailEditBtnButton\"]"}
RESULT: {"using":"xpath","value":"//button[@data-kt=\"contractDetailEditBtnButton\"]"}
COMMAND: POST /session/1078df7af42110589ce6729fcfa5b6f8/elements - {"using":"xpath","value":"//button[@data-kt=\"contractDetailEditBtnButton\"]"}
RESULT: {"using":"xpath","value":"//button[@data-kt=\"contractDetailEditBtnButton\"]"}
COMMAND: POST /session/1078df7af42110589ce6729fcfa5b6f8/elements - {"using":"xpath","value":"//button[@data-kt=\"contractDetailEditBtnButton\"]"}
RESULT: {"using":"xpath","value":"//button[@data-kt=\"contractDetailEditBtnButton\"]"}
COMMAND: POST /session/1078df7af42110589ce6729fcfa5b6f8/elements - {"using":"xpath","value":"//button[@data-kt=\"contractDetailEditBtnButton\"]"}
RESULT: {"using":"xpath","value":"//button[@data-kt=\"contractDetailEditBtnButton\"]"}
COMMAND: POST /session/1078df7af42110589ce6729fcfa5b6f8/elements - {"using":"xpath","value":"//button[@data-kt=\"contractDetailEditBtnButton\"]"}
RESULT: {"using":"xpath","value":"//button[@data-kt=\"contractDetailEditBtnButton\"]"}
COMMAND: POST /session/1078df7af42110589ce6729fcfa5b6f8/elements - {"using":"xpath","value":"//button[@data-kt=\"contractDetailEditBtnButton\"]"}
RESULT: {"using":"xpath","value":"//button[@data-kt=\"contractDetailEditBtnButton\"]"}
COMMAND: POST /session/1078df7af42110589ce6729fcfa5b6f8/elements - {"using":"xpath","value":"//button[@data-kt=\"contractDetailEditBtnButton\"]"}
RESULT: {"using":"xpath","value":"//button[@data-kt=\"contractDetailEditBtnButton\"]"}
COMMAND: POST /session/1078df7af42110589ce6729fcfa5b6f8/elements - {"using":"xpath","value":"//button[@data-kt=\"contractDetailEditBtnButton\"]"}
RESULT: {"using":"xpath","value":"//button[@data-kt=\"contractDetailEditBtnButton\"]"}
COMMAND: POST /session/1078df7af42110589ce6729fcfa5b6f8/elements - {"using":"xpath","value":"//button[@data-kt=\"contractDetailEditBtnButton\"]"}
RESULT: {"using":"xpath","value":"//button[@data-kt=\"contractDetailEditBtnButton\"]"}
COMMAND: POST /session/1078df7af42110589ce6729fcfa5b6f8/elements - {"using":"xpath","value":"//button[@data-kt=\"contractDetailEditBtnButton\"]"}
RESULT: {"using":"xpath","value":"//button[@data-kt=\"contractDetailEditBtnButton\"]"}
COMMAND: POST /session/1078df7af42110589ce6729fcfa5b6f8/elements - {"using":"xpath","value":"//button[@data-kt=\"contractDetailEditBtnButton\"]"}
RESULT: {"using":"xpath","value":"//button[@data-kt=\"contractDetailEditBtnButton\"]"}
COMMAND: POST /session/1078df7af42110589ce6729fcfa5b6f8/elements - {"using":"xpath","value":"//button[@data-kt=\"contractDetailEditBtnButton\"]"}
RESULT: {"using":"xpath","value":"//button[@data-kt=\"contractDetailEditBtnButton\"]"}
COMMAND: POST /session/1078df7af42110589ce6729fcfa5b6f8/elements - {"using":"xpath","value":"//button[@data-kt=\"contractDetailEditBtnButton\"]"}
RESULT: {"using":"xpath","value":"//button[@data-kt=\"contractDetailEditBtnButton\"]"}
COMMAND: POST /session/1078df7af42110589ce6729fcfa5b6f8/elements - {"using":"xpath","value":"//button[@data-kt=\"contractDetailEditBtnButton\"]"}
RESULT: {"using":"xpath","value":"//button[@data-kt=\"contractDetailEditBtnButton\"]"}
COMMAND: POST /session/1078df7af42110589ce6729fcfa5b6f8/elements - {"using":"xpath","value":"//button[@data-kt=\"contractDetailEditBtnButton\"]"}
RESULT: {"using":"xpath","value":"//button[@data-kt=\"contractDetailEditBtnButton\"]"}
COMMAND: POST /session/1078df7af42110589ce6729fcfa5b6f8/elements - {"using":"xpath","value":"//button[@data-kt=\"contractDetailEditBtnButton\"]"}
RESULT: {"using":"xpath","value":"//button[@data-kt=\"contractDetailEditBtnButton\"]"}
COMMAND: POST /session/1078df7af42110589ce6729fcfa5b6f8/elements - {"using":"xpath","value":"//button[@data-kt=\"contractDetailEditBtnButton\"]"}
RESULT: {"using":"xpath","value":"//button[@data-kt=\"contractDetailEditBtnButton\"]"}
COMMAND: POST /session/1078df7af42110589ce6729fcfa5b6f8/elements - {"using":"xpath","value":"//button[@data-kt=\"contractDetailEditBtnButton\"]"}
RESULT: {"using":"xpath","value":"//button[@data-kt=\"contractDetailEditBtnButton\"]"}
COMMAND: POST /session/1078df7af42110589ce6729fcfa5b6f8/elements - {"using":"xpath","value":"//button[@data-kt=\"contractDetailEditBtnButton\"]"}
RESULT: {"using":"xpath","value":"//button[@data-kt=\"contractDetailEditBtnButton\"]"}
COMMAND: POST /session/1078df7af42110589ce6729fcfa5b6f8/elements - {"using":"xpath","value":"//button[@data-kt=\"contractDetailEditBtnButton\"]"}
RESULT: {"using":"xpath","value":"//button[@data-kt=\"contractDetailEditBtnButton\"]"}
COMMAND: POST /session/1078df7af42110589ce6729fcfa5b6f8/elements - {"using":"xpath","value":"//button[@data-kt=\"contractDetailEditBtnButton\"]"}
RESULT: {"using":"xpath","value":"//button[@data-kt=\"contractDetailEditBtnButton\"]"}
COMMAND: POST /session/1078df7af42110589ce6729fcfa5b6f8/elements - {"using":"xpath","value":"//button[@data-kt=\"contractDetailEditBtnButton\"]"}
RESULT: {"using":"xpath","value":"//button[@data-kt=\"contractDetailEditBtnButton\"]"}
COMMAND: POST /session/1078df7af42110589ce6729fcfa5b6f8/elements - {"using":"xpath","value":"//button[@data-kt=\"contractDetailEditBtnButton\"]"}
RESULT: {"using":"xpath","value":"//button[@data-kt=\"contractDetailEditBtnButton\"]"}
COMMAND: POST /session/1078df7af42110589ce6729fcfa5b6f8/elements - {"using":"xpath","value":"//button[@data-kt=\"contractDetailEditBtnButton\"]"}
RESULT: {"using":"xpath","value":"//button[@data-kt=\"contractDetailEditBtnButton\"]"}
COMMAND: POST /session/1078df7af42110589ce6729fcfa5b6f8/elements - {"using":"xpath","value":"//button[@data-kt=\"contractDetailEditBtnButton\"]"}
RESULT: {"using":"xpath","value":"//button[@data-kt=\"contractDetailEditBtnButton\"]"}
COMMAND: POST /session/1078df7af42110589ce6729fcfa5b6f8/elements - {"using":"xpath","value":"//button[@data-kt=\"contractDetailEditBtnButton\"]"}
RESULT: {"using":"xpath","value":"//button[@data-kt=\"contractDetailEditBtnButton\"]"}
COMMAND: POST /session/1078df7af42110589ce6729fcfa5b6f8/elements - {"using":"xpath","value":"//button[@data-kt=\"contractDetailEditBtnButton\"]"}
RESULT: {"using":"xpath","value":"//button[@data-kt=\"contractDetailEditBtnButton\"]"}
COMMAND: POST /session/1078df7af42110589ce6729fcfa5b6f8/elements - {"using":"xpath","value":"//button[@data-kt=\"contractDetailEditBtnButton\"]"}
RESULT: {"using":"xpath","value":"//button[@data-kt=\"contractDetailEditBtnButton\"]"}
COMMAND: POST /session/1078df7af42110589ce6729fcfa5b6f8/elements - {"using":"xpath","value":"//button[@data-kt=\"contractDetailEditBtnButton\"]"}
RESULT: {"using":"xpath","value":"//button[@data-kt=\"contractDetailEditBtnButton\"]"}
COMMAND: POST /session/1078df7af42110589ce6729fcfa5b6f8/elements - {"using":"xpath","value":"//button[@data-kt=\"contractDetailEditBtnButton\"]"}
RESULT: {"using":"xpath","value":"//button[@data-kt=\"contractDetailEditBtnButton\"]"}
COMMAND: POST /session/1078df7af42110589ce6729fcfa5b6f8/elements - {"using":"xpath","value":"//button[@data-kt=\"contractDetailEditBtnButton\"]"}
RESULT: {"using":"xpath","value":"//button[@data-kt=\"contractDetailEditBtnButton\"]"}
COMMAND: POST /session/1078df7af42110589ce6729fcfa5b6f8/elements - {"using":"xpath","value":"//button[@data-kt=\"contractDetailEditBtnButton\"]"}
RESULT: {"using":"xpath","value":"//button[@data-kt=\"contractDetailEditBtnButton\"]"}
COMMAND: POST /session/1078df7af42110589ce6729fcfa5b6f8/elements - {"using":"xpath","value":"//button[@data-kt=\"contractDetailEditBtnButton\"]"}
RESULT: {"using":"xpath","value":"//button[@data-kt=\"contractDetailEditBtnButton\"]"}
COMMAND: POST /session/1078df7af42110589ce6729fcfa5b6f8/elements - {"using":"xpath","value":"//button[@data-kt=\"contractDetailEditBtnButton\"]"}
RESULT: {"using":"xpath","value":"//button[@data-kt=\"contractDetailEditBtnButton\"]"}
COMMAND: POST /session/1078df7af42110589ce6729fcfa5b6f8/elements - {"using":"xpath","value":"//button[@data-kt=\"contractDetailEditBtnButton\"]"}
RESULT: {"using":"xpath","value":"//button[@data-kt=\"contractDetailEditBtnButton\"]"}
COMMAND: POST /session/1078df7af42110589ce6729fcfa5b6f8/elements - {"using":"xpath","value":"//button[@data-kt=\"contractDetailEditBtnButton\"]"}
RESULT: {"using":"xpath","value":"//button[@data-kt=\"contractDetailEditBtnButton\"]"}
COMMAND: POST /session/1078df7af42110589ce6729fcfa5b6f8/elements - {"using":"xpath","value":"//button[@data-kt=\"contractDetailEditBtnButton\"]"}
RESULT: {"using":"xpath","value":"//button[@data-kt=\"contractDetailEditBtnButton\"]"}
COMMAND: POST /session/1078df7af42110589ce6729fcfa5b6f8/elements - {"using":"xpath","value":"//button[@data-kt=\"contractDetailEditBtnButton\"]"}
RESULT: {"using":"xpath","value":"//button[@data-kt=\"contractDetailEditBtnButton\"]"}
COMMAND: POST /session/1078df7af42110589ce6729fcfa5b6f8/elements - {"using":"xpath","value":"//button[@data-kt=\"contractDetailEditBtnButton\"]"}
RESULT: {"using":"xpath","value":"//button[@data-kt=\"contractDetailEditBtnButton\"]"}
COMMAND: POST /session/1078df7af42110589ce6729fcfa5b6f8/elements - {"using":"xpath","value":"//button[@data-kt=\"contractDetailEditBtnButton\"]"}
RESULT: {"using":"xpath","value":"//button[@data-kt=\"contractDetailEditBtnButton\"]"}
COMMAND: POST /session/1078df7af42110589ce6729fcfa5b6f8/elements - {"using":"xpath","value":"//button[@data-kt=\"contractDetailEditBtnButton\"]"}
RESULT: {"using":"xpath","value":"//button[@data-kt=\"contractDetailEditBtnButton\"]"}
COMMAND: POST /session/1078df7af42110589ce6729fcfa5b6f8/elements - {"using":"xpath","value":"//button[@data-kt=\"contractDetailEditBtnButton\"]"}
RESULT: {"using":"xpath","value":"//button[@data-kt=\"contractDetailEditBtnButton\"]"}
COMMAND: POST /session/1078df7af42110589ce6729fcfa5b6f8/elements - {"using":"xpath","value":"//button[@data-kt=\"contractDetailEditBtnButton\"]"}
RESULT: {"using":"xpath","value":"//button[@data-kt=\"contractDetailEditBtnButton\"]"}
COMMAND: POST /session/1078df7af42110589ce6729fcfa5b6f8/elements - {"using":"xpath","value":"//button[@data-kt=\"contractDetailEditBtnButton\"]"}
RESULT: {"using":"xpath","value":"//button[@data-kt=\"contractDetailEditBtnButton\"]"}
COMMAND: POST /session/1078df7af42110589ce6729fcfa5b6f8/elements - {"using":"xpath","value":"//button[@data-kt=\"contractDetailEditBtnButton\"]"}
RESULT: {"using":"xpath","value":"//button[@data-kt=\"contractDetailEditBtnButton\"]"}
COMMAND: POST /session/1078df7af42110589ce6729fcfa5b6f8/elements - {"using":"xpath","value":"//button[@data-kt=\"contractDetailEditBtnButton\"]"}
RESULT: {"using":"xpath","value":"//button[@data-kt=\"contractDetailEditBtnButton\"]"}
COMMAND: POST /session/1078df7af42110589ce6729fcfa5b6f8/elements - {"using":"xpath","value":"//button[@data-kt=\"contractDetailEditBtnButton\"]"}
RESULT: {"using":"xpath","value":"//button[@data-kt=\"contractDetailEditBtnButton\"]"}
COMMAND: POST /session/1078df7af42110589ce6729fcfa5b6f8/elements - {"using":"xpath","value":"//button[@data-kt=\"contractDetailEditBtnButton\"]"}
RESULT: {"using":"xpath","value":"//button[@data-kt=\"contractDetailEditBtnButton\"]"}
COMMAND: POST /session/1078df7af42110589ce6729fcfa5b6f8/elements - {"using":"xpath","value":"//button[@data-kt=\"contractDetailEditBtnButton\"]"}
RESULT: {"using":"xpath","value":"//button[@data-kt=\"contractDetailEditBtnButton\"]"}
COMMAND: POST /session/1078df7af42110589ce6729fcfa5b6f8/elements - {"using":"xpath","value":"//button[@data-kt=\"contractDetailEditBtnButton\"]"}
RESULT: {"using":"xpath","value":"//button[@data-kt=\"contractDetailEditBtnButton\"]"}
COMMAND: POST /session/1078df7af42110589ce6729fcfa5b6f8/elements - {"using":"xpath","value":"//button[@data-kt=\"contractDetailEditBtnButton\"]"}
RESULT: {"using":"xpath","value":"//button[@data-kt=\"contractDetailEditBtnButton\"]"}
COMMAND: POST /session/1078df7af42110589ce6729fcfa5b6f8/elements - {"using":"xpath","value":"//button[@data-kt=\"contractDetailEditBtnButton\"]"}
RESULT: {"using":"xpath","value":"//button[@data-kt=\"contractDetailEditBtnButton\"]"}
COMMAND: POST /session/1078df7af42110589ce6729fcfa5b6f8/elements - {"using":"xpath","value":"//button[@data-kt=\"contractDetailEditBtnButton\"]"}
RESULT: {"using":"xpath","value":"//button[@data-kt=\"contractDetailEditBtnButton\"]"}
COMMAND: POST /session/1078df7af42110589ce6729fcfa5b6f8/elements - {"using":"xpath","value":"//button[@data-kt=\"contractDetailEditBtnButton\"]"}
RESULT: {"using":"xpath","value":"//button[@data-kt=\"contractDetailEditBtnButton\"]"}
COMMAND: POST /session/1078df7af42110589ce6729fcfa5b6f8/elements - {"using":"xpath","value":"//button[@data-kt=\"contractDetailEditBtnButton\"]"}
RESULT: {"using":"xpath","value":"//button[@data-kt=\"contractDetailEditBtnButton\"]"}
COMMAND: POST /session/1078df7af42110589ce6729fcfa5b6f8/elements - {"using":"xpath","value":"//button[@data-kt=\"contractDetailEditBtnButton\"]"}
RESULT: {"using":"xpath","value":"//button[@data-kt=\"contractDetailEditBtnButton\"]"}
COMMAND: POST /session/1078df7af42110589ce6729fcfa5b6f8/elements - {"using":"xpath","value":"//button[@data-kt=\"contractDetailEditBtnButton\"]"}
RESULT: {"using":"xpath","value":"//button[@data-kt=\"contractDetailEditBtnButton\"]"}
COMMAND: POST /session/1078df7af42110589ce6729fcfa5b6f8/elements - {"using":"xpath","value":"//button[@data-kt=\"contractDetailEditBtnButton\"]"}
RESULT: {"using":"xpath","value":"//button[@data-kt=\"contractDetailEditBtnButton\"]"}
COMMAND: POST /session/1078df7af42110589ce6729fcfa5b6f8/elements - {"using":"xpath","value":"//button[@data-kt=\"contractDetailEditBtnButton\"]"}
RESULT: {"using":"xpath","value":"//button[@data-kt=\"contractDetailEditBtnButton\"]"}
COMMAND: POST /session/1078df7af42110589ce6729fcfa5b6f8/elements - {"using":"xpath","value":"//button[@data-kt=\"contractDetailEditBtnButton\"]"}
RESULT: {"using":"xpath","value":"//button[@data-kt=\"contractDetailEditBtnButton\"]"}
COMMAND: POST /session/1078df7af42110589ce6729fcfa5b6f8/elements - {"using":"xpath","value":"//button[@data-kt=\"contractDetailEditBtnButton\"]"}
RESULT: {"using":"xpath","value":"//button[@data-kt=\"contractDetailEditBtnButton\"]"}
COMMAND: POST /session/1078df7af42110589ce6729fcfa5b6f8/elements - {"using":"xpath","value":"//button[@data-kt=\"contractDetailEditBtnButton\"]"}
RESULT: {"using":"xpath","value":"//button[@data-kt=\"contractDetailEditBtnButton\"]"}
COMMAND: POST /session/1078df7af42110589ce6729fcfa5b6f8/elements - {"using":"xpath","value":"//button[@data-kt=\"contractDetailEditBtnButton\"]"}
RESULT: {"using":"xpath","value":"//button[@data-kt=\"contractDetailEditBtnButton\"]"}
COMMAND: POST /session/1078df7af42110589ce6729fcfa5b6f8/elements - {"using":"xpath","value":"//button[@data-kt=\"contractDetailEditBtnButton\"]"}
RESULT: {"using":"xpath","value":"//button[@data-kt=\"contractDetailEditBtnButton\"]"}
COMMAND: POST /session/1078df7af42110589ce6729fcfa5b6f8/elements - {"using":"xpath","value":"//button[@data-kt=\"contractDetailEditBtnButton\"]"}
RESULT: {"using":"xpath","value":"//button[@data-kt=\"contractDetailEditBtnButton\"]"}
COMMAND: POST /session/1078df7af42110589ce6729fcfa5b6f8/elements - {"using":"xpath","value":"//button[@data-kt=\"contractDetailEditBtnButton\"]"}
RESULT: {"using":"xpath","value":"//button[@data-kt=\"contractDetailEditBtnButton\"]"}
COMMAND: POST /session/1078df7af42110589ce6729fcfa5b6f8/elements - {"using":"xpath","value":"//button[@data-kt=\"contractDetailEditBtnButton\"]"}
RESULT: {"using":"xpath","value":"//button[@data-kt=\"contractDetailEditBtnButton\"]"}
COMMAND: POST /session/1078df7af42110589ce6729fcfa5b6f8/elements - {"using":"xpath","value":"//button[@data-kt=\"contractDetailEditBtnButton\"]"}
RESULT: {"using":"xpath","value":"//button[@data-kt=\"contractDetailEditBtnButton\"]"}
COMMAND: POST /session/1078df7af42110589ce6729fcfa5b6f8/elements - {"using":"xpath","value":"//button[@data-kt=\"contractDetailEditBtnButton\"]"}
COMMAND: GET /session/1078df7af42110589ce6729fcfa5b6f8/screenshot - {}
RESULT: {"using":"xpath","value":"//button[@data-kt=\"contractDetailEditBtnButton\"]"}
RESULT: {}
]]></system-out>
      <system-err><![CDATA[
Error: Can't call click on element with selector "//button[@data-kt="contractDetailEditBtnButton"]" because element wasn't found
    at async UtilsPrerequisites.addItemToContract (D:\a\1\s\test\specs\BTS\prerequisites-and-utils-functions.js:1852:9)
    at async Context.<anonymous> (D:\a\1\s\test\specs\BTS\reverse-billing.spec.js:65:9)
]]></system-err>
    </testcase>
    <testcase classname="chrome.136_0_7103_93.windows.Create_Reverse_Billing_US127248" name="Should do a provide to site handover" time="60.627">
      <failure/>
      <error message="Can't call click on element with selector &quot;//button[@data-kt=&quot;provideButton&quot;]&quot; because element wasn't found"/>
      <system-out><![CDATA[
COMMAND: POST /session/1078df7af42110589ce6729fcfa5b6f8/element - {"using":"xpath","value":"//button[@data-kt=\"provideButton\"]"}
COMMAND: GET /session/1078df7af42110589ce6729fcfa5b6f8/screenshot - {}
RESULT: {"using":"xpath","value":"//button[@data-kt=\"provideButton\"]"}
COMMAND: POST /session/1078df7af42110589ce6729fcfa5b6f8/elements - {"using":"xpath","value":"//button[@data-kt=\"provideButton\"]"}
RESULT: {}
RESULT: {"using":"xpath","value":"//button[@data-kt=\"provideButton\"]"}
COMMAND: POST /session/1078df7af42110589ce6729fcfa5b6f8/elements - {"using":"xpath","value":"//button[@data-kt=\"provideButton\"]"}
RESULT: {"using":"xpath","value":"//button[@data-kt=\"provideButton\"]"}
COMMAND: POST /session/1078df7af42110589ce6729fcfa5b6f8/elements - {"using":"xpath","value":"//button[@data-kt=\"provideButton\"]"}
RESULT: {"using":"xpath","value":"//button[@data-kt=\"provideButton\"]"}
COMMAND: POST /session/1078df7af42110589ce6729fcfa5b6f8/elements - {"using":"xpath","value":"//button[@data-kt=\"provideButton\"]"}
RESULT: {"using":"xpath","value":"//button[@data-kt=\"provideButton\"]"}
COMMAND: POST /session/1078df7af42110589ce6729fcfa5b6f8/elements - {"using":"xpath","value":"//button[@data-kt=\"provideButton\"]"}
RESULT: {"using":"xpath","value":"//button[@data-kt=\"provideButton\"]"}
COMMAND: POST /session/1078df7af42110589ce6729fcfa5b6f8/elements - {"using":"xpath","value":"//button[@data-kt=\"provideButton\"]"}
RESULT: {"using":"xpath","value":"//button[@data-kt=\"provideButton\"]"}
COMMAND: POST /session/1078df7af42110589ce6729fcfa5b6f8/elements - {"using":"xpath","value":"//button[@data-kt=\"provideButton\"]"}
RESULT: {"using":"xpath","value":"//button[@data-kt=\"provideButton\"]"}
COMMAND: POST /session/1078df7af42110589ce6729fcfa5b6f8/elements - {"using":"xpath","value":"//button[@data-kt=\"provideButton\"]"}
RESULT: {"using":"xpath","value":"//button[@data-kt=\"provideButton\"]"}
COMMAND: POST /session/1078df7af42110589ce6729fcfa5b6f8/elements - {"using":"xpath","value":"//button[@data-kt=\"provideButton\"]"}
RESULT: {"using":"xpath","value":"//button[@data-kt=\"provideButton\"]"}
COMMAND: POST /session/1078df7af42110589ce6729fcfa5b6f8/elements - {"using":"xpath","value":"//button[@data-kt=\"provideButton\"]"}
RESULT: {"using":"xpath","value":"//button[@data-kt=\"provideButton\"]"}
COMMAND: POST /session/1078df7af42110589ce6729fcfa5b6f8/elements - {"using":"xpath","value":"//button[@data-kt=\"provideButton\"]"}
RESULT: {"using":"xpath","value":"//button[@data-kt=\"provideButton\"]"}
COMMAND: POST /session/1078df7af42110589ce6729fcfa5b6f8/elements - {"using":"xpath","value":"//button[@data-kt=\"provideButton\"]"}
RESULT: {"using":"xpath","value":"//button[@data-kt=\"provideButton\"]"}
COMMAND: POST /session/1078df7af42110589ce6729fcfa5b6f8/elements - {"using":"xpath","value":"//button[@data-kt=\"provideButton\"]"}
RESULT: {"using":"xpath","value":"//button[@data-kt=\"provideButton\"]"}
COMMAND: POST /session/1078df7af42110589ce6729fcfa5b6f8/elements - {"using":"xpath","value":"//button[@data-kt=\"provideButton\"]"}
RESULT: {"using":"xpath","value":"//button[@data-kt=\"provideButton\"]"}
COMMAND: POST /session/1078df7af42110589ce6729fcfa5b6f8/elements - {"using":"xpath","value":"//button[@data-kt=\"provideButton\"]"}
RESULT: {"using":"xpath","value":"//button[@data-kt=\"provideButton\"]"}
COMMAND: POST /session/1078df7af42110589ce6729fcfa5b6f8/elements - {"using":"xpath","value":"//button[@data-kt=\"provideButton\"]"}
RESULT: {"using":"xpath","value":"//button[@data-kt=\"provideButton\"]"}
COMMAND: POST /session/1078df7af42110589ce6729fcfa5b6f8/elements - {"using":"xpath","value":"//button[@data-kt=\"provideButton\"]"}
RESULT: {"using":"xpath","value":"//button[@data-kt=\"provideButton\"]"}
COMMAND: POST /session/1078df7af42110589ce6729fcfa5b6f8/elements - {"using":"xpath","value":"//button[@data-kt=\"provideButton\"]"}
RESULT: {"using":"xpath","value":"//button[@data-kt=\"provideButton\"]"}
COMMAND: POST /session/1078df7af42110589ce6729fcfa5b6f8/elements - {"using":"xpath","value":"//button[@data-kt=\"provideButton\"]"}
RESULT: {"using":"xpath","value":"//button[@data-kt=\"provideButton\"]"}
COMMAND: POST /session/1078df7af42110589ce6729fcfa5b6f8/elements - {"using":"xpath","value":"//button[@data-kt=\"provideButton\"]"}
RESULT: {"using":"xpath","value":"//button[@data-kt=\"provideButton\"]"}
COMMAND: POST /session/1078df7af42110589ce6729fcfa5b6f8/elements - {"using":"xpath","value":"//button[@data-kt=\"provideButton\"]"}
RESULT: {"using":"xpath","value":"//button[@data-kt=\"provideButton\"]"}
COMMAND: POST /session/1078df7af42110589ce6729fcfa5b6f8/elements - {"using":"xpath","value":"//button[@data-kt=\"provideButton\"]"}
RESULT: {"using":"xpath","value":"//button[@data-kt=\"provideButton\"]"}
COMMAND: POST /session/1078df7af42110589ce6729fcfa5b6f8/elements - {"using":"xpath","value":"//button[@data-kt=\"provideButton\"]"}
RESULT: {"using":"xpath","value":"//button[@data-kt=\"provideButton\"]"}
COMMAND: POST /session/1078df7af42110589ce6729fcfa5b6f8/elements - {"using":"xpath","value":"//button[@data-kt=\"provideButton\"]"}
RESULT: {"using":"xpath","value":"//button[@data-kt=\"provideButton\"]"}
COMMAND: POST /session/1078df7af42110589ce6729fcfa5b6f8/elements - {"using":"xpath","value":"//button[@data-kt=\"provideButton\"]"}
RESULT: {"using":"xpath","value":"//button[@data-kt=\"provideButton\"]"}
COMMAND: POST /session/1078df7af42110589ce6729fcfa5b6f8/elements - {"using":"xpath","value":"//button[@data-kt=\"provideButton\"]"}
RESULT: {"using":"xpath","value":"//button[@data-kt=\"provideButton\"]"}
COMMAND: POST /session/1078df7af42110589ce6729fcfa5b6f8/elements - {"using":"xpath","value":"//button[@data-kt=\"provideButton\"]"}
RESULT: {"using":"xpath","value":"//button[@data-kt=\"provideButton\"]"}
COMMAND: POST /session/1078df7af42110589ce6729fcfa5b6f8/elements - {"using":"xpath","value":"//button[@data-kt=\"provideButton\"]"}
RESULT: {"using":"xpath","value":"//button[@data-kt=\"provideButton\"]"}
COMMAND: POST /session/1078df7af42110589ce6729fcfa5b6f8/elements - {"using":"xpath","value":"//button[@data-kt=\"provideButton\"]"}
RESULT: {"using":"xpath","value":"//button[@data-kt=\"provideButton\"]"}
COMMAND: POST /session/1078df7af42110589ce6729fcfa5b6f8/elements - {"using":"xpath","value":"//button[@data-kt=\"provideButton\"]"}
RESULT: {"using":"xpath","value":"//button[@data-kt=\"provideButton\"]"}
COMMAND: POST /session/1078df7af42110589ce6729fcfa5b6f8/elements - {"using":"xpath","value":"//button[@data-kt=\"provideButton\"]"}
RESULT: {"using":"xpath","value":"//button[@data-kt=\"provideButton\"]"}
COMMAND: POST /session/1078df7af42110589ce6729fcfa5b6f8/elements - {"using":"xpath","value":"//button[@data-kt=\"provideButton\"]"}
RESULT: {"using":"xpath","value":"//button[@data-kt=\"provideButton\"]"}
COMMAND: POST /session/1078df7af42110589ce6729fcfa5b6f8/elements - {"using":"xpath","value":"//button[@data-kt=\"provideButton\"]"}
RESULT: {"using":"xpath","value":"//button[@data-kt=\"provideButton\"]"}
COMMAND: POST /session/1078df7af42110589ce6729fcfa5b6f8/elements - {"using":"xpath","value":"//button[@data-kt=\"provideButton\"]"}
RESULT: {"using":"xpath","value":"//button[@data-kt=\"provideButton\"]"}
COMMAND: POST /session/1078df7af42110589ce6729fcfa5b6f8/elements - {"using":"xpath","value":"//button[@data-kt=\"provideButton\"]"}
RESULT: {"using":"xpath","value":"//button[@data-kt=\"provideButton\"]"}
COMMAND: POST /session/1078df7af42110589ce6729fcfa5b6f8/elements - {"using":"xpath","value":"//button[@data-kt=\"provideButton\"]"}
RESULT: {"using":"xpath","value":"//button[@data-kt=\"provideButton\"]"}
COMMAND: POST /session/1078df7af42110589ce6729fcfa5b6f8/elements - {"using":"xpath","value":"//button[@data-kt=\"provideButton\"]"}
RESULT: {"using":"xpath","value":"//button[@data-kt=\"provideButton\"]"}
COMMAND: POST /session/1078df7af42110589ce6729fcfa5b6f8/elements - {"using":"xpath","value":"//button[@data-kt=\"provideButton\"]"}
RESULT: {"using":"xpath","value":"//button[@data-kt=\"provideButton\"]"}
COMMAND: POST /session/1078df7af42110589ce6729fcfa5b6f8/elements - {"using":"xpath","value":"//button[@data-kt=\"provideButton\"]"}
RESULT: {"using":"xpath","value":"//button[@data-kt=\"provideButton\"]"}
COMMAND: POST /session/1078df7af42110589ce6729fcfa5b6f8/elements - {"using":"xpath","value":"//button[@data-kt=\"provideButton\"]"}
RESULT: {"using":"xpath","value":"//button[@data-kt=\"provideButton\"]"}
COMMAND: POST /session/1078df7af42110589ce6729fcfa5b6f8/elements - {"using":"xpath","value":"//button[@data-kt=\"provideButton\"]"}
RESULT: {"using":"xpath","value":"//button[@data-kt=\"provideButton\"]"}
COMMAND: POST /session/1078df7af42110589ce6729fcfa5b6f8/elements - {"using":"xpath","value":"//button[@data-kt=\"provideButton\"]"}
RESULT: {"using":"xpath","value":"//button[@data-kt=\"provideButton\"]"}
COMMAND: POST /session/1078df7af42110589ce6729fcfa5b6f8/elements - {"using":"xpath","value":"//button[@data-kt=\"provideButton\"]"}
RESULT: {"using":"xpath","value":"//button[@data-kt=\"provideButton\"]"}
COMMAND: POST /session/1078df7af42110589ce6729fcfa5b6f8/elements - {"using":"xpath","value":"//button[@data-kt=\"provideButton\"]"}
RESULT: {"using":"xpath","value":"//button[@data-kt=\"provideButton\"]"}
COMMAND: POST /session/1078df7af42110589ce6729fcfa5b6f8/elements - {"using":"xpath","value":"//button[@data-kt=\"provideButton\"]"}
RESULT: {"using":"xpath","value":"//button[@data-kt=\"provideButton\"]"}
COMMAND: POST /session/1078df7af42110589ce6729fcfa5b6f8/elements - {"using":"xpath","value":"//button[@data-kt=\"provideButton\"]"}
RESULT: {"using":"xpath","value":"//button[@data-kt=\"provideButton\"]"}
COMMAND: POST /session/1078df7af42110589ce6729fcfa5b6f8/elements - {"using":"xpath","value":"//button[@data-kt=\"provideButton\"]"}
RESULT: {"using":"xpath","value":"//button[@data-kt=\"provideButton\"]"}
COMMAND: POST /session/1078df7af42110589ce6729fcfa5b6f8/elements - {"using":"xpath","value":"//button[@data-kt=\"provideButton\"]"}
RESULT: {"using":"xpath","value":"//button[@data-kt=\"provideButton\"]"}
COMMAND: POST /session/1078df7af42110589ce6729fcfa5b6f8/elements - {"using":"xpath","value":"//button[@data-kt=\"provideButton\"]"}
RESULT: {"using":"xpath","value":"//button[@data-kt=\"provideButton\"]"}
COMMAND: POST /session/1078df7af42110589ce6729fcfa5b6f8/elements - {"using":"xpath","value":"//button[@data-kt=\"provideButton\"]"}
RESULT: {"using":"xpath","value":"//button[@data-kt=\"provideButton\"]"}
COMMAND: POST /session/1078df7af42110589ce6729fcfa5b6f8/elements - {"using":"xpath","value":"//button[@data-kt=\"provideButton\"]"}
RESULT: {"using":"xpath","value":"//button[@data-kt=\"provideButton\"]"}
COMMAND: POST /session/1078df7af42110589ce6729fcfa5b6f8/elements - {"using":"xpath","value":"//button[@data-kt=\"provideButton\"]"}
RESULT: {"using":"xpath","value":"//button[@data-kt=\"provideButton\"]"}
COMMAND: POST /session/1078df7af42110589ce6729fcfa5b6f8/elements - {"using":"xpath","value":"//button[@data-kt=\"provideButton\"]"}
RESULT: {"using":"xpath","value":"//button[@data-kt=\"provideButton\"]"}
COMMAND: POST /session/1078df7af42110589ce6729fcfa5b6f8/elements - {"using":"xpath","value":"//button[@data-kt=\"provideButton\"]"}
RESULT: {"using":"xpath","value":"//button[@data-kt=\"provideButton\"]"}
COMMAND: POST /session/1078df7af42110589ce6729fcfa5b6f8/elements - {"using":"xpath","value":"//button[@data-kt=\"provideButton\"]"}
RESULT: {"using":"xpath","value":"//button[@data-kt=\"provideButton\"]"}
COMMAND: POST /session/1078df7af42110589ce6729fcfa5b6f8/elements - {"using":"xpath","value":"//button[@data-kt=\"provideButton\"]"}
RESULT: {"using":"xpath","value":"//button[@data-kt=\"provideButton\"]"}
COMMAND: POST /session/1078df7af42110589ce6729fcfa5b6f8/elements - {"using":"xpath","value":"//button[@data-kt=\"provideButton\"]"}
RESULT: {"using":"xpath","value":"//button[@data-kt=\"provideButton\"]"}
COMMAND: POST /session/1078df7af42110589ce6729fcfa5b6f8/elements - {"using":"xpath","value":"//button[@data-kt=\"provideButton\"]"}
RESULT: {"using":"xpath","value":"//button[@data-kt=\"provideButton\"]"}
COMMAND: POST /session/1078df7af42110589ce6729fcfa5b6f8/elements - {"using":"xpath","value":"//button[@data-kt=\"provideButton\"]"}
RESULT: {"using":"xpath","value":"//button[@data-kt=\"provideButton\"]"}
COMMAND: POST /session/1078df7af42110589ce6729fcfa5b6f8/elements - {"using":"xpath","value":"//button[@data-kt=\"provideButton\"]"}
RESULT: {"using":"xpath","value":"//button[@data-kt=\"provideButton\"]"}
COMMAND: POST /session/1078df7af42110589ce6729fcfa5b6f8/elements - {"using":"xpath","value":"//button[@data-kt=\"provideButton\"]"}
RESULT: {"using":"xpath","value":"//button[@data-kt=\"provideButton\"]"}
COMMAND: POST /session/1078df7af42110589ce6729fcfa5b6f8/elements - {"using":"xpath","value":"//button[@data-kt=\"provideButton\"]"}
RESULT: {"using":"xpath","value":"//button[@data-kt=\"provideButton\"]"}
COMMAND: POST /session/1078df7af42110589ce6729fcfa5b6f8/elements - {"using":"xpath","value":"//button[@data-kt=\"provideButton\"]"}
RESULT: {"using":"xpath","value":"//button[@data-kt=\"provideButton\"]"}
COMMAND: POST /session/1078df7af42110589ce6729fcfa5b6f8/elements - {"using":"xpath","value":"//button[@data-kt=\"provideButton\"]"}
RESULT: {"using":"xpath","value":"//button[@data-kt=\"provideButton\"]"}
COMMAND: POST /session/1078df7af42110589ce6729fcfa5b6f8/elements - {"using":"xpath","value":"//button[@data-kt=\"provideButton\"]"}
RESULT: {"using":"xpath","value":"//button[@data-kt=\"provideButton\"]"}
COMMAND: POST /session/1078df7af42110589ce6729fcfa5b6f8/elements - {"using":"xpath","value":"//button[@data-kt=\"provideButton\"]"}
RESULT: {"using":"xpath","value":"//button[@data-kt=\"provideButton\"]"}
COMMAND: POST /session/1078df7af42110589ce6729fcfa5b6f8/elements - {"using":"xpath","value":"//button[@data-kt=\"provideButton\"]"}
RESULT: {"using":"xpath","value":"//button[@data-kt=\"provideButton\"]"}
COMMAND: POST /session/1078df7af42110589ce6729fcfa5b6f8/elements - {"using":"xpath","value":"//button[@data-kt=\"provideButton\"]"}
RESULT: {"using":"xpath","value":"//button[@data-kt=\"provideButton\"]"}
COMMAND: POST /session/1078df7af42110589ce6729fcfa5b6f8/elements - {"using":"xpath","value":"//button[@data-kt=\"provideButton\"]"}
RESULT: {"using":"xpath","value":"//button[@data-kt=\"provideButton\"]"}
COMMAND: POST /session/1078df7af42110589ce6729fcfa5b6f8/elements - {"using":"xpath","value":"//button[@data-kt=\"provideButton\"]"}
RESULT: {"using":"xpath","value":"//button[@data-kt=\"provideButton\"]"}
COMMAND: POST /session/1078df7af42110589ce6729fcfa5b6f8/elements - {"using":"xpath","value":"//button[@data-kt=\"provideButton\"]"}
RESULT: {"using":"xpath","value":"//button[@data-kt=\"provideButton\"]"}
COMMAND: POST /session/1078df7af42110589ce6729fcfa5b6f8/elements - {"using":"xpath","value":"//button[@data-kt=\"provideButton\"]"}
RESULT: {"using":"xpath","value":"//button[@data-kt=\"provideButton\"]"}
COMMAND: POST /session/1078df7af42110589ce6729fcfa5b6f8/elements - {"using":"xpath","value":"//button[@data-kt=\"provideButton\"]"}
RESULT: {"using":"xpath","value":"//button[@data-kt=\"provideButton\"]"}
COMMAND: POST /session/1078df7af42110589ce6729fcfa5b6f8/elements - {"using":"xpath","value":"//button[@data-kt=\"provideButton\"]"}
RESULT: {"using":"xpath","value":"//button[@data-kt=\"provideButton\"]"}
COMMAND: POST /session/1078df7af42110589ce6729fcfa5b6f8/elements - {"using":"xpath","value":"//button[@data-kt=\"provideButton\"]"}
RESULT: {"using":"xpath","value":"//button[@data-kt=\"provideButton\"]"}
COMMAND: POST /session/1078df7af42110589ce6729fcfa5b6f8/elements - {"using":"xpath","value":"//button[@data-kt=\"provideButton\"]"}
RESULT: {"using":"xpath","value":"//button[@data-kt=\"provideButton\"]"}
COMMAND: POST /session/1078df7af42110589ce6729fcfa5b6f8/elements - {"using":"xpath","value":"//button[@data-kt=\"provideButton\"]"}
RESULT: {"using":"xpath","value":"//button[@data-kt=\"provideButton\"]"}
COMMAND: POST /session/1078df7af42110589ce6729fcfa5b6f8/elements - {"using":"xpath","value":"//button[@data-kt=\"provideButton\"]"}
RESULT: {"using":"xpath","value":"//button[@data-kt=\"provideButton\"]"}
COMMAND: POST /session/1078df7af42110589ce6729fcfa5b6f8/elements - {"using":"xpath","value":"//button[@data-kt=\"provideButton\"]"}
RESULT: {"using":"xpath","value":"//button[@data-kt=\"provideButton\"]"}
COMMAND: POST /session/1078df7af42110589ce6729fcfa5b6f8/elements - {"using":"xpath","value":"//button[@data-kt=\"provideButton\"]"}
RESULT: {"using":"xpath","value":"//button[@data-kt=\"provideButton\"]"}
COMMAND: POST /session/1078df7af42110589ce6729fcfa5b6f8/elements - {"using":"xpath","value":"//button[@data-kt=\"provideButton\"]"}
RESULT: {"using":"xpath","value":"//button[@data-kt=\"provideButton\"]"}
COMMAND: POST /session/1078df7af42110589ce6729fcfa5b6f8/elements - {"using":"xpath","value":"//button[@data-kt=\"provideButton\"]"}
RESULT: {"using":"xpath","value":"//button[@data-kt=\"provideButton\"]"}
COMMAND: POST /session/1078df7af42110589ce6729fcfa5b6f8/elements - {"using":"xpath","value":"//button[@data-kt=\"provideButton\"]"}
RESULT: {"using":"xpath","value":"//button[@data-kt=\"provideButton\"]"}
COMMAND: POST /session/1078df7af42110589ce6729fcfa5b6f8/elements - {"using":"xpath","value":"//button[@data-kt=\"provideButton\"]"}
RESULT: {"using":"xpath","value":"//button[@data-kt=\"provideButton\"]"}
COMMAND: POST /session/1078df7af42110589ce6729fcfa5b6f8/elements - {"using":"xpath","value":"//button[@data-kt=\"provideButton\"]"}
RESULT: {"using":"xpath","value":"//button[@data-kt=\"provideButton\"]"}
COMMAND: POST /session/1078df7af42110589ce6729fcfa5b6f8/elements - {"using":"xpath","value":"//button[@data-kt=\"provideButton\"]"}
RESULT: {"using":"xpath","value":"//button[@data-kt=\"provideButton\"]"}
COMMAND: POST /session/1078df7af42110589ce6729fcfa5b6f8/elements - {"using":"xpath","value":"//button[@data-kt=\"provideButton\"]"}
RESULT: {"using":"xpath","value":"//button[@data-kt=\"provideButton\"]"}
COMMAND: POST /session/1078df7af42110589ce6729fcfa5b6f8/elements - {"using":"xpath","value":"//button[@data-kt=\"provideButton\"]"}
RESULT: {"using":"xpath","value":"//button[@data-kt=\"provideButton\"]"}
COMMAND: POST /session/1078df7af42110589ce6729fcfa5b6f8/elements - {"using":"xpath","value":"//button[@data-kt=\"provideButton\"]"}
RESULT: {"using":"xpath","value":"//button[@data-kt=\"provideButton\"]"}
COMMAND: POST /session/1078df7af42110589ce6729fcfa5b6f8/elements - {"using":"xpath","value":"//button[@data-kt=\"provideButton\"]"}
RESULT: {"using":"xpath","value":"//button[@data-kt=\"provideButton\"]"}
COMMAND: POST /session/1078df7af42110589ce6729fcfa5b6f8/elements - {"using":"xpath","value":"//button[@data-kt=\"provideButton\"]"}
RESULT: {"using":"xpath","value":"//button[@data-kt=\"provideButton\"]"}
COMMAND: POST /session/1078df7af42110589ce6729fcfa5b6f8/elements - {"using":"xpath","value":"//button[@data-kt=\"provideButton\"]"}
RESULT: {"using":"xpath","value":"//button[@data-kt=\"provideButton\"]"}
COMMAND: POST /session/1078df7af42110589ce6729fcfa5b6f8/elements - {"using":"xpath","value":"//button[@data-kt=\"provideButton\"]"}
RESULT: {"using":"xpath","value":"//button[@data-kt=\"provideButton\"]"}
COMMAND: POST /session/1078df7af42110589ce6729fcfa5b6f8/elements - {"using":"xpath","value":"//button[@data-kt=\"provideButton\"]"}
RESULT: {"using":"xpath","value":"//button[@data-kt=\"provideButton\"]"}
COMMAND: POST /session/1078df7af42110589ce6729fcfa5b6f8/elements - {"using":"xpath","value":"//button[@data-kt=\"provideButton\"]"}
RESULT: {"using":"xpath","value":"//button[@data-kt=\"provideButton\"]"}
COMMAND: POST /session/1078df7af42110589ce6729fcfa5b6f8/elements - {"using":"xpath","value":"//button[@data-kt=\"provideButton\"]"}
RESULT: {"using":"xpath","value":"//button[@data-kt=\"provideButton\"]"}
COMMAND: POST /session/1078df7af42110589ce6729fcfa5b6f8/elements - {"using":"xpath","value":"//button[@data-kt=\"provideButton\"]"}
RESULT: {"using":"xpath","value":"//button[@data-kt=\"provideButton\"]"}
COMMAND: POST /session/1078df7af42110589ce6729fcfa5b6f8/elements - {"using":"xpath","value":"//button[@data-kt=\"provideButton\"]"}
RESULT: {"using":"xpath","value":"//button[@data-kt=\"provideButton\"]"}
COMMAND: POST /session/1078df7af42110589ce6729fcfa5b6f8/elements - {"using":"xpath","value":"//button[@data-kt=\"provideButton\"]"}
RESULT: {"using":"xpath","value":"//button[@data-kt=\"provideButton\"]"}
COMMAND: POST /session/1078df7af42110589ce6729fcfa5b6f8/elements - {"using":"xpath","value":"//button[@data-kt=\"provideButton\"]"}
RESULT: {"using":"xpath","value":"//button[@data-kt=\"provideButton\"]"}
COMMAND: POST /session/1078df7af42110589ce6729fcfa5b6f8/elements - {"using":"xpath","value":"//button[@data-kt=\"provideButton\"]"}
RESULT: {"using":"xpath","value":"//button[@data-kt=\"provideButton\"]"}
COMMAND: POST /session/1078df7af42110589ce6729fcfa5b6f8/elements - {"using":"xpath","value":"//button[@data-kt=\"provideButton\"]"}
RESULT: {"using":"xpath","value":"//button[@data-kt=\"provideButton\"]"}
COMMAND: POST /session/1078df7af42110589ce6729fcfa5b6f8/elements - {"using":"xpath","value":"//button[@data-kt=\"provideButton\"]"}
RESULT: {"using":"xpath","value":"//button[@data-kt=\"provideButton\"]"}
COMMAND: POST /session/1078df7af42110589ce6729fcfa5b6f8/elements - {"using":"xpath","value":"//button[@data-kt=\"provideButton\"]"}
RESULT: {"using":"xpath","value":"//button[@data-kt=\"provideButton\"]"}
COMMAND: POST /session/1078df7af42110589ce6729fcfa5b6f8/elements - {"using":"xpath","value":"//button[@data-kt=\"provideButton\"]"}
RESULT: {"using":"xpath","value":"//button[@data-kt=\"provideButton\"]"}
COMMAND: POST /session/1078df7af42110589ce6729fcfa5b6f8/elements - {"using":"xpath","value":"//button[@data-kt=\"provideButton\"]"}
RESULT: {"using":"xpath","value":"//button[@data-kt=\"provideButton\"]"}
COMMAND: POST /session/1078df7af42110589ce6729fcfa5b6f8/elements - {"using":"xpath","value":"//button[@data-kt=\"provideButton\"]"}
RESULT: {"using":"xpath","value":"//button[@data-kt=\"provideButton\"]"}
COMMAND: POST /session/1078df7af42110589ce6729fcfa5b6f8/elements - {"using":"xpath","value":"//button[@data-kt=\"provideButton\"]"}
RESULT: {"using":"xpath","value":"//button[@data-kt=\"provideButton\"]"}
COMMAND: POST /session/1078df7af42110589ce6729fcfa5b6f8/elements - {"using":"xpath","value":"//button[@data-kt=\"provideButton\"]"}
RESULT: {"using":"xpath","value":"//button[@data-kt=\"provideButton\"]"}
COMMAND: POST /session/1078df7af42110589ce6729fcfa5b6f8/elements - {"using":"xpath","value":"//button[@data-kt=\"provideButton\"]"}
RESULT: {"using":"xpath","value":"//button[@data-kt=\"provideButton\"]"}
COMMAND: POST /session/1078df7af42110589ce6729fcfa5b6f8/elements - {"using":"xpath","value":"//button[@data-kt=\"provideButton\"]"}
RESULT: {"using":"xpath","value":"//button[@data-kt=\"provideButton\"]"}
COMMAND: POST /session/1078df7af42110589ce6729fcfa5b6f8/elements - {"using":"xpath","value":"//button[@data-kt=\"provideButton\"]"}
RESULT: {"using":"xpath","value":"//button[@data-kt=\"provideButton\"]"}
COMMAND: POST /session/1078df7af42110589ce6729fcfa5b6f8/elements - {"using":"xpath","value":"//button[@data-kt=\"provideButton\"]"}
RESULT: {"using":"xpath","value":"//button[@data-kt=\"provideButton\"]"}
COMMAND: POST /session/1078df7af42110589ce6729fcfa5b6f8/elements - {"using":"xpath","value":"//button[@data-kt=\"provideButton\"]"}
RESULT: {"using":"xpath","value":"//button[@data-kt=\"provideButton\"]"}
COMMAND: POST /session/1078df7af42110589ce6729fcfa5b6f8/elements - {"using":"xpath","value":"//button[@data-kt=\"provideButton\"]"}
RESULT: {"using":"xpath","value":"//button[@data-kt=\"provideButton\"]"}
COMMAND: POST /session/1078df7af42110589ce6729fcfa5b6f8/elements - {"using":"xpath","value":"//button[@data-kt=\"provideButton\"]"}
RESULT: {"using":"xpath","value":"//button[@data-kt=\"provideButton\"]"}
COMMAND: POST /session/1078df7af42110589ce6729fcfa5b6f8/elements - {"using":"xpath","value":"//button[@data-kt=\"provideButton\"]"}
RESULT: {"using":"xpath","value":"//button[@data-kt=\"provideButton\"]"}
COMMAND: POST /session/1078df7af42110589ce6729fcfa5b6f8/elements - {"using":"xpath","value":"//button[@data-kt=\"provideButton\"]"}
RESULT: {"using":"xpath","value":"//button[@data-kt=\"provideButton\"]"}
COMMAND: POST /session/1078df7af42110589ce6729fcfa5b6f8/elements - {"using":"xpath","value":"//button[@data-kt=\"provideButton\"]"}
RESULT: {"using":"xpath","value":"//button[@data-kt=\"provideButton\"]"}
COMMAND: POST /session/1078df7af42110589ce6729fcfa5b6f8/elements - {"using":"xpath","value":"//button[@data-kt=\"provideButton\"]"}
RESULT: {"using":"xpath","value":"//button[@data-kt=\"provideButton\"]"}
COMMAND: POST /session/1078df7af42110589ce6729fcfa5b6f8/elements - {"using":"xpath","value":"//button[@data-kt=\"provideButton\"]"}
COMMAND: GET /session/1078df7af42110589ce6729fcfa5b6f8/screenshot - {}
RESULT: {"using":"xpath","value":"//button[@data-kt=\"provideButton\"]"}
RESULT: {}
]]></system-out>
      <system-err><![CDATA[
Error: Can't call click on element with selector "//button[@data-kt="provideButton"]" because element wasn't found
    at async UtilsPrerequisites.provideToSiteHandoverFromContractDetails (D:\a\1\s\test\specs\BTS\prerequisites-and-utils-functions.js:1949:9)
    at async Context.<anonymous> (D:\a\1\s\test\specs\BTS\reverse-billing.spec.js:69:9)
]]></system-err>
    </testcase>
    <testcase classname="chrome.136_0_7103_93.windows.Create_Reverse_Billing_US127248" name="Should go navigate to Manage Billings and trigger contract calculation check result" time="80.118">
      <failure/>
      <error message="Can't call click on element with selector &quot;//td[@aria-colindex=&quot;1&quot;]/div/div[contains(@class, &quot;sapMCbBg&quot;)]&quot; because element wasn't found"/>
      <system-out><![CDATA[
COMMAND: POST /session/1078df7af42110589ce6729fcfa5b6f8/execute/async - {"script":"<script> [1562 bytes]","args":[{"selector":{"controlType":"sap.m.GenericTile","properties":{"header":"Manage Billings"}},"wdio_ui5_key":"sapm.GenericTile{\"header\":\"Manage Billings\"}"}]}
COMMAND: GET /session/1078df7af42110589ce6729fcfa5b6f8/screenshot - {}
RESULT: {"script":"<script> [1562 bytes]","args":[{"selector":{"controlType":"sap.m.GenericTile","properties":{"header":"Manage Billings"}},"wdio_ui5_key":"sapm.GenericTile{\"header\":\"Manage Billings\"}"}]}
RESULT: undefined
RESULT: {}
COMMAND: POST /session/1078df7af42110589ce6729fcfa5b6f8/elements - {"using":"xpath","value":"//span[text()='Error']"}
RESULT: {"using":"xpath","value":"//span[text()='Error']"}
COMMAND: POST /session/1078df7af42110589ce6729fcfa5b6f8/execute/async - {"script":"<script> [1562 bytes]","args":[{"selector":{"id":"application-managebillings-display-component---billRunCalcResult--smartFilterBar-btnBasicSearch","interaction":{"idSuffix":"I"}},"wdio_ui5_key":"applicationmanagebillings-display-component---billRunCalcResult--smartFilterBar-btnBasicSearch"}]}
RESULT: {"script":"<script> [1562 bytes]","args":[{"selector":{"id":"application-managebillings-display-component---billRunCalcResult--smartFilterBar-btnBasicSearch","interaction":{"idSuffix":"I"}},"wdio_ui5_key":"applicationmanagebillings-display-component---billRunCalcResult--smartFilterBar-btnBasicSearch"}]}
RESULT: undefined
COMMAND: POST /session/1078df7af42110589ce6729fcfa5b6f8/actions - {"actions":[{"id":"action54","type":"key","parameters":{},"actions":[{"type":"keyDown","value":""},{"type":"pause","duration":10},{"type":"keyUp","value":""}]}]}
RESULT: {"actions":[{"id":"action54","type":"key","parameters":{},"actions":[{"type":"keyDown","value":""},{"type":"pause","duration":10},{"type":"keyUp","value":""}]}]}
COMMAND: GET /session/1078df7af42110589ce6729fcfa5b6f8/screenshot - {}
RESULT: {}
COMMAND: POST /session/1078df7af42110589ce6729fcfa5b6f8/element - {"using":"xpath","value":"//td[@aria-colindex=\"1\"]/div/div[contains(@class, \"sapMCbBg\")]"}
RESULT: {"using":"xpath","value":"//td[@aria-colindex=\"1\"]/div/div[contains(@class, \"sapMCbBg\")]"}
COMMAND: POST /session/1078df7af42110589ce6729fcfa5b6f8/elements - {"using":"xpath","value":"//td[@aria-colindex=\"1\"]/div/div[contains(@class, \"sapMCbBg\")]"}
RESULT: {"using":"xpath","value":"//td[@aria-colindex=\"1\"]/div/div[contains(@class, \"sapMCbBg\")]"}
COMMAND: POST /session/1078df7af42110589ce6729fcfa5b6f8/elements - {"using":"xpath","value":"//td[@aria-colindex=\"1\"]/div/div[contains(@class, \"sapMCbBg\")]"}
RESULT: {"using":"xpath","value":"//td[@aria-colindex=\"1\"]/div/div[contains(@class, \"sapMCbBg\")]"}
COMMAND: POST /session/1078df7af42110589ce6729fcfa5b6f8/elements - {"using":"xpath","value":"//td[@aria-colindex=\"1\"]/div/div[contains(@class, \"sapMCbBg\")]"}
RESULT: {"using":"xpath","value":"//td[@aria-colindex=\"1\"]/div/div[contains(@class, \"sapMCbBg\")]"}
COMMAND: POST /session/1078df7af42110589ce6729fcfa5b6f8/elements - {"using":"xpath","value":"//td[@aria-colindex=\"1\"]/div/div[contains(@class, \"sapMCbBg\")]"}
RESULT: {"using":"xpath","value":"//td[@aria-colindex=\"1\"]/div/div[contains(@class, \"sapMCbBg\")]"}
COMMAND: POST /session/1078df7af42110589ce6729fcfa5b6f8/elements - {"using":"xpath","value":"//td[@aria-colindex=\"1\"]/div/div[contains(@class, \"sapMCbBg\")]"}
RESULT: {"using":"xpath","value":"//td[@aria-colindex=\"1\"]/div/div[contains(@class, \"sapMCbBg\")]"}
COMMAND: POST /session/1078df7af42110589ce6729fcfa5b6f8/elements - {"using":"xpath","value":"//td[@aria-colindex=\"1\"]/div/div[contains(@class, \"sapMCbBg\")]"}
RESULT: {"using":"xpath","value":"//td[@aria-colindex=\"1\"]/div/div[contains(@class, \"sapMCbBg\")]"}
COMMAND: POST /session/1078df7af42110589ce6729fcfa5b6f8/elements - {"using":"xpath","value":"//td[@aria-colindex=\"1\"]/div/div[contains(@class, \"sapMCbBg\")]"}
RESULT: {"using":"xpath","value":"//td[@aria-colindex=\"1\"]/div/div[contains(@class, \"sapMCbBg\")]"}
COMMAND: POST /session/1078df7af42110589ce6729fcfa5b6f8/elements - {"using":"xpath","value":"//td[@aria-colindex=\"1\"]/div/div[contains(@class, \"sapMCbBg\")]"}
RESULT: {"using":"xpath","value":"//td[@aria-colindex=\"1\"]/div/div[contains(@class, \"sapMCbBg\")]"}
COMMAND: POST /session/1078df7af42110589ce6729fcfa5b6f8/elements - {"using":"xpath","value":"//td[@aria-colindex=\"1\"]/div/div[contains(@class, \"sapMCbBg\")]"}
RESULT: {"using":"xpath","value":"//td[@aria-colindex=\"1\"]/div/div[contains(@class, \"sapMCbBg\")]"}
COMMAND: POST /session/1078df7af42110589ce6729fcfa5b6f8/elements - {"using":"xpath","value":"//td[@aria-colindex=\"1\"]/div/div[contains(@class, \"sapMCbBg\")]"}
RESULT: {"using":"xpath","value":"//td[@aria-colindex=\"1\"]/div/div[contains(@class, \"sapMCbBg\")]"}
COMMAND: POST /session/1078df7af42110589ce6729fcfa5b6f8/elements - {"using":"xpath","value":"//td[@aria-colindex=\"1\"]/div/div[contains(@class, \"sapMCbBg\")]"}
RESULT: {"using":"xpath","value":"//td[@aria-colindex=\"1\"]/div/div[contains(@class, \"sapMCbBg\")]"}
COMMAND: POST /session/1078df7af42110589ce6729fcfa5b6f8/elements - {"using":"xpath","value":"//td[@aria-colindex=\"1\"]/div/div[contains(@class, \"sapMCbBg\")]"}
RESULT: {"using":"xpath","value":"//td[@aria-colindex=\"1\"]/div/div[contains(@class, \"sapMCbBg\")]"}
COMMAND: POST /session/1078df7af42110589ce6729fcfa5b6f8/elements - {"using":"xpath","value":"//td[@aria-colindex=\"1\"]/div/div[contains(@class, \"sapMCbBg\")]"}
RESULT: {"using":"xpath","value":"//td[@aria-colindex=\"1\"]/div/div[contains(@class, \"sapMCbBg\")]"}
COMMAND: POST /session/1078df7af42110589ce6729fcfa5b6f8/elements - {"using":"xpath","value":"//td[@aria-colindex=\"1\"]/div/div[contains(@class, \"sapMCbBg\")]"}
RESULT: {"using":"xpath","value":"//td[@aria-colindex=\"1\"]/div/div[contains(@class, \"sapMCbBg\")]"}
COMMAND: POST /session/1078df7af42110589ce6729fcfa5b6f8/elements - {"using":"xpath","value":"//td[@aria-colindex=\"1\"]/div/div[contains(@class, \"sapMCbBg\")]"}
RESULT: {"using":"xpath","value":"//td[@aria-colindex=\"1\"]/div/div[contains(@class, \"sapMCbBg\")]"}
COMMAND: POST /session/1078df7af42110589ce6729fcfa5b6f8/elements - {"using":"xpath","value":"//td[@aria-colindex=\"1\"]/div/div[contains(@class, \"sapMCbBg\")]"}
RESULT: {"using":"xpath","value":"//td[@aria-colindex=\"1\"]/div/div[contains(@class, \"sapMCbBg\")]"}
COMMAND: POST /session/1078df7af42110589ce6729fcfa5b6f8/elements - {"using":"xpath","value":"//td[@aria-colindex=\"1\"]/div/div[contains(@class, \"sapMCbBg\")]"}
RESULT: {"using":"xpath","value":"//td[@aria-colindex=\"1\"]/div/div[contains(@class, \"sapMCbBg\")]"}
COMMAND: POST /session/1078df7af42110589ce6729fcfa5b6f8/elements - {"using":"xpath","value":"//td[@aria-colindex=\"1\"]/div/div[contains(@class, \"sapMCbBg\")]"}
RESULT: {"using":"xpath","value":"//td[@aria-colindex=\"1\"]/div/div[contains(@class, \"sapMCbBg\")]"}
COMMAND: POST /session/1078df7af42110589ce6729fcfa5b6f8/elements - {"using":"xpath","value":"//td[@aria-colindex=\"1\"]/div/div[contains(@class, \"sapMCbBg\")]"}
RESULT: {"using":"xpath","value":"//td[@aria-colindex=\"1\"]/div/div[contains(@class, \"sapMCbBg\")]"}
COMMAND: POST /session/1078df7af42110589ce6729fcfa5b6f8/elements - {"using":"xpath","value":"//td[@aria-colindex=\"1\"]/div/div[contains(@class, \"sapMCbBg\")]"}
RESULT: {"using":"xpath","value":"//td[@aria-colindex=\"1\"]/div/div[contains(@class, \"sapMCbBg\")]"}
COMMAND: POST /session/1078df7af42110589ce6729fcfa5b6f8/elements - {"using":"xpath","value":"//td[@aria-colindex=\"1\"]/div/div[contains(@class, \"sapMCbBg\")]"}
RESULT: {"using":"xpath","value":"//td[@aria-colindex=\"1\"]/div/div[contains(@class, \"sapMCbBg\")]"}
COMMAND: POST /session/1078df7af42110589ce6729fcfa5b6f8/elements - {"using":"xpath","value":"//td[@aria-colindex=\"1\"]/div/div[contains(@class, \"sapMCbBg\")]"}
RESULT: {"using":"xpath","value":"//td[@aria-colindex=\"1\"]/div/div[contains(@class, \"sapMCbBg\")]"}
COMMAND: POST /session/1078df7af42110589ce6729fcfa5b6f8/elements - {"using":"xpath","value":"//td[@aria-colindex=\"1\"]/div/div[contains(@class, \"sapMCbBg\")]"}
RESULT: {"using":"xpath","value":"//td[@aria-colindex=\"1\"]/div/div[contains(@class, \"sapMCbBg\")]"}
COMMAND: POST /session/1078df7af42110589ce6729fcfa5b6f8/elements - {"using":"xpath","value":"//td[@aria-colindex=\"1\"]/div/div[contains(@class, \"sapMCbBg\")]"}
RESULT: {"using":"xpath","value":"//td[@aria-colindex=\"1\"]/div/div[contains(@class, \"sapMCbBg\")]"}
COMMAND: POST /session/1078df7af42110589ce6729fcfa5b6f8/elements - {"using":"xpath","value":"//td[@aria-colindex=\"1\"]/div/div[contains(@class, \"sapMCbBg\")]"}
RESULT: {"using":"xpath","value":"//td[@aria-colindex=\"1\"]/div/div[contains(@class, \"sapMCbBg\")]"}
COMMAND: POST /session/1078df7af42110589ce6729fcfa5b6f8/elements - {"using":"xpath","value":"//td[@aria-colindex=\"1\"]/div/div[contains(@class, \"sapMCbBg\")]"}
RESULT: {"using":"xpath","value":"//td[@aria-colindex=\"1\"]/div/div[contains(@class, \"sapMCbBg\")]"}
COMMAND: POST /session/1078df7af42110589ce6729fcfa5b6f8/elements - {"using":"xpath","value":"//td[@aria-colindex=\"1\"]/div/div[contains(@class, \"sapMCbBg\")]"}
RESULT: {"using":"xpath","value":"//td[@aria-colindex=\"1\"]/div/div[contains(@class, \"sapMCbBg\")]"}
COMMAND: POST /session/1078df7af42110589ce6729fcfa5b6f8/elements - {"using":"xpath","value":"//td[@aria-colindex=\"1\"]/div/div[contains(@class, \"sapMCbBg\")]"}
RESULT: {"using":"xpath","value":"//td[@aria-colindex=\"1\"]/div/div[contains(@class, \"sapMCbBg\")]"}
COMMAND: POST /session/1078df7af42110589ce6729fcfa5b6f8/elements - {"using":"xpath","value":"//td[@aria-colindex=\"1\"]/div/div[contains(@class, \"sapMCbBg\")]"}
RESULT: {"using":"xpath","value":"//td[@aria-colindex=\"1\"]/div/div[contains(@class, \"sapMCbBg\")]"}
COMMAND: POST /session/1078df7af42110589ce6729fcfa5b6f8/elements - {"using":"xpath","value":"//td[@aria-colindex=\"1\"]/div/div[contains(@class, \"sapMCbBg\")]"}
RESULT: {"using":"xpath","value":"//td[@aria-colindex=\"1\"]/div/div[contains(@class, \"sapMCbBg\")]"}
COMMAND: POST /session/1078df7af42110589ce6729fcfa5b6f8/elements - {"using":"xpath","value":"//td[@aria-colindex=\"1\"]/div/div[contains(@class, \"sapMCbBg\")]"}
RESULT: {"using":"xpath","value":"//td[@aria-colindex=\"1\"]/div/div[contains(@class, \"sapMCbBg\")]"}
COMMAND: POST /session/1078df7af42110589ce6729fcfa5b6f8/elements - {"using":"xpath","value":"//td[@aria-colindex=\"1\"]/div/div[contains(@class, \"sapMCbBg\")]"}
RESULT: {"using":"xpath","value":"//td[@aria-colindex=\"1\"]/div/div[contains(@class, \"sapMCbBg\")]"}
COMMAND: POST /session/1078df7af42110589ce6729fcfa5b6f8/elements - {"using":"xpath","value":"//td[@aria-colindex=\"1\"]/div/div[contains(@class, \"sapMCbBg\")]"}
RESULT: {"using":"xpath","value":"//td[@aria-colindex=\"1\"]/div/div[contains(@class, \"sapMCbBg\")]"}
COMMAND: POST /session/1078df7af42110589ce6729fcfa5b6f8/elements - {"using":"xpath","value":"//td[@aria-colindex=\"1\"]/div/div[contains(@class, \"sapMCbBg\")]"}
RESULT: {"using":"xpath","value":"//td[@aria-colindex=\"1\"]/div/div[contains(@class, \"sapMCbBg\")]"}
COMMAND: POST /session/1078df7af42110589ce6729fcfa5b6f8/elements - {"using":"xpath","value":"//td[@aria-colindex=\"1\"]/div/div[contains(@class, \"sapMCbBg\")]"}
RESULT: {"using":"xpath","value":"//td[@aria-colindex=\"1\"]/div/div[contains(@class, \"sapMCbBg\")]"}
COMMAND: POST /session/1078df7af42110589ce6729fcfa5b6f8/elements - {"using":"xpath","value":"//td[@aria-colindex=\"1\"]/div/div[contains(@class, \"sapMCbBg\")]"}
RESULT: {"using":"xpath","value":"//td[@aria-colindex=\"1\"]/div/div[contains(@class, \"sapMCbBg\")]"}
COMMAND: POST /session/1078df7af42110589ce6729fcfa5b6f8/elements - {"using":"xpath","value":"//td[@aria-colindex=\"1\"]/div/div[contains(@class, \"sapMCbBg\")]"}
RESULT: {"using":"xpath","value":"//td[@aria-colindex=\"1\"]/div/div[contains(@class, \"sapMCbBg\")]"}
COMMAND: POST /session/1078df7af42110589ce6729fcfa5b6f8/elements - {"using":"xpath","value":"//td[@aria-colindex=\"1\"]/div/div[contains(@class, \"sapMCbBg\")]"}
RESULT: {"using":"xpath","value":"//td[@aria-colindex=\"1\"]/div/div[contains(@class, \"sapMCbBg\")]"}
COMMAND: POST /session/1078df7af42110589ce6729fcfa5b6f8/elements - {"using":"xpath","value":"//td[@aria-colindex=\"1\"]/div/div[contains(@class, \"sapMCbBg\")]"}
RESULT: {"using":"xpath","value":"//td[@aria-colindex=\"1\"]/div/div[contains(@class, \"sapMCbBg\")]"}
COMMAND: POST /session/1078df7af42110589ce6729fcfa5b6f8/elements - {"using":"xpath","value":"//td[@aria-colindex=\"1\"]/div/div[contains(@class, \"sapMCbBg\")]"}
RESULT: {"using":"xpath","value":"//td[@aria-colindex=\"1\"]/div/div[contains(@class, \"sapMCbBg\")]"}
COMMAND: POST /session/1078df7af42110589ce6729fcfa5b6f8/elements - {"using":"xpath","value":"//td[@aria-colindex=\"1\"]/div/div[contains(@class, \"sapMCbBg\")]"}
RESULT: {"using":"xpath","value":"//td[@aria-colindex=\"1\"]/div/div[contains(@class, \"sapMCbBg\")]"}
COMMAND: POST /session/1078df7af42110589ce6729fcfa5b6f8/elements - {"using":"xpath","value":"//td[@aria-colindex=\"1\"]/div/div[contains(@class, \"sapMCbBg\")]"}
RESULT: {"using":"xpath","value":"//td[@aria-colindex=\"1\"]/div/div[contains(@class, \"sapMCbBg\")]"}
COMMAND: POST /session/1078df7af42110589ce6729fcfa5b6f8/elements - {"using":"xpath","value":"//td[@aria-colindex=\"1\"]/div/div[contains(@class, \"sapMCbBg\")]"}
RESULT: {"using":"xpath","value":"//td[@aria-colindex=\"1\"]/div/div[contains(@class, \"sapMCbBg\")]"}
COMMAND: POST /session/1078df7af42110589ce6729fcfa5b6f8/elements - {"using":"xpath","value":"//td[@aria-colindex=\"1\"]/div/div[contains(@class, \"sapMCbBg\")]"}
RESULT: {"using":"xpath","value":"//td[@aria-colindex=\"1\"]/div/div[contains(@class, \"sapMCbBg\")]"}
COMMAND: POST /session/1078df7af42110589ce6729fcfa5b6f8/elements - {"using":"xpath","value":"//td[@aria-colindex=\"1\"]/div/div[contains(@class, \"sapMCbBg\")]"}
RESULT: {"using":"xpath","value":"//td[@aria-colindex=\"1\"]/div/div[contains(@class, \"sapMCbBg\")]"}
COMMAND: POST /session/1078df7af42110589ce6729fcfa5b6f8/elements - {"using":"xpath","value":"//td[@aria-colindex=\"1\"]/div/div[contains(@class, \"sapMCbBg\")]"}
RESULT: {"using":"xpath","value":"//td[@aria-colindex=\"1\"]/div/div[contains(@class, \"sapMCbBg\")]"}
COMMAND: POST /session/1078df7af42110589ce6729fcfa5b6f8/elements - {"using":"xpath","value":"//td[@aria-colindex=\"1\"]/div/div[contains(@class, \"sapMCbBg\")]"}
RESULT: {"using":"xpath","value":"//td[@aria-colindex=\"1\"]/div/div[contains(@class, \"sapMCbBg\")]"}
COMMAND: POST /session/1078df7af42110589ce6729fcfa5b6f8/elements - {"using":"xpath","value":"//td[@aria-colindex=\"1\"]/div/div[contains(@class, \"sapMCbBg\")]"}
RESULT: {"using":"xpath","value":"//td[@aria-colindex=\"1\"]/div/div[contains(@class, \"sapMCbBg\")]"}
COMMAND: POST /session/1078df7af42110589ce6729fcfa5b6f8/elements - {"using":"xpath","value":"//td[@aria-colindex=\"1\"]/div/div[contains(@class, \"sapMCbBg\")]"}
RESULT: {"using":"xpath","value":"//td[@aria-colindex=\"1\"]/div/div[contains(@class, \"sapMCbBg\")]"}
COMMAND: POST /session/1078df7af42110589ce6729fcfa5b6f8/elements - {"using":"xpath","value":"//td[@aria-colindex=\"1\"]/div/div[contains(@class, \"sapMCbBg\")]"}
RESULT: {"using":"xpath","value":"//td[@aria-colindex=\"1\"]/div/div[contains(@class, \"sapMCbBg\")]"}
COMMAND: POST /session/1078df7af42110589ce6729fcfa5b6f8/elements - {"using":"xpath","value":"//td[@aria-colindex=\"1\"]/div/div[contains(@class, \"sapMCbBg\")]"}
RESULT: {"using":"xpath","value":"//td[@aria-colindex=\"1\"]/div/div[contains(@class, \"sapMCbBg\")]"}
COMMAND: POST /session/1078df7af42110589ce6729fcfa5b6f8/elements - {"using":"xpath","value":"//td[@aria-colindex=\"1\"]/div/div[contains(@class, \"sapMCbBg\")]"}
RESULT: {"using":"xpath","value":"//td[@aria-colindex=\"1\"]/div/div[contains(@class, \"sapMCbBg\")]"}
COMMAND: POST /session/1078df7af42110589ce6729fcfa5b6f8/elements - {"using":"xpath","value":"//td[@aria-colindex=\"1\"]/div/div[contains(@class, \"sapMCbBg\")]"}
RESULT: {"using":"xpath","value":"//td[@aria-colindex=\"1\"]/div/div[contains(@class, \"sapMCbBg\")]"}
COMMAND: POST /session/1078df7af42110589ce6729fcfa5b6f8/elements - {"using":"xpath","value":"//td[@aria-colindex=\"1\"]/div/div[contains(@class, \"sapMCbBg\")]"}
RESULT: {"using":"xpath","value":"//td[@aria-colindex=\"1\"]/div/div[contains(@class, \"sapMCbBg\")]"}
COMMAND: POST /session/1078df7af42110589ce6729fcfa5b6f8/elements - {"using":"xpath","value":"//td[@aria-colindex=\"1\"]/div/div[contains(@class, \"sapMCbBg\")]"}
RESULT: {"using":"xpath","value":"//td[@aria-colindex=\"1\"]/div/div[contains(@class, \"sapMCbBg\")]"}
COMMAND: POST /session/1078df7af42110589ce6729fcfa5b6f8/elements - {"using":"xpath","value":"//td[@aria-colindex=\"1\"]/div/div[contains(@class, \"sapMCbBg\")]"}
RESULT: {"using":"xpath","value":"//td[@aria-colindex=\"1\"]/div/div[contains(@class, \"sapMCbBg\")]"}
COMMAND: POST /session/1078df7af42110589ce6729fcfa5b6f8/elements - {"using":"xpath","value":"//td[@aria-colindex=\"1\"]/div/div[contains(@class, \"sapMCbBg\")]"}
RESULT: {"using":"xpath","value":"//td[@aria-colindex=\"1\"]/div/div[contains(@class, \"sapMCbBg\")]"}
COMMAND: POST /session/1078df7af42110589ce6729fcfa5b6f8/elements - {"using":"xpath","value":"//td[@aria-colindex=\"1\"]/div/div[contains(@class, \"sapMCbBg\")]"}
RESULT: {"using":"xpath","value":"//td[@aria-colindex=\"1\"]/div/div[contains(@class, \"sapMCbBg\")]"}
COMMAND: POST /session/1078df7af42110589ce6729fcfa5b6f8/elements - {"using":"xpath","value":"//td[@aria-colindex=\"1\"]/div/div[contains(@class, \"sapMCbBg\")]"}
RESULT: {"using":"xpath","value":"//td[@aria-colindex=\"1\"]/div/div[contains(@class, \"sapMCbBg\")]"}
COMMAND: POST /session/1078df7af42110589ce6729fcfa5b6f8/elements - {"using":"xpath","value":"//td[@aria-colindex=\"1\"]/div/div[contains(@class, \"sapMCbBg\")]"}
RESULT: {"using":"xpath","value":"//td[@aria-colindex=\"1\"]/div/div[contains(@class, \"sapMCbBg\")]"}
COMMAND: POST /session/1078df7af42110589ce6729fcfa5b6f8/elements - {"using":"xpath","value":"//td[@aria-colindex=\"1\"]/div/div[contains(@class, \"sapMCbBg\")]"}
RESULT: {"using":"xpath","value":"//td[@aria-colindex=\"1\"]/div/div[contains(@class, \"sapMCbBg\")]"}
COMMAND: POST /session/1078df7af42110589ce6729fcfa5b6f8/elements - {"using":"xpath","value":"//td[@aria-colindex=\"1\"]/div/div[contains(@class, \"sapMCbBg\")]"}
RESULT: {"using":"xpath","value":"//td[@aria-colindex=\"1\"]/div/div[contains(@class, \"sapMCbBg\")]"}
COMMAND: POST /session/1078df7af42110589ce6729fcfa5b6f8/elements - {"using":"xpath","value":"//td[@aria-colindex=\"1\"]/div/div[contains(@class, \"sapMCbBg\")]"}
RESULT: {"using":"xpath","value":"//td[@aria-colindex=\"1\"]/div/div[contains(@class, \"sapMCbBg\")]"}
COMMAND: POST /session/1078df7af42110589ce6729fcfa5b6f8/elements - {"using":"xpath","value":"//td[@aria-colindex=\"1\"]/div/div[contains(@class, \"sapMCbBg\")]"}
RESULT: {"using":"xpath","value":"//td[@aria-colindex=\"1\"]/div/div[contains(@class, \"sapMCbBg\")]"}
COMMAND: POST /session/1078df7af42110589ce6729fcfa5b6f8/elements - {"using":"xpath","value":"//td[@aria-colindex=\"1\"]/div/div[contains(@class, \"sapMCbBg\")]"}
RESULT: {"using":"xpath","value":"//td[@aria-colindex=\"1\"]/div/div[contains(@class, \"sapMCbBg\")]"}
COMMAND: POST /session/1078df7af42110589ce6729fcfa5b6f8/elements - {"using":"xpath","value":"//td[@aria-colindex=\"1\"]/div/div[contains(@class, \"sapMCbBg\")]"}
RESULT: {"using":"xpath","value":"//td[@aria-colindex=\"1\"]/div/div[contains(@class, \"sapMCbBg\")]"}
COMMAND: POST /session/1078df7af42110589ce6729fcfa5b6f8/elements - {"using":"xpath","value":"//td[@aria-colindex=\"1\"]/div/div[contains(@class, \"sapMCbBg\")]"}
RESULT: {"using":"xpath","value":"//td[@aria-colindex=\"1\"]/div/div[contains(@class, \"sapMCbBg\")]"}
COMMAND: POST /session/1078df7af42110589ce6729fcfa5b6f8/elements - {"using":"xpath","value":"//td[@aria-colindex=\"1\"]/div/div[contains(@class, \"sapMCbBg\")]"}
RESULT: {"using":"xpath","value":"//td[@aria-colindex=\"1\"]/div/div[contains(@class, \"sapMCbBg\")]"}
COMMAND: POST /session/1078df7af42110589ce6729fcfa5b6f8/elements - {"using":"xpath","value":"//td[@aria-colindex=\"1\"]/div/div[contains(@class, \"sapMCbBg\")]"}
RESULT: {"using":"xpath","value":"//td[@aria-colindex=\"1\"]/div/div[contains(@class, \"sapMCbBg\")]"}
COMMAND: POST /session/1078df7af42110589ce6729fcfa5b6f8/elements - {"using":"xpath","value":"//td[@aria-colindex=\"1\"]/div/div[contains(@class, \"sapMCbBg\")]"}
RESULT: {"using":"xpath","value":"//td[@aria-colindex=\"1\"]/div/div[contains(@class, \"sapMCbBg\")]"}
COMMAND: POST /session/1078df7af42110589ce6729fcfa5b6f8/elements - {"using":"xpath","value":"//td[@aria-colindex=\"1\"]/div/div[contains(@class, \"sapMCbBg\")]"}
RESULT: {"using":"xpath","value":"//td[@aria-colindex=\"1\"]/div/div[contains(@class, \"sapMCbBg\")]"}
COMMAND: POST /session/1078df7af42110589ce6729fcfa5b6f8/elements - {"using":"xpath","value":"//td[@aria-colindex=\"1\"]/div/div[contains(@class, \"sapMCbBg\")]"}
RESULT: {"using":"xpath","value":"//td[@aria-colindex=\"1\"]/div/div[contains(@class, \"sapMCbBg\")]"}
COMMAND: POST /session/1078df7af42110589ce6729fcfa5b6f8/elements - {"using":"xpath","value":"//td[@aria-colindex=\"1\"]/div/div[contains(@class, \"sapMCbBg\")]"}
RESULT: {"using":"xpath","value":"//td[@aria-colindex=\"1\"]/div/div[contains(@class, \"sapMCbBg\")]"}
COMMAND: POST /session/1078df7af42110589ce6729fcfa5b6f8/elements - {"using":"xpath","value":"//td[@aria-colindex=\"1\"]/div/div[contains(@class, \"sapMCbBg\")]"}
RESULT: {"using":"xpath","value":"//td[@aria-colindex=\"1\"]/div/div[contains(@class, \"sapMCbBg\")]"}
COMMAND: POST /session/1078df7af42110589ce6729fcfa5b6f8/elements - {"using":"xpath","value":"//td[@aria-colindex=\"1\"]/div/div[contains(@class, \"sapMCbBg\")]"}
RESULT: {"using":"xpath","value":"//td[@aria-colindex=\"1\"]/div/div[contains(@class, \"sapMCbBg\")]"}
COMMAND: POST /session/1078df7af42110589ce6729fcfa5b6f8/elements - {"using":"xpath","value":"//td[@aria-colindex=\"1\"]/div/div[contains(@class, \"sapMCbBg\")]"}
RESULT: {"using":"xpath","value":"//td[@aria-colindex=\"1\"]/div/div[contains(@class, \"sapMCbBg\")]"}
COMMAND: POST /session/1078df7af42110589ce6729fcfa5b6f8/elements - {"using":"xpath","value":"//td[@aria-colindex=\"1\"]/div/div[contains(@class, \"sapMCbBg\")]"}
RESULT: {"using":"xpath","value":"//td[@aria-colindex=\"1\"]/div/div[contains(@class, \"sapMCbBg\")]"}
COMMAND: POST /session/1078df7af42110589ce6729fcfa5b6f8/elements - {"using":"xpath","value":"//td[@aria-colindex=\"1\"]/div/div[contains(@class, \"sapMCbBg\")]"}
RESULT: {"using":"xpath","value":"//td[@aria-colindex=\"1\"]/div/div[contains(@class, \"sapMCbBg\")]"}
COMMAND: POST /session/1078df7af42110589ce6729fcfa5b6f8/elements - {"using":"xpath","value":"//td[@aria-colindex=\"1\"]/div/div[contains(@class, \"sapMCbBg\")]"}
RESULT: {"using":"xpath","value":"//td[@aria-colindex=\"1\"]/div/div[contains(@class, \"sapMCbBg\")]"}
COMMAND: POST /session/1078df7af42110589ce6729fcfa5b6f8/elements - {"using":"xpath","value":"//td[@aria-colindex=\"1\"]/div/div[contains(@class, \"sapMCbBg\")]"}
RESULT: {"using":"xpath","value":"//td[@aria-colindex=\"1\"]/div/div[contains(@class, \"sapMCbBg\")]"}
COMMAND: POST /session/1078df7af42110589ce6729fcfa5b6f8/elements - {"using":"xpath","value":"//td[@aria-colindex=\"1\"]/div/div[contains(@class, \"sapMCbBg\")]"}
RESULT: {"using":"xpath","value":"//td[@aria-colindex=\"1\"]/div/div[contains(@class, \"sapMCbBg\")]"}
COMMAND: POST /session/1078df7af42110589ce6729fcfa5b6f8/elements - {"using":"xpath","value":"//td[@aria-colindex=\"1\"]/div/div[contains(@class, \"sapMCbBg\")]"}
RESULT: {"using":"xpath","value":"//td[@aria-colindex=\"1\"]/div/div[contains(@class, \"sapMCbBg\")]"}
COMMAND: POST /session/1078df7af42110589ce6729fcfa5b6f8/elements - {"using":"xpath","value":"//td[@aria-colindex=\"1\"]/div/div[contains(@class, \"sapMCbBg\")]"}
RESULT: {"using":"xpath","value":"//td[@aria-colindex=\"1\"]/div/div[contains(@class, \"sapMCbBg\")]"}
COMMAND: POST /session/1078df7af42110589ce6729fcfa5b6f8/elements - {"using":"xpath","value":"//td[@aria-colindex=\"1\"]/div/div[contains(@class, \"sapMCbBg\")]"}
RESULT: {"using":"xpath","value":"//td[@aria-colindex=\"1\"]/div/div[contains(@class, \"sapMCbBg\")]"}
COMMAND: POST /session/1078df7af42110589ce6729fcfa5b6f8/elements - {"using":"xpath","value":"//td[@aria-colindex=\"1\"]/div/div[contains(@class, \"sapMCbBg\")]"}
RESULT: {"using":"xpath","value":"//td[@aria-colindex=\"1\"]/div/div[contains(@class, \"sapMCbBg\")]"}
COMMAND: POST /session/1078df7af42110589ce6729fcfa5b6f8/elements - {"using":"xpath","value":"//td[@aria-colindex=\"1\"]/div/div[contains(@class, \"sapMCbBg\")]"}
RESULT: {"using":"xpath","value":"//td[@aria-colindex=\"1\"]/div/div[contains(@class, \"sapMCbBg\")]"}
COMMAND: POST /session/1078df7af42110589ce6729fcfa5b6f8/elements - {"using":"xpath","value":"//td[@aria-colindex=\"1\"]/div/div[contains(@class, \"sapMCbBg\")]"}
RESULT: {"using":"xpath","value":"//td[@aria-colindex=\"1\"]/div/div[contains(@class, \"sapMCbBg\")]"}
COMMAND: POST /session/1078df7af42110589ce6729fcfa5b6f8/elements - {"using":"xpath","value":"//td[@aria-colindex=\"1\"]/div/div[contains(@class, \"sapMCbBg\")]"}
RESULT: {"using":"xpath","value":"//td[@aria-colindex=\"1\"]/div/div[contains(@class, \"sapMCbBg\")]"}
COMMAND: POST /session/1078df7af42110589ce6729fcfa5b6f8/elements - {"using":"xpath","value":"//td[@aria-colindex=\"1\"]/div/div[contains(@class, \"sapMCbBg\")]"}
RESULT: {"using":"xpath","value":"//td[@aria-colindex=\"1\"]/div/div[contains(@class, \"sapMCbBg\")]"}
COMMAND: POST /session/1078df7af42110589ce6729fcfa5b6f8/elements - {"using":"xpath","value":"//td[@aria-colindex=\"1\"]/div/div[contains(@class, \"sapMCbBg\")]"}
RESULT: {"using":"xpath","value":"//td[@aria-colindex=\"1\"]/div/div[contains(@class, \"sapMCbBg\")]"}
COMMAND: POST /session/1078df7af42110589ce6729fcfa5b6f8/elements - {"using":"xpath","value":"//td[@aria-colindex=\"1\"]/div/div[contains(@class, \"sapMCbBg\")]"}
RESULT: {"using":"xpath","value":"//td[@aria-colindex=\"1\"]/div/div[contains(@class, \"sapMCbBg\")]"}
COMMAND: POST /session/1078df7af42110589ce6729fcfa5b6f8/elements - {"using":"xpath","value":"//td[@aria-colindex=\"1\"]/div/div[contains(@class, \"sapMCbBg\")]"}
RESULT: {"using":"xpath","value":"//td[@aria-colindex=\"1\"]/div/div[contains(@class, \"sapMCbBg\")]"}
COMMAND: POST /session/1078df7af42110589ce6729fcfa5b6f8/elements - {"using":"xpath","value":"//td[@aria-colindex=\"1\"]/div/div[contains(@class, \"sapMCbBg\")]"}
RESULT: {"using":"xpath","value":"//td[@aria-colindex=\"1\"]/div/div[contains(@class, \"sapMCbBg\")]"}
COMMAND: POST /session/1078df7af42110589ce6729fcfa5b6f8/elements - {"using":"xpath","value":"//td[@aria-colindex=\"1\"]/div/div[contains(@class, \"sapMCbBg\")]"}
RESULT: {"using":"xpath","value":"//td[@aria-colindex=\"1\"]/div/div[contains(@class, \"sapMCbBg\")]"}
COMMAND: POST /session/1078df7af42110589ce6729fcfa5b6f8/elements - {"using":"xpath","value":"//td[@aria-colindex=\"1\"]/div/div[contains(@class, \"sapMCbBg\")]"}
RESULT: {"using":"xpath","value":"//td[@aria-colindex=\"1\"]/div/div[contains(@class, \"sapMCbBg\")]"}
COMMAND: POST /session/1078df7af42110589ce6729fcfa5b6f8/elements - {"using":"xpath","value":"//td[@aria-colindex=\"1\"]/div/div[contains(@class, \"sapMCbBg\")]"}
RESULT: {"using":"xpath","value":"//td[@aria-colindex=\"1\"]/div/div[contains(@class, \"sapMCbBg\")]"}
COMMAND: POST /session/1078df7af42110589ce6729fcfa5b6f8/elements - {"using":"xpath","value":"//td[@aria-colindex=\"1\"]/div/div[contains(@class, \"sapMCbBg\")]"}
RESULT: {"using":"xpath","value":"//td[@aria-colindex=\"1\"]/div/div[contains(@class, \"sapMCbBg\")]"}
COMMAND: POST /session/1078df7af42110589ce6729fcfa5b6f8/elements - {"using":"xpath","value":"//td[@aria-colindex=\"1\"]/div/div[contains(@class, \"sapMCbBg\")]"}
RESULT: {"using":"xpath","value":"//td[@aria-colindex=\"1\"]/div/div[contains(@class, \"sapMCbBg\")]"}
COMMAND: POST /session/1078df7af42110589ce6729fcfa5b6f8/elements - {"using":"xpath","value":"//td[@aria-colindex=\"1\"]/div/div[contains(@class, \"sapMCbBg\")]"}
RESULT: {"using":"xpath","value":"//td[@aria-colindex=\"1\"]/div/div[contains(@class, \"sapMCbBg\")]"}
COMMAND: POST /session/1078df7af42110589ce6729fcfa5b6f8/elements - {"using":"xpath","value":"//td[@aria-colindex=\"1\"]/div/div[contains(@class, \"sapMCbBg\")]"}
RESULT: {"using":"xpath","value":"//td[@aria-colindex=\"1\"]/div/div[contains(@class, \"sapMCbBg\")]"}
COMMAND: POST /session/1078df7af42110589ce6729fcfa5b6f8/elements - {"using":"xpath","value":"//td[@aria-colindex=\"1\"]/div/div[contains(@class, \"sapMCbBg\")]"}
RESULT: {"using":"xpath","value":"//td[@aria-colindex=\"1\"]/div/div[contains(@class, \"sapMCbBg\")]"}
COMMAND: POST /session/1078df7af42110589ce6729fcfa5b6f8/elements - {"using":"xpath","value":"//td[@aria-colindex=\"1\"]/div/div[contains(@class, \"sapMCbBg\")]"}
RESULT: {"using":"xpath","value":"//td[@aria-colindex=\"1\"]/div/div[contains(@class, \"sapMCbBg\")]"}
COMMAND: POST /session/1078df7af42110589ce6729fcfa5b6f8/elements - {"using":"xpath","value":"//td[@aria-colindex=\"1\"]/div/div[contains(@class, \"sapMCbBg\")]"}
RESULT: {"using":"xpath","value":"//td[@aria-colindex=\"1\"]/div/div[contains(@class, \"sapMCbBg\")]"}
COMMAND: POST /session/1078df7af42110589ce6729fcfa5b6f8/elements - {"using":"xpath","value":"//td[@aria-colindex=\"1\"]/div/div[contains(@class, \"sapMCbBg\")]"}
RESULT: {"using":"xpath","value":"//td[@aria-colindex=\"1\"]/div/div[contains(@class, \"sapMCbBg\")]"}
COMMAND: POST /session/1078df7af42110589ce6729fcfa5b6f8/elements - {"using":"xpath","value":"//td[@aria-colindex=\"1\"]/div/div[contains(@class, \"sapMCbBg\")]"}
RESULT: {"using":"xpath","value":"//td[@aria-colindex=\"1\"]/div/div[contains(@class, \"sapMCbBg\")]"}
COMMAND: POST /session/1078df7af42110589ce6729fcfa5b6f8/elements - {"using":"xpath","value":"//td[@aria-colindex=\"1\"]/div/div[contains(@class, \"sapMCbBg\")]"}
RESULT: {"using":"xpath","value":"//td[@aria-colindex=\"1\"]/div/div[contains(@class, \"sapMCbBg\")]"}
COMMAND: POST /session/1078df7af42110589ce6729fcfa5b6f8/elements - {"using":"xpath","value":"//td[@aria-colindex=\"1\"]/div/div[contains(@class, \"sapMCbBg\")]"}
RESULT: {"using":"xpath","value":"//td[@aria-colindex=\"1\"]/div/div[contains(@class, \"sapMCbBg\")]"}
COMMAND: POST /session/1078df7af42110589ce6729fcfa5b6f8/elements - {"using":"xpath","value":"//td[@aria-colindex=\"1\"]/div/div[contains(@class, \"sapMCbBg\")]"}
RESULT: {"using":"xpath","value":"//td[@aria-colindex=\"1\"]/div/div[contains(@class, \"sapMCbBg\")]"}
COMMAND: POST /session/1078df7af42110589ce6729fcfa5b6f8/elements - {"using":"xpath","value":"//td[@aria-colindex=\"1\"]/div/div[contains(@class, \"sapMCbBg\")]"}
RESULT: {"using":"xpath","value":"//td[@aria-colindex=\"1\"]/div/div[contains(@class, \"sapMCbBg\")]"}
COMMAND: POST /session/1078df7af42110589ce6729fcfa5b6f8/elements - {"using":"xpath","value":"//td[@aria-colindex=\"1\"]/div/div[contains(@class, \"sapMCbBg\")]"}
RESULT: {"using":"xpath","value":"//td[@aria-colindex=\"1\"]/div/div[contains(@class, \"sapMCbBg\")]"}
COMMAND: POST /session/1078df7af42110589ce6729fcfa5b6f8/elements - {"using":"xpath","value":"//td[@aria-colindex=\"1\"]/div/div[contains(@class, \"sapMCbBg\")]"}
RESULT: {"using":"xpath","value":"//td[@aria-colindex=\"1\"]/div/div[contains(@class, \"sapMCbBg\")]"}
COMMAND: POST /session/1078df7af42110589ce6729fcfa5b6f8/elements - {"using":"xpath","value":"//td[@aria-colindex=\"1\"]/div/div[contains(@class, \"sapMCbBg\")]"}
RESULT: {"using":"xpath","value":"//td[@aria-colindex=\"1\"]/div/div[contains(@class, \"sapMCbBg\")]"}
COMMAND: POST /session/1078df7af42110589ce6729fcfa5b6f8/elements - {"using":"xpath","value":"//td[@aria-colindex=\"1\"]/div/div[contains(@class, \"sapMCbBg\")]"}
RESULT: {"using":"xpath","value":"//td[@aria-colindex=\"1\"]/div/div[contains(@class, \"sapMCbBg\")]"}
COMMAND: POST /session/1078df7af42110589ce6729fcfa5b6f8/elements - {"using":"xpath","value":"//td[@aria-colindex=\"1\"]/div/div[contains(@class, \"sapMCbBg\")]"}
RESULT: {"using":"xpath","value":"//td[@aria-colindex=\"1\"]/div/div[contains(@class, \"sapMCbBg\")]"}
COMMAND: POST /session/1078df7af42110589ce6729fcfa5b6f8/elements - {"using":"xpath","value":"//td[@aria-colindex=\"1\"]/div/div[contains(@class, \"sapMCbBg\")]"}
RESULT: {"using":"xpath","value":"//td[@aria-colindex=\"1\"]/div/div[contains(@class, \"sapMCbBg\")]"}
COMMAND: POST /session/1078df7af42110589ce6729fcfa5b6f8/elements - {"using":"xpath","value":"//td[@aria-colindex=\"1\"]/div/div[contains(@class, \"sapMCbBg\")]"}
RESULT: {"using":"xpath","value":"//td[@aria-colindex=\"1\"]/div/div[contains(@class, \"sapMCbBg\")]"}
COMMAND: POST /session/1078df7af42110589ce6729fcfa5b6f8/elements - {"using":"xpath","value":"//td[@aria-colindex=\"1\"]/div/div[contains(@class, \"sapMCbBg\")]"}
RESULT: {"using":"xpath","value":"//td[@aria-colindex=\"1\"]/div/div[contains(@class, \"sapMCbBg\")]"}
COMMAND: POST /session/1078df7af42110589ce6729fcfa5b6f8/elements - {"using":"xpath","value":"//td[@aria-colindex=\"1\"]/div/div[contains(@class, \"sapMCbBg\")]"}
RESULT: {"using":"xpath","value":"//td[@aria-colindex=\"1\"]/div/div[contains(@class, \"sapMCbBg\")]"}
COMMAND: POST /session/1078df7af42110589ce6729fcfa5b6f8/elements - {"using":"xpath","value":"//td[@aria-colindex=\"1\"]/div/div[contains(@class, \"sapMCbBg\")]"}
RESULT: {"using":"xpath","value":"//td[@aria-colindex=\"1\"]/div/div[contains(@class, \"sapMCbBg\")]"}
COMMAND: POST /session/1078df7af42110589ce6729fcfa5b6f8/elements - {"using":"xpath","value":"//td[@aria-colindex=\"1\"]/div/div[contains(@class, \"sapMCbBg\")]"}
RESULT: {"using":"xpath","value":"//td[@aria-colindex=\"1\"]/div/div[contains(@class, \"sapMCbBg\")]"}
COMMAND: GET /session/1078df7af42110589ce6729fcfa5b6f8/screenshot - {}
RESULT: {}
]]></system-out>
      <system-err><![CDATA[
Error: Can't call click on element with selector "//td[@aria-colindex="1"]/div/div[contains(@class, "sapMCbBg")]" because element wasn't found
    at async UtilsPrerequisites.manageBillingsTriggerCalculation (D:\a\1\s\test\specs\BTS\prerequisites-and-utils-functions.js:2750:9)
    at async Context.<anonymous> (D:\a\1\s\test\specs\BTS\reverse-billing.spec.js:73:9)
]]></system-err>
    </testcase>
    <testcase classname="chrome.136_0_7103_93.windows.Create_Reverse_Billing_US127248" name="Should go into Billing Transfer and reverse the billing" time="56.9">
      <failure/>
      <error message="element (&quot;//input[contains(@id ,&quot;application-billingtransfer-display-component---billingWorkbench--smartFilterBar-btnBasicSearch&quot;)]&quot;) still not existing after 45000ms"/>
      <system-out><![CDATA[
COMMAND: GET /session/1078df7af42110589ce6729fcfa5b6f8/screenshot - {}
COMMAND: POST /session/1078df7af42110589ce6729fcfa5b6f8/execute/async - {"script":"<script> [1562 bytes]","args":[{"selector":{"controlType":"sap.m.GenericTile","properties":{"header":"Billing Transfer"}},"wdio_ui5_key":"sapm.GenericTile{\"header\":\"Billing Transfer\"}"}]}
RESULT: {}
RESULT: {"script":"<script> [1562 bytes]","args":[{"selector":{"controlType":"sap.m.GenericTile","properties":{"header":"Billing Transfer"}},"wdio_ui5_key":"sapm.GenericTile{\"header\":\"Billing Transfer\"}"}]}
RESULT: undefined
COMMAND: POST /session/1078df7af42110589ce6729fcfa5b6f8/elements - {"using":"xpath","value":"//span[text()='Error']"}
RESULT: {"using":"xpath","value":"//span[text()='Error']"}
COMMAND: POST /session/1078df7af42110589ce6729fcfa5b6f8/element - {"using":"xpath","value":"//input[contains(@id ,\"application-billingtransfer-display-component---billingWorkbench--smartFilterBar-btnBasicSearch\")]"}
RESULT: {"using":"xpath","value":"//input[contains(@id ,\"application-billingtransfer-display-component---billingWorkbench--smartFilterBar-btnBasicSearch\")]"}
COMMAND: POST /session/1078df7af42110589ce6729fcfa5b6f8/elements - {"using":"xpath","value":"//input[contains(@id ,\"application-billingtransfer-display-component---billingWorkbench--smartFilterBar-btnBasicSearch\")]"}
RESULT: {"using":"xpath","value":"//input[contains(@id ,\"application-billingtransfer-display-component---billingWorkbench--smartFilterBar-btnBasicSearch\")]"}
COMMAND: POST /session/1078df7af42110589ce6729fcfa5b6f8/elements - {"using":"xpath","value":"//input[contains(@id ,\"application-billingtransfer-display-component---billingWorkbench--smartFilterBar-btnBasicSearch\")]"}
RESULT: {"using":"xpath","value":"//input[contains(@id ,\"application-billingtransfer-display-component---billingWorkbench--smartFilterBar-btnBasicSearch\")]"}
COMMAND: POST /session/1078df7af42110589ce6729fcfa5b6f8/elements - {"using":"xpath","value":"//input[contains(@id ,\"application-billingtransfer-display-component---billingWorkbench--smartFilterBar-btnBasicSearch\")]"}
RESULT: {"using":"xpath","value":"//input[contains(@id ,\"application-billingtransfer-display-component---billingWorkbench--smartFilterBar-btnBasicSearch\")]"}
COMMAND: POST /session/1078df7af42110589ce6729fcfa5b6f8/elements - {"using":"xpath","value":"//input[contains(@id ,\"application-billingtransfer-display-component---billingWorkbench--smartFilterBar-btnBasicSearch\")]"}
RESULT: {"using":"xpath","value":"//input[contains(@id ,\"application-billingtransfer-display-component---billingWorkbench--smartFilterBar-btnBasicSearch\")]"}
COMMAND: POST /session/1078df7af42110589ce6729fcfa5b6f8/elements - {"using":"xpath","value":"//input[contains(@id ,\"application-billingtransfer-display-component---billingWorkbench--smartFilterBar-btnBasicSearch\")]"}
RESULT: {"using":"xpath","value":"//input[contains(@id ,\"application-billingtransfer-display-component---billingWorkbench--smartFilterBar-btnBasicSearch\")]"}
COMMAND: POST /session/1078df7af42110589ce6729fcfa5b6f8/elements - {"using":"xpath","value":"//input[contains(@id ,\"application-billingtransfer-display-component---billingWorkbench--smartFilterBar-btnBasicSearch\")]"}
RESULT: {"using":"xpath","value":"//input[contains(@id ,\"application-billingtransfer-display-component---billingWorkbench--smartFilterBar-btnBasicSearch\")]"}
COMMAND: POST /session/1078df7af42110589ce6729fcfa5b6f8/elements - {"using":"xpath","value":"//input[contains(@id ,\"application-billingtransfer-display-component---billingWorkbench--smartFilterBar-btnBasicSearch\")]"}
RESULT: {"using":"xpath","value":"//input[contains(@id ,\"application-billingtransfer-display-component---billingWorkbench--smartFilterBar-btnBasicSearch\")]"}
COMMAND: POST /session/1078df7af42110589ce6729fcfa5b6f8/elements - {"using":"xpath","value":"//input[contains(@id ,\"application-billingtransfer-display-component---billingWorkbench--smartFilterBar-btnBasicSearch\")]"}
RESULT: {"using":"xpath","value":"//input[contains(@id ,\"application-billingtransfer-display-component---billingWorkbench--smartFilterBar-btnBasicSearch\")]"}
COMMAND: POST /session/1078df7af42110589ce6729fcfa5b6f8/elements - {"using":"xpath","value":"//input[contains(@id ,\"application-billingtransfer-display-component---billingWorkbench--smartFilterBar-btnBasicSearch\")]"}
RESULT: {"using":"xpath","value":"//input[contains(@id ,\"application-billingtransfer-display-component---billingWorkbench--smartFilterBar-btnBasicSearch\")]"}
COMMAND: POST /session/1078df7af42110589ce6729fcfa5b6f8/elements - {"using":"xpath","value":"//input[contains(@id ,\"application-billingtransfer-display-component---billingWorkbench--smartFilterBar-btnBasicSearch\")]"}
RESULT: {"using":"xpath","value":"//input[contains(@id ,\"application-billingtransfer-display-component---billingWorkbench--smartFilterBar-btnBasicSearch\")]"}
COMMAND: POST /session/1078df7af42110589ce6729fcfa5b6f8/elements - {"using":"xpath","value":"//input[contains(@id ,\"application-billingtransfer-display-component---billingWorkbench--smartFilterBar-btnBasicSearch\")]"}
RESULT: {"using":"xpath","value":"//input[contains(@id ,\"application-billingtransfer-display-component---billingWorkbench--smartFilterBar-btnBasicSearch\")]"}
COMMAND: POST /session/1078df7af42110589ce6729fcfa5b6f8/elements - {"using":"xpath","value":"//input[contains(@id ,\"application-billingtransfer-display-component---billingWorkbench--smartFilterBar-btnBasicSearch\")]"}
RESULT: {"using":"xpath","value":"//input[contains(@id ,\"application-billingtransfer-display-component---billingWorkbench--smartFilterBar-btnBasicSearch\")]"}
COMMAND: POST /session/1078df7af42110589ce6729fcfa5b6f8/elements - {"using":"xpath","value":"//input[contains(@id ,\"application-billingtransfer-display-component---billingWorkbench--smartFilterBar-btnBasicSearch\")]"}
RESULT: {"using":"xpath","value":"//input[contains(@id ,\"application-billingtransfer-display-component---billingWorkbench--smartFilterBar-btnBasicSearch\")]"}
COMMAND: POST /session/1078df7af42110589ce6729fcfa5b6f8/elements - {"using":"xpath","value":"//input[contains(@id ,\"application-billingtransfer-display-component---billingWorkbench--smartFilterBar-btnBasicSearch\")]"}
RESULT: {"using":"xpath","value":"//input[contains(@id ,\"application-billingtransfer-display-component---billingWorkbench--smartFilterBar-btnBasicSearch\")]"}
COMMAND: POST /session/1078df7af42110589ce6729fcfa5b6f8/elements - {"using":"xpath","value":"//input[contains(@id ,\"application-billingtransfer-display-component---billingWorkbench--smartFilterBar-btnBasicSearch\")]"}
RESULT: {"using":"xpath","value":"//input[contains(@id ,\"application-billingtransfer-display-component---billingWorkbench--smartFilterBar-btnBasicSearch\")]"}
COMMAND: POST /session/1078df7af42110589ce6729fcfa5b6f8/elements - {"using":"xpath","value":"//input[contains(@id ,\"application-billingtransfer-display-component---billingWorkbench--smartFilterBar-btnBasicSearch\")]"}
RESULT: {"using":"xpath","value":"//input[contains(@id ,\"application-billingtransfer-display-component---billingWorkbench--smartFilterBar-btnBasicSearch\")]"}
COMMAND: POST /session/1078df7af42110589ce6729fcfa5b6f8/elements - {"using":"xpath","value":"//input[contains(@id ,\"application-billingtransfer-display-component---billingWorkbench--smartFilterBar-btnBasicSearch\")]"}
RESULT: {"using":"xpath","value":"//input[contains(@id ,\"application-billingtransfer-display-component---billingWorkbench--smartFilterBar-btnBasicSearch\")]"}
COMMAND: POST /session/1078df7af42110589ce6729fcfa5b6f8/elements - {"using":"xpath","value":"//input[contains(@id ,\"application-billingtransfer-display-component---billingWorkbench--smartFilterBar-btnBasicSearch\")]"}
RESULT: {"using":"xpath","value":"//input[contains(@id ,\"application-billingtransfer-display-component---billingWorkbench--smartFilterBar-btnBasicSearch\")]"}
COMMAND: POST /session/1078df7af42110589ce6729fcfa5b6f8/elements - {"using":"xpath","value":"//input[contains(@id ,\"application-billingtransfer-display-component---billingWorkbench--smartFilterBar-btnBasicSearch\")]"}
RESULT: {"using":"xpath","value":"//input[contains(@id ,\"application-billingtransfer-display-component---billingWorkbench--smartFilterBar-btnBasicSearch\")]"}
COMMAND: POST /session/1078df7af42110589ce6729fcfa5b6f8/elements - {"using":"xpath","value":"//input[contains(@id ,\"application-billingtransfer-display-component---billingWorkbench--smartFilterBar-btnBasicSearch\")]"}
RESULT: {"using":"xpath","value":"//input[contains(@id ,\"application-billingtransfer-display-component---billingWorkbench--smartFilterBar-btnBasicSearch\")]"}
COMMAND: POST /session/1078df7af42110589ce6729fcfa5b6f8/elements - {"using":"xpath","value":"//input[contains(@id ,\"application-billingtransfer-display-component---billingWorkbench--smartFilterBar-btnBasicSearch\")]"}
RESULT: {"using":"xpath","value":"//input[contains(@id ,\"application-billingtransfer-display-component---billingWorkbench--smartFilterBar-btnBasicSearch\")]"}
COMMAND: POST /session/1078df7af42110589ce6729fcfa5b6f8/elements - {"using":"xpath","value":"//input[contains(@id ,\"application-billingtransfer-display-component---billingWorkbench--smartFilterBar-btnBasicSearch\")]"}
RESULT: {"using":"xpath","value":"//input[contains(@id ,\"application-billingtransfer-display-component---billingWorkbench--smartFilterBar-btnBasicSearch\")]"}
COMMAND: POST /session/1078df7af42110589ce6729fcfa5b6f8/elements - {"using":"xpath","value":"//input[contains(@id ,\"application-billingtransfer-display-component---billingWorkbench--smartFilterBar-btnBasicSearch\")]"}
RESULT: {"using":"xpath","value":"//input[contains(@id ,\"application-billingtransfer-display-component---billingWorkbench--smartFilterBar-btnBasicSearch\")]"}
COMMAND: POST /session/1078df7af42110589ce6729fcfa5b6f8/elements - {"using":"xpath","value":"//input[contains(@id ,\"application-billingtransfer-display-component---billingWorkbench--smartFilterBar-btnBasicSearch\")]"}
RESULT: {"using":"xpath","value":"//input[contains(@id ,\"application-billingtransfer-display-component---billingWorkbench--smartFilterBar-btnBasicSearch\")]"}
COMMAND: POST /session/1078df7af42110589ce6729fcfa5b6f8/elements - {"using":"xpath","value":"//input[contains(@id ,\"application-billingtransfer-display-component---billingWorkbench--smartFilterBar-btnBasicSearch\")]"}
RESULT: {"using":"xpath","value":"//input[contains(@id ,\"application-billingtransfer-display-component---billingWorkbench--smartFilterBar-btnBasicSearch\")]"}
COMMAND: POST /session/1078df7af42110589ce6729fcfa5b6f8/elements - {"using":"xpath","value":"//input[contains(@id ,\"application-billingtransfer-display-component---billingWorkbench--smartFilterBar-btnBasicSearch\")]"}
RESULT: {"using":"xpath","value":"//input[contains(@id ,\"application-billingtransfer-display-component---billingWorkbench--smartFilterBar-btnBasicSearch\")]"}
COMMAND: POST /session/1078df7af42110589ce6729fcfa5b6f8/elements - {"using":"xpath","value":"//input[contains(@id ,\"application-billingtransfer-display-component---billingWorkbench--smartFilterBar-btnBasicSearch\")]"}
RESULT: {"using":"xpath","value":"//input[contains(@id ,\"application-billingtransfer-display-component---billingWorkbench--smartFilterBar-btnBasicSearch\")]"}
COMMAND: POST /session/1078df7af42110589ce6729fcfa5b6f8/elements - {"using":"xpath","value":"//input[contains(@id ,\"application-billingtransfer-display-component---billingWorkbench--smartFilterBar-btnBasicSearch\")]"}
RESULT: {"using":"xpath","value":"//input[contains(@id ,\"application-billingtransfer-display-component---billingWorkbench--smartFilterBar-btnBasicSearch\")]"}
COMMAND: POST /session/1078df7af42110589ce6729fcfa5b6f8/elements - {"using":"xpath","value":"//input[contains(@id ,\"application-billingtransfer-display-component---billingWorkbench--smartFilterBar-btnBasicSearch\")]"}
RESULT: {"using":"xpath","value":"//input[contains(@id ,\"application-billingtransfer-display-component---billingWorkbench--smartFilterBar-btnBasicSearch\")]"}
COMMAND: POST /session/1078df7af42110589ce6729fcfa5b6f8/elements - {"using":"xpath","value":"//input[contains(@id ,\"application-billingtransfer-display-component---billingWorkbench--smartFilterBar-btnBasicSearch\")]"}
RESULT: {"using":"xpath","value":"//input[contains(@id ,\"application-billingtransfer-display-component---billingWorkbench--smartFilterBar-btnBasicSearch\")]"}
COMMAND: POST /session/1078df7af42110589ce6729fcfa5b6f8/elements - {"using":"xpath","value":"//input[contains(@id ,\"application-billingtransfer-display-component---billingWorkbench--smartFilterBar-btnBasicSearch\")]"}
RESULT: {"using":"xpath","value":"//input[contains(@id ,\"application-billingtransfer-display-component---billingWorkbench--smartFilterBar-btnBasicSearch\")]"}
COMMAND: POST /session/1078df7af42110589ce6729fcfa5b6f8/elements - {"using":"xpath","value":"//input[contains(@id ,\"application-billingtransfer-display-component---billingWorkbench--smartFilterBar-btnBasicSearch\")]"}
RESULT: {"using":"xpath","value":"//input[contains(@id ,\"application-billingtransfer-display-component---billingWorkbench--smartFilterBar-btnBasicSearch\")]"}
COMMAND: POST /session/1078df7af42110589ce6729fcfa5b6f8/elements - {"using":"xpath","value":"//input[contains(@id ,\"application-billingtransfer-display-component---billingWorkbench--smartFilterBar-btnBasicSearch\")]"}
RESULT: {"using":"xpath","value":"//input[contains(@id ,\"application-billingtransfer-display-component---billingWorkbench--smartFilterBar-btnBasicSearch\")]"}
COMMAND: POST /session/1078df7af42110589ce6729fcfa5b6f8/elements - {"using":"xpath","value":"//input[contains(@id ,\"application-billingtransfer-display-component---billingWorkbench--smartFilterBar-btnBasicSearch\")]"}
RESULT: {"using":"xpath","value":"//input[contains(@id ,\"application-billingtransfer-display-component---billingWorkbench--smartFilterBar-btnBasicSearch\")]"}
COMMAND: POST /session/1078df7af42110589ce6729fcfa5b6f8/elements - {"using":"xpath","value":"//input[contains(@id ,\"application-billingtransfer-display-component---billingWorkbench--smartFilterBar-btnBasicSearch\")]"}
RESULT: {"using":"xpath","value":"//input[contains(@id ,\"application-billingtransfer-display-component---billingWorkbench--smartFilterBar-btnBasicSearch\")]"}
COMMAND: POST /session/1078df7af42110589ce6729fcfa5b6f8/elements - {"using":"xpath","value":"//input[contains(@id ,\"application-billingtransfer-display-component---billingWorkbench--smartFilterBar-btnBasicSearch\")]"}
RESULT: {"using":"xpath","value":"//input[contains(@id ,\"application-billingtransfer-display-component---billingWorkbench--smartFilterBar-btnBasicSearch\")]"}
COMMAND: POST /session/1078df7af42110589ce6729fcfa5b6f8/elements - {"using":"xpath","value":"//input[contains(@id ,\"application-billingtransfer-display-component---billingWorkbench--smartFilterBar-btnBasicSearch\")]"}
RESULT: {"using":"xpath","value":"//input[contains(@id ,\"application-billingtransfer-display-component---billingWorkbench--smartFilterBar-btnBasicSearch\")]"}
COMMAND: POST /session/1078df7af42110589ce6729fcfa5b6f8/elements - {"using":"xpath","value":"//input[contains(@id ,\"application-billingtransfer-display-component---billingWorkbench--smartFilterBar-btnBasicSearch\")]"}
RESULT: {"using":"xpath","value":"//input[contains(@id ,\"application-billingtransfer-display-component---billingWorkbench--smartFilterBar-btnBasicSearch\")]"}
COMMAND: POST /session/1078df7af42110589ce6729fcfa5b6f8/elements - {"using":"xpath","value":"//input[contains(@id ,\"application-billingtransfer-display-component---billingWorkbench--smartFilterBar-btnBasicSearch\")]"}
RESULT: {"using":"xpath","value":"//input[contains(@id ,\"application-billingtransfer-display-component---billingWorkbench--smartFilterBar-btnBasicSearch\")]"}
COMMAND: POST /session/1078df7af42110589ce6729fcfa5b6f8/elements - {"using":"xpath","value":"//input[contains(@id ,\"application-billingtransfer-display-component---billingWorkbench--smartFilterBar-btnBasicSearch\")]"}
RESULT: {"using":"xpath","value":"//input[contains(@id ,\"application-billingtransfer-display-component---billingWorkbench--smartFilterBar-btnBasicSearch\")]"}
COMMAND: POST /session/1078df7af42110589ce6729fcfa5b6f8/elements - {"using":"xpath","value":"//input[contains(@id ,\"application-billingtransfer-display-component---billingWorkbench--smartFilterBar-btnBasicSearch\")]"}
RESULT: {"using":"xpath","value":"//input[contains(@id ,\"application-billingtransfer-display-component---billingWorkbench--smartFilterBar-btnBasicSearch\")]"}
COMMAND: POST /session/1078df7af42110589ce6729fcfa5b6f8/elements - {"using":"xpath","value":"//input[contains(@id ,\"application-billingtransfer-display-component---billingWorkbench--smartFilterBar-btnBasicSearch\")]"}
RESULT: {"using":"xpath","value":"//input[contains(@id ,\"application-billingtransfer-display-component---billingWorkbench--smartFilterBar-btnBasicSearch\")]"}
COMMAND: POST /session/1078df7af42110589ce6729fcfa5b6f8/elements - {"using":"xpath","value":"//input[contains(@id ,\"application-billingtransfer-display-component---billingWorkbench--smartFilterBar-btnBasicSearch\")]"}
RESULT: {"using":"xpath","value":"//input[contains(@id ,\"application-billingtransfer-display-component---billingWorkbench--smartFilterBar-btnBasicSearch\")]"}
COMMAND: POST /session/1078df7af42110589ce6729fcfa5b6f8/elements - {"using":"xpath","value":"//input[contains(@id ,\"application-billingtransfer-display-component---billingWorkbench--smartFilterBar-btnBasicSearch\")]"}
RESULT: {"using":"xpath","value":"//input[contains(@id ,\"application-billingtransfer-display-component---billingWorkbench--smartFilterBar-btnBasicSearch\")]"}
COMMAND: POST /session/1078df7af42110589ce6729fcfa5b6f8/elements - {"using":"xpath","value":"//input[contains(@id ,\"application-billingtransfer-display-component---billingWorkbench--smartFilterBar-btnBasicSearch\")]"}
RESULT: {"using":"xpath","value":"//input[contains(@id ,\"application-billingtransfer-display-component---billingWorkbench--smartFilterBar-btnBasicSearch\")]"}
COMMAND: POST /session/1078df7af42110589ce6729fcfa5b6f8/elements - {"using":"xpath","value":"//input[contains(@id ,\"application-billingtransfer-display-component---billingWorkbench--smartFilterBar-btnBasicSearch\")]"}
RESULT: {"using":"xpath","value":"//input[contains(@id ,\"application-billingtransfer-display-component---billingWorkbench--smartFilterBar-btnBasicSearch\")]"}
COMMAND: POST /session/1078df7af42110589ce6729fcfa5b6f8/elements - {"using":"xpath","value":"//input[contains(@id ,\"application-billingtransfer-display-component---billingWorkbench--smartFilterBar-btnBasicSearch\")]"}
RESULT: {"using":"xpath","value":"//input[contains(@id ,\"application-billingtransfer-display-component---billingWorkbench--smartFilterBar-btnBasicSearch\")]"}
COMMAND: POST /session/1078df7af42110589ce6729fcfa5b6f8/elements - {"using":"xpath","value":"//input[contains(@id ,\"application-billingtransfer-display-component---billingWorkbench--smartFilterBar-btnBasicSearch\")]"}
RESULT: {"using":"xpath","value":"//input[contains(@id ,\"application-billingtransfer-display-component---billingWorkbench--smartFilterBar-btnBasicSearch\")]"}
COMMAND: POST /session/1078df7af42110589ce6729fcfa5b6f8/elements - {"using":"xpath","value":"//input[contains(@id ,\"application-billingtransfer-display-component---billingWorkbench--smartFilterBar-btnBasicSearch\")]"}
RESULT: {"using":"xpath","value":"//input[contains(@id ,\"application-billingtransfer-display-component---billingWorkbench--smartFilterBar-btnBasicSearch\")]"}
COMMAND: POST /session/1078df7af42110589ce6729fcfa5b6f8/elements - {"using":"xpath","value":"//input[contains(@id ,\"application-billingtransfer-display-component---billingWorkbench--smartFilterBar-btnBasicSearch\")]"}
RESULT: {"using":"xpath","value":"//input[contains(@id ,\"application-billingtransfer-display-component---billingWorkbench--smartFilterBar-btnBasicSearch\")]"}
COMMAND: POST /session/1078df7af42110589ce6729fcfa5b6f8/elements - {"using":"xpath","value":"//input[contains(@id ,\"application-billingtransfer-display-component---billingWorkbench--smartFilterBar-btnBasicSearch\")]"}
RESULT: {"using":"xpath","value":"//input[contains(@id ,\"application-billingtransfer-display-component---billingWorkbench--smartFilterBar-btnBasicSearch\")]"}
COMMAND: POST /session/1078df7af42110589ce6729fcfa5b6f8/elements - {"using":"xpath","value":"//input[contains(@id ,\"application-billingtransfer-display-component---billingWorkbench--smartFilterBar-btnBasicSearch\")]"}
RESULT: {"using":"xpath","value":"//input[contains(@id ,\"application-billingtransfer-display-component---billingWorkbench--smartFilterBar-btnBasicSearch\")]"}
COMMAND: POST /session/1078df7af42110589ce6729fcfa5b6f8/elements - {"using":"xpath","value":"//input[contains(@id ,\"application-billingtransfer-display-component---billingWorkbench--smartFilterBar-btnBasicSearch\")]"}
RESULT: {"using":"xpath","value":"//input[contains(@id ,\"application-billingtransfer-display-component---billingWorkbench--smartFilterBar-btnBasicSearch\")]"}
COMMAND: POST /session/1078df7af42110589ce6729fcfa5b6f8/elements - {"using":"xpath","value":"//input[contains(@id ,\"application-billingtransfer-display-component---billingWorkbench--smartFilterBar-btnBasicSearch\")]"}
RESULT: {"using":"xpath","value":"//input[contains(@id ,\"application-billingtransfer-display-component---billingWorkbench--smartFilterBar-btnBasicSearch\")]"}
COMMAND: POST /session/1078df7af42110589ce6729fcfa5b6f8/elements - {"using":"xpath","value":"//input[contains(@id ,\"application-billingtransfer-display-component---billingWorkbench--smartFilterBar-btnBasicSearch\")]"}
RESULT: {"using":"xpath","value":"//input[contains(@id ,\"application-billingtransfer-display-component---billingWorkbench--smartFilterBar-btnBasicSearch\")]"}
COMMAND: POST /session/1078df7af42110589ce6729fcfa5b6f8/elements - {"using":"xpath","value":"//input[contains(@id ,\"application-billingtransfer-display-component---billingWorkbench--smartFilterBar-btnBasicSearch\")]"}
RESULT: {"using":"xpath","value":"//input[contains(@id ,\"application-billingtransfer-display-component---billingWorkbench--smartFilterBar-btnBasicSearch\")]"}
COMMAND: POST /session/1078df7af42110589ce6729fcfa5b6f8/elements - {"using":"xpath","value":"//input[contains(@id ,\"application-billingtransfer-display-component---billingWorkbench--smartFilterBar-btnBasicSearch\")]"}
RESULT: {"using":"xpath","value":"//input[contains(@id ,\"application-billingtransfer-display-component---billingWorkbench--smartFilterBar-btnBasicSearch\")]"}
COMMAND: POST /session/1078df7af42110589ce6729fcfa5b6f8/elements - {"using":"xpath","value":"//input[contains(@id ,\"application-billingtransfer-display-component---billingWorkbench--smartFilterBar-btnBasicSearch\")]"}
RESULT: {"using":"xpath","value":"//input[contains(@id ,\"application-billingtransfer-display-component---billingWorkbench--smartFilterBar-btnBasicSearch\")]"}
COMMAND: POST /session/1078df7af42110589ce6729fcfa5b6f8/elements - {"using":"xpath","value":"//input[contains(@id ,\"application-billingtransfer-display-component---billingWorkbench--smartFilterBar-btnBasicSearch\")]"}
RESULT: {"using":"xpath","value":"//input[contains(@id ,\"application-billingtransfer-display-component---billingWorkbench--smartFilterBar-btnBasicSearch\")]"}
COMMAND: POST /session/1078df7af42110589ce6729fcfa5b6f8/elements - {"using":"xpath","value":"//input[contains(@id ,\"application-billingtransfer-display-component---billingWorkbench--smartFilterBar-btnBasicSearch\")]"}
RESULT: {"using":"xpath","value":"//input[contains(@id ,\"application-billingtransfer-display-component---billingWorkbench--smartFilterBar-btnBasicSearch\")]"}
COMMAND: POST /session/1078df7af42110589ce6729fcfa5b6f8/elements - {"using":"xpath","value":"//input[contains(@id ,\"application-billingtransfer-display-component---billingWorkbench--smartFilterBar-btnBasicSearch\")]"}
RESULT: {"using":"xpath","value":"//input[contains(@id ,\"application-billingtransfer-display-component---billingWorkbench--smartFilterBar-btnBasicSearch\")]"}
COMMAND: POST /session/1078df7af42110589ce6729fcfa5b6f8/elements - {"using":"xpath","value":"//input[contains(@id ,\"application-billingtransfer-display-component---billingWorkbench--smartFilterBar-btnBasicSearch\")]"}
RESULT: {"using":"xpath","value":"//input[contains(@id ,\"application-billingtransfer-display-component---billingWorkbench--smartFilterBar-btnBasicSearch\")]"}
COMMAND: POST /session/1078df7af42110589ce6729fcfa5b6f8/elements - {"using":"xpath","value":"//input[contains(@id ,\"application-billingtransfer-display-component---billingWorkbench--smartFilterBar-btnBasicSearch\")]"}
RESULT: {"using":"xpath","value":"//input[contains(@id ,\"application-billingtransfer-display-component---billingWorkbench--smartFilterBar-btnBasicSearch\")]"}
COMMAND: POST /session/1078df7af42110589ce6729fcfa5b6f8/elements - {"using":"xpath","value":"//input[contains(@id ,\"application-billingtransfer-display-component---billingWorkbench--smartFilterBar-btnBasicSearch\")]"}
RESULT: {"using":"xpath","value":"//input[contains(@id ,\"application-billingtransfer-display-component---billingWorkbench--smartFilterBar-btnBasicSearch\")]"}
COMMAND: POST /session/1078df7af42110589ce6729fcfa5b6f8/elements - {"using":"xpath","value":"//input[contains(@id ,\"application-billingtransfer-display-component---billingWorkbench--smartFilterBar-btnBasicSearch\")]"}
RESULT: {"using":"xpath","value":"//input[contains(@id ,\"application-billingtransfer-display-component---billingWorkbench--smartFilterBar-btnBasicSearch\")]"}
COMMAND: POST /session/1078df7af42110589ce6729fcfa5b6f8/elements - {"using":"xpath","value":"//input[contains(@id ,\"application-billingtransfer-display-component---billingWorkbench--smartFilterBar-btnBasicSearch\")]"}
RESULT: {"using":"xpath","value":"//input[contains(@id ,\"application-billingtransfer-display-component---billingWorkbench--smartFilterBar-btnBasicSearch\")]"}
COMMAND: POST /session/1078df7af42110589ce6729fcfa5b6f8/elements - {"using":"xpath","value":"//input[contains(@id ,\"application-billingtransfer-display-component---billingWorkbench--smartFilterBar-btnBasicSearch\")]"}
RESULT: {"using":"xpath","value":"//input[contains(@id ,\"application-billingtransfer-display-component---billingWorkbench--smartFilterBar-btnBasicSearch\")]"}
COMMAND: POST /session/1078df7af42110589ce6729fcfa5b6f8/elements - {"using":"xpath","value":"//input[contains(@id ,\"application-billingtransfer-display-component---billingWorkbench--smartFilterBar-btnBasicSearch\")]"}
RESULT: {"using":"xpath","value":"//input[contains(@id ,\"application-billingtransfer-display-component---billingWorkbench--smartFilterBar-btnBasicSearch\")]"}
COMMAND: POST /session/1078df7af42110589ce6729fcfa5b6f8/elements - {"using":"xpath","value":"//input[contains(@id ,\"application-billingtransfer-display-component---billingWorkbench--smartFilterBar-btnBasicSearch\")]"}
RESULT: {"using":"xpath","value":"//input[contains(@id ,\"application-billingtransfer-display-component---billingWorkbench--smartFilterBar-btnBasicSearch\")]"}
COMMAND: POST /session/1078df7af42110589ce6729fcfa5b6f8/elements - {"using":"xpath","value":"//input[contains(@id ,\"application-billingtransfer-display-component---billingWorkbench--smartFilterBar-btnBasicSearch\")]"}
RESULT: {"using":"xpath","value":"//input[contains(@id ,\"application-billingtransfer-display-component---billingWorkbench--smartFilterBar-btnBasicSearch\")]"}
COMMAND: POST /session/1078df7af42110589ce6729fcfa5b6f8/elements - {"using":"xpath","value":"//input[contains(@id ,\"application-billingtransfer-display-component---billingWorkbench--smartFilterBar-btnBasicSearch\")]"}
RESULT: {"using":"xpath","value":"//input[contains(@id ,\"application-billingtransfer-display-component---billingWorkbench--smartFilterBar-btnBasicSearch\")]"}
COMMAND: POST /session/1078df7af42110589ce6729fcfa5b6f8/elements - {"using":"xpath","value":"//input[contains(@id ,\"application-billingtransfer-display-component---billingWorkbench--smartFilterBar-btnBasicSearch\")]"}
RESULT: {"using":"xpath","value":"//input[contains(@id ,\"application-billingtransfer-display-component---billingWorkbench--smartFilterBar-btnBasicSearch\")]"}
COMMAND: POST /session/1078df7af42110589ce6729fcfa5b6f8/elements - {"using":"xpath","value":"//input[contains(@id ,\"application-billingtransfer-display-component---billingWorkbench--smartFilterBar-btnBasicSearch\")]"}
RESULT: {"using":"xpath","value":"//input[contains(@id ,\"application-billingtransfer-display-component---billingWorkbench--smartFilterBar-btnBasicSearch\")]"}
COMMAND: POST /session/1078df7af42110589ce6729fcfa5b6f8/elements - {"using":"xpath","value":"//input[contains(@id ,\"application-billingtransfer-display-component---billingWorkbench--smartFilterBar-btnBasicSearch\")]"}
RESULT: {"using":"xpath","value":"//input[contains(@id ,\"application-billingtransfer-display-component---billingWorkbench--smartFilterBar-btnBasicSearch\")]"}
COMMAND: POST /session/1078df7af42110589ce6729fcfa5b6f8/elements - {"using":"xpath","value":"//input[contains(@id ,\"application-billingtransfer-display-component---billingWorkbench--smartFilterBar-btnBasicSearch\")]"}
RESULT: {"using":"xpath","value":"//input[contains(@id ,\"application-billingtransfer-display-component---billingWorkbench--smartFilterBar-btnBasicSearch\")]"}
COMMAND: POST /session/1078df7af42110589ce6729fcfa5b6f8/elements - {"using":"xpath","value":"//input[contains(@id ,\"application-billingtransfer-display-component---billingWorkbench--smartFilterBar-btnBasicSearch\")]"}
RESULT: {"using":"xpath","value":"//input[contains(@id ,\"application-billingtransfer-display-component---billingWorkbench--smartFilterBar-btnBasicSearch\")]"}
COMMAND: POST /session/1078df7af42110589ce6729fcfa5b6f8/elements - {"using":"xpath","value":"//input[contains(@id ,\"application-billingtransfer-display-component---billingWorkbench--smartFilterBar-btnBasicSearch\")]"}
RESULT: {"using":"xpath","value":"//input[contains(@id ,\"application-billingtransfer-display-component---billingWorkbench--smartFilterBar-btnBasicSearch\")]"}
COMMAND: POST /session/1078df7af42110589ce6729fcfa5b6f8/elements - {"using":"xpath","value":"//input[contains(@id ,\"application-billingtransfer-display-component---billingWorkbench--smartFilterBar-btnBasicSearch\")]"}
RESULT: {"using":"xpath","value":"//input[contains(@id ,\"application-billingtransfer-display-component---billingWorkbench--smartFilterBar-btnBasicSearch\")]"}
COMMAND: POST /session/1078df7af42110589ce6729fcfa5b6f8/elements - {"using":"xpath","value":"//input[contains(@id ,\"application-billingtransfer-display-component---billingWorkbench--smartFilterBar-btnBasicSearch\")]"}
RESULT: {"using":"xpath","value":"//input[contains(@id ,\"application-billingtransfer-display-component---billingWorkbench--smartFilterBar-btnBasicSearch\")]"}
COMMAND: POST /session/1078df7af42110589ce6729fcfa5b6f8/elements - {"using":"xpath","value":"//input[contains(@id ,\"application-billingtransfer-display-component---billingWorkbench--smartFilterBar-btnBasicSearch\")]"}
RESULT: {"using":"xpath","value":"//input[contains(@id ,\"application-billingtransfer-display-component---billingWorkbench--smartFilterBar-btnBasicSearch\")]"}
COMMAND: POST /session/1078df7af42110589ce6729fcfa5b6f8/elements - {"using":"xpath","value":"//input[contains(@id ,\"application-billingtransfer-display-component---billingWorkbench--smartFilterBar-btnBasicSearch\")]"}
RESULT: {"using":"xpath","value":"//input[contains(@id ,\"application-billingtransfer-display-component---billingWorkbench--smartFilterBar-btnBasicSearch\")]"}
COMMAND: POST /session/1078df7af42110589ce6729fcfa5b6f8/elements - {"using":"xpath","value":"//input[contains(@id ,\"application-billingtransfer-display-component---billingWorkbench--smartFilterBar-btnBasicSearch\")]"}
RESULT: {"using":"xpath","value":"//input[contains(@id ,\"application-billingtransfer-display-component---billingWorkbench--smartFilterBar-btnBasicSearch\")]"}
COMMAND: POST /session/1078df7af42110589ce6729fcfa5b6f8/elements - {"using":"xpath","value":"//input[contains(@id ,\"application-billingtransfer-display-component---billingWorkbench--smartFilterBar-btnBasicSearch\")]"}
RESULT: {"using":"xpath","value":"//input[contains(@id ,\"application-billingtransfer-display-component---billingWorkbench--smartFilterBar-btnBasicSearch\")]"}
COMMAND: POST /session/1078df7af42110589ce6729fcfa5b6f8/elements - {"using":"xpath","value":"//input[contains(@id ,\"application-billingtransfer-display-component---billingWorkbench--smartFilterBar-btnBasicSearch\")]"}
RESULT: {"using":"xpath","value":"//input[contains(@id ,\"application-billingtransfer-display-component---billingWorkbench--smartFilterBar-btnBasicSearch\")]"}
COMMAND: POST /session/1078df7af42110589ce6729fcfa5b6f8/elements - {"using":"xpath","value":"//input[contains(@id ,\"application-billingtransfer-display-component---billingWorkbench--smartFilterBar-btnBasicSearch\")]"}
RESULT: {"using":"xpath","value":"//input[contains(@id ,\"application-billingtransfer-display-component---billingWorkbench--smartFilterBar-btnBasicSearch\")]"}
COMMAND: POST /session/1078df7af42110589ce6729fcfa5b6f8/elements - {"using":"xpath","value":"//input[contains(@id ,\"application-billingtransfer-display-component---billingWorkbench--smartFilterBar-btnBasicSearch\")]"}
RESULT: {"using":"xpath","value":"//input[contains(@id ,\"application-billingtransfer-display-component---billingWorkbench--smartFilterBar-btnBasicSearch\")]"}
COMMAND: POST /session/1078df7af42110589ce6729fcfa5b6f8/elements - {"using":"xpath","value":"//input[contains(@id ,\"application-billingtransfer-display-component---billingWorkbench--smartFilterBar-btnBasicSearch\")]"}
RESULT: {"using":"xpath","value":"//input[contains(@id ,\"application-billingtransfer-display-component---billingWorkbench--smartFilterBar-btnBasicSearch\")]"}
COMMAND: POST /session/1078df7af42110589ce6729fcfa5b6f8/elements - {"using":"xpath","value":"//input[contains(@id ,\"application-billingtransfer-display-component---billingWorkbench--smartFilterBar-btnBasicSearch\")]"}
RESULT: {"using":"xpath","value":"//input[contains(@id ,\"application-billingtransfer-display-component---billingWorkbench--smartFilterBar-btnBasicSearch\")]"}
COMMAND: POST /session/1078df7af42110589ce6729fcfa5b6f8/elements - {"using":"xpath","value":"//input[contains(@id ,\"application-billingtransfer-display-component---billingWorkbench--smartFilterBar-btnBasicSearch\")]"}
RESULT: {"using":"xpath","value":"//input[contains(@id ,\"application-billingtransfer-display-component---billingWorkbench--smartFilterBar-btnBasicSearch\")]"}
COMMAND: POST /session/1078df7af42110589ce6729fcfa5b6f8/elements - {"using":"xpath","value":"//input[contains(@id ,\"application-billingtransfer-display-component---billingWorkbench--smartFilterBar-btnBasicSearch\")]"}
RESULT: {"using":"xpath","value":"//input[contains(@id ,\"application-billingtransfer-display-component---billingWorkbench--smartFilterBar-btnBasicSearch\")]"}
COMMAND: POST /session/1078df7af42110589ce6729fcfa5b6f8/elements - {"using":"xpath","value":"//input[contains(@id ,\"application-billingtransfer-display-component---billingWorkbench--smartFilterBar-btnBasicSearch\")]"}
COMMAND: GET /session/1078df7af42110589ce6729fcfa5b6f8/screenshot - {}
RESULT: {"using":"xpath","value":"//input[contains(@id ,\"application-billingtransfer-display-component---billingWorkbench--smartFilterBar-btnBasicSearch\")]"}
RESULT: {}
COMMAND: GET /session/1078df7af42110589ce6729fcfa5b6f8/screenshot - {}
COMMAND: GET /session/1078df7af42110589ce6729fcfa5b6f8/screenshot - {}
RESULT: {}
RESULT: {}
COMMAND: DELETE /session/1078df7af42110589ce6729fcfa5b6f8 - {}
RESULT: {}
]]></system-out>
      <system-err><![CDATA[
Error: element ("//input[contains(@id ,"application-billingtransfer-display-component---billingWorkbench--smartFilterBar-btnBasicSearch")]") still not existing after 45000ms
    at async UtilsPrerequisites.narrowDownSearchBT (D:\a\1\s\test\specs\BTS\prerequisites-and-utils-functions.js:2882:9)
    at async UtilsPrerequisites.billingTransfer (D:\a\1\s\test\specs\BTS\prerequisites-and-utils-functions.js:2807:9)
    at async Context.<anonymous> (D:\a\1\s\test\specs\BTS\reverse-billing.spec.js:95:9)
]]></system-err>
    </testcase>
  </testsuite>
</testsuites>