<?xml version="1.0" encoding="UTF-8"?>
<testsuites tests="23" failures="1" errors="1" skipped="0">
  <testsuite timestamp="2025-05-14T17:53:58" time="1199.463" tests="6" failures="0" errors="0" skipped="0">
    <properties>
      <property name="specId" value="0" />
      <property name="suiteName" value="Standard contract - add contract items by Insert Request US118222" />
      <property name="capabilities" value="chrome.136_0_7103_49.windows" />
      <property name="file" value="file:///D:/a/1/s/test/specs/R2C/standard-contract-add-contract-items-by-insert-request.spec.js" />
    </properties>
    <testcase classname="chrome.136_0_7103_49.windows.Standard_contract_-_add_contract_items_by_Insert_Request_US118222" name="Should create prerequisites yard partner site material and equipment" time="330.903">
      <system-out><![CDATA[
COMMAND: POST /session/b614b8bdf87ea745e2832f5d1487871c/execute/async - {"script":"<script> [1562 bytes]","args":[{"selector":{"controlType":"sap.m.GenericTile","properties":{"header":"Manage Yards"}},"wdio_ui5_key":"sapm.GenericTile{\"header\":\"Manage Yards\"}"}]}
RESULT: {"script":"<script> [1562 bytes]","args":[{"selector":{"controlType":"sap.m.GenericTile","properties":{"header":"Manage Yards"}},"wdio_ui5_key":"sapm.GenericTile{\"header\":\"Manage Yards\"}"}]}
RESULT: undefined
COMMAND: POST /session/b614b8bdf87ea745e2832f5d1487871c/element - {"using":"xpath","value":"//*[@id=\"__tile41\"]"}
RESULT: {"using":"xpath","value":"//*[@id=\"__tile41\"]"}
COMMAND: POST /session/b614b8bdf87ea745e2832f5d1487871c/element/f.E141158646C81433446781BCB2447156.d.6175E225368FF81B382D6249D1BF212A.e.119/click - {}
RESULT: {}
COMMAND: GET /session/b614b8bdf87ea745e2832f5d1487871c/screenshot - {}
RESULT: {}
COMMAND: POST /session/b614b8bdf87ea745e2832f5d1487871c/elements - {"using":"xpath","value":"//span[text()='Error']"}
RESULT: {"using":"xpath","value":"//span[text()='Error']"}
COMMAND: POST /session/b614b8bdf87ea745e2832f5d1487871c/execute/async - {"script":"<script> [1562 bytes]","args":[{"selector":{"controlType":"sap.ui.core.Icon","viewName":"etm.portal.ui.manageyards.view.Master","viewId":"application-manageyards-display-component---masterYard","properties":{"src":{"regex":{"source":"add"}}}},"wdio_ui5_key":"etmportal.ui.manageyards.view.Mastersap.ui.core.Icon{\"src\":{\"regex\":{\"source\":\"add\"}}}"}]}
RESULT: {"script":"<script> [1562 bytes]","args":[{"selector":{"controlType":"sap.ui.core.Icon","viewName":"etm.portal.ui.manageyards.view.Master","viewId":"application-manageyards-display-component---masterYard","properties":{"src":{"regex":{"source":"add"}}}},"wdio_ui5_key":"etmportal.ui.manageyards.view.Mastersap.ui.core.Icon{\"src\":{\"regex\":{\"source\":\"add\"}}}"}]}
RESULT: undefined
COMMAND: POST /session/b614b8bdf87ea745e2832f5d1487871c/element - {"using":"xpath","value":"//*[@id=\"__button4-img\"]"}
RESULT: {"using":"xpath","value":"//*[@id=\"__button4-img\"]"}
COMMAND: POST /session/b614b8bdf87ea745e2832f5d1487871c/element/f.E141158646C81433446781BCB2447156.d.6175E225368FF81B382D6249D1BF212A.e.165/click - {}
RESULT: {}
COMMAND: GET /session/b614b8bdf87ea745e2832f5d1487871c/screenshot - {}
RESULT: {}
COMMAND: POST /session/b614b8bdf87ea745e2832f5d1487871c/execute/async - {"script":"<script> [1562 bytes]","args":[{"selector":{"id":"application-manageyards-display-component---NewYard--yardId","interaction":{"idSuffix":"inner"}},"wdio_ui5_key":"applicationmanageyards-display-component---NewYard--yardId"}]}
RESULT: {"script":"<script> [1562 bytes]","args":[{"selector":{"id":"application-manageyards-display-component---NewYard--yardId","interaction":{"idSuffix":"inner"}},"wdio_ui5_key":"applicationmanageyards-display-component---NewYard--yardId"}]}
RESULT: undefined
COMMAND: POST /session/b614b8bdf87ea745e2832f5d1487871c/element - {"using":"xpath","value":"//*[@id=\"application-manageyards-display-component---NewYard--addressDetailDetailsName1-inner\"]"}
RESULT: {"using":"xpath","value":"//*[@id=\"application-manageyards-display-component---NewYard--addressDetailDetailsName1-inner\"]"}
COMMAND: POST /session/b614b8bdf87ea745e2832f5d1487871c/element/f.E141158646C81433446781BCB2447156.d.6175E225368FF81B382D6249D1BF212A.e.297/clear - {}
RESULT: {}
COMMAND: POST /session/b614b8bdf87ea745e2832f5d1487871c/element/f.E141158646C81433446781BCB2447156.d.6175E225368FF81B382D6249D1BF212A.e.297/value - {"text":"WebdriverYard1j42w"}
COMMAND: GET /session/b614b8bdf87ea745e2832f5d1487871c/screenshot - {}
RESULT: {"text":"WebdriverYard1j42w"}
COMMAND: POST /session/b614b8bdf87ea745e2832f5d1487871c/element - {"using":"xpath","value":"//*[@id=\"application-manageyards-display-component---NewYard--addressDetailDetailsLanguage-inner\"]"}
COMMAND: GET /session/b614b8bdf87ea745e2832f5d1487871c/screenshot - {}
RESULT: {}
RESULT: {"using":"xpath","value":"//*[@id=\"application-manageyards-display-component---NewYard--addressDetailDetailsLanguage-inner\"]"}
COMMAND: POST /session/b614b8bdf87ea745e2832f5d1487871c/element/f.E141158646C81433446781BCB2447156.d.6175E225368FF81B382D6249D1BF212A.e.298/clear - {}
RESULT: {}
RESULT: {}
COMMAND: POST /session/b614b8bdf87ea745e2832f5d1487871c/element/f.E141158646C81433446781BCB2447156.d.6175E225368FF81B382D6249D1BF212A.e.298/value - {"text":"Romanian"}
COMMAND: GET /session/b614b8bdf87ea745e2832f5d1487871c/screenshot - {}
RESULT: {"text":"Romanian"}
COMMAND: POST /session/b614b8bdf87ea745e2832f5d1487871c/element - {"using":"xpath","value":"//input[contains(@id ,\"application-manageyards-display-component---NewYard--addressDetailDetailsName1-inner\")]"}
COMMAND: GET /session/b614b8bdf87ea745e2832f5d1487871c/screenshot - {}
RESULT: {}
RESULT: {"using":"xpath","value":"//input[contains(@id ,\"application-manageyards-display-component---NewYard--addressDetailDetailsName1-inner\")]"}
COMMAND: GET /session/b614b8bdf87ea745e2832f5d1487871c/element/f.E141158646C81433446781BCB2447156.d.6175E225368FF81B382D6249D1BF212A.e.297/property/value - {}
RESULT: {}
RESULT: {}
COMMAND: GET /session/b614b8bdf87ea745e2832f5d1487871c/screenshot - {}
RESULT: {}
COMMAND: POST /session/b614b8bdf87ea745e2832f5d1487871c/element - {"using":"xpath","value":"//*[@id=\"application-manageyards-display-component---NewYard--addressDetailDetailsCity1-inner\"]"}
RESULT: {"using":"xpath","value":"//*[@id=\"application-manageyards-display-component---NewYard--addressDetailDetailsCity1-inner\"]"}
COMMAND: POST /session/b614b8bdf87ea745e2832f5d1487871c/element/f.E141158646C81433446781BCB2447156.d.6175E225368FF81B382D6249D1BF212A.e.300/clear - {}
RESULT: {}
COMMAND: POST /session/b614b8bdf87ea745e2832f5d1487871c/element/f.E141158646C81433446781BCB2447156.d.6175E225368FF81B382D6249D1BF212A.e.300/value - {"text":"Bucuresti"}
COMMAND: GET /session/b614b8bdf87ea745e2832f5d1487871c/screenshot - {}
RESULT: {"text":"Bucuresti"}
COMMAND: GET /session/b614b8bdf87ea745e2832f5d1487871c/screenshot - {}
RESULT: {}
RESULT: {}
COMMAND: POST /session/b614b8bdf87ea745e2832f5d1487871c/element - {"using":"xpath","value":"//*[@id=\"application-manageyards-display-component---NewYard--addressDetailDetailsCountry-inner\"]"}
RESULT: {"using":"xpath","value":"//*[@id=\"application-manageyards-display-component---NewYard--addressDetailDetailsCountry-inner\"]"}
COMMAND: POST /session/b614b8bdf87ea745e2832f5d1487871c/element/f.E141158646C81433446781BCB2447156.d.6175E225368FF81B382D6249D1BF212A.e.304/clear - {}
RESULT: {}
COMMAND: POST /session/b614b8bdf87ea745e2832f5d1487871c/element/f.E141158646C81433446781BCB2447156.d.6175E225368FF81B382D6249D1BF212A.e.304/value - {"text":"Romania"}
COMMAND: GET /session/b614b8bdf87ea745e2832f5d1487871c/screenshot - {}
RESULT: {"text":"Romania"}
COMMAND: GET /session/b614b8bdf87ea745e2832f5d1487871c/screenshot - {}
RESULT: {}
COMMAND: POST /session/b614b8bdf87ea745e2832f5d1487871c/element - {"using":"xpath","value":"//div[contains(text(), \"Commercial\")]"}
RESULT: {}
RESULT: {"using":"xpath","value":"//div[contains(text(), \"Commercial\")]"}
COMMAND: GET /session/b614b8bdf87ea745e2832f5d1487871c/element/f.E141158646C81433446781BCB2447156.d.6175E225368FF81B382D6249D1BF212A.e.576/rect - {}
RESULT: {}
COMMAND: GET /session/b614b8bdf87ea745e2832f5d1487871c/window/rect - {}
RESULT: {}
COMMAND: POST /session/b614b8bdf87ea745e2832f5d1487871c/execute/sync - {"script":"<script> [92 bytes]","args":[]}
RESULT: {"script":"<script> [92 bytes]","args":[]}
COMMAND: POST /session/b614b8bdf87ea745e2832f5d1487871c/actions - {"actions":[{"id":"action1","type":"wheel","parameters":{},"actions":[{"type":"scroll","x":-1841,"y":-44,"deltaX":0,"deltaY":0,"duration":0,"origin":{"element-6066-11e4-a52e-4f735466cecf":"f.E141158646C81433446781BCB2447156.d.6175E225368FF81B382D6249D1BF212A.e.576"}}]}]}
COMMAND: GET /session/b614b8bdf87ea745e2832f5d1487871c/screenshot - {}
RESULT: {}
COMMAND: POST /session/b614b8bdf87ea745e2832f5d1487871c/execute/sync - {"script":"<script> [79 bytes]","args":[{"element-6066-11e4-a52e-4f735466cecf":"f.E141158646C81433446781BCB2447156.d.6175E225368FF81B382D6249D1BF212A.e.576","ELEMENT":"f.E141158646C81433446781BCB2447156.d.6175E225368FF81B382D6249D1BF212A.e.576"},{"block":"start","inline":"nearest"}]}
RESULT: {"script":"<script> [79 bytes]","args":[{"element-6066-11e4-a52e-4f735466cecf":"f.E141158646C81433446781BCB2447156.d.6175E225368FF81B382D6249D1BF212A.e.576","ELEMENT":"f.E141158646C81433446781BCB2447156.d.6175E225368FF81B382D6249D1BF212A.e.576"},{"block":"start","inline":"nearest"}]}
COMMAND: GET /session/b614b8bdf87ea745e2832f5d1487871c/screenshot - {}
RESULT: {}
COMMAND: POST /session/b614b8bdf87ea745e2832f5d1487871c/execute/async - {"script":"<script> [1562 bytes]","args":[{"selector":{"id":"application-manageyards-display-component---NewYard--addressEditDetailsCostObjectCstType-arrow"},"wdio_ui5_key":"applicationmanageyards-display-component---NewYard--addressEditDetailsCostObjectCstType-arrow"}]}
RESULT: {"script":"<script> [1562 bytes]","args":[{"selector":{"id":"application-manageyards-display-component---NewYard--addressEditDetailsCostObjectCstType-arrow"},"wdio_ui5_key":"applicationmanageyards-display-component---NewYard--addressEditDetailsCostObjectCstType-arrow"}]}
RESULT: undefined
COMMAND: POST /session/b614b8bdf87ea745e2832f5d1487871c/element - {"using":"xpath","value":"//*[@id=\"application-manageyards-display-component---NewYard--addressEditDetailsCostObjectCstType-arrow\"]"}
RESULT: {"using":"xpath","value":"//*[@id=\"application-manageyards-display-component---NewYard--addressEditDetailsCostObjectCstType-arrow\"]"}
COMMAND: POST /session/b614b8bdf87ea745e2832f5d1487871c/element/f.E141158646C81433446781BCB2447156.d.6175E225368FF81B382D6249D1BF212A.e.585/click - {}
RESULT: {}
COMMAND: POST /session/b614b8bdf87ea745e2832f5d1487871c/element - {"using":"xpath","value":"//span[contains(text(), \"Cost Center\")]"}
COMMAND: GET /session/b614b8bdf87ea745e2832f5d1487871c/screenshot - {}
RESULT: {"using":"xpath","value":"//span[contains(text(), \"Cost Center\")]"}
COMMAND: POST /session/b614b8bdf87ea745e2832f5d1487871c/element/f.E141158646C81433446781BCB2447156.d.6175E225368FF81B382D6249D1BF212A.e.586/click - {}
RESULT: {}
RESULT: {}
COMMAND: GET /session/b614b8bdf87ea745e2832f5d1487871c/screenshot - {}
RESULT: {}
COMMAND: POST /session/b614b8bdf87ea745e2832f5d1487871c/execute/async - {"script":"<script> [1562 bytes]","args":[{"selector":{"id":"application-manageyards-display-component---NewYard--addressNewCostObjectCstID-vhi"},"wdio_ui5_key":"applicationmanageyards-display-component---NewYard--addressNewCostObjectCstID-vhi"}]}
RESULT: {"script":"<script> [1562 bytes]","args":[{"selector":{"id":"application-manageyards-display-component---NewYard--addressNewCostObjectCstID-vhi"},"wdio_ui5_key":"applicationmanageyards-display-component---NewYard--addressNewCostObjectCstID-vhi"}]}
RESULT: undefined
COMMAND: POST /session/b614b8bdf87ea745e2832f5d1487871c/element - {"using":"xpath","value":"//*[@id=\"application-manageyards-display-component---NewYard--addressNewCostObjectCstID-vhi\"]"}
RESULT: {"using":"xpath","value":"//*[@id=\"application-manageyards-display-component---NewYard--addressNewCostObjectCstID-vhi\"]"}
COMMAND: POST /session/b614b8bdf87ea745e2832f5d1487871c/element/f.E141158646C81433446781BCB2447156.d.6175E225368FF81B382D6249D1BF212A.e.590/click - {}
RESULT: {}
COMMAND: GET /session/b614b8bdf87ea745e2832f5d1487871c/screenshot - {}
RESULT: {}
COMMAND: POST /session/b614b8bdf87ea745e2832f5d1487871c/execute/async - {"script":"<script> [1562 bytes]","args":[{"selector":{"controlType":"sap.m.SearchField","properties":{"placeholder":"Search"},"searchOpenDialogs":true,"interaction":{"idSuffix":"I"}},"wdio_ui5_key":"sapm.SearchField{\"placeholder\":\"Search\"}"}]}
RESULT: {"script":"<script> [1562 bytes]","args":[{"selector":{"controlType":"sap.m.SearchField","properties":{"placeholder":"Search"},"searchOpenDialogs":true,"interaction":{"idSuffix":"I"}},"wdio_ui5_key":"sapm.SearchField{\"placeholder\":\"Search\"}"}]}
RESULT: undefined
COMMAND: POST /session/b614b8bdf87ea745e2832f5d1487871c/execute/async - {"script":"<script> [776 bytes]","args":[{"enterText":"10001013","selector":{"controlType":"sap.m.SearchField","properties":{"placeholder":"Search"},"searchOpenDialogs":true,"interaction":{"idSuffix":"I"}},"clearTextFirst":true,"interactionType":"ENTER_TEXT"}]}
RESULT: {"script":"<script> [776 bytes]","args":[{"enterText":"10001013","selector":{"controlType":"sap.m.SearchField","properties":{"placeholder":"Search"},"searchOpenDialogs":true,"interaction":{"idSuffix":"I"}},"clearTextFirst":true,"interactionType":"ENTER_TEXT"}]}
COMMAND: POST /session/b614b8bdf87ea745e2832f5d1487871c/actions - {"actions":[{"id":"action2","type":"key","parameters":{},"actions":[{"type":"keyDown","value":"î€‡"},{"type":"pause","duration":10},{"type":"keyUp","value":"î€‡"}]}]}
RESULT: {"actions":[{"id":"action2","type":"key","parameters":{},"actions":[{"type":"keyDown","value":"î€‡"},{"type":"pause","duration":10},{"type":"keyUp","value":"î€‡"}]}]}
COMMAND: GET /session/b614b8bdf87ea745e2832f5d1487871c/screenshot - {}
RESULT: {}
COMMAND: POST /session/b614b8bdf87ea745e2832f5d1487871c/element - {"using":"xpath","value":"//span[contains(text(), \"General Management\")]"}
RESULT: {"using":"xpath","value":"//span[contains(text(), \"General Management\")]"}
COMMAND: POST /session/b614b8bdf87ea745e2832f5d1487871c/element/f.E141158646C81433446781BCB2447156.d.6175E225368FF81B382D6249D1BF212A.e.631/click - {}
RESULT: {}
COMMAND: GET /session/b614b8bdf87ea745e2832f5d1487871c/screenshot - {}
RESULT: {}
COMMAND: POST /session/b614b8bdf87ea745e2832f5d1487871c/element - {"using":"xpath","value":"//bdi[contains(text(), \"OK\")]"}
RESULT: {"using":"xpath","value":"//bdi[contains(text(), \"OK\")]"}
COMMAND: POST /session/b614b8bdf87ea745e2832f5d1487871c/element/f.E141158646C81433446781BCB2447156.d.6175E225368FF81B382D6249D1BF212A.e.632/click - {}
RESULT: {}
COMMAND: GET /session/b614b8bdf87ea745e2832f5d1487871c/screenshot - {}
RESULT: {}
COMMAND: POST /session/b614b8bdf87ea745e2832f5d1487871c/execute/async - {"script":"<script> [1562 bytes]","args":[{"selector":{"controlType":"sap.m.Button","viewName":"etm.portal.ui.manageyards.view.New","viewId":"application-manageyards-display-component---NewYard","i18NText":{"propertyName":"text","key":"save"},"interaction":{"idSuffix":"inner"}},"wdio_ui5_key":"etmportal.ui.manageyards.view.Newsap.m.Button{\"propertyName\":\"text\",\"key\":\"save\"}"}]}
RESULT: {"script":"<script> [1562 bytes]","args":[{"selector":{"controlType":"sap.m.Button","viewName":"etm.portal.ui.manageyards.view.New","viewId":"application-manageyards-display-component---NewYard","i18NText":{"propertyName":"text","key":"save"},"interaction":{"idSuffix":"inner"}},"wdio_ui5_key":"etmportal.ui.manageyards.view.Newsap.m.Button{\"propertyName\":\"text\",\"key\":\"save\"}"}]}
RESULT: undefined
COMMAND: POST /session/b614b8bdf87ea745e2832f5d1487871c/element - {"using":"xpath","value":"//*[@id=\"__button18\"]"}
RESULT: {"using":"xpath","value":"//*[@id=\"__button18\"]"}
COMMAND: POST /session/b614b8bdf87ea745e2832f5d1487871c/element/f.E141158646C81433446781BCB2447156.d.6175E225368FF81B382D6249D1BF212A.e.535/click - {}
RESULT: {}
COMMAND: GET /session/b614b8bdf87ea745e2832f5d1487871c/screenshot - {}
RESULT: {}
COMMAND: POST /session/b614b8bdf87ea745e2832f5d1487871c/element - {"using":"xpath","value":"//header/div/div[2]/div[2]/span"}
RESULT: {"using":"xpath","value":"//header/div/div[2]/div[2]/span"}
COMMAND: GET /session/b614b8bdf87ea745e2832f5d1487871c/element/f.E141158646C81433446781BCB2447156.d.6175E225368FF81B382D6249D1BF212A.e.830/text - {}
RESULT: {}
COMMAND: POST /session/b614b8bdf87ea745e2832f5d1487871c/execute/async - {"script":"<script> [1562 bytes]","args":[{"selector":{"controlType":"sap.m.OverflowToolbarButton","viewName":"etm.portal.ui.manageyards.view.Detail","viewId":"application-manageyards-display-component---detailYard","i18NText":{"propertyName":"tooltip","key":"closeColumn"},"interaction":{"idSuffix":"inner"}},"wdio_ui5_key":"etmportal.ui.manageyards.view.Detailsap.m.OverflowToolbarButton{\"propertyName\":\"tooltip\",\"key\":\"closeColumn\"}"}]}
RESULT: {"script":"<script> [1562 bytes]","args":[{"selector":{"controlType":"sap.m.OverflowToolbarButton","viewName":"etm.portal.ui.manageyards.view.Detail","viewId":"application-manageyards-display-component---detailYard","i18NText":{"propertyName":"tooltip","key":"closeColumn"},"interaction":{"idSuffix":"inner"}},"wdio_ui5_key":"etmportal.ui.manageyards.view.Detailsap.m.OverflowToolbarButton{\"propertyName\":\"tooltip\",\"key\":\"closeColumn\"}"}]}
RESULT: undefined
COMMAND: POST /session/b614b8bdf87ea745e2832f5d1487871c/element - {"using":"xpath","value":"//*[@id=\"__button40\"]"}
RESULT: {"using":"xpath","value":"//*[@id=\"__button40\"]"}
COMMAND: POST /session/b614b8bdf87ea745e2832f5d1487871c/element/f.E141158646C81433446781BCB2447156.d.6175E225368FF81B382D6249D1BF212A.e.832/click - {}
RESULT: {}
COMMAND: GET /session/b614b8bdf87ea745e2832f5d1487871c/screenshot - {}
RESULT: {}
COMMAND: POST /session/b614b8bdf87ea745e2832f5d1487871c/element - {"using":"css selector","value":"#shell-header-logo"}
RESULT: {"using":"css selector","value":"#shell-header-logo"}
COMMAND: POST /session/b614b8bdf87ea745e2832f5d1487871c/element/f.E141158646C81433446781BCB2447156.d.6175E225368FF81B382D6249D1BF212A.e.121/click - {}
RESULT: {}
COMMAND: GET /session/b614b8bdf87ea745e2832f5d1487871c/screenshot - {}
RESULT: {}
COMMAND: POST /session/b614b8bdf87ea745e2832f5d1487871c/refresh - {}
RESULT: {}
COMMAND: GET /session/b614b8bdf87ea745e2832f5d1487871c/screenshot - {}
RESULT: {}
COMMAND: POST /session/b614b8bdf87ea745e2832f5d1487871c/execute/async - {"script":"<script> [189 bytes]","args":[]}
RESULT: {"script":"<script> [189 bytes]","args":[]}
COMMAND: POST /session/b614b8bdf87ea745e2832f5d1487871c/execute/async - {"script":"<script> [123 bytes]","args":[]}
RESULT: {"script":"<script> [123 bytes]","args":[]}
COMMAND: POST /session/b614b8bdf87ea745e2832f5d1487871c/timeouts - {"script":"<number>"}
RESULT: {"script":"<number>"}
COMMAND: GET /session/b614b8bdf87ea745e2832f5d1487871c/timeouts - {}
RESULT: {}
RESULT: undefined
COMMAND: POST /session/b614b8bdf87ea745e2832f5d1487871c/execute/async - {"script":"<script> [2676 bytes]","args":[]}
RESULT: {"script":"<script> [2676 bytes]","args":[]}
COMMAND: POST /session/b614b8bdf87ea745e2832f5d1487871c/execute/async - {"script":"<script> [2342 bytes]","args":[{"protocol":"http","hostname":"0.0.0.0","path":"/","capabilities":{"browserName":"chrome","goog:chromeOptions":{"binary":"C:\\Program Files\\Google\\Chrome\\Application\\chrome.exe","args":["--start-maximized"]}},"logLevel":"warn","connectionRetryTimeout":120000,"connectionRetryCount":3,"logLevels":{},"enableDirectConnect":true,"strictSSL":true,"_":"65 more keys: [\"cacheDir\",\"port\",\"requestedCapabilities\",\"automationProtocol\",\"baseUrl\",\"waitforInterval\",\"waitforTimeout\",\"onReload\",\"beforeCommand\",\"afterCommand\",\"rootDir\",\"specs\",\"suites\",\"exclude\",\"groupLogsByTestSpec\",\"excludeDriverLogs\",\"bail\",\"framework\",\"reporters\",\"services\",\"maxInstances\",\"maxInstancesPerCapability\",\"injectGlobals\",\"filesToWatch\",\"execArgv\",\"runnerEnv\",\"runner\",\"shard\",\"specFileRetries\",\"specFileRetriesDelay\",\"specFileRetriesDeferred\",\"reporterSyncInterval\",\"reporterSyncTimeout\",\"cucumberFeaturesWithLineNumbers\",\"autoCompileOpts\",\"mochaOpts\",\"jasmineOpts\",\"cucumberOpts\",\"onPrepare\",\"onWorkerStart\",\"onWorkerEnd\",\"before\",\"beforeSession\",\"beforeSuite\",\"beforeHook\",\"beforeTest\",\"afterTest\",\"afterHook\",\"afterSuite\",\"afterSession\",\"after\",\"onComplete\",\"beforeAssertion\",\"afterAssertion\",\"beforeFeature\",\"beforeScenario\",\"beforeStep\",\"afterStep\",\"afterScenario\",\"afterFeature\",\"_\",\"suite\",\"$0\",\"ignoredWorkerServices\",\"wdi5\"]"}]}
RESULT: {"script":"<script> [2342 bytes]","args":[{"protocol":"http","hostname":"0.0.0.0","path":"/","capabilities":{"browserName":"chrome","goog:chromeOptions":{"binary":"C:\\Program Files\\Google\\Chrome\\Application\\chrome.exe","args":["--start-maximized"]}},"logLevel":"warn","connectionRetryTimeout":120000,"connectionRetryCount":3,"logLevels":{},"enableDirectConnect":true,"strictSSL":true,"_":"65 more keys: [\"cacheDir\",\"port\",\"requestedCapabilities\",\"automationProtocol\",\"baseUrl\",\"waitforInterval\",\"waitforTimeout\",\"onReload\",\"beforeCommand\",\"afterCommand\",\"rootDir\",\"specs\",\"suites\",\"exclude\",\"groupLogsByTestSpec\",\"excludeDriverLogs\",\"bail\",\"framework\",\"reporters\",\"services\",\"maxInstances\",\"maxInstancesPerCapability\",\"injectGlobals\",\"filesToWatch\",\"execArgv\",\"runnerEnv\",\"runner\",\"shard\",\"specFileRetries\",\"specFileRetriesDelay\",\"specFileRetriesDeferred\",\"reporterSyncInterval\",\"reporterSyncTimeout\",\"cucumberFeaturesWithLineNumbers\",\"autoCompileOpts\",\"mochaOpts\",\"jasmineOpts\",\"cucumberOpts\",\"onPrepare\",\"onWorkerStart\",\"onWorkerEnd\",\"before\",\"beforeSession\",\"beforeSuite\",\"beforeHook\",\"beforeTest\",\"afterTest\",\"afterHook\",\"afterSuite\",\"afterSession\",\"after\",\"onComplete\",\"beforeAssertion\",\"afterAssertion\",\"beforeFeature\",\"beforeScenario\",\"beforeStep\",\"afterStep\",\"afterScenario\",\"afterFeature\",\"_\",\"suite\",\"$0\",\"ignoredWorkerServices\",\"wdi5\"]"}]}
COMMAND: POST /session/b614b8bdf87ea745e2832f5d1487871c/execute/async - {"script":"<script> [21126 bytes]","args":[35000]}
RESULT: {"script":"<script> [21126 bytes]","args":[35000]}
COMMAND: POST /session/b614b8bdf87ea745e2832f5d1487871c/execute/async - {"script":"<script> [1562 bytes]","args":[{"selector":{"controlType":"sap.m.GenericTile","properties":{"header":"Manage Partners"}},"wdio_ui5_key":"sapm.GenericTile{\"header\":\"Manage Partners\"}"}]}
RESULT: {"script":"<script> [1562 bytes]","args":[{"selector":{"controlType":"sap.m.GenericTile","properties":{"header":"Manage Partners"}},"wdio_ui5_key":"sapm.GenericTile{\"header\":\"Manage Partners\"}"}]}
RESULT: undefined
COMMAND: POST /session/b614b8bdf87ea745e2832f5d1487871c/element - {"using":"xpath","value":"//*[@id=\"__tile38\"]"}
RESULT: {"using":"xpath","value":"//*[@id=\"__tile38\"]"}
COMMAND: POST /session/b614b8bdf87ea745e2832f5d1487871c/element/f.E141158646C81433446781BCB2447156.d.25E6BBF260263AE23E0539F6D8B586B2.e.1183/click - {}
RESULT: {}
COMMAND: GET /session/b614b8bdf87ea745e2832f5d1487871c/screenshot - {}
RESULT: {}
COMMAND: POST /session/b614b8bdf87ea745e2832f5d1487871c/elements - {"using":"xpath","value":"//span[text()='Error']"}
RESULT: {"using":"xpath","value":"//span[text()='Error']"}
COMMAND: POST /session/b614b8bdf87ea745e2832f5d1487871c/execute/async - {"script":"<script> [1562 bytes]","args":[{"selector":{"controlType":"sap.ui.core.Icon","viewName":"etm.portal.ui.managepartners.view.Master","viewId":"application-managepartners-display-component---masterPtm","properties":{"src":{"regex":{"source":"add"}}}},"wdio_ui5_key":"etmportal.ui.managepartners.view.Mastersap.ui.core.Icon{\"src\":{\"regex\":{\"source\":\"add\"}}}"}]}
RESULT: {"script":"<script> [1562 bytes]","args":[{"selector":{"controlType":"sap.ui.core.Icon","viewName":"etm.portal.ui.managepartners.view.Master","viewId":"application-managepartners-display-component---masterPtm","properties":{"src":{"regex":{"source":"add"}}}},"wdio_ui5_key":"etmportal.ui.managepartners.view.Mastersap.ui.core.Icon{\"src\":{\"regex\":{\"source\":\"add\"}}}"}]}
RESULT: undefined
COMMAND: POST /session/b614b8bdf87ea745e2832f5d1487871c/element - {"using":"xpath","value":"//*[@id=\"__button4-img\"]"}
RESULT: {"using":"xpath","value":"//*[@id=\"__button4-img\"]"}
COMMAND: POST /session/b614b8bdf87ea745e2832f5d1487871c/element/f.E141158646C81433446781BCB2447156.d.25E6BBF260263AE23E0539F6D8B586B2.e.1235/click - {}
RESULT: {}
COMMAND: GET /session/b614b8bdf87ea745e2832f5d1487871c/screenshot - {}
RESULT: {}
COMMAND: POST /session/b614b8bdf87ea745e2832f5d1487871c/execute/async - {"script":"<script> [1562 bytes]","args":[{"selector":{"id":"application-managepartners-display-component---NewPartner--partnerId","interaction":{"idSuffix":"inner"}},"wdio_ui5_key":"applicationmanagepartners-display-component---NewPartner--partnerId"}]}
RESULT: {"script":"<script> [1562 bytes]","args":[{"selector":{"id":"application-managepartners-display-component---NewPartner--partnerId","interaction":{"idSuffix":"inner"}},"wdio_ui5_key":"applicationmanagepartners-display-component---NewPartner--partnerId"}]}
RESULT: undefined
COMMAND: POST /session/b614b8bdf87ea745e2832f5d1487871c/execute/async - {"script":"<script> [1562 bytes]","args":[{"selector":{"id":"application-managepartners-display-component---NewPartner--addressDetailDetailsName1","interaction":{"idSuffix":"inner"}},"wdio_ui5_key":"applicationmanagepartners-display-component---NewPartner--addressDetailDetailsName1"}]}
RESULT: {"script":"<script> [1562 bytes]","args":[{"selector":{"id":"application-managepartners-display-component---NewPartner--addressDetailDetailsName1","interaction":{"idSuffix":"inner"}},"wdio_ui5_key":"applicationmanagepartners-display-component---NewPartner--addressDetailDetailsName1"}]}
RESULT: undefined
COMMAND: POST /session/b614b8bdf87ea745e2832f5d1487871c/execute/async - {"script":"<script> [776 bytes]","args":[{"enterText":"WebdriverPartnerjchph","selector":{"id":"application-managepartners-display-component---NewPartner--addressDetailDetailsName1","interaction":{"idSuffix":"inner"}},"clearTextFirst":true,"interactionType":"ENTER_TEXT"}]}
RESULT: {"script":"<script> [776 bytes]","args":[{"enterText":"WebdriverPartnerjchph","selector":{"id":"application-managepartners-display-component---NewPartner--addressDetailDetailsName1","interaction":{"idSuffix":"inner"}},"clearTextFirst":true,"interactionType":"ENTER_TEXT"}]}
COMMAND: POST /session/b614b8bdf87ea745e2832f5d1487871c/execute/async - {"script":"<script> [1562 bytes]","args":[{"selector":{"id":"application-managepartners-display-component---NewPartner--addressDetailDetailsLanguage","interaction":{"idSuffix":"inner"}},"wdio_ui5_key":"applicationmanagepartners-display-component---NewPartner--addressDetailDetailsLanguage"}]}
RESULT: {"script":"<script> [1562 bytes]","args":[{"selector":{"id":"application-managepartners-display-component---NewPartner--addressDetailDetailsLanguage","interaction":{"idSuffix":"inner"}},"wdio_ui5_key":"applicationmanagepartners-display-component---NewPartner--addressDetailDetailsLanguage"}]}
RESULT: undefined
COMMAND: POST /session/b614b8bdf87ea745e2832f5d1487871c/execute/async - {"script":"<script> [776 bytes]","args":[{"enterText":"Romanian","selector":{"id":"application-managepartners-display-component---NewPartner--addressDetailDetailsLanguage","interaction":{"idSuffix":"inner"}},"clearTextFirst":true,"interactionType":"ENTER_TEXT"}]}
RESULT: {"script":"<script> [776 bytes]","args":[{"enterText":"Romanian","selector":{"id":"application-managepartners-display-component---NewPartner--addressDetailDetailsLanguage","interaction":{"idSuffix":"inner"}},"clearTextFirst":true,"interactionType":"ENTER_TEXT"}]}
COMMAND: POST /session/b614b8bdf87ea745e2832f5d1487871c/element - {"using":"xpath","value":"//input[contains(@id ,\"application-managepartners-display-component---NewPartner--addressDetailDetailsName1-inner\")]"}
RESULT: {"using":"xpath","value":"//input[contains(@id ,\"application-managepartners-display-component---NewPartner--addressDetailDetailsName1-inner\")]"}
COMMAND: GET /session/b614b8bdf87ea745e2832f5d1487871c/element/f.E141158646C81433446781BCB2447156.d.25E6BBF260263AE23E0539F6D8B586B2.e.1410/property/value - {}
RESULT: {}
COMMAND: POST /session/b614b8bdf87ea745e2832f5d1487871c/execute/async - {"script":"<script> [1562 bytes]","args":[{"selector":{"id":"application-managepartners-display-component---NewPartner--addressDetailDetailsCity1","interaction":{"idSuffix":"inner"}},"wdio_ui5_key":"applicationmanagepartners-display-component---NewPartner--addressDetailDetailsCity1"}]}
COMMAND: GET /session/b614b8bdf87ea745e2832f5d1487871c/screenshot - {}
RESULT: {"script":"<script> [1562 bytes]","args":[{"selector":{"id":"application-managepartners-display-component---NewPartner--addressDetailDetailsCity1","interaction":{"idSuffix":"inner"}},"wdio_ui5_key":"applicationmanagepartners-display-component---NewPartner--addressDetailDetailsCity1"}]}
RESULT: undefined
COMMAND: POST /session/b614b8bdf87ea745e2832f5d1487871c/execute/async - {"script":"<script> [776 bytes]","args":[{"enterText":"Bucharest","selector":{"id":"application-managepartners-display-component---NewPartner--addressDetailDetailsCity1","interaction":{"idSuffix":"inner"}},"clearTextFirst":true,"interactionType":"ENTER_TEXT"}]}
RESULT: {}
RESULT: {"script":"<script> [776 bytes]","args":[{"enterText":"Bucharest","selector":{"id":"application-managepartners-display-component---NewPartner--addressDetailDetailsCity1","interaction":{"idSuffix":"inner"}},"clearTextFirst":true,"interactionType":"ENTER_TEXT"}]}
COMMAND: POST /session/b614b8bdf87ea745e2832f5d1487871c/execute/async - {"script":"<script> [1562 bytes]","args":[{"selector":{"id":"application-managepartners-display-component---NewPartner--addressDetailDetailsCountry","interaction":{"idSuffix":"inner"}},"wdio_ui5_key":"applicationmanagepartners-display-component---NewPartner--addressDetailDetailsCountry"}]}
RESULT: {"script":"<script> [1562 bytes]","args":[{"selector":{"id":"application-managepartners-display-component---NewPartner--addressDetailDetailsCountry","interaction":{"idSuffix":"inner"}},"wdio_ui5_key":"applicationmanagepartners-display-component---NewPartner--addressDetailDetailsCountry"}]}
RESULT: undefined
COMMAND: POST /session/b614b8bdf87ea745e2832f5d1487871c/execute/async - {"script":"<script> [6424 bytes]","args":[{"element-6066-11e4-a52e-4f735466cecf":"f.E141158646C81433446781BCB2447156.d.25E6BBF260263AE23E0539F6D8B586B2.e.1417"},"setValue",["Romania"]]}
RESULT: {"script":"<script> [6424 bytes]","args":[{"element-6066-11e4-a52e-4f735466cecf":"f.E141158646C81433446781BCB2447156.d.25E6BBF260263AE23E0539F6D8B586B2.e.1417"},"setValue",["Romania"]]}
COMMAND: POST /session/b614b8bdf87ea745e2832f5d1487871c/execute/async - {"script":"<script> [1562 bytes]","args":[{"selector":{"id":"application-managepartners-display-component---NewPartner--partnerDetailInternal","interaction":{"idSuffix":"inner"}},"wdio_ui5_key":"applicationmanagepartners-display-component---NewPartner--partnerDetailInternal"}]}
RESULT: {"script":"<script> [1562 bytes]","args":[{"selector":{"id":"application-managepartners-display-component---NewPartner--partnerDetailInternal","interaction":{"idSuffix":"inner"}},"wdio_ui5_key":"applicationmanagepartners-display-component---NewPartner--partnerDetailInternal"}]}
RESULT: undefined
COMMAND: POST /session/b614b8bdf87ea745e2832f5d1487871c/execute/async - {"script":"<script> [776 bytes]","args":[{"enterText":"External partner","selector":{"id":"application-managepartners-display-component---NewPartner--partnerDetailInternal","interaction":{"idSuffix":"inner"}},"clearTextFirst":true,"interactionType":"ENTER_TEXT"}]}
RESULT: {"script":"<script> [776 bytes]","args":[{"enterText":"External partner","selector":{"id":"application-managepartners-display-component---NewPartner--partnerDetailInternal","interaction":{"idSuffix":"inner"}},"clearTextFirst":true,"interactionType":"ENTER_TEXT"}]}
COMMAND: POST /session/b614b8bdf87ea745e2832f5d1487871c/execute/async - {"script":"<script> [1562 bytes]","args":[{"selector":{"id":"application-managepartners-display-component---NewPartner--partnerDetailsCurrency","interaction":{"idSuffix":"inner"}},"wdio_ui5_key":"applicationmanagepartners-display-component---NewPartner--partnerDetailsCurrency"}]}
RESULT: {"script":"<script> [1562 bytes]","args":[{"selector":{"id":"application-managepartners-display-component---NewPartner--partnerDetailsCurrency","interaction":{"idSuffix":"inner"}},"wdio_ui5_key":"applicationmanagepartners-display-component---NewPartner--partnerDetailsCurrency"}]}
RESULT: undefined
COMMAND: POST /session/b614b8bdf87ea745e2832f5d1487871c/execute/async - {"script":"<script> [776 bytes]","args":[{"enterText":"Euro","selector":{"id":"application-managepartners-display-component---NewPartner--partnerDetailsCurrency","interaction":{"idSuffix":"inner"}},"clearTextFirst":true,"interactionType":"ENTER_TEXT"}]}
RESULT: {"script":"<script> [776 bytes]","args":[{"enterText":"Euro","selector":{"id":"application-managepartners-display-component---NewPartner--partnerDetailsCurrency","interaction":{"idSuffix":"inner"}},"clearTextFirst":true,"interactionType":"ENTER_TEXT"}]}
COMMAND: POST /session/b614b8bdf87ea745e2832f5d1487871c/execute/async - {"script":"<script> [1562 bytes]","args":[{"selector":{"controlType":"sap.m.Button","viewName":"etm.portal.ui.managepartners.view.NewPartner","viewId":"application-managepartners-display-component---NewPartner","properties":{"text":"Commercial"},"interaction":{"idSuffix":"BDI-content"}},"wdio_ui5_key":"etmportal.ui.managepartners.view.NewPartnersap.m.Button{\"text\":\"Commercial\"}"}]}
RESULT: {"script":"<script> [1562 bytes]","args":[{"selector":{"controlType":"sap.m.Button","viewName":"etm.portal.ui.managepartners.view.NewPartner","viewId":"application-managepartners-display-component---NewPartner","properties":{"text":"Commercial"},"interaction":{"idSuffix":"BDI-content"}},"wdio_ui5_key":"etmportal.ui.managepartners.view.NewPartnersap.m.Button{\"text\":\"Commercial\"}"}]}
RESULT: undefined
COMMAND: POST /session/b614b8bdf87ea745e2832f5d1487871c/element - {"using":"xpath","value":"//*[@id=\"application-managepartners-display-component---NewPartner--ObjectPageLayout-anchBar-__section5-anchor\"]"}
RESULT: {"using":"xpath","value":"//*[@id=\"application-managepartners-display-component---NewPartner--ObjectPageLayout-anchBar-__section5-anchor\"]"}
COMMAND: POST /session/b614b8bdf87ea745e2832f5d1487871c/element/f.E141158646C81433446781BCB2447156.d.25E6BBF260263AE23E0539F6D8B586B2.e.1654/click - {}
RESULT: {}
COMMAND: GET /session/b614b8bdf87ea745e2832f5d1487871c/screenshot - {}
RESULT: {}
COMMAND: POST /session/b614b8bdf87ea745e2832f5d1487871c/execute/async - {"script":"<script> [1562 bytes]","args":[{"selector":{"id":"application-managepartners-display-component---NewPartner--btnAddTableRow-img"},"wdio_ui5_key":"applicationmanagepartners-display-component---NewPartner--btnAddTableRow-img"}]}
RESULT: {"script":"<script> [1562 bytes]","args":[{"selector":{"id":"application-managepartners-display-component---NewPartner--btnAddTableRow-img"},"wdio_ui5_key":"applicationmanagepartners-display-component---NewPartner--btnAddTableRow-img"}]}
RESULT: undefined
COMMAND: POST /session/b614b8bdf87ea745e2832f5d1487871c/element - {"using":"xpath","value":"//*[@id=\"application-managepartners-display-component---NewPartner--btnAddTableRow-img\"]"}
RESULT: {"using":"xpath","value":"//*[@id=\"application-managepartners-display-component---NewPartner--btnAddTableRow-img\"]"}
COMMAND: POST /session/b614b8bdf87ea745e2832f5d1487871c/element/f.E141158646C81433446781BCB2447156.d.25E6BBF260263AE23E0539F6D8B586B2.e.1660/click - {}
RESULT: {}
COMMAND: POST /session/b614b8bdf87ea745e2832f5d1487871c/element - {"using":"xpath","value":"//input[contains(@id ,\"application-managepartners-display-component---NewPartner--assignmentYard-application-managepartners-display-component---NewPartner\")]"}
COMMAND: GET /session/b614b8bdf87ea745e2832f5d1487871c/screenshot - {}
RESULT: {"using":"xpath","value":"//input[contains(@id ,\"application-managepartners-display-component---NewPartner--assignmentYard-application-managepartners-display-component---NewPartner\")]"}
COMMAND: POST /session/b614b8bdf87ea745e2832f5d1487871c/element/f.E141158646C81433446781BCB2447156.d.25E6BBF260263AE23E0539F6D8B586B2.e.1663/clear - {}
RESULT: {}
RESULT: {}
COMMAND: POST /session/b614b8bdf87ea745e2832f5d1487871c/element/f.E141158646C81433446781BCB2447156.d.25E6BBF260263AE23E0539F6D8B586B2.e.1663/value - {"text":"WebdriverYard1j42w"}
COMMAND: GET /session/b614b8bdf87ea745e2832f5d1487871c/screenshot - {}
RESULT: {"text":"WebdriverYard1j42w"}
COMMAND: GET /session/b614b8bdf87ea745e2832f5d1487871c/screenshot - {}
RESULT: {}
RESULT: {}
COMMAND: POST /session/b614b8bdf87ea745e2832f5d1487871c/execute/async - {"script":"<script> [1562 bytes]","args":[{"selector":{"controlType":"sap.m.Button","viewName":"etm.portal.ui.managepartners.view.NewPartner","viewId":"application-managepartners-display-component---NewPartner","i18NText":{"propertyName":"text","key":"save"},"interaction":{"idSuffix":"BDI-content"}},"wdio_ui5_key":"etmportal.ui.managepartners.view.NewPartnersap.m.Button{\"propertyName\":\"text\",\"key\":\"save\"}"}]}
RESULT: {"script":"<script> [1562 bytes]","args":[{"selector":{"controlType":"sap.m.Button","viewName":"etm.portal.ui.managepartners.view.NewPartner","viewId":"application-managepartners-display-component---NewPartner","i18NText":{"propertyName":"text","key":"save"},"interaction":{"idSuffix":"BDI-content"}},"wdio_ui5_key":"etmportal.ui.managepartners.view.NewPartnersap.m.Button{\"propertyName\":\"text\",\"key\":\"save\"}"}]}
RESULT: undefined
COMMAND: POST /session/b614b8bdf87ea745e2832f5d1487871c/element - {"using":"xpath","value":"//*[@id=\"__button12\"]"}
RESULT: {"using":"xpath","value":"//*[@id=\"__button12\"]"}
COMMAND: POST /session/b614b8bdf87ea745e2832f5d1487871c/element/f.E141158646C81433446781BCB2447156.d.25E6BBF260263AE23E0539F6D8B586B2.e.1564/click - {}
RESULT: {}
COMMAND: GET /session/b614b8bdf87ea745e2832f5d1487871c/screenshot - {}
RESULT: {}
COMMAND: POST /session/b614b8bdf87ea745e2832f5d1487871c/element - {"using":"xpath","value":"//header/div/div[2]/div[2]/span"}
RESULT: {"using":"xpath","value":"//header/div/div[2]/div[2]/span"}
COMMAND: GET /session/b614b8bdf87ea745e2832f5d1487871c/element/f.E141158646C81433446781BCB2447156.d.25E6BBF260263AE23E0539F6D8B586B2.e.1835/text - {}
RESULT: {}
COMMAND: POST /session/b614b8bdf87ea745e2832f5d1487871c/element - {"using":"xpath","value":"//header/div/div/div/div/div/div[2]/div/span"}
RESULT: {"using":"xpath","value":"//header/div/div/div/div/div/div[2]/div/span"}
COMMAND: GET /session/b614b8bdf87ea745e2832f5d1487871c/element/f.E141158646C81433446781BCB2447156.d.25E6BBF260263AE23E0539F6D8B586B2.e.1836/text - {}
RESULT: {}
COMMAND: POST /session/b614b8bdf87ea745e2832f5d1487871c/execute/async - {"script":"<script> [1562 bytes]","args":[{"selector":{"id":"application-managepartners-display-component---detailPtm--partnerType"},"wdio_ui5_key":"applicationmanagepartners-display-component---detailPtm--partnerType"}]}
RESULT: {"script":"<script> [1562 bytes]","args":[{"selector":{"id":"application-managepartners-display-component---detailPtm--partnerType"},"wdio_ui5_key":"applicationmanagepartners-display-component---detailPtm--partnerType"}]}
RESULT: undefined
COMMAND: POST /session/b614b8bdf87ea745e2832f5d1487871c/execute/async - {"script":"<script> [6424 bytes]","args":[{"element-6066-11e4-a52e-4f735466cecf":"f.E141158646C81433446781BCB2447156.d.25E6BBF260263AE23E0539F6D8B586B2.e.1837"},"getText",[]]}
RESULT: {"script":"<script> [6424 bytes]","args":[{"element-6066-11e4-a52e-4f735466cecf":"f.E141158646C81433446781BCB2447156.d.25E6BBF260263AE23E0539F6D8B586B2.e.1837"},"getText",[]]}
COMMAND: POST /session/b614b8bdf87ea745e2832f5d1487871c/element - {"using":"css selector","value":"#shell-header-logo"}
RESULT: {"using":"css selector","value":"#shell-header-logo"}
COMMAND: POST /session/b614b8bdf87ea745e2832f5d1487871c/element/f.E141158646C81433446781BCB2447156.d.25E6BBF260263AE23E0539F6D8B586B2.e.1186/click - {}
RESULT: {}
COMMAND: GET /session/b614b8bdf87ea745e2832f5d1487871c/screenshot - {}
RESULT: {}
COMMAND: POST /session/b614b8bdf87ea745e2832f5d1487871c/execute/async - {"script":"<script> [1562 bytes]","args":[{"selector":{"controlType":"sap.m.GenericTile","properties":{"header":"Manage Sites"}},"wdio_ui5_key":"sapm.GenericTile{\"header\":\"Manage Sites\"}"}]}
RESULT: {"script":"<script> [1562 bytes]","args":[{"selector":{"controlType":"sap.m.GenericTile","properties":{"header":"Manage Sites"}},"wdio_ui5_key":"sapm.GenericTile{\"header\":\"Manage Sites\"}"}]}
RESULT: undefined
COMMAND: POST /session/b614b8bdf87ea745e2832f5d1487871c/element - {"using":"xpath","value":"//*[@id=\"__tile40\"]"}
RESULT: {"using":"xpath","value":"//*[@id=\"__tile40\"]"}
COMMAND: POST /session/b614b8bdf87ea745e2832f5d1487871c/element/f.E141158646C81433446781BCB2447156.d.25E6BBF260263AE23E0539F6D8B586B2.e.1839/click - {}
RESULT: {}
COMMAND: GET /session/b614b8bdf87ea745e2832f5d1487871c/screenshot - {}
RESULT: {}
COMMAND: POST /session/b614b8bdf87ea745e2832f5d1487871c/elements - {"using":"xpath","value":"//span[text()='Error']"}
RESULT: {"using":"xpath","value":"//span[text()='Error']"}
COMMAND: POST /session/b614b8bdf87ea745e2832f5d1487871c/execute/async - {"script":"<script> [1562 bytes]","args":[{"selector":{"controlType":"sap.ui.core.Icon","viewName":"etm.portal.ui.managesites.view.Master","viewId":"application-managesites-display-component---masterSite","properties":{"src":{"regex":{"source":"add"}}}},"wdio_ui5_key":"etmportal.ui.managesites.view.Mastersap.ui.core.Icon{\"src\":{\"regex\":{\"source\":\"add\"}}}"}]}
RESULT: {"script":"<script> [1562 bytes]","args":[{"selector":{"controlType":"sap.ui.core.Icon","viewName":"etm.portal.ui.managesites.view.Master","viewId":"application-managesites-display-component---masterSite","properties":{"src":{"regex":{"source":"add"}}}},"wdio_ui5_key":"etmportal.ui.managesites.view.Mastersap.ui.core.Icon{\"src\":{\"regex\":{\"source\":\"add\"}}}"}]}
RESULT: undefined
COMMAND: POST /session/b614b8bdf87ea745e2832f5d1487871c/element - {"using":"xpath","value":"//*[@id=\"__button48-img\"]"}
RESULT: {"using":"xpath","value":"//*[@id=\"__button48-img\"]"}
COMMAND: POST /session/b614b8bdf87ea745e2832f5d1487871c/element/f.E141158646C81433446781BCB2447156.d.25E6BBF260263AE23E0539F6D8B586B2.e.1888/click - {}
RESULT: {}
COMMAND: POST /session/b614b8bdf87ea745e2832f5d1487871c/execute/async - {"script":"<script> [1562 bytes]","args":[{"selector":{"id":"application-managesites-display-component---NewSite--siteId","interaction":{"idSuffix":"inner"}},"wdio_ui5_key":"applicationmanagesites-display-component---NewSite--siteId"}]}
COMMAND: GET /session/b614b8bdf87ea745e2832f5d1487871c/screenshot - {}
RESULT: {"script":"<script> [1562 bytes]","args":[{"selector":{"id":"application-managesites-display-component---NewSite--siteId","interaction":{"idSuffix":"inner"}},"wdio_ui5_key":"applicationmanagesites-display-component---NewSite--siteId"}]}
RESULT: undefined
COMMAND: POST /session/b614b8bdf87ea745e2832f5d1487871c/execute/async - {"script":"<script> [1562 bytes]","args":[{"selector":{"id":"application-managesites-display-component---NewSite--addressDetailDetailsName1","interaction":{"idSuffix":"inner"}},"wdio_ui5_key":"applicationmanagesites-display-component---NewSite--addressDetailDetailsName1"}]}
RESULT: {}
RESULT: {"script":"<script> [1562 bytes]","args":[{"selector":{"id":"application-managesites-display-component---NewSite--addressDetailDetailsName1","interaction":{"idSuffix":"inner"}},"wdio_ui5_key":"applicationmanagesites-display-component---NewSite--addressDetailDetailsName1"}]}
RESULT: undefined
COMMAND: POST /session/b614b8bdf87ea745e2832f5d1487871c/execute/async - {"script":"<script> [776 bytes]","args":[{"enterText":"WebdriverSite8s5is","selector":{"id":"application-managesites-display-component---NewSite--addressDetailDetailsName1","interaction":{"idSuffix":"inner"}},"clearTextFirst":true,"interactionType":"ENTER_TEXT"}]}
RESULT: {"script":"<script> [776 bytes]","args":[{"enterText":"WebdriverSite8s5is","selector":{"id":"application-managesites-display-component---NewSite--addressDetailDetailsName1","interaction":{"idSuffix":"inner"}},"clearTextFirst":true,"interactionType":"ENTER_TEXT"}]}
COMMAND: POST /session/b614b8bdf87ea745e2832f5d1487871c/execute/async - {"script":"<script> [1562 bytes]","args":[{"selector":{"id":"application-managesites-display-component---NewSite--addressDetailDetailsLanguage","interaction":{"idSuffix":"inner"}},"wdio_ui5_key":"applicationmanagesites-display-component---NewSite--addressDetailDetailsLanguage"}]}
RESULT: {"script":"<script> [1562 bytes]","args":[{"selector":{"id":"application-managesites-display-component---NewSite--addressDetailDetailsLanguage","interaction":{"idSuffix":"inner"}},"wdio_ui5_key":"applicationmanagesites-display-component---NewSite--addressDetailDetailsLanguage"}]}
RESULT: undefined
COMMAND: POST /session/b614b8bdf87ea745e2832f5d1487871c/execute/async - {"script":"<script> [776 bytes]","args":[{"enterText":"Romanian","selector":{"id":"application-managesites-display-component---NewSite--addressDetailDetailsLanguage","interaction":{"idSuffix":"inner"}},"clearTextFirst":true,"interactionType":"ENTER_TEXT"}]}
RESULT: {"script":"<script> [776 bytes]","args":[{"enterText":"Romanian","selector":{"id":"application-managesites-display-component---NewSite--addressDetailDetailsLanguage","interaction":{"idSuffix":"inner"}},"clearTextFirst":true,"interactionType":"ENTER_TEXT"}]}
COMMAND: POST /session/b614b8bdf87ea745e2832f5d1487871c/execute/async - {"script":"<script> [1562 bytes]","args":[{"selector":{"id":"application-managesites-display-component---NewSite--addressDetailDetailsCity1","interaction":{"idSuffix":"inner"}},"wdio_ui5_key":"applicationmanagesites-display-component---NewSite--addressDetailDetailsCity1"}]}
RESULT: {"script":"<script> [1562 bytes]","args":[{"selector":{"id":"application-managesites-display-component---NewSite--addressDetailDetailsCity1","interaction":{"idSuffix":"inner"}},"wdio_ui5_key":"applicationmanagesites-display-component---NewSite--addressDetailDetailsCity1"}]}
RESULT: undefined
COMMAND: POST /session/b614b8bdf87ea745e2832f5d1487871c/execute/async - {"script":"<script> [776 bytes]","args":[{"enterText":"Bucharest","selector":{"id":"application-managesites-display-component---NewSite--addressDetailDetailsCity1","interaction":{"idSuffix":"inner"}},"clearTextFirst":true,"interactionType":"ENTER_TEXT"}]}
RESULT: {"script":"<script> [776 bytes]","args":[{"enterText":"Bucharest","selector":{"id":"application-managesites-display-component---NewSite--addressDetailDetailsCity1","interaction":{"idSuffix":"inner"}},"clearTextFirst":true,"interactionType":"ENTER_TEXT"}]}
COMMAND: POST /session/b614b8bdf87ea745e2832f5d1487871c/execute/async - {"script":"<script> [1562 bytes]","args":[{"selector":{"id":"application-managesites-display-component---NewSite--addressDetailDetailsCountry","interaction":{"idSuffix":"inner"}},"wdio_ui5_key":"applicationmanagesites-display-component---NewSite--addressDetailDetailsCountry"}]}
RESULT: {"script":"<script> [1562 bytes]","args":[{"selector":{"id":"application-managesites-display-component---NewSite--addressDetailDetailsCountry","interaction":{"idSuffix":"inner"}},"wdio_ui5_key":"applicationmanagesites-display-component---NewSite--addressDetailDetailsCountry"}]}
RESULT: undefined
COMMAND: POST /session/b614b8bdf87ea745e2832f5d1487871c/execute/async - {"script":"<script> [776 bytes]","args":[{"enterText":"Romania","selector":{"id":"application-managesites-display-component---NewSite--addressDetailDetailsCountry","interaction":{"idSuffix":"inner"}},"clearTextFirst":true,"interactionType":"ENTER_TEXT"}]}
RESULT: {"script":"<script> [776 bytes]","args":[{"enterText":"Romania","selector":{"id":"application-managesites-display-component---NewSite--addressDetailDetailsCountry","interaction":{"idSuffix":"inner"}},"clearTextFirst":true,"interactionType":"ENTER_TEXT"}]}
COMMAND: POST /session/b614b8bdf87ea745e2832f5d1487871c/element - {"using":"css selector","value":"#application-managesites-display-component---NewSite--addressDetailDetailsCalendar-inner"}
RESULT: {"using":"css selector","value":"#application-managesites-display-component---NewSite--addressDetailDetailsCalendar-inner"}
COMMAND: POST /session/b614b8bdf87ea745e2832f5d1487871c/element/f.E141158646C81433446781BCB2447156.d.25E6BBF260263AE23E0539F6D8B586B2.e.2091/clear - {}
RESULT: {}
COMMAND: POST /session/b614b8bdf87ea745e2832f5d1487871c/element/f.E141158646C81433446781BCB2447156.d.25E6BBF260263AE23E0539F6D8B586B2.e.2091/value - {"text":"Germany"}
COMMAND: GET /session/b614b8bdf87ea745e2832f5d1487871c/screenshot - {}
RESULT: {"text":"Germany"}
COMMAND: POST /session/b614b8bdf87ea745e2832f5d1487871c/execute/async - {"script":"<script> [1562 bytes]","args":[{"selector":{"id":"application-managesites-display-component---NewSite--addressEditDetailsCostObjectCstType-arrow"},"wdio_ui5_key":"applicationmanagesites-display-component---NewSite--addressEditDetailsCostObjectCstType-arrow"}]}
COMMAND: GET /session/b614b8bdf87ea745e2832f5d1487871c/screenshot - {}
RESULT: {}
RESULT: {"script":"<script> [1562 bytes]","args":[{"selector":{"id":"application-managesites-display-component---NewSite--addressEditDetailsCostObjectCstType-arrow"},"wdio_ui5_key":"applicationmanagesites-display-component---NewSite--addressEditDetailsCostObjectCstType-arrow"}]}
RESULT: undefined
COMMAND: POST /session/b614b8bdf87ea745e2832f5d1487871c/element - {"using":"xpath","value":"//*[@id=\"application-managesites-display-component---NewSite--addressEditDetailsCostObjectCstType-arrow\"]"}
RESULT: {}
RESULT: {"using":"xpath","value":"//*[@id=\"application-managesites-display-component---NewSite--addressEditDetailsCostObjectCstType-arrow\"]"}
COMMAND: POST /session/b614b8bdf87ea745e2832f5d1487871c/element/f.E141158646C81433446781BCB2447156.d.25E6BBF260263AE23E0539F6D8B586B2.e.2283/click - {}
RESULT: {}
COMMAND: POST /session/b614b8bdf87ea745e2832f5d1487871c/element - {"using":"xpath","value":"//span[contains(text(), \"Work Breakdown Structure\")]"}
COMMAND: GET /session/b614b8bdf87ea745e2832f5d1487871c/screenshot - {}
RESULT: {"using":"xpath","value":"//span[contains(text(), \"Work Breakdown Structure\")]"}
COMMAND: POST /session/b614b8bdf87ea745e2832f5d1487871c/element/f.E141158646C81433446781BCB2447156.d.25E6BBF260263AE23E0539F6D8B586B2.e.2284/click - {}
RESULT: {}
RESULT: {}
COMMAND: GET /session/b614b8bdf87ea745e2832f5d1487871c/screenshot - {}
RESULT: {}
COMMAND: POST /session/b614b8bdf87ea745e2832f5d1487871c/execute/async - {"script":"<script> [1562 bytes]","args":[{"selector":{"id":"application-managesites-display-component---NewSite--addressNewCostObjectCstID-vhi"},"wdio_ui5_key":"applicationmanagesites-display-component---NewSite--addressNewCostObjectCstID-vhi"}]}
RESULT: {"script":"<script> [1562 bytes]","args":[{"selector":{"id":"application-managesites-display-component---NewSite--addressNewCostObjectCstID-vhi"},"wdio_ui5_key":"applicationmanagesites-display-component---NewSite--addressNewCostObjectCstID-vhi"}]}
RESULT: undefined
COMMAND: POST /session/b614b8bdf87ea745e2832f5d1487871c/element - {"using":"xpath","value":"//*[@id=\"application-managesites-display-component---NewSite--addressNewCostObjectCstID-vhi\"]"}
RESULT: {"using":"xpath","value":"//*[@id=\"application-managesites-display-component---NewSite--addressNewCostObjectCstID-vhi\"]"}
COMMAND: POST /session/b614b8bdf87ea745e2832f5d1487871c/element/f.E141158646C81433446781BCB2447156.d.25E6BBF260263AE23E0539F6D8B586B2.e.2288/click - {}
RESULT: {}
COMMAND: GET /session/b614b8bdf87ea745e2832f5d1487871c/screenshot - {}
RESULT: {}
COMMAND: POST /session/b614b8bdf87ea745e2832f5d1487871c/execute/async - {"script":"<script> [1562 bytes]","args":[{"selector":{"controlType":"sap.m.SearchField","properties":{"placeholder":"Search"},"searchOpenDialogs":true,"interaction":{"idSuffix":"I"}},"wdio_ui5_key":"sapm.SearchField{\"placeholder\":\"Search\"}"}]}
RESULT: {"script":"<script> [1562 bytes]","args":[{"selector":{"controlType":"sap.m.SearchField","properties":{"placeholder":"Search"},"searchOpenDialogs":true,"interaction":{"idSuffix":"I"}},"wdio_ui5_key":"sapm.SearchField{\"placeholder\":\"Search\"}"}]}
RESULT: undefined
COMMAND: POST /session/b614b8bdf87ea745e2832f5d1487871c/execute/async - {"script":"<script> [776 bytes]","args":[{"enterText":"A1-000100-01","selector":{"controlType":"sap.m.SearchField","properties":{"placeholder":"Search"},"searchOpenDialogs":true,"interaction":{"idSuffix":"I"}},"clearTextFirst":true,"interactionType":"ENTER_TEXT"}]}
RESULT: {"script":"<script> [776 bytes]","args":[{"enterText":"A1-000100-01","selector":{"controlType":"sap.m.SearchField","properties":{"placeholder":"Search"},"searchOpenDialogs":true,"interaction":{"idSuffix":"I"}},"clearTextFirst":true,"interactionType":"ENTER_TEXT"}]}
COMMAND: POST /session/b614b8bdf87ea745e2832f5d1487871c/actions - {"actions":[{"id":"action3","type":"key","parameters":{},"actions":[{"type":"keyDown","value":"î€‡"},{"type":"pause","duration":10},{"type":"keyUp","value":"î€‡"}]}]}
RESULT: {"actions":[{"id":"action3","type":"key","parameters":{},"actions":[{"type":"keyDown","value":"î€‡"},{"type":"pause","duration":10},{"type":"keyUp","value":"î€‡"}]}]}
COMMAND: GET /session/b614b8bdf87ea745e2832f5d1487871c/screenshot - {}
RESULT: {}
COMMAND: POST /session/b614b8bdf87ea745e2832f5d1487871c/element - {"using":"xpath","value":"//span[contains(text(), \"Template for ETO-Process\")]"}
RESULT: {"using":"xpath","value":"//span[contains(text(), \"Template for ETO-Process\")]"}
COMMAND: POST /session/b614b8bdf87ea745e2832f5d1487871c/element/f.E141158646C81433446781BCB2447156.d.25E6BBF260263AE23E0539F6D8B586B2.e.2309/click - {}
RESULT: {}
COMMAND: GET /session/b614b8bdf87ea745e2832f5d1487871c/screenshot - {}
RESULT: {}
COMMAND: POST /session/b614b8bdf87ea745e2832f5d1487871c/element - {"using":"xpath","value":"//bdi[contains(text(), \"OK\")]"}
RESULT: {"using":"xpath","value":"//bdi[contains(text(), \"OK\")]"}
COMMAND: POST /session/b614b8bdf87ea745e2832f5d1487871c/element/f.E141158646C81433446781BCB2447156.d.25E6BBF260263AE23E0539F6D8B586B2.e.2310/click - {}
RESULT: {}
COMMAND: GET /session/b614b8bdf87ea745e2832f5d1487871c/screenshot - {}
RESULT: {}
COMMAND: POST /session/b614b8bdf87ea745e2832f5d1487871c/element - {"using":"xpath","value":"//input[@id=\"application-managesites-display-component---NewSite--addressDetailDetailsYard-inner\"]"}
RESULT: {"using":"xpath","value":"//input[@id=\"application-managesites-display-component---NewSite--addressDetailDetailsYard-inner\"]"}
COMMAND: POST /session/b614b8bdf87ea745e2832f5d1487871c/element/f.E141158646C81433446781BCB2447156.d.25E6BBF260263AE23E0539F6D8B586B2.e.2092/value - {"text":"WebdriverYard1j42w"}
RESULT: {"text":"WebdriverYard1j42w"}
COMMAND: GET /session/b614b8bdf87ea745e2832f5d1487871c/screenshot - {}
RESULT: {}
COMMAND: POST /session/b614b8bdf87ea745e2832f5d1487871c/actions - {"actions":[{"id":"action4","type":"key","parameters":{},"actions":[{"type":"keyDown","value":"î€‡"},{"type":"pause","duration":10},{"type":"keyUp","value":"î€‡"}]}]}
RESULT: {"actions":[{"id":"action4","type":"key","parameters":{},"actions":[{"type":"keyDown","value":"î€‡"},{"type":"pause","duration":10},{"type":"keyUp","value":"î€‡"}]}]}
COMMAND: GET /session/b614b8bdf87ea745e2832f5d1487871c/screenshot - {}
RESULT: {}
COMMAND: POST /session/b614b8bdf87ea745e2832f5d1487871c/element - {"using":"xpath","value":"//input[@id=\"application-managesites-display-component---NewSite--addressDetailDetailsPartner-inner\"]"}
RESULT: {"using":"xpath","value":"//input[@id=\"application-managesites-display-component---NewSite--addressDetailDetailsPartner-inner\"]"}
COMMAND: POST /session/b614b8bdf87ea745e2832f5d1487871c/elements - {"using":"xpath","value":"//input[@id=\"application-managesites-display-component---NewSite--addressDetailDetailsPartner-inner\"]"}
RESULT: {"using":"xpath","value":"//input[@id=\"application-managesites-display-component---NewSite--addressDetailDetailsPartner-inner\"]"}
COMMAND: POST /session/b614b8bdf87ea745e2832f5d1487871c/execute/async - {"script":"<script> [1562 bytes]","args":[{"selector":{"controlType":"sap.m.Button","viewName":"etm.portal.ui.managesites.view.NewSmartSite","viewId":"application-managesites-display-component---NewSite","properties":{"text":"Commercial"},"interaction":{"idSuffix":"BDI-content"}},"wdio_ui5_key":"etmportal.ui.managesites.view.NewSmartSitesap.m.Button{\"text\":\"Commercial\"}"}]}
RESULT: {"script":"<script> [1562 bytes]","args":[{"selector":{"controlType":"sap.m.Button","viewName":"etm.portal.ui.managesites.view.NewSmartSite","viewId":"application-managesites-display-component---NewSite","properties":{"text":"Commercial"},"interaction":{"idSuffix":"BDI-content"}},"wdio_ui5_key":"etmportal.ui.managesites.view.NewSmartSitesap.m.Button{\"text\":\"Commercial\"}"}]}
RESULT: undefined
COMMAND: POST /session/b614b8bdf87ea745e2832f5d1487871c/element - {"using":"xpath","value":"//*[@id=\"application-managesites-display-component---NewSite--ObjectPageLayout-anchBar-__section29-anchor\"]"}
RESULT: {"using":"xpath","value":"//*[@id=\"application-managesites-display-component---NewSite--ObjectPageLayout-anchBar-__section29-anchor\"]"}
COMMAND: POST /session/b614b8bdf87ea745e2832f5d1487871c/element/f.E141158646C81433446781BCB2447156.d.25E6BBF260263AE23E0539F6D8B586B2.e.2339/click - {}
RESULT: {}
COMMAND: POST /session/b614b8bdf87ea745e2832f5d1487871c/execute/async - {"script":"<script> [1562 bytes]","args":[{"selector":{"controlType":"sap.m.Button","viewName":"etm.portal.ui.managesites.view.NewSmartSite","viewId":"application-managesites-display-component---NewSite","i18NText":{"propertyName":"text","key":"save"},"interaction":{"idSuffix":"BDI-content"}},"wdio_ui5_key":"etmportal.ui.managesites.view.NewSmartSitesap.m.Button{\"propertyName\":\"text\",\"key\":\"save\"}"}]}
COMMAND: GET /session/b614b8bdf87ea745e2832f5d1487871c/screenshot - {}
RESULT: {"script":"<script> [1562 bytes]","args":[{"selector":{"controlType":"sap.m.Button","viewName":"etm.portal.ui.managesites.view.NewSmartSite","viewId":"application-managesites-display-component---NewSite","i18NText":{"propertyName":"text","key":"save"},"interaction":{"idSuffix":"BDI-content"}},"wdio_ui5_key":"etmportal.ui.managesites.view.NewSmartSitesap.m.Button{\"propertyName\":\"text\",\"key\":\"save\"}"}]}
RESULT: undefined
COMMAND: POST /session/b614b8bdf87ea745e2832f5d1487871c/element - {"using":"xpath","value":"//*[@id=\"__button60\"]"}
RESULT: {}
RESULT: {"using":"xpath","value":"//*[@id=\"__button60\"]"}
COMMAND: POST /session/b614b8bdf87ea745e2832f5d1487871c/element/f.E141158646C81433446781BCB2447156.d.25E6BBF260263AE23E0539F6D8B586B2.e.2227/click - {}
RESULT: {}
COMMAND: GET /session/b614b8bdf87ea745e2832f5d1487871c/screenshot - {}
RESULT: {}
COMMAND: POST /session/b614b8bdf87ea745e2832f5d1487871c/execute/async - {"script":"<script> [1562 bytes]","args":[{"selector":{"id":"application-managesites-display-component---detailSite--addressDetailDetailsYardText"},"wdio_ui5_key":"applicationmanagesites-display-component---detailSite--addressDetailDetailsYardText"}]}
RESULT: {"script":"<script> [1562 bytes]","args":[{"selector":{"id":"application-managesites-display-component---detailSite--addressDetailDetailsYardText"},"wdio_ui5_key":"applicationmanagesites-display-component---detailSite--addressDetailDetailsYardText"}]}
RESULT: undefined
COMMAND: POST /session/b614b8bdf87ea745e2832f5d1487871c/element - {"using":"xpath","value":"//header/div/div[2]/div[2]/span"}
RESULT: {"using":"xpath","value":"//header/div/div[2]/div[2]/span"}
COMMAND: GET /session/b614b8bdf87ea745e2832f5d1487871c/element/f.E141158646C81433446781BCB2447156.d.25E6BBF260263AE23E0539F6D8B586B2.e.2543/text - {}
RESULT: {}
COMMAND: POST /session/b614b8bdf87ea745e2832f5d1487871c/element - {"using":"xpath","value":"//header/div/div/div/div/div/div[2]/div/span"}
RESULT: {"using":"xpath","value":"//header/div/div/div/div/div/div[2]/div/span"}
COMMAND: GET /session/b614b8bdf87ea745e2832f5d1487871c/element/f.E141158646C81433446781BCB2447156.d.25E6BBF260263AE23E0539F6D8B586B2.e.2544/text - {}
RESULT: {}
COMMAND: POST /session/b614b8bdf87ea745e2832f5d1487871c/element - {"using":"css selector","value":"#shell-header-logo"}
RESULT: {"using":"css selector","value":"#shell-header-logo"}
COMMAND: POST /session/b614b8bdf87ea745e2832f5d1487871c/element/f.E141158646C81433446781BCB2447156.d.25E6BBF260263AE23E0539F6D8B586B2.e.1844/click - {}
RESULT: {}
COMMAND: GET /session/b614b8bdf87ea745e2832f5d1487871c/screenshot - {}
RESULT: {}
]]></system-out>
    </testcase>
    <testcase classname="chrome.136_0_7103_49.windows.Standard_contract_-_add_contract_items_by_Insert_Request_US118222" name="Should create 2 new resources and a catalog item" time="422.897">
      <system-out><![CDATA[
COMMAND: POST /session/b614b8bdf87ea745e2832f5d1487871c/execute/async - {"script":"<script> [1562 bytes]","args":[{"selector":{"controlType":"sap.m.GenericTile","properties":{"header":"Manage Resources"}},"wdio_ui5_key":"sapm.GenericTile{\"header\":\"Manage Resources\"}"}]}
RESULT: {"script":"<script> [1562 bytes]","args":[{"selector":{"controlType":"sap.m.GenericTile","properties":{"header":"Manage Resources"}},"wdio_ui5_key":"sapm.GenericTile{\"header\":\"Manage Resources\"}"}]}
RESULT: undefined
COMMAND: POST /session/b614b8bdf87ea745e2832f5d1487871c/element - {"using":"xpath","value":"//*[@id=\"__tile39\"]"}
RESULT: {"using":"xpath","value":"//*[@id=\"__tile39\"]"}
COMMAND: POST /session/b614b8bdf87ea745e2832f5d1487871c/element/f.E141158646C81433446781BCB2447156.d.25E6BBF260263AE23E0539F6D8B586B2.e.2546/click - {}
RESULT: {}
COMMAND: GET /session/b614b8bdf87ea745e2832f5d1487871c/screenshot - {}
RESULT: {}
COMMAND: POST /session/b614b8bdf87ea745e2832f5d1487871c/elements - {"using":"xpath","value":"//span[text()='Error']"}
RESULT: {"using":"xpath","value":"//span[text()='Error']"}
COMMAND: POST /session/b614b8bdf87ea745e2832f5d1487871c/element - {"using":"xpath","value":"//button[@data-kt=\"addNewRUOverflowToolbarButton\"]"}
RESULT: {"using":"xpath","value":"//button[@data-kt=\"addNewRUOverflowToolbarButton\"]"}
COMMAND: POST /session/b614b8bdf87ea745e2832f5d1487871c/execute/sync - {"script":"<script> [8489 bytes]","args":[{"element-6066-11e4-a52e-4f735466cecf":"f.E141158646C81433446781BCB2447156.d.25E6BBF260263AE23E0539F6D8B586B2.e.2588","ELEMENT":"f.E141158646C81433446781BCB2447156.d.25E6BBF260263AE23E0539F6D8B586B2.e.2588"}]}
RESULT: {"script":"<script> [8489 bytes]","args":[{"element-6066-11e4-a52e-4f735466cecf":"f.E141158646C81433446781BCB2447156.d.25E6BBF260263AE23E0539F6D8B586B2.e.2588","ELEMENT":"f.E141158646C81433446781BCB2447156.d.25E6BBF260263AE23E0539F6D8B586B2.e.2588"}]}
COMMAND: POST /session/b614b8bdf87ea745e2832f5d1487871c/element/f.E141158646C81433446781BCB2447156.d.25E6BBF260263AE23E0539F6D8B586B2.e.2588/click - {}
COMMAND: GET /session/b614b8bdf87ea745e2832f5d1487871c/screenshot - {}
RESULT: {}
COMMAND: POST /session/b614b8bdf87ea745e2832f5d1487871c/execute/async - {"script":"<script> [1562 bytes]","args":[{"selector":{"id":"application-manageresources-display-component---newResourceUnit--TYPE-arrow"},"wdio_ui5_key":"applicationmanageresources-display-component---newResourceUnit--TYPE-arrow"}]}
COMMAND: GET /session/b614b8bdf87ea745e2832f5d1487871c/screenshot - {}
RESULT: {}
RESULT: {}
RESULT: {"script":"<script> [1562 bytes]","args":[{"selector":{"id":"application-manageresources-display-component---newResourceUnit--TYPE-arrow"},"wdio_ui5_key":"applicationmanageresources-display-component---newResourceUnit--TYPE-arrow"}]}
RESULT: undefined
COMMAND: POST /session/b614b8bdf87ea745e2832f5d1487871c/element - {"using":"xpath","value":"//*[@id=\"application-manageresources-display-component---newResourceUnit--TYPE-arrow\"]"}
RESULT: {"using":"xpath","value":"//*[@id=\"application-manageresources-display-component---newResourceUnit--TYPE-arrow\"]"}
COMMAND: POST /session/b614b8bdf87ea745e2832f5d1487871c/element/f.E141158646C81433446781BCB2447156.d.25E6BBF260263AE23E0539F6D8B586B2.e.2904/click - {}
RESULT: {}
COMMAND: POST /session/b614b8bdf87ea745e2832f5d1487871c/execute/async - {"script":"<script> [1562 bytes]","args":[{"selector":{"controlType":"sap.m.StandardListItem","viewName":"reusables.view.manageresources.NewResourceUnit","viewId":"application-manageresources-display-component---newResourceUnit","properties":{"title":"Material"},"searchOpenDialogs":true,"interaction":{"idSuffix":"titleText"}},"wdio_ui5_key":"reusablesview.manageresources.NewResourceUnitsap.m.StandardListItem{\"title\":\"Material\"}"}]}
COMMAND: GET /session/b614b8bdf87ea745e2832f5d1487871c/screenshot - {}
RESULT: {"script":"<script> [1562 bytes]","args":[{"selector":{"controlType":"sap.m.StandardListItem","viewName":"reusables.view.manageresources.NewResourceUnit","viewId":"application-manageresources-display-component---newResourceUnit","properties":{"title":"Material"},"searchOpenDialogs":true,"interaction":{"idSuffix":"titleText"}},"wdio_ui5_key":"reusablesview.manageresources.NewResourceUnitsap.m.StandardListItem{\"title\":\"Material\"}"}]}
RESULT: undefined
COMMAND: POST /session/b614b8bdf87ea745e2832f5d1487871c/element - {"using":"xpath","value":"//*[@id=\"__item1123\"]"}
RESULT: {}
RESULT: {"using":"xpath","value":"//*[@id=\"__item1123\"]"}
COMMAND: POST /session/b614b8bdf87ea745e2832f5d1487871c/element/f.E141158646C81433446781BCB2447156.d.25E6BBF260263AE23E0539F6D8B586B2.e.2907/click - {}
RESULT: {}
COMMAND: POST /session/b614b8bdf87ea745e2832f5d1487871c/execute/async - {"script":"<script> [1562 bytes]","args":[{"selector":{"id":"application-manageresources-display-component---newResourceUnit--SHORT_TEXT","interaction":{"idSuffix":"inner"}},"wdio_ui5_key":"applicationmanageresources-display-component---newResourceUnit--SHORT_TEXT"}]}
COMMAND: GET /session/b614b8bdf87ea745e2832f5d1487871c/screenshot - {}
RESULT: {"script":"<script> [1562 bytes]","args":[{"selector":{"id":"application-manageresources-display-component---newResourceUnit--SHORT_TEXT","interaction":{"idSuffix":"inner"}},"wdio_ui5_key":"applicationmanageresources-display-component---newResourceUnit--SHORT_TEXT"}]}
RESULT: undefined
COMMAND: POST /session/b614b8bdf87ea745e2832f5d1487871c/execute/async - {"script":"<script> [776 bytes]","args":[{"enterText":"WebdriverRUR2C84pn","selector":{"id":"application-manageresources-display-component---newResourceUnit--SHORT_TEXT","interaction":{"idSuffix":"inner"}},"clearTextFirst":true,"interactionType":"ENTER_TEXT"}]}
RESULT: {}
RESULT: {"script":"<script> [776 bytes]","args":[{"enterText":"WebdriverRUR2C84pn","selector":{"id":"application-manageresources-display-component---newResourceUnit--SHORT_TEXT","interaction":{"idSuffix":"inner"}},"clearTextFirst":true,"interactionType":"ENTER_TEXT"}]}
COMMAND: POST /session/b614b8bdf87ea745e2832f5d1487871c/execute/async - {"script":"<script> [1562 bytes]","args":[{"selector":{"id":"application-manageresources-display-component---newResourceUnit--BASE_UNIT_OF_MEASURE-arrow"},"wdio_ui5_key":"applicationmanageresources-display-component---newResourceUnit--BASE_UNIT_OF_MEASURE-arrow"}]}
RESULT: {"script":"<script> [1562 bytes]","args":[{"selector":{"id":"application-manageresources-display-component---newResourceUnit--BASE_UNIT_OF_MEASURE-arrow"},"wdio_ui5_key":"applicationmanageresources-display-component---newResourceUnit--BASE_UNIT_OF_MEASURE-arrow"}]}
RESULT: undefined
COMMAND: POST /session/b614b8bdf87ea745e2832f5d1487871c/element - {"using":"xpath","value":"//*[@id=\"application-manageresources-display-component---newResourceUnit--BASE_UNIT_OF_MEASURE-arrow\"]"}
RESULT: {"using":"xpath","value":"//*[@id=\"application-manageresources-display-component---newResourceUnit--BASE_UNIT_OF_MEASURE-arrow\"]"}
COMMAND: POST /session/b614b8bdf87ea745e2832f5d1487871c/element/f.E141158646C81433446781BCB2447156.d.25E6BBF260263AE23E0539F6D8B586B2.e.2961/click - {}
RESULT: {}
COMMAND: POST /session/b614b8bdf87ea745e2832f5d1487871c/execute/async - {"script":"<script> [1562 bytes]","args":[{"selector":{"controlType":"sap.m.StandardListItem","viewName":"reusables.view.manageresources.NewResourceUnit","viewId":"application-manageresources-display-component---newResourceUnit","properties":{"title":"Piece"},"searchOpenDialogs":true,"interaction":{"idSuffix":"titleText"}},"wdio_ui5_key":"reusablesview.manageresources.NewResourceUnitsap.m.StandardListItem{\"title\":\"Piece\"}"}]}
COMMAND: GET /session/b614b8bdf87ea745e2832f5d1487871c/screenshot - {}
RESULT: {"script":"<script> [1562 bytes]","args":[{"selector":{"controlType":"sap.m.StandardListItem","viewName":"reusables.view.manageresources.NewResourceUnit","viewId":"application-manageresources-display-component---newResourceUnit","properties":{"title":"Piece"},"searchOpenDialogs":true,"interaction":{"idSuffix":"titleText"}},"wdio_ui5_key":"reusablesview.manageresources.NewResourceUnitsap.m.StandardListItem{\"title\":\"Piece\"}"}]}
RESULT: undefined
COMMAND: POST /session/b614b8bdf87ea745e2832f5d1487871c/element - {"using":"xpath","value":"//*[@id=\"__item1165\"]"}
RESULT: {}
RESULT: {"using":"xpath","value":"//*[@id=\"__item1165\"]"}
COMMAND: POST /session/b614b8bdf87ea745e2832f5d1487871c/element/f.E141158646C81433446781BCB2447156.d.25E6BBF260263AE23E0539F6D8B586B2.e.2963/click - {}
RESULT: {}
COMMAND: POST /session/b614b8bdf87ea745e2832f5d1487871c/element - {"using":"xpath","value":"//input[contains(@id ,\"application-manageresources-display-component---newResourceUnit--SHORT_TEXT-inner\")]"}
COMMAND: GET /session/b614b8bdf87ea745e2832f5d1487871c/screenshot - {}
RESULT: {"using":"xpath","value":"//input[contains(@id ,\"application-manageresources-display-component---newResourceUnit--SHORT_TEXT-inner\")]"}
COMMAND: GET /session/b614b8bdf87ea745e2832f5d1487871c/element/f.E141158646C81433446781BCB2447156.d.25E6BBF260263AE23E0539F6D8B586B2.e.2924/property/value - {}
RESULT: {}
RESULT: {}
COMMAND: POST /session/b614b8bdf87ea745e2832f5d1487871c/execute/async - {"script":"<script> [1562 bytes]","args":[{"selector":{"id":"application-manageresources-display-component---newResourceUnit--WEIGHT_UNIT-arrow"},"wdio_ui5_key":"applicationmanageresources-display-component---newResourceUnit--WEIGHT_UNIT-arrow"}]}
COMMAND: GET /session/b614b8bdf87ea745e2832f5d1487871c/screenshot - {}
RESULT: {"script":"<script> [1562 bytes]","args":[{"selector":{"id":"application-manageresources-display-component---newResourceUnit--WEIGHT_UNIT-arrow"},"wdio_ui5_key":"applicationmanageresources-display-component---newResourceUnit--WEIGHT_UNIT-arrow"}]}
RESULT: undefined
COMMAND: POST /session/b614b8bdf87ea745e2832f5d1487871c/element - {"using":"xpath","value":"//*[@id=\"application-manageresources-display-component---newResourceUnit--WEIGHT_UNIT-arrow\"]"}
RESULT: {}
RESULT: {"using":"xpath","value":"//*[@id=\"application-manageresources-display-component---newResourceUnit--WEIGHT_UNIT-arrow\"]"}
COMMAND: POST /session/b614b8bdf87ea745e2832f5d1487871c/element/f.E141158646C81433446781BCB2447156.d.25E6BBF260263AE23E0539F6D8B586B2.e.2964/click - {}
RESULT: {}
COMMAND: POST /session/b614b8bdf87ea745e2832f5d1487871c/execute/async - {"script":"<script> [1562 bytes]","args":[{"selector":{"controlType":"sap.m.StandardListItem","viewName":"reusables.view.manageresources.NewResourceUnit","viewId":"application-manageresources-display-component---newResourceUnit","properties":{"title":"Gram"},"searchOpenDialogs":true,"interaction":{"idSuffix":"content"}},"wdio_ui5_key":"reusablesview.manageresources.NewResourceUnitsap.m.StandardListItem{\"title\":\"Gram\"}"}]}
COMMAND: GET /session/b614b8bdf87ea745e2832f5d1487871c/screenshot - {}
RESULT: {"script":"<script> [1562 bytes]","args":[{"selector":{"controlType":"sap.m.StandardListItem","viewName":"reusables.view.manageresources.NewResourceUnit","viewId":"application-manageresources-display-component---newResourceUnit","properties":{"title":"Gram"},"searchOpenDialogs":true,"interaction":{"idSuffix":"content"}},"wdio_ui5_key":"reusablesview.manageresources.NewResourceUnitsap.m.StandardListItem{\"title\":\"Gram\"}"}]}
RESULT: undefined
COMMAND: POST /session/b614b8bdf87ea745e2832f5d1487871c/element - {"using":"xpath","value":"//*[@id=\"__item1230\"]"}
RESULT: {}
RESULT: {"using":"xpath","value":"//*[@id=\"__item1230\"]"}
COMMAND: POST /session/b614b8bdf87ea745e2832f5d1487871c/element/f.E141158646C81433446781BCB2447156.d.25E6BBF260263AE23E0539F6D8B586B2.e.2966/click - {}
RESULT: {}
COMMAND: POST /session/b614b8bdf87ea745e2832f5d1487871c/execute/async - {"script":"<script> [1562 bytes]","args":[{"selector":{"id":"application-manageresources-display-component---newResourceUnit--newRRUPage-OPHeaderContent-collapseBtn-img"},"wdio_ui5_key":"applicationmanageresources-display-component---newResourceUnit--newRRUPage-OPHeaderContent-collapseBtn-img"}]}
COMMAND: GET /session/b614b8bdf87ea745e2832f5d1487871c/screenshot - {}
RESULT: {"script":"<script> [1562 bytes]","args":[{"selector":{"id":"application-manageresources-display-component---newResourceUnit--newRRUPage-OPHeaderContent-collapseBtn-img"},"wdio_ui5_key":"applicationmanageresources-display-component---newResourceUnit--newRRUPage-OPHeaderContent-collapseBtn-img"}]}
RESULT: undefined
COMMAND: POST /session/b614b8bdf87ea745e2832f5d1487871c/element - {"using":"xpath","value":"//*[@id=\"application-manageresources-display-component---newResourceUnit--newRRUPage-OPHeaderContent-collapseBtn-img\"]"}
RESULT: {}
RESULT: {"using":"xpath","value":"//*[@id=\"application-manageresources-display-component---newResourceUnit--newRRUPage-OPHeaderContent-collapseBtn-img\"]"}
COMMAND: POST /session/b614b8bdf87ea745e2832f5d1487871c/element/f.E141158646C81433446781BCB2447156.d.25E6BBF260263AE23E0539F6D8B586B2.e.2914/click - {}
RESULT: {}
COMMAND: GET /session/b614b8bdf87ea745e2832f5d1487871c/screenshot - {}
RESULT: {}
COMMAND: POST /session/b614b8bdf87ea745e2832f5d1487871c/element - {"using":"xpath","value":"(//span[contains(@id ,\"application-manageresources-display-component---newResourceUnit--DIMENSION_UNIT-arrow\")])[1]"}
RESULT: {"using":"xpath","value":"(//span[contains(@id ,\"application-manageresources-display-component---newResourceUnit--DIMENSION_UNIT-arrow\")])[1]"}
COMMAND: POST /session/b614b8bdf87ea745e2832f5d1487871c/element/f.E141158646C81433446781BCB2447156.d.25E6BBF260263AE23E0539F6D8B586B2.e.2972/click - {}
RESULT: {}
COMMAND: GET /session/b614b8bdf87ea745e2832f5d1487871c/screenshot - {}
RESULT: {}
COMMAND: POST /session/b614b8bdf87ea745e2832f5d1487871c/execute/async - {"script":"<script> [1562 bytes]","args":[{"selector":{"controlType":"sap.m.StandardListItem","viewName":"reusables.view.manageresources.NewResourceUnit","viewId":"application-manageresources-display-component---newResourceUnit","properties":{"title":"Centimeter"},"searchOpenDialogs":true,"interaction":{"idSuffix":"titleText"}},"wdio_ui5_key":"reusablesview.manageresources.NewResourceUnitsap.m.StandardListItem{\"title\":\"Centimeter\"}"}]}
RESULT: {"script":"<script> [1562 bytes]","args":[{"selector":{"controlType":"sap.m.StandardListItem","viewName":"reusables.view.manageresources.NewResourceUnit","viewId":"application-manageresources-display-component---newResourceUnit","properties":{"title":"Centimeter"},"searchOpenDialogs":true,"interaction":{"idSuffix":"titleText"}},"wdio_ui5_key":"reusablesview.manageresources.NewResourceUnitsap.m.StandardListItem{\"title\":\"Centimeter\"}"}]}
RESULT: undefined
COMMAND: POST /session/b614b8bdf87ea745e2832f5d1487871c/element - {"using":"xpath","value":"//*[@id=\"__item1233\"]"}
RESULT: {"using":"xpath","value":"//*[@id=\"__item1233\"]"}
COMMAND: POST /session/b614b8bdf87ea745e2832f5d1487871c/element/f.E141158646C81433446781BCB2447156.d.25E6BBF260263AE23E0539F6D8B586B2.e.2974/click - {}
RESULT: {}
COMMAND: POST /session/b614b8bdf87ea745e2832f5d1487871c/execute/async - {"script":"<script> [1562 bytes]","args":[{"selector":{"id":"application-manageresources-display-component---newResourceUnit--newRRUPage-anchBar-application-manageresources-display-component---newResourceUnit--reference-anchor","interaction":{"idSuffix":"BDI-content"}},"wdio_ui5_key":"applicationmanageresources-display-component---newResourceUnit--newRRUPage-anchBar-application-manageresources-display-component---newResourceUnit--reference-anchor"}]}
COMMAND: GET /session/b614b8bdf87ea745e2832f5d1487871c/screenshot - {}
RESULT: {"script":"<script> [1562 bytes]","args":[{"selector":{"id":"application-manageresources-display-component---newResourceUnit--newRRUPage-anchBar-application-manageresources-display-component---newResourceUnit--reference-anchor","interaction":{"idSuffix":"BDI-content"}},"wdio_ui5_key":"applicationmanageresources-display-component---newResourceUnit--newRRUPage-anchBar-application-manageresources-display-component---newResourceUnit--reference-anchor"}]}
RESULT: undefined
COMMAND: POST /session/b614b8bdf87ea745e2832f5d1487871c/element - {"using":"xpath","value":"//*[@id=\"application-manageresources-display-component---newResourceUnit--newRRUPage-anchBar-application-manageresources-display-component---newResourceUnit--reference-anchor\"]"}
RESULT: {}
RESULT: {"using":"xpath","value":"//*[@id=\"application-manageresources-display-component---newResourceUnit--newRRUPage-anchBar-application-manageresources-display-component---newResourceUnit--reference-anchor\"]"}
COMMAND: POST /session/b614b8bdf87ea745e2832f5d1487871c/element/f.E141158646C81433446781BCB2447156.d.25E6BBF260263AE23E0539F6D8B586B2.e.2976/click - {}
RESULT: {}
COMMAND: POST /session/b614b8bdf87ea745e2832f5d1487871c/execute/async - {"script":"<script> [1562 bytes]","args":[{"selector":{"id":"application-manageresources-display-component---newResourceUnit--PLANNING_GROUP-arrow"},"wdio_ui5_key":"applicationmanageresources-display-component---newResourceUnit--PLANNING_GROUP-arrow"}]}
COMMAND: GET /session/b614b8bdf87ea745e2832f5d1487871c/screenshot - {}
RESULT: {"script":"<script> [1562 bytes]","args":[{"selector":{"id":"application-manageresources-display-component---newResourceUnit--PLANNING_GROUP-arrow"},"wdio_ui5_key":"applicationmanageresources-display-component---newResourceUnit--PLANNING_GROUP-arrow"}]}
RESULT: undefined
COMMAND: POST /session/b614b8bdf87ea745e2832f5d1487871c/element - {"using":"xpath","value":"//*[@id=\"application-manageresources-display-component---newResourceUnit--PLANNING_GROUP-arrow\"]"}
RESULT: {}
RESULT: {"using":"xpath","value":"//*[@id=\"application-manageresources-display-component---newResourceUnit--PLANNING_GROUP-arrow\"]"}
COMMAND: POST /session/b614b8bdf87ea745e2832f5d1487871c/element/f.E141158646C81433446781BCB2447156.d.25E6BBF260263AE23E0539F6D8B586B2.e.2980/click - {}
RESULT: {}
COMMAND: POST /session/b614b8bdf87ea745e2832f5d1487871c/execute/async - {"script":"<script> [1562 bytes]","args":[{"selector":{"controlType":"sap.m.StandardListItem","viewName":"reusables.view.manageresources.NewResourceUnit","viewId":"application-manageresources-display-component---newResourceUnit","properties":{"title":"Heavy Equi"},"searchOpenDialogs":true,"interaction":{"idSuffix":"content"}},"wdio_ui5_key":"reusablesview.manageresources.NewResourceUnitsap.m.StandardListItem{\"title\":\"Heavy Equi\"}"}]}
COMMAND: GET /session/b614b8bdf87ea745e2832f5d1487871c/screenshot - {}
RESULT: {"script":"<script> [1562 bytes]","args":[{"selector":{"controlType":"sap.m.StandardListItem","viewName":"reusables.view.manageresources.NewResourceUnit","viewId":"application-manageresources-display-component---newResourceUnit","properties":{"title":"Heavy Equi"},"searchOpenDialogs":true,"interaction":{"idSuffix":"content"}},"wdio_ui5_key":"reusablesview.manageresources.NewResourceUnitsap.m.StandardListItem{\"title\":\"Heavy Equi\"}"}]}
RESULT: undefined
COMMAND: POST /session/b614b8bdf87ea745e2832f5d1487871c/element - {"using":"xpath","value":"//*[@id=\"__item1241\"]"}
RESULT: {}
RESULT: {"using":"xpath","value":"//*[@id=\"__item1241\"]"}
COMMAND: POST /session/b614b8bdf87ea745e2832f5d1487871c/element/f.E141158646C81433446781BCB2447156.d.25E6BBF260263AE23E0539F6D8B586B2.e.2984/click - {}
RESULT: {}
COMMAND: GET /session/b614b8bdf87ea745e2832f5d1487871c/screenshot - {}
RESULT: {}
COMMAND: POST /session/b614b8bdf87ea745e2832f5d1487871c/execute/async - {"script":"<script> [1562 bytes]","args":[{"selector":{"id":"application-manageresources-display-component---newResourceUnit--PLANNING_INDICATOR-arrow"},"wdio_ui5_key":"applicationmanageresources-display-component---newResourceUnit--PLANNING_INDICATOR-arrow"}]}
RESULT: {"script":"<script> [1562 bytes]","args":[{"selector":{"id":"application-manageresources-display-component---newResourceUnit--PLANNING_INDICATOR-arrow"},"wdio_ui5_key":"applicationmanageresources-display-component---newResourceUnit--PLANNING_INDICATOR-arrow"}]}
RESULT: undefined
COMMAND: POST /session/b614b8bdf87ea745e2832f5d1487871c/element - {"using":"xpath","value":"//*[@id=\"application-manageresources-display-component---newResourceUnit--PLANNING_INDICATOR-arrow\"]"}
RESULT: {"using":"xpath","value":"//*[@id=\"application-manageresources-display-component---newResourceUnit--PLANNING_INDICATOR-arrow\"]"}
COMMAND: POST /session/b614b8bdf87ea745e2832f5d1487871c/element/f.E141158646C81433446781BCB2447156.d.25E6BBF260263AE23E0539F6D8B586B2.e.2985/click - {}
RESULT: {}
COMMAND: POST /session/b614b8bdf87ea745e2832f5d1487871c/execute/async - {"script":"<script> [1562 bytes]","args":[{"selector":{"controlType":"sap.m.StandardListItem","viewName":"reusables.view.manageresources.NewResourceUnit","viewId":"application-manageresources-display-component---newResourceUnit","properties":{"title":"10 - infinite"},"searchOpenDialogs":true,"interaction":{"idSuffix":"content"}},"wdio_ui5_key":"reusablesview.manageresources.NewResourceUnitsap.m.StandardListItem{\"title\":\"10 - infinite\"}"}]}
COMMAND: GET /session/b614b8bdf87ea745e2832f5d1487871c/screenshot - {}
RESULT: {"script":"<script> [1562 bytes]","args":[{"selector":{"controlType":"sap.m.StandardListItem","viewName":"reusables.view.manageresources.NewResourceUnit","viewId":"application-manageresources-display-component---newResourceUnit","properties":{"title":"10 - infinite"},"searchOpenDialogs":true,"interaction":{"idSuffix":"content"}},"wdio_ui5_key":"reusablesview.manageresources.NewResourceUnitsap.m.StandardListItem{\"title\":\"10 - infinite\"}"}]}
RESULT: undefined
COMMAND: POST /session/b614b8bdf87ea745e2832f5d1487871c/element - {"using":"xpath","value":"//*[@id=\"__item1251\"]"}
RESULT: {}
RESULT: {"using":"xpath","value":"//*[@id=\"__item1251\"]"}
COMMAND: POST /session/b614b8bdf87ea745e2832f5d1487871c/element/f.E141158646C81433446781BCB2447156.d.25E6BBF260263AE23E0539F6D8B586B2.e.2987/click - {}
RESULT: {}
COMMAND: GET /session/b614b8bdf87ea745e2832f5d1487871c/screenshot - {}
RESULT: {}
COMMAND: POST /session/b614b8bdf87ea745e2832f5d1487871c/element - {"using":"xpath","value":"//bdi[contains(text(), \"Time Segment\")]"}
RESULT: {"using":"xpath","value":"//bdi[contains(text(), \"Time Segment\")]"}
COMMAND: GET /session/b614b8bdf87ea745e2832f5d1487871c/element/f.E141158646C81433446781BCB2447156.d.25E6BBF260263AE23E0539F6D8B586B2.e.2988/rect - {}
RESULT: {}
COMMAND: GET /session/b614b8bdf87ea745e2832f5d1487871c/window/rect - {}
RESULT: {}
COMMAND: POST /session/b614b8bdf87ea745e2832f5d1487871c/execute/sync - {"script":"<script> [92 bytes]","args":[]}
RESULT: {"script":"<script> [92 bytes]","args":[]}
COMMAND: POST /session/b614b8bdf87ea745e2832f5d1487871c/actions - {"actions":[{"id":"action5","type":"wheel","parameters":{},"actions":[{"type":"scroll","x":-1820,"y":-21,"deltaX":0,"deltaY":0,"duration":0,"origin":{"element-6066-11e4-a52e-4f735466cecf":"f.E141158646C81433446781BCB2447156.d.25E6BBF260263AE23E0539F6D8B586B2.e.2988"}}]}]}
COMMAND: GET /session/b614b8bdf87ea745e2832f5d1487871c/screenshot - {}
RESULT: {}
COMMAND: POST /session/b614b8bdf87ea745e2832f5d1487871c/execute/sync - {"script":"<script> [79 bytes]","args":[{"element-6066-11e4-a52e-4f735466cecf":"f.E141158646C81433446781BCB2447156.d.25E6BBF260263AE23E0539F6D8B586B2.e.2988","ELEMENT":"f.E141158646C81433446781BCB2447156.d.25E6BBF260263AE23E0539F6D8B586B2.e.2988"},{"block":"start","inline":"nearest"}]}
RESULT: {"script":"<script> [79 bytes]","args":[{"element-6066-11e4-a52e-4f735466cecf":"f.E141158646C81433446781BCB2447156.d.25E6BBF260263AE23E0539F6D8B586B2.e.2988","ELEMENT":"f.E141158646C81433446781BCB2447156.d.25E6BBF260263AE23E0539F6D8B586B2.e.2988"},{"block":"start","inline":"nearest"}]}
COMMAND: GET /session/b614b8bdf87ea745e2832f5d1487871c/screenshot - {}
RESULT: {}
COMMAND: POST /session/b614b8bdf87ea745e2832f5d1487871c/element - {"using":"xpath","value":"//span[@id=\"application-manageresources-display-component---newResourceUnit--btnAddTimeSegment-img\"]"}
RESULT: {"using":"xpath","value":"//span[@id=\"application-manageresources-display-component---newResourceUnit--btnAddTimeSegment-img\"]"}
COMMAND: POST /session/b614b8bdf87ea745e2832f5d1487871c/execute/sync - {"script":"<script> [8489 bytes]","args":[{"element-6066-11e4-a52e-4f735466cecf":"f.E141158646C81433446781BCB2447156.d.25E6BBF260263AE23E0539F6D8B586B2.e.2991","ELEMENT":"f.E141158646C81433446781BCB2447156.d.25E6BBF260263AE23E0539F6D8B586B2.e.2991"}]}
RESULT: {"script":"<script> [8489 bytes]","args":[{"element-6066-11e4-a52e-4f735466cecf":"f.E141158646C81433446781BCB2447156.d.25E6BBF260263AE23E0539F6D8B586B2.e.2991","ELEMENT":"f.E141158646C81433446781BCB2447156.d.25E6BBF260263AE23E0539F6D8B586B2.e.2991"}]}
COMMAND: POST /session/b614b8bdf87ea745e2832f5d1487871c/element/f.E141158646C81433446781BCB2447156.d.25E6BBF260263AE23E0539F6D8B586B2.e.2991/click - {}
COMMAND: GET /session/b614b8bdf87ea745e2832f5d1487871c/screenshot - {}
RESULT: {}
COMMAND: GET /session/b614b8bdf87ea745e2832f5d1487871c/screenshot - {}
COMMAND: POST /session/b614b8bdf87ea745e2832f5d1487871c/element - {"using":"xpath","value":"//input[@id=\"application-manageresources-display-component---newResourceUnit--idRuTSAdmin-application-manageresources-display-component---newResourceUnit--RUTimeSegment-0-inner\"]"}
RESULT: {}
RESULT: {}
RESULT: {"using":"xpath","value":"//input[@id=\"application-manageresources-display-component---newResourceUnit--idRuTSAdmin-application-manageresources-display-component---newResourceUnit--RUTimeSegment-0-inner\"]"}
COMMAND: POST /session/b614b8bdf87ea745e2832f5d1487871c/element/f.E141158646C81433446781BCB2447156.d.25E6BBF260263AE23E0539F6D8B586B2.e.2994/clear - {}
RESULT: {}
COMMAND: POST /session/b614b8bdf87ea745e2832f5d1487871c/element/f.E141158646C81433446781BCB2447156.d.25E6BBF260263AE23E0539F6D8B586B2.e.2994/value - {"text":"WebdriverYard1j42w"}
COMMAND: GET /session/b614b8bdf87ea745e2832f5d1487871c/screenshot - {}
RESULT: {"text":"WebdriverYard1j42w"}
COMMAND: GET /session/b614b8bdf87ea745e2832f5d1487871c/screenshot - {}
RESULT: {}
RESULT: {}
COMMAND: POST /session/b614b8bdf87ea745e2832f5d1487871c/actions - {"actions":[{"id":"action6","type":"key","parameters":{},"actions":[{"type":"keyDown","value":"î€‡"},{"type":"pause","duration":10},{"type":"keyUp","value":"î€‡"}]}]}
RESULT: {"actions":[{"id":"action6","type":"key","parameters":{},"actions":[{"type":"keyDown","value":"î€‡"},{"type":"pause","duration":10},{"type":"keyUp","value":"î€‡"}]}]}
COMMAND: GET /session/b614b8bdf87ea745e2832f5d1487871c/screenshot - {}
RESULT: {}
COMMAND: POST /session/b614b8bdf87ea745e2832f5d1487871c/execute/async - {"script":"<script> [1562 bytes]","args":[{"selector":{"controlType":"sap.m.Button","viewName":"reusables.view.manageresources.NewResourceUnit","viewId":"application-manageresources-display-component---newResourceUnit","i18NText":{"propertyName":"tooltip","key":"save"},"interaction":{"idSuffix":"BDI-content"}},"wdio_ui5_key":"reusablesview.manageresources.NewResourceUnitsap.m.Button{\"propertyName\":\"tooltip\",\"key\":\"save\"}"}]}
RESULT: {"script":"<script> [1562 bytes]","args":[{"selector":{"controlType":"sap.m.Button","viewName":"reusables.view.manageresources.NewResourceUnit","viewId":"application-manageresources-display-component---newResourceUnit","i18NText":{"propertyName":"tooltip","key":"save"},"interaction":{"idSuffix":"BDI-content"}},"wdio_ui5_key":"reusablesview.manageresources.NewResourceUnitsap.m.Button{\"propertyName\":\"tooltip\",\"key\":\"save\"}"}]}
RESULT: undefined
COMMAND: POST /session/b614b8bdf87ea745e2832f5d1487871c/element - {"using":"xpath","value":"//*[@id=\"application-manageresources-display-component---newResourceUnit--createRuButton\"]"}
RESULT: {"using":"xpath","value":"//*[@id=\"application-manageresources-display-component---newResourceUnit--createRuButton\"]"}
COMMAND: POST /session/b614b8bdf87ea745e2832f5d1487871c/element/f.E141158646C81433446781BCB2447156.d.25E6BBF260263AE23E0539F6D8B586B2.e.2920/click - {}
RESULT: {}
COMMAND: GET /session/b614b8bdf87ea745e2832f5d1487871c/screenshot - {}
RESULT: {}
COMMAND: POST /session/b614b8bdf87ea745e2832f5d1487871c/execute/async - {"script":"<script> [1562 bytes]","args":[{"selector":{"controlType":"sap.m.Title","properties":{"text":"Success"},"searchOpenDialogs":true},"wdio_ui5_key":"sapm.Title{\"text\":\"Success\"}"}]}
RESULT: {"script":"<script> [1562 bytes]","args":[{"selector":{"controlType":"sap.m.Title","properties":{"text":"Success"},"searchOpenDialogs":true},"wdio_ui5_key":"sapm.Title{\"text\":\"Success\"}"}]}
RESULT: undefined
COMMAND: POST /session/b614b8bdf87ea745e2832f5d1487871c/execute/async - {"script":"<script> [6424 bytes]","args":[{"element-6066-11e4-a52e-4f735466cecf":"f.E141158646C81433446781BCB2447156.d.25E6BBF260263AE23E0539F6D8B586B2.e.3007"},"getText",[]]}
RESULT: {"script":"<script> [6424 bytes]","args":[{"element-6066-11e4-a52e-4f735466cecf":"f.E141158646C81433446781BCB2447156.d.25E6BBF260263AE23E0539F6D8B586B2.e.3007"},"getText",[]]}
COMMAND: POST /session/b614b8bdf87ea745e2832f5d1487871c/element - {"using":"xpath","value":"//*[contains(@id, '__text') and (contains(text(), 'successfully created') or contains(., 'successfully created'))]"}
RESULT: {"using":"xpath","value":"//*[contains(@id, '__text') and (contains(text(), 'successfully created') or contains(., 'successfully created'))]"}
COMMAND: GET /session/b614b8bdf87ea745e2832f5d1487871c/element/f.E141158646C81433446781BCB2447156.d.25E6BBF260263AE23E0539F6D8B586B2.e.3005/text - {}
RESULT: {}
COMMAND: POST /session/b614b8bdf87ea745e2832f5d1487871c/execute/async - {"script":"<script> [1562 bytes]","args":[{"selector":{"controlType":"sap.m.Button","properties":{"text":"Close"},"searchOpenDialogs":true,"interaction":{"idSuffix":"BDI-content"}},"wdio_ui5_key":"sapm.Button{\"text\":\"Close\"}"}]}
RESULT: {"script":"<script> [1562 bytes]","args":[{"selector":{"controlType":"sap.m.Button","properties":{"text":"Close"},"searchOpenDialogs":true,"interaction":{"idSuffix":"BDI-content"}},"wdio_ui5_key":"sapm.Button{\"text\":\"Close\"}"}]}
RESULT: undefined
COMMAND: POST /session/b614b8bdf87ea745e2832f5d1487871c/element - {"using":"xpath","value":"//*[@id=\"__mbox-btn-0\"]"}
RESULT: {"using":"xpath","value":"//*[@id=\"__mbox-btn-0\"]"}
COMMAND: POST /session/b614b8bdf87ea745e2832f5d1487871c/element/f.E141158646C81433446781BCB2447156.d.25E6BBF260263AE23E0539F6D8B586B2.e.3004/click - {}
RESULT: {}
COMMAND: GET /session/b614b8bdf87ea745e2832f5d1487871c/screenshot - {}
RESULT: {}
COMMAND: POST /session/b614b8bdf87ea745e2832f5d1487871c/execute/async - {"script":"<script> [1562 bytes]","args":[{"selector":{"controlType":"sap.ui.core.Icon","viewName":"etm.portal.ui.manageresources.view.Detail","viewId":"application-manageresources-display-component---detailRU","properties":{"src":{"regex":{"source":"overflow"}}}},"wdio_ui5_key":"etmportal.ui.manageresources.view.Detailsap.ui.core.Icon{\"src\":{\"regex\":{\"source\":\"overflow\"}}}"}]}
RESULT: {"script":"<script> [1562 bytes]","args":[{"selector":{"controlType":"sap.ui.core.Icon","viewName":"etm.portal.ui.manageresources.view.Detail","viewId":"application-manageresources-display-component---detailRU","properties":{"src":{"regex":{"source":"overflow"}}}},"wdio_ui5_key":"etmportal.ui.manageresources.view.Detailsap.ui.core.Icon{\"src\":{\"regex\":{\"source\":\"overflow\"}}}"}]}
RESULT: undefined
COMMAND: POST /session/b614b8bdf87ea745e2832f5d1487871c/element - {"using":"xpath","value":"//*[@id=\"__title31-_actionsToolbar-overflowButton-img\"]"}
RESULT: {"using":"xpath","value":"//*[@id=\"__title31-_actionsToolbar-overflowButton-img\"]"}
COMMAND: POST /session/b614b8bdf87ea745e2832f5d1487871c/element/f.E141158646C81433446781BCB2447156.d.25E6BBF260263AE23E0539F6D8B586B2.e.3042/click - {}
RESULT: {}
COMMAND: POST /session/b614b8bdf87ea745e2832f5d1487871c/execute/async - {"script":"<script> [1562 bytes]","args":[{"selector":{"controlType":"sap.m.Button","viewName":"etm.portal.ui.manageresources.view.Detail","viewId":"application-manageresources-display-component---detailRU","i18NText":{"propertyName":"tooltip","key":"closeColumn"},"searchOpenDialogs":true,"interaction":{"idSuffix":"inner"}},"wdio_ui5_key":"etmportal.ui.manageresources.view.Detailsap.m.Button{\"propertyName\":\"tooltip\",\"key\":\"closeColumn\"}"}]}
COMMAND: GET /session/b614b8bdf87ea745e2832f5d1487871c/screenshot - {}
RESULT: {"script":"<script> [1562 bytes]","args":[{"selector":{"controlType":"sap.m.Button","viewName":"etm.portal.ui.manageresources.view.Detail","viewId":"application-manageresources-display-component---detailRU","i18NText":{"propertyName":"tooltip","key":"closeColumn"},"searchOpenDialogs":true,"interaction":{"idSuffix":"inner"}},"wdio_ui5_key":"etmportal.ui.manageresources.view.Detailsap.m.Button{\"propertyName\":\"tooltip\",\"key\":\"closeColumn\"}"}]}
RESULT: undefined
COMMAND: POST /session/b614b8bdf87ea745e2832f5d1487871c/element - {"using":"xpath","value":"//*[@id=\"__button137\"]"}
RESULT: {}
RESULT: {"using":"xpath","value":"//*[@id=\"__button137\"]"}
COMMAND: POST /session/b614b8bdf87ea745e2832f5d1487871c/element/f.E141158646C81433446781BCB2447156.d.25E6BBF260263AE23E0539F6D8B586B2.e.3044/click - {}
RESULT: {}
COMMAND: GET /session/b614b8bdf87ea745e2832f5d1487871c/screenshot - {}
RESULT: {}
COMMAND: POST /session/b614b8bdf87ea745e2832f5d1487871c/refresh - {}
RESULT: {}
COMMAND: GET /session/b614b8bdf87ea745e2832f5d1487871c/screenshot - {}
RESULT: {}
COMMAND: POST /session/b614b8bdf87ea745e2832f5d1487871c/execute/async - {"script":"<script> [189 bytes]","args":[]}
RESULT: {"script":"<script> [189 bytes]","args":[]}
COMMAND: POST /session/b614b8bdf87ea745e2832f5d1487871c/execute/async - {"script":"<script> [123 bytes]","args":[]}
RESULT: {"script":"<script> [123 bytes]","args":[]}
COMMAND: POST /session/b614b8bdf87ea745e2832f5d1487871c/timeouts - {"script":"<number>"}
RESULT: {"script":"<number>"}
COMMAND: GET /session/b614b8bdf87ea745e2832f5d1487871c/timeouts - {}
RESULT: {}
RESULT: undefined
COMMAND: POST /session/b614b8bdf87ea745e2832f5d1487871c/execute/async - {"script":"<script> [2676 bytes]","args":[]}
RESULT: {"script":"<script> [2676 bytes]","args":[]}
COMMAND: POST /session/b614b8bdf87ea745e2832f5d1487871c/execute/async - {"script":"<script> [2342 bytes]","args":[{"protocol":"http","hostname":"0.0.0.0","path":"/","capabilities":{"browserName":"chrome","goog:chromeOptions":{"binary":"C:\\Program Files\\Google\\Chrome\\Application\\chrome.exe","args":["--start-maximized"]}},"logLevel":"warn","connectionRetryTimeout":120000,"connectionRetryCount":3,"logLevels":{},"enableDirectConnect":true,"strictSSL":true,"_":"65 more keys: [\"cacheDir\",\"port\",\"requestedCapabilities\",\"automationProtocol\",\"baseUrl\",\"waitforInterval\",\"waitforTimeout\",\"onReload\",\"beforeCommand\",\"afterCommand\",\"rootDir\",\"specs\",\"suites\",\"exclude\",\"groupLogsByTestSpec\",\"excludeDriverLogs\",\"bail\",\"framework\",\"reporters\",\"services\",\"maxInstances\",\"maxInstancesPerCapability\",\"injectGlobals\",\"filesToWatch\",\"execArgv\",\"runnerEnv\",\"runner\",\"shard\",\"specFileRetries\",\"specFileRetriesDelay\",\"specFileRetriesDeferred\",\"reporterSyncInterval\",\"reporterSyncTimeout\",\"cucumberFeaturesWithLineNumbers\",\"autoCompileOpts\",\"mochaOpts\",\"jasmineOpts\",\"cucumberOpts\",\"onPrepare\",\"onWorkerStart\",\"onWorkerEnd\",\"before\",\"beforeSession\",\"beforeSuite\",\"beforeHook\",\"beforeTest\",\"afterTest\",\"afterHook\",\"afterSuite\",\"afterSession\",\"after\",\"onComplete\",\"beforeAssertion\",\"afterAssertion\",\"beforeFeature\",\"beforeScenario\",\"beforeStep\",\"afterStep\",\"afterScenario\",\"afterFeature\",\"_\",\"suite\",\"$0\",\"ignoredWorkerServices\",\"wdi5\"]"}]}
RESULT: {"script":"<script> [2342 bytes]","args":[{"protocol":"http","hostname":"0.0.0.0","path":"/","capabilities":{"browserName":"chrome","goog:chromeOptions":{"binary":"C:\\Program Files\\Google\\Chrome\\Application\\chrome.exe","args":["--start-maximized"]}},"logLevel":"warn","connectionRetryTimeout":120000,"connectionRetryCount":3,"logLevels":{},"enableDirectConnect":true,"strictSSL":true,"_":"65 more keys: [\"cacheDir\",\"port\",\"requestedCapabilities\",\"automationProtocol\",\"baseUrl\",\"waitforInterval\",\"waitforTimeout\",\"onReload\",\"beforeCommand\",\"afterCommand\",\"rootDir\",\"specs\",\"suites\",\"exclude\",\"groupLogsByTestSpec\",\"excludeDriverLogs\",\"bail\",\"framework\",\"reporters\",\"services\",\"maxInstances\",\"maxInstancesPerCapability\",\"injectGlobals\",\"filesToWatch\",\"execArgv\",\"runnerEnv\",\"runner\",\"shard\",\"specFileRetries\",\"specFileRetriesDelay\",\"specFileRetriesDeferred\",\"reporterSyncInterval\",\"reporterSyncTimeout\",\"cucumberFeaturesWithLineNumbers\",\"autoCompileOpts\",\"mochaOpts\",\"jasmineOpts\",\"cucumberOpts\",\"onPrepare\",\"onWorkerStart\",\"onWorkerEnd\",\"before\",\"beforeSession\",\"beforeSuite\",\"beforeHook\",\"beforeTest\",\"afterTest\",\"afterHook\",\"afterSuite\",\"afterSession\",\"after\",\"onComplete\",\"beforeAssertion\",\"afterAssertion\",\"beforeFeature\",\"beforeScenario\",\"beforeStep\",\"afterStep\",\"afterScenario\",\"afterFeature\",\"_\",\"suite\",\"$0\",\"ignoredWorkerServices\",\"wdi5\"]"}]}
COMMAND: POST /session/b614b8bdf87ea745e2832f5d1487871c/execute/async - {"script":"<script> [21126 bytes]","args":[35000]}
RESULT: {"script":"<script> [21126 bytes]","args":[35000]}
COMMAND: POST /session/b614b8bdf87ea745e2832f5d1487871c/element - {"using":"css selector","value":"#shell-header-logo"}
RESULT: {"using":"css selector","value":"#shell-header-logo"}
COMMAND: POST /session/b614b8bdf87ea745e2832f5d1487871c/element/f.E141158646C81433446781BCB2447156.d.F97396A306A5480C0316D14BCF0E96A0.e.3145/click - {}
RESULT: {}
COMMAND: GET /session/b614b8bdf87ea745e2832f5d1487871c/screenshot - {}
RESULT: {}
COMMAND: POST /session/b614b8bdf87ea745e2832f5d1487871c/execute/async - {"script":"<script> [1562 bytes]","args":[{"selector":{"controlType":"sap.m.GenericTile","properties":{"header":"Manage Resources"}},"wdio_ui5_key":"sapm.GenericTile{\"header\":\"Manage Resources\"}"}]}
RESULT: {"script":"<script> [1562 bytes]","args":[{"selector":{"controlType":"sap.m.GenericTile","properties":{"header":"Manage Resources"}},"wdio_ui5_key":"sapm.GenericTile{\"header\":\"Manage Resources\"}"}]}
RESULT: undefined
COMMAND: POST /session/b614b8bdf87ea745e2832f5d1487871c/element - {"using":"xpath","value":"//*[@id=\"__tile39\"]"}
RESULT: {"using":"xpath","value":"//*[@id=\"__tile39\"]"}
COMMAND: POST /session/b614b8bdf87ea745e2832f5d1487871c/element/f.E141158646C81433446781BCB2447156.d.F97396A306A5480C0316D14BCF0E96A0.e.3329/click - {}
RESULT: {}
COMMAND: GET /session/b614b8bdf87ea745e2832f5d1487871c/screenshot - {}
RESULT: {}
COMMAND: POST /session/b614b8bdf87ea745e2832f5d1487871c/elements - {"using":"xpath","value":"//span[text()='Error']"}
RESULT: {"using":"xpath","value":"//span[text()='Error']"}
COMMAND: POST /session/b614b8bdf87ea745e2832f5d1487871c/element - {"using":"xpath","value":"//button[@data-kt=\"addNewRUOverflowToolbarButton\"]"}
RESULT: {"using":"xpath","value":"//button[@data-kt=\"addNewRUOverflowToolbarButton\"]"}
COMMAND: POST /session/b614b8bdf87ea745e2832f5d1487871c/execute/sync - {"script":"<script> [8489 bytes]","args":[{"element-6066-11e4-a52e-4f735466cecf":"f.E141158646C81433446781BCB2447156.d.F97396A306A5480C0316D14BCF0E96A0.e.3371","ELEMENT":"f.E141158646C81433446781BCB2447156.d.F97396A306A5480C0316D14BCF0E96A0.e.3371"}]}
RESULT: {"script":"<script> [8489 bytes]","args":[{"element-6066-11e4-a52e-4f735466cecf":"f.E141158646C81433446781BCB2447156.d.F97396A306A5480C0316D14BCF0E96A0.e.3371","ELEMENT":"f.E141158646C81433446781BCB2447156.d.F97396A306A5480C0316D14BCF0E96A0.e.3371"}]}
COMMAND: POST /session/b614b8bdf87ea745e2832f5d1487871c/element/f.E141158646C81433446781BCB2447156.d.F97396A306A5480C0316D14BCF0E96A0.e.3371/click - {}
COMMAND: GET /session/b614b8bdf87ea745e2832f5d1487871c/screenshot - {}
RESULT: {}
COMMAND: GET /session/b614b8bdf87ea745e2832f5d1487871c/screenshot - {}
COMMAND: POST /session/b614b8bdf87ea745e2832f5d1487871c/execute/async - {"script":"<script> [1562 bytes]","args":[{"selector":{"id":"application-manageresources-display-component---newResourceUnit--TYPE-arrow"},"wdio_ui5_key":"applicationmanageresources-display-component---newResourceUnit--TYPE-arrow"}]}
RESULT: {}
RESULT: {}
RESULT: {"script":"<script> [1562 bytes]","args":[{"selector":{"id":"application-manageresources-display-component---newResourceUnit--TYPE-arrow"},"wdio_ui5_key":"applicationmanageresources-display-component---newResourceUnit--TYPE-arrow"}]}
RESULT: undefined
COMMAND: POST /session/b614b8bdf87ea745e2832f5d1487871c/element - {"using":"xpath","value":"//*[@id=\"application-manageresources-display-component---newResourceUnit--TYPE-arrow\"]"}
RESULT: {"using":"xpath","value":"//*[@id=\"application-manageresources-display-component---newResourceUnit--TYPE-arrow\"]"}
COMMAND: POST /session/b614b8bdf87ea745e2832f5d1487871c/element/f.E141158646C81433446781BCB2447156.d.F97396A306A5480C0316D14BCF0E96A0.e.3689/click - {}
RESULT: {}
COMMAND: POST /session/b614b8bdf87ea745e2832f5d1487871c/execute/async - {"script":"<script> [1562 bytes]","args":[{"selector":{"controlType":"sap.m.StandardListItem","viewName":"reusables.view.manageresources.NewResourceUnit","viewId":"application-manageresources-display-component---newResourceUnit","properties":{"title":"Equipment"},"searchOpenDialogs":true,"interaction":{"idSuffix":"content"}},"wdio_ui5_key":"reusablesview.manageresources.NewResourceUnitsap.m.StandardListItem{\"title\":\"Equipment\"}"}]}
COMMAND: GET /session/b614b8bdf87ea745e2832f5d1487871c/screenshot - {}
RESULT: {"script":"<script> [1562 bytes]","args":[{"selector":{"controlType":"sap.m.StandardListItem","viewName":"reusables.view.manageresources.NewResourceUnit","viewId":"application-manageresources-display-component---newResourceUnit","properties":{"title":"Equipment"},"searchOpenDialogs":true,"interaction":{"idSuffix":"content"}},"wdio_ui5_key":"reusablesview.manageresources.NewResourceUnitsap.m.StandardListItem{\"title\":\"Equipment\"}"}]}
RESULT: undefined
COMMAND: POST /session/b614b8bdf87ea745e2832f5d1487871c/element - {"using":"xpath","value":"//*[@id=\"__item180\"]"}
RESULT: {}
RESULT: {"using":"xpath","value":"//*[@id=\"__item180\"]"}
COMMAND: POST /session/b614b8bdf87ea745e2832f5d1487871c/element/f.E141158646C81433446781BCB2447156.d.F97396A306A5480C0316D14BCF0E96A0.e.3692/click - {}
RESULT: {}
COMMAND: POST /session/b614b8bdf87ea745e2832f5d1487871c/execute/async - {"script":"<script> [1562 bytes]","args":[{"selector":{"id":"application-manageresources-display-component---newResourceUnit--resourceId","interaction":{"idSuffix":"inner"}},"wdio_ui5_key":"applicationmanageresources-display-component---newResourceUnit--resourceId"}]}
COMMAND: GET /session/b614b8bdf87ea745e2832f5d1487871c/screenshot - {}
RESULT: {"script":"<script> [1562 bytes]","args":[{"selector":{"id":"application-manageresources-display-component---newResourceUnit--resourceId","interaction":{"idSuffix":"inner"}},"wdio_ui5_key":"applicationmanageresources-display-component---newResourceUnit--resourceId"}]}
RESULT: undefined
COMMAND: POST /session/b614b8bdf87ea745e2832f5d1487871c/execute/async - {"script":"<script> [776 bytes]","args":[{"enterText":"WdIOR2cEquip7mwfr","selector":{"id":"application-manageresources-display-component---newResourceUnit--resourceId","interaction":{"idSuffix":"inner"}},"clearTextFirst":true,"interactionType":"ENTER_TEXT"}]}
RESULT: {}
RESULT: {"script":"<script> [776 bytes]","args":[{"enterText":"WdIOR2cEquip7mwfr","selector":{"id":"application-manageresources-display-component---newResourceUnit--resourceId","interaction":{"idSuffix":"inner"}},"clearTextFirst":true,"interactionType":"ENTER_TEXT"}]}
COMMAND: POST /session/b614b8bdf87ea745e2832f5d1487871c/execute/async - {"script":"<script> [1562 bytes]","args":[{"selector":{"id":"application-manageresources-display-component---newResourceUnit--SHORT_TEXT","interaction":{"idSuffix":"inner"}},"wdio_ui5_key":"applicationmanageresources-display-component---newResourceUnit--SHORT_TEXT"}]}
RESULT: {"script":"<script> [1562 bytes]","args":[{"selector":{"id":"application-manageresources-display-component---newResourceUnit--SHORT_TEXT","interaction":{"idSuffix":"inner"}},"wdio_ui5_key":"applicationmanageresources-display-component---newResourceUnit--SHORT_TEXT"}]}
RESULT: undefined
COMMAND: POST /session/b614b8bdf87ea745e2832f5d1487871c/execute/async - {"script":"<script> [776 bytes]","args":[{"enterText":"WdIOR2cEquip7mwfr","selector":{"id":"application-manageresources-display-component---newResourceUnit--SHORT_TEXT","interaction":{"idSuffix":"inner"}},"clearTextFirst":true,"interactionType":"ENTER_TEXT"}]}
RESULT: {"script":"<script> [776 bytes]","args":[{"enterText":"WdIOR2cEquip7mwfr","selector":{"id":"application-manageresources-display-component---newResourceUnit--SHORT_TEXT","interaction":{"idSuffix":"inner"}},"clearTextFirst":true,"interactionType":"ENTER_TEXT"}]}
COMMAND: POST /session/b614b8bdf87ea745e2832f5d1487871c/execute/async - {"script":"<script> [1562 bytes]","args":[{"selector":{"id":"application-manageresources-display-component---newResourceUnit--BASE_UNIT_OF_MEASURE","interaction":{"idSuffix":"inner"}},"wdio_ui5_key":"applicationmanageresources-display-component---newResourceUnit--BASE_UNIT_OF_MEASURE"}]}
RESULT: {"script":"<script> [1562 bytes]","args":[{"selector":{"id":"application-manageresources-display-component---newResourceUnit--BASE_UNIT_OF_MEASURE","interaction":{"idSuffix":"inner"}},"wdio_ui5_key":"applicationmanageresources-display-component---newResourceUnit--BASE_UNIT_OF_MEASURE"}]}
RESULT: undefined
COMMAND: POST /session/b614b8bdf87ea745e2832f5d1487871c/execute/async - {"script":"<script> [776 bytes]","args":[{"enterText":"Piece","selector":{"id":"application-manageresources-display-component---newResourceUnit--BASE_UNIT_OF_MEASURE","interaction":{"idSuffix":"inner"}},"clearTextFirst":true,"interactionType":"ENTER_TEXT"}]}
RESULT: {"script":"<script> [776 bytes]","args":[{"enterText":"Piece","selector":{"id":"application-manageresources-display-component---newResourceUnit--BASE_UNIT_OF_MEASURE","interaction":{"idSuffix":"inner"}},"clearTextFirst":true,"interactionType":"ENTER_TEXT"}]}
COMMAND: POST /session/b614b8bdf87ea745e2832f5d1487871c/execute/async - {"script":"<script> [1562 bytes]","args":[{"selector":{"id":"application-manageresources-display-component---newResourceUnit--WEIGHT_UNIT","interaction":{"idSuffix":"inner"}},"wdio_ui5_key":"applicationmanageresources-display-component---newResourceUnit--WEIGHT_UNIT"}]}
RESULT: {"script":"<script> [1562 bytes]","args":[{"selector":{"id":"application-manageresources-display-component---newResourceUnit--WEIGHT_UNIT","interaction":{"idSuffix":"inner"}},"wdio_ui5_key":"applicationmanageresources-display-component---newResourceUnit--WEIGHT_UNIT"}]}
RESULT: undefined
COMMAND: POST /session/b614b8bdf87ea745e2832f5d1487871c/execute/async - {"script":"<script> [776 bytes]","args":[{"enterText":"Gram","selector":{"id":"application-manageresources-display-component---newResourceUnit--WEIGHT_UNIT","interaction":{"idSuffix":"inner"}},"clearTextFirst":true,"interactionType":"ENTER_TEXT"}]}
RESULT: {"script":"<script> [776 bytes]","args":[{"enterText":"Gram","selector":{"id":"application-manageresources-display-component---newResourceUnit--WEIGHT_UNIT","interaction":{"idSuffix":"inner"}},"clearTextFirst":true,"interactionType":"ENTER_TEXT"}]}
COMMAND: POST /session/b614b8bdf87ea745e2832f5d1487871c/execute/async - {"script":"<script> [1562 bytes]","args":[{"selector":{"id":"application-manageresources-display-component---newResourceUnit--newRRUPage-OPHeaderContent-collapseBtn-img"},"wdio_ui5_key":"applicationmanageresources-display-component---newResourceUnit--newRRUPage-OPHeaderContent-collapseBtn-img"}]}
RESULT: {"script":"<script> [1562 bytes]","args":[{"selector":{"id":"application-manageresources-display-component---newResourceUnit--newRRUPage-OPHeaderContent-collapseBtn-img"},"wdio_ui5_key":"applicationmanageresources-display-component---newResourceUnit--newRRUPage-OPHeaderContent-collapseBtn-img"}]}
RESULT: undefined
COMMAND: POST /session/b614b8bdf87ea745e2832f5d1487871c/element - {"using":"xpath","value":"//*[@id=\"application-manageresources-display-component---newResourceUnit--newRRUPage-OPHeaderContent-collapseBtn-img\"]"}
RESULT: {"using":"xpath","value":"//*[@id=\"application-manageresources-display-component---newResourceUnit--newRRUPage-OPHeaderContent-collapseBtn-img\"]"}
COMMAND: POST /session/b614b8bdf87ea745e2832f5d1487871c/element/f.E141158646C81433446781BCB2447156.d.F97396A306A5480C0316D14BCF0E96A0.e.3701/click - {}
RESULT: {}
COMMAND: GET /session/b614b8bdf87ea745e2832f5d1487871c/screenshot - {}
RESULT: {}
COMMAND: POST /session/b614b8bdf87ea745e2832f5d1487871c/element - {"using":"xpath","value":"(//span[contains(@id ,\"application-manageresources-display-component---newResourceUnit--DIMENSION_UNIT-arrow\")])[1]"}
RESULT: {"using":"xpath","value":"(//span[contains(@id ,\"application-manageresources-display-component---newResourceUnit--DIMENSION_UNIT-arrow\")])[1]"}
COMMAND: POST /session/b614b8bdf87ea745e2832f5d1487871c/element/f.E141158646C81433446781BCB2447156.d.F97396A306A5480C0316D14BCF0E96A0.e.3823/click - {}
RESULT: {}
COMMAND: GET /session/b614b8bdf87ea745e2832f5d1487871c/screenshot - {}
RESULT: {}
COMMAND: POST /session/b614b8bdf87ea745e2832f5d1487871c/execute/async - {"script":"<script> [1562 bytes]","args":[{"selector":{"controlType":"sap.m.StandardListItem","viewName":"reusables.view.manageresources.NewResourceUnit","viewId":"application-manageresources-display-component---newResourceUnit","properties":{"title":"Centimeter"},"searchOpenDialogs":true,"interaction":{"idSuffix":"titleText"}},"wdio_ui5_key":"reusablesview.manageresources.NewResourceUnitsap.m.StandardListItem{\"title\":\"Centimeter\"}"}]}
RESULT: {"script":"<script> [1562 bytes]","args":[{"selector":{"controlType":"sap.m.StandardListItem","viewName":"reusables.view.manageresources.NewResourceUnit","viewId":"application-manageresources-display-component---newResourceUnit","properties":{"title":"Centimeter"},"searchOpenDialogs":true,"interaction":{"idSuffix":"titleText"}},"wdio_ui5_key":"reusablesview.manageresources.NewResourceUnitsap.m.StandardListItem{\"title\":\"Centimeter\"}"}]}
RESULT: undefined
COMMAND: POST /session/b614b8bdf87ea745e2832f5d1487871c/element - {"using":"xpath","value":"//*[@id=\"__item221\"]"}
RESULT: {"using":"xpath","value":"//*[@id=\"__item221\"]"}
COMMAND: POST /session/b614b8bdf87ea745e2832f5d1487871c/element/f.E141158646C81433446781BCB2447156.d.F97396A306A5480C0316D14BCF0E96A0.e.3825/click - {}
RESULT: {}
COMMAND: GET /session/b614b8bdf87ea745e2832f5d1487871c/screenshot - {}
RESULT: {}
COMMAND: POST /session/b614b8bdf87ea745e2832f5d1487871c/execute/async - {"script":"<script> [1562 bytes]","args":[{"selector":{"id":"application-manageresources-display-component---newResourceUnit--newRRUPage-anchBar-application-manageresources-display-component---newResourceUnit--control-anchor","interaction":{"idSuffix":"BDI-content"}},"wdio_ui5_key":"applicationmanageresources-display-component---newResourceUnit--newRRUPage-anchBar-application-manageresources-display-component---newResourceUnit--control-anchor"}]}
RESULT: {"script":"<script> [1562 bytes]","args":[{"selector":{"id":"application-manageresources-display-component---newResourceUnit--newRRUPage-anchBar-application-manageresources-display-component---newResourceUnit--control-anchor","interaction":{"idSuffix":"BDI-content"}},"wdio_ui5_key":"applicationmanageresources-display-component---newResourceUnit--newRRUPage-anchBar-application-manageresources-display-component---newResourceUnit--control-anchor"}]}
RESULT: undefined
COMMAND: POST /session/b614b8bdf87ea745e2832f5d1487871c/element - {"using":"xpath","value":"//*[@id=\"application-manageresources-display-component---newResourceUnit--newRRUPage-anchBar-application-manageresources-display-component---newResourceUnit--control-anchor\"]"}
RESULT: {"using":"xpath","value":"//*[@id=\"application-manageresources-display-component---newResourceUnit--newRRUPage-anchBar-application-manageresources-display-component---newResourceUnit--control-anchor\"]"}
COMMAND: POST /session/b614b8bdf87ea745e2832f5d1487871c/element/f.E141158646C81433446781BCB2447156.d.F97396A306A5480C0316D14BCF0E96A0.e.3827/click - {}
RESULT: {}
COMMAND: POST /session/b614b8bdf87ea745e2832f5d1487871c/execute/async - {"script":"<script> [1562 bytes]","args":[{"selector":{"id":"application-manageresources-display-component---newResourceUnit--PLANNING_GROUP","interaction":{"idSuffix":"inner"}},"wdio_ui5_key":"applicationmanageresources-display-component---newResourceUnit--PLANNING_GROUP"}]}
COMMAND: GET /session/b614b8bdf87ea745e2832f5d1487871c/screenshot - {}
RESULT: {"script":"<script> [1562 bytes]","args":[{"selector":{"id":"application-manageresources-display-component---newResourceUnit--PLANNING_GROUP","interaction":{"idSuffix":"inner"}},"wdio_ui5_key":"applicationmanageresources-display-component---newResourceUnit--PLANNING_GROUP"}]}
RESULT: undefined
COMMAND: POST /session/b614b8bdf87ea745e2832f5d1487871c/execute/async - {"script":"<script> [776 bytes]","args":[{"enterText":"Heavy Equi","selector":{"id":"application-manageresources-display-component---newResourceUnit--PLANNING_GROUP","interaction":{"idSuffix":"inner"}},"clearTextFirst":true,"interactionType":"ENTER_TEXT"}]}
RESULT: {}
RESULT: {"script":"<script> [776 bytes]","args":[{"enterText":"Heavy Equi","selector":{"id":"application-manageresources-display-component---newResourceUnit--PLANNING_GROUP","interaction":{"idSuffix":"inner"}},"clearTextFirst":true,"interactionType":"ENTER_TEXT"}]}
COMMAND: POST /session/b614b8bdf87ea745e2832f5d1487871c/execute/async - {"script":"<script> [1562 bytes]","args":[{"selector":{"id":"application-manageresources-display-component---newResourceUnit--ITEM_TYPE-arrow"},"wdio_ui5_key":"applicationmanageresources-display-component---newResourceUnit--ITEM_TYPE-arrow"}]}
RESULT: {"script":"<script> [1562 bytes]","args":[{"selector":{"id":"application-manageresources-display-component---newResourceUnit--ITEM_TYPE-arrow"},"wdio_ui5_key":"applicationmanageresources-display-component---newResourceUnit--ITEM_TYPE-arrow"}]}
RESULT: undefined
COMMAND: POST /session/b614b8bdf87ea745e2832f5d1487871c/element - {"using":"xpath","value":"//*[@id=\"application-manageresources-display-component---newResourceUnit--ITEM_TYPE-arrow\"]"}
RESULT: {"using":"xpath","value":"//*[@id=\"application-manageresources-display-component---newResourceUnit--ITEM_TYPE-arrow\"]"}
COMMAND: POST /session/b614b8bdf87ea745e2832f5d1487871c/element/f.E141158646C81433446781BCB2447156.d.F97396A306A5480C0316D14BCF0E96A0.e.3834/click - {}
RESULT: {}
COMMAND: POST /session/b614b8bdf87ea745e2832f5d1487871c/execute/async - {"script":"<script> [1562 bytes]","args":[{"selector":{"controlType":"sap.m.StandardListItem","viewName":"reusables.view.manageresources.NewResourceUnit","viewId":"application-manageresources-display-component---newResourceUnit","properties":{"title":"Resource Unit"},"searchOpenDialogs":true,"interaction":{"idSuffix":"titleText"}},"wdio_ui5_key":"reusablesview.manageresources.NewResourceUnitsap.m.StandardListItem{\"title\":\"Resource Unit\"}"}]}
COMMAND: GET /session/b614b8bdf87ea745e2832f5d1487871c/screenshot - {}
RESULT: {"script":"<script> [1562 bytes]","args":[{"selector":{"controlType":"sap.m.StandardListItem","viewName":"reusables.view.manageresources.NewResourceUnit","viewId":"application-manageresources-display-component---newResourceUnit","properties":{"title":"Resource Unit"},"searchOpenDialogs":true,"interaction":{"idSuffix":"titleText"}},"wdio_ui5_key":"reusablesview.manageresources.NewResourceUnitsap.m.StandardListItem{\"title\":\"Resource Unit\"}"}]}
RESULT: undefined
COMMAND: POST /session/b614b8bdf87ea745e2832f5d1487871c/element - {"using":"xpath","value":"//*[@id=\"__item243\"]"}
RESULT: {}
RESULT: {"using":"xpath","value":"//*[@id=\"__item243\"]"}
COMMAND: POST /session/b614b8bdf87ea745e2832f5d1487871c/element/f.E141158646C81433446781BCB2447156.d.F97396A306A5480C0316D14BCF0E96A0.e.3836/click - {}
RESULT: {}
COMMAND: POST /session/b614b8bdf87ea745e2832f5d1487871c/element - {"using":"xpath","value":"//bdi[contains(text(), \"Time Segment\")]"}
COMMAND: GET /session/b614b8bdf87ea745e2832f5d1487871c/screenshot - {}
RESULT: {"using":"xpath","value":"//bdi[contains(text(), \"Time Segment\")]"}
COMMAND: GET /session/b614b8bdf87ea745e2832f5d1487871c/element/f.E141158646C81433446781BCB2447156.d.F97396A306A5480C0316D14BCF0E96A0.e.3837/rect - {}
RESULT: {}
RESULT: {}
COMMAND: GET /session/b614b8bdf87ea745e2832f5d1487871c/window/rect - {}
RESULT: {}
COMMAND: POST /session/b614b8bdf87ea745e2832f5d1487871c/execute/sync - {"script":"<script> [92 bytes]","args":[]}
RESULT: {"script":"<script> [92 bytes]","args":[]}
COMMAND: POST /session/b614b8bdf87ea745e2832f5d1487871c/actions - {"actions":[{"id":"action7","type":"wheel","parameters":{},"actions":[{"type":"scroll","x":-1820,"y":-21,"deltaX":0,"deltaY":0,"duration":0,"origin":{"element-6066-11e4-a52e-4f735466cecf":"f.E141158646C81433446781BCB2447156.d.F97396A306A5480C0316D14BCF0E96A0.e.3837"}}]}]}
COMMAND: GET /session/b614b8bdf87ea745e2832f5d1487871c/screenshot - {}
RESULT: {}
COMMAND: POST /session/b614b8bdf87ea745e2832f5d1487871c/execute/sync - {"script":"<script> [79 bytes]","args":[{"element-6066-11e4-a52e-4f735466cecf":"f.E141158646C81433446781BCB2447156.d.F97396A306A5480C0316D14BCF0E96A0.e.3837","ELEMENT":"f.E141158646C81433446781BCB2447156.d.F97396A306A5480C0316D14BCF0E96A0.e.3837"},{"block":"start","inline":"nearest"}]}
RESULT: {"script":"<script> [79 bytes]","args":[{"element-6066-11e4-a52e-4f735466cecf":"f.E141158646C81433446781BCB2447156.d.F97396A306A5480C0316D14BCF0E96A0.e.3837","ELEMENT":"f.E141158646C81433446781BCB2447156.d.F97396A306A5480C0316D14BCF0E96A0.e.3837"},{"block":"start","inline":"nearest"}]}
COMMAND: POST /session/b614b8bdf87ea745e2832f5d1487871c/execute/async - {"script":"<script> [1562 bytes]","args":[{"selector":{"id":"application-manageresources-display-component---newResourceUnit--btnAddTimeSegment-img"},"wdio_ui5_key":"applicationmanageresources-display-component---newResourceUnit--btnAddTimeSegment-img"}]}
COMMAND: GET /session/b614b8bdf87ea745e2832f5d1487871c/screenshot - {}
RESULT: {"script":"<script> [1562 bytes]","args":[{"selector":{"id":"application-manageresources-display-component---newResourceUnit--btnAddTimeSegment-img"},"wdio_ui5_key":"applicationmanageresources-display-component---newResourceUnit--btnAddTimeSegment-img"}]}
RESULT: undefined
COMMAND: POST /session/b614b8bdf87ea745e2832f5d1487871c/element - {"using":"xpath","value":"//*[@id=\"application-manageresources-display-component---newResourceUnit--btnAddTimeSegment-img\"]"}
RESULT: {}
RESULT: {"using":"xpath","value":"//*[@id=\"application-manageresources-display-component---newResourceUnit--btnAddTimeSegment-img\"]"}
COMMAND: POST /session/b614b8bdf87ea745e2832f5d1487871c/element/f.E141158646C81433446781BCB2447156.d.F97396A306A5480C0316D14BCF0E96A0.e.3840/click - {}
RESULT: {}
COMMAND: GET /session/b614b8bdf87ea745e2832f5d1487871c/screenshot - {}
RESULT: {}
COMMAND: POST /session/b614b8bdf87ea745e2832f5d1487871c/element - {"using":"xpath","value":"//input[@id=\"application-manageresources-display-component---newResourceUnit--idRuTSAdmin-application-manageresources-display-component---newResourceUnit--RUTimeSegment-0-inner\"]"}
RESULT: {"using":"xpath","value":"//input[@id=\"application-manageresources-display-component---newResourceUnit--idRuTSAdmin-application-manageresources-display-component---newResourceUnit--RUTimeSegment-0-inner\"]"}
COMMAND: POST /session/b614b8bdf87ea745e2832f5d1487871c/element/f.E141158646C81433446781BCB2447156.d.F97396A306A5480C0316D14BCF0E96A0.e.3844/clear - {}
RESULT: {}
COMMAND: POST /session/b614b8bdf87ea745e2832f5d1487871c/element/f.E141158646C81433446781BCB2447156.d.F97396A306A5480C0316D14BCF0E96A0.e.3844/value - {"text":"WebdriverYard1j42w"}
COMMAND: GET /session/b614b8bdf87ea745e2832f5d1487871c/screenshot - {}
RESULT: {"text":"WebdriverYard1j42w"}
COMMAND: GET /session/b614b8bdf87ea745e2832f5d1487871c/screenshot - {}
RESULT: {}
RESULT: {}
COMMAND: POST /session/b614b8bdf87ea745e2832f5d1487871c/actions - {"actions":[{"id":"action8","type":"key","parameters":{},"actions":[{"type":"keyDown","value":"î€‡"},{"type":"pause","duration":10},{"type":"keyUp","value":"î€‡"}]}]}
RESULT: {"actions":[{"id":"action8","type":"key","parameters":{},"actions":[{"type":"keyDown","value":"î€‡"},{"type":"pause","duration":10},{"type":"keyUp","value":"î€‡"}]}]}
COMMAND: POST /session/b614b8bdf87ea745e2832f5d1487871c/execute/async - {"script":"<script> [1562 bytes]","args":[{"selector":{"controlType":"sap.ui.core.Icon","viewName":"reusables.view.manageresources.NewResourceUnit","viewId":"application-manageresources-display-component---newResourceUnit","properties":{"src":{"regex":{"source":"slim\\-arrow\\-down"}}},"ancestor":{"controlType":"sap.m.ComboBox","viewName":"reusables.view.manageresources.NewResourceUnit","viewId":"application-manageresources-display-component---newResourceUnit","bindingPath":{"path":"/RESOURCE_UNIT_TIME_SEQUENCES/0","propertyPath":"COST_OBJECT_ADMIN_CST_TYPE","modelName":"oNewRruModel"}}},"wdio_ui5_key":"reusablesview.manageresources.NewResourceUnitsap.ui.core.Icon{\"src\":{\"regex\":{\"source\":\"slim\\\\-arrow\\\\-down\"}}}{\"controlType\":\"sap.m.ComboBox\",\"viewName\":\"reusables.view.manageresources.NewResourceUnit\",\"viewId\":\"application-manageresources-display-component---newResourceUnit\",\"bindingPath\":{\"path\":\"/RESOURCE_UNIT_TIME_SEQUENCES/0\",\"propertyPath\":\"COST_OBJECT_ADMIN_CST_TYPE\",\"modelName\":\"oNewRruModel\"}}"}]}
COMMAND: GET /session/b614b8bdf87ea745e2832f5d1487871c/screenshot - {}
RESULT: {"script":"<script> [1562 bytes]","args":[{"selector":{"controlType":"sap.ui.core.Icon","viewName":"reusables.view.manageresources.NewResourceUnit","viewId":"application-manageresources-display-component---newResourceUnit","properties":{"src":{"regex":{"source":"slim\\-arrow\\-down"}}},"ancestor":{"controlType":"sap.m.ComboBox","viewName":"reusables.view.manageresources.NewResourceUnit","viewId":"application-manageresources-display-component---newResourceUnit","bindingPath":{"path":"/RESOURCE_UNIT_TIME_SEQUENCES/0","propertyPath":"COST_OBJECT_ADMIN_CST_TYPE","modelName":"oNewRruModel"}}},"wdio_ui5_key":"reusablesview.manageresources.NewResourceUnitsap.ui.core.Icon{\"src\":{\"regex\":{\"source\":\"slim\\\\-arrow\\\\-down\"}}}{\"controlType\":\"sap.m.ComboBox\",\"viewName\":\"reusables.view.manageresources.NewResourceUnit\",\"viewId\":\"application-manageresources-display-component---newResourceUnit\",\"bindingPath\":{\"path\":\"/RESOURCE_UNIT_TIME_SEQUENCES/0\",\"propertyPath\":\"COST_OBJECT_ADMIN_CST_TYPE\",\"modelName\":\"oNewRruModel\"}}"}]}
RESULT: undefined
COMMAND: POST /session/b614b8bdf87ea745e2832f5d1487871c/element - {"using":"xpath","value":"//*[@id=\"__box7-application-manageresources-display-component---newResourceUnit--RUTimeSegment-0-arrow\"]"}
RESULT: {}
RESULT: {"using":"xpath","value":"//*[@id=\"__box7-application-manageresources-display-component---newResourceUnit--RUTimeSegment-0-arrow\"]"}
COMMAND: POST /session/b614b8bdf87ea745e2832f5d1487871c/element/f.E141158646C81433446781BCB2447156.d.F97396A306A5480C0316D14BCF0E96A0.e.3857/click - {}
RESULT: {}
COMMAND: POST /session/b614b8bdf87ea745e2832f5d1487871c/execute/async - {"script":"<script> [1562 bytes]","args":[{"selector":{"controlType":"sap.m.StandardListItem","viewName":"reusables.view.manageresources.NewResourceUnit","viewId":"application-manageresources-display-component---newResourceUnit","properties":{"title":"PM Order"},"searchOpenDialogs":true,"interaction":{"idSuffix":"titleText"}},"wdio_ui5_key":"reusablesview.manageresources.NewResourceUnitsap.m.StandardListItem{\"title\":\"PM Order\"}"}]}
COMMAND: GET /session/b614b8bdf87ea745e2832f5d1487871c/screenshot - {}
RESULT: {"script":"<script> [1562 bytes]","args":[{"selector":{"controlType":"sap.m.StandardListItem","viewName":"reusables.view.manageresources.NewResourceUnit","viewId":"application-manageresources-display-component---newResourceUnit","properties":{"title":"PM Order"},"searchOpenDialogs":true,"interaction":{"idSuffix":"titleText"}},"wdio_ui5_key":"reusablesview.manageresources.NewResourceUnitsap.m.StandardListItem{\"title\":\"PM Order\"}"}]}
RESULT: undefined
COMMAND: POST /session/b614b8bdf87ea745e2832f5d1487871c/element - {"using":"xpath","value":"//*[@id=\"__item516\"]"}
RESULT: {}
RESULT: {"using":"xpath","value":"//*[@id=\"__item516\"]"}
COMMAND: POST /session/b614b8bdf87ea745e2832f5d1487871c/element/f.E141158646C81433446781BCB2447156.d.F97396A306A5480C0316D14BCF0E96A0.e.3861/click - {}
RESULT: {}
COMMAND: GET /session/b614b8bdf87ea745e2832f5d1487871c/screenshot - {}
RESULT: {}
COMMAND: POST /session/b614b8bdf87ea745e2832f5d1487871c/element - {"using":"xpath","value":"(//input[contains(@id ,\"-application-manageresources-display-component---newResourceUnit--RUTimeSegment-0-inner\")])[8]"}
RESULT: {"using":"xpath","value":"(//input[contains(@id ,\"-application-manageresources-display-component---newResourceUnit--RUTimeSegment-0-inner\")])[8]"}
COMMAND: POST /session/b614b8bdf87ea745e2832f5d1487871c/element/f.E141158646C81433446781BCB2447156.d.F97396A306A5480C0316D14BCF0E96A0.e.3864/clear - {}
RESULT: {}
COMMAND: POST /session/b614b8bdf87ea745e2832f5d1487871c/element/f.E141158646C81433446781BCB2447156.d.F97396A306A5480C0316D14BCF0E96A0.e.3864/value - {"text":"4000360"}
COMMAND: GET /session/b614b8bdf87ea745e2832f5d1487871c/screenshot - {}
RESULT: {"text":"4000360"}
COMMAND: GET /session/b614b8bdf87ea745e2832f5d1487871c/screenshot - {}
RESULT: {}
RESULT: {}
COMMAND: POST /session/b614b8bdf87ea745e2832f5d1487871c/actions - {"actions":[{"id":"action9","type":"key","parameters":{},"actions":[{"type":"keyDown","value":"î€‡"},{"type":"pause","duration":10},{"type":"keyUp","value":"î€‡"}]}]}
RESULT: {"actions":[{"id":"action9","type":"key","parameters":{},"actions":[{"type":"keyDown","value":"î€‡"},{"type":"pause","duration":10},{"type":"keyUp","value":"î€‡"}]}]}
COMMAND: GET /session/b614b8bdf87ea745e2832f5d1487871c/screenshot - {}
RESULT: {}
COMMAND: POST /session/b614b8bdf87ea745e2832f5d1487871c/element - {"using":"xpath","value":"//input[contains(@id ,\"application-manageresources-display-component---newResourceUnit--newTimeSegmentFromDatePicker-application-manageresources-display-component---newResourceUnit--RUTimeSegment-0-inner\")]"}
RESULT: {"using":"xpath","value":"//input[contains(@id ,\"application-manageresources-display-component---newResourceUnit--newTimeSegmentFromDatePicker-application-manageresources-display-component---newResourceUnit--RUTimeSegment-0-inner\")]"}
COMMAND: POST /session/b614b8bdf87ea745e2832f5d1487871c/element/f.E141158646C81433446781BCB2447156.d.F97396A306A5480C0316D14BCF0E96A0.e.3851/clear - {}
RESULT: {}
COMMAND: POST /session/b614b8bdf87ea745e2832f5d1487871c/element/f.E141158646C81433446781BCB2447156.d.F97396A306A5480C0316D14BCF0E96A0.e.3851/clear - {}
COMMAND: GET /session/b614b8bdf87ea745e2832f5d1487871c/screenshot - {}
RESULT: {}
COMMAND: POST /session/b614b8bdf87ea745e2832f5d1487871c/element/f.E141158646C81433446781BCB2447156.d.F97396A306A5480C0316D14BCF0E96A0.e.3851/value - {"text":"06/14/24"}
COMMAND: GET /session/b614b8bdf87ea745e2832f5d1487871c/screenshot - {}
RESULT: {}
RESULT: {"text":"06/14/24"}
COMMAND: POST /session/b614b8bdf87ea745e2832f5d1487871c/execute/async - {"script":"<script> [1562 bytes]","args":[{"selector":{"id":"application-manageresources-display-component---newResourceUnit--newRRUPage-anchBar-application-manageresources-display-component---newResourceUnit--resource-anchor","interaction":{"idSuffix":"BDI-content"}},"wdio_ui5_key":"applicationmanageresources-display-component---newResourceUnit--newRRUPage-anchBar-application-manageresources-display-component---newResourceUnit--resource-anchor"}]}
COMMAND: GET /session/b614b8bdf87ea745e2832f5d1487871c/screenshot - {}
RESULT: {}
RESULT: {"script":"<script> [1562 bytes]","args":[{"selector":{"id":"application-manageresources-display-component---newResourceUnit--newRRUPage-anchBar-application-manageresources-display-component---newResourceUnit--resource-anchor","interaction":{"idSuffix":"BDI-content"}},"wdio_ui5_key":"applicationmanageresources-display-component---newResourceUnit--newRRUPage-anchBar-application-manageresources-display-component---newResourceUnit--resource-anchor"}]}
RESULT: undefined
COMMAND: POST /session/b614b8bdf87ea745e2832f5d1487871c/element - {"using":"xpath","value":"//*[@id=\"application-manageresources-display-component---newResourceUnit--newRRUPage-anchBar-application-manageresources-display-component---newResourceUnit--resource-anchor\"]"}
RESULT: {}
RESULT: {"using":"xpath","value":"//*[@id=\"application-manageresources-display-component---newResourceUnit--newRRUPage-anchBar-application-manageresources-display-component---newResourceUnit--resource-anchor\"]"}
COMMAND: POST /session/b614b8bdf87ea745e2832f5d1487871c/element/f.E141158646C81433446781BCB2447156.d.F97396A306A5480C0316D14BCF0E96A0.e.3885/click - {}
RESULT: {}
COMMAND: POST /session/b614b8bdf87ea745e2832f5d1487871c/execute/async - {"script":"<script> [1562 bytes]","args":[{"selector":{"id":"application-manageresources-display-component---newResourceUnit--PLANNED_DELIVERY_DATE","interaction":{"idSuffix":"inner"}},"wdio_ui5_key":"applicationmanageresources-display-component---newResourceUnit--PLANNED_DELIVERY_DATE"}]}
COMMAND: GET /session/b614b8bdf87ea745e2832f5d1487871c/screenshot - {}
RESULT: {"script":"<script> [1562 bytes]","args":[{"selector":{"id":"application-manageresources-display-component---newResourceUnit--PLANNED_DELIVERY_DATE","interaction":{"idSuffix":"inner"}},"wdio_ui5_key":"applicationmanageresources-display-component---newResourceUnit--PLANNED_DELIVERY_DATE"}]}
RESULT: undefined
COMMAND: POST /session/b614b8bdf87ea745e2832f5d1487871c/execute/async - {"script":"<script> [6424 bytes]","args":[{"element-6066-11e4-a52e-4f735466cecf":"f.E141158646C81433446781BCB2447156.d.F97396A306A5480C0316D14BCF0E96A0.e.3746"},"setValue",["06/14/24"]]}
RESULT: {}
RESULT: {"script":"<script> [6424 bytes]","args":[{"element-6066-11e4-a52e-4f735466cecf":"f.E141158646C81433446781BCB2447156.d.F97396A306A5480C0316D14BCF0E96A0.e.3746"},"setValue",["06/14/24"]]}
COMMAND: POST /session/b614b8bdf87ea745e2832f5d1487871c/execute/async - {"script":"<script> [1562 bytes]","args":[{"selector":{"id":"application-manageresources-display-component---newResourceUnit--RETIRE_PLANNED_DATE","interaction":{"idSuffix":"inner"}},"wdio_ui5_key":"applicationmanageresources-display-component---newResourceUnit--RETIRE_PLANNED_DATE"}]}
RESULT: {"script":"<script> [1562 bytes]","args":[{"selector":{"id":"application-manageresources-display-component---newResourceUnit--RETIRE_PLANNED_DATE","interaction":{"idSuffix":"inner"}},"wdio_ui5_key":"applicationmanageresources-display-component---newResourceUnit--RETIRE_PLANNED_DATE"}]}
RESULT: undefined
COMMAND: POST /session/b614b8bdf87ea745e2832f5d1487871c/execute/async - {"script":"<script> [776 bytes]","args":[{"enterText":"3/14/29","selector":{"id":"application-manageresources-display-component---newResourceUnit--RETIRE_PLANNED_DATE","interaction":{"idSuffix":"inner"}},"clearTextFirst":true,"interactionType":"ENTER_TEXT"}]}
RESULT: {"script":"<script> [776 bytes]","args":[{"enterText":"3/14/29","selector":{"id":"application-manageresources-display-component---newResourceUnit--RETIRE_PLANNED_DATE","interaction":{"idSuffix":"inner"}},"clearTextFirst":true,"interactionType":"ENTER_TEXT"}]}
COMMAND: POST /session/b614b8bdf87ea745e2832f5d1487871c/execute/async - {"script":"<script> [1562 bytes]","args":[{"selector":{"controlType":"sap.m.Button","viewName":"reusables.view.manageresources.NewResourceUnit","viewId":"application-manageresources-display-component---newResourceUnit","i18NText":{"propertyName":"tooltip","key":"save"},"interaction":{"idSuffix":"BDI-content"}},"wdio_ui5_key":"reusablesview.manageresources.NewResourceUnitsap.m.Button{\"propertyName\":\"tooltip\",\"key\":\"save\"}"}]}
RESULT: {"script":"<script> [1562 bytes]","args":[{"selector":{"controlType":"sap.m.Button","viewName":"reusables.view.manageresources.NewResourceUnit","viewId":"application-manageresources-display-component---newResourceUnit","i18NText":{"propertyName":"tooltip","key":"save"},"interaction":{"idSuffix":"BDI-content"}},"wdio_ui5_key":"reusablesview.manageresources.NewResourceUnitsap.m.Button{\"propertyName\":\"tooltip\",\"key\":\"save\"}"}]}
RESULT: undefined
COMMAND: POST /session/b614b8bdf87ea745e2832f5d1487871c/element - {"using":"xpath","value":"//*[@id=\"application-manageresources-display-component---newResourceUnit--createRuButton\"]"}
RESULT: {"using":"xpath","value":"//*[@id=\"application-manageresources-display-component---newResourceUnit--createRuButton\"]"}
COMMAND: POST /session/b614b8bdf87ea745e2832f5d1487871c/element/f.E141158646C81433446781BCB2447156.d.F97396A306A5480C0316D14BCF0E96A0.e.3707/click - {}
RESULT: {}
COMMAND: GET /session/b614b8bdf87ea745e2832f5d1487871c/screenshot - {}
RESULT: {}
COMMAND: POST /session/b614b8bdf87ea745e2832f5d1487871c/execute/async - {"script":"<script> [1562 bytes]","args":[{"selector":{"controlType":"sap.m.Button","properties":{"text":"Close"},"searchOpenDialogs":true,"interaction":{"idSuffix":"inner"}},"wdio_ui5_key":"sapm.Button{\"text\":\"Close\"}"}]}
RESULT: {"script":"<script> [1562 bytes]","args":[{"selector":{"controlType":"sap.m.Button","properties":{"text":"Close"},"searchOpenDialogs":true,"interaction":{"idSuffix":"inner"}},"wdio_ui5_key":"sapm.Button{\"text\":\"Close\"}"}]}
RESULT: undefined
COMMAND: POST /session/b614b8bdf87ea745e2832f5d1487871c/element - {"using":"xpath","value":"//*[@id=\"__mbox-btn-0\"]"}
RESULT: {"using":"xpath","value":"//*[@id=\"__mbox-btn-0\"]"}
COMMAND: POST /session/b614b8bdf87ea745e2832f5d1487871c/element/f.E141158646C81433446781BCB2447156.d.F97396A306A5480C0316D14BCF0E96A0.e.3893/click - {}
RESULT: {}
COMMAND: GET /session/b614b8bdf87ea745e2832f5d1487871c/screenshot - {}
RESULT: {}
COMMAND: POST /session/b614b8bdf87ea745e2832f5d1487871c/execute/async - {"script":"<script> [1562 bytes]","args":[{"selector":{"controlType":"sap.m.Text","viewName":"etm.portal.ui.manageresources.view.Detail","viewId":"application-manageresources-display-component---detailRU","bindingPath":{"propertyPath":"ID","modelName":"catalogModel"}},"wdio_ui5_key":"etmportal.ui.manageresources.view.Detailsap.m.Text{\"propertyPath\":\"ID\",\"modelName\":\"catalogModel\"}"}]}
RESULT: {"script":"<script> [1562 bytes]","args":[{"selector":{"controlType":"sap.m.Text","viewName":"etm.portal.ui.manageresources.view.Detail","viewId":"application-manageresources-display-component---detailRU","bindingPath":{"propertyPath":"ID","modelName":"catalogModel"}},"wdio_ui5_key":"etmportal.ui.manageresources.view.Detailsap.m.Text{\"propertyPath\":\"ID\",\"modelName\":\"catalogModel\"}"}]}
RESULT: undefined
COMMAND: POST /session/b614b8bdf87ea745e2832f5d1487871c/execute/async - {"script":"<script> [6424 bytes]","args":[{"element-6066-11e4-a52e-4f735466cecf":"f.E141158646C81433446781BCB2447156.d.F97396A306A5480C0316D14BCF0E96A0.e.3950"},"getText",[]]}
RESULT: {"script":"<script> [6424 bytes]","args":[{"element-6066-11e4-a52e-4f735466cecf":"f.E141158646C81433446781BCB2447156.d.F97396A306A5480C0316D14BCF0E96A0.e.3950"},"getText",[]]}
COMMAND: POST /session/b614b8bdf87ea745e2832f5d1487871c/element - {"using":"css selector","value":"#shell-header-logo"}
RESULT: {"using":"css selector","value":"#shell-header-logo"}
COMMAND: POST /session/b614b8bdf87ea745e2832f5d1487871c/element/f.E141158646C81433446781BCB2447156.d.F97396A306A5480C0316D14BCF0E96A0.e.3331/click - {}
RESULT: {}
COMMAND: GET /session/b614b8bdf87ea745e2832f5d1487871c/screenshot - {}
RESULT: {}
COMMAND: POST /session/b614b8bdf87ea745e2832f5d1487871c/execute/async - {"script":"<script> [1562 bytes]","args":[{"selector":{"controlType":"sap.m.GenericTile","properties":{"header":"Manage Catalogs"}},"wdio_ui5_key":"sapm.GenericTile{\"header\":\"Manage Catalogs\"}"}]}
RESULT: {"script":"<script> [1562 bytes]","args":[{"selector":{"controlType":"sap.m.GenericTile","properties":{"header":"Manage Catalogs"}},"wdio_ui5_key":"sapm.GenericTile{\"header\":\"Manage Catalogs\"}"}]}
RESULT: undefined
COMMAND: POST /session/b614b8bdf87ea745e2832f5d1487871c/element - {"using":"xpath","value":"//*[@id=\"__tile37\"]"}
RESULT: {"using":"xpath","value":"//*[@id=\"__tile37\"]"}
COMMAND: POST /session/b614b8bdf87ea745e2832f5d1487871c/element/f.E141158646C81433446781BCB2447156.d.F97396A306A5480C0316D14BCF0E96A0.e.3952/click - {}
RESULT: {}
COMMAND: GET /session/b614b8bdf87ea745e2832f5d1487871c/screenshot - {}
RESULT: {}
COMMAND: POST /session/b614b8bdf87ea745e2832f5d1487871c/elements - {"using":"xpath","value":"//span[text()='Error']"}
RESULT: {"using":"xpath","value":"//span[text()='Error']"}
COMMAND: POST /session/b614b8bdf87ea745e2832f5d1487871c/execute/async - {"script":"<script> [1562 bytes]","args":[{"selector":{"controlType":"sap.m.Text","viewName":"etm.portal.ui.managecatalogs.view.MasterCatalogs","viewId":"application-managecatalogs-display-component---masterCatalogs","bindingPath":{"path":"/Catalogs('0D7502D073D53A0F1700BE067B89AFF9')","propertyPath":"DESCRIPTION","modelName":"catalogModel"}},"wdio_ui5_key":"etmportal.ui.managecatalogs.view.MasterCatalogssap.m.Text{\"path\":\"/Catalogs('0D7502D073D53A0F1700BE067B89AFF9')\",\"propertyPath\":\"DESCRIPTION\",\"modelName\":\"catalogModel\"}"}]}
RESULT: {"script":"<script> [1562 bytes]","args":[{"selector":{"controlType":"sap.m.Text","viewName":"etm.portal.ui.managecatalogs.view.MasterCatalogs","viewId":"application-managecatalogs-display-component---masterCatalogs","bindingPath":{"path":"/Catalogs('0D7502D073D53A0F1700BE067B89AFF9')","propertyPath":"DESCRIPTION","modelName":"catalogModel"}},"wdio_ui5_key":"etmportal.ui.managecatalogs.view.MasterCatalogssap.m.Text{\"path\":\"/Catalogs('0D7502D073D53A0F1700BE067B89AFF9')\",\"propertyPath\":\"DESCRIPTION\",\"modelName\":\"catalogModel\"}"}]}
RESULT: undefined
COMMAND: POST /session/b614b8bdf87ea745e2832f5d1487871c/element - {"using":"xpath","value":"//*[@id=\"__text919-application-managecatalogs-display-component---masterCatalogs--CatalogsTable-11\"]"}
RESULT: {"using":"xpath","value":"//*[@id=\"__text919-application-managecatalogs-display-component---masterCatalogs--CatalogsTable-11\"]"}
COMMAND: POST /session/b614b8bdf87ea745e2832f5d1487871c/element/f.E141158646C81433446781BCB2447156.d.F97396A306A5480C0316D14BCF0E96A0.e.4023/click - {}
RESULT: {}
COMMAND: POST /session/b614b8bdf87ea745e2832f5d1487871c/execute/async - {"script":"<script> [1562 bytes]","args":[{"selector":{"controlType":"sap.ui.layout.HorizontalLayout","viewName":"etm.portal.ui.managecatalogs.view.MasterItems","viewId":"application-managecatalogs-display-component---masterCatalogItems","ancestor":{"id":"application-managecatalogs-display-component---masterCatalogItems--idCatalogItemsTree-rows-row0"}},"wdio_ui5_key":"etmportal.ui.managecatalogs.view.MasterItemssap.ui.layout.HorizontalLayout{\"id\":\"application-managecatalogs-display-component---masterCatalogItems--idCatalogItemsTree-rows-row0\"}"}]}
COMMAND: GET /session/b614b8bdf87ea745e2832f5d1487871c/screenshot - {}
RESULT: {"script":"<script> [1562 bytes]","args":[{"selector":{"controlType":"sap.ui.layout.HorizontalLayout","viewName":"etm.portal.ui.managecatalogs.view.MasterItems","viewId":"application-managecatalogs-display-component---masterCatalogItems","ancestor":{"id":"application-managecatalogs-display-component---masterCatalogItems--idCatalogItemsTree-rows-row0"}},"wdio_ui5_key":"etmportal.ui.managecatalogs.view.MasterItemssap.ui.layout.HorizontalLayout{\"id\":\"application-managecatalogs-display-component---masterCatalogItems--idCatalogItemsTree-rows-row0\"}"}]}
RESULT: undefined
COMMAND: POST /session/b614b8bdf87ea745e2832f5d1487871c/element - {"using":"xpath","value":"//*[@id=\"__layout279-__clone1389\"]"}
RESULT: {}
RESULT: {"using":"xpath","value":"//*[@id=\"__layout279-__clone1389\"]"}
COMMAND: POST /session/b614b8bdf87ea745e2832f5d1487871c/element/f.E141158646C81433446781BCB2447156.d.F97396A306A5480C0316D14BCF0E96A0.e.4057/click - {}
RESULT: {}
COMMAND: GET /session/b614b8bdf87ea745e2832f5d1487871c/screenshot - {}
COMMAND: POST /session/b614b8bdf87ea745e2832f5d1487871c/execute/async - {"script":"<script> [1562 bytes]","args":[{"selector":{"controlType":"sap.m.Button","viewName":"etm.portal.ui.managecatalogs.view.Detail","viewId":"application-managecatalogs-display-component---detailCatalog","i18NText":{"propertyName":"text","key":"edit"},"interaction":{"idSuffix":"BDI-content"}},"wdio_ui5_key":"etmportal.ui.managecatalogs.view.Detailsap.m.Button{\"propertyName\":\"text\",\"key\":\"edit\"}"}]}
RESULT: {}
RESULT: {"script":"<script> [1562 bytes]","args":[{"selector":{"controlType":"sap.m.Button","viewName":"etm.portal.ui.managecatalogs.view.Detail","viewId":"application-managecatalogs-display-component---detailCatalog","i18NText":{"propertyName":"text","key":"edit"},"interaction":{"idSuffix":"BDI-content"}},"wdio_ui5_key":"etmportal.ui.managecatalogs.view.Detailsap.m.Button{\"propertyName\":\"text\",\"key\":\"edit\"}"}]}
RESULT: undefined
COMMAND: POST /session/b614b8bdf87ea745e2832f5d1487871c/element - {"using":"xpath","value":"//*[@id=\"__button118\"]"}
RESULT: {"using":"xpath","value":"//*[@id=\"__button118\"]"}
COMMAND: POST /session/b614b8bdf87ea745e2832f5d1487871c/element/f.E141158646C81433446781BCB2447156.d.F97396A306A5480C0316D14BCF0E96A0.e.4171/click - {}
RESULT: {}
COMMAND: GET /session/b614b8bdf87ea745e2832f5d1487871c/screenshot - {}
RESULT: {}
COMMAND: POST /session/b614b8bdf87ea745e2832f5d1487871c/element - {"using":"xpath","value":"//bdi[contains(text(), \"Unlock\")]"}
RESULT: {"using":"xpath","value":"//bdi[contains(text(), \"Unlock\")]"}
COMMAND: POST /session/b614b8bdf87ea745e2832f5d1487871c/elements - {"using":"xpath","value":"//bdi[contains(text(), \"Unlock\")]"}
RESULT: {"using":"xpath","value":"//bdi[contains(text(), \"Unlock\")]"}
COMMAND: POST /session/b614b8bdf87ea745e2832f5d1487871c/execute/async - {"script":"<script> [1562 bytes]","args":[{"selector":{"controlType":"sap.ui.core.Icon","viewName":"etm.portal.ui.managecatalogs.view.Detail","viewId":"application-managecatalogs-display-component---detailCatalog","properties":{"src":{"regex":{"source":"add\\-folder"}}}},"wdio_ui5_key":"etmportal.ui.managecatalogs.view.Detailsap.ui.core.Icon{\"src\":{\"regex\":{\"source\":\"add\\\\-folder\"}}}"}]}
RESULT: {"script":"<script> [1562 bytes]","args":[{"selector":{"controlType":"sap.ui.core.Icon","viewName":"etm.portal.ui.managecatalogs.view.Detail","viewId":"application-managecatalogs-display-component---detailCatalog","properties":{"src":{"regex":{"source":"add\\-folder"}}}},"wdio_ui5_key":"etmportal.ui.managecatalogs.view.Detailsap.ui.core.Icon{\"src\":{\"regex\":{\"source\":\"add\\\\-folder\"}}}"}]}
RESULT: undefined
COMMAND: POST /session/b614b8bdf87ea745e2832f5d1487871c/element - {"using":"xpath","value":"//*[@id=\"__button126-img\"]"}
RESULT: {"using":"xpath","value":"//*[@id=\"__button126-img\"]"}
COMMAND: POST /session/b614b8bdf87ea745e2832f5d1487871c/element/f.E141158646C81433446781BCB2447156.d.F97396A306A5480C0316D14BCF0E96A0.e.4179/click - {}
RESULT: {}
COMMAND: GET /session/b614b8bdf87ea745e2832f5d1487871c/screenshot - {}
RESULT: {}
COMMAND: POST /session/b614b8bdf87ea745e2832f5d1487871c/execute/async - {"script":"<script> [1562 bytes]","args":[{"selector":{"id":"application-managecatalogs-display-component---detailCatalog--numberInput","searchOpenDialogs":true,"interaction":{"idSuffix":"inner"}},"wdio_ui5_key":"applicationmanagecatalogs-display-component---detailCatalog--numberInput"}]}
RESULT: {"script":"<script> [1562 bytes]","args":[{"selector":{"id":"application-managecatalogs-display-component---detailCatalog--numberInput","searchOpenDialogs":true,"interaction":{"idSuffix":"inner"}},"wdio_ui5_key":"applicationmanagecatalogs-display-component---detailCatalog--numberInput"}]}
RESULT: undefined
COMMAND: POST /session/b614b8bdf87ea745e2832f5d1487871c/execute/async - {"script":"<script> [776 bytes]","args":[{"enterText":"Sectiongmgl5f","selector":{"id":"application-managecatalogs-display-component---detailCatalog--numberInput","searchOpenDialogs":true,"interaction":{"idSuffix":"inner"}},"clearTextFirst":true,"interactionType":"ENTER_TEXT"}]}
RESULT: {"script":"<script> [776 bytes]","args":[{"enterText":"Sectiongmgl5f","selector":{"id":"application-managecatalogs-display-component---detailCatalog--numberInput","searchOpenDialogs":true,"interaction":{"idSuffix":"inner"}},"clearTextFirst":true,"interactionType":"ENTER_TEXT"}]}
COMMAND: POST /session/b614b8bdf87ea745e2832f5d1487871c/element - {"using":"css selector","value":"#application-managecatalogs-display-component---detailCatalog--nameInput-inner"}
RESULT: {"using":"css selector","value":"#application-managecatalogs-display-component---detailCatalog--nameInput-inner"}
COMMAND: POST /session/b614b8bdf87ea745e2832f5d1487871c/elements - {"using":"css selector","value":"#application-managecatalogs-display-component---detailCatalog--nameInput-inner"}
RESULT: {"using":"css selector","value":"#application-managecatalogs-display-component---detailCatalog--nameInput-inner"}
COMMAND: POST /session/b614b8bdf87ea745e2832f5d1487871c/element/f.E141158646C81433446781BCB2447156.d.F97396A306A5480C0316D14BCF0E96A0.e.4183/clear - {}
RESULT: {}
COMMAND: POST /session/b614b8bdf87ea745e2832f5d1487871c/element/f.E141158646C81433446781BCB2447156.d.F97396A306A5480C0316D14BCF0E96A0.e.4183/value - {"text":"Webdriverdlafu"}
COMMAND: GET /session/b614b8bdf87ea745e2832f5d1487871c/screenshot - {}
RESULT: {"text":"Webdriverdlafu"}
COMMAND: POST /session/b614b8bdf87ea745e2832f5d1487871c/execute/async - {"script":"<script> [1562 bytes]","args":[{"selector":{"controlType":"sap.m.Button","viewName":"etm.portal.ui.managecatalogs.view.Detail","viewId":"application-managecatalogs-display-component---detailCatalog","i18NText":{"propertyName":"text","key":"create"},"searchOpenDialogs":true,"interaction":{"idSuffix":"BDI-content"}},"wdio_ui5_key":"etmportal.ui.managecatalogs.view.Detailsap.m.Button{\"propertyName\":\"text\",\"key\":\"create\"}"}]}
COMMAND: GET /session/b614b8bdf87ea745e2832f5d1487871c/screenshot - {}
RESULT: {}
RESULT: {"script":"<script> [1562 bytes]","args":[{"selector":{"controlType":"sap.m.Button","viewName":"etm.portal.ui.managecatalogs.view.Detail","viewId":"application-managecatalogs-display-component---detailCatalog","i18NText":{"propertyName":"text","key":"create"},"searchOpenDialogs":true,"interaction":{"idSuffix":"BDI-content"}},"wdio_ui5_key":"etmportal.ui.managecatalogs.view.Detailsap.m.Button{\"propertyName\":\"text\",\"key\":\"create\"}"}]}
RESULT: undefined
COMMAND: POST /session/b614b8bdf87ea745e2832f5d1487871c/element - {"using":"xpath","value":"//*[@id=\"__button96\"]"}
RESULT: {}
RESULT: {"using":"xpath","value":"//*[@id=\"__button96\"]"}
COMMAND: POST /session/b614b8bdf87ea745e2832f5d1487871c/element/f.E141158646C81433446781BCB2447156.d.F97396A306A5480C0316D14BCF0E96A0.e.4188/click - {}
RESULT: {}
COMMAND: GET /session/b614b8bdf87ea745e2832f5d1487871c/screenshot - {}
RESULT: {}
COMMAND: POST /session/b614b8bdf87ea745e2832f5d1487871c/element - {"using":"xpath","value":"//button[@title=\"Save\"]"}
RESULT: {"using":"xpath","value":"//button[@title=\"Save\"]"}
COMMAND: POST /session/b614b8bdf87ea745e2832f5d1487871c/element/f.E141158646C81433446781BCB2447156.d.F97396A306A5480C0316D14BCF0E96A0.e.4189/click - {}
RESULT: {}
COMMAND: POST /session/b614b8bdf87ea745e2832f5d1487871c/execute/async - {"script":"<script> [1562 bytes]","args":[{"selector":{"controlType":"sap.ui.core.Icon","viewName":"etm.portal.ui.managecatalogs.view.Detail","viewId":"application-managecatalogs-display-component---detailCatalog","properties":{"src":{"regex":{"source":"decline"}}}},"wdio_ui5_key":"etmportal.ui.managecatalogs.view.Detailsap.ui.core.Icon{\"src\":{\"regex\":{\"source\":\"decline\"}}}"}]}
COMMAND: GET /session/b614b8bdf87ea745e2832f5d1487871c/screenshot - {}
RESULT: {"script":"<script> [1562 bytes]","args":[{"selector":{"controlType":"sap.ui.core.Icon","viewName":"etm.portal.ui.managecatalogs.view.Detail","viewId":"application-managecatalogs-display-component---detailCatalog","properties":{"src":{"regex":{"source":"decline"}}}},"wdio_ui5_key":"etmportal.ui.managecatalogs.view.Detailsap.ui.core.Icon{\"src\":{\"regex\":{\"source\":\"decline\"}}}"}]}
RESULT: undefined
COMMAND: POST /session/b614b8bdf87ea745e2832f5d1487871c/element - {"using":"xpath","value":"//*[@id=\"__button121-img\"]"}
RESULT: {}
RESULT: {"using":"xpath","value":"//*[@id=\"__button121-img\"]"}
COMMAND: POST /session/b614b8bdf87ea745e2832f5d1487871c/element/f.E141158646C81433446781BCB2447156.d.F97396A306A5480C0316D14BCF0E96A0.e.4194/click - {}
RESULT: {}
COMMAND: GET /session/b614b8bdf87ea745e2832f5d1487871c/screenshot - {}
RESULT: {}
COMMAND: POST /session/b614b8bdf87ea745e2832f5d1487871c/execute/async - {"script":"<script> [1562 bytes]","args":[{"selector":{"controlType":"sap.ui.core.Icon","viewName":"etm.portal.ui.managecatalogs.view.MasterItems","viewId":"application-managecatalogs-display-component---masterCatalogItems","properties":{"src":{"regex":{"source":"refresh"}}}},"wdio_ui5_key":"etmportal.ui.managecatalogs.view.MasterItemssap.ui.core.Icon{\"src\":{\"regex\":{\"source\":\"refresh\"}}}"}]}
RESULT: {"script":"<script> [1562 bytes]","args":[{"selector":{"controlType":"sap.ui.core.Icon","viewName":"etm.portal.ui.managecatalogs.view.MasterItems","viewId":"application-managecatalogs-display-component---masterCatalogItems","properties":{"src":{"regex":{"source":"refresh"}}}},"wdio_ui5_key":"etmportal.ui.managecatalogs.view.MasterItemssap.ui.core.Icon{\"src\":{\"regex\":{\"source\":\"refresh\"}}}"}]}
RESULT: undefined
COMMAND: POST /session/b614b8bdf87ea745e2832f5d1487871c/element - {"using":"xpath","value":"//*[@id=\"__button94-img\"]"}
RESULT: {"using":"xpath","value":"//*[@id=\"__button94-img\"]"}
COMMAND: POST /session/b614b8bdf87ea745e2832f5d1487871c/element/f.E141158646C81433446781BCB2447156.d.F97396A306A5480C0316D14BCF0E96A0.e.4227/click - {}
RESULT: {}
COMMAND: POST /session/b614b8bdf87ea745e2832f5d1487871c/execute/async - {"script":"<script> [1562 bytes]","args":[{"selector":{"id":"application-managecatalogs-display-component---masterCatalogItems--searchItemsField","interaction":{"idSuffix":"I"}},"wdio_ui5_key":"applicationmanagecatalogs-display-component---masterCatalogItems--searchItemsField"}]}
COMMAND: GET /session/b614b8bdf87ea745e2832f5d1487871c/screenshot - {}
RESULT: {"script":"<script> [1562 bytes]","args":[{"selector":{"id":"application-managecatalogs-display-component---masterCatalogItems--searchItemsField","interaction":{"idSuffix":"I"}},"wdio_ui5_key":"applicationmanagecatalogs-display-component---masterCatalogItems--searchItemsField"}]}
RESULT: undefined
COMMAND: POST /session/b614b8bdf87ea745e2832f5d1487871c/execute/async - {"script":"<script> [776 bytes]","args":[{"enterText":"Webdriverdlafu","selector":{"id":"application-managecatalogs-display-component---masterCatalogItems--searchItemsField","interaction":{"idSuffix":"I"}},"clearTextFirst":true,"interactionType":"ENTER_TEXT"}]}
RESULT: {}
RESULT: {"script":"<script> [776 bytes]","args":[{"enterText":"Webdriverdlafu","selector":{"id":"application-managecatalogs-display-component---masterCatalogItems--searchItemsField","interaction":{"idSuffix":"I"}},"clearTextFirst":true,"interactionType":"ENTER_TEXT"}]}
COMMAND: POST /session/b614b8bdf87ea745e2832f5d1487871c/actions - {"actions":[{"id":"action10","type":"key","parameters":{},"actions":[{"type":"keyDown","value":"î€‡"},{"type":"pause","duration":10},{"type":"keyUp","value":"î€‡"}]}]}
RESULT: {"actions":[{"id":"action10","type":"key","parameters":{},"actions":[{"type":"keyDown","value":"î€‡"},{"type":"pause","duration":10},{"type":"keyUp","value":"î€‡"}]}]}
COMMAND: POST /session/b614b8bdf87ea745e2832f5d1487871c/element - {"using":"xpath","value":"(//span[contains(text(), \"Webdriverdlafu\")])[1]"}
COMMAND: GET /session/b614b8bdf87ea745e2832f5d1487871c/screenshot - {}
RESULT: {"using":"xpath","value":"(//span[contains(text(), \"Webdriverdlafu\")])[1]"}
COMMAND: POST /session/b614b8bdf87ea745e2832f5d1487871c/element/f.E141158646C81433446781BCB2447156.d.F97396A306A5480C0316D14BCF0E96A0.e.4230/click - {}
RESULT: {}
RESULT: {}
COMMAND: GET /session/b614b8bdf87ea745e2832f5d1487871c/screenshot - {}
RESULT: {}
RESULT: undefined
COMMAND: POST /session/b614b8bdf87ea745e2832f5d1487871c/element - {"using":"xpath","value":"//*[@id=\"__button118\"]"}
RESULT: {"using":"xpath","value":"//*[@id=\"__button118\"]"}
COMMAND: POST /session/b614b8bdf87ea745e2832f5d1487871c/element/f.E141158646C81433446781BCB2447156.d.F97396A306A5480C0316D14BCF0E96A0.e.4300/click - {}
RESULT: {}
COMMAND: GET /session/b614b8bdf87ea745e2832f5d1487871c/screenshot - {}
RESULT: {}
RESULT: undefined
COMMAND: POST /session/b614b8bdf87ea745e2832f5d1487871c/element - {"using":"xpath","value":"//*[@id=\"__button126-img\"]"}
RESULT: {"using":"xpath","value":"//*[@id=\"__button126-img\"]"}
COMMAND: POST /session/b614b8bdf87ea745e2832f5d1487871c/element/f.E141158646C81433446781BCB2447156.d.F97396A306A5480C0316D14BCF0E96A0.e.4317/click - {}
RESULT: {}
COMMAND: GET /session/b614b8bdf87ea745e2832f5d1487871c/screenshot - {}
RESULT: {}
RESULT: undefined
COMMAND: POST /session/b614b8bdf87ea745e2832f5d1487871c/execute/async - {"script":"<script> [776 bytes]","args":[{"enterText":"SecondSectiont875d","selector":{"id":"application-managecatalogs-display-component---detailCatalog--numberInput","searchOpenDialogs":true,"interaction":{"idSuffix":"inner"}},"clearTextFirst":true,"interactionType":"ENTER_TEXT"}]}
RESULT: {"script":"<script> [776 bytes]","args":[{"enterText":"SecondSectiont875d","selector":{"id":"application-managecatalogs-display-component---detailCatalog--numberInput","searchOpenDialogs":true,"interaction":{"idSuffix":"inner"}},"clearTextFirst":true,"interactionType":"ENTER_TEXT"}]}
COMMAND: POST /session/b614b8bdf87ea745e2832f5d1487871c/element - {"using":"xpath","value":"//input[contains(@id ,\"application-managecatalogs-display-component---detailCatalog--nameInput-inner\")]"}
RESULT: {"using":"xpath","value":"//input[contains(@id ,\"application-managecatalogs-display-component---detailCatalog--nameInput-inner\")]"}
COMMAND: POST /session/b614b8bdf87ea745e2832f5d1487871c/elements - {"using":"xpath","value":"//input[contains(@id ,\"application-managecatalogs-display-component---detailCatalog--nameInput-inner\")]"}
RESULT: {"using":"xpath","value":"//input[contains(@id ,\"application-managecatalogs-display-component---detailCatalog--nameInput-inner\")]"}
COMMAND: POST /session/b614b8bdf87ea745e2832f5d1487871c/element/f.E141158646C81433446781BCB2447156.d.F97396A306A5480C0316D14BCF0E96A0.e.4321/clear - {}
RESULT: {}
COMMAND: POST /session/b614b8bdf87ea745e2832f5d1487871c/element/f.E141158646C81433446781BCB2447156.d.F97396A306A5480C0316D14BCF0E96A0.e.4321/value - {"text":"webdriversecondane1ri"}
COMMAND: GET /session/b614b8bdf87ea745e2832f5d1487871c/screenshot - {}
RESULT: {"text":"webdriversecondane1ri"}
RESULT: undefined
COMMAND: POST /session/b614b8bdf87ea745e2832f5d1487871c/element - {"using":"xpath","value":"//*[@id=\"__button96\"]"}
COMMAND: GET /session/b614b8bdf87ea745e2832f5d1487871c/screenshot - {}
RESULT: {}
RESULT: {"using":"xpath","value":"//*[@id=\"__button96\"]"}
COMMAND: POST /session/b614b8bdf87ea745e2832f5d1487871c/element/f.E141158646C81433446781BCB2447156.d.F97396A306A5480C0316D14BCF0E96A0.e.4325/click - {}
RESULT: {}
RESULT: {}
COMMAND: GET /session/b614b8bdf87ea745e2832f5d1487871c/screenshot - {}
RESULT: {}
COMMAND: POST /session/b614b8bdf87ea745e2832f5d1487871c/element - {"using":"xpath","value":"//button[@title=\"Save\"]"}
RESULT: {"using":"xpath","value":"//button[@title=\"Save\"]"}
COMMAND: POST /session/b614b8bdf87ea745e2832f5d1487871c/element/f.E141158646C81433446781BCB2447156.d.F97396A306A5480C0316D14BCF0E96A0.e.4304/click - {}
RESULT: {}
COMMAND: GET /session/b614b8bdf87ea745e2832f5d1487871c/screenshot - {}
RESULT: {}
RESULT: undefined
COMMAND: POST /session/b614b8bdf87ea745e2832f5d1487871c/element - {"using":"xpath","value":"//*[@id=\"__button121-img\"]"}
RESULT: {"using":"xpath","value":"//*[@id=\"__button121-img\"]"}
COMMAND: POST /session/b614b8bdf87ea745e2832f5d1487871c/element/f.E141158646C81433446781BCB2447156.d.F97396A306A5480C0316D14BCF0E96A0.e.4330/click - {}
RESULT: {}
COMMAND: GET /session/b614b8bdf87ea745e2832f5d1487871c/screenshot - {}
RESULT: {}
RESULT: undefined
COMMAND: POST /session/b614b8bdf87ea745e2832f5d1487871c/element - {"using":"xpath","value":"//*[@id=\"__button94-img\"]"}
RESULT: {"using":"xpath","value":"//*[@id=\"__button94-img\"]"}
COMMAND: POST /session/b614b8bdf87ea745e2832f5d1487871c/element/f.E141158646C81433446781BCB2447156.d.F97396A306A5480C0316D14BCF0E96A0.e.4364/click - {}
RESULT: {}
COMMAND: GET /session/b614b8bdf87ea745e2832f5d1487871c/screenshot - {}
RESULT: {}
RESULT: undefined
COMMAND: POST /session/b614b8bdf87ea745e2832f5d1487871c/execute/async - {"script":"<script> [776 bytes]","args":[{"enterText":"SecondSectiont875d","selector":{"id":"application-managecatalogs-display-component---masterCatalogItems--searchItemsField","interaction":{"idSuffix":"I"}},"clearTextFirst":true,"interactionType":"ENTER_TEXT"}]}
RESULT: {"script":"<script> [776 bytes]","args":[{"enterText":"SecondSectiont875d","selector":{"id":"application-managecatalogs-display-component---masterCatalogItems--searchItemsField","interaction":{"idSuffix":"I"}},"clearTextFirst":true,"interactionType":"ENTER_TEXT"}]}
COMMAND: POST /session/b614b8bdf87ea745e2832f5d1487871c/actions - {"actions":[{"id":"action11","type":"key","parameters":{},"actions":[{"type":"keyDown","value":"î€‡"},{"type":"pause","duration":10},{"type":"keyUp","value":"î€‡"}]}]}
RESULT: {"actions":[{"id":"action11","type":"key","parameters":{},"actions":[{"type":"keyDown","value":"î€‡"},{"type":"pause","duration":10},{"type":"keyUp","value":"î€‡"}]}]}
COMMAND: POST /session/b614b8bdf87ea745e2832f5d1487871c/element - {"using":"xpath","value":"(//span[contains(text(), \"SecondSectiont875d\")])[1]"}
COMMAND: GET /session/b614b8bdf87ea745e2832f5d1487871c/screenshot - {}
RESULT: {"using":"xpath","value":"(//span[contains(text(), \"SecondSectiont875d\")])[1]"}
COMMAND: POST /session/b614b8bdf87ea745e2832f5d1487871c/element/f.E141158646C81433446781BCB2447156.d.F97396A306A5480C0316D14BCF0E96A0.e.4367/click - {}
RESULT: {}
RESULT: {}
COMMAND: POST /session/b614b8bdf87ea745e2832f5d1487871c/element - {"using":"xpath","value":"(//span[contains(text(), \"SecondSectiont875d\")])[1]"}
COMMAND: GET /session/b614b8bdf87ea745e2832f5d1487871c/screenshot - {}
RESULT: {"using":"xpath","value":"(//span[contains(text(), \"SecondSectiont875d\")])[1]"}
COMMAND: GET /session/b614b8bdf87ea745e2832f5d1487871c/element/f.E141158646C81433446781BCB2447156.d.F97396A306A5480C0316D14BCF0E96A0.e.4367/text - {}
RESULT: {}
RESULT: {}
COMMAND: POST /session/b614b8bdf87ea745e2832f5d1487871c/refresh - {}
RESULT: {}
COMMAND: GET /session/b614b8bdf87ea745e2832f5d1487871c/screenshot - {}
RESULT: {}
COMMAND: POST /session/b614b8bdf87ea745e2832f5d1487871c/execute/async - {"script":"<script> [189 bytes]","args":[]}
RESULT: {"script":"<script> [189 bytes]","args":[]}
COMMAND: POST /session/b614b8bdf87ea745e2832f5d1487871c/execute/async - {"script":"<script> [123 bytes]","args":[]}
RESULT: {"script":"<script> [123 bytes]","args":[]}
COMMAND: POST /session/b614b8bdf87ea745e2832f5d1487871c/timeouts - {"script":"<number>"}
RESULT: {"script":"<number>"}
COMMAND: GET /session/b614b8bdf87ea745e2832f5d1487871c/timeouts - {}
RESULT: {}
RESULT: undefined
COMMAND: POST /session/b614b8bdf87ea745e2832f5d1487871c/execute/async - {"script":"<script> [2676 bytes]","args":[]}
RESULT: {"script":"<script> [2676 bytes]","args":[]}
COMMAND: POST /session/b614b8bdf87ea745e2832f5d1487871c/execute/async - {"script":"<script> [2342 bytes]","args":[{"protocol":"http","hostname":"0.0.0.0","path":"/","capabilities":{"browserName":"chrome","goog:chromeOptions":{"binary":"C:\\Program Files\\Google\\Chrome\\Application\\chrome.exe","args":["--start-maximized"]}},"logLevel":"warn","connectionRetryTimeout":120000,"connectionRetryCount":3,"logLevels":{},"enableDirectConnect":true,"strictSSL":true,"_":"65 more keys: [\"cacheDir\",\"port\",\"requestedCapabilities\",\"automationProtocol\",\"baseUrl\",\"waitforInterval\",\"waitforTimeout\",\"onReload\",\"beforeCommand\",\"afterCommand\",\"rootDir\",\"specs\",\"suites\",\"exclude\",\"groupLogsByTestSpec\",\"excludeDriverLogs\",\"bail\",\"framework\",\"reporters\",\"services\",\"maxInstances\",\"maxInstancesPerCapability\",\"injectGlobals\",\"filesToWatch\",\"execArgv\",\"runnerEnv\",\"runner\",\"shard\",\"specFileRetries\",\"specFileRetriesDelay\",\"specFileRetriesDeferred\",\"reporterSyncInterval\",\"reporterSyncTimeout\",\"cucumberFeaturesWithLineNumbers\",\"autoCompileOpts\",\"mochaOpts\",\"jasmineOpts\",\"cucumberOpts\",\"onPrepare\",\"onWorkerStart\",\"onWorkerEnd\",\"before\",\"beforeSession\",\"beforeSuite\",\"beforeHook\",\"beforeTest\",\"afterTest\",\"afterHook\",\"afterSuite\",\"afterSession\",\"after\",\"onComplete\",\"beforeAssertion\",\"afterAssertion\",\"beforeFeature\",\"beforeScenario\",\"beforeStep\",\"afterStep\",\"afterScenario\",\"afterFeature\",\"_\",\"suite\",\"$0\",\"ignoredWorkerServices\",\"wdi5\"]"}]}
RESULT: {"script":"<script> [2342 bytes]","args":[{"protocol":"http","hostname":"0.0.0.0","path":"/","capabilities":{"browserName":"chrome","goog:chromeOptions":{"binary":"C:\\Program Files\\Google\\Chrome\\Application\\chrome.exe","args":["--start-maximized"]}},"logLevel":"warn","connectionRetryTimeout":120000,"connectionRetryCount":3,"logLevels":{},"enableDirectConnect":true,"strictSSL":true,"_":"65 more keys: [\"cacheDir\",\"port\",\"requestedCapabilities\",\"automationProtocol\",\"baseUrl\",\"waitforInterval\",\"waitforTimeout\",\"onReload\",\"beforeCommand\",\"afterCommand\",\"rootDir\",\"specs\",\"suites\",\"exclude\",\"groupLogsByTestSpec\",\"excludeDriverLogs\",\"bail\",\"framework\",\"reporters\",\"services\",\"maxInstances\",\"maxInstancesPerCapability\",\"injectGlobals\",\"filesToWatch\",\"execArgv\",\"runnerEnv\",\"runner\",\"shard\",\"specFileRetries\",\"specFileRetriesDelay\",\"specFileRetriesDeferred\",\"reporterSyncInterval\",\"reporterSyncTimeout\",\"cucumberFeaturesWithLineNumbers\",\"autoCompileOpts\",\"mochaOpts\",\"jasmineOpts\",\"cucumberOpts\",\"onPrepare\",\"onWorkerStart\",\"onWorkerEnd\",\"before\",\"beforeSession\",\"beforeSuite\",\"beforeHook\",\"beforeTest\",\"afterTest\",\"afterHook\",\"afterSuite\",\"afterSession\",\"after\",\"onComplete\",\"beforeAssertion\",\"afterAssertion\",\"beforeFeature\",\"beforeScenario\",\"beforeStep\",\"afterStep\",\"afterScenario\",\"afterFeature\",\"_\",\"suite\",\"$0\",\"ignoredWorkerServices\",\"wdi5\"]"}]}
COMMAND: POST /session/b614b8bdf87ea745e2832f5d1487871c/execute/async - {"script":"<script> [21126 bytes]","args":[35000]}
RESULT: {"script":"<script> [21126 bytes]","args":[35000]}
COMMAND: POST /session/b614b8bdf87ea745e2832f5d1487871c/execute/async - {"script":"<script> [1562 bytes]","args":[{"selector":{"controlType":"sap.m.Button","viewName":"etm.portal.ui.managecatalogs.view.Detail","viewId":"application-managecatalogs-display-component---detailCatalog","i18NText":{"propertyName":"text","key":"edit"},"interaction":{"idSuffix":"BDI-content"}},"wdio_ui5_key":"etmportal.ui.managecatalogs.view.Detailsap.m.Button{\"propertyName\":\"text\",\"key\":\"edit\"}"}]}
RESULT: {"script":"<script> [1562 bytes]","args":[{"selector":{"controlType":"sap.m.Button","viewName":"etm.portal.ui.managecatalogs.view.Detail","viewId":"application-managecatalogs-display-component---detailCatalog","i18NText":{"propertyName":"text","key":"edit"},"interaction":{"idSuffix":"BDI-content"}},"wdio_ui5_key":"etmportal.ui.managecatalogs.view.Detailsap.m.Button{\"propertyName\":\"text\",\"key\":\"edit\"}"}]}
RESULT: undefined
COMMAND: POST /session/b614b8bdf87ea745e2832f5d1487871c/element - {"using":"xpath","value":"//*[@id=\"__button25\"]"}
RESULT: {"using":"xpath","value":"//*[@id=\"__button25\"]"}
COMMAND: POST /session/b614b8bdf87ea745e2832f5d1487871c/element/f.E141158646C81433446781BCB2447156.d.24D37ACE8BD497BAE07769BD570850CB.e.4479/click - {}
RESULT: {}
COMMAND: GET /session/b614b8bdf87ea745e2832f5d1487871c/screenshot - {}
RESULT: {}
COMMAND: POST /session/b614b8bdf87ea745e2832f5d1487871c/element - {"using":"xpath","value":"//button[contains(@title ,\"Create Catalog Item\")]"}
RESULT: {"using":"xpath","value":"//button[contains(@title ,\"Create Catalog Item\")]"}
COMMAND: POST /session/b614b8bdf87ea745e2832f5d1487871c/element/f.E141158646C81433446781BCB2447156.d.24D37ACE8BD497BAE07769BD570850CB.e.4484/click - {}
RESULT: {}
COMMAND: POST /session/b614b8bdf87ea745e2832f5d1487871c/execute/async - {"script":"<script> [1562 bytes]","args":[{"selector":{"id":"application-managecatalogs-display-component---detailCatalog--newItemNumberInput","searchOpenDialogs":true,"interaction":{"idSuffix":"inner"}},"wdio_ui5_key":"applicationmanagecatalogs-display-component---detailCatalog--newItemNumberInput"}]}
COMMAND: GET /session/b614b8bdf87ea745e2832f5d1487871c/screenshot - {}
RESULT: {"script":"<script> [1562 bytes]","args":[{"selector":{"id":"application-managecatalogs-display-component---detailCatalog--newItemNumberInput","searchOpenDialogs":true,"interaction":{"idSuffix":"inner"}},"wdio_ui5_key":"applicationmanagecatalogs-display-component---detailCatalog--newItemNumberInput"}]}
RESULT: undefined
COMMAND: POST /session/b614b8bdf87ea745e2832f5d1487871c/execute/async - {"script":"<script> [776 bytes]","args":[{"enterText":"catalogItemamdtv","selector":{"id":"application-managecatalogs-display-component---detailCatalog--newItemNumberInput","searchOpenDialogs":true,"interaction":{"idSuffix":"inner"}},"clearTextFirst":true,"interactionType":"ENTER_TEXT"}]}
RESULT: {}
RESULT: {"script":"<script> [776 bytes]","args":[{"enterText":"catalogItemamdtv","selector":{"id":"application-managecatalogs-display-component---detailCatalog--newItemNumberInput","searchOpenDialogs":true,"interaction":{"idSuffix":"inner"}},"clearTextFirst":true,"interactionType":"ENTER_TEXT"}]}
COMMAND: POST /session/b614b8bdf87ea745e2832f5d1487871c/execute/async - {"script":"<script> [1562 bytes]","args":[{"selector":{"controlType":"sap.m.Input","viewName":"etm.portal.ui.managecatalogs.view.Detail","viewId":"application-managecatalogs-display-component---detailCatalog","bindingPath":{"path":"","propertyPath":"/DESCRIPTION"},"searchOpenDialogs":true,"interaction":{"idSuffix":"inner"}},"wdio_ui5_key":"etmportal.ui.managecatalogs.view.Detailsap.m.Input{\"path\":\"\",\"propertyPath\":\"/DESCRIPTION\"}"}]}
RESULT: {"script":"<script> [1562 bytes]","args":[{"selector":{"controlType":"sap.m.Input","viewName":"etm.portal.ui.managecatalogs.view.Detail","viewId":"application-managecatalogs-display-component---detailCatalog","bindingPath":{"path":"","propertyPath":"/DESCRIPTION"},"searchOpenDialogs":true,"interaction":{"idSuffix":"inner"}},"wdio_ui5_key":"etmportal.ui.managecatalogs.view.Detailsap.m.Input{\"path\":\"\",\"propertyPath\":\"/DESCRIPTION\"}"}]}
RESULT: undefined
COMMAND: POST /session/b614b8bdf87ea745e2832f5d1487871c/execute/async - {"script":"<script> [776 bytes]","args":[{"enterText":"catalogItemName6w33f","selector":{"controlType":"sap.m.Input","viewName":"etm.portal.ui.managecatalogs.view.Detail","viewId":"application-managecatalogs-display-component---detailCatalog","bindingPath":{"path":"","propertyPath":"/DESCRIPTION"},"searchOpenDialogs":true,"interaction":{"idSuffix":"inner"}},"clearTextFirst":true,"interactionType":"ENTER_TEXT"}]}
RESULT: {"script":"<script> [776 bytes]","args":[{"enterText":"catalogItemName6w33f","selector":{"controlType":"sap.m.Input","viewName":"etm.portal.ui.managecatalogs.view.Detail","viewId":"application-managecatalogs-display-component---detailCatalog","bindingPath":{"path":"","propertyPath":"/DESCRIPTION"},"searchOpenDialogs":true,"interaction":{"idSuffix":"inner"}},"clearTextFirst":true,"interactionType":"ENTER_TEXT"}]}
COMMAND: POST /session/b614b8bdf87ea745e2832f5d1487871c/actions - {"actions":[{"id":"action12","type":"key","parameters":{},"actions":[{"type":"keyDown","value":"î€„"},{"type":"pause","duration":10},{"type":"keyUp","value":"î€„"}]}]}
RESULT: {"actions":[{"id":"action12","type":"key","parameters":{},"actions":[{"type":"keyDown","value":"î€„"},{"type":"pause","duration":10},{"type":"keyUp","value":"î€„"}]}]}
COMMAND: GET /session/b614b8bdf87ea745e2832f5d1487871c/screenshot - {}
RESULT: {}
COMMAND: POST /session/b614b8bdf87ea745e2832f5d1487871c/actions - {"actions":[{"id":"action13","type":"key","parameters":{},"actions":[{"type":"keyDown","value":"î€‡"},{"type":"pause","duration":10},{"type":"keyUp","value":"î€‡"}]}]}
RESULT: {"actions":[{"id":"action13","type":"key","parameters":{},"actions":[{"type":"keyDown","value":"î€‡"},{"type":"pause","duration":10},{"type":"keyUp","value":"î€‡"}]}]}
COMMAND: GET /session/b614b8bdf87ea745e2832f5d1487871c/screenshot - {}
RESULT: {}
COMMAND: POST /session/b614b8bdf87ea745e2832f5d1487871c/element - {"using":"xpath","value":"//button[@title=\"Save\"]"}
RESULT: {"using":"xpath","value":"//button[@title=\"Save\"]"}
COMMAND: POST /session/b614b8bdf87ea745e2832f5d1487871c/element/f.E141158646C81433446781BCB2447156.d.24D37ACE8BD497BAE07769BD570850CB.e.4492/click - {}
RESULT: {}
COMMAND: GET /session/b614b8bdf87ea745e2832f5d1487871c/screenshot - {}
RESULT: {}
COMMAND: POST /session/b614b8bdf87ea745e2832f5d1487871c/execute/async - {"script":"<script> [1562 bytes]","args":[{"selector":{"controlType":"sap.ui.core.Icon","viewName":"etm.portal.ui.managecatalogs.view.Detail","viewId":"application-managecatalogs-display-component---detailCatalog","properties":{"src":{"regex":{"source":"decline"}}}},"wdio_ui5_key":"etmportal.ui.managecatalogs.view.Detailsap.ui.core.Icon{\"src\":{\"regex\":{\"source\":\"decline\"}}}"}]}
RESULT: {"script":"<script> [1562 bytes]","args":[{"selector":{"controlType":"sap.ui.core.Icon","viewName":"etm.portal.ui.managecatalogs.view.Detail","viewId":"application-managecatalogs-display-component---detailCatalog","properties":{"src":{"regex":{"source":"decline"}}}},"wdio_ui5_key":"etmportal.ui.managecatalogs.view.Detailsap.ui.core.Icon{\"src\":{\"regex\":{\"source\":\"decline\"}}}"}]}
RESULT: undefined
COMMAND: POST /session/b614b8bdf87ea745e2832f5d1487871c/element - {"using":"xpath","value":"//*[@id=\"__button28-img\"]"}
RESULT: {"using":"xpath","value":"//*[@id=\"__button28-img\"]"}
COMMAND: POST /session/b614b8bdf87ea745e2832f5d1487871c/element/f.E141158646C81433446781BCB2447156.d.24D37ACE8BD497BAE07769BD570850CB.e.4496/click - {}
RESULT: {}
COMMAND: GET /session/b614b8bdf87ea745e2832f5d1487871c/screenshot - {}
RESULT: {}
COMMAND: POST /session/b614b8bdf87ea745e2832f5d1487871c/execute/async - {"script":"<script> [1562 bytes]","args":[{"selector":{"controlType":"sap.ui.core.Icon","viewName":"etm.portal.ui.managecatalogs.view.MasterItems","viewId":"application-managecatalogs-display-component---masterCatalogItems","properties":{"src":{"regex":{"source":"refresh"}}}},"wdio_ui5_key":"etmportal.ui.managecatalogs.view.MasterItemssap.ui.core.Icon{\"src\":{\"regex\":{\"source\":\"refresh\"}}}"}]}
RESULT: {"script":"<script> [1562 bytes]","args":[{"selector":{"controlType":"sap.ui.core.Icon","viewName":"etm.portal.ui.managecatalogs.view.MasterItems","viewId":"application-managecatalogs-display-component---masterCatalogItems","properties":{"src":{"regex":{"source":"refresh"}}}},"wdio_ui5_key":"etmportal.ui.managecatalogs.view.MasterItemssap.ui.core.Icon{\"src\":{\"regex\":{\"source\":\"refresh\"}}}"}]}
RESULT: undefined
COMMAND: POST /session/b614b8bdf87ea745e2832f5d1487871c/element - {"using":"xpath","value":"//*[@id=\"__button1-img\"]"}
RESULT: {"using":"xpath","value":"//*[@id=\"__button1-img\"]"}
COMMAND: POST /session/b614b8bdf87ea745e2832f5d1487871c/element/f.E141158646C81433446781BCB2447156.d.24D37ACE8BD497BAE07769BD570850CB.e.4505/click - {}
RESULT: {}
COMMAND: GET /session/b614b8bdf87ea745e2832f5d1487871c/screenshot - {}
RESULT: {}
COMMAND: POST /session/b614b8bdf87ea745e2832f5d1487871c/execute/async - {"script":"<script> [1562 bytes]","args":[{"selector":{"id":"application-managecatalogs-display-component---masterCatalogItems--searchItemsField","interaction":{"idSuffix":"I"}},"wdio_ui5_key":"applicationmanagecatalogs-display-component---masterCatalogItems--searchItemsField"}]}
RESULT: {"script":"<script> [1562 bytes]","args":[{"selector":{"id":"application-managecatalogs-display-component---masterCatalogItems--searchItemsField","interaction":{"idSuffix":"I"}},"wdio_ui5_key":"applicationmanagecatalogs-display-component---masterCatalogItems--searchItemsField"}]}
RESULT: undefined
COMMAND: POST /session/b614b8bdf87ea745e2832f5d1487871c/execute/async - {"script":"<script> [776 bytes]","args":[{"enterText":"catalogItemName6w33f","selector":{"id":"application-managecatalogs-display-component---masterCatalogItems--searchItemsField","interaction":{"idSuffix":"I"}},"clearTextFirst":true,"interactionType":"ENTER_TEXT"}]}
RESULT: {"script":"<script> [776 bytes]","args":[{"enterText":"catalogItemName6w33f","selector":{"id":"application-managecatalogs-display-component---masterCatalogItems--searchItemsField","interaction":{"idSuffix":"I"}},"clearTextFirst":true,"interactionType":"ENTER_TEXT"}]}
COMMAND: POST /session/b614b8bdf87ea745e2832f5d1487871c/actions - {"actions":[{"id":"action14","type":"key","parameters":{},"actions":[{"type":"keyDown","value":"î€‡"},{"type":"pause","duration":10},{"type":"keyUp","value":"î€‡"}]}]}
RESULT: {"actions":[{"id":"action14","type":"key","parameters":{},"actions":[{"type":"keyDown","value":"î€‡"},{"type":"pause","duration":10},{"type":"keyUp","value":"î€‡"}]}]}
COMMAND: POST /session/b614b8bdf87ea745e2832f5d1487871c/element - {"using":"xpath","value":"(//span[contains(text(), \"catalogItemName6w33f\")])[1]"}
COMMAND: GET /session/b614b8bdf87ea745e2832f5d1487871c/screenshot - {}
RESULT: {"using":"xpath","value":"(//span[contains(text(), \"catalogItemName6w33f\")])[1]"}
COMMAND: POST /session/b614b8bdf87ea745e2832f5d1487871c/element/f.E141158646C81433446781BCB2447156.d.24D37ACE8BD497BAE07769BD570850CB.e.4539/click - {}
RESULT: {}
RESULT: {}
COMMAND: GET /session/b614b8bdf87ea745e2832f5d1487871c/screenshot - {}
RESULT: {}
COMMAND: POST /session/b614b8bdf87ea745e2832f5d1487871c/element - {"using":"xpath","value":"//span[contains(text(), \"catalogItemamdtv\")]"}
RESULT: {"using":"xpath","value":"//span[contains(text(), \"catalogItemamdtv\")]"}
COMMAND: GET /session/b614b8bdf87ea745e2832f5d1487871c/element/f.E141158646C81433446781BCB2447156.d.24D37ACE8BD497BAE07769BD570850CB.e.4603/text - {}
RESULT: {}
]]></system-out>
    </testcase>
    <testcase classname="chrome.136_0_7103_49.windows.Standard_contract_-_add_contract_items_by_Insert_Request_US118222" name="Should assign resources to the catalog item" time="59.644">
      <system-out><![CDATA[
RESULT: undefined
COMMAND: POST /session/b614b8bdf87ea745e2832f5d1487871c/element - {"using":"xpath","value":"//*[@id=\"__button25\"]"}
RESULT: {"using":"xpath","value":"//*[@id=\"__button25\"]"}
COMMAND: POST /session/b614b8bdf87ea745e2832f5d1487871c/element/f.E141158646C81433446781BCB2447156.d.24D37ACE8BD497BAE07769BD570850CB.e.4604/click - {}
RESULT: {}
COMMAND: GET /session/b614b8bdf87ea745e2832f5d1487871c/screenshot - {}
RESULT: {}
COMMAND: POST /session/b614b8bdf87ea745e2832f5d1487871c/execute/async - {"script":"<script> [1562 bytes]","args":[{"selector":{"id":"application-managecatalogs-display-component---detailCatalog--BASE_UNIT_OF_MEASURE-arrow"},"wdio_ui5_key":"applicationmanagecatalogs-display-component---detailCatalog--BASE_UNIT_OF_MEASURE-arrow"}]}
RESULT: {"script":"<script> [1562 bytes]","args":[{"selector":{"id":"application-managecatalogs-display-component---detailCatalog--BASE_UNIT_OF_MEASURE-arrow"},"wdio_ui5_key":"applicationmanagecatalogs-display-component---detailCatalog--BASE_UNIT_OF_MEASURE-arrow"}]}
RESULT: undefined
COMMAND: POST /session/b614b8bdf87ea745e2832f5d1487871c/element - {"using":"xpath","value":"//*[@id=\"application-managecatalogs-display-component---detailCatalog--BASE_UNIT_OF_MEASURE-arrow\"]"}
RESULT: {"using":"xpath","value":"//*[@id=\"application-managecatalogs-display-component---detailCatalog--BASE_UNIT_OF_MEASURE-arrow\"]"}
COMMAND: POST /session/b614b8bdf87ea745e2832f5d1487871c/element/f.E141158646C81433446781BCB2447156.d.24D37ACE8BD497BAE07769BD570850CB.e.4630/click - {}
RESULT: {}
COMMAND: POST /session/b614b8bdf87ea745e2832f5d1487871c/execute/async - {"script":"<script> [1562 bytes]","args":[{"selector":{"controlType":"sap.m.StandardListItem","viewName":"etm.portal.ui.managecatalogs.view.Detail","viewId":"application-managecatalogs-display-component---detailCatalog","properties":{"title":"Piece"},"searchOpenDialogs":true,"interaction":{"idSuffix":"titleText"}},"wdio_ui5_key":"etmportal.ui.managecatalogs.view.Detailsap.m.StandardListItem{\"title\":\"Piece\"}"}]}
COMMAND: GET /session/b614b8bdf87ea745e2832f5d1487871c/screenshot - {}
RESULT: {"script":"<script> [1562 bytes]","args":[{"selector":{"controlType":"sap.m.StandardListItem","viewName":"etm.portal.ui.managecatalogs.view.Detail","viewId":"application-managecatalogs-display-component---detailCatalog","properties":{"title":"Piece"},"searchOpenDialogs":true,"interaction":{"idSuffix":"titleText"}},"wdio_ui5_key":"etmportal.ui.managecatalogs.view.Detailsap.m.StandardListItem{\"title\":\"Piece\"}"}]}
RESULT: undefined
COMMAND: POST /session/b614b8bdf87ea745e2832f5d1487871c/element - {"using":"xpath","value":"//*[@id=\"__item225\"]"}
RESULT: {}
RESULT: {"using":"xpath","value":"//*[@id=\"__item225\"]"}
COMMAND: POST /session/b614b8bdf87ea745e2832f5d1487871c/element/f.E141158646C81433446781BCB2447156.d.24D37ACE8BD497BAE07769BD570850CB.e.4634/click - {}
RESULT: {}
COMMAND: POST /session/b614b8bdf87ea745e2832f5d1487871c/execute/async - {"script":"<script> [1562 bytes]","args":[{"selector":{"id":"application-managecatalogs-display-component---detailCatalog--ObjectPageLayout-anchBar-application-managecatalogs-display-component---detailCatalog--sectionRUs-anchor","interaction":{"idSuffix":"BDI-content"}},"wdio_ui5_key":"applicationmanagecatalogs-display-component---detailCatalog--ObjectPageLayout-anchBar-application-managecatalogs-display-component---detailCatalog--sectionRUs-anchor"}]}
COMMAND: GET /session/b614b8bdf87ea745e2832f5d1487871c/screenshot - {}
RESULT: {"script":"<script> [1562 bytes]","args":[{"selector":{"id":"application-managecatalogs-display-component---detailCatalog--ObjectPageLayout-anchBar-application-managecatalogs-display-component---detailCatalog--sectionRUs-anchor","interaction":{"idSuffix":"BDI-content"}},"wdio_ui5_key":"applicationmanagecatalogs-display-component---detailCatalog--ObjectPageLayout-anchBar-application-managecatalogs-display-component---detailCatalog--sectionRUs-anchor"}]}
RESULT: undefined
COMMAND: POST /session/b614b8bdf87ea745e2832f5d1487871c/element - {"using":"xpath","value":"//*[@id=\"application-managecatalogs-display-component---detailCatalog--ObjectPageLayout-anchBar-application-managecatalogs-display-component---detailCatalog--sectionRUs-anchor\"]"}
RESULT: {}
RESULT: {"using":"xpath","value":"//*[@id=\"application-managecatalogs-display-component---detailCatalog--ObjectPageLayout-anchBar-application-managecatalogs-display-component---detailCatalog--sectionRUs-anchor\"]"}
COMMAND: POST /session/b614b8bdf87ea745e2832f5d1487871c/element/f.E141158646C81433446781BCB2447156.d.24D37ACE8BD497BAE07769BD570850CB.e.4636/click - {}
RESULT: {}
COMMAND: POST /session/b614b8bdf87ea745e2832f5d1487871c/element - {"using":"xpath","value":"//button[contains(@data-kt ,\"catalogItemAssignRuButton\")]"}
COMMAND: GET /session/b614b8bdf87ea745e2832f5d1487871c/screenshot - {}
RESULT: {"using":"xpath","value":"//button[contains(@data-kt ,\"catalogItemAssignRuButton\")]"}
COMMAND: POST /session/b614b8bdf87ea745e2832f5d1487871c/element/f.E141158646C81433446781BCB2447156.d.24D37ACE8BD497BAE07769BD570850CB.e.4642/click - {}
RESULT: {}
RESULT: {}
COMMAND: GET /session/b614b8bdf87ea745e2832f5d1487871c/screenshot - {}
RESULT: {}
COMMAND: POST /session/b614b8bdf87ea745e2832f5d1487871c/actions - {"actions":[{"id":"action15","type":"key","parameters":{},"actions":[{"type":"keyDown","value":"î€‡"},{"type":"pause","duration":10},{"type":"keyUp","value":"î€‡"}]}]}
RESULT: {"actions":[{"id":"action15","type":"key","parameters":{},"actions":[{"type":"keyDown","value":"î€‡"},{"type":"pause","duration":10},{"type":"keyUp","value":"î€‡"}]}]}
COMMAND: POST /session/b614b8bdf87ea745e2832f5d1487871c/execute/async - {"script":"<script> [1562 bytes]","args":[{"selector":{"id":"application-managecatalogs-display-component---detailCatalog--assignRUSearchField-vhi","searchOpenDialogs":true},"wdio_ui5_key":"applicationmanagecatalogs-display-component---detailCatalog--assignRUSearchField-vhi"}]}
COMMAND: GET /session/b614b8bdf87ea745e2832f5d1487871c/screenshot - {}
RESULT: {"script":"<script> [1562 bytes]","args":[{"selector":{"id":"application-managecatalogs-display-component---detailCatalog--assignRUSearchField-vhi","searchOpenDialogs":true},"wdio_ui5_key":"applicationmanagecatalogs-display-component---detailCatalog--assignRUSearchField-vhi"}]}
RESULT: undefined
COMMAND: POST /session/b614b8bdf87ea745e2832f5d1487871c/element - {"using":"xpath","value":"//*[@id=\"application-managecatalogs-display-component---detailCatalog--assignRUSearchField-vhi\"]"}
RESULT: {}
RESULT: {"using":"xpath","value":"//*[@id=\"application-managecatalogs-display-component---detailCatalog--assignRUSearchField-vhi\"]"}
COMMAND: POST /session/b614b8bdf87ea745e2832f5d1487871c/element/f.E141158646C81433446781BCB2447156.d.24D37ACE8BD497BAE07769BD570850CB.e.4663/click - {}
RESULT: {}
COMMAND: GET /session/b614b8bdf87ea745e2832f5d1487871c/screenshot - {}
RESULT: {}
COMMAND: POST /session/b614b8bdf87ea745e2832f5d1487871c/element - {"using":"xpath","value":"//input[contains(@id ,\"searchField-I\")]"}
RESULT: {"using":"xpath","value":"//input[contains(@id ,\"searchField-I\")]"}
COMMAND: POST /session/b614b8bdf87ea745e2832f5d1487871c/element/f.E141158646C81433446781BCB2447156.d.24D37ACE8BD497BAE07769BD570850CB.e.4666/clear - {}
RESULT: {}
COMMAND: POST /session/b614b8bdf87ea745e2832f5d1487871c/element/f.E141158646C81433446781BCB2447156.d.24D37ACE8BD497BAE07769BD570850CB.e.4666/value - {"text":"WdIOR2cEquip7mwfr"}
COMMAND: GET /session/b614b8bdf87ea745e2832f5d1487871c/screenshot - {}
RESULT: {"text":"WdIOR2cEquip7mwfr"}
COMMAND: GET /session/b614b8bdf87ea745e2832f5d1487871c/screenshot - {}
RESULT: {}
RESULT: {}
COMMAND: POST /session/b614b8bdf87ea745e2832f5d1487871c/actions - {"actions":[{"id":"action16","type":"key","parameters":{},"actions":[{"type":"keyDown","value":"î€‡"},{"type":"pause","duration":10},{"type":"keyUp","value":"î€‡"}]}]}
RESULT: {"actions":[{"id":"action16","type":"key","parameters":{},"actions":[{"type":"keyDown","value":"î€‡"},{"type":"pause","duration":10},{"type":"keyUp","value":"î€‡"}]}]}
COMMAND: GET /session/b614b8bdf87ea745e2832f5d1487871c/screenshot - {}
RESULT: {}
COMMAND: POST /session/b614b8bdf87ea745e2832f5d1487871c/actions - {"actions":[{"id":"action17","type":"key","parameters":{},"actions":[{"type":"keyDown","value":"î€„"},{"type":"pause","duration":10},{"type":"keyUp","value":"î€„"}]}]}
RESULT: {"actions":[{"id":"action17","type":"key","parameters":{},"actions":[{"type":"keyDown","value":"î€„"},{"type":"pause","duration":10},{"type":"keyUp","value":"î€„"}]}]}
COMMAND: GET /session/b614b8bdf87ea745e2832f5d1487871c/screenshot - {}
RESULT: {}
COMMAND: POST /session/b614b8bdf87ea745e2832f5d1487871c/actions - {"actions":[{"id":"action18","type":"key","parameters":{},"actions":[{"type":"keyDown","value":"î€‡"},{"type":"pause","duration":10},{"type":"keyUp","value":"î€‡"}]}]}
RESULT: {"actions":[{"id":"action18","type":"key","parameters":{},"actions":[{"type":"keyDown","value":"î€‡"},{"type":"pause","duration":10},{"type":"keyUp","value":"î€‡"}]}]}
COMMAND: GET /session/b614b8bdf87ea745e2832f5d1487871c/screenshot - {}
RESULT: {}
COMMAND: POST /session/b614b8bdf87ea745e2832f5d1487871c/element - {"using":"xpath","value":"//bdi[contains(@id ,\"application-managecatalogs-display-component---detailCatalog--RUAssignmentSaveButton-BDI-content\")]"}
RESULT: {"using":"xpath","value":"//bdi[contains(@id ,\"application-managecatalogs-display-component---detailCatalog--RUAssignmentSaveButton-BDI-content\")]"}
COMMAND: POST /session/b614b8bdf87ea745e2832f5d1487871c/element/f.E141158646C81433446781BCB2447156.d.24D37ACE8BD497BAE07769BD570850CB.e.4698/click - {}
RESULT: {}
COMMAND: GET /session/b614b8bdf87ea745e2832f5d1487871c/screenshot - {}
RESULT: {}
COMMAND: POST /session/b614b8bdf87ea745e2832f5d1487871c/element - {"using":"xpath","value":"//bdi[contains(@id ,\"application-managecatalogs-display-component---detailCatalog--ObjectPageLayout-anchBar-application-managecatalogs-display-component---detailCatalog--sectionRUs-anchor-BDI-content\")]"}
RESULT: {"using":"xpath","value":"//bdi[contains(@id ,\"application-managecatalogs-display-component---detailCatalog--ObjectPageLayout-anchBar-application-managecatalogs-display-component---detailCatalog--sectionRUs-anchor-BDI-content\")]"}
COMMAND: POST /session/b614b8bdf87ea745e2832f5d1487871c/element/f.E141158646C81433446781BCB2447156.d.24D37ACE8BD497BAE07769BD570850CB.e.4718/click - {}
RESULT: {}
COMMAND: GET /session/b614b8bdf87ea745e2832f5d1487871c/screenshot - {}
RESULT: {}
COMMAND: POST /session/b614b8bdf87ea745e2832f5d1487871c/element - {"using":"xpath","value":"//button[contains(@data-kt ,\"catalogItemAssignRuButton\")]"}
RESULT: {"using":"xpath","value":"//button[contains(@data-kt ,\"catalogItemAssignRuButton\")]"}
COMMAND: POST /session/b614b8bdf87ea745e2832f5d1487871c/element/f.E141158646C81433446781BCB2447156.d.24D37ACE8BD497BAE07769BD570850CB.e.4642/click - {}
RESULT: {}
COMMAND: GET /session/b614b8bdf87ea745e2832f5d1487871c/screenshot - {}
RESULT: {}
COMMAND: POST /session/b614b8bdf87ea745e2832f5d1487871c/actions - {"actions":[{"id":"action19","type":"key","parameters":{},"actions":[{"type":"keyDown","value":"î€‡"},{"type":"pause","duration":10},{"type":"keyUp","value":"î€‡"}]}]}
RESULT: {"actions":[{"id":"action19","type":"key","parameters":{},"actions":[{"type":"keyDown","value":"î€‡"},{"type":"pause","duration":10},{"type":"keyUp","value":"î€‡"}]}]}
RESULT: undefined
COMMAND: POST /session/b614b8bdf87ea745e2832f5d1487871c/element - {"using":"xpath","value":"//*[@id=\"application-managecatalogs-display-component---detailCatalog--assignRUSearchField-vhi\"]"}
COMMAND: GET /session/b614b8bdf87ea745e2832f5d1487871c/screenshot - {}
RESULT: {"using":"xpath","value":"//*[@id=\"application-managecatalogs-display-component---detailCatalog--assignRUSearchField-vhi\"]"}
COMMAND: POST /session/b614b8bdf87ea745e2832f5d1487871c/elements - {"using":"xpath","value":"//*[@id=\"application-managecatalogs-display-component---detailCatalog--assignRUSearchField-vhi\"]"}
RESULT: {}
RESULT: {"using":"xpath","value":"//*[@id=\"application-managecatalogs-display-component---detailCatalog--assignRUSearchField-vhi\"]"}
COMMAND: POST /session/b614b8bdf87ea745e2832f5d1487871c/element - {"using":"xpath","value":"//*[@id=\"application-managecatalogs-display-component---detailCatalog--assignRUSearchField-vhi\"]"}
RESULT: {"using":"xpath","value":"//*[@id=\"application-managecatalogs-display-component---detailCatalog--assignRUSearchField-vhi\"]"}
COMMAND: POST /session/b614b8bdf87ea745e2832f5d1487871c/element/f.E141158646C81433446781BCB2447156.d.24D37ACE8BD497BAE07769BD570850CB.e.4745/click - {}
RESULT: {}
COMMAND: POST /session/b614b8bdf87ea745e2832f5d1487871c/execute/async - {"script":"<script> [1562 bytes]","args":[{"selector":{"controlType":"sap.m.SearchField","viewName":"etm.portal.ui.managecatalogs.view.Detail","viewId":"application-managecatalogs-display-component---detailCatalog","searchOpenDialogs":true,"interaction":{"idSuffix":"I"}},"wdio_ui5_key":"etmportal.ui.managecatalogs.view.Detailsap.m.SearchField"}]}
COMMAND: GET /session/b614b8bdf87ea745e2832f5d1487871c/screenshot - {}
RESULT: {"script":"<script> [1562 bytes]","args":[{"selector":{"controlType":"sap.m.SearchField","viewName":"etm.portal.ui.managecatalogs.view.Detail","viewId":"application-managecatalogs-display-component---detailCatalog","searchOpenDialogs":true,"interaction":{"idSuffix":"I"}},"wdio_ui5_key":"etmportal.ui.managecatalogs.view.Detailsap.m.SearchField"}]}
RESULT: undefined
COMMAND: POST /session/b614b8bdf87ea745e2832f5d1487871c/execute/async - {"script":"<script> [776 bytes]","args":[{"enterText":"WebdriverRUR2C84pn","selector":{"controlType":"sap.m.SearchField","viewName":"etm.portal.ui.managecatalogs.view.Detail","viewId":"application-managecatalogs-display-component---detailCatalog","searchOpenDialogs":true,"interaction":{"idSuffix":"I"}},"clearTextFirst":true,"interactionType":"ENTER_TEXT"}]}
RESULT: {}
RESULT: {"script":"<script> [776 bytes]","args":[{"enterText":"WebdriverRUR2C84pn","selector":{"controlType":"sap.m.SearchField","viewName":"etm.portal.ui.managecatalogs.view.Detail","viewId":"application-managecatalogs-display-component---detailCatalog","searchOpenDialogs":true,"interaction":{"idSuffix":"I"}},"clearTextFirst":true,"interactionType":"ENTER_TEXT"}]}
COMMAND: POST /session/b614b8bdf87ea745e2832f5d1487871c/actions - {"actions":[{"id":"action20","type":"key","parameters":{},"actions":[{"type":"keyDown","value":"î€‡"},{"type":"pause","duration":10},{"type":"keyUp","value":"î€‡"}]}]}
RESULT: {"actions":[{"id":"action20","type":"key","parameters":{},"actions":[{"type":"keyDown","value":"î€‡"},{"type":"pause","duration":10},{"type":"keyUp","value":"î€‡"}]}]}
COMMAND: GET /session/b614b8bdf87ea745e2832f5d1487871c/screenshot - {}
RESULT: {}
COMMAND: POST /session/b614b8bdf87ea745e2832f5d1487871c/element - {"using":"xpath","value":"(//span[contains(text(), \"WebdriverRUR2C84pn\")])[1]"}
RESULT: {"using":"xpath","value":"(//span[contains(text(), \"WebdriverRUR2C84pn\")])[1]"}
COMMAND: POST /session/b614b8bdf87ea745e2832f5d1487871c/element/f.E141158646C81433446781BCB2447156.d.24D37ACE8BD497BAE07769BD570850CB.e.4775/click - {}
RESULT: {}
COMMAND: POST /session/b614b8bdf87ea745e2832f5d1487871c/execute/async - {"script":"<script> [1562 bytes]","args":[{"selector":{"id":"application-managecatalogs-display-component---detailCatalog--RUAssignmentSaveButton","searchOpenDialogs":true,"interaction":{"idSuffix":"BDI-content"}},"wdio_ui5_key":"applicationmanagecatalogs-display-component---detailCatalog--RUAssignmentSaveButton"}]}
COMMAND: GET /session/b614b8bdf87ea745e2832f5d1487871c/screenshot - {}
RESULT: {"script":"<script> [1562 bytes]","args":[{"selector":{"id":"application-managecatalogs-display-component---detailCatalog--RUAssignmentSaveButton","searchOpenDialogs":true,"interaction":{"idSuffix":"BDI-content"}},"wdio_ui5_key":"applicationmanagecatalogs-display-component---detailCatalog--RUAssignmentSaveButton"}]}
RESULT: undefined
COMMAND: POST /session/b614b8bdf87ea745e2832f5d1487871c/element - {"using":"xpath","value":"//*[@id=\"application-managecatalogs-display-component---detailCatalog--RUAssignmentSaveButton\"]"}
RESULT: {}
RESULT: {"using":"xpath","value":"//*[@id=\"application-managecatalogs-display-component---detailCatalog--RUAssignmentSaveButton\"]"}
COMMAND: POST /session/b614b8bdf87ea745e2832f5d1487871c/element/f.E141158646C81433446781BCB2447156.d.24D37ACE8BD497BAE07769BD570850CB.e.4778/click - {}
RESULT: {}
COMMAND: GET /session/b614b8bdf87ea745e2832f5d1487871c/screenshot - {}
RESULT: {}
COMMAND: POST /session/b614b8bdf87ea745e2832f5d1487871c/element - {"using":"xpath","value":"//bdi[contains(text(), \"Save\")]"}
RESULT: {"using":"xpath","value":"//bdi[contains(text(), \"Save\")]"}
COMMAND: POST /session/b614b8bdf87ea745e2832f5d1487871c/element/f.E141158646C81433446781BCB2447156.d.24D37ACE8BD497BAE07769BD570850CB.e.4799/click - {}
RESULT: {}
COMMAND: GET /session/b614b8bdf87ea745e2832f5d1487871c/screenshot - {}
RESULT: {}
COMMAND: POST /session/b614b8bdf87ea745e2832f5d1487871c/element - {"using":"css selector","value":"#shell-header-logo"}
RESULT: {"using":"css selector","value":"#shell-header-logo"}
COMMAND: POST /session/b614b8bdf87ea745e2832f5d1487871c/element/f.E141158646C81433446781BCB2447156.d.24D37ACE8BD497BAE07769BD570850CB.e.4443/click - {}
RESULT: {}
COMMAND: GET /session/b614b8bdf87ea745e2832f5d1487871c/screenshot - {}
RESULT: {}
]]></system-out>
    </testcase>
    <testcase classname="chrome.136_0_7103_49.windows.Standard_contract_-_add_contract_items_by_Insert_Request_US118222" name="Should create a new contract" time="95.759">
      <system-out><![CDATA[
COMMAND: POST /session/b614b8bdf87ea745e2832f5d1487871c/execute/async - {"script":"<script> [1562 bytes]","args":[{"selector":{"controlType":"sap.m.GenericTile","properties":{"header":"Manage Contracts"}},"wdio_ui5_key":"sapm.GenericTile{\"header\":\"Manage Contracts\"}"}]}
RESULT: {"script":"<script> [1562 bytes]","args":[{"selector":{"controlType":"sap.m.GenericTile","properties":{"header":"Manage Contracts"}},"wdio_ui5_key":"sapm.GenericTile{\"header\":\"Manage Contracts\"}"}]}
RESULT: undefined
COMMAND: POST /session/b614b8bdf87ea745e2832f5d1487871c/element - {"using":"xpath","value":"//*[@id=\"__tile130\"]"}
RESULT: {"using":"xpath","value":"//*[@id=\"__tile130\"]"}
COMMAND: POST /session/b614b8bdf87ea745e2832f5d1487871c/element/f.E141158646C81433446781BCB2447156.d.24D37ACE8BD497BAE07769BD570850CB.e.4831/click - {}
RESULT: {}
COMMAND: GET /session/b614b8bdf87ea745e2832f5d1487871c/screenshot - {}
RESULT: {}
COMMAND: POST /session/b614b8bdf87ea745e2832f5d1487871c/elements - {"using":"xpath","value":"//span[text()='Error']"}
RESULT: {"using":"xpath","value":"//span[text()='Error']"}
COMMAND: POST /session/b614b8bdf87ea745e2832f5d1487871c/element - {"using":"xpath","value":"//button[@data-kt=\"addButton\"]"}
RESULT: {"using":"xpath","value":"//button[@data-kt=\"addButton\"]"}
COMMAND: POST /session/b614b8bdf87ea745e2832f5d1487871c/element/f.E141158646C81433446781BCB2447156.d.24D37ACE8BD497BAE07769BD570850CB.e.4880/click - {}
RESULT: {}
COMMAND: GET /session/b614b8bdf87ea745e2832f5d1487871c/screenshot - {}
RESULT: {}
COMMAND: POST /session/b614b8bdf87ea745e2832f5d1487871c/execute/async - {"script":"<script> [1562 bytes]","args":[{"selector":{"id":"application-managecontracts-display-component---AddNewContract--projectDescription","interaction":{"idSuffix":"inner"}},"wdio_ui5_key":"applicationmanagecontracts-display-component---AddNewContract--projectDescription"}]}
RESULT: {"script":"<script> [1562 bytes]","args":[{"selector":{"id":"application-managecontracts-display-component---AddNewContract--projectDescription","interaction":{"idSuffix":"inner"}},"wdio_ui5_key":"applicationmanagecontracts-display-component---AddNewContract--projectDescription"}]}
RESULT: undefined
COMMAND: POST /session/b614b8bdf87ea745e2832f5d1487871c/execute/async - {"script":"<script> [776 bytes]","args":[{"enterText":"WdIOR2crfgp","selector":{"id":"application-managecontracts-display-component---AddNewContract--projectDescription","interaction":{"idSuffix":"inner"}},"clearTextFirst":true,"interactionType":"ENTER_TEXT"}]}
RESULT: {"script":"<script> [776 bytes]","args":[{"enterText":"WdIOR2crfgp","selector":{"id":"application-managecontracts-display-component---AddNewContract--projectDescription","interaction":{"idSuffix":"inner"}},"clearTextFirst":true,"interactionType":"ENTER_TEXT"}]}
COMMAND: POST /session/b614b8bdf87ea745e2832f5d1487871c/element - {"using":"xpath","value":"//input[@id=\"application-managecontracts-display-component---AddNewContract--yardId-inner\"]"}
RESULT: {"using":"xpath","value":"//input[@id=\"application-managecontracts-display-component---AddNewContract--yardId-inner\"]"}
COMMAND: POST /session/b614b8bdf87ea745e2832f5d1487871c/element/f.E141158646C81433446781BCB2447156.d.24D37ACE8BD497BAE07769BD570850CB.e.5184/clear - {}
RESULT: {}
COMMAND: POST /session/b614b8bdf87ea745e2832f5d1487871c/element/f.E141158646C81433446781BCB2447156.d.24D37ACE8BD497BAE07769BD570850CB.e.5184/value - {"text":"WebdriverYard1j42w"}
COMMAND: GET /session/b614b8bdf87ea745e2832f5d1487871c/screenshot - {}
RESULT: {"text":"WebdriverYard1j42w"}
COMMAND: GET /session/b614b8bdf87ea745e2832f5d1487871c/screenshot - {}
RESULT: {}
RESULT: {}
COMMAND: POST /session/b614b8bdf87ea745e2832f5d1487871c/actions - {"actions":[{"id":"action21","type":"key","parameters":{},"actions":[{"type":"keyDown","value":"î€‡"},{"type":"pause","duration":10},{"type":"keyUp","value":"î€‡"}]}]}
RESULT: {"actions":[{"id":"action21","type":"key","parameters":{},"actions":[{"type":"keyDown","value":"î€‡"},{"type":"pause","duration":10},{"type":"keyUp","value":"î€‡"}]}]}
COMMAND: GET /session/b614b8bdf87ea745e2832f5d1487871c/screenshot - {}
RESULT: {}
COMMAND: POST /session/b614b8bdf87ea745e2832f5d1487871c/element - {"using":"xpath","value":"//input[@id=\"application-managecontracts-display-component---AddNewContract--customerSelect-inner\"]"}
RESULT: {"using":"xpath","value":"//input[@id=\"application-managecontracts-display-component---AddNewContract--customerSelect-inner\"]"}
COMMAND: POST /session/b614b8bdf87ea745e2832f5d1487871c/element/f.E141158646C81433446781BCB2447156.d.24D37ACE8BD497BAE07769BD570850CB.e.5182/clear - {}
RESULT: {}
COMMAND: POST /session/b614b8bdf87ea745e2832f5d1487871c/element/f.E141158646C81433446781BCB2447156.d.24D37ACE8BD497BAE07769BD570850CB.e.5182/value - {"text":"WebdriverPartnerjchph"}
COMMAND: GET /session/b614b8bdf87ea745e2832f5d1487871c/screenshot - {}
RESULT: {"text":"WebdriverPartnerjchph"}
COMMAND: GET /session/b614b8bdf87ea745e2832f5d1487871c/screenshot - {}
RESULT: {}
RESULT: {}
COMMAND: POST /session/b614b8bdf87ea745e2832f5d1487871c/actions - {"actions":[{"id":"action22","type":"key","parameters":{},"actions":[{"type":"keyDown","value":"î€‡"},{"type":"pause","duration":10},{"type":"keyUp","value":"î€‡"}]}]}
RESULT: {"actions":[{"id":"action22","type":"key","parameters":{},"actions":[{"type":"keyDown","value":"î€‡"},{"type":"pause","duration":10},{"type":"keyUp","value":"î€‡"}]}]}
COMMAND: GET /session/b614b8bdf87ea745e2832f5d1487871c/screenshot - {}
RESULT: {}
COMMAND: POST /session/b614b8bdf87ea745e2832f5d1487871c/element - {"using":"xpath","value":"//input[@id=\"application-managecontracts-display-component---AddNewContract--site-inner\"]"}
RESULT: {"using":"xpath","value":"//input[@id=\"application-managecontracts-display-component---AddNewContract--site-inner\"]"}
COMMAND: POST /session/b614b8bdf87ea745e2832f5d1487871c/element/f.E141158646C81433446781BCB2447156.d.24D37ACE8BD497BAE07769BD570850CB.e.5183/clear - {}
RESULT: {}
COMMAND: POST /session/b614b8bdf87ea745e2832f5d1487871c/element/f.E141158646C81433446781BCB2447156.d.24D37ACE8BD497BAE07769BD570850CB.e.5183/value - {"text":"WebdriverSite8s5is"}
COMMAND: GET /session/b614b8bdf87ea745e2832f5d1487871c/screenshot - {}
RESULT: {"text":"WebdriverSite8s5is"}
COMMAND: GET /session/b614b8bdf87ea745e2832f5d1487871c/screenshot - {}
RESULT: {}
RESULT: {}
COMMAND: POST /session/b614b8bdf87ea745e2832f5d1487871c/actions - {"actions":[{"id":"action23","type":"key","parameters":{},"actions":[{"type":"keyDown","value":"î€‡"},{"type":"pause","duration":10},{"type":"keyUp","value":"î€‡"}]}]}
RESULT: {"actions":[{"id":"action23","type":"key","parameters":{},"actions":[{"type":"keyDown","value":"î€‡"},{"type":"pause","duration":10},{"type":"keyUp","value":"î€‡"}]}]}
COMMAND: GET /session/b614b8bdf87ea745e2832f5d1487871c/screenshot - {}
RESULT: {}
COMMAND: POST /session/b614b8bdf87ea745e2832f5d1487871c/element - {"using":"xpath","value":"//button[@data-kt=\"saveButton\"]"}
RESULT: {"using":"xpath","value":"//button[@data-kt=\"saveButton\"]"}
COMMAND: POST /session/b614b8bdf87ea745e2832f5d1487871c/element/f.E141158646C81433446781BCB2447156.d.24D37ACE8BD497BAE07769BD570850CB.e.5219/click - {}
RESULT: {}
COMMAND: GET /session/b614b8bdf87ea745e2832f5d1487871c/screenshot - {}
RESULT: {}
COMMAND: POST /session/b614b8bdf87ea745e2832f5d1487871c/execute/async - {"script":"<script> [1562 bytes]","args":[{"selector":{"id":"contractDetailTitleNoExpanded","viewName":"etm.portal.ui.managecontracts.view.Detail"},"wdio_ui5_key":"contractDetailTitleNoExpandedetmportal.ui.managecontracts.view.Detail"}]}
RESULT: {"script":"<script> [1562 bytes]","args":[{"selector":{"id":"contractDetailTitleNoExpanded","viewName":"etm.portal.ui.managecontracts.view.Detail"},"wdio_ui5_key":"contractDetailTitleNoExpandedetmportal.ui.managecontracts.view.Detail"}]}
RESULT: undefined
COMMAND: POST /session/b614b8bdf87ea745e2832f5d1487871c/execute/async - {"script":"<script> [6424 bytes]","args":[{"element-6066-11e4-a52e-4f735466cecf":"f.E141158646C81433446781BCB2447156.d.24D37ACE8BD497BAE07769BD570850CB.e.5228"},"getText",[]]}
RESULT: {"script":"<script> [6424 bytes]","args":[{"element-6066-11e4-a52e-4f735466cecf":"f.E141158646C81433446781BCB2447156.d.24D37ACE8BD497BAE07769BD570850CB.e.5228"},"getText",[]]}
]]></system-out>
    </testcase>
    <testcase classname="chrome.136_0_7103_49.windows.Standard_contract_-_add_contract_items_by_Insert_Request_US118222" name="Should create a new request and plan it" time="185.995">
      <system-out><![CDATA[
COMMAND: POST /session/b614b8bdf87ea745e2832f5d1487871c/element - {"using":"css selector","value":"#shell-header-logo"}
RESULT: {"using":"css selector","value":"#shell-header-logo"}
COMMAND: POST /session/b614b8bdf87ea745e2832f5d1487871c/element/f.E141158646C81433446781BCB2447156.d.24D37ACE8BD497BAE07769BD570850CB.e.4833/click - {}
RESULT: {}
COMMAND: GET /session/b614b8bdf87ea745e2832f5d1487871c/screenshot - {}
RESULT: {}
COMMAND: POST /session/b614b8bdf87ea745e2832f5d1487871c/execute/async - {"script":"<script> [1562 bytes]","args":[{"selector":{"controlType":"sap.m.GenericTile","properties":{"header":"Manage Requests"}},"wdio_ui5_key":"sapm.GenericTile{\"header\":\"Manage Requests\"}"}]}
RESULT: {"script":"<script> [1562 bytes]","args":[{"selector":{"controlType":"sap.m.GenericTile","properties":{"header":"Manage Requests"}},"wdio_ui5_key":"sapm.GenericTile{\"header\":\"Manage Requests\"}"}]}
RESULT: undefined
COMMAND: POST /session/b614b8bdf87ea745e2832f5d1487871c/element - {"using":"xpath","value":"//*[@id=\"__tile47\"]"}
RESULT: {"using":"xpath","value":"//*[@id=\"__tile47\"]"}
COMMAND: POST /session/b614b8bdf87ea745e2832f5d1487871c/element/f.E141158646C81433446781BCB2447156.d.24D37ACE8BD497BAE07769BD570850CB.e.5233/click - {}
RESULT: {}
COMMAND: GET /session/b614b8bdf87ea745e2832f5d1487871c/screenshot - {}
RESULT: {}
COMMAND: POST /session/b614b8bdf87ea745e2832f5d1487871c/elements - {"using":"xpath","value":"//span[text()='Error']"}
RESULT: {"using":"xpath","value":"//span[text()='Error']"}
COMMAND: POST /session/b614b8bdf87ea745e2832f5d1487871c/element - {"using":"xpath","value":"//button[contains(@data-kt ,\"btnCreateNewOverflowToolbarButton\")]"}
COMMAND: POST /session/b614b8bdf87ea745e2832f5d1487871c/element - {"using":"xpath","value":"(//span[contains(@class ,\"sapMObjStatusText\")])[1]"}
RESULT: {"using":"xpath","value":"//button[contains(@data-kt ,\"btnCreateNewOverflowToolbarButton\")]"}
COMMAND: POST /session/b614b8bdf87ea745e2832f5d1487871c/element/f.E141158646C81433446781BCB2447156.d.24D37ACE8BD497BAE07769BD570850CB.e.5272/click - {}
RESULT: {"using":"xpath","value":"(//span[contains(@class ,\"sapMObjStatusText\")])[1]"}
COMMAND: POST /session/b614b8bdf87ea745e2832f5d1487871c/execute/sync - {"script":"<script> [8489 bytes]","args":[{"element-6066-11e4-a52e-4f735466cecf":"f.E141158646C81433446781BCB2447156.d.24D37ACE8BD497BAE07769BD570850CB.e.5340","ELEMENT":"f.E141158646C81433446781BCB2447156.d.24D37ACE8BD497BAE07769BD570850CB.e.5340"}]}
RESULT: {}
COMMAND: GET /session/b614b8bdf87ea745e2832f5d1487871c/screenshot - {}
COMMAND: POST /session/b614b8bdf87ea745e2832f5d1487871c/element - {"using":"xpath","value":"(//span[contains(@class ,\"sapMObjStatusText\")])[1]"}
RESULT: {}
RESULT: {"using":"xpath","value":"(//span[contains(@class ,\"sapMObjStatusText\")])[1]"}
COMMAND: POST /session/b614b8bdf87ea745e2832f5d1487871c/execute/sync - {"script":"<script> [8489 bytes]","args":[{"element-6066-11e4-a52e-4f735466cecf":"f.E141158646C81433446781BCB2447156.d.24D37ACE8BD497BAE07769BD570850CB.e.5542","ELEMENT":"f.E141158646C81433446781BCB2447156.d.24D37ACE8BD497BAE07769BD570850CB.e.5542"}]}
RESULT: {"script":"<script> [8489 bytes]","args":[{"element-6066-11e4-a52e-4f735466cecf":"f.E141158646C81433446781BCB2447156.d.24D37ACE8BD497BAE07769BD570850CB.e.5542","ELEMENT":"f.E141158646C81433446781BCB2447156.d.24D37ACE8BD497BAE07769BD570850CB.e.5542"}]}
COMMAND: GET /session/b614b8bdf87ea745e2832f5d1487871c/screenshot - {}
RESULT: {}
COMMAND: POST /session/b614b8bdf87ea745e2832f5d1487871c/element - {"using":"xpath","value":"//input[contains(@id ,\"yardId-inner\")]"}
RESULT: {"using":"xpath","value":"//input[contains(@id ,\"yardId-inner\")]"}
COMMAND: POST /session/b614b8bdf87ea745e2832f5d1487871c/execute/sync - {"script":"<script> [8489 bytes]","args":[{"element-6066-11e4-a52e-4f735466cecf":"f.E141158646C81433446781BCB2447156.d.24D37ACE8BD497BAE07769BD570850CB.e.5425","ELEMENT":"f.E141158646C81433446781BCB2447156.d.24D37ACE8BD497BAE07769BD570850CB.e.5425"}]}
RESULT: {"script":"<script> [8489 bytes]","args":[{"element-6066-11e4-a52e-4f735466cecf":"f.E141158646C81433446781BCB2447156.d.24D37ACE8BD497BAE07769BD570850CB.e.5425","ELEMENT":"f.E141158646C81433446781BCB2447156.d.24D37ACE8BD497BAE07769BD570850CB.e.5425"}]}
COMMAND: POST /session/b614b8bdf87ea745e2832f5d1487871c/element - {"using":"xpath","value":"//input[contains(@id ,\"requestContractNo-inner\")]"}
COMMAND: POST /session/b614b8bdf87ea745e2832f5d1487871c/element - {"using":"xpath","value":"//input[contains(@id ,\"requestContractNo-inner\")]"}
COMMAND: GET /session/b614b8bdf87ea745e2832f5d1487871c/screenshot - {}
RESULT: {"using":"xpath","value":"//input[contains(@id ,\"requestContractNo-inner\")]"}
COMMAND: POST /session/b614b8bdf87ea745e2832f5d1487871c/element/f.E141158646C81433446781BCB2447156.d.24D37ACE8BD497BAE07769BD570850CB.e.5422/value - {"text":"10219"}
RESULT: {"using":"xpath","value":"//input[contains(@id ,\"requestContractNo-inner\")]"}
COMMAND: GET /session/b614b8bdf87ea745e2832f5d1487871c/element/f.E141158646C81433446781BCB2447156.d.24D37ACE8BD497BAE07769BD570850CB.e.5422/enabled - {}
RESULT: {}
RESULT: {"text":"10219"}
COMMAND: GET /session/b614b8bdf87ea745e2832f5d1487871c/screenshot - {}
RESULT: {}
COMMAND: GET /session/b614b8bdf87ea745e2832f5d1487871c/screenshot - {}
RESULT: {}
RESULT: {}
COMMAND: POST /session/b614b8bdf87ea745e2832f5d1487871c/actions - {"actions":[{"id":"action24","type":"key","parameters":{},"actions":[{"type":"keyDown","value":"î€‡"},{"type":"pause","duration":10},{"type":"keyUp","value":"î€‡"}]}]}
RESULT: {"actions":[{"id":"action24","type":"key","parameters":{},"actions":[{"type":"keyDown","value":"î€‡"},{"type":"pause","duration":10},{"type":"keyUp","value":"î€‡"}]}]}
COMMAND: GET /session/b614b8bdf87ea745e2832f5d1487871c/screenshot - {}
RESULT: {}
COMMAND: POST /session/b614b8bdf87ea745e2832f5d1487871c/execute/async - {"script":"<script> [1562 bytes]","args":[{"selector":{"controlType":"sap.ui.core.Icon","viewName":"etm.portal.ui.managerequests.view.NewRequest","properties":{"src":{"regex":{"source":"add"}}}},"wdio_ui5_key":"etmportal.ui.managerequests.view.NewRequestsap.ui.core.Icon{\"src\":{\"regex\":{\"source\":\"add\"}}}"}]}
RESULT: {"script":"<script> [1562 bytes]","args":[{"selector":{"controlType":"sap.ui.core.Icon","viewName":"etm.portal.ui.managerequests.view.NewRequest","properties":{"src":{"regex":{"source":"add"}}}},"wdio_ui5_key":"etmportal.ui.managerequests.view.NewRequestsap.ui.core.Icon{\"src\":{\"regex\":{\"source\":\"add\"}}}"}]}
RESULT: undefined
COMMAND: POST /session/b614b8bdf87ea745e2832f5d1487871c/element - {"using":"xpath","value":"//*[@id=\"__xmlview61--btnAddTableRow-img\"]"}
RESULT: {"using":"xpath","value":"//*[@id=\"__xmlview61--btnAddTableRow-img\"]"}
COMMAND: POST /session/b614b8bdf87ea745e2832f5d1487871c/element/f.E141158646C81433446781BCB2447156.d.24D37ACE8BD497BAE07769BD570850CB.e.5612/click - {}
RESULT: {}
COMMAND: GET /session/b614b8bdf87ea745e2832f5d1487871c/screenshot - {}
RESULT: {}
COMMAND: POST /session/b614b8bdf87ea745e2832f5d1487871c/execute/async - {"script":"<script> [1562 bytes]","args":[{"selector":{"controlType":"sap.ui.unified.MenuItem","viewName":"etm.portal.ui.managerequests.view.NewRequest","i18NText":{"propertyName":"text","key":"standardEntry"},"searchOpenDialogs":true,"interaction":{"idSuffix":"txt"}},"wdio_ui5_key":"etmportal.ui.managerequests.view.NewRequestsap.ui.unified.MenuItem{\"propertyName\":\"text\",\"key\":\"standardEntry\"}"}]}
RESULT: {"script":"<script> [1562 bytes]","args":[{"selector":{"controlType":"sap.ui.unified.MenuItem","viewName":"etm.portal.ui.managerequests.view.NewRequest","i18NText":{"propertyName":"text","key":"standardEntry"},"searchOpenDialogs":true,"interaction":{"idSuffix":"txt"}},"wdio_ui5_key":"etmportal.ui.managerequests.view.NewRequestsap.ui.unified.MenuItem{\"propertyName\":\"text\",\"key\":\"standardEntry\"}"}]}
RESULT: undefined
COMMAND: POST /session/b614b8bdf87ea745e2832f5d1487871c/element - {"using":"xpath","value":"//*[@id=\"__item1407\"]"}
RESULT: {"using":"xpath","value":"//*[@id=\"__item1407\"]"}
COMMAND: POST /session/b614b8bdf87ea745e2832f5d1487871c/element/f.E141158646C81433446781BCB2447156.d.24D37ACE8BD497BAE07769BD570850CB.e.5616/click - {}
RESULT: {}
COMMAND: GET /session/b614b8bdf87ea745e2832f5d1487871c/screenshot - {}
RESULT: {}
RESULT: undefined
COMMAND: POST /session/b614b8bdf87ea745e2832f5d1487871c/element - {"using":"xpath","value":"//*[@id=\"__xmlview61--btnAddTableRow-img\"]"}
RESULT: {"using":"xpath","value":"//*[@id=\"__xmlview61--btnAddTableRow-img\"]"}
COMMAND: POST /session/b614b8bdf87ea745e2832f5d1487871c/element/f.E141158646C81433446781BCB2447156.d.24D37ACE8BD497BAE07769BD570850CB.e.5612/click - {}
RESULT: {}
COMMAND: GET /session/b614b8bdf87ea745e2832f5d1487871c/screenshot - {}
RESULT: {}
RESULT: undefined
COMMAND: POST /session/b614b8bdf87ea745e2832f5d1487871c/element - {"using":"xpath","value":"//*[@id=\"__item1407\"]"}
RESULT: {"using":"xpath","value":"//*[@id=\"__item1407\"]"}
COMMAND: POST /session/b614b8bdf87ea745e2832f5d1487871c/element/f.E141158646C81433446781BCB2447156.d.24D37ACE8BD497BAE07769BD570850CB.e.5628/click - {}
RESULT: {}
COMMAND: GET /session/b614b8bdf87ea745e2832f5d1487871c/screenshot - {}
RESULT: {}
COMMAND: POST /session/b614b8bdf87ea745e2832f5d1487871c/element - {"using":"xpath","value":"(//input[contains(@id ,\"requestItemsTable-0-inner\")])[1]"}
RESULT: {"using":"xpath","value":"(//input[contains(@id ,\"requestItemsTable-0-inner\")])[1]"}
COMMAND: POST /session/b614b8bdf87ea745e2832f5d1487871c/element/f.E141158646C81433446781BCB2447156.d.24D37ACE8BD497BAE07769BD570850CB.e.5618/clear - {}
RESULT: {}
COMMAND: POST /session/b614b8bdf87ea745e2832f5d1487871c/element/f.E141158646C81433446781BCB2447156.d.24D37ACE8BD497BAE07769BD570850CB.e.5618/value - {"text":"catalogItemamdtv"}
COMMAND: GET /session/b614b8bdf87ea745e2832f5d1487871c/screenshot - {}
RESULT: {"text":"catalogItemamdtv"}
COMMAND: GET /session/b614b8bdf87ea745e2832f5d1487871c/screenshot - {}
RESULT: {}
RESULT: {}
COMMAND: POST /session/b614b8bdf87ea745e2832f5d1487871c/actions - {"actions":[{"id":"action25","type":"key","parameters":{},"actions":[{"type":"keyDown","value":"î€‡"},{"type":"pause","duration":10},{"type":"keyUp","value":"î€‡"}]}]}
RESULT: {"actions":[{"id":"action25","type":"key","parameters":{},"actions":[{"type":"keyDown","value":"î€‡"},{"type":"pause","duration":10},{"type":"keyUp","value":"î€‡"}]}]}
COMMAND: POST /session/b614b8bdf87ea745e2832f5d1487871c/element - {"using":"xpath","value":"(//input[contains(@id ,\"requestItemsTable-1-inner\")])[1]"}
COMMAND: GET /session/b614b8bdf87ea745e2832f5d1487871c/screenshot - {}
RESULT: {"using":"xpath","value":"(//input[contains(@id ,\"requestItemsTable-1-inner\")])[1]"}
COMMAND: POST /session/b614b8bdf87ea745e2832f5d1487871c/element/f.E141158646C81433446781BCB2447156.d.24D37ACE8BD497BAE07769BD570850CB.e.5630/clear - {}
RESULT: {}
RESULT: {}
COMMAND: POST /session/b614b8bdf87ea745e2832f5d1487871c/element/f.E141158646C81433446781BCB2447156.d.24D37ACE8BD497BAE07769BD570850CB.e.5630/value - {"text":"catalogItemamdtv"}
COMMAND: GET /session/b614b8bdf87ea745e2832f5d1487871c/screenshot - {}
RESULT: {"text":"catalogItemamdtv"}
COMMAND: GET /session/b614b8bdf87ea745e2832f5d1487871c/screenshot - {}
RESULT: {}
RESULT: {}
COMMAND: POST /session/b614b8bdf87ea745e2832f5d1487871c/actions - {"actions":[{"id":"action26","type":"key","parameters":{},"actions":[{"type":"keyDown","value":"î€‡"},{"type":"pause","duration":10},{"type":"keyUp","value":"î€‡"}]}]}
RESULT: {"actions":[{"id":"action26","type":"key","parameters":{},"actions":[{"type":"keyDown","value":"î€‡"},{"type":"pause","duration":10},{"type":"keyUp","value":"î€‡"}]}]}
COMMAND: GET /session/b614b8bdf87ea745e2832f5d1487871c/screenshot - {}
RESULT: {}
COMMAND: POST /session/b614b8bdf87ea745e2832f5d1487871c/execute/async - {"script":"<script> [1562 bytes]","args":[{"selector":{"controlType":"sap.ui.core.Icon","viewName":"etm.portal.ui.managerequests.view.NewRequest","properties":{"src":{"regex":{"source":"slim\\-arrow\\-down"}}},"ancestor":{"controlType":"sap.m.Button","viewName":"etm.portal.ui.managerequests.view.NewRequest","properties":{"icon":"sap-icon://slim-arrow-down"}}},"wdio_ui5_key":"etmportal.ui.managerequests.view.NewRequestsap.ui.core.Icon{\"src\":{\"regex\":{\"source\":\"slim\\\\-arrow\\\\-down\"}}}{\"controlType\":\"sap.m.Button\",\"viewName\":\"etm.portal.ui.managerequests.view.NewRequest\",\"properties\":{\"icon\":\"sap-icon://slim-arrow-down\"}}"}]}
RESULT: {"script":"<script> [1562 bytes]","args":[{"selector":{"controlType":"sap.ui.core.Icon","viewName":"etm.portal.ui.managerequests.view.NewRequest","properties":{"src":{"regex":{"source":"slim\\-arrow\\-down"}}},"ancestor":{"controlType":"sap.m.Button","viewName":"etm.portal.ui.managerequests.view.NewRequest","properties":{"icon":"sap-icon://slim-arrow-down"}}},"wdio_ui5_key":"etmportal.ui.managerequests.view.NewRequestsap.ui.core.Icon{\"src\":{\"regex\":{\"source\":\"slim\\\\-arrow\\\\-down\"}}}{\"controlType\":\"sap.m.Button\",\"viewName\":\"etm.portal.ui.managerequests.view.NewRequest\",\"properties\":{\"icon\":\"sap-icon://slim-arrow-down\"}}"}]}
RESULT: undefined
COMMAND: POST /session/b614b8bdf87ea745e2832f5d1487871c/element - {"using":"xpath","value":"//*[@id=\"__title45-expandBtn-img\"]"}
RESULT: {"using":"xpath","value":"//*[@id=\"__title45-expandBtn-img\"]"}
COMMAND: POST /session/b614b8bdf87ea745e2832f5d1487871c/element/f.E141158646C81433446781BCB2447156.d.24D37ACE8BD497BAE07769BD570850CB.e.5650/click - {}
RESULT: {}
COMMAND: POST /session/b614b8bdf87ea745e2832f5d1487871c/element - {"using":"xpath","value":"//div[contains(@data-kt ,\"splitAllocationObjectStatus\")]"}
COMMAND: GET /session/b614b8bdf87ea745e2832f5d1487871c/screenshot - {}
RESULT: {}
RESULT: {"using":"xpath","value":"//div[contains(@data-kt ,\"splitAllocationObjectStatus\")]"}
COMMAND: POST /session/b614b8bdf87ea745e2832f5d1487871c/elements - {"using":"xpath","value":"//div[contains(@data-kt ,\"splitAllocationObjectStatus\")]"}
RESULT: {"using":"xpath","value":"//div[contains(@data-kt ,\"splitAllocationObjectStatus\")]"}
COMMAND: POST /session/b614b8bdf87ea745e2832f5d1487871c/execute/async - {"script":"<script> [1562 bytes]","args":[{"selector":{"controlType":"sap.ui.core.Icon","viewName":"etm.portal.ui.managerequests.view.NewRequest","properties":{"src":{"regex":{"source":"message\\-error"}}},"ancestor":{"controlType":"sap.m.ColumnListItem","viewName":"etm.portal.ui.managerequests.view.NewRequest","bindingPath":{"modelName":"newRequestItems","path":"/RequestItems/0"},"ancestor":{"id":"requestItemsTable","viewName":"etm.portal.ui.managerequests.view.NewRequest"}}},"wdio_ui5_key":"etmportal.ui.managerequests.view.NewRequestsap.ui.core.Icon{\"src\":{\"regex\":{\"source\":\"message\\\\-error\"}}}{\"controlType\":\"sap.m.ColumnListItem\",\"viewName\":\"etm.portal.ui.managerequests.view.NewRequest\",\"bindingPath\":{\"modelName\":\"newRequestItems\",\"path\":\"/RequestItems/0\"},\"ancestor\":{\"id\":\"requestItemsTable\",\"viewName\":\"etm.portal.ui.managerequests.view.NewRequest\"}}"}]}
RESULT: {"script":"<script> [1562 bytes]","args":[{"selector":{"controlType":"sap.ui.core.Icon","viewName":"etm.portal.ui.managerequests.view.NewRequest","properties":{"src":{"regex":{"source":"message\\-error"}}},"ancestor":{"controlType":"sap.m.ColumnListItem","viewName":"etm.portal.ui.managerequests.view.NewRequest","bindingPath":{"modelName":"newRequestItems","path":"/RequestItems/0"},"ancestor":{"id":"requestItemsTable","viewName":"etm.portal.ui.managerequests.view.NewRequest"}}},"wdio_ui5_key":"etmportal.ui.managerequests.view.NewRequestsap.ui.core.Icon{\"src\":{\"regex\":{\"source\":\"message\\\\-error\"}}}{\"controlType\":\"sap.m.ColumnListItem\",\"viewName\":\"etm.portal.ui.managerequests.view.NewRequest\",\"bindingPath\":{\"modelName\":\"newRequestItems\",\"path\":\"/RequestItems/0\"},\"ancestor\":{\"id\":\"requestItemsTable\",\"viewName\":\"etm.portal.ui.managerequests.view.NewRequest\"}}"}]}
RESULT: undefined
COMMAND: POST /session/b614b8bdf87ea745e2832f5d1487871c/element - {"using":"xpath","value":"//*[@id=\"__status15-__xmlview61--requestItemsTable-0-icon\"]"}
RESULT: {"using":"xpath","value":"//*[@id=\"__status15-__xmlview61--requestItemsTable-0-icon\"]"}
COMMAND: POST /session/b614b8bdf87ea745e2832f5d1487871c/element/f.E141158646C81433446781BCB2447156.d.24D37ACE8BD497BAE07769BD570850CB.e.5656/click - {}
RESULT: {}
COMMAND: GET /session/b614b8bdf87ea745e2832f5d1487871c/screenshot - {}
RESULT: {}
COMMAND: POST /session/b614b8bdf87ea745e2832f5d1487871c/execute/async - {"script":"<script> [1562 bytes]","args":[{"selector":{"id":"costObjectAdminTypeComboBox","viewName":"etm.portal.ui.managerequests.view.NewRequest","searchOpenDialogs":true,"interaction":{"idSuffix":"inner"}},"wdio_ui5_key":"costObjectAdminTypeComboBoxetmportal.ui.managerequests.view.NewRequest"}]}
RESULT: {"script":"<script> [1562 bytes]","args":[{"selector":{"id":"costObjectAdminTypeComboBox","viewName":"etm.portal.ui.managerequests.view.NewRequest","searchOpenDialogs":true,"interaction":{"idSuffix":"inner"}},"wdio_ui5_key":"costObjectAdminTypeComboBoxetmportal.ui.managerequests.view.NewRequest"}]}
RESULT: undefined
COMMAND: POST /session/b614b8bdf87ea745e2832f5d1487871c/execute/async - {"script":"<script> [776 bytes]","args":[{"enterText":"Cost Center","selector":{"id":"costObjectAdminTypeComboBox","viewName":"etm.portal.ui.managerequests.view.NewRequest","searchOpenDialogs":true,"interaction":{"idSuffix":"inner"}},"clearTextFirst":true,"interactionType":"ENTER_TEXT"}]}
RESULT: {"script":"<script> [776 bytes]","args":[{"enterText":"Cost Center","selector":{"id":"costObjectAdminTypeComboBox","viewName":"etm.portal.ui.managerequests.view.NewRequest","searchOpenDialogs":true,"interaction":{"idSuffix":"inner"}},"clearTextFirst":true,"interactionType":"ENTER_TEXT"}]}
COMMAND: POST /session/b614b8bdf87ea745e2832f5d1487871c/actions - {"actions":[{"id":"action27","type":"key","parameters":{},"actions":[{"type":"keyDown","value":"î€‡"},{"type":"pause","duration":10},{"type":"keyUp","value":"î€‡"}]}]}
RESULT: {"actions":[{"id":"action27","type":"key","parameters":{},"actions":[{"type":"keyDown","value":"î€‡"},{"type":"pause","duration":10},{"type":"keyUp","value":"î€‡"}]}]}
COMMAND: GET /session/b614b8bdf87ea745e2832f5d1487871c/screenshot - {}
RESULT: {}
COMMAND: POST /session/b614b8bdf87ea745e2832f5d1487871c/execute/async - {"script":"<script> [1562 bytes]","args":[{"selector":{"controlType":"sap.ui.core.Icon","viewName":"etm.portal.ui.managerequests.view.NewRequest","properties":{"src":{"regex":{"source":"value\\-help"}}},"searchOpenDialogs":true},"wdio_ui5_key":"etmportal.ui.managerequests.view.NewRequestsap.ui.core.Icon{\"src\":{\"regex\":{\"source\":\"value\\\\-help\"}}}"}]}
RESULT: {"script":"<script> [1562 bytes]","args":[{"selector":{"controlType":"sap.ui.core.Icon","viewName":"etm.portal.ui.managerequests.view.NewRequest","properties":{"src":{"regex":{"source":"value\\-help"}}},"searchOpenDialogs":true},"wdio_ui5_key":"etmportal.ui.managerequests.view.NewRequestsap.ui.core.Icon{\"src\":{\"regex\":{\"source\":\"value\\\\-help\"}}}"}]}
RESULT: undefined
COMMAND: POST /session/b614b8bdf87ea745e2832f5d1487871c/element - {"using":"xpath","value":"//*[@id=\"__xmlview61--costObjectIdComboBox-vhi\"]"}
RESULT: {"using":"xpath","value":"//*[@id=\"__xmlview61--costObjectIdComboBox-vhi\"]"}
COMMAND: POST /session/b614b8bdf87ea745e2832f5d1487871c/element/f.E141158646C81433446781BCB2447156.d.24D37ACE8BD497BAE07769BD570850CB.e.5668/click - {}
RESULT: {}
COMMAND: POST /session/b614b8bdf87ea745e2832f5d1487871c/execute/async - {"script":"<script> [1562 bytes]","args":[{"selector":{"controlType":"sap.m.SearchField","properties":{"placeholder":"Search"},"searchOpenDialogs":true,"interaction":{"idSuffix":"I"}},"wdio_ui5_key":"sapm.SearchField{\"placeholder\":\"Search\"}"}]}
COMMAND: GET /session/b614b8bdf87ea745e2832f5d1487871c/screenshot - {}
RESULT: {"script":"<script> [1562 bytes]","args":[{"selector":{"controlType":"sap.m.SearchField","properties":{"placeholder":"Search"},"searchOpenDialogs":true,"interaction":{"idSuffix":"I"}},"wdio_ui5_key":"sapm.SearchField{\"placeholder\":\"Search\"}"}]}
RESULT: undefined
COMMAND: POST /session/b614b8bdf87ea745e2832f5d1487871c/execute/async - {"script":"<script> [776 bytes]","args":[{"enterText":"10001013","selector":{"controlType":"sap.m.SearchField","properties":{"placeholder":"Search"},"searchOpenDialogs":true,"interaction":{"idSuffix":"I"}},"clearTextFirst":true,"interactionType":"ENTER_TEXT"}]}
RESULT: {}
RESULT: {"script":"<script> [776 bytes]","args":[{"enterText":"10001013","selector":{"controlType":"sap.m.SearchField","properties":{"placeholder":"Search"},"searchOpenDialogs":true,"interaction":{"idSuffix":"I"}},"clearTextFirst":true,"interactionType":"ENTER_TEXT"}]}
COMMAND: POST /session/b614b8bdf87ea745e2832f5d1487871c/actions - {"actions":[{"id":"action28","type":"key","parameters":{},"actions":[{"type":"keyDown","value":"î€‡"},{"type":"pause","duration":10},{"type":"keyUp","value":"î€‡"}]}]}
RESULT: {"actions":[{"id":"action28","type":"key","parameters":{},"actions":[{"type":"keyDown","value":"î€‡"},{"type":"pause","duration":10},{"type":"keyUp","value":"î€‡"}]}]}
COMMAND: GET /session/b614b8bdf87ea745e2832f5d1487871c/screenshot - {}
RESULT: {}
COMMAND: POST /session/b614b8bdf87ea745e2832f5d1487871c/element - {"using":"xpath","value":"//span[contains(text(), \"General Management\")]"}
RESULT: {"using":"xpath","value":"//span[contains(text(), \"General Management\")]"}
COMMAND: POST /session/b614b8bdf87ea745e2832f5d1487871c/element/f.E141158646C81433446781BCB2447156.d.24D37ACE8BD497BAE07769BD570850CB.e.5709/click - {}
RESULT: {}
COMMAND: GET /session/b614b8bdf87ea745e2832f5d1487871c/screenshot - {}
RESULT: {}
COMMAND: POST /session/b614b8bdf87ea745e2832f5d1487871c/element - {"using":"xpath","value":"//bdi[contains(text(), \"OK\")]"}
RESULT: {"using":"xpath","value":"//bdi[contains(text(), \"OK\")]"}
COMMAND: POST /session/b614b8bdf87ea745e2832f5d1487871c/element/f.E141158646C81433446781BCB2447156.d.24D37ACE8BD497BAE07769BD570850CB.e.5710/click - {}
RESULT: {}
COMMAND: GET /session/b614b8bdf87ea745e2832f5d1487871c/screenshot - {}
RESULT: {}
COMMAND: POST /session/b614b8bdf87ea745e2832f5d1487871c/element - {"using":"xpath","value":"(//bdi[contains(@id ,\"BDI-content\")][contains(text(), \"Save\")])[1]"}
RESULT: {"using":"xpath","value":"(//bdi[contains(@id ,\"BDI-content\")][contains(text(), \"Save\")])[1]"}
COMMAND: POST /session/b614b8bdf87ea745e2832f5d1487871c/element/f.E141158646C81433446781BCB2447156.d.24D37ACE8BD497BAE07769BD570850CB.e.5714/click - {}
RESULT: {}
COMMAND: GET /session/b614b8bdf87ea745e2832f5d1487871c/screenshot - {}
RESULT: {}
COMMAND: POST /session/b614b8bdf87ea745e2832f5d1487871c/execute/async - {"script":"<script> [1562 bytes]","args":[{"selector":{"controlType":"sap.ui.core.Icon","viewName":"etm.portal.ui.managerequests.view.NewRequest","properties":{"src":{"regex":{"source":"message\\-error"}}},"ancestor":{"controlType":"sap.m.ColumnListItem","viewName":"etm.portal.ui.managerequests.view.NewRequest","bindingPath":{"modelName":"newRequestItems","path":"/RequestItems/1"},"ancestor":{"id":"requestItemsTable","viewName":"etm.portal.ui.managerequests.view.NewRequest"}}},"wdio_ui5_key":"etmportal.ui.managerequests.view.NewRequestsap.ui.core.Icon{\"src\":{\"regex\":{\"source\":\"message\\\\-error\"}}}{\"controlType\":\"sap.m.ColumnListItem\",\"viewName\":\"etm.portal.ui.managerequests.view.NewRequest\",\"bindingPath\":{\"modelName\":\"newRequestItems\",\"path\":\"/RequestItems/1\"},\"ancestor\":{\"id\":\"requestItemsTable\",\"viewName\":\"etm.portal.ui.managerequests.view.NewRequest\"}}"}]}
RESULT: {"script":"<script> [1562 bytes]","args":[{"selector":{"controlType":"sap.ui.core.Icon","viewName":"etm.portal.ui.managerequests.view.NewRequest","properties":{"src":{"regex":{"source":"message\\-error"}}},"ancestor":{"controlType":"sap.m.ColumnListItem","viewName":"etm.portal.ui.managerequests.view.NewRequest","bindingPath":{"modelName":"newRequestItems","path":"/RequestItems/1"},"ancestor":{"id":"requestItemsTable","viewName":"etm.portal.ui.managerequests.view.NewRequest"}}},"wdio_ui5_key":"etmportal.ui.managerequests.view.NewRequestsap.ui.core.Icon{\"src\":{\"regex\":{\"source\":\"message\\\\-error\"}}}{\"controlType\":\"sap.m.ColumnListItem\",\"viewName\":\"etm.portal.ui.managerequests.view.NewRequest\",\"bindingPath\":{\"modelName\":\"newRequestItems\",\"path\":\"/RequestItems/1\"},\"ancestor\":{\"id\":\"requestItemsTable\",\"viewName\":\"etm.portal.ui.managerequests.view.NewRequest\"}}"}]}
RESULT: undefined
COMMAND: POST /session/b614b8bdf87ea745e2832f5d1487871c/element - {"using":"xpath","value":"//*[@id=\"__status15-__xmlview61--requestItemsTable-1-icon\"]"}
RESULT: {"using":"xpath","value":"//*[@id=\"__status15-__xmlview61--requestItemsTable-1-icon\"]"}
COMMAND: POST /session/b614b8bdf87ea745e2832f5d1487871c/element/f.E141158646C81433446781BCB2447156.d.24D37ACE8BD497BAE07769BD570850CB.e.5717/click - {}
RESULT: {}
COMMAND: GET /session/b614b8bdf87ea745e2832f5d1487871c/screenshot - {}
RESULT: {}
RESULT: undefined
COMMAND: POST /session/b614b8bdf87ea745e2832f5d1487871c/execute/async - {"script":"<script> [776 bytes]","args":[{"enterText":"Cost Center","selector":{"id":"costObjectAdminTypeComboBox","viewName":"etm.portal.ui.managerequests.view.NewRequest","searchOpenDialogs":true,"interaction":{"idSuffix":"inner"}},"clearTextFirst":true,"interactionType":"ENTER_TEXT"}]}
RESULT: {"script":"<script> [776 bytes]","args":[{"enterText":"Cost Center","selector":{"id":"costObjectAdminTypeComboBox","viewName":"etm.portal.ui.managerequests.view.NewRequest","searchOpenDialogs":true,"interaction":{"idSuffix":"inner"}},"clearTextFirst":true,"interactionType":"ENTER_TEXT"}]}
COMMAND: POST /session/b614b8bdf87ea745e2832f5d1487871c/actions - {"actions":[{"id":"action29","type":"key","parameters":{},"actions":[{"type":"keyDown","value":"î€‡"},{"type":"pause","duration":10},{"type":"keyUp","value":"î€‡"}]}]}
RESULT: {"actions":[{"id":"action29","type":"key","parameters":{},"actions":[{"type":"keyDown","value":"î€‡"},{"type":"pause","duration":10},{"type":"keyUp","value":"î€‡"}]}]}
COMMAND: GET /session/b614b8bdf87ea745e2832f5d1487871c/screenshot - {}
RESULT: {}
RESULT: undefined
COMMAND: POST /session/b614b8bdf87ea745e2832f5d1487871c/element - {"using":"xpath","value":"//*[@id=\"__xmlview61--costObjectIdComboBox-vhi\"]"}
RESULT: {"using":"xpath","value":"//*[@id=\"__xmlview61--costObjectIdComboBox-vhi\"]"}
COMMAND: POST /session/b614b8bdf87ea745e2832f5d1487871c/element/f.E141158646C81433446781BCB2447156.d.24D37ACE8BD497BAE07769BD570850CB.e.5727/click - {}
RESULT: {}
RESULT: undefined
COMMAND: POST /session/b614b8bdf87ea745e2832f5d1487871c/execute/async - {"script":"<script> [776 bytes]","args":[{"enterText":"10001013","selector":{"controlType":"sap.m.SearchField","properties":{"placeholder":"Search"},"searchOpenDialogs":true,"interaction":{"idSuffix":"I"}},"clearTextFirst":true,"interactionType":"ENTER_TEXT"}]}
COMMAND: GET /session/b614b8bdf87ea745e2832f5d1487871c/screenshot - {}
RESULT: {"script":"<script> [776 bytes]","args":[{"enterText":"10001013","selector":{"controlType":"sap.m.SearchField","properties":{"placeholder":"Search"},"searchOpenDialogs":true,"interaction":{"idSuffix":"I"}},"clearTextFirst":true,"interactionType":"ENTER_TEXT"}]}
COMMAND: POST /session/b614b8bdf87ea745e2832f5d1487871c/actions - {"actions":[{"id":"action30","type":"key","parameters":{},"actions":[{"type":"keyDown","value":"î€‡"},{"type":"pause","duration":10},{"type":"keyUp","value":"î€‡"}]}]}
RESULT: {}
RESULT: {"actions":[{"id":"action30","type":"key","parameters":{},"actions":[{"type":"keyDown","value":"î€‡"},{"type":"pause","duration":10},{"type":"keyUp","value":"î€‡"}]}]}
COMMAND: GET /session/b614b8bdf87ea745e2832f5d1487871c/screenshot - {}
RESULT: {}
COMMAND: POST /session/b614b8bdf87ea745e2832f5d1487871c/element - {"using":"xpath","value":"//span[contains(text(), \"General Management\")]"}
RESULT: {"using":"xpath","value":"//span[contains(text(), \"General Management\")]"}
COMMAND: POST /session/b614b8bdf87ea745e2832f5d1487871c/element/f.E141158646C81433446781BCB2447156.d.24D37ACE8BD497BAE07769BD570850CB.e.5767/click - {}
RESULT: {}
COMMAND: GET /session/b614b8bdf87ea745e2832f5d1487871c/screenshot - {}
RESULT: {}
COMMAND: POST /session/b614b8bdf87ea745e2832f5d1487871c/element - {"using":"xpath","value":"//bdi[contains(text(), \"OK\")]"}
RESULT: {"using":"xpath","value":"//bdi[contains(text(), \"OK\")]"}
COMMAND: POST /session/b614b8bdf87ea745e2832f5d1487871c/element/f.E141158646C81433446781BCB2447156.d.24D37ACE8BD497BAE07769BD570850CB.e.5768/click - {}
RESULT: {}
COMMAND: GET /session/b614b8bdf87ea745e2832f5d1487871c/screenshot - {}
RESULT: {}
COMMAND: POST /session/b614b8bdf87ea745e2832f5d1487871c/element - {"using":"xpath","value":"(//bdi[contains(@id ,\"BDI-content\")][contains(text(), \"Save\")])[1]"}
RESULT: {"using":"xpath","value":"(//bdi[contains(@id ,\"BDI-content\")][contains(text(), \"Save\")])[1]"}
COMMAND: POST /session/b614b8bdf87ea745e2832f5d1487871c/element/f.E141158646C81433446781BCB2447156.d.24D37ACE8BD497BAE07769BD570850CB.e.5772/click - {}
RESULT: {}
COMMAND: GET /session/b614b8bdf87ea745e2832f5d1487871c/screenshot - {}
RESULT: {}
COMMAND: POST /session/b614b8bdf87ea745e2832f5d1487871c/execute/async - {"script":"<script> [1562 bytes]","args":[{"selector":{"controlType":"sap.m.Button","viewName":"etm.portal.ui.managerequests.view.NewRequest","i18NText":{"propertyName":"tooltip","key":"save"},"interaction":{"idSuffix":"content"}},"wdio_ui5_key":"etmportal.ui.managerequests.view.NewRequestsap.m.Button{\"propertyName\":\"tooltip\",\"key\":\"save\"}"}]}
RESULT: {"script":"<script> [1562 bytes]","args":[{"selector":{"controlType":"sap.m.Button","viewName":"etm.portal.ui.managerequests.view.NewRequest","i18NText":{"propertyName":"tooltip","key":"save"},"interaction":{"idSuffix":"content"}},"wdio_ui5_key":"etmportal.ui.managerequests.view.NewRequestsap.m.Button{\"propertyName\":\"tooltip\",\"key\":\"save\"}"}]}
RESULT: undefined
COMMAND: POST /session/b614b8bdf87ea745e2832f5d1487871c/element - {"using":"xpath","value":"//*[@id=\"__button101\"]"}
RESULT: {"using":"xpath","value":"//*[@id=\"__button101\"]"}
COMMAND: POST /session/b614b8bdf87ea745e2832f5d1487871c/element/f.E141158646C81433446781BCB2447156.d.24D37ACE8BD497BAE07769BD570850CB.e.5504/click - {}
RESULT: {}
COMMAND: GET /session/b614b8bdf87ea745e2832f5d1487871c/screenshot - {}
RESULT: {}
COMMAND: POST /session/b614b8bdf87ea745e2832f5d1487871c/execute/async - {"script":"<script> [1562 bytes]","args":[{"selector":{"controlType":"sap.m.Title","properties":{"text":"Success"},"searchOpenDialogs":true},"wdio_ui5_key":"sapm.Title{\"text\":\"Success\"}"}]}
RESULT: {"script":"<script> [1562 bytes]","args":[{"selector":{"controlType":"sap.m.Title","properties":{"text":"Success"},"searchOpenDialogs":true},"wdio_ui5_key":"sapm.Title{\"text\":\"Success\"}"}]}
RESULT: undefined
COMMAND: POST /session/b614b8bdf87ea745e2832f5d1487871c/execute/async - {"script":"<script> [6424 bytes]","args":[{"element-6066-11e4-a52e-4f735466cecf":"f.E141158646C81433446781BCB2447156.d.24D37ACE8BD497BAE07769BD570850CB.e.5779"},"getText",[]]}
RESULT: {"script":"<script> [6424 bytes]","args":[{"element-6066-11e4-a52e-4f735466cecf":"f.E141158646C81433446781BCB2447156.d.24D37ACE8BD497BAE07769BD570850CB.e.5779"},"getText",[]]}
COMMAND: POST /session/b614b8bdf87ea745e2832f5d1487871c/execute/async - {"script":"<script> [1562 bytes]","args":[{"selector":{"controlType":"sap.m.Button","properties":{"text":"Close"},"searchOpenDialogs":true,"interaction":{"idSuffix":"BDI-content"}},"wdio_ui5_key":"sapm.Button{\"text\":\"Close\"}"}]}
RESULT: {"script":"<script> [1562 bytes]","args":[{"selector":{"controlType":"sap.m.Button","properties":{"text":"Close"},"searchOpenDialogs":true,"interaction":{"idSuffix":"BDI-content"}},"wdio_ui5_key":"sapm.Button{\"text\":\"Close\"}"}]}
RESULT: undefined
COMMAND: POST /session/b614b8bdf87ea745e2832f5d1487871c/element - {"using":"xpath","value":"//*[@id=\"__mbox-btn-4\"]"}
RESULT: {"using":"xpath","value":"//*[@id=\"__mbox-btn-4\"]"}
COMMAND: POST /session/b614b8bdf87ea745e2832f5d1487871c/element/f.E141158646C81433446781BCB2447156.d.24D37ACE8BD497BAE07769BD570850CB.e.5777/click - {}
RESULT: {}
COMMAND: GET /session/b614b8bdf87ea745e2832f5d1487871c/screenshot - {}
RESULT: {}
COMMAND: POST /session/b614b8bdf87ea745e2832f5d1487871c/execute/async - {"script":"<script> [1562 bytes]","args":[{"selector":{"controlType":"sap.m.Text","viewName":"etm.portal.ui.managerequests.view.Detail","bindingPath":{"propertyPath":"NO","modelName":"catalogModel"}},"wdio_ui5_key":"etmportal.ui.managerequests.view.Detailsap.m.Text{\"propertyPath\":\"NO\",\"modelName\":\"catalogModel\"}"}]}
RESULT: {"script":"<script> [1562 bytes]","args":[{"selector":{"controlType":"sap.m.Text","viewName":"etm.portal.ui.managerequests.view.Detail","bindingPath":{"propertyPath":"NO","modelName":"catalogModel"}},"wdio_ui5_key":"etmportal.ui.managerequests.view.Detailsap.m.Text{\"propertyPath\":\"NO\",\"modelName\":\"catalogModel\"}"}]}
RESULT: undefined
COMMAND: POST /session/b614b8bdf87ea745e2832f5d1487871c/execute/async - {"script":"<script> [6424 bytes]","args":[{"element-6066-11e4-a52e-4f735466cecf":"f.E141158646C81433446781BCB2447156.d.24D37ACE8BD497BAE07769BD570850CB.e.5910"},"getText",[]]}
RESULT: {"script":"<script> [6424 bytes]","args":[{"element-6066-11e4-a52e-4f735466cecf":"f.E141158646C81433446781BCB2447156.d.24D37ACE8BD497BAE07769BD570850CB.e.5910"},"getText",[]]}
COMMAND: POST /session/b614b8bdf87ea745e2832f5d1487871c/execute/async - {"script":"<script> [1562 bytes]","args":[{"selector":{"controlType":"sap.ui.core.Icon","viewName":"etm.portal.ui.managerequests.view.Detail","properties":{"src":{"regex":{"source":"date\\-time"}}},"ancestor":{"controlType":"sap.m.ColumnListItem","viewName":"etm.portal.ui.managerequests.view.Detail","bindingPath":{"path":"/SmartRequestItemsPlanningBoard(ITEM=10m,REQUEST='20105')"},"ancestor":{"id":"requestItemsTable","viewName":"etm.portal.ui.managerequests.view.Detail"}}},"wdio_ui5_key":"etmportal.ui.managerequests.view.Detailsap.ui.core.Icon{\"src\":{\"regex\":{\"source\":\"date\\\\-time\"}}}{\"controlType\":\"sap.m.ColumnListItem\",\"viewName\":\"etm.portal.ui.managerequests.view.Detail\",\"bindingPath\":{\"path\":\"/SmartRequestItemsPlanningBoard(ITEM=10m,REQUEST='20105')\"},\"ancestor\":{\"id\":\"requestItemsTable\",\"viewName\":\"etm.portal.ui.managerequests.view.Detail\"}}"}]}
RESULT: {"script":"<script> [1562 bytes]","args":[{"selector":{"controlType":"sap.ui.core.Icon","viewName":"etm.portal.ui.managerequests.view.Detail","properties":{"src":{"regex":{"source":"date\\-time"}}},"ancestor":{"controlType":"sap.m.ColumnListItem","viewName":"etm.portal.ui.managerequests.view.Detail","bindingPath":{"path":"/SmartRequestItemsPlanningBoard(ITEM=10m,REQUEST='20105')"},"ancestor":{"id":"requestItemsTable","viewName":"etm.portal.ui.managerequests.view.Detail"}}},"wdio_ui5_key":"etmportal.ui.managerequests.view.Detailsap.ui.core.Icon{\"src\":{\"regex\":{\"source\":\"date\\\\-time\"}}}{\"controlType\":\"sap.m.ColumnListItem\",\"viewName\":\"etm.portal.ui.managerequests.view.Detail\",\"bindingPath\":{\"path\":\"/SmartRequestItemsPlanningBoard(ITEM=10m,REQUEST='20105')\"},\"ancestor\":{\"id\":\"requestItemsTable\",\"viewName\":\"etm.portal.ui.managerequests.view.Detail\"}}"}]}
RESULT: undefined
COMMAND: POST /session/b614b8bdf87ea745e2832f5d1487871c/element - {"using":"xpath","value":"//*[@id=\"__button129-__clone5702-img\"]"}
RESULT: {"using":"xpath","value":"//*[@id=\"__button129-__clone5702-img\"]"}
COMMAND: POST /session/b614b8bdf87ea745e2832f5d1487871c/element/f.E141158646C81433446781BCB2447156.d.24D37ACE8BD497BAE07769BD570850CB.e.5911/click - {}
RESULT: {}
COMMAND: POST /session/b614b8bdf87ea745e2832f5d1487871c/execute/async - {"script":"<script> [1562 bytes]","args":[{"selector":{"controlType":"sap.m.Button","viewName":"etm.portal.ui.managerequests.view.Detail","properties":{"text":"Close"},"searchOpenDialogs":true,"interaction":{"idSuffix":"BDI-content"}},"wdio_ui5_key":"etmportal.ui.managerequests.view.Detailsap.m.Button{\"text\":\"Close\"}"}]}
COMMAND: GET /session/b614b8bdf87ea745e2832f5d1487871c/screenshot - {}
RESULT: {"script":"<script> [1562 bytes]","args":[{"selector":{"controlType":"sap.m.Button","viewName":"etm.portal.ui.managerequests.view.Detail","properties":{"text":"Close"},"searchOpenDialogs":true,"interaction":{"idSuffix":"BDI-content"}},"wdio_ui5_key":"etmportal.ui.managerequests.view.Detailsap.m.Button{\"text\":\"Close\"}"}]}
RESULT: undefined
COMMAND: POST /session/b614b8bdf87ea745e2832f5d1487871c/element - {"using":"xpath","value":"//*[@id=\"__button137\"]"}
RESULT: {}
RESULT: {"using":"xpath","value":"//*[@id=\"__button137\"]"}
COMMAND: POST /session/b614b8bdf87ea745e2832f5d1487871c/element/f.E141158646C81433446781BCB2447156.d.24D37ACE8BD497BAE07769BD570850CB.e.5914/click - {}
RESULT: {}
COMMAND: POST /session/b614b8bdf87ea745e2832f5d1487871c/execute/async - {"script":"<script> [1562 bytes]","args":[{"selector":{"controlType":"sap.ui.core.Icon","viewName":"etm.portal.ui.managerequests.view.Detail","properties":{"src":{"regex":{"source":"date\\-time"}}},"ancestor":{"controlType":"sap.m.ColumnListItem","viewName":"etm.portal.ui.managerequests.view.Detail","bindingPath":{"path":"/SmartRequestItemsPlanningBoard(ITEM=20m,REQUEST='20105')"},"ancestor":{"id":"requestItemsTable","viewName":"etm.portal.ui.managerequests.view.Detail"}}},"wdio_ui5_key":"etmportal.ui.managerequests.view.Detailsap.ui.core.Icon{\"src\":{\"regex\":{\"source\":\"date\\\\-time\"}}}{\"controlType\":\"sap.m.ColumnListItem\",\"viewName\":\"etm.portal.ui.managerequests.view.Detail\",\"bindingPath\":{\"path\":\"/SmartRequestItemsPlanningBoard(ITEM=20m,REQUEST='20105')\"},\"ancestor\":{\"id\":\"requestItemsTable\",\"viewName\":\"etm.portal.ui.managerequests.view.Detail\"}}"}]}
COMMAND: GET /session/b614b8bdf87ea745e2832f5d1487871c/screenshot - {}
RESULT: {"script":"<script> [1562 bytes]","args":[{"selector":{"controlType":"sap.ui.core.Icon","viewName":"etm.portal.ui.managerequests.view.Detail","properties":{"src":{"regex":{"source":"date\\-time"}}},"ancestor":{"controlType":"sap.m.ColumnListItem","viewName":"etm.portal.ui.managerequests.view.Detail","bindingPath":{"path":"/SmartRequestItemsPlanningBoard(ITEM=20m,REQUEST='20105')"},"ancestor":{"id":"requestItemsTable","viewName":"etm.portal.ui.managerequests.view.Detail"}}},"wdio_ui5_key":"etmportal.ui.managerequests.view.Detailsap.ui.core.Icon{\"src\":{\"regex\":{\"source\":\"date\\\\-time\"}}}{\"controlType\":\"sap.m.ColumnListItem\",\"viewName\":\"etm.portal.ui.managerequests.view.Detail\",\"bindingPath\":{\"path\":\"/SmartRequestItemsPlanningBoard(ITEM=20m,REQUEST='20105')\"},\"ancestor\":{\"id\":\"requestItemsTable\",\"viewName\":\"etm.portal.ui.managerequests.view.Detail\"}}"}]}
RESULT: undefined
COMMAND: POST /session/b614b8bdf87ea745e2832f5d1487871c/element - {"using":"xpath","value":"//*[@id=\"__button129-__clone5703-img\"]"}
RESULT: {}
RESULT: {"using":"xpath","value":"//*[@id=\"__button129-__clone5703-img\"]"}
COMMAND: POST /session/b614b8bdf87ea745e2832f5d1487871c/element/f.E141158646C81433446781BCB2447156.d.24D37ACE8BD497BAE07769BD570850CB.e.5921/click - {}
RESULT: {}
RESULT: undefined
COMMAND: POST /session/b614b8bdf87ea745e2832f5d1487871c/element - {"using":"xpath","value":"//*[@id=\"__button137\"]"}
COMMAND: GET /session/b614b8bdf87ea745e2832f5d1487871c/screenshot - {}
RESULT: {"using":"xpath","value":"//*[@id=\"__button137\"]"}
COMMAND: POST /session/b614b8bdf87ea745e2832f5d1487871c/elements - {"using":"xpath","value":"//*[@id=\"__button137\"]"}
RESULT: {}
RESULT: {"using":"xpath","value":"//*[@id=\"__button137\"]"}
COMMAND: POST /session/b614b8bdf87ea745e2832f5d1487871c/elements - {"using":"xpath","value":"//*[@id=\"__button137\"]"}
RESULT: {"using":"xpath","value":"//*[@id=\"__button137\"]"}
COMMAND: POST /session/b614b8bdf87ea745e2832f5d1487871c/elements - {"using":"xpath","value":"//*[@id=\"__button137\"]"}
RESULT: {"using":"xpath","value":"//*[@id=\"__button137\"]"}
COMMAND: POST /session/b614b8bdf87ea745e2832f5d1487871c/element - {"using":"xpath","value":"//*[@id=\"__button137\"]"}
RESULT: {"using":"xpath","value":"//*[@id=\"__button137\"]"}
COMMAND: POST /session/b614b8bdf87ea745e2832f5d1487871c/element/f.E141158646C81433446781BCB2447156.d.24D37ACE8BD497BAE07769BD570850CB.e.5925/click - {}
RESULT: {}
COMMAND: POST /session/b614b8bdf87ea745e2832f5d1487871c/element - {"using":"css selector","value":"#shell-header-logo"}
COMMAND: GET /session/b614b8bdf87ea745e2832f5d1487871c/screenshot - {}
RESULT: {"using":"css selector","value":"#shell-header-logo"}
COMMAND: POST /session/b614b8bdf87ea745e2832f5d1487871c/element/f.E141158646C81433446781BCB2447156.d.24D37ACE8BD497BAE07769BD570850CB.e.5237/click - {}
RESULT: {}
RESULT: {}
COMMAND: GET /session/b614b8bdf87ea745e2832f5d1487871c/screenshot - {}
RESULT: {}
]]></system-out>
    </testcase>
    <testcase classname="chrome.136_0_7103_49.windows.Standard_contract_-_add_contract_items_by_Insert_Request_US118222" name="Should insert the request into the contract" time="66.276">
      <system-out><![CDATA[
RESULT: undefined
COMMAND: POST /session/b614b8bdf87ea745e2832f5d1487871c/element - {"using":"xpath","value":"//*[@id=\"__tile130\"]"}
RESULT: {"using":"xpath","value":"//*[@id=\"__tile130\"]"}
COMMAND: POST /session/b614b8bdf87ea745e2832f5d1487871c/element/f.E141158646C81433446781BCB2447156.d.24D37ACE8BD497BAE07769BD570850CB.e.4831/click - {}
RESULT: {}
COMMAND: GET /session/b614b8bdf87ea745e2832f5d1487871c/screenshot - {}
RESULT: {}
COMMAND: POST /session/b614b8bdf87ea745e2832f5d1487871c/elements - {"using":"xpath","value":"//span[text()='Error']"}
RESULT: {"using":"xpath","value":"//span[text()='Error']"}
COMMAND: POST /session/b614b8bdf87ea745e2832f5d1487871c/execute/async - {"script":"<script> [1562 bytes]","args":[{"selector":{"controlType":"sap.m.SearchField","viewName":"etm.portal.ui.managecontracts.view.Master","bindingPath":{"path":"","propertyPath":"/_BASIC_SEARCH_FIELD","modelName":"fi1t3rM0d31"},"interaction":{"idSuffix":"I"}},"wdio_ui5_key":"etmportal.ui.managecontracts.view.Mastersap.m.SearchField{\"path\":\"\",\"propertyPath\":\"/_BASIC_SEARCH_FIELD\",\"modelName\":\"fi1t3rM0d31\"}"}]}
RESULT: {"script":"<script> [1562 bytes]","args":[{"selector":{"controlType":"sap.m.SearchField","viewName":"etm.portal.ui.managecontracts.view.Master","bindingPath":{"path":"","propertyPath":"/_BASIC_SEARCH_FIELD","modelName":"fi1t3rM0d31"},"interaction":{"idSuffix":"I"}},"wdio_ui5_key":"etmportal.ui.managecontracts.view.Mastersap.m.SearchField{\"path\":\"\",\"propertyPath\":\"/_BASIC_SEARCH_FIELD\",\"modelName\":\"fi1t3rM0d31\"}"}]}
RESULT: undefined
COMMAND: POST /session/b614b8bdf87ea745e2832f5d1487871c/execute/async - {"script":"<script> [776 bytes]","args":[{"enterText":"10219","selector":{"controlType":"sap.m.SearchField","viewName":"etm.portal.ui.managecontracts.view.Master","bindingPath":{"path":"","propertyPath":"/_BASIC_SEARCH_FIELD","modelName":"fi1t3rM0d31"},"interaction":{"idSuffix":"I"}},"clearTextFirst":true,"interactionType":"ENTER_TEXT"}]}
RESULT: {"script":"<script> [776 bytes]","args":[{"enterText":"10219","selector":{"controlType":"sap.m.SearchField","viewName":"etm.portal.ui.managecontracts.view.Master","bindingPath":{"path":"","propertyPath":"/_BASIC_SEARCH_FIELD","modelName":"fi1t3rM0d31"},"interaction":{"idSuffix":"I"}},"clearTextFirst":true,"interactionType":"ENTER_TEXT"}]}
COMMAND: POST /session/b614b8bdf87ea745e2832f5d1487871c/actions - {"actions":[{"id":"action31","type":"key","parameters":{},"actions":[{"type":"keyDown","value":"î€‡"},{"type":"pause","duration":10},{"type":"keyUp","value":"î€‡"}]}]}
RESULT: {"actions":[{"id":"action31","type":"key","parameters":{},"actions":[{"type":"keyDown","value":"î€‡"},{"type":"pause","duration":10},{"type":"keyUp","value":"î€‡"}]}]}
COMMAND: GET /session/b614b8bdf87ea745e2832f5d1487871c/screenshot - {}
RESULT: {}
COMMAND: POST /session/b614b8bdf87ea745e2832f5d1487871c/execute/async - {"script":"<script> [1562 bytes]","args":[{"selector":{"controlType":"sap.ui.core.Icon","viewName":"etm.portal.ui.managecontracts.view.Master","properties":{"src":{"regex":{"source":"slim\\-arrow\\-right"}}}},"wdio_ui5_key":"etmportal.ui.managecontracts.view.Mastersap.ui.core.Icon{\"src\":{\"regex\":{\"source\":\"slim\\\\-arrow\\\\-right\"}}}"}]}
RESULT: {"script":"<script> [1562 bytes]","args":[{"selector":{"controlType":"sap.ui.core.Icon","viewName":"etm.portal.ui.managecontracts.view.Master","properties":{"src":{"regex":{"source":"slim\\-arrow\\-right"}}}},"wdio_ui5_key":"etmportal.ui.managecontracts.view.Mastersap.ui.core.Icon{\"src\":{\"regex\":{\"source\":\"slim\\\\-arrow\\\\-right\"}}}"}]}
RESULT: undefined
COMMAND: POST /session/b614b8bdf87ea745e2832f5d1487871c/element - {"using":"xpath","value":"//*[@id=\"__item1688-__clone5813-imgNav\"]"}
RESULT: {"using":"xpath","value":"//*[@id=\"__item1688-__clone5813-imgNav\"]"}
COMMAND: POST /session/b614b8bdf87ea745e2832f5d1487871c/element/f.E141158646C81433446781BCB2447156.d.24D37ACE8BD497BAE07769BD570850CB.e.6050/click - {}
RESULT: {}
COMMAND: POST /session/b614b8bdf87ea745e2832f5d1487871c/execute/async - {"script":"<script> [1562 bytes]","args":[{"selector":{"id":"addRequestItemBtn","viewName":"etm.portal.ui.managecontracts.view.Detail","interaction":{"idSuffix":"BDI-content"}},"wdio_ui5_key":"addRequestItemBtnetmportal.ui.managecontracts.view.Detail"}]}
COMMAND: GET /session/b614b8bdf87ea745e2832f5d1487871c/screenshot - {}
RESULT: {"script":"<script> [1562 bytes]","args":[{"selector":{"id":"addRequestItemBtn","viewName":"etm.portal.ui.managecontracts.view.Detail","interaction":{"idSuffix":"BDI-content"}},"wdio_ui5_key":"addRequestItemBtnetmportal.ui.managecontracts.view.Detail"}]}
RESULT: undefined
COMMAND: POST /session/b614b8bdf87ea745e2832f5d1487871c/element - {"using":"xpath","value":"//*[@id=\"__xmlview64--addRequestItemBtn\"]"}
RESULT: {}
RESULT: {"using":"xpath","value":"//*[@id=\"__xmlview64--addRequestItemBtn\"]"}
COMMAND: POST /session/b614b8bdf87ea745e2832f5d1487871c/element/f.E141158646C81433446781BCB2447156.d.24D37ACE8BD497BAE07769BD570850CB.e.6128/click - {}
RESULT: {}
COMMAND: GET /session/b614b8bdf87ea745e2832f5d1487871c/screenshot - {}
RESULT: {}
COMMAND: POST /session/b614b8bdf87ea745e2832f5d1487871c/element - {"using":"xpath","value":"//div[contains(@id ,\"popupRequestTable-sa-CbBg\")]"}
RESULT: {"using":"xpath","value":"//div[contains(@id ,\"popupRequestTable-sa-CbBg\")]"}
COMMAND: POST /session/b614b8bdf87ea745e2832f5d1487871c/element/f.E141158646C81433446781BCB2447156.d.24D37ACE8BD497BAE07769BD570850CB.e.6237/click - {}
RESULT: {}
COMMAND: GET /session/b614b8bdf87ea745e2832f5d1487871c/screenshot - {}
RESULT: {}
COMMAND: POST /session/b614b8bdf87ea745e2832f5d1487871c/execute/async - {"script":"<script> [1562 bytes]","args":[{"selector":{"controlType":"sap.m.Button","viewName":"etm.portal.ui.managecontracts.view.Detail","i18NText":{"propertyName":"text","key":"selectionDone"},"searchOpenDialogs":true,"interaction":{"idSuffix":"BDI-content"}},"wdio_ui5_key":"etmportal.ui.managecontracts.view.Detailsap.m.Button{\"propertyName\":\"text\",\"key\":\"selectionDone\"}"}]}
RESULT: {"script":"<script> [1562 bytes]","args":[{"selector":{"controlType":"sap.m.Button","viewName":"etm.portal.ui.managecontracts.view.Detail","i18NText":{"propertyName":"text","key":"selectionDone"},"searchOpenDialogs":true,"interaction":{"idSuffix":"BDI-content"}},"wdio_ui5_key":"etmportal.ui.managecontracts.view.Detailsap.m.Button{\"propertyName\":\"text\",\"key\":\"selectionDone\"}"}]}
RESULT: undefined
COMMAND: POST /session/b614b8bdf87ea745e2832f5d1487871c/element - {"using":"xpath","value":"//*[@id=\"__button148\"]"}
RESULT: {"using":"xpath","value":"//*[@id=\"__button148\"]"}
COMMAND: POST /session/b614b8bdf87ea745e2832f5d1487871c/element/f.E141158646C81433446781BCB2447156.d.24D37ACE8BD497BAE07769BD570850CB.e.6240/click - {}
RESULT: {}
COMMAND: POST /session/b614b8bdf87ea745e2832f5d1487871c/execute/async - {"script":"<script> [1562 bytes]","args":[{"selector":{"controlType":"sap.m.Text","properties":{"text":"Started processing request items into the contract."},"searchOpenDialogs":true},"wdio_ui5_key":"sapm.Text{\"text\":\"Started processing request items into the contract.\"}"}]}
COMMAND: GET /session/b614b8bdf87ea745e2832f5d1487871c/screenshot - {}
RESULT: {"script":"<script> [1562 bytes]","args":[{"selector":{"controlType":"sap.m.Text","properties":{"text":"Started processing request items into the contract."},"searchOpenDialogs":true},"wdio_ui5_key":"sapm.Text{\"text\":\"Started processing request items into the contract.\"}"}]}
RESULT: undefined
COMMAND: POST /session/b614b8bdf87ea745e2832f5d1487871c/execute/async - {"script":"<script> [6424 bytes]","args":[{"element-6066-11e4-a52e-4f735466cecf":"f.E141158646C81433446781BCB2447156.d.24D37ACE8BD497BAE07769BD570850CB.e.6242"},"getText",[]]}
RESULT: {}
RESULT: {"script":"<script> [6424 bytes]","args":[{"element-6066-11e4-a52e-4f735466cecf":"f.E141158646C81433446781BCB2447156.d.24D37ACE8BD497BAE07769BD570850CB.e.6242"},"getText",[]]}
COMMAND: POST /session/b614b8bdf87ea745e2832f5d1487871c/execute/async - {"script":"<script> [1562 bytes]","args":[{"selector":{"controlType":"sap.m.Button","properties":{"text":"OK"},"searchOpenDialogs":true,"interaction":{"idSuffix":"inner"}},"wdio_ui5_key":"sapm.Button{\"text\":\"OK\"}"}]}
RESULT: {"script":"<script> [1562 bytes]","args":[{"selector":{"controlType":"sap.m.Button","properties":{"text":"OK"},"searchOpenDialogs":true,"interaction":{"idSuffix":"inner"}},"wdio_ui5_key":"sapm.Button{\"text\":\"OK\"}"}]}
RESULT: undefined
COMMAND: POST /session/b614b8bdf87ea745e2832f5d1487871c/element - {"using":"xpath","value":"//*[@id=\"__mbox-btn-5\"]"}
RESULT: {"using":"xpath","value":"//*[@id=\"__mbox-btn-5\"]"}
COMMAND: POST /session/b614b8bdf87ea745e2832f5d1487871c/element/f.E141158646C81433446781BCB2447156.d.24D37ACE8BD497BAE07769BD570850CB.e.6241/click - {}
RESULT: {}
COMMAND: POST /session/b614b8bdf87ea745e2832f5d1487871c/execute/async - {"script":"<script> [1562 bytes]","args":[{"selector":{"id":"headerBillingItemsTabFilter","viewName":"etm.portal.ui.managecontracts.view.Detail","interaction":{"idSuffix":"text"}},"wdio_ui5_key":"headerBillingItemsTabFilteretmportal.ui.managecontracts.view.Detail"}]}
COMMAND: GET /session/b614b8bdf87ea745e2832f5d1487871c/screenshot - {}
RESULT: {"script":"<script> [1562 bytes]","args":[{"selector":{"id":"headerBillingItemsTabFilter","viewName":"etm.portal.ui.managecontracts.view.Detail","interaction":{"idSuffix":"text"}},"wdio_ui5_key":"headerBillingItemsTabFilteretmportal.ui.managecontracts.view.Detail"}]}
RESULT: undefined
COMMAND: POST /session/b614b8bdf87ea745e2832f5d1487871c/element - {"using":"xpath","value":"//*[@id=\"__xmlview64--headerBillingItemsTabFilter\"]"}
RESULT: {}
RESULT: {"using":"xpath","value":"//*[@id=\"__xmlview64--headerBillingItemsTabFilter\"]"}
COMMAND: POST /session/b614b8bdf87ea745e2832f5d1487871c/element/f.E141158646C81433446781BCB2447156.d.24D37ACE8BD497BAE07769BD570850CB.e.6252/click - {}
RESULT: {}
COMMAND: GET /session/b614b8bdf87ea745e2832f5d1487871c/screenshot - {}
RESULT: {}
COMMAND: POST /session/b614b8bdf87ea745e2832f5d1487871c/execute/async - {"script":"<script> [1562 bytes]","args":[{"selector":{"controlType":"sap.ui.core.Icon","viewName":"etm.portal.ui.managecontracts.view.Detail","properties":{"src":{"regex":{"source":"synchronize"}}}},"wdio_ui5_key":"etmportal.ui.managecontracts.view.Detailsap.ui.core.Icon{\"src\":{\"regex\":{\"source\":\"synchronize\"}}}"}]}
RESULT: {"script":"<script> [1562 bytes]","args":[{"selector":{"controlType":"sap.ui.core.Icon","viewName":"etm.portal.ui.managecontracts.view.Detail","properties":{"src":{"regex":{"source":"synchronize"}}}},"wdio_ui5_key":"etmportal.ui.managecontracts.view.Detailsap.ui.core.Icon{\"src\":{\"regex\":{\"source\":\"synchronize\"}}}"}]}
RESULT: undefined
COMMAND: POST /session/b614b8bdf87ea745e2832f5d1487871c/element - {"using":"xpath","value":"//*[@id=\"__xmlview64--btnToggleUpdate-img\"]"}
RESULT: {"using":"xpath","value":"//*[@id=\"__xmlview64--btnToggleUpdate-img\"]"}
COMMAND: POST /session/b614b8bdf87ea745e2832f5d1487871c/element/f.E141158646C81433446781BCB2447156.d.24D37ACE8BD497BAE07769BD570850CB.e.6127/click - {}
RESULT: {}
COMMAND: GET /session/b614b8bdf87ea745e2832f5d1487871c/screenshot - {}
RESULT: {}
RESULT: undefined
COMMAND: POST /session/b614b8bdf87ea745e2832f5d1487871c/element - {"using":"xpath","value":"//*[@id=\"__xmlview64--headerBillingItemsTabFilter\"]"}
RESULT: {"using":"xpath","value":"//*[@id=\"__xmlview64--headerBillingItemsTabFilter\"]"}
COMMAND: POST /session/b614b8bdf87ea745e2832f5d1487871c/element/f.E141158646C81433446781BCB2447156.d.24D37ACE8BD497BAE07769BD570850CB.e.6252/click - {}
RESULT: {}
COMMAND: POST /session/b614b8bdf87ea745e2832f5d1487871c/execute/async - {"script":"<script> [1562 bytes]","args":[{"selector":{"controlType":"sap.m.Title","viewName":"etm.portal.ui.managecontracts.view.Detail","properties":{"text":"Contract Items (2)"}},"wdio_ui5_key":"etmportal.ui.managecontracts.view.Detailsap.m.Title{\"text\":\"Contract Items (2)\"}"}]}
COMMAND: GET /session/b614b8bdf87ea745e2832f5d1487871c/screenshot - {}
RESULT: {"script":"<script> [1562 bytes]","args":[{"selector":{"controlType":"sap.m.Title","viewName":"etm.portal.ui.managecontracts.view.Detail","properties":{"text":"Contract Items (2)"}},"wdio_ui5_key":"etmportal.ui.managecontracts.view.Detailsap.m.Title{\"text\":\"Contract Items (2)\"}"}]}
RESULT: undefined
COMMAND: POST /session/b614b8bdf87ea745e2832f5d1487871c/execute/async - {"script":"<script> [6424 bytes]","args":[{"element-6066-11e4-a52e-4f735466cecf":"f.E141158646C81433446781BCB2447156.d.24D37ACE8BD497BAE07769BD570850CB.e.6260"},"getText",[]]}
RESULT: {}
RESULT: {"script":"<script> [6424 bytes]","args":[{"element-6066-11e4-a52e-4f735466cecf":"f.E141158646C81433446781BCB2447156.d.24D37ACE8BD497BAE07769BD570850CB.e.6260"},"getText",[]]}
COMMAND: POST /session/b614b8bdf87ea745e2832f5d1487871c/execute/async - {"script":"<script> [1562 bytes]","args":[{"selector":{"controlType":"sap.m.ObjectStatus","viewName":"etm.portal.ui.managecontracts.view.Detail","bindingPath":{"path":"/SmartContractItems(CONTRACT='10219',ITEM=10m,SUB_ITEM=0m)","propertyPath":"STATUS"}},"wdio_ui5_key":"etmportal.ui.managecontracts.view.Detailsap.m.ObjectStatus{\"path\":\"/SmartContractItems(CONTRACT='10219',ITEM=10m,SUB_ITEM=0m)\",\"propertyPath\":\"STATUS\"}"}]}
RESULT: {"script":"<script> [1562 bytes]","args":[{"selector":{"controlType":"sap.m.ObjectStatus","viewName":"etm.portal.ui.managecontracts.view.Detail","bindingPath":{"path":"/SmartContractItems(CONTRACT='10219',ITEM=10m,SUB_ITEM=0m)","propertyPath":"STATUS"}},"wdio_ui5_key":"etmportal.ui.managecontracts.view.Detailsap.m.ObjectStatus{\"path\":\"/SmartContractItems(CONTRACT='10219',ITEM=10m,SUB_ITEM=0m)\",\"propertyPath\":\"STATUS\"}"}]}
RESULT: undefined
COMMAND: POST /session/b614b8bdf87ea745e2832f5d1487871c/execute/async - {"script":"<script> [6424 bytes]","args":[{"element-6066-11e4-a52e-4f735466cecf":"f.E141158646C81433446781BCB2447156.d.24D37ACE8BD497BAE07769BD570850CB.e.6262"},"getText",[]]}
RESULT: {"script":"<script> [6424 bytes]","args":[{"element-6066-11e4-a52e-4f735466cecf":"f.E141158646C81433446781BCB2447156.d.24D37ACE8BD497BAE07769BD570850CB.e.6262"},"getText",[]]}
COMMAND: POST /session/b614b8bdf87ea745e2832f5d1487871c/execute/async - {"script":"<script> [1562 bytes]","args":[{"selector":{"controlType":"sap.m.ObjectStatus","viewName":"etm.portal.ui.managecontracts.view.Detail","bindingPath":{"path":"/SmartContractItems(CONTRACT='10219',ITEM=20m,SUB_ITEM=0m)","propertyPath":"STATUS"}},"wdio_ui5_key":"etmportal.ui.managecontracts.view.Detailsap.m.ObjectStatus{\"path\":\"/SmartContractItems(CONTRACT='10219',ITEM=20m,SUB_ITEM=0m)\",\"propertyPath\":\"STATUS\"}"}]}
RESULT: {"script":"<script> [1562 bytes]","args":[{"selector":{"controlType":"sap.m.ObjectStatus","viewName":"etm.portal.ui.managecontracts.view.Detail","bindingPath":{"path":"/SmartContractItems(CONTRACT='10219',ITEM=20m,SUB_ITEM=0m)","propertyPath":"STATUS"}},"wdio_ui5_key":"etmportal.ui.managecontracts.view.Detailsap.m.ObjectStatus{\"path\":\"/SmartContractItems(CONTRACT='10219',ITEM=20m,SUB_ITEM=0m)\",\"propertyPath\":\"STATUS\"}"}]}
RESULT: undefined
COMMAND: POST /session/b614b8bdf87ea745e2832f5d1487871c/execute/async - {"script":"<script> [6424 bytes]","args":[{"element-6066-11e4-a52e-4f735466cecf":"f.E141158646C81433446781BCB2447156.d.24D37ACE8BD497BAE07769BD570850CB.e.6263"},"getText",[]]}
RESULT: {"script":"<script> [6424 bytes]","args":[{"element-6066-11e4-a52e-4f735466cecf":"f.E141158646C81433446781BCB2447156.d.24D37ACE8BD497BAE07769BD570850CB.e.6263"},"getText",[]]}
]]></system-out>
    </testcase>
  </testsuite>
  <testsuite timestamp="2025-05-14T18:13:58" time="101.482" tests="1" failures="0" errors="0" skipped="0">
    <properties>
      <property name="specId" value="0" />
      <property name="suiteName" value="Manage contracts - revert request US152962" />
      <property name="capabilities" value="chrome.136_0_7103_49.windows" />
      <property name="file" value="file:///D:/a/1/s/test/specs/R2C/manage-contracts-revert-request.spec.js" />
    </properties>
    <testcase classname="chrome.136_0_7103_49.windows.Manage_contracts_-_revert_request_US152962" name="Should revert the request" time="101.479">
      <system-out><![CDATA[
COMMAND: POST /session/b614b8bdf87ea745e2832f5d1487871c/execute/async - {"script":"<script> [1562 bytes]","args":[{"selector":{"id":"revertPlanningBtn","viewName":"etm.portal.ui.managecontracts.view.Detail","interaction":{"idSuffix":"BDI-content"}},"wdio_ui5_key":"revertPlanningBtnetmportal.ui.managecontracts.view.Detail"}]}
RESULT: {"script":"<script> [1562 bytes]","args":[{"selector":{"id":"revertPlanningBtn","viewName":"etm.portal.ui.managecontracts.view.Detail","interaction":{"idSuffix":"BDI-content"}},"wdio_ui5_key":"revertPlanningBtnetmportal.ui.managecontracts.view.Detail"}]}
RESULT: undefined
COMMAND: POST /session/b614b8bdf87ea745e2832f5d1487871c/element - {"using":"xpath","value":"//*[@id=\"__xmlview64--revertPlanningBtn\"]"}
RESULT: {"using":"xpath","value":"//*[@id=\"__xmlview64--revertPlanningBtn\"]"}
COMMAND: POST /session/b614b8bdf87ea745e2832f5d1487871c/element/f.E141158646C81433446781BCB2447156.d.24D37ACE8BD497BAE07769BD570850CB.e.6131/click - {}
RESULT: {}
COMMAND: POST /session/b614b8bdf87ea745e2832f5d1487871c/element - {"using":"xpath","value":"(//div[contains(@id ,\"selectMulti-CbBg\")])[2]"}
COMMAND: GET /session/b614b8bdf87ea745e2832f5d1487871c/screenshot - {}
RESULT: {"using":"xpath","value":"(//div[contains(@id ,\"selectMulti-CbBg\")])[2]"}
COMMAND: POST /session/b614b8bdf87ea745e2832f5d1487871c/element/f.E141158646C81433446781BCB2447156.d.24D37ACE8BD497BAE07769BD570850CB.e.6310/click - {}
RESULT: {}
RESULT: {}
COMMAND: GET /session/b614b8bdf87ea745e2832f5d1487871c/screenshot - {}
RESULT: {}
COMMAND: POST /session/b614b8bdf87ea745e2832f5d1487871c/element - {"using":"xpath","value":"//span[contains(@id ,\"executeRevertPlanningBtn-content\")]"}
RESULT: {"using":"xpath","value":"//span[contains(@id ,\"executeRevertPlanningBtn-content\")]"}
COMMAND: POST /session/b614b8bdf87ea745e2832f5d1487871c/element/f.E141158646C81433446781BCB2447156.d.24D37ACE8BD497BAE07769BD570850CB.e.6311/click - {}
RESULT: {}
COMMAND: GET /session/b614b8bdf87ea745e2832f5d1487871c/screenshot - {}
RESULT: {}
COMMAND: POST /session/b614b8bdf87ea745e2832f5d1487871c/actions - {"actions":[{"id":"action32","type":"key","parameters":{},"actions":[{"type":"keyDown","value":"î€‡"},{"type":"pause","duration":10},{"type":"keyUp","value":"î€‡"}]}]}
RESULT: {"actions":[{"id":"action32","type":"key","parameters":{},"actions":[{"type":"keyDown","value":"î€‡"},{"type":"pause","duration":10},{"type":"keyUp","value":"î€‡"}]}]}
COMMAND: GET /session/b614b8bdf87ea745e2832f5d1487871c/screenshot - {}
RESULT: {}
COMMAND: POST /session/b614b8bdf87ea745e2832f5d1487871c/refresh - {}
RESULT: {}
COMMAND: GET /session/b614b8bdf87ea745e2832f5d1487871c/screenshot - {}
RESULT: {}
COMMAND: POST /session/b614b8bdf87ea745e2832f5d1487871c/execute/async - {"script":"<script> [189 bytes]","args":[]}
RESULT: {"script":"<script> [189 bytes]","args":[]}
COMMAND: POST /session/b614b8bdf87ea745e2832f5d1487871c/execute/async - {"script":"<script> [123 bytes]","args":[]}
RESULT: {"script":"<script> [123 bytes]","args":[]}
COMMAND: POST /session/b614b8bdf87ea745e2832f5d1487871c/timeouts - {"script":"<number>"}
RESULT: {"script":"<number>"}
COMMAND: GET /session/b614b8bdf87ea745e2832f5d1487871c/timeouts - {}
RESULT: {}
RESULT: undefined
COMMAND: POST /session/b614b8bdf87ea745e2832f5d1487871c/execute/async - {"script":"<script> [2676 bytes]","args":[]}
RESULT: {"script":"<script> [2676 bytes]","args":[]}
COMMAND: POST /session/b614b8bdf87ea745e2832f5d1487871c/execute/async - {"script":"<script> [2342 bytes]","args":[{"protocol":"http","hostname":"0.0.0.0","path":"/","capabilities":{"browserName":"chrome","goog:chromeOptions":{"binary":"C:\\Program Files\\Google\\Chrome\\Application\\chrome.exe","args":["--start-maximized"]}},"logLevel":"warn","connectionRetryTimeout":120000,"connectionRetryCount":3,"logLevels":{},"enableDirectConnect":true,"strictSSL":true,"_":"65 more keys: [\"cacheDir\",\"port\",\"requestedCapabilities\",\"automationProtocol\",\"baseUrl\",\"waitforInterval\",\"waitforTimeout\",\"onReload\",\"beforeCommand\",\"afterCommand\",\"rootDir\",\"specs\",\"suites\",\"exclude\",\"groupLogsByTestSpec\",\"excludeDriverLogs\",\"bail\",\"framework\",\"reporters\",\"services\",\"maxInstances\",\"maxInstancesPerCapability\",\"injectGlobals\",\"filesToWatch\",\"execArgv\",\"runnerEnv\",\"runner\",\"shard\",\"specFileRetries\",\"specFileRetriesDelay\",\"specFileRetriesDeferred\",\"reporterSyncInterval\",\"reporterSyncTimeout\",\"cucumberFeaturesWithLineNumbers\",\"autoCompileOpts\",\"mochaOpts\",\"jasmineOpts\",\"cucumberOpts\",\"onPrepare\",\"onWorkerStart\",\"onWorkerEnd\",\"before\",\"beforeSession\",\"beforeSuite\",\"beforeHook\",\"beforeTest\",\"afterTest\",\"afterHook\",\"afterSuite\",\"afterSession\",\"after\",\"onComplete\",\"beforeAssertion\",\"afterAssertion\",\"beforeFeature\",\"beforeScenario\",\"beforeStep\",\"afterStep\",\"afterScenario\",\"afterFeature\",\"_\",\"suite\",\"$0\",\"ignoredWorkerServices\",\"wdi5\"]"}]}
RESULT: {"script":"<script> [2342 bytes]","args":[{"protocol":"http","hostname":"0.0.0.0","path":"/","capabilities":{"browserName":"chrome","goog:chromeOptions":{"binary":"C:\\Program Files\\Google\\Chrome\\Application\\chrome.exe","args":["--start-maximized"]}},"logLevel":"warn","connectionRetryTimeout":120000,"connectionRetryCount":3,"logLevels":{},"enableDirectConnect":true,"strictSSL":true,"_":"65 more keys: [\"cacheDir\",\"port\",\"requestedCapabilities\",\"automationProtocol\",\"baseUrl\",\"waitforInterval\",\"waitforTimeout\",\"onReload\",\"beforeCommand\",\"afterCommand\",\"rootDir\",\"specs\",\"suites\",\"exclude\",\"groupLogsByTestSpec\",\"excludeDriverLogs\",\"bail\",\"framework\",\"reporters\",\"services\",\"maxInstances\",\"maxInstancesPerCapability\",\"injectGlobals\",\"filesToWatch\",\"execArgv\",\"runnerEnv\",\"runner\",\"shard\",\"specFileRetries\",\"specFileRetriesDelay\",\"specFileRetriesDeferred\",\"reporterSyncInterval\",\"reporterSyncTimeout\",\"cucumberFeaturesWithLineNumbers\",\"autoCompileOpts\",\"mochaOpts\",\"jasmineOpts\",\"cucumberOpts\",\"onPrepare\",\"onWorkerStart\",\"onWorkerEnd\",\"before\",\"beforeSession\",\"beforeSuite\",\"beforeHook\",\"beforeTest\",\"afterTest\",\"afterHook\",\"afterSuite\",\"afterSession\",\"after\",\"onComplete\",\"beforeAssertion\",\"afterAssertion\",\"beforeFeature\",\"beforeScenario\",\"beforeStep\",\"afterStep\",\"afterScenario\",\"afterFeature\",\"_\",\"suite\",\"$0\",\"ignoredWorkerServices\",\"wdi5\"]"}]}
COMMAND: POST /session/b614b8bdf87ea745e2832f5d1487871c/execute/async - {"script":"<script> [21126 bytes]","args":[35000]}
RESULT: {"script":"<script> [21126 bytes]","args":[35000]}
COMMAND: POST /session/b614b8bdf87ea745e2832f5d1487871c/execute/async - {"script":"<script> [1562 bytes]","args":[{"selector":{"controlType":"sap.m.Title","viewName":"etm.portal.ui.managecontracts.view.Detail","properties":{"text":"Contract Items (1)"}},"wdio_ui5_key":"etmportal.ui.managecontracts.view.Detailsap.m.Title{\"text\":\"Contract Items (1)\"}"}]}
RESULT: {"script":"<script> [1562 bytes]","args":[{"selector":{"controlType":"sap.m.Title","viewName":"etm.portal.ui.managecontracts.view.Detail","properties":{"text":"Contract Items (1)"}},"wdio_ui5_key":"etmportal.ui.managecontracts.view.Detailsap.m.Title{\"text\":\"Contract Items (1)\"}"}]}
RESULT: undefined
COMMAND: POST /session/b614b8bdf87ea745e2832f5d1487871c/execute/async - {"script":"<script> [6424 bytes]","args":[{"element-6066-11e4-a52e-4f735466cecf":"f.E141158646C81433446781BCB2447156.d.BB4CBD98FD82BBF83264EF68167D978B.e.6552"},"getText",[]]}
RESULT: {"script":"<script> [6424 bytes]","args":[{"element-6066-11e4-a52e-4f735466cecf":"f.E141158646C81433446781BCB2447156.d.BB4CBD98FD82BBF83264EF68167D978B.e.6552"},"getText",[]]}
COMMAND: POST /session/b614b8bdf87ea745e2832f5d1487871c/execute/async - {"script":"<script> [1562 bytes]","args":[{"selector":{"id":"contractDetailEditBtn","viewName":"etm.portal.ui.managecontracts.view.Detail","interaction":{"idSuffix":"inner"}},"wdio_ui5_key":"contractDetailEditBtnetmportal.ui.managecontracts.view.Detail"}]}
RESULT: {"script":"<script> [1562 bytes]","args":[{"selector":{"id":"contractDetailEditBtn","viewName":"etm.portal.ui.managecontracts.view.Detail","interaction":{"idSuffix":"inner"}},"wdio_ui5_key":"contractDetailEditBtnetmportal.ui.managecontracts.view.Detail"}]}
RESULT: undefined
COMMAND: POST /session/b614b8bdf87ea745e2832f5d1487871c/element - {"using":"xpath","value":"//*[@id=\"__xmlview1--contractDetailEditBtn\"]"}
RESULT: {"using":"xpath","value":"//*[@id=\"__xmlview1--contractDetailEditBtn\"]"}
COMMAND: POST /session/b614b8bdf87ea745e2832f5d1487871c/element/f.E141158646C81433446781BCB2447156.d.BB4CBD98FD82BBF83264EF68167D978B.e.6384/click - {}
RESULT: {}
COMMAND: GET /session/b614b8bdf87ea745e2832f5d1487871c/screenshot - {}
RESULT: {}
COMMAND: POST /session/b614b8bdf87ea745e2832f5d1487871c/element - {"using":"xpath","value":"(//span[contains(text(), \"Header Billing Items\")])[2]"}
RESULT: {"using":"xpath","value":"(//span[contains(text(), \"Header Billing Items\")])[2]"}
COMMAND: POST /session/b614b8bdf87ea745e2832f5d1487871c/element/f.E141158646C81433446781BCB2447156.d.BB4CBD98FD82BBF83264EF68167D978B.e.6616/click - {}
RESULT: {}
COMMAND: GET /session/b614b8bdf87ea745e2832f5d1487871c/screenshot - {}
RESULT: {}
COMMAND: POST /session/b614b8bdf87ea745e2832f5d1487871c/element - {"using":"xpath","value":"//div[contains(@id ,\"ProductsTable-sa-CbBg\")]"}
RESULT: {"using":"xpath","value":"//div[contains(@id ,\"ProductsTable-sa-CbBg\")]"}
COMMAND: POST /session/b614b8bdf87ea745e2832f5d1487871c/element/f.E141158646C81433446781BCB2447156.d.BB4CBD98FD82BBF83264EF68167D978B.e.6620/click - {}
RESULT: {}
COMMAND: GET /session/b614b8bdf87ea745e2832f5d1487871c/screenshot - {}
RESULT: {}
COMMAND: POST /session/b614b8bdf87ea745e2832f5d1487871c/execute/async - {"script":"<script> [1562 bytes]","args":[{"selector":{"id":"deleteBtn","viewName":"etm.portal.ui.managecontracts.view.EditContract","interaction":{"idSuffix":"BDI-content"}},"wdio_ui5_key":"deleteBtnetmportal.ui.managecontracts.view.EditContract"}]}
RESULT: {"script":"<script> [1562 bytes]","args":[{"selector":{"id":"deleteBtn","viewName":"etm.portal.ui.managecontracts.view.EditContract","interaction":{"idSuffix":"BDI-content"}},"wdio_ui5_key":"deleteBtnetmportal.ui.managecontracts.view.EditContract"}]}
RESULT: undefined
COMMAND: POST /session/b614b8bdf87ea745e2832f5d1487871c/element - {"using":"xpath","value":"//*[@id=\"__xmlview2--deleteBtn\"]"}
RESULT: {"using":"xpath","value":"//*[@id=\"__xmlview2--deleteBtn\"]"}
COMMAND: POST /session/b614b8bdf87ea745e2832f5d1487871c/element/f.E141158646C81433446781BCB2447156.d.BB4CBD98FD82BBF83264EF68167D978B.e.6623/click - {}
RESULT: {}
COMMAND: POST /session/b614b8bdf87ea745e2832f5d1487871c/element - {"using":"xpath","value":"//bdi[contains(@id ,\"BDI-content\")][contains(text(), \"OK\")]"}
COMMAND: GET /session/b614b8bdf87ea745e2832f5d1487871c/screenshot - {}
RESULT: {"using":"xpath","value":"//bdi[contains(@id ,\"BDI-content\")][contains(text(), \"OK\")]"}
COMMAND: POST /session/b614b8bdf87ea745e2832f5d1487871c/element/f.E141158646C81433446781BCB2447156.d.BB4CBD98FD82BBF83264EF68167D978B.e.6625/click - {}
RESULT: {}
RESULT: {}
COMMAND: GET /session/b614b8bdf87ea745e2832f5d1487871c/screenshot - {}
RESULT: {}
COMMAND: POST /session/b614b8bdf87ea745e2832f5d1487871c/element - {"using":"xpath","value":"//bdi[contains(@id ,\"BDI-content\")][contains(text(), \"Save\")]"}
RESULT: {"using":"xpath","value":"//bdi[contains(@id ,\"BDI-content\")][contains(text(), \"Save\")]"}
COMMAND: POST /session/b614b8bdf87ea745e2832f5d1487871c/element/f.E141158646C81433446781BCB2447156.d.BB4CBD98FD82BBF83264EF68167D978B.e.6627/click - {}
RESULT: {}
COMMAND: GET /session/b614b8bdf87ea745e2832f5d1487871c/screenshot - {}
RESULT: {}
COMMAND: POST /session/b614b8bdf87ea745e2832f5d1487871c/element - {"using":"xpath","value":"(//span[contains(text(), \"Header Billing Items\")])[1]"}
RESULT: {"using":"xpath","value":"(//span[contains(text(), \"Header Billing Items\")])[1]"}
COMMAND: POST /session/b614b8bdf87ea745e2832f5d1487871c/element/f.E141158646C81433446781BCB2447156.d.BB4CBD98FD82BBF83264EF68167D978B.e.6630/click - {}
RESULT: {}
COMMAND: GET /session/b614b8bdf87ea745e2832f5d1487871c/screenshot - {}
RESULT: {}
COMMAND: POST /session/b614b8bdf87ea745e2832f5d1487871c/execute/async - {"script":"<script> [1562 bytes]","args":[{"selector":{"controlType":"sap.m.ObjectStatus","viewName":"etm.portal.ui.managecontracts.view.Detail","bindingPath":{"path":"/SmartContractItems(CONTRACT='10219',ITEM=10m,SUB_ITEM=0m)","propertyPath":"STATUS"}},"wdio_ui5_key":"etmportal.ui.managecontracts.view.Detailsap.m.ObjectStatus{\"path\":\"/SmartContractItems(CONTRACT='10219',ITEM=10m,SUB_ITEM=0m)\",\"propertyPath\":\"STATUS\"}"}]}
RESULT: {"script":"<script> [1562 bytes]","args":[{"selector":{"controlType":"sap.m.ObjectStatus","viewName":"etm.portal.ui.managecontracts.view.Detail","bindingPath":{"path":"/SmartContractItems(CONTRACT='10219',ITEM=10m,SUB_ITEM=0m)","propertyPath":"STATUS"}},"wdio_ui5_key":"etmportal.ui.managecontracts.view.Detailsap.m.ObjectStatus{\"path\":\"/SmartContractItems(CONTRACT='10219',ITEM=10m,SUB_ITEM=0m)\",\"propertyPath\":\"STATUS\"}"}]}
RESULT: undefined
COMMAND: POST /session/b614b8bdf87ea745e2832f5d1487871c/execute/async - {"script":"<script> [6424 bytes]","args":[{"element-6066-11e4-a52e-4f735466cecf":"f.E141158646C81433446781BCB2447156.d.BB4CBD98FD82BBF83264EF68167D978B.e.6632"},"getText",[]]}
RESULT: {"script":"<script> [6424 bytes]","args":[{"element-6066-11e4-a52e-4f735466cecf":"f.E141158646C81433446781BCB2447156.d.BB4CBD98FD82BBF83264EF68167D978B.e.6632"},"getText",[]]}
COMMAND: POST /session/b614b8bdf87ea745e2832f5d1487871c/element - {"using":"css selector","value":"#shell-header-logo"}
RESULT: {"using":"css selector","value":"#shell-header-logo"}
COMMAND: POST /session/b614b8bdf87ea745e2832f5d1487871c/element/f.E141158646C81433446781BCB2447156.d.BB4CBD98FD82BBF83264EF68167D978B.e.6325/click - {}
RESULT: {}
COMMAND: GET /session/b614b8bdf87ea745e2832f5d1487871c/screenshot - {}
RESULT: {}
COMMAND: POST /session/b614b8bdf87ea745e2832f5d1487871c/execute/async - {"script":"<script> [1562 bytes]","args":[{"selector":{"controlType":"sap.m.GenericTile","properties":{"header":"Manage Requests"}},"wdio_ui5_key":"sapm.GenericTile{\"header\":\"Manage Requests\"}"}]}
RESULT: {"script":"<script> [1562 bytes]","args":[{"selector":{"controlType":"sap.m.GenericTile","properties":{"header":"Manage Requests"}},"wdio_ui5_key":"sapm.GenericTile{\"header\":\"Manage Requests\"}"}]}
RESULT: undefined
COMMAND: POST /session/b614b8bdf87ea745e2832f5d1487871c/element - {"using":"xpath","value":"//*[@id=\"__tile47\"]"}
RESULT: {"using":"xpath","value":"//*[@id=\"__tile47\"]"}
COMMAND: POST /session/b614b8bdf87ea745e2832f5d1487871c/element/f.E141158646C81433446781BCB2447156.d.BB4CBD98FD82BBF83264EF68167D978B.e.6648/click - {}
RESULT: {}
COMMAND: GET /session/b614b8bdf87ea745e2832f5d1487871c/screenshot - {}
RESULT: {}
COMMAND: POST /session/b614b8bdf87ea745e2832f5d1487871c/execute/async - {"script":"<script> [1562 bytes]","args":[{"selector":{"controlType":"sap.m.SearchField","viewName":"etm.portal.ui.managerequests.view.Master","bindingPath":{"path":"","propertyPath":"/_BASIC_SEARCH_FIELD","modelName":"fi1t3rM0d31"},"interaction":{"idSuffix":"I"}},"wdio_ui5_key":"etmportal.ui.managerequests.view.Mastersap.m.SearchField{\"path\":\"\",\"propertyPath\":\"/_BASIC_SEARCH_FIELD\",\"modelName\":\"fi1t3rM0d31\"}"}]}
COMMAND: POST /session/b614b8bdf87ea745e2832f5d1487871c/elements - {"using":"xpath","value":"//span[text()='Error']"}
RESULT: {"script":"<script> [1562 bytes]","args":[{"selector":{"controlType":"sap.m.SearchField","viewName":"etm.portal.ui.managerequests.view.Master","bindingPath":{"path":"","propertyPath":"/_BASIC_SEARCH_FIELD","modelName":"fi1t3rM0d31"},"interaction":{"idSuffix":"I"}},"wdio_ui5_key":"etmportal.ui.managerequests.view.Mastersap.m.SearchField{\"path\":\"\",\"propertyPath\":\"/_BASIC_SEARCH_FIELD\",\"modelName\":\"fi1t3rM0d31\"}"}]}
RESULT: undefined
COMMAND: POST /session/b614b8bdf87ea745e2832f5d1487871c/execute/async - {"script":"<script> [776 bytes]","args":[{"enterText":"20105","selector":{"controlType":"sap.m.SearchField","viewName":"etm.portal.ui.managerequests.view.Master","bindingPath":{"path":"","propertyPath":"/_BASIC_SEARCH_FIELD","modelName":"fi1t3rM0d31"},"interaction":{"idSuffix":"I"}},"clearTextFirst":true,"interactionType":"ENTER_TEXT"}]}
RESULT: {"using":"xpath","value":"//span[text()='Error']"}
RESULT: {"script":"<script> [776 bytes]","args":[{"enterText":"20105","selector":{"controlType":"sap.m.SearchField","viewName":"etm.portal.ui.managerequests.view.Master","bindingPath":{"path":"","propertyPath":"/_BASIC_SEARCH_FIELD","modelName":"fi1t3rM0d31"},"interaction":{"idSuffix":"I"}},"clearTextFirst":true,"interactionType":"ENTER_TEXT"}]}
COMMAND: POST /session/b614b8bdf87ea745e2832f5d1487871c/actions - {"actions":[{"id":"action33","type":"key","parameters":{},"actions":[{"type":"keyDown","value":"î€‡"},{"type":"pause","duration":10},{"type":"keyUp","value":"î€‡"}]}]}
RESULT: {"actions":[{"id":"action33","type":"key","parameters":{},"actions":[{"type":"keyDown","value":"î€‡"},{"type":"pause","duration":10},{"type":"keyUp","value":"î€‡"}]}]}
COMMAND: GET /session/b614b8bdf87ea745e2832f5d1487871c/screenshot - {}
RESULT: {}
COMMAND: POST /session/b614b8bdf87ea745e2832f5d1487871c/execute/async - {"script":"<script> [1562 bytes]","args":[{"selector":{"controlType":"sap.m.Text","viewName":"etm.portal.ui.managerequests.view.Master","bindingPath":{"path":"/SmartManageRequests('20105')","propertyPath":"NO"}},"wdio_ui5_key":"etmportal.ui.managerequests.view.Mastersap.m.Text{\"path\":\"/SmartManageRequests('20105')\",\"propertyPath\":\"NO\"}"}]}
RESULT: {"script":"<script> [1562 bytes]","args":[{"selector":{"controlType":"sap.m.Text","viewName":"etm.portal.ui.managerequests.view.Master","bindingPath":{"path":"/SmartManageRequests('20105')","propertyPath":"NO"}},"wdio_ui5_key":"etmportal.ui.managerequests.view.Mastersap.m.Text{\"path\":\"/SmartManageRequests('20105')\",\"propertyPath\":\"NO\"}"}]}
RESULT: undefined
COMMAND: POST /session/b614b8bdf87ea745e2832f5d1487871c/element - {"using":"xpath","value":"//*[@id=\"__text463-__clone251\"]"}
RESULT: {"using":"xpath","value":"//*[@id=\"__text463-__clone251\"]"}
COMMAND: POST /session/b614b8bdf87ea745e2832f5d1487871c/element/f.E141158646C81433446781BCB2447156.d.BB4CBD98FD82BBF83264EF68167D978B.e.6756/click - {}
RESULT: {}
COMMAND: GET /session/b614b8bdf87ea745e2832f5d1487871c/screenshot - {}
RESULT: {}
COMMAND: POST /session/b614b8bdf87ea745e2832f5d1487871c/execute/async - {"script":"<script> [1562 bytes]","args":[{"selector":{"controlType":"sap.ui.core.Icon","viewName":"etm.portal.ui.managerequests.view.Detail","properties":{"src":{"regex":{"source":"slim\\-arrow\\-up"}}}},"wdio_ui5_key":"etmportal.ui.managerequests.view.Detailsap.ui.core.Icon{\"src\":{\"regex\":{\"source\":\"slim\\\\-arrow\\\\-up\"}}}"}]}
RESULT: {"script":"<script> [1562 bytes]","args":[{"selector":{"controlType":"sap.ui.core.Icon","viewName":"etm.portal.ui.managerequests.view.Detail","properties":{"src":{"regex":{"source":"slim\\-arrow\\-up"}}}},"wdio_ui5_key":"etmportal.ui.managerequests.view.Detailsap.ui.core.Icon{\"src\":{\"regex\":{\"source\":\"slim\\\\-arrow\\\\-up\"}}}"}]}
RESULT: undefined
COMMAND: POST /session/b614b8bdf87ea745e2832f5d1487871c/element - {"using":"xpath","value":"//*[@id=\"__xmlview62--detailRequestPage-OPHeaderContent-collapseBtn-img\"]"}
RESULT: {"using":"xpath","value":"//*[@id=\"__xmlview62--detailRequestPage-OPHeaderContent-collapseBtn-img\"]"}
COMMAND: POST /session/b614b8bdf87ea745e2832f5d1487871c/element/f.E141158646C81433446781BCB2447156.d.BB4CBD98FD82BBF83264EF68167D978B.e.6891/click - {}
RESULT: {}
COMMAND: GET /session/b614b8bdf87ea745e2832f5d1487871c/screenshot - {}
RESULT: {}
COMMAND: POST /session/b614b8bdf87ea745e2832f5d1487871c/execute/async - {"script":"<script> [1562 bytes]","args":[{"selector":{"controlType":"sap.m.Text","viewName":"etm.portal.ui.managerequests.view.Detail","bindingPath":{"path":"/SmartRequestItemsPlanningBoard(ITEM=20m,REQUEST='20105')","propertyPath":"STATUS_DESC"}},"wdio_ui5_key":"etmportal.ui.managerequests.view.Detailsap.m.Text{\"path\":\"/SmartRequestItemsPlanningBoard(ITEM=20m,REQUEST='20105')\",\"propertyPath\":\"STATUS_DESC\"}"}]}
RESULT: {"script":"<script> [1562 bytes]","args":[{"selector":{"controlType":"sap.m.Text","viewName":"etm.portal.ui.managerequests.view.Detail","bindingPath":{"path":"/SmartRequestItemsPlanningBoard(ITEM=20m,REQUEST='20105')","propertyPath":"STATUS_DESC"}},"wdio_ui5_key":"etmportal.ui.managerequests.view.Detailsap.m.Text{\"path\":\"/SmartRequestItemsPlanningBoard(ITEM=20m,REQUEST='20105')\",\"propertyPath\":\"STATUS_DESC\"}"}]}
RESULT: undefined
COMMAND: POST /session/b614b8bdf87ea745e2832f5d1487871c/execute/async - {"script":"<script> [6424 bytes]","args":[{"element-6066-11e4-a52e-4f735466cecf":"f.E141158646C81433446781BCB2447156.d.BB4CBD98FD82BBF83264EF68167D978B.e.6899"},"getText",[]]}
RESULT: {"script":"<script> [6424 bytes]","args":[{"element-6066-11e4-a52e-4f735466cecf":"f.E141158646C81433446781BCB2447156.d.BB4CBD98FD82BBF83264EF68167D978B.e.6899"},"getText",[]]}
COMMAND: POST /session/b614b8bdf87ea745e2832f5d1487871c/element - {"using":"css selector","value":"#shell-header-logo"}
RESULT: {"using":"css selector","value":"#shell-header-logo"}
COMMAND: POST /session/b614b8bdf87ea745e2832f5d1487871c/element/f.E141158646C81433446781BCB2447156.d.BB4CBD98FD82BBF83264EF68167D978B.e.6652/click - {}
RESULT: {}
COMMAND: GET /session/b614b8bdf87ea745e2832f5d1487871c/screenshot - {}
RESULT: {}
]]></system-out>
    </testcase>
  </testsuite>
  <testsuite timestamp="2025-05-14T18:15:39" time="278.664" tests="4" failures="0" errors="0" skipped="0">
    <properties>
      <property name="specId" value="0" />
      <property name="suiteName" value="Standard contract close-reopen US111278" />
      <property name="capabilities" value="chrome.136_0_7103_49.windows" />
      <property name="file" value="file:///D:/a/1/s/test/specs/R2C/standard-contract-close-reopen.spec.js" />
    </properties>
    <testcase classname="chrome.136_0_7103_49.windows.Standard_contract_close-reopen_US111278" name="Should create a new contract and add an item" time="150.699">
      <system-out><![CDATA[
COMMAND: POST /session/b614b8bdf87ea745e2832f5d1487871c/execute/async - {"script":"<script> [1562 bytes]","args":[{"selector":{"controlType":"sap.m.GenericTile","properties":{"header":"Manage Contracts"}},"wdio_ui5_key":"sapm.GenericTile{\"header\":\"Manage Contracts\"}"}]}
RESULT: {"script":"<script> [1562 bytes]","args":[{"selector":{"controlType":"sap.m.GenericTile","properties":{"header":"Manage Contracts"}},"wdio_ui5_key":"sapm.GenericTile{\"header\":\"Manage Contracts\"}"}]}
RESULT: undefined
COMMAND: POST /session/b614b8bdf87ea745e2832f5d1487871c/element - {"using":"xpath","value":"//*[@id=\"__tile130\"]"}
RESULT: {"using":"xpath","value":"//*[@id=\"__tile130\"]"}
COMMAND: POST /session/b614b8bdf87ea745e2832f5d1487871c/element/f.E141158646C81433446781BCB2447156.d.BB4CBD98FD82BBF83264EF68167D978B.e.6902/click - {}
RESULT: {}
COMMAND: GET /session/b614b8bdf87ea745e2832f5d1487871c/screenshot - {}
RESULT: {}
COMMAND: POST /session/b614b8bdf87ea745e2832f5d1487871c/elements - {"using":"xpath","value":"//span[text()='Error']"}
RESULT: {"using":"xpath","value":"//span[text()='Error']"}
COMMAND: POST /session/b614b8bdf87ea745e2832f5d1487871c/element - {"using":"xpath","value":"//button[@data-kt=\"addButton\"]"}
RESULT: {"using":"xpath","value":"//button[@data-kt=\"addButton\"]"}
COMMAND: POST /session/b614b8bdf87ea745e2832f5d1487871c/element/f.E141158646C81433446781BCB2447156.d.BB4CBD98FD82BBF83264EF68167D978B.e.6950/click - {}
RESULT: {}
COMMAND: GET /session/b614b8bdf87ea745e2832f5d1487871c/screenshot - {}
RESULT: {}
COMMAND: POST /session/b614b8bdf87ea745e2832f5d1487871c/execute/async - {"script":"<script> [1562 bytes]","args":[{"selector":{"id":"application-managecontracts-display-component---AddNewContract--projectDescription","interaction":{"idSuffix":"inner"}},"wdio_ui5_key":"applicationmanagecontracts-display-component---AddNewContract--projectDescription"}]}
RESULT: {"script":"<script> [1562 bytes]","args":[{"selector":{"id":"application-managecontracts-display-component---AddNewContract--projectDescription","interaction":{"idSuffix":"inner"}},"wdio_ui5_key":"applicationmanagecontracts-display-component---AddNewContract--projectDescription"}]}
RESULT: undefined
COMMAND: POST /session/b614b8bdf87ea745e2832f5d1487871c/execute/async - {"script":"<script> [776 bytes]","args":[{"enterText":"WdIOR2c530x9","selector":{"id":"application-managecontracts-display-component---AddNewContract--projectDescription","interaction":{"idSuffix":"inner"}},"clearTextFirst":true,"interactionType":"ENTER_TEXT"}]}
RESULT: {"script":"<script> [776 bytes]","args":[{"enterText":"WdIOR2c530x9","selector":{"id":"application-managecontracts-display-component---AddNewContract--projectDescription","interaction":{"idSuffix":"inner"}},"clearTextFirst":true,"interactionType":"ENTER_TEXT"}]}
COMMAND: POST /session/b614b8bdf87ea745e2832f5d1487871c/element - {"using":"xpath","value":"//input[@id=\"application-managecontracts-display-component---AddNewContract--yardId-inner\"]"}
RESULT: {"using":"xpath","value":"//input[@id=\"application-managecontracts-display-component---AddNewContract--yardId-inner\"]"}
COMMAND: POST /session/b614b8bdf87ea745e2832f5d1487871c/element/f.E141158646C81433446781BCB2447156.d.BB4CBD98FD82BBF83264EF68167D978B.e.7260/clear - {}
RESULT: {}
COMMAND: POST /session/b614b8bdf87ea745e2832f5d1487871c/element/f.E141158646C81433446781BCB2447156.d.BB4CBD98FD82BBF83264EF68167D978B.e.7260/value - {"text":"WebdriverYard1j42w"}
COMMAND: GET /session/b614b8bdf87ea745e2832f5d1487871c/screenshot - {}
RESULT: {"text":"WebdriverYard1j42w"}
COMMAND: GET /session/b614b8bdf87ea745e2832f5d1487871c/screenshot - {}
RESULT: {}
RESULT: {}
COMMAND: POST /session/b614b8bdf87ea745e2832f5d1487871c/actions - {"actions":[{"id":"action34","type":"key","parameters":{},"actions":[{"type":"keyDown","value":"î€‡"},{"type":"pause","duration":10},{"type":"keyUp","value":"î€‡"}]}]}
RESULT: {"actions":[{"id":"action34","type":"key","parameters":{},"actions":[{"type":"keyDown","value":"î€‡"},{"type":"pause","duration":10},{"type":"keyUp","value":"î€‡"}]}]}
COMMAND: GET /session/b614b8bdf87ea745e2832f5d1487871c/screenshot - {}
RESULT: {}
COMMAND: POST /session/b614b8bdf87ea745e2832f5d1487871c/element - {"using":"xpath","value":"//input[@id=\"application-managecontracts-display-component---AddNewContract--customerSelect-inner\"]"}
RESULT: {"using":"xpath","value":"//input[@id=\"application-managecontracts-display-component---AddNewContract--customerSelect-inner\"]"}
COMMAND: POST /session/b614b8bdf87ea745e2832f5d1487871c/element/f.E141158646C81433446781BCB2447156.d.BB4CBD98FD82BBF83264EF68167D978B.e.7258/clear - {}
RESULT: {}
COMMAND: POST /session/b614b8bdf87ea745e2832f5d1487871c/element/f.E141158646C81433446781BCB2447156.d.BB4CBD98FD82BBF83264EF68167D978B.e.7258/value - {"text":"WebdriverPartnerjchph"}
COMMAND: GET /session/b614b8bdf87ea745e2832f5d1487871c/screenshot - {}
RESULT: {"text":"WebdriverPartnerjchph"}
COMMAND: GET /session/b614b8bdf87ea745e2832f5d1487871c/screenshot - {}
RESULT: {}
RESULT: {}
COMMAND: POST /session/b614b8bdf87ea745e2832f5d1487871c/actions - {"actions":[{"id":"action35","type":"key","parameters":{},"actions":[{"type":"keyDown","value":"î€‡"},{"type":"pause","duration":10},{"type":"keyUp","value":"î€‡"}]}]}
RESULT: {"actions":[{"id":"action35","type":"key","parameters":{},"actions":[{"type":"keyDown","value":"î€‡"},{"type":"pause","duration":10},{"type":"keyUp","value":"î€‡"}]}]}
COMMAND: GET /session/b614b8bdf87ea745e2832f5d1487871c/screenshot - {}
RESULT: {}
COMMAND: POST /session/b614b8bdf87ea745e2832f5d1487871c/element - {"using":"xpath","value":"//input[@id=\"application-managecontracts-display-component---AddNewContract--site-inner\"]"}
RESULT: {"using":"xpath","value":"//input[@id=\"application-managecontracts-display-component---AddNewContract--site-inner\"]"}
COMMAND: POST /session/b614b8bdf87ea745e2832f5d1487871c/element/f.E141158646C81433446781BCB2447156.d.BB4CBD98FD82BBF83264EF68167D978B.e.7259/clear - {}
RESULT: {}
COMMAND: POST /session/b614b8bdf87ea745e2832f5d1487871c/element/f.E141158646C81433446781BCB2447156.d.BB4CBD98FD82BBF83264EF68167D978B.e.7259/value - {"text":"WebdriverSite8s5is"}
COMMAND: GET /session/b614b8bdf87ea745e2832f5d1487871c/screenshot - {}
RESULT: {"text":"WebdriverSite8s5is"}
COMMAND: GET /session/b614b8bdf87ea745e2832f5d1487871c/screenshot - {}
RESULT: {}
RESULT: {}
COMMAND: POST /session/b614b8bdf87ea745e2832f5d1487871c/actions - {"actions":[{"id":"action36","type":"key","parameters":{},"actions":[{"type":"keyDown","value":"î€‡"},{"type":"pause","duration":10},{"type":"keyUp","value":"î€‡"}]}]}
RESULT: {"actions":[{"id":"action36","type":"key","parameters":{},"actions":[{"type":"keyDown","value":"î€‡"},{"type":"pause","duration":10},{"type":"keyUp","value":"î€‡"}]}]}
COMMAND: GET /session/b614b8bdf87ea745e2832f5d1487871c/screenshot - {}
RESULT: {}
COMMAND: POST /session/b614b8bdf87ea745e2832f5d1487871c/element - {"using":"xpath","value":"//button[@data-kt=\"saveButton\"]"}
RESULT: {"using":"xpath","value":"//button[@data-kt=\"saveButton\"]"}
COMMAND: POST /session/b614b8bdf87ea745e2832f5d1487871c/element/f.E141158646C81433446781BCB2447156.d.BB4CBD98FD82BBF83264EF68167D978B.e.7290/click - {}
RESULT: {}
COMMAND: GET /session/b614b8bdf87ea745e2832f5d1487871c/screenshot - {}
RESULT: {}
COMMAND: POST /session/b614b8bdf87ea745e2832f5d1487871c/execute/async - {"script":"<script> [1562 bytes]","args":[{"selector":{"id":"contractDetailTitleNoExpanded","viewName":"etm.portal.ui.managecontracts.view.Detail"},"wdio_ui5_key":"contractDetailTitleNoExpandedetmportal.ui.managecontracts.view.Detail"}]}
RESULT: {"script":"<script> [1562 bytes]","args":[{"selector":{"id":"contractDetailTitleNoExpanded","viewName":"etm.portal.ui.managecontracts.view.Detail"},"wdio_ui5_key":"contractDetailTitleNoExpandedetmportal.ui.managecontracts.view.Detail"}]}
RESULT: undefined
COMMAND: POST /session/b614b8bdf87ea745e2832f5d1487871c/execute/async - {"script":"<script> [6424 bytes]","args":[{"element-6066-11e4-a52e-4f735466cecf":"f.E141158646C81433446781BCB2447156.d.BB4CBD98FD82BBF83264EF68167D978B.e.7307"},"getText",[]]}
RESULT: {"script":"<script> [6424 bytes]","args":[{"element-6066-11e4-a52e-4f735466cecf":"f.E141158646C81433446781BCB2447156.d.BB4CBD98FD82BBF83264EF68167D978B.e.7307"},"getText",[]]}
COMMAND: POST /session/b614b8bdf87ea745e2832f5d1487871c/execute/async - {"script":"<script> [1562 bytes]","args":[{"selector":{"id":"closeContractBtn","viewName":"etm.portal.ui.managecontracts.view.Detail"},"wdio_ui5_key":"closeContractBtnetmportal.ui.managecontracts.view.Detail"}]}
RESULT: {"script":"<script> [1562 bytes]","args":[{"selector":{"id":"closeContractBtn","viewName":"etm.portal.ui.managecontracts.view.Detail"},"wdio_ui5_key":"closeContractBtnetmportal.ui.managecontracts.view.Detail"}]}
RESULT: undefined
COMMAND: POST /session/b614b8bdf87ea745e2832f5d1487871c/execute/async - {"script":"<script> [6424 bytes]","args":[{"element-6066-11e4-a52e-4f735466cecf":"f.E141158646C81433446781BCB2447156.d.BB4CBD98FD82BBF83264EF68167D978B.e.7308"},"getEnabled",[]]}
RESULT: {"script":"<script> [6424 bytes]","args":[{"element-6066-11e4-a52e-4f735466cecf":"f.E141158646C81433446781BCB2447156.d.BB4CBD98FD82BBF83264EF68167D978B.e.7308"},"getEnabled",[]]}
COMMAND: POST /session/b614b8bdf87ea745e2832f5d1487871c/element - {"using":"xpath","value":"//button[@data-kt=\"contractDetailEditBtnButton\"]"}
RESULT: {"using":"xpath","value":"//button[@data-kt=\"contractDetailEditBtnButton\"]"}
COMMAND: POST /session/b614b8bdf87ea745e2832f5d1487871c/element/f.E141158646C81433446781BCB2447156.d.BB4CBD98FD82BBF83264EF68167D978B.e.7309/click - {}
RESULT: {}
COMMAND: GET /session/b614b8bdf87ea745e2832f5d1487871c/screenshot - {}
RESULT: {}
COMMAND: POST /session/b614b8bdf87ea745e2832f5d1487871c/element - {"using":"xpath","value":"(//span[contains(text(), \"Additional Addresses\")])[2]"}
RESULT: {"using":"xpath","value":"(//span[contains(text(), \"Additional Addresses\")])[2]"}
COMMAND: POST /session/b614b8bdf87ea745e2832f5d1487871c/element/f.E141158646C81433446781BCB2447156.d.BB4CBD98FD82BBF83264EF68167D978B.e.7368/click - {}
RESULT: {}
COMMAND: GET /session/b614b8bdf87ea745e2832f5d1487871c/screenshot - {}
RESULT: {}
COMMAND: POST /session/b614b8bdf87ea745e2832f5d1487871c/element - {"using":"xpath","value":"//button[@data-kt=\"btnAddTableRowOverflowToolbarButton\"]"}
RESULT: {"using":"xpath","value":"//button[@data-kt=\"btnAddTableRowOverflowToolbarButton\"]"}
COMMAND: POST /session/b614b8bdf87ea745e2832f5d1487871c/element/f.E141158646C81433446781BCB2447156.d.BB4CBD98FD82BBF83264EF68167D978B.e.7370/click - {}
RESULT: {}
COMMAND: GET /session/b614b8bdf87ea745e2832f5d1487871c/screenshot - {}
RESULT: {}
COMMAND: POST /session/b614b8bdf87ea745e2832f5d1487871c/element - {"using":"xpath","value":"//div[(text() = 'Standard Entry' or . = 'Standard Entry')]"}
RESULT: {"using":"xpath","value":"//div[(text() = 'Standard Entry' or . = 'Standard Entry')]"}
COMMAND: POST /session/b614b8bdf87ea745e2832f5d1487871c/element/f.E141158646C81433446781BCB2447156.d.BB4CBD98FD82BBF83264EF68167D978B.e.7372/click - {}
RESULT: {}
COMMAND: POST /session/b614b8bdf87ea745e2832f5d1487871c/element - {"using":"xpath","value":"//td[6]/div/div/input[1]"}
COMMAND: GET /session/b614b8bdf87ea745e2832f5d1487871c/screenshot - {}
RESULT: {"using":"xpath","value":"//td[6]/div/div/input[1]"}
COMMAND: POST /session/b614b8bdf87ea745e2832f5d1487871c/element/f.E141158646C81433446781BCB2447156.d.BB4CBD98FD82BBF83264EF68167D978B.e.7374/click - {}
RESULT: {}
RESULT: {}
COMMAND: POST /session/b614b8bdf87ea745e2832f5d1487871c/actions - {"actions":[{"id":"action37","type":"key","parameters":{},"actions":[{"type":"keyDown","value":"î€ƒ"},{"type":"pause","duration":10},{"type":"keyUp","value":"î€ƒ"}]}]}
COMMAND: GET /session/b614b8bdf87ea745e2832f5d1487871c/screenshot - {}
RESULT: {"actions":[{"id":"action37","type":"key","parameters":{},"actions":[{"type":"keyDown","value":"î€ƒ"},{"type":"pause","duration":10},{"type":"keyUp","value":"î€ƒ"}]}]}
COMMAND: POST /session/b614b8bdf87ea745e2832f5d1487871c/element - {"using":"xpath","value":"//td[6]/div/div/input[1]"}
COMMAND: GET /session/b614b8bdf87ea745e2832f5d1487871c/screenshot - {}
RESULT: {}
RESULT: {"using":"xpath","value":"//td[6]/div/div/input[1]"}
COMMAND: POST /session/b614b8bdf87ea745e2832f5d1487871c/element/f.E141158646C81433446781BCB2447156.d.BB4CBD98FD82BBF83264EF68167D978B.e.7374/clear - {}
RESULT: {}
RESULT: {}
COMMAND: POST /session/b614b8bdf87ea745e2832f5d1487871c/element/f.E141158646C81433446781BCB2447156.d.BB4CBD98FD82BBF83264EF68167D978B.e.7374/value - {"text":"Material"}
COMMAND: GET /session/b614b8bdf87ea745e2832f5d1487871c/screenshot - {}
RESULT: {"text":"Material"}
COMMAND: GET /session/b614b8bdf87ea745e2832f5d1487871c/screenshot - {}
RESULT: {}
RESULT: {}
COMMAND: POST /session/b614b8bdf87ea745e2832f5d1487871c/actions - {"actions":[{"id":"action38","type":"key","parameters":{},"actions":[{"type":"keyDown","value":"î€‡"},{"type":"pause","duration":10},{"type":"keyUp","value":"î€‡"}]}]}
RESULT: {"actions":[{"id":"action38","type":"key","parameters":{},"actions":[{"type":"keyDown","value":"î€‡"},{"type":"pause","duration":10},{"type":"keyUp","value":"î€‡"}]}]}
COMMAND: GET /session/b614b8bdf87ea745e2832f5d1487871c/screenshot - {}
RESULT: {}
COMMAND: POST /session/b614b8bdf87ea745e2832f5d1487871c/actions - {"actions":[{"id":"action39","type":"key","parameters":{},"actions":[{"type":"keyDown","value":"î€‡"},{"type":"pause","duration":10},{"type":"keyUp","value":"î€‡"}]}]}
RESULT: {"actions":[{"id":"action39","type":"key","parameters":{},"actions":[{"type":"keyDown","value":"î€‡"},{"type":"pause","duration":10},{"type":"keyUp","value":"î€‡"}]}]}
COMMAND: POST /session/b614b8bdf87ea745e2832f5d1487871c/element - {"using":"xpath","value":"//td[7]/div/div/input"}
COMMAND: GET /session/b614b8bdf87ea745e2832f5d1487871c/screenshot - {}
RESULT: {"using":"xpath","value":"//td[7]/div/div/input"}
COMMAND: POST /session/b614b8bdf87ea745e2832f5d1487871c/element/f.E141158646C81433446781BCB2447156.d.BB4CBD98FD82BBF83264EF68167D978B.e.7387/clear - {}
RESULT: {}
RESULT: {}
COMMAND: POST /session/b614b8bdf87ea745e2832f5d1487871c/element/f.E141158646C81433446781BCB2447156.d.BB4CBD98FD82BBF83264EF68167D978B.e.7387/value - {"text":"WebdriverRUR2C84pn"}
COMMAND: GET /session/b614b8bdf87ea745e2832f5d1487871c/screenshot - {}
RESULT: {"text":"WebdriverRUR2C84pn"}
COMMAND: GET /session/b614b8bdf87ea745e2832f5d1487871c/screenshot - {}
RESULT: {}
RESULT: {}
COMMAND: POST /session/b614b8bdf87ea745e2832f5d1487871c/actions - {"actions":[{"id":"action40","type":"key","parameters":{},"actions":[{"type":"keyDown","value":"î€‡"},{"type":"pause","duration":10},{"type":"keyUp","value":"î€‡"}]}]}
RESULT: {"actions":[{"id":"action40","type":"key","parameters":{},"actions":[{"type":"keyDown","value":"î€‡"},{"type":"pause","duration":10},{"type":"keyUp","value":"î€‡"}]}]}
COMMAND: GET /session/b614b8bdf87ea745e2832f5d1487871c/screenshot - {}
RESULT: {}
COMMAND: POST /session/b614b8bdf87ea745e2832f5d1487871c/actions - {"actions":[{"id":"action41","type":"key","parameters":{},"actions":[{"type":"keyDown","value":"î€‡"},{"type":"pause","duration":10},{"type":"keyUp","value":"î€‡"}]}]}
RESULT: {"actions":[{"id":"action41","type":"key","parameters":{},"actions":[{"type":"keyDown","value":"î€‡"},{"type":"pause","duration":10},{"type":"keyUp","value":"î€‡"}]}]}
COMMAND: GET /session/b614b8bdf87ea745e2832f5d1487871c/screenshot - {}
RESULT: {}
COMMAND: POST /session/b614b8bdf87ea745e2832f5d1487871c/element - {"using":"xpath","value":"(//button[@data-kt=\"saveButton\"])[2]"}
RESULT: {"using":"xpath","value":"(//button[@data-kt=\"saveButton\"])[2]"}
COMMAND: POST /session/b614b8bdf87ea745e2832f5d1487871c/element/f.E141158646C81433446781BCB2447156.d.BB4CBD98FD82BBF83264EF68167D978B.e.7413/click - {}
RESULT: {}
COMMAND: GET /session/b614b8bdf87ea745e2832f5d1487871c/screenshot - {}
RESULT: {}
]]></system-out>
    </testcase>
    <testcase classname="chrome.136_0_7103_49.windows.Standard_contract_close-reopen_US111278" name="It should close the contract" time="31.272">
      <system-out><![CDATA[
RESULT: undefined
COMMAND: POST /session/b614b8bdf87ea745e2832f5d1487871c/element - {"using":"xpath","value":"//*[@id=\"__xmlview64--closeContractBtn\"]"}
RESULT: {"using":"xpath","value":"//*[@id=\"__xmlview64--closeContractBtn\"]"}
COMMAND: POST /session/b614b8bdf87ea745e2832f5d1487871c/element/f.E141158646C81433446781BCB2447156.d.BB4CBD98FD82BBF83264EF68167D978B.e.7308/click - {}
RESULT: {}
COMMAND: GET /session/b614b8bdf87ea745e2832f5d1487871c/screenshot - {}
RESULT: {}
COMMAND: POST /session/b614b8bdf87ea745e2832f5d1487871c/element - {"using":"xpath","value":"//span[contains(text(), \"Do you want to close the whole contract?\")]"}
RESULT: {"using":"xpath","value":"//span[contains(text(), \"Do you want to close the whole contract?\")]"}
COMMAND: POST /session/b614b8bdf87ea745e2832f5d1487871c/execute/sync - {"script":"<script> [8489 bytes]","args":[{"element-6066-11e4-a52e-4f735466cecf":"f.E141158646C81433446781BCB2447156.d.BB4CBD98FD82BBF83264EF68167D978B.e.7417","ELEMENT":"f.E141158646C81433446781BCB2447156.d.BB4CBD98FD82BBF83264EF68167D978B.e.7417"}]}
RESULT: {"script":"<script> [8489 bytes]","args":[{"element-6066-11e4-a52e-4f735466cecf":"f.E141158646C81433446781BCB2447156.d.BB4CBD98FD82BBF83264EF68167D978B.e.7417","ELEMENT":"f.E141158646C81433446781BCB2447156.d.BB4CBD98FD82BBF83264EF68167D978B.e.7417"}]}
COMMAND: POST /session/b614b8bdf87ea745e2832f5d1487871c/element - {"using":"xpath","value":"//bdi[contains(text(), \"OK\")]"}
COMMAND: GET /session/b614b8bdf87ea745e2832f5d1487871c/screenshot - {}
RESULT: {"using":"xpath","value":"//bdi[contains(text(), \"OK\")]"}
COMMAND: POST /session/b614b8bdf87ea745e2832f5d1487871c/element/f.E141158646C81433446781BCB2447156.d.BB4CBD98FD82BBF83264EF68167D978B.e.7418/click - {}
RESULT: {}
RESULT: {}
COMMAND: GET /session/b614b8bdf87ea745e2832f5d1487871c/screenshot - {}
RESULT: {}
COMMAND: POST /session/b614b8bdf87ea745e2832f5d1487871c/element - {"using":"xpath","value":"//input[contains(@id ,\"smartContractFilterBar-btnBasicSearch-I\")]"}
RESULT: {"using":"xpath","value":"//input[contains(@id ,\"smartContractFilterBar-btnBasicSearch-I\")]"}
COMMAND: POST /session/b614b8bdf87ea745e2832f5d1487871c/element/f.E141158646C81433446781BCB2447156.d.BB4CBD98FD82BBF83264EF68167D978B.e.6913/clear - {}
RESULT: {}
COMMAND: POST /session/b614b8bdf87ea745e2832f5d1487871c/element/f.E141158646C81433446781BCB2447156.d.BB4CBD98FD82BBF83264EF68167D978B.e.6913/value - {"text":"10221"}
COMMAND: GET /session/b614b8bdf87ea745e2832f5d1487871c/screenshot - {}
RESULT: {"text":"10221"}
COMMAND: POST /session/b614b8bdf87ea745e2832f5d1487871c/actions - {"actions":[{"id":"action42","type":"key","parameters":{},"actions":[{"type":"keyDown","value":"î€‡"},{"type":"pause","duration":10},{"type":"keyUp","value":"î€‡"}]}]}
COMMAND: GET /session/b614b8bdf87ea745e2832f5d1487871c/screenshot - {}
RESULT: {}
RESULT: {"actions":[{"id":"action42","type":"key","parameters":{},"actions":[{"type":"keyDown","value":"î€‡"},{"type":"pause","duration":10},{"type":"keyUp","value":"î€‡"}]}]}
COMMAND: GET /session/b614b8bdf87ea745e2832f5d1487871c/screenshot - {}
RESULT: {}
RESULT: {}
COMMAND: POST /session/b614b8bdf87ea745e2832f5d1487871c/execute/async - {"script":"<script> [1562 bytes]","args":[{"selector":{"controlType":"sap.ui.core.Icon","viewName":"etm.portal.ui.managecontracts.view.Master","properties":{"src":{"regex":{"source":"slim\\-arrow\\-right"}}}},"wdio_ui5_key":"etmportal.ui.managecontracts.view.Mastersap.ui.core.Icon{\"src\":{\"regex\":{\"source\":\"slim\\\\-arrow\\\\-right\"}}}"}]}
RESULT: {"script":"<script> [1562 bytes]","args":[{"selector":{"controlType":"sap.ui.core.Icon","viewName":"etm.portal.ui.managecontracts.view.Master","properties":{"src":{"regex":{"source":"slim\\-arrow\\-right"}}}},"wdio_ui5_key":"etmportal.ui.managecontracts.view.Mastersap.ui.core.Icon{\"src\":{\"regex\":{\"source\":\"slim\\\\-arrow\\\\-right\"}}}"}]}
RESULT: undefined
COMMAND: POST /session/b614b8bdf87ea745e2832f5d1487871c/element - {"using":"xpath","value":"//*[@id=\"__item126-__clone3388-imgNav\"]"}
RESULT: {"using":"xpath","value":"//*[@id=\"__item126-__clone3388-imgNav\"]"}
COMMAND: POST /session/b614b8bdf87ea745e2832f5d1487871c/element/f.E141158646C81433446781BCB2447156.d.BB4CBD98FD82BBF83264EF68167D978B.e.7622/click - {}
RESULT: {}
COMMAND: POST /session/b614b8bdf87ea745e2832f5d1487871c/execute/async - {"script":"<script> [1562 bytes]","args":[{"selector":{"controlType":"sap.m.ObjectStatus","viewName":"etm.portal.ui.managecontracts.view.Detail","bindingPath":{"propertyPath":"LINK_TO_LOGISTICAL_STATUS/DESCRIPTION","modelName":"catalogModel"}},"wdio_ui5_key":"etmportal.ui.managecontracts.view.Detailsap.m.ObjectStatus{\"propertyPath\":\"LINK_TO_LOGISTICAL_STATUS/DESCRIPTION\",\"modelName\":\"catalogModel\"}"}]}
COMMAND: GET /session/b614b8bdf87ea745e2832f5d1487871c/screenshot - {}
RESULT: {"script":"<script> [1562 bytes]","args":[{"selector":{"controlType":"sap.m.ObjectStatus","viewName":"etm.portal.ui.managecontracts.view.Detail","bindingPath":{"propertyPath":"LINK_TO_LOGISTICAL_STATUS/DESCRIPTION","modelName":"catalogModel"}},"wdio_ui5_key":"etmportal.ui.managecontracts.view.Detailsap.m.ObjectStatus{\"propertyPath\":\"LINK_TO_LOGISTICAL_STATUS/DESCRIPTION\",\"modelName\":\"catalogModel\"}"}]}
RESULT: undefined
COMMAND: POST /session/b614b8bdf87ea745e2832f5d1487871c/execute/async - {"script":"<script> [6424 bytes]","args":[{"element-6066-11e4-a52e-4f735466cecf":"f.E141158646C81433446781BCB2447156.d.BB4CBD98FD82BBF83264EF68167D978B.e.7662"},"getText",[]]}
RESULT: {}
RESULT: {"script":"<script> [6424 bytes]","args":[{"element-6066-11e4-a52e-4f735466cecf":"f.E141158646C81433446781BCB2447156.d.BB4CBD98FD82BBF83264EF68167D978B.e.7662"},"getText",[]]}
]]></system-out>
    </testcase>
    <testcase classname="chrome.136_0_7103_49.windows.Standard_contract_close-reopen_US111278" name="Should reopen the contract" time="10.587">
      <system-out><![CDATA[
COMMAND: POST /session/b614b8bdf87ea745e2832f5d1487871c/execute/async - {"script":"<script> [1562 bytes]","args":[{"selector":{"id":"openContractBtn","viewName":"etm.portal.ui.managecontracts.view.Detail"},"wdio_ui5_key":"openContractBtnetmportal.ui.managecontracts.view.Detail"}]}
RESULT: {"script":"<script> [1562 bytes]","args":[{"selector":{"id":"openContractBtn","viewName":"etm.portal.ui.managecontracts.view.Detail"},"wdio_ui5_key":"openContractBtnetmportal.ui.managecontracts.view.Detail"}]}
RESULT: undefined
COMMAND: POST /session/b614b8bdf87ea745e2832f5d1487871c/execute/async - {"script":"<script> [6424 bytes]","args":[{"element-6066-11e4-a52e-4f735466cecf":"f.E141158646C81433446781BCB2447156.d.BB4CBD98FD82BBF83264EF68167D978B.e.7642"},"getEnabled",[]]}
RESULT: {"script":"<script> [6424 bytes]","args":[{"element-6066-11e4-a52e-4f735466cecf":"f.E141158646C81433446781BCB2447156.d.BB4CBD98FD82BBF83264EF68167D978B.e.7642"},"getEnabled",[]]}
COMMAND: POST /session/b614b8bdf87ea745e2832f5d1487871c/element - {"using":"xpath","value":"//bdi[contains(text(), \"Edit\")]"}
RESULT: {"using":"xpath","value":"//bdi[contains(text(), \"Edit\")]"}
COMMAND: POST /session/b614b8bdf87ea745e2832f5d1487871c/element - {"using":"xpath","value":"//bdi[contains(text(), \"Edit\")]"}
RESULT: undefined
COMMAND: POST /session/b614b8bdf87ea745e2832f5d1487871c/element - {"using":"xpath","value":"//*[@id=\"__xmlview64--openContractBtn\"]"}
RESULT: {"using":"xpath","value":"//*[@id=\"__xmlview64--openContractBtn\"]"}
COMMAND: POST /session/b614b8bdf87ea745e2832f5d1487871c/element/f.E141158646C81433446781BCB2447156.d.BB4CBD98FD82BBF83264EF68167D978B.e.7642/click - {}
RESULT: {"using":"xpath","value":"//bdi[contains(text(), \"Edit\")]"}
RESULT: {}
COMMAND: POST /session/b614b8bdf87ea745e2832f5d1487871c/execute/async - {"script":"<script> [1562 bytes]","args":[{"selector":{"controlType":"sap.m.Text","properties":{"text":"Contract has been reopened successfully"},"searchOpenDialogs":true},"wdio_ui5_key":"sapm.Text{\"text\":\"Contract has been reopened successfully\"}"}]}
COMMAND: GET /session/b614b8bdf87ea745e2832f5d1487871c/screenshot - {}
RESULT: {"script":"<script> [1562 bytes]","args":[{"selector":{"controlType":"sap.m.Text","properties":{"text":"Contract has been reopened successfully"},"searchOpenDialogs":true},"wdio_ui5_key":"sapm.Text{\"text\":\"Contract has been reopened successfully\"}"}]}
RESULT: undefined
COMMAND: POST /session/b614b8bdf87ea745e2832f5d1487871c/execute/async - {"script":"<script> [6424 bytes]","args":[{"element-6066-11e4-a52e-4f735466cecf":"f.E141158646C81433446781BCB2447156.d.BB4CBD98FD82BBF83264EF68167D978B.e.7665"},"getText",[]]}
RESULT: {}
RESULT: {"script":"<script> [6424 bytes]","args":[{"element-6066-11e4-a52e-4f735466cecf":"f.E141158646C81433446781BCB2447156.d.BB4CBD98FD82BBF83264EF68167D978B.e.7665"},"getText",[]]}
COMMAND: POST /session/b614b8bdf87ea745e2832f5d1487871c/element - {"using":"xpath","value":"//bdi[contains(text(), \"OK\")]"}
RESULT: {"using":"xpath","value":"//bdi[contains(text(), \"OK\")]"}
COMMAND: POST /session/b614b8bdf87ea745e2832f5d1487871c/element/f.E141158646C81433446781BCB2447156.d.BB4CBD98FD82BBF83264EF68167D978B.e.7666/click - {}
RESULT: {}
COMMAND: GET /session/b614b8bdf87ea745e2832f5d1487871c/screenshot - {}
RESULT: {}
COMMAND: POST /session/b614b8bdf87ea745e2832f5d1487871c/element - {"using":"xpath","value":"//bdi[contains(text(), \"Edit\")]"}
RESULT: undefined
COMMAND: POST /session/b614b8bdf87ea745e2832f5d1487871c/execute/async - {"script":"<script> [6424 bytes]","args":[{"element-6066-11e4-a52e-4f735466cecf":"f.E141158646C81433446781BCB2447156.d.BB4CBD98FD82BBF83264EF68167D978B.e.7308"},"getEnabled",[]]}
RESULT: {"using":"xpath","value":"//bdi[contains(text(), \"Edit\")]"}
COMMAND: POST /session/b614b8bdf87ea745e2832f5d1487871c/execute/sync - {"script":"<script> [8489 bytes]","args":[{"element-6066-11e4-a52e-4f735466cecf":"f.E141158646C81433446781BCB2447156.d.BB4CBD98FD82BBF83264EF68167D978B.e.7667","ELEMENT":"f.E141158646C81433446781BCB2447156.d.BB4CBD98FD82BBF83264EF68167D978B.e.7667"}]}
COMMAND: POST /session/b614b8bdf87ea745e2832f5d1487871c/execute/async - {"script":"<script> [1562 bytes]","args":[{"selector":{"id":"closeContractBtn","viewName":"etm.portal.ui.managecontracts.view.Detail"},"wdio_ui5_key":"closeContractBtnetmportal.ui.managecontracts.view.Detail"}]}
RESULT: {"script":"<script> [8489 bytes]","args":[{"element-6066-11e4-a52e-4f735466cecf":"f.E141158646C81433446781BCB2447156.d.BB4CBD98FD82BBF83264EF68167D978B.e.7667","ELEMENT":"f.E141158646C81433446781BCB2447156.d.BB4CBD98FD82BBF83264EF68167D978B.e.7667"}]}
COMMAND: GET /session/b614b8bdf87ea745e2832f5d1487871c/screenshot - {}
RESULT: {"script":"<script> [1562 bytes]","args":[{"selector":{"id":"closeContractBtn","viewName":"etm.portal.ui.managecontracts.view.Detail"},"wdio_ui5_key":"closeContractBtnetmportal.ui.managecontracts.view.Detail"}]}
COMMAND: POST /session/b614b8bdf87ea745e2832f5d1487871c/execute/async - {"script":"<script> [6424 bytes]","args":[{"element-6066-11e4-a52e-4f735466cecf":"f.E141158646C81433446781BCB2447156.d.BB4CBD98FD82BBF83264EF68167D978B.e.7668"},"getEnabled",[]]}
RESULT: {}
RESULT: {"script":"<script> [6424 bytes]","args":[{"element-6066-11e4-a52e-4f735466cecf":"f.E141158646C81433446781BCB2447156.d.BB4CBD98FD82BBF83264EF68167D978B.e.7668"},"getEnabled",[]]}
]]></system-out>
    </testcase>
    <testcase classname="chrome.136_0_7103_49.windows.Standard_contract_close-reopen_US111278" name="Should verify for multiple statuses that open button is not visible" time="82.062">
      <system-out><![CDATA[
COMMAND: POST /session/b614b8bdf87ea745e2832f5d1487871c/execute/async - {"script":"<script> [1562 bytes]","args":[{"selector":{"controlType":"sap.ui.core.Icon","viewName":"etm.portal.ui.managecontracts.view.Detail","properties":{"src":{"regex":{"source":"decline"}}}},"wdio_ui5_key":"etmportal.ui.managecontracts.view.Detailsap.ui.core.Icon{\"src\":{\"regex\":{\"source\":\"decline\"}}}"}]}
RESULT: {"script":"<script> [1562 bytes]","args":[{"selector":{"controlType":"sap.ui.core.Icon","viewName":"etm.portal.ui.managecontracts.view.Detail","properties":{"src":{"regex":{"source":"decline"}}}},"wdio_ui5_key":"etmportal.ui.managecontracts.view.Detailsap.ui.core.Icon{\"src\":{\"regex\":{\"source\":\"decline\"}}}"}]}
RESULT: undefined
COMMAND: POST /session/b614b8bdf87ea745e2832f5d1487871c/element - {"using":"xpath","value":"//*[@id=\"__xmlview64--closeColumnBtn-img\"]"}
RESULT: {"using":"xpath","value":"//*[@id=\"__xmlview64--closeColumnBtn-img\"]"}
COMMAND: POST /session/b614b8bdf87ea745e2832f5d1487871c/element/f.E141158646C81433446781BCB2447156.d.BB4CBD98FD82BBF83264EF68167D978B.e.7639/click - {}
RESULT: {}
COMMAND: GET /session/b614b8bdf87ea745e2832f5d1487871c/screenshot - {}
RESULT: {}
COMMAND: POST /session/b614b8bdf87ea745e2832f5d1487871c/element - {"using":"xpath","value":"//div[contains(@id ,\"smartContractFilterBar-btnBasicSearch-reset\")]"}
RESULT: {"using":"xpath","value":"//div[contains(@id ,\"smartContractFilterBar-btnBasicSearch-reset\")]"}
COMMAND: POST /session/b614b8bdf87ea745e2832f5d1487871c/element/f.E141158646C81433446781BCB2447156.d.BB4CBD98FD82BBF83264EF68167D978B.e.7641/click - {}
RESULT: {}
COMMAND: GET /session/b614b8bdf87ea745e2832f5d1487871c/screenshot - {}
COMMAND: POST /session/b614b8bdf87ea745e2832f5d1487871c/execute/async - {"script":"<script> [1562 bytes]","args":[{"selector":{"controlType":"sap.ui.core.Icon","viewName":"etm.portal.ui.managecontracts.view.Master","properties":{"src":{"regex":{"source":"slim\\-arrow\\-down"}}},"ancestor":{"id":"smartContractStatusFilter","viewName":"etm.portal.ui.managecontracts.view.Master"}},"wdio_ui5_key":"etmportal.ui.managecontracts.view.Mastersap.ui.core.Icon{\"src\":{\"regex\":{\"source\":\"slim\\\\-arrow\\\\-down\"}}}{\"id\":\"smartContractStatusFilter\",\"viewName\":\"etm.portal.ui.managecontracts.view.Master\"}"}]}
RESULT: {}
RESULT: {"script":"<script> [1562 bytes]","args":[{"selector":{"controlType":"sap.ui.core.Icon","viewName":"etm.portal.ui.managecontracts.view.Master","properties":{"src":{"regex":{"source":"slim\\-arrow\\-down"}}},"ancestor":{"id":"smartContractStatusFilter","viewName":"etm.portal.ui.managecontracts.view.Master"}},"wdio_ui5_key":"etmportal.ui.managecontracts.view.Mastersap.ui.core.Icon{\"src\":{\"regex\":{\"source\":\"slim\\\\-arrow\\\\-down\"}}}{\"id\":\"smartContractStatusFilter\",\"viewName\":\"etm.portal.ui.managecontracts.view.Master\"}"}]}
RESULT: undefined
COMMAND: POST /session/b614b8bdf87ea745e2832f5d1487871c/element - {"using":"xpath","value":"//*[@id=\"__xmlview63--smartContractStatusFilter-arrow\"]"}
RESULT: {"using":"xpath","value":"//*[@id=\"__xmlview63--smartContractStatusFilter-arrow\"]"}
COMMAND: POST /session/b614b8bdf87ea745e2832f5d1487871c/element/f.E141158646C81433446781BCB2447156.d.BB4CBD98FD82BBF83264EF68167D978B.e.7716/click - {}
RESULT: {}
COMMAND: POST /session/b614b8bdf87ea745e2832f5d1487871c/execute/async - {"script":"<script> [1562 bytes]","args":[{"selector":{"controlType":"sap.m.CheckBox","viewName":"etm.portal.ui.managecontracts.view.Master","properties":{"editable":true},"searchOpenDialogs":true,"ancestor":{"controlType":"sap.m.StandardListItem","viewName":"etm.portal.ui.managecontracts.view.Master","properties":{"title":"partial provided"},"searchOpenDialogs":true},"interaction":{"idSuffix":"CbBg"}},"wdio_ui5_key":"etmportal.ui.managecontracts.view.Mastersap.m.CheckBox{\"editable\":true}{\"controlType\":\"sap.m.StandardListItem\",\"viewName\":\"etm.portal.ui.managecontracts.view.Master\",\"properties\":{\"title\":\"partial provided\"},\"searchOpenDialogs\":true}"}]}
COMMAND: GET /session/b614b8bdf87ea745e2832f5d1487871c/screenshot - {}
RESULT: {"script":"<script> [1562 bytes]","args":[{"selector":{"controlType":"sap.m.CheckBox","viewName":"etm.portal.ui.managecontracts.view.Master","properties":{"editable":true},"searchOpenDialogs":true,"ancestor":{"controlType":"sap.m.StandardListItem","viewName":"etm.portal.ui.managecontracts.view.Master","properties":{"title":"partial provided"},"searchOpenDialogs":true},"interaction":{"idSuffix":"CbBg"}},"wdio_ui5_key":"etmportal.ui.managecontracts.view.Mastersap.m.CheckBox{\"editable\":true}{\"controlType\":\"sap.m.StandardListItem\",\"viewName\":\"etm.portal.ui.managecontracts.view.Master\",\"properties\":{\"title\":\"partial provided\"},\"searchOpenDialogs\":true}"}]}
RESULT: undefined
COMMAND: POST /session/b614b8bdf87ea745e2832f5d1487871c/element - {"using":"xpath","value":"//*[@id=\"__item1128-selectMulti\"]"}
RESULT: {}
RESULT: {"using":"xpath","value":"//*[@id=\"__item1128-selectMulti\"]"}
COMMAND: POST /session/b614b8bdf87ea745e2832f5d1487871c/element/f.E141158646C81433446781BCB2447156.d.BB4CBD98FD82BBF83264EF68167D978B.e.7725/click - {}
RESULT: {}
COMMAND: GET /session/b614b8bdf87ea745e2832f5d1487871c/screenshot - {}
RESULT: {}
COMMAND: POST /session/b614b8bdf87ea745e2832f5d1487871c/element - {"using":"xpath","value":"(//span[contains(@title ,\"Navigation\")])[2]"}
RESULT: {"using":"xpath","value":"(//span[contains(@title ,\"Navigation\")])[2]"}
COMMAND: POST /session/b614b8bdf87ea745e2832f5d1487871c/element/f.E141158646C81433446781BCB2447156.d.BB4CBD98FD82BBF83264EF68167D978B.e.7754/click - {}
RESULT: {}
COMMAND: GET /session/b614b8bdf87ea745e2832f5d1487871c/screenshot - {}
RESULT: {}
COMMAND: POST /session/b614b8bdf87ea745e2832f5d1487871c/element - {"using":"xpath","value":"//bdi[contains(@id ,\"closeContractBtn-BDI-content\")]"}
RESULT: {"using":"xpath","value":"//bdi[contains(@id ,\"closeContractBtn-BDI-content\")]"}
COMMAND: POST /session/b614b8bdf87ea745e2832f5d1487871c/execute/sync - {"script":"<script> [8489 bytes]","args":[{"element-6066-11e4-a52e-4f735466cecf":"f.E141158646C81433446781BCB2447156.d.BB4CBD98FD82BBF83264EF68167D978B.e.7944","ELEMENT":"f.E141158646C81433446781BCB2447156.d.BB4CBD98FD82BBF83264EF68167D978B.e.7944"}]}
RESULT: undefined
COMMAND: POST /session/b614b8bdf87ea745e2832f5d1487871c/element - {"using":"xpath","value":"//*[@id=\"__xmlview64--closeColumnBtn-img\"]"}
RESULT: {"script":"<script> [8489 bytes]","args":[{"element-6066-11e4-a52e-4f735466cecf":"f.E141158646C81433446781BCB2447156.d.BB4CBD98FD82BBF83264EF68167D978B.e.7944","ELEMENT":"f.E141158646C81433446781BCB2447156.d.BB4CBD98FD82BBF83264EF68167D978B.e.7944"}]}
COMMAND: GET /session/b614b8bdf87ea745e2832f5d1487871c/screenshot - {}
RESULT: {"using":"xpath","value":"//*[@id=\"__xmlview64--closeColumnBtn-img\"]"}
COMMAND: POST /session/b614b8bdf87ea745e2832f5d1487871c/element/f.E141158646C81433446781BCB2447156.d.BB4CBD98FD82BBF83264EF68167D978B.e.7639/click - {}
RESULT: {}
COMMAND: POST /session/b614b8bdf87ea745e2832f5d1487871c/execute/sync - {"script":"<script> [8489 bytes]","args":[{"element-6066-11e4-a52e-4f735466cecf":"f.E141158646C81433446781BCB2447156.d.BB4CBD98FD82BBF83264EF68167D978B.e.7944","ELEMENT":"f.E141158646C81433446781BCB2447156.d.BB4CBD98FD82BBF83264EF68167D978B.e.7944"}]}
RESULT: {}
COMMAND: GET /session/b614b8bdf87ea745e2832f5d1487871c/screenshot - {}
RESULT: {"script":"<script> [8489 bytes]","args":[{"element-6066-11e4-a52e-4f735466cecf":"f.E141158646C81433446781BCB2447156.d.BB4CBD98FD82BBF83264EF68167D978B.e.7944","ELEMENT":"f.E141158646C81433446781BCB2447156.d.BB4CBD98FD82BBF83264EF68167D978B.e.7944"}]}
COMMAND: GET /session/b614b8bdf87ea745e2832f5d1487871c/screenshot - {}
COMMAND: POST /session/b614b8bdf87ea745e2832f5d1487871c/execute/sync - {"script":"<script> [8489 bytes]","args":[{"element-6066-11e4-a52e-4f735466cecf":"f.E141158646C81433446781BCB2447156.d.BB4CBD98FD82BBF83264EF68167D978B.e.7944","ELEMENT":"f.E141158646C81433446781BCB2447156.d.BB4CBD98FD82BBF83264EF68167D978B.e.7944"}]}
COMMAND: POST /session/b614b8bdf87ea745e2832f5d1487871c/refresh - {}
RESULT: {}
RESULT: {}
RESULT: {"script":"<script> [8489 bytes]","args":[{"element-6066-11e4-a52e-4f735466cecf":"f.E141158646C81433446781BCB2447156.d.BB4CBD98FD82BBF83264EF68167D978B.e.7944","ELEMENT":"f.E141158646C81433446781BCB2447156.d.BB4CBD98FD82BBF83264EF68167D978B.e.7944"}]}
COMMAND: GET /session/b614b8bdf87ea745e2832f5d1487871c/screenshot - {}
RESULT: {}
COMMAND: GET /session/b614b8bdf87ea745e2832f5d1487871c/screenshot - {}
RESULT: {}
RESULT: {}
COMMAND: POST /session/b614b8bdf87ea745e2832f5d1487871c/execute/async - {"script":"<script> [189 bytes]","args":[]}
RESULT: {"script":"<script> [189 bytes]","args":[]}
COMMAND: POST /session/b614b8bdf87ea745e2832f5d1487871c/execute/async - {"script":"<script> [123 bytes]","args":[]}
RESULT: {"script":"<script> [123 bytes]","args":[]}
COMMAND: POST /session/b614b8bdf87ea745e2832f5d1487871c/timeouts - {"script":"<number>"}
RESULT: {"script":"<number>"}
COMMAND: GET /session/b614b8bdf87ea745e2832f5d1487871c/timeouts - {}
RESULT: {}
RESULT: undefined
COMMAND: POST /session/b614b8bdf87ea745e2832f5d1487871c/execute/async - {"script":"<script> [2676 bytes]","args":[]}
RESULT: {"script":"<script> [2676 bytes]","args":[]}
COMMAND: POST /session/b614b8bdf87ea745e2832f5d1487871c/execute/async - {"script":"<script> [2342 bytes]","args":[{"protocol":"http","hostname":"0.0.0.0","path":"/","capabilities":{"browserName":"chrome","goog:chromeOptions":{"binary":"C:\\Program Files\\Google\\Chrome\\Application\\chrome.exe","args":["--start-maximized"]}},"logLevel":"warn","connectionRetryTimeout":120000,"connectionRetryCount":3,"logLevels":{},"enableDirectConnect":true,"strictSSL":true,"_":"65 more keys: [\"cacheDir\",\"port\",\"requestedCapabilities\",\"automationProtocol\",\"baseUrl\",\"waitforInterval\",\"waitforTimeout\",\"onReload\",\"beforeCommand\",\"afterCommand\",\"rootDir\",\"specs\",\"suites\",\"exclude\",\"groupLogsByTestSpec\",\"excludeDriverLogs\",\"bail\",\"framework\",\"reporters\",\"services\",\"maxInstances\",\"maxInstancesPerCapability\",\"injectGlobals\",\"filesToWatch\",\"execArgv\",\"runnerEnv\",\"runner\",\"shard\",\"specFileRetries\",\"specFileRetriesDelay\",\"specFileRetriesDeferred\",\"reporterSyncInterval\",\"reporterSyncTimeout\",\"cucumberFeaturesWithLineNumbers\",\"autoCompileOpts\",\"mochaOpts\",\"jasmineOpts\",\"cucumberOpts\",\"onPrepare\",\"onWorkerStart\",\"onWorkerEnd\",\"before\",\"beforeSession\",\"beforeSuite\",\"beforeHook\",\"beforeTest\",\"afterTest\",\"afterHook\",\"afterSuite\",\"afterSession\",\"after\",\"onComplete\",\"beforeAssertion\",\"afterAssertion\",\"beforeFeature\",\"beforeScenario\",\"beforeStep\",\"afterStep\",\"afterScenario\",\"afterFeature\",\"_\",\"suite\",\"$0\",\"ignoredWorkerServices\",\"wdi5\"]"}]}
RESULT: {"script":"<script> [2342 bytes]","args":[{"protocol":"http","hostname":"0.0.0.0","path":"/","capabilities":{"browserName":"chrome","goog:chromeOptions":{"binary":"C:\\Program Files\\Google\\Chrome\\Application\\chrome.exe","args":["--start-maximized"]}},"logLevel":"warn","connectionRetryTimeout":120000,"connectionRetryCount":3,"logLevels":{},"enableDirectConnect":true,"strictSSL":true,"_":"65 more keys: [\"cacheDir\",\"port\",\"requestedCapabilities\",\"automationProtocol\",\"baseUrl\",\"waitforInterval\",\"waitforTimeout\",\"onReload\",\"beforeCommand\",\"afterCommand\",\"rootDir\",\"specs\",\"suites\",\"exclude\",\"groupLogsByTestSpec\",\"excludeDriverLogs\",\"bail\",\"framework\",\"reporters\",\"services\",\"maxInstances\",\"maxInstancesPerCapability\",\"injectGlobals\",\"filesToWatch\",\"execArgv\",\"runnerEnv\",\"runner\",\"shard\",\"specFileRetries\",\"specFileRetriesDelay\",\"specFileRetriesDeferred\",\"reporterSyncInterval\",\"reporterSyncTimeout\",\"cucumberFeaturesWithLineNumbers\",\"autoCompileOpts\",\"mochaOpts\",\"jasmineOpts\",\"cucumberOpts\",\"onPrepare\",\"onWorkerStart\",\"onWorkerEnd\",\"before\",\"beforeSession\",\"beforeSuite\",\"beforeHook\",\"beforeTest\",\"afterTest\",\"afterHook\",\"afterSuite\",\"afterSession\",\"after\",\"onComplete\",\"beforeAssertion\",\"afterAssertion\",\"beforeFeature\",\"beforeScenario\",\"beforeStep\",\"afterStep\",\"afterScenario\",\"afterFeature\",\"_\",\"suite\",\"$0\",\"ignoredWorkerServices\",\"wdi5\"]"}]}
COMMAND: POST /session/b614b8bdf87ea745e2832f5d1487871c/execute/async - {"script":"<script> [21126 bytes]","args":[35000]}
RESULT: {"script":"<script> [21126 bytes]","args":[35000]}
COMMAND: POST /session/b614b8bdf87ea745e2832f5d1487871c/execute/async - {"script":"<script> [1562 bytes]","args":[{"selector":{"controlType":"sap.ui.core.Icon","viewName":"etm.portal.ui.managecontracts.view.Master","properties":{"src":{"regex":{"source":"slim\\-arrow\\-down"}}},"ancestor":{"id":"smartContractStatusFilter","viewName":"etm.portal.ui.managecontracts.view.Master"}},"wdio_ui5_key":"etmportal.ui.managecontracts.view.Mastersap.ui.core.Icon{\"src\":{\"regex\":{\"source\":\"slim\\\\-arrow\\\\-down\"}}}{\"id\":\"smartContractStatusFilter\",\"viewName\":\"etm.portal.ui.managecontracts.view.Master\"}"}]}
RESULT: {"script":"<script> [1562 bytes]","args":[{"selector":{"controlType":"sap.ui.core.Icon","viewName":"etm.portal.ui.managecontracts.view.Master","properties":{"src":{"regex":{"source":"slim\\-arrow\\-down"}}},"ancestor":{"id":"smartContractStatusFilter","viewName":"etm.portal.ui.managecontracts.view.Master"}},"wdio_ui5_key":"etmportal.ui.managecontracts.view.Mastersap.ui.core.Icon{\"src\":{\"regex\":{\"source\":\"slim\\\\-arrow\\\\-down\"}}}{\"id\":\"smartContractStatusFilter\",\"viewName\":\"etm.portal.ui.managecontracts.view.Master\"}"}]}
RESULT: undefined
COMMAND: POST /session/b614b8bdf87ea745e2832f5d1487871c/element - {"using":"xpath","value":"//*[@id=\"__xmlview0--smartContractStatusFilter-arrow\"]"}
RESULT: {"using":"xpath","value":"//*[@id=\"__xmlview0--smartContractStatusFilter-arrow\"]"}
COMMAND: POST /session/b614b8bdf87ea745e2832f5d1487871c/element/f.E141158646C81433446781BCB2447156.d.A2D7664EFE597ADBC0E84C506AB1A1B4.e.8127/click - {}
RESULT: {}
COMMAND: GET /session/b614b8bdf87ea745e2832f5d1487871c/screenshot - {}
RESULT: {}
COMMAND: POST /session/b614b8bdf87ea745e2832f5d1487871c/execute/async - {"script":"<script> [1562 bytes]","args":[{"selector":{"controlType":"sap.m.CheckBox","viewName":"etm.portal.ui.managecontracts.view.Master","properties":{"editable":true},"searchOpenDialogs":true,"ancestor":{"controlType":"sap.m.StandardListItem","viewName":"etm.portal.ui.managecontracts.view.Master","properties":{"title":"partial billed"},"searchOpenDialogs":true},"interaction":{"idSuffix":"CbBg"}},"wdio_ui5_key":"etmportal.ui.managecontracts.view.Mastersap.m.CheckBox{\"editable\":true}{\"controlType\":\"sap.m.StandardListItem\",\"viewName\":\"etm.portal.ui.managecontracts.view.Master\",\"properties\":{\"title\":\"partial billed\"},\"searchOpenDialogs\":true}"}]}
RESULT: {"script":"<script> [1562 bytes]","args":[{"selector":{"controlType":"sap.m.CheckBox","viewName":"etm.portal.ui.managecontracts.view.Master","properties":{"editable":true},"searchOpenDialogs":true,"ancestor":{"controlType":"sap.m.StandardListItem","viewName":"etm.portal.ui.managecontracts.view.Master","properties":{"title":"partial billed"},"searchOpenDialogs":true},"interaction":{"idSuffix":"CbBg"}},"wdio_ui5_key":"etmportal.ui.managecontracts.view.Mastersap.m.CheckBox{\"editable\":true}{\"controlType\":\"sap.m.StandardListItem\",\"viewName\":\"etm.portal.ui.managecontracts.view.Master\",\"properties\":{\"title\":\"partial billed\"},\"searchOpenDialogs\":true}"}]}
RESULT: undefined
COMMAND: POST /session/b614b8bdf87ea745e2832f5d1487871c/element - {"using":"xpath","value":"//*[@id=\"__item41-selectMulti\"]"}
RESULT: {"using":"xpath","value":"//*[@id=\"__item41-selectMulti\"]"}
COMMAND: POST /session/b614b8bdf87ea745e2832f5d1487871c/element/f.E141158646C81433446781BCB2447156.d.A2D7664EFE597ADBC0E84C506AB1A1B4.e.8136/click - {}
RESULT: {}
COMMAND: GET /session/b614b8bdf87ea745e2832f5d1487871c/screenshot - {}
RESULT: {}
COMMAND: POST /session/b614b8bdf87ea745e2832f5d1487871c/element - {"using":"xpath","value":"(//span[contains(@title ,\"Navigation\")])[2]"}
RESULT: {"using":"xpath","value":"(//span[contains(@title ,\"Navigation\")])[2]"}
COMMAND: POST /session/b614b8bdf87ea745e2832f5d1487871c/element/f.E141158646C81433446781BCB2447156.d.A2D7664EFE597ADBC0E84C506AB1A1B4.e.8171/click - {}
RESULT: {}
COMMAND: GET /session/b614b8bdf87ea745e2832f5d1487871c/screenshot - {}
RESULT: {}
COMMAND: POST /session/b614b8bdf87ea745e2832f5d1487871c/execute/sync - {"script":"<script> [8489 bytes]","args":[{"element-6066-11e4-a52e-4f735466cecf":"f.E141158646C81433446781BCB2447156.d.BB4CBD98FD82BBF83264EF68167D978B.e.7944","ELEMENT":"f.E141158646C81433446781BCB2447156.d.BB4CBD98FD82BBF83264EF68167D978B.e.7944"}]}
COMMAND: POST /session/b614b8bdf87ea745e2832f5d1487871c/element - {"using":"css selector","value":"#shell-header-logo"}
COMMAND: POST /session/b614b8bdf87ea745e2832f5d1487871c/element - {"using":"xpath","value":"//bdi[contains(@id ,\"closeContractBtn-BDI-content\")]"}
RESULT: {"using":"css selector","value":"#shell-header-logo"}
COMMAND: POST /session/b614b8bdf87ea745e2832f5d1487871c/element/f.E141158646C81433446781BCB2447156.d.A2D7664EFE597ADBC0E84C506AB1A1B4.e.8065/click - {}
RESULT: {"using":"xpath","value":"//bdi[contains(@id ,\"closeContractBtn-BDI-content\")]"}
COMMAND: POST /session/b614b8bdf87ea745e2832f5d1487871c/element - {"using":"xpath","value":"//bdi[contains(@id ,\"closeContractBtn-BDI-content\")]"}
RESULT: {}
COMMAND: GET /session/b614b8bdf87ea745e2832f5d1487871c/screenshot - {}
RESULT: {"using":"xpath","value":"//bdi[contains(@id ,\"closeContractBtn-BDI-content\")]"}
RESULT: {}
]]></system-out>
    </testcase>
  </testsuite>
  <testsuite timestamp="2025-05-14T18:20:18" time="62.29" tests="1" failures="0" errors="0" skipped="0">
    <properties>
      <property name="specId" value="0" />
      <property name="suiteName" value="Standard contract decline US151279" />
      <property name="capabilities" value="chrome.136_0_7103_49.windows" />
      <property name="file" value="file:///D:/a/1/s/test/specs/R2C/standard-contract-decline.spec.js" />
    </properties>
    <testcase classname="chrome.136_0_7103_49.windows.Standard_contract_decline_US151279" name="Should decline a contract" time="57.949">
      <system-out><![CDATA[
COMMAND: POST /session/b614b8bdf87ea745e2832f5d1487871c/execute/async - {"script":"<script> [1562 bytes]","args":[{"selector":{"controlType":"sap.m.GenericTile","properties":{"header":"Manage Contracts"}},"wdio_ui5_key":"sapm.GenericTile{\"header\":\"Manage Contracts\"}"}]}
RESULT: {"script":"<script> [1562 bytes]","args":[{"selector":{"controlType":"sap.m.GenericTile","properties":{"header":"Manage Contracts"}},"wdio_ui5_key":"sapm.GenericTile{\"header\":\"Manage Contracts\"}"}]}
RESULT: undefined
COMMAND: POST /session/b614b8bdf87ea745e2832f5d1487871c/element - {"using":"xpath","value":"//*[@id=\"__tile130\"]"}
RESULT: {"using":"xpath","value":"//*[@id=\"__tile130\"]"}
COMMAND: POST /session/b614b8bdf87ea745e2832f5d1487871c/element/f.E141158646C81433446781BCB2447156.d.A2D7664EFE597ADBC0E84C506AB1A1B4.e.8498/click - {}
RESULT: {}
COMMAND: GET /session/b614b8bdf87ea745e2832f5d1487871c/screenshot - {}
COMMAND: POST /session/b614b8bdf87ea745e2832f5d1487871c/element - {"using":"xpath","value":"//input[contains(@id ,\"smartContractFilterBar-btnBasicSearch-I\")]"}
RESULT: {}
RESULT: {"using":"xpath","value":"//input[contains(@id ,\"smartContractFilterBar-btnBasicSearch-I\")]"}
COMMAND: POST /session/b614b8bdf87ea745e2832f5d1487871c/elements - {"using":"xpath","value":"//input[contains(@id ,\"smartContractFilterBar-btnBasicSearch-I\")]"}
RESULT: {"using":"xpath","value":"//input[contains(@id ,\"smartContractFilterBar-btnBasicSearch-I\")]"}
COMMAND: POST /session/b614b8bdf87ea745e2832f5d1487871c/elements - {"using":"xpath","value":"//input[contains(@id ,\"smartContractFilterBar-btnBasicSearch-I\")]"}
RESULT: {"using":"xpath","value":"//input[contains(@id ,\"smartContractFilterBar-btnBasicSearch-I\")]"}
COMMAND: POST /session/b614b8bdf87ea745e2832f5d1487871c/elements - {"using":"xpath","value":"//input[contains(@id ,\"smartContractFilterBar-btnBasicSearch-I\")]"}
RESULT: {"using":"xpath","value":"//input[contains(@id ,\"smartContractFilterBar-btnBasicSearch-I\")]"}
COMMAND: POST /session/b614b8bdf87ea745e2832f5d1487871c/elements - {"using":"xpath","value":"//input[contains(@id ,\"smartContractFilterBar-btnBasicSearch-I\")]"}
RESULT: {"using":"xpath","value":"//input[contains(@id ,\"smartContractFilterBar-btnBasicSearch-I\")]"}
COMMAND: POST /session/b614b8bdf87ea745e2832f5d1487871c/elements - {"using":"xpath","value":"//input[contains(@id ,\"smartContractFilterBar-btnBasicSearch-I\")]"}
RESULT: {"using":"xpath","value":"//input[contains(@id ,\"smartContractFilterBar-btnBasicSearch-I\")]"}
COMMAND: POST /session/b614b8bdf87ea745e2832f5d1487871c/elements - {"using":"xpath","value":"//input[contains(@id ,\"smartContractFilterBar-btnBasicSearch-I\")]"}
RESULT: {"using":"xpath","value":"//input[contains(@id ,\"smartContractFilterBar-btnBasicSearch-I\")]"}
COMMAND: POST /session/b614b8bdf87ea745e2832f5d1487871c/elements - {"using":"xpath","value":"//input[contains(@id ,\"smartContractFilterBar-btnBasicSearch-I\")]"}
COMMAND: POST /session/b614b8bdf87ea745e2832f5d1487871c/elements - {"using":"xpath","value":"//span[text()='Error']"}
RESULT: {"using":"xpath","value":"//input[contains(@id ,\"smartContractFilterBar-btnBasicSearch-I\")]"}
RESULT: {"using":"xpath","value":"//span[text()='Error']"}
COMMAND: POST /session/b614b8bdf87ea745e2832f5d1487871c/elements - {"using":"xpath","value":"//input[contains(@id ,\"smartContractFilterBar-btnBasicSearch-I\")]"}
RESULT: {"using":"xpath","value":"//input[contains(@id ,\"smartContractFilterBar-btnBasicSearch-I\")]"}
COMMAND: POST /session/b614b8bdf87ea745e2832f5d1487871c/elements - {"using":"xpath","value":"//input[contains(@id ,\"smartContractFilterBar-btnBasicSearch-I\")]"}
RESULT: {"using":"xpath","value":"//input[contains(@id ,\"smartContractFilterBar-btnBasicSearch-I\")]"}
COMMAND: POST /session/b614b8bdf87ea745e2832f5d1487871c/elements - {"using":"xpath","value":"//input[contains(@id ,\"smartContractFilterBar-btnBasicSearch-I\")]"}
RESULT: {"using":"xpath","value":"//input[contains(@id ,\"smartContractFilterBar-btnBasicSearch-I\")]"}
COMMAND: POST /session/b614b8bdf87ea745e2832f5d1487871c/elements - {"using":"xpath","value":"//input[contains(@id ,\"smartContractFilterBar-btnBasicSearch-I\")]"}
RESULT: {"using":"xpath","value":"//input[contains(@id ,\"smartContractFilterBar-btnBasicSearch-I\")]"}
COMMAND: POST /session/b614b8bdf87ea745e2832f5d1487871c/elements - {"using":"xpath","value":"//input[contains(@id ,\"smartContractFilterBar-btnBasicSearch-I\")]"}
RESULT: {"using":"xpath","value":"//input[contains(@id ,\"smartContractFilterBar-btnBasicSearch-I\")]"}
COMMAND: POST /session/b614b8bdf87ea745e2832f5d1487871c/element - {"using":"xpath","value":"//input[contains(@id ,\"smartContractFilterBar-btnBasicSearch-I\")]"}
RESULT: {"using":"xpath","value":"//input[contains(@id ,\"smartContractFilterBar-btnBasicSearch-I\")]"}
COMMAND: POST /session/b614b8bdf87ea745e2832f5d1487871c/element/f.E141158646C81433446781BCB2447156.d.A2D7664EFE597ADBC0E84C506AB1A1B4.e.8509/clear - {}
RESULT: {}
COMMAND: POST /session/b614b8bdf87ea745e2832f5d1487871c/element/f.E141158646C81433446781BCB2447156.d.A2D7664EFE597ADBC0E84C506AB1A1B4.e.8509/value - {"text":"10221"}
COMMAND: GET /session/b614b8bdf87ea745e2832f5d1487871c/screenshot - {}
RESULT: {"text":"10221"}
COMMAND: POST /session/b614b8bdf87ea745e2832f5d1487871c/actions - {"actions":[{"id":"action43","type":"key","parameters":{},"actions":[{"type":"keyDown","value":"î€‡"},{"type":"pause","duration":10},{"type":"keyUp","value":"î€‡"}]}]}
COMMAND: GET /session/b614b8bdf87ea745e2832f5d1487871c/screenshot - {}
RESULT: {}
RESULT: {"actions":[{"id":"action43","type":"key","parameters":{},"actions":[{"type":"keyDown","value":"î€‡"},{"type":"pause","duration":10},{"type":"keyUp","value":"î€‡"}]}]}
COMMAND: GET /session/b614b8bdf87ea745e2832f5d1487871c/screenshot - {}
RESULT: {}
RESULT: {}
COMMAND: POST /session/b614b8bdf87ea745e2832f5d1487871c/execute/async - {"script":"<script> [1562 bytes]","args":[{"selector":{"controlType":"sap.ui.core.Icon","viewName":"etm.portal.ui.managecontracts.view.Master","properties":{"src":{"regex":{"source":"slim\\-arrow\\-right"}}}},"wdio_ui5_key":"etmportal.ui.managecontracts.view.Mastersap.ui.core.Icon{\"src\":{\"regex\":{\"source\":\"slim\\\\-arrow\\\\-right\"}}}"}]}
RESULT: {"script":"<script> [1562 bytes]","args":[{"selector":{"controlType":"sap.ui.core.Icon","viewName":"etm.portal.ui.managecontracts.view.Master","properties":{"src":{"regex":{"source":"slim\\-arrow\\-right"}}}},"wdio_ui5_key":"etmportal.ui.managecontracts.view.Mastersap.ui.core.Icon{\"src\":{\"regex\":{\"source\":\"slim\\\\-arrow\\\\-right\"}}}"}]}
RESULT: undefined
COMMAND: POST /session/b614b8bdf87ea745e2832f5d1487871c/element - {"using":"xpath","value":"//*[@id=\"__item77-__clone194-imgNav\"]"}
RESULT: {"using":"xpath","value":"//*[@id=\"__item77-__clone194-imgNav\"]"}
COMMAND: POST /session/b614b8bdf87ea745e2832f5d1487871c/element/f.E141158646C81433446781BCB2447156.d.A2D7664EFE597ADBC0E84C506AB1A1B4.e.8608/click - {}
RESULT: {}
COMMAND: GET /session/b614b8bdf87ea745e2832f5d1487871c/screenshot - {}
RESULT: {}
COMMAND: POST /session/b614b8bdf87ea745e2832f5d1487871c/execute/async - {"script":"<script> [1562 bytes]","args":[{"selector":{"id":"cancelContractBtn","viewName":"etm.portal.ui.managecontracts.view.Detail","interaction":{"idSuffix":"BDI-content"}},"wdio_ui5_key":"cancelContractBtnetmportal.ui.managecontracts.view.Detail"}]}
RESULT: {"script":"<script> [1562 bytes]","args":[{"selector":{"id":"cancelContractBtn","viewName":"etm.portal.ui.managecontracts.view.Detail","interaction":{"idSuffix":"BDI-content"}},"wdio_ui5_key":"cancelContractBtnetmportal.ui.managecontracts.view.Detail"}]}
RESULT: undefined
COMMAND: POST /session/b614b8bdf87ea745e2832f5d1487871c/element - {"using":"xpath","value":"//*[@id=\"__xmlview61--cancelContractBtn\"]"}
RESULT: {"using":"xpath","value":"//*[@id=\"__xmlview61--cancelContractBtn\"]"}
COMMAND: POST /session/b614b8bdf87ea745e2832f5d1487871c/element/f.E141158646C81433446781BCB2447156.d.A2D7664EFE597ADBC0E84C506AB1A1B4.e.8683/click - {}
RESULT: {}
COMMAND: GET /session/b614b8bdf87ea745e2832f5d1487871c/screenshot - {}
RESULT: {}
COMMAND: POST /session/b614b8bdf87ea745e2832f5d1487871c/execute/async - {"script":"<script> [1562 bytes]","args":[{"selector":{"controlType":"sap.m.Text","properties":{"text":"Do you want to cancel the whole contract?"},"searchOpenDialogs":true},"wdio_ui5_key":"sapm.Text{\"text\":\"Do you want to cancel the whole contract?\"}"}]}
RESULT: {"script":"<script> [1562 bytes]","args":[{"selector":{"controlType":"sap.m.Text","properties":{"text":"Do you want to cancel the whole contract?"},"searchOpenDialogs":true},"wdio_ui5_key":"sapm.Text{\"text\":\"Do you want to cancel the whole contract?\"}"}]}
RESULT: undefined
COMMAND: POST /session/b614b8bdf87ea745e2832f5d1487871c/execute/async - {"script":"<script> [6424 bytes]","args":[{"element-6066-11e4-a52e-4f735466cecf":"f.E141158646C81433446781BCB2447156.d.A2D7664EFE597ADBC0E84C506AB1A1B4.e.8739"},"getText",[]]}
RESULT: {"script":"<script> [6424 bytes]","args":[{"element-6066-11e4-a52e-4f735466cecf":"f.E141158646C81433446781BCB2447156.d.A2D7664EFE597ADBC0E84C506AB1A1B4.e.8739"},"getText",[]]}
COMMAND: POST /session/b614b8bdf87ea745e2832f5d1487871c/element - {"using":"xpath","value":"//bdi[contains(text(), \"OK\")]"}
RESULT: {"using":"xpath","value":"//bdi[contains(text(), \"OK\")]"}
COMMAND: POST /session/b614b8bdf87ea745e2832f5d1487871c/element/f.E141158646C81433446781BCB2447156.d.A2D7664EFE597ADBC0E84C506AB1A1B4.e.8740/click - {}
RESULT: {}
COMMAND: GET /session/b614b8bdf87ea745e2832f5d1487871c/screenshot - {}
RESULT: {}
COMMAND: POST /session/b614b8bdf87ea745e2832f5d1487871c/element - {"using":"xpath","value":"//input[contains(@id ,\"smartContractFilterBar-btnBasicSearch-I\")]"}
RESULT: {"using":"xpath","value":"//input[contains(@id ,\"smartContractFilterBar-btnBasicSearch-I\")]"}
COMMAND: POST /session/b614b8bdf87ea745e2832f5d1487871c/element/f.E141158646C81433446781BCB2447156.d.A2D7664EFE597ADBC0E84C506AB1A1B4.e.8509/clear - {}
RESULT: {}
COMMAND: POST /session/b614b8bdf87ea745e2832f5d1487871c/element/f.E141158646C81433446781BCB2447156.d.A2D7664EFE597ADBC0E84C506AB1A1B4.e.8509/value - {"text":"10221"}
COMMAND: GET /session/b614b8bdf87ea745e2832f5d1487871c/screenshot - {}
RESULT: {"text":"10221"}
COMMAND: POST /session/b614b8bdf87ea745e2832f5d1487871c/actions - {"actions":[{"id":"action44","type":"key","parameters":{},"actions":[{"type":"keyDown","value":"î€‡"},{"type":"pause","duration":10},{"type":"keyUp","value":"î€‡"}]}]}
COMMAND: GET /session/b614b8bdf87ea745e2832f5d1487871c/screenshot - {}
RESULT: {}
RESULT: {"actions":[{"id":"action44","type":"key","parameters":{},"actions":[{"type":"keyDown","value":"î€‡"},{"type":"pause","duration":10},{"type":"keyUp","value":"î€‡"}]}]}
COMMAND: GET /session/b614b8bdf87ea745e2832f5d1487871c/screenshot - {}
RESULT: {}
RESULT: {}
COMMAND: POST /session/b614b8bdf87ea745e2832f5d1487871c/execute/async - {"script":"<script> [1562 bytes]","args":[{"selector":{"controlType":"sap.m.ObjectStatus","viewName":"etm.portal.ui.managecontracts.view.Master","bindingPath":{"path":"/SmartContractHeaders('10221')","propertyPath":"STATUS_DESCRIPTION"}},"wdio_ui5_key":"etmportal.ui.managecontracts.view.Mastersap.m.ObjectStatus{\"path\":\"/SmartContractHeaders('10221')\",\"propertyPath\":\"STATUS_DESCRIPTION\"}"}]}
RESULT: {"script":"<script> [1562 bytes]","args":[{"selector":{"controlType":"sap.m.ObjectStatus","viewName":"etm.portal.ui.managecontracts.view.Master","bindingPath":{"path":"/SmartContractHeaders('10221')","propertyPath":"STATUS_DESCRIPTION"}},"wdio_ui5_key":"etmportal.ui.managecontracts.view.Mastersap.m.ObjectStatus{\"path\":\"/SmartContractHeaders('10221')\",\"propertyPath\":\"STATUS_DESCRIPTION\"}"}]}
RESULT: undefined
COMMAND: POST /session/b614b8bdf87ea745e2832f5d1487871c/execute/async - {"script":"<script> [6424 bytes]","args":[{"element-6066-11e4-a52e-4f735466cecf":"f.E141158646C81433446781BCB2447156.d.A2D7664EFE597ADBC0E84C506AB1A1B4.e.8799"},"getText",[]]}
RESULT: {"script":"<script> [6424 bytes]","args":[{"element-6066-11e4-a52e-4f735466cecf":"f.E141158646C81433446781BCB2447156.d.A2D7664EFE597ADBC0E84C506AB1A1B4.e.8799"},"getText",[]]}
RESULT: undefined
COMMAND: POST /session/b614b8bdf87ea745e2832f5d1487871c/element - {"using":"xpath","value":"//*[@id=\"__item77-__clone194-imgNav\"]"}
RESULT: {"using":"xpath","value":"//*[@id=\"__item77-__clone194-imgNav\"]"}
COMMAND: POST /session/b614b8bdf87ea745e2832f5d1487871c/element/f.E141158646C81433446781BCB2447156.d.A2D7664EFE597ADBC0E84C506AB1A1B4.e.8608/click - {}
RESULT: {}
COMMAND: GET /session/b614b8bdf87ea745e2832f5d1487871c/screenshot - {}
RESULT: {}
COMMAND: POST /session/b614b8bdf87ea745e2832f5d1487871c/execute/async - {"script":"<script> [1562 bytes]","args":[{"selector":{"controlType":"sap.m.ObjectStatus","viewName":"etm.portal.ui.managecontracts.view.Detail","bindingPath":{"path":"/SmartContractItems(CONTRACT='10221',ITEM=10m,SUB_ITEM=0m)","propertyPath":"STATUS"}},"wdio_ui5_key":"etmportal.ui.managecontracts.view.Detailsap.m.ObjectStatus{\"path\":\"/SmartContractItems(CONTRACT='10221',ITEM=10m,SUB_ITEM=0m)\",\"propertyPath\":\"STATUS\"}"}]}
RESULT: {"script":"<script> [1562 bytes]","args":[{"selector":{"controlType":"sap.m.ObjectStatus","viewName":"etm.portal.ui.managecontracts.view.Detail","bindingPath":{"path":"/SmartContractItems(CONTRACT='10221',ITEM=10m,SUB_ITEM=0m)","propertyPath":"STATUS"}},"wdio_ui5_key":"etmportal.ui.managecontracts.view.Detailsap.m.ObjectStatus{\"path\":\"/SmartContractItems(CONTRACT='10221',ITEM=10m,SUB_ITEM=0m)\",\"propertyPath\":\"STATUS\"}"}]}
RESULT: undefined
COMMAND: POST /session/b614b8bdf87ea745e2832f5d1487871c/execute/async - {"script":"<script> [6424 bytes]","args":[{"element-6066-11e4-a52e-4f735466cecf":"f.E141158646C81433446781BCB2447156.d.A2D7664EFE597ADBC0E84C506AB1A1B4.e.8822"},"getText",[]]}
RESULT: {"script":"<script> [6424 bytes]","args":[{"element-6066-11e4-a52e-4f735466cecf":"f.E141158646C81433446781BCB2447156.d.A2D7664EFE597ADBC0E84C506AB1A1B4.e.8822"},"getText",[]]}
COMMAND: POST /session/b614b8bdf87ea745e2832f5d1487871c/element - {"using":"css selector","value":"#shell-header-logo"}
RESULT: {"using":"css selector","value":"#shell-header-logo"}
COMMAND: POST /session/b614b8bdf87ea745e2832f5d1487871c/element/f.E141158646C81433446781BCB2447156.d.A2D7664EFE597ADBC0E84C506AB1A1B4.e.8500/click - {}
RESULT: {}
COMMAND: GET /session/b614b8bdf87ea745e2832f5d1487871c/screenshot - {}
RESULT: {}
]]></system-out>
    </testcase>
  </testsuite>
  <testsuite timestamp="2025-05-14T18:21:20" time="181.014" tests="2" failures="0" errors="0" skipped="0">
    <properties>
      <property name="specId" value="0" />
      <property name="suiteName" value="Insert service into a contract US152956" />
      <property name="capabilities" value="chrome.136_0_7103_49.windows" />
      <property name="file" value="file:///D:/a/1/s/test/specs/R2C/insert-service-into-a-contract.spec.js" />
    </properties>
    <testcase classname="chrome.136_0_7103_49.windows.Insert_service_into_a_contract_US152956" name="Should create a new contract" time="96.578">
      <system-out><![CDATA[
RESULT: undefined
COMMAND: POST /session/b614b8bdf87ea745e2832f5d1487871c/element - {"using":"xpath","value":"//*[@id=\"__tile130\"]"}
RESULT: {"using":"xpath","value":"//*[@id=\"__tile130\"]"}
COMMAND: POST /session/b614b8bdf87ea745e2832f5d1487871c/element/f.E141158646C81433446781BCB2447156.d.A2D7664EFE597ADBC0E84C506AB1A1B4.e.8498/click - {}
RESULT: {}
COMMAND: GET /session/b614b8bdf87ea745e2832f5d1487871c/screenshot - {}
RESULT: {}
COMMAND: POST /session/b614b8bdf87ea745e2832f5d1487871c/elements - {"using":"xpath","value":"//span[text()='Error']"}
RESULT: {"using":"xpath","value":"//span[text()='Error']"}
COMMAND: POST /session/b614b8bdf87ea745e2832f5d1487871c/element - {"using":"xpath","value":"//button[@data-kt=\"addButton\"]"}
RESULT: {"using":"xpath","value":"//button[@data-kt=\"addButton\"]"}
COMMAND: POST /session/b614b8bdf87ea745e2832f5d1487871c/element/f.E141158646C81433446781BCB2447156.d.A2D7664EFE597ADBC0E84C506AB1A1B4.e.8873/click - {}
RESULT: {}
COMMAND: GET /session/b614b8bdf87ea745e2832f5d1487871c/screenshot - {}
RESULT: {}
COMMAND: POST /session/b614b8bdf87ea745e2832f5d1487871c/execute/async - {"script":"<script> [1562 bytes]","args":[{"selector":{"id":"application-managecontracts-display-component---AddNewContract--projectDescription","interaction":{"idSuffix":"inner"}},"wdio_ui5_key":"applicationmanagecontracts-display-component---AddNewContract--projectDescription"}]}
RESULT: {"script":"<script> [1562 bytes]","args":[{"selector":{"id":"application-managecontracts-display-component---AddNewContract--projectDescription","interaction":{"idSuffix":"inner"}},"wdio_ui5_key":"applicationmanagecontracts-display-component---AddNewContract--projectDescription"}]}
RESULT: undefined
COMMAND: POST /session/b614b8bdf87ea745e2832f5d1487871c/execute/async - {"script":"<script> [776 bytes]","args":[{"enterText":"WdIOR2cnf0wg","selector":{"id":"application-managecontracts-display-component---AddNewContract--projectDescription","interaction":{"idSuffix":"inner"}},"clearTextFirst":true,"interactionType":"ENTER_TEXT"}]}
RESULT: {"script":"<script> [776 bytes]","args":[{"enterText":"WdIOR2cnf0wg","selector":{"id":"application-managecontracts-display-component---AddNewContract--projectDescription","interaction":{"idSuffix":"inner"}},"clearTextFirst":true,"interactionType":"ENTER_TEXT"}]}
COMMAND: POST /session/b614b8bdf87ea745e2832f5d1487871c/element - {"using":"xpath","value":"//input[@id=\"application-managecontracts-display-component---AddNewContract--yardId-inner\"]"}
RESULT: {"using":"xpath","value":"//input[@id=\"application-managecontracts-display-component---AddNewContract--yardId-inner\"]"}
COMMAND: POST /session/b614b8bdf87ea745e2832f5d1487871c/element/f.E141158646C81433446781BCB2447156.d.A2D7664EFE597ADBC0E84C506AB1A1B4.e.9174/clear - {}
RESULT: {}
COMMAND: POST /session/b614b8bdf87ea745e2832f5d1487871c/element/f.E141158646C81433446781BCB2447156.d.A2D7664EFE597ADBC0E84C506AB1A1B4.e.9174/value - {"text":"WebdriverYard1j42w"}
COMMAND: GET /session/b614b8bdf87ea745e2832f5d1487871c/screenshot - {}
RESULT: {"text":"WebdriverYard1j42w"}
COMMAND: GET /session/b614b8bdf87ea745e2832f5d1487871c/screenshot - {}
RESULT: {}
RESULT: {}
COMMAND: POST /session/b614b8bdf87ea745e2832f5d1487871c/actions - {"actions":[{"id":"action45","type":"key","parameters":{},"actions":[{"type":"keyDown","value":"î€‡"},{"type":"pause","duration":10},{"type":"keyUp","value":"î€‡"}]}]}
RESULT: {"actions":[{"id":"action45","type":"key","parameters":{},"actions":[{"type":"keyDown","value":"î€‡"},{"type":"pause","duration":10},{"type":"keyUp","value":"î€‡"}]}]}
COMMAND: GET /session/b614b8bdf87ea745e2832f5d1487871c/screenshot - {}
RESULT: {}
COMMAND: POST /session/b614b8bdf87ea745e2832f5d1487871c/element - {"using":"xpath","value":"//input[@id=\"application-managecontracts-display-component---AddNewContract--customerSelect-inner\"]"}
RESULT: {"using":"xpath","value":"//input[@id=\"application-managecontracts-display-component---AddNewContract--customerSelect-inner\"]"}
COMMAND: POST /session/b614b8bdf87ea745e2832f5d1487871c/element/f.E141158646C81433446781BCB2447156.d.A2D7664EFE597ADBC0E84C506AB1A1B4.e.9172/clear - {}
RESULT: {}
COMMAND: POST /session/b614b8bdf87ea745e2832f5d1487871c/element/f.E141158646C81433446781BCB2447156.d.A2D7664EFE597ADBC0E84C506AB1A1B4.e.9172/value - {"text":"WebdriverPartnerjchph"}
COMMAND: GET /session/b614b8bdf87ea745e2832f5d1487871c/screenshot - {}
RESULT: {"text":"WebdriverPartnerjchph"}
COMMAND: GET /session/b614b8bdf87ea745e2832f5d1487871c/screenshot - {}
RESULT: {}
RESULT: {}
COMMAND: POST /session/b614b8bdf87ea745e2832f5d1487871c/actions - {"actions":[{"id":"action46","type":"key","parameters":{},"actions":[{"type":"keyDown","value":"î€‡"},{"type":"pause","duration":10},{"type":"keyUp","value":"î€‡"}]}]}
RESULT: {"actions":[{"id":"action46","type":"key","parameters":{},"actions":[{"type":"keyDown","value":"î€‡"},{"type":"pause","duration":10},{"type":"keyUp","value":"î€‡"}]}]}
COMMAND: GET /session/b614b8bdf87ea745e2832f5d1487871c/screenshot - {}
RESULT: {}
COMMAND: POST /session/b614b8bdf87ea745e2832f5d1487871c/element - {"using":"xpath","value":"//input[@id=\"application-managecontracts-display-component---AddNewContract--site-inner\"]"}
RESULT: {"using":"xpath","value":"//input[@id=\"application-managecontracts-display-component---AddNewContract--site-inner\"]"}
COMMAND: POST /session/b614b8bdf87ea745e2832f5d1487871c/element/f.E141158646C81433446781BCB2447156.d.A2D7664EFE597ADBC0E84C506AB1A1B4.e.9173/clear - {}
RESULT: {}
COMMAND: POST /session/b614b8bdf87ea745e2832f5d1487871c/element/f.E141158646C81433446781BCB2447156.d.A2D7664EFE597ADBC0E84C506AB1A1B4.e.9173/value - {"text":"WebdriverSite8s5is"}
COMMAND: GET /session/b614b8bdf87ea745e2832f5d1487871c/screenshot - {}
RESULT: {"text":"WebdriverSite8s5is"}
COMMAND: GET /session/b614b8bdf87ea745e2832f5d1487871c/screenshot - {}
RESULT: {}
RESULT: {}
COMMAND: POST /session/b614b8bdf87ea745e2832f5d1487871c/actions - {"actions":[{"id":"action47","type":"key","parameters":{},"actions":[{"type":"keyDown","value":"î€‡"},{"type":"pause","duration":10},{"type":"keyUp","value":"î€‡"}]}]}
RESULT: {"actions":[{"id":"action47","type":"key","parameters":{},"actions":[{"type":"keyDown","value":"î€‡"},{"type":"pause","duration":10},{"type":"keyUp","value":"î€‡"}]}]}
COMMAND: GET /session/b614b8bdf87ea745e2832f5d1487871c/screenshot - {}
RESULT: {}
COMMAND: POST /session/b614b8bdf87ea745e2832f5d1487871c/element - {"using":"xpath","value":"//button[@data-kt=\"saveButton\"]"}
RESULT: {"using":"xpath","value":"//button[@data-kt=\"saveButton\"]"}
COMMAND: POST /session/b614b8bdf87ea745e2832f5d1487871c/element/f.E141158646C81433446781BCB2447156.d.A2D7664EFE597ADBC0E84C506AB1A1B4.e.9209/click - {}
RESULT: {}
COMMAND: GET /session/b614b8bdf87ea745e2832f5d1487871c/screenshot - {}
RESULT: {}
COMMAND: POST /session/b614b8bdf87ea745e2832f5d1487871c/execute/async - {"script":"<script> [1562 bytes]","args":[{"selector":{"id":"contractDetailTitleNoExpanded","viewName":"etm.portal.ui.managecontracts.view.Detail"},"wdio_ui5_key":"contractDetailTitleNoExpandedetmportal.ui.managecontracts.view.Detail"}]}
RESULT: {"script":"<script> [1562 bytes]","args":[{"selector":{"id":"contractDetailTitleNoExpanded","viewName":"etm.portal.ui.managecontracts.view.Detail"},"wdio_ui5_key":"contractDetailTitleNoExpandedetmportal.ui.managecontracts.view.Detail"}]}
RESULT: undefined
COMMAND: POST /session/b614b8bdf87ea745e2832f5d1487871c/execute/async - {"script":"<script> [6424 bytes]","args":[{"element-6066-11e4-a52e-4f735466cecf":"f.E141158646C81433446781BCB2447156.d.A2D7664EFE597ADBC0E84C506AB1A1B4.e.9282"},"getText",[]]}
RESULT: {"script":"<script> [6424 bytes]","args":[{"element-6066-11e4-a52e-4f735466cecf":"f.E141158646C81433446781BCB2447156.d.A2D7664EFE597ADBC0E84C506AB1A1B4.e.9282"},"getText",[]]}
]]></system-out>
    </testcase>
    <testcase classname="chrome.136_0_7103_49.windows.Insert_service_into_a_contract_US152956" name="Should add a service unit and a service group to the contract" time="80.256">
      <system-out><![CDATA[
COMMAND: POST /session/b614b8bdf87ea745e2832f5d1487871c/element - {"using":"xpath","value":"//button[@data-kt=\"contractDetailEditBtnButton\"]"}
RESULT: {"using":"xpath","value":"//button[@data-kt=\"contractDetailEditBtnButton\"]"}
COMMAND: POST /session/b614b8bdf87ea745e2832f5d1487871c/execute/sync - {"script":"<script> [8489 bytes]","args":[{"element-6066-11e4-a52e-4f735466cecf":"f.E141158646C81433446781BCB2447156.d.A2D7664EFE597ADBC0E84C506AB1A1B4.e.9283","ELEMENT":"f.E141158646C81433446781BCB2447156.d.A2D7664EFE597ADBC0E84C506AB1A1B4.e.9283"}]}
RESULT: {"script":"<script> [8489 bytes]","args":[{"element-6066-11e4-a52e-4f735466cecf":"f.E141158646C81433446781BCB2447156.d.A2D7664EFE597ADBC0E84C506AB1A1B4.e.9283","ELEMENT":"f.E141158646C81433446781BCB2447156.d.A2D7664EFE597ADBC0E84C506AB1A1B4.e.9283"}]}
COMMAND: POST /session/b614b8bdf87ea745e2832f5d1487871c/execute/sync - {"script":"<script> [8489 bytes]","args":[{"element-6066-11e4-a52e-4f735466cecf":"f.E141158646C81433446781BCB2447156.d.A2D7664EFE597ADBC0E84C506AB1A1B4.e.9283","ELEMENT":"f.E141158646C81433446781BCB2447156.d.A2D7664EFE597ADBC0E84C506AB1A1B4.e.9283"}]}
COMMAND: GET /session/b614b8bdf87ea745e2832f5d1487871c/screenshot - {}
RESULT: {"script":"<script> [8489 bytes]","args":[{"element-6066-11e4-a52e-4f735466cecf":"f.E141158646C81433446781BCB2447156.d.A2D7664EFE597ADBC0E84C506AB1A1B4.e.9283","ELEMENT":"f.E141158646C81433446781BCB2447156.d.A2D7664EFE597ADBC0E84C506AB1A1B4.e.9283"}]}
COMMAND: POST /session/b614b8bdf87ea745e2832f5d1487871c/execute/sync - {"script":"<script> [5351 bytes]","args":[{"element-6066-11e4-a52e-4f735466cecf":"f.E141158646C81433446781BCB2447156.d.A2D7664EFE597ADBC0E84C506AB1A1B4.e.9283","ELEMENT":"f.E141158646C81433446781BCB2447156.d.A2D7664EFE597ADBC0E84C506AB1A1B4.e.9283"}]}
COMMAND: GET /session/b614b8bdf87ea745e2832f5d1487871c/screenshot - {}
RESULT: {}
RESULT: {"script":"<script> [5351 bytes]","args":[{"element-6066-11e4-a52e-4f735466cecf":"f.E141158646C81433446781BCB2447156.d.A2D7664EFE597ADBC0E84C506AB1A1B4.e.9283","ELEMENT":"f.E141158646C81433446781BCB2447156.d.A2D7664EFE597ADBC0E84C506AB1A1B4.e.9283"}]}
COMMAND: POST /session/b614b8bdf87ea745e2832f5d1487871c/element/f.E141158646C81433446781BCB2447156.d.A2D7664EFE597ADBC0E84C506AB1A1B4.e.9283/click - {}
COMMAND: GET /session/b614b8bdf87ea745e2832f5d1487871c/screenshot - {}
RESULT: {}
RESULT: {}
COMMAND: GET /session/b614b8bdf87ea745e2832f5d1487871c/screenshot - {}
RESULT: {}
RESULT: {}
COMMAND: POST /session/b614b8bdf87ea745e2832f5d1487871c/element - {"using":"xpath","value":"(//span[contains(text(), \"Additional Addresses\")])[2]"}
RESULT: {"using":"xpath","value":"(//span[contains(text(), \"Additional Addresses\")])[2]"}
COMMAND: POST /session/b614b8bdf87ea745e2832f5d1487871c/element/f.E141158646C81433446781BCB2447156.d.A2D7664EFE597ADBC0E84C506AB1A1B4.e.9340/click - {}
RESULT: {}
COMMAND: GET /session/b614b8bdf87ea745e2832f5d1487871c/screenshot - {}
RESULT: {}
COMMAND: POST /session/b614b8bdf87ea745e2832f5d1487871c/element - {"using":"xpath","value":"//button[@data-kt=\"btnAddTableRowOverflowToolbarButton\"]"}
RESULT: {"using":"xpath","value":"//button[@data-kt=\"btnAddTableRowOverflowToolbarButton\"]"}
COMMAND: POST /session/b614b8bdf87ea745e2832f5d1487871c/element/f.E141158646C81433446781BCB2447156.d.A2D7664EFE597ADBC0E84C506AB1A1B4.e.9344/click - {}
RESULT: {}
COMMAND: GET /session/b614b8bdf87ea745e2832f5d1487871c/screenshot - {}
RESULT: {}
COMMAND: POST /session/b614b8bdf87ea745e2832f5d1487871c/element - {"using":"xpath","value":"//div[(text() = 'Standard Entry' or . = 'Standard Entry')]"}
RESULT: {"using":"xpath","value":"//div[(text() = 'Standard Entry' or . = 'Standard Entry')]"}
COMMAND: POST /session/b614b8bdf87ea745e2832f5d1487871c/element/f.E141158646C81433446781BCB2447156.d.A2D7664EFE597ADBC0E84C506AB1A1B4.e.9346/click - {}
RESULT: {}
COMMAND: POST /session/b614b8bdf87ea745e2832f5d1487871c/element - {"using":"xpath","value":"//button[@data-kt=\"btnAddTableRowOverflowToolbarButton\"]"}
COMMAND: GET /session/b614b8bdf87ea745e2832f5d1487871c/screenshot - {}
RESULT: {"using":"xpath","value":"//button[@data-kt=\"btnAddTableRowOverflowToolbarButton\"]"}
COMMAND: POST /session/b614b8bdf87ea745e2832f5d1487871c/element/f.E141158646C81433446781BCB2447156.d.A2D7664EFE597ADBC0E84C506AB1A1B4.e.9344/click - {}
RESULT: {}
RESULT: {}
COMMAND: GET /session/b614b8bdf87ea745e2832f5d1487871c/screenshot - {}
RESULT: {}
COMMAND: POST /session/b614b8bdf87ea745e2832f5d1487871c/element - {"using":"xpath","value":"//div[(text() = 'Standard Entry' or . = 'Standard Entry')]"}
RESULT: {"using":"xpath","value":"//div[(text() = 'Standard Entry' or . = 'Standard Entry')]"}
COMMAND: POST /session/b614b8bdf87ea745e2832f5d1487871c/element/f.E141158646C81433446781BCB2447156.d.A2D7664EFE597ADBC0E84C506AB1A1B4.e.9358/click - {}
RESULT: {}
COMMAND: POST /session/b614b8bdf87ea745e2832f5d1487871c/element - {"using":"xpath","value":"(//td[6]/div/div/input)[1]"}
COMMAND: GET /session/b614b8bdf87ea745e2832f5d1487871c/screenshot - {}
RESULT: {"using":"xpath","value":"(//td[6]/div/div/input)[1]"}
COMMAND: POST /session/b614b8bdf87ea745e2832f5d1487871c/element/f.E141158646C81433446781BCB2447156.d.A2D7664EFE597ADBC0E84C506AB1A1B4.e.9360/click - {}
RESULT: {}
RESULT: {}
COMMAND: POST /session/b614b8bdf87ea745e2832f5d1487871c/actions - {"actions":[{"id":"action48","type":"key","parameters":{},"actions":[{"type":"keyDown","value":"î€ƒ"},{"type":"pause","duration":10},{"type":"keyUp","value":"î€ƒ"}]}]}
COMMAND: GET /session/b614b8bdf87ea745e2832f5d1487871c/screenshot - {}
RESULT: {"actions":[{"id":"action48","type":"key","parameters":{},"actions":[{"type":"keyDown","value":"î€ƒ"},{"type":"pause","duration":10},{"type":"keyUp","value":"î€ƒ"}]}]}
COMMAND: POST /session/b614b8bdf87ea745e2832f5d1487871c/element - {"using":"xpath","value":"(//td[6]/div/div/input)[1]"}
COMMAND: GET /session/b614b8bdf87ea745e2832f5d1487871c/screenshot - {}
RESULT: {}
RESULT: {"using":"xpath","value":"(//td[6]/div/div/input)[1]"}
COMMAND: POST /session/b614b8bdf87ea745e2832f5d1487871c/element/f.E141158646C81433446781BCB2447156.d.A2D7664EFE597ADBC0E84C506AB1A1B4.e.9360/clear - {}
RESULT: {}
RESULT: {}
COMMAND: POST /session/b614b8bdf87ea745e2832f5d1487871c/element/f.E141158646C81433446781BCB2447156.d.A2D7664EFE597ADBC0E84C506AB1A1B4.e.9360/value - {"text":"Service Unit"}
COMMAND: GET /session/b614b8bdf87ea745e2832f5d1487871c/screenshot - {}
RESULT: {"text":"Service Unit"}
COMMAND: GET /session/b614b8bdf87ea745e2832f5d1487871c/screenshot - {}
RESULT: {}
RESULT: {}
COMMAND: POST /session/b614b8bdf87ea745e2832f5d1487871c/actions - {"actions":[{"id":"action49","type":"key","parameters":{},"actions":[{"type":"keyDown","value":"î€‡"},{"type":"pause","duration":10},{"type":"keyUp","value":"î€‡"}]}]}
RESULT: {"actions":[{"id":"action49","type":"key","parameters":{},"actions":[{"type":"keyDown","value":"î€‡"},{"type":"pause","duration":10},{"type":"keyUp","value":"î€‡"}]}]}
COMMAND: GET /session/b614b8bdf87ea745e2832f5d1487871c/screenshot - {}
RESULT: {}
COMMAND: POST /session/b614b8bdf87ea745e2832f5d1487871c/actions - {"actions":[{"id":"action50","type":"key","parameters":{},"actions":[{"type":"keyDown","value":"î€‡"},{"type":"pause","duration":10},{"type":"keyUp","value":"î€‡"}]}]}
RESULT: {"actions":[{"id":"action50","type":"key","parameters":{},"actions":[{"type":"keyDown","value":"î€‡"},{"type":"pause","duration":10},{"type":"keyUp","value":"î€‡"}]}]}
COMMAND: POST /session/b614b8bdf87ea745e2832f5d1487871c/element - {"using":"xpath","value":"(//td[7]/div/div/input)[1]"}
COMMAND: GET /session/b614b8bdf87ea745e2832f5d1487871c/screenshot - {}
RESULT: {"using":"xpath","value":"(//td[7]/div/div/input)[1]"}
COMMAND: POST /session/b614b8bdf87ea745e2832f5d1487871c/element/f.E141158646C81433446781BCB2447156.d.A2D7664EFE597ADBC0E84C506AB1A1B4.e.9376/clear - {}
RESULT: {}
RESULT: {}
COMMAND: POST /session/b614b8bdf87ea745e2832f5d1487871c/element/f.E141158646C81433446781BCB2447156.d.A2D7664EFE597ADBC0E84C506AB1A1B4.e.9376/value - {"text":"1000001"}
COMMAND: GET /session/b614b8bdf87ea745e2832f5d1487871c/screenshot - {}
RESULT: {"text":"1000001"}
COMMAND: GET /session/b614b8bdf87ea745e2832f5d1487871c/screenshot - {}
RESULT: {}
RESULT: {}
COMMAND: POST /session/b614b8bdf87ea745e2832f5d1487871c/actions - {"actions":[{"id":"action51","type":"key","parameters":{},"actions":[{"type":"keyDown","value":"î€‡"},{"type":"pause","duration":10},{"type":"keyUp","value":"î€‡"}]}]}
RESULT: {"actions":[{"id":"action51","type":"key","parameters":{},"actions":[{"type":"keyDown","value":"î€‡"},{"type":"pause","duration":10},{"type":"keyUp","value":"î€‡"}]}]}
COMMAND: GET /session/b614b8bdf87ea745e2832f5d1487871c/screenshot - {}
RESULT: {}
COMMAND: POST /session/b614b8bdf87ea745e2832f5d1487871c/actions - {"actions":[{"id":"action52","type":"key","parameters":{},"actions":[{"type":"keyDown","value":"î€‡"},{"type":"pause","duration":10},{"type":"keyUp","value":"î€‡"}]}]}
RESULT: {"actions":[{"id":"action52","type":"key","parameters":{},"actions":[{"type":"keyDown","value":"î€‡"},{"type":"pause","duration":10},{"type":"keyUp","value":"î€‡"}]}]}
COMMAND: GET /session/b614b8bdf87ea745e2832f5d1487871c/screenshot - {}
RESULT: {}
COMMAND: POST /session/b614b8bdf87ea745e2832f5d1487871c/element - {"using":"xpath","value":"(//td[6]/div/div/input)[2]"}
RESULT: {"using":"xpath","value":"(//td[6]/div/div/input)[2]"}
COMMAND: POST /session/b614b8bdf87ea745e2832f5d1487871c/element/f.E141158646C81433446781BCB2447156.d.A2D7664EFE597ADBC0E84C506AB1A1B4.e.9348/click - {}
RESULT: {}
COMMAND: POST /session/b614b8bdf87ea745e2832f5d1487871c/actions - {"actions":[{"id":"action53","type":"key","parameters":{},"actions":[{"type":"keyDown","value":"î€ƒ"},{"type":"pause","duration":10},{"type":"keyUp","value":"î€ƒ"}]}]}
COMMAND: GET /session/b614b8bdf87ea745e2832f5d1487871c/screenshot - {}
RESULT: {"actions":[{"id":"action53","type":"key","parameters":{},"actions":[{"type":"keyDown","value":"î€ƒ"},{"type":"pause","duration":10},{"type":"keyUp","value":"î€ƒ"}]}]}
COMMAND: POST /session/b614b8bdf87ea745e2832f5d1487871c/element - {"using":"xpath","value":"(//td[6]/div/div/input)[2]"}
COMMAND: GET /session/b614b8bdf87ea745e2832f5d1487871c/screenshot - {}
RESULT: {}
RESULT: {"using":"xpath","value":"(//td[6]/div/div/input)[2]"}
COMMAND: POST /session/b614b8bdf87ea745e2832f5d1487871c/element/f.E141158646C81433446781BCB2447156.d.A2D7664EFE597ADBC0E84C506AB1A1B4.e.9348/clear - {}
RESULT: {}
RESULT: {}
COMMAND: POST /session/b614b8bdf87ea745e2832f5d1487871c/element/f.E141158646C81433446781BCB2447156.d.A2D7664EFE597ADBC0E84C506AB1A1B4.e.9348/value - {"text":"Service Unit Group"}
COMMAND: GET /session/b614b8bdf87ea745e2832f5d1487871c/screenshot - {}
RESULT: {"text":"Service Unit Group"}
COMMAND: GET /session/b614b8bdf87ea745e2832f5d1487871c/screenshot - {}
RESULT: {}
RESULT: {}
COMMAND: POST /session/b614b8bdf87ea745e2832f5d1487871c/actions - {"actions":[{"id":"action54","type":"key","parameters":{},"actions":[{"type":"keyDown","value":"î€‡"},{"type":"pause","duration":10},{"type":"keyUp","value":"î€‡"}]}]}
RESULT: {"actions":[{"id":"action54","type":"key","parameters":{},"actions":[{"type":"keyDown","value":"î€‡"},{"type":"pause","duration":10},{"type":"keyUp","value":"î€‡"}]}]}
COMMAND: GET /session/b614b8bdf87ea745e2832f5d1487871c/screenshot - {}
RESULT: {}
COMMAND: POST /session/b614b8bdf87ea745e2832f5d1487871c/actions - {"actions":[{"id":"action55","type":"key","parameters":{},"actions":[{"type":"keyDown","value":"î€‡"},{"type":"pause","duration":10},{"type":"keyUp","value":"î€‡"}]}]}
RESULT: {"actions":[{"id":"action55","type":"key","parameters":{},"actions":[{"type":"keyDown","value":"î€‡"},{"type":"pause","duration":10},{"type":"keyUp","value":"î€‡"}]}]}
COMMAND: POST /session/b614b8bdf87ea745e2832f5d1487871c/element - {"using":"xpath","value":"(//td[7]/div/div/input)[2]"}
COMMAND: GET /session/b614b8bdf87ea745e2832f5d1487871c/screenshot - {}
RESULT: {"using":"xpath","value":"(//td[7]/div/div/input)[2]"}
COMMAND: POST /session/b614b8bdf87ea745e2832f5d1487871c/element/f.E141158646C81433446781BCB2447156.d.A2D7664EFE597ADBC0E84C506AB1A1B4.e.9405/clear - {}
RESULT: {}
RESULT: {}
COMMAND: POST /session/b614b8bdf87ea745e2832f5d1487871c/element/f.E141158646C81433446781BCB2447156.d.A2D7664EFE597ADBC0E84C506AB1A1B4.e.9405/value - {"text":"1100001"}
COMMAND: GET /session/b614b8bdf87ea745e2832f5d1487871c/screenshot - {}
RESULT: {"text":"1100001"}
COMMAND: GET /session/b614b8bdf87ea745e2832f5d1487871c/screenshot - {}
RESULT: {}
RESULT: {}
COMMAND: POST /session/b614b8bdf87ea745e2832f5d1487871c/actions - {"actions":[{"id":"action56","type":"key","parameters":{},"actions":[{"type":"keyDown","value":"î€‡"},{"type":"pause","duration":10},{"type":"keyUp","value":"î€‡"}]}]}
RESULT: {"actions":[{"id":"action56","type":"key","parameters":{},"actions":[{"type":"keyDown","value":"î€‡"},{"type":"pause","duration":10},{"type":"keyUp","value":"î€‡"}]}]}
COMMAND: GET /session/b614b8bdf87ea745e2832f5d1487871c/screenshot - {}
RESULT: {}
COMMAND: POST /session/b614b8bdf87ea745e2832f5d1487871c/actions - {"actions":[{"id":"action57","type":"key","parameters":{},"actions":[{"type":"keyDown","value":"î€‡"},{"type":"pause","duration":10},{"type":"keyUp","value":"î€‡"}]}]}
RESULT: {"actions":[{"id":"action57","type":"key","parameters":{},"actions":[{"type":"keyDown","value":"î€‡"},{"type":"pause","duration":10},{"type":"keyUp","value":"î€‡"}]}]}
COMMAND: GET /session/b614b8bdf87ea745e2832f5d1487871c/screenshot - {}
RESULT: {}
COMMAND: POST /session/b614b8bdf87ea745e2832f5d1487871c/element - {"using":"xpath","value":"(//button[@data-kt=\"saveButton\"])[2]"}
RESULT: {"using":"xpath","value":"(//button[@data-kt=\"saveButton\"])[2]"}
COMMAND: POST /session/b614b8bdf87ea745e2832f5d1487871c/element/f.E141158646C81433446781BCB2447156.d.A2D7664EFE597ADBC0E84C506AB1A1B4.e.9429/click - {}
RESULT: {}
COMMAND: GET /session/b614b8bdf87ea745e2832f5d1487871c/screenshot - {}
RESULT: {}
COMMAND: POST /session/b614b8bdf87ea745e2832f5d1487871c/element - {"using":"xpath","value":"(//span[contains(text(), \"Additional Addresses\")])[1]"}
RESULT: {"using":"xpath","value":"(//span[contains(text(), \"Additional Addresses\")])[1]"}
COMMAND: POST /session/b614b8bdf87ea745e2832f5d1487871c/element/f.E141158646C81433446781BCB2447156.d.A2D7664EFE597ADBC0E84C506AB1A1B4.e.9432/click - {}
RESULT: {}
COMMAND: GET /session/b614b8bdf87ea745e2832f5d1487871c/screenshot - {}
RESULT: {}
COMMAND: POST /session/b614b8bdf87ea745e2832f5d1487871c/execute/async - {"script":"<script> [1562 bytes]","args":[{"selector":{"controlType":"sap.m.Title","viewName":"etm.portal.ui.managecontracts.view.Detail","properties":{"text":"Contract Items (2)"}},"wdio_ui5_key":"etmportal.ui.managecontracts.view.Detailsap.m.Title{\"text\":\"Contract Items (2)\"}"}]}
RESULT: {"script":"<script> [1562 bytes]","args":[{"selector":{"controlType":"sap.m.Title","viewName":"etm.portal.ui.managecontracts.view.Detail","properties":{"text":"Contract Items (2)"}},"wdio_ui5_key":"etmportal.ui.managecontracts.view.Detailsap.m.Title{\"text\":\"Contract Items (2)\"}"}]}
RESULT: undefined
COMMAND: POST /session/b614b8bdf87ea745e2832f5d1487871c/execute/async - {"script":"<script> [6424 bytes]","args":[{"element-6066-11e4-a52e-4f735466cecf":"f.E141158646C81433446781BCB2447156.d.A2D7664EFE597ADBC0E84C506AB1A1B4.e.9434"},"getText",[]]}
RESULT: {"script":"<script> [6424 bytes]","args":[{"element-6066-11e4-a52e-4f735466cecf":"f.E141158646C81433446781BCB2447156.d.A2D7664EFE597ADBC0E84C506AB1A1B4.e.9434"},"getText",[]]}
COMMAND: POST /session/b614b8bdf87ea745e2832f5d1487871c/element - {"using":"xpath","value":"(//span[contains(@class ,\"sapMObjStatusText\")])[1]"}
RESULT: {"using":"xpath","value":"(//span[contains(@class ,\"sapMObjStatusText\")])[1]"}
COMMAND: GET /session/b614b8bdf87ea745e2832f5d1487871c/element/f.E141158646C81433446781BCB2447156.d.A2D7664EFE597ADBC0E84C506AB1A1B4.e.9435/text - {}
RESULT: {}
COMMAND: POST /session/b614b8bdf87ea745e2832f5d1487871c/element - {"using":"xpath","value":"(//span[contains(@class ,\"sapMObjStatusText\")])[4]"}
RESULT: {"using":"xpath","value":"(//span[contains(@class ,\"sapMObjStatusText\")])[4]"}
COMMAND: GET /session/b614b8bdf87ea745e2832f5d1487871c/element/f.E141158646C81433446781BCB2447156.d.A2D7664EFE597ADBC0E84C506AB1A1B4.e.9436/text - {}
RESULT: {}
COMMAND: POST /session/b614b8bdf87ea745e2832f5d1487871c/element - {"using":"css selector","value":"#shell-header-logo"}
RESULT: {"using":"css selector","value":"#shell-header-logo"}
COMMAND: POST /session/b614b8bdf87ea745e2832f5d1487871c/element/f.E141158646C81433446781BCB2447156.d.A2D7664EFE597ADBC0E84C506AB1A1B4.e.8826/click - {}
RESULT: {}
COMMAND: GET /session/b614b8bdf87ea745e2832f5d1487871c/screenshot - {}
RESULT: {}
]]></system-out>
    </testcase>
  </testsuite>
  <testsuite timestamp="2025-05-14T18:24:21" time="194.566" tests="2" failures="0" errors="0" skipped="0">
    <properties>
      <property name="specId" value="0" />
      <property name="suiteName" value="Reduced contract US151275" />
      <property name="capabilities" value="chrome.136_0_7103_49.windows" />
      <property name="file" value="file:///D:/a/1/s/test/specs/R2C/reduced-contract-creation.spec.js" />
    </properties>
    <testcase classname="chrome.136_0_7103_49.windows.Reduced_contract_US151275" name="Should create a new reduced contract" time="137.869">
      <system-out><![CDATA[
RESULT: undefined
COMMAND: POST /session/b614b8bdf87ea745e2832f5d1487871c/element - {"using":"xpath","value":"//*[@id=\"__tile130\"]"}
RESULT: {"using":"xpath","value":"//*[@id=\"__tile130\"]"}
COMMAND: POST /session/b614b8bdf87ea745e2832f5d1487871c/element/f.E141158646C81433446781BCB2447156.d.A2D7664EFE597ADBC0E84C506AB1A1B4.e.8498/click - {}
RESULT: {}
COMMAND: GET /session/b614b8bdf87ea745e2832f5d1487871c/screenshot - {}
RESULT: {}
COMMAND: POST /session/b614b8bdf87ea745e2832f5d1487871c/element - {"using":"xpath","value":"//button[@data-kt=\"addButton\"]"}
RESULT: {"using":"xpath","value":"//button[@data-kt=\"addButton\"]"}
COMMAND: POST /session/b614b8bdf87ea745e2832f5d1487871c/element/f.E141158646C81433446781BCB2447156.d.A2D7664EFE597ADBC0E84C506AB1A1B4.e.9489/click - {}
RESULT: {}
COMMAND: GET /session/b614b8bdf87ea745e2832f5d1487871c/screenshot - {}
RESULT: {}
COMMAND: POST /session/b614b8bdf87ea745e2832f5d1487871c/elements - {"using":"xpath","value":"//span[text()='Error']"}
RESULT: {"using":"xpath","value":"//span[text()='Error']"}
COMMAND: POST /session/b614b8bdf87ea745e2832f5d1487871c/refresh - {}
RESULT: {}
COMMAND: GET /session/b614b8bdf87ea745e2832f5d1487871c/screenshot - {}
RESULT: {}
COMMAND: POST /session/b614b8bdf87ea745e2832f5d1487871c/execute/async - {"script":"<script> [189 bytes]","args":[]}
RESULT: {"script":"<script> [189 bytes]","args":[]}
COMMAND: POST /session/b614b8bdf87ea745e2832f5d1487871c/execute/async - {"script":"<script> [123 bytes]","args":[]}
RESULT: {"script":"<script> [123 bytes]","args":[]}
COMMAND: POST /session/b614b8bdf87ea745e2832f5d1487871c/timeouts - {"script":"<number>"}
RESULT: {"script":"<number>"}
COMMAND: GET /session/b614b8bdf87ea745e2832f5d1487871c/timeouts - {}
RESULT: {}
RESULT: undefined
COMMAND: POST /session/b614b8bdf87ea745e2832f5d1487871c/execute/async - {"script":"<script> [2676 bytes]","args":[]}
RESULT: {"script":"<script> [2676 bytes]","args":[]}
COMMAND: POST /session/b614b8bdf87ea745e2832f5d1487871c/execute/async - {"script":"<script> [2342 bytes]","args":[{"protocol":"http","hostname":"0.0.0.0","path":"/","capabilities":{"browserName":"chrome","goog:chromeOptions":{"binary":"C:\\Program Files\\Google\\Chrome\\Application\\chrome.exe","args":["--start-maximized"]}},"logLevel":"warn","connectionRetryTimeout":120000,"connectionRetryCount":3,"logLevels":{},"enableDirectConnect":true,"strictSSL":true,"_":"65 more keys: [\"cacheDir\",\"port\",\"requestedCapabilities\",\"automationProtocol\",\"baseUrl\",\"waitforInterval\",\"waitforTimeout\",\"onReload\",\"beforeCommand\",\"afterCommand\",\"rootDir\",\"specs\",\"suites\",\"exclude\",\"groupLogsByTestSpec\",\"excludeDriverLogs\",\"bail\",\"framework\",\"reporters\",\"services\",\"maxInstances\",\"maxInstancesPerCapability\",\"injectGlobals\",\"filesToWatch\",\"execArgv\",\"runnerEnv\",\"runner\",\"shard\",\"specFileRetries\",\"specFileRetriesDelay\",\"specFileRetriesDeferred\",\"reporterSyncInterval\",\"reporterSyncTimeout\",\"cucumberFeaturesWithLineNumbers\",\"autoCompileOpts\",\"mochaOpts\",\"jasmineOpts\",\"cucumberOpts\",\"onPrepare\",\"onWorkerStart\",\"onWorkerEnd\",\"before\",\"beforeSession\",\"beforeSuite\",\"beforeHook\",\"beforeTest\",\"afterTest\",\"afterHook\",\"afterSuite\",\"afterSession\",\"after\",\"onComplete\",\"beforeAssertion\",\"afterAssertion\",\"beforeFeature\",\"beforeScenario\",\"beforeStep\",\"afterStep\",\"afterScenario\",\"afterFeature\",\"_\",\"suite\",\"$0\",\"ignoredWorkerServices\",\"wdi5\"]"}]}
RESULT: {"script":"<script> [2342 bytes]","args":[{"protocol":"http","hostname":"0.0.0.0","path":"/","capabilities":{"browserName":"chrome","goog:chromeOptions":{"binary":"C:\\Program Files\\Google\\Chrome\\Application\\chrome.exe","args":["--start-maximized"]}},"logLevel":"warn","connectionRetryTimeout":120000,"connectionRetryCount":3,"logLevels":{},"enableDirectConnect":true,"strictSSL":true,"_":"65 more keys: [\"cacheDir\",\"port\",\"requestedCapabilities\",\"automationProtocol\",\"baseUrl\",\"waitforInterval\",\"waitforTimeout\",\"onReload\",\"beforeCommand\",\"afterCommand\",\"rootDir\",\"specs\",\"suites\",\"exclude\",\"groupLogsByTestSpec\",\"excludeDriverLogs\",\"bail\",\"framework\",\"reporters\",\"services\",\"maxInstances\",\"maxInstancesPerCapability\",\"injectGlobals\",\"filesToWatch\",\"execArgv\",\"runnerEnv\",\"runner\",\"shard\",\"specFileRetries\",\"specFileRetriesDelay\",\"specFileRetriesDeferred\",\"reporterSyncInterval\",\"reporterSyncTimeout\",\"cucumberFeaturesWithLineNumbers\",\"autoCompileOpts\",\"mochaOpts\",\"jasmineOpts\",\"cucumberOpts\",\"onPrepare\",\"onWorkerStart\",\"onWorkerEnd\",\"before\",\"beforeSession\",\"beforeSuite\",\"beforeHook\",\"beforeTest\",\"afterTest\",\"afterHook\",\"afterSuite\",\"afterSession\",\"after\",\"onComplete\",\"beforeAssertion\",\"afterAssertion\",\"beforeFeature\",\"beforeScenario\",\"beforeStep\",\"afterStep\",\"afterScenario\",\"afterFeature\",\"_\",\"suite\",\"$0\",\"ignoredWorkerServices\",\"wdi5\"]"}]}
COMMAND: POST /session/b614b8bdf87ea745e2832f5d1487871c/execute/async - {"script":"<script> [21126 bytes]","args":[35000]}
RESULT: {"script":"<script> [21126 bytes]","args":[35000]}
COMMAND: POST /session/b614b8bdf87ea745e2832f5d1487871c/execute/async - {"script":"<script> [1562 bytes]","args":[{"selector":{"id":"application-managecontracts-display-component---AddNewContract--contractType","interaction":{"idSuffix":"arrow"}},"wdio_ui5_key":"applicationmanagecontracts-display-component---AddNewContract--contractType"}]}
RESULT: {"script":"<script> [1562 bytes]","args":[{"selector":{"id":"application-managecontracts-display-component---AddNewContract--contractType","interaction":{"idSuffix":"arrow"}},"wdio_ui5_key":"applicationmanagecontracts-display-component---AddNewContract--contractType"}]}
RESULT: undefined
COMMAND: POST /session/b614b8bdf87ea745e2832f5d1487871c/element - {"using":"xpath","value":"//*[@id=\"application-managecontracts-display-component---AddNewContract--contractType\"]"}
RESULT: {"using":"xpath","value":"//*[@id=\"application-managecontracts-display-component---AddNewContract--contractType\"]"}
COMMAND: POST /session/b614b8bdf87ea745e2832f5d1487871c/element/f.E141158646C81433446781BCB2447156.d.84FDDC6D318B766C8BB957F43481A48F.e.10025/click - {}
RESULT: {}
COMMAND: GET /session/b614b8bdf87ea745e2832f5d1487871c/screenshot - {}
RESULT: {}
COMMAND: POST /session/b614b8bdf87ea745e2832f5d1487871c/execute/async - {"script":"<script> [1562 bytes]","args":[{"selector":{"controlType":"sap.ui.core.Item","viewName":"etm.portal.ui.managecontracts.view.AddNewContract","viewId":"application-managecontracts-display-component---AddNewContract","bindingPath":{"path":"/ContractTypes('02')","propertyPath":"ID","modelName":"catalogModel"},"searchOpenDialogs":true},"wdio_ui5_key":"etmportal.ui.managecontracts.view.AddNewContractsap.ui.core.Item{\"path\":\"/ContractTypes('02')\",\"propertyPath\":\"ID\",\"modelName\":\"catalogModel\"}"}]}
RESULT: {"script":"<script> [1562 bytes]","args":[{"selector":{"controlType":"sap.ui.core.Item","viewName":"etm.portal.ui.managecontracts.view.AddNewContract","viewId":"application-managecontracts-display-component---AddNewContract","bindingPath":{"path":"/ContractTypes('02')","propertyPath":"ID","modelName":"catalogModel"},"searchOpenDialogs":true},"wdio_ui5_key":"etmportal.ui.managecontracts.view.AddNewContractsap.ui.core.Item{\"path\":\"/ContractTypes('02')\",\"propertyPath\":\"ID\",\"modelName\":\"catalogModel\"}"}]}
RESULT: undefined
COMMAND: POST /session/b614b8bdf87ea745e2832f5d1487871c/element - {"using":"xpath","value":"//*[@id=\"__item47-application-managecontracts-display-component---AddNewContract--contractType-1\"]"}
RESULT: {"using":"xpath","value":"//*[@id=\"__item47-application-managecontracts-display-component---AddNewContract--contractType-1\"]"}
COMMAND: POST /session/b614b8bdf87ea745e2832f5d1487871c/element/f.E141158646C81433446781BCB2447156.d.84FDDC6D318B766C8BB957F43481A48F.e.10026/click - {}
RESULT: {}
COMMAND: GET /session/b614b8bdf87ea745e2832f5d1487871c/screenshot - {}
RESULT: {}
COMMAND: POST /session/b614b8bdf87ea745e2832f5d1487871c/execute/async - {"script":"<script> [1562 bytes]","args":[{"selector":{"id":"application-managecontracts-display-component---AddNewContract--projectDescription","interaction":{"idSuffix":"inner"}},"wdio_ui5_key":"applicationmanagecontracts-display-component---AddNewContract--projectDescription"}]}
RESULT: {"script":"<script> [1562 bytes]","args":[{"selector":{"id":"application-managecontracts-display-component---AddNewContract--projectDescription","interaction":{"idSuffix":"inner"}},"wdio_ui5_key":"applicationmanagecontracts-display-component---AddNewContract--projectDescription"}]}
RESULT: undefined
COMMAND: POST /session/b614b8bdf87ea745e2832f5d1487871c/execute/async - {"script":"<script> [776 bytes]","args":[{"enterText":"WdIOReducedzsao","selector":{"id":"application-managecontracts-display-component---AddNewContract--projectDescription","interaction":{"idSuffix":"inner"}},"clearTextFirst":true,"interactionType":"ENTER_TEXT"}]}
RESULT: {"script":"<script> [776 bytes]","args":[{"enterText":"WdIOReducedzsao","selector":{"id":"application-managecontracts-display-component---AddNewContract--projectDescription","interaction":{"idSuffix":"inner"}},"clearTextFirst":true,"interactionType":"ENTER_TEXT"}]}
COMMAND: POST /session/b614b8bdf87ea745e2832f5d1487871c/element - {"using":"xpath","value":"//input[@id=\"application-managecontracts-display-component---AddNewContract--yardId-inner\"]"}
RESULT: {"using":"xpath","value":"//input[@id=\"application-managecontracts-display-component---AddNewContract--yardId-inner\"]"}
COMMAND: POST /session/b614b8bdf87ea745e2832f5d1487871c/element/f.E141158646C81433446781BCB2447156.d.84FDDC6D318B766C8BB957F43481A48F.e.9953/clear - {}
RESULT: {}
COMMAND: POST /session/b614b8bdf87ea745e2832f5d1487871c/element/f.E141158646C81433446781BCB2447156.d.84FDDC6D318B766C8BB957F43481A48F.e.9953/value - {"text":"WebdriverYard1j42w"}
COMMAND: GET /session/b614b8bdf87ea745e2832f5d1487871c/screenshot - {}
RESULT: {"text":"WebdriverYard1j42w"}
COMMAND: GET /session/b614b8bdf87ea745e2832f5d1487871c/screenshot - {}
RESULT: {}
RESULT: {}
COMMAND: POST /session/b614b8bdf87ea745e2832f5d1487871c/actions - {"actions":[{"id":"action58","type":"key","parameters":{},"actions":[{"type":"keyDown","value":"î€‡"},{"type":"pause","duration":10},{"type":"keyUp","value":"î€‡"}]}]}
RESULT: {"actions":[{"id":"action58","type":"key","parameters":{},"actions":[{"type":"keyDown","value":"î€‡"},{"type":"pause","duration":10},{"type":"keyUp","value":"î€‡"}]}]}
COMMAND: GET /session/b614b8bdf87ea745e2832f5d1487871c/screenshot - {}
RESULT: {}
COMMAND: POST /session/b614b8bdf87ea745e2832f5d1487871c/element - {"using":"xpath","value":"//input[@id=\"application-managecontracts-display-component---AddNewContract--customerSelect-inner\"]"}
RESULT: {"using":"xpath","value":"//input[@id=\"application-managecontracts-display-component---AddNewContract--customerSelect-inner\"]"}
COMMAND: POST /session/b614b8bdf87ea745e2832f5d1487871c/element/f.E141158646C81433446781BCB2447156.d.84FDDC6D318B766C8BB957F43481A48F.e.9951/clear - {}
RESULT: {}
COMMAND: POST /session/b614b8bdf87ea745e2832f5d1487871c/element/f.E141158646C81433446781BCB2447156.d.84FDDC6D318B766C8BB957F43481A48F.e.9951/value - {"text":"WebdriverPartnerjchph"}
COMMAND: GET /session/b614b8bdf87ea745e2832f5d1487871c/screenshot - {}
RESULT: {"text":"WebdriverPartnerjchph"}
COMMAND: GET /session/b614b8bdf87ea745e2832f5d1487871c/screenshot - {}
RESULT: {}
RESULT: {}
COMMAND: POST /session/b614b8bdf87ea745e2832f5d1487871c/actions - {"actions":[{"id":"action59","type":"key","parameters":{},"actions":[{"type":"keyDown","value":"î€‡"},{"type":"pause","duration":10},{"type":"keyUp","value":"î€‡"}]}]}
RESULT: {"actions":[{"id":"action59","type":"key","parameters":{},"actions":[{"type":"keyDown","value":"î€‡"},{"type":"pause","duration":10},{"type":"keyUp","value":"î€‡"}]}]}
COMMAND: GET /session/b614b8bdf87ea745e2832f5d1487871c/screenshot - {}
RESULT: {}
COMMAND: POST /session/b614b8bdf87ea745e2832f5d1487871c/execute/async - {"script":"<script> [1562 bytes]","args":[{"selector":{"id":"application-managecontracts-display-component---AddNewContract--calendarInput-arrow"},"wdio_ui5_key":"applicationmanagecontracts-display-component---AddNewContract--calendarInput-arrow"}]}
RESULT: {"script":"<script> [1562 bytes]","args":[{"selector":{"id":"application-managecontracts-display-component---AddNewContract--calendarInput-arrow"},"wdio_ui5_key":"applicationmanagecontracts-display-component---AddNewContract--calendarInput-arrow"}]}
RESULT: undefined
COMMAND: POST /session/b614b8bdf87ea745e2832f5d1487871c/element - {"using":"xpath","value":"//*[@id=\"application-managecontracts-display-component---AddNewContract--calendarInput-arrow\"]"}
RESULT: {"using":"xpath","value":"//*[@id=\"application-managecontracts-display-component---AddNewContract--calendarInput-arrow\"]"}
COMMAND: POST /session/b614b8bdf87ea745e2832f5d1487871c/element/f.E141158646C81433446781BCB2447156.d.84FDDC6D318B766C8BB957F43481A48F.e.9924/click - {}
RESULT: {}
COMMAND: GET /session/b614b8bdf87ea745e2832f5d1487871c/screenshot - {}
RESULT: {}
COMMAND: POST /session/b614b8bdf87ea745e2832f5d1487871c/execute/async - {"script":"<script> [1562 bytes]","args":[{"selector":{"controlType":"sap.m.StandardListItem","viewName":"etm.portal.ui.managecontracts.view.AddNewContract","viewId":"application-managecontracts-display-component---AddNewContract","properties":{"title":"1 - Calendar unit test patch"},"searchOpenDialogs":true,"interaction":{"idSuffix":"titleText"}},"wdio_ui5_key":"etmportal.ui.managecontracts.view.AddNewContractsap.m.StandardListItem{\"title\":\"1 - Calendar unit test patch\"}"}]}
RESULT: {"script":"<script> [1562 bytes]","args":[{"selector":{"controlType":"sap.m.StandardListItem","viewName":"etm.portal.ui.managecontracts.view.AddNewContract","viewId":"application-managecontracts-display-component---AddNewContract","properties":{"title":"1 - Calendar unit test patch"},"searchOpenDialogs":true,"interaction":{"idSuffix":"titleText"}},"wdio_ui5_key":"etmportal.ui.managecontracts.view.AddNewContractsap.m.StandardListItem{\"title\":\"1 - Calendar unit test patch\"}"}]}
RESULT: undefined
COMMAND: POST /session/b614b8bdf87ea745e2832f5d1487871c/element - {"using":"xpath","value":"//*[@id=\"__item511\"]"}
RESULT: {"using":"xpath","value":"//*[@id=\"__item511\"]"}
COMMAND: POST /session/b614b8bdf87ea745e2832f5d1487871c/element/f.E141158646C81433446781BCB2447156.d.84FDDC6D318B766C8BB957F43481A48F.e.10031/click - {}
RESULT: {}
COMMAND: GET /session/b614b8bdf87ea745e2832f5d1487871c/screenshot - {}
RESULT: {}
COMMAND: POST /session/b614b8bdf87ea745e2832f5d1487871c/execute/async - {"script":"<script> [1562 bytes]","args":[{"selector":{"id":"application-managecontracts-display-component---AddNewContract--streetInput","interaction":{"idSuffix":"inner"}},"wdio_ui5_key":"applicationmanagecontracts-display-component---AddNewContract--streetInput"}]}
RESULT: {"script":"<script> [1562 bytes]","args":[{"selector":{"id":"application-managecontracts-display-component---AddNewContract--streetInput","interaction":{"idSuffix":"inner"}},"wdio_ui5_key":"applicationmanagecontracts-display-component---AddNewContract--streetInput"}]}
RESULT: undefined
COMMAND: POST /session/b614b8bdf87ea745e2832f5d1487871c/execute/async - {"script":"<script> [776 bytes]","args":[{"enterText":"StreetWdIO","selector":{"id":"application-managecontracts-display-component---AddNewContract--streetInput","interaction":{"idSuffix":"inner"}},"clearTextFirst":true,"interactionType":"ENTER_TEXT"}]}
RESULT: {"script":"<script> [776 bytes]","args":[{"enterText":"StreetWdIO","selector":{"id":"application-managecontracts-display-component---AddNewContract--streetInput","interaction":{"idSuffix":"inner"}},"clearTextFirst":true,"interactionType":"ENTER_TEXT"}]}
COMMAND: POST /session/b614b8bdf87ea745e2832f5d1487871c/execute/async - {"script":"<script> [1562 bytes]","args":[{"selector":{"id":"application-managecontracts-display-component---AddNewContract--numberInput","interaction":{"idSuffix":"inner"}},"wdio_ui5_key":"applicationmanagecontracts-display-component---AddNewContract--numberInput"}]}
RESULT: {"script":"<script> [1562 bytes]","args":[{"selector":{"id":"application-managecontracts-display-component---AddNewContract--numberInput","interaction":{"idSuffix":"inner"}},"wdio_ui5_key":"applicationmanagecontracts-display-component---AddNewContract--numberInput"}]}
RESULT: undefined
COMMAND: POST /session/b614b8bdf87ea745e2832f5d1487871c/execute/async - {"script":"<script> [776 bytes]","args":[{"enterText":"3","selector":{"id":"application-managecontracts-display-component---AddNewContract--numberInput","interaction":{"idSuffix":"inner"}},"clearTextFirst":true,"interactionType":"ENTER_TEXT"}]}
RESULT: {"script":"<script> [776 bytes]","args":[{"enterText":"3","selector":{"id":"application-managecontracts-display-component---AddNewContract--numberInput","interaction":{"idSuffix":"inner"}},"clearTextFirst":true,"interactionType":"ENTER_TEXT"}]}
COMMAND: POST /session/b614b8bdf87ea745e2832f5d1487871c/execute/async - {"script":"<script> [1562 bytes]","args":[{"selector":{"id":"application-managecontracts-display-component---AddNewContract--cityInput","interaction":{"idSuffix":"inner"}},"wdio_ui5_key":"applicationmanagecontracts-display-component---AddNewContract--cityInput"}]}
RESULT: {"script":"<script> [1562 bytes]","args":[{"selector":{"id":"application-managecontracts-display-component---AddNewContract--cityInput","interaction":{"idSuffix":"inner"}},"wdio_ui5_key":"applicationmanagecontracts-display-component---AddNewContract--cityInput"}]}
RESULT: undefined
COMMAND: POST /session/b614b8bdf87ea745e2832f5d1487871c/execute/async - {"script":"<script> [776 bytes]","args":[{"enterText":"Bucharest","selector":{"id":"application-managecontracts-display-component---AddNewContract--cityInput","interaction":{"idSuffix":"inner"}},"clearTextFirst":true,"interactionType":"ENTER_TEXT"}]}
RESULT: {"script":"<script> [776 bytes]","args":[{"enterText":"Bucharest","selector":{"id":"application-managecontracts-display-component---AddNewContract--cityInput","interaction":{"idSuffix":"inner"}},"clearTextFirst":true,"interactionType":"ENTER_TEXT"}]}
COMMAND: POST /session/b614b8bdf87ea745e2832f5d1487871c/execute/async - {"script":"<script> [1562 bytes]","args":[{"selector":{"id":"application-managecontracts-display-component---AddNewContract--zipInput","interaction":{"idSuffix":"inner"}},"wdio_ui5_key":"applicationmanagecontracts-display-component---AddNewContract--zipInput"}]}
RESULT: {"script":"<script> [1562 bytes]","args":[{"selector":{"id":"application-managecontracts-display-component---AddNewContract--zipInput","interaction":{"idSuffix":"inner"}},"wdio_ui5_key":"applicationmanagecontracts-display-component---AddNewContract--zipInput"}]}
RESULT: undefined
COMMAND: POST /session/b614b8bdf87ea745e2832f5d1487871c/execute/async - {"script":"<script> [776 bytes]","args":[{"enterText":"021210","selector":{"id":"application-managecontracts-display-component---AddNewContract--zipInput","interaction":{"idSuffix":"inner"}},"clearTextFirst":true,"interactionType":"ENTER_TEXT"}]}
RESULT: {"script":"<script> [776 bytes]","args":[{"enterText":"021210","selector":{"id":"application-managecontracts-display-component---AddNewContract--zipInput","interaction":{"idSuffix":"inner"}},"clearTextFirst":true,"interactionType":"ENTER_TEXT"}]}
COMMAND: POST /session/b614b8bdf87ea745e2832f5d1487871c/element - {"using":"xpath","value":"//bdi[contains(@id ,\"application-managecontracts-display-component---AddNewContract--saveBtn-BDI-content\")]"}
RESULT: {"using":"xpath","value":"//bdi[contains(@id ,\"application-managecontracts-display-component---AddNewContract--saveBtn-BDI-content\")]"}
COMMAND: POST /session/b614b8bdf87ea745e2832f5d1487871c/element/f.E141158646C81433446781BCB2447156.d.84FDDC6D318B766C8BB957F43481A48F.e.10036/click - {}
RESULT: {}
COMMAND: GET /session/b614b8bdf87ea745e2832f5d1487871c/screenshot - {}
RESULT: {}
COMMAND: POST /session/b614b8bdf87ea745e2832f5d1487871c/element - {"using":"xpath","value":"//button[contains(@data-kt ,\"contractDetailEditBtnButton\")]"}
RESULT: {"using":"xpath","value":"//button[contains(@data-kt ,\"contractDetailEditBtnButton\")]"}
COMMAND: POST /session/b614b8bdf87ea745e2832f5d1487871c/execute/sync - {"script":"<script> [8489 bytes]","args":[{"element-6066-11e4-a52e-4f735466cecf":"f.E141158646C81433446781BCB2447156.d.84FDDC6D318B766C8BB957F43481A48F.e.10049","ELEMENT":"f.E141158646C81433446781BCB2447156.d.84FDDC6D318B766C8BB957F43481A48F.e.10049"}]}
RESULT: {"script":"<script> [8489 bytes]","args":[{"element-6066-11e4-a52e-4f735466cecf":"f.E141158646C81433446781BCB2447156.d.84FDDC6D318B766C8BB957F43481A48F.e.10049","ELEMENT":"f.E141158646C81433446781BCB2447156.d.84FDDC6D318B766C8BB957F43481A48F.e.10049"}]}
COMMAND: POST /session/b614b8bdf87ea745e2832f5d1487871c/execute/sync - {"script":"<script> [8489 bytes]","args":[{"element-6066-11e4-a52e-4f735466cecf":"f.E141158646C81433446781BCB2447156.d.84FDDC6D318B766C8BB957F43481A48F.e.10049","ELEMENT":"f.E141158646C81433446781BCB2447156.d.84FDDC6D318B766C8BB957F43481A48F.e.10049"}]}
COMMAND: GET /session/b614b8bdf87ea745e2832f5d1487871c/screenshot - {}
RESULT: {}
RESULT: {"script":"<script> [8489 bytes]","args":[{"element-6066-11e4-a52e-4f735466cecf":"f.E141158646C81433446781BCB2447156.d.84FDDC6D318B766C8BB957F43481A48F.e.10049","ELEMENT":"f.E141158646C81433446781BCB2447156.d.84FDDC6D318B766C8BB957F43481A48F.e.10049"}]}
COMMAND: POST /session/b614b8bdf87ea745e2832f5d1487871c/execute/sync - {"script":"<script> [5351 bytes]","args":[{"element-6066-11e4-a52e-4f735466cecf":"f.E141158646C81433446781BCB2447156.d.84FDDC6D318B766C8BB957F43481A48F.e.10049","ELEMENT":"f.E141158646C81433446781BCB2447156.d.84FDDC6D318B766C8BB957F43481A48F.e.10049"}]}
COMMAND: GET /session/b614b8bdf87ea745e2832f5d1487871c/screenshot - {}
RESULT: {"script":"<script> [5351 bytes]","args":[{"element-6066-11e4-a52e-4f735466cecf":"f.E141158646C81433446781BCB2447156.d.84FDDC6D318B766C8BB957F43481A48F.e.10049","ELEMENT":"f.E141158646C81433446781BCB2447156.d.84FDDC6D318B766C8BB957F43481A48F.e.10049"}]}
COMMAND: POST /session/b614b8bdf87ea745e2832f5d1487871c/execute/async - {"script":"<script> [1562 bytes]","args":[{"selector":{"controlType":"sap.m.Text","viewName":"etm.portal.ui.managecontracts.view.Detail","bindingPath":{"propertyPath":"LINK_TO_C_CONTRACT_TYPES/DESCRIPTION","modelName":"catalogModel"}},"wdio_ui5_key":"etmportal.ui.managecontracts.view.Detailsap.m.Text{\"propertyPath\":\"LINK_TO_C_CONTRACT_TYPES/DESCRIPTION\",\"modelName\":\"catalogModel\"}"}]}
COMMAND: GET /session/b614b8bdf87ea745e2832f5d1487871c/screenshot - {}
RESULT: {}
RESULT: {"script":"<script> [1562 bytes]","args":[{"selector":{"controlType":"sap.m.Text","viewName":"etm.portal.ui.managecontracts.view.Detail","bindingPath":{"propertyPath":"LINK_TO_C_CONTRACT_TYPES/DESCRIPTION","modelName":"catalogModel"}},"wdio_ui5_key":"etmportal.ui.managecontracts.view.Detailsap.m.Text{\"propertyPath\":\"LINK_TO_C_CONTRACT_TYPES/DESCRIPTION\",\"modelName\":\"catalogModel\"}"}]}
RESULT: undefined
COMMAND: POST /session/b614b8bdf87ea745e2832f5d1487871c/execute/async - {"script":"<script> [6424 bytes]","args":[{"element-6066-11e4-a52e-4f735466cecf":"f.E141158646C81433446781BCB2447156.d.84FDDC6D318B766C8BB957F43481A48F.e.10050"},"getText",[]]}
RESULT: {}
RESULT: {"script":"<script> [6424 bytes]","args":[{"element-6066-11e4-a52e-4f735466cecf":"f.E141158646C81433446781BCB2447156.d.84FDDC6D318B766C8BB957F43481A48F.e.10050"},"getText",[]]}
COMMAND: POST /session/b614b8bdf87ea745e2832f5d1487871c/element/f.E141158646C81433446781BCB2447156.d.84FDDC6D318B766C8BB957F43481A48F.e.10049/click - {}
RESULT: {}
COMMAND: GET /session/b614b8bdf87ea745e2832f5d1487871c/screenshot - {}
RESULT: {}
]]></system-out>
    </testcase>
    <testcase classname="chrome.136_0_7103_49.windows.Reduced_contract_US151275" name="Should add a RU to the contract" time="51.054">
      <system-out><![CDATA[
COMMAND: POST /session/b614b8bdf87ea745e2832f5d1487871c/element - {"using":"xpath","value":"(//span[contains(text(), \"Header Billing Items\")])[2]"}
RESULT: {"using":"xpath","value":"(//span[contains(text(), \"Header Billing Items\")])[2]"}
COMMAND: POST /session/b614b8bdf87ea745e2832f5d1487871c/element/f.E141158646C81433446781BCB2447156.d.84FDDC6D318B766C8BB957F43481A48F.e.10092/click - {}
RESULT: {}
COMMAND: GET /session/b614b8bdf87ea745e2832f5d1487871c/screenshot - {}
RESULT: {}
COMMAND: POST /session/b614b8bdf87ea745e2832f5d1487871c/element - {"using":"xpath","value":"//button[@data-kt=\"btnAddTableRowOverflowToolbarButton\"]"}
RESULT: {"using":"xpath","value":"//button[@data-kt=\"btnAddTableRowOverflowToolbarButton\"]"}
COMMAND: POST /session/b614b8bdf87ea745e2832f5d1487871c/element/f.E141158646C81433446781BCB2447156.d.84FDDC6D318B766C8BB957F43481A48F.e.10097/click - {}
RESULT: {}
COMMAND: GET /session/b614b8bdf87ea745e2832f5d1487871c/screenshot - {}
RESULT: {}
COMMAND: POST /session/b614b8bdf87ea745e2832f5d1487871c/element - {"using":"xpath","value":"//div[(text() = 'Standard Entry' or . = 'Standard Entry')]"}
RESULT: {"using":"xpath","value":"//div[(text() = 'Standard Entry' or . = 'Standard Entry')]"}
COMMAND: POST /session/b614b8bdf87ea745e2832f5d1487871c/element/f.E141158646C81433446781BCB2447156.d.84FDDC6D318B766C8BB957F43481A48F.e.10099/click - {}
RESULT: {}
COMMAND: POST /session/b614b8bdf87ea745e2832f5d1487871c/element - {"using":"xpath","value":"//td[6]/div/div/input[1]"}
COMMAND: GET /session/b614b8bdf87ea745e2832f5d1487871c/screenshot - {}
RESULT: {"using":"xpath","value":"//td[6]/div/div/input[1]"}
COMMAND: POST /session/b614b8bdf87ea745e2832f5d1487871c/element/f.E141158646C81433446781BCB2447156.d.84FDDC6D318B766C8BB957F43481A48F.e.10101/click - {}
RESULT: {}
RESULT: {}
COMMAND: POST /session/b614b8bdf87ea745e2832f5d1487871c/actions - {"actions":[{"id":"action60","type":"key","parameters":{},"actions":[{"type":"keyDown","value":"î€ƒ"},{"type":"pause","duration":10},{"type":"keyUp","value":"î€ƒ"}]}]}
COMMAND: GET /session/b614b8bdf87ea745e2832f5d1487871c/screenshot - {}
RESULT: {"actions":[{"id":"action60","type":"key","parameters":{},"actions":[{"type":"keyDown","value":"î€ƒ"},{"type":"pause","duration":10},{"type":"keyUp","value":"î€ƒ"}]}]}
COMMAND: POST /session/b614b8bdf87ea745e2832f5d1487871c/element - {"using":"xpath","value":"//td[6]/div/div/input[1]"}
COMMAND: GET /session/b614b8bdf87ea745e2832f5d1487871c/screenshot - {}
RESULT: {}
RESULT: {"using":"xpath","value":"//td[6]/div/div/input[1]"}
COMMAND: POST /session/b614b8bdf87ea745e2832f5d1487871c/element/f.E141158646C81433446781BCB2447156.d.84FDDC6D318B766C8BB957F43481A48F.e.10101/clear - {}
RESULT: {}
RESULT: {}
COMMAND: POST /session/b614b8bdf87ea745e2832f5d1487871c/element/f.E141158646C81433446781BCB2447156.d.84FDDC6D318B766C8BB957F43481A48F.e.10101/value - {"text":"Material"}
COMMAND: GET /session/b614b8bdf87ea745e2832f5d1487871c/screenshot - {}
RESULT: {"text":"Material"}
COMMAND: GET /session/b614b8bdf87ea745e2832f5d1487871c/screenshot - {}
RESULT: {}
RESULT: {}
COMMAND: POST /session/b614b8bdf87ea745e2832f5d1487871c/actions - {"actions":[{"id":"action61","type":"key","parameters":{},"actions":[{"type":"keyDown","value":"î€‡"},{"type":"pause","duration":10},{"type":"keyUp","value":"î€‡"}]}]}
RESULT: {"actions":[{"id":"action61","type":"key","parameters":{},"actions":[{"type":"keyDown","value":"î€‡"},{"type":"pause","duration":10},{"type":"keyUp","value":"î€‡"}]}]}
COMMAND: GET /session/b614b8bdf87ea745e2832f5d1487871c/screenshot - {}
RESULT: {}
COMMAND: POST /session/b614b8bdf87ea745e2832f5d1487871c/actions - {"actions":[{"id":"action62","type":"key","parameters":{},"actions":[{"type":"keyDown","value":"î€‡"},{"type":"pause","duration":10},{"type":"keyUp","value":"î€‡"}]}]}
RESULT: {"actions":[{"id":"action62","type":"key","parameters":{},"actions":[{"type":"keyDown","value":"î€‡"},{"type":"pause","duration":10},{"type":"keyUp","value":"î€‡"}]}]}
COMMAND: POST /session/b614b8bdf87ea745e2832f5d1487871c/element - {"using":"xpath","value":"//td[7]/div/div/input"}
COMMAND: GET /session/b614b8bdf87ea745e2832f5d1487871c/screenshot - {}
RESULT: {"using":"xpath","value":"//td[7]/div/div/input"}
COMMAND: POST /session/b614b8bdf87ea745e2832f5d1487871c/element/f.E141158646C81433446781BCB2447156.d.84FDDC6D318B766C8BB957F43481A48F.e.10114/clear - {}
RESULT: {}
RESULT: {}
COMMAND: POST /session/b614b8bdf87ea745e2832f5d1487871c/element/f.E141158646C81433446781BCB2447156.d.84FDDC6D318B766C8BB957F43481A48F.e.10114/value - {"text":"WebdriverRUR2C"}
COMMAND: GET /session/b614b8bdf87ea745e2832f5d1487871c/screenshot - {}
RESULT: {"text":"WebdriverRUR2C"}
COMMAND: GET /session/b614b8bdf87ea745e2832f5d1487871c/screenshot - {}
RESULT: {}
RESULT: {}
COMMAND: POST /session/b614b8bdf87ea745e2832f5d1487871c/actions - {"actions":[{"id":"action63","type":"key","parameters":{},"actions":[{"type":"keyDown","value":"î€‡"},{"type":"pause","duration":10},{"type":"keyUp","value":"î€‡"}]}]}
RESULT: {"actions":[{"id":"action63","type":"key","parameters":{},"actions":[{"type":"keyDown","value":"î€‡"},{"type":"pause","duration":10},{"type":"keyUp","value":"î€‡"}]}]}
COMMAND: GET /session/b614b8bdf87ea745e2832f5d1487871c/screenshot - {}
RESULT: {}
COMMAND: POST /session/b614b8bdf87ea745e2832f5d1487871c/actions - {"actions":[{"id":"action64","type":"key","parameters":{},"actions":[{"type":"keyDown","value":"î€‡"},{"type":"pause","duration":10},{"type":"keyUp","value":"î€‡"}]}]}
RESULT: {"actions":[{"id":"action64","type":"key","parameters":{},"actions":[{"type":"keyDown","value":"î€‡"},{"type":"pause","duration":10},{"type":"keyUp","value":"î€‡"}]}]}
COMMAND: GET /session/b614b8bdf87ea745e2832f5d1487871c/screenshot - {}
RESULT: {}
COMMAND: POST /session/b614b8bdf87ea745e2832f5d1487871c/element - {"using":"xpath","value":"(//button[@data-kt=\"saveButton\"])[2]"}
RESULT: {"using":"xpath","value":"(//button[@data-kt=\"saveButton\"])[2]"}
COMMAND: POST /session/b614b8bdf87ea745e2832f5d1487871c/element/f.E141158646C81433446781BCB2447156.d.84FDDC6D318B766C8BB957F43481A48F.e.10139/click - {}
RESULT: {}
COMMAND: GET /session/b614b8bdf87ea745e2832f5d1487871c/screenshot - {}
RESULT: {}
COMMAND: POST /session/b614b8bdf87ea745e2832f5d1487871c/element - {"using":"xpath","value":"//button[contains(@data-kt ,\"contractDetailEditBtnButton\")]"}
RESULT: {"using":"xpath","value":"//button[contains(@data-kt ,\"contractDetailEditBtnButton\")]"}
COMMAND: POST /session/b614b8bdf87ea745e2832f5d1487871c/execute/sync - {"script":"<script> [8489 bytes]","args":[{"element-6066-11e4-a52e-4f735466cecf":"f.E141158646C81433446781BCB2447156.d.84FDDC6D318B766C8BB957F43481A48F.e.10049","ELEMENT":"f.E141158646C81433446781BCB2447156.d.84FDDC6D318B766C8BB957F43481A48F.e.10049"}]}
RESULT: {"script":"<script> [8489 bytes]","args":[{"element-6066-11e4-a52e-4f735466cecf":"f.E141158646C81433446781BCB2447156.d.84FDDC6D318B766C8BB957F43481A48F.e.10049","ELEMENT":"f.E141158646C81433446781BCB2447156.d.84FDDC6D318B766C8BB957F43481A48F.e.10049"}]}
COMMAND: POST /session/b614b8bdf87ea745e2832f5d1487871c/execute/sync - {"script":"<script> [8489 bytes]","args":[{"element-6066-11e4-a52e-4f735466cecf":"f.E141158646C81433446781BCB2447156.d.84FDDC6D318B766C8BB957F43481A48F.e.10049","ELEMENT":"f.E141158646C81433446781BCB2447156.d.84FDDC6D318B766C8BB957F43481A48F.e.10049"}]}
COMMAND: GET /session/b614b8bdf87ea745e2832f5d1487871c/screenshot - {}
RESULT: {"script":"<script> [8489 bytes]","args":[{"element-6066-11e4-a52e-4f735466cecf":"f.E141158646C81433446781BCB2447156.d.84FDDC6D318B766C8BB957F43481A48F.e.10049","ELEMENT":"f.E141158646C81433446781BCB2447156.d.84FDDC6D318B766C8BB957F43481A48F.e.10049"}]}
COMMAND: POST /session/b614b8bdf87ea745e2832f5d1487871c/execute/sync - {"script":"<script> [5351 bytes]","args":[{"element-6066-11e4-a52e-4f735466cecf":"f.E141158646C81433446781BCB2447156.d.84FDDC6D318B766C8BB957F43481A48F.e.10049","ELEMENT":"f.E141158646C81433446781BCB2447156.d.84FDDC6D318B766C8BB957F43481A48F.e.10049"}]}
COMMAND: GET /session/b614b8bdf87ea745e2832f5d1487871c/screenshot - {}
RESULT: {}
RESULT: {"script":"<script> [5351 bytes]","args":[{"element-6066-11e4-a52e-4f735466cecf":"f.E141158646C81433446781BCB2447156.d.84FDDC6D318B766C8BB957F43481A48F.e.10049","ELEMENT":"f.E141158646C81433446781BCB2447156.d.84FDDC6D318B766C8BB957F43481A48F.e.10049"}]}
COMMAND: POST /session/b614b8bdf87ea745e2832f5d1487871c/element - {"using":"xpath","value":"(//span[contains(text(), \"Header Billing Items\")])[1]"}
COMMAND: GET /session/b614b8bdf87ea745e2832f5d1487871c/screenshot - {}
RESULT: {}
RESULT: {"using":"xpath","value":"(//span[contains(text(), \"Header Billing Items\")])[1]"}
COMMAND: POST /session/b614b8bdf87ea745e2832f5d1487871c/element/f.E141158646C81433446781BCB2447156.d.84FDDC6D318B766C8BB957F43481A48F.e.10143/click - {}
RESULT: {}
RESULT: {}
COMMAND: GET /session/b614b8bdf87ea745e2832f5d1487871c/screenshot - {}
RESULT: {}
COMMAND: POST /session/b614b8bdf87ea745e2832f5d1487871c/execute/async - {"script":"<script> [1562 bytes]","args":[{"selector":{"controlType":"sap.m.Title","viewName":"etm.portal.ui.managecontracts.view.Detail","properties":{"text":"Contract Items (1)"}},"wdio_ui5_key":"etmportal.ui.managecontracts.view.Detailsap.m.Title{\"text\":\"Contract Items (1)\"}"}]}
RESULT: {"script":"<script> [1562 bytes]","args":[{"selector":{"controlType":"sap.m.Title","viewName":"etm.portal.ui.managecontracts.view.Detail","properties":{"text":"Contract Items (1)"}},"wdio_ui5_key":"etmportal.ui.managecontracts.view.Detailsap.m.Title{\"text\":\"Contract Items (1)\"}"}]}
RESULT: undefined
COMMAND: POST /session/b614b8bdf87ea745e2832f5d1487871c/execute/async - {"script":"<script> [6424 bytes]","args":[{"element-6066-11e4-a52e-4f735466cecf":"f.E141158646C81433446781BCB2447156.d.84FDDC6D318B766C8BB957F43481A48F.e.10147"},"getText",[]]}
RESULT: {"script":"<script> [6424 bytes]","args":[{"element-6066-11e4-a52e-4f735466cecf":"f.E141158646C81433446781BCB2447156.d.84FDDC6D318B766C8BB957F43481A48F.e.10147"},"getText",[]]}
COMMAND: POST /session/b614b8bdf87ea745e2832f5d1487871c/element - {"using":"xpath","value":"(//span[contains(@class ,\"sapMObjStatusText\")])[1]"}
RESULT: {"using":"xpath","value":"(//span[contains(@class ,\"sapMObjStatusText\")])[1]"}
COMMAND: GET /session/b614b8bdf87ea745e2832f5d1487871c/element/f.E141158646C81433446781BCB2447156.d.84FDDC6D318B766C8BB957F43481A48F.e.10148/text - {}
RESULT: {}
COMMAND: POST /session/b614b8bdf87ea745e2832f5d1487871c/refresh - {}
RESULT: {}
COMMAND: GET /session/b614b8bdf87ea745e2832f5d1487871c/screenshot - {}
RESULT: {}
COMMAND: POST /session/b614b8bdf87ea745e2832f5d1487871c/execute/async - {"script":"<script> [189 bytes]","args":[]}
RESULT: {"script":"<script> [189 bytes]","args":[]}
COMMAND: POST /session/b614b8bdf87ea745e2832f5d1487871c/execute/async - {"script":"<script> [123 bytes]","args":[]}
RESULT: {"script":"<script> [123 bytes]","args":[]}
COMMAND: POST /session/b614b8bdf87ea745e2832f5d1487871c/timeouts - {"script":"<number>"}
RESULT: {"script":"<number>"}
COMMAND: GET /session/b614b8bdf87ea745e2832f5d1487871c/timeouts - {}
RESULT: {}
RESULT: undefined
COMMAND: POST /session/b614b8bdf87ea745e2832f5d1487871c/execute/async - {"script":"<script> [2676 bytes]","args":[]}
RESULT: {"script":"<script> [2676 bytes]","args":[]}
COMMAND: POST /session/b614b8bdf87ea745e2832f5d1487871c/execute/async - {"script":"<script> [2342 bytes]","args":[{"protocol":"http","hostname":"0.0.0.0","path":"/","capabilities":{"browserName":"chrome","goog:chromeOptions":{"binary":"C:\\Program Files\\Google\\Chrome\\Application\\chrome.exe","args":["--start-maximized"]}},"logLevel":"warn","connectionRetryTimeout":120000,"connectionRetryCount":3,"logLevels":{},"enableDirectConnect":true,"strictSSL":true,"_":"65 more keys: [\"cacheDir\",\"port\",\"requestedCapabilities\",\"automationProtocol\",\"baseUrl\",\"waitforInterval\",\"waitforTimeout\",\"onReload\",\"beforeCommand\",\"afterCommand\",\"rootDir\",\"specs\",\"suites\",\"exclude\",\"groupLogsByTestSpec\",\"excludeDriverLogs\",\"bail\",\"framework\",\"reporters\",\"services\",\"maxInstances\",\"maxInstancesPerCapability\",\"injectGlobals\",\"filesToWatch\",\"execArgv\",\"runnerEnv\",\"runner\",\"shard\",\"specFileRetries\",\"specFileRetriesDelay\",\"specFileRetriesDeferred\",\"reporterSyncInterval\",\"reporterSyncTimeout\",\"cucumberFeaturesWithLineNumbers\",\"autoCompileOpts\",\"mochaOpts\",\"jasmineOpts\",\"cucumberOpts\",\"onPrepare\",\"onWorkerStart\",\"onWorkerEnd\",\"before\",\"beforeSession\",\"beforeSuite\",\"beforeHook\",\"beforeTest\",\"afterTest\",\"afterHook\",\"afterSuite\",\"afterSession\",\"after\",\"onComplete\",\"beforeAssertion\",\"afterAssertion\",\"beforeFeature\",\"beforeScenario\",\"beforeStep\",\"afterStep\",\"afterScenario\",\"afterFeature\",\"_\",\"suite\",\"$0\",\"ignoredWorkerServices\",\"wdi5\"]"}]}
RESULT: {"script":"<script> [2342 bytes]","args":[{"protocol":"http","hostname":"0.0.0.0","path":"/","capabilities":{"browserName":"chrome","goog:chromeOptions":{"binary":"C:\\Program Files\\Google\\Chrome\\Application\\chrome.exe","args":["--start-maximized"]}},"logLevel":"warn","connectionRetryTimeout":120000,"connectionRetryCount":3,"logLevels":{},"enableDirectConnect":true,"strictSSL":true,"_":"65 more keys: [\"cacheDir\",\"port\",\"requestedCapabilities\",\"automationProtocol\",\"baseUrl\",\"waitforInterval\",\"waitforTimeout\",\"onReload\",\"beforeCommand\",\"afterCommand\",\"rootDir\",\"specs\",\"suites\",\"exclude\",\"groupLogsByTestSpec\",\"excludeDriverLogs\",\"bail\",\"framework\",\"reporters\",\"services\",\"maxInstances\",\"maxInstancesPerCapability\",\"injectGlobals\",\"filesToWatch\",\"execArgv\",\"runnerEnv\",\"runner\",\"shard\",\"specFileRetries\",\"specFileRetriesDelay\",\"specFileRetriesDeferred\",\"reporterSyncInterval\",\"reporterSyncTimeout\",\"cucumberFeaturesWithLineNumbers\",\"autoCompileOpts\",\"mochaOpts\",\"jasmineOpts\",\"cucumberOpts\",\"onPrepare\",\"onWorkerStart\",\"onWorkerEnd\",\"before\",\"beforeSession\",\"beforeSuite\",\"beforeHook\",\"beforeTest\",\"afterTest\",\"afterHook\",\"afterSuite\",\"afterSession\",\"after\",\"onComplete\",\"beforeAssertion\",\"afterAssertion\",\"beforeFeature\",\"beforeScenario\",\"beforeStep\",\"afterStep\",\"afterScenario\",\"afterFeature\",\"_\",\"suite\",\"$0\",\"ignoredWorkerServices\",\"wdi5\"]"}]}
COMMAND: POST /session/b614b8bdf87ea745e2832f5d1487871c/execute/async - {"script":"<script> [21126 bytes]","args":[35000]}
RESULT: {"script":"<script> [21126 bytes]","args":[35000]}
COMMAND: POST /session/b614b8bdf87ea745e2832f5d1487871c/element - {"using":"css selector","value":"#shell-header-logo"}
RESULT: {"using":"css selector","value":"#shell-header-logo"}
COMMAND: POST /session/b614b8bdf87ea745e2832f5d1487871c/element/f.E141158646C81433446781BCB2447156.d.8A3C8E134B4AEFC7DD262EA23A532398.e.10155/click - {}
RESULT: {}
COMMAND: GET /session/b614b8bdf87ea745e2832f5d1487871c/screenshot - {}
RESULT: {}
]]></system-out>
    </testcase>
  </testsuite>
  <testsuite timestamp="2025-05-14T18:27:36" time="1420.196" tests="7" failures="1" errors="1" skipped="0">
    <properties>
      <property name="specId" value="0" />
      <property name="suiteName" value="E2E - Logistical and commercial statuses" />
      <property name="capabilities" value="chrome.136_0_7103_49.windows" />
      <property name="file" value="file:///D:/a/1/s/test/specs/R2C/E2E-Logistical-and-commercial-status.spec.js" />
    </properties>
    <testcase classname="chrome.136_0_7103_49.windows.E2E_-_Logistical_and_commercial_statuses" name="Should create prerequisites yard partner and site" time="308.481">
      <system-out><![CDATA[
COMMAND: POST /session/b614b8bdf87ea745e2832f5d1487871c/execute/async - {"script":"<script> [1562 bytes]","args":[{"selector":{"controlType":"sap.m.GenericTile","properties":{"header":"Manage Yards"}},"wdio_ui5_key":"sapm.GenericTile{\"header\":\"Manage Yards\"}"}]}
RESULT: {"script":"<script> [1562 bytes]","args":[{"selector":{"controlType":"sap.m.GenericTile","properties":{"header":"Manage Yards"}},"wdio_ui5_key":"sapm.GenericTile{\"header\":\"Manage Yards\"}"}]}
RESULT: undefined
COMMAND: POST /session/b614b8bdf87ea745e2832f5d1487871c/element - {"using":"xpath","value":"//*[@id=\"__tile41\"]"}
RESULT: {"using":"xpath","value":"//*[@id=\"__tile41\"]"}
COMMAND: POST /session/b614b8bdf87ea745e2832f5d1487871c/element/f.E141158646C81433446781BCB2447156.d.8A3C8E134B4AEFC7DD262EA23A532398.e.10315/click - {}
RESULT: {}
COMMAND: GET /session/b614b8bdf87ea745e2832f5d1487871c/screenshot - {}
RESULT: {}
COMMAND: POST /session/b614b8bdf87ea745e2832f5d1487871c/elements - {"using":"xpath","value":"//span[text()='Error']"}
RESULT: {"using":"xpath","value":"//span[text()='Error']"}
COMMAND: POST /session/b614b8bdf87ea745e2832f5d1487871c/execute/async - {"script":"<script> [1562 bytes]","args":[{"selector":{"controlType":"sap.ui.core.Icon","viewName":"etm.portal.ui.manageyards.view.Master","viewId":"application-manageyards-display-component---masterYard","properties":{"src":{"regex":{"source":"add"}}}},"wdio_ui5_key":"etmportal.ui.manageyards.view.Mastersap.ui.core.Icon{\"src\":{\"regex\":{\"source\":\"add\"}}}"}]}
RESULT: {"script":"<script> [1562 bytes]","args":[{"selector":{"controlType":"sap.ui.core.Icon","viewName":"etm.portal.ui.manageyards.view.Master","viewId":"application-manageyards-display-component---masterYard","properties":{"src":{"regex":{"source":"add"}}}},"wdio_ui5_key":"etmportal.ui.manageyards.view.Mastersap.ui.core.Icon{\"src\":{\"regex\":{\"source\":\"add\"}}}"}]}
RESULT: undefined
COMMAND: POST /session/b614b8bdf87ea745e2832f5d1487871c/element - {"using":"xpath","value":"//*[@id=\"__button14-img\"]"}
RESULT: {"using":"xpath","value":"//*[@id=\"__button14-img\"]"}
COMMAND: POST /session/b614b8bdf87ea745e2832f5d1487871c/element/f.E141158646C81433446781BCB2447156.d.8A3C8E134B4AEFC7DD262EA23A532398.e.10352/click - {}
RESULT: {}
COMMAND: GET /session/b614b8bdf87ea745e2832f5d1487871c/screenshot - {}
RESULT: {}
COMMAND: POST /session/b614b8bdf87ea745e2832f5d1487871c/execute/async - {"script":"<script> [1562 bytes]","args":[{"selector":{"id":"application-manageyards-display-component---NewYard--yardId","interaction":{"idSuffix":"inner"}},"wdio_ui5_key":"applicationmanageyards-display-component---NewYard--yardId"}]}
RESULT: {"script":"<script> [1562 bytes]","args":[{"selector":{"id":"application-manageyards-display-component---NewYard--yardId","interaction":{"idSuffix":"inner"}},"wdio_ui5_key":"applicationmanageyards-display-component---NewYard--yardId"}]}
RESULT: undefined
COMMAND: POST /session/b614b8bdf87ea745e2832f5d1487871c/element - {"using":"xpath","value":"//*[@id=\"application-manageyards-display-component---NewYard--addressDetailDetailsName1-inner\"]"}
RESULT: {"using":"xpath","value":"//*[@id=\"application-manageyards-display-component---NewYard--addressDetailDetailsName1-inner\"]"}
COMMAND: POST /session/b614b8bdf87ea745e2832f5d1487871c/element/f.E141158646C81433446781BCB2447156.d.8A3C8E134B4AEFC7DD262EA23A532398.e.10538/clear - {}
RESULT: {}
COMMAND: POST /session/b614b8bdf87ea745e2832f5d1487871c/element/f.E141158646C81433446781BCB2447156.d.8A3C8E134B4AEFC7DD262EA23A532398.e.10538/value - {"text":"WebdriverYard6byg0f"}
COMMAND: GET /session/b614b8bdf87ea745e2832f5d1487871c/screenshot - {}
RESULT: {"text":"WebdriverYard6byg0f"}
COMMAND: POST /session/b614b8bdf87ea745e2832f5d1487871c/element - {"using":"xpath","value":"//*[@id=\"application-manageyards-display-component---NewYard--addressDetailDetailsLanguage-inner\"]"}
COMMAND: GET /session/b614b8bdf87ea745e2832f5d1487871c/screenshot - {}
RESULT: {}
RESULT: {"using":"xpath","value":"//*[@id=\"application-manageyards-display-component---NewYard--addressDetailDetailsLanguage-inner\"]"}
COMMAND: POST /session/b614b8bdf87ea745e2832f5d1487871c/element/f.E141158646C81433446781BCB2447156.d.8A3C8E134B4AEFC7DD262EA23A532398.e.10539/clear - {}
RESULT: {}
RESULT: {}
COMMAND: POST /session/b614b8bdf87ea745e2832f5d1487871c/element/f.E141158646C81433446781BCB2447156.d.8A3C8E134B4AEFC7DD262EA23A532398.e.10539/value - {"text":"Romanian"}
COMMAND: GET /session/b614b8bdf87ea745e2832f5d1487871c/screenshot - {}
RESULT: {"text":"Romanian"}
COMMAND: POST /session/b614b8bdf87ea745e2832f5d1487871c/element - {"using":"xpath","value":"//input[contains(@id ,\"application-manageyards-display-component---NewYard--addressDetailDetailsName1-inner\")]"}
COMMAND: GET /session/b614b8bdf87ea745e2832f5d1487871c/screenshot - {}
RESULT: {}
RESULT: {"using":"xpath","value":"//input[contains(@id ,\"application-manageyards-display-component---NewYard--addressDetailDetailsName1-inner\")]"}
COMMAND: GET /session/b614b8bdf87ea745e2832f5d1487871c/element/f.E141158646C81433446781BCB2447156.d.8A3C8E134B4AEFC7DD262EA23A532398.e.10538/property/value - {}
RESULT: {}
RESULT: {}
COMMAND: GET /session/b614b8bdf87ea745e2832f5d1487871c/screenshot - {}
RESULT: {}
COMMAND: POST /session/b614b8bdf87ea745e2832f5d1487871c/element - {"using":"xpath","value":"//*[@id=\"application-manageyards-display-component---NewYard--addressDetailDetailsCity1-inner\"]"}
RESULT: {"using":"xpath","value":"//*[@id=\"application-manageyards-display-component---NewYard--addressDetailDetailsCity1-inner\"]"}
COMMAND: POST /session/b614b8bdf87ea745e2832f5d1487871c/element/f.E141158646C81433446781BCB2447156.d.8A3C8E134B4AEFC7DD262EA23A532398.e.10541/clear - {}
RESULT: {}
COMMAND: POST /session/b614b8bdf87ea745e2832f5d1487871c/element/f.E141158646C81433446781BCB2447156.d.8A3C8E134B4AEFC7DD262EA23A532398.e.10541/value - {"text":"Bucuresti"}
COMMAND: GET /session/b614b8bdf87ea745e2832f5d1487871c/screenshot - {}
RESULT: {"text":"Bucuresti"}
COMMAND: GET /session/b614b8bdf87ea745e2832f5d1487871c/screenshot - {}
RESULT: {}
RESULT: {}
COMMAND: POST /session/b614b8bdf87ea745e2832f5d1487871c/element - {"using":"xpath","value":"//*[@id=\"application-manageyards-display-component---NewYard--addressDetailDetailsCountry-inner\"]"}
RESULT: {"using":"xpath","value":"//*[@id=\"application-manageyards-display-component---NewYard--addressDetailDetailsCountry-inner\"]"}
COMMAND: POST /session/b614b8bdf87ea745e2832f5d1487871c/element/f.E141158646C81433446781BCB2447156.d.8A3C8E134B4AEFC7DD262EA23A532398.e.10545/clear - {}
RESULT: {}
COMMAND: POST /session/b614b8bdf87ea745e2832f5d1487871c/element/f.E141158646C81433446781BCB2447156.d.8A3C8E134B4AEFC7DD262EA23A532398.e.10545/value - {"text":"Romania"}
COMMAND: GET /session/b614b8bdf87ea745e2832f5d1487871c/screenshot - {}
RESULT: {"text":"Romania"}
COMMAND: GET /session/b614b8bdf87ea745e2832f5d1487871c/screenshot - {}
RESULT: {}
RESULT: {}
COMMAND: POST /session/b614b8bdf87ea745e2832f5d1487871c/element - {"using":"xpath","value":"//div[contains(text(), \"Commercial\")]"}
RESULT: {"using":"xpath","value":"//div[contains(text(), \"Commercial\")]"}
COMMAND: GET /session/b614b8bdf87ea745e2832f5d1487871c/element/f.E141158646C81433446781BCB2447156.d.8A3C8E134B4AEFC7DD262EA23A532398.e.10783/rect - {}
RESULT: {}
COMMAND: GET /session/b614b8bdf87ea745e2832f5d1487871c/window/rect - {}
RESULT: {}
COMMAND: POST /session/b614b8bdf87ea745e2832f5d1487871c/execute/sync - {"script":"<script> [92 bytes]","args":[]}
RESULT: {"script":"<script> [92 bytes]","args":[]}
COMMAND: POST /session/b614b8bdf87ea745e2832f5d1487871c/actions - {"actions":[{"id":"action65","type":"wheel","parameters":{},"actions":[{"type":"scroll","x":-1841,"y":-44,"deltaX":0,"deltaY":0,"duration":0,"origin":{"element-6066-11e4-a52e-4f735466cecf":"f.E141158646C81433446781BCB2447156.d.8A3C8E134B4AEFC7DD262EA23A532398.e.10783"}}]}]}
COMMAND: GET /session/b614b8bdf87ea745e2832f5d1487871c/screenshot - {}
RESULT: {}
COMMAND: POST /session/b614b8bdf87ea745e2832f5d1487871c/execute/sync - {"script":"<script> [79 bytes]","args":[{"element-6066-11e4-a52e-4f735466cecf":"f.E141158646C81433446781BCB2447156.d.8A3C8E134B4AEFC7DD262EA23A532398.e.10783","ELEMENT":"f.E141158646C81433446781BCB2447156.d.8A3C8E134B4AEFC7DD262EA23A532398.e.10783"},{"block":"start","inline":"nearest"}]}
RESULT: {"script":"<script> [79 bytes]","args":[{"element-6066-11e4-a52e-4f735466cecf":"f.E141158646C81433446781BCB2447156.d.8A3C8E134B4AEFC7DD262EA23A532398.e.10783","ELEMENT":"f.E141158646C81433446781BCB2447156.d.8A3C8E134B4AEFC7DD262EA23A532398.e.10783"},{"block":"start","inline":"nearest"}]}
COMMAND: GET /session/b614b8bdf87ea745e2832f5d1487871c/screenshot - {}
RESULT: {}
COMMAND: POST /session/b614b8bdf87ea745e2832f5d1487871c/execute/async - {"script":"<script> [1562 bytes]","args":[{"selector":{"id":"application-manageyards-display-component---NewYard--addressEditDetailsCostObjectCstType-arrow"},"wdio_ui5_key":"applicationmanageyards-display-component---NewYard--addressEditDetailsCostObjectCstType-arrow"}]}
RESULT: {"script":"<script> [1562 bytes]","args":[{"selector":{"id":"application-manageyards-display-component---NewYard--addressEditDetailsCostObjectCstType-arrow"},"wdio_ui5_key":"applicationmanageyards-display-component---NewYard--addressEditDetailsCostObjectCstType-arrow"}]}
RESULT: undefined
COMMAND: POST /session/b614b8bdf87ea745e2832f5d1487871c/element - {"using":"xpath","value":"//*[@id=\"application-manageyards-display-component---NewYard--addressEditDetailsCostObjectCstType-arrow\"]"}
RESULT: {"using":"xpath","value":"//*[@id=\"application-manageyards-display-component---NewYard--addressEditDetailsCostObjectCstType-arrow\"]"}
COMMAND: POST /session/b614b8bdf87ea745e2832f5d1487871c/element/f.E141158646C81433446781BCB2447156.d.8A3C8E134B4AEFC7DD262EA23A532398.e.10791/click - {}
RESULT: {}
COMMAND: POST /session/b614b8bdf87ea745e2832f5d1487871c/element - {"using":"xpath","value":"//span[contains(text(), \"Cost Center\")]"}
COMMAND: GET /session/b614b8bdf87ea745e2832f5d1487871c/screenshot - {}
RESULT: {"using":"xpath","value":"//span[contains(text(), \"Cost Center\")]"}
COMMAND: POST /session/b614b8bdf87ea745e2832f5d1487871c/element/f.E141158646C81433446781BCB2447156.d.8A3C8E134B4AEFC7DD262EA23A532398.e.10792/click - {}
RESULT: {}
RESULT: {}
COMMAND: GET /session/b614b8bdf87ea745e2832f5d1487871c/screenshot - {}
RESULT: {}
COMMAND: POST /session/b614b8bdf87ea745e2832f5d1487871c/execute/async - {"script":"<script> [1562 bytes]","args":[{"selector":{"id":"application-manageyards-display-component---NewYard--addressNewCostObjectCstID-vhi"},"wdio_ui5_key":"applicationmanageyards-display-component---NewYard--addressNewCostObjectCstID-vhi"}]}
RESULT: {"script":"<script> [1562 bytes]","args":[{"selector":{"id":"application-manageyards-display-component---NewYard--addressNewCostObjectCstID-vhi"},"wdio_ui5_key":"applicationmanageyards-display-component---NewYard--addressNewCostObjectCstID-vhi"}]}
RESULT: undefined
COMMAND: POST /session/b614b8bdf87ea745e2832f5d1487871c/element - {"using":"xpath","value":"//*[@id=\"application-manageyards-display-component---NewYard--addressNewCostObjectCstID-vhi\"]"}
RESULT: {"using":"xpath","value":"//*[@id=\"application-manageyards-display-component---NewYard--addressNewCostObjectCstID-vhi\"]"}
COMMAND: POST /session/b614b8bdf87ea745e2832f5d1487871c/element/f.E141158646C81433446781BCB2447156.d.8A3C8E134B4AEFC7DD262EA23A532398.e.10796/click - {}
RESULT: {}
COMMAND: GET /session/b614b8bdf87ea745e2832f5d1487871c/screenshot - {}
RESULT: {}
COMMAND: POST /session/b614b8bdf87ea745e2832f5d1487871c/execute/async - {"script":"<script> [1562 bytes]","args":[{"selector":{"controlType":"sap.m.SearchField","properties":{"placeholder":"Search"},"searchOpenDialogs":true,"interaction":{"idSuffix":"I"}},"wdio_ui5_key":"sapm.SearchField{\"placeholder\":\"Search\"}"}]}
RESULT: {"script":"<script> [1562 bytes]","args":[{"selector":{"controlType":"sap.m.SearchField","properties":{"placeholder":"Search"},"searchOpenDialogs":true,"interaction":{"idSuffix":"I"}},"wdio_ui5_key":"sapm.SearchField{\"placeholder\":\"Search\"}"}]}
RESULT: undefined
COMMAND: POST /session/b614b8bdf87ea745e2832f5d1487871c/execute/async - {"script":"<script> [776 bytes]","args":[{"enterText":"10001013","selector":{"controlType":"sap.m.SearchField","properties":{"placeholder":"Search"},"searchOpenDialogs":true,"interaction":{"idSuffix":"I"}},"clearTextFirst":true,"interactionType":"ENTER_TEXT"}]}
RESULT: {"script":"<script> [776 bytes]","args":[{"enterText":"10001013","selector":{"controlType":"sap.m.SearchField","properties":{"placeholder":"Search"},"searchOpenDialogs":true,"interaction":{"idSuffix":"I"}},"clearTextFirst":true,"interactionType":"ENTER_TEXT"}]}
COMMAND: POST /session/b614b8bdf87ea745e2832f5d1487871c/actions - {"actions":[{"id":"action66","type":"key","parameters":{},"actions":[{"type":"keyDown","value":"î€‡"},{"type":"pause","duration":10},{"type":"keyUp","value":"î€‡"}]}]}
RESULT: {"actions":[{"id":"action66","type":"key","parameters":{},"actions":[{"type":"keyDown","value":"î€‡"},{"type":"pause","duration":10},{"type":"keyUp","value":"î€‡"}]}]}
COMMAND: GET /session/b614b8bdf87ea745e2832f5d1487871c/screenshot - {}
RESULT: {}
COMMAND: POST /session/b614b8bdf87ea745e2832f5d1487871c/element - {"using":"xpath","value":"//span[contains(text(), \"General Management\")]"}
RESULT: {"using":"xpath","value":"//span[contains(text(), \"General Management\")]"}
COMMAND: POST /session/b614b8bdf87ea745e2832f5d1487871c/element/f.E141158646C81433446781BCB2447156.d.8A3C8E134B4AEFC7DD262EA23A532398.e.10837/click - {}
RESULT: {}
COMMAND: GET /session/b614b8bdf87ea745e2832f5d1487871c/screenshot - {}
RESULT: {}
COMMAND: POST /session/b614b8bdf87ea745e2832f5d1487871c/element - {"using":"xpath","value":"//bdi[contains(text(), \"OK\")]"}
RESULT: {"using":"xpath","value":"//bdi[contains(text(), \"OK\")]"}
COMMAND: POST /session/b614b8bdf87ea745e2832f5d1487871c/element/f.E141158646C81433446781BCB2447156.d.8A3C8E134B4AEFC7DD262EA23A532398.e.10838/click - {}
RESULT: {}
COMMAND: GET /session/b614b8bdf87ea745e2832f5d1487871c/screenshot - {}
RESULT: {}
COMMAND: POST /session/b614b8bdf87ea745e2832f5d1487871c/execute/async - {"script":"<script> [1562 bytes]","args":[{"selector":{"controlType":"sap.m.Button","viewName":"etm.portal.ui.manageyards.view.New","viewId":"application-manageyards-display-component---NewYard","i18NText":{"propertyName":"text","key":"save"},"interaction":{"idSuffix":"inner"}},"wdio_ui5_key":"etmportal.ui.manageyards.view.Newsap.m.Button{\"propertyName\":\"text\",\"key\":\"save\"}"}]}
RESULT: {"script":"<script> [1562 bytes]","args":[{"selector":{"controlType":"sap.m.Button","viewName":"etm.portal.ui.manageyards.view.New","viewId":"application-manageyards-display-component---NewYard","i18NText":{"propertyName":"text","key":"save"},"interaction":{"idSuffix":"inner"}},"wdio_ui5_key":"etmportal.ui.manageyards.view.Newsap.m.Button{\"propertyName\":\"text\",\"key\":\"save\"}"}]}
RESULT: undefined
COMMAND: POST /session/b614b8bdf87ea745e2832f5d1487871c/element - {"using":"xpath","value":"//*[@id=\"__button28\"]"}
RESULT: {"using":"xpath","value":"//*[@id=\"__button28\"]"}
COMMAND: POST /session/b614b8bdf87ea745e2832f5d1487871c/element/f.E141158646C81433446781BCB2447156.d.8A3C8E134B4AEFC7DD262EA23A532398.e.10745/click - {}
RESULT: {}
COMMAND: GET /session/b614b8bdf87ea745e2832f5d1487871c/screenshot - {}
RESULT: {}
COMMAND: POST /session/b614b8bdf87ea745e2832f5d1487871c/element - {"using":"xpath","value":"//header/div/div[2]/div[2]/span"}
RESULT: {"using":"xpath","value":"//header/div/div[2]/div[2]/span"}
COMMAND: GET /session/b614b8bdf87ea745e2832f5d1487871c/element/f.E141158646C81433446781BCB2447156.d.8A3C8E134B4AEFC7DD262EA23A532398.e.11036/text - {}
RESULT: {}
COMMAND: POST /session/b614b8bdf87ea745e2832f5d1487871c/execute/async - {"script":"<script> [1562 bytes]","args":[{"selector":{"controlType":"sap.m.OverflowToolbarButton","viewName":"etm.portal.ui.manageyards.view.Detail","viewId":"application-manageyards-display-component---detailYard","i18NText":{"propertyName":"tooltip","key":"closeColumn"},"interaction":{"idSuffix":"inner"}},"wdio_ui5_key":"etmportal.ui.manageyards.view.Detailsap.m.OverflowToolbarButton{\"propertyName\":\"tooltip\",\"key\":\"closeColumn\"}"}]}
RESULT: {"script":"<script> [1562 bytes]","args":[{"selector":{"controlType":"sap.m.OverflowToolbarButton","viewName":"etm.portal.ui.manageyards.view.Detail","viewId":"application-manageyards-display-component---detailYard","i18NText":{"propertyName":"tooltip","key":"closeColumn"},"interaction":{"idSuffix":"inner"}},"wdio_ui5_key":"etmportal.ui.manageyards.view.Detailsap.m.OverflowToolbarButton{\"propertyName\":\"tooltip\",\"key\":\"closeColumn\"}"}]}
RESULT: undefined
COMMAND: POST /session/b614b8bdf87ea745e2832f5d1487871c/element - {"using":"xpath","value":"//*[@id=\"__button50\"]"}
RESULT: {"using":"xpath","value":"//*[@id=\"__button50\"]"}
COMMAND: POST /session/b614b8bdf87ea745e2832f5d1487871c/element/f.E141158646C81433446781BCB2447156.d.8A3C8E134B4AEFC7DD262EA23A532398.e.11038/click - {}
RESULT: {}
COMMAND: GET /session/b614b8bdf87ea745e2832f5d1487871c/screenshot - {}
RESULT: {}
COMMAND: POST /session/b614b8bdf87ea745e2832f5d1487871c/element - {"using":"css selector","value":"#shell-header-logo"}
RESULT: {"using":"css selector","value":"#shell-header-logo"}
COMMAND: POST /session/b614b8bdf87ea745e2832f5d1487871c/element/f.E141158646C81433446781BCB2447156.d.8A3C8E134B4AEFC7DD262EA23A532398.e.10318/click - {}
RESULT: {}
COMMAND: GET /session/b614b8bdf87ea745e2832f5d1487871c/screenshot - {}
RESULT: {}
COMMAND: POST /session/b614b8bdf87ea745e2832f5d1487871c/refresh - {}
RESULT: {}
COMMAND: GET /session/b614b8bdf87ea745e2832f5d1487871c/screenshot - {}
RESULT: {}
COMMAND: POST /session/b614b8bdf87ea745e2832f5d1487871c/execute/async - {"script":"<script> [189 bytes]","args":[]}
RESULT: {"script":"<script> [189 bytes]","args":[]}
COMMAND: POST /session/b614b8bdf87ea745e2832f5d1487871c/execute/async - {"script":"<script> [123 bytes]","args":[]}
RESULT: {"script":"<script> [123 bytes]","args":[]}
COMMAND: POST /session/b614b8bdf87ea745e2832f5d1487871c/timeouts - {"script":"<number>"}
RESULT: {"script":"<number>"}
COMMAND: GET /session/b614b8bdf87ea745e2832f5d1487871c/timeouts - {}
RESULT: {}
RESULT: undefined
COMMAND: POST /session/b614b8bdf87ea745e2832f5d1487871c/execute/async - {"script":"<script> [2676 bytes]","args":[]}
RESULT: {"script":"<script> [2676 bytes]","args":[]}
COMMAND: POST /session/b614b8bdf87ea745e2832f5d1487871c/execute/async - {"script":"<script> [2342 bytes]","args":[{"protocol":"http","hostname":"0.0.0.0","path":"/","capabilities":{"browserName":"chrome","goog:chromeOptions":{"binary":"C:\\Program Files\\Google\\Chrome\\Application\\chrome.exe","args":["--start-maximized"]}},"logLevel":"warn","connectionRetryTimeout":120000,"connectionRetryCount":3,"logLevels":{},"enableDirectConnect":true,"strictSSL":true,"_":"65 more keys: [\"cacheDir\",\"port\",\"requestedCapabilities\",\"automationProtocol\",\"baseUrl\",\"waitforInterval\",\"waitforTimeout\",\"onReload\",\"beforeCommand\",\"afterCommand\",\"rootDir\",\"specs\",\"suites\",\"exclude\",\"groupLogsByTestSpec\",\"excludeDriverLogs\",\"bail\",\"framework\",\"reporters\",\"services\",\"maxInstances\",\"maxInstancesPerCapability\",\"injectGlobals\",\"filesToWatch\",\"execArgv\",\"runnerEnv\",\"runner\",\"shard\",\"specFileRetries\",\"specFileRetriesDelay\",\"specFileRetriesDeferred\",\"reporterSyncInterval\",\"reporterSyncTimeout\",\"cucumberFeaturesWithLineNumbers\",\"autoCompileOpts\",\"mochaOpts\",\"jasmineOpts\",\"cucumberOpts\",\"onPrepare\",\"onWorkerStart\",\"onWorkerEnd\",\"before\",\"beforeSession\",\"beforeSuite\",\"beforeHook\",\"beforeTest\",\"afterTest\",\"afterHook\",\"afterSuite\",\"afterSession\",\"after\",\"onComplete\",\"beforeAssertion\",\"afterAssertion\",\"beforeFeature\",\"beforeScenario\",\"beforeStep\",\"afterStep\",\"afterScenario\",\"afterFeature\",\"_\",\"suite\",\"$0\",\"ignoredWorkerServices\",\"wdi5\"]"}]}
RESULT: {"script":"<script> [2342 bytes]","args":[{"protocol":"http","hostname":"0.0.0.0","path":"/","capabilities":{"browserName":"chrome","goog:chromeOptions":{"binary":"C:\\Program Files\\Google\\Chrome\\Application\\chrome.exe","args":["--start-maximized"]}},"logLevel":"warn","connectionRetryTimeout":120000,"connectionRetryCount":3,"logLevels":{},"enableDirectConnect":true,"strictSSL":true,"_":"65 more keys: [\"cacheDir\",\"port\",\"requestedCapabilities\",\"automationProtocol\",\"baseUrl\",\"waitforInterval\",\"waitforTimeout\",\"onReload\",\"beforeCommand\",\"afterCommand\",\"rootDir\",\"specs\",\"suites\",\"exclude\",\"groupLogsByTestSpec\",\"excludeDriverLogs\",\"bail\",\"framework\",\"reporters\",\"services\",\"maxInstances\",\"maxInstancesPerCapability\",\"injectGlobals\",\"filesToWatch\",\"execArgv\",\"runnerEnv\",\"runner\",\"shard\",\"specFileRetries\",\"specFileRetriesDelay\",\"specFileRetriesDeferred\",\"reporterSyncInterval\",\"reporterSyncTimeout\",\"cucumberFeaturesWithLineNumbers\",\"autoCompileOpts\",\"mochaOpts\",\"jasmineOpts\",\"cucumberOpts\",\"onPrepare\",\"onWorkerStart\",\"onWorkerEnd\",\"before\",\"beforeSession\",\"beforeSuite\",\"beforeHook\",\"beforeTest\",\"afterTest\",\"afterHook\",\"afterSuite\",\"afterSession\",\"after\",\"onComplete\",\"beforeAssertion\",\"afterAssertion\",\"beforeFeature\",\"beforeScenario\",\"beforeStep\",\"afterStep\",\"afterScenario\",\"afterFeature\",\"_\",\"suite\",\"$0\",\"ignoredWorkerServices\",\"wdi5\"]"}]}
COMMAND: POST /session/b614b8bdf87ea745e2832f5d1487871c/execute/async - {"script":"<script> [21126 bytes]","args":[35000]}
RESULT: {"script":"<script> [21126 bytes]","args":[35000]}
COMMAND: POST /session/b614b8bdf87ea745e2832f5d1487871c/execute/async - {"script":"<script> [1562 bytes]","args":[{"selector":{"controlType":"sap.m.GenericTile","properties":{"header":"Manage Partners"}},"wdio_ui5_key":"sapm.GenericTile{\"header\":\"Manage Partners\"}"}]}
RESULT: {"script":"<script> [1562 bytes]","args":[{"selector":{"controlType":"sap.m.GenericTile","properties":{"header":"Manage Partners"}},"wdio_ui5_key":"sapm.GenericTile{\"header\":\"Manage Partners\"}"}]}
RESULT: undefined
COMMAND: POST /session/b614b8bdf87ea745e2832f5d1487871c/element - {"using":"xpath","value":"//*[@id=\"__tile38\"]"}
RESULT: {"using":"xpath","value":"//*[@id=\"__tile38\"]"}
COMMAND: POST /session/b614b8bdf87ea745e2832f5d1487871c/element/f.E141158646C81433446781BCB2447156.d.0FA6827077DED72800634350CF7D0268.e.11390/click - {}
RESULT: {}
COMMAND: GET /session/b614b8bdf87ea745e2832f5d1487871c/screenshot - {}
RESULT: {}
COMMAND: POST /session/b614b8bdf87ea745e2832f5d1487871c/elements - {"using":"xpath","value":"//span[text()='Error']"}
RESULT: {"using":"xpath","value":"//span[text()='Error']"}
COMMAND: POST /session/b614b8bdf87ea745e2832f5d1487871c/execute/async - {"script":"<script> [1562 bytes]","args":[{"selector":{"controlType":"sap.ui.core.Icon","viewName":"etm.portal.ui.managepartners.view.Master","viewId":"application-managepartners-display-component---masterPtm","properties":{"src":{"regex":{"source":"add"}}}},"wdio_ui5_key":"etmportal.ui.managepartners.view.Mastersap.ui.core.Icon{\"src\":{\"regex\":{\"source\":\"add\"}}}"}]}
RESULT: {"script":"<script> [1562 bytes]","args":[{"selector":{"controlType":"sap.ui.core.Icon","viewName":"etm.portal.ui.managepartners.view.Master","viewId":"application-managepartners-display-component---masterPtm","properties":{"src":{"regex":{"source":"add"}}}},"wdio_ui5_key":"etmportal.ui.managepartners.view.Mastersap.ui.core.Icon{\"src\":{\"regex\":{\"source\":\"add\"}}}"}]}
RESULT: undefined
COMMAND: POST /session/b614b8bdf87ea745e2832f5d1487871c/element - {"using":"xpath","value":"//*[@id=\"__button4-img\"]"}
RESULT: {"using":"xpath","value":"//*[@id=\"__button4-img\"]"}
COMMAND: POST /session/b614b8bdf87ea745e2832f5d1487871c/element/f.E141158646C81433446781BCB2447156.d.0FA6827077DED72800634350CF7D0268.e.11439/click - {}
RESULT: {}
COMMAND: GET /session/b614b8bdf87ea745e2832f5d1487871c/screenshot - {}
RESULT: {}
COMMAND: POST /session/b614b8bdf87ea745e2832f5d1487871c/execute/async - {"script":"<script> [1562 bytes]","args":[{"selector":{"id":"application-managepartners-display-component---NewPartner--partnerId","interaction":{"idSuffix":"inner"}},"wdio_ui5_key":"applicationmanagepartners-display-component---NewPartner--partnerId"}]}
RESULT: {"script":"<script> [1562 bytes]","args":[{"selector":{"id":"application-managepartners-display-component---NewPartner--partnerId","interaction":{"idSuffix":"inner"}},"wdio_ui5_key":"applicationmanagepartners-display-component---NewPartner--partnerId"}]}
RESULT: undefined
COMMAND: POST /session/b614b8bdf87ea745e2832f5d1487871c/execute/async - {"script":"<script> [1562 bytes]","args":[{"selector":{"id":"application-managepartners-display-component---NewPartner--addressDetailDetailsName1","interaction":{"idSuffix":"inner"}},"wdio_ui5_key":"applicationmanagepartners-display-component---NewPartner--addressDetailDetailsName1"}]}
RESULT: {"script":"<script> [1562 bytes]","args":[{"selector":{"id":"application-managepartners-display-component---NewPartner--addressDetailDetailsName1","interaction":{"idSuffix":"inner"}},"wdio_ui5_key":"applicationmanagepartners-display-component---NewPartner--addressDetailDetailsName1"}]}
RESULT: undefined
COMMAND: POST /session/b614b8bdf87ea745e2832f5d1487871c/execute/async - {"script":"<script> [776 bytes]","args":[{"enterText":"WebdriverPartnerqtjjm","selector":{"id":"application-managepartners-display-component---NewPartner--addressDetailDetailsName1","interaction":{"idSuffix":"inner"}},"clearTextFirst":true,"interactionType":"ENTER_TEXT"}]}
RESULT: {"script":"<script> [776 bytes]","args":[{"enterText":"WebdriverPartnerqtjjm","selector":{"id":"application-managepartners-display-component---NewPartner--addressDetailDetailsName1","interaction":{"idSuffix":"inner"}},"clearTextFirst":true,"interactionType":"ENTER_TEXT"}]}
COMMAND: POST /session/b614b8bdf87ea745e2832f5d1487871c/execute/async - {"script":"<script> [1562 bytes]","args":[{"selector":{"id":"application-managepartners-display-component---NewPartner--addressDetailDetailsLanguage","interaction":{"idSuffix":"inner"}},"wdio_ui5_key":"applicationmanagepartners-display-component---NewPartner--addressDetailDetailsLanguage"}]}
RESULT: {"script":"<script> [1562 bytes]","args":[{"selector":{"id":"application-managepartners-display-component---NewPartner--addressDetailDetailsLanguage","interaction":{"idSuffix":"inner"}},"wdio_ui5_key":"applicationmanagepartners-display-component---NewPartner--addressDetailDetailsLanguage"}]}
RESULT: undefined
COMMAND: POST /session/b614b8bdf87ea745e2832f5d1487871c/execute/async - {"script":"<script> [776 bytes]","args":[{"enterText":"Romanian","selector":{"id":"application-managepartners-display-component---NewPartner--addressDetailDetailsLanguage","interaction":{"idSuffix":"inner"}},"clearTextFirst":true,"interactionType":"ENTER_TEXT"}]}
RESULT: {"script":"<script> [776 bytes]","args":[{"enterText":"Romanian","selector":{"id":"application-managepartners-display-component---NewPartner--addressDetailDetailsLanguage","interaction":{"idSuffix":"inner"}},"clearTextFirst":true,"interactionType":"ENTER_TEXT"}]}
COMMAND: POST /session/b614b8bdf87ea745e2832f5d1487871c/element - {"using":"xpath","value":"//input[contains(@id ,\"application-managepartners-display-component---NewPartner--addressDetailDetailsName1-inner\")]"}
RESULT: {"using":"xpath","value":"//input[contains(@id ,\"application-managepartners-display-component---NewPartner--addressDetailDetailsName1-inner\")]"}
COMMAND: GET /session/b614b8bdf87ea745e2832f5d1487871c/element/f.E141158646C81433446781BCB2447156.d.0FA6827077DED72800634350CF7D0268.e.11643/property/value - {}
RESULT: {}
COMMAND: POST /session/b614b8bdf87ea745e2832f5d1487871c/execute/async - {"script":"<script> [1562 bytes]","args":[{"selector":{"id":"application-managepartners-display-component---NewPartner--addressDetailDetailsCity1","interaction":{"idSuffix":"inner"}},"wdio_ui5_key":"applicationmanagepartners-display-component---NewPartner--addressDetailDetailsCity1"}]}
COMMAND: GET /session/b614b8bdf87ea745e2832f5d1487871c/screenshot - {}
RESULT: {"script":"<script> [1562 bytes]","args":[{"selector":{"id":"application-managepartners-display-component---NewPartner--addressDetailDetailsCity1","interaction":{"idSuffix":"inner"}},"wdio_ui5_key":"applicationmanagepartners-display-component---NewPartner--addressDetailDetailsCity1"}]}
RESULT: undefined
COMMAND: POST /session/b614b8bdf87ea745e2832f5d1487871c/execute/async - {"script":"<script> [776 bytes]","args":[{"enterText":"Bucharest","selector":{"id":"application-managepartners-display-component---NewPartner--addressDetailDetailsCity1","interaction":{"idSuffix":"inner"}},"clearTextFirst":true,"interactionType":"ENTER_TEXT"}]}
RESULT: {}
RESULT: {"script":"<script> [776 bytes]","args":[{"enterText":"Bucharest","selector":{"id":"application-managepartners-display-component---NewPartner--addressDetailDetailsCity1","interaction":{"idSuffix":"inner"}},"clearTextFirst":true,"interactionType":"ENTER_TEXT"}]}
COMMAND: POST /session/b614b8bdf87ea745e2832f5d1487871c/execute/async - {"script":"<script> [1562 bytes]","args":[{"selector":{"id":"application-managepartners-display-component---NewPartner--addressDetailDetailsCountry","interaction":{"idSuffix":"inner"}},"wdio_ui5_key":"applicationmanagepartners-display-component---NewPartner--addressDetailDetailsCountry"}]}
RESULT: {"script":"<script> [1562 bytes]","args":[{"selector":{"id":"application-managepartners-display-component---NewPartner--addressDetailDetailsCountry","interaction":{"idSuffix":"inner"}},"wdio_ui5_key":"applicationmanagepartners-display-component---NewPartner--addressDetailDetailsCountry"}]}
RESULT: undefined
COMMAND: POST /session/b614b8bdf87ea745e2832f5d1487871c/execute/async - {"script":"<script> [6424 bytes]","args":[{"element-6066-11e4-a52e-4f735466cecf":"f.E141158646C81433446781BCB2447156.d.0FA6827077DED72800634350CF7D0268.e.11650"},"setValue",["Romania"]]}
RESULT: {"script":"<script> [6424 bytes]","args":[{"element-6066-11e4-a52e-4f735466cecf":"f.E141158646C81433446781BCB2447156.d.0FA6827077DED72800634350CF7D0268.e.11650"},"setValue",["Romania"]]}
COMMAND: POST /session/b614b8bdf87ea745e2832f5d1487871c/execute/async - {"script":"<script> [1562 bytes]","args":[{"selector":{"id":"application-managepartners-display-component---NewPartner--partnerDetailInternal","interaction":{"idSuffix":"inner"}},"wdio_ui5_key":"applicationmanagepartners-display-component---NewPartner--partnerDetailInternal"}]}
RESULT: {"script":"<script> [1562 bytes]","args":[{"selector":{"id":"application-managepartners-display-component---NewPartner--partnerDetailInternal","interaction":{"idSuffix":"inner"}},"wdio_ui5_key":"applicationmanagepartners-display-component---NewPartner--partnerDetailInternal"}]}
RESULT: undefined
COMMAND: POST /session/b614b8bdf87ea745e2832f5d1487871c/execute/async - {"script":"<script> [776 bytes]","args":[{"enterText":"External partner","selector":{"id":"application-managepartners-display-component---NewPartner--partnerDetailInternal","interaction":{"idSuffix":"inner"}},"clearTextFirst":true,"interactionType":"ENTER_TEXT"}]}
RESULT: {"script":"<script> [776 bytes]","args":[{"enterText":"External partner","selector":{"id":"application-managepartners-display-component---NewPartner--partnerDetailInternal","interaction":{"idSuffix":"inner"}},"clearTextFirst":true,"interactionType":"ENTER_TEXT"}]}
COMMAND: POST /session/b614b8bdf87ea745e2832f5d1487871c/execute/async - {"script":"<script> [1562 bytes]","args":[{"selector":{"id":"application-managepartners-display-component---NewPartner--partnerDetailsCurrency","interaction":{"idSuffix":"inner"}},"wdio_ui5_key":"applicationmanagepartners-display-component---NewPartner--partnerDetailsCurrency"}]}
RESULT: {"script":"<script> [1562 bytes]","args":[{"selector":{"id":"application-managepartners-display-component---NewPartner--partnerDetailsCurrency","interaction":{"idSuffix":"inner"}},"wdio_ui5_key":"applicationmanagepartners-display-component---NewPartner--partnerDetailsCurrency"}]}
RESULT: undefined
COMMAND: POST /session/b614b8bdf87ea745e2832f5d1487871c/execute/async - {"script":"<script> [776 bytes]","args":[{"enterText":"Euro","selector":{"id":"application-managepartners-display-component---NewPartner--partnerDetailsCurrency","interaction":{"idSuffix":"inner"}},"clearTextFirst":true,"interactionType":"ENTER_TEXT"}]}
RESULT: {"script":"<script> [776 bytes]","args":[{"enterText":"Euro","selector":{"id":"application-managepartners-display-component---NewPartner--partnerDetailsCurrency","interaction":{"idSuffix":"inner"}},"clearTextFirst":true,"interactionType":"ENTER_TEXT"}]}
COMMAND: POST /session/b614b8bdf87ea745e2832f5d1487871c/execute/async - {"script":"<script> [1562 bytes]","args":[{"selector":{"controlType":"sap.m.Button","viewName":"etm.portal.ui.managepartners.view.NewPartner","viewId":"application-managepartners-display-component---NewPartner","properties":{"text":"Commercial"},"interaction":{"idSuffix":"BDI-content"}},"wdio_ui5_key":"etmportal.ui.managepartners.view.NewPartnersap.m.Button{\"text\":\"Commercial\"}"}]}
RESULT: {"script":"<script> [1562 bytes]","args":[{"selector":{"controlType":"sap.m.Button","viewName":"etm.portal.ui.managepartners.view.NewPartner","viewId":"application-managepartners-display-component---NewPartner","properties":{"text":"Commercial"},"interaction":{"idSuffix":"BDI-content"}},"wdio_ui5_key":"etmportal.ui.managepartners.view.NewPartnersap.m.Button{\"text\":\"Commercial\"}"}]}
RESULT: undefined
COMMAND: POST /session/b614b8bdf87ea745e2832f5d1487871c/element - {"using":"xpath","value":"//*[@id=\"application-managepartners-display-component---NewPartner--ObjectPageLayout-anchBar-__section5-anchor\"]"}
RESULT: {"using":"xpath","value":"//*[@id=\"application-managepartners-display-component---NewPartner--ObjectPageLayout-anchBar-__section5-anchor\"]"}
COMMAND: POST /session/b614b8bdf87ea745e2832f5d1487871c/element/f.E141158646C81433446781BCB2447156.d.0FA6827077DED72800634350CF7D0268.e.11861/click - {}
RESULT: {}
COMMAND: GET /session/b614b8bdf87ea745e2832f5d1487871c/screenshot - {}
RESULT: {}
COMMAND: POST /session/b614b8bdf87ea745e2832f5d1487871c/execute/async - {"script":"<script> [1562 bytes]","args":[{"selector":{"id":"application-managepartners-display-component---NewPartner--btnAddTableRow-img"},"wdio_ui5_key":"applicationmanagepartners-display-component---NewPartner--btnAddTableRow-img"}]}
RESULT: {"script":"<script> [1562 bytes]","args":[{"selector":{"id":"application-managepartners-display-component---NewPartner--btnAddTableRow-img"},"wdio_ui5_key":"applicationmanagepartners-display-component---NewPartner--btnAddTableRow-img"}]}
RESULT: undefined
COMMAND: POST /session/b614b8bdf87ea745e2832f5d1487871c/element - {"using":"xpath","value":"//*[@id=\"application-managepartners-display-component---NewPartner--btnAddTableRow-img\"]"}
RESULT: {"using":"xpath","value":"//*[@id=\"application-managepartners-display-component---NewPartner--btnAddTableRow-img\"]"}
COMMAND: POST /session/b614b8bdf87ea745e2832f5d1487871c/element/f.E141158646C81433446781BCB2447156.d.0FA6827077DED72800634350CF7D0268.e.11869/click - {}
RESULT: {}
COMMAND: POST /session/b614b8bdf87ea745e2832f5d1487871c/element - {"using":"xpath","value":"//input[contains(@id ,\"application-managepartners-display-component---NewPartner--assignmentYard-application-managepartners-display-component---NewPartner\")]"}
COMMAND: GET /session/b614b8bdf87ea745e2832f5d1487871c/screenshot - {}
RESULT: {"using":"xpath","value":"//input[contains(@id ,\"application-managepartners-display-component---NewPartner--assignmentYard-application-managepartners-display-component---NewPartner\")]"}
COMMAND: POST /session/b614b8bdf87ea745e2832f5d1487871c/element/f.E141158646C81433446781BCB2447156.d.0FA6827077DED72800634350CF7D0268.e.11872/clear - {}
RESULT: {}
RESULT: {}
COMMAND: POST /session/b614b8bdf87ea745e2832f5d1487871c/element/f.E141158646C81433446781BCB2447156.d.0FA6827077DED72800634350CF7D0268.e.11872/value - {"text":"WebdriverYard6byg0f"}
COMMAND: GET /session/b614b8bdf87ea745e2832f5d1487871c/screenshot - {}
RESULT: {"text":"WebdriverYard6byg0f"}
COMMAND: GET /session/b614b8bdf87ea745e2832f5d1487871c/screenshot - {}
RESULT: {}
RESULT: {}
COMMAND: POST /session/b614b8bdf87ea745e2832f5d1487871c/execute/async - {"script":"<script> [1562 bytes]","args":[{"selector":{"controlType":"sap.m.Button","viewName":"etm.portal.ui.managepartners.view.NewPartner","viewId":"application-managepartners-display-component---NewPartner","i18NText":{"propertyName":"text","key":"save"},"interaction":{"idSuffix":"BDI-content"}},"wdio_ui5_key":"etmportal.ui.managepartners.view.NewPartnersap.m.Button{\"propertyName\":\"text\",\"key\":\"save\"}"}]}
RESULT: {"script":"<script> [1562 bytes]","args":[{"selector":{"controlType":"sap.m.Button","viewName":"etm.portal.ui.managepartners.view.NewPartner","viewId":"application-managepartners-display-component---NewPartner","i18NText":{"propertyName":"text","key":"save"},"interaction":{"idSuffix":"BDI-content"}},"wdio_ui5_key":"etmportal.ui.managepartners.view.NewPartnersap.m.Button{\"propertyName\":\"text\",\"key\":\"save\"}"}]}
RESULT: undefined
COMMAND: POST /session/b614b8bdf87ea745e2832f5d1487871c/element - {"using":"xpath","value":"//*[@id=\"__button12\"]"}
RESULT: {"using":"xpath","value":"//*[@id=\"__button12\"]"}
COMMAND: POST /session/b614b8bdf87ea745e2832f5d1487871c/element/f.E141158646C81433446781BCB2447156.d.0FA6827077DED72800634350CF7D0268.e.11801/click - {}
RESULT: {}
COMMAND: GET /session/b614b8bdf87ea745e2832f5d1487871c/screenshot - {}
RESULT: {}
COMMAND: POST /session/b614b8bdf87ea745e2832f5d1487871c/element - {"using":"xpath","value":"//header/div/div[2]/div[2]/span"}
RESULT: {"using":"xpath","value":"//header/div/div[2]/div[2]/span"}
COMMAND: GET /session/b614b8bdf87ea745e2832f5d1487871c/element/f.E141158646C81433446781BCB2447156.d.0FA6827077DED72800634350CF7D0268.e.12042/text - {}
RESULT: {}
COMMAND: POST /session/b614b8bdf87ea745e2832f5d1487871c/element - {"using":"xpath","value":"//header/div/div/div/div/div/div[2]/div/span"}
RESULT: {"using":"xpath","value":"//header/div/div/div/div/div/div[2]/div/span"}
COMMAND: GET /session/b614b8bdf87ea745e2832f5d1487871c/element/f.E141158646C81433446781BCB2447156.d.0FA6827077DED72800634350CF7D0268.e.12043/text - {}
RESULT: {}
COMMAND: POST /session/b614b8bdf87ea745e2832f5d1487871c/execute/async - {"script":"<script> [1562 bytes]","args":[{"selector":{"id":"application-managepartners-display-component---detailPtm--partnerType"},"wdio_ui5_key":"applicationmanagepartners-display-component---detailPtm--partnerType"}]}
RESULT: {"script":"<script> [1562 bytes]","args":[{"selector":{"id":"application-managepartners-display-component---detailPtm--partnerType"},"wdio_ui5_key":"applicationmanagepartners-display-component---detailPtm--partnerType"}]}
RESULT: undefined
COMMAND: POST /session/b614b8bdf87ea745e2832f5d1487871c/execute/async - {"script":"<script> [6424 bytes]","args":[{"element-6066-11e4-a52e-4f735466cecf":"f.E141158646C81433446781BCB2447156.d.0FA6827077DED72800634350CF7D0268.e.12044"},"getText",[]]}
RESULT: {"script":"<script> [6424 bytes]","args":[{"element-6066-11e4-a52e-4f735466cecf":"f.E141158646C81433446781BCB2447156.d.0FA6827077DED72800634350CF7D0268.e.12044"},"getText",[]]}
COMMAND: POST /session/b614b8bdf87ea745e2832f5d1487871c/element - {"using":"css selector","value":"#shell-header-logo"}
RESULT: {"using":"css selector","value":"#shell-header-logo"}
COMMAND: POST /session/b614b8bdf87ea745e2832f5d1487871c/element/f.E141158646C81433446781BCB2447156.d.0FA6827077DED72800634350CF7D0268.e.11391/click - {}
RESULT: {}
COMMAND: GET /session/b614b8bdf87ea745e2832f5d1487871c/screenshot - {}
RESULT: {}
COMMAND: POST /session/b614b8bdf87ea745e2832f5d1487871c/execute/async - {"script":"<script> [1562 bytes]","args":[{"selector":{"controlType":"sap.m.GenericTile","properties":{"header":"Manage Sites"}},"wdio_ui5_key":"sapm.GenericTile{\"header\":\"Manage Sites\"}"}]}
RESULT: {"script":"<script> [1562 bytes]","args":[{"selector":{"controlType":"sap.m.GenericTile","properties":{"header":"Manage Sites"}},"wdio_ui5_key":"sapm.GenericTile{\"header\":\"Manage Sites\"}"}]}
RESULT: undefined
COMMAND: POST /session/b614b8bdf87ea745e2832f5d1487871c/element - {"using":"xpath","value":"//*[@id=\"__tile40\"]"}
RESULT: {"using":"xpath","value":"//*[@id=\"__tile40\"]"}
COMMAND: POST /session/b614b8bdf87ea745e2832f5d1487871c/element/f.E141158646C81433446781BCB2447156.d.0FA6827077DED72800634350CF7D0268.e.12046/click - {}
RESULT: {}
COMMAND: GET /session/b614b8bdf87ea745e2832f5d1487871c/screenshot - {}
RESULT: {}
COMMAND: POST /session/b614b8bdf87ea745e2832f5d1487871c/elements - {"using":"xpath","value":"//span[text()='Error']"}
RESULT: {"using":"xpath","value":"//span[text()='Error']"}
COMMAND: POST /session/b614b8bdf87ea745e2832f5d1487871c/execute/async - {"script":"<script> [1562 bytes]","args":[{"selector":{"controlType":"sap.ui.core.Icon","viewName":"etm.portal.ui.managesites.view.Master","viewId":"application-managesites-display-component---masterSite","properties":{"src":{"regex":{"source":"add"}}}},"wdio_ui5_key":"etmportal.ui.managesites.view.Mastersap.ui.core.Icon{\"src\":{\"regex\":{\"source\":\"add\"}}}"}]}
RESULT: {"script":"<script> [1562 bytes]","args":[{"selector":{"controlType":"sap.ui.core.Icon","viewName":"etm.portal.ui.managesites.view.Master","viewId":"application-managesites-display-component---masterSite","properties":{"src":{"regex":{"source":"add"}}}},"wdio_ui5_key":"etmportal.ui.managesites.view.Mastersap.ui.core.Icon{\"src\":{\"regex\":{\"source\":\"add\"}}}"}]}
RESULT: undefined
COMMAND: POST /session/b614b8bdf87ea745e2832f5d1487871c/element - {"using":"xpath","value":"//*[@id=\"__button48-img\"]"}
RESULT: {"using":"xpath","value":"//*[@id=\"__button48-img\"]"}
COMMAND: POST /session/b614b8bdf87ea745e2832f5d1487871c/element/f.E141158646C81433446781BCB2447156.d.0FA6827077DED72800634350CF7D0268.e.12096/click - {}
RESULT: {}
COMMAND: POST /session/b614b8bdf87ea745e2832f5d1487871c/execute/async - {"script":"<script> [1562 bytes]","args":[{"selector":{"id":"application-managesites-display-component---NewSite--siteId","interaction":{"idSuffix":"inner"}},"wdio_ui5_key":"applicationmanagesites-display-component---NewSite--siteId"}]}
COMMAND: GET /session/b614b8bdf87ea745e2832f5d1487871c/screenshot - {}
RESULT: {"script":"<script> [1562 bytes]","args":[{"selector":{"id":"application-managesites-display-component---NewSite--siteId","interaction":{"idSuffix":"inner"}},"wdio_ui5_key":"applicationmanagesites-display-component---NewSite--siteId"}]}
RESULT: undefined
COMMAND: POST /session/b614b8bdf87ea745e2832f5d1487871c/execute/async - {"script":"<script> [1562 bytes]","args":[{"selector":{"id":"application-managesites-display-component---NewSite--addressDetailDetailsName1","interaction":{"idSuffix":"inner"}},"wdio_ui5_key":"applicationmanagesites-display-component---NewSite--addressDetailDetailsName1"}]}
RESULT: {}
RESULT: {"script":"<script> [1562 bytes]","args":[{"selector":{"id":"application-managesites-display-component---NewSite--addressDetailDetailsName1","interaction":{"idSuffix":"inner"}},"wdio_ui5_key":"applicationmanagesites-display-component---NewSite--addressDetailDetailsName1"}]}
RESULT: undefined
COMMAND: POST /session/b614b8bdf87ea745e2832f5d1487871c/execute/async - {"script":"<script> [776 bytes]","args":[{"enterText":"WebdriverSitefgnq3","selector":{"id":"application-managesites-display-component---NewSite--addressDetailDetailsName1","interaction":{"idSuffix":"inner"}},"clearTextFirst":true,"interactionType":"ENTER_TEXT"}]}
RESULT: {"script":"<script> [776 bytes]","args":[{"enterText":"WebdriverSitefgnq3","selector":{"id":"application-managesites-display-component---NewSite--addressDetailDetailsName1","interaction":{"idSuffix":"inner"}},"clearTextFirst":true,"interactionType":"ENTER_TEXT"}]}
COMMAND: POST /session/b614b8bdf87ea745e2832f5d1487871c/execute/async - {"script":"<script> [1562 bytes]","args":[{"selector":{"id":"application-managesites-display-component---NewSite--addressDetailDetailsLanguage","interaction":{"idSuffix":"inner"}},"wdio_ui5_key":"applicationmanagesites-display-component---NewSite--addressDetailDetailsLanguage"}]}
RESULT: {"script":"<script> [1562 bytes]","args":[{"selector":{"id":"application-managesites-display-component---NewSite--addressDetailDetailsLanguage","interaction":{"idSuffix":"inner"}},"wdio_ui5_key":"applicationmanagesites-display-component---NewSite--addressDetailDetailsLanguage"}]}
RESULT: undefined
COMMAND: POST /session/b614b8bdf87ea745e2832f5d1487871c/execute/async - {"script":"<script> [776 bytes]","args":[{"enterText":"Romanian","selector":{"id":"application-managesites-display-component---NewSite--addressDetailDetailsLanguage","interaction":{"idSuffix":"inner"}},"clearTextFirst":true,"interactionType":"ENTER_TEXT"}]}
RESULT: {"script":"<script> [776 bytes]","args":[{"enterText":"Romanian","selector":{"id":"application-managesites-display-component---NewSite--addressDetailDetailsLanguage","interaction":{"idSuffix":"inner"}},"clearTextFirst":true,"interactionType":"ENTER_TEXT"}]}
COMMAND: POST /session/b614b8bdf87ea745e2832f5d1487871c/execute/async - {"script":"<script> [1562 bytes]","args":[{"selector":{"id":"application-managesites-display-component---NewSite--addressDetailDetailsCity1","interaction":{"idSuffix":"inner"}},"wdio_ui5_key":"applicationmanagesites-display-component---NewSite--addressDetailDetailsCity1"}]}
RESULT: {"script":"<script> [1562 bytes]","args":[{"selector":{"id":"application-managesites-display-component---NewSite--addressDetailDetailsCity1","interaction":{"idSuffix":"inner"}},"wdio_ui5_key":"applicationmanagesites-display-component---NewSite--addressDetailDetailsCity1"}]}
RESULT: undefined
COMMAND: POST /session/b614b8bdf87ea745e2832f5d1487871c/execute/async - {"script":"<script> [776 bytes]","args":[{"enterText":"Bucharest","selector":{"id":"application-managesites-display-component---NewSite--addressDetailDetailsCity1","interaction":{"idSuffix":"inner"}},"clearTextFirst":true,"interactionType":"ENTER_TEXT"}]}
RESULT: {"script":"<script> [776 bytes]","args":[{"enterText":"Bucharest","selector":{"id":"application-managesites-display-component---NewSite--addressDetailDetailsCity1","interaction":{"idSuffix":"inner"}},"clearTextFirst":true,"interactionType":"ENTER_TEXT"}]}
COMMAND: POST /session/b614b8bdf87ea745e2832f5d1487871c/execute/async - {"script":"<script> [1562 bytes]","args":[{"selector":{"id":"application-managesites-display-component---NewSite--addressDetailDetailsCountry","interaction":{"idSuffix":"inner"}},"wdio_ui5_key":"applicationmanagesites-display-component---NewSite--addressDetailDetailsCountry"}]}
RESULT: {"script":"<script> [1562 bytes]","args":[{"selector":{"id":"application-managesites-display-component---NewSite--addressDetailDetailsCountry","interaction":{"idSuffix":"inner"}},"wdio_ui5_key":"applicationmanagesites-display-component---NewSite--addressDetailDetailsCountry"}]}
RESULT: undefined
COMMAND: POST /session/b614b8bdf87ea745e2832f5d1487871c/execute/async - {"script":"<script> [776 bytes]","args":[{"enterText":"Romania","selector":{"id":"application-managesites-display-component---NewSite--addressDetailDetailsCountry","interaction":{"idSuffix":"inner"}},"clearTextFirst":true,"interactionType":"ENTER_TEXT"}]}
RESULT: {"script":"<script> [776 bytes]","args":[{"enterText":"Romania","selector":{"id":"application-managesites-display-component---NewSite--addressDetailDetailsCountry","interaction":{"idSuffix":"inner"}},"clearTextFirst":true,"interactionType":"ENTER_TEXT"}]}
COMMAND: POST /session/b614b8bdf87ea745e2832f5d1487871c/element - {"using":"css selector","value":"#application-managesites-display-component---NewSite--addressDetailDetailsCalendar-inner"}
RESULT: {"using":"css selector","value":"#application-managesites-display-component---NewSite--addressDetailDetailsCalendar-inner"}
COMMAND: POST /session/b614b8bdf87ea745e2832f5d1487871c/element/f.E141158646C81433446781BCB2447156.d.0FA6827077DED72800634350CF7D0268.e.12293/clear - {}
RESULT: {}
COMMAND: POST /session/b614b8bdf87ea745e2832f5d1487871c/element/f.E141158646C81433446781BCB2447156.d.0FA6827077DED72800634350CF7D0268.e.12293/value - {"text":"Germany"}
COMMAND: GET /session/b614b8bdf87ea745e2832f5d1487871c/screenshot - {}
RESULT: {}
RESULT: {"text":"Germany"}
COMMAND: POST /session/b614b8bdf87ea745e2832f5d1487871c/execute/async - {"script":"<script> [1562 bytes]","args":[{"selector":{"id":"application-managesites-display-component---NewSite--addressEditDetailsCostObjectCstType-arrow"},"wdio_ui5_key":"applicationmanagesites-display-component---NewSite--addressEditDetailsCostObjectCstType-arrow"}]}
COMMAND: GET /session/b614b8bdf87ea745e2832f5d1487871c/screenshot - {}
RESULT: {"script":"<script> [1562 bytes]","args":[{"selector":{"id":"application-managesites-display-component---NewSite--addressEditDetailsCostObjectCstType-arrow"},"wdio_ui5_key":"applicationmanagesites-display-component---NewSite--addressEditDetailsCostObjectCstType-arrow"}]}
RESULT: undefined
COMMAND: POST /session/b614b8bdf87ea745e2832f5d1487871c/element - {"using":"xpath","value":"//*[@id=\"application-managesites-display-component---NewSite--addressEditDetailsCostObjectCstType-arrow\"]"}
RESULT: {}
RESULT: {"using":"xpath","value":"//*[@id=\"application-managesites-display-component---NewSite--addressEditDetailsCostObjectCstType-arrow\"]"}
COMMAND: POST /session/b614b8bdf87ea745e2832f5d1487871c/element/f.E141158646C81433446781BCB2447156.d.0FA6827077DED72800634350CF7D0268.e.12504/click - {}
RESULT: {}
COMMAND: POST /session/b614b8bdf87ea745e2832f5d1487871c/element - {"using":"xpath","value":"//span[contains(text(), \"Work Breakdown Structure\")]"}
COMMAND: GET /session/b614b8bdf87ea745e2832f5d1487871c/screenshot - {}
RESULT: {"using":"xpath","value":"//span[contains(text(), \"Work Breakdown Structure\")]"}
COMMAND: POST /session/b614b8bdf87ea745e2832f5d1487871c/element/f.E141158646C81433446781BCB2447156.d.0FA6827077DED72800634350CF7D0268.e.12505/click - {}
RESULT: {}
RESULT: {}
COMMAND: GET /session/b614b8bdf87ea745e2832f5d1487871c/screenshot - {}
RESULT: {}
COMMAND: POST /session/b614b8bdf87ea745e2832f5d1487871c/execute/async - {"script":"<script> [1562 bytes]","args":[{"selector":{"id":"application-managesites-display-component---NewSite--addressNewCostObjectCstID-vhi"},"wdio_ui5_key":"applicationmanagesites-display-component---NewSite--addressNewCostObjectCstID-vhi"}]}
RESULT: {"script":"<script> [1562 bytes]","args":[{"selector":{"id":"application-managesites-display-component---NewSite--addressNewCostObjectCstID-vhi"},"wdio_ui5_key":"applicationmanagesites-display-component---NewSite--addressNewCostObjectCstID-vhi"}]}
RESULT: undefined
COMMAND: POST /session/b614b8bdf87ea745e2832f5d1487871c/element - {"using":"xpath","value":"//*[@id=\"application-managesites-display-component---NewSite--addressNewCostObjectCstID-vhi\"]"}
RESULT: {"using":"xpath","value":"//*[@id=\"application-managesites-display-component---NewSite--addressNewCostObjectCstID-vhi\"]"}
COMMAND: POST /session/b614b8bdf87ea745e2832f5d1487871c/element/f.E141158646C81433446781BCB2447156.d.0FA6827077DED72800634350CF7D0268.e.12510/click - {}
RESULT: {}
COMMAND: GET /session/b614b8bdf87ea745e2832f5d1487871c/screenshot - {}
RESULT: {}
COMMAND: POST /session/b614b8bdf87ea745e2832f5d1487871c/execute/async - {"script":"<script> [1562 bytes]","args":[{"selector":{"controlType":"sap.m.SearchField","properties":{"placeholder":"Search"},"searchOpenDialogs":true,"interaction":{"idSuffix":"I"}},"wdio_ui5_key":"sapm.SearchField{\"placeholder\":\"Search\"}"}]}
RESULT: {"script":"<script> [1562 bytes]","args":[{"selector":{"controlType":"sap.m.SearchField","properties":{"placeholder":"Search"},"searchOpenDialogs":true,"interaction":{"idSuffix":"I"}},"wdio_ui5_key":"sapm.SearchField{\"placeholder\":\"Search\"}"}]}
RESULT: undefined
COMMAND: POST /session/b614b8bdf87ea745e2832f5d1487871c/execute/async - {"script":"<script> [776 bytes]","args":[{"enterText":"A1-000100-01","selector":{"controlType":"sap.m.SearchField","properties":{"placeholder":"Search"},"searchOpenDialogs":true,"interaction":{"idSuffix":"I"}},"clearTextFirst":true,"interactionType":"ENTER_TEXT"}]}
RESULT: {"script":"<script> [776 bytes]","args":[{"enterText":"A1-000100-01","selector":{"controlType":"sap.m.SearchField","properties":{"placeholder":"Search"},"searchOpenDialogs":true,"interaction":{"idSuffix":"I"}},"clearTextFirst":true,"interactionType":"ENTER_TEXT"}]}
COMMAND: POST /session/b614b8bdf87ea745e2832f5d1487871c/actions - {"actions":[{"id":"action67","type":"key","parameters":{},"actions":[{"type":"keyDown","value":"î€‡"},{"type":"pause","duration":10},{"type":"keyUp","value":"î€‡"}]}]}
RESULT: {"actions":[{"id":"action67","type":"key","parameters":{},"actions":[{"type":"keyDown","value":"î€‡"},{"type":"pause","duration":10},{"type":"keyUp","value":"î€‡"}]}]}
COMMAND: GET /session/b614b8bdf87ea745e2832f5d1487871c/screenshot - {}
RESULT: {}
COMMAND: POST /session/b614b8bdf87ea745e2832f5d1487871c/element - {"using":"xpath","value":"//span[contains(text(), \"Template for ETO-Process\")]"}
RESULT: {"using":"xpath","value":"//span[contains(text(), \"Template for ETO-Process\")]"}
COMMAND: POST /session/b614b8bdf87ea745e2832f5d1487871c/element/f.E141158646C81433446781BCB2447156.d.0FA6827077DED72800634350CF7D0268.e.12530/click - {}
RESULT: {}
COMMAND: GET /session/b614b8bdf87ea745e2832f5d1487871c/screenshot - {}
RESULT: {}
COMMAND: POST /session/b614b8bdf87ea745e2832f5d1487871c/element - {"using":"xpath","value":"//bdi[contains(text(), \"OK\")]"}
RESULT: {"using":"xpath","value":"//bdi[contains(text(), \"OK\")]"}
COMMAND: POST /session/b614b8bdf87ea745e2832f5d1487871c/element/f.E141158646C81433446781BCB2447156.d.0FA6827077DED72800634350CF7D0268.e.12531/click - {}
RESULT: {}
COMMAND: GET /session/b614b8bdf87ea745e2832f5d1487871c/screenshot - {}
RESULT: {}
COMMAND: POST /session/b614b8bdf87ea745e2832f5d1487871c/element - {"using":"xpath","value":"//input[@id=\"application-managesites-display-component---NewSite--addressDetailDetailsYard-inner\"]"}
RESULT: {"using":"xpath","value":"//input[@id=\"application-managesites-display-component---NewSite--addressDetailDetailsYard-inner\"]"}
COMMAND: POST /session/b614b8bdf87ea745e2832f5d1487871c/element/f.E141158646C81433446781BCB2447156.d.0FA6827077DED72800634350CF7D0268.e.12294/value - {"text":"WebdriverYard6byg0f"}
RESULT: {"text":"WebdriverYard6byg0f"}
COMMAND: GET /session/b614b8bdf87ea745e2832f5d1487871c/screenshot - {}
RESULT: {}
COMMAND: POST /session/b614b8bdf87ea745e2832f5d1487871c/actions - {"actions":[{"id":"action68","type":"key","parameters":{},"actions":[{"type":"keyDown","value":"î€‡"},{"type":"pause","duration":10},{"type":"keyUp","value":"î€‡"}]}]}
RESULT: {"actions":[{"id":"action68","type":"key","parameters":{},"actions":[{"type":"keyDown","value":"î€‡"},{"type":"pause","duration":10},{"type":"keyUp","value":"î€‡"}]}]}
COMMAND: GET /session/b614b8bdf87ea745e2832f5d1487871c/screenshot - {}
RESULT: {}
COMMAND: POST /session/b614b8bdf87ea745e2832f5d1487871c/element - {"using":"xpath","value":"//input[@id=\"application-managesites-display-component---NewSite--addressDetailDetailsPartner-inner\"]"}
RESULT: {"using":"xpath","value":"//input[@id=\"application-managesites-display-component---NewSite--addressDetailDetailsPartner-inner\"]"}
COMMAND: POST /session/b614b8bdf87ea745e2832f5d1487871c/elements - {"using":"xpath","value":"//input[@id=\"application-managesites-display-component---NewSite--addressDetailDetailsPartner-inner\"]"}
RESULT: {"using":"xpath","value":"//input[@id=\"application-managesites-display-component---NewSite--addressDetailDetailsPartner-inner\"]"}
COMMAND: POST /session/b614b8bdf87ea745e2832f5d1487871c/execute/async - {"script":"<script> [1562 bytes]","args":[{"selector":{"controlType":"sap.m.Button","viewName":"etm.portal.ui.managesites.view.NewSmartSite","viewId":"application-managesites-display-component---NewSite","properties":{"text":"Commercial"},"interaction":{"idSuffix":"BDI-content"}},"wdio_ui5_key":"etmportal.ui.managesites.view.NewSmartSitesap.m.Button{\"text\":\"Commercial\"}"}]}
RESULT: {"script":"<script> [1562 bytes]","args":[{"selector":{"controlType":"sap.m.Button","viewName":"etm.portal.ui.managesites.view.NewSmartSite","viewId":"application-managesites-display-component---NewSite","properties":{"text":"Commercial"},"interaction":{"idSuffix":"BDI-content"}},"wdio_ui5_key":"etmportal.ui.managesites.view.NewSmartSitesap.m.Button{\"text\":\"Commercial\"}"}]}
RESULT: undefined
COMMAND: POST /session/b614b8bdf87ea745e2832f5d1487871c/element - {"using":"xpath","value":"//*[@id=\"application-managesites-display-component---NewSite--ObjectPageLayout-anchBar-__section29-anchor\"]"}
RESULT: {"using":"xpath","value":"//*[@id=\"application-managesites-display-component---NewSite--ObjectPageLayout-anchBar-__section29-anchor\"]"}
COMMAND: POST /session/b614b8bdf87ea745e2832f5d1487871c/element/f.E141158646C81433446781BCB2447156.d.0FA6827077DED72800634350CF7D0268.e.12560/click - {}
RESULT: {}
COMMAND: POST /session/b614b8bdf87ea745e2832f5d1487871c/execute/async - {"script":"<script> [1562 bytes]","args":[{"selector":{"controlType":"sap.m.Button","viewName":"etm.portal.ui.managesites.view.NewSmartSite","viewId":"application-managesites-display-component---NewSite","i18NText":{"propertyName":"text","key":"save"},"interaction":{"idSuffix":"BDI-content"}},"wdio_ui5_key":"etmportal.ui.managesites.view.NewSmartSitesap.m.Button{\"propertyName\":\"text\",\"key\":\"save\"}"}]}
COMMAND: GET /session/b614b8bdf87ea745e2832f5d1487871c/screenshot - {}
RESULT: {"script":"<script> [1562 bytes]","args":[{"selector":{"controlType":"sap.m.Button","viewName":"etm.portal.ui.managesites.view.NewSmartSite","viewId":"application-managesites-display-component---NewSite","i18NText":{"propertyName":"text","key":"save"},"interaction":{"idSuffix":"BDI-content"}},"wdio_ui5_key":"etmportal.ui.managesites.view.NewSmartSitesap.m.Button{\"propertyName\":\"text\",\"key\":\"save\"}"}]}
RESULT: undefined
COMMAND: POST /session/b614b8bdf87ea745e2832f5d1487871c/element - {"using":"xpath","value":"//*[@id=\"__button60\"]"}
RESULT: {}
RESULT: {"using":"xpath","value":"//*[@id=\"__button60\"]"}
COMMAND: POST /session/b614b8bdf87ea745e2832f5d1487871c/element/f.E141158646C81433446781BCB2447156.d.0FA6827077DED72800634350CF7D0268.e.12446/click - {}
RESULT: {}
COMMAND: GET /session/b614b8bdf87ea745e2832f5d1487871c/screenshot - {}
RESULT: {}
COMMAND: POST /session/b614b8bdf87ea745e2832f5d1487871c/execute/async - {"script":"<script> [1562 bytes]","args":[{"selector":{"id":"application-managesites-display-component---detailSite--addressDetailDetailsYardText"},"wdio_ui5_key":"applicationmanagesites-display-component---detailSite--addressDetailDetailsYardText"}]}
RESULT: {"script":"<script> [1562 bytes]","args":[{"selector":{"id":"application-managesites-display-component---detailSite--addressDetailDetailsYardText"},"wdio_ui5_key":"applicationmanagesites-display-component---detailSite--addressDetailDetailsYardText"}]}
RESULT: undefined
COMMAND: POST /session/b614b8bdf87ea745e2832f5d1487871c/element - {"using":"xpath","value":"//header/div/div[2]/div[2]/span"}
RESULT: {"using":"xpath","value":"//header/div/div[2]/div[2]/span"}
COMMAND: GET /session/b614b8bdf87ea745e2832f5d1487871c/element/f.E141158646C81433446781BCB2447156.d.0FA6827077DED72800634350CF7D0268.e.12768/text - {}
RESULT: {}
COMMAND: POST /session/b614b8bdf87ea745e2832f5d1487871c/element - {"using":"xpath","value":"//header/div/div/div/div/div/div[2]/div/span"}
RESULT: {"using":"xpath","value":"//header/div/div/div/div/div/div[2]/div/span"}
COMMAND: GET /session/b614b8bdf87ea745e2832f5d1487871c/element/f.E141158646C81433446781BCB2447156.d.0FA6827077DED72800634350CF7D0268.e.12769/text - {}
RESULT: {}
COMMAND: POST /session/b614b8bdf87ea745e2832f5d1487871c/element - {"using":"css selector","value":"#shell-header-logo"}
RESULT: {"using":"css selector","value":"#shell-header-logo"}
COMMAND: POST /session/b614b8bdf87ea745e2832f5d1487871c/element/f.E141158646C81433446781BCB2447156.d.0FA6827077DED72800634350CF7D0268.e.12049/click - {}
RESULT: {}
COMMAND: GET /session/b614b8bdf87ea745e2832f5d1487871c/screenshot - {}
RESULT: {}
]]></system-out>
    </testcase>
    <testcase classname="chrome.136_0_7103_49.windows.E2E_-_Logistical_and_commercial_statuses" name="It should stock increase the resource" time="240.473">
      <system-out><![CDATA[
COMMAND: POST /session/b614b8bdf87ea745e2832f5d1487871c/execute/async - {"script":"<script> [1562 bytes]","args":[{"selector":{"controlType":"sap.m.GenericTile","properties":{"header":"Manage Resources"}},"wdio_ui5_key":"sapm.GenericTile{\"header\":\"Manage Resources\"}"}]}
RESULT: {"script":"<script> [1562 bytes]","args":[{"selector":{"controlType":"sap.m.GenericTile","properties":{"header":"Manage Resources"}},"wdio_ui5_key":"sapm.GenericTile{\"header\":\"Manage Resources\"}"}]}
RESULT: undefined
COMMAND: POST /session/b614b8bdf87ea745e2832f5d1487871c/element - {"using":"xpath","value":"//*[@id=\"__tile39\"]"}
RESULT: {"using":"xpath","value":"//*[@id=\"__tile39\"]"}
COMMAND: POST /session/b614b8bdf87ea745e2832f5d1487871c/element/f.E141158646C81433446781BCB2447156.d.0FA6827077DED72800634350CF7D0268.e.12771/click - {}
RESULT: {}
COMMAND: GET /session/b614b8bdf87ea745e2832f5d1487871c/screenshot - {}
RESULT: {}
COMMAND: POST /session/b614b8bdf87ea745e2832f5d1487871c/elements - {"using":"xpath","value":"//span[text()='Error']"}
RESULT: {"using":"xpath","value":"//span[text()='Error']"}
COMMAND: POST /session/b614b8bdf87ea745e2832f5d1487871c/element - {"using":"xpath","value":"//button[@data-kt=\"addNewRUOverflowToolbarButton\"]"}
RESULT: {"using":"xpath","value":"//button[@data-kt=\"addNewRUOverflowToolbarButton\"]"}
COMMAND: POST /session/b614b8bdf87ea745e2832f5d1487871c/execute/sync - {"script":"<script> [8489 bytes]","args":[{"element-6066-11e4-a52e-4f735466cecf":"f.E141158646C81433446781BCB2447156.d.0FA6827077DED72800634350CF7D0268.e.12813","ELEMENT":"f.E141158646C81433446781BCB2447156.d.0FA6827077DED72800634350CF7D0268.e.12813"}]}
RESULT: {"script":"<script> [8489 bytes]","args":[{"element-6066-11e4-a52e-4f735466cecf":"f.E141158646C81433446781BCB2447156.d.0FA6827077DED72800634350CF7D0268.e.12813","ELEMENT":"f.E141158646C81433446781BCB2447156.d.0FA6827077DED72800634350CF7D0268.e.12813"}]}
COMMAND: POST /session/b614b8bdf87ea745e2832f5d1487871c/element/f.E141158646C81433446781BCB2447156.d.0FA6827077DED72800634350CF7D0268.e.12813/click - {}
COMMAND: GET /session/b614b8bdf87ea745e2832f5d1487871c/screenshot - {}
RESULT: {}
COMMAND: POST /session/b614b8bdf87ea745e2832f5d1487871c/execute/async - {"script":"<script> [1562 bytes]","args":[{"selector":{"id":"application-manageresources-display-component---newResourceUnit--TYPE-arrow"},"wdio_ui5_key":"applicationmanageresources-display-component---newResourceUnit--TYPE-arrow"}]}
COMMAND: GET /session/b614b8bdf87ea745e2832f5d1487871c/screenshot - {}
RESULT: {}
RESULT: {"script":"<script> [1562 bytes]","args":[{"selector":{"id":"application-manageresources-display-component---newResourceUnit--TYPE-arrow"},"wdio_ui5_key":"applicationmanageresources-display-component---newResourceUnit--TYPE-arrow"}]}
RESULT: undefined
COMMAND: POST /session/b614b8bdf87ea745e2832f5d1487871c/element - {"using":"xpath","value":"//*[@id=\"application-manageresources-display-component---newResourceUnit--TYPE-arrow\"]"}
RESULT: {}
RESULT: {"using":"xpath","value":"//*[@id=\"application-manageresources-display-component---newResourceUnit--TYPE-arrow\"]"}
COMMAND: POST /session/b614b8bdf87ea745e2832f5d1487871c/element/f.E141158646C81433446781BCB2447156.d.0FA6827077DED72800634350CF7D0268.e.13130/click - {}
RESULT: {}
COMMAND: POST /session/b614b8bdf87ea745e2832f5d1487871c/execute/async - {"script":"<script> [1562 bytes]","args":[{"selector":{"controlType":"sap.m.StandardListItem","viewName":"reusables.view.manageresources.NewResourceUnit","viewId":"application-manageresources-display-component---newResourceUnit","properties":{"title":"Material"},"searchOpenDialogs":true,"interaction":{"idSuffix":"titleText"}},"wdio_ui5_key":"reusablesview.manageresources.NewResourceUnitsap.m.StandardListItem{\"title\":\"Material\"}"}]}
COMMAND: GET /session/b614b8bdf87ea745e2832f5d1487871c/screenshot - {}
RESULT: {"script":"<script> [1562 bytes]","args":[{"selector":{"controlType":"sap.m.StandardListItem","viewName":"reusables.view.manageresources.NewResourceUnit","viewId":"application-manageresources-display-component---newResourceUnit","properties":{"title":"Material"},"searchOpenDialogs":true,"interaction":{"idSuffix":"titleText"}},"wdio_ui5_key":"reusablesview.manageresources.NewResourceUnitsap.m.StandardListItem{\"title\":\"Material\"}"}]}
RESULT: undefined
COMMAND: POST /session/b614b8bdf87ea745e2832f5d1487871c/element - {"using":"xpath","value":"//*[@id=\"__item1130\"]"}
RESULT: {}
RESULT: {"using":"xpath","value":"//*[@id=\"__item1130\"]"}
COMMAND: POST /session/b614b8bdf87ea745e2832f5d1487871c/element/f.E141158646C81433446781BCB2447156.d.0FA6827077DED72800634350CF7D0268.e.13133/click - {}
RESULT: {}
COMMAND: POST /session/b614b8bdf87ea745e2832f5d1487871c/execute/async - {"script":"<script> [1562 bytes]","args":[{"selector":{"id":"application-manageresources-display-component---newResourceUnit--SHORT_TEXT","interaction":{"idSuffix":"inner"}},"wdio_ui5_key":"applicationmanageresources-display-component---newResourceUnit--SHORT_TEXT"}]}
COMMAND: GET /session/b614b8bdf87ea745e2832f5d1487871c/screenshot - {}
RESULT: {"script":"<script> [1562 bytes]","args":[{"selector":{"id":"application-manageresources-display-component---newResourceUnit--SHORT_TEXT","interaction":{"idSuffix":"inner"}},"wdio_ui5_key":"applicationmanageresources-display-component---newResourceUnit--SHORT_TEXT"}]}
RESULT: undefined
COMMAND: POST /session/b614b8bdf87ea745e2832f5d1487871c/execute/async - {"script":"<script> [776 bytes]","args":[{"enterText":"WebdriverRUR2Cdjytp","selector":{"id":"application-manageresources-display-component---newResourceUnit--SHORT_TEXT","interaction":{"idSuffix":"inner"}},"clearTextFirst":true,"interactionType":"ENTER_TEXT"}]}
RESULT: {}
RESULT: {"script":"<script> [776 bytes]","args":[{"enterText":"WebdriverRUR2Cdjytp","selector":{"id":"application-manageresources-display-component---newResourceUnit--SHORT_TEXT","interaction":{"idSuffix":"inner"}},"clearTextFirst":true,"interactionType":"ENTER_TEXT"}]}
COMMAND: POST /session/b614b8bdf87ea745e2832f5d1487871c/execute/async - {"script":"<script> [1562 bytes]","args":[{"selector":{"id":"application-manageresources-display-component---newResourceUnit--BASE_UNIT_OF_MEASURE-arrow"},"wdio_ui5_key":"applicationmanageresources-display-component---newResourceUnit--BASE_UNIT_OF_MEASURE-arrow"}]}
RESULT: {"script":"<script> [1562 bytes]","args":[{"selector":{"id":"application-manageresources-display-component---newResourceUnit--BASE_UNIT_OF_MEASURE-arrow"},"wdio_ui5_key":"applicationmanageresources-display-component---newResourceUnit--BASE_UNIT_OF_MEASURE-arrow"}]}
RESULT: undefined
COMMAND: POST /session/b614b8bdf87ea745e2832f5d1487871c/element - {"using":"xpath","value":"//*[@id=\"application-manageresources-display-component---newResourceUnit--BASE_UNIT_OF_MEASURE-arrow\"]"}
RESULT: {"using":"xpath","value":"//*[@id=\"application-manageresources-display-component---newResourceUnit--BASE_UNIT_OF_MEASURE-arrow\"]"}
COMMAND: POST /session/b614b8bdf87ea745e2832f5d1487871c/element/f.E141158646C81433446781BCB2447156.d.0FA6827077DED72800634350CF7D0268.e.13187/click - {}
RESULT: {}
COMMAND: POST /session/b614b8bdf87ea745e2832f5d1487871c/execute/async - {"script":"<script> [1562 bytes]","args":[{"selector":{"controlType":"sap.m.StandardListItem","viewName":"reusables.view.manageresources.NewResourceUnit","viewId":"application-manageresources-display-component---newResourceUnit","properties":{"title":"Piece"},"searchOpenDialogs":true,"interaction":{"idSuffix":"titleText"}},"wdio_ui5_key":"reusablesview.manageresources.NewResourceUnitsap.m.StandardListItem{\"title\":\"Piece\"}"}]}
COMMAND: GET /session/b614b8bdf87ea745e2832f5d1487871c/screenshot - {}
RESULT: {"script":"<script> [1562 bytes]","args":[{"selector":{"controlType":"sap.m.StandardListItem","viewName":"reusables.view.manageresources.NewResourceUnit","viewId":"application-manageresources-display-component---newResourceUnit","properties":{"title":"Piece"},"searchOpenDialogs":true,"interaction":{"idSuffix":"titleText"}},"wdio_ui5_key":"reusablesview.manageresources.NewResourceUnitsap.m.StandardListItem{\"title\":\"Piece\"}"}]}
RESULT: undefined
COMMAND: POST /session/b614b8bdf87ea745e2832f5d1487871c/element - {"using":"xpath","value":"//*[@id=\"__item1172\"]"}
RESULT: {}
RESULT: {"using":"xpath","value":"//*[@id=\"__item1172\"]"}
COMMAND: POST /session/b614b8bdf87ea745e2832f5d1487871c/element/f.E141158646C81433446781BCB2447156.d.0FA6827077DED72800634350CF7D0268.e.13189/click - {}
RESULT: {}
COMMAND: POST /session/b614b8bdf87ea745e2832f5d1487871c/element - {"using":"xpath","value":"//input[contains(@id ,\"application-manageresources-display-component---newResourceUnit--SHORT_TEXT-inner\")]"}
COMMAND: GET /session/b614b8bdf87ea745e2832f5d1487871c/screenshot - {}
RESULT: {"using":"xpath","value":"//input[contains(@id ,\"application-manageresources-display-component---newResourceUnit--SHORT_TEXT-inner\")]"}
COMMAND: GET /session/b614b8bdf87ea745e2832f5d1487871c/element/f.E141158646C81433446781BCB2447156.d.0FA6827077DED72800634350CF7D0268.e.13150/property/value - {}
RESULT: {}
RESULT: {}
COMMAND: POST /session/b614b8bdf87ea745e2832f5d1487871c/execute/async - {"script":"<script> [1562 bytes]","args":[{"selector":{"id":"application-manageresources-display-component---newResourceUnit--WEIGHT_UNIT-arrow"},"wdio_ui5_key":"applicationmanageresources-display-component---newResourceUnit--WEIGHT_UNIT-arrow"}]}
COMMAND: GET /session/b614b8bdf87ea745e2832f5d1487871c/screenshot - {}
RESULT: {"script":"<script> [1562 bytes]","args":[{"selector":{"id":"application-manageresources-display-component---newResourceUnit--WEIGHT_UNIT-arrow"},"wdio_ui5_key":"applicationmanageresources-display-component---newResourceUnit--WEIGHT_UNIT-arrow"}]}
RESULT: undefined
COMMAND: POST /session/b614b8bdf87ea745e2832f5d1487871c/element - {"using":"xpath","value":"//*[@id=\"application-manageresources-display-component---newResourceUnit--WEIGHT_UNIT-arrow\"]"}
RESULT: {}
RESULT: {"using":"xpath","value":"//*[@id=\"application-manageresources-display-component---newResourceUnit--WEIGHT_UNIT-arrow\"]"}
COMMAND: POST /session/b614b8bdf87ea745e2832f5d1487871c/element/f.E141158646C81433446781BCB2447156.d.0FA6827077DED72800634350CF7D0268.e.13190/click - {}
RESULT: {}
COMMAND: POST /session/b614b8bdf87ea745e2832f5d1487871c/execute/async - {"script":"<script> [1562 bytes]","args":[{"selector":{"controlType":"sap.m.StandardListItem","viewName":"reusables.view.manageresources.NewResourceUnit","viewId":"application-manageresources-display-component---newResourceUnit","properties":{"title":"Gram"},"searchOpenDialogs":true,"interaction":{"idSuffix":"content"}},"wdio_ui5_key":"reusablesview.manageresources.NewResourceUnitsap.m.StandardListItem{\"title\":\"Gram\"}"}]}
COMMAND: GET /session/b614b8bdf87ea745e2832f5d1487871c/screenshot - {}
RESULT: {"script":"<script> [1562 bytes]","args":[{"selector":{"controlType":"sap.m.StandardListItem","viewName":"reusables.view.manageresources.NewResourceUnit","viewId":"application-manageresources-display-component---newResourceUnit","properties":{"title":"Gram"},"searchOpenDialogs":true,"interaction":{"idSuffix":"content"}},"wdio_ui5_key":"reusablesview.manageresources.NewResourceUnitsap.m.StandardListItem{\"title\":\"Gram\"}"}]}
RESULT: undefined
COMMAND: POST /session/b614b8bdf87ea745e2832f5d1487871c/element - {"using":"xpath","value":"//*[@id=\"__item1237\"]"}
RESULT: {}
RESULT: {"using":"xpath","value":"//*[@id=\"__item1237\"]"}
COMMAND: POST /session/b614b8bdf87ea745e2832f5d1487871c/element/f.E141158646C81433446781BCB2447156.d.0FA6827077DED72800634350CF7D0268.e.13192/click - {}
RESULT: {}
COMMAND: POST /session/b614b8bdf87ea745e2832f5d1487871c/execute/async - {"script":"<script> [1562 bytes]","args":[{"selector":{"id":"application-manageresources-display-component---newResourceUnit--newRRUPage-OPHeaderContent-collapseBtn-img"},"wdio_ui5_key":"applicationmanageresources-display-component---newResourceUnit--newRRUPage-OPHeaderContent-collapseBtn-img"}]}
COMMAND: GET /session/b614b8bdf87ea745e2832f5d1487871c/screenshot - {}
RESULT: {"script":"<script> [1562 bytes]","args":[{"selector":{"id":"application-manageresources-display-component---newResourceUnit--newRRUPage-OPHeaderContent-collapseBtn-img"},"wdio_ui5_key":"applicationmanageresources-display-component---newResourceUnit--newRRUPage-OPHeaderContent-collapseBtn-img"}]}
RESULT: undefined
COMMAND: POST /session/b614b8bdf87ea745e2832f5d1487871c/element - {"using":"xpath","value":"//*[@id=\"application-manageresources-display-component---newResourceUnit--newRRUPage-OPHeaderContent-collapseBtn-img\"]"}
RESULT: {}
RESULT: {"using":"xpath","value":"//*[@id=\"application-manageresources-display-component---newResourceUnit--newRRUPage-OPHeaderContent-collapseBtn-img\"]"}
COMMAND: POST /session/b614b8bdf87ea745e2832f5d1487871c/element/f.E141158646C81433446781BCB2447156.d.0FA6827077DED72800634350CF7D0268.e.13140/click - {}
RESULT: {}
COMMAND: GET /session/b614b8bdf87ea745e2832f5d1487871c/screenshot - {}
RESULT: {}
COMMAND: POST /session/b614b8bdf87ea745e2832f5d1487871c/element - {"using":"xpath","value":"(//span[contains(@id ,\"application-manageresources-display-component---newResourceUnit--DIMENSION_UNIT-arrow\")])[1]"}
RESULT: {"using":"xpath","value":"(//span[contains(@id ,\"application-manageresources-display-component---newResourceUnit--DIMENSION_UNIT-arrow\")])[1]"}
COMMAND: POST /session/b614b8bdf87ea745e2832f5d1487871c/element/f.E141158646C81433446781BCB2447156.d.0FA6827077DED72800634350CF7D0268.e.13196/click - {}
RESULT: {}
COMMAND: GET /session/b614b8bdf87ea745e2832f5d1487871c/screenshot - {}
RESULT: {}
COMMAND: POST /session/b614b8bdf87ea745e2832f5d1487871c/execute/async - {"script":"<script> [1562 bytes]","args":[{"selector":{"controlType":"sap.m.StandardListItem","viewName":"reusables.view.manageresources.NewResourceUnit","viewId":"application-manageresources-display-component---newResourceUnit","properties":{"title":"Centimeter"},"searchOpenDialogs":true,"interaction":{"idSuffix":"titleText"}},"wdio_ui5_key":"reusablesview.manageresources.NewResourceUnitsap.m.StandardListItem{\"title\":\"Centimeter\"}"}]}
RESULT: {"script":"<script> [1562 bytes]","args":[{"selector":{"controlType":"sap.m.StandardListItem","viewName":"reusables.view.manageresources.NewResourceUnit","viewId":"application-manageresources-display-component---newResourceUnit","properties":{"title":"Centimeter"},"searchOpenDialogs":true,"interaction":{"idSuffix":"titleText"}},"wdio_ui5_key":"reusablesview.manageresources.NewResourceUnitsap.m.StandardListItem{\"title\":\"Centimeter\"}"}]}
RESULT: undefined
COMMAND: POST /session/b614b8bdf87ea745e2832f5d1487871c/element - {"using":"xpath","value":"//*[@id=\"__item1240\"]"}
RESULT: {"using":"xpath","value":"//*[@id=\"__item1240\"]"}
COMMAND: POST /session/b614b8bdf87ea745e2832f5d1487871c/element/f.E141158646C81433446781BCB2447156.d.0FA6827077DED72800634350CF7D0268.e.13200/click - {}
RESULT: {}
COMMAND: POST /session/b614b8bdf87ea745e2832f5d1487871c/execute/async - {"script":"<script> [1562 bytes]","args":[{"selector":{"id":"application-manageresources-display-component---newResourceUnit--newRRUPage-anchBar-application-manageresources-display-component---newResourceUnit--reference-anchor","interaction":{"idSuffix":"BDI-content"}},"wdio_ui5_key":"applicationmanageresources-display-component---newResourceUnit--newRRUPage-anchBar-application-manageresources-display-component---newResourceUnit--reference-anchor"}]}
COMMAND: GET /session/b614b8bdf87ea745e2832f5d1487871c/screenshot - {}
RESULT: {"script":"<script> [1562 bytes]","args":[{"selector":{"id":"application-manageresources-display-component---newResourceUnit--newRRUPage-anchBar-application-manageresources-display-component---newResourceUnit--reference-anchor","interaction":{"idSuffix":"BDI-content"}},"wdio_ui5_key":"applicationmanageresources-display-component---newResourceUnit--newRRUPage-anchBar-application-manageresources-display-component---newResourceUnit--reference-anchor"}]}
RESULT: undefined
COMMAND: POST /session/b614b8bdf87ea745e2832f5d1487871c/element - {"using":"xpath","value":"//*[@id=\"application-manageresources-display-component---newResourceUnit--newRRUPage-anchBar-application-manageresources-display-component---newResourceUnit--reference-anchor\"]"}
RESULT: {}
RESULT: {"using":"xpath","value":"//*[@id=\"application-manageresources-display-component---newResourceUnit--newRRUPage-anchBar-application-manageresources-display-component---newResourceUnit--reference-anchor\"]"}
COMMAND: POST /session/b614b8bdf87ea745e2832f5d1487871c/element/f.E141158646C81433446781BCB2447156.d.0FA6827077DED72800634350CF7D0268.e.13202/click - {}
RESULT: {}
COMMAND: POST /session/b614b8bdf87ea745e2832f5d1487871c/execute/async - {"script":"<script> [1562 bytes]","args":[{"selector":{"id":"application-manageresources-display-component---newResourceUnit--PLANNING_GROUP-arrow"},"wdio_ui5_key":"applicationmanageresources-display-component---newResourceUnit--PLANNING_GROUP-arrow"}]}
COMMAND: GET /session/b614b8bdf87ea745e2832f5d1487871c/screenshot - {}
RESULT: {"script":"<script> [1562 bytes]","args":[{"selector":{"id":"application-manageresources-display-component---newResourceUnit--PLANNING_GROUP-arrow"},"wdio_ui5_key":"applicationmanageresources-display-component---newResourceUnit--PLANNING_GROUP-arrow"}]}
RESULT: undefined
COMMAND: POST /session/b614b8bdf87ea745e2832f5d1487871c/element - {"using":"xpath","value":"//*[@id=\"application-manageresources-display-component---newResourceUnit--PLANNING_GROUP-arrow\"]"}
RESULT: {}
RESULT: {"using":"xpath","value":"//*[@id=\"application-manageresources-display-component---newResourceUnit--PLANNING_GROUP-arrow\"]"}
COMMAND: POST /session/b614b8bdf87ea745e2832f5d1487871c/element/f.E141158646C81433446781BCB2447156.d.0FA6827077DED72800634350CF7D0268.e.13206/click - {}
RESULT: {}
COMMAND: POST /session/b614b8bdf87ea745e2832f5d1487871c/execute/async - {"script":"<script> [1562 bytes]","args":[{"selector":{"controlType":"sap.m.StandardListItem","viewName":"reusables.view.manageresources.NewResourceUnit","viewId":"application-manageresources-display-component---newResourceUnit","properties":{"title":"Heavy Equi"},"searchOpenDialogs":true,"interaction":{"idSuffix":"content"}},"wdio_ui5_key":"reusablesview.manageresources.NewResourceUnitsap.m.StandardListItem{\"title\":\"Heavy Equi\"}"}]}
COMMAND: GET /session/b614b8bdf87ea745e2832f5d1487871c/screenshot - {}
RESULT: {}
RESULT: {"script":"<script> [1562 bytes]","args":[{"selector":{"controlType":"sap.m.StandardListItem","viewName":"reusables.view.manageresources.NewResourceUnit","viewId":"application-manageresources-display-component---newResourceUnit","properties":{"title":"Heavy Equi"},"searchOpenDialogs":true,"interaction":{"idSuffix":"content"}},"wdio_ui5_key":"reusablesview.manageresources.NewResourceUnitsap.m.StandardListItem{\"title\":\"Heavy Equi\"}"}]}
RESULT: undefined
COMMAND: POST /session/b614b8bdf87ea745e2832f5d1487871c/element - {"using":"xpath","value":"//*[@id=\"__item1248\"]"}
RESULT: {"using":"xpath","value":"//*[@id=\"__item1248\"]"}
COMMAND: POST /session/b614b8bdf87ea745e2832f5d1487871c/element/f.E141158646C81433446781BCB2447156.d.0FA6827077DED72800634350CF7D0268.e.13208/click - {}
RESULT: {}
COMMAND: GET /session/b614b8bdf87ea745e2832f5d1487871c/screenshot - {}
RESULT: {}
COMMAND: POST /session/b614b8bdf87ea745e2832f5d1487871c/execute/async - {"script":"<script> [1562 bytes]","args":[{"selector":{"id":"application-manageresources-display-component---newResourceUnit--PLANNING_INDICATOR-arrow"},"wdio_ui5_key":"applicationmanageresources-display-component---newResourceUnit--PLANNING_INDICATOR-arrow"}]}
RESULT: {"script":"<script> [1562 bytes]","args":[{"selector":{"id":"application-manageresources-display-component---newResourceUnit--PLANNING_INDICATOR-arrow"},"wdio_ui5_key":"applicationmanageresources-display-component---newResourceUnit--PLANNING_INDICATOR-arrow"}]}
RESULT: undefined
COMMAND: POST /session/b614b8bdf87ea745e2832f5d1487871c/element - {"using":"xpath","value":"//*[@id=\"application-manageresources-display-component---newResourceUnit--PLANNING_INDICATOR-arrow\"]"}
RESULT: {"using":"xpath","value":"//*[@id=\"application-manageresources-display-component---newResourceUnit--PLANNING_INDICATOR-arrow\"]"}
COMMAND: POST /session/b614b8bdf87ea745e2832f5d1487871c/element/f.E141158646C81433446781BCB2447156.d.0FA6827077DED72800634350CF7D0268.e.13209/click - {}
RESULT: {}
COMMAND: POST /session/b614b8bdf87ea745e2832f5d1487871c/execute/async - {"script":"<script> [1562 bytes]","args":[{"selector":{"controlType":"sap.m.StandardListItem","viewName":"reusables.view.manageresources.NewResourceUnit","viewId":"application-manageresources-display-component---newResourceUnit","properties":{"title":"10 - infinite"},"searchOpenDialogs":true,"interaction":{"idSuffix":"content"}},"wdio_ui5_key":"reusablesview.manageresources.NewResourceUnitsap.m.StandardListItem{\"title\":\"10 - infinite\"}"}]}
COMMAND: GET /session/b614b8bdf87ea745e2832f5d1487871c/screenshot - {}
RESULT: {"script":"<script> [1562 bytes]","args":[{"selector":{"controlType":"sap.m.StandardListItem","viewName":"reusables.view.manageresources.NewResourceUnit","viewId":"application-manageresources-display-component---newResourceUnit","properties":{"title":"10 - infinite"},"searchOpenDialogs":true,"interaction":{"idSuffix":"content"}},"wdio_ui5_key":"reusablesview.manageresources.NewResourceUnitsap.m.StandardListItem{\"title\":\"10 - infinite\"}"}]}
RESULT: undefined
COMMAND: POST /session/b614b8bdf87ea745e2832f5d1487871c/element - {"using":"xpath","value":"//*[@id=\"__item1258\"]"}
RESULT: {}
RESULT: {"using":"xpath","value":"//*[@id=\"__item1258\"]"}
COMMAND: POST /session/b614b8bdf87ea745e2832f5d1487871c/element/f.E141158646C81433446781BCB2447156.d.0FA6827077DED72800634350CF7D0268.e.13211/click - {}
RESULT: {}
COMMAND: GET /session/b614b8bdf87ea745e2832f5d1487871c/screenshot - {}
RESULT: {}
COMMAND: POST /session/b614b8bdf87ea745e2832f5d1487871c/element - {"using":"xpath","value":"//bdi[contains(text(), \"Time Segment\")]"}
RESULT: {"using":"xpath","value":"//bdi[contains(text(), \"Time Segment\")]"}
COMMAND: GET /session/b614b8bdf87ea745e2832f5d1487871c/element/f.E141158646C81433446781BCB2447156.d.0FA6827077DED72800634350CF7D0268.e.13212/rect - {}
RESULT: {}
COMMAND: GET /session/b614b8bdf87ea745e2832f5d1487871c/window/rect - {}
RESULT: {}
COMMAND: POST /session/b614b8bdf87ea745e2832f5d1487871c/execute/sync - {"script":"<script> [92 bytes]","args":[]}
RESULT: {"script":"<script> [92 bytes]","args":[]}
COMMAND: POST /session/b614b8bdf87ea745e2832f5d1487871c/actions - {"actions":[{"id":"action69","type":"wheel","parameters":{},"actions":[{"type":"scroll","x":-1820,"y":-21,"deltaX":0,"deltaY":0,"duration":0,"origin":{"element-6066-11e4-a52e-4f735466cecf":"f.E141158646C81433446781BCB2447156.d.0FA6827077DED72800634350CF7D0268.e.13212"}}]}]}
COMMAND: GET /session/b614b8bdf87ea745e2832f5d1487871c/screenshot - {}
RESULT: {}
COMMAND: POST /session/b614b8bdf87ea745e2832f5d1487871c/execute/sync - {"script":"<script> [79 bytes]","args":[{"element-6066-11e4-a52e-4f735466cecf":"f.E141158646C81433446781BCB2447156.d.0FA6827077DED72800634350CF7D0268.e.13212","ELEMENT":"f.E141158646C81433446781BCB2447156.d.0FA6827077DED72800634350CF7D0268.e.13212"},{"block":"start","inline":"nearest"}]}
RESULT: {"script":"<script> [79 bytes]","args":[{"element-6066-11e4-a52e-4f735466cecf":"f.E141158646C81433446781BCB2447156.d.0FA6827077DED72800634350CF7D0268.e.13212","ELEMENT":"f.E141158646C81433446781BCB2447156.d.0FA6827077DED72800634350CF7D0268.e.13212"},{"block":"start","inline":"nearest"}]}
COMMAND: GET /session/b614b8bdf87ea745e2832f5d1487871c/screenshot - {}
RESULT: {}
COMMAND: POST /session/b614b8bdf87ea745e2832f5d1487871c/element - {"using":"xpath","value":"//span[@id=\"application-manageresources-display-component---newResourceUnit--btnAddTimeSegment-img\"]"}
RESULT: {"using":"xpath","value":"//span[@id=\"application-manageresources-display-component---newResourceUnit--btnAddTimeSegment-img\"]"}
COMMAND: POST /session/b614b8bdf87ea745e2832f5d1487871c/execute/sync - {"script":"<script> [8489 bytes]","args":[{"element-6066-11e4-a52e-4f735466cecf":"f.E141158646C81433446781BCB2447156.d.0FA6827077DED72800634350CF7D0268.e.13215","ELEMENT":"f.E141158646C81433446781BCB2447156.d.0FA6827077DED72800634350CF7D0268.e.13215"}]}
RESULT: {"script":"<script> [8489 bytes]","args":[{"element-6066-11e4-a52e-4f735466cecf":"f.E141158646C81433446781BCB2447156.d.0FA6827077DED72800634350CF7D0268.e.13215","ELEMENT":"f.E141158646C81433446781BCB2447156.d.0FA6827077DED72800634350CF7D0268.e.13215"}]}
COMMAND: POST /session/b614b8bdf87ea745e2832f5d1487871c/element/f.E141158646C81433446781BCB2447156.d.0FA6827077DED72800634350CF7D0268.e.13215/click - {}
COMMAND: GET /session/b614b8bdf87ea745e2832f5d1487871c/screenshot - {}
RESULT: {}
COMMAND: GET /session/b614b8bdf87ea745e2832f5d1487871c/screenshot - {}
RESULT: {}
RESULT: {}
COMMAND: POST /session/b614b8bdf87ea745e2832f5d1487871c/element - {"using":"xpath","value":"//input[@id=\"application-manageresources-display-component---newResourceUnit--idRuTSAdmin-application-manageresources-display-component---newResourceUnit--RUTimeSegment-0-inner\"]"}
RESULT: {"using":"xpath","value":"//input[@id=\"application-manageresources-display-component---newResourceUnit--idRuTSAdmin-application-manageresources-display-component---newResourceUnit--RUTimeSegment-0-inner\"]"}
COMMAND: POST /session/b614b8bdf87ea745e2832f5d1487871c/element/f.E141158646C81433446781BCB2447156.d.0FA6827077DED72800634350CF7D0268.e.13218/clear - {}
RESULT: {}
COMMAND: POST /session/b614b8bdf87ea745e2832f5d1487871c/element/f.E141158646C81433446781BCB2447156.d.0FA6827077DED72800634350CF7D0268.e.13218/value - {"text":"WebdriverYard6byg0f"}
COMMAND: GET /session/b614b8bdf87ea745e2832f5d1487871c/screenshot - {}
RESULT: {"text":"WebdriverYard6byg0f"}
COMMAND: GET /session/b614b8bdf87ea745e2832f5d1487871c/screenshot - {}
RESULT: {}
RESULT: {}
COMMAND: POST /session/b614b8bdf87ea745e2832f5d1487871c/actions - {"actions":[{"id":"action70","type":"key","parameters":{},"actions":[{"type":"keyDown","value":"î€‡"},{"type":"pause","duration":10},{"type":"keyUp","value":"î€‡"}]}]}
RESULT: {"actions":[{"id":"action70","type":"key","parameters":{},"actions":[{"type":"keyDown","value":"î€‡"},{"type":"pause","duration":10},{"type":"keyUp","value":"î€‡"}]}]}
COMMAND: GET /session/b614b8bdf87ea745e2832f5d1487871c/screenshot - {}
RESULT: {}
COMMAND: POST /session/b614b8bdf87ea745e2832f5d1487871c/execute/async - {"script":"<script> [1562 bytes]","args":[{"selector":{"controlType":"sap.m.Button","viewName":"reusables.view.manageresources.NewResourceUnit","viewId":"application-manageresources-display-component---newResourceUnit","i18NText":{"propertyName":"tooltip","key":"save"},"interaction":{"idSuffix":"BDI-content"}},"wdio_ui5_key":"reusablesview.manageresources.NewResourceUnitsap.m.Button{\"propertyName\":\"tooltip\",\"key\":\"save\"}"}]}
RESULT: {"script":"<script> [1562 bytes]","args":[{"selector":{"controlType":"sap.m.Button","viewName":"reusables.view.manageresources.NewResourceUnit","viewId":"application-manageresources-display-component---newResourceUnit","i18NText":{"propertyName":"tooltip","key":"save"},"interaction":{"idSuffix":"BDI-content"}},"wdio_ui5_key":"reusablesview.manageresources.NewResourceUnitsap.m.Button{\"propertyName\":\"tooltip\",\"key\":\"save\"}"}]}
RESULT: undefined
COMMAND: POST /session/b614b8bdf87ea745e2832f5d1487871c/element - {"using":"xpath","value":"//*[@id=\"application-manageresources-display-component---newResourceUnit--createRuButton\"]"}
RESULT: {"using":"xpath","value":"//*[@id=\"application-manageresources-display-component---newResourceUnit--createRuButton\"]"}
COMMAND: POST /session/b614b8bdf87ea745e2832f5d1487871c/element/f.E141158646C81433446781BCB2447156.d.0FA6827077DED72800634350CF7D0268.e.13146/click - {}
RESULT: {}
COMMAND: GET /session/b614b8bdf87ea745e2832f5d1487871c/screenshot - {}
RESULT: {}
COMMAND: POST /session/b614b8bdf87ea745e2832f5d1487871c/execute/async - {"script":"<script> [1562 bytes]","args":[{"selector":{"controlType":"sap.m.Title","properties":{"text":"Success"},"searchOpenDialogs":true},"wdio_ui5_key":"sapm.Title{\"text\":\"Success\"}"}]}
RESULT: {"script":"<script> [1562 bytes]","args":[{"selector":{"controlType":"sap.m.Title","properties":{"text":"Success"},"searchOpenDialogs":true},"wdio_ui5_key":"sapm.Title{\"text\":\"Success\"}"}]}
RESULT: undefined
COMMAND: POST /session/b614b8bdf87ea745e2832f5d1487871c/execute/async - {"script":"<script> [6424 bytes]","args":[{"element-6066-11e4-a52e-4f735466cecf":"f.E141158646C81433446781BCB2447156.d.0FA6827077DED72800634350CF7D0268.e.13232"},"getText",[]]}
RESULT: {"script":"<script> [6424 bytes]","args":[{"element-6066-11e4-a52e-4f735466cecf":"f.E141158646C81433446781BCB2447156.d.0FA6827077DED72800634350CF7D0268.e.13232"},"getText",[]]}
COMMAND: POST /session/b614b8bdf87ea745e2832f5d1487871c/element - {"using":"xpath","value":"//*[contains(@id, '__text') and (contains(text(), 'successfully created') or contains(., 'successfully created'))]"}
RESULT: {"using":"xpath","value":"//*[contains(@id, '__text') and (contains(text(), 'successfully created') or contains(., 'successfully created'))]"}
COMMAND: GET /session/b614b8bdf87ea745e2832f5d1487871c/element/f.E141158646C81433446781BCB2447156.d.0FA6827077DED72800634350CF7D0268.e.13231/text - {}
RESULT: {}
COMMAND: POST /session/b614b8bdf87ea745e2832f5d1487871c/execute/async - {"script":"<script> [1562 bytes]","args":[{"selector":{"controlType":"sap.m.Button","properties":{"text":"Close"},"searchOpenDialogs":true,"interaction":{"idSuffix":"BDI-content"}},"wdio_ui5_key":"sapm.Button{\"text\":\"Close\"}"}]}
RESULT: {"script":"<script> [1562 bytes]","args":[{"selector":{"controlType":"sap.m.Button","properties":{"text":"Close"},"searchOpenDialogs":true,"interaction":{"idSuffix":"BDI-content"}},"wdio_ui5_key":"sapm.Button{\"text\":\"Close\"}"}]}
RESULT: undefined
COMMAND: POST /session/b614b8bdf87ea745e2832f5d1487871c/element - {"using":"xpath","value":"//*[@id=\"__mbox-btn-0\"]"}
RESULT: {"using":"xpath","value":"//*[@id=\"__mbox-btn-0\"]"}
COMMAND: POST /session/b614b8bdf87ea745e2832f5d1487871c/element/f.E141158646C81433446781BCB2447156.d.0FA6827077DED72800634350CF7D0268.e.13229/click - {}
RESULT: {}
COMMAND: GET /session/b614b8bdf87ea745e2832f5d1487871c/screenshot - {}
RESULT: {}
COMMAND: POST /session/b614b8bdf87ea745e2832f5d1487871c/execute/async - {"script":"<script> [1562 bytes]","args":[{"selector":{"controlType":"sap.ui.core.Icon","viewName":"etm.portal.ui.manageresources.view.Detail","viewId":"application-manageresources-display-component---detailRU","properties":{"src":{"regex":{"source":"overflow"}}}},"wdio_ui5_key":"etmportal.ui.manageresources.view.Detailsap.ui.core.Icon{\"src\":{\"regex\":{\"source\":\"overflow\"}}}"}]}
RESULT: {"script":"<script> [1562 bytes]","args":[{"selector":{"controlType":"sap.ui.core.Icon","viewName":"etm.portal.ui.manageresources.view.Detail","viewId":"application-manageresources-display-component---detailRU","properties":{"src":{"regex":{"source":"overflow"}}}},"wdio_ui5_key":"etmportal.ui.manageresources.view.Detailsap.ui.core.Icon{\"src\":{\"regex\":{\"source\":\"overflow\"}}}"}]}
RESULT: undefined
COMMAND: POST /session/b614b8bdf87ea745e2832f5d1487871c/element - {"using":"xpath","value":"//*[@id=\"__title31-_actionsToolbar-overflowButton-img\"]"}
RESULT: {"using":"xpath","value":"//*[@id=\"__title31-_actionsToolbar-overflowButton-img\"]"}
COMMAND: POST /session/b614b8bdf87ea745e2832f5d1487871c/element/f.E141158646C81433446781BCB2447156.d.0FA6827077DED72800634350CF7D0268.e.13269/click - {}
RESULT: {}
COMMAND: POST /session/b614b8bdf87ea745e2832f5d1487871c/execute/async - {"script":"<script> [1562 bytes]","args":[{"selector":{"controlType":"sap.m.Button","viewName":"etm.portal.ui.manageresources.view.Detail","viewId":"application-manageresources-display-component---detailRU","i18NText":{"propertyName":"tooltip","key":"closeColumn"},"searchOpenDialogs":true,"interaction":{"idSuffix":"inner"}},"wdio_ui5_key":"etmportal.ui.manageresources.view.Detailsap.m.Button{\"propertyName\":\"tooltip\",\"key\":\"closeColumn\"}"}]}
COMMAND: GET /session/b614b8bdf87ea745e2832f5d1487871c/screenshot - {}
RESULT: {"script":"<script> [1562 bytes]","args":[{"selector":{"controlType":"sap.m.Button","viewName":"etm.portal.ui.manageresources.view.Detail","viewId":"application-manageresources-display-component---detailRU","i18NText":{"propertyName":"tooltip","key":"closeColumn"},"searchOpenDialogs":true,"interaction":{"idSuffix":"inner"}},"wdio_ui5_key":"etmportal.ui.manageresources.view.Detailsap.m.Button{\"propertyName\":\"tooltip\",\"key\":\"closeColumn\"}"}]}
RESULT: undefined
COMMAND: POST /session/b614b8bdf87ea745e2832f5d1487871c/element - {"using":"xpath","value":"//*[@id=\"__button137\"]"}
RESULT: {}
RESULT: {"using":"xpath","value":"//*[@id=\"__button137\"]"}
COMMAND: POST /session/b614b8bdf87ea745e2832f5d1487871c/element/f.E141158646C81433446781BCB2447156.d.0FA6827077DED72800634350CF7D0268.e.13271/click - {}
RESULT: {}
COMMAND: GET /session/b614b8bdf87ea745e2832f5d1487871c/screenshot - {}
RESULT: {}
COMMAND: POST /session/b614b8bdf87ea745e2832f5d1487871c/refresh - {}
RESULT: {}
COMMAND: GET /session/b614b8bdf87ea745e2832f5d1487871c/screenshot - {}
RESULT: {}
COMMAND: POST /session/b614b8bdf87ea745e2832f5d1487871c/execute/async - {"script":"<script> [189 bytes]","args":[]}
RESULT: {"script":"<script> [189 bytes]","args":[]}
COMMAND: POST /session/b614b8bdf87ea745e2832f5d1487871c/execute/async - {"script":"<script> [123 bytes]","args":[]}
RESULT: {"script":"<script> [123 bytes]","args":[]}
COMMAND: POST /session/b614b8bdf87ea745e2832f5d1487871c/timeouts - {"script":"<number>"}
RESULT: {"script":"<number>"}
COMMAND: GET /session/b614b8bdf87ea745e2832f5d1487871c/timeouts - {}
RESULT: {}
RESULT: undefined
COMMAND: POST /session/b614b8bdf87ea745e2832f5d1487871c/execute/async - {"script":"<script> [2676 bytes]","args":[]}
RESULT: {"script":"<script> [2676 bytes]","args":[]}
COMMAND: POST /session/b614b8bdf87ea745e2832f5d1487871c/execute/async - {"script":"<script> [2342 bytes]","args":[{"protocol":"http","hostname":"0.0.0.0","path":"/","capabilities":{"browserName":"chrome","goog:chromeOptions":{"binary":"C:\\Program Files\\Google\\Chrome\\Application\\chrome.exe","args":["--start-maximized"]}},"logLevel":"warn","connectionRetryTimeout":120000,"connectionRetryCount":3,"logLevels":{},"enableDirectConnect":true,"strictSSL":true,"_":"65 more keys: [\"cacheDir\",\"port\",\"requestedCapabilities\",\"automationProtocol\",\"baseUrl\",\"waitforInterval\",\"waitforTimeout\",\"onReload\",\"beforeCommand\",\"afterCommand\",\"rootDir\",\"specs\",\"suites\",\"exclude\",\"groupLogsByTestSpec\",\"excludeDriverLogs\",\"bail\",\"framework\",\"reporters\",\"services\",\"maxInstances\",\"maxInstancesPerCapability\",\"injectGlobals\",\"filesToWatch\",\"execArgv\",\"runnerEnv\",\"runner\",\"shard\",\"specFileRetries\",\"specFileRetriesDelay\",\"specFileRetriesDeferred\",\"reporterSyncInterval\",\"reporterSyncTimeout\",\"cucumberFeaturesWithLineNumbers\",\"autoCompileOpts\",\"mochaOpts\",\"jasmineOpts\",\"cucumberOpts\",\"onPrepare\",\"onWorkerStart\",\"onWorkerEnd\",\"before\",\"beforeSession\",\"beforeSuite\",\"beforeHook\",\"beforeTest\",\"afterTest\",\"afterHook\",\"afterSuite\",\"afterSession\",\"after\",\"onComplete\",\"beforeAssertion\",\"afterAssertion\",\"beforeFeature\",\"beforeScenario\",\"beforeStep\",\"afterStep\",\"afterScenario\",\"afterFeature\",\"_\",\"suite\",\"$0\",\"ignoredWorkerServices\",\"wdi5\"]"}]}
RESULT: {"script":"<script> [2342 bytes]","args":[{"protocol":"http","hostname":"0.0.0.0","path":"/","capabilities":{"browserName":"chrome","goog:chromeOptions":{"binary":"C:\\Program Files\\Google\\Chrome\\Application\\chrome.exe","args":["--start-maximized"]}},"logLevel":"warn","connectionRetryTimeout":120000,"connectionRetryCount":3,"logLevels":{},"enableDirectConnect":true,"strictSSL":true,"_":"65 more keys: [\"cacheDir\",\"port\",\"requestedCapabilities\",\"automationProtocol\",\"baseUrl\",\"waitforInterval\",\"waitforTimeout\",\"onReload\",\"beforeCommand\",\"afterCommand\",\"rootDir\",\"specs\",\"suites\",\"exclude\",\"groupLogsByTestSpec\",\"excludeDriverLogs\",\"bail\",\"framework\",\"reporters\",\"services\",\"maxInstances\",\"maxInstancesPerCapability\",\"injectGlobals\",\"filesToWatch\",\"execArgv\",\"runnerEnv\",\"runner\",\"shard\",\"specFileRetries\",\"specFileRetriesDelay\",\"specFileRetriesDeferred\",\"reporterSyncInterval\",\"reporterSyncTimeout\",\"cucumberFeaturesWithLineNumbers\",\"autoCompileOpts\",\"mochaOpts\",\"jasmineOpts\",\"cucumberOpts\",\"onPrepare\",\"onWorkerStart\",\"onWorkerEnd\",\"before\",\"beforeSession\",\"beforeSuite\",\"beforeHook\",\"beforeTest\",\"afterTest\",\"afterHook\",\"afterSuite\",\"afterSession\",\"after\",\"onComplete\",\"beforeAssertion\",\"afterAssertion\",\"beforeFeature\",\"beforeScenario\",\"beforeStep\",\"afterStep\",\"afterScenario\",\"afterFeature\",\"_\",\"suite\",\"$0\",\"ignoredWorkerServices\",\"wdi5\"]"}]}
COMMAND: POST /session/b614b8bdf87ea745e2832f5d1487871c/execute/async - {"script":"<script> [21126 bytes]","args":[35000]}
RESULT: {"script":"<script> [21126 bytes]","args":[35000]}
COMMAND: POST /session/b614b8bdf87ea745e2832f5d1487871c/element - {"using":"css selector","value":"#shell-header-logo"}
RESULT: {"using":"css selector","value":"#shell-header-logo"}
COMMAND: POST /session/b614b8bdf87ea745e2832f5d1487871c/element/f.E141158646C81433446781BCB2447156.d.6CA96A26A23E01BB0C91C13A003AD144.e.13372/click - {}
RESULT: {}
COMMAND: GET /session/b614b8bdf87ea745e2832f5d1487871c/screenshot - {}
RESULT: {}
COMMAND: POST /session/b614b8bdf87ea745e2832f5d1487871c/execute/async - {"script":"<script> [1562 bytes]","args":[{"selector":{"controlType":"sap.m.GenericTile","properties":{"header":"Manage Handovers"}},"wdio_ui5_key":"sapm.GenericTile{\"header\":\"Manage Handovers\"}"}]}
RESULT: {"script":"<script> [1562 bytes]","args":[{"selector":{"controlType":"sap.m.GenericTile","properties":{"header":"Manage Handovers"}},"wdio_ui5_key":"sapm.GenericTile{\"header\":\"Manage Handovers\"}"}]}
RESULT: undefined
COMMAND: POST /session/b614b8bdf87ea745e2832f5d1487871c/element - {"using":"xpath","value":"//*[@id=\"__tile132\"]"}
RESULT: {"using":"xpath","value":"//*[@id=\"__tile132\"]"}
COMMAND: POST /session/b614b8bdf87ea745e2832f5d1487871c/element/f.E141158646C81433446781BCB2447156.d.6CA96A26A23E01BB0C91C13A003AD144.e.13559/click - {}
RESULT: {}
COMMAND: GET /session/b614b8bdf87ea745e2832f5d1487871c/screenshot - {}
RESULT: {}
COMMAND: POST /session/b614b8bdf87ea745e2832f5d1487871c/elements - {"using":"xpath","value":"//span[text()='Error']"}
RESULT: {"using":"xpath","value":"//span[text()='Error']"}
COMMAND: POST /session/b614b8bdf87ea745e2832f5d1487871c/element - {"using":"xpath","value":"//button[@data-kt=\"masterHOAddButton\"]"}
RESULT: {"using":"xpath","value":"//button[@data-kt=\"masterHOAddButton\"]"}
COMMAND: POST /session/b614b8bdf87ea745e2832f5d1487871c/execute/sync - {"script":"<script> [8489 bytes]","args":[{"element-6066-11e4-a52e-4f735466cecf":"f.E141158646C81433446781BCB2447156.d.6CA96A26A23E01BB0C91C13A003AD144.e.13601","ELEMENT":"f.E141158646C81433446781BCB2447156.d.6CA96A26A23E01BB0C91C13A003AD144.e.13601"}]}
RESULT: {"script":"<script> [8489 bytes]","args":[{"element-6066-11e4-a52e-4f735466cecf":"f.E141158646C81433446781BCB2447156.d.6CA96A26A23E01BB0C91C13A003AD144.e.13601","ELEMENT":"f.E141158646C81433446781BCB2447156.d.6CA96A26A23E01BB0C91C13A003AD144.e.13601"}]}
COMMAND: POST /session/b614b8bdf87ea745e2832f5d1487871c/element/f.E141158646C81433446781BCB2447156.d.6CA96A26A23E01BB0C91C13A003AD144.e.13601/click - {}
COMMAND: GET /session/b614b8bdf87ea745e2832f5d1487871c/screenshot - {}
RESULT: {}
COMMAND: GET /session/b614b8bdf87ea745e2832f5d1487871c/screenshot - {}
RESULT: {}
RESULT: {}
COMMAND: POST /session/b614b8bdf87ea745e2832f5d1487871c/element - {"using":"xpath","value":"//span[contains(@id ,\"AddNewHO--typeSelect-arrow\")]"}
RESULT: {"using":"xpath","value":"//span[contains(@id ,\"AddNewHO--typeSelect-arrow\")]"}
COMMAND: POST /session/b614b8bdf87ea745e2832f5d1487871c/element/f.E141158646C81433446781BCB2447156.d.6CA96A26A23E01BB0C91C13A003AD144.e.13892/click - {}
RESULT: {}
COMMAND: GET /session/b614b8bdf87ea745e2832f5d1487871c/screenshot - {}
COMMAND: POST /session/b614b8bdf87ea745e2832f5d1487871c/element - {"using":"xpath","value":"(//li[contains(text(), \"stock increase yard\")])[1]"}
RESULT: {}
RESULT: {"using":"xpath","value":"(//li[contains(text(), \"stock increase yard\")])[1]"}
COMMAND: POST /session/b614b8bdf87ea745e2832f5d1487871c/element/f.E141158646C81433446781BCB2447156.d.6CA96A26A23E01BB0C91C13A003AD144.e.13893/click - {}
RESULT: {}
COMMAND: GET /session/b614b8bdf87ea745e2832f5d1487871c/screenshot - {}
RESULT: {}
COMMAND: POST /session/b614b8bdf87ea745e2832f5d1487871c/execute/async - {"script":"<script> [1562 bytes]","args":[{"selector":{"id":"application-managehandovers-display-component---AddNewHO--dueDate","interaction":{"idSuffix":"inner"}},"wdio_ui5_key":"applicationmanagehandovers-display-component---AddNewHO--dueDate"}]}
RESULT: {"script":"<script> [1562 bytes]","args":[{"selector":{"id":"application-managehandovers-display-component---AddNewHO--dueDate","interaction":{"idSuffix":"inner"}},"wdio_ui5_key":"applicationmanagehandovers-display-component---AddNewHO--dueDate"}]}
RESULT: undefined
COMMAND: POST /session/b614b8bdf87ea745e2832f5d1487871c/execute/async - {"script":"<script> [6424 bytes]","args":[{"element-6066-11e4-a52e-4f735466cecf":"f.E141158646C81433446781BCB2447156.d.6CA96A26A23E01BB0C91C13A003AD144.e.13895"},"setValue",["5/14/25"]]}
RESULT: {"script":"<script> [6424 bytes]","args":[{"element-6066-11e4-a52e-4f735466cecf":"f.E141158646C81433446781BCB2447156.d.6CA96A26A23E01BB0C91C13A003AD144.e.13895"},"setValue",["5/14/25"]]}
COMMAND: POST /session/b614b8bdf87ea745e2832f5d1487871c/element - {"using":"xpath","value":"//input[@id=\"generalSectionFrg--receiveYard-inner\"]"}
RESULT: {"using":"xpath","value":"//input[@id=\"generalSectionFrg--receiveYard-inner\"]"}
COMMAND: POST /session/b614b8bdf87ea745e2832f5d1487871c/element/f.E141158646C81433446781BCB2447156.d.6CA96A26A23E01BB0C91C13A003AD144.e.13899/clear - {}
RESULT: {}
COMMAND: POST /session/b614b8bdf87ea745e2832f5d1487871c/element/f.E141158646C81433446781BCB2447156.d.6CA96A26A23E01BB0C91C13A003AD144.e.13899/value - {"text":"WebdriverYard6byg0f"}
COMMAND: GET /session/b614b8bdf87ea745e2832f5d1487871c/screenshot - {}
RESULT: {"text":"WebdriverYard6byg0f"}
COMMAND: GET /session/b614b8bdf87ea745e2832f5d1487871c/screenshot - {}
RESULT: {}
RESULT: {}
COMMAND: POST /session/b614b8bdf87ea745e2832f5d1487871c/execute/async - {"script":"<script> [1562 bytes]","args":[{"selector":{"id":"application-managehandovers-display-component---AddNewHO--ObjectPageLayout-anchBar-application-managehandovers-display-component---AddNewHO--section4-anchor","interaction":{"idSuffix":"BDI-content"}},"wdio_ui5_key":"applicationmanagehandovers-display-component---AddNewHO--ObjectPageLayout-anchBar-application-managehandovers-display-component---AddNewHO--section4-anchor"}]}
RESULT: {"script":"<script> [1562 bytes]","args":[{"selector":{"id":"application-managehandovers-display-component---AddNewHO--ObjectPageLayout-anchBar-application-managehandovers-display-component---AddNewHO--section4-anchor","interaction":{"idSuffix":"BDI-content"}},"wdio_ui5_key":"applicationmanagehandovers-display-component---AddNewHO--ObjectPageLayout-anchBar-application-managehandovers-display-component---AddNewHO--section4-anchor"}]}
RESULT: undefined
COMMAND: POST /session/b614b8bdf87ea745e2832f5d1487871c/element - {"using":"xpath","value":"//*[@id=\"application-managehandovers-display-component---AddNewHO--ObjectPageLayout-anchBar-application-managehandovers-display-component---AddNewHO--section4-anchor\"]"}
RESULT: {"using":"xpath","value":"//*[@id=\"application-managehandovers-display-component---AddNewHO--ObjectPageLayout-anchBar-application-managehandovers-display-component---AddNewHO--section4-anchor\"]"}
COMMAND: POST /session/b614b8bdf87ea745e2832f5d1487871c/element/f.E141158646C81433446781BCB2447156.d.6CA96A26A23E01BB0C91C13A003AD144.e.13921/click - {}
RESULT: {}
COMMAND: GET /session/b614b8bdf87ea745e2832f5d1487871c/screenshot - {}
RESULT: {}
COMMAND: POST /session/b614b8bdf87ea745e2832f5d1487871c/element - {"using":"xpath","value":"//button[@aria-label=\"Add\"]"}
RESULT: {"using":"xpath","value":"//button[@aria-label=\"Add\"]"}
COMMAND: POST /session/b614b8bdf87ea745e2832f5d1487871c/element/f.E141158646C81433446781BCB2447156.d.6CA96A26A23E01BB0C91C13A003AD144.e.13925/click - {}
RESULT: {}
COMMAND: GET /session/b614b8bdf87ea745e2832f5d1487871c/screenshot - {}
RESULT: {}
COMMAND: POST /session/b614b8bdf87ea745e2832f5d1487871c/execute/async - {"script":"<script> [1562 bytes]","args":[{"selector":{"id":"application-managehandovers-display-component---AddNewHO--smartFilterBar-btnBasicSearch","searchOpenDialogs":true,"interaction":{"idSuffix":"I"}},"wdio_ui5_key":"applicationmanagehandovers-display-component---AddNewHO--smartFilterBar-btnBasicSearch"}]}
RESULT: {"script":"<script> [1562 bytes]","args":[{"selector":{"id":"application-managehandovers-display-component---AddNewHO--smartFilterBar-btnBasicSearch","searchOpenDialogs":true,"interaction":{"idSuffix":"I"}},"wdio_ui5_key":"applicationmanagehandovers-display-component---AddNewHO--smartFilterBar-btnBasicSearch"}]}
RESULT: undefined
COMMAND: POST /session/b614b8bdf87ea745e2832f5d1487871c/execute/async - {"script":"<script> [776 bytes]","args":[{"enterText":"WebdriverRUR2Cdjytp","selector":{"id":"application-managehandovers-display-component---AddNewHO--smartFilterBar-btnBasicSearch","searchOpenDialogs":true,"interaction":{"idSuffix":"I"}},"clearTextFirst":true,"interactionType":"ENTER_TEXT"}]}
RESULT: {"script":"<script> [776 bytes]","args":[{"enterText":"WebdriverRUR2Cdjytp","selector":{"id":"application-managehandovers-display-component---AddNewHO--smartFilterBar-btnBasicSearch","searchOpenDialogs":true,"interaction":{"idSuffix":"I"}},"clearTextFirst":true,"interactionType":"ENTER_TEXT"}]}
COMMAND: POST /session/b614b8bdf87ea745e2832f5d1487871c/actions - {"actions":[{"id":"action71","type":"key","parameters":{},"actions":[{"type":"keyDown","value":"î€‡"},{"type":"pause","duration":10},{"type":"keyUp","value":"î€‡"}]}]}
RESULT: {"actions":[{"id":"action71","type":"key","parameters":{},"actions":[{"type":"keyDown","value":"î€‡"},{"type":"pause","duration":10},{"type":"keyUp","value":"î€‡"}]}]}
COMMAND: POST /session/b614b8bdf87ea745e2832f5d1487871c/execute/async - {"script":"<script> [1562 bytes]","args":[{"selector":{"id":"application-managehandovers-display-component---AddNewHO--popup-sa","searchOpenDialogs":true,"interaction":{"idSuffix":"CbBg"}},"wdio_ui5_key":"applicationmanagehandovers-display-component---AddNewHO--popup-sa"}]}
COMMAND: GET /session/b614b8bdf87ea745e2832f5d1487871c/screenshot - {}
RESULT: {"script":"<script> [1562 bytes]","args":[{"selector":{"id":"application-managehandovers-display-component---AddNewHO--popup-sa","searchOpenDialogs":true,"interaction":{"idSuffix":"CbBg"}},"wdio_ui5_key":"applicationmanagehandovers-display-component---AddNewHO--popup-sa"}]}
RESULT: undefined
COMMAND: POST /session/b614b8bdf87ea745e2832f5d1487871c/element - {"using":"xpath","value":"//*[@id=\"application-managehandovers-display-component---AddNewHO--popup-sa\"]"}
RESULT: {}
RESULT: {"using":"xpath","value":"//*[@id=\"application-managehandovers-display-component---AddNewHO--popup-sa\"]"}
COMMAND: POST /session/b614b8bdf87ea745e2832f5d1487871c/element/f.E141158646C81433446781BCB2447156.d.6CA96A26A23E01BB0C91C13A003AD144.e.14020/click - {}
RESULT: {}
COMMAND: GET /session/b614b8bdf87ea745e2832f5d1487871c/screenshot - {}
RESULT: {}
COMMAND: POST /session/b614b8bdf87ea745e2832f5d1487871c/element - {"using":"xpath","value":"//bdi[contains(text(), \"Select\")]"}
RESULT: {"using":"xpath","value":"//bdi[contains(text(), \"Select\")]"}
COMMAND: POST /session/b614b8bdf87ea745e2832f5d1487871c/element/f.E141158646C81433446781BCB2447156.d.6CA96A26A23E01BB0C91C13A003AD144.e.14021/click - {}
RESULT: {}
COMMAND: GET /session/b614b8bdf87ea745e2832f5d1487871c/screenshot - {}
RESULT: {}
COMMAND: POST /session/b614b8bdf87ea745e2832f5d1487871c/execute/async - {"script":"<script> [1562 bytes]","args":[{"selector":{"controlType":"sap.m.Input","viewName":"etm.portal.ui.managehandovers.view.AddNewHO","viewId":"application-managehandovers-display-component---AddNewHO","bindingPath":{"path":"/items/0","propertyPath":"TYPE","modelName":"hoItemsModel"},"interaction":{"idSuffix":"inner"}},"wdio_ui5_key":"etmportal.ui.managehandovers.view.AddNewHOsap.m.Input{\"path\":\"/items/0\",\"propertyPath\":\"TYPE\",\"modelName\":\"hoItemsModel\"}"}]}
RESULT: {"script":"<script> [1562 bytes]","args":[{"selector":{"controlType":"sap.m.Input","viewName":"etm.portal.ui.managehandovers.view.AddNewHO","viewId":"application-managehandovers-display-component---AddNewHO","bindingPath":{"path":"/items/0","propertyPath":"TYPE","modelName":"hoItemsModel"},"interaction":{"idSuffix":"inner"}},"wdio_ui5_key":"etmportal.ui.managehandovers.view.AddNewHOsap.m.Input{\"path\":\"/items/0\",\"propertyPath\":\"TYPE\",\"modelName\":\"hoItemsModel\"}"}]}
RESULT: undefined
COMMAND: POST /session/b614b8bdf87ea745e2832f5d1487871c/execute/async - {"script":"<script> [776 bytes]","args":[{"enterText":"100","selector":{"controlType":"sap.m.Input","viewName":"etm.portal.ui.managehandovers.view.AddNewHO","viewId":"application-managehandovers-display-component---AddNewHO","bindingPath":{"path":"/items/0","propertyPath":"TYPE","modelName":"hoItemsModel"},"interaction":{"idSuffix":"inner"}},"clearTextFirst":true,"interactionType":"ENTER_TEXT"}]}
RESULT: {"script":"<script> [776 bytes]","args":[{"enterText":"100","selector":{"controlType":"sap.m.Input","viewName":"etm.portal.ui.managehandovers.view.AddNewHO","viewId":"application-managehandovers-display-component---AddNewHO","bindingPath":{"path":"/items/0","propertyPath":"TYPE","modelName":"hoItemsModel"},"interaction":{"idSuffix":"inner"}},"clearTextFirst":true,"interactionType":"ENTER_TEXT"}]}
COMMAND: POST /session/b614b8bdf87ea745e2832f5d1487871c/element - {"using":"xpath","value":"//button[@data-kt=\"AddNewHOSaveButton\"]"}
RESULT: {"using":"xpath","value":"//button[@data-kt=\"AddNewHOSaveButton\"]"}
COMMAND: POST /session/b614b8bdf87ea745e2832f5d1487871c/element/f.E141158646C81433446781BCB2447156.d.6CA96A26A23E01BB0C91C13A003AD144.e.14026/click - {}
RESULT: {}
COMMAND: GET /session/b614b8bdf87ea745e2832f5d1487871c/screenshot - {}
RESULT: {}
COMMAND: POST /session/b614b8bdf87ea745e2832f5d1487871c/execute/async - {"script":"<script> [1562 bytes]","args":[{"selector":{"id":"receiptDatePicker","viewName":"etm.portal.ui.managehandovers.view.DetailExecuteHO","interaction":{"idSuffix":"inner"}},"wdio_ui5_key":"receiptDatePickeretmportal.ui.managehandovers.view.DetailExecuteHO"}]}
RESULT: {"script":"<script> [1562 bytes]","args":[{"selector":{"id":"receiptDatePicker","viewName":"etm.portal.ui.managehandovers.view.DetailExecuteHO","interaction":{"idSuffix":"inner"}},"wdio_ui5_key":"receiptDatePickeretmportal.ui.managehandovers.view.DetailExecuteHO"}]}
RESULT: undefined
COMMAND: POST /session/b614b8bdf87ea745e2832f5d1487871c/execute/async - {"script":"<script> [6424 bytes]","args":[{"element-6066-11e4-a52e-4f735466cecf":"f.E141158646C81433446781BCB2447156.d.6CA96A26A23E01BB0C91C13A003AD144.e.14044"},"setValue",["5/14/25"]]}
RESULT: {"script":"<script> [6424 bytes]","args":[{"element-6066-11e4-a52e-4f735466cecf":"f.E141158646C81433446781BCB2447156.d.6CA96A26A23E01BB0C91C13A003AD144.e.14044"},"setValue",["5/14/25"]]}
COMMAND: POST /session/b614b8bdf87ea745e2832f5d1487871c/element - {"using":"xpath","value":"//button[@data-kt=\"PickingTableConfirmAllButton\"]"}
RESULT: {"using":"xpath","value":"//button[@data-kt=\"PickingTableConfirmAllButton\"]"}
COMMAND: POST /session/b614b8bdf87ea745e2832f5d1487871c/element/f.E141158646C81433446781BCB2447156.d.6CA96A26A23E01BB0C91C13A003AD144.e.14059/click - {}
RESULT: {}
COMMAND: GET /session/b614b8bdf87ea745e2832f5d1487871c/screenshot - {}
RESULT: {}
COMMAND: POST /session/b614b8bdf87ea745e2832f5d1487871c/element - {"using":"xpath","value":"//bdi[contains(text(), \"OK\")]"}
RESULT: {"using":"xpath","value":"//bdi[contains(text(), \"OK\")]"}
COMMAND: POST /session/b614b8bdf87ea745e2832f5d1487871c/element/f.E141158646C81433446781BCB2447156.d.6CA96A26A23E01BB0C91C13A003AD144.e.14061/click - {}
RESULT: {}
COMMAND: GET /session/b614b8bdf87ea745e2832f5d1487871c/screenshot - {}
RESULT: {}
COMMAND: POST /session/b614b8bdf87ea745e2832f5d1487871c/element - {"using":"xpath","value":"(//bdi[contains(text(), \"Receive\")])[2]"}
RESULT: {"using":"xpath","value":"(//bdi[contains(text(), \"Receive\")])[2]"}
COMMAND: POST /session/b614b8bdf87ea745e2832f5d1487871c/element/f.E141158646C81433446781BCB2447156.d.6CA96A26A23E01BB0C91C13A003AD144.e.14063/click - {}
RESULT: {}
COMMAND: GET /session/b614b8bdf87ea745e2832f5d1487871c/screenshot - {}
RESULT: {}
COMMAND: POST /session/b614b8bdf87ea745e2832f5d1487871c/element - {"using":"css selector","value":"#shell-header-logo"}
RESULT: {"using":"css selector","value":"#shell-header-logo"}
COMMAND: POST /session/b614b8bdf87ea745e2832f5d1487871c/element/f.E141158646C81433446781BCB2447156.d.6CA96A26A23E01BB0C91C13A003AD144.e.13562/click - {}
RESULT: {}
]]></system-out>
    </testcase>
    <testcase classname="chrome.136_0_7103_49.windows.E2E_-_Logistical_and_commercial_statuses" name="Should add a pricing rule and a condition to the RU" time="116.593">
      <system-out><![CDATA[
COMMAND: POST /session/b614b8bdf87ea745e2832f5d1487871c/execute/async - {"script":"<script> [1562 bytes]","args":[{"selector":{"controlType":"sap.m.GenericTile","properties":{"header":"Manage Pricing Rules"}},"wdio_ui5_key":"sapm.GenericTile{\"header\":\"Manage Pricing Rules\"}"}]}
COMMAND: GET /session/b614b8bdf87ea745e2832f5d1487871c/screenshot - {}
RESULT: {"script":"<script> [1562 bytes]","args":[{"selector":{"controlType":"sap.m.GenericTile","properties":{"header":"Manage Pricing Rules"}},"wdio_ui5_key":"sapm.GenericTile{\"header\":\"Manage Pricing Rules\"}"}]}
RESULT: undefined
COMMAND: POST /session/b614b8bdf87ea745e2832f5d1487871c/element - {"using":"xpath","value":"//*[@id=\"__tile55\"]"}
RESULT: {}
RESULT: {"using":"xpath","value":"//*[@id=\"__tile55\"]"}
COMMAND: POST /session/b614b8bdf87ea745e2832f5d1487871c/element/f.E141158646C81433446781BCB2447156.d.6CA96A26A23E01BB0C91C13A003AD144.e.14205/click - {}
RESULT: {}
COMMAND: GET /session/b614b8bdf87ea745e2832f5d1487871c/screenshot - {}
RESULT: {}
COMMAND: POST /session/b614b8bdf87ea745e2832f5d1487871c/elements - {"using":"xpath","value":"//span[text()='Error']"}
RESULT: {"using":"xpath","value":"//span[text()='Error']"}
COMMAND: POST /session/b614b8bdf87ea745e2832f5d1487871c/execute/async - {"script":"<script> [1562 bytes]","args":[{"selector":{"controlType":"sap.ui.core.Icon","viewName":"etm.portal.ui.managepricingrules.view.MasterHeader","viewId":"application-managepricingrules-display-component---priceInfoHeader","properties":{"src":{"regex":{"source":"activity\\-items"}}}},"wdio_ui5_key":"etmportal.ui.managepricingrules.view.MasterHeadersap.ui.core.Icon{\"src\":{\"regex\":{\"source\":\"activity\\\\-items\"}}}"}]}
RESULT: {"script":"<script> [1562 bytes]","args":[{"selector":{"controlType":"sap.ui.core.Icon","viewName":"etm.portal.ui.managepricingrules.view.MasterHeader","viewId":"application-managepricingrules-display-component---priceInfoHeader","properties":{"src":{"regex":{"source":"activity\\-items"}}}},"wdio_ui5_key":"etmportal.ui.managepricingrules.view.MasterHeadersap.ui.core.Icon{\"src\":{\"regex\":{\"source\":\"activity\\\\-items\"}}}"}]}
RESULT: undefined
COMMAND: POST /session/b614b8bdf87ea745e2832f5d1487871c/element - {"using":"xpath","value":"//*[@id=\"__filter22-icon\"]"}
RESULT: {"using":"xpath","value":"//*[@id=\"__filter22-icon\"]"}
COMMAND: POST /session/b614b8bdf87ea745e2832f5d1487871c/element/f.E141158646C81433446781BCB2447156.d.6CA96A26A23E01BB0C91C13A003AD144.e.14255/click - {}
RESULT: {}
COMMAND: GET /session/b614b8bdf87ea745e2832f5d1487871c/screenshot - {}
RESULT: {}
COMMAND: POST /session/b614b8bdf87ea745e2832f5d1487871c/execute/async - {"script":"<script> [1562 bytes]","args":[{"selector":{"controlType":"sap.ui.core.Icon","viewName":"etm.portal.ui.managepricingrules.view.MasterItem","viewId":"application-managepricingrules-display-component---priceInfoItem","properties":{"src":{"regex":{"source":"add"}}}},"wdio_ui5_key":"etmportal.ui.managepricingrules.view.MasterItemsap.ui.core.Icon{\"src\":{\"regex\":{\"source\":\"add\"}}}"}]}
RESULT: {"script":"<script> [1562 bytes]","args":[{"selector":{"controlType":"sap.ui.core.Icon","viewName":"etm.portal.ui.managepricingrules.view.MasterItem","viewId":"application-managepricingrules-display-component---priceInfoItem","properties":{"src":{"regex":{"source":"add"}}}},"wdio_ui5_key":"etmportal.ui.managepricingrules.view.MasterItemsap.ui.core.Icon{\"src\":{\"regex\":{\"source\":\"add\"}}}"}]}
RESULT: undefined
COMMAND: POST /session/b614b8bdf87ea745e2832f5d1487871c/element - {"using":"xpath","value":"//*[@id=\"__button73-img\"]"}
RESULT: {"using":"xpath","value":"//*[@id=\"__button73-img\"]"}
COMMAND: POST /session/b614b8bdf87ea745e2832f5d1487871c/element/f.E141158646C81433446781BCB2447156.d.6CA96A26A23E01BB0C91C13A003AD144.e.14303/click - {}
RESULT: {}
COMMAND: GET /session/b614b8bdf87ea745e2832f5d1487871c/screenshot - {}
RESULT: {}
COMMAND: POST /session/b614b8bdf87ea745e2832f5d1487871c/element - {"using":"xpath","value":"//input[@id=\"application-managepricingrules-display-component---newInfoPriceItem--condRU-inner\"]"}
RESULT: {"using":"xpath","value":"//input[@id=\"application-managepricingrules-display-component---newInfoPriceItem--condRU-inner\"]"}
COMMAND: POST /session/b614b8bdf87ea745e2832f5d1487871c/element/f.E141158646C81433446781BCB2447156.d.6CA96A26A23E01BB0C91C13A003AD144.e.14516/clear - {}
RESULT: {}
COMMAND: POST /session/b614b8bdf87ea745e2832f5d1487871c/element/f.E141158646C81433446781BCB2447156.d.6CA96A26A23E01BB0C91C13A003AD144.e.14516/value - {"text":"WebdriverRUR2Cdjytp"}
COMMAND: GET /session/b614b8bdf87ea745e2832f5d1487871c/screenshot - {}
RESULT: {"text":"WebdriverRUR2Cdjytp"}
COMMAND: POST /session/b614b8bdf87ea745e2832f5d1487871c/execute/async - {"script":"<script> [1562 bytes]","args":[{"selector":{"id":"application-managepricingrules-display-component---newInfoPriceItem--condValidTo","interaction":{"idSuffix":"inner"}},"wdio_ui5_key":"applicationmanagepricingrules-display-component---newInfoPriceItem--condValidTo"}]}
COMMAND: GET /session/b614b8bdf87ea745e2832f5d1487871c/screenshot - {}
RESULT: {}
RESULT: {"script":"<script> [1562 bytes]","args":[{"selector":{"id":"application-managepricingrules-display-component---newInfoPriceItem--condValidTo","interaction":{"idSuffix":"inner"}},"wdio_ui5_key":"applicationmanagepricingrules-display-component---newInfoPriceItem--condValidTo"}]}
RESULT: undefined
COMMAND: POST /session/b614b8bdf87ea745e2832f5d1487871c/execute/async - {"script":"<script> [776 bytes]","args":[{"enterText":"5/18/33","selector":{"id":"application-managepricingrules-display-component---newInfoPriceItem--condValidTo","interaction":{"idSuffix":"inner"}},"clearTextFirst":true,"interactionType":"ENTER_TEXT"}]}
RESULT: {}
RESULT: {"script":"<script> [776 bytes]","args":[{"enterText":"5/18/33","selector":{"id":"application-managepricingrules-display-component---newInfoPriceItem--condValidTo","interaction":{"idSuffix":"inner"}},"clearTextFirst":true,"interactionType":"ENTER_TEXT"}]}
COMMAND: POST /session/b614b8bdf87ea745e2832f5d1487871c/execute/async - {"script":"<script> [1562 bytes]","args":[{"selector":{"id":"application-managepricingrules-display-component---newInfoPriceItem--billType-arrow"},"wdio_ui5_key":"applicationmanagepricingrules-display-component---newInfoPriceItem--billType-arrow"}]}
RESULT: {"script":"<script> [1562 bytes]","args":[{"selector":{"id":"application-managepricingrules-display-component---newInfoPriceItem--billType-arrow"},"wdio_ui5_key":"applicationmanagepricingrules-display-component---newInfoPriceItem--billType-arrow"}]}
RESULT: undefined
COMMAND: POST /session/b614b8bdf87ea745e2832f5d1487871c/element - {"using":"xpath","value":"//*[@id=\"application-managepricingrules-display-component---newInfoPriceItem--billType-arrow\"]"}
RESULT: {"using":"xpath","value":"//*[@id=\"application-managepricingrules-display-component---newInfoPriceItem--billType-arrow\"]"}
COMMAND: POST /session/b614b8bdf87ea745e2832f5d1487871c/element/f.E141158646C81433446781BCB2447156.d.6CA96A26A23E01BB0C91C13A003AD144.e.14613/click - {}
RESULT: {}
COMMAND: POST /session/b614b8bdf87ea745e2832f5d1487871c/element - {"using":"xpath","value":"//span[contains(text(), \"TB - Time based\")]"}
COMMAND: GET /session/b614b8bdf87ea745e2832f5d1487871c/screenshot - {}
RESULT: {"using":"xpath","value":"//span[contains(text(), \"TB - Time based\")]"}
COMMAND: POST /session/b614b8bdf87ea745e2832f5d1487871c/element/f.E141158646C81433446781BCB2447156.d.6CA96A26A23E01BB0C91C13A003AD144.e.14654/click - {}
RESULT: {}
RESULT: {}
COMMAND: POST /session/b614b8bdf87ea745e2832f5d1487871c/execute/async - {"script":"<script> [1562 bytes]","args":[{"selector":{"id":"application-managepricingrules-display-component---newInfoPriceItem--priceProc-arrow"},"wdio_ui5_key":"applicationmanagepricingrules-display-component---newInfoPriceItem--priceProc-arrow"}]}
COMMAND: GET /session/b614b8bdf87ea745e2832f5d1487871c/screenshot - {}
RESULT: {"script":"<script> [1562 bytes]","args":[{"selector":{"id":"application-managepricingrules-display-component---newInfoPriceItem--priceProc-arrow"},"wdio_ui5_key":"applicationmanagepricingrules-display-component---newInfoPriceItem--priceProc-arrow"}]}
RESULT: undefined
COMMAND: POST /session/b614b8bdf87ea745e2832f5d1487871c/element - {"using":"xpath","value":"//*[@id=\"application-managepricingrules-display-component---newInfoPriceItem--priceProc-arrow\"]"}
RESULT: {}
RESULT: {"using":"xpath","value":"//*[@id=\"application-managepricingrules-display-component---newInfoPriceItem--priceProc-arrow\"]"}
COMMAND: POST /session/b614b8bdf87ea745e2832f5d1487871c/element/f.E141158646C81433446781BCB2447156.d.6CA96A26A23E01BB0C91C13A003AD144.e.14620/click - {}
RESULT: {}
COMMAND: POST /session/b614b8bdf87ea745e2832f5d1487871c/element - {"using":"xpath","value":"//span[contains(text(), \"TBS - Time based standard\")]"}
COMMAND: GET /session/b614b8bdf87ea745e2832f5d1487871c/screenshot - {}
RESULT: {"using":"xpath","value":"//span[contains(text(), \"TBS - Time based standard\")]"}
COMMAND: POST /session/b614b8bdf87ea745e2832f5d1487871c/element/f.E141158646C81433446781BCB2447156.d.6CA96A26A23E01BB0C91C13A003AD144.e.14655/click - {}
RESULT: {}
RESULT: {}
COMMAND: POST /session/b614b8bdf87ea745e2832f5d1487871c/execute/async - {"script":"<script> [1562 bytes]","args":[{"selector":{"id":"application-managepricingrules-display-component---newInfoPriceItem--calcBase-arrow"},"wdio_ui5_key":"applicationmanagepricingrules-display-component---newInfoPriceItem--calcBase-arrow"}]}
COMMAND: GET /session/b614b8bdf87ea745e2832f5d1487871c/screenshot - {}
RESULT: {"script":"<script> [1562 bytes]","args":[{"selector":{"id":"application-managepricingrules-display-component---newInfoPriceItem--calcBase-arrow"},"wdio_ui5_key":"applicationmanagepricingrules-display-component---newInfoPriceItem--calcBase-arrow"}]}
RESULT: undefined
COMMAND: POST /session/b614b8bdf87ea745e2832f5d1487871c/element - {"using":"xpath","value":"//*[@id=\"application-managepricingrules-display-component---newInfoPriceItem--calcBase-arrow\"]"}
RESULT: {}
RESULT: {"using":"xpath","value":"//*[@id=\"application-managepricingrules-display-component---newInfoPriceItem--calcBase-arrow\"]"}
COMMAND: POST /session/b614b8bdf87ea745e2832f5d1487871c/element/f.E141158646C81433446781BCB2447156.d.6CA96A26A23E01BB0C91C13A003AD144.e.14627/click - {}
RESULT: {}
COMMAND: GET /session/b614b8bdf87ea745e2832f5d1487871c/screenshot - {}
RESULT: {}
COMMAND: POST /session/b614b8bdf87ea745e2832f5d1487871c/element - {"using":"xpath","value":"//span[contains(text(), \"0006 - TB(calendar days)\")]"}
RESULT: {"using":"xpath","value":"//span[contains(text(), \"0006 - TB(calendar days)\")]"}
COMMAND: POST /session/b614b8bdf87ea745e2832f5d1487871c/element/f.E141158646C81433446781BCB2447156.d.6CA96A26A23E01BB0C91C13A003AD144.e.14656/click - {}
RESULT: {}
COMMAND: POST /session/b614b8bdf87ea745e2832f5d1487871c/execute/async - {"script":"<script> [1562 bytes]","args":[{"selector":{"id":"application-managepricingrules-display-component---newInfoPriceItem--daysMonth","interaction":{"idSuffix":"inner"}},"wdio_ui5_key":"applicationmanagepricingrules-display-component---newInfoPriceItem--daysMonth"}]}
COMMAND: GET /session/b614b8bdf87ea745e2832f5d1487871c/screenshot - {}
RESULT: {"script":"<script> [1562 bytes]","args":[{"selector":{"id":"application-managepricingrules-display-component---newInfoPriceItem--daysMonth","interaction":{"idSuffix":"inner"}},"wdio_ui5_key":"applicationmanagepricingrules-display-component---newInfoPriceItem--daysMonth"}]}
RESULT: undefined
COMMAND: POST /session/b614b8bdf87ea745e2832f5d1487871c/execute/async - {"script":"<script> [776 bytes]","args":[{"enterText":"30","selector":{"id":"application-managepricingrules-display-component---newInfoPriceItem--daysMonth","interaction":{"idSuffix":"inner"}},"clearTextFirst":true,"interactionType":"ENTER_TEXT"}]}
RESULT: {}
RESULT: {"script":"<script> [776 bytes]","args":[{"enterText":"30","selector":{"id":"application-managepricingrules-display-component---newInfoPriceItem--daysMonth","interaction":{"idSuffix":"inner"}},"clearTextFirst":true,"interactionType":"ENTER_TEXT"}]}
COMMAND: POST /session/b614b8bdf87ea745e2832f5d1487871c/element - {"using":"xpath","value":"//button[@data-kt=\"saveNewRuleButton\"]"}
RESULT: {"using":"xpath","value":"//button[@data-kt=\"saveNewRuleButton\"]"}
COMMAND: POST /session/b614b8bdf87ea745e2832f5d1487871c/element/f.E141158646C81433446781BCB2447156.d.6CA96A26A23E01BB0C91C13A003AD144.e.14647/click - {}
RESULT: {}
COMMAND: GET /session/b614b8bdf87ea745e2832f5d1487871c/screenshot - {}
RESULT: {}
COMMAND: POST /session/b614b8bdf87ea745e2832f5d1487871c/element - {"using":"css selector","value":"#shell-header-logo"}
RESULT: {"using":"css selector","value":"#shell-header-logo"}
COMMAND: POST /session/b614b8bdf87ea745e2832f5d1487871c/element/f.E141158646C81433446781BCB2447156.d.6CA96A26A23E01BB0C91C13A003AD144.e.14208/click - {}
RESULT: {}
COMMAND: GET /session/b614b8bdf87ea745e2832f5d1487871c/screenshot - {}
RESULT: {}
COMMAND: POST /session/b614b8bdf87ea745e2832f5d1487871c/execute/async - {"script":"<script> [1562 bytes]","args":[{"selector":{"controlType":"sap.m.Text","properties":{"text":"Manage Conditions & Prices"},"interaction":{"idSuffix":"inner"}},"wdio_ui5_key":"sapm.Text{\"text\":\"Manage Conditions & Prices\"}"}]}
RESULT: {"script":"<script> [1562 bytes]","args":[{"selector":{"controlType":"sap.m.Text","properties":{"text":"Manage Conditions & Prices"},"interaction":{"idSuffix":"inner"}},"wdio_ui5_key":"sapm.Text{\"text\":\"Manage Conditions & Prices\"}"}]}
RESULT: undefined
COMMAND: POST /session/b614b8bdf87ea745e2832f5d1487871c/element - {"using":"xpath","value":"//*[@id=\"__tile53-title\"]"}
RESULT: {"using":"xpath","value":"//*[@id=\"__tile53-title\"]"}
COMMAND: POST /session/b614b8bdf87ea745e2832f5d1487871c/element/f.E141158646C81433446781BCB2447156.d.6CA96A26A23E01BB0C91C13A003AD144.e.14675/click - {}
RESULT: {}
COMMAND: GET /session/b614b8bdf87ea745e2832f5d1487871c/screenshot - {}
RESULT: {}
COMMAND: POST /session/b614b8bdf87ea745e2832f5d1487871c/element - {"using":"xpath","value":"//button[@aria-label=\"Create\"]"}
RESULT: {"using":"xpath","value":"//button[@aria-label=\"Create\"]"}
COMMAND: POST /session/b614b8bdf87ea745e2832f5d1487871c/element/f.E141158646C81433446781BCB2447156.d.6CA96A26A23E01BB0C91C13A003AD144.e.14713/click - {}
RESULT: {}
COMMAND: POST /session/b614b8bdf87ea745e2832f5d1487871c/actions - {"actions":[{"id":"action72","type":"key","parameters":{},"actions":[{"type":"keyDown","value":"î€‡"},{"type":"pause","duration":10},{"type":"keyUp","value":"î€‡"}]}]}
COMMAND: GET /session/b614b8bdf87ea745e2832f5d1487871c/screenshot - {}
RESULT: {"actions":[{"id":"action72","type":"key","parameters":{},"actions":[{"type":"keyDown","value":"î€‡"},{"type":"pause","duration":10},{"type":"keyUp","value":"î€‡"}]}]}
COMMAND: GET /session/b614b8bdf87ea745e2832f5d1487871c/screenshot - {}
COMMAND: POST /session/b614b8bdf87ea745e2832f5d1487871c/execute/async - {"script":"<script> [1562 bytes]","args":[{"selector":{"id":"application-manageconditionprice-display-component---newCondition--condBillCond-arrow"},"wdio_ui5_key":"applicationmanageconditionprice-display-component---newCondition--condBillCond-arrow"}]}
RESULT: {}
RESULT: {}
RESULT: {"script":"<script> [1562 bytes]","args":[{"selector":{"id":"application-manageconditionprice-display-component---newCondition--condBillCond-arrow"},"wdio_ui5_key":"applicationmanageconditionprice-display-component---newCondition--condBillCond-arrow"}]}
RESULT: undefined
COMMAND: POST /session/b614b8bdf87ea745e2832f5d1487871c/element - {"using":"xpath","value":"//*[@id=\"application-manageconditionprice-display-component---newCondition--condBillCond-arrow\"]"}
RESULT: {"using":"xpath","value":"//*[@id=\"application-manageconditionprice-display-component---newCondition--condBillCond-arrow\"]"}
COMMAND: POST /session/b614b8bdf87ea745e2832f5d1487871c/element/f.E141158646C81433446781BCB2447156.d.6CA96A26A23E01BB0C91C13A003AD144.e.15175/click - {}
RESULT: {}
COMMAND: POST /session/b614b8bdf87ea745e2832f5d1487871c/element - {"using":"xpath","value":"//span[contains(text(), \"DISP - D&I special price\")]"}
COMMAND: GET /session/b614b8bdf87ea745e2832f5d1487871c/screenshot - {}
RESULT: {"using":"xpath","value":"//span[contains(text(), \"DISP - D&I special price\")]"}
COMMAND: POST /session/b614b8bdf87ea745e2832f5d1487871c/element/f.E141158646C81433446781BCB2447156.d.6CA96A26A23E01BB0C91C13A003AD144.e.15176/click - {}
RESULT: {}
RESULT: {}
COMMAND: POST /session/b614b8bdf87ea745e2832f5d1487871c/execute/async - {"script":"<script> [1562 bytes]","args":[{"selector":{"id":"application-manageconditionprice-display-component---newCondition--condValidTo","interaction":{"idSuffix":"inner"}},"wdio_ui5_key":"applicationmanageconditionprice-display-component---newCondition--condValidTo"}]}
COMMAND: GET /session/b614b8bdf87ea745e2832f5d1487871c/screenshot - {}
RESULT: {"script":"<script> [1562 bytes]","args":[{"selector":{"id":"application-manageconditionprice-display-component---newCondition--condValidTo","interaction":{"idSuffix":"inner"}},"wdio_ui5_key":"applicationmanageconditionprice-display-component---newCondition--condValidTo"}]}
RESULT: undefined
COMMAND: POST /session/b614b8bdf87ea745e2832f5d1487871c/execute/async - {"script":"<script> [776 bytes]","args":[{"enterText":"5/11/33","selector":{"id":"application-manageconditionprice-display-component---newCondition--condValidTo","interaction":{"idSuffix":"inner"}},"clearTextFirst":true,"interactionType":"ENTER_TEXT"}]}
RESULT: {}
RESULT: {"script":"<script> [776 bytes]","args":[{"enterText":"5/11/33","selector":{"id":"application-manageconditionprice-display-component---newCondition--condValidTo","interaction":{"idSuffix":"inner"}},"clearTextFirst":true,"interactionType":"ENTER_TEXT"}]}
COMMAND: POST /session/b614b8bdf87ea745e2832f5d1487871c/element - {"using":"xpath","value":"//input[@id=\"application-manageconditionprice-display-component---newCondition--condRU-inner\"]"}
RESULT: {"using":"xpath","value":"//input[@id=\"application-manageconditionprice-display-component---newCondition--condRU-inner\"]"}
COMMAND: POST /session/b614b8bdf87ea745e2832f5d1487871c/element/f.E141158646C81433446781BCB2447156.d.6CA96A26A23E01BB0C91C13A003AD144.e.14901/clear - {}
RESULT: {}
COMMAND: POST /session/b614b8bdf87ea745e2832f5d1487871c/element/f.E141158646C81433446781BCB2447156.d.6CA96A26A23E01BB0C91C13A003AD144.e.14901/value - {"text":"WebdriverRUR2Cdjytp"}
COMMAND: GET /session/b614b8bdf87ea745e2832f5d1487871c/screenshot - {}
RESULT: {"text":"WebdriverRUR2Cdjytp"}
COMMAND: GET /session/b614b8bdf87ea745e2832f5d1487871c/screenshot - {}
RESULT: {}
RESULT: {}
COMMAND: POST /session/b614b8bdf87ea745e2832f5d1487871c/actions - {"actions":[{"id":"action73","type":"key","parameters":{},"actions":[{"type":"keyDown","value":"î€‡"},{"type":"pause","duration":10},{"type":"keyUp","value":"î€‡"}]}]}
RESULT: {"actions":[{"id":"action73","type":"key","parameters":{},"actions":[{"type":"keyDown","value":"î€‡"},{"type":"pause","duration":10},{"type":"keyUp","value":"î€‡"}]}]}
COMMAND: POST /session/b614b8bdf87ea745e2832f5d1487871c/execute/async - {"script":"<script> [1562 bytes]","args":[{"selector":{"id":"application-manageconditionprice-display-component---newCondition--condBaseQty","interaction":{"idSuffix":"inner"}},"wdio_ui5_key":"applicationmanageconditionprice-display-component---newCondition--condBaseQty"}]}
COMMAND: GET /session/b614b8bdf87ea745e2832f5d1487871c/screenshot - {}
RESULT: {"script":"<script> [1562 bytes]","args":[{"selector":{"id":"application-manageconditionprice-display-component---newCondition--condBaseQty","interaction":{"idSuffix":"inner"}},"wdio_ui5_key":"applicationmanageconditionprice-display-component---newCondition--condBaseQty"}]}
RESULT: undefined
COMMAND: POST /session/b614b8bdf87ea745e2832f5d1487871c/execute/async - {"script":"<script> [776 bytes]","args":[{"enterText":"1","selector":{"id":"application-manageconditionprice-display-component---newCondition--condBaseQty","interaction":{"idSuffix":"inner"}},"clearTextFirst":true,"interactionType":"ENTER_TEXT"}]}
RESULT: {}
RESULT: {"script":"<script> [776 bytes]","args":[{"enterText":"1","selector":{"id":"application-manageconditionprice-display-component---newCondition--condBaseQty","interaction":{"idSuffix":"inner"}},"clearTextFirst":true,"interactionType":"ENTER_TEXT"}]}
COMMAND: POST /session/b614b8bdf87ea745e2832f5d1487871c/execute/async - {"script":"<script> [1562 bytes]","args":[{"selector":{"id":"application-manageconditionprice-display-component---newCondition--condValue","interaction":{"idSuffix":"inner"}},"wdio_ui5_key":"applicationmanageconditionprice-display-component---newCondition--condValue"}]}
RESULT: {"script":"<script> [1562 bytes]","args":[{"selector":{"id":"application-manageconditionprice-display-component---newCondition--condValue","interaction":{"idSuffix":"inner"}},"wdio_ui5_key":"applicationmanageconditionprice-display-component---newCondition--condValue"}]}
RESULT: undefined
COMMAND: POST /session/b614b8bdf87ea745e2832f5d1487871c/execute/async - {"script":"<script> [776 bytes]","args":[{"enterText":"100","selector":{"id":"application-manageconditionprice-display-component---newCondition--condValue","interaction":{"idSuffix":"inner"}},"clearTextFirst":true,"interactionType":"ENTER_TEXT"}]}
RESULT: {"script":"<script> [776 bytes]","args":[{"enterText":"100","selector":{"id":"application-manageconditionprice-display-component---newCondition--condValue","interaction":{"idSuffix":"inner"}},"clearTextFirst":true,"interactionType":"ENTER_TEXT"}]}
COMMAND: POST /session/b614b8bdf87ea745e2832f5d1487871c/execute/async - {"script":"<script> [1562 bytes]","args":[{"selector":{"id":"application-manageconditionprice-display-component---newCondition--condCurr-arrow"},"wdio_ui5_key":"applicationmanageconditionprice-display-component---newCondition--condCurr-arrow"}]}
RESULT: {"script":"<script> [1562 bytes]","args":[{"selector":{"id":"application-manageconditionprice-display-component---newCondition--condCurr-arrow"},"wdio_ui5_key":"applicationmanageconditionprice-display-component---newCondition--condCurr-arrow"}]}
RESULT: undefined
COMMAND: POST /session/b614b8bdf87ea745e2832f5d1487871c/element - {"using":"xpath","value":"//*[@id=\"application-manageconditionprice-display-component---newCondition--condCurr-arrow\"]"}
RESULT: {"using":"xpath","value":"//*[@id=\"application-manageconditionprice-display-component---newCondition--condCurr-arrow\"]"}
COMMAND: POST /session/b614b8bdf87ea745e2832f5d1487871c/element/f.E141158646C81433446781BCB2447156.d.6CA96A26A23E01BB0C91C13A003AD144.e.15135/click - {}
RESULT: {}
COMMAND: POST /session/b614b8bdf87ea745e2832f5d1487871c/element - {"using":"xpath","value":"//span[contains(text(), \"Euro\")]"}
COMMAND: GET /session/b614b8bdf87ea745e2832f5d1487871c/screenshot - {}
RESULT: {"using":"xpath","value":"//span[contains(text(), \"Euro\")]"}
COMMAND: POST /session/b614b8bdf87ea745e2832f5d1487871c/element/f.E141158646C81433446781BCB2447156.d.6CA96A26A23E01BB0C91C13A003AD144.e.15212/click - {}
RESULT: {}
RESULT: {}
COMMAND: POST /session/b614b8bdf87ea745e2832f5d1487871c/element - {"using":"xpath","value":"//button[@data-kt=\"saveButton\"]"}
COMMAND: GET /session/b614b8bdf87ea745e2832f5d1487871c/screenshot - {}
RESULT: {"using":"xpath","value":"//button[@data-kt=\"saveButton\"]"}
COMMAND: POST /session/b614b8bdf87ea745e2832f5d1487871c/element/f.E141158646C81433446781BCB2447156.d.6CA96A26A23E01BB0C91C13A003AD144.e.15136/click - {}
RESULT: {}
RESULT: {}
COMMAND: GET /session/b614b8bdf87ea745e2832f5d1487871c/screenshot - {}
RESULT: {}
COMMAND: POST /session/b614b8bdf87ea745e2832f5d1487871c/element - {"using":"css selector","value":"#shell-header-logo"}
RESULT: {"using":"css selector","value":"#shell-header-logo"}
COMMAND: POST /session/b614b8bdf87ea745e2832f5d1487871c/element/f.E141158646C81433446781BCB2447156.d.6CA96A26A23E01BB0C91C13A003AD144.e.14678/click - {}
RESULT: {}
COMMAND: GET /session/b614b8bdf87ea745e2832f5d1487871c/screenshot - {}
RESULT: {}
]]></system-out>
    </testcase>
    <testcase classname="chrome.136_0_7103_49.windows.E2E_-_Logistical_and_commercial_statuses" name="Should create a new contract" time="68.157">
      <system-out><![CDATA[
COMMAND: POST /session/b614b8bdf87ea745e2832f5d1487871c/execute/async - {"script":"<script> [1562 bytes]","args":[{"selector":{"controlType":"sap.m.GenericTile","properties":{"header":"Manage Contracts"}},"wdio_ui5_key":"sapm.GenericTile{\"header\":\"Manage Contracts\"}"}]}
RESULT: {"script":"<script> [1562 bytes]","args":[{"selector":{"controlType":"sap.m.GenericTile","properties":{"header":"Manage Contracts"}},"wdio_ui5_key":"sapm.GenericTile{\"header\":\"Manage Contracts\"}"}]}
RESULT: undefined
COMMAND: POST /session/b614b8bdf87ea745e2832f5d1487871c/element - {"using":"xpath","value":"//*[@id=\"__tile130\"]"}
RESULT: {"using":"xpath","value":"//*[@id=\"__tile130\"]"}
COMMAND: POST /session/b614b8bdf87ea745e2832f5d1487871c/element/f.E141158646C81433446781BCB2447156.d.6CA96A26A23E01BB0C91C13A003AD144.e.13550/click - {}
RESULT: {}
COMMAND: GET /session/b614b8bdf87ea745e2832f5d1487871c/screenshot - {}
RESULT: {}
COMMAND: POST /session/b614b8bdf87ea745e2832f5d1487871c/elements - {"using":"xpath","value":"//span[text()='Error']"}
RESULT: {"using":"xpath","value":"//span[text()='Error']"}
COMMAND: POST /session/b614b8bdf87ea745e2832f5d1487871c/element - {"using":"xpath","value":"//button[@data-kt=\"addButton\"]"}
RESULT: {"using":"xpath","value":"//button[@data-kt=\"addButton\"]"}
COMMAND: POST /session/b614b8bdf87ea745e2832f5d1487871c/element/f.E141158646C81433446781BCB2447156.d.6CA96A26A23E01BB0C91C13A003AD144.e.15396/click - {}
RESULT: {}
COMMAND: GET /session/b614b8bdf87ea745e2832f5d1487871c/screenshot - {}
RESULT: {}
COMMAND: POST /session/b614b8bdf87ea745e2832f5d1487871c/execute/async - {"script":"<script> [1562 bytes]","args":[{"selector":{"id":"application-managecontracts-display-component---AddNewContract--projectDescription","interaction":{"idSuffix":"inner"}},"wdio_ui5_key":"applicationmanagecontracts-display-component---AddNewContract--projectDescription"}]}
RESULT: {"script":"<script> [1562 bytes]","args":[{"selector":{"id":"application-managecontracts-display-component---AddNewContract--projectDescription","interaction":{"idSuffix":"inner"}},"wdio_ui5_key":"applicationmanagecontracts-display-component---AddNewContract--projectDescription"}]}
RESULT: undefined
COMMAND: POST /session/b614b8bdf87ea745e2832f5d1487871c/execute/async - {"script":"<script> [776 bytes]","args":[{"enterText":"WdIOR2clqp1o","selector":{"id":"application-managecontracts-display-component---AddNewContract--projectDescription","interaction":{"idSuffix":"inner"}},"clearTextFirst":true,"interactionType":"ENTER_TEXT"}]}
RESULT: {"script":"<script> [776 bytes]","args":[{"enterText":"WdIOR2clqp1o","selector":{"id":"application-managecontracts-display-component---AddNewContract--projectDescription","interaction":{"idSuffix":"inner"}},"clearTextFirst":true,"interactionType":"ENTER_TEXT"}]}
COMMAND: POST /session/b614b8bdf87ea745e2832f5d1487871c/element - {"using":"xpath","value":"//input[@id=\"application-managecontracts-display-component---AddNewContract--yardId-inner\"]"}
RESULT: {"using":"xpath","value":"//input[@id=\"application-managecontracts-display-component---AddNewContract--yardId-inner\"]"}
COMMAND: POST /session/b614b8bdf87ea745e2832f5d1487871c/element/f.E141158646C81433446781BCB2447156.d.6CA96A26A23E01BB0C91C13A003AD144.e.15700/clear - {}
RESULT: {}
COMMAND: POST /session/b614b8bdf87ea745e2832f5d1487871c/element/f.E141158646C81433446781BCB2447156.d.6CA96A26A23E01BB0C91C13A003AD144.e.15700/value - {"text":"WebdriverYard6byg0f"}
COMMAND: GET /session/b614b8bdf87ea745e2832f5d1487871c/screenshot - {}
RESULT: {"text":"WebdriverYard6byg0f"}
COMMAND: GET /session/b614b8bdf87ea745e2832f5d1487871c/screenshot - {}
RESULT: {}
RESULT: {}
COMMAND: POST /session/b614b8bdf87ea745e2832f5d1487871c/actions - {"actions":[{"id":"action74","type":"key","parameters":{},"actions":[{"type":"keyDown","value":"î€‡"},{"type":"pause","duration":10},{"type":"keyUp","value":"î€‡"}]}]}
RESULT: {"actions":[{"id":"action74","type":"key","parameters":{},"actions":[{"type":"keyDown","value":"î€‡"},{"type":"pause","duration":10},{"type":"keyUp","value":"î€‡"}]}]}
COMMAND: GET /session/b614b8bdf87ea745e2832f5d1487871c/screenshot - {}
RESULT: {}
COMMAND: POST /session/b614b8bdf87ea745e2832f5d1487871c/element - {"using":"xpath","value":"//input[@id=\"application-managecontracts-display-component---AddNewContract--customerSelect-inner\"]"}
RESULT: {"using":"xpath","value":"//input[@id=\"application-managecontracts-display-component---AddNewContract--customerSelect-inner\"]"}
COMMAND: POST /session/b614b8bdf87ea745e2832f5d1487871c/element/f.E141158646C81433446781BCB2447156.d.6CA96A26A23E01BB0C91C13A003AD144.e.15698/clear - {}
RESULT: {}
COMMAND: POST /session/b614b8bdf87ea745e2832f5d1487871c/element/f.E141158646C81433446781BCB2447156.d.6CA96A26A23E01BB0C91C13A003AD144.e.15698/value - {"text":"WebdriverPartnerqtjjm"}
COMMAND: GET /session/b614b8bdf87ea745e2832f5d1487871c/screenshot - {}
RESULT: {"text":"WebdriverPartnerqtjjm"}
COMMAND: GET /session/b614b8bdf87ea745e2832f5d1487871c/screenshot - {}
RESULT: {}
RESULT: {}
COMMAND: POST /session/b614b8bdf87ea745e2832f5d1487871c/actions - {"actions":[{"id":"action75","type":"key","parameters":{},"actions":[{"type":"keyDown","value":"î€‡"},{"type":"pause","duration":10},{"type":"keyUp","value":"î€‡"}]}]}
RESULT: {"actions":[{"id":"action75","type":"key","parameters":{},"actions":[{"type":"keyDown","value":"î€‡"},{"type":"pause","duration":10},{"type":"keyUp","value":"î€‡"}]}]}
COMMAND: GET /session/b614b8bdf87ea745e2832f5d1487871c/screenshot - {}
RESULT: {}
COMMAND: POST /session/b614b8bdf87ea745e2832f5d1487871c/element - {"using":"xpath","value":"//input[@id=\"application-managecontracts-display-component---AddNewContract--site-inner\"]"}
RESULT: {"using":"xpath","value":"//input[@id=\"application-managecontracts-display-component---AddNewContract--site-inner\"]"}
COMMAND: POST /session/b614b8bdf87ea745e2832f5d1487871c/element/f.E141158646C81433446781BCB2447156.d.6CA96A26A23E01BB0C91C13A003AD144.e.15699/clear - {}
RESULT: {}
COMMAND: POST /session/b614b8bdf87ea745e2832f5d1487871c/element/f.E141158646C81433446781BCB2447156.d.6CA96A26A23E01BB0C91C13A003AD144.e.15699/value - {"text":"WebdriverSitefgnq3"}
COMMAND: GET /session/b614b8bdf87ea745e2832f5d1487871c/screenshot - {}
RESULT: {"text":"WebdriverSitefgnq3"}
COMMAND: GET /session/b614b8bdf87ea745e2832f5d1487871c/screenshot - {}
RESULT: {}
RESULT: {}
COMMAND: POST /session/b614b8bdf87ea745e2832f5d1487871c/actions - {"actions":[{"id":"action76","type":"key","parameters":{},"actions":[{"type":"keyDown","value":"î€‡"},{"type":"pause","duration":10},{"type":"keyUp","value":"î€‡"}]}]}
RESULT: {"actions":[{"id":"action76","type":"key","parameters":{},"actions":[{"type":"keyDown","value":"î€‡"},{"type":"pause","duration":10},{"type":"keyUp","value":"î€‡"}]}]}
COMMAND: POST /session/b614b8bdf87ea745e2832f5d1487871c/element - {"using":"xpath","value":"//button[@data-kt=\"saveButton\"]"}
COMMAND: GET /session/b614b8bdf87ea745e2832f5d1487871c/screenshot - {}
RESULT: {"using":"xpath","value":"//button[@data-kt=\"saveButton\"]"}
COMMAND: POST /session/b614b8bdf87ea745e2832f5d1487871c/element/f.E141158646C81433446781BCB2447156.d.6CA96A26A23E01BB0C91C13A003AD144.e.15735/click - {}
RESULT: {}
RESULT: {}
COMMAND: GET /session/b614b8bdf87ea745e2832f5d1487871c/screenshot - {}
RESULT: {}
COMMAND: POST /session/b614b8bdf87ea745e2832f5d1487871c/execute/async - {"script":"<script> [1562 bytes]","args":[{"selector":{"id":"contractDetailTitleNoExpanded","viewName":"etm.portal.ui.managecontracts.view.Detail"},"wdio_ui5_key":"contractDetailTitleNoExpandedetmportal.ui.managecontracts.view.Detail"}]}
RESULT: {"script":"<script> [1562 bytes]","args":[{"selector":{"id":"contractDetailTitleNoExpanded","viewName":"etm.portal.ui.managecontracts.view.Detail"},"wdio_ui5_key":"contractDetailTitleNoExpandedetmportal.ui.managecontracts.view.Detail"}]}
RESULT: undefined
COMMAND: POST /session/b614b8bdf87ea745e2832f5d1487871c/execute/async - {"script":"<script> [6424 bytes]","args":[{"element-6066-11e4-a52e-4f735466cecf":"f.E141158646C81433446781BCB2447156.d.6CA96A26A23E01BB0C91C13A003AD144.e.15745"},"getText",[]]}
RESULT: {"script":"<script> [6424 bytes]","args":[{"element-6066-11e4-a52e-4f735466cecf":"f.E141158646C81433446781BCB2447156.d.6CA96A26A23E01BB0C91C13A003AD144.e.15745"},"getText",[]]}
]]></system-out>
    </testcase>
    <testcase classname="chrome.136_0_7103_49.windows.E2E_-_Logistical_and_commercial_statuses" name="Should add materialID to the contract" time="46.6">
      <system-out><![CDATA[
COMMAND: POST /session/b614b8bdf87ea745e2832f5d1487871c/element - {"using":"xpath","value":"//button[@data-kt=\"contractDetailEditBtnButton\"]"}
RESULT: {"using":"xpath","value":"//button[@data-kt=\"contractDetailEditBtnButton\"]"}
COMMAND: POST /session/b614b8bdf87ea745e2832f5d1487871c/element/f.E141158646C81433446781BCB2447156.d.6CA96A26A23E01BB0C91C13A003AD144.e.15746/click - {}
RESULT: {}
COMMAND: GET /session/b614b8bdf87ea745e2832f5d1487871c/screenshot - {}
RESULT: {}
COMMAND: POST /session/b614b8bdf87ea745e2832f5d1487871c/element - {"using":"xpath","value":"(//span[contains(text(), \"Additional Addresses\")])[2]"}
RESULT: {"using":"xpath","value":"(//span[contains(text(), \"Additional Addresses\")])[2]"}
COMMAND: POST /session/b614b8bdf87ea745e2832f5d1487871c/element/f.E141158646C81433446781BCB2447156.d.6CA96A26A23E01BB0C91C13A003AD144.e.15802/click - {}
RESULT: {}
COMMAND: GET /session/b614b8bdf87ea745e2832f5d1487871c/screenshot - {}
RESULT: {}
COMMAND: POST /session/b614b8bdf87ea745e2832f5d1487871c/element - {"using":"xpath","value":"//button[@data-kt=\"btnAddTableRowOverflowToolbarButton\"]"}
RESULT: {"using":"xpath","value":"//button[@data-kt=\"btnAddTableRowOverflowToolbarButton\"]"}
COMMAND: POST /session/b614b8bdf87ea745e2832f5d1487871c/element/f.E141158646C81433446781BCB2447156.d.6CA96A26A23E01BB0C91C13A003AD144.e.15806/click - {}
RESULT: {}
COMMAND: GET /session/b614b8bdf87ea745e2832f5d1487871c/screenshot - {}
RESULT: {}
COMMAND: POST /session/b614b8bdf87ea745e2832f5d1487871c/element - {"using":"xpath","value":"//div[(text() = 'Standard Entry' or . = 'Standard Entry')]"}
RESULT: {"using":"xpath","value":"//div[(text() = 'Standard Entry' or . = 'Standard Entry')]"}
COMMAND: POST /session/b614b8bdf87ea745e2832f5d1487871c/element/f.E141158646C81433446781BCB2447156.d.6CA96A26A23E01BB0C91C13A003AD144.e.15808/click - {}
RESULT: {}
COMMAND: POST /session/b614b8bdf87ea745e2832f5d1487871c/element - {"using":"xpath","value":"//td[6]/div/div/input[1]"}
COMMAND: GET /session/b614b8bdf87ea745e2832f5d1487871c/screenshot - {}
RESULT: {"using":"xpath","value":"//td[6]/div/div/input[1]"}
COMMAND: POST /session/b614b8bdf87ea745e2832f5d1487871c/element/f.E141158646C81433446781BCB2447156.d.6CA96A26A23E01BB0C91C13A003AD144.e.15810/click - {}
RESULT: {}
RESULT: {}
COMMAND: POST /session/b614b8bdf87ea745e2832f5d1487871c/actions - {"actions":[{"id":"action77","type":"key","parameters":{},"actions":[{"type":"keyDown","value":"î€ƒ"},{"type":"pause","duration":10},{"type":"keyUp","value":"î€ƒ"}]}]}
COMMAND: GET /session/b614b8bdf87ea745e2832f5d1487871c/screenshot - {}
RESULT: {}
RESULT: {"actions":[{"id":"action77","type":"key","parameters":{},"actions":[{"type":"keyDown","value":"î€ƒ"},{"type":"pause","duration":10},{"type":"keyUp","value":"î€ƒ"}]}]}
COMMAND: POST /session/b614b8bdf87ea745e2832f5d1487871c/element - {"using":"xpath","value":"//td[6]/div/div/input[1]"}
COMMAND: GET /session/b614b8bdf87ea745e2832f5d1487871c/screenshot - {}
RESULT: {"using":"xpath","value":"//td[6]/div/div/input[1]"}
COMMAND: POST /session/b614b8bdf87ea745e2832f5d1487871c/element/f.E141158646C81433446781BCB2447156.d.6CA96A26A23E01BB0C91C13A003AD144.e.15810/clear - {}
RESULT: {}
RESULT: {}
COMMAND: POST /session/b614b8bdf87ea745e2832f5d1487871c/element/f.E141158646C81433446781BCB2447156.d.6CA96A26A23E01BB0C91C13A003AD144.e.15810/value - {"text":"Material"}
COMMAND: GET /session/b614b8bdf87ea745e2832f5d1487871c/screenshot - {}
RESULT: {}
RESULT: {"text":"Material"}
COMMAND: GET /session/b614b8bdf87ea745e2832f5d1487871c/screenshot - {}
RESULT: {}
COMMAND: POST /session/b614b8bdf87ea745e2832f5d1487871c/actions - {"actions":[{"id":"action78","type":"key","parameters":{},"actions":[{"type":"keyDown","value":"î€‡"},{"type":"pause","duration":10},{"type":"keyUp","value":"î€‡"}]}]}
RESULT: {"actions":[{"id":"action78","type":"key","parameters":{},"actions":[{"type":"keyDown","value":"î€‡"},{"type":"pause","duration":10},{"type":"keyUp","value":"î€‡"}]}]}
COMMAND: GET /session/b614b8bdf87ea745e2832f5d1487871c/screenshot - {}
RESULT: {}
COMMAND: POST /session/b614b8bdf87ea745e2832f5d1487871c/actions - {"actions":[{"id":"action79","type":"key","parameters":{},"actions":[{"type":"keyDown","value":"î€‡"},{"type":"pause","duration":10},{"type":"keyUp","value":"î€‡"}]}]}
RESULT: {"actions":[{"id":"action79","type":"key","parameters":{},"actions":[{"type":"keyDown","value":"î€‡"},{"type":"pause","duration":10},{"type":"keyUp","value":"î€‡"}]}]}
COMMAND: POST /session/b614b8bdf87ea745e2832f5d1487871c/element - {"using":"xpath","value":"//td[7]/div/div/input"}
COMMAND: GET /session/b614b8bdf87ea745e2832f5d1487871c/screenshot - {}
RESULT: {"using":"xpath","value":"//td[7]/div/div/input"}
COMMAND: POST /session/b614b8bdf87ea745e2832f5d1487871c/element/f.E141158646C81433446781BCB2447156.d.6CA96A26A23E01BB0C91C13A003AD144.e.15823/clear - {}
RESULT: {}
RESULT: {}
COMMAND: POST /session/b614b8bdf87ea745e2832f5d1487871c/element/f.E141158646C81433446781BCB2447156.d.6CA96A26A23E01BB0C91C13A003AD144.e.15823/value - {"text":"WebdriverRUR2Cdjytp"}
COMMAND: GET /session/b614b8bdf87ea745e2832f5d1487871c/screenshot - {}
RESULT: {"text":"WebdriverRUR2Cdjytp"}
COMMAND: GET /session/b614b8bdf87ea745e2832f5d1487871c/screenshot - {}
RESULT: {}
RESULT: {}
COMMAND: POST /session/b614b8bdf87ea745e2832f5d1487871c/actions - {"actions":[{"id":"action80","type":"key","parameters":{},"actions":[{"type":"keyDown","value":"î€‡"},{"type":"pause","duration":10},{"type":"keyUp","value":"î€‡"}]}]}
RESULT: {"actions":[{"id":"action80","type":"key","parameters":{},"actions":[{"type":"keyDown","value":"î€‡"},{"type":"pause","duration":10},{"type":"keyUp","value":"î€‡"}]}]}
COMMAND: GET /session/b614b8bdf87ea745e2832f5d1487871c/screenshot - {}
RESULT: {}
COMMAND: POST /session/b614b8bdf87ea745e2832f5d1487871c/actions - {"actions":[{"id":"action81","type":"key","parameters":{},"actions":[{"type":"keyDown","value":"î€‡"},{"type":"pause","duration":10},{"type":"keyUp","value":"î€‡"}]}]}
RESULT: {"actions":[{"id":"action81","type":"key","parameters":{},"actions":[{"type":"keyDown","value":"î€‡"},{"type":"pause","duration":10},{"type":"keyUp","value":"î€‡"}]}]}
COMMAND: GET /session/b614b8bdf87ea745e2832f5d1487871c/screenshot - {}
RESULT: {}
COMMAND: POST /session/b614b8bdf87ea745e2832f5d1487871c/element - {"using":"xpath","value":"(//button[@data-kt=\"saveButton\"])[2]"}
RESULT: {"using":"xpath","value":"(//button[@data-kt=\"saveButton\"])[2]"}
COMMAND: POST /session/b614b8bdf87ea745e2832f5d1487871c/element/f.E141158646C81433446781BCB2447156.d.6CA96A26A23E01BB0C91C13A003AD144.e.15846/click - {}
RESULT: {}
COMMAND: GET /session/b614b8bdf87ea745e2832f5d1487871c/screenshot - {}
RESULT: {}
]]></system-out>
    </testcase>
    <testcase classname="chrome.136_0_7103_49.windows.E2E_-_Logistical_and_commercial_statuses" name="It should follow the handover steps to the status fully provided" time="418.003">
      <system-out><![CDATA[
COMMAND: POST /session/b614b8bdf87ea745e2832f5d1487871c/execute/async - {"script":"<script> [1562 bytes]","args":[{"selector":{"id":"contractDetailProvideButton","viewName":"etm.portal.ui.managecontracts.view.Detail","interaction":{"idSuffix":"BDI-content"}},"wdio_ui5_key":"contractDetailProvideButtonetmportal.ui.managecontracts.view.Detail"}]}
RESULT: {"script":"<script> [1562 bytes]","args":[{"selector":{"id":"contractDetailProvideButton","viewName":"etm.portal.ui.managecontracts.view.Detail","interaction":{"idSuffix":"BDI-content"}},"wdio_ui5_key":"contractDetailProvideButtonetmportal.ui.managecontracts.view.Detail"}]}
RESULT: undefined
COMMAND: POST /session/b614b8bdf87ea745e2832f5d1487871c/element - {"using":"xpath","value":"//*[@id=\"__xmlview61--contractDetailProvideButton\"]"}
RESULT: {"using":"xpath","value":"//*[@id=\"__xmlview61--contractDetailProvideButton\"]"}
COMMAND: POST /session/b614b8bdf87ea745e2832f5d1487871c/element/f.E141158646C81433446781BCB2447156.d.6CA96A26A23E01BB0C91C13A003AD144.e.15852/click - {}
RESULT: {}
COMMAND: GET /session/b614b8bdf87ea745e2832f5d1487871c/screenshot - {}
RESULT: {}
COMMAND: POST /session/b614b8bdf87ea745e2832f5d1487871c/execute/async - {"script":"<script> [1562 bytes]","args":[{"selector":{"id":"application-managehandovers-display-component---AddNewHO--oneStep","interaction":{"idSuffix":"CbBg"}},"wdio_ui5_key":"applicationmanagehandovers-display-component---AddNewHO--oneStep"}]}
RESULT: {"script":"<script> [1562 bytes]","args":[{"selector":{"id":"application-managehandovers-display-component---AddNewHO--oneStep","interaction":{"idSuffix":"CbBg"}},"wdio_ui5_key":"applicationmanagehandovers-display-component---AddNewHO--oneStep"}]}
RESULT: undefined
COMMAND: POST /session/b614b8bdf87ea745e2832f5d1487871c/element - {"using":"xpath","value":"//*[@id=\"application-managehandovers-display-component---AddNewHO--oneStep\"]"}
RESULT: {"using":"xpath","value":"//*[@id=\"application-managehandovers-display-component---AddNewHO--oneStep\"]"}
COMMAND: POST /session/b614b8bdf87ea745e2832f5d1487871c/element/f.E141158646C81433446781BCB2447156.d.6CA96A26A23E01BB0C91C13A003AD144.e.16010/click - {}
RESULT: {}
RESULT: undefined
COMMAND: POST /session/b614b8bdf87ea745e2832f5d1487871c/execute/async - {"script":"<script> [776 bytes]","args":[{"enterText":"05/14/25","selector":{"id":"application-managehandovers-display-component---AddNewHO--dueDate","interaction":{"idSuffix":"inner"}},"clearTextFirst":true,"interactionType":"ENTER_TEXT"}]}
COMMAND: GET /session/b614b8bdf87ea745e2832f5d1487871c/screenshot - {}
RESULT: {"script":"<script> [776 bytes]","args":[{"enterText":"05/14/25","selector":{"id":"application-managehandovers-display-component---AddNewHO--dueDate","interaction":{"idSuffix":"inner"}},"clearTextFirst":true,"interactionType":"ENTER_TEXT"}]}
RESULT: undefined
COMMAND: POST /session/b614b8bdf87ea745e2832f5d1487871c/element - {"using":"xpath","value":"//*[@id=\"application-managehandovers-display-component---AddNewHO--ObjectPageLayout-anchBar-application-managehandovers-display-component---AddNewHO--section4-anchor\"]"}
RESULT: {}
RESULT: {"using":"xpath","value":"//*[@id=\"application-managehandovers-display-component---AddNewHO--ObjectPageLayout-anchBar-application-managehandovers-display-component---AddNewHO--section4-anchor\"]"}
COMMAND: POST /session/b614b8bdf87ea745e2832f5d1487871c/element/f.E141158646C81433446781BCB2447156.d.6CA96A26A23E01BB0C91C13A003AD144.e.16013/click - {}
RESULT: {}
COMMAND: POST /session/b614b8bdf87ea745e2832f5d1487871c/execute/async - {"script":"<script> [1562 bytes]","args":[{"selector":{"controlType":"sap.ui.core.Icon","viewName":"etm.portal.ui.managehandovers.view.AddNewHO","viewId":"application-managehandovers-display-component---AddNewHO","properties":{"src":{"regex":{"source":"add"}}}},"wdio_ui5_key":"etmportal.ui.managehandovers.view.AddNewHOsap.ui.core.Icon{\"src\":{\"regex\":{\"source\":\"add\"}}}"}]}
COMMAND: GET /session/b614b8bdf87ea745e2832f5d1487871c/screenshot - {}
RESULT: {"script":"<script> [1562 bytes]","args":[{"selector":{"controlType":"sap.ui.core.Icon","viewName":"etm.portal.ui.managehandovers.view.AddNewHO","viewId":"application-managehandovers-display-component---AddNewHO","properties":{"src":{"regex":{"source":"add"}}}},"wdio_ui5_key":"etmportal.ui.managehandovers.view.AddNewHOsap.ui.core.Icon{\"src\":{\"regex\":{\"source\":\"add\"}}}"}]}
RESULT: undefined
COMMAND: POST /session/b614b8bdf87ea745e2832f5d1487871c/element - {"using":"xpath","value":"//*[@id=\"__button166-img\"]"}
RESULT: {}
RESULT: {"using":"xpath","value":"//*[@id=\"__button166-img\"]"}
COMMAND: POST /session/b614b8bdf87ea745e2832f5d1487871c/element/f.E141158646C81433446781BCB2447156.d.6CA96A26A23E01BB0C91C13A003AD144.e.16017/click - {}
RESULT: {}
COMMAND: GET /session/b614b8bdf87ea745e2832f5d1487871c/screenshot - {}
RESULT: {}
RESULT: undefined
COMMAND: POST /session/b614b8bdf87ea745e2832f5d1487871c/element - {"using":"xpath","value":"//*[@id=\"application-managehandovers-display-component---AddNewHO--popup-sa\"]"}
RESULT: {"using":"xpath","value":"//*[@id=\"application-managehandovers-display-component---AddNewHO--popup-sa\"]"}
COMMAND: POST /session/b614b8bdf87ea745e2832f5d1487871c/element/f.E141158646C81433446781BCB2447156.d.6CA96A26A23E01BB0C91C13A003AD144.e.16033/click - {}
RESULT: {}
COMMAND: POST /session/b614b8bdf87ea745e2832f5d1487871c/execute/async - {"script":"<script> [1562 bytes]","args":[{"selector":{"controlType":"sap.m.Button","viewName":"etm.portal.ui.managehandovers.view.AddNewHO","viewId":"application-managehandovers-display-component---AddNewHO","i18NText":{"propertyName":"text","key":"select"},"searchOpenDialogs":true,"interaction":{"idSuffix":"inner"}},"wdio_ui5_key":"etmportal.ui.managehandovers.view.AddNewHOsap.m.Button{\"propertyName\":\"text\",\"key\":\"select\"}"}]}
COMMAND: GET /session/b614b8bdf87ea745e2832f5d1487871c/screenshot - {}
RESULT: {"script":"<script> [1562 bytes]","args":[{"selector":{"controlType":"sap.m.Button","viewName":"etm.portal.ui.managehandovers.view.AddNewHO","viewId":"application-managehandovers-display-component---AddNewHO","i18NText":{"propertyName":"text","key":"select"},"searchOpenDialogs":true,"interaction":{"idSuffix":"inner"}},"wdio_ui5_key":"etmportal.ui.managehandovers.view.AddNewHOsap.m.Button{\"propertyName\":\"text\",\"key\":\"select\"}"}]}
RESULT: undefined
COMMAND: POST /session/b614b8bdf87ea745e2832f5d1487871c/element - {"using":"xpath","value":"//*[@id=\"__button169\"]"}
RESULT: {}
RESULT: {"using":"xpath","value":"//*[@id=\"__button169\"]"}
COMMAND: POST /session/b614b8bdf87ea745e2832f5d1487871c/element/f.E141158646C81433446781BCB2447156.d.6CA96A26A23E01BB0C91C13A003AD144.e.16036/click - {}
RESULT: {}
COMMAND: POST /session/b614b8bdf87ea745e2832f5d1487871c/execute/async - {"script":"<script> [1562 bytes]","args":[{"selector":{"id":"application-managehandovers-display-component---AddNewHO--confirmCreationButton","interaction":{"idSuffix":"BDI-content"}},"wdio_ui5_key":"applicationmanagehandovers-display-component---AddNewHO--confirmCreationButton"}]}
COMMAND: GET /session/b614b8bdf87ea745e2832f5d1487871c/screenshot - {}
RESULT: {"script":"<script> [1562 bytes]","args":[{"selector":{"id":"application-managehandovers-display-component---AddNewHO--confirmCreationButton","interaction":{"idSuffix":"BDI-content"}},"wdio_ui5_key":"applicationmanagehandovers-display-component---AddNewHO--confirmCreationButton"}]}
RESULT: undefined
COMMAND: POST /session/b614b8bdf87ea745e2832f5d1487871c/element - {"using":"xpath","value":"//*[@id=\"application-managehandovers-display-component---AddNewHO--confirmCreationButton\"]"}
RESULT: {}
RESULT: {"using":"xpath","value":"//*[@id=\"application-managehandovers-display-component---AddNewHO--confirmCreationButton\"]"}
COMMAND: POST /session/b614b8bdf87ea745e2832f5d1487871c/element/f.E141158646C81433446781BCB2447156.d.6CA96A26A23E01BB0C91C13A003AD144.e.15972/click - {}
RESULT: {}
COMMAND: GET /session/b614b8bdf87ea745e2832f5d1487871c/screenshot - {}
RESULT: {}
COMMAND: POST /session/b614b8bdf87ea745e2832f5d1487871c/element - {"using":"xpath","value":"//a[contains(@data-kt ,\"GeneralSectionReceiveContracttLink\")]"}
RESULT: {"using":"xpath","value":"//a[contains(@data-kt ,\"GeneralSectionReceiveContracttLink\")]"}
COMMAND: POST /session/b614b8bdf87ea745e2832f5d1487871c/element/f.E141158646C81433446781BCB2447156.d.6CA96A26A23E01BB0C91C13A003AD144.e.16060/click - {}
RESULT: {}
COMMAND: GET /session/b614b8bdf87ea745e2832f5d1487871c/screenshot - {}
RESULT: {}
COMMAND: POST /session/b614b8bdf87ea745e2832f5d1487871c/element - {"using":"xpath","value":"//a[contains(@data-kt ,\"ContextMenuId2Link\")]"}
RESULT: {"using":"xpath","value":"//a[contains(@data-kt ,\"ContextMenuId2Link\")]"}
COMMAND: POST /session/b614b8bdf87ea745e2832f5d1487871c/element/f.E141158646C81433446781BCB2447156.d.6CA96A26A23E01BB0C91C13A003AD144.e.16079/click - {}
RESULT: {}
COMMAND: GET /session/b614b8bdf87ea745e2832f5d1487871c/screenshot - {}
RESULT: {}
COMMAND: POST /session/b614b8bdf87ea745e2832f5d1487871c/execute/async - {"script":"<script> [1562 bytes]","args":[{"selector":{"controlType":"sap.m.ObjectStatus","viewName":"etm.portal.ui.managecontracts.view.Detail","bindingPath":{"propertyPath":"LINK_TO_LOGISTICAL_STATUS/DESCRIPTION","modelName":"catalogModel"}},"wdio_ui5_key":"etmportal.ui.managecontracts.view.Detailsap.m.ObjectStatus{\"propertyPath\":\"LINK_TO_LOGISTICAL_STATUS/DESCRIPTION\",\"modelName\":\"catalogModel\"}"}]}
RESULT: {"script":"<script> [1562 bytes]","args":[{"selector":{"controlType":"sap.m.ObjectStatus","viewName":"etm.portal.ui.managecontracts.view.Detail","bindingPath":{"propertyPath":"LINK_TO_LOGISTICAL_STATUS/DESCRIPTION","modelName":"catalogModel"}},"wdio_ui5_key":"etmportal.ui.managecontracts.view.Detailsap.m.ObjectStatus{\"propertyPath\":\"LINK_TO_LOGISTICAL_STATUS/DESCRIPTION\",\"modelName\":\"catalogModel\"}"}]}
RESULT: undefined
COMMAND: POST /session/b614b8bdf87ea745e2832f5d1487871c/execute/async - {"script":"<script> [6424 bytes]","args":[{"element-6066-11e4-a52e-4f735466cecf":"f.E141158646C81433446781BCB2447156.d.6CA96A26A23E01BB0C91C13A003AD144.e.16251"},"getText",[]]}
RESULT: {"script":"<script> [6424 bytes]","args":[{"element-6066-11e4-a52e-4f735466cecf":"f.E141158646C81433446781BCB2447156.d.6CA96A26A23E01BB0C91C13A003AD144.e.16251"},"getText",[]]}
COMMAND: POST /session/b614b8bdf87ea745e2832f5d1487871c/execute/async - {"script":"<script> [1562 bytes]","args":[{"selector":{"controlType":"sap.m.ObjectStatus","viewName":"etm.portal.ui.managecontracts.view.Detail","bindingPath":{"propertyPath":"LINK_TO_COMMERCIAL_STATUS/DESCRIPTION","modelName":"catalogModel"}},"wdio_ui5_key":"etmportal.ui.managecontracts.view.Detailsap.m.ObjectStatus{\"propertyPath\":\"LINK_TO_COMMERCIAL_STATUS/DESCRIPTION\",\"modelName\":\"catalogModel\"}"}]}
RESULT: {"script":"<script> [1562 bytes]","args":[{"selector":{"controlType":"sap.m.ObjectStatus","viewName":"etm.portal.ui.managecontracts.view.Detail","bindingPath":{"propertyPath":"LINK_TO_COMMERCIAL_STATUS/DESCRIPTION","modelName":"catalogModel"}},"wdio_ui5_key":"etmportal.ui.managecontracts.view.Detailsap.m.ObjectStatus{\"propertyPath\":\"LINK_TO_COMMERCIAL_STATUS/DESCRIPTION\",\"modelName\":\"catalogModel\"}"}]}
RESULT: undefined
COMMAND: POST /session/b614b8bdf87ea745e2832f5d1487871c/execute/async - {"script":"<script> [6424 bytes]","args":[{"element-6066-11e4-a52e-4f735466cecf":"f.E141158646C81433446781BCB2447156.d.6CA96A26A23E01BB0C91C13A003AD144.e.16252"},"getText",[]]}
RESULT: {"script":"<script> [6424 bytes]","args":[{"element-6066-11e4-a52e-4f735466cecf":"f.E141158646C81433446781BCB2447156.d.6CA96A26A23E01BB0C91C13A003AD144.e.16252"},"getText",[]]}
COMMAND: POST /session/b614b8bdf87ea745e2832f5d1487871c/execute/async - {"script":"<script> [1562 bytes]","args":[{"selector":{"id":"backBtn"},"wdio_ui5_key":"backBtn"}]}
RESULT: {"script":"<script> [1562 bytes]","args":[{"selector":{"id":"backBtn"},"wdio_ui5_key":"backBtn"}]}
RESULT: undefined
COMMAND: POST /session/b614b8bdf87ea745e2832f5d1487871c/element - {"using":"xpath","value":"//*[@id=\"backBtn\"]"}
RESULT: {"using":"xpath","value":"//*[@id=\"backBtn\"]"}
COMMAND: POST /session/b614b8bdf87ea745e2832f5d1487871c/element/f.E141158646C81433446781BCB2447156.d.6CA96A26A23E01BB0C91C13A003AD144.e.16253/click - {}
RESULT: {}
COMMAND: GET /session/b614b8bdf87ea745e2832f5d1487871c/screenshot - {}
COMMAND: POST /session/b614b8bdf87ea745e2832f5d1487871c/execute/async - {"script":"<script> [1562 bytes]","args":[{"selector":{"controlType":"sap.m.Text","viewName":"etm.portal.ui.managehandovers.view.DetailExecuteHO","bindingPath":{"propertyPath":"NO","modelName":"catalogModel"}},"wdio_ui5_key":"etmportal.ui.managehandovers.view.DetailExecuteHOsap.m.Text{\"propertyPath\":\"NO\",\"modelName\":\"catalogModel\"}"}]}
RESULT: {}
RESULT: {"script":"<script> [1562 bytes]","args":[{"selector":{"controlType":"sap.m.Text","viewName":"etm.portal.ui.managehandovers.view.DetailExecuteHO","bindingPath":{"propertyPath":"NO","modelName":"catalogModel"}},"wdio_ui5_key":"etmportal.ui.managehandovers.view.DetailExecuteHOsap.m.Text{\"propertyPath\":\"NO\",\"modelName\":\"catalogModel\"}"}]}
RESULT: undefined
COMMAND: POST /session/b614b8bdf87ea745e2832f5d1487871c/execute/async - {"script":"<script> [6424 bytes]","args":[{"element-6066-11e4-a52e-4f735466cecf":"f.E141158646C81433446781BCB2447156.d.6CA96A26A23E01BB0C91C13A003AD144.e.16369"},"getText",[]]}
RESULT: {"script":"<script> [6424 bytes]","args":[{"element-6066-11e4-a52e-4f735466cecf":"f.E141158646C81433446781BCB2447156.d.6CA96A26A23E01BB0C91C13A003AD144.e.16369"},"getText",[]]}
COMMAND: POST /session/b614b8bdf87ea745e2832f5d1487871c/element - {"using":"xpath","value":"//input[contains(@id ,\"issueDatePicker-inner\")]"}
RESULT: {"using":"xpath","value":"//input[contains(@id ,\"issueDatePicker-inner\")]"}
COMMAND: GET /session/b614b8bdf87ea745e2832f5d1487871c/element/f.E141158646C81433446781BCB2447156.d.6CA96A26A23E01BB0C91C13A003AD144.e.16352/property/value - {}
RESULT: {}
COMMAND: POST /session/b614b8bdf87ea745e2832f5d1487871c/element/f.E141158646C81433446781BCB2447156.d.6CA96A26A23E01BB0C91C13A003AD144.e.16352/clear - {}
COMMAND: GET /session/b614b8bdf87ea745e2832f5d1487871c/screenshot - {}
RESULT: {}
COMMAND: POST /session/b614b8bdf87ea745e2832f5d1487871c/element/f.E141158646C81433446781BCB2447156.d.6CA96A26A23E01BB0C91C13A003AD144.e.16352/value - {"text":"05/14/25"}
COMMAND: GET /session/b614b8bdf87ea745e2832f5d1487871c/screenshot - {}
RESULT: {}
RESULT: {"text":"05/14/25"}
COMMAND: GET /session/b614b8bdf87ea745e2832f5d1487871c/screenshot - {}
RESULT: {}
RESULT: {}
COMMAND: POST /session/b614b8bdf87ea745e2832f5d1487871c/execute/async - {"script":"<script> [1562 bytes]","args":[{"selector":{"controlType":"sap.m.Button","viewName":"etm.portal.ui.managehandovers.view.DetailExecuteHO","i18NText":{"propertyName":"text","key":"confirmAll"},"interaction":{"idSuffix":"inner"}},"wdio_ui5_key":"etmportal.ui.managehandovers.view.DetailExecuteHOsap.m.Button{\"propertyName\":\"text\",\"key\":\"confirmAll\"}"}]}
RESULT: {"script":"<script> [1562 bytes]","args":[{"selector":{"controlType":"sap.m.Button","viewName":"etm.portal.ui.managehandovers.view.DetailExecuteHO","i18NText":{"propertyName":"text","key":"confirmAll"},"interaction":{"idSuffix":"inner"}},"wdio_ui5_key":"etmportal.ui.managehandovers.view.DetailExecuteHOsap.m.Button{\"propertyName\":\"text\",\"key\":\"confirmAll\"}"}]}
RESULT: undefined
COMMAND: POST /session/b614b8bdf87ea745e2832f5d1487871c/element - {"using":"xpath","value":"//*[@id=\"__button249\"]"}
RESULT: {"using":"xpath","value":"//*[@id=\"__button249\"]"}
COMMAND: POST /session/b614b8bdf87ea745e2832f5d1487871c/element/f.E141158646C81433446781BCB2447156.d.6CA96A26A23E01BB0C91C13A003AD144.e.16375/click - {}
RESULT: {}
COMMAND: GET /session/b614b8bdf87ea745e2832f5d1487871c/screenshot - {}
RESULT: {}
COMMAND: POST /session/b614b8bdf87ea745e2832f5d1487871c/actions - {"actions":[{"id":"action82","type":"key","parameters":{},"actions":[{"type":"keyDown","value":"î€‡"},{"type":"pause","duration":10},{"type":"keyUp","value":"î€‡"}]}]}
RESULT: {"actions":[{"id":"action82","type":"key","parameters":{},"actions":[{"type":"keyDown","value":"î€‡"},{"type":"pause","duration":10},{"type":"keyUp","value":"î€‡"}]}]}
COMMAND: GET /session/b614b8bdf87ea745e2832f5d1487871c/screenshot - {}
RESULT: {}
RESULT: undefined
COMMAND: POST /session/b614b8bdf87ea745e2832f5d1487871c/element - {"using":"xpath","value":"//*[@id=\"__button249\"]"}
RESULT: {"using":"xpath","value":"//*[@id=\"__button249\"]"}
COMMAND: POST /session/b614b8bdf87ea745e2832f5d1487871c/element/f.E141158646C81433446781BCB2447156.d.6CA96A26A23E01BB0C91C13A003AD144.e.16375/click - {}
RESULT: {}
COMMAND: POST /session/b614b8bdf87ea745e2832f5d1487871c/execute/async - {"script":"<script> [1562 bytes]","args":[{"selector":{"controlType":"sap.m.Button","properties":{"text":"OK"},"searchOpenDialogs":true,"interaction":{"idSuffix":"content"}},"wdio_ui5_key":"sapm.Button{\"text\":\"OK\"}"}]}
COMMAND: GET /session/b614b8bdf87ea745e2832f5d1487871c/screenshot - {}
RESULT: {"script":"<script> [1562 bytes]","args":[{"selector":{"controlType":"sap.m.Button","properties":{"text":"OK"},"searchOpenDialogs":true,"interaction":{"idSuffix":"content"}},"wdio_ui5_key":"sapm.Button{\"text\":\"OK\"}"}]}
RESULT: undefined
COMMAND: POST /session/b614b8bdf87ea745e2832f5d1487871c/element - {"using":"xpath","value":"//*[@id=\"__mbox-btn-4\"]"}
RESULT: {}
RESULT: {"using":"xpath","value":"//*[@id=\"__mbox-btn-4\"]"}
COMMAND: POST /session/b614b8bdf87ea745e2832f5d1487871c/element/f.E141158646C81433446781BCB2447156.d.6CA96A26A23E01BB0C91C13A003AD144.e.16383/click - {}
RESULT: {}
COMMAND: GET /session/b614b8bdf87ea745e2832f5d1487871c/screenshot - {}
RESULT: {}
COMMAND: POST /session/b614b8bdf87ea745e2832f5d1487871c/element - {"using":"xpath","value":"//button[contains(@data-kt ,\"execHoPickFooterButton\")]"}
RESULT: {"using":"xpath","value":"//button[contains(@data-kt ,\"execHoPickFooterButton\")]"}
COMMAND: POST /session/b614b8bdf87ea745e2832f5d1487871c/element/f.E141158646C81433446781BCB2447156.d.6CA96A26A23E01BB0C91C13A003AD144.e.16388/click - {}
RESULT: {}
COMMAND: GET /session/b614b8bdf87ea745e2832f5d1487871c/screenshot - {}
RESULT: {}
COMMAND: POST /session/b614b8bdf87ea745e2832f5d1487871c/refresh - {}
RESULT: {}
COMMAND: GET /session/b614b8bdf87ea745e2832f5d1487871c/screenshot - {}
RESULT: {}
COMMAND: POST /session/b614b8bdf87ea745e2832f5d1487871c/refresh - {}
RESULT: {}
COMMAND: GET /session/b614b8bdf87ea745e2832f5d1487871c/screenshot - {}
RESULT: {}
COMMAND: POST /session/b614b8bdf87ea745e2832f5d1487871c/window/fullscreen - {}
RESULT: {}
COMMAND: POST /session/b614b8bdf87ea745e2832f5d1487871c/execute/async - {"script":"<script> [189 bytes]","args":[]}
RESULT: {"script":"<script> [189 bytes]","args":[]}
COMMAND: POST /session/b614b8bdf87ea745e2832f5d1487871c/execute/async - {"script":"<script> [123 bytes]","args":[]}
RESULT: {"script":"<script> [123 bytes]","args":[]}
COMMAND: POST /session/b614b8bdf87ea745e2832f5d1487871c/timeouts - {"script":"<number>"}
RESULT: {"script":"<number>"}
COMMAND: GET /session/b614b8bdf87ea745e2832f5d1487871c/timeouts - {}
RESULT: {}
RESULT: undefined
COMMAND: POST /session/b614b8bdf87ea745e2832f5d1487871c/execute/async - {"script":"<script> [2676 bytes]","args":[]}
RESULT: {"script":"<script> [2676 bytes]","args":[]}
COMMAND: POST /session/b614b8bdf87ea745e2832f5d1487871c/execute/async - {"script":"<script> [2342 bytes]","args":[{"protocol":"http","hostname":"0.0.0.0","path":"/","capabilities":{"browserName":"chrome","goog:chromeOptions":{"binary":"C:\\Program Files\\Google\\Chrome\\Application\\chrome.exe","args":["--start-maximized"]}},"logLevel":"warn","connectionRetryTimeout":120000,"connectionRetryCount":3,"logLevels":{},"enableDirectConnect":true,"strictSSL":true,"_":"65 more keys: [\"cacheDir\",\"port\",\"requestedCapabilities\",\"automationProtocol\",\"baseUrl\",\"waitforInterval\",\"waitforTimeout\",\"onReload\",\"beforeCommand\",\"afterCommand\",\"rootDir\",\"specs\",\"suites\",\"exclude\",\"groupLogsByTestSpec\",\"excludeDriverLogs\",\"bail\",\"framework\",\"reporters\",\"services\",\"maxInstances\",\"maxInstancesPerCapability\",\"injectGlobals\",\"filesToWatch\",\"execArgv\",\"runnerEnv\",\"runner\",\"shard\",\"specFileRetries\",\"specFileRetriesDelay\",\"specFileRetriesDeferred\",\"reporterSyncInterval\",\"reporterSyncTimeout\",\"cucumberFeaturesWithLineNumbers\",\"autoCompileOpts\",\"mochaOpts\",\"jasmineOpts\",\"cucumberOpts\",\"onPrepare\",\"onWorkerStart\",\"onWorkerEnd\",\"before\",\"beforeSession\",\"beforeSuite\",\"beforeHook\",\"beforeTest\",\"afterTest\",\"afterHook\",\"afterSuite\",\"afterSession\",\"after\",\"onComplete\",\"beforeAssertion\",\"afterAssertion\",\"beforeFeature\",\"beforeScenario\",\"beforeStep\",\"afterStep\",\"afterScenario\",\"afterFeature\",\"_\",\"suite\",\"$0\",\"ignoredWorkerServices\",\"wdi5\"]"}]}
RESULT: {"script":"<script> [2342 bytes]","args":[{"protocol":"http","hostname":"0.0.0.0","path":"/","capabilities":{"browserName":"chrome","goog:chromeOptions":{"binary":"C:\\Program Files\\Google\\Chrome\\Application\\chrome.exe","args":["--start-maximized"]}},"logLevel":"warn","connectionRetryTimeout":120000,"connectionRetryCount":3,"logLevels":{},"enableDirectConnect":true,"strictSSL":true,"_":"65 more keys: [\"cacheDir\",\"port\",\"requestedCapabilities\",\"automationProtocol\",\"baseUrl\",\"waitforInterval\",\"waitforTimeout\",\"onReload\",\"beforeCommand\",\"afterCommand\",\"rootDir\",\"specs\",\"suites\",\"exclude\",\"groupLogsByTestSpec\",\"excludeDriverLogs\",\"bail\",\"framework\",\"reporters\",\"services\",\"maxInstances\",\"maxInstancesPerCapability\",\"injectGlobals\",\"filesToWatch\",\"execArgv\",\"runnerEnv\",\"runner\",\"shard\",\"specFileRetries\",\"specFileRetriesDelay\",\"specFileRetriesDeferred\",\"reporterSyncInterval\",\"reporterSyncTimeout\",\"cucumberFeaturesWithLineNumbers\",\"autoCompileOpts\",\"mochaOpts\",\"jasmineOpts\",\"cucumberOpts\",\"onPrepare\",\"onWorkerStart\",\"onWorkerEnd\",\"before\",\"beforeSession\",\"beforeSuite\",\"beforeHook\",\"beforeTest\",\"afterTest\",\"afterHook\",\"afterSuite\",\"afterSession\",\"after\",\"onComplete\",\"beforeAssertion\",\"afterAssertion\",\"beforeFeature\",\"beforeScenario\",\"beforeStep\",\"afterStep\",\"afterScenario\",\"afterFeature\",\"_\",\"suite\",\"$0\",\"ignoredWorkerServices\",\"wdi5\"]"}]}
COMMAND: POST /session/b614b8bdf87ea745e2832f5d1487871c/execute/async - {"script":"<script> [21126 bytes]","args":[35000]}
RESULT: {"script":"<script> [21126 bytes]","args":[35000]}
COMMAND: POST /session/b614b8bdf87ea745e2832f5d1487871c/execute/async - {"script":"<script> [1562 bytes]","args":[{"selector":{"controlType":"sap.m.SearchField","viewName":"etm.portal.ui.managehandovers.view.MasterHO","bindingPath":{"path":"","propertyPath":"/_BASIC_SEARCH_FIELD","modelName":"fi1t3rM0d31"},"interaction":{"idSuffix":"I"}},"wdio_ui5_key":"etmportal.ui.managehandovers.view.MasterHOsap.m.SearchField{\"path\":\"\",\"propertyPath\":\"/_BASIC_SEARCH_FIELD\",\"modelName\":\"fi1t3rM0d31\"}"}]}
RESULT: {"script":"<script> [1562 bytes]","args":[{"selector":{"controlType":"sap.m.SearchField","viewName":"etm.portal.ui.managehandovers.view.MasterHO","bindingPath":{"path":"","propertyPath":"/_BASIC_SEARCH_FIELD","modelName":"fi1t3rM0d31"},"interaction":{"idSuffix":"I"}},"wdio_ui5_key":"etmportal.ui.managehandovers.view.MasterHOsap.m.SearchField{\"path\":\"\",\"propertyPath\":\"/_BASIC_SEARCH_FIELD\",\"modelName\":\"fi1t3rM0d31\"}"}]}
RESULT: undefined
COMMAND: POST /session/b614b8bdf87ea745e2832f5d1487871c/execute/async - {"script":"<script> [776 bytes]","args":[{"enterText":"30402","selector":{"controlType":"sap.m.SearchField","viewName":"etm.portal.ui.managehandovers.view.MasterHO","bindingPath":{"path":"","propertyPath":"/_BASIC_SEARCH_FIELD","modelName":"fi1t3rM0d31"},"interaction":{"idSuffix":"I"}},"clearTextFirst":true,"interactionType":"ENTER_TEXT"}]}
RESULT: {"script":"<script> [776 bytes]","args":[{"enterText":"30402","selector":{"controlType":"sap.m.SearchField","viewName":"etm.portal.ui.managehandovers.view.MasterHO","bindingPath":{"path":"","propertyPath":"/_BASIC_SEARCH_FIELD","modelName":"fi1t3rM0d31"},"interaction":{"idSuffix":"I"}},"clearTextFirst":true,"interactionType":"ENTER_TEXT"}]}
COMMAND: POST /session/b614b8bdf87ea745e2832f5d1487871c/actions - {"actions":[{"id":"action83","type":"key","parameters":{},"actions":[{"type":"keyDown","value":"î€‡"},{"type":"pause","duration":10},{"type":"keyUp","value":"î€‡"}]}]}
RESULT: {"actions":[{"id":"action83","type":"key","parameters":{},"actions":[{"type":"keyDown","value":"î€‡"},{"type":"pause","duration":10},{"type":"keyUp","value":"î€‡"}]}]}
COMMAND: GET /session/b614b8bdf87ea745e2832f5d1487871c/screenshot - {}
RESULT: {}
COMMAND: POST /session/b614b8bdf87ea745e2832f5d1487871c/execute/async - {"script":"<script> [1562 bytes]","args":[{"selector":{"controlType":"sap.m.Title","viewName":"etm.portal.ui.managehandovers.view.MasterHO","properties":{"text":"Records (1)"}},"wdio_ui5_key":"etmportal.ui.managehandovers.view.MasterHOsap.m.Title{\"text\":\"Records (1)\"}"}]}
RESULT: {"script":"<script> [1562 bytes]","args":[{"selector":{"controlType":"sap.m.Title","viewName":"etm.portal.ui.managehandovers.view.MasterHO","properties":{"text":"Records (1)"}},"wdio_ui5_key":"etmportal.ui.managehandovers.view.MasterHOsap.m.Title{\"text\":\"Records (1)\"}"}]}
RESULT: undefined
COMMAND: POST /session/b614b8bdf87ea745e2832f5d1487871c/execute/async - {"script":"<script> [6424 bytes]","args":[{"element-6066-11e4-a52e-4f735466cecf":"f.E141158646C81433446781BCB2447156.d.9B8B4232358EE2DA76E28068CB30A531.e.16760"},"getText",[]]}
RESULT: {"script":"<script> [6424 bytes]","args":[{"element-6066-11e4-a52e-4f735466cecf":"f.E141158646C81433446781BCB2447156.d.9B8B4232358EE2DA76E28068CB30A531.e.16760"},"getText",[]]}
COMMAND: POST /session/b614b8bdf87ea745e2832f5d1487871c/execute/async - {"script":"<script> [1562 bytes]","args":[{"selector":{"controlType":"sap.ui.core.Icon","viewName":"etm.portal.ui.managehandovers.view.MasterHO","properties":{"src":{"regex":{"source":"slim\\-arrow\\-right"}}}},"wdio_ui5_key":"etmportal.ui.managehandovers.view.MasterHOsap.ui.core.Icon{\"src\":{\"regex\":{\"source\":\"slim\\\\-arrow\\\\-right\"}}}"}]}
RESULT: {"script":"<script> [1562 bytes]","args":[{"selector":{"controlType":"sap.ui.core.Icon","viewName":"etm.portal.ui.managehandovers.view.MasterHO","properties":{"src":{"regex":{"source":"slim\\-arrow\\-right"}}}},"wdio_ui5_key":"etmportal.ui.managehandovers.view.MasterHOsap.ui.core.Icon{\"src\":{\"regex\":{\"source\":\"slim\\\\-arrow\\\\-right\"}}}"}]}
RESULT: undefined
COMMAND: POST /session/b614b8bdf87ea745e2832f5d1487871c/element - {"using":"xpath","value":"//*[@id=\"__item31-__clone17-imgNav\"]"}
RESULT: {"using":"xpath","value":"//*[@id=\"__item31-__clone17-imgNav\"]"}
COMMAND: POST /session/b614b8bdf87ea745e2832f5d1487871c/element/f.E141158646C81433446781BCB2447156.d.9B8B4232358EE2DA76E28068CB30A531.e.16759/click - {}
RESULT: {}
COMMAND: GET /session/b614b8bdf87ea745e2832f5d1487871c/screenshot - {}
RESULT: {}
COMMAND: POST /session/b614b8bdf87ea745e2832f5d1487871c/element - {"using":"xpath","value":"//a[contains(@data-kt ,\"GeneralSectionReceiveContracttLink\")]"}
RESULT: {"using":"xpath","value":"//a[contains(@data-kt ,\"GeneralSectionReceiveContracttLink\")]"}
COMMAND: POST /session/b614b8bdf87ea745e2832f5d1487871c/element/f.E141158646C81433446781BCB2447156.d.9B8B4232358EE2DA76E28068CB30A531.e.16852/click - {}
RESULT: {}
COMMAND: GET /session/b614b8bdf87ea745e2832f5d1487871c/screenshot - {}
RESULT: {}
COMMAND: POST /session/b614b8bdf87ea745e2832f5d1487871c/element - {"using":"xpath","value":"//a[contains(@data-kt ,\"ContextMenuId2Link\")]"}
RESULT: {"using":"xpath","value":"//a[contains(@data-kt ,\"ContextMenuId2Link\")]"}
COMMAND: POST /session/b614b8bdf87ea745e2832f5d1487871c/element/f.E141158646C81433446781BCB2447156.d.9B8B4232358EE2DA76E28068CB30A531.e.16855/click - {}
RESULT: {}
COMMAND: GET /session/b614b8bdf87ea745e2832f5d1487871c/screenshot - {}
RESULT: {}
COMMAND: POST /session/b614b8bdf87ea745e2832f5d1487871c/execute/async - {"script":"<script> [1562 bytes]","args":[{"selector":{"controlType":"sap.m.ObjectStatus","viewName":"etm.portal.ui.managecontracts.view.Detail","bindingPath":{"propertyPath":"LINK_TO_LOGISTICAL_STATUS/DESCRIPTION","modelName":"catalogModel"}},"wdio_ui5_key":"etmportal.ui.managecontracts.view.Detailsap.m.ObjectStatus{\"propertyPath\":\"LINK_TO_LOGISTICAL_STATUS/DESCRIPTION\",\"modelName\":\"catalogModel\"}"}]}
RESULT: {"script":"<script> [1562 bytes]","args":[{"selector":{"controlType":"sap.m.ObjectStatus","viewName":"etm.portal.ui.managecontracts.view.Detail","bindingPath":{"propertyPath":"LINK_TO_LOGISTICAL_STATUS/DESCRIPTION","modelName":"catalogModel"}},"wdio_ui5_key":"etmportal.ui.managecontracts.view.Detailsap.m.ObjectStatus{\"propertyPath\":\"LINK_TO_LOGISTICAL_STATUS/DESCRIPTION\",\"modelName\":\"catalogModel\"}"}]}
RESULT: undefined
COMMAND: POST /session/b614b8bdf87ea745e2832f5d1487871c/execute/async - {"script":"<script> [6424 bytes]","args":[{"element-6066-11e4-a52e-4f735466cecf":"f.E141158646C81433446781BCB2447156.d.9B8B4232358EE2DA76E28068CB30A531.e.17104"},"getText",[]]}
RESULT: {"script":"<script> [6424 bytes]","args":[{"element-6066-11e4-a52e-4f735466cecf":"f.E141158646C81433446781BCB2447156.d.9B8B4232358EE2DA76E28068CB30A531.e.17104"},"getText",[]]}
COMMAND: POST /session/b614b8bdf87ea745e2832f5d1487871c/execute/async - {"script":"<script> [1562 bytes]","args":[{"selector":{"controlType":"sap.m.ObjectStatus","viewName":"etm.portal.ui.managecontracts.view.Detail","bindingPath":{"propertyPath":"LINK_TO_COMMERCIAL_STATUS/DESCRIPTION","modelName":"catalogModel"}},"wdio_ui5_key":"etmportal.ui.managecontracts.view.Detailsap.m.ObjectStatus{\"propertyPath\":\"LINK_TO_COMMERCIAL_STATUS/DESCRIPTION\",\"modelName\":\"catalogModel\"}"}]}
RESULT: {"script":"<script> [1562 bytes]","args":[{"selector":{"controlType":"sap.m.ObjectStatus","viewName":"etm.portal.ui.managecontracts.view.Detail","bindingPath":{"propertyPath":"LINK_TO_COMMERCIAL_STATUS/DESCRIPTION","modelName":"catalogModel"}},"wdio_ui5_key":"etmportal.ui.managecontracts.view.Detailsap.m.ObjectStatus{\"propertyPath\":\"LINK_TO_COMMERCIAL_STATUS/DESCRIPTION\",\"modelName\":\"catalogModel\"}"}]}
RESULT: undefined
COMMAND: POST /session/b614b8bdf87ea745e2832f5d1487871c/execute/async - {"script":"<script> [6424 bytes]","args":[{"element-6066-11e4-a52e-4f735466cecf":"f.E141158646C81433446781BCB2447156.d.9B8B4232358EE2DA76E28068CB30A531.e.17105"},"getText",[]]}
RESULT: {"script":"<script> [6424 bytes]","args":[{"element-6066-11e4-a52e-4f735466cecf":"f.E141158646C81433446781BCB2447156.d.9B8B4232358EE2DA76E28068CB30A531.e.17105"},"getText",[]]}
COMMAND: POST /session/b614b8bdf87ea745e2832f5d1487871c/execute/async - {"script":"<script> [1562 bytes]","args":[{"selector":{"id":"backBtn"},"wdio_ui5_key":"backBtn"}]}
RESULT: {"script":"<script> [1562 bytes]","args":[{"selector":{"id":"backBtn"},"wdio_ui5_key":"backBtn"}]}
RESULT: undefined
COMMAND: POST /session/b614b8bdf87ea745e2832f5d1487871c/element - {"using":"xpath","value":"//*[@id=\"backBtn\"]"}
RESULT: {"using":"xpath","value":"//*[@id=\"backBtn\"]"}
COMMAND: POST /session/b614b8bdf87ea745e2832f5d1487871c/element/f.E141158646C81433446781BCB2447156.d.9B8B4232358EE2DA76E28068CB30A531.e.17106/click - {}
RESULT: {}
COMMAND: GET /session/b614b8bdf87ea745e2832f5d1487871c/screenshot - {}
RESULT: {}
COMMAND: POST /session/b614b8bdf87ea745e2832f5d1487871c/execute/async - {"script":"<script> [1562 bytes]","args":[{"selector":{"controlType":"sap.m.Button","viewName":"etm.portal.ui.managehandovers.view.DetailExecuteHO","i18NText":{"propertyName":"text","key":"confirmAll"},"interaction":{"idSuffix":"BDI-content"}},"wdio_ui5_key":"etmportal.ui.managehandovers.view.DetailExecuteHOsap.m.Button{\"propertyName\":\"text\",\"key\":\"confirmAll\"}"}]}
RESULT: {"script":"<script> [1562 bytes]","args":[{"selector":{"controlType":"sap.m.Button","viewName":"etm.portal.ui.managehandovers.view.DetailExecuteHO","i18NText":{"propertyName":"text","key":"confirmAll"},"interaction":{"idSuffix":"BDI-content"}},"wdio_ui5_key":"etmportal.ui.managehandovers.view.DetailExecuteHOsap.m.Button{\"propertyName\":\"text\",\"key\":\"confirmAll\"}"}]}
RESULT: undefined
COMMAND: POST /session/b614b8bdf87ea745e2832f5d1487871c/element - {"using":"xpath","value":"//*[@id=\"__button81\"]"}
RESULT: {"using":"xpath","value":"//*[@id=\"__button81\"]"}
COMMAND: POST /session/b614b8bdf87ea745e2832f5d1487871c/element/f.E141158646C81433446781BCB2447156.d.9B8B4232358EE2DA76E28068CB30A531.e.17376/click - {}
RESULT: {}
COMMAND: GET /session/b614b8bdf87ea745e2832f5d1487871c/screenshot - {}
RESULT: {}
COMMAND: POST /session/b614b8bdf87ea745e2832f5d1487871c/execute/async - {"script":"<script> [1562 bytes]","args":[{"selector":{"controlType":"sap.m.Button","properties":{"text":"OK"},"searchOpenDialogs":true,"interaction":{"idSuffix":"inner"}},"wdio_ui5_key":"sapm.Button{\"text\":\"OK\"}"}]}
RESULT: {"script":"<script> [1562 bytes]","args":[{"selector":{"controlType":"sap.m.Button","properties":{"text":"OK"},"searchOpenDialogs":true,"interaction":{"idSuffix":"inner"}},"wdio_ui5_key":"sapm.Button{\"text\":\"OK\"}"}]}
RESULT: undefined
COMMAND: POST /session/b614b8bdf87ea745e2832f5d1487871c/element - {"using":"xpath","value":"//*[@id=\"__mbox-btn-0\"]"}
RESULT: {"using":"xpath","value":"//*[@id=\"__mbox-btn-0\"]"}
COMMAND: POST /session/b614b8bdf87ea745e2832f5d1487871c/element/f.E141158646C81433446781BCB2447156.d.9B8B4232358EE2DA76E28068CB30A531.e.17382/click - {}
RESULT: {}
COMMAND: GET /session/b614b8bdf87ea745e2832f5d1487871c/screenshot - {}
RESULT: {}
COMMAND: POST /session/b614b8bdf87ea745e2832f5d1487871c/element - {"using":"xpath","value":"//button[contains(@data-kt ,\"execHoIssueFooterButton\")]"}
RESULT: {"using":"xpath","value":"//button[contains(@data-kt ,\"execHoIssueFooterButton\")]"}
COMMAND: POST /session/b614b8bdf87ea745e2832f5d1487871c/element/f.E141158646C81433446781BCB2447156.d.9B8B4232358EE2DA76E28068CB30A531.e.17385/click - {}
RESULT: {}
COMMAND: GET /session/b614b8bdf87ea745e2832f5d1487871c/screenshot - {}
RESULT: {}
COMMAND: POST /session/b614b8bdf87ea745e2832f5d1487871c/refresh - {}
RESULT: {}
COMMAND: GET /session/b614b8bdf87ea745e2832f5d1487871c/screenshot - {}
RESULT: {}
COMMAND: POST /session/b614b8bdf87ea745e2832f5d1487871c/refresh - {}
RESULT: {}
COMMAND: GET /session/b614b8bdf87ea745e2832f5d1487871c/screenshot - {}
RESULT: {}
COMMAND: POST /session/b614b8bdf87ea745e2832f5d1487871c/window/fullscreen - {}
RESULT: {}
COMMAND: POST /session/b614b8bdf87ea745e2832f5d1487871c/execute/async - {"script":"<script> [189 bytes]","args":[]}
RESULT: {"script":"<script> [189 bytes]","args":[]}
COMMAND: POST /session/b614b8bdf87ea745e2832f5d1487871c/execute/async - {"script":"<script> [123 bytes]","args":[]}
RESULT: {"script":"<script> [123 bytes]","args":[]}
COMMAND: POST /session/b614b8bdf87ea745e2832f5d1487871c/timeouts - {"script":"<number>"}
RESULT: {"script":"<number>"}
COMMAND: GET /session/b614b8bdf87ea745e2832f5d1487871c/timeouts - {}
RESULT: {}
RESULT: undefined
COMMAND: POST /session/b614b8bdf87ea745e2832f5d1487871c/execute/async - {"script":"<script> [2676 bytes]","args":[]}
RESULT: {"script":"<script> [2676 bytes]","args":[]}
COMMAND: POST /session/b614b8bdf87ea745e2832f5d1487871c/execute/async - {"script":"<script> [2342 bytes]","args":[{"protocol":"http","hostname":"0.0.0.0","path":"/","capabilities":{"browserName":"chrome","goog:chromeOptions":{"binary":"C:\\Program Files\\Google\\Chrome\\Application\\chrome.exe","args":["--start-maximized"]}},"logLevel":"warn","connectionRetryTimeout":120000,"connectionRetryCount":3,"logLevels":{},"enableDirectConnect":true,"strictSSL":true,"_":"65 more keys: [\"cacheDir\",\"port\",\"requestedCapabilities\",\"automationProtocol\",\"baseUrl\",\"waitforInterval\",\"waitforTimeout\",\"onReload\",\"beforeCommand\",\"afterCommand\",\"rootDir\",\"specs\",\"suites\",\"exclude\",\"groupLogsByTestSpec\",\"excludeDriverLogs\",\"bail\",\"framework\",\"reporters\",\"services\",\"maxInstances\",\"maxInstancesPerCapability\",\"injectGlobals\",\"filesToWatch\",\"execArgv\",\"runnerEnv\",\"runner\",\"shard\",\"specFileRetries\",\"specFileRetriesDelay\",\"specFileRetriesDeferred\",\"reporterSyncInterval\",\"reporterSyncTimeout\",\"cucumberFeaturesWithLineNumbers\",\"autoCompileOpts\",\"mochaOpts\",\"jasmineOpts\",\"cucumberOpts\",\"onPrepare\",\"onWorkerStart\",\"onWorkerEnd\",\"before\",\"beforeSession\",\"beforeSuite\",\"beforeHook\",\"beforeTest\",\"afterTest\",\"afterHook\",\"afterSuite\",\"afterSession\",\"after\",\"onComplete\",\"beforeAssertion\",\"afterAssertion\",\"beforeFeature\",\"beforeScenario\",\"beforeStep\",\"afterStep\",\"afterScenario\",\"afterFeature\",\"_\",\"suite\",\"$0\",\"ignoredWorkerServices\",\"wdi5\"]"}]}
RESULT: {"script":"<script> [2342 bytes]","args":[{"protocol":"http","hostname":"0.0.0.0","path":"/","capabilities":{"browserName":"chrome","goog:chromeOptions":{"binary":"C:\\Program Files\\Google\\Chrome\\Application\\chrome.exe","args":["--start-maximized"]}},"logLevel":"warn","connectionRetryTimeout":120000,"connectionRetryCount":3,"logLevels":{},"enableDirectConnect":true,"strictSSL":true,"_":"65 more keys: [\"cacheDir\",\"port\",\"requestedCapabilities\",\"automationProtocol\",\"baseUrl\",\"waitforInterval\",\"waitforTimeout\",\"onReload\",\"beforeCommand\",\"afterCommand\",\"rootDir\",\"specs\",\"suites\",\"exclude\",\"groupLogsByTestSpec\",\"excludeDriverLogs\",\"bail\",\"framework\",\"reporters\",\"services\",\"maxInstances\",\"maxInstancesPerCapability\",\"injectGlobals\",\"filesToWatch\",\"execArgv\",\"runnerEnv\",\"runner\",\"shard\",\"specFileRetries\",\"specFileRetriesDelay\",\"specFileRetriesDeferred\",\"reporterSyncInterval\",\"reporterSyncTimeout\",\"cucumberFeaturesWithLineNumbers\",\"autoCompileOpts\",\"mochaOpts\",\"jasmineOpts\",\"cucumberOpts\",\"onPrepare\",\"onWorkerStart\",\"onWorkerEnd\",\"before\",\"beforeSession\",\"beforeSuite\",\"beforeHook\",\"beforeTest\",\"afterTest\",\"afterHook\",\"afterSuite\",\"afterSession\",\"after\",\"onComplete\",\"beforeAssertion\",\"afterAssertion\",\"beforeFeature\",\"beforeScenario\",\"beforeStep\",\"afterStep\",\"afterScenario\",\"afterFeature\",\"_\",\"suite\",\"$0\",\"ignoredWorkerServices\",\"wdi5\"]"}]}
COMMAND: POST /session/b614b8bdf87ea745e2832f5d1487871c/execute/async - {"script":"<script> [21126 bytes]","args":[35000]}
RESULT: {"script":"<script> [21126 bytes]","args":[35000]}
COMMAND: POST /session/b614b8bdf87ea745e2832f5d1487871c/execute/async - {"script":"<script> [1562 bytes]","args":[{"selector":{"controlType":"sap.m.SearchField","viewName":"etm.portal.ui.managehandovers.view.MasterHO","bindingPath":{"path":"","propertyPath":"/_BASIC_SEARCH_FIELD","modelName":"fi1t3rM0d31"},"interaction":{"idSuffix":"I"}},"wdio_ui5_key":"etmportal.ui.managehandovers.view.MasterHOsap.m.SearchField{\"path\":\"\",\"propertyPath\":\"/_BASIC_SEARCH_FIELD\",\"modelName\":\"fi1t3rM0d31\"}"}]}
RESULT: {"script":"<script> [1562 bytes]","args":[{"selector":{"controlType":"sap.m.SearchField","viewName":"etm.portal.ui.managehandovers.view.MasterHO","bindingPath":{"path":"","propertyPath":"/_BASIC_SEARCH_FIELD","modelName":"fi1t3rM0d31"},"interaction":{"idSuffix":"I"}},"wdio_ui5_key":"etmportal.ui.managehandovers.view.MasterHOsap.m.SearchField{\"path\":\"\",\"propertyPath\":\"/_BASIC_SEARCH_FIELD\",\"modelName\":\"fi1t3rM0d31\"}"}]}
RESULT: undefined
COMMAND: POST /session/b614b8bdf87ea745e2832f5d1487871c/execute/async - {"script":"<script> [776 bytes]","args":[{"enterText":"30402","selector":{"controlType":"sap.m.SearchField","viewName":"etm.portal.ui.managehandovers.view.MasterHO","bindingPath":{"path":"","propertyPath":"/_BASIC_SEARCH_FIELD","modelName":"fi1t3rM0d31"},"interaction":{"idSuffix":"I"}},"clearTextFirst":true,"interactionType":"ENTER_TEXT"}]}
RESULT: {"script":"<script> [776 bytes]","args":[{"enterText":"30402","selector":{"controlType":"sap.m.SearchField","viewName":"etm.portal.ui.managehandovers.view.MasterHO","bindingPath":{"path":"","propertyPath":"/_BASIC_SEARCH_FIELD","modelName":"fi1t3rM0d31"},"interaction":{"idSuffix":"I"}},"clearTextFirst":true,"interactionType":"ENTER_TEXT"}]}
COMMAND: POST /session/b614b8bdf87ea745e2832f5d1487871c/actions - {"actions":[{"id":"action84","type":"key","parameters":{},"actions":[{"type":"keyDown","value":"î€‡"},{"type":"pause","duration":10},{"type":"keyUp","value":"î€‡"}]}]}
RESULT: {"actions":[{"id":"action84","type":"key","parameters":{},"actions":[{"type":"keyDown","value":"î€‡"},{"type":"pause","duration":10},{"type":"keyUp","value":"î€‡"}]}]}
COMMAND: GET /session/b614b8bdf87ea745e2832f5d1487871c/screenshot - {}
RESULT: {}
COMMAND: POST /session/b614b8bdf87ea745e2832f5d1487871c/execute/async - {"script":"<script> [1562 bytes]","args":[{"selector":{"controlType":"sap.m.Title","viewName":"etm.portal.ui.managehandovers.view.MasterHO","properties":{"text":"Records (1)"}},"wdio_ui5_key":"etmportal.ui.managehandovers.view.MasterHOsap.m.Title{\"text\":\"Records (1)\"}"}]}
RESULT: {"script":"<script> [1562 bytes]","args":[{"selector":{"controlType":"sap.m.Title","viewName":"etm.portal.ui.managehandovers.view.MasterHO","properties":{"text":"Records (1)"}},"wdio_ui5_key":"etmportal.ui.managehandovers.view.MasterHOsap.m.Title{\"text\":\"Records (1)\"}"}]}
RESULT: undefined
COMMAND: POST /session/b614b8bdf87ea745e2832f5d1487871c/execute/async - {"script":"<script> [6424 bytes]","args":[{"element-6066-11e4-a52e-4f735466cecf":"f.E141158646C81433446781BCB2447156.d.2188A938781A712157E53AC90FE2FA22.e.17572"},"getText",[]]}
RESULT: {"script":"<script> [6424 bytes]","args":[{"element-6066-11e4-a52e-4f735466cecf":"f.E141158646C81433446781BCB2447156.d.2188A938781A712157E53AC90FE2FA22.e.17572"},"getText",[]]}
COMMAND: POST /session/b614b8bdf87ea745e2832f5d1487871c/execute/async - {"script":"<script> [1562 bytes]","args":[{"selector":{"controlType":"sap.ui.core.Icon","viewName":"etm.portal.ui.managehandovers.view.MasterHO","properties":{"src":{"regex":{"source":"slim\\-arrow\\-right"}}}},"wdio_ui5_key":"etmportal.ui.managehandovers.view.MasterHOsap.ui.core.Icon{\"src\":{\"regex\":{\"source\":\"slim\\\\-arrow\\\\-right\"}}}"}]}
RESULT: {"script":"<script> [1562 bytes]","args":[{"selector":{"controlType":"sap.ui.core.Icon","viewName":"etm.portal.ui.managehandovers.view.MasterHO","properties":{"src":{"regex":{"source":"slim\\-arrow\\-right"}}}},"wdio_ui5_key":"etmportal.ui.managehandovers.view.MasterHOsap.ui.core.Icon{\"src\":{\"regex\":{\"source\":\"slim\\\\-arrow\\\\-right\"}}}"}]}
RESULT: undefined
COMMAND: POST /session/b614b8bdf87ea745e2832f5d1487871c/element - {"using":"xpath","value":"//*[@id=\"__item29-__clone17-imgNav\"]"}
RESULT: {"using":"xpath","value":"//*[@id=\"__item29-__clone17-imgNav\"]"}
COMMAND: POST /session/b614b8bdf87ea745e2832f5d1487871c/element/f.E141158646C81433446781BCB2447156.d.2188A938781A712157E53AC90FE2FA22.e.17571/click - {}
RESULT: {}
COMMAND: GET /session/b614b8bdf87ea745e2832f5d1487871c/screenshot - {}
RESULT: {}
COMMAND: POST /session/b614b8bdf87ea745e2832f5d1487871c/execute/async - {"script":"<script> [1562 bytes]","args":[{"selector":{"controlType":"sap.m.ObjectStatus","viewName":"etm.portal.ui.managehandovers.view.DetailExecuteHO","labelFor":{"text":"Status"}},"wdio_ui5_key":"etmportal.ui.managehandovers.view.DetailExecuteHOsap.m.ObjectStatus{\"text\":\"Status\"}"}]}
RESULT: {"script":"<script> [1562 bytes]","args":[{"selector":{"controlType":"sap.m.ObjectStatus","viewName":"etm.portal.ui.managehandovers.view.DetailExecuteHO","labelFor":{"text":"Status"}},"wdio_ui5_key":"etmportal.ui.managehandovers.view.DetailExecuteHOsap.m.ObjectStatus{\"text\":\"Status\"}"}]}
RESULT: undefined
COMMAND: POST /session/b614b8bdf87ea745e2832f5d1487871c/execute/async - {"script":"<script> [6424 bytes]","args":[{"element-6066-11e4-a52e-4f735466cecf":"f.E141158646C81433446781BCB2447156.d.2188A938781A712157E53AC90FE2FA22.e.17662"},"getText",[]]}
RESULT: {"script":"<script> [6424 bytes]","args":[{"element-6066-11e4-a52e-4f735466cecf":"f.E141158646C81433446781BCB2447156.d.2188A938781A712157E53AC90FE2FA22.e.17662"},"getText",[]]}
COMMAND: POST /session/b614b8bdf87ea745e2832f5d1487871c/execute/async - {"script":"<script> [1562 bytes]","args":[{"selector":{"controlType":"sap.m.Button","viewName":"etm.portal.ui.managehandovers.view.DetailExecuteHO","i18NText":{"propertyName":"text","key":"confirmAll"},"interaction":{"idSuffix":"BDI-content"}},"wdio_ui5_key":"etmportal.ui.managehandovers.view.DetailExecuteHOsap.m.Button{\"propertyName\":\"text\",\"key\":\"confirmAll\"}"}]}
RESULT: {"script":"<script> [1562 bytes]","args":[{"selector":{"controlType":"sap.m.Button","viewName":"etm.portal.ui.managehandovers.view.DetailExecuteHO","i18NText":{"propertyName":"text","key":"confirmAll"},"interaction":{"idSuffix":"BDI-content"}},"wdio_ui5_key":"etmportal.ui.managehandovers.view.DetailExecuteHOsap.m.Button{\"propertyName\":\"text\",\"key\":\"confirmAll\"}"}]}
RESULT: undefined
COMMAND: POST /session/b614b8bdf87ea745e2832f5d1487871c/element - {"using":"xpath","value":"//*[@id=\"__button29\"]"}
RESULT: {"using":"xpath","value":"//*[@id=\"__button29\"]"}
COMMAND: POST /session/b614b8bdf87ea745e2832f5d1487871c/element/f.E141158646C81433446781BCB2447156.d.2188A938781A712157E53AC90FE2FA22.e.17664/click - {}
RESULT: {}
COMMAND: GET /session/b614b8bdf87ea745e2832f5d1487871c/screenshot - {}
RESULT: {}
COMMAND: POST /session/b614b8bdf87ea745e2832f5d1487871c/execute/async - {"script":"<script> [1562 bytes]","args":[{"selector":{"controlType":"sap.m.Button","properties":{"text":"OK"},"searchOpenDialogs":true,"interaction":{"idSuffix":"BDI-content"}},"wdio_ui5_key":"sapm.Button{\"text\":\"OK\"}"}]}
RESULT: {"script":"<script> [1562 bytes]","args":[{"selector":{"controlType":"sap.m.Button","properties":{"text":"OK"},"searchOpenDialogs":true,"interaction":{"idSuffix":"BDI-content"}},"wdio_ui5_key":"sapm.Button{\"text\":\"OK\"}"}]}
RESULT: undefined
COMMAND: POST /session/b614b8bdf87ea745e2832f5d1487871c/element - {"using":"xpath","value":"//*[@id=\"__mbox-btn-0\"]"}
RESULT: {"using":"xpath","value":"//*[@id=\"__mbox-btn-0\"]"}
COMMAND: POST /session/b614b8bdf87ea745e2832f5d1487871c/element/f.E141158646C81433446781BCB2447156.d.2188A938781A712157E53AC90FE2FA22.e.17665/click - {}
RESULT: {}
COMMAND: GET /session/b614b8bdf87ea745e2832f5d1487871c/screenshot - {}
RESULT: {}
COMMAND: POST /session/b614b8bdf87ea745e2832f5d1487871c/element - {"using":"xpath","value":"//button[contains(@data-kt ,\"execHoReceiveFooterButton\")]"}
RESULT: {"using":"xpath","value":"//button[contains(@data-kt ,\"execHoReceiveFooterButton\")]"}
COMMAND: POST /session/b614b8bdf87ea745e2832f5d1487871c/element/f.E141158646C81433446781BCB2447156.d.2188A938781A712157E53AC90FE2FA22.e.17626/click - {}
RESULT: {}
COMMAND: GET /session/b614b8bdf87ea745e2832f5d1487871c/screenshot - {}
RESULT: {}
COMMAND: POST /session/b614b8bdf87ea745e2832f5d1487871c/refresh - {}
RESULT: {}
COMMAND: GET /session/b614b8bdf87ea745e2832f5d1487871c/screenshot - {}
RESULT: {}
COMMAND: POST /session/b614b8bdf87ea745e2832f5d1487871c/refresh - {}
RESULT: {}
COMMAND: GET /session/b614b8bdf87ea745e2832f5d1487871c/screenshot - {}
RESULT: {}
COMMAND: POST /session/b614b8bdf87ea745e2832f5d1487871c/window/fullscreen - {}
RESULT: {}
COMMAND: POST /session/b614b8bdf87ea745e2832f5d1487871c/execute/async - {"script":"<script> [189 bytes]","args":[]}
RESULT: {"script":"<script> [189 bytes]","args":[]}
COMMAND: POST /session/b614b8bdf87ea745e2832f5d1487871c/execute/async - {"script":"<script> [123 bytes]","args":[]}
RESULT: {"script":"<script> [123 bytes]","args":[]}
COMMAND: POST /session/b614b8bdf87ea745e2832f5d1487871c/timeouts - {"script":"<number>"}
RESULT: {"script":"<number>"}
COMMAND: GET /session/b614b8bdf87ea745e2832f5d1487871c/timeouts - {}
RESULT: {}
RESULT: undefined
COMMAND: POST /session/b614b8bdf87ea745e2832f5d1487871c/execute/async - {"script":"<script> [2676 bytes]","args":[]}
RESULT: {"script":"<script> [2676 bytes]","args":[]}
COMMAND: POST /session/b614b8bdf87ea745e2832f5d1487871c/execute/async - {"script":"<script> [2342 bytes]","args":[{"protocol":"http","hostname":"0.0.0.0","path":"/","capabilities":{"browserName":"chrome","goog:chromeOptions":{"binary":"C:\\Program Files\\Google\\Chrome\\Application\\chrome.exe","args":["--start-maximized"]}},"logLevel":"warn","connectionRetryTimeout":120000,"connectionRetryCount":3,"logLevels":{},"enableDirectConnect":true,"strictSSL":true,"_":"65 more keys: [\"cacheDir\",\"port\",\"requestedCapabilities\",\"automationProtocol\",\"baseUrl\",\"waitforInterval\",\"waitforTimeout\",\"onReload\",\"beforeCommand\",\"afterCommand\",\"rootDir\",\"specs\",\"suites\",\"exclude\",\"groupLogsByTestSpec\",\"excludeDriverLogs\",\"bail\",\"framework\",\"reporters\",\"services\",\"maxInstances\",\"maxInstancesPerCapability\",\"injectGlobals\",\"filesToWatch\",\"execArgv\",\"runnerEnv\",\"runner\",\"shard\",\"specFileRetries\",\"specFileRetriesDelay\",\"specFileRetriesDeferred\",\"reporterSyncInterval\",\"reporterSyncTimeout\",\"cucumberFeaturesWithLineNumbers\",\"autoCompileOpts\",\"mochaOpts\",\"jasmineOpts\",\"cucumberOpts\",\"onPrepare\",\"onWorkerStart\",\"onWorkerEnd\",\"before\",\"beforeSession\",\"beforeSuite\",\"beforeHook\",\"beforeTest\",\"afterTest\",\"afterHook\",\"afterSuite\",\"afterSession\",\"after\",\"onComplete\",\"beforeAssertion\",\"afterAssertion\",\"beforeFeature\",\"beforeScenario\",\"beforeStep\",\"afterStep\",\"afterScenario\",\"afterFeature\",\"_\",\"suite\",\"$0\",\"ignoredWorkerServices\",\"wdi5\"]"}]}
RESULT: {"script":"<script> [2342 bytes]","args":[{"protocol":"http","hostname":"0.0.0.0","path":"/","capabilities":{"browserName":"chrome","goog:chromeOptions":{"binary":"C:\\Program Files\\Google\\Chrome\\Application\\chrome.exe","args":["--start-maximized"]}},"logLevel":"warn","connectionRetryTimeout":120000,"connectionRetryCount":3,"logLevels":{},"enableDirectConnect":true,"strictSSL":true,"_":"65 more keys: [\"cacheDir\",\"port\",\"requestedCapabilities\",\"automationProtocol\",\"baseUrl\",\"waitforInterval\",\"waitforTimeout\",\"onReload\",\"beforeCommand\",\"afterCommand\",\"rootDir\",\"specs\",\"suites\",\"exclude\",\"groupLogsByTestSpec\",\"excludeDriverLogs\",\"bail\",\"framework\",\"reporters\",\"services\",\"maxInstances\",\"maxInstancesPerCapability\",\"injectGlobals\",\"filesToWatch\",\"execArgv\",\"runnerEnv\",\"runner\",\"shard\",\"specFileRetries\",\"specFileRetriesDelay\",\"specFileRetriesDeferred\",\"reporterSyncInterval\",\"reporterSyncTimeout\",\"cucumberFeaturesWithLineNumbers\",\"autoCompileOpts\",\"mochaOpts\",\"jasmineOpts\",\"cucumberOpts\",\"onPrepare\",\"onWorkerStart\",\"onWorkerEnd\",\"before\",\"beforeSession\",\"beforeSuite\",\"beforeHook\",\"beforeTest\",\"afterTest\",\"afterHook\",\"afterSuite\",\"afterSession\",\"after\",\"onComplete\",\"beforeAssertion\",\"afterAssertion\",\"beforeFeature\",\"beforeScenario\",\"beforeStep\",\"afterStep\",\"afterScenario\",\"afterFeature\",\"_\",\"suite\",\"$0\",\"ignoredWorkerServices\",\"wdi5\"]"}]}
COMMAND: POST /session/b614b8bdf87ea745e2832f5d1487871c/execute/async - {"script":"<script> [21126 bytes]","args":[35000]}
RESULT: {"script":"<script> [21126 bytes]","args":[35000]}
COMMAND: POST /session/b614b8bdf87ea745e2832f5d1487871c/execute/async - {"script":"<script> [1562 bytes]","args":[{"selector":{"controlType":"sap.m.SearchField","viewName":"etm.portal.ui.managehandovers.view.MasterHO","bindingPath":{"path":"","propertyPath":"/_BASIC_SEARCH_FIELD","modelName":"fi1t3rM0d31"},"interaction":{"idSuffix":"I"}},"wdio_ui5_key":"etmportal.ui.managehandovers.view.MasterHOsap.m.SearchField{\"path\":\"\",\"propertyPath\":\"/_BASIC_SEARCH_FIELD\",\"modelName\":\"fi1t3rM0d31\"}"}]}
RESULT: {"script":"<script> [1562 bytes]","args":[{"selector":{"controlType":"sap.m.SearchField","viewName":"etm.portal.ui.managehandovers.view.MasterHO","bindingPath":{"path":"","propertyPath":"/_BASIC_SEARCH_FIELD","modelName":"fi1t3rM0d31"},"interaction":{"idSuffix":"I"}},"wdio_ui5_key":"etmportal.ui.managehandovers.view.MasterHOsap.m.SearchField{\"path\":\"\",\"propertyPath\":\"/_BASIC_SEARCH_FIELD\",\"modelName\":\"fi1t3rM0d31\"}"}]}
RESULT: undefined
COMMAND: POST /session/b614b8bdf87ea745e2832f5d1487871c/execute/async - {"script":"<script> [776 bytes]","args":[{"enterText":"30402","selector":{"controlType":"sap.m.SearchField","viewName":"etm.portal.ui.managehandovers.view.MasterHO","bindingPath":{"path":"","propertyPath":"/_BASIC_SEARCH_FIELD","modelName":"fi1t3rM0d31"},"interaction":{"idSuffix":"I"}},"clearTextFirst":true,"interactionType":"ENTER_TEXT"}]}
RESULT: {"script":"<script> [776 bytes]","args":[{"enterText":"30402","selector":{"controlType":"sap.m.SearchField","viewName":"etm.portal.ui.managehandovers.view.MasterHO","bindingPath":{"path":"","propertyPath":"/_BASIC_SEARCH_FIELD","modelName":"fi1t3rM0d31"},"interaction":{"idSuffix":"I"}},"clearTextFirst":true,"interactionType":"ENTER_TEXT"}]}
COMMAND: POST /session/b614b8bdf87ea745e2832f5d1487871c/actions - {"actions":[{"id":"action85","type":"key","parameters":{},"actions":[{"type":"keyDown","value":"î€‡"},{"type":"pause","duration":10},{"type":"keyUp","value":"î€‡"}]}]}
RESULT: {"actions":[{"id":"action85","type":"key","parameters":{},"actions":[{"type":"keyDown","value":"î€‡"},{"type":"pause","duration":10},{"type":"keyUp","value":"î€‡"}]}]}
COMMAND: GET /session/b614b8bdf87ea745e2832f5d1487871c/screenshot - {}
COMMAND: POST /session/b614b8bdf87ea745e2832f5d1487871c/execute/async - {"script":"<script> [1562 bytes]","args":[{"selector":{"controlType":"sap.m.Title","viewName":"etm.portal.ui.managehandovers.view.MasterHO","properties":{"text":"Records (1)"}},"wdio_ui5_key":"etmportal.ui.managehandovers.view.MasterHOsap.m.Title{\"text\":\"Records (1)\"}"}]}
RESULT: {}
RESULT: {"script":"<script> [1562 bytes]","args":[{"selector":{"controlType":"sap.m.Title","viewName":"etm.portal.ui.managehandovers.view.MasterHO","properties":{"text":"Records (1)"}},"wdio_ui5_key":"etmportal.ui.managehandovers.view.MasterHOsap.m.Title{\"text\":\"Records (1)\"}"}]}
RESULT: undefined
COMMAND: POST /session/b614b8bdf87ea745e2832f5d1487871c/execute/async - {"script":"<script> [6424 bytes]","args":[{"element-6066-11e4-a52e-4f735466cecf":"f.E141158646C81433446781BCB2447156.d.A753FE1AD8E56EA87CDF4195C546BF38.e.17834"},"getText",[]]}
RESULT: {"script":"<script> [6424 bytes]","args":[{"element-6066-11e4-a52e-4f735466cecf":"f.E141158646C81433446781BCB2447156.d.A753FE1AD8E56EA87CDF4195C546BF38.e.17834"},"getText",[]]}
COMMAND: POST /session/b614b8bdf87ea745e2832f5d1487871c/execute/async - {"script":"<script> [1562 bytes]","args":[{"selector":{"controlType":"sap.ui.core.Icon","viewName":"etm.portal.ui.managehandovers.view.MasterHO","properties":{"src":{"regex":{"source":"slim\\-arrow\\-right"}}}},"wdio_ui5_key":"etmportal.ui.managehandovers.view.MasterHOsap.ui.core.Icon{\"src\":{\"regex\":{\"source\":\"slim\\\\-arrow\\\\-right\"}}}"}]}
RESULT: {"script":"<script> [1562 bytes]","args":[{"selector":{"controlType":"sap.ui.core.Icon","viewName":"etm.portal.ui.managehandovers.view.MasterHO","properties":{"src":{"regex":{"source":"slim\\-arrow\\-right"}}}},"wdio_ui5_key":"etmportal.ui.managehandovers.view.MasterHOsap.ui.core.Icon{\"src\":{\"regex\":{\"source\":\"slim\\\\-arrow\\\\-right\"}}}"}]}
RESULT: undefined
COMMAND: POST /session/b614b8bdf87ea745e2832f5d1487871c/element - {"using":"xpath","value":"//*[@id=\"__item31-__clone17-imgNav\"]"}
RESULT: {"using":"xpath","value":"//*[@id=\"__item31-__clone17-imgNav\"]"}
COMMAND: POST /session/b614b8bdf87ea745e2832f5d1487871c/element/f.E141158646C81433446781BCB2447156.d.A753FE1AD8E56EA87CDF4195C546BF38.e.17833/click - {}
RESULT: {}
COMMAND: GET /session/b614b8bdf87ea745e2832f5d1487871c/screenshot - {}
RESULT: {}
COMMAND: POST /session/b614b8bdf87ea745e2832f5d1487871c/execute/async - {"script":"<script> [1562 bytes]","args":[{"selector":{"controlType":"sap.m.ObjectStatus","viewName":"etm.portal.ui.managehandovers.view.DetailManageHO","viewId":"application-managehandovers-display-component---detailManageHO","labelFor":{"text":"Status"}},"wdio_ui5_key":"etmportal.ui.managehandovers.view.DetailManageHOsap.m.ObjectStatus{\"text\":\"Status\"}"}]}
RESULT: {"script":"<script> [1562 bytes]","args":[{"selector":{"controlType":"sap.m.ObjectStatus","viewName":"etm.portal.ui.managehandovers.view.DetailManageHO","viewId":"application-managehandovers-display-component---detailManageHO","labelFor":{"text":"Status"}},"wdio_ui5_key":"etmportal.ui.managehandovers.view.DetailManageHOsap.m.ObjectStatus{\"text\":\"Status\"}"}]}
RESULT: undefined
COMMAND: POST /session/b614b8bdf87ea745e2832f5d1487871c/execute/async - {"script":"<script> [6424 bytes]","args":[{"element-6066-11e4-a52e-4f735466cecf":"f.E141158646C81433446781BCB2447156.d.A753FE1AD8E56EA87CDF4195C546BF38.e.17927"},"getText",[]]}
RESULT: {"script":"<script> [6424 bytes]","args":[{"element-6066-11e4-a52e-4f735466cecf":"f.E141158646C81433446781BCB2447156.d.A753FE1AD8E56EA87CDF4195C546BF38.e.17927"},"getText",[]]}
COMMAND: POST /session/b614b8bdf87ea745e2832f5d1487871c/element - {"using":"xpath","value":"//a[contains(@data-kt ,\"GeneralSectionReceiveContracttLink\")]"}
RESULT: {"using":"xpath","value":"//a[contains(@data-kt ,\"GeneralSectionReceiveContracttLink\")]"}
COMMAND: POST /session/b614b8bdf87ea745e2832f5d1487871c/element/f.E141158646C81433446781BCB2447156.d.A753FE1AD8E56EA87CDF4195C546BF38.e.17928/click - {}
RESULT: {}
COMMAND: GET /session/b614b8bdf87ea745e2832f5d1487871c/screenshot - {}
RESULT: {}
COMMAND: POST /session/b614b8bdf87ea745e2832f5d1487871c/element - {"using":"xpath","value":"//a[contains(@data-kt ,\"ContextMenuId2Link\")]"}
RESULT: {"using":"xpath","value":"//a[contains(@data-kt ,\"ContextMenuId2Link\")]"}
COMMAND: POST /session/b614b8bdf87ea745e2832f5d1487871c/element/f.E141158646C81433446781BCB2447156.d.A753FE1AD8E56EA87CDF4195C546BF38.e.17931/click - {}
RESULT: {}
COMMAND: GET /session/b614b8bdf87ea745e2832f5d1487871c/screenshot - {}
RESULT: {}
COMMAND: POST /session/b614b8bdf87ea745e2832f5d1487871c/execute/async - {"script":"<script> [1562 bytes]","args":[{"selector":{"controlType":"sap.m.ObjectStatus","viewName":"etm.portal.ui.managecontracts.view.Detail","bindingPath":{"propertyPath":"LINK_TO_LOGISTICAL_STATUS/DESCRIPTION","modelName":"catalogModel"}},"wdio_ui5_key":"etmportal.ui.managecontracts.view.Detailsap.m.ObjectStatus{\"propertyPath\":\"LINK_TO_LOGISTICAL_STATUS/DESCRIPTION\",\"modelName\":\"catalogModel\"}"}]}
RESULT: {"script":"<script> [1562 bytes]","args":[{"selector":{"controlType":"sap.m.ObjectStatus","viewName":"etm.portal.ui.managecontracts.view.Detail","bindingPath":{"propertyPath":"LINK_TO_LOGISTICAL_STATUS/DESCRIPTION","modelName":"catalogModel"}},"wdio_ui5_key":"etmportal.ui.managecontracts.view.Detailsap.m.ObjectStatus{\"propertyPath\":\"LINK_TO_LOGISTICAL_STATUS/DESCRIPTION\",\"modelName\":\"catalogModel\"}"}]}
RESULT: undefined
COMMAND: POST /session/b614b8bdf87ea745e2832f5d1487871c/execute/async - {"script":"<script> [6424 bytes]","args":[{"element-6066-11e4-a52e-4f735466cecf":"f.E141158646C81433446781BCB2447156.d.A753FE1AD8E56EA87CDF4195C546BF38.e.18169"},"getText",[]]}
RESULT: {"script":"<script> [6424 bytes]","args":[{"element-6066-11e4-a52e-4f735466cecf":"f.E141158646C81433446781BCB2447156.d.A753FE1AD8E56EA87CDF4195C546BF38.e.18169"},"getText",[]]}
COMMAND: POST /session/b614b8bdf87ea745e2832f5d1487871c/execute/async - {"script":"<script> [1562 bytes]","args":[{"selector":{"controlType":"sap.m.ObjectStatus","viewName":"etm.portal.ui.managecontracts.view.Detail","bindingPath":{"propertyPath":"LINK_TO_COMMERCIAL_STATUS/DESCRIPTION","modelName":"catalogModel"}},"wdio_ui5_key":"etmportal.ui.managecontracts.view.Detailsap.m.ObjectStatus{\"propertyPath\":\"LINK_TO_COMMERCIAL_STATUS/DESCRIPTION\",\"modelName\":\"catalogModel\"}"}]}
RESULT: {"script":"<script> [1562 bytes]","args":[{"selector":{"controlType":"sap.m.ObjectStatus","viewName":"etm.portal.ui.managecontracts.view.Detail","bindingPath":{"propertyPath":"LINK_TO_COMMERCIAL_STATUS/DESCRIPTION","modelName":"catalogModel"}},"wdio_ui5_key":"etmportal.ui.managecontracts.view.Detailsap.m.ObjectStatus{\"propertyPath\":\"LINK_TO_COMMERCIAL_STATUS/DESCRIPTION\",\"modelName\":\"catalogModel\"}"}]}
RESULT: undefined
COMMAND: POST /session/b614b8bdf87ea745e2832f5d1487871c/execute/async - {"script":"<script> [6424 bytes]","args":[{"element-6066-11e4-a52e-4f735466cecf":"f.E141158646C81433446781BCB2447156.d.A753FE1AD8E56EA87CDF4195C546BF38.e.18170"},"getText",[]]}
RESULT: {"script":"<script> [6424 bytes]","args":[{"element-6066-11e4-a52e-4f735466cecf":"f.E141158646C81433446781BCB2447156.d.A753FE1AD8E56EA87CDF4195C546BF38.e.18170"},"getText",[]]}
]]></system-out>
    </testcase>
  </testsuite>
</testsuites>