<?xml version="1.0" encoding="UTF-8"?>
<testsuites tests="15" failures="2" errors="2" skipped="0">
  <testsuite timestamp="2025-05-01T16:32:59" time="799.526" tests="9" failures="1" errors="1" skipped="0">
    <properties>
      <property name="specId" value="0" />
      <property name="suiteName" value="Prerequisites &amp; test for yard mass return on Yard Overview US131057" />
      <property name="capabilities" value="chrome.135_0_7049_96.windows" />
      <property name="file" value="file:///D:/a/1/s/test/specs/HTR/yard-mass-return.spec.js" />
    </properties>
    <testcase classname="chrome.135_0_7049_96.windows.Prerequisites_&amp;_test_for_yard_mass_return_on_Yard_Overview_US131057" name="Prereq Should create a new yard used for all following tests" time="112.752">
      <system-out><![CDATA[
COMMAND: POST /session/a218943ac8ac0de5e00a7c8ddc1aa8fc/window/fullscreen - {}
RESULT: {}
COMMAND: POST /session/a218943ac8ac0de5e00a7c8ddc1aa8fc/execute/async - {"script":"<script> [1562 bytes]","args":[{"selector":{"controlType":"sap.m.GenericTile","properties":{"header":"Manage Yards"}},"wdio_ui5_key":"sapm.GenericTile{\"header\":\"Manage Yards\"}"}]}
RESULT: {"script":"<script> [1562 bytes]","args":[{"selector":{"controlType":"sap.m.GenericTile","properties":{"header":"Manage Yards"}},"wdio_ui5_key":"sapm.GenericTile{\"header\":\"Manage Yards\"}"}]}
RESULT: undefined
COMMAND: POST /session/a218943ac8ac0de5e00a7c8ddc1aa8fc/element - {"using":"xpath","value":"//*[@id=\"__tile41\"]"}
RESULT: {"using":"xpath","value":"//*[@id=\"__tile41\"]"}
COMMAND: POST /session/a218943ac8ac0de5e00a7c8ddc1aa8fc/element/f.7F9D5CB6C16BBEFE5A5C55A7ACE178BF.d.26C874220E6EDEFCDBE6368DEAA765FD.e.158/click - {}
RESULT: {}
COMMAND: POST /session/a218943ac8ac0de5e00a7c8ddc1aa8fc/element - {"using":"xpath","value":"//button[@data-kt=\"addNewYardOverflowToolbarButton\"]"}
COMMAND: GET /session/a218943ac8ac0de5e00a7c8ddc1aa8fc/screenshot - {}
RESULT: {"using":"xpath","value":"//button[@data-kt=\"addNewYardOverflowToolbarButton\"]"}
COMMAND: POST /session/a218943ac8ac0de5e00a7c8ddc1aa8fc/elements - {"using":"xpath","value":"//button[@data-kt=\"addNewYardOverflowToolbarButton\"]"}
RESULT: {}
RESULT: {"using":"xpath","value":"//button[@data-kt=\"addNewYardOverflowToolbarButton\"]"}
COMMAND: POST /session/a218943ac8ac0de5e00a7c8ddc1aa8fc/elements - {"using":"xpath","value":"//button[@data-kt=\"addNewYardOverflowToolbarButton\"]"}
RESULT: {"using":"xpath","value":"//button[@data-kt=\"addNewYardOverflowToolbarButton\"]"}
COMMAND: POST /session/a218943ac8ac0de5e00a7c8ddc1aa8fc/elements - {"using":"xpath","value":"//button[@data-kt=\"addNewYardOverflowToolbarButton\"]"}
RESULT: {"using":"xpath","value":"//button[@data-kt=\"addNewYardOverflowToolbarButton\"]"}
COMMAND: POST /session/a218943ac8ac0de5e00a7c8ddc1aa8fc/elements - {"using":"xpath","value":"//button[@data-kt=\"addNewYardOverflowToolbarButton\"]"}
RESULT: {"using":"xpath","value":"//button[@data-kt=\"addNewYardOverflowToolbarButton\"]"}
COMMAND: POST /session/a218943ac8ac0de5e00a7c8ddc1aa8fc/elements - {"using":"xpath","value":"//button[@data-kt=\"addNewYardOverflowToolbarButton\"]"}
RESULT: {"using":"xpath","value":"//button[@data-kt=\"addNewYardOverflowToolbarButton\"]"}
COMMAND: POST /session/a218943ac8ac0de5e00a7c8ddc1aa8fc/elements - {"using":"xpath","value":"//button[@data-kt=\"addNewYardOverflowToolbarButton\"]"}
RESULT: {"using":"xpath","value":"//button[@data-kt=\"addNewYardOverflowToolbarButton\"]"}
COMMAND: POST /session/a218943ac8ac0de5e00a7c8ddc1aa8fc/elements - {"using":"xpath","value":"//button[@data-kt=\"addNewYardOverflowToolbarButton\"]"}
RESULT: {"using":"xpath","value":"//button[@data-kt=\"addNewYardOverflowToolbarButton\"]"}
COMMAND: POST /session/a218943ac8ac0de5e00a7c8ddc1aa8fc/elements - {"using":"xpath","value":"//button[@data-kt=\"addNewYardOverflowToolbarButton\"]"}
RESULT: {"using":"xpath","value":"//button[@data-kt=\"addNewYardOverflowToolbarButton\"]"}
COMMAND: POST /session/a218943ac8ac0de5e00a7c8ddc1aa8fc/elements - {"using":"xpath","value":"//button[@data-kt=\"addNewYardOverflowToolbarButton\"]"}
RESULT: {"using":"xpath","value":"//button[@data-kt=\"addNewYardOverflowToolbarButton\"]"}
COMMAND: POST /session/a218943ac8ac0de5e00a7c8ddc1aa8fc/elements - {"using":"xpath","value":"//button[@data-kt=\"addNewYardOverflowToolbarButton\"]"}
RESULT: {"using":"xpath","value":"//button[@data-kt=\"addNewYardOverflowToolbarButton\"]"}
COMMAND: POST /session/a218943ac8ac0de5e00a7c8ddc1aa8fc/elements - {"using":"xpath","value":"//button[@data-kt=\"addNewYardOverflowToolbarButton\"]"}
RESULT: {"using":"xpath","value":"//button[@data-kt=\"addNewYardOverflowToolbarButton\"]"}
COMMAND: POST /session/a218943ac8ac0de5e00a7c8ddc1aa8fc/elements - {"using":"xpath","value":"//button[@data-kt=\"addNewYardOverflowToolbarButton\"]"}
RESULT: {"using":"xpath","value":"//button[@data-kt=\"addNewYardOverflowToolbarButton\"]"}
COMMAND: POST /session/a218943ac8ac0de5e00a7c8ddc1aa8fc/elements - {"using":"xpath","value":"//button[@data-kt=\"addNewYardOverflowToolbarButton\"]"}
RESULT: {"using":"xpath","value":"//button[@data-kt=\"addNewYardOverflowToolbarButton\"]"}
COMMAND: POST /session/a218943ac8ac0de5e00a7c8ddc1aa8fc/elements - {"using":"xpath","value":"//button[@data-kt=\"addNewYardOverflowToolbarButton\"]"}
RESULT: {"using":"xpath","value":"//button[@data-kt=\"addNewYardOverflowToolbarButton\"]"}
COMMAND: POST /session/a218943ac8ac0de5e00a7c8ddc1aa8fc/elements - {"using":"xpath","value":"//button[@data-kt=\"addNewYardOverflowToolbarButton\"]"}
RESULT: {"using":"xpath","value":"//button[@data-kt=\"addNewYardOverflowToolbarButton\"]"}
COMMAND: POST /session/a218943ac8ac0de5e00a7c8ddc1aa8fc/elements - {"using":"xpath","value":"//button[@data-kt=\"addNewYardOverflowToolbarButton\"]"}
RESULT: {"using":"xpath","value":"//button[@data-kt=\"addNewYardOverflowToolbarButton\"]"}
COMMAND: POST /session/a218943ac8ac0de5e00a7c8ddc1aa8fc/elements - {"using":"xpath","value":"//button[@data-kt=\"addNewYardOverflowToolbarButton\"]"}
RESULT: {"using":"xpath","value":"//button[@data-kt=\"addNewYardOverflowToolbarButton\"]"}
COMMAND: POST /session/a218943ac8ac0de5e00a7c8ddc1aa8fc/elements - {"using":"xpath","value":"//button[@data-kt=\"addNewYardOverflowToolbarButton\"]"}
RESULT: {"using":"xpath","value":"//button[@data-kt=\"addNewYardOverflowToolbarButton\"]"}
COMMAND: POST /session/a218943ac8ac0de5e00a7c8ddc1aa8fc/elements - {"using":"xpath","value":"//button[@data-kt=\"addNewYardOverflowToolbarButton\"]"}
RESULT: {"using":"xpath","value":"//button[@data-kt=\"addNewYardOverflowToolbarButton\"]"}
COMMAND: POST /session/a218943ac8ac0de5e00a7c8ddc1aa8fc/elements - {"using":"xpath","value":"//button[@data-kt=\"addNewYardOverflowToolbarButton\"]"}
RESULT: {"using":"xpath","value":"//button[@data-kt=\"addNewYardOverflowToolbarButton\"]"}
COMMAND: POST /session/a218943ac8ac0de5e00a7c8ddc1aa8fc/elements - {"using":"xpath","value":"//button[@data-kt=\"addNewYardOverflowToolbarButton\"]"}
RESULT: {"using":"xpath","value":"//button[@data-kt=\"addNewYardOverflowToolbarButton\"]"}
COMMAND: POST /session/a218943ac8ac0de5e00a7c8ddc1aa8fc/elements - {"using":"xpath","value":"//button[@data-kt=\"addNewYardOverflowToolbarButton\"]"}
RESULT: {"using":"xpath","value":"//button[@data-kt=\"addNewYardOverflowToolbarButton\"]"}
COMMAND: POST /session/a218943ac8ac0de5e00a7c8ddc1aa8fc/elements - {"using":"xpath","value":"//button[@data-kt=\"addNewYardOverflowToolbarButton\"]"}
RESULT: {"using":"xpath","value":"//button[@data-kt=\"addNewYardOverflowToolbarButton\"]"}
COMMAND: POST /session/a218943ac8ac0de5e00a7c8ddc1aa8fc/elements - {"using":"xpath","value":"//button[@data-kt=\"addNewYardOverflowToolbarButton\"]"}
RESULT: {"using":"xpath","value":"//button[@data-kt=\"addNewYardOverflowToolbarButton\"]"}
COMMAND: POST /session/a218943ac8ac0de5e00a7c8ddc1aa8fc/elements - {"using":"xpath","value":"//button[@data-kt=\"addNewYardOverflowToolbarButton\"]"}
RESULT: {"using":"xpath","value":"//button[@data-kt=\"addNewYardOverflowToolbarButton\"]"}
COMMAND: POST /session/a218943ac8ac0de5e00a7c8ddc1aa8fc/elements - {"using":"xpath","value":"//button[@data-kt=\"addNewYardOverflowToolbarButton\"]"}
RESULT: {"using":"xpath","value":"//button[@data-kt=\"addNewYardOverflowToolbarButton\"]"}
COMMAND: POST /session/a218943ac8ac0de5e00a7c8ddc1aa8fc/elements - {"using":"xpath","value":"//button[@data-kt=\"addNewYardOverflowToolbarButton\"]"}
RESULT: {"using":"xpath","value":"//button[@data-kt=\"addNewYardOverflowToolbarButton\"]"}
COMMAND: POST /session/a218943ac8ac0de5e00a7c8ddc1aa8fc/elements - {"using":"xpath","value":"//button[@data-kt=\"addNewYardOverflowToolbarButton\"]"}
RESULT: {"using":"xpath","value":"//button[@data-kt=\"addNewYardOverflowToolbarButton\"]"}
COMMAND: POST /session/a218943ac8ac0de5e00a7c8ddc1aa8fc/elements - {"using":"xpath","value":"//button[@data-kt=\"addNewYardOverflowToolbarButton\"]"}
RESULT: {"using":"xpath","value":"//button[@data-kt=\"addNewYardOverflowToolbarButton\"]"}
COMMAND: POST /session/a218943ac8ac0de5e00a7c8ddc1aa8fc/element - {"using":"xpath","value":"//button[@data-kt=\"addNewYardOverflowToolbarButton\"]"}
RESULT: {"using":"xpath","value":"//button[@data-kt=\"addNewYardOverflowToolbarButton\"]"}
COMMAND: POST /session/a218943ac8ac0de5e00a7c8ddc1aa8fc/execute/sync - {"script":"<script> [8489 bytes]","args":[{"element-6066-11e4-a52e-4f735466cecf":"f.7F9D5CB6C16BBEFE5A5C55A7ACE178BF.d.26C874220E6EDEFCDBE6368DEAA765FD.e.294","ELEMENT":"f.7F9D5CB6C16BBEFE5A5C55A7ACE178BF.d.26C874220E6EDEFCDBE6368DEAA765FD.e.294"}]}
RESULT: {"script":"<script> [8489 bytes]","args":[{"element-6066-11e4-a52e-4f735466cecf":"f.7F9D5CB6C16BBEFE5A5C55A7ACE178BF.d.26C874220E6EDEFCDBE6368DEAA765FD.e.294","ELEMENT":"f.7F9D5CB6C16BBEFE5A5C55A7ACE178BF.d.26C874220E6EDEFCDBE6368DEAA765FD.e.294"}]}
COMMAND: GET /session/a218943ac8ac0de5e00a7c8ddc1aa8fc/element/f.7F9D5CB6C16BBEFE5A5C55A7ACE178BF.d.26C874220E6EDEFCDBE6368DEAA765FD.e.294/enabled - {}
COMMAND: GET /session/a218943ac8ac0de5e00a7c8ddc1aa8fc/screenshot - {}
RESULT: {}
COMMAND: POST /session/a218943ac8ac0de5e00a7c8ddc1aa8fc/execute/sync - {"script":"<script> [8489 bytes]","args":[{"element-6066-11e4-a52e-4f735466cecf":"f.7F9D5CB6C16BBEFE5A5C55A7ACE178BF.d.26C874220E6EDEFCDBE6368DEAA765FD.e.294","ELEMENT":"f.7F9D5CB6C16BBEFE5A5C55A7ACE178BF.d.26C874220E6EDEFCDBE6368DEAA765FD.e.294"}]}
COMMAND: GET /session/a218943ac8ac0de5e00a7c8ddc1aa8fc/screenshot - {}
RESULT: {}
RESULT: {"script":"<script> [8489 bytes]","args":[{"element-6066-11e4-a52e-4f735466cecf":"f.7F9D5CB6C16BBEFE5A5C55A7ACE178BF.d.26C874220E6EDEFCDBE6368DEAA765FD.e.294","ELEMENT":"f.7F9D5CB6C16BBEFE5A5C55A7ACE178BF.d.26C874220E6EDEFCDBE6368DEAA765FD.e.294"}]}
COMMAND: POST /session/a218943ac8ac0de5e00a7c8ddc1aa8fc/execute/sync - {"script":"<script> [5351 bytes]","args":[{"element-6066-11e4-a52e-4f735466cecf":"f.7F9D5CB6C16BBEFE5A5C55A7ACE178BF.d.26C874220E6EDEFCDBE6368DEAA765FD.e.294","ELEMENT":"f.7F9D5CB6C16BBEFE5A5C55A7ACE178BF.d.26C874220E6EDEFCDBE6368DEAA765FD.e.294"}]}
COMMAND: GET /session/a218943ac8ac0de5e00a7c8ddc1aa8fc/screenshot - {}
RESULT: {}
RESULT: {"script":"<script> [5351 bytes]","args":[{"element-6066-11e4-a52e-4f735466cecf":"f.7F9D5CB6C16BBEFE5A5C55A7ACE178BF.d.26C874220E6EDEFCDBE6368DEAA765FD.e.294","ELEMENT":"f.7F9D5CB6C16BBEFE5A5C55A7ACE178BF.d.26C874220E6EDEFCDBE6368DEAA765FD.e.294"}]}
COMMAND: POST /session/a218943ac8ac0de5e00a7c8ddc1aa8fc/element/f.7F9D5CB6C16BBEFE5A5C55A7ACE178BF.d.26C874220E6EDEFCDBE6368DEAA765FD.e.294/click - {}
COMMAND: GET /session/a218943ac8ac0de5e00a7c8ddc1aa8fc/screenshot - {}
RESULT: {}
RESULT: {}
COMMAND: GET /session/a218943ac8ac0de5e00a7c8ddc1aa8fc/screenshot - {}
RESULT: {}
RESULT: {}
COMMAND: POST /session/a218943ac8ac0de5e00a7c8ddc1aa8fc/element - {"using":"xpath","value":"//input[@id=\"application-manageyards-display-component---NewYard--yardId-inner\"]"}
RESULT: {"using":"xpath","value":"//input[@id=\"application-manageyards-display-component---NewYard--yardId-inner\"]"}
COMMAND: POST /session/a218943ac8ac0de5e00a7c8ddc1aa8fc/element - {"using":"xpath","value":"//input[@id=\"application-manageyards-display-component---NewYard--yardId-inner\"]"}
RESULT: {"using":"xpath","value":"//input[@id=\"application-manageyards-display-component---NewYard--yardId-inner\"]"}
COMMAND: POST /session/a218943ac8ac0de5e00a7c8ddc1aa8fc/execute/async - {"script":"<script> [1562 bytes]","args":[{"selector":{"id":"application-manageyards-display-component---NewYard--addressDetailDetailsName1","interaction":{"idSuffix":"inner"}},"wdio_ui5_key":"applicationmanageyards-display-component---NewYard--addressDetailDetailsName1"}]}
RESULT: {"script":"<script> [1562 bytes]","args":[{"selector":{"id":"application-manageyards-display-component---NewYard--addressDetailDetailsName1","interaction":{"idSuffix":"inner"}},"wdio_ui5_key":"applicationmanageyards-display-component---NewYard--addressDetailDetailsName1"}]}
RESULT: undefined
COMMAND: POST /session/a218943ac8ac0de5e00a7c8ddc1aa8fc/execute/async - {"script":"<script> [776 bytes]","args":[{"enterText":"Other Yard WDIO","selector":{"id":"application-manageyards-display-component---NewYard--addressDetailDetailsName1","interaction":{"idSuffix":"inner"}},"clearTextFirst":true,"interactionType":"ENTER_TEXT"}]}
RESULT: {"script":"<script> [776 bytes]","args":[{"enterText":"Other Yard WDIO","selector":{"id":"application-manageyards-display-component---NewYard--addressDetailDetailsName1","interaction":{"idSuffix":"inner"}},"clearTextFirst":true,"interactionType":"ENTER_TEXT"}]}
COMMAND: POST /session/a218943ac8ac0de5e00a7c8ddc1aa8fc/execute/async - {"script":"<script> [1562 bytes]","args":[{"selector":{"id":"application-manageyards-display-component---NewYard--addressDetailDetailsLanguage-arrow"},"wdio_ui5_key":"applicationmanageyards-display-component---NewYard--addressDetailDetailsLanguage-arrow"}]}
RESULT: {"script":"<script> [1562 bytes]","args":[{"selector":{"id":"application-manageyards-display-component---NewYard--addressDetailDetailsLanguage-arrow"},"wdio_ui5_key":"applicationmanageyards-display-component---NewYard--addressDetailDetailsLanguage-arrow"}]}
RESULT: undefined
COMMAND: POST /session/a218943ac8ac0de5e00a7c8ddc1aa8fc/element - {"using":"xpath","value":"//*[@id=\"application-manageyards-display-component---NewYard--addressDetailDetailsLanguage-arrow\"]"}
RESULT: {"using":"xpath","value":"//*[@id=\"application-manageyards-display-component---NewYard--addressDetailDetailsLanguage-arrow\"]"}
COMMAND: POST /session/a218943ac8ac0de5e00a7c8ddc1aa8fc/element/f.7F9D5CB6C16BBEFE5A5C55A7ACE178BF.d.26C874220E6EDEFCDBE6368DEAA765FD.e.728/click - {}
RESULT: {}
COMMAND: POST /session/a218943ac8ac0de5e00a7c8ddc1aa8fc/element - {"using":"xpath","value":"//span[contains(text(), \"English\")]"}
COMMAND: GET /session/a218943ac8ac0de5e00a7c8ddc1aa8fc/screenshot - {}
RESULT: {"using":"xpath","value":"//span[contains(text(), \"English\")]"}
COMMAND: POST /session/a218943ac8ac0de5e00a7c8ddc1aa8fc/element/f.7F9D5CB6C16BBEFE5A5C55A7ACE178BF.d.26C874220E6EDEFCDBE6368DEAA765FD.e.729/click - {}
RESULT: {}
RESULT: {}
COMMAND: POST /session/a218943ac8ac0de5e00a7c8ddc1aa8fc/execute/async - {"script":"<script> [1562 bytes]","args":[{"selector":{"id":"application-manageyards-display-component---NewYard--addressDetailDetailsCity1","interaction":{"idSuffix":"inner"}},"wdio_ui5_key":"applicationmanageyards-display-component---NewYard--addressDetailDetailsCity1"}]}
COMMAND: GET /session/a218943ac8ac0de5e00a7c8ddc1aa8fc/screenshot - {}
RESULT: {"script":"<script> [1562 bytes]","args":[{"selector":{"id":"application-manageyards-display-component---NewYard--addressDetailDetailsCity1","interaction":{"idSuffix":"inner"}},"wdio_ui5_key":"applicationmanageyards-display-component---NewYard--addressDetailDetailsCity1"}]}
RESULT: undefined
COMMAND: POST /session/a218943ac8ac0de5e00a7c8ddc1aa8fc/execute/async - {"script":"<script> [776 bytes]","args":[{"enterText":"Rosario","selector":{"id":"application-manageyards-display-component---NewYard--addressDetailDetailsCity1","interaction":{"idSuffix":"inner"}},"clearTextFirst":true,"interactionType":"ENTER_TEXT"}]}
RESULT: {}
RESULT: {"script":"<script> [776 bytes]","args":[{"enterText":"Rosario","selector":{"id":"application-manageyards-display-component---NewYard--addressDetailDetailsCity1","interaction":{"idSuffix":"inner"}},"clearTextFirst":true,"interactionType":"ENTER_TEXT"}]}
COMMAND: POST /session/a218943ac8ac0de5e00a7c8ddc1aa8fc/execute/async - {"script":"<script> [1562 bytes]","args":[{"selector":{"id":"application-manageyards-display-component---NewYard--addressDetailDetailsCountry-arrow"},"wdio_ui5_key":"applicationmanageyards-display-component---NewYard--addressDetailDetailsCountry-arrow"}]}
RESULT: {"script":"<script> [1562 bytes]","args":[{"selector":{"id":"application-manageyards-display-component---NewYard--addressDetailDetailsCountry-arrow"},"wdio_ui5_key":"applicationmanageyards-display-component---NewYard--addressDetailDetailsCountry-arrow"}]}
RESULT: undefined
COMMAND: POST /session/a218943ac8ac0de5e00a7c8ddc1aa8fc/element - {"using":"xpath","value":"//*[@id=\"application-manageyards-display-component---NewYard--addressDetailDetailsCountry-arrow\"]"}
RESULT: {"using":"xpath","value":"//*[@id=\"application-manageyards-display-component---NewYard--addressDetailDetailsCountry-arrow\"]"}
COMMAND: POST /session/a218943ac8ac0de5e00a7c8ddc1aa8fc/element/f.7F9D5CB6C16BBEFE5A5C55A7ACE178BF.d.26C874220E6EDEFCDBE6368DEAA765FD.e.731/click - {}
RESULT: {}
COMMAND: POST /session/a218943ac8ac0de5e00a7c8ddc1aa8fc/element - {"using":"xpath","value":"//span[contains(text(), \"Argentina\")]"}
COMMAND: GET /session/a218943ac8ac0de5e00a7c8ddc1aa8fc/screenshot - {}
RESULT: {"using":"xpath","value":"//span[contains(text(), \"Argentina\")]"}
COMMAND: POST /session/a218943ac8ac0de5e00a7c8ddc1aa8fc/element/f.7F9D5CB6C16BBEFE5A5C55A7ACE178BF.d.26C874220E6EDEFCDBE6368DEAA765FD.e.732/click - {}
RESULT: {}
RESULT: {}
COMMAND: POST /session/a218943ac8ac0de5e00a7c8ddc1aa8fc/execute/async - {"script":"<script> [1562 bytes]","args":[{"selector":{"id":"application-manageyards-display-component---NewYard--addressEditDetailsCostObjectCstType-arrow"},"wdio_ui5_key":"applicationmanageyards-display-component---NewYard--addressEditDetailsCostObjectCstType-arrow"}]}
COMMAND: GET /session/a218943ac8ac0de5e00a7c8ddc1aa8fc/screenshot - {}
RESULT: {"script":"<script> [1562 bytes]","args":[{"selector":{"id":"application-manageyards-display-component---NewYard--addressEditDetailsCostObjectCstType-arrow"},"wdio_ui5_key":"applicationmanageyards-display-component---NewYard--addressEditDetailsCostObjectCstType-arrow"}]}
RESULT: undefined
COMMAND: POST /session/a218943ac8ac0de5e00a7c8ddc1aa8fc/element - {"using":"xpath","value":"//*[@id=\"application-manageyards-display-component---NewYard--addressEditDetailsCostObjectCstType-arrow\"]"}
RESULT: {}
RESULT: {"using":"xpath","value":"//*[@id=\"application-manageyards-display-component---NewYard--addressEditDetailsCostObjectCstType-arrow\"]"}
COMMAND: POST /session/a218943ac8ac0de5e00a7c8ddc1aa8fc/element/f.7F9D5CB6C16BBEFE5A5C55A7ACE178BF.d.26C874220E6EDEFCDBE6368DEAA765FD.e.734/click - {}
RESULT: {}
COMMAND: POST /session/a218943ac8ac0de5e00a7c8ddc1aa8fc/element - {"using":"xpath","value":"//span[contains(text(), \"Cost Center\")]"}
COMMAND: GET /session/a218943ac8ac0de5e00a7c8ddc1aa8fc/screenshot - {}
RESULT: {"using":"xpath","value":"//span[contains(text(), \"Cost Center\")]"}
COMMAND: POST /session/a218943ac8ac0de5e00a7c8ddc1aa8fc/element/f.7F9D5CB6C16BBEFE5A5C55A7ACE178BF.d.26C874220E6EDEFCDBE6368DEAA765FD.e.735/click - {}
RESULT: {}
RESULT: {}
COMMAND: GET /session/a218943ac8ac0de5e00a7c8ddc1aa8fc/screenshot - {}
RESULT: {}
COMMAND: POST /session/a218943ac8ac0de5e00a7c8ddc1aa8fc/element - {"using":"xpath","value":"//span[@id=\"application-manageyards-display-component---NewYard--addressNewCostObjectCstID-vhi\"]"}
RESULT: {"using":"xpath","value":"//span[@id=\"application-manageyards-display-component---NewYard--addressNewCostObjectCstID-vhi\"]"}
COMMAND: POST /session/a218943ac8ac0de5e00a7c8ddc1aa8fc/execute/sync - {"script":"<script> [8489 bytes]","args":[{"element-6066-11e4-a52e-4f735466cecf":"f.7F9D5CB6C16BBEFE5A5C55A7ACE178BF.d.26C874220E6EDEFCDBE6368DEAA765FD.e.739","ELEMENT":"f.7F9D5CB6C16BBEFE5A5C55A7ACE178BF.d.26C874220E6EDEFCDBE6368DEAA765FD.e.739"}]}
RESULT: {"script":"<script> [8489 bytes]","args":[{"element-6066-11e4-a52e-4f735466cecf":"f.7F9D5CB6C16BBEFE5A5C55A7ACE178BF.d.26C874220E6EDEFCDBE6368DEAA765FD.e.739","ELEMENT":"f.7F9D5CB6C16BBEFE5A5C55A7ACE178BF.d.26C874220E6EDEFCDBE6368DEAA765FD.e.739"}]}
COMMAND: POST /session/a218943ac8ac0de5e00a7c8ddc1aa8fc/execute/async - {"script":"<script> [1562 bytes]","args":[{"selector":{"id":"application-manageyards-display-component---NewYard--addressNewCostObjectCstID-vhi"},"wdio_ui5_key":"applicationmanageyards-display-component---NewYard--addressNewCostObjectCstID-vhi"}]}
COMMAND: GET /session/a218943ac8ac0de5e00a7c8ddc1aa8fc/screenshot - {}
RESULT: {"script":"<script> [1562 bytes]","args":[{"selector":{"id":"application-manageyards-display-component---NewYard--addressNewCostObjectCstID-vhi"},"wdio_ui5_key":"applicationmanageyards-display-component---NewYard--addressNewCostObjectCstID-vhi"}]}
RESULT: undefined
COMMAND: POST /session/a218943ac8ac0de5e00a7c8ddc1aa8fc/element - {"using":"xpath","value":"//*[@id=\"application-manageyards-display-component---NewYard--addressNewCostObjectCstID-vhi\"]"}
RESULT: {}
RESULT: {"using":"xpath","value":"//*[@id=\"application-manageyards-display-component---NewYard--addressNewCostObjectCstID-vhi\"]"}
COMMAND: POST /session/a218943ac8ac0de5e00a7c8ddc1aa8fc/element/f.7F9D5CB6C16BBEFE5A5C55A7ACE178BF.d.26C874220E6EDEFCDBE6368DEAA765FD.e.739/click - {}
RESULT: {}
COMMAND: GET /session/a218943ac8ac0de5e00a7c8ddc1aa8fc/screenshot - {}
RESULT: {}
COMMAND: POST /session/a218943ac8ac0de5e00a7c8ddc1aa8fc/execute/async - {"script":"<script> [1562 bytes]","args":[{"selector":{"controlType":"sap.m.SearchField","properties":{"placeholder":"Search"},"searchOpenDialogs":true,"interaction":{"idSuffix":"I"}},"wdio_ui5_key":"sapm.SearchField{\"placeholder\":\"Search\"}"}]}
RESULT: {"script":"<script> [1562 bytes]","args":[{"selector":{"controlType":"sap.m.SearchField","properties":{"placeholder":"Search"},"searchOpenDialogs":true,"interaction":{"idSuffix":"I"}},"wdio_ui5_key":"sapm.SearchField{\"placeholder\":\"Search\"}"}]}
RESULT: undefined
COMMAND: POST /session/a218943ac8ac0de5e00a7c8ddc1aa8fc/execute/async - {"script":"<script> [776 bytes]","args":[{"enterText":"10001013","selector":{"controlType":"sap.m.SearchField","properties":{"placeholder":"Search"},"searchOpenDialogs":true,"interaction":{"idSuffix":"I"}},"clearTextFirst":true,"interactionType":"ENTER_TEXT"}]}
RESULT: {"script":"<script> [776 bytes]","args":[{"enterText":"10001013","selector":{"controlType":"sap.m.SearchField","properties":{"placeholder":"Search"},"searchOpenDialogs":true,"interaction":{"idSuffix":"I"}},"clearTextFirst":true,"interactionType":"ENTER_TEXT"}]}
COMMAND: POST /session/a218943ac8ac0de5e00a7c8ddc1aa8fc/actions - {"actions":[{"id":"action1","type":"key","parameters":{},"actions":[{"type":"keyDown","value":"î€‡"},{"type":"pause","duration":10},{"type":"keyUp","value":"î€‡"}]}]}
RESULT: {"actions":[{"id":"action1","type":"key","parameters":{},"actions":[{"type":"keyDown","value":"î€‡"},{"type":"pause","duration":10},{"type":"keyUp","value":"î€‡"}]}]}
COMMAND: GET /session/a218943ac8ac0de5e00a7c8ddc1aa8fc/screenshot - {}
RESULT: {}
COMMAND: POST /session/a218943ac8ac0de5e00a7c8ddc1aa8fc/element - {"using":"xpath","value":"//span[contains(text(), \"General Management\")]"}
RESULT: {"using":"xpath","value":"//span[contains(text(), \"General Management\")]"}
COMMAND: POST /session/a218943ac8ac0de5e00a7c8ddc1aa8fc/element/f.7F9D5CB6C16BBEFE5A5C55A7ACE178BF.d.26C874220E6EDEFCDBE6368DEAA765FD.e.780/click - {}
RESULT: {}
COMMAND: GET /session/a218943ac8ac0de5e00a7c8ddc1aa8fc/screenshot - {}
RESULT: {}
COMMAND: POST /session/a218943ac8ac0de5e00a7c8ddc1aa8fc/element - {"using":"xpath","value":"//bdi[contains(text(), \"OK\")]"}
RESULT: {"using":"xpath","value":"//bdi[contains(text(), \"OK\")]"}
COMMAND: POST /session/a218943ac8ac0de5e00a7c8ddc1aa8fc/element/f.7F9D5CB6C16BBEFE5A5C55A7ACE178BF.d.26C874220E6EDEFCDBE6368DEAA765FD.e.781/click - {}
RESULT: {}
COMMAND: GET /session/a218943ac8ac0de5e00a7c8ddc1aa8fc/screenshot - {}
RESULT: {}
COMMAND: POST /session/a218943ac8ac0de5e00a7c8ddc1aa8fc/execute/async - {"script":"<script> [1562 bytes]","args":[{"selector":{"id":"application-manageyards-display-component---NewYard--addressEditDetailsCurrency-arrow"},"wdio_ui5_key":"applicationmanageyards-display-component---NewYard--addressEditDetailsCurrency-arrow"}]}
RESULT: {"script":"<script> [1562 bytes]","args":[{"selector":{"id":"application-manageyards-display-component---NewYard--addressEditDetailsCurrency-arrow"},"wdio_ui5_key":"applicationmanageyards-display-component---NewYard--addressEditDetailsCurrency-arrow"}]}
RESULT: undefined
COMMAND: POST /session/a218943ac8ac0de5e00a7c8ddc1aa8fc/element - {"using":"xpath","value":"//*[@id=\"application-manageyards-display-component---NewYard--addressEditDetailsCurrency-arrow\"]"}
RESULT: {"using":"xpath","value":"//*[@id=\"application-manageyards-display-component---NewYard--addressEditDetailsCurrency-arrow\"]"}
COMMAND: POST /session/a218943ac8ac0de5e00a7c8ddc1aa8fc/element/f.7F9D5CB6C16BBEFE5A5C55A7ACE178BF.d.26C874220E6EDEFCDBE6368DEAA765FD.e.784/click - {}
RESULT: {}
COMMAND: POST /session/a218943ac8ac0de5e00a7c8ddc1aa8fc/element - {"using":"xpath","value":"//span[contains(text(), \"Euro\")]"}
COMMAND: GET /session/a218943ac8ac0de5e00a7c8ddc1aa8fc/screenshot - {}
RESULT: {"using":"xpath","value":"//span[contains(text(), \"Euro\")]"}
COMMAND: POST /session/a218943ac8ac0de5e00a7c8ddc1aa8fc/element/f.7F9D5CB6C16BBEFE5A5C55A7ACE178BF.d.26C874220E6EDEFCDBE6368DEAA765FD.e.785/click - {}
RESULT: {}
RESULT: {}
COMMAND: POST /session/a218943ac8ac0de5e00a7c8ddc1aa8fc/execute/async - {"script":"<script> [1562 bytes]","args":[{"selector":{"controlType":"sap.m.Input","viewName":"etm.portal.ui.manageyards.view.New","viewId":"application-manageyards-display-component---NewYard","bindingPath":{"path":"","propertyPath":"/CONTROLLING_AREA","modelName":"NewYardModel"},"interaction":{"idSuffix":"inner"}},"wdio_ui5_key":"etmportal.ui.manageyards.view.Newsap.m.Input{\"path\":\"\",\"propertyPath\":\"/CONTROLLING_AREA\",\"modelName\":\"NewYardModel\"}"}]}
COMMAND: GET /session/a218943ac8ac0de5e00a7c8ddc1aa8fc/screenshot - {}
RESULT: {"script":"<script> [1562 bytes]","args":[{"selector":{"controlType":"sap.m.Input","viewName":"etm.portal.ui.manageyards.view.New","viewId":"application-manageyards-display-component---NewYard","bindingPath":{"path":"","propertyPath":"/CONTROLLING_AREA","modelName":"NewYardModel"},"interaction":{"idSuffix":"inner"}},"wdio_ui5_key":"etmportal.ui.manageyards.view.Newsap.m.Input{\"path\":\"\",\"propertyPath\":\"/CONTROLLING_AREA\",\"modelName\":\"NewYardModel\"}"}]}
RESULT: undefined
COMMAND: POST /session/a218943ac8ac0de5e00a7c8ddc1aa8fc/execute/async - {"script":"<script> [776 bytes]","args":[{"enterText":"Z001","selector":{"controlType":"sap.m.Input","viewName":"etm.portal.ui.manageyards.view.New","viewId":"application-manageyards-display-component---NewYard","bindingPath":{"path":"","propertyPath":"/CONTROLLING_AREA","modelName":"NewYardModel"},"interaction":{"idSuffix":"inner"}},"clearTextFirst":true,"interactionType":"ENTER_TEXT"}]}
RESULT: {}
RESULT: {"script":"<script> [776 bytes]","args":[{"enterText":"Z001","selector":{"controlType":"sap.m.Input","viewName":"etm.portal.ui.manageyards.view.New","viewId":"application-manageyards-display-component---NewYard","bindingPath":{"path":"","propertyPath":"/CONTROLLING_AREA","modelName":"NewYardModel"},"interaction":{"idSuffix":"inner"}},"clearTextFirst":true,"interactionType":"ENTER_TEXT"}]}
COMMAND: POST /session/a218943ac8ac0de5e00a7c8ddc1aa8fc/execute/async - {"script":"<script> [1562 bytes]","args":[{"selector":{"id":"application-manageyards-display-component---NewYard--companyCodeComboBox","interaction":{"idSuffix":"inner"}},"wdio_ui5_key":"applicationmanageyards-display-component---NewYard--companyCodeComboBox"}]}
RESULT: {"script":"<script> [1562 bytes]","args":[{"selector":{"id":"application-manageyards-display-component---NewYard--companyCodeComboBox","interaction":{"idSuffix":"inner"}},"wdio_ui5_key":"applicationmanageyards-display-component---NewYard--companyCodeComboBox"}]}
RESULT: undefined
COMMAND: POST /session/a218943ac8ac0de5e00a7c8ddc1aa8fc/execute/async - {"script":"<script> [776 bytes]","args":[{"enterText":"1000","selector":{"id":"application-manageyards-display-component---NewYard--companyCodeComboBox","interaction":{"idSuffix":"inner"}},"clearTextFirst":true,"interactionType":"ENTER_TEXT"}]}
RESULT: {"script":"<script> [776 bytes]","args":[{"enterText":"1000","selector":{"id":"application-manageyards-display-component---NewYard--companyCodeComboBox","interaction":{"idSuffix":"inner"}},"clearTextFirst":true,"interactionType":"ENTER_TEXT"}]}
COMMAND: POST /session/a218943ac8ac0de5e00a7c8ddc1aa8fc/execute/async - {"script":"<script> [1562 bytes]","args":[{"selector":{"controlType":"sap.m.Input","viewName":"etm.portal.ui.manageyards.view.New","viewId":"application-manageyards-display-component---NewYard","bindingPath":{"path":"","propertyPath":"/PLANT","modelName":"NewYardModel"},"interaction":{"idSuffix":"inner"}},"wdio_ui5_key":"etmportal.ui.manageyards.view.Newsap.m.Input{\"path\":\"\",\"propertyPath\":\"/PLANT\",\"modelName\":\"NewYardModel\"}"}]}
RESULT: {"script":"<script> [1562 bytes]","args":[{"selector":{"controlType":"sap.m.Input","viewName":"etm.portal.ui.manageyards.view.New","viewId":"application-manageyards-display-component---NewYard","bindingPath":{"path":"","propertyPath":"/PLANT","modelName":"NewYardModel"},"interaction":{"idSuffix":"inner"}},"wdio_ui5_key":"etmportal.ui.manageyards.view.Newsap.m.Input{\"path\":\"\",\"propertyPath\":\"/PLANT\",\"modelName\":\"NewYardModel\"}"}]}
RESULT: undefined
COMMAND: POST /session/a218943ac8ac0de5e00a7c8ddc1aa8fc/execute/async - {"script":"<script> [776 bytes]","args":[{"enterText":"1001","selector":{"controlType":"sap.m.Input","viewName":"etm.portal.ui.manageyards.view.New","viewId":"application-manageyards-display-component---NewYard","bindingPath":{"path":"","propertyPath":"/PLANT","modelName":"NewYardModel"},"interaction":{"idSuffix":"inner"}},"clearTextFirst":true,"interactionType":"ENTER_TEXT"}]}
RESULT: {"script":"<script> [776 bytes]","args":[{"enterText":"1001","selector":{"controlType":"sap.m.Input","viewName":"etm.portal.ui.manageyards.view.New","viewId":"application-manageyards-display-component---NewYard","bindingPath":{"path":"","propertyPath":"/PLANT","modelName":"NewYardModel"},"interaction":{"idSuffix":"inner"}},"clearTextFirst":true,"interactionType":"ENTER_TEXT"}]}
COMMAND: POST /session/a218943ac8ac0de5e00a7c8ddc1aa8fc/execute/async - {"script":"<script> [1562 bytes]","args":[{"selector":{"controlType":"sap.m.Input","viewName":"etm.portal.ui.manageyards.view.New","viewId":"application-manageyards-display-component---NewYard","bindingPath":{"path":"","propertyPath":"/SALES_AREA_VKORG","modelName":"NewYardModel"},"interaction":{"idSuffix":"inner"}},"wdio_ui5_key":"etmportal.ui.manageyards.view.Newsap.m.Input{\"path\":\"\",\"propertyPath\":\"/SALES_AREA_VKORG\",\"modelName\":\"NewYardModel\"}"}]}
RESULT: {"script":"<script> [1562 bytes]","args":[{"selector":{"controlType":"sap.m.Input","viewName":"etm.portal.ui.manageyards.view.New","viewId":"application-manageyards-display-component---NewYard","bindingPath":{"path":"","propertyPath":"/SALES_AREA_VKORG","modelName":"NewYardModel"},"interaction":{"idSuffix":"inner"}},"wdio_ui5_key":"etmportal.ui.manageyards.view.Newsap.m.Input{\"path\":\"\",\"propertyPath\":\"/SALES_AREA_VKORG\",\"modelName\":\"NewYardModel\"}"}]}
RESULT: undefined
COMMAND: POST /session/a218943ac8ac0de5e00a7c8ddc1aa8fc/execute/async - {"script":"<script> [776 bytes]","args":[{"enterText":"C002","selector":{"controlType":"sap.m.Input","viewName":"etm.portal.ui.manageyards.view.New","viewId":"application-manageyards-display-component---NewYard","bindingPath":{"path":"","propertyPath":"/SALES_AREA_VKORG","modelName":"NewYardModel"},"interaction":{"idSuffix":"inner"}},"clearTextFirst":true,"interactionType":"ENTER_TEXT"}]}
RESULT: {"script":"<script> [776 bytes]","args":[{"enterText":"C002","selector":{"controlType":"sap.m.Input","viewName":"etm.portal.ui.manageyards.view.New","viewId":"application-manageyards-display-component---NewYard","bindingPath":{"path":"","propertyPath":"/SALES_AREA_VKORG","modelName":"NewYardModel"},"interaction":{"idSuffix":"inner"}},"clearTextFirst":true,"interactionType":"ENTER_TEXT"}]}
COMMAND: POST /session/a218943ac8ac0de5e00a7c8ddc1aa8fc/execute/async - {"script":"<script> [1562 bytes]","args":[{"selector":{"controlType":"sap.m.Input","viewName":"etm.portal.ui.manageyards.view.New","viewId":"application-manageyards-display-component---NewYard","bindingPath":{"path":"","propertyPath":"/SALES_AREA_VTWEG","modelName":"NewYardModel"},"interaction":{"idSuffix":"inner"}},"wdio_ui5_key":"etmportal.ui.manageyards.view.Newsap.m.Input{\"path\":\"\",\"propertyPath\":\"/SALES_AREA_VTWEG\",\"modelName\":\"NewYardModel\"}"}]}
RESULT: {"script":"<script> [1562 bytes]","args":[{"selector":{"controlType":"sap.m.Input","viewName":"etm.portal.ui.manageyards.view.New","viewId":"application-manageyards-display-component---NewYard","bindingPath":{"path":"","propertyPath":"/SALES_AREA_VTWEG","modelName":"NewYardModel"},"interaction":{"idSuffix":"inner"}},"wdio_ui5_key":"etmportal.ui.manageyards.view.Newsap.m.Input{\"path\":\"\",\"propertyPath\":\"/SALES_AREA_VTWEG\",\"modelName\":\"NewYardModel\"}"}]}
RESULT: undefined
COMMAND: POST /session/a218943ac8ac0de5e00a7c8ddc1aa8fc/execute/async - {"script":"<script> [776 bytes]","args":[{"enterText":"C2","selector":{"controlType":"sap.m.Input","viewName":"etm.portal.ui.manageyards.view.New","viewId":"application-manageyards-display-component---NewYard","bindingPath":{"path":"","propertyPath":"/SALES_AREA_VTWEG","modelName":"NewYardModel"},"interaction":{"idSuffix":"inner"}},"clearTextFirst":true,"interactionType":"ENTER_TEXT"}]}
RESULT: {"script":"<script> [776 bytes]","args":[{"enterText":"C2","selector":{"controlType":"sap.m.Input","viewName":"etm.portal.ui.manageyards.view.New","viewId":"application-manageyards-display-component---NewYard","bindingPath":{"path":"","propertyPath":"/SALES_AREA_VTWEG","modelName":"NewYardModel"},"interaction":{"idSuffix":"inner"}},"clearTextFirst":true,"interactionType":"ENTER_TEXT"}]}
COMMAND: POST /session/a218943ac8ac0de5e00a7c8ddc1aa8fc/execute/async - {"script":"<script> [1562 bytes]","args":[{"selector":{"controlType":"sap.m.Input","viewName":"etm.portal.ui.manageyards.view.New","viewId":"application-manageyards-display-component---NewYard","bindingPath":{"path":"","propertyPath":"/SALES_AREA_SPART","modelName":"NewYardModel"},"interaction":{"idSuffix":"inner"}},"wdio_ui5_key":"etmportal.ui.manageyards.view.Newsap.m.Input{\"path\":\"\",\"propertyPath\":\"/SALES_AREA_SPART\",\"modelName\":\"NewYardModel\"}"}]}
RESULT: {"script":"<script> [1562 bytes]","args":[{"selector":{"controlType":"sap.m.Input","viewName":"etm.portal.ui.manageyards.view.New","viewId":"application-manageyards-display-component---NewYard","bindingPath":{"path":"","propertyPath":"/SALES_AREA_SPART","modelName":"NewYardModel"},"interaction":{"idSuffix":"inner"}},"wdio_ui5_key":"etmportal.ui.manageyards.view.Newsap.m.Input{\"path\":\"\",\"propertyPath\":\"/SALES_AREA_SPART\",\"modelName\":\"NewYardModel\"}"}]}
RESULT: undefined
COMMAND: POST /session/a218943ac8ac0de5e00a7c8ddc1aa8fc/execute/async - {"script":"<script> [776 bytes]","args":[{"enterText":"C2","selector":{"controlType":"sap.m.Input","viewName":"etm.portal.ui.manageyards.view.New","viewId":"application-manageyards-display-component---NewYard","bindingPath":{"path":"","propertyPath":"/SALES_AREA_SPART","modelName":"NewYardModel"},"interaction":{"idSuffix":"inner"}},"clearTextFirst":true,"interactionType":"ENTER_TEXT"}]}
RESULT: {"script":"<script> [776 bytes]","args":[{"enterText":"C2","selector":{"controlType":"sap.m.Input","viewName":"etm.portal.ui.manageyards.view.New","viewId":"application-manageyards-display-component---NewYard","bindingPath":{"path":"","propertyPath":"/SALES_AREA_SPART","modelName":"NewYardModel"},"interaction":{"idSuffix":"inner"}},"clearTextFirst":true,"interactionType":"ENTER_TEXT"}]}
COMMAND: POST /session/a218943ac8ac0de5e00a7c8ddc1aa8fc/execute/async - {"script":"<script> [1562 bytes]","args":[{"selector":{"controlType":"sap.m.Input","viewName":"etm.portal.ui.manageyards.view.New","viewId":"application-manageyards-display-component---NewYard","bindingPath":{"path":"","propertyPath":"/SHIP_POINT","modelName":"NewYardModel"},"interaction":{"idSuffix":"inner"}},"wdio_ui5_key":"etmportal.ui.manageyards.view.Newsap.m.Input{\"path\":\"\",\"propertyPath\":\"/SHIP_POINT\",\"modelName\":\"NewYardModel\"}"}]}
RESULT: {"script":"<script> [1562 bytes]","args":[{"selector":{"controlType":"sap.m.Input","viewName":"etm.portal.ui.manageyards.view.New","viewId":"application-manageyards-display-component---NewYard","bindingPath":{"path":"","propertyPath":"/SHIP_POINT","modelName":"NewYardModel"},"interaction":{"idSuffix":"inner"}},"wdio_ui5_key":"etmportal.ui.manageyards.view.Newsap.m.Input{\"path\":\"\",\"propertyPath\":\"/SHIP_POINT\",\"modelName\":\"NewYardModel\"}"}]}
RESULT: undefined
COMMAND: POST /session/a218943ac8ac0de5e00a7c8ddc1aa8fc/execute/async - {"script":"<script> [776 bytes]","args":[{"enterText":"1710","selector":{"controlType":"sap.m.Input","viewName":"etm.portal.ui.manageyards.view.New","viewId":"application-manageyards-display-component---NewYard","bindingPath":{"path":"","propertyPath":"/SHIP_POINT","modelName":"NewYardModel"},"interaction":{"idSuffix":"inner"}},"clearTextFirst":true,"interactionType":"ENTER_TEXT"}]}
RESULT: {"script":"<script> [776 bytes]","args":[{"enterText":"1710","selector":{"controlType":"sap.m.Input","viewName":"etm.portal.ui.manageyards.view.New","viewId":"application-manageyards-display-component---NewYard","bindingPath":{"path":"","propertyPath":"/SHIP_POINT","modelName":"NewYardModel"},"interaction":{"idSuffix":"inner"}},"clearTextFirst":true,"interactionType":"ENTER_TEXT"}]}
COMMAND: POST /session/a218943ac8ac0de5e00a7c8ddc1aa8fc/execute/async - {"script":"<script> [1562 bytes]","args":[{"selector":{"controlType":"sap.m.Input","viewName":"etm.portal.ui.manageyards.view.New","viewId":"application-manageyards-display-component---NewYard","bindingPath":{"path":"","propertyPath":"/DELIVERY_TYPE","modelName":"NewYardModel"},"interaction":{"idSuffix":"inner"}},"wdio_ui5_key":"etmportal.ui.manageyards.view.Newsap.m.Input{\"path\":\"\",\"propertyPath\":\"/DELIVERY_TYPE\",\"modelName\":\"NewYardModel\"}"}]}
RESULT: {"script":"<script> [1562 bytes]","args":[{"selector":{"controlType":"sap.m.Input","viewName":"etm.portal.ui.manageyards.view.New","viewId":"application-manageyards-display-component---NewYard","bindingPath":{"path":"","propertyPath":"/DELIVERY_TYPE","modelName":"NewYardModel"},"interaction":{"idSuffix":"inner"}},"wdio_ui5_key":"etmportal.ui.manageyards.view.Newsap.m.Input{\"path\":\"\",\"propertyPath\":\"/DELIVERY_TYPE\",\"modelName\":\"NewYardModel\"}"}]}
RESULT: undefined
COMMAND: POST /session/a218943ac8ac0de5e00a7c8ddc1aa8fc/execute/async - {"script":"<script> [776 bytes]","args":[{"enterText":"ZL01","selector":{"controlType":"sap.m.Input","viewName":"etm.portal.ui.manageyards.view.New","viewId":"application-manageyards-display-component---NewYard","bindingPath":{"path":"","propertyPath":"/DELIVERY_TYPE","modelName":"NewYardModel"},"interaction":{"idSuffix":"inner"}},"clearTextFirst":true,"interactionType":"ENTER_TEXT"}]}
RESULT: {"script":"<script> [776 bytes]","args":[{"enterText":"ZL01","selector":{"controlType":"sap.m.Input","viewName":"etm.portal.ui.manageyards.view.New","viewId":"application-manageyards-display-component---NewYard","bindingPath":{"path":"","propertyPath":"/DELIVERY_TYPE","modelName":"NewYardModel"},"interaction":{"idSuffix":"inner"}},"clearTextFirst":true,"interactionType":"ENTER_TEXT"}]}
COMMAND: POST /session/a218943ac8ac0de5e00a7c8ddc1aa8fc/execute/async - {"script":"<script> [1562 bytes]","args":[{"selector":{"controlType":"sap.m.Input","viewName":"etm.portal.ui.manageyards.view.New","viewId":"application-manageyards-display-component---NewYard","bindingPath":{"path":"","propertyPath":"/AUART","modelName":"NewYardModel"},"interaction":{"idSuffix":"inner"}},"wdio_ui5_key":"etmportal.ui.manageyards.view.Newsap.m.Input{\"path\":\"\",\"propertyPath\":\"/AUART\",\"modelName\":\"NewYardModel\"}"}]}
RESULT: {"script":"<script> [1562 bytes]","args":[{"selector":{"controlType":"sap.m.Input","viewName":"etm.portal.ui.manageyards.view.New","viewId":"application-manageyards-display-component---NewYard","bindingPath":{"path":"","propertyPath":"/AUART","modelName":"NewYardModel"},"interaction":{"idSuffix":"inner"}},"wdio_ui5_key":"etmportal.ui.manageyards.view.Newsap.m.Input{\"path\":\"\",\"propertyPath\":\"/AUART\",\"modelName\":\"NewYardModel\"}"}]}
RESULT: undefined
COMMAND: POST /session/a218943ac8ac0de5e00a7c8ddc1aa8fc/execute/async - {"script":"<script> [776 bytes]","args":[{"enterText":"TA","selector":{"controlType":"sap.m.Input","viewName":"etm.portal.ui.manageyards.view.New","viewId":"application-manageyards-display-component---NewYard","bindingPath":{"path":"","propertyPath":"/AUART","modelName":"NewYardModel"},"interaction":{"idSuffix":"inner"}},"clearTextFirst":true,"interactionType":"ENTER_TEXT"}]}
RESULT: {"script":"<script> [776 bytes]","args":[{"enterText":"TA","selector":{"controlType":"sap.m.Input","viewName":"etm.portal.ui.manageyards.view.New","viewId":"application-manageyards-display-component---NewYard","bindingPath":{"path":"","propertyPath":"/AUART","modelName":"NewYardModel"},"interaction":{"idSuffix":"inner"}},"clearTextFirst":true,"interactionType":"ENTER_TEXT"}]}
COMMAND: POST /session/a218943ac8ac0de5e00a7c8ddc1aa8fc/element - {"using":"xpath","value":"//button[@data-kt=\"newYardSaveButton\"]"}
RESULT: {"using":"xpath","value":"//button[@data-kt=\"newYardSaveButton\"]"}
COMMAND: POST /session/a218943ac8ac0de5e00a7c8ddc1aa8fc/element/f.7F9D5CB6C16BBEFE5A5C55A7ACE178BF.d.26C874220E6EDEFCDBE6368DEAA765FD.e.711/click - {}
RESULT: {}
COMMAND: GET /session/a218943ac8ac0de5e00a7c8ddc1aa8fc/screenshot - {}
RESULT: {}
COMMAND: POST /session/a218943ac8ac0de5e00a7c8ddc1aa8fc/element - {"using":"xpath","value":"//header[contains(@id, 'ObjectPageLayout-headerTitle')]/div[1]/div[2]/div[1]/span[1]"}
RESULT: {"using":"xpath","value":"//header[contains(@id, 'ObjectPageLayout-headerTitle')]/div[1]/div[2]/div[1]/span[1]"}
COMMAND: POST /session/a218943ac8ac0de5e00a7c8ddc1aa8fc/elements - {"using":"xpath","value":"//header[contains(@id, 'ObjectPageLayout-headerTitle')]/div[1]/div[2]/div[1]/span[1]"}
RESULT: {"using":"xpath","value":"//header[contains(@id, 'ObjectPageLayout-headerTitle')]/div[1]/div[2]/div[1]/span[1]"}
COMMAND: POST /session/a218943ac8ac0de5e00a7c8ddc1aa8fc/execute/sync - {"script":"<script> [56 bytes]","args":[{"element-6066-11e4-a52e-4f735466cecf":"f.7F9D5CB6C16BBEFE5A5C55A7ACE178BF.d.26C874220E6EDEFCDBE6368DEAA765FD.e.1009","ELEMENT":"f.7F9D5CB6C16BBEFE5A5C55A7ACE178BF.d.26C874220E6EDEFCDBE6368DEAA765FD.e.1009"}]}
RESULT: {"script":"<script> [56 bytes]","args":[{"element-6066-11e4-a52e-4f735466cecf":"f.7F9D5CB6C16BBEFE5A5C55A7ACE178BF.d.26C874220E6EDEFCDBE6368DEAA765FD.e.1009","ELEMENT":"f.7F9D5CB6C16BBEFE5A5C55A7ACE178BF.d.26C874220E6EDEFCDBE6368DEAA765FD.e.1009"}]}
COMMAND: GET /session/a218943ac8ac0de5e00a7c8ddc1aa8fc/screenshot - {}
RESULT: {}
COMMAND: POST /session/a218943ac8ac0de5e00a7c8ddc1aa8fc/element - {"using":"css selector","value":"#shell-header-logo"}
RESULT: {"using":"css selector","value":"#shell-header-logo"}
COMMAND: POST /session/a218943ac8ac0de5e00a7c8ddc1aa8fc/element/f.7F9D5CB6C16BBEFE5A5C55A7ACE178BF.d.26C874220E6EDEFCDBE6368DEAA765FD.e.263/click - {}
RESULT: {}
COMMAND: GET /session/a218943ac8ac0de5e00a7c8ddc1aa8fc/screenshot - {}
RESULT: {}
COMMAND: POST /session/a218943ac8ac0de5e00a7c8ddc1aa8fc/execute/sync - {"script":"<script> [299 bytes]","args":[["getModel","getResource"]]}
RESULT: {"script":"<script> [299 bytes]","args":[["getModel","getResource"]]}
]]></system-out>
    </testcase>
    <testcase classname="chrome.135_0_7049_96.windows.Prerequisites_&amp;_test_for_yard_mass_return_on_Yard_Overview_US131057" name="Prereq Should create a new partner" time="124.493">
      <system-out><![CDATA[
COMMAND: GET /session/a218943ac8ac0de5e00a7c8ddc1aa8fc/screenshot - {}
COMMAND: POST /session/a218943ac8ac0de5e00a7c8ddc1aa8fc/window/fullscreen - {}
RESULT: {}
RESULT: {}
COMMAND: POST /session/a218943ac8ac0de5e00a7c8ddc1aa8fc/execute/async - {"script":"<script> [1562 bytes]","args":[{"selector":{"controlType":"sap.m.GenericTile","properties":{"header":"Manage Partners"}},"wdio_ui5_key":"sapm.GenericTile{\"header\":\"Manage Partners\"}"}]}
RESULT: {"script":"<script> [1562 bytes]","args":[{"selector":{"controlType":"sap.m.GenericTile","properties":{"header":"Manage Partners"}},"wdio_ui5_key":"sapm.GenericTile{\"header\":\"Manage Partners\"}"}]}
RESULT: undefined
COMMAND: POST /session/a218943ac8ac0de5e00a7c8ddc1aa8fc/element - {"using":"xpath","value":"//*[@id=\"__tile38\"]"}
RESULT: {"using":"xpath","value":"//*[@id=\"__tile38\"]"}
COMMAND: POST /session/a218943ac8ac0de5e00a7c8ddc1aa8fc/element/f.7F9D5CB6C16BBEFE5A5C55A7ACE178BF.d.26C874220E6EDEFCDBE6368DEAA765FD.e.149/click - {}
RESULT: {}
COMMAND: POST /session/a218943ac8ac0de5e00a7c8ddc1aa8fc/element - {"using":"xpath","value":"//button[@data-kt=\"addButton\"]"}
COMMAND: GET /session/a218943ac8ac0de5e00a7c8ddc1aa8fc/screenshot - {}
RESULT: {"using":"xpath","value":"//button[@data-kt=\"addButton\"]"}
COMMAND: POST /session/a218943ac8ac0de5e00a7c8ddc1aa8fc/elements - {"using":"xpath","value":"//button[@data-kt=\"addButton\"]"}
RESULT: {}
RESULT: {"using":"xpath","value":"//button[@data-kt=\"addButton\"]"}
COMMAND: POST /session/a218943ac8ac0de5e00a7c8ddc1aa8fc/elements - {"using":"xpath","value":"//button[@data-kt=\"addButton\"]"}
RESULT: {"using":"xpath","value":"//button[@data-kt=\"addButton\"]"}
COMMAND: POST /session/a218943ac8ac0de5e00a7c8ddc1aa8fc/elements - {"using":"xpath","value":"//button[@data-kt=\"addButton\"]"}
RESULT: {"using":"xpath","value":"//button[@data-kt=\"addButton\"]"}
COMMAND: POST /session/a218943ac8ac0de5e00a7c8ddc1aa8fc/elements - {"using":"xpath","value":"//button[@data-kt=\"addButton\"]"}
RESULT: {"using":"xpath","value":"//button[@data-kt=\"addButton\"]"}
COMMAND: POST /session/a218943ac8ac0de5e00a7c8ddc1aa8fc/elements - {"using":"xpath","value":"//button[@data-kt=\"addButton\"]"}
RESULT: {"using":"xpath","value":"//button[@data-kt=\"addButton\"]"}
COMMAND: POST /session/a218943ac8ac0de5e00a7c8ddc1aa8fc/elements - {"using":"xpath","value":"//button[@data-kt=\"addButton\"]"}
RESULT: {"using":"xpath","value":"//button[@data-kt=\"addButton\"]"}
COMMAND: POST /session/a218943ac8ac0de5e00a7c8ddc1aa8fc/elements - {"using":"xpath","value":"//button[@data-kt=\"addButton\"]"}
RESULT: {"using":"xpath","value":"//button[@data-kt=\"addButton\"]"}
COMMAND: POST /session/a218943ac8ac0de5e00a7c8ddc1aa8fc/elements - {"using":"xpath","value":"//button[@data-kt=\"addButton\"]"}
RESULT: {"using":"xpath","value":"//button[@data-kt=\"addButton\"]"}
COMMAND: POST /session/a218943ac8ac0de5e00a7c8ddc1aa8fc/elements - {"using":"xpath","value":"//button[@data-kt=\"addButton\"]"}
RESULT: {"using":"xpath","value":"//button[@data-kt=\"addButton\"]"}
COMMAND: POST /session/a218943ac8ac0de5e00a7c8ddc1aa8fc/elements - {"using":"xpath","value":"//button[@data-kt=\"addButton\"]"}
RESULT: {"using":"xpath","value":"//button[@data-kt=\"addButton\"]"}
COMMAND: POST /session/a218943ac8ac0de5e00a7c8ddc1aa8fc/elements - {"using":"xpath","value":"//button[@data-kt=\"addButton\"]"}
RESULT: {"using":"xpath","value":"//button[@data-kt=\"addButton\"]"}
COMMAND: POST /session/a218943ac8ac0de5e00a7c8ddc1aa8fc/elements - {"using":"xpath","value":"//button[@data-kt=\"addButton\"]"}
RESULT: {"using":"xpath","value":"//button[@data-kt=\"addButton\"]"}
COMMAND: POST /session/a218943ac8ac0de5e00a7c8ddc1aa8fc/elements - {"using":"xpath","value":"//button[@data-kt=\"addButton\"]"}
RESULT: {"using":"xpath","value":"//button[@data-kt=\"addButton\"]"}
COMMAND: POST /session/a218943ac8ac0de5e00a7c8ddc1aa8fc/elements - {"using":"xpath","value":"//button[@data-kt=\"addButton\"]"}
RESULT: {"using":"xpath","value":"//button[@data-kt=\"addButton\"]"}
COMMAND: POST /session/a218943ac8ac0de5e00a7c8ddc1aa8fc/elements - {"using":"xpath","value":"//button[@data-kt=\"addButton\"]"}
RESULT: {"using":"xpath","value":"//button[@data-kt=\"addButton\"]"}
COMMAND: POST /session/a218943ac8ac0de5e00a7c8ddc1aa8fc/elements - {"using":"xpath","value":"//button[@data-kt=\"addButton\"]"}
RESULT: {"using":"xpath","value":"//button[@data-kt=\"addButton\"]"}
COMMAND: POST /session/a218943ac8ac0de5e00a7c8ddc1aa8fc/elements - {"using":"xpath","value":"//button[@data-kt=\"addButton\"]"}
RESULT: {"using":"xpath","value":"//button[@data-kt=\"addButton\"]"}
COMMAND: POST /session/a218943ac8ac0de5e00a7c8ddc1aa8fc/elements - {"using":"xpath","value":"//button[@data-kt=\"addButton\"]"}
RESULT: {"using":"xpath","value":"//button[@data-kt=\"addButton\"]"}
COMMAND: POST /session/a218943ac8ac0de5e00a7c8ddc1aa8fc/elements - {"using":"xpath","value":"//button[@data-kt=\"addButton\"]"}
RESULT: {"using":"xpath","value":"//button[@data-kt=\"addButton\"]"}
COMMAND: POST /session/a218943ac8ac0de5e00a7c8ddc1aa8fc/elements - {"using":"xpath","value":"//button[@data-kt=\"addButton\"]"}
RESULT: {"using":"xpath","value":"//button[@data-kt=\"addButton\"]"}
COMMAND: POST /session/a218943ac8ac0de5e00a7c8ddc1aa8fc/elements - {"using":"xpath","value":"//button[@data-kt=\"addButton\"]"}
RESULT: {"using":"xpath","value":"//button[@data-kt=\"addButton\"]"}
COMMAND: POST /session/a218943ac8ac0de5e00a7c8ddc1aa8fc/element - {"using":"xpath","value":"//button[@data-kt=\"addButton\"]"}
RESULT: {"using":"xpath","value":"//button[@data-kt=\"addButton\"]"}
COMMAND: POST /session/a218943ac8ac0de5e00a7c8ddc1aa8fc/execute/sync - {"script":"<script> [8489 bytes]","args":[{"element-6066-11e4-a52e-4f735466cecf":"f.7F9D5CB6C16BBEFE5A5C55A7ACE178BF.d.26C874220E6EDEFCDBE6368DEAA765FD.e.1048","ELEMENT":"f.7F9D5CB6C16BBEFE5A5C55A7ACE178BF.d.26C874220E6EDEFCDBE6368DEAA765FD.e.1048"}]}
RESULT: {"script":"<script> [8489 bytes]","args":[{"element-6066-11e4-a52e-4f735466cecf":"f.7F9D5CB6C16BBEFE5A5C55A7ACE178BF.d.26C874220E6EDEFCDBE6368DEAA765FD.e.1048","ELEMENT":"f.7F9D5CB6C16BBEFE5A5C55A7ACE178BF.d.26C874220E6EDEFCDBE6368DEAA765FD.e.1048"}]}
COMMAND: GET /session/a218943ac8ac0de5e00a7c8ddc1aa8fc/element/f.7F9D5CB6C16BBEFE5A5C55A7ACE178BF.d.26C874220E6EDEFCDBE6368DEAA765FD.e.1048/enabled - {}
COMMAND: GET /session/a218943ac8ac0de5e00a7c8ddc1aa8fc/screenshot - {}
RESULT: {}
COMMAND: POST /session/a218943ac8ac0de5e00a7c8ddc1aa8fc/execute/sync - {"script":"<script> [8489 bytes]","args":[{"element-6066-11e4-a52e-4f735466cecf":"f.7F9D5CB6C16BBEFE5A5C55A7ACE178BF.d.26C874220E6EDEFCDBE6368DEAA765FD.e.1048","ELEMENT":"f.7F9D5CB6C16BBEFE5A5C55A7ACE178BF.d.26C874220E6EDEFCDBE6368DEAA765FD.e.1048"}]}
COMMAND: GET /session/a218943ac8ac0de5e00a7c8ddc1aa8fc/screenshot - {}
RESULT: {}
RESULT: {"script":"<script> [8489 bytes]","args":[{"element-6066-11e4-a52e-4f735466cecf":"f.7F9D5CB6C16BBEFE5A5C55A7ACE178BF.d.26C874220E6EDEFCDBE6368DEAA765FD.e.1048","ELEMENT":"f.7F9D5CB6C16BBEFE5A5C55A7ACE178BF.d.26C874220E6EDEFCDBE6368DEAA765FD.e.1048"}]}
COMMAND: POST /session/a218943ac8ac0de5e00a7c8ddc1aa8fc/execute/sync - {"script":"<script> [5351 bytes]","args":[{"element-6066-11e4-a52e-4f735466cecf":"f.7F9D5CB6C16BBEFE5A5C55A7ACE178BF.d.26C874220E6EDEFCDBE6368DEAA765FD.e.1048","ELEMENT":"f.7F9D5CB6C16BBEFE5A5C55A7ACE178BF.d.26C874220E6EDEFCDBE6368DEAA765FD.e.1048"}]}
COMMAND: GET /session/a218943ac8ac0de5e00a7c8ddc1aa8fc/screenshot - {}
RESULT: {}
RESULT: {"script":"<script> [5351 bytes]","args":[{"element-6066-11e4-a52e-4f735466cecf":"f.7F9D5CB6C16BBEFE5A5C55A7ACE178BF.d.26C874220E6EDEFCDBE6368DEAA765FD.e.1048","ELEMENT":"f.7F9D5CB6C16BBEFE5A5C55A7ACE178BF.d.26C874220E6EDEFCDBE6368DEAA765FD.e.1048"}]}
COMMAND: POST /session/a218943ac8ac0de5e00a7c8ddc1aa8fc/element/f.7F9D5CB6C16BBEFE5A5C55A7ACE178BF.d.26C874220E6EDEFCDBE6368DEAA765FD.e.1048/click - {}
COMMAND: GET /session/a218943ac8ac0de5e00a7c8ddc1aa8fc/screenshot - {}
RESULT: {}
RESULT: {}
COMMAND: GET /session/a218943ac8ac0de5e00a7c8ddc1aa8fc/screenshot - {}
COMMAND: POST /session/a218943ac8ac0de5e00a7c8ddc1aa8fc/execute/async - {"script":"<script> [1562 bytes]","args":[{"selector":{"id":"application-managepartners-display-component---NewPartner--addressDetailDetailsName1","interaction":{"idSuffix":"inner"}},"wdio_ui5_key":"applicationmanagepartners-display-component---NewPartner--addressDetailDetailsName1"}]}
RESULT: {}
RESULT: {}
RESULT: {"script":"<script> [1562 bytes]","args":[{"selector":{"id":"application-managepartners-display-component---NewPartner--addressDetailDetailsName1","interaction":{"idSuffix":"inner"}},"wdio_ui5_key":"applicationmanagepartners-display-component---NewPartner--addressDetailDetailsName1"}]}
RESULT: undefined
COMMAND: POST /session/a218943ac8ac0de5e00a7c8ddc1aa8fc/execute/async - {"script":"<script> [776 bytes]","args":[{"enterText":"Intracompany Partner WDIO","selector":{"id":"application-managepartners-display-component---NewPartner--addressDetailDetailsName1","interaction":{"idSuffix":"inner"}},"clearTextFirst":true,"interactionType":"ENTER_TEXT"}]}
RESULT: {"script":"<script> [776 bytes]","args":[{"enterText":"Intracompany Partner WDIO","selector":{"id":"application-managepartners-display-component---NewPartner--addressDetailDetailsName1","interaction":{"idSuffix":"inner"}},"clearTextFirst":true,"interactionType":"ENTER_TEXT"}]}
COMMAND: POST /session/a218943ac8ac0de5e00a7c8ddc1aa8fc/execute/async - {"script":"<script> [1562 bytes]","args":[{"selector":{"id":"application-managepartners-display-component---NewPartner--addressDetailDetailsLanguage-arrow"},"wdio_ui5_key":"applicationmanagepartners-display-component---NewPartner--addressDetailDetailsLanguage-arrow"}]}
RESULT: {"script":"<script> [1562 bytes]","args":[{"selector":{"id":"application-managepartners-display-component---NewPartner--addressDetailDetailsLanguage-arrow"},"wdio_ui5_key":"applicationmanagepartners-display-component---NewPartner--addressDetailDetailsLanguage-arrow"}]}
RESULT: undefined
COMMAND: POST /session/a218943ac8ac0de5e00a7c8ddc1aa8fc/element - {"using":"xpath","value":"//*[@id=\"application-managepartners-display-component---NewPartner--addressDetailDetailsLanguage-arrow\"]"}
RESULT: {"using":"xpath","value":"//*[@id=\"application-managepartners-display-component---NewPartner--addressDetailDetailsLanguage-arrow\"]"}
COMMAND: POST /session/a218943ac8ac0de5e00a7c8ddc1aa8fc/element/f.7F9D5CB6C16BBEFE5A5C55A7ACE178BF.d.26C874220E6EDEFCDBE6368DEAA765FD.e.1494/click - {}
RESULT: {}
COMMAND: POST /session/a218943ac8ac0de5e00a7c8ddc1aa8fc/element - {"using":"xpath","value":"//span[contains(text(), \"English\")]"}
COMMAND: GET /session/a218943ac8ac0de5e00a7c8ddc1aa8fc/screenshot - {}
RESULT: {"using":"xpath","value":"//span[contains(text(), \"English\")]"}
COMMAND: POST /session/a218943ac8ac0de5e00a7c8ddc1aa8fc/element/f.7F9D5CB6C16BBEFE5A5C55A7ACE178BF.d.26C874220E6EDEFCDBE6368DEAA765FD.e.1495/click - {}
RESULT: {}
RESULT: {}
COMMAND: GET /session/a218943ac8ac0de5e00a7c8ddc1aa8fc/screenshot - {}
RESULT: {}
COMMAND: POST /session/a218943ac8ac0de5e00a7c8ddc1aa8fc/execute/async - {"script":"<script> [1562 bytes]","args":[{"selector":{"id":"application-managepartners-display-component---NewPartner--addressDetailDetailsCity1","interaction":{"idSuffix":"inner"}},"wdio_ui5_key":"applicationmanagepartners-display-component---NewPartner--addressDetailDetailsCity1"}]}
RESULT: {"script":"<script> [1562 bytes]","args":[{"selector":{"id":"application-managepartners-display-component---NewPartner--addressDetailDetailsCity1","interaction":{"idSuffix":"inner"}},"wdio_ui5_key":"applicationmanagepartners-display-component---NewPartner--addressDetailDetailsCity1"}]}
RESULT: undefined
COMMAND: POST /session/a218943ac8ac0de5e00a7c8ddc1aa8fc/execute/async - {"script":"<script> [776 bytes]","args":[{"enterText":"Rosario","selector":{"id":"application-managepartners-display-component---NewPartner--addressDetailDetailsCity1","interaction":{"idSuffix":"inner"}},"clearTextFirst":true,"interactionType":"ENTER_TEXT"}]}
RESULT: {"script":"<script> [776 bytes]","args":[{"enterText":"Rosario","selector":{"id":"application-managepartners-display-component---NewPartner--addressDetailDetailsCity1","interaction":{"idSuffix":"inner"}},"clearTextFirst":true,"interactionType":"ENTER_TEXT"}]}
COMMAND: POST /session/a218943ac8ac0de5e00a7c8ddc1aa8fc/execute/async - {"script":"<script> [1562 bytes]","args":[{"selector":{"id":"application-managepartners-display-component---NewPartner--addressDetailDetailsCountry-arrow"},"wdio_ui5_key":"applicationmanagepartners-display-component---NewPartner--addressDetailDetailsCountry-arrow"}]}
RESULT: {"script":"<script> [1562 bytes]","args":[{"selector":{"id":"application-managepartners-display-component---NewPartner--addressDetailDetailsCountry-arrow"},"wdio_ui5_key":"applicationmanagepartners-display-component---NewPartner--addressDetailDetailsCountry-arrow"}]}
RESULT: undefined
COMMAND: POST /session/a218943ac8ac0de5e00a7c8ddc1aa8fc/element - {"using":"xpath","value":"//*[@id=\"application-managepartners-display-component---NewPartner--addressDetailDetailsCountry-arrow\"]"}
RESULT: {"using":"xpath","value":"//*[@id=\"application-managepartners-display-component---NewPartner--addressDetailDetailsCountry-arrow\"]"}
COMMAND: POST /session/a218943ac8ac0de5e00a7c8ddc1aa8fc/element/f.7F9D5CB6C16BBEFE5A5C55A7ACE178BF.d.26C874220E6EDEFCDBE6368DEAA765FD.e.1480/click - {}
RESULT: {}
COMMAND: POST /session/a218943ac8ac0de5e00a7c8ddc1aa8fc/element - {"using":"xpath","value":"//span[contains(text(), \"Argentina\")]"}
COMMAND: GET /session/a218943ac8ac0de5e00a7c8ddc1aa8fc/screenshot - {}
RESULT: {"using":"xpath","value":"//span[contains(text(), \"Argentina\")]"}
COMMAND: POST /session/a218943ac8ac0de5e00a7c8ddc1aa8fc/element/f.7F9D5CB6C16BBEFE5A5C55A7ACE178BF.d.26C874220E6EDEFCDBE6368DEAA765FD.e.1497/click - {}
RESULT: {}
RESULT: {}
COMMAND: GET /session/a218943ac8ac0de5e00a7c8ddc1aa8fc/screenshot - {}
RESULT: {}
COMMAND: POST /session/a218943ac8ac0de5e00a7c8ddc1aa8fc/element - {"using":"xpath","value":"//bdi[contains(text(), \"Commercial\")]"}
RESULT: {"using":"xpath","value":"//bdi[contains(text(), \"Commercial\")]"}
COMMAND: POST /session/a218943ac8ac0de5e00a7c8ddc1aa8fc/element/f.7F9D5CB6C16BBEFE5A5C55A7ACE178BF.d.26C874220E6EDEFCDBE6368DEAA765FD.e.1498/click - {}
RESULT: {}
COMMAND: GET /session/a218943ac8ac0de5e00a7c8ddc1aa8fc/screenshot - {}
RESULT: {}
COMMAND: POST /session/a218943ac8ac0de5e00a7c8ddc1aa8fc/execute/async - {"script":"<script> [1562 bytes]","args":[{"selector":{"id":"application-managepartners-display-component---NewPartner--partnerDetailInternal-arrow"},"wdio_ui5_key":"applicationmanagepartners-display-component---NewPartner--partnerDetailInternal-arrow"}]}
RESULT: {"script":"<script> [1562 bytes]","args":[{"selector":{"id":"application-managepartners-display-component---NewPartner--partnerDetailInternal-arrow"},"wdio_ui5_key":"applicationmanagepartners-display-component---NewPartner--partnerDetailInternal-arrow"}]}
RESULT: undefined
COMMAND: POST /session/a218943ac8ac0de5e00a7c8ddc1aa8fc/element - {"using":"xpath","value":"//*[@id=\"application-managepartners-display-component---NewPartner--partnerDetailInternal-arrow\"]"}
RESULT: {"using":"xpath","value":"//*[@id=\"application-managepartners-display-component---NewPartner--partnerDetailInternal-arrow\"]"}
COMMAND: POST /session/a218943ac8ac0de5e00a7c8ddc1aa8fc/element/f.7F9D5CB6C16BBEFE5A5C55A7ACE178BF.d.26C874220E6EDEFCDBE6368DEAA765FD.e.1504/click - {}
RESULT: {}
COMMAND: POST /session/a218943ac8ac0de5e00a7c8ddc1aa8fc/element - {"using":"xpath","value":"//span[contains(text(), \"Affiliated company\")]"}
COMMAND: GET /session/a218943ac8ac0de5e00a7c8ddc1aa8fc/screenshot - {}
RESULT: {"using":"xpath","value":"//span[contains(text(), \"Affiliated company\")]"}
COMMAND: POST /session/a218943ac8ac0de5e00a7c8ddc1aa8fc/element/f.7F9D5CB6C16BBEFE5A5C55A7ACE178BF.d.26C874220E6EDEFCDBE6368DEAA765FD.e.1505/click - {}
RESULT: {}
RESULT: {}
COMMAND: POST /session/a218943ac8ac0de5e00a7c8ddc1aa8fc/execute/async - {"script":"<script> [1562 bytes]","args":[{"selector":{"id":"application-managepartners-display-component---NewPartner--partnerDetailsCurrency-arrow"},"wdio_ui5_key":"applicationmanagepartners-display-component---NewPartner--partnerDetailsCurrency-arrow"}]}
COMMAND: GET /session/a218943ac8ac0de5e00a7c8ddc1aa8fc/screenshot - {}
RESULT: {"script":"<script> [1562 bytes]","args":[{"selector":{"id":"application-managepartners-display-component---NewPartner--partnerDetailsCurrency-arrow"},"wdio_ui5_key":"applicationmanagepartners-display-component---NewPartner--partnerDetailsCurrency-arrow"}]}
RESULT: undefined
COMMAND: POST /session/a218943ac8ac0de5e00a7c8ddc1aa8fc/element - {"using":"xpath","value":"//*[@id=\"application-managepartners-display-component---NewPartner--partnerDetailsCurrency-arrow\"]"}
RESULT: {}
RESULT: {"using":"xpath","value":"//*[@id=\"application-managepartners-display-component---NewPartner--partnerDetailsCurrency-arrow\"]"}
COMMAND: POST /session/a218943ac8ac0de5e00a7c8ddc1aa8fc/element/f.7F9D5CB6C16BBEFE5A5C55A7ACE178BF.d.26C874220E6EDEFCDBE6368DEAA765FD.e.1512/click - {}
RESULT: {}
COMMAND: POST /session/a218943ac8ac0de5e00a7c8ddc1aa8fc/element - {"using":"xpath","value":"//span[contains(text(), \"Euro\")]"}
COMMAND: GET /session/a218943ac8ac0de5e00a7c8ddc1aa8fc/screenshot - {}
RESULT: {"using":"xpath","value":"//span[contains(text(), \"Euro\")]"}
COMMAND: POST /session/a218943ac8ac0de5e00a7c8ddc1aa8fc/element/f.7F9D5CB6C16BBEFE5A5C55A7ACE178BF.d.26C874220E6EDEFCDBE6368DEAA765FD.e.1513/click - {}
RESULT: {}
RESULT: {}
COMMAND: POST /session/a218943ac8ac0de5e00a7c8ddc1aa8fc/execute/async - {"script":"<script> [1562 bytes]","args":[{"selector":{"id":"application-managepartners-display-component---NewPartner--addressEditDetailsCostObjectCstType-arrow"},"wdio_ui5_key":"applicationmanagepartners-display-component---NewPartner--addressEditDetailsCostObjectCstType-arrow"}]}
COMMAND: GET /session/a218943ac8ac0de5e00a7c8ddc1aa8fc/screenshot - {}
RESULT: {"script":"<script> [1562 bytes]","args":[{"selector":{"id":"application-managepartners-display-component---NewPartner--addressEditDetailsCostObjectCstType-arrow"},"wdio_ui5_key":"applicationmanagepartners-display-component---NewPartner--addressEditDetailsCostObjectCstType-arrow"}]}
RESULT: undefined
COMMAND: POST /session/a218943ac8ac0de5e00a7c8ddc1aa8fc/element - {"using":"xpath","value":"//*[@id=\"application-managepartners-display-component---NewPartner--addressEditDetailsCostObjectCstType-arrow\"]"}
RESULT: {}
RESULT: {"using":"xpath","value":"//*[@id=\"application-managepartners-display-component---NewPartner--addressEditDetailsCostObjectCstType-arrow\"]"}
COMMAND: POST /session/a218943ac8ac0de5e00a7c8ddc1aa8fc/element/f.7F9D5CB6C16BBEFE5A5C55A7ACE178BF.d.26C874220E6EDEFCDBE6368DEAA765FD.e.1514/click - {}
RESULT: {}
COMMAND: POST /session/a218943ac8ac0de5e00a7c8ddc1aa8fc/element - {"using":"xpath","value":"//span[contains(text(), \"Cost Center\")]"}
COMMAND: GET /session/a218943ac8ac0de5e00a7c8ddc1aa8fc/screenshot - {}
RESULT: {"using":"xpath","value":"//span[contains(text(), \"Cost Center\")]"}
COMMAND: POST /session/a218943ac8ac0de5e00a7c8ddc1aa8fc/element/f.7F9D5CB6C16BBEFE5A5C55A7ACE178BF.d.26C874220E6EDEFCDBE6368DEAA765FD.e.1515/click - {}
RESULT: {}
RESULT: {}
COMMAND: GET /session/a218943ac8ac0de5e00a7c8ddc1aa8fc/screenshot - {}
RESULT: {}
COMMAND: POST /session/a218943ac8ac0de5e00a7c8ddc1aa8fc/element - {"using":"xpath","value":"//span[@id=\"application-managepartners-display-component---NewPartner--addressNewCostObjectCstID-vhi\"]"}
RESULT: {"using":"xpath","value":"//span[@id=\"application-managepartners-display-component---NewPartner--addressNewCostObjectCstID-vhi\"]"}
COMMAND: POST /session/a218943ac8ac0de5e00a7c8ddc1aa8fc/execute/sync - {"script":"<script> [8489 bytes]","args":[{"element-6066-11e4-a52e-4f735466cecf":"f.7F9D5CB6C16BBEFE5A5C55A7ACE178BF.d.26C874220E6EDEFCDBE6368DEAA765FD.e.1519","ELEMENT":"f.7F9D5CB6C16BBEFE5A5C55A7ACE178BF.d.26C874220E6EDEFCDBE6368DEAA765FD.e.1519"}]}
RESULT: {"script":"<script> [8489 bytes]","args":[{"element-6066-11e4-a52e-4f735466cecf":"f.7F9D5CB6C16BBEFE5A5C55A7ACE178BF.d.26C874220E6EDEFCDBE6368DEAA765FD.e.1519","ELEMENT":"f.7F9D5CB6C16BBEFE5A5C55A7ACE178BF.d.26C874220E6EDEFCDBE6368DEAA765FD.e.1519"}]}
COMMAND: POST /session/a218943ac8ac0de5e00a7c8ddc1aa8fc/execute/async - {"script":"<script> [1562 bytes]","args":[{"selector":{"id":"application-managepartners-display-component---NewPartner--addressNewCostObjectCstID-vhi"},"wdio_ui5_key":"applicationmanagepartners-display-component---NewPartner--addressNewCostObjectCstID-vhi"}]}
COMMAND: GET /session/a218943ac8ac0de5e00a7c8ddc1aa8fc/screenshot - {}
RESULT: {"script":"<script> [1562 bytes]","args":[{"selector":{"id":"application-managepartners-display-component---NewPartner--addressNewCostObjectCstID-vhi"},"wdio_ui5_key":"applicationmanagepartners-display-component---NewPartner--addressNewCostObjectCstID-vhi"}]}
RESULT: undefined
COMMAND: POST /session/a218943ac8ac0de5e00a7c8ddc1aa8fc/element - {"using":"xpath","value":"//*[@id=\"application-managepartners-display-component---NewPartner--addressNewCostObjectCstID-vhi\"]"}
RESULT: {}
RESULT: {"using":"xpath","value":"//*[@id=\"application-managepartners-display-component---NewPartner--addressNewCostObjectCstID-vhi\"]"}
COMMAND: POST /session/a218943ac8ac0de5e00a7c8ddc1aa8fc/element/f.7F9D5CB6C16BBEFE5A5C55A7ACE178BF.d.26C874220E6EDEFCDBE6368DEAA765FD.e.1519/click - {}
RESULT: {}
COMMAND: GET /session/a218943ac8ac0de5e00a7c8ddc1aa8fc/screenshot - {}
RESULT: {}
RESULT: undefined
COMMAND: POST /session/a218943ac8ac0de5e00a7c8ddc1aa8fc/execute/async - {"script":"<script> [776 bytes]","args":[{"enterText":"10001013","selector":{"controlType":"sap.m.SearchField","properties":{"placeholder":"Search"},"searchOpenDialogs":true,"interaction":{"idSuffix":"I"}},"clearTextFirst":true,"interactionType":"ENTER_TEXT"}]}
RESULT: {"script":"<script> [776 bytes]","args":[{"enterText":"10001013","selector":{"controlType":"sap.m.SearchField","properties":{"placeholder":"Search"},"searchOpenDialogs":true,"interaction":{"idSuffix":"I"}},"clearTextFirst":true,"interactionType":"ENTER_TEXT"}]}
COMMAND: POST /session/a218943ac8ac0de5e00a7c8ddc1aa8fc/actions - {"actions":[{"id":"action2","type":"key","parameters":{},"actions":[{"type":"keyDown","value":"î€‡"},{"type":"pause","duration":10},{"type":"keyUp","value":"î€‡"}]}]}
RESULT: {"actions":[{"id":"action2","type":"key","parameters":{},"actions":[{"type":"keyDown","value":"î€‡"},{"type":"pause","duration":10},{"type":"keyUp","value":"î€‡"}]}]}
COMMAND: GET /session/a218943ac8ac0de5e00a7c8ddc1aa8fc/screenshot - {}
RESULT: {}
COMMAND: POST /session/a218943ac8ac0de5e00a7c8ddc1aa8fc/element - {"using":"xpath","value":"//span[contains(text(), \"General Management\")]"}
RESULT: {"using":"xpath","value":"//span[contains(text(), \"General Management\")]"}
COMMAND: POST /session/a218943ac8ac0de5e00a7c8ddc1aa8fc/element/f.7F9D5CB6C16BBEFE5A5C55A7ACE178BF.d.26C874220E6EDEFCDBE6368DEAA765FD.e.1559/click - {}
RESULT: {}
COMMAND: GET /session/a218943ac8ac0de5e00a7c8ddc1aa8fc/screenshot - {}
RESULT: {}
COMMAND: POST /session/a218943ac8ac0de5e00a7c8ddc1aa8fc/element - {"using":"xpath","value":"//bdi[contains(text(), \"OK\")]"}
RESULT: {"using":"xpath","value":"//bdi[contains(text(), \"OK\")]"}
COMMAND: POST /session/a218943ac8ac0de5e00a7c8ddc1aa8fc/element/f.7F9D5CB6C16BBEFE5A5C55A7ACE178BF.d.26C874220E6EDEFCDBE6368DEAA765FD.e.1560/click - {}
RESULT: {}
COMMAND: GET /session/a218943ac8ac0de5e00a7c8ddc1aa8fc/screenshot - {}
RESULT: {}
COMMAND: POST /session/a218943ac8ac0de5e00a7c8ddc1aa8fc/element - {"using":"xpath","value":"//input[@id=\"application-managepartners-display-component---NewPartner--companyCodeComboBox-inner\"]"}
RESULT: {"using":"xpath","value":"//input[@id=\"application-managepartners-display-component---NewPartner--companyCodeComboBox-inner\"]"}
COMMAND: POST /session/a218943ac8ac0de5e00a7c8ddc1aa8fc/element/f.7F9D5CB6C16BBEFE5A5C55A7ACE178BF.d.26C874220E6EDEFCDBE6368DEAA765FD.e.1360/clear - {}
RESULT: {}
COMMAND: POST /session/a218943ac8ac0de5e00a7c8ddc1aa8fc/element/f.7F9D5CB6C16BBEFE5A5C55A7ACE178BF.d.26C874220E6EDEFCDBE6368DEAA765FD.e.1360/value - {"text":"1000"}
COMMAND: GET /session/a218943ac8ac0de5e00a7c8ddc1aa8fc/screenshot - {}
RESULT: {"text":"1000"}
COMMAND: GET /session/a218943ac8ac0de5e00a7c8ddc1aa8fc/screenshot - {}
RESULT: {}
RESULT: {}
COMMAND: POST /session/a218943ac8ac0de5e00a7c8ddc1aa8fc/element - {"using":"xpath","value":"//span[contains(text(), \"1000\")]"}
RESULT: {"using":"xpath","value":"//span[contains(text(), \"1000\")]"}
COMMAND: POST /session/a218943ac8ac0de5e00a7c8ddc1aa8fc/element/f.7F9D5CB6C16BBEFE5A5C55A7ACE178BF.d.26C874220E6EDEFCDBE6368DEAA765FD.e.1566/click - {}
RESULT: {}
COMMAND: GET /session/a218943ac8ac0de5e00a7c8ddc1aa8fc/screenshot - {}
RESULT: {}
COMMAND: POST /session/a218943ac8ac0de5e00a7c8ddc1aa8fc/execute/async - {"script":"<script> [1562 bytes]","args":[{"selector":{"id":"application-managepartners-display-component---NewPartner--btnAddTableRow-img"},"wdio_ui5_key":"applicationmanagepartners-display-component---NewPartner--btnAddTableRow-img"}]}
RESULT: {"script":"<script> [1562 bytes]","args":[{"selector":{"id":"application-managepartners-display-component---NewPartner--btnAddTableRow-img"},"wdio_ui5_key":"applicationmanagepartners-display-component---NewPartner--btnAddTableRow-img"}]}
RESULT: undefined
COMMAND: POST /session/a218943ac8ac0de5e00a7c8ddc1aa8fc/element - {"using":"xpath","value":"//*[@id=\"application-managepartners-display-component---NewPartner--btnAddTableRow-img\"]"}
RESULT: {"using":"xpath","value":"//*[@id=\"application-managepartners-display-component---NewPartner--btnAddTableRow-img\"]"}
COMMAND: POST /session/a218943ac8ac0de5e00a7c8ddc1aa8fc/element/f.7F9D5CB6C16BBEFE5A5C55A7ACE178BF.d.26C874220E6EDEFCDBE6368DEAA765FD.e.1567/click - {}
RESULT: {}
COMMAND: GET /session/a218943ac8ac0de5e00a7c8ddc1aa8fc/screenshot - {}
COMMAND: POST /session/a218943ac8ac0de5e00a7c8ddc1aa8fc/element - {"using":"xpath","value":"//input[@id=\"application-managepartners-display-component---NewPartner--assignmentYard-application-managepartners-display-component---NewPartner--assignmentsTable-0-inner\"]"}
RESULT: {}
RESULT: {"using":"xpath","value":"//input[@id=\"application-managepartners-display-component---NewPartner--assignmentYard-application-managepartners-display-component---NewPartner--assignmentsTable-0-inner\"]"}
COMMAND: POST /session/a218943ac8ac0de5e00a7c8ddc1aa8fc/element/f.7F9D5CB6C16BBEFE5A5C55A7ACE178BF.d.26C874220E6EDEFCDBE6368DEAA765FD.e.1570/clear - {}
RESULT: {}
COMMAND: POST /session/a218943ac8ac0de5e00a7c8ddc1aa8fc/element/f.7F9D5CB6C16BBEFE5A5C55A7ACE178BF.d.26C874220E6EDEFCDBE6368DEAA765FD.e.1570/value - {"text":"482"}
COMMAND: GET /session/a218943ac8ac0de5e00a7c8ddc1aa8fc/screenshot - {}
RESULT: {"text":"482"}
COMMAND: GET /session/a218943ac8ac0de5e00a7c8ddc1aa8fc/screenshot - {}
RESULT: {}
RESULT: {}
COMMAND: POST /session/a218943ac8ac0de5e00a7c8ddc1aa8fc/element - {"using":"xpath","value":"//li[.//span[text()='482']]"}
RESULT: {"using":"xpath","value":"//li[.//span[text()='482']]"}
COMMAND: POST /session/a218943ac8ac0de5e00a7c8ddc1aa8fc/element/f.7F9D5CB6C16BBEFE5A5C55A7ACE178BF.d.26C874220E6EDEFCDBE6368DEAA765FD.e.1579/click - {}
RESULT: {}
COMMAND: GET /session/a218943ac8ac0de5e00a7c8ddc1aa8fc/screenshot - {}
RESULT: {}
COMMAND: POST /session/a218943ac8ac0de5e00a7c8ddc1aa8fc/actions - {"actions":[{"id":"action3","type":"key","parameters":{},"actions":[{"type":"keyDown","value":"î€‡"},{"type":"pause","duration":10},{"type":"keyUp","value":"î€‡"}]}]}
RESULT: {"actions":[{"id":"action3","type":"key","parameters":{},"actions":[{"type":"keyDown","value":"î€‡"},{"type":"pause","duration":10},{"type":"keyUp","value":"î€‡"}]}]}
COMMAND: POST /session/a218943ac8ac0de5e00a7c8ddc1aa8fc/execute/async - {"script":"<script> [1562 bytes]","args":[{"selector":{"id":"application-managepartners-display-component---NewPartner--externalCustomerComboBox-application-managepartners-display-component---NewPartner--assignmentsTable-0-vhi"},"wdio_ui5_key":"applicationmanagepartners-display-component---NewPartner--externalCustomerComboBox-application-managepartners-display-component---NewPartner--assignmentsTable-0-vhi"}]}
COMMAND: GET /session/a218943ac8ac0de5e00a7c8ddc1aa8fc/screenshot - {}
RESULT: {"script":"<script> [1562 bytes]","args":[{"selector":{"id":"application-managepartners-display-component---NewPartner--externalCustomerComboBox-application-managepartners-display-component---NewPartner--assignmentsTable-0-vhi"},"wdio_ui5_key":"applicationmanagepartners-display-component---NewPartner--externalCustomerComboBox-application-managepartners-display-component---NewPartner--assignmentsTable-0-vhi"}]}
RESULT: undefined
COMMAND: POST /session/a218943ac8ac0de5e00a7c8ddc1aa8fc/element - {"using":"xpath","value":"//*[@id=\"application-managepartners-display-component---NewPartner--externalCustomerComboBox-application-managepartners-display-component---NewPartner--assignmentsTable-0-vhi\"]"}
RESULT: {}
RESULT: {"using":"xpath","value":"//*[@id=\"application-managepartners-display-component---NewPartner--externalCustomerComboBox-application-managepartners-display-component---NewPartner--assignmentsTable-0-vhi\"]"}
COMMAND: POST /session/a218943ac8ac0de5e00a7c8ddc1aa8fc/element/f.7F9D5CB6C16BBEFE5A5C55A7ACE178BF.d.26C874220E6EDEFCDBE6368DEAA765FD.e.1583/click - {}
RESULT: {}
RESULT: undefined
COMMAND: POST /session/a218943ac8ac0de5e00a7c8ddc1aa8fc/execute/async - {"script":"<script> [776 bytes]","args":[{"enterText":"300003","selector":{"controlType":"sap.m.SearchField","properties":{"placeholder":"Search"},"searchOpenDialogs":true,"interaction":{"idSuffix":"I"}},"clearTextFirst":true,"interactionType":"ENTER_TEXT"}]}
COMMAND: GET /session/a218943ac8ac0de5e00a7c8ddc1aa8fc/screenshot - {}
RESULT: {"script":"<script> [776 bytes]","args":[{"enterText":"300003","selector":{"controlType":"sap.m.SearchField","properties":{"placeholder":"Search"},"searchOpenDialogs":true,"interaction":{"idSuffix":"I"}},"clearTextFirst":true,"interactionType":"ENTER_TEXT"}]}
COMMAND: POST /session/a218943ac8ac0de5e00a7c8ddc1aa8fc/actions - {"actions":[{"id":"action4","type":"key","parameters":{},"actions":[{"type":"keyDown","value":"î€‡"},{"type":"pause","duration":10},{"type":"keyUp","value":"î€‡"}]}]}
RESULT: {}
RESULT: {"actions":[{"id":"action4","type":"key","parameters":{},"actions":[{"type":"keyDown","value":"î€‡"},{"type":"pause","duration":10},{"type":"keyUp","value":"î€‡"}]}]}
COMMAND: GET /session/a218943ac8ac0de5e00a7c8ddc1aa8fc/screenshot - {}
RESULT: {}
COMMAND: POST /session/a218943ac8ac0de5e00a7c8ddc1aa8fc/element - {"using":"xpath","value":"//span[contains(text(), \"300003\")]"}
RESULT: {"using":"xpath","value":"//span[contains(text(), \"300003\")]"}
COMMAND: POST /session/a218943ac8ac0de5e00a7c8ddc1aa8fc/element/f.7F9D5CB6C16BBEFE5A5C55A7ACE178BF.d.26C874220E6EDEFCDBE6368DEAA765FD.e.1601/click - {}
RESULT: {}
COMMAND: GET /session/a218943ac8ac0de5e00a7c8ddc1aa8fc/screenshot - {}
RESULT: {}
COMMAND: POST /session/a218943ac8ac0de5e00a7c8ddc1aa8fc/element - {"using":"xpath","value":"//bdi[contains(text(), \"OK\")]"}
RESULT: {"using":"xpath","value":"//bdi[contains(text(), \"OK\")]"}
COMMAND: POST /session/a218943ac8ac0de5e00a7c8ddc1aa8fc/element/f.7F9D5CB6C16BBEFE5A5C55A7ACE178BF.d.26C874220E6EDEFCDBE6368DEAA765FD.e.1603/click - {}
RESULT: {}
COMMAND: GET /session/a218943ac8ac0de5e00a7c8ddc1aa8fc/screenshot - {}
RESULT: {}
COMMAND: POST /session/a218943ac8ac0de5e00a7c8ddc1aa8fc/execute/async - {"script":"<script> [1562 bytes]","args":[{"selector":{"id":"application-managepartners-display-component---NewPartner--intercompVendorComboBox-application-managepartners-display-component---NewPartner--assignmentsTable-0-vhi"},"wdio_ui5_key":"applicationmanagepartners-display-component---NewPartner--intercompVendorComboBox-application-managepartners-display-component---NewPartner--assignmentsTable-0-vhi"}]}
RESULT: {"script":"<script> [1562 bytes]","args":[{"selector":{"id":"application-managepartners-display-component---NewPartner--intercompVendorComboBox-application-managepartners-display-component---NewPartner--assignmentsTable-0-vhi"},"wdio_ui5_key":"applicationmanagepartners-display-component---NewPartner--intercompVendorComboBox-application-managepartners-display-component---NewPartner--assignmentsTable-0-vhi"}]}
RESULT: undefined
COMMAND: POST /session/a218943ac8ac0de5e00a7c8ddc1aa8fc/element - {"using":"xpath","value":"//*[@id=\"application-managepartners-display-component---NewPartner--intercompVendorComboBox-application-managepartners-display-component---NewPartner--assignmentsTable-0-vhi\"]"}
RESULT: {"using":"xpath","value":"//*[@id=\"application-managepartners-display-component---NewPartner--intercompVendorComboBox-application-managepartners-display-component---NewPartner--assignmentsTable-0-vhi\"]"}
COMMAND: POST /session/a218943ac8ac0de5e00a7c8ddc1aa8fc/element/f.7F9D5CB6C16BBEFE5A5C55A7ACE178BF.d.26C874220E6EDEFCDBE6368DEAA765FD.e.1606/click - {}
RESULT: {}
RESULT: undefined
COMMAND: POST /session/a218943ac8ac0de5e00a7c8ddc1aa8fc/execute/async - {"script":"<script> [776 bytes]","args":[{"enterText":"100005","selector":{"controlType":"sap.m.SearchField","properties":{"placeholder":"Search"},"searchOpenDialogs":true,"interaction":{"idSuffix":"I"}},"clearTextFirst":true,"interactionType":"ENTER_TEXT"}]}
COMMAND: GET /session/a218943ac8ac0de5e00a7c8ddc1aa8fc/screenshot - {}
RESULT: {"script":"<script> [776 bytes]","args":[{"enterText":"100005","selector":{"controlType":"sap.m.SearchField","properties":{"placeholder":"Search"},"searchOpenDialogs":true,"interaction":{"idSuffix":"I"}},"clearTextFirst":true,"interactionType":"ENTER_TEXT"}]}
COMMAND: POST /session/a218943ac8ac0de5e00a7c8ddc1aa8fc/actions - {"actions":[{"id":"action5","type":"key","parameters":{},"actions":[{"type":"keyDown","value":"î€‡"},{"type":"pause","duration":10},{"type":"keyUp","value":"î€‡"}]}]}
RESULT: {}
RESULT: {"actions":[{"id":"action5","type":"key","parameters":{},"actions":[{"type":"keyDown","value":"î€‡"},{"type":"pause","duration":10},{"type":"keyUp","value":"î€‡"}]}]}
COMMAND: GET /session/a218943ac8ac0de5e00a7c8ddc1aa8fc/screenshot - {}
RESULT: {}
COMMAND: POST /session/a218943ac8ac0de5e00a7c8ddc1aa8fc/element - {"using":"xpath","value":"//span[contains(text(), \"Penguins - Field/12345 Berlin\")]"}
RESULT: {"using":"xpath","value":"//span[contains(text(), \"Penguins - Field/12345 Berlin\")]"}
COMMAND: POST /session/a218943ac8ac0de5e00a7c8ddc1aa8fc/element/f.7F9D5CB6C16BBEFE5A5C55A7ACE178BF.d.26C874220E6EDEFCDBE6368DEAA765FD.e.1625/click - {}
RESULT: {}
COMMAND: GET /session/a218943ac8ac0de5e00a7c8ddc1aa8fc/screenshot - {}
RESULT: {}
COMMAND: POST /session/a218943ac8ac0de5e00a7c8ddc1aa8fc/element - {"using":"xpath","value":"//bdi[contains(text(), \"OK\")]"}
RESULT: {"using":"xpath","value":"//bdi[contains(text(), \"OK\")]"}
COMMAND: POST /session/a218943ac8ac0de5e00a7c8ddc1aa8fc/element/f.7F9D5CB6C16BBEFE5A5C55A7ACE178BF.d.26C874220E6EDEFCDBE6368DEAA765FD.e.1626/click - {}
RESULT: {}
COMMAND: GET /session/a218943ac8ac0de5e00a7c8ddc1aa8fc/screenshot - {}
RESULT: {}
COMMAND: POST /session/a218943ac8ac0de5e00a7c8ddc1aa8fc/element - {"using":"xpath","value":"//button[@data-kt=\"saveButton\"]"}
RESULT: {"using":"xpath","value":"//button[@data-kt=\"saveButton\"]"}
COMMAND: POST /session/a218943ac8ac0de5e00a7c8ddc1aa8fc/element/f.7F9D5CB6C16BBEFE5A5C55A7ACE178BF.d.26C874220E6EDEFCDBE6368DEAA765FD.e.1476/click - {}
RESULT: {}
COMMAND: GET /session/a218943ac8ac0de5e00a7c8ddc1aa8fc/screenshot - {}
RESULT: {}
COMMAND: POST /session/a218943ac8ac0de5e00a7c8ddc1aa8fc/element - {"using":"xpath","value":"//header[contains(@id, 'ObjectPageLayout-headerTitle')]/div[1]/div[2]/div[2]/span[1]"}
RESULT: {"using":"xpath","value":"//header[contains(@id, 'ObjectPageLayout-headerTitle')]/div[1]/div[2]/div[2]/span[1]"}
COMMAND: POST /session/a218943ac8ac0de5e00a7c8ddc1aa8fc/elements - {"using":"xpath","value":"//header[contains(@id, 'ObjectPageLayout-headerTitle')]/div[1]/div[2]/div[2]/span[1]"}
RESULT: {"using":"xpath","value":"//header[contains(@id, 'ObjectPageLayout-headerTitle')]/div[1]/div[2]/div[2]/span[1]"}
COMMAND: POST /session/a218943ac8ac0de5e00a7c8ddc1aa8fc/execute/sync - {"script":"<script> [56 bytes]","args":[{"element-6066-11e4-a52e-4f735466cecf":"f.7F9D5CB6C16BBEFE5A5C55A7ACE178BF.d.26C874220E6EDEFCDBE6368DEAA765FD.e.1790","ELEMENT":"f.7F9D5CB6C16BBEFE5A5C55A7ACE178BF.d.26C874220E6EDEFCDBE6368DEAA765FD.e.1790"}]}
RESULT: {"script":"<script> [56 bytes]","args":[{"element-6066-11e4-a52e-4f735466cecf":"f.7F9D5CB6C16BBEFE5A5C55A7ACE178BF.d.26C874220E6EDEFCDBE6368DEAA765FD.e.1790","ELEMENT":"f.7F9D5CB6C16BBEFE5A5C55A7ACE178BF.d.26C874220E6EDEFCDBE6368DEAA765FD.e.1790"}]}
COMMAND: POST /session/a218943ac8ac0de5e00a7c8ddc1aa8fc/element - {"using":"css selector","value":"#shell-header-logo"}
COMMAND: GET /session/a218943ac8ac0de5e00a7c8ddc1aa8fc/screenshot - {}
RESULT: {"using":"css selector","value":"#shell-header-logo"}
COMMAND: POST /session/a218943ac8ac0de5e00a7c8ddc1aa8fc/element/f.7F9D5CB6C16BBEFE5A5C55A7ACE178BF.d.26C874220E6EDEFCDBE6368DEAA765FD.e.1014/click - {}
RESULT: {}
RESULT: {}
COMMAND: GET /session/a218943ac8ac0de5e00a7c8ddc1aa8fc/screenshot - {}
RESULT: {}
COMMAND: POST /session/a218943ac8ac0de5e00a7c8ddc1aa8fc/execute/sync - {"script":"<script> [299 bytes]","args":[["getModel","getResource"]]}
RESULT: {"script":"<script> [299 bytes]","args":[["getModel","getResource"]]}
COMMAND: GET /session/a218943ac8ac0de5e00a7c8ddc1aa8fc/screenshot - {}
]]></system-out>
    </testcase>
    <testcase classname="chrome.135_0_7049_96.windows.Prerequisites_&amp;_test_for_yard_mass_return_on_Yard_Overview_US131057" name="Prereq Should create a new site" time="99.412">
      <system-out><![CDATA[
COMMAND: POST /session/a218943ac8ac0de5e00a7c8ddc1aa8fc/execute/async - {"script":"<script> [1562 bytes]","args":[{"selector":{"controlType":"sap.m.TileContent","bindingPath":{"path":"","propertyPath":"/properties/info"},"ancestor":{"controlType":"sap.m.GenericTile","properties":{"header":"Manage Sites"}}},"wdio_ui5_key":"sapm.TileContent{\"path\":\"\",\"propertyPath\":\"/properties/info\"}{\"controlType\":\"sap.m.GenericTile\",\"properties\":{\"header\":\"Manage Sites\"}}"}]}
RESULT: {"script":"<script> [1562 bytes]","args":[{"selector":{"controlType":"sap.m.TileContent","bindingPath":{"path":"","propertyPath":"/properties/info"},"ancestor":{"controlType":"sap.m.GenericTile","properties":{"header":"Manage Sites"}}},"wdio_ui5_key":"sapm.TileContent{\"path\":\"\",\"propertyPath\":\"/properties/info\"}{\"controlType\":\"sap.m.GenericTile\",\"properties\":{\"header\":\"Manage Sites\"}}"}]}
RESULT: undefined
COMMAND: POST /session/a218943ac8ac0de5e00a7c8ddc1aa8fc/element - {"using":"xpath","value":"//*[@id=\"__xmlview7--numericTileContent\"]"}
RESULT: {}
RESULT: {"using":"xpath","value":"//*[@id=\"__xmlview7--numericTileContent\"]"}
COMMAND: POST /session/a218943ac8ac0de5e00a7c8ddc1aa8fc/element/f.7F9D5CB6C16BBEFE5A5C55A7ACE178BF.d.26C874220E6EDEFCDBE6368DEAA765FD.e.1792/click - {}
RESULT: {}
COMMAND: POST /session/a218943ac8ac0de5e00a7c8ddc1aa8fc/element - {"using":"xpath","value":"//button[@data-kt=\"addOverflowToolbarButton\"]"}
COMMAND: GET /session/a218943ac8ac0de5e00a7c8ddc1aa8fc/screenshot - {}
RESULT: {"using":"xpath","value":"//button[@data-kt=\"addOverflowToolbarButton\"]"}
COMMAND: POST /session/a218943ac8ac0de5e00a7c8ddc1aa8fc/elements - {"using":"xpath","value":"//button[@data-kt=\"addOverflowToolbarButton\"]"}
RESULT: {}
RESULT: {"using":"xpath","value":"//button[@data-kt=\"addOverflowToolbarButton\"]"}
COMMAND: POST /session/a218943ac8ac0de5e00a7c8ddc1aa8fc/elements - {"using":"xpath","value":"//button[@data-kt=\"addOverflowToolbarButton\"]"}
RESULT: {"using":"xpath","value":"//button[@data-kt=\"addOverflowToolbarButton\"]"}
COMMAND: POST /session/a218943ac8ac0de5e00a7c8ddc1aa8fc/elements - {"using":"xpath","value":"//button[@data-kt=\"addOverflowToolbarButton\"]"}
RESULT: {"using":"xpath","value":"//button[@data-kt=\"addOverflowToolbarButton\"]"}
COMMAND: POST /session/a218943ac8ac0de5e00a7c8ddc1aa8fc/elements - {"using":"xpath","value":"//button[@data-kt=\"addOverflowToolbarButton\"]"}
RESULT: {"using":"xpath","value":"//button[@data-kt=\"addOverflowToolbarButton\"]"}
COMMAND: POST /session/a218943ac8ac0de5e00a7c8ddc1aa8fc/element - {"using":"xpath","value":"//button[@data-kt=\"addOverflowToolbarButton\"]"}
RESULT: {"using":"xpath","value":"//button[@data-kt=\"addOverflowToolbarButton\"]"}
COMMAND: POST /session/a218943ac8ac0de5e00a7c8ddc1aa8fc/execute/sync - {"script":"<script> [8489 bytes]","args":[{"element-6066-11e4-a52e-4f735466cecf":"f.7F9D5CB6C16BBEFE5A5C55A7ACE178BF.d.26C874220E6EDEFCDBE6368DEAA765FD.e.1838","ELEMENT":"f.7F9D5CB6C16BBEFE5A5C55A7ACE178BF.d.26C874220E6EDEFCDBE6368DEAA765FD.e.1838"}]}
RESULT: {"script":"<script> [8489 bytes]","args":[{"element-6066-11e4-a52e-4f735466cecf":"f.7F9D5CB6C16BBEFE5A5C55A7ACE178BF.d.26C874220E6EDEFCDBE6368DEAA765FD.e.1838","ELEMENT":"f.7F9D5CB6C16BBEFE5A5C55A7ACE178BF.d.26C874220E6EDEFCDBE6368DEAA765FD.e.1838"}]}
COMMAND: GET /session/a218943ac8ac0de5e00a7c8ddc1aa8fc/element/f.7F9D5CB6C16BBEFE5A5C55A7ACE178BF.d.26C874220E6EDEFCDBE6368DEAA765FD.e.1838/enabled - {}
COMMAND: GET /session/a218943ac8ac0de5e00a7c8ddc1aa8fc/screenshot - {}
RESULT: {}
COMMAND: POST /session/a218943ac8ac0de5e00a7c8ddc1aa8fc/execute/sync - {"script":"<script> [8489 bytes]","args":[{"element-6066-11e4-a52e-4f735466cecf":"f.7F9D5CB6C16BBEFE5A5C55A7ACE178BF.d.26C874220E6EDEFCDBE6368DEAA765FD.e.1838","ELEMENT":"f.7F9D5CB6C16BBEFE5A5C55A7ACE178BF.d.26C874220E6EDEFCDBE6368DEAA765FD.e.1838"}]}
COMMAND: GET /session/a218943ac8ac0de5e00a7c8ddc1aa8fc/screenshot - {}
RESULT: {}
RESULT: {"script":"<script> [8489 bytes]","args":[{"element-6066-11e4-a52e-4f735466cecf":"f.7F9D5CB6C16BBEFE5A5C55A7ACE178BF.d.26C874220E6EDEFCDBE6368DEAA765FD.e.1838","ELEMENT":"f.7F9D5CB6C16BBEFE5A5C55A7ACE178BF.d.26C874220E6EDEFCDBE6368DEAA765FD.e.1838"}]}
COMMAND: POST /session/a218943ac8ac0de5e00a7c8ddc1aa8fc/execute/sync - {"script":"<script> [5351 bytes]","args":[{"element-6066-11e4-a52e-4f735466cecf":"f.7F9D5CB6C16BBEFE5A5C55A7ACE178BF.d.26C874220E6EDEFCDBE6368DEAA765FD.e.1838","ELEMENT":"f.7F9D5CB6C16BBEFE5A5C55A7ACE178BF.d.26C874220E6EDEFCDBE6368DEAA765FD.e.1838"}]}
COMMAND: GET /session/a218943ac8ac0de5e00a7c8ddc1aa8fc/screenshot - {}
RESULT: {}
RESULT: {"script":"<script> [5351 bytes]","args":[{"element-6066-11e4-a52e-4f735466cecf":"f.7F9D5CB6C16BBEFE5A5C55A7ACE178BF.d.26C874220E6EDEFCDBE6368DEAA765FD.e.1838","ELEMENT":"f.7F9D5CB6C16BBEFE5A5C55A7ACE178BF.d.26C874220E6EDEFCDBE6368DEAA765FD.e.1838"}]}
COMMAND: POST /session/a218943ac8ac0de5e00a7c8ddc1aa8fc/element/f.7F9D5CB6C16BBEFE5A5C55A7ACE178BF.d.26C874220E6EDEFCDBE6368DEAA765FD.e.1838/click - {}
COMMAND: GET /session/a218943ac8ac0de5e00a7c8ddc1aa8fc/screenshot - {}
RESULT: {}
RESULT: {}
COMMAND: GET /session/a218943ac8ac0de5e00a7c8ddc1aa8fc/screenshot - {}
RESULT: {}
COMMAND: POST /session/a218943ac8ac0de5e00a7c8ddc1aa8fc/execute/async - {"script":"<script> [1562 bytes]","args":[{"selector":{"id":"application-managesites-display-component---NewSite--addressDetailDetailsName1","interaction":{"idSuffix":"inner"}},"wdio_ui5_key":"applicationmanagesites-display-component---NewSite--addressDetailDetailsName1"}]}
RESULT: {}
RESULT: {"script":"<script> [1562 bytes]","args":[{"selector":{"id":"application-managesites-display-component---NewSite--addressDetailDetailsName1","interaction":{"idSuffix":"inner"}},"wdio_ui5_key":"applicationmanagesites-display-component---NewSite--addressDetailDetailsName1"}]}
RESULT: undefined
COMMAND: POST /session/a218943ac8ac0de5e00a7c8ddc1aa8fc/execute/async - {"script":"<script> [776 bytes]","args":[{"enterText":"Intracompany Site wdIO","selector":{"id":"application-managesites-display-component---NewSite--addressDetailDetailsName1","interaction":{"idSuffix":"inner"}},"clearTextFirst":true,"interactionType":"ENTER_TEXT"}]}
RESULT: {"script":"<script> [776 bytes]","args":[{"enterText":"Intracompany Site wdIO","selector":{"id":"application-managesites-display-component---NewSite--addressDetailDetailsName1","interaction":{"idSuffix":"inner"}},"clearTextFirst":true,"interactionType":"ENTER_TEXT"}]}
COMMAND: POST /session/a218943ac8ac0de5e00a7c8ddc1aa8fc/execute/async - {"script":"<script> [1562 bytes]","args":[{"selector":{"id":"application-managesites-display-component---NewSite--addressDetailDetailsLanguage-arrow"},"wdio_ui5_key":"applicationmanagesites-display-component---NewSite--addressDetailDetailsLanguage-arrow"}]}
RESULT: {"script":"<script> [1562 bytes]","args":[{"selector":{"id":"application-managesites-display-component---NewSite--addressDetailDetailsLanguage-arrow"},"wdio_ui5_key":"applicationmanagesites-display-component---NewSite--addressDetailDetailsLanguage-arrow"}]}
RESULT: undefined
COMMAND: POST /session/a218943ac8ac0de5e00a7c8ddc1aa8fc/element - {"using":"xpath","value":"//*[@id=\"application-managesites-display-component---NewSite--addressDetailDetailsLanguage-arrow\"]"}
RESULT: {"using":"xpath","value":"//*[@id=\"application-managesites-display-component---NewSite--addressDetailDetailsLanguage-arrow\"]"}
COMMAND: POST /session/a218943ac8ac0de5e00a7c8ddc1aa8fc/element/f.7F9D5CB6C16BBEFE5A5C55A7ACE178BF.d.26C874220E6EDEFCDBE6368DEAA765FD.e.2469/click - {}
RESULT: {}
COMMAND: POST /session/a218943ac8ac0de5e00a7c8ddc1aa8fc/element - {"using":"xpath","value":"//span[contains(text(), \"English\")]"}
COMMAND: GET /session/a218943ac8ac0de5e00a7c8ddc1aa8fc/screenshot - {}
RESULT: {"using":"xpath","value":"//span[contains(text(), \"English\")]"}
COMMAND: POST /session/a218943ac8ac0de5e00a7c8ddc1aa8fc/element/f.7F9D5CB6C16BBEFE5A5C55A7ACE178BF.d.26C874220E6EDEFCDBE6368DEAA765FD.e.2470/click - {}
RESULT: {}
RESULT: {}
COMMAND: POST /session/a218943ac8ac0de5e00a7c8ddc1aa8fc/execute/async - {"script":"<script> [1562 bytes]","args":[{"selector":{"id":"application-managesites-display-component---NewSite--addressDetailDetailsCity1","interaction":{"idSuffix":"inner"}},"wdio_ui5_key":"applicationmanagesites-display-component---NewSite--addressDetailDetailsCity1"}]}
COMMAND: GET /session/a218943ac8ac0de5e00a7c8ddc1aa8fc/screenshot - {}
RESULT: {"script":"<script> [1562 bytes]","args":[{"selector":{"id":"application-managesites-display-component---NewSite--addressDetailDetailsCity1","interaction":{"idSuffix":"inner"}},"wdio_ui5_key":"applicationmanagesites-display-component---NewSite--addressDetailDetailsCity1"}]}
RESULT: undefined
COMMAND: POST /session/a218943ac8ac0de5e00a7c8ddc1aa8fc/execute/async - {"script":"<script> [776 bytes]","args":[{"enterText":"Rosario","selector":{"id":"application-managesites-display-component---NewSite--addressDetailDetailsCity1","interaction":{"idSuffix":"inner"}},"clearTextFirst":true,"interactionType":"ENTER_TEXT"}]}
RESULT: {}
RESULT: {"script":"<script> [776 bytes]","args":[{"enterText":"Rosario","selector":{"id":"application-managesites-display-component---NewSite--addressDetailDetailsCity1","interaction":{"idSuffix":"inner"}},"clearTextFirst":true,"interactionType":"ENTER_TEXT"}]}
COMMAND: POST /session/a218943ac8ac0de5e00a7c8ddc1aa8fc/execute/async - {"script":"<script> [1562 bytes]","args":[{"selector":{"id":"application-managesites-display-component---NewSite--addressDetailDetailsCountry-arrow"},"wdio_ui5_key":"applicationmanagesites-display-component---NewSite--addressDetailDetailsCountry-arrow"}]}
RESULT: {"script":"<script> [1562 bytes]","args":[{"selector":{"id":"application-managesites-display-component---NewSite--addressDetailDetailsCountry-arrow"},"wdio_ui5_key":"applicationmanagesites-display-component---NewSite--addressDetailDetailsCountry-arrow"}]}
RESULT: undefined
COMMAND: POST /session/a218943ac8ac0de5e00a7c8ddc1aa8fc/element - {"using":"xpath","value":"//*[@id=\"application-managesites-display-component---NewSite--addressDetailDetailsCountry-arrow\"]"}
RESULT: {"using":"xpath","value":"//*[@id=\"application-managesites-display-component---NewSite--addressDetailDetailsCountry-arrow\"]"}
COMMAND: POST /session/a218943ac8ac0de5e00a7c8ddc1aa8fc/element/f.7F9D5CB6C16BBEFE5A5C55A7ACE178BF.d.26C874220E6EDEFCDBE6368DEAA765FD.e.2472/click - {}
RESULT: {}
COMMAND: POST /session/a218943ac8ac0de5e00a7c8ddc1aa8fc/element - {"using":"xpath","value":"//span[contains(text(), \"Argentina\")]"}
COMMAND: GET /session/a218943ac8ac0de5e00a7c8ddc1aa8fc/screenshot - {}
RESULT: {"using":"xpath","value":"//span[contains(text(), \"Argentina\")]"}
COMMAND: POST /session/a218943ac8ac0de5e00a7c8ddc1aa8fc/element/f.7F9D5CB6C16BBEFE5A5C55A7ACE178BF.d.26C874220E6EDEFCDBE6368DEAA765FD.e.2474/click - {}
RESULT: {}
RESULT: {}
COMMAND: GET /session/a218943ac8ac0de5e00a7c8ddc1aa8fc/screenshot - {}
RESULT: {}
COMMAND: POST /session/a218943ac8ac0de5e00a7c8ddc1aa8fc/execute/async - {"script":"<script> [1562 bytes]","args":[{"selector":{"id":"application-managesites-display-component---NewSite--addressEditDetailsCostObjectCstType-arrow"},"wdio_ui5_key":"applicationmanagesites-display-component---NewSite--addressEditDetailsCostObjectCstType-arrow"}]}
RESULT: {"script":"<script> [1562 bytes]","args":[{"selector":{"id":"application-managesites-display-component---NewSite--addressEditDetailsCostObjectCstType-arrow"},"wdio_ui5_key":"applicationmanagesites-display-component---NewSite--addressEditDetailsCostObjectCstType-arrow"}]}
RESULT: undefined
COMMAND: POST /session/a218943ac8ac0de5e00a7c8ddc1aa8fc/element - {"using":"xpath","value":"//*[@id=\"application-managesites-display-component---NewSite--addressEditDetailsCostObjectCstType-arrow\"]"}
RESULT: {"using":"xpath","value":"//*[@id=\"application-managesites-display-component---NewSite--addressEditDetailsCostObjectCstType-arrow\"]"}
COMMAND: POST /session/a218943ac8ac0de5e00a7c8ddc1aa8fc/element/f.7F9D5CB6C16BBEFE5A5C55A7ACE178BF.d.26C874220E6EDEFCDBE6368DEAA765FD.e.2475/click - {}
RESULT: {}
COMMAND: POST /session/a218943ac8ac0de5e00a7c8ddc1aa8fc/element - {"using":"xpath","value":"//span[contains(text(), \"Cost Center\")]"}
COMMAND: GET /session/a218943ac8ac0de5e00a7c8ddc1aa8fc/screenshot - {}
RESULT: {"using":"xpath","value":"//span[contains(text(), \"Cost Center\")]"}
COMMAND: POST /session/a218943ac8ac0de5e00a7c8ddc1aa8fc/element/f.7F9D5CB6C16BBEFE5A5C55A7ACE178BF.d.26C874220E6EDEFCDBE6368DEAA765FD.e.2476/click - {}
RESULT: {}
RESULT: {}
COMMAND: GET /session/a218943ac8ac0de5e00a7c8ddc1aa8fc/screenshot - {}
RESULT: {}
COMMAND: POST /session/a218943ac8ac0de5e00a7c8ddc1aa8fc/element - {"using":"xpath","value":"//span[@id=\"application-managesites-display-component---NewSite--addressNewCostObjectCstID-vhi\"]"}
RESULT: {"using":"xpath","value":"//span[@id=\"application-managesites-display-component---NewSite--addressNewCostObjectCstID-vhi\"]"}
COMMAND: POST /session/a218943ac8ac0de5e00a7c8ddc1aa8fc/execute/sync - {"script":"<script> [8489 bytes]","args":[{"element-6066-11e4-a52e-4f735466cecf":"f.7F9D5CB6C16BBEFE5A5C55A7ACE178BF.d.26C874220E6EDEFCDBE6368DEAA765FD.e.2481","ELEMENT":"f.7F9D5CB6C16BBEFE5A5C55A7ACE178BF.d.26C874220E6EDEFCDBE6368DEAA765FD.e.2481"}]}
RESULT: {"script":"<script> [8489 bytes]","args":[{"element-6066-11e4-a52e-4f735466cecf":"f.7F9D5CB6C16BBEFE5A5C55A7ACE178BF.d.26C874220E6EDEFCDBE6368DEAA765FD.e.2481","ELEMENT":"f.7F9D5CB6C16BBEFE5A5C55A7ACE178BF.d.26C874220E6EDEFCDBE6368DEAA765FD.e.2481"}]}
COMMAND: POST /session/a218943ac8ac0de5e00a7c8ddc1aa8fc/execute/async - {"script":"<script> [1562 bytes]","args":[{"selector":{"id":"application-managesites-display-component---NewSite--addressNewCostObjectCstID-vhi"},"wdio_ui5_key":"applicationmanagesites-display-component---NewSite--addressNewCostObjectCstID-vhi"}]}
COMMAND: GET /session/a218943ac8ac0de5e00a7c8ddc1aa8fc/screenshot - {}
RESULT: {"script":"<script> [1562 bytes]","args":[{"selector":{"id":"application-managesites-display-component---NewSite--addressNewCostObjectCstID-vhi"},"wdio_ui5_key":"applicationmanagesites-display-component---NewSite--addressNewCostObjectCstID-vhi"}]}
RESULT: undefined
COMMAND: POST /session/a218943ac8ac0de5e00a7c8ddc1aa8fc/element - {"using":"xpath","value":"//*[@id=\"application-managesites-display-component---NewSite--addressNewCostObjectCstID-vhi\"]"}
RESULT: {}
RESULT: {"using":"xpath","value":"//*[@id=\"application-managesites-display-component---NewSite--addressNewCostObjectCstID-vhi\"]"}
COMMAND: POST /session/a218943ac8ac0de5e00a7c8ddc1aa8fc/element/f.7F9D5CB6C16BBEFE5A5C55A7ACE178BF.d.26C874220E6EDEFCDBE6368DEAA765FD.e.2481/click - {}
RESULT: {}
COMMAND: GET /session/a218943ac8ac0de5e00a7c8ddc1aa8fc/screenshot - {}
RESULT: {}
RESULT: undefined
COMMAND: POST /session/a218943ac8ac0de5e00a7c8ddc1aa8fc/execute/async - {"script":"<script> [776 bytes]","args":[{"enterText":"10001013","selector":{"controlType":"sap.m.SearchField","properties":{"placeholder":"Search"},"searchOpenDialogs":true,"interaction":{"idSuffix":"I"}},"clearTextFirst":true,"interactionType":"ENTER_TEXT"}]}
RESULT: {"script":"<script> [776 bytes]","args":[{"enterText":"10001013","selector":{"controlType":"sap.m.SearchField","properties":{"placeholder":"Search"},"searchOpenDialogs":true,"interaction":{"idSuffix":"I"}},"clearTextFirst":true,"interactionType":"ENTER_TEXT"}]}
COMMAND: POST /session/a218943ac8ac0de5e00a7c8ddc1aa8fc/actions - {"actions":[{"id":"action6","type":"key","parameters":{},"actions":[{"type":"keyDown","value":"î€‡"},{"type":"pause","duration":10},{"type":"keyUp","value":"î€‡"}]}]}
RESULT: {"actions":[{"id":"action6","type":"key","parameters":{},"actions":[{"type":"keyDown","value":"î€‡"},{"type":"pause","duration":10},{"type":"keyUp","value":"î€‡"}]}]}
COMMAND: GET /session/a218943ac8ac0de5e00a7c8ddc1aa8fc/screenshot - {}
RESULT: {}
COMMAND: POST /session/a218943ac8ac0de5e00a7c8ddc1aa8fc/element - {"using":"xpath","value":"//span[contains(text(), \"General Management\")]"}
RESULT: {"using":"xpath","value":"//span[contains(text(), \"General Management\")]"}
COMMAND: POST /session/a218943ac8ac0de5e00a7c8ddc1aa8fc/element/f.7F9D5CB6C16BBEFE5A5C55A7ACE178BF.d.26C874220E6EDEFCDBE6368DEAA765FD.e.2521/click - {}
RESULT: {}
COMMAND: GET /session/a218943ac8ac0de5e00a7c8ddc1aa8fc/screenshot - {}
RESULT: {}
COMMAND: POST /session/a218943ac8ac0de5e00a7c8ddc1aa8fc/element - {"using":"xpath","value":"//bdi[contains(text(), \"OK\")]"}
RESULT: {"using":"xpath","value":"//bdi[contains(text(), \"OK\")]"}
COMMAND: POST /session/a218943ac8ac0de5e00a7c8ddc1aa8fc/element/f.7F9D5CB6C16BBEFE5A5C55A7ACE178BF.d.26C874220E6EDEFCDBE6368DEAA765FD.e.2522/click - {}
RESULT: {}
COMMAND: GET /session/a218943ac8ac0de5e00a7c8ddc1aa8fc/screenshot - {}
RESULT: {}
COMMAND: POST /session/a218943ac8ac0de5e00a7c8ddc1aa8fc/element - {"using":"xpath","value":"//input[@id=\"application-managesites-display-component---NewSite--addressDetailDetailsCalendar-inner\"]"}
RESULT: {"using":"xpath","value":"//input[@id=\"application-managesites-display-component---NewSite--addressDetailDetailsCalendar-inner\"]"}
COMMAND: POST /session/a218943ac8ac0de5e00a7c8ddc1aa8fc/element/f.7F9D5CB6C16BBEFE5A5C55A7ACE178BF.d.26C874220E6EDEFCDBE6368DEAA765FD.e.2325/clear - {}
RESULT: {}
COMMAND: POST /session/a218943ac8ac0de5e00a7c8ddc1aa8fc/element/f.7F9D5CB6C16BBEFE5A5C55A7ACE178BF.d.26C874220E6EDEFCDBE6368DEAA765FD.e.2325/value - {"text":"Unit"}
COMMAND: GET /session/a218943ac8ac0de5e00a7c8ddc1aa8fc/screenshot - {}
RESULT: {"text":"Unit"}
COMMAND: GET /session/a218943ac8ac0de5e00a7c8ddc1aa8fc/screenshot - {}
RESULT: {}
RESULT: {}
COMMAND: POST /session/a218943ac8ac0de5e00a7c8ddc1aa8fc/actions - {"actions":[{"id":"action7","type":"key","parameters":{},"actions":[{"type":"keyDown","value":"î€‡"},{"type":"pause","duration":10},{"type":"keyUp","value":"î€‡"}]}]}
RESULT: {"actions":[{"id":"action7","type":"key","parameters":{},"actions":[{"type":"keyDown","value":"î€‡"},{"type":"pause","duration":10},{"type":"keyUp","value":"î€‡"}]}]}
COMMAND: POST /session/a218943ac8ac0de5e00a7c8ddc1aa8fc/element - {"using":"xpath","value":"//input[@id=\"application-managesites-display-component---NewSite--addressDetailDetailsYard-inner\"]"}
COMMAND: GET /session/a218943ac8ac0de5e00a7c8ddc1aa8fc/screenshot - {}
RESULT: {"using":"xpath","value":"//input[@id=\"application-managesites-display-component---NewSite--addressDetailDetailsYard-inner\"]"}
COMMAND: POST /session/a218943ac8ac0de5e00a7c8ddc1aa8fc/element/f.7F9D5CB6C16BBEFE5A5C55A7ACE178BF.d.26C874220E6EDEFCDBE6368DEAA765FD.e.2326/clear - {}
RESULT: {}
RESULT: {}
COMMAND: POST /session/a218943ac8ac0de5e00a7c8ddc1aa8fc/element/f.7F9D5CB6C16BBEFE5A5C55A7ACE178BF.d.26C874220E6EDEFCDBE6368DEAA765FD.e.2326/value - {"text":"482"}
COMMAND: GET /session/a218943ac8ac0de5e00a7c8ddc1aa8fc/screenshot - {}
RESULT: {"text":"482"}
COMMAND: GET /session/a218943ac8ac0de5e00a7c8ddc1aa8fc/screenshot - {}
RESULT: {}
RESULT: {}
COMMAND: POST /session/a218943ac8ac0de5e00a7c8ddc1aa8fc/element - {"using":"xpath","value":"//li[.//span[text()='482']]"}
RESULT: {"using":"xpath","value":"//li[.//span[text()='482']]"}
COMMAND: POST /session/a218943ac8ac0de5e00a7c8ddc1aa8fc/element/f.7F9D5CB6C16BBEFE5A5C55A7ACE178BF.d.26C874220E6EDEFCDBE6368DEAA765FD.e.2530/click - {}
RESULT: {}
COMMAND: GET /session/a218943ac8ac0de5e00a7c8ddc1aa8fc/screenshot - {}
RESULT: {}
COMMAND: POST /session/a218943ac8ac0de5e00a7c8ddc1aa8fc/element - {"using":"xpath","value":"//input[@id=\"application-managesites-display-component---NewSite--addressDetailDetailsPartner-inner\"]"}
RESULT: {"using":"xpath","value":"//input[@id=\"application-managesites-display-component---NewSite--addressDetailDetailsPartner-inner\"]"}
COMMAND: POST /session/a218943ac8ac0de5e00a7c8ddc1aa8fc/element - {"using":"xpath","value":"//input[@id=\"application-managesites-display-component---NewSite--addressDetailDetailsPartner-inner\"]"}
RESULT: {"using":"xpath","value":"//input[@id=\"application-managesites-display-component---NewSite--addressDetailDetailsPartner-inner\"]"}
COMMAND: POST /session/a218943ac8ac0de5e00a7c8ddc1aa8fc/element - {"using":"xpath","value":"//button[@data-kt=\"saveButton\"]"}
RESULT: {"using":"xpath","value":"//button[@data-kt=\"saveButton\"]"}
COMMAND: POST /session/a218943ac8ac0de5e00a7c8ddc1aa8fc/element/f.7F9D5CB6C16BBEFE5A5C55A7ACE178BF.d.26C874220E6EDEFCDBE6368DEAA765FD.e.2449/click - {}
RESULT: {}
COMMAND: GET /session/a218943ac8ac0de5e00a7c8ddc1aa8fc/screenshot - {}
RESULT: {}
COMMAND: POST /session/a218943ac8ac0de5e00a7c8ddc1aa8fc/element - {"using":"xpath","value":"//header[contains(@id, 'ObjectPageLayout-headerTitle')]/div[1]/div[2]/div[2]/span[1]"}
RESULT: {"using":"xpath","value":"//header[contains(@id, 'ObjectPageLayout-headerTitle')]/div[1]/div[2]/div[2]/span[1]"}
COMMAND: POST /session/a218943ac8ac0de5e00a7c8ddc1aa8fc/elements - {"using":"xpath","value":"//header[contains(@id, 'ObjectPageLayout-headerTitle')]/div[1]/div[2]/div[2]/span[1]"}
RESULT: {"using":"xpath","value":"//header[contains(@id, 'ObjectPageLayout-headerTitle')]/div[1]/div[2]/div[2]/span[1]"}
COMMAND: POST /session/a218943ac8ac0de5e00a7c8ddc1aa8fc/execute/sync - {"script":"<script> [56 bytes]","args":[{"element-6066-11e4-a52e-4f735466cecf":"f.7F9D5CB6C16BBEFE5A5C55A7ACE178BF.d.26C874220E6EDEFCDBE6368DEAA765FD.e.2733","ELEMENT":"f.7F9D5CB6C16BBEFE5A5C55A7ACE178BF.d.26C874220E6EDEFCDBE6368DEAA765FD.e.2733"}]}
RESULT: {"script":"<script> [56 bytes]","args":[{"element-6066-11e4-a52e-4f735466cecf":"f.7F9D5CB6C16BBEFE5A5C55A7ACE178BF.d.26C874220E6EDEFCDBE6368DEAA765FD.e.2733","ELEMENT":"f.7F9D5CB6C16BBEFE5A5C55A7ACE178BF.d.26C874220E6EDEFCDBE6368DEAA765FD.e.2733"}]}
COMMAND: POST /session/a218943ac8ac0de5e00a7c8ddc1aa8fc/element - {"using":"css selector","value":"#shell-header-logo"}
COMMAND: GET /session/a218943ac8ac0de5e00a7c8ddc1aa8fc/screenshot - {}
RESULT: {"using":"css selector","value":"#shell-header-logo"}
COMMAND: POST /session/a218943ac8ac0de5e00a7c8ddc1aa8fc/element/f.7F9D5CB6C16BBEFE5A5C55A7ACE178BF.d.26C874220E6EDEFCDBE6368DEAA765FD.e.1796/click - {}
RESULT: {}
RESULT: {}
COMMAND: GET /session/a218943ac8ac0de5e00a7c8ddc1aa8fc/screenshot - {}
RESULT: {}
COMMAND: POST /session/a218943ac8ac0de5e00a7c8ddc1aa8fc/execute/sync - {"script":"<script> [299 bytes]","args":[["getModel","getResource"]]}
RESULT: {"script":"<script> [299 bytes]","args":[["getModel","getResource"]]}
]]></system-out>
    </testcase>
    <testcase classname="chrome.135_0_7049_96.windows.Prerequisites_&amp;_test_for_yard_mass_return_on_Yard_Overview_US131057" name="Prereq Should create a new material" time="110.124">
      <system-out><![CDATA[
COMMAND: GET /session/a218943ac8ac0de5e00a7c8ddc1aa8fc/screenshot - {}
COMMAND: POST /session/a218943ac8ac0de5e00a7c8ddc1aa8fc/execute/async - {"script":"<script> [1562 bytes]","args":[{"selector":{"controlType":"sap.m.GenericTile","properties":{"header":"Manage Resources"}},"wdio_ui5_key":"sapm.GenericTile{\"header\":\"Manage Resources\"}"}]}
RESULT: {"script":"<script> [1562 bytes]","args":[{"selector":{"controlType":"sap.m.GenericTile","properties":{"header":"Manage Resources"}},"wdio_ui5_key":"sapm.GenericTile{\"header\":\"Manage Resources\"}"}]}
RESULT: undefined
COMMAND: POST /session/a218943ac8ac0de5e00a7c8ddc1aa8fc/element - {"using":"xpath","value":"//*[@id=\"__tile39\"]"}
RESULT: {}
RESULT: {"using":"xpath","value":"//*[@id=\"__tile39\"]"}
COMMAND: POST /session/a218943ac8ac0de5e00a7c8ddc1aa8fc/element/f.7F9D5CB6C16BBEFE5A5C55A7ACE178BF.d.26C874220E6EDEFCDBE6368DEAA765FD.e.152/click - {}
RESULT: {}
COMMAND: POST /session/a218943ac8ac0de5e00a7c8ddc1aa8fc/element - {"using":"xpath","value":"//button[@data-kt=\"addNewRUOverflowToolbarButton\"]"}
COMMAND: GET /session/a218943ac8ac0de5e00a7c8ddc1aa8fc/screenshot - {}
RESULT: {"using":"xpath","value":"//button[@data-kt=\"addNewRUOverflowToolbarButton\"]"}
COMMAND: POST /session/a218943ac8ac0de5e00a7c8ddc1aa8fc/elements - {"using":"xpath","value":"//button[@data-kt=\"addNewRUOverflowToolbarButton\"]"}
RESULT: {}
RESULT: {"using":"xpath","value":"//button[@data-kt=\"addNewRUOverflowToolbarButton\"]"}
COMMAND: POST /session/a218943ac8ac0de5e00a7c8ddc1aa8fc/elements - {"using":"xpath","value":"//button[@data-kt=\"addNewRUOverflowToolbarButton\"]"}
RESULT: {"using":"xpath","value":"//button[@data-kt=\"addNewRUOverflowToolbarButton\"]"}
COMMAND: POST /session/a218943ac8ac0de5e00a7c8ddc1aa8fc/elements - {"using":"xpath","value":"//button[@data-kt=\"addNewRUOverflowToolbarButton\"]"}
RESULT: {"using":"xpath","value":"//button[@data-kt=\"addNewRUOverflowToolbarButton\"]"}
COMMAND: POST /session/a218943ac8ac0de5e00a7c8ddc1aa8fc/elements - {"using":"xpath","value":"//button[@data-kt=\"addNewRUOverflowToolbarButton\"]"}
RESULT: {"using":"xpath","value":"//button[@data-kt=\"addNewRUOverflowToolbarButton\"]"}
COMMAND: POST /session/a218943ac8ac0de5e00a7c8ddc1aa8fc/elements - {"using":"xpath","value":"//button[@data-kt=\"addNewRUOverflowToolbarButton\"]"}
RESULT: {"using":"xpath","value":"//button[@data-kt=\"addNewRUOverflowToolbarButton\"]"}
COMMAND: POST /session/a218943ac8ac0de5e00a7c8ddc1aa8fc/elements - {"using":"xpath","value":"//button[@data-kt=\"addNewRUOverflowToolbarButton\"]"}
RESULT: {"using":"xpath","value":"//button[@data-kt=\"addNewRUOverflowToolbarButton\"]"}
COMMAND: POST /session/a218943ac8ac0de5e00a7c8ddc1aa8fc/elements - {"using":"xpath","value":"//button[@data-kt=\"addNewRUOverflowToolbarButton\"]"}
RESULT: {"using":"xpath","value":"//button[@data-kt=\"addNewRUOverflowToolbarButton\"]"}
COMMAND: POST /session/a218943ac8ac0de5e00a7c8ddc1aa8fc/elements - {"using":"xpath","value":"//button[@data-kt=\"addNewRUOverflowToolbarButton\"]"}
RESULT: {"using":"xpath","value":"//button[@data-kt=\"addNewRUOverflowToolbarButton\"]"}
COMMAND: POST /session/a218943ac8ac0de5e00a7c8ddc1aa8fc/elements - {"using":"xpath","value":"//button[@data-kt=\"addNewRUOverflowToolbarButton\"]"}
RESULT: {"using":"xpath","value":"//button[@data-kt=\"addNewRUOverflowToolbarButton\"]"}
COMMAND: POST /session/a218943ac8ac0de5e00a7c8ddc1aa8fc/element - {"using":"xpath","value":"//button[@data-kt=\"addNewRUOverflowToolbarButton\"]"}
RESULT: {"using":"xpath","value":"//button[@data-kt=\"addNewRUOverflowToolbarButton\"]"}
COMMAND: POST /session/a218943ac8ac0de5e00a7c8ddc1aa8fc/execute/sync - {"script":"<script> [8489 bytes]","args":[{"element-6066-11e4-a52e-4f735466cecf":"f.7F9D5CB6C16BBEFE5A5C55A7ACE178BF.d.26C874220E6EDEFCDBE6368DEAA765FD.e.2766","ELEMENT":"f.7F9D5CB6C16BBEFE5A5C55A7ACE178BF.d.26C874220E6EDEFCDBE6368DEAA765FD.e.2766"}]}
RESULT: {"script":"<script> [8489 bytes]","args":[{"element-6066-11e4-a52e-4f735466cecf":"f.7F9D5CB6C16BBEFE5A5C55A7ACE178BF.d.26C874220E6EDEFCDBE6368DEAA765FD.e.2766","ELEMENT":"f.7F9D5CB6C16BBEFE5A5C55A7ACE178BF.d.26C874220E6EDEFCDBE6368DEAA765FD.e.2766"}]}
COMMAND: GET /session/a218943ac8ac0de5e00a7c8ddc1aa8fc/element/f.7F9D5CB6C16BBEFE5A5C55A7ACE178BF.d.26C874220E6EDEFCDBE6368DEAA765FD.e.2766/enabled - {}
COMMAND: GET /session/a218943ac8ac0de5e00a7c8ddc1aa8fc/screenshot - {}
RESULT: {}
COMMAND: POST /session/a218943ac8ac0de5e00a7c8ddc1aa8fc/execute/sync - {"script":"<script> [8489 bytes]","args":[{"element-6066-11e4-a52e-4f735466cecf":"f.7F9D5CB6C16BBEFE5A5C55A7ACE178BF.d.26C874220E6EDEFCDBE6368DEAA765FD.e.2766","ELEMENT":"f.7F9D5CB6C16BBEFE5A5C55A7ACE178BF.d.26C874220E6EDEFCDBE6368DEAA765FD.e.2766"}]}
COMMAND: GET /session/a218943ac8ac0de5e00a7c8ddc1aa8fc/screenshot - {}
RESULT: {}
RESULT: {"script":"<script> [8489 bytes]","args":[{"element-6066-11e4-a52e-4f735466cecf":"f.7F9D5CB6C16BBEFE5A5C55A7ACE178BF.d.26C874220E6EDEFCDBE6368DEAA765FD.e.2766","ELEMENT":"f.7F9D5CB6C16BBEFE5A5C55A7ACE178BF.d.26C874220E6EDEFCDBE6368DEAA765FD.e.2766"}]}
COMMAND: POST /session/a218943ac8ac0de5e00a7c8ddc1aa8fc/execute/sync - {"script":"<script> [5351 bytes]","args":[{"element-6066-11e4-a52e-4f735466cecf":"f.7F9D5CB6C16BBEFE5A5C55A7ACE178BF.d.26C874220E6EDEFCDBE6368DEAA765FD.e.2766","ELEMENT":"f.7F9D5CB6C16BBEFE5A5C55A7ACE178BF.d.26C874220E6EDEFCDBE6368DEAA765FD.e.2766"}]}
COMMAND: GET /session/a218943ac8ac0de5e00a7c8ddc1aa8fc/screenshot - {}
RESULT: {}
RESULT: {"script":"<script> [5351 bytes]","args":[{"element-6066-11e4-a52e-4f735466cecf":"f.7F9D5CB6C16BBEFE5A5C55A7ACE178BF.d.26C874220E6EDEFCDBE6368DEAA765FD.e.2766","ELEMENT":"f.7F9D5CB6C16BBEFE5A5C55A7ACE178BF.d.26C874220E6EDEFCDBE6368DEAA765FD.e.2766"}]}
COMMAND: POST /session/a218943ac8ac0de5e00a7c8ddc1aa8fc/element/f.7F9D5CB6C16BBEFE5A5C55A7ACE178BF.d.26C874220E6EDEFCDBE6368DEAA765FD.e.2766/click - {}
COMMAND: GET /session/a218943ac8ac0de5e00a7c8ddc1aa8fc/screenshot - {}
RESULT: {}
RESULT: {}
COMMAND: GET /session/a218943ac8ac0de5e00a7c8ddc1aa8fc/screenshot - {}
RESULT: {}
RESULT: {}
COMMAND: POST /session/a218943ac8ac0de5e00a7c8ddc1aa8fc/execute/async - {"script":"<script> [1562 bytes]","args":[{"selector":{"id":"application-manageresources-display-component---newResourceUnit--TYPE-arrow"},"wdio_ui5_key":"applicationmanageresources-display-component---newResourceUnit--TYPE-arrow"}]}
RESULT: {"script":"<script> [1562 bytes]","args":[{"selector":{"id":"application-manageresources-display-component---newResourceUnit--TYPE-arrow"},"wdio_ui5_key":"applicationmanageresources-display-component---newResourceUnit--TYPE-arrow"}]}
RESULT: undefined
COMMAND: POST /session/a218943ac8ac0de5e00a7c8ddc1aa8fc/element - {"using":"xpath","value":"//*[@id=\"application-manageresources-display-component---newResourceUnit--TYPE-arrow\"]"}
RESULT: {"using":"xpath","value":"//*[@id=\"application-manageresources-display-component---newResourceUnit--TYPE-arrow\"]"}
COMMAND: POST /session/a218943ac8ac0de5e00a7c8ddc1aa8fc/element/f.7F9D5CB6C16BBEFE5A5C55A7ACE178BF.d.26C874220E6EDEFCDBE6368DEAA765FD.e.3140/click - {}
RESULT: {}
COMMAND: POST /session/a218943ac8ac0de5e00a7c8ddc1aa8fc/element - {"using":"xpath","value":"//input[@id=\"application-manageresources-display-component---newResourceUnit--TYPE-inner\"]"}
COMMAND: GET /session/a218943ac8ac0de5e00a7c8ddc1aa8fc/screenshot - {}
RESULT: {"using":"xpath","value":"//input[@id=\"application-manageresources-display-component---newResourceUnit--TYPE-inner\"]"}
COMMAND: POST /session/a218943ac8ac0de5e00a7c8ddc1aa8fc/element/f.7F9D5CB6C16BBEFE5A5C55A7ACE178BF.d.26C874220E6EDEFCDBE6368DEAA765FD.e.3125/clear - {}
RESULT: {}
RESULT: {}
COMMAND: POST /session/a218943ac8ac0de5e00a7c8ddc1aa8fc/element/f.7F9D5CB6C16BBEFE5A5C55A7ACE178BF.d.26C874220E6EDEFCDBE6368DEAA765FD.e.3125/value - {"text":"Material"}
COMMAND: GET /session/a218943ac8ac0de5e00a7c8ddc1aa8fc/screenshot - {}
RESULT: {"text":"Material"}
COMMAND: GET /session/a218943ac8ac0de5e00a7c8ddc1aa8fc/screenshot - {}
RESULT: {}
RESULT: {}
COMMAND: POST /session/a218943ac8ac0de5e00a7c8ddc1aa8fc/actions - {"actions":[{"id":"action8","type":"key","parameters":{},"actions":[{"type":"keyDown","value":"î€‡"},{"type":"pause","duration":10},{"type":"keyUp","value":"î€‡"}]}]}
RESULT: {"actions":[{"id":"action8","type":"key","parameters":{},"actions":[{"type":"keyDown","value":"î€‡"},{"type":"pause","duration":10},{"type":"keyUp","value":"î€‡"}]}]}
COMMAND: POST /session/a218943ac8ac0de5e00a7c8ddc1aa8fc/execute/async - {"script":"<script> [1562 bytes]","args":[{"selector":{"id":"application-manageresources-display-component---newResourceUnit--SHORT_TEXT","interaction":{"idSuffix":"inner"}},"wdio_ui5_key":"applicationmanageresources-display-component---newResourceUnit--SHORT_TEXT"}]}
COMMAND: GET /session/a218943ac8ac0de5e00a7c8ddc1aa8fc/screenshot - {}
RESULT: {"script":"<script> [1562 bytes]","args":[{"selector":{"id":"application-manageresources-display-component---newResourceUnit--SHORT_TEXT","interaction":{"idSuffix":"inner"}},"wdio_ui5_key":"applicationmanageresources-display-component---newResourceUnit--SHORT_TEXT"}]}
RESULT: undefined
COMMAND: POST /session/a218943ac8ac0de5e00a7c8ddc1aa8fc/execute/async - {"script":"<script> [776 bytes]","args":[{"enterText":"Cement WDIO","selector":{"id":"application-manageresources-display-component---newResourceUnit--SHORT_TEXT","interaction":{"idSuffix":"inner"}},"clearTextFirst":true,"interactionType":"ENTER_TEXT"}]}
RESULT: {}
RESULT: {"script":"<script> [776 bytes]","args":[{"enterText":"Cement WDIO","selector":{"id":"application-manageresources-display-component---newResourceUnit--SHORT_TEXT","interaction":{"idSuffix":"inner"}},"clearTextFirst":true,"interactionType":"ENTER_TEXT"}]}
COMMAND: POST /session/a218943ac8ac0de5e00a7c8ddc1aa8fc/execute/async - {"script":"<script> [1562 bytes]","args":[{"selector":{"id":"application-manageresources-display-component---newResourceUnit--BASE_UNIT_OF_MEASURE","interaction":{"idSuffix":"inner"}},"wdio_ui5_key":"applicationmanageresources-display-component---newResourceUnit--BASE_UNIT_OF_MEASURE"}]}
RESULT: {"script":"<script> [1562 bytes]","args":[{"selector":{"id":"application-manageresources-display-component---newResourceUnit--BASE_UNIT_OF_MEASURE","interaction":{"idSuffix":"inner"}},"wdio_ui5_key":"applicationmanageresources-display-component---newResourceUnit--BASE_UNIT_OF_MEASURE"}]}
RESULT: undefined
COMMAND: POST /session/a218943ac8ac0de5e00a7c8ddc1aa8fc/execute/async - {"script":"<script> [776 bytes]","args":[{"enterText":"Piece","selector":{"id":"application-manageresources-display-component---newResourceUnit--BASE_UNIT_OF_MEASURE","interaction":{"idSuffix":"inner"}},"clearTextFirst":true,"interactionType":"ENTER_TEXT"}]}
RESULT: {"script":"<script> [776 bytes]","args":[{"enterText":"Piece","selector":{"id":"application-manageresources-display-component---newResourceUnit--BASE_UNIT_OF_MEASURE","interaction":{"idSuffix":"inner"}},"clearTextFirst":true,"interactionType":"ENTER_TEXT"}]}
COMMAND: POST /session/a218943ac8ac0de5e00a7c8ddc1aa8fc/execute/async - {"script":"<script> [1562 bytes]","args":[{"selector":{"id":"application-manageresources-display-component---newResourceUnit--WEIGHT_UNIT","interaction":{"idSuffix":"inner"}},"wdio_ui5_key":"applicationmanageresources-display-component---newResourceUnit--WEIGHT_UNIT"}]}
RESULT: {"script":"<script> [1562 bytes]","args":[{"selector":{"id":"application-manageresources-display-component---newResourceUnit--WEIGHT_UNIT","interaction":{"idSuffix":"inner"}},"wdio_ui5_key":"applicationmanageresources-display-component---newResourceUnit--WEIGHT_UNIT"}]}
RESULT: undefined
COMMAND: POST /session/a218943ac8ac0de5e00a7c8ddc1aa8fc/execute/async - {"script":"<script> [776 bytes]","args":[{"enterText":"Gram","selector":{"id":"application-manageresources-display-component---newResourceUnit--WEIGHT_UNIT","interaction":{"idSuffix":"inner"}},"clearTextFirst":true,"interactionType":"ENTER_TEXT"}]}
RESULT: {"script":"<script> [776 bytes]","args":[{"enterText":"Gram","selector":{"id":"application-manageresources-display-component---newResourceUnit--WEIGHT_UNIT","interaction":{"idSuffix":"inner"}},"clearTextFirst":true,"interactionType":"ENTER_TEXT"}]}
COMMAND: POST /session/a218943ac8ac0de5e00a7c8ddc1aa8fc/execute/async - {"script":"<script> [1562 bytes]","args":[{"selector":{"id":"application-manageresources-display-component---newResourceUnit--DIMENSION_UNIT","interaction":{"idSuffix":"inner"}},"wdio_ui5_key":"applicationmanageresources-display-component---newResourceUnit--DIMENSION_UNIT"}]}
RESULT: {"script":"<script> [1562 bytes]","args":[{"selector":{"id":"application-manageresources-display-component---newResourceUnit--DIMENSION_UNIT","interaction":{"idSuffix":"inner"}},"wdio_ui5_key":"applicationmanageresources-display-component---newResourceUnit--DIMENSION_UNIT"}]}
RESULT: undefined
COMMAND: POST /session/a218943ac8ac0de5e00a7c8ddc1aa8fc/execute/async - {"script":"<script> [776 bytes]","args":[{"enterText":"Meter","selector":{"id":"application-manageresources-display-component---newResourceUnit--DIMENSION_UNIT","interaction":{"idSuffix":"inner"}},"clearTextFirst":true,"interactionType":"ENTER_TEXT"}]}
RESULT: {"script":"<script> [776 bytes]","args":[{"enterText":"Meter","selector":{"id":"application-manageresources-display-component---newResourceUnit--DIMENSION_UNIT","interaction":{"idSuffix":"inner"}},"clearTextFirst":true,"interactionType":"ENTER_TEXT"}]}
COMMAND: POST /session/a218943ac8ac0de5e00a7c8ddc1aa8fc/execute/async - {"script":"<script> [1562 bytes]","args":[{"selector":{"id":"application-manageresources-display-component---newResourceUnit--newRRUPage-anchBar-application-manageresources-display-component---newResourceUnit--control-anchor","interaction":{"idSuffix":"BDI-content"}},"wdio_ui5_key":"applicationmanageresources-display-component---newResourceUnit--newRRUPage-anchBar-application-manageresources-display-component---newResourceUnit--control-anchor"}]}
RESULT: {"script":"<script> [1562 bytes]","args":[{"selector":{"id":"application-manageresources-display-component---newResourceUnit--newRRUPage-anchBar-application-manageresources-display-component---newResourceUnit--control-anchor","interaction":{"idSuffix":"BDI-content"}},"wdio_ui5_key":"applicationmanageresources-display-component---newResourceUnit--newRRUPage-anchBar-application-manageresources-display-component---newResourceUnit--control-anchor"}]}
RESULT: undefined
COMMAND: POST /session/a218943ac8ac0de5e00a7c8ddc1aa8fc/element - {"using":"xpath","value":"//*[@id=\"application-manageresources-display-component---newResourceUnit--newRRUPage-anchBar-application-manageresources-display-component---newResourceUnit--control-anchor\"]"}
RESULT: {"using":"xpath","value":"//*[@id=\"application-manageresources-display-component---newResourceUnit--newRRUPage-anchBar-application-manageresources-display-component---newResourceUnit--control-anchor\"]"}
COMMAND: POST /session/a218943ac8ac0de5e00a7c8ddc1aa8fc/element/f.7F9D5CB6C16BBEFE5A5C55A7ACE178BF.d.26C874220E6EDEFCDBE6368DEAA765FD.e.3206/click - {}
RESULT: {}
COMMAND: POST /session/a218943ac8ac0de5e00a7c8ddc1aa8fc/execute/async - {"script":"<script> [1562 bytes]","args":[{"selector":{"id":"application-manageresources-display-component---newResourceUnit--PLANNING_GROUP","interaction":{"idSuffix":"inner"}},"wdio_ui5_key":"applicationmanageresources-display-component---newResourceUnit--PLANNING_GROUP"}]}
COMMAND: GET /session/a218943ac8ac0de5e00a7c8ddc1aa8fc/screenshot - {}
RESULT: {"script":"<script> [1562 bytes]","args":[{"selector":{"id":"application-manageresources-display-component---newResourceUnit--PLANNING_GROUP","interaction":{"idSuffix":"inner"}},"wdio_ui5_key":"applicationmanageresources-display-component---newResourceUnit--PLANNING_GROUP"}]}
RESULT: undefined
COMMAND: POST /session/a218943ac8ac0de5e00a7c8ddc1aa8fc/execute/async - {"script":"<script> [776 bytes]","args":[{"enterText":"Material","selector":{"id":"application-manageresources-display-component---newResourceUnit--PLANNING_GROUP","interaction":{"idSuffix":"inner"}},"clearTextFirst":true,"interactionType":"ENTER_TEXT"}]}
RESULT: {}
RESULT: {"script":"<script> [776 bytes]","args":[{"enterText":"Material","selector":{"id":"application-manageresources-display-component---newResourceUnit--PLANNING_GROUP","interaction":{"idSuffix":"inner"}},"clearTextFirst":true,"interactionType":"ENTER_TEXT"}]}
COMMAND: POST /session/a218943ac8ac0de5e00a7c8ddc1aa8fc/execute/async - {"script":"<script> [1562 bytes]","args":[{"selector":{"id":"application-manageresources-display-component---newResourceUnit--PLANNING_INDICATOR","interaction":{"idSuffix":"inner"}},"wdio_ui5_key":"applicationmanageresources-display-component---newResourceUnit--PLANNING_INDICATOR"}]}
RESULT: {"script":"<script> [1562 bytes]","args":[{"selector":{"id":"application-manageresources-display-component---newResourceUnit--PLANNING_INDICATOR","interaction":{"idSuffix":"inner"}},"wdio_ui5_key":"applicationmanageresources-display-component---newResourceUnit--PLANNING_INDICATOR"}]}
RESULT: undefined
COMMAND: POST /session/a218943ac8ac0de5e00a7c8ddc1aa8fc/execute/async - {"script":"<script> [776 bytes]","args":[{"enterText":"10 - infinite","selector":{"id":"application-manageresources-display-component---newResourceUnit--PLANNING_INDICATOR","interaction":{"idSuffix":"inner"}},"clearTextFirst":true,"interactionType":"ENTER_TEXT"}]}
RESULT: {"script":"<script> [776 bytes]","args":[{"enterText":"10 - infinite","selector":{"id":"application-manageresources-display-component---newResourceUnit--PLANNING_INDICATOR","interaction":{"idSuffix":"inner"}},"clearTextFirst":true,"interactionType":"ENTER_TEXT"}]}
COMMAND: POST /session/a218943ac8ac0de5e00a7c8ddc1aa8fc/element - {"using":"css selector","value":"#application-manageresources-display-component---newResourceUnit--btnAddTimeSegment"}
RESULT: {"using":"css selector","value":"#application-manageresources-display-component---newResourceUnit--btnAddTimeSegment"}
COMMAND: GET /session/a218943ac8ac0de5e00a7c8ddc1aa8fc/element/f.7F9D5CB6C16BBEFE5A5C55A7ACE178BF.d.26C874220E6EDEFCDBE6368DEAA765FD.e.3215/rect - {}
RESULT: {}
COMMAND: GET /session/a218943ac8ac0de5e00a7c8ddc1aa8fc/window/rect - {}
RESULT: {}
COMMAND: POST /session/a218943ac8ac0de5e00a7c8ddc1aa8fc/execute/sync - {"script":"<script> [92 bytes]","args":[]}
RESULT: {"script":"<script> [92 bytes]","args":[]}
COMMAND: POST /session/a218943ac8ac0de5e00a7c8ddc1aa8fc/actions - {"actions":[{"id":"action9","type":"wheel","parameters":{},"actions":[{"type":"scroll","x":-1888,"y":-32,"deltaX":0,"deltaY":0,"duration":0,"origin":{"element-6066-11e4-a52e-4f735466cecf":"f.7F9D5CB6C16BBEFE5A5C55A7ACE178BF.d.26C874220E6EDEFCDBE6368DEAA765FD.e.3215"}}]}]}
COMMAND: GET /session/a218943ac8ac0de5e00a7c8ddc1aa8fc/screenshot - {}
RESULT: {}
COMMAND: POST /session/a218943ac8ac0de5e00a7c8ddc1aa8fc/execute/sync - {"script":"<script> [79 bytes]","args":[{"element-6066-11e4-a52e-4f735466cecf":"f.7F9D5CB6C16BBEFE5A5C55A7ACE178BF.d.26C874220E6EDEFCDBE6368DEAA765FD.e.3215","ELEMENT":"f.7F9D5CB6C16BBEFE5A5C55A7ACE178BF.d.26C874220E6EDEFCDBE6368DEAA765FD.e.3215"},{"block":"start","inline":"nearest"}]}
RESULT: {"script":"<script> [79 bytes]","args":[{"element-6066-11e4-a52e-4f735466cecf":"f.7F9D5CB6C16BBEFE5A5C55A7ACE178BF.d.26C874220E6EDEFCDBE6368DEAA765FD.e.3215","ELEMENT":"f.7F9D5CB6C16BBEFE5A5C55A7ACE178BF.d.26C874220E6EDEFCDBE6368DEAA765FD.e.3215"},{"block":"start","inline":"nearest"}]}
COMMAND: POST /session/a218943ac8ac0de5e00a7c8ddc1aa8fc/execute/async - {"script":"<script> [1562 bytes]","args":[{"selector":{"id":"application-manageresources-display-component---newResourceUnit--btnAddTimeSegment","interaction":{"idSuffix":"inner"}},"wdio_ui5_key":"applicationmanageresources-display-component---newResourceUnit--btnAddTimeSegment"}]}
COMMAND: GET /session/a218943ac8ac0de5e00a7c8ddc1aa8fc/screenshot - {}
RESULT: {"script":"<script> [1562 bytes]","args":[{"selector":{"id":"application-manageresources-display-component---newResourceUnit--btnAddTimeSegment","interaction":{"idSuffix":"inner"}},"wdio_ui5_key":"applicationmanageresources-display-component---newResourceUnit--btnAddTimeSegment"}]}
RESULT: undefined
COMMAND: POST /session/a218943ac8ac0de5e00a7c8ddc1aa8fc/element - {"using":"xpath","value":"//*[@id=\"application-manageresources-display-component---newResourceUnit--btnAddTimeSegment\"]"}
RESULT: {}
RESULT: {"using":"xpath","value":"//*[@id=\"application-manageresources-display-component---newResourceUnit--btnAddTimeSegment\"]"}
COMMAND: POST /session/a218943ac8ac0de5e00a7c8ddc1aa8fc/element/f.7F9D5CB6C16BBEFE5A5C55A7ACE178BF.d.26C874220E6EDEFCDBE6368DEAA765FD.e.3215/click - {}
RESULT: {}
COMMAND: GET /session/a218943ac8ac0de5e00a7c8ddc1aa8fc/screenshot - {}
RESULT: {}
COMMAND: POST /session/a218943ac8ac0de5e00a7c8ddc1aa8fc/element - {"using":"xpath","value":"//input[@id=\"application-manageresources-display-component---newResourceUnit--idRuTSAdmin-application-manageresources-display-component---newResourceUnit--RUTimeSegment-0-inner\"]"}
RESULT: {"using":"xpath","value":"//input[@id=\"application-manageresources-display-component---newResourceUnit--idRuTSAdmin-application-manageresources-display-component---newResourceUnit--RUTimeSegment-0-inner\"]"}
COMMAND: POST /session/a218943ac8ac0de5e00a7c8ddc1aa8fc/element/f.7F9D5CB6C16BBEFE5A5C55A7ACE178BF.d.26C874220E6EDEFCDBE6368DEAA765FD.e.3220/clear - {}
RESULT: {}
COMMAND: POST /session/a218943ac8ac0de5e00a7c8ddc1aa8fc/element/f.7F9D5CB6C16BBEFE5A5C55A7ACE178BF.d.26C874220E6EDEFCDBE6368DEAA765FD.e.3220/value - {"text":"482"}
COMMAND: GET /session/a218943ac8ac0de5e00a7c8ddc1aa8fc/screenshot - {}
RESULT: {"text":"482"}
COMMAND: GET /session/a218943ac8ac0de5e00a7c8ddc1aa8fc/screenshot - {}
RESULT: {}
RESULT: {}
COMMAND: POST /session/a218943ac8ac0de5e00a7c8ddc1aa8fc/element - {"using":"xpath","value":"//li[.//span[text()='482']]"}
RESULT: {"using":"xpath","value":"//li[.//span[text()='482']]"}
COMMAND: POST /session/a218943ac8ac0de5e00a7c8ddc1aa8fc/element/f.7F9D5CB6C16BBEFE5A5C55A7ACE178BF.d.26C874220E6EDEFCDBE6368DEAA765FD.e.3229/click - {}
RESULT: {}
COMMAND: GET /session/a218943ac8ac0de5e00a7c8ddc1aa8fc/screenshot - {}
RESULT: {}
COMMAND: POST /session/a218943ac8ac0de5e00a7c8ddc1aa8fc/element - {"using":"xpath","value":"(//span[contains(@id, \"-application-manageresources-display-component---newResourceUnit--RUTimeSegment-0-arrow\")])[2]"}
RESULT: {"using":"xpath","value":"(//span[contains(@id, \"-application-manageresources-display-component---newResourceUnit--RUTimeSegment-0-arrow\")])[2]"}
COMMAND: POST /session/a218943ac8ac0de5e00a7c8ddc1aa8fc/element/f.7F9D5CB6C16BBEFE5A5C55A7ACE178BF.d.26C874220E6EDEFCDBE6368DEAA765FD.e.3230/click - {}
RESULT: {}
COMMAND: POST /session/a218943ac8ac0de5e00a7c8ddc1aa8fc/element - {"using":"xpath","value":"//span[contains(text(), \"PM Order\")]"}
COMMAND: GET /session/a218943ac8ac0de5e00a7c8ddc1aa8fc/screenshot - {}
RESULT: {"using":"xpath","value":"//span[contains(text(), \"PM Order\")]"}
COMMAND: POST /session/a218943ac8ac0de5e00a7c8ddc1aa8fc/element/f.7F9D5CB6C16BBEFE5A5C55A7ACE178BF.d.26C874220E6EDEFCDBE6368DEAA765FD.e.3231/click - {}
RESULT: {}
RESULT: {}
COMMAND: GET /session/a218943ac8ac0de5e00a7c8ddc1aa8fc/screenshot - {}
RESULT: {}
COMMAND: POST /session/a218943ac8ac0de5e00a7c8ddc1aa8fc/element - {"using":"xpath","value":"//td/div/div/div/span[contains(@id, \"newResourceUnit--RUTimeSegment-0-vhi\")][1]"}
RESULT: {"using":"xpath","value":"//td/div/div/div/span[contains(@id, \"newResourceUnit--RUTimeSegment-0-vhi\")][1]"}
COMMAND: GET /session/a218943ac8ac0de5e00a7c8ddc1aa8fc/element/f.7F9D5CB6C16BBEFE5A5C55A7ACE178BF.d.26C874220E6EDEFCDBE6368DEAA765FD.e.3235/rect - {}
RESULT: {}
COMMAND: GET /session/a218943ac8ac0de5e00a7c8ddc1aa8fc/window/rect - {}
RESULT: {}
COMMAND: POST /session/a218943ac8ac0de5e00a7c8ddc1aa8fc/execute/sync - {"script":"<script> [92 bytes]","args":[]}
RESULT: {"script":"<script> [92 bytes]","args":[]}
COMMAND: POST /session/a218943ac8ac0de5e00a7c8ddc1aa8fc/actions - {"actions":[{"id":"action10","type":"wheel","parameters":{},"actions":[{"type":"scroll","x":-1888,"y":-24,"deltaX":0,"deltaY":0,"duration":0,"origin":{"element-6066-11e4-a52e-4f735466cecf":"f.7F9D5CB6C16BBEFE5A5C55A7ACE178BF.d.26C874220E6EDEFCDBE6368DEAA765FD.e.3235"}}]}]}
COMMAND: GET /session/a218943ac8ac0de5e00a7c8ddc1aa8fc/screenshot - {}
RESULT: {}
COMMAND: POST /session/a218943ac8ac0de5e00a7c8ddc1aa8fc/execute/sync - {"script":"<script> [79 bytes]","args":[{"element-6066-11e4-a52e-4f735466cecf":"f.7F9D5CB6C16BBEFE5A5C55A7ACE178BF.d.26C874220E6EDEFCDBE6368DEAA765FD.e.3235","ELEMENT":"f.7F9D5CB6C16BBEFE5A5C55A7ACE178BF.d.26C874220E6EDEFCDBE6368DEAA765FD.e.3235"},{"block":"start","inline":"nearest"}]}
RESULT: {"script":"<script> [79 bytes]","args":[{"element-6066-11e4-a52e-4f735466cecf":"f.7F9D5CB6C16BBEFE5A5C55A7ACE178BF.d.26C874220E6EDEFCDBE6368DEAA765FD.e.3235","ELEMENT":"f.7F9D5CB6C16BBEFE5A5C55A7ACE178BF.d.26C874220E6EDEFCDBE6368DEAA765FD.e.3235"},{"block":"start","inline":"nearest"}]}
COMMAND: GET /session/a218943ac8ac0de5e00a7c8ddc1aa8fc/screenshot - {}
RESULT: {}
COMMAND: POST /session/a218943ac8ac0de5e00a7c8ddc1aa8fc/element/f.7F9D5CB6C16BBEFE5A5C55A7ACE178BF.d.26C874220E6EDEFCDBE6368DEAA765FD.e.3235/click - {}
RESULT: {}
COMMAND: GET /session/a218943ac8ac0de5e00a7c8ddc1aa8fc/screenshot - {}
RESULT: {}
RESULT: undefined
COMMAND: POST /session/a218943ac8ac0de5e00a7c8ddc1aa8fc/execute/async - {"script":"<script> [776 bytes]","args":[{"enterText":"4000360","selector":{"controlType":"sap.m.SearchField","properties":{"placeholder":"Search"},"searchOpenDialogs":true,"interaction":{"idSuffix":"I"}},"clearTextFirst":true,"interactionType":"ENTER_TEXT"}]}
RESULT: {"script":"<script> [776 bytes]","args":[{"enterText":"4000360","selector":{"controlType":"sap.m.SearchField","properties":{"placeholder":"Search"},"searchOpenDialogs":true,"interaction":{"idSuffix":"I"}},"clearTextFirst":true,"interactionType":"ENTER_TEXT"}]}
COMMAND: POST /session/a218943ac8ac0de5e00a7c8ddc1aa8fc/actions - {"actions":[{"id":"action11","type":"key","parameters":{},"actions":[{"type":"keyDown","value":"î€‡"},{"type":"pause","duration":10},{"type":"keyUp","value":"î€‡"}]}]}
RESULT: {"actions":[{"id":"action11","type":"key","parameters":{},"actions":[{"type":"keyDown","value":"î€‡"},{"type":"pause","duration":10},{"type":"keyUp","value":"î€‡"}]}]}
COMMAND: GET /session/a218943ac8ac0de5e00a7c8ddc1aa8fc/screenshot - {}
RESULT: {}
COMMAND: POST /session/a218943ac8ac0de5e00a7c8ddc1aa8fc/element - {"using":"xpath","value":"//td/div/span[contains(text(), \"BGL Vehicles\")]"}
RESULT: {"using":"xpath","value":"//td/div/span[contains(text(), \"BGL Vehicles\")]"}
COMMAND: POST /session/a218943ac8ac0de5e00a7c8ddc1aa8fc/element/f.7F9D5CB6C16BBEFE5A5C55A7ACE178BF.d.26C874220E6EDEFCDBE6368DEAA765FD.e.3254/click - {}
RESULT: {}
COMMAND: GET /session/a218943ac8ac0de5e00a7c8ddc1aa8fc/screenshot - {}
RESULT: {}
COMMAND: POST /session/a218943ac8ac0de5e00a7c8ddc1aa8fc/element - {"using":"xpath","value":"//bdi[contains(text(), \"OK\")]"}
RESULT: {"using":"xpath","value":"//bdi[contains(text(), \"OK\")]"}
COMMAND: POST /session/a218943ac8ac0de5e00a7c8ddc1aa8fc/element/f.7F9D5CB6C16BBEFE5A5C55A7ACE178BF.d.26C874220E6EDEFCDBE6368DEAA765FD.e.3255/click - {}
RESULT: {}
COMMAND: GET /session/a218943ac8ac0de5e00a7c8ddc1aa8fc/screenshot - {}
RESULT: {}
COMMAND: POST /session/a218943ac8ac0de5e00a7c8ddc1aa8fc/element - {"using":"xpath","value":"//button[@data-kt=\"resourceUnitSaveButton\"]"}
RESULT: {"using":"xpath","value":"//button[@data-kt=\"resourceUnitSaveButton\"]"}
COMMAND: POST /session/a218943ac8ac0de5e00a7c8ddc1aa8fc/element/f.7F9D5CB6C16BBEFE5A5C55A7ACE178BF.d.26C874220E6EDEFCDBE6368DEAA765FD.e.3157/click - {}
RESULT: {}
COMMAND: GET /session/a218943ac8ac0de5e00a7c8ddc1aa8fc/screenshot - {}
RESULT: {}
COMMAND: POST /session/a218943ac8ac0de5e00a7c8ddc1aa8fc/element - {"using":"xpath","value":"//bdi[contains(text(), \"Close\")]"}
RESULT: {"using":"xpath","value":"//bdi[contains(text(), \"Close\")]"}
COMMAND: POST /session/a218943ac8ac0de5e00a7c8ddc1aa8fc/element/f.7F9D5CB6C16BBEFE5A5C55A7ACE178BF.d.26C874220E6EDEFCDBE6368DEAA765FD.e.3261/click - {}
RESULT: {}
COMMAND: GET /session/a218943ac8ac0de5e00a7c8ddc1aa8fc/screenshot - {}
RESULT: {}
COMMAND: POST /session/a218943ac8ac0de5e00a7c8ddc1aa8fc/element - {"using":"xpath","value":"//header[contains(@id, 'detailRruPage-headerTitle')]/div[1]/div[2]/div[2]/span[1]"}
RESULT: {"using":"xpath","value":"//header[contains(@id, 'detailRruPage-headerTitle')]/div[1]/div[2]/div[2]/span[1]"}
COMMAND: POST /session/a218943ac8ac0de5e00a7c8ddc1aa8fc/elements - {"using":"xpath","value":"//header[contains(@id, 'detailRruPage-headerTitle')]/div[1]/div[2]/div[2]/span[1]"}
RESULT: {"using":"xpath","value":"//header[contains(@id, 'detailRruPage-headerTitle')]/div[1]/div[2]/div[2]/span[1]"}
COMMAND: POST /session/a218943ac8ac0de5e00a7c8ddc1aa8fc/execute/sync - {"script":"<script> [56 bytes]","args":[{"element-6066-11e4-a52e-4f735466cecf":"f.7F9D5CB6C16BBEFE5A5C55A7ACE178BF.d.26C874220E6EDEFCDBE6368DEAA765FD.e.3291","ELEMENT":"f.7F9D5CB6C16BBEFE5A5C55A7ACE178BF.d.26C874220E6EDEFCDBE6368DEAA765FD.e.3291"}]}
RESULT: {"script":"<script> [56 bytes]","args":[{"element-6066-11e4-a52e-4f735466cecf":"f.7F9D5CB6C16BBEFE5A5C55A7ACE178BF.d.26C874220E6EDEFCDBE6368DEAA765FD.e.3291","ELEMENT":"f.7F9D5CB6C16BBEFE5A5C55A7ACE178BF.d.26C874220E6EDEFCDBE6368DEAA765FD.e.3291"}]}
COMMAND: POST /session/a218943ac8ac0de5e00a7c8ddc1aa8fc/element - {"using":"css selector","value":"#shell-header-logo"}
COMMAND: GET /session/a218943ac8ac0de5e00a7c8ddc1aa8fc/screenshot - {}
RESULT: {"using":"css selector","value":"#shell-header-logo"}
COMMAND: POST /session/a218943ac8ac0de5e00a7c8ddc1aa8fc/element/f.7F9D5CB6C16BBEFE5A5C55A7ACE178BF.d.26C874220E6EDEFCDBE6368DEAA765FD.e.2737/click - {}
RESULT: {}
RESULT: {}
COMMAND: GET /session/a218943ac8ac0de5e00a7c8ddc1aa8fc/screenshot - {}
RESULT: {}
]]></system-out>
    </testcase>
    <testcase classname="chrome.135_0_7049_96.windows.Prerequisites_&amp;_test_for_yard_mass_return_on_Yard_Overview_US131057" name="Prereq Should do stock increase" time="86.825">
      <system-out><![CDATA[
COMMAND: POST /session/a218943ac8ac0de5e00a7c8ddc1aa8fc/execute/async - {"script":"<script> [1562 bytes]","args":[{"selector":{"controlType":"sap.m.Text","viewName":"etm.portal.ui.managehandoverstile.view.Master","properties":{"text":"Manage Handovers"},"interaction":{"idSuffix":"inner"}},"wdio_ui5_key":"etmportal.ui.managehandoverstile.view.Mastersap.m.Text{\"text\":\"Manage Handovers\"}"}]}
RESULT: {"script":"<script> [1562 bytes]","args":[{"selector":{"controlType":"sap.m.Text","viewName":"etm.portal.ui.managehandoverstile.view.Master","properties":{"text":"Manage Handovers"},"interaction":{"idSuffix":"inner"}},"wdio_ui5_key":"etmportal.ui.managehandoverstile.view.Mastersap.m.Text{\"text\":\"Manage Handovers\"}"}]}
RESULT: undefined
COMMAND: POST /session/a218943ac8ac0de5e00a7c8ddc1aa8fc/element - {"using":"xpath","value":"//*[@id=\"__tile131-title\"]"}
RESULT: {"using":"xpath","value":"//*[@id=\"__tile131-title\"]"}
COMMAND: POST /session/a218943ac8ac0de5e00a7c8ddc1aa8fc/element/f.7F9D5CB6C16BBEFE5A5C55A7ACE178BF.d.26C874220E6EDEFCDBE6368DEAA765FD.e.3296/click - {}
RESULT: {}
COMMAND: POST /session/a218943ac8ac0de5e00a7c8ddc1aa8fc/element - {"using":"xpath","value":"//button[@data-kt=\"masterHOAddButton\"]"}
COMMAND: GET /session/a218943ac8ac0de5e00a7c8ddc1aa8fc/screenshot - {}
RESULT: {"using":"xpath","value":"//button[@data-kt=\"masterHOAddButton\"]"}
COMMAND: POST /session/a218943ac8ac0de5e00a7c8ddc1aa8fc/elements - {"using":"xpath","value":"//button[@data-kt=\"masterHOAddButton\"]"}
RESULT: {}
RESULT: {"using":"xpath","value":"//button[@data-kt=\"masterHOAddButton\"]"}
COMMAND: POST /session/a218943ac8ac0de5e00a7c8ddc1aa8fc/elements - {"using":"xpath","value":"//button[@data-kt=\"masterHOAddButton\"]"}
RESULT: {"using":"xpath","value":"//button[@data-kt=\"masterHOAddButton\"]"}
COMMAND: POST /session/a218943ac8ac0de5e00a7c8ddc1aa8fc/elements - {"using":"xpath","value":"//button[@data-kt=\"masterHOAddButton\"]"}
RESULT: {"using":"xpath","value":"//button[@data-kt=\"masterHOAddButton\"]"}
COMMAND: POST /session/a218943ac8ac0de5e00a7c8ddc1aa8fc/elements - {"using":"xpath","value":"//button[@data-kt=\"masterHOAddButton\"]"}
RESULT: {"using":"xpath","value":"//button[@data-kt=\"masterHOAddButton\"]"}
COMMAND: POST /session/a218943ac8ac0de5e00a7c8ddc1aa8fc/elements - {"using":"xpath","value":"//button[@data-kt=\"masterHOAddButton\"]"}
RESULT: {"using":"xpath","value":"//button[@data-kt=\"masterHOAddButton\"]"}
COMMAND: POST /session/a218943ac8ac0de5e00a7c8ddc1aa8fc/elements - {"using":"xpath","value":"//button[@data-kt=\"masterHOAddButton\"]"}
RESULT: {"using":"xpath","value":"//button[@data-kt=\"masterHOAddButton\"]"}
COMMAND: POST /session/a218943ac8ac0de5e00a7c8ddc1aa8fc/elements - {"using":"xpath","value":"//button[@data-kt=\"masterHOAddButton\"]"}
RESULT: {"using":"xpath","value":"//button[@data-kt=\"masterHOAddButton\"]"}
COMMAND: POST /session/a218943ac8ac0de5e00a7c8ddc1aa8fc/elements - {"using":"xpath","value":"//button[@data-kt=\"masterHOAddButton\"]"}
RESULT: {"using":"xpath","value":"//button[@data-kt=\"masterHOAddButton\"]"}
COMMAND: POST /session/a218943ac8ac0de5e00a7c8ddc1aa8fc/elements - {"using":"xpath","value":"//button[@data-kt=\"masterHOAddButton\"]"}
RESULT: {"using":"xpath","value":"//button[@data-kt=\"masterHOAddButton\"]"}
COMMAND: POST /session/a218943ac8ac0de5e00a7c8ddc1aa8fc/elements - {"using":"xpath","value":"//button[@data-kt=\"masterHOAddButton\"]"}
RESULT: {"using":"xpath","value":"//button[@data-kt=\"masterHOAddButton\"]"}
COMMAND: POST /session/a218943ac8ac0de5e00a7c8ddc1aa8fc/elements - {"using":"xpath","value":"//button[@data-kt=\"masterHOAddButton\"]"}
RESULT: {"using":"xpath","value":"//button[@data-kt=\"masterHOAddButton\"]"}
COMMAND: POST /session/a218943ac8ac0de5e00a7c8ddc1aa8fc/elements - {"using":"xpath","value":"//button[@data-kt=\"masterHOAddButton\"]"}
RESULT: {"using":"xpath","value":"//button[@data-kt=\"masterHOAddButton\"]"}
COMMAND: POST /session/a218943ac8ac0de5e00a7c8ddc1aa8fc/elements - {"using":"xpath","value":"//button[@data-kt=\"masterHOAddButton\"]"}
RESULT: {"using":"xpath","value":"//button[@data-kt=\"masterHOAddButton\"]"}
COMMAND: POST /session/a218943ac8ac0de5e00a7c8ddc1aa8fc/elements - {"using":"xpath","value":"//button[@data-kt=\"masterHOAddButton\"]"}
RESULT: {"using":"xpath","value":"//button[@data-kt=\"masterHOAddButton\"]"}
COMMAND: POST /session/a218943ac8ac0de5e00a7c8ddc1aa8fc/elements - {"using":"xpath","value":"//button[@data-kt=\"masterHOAddButton\"]"}
RESULT: {"using":"xpath","value":"//button[@data-kt=\"masterHOAddButton\"]"}
COMMAND: POST /session/a218943ac8ac0de5e00a7c8ddc1aa8fc/element - {"using":"xpath","value":"//button[@data-kt=\"masterHOAddButton\"]"}
RESULT: {"using":"xpath","value":"//button[@data-kt=\"masterHOAddButton\"]"}
COMMAND: POST /session/a218943ac8ac0de5e00a7c8ddc1aa8fc/execute/sync - {"script":"<script> [8489 bytes]","args":[{"element-6066-11e4-a52e-4f735466cecf":"f.7F9D5CB6C16BBEFE5A5C55A7ACE178BF.d.26C874220E6EDEFCDBE6368DEAA765FD.e.3327","ELEMENT":"f.7F9D5CB6C16BBEFE5A5C55A7ACE178BF.d.26C874220E6EDEFCDBE6368DEAA765FD.e.3327"}]}
RESULT: {"script":"<script> [8489 bytes]","args":[{"element-6066-11e4-a52e-4f735466cecf":"f.7F9D5CB6C16BBEFE5A5C55A7ACE178BF.d.26C874220E6EDEFCDBE6368DEAA765FD.e.3327","ELEMENT":"f.7F9D5CB6C16BBEFE5A5C55A7ACE178BF.d.26C874220E6EDEFCDBE6368DEAA765FD.e.3327"}]}
COMMAND: GET /session/a218943ac8ac0de5e00a7c8ddc1aa8fc/element/f.7F9D5CB6C16BBEFE5A5C55A7ACE178BF.d.26C874220E6EDEFCDBE6368DEAA765FD.e.3327/enabled - {}
COMMAND: GET /session/a218943ac8ac0de5e00a7c8ddc1aa8fc/screenshot - {}
RESULT: {}
COMMAND: POST /session/a218943ac8ac0de5e00a7c8ddc1aa8fc/execute/sync - {"script":"<script> [8489 bytes]","args":[{"element-6066-11e4-a52e-4f735466cecf":"f.7F9D5CB6C16BBEFE5A5C55A7ACE178BF.d.26C874220E6EDEFCDBE6368DEAA765FD.e.3327","ELEMENT":"f.7F9D5CB6C16BBEFE5A5C55A7ACE178BF.d.26C874220E6EDEFCDBE6368DEAA765FD.e.3327"}]}
COMMAND: GET /session/a218943ac8ac0de5e00a7c8ddc1aa8fc/screenshot - {}
RESULT: {}
RESULT: {"script":"<script> [8489 bytes]","args":[{"element-6066-11e4-a52e-4f735466cecf":"f.7F9D5CB6C16BBEFE5A5C55A7ACE178BF.d.26C874220E6EDEFCDBE6368DEAA765FD.e.3327","ELEMENT":"f.7F9D5CB6C16BBEFE5A5C55A7ACE178BF.d.26C874220E6EDEFCDBE6368DEAA765FD.e.3327"}]}
COMMAND: POST /session/a218943ac8ac0de5e00a7c8ddc1aa8fc/execute/sync - {"script":"<script> [5351 bytes]","args":[{"element-6066-11e4-a52e-4f735466cecf":"f.7F9D5CB6C16BBEFE5A5C55A7ACE178BF.d.26C874220E6EDEFCDBE6368DEAA765FD.e.3327","ELEMENT":"f.7F9D5CB6C16BBEFE5A5C55A7ACE178BF.d.26C874220E6EDEFCDBE6368DEAA765FD.e.3327"}]}
COMMAND: GET /session/a218943ac8ac0de5e00a7c8ddc1aa8fc/screenshot - {}
RESULT: {}
RESULT: {"script":"<script> [5351 bytes]","args":[{"element-6066-11e4-a52e-4f735466cecf":"f.7F9D5CB6C16BBEFE5A5C55A7ACE178BF.d.26C874220E6EDEFCDBE6368DEAA765FD.e.3327","ELEMENT":"f.7F9D5CB6C16BBEFE5A5C55A7ACE178BF.d.26C874220E6EDEFCDBE6368DEAA765FD.e.3327"}]}
COMMAND: POST /session/a218943ac8ac0de5e00a7c8ddc1aa8fc/element/f.7F9D5CB6C16BBEFE5A5C55A7ACE178BF.d.26C874220E6EDEFCDBE6368DEAA765FD.e.3327/click - {}
COMMAND: GET /session/a218943ac8ac0de5e00a7c8ddc1aa8fc/screenshot - {}
RESULT: {}
RESULT: {}
COMMAND: GET /session/a218943ac8ac0de5e00a7c8ddc1aa8fc/screenshot - {}
COMMAND: POST /session/a218943ac8ac0de5e00a7c8ddc1aa8fc/element - {"using":"xpath","value":"//span[contains(@id ,\"AddNewHO--typeSelect-arrow\")]"}
RESULT: {}
RESULT: {}
RESULT: {"using":"xpath","value":"//span[contains(@id ,\"AddNewHO--typeSelect-arrow\")]"}
COMMAND: POST /session/a218943ac8ac0de5e00a7c8ddc1aa8fc/element/f.7F9D5CB6C16BBEFE5A5C55A7ACE178BF.d.26C874220E6EDEFCDBE6368DEAA765FD.e.3678/click - {}
RESULT: {}
COMMAND: GET /session/a218943ac8ac0de5e00a7c8ddc1aa8fc/screenshot - {}
RESULT: {}
COMMAND: POST /session/a218943ac8ac0de5e00a7c8ddc1aa8fc/element - {"using":"xpath","value":"(//li[contains(text(), \"stock increase yard\")])[1]"}
RESULT: {"using":"xpath","value":"(//li[contains(text(), \"stock increase yard\")])[1]"}
COMMAND: POST /session/a218943ac8ac0de5e00a7c8ddc1aa8fc/element/f.7F9D5CB6C16BBEFE5A5C55A7ACE178BF.d.26C874220E6EDEFCDBE6368DEAA765FD.e.3679/click - {}
RESULT: {}
COMMAND: GET /session/a218943ac8ac0de5e00a7c8ddc1aa8fc/screenshot - {}
RESULT: {}
COMMAND: POST /session/a218943ac8ac0de5e00a7c8ddc1aa8fc/execute/async - {"script":"<script> [1562 bytes]","args":[{"selector":{"id":"application-managehandovers-display-component---AddNewHO--dueDate","interaction":{"idSuffix":"inner"}},"wdio_ui5_key":"applicationmanagehandovers-display-component---AddNewHO--dueDate"}]}
RESULT: {"script":"<script> [1562 bytes]","args":[{"selector":{"id":"application-managehandovers-display-component---AddNewHO--dueDate","interaction":{"idSuffix":"inner"}},"wdio_ui5_key":"applicationmanagehandovers-display-component---AddNewHO--dueDate"}]}
RESULT: undefined
COMMAND: POST /session/a218943ac8ac0de5e00a7c8ddc1aa8fc/execute/async - {"script":"<script> [6424 bytes]","args":[{"element-6066-11e4-a52e-4f735466cecf":"f.7F9D5CB6C16BBEFE5A5C55A7ACE178BF.d.26C874220E6EDEFCDBE6368DEAA765FD.e.3681"},"setValue",["05/01/2025"]]}
RESULT: {"script":"<script> [6424 bytes]","args":[{"element-6066-11e4-a52e-4f735466cecf":"f.7F9D5CB6C16BBEFE5A5C55A7ACE178BF.d.26C874220E6EDEFCDBE6368DEAA765FD.e.3681"},"setValue",["05/01/2025"]]}
COMMAND: POST /session/a218943ac8ac0de5e00a7c8ddc1aa8fc/element - {"using":"xpath","value":"//input[@id=\"generalSectionFrg--receiveYard-inner\"]"}
RESULT: {"using":"xpath","value":"//input[@id=\"generalSectionFrg--receiveYard-inner\"]"}
COMMAND: POST /session/a218943ac8ac0de5e00a7c8ddc1aa8fc/element/f.7F9D5CB6C16BBEFE5A5C55A7ACE178BF.d.26C874220E6EDEFCDBE6368DEAA765FD.e.3687/clear - {}
RESULT: {}
COMMAND: POST /session/a218943ac8ac0de5e00a7c8ddc1aa8fc/element/f.7F9D5CB6C16BBEFE5A5C55A7ACE178BF.d.26C874220E6EDEFCDBE6368DEAA765FD.e.3687/value - {"text":"482"}
COMMAND: GET /session/a218943ac8ac0de5e00a7c8ddc1aa8fc/screenshot - {}
RESULT: {}
RESULT: {"text":"482"}
COMMAND: GET /session/a218943ac8ac0de5e00a7c8ddc1aa8fc/screenshot - {}
RESULT: {}
COMMAND: POST /session/a218943ac8ac0de5e00a7c8ddc1aa8fc/element - {"using":"xpath","value":"//li[.//span[text()='482']]"}
RESULT: {"using":"xpath","value":"//li[.//span[text()='482']]"}
COMMAND: POST /session/a218943ac8ac0de5e00a7c8ddc1aa8fc/element/f.7F9D5CB6C16BBEFE5A5C55A7ACE178BF.d.26C874220E6EDEFCDBE6368DEAA765FD.e.3705/click - {}
RESULT: {}
COMMAND: GET /session/a218943ac8ac0de5e00a7c8ddc1aa8fc/screenshot - {}
RESULT: {}
COMMAND: POST /session/a218943ac8ac0de5e00a7c8ddc1aa8fc/execute/async - {"script":"<script> [1562 bytes]","args":[{"selector":{"id":"application-managehandovers-display-component---AddNewHO--ObjectPageLayout-anchBar-application-managehandovers-display-component---AddNewHO--section4-anchor","interaction":{"idSuffix":"BDI-content"}},"wdio_ui5_key":"applicationmanagehandovers-display-component---AddNewHO--ObjectPageLayout-anchBar-application-managehandovers-display-component---AddNewHO--section4-anchor"}]}
RESULT: {"script":"<script> [1562 bytes]","args":[{"selector":{"id":"application-managehandovers-display-component---AddNewHO--ObjectPageLayout-anchBar-application-managehandovers-display-component---AddNewHO--section4-anchor","interaction":{"idSuffix":"BDI-content"}},"wdio_ui5_key":"applicationmanagehandovers-display-component---AddNewHO--ObjectPageLayout-anchBar-application-managehandovers-display-component---AddNewHO--section4-anchor"}]}
RESULT: undefined
COMMAND: POST /session/a218943ac8ac0de5e00a7c8ddc1aa8fc/element - {"using":"xpath","value":"//*[@id=\"application-managehandovers-display-component---AddNewHO--ObjectPageLayout-anchBar-application-managehandovers-display-component---AddNewHO--section4-anchor\"]"}
RESULT: {"using":"xpath","value":"//*[@id=\"application-managehandovers-display-component---AddNewHO--ObjectPageLayout-anchBar-application-managehandovers-display-component---AddNewHO--section4-anchor\"]"}
COMMAND: POST /session/a218943ac8ac0de5e00a7c8ddc1aa8fc/element/f.7F9D5CB6C16BBEFE5A5C55A7ACE178BF.d.26C874220E6EDEFCDBE6368DEAA765FD.e.3707/click - {}
RESULT: {}
COMMAND: POST /session/a218943ac8ac0de5e00a7c8ddc1aa8fc/element - {"using":"xpath","value":"//button[@aria-label=\"Add\"]"}
COMMAND: GET /session/a218943ac8ac0de5e00a7c8ddc1aa8fc/screenshot - {}
RESULT: {"using":"xpath","value":"//button[@aria-label=\"Add\"]"}
COMMAND: POST /session/a218943ac8ac0de5e00a7c8ddc1aa8fc/element/f.7F9D5CB6C16BBEFE5A5C55A7ACE178BF.d.26C874220E6EDEFCDBE6368DEAA765FD.e.3709/click - {}
RESULT: {}
RESULT: {}
COMMAND: GET /session/a218943ac8ac0de5e00a7c8ddc1aa8fc/screenshot - {}
RESULT: {}
COMMAND: POST /session/a218943ac8ac0de5e00a7c8ddc1aa8fc/execute/async - {"script":"<script> [1562 bytes]","args":[{"selector":{"id":"application-managehandovers-display-component---AddNewHO--smartFilterBar-btnBasicSearch","searchOpenDialogs":true,"interaction":{"idSuffix":"I"}},"wdio_ui5_key":"applicationmanagehandovers-display-component---AddNewHO--smartFilterBar-btnBasicSearch"}]}
RESULT: {"script":"<script> [1562 bytes]","args":[{"selector":{"id":"application-managehandovers-display-component---AddNewHO--smartFilterBar-btnBasicSearch","searchOpenDialogs":true,"interaction":{"idSuffix":"I"}},"wdio_ui5_key":"applicationmanagehandovers-display-component---AddNewHO--smartFilterBar-btnBasicSearch"}]}
RESULT: undefined
COMMAND: POST /session/a218943ac8ac0de5e00a7c8ddc1aa8fc/execute/async - {"script":"<script> [776 bytes]","args":[{"enterText":"200257","selector":{"id":"application-managehandovers-display-component---AddNewHO--smartFilterBar-btnBasicSearch","searchOpenDialogs":true,"interaction":{"idSuffix":"I"}},"clearTextFirst":true,"interactionType":"ENTER_TEXT"}]}
RESULT: {"script":"<script> [776 bytes]","args":[{"enterText":"200257","selector":{"id":"application-managehandovers-display-component---AddNewHO--smartFilterBar-btnBasicSearch","searchOpenDialogs":true,"interaction":{"idSuffix":"I"}},"clearTextFirst":true,"interactionType":"ENTER_TEXT"}]}
COMMAND: POST /session/a218943ac8ac0de5e00a7c8ddc1aa8fc/actions - {"actions":[{"id":"action12","type":"key","parameters":{},"actions":[{"type":"keyDown","value":"î€‡"},{"type":"pause","duration":10},{"type":"keyUp","value":"î€‡"}]}]}
RESULT: {"actions":[{"id":"action12","type":"key","parameters":{},"actions":[{"type":"keyDown","value":"î€‡"},{"type":"pause","duration":10},{"type":"keyUp","value":"î€‡"}]}]}
COMMAND: GET /session/a218943ac8ac0de5e00a7c8ddc1aa8fc/screenshot - {}
RESULT: {}
COMMAND: POST /session/a218943ac8ac0de5e00a7c8ddc1aa8fc/execute/async - {"script":"<script> [1562 bytes]","args":[{"selector":{"id":"application-managehandovers-display-component---AddNewHO--popup-sa","searchOpenDialogs":true,"interaction":{"idSuffix":"CbBg"}},"wdio_ui5_key":"applicationmanagehandovers-display-component---AddNewHO--popup-sa"}]}
RESULT: {"script":"<script> [1562 bytes]","args":[{"selector":{"id":"application-managehandovers-display-component---AddNewHO--popup-sa","searchOpenDialogs":true,"interaction":{"idSuffix":"CbBg"}},"wdio_ui5_key":"applicationmanagehandovers-display-component---AddNewHO--popup-sa"}]}
RESULT: undefined
COMMAND: POST /session/a218943ac8ac0de5e00a7c8ddc1aa8fc/element - {"using":"xpath","value":"//*[@id=\"application-managehandovers-display-component---AddNewHO--popup-sa\"]"}
RESULT: {"using":"xpath","value":"//*[@id=\"application-managehandovers-display-component---AddNewHO--popup-sa\"]"}
COMMAND: POST /session/a218943ac8ac0de5e00a7c8ddc1aa8fc/element/f.7F9D5CB6C16BBEFE5A5C55A7ACE178BF.d.26C874220E6EDEFCDBE6368DEAA765FD.e.3861/click - {}
RESULT: {}
COMMAND: GET /session/a218943ac8ac0de5e00a7c8ddc1aa8fc/screenshot - {}
RESULT: {}
COMMAND: POST /session/a218943ac8ac0de5e00a7c8ddc1aa8fc/element - {"using":"xpath","value":"//bdi[contains(text(), \"Select\")]"}
RESULT: {"using":"xpath","value":"//bdi[contains(text(), \"Select\")]"}
COMMAND: POST /session/a218943ac8ac0de5e00a7c8ddc1aa8fc/element/f.7F9D5CB6C16BBEFE5A5C55A7ACE178BF.d.26C874220E6EDEFCDBE6368DEAA765FD.e.3862/click - {}
RESULT: {}
COMMAND: GET /session/a218943ac8ac0de5e00a7c8ddc1aa8fc/screenshot - {}
RESULT: {}
COMMAND: POST /session/a218943ac8ac0de5e00a7c8ddc1aa8fc/element - {"using":"xpath","value":"//button[@data-kt=\"AddNewHOSaveButton\"]"}
RESULT: {"using":"xpath","value":"//button[@data-kt=\"AddNewHOSaveButton\"]"}
COMMAND: POST /session/a218943ac8ac0de5e00a7c8ddc1aa8fc/element/f.7F9D5CB6C16BBEFE5A5C55A7ACE178BF.d.26C874220E6EDEFCDBE6368DEAA765FD.e.3866/click - {}
RESULT: {}
COMMAND: GET /session/a218943ac8ac0de5e00a7c8ddc1aa8fc/screenshot - {}
RESULT: {}
COMMAND: POST /session/a218943ac8ac0de5e00a7c8ddc1aa8fc/execute/async - {"script":"<script> [1562 bytes]","args":[{"selector":{"id":"receiptDatePicker","viewName":"etm.portal.ui.managehandovers.view.DetailExecuteHO","interaction":{"idSuffix":"inner"}},"wdio_ui5_key":"receiptDatePickeretmportal.ui.managehandovers.view.DetailExecuteHO"}]}
RESULT: {"script":"<script> [1562 bytes]","args":[{"selector":{"id":"receiptDatePicker","viewName":"etm.portal.ui.managehandovers.view.DetailExecuteHO","interaction":{"idSuffix":"inner"}},"wdio_ui5_key":"receiptDatePickeretmportal.ui.managehandovers.view.DetailExecuteHO"}]}
RESULT: undefined
COMMAND: POST /session/a218943ac8ac0de5e00a7c8ddc1aa8fc/execute/async - {"script":"<script> [6424 bytes]","args":[{"element-6066-11e4-a52e-4f735466cecf":"f.7F9D5CB6C16BBEFE5A5C55A7ACE178BF.d.26C874220E6EDEFCDBE6368DEAA765FD.e.3893"},"setValue",["05/01/2025"]]}
RESULT: {"script":"<script> [6424 bytes]","args":[{"element-6066-11e4-a52e-4f735466cecf":"f.7F9D5CB6C16BBEFE5A5C55A7ACE178BF.d.26C874220E6EDEFCDBE6368DEAA765FD.e.3893"},"setValue",["05/01/2025"]]}
COMMAND: POST /session/a218943ac8ac0de5e00a7c8ddc1aa8fc/element - {"using":"xpath","value":"//button[@data-kt=\"PickingTableConfirmAllButton\"]"}
RESULT: {"using":"xpath","value":"//button[@data-kt=\"PickingTableConfirmAllButton\"]"}
COMMAND: POST /session/a218943ac8ac0de5e00a7c8ddc1aa8fc/element/f.7F9D5CB6C16BBEFE5A5C55A7ACE178BF.d.26C874220E6EDEFCDBE6368DEAA765FD.e.3907/click - {}
RESULT: {}
COMMAND: GET /session/a218943ac8ac0de5e00a7c8ddc1aa8fc/screenshot - {}
RESULT: {}
COMMAND: POST /session/a218943ac8ac0de5e00a7c8ddc1aa8fc/element - {"using":"xpath","value":"//bdi[contains(text(), \"OK\")]"}
RESULT: {"using":"xpath","value":"//bdi[contains(text(), \"OK\")]"}
COMMAND: POST /session/a218943ac8ac0de5e00a7c8ddc1aa8fc/element/f.7F9D5CB6C16BBEFE5A5C55A7ACE178BF.d.26C874220E6EDEFCDBE6368DEAA765FD.e.3909/click - {}
RESULT: {}
COMMAND: GET /session/a218943ac8ac0de5e00a7c8ddc1aa8fc/screenshot - {}
RESULT: {}
COMMAND: POST /session/a218943ac8ac0de5e00a7c8ddc1aa8fc/element - {"using":"xpath","value":"(//bdi[contains(text(), \"Receive\")])[2]"}
RESULT: {"using":"xpath","value":"(//bdi[contains(text(), \"Receive\")])[2]"}
COMMAND: POST /session/a218943ac8ac0de5e00a7c8ddc1aa8fc/element/f.7F9D5CB6C16BBEFE5A5C55A7ACE178BF.d.26C874220E6EDEFCDBE6368DEAA765FD.e.3911/click - {}
RESULT: {}
COMMAND: GET /session/a218943ac8ac0de5e00a7c8ddc1aa8fc/screenshot - {}
RESULT: {}
COMMAND: POST /session/a218943ac8ac0de5e00a7c8ddc1aa8fc/element - {"using":"css selector","value":"#shell-header-logo"}
RESULT: {"using":"css selector","value":"#shell-header-logo"}
COMMAND: POST /session/a218943ac8ac0de5e00a7c8ddc1aa8fc/element/f.7F9D5CB6C16BBEFE5A5C55A7ACE178BF.d.26C874220E6EDEFCDBE6368DEAA765FD.e.3299/click - {}
RESULT: {}
COMMAND: GET /session/a218943ac8ac0de5e00a7c8ddc1aa8fc/screenshot - {}
RESULT: {}
]]></system-out>
    </testcase>
    <testcase classname="chrome.135_0_7049_96.windows.Prerequisites_&amp;_test_for_yard_mass_return_on_Yard_Overview_US131057" name="Prereq Should create a new contract" time="59.577">
      <system-out><![CDATA[
COMMAND: POST /session/a218943ac8ac0de5e00a7c8ddc1aa8fc/execute/async - {"script":"<script> [1562 bytes]","args":[{"selector":{"controlType":"sap.m.Text","viewName":"etm.portal.ui.managecontractstile.view.Master","properties":{"text":"Manage Contracts"},"interaction":{"idSuffix":"inner"}},"wdio_ui5_key":"etmportal.ui.managecontractstile.view.Mastersap.m.Text{\"text\":\"Manage Contracts\"}"}]}
RESULT: {"script":"<script> [1562 bytes]","args":[{"selector":{"controlType":"sap.m.Text","viewName":"etm.portal.ui.managecontractstile.view.Master","properties":{"text":"Manage Contracts"},"interaction":{"idSuffix":"inner"}},"wdio_ui5_key":"etmportal.ui.managecontractstile.view.Mastersap.m.Text{\"text\":\"Manage Contracts\"}"}]}
RESULT: undefined
COMMAND: POST /session/a218943ac8ac0de5e00a7c8ddc1aa8fc/element - {"using":"xpath","value":"//*[@id=\"__tile132-title\"]"}
RESULT: {"using":"xpath","value":"//*[@id=\"__tile132-title\"]"}
COMMAND: POST /session/a218943ac8ac0de5e00a7c8ddc1aa8fc/element/f.7F9D5CB6C16BBEFE5A5C55A7ACE178BF.d.26C874220E6EDEFCDBE6368DEAA765FD.e.4085/click - {}
RESULT: {}
COMMAND: GET /session/a218943ac8ac0de5e00a7c8ddc1aa8fc/screenshot - {}
RESULT: {}
COMMAND: POST /session/a218943ac8ac0de5e00a7c8ddc1aa8fc/element - {"using":"xpath","value":"//button[@data-kt=\"addButton\"]"}
RESULT: {"using":"xpath","value":"//button[@data-kt=\"addButton\"]"}
COMMAND: POST /session/a218943ac8ac0de5e00a7c8ddc1aa8fc/elements - {"using":"xpath","value":"//button[@data-kt=\"addButton\"]"}
RESULT: {"using":"xpath","value":"//button[@data-kt=\"addButton\"]"}
COMMAND: POST /session/a218943ac8ac0de5e00a7c8ddc1aa8fc/execute/sync - {"script":"<script> [8489 bytes]","args":[{"element-6066-11e4-a52e-4f735466cecf":"f.7F9D5CB6C16BBEFE5A5C55A7ACE178BF.d.26C874220E6EDEFCDBE6368DEAA765FD.e.4158","ELEMENT":"f.7F9D5CB6C16BBEFE5A5C55A7ACE178BF.d.26C874220E6EDEFCDBE6368DEAA765FD.e.4158"}]}
RESULT: {"script":"<script> [8489 bytes]","args":[{"element-6066-11e4-a52e-4f735466cecf":"f.7F9D5CB6C16BBEFE5A5C55A7ACE178BF.d.26C874220E6EDEFCDBE6368DEAA765FD.e.4158","ELEMENT":"f.7F9D5CB6C16BBEFE5A5C55A7ACE178BF.d.26C874220E6EDEFCDBE6368DEAA765FD.e.4158"}]}
COMMAND: GET /session/a218943ac8ac0de5e00a7c8ddc1aa8fc/element/f.7F9D5CB6C16BBEFE5A5C55A7ACE178BF.d.26C874220E6EDEFCDBE6368DEAA765FD.e.4158/enabled - {}
COMMAND: GET /session/a218943ac8ac0de5e00a7c8ddc1aa8fc/screenshot - {}
RESULT: {}
COMMAND: POST /session/a218943ac8ac0de5e00a7c8ddc1aa8fc/execute/sync - {"script":"<script> [8489 bytes]","args":[{"element-6066-11e4-a52e-4f735466cecf":"f.7F9D5CB6C16BBEFE5A5C55A7ACE178BF.d.26C874220E6EDEFCDBE6368DEAA765FD.e.4158","ELEMENT":"f.7F9D5CB6C16BBEFE5A5C55A7ACE178BF.d.26C874220E6EDEFCDBE6368DEAA765FD.e.4158"}]}
COMMAND: GET /session/a218943ac8ac0de5e00a7c8ddc1aa8fc/screenshot - {}
RESULT: {}
RESULT: {"script":"<script> [8489 bytes]","args":[{"element-6066-11e4-a52e-4f735466cecf":"f.7F9D5CB6C16BBEFE5A5C55A7ACE178BF.d.26C874220E6EDEFCDBE6368DEAA765FD.e.4158","ELEMENT":"f.7F9D5CB6C16BBEFE5A5C55A7ACE178BF.d.26C874220E6EDEFCDBE6368DEAA765FD.e.4158"}]}
COMMAND: POST /session/a218943ac8ac0de5e00a7c8ddc1aa8fc/execute/sync - {"script":"<script> [5351 bytes]","args":[{"element-6066-11e4-a52e-4f735466cecf":"f.7F9D5CB6C16BBEFE5A5C55A7ACE178BF.d.26C874220E6EDEFCDBE6368DEAA765FD.e.4158","ELEMENT":"f.7F9D5CB6C16BBEFE5A5C55A7ACE178BF.d.26C874220E6EDEFCDBE6368DEAA765FD.e.4158"}]}
COMMAND: GET /session/a218943ac8ac0de5e00a7c8ddc1aa8fc/screenshot - {}
RESULT: {}
RESULT: {"script":"<script> [5351 bytes]","args":[{"element-6066-11e4-a52e-4f735466cecf":"f.7F9D5CB6C16BBEFE5A5C55A7ACE178BF.d.26C874220E6EDEFCDBE6368DEAA765FD.e.4158","ELEMENT":"f.7F9D5CB6C16BBEFE5A5C55A7ACE178BF.d.26C874220E6EDEFCDBE6368DEAA765FD.e.4158"}]}
COMMAND: GET /session/a218943ac8ac0de5e00a7c8ddc1aa8fc/screenshot - {}
RESULT: {}
RESULT: {}
COMMAND: POST /session/a218943ac8ac0de5e00a7c8ddc1aa8fc/element/f.7F9D5CB6C16BBEFE5A5C55A7ACE178BF.d.26C874220E6EDEFCDBE6368DEAA765FD.e.4158/click - {}
RESULT: {}
COMMAND: GET /session/a218943ac8ac0de5e00a7c8ddc1aa8fc/screenshot - {}
COMMAND: POST /session/a218943ac8ac0de5e00a7c8ddc1aa8fc/execute/async - {"script":"<script> [1562 bytes]","args":[{"selector":{"id":"application-managecontracts-display-component---AddNewContract--projectDescription","interaction":{"idSuffix":"inner"}},"wdio_ui5_key":"applicationmanagecontracts-display-component---AddNewContract--projectDescription"}]}
RESULT: {}
RESULT: {"script":"<script> [1562 bytes]","args":[{"selector":{"id":"application-managecontracts-display-component---AddNewContract--projectDescription","interaction":{"idSuffix":"inner"}},"wdio_ui5_key":"applicationmanagecontracts-display-component---AddNewContract--projectDescription"}]}
RESULT: undefined
COMMAND: POST /session/a218943ac8ac0de5e00a7c8ddc1aa8fc/execute/async - {"script":"<script> [776 bytes]","args":[{"enterText":"Contract WDIO","selector":{"id":"application-managecontracts-display-component---AddNewContract--projectDescription","interaction":{"idSuffix":"inner"}},"clearTextFirst":true,"interactionType":"ENTER_TEXT"}]}
RESULT: {"script":"<script> [776 bytes]","args":[{"enterText":"Contract WDIO","selector":{"id":"application-managecontracts-display-component---AddNewContract--projectDescription","interaction":{"idSuffix":"inner"}},"clearTextFirst":true,"interactionType":"ENTER_TEXT"}]}
COMMAND: POST /session/a218943ac8ac0de5e00a7c8ddc1aa8fc/element - {"using":"xpath","value":"//input[@id=\"application-managecontracts-display-component---AddNewContract--site-inner\"]"}
RESULT: {"using":"xpath","value":"//input[@id=\"application-managecontracts-display-component---AddNewContract--site-inner\"]"}
COMMAND: POST /session/a218943ac8ac0de5e00a7c8ddc1aa8fc/element/f.7F9D5CB6C16BBEFE5A5C55A7ACE178BF.d.26C874220E6EDEFCDBE6368DEAA765FD.e.4455/clear - {}
RESULT: {}
COMMAND: POST /session/a218943ac8ac0de5e00a7c8ddc1aa8fc/element/f.7F9D5CB6C16BBEFE5A5C55A7ACE178BF.d.26C874220E6EDEFCDBE6368DEAA765FD.e.4455/value - {"text":"2319"}
COMMAND: GET /session/a218943ac8ac0de5e00a7c8ddc1aa8fc/screenshot - {}
RESULT: {}
RESULT: {"text":"2319"}
COMMAND: GET /session/a218943ac8ac0de5e00a7c8ddc1aa8fc/screenshot - {}
RESULT: {}
COMMAND: POST /session/a218943ac8ac0de5e00a7c8ddc1aa8fc/element - {"using":"xpath","value":"//li[.//span[text()='2319']]"}
RESULT: {"using":"xpath","value":"//li[.//span[text()='2319']]"}
COMMAND: POST /session/a218943ac8ac0de5e00a7c8ddc1aa8fc/element/f.7F9D5CB6C16BBEFE5A5C55A7ACE178BF.d.26C874220E6EDEFCDBE6368DEAA765FD.e.4478/click - {}
RESULT: {}
COMMAND: GET /session/a218943ac8ac0de5e00a7c8ddc1aa8fc/screenshot - {}
RESULT: {}
COMMAND: POST /session/a218943ac8ac0de5e00a7c8ddc1aa8fc/element - {"using":"xpath","value":"//input[@id=\"application-managecontracts-display-component---AddNewContract--yardId-inner\"]"}
RESULT: {"using":"xpath","value":"//input[@id=\"application-managecontracts-display-component---AddNewContract--yardId-inner\"]"}
COMMAND: GET /session/a218943ac8ac0de5e00a7c8ddc1aa8fc/element/f.7F9D5CB6C16BBEFE5A5C55A7ACE178BF.d.26C874220E6EDEFCDBE6368DEAA765FD.e.4456/property/value - {}
RESULT: {}
COMMAND: POST /session/a218943ac8ac0de5e00a7c8ddc1aa8fc/element - {"using":"xpath","value":"//input[@id=\"application-managecontracts-display-component---AddNewContract--customerSelect-inner\"]"}
COMMAND: GET /session/a218943ac8ac0de5e00a7c8ddc1aa8fc/screenshot - {}
RESULT: {"using":"xpath","value":"//input[@id=\"application-managecontracts-display-component---AddNewContract--customerSelect-inner\"]"}
COMMAND: POST /session/a218943ac8ac0de5e00a7c8ddc1aa8fc/element/f.7F9D5CB6C16BBEFE5A5C55A7ACE178BF.d.26C874220E6EDEFCDBE6368DEAA765FD.e.4454/clear - {}
RESULT: {}
RESULT: {}
COMMAND: POST /session/a218943ac8ac0de5e00a7c8ddc1aa8fc/element/f.7F9D5CB6C16BBEFE5A5C55A7ACE178BF.d.26C874220E6EDEFCDBE6368DEAA765FD.e.4454/value - {"text":"1353"}
COMMAND: GET /session/a218943ac8ac0de5e00a7c8ddc1aa8fc/screenshot - {}
RESULT: {"text":"1353"}
COMMAND: GET /session/a218943ac8ac0de5e00a7c8ddc1aa8fc/screenshot - {}
RESULT: {}
RESULT: {}
COMMAND: POST /session/a218943ac8ac0de5e00a7c8ddc1aa8fc/element - {"using":"xpath","value":"//li[.//span[text()='1353']]"}
RESULT: {"using":"xpath","value":"//li[.//span[text()='1353']]"}
COMMAND: POST /session/a218943ac8ac0de5e00a7c8ddc1aa8fc/element/f.7F9D5CB6C16BBEFE5A5C55A7ACE178BF.d.26C874220E6EDEFCDBE6368DEAA765FD.e.4481/click - {}
RESULT: {}
COMMAND: GET /session/a218943ac8ac0de5e00a7c8ddc1aa8fc/screenshot - {}
RESULT: {}
COMMAND: POST /session/a218943ac8ac0de5e00a7c8ddc1aa8fc/element - {"using":"xpath","value":"//button[@data-kt=\"saveButton\"]"}
RESULT: {"using":"xpath","value":"//button[@data-kt=\"saveButton\"]"}
COMMAND: POST /session/a218943ac8ac0de5e00a7c8ddc1aa8fc/element/f.7F9D5CB6C16BBEFE5A5C55A7ACE178BF.d.26C874220E6EDEFCDBE6368DEAA765FD.e.4471/click - {}
RESULT: {}
COMMAND: GET /session/a218943ac8ac0de5e00a7c8ddc1aa8fc/screenshot - {}
RESULT: {}
COMMAND: POST /session/a218943ac8ac0de5e00a7c8ddc1aa8fc/element - {"using":"xpath","value":"//span[contains(@id ,\"contractDetailTitleNoExpanded\")]"}
RESULT: {"using":"xpath","value":"//span[contains(@id ,\"contractDetailTitleNoExpanded\")]"}
COMMAND: POST /session/a218943ac8ac0de5e00a7c8ddc1aa8fc/elements - {"using":"xpath","value":"//span[contains(@id ,\"contractDetailTitleNoExpanded\")]"}
RESULT: {"using":"xpath","value":"//span[contains(@id ,\"contractDetailTitleNoExpanded\")]"}
COMMAND: POST /session/a218943ac8ac0de5e00a7c8ddc1aa8fc/execute/sync - {"script":"<script> [56 bytes]","args":[{"element-6066-11e4-a52e-4f735466cecf":"f.7F9D5CB6C16BBEFE5A5C55A7ACE178BF.d.26C874220E6EDEFCDBE6368DEAA765FD.e.4555","ELEMENT":"f.7F9D5CB6C16BBEFE5A5C55A7ACE178BF.d.26C874220E6EDEFCDBE6368DEAA765FD.e.4555"}]}
RESULT: {"script":"<script> [56 bytes]","args":[{"element-6066-11e4-a52e-4f735466cecf":"f.7F9D5CB6C16BBEFE5A5C55A7ACE178BF.d.26C874220E6EDEFCDBE6368DEAA765FD.e.4555","ELEMENT":"f.7F9D5CB6C16BBEFE5A5C55A7ACE178BF.d.26C874220E6EDEFCDBE6368DEAA765FD.e.4555"}]}
COMMAND: GET /session/a218943ac8ac0de5e00a7c8ddc1aa8fc/screenshot - {}
RESULT: {}
]]></system-out>
    </testcase>
    <testcase classname="chrome.135_0_7049_96.windows.Prerequisites_&amp;_test_for_yard_mass_return_on_Yard_Overview_US131057" name="Prereq Should add created material to contract" time="56.853">
      <system-out><![CDATA[
COMMAND: POST /session/a218943ac8ac0de5e00a7c8ddc1aa8fc/element - {"using":"xpath","value":"//button[@data-kt=\"contractDetailEditBtnButton\"]"}
RESULT: {"using":"xpath","value":"//button[@data-kt=\"contractDetailEditBtnButton\"]"}
COMMAND: POST /session/a218943ac8ac0de5e00a7c8ddc1aa8fc/element/f.7F9D5CB6C16BBEFE5A5C55A7ACE178BF.d.26C874220E6EDEFCDBE6368DEAA765FD.e.4556/click - {}
RESULT: {}
COMMAND: GET /session/a218943ac8ac0de5e00a7c8ddc1aa8fc/screenshot - {}
RESULT: {}
COMMAND: POST /session/a218943ac8ac0de5e00a7c8ddc1aa8fc/element - {"using":"xpath","value":"(//span[contains(text(), \"Additional Addresses\")])[2]"}
RESULT: {"using":"xpath","value":"(//span[contains(text(), \"Additional Addresses\")])[2]"}
COMMAND: POST /session/a218943ac8ac0de5e00a7c8ddc1aa8fc/element/f.7F9D5CB6C16BBEFE5A5C55A7ACE178BF.d.26C874220E6EDEFCDBE6368DEAA765FD.e.4611/click - {}
RESULT: {}
COMMAND: GET /session/a218943ac8ac0de5e00a7c8ddc1aa8fc/screenshot - {}
RESULT: {}
COMMAND: POST /session/a218943ac8ac0de5e00a7c8ddc1aa8fc/element - {"using":"xpath","value":"//button[@data-kt=\"btnAddTableRowOverflowToolbarButton\"]"}
RESULT: {"using":"xpath","value":"//button[@data-kt=\"btnAddTableRowOverflowToolbarButton\"]"}
COMMAND: POST /session/a218943ac8ac0de5e00a7c8ddc1aa8fc/element/f.7F9D5CB6C16BBEFE5A5C55A7ACE178BF.d.26C874220E6EDEFCDBE6368DEAA765FD.e.4614/click - {}
RESULT: {}
COMMAND: GET /session/a218943ac8ac0de5e00a7c8ddc1aa8fc/screenshot - {}
RESULT: {}
COMMAND: POST /session/a218943ac8ac0de5e00a7c8ddc1aa8fc/element - {"using":"xpath","value":"//div[(text() = 'Standard Entry' or . = 'Standard Entry')]"}
RESULT: {"using":"xpath","value":"//div[(text() = 'Standard Entry' or . = 'Standard Entry')]"}
COMMAND: POST /session/a218943ac8ac0de5e00a7c8ddc1aa8fc/element/f.7F9D5CB6C16BBEFE5A5C55A7ACE178BF.d.26C874220E6EDEFCDBE6368DEAA765FD.e.4616/click - {}
RESULT: {}
COMMAND: GET /session/a218943ac8ac0de5e00a7c8ddc1aa8fc/screenshot - {}
RESULT: {}
COMMAND: POST /session/a218943ac8ac0de5e00a7c8ddc1aa8fc/element - {"using":"xpath","value":"//td[6]/div/div/div/span"}
RESULT: {"using":"xpath","value":"//td[6]/div/div/div/span"}
COMMAND: POST /session/a218943ac8ac0de5e00a7c8ddc1aa8fc/element/f.7F9D5CB6C16BBEFE5A5C55A7ACE178BF.d.26C874220E6EDEFCDBE6368DEAA765FD.e.4628/click - {}
RESULT: {}
COMMAND: GET /session/a218943ac8ac0de5e00a7c8ddc1aa8fc/screenshot - {}
RESULT: {}
COMMAND: POST /session/a218943ac8ac0de5e00a7c8ddc1aa8fc/element - {"using":"xpath","value":"(//span[contains(text(), \"Material\")])"}
RESULT: {"using":"xpath","value":"(//span[contains(text(), \"Material\")])"}
COMMAND: POST /session/a218943ac8ac0de5e00a7c8ddc1aa8fc/element/f.7F9D5CB6C16BBEFE5A5C55A7ACE178BF.d.26C874220E6EDEFCDBE6368DEAA765FD.e.4629/click - {}
RESULT: {}
COMMAND: GET /session/a218943ac8ac0de5e00a7c8ddc1aa8fc/screenshot - {}
RESULT: {}
COMMAND: POST /session/a218943ac8ac0de5e00a7c8ddc1aa8fc/element - {"using":"xpath","value":"//td[7]/div/div/input"}
RESULT: {"using":"xpath","value":"//td[7]/div/div/input"}
COMMAND: POST /session/a218943ac8ac0de5e00a7c8ddc1aa8fc/element/f.7F9D5CB6C16BBEFE5A5C55A7ACE178BF.d.26C874220E6EDEFCDBE6368DEAA765FD.e.4633/clear - {}
RESULT: {}
COMMAND: POST /session/a218943ac8ac0de5e00a7c8ddc1aa8fc/element/f.7F9D5CB6C16BBEFE5A5C55A7ACE178BF.d.26C874220E6EDEFCDBE6368DEAA765FD.e.4633/value - {"text":"200257"}
COMMAND: GET /session/a218943ac8ac0de5e00a7c8ddc1aa8fc/screenshot - {}
RESULT: {"text":"200257"}
COMMAND: GET /session/a218943ac8ac0de5e00a7c8ddc1aa8fc/screenshot - {}
RESULT: {}
RESULT: {}
COMMAND: POST /session/a218943ac8ac0de5e00a7c8ddc1aa8fc/actions - {"actions":[{"id":"action13","type":"key","parameters":{},"actions":[{"type":"keyDown","value":"î€‡"},{"type":"pause","duration":10},{"type":"keyUp","value":"î€‡"}]}]}
RESULT: {"actions":[{"id":"action13","type":"key","parameters":{},"actions":[{"type":"keyDown","value":"î€‡"},{"type":"pause","duration":10},{"type":"keyUp","value":"î€‡"}]}]}
COMMAND: GET /session/a218943ac8ac0de5e00a7c8ddc1aa8fc/screenshot - {}
RESULT: {}
COMMAND: POST /session/a218943ac8ac0de5e00a7c8ddc1aa8fc/execute/sync - {"script":"<script> [276 bytes]","args":["No pricing information was found"]}
RESULT: {"script":"<script> [276 bytes]","args":["No pricing information was found"]}
COMMAND: POST /session/a218943ac8ac0de5e00a7c8ddc1aa8fc/element - {"using":"xpath","value":"//bdi[contains(text(), \"OK\")]"}
COMMAND: GET /session/a218943ac8ac0de5e00a7c8ddc1aa8fc/screenshot - {}
RESULT: {"using":"xpath","value":"//bdi[contains(text(), \"OK\")]"}
COMMAND: POST /session/a218943ac8ac0de5e00a7c8ddc1aa8fc/element/f.7F9D5CB6C16BBEFE5A5C55A7ACE178BF.d.26C874220E6EDEFCDBE6368DEAA765FD.e.4659/click - {}
RESULT: {}
RESULT: {}
COMMAND: GET /session/a218943ac8ac0de5e00a7c8ddc1aa8fc/screenshot - {}
RESULT: {}
COMMAND: POST /session/a218943ac8ac0de5e00a7c8ddc1aa8fc/element - {"using":"xpath","value":"(//button[@data-kt=\"saveButton\"])[2]"}
RESULT: {"using":"xpath","value":"(//button[@data-kt=\"saveButton\"])[2]"}
COMMAND: POST /session/a218943ac8ac0de5e00a7c8ddc1aa8fc/element/f.7F9D5CB6C16BBEFE5A5C55A7ACE178BF.d.26C874220E6EDEFCDBE6368DEAA765FD.e.4660/click - {}
RESULT: {}
COMMAND: GET /session/a218943ac8ac0de5e00a7c8ddc1aa8fc/screenshot - {}
RESULT: {}
COMMAND: POST /session/a218943ac8ac0de5e00a7c8ddc1aa8fc/execute/sync - {"script":"<script> [276 bytes]","args":["Some contract items are having rental validity exceeding header rental validity"]}
RESULT: {"script":"<script> [276 bytes]","args":["Some contract items are having rental validity exceeding header rental validity"]}
COMMAND: GET /session/a218943ac8ac0de5e00a7c8ddc1aa8fc/screenshot - {}
RESULT: {}
COMMAND: POST /session/a218943ac8ac0de5e00a7c8ddc1aa8fc/element - {"using":"xpath","value":"//span[contains(@id ,\"contractItemsSmartTable-header-inner\")]"}
RESULT: {"using":"xpath","value":"//span[contains(@id ,\"contractItemsSmartTable-header-inner\")]"}
COMMAND: POST /session/a218943ac8ac0de5e00a7c8ddc1aa8fc/elements - {"using":"xpath","value":"//span[contains(@id ,\"contractItemsSmartTable-header-inner\")]"}
RESULT: {"using":"xpath","value":"//span[contains(@id ,\"contractItemsSmartTable-header-inner\")]"}
COMMAND: POST /session/a218943ac8ac0de5e00a7c8ddc1aa8fc/execute/sync - {"script":"<script> [56 bytes]","args":[{"element-6066-11e4-a52e-4f735466cecf":"f.7F9D5CB6C16BBEFE5A5C55A7ACE178BF.d.26C874220E6EDEFCDBE6368DEAA765FD.e.4664","ELEMENT":"f.7F9D5CB6C16BBEFE5A5C55A7ACE178BF.d.26C874220E6EDEFCDBE6368DEAA765FD.e.4664"}]}
RESULT: {"script":"<script> [56 bytes]","args":[{"element-6066-11e4-a52e-4f735466cecf":"f.7F9D5CB6C16BBEFE5A5C55A7ACE178BF.d.26C874220E6EDEFCDBE6368DEAA765FD.e.4664","ELEMENT":"f.7F9D5CB6C16BBEFE5A5C55A7ACE178BF.d.26C874220E6EDEFCDBE6368DEAA765FD.e.4664"}]}
COMMAND: GET /session/a218943ac8ac0de5e00a7c8ddc1aa8fc/screenshot - {}
]]></system-out>
    </testcase>
    <testcase classname="chrome.135_0_7049_96.windows.Prerequisites_&amp;_test_for_yard_mass_return_on_Yard_Overview_US131057" name="Prerq Should do a provide to site handover" time="55.629">
      <system-out><![CDATA[
COMMAND: POST /session/a218943ac8ac0de5e00a7c8ddc1aa8fc/element - {"using":"xpath","value":"//button[@data-kt=\"provideButton\"]"}
RESULT: {}
RESULT: {"using":"xpath","value":"//button[@data-kt=\"provideButton\"]"}
COMMAND: POST /session/a218943ac8ac0de5e00a7c8ddc1aa8fc/element/f.7F9D5CB6C16BBEFE5A5C55A7ACE178BF.d.26C874220E6EDEFCDBE6368DEAA765FD.e.4665/click - {}
RESULT: {}
COMMAND: GET /session/a218943ac8ac0de5e00a7c8ddc1aa8fc/screenshot - {}
RESULT: {}
RESULT: undefined
COMMAND: POST /session/a218943ac8ac0de5e00a7c8ddc1aa8fc/execute/async - {"script":"<script> [6424 bytes]","args":[{"element-6066-11e4-a52e-4f735466cecf":"f.7F9D5CB6C16BBEFE5A5C55A7ACE178BF.d.26C874220E6EDEFCDBE6368DEAA765FD.e.3681"},"setValue",["05/01/2025"]]}
COMMAND: POST /session/a218943ac8ac0de5e00a7c8ddc1aa8fc/execute/async - {"script":"<script> [1562 bytes]","args":[{"selector":{"id":"application-managehandovers-display-component---AddNewHO--dueDate","interaction":{"idSuffix":"inner"}},"wdio_ui5_key":"applicationmanagehandovers-display-component---AddNewHO--dueDate"}]}
RESULT: {"script":"<script> [1562 bytes]","args":[{"selector":{"id":"application-managehandovers-display-component---AddNewHO--dueDate","interaction":{"idSuffix":"inner"}},"wdio_ui5_key":"applicationmanagehandovers-display-component---AddNewHO--dueDate"}]}
COMMAND: POST /session/a218943ac8ac0de5e00a7c8ddc1aa8fc/execute/async - {"script":"<script> [6424 bytes]","args":[{"element-6066-11e4-a52e-4f735466cecf":"f.7F9D5CB6C16BBEFE5A5C55A7ACE178BF.d.26C874220E6EDEFCDBE6368DEAA765FD.e.4755"},"setValue",["05/01/2025"]]}
RESULT: {"script":"<script> [6424 bytes]","args":[{"element-6066-11e4-a52e-4f735466cecf":"f.7F9D5CB6C16BBEFE5A5C55A7ACE178BF.d.26C874220E6EDEFCDBE6368DEAA765FD.e.4755"},"setValue",["05/01/2025"]]}
COMMAND: POST /session/a218943ac8ac0de5e00a7c8ddc1aa8fc/element - {"using":"xpath","value":"//bdi[contains(text(), \"Instructions\")]"}
RESULT: {"using":"xpath","value":"//bdi[contains(text(), \"Instructions\")]"}
COMMAND: POST /session/a218943ac8ac0de5e00a7c8ddc1aa8fc/element/f.7F9D5CB6C16BBEFE5A5C55A7ACE178BF.d.26C874220E6EDEFCDBE6368DEAA765FD.e.4975/click - {}
RESULT: {}
COMMAND: GET /session/a218943ac8ac0de5e00a7c8ddc1aa8fc/screenshot - {}
RESULT: {}
COMMAND: POST /session/a218943ac8ac0de5e00a7c8ddc1aa8fc/element - {"using":"xpath","value":"//button[@data-kt=\"AddNewHOProvideAddItemsButton\"]"}
RESULT: {"using":"xpath","value":"//button[@data-kt=\"AddNewHOProvideAddItemsButton\"]"}
COMMAND: POST /session/a218943ac8ac0de5e00a7c8ddc1aa8fc/element/f.7F9D5CB6C16BBEFE5A5C55A7ACE178BF.d.26C874220E6EDEFCDBE6368DEAA765FD.e.4979/click - {}
RESULT: {}
COMMAND: GET /session/a218943ac8ac0de5e00a7c8ddc1aa8fc/screenshot - {}
RESULT: {}
RESULT: undefined
COMMAND: POST /session/a218943ac8ac0de5e00a7c8ddc1aa8fc/element - {"using":"xpath","value":"//*[@id=\"application-managehandovers-display-component---AddNewHO--popup-sa\"]"}
RESULT: {"using":"xpath","value":"//*[@id=\"application-managehandovers-display-component---AddNewHO--popup-sa\"]"}
COMMAND: POST /session/a218943ac8ac0de5e00a7c8ddc1aa8fc/element/f.7F9D5CB6C16BBEFE5A5C55A7ACE178BF.d.26C874220E6EDEFCDBE6368DEAA765FD.e.4994/click - {}
RESULT: {}
COMMAND: GET /session/a218943ac8ac0de5e00a7c8ddc1aa8fc/screenshot - {}
RESULT: {}
COMMAND: POST /session/a218943ac8ac0de5e00a7c8ddc1aa8fc/element - {"using":"xpath","value":"//*[contains(@id ,\"BDI-content\")][contains(text(), \"Select\")]"}
RESULT: {"using":"xpath","value":"//*[contains(@id ,\"BDI-content\")][contains(text(), \"Select\")]"}
COMMAND: POST /session/a218943ac8ac0de5e00a7c8ddc1aa8fc/element/f.7F9D5CB6C16BBEFE5A5C55A7ACE178BF.d.26C874220E6EDEFCDBE6368DEAA765FD.e.4996/click - {}
RESULT: {}
COMMAND: GET /session/a218943ac8ac0de5e00a7c8ddc1aa8fc/screenshot - {}
RESULT: {}
COMMAND: POST /session/a218943ac8ac0de5e00a7c8ddc1aa8fc/execute/async - {"script":"<script> [1562 bytes]","args":[{"selector":{"id":"application-managehandovers-display-component---AddNewHO--confirmCreationButton","interaction":{"idSuffix":"BDI-content"}},"wdio_ui5_key":"applicationmanagehandovers-display-component---AddNewHO--confirmCreationButton"}]}
RESULT: {"script":"<script> [1562 bytes]","args":[{"selector":{"id":"application-managehandovers-display-component---AddNewHO--confirmCreationButton","interaction":{"idSuffix":"BDI-content"}},"wdio_ui5_key":"applicationmanagehandovers-display-component---AddNewHO--confirmCreationButton"}]}
RESULT: undefined
COMMAND: POST /session/a218943ac8ac0de5e00a7c8ddc1aa8fc/element - {"using":"xpath","value":"//*[@id=\"application-managehandovers-display-component---AddNewHO--confirmCreationButton\"]"}
RESULT: {"using":"xpath","value":"//*[@id=\"application-managehandovers-display-component---AddNewHO--confirmCreationButton\"]"}
COMMAND: POST /session/a218943ac8ac0de5e00a7c8ddc1aa8fc/element/f.7F9D5CB6C16BBEFE5A5C55A7ACE178BF.d.26C874220E6EDEFCDBE6368DEAA765FD.e.4802/click - {}
RESULT: {}
COMMAND: GET /session/a218943ac8ac0de5e00a7c8ddc1aa8fc/screenshot - {}
RESULT: {}
COMMAND: POST /session/a218943ac8ac0de5e00a7c8ddc1aa8fc/element - {"using":"xpath","value":"//button[@data-kt=\"PickingTableConfirmAllButton\"]"}
RESULT: {"using":"xpath","value":"//button[@data-kt=\"PickingTableConfirmAllButton\"]"}
COMMAND: POST /session/a218943ac8ac0de5e00a7c8ddc1aa8fc/elements - {"using":"xpath","value":"//button[@data-kt=\"PickingTableConfirmAllButton\"]"}
RESULT: {"using":"xpath","value":"//button[@data-kt=\"PickingTableConfirmAllButton\"]"}
COMMAND: POST /session/a218943ac8ac0de5e00a7c8ddc1aa8fc/elements - {"using":"xpath","value":"//button[@data-kt=\"PickingTableConfirmAllButton\"]"}
RESULT: {"using":"xpath","value":"//button[@data-kt=\"PickingTableConfirmAllButton\"]"}
COMMAND: POST /session/a218943ac8ac0de5e00a7c8ddc1aa8fc/element - {"using":"xpath","value":"//button[@data-kt=\"PickingTableConfirmAllButton\"]"}
RESULT: {"using":"xpath","value":"//button[@data-kt=\"PickingTableConfirmAllButton\"]"}
COMMAND: POST /session/a218943ac8ac0de5e00a7c8ddc1aa8fc/element/f.7F9D5CB6C16BBEFE5A5C55A7ACE178BF.d.26C874220E6EDEFCDBE6368DEAA765FD.e.5035/click - {}
COMMAND: POST /session/a218943ac8ac0de5e00a7c8ddc1aa8fc/element - {"using":"xpath","value":"//button[@data-kt=\"PickingTableConfirmAllButton\"]"}
RESULT: {"using":"xpath","value":"//button[@data-kt=\"PickingTableConfirmAllButton\"]"}
COMMAND: POST /session/a218943ac8ac0de5e00a7c8ddc1aa8fc/element/f.7F9D5CB6C16BBEFE5A5C55A7ACE178BF.d.26C874220E6EDEFCDBE6368DEAA765FD.e.5035/click - {}
COMMAND: POST /session/a218943ac8ac0de5e00a7c8ddc1aa8fc/element - {"using":"xpath","value":"//button[@data-kt=\"PickingTableConfirmAllButton\"]"}
RESULT: {"using":"xpath","value":"//button[@data-kt=\"PickingTableConfirmAllButton\"]"}
COMMAND: POST /session/a218943ac8ac0de5e00a7c8ddc1aa8fc/element/f.7F9D5CB6C16BBEFE5A5C55A7ACE178BF.d.26C874220E6EDEFCDBE6368DEAA765FD.e.5050/click - {}
RESULT: {}
COMMAND: GET /session/a218943ac8ac0de5e00a7c8ddc1aa8fc/screenshot - {}
RESULT: {}
COMMAND: POST /session/a218943ac8ac0de5e00a7c8ddc1aa8fc/element - {"using":"xpath","value":"//bdi[contains(text(), \"OK\")]"}
RESULT: {"using":"xpath","value":"//bdi[contains(text(), \"OK\")]"}
COMMAND: POST /session/a218943ac8ac0de5e00a7c8ddc1aa8fc/element/f.7F9D5CB6C16BBEFE5A5C55A7ACE178BF.d.26C874220E6EDEFCDBE6368DEAA765FD.e.5052/click - {}
RESULT: {}
COMMAND: GET /session/a218943ac8ac0de5e00a7c8ddc1aa8fc/screenshot - {}
RESULT: {}
COMMAND: POST /session/a218943ac8ac0de5e00a7c8ddc1aa8fc/element - {"using":"xpath","value":"//bdi[contains(text(), \"Issue\")]"}
RESULT: {"using":"xpath","value":"//bdi[contains(text(), \"Issue\")]"}
COMMAND: POST /session/a218943ac8ac0de5e00a7c8ddc1aa8fc/element/f.7F9D5CB6C16BBEFE5A5C55A7ACE178BF.d.26C874220E6EDEFCDBE6368DEAA765FD.e.5056/click - {}
RESULT: {}
COMMAND: GET /session/a218943ac8ac0de5e00a7c8ddc1aa8fc/screenshot - {}
RESULT: {}
COMMAND: POST /session/a218943ac8ac0de5e00a7c8ddc1aa8fc/element - {"using":"css selector","value":"#shell-header-logo"}
RESULT: {"using":"css selector","value":"#shell-header-logo"}
COMMAND: POST /session/a218943ac8ac0de5e00a7c8ddc1aa8fc/element/f.7F9D5CB6C16BBEFE5A5C55A7ACE178BF.d.26C874220E6EDEFCDBE6368DEAA765FD.e.4089/click - {}
RESULT: {}
COMMAND: GET /session/a218943ac8ac0de5e00a7c8ddc1aa8fc/screenshot - {}
RESULT: {}
]]></system-out>
    </testcase>
  </testsuite>
  <testsuite timestamp="2025-05-01T16:46:19" time="352.527" tests="6" failures="1" errors="1" skipped="0">
    <properties>
      <property name="specId" value="0" />
      <property name="suiteName" value="Yard Overview Autoplanning US130989" />
      <property name="capabilities" value="chrome.135_0_7049_96.windows" />
      <property name="file" value="file:///D:/a/1/s/test/specs/HTR/yard-overview-autoplanning.spec.js" />
    </properties>
    <testcase classname="chrome.135_0_7049_96.windows.Yard_Overview_Autoplanning_US130989" name="Prereq Should create a new yard used for all following tests" time="0.015">
      <system-out><![CDATA[
COMMAND: POST /session/a218943ac8ac0de5e00a7c8ddc1aa8fc/window/fullscreen - {}
RESULT: {}
]]></system-out>
    </testcase>
    <testcase classname="chrome.135_0_7049_96.windows.Yard_Overview_Autoplanning_US130989" name="Prereq Should create a new partner" time="0.004" />
    <testcase classname="chrome.135_0_7049_96.windows.Yard_Overview_Autoplanning_US130989" name="Prereq Should create a new site" time="0.003" />
    <testcase classname="chrome.135_0_7049_96.windows.Yard_Overview_Autoplanning_US130989" name="Prereq Should create a new material with catalog selection" time="108.012">
      <system-out><![CDATA[
COMMAND: POST /session/a218943ac8ac0de5e00a7c8ddc1aa8fc/execute/async - {"script":"<script> [1562 bytes]","args":[{"selector":{"controlType":"sap.m.GenericTile","properties":{"header":"Manage Resources"}},"wdio_ui5_key":"sapm.GenericTile{\"header\":\"Manage Resources\"}"}]}
RESULT: {"script":"<script> [1562 bytes]","args":[{"selector":{"controlType":"sap.m.GenericTile","properties":{"header":"Manage Resources"}},"wdio_ui5_key":"sapm.GenericTile{\"header\":\"Manage Resources\"}"}]}
RESULT: undefined
COMMAND: POST /session/a218943ac8ac0de5e00a7c8ddc1aa8fc/element - {"using":"xpath","value":"//*[@id=\"__tile39\"]"}
RESULT: {"using":"xpath","value":"//*[@id=\"__tile39\"]"}
COMMAND: POST /session/a218943ac8ac0de5e00a7c8ddc1aa8fc/element/f.7F9D5CB6C16BBEFE5A5C55A7ACE178BF.d.934C1E85B364225C6A16F23CCAB0CE91.e.5696/click - {}
RESULT: {}
COMMAND: POST /session/a218943ac8ac0de5e00a7c8ddc1aa8fc/element - {"using":"xpath","value":"//button[@data-kt=\"addNewRUOverflowToolbarButton\"]"}
COMMAND: GET /session/a218943ac8ac0de5e00a7c8ddc1aa8fc/screenshot - {}
RESULT: {"using":"xpath","value":"//button[@data-kt=\"addNewRUOverflowToolbarButton\"]"}
COMMAND: POST /session/a218943ac8ac0de5e00a7c8ddc1aa8fc/elements - {"using":"xpath","value":"//button[@data-kt=\"addNewRUOverflowToolbarButton\"]"}
RESULT: {}
RESULT: {"using":"xpath","value":"//button[@data-kt=\"addNewRUOverflowToolbarButton\"]"}
COMMAND: POST /session/a218943ac8ac0de5e00a7c8ddc1aa8fc/elements - {"using":"xpath","value":"//button[@data-kt=\"addNewRUOverflowToolbarButton\"]"}
RESULT: {"using":"xpath","value":"//button[@data-kt=\"addNewRUOverflowToolbarButton\"]"}
COMMAND: POST /session/a218943ac8ac0de5e00a7c8ddc1aa8fc/elements - {"using":"xpath","value":"//button[@data-kt=\"addNewRUOverflowToolbarButton\"]"}
RESULT: {"using":"xpath","value":"//button[@data-kt=\"addNewRUOverflowToolbarButton\"]"}
COMMAND: POST /session/a218943ac8ac0de5e00a7c8ddc1aa8fc/elements - {"using":"xpath","value":"//button[@data-kt=\"addNewRUOverflowToolbarButton\"]"}
RESULT: {"using":"xpath","value":"//button[@data-kt=\"addNewRUOverflowToolbarButton\"]"}
COMMAND: POST /session/a218943ac8ac0de5e00a7c8ddc1aa8fc/elements - {"using":"xpath","value":"//button[@data-kt=\"addNewRUOverflowToolbarButton\"]"}
RESULT: {"using":"xpath","value":"//button[@data-kt=\"addNewRUOverflowToolbarButton\"]"}
COMMAND: POST /session/a218943ac8ac0de5e00a7c8ddc1aa8fc/elements - {"using":"xpath","value":"//button[@data-kt=\"addNewRUOverflowToolbarButton\"]"}
RESULT: {"using":"xpath","value":"//button[@data-kt=\"addNewRUOverflowToolbarButton\"]"}
COMMAND: POST /session/a218943ac8ac0de5e00a7c8ddc1aa8fc/elements - {"using":"xpath","value":"//button[@data-kt=\"addNewRUOverflowToolbarButton\"]"}
RESULT: {"using":"xpath","value":"//button[@data-kt=\"addNewRUOverflowToolbarButton\"]"}
COMMAND: POST /session/a218943ac8ac0de5e00a7c8ddc1aa8fc/elements - {"using":"xpath","value":"//button[@data-kt=\"addNewRUOverflowToolbarButton\"]"}
RESULT: {"using":"xpath","value":"//button[@data-kt=\"addNewRUOverflowToolbarButton\"]"}
COMMAND: POST /session/a218943ac8ac0de5e00a7c8ddc1aa8fc/elements - {"using":"xpath","value":"//button[@data-kt=\"addNewRUOverflowToolbarButton\"]"}
RESULT: {"using":"xpath","value":"//button[@data-kt=\"addNewRUOverflowToolbarButton\"]"}
COMMAND: POST /session/a218943ac8ac0de5e00a7c8ddc1aa8fc/elements - {"using":"xpath","value":"//button[@data-kt=\"addNewRUOverflowToolbarButton\"]"}
RESULT: {"using":"xpath","value":"//button[@data-kt=\"addNewRUOverflowToolbarButton\"]"}
COMMAND: POST /session/a218943ac8ac0de5e00a7c8ddc1aa8fc/elements - {"using":"xpath","value":"//button[@data-kt=\"addNewRUOverflowToolbarButton\"]"}
RESULT: {"using":"xpath","value":"//button[@data-kt=\"addNewRUOverflowToolbarButton\"]"}
COMMAND: POST /session/a218943ac8ac0de5e00a7c8ddc1aa8fc/elements - {"using":"xpath","value":"//button[@data-kt=\"addNewRUOverflowToolbarButton\"]"}
RESULT: {"using":"xpath","value":"//button[@data-kt=\"addNewRUOverflowToolbarButton\"]"}
COMMAND: POST /session/a218943ac8ac0de5e00a7c8ddc1aa8fc/elements - {"using":"xpath","value":"//button[@data-kt=\"addNewRUOverflowToolbarButton\"]"}
RESULT: {"using":"xpath","value":"//button[@data-kt=\"addNewRUOverflowToolbarButton\"]"}
COMMAND: POST /session/a218943ac8ac0de5e00a7c8ddc1aa8fc/elements - {"using":"xpath","value":"//button[@data-kt=\"addNewRUOverflowToolbarButton\"]"}
RESULT: {"using":"xpath","value":"//button[@data-kt=\"addNewRUOverflowToolbarButton\"]"}
COMMAND: POST /session/a218943ac8ac0de5e00a7c8ddc1aa8fc/elements - {"using":"xpath","value":"//button[@data-kt=\"addNewRUOverflowToolbarButton\"]"}
RESULT: {"using":"xpath","value":"//button[@data-kt=\"addNewRUOverflowToolbarButton\"]"}
COMMAND: POST /session/a218943ac8ac0de5e00a7c8ddc1aa8fc/elements - {"using":"xpath","value":"//button[@data-kt=\"addNewRUOverflowToolbarButton\"]"}
RESULT: {"using":"xpath","value":"//button[@data-kt=\"addNewRUOverflowToolbarButton\"]"}
COMMAND: POST /session/a218943ac8ac0de5e00a7c8ddc1aa8fc/elements - {"using":"xpath","value":"//button[@data-kt=\"addNewRUOverflowToolbarButton\"]"}
RESULT: {"using":"xpath","value":"//button[@data-kt=\"addNewRUOverflowToolbarButton\"]"}
COMMAND: POST /session/a218943ac8ac0de5e00a7c8ddc1aa8fc/elements - {"using":"xpath","value":"//button[@data-kt=\"addNewRUOverflowToolbarButton\"]"}
RESULT: {"using":"xpath","value":"//button[@data-kt=\"addNewRUOverflowToolbarButton\"]"}
COMMAND: POST /session/a218943ac8ac0de5e00a7c8ddc1aa8fc/element - {"using":"xpath","value":"//button[@data-kt=\"addNewRUOverflowToolbarButton\"]"}
RESULT: {"using":"xpath","value":"//button[@data-kt=\"addNewRUOverflowToolbarButton\"]"}
COMMAND: POST /session/a218943ac8ac0de5e00a7c8ddc1aa8fc/execute/sync - {"script":"<script> [8489 bytes]","args":[{"element-6066-11e4-a52e-4f735466cecf":"f.7F9D5CB6C16BBEFE5A5C55A7ACE178BF.d.934C1E85B364225C6A16F23CCAB0CE91.e.5828","ELEMENT":"f.7F9D5CB6C16BBEFE5A5C55A7ACE178BF.d.934C1E85B364225C6A16F23CCAB0CE91.e.5828"}]}
RESULT: {"script":"<script> [8489 bytes]","args":[{"element-6066-11e4-a52e-4f735466cecf":"f.7F9D5CB6C16BBEFE5A5C55A7ACE178BF.d.934C1E85B364225C6A16F23CCAB0CE91.e.5828","ELEMENT":"f.7F9D5CB6C16BBEFE5A5C55A7ACE178BF.d.934C1E85B364225C6A16F23CCAB0CE91.e.5828"}]}
COMMAND: GET /session/a218943ac8ac0de5e00a7c8ddc1aa8fc/element/f.7F9D5CB6C16BBEFE5A5C55A7ACE178BF.d.934C1E85B364225C6A16F23CCAB0CE91.e.5828/enabled - {}
COMMAND: GET /session/a218943ac8ac0de5e00a7c8ddc1aa8fc/screenshot - {}
RESULT: {}
COMMAND: POST /session/a218943ac8ac0de5e00a7c8ddc1aa8fc/execute/sync - {"script":"<script> [8489 bytes]","args":[{"element-6066-11e4-a52e-4f735466cecf":"f.7F9D5CB6C16BBEFE5A5C55A7ACE178BF.d.934C1E85B364225C6A16F23CCAB0CE91.e.5828","ELEMENT":"f.7F9D5CB6C16BBEFE5A5C55A7ACE178BF.d.934C1E85B364225C6A16F23CCAB0CE91.e.5828"}]}
COMMAND: GET /session/a218943ac8ac0de5e00a7c8ddc1aa8fc/screenshot - {}
RESULT: {}
RESULT: {"script":"<script> [8489 bytes]","args":[{"element-6066-11e4-a52e-4f735466cecf":"f.7F9D5CB6C16BBEFE5A5C55A7ACE178BF.d.934C1E85B364225C6A16F23CCAB0CE91.e.5828","ELEMENT":"f.7F9D5CB6C16BBEFE5A5C55A7ACE178BF.d.934C1E85B364225C6A16F23CCAB0CE91.e.5828"}]}
COMMAND: POST /session/a218943ac8ac0de5e00a7c8ddc1aa8fc/execute/sync - {"script":"<script> [5351 bytes]","args":[{"element-6066-11e4-a52e-4f735466cecf":"f.7F9D5CB6C16BBEFE5A5C55A7ACE178BF.d.934C1E85B364225C6A16F23CCAB0CE91.e.5828","ELEMENT":"f.7F9D5CB6C16BBEFE5A5C55A7ACE178BF.d.934C1E85B364225C6A16F23CCAB0CE91.e.5828"}]}
COMMAND: GET /session/a218943ac8ac0de5e00a7c8ddc1aa8fc/screenshot - {}
RESULT: {}
RESULT: {"script":"<script> [5351 bytes]","args":[{"element-6066-11e4-a52e-4f735466cecf":"f.7F9D5CB6C16BBEFE5A5C55A7ACE178BF.d.934C1E85B364225C6A16F23CCAB0CE91.e.5828","ELEMENT":"f.7F9D5CB6C16BBEFE5A5C55A7ACE178BF.d.934C1E85B364225C6A16F23CCAB0CE91.e.5828"}]}
COMMAND: POST /session/a218943ac8ac0de5e00a7c8ddc1aa8fc/element/f.7F9D5CB6C16BBEFE5A5C55A7ACE178BF.d.934C1E85B364225C6A16F23CCAB0CE91.e.5828/click - {}
COMMAND: GET /session/a218943ac8ac0de5e00a7c8ddc1aa8fc/screenshot - {}
RESULT: {}
RESULT: {}
COMMAND: GET /session/a218943ac8ac0de5e00a7c8ddc1aa8fc/screenshot - {}
COMMAND: POST /session/a218943ac8ac0de5e00a7c8ddc1aa8fc/execute/async - {"script":"<script> [1562 bytes]","args":[{"selector":{"id":"application-manageresources-display-component---newResourceUnit--TYPE-arrow"},"wdio_ui5_key":"applicationmanageresources-display-component---newResourceUnit--TYPE-arrow"}]}
RESULT: {}
RESULT: {}
RESULT: {"script":"<script> [1562 bytes]","args":[{"selector":{"id":"application-manageresources-display-component---newResourceUnit--TYPE-arrow"},"wdio_ui5_key":"applicationmanageresources-display-component---newResourceUnit--TYPE-arrow"}]}
RESULT: undefined
COMMAND: POST /session/a218943ac8ac0de5e00a7c8ddc1aa8fc/element - {"using":"xpath","value":"//*[@id=\"application-manageresources-display-component---newResourceUnit--TYPE-arrow\"]"}
RESULT: {"using":"xpath","value":"//*[@id=\"application-manageresources-display-component---newResourceUnit--TYPE-arrow\"]"}
COMMAND: POST /session/a218943ac8ac0de5e00a7c8ddc1aa8fc/element/f.7F9D5CB6C16BBEFE5A5C55A7ACE178BF.d.934C1E85B364225C6A16F23CCAB0CE91.e.5997/click - {}
RESULT: {}
COMMAND: POST /session/a218943ac8ac0de5e00a7c8ddc1aa8fc/element - {"using":"xpath","value":"//input[@id=\"application-manageresources-display-component---newResourceUnit--TYPE-inner\"]"}
COMMAND: GET /session/a218943ac8ac0de5e00a7c8ddc1aa8fc/screenshot - {}
RESULT: {"using":"xpath","value":"//input[@id=\"application-manageresources-display-component---newResourceUnit--TYPE-inner\"]"}
COMMAND: POST /session/a218943ac8ac0de5e00a7c8ddc1aa8fc/element/f.7F9D5CB6C16BBEFE5A5C55A7ACE178BF.d.934C1E85B364225C6A16F23CCAB0CE91.e.5880/clear - {}
RESULT: {}
RESULT: {}
COMMAND: POST /session/a218943ac8ac0de5e00a7c8ddc1aa8fc/element/f.7F9D5CB6C16BBEFE5A5C55A7ACE178BF.d.934C1E85B364225C6A16F23CCAB0CE91.e.5880/value - {"text":"Material"}
COMMAND: GET /session/a218943ac8ac0de5e00a7c8ddc1aa8fc/screenshot - {}
RESULT: {"text":"Material"}
COMMAND: GET /session/a218943ac8ac0de5e00a7c8ddc1aa8fc/screenshot - {}
RESULT: {}
RESULT: {}
COMMAND: POST /session/a218943ac8ac0de5e00a7c8ddc1aa8fc/actions - {"actions":[{"id":"action15","type":"key","parameters":{},"actions":[{"type":"keyDown","value":"î€‡"},{"type":"pause","duration":10},{"type":"keyUp","value":"î€‡"}]}]}
RESULT: {"actions":[{"id":"action15","type":"key","parameters":{},"actions":[{"type":"keyDown","value":"î€‡"},{"type":"pause","duration":10},{"type":"keyUp","value":"î€‡"}]}]}
COMMAND: POST /session/a218943ac8ac0de5e00a7c8ddc1aa8fc/execute/async - {"script":"<script> [1562 bytes]","args":[{"selector":{"id":"application-manageresources-display-component---newResourceUnit--SHORT_TEXT","interaction":{"idSuffix":"inner"}},"wdio_ui5_key":"applicationmanageresources-display-component---newResourceUnit--SHORT_TEXT"}]}
COMMAND: GET /session/a218943ac8ac0de5e00a7c8ddc1aa8fc/screenshot - {}
RESULT: {"script":"<script> [1562 bytes]","args":[{"selector":{"id":"application-manageresources-display-component---newResourceUnit--SHORT_TEXT","interaction":{"idSuffix":"inner"}},"wdio_ui5_key":"applicationmanageresources-display-component---newResourceUnit--SHORT_TEXT"}]}
RESULT: undefined
COMMAND: POST /session/a218943ac8ac0de5e00a7c8ddc1aa8fc/execute/async - {"script":"<script> [776 bytes]","args":[{"enterText":"Cement WDIO","selector":{"id":"application-manageresources-display-component---newResourceUnit--SHORT_TEXT","interaction":{"idSuffix":"inner"}},"clearTextFirst":true,"interactionType":"ENTER_TEXT"}]}
RESULT: {}
RESULT: {"script":"<script> [776 bytes]","args":[{"enterText":"Cement WDIO","selector":{"id":"application-manageresources-display-component---newResourceUnit--SHORT_TEXT","interaction":{"idSuffix":"inner"}},"clearTextFirst":true,"interactionType":"ENTER_TEXT"}]}
COMMAND: POST /session/a218943ac8ac0de5e00a7c8ddc1aa8fc/execute/async - {"script":"<script> [1562 bytes]","args":[{"selector":{"id":"application-manageresources-display-component---newResourceUnit--BASE_UNIT_OF_MEASURE","interaction":{"idSuffix":"inner"}},"wdio_ui5_key":"applicationmanageresources-display-component---newResourceUnit--BASE_UNIT_OF_MEASURE"}]}
RESULT: {"script":"<script> [1562 bytes]","args":[{"selector":{"id":"application-manageresources-display-component---newResourceUnit--BASE_UNIT_OF_MEASURE","interaction":{"idSuffix":"inner"}},"wdio_ui5_key":"applicationmanageresources-display-component---newResourceUnit--BASE_UNIT_OF_MEASURE"}]}
RESULT: undefined
COMMAND: POST /session/a218943ac8ac0de5e00a7c8ddc1aa8fc/execute/async - {"script":"<script> [776 bytes]","args":[{"enterText":"Piece","selector":{"id":"application-manageresources-display-component---newResourceUnit--BASE_UNIT_OF_MEASURE","interaction":{"idSuffix":"inner"}},"clearTextFirst":true,"interactionType":"ENTER_TEXT"}]}
RESULT: {"script":"<script> [776 bytes]","args":[{"enterText":"Piece","selector":{"id":"application-manageresources-display-component---newResourceUnit--BASE_UNIT_OF_MEASURE","interaction":{"idSuffix":"inner"}},"clearTextFirst":true,"interactionType":"ENTER_TEXT"}]}
COMMAND: POST /session/a218943ac8ac0de5e00a7c8ddc1aa8fc/execute/async - {"script":"<script> [1562 bytes]","args":[{"selector":{"id":"application-manageresources-display-component---newResourceUnit--WEIGHT_UNIT","interaction":{"idSuffix":"inner"}},"wdio_ui5_key":"applicationmanageresources-display-component---newResourceUnit--WEIGHT_UNIT"}]}
RESULT: {"script":"<script> [1562 bytes]","args":[{"selector":{"id":"application-manageresources-display-component---newResourceUnit--WEIGHT_UNIT","interaction":{"idSuffix":"inner"}},"wdio_ui5_key":"applicationmanageresources-display-component---newResourceUnit--WEIGHT_UNIT"}]}
RESULT: undefined
COMMAND: POST /session/a218943ac8ac0de5e00a7c8ddc1aa8fc/execute/async - {"script":"<script> [776 bytes]","args":[{"enterText":"Gram","selector":{"id":"application-manageresources-display-component---newResourceUnit--WEIGHT_UNIT","interaction":{"idSuffix":"inner"}},"clearTextFirst":true,"interactionType":"ENTER_TEXT"}]}
RESULT: {"script":"<script> [776 bytes]","args":[{"enterText":"Gram","selector":{"id":"application-manageresources-display-component---newResourceUnit--WEIGHT_UNIT","interaction":{"idSuffix":"inner"}},"clearTextFirst":true,"interactionType":"ENTER_TEXT"}]}
COMMAND: POST /session/a218943ac8ac0de5e00a7c8ddc1aa8fc/execute/async - {"script":"<script> [1562 bytes]","args":[{"selector":{"id":"application-manageresources-display-component---newResourceUnit--DIMENSION_UNIT","interaction":{"idSuffix":"inner"}},"wdio_ui5_key":"applicationmanageresources-display-component---newResourceUnit--DIMENSION_UNIT"}]}
RESULT: {"script":"<script> [1562 bytes]","args":[{"selector":{"id":"application-manageresources-display-component---newResourceUnit--DIMENSION_UNIT","interaction":{"idSuffix":"inner"}},"wdio_ui5_key":"applicationmanageresources-display-component---newResourceUnit--DIMENSION_UNIT"}]}
RESULT: undefined
COMMAND: POST /session/a218943ac8ac0de5e00a7c8ddc1aa8fc/execute/async - {"script":"<script> [776 bytes]","args":[{"enterText":"Meter","selector":{"id":"application-manageresources-display-component---newResourceUnit--DIMENSION_UNIT","interaction":{"idSuffix":"inner"}},"clearTextFirst":true,"interactionType":"ENTER_TEXT"}]}
RESULT: {"script":"<script> [776 bytes]","args":[{"enterText":"Meter","selector":{"id":"application-manageresources-display-component---newResourceUnit--DIMENSION_UNIT","interaction":{"idSuffix":"inner"}},"clearTextFirst":true,"interactionType":"ENTER_TEXT"}]}
COMMAND: POST /session/a218943ac8ac0de5e00a7c8ddc1aa8fc/execute/async - {"script":"<script> [1562 bytes]","args":[{"selector":{"id":"application-manageresources-display-component---newResourceUnit--newRRUPage-anchBar-application-manageresources-display-component---newResourceUnit--control-anchor","interaction":{"idSuffix":"BDI-content"}},"wdio_ui5_key":"applicationmanageresources-display-component---newResourceUnit--newRRUPage-anchBar-application-manageresources-display-component---newResourceUnit--control-anchor"}]}
RESULT: {"script":"<script> [1562 bytes]","args":[{"selector":{"id":"application-manageresources-display-component---newResourceUnit--newRRUPage-anchBar-application-manageresources-display-component---newResourceUnit--control-anchor","interaction":{"idSuffix":"BDI-content"}},"wdio_ui5_key":"applicationmanageresources-display-component---newResourceUnit--newRRUPage-anchBar-application-manageresources-display-component---newResourceUnit--control-anchor"}]}
RESULT: undefined
COMMAND: POST /session/a218943ac8ac0de5e00a7c8ddc1aa8fc/element - {"using":"xpath","value":"//*[@id=\"application-manageresources-display-component---newResourceUnit--newRRUPage-anchBar-application-manageresources-display-component---newResourceUnit--control-anchor\"]"}
RESULT: {"using":"xpath","value":"//*[@id=\"application-manageresources-display-component---newResourceUnit--newRRUPage-anchBar-application-manageresources-display-component---newResourceUnit--control-anchor\"]"}
COMMAND: POST /session/a218943ac8ac0de5e00a7c8ddc1aa8fc/element/f.7F9D5CB6C16BBEFE5A5C55A7ACE178BF.d.934C1E85B364225C6A16F23CCAB0CE91.e.6066/click - {}
RESULT: {}
COMMAND: POST /session/a218943ac8ac0de5e00a7c8ddc1aa8fc/execute/async - {"script":"<script> [1562 bytes]","args":[{"selector":{"id":"application-manageresources-display-component---newResourceUnit--PLANNING_GROUP","interaction":{"idSuffix":"inner"}},"wdio_ui5_key":"applicationmanageresources-display-component---newResourceUnit--PLANNING_GROUP"}]}
COMMAND: GET /session/a218943ac8ac0de5e00a7c8ddc1aa8fc/screenshot - {}
RESULT: {"script":"<script> [1562 bytes]","args":[{"selector":{"id":"application-manageresources-display-component---newResourceUnit--PLANNING_GROUP","interaction":{"idSuffix":"inner"}},"wdio_ui5_key":"applicationmanageresources-display-component---newResourceUnit--PLANNING_GROUP"}]}
RESULT: undefined
COMMAND: POST /session/a218943ac8ac0de5e00a7c8ddc1aa8fc/execute/async - {"script":"<script> [776 bytes]","args":[{"enterText":"Material","selector":{"id":"application-manageresources-display-component---newResourceUnit--PLANNING_GROUP","interaction":{"idSuffix":"inner"}},"clearTextFirst":true,"interactionType":"ENTER_TEXT"}]}
RESULT: {}
RESULT: {"script":"<script> [776 bytes]","args":[{"enterText":"Material","selector":{"id":"application-manageresources-display-component---newResourceUnit--PLANNING_GROUP","interaction":{"idSuffix":"inner"}},"clearTextFirst":true,"interactionType":"ENTER_TEXT"}]}
COMMAND: POST /session/a218943ac8ac0de5e00a7c8ddc1aa8fc/execute/async - {"script":"<script> [1562 bytes]","args":[{"selector":{"id":"application-manageresources-display-component---newResourceUnit--PLANNING_INDICATOR","interaction":{"idSuffix":"inner"}},"wdio_ui5_key":"applicationmanageresources-display-component---newResourceUnit--PLANNING_INDICATOR"}]}
RESULT: {"script":"<script> [1562 bytes]","args":[{"selector":{"id":"application-manageresources-display-component---newResourceUnit--PLANNING_INDICATOR","interaction":{"idSuffix":"inner"}},"wdio_ui5_key":"applicationmanageresources-display-component---newResourceUnit--PLANNING_INDICATOR"}]}
RESULT: undefined
COMMAND: POST /session/a218943ac8ac0de5e00a7c8ddc1aa8fc/execute/async - {"script":"<script> [776 bytes]","args":[{"enterText":"10 - infinite","selector":{"id":"application-manageresources-display-component---newResourceUnit--PLANNING_INDICATOR","interaction":{"idSuffix":"inner"}},"clearTextFirst":true,"interactionType":"ENTER_TEXT"}]}
RESULT: {"script":"<script> [776 bytes]","args":[{"enterText":"10 - infinite","selector":{"id":"application-manageresources-display-component---newResourceUnit--PLANNING_INDICATOR","interaction":{"idSuffix":"inner"}},"clearTextFirst":true,"interactionType":"ENTER_TEXT"}]}
COMMAND: POST /session/a218943ac8ac0de5e00a7c8ddc1aa8fc/element - {"using":"css selector","value":"#application-manageresources-display-component---newResourceUnit--btnAddTimeSegment"}
RESULT: {"using":"css selector","value":"#application-manageresources-display-component---newResourceUnit--btnAddTimeSegment"}
COMMAND: GET /session/a218943ac8ac0de5e00a7c8ddc1aa8fc/element/f.7F9D5CB6C16BBEFE5A5C55A7ACE178BF.d.934C1E85B364225C6A16F23CCAB0CE91.e.6074/rect - {}
RESULT: {}
COMMAND: GET /session/a218943ac8ac0de5e00a7c8ddc1aa8fc/window/rect - {}
RESULT: {}
COMMAND: POST /session/a218943ac8ac0de5e00a7c8ddc1aa8fc/execute/sync - {"script":"<script> [92 bytes]","args":[]}
RESULT: {"script":"<script> [92 bytes]","args":[]}
COMMAND: POST /session/a218943ac8ac0de5e00a7c8ddc1aa8fc/actions - {"actions":[{"id":"action16","type":"wheel","parameters":{},"actions":[{"type":"scroll","x":-1888,"y":-32,"deltaX":0,"deltaY":0,"duration":0,"origin":{"element-6066-11e4-a52e-4f735466cecf":"f.7F9D5CB6C16BBEFE5A5C55A7ACE178BF.d.934C1E85B364225C6A16F23CCAB0CE91.e.6074"}}]}]}
COMMAND: GET /session/a218943ac8ac0de5e00a7c8ddc1aa8fc/screenshot - {}
RESULT: {}
COMMAND: POST /session/a218943ac8ac0de5e00a7c8ddc1aa8fc/execute/sync - {"script":"<script> [79 bytes]","args":[{"element-6066-11e4-a52e-4f735466cecf":"f.7F9D5CB6C16BBEFE5A5C55A7ACE178BF.d.934C1E85B364225C6A16F23CCAB0CE91.e.6074","ELEMENT":"f.7F9D5CB6C16BBEFE5A5C55A7ACE178BF.d.934C1E85B364225C6A16F23CCAB0CE91.e.6074"},{"block":"start","inline":"nearest"}]}
RESULT: {"script":"<script> [79 bytes]","args":[{"element-6066-11e4-a52e-4f735466cecf":"f.7F9D5CB6C16BBEFE5A5C55A7ACE178BF.d.934C1E85B364225C6A16F23CCAB0CE91.e.6074","ELEMENT":"f.7F9D5CB6C16BBEFE5A5C55A7ACE178BF.d.934C1E85B364225C6A16F23CCAB0CE91.e.6074"},{"block":"start","inline":"nearest"}]}
COMMAND: POST /session/a218943ac8ac0de5e00a7c8ddc1aa8fc/execute/async - {"script":"<script> [1562 bytes]","args":[{"selector":{"id":"application-manageresources-display-component---newResourceUnit--btnAddTimeSegment","interaction":{"idSuffix":"inner"}},"wdio_ui5_key":"applicationmanageresources-display-component---newResourceUnit--btnAddTimeSegment"}]}
COMMAND: GET /session/a218943ac8ac0de5e00a7c8ddc1aa8fc/screenshot - {}
RESULT: {"script":"<script> [1562 bytes]","args":[{"selector":{"id":"application-manageresources-display-component---newResourceUnit--btnAddTimeSegment","interaction":{"idSuffix":"inner"}},"wdio_ui5_key":"applicationmanageresources-display-component---newResourceUnit--btnAddTimeSegment"}]}
RESULT: undefined
COMMAND: POST /session/a218943ac8ac0de5e00a7c8ddc1aa8fc/element - {"using":"xpath","value":"//*[@id=\"application-manageresources-display-component---newResourceUnit--btnAddTimeSegment\"]"}
RESULT: {}
RESULT: {"using":"xpath","value":"//*[@id=\"application-manageresources-display-component---newResourceUnit--btnAddTimeSegment\"]"}
COMMAND: POST /session/a218943ac8ac0de5e00a7c8ddc1aa8fc/element/f.7F9D5CB6C16BBEFE5A5C55A7ACE178BF.d.934C1E85B364225C6A16F23CCAB0CE91.e.6074/click - {}
RESULT: {}
COMMAND: GET /session/a218943ac8ac0de5e00a7c8ddc1aa8fc/screenshot - {}
RESULT: {}
COMMAND: POST /session/a218943ac8ac0de5e00a7c8ddc1aa8fc/element - {"using":"xpath","value":"//input[@id=\"application-manageresources-display-component---newResourceUnit--idRuTSAdmin-application-manageresources-display-component---newResourceUnit--RUTimeSegment-0-inner\"]"}
RESULT: {"using":"xpath","value":"//input[@id=\"application-manageresources-display-component---newResourceUnit--idRuTSAdmin-application-manageresources-display-component---newResourceUnit--RUTimeSegment-0-inner\"]"}
COMMAND: POST /session/a218943ac8ac0de5e00a7c8ddc1aa8fc/element/f.7F9D5CB6C16BBEFE5A5C55A7ACE178BF.d.934C1E85B364225C6A16F23CCAB0CE91.e.6079/clear - {}
RESULT: {}
COMMAND: POST /session/a218943ac8ac0de5e00a7c8ddc1aa8fc/element/f.7F9D5CB6C16BBEFE5A5C55A7ACE178BF.d.934C1E85B364225C6A16F23CCAB0CE91.e.6079/value - {"text":"482"}
COMMAND: GET /session/a218943ac8ac0de5e00a7c8ddc1aa8fc/screenshot - {}
RESULT: {"text":"482"}
COMMAND: GET /session/a218943ac8ac0de5e00a7c8ddc1aa8fc/screenshot - {}
RESULT: {}
RESULT: {}
COMMAND: POST /session/a218943ac8ac0de5e00a7c8ddc1aa8fc/element - {"using":"xpath","value":"//li[.//span[text()='482']]"}
RESULT: {"using":"xpath","value":"//li[.//span[text()='482']]"}
COMMAND: POST /session/a218943ac8ac0de5e00a7c8ddc1aa8fc/element/f.7F9D5CB6C16BBEFE5A5C55A7ACE178BF.d.934C1E85B364225C6A16F23CCAB0CE91.e.6088/click - {}
RESULT: {}
COMMAND: GET /session/a218943ac8ac0de5e00a7c8ddc1aa8fc/screenshot - {}
RESULT: {}
COMMAND: POST /session/a218943ac8ac0de5e00a7c8ddc1aa8fc/element - {"using":"xpath","value":"//*[contains(text(), \"Catalogs\")][contains(@id ,\"application-manageresources-display-component---newResourceUnit--newRRUPage-anchBar\")]"}
RESULT: {"using":"xpath","value":"//*[contains(text(), \"Catalogs\")][contains(@id ,\"application-manageresources-display-component---newResourceUnit--newRRUPage-anchBar\")]"}
COMMAND: POST /session/a218943ac8ac0de5e00a7c8ddc1aa8fc/element/f.7F9D5CB6C16BBEFE5A5C55A7ACE178BF.d.934C1E85B364225C6A16F23CCAB0CE91.e.6089/click - {}
RESULT: {}
COMMAND: GET /session/a218943ac8ac0de5e00a7c8ddc1aa8fc/screenshot - {}
RESULT: {}
COMMAND: POST /session/a218943ac8ac0de5e00a7c8ddc1aa8fc/element - {"using":"xpath","value":"//*[contains(text(), \"Assign\")][contains(@id ,\"button\")]"}
RESULT: {"using":"xpath","value":"//*[contains(text(), \"Assign\")][contains(@id ,\"button\")]"}
COMMAND: POST /session/a218943ac8ac0de5e00a7c8ddc1aa8fc/element/f.7F9D5CB6C16BBEFE5A5C55A7ACE178BF.d.934C1E85B364225C6A16F23CCAB0CE91.e.6093/click - {}
RESULT: {}
COMMAND: GET /session/a218943ac8ac0de5e00a7c8ddc1aa8fc/screenshot - {}
RESULT: {}
COMMAND: POST /session/a218943ac8ac0de5e00a7c8ddc1aa8fc/element - {"using":"xpath","value":"//span[@id = \"application-manageresources-display-component---newResourceUnit--catalogSelect-arrow\"]"}
RESULT: {"using":"xpath","value":"//span[@id = \"application-manageresources-display-component---newResourceUnit--catalogSelect-arrow\"]"}
COMMAND: POST /session/a218943ac8ac0de5e00a7c8ddc1aa8fc/element/f.7F9D5CB6C16BBEFE5A5C55A7ACE178BF.d.934C1E85B364225C6A16F23CCAB0CE91.e.6102/click - {}
RESULT: {}
COMMAND: GET /session/a218943ac8ac0de5e00a7c8ddc1aa8fc/screenshot - {}
RESULT: {}
COMMAND: POST /session/a218943ac8ac0de5e00a7c8ddc1aa8fc/element - {"using":"xpath","value":"//li[.//span[text()=\"Webshop Catalog\"]]"}
RESULT: {"using":"xpath","value":"//li[.//span[text()=\"Webshop Catalog\"]]"}
COMMAND: POST /session/a218943ac8ac0de5e00a7c8ddc1aa8fc/element/f.7F9D5CB6C16BBEFE5A5C55A7ACE178BF.d.934C1E85B364225C6A16F23CCAB0CE91.e.6103/click - {}
RESULT: {}
COMMAND: GET /session/a218943ac8ac0de5e00a7c8ddc1aa8fc/screenshot - {}
RESULT: {}
COMMAND: POST /session/a218943ac8ac0de5e00a7c8ddc1aa8fc/element - {"using":"xpath","value":"//span[@id = \"application-manageresources-display-component---newResourceUnit--catalogItemSelect-arrow\"]"}
RESULT: {"using":"xpath","value":"//span[@id = \"application-manageresources-display-component---newResourceUnit--catalogItemSelect-arrow\"]"}
COMMAND: POST /session/a218943ac8ac0de5e00a7c8ddc1aa8fc/element/f.7F9D5CB6C16BBEFE5A5C55A7ACE178BF.d.934C1E85B364225C6A16F23CCAB0CE91.e.6104/click - {}
RESULT: {}
COMMAND: GET /session/a218943ac8ac0de5e00a7c8ddc1aa8fc/screenshot - {}
RESULT: {}
COMMAND: POST /session/a218943ac8ac0de5e00a7c8ddc1aa8fc/element - {"using":"xpath","value":"//li[.//span[text()=\"Concert - Concert \"]]"}
RESULT: {"using":"xpath","value":"//li[.//span[text()=\"Concert - Concert \"]]"}
COMMAND: POST /session/a218943ac8ac0de5e00a7c8ddc1aa8fc/element/f.7F9D5CB6C16BBEFE5A5C55A7ACE178BF.d.934C1E85B364225C6A16F23CCAB0CE91.e.6105/click - {}
RESULT: {}
COMMAND: GET /session/a218943ac8ac0de5e00a7c8ddc1aa8fc/screenshot - {}
RESULT: {}
COMMAND: POST /session/a218943ac8ac0de5e00a7c8ddc1aa8fc/execute/async - {"script":"<script> [1562 bytes]","args":[{"selector":{"id":"application-manageresources-display-component---newResourceUnit--RUAssignmentSaveButton","searchOpenDialogs":true,"interaction":{"idSuffix":"BDI-content"}},"wdio_ui5_key":"applicationmanageresources-display-component---newResourceUnit--RUAssignmentSaveButton"}]}
RESULT: {"script":"<script> [1562 bytes]","args":[{"selector":{"id":"application-manageresources-display-component---newResourceUnit--RUAssignmentSaveButton","searchOpenDialogs":true,"interaction":{"idSuffix":"BDI-content"}},"wdio_ui5_key":"applicationmanageresources-display-component---newResourceUnit--RUAssignmentSaveButton"}]}
RESULT: undefined
COMMAND: POST /session/a218943ac8ac0de5e00a7c8ddc1aa8fc/element - {"using":"xpath","value":"//*[@id=\"application-manageresources-display-component---newResourceUnit--RUAssignmentSaveButton\"]"}
RESULT: {"using":"xpath","value":"//*[@id=\"application-manageresources-display-component---newResourceUnit--RUAssignmentSaveButton\"]"}
COMMAND: POST /session/a218943ac8ac0de5e00a7c8ddc1aa8fc/element/f.7F9D5CB6C16BBEFE5A5C55A7ACE178BF.d.934C1E85B364225C6A16F23CCAB0CE91.e.6123/click - {}
RESULT: {}
COMMAND: GET /session/a218943ac8ac0de5e00a7c8ddc1aa8fc/screenshot - {}
RESULT: {}
COMMAND: POST /session/a218943ac8ac0de5e00a7c8ddc1aa8fc/element - {"using":"xpath","value":"//button[@data-kt=\"resourceUnitSaveButton\"]"}
RESULT: {"using":"xpath","value":"//button[@data-kt=\"resourceUnitSaveButton\"]"}
COMMAND: POST /session/a218943ac8ac0de5e00a7c8ddc1aa8fc/element/f.7F9D5CB6C16BBEFE5A5C55A7ACE178BF.d.934C1E85B364225C6A16F23CCAB0CE91.e.6016/click - {}
RESULT: {}
COMMAND: GET /session/a218943ac8ac0de5e00a7c8ddc1aa8fc/screenshot - {}
RESULT: {}
COMMAND: POST /session/a218943ac8ac0de5e00a7c8ddc1aa8fc/element - {"using":"xpath","value":"//bdi[contains(text(), \"Close\")]"}
RESULT: {"using":"xpath","value":"//bdi[contains(text(), \"Close\")]"}
COMMAND: POST /session/a218943ac8ac0de5e00a7c8ddc1aa8fc/element/f.7F9D5CB6C16BBEFE5A5C55A7ACE178BF.d.934C1E85B364225C6A16F23CCAB0CE91.e.6135/click - {}
RESULT: {}
COMMAND: GET /session/a218943ac8ac0de5e00a7c8ddc1aa8fc/screenshot - {}
RESULT: {}
COMMAND: POST /session/a218943ac8ac0de5e00a7c8ddc1aa8fc/element - {"using":"xpath","value":"//header[contains(@id, 'detailRruPage-headerTitle')]/div[1]/div[2]/div[2]/span[1]"}
RESULT: {"using":"xpath","value":"//header[contains(@id, 'detailRruPage-headerTitle')]/div[1]/div[2]/div[2]/span[1]"}
COMMAND: POST /session/a218943ac8ac0de5e00a7c8ddc1aa8fc/elements - {"using":"xpath","value":"//header[contains(@id, 'detailRruPage-headerTitle')]/div[1]/div[2]/div[2]/span[1]"}
RESULT: {"using":"xpath","value":"//header[contains(@id, 'detailRruPage-headerTitle')]/div[1]/div[2]/div[2]/span[1]"}
COMMAND: POST /session/a218943ac8ac0de5e00a7c8ddc1aa8fc/execute/sync - {"script":"<script> [56 bytes]","args":[{"element-6066-11e4-a52e-4f735466cecf":"f.7F9D5CB6C16BBEFE5A5C55A7ACE178BF.d.934C1E85B364225C6A16F23CCAB0CE91.e.6165","ELEMENT":"f.7F9D5CB6C16BBEFE5A5C55A7ACE178BF.d.934C1E85B364225C6A16F23CCAB0CE91.e.6165"}]}
RESULT: {"script":"<script> [56 bytes]","args":[{"element-6066-11e4-a52e-4f735466cecf":"f.7F9D5CB6C16BBEFE5A5C55A7ACE178BF.d.934C1E85B364225C6A16F23CCAB0CE91.e.6165","ELEMENT":"f.7F9D5CB6C16BBEFE5A5C55A7ACE178BF.d.934C1E85B364225C6A16F23CCAB0CE91.e.6165"}]}
COMMAND: POST /session/a218943ac8ac0de5e00a7c8ddc1aa8fc/element - {"using":"css selector","value":"#shell-header-logo"}
COMMAND: GET /session/a218943ac8ac0de5e00a7c8ddc1aa8fc/screenshot - {}
RESULT: {"using":"css selector","value":"#shell-header-logo"}
COMMAND: POST /session/a218943ac8ac0de5e00a7c8ddc1aa8fc/element/f.7F9D5CB6C16BBEFE5A5C55A7ACE178BF.d.934C1E85B364225C6A16F23CCAB0CE91.e.5797/click - {}
RESULT: {}
RESULT: {}
COMMAND: GET /session/a218943ac8ac0de5e00a7c8ddc1aa8fc/screenshot - {}
RESULT: {}
]]></system-out>
    </testcase>
    <testcase classname="chrome.135_0_7049_96.windows.Yard_Overview_Autoplanning_US130989" name="Should create a new request and add the material" time="84.971">
      <system-out><![CDATA[
COMMAND: POST /session/a218943ac8ac0de5e00a7c8ddc1aa8fc/execute/async - {"script":"<script> [1562 bytes]","args":[{"selector":{"controlType":"sap.m.Text","properties":{"text":"Manage Requests"},"interaction":{"idSuffix":"inner"}},"wdio_ui5_key":"sapm.Text{\"text\":\"Manage Requests\"}"}]}
RESULT: {"script":"<script> [1562 bytes]","args":[{"selector":{"controlType":"sap.m.Text","properties":{"text":"Manage Requests"},"interaction":{"idSuffix":"inner"}},"wdio_ui5_key":"sapm.Text{\"text\":\"Manage Requests\"}"}]}
RESULT: undefined
COMMAND: POST /session/a218943ac8ac0de5e00a7c8ddc1aa8fc/element - {"using":"xpath","value":"//*[@id=\"__tile47-title\"]"}
RESULT: {"using":"xpath","value":"//*[@id=\"__tile47-title\"]"}
COMMAND: POST /session/a218943ac8ac0de5e00a7c8ddc1aa8fc/element/f.7F9D5CB6C16BBEFE5A5C55A7ACE178BF.d.934C1E85B364225C6A16F23CCAB0CE91.e.6168/click - {}
RESULT: {}
COMMAND: GET /session/a218943ac8ac0de5e00a7c8ddc1aa8fc/screenshot - {}
RESULT: {}
COMMAND: POST /session/a218943ac8ac0de5e00a7c8ddc1aa8fc/execute/async - {"script":"<script> [1562 bytes]","args":[{"selector":{"id":"btnCreateNew","viewName":"etm.portal.ui.managerequests.view.Master","interaction":{"idSuffix":"inner"}},"wdio_ui5_key":"btnCreateNewetmportal.ui.managerequests.view.Master"}]}
RESULT: {"script":"<script> [1562 bytes]","args":[{"selector":{"id":"btnCreateNew","viewName":"etm.portal.ui.managerequests.view.Master","interaction":{"idSuffix":"inner"}},"wdio_ui5_key":"btnCreateNewetmportal.ui.managerequests.view.Master"}]}
RESULT: undefined
COMMAND: POST /session/a218943ac8ac0de5e00a7c8ddc1aa8fc/element - {"using":"xpath","value":"//*[@id=\"__xmlview58--btnCreateNew\"]"}
RESULT: {"using":"xpath","value":"//*[@id=\"__xmlview58--btnCreateNew\"]"}
COMMAND: POST /session/a218943ac8ac0de5e00a7c8ddc1aa8fc/element/f.7F9D5CB6C16BBEFE5A5C55A7ACE178BF.d.934C1E85B364225C6A16F23CCAB0CE91.e.6224/click - {}
RESULT: {}
COMMAND: GET /session/a218943ac8ac0de5e00a7c8ddc1aa8fc/screenshot - {}
RESULT: {}
COMMAND: POST /session/a218943ac8ac0de5e00a7c8ddc1aa8fc/execute/async - {"script":"<script> [1562 bytes]","args":[{"selector":{"controlType":"sap.ui.core.Icon","viewName":"etm.portal.ui.managerequests.view.NewRequest","properties":{"src":{"regex":{"source":"full\\-screen"}}}},"wdio_ui5_key":"etmportal.ui.managerequests.view.NewRequestsap.ui.core.Icon{\"src\":{\"regex\":{\"source\":\"full\\\\-screen\"}}}"}]}
RESULT: {"script":"<script> [1562 bytes]","args":[{"selector":{"controlType":"sap.ui.core.Icon","viewName":"etm.portal.ui.managerequests.view.NewRequest","properties":{"src":{"regex":{"source":"full\\-screen"}}}},"wdio_ui5_key":"etmportal.ui.managerequests.view.NewRequestsap.ui.core.Icon{\"src\":{\"regex\":{\"source\":\"full\\\\-screen\"}}}"}]}
RESULT: undefined
COMMAND: POST /session/a218943ac8ac0de5e00a7c8ddc1aa8fc/element - {"using":"xpath","value":"//*[@id=\"__button75-img\"]"}
RESULT: {"using":"xpath","value":"//*[@id=\"__button75-img\"]"}
COMMAND: POST /session/a218943ac8ac0de5e00a7c8ddc1aa8fc/element/f.7F9D5CB6C16BBEFE5A5C55A7ACE178BF.d.934C1E85B364225C6A16F23CCAB0CE91.e.6631/click - {}
RESULT: {}
COMMAND: GET /session/a218943ac8ac0de5e00a7c8ddc1aa8fc/screenshot - {}
RESULT: {}
COMMAND: POST /session/a218943ac8ac0de5e00a7c8ddc1aa8fc/element - {"using":"xpath","value":"//input[contains(@id ,\"yardId-inner\")]"}
RESULT: {"using":"xpath","value":"//input[contains(@id ,\"yardId-inner\")]"}
COMMAND: POST /session/a218943ac8ac0de5e00a7c8ddc1aa8fc/element/f.7F9D5CB6C16BBEFE5A5C55A7ACE178BF.d.934C1E85B364225C6A16F23CCAB0CE91.e.6465/value - {"text":"482"}
RESULT: {"text":"482"}
COMMAND: GET /session/a218943ac8ac0de5e00a7c8ddc1aa8fc/screenshot - {}
RESULT: {}
COMMAND: POST /session/a218943ac8ac0de5e00a7c8ddc1aa8fc/element - {"using":"xpath","value":"//li[.//span[text()='482']]"}
RESULT: {"using":"xpath","value":"//li[.//span[text()='482']]"}
COMMAND: POST /session/a218943ac8ac0de5e00a7c8ddc1aa8fc/element/f.7F9D5CB6C16BBEFE5A5C55A7ACE178BF.d.934C1E85B364225C6A16F23CCAB0CE91.e.6676/click - {}
RESULT: {}
COMMAND: GET /session/a218943ac8ac0de5e00a7c8ddc1aa8fc/screenshot - {}
RESULT: {}
COMMAND: POST /session/a218943ac8ac0de5e00a7c8ddc1aa8fc/element - {"using":"xpath","value":"//input[contains(@id ,\"customerNumber-inner\")]"}
RESULT: {"using":"xpath","value":"//input[contains(@id ,\"customerNumber-inner\")]"}
COMMAND: POST /session/a218943ac8ac0de5e00a7c8ddc1aa8fc/element/f.7F9D5CB6C16BBEFE5A5C55A7ACE178BF.d.934C1E85B364225C6A16F23CCAB0CE91.e.6459/clear - {}
RESULT: {}
COMMAND: POST /session/a218943ac8ac0de5e00a7c8ddc1aa8fc/element/f.7F9D5CB6C16BBEFE5A5C55A7ACE178BF.d.934C1E85B364225C6A16F23CCAB0CE91.e.6459/value - {"text":"1353"}
COMMAND: GET /session/a218943ac8ac0de5e00a7c8ddc1aa8fc/screenshot - {}
RESULT: {"text":"1353"}
COMMAND: GET /session/a218943ac8ac0de5e00a7c8ddc1aa8fc/screenshot - {}
RESULT: {}
RESULT: {}
COMMAND: POST /session/a218943ac8ac0de5e00a7c8ddc1aa8fc/element - {"using":"xpath","value":"//li[.//span[text()='1353']]"}
RESULT: {"using":"xpath","value":"//li[.//span[text()='1353']]"}
COMMAND: POST /session/a218943ac8ac0de5e00a7c8ddc1aa8fc/element/f.7F9D5CB6C16BBEFE5A5C55A7ACE178BF.d.934C1E85B364225C6A16F23CCAB0CE91.e.6678/click - {}
RESULT: {}
COMMAND: GET /session/a218943ac8ac0de5e00a7c8ddc1aa8fc/screenshot - {}
RESULT: {}
COMMAND: POST /session/a218943ac8ac0de5e00a7c8ddc1aa8fc/element - {"using":"xpath","value":"//button[contains(@id ,\"btnAddTableRow\")]"}
RESULT: {"using":"xpath","value":"//button[contains(@id ,\"btnAddTableRow\")]"}
COMMAND: POST /session/a218943ac8ac0de5e00a7c8ddc1aa8fc/element/f.7F9D5CB6C16BBEFE5A5C55A7ACE178BF.d.934C1E85B364225C6A16F23CCAB0CE91.e.6437/click - {}
RESULT: {}
COMMAND: GET /session/a218943ac8ac0de5e00a7c8ddc1aa8fc/screenshot - {}
RESULT: {}
COMMAND: POST /session/a218943ac8ac0de5e00a7c8ddc1aa8fc/actions - {"actions":[{"id":"action17","type":"key","parameters":{},"actions":[{"type":"keyDown","value":"î€•"},{"type":"pause","duration":10},{"type":"keyUp","value":"î€•"}]}]}
RESULT: {"actions":[{"id":"action17","type":"key","parameters":{},"actions":[{"type":"keyDown","value":"î€•"},{"type":"pause","duration":10},{"type":"keyUp","value":"î€•"}]}]}
COMMAND: POST /session/a218943ac8ac0de5e00a7c8ddc1aa8fc/actions - {"actions":[{"id":"action18","type":"key","parameters":{},"actions":[{"type":"keyDown","value":"î€‡"},{"type":"pause","duration":10},{"type":"keyUp","value":"î€‡"}]}]}
COMMAND: GET /session/a218943ac8ac0de5e00a7c8ddc1aa8fc/screenshot - {}
RESULT: {"actions":[{"id":"action18","type":"key","parameters":{},"actions":[{"type":"keyDown","value":"î€‡"},{"type":"pause","duration":10},{"type":"keyUp","value":"î€‡"}]}]}
COMMAND: GET /session/a218943ac8ac0de5e00a7c8ddc1aa8fc/screenshot - {}
RESULT: {}
RESULT: {}
COMMAND: POST /session/a218943ac8ac0de5e00a7c8ddc1aa8fc/element - {"using":"xpath","value":"//table[contains(@id, \"requestItemsTable-listUl\")]//tbody/tr[1]/td[3]/div/div/input"}
RESULT: {"using":"xpath","value":"//table[contains(@id, \"requestItemsTable-listUl\")]//tbody/tr[1]/td[3]/div/div/input"}
COMMAND: POST /session/a218943ac8ac0de5e00a7c8ddc1aa8fc/element/f.7F9D5CB6C16BBEFE5A5C55A7ACE178BF.d.934C1E85B364225C6A16F23CCAB0CE91.e.6682/clear - {}
RESULT: {}
COMMAND: POST /session/a218943ac8ac0de5e00a7c8ddc1aa8fc/element/f.7F9D5CB6C16BBEFE5A5C55A7ACE178BF.d.934C1E85B364225C6A16F23CCAB0CE91.e.6682/value - {"text":"Concert"}
COMMAND: GET /session/a218943ac8ac0de5e00a7c8ddc1aa8fc/screenshot - {}
RESULT: {"text":"Concert"}
COMMAND: GET /session/a218943ac8ac0de5e00a7c8ddc1aa8fc/screenshot - {}
RESULT: {}
RESULT: {}
COMMAND: POST /session/a218943ac8ac0de5e00a7c8ddc1aa8fc/element - {"using":"xpath","value":"//li[.//span[contains(text(), \"Concert\")]]"}
RESULT: {"using":"xpath","value":"//li[.//span[contains(text(), \"Concert\")]]"}
COMMAND: POST /session/a218943ac8ac0de5e00a7c8ddc1aa8fc/element/f.7F9D5CB6C16BBEFE5A5C55A7ACE178BF.d.934C1E85B364225C6A16F23CCAB0CE91.e.6694/click - {}
RESULT: {}
COMMAND: GET /session/a218943ac8ac0de5e00a7c8ddc1aa8fc/screenshot - {}
RESULT: {}
COMMAND: POST /session/a218943ac8ac0de5e00a7c8ddc1aa8fc/execute/async - {"script":"<script> [1562 bytes]","args":[{"selector":{"controlType":"sap.ui.core.Icon","viewName":"etm.portal.ui.managerequests.view.NewRequest","properties":{"src":{"regex":{"source":"message\\-error"}}},"ancestor":{"controlType":"sap.m.ColumnListItem","viewName":"etm.portal.ui.managerequests.view.NewRequest","bindingPath":{"modelName":"newRequestItems","path":"/RequestItems/0"},"ancestor":{"id":"requestItemsTable","viewName":"etm.portal.ui.managerequests.view.NewRequest"}}},"wdio_ui5_key":"etmportal.ui.managerequests.view.NewRequestsap.ui.core.Icon{\"src\":{\"regex\":{\"source\":\"message\\\\-error\"}}}{\"controlType\":\"sap.m.ColumnListItem\",\"viewName\":\"etm.portal.ui.managerequests.view.NewRequest\",\"bindingPath\":{\"modelName\":\"newRequestItems\",\"path\":\"/RequestItems/0\"},\"ancestor\":{\"id\":\"requestItemsTable\",\"viewName\":\"etm.portal.ui.managerequests.view.NewRequest\"}}"}]}
RESULT: {"script":"<script> [1562 bytes]","args":[{"selector":{"controlType":"sap.ui.core.Icon","viewName":"etm.portal.ui.managerequests.view.NewRequest","properties":{"src":{"regex":{"source":"message\\-error"}}},"ancestor":{"controlType":"sap.m.ColumnListItem","viewName":"etm.portal.ui.managerequests.view.NewRequest","bindingPath":{"modelName":"newRequestItems","path":"/RequestItems/0"},"ancestor":{"id":"requestItemsTable","viewName":"etm.portal.ui.managerequests.view.NewRequest"}}},"wdio_ui5_key":"etmportal.ui.managerequests.view.NewRequestsap.ui.core.Icon{\"src\":{\"regex\":{\"source\":\"message\\\\-error\"}}}{\"controlType\":\"sap.m.ColumnListItem\",\"viewName\":\"etm.portal.ui.managerequests.view.NewRequest\",\"bindingPath\":{\"modelName\":\"newRequestItems\",\"path\":\"/RequestItems/0\"},\"ancestor\":{\"id\":\"requestItemsTable\",\"viewName\":\"etm.portal.ui.managerequests.view.NewRequest\"}}"}]}
RESULT: undefined
COMMAND: POST /session/a218943ac8ac0de5e00a7c8ddc1aa8fc/element - {"using":"xpath","value":"//*[@id=\"__status10-__xmlview59--requestItemsTable-0-icon\"]"}
RESULT: {"using":"xpath","value":"//*[@id=\"__status10-__xmlview59--requestItemsTable-0-icon\"]"}
COMMAND: POST /session/a218943ac8ac0de5e00a7c8ddc1aa8fc/element/f.7F9D5CB6C16BBEFE5A5C55A7ACE178BF.d.934C1E85B364225C6A16F23CCAB0CE91.e.6695/click - {}
RESULT: {}
COMMAND: POST /session/a218943ac8ac0de5e00a7c8ddc1aa8fc/execute/async - {"script":"<script> [1562 bytes]","args":[{"selector":{"controlType":"sap.ui.core.Icon","viewName":"etm.portal.ui.managerequests.view.NewRequest","properties":{"src":{"regex":{"source":"slim\\-arrow\\-down"}}},"searchOpenDialogs":true,"ancestor":{"id":"costObjectAdminTypeComboBox","viewName":"etm.portal.ui.managerequests.view.NewRequest","searchOpenDialogs":true}},"wdio_ui5_key":"etmportal.ui.managerequests.view.NewRequestsap.ui.core.Icon{\"src\":{\"regex\":{\"source\":\"slim\\\\-arrow\\\\-down\"}}}{\"id\":\"costObjectAdminTypeComboBox\",\"viewName\":\"etm.portal.ui.managerequests.view.NewRequest\",\"searchOpenDialogs\":true}"}]}
COMMAND: GET /session/a218943ac8ac0de5e00a7c8ddc1aa8fc/screenshot - {}
RESULT: {"script":"<script> [1562 bytes]","args":[{"selector":{"controlType":"sap.ui.core.Icon","viewName":"etm.portal.ui.managerequests.view.NewRequest","properties":{"src":{"regex":{"source":"slim\\-arrow\\-down"}}},"searchOpenDialogs":true,"ancestor":{"id":"costObjectAdminTypeComboBox","viewName":"etm.portal.ui.managerequests.view.NewRequest","searchOpenDialogs":true}},"wdio_ui5_key":"etmportal.ui.managerequests.view.NewRequestsap.ui.core.Icon{\"src\":{\"regex\":{\"source\":\"slim\\\\-arrow\\\\-down\"}}}{\"id\":\"costObjectAdminTypeComboBox\",\"viewName\":\"etm.portal.ui.managerequests.view.NewRequest\",\"searchOpenDialogs\":true}"}]}
RESULT: undefined
COMMAND: POST /session/a218943ac8ac0de5e00a7c8ddc1aa8fc/element - {"using":"xpath","value":"//*[@id=\"__xmlview59--costObjectAdminTypeComboBox-arrow\"]"}
RESULT: {}
RESULT: {"using":"xpath","value":"//*[@id=\"__xmlview59--costObjectAdminTypeComboBox-arrow\"]"}
COMMAND: POST /session/a218943ac8ac0de5e00a7c8ddc1aa8fc/element/f.7F9D5CB6C16BBEFE5A5C55A7ACE178BF.d.934C1E85B364225C6A16F23CCAB0CE91.e.6700/click - {}
RESULT: {}
COMMAND: GET /session/a218943ac8ac0de5e00a7c8ddc1aa8fc/screenshot - {}
RESULT: {}
COMMAND: POST /session/a218943ac8ac0de5e00a7c8ddc1aa8fc/execute/async - {"script":"<script> [1562 bytes]","args":[{"selector":{"controlType":"sap.m.StandardListItem","viewName":"etm.portal.ui.managerequests.view.NewRequest","properties":{"title":"Cost Center"},"searchOpenDialogs":true,"interaction":{"idSuffix":"content"}},"wdio_ui5_key":"etmportal.ui.managerequests.view.NewRequestsap.m.StandardListItem{\"title\":\"Cost Center\"}"}]}
RESULT: {"script":"<script> [1562 bytes]","args":[{"selector":{"controlType":"sap.m.StandardListItem","viewName":"etm.portal.ui.managerequests.view.NewRequest","properties":{"title":"Cost Center"},"searchOpenDialogs":true,"interaction":{"idSuffix":"content"}},"wdio_ui5_key":"etmportal.ui.managerequests.view.NewRequestsap.m.StandardListItem{\"title\":\"Cost Center\"}"}]}
RESULT: undefined
COMMAND: POST /session/a218943ac8ac0de5e00a7c8ddc1aa8fc/element - {"using":"xpath","value":"//*[@id=\"__item1591\"]"}
RESULT: {"using":"xpath","value":"//*[@id=\"__item1591\"]"}
COMMAND: POST /session/a218943ac8ac0de5e00a7c8ddc1aa8fc/element/f.7F9D5CB6C16BBEFE5A5C55A7ACE178BF.d.934C1E85B364225C6A16F23CCAB0CE91.e.6703/click - {}
RESULT: {}
COMMAND: GET /session/a218943ac8ac0de5e00a7c8ddc1aa8fc/screenshot - {}
RESULT: {}
COMMAND: POST /session/a218943ac8ac0de5e00a7c8ddc1aa8fc/execute/async - {"script":"<script> [1562 bytes]","args":[{"selector":{"controlType":"sap.m.Button","viewName":"etm.portal.ui.managerequests.view.NewRequest","i18NText":{"propertyName":"text","key":"save"},"searchOpenDialogs":true,"interaction":{"idSuffix":"inner"}},"wdio_ui5_key":"etmportal.ui.managerequests.view.NewRequestsap.m.Button{\"propertyName\":\"text\",\"key\":\"save\"}"}]}
RESULT: {"script":"<script> [1562 bytes]","args":[{"selector":{"controlType":"sap.m.Button","viewName":"etm.portal.ui.managerequests.view.NewRequest","i18NText":{"propertyName":"text","key":"save"},"searchOpenDialogs":true,"interaction":{"idSuffix":"inner"}},"wdio_ui5_key":"etmportal.ui.managerequests.view.NewRequestsap.m.Button{\"propertyName\":\"text\",\"key\":\"save\"}"}]}
RESULT: undefined
COMMAND: POST /session/a218943ac8ac0de5e00a7c8ddc1aa8fc/element - {"using":"xpath","value":"//*[@id=\"__button93\"]"}
RESULT: {"using":"xpath","value":"//*[@id=\"__button93\"]"}
COMMAND: POST /session/a218943ac8ac0de5e00a7c8ddc1aa8fc/element/f.7F9D5CB6C16BBEFE5A5C55A7ACE178BF.d.934C1E85B364225C6A16F23CCAB0CE91.e.6711/click - {}
RESULT: {}
COMMAND: GET /session/a218943ac8ac0de5e00a7c8ddc1aa8fc/screenshot - {}
RESULT: {}
COMMAND: POST /session/a218943ac8ac0de5e00a7c8ddc1aa8fc/execute/async - {"script":"<script> [1562 bytes]","args":[{"selector":{"controlType":"sap.m.Button","viewName":"etm.portal.ui.managerequests.view.NewRequest","i18NText":{"propertyName":"tooltip","key":"save"},"interaction":{"idSuffix":"BDI-content"}},"wdio_ui5_key":"etmportal.ui.managerequests.view.NewRequestsap.m.Button{\"propertyName\":\"tooltip\",\"key\":\"save\"}"}]}
RESULT: {"script":"<script> [1562 bytes]","args":[{"selector":{"controlType":"sap.m.Button","viewName":"etm.portal.ui.managerequests.view.NewRequest","i18NText":{"propertyName":"tooltip","key":"save"},"interaction":{"idSuffix":"BDI-content"}},"wdio_ui5_key":"etmportal.ui.managerequests.view.NewRequestsap.m.Button{\"propertyName\":\"tooltip\",\"key\":\"save\"}"}]}
RESULT: undefined
COMMAND: POST /session/a218943ac8ac0de5e00a7c8ddc1aa8fc/element - {"using":"xpath","value":"//*[@id=\"__button82\"]"}
RESULT: {"using":"xpath","value":"//*[@id=\"__button82\"]"}
COMMAND: POST /session/a218943ac8ac0de5e00a7c8ddc1aa8fc/element/f.7F9D5CB6C16BBEFE5A5C55A7ACE178BF.d.934C1E85B364225C6A16F23CCAB0CE91.e.6581/click - {}
RESULT: {}
COMMAND: POST /session/a218943ac8ac0de5e00a7c8ddc1aa8fc/execute/async - {"script":"<script> [1562 bytes]","args":[{"selector":{"controlType":"sap.m.Button","properties":{"text":"Close"},"searchOpenDialogs":true,"interaction":{"idSuffix":"inner"}},"wdio_ui5_key":"sapm.Button{\"text\":\"Close\"}"}]}
COMMAND: GET /session/a218943ac8ac0de5e00a7c8ddc1aa8fc/screenshot - {}
RESULT: {"script":"<script> [1562 bytes]","args":[{"selector":{"controlType":"sap.m.Button","properties":{"text":"Close"},"searchOpenDialogs":true,"interaction":{"idSuffix":"inner"}},"wdio_ui5_key":"sapm.Button{\"text\":\"Close\"}"}]}
RESULT: undefined
COMMAND: POST /session/a218943ac8ac0de5e00a7c8ddc1aa8fc/element - {"using":"xpath","value":"//*[@id=\"__mbox-btn-1\"]"}
RESULT: {}
RESULT: {"using":"xpath","value":"//*[@id=\"__mbox-btn-1\"]"}
COMMAND: POST /session/a218943ac8ac0de5e00a7c8ddc1aa8fc/element/f.7F9D5CB6C16BBEFE5A5C55A7ACE178BF.d.934C1E85B364225C6A16F23CCAB0CE91.e.6714/click - {}
RESULT: {}
COMMAND: GET /session/a218943ac8ac0de5e00a7c8ddc1aa8fc/screenshot - {}
RESULT: {}
COMMAND: POST /session/a218943ac8ac0de5e00a7c8ddc1aa8fc/execute/async - {"script":"<script> [1562 bytes]","args":[{"selector":{"controlType":"sap.m.Text","viewName":"etm.portal.ui.managerequests.view.Detail","bindingPath":{"propertyPath":"NO","modelName":"catalogModel"}},"wdio_ui5_key":"etmportal.ui.managerequests.view.Detailsap.m.Text{\"propertyPath\":\"NO\",\"modelName\":\"catalogModel\"}"}]}
RESULT: {"script":"<script> [1562 bytes]","args":[{"selector":{"controlType":"sap.m.Text","viewName":"etm.portal.ui.managerequests.view.Detail","bindingPath":{"propertyPath":"NO","modelName":"catalogModel"}},"wdio_ui5_key":"etmportal.ui.managerequests.view.Detailsap.m.Text{\"propertyPath\":\"NO\",\"modelName\":\"catalogModel\"}"}]}
RESULT: undefined
COMMAND: POST /session/a218943ac8ac0de5e00a7c8ddc1aa8fc/execute/async - {"script":"<script> [6424 bytes]","args":[{"element-6066-11e4-a52e-4f735466cecf":"f.7F9D5CB6C16BBEFE5A5C55A7ACE178BF.d.934C1E85B364225C6A16F23CCAB0CE91.e.6966"},"getText",[]]}
RESULT: {"script":"<script> [6424 bytes]","args":[{"element-6066-11e4-a52e-4f735466cecf":"f.7F9D5CB6C16BBEFE5A5C55A7ACE178BF.d.934C1E85B364225C6A16F23CCAB0CE91.e.6966"},"getText",[]]}
COMMAND: POST /session/a218943ac8ac0de5e00a7c8ddc1aa8fc/element - {"using":"css selector","value":"#shell-header-logo"}
RESULT: {"using":"css selector","value":"#shell-header-logo"}
COMMAND: POST /session/a218943ac8ac0de5e00a7c8ddc1aa8fc/element/f.7F9D5CB6C16BBEFE5A5C55A7ACE178BF.d.934C1E85B364225C6A16F23CCAB0CE91.e.6171/click - {}
RESULT: {}
COMMAND: GET /session/a218943ac8ac0de5e00a7c8ddc1aa8fc/screenshot - {}
RESULT: {}
]]></system-out>
    </testcase>
  </testsuite>
</testsuites>