<?xml version="1.0" encoding="UTF-8"?>
<testsuites tests="49" failures="0" errors="0" skipped="0">
  <testsuite timestamp="2025-05-06T15:15:37" time="1823.862" tests="49" failures="0" errors="0" skipped="0">
    <properties>
      <property name="specId" value="0" />
      <property name="suiteName" value="Sanity Tests US104253" />
      <property name="capabilities" value="chrome.135_0_7049_115.windows" />
      <property name="file" value="file:///D:/a/1/s/test/specs/General/sanity.spec.js" />
    </properties>
    <testcase classname="chrome.135_0_7049_115.windows.Sanity_Tests_US104253" name="Should open Manage Partners page" time="35.195">
      <system-out><![CDATA[
COMMAND: POST /session/e3ef74d693b3de83aac2ffbdb3bcdfd9/execute/async - {"script":"<script> [1562 bytes]","args":[{"selector":{"controlType":"sap.m.GenericTile","properties":{"header":"Manage Partners"}},"wdio_ui5_key":"sapm.GenericTile{\"header\":\"Manage Partners\"}"}]}
RESULT: {"script":"<script> [1562 bytes]","args":[{"selector":{"controlType":"sap.m.GenericTile","properties":{"header":"Manage Partners"}},"wdio_ui5_key":"sapm.GenericTile{\"header\":\"Manage Partners\"}"}]}
RESULT: undefined
COMMAND: POST /session/e3ef74d693b3de83aac2ffbdb3bcdfd9/element - {"using":"xpath","value":"//*[@id=\"__tile38\"]"}
RESULT: {"using":"xpath","value":"//*[@id=\"__tile38\"]"}
COMMAND: POST /session/e3ef74d693b3de83aac2ffbdb3bcdfd9/element/f.B277C34A709DB4A5C79D1B8225593A39.d.6D017724D95710C9179956EFF52CBFE4.e.115/click - {}
RESULT: {}
COMMAND: GET /session/e3ef74d693b3de83aac2ffbdb3bcdfd9/screenshot - {}
RESULT: {}
RESULT: undefined
COMMAND: POST /session/e3ef74d693b3de83aac2ffbdb3bcdfd9/element - {"using":"xpath","value":"//*[@id=\"__tile38\"]"}
RESULT: {"using":"xpath","value":"//*[@id=\"__tile38\"]"}
COMMAND: POST /session/e3ef74d693b3de83aac2ffbdb3bcdfd9/element/f.B277C34A709DB4A5C79D1B8225593A39.d.6D017724D95710C9179956EFF52CBFE4.e.115/click - {}
RESULT: undefined
COMMAND: POST /session/e3ef74d693b3de83aac2ffbdb3bcdfd9/element - {"using":"xpath","value":"//*[@id=\"__tile38\"]"}
RESULT: {"using":"xpath","value":"//*[@id=\"__tile38\"]"}
COMMAND: POST /session/e3ef74d693b3de83aac2ffbdb3bcdfd9/element/f.B277C34A709DB4A5C79D1B8225593A39.d.6D017724D95710C9179956EFF52CBFE4.e.115/click - {}
COMMAND: POST /session/e3ef74d693b3de83aac2ffbdb3bcdfd9/execute/async - {"script":"<script> [1562 bytes]","args":[{"selector":{"id":"shellAppTitle"},"wdio_ui5_key":"shellAppTitle"}]}
RESULT: {"script":"<script> [1562 bytes]","args":[{"selector":{"id":"shellAppTitle"},"wdio_ui5_key":"shellAppTitle"}]}
RESULT: undefined
COMMAND: POST /session/e3ef74d693b3de83aac2ffbdb3bcdfd9/execute/async - {"script":"<script> [6424 bytes]","args":[{"element-6066-11e4-a52e-4f735466cecf":"f.B277C34A709DB4A5C79D1B8225593A39.d.6D017724D95710C9179956EFF52CBFE4.e.290"},"getTitle",[]]}
RESULT: {"script":"<script> [6424 bytes]","args":[{"element-6066-11e4-a52e-4f735466cecf":"f.B277C34A709DB4A5C79D1B8225593A39.d.6D017724D95710C9179956EFF52CBFE4.e.290"},"getTitle",[]]}
COMMAND: POST /session/e3ef74d693b3de83aac2ffbdb3bcdfd9/execute/async - {"script":"<script> [1562 bytes]","args":[{"selector":{"id":"backBtn"},"wdio_ui5_key":"backBtn"}]}
RESULT: {"script":"<script> [1562 bytes]","args":[{"selector":{"id":"backBtn"},"wdio_ui5_key":"backBtn"}]}
RESULT: undefined
COMMAND: POST /session/e3ef74d693b3de83aac2ffbdb3bcdfd9/element - {"using":"xpath","value":"//*[@id=\"backBtn\"]"}
RESULT: {"using":"xpath","value":"//*[@id=\"backBtn\"]"}
COMMAND: POST /session/e3ef74d693b3de83aac2ffbdb3bcdfd9/element/f.B277C34A709DB4A5C79D1B8225593A39.d.6D017724D95710C9179956EFF52CBFE4.e.291/click - {}
RESULT: {}
COMMAND: GET /session/e3ef74d693b3de83aac2ffbdb3bcdfd9/screenshot - {}
RESULT: {}
]]></system-out>
    </testcase>
    <testcase classname="chrome.135_0_7049_115.windows.Sanity_Tests_US104253" name="Should open Manage Sites page" time="37.335">
      <system-out><![CDATA[
COMMAND: POST /session/e3ef74d693b3de83aac2ffbdb3bcdfd9/execute/async - {"script":"<script> [1562 bytes]","args":[{"selector":{"controlType":"sap.m.GenericTile","properties":{"header":"Manage Sites"}},"wdio_ui5_key":"sapm.GenericTile{\"header\":\"Manage Sites\"}"}]}
RESULT: {"script":"<script> [1562 bytes]","args":[{"selector":{"controlType":"sap.m.GenericTile","properties":{"header":"Manage Sites"}},"wdio_ui5_key":"sapm.GenericTile{\"header\":\"Manage Sites\"}"}]}
RESULT: undefined
COMMAND: POST /session/e3ef74d693b3de83aac2ffbdb3bcdfd9/element - {"using":"xpath","value":"//*[@id=\"__tile40\"]"}
RESULT: {"using":"xpath","value":"//*[@id=\"__tile40\"]"}
COMMAND: POST /session/e3ef74d693b3de83aac2ffbdb3bcdfd9/element/f.B277C34A709DB4A5C79D1B8225593A39.d.6D017724D95710C9179956EFF52CBFE4.e.293/click - {}
RESULT: {}
COMMAND: GET /session/e3ef74d693b3de83aac2ffbdb3bcdfd9/screenshot - {}
RESULT: {}
RESULT: undefined
COMMAND: POST /session/e3ef74d693b3de83aac2ffbdb3bcdfd9/element - {"using":"xpath","value":"//*[@id=\"__tile40\"]"}
RESULT: {"using":"xpath","value":"//*[@id=\"__tile40\"]"}
COMMAND: POST /session/e3ef74d693b3de83aac2ffbdb3bcdfd9/element/f.B277C34A709DB4A5C79D1B8225593A39.d.6D017724D95710C9179956EFF52CBFE4.e.293/click - {}
RESULT: undefined
COMMAND: POST /session/e3ef74d693b3de83aac2ffbdb3bcdfd9/element - {"using":"xpath","value":"//*[@id=\"__tile40\"]"}
RESULT: {"using":"xpath","value":"//*[@id=\"__tile40\"]"}
COMMAND: POST /session/e3ef74d693b3de83aac2ffbdb3bcdfd9/element/f.B277C34A709DB4A5C79D1B8225593A39.d.6D017724D95710C9179956EFF52CBFE4.e.293/click - {}
RESULT: undefined
COMMAND: POST /session/e3ef74d693b3de83aac2ffbdb3bcdfd9/execute/async - {"script":"<script> [6424 bytes]","args":[{"element-6066-11e4-a52e-4f735466cecf":"f.B277C34A709DB4A5C79D1B8225593A39.d.6D017724D95710C9179956EFF52CBFE4.e.290"},"getTitle",[]]}
COMMAND: POST /session/e3ef74d693b3de83aac2ffbdb3bcdfd9/execute/async - {"script":"<script> [1562 bytes]","args":[{"selector":{"id":"shellAppTitle"},"wdio_ui5_key":"shellAppTitle"}]}
RESULT: {"script":"<script> [1562 bytes]","args":[{"selector":{"id":"shellAppTitle"},"wdio_ui5_key":"shellAppTitle"}]}
COMMAND: POST /session/e3ef74d693b3de83aac2ffbdb3bcdfd9/execute/async - {"script":"<script> [6424 bytes]","args":[{"element-6066-11e4-a52e-4f735466cecf":"f.B277C34A709DB4A5C79D1B8225593A39.d.6D017724D95710C9179956EFF52CBFE4.e.483"},"getTitle",[]]}
RESULT: {"script":"<script> [6424 bytes]","args":[{"element-6066-11e4-a52e-4f735466cecf":"f.B277C34A709DB4A5C79D1B8225593A39.d.6D017724D95710C9179956EFF52CBFE4.e.483"},"getTitle",[]]}
RESULT: undefined
COMMAND: POST /session/e3ef74d693b3de83aac2ffbdb3bcdfd9/element/f.B277C34A709DB4A5C79D1B8225593A39.d.6D017724D95710C9179956EFF52CBFE4.e.291/click - {}
RESULT: {}
COMMAND: GET /session/e3ef74d693b3de83aac2ffbdb3bcdfd9/screenshot - {}
RESULT: {}
]]></system-out>
    </testcase>
    <testcase classname="chrome.135_0_7049_115.windows.Sanity_Tests_US104253" name="Should open Manage Resources page" time="33.928">
      <system-out><![CDATA[
COMMAND: POST /session/e3ef74d693b3de83aac2ffbdb3bcdfd9/execute/async - {"script":"<script> [1562 bytes]","args":[{"selector":{"controlType":"sap.m.GenericTile","properties":{"header":"Manage Resources"}},"wdio_ui5_key":"sapm.GenericTile{\"header\":\"Manage Resources\"}"}]}
RESULT: {"script":"<script> [1562 bytes]","args":[{"selector":{"controlType":"sap.m.GenericTile","properties":{"header":"Manage Resources"}},"wdio_ui5_key":"sapm.GenericTile{\"header\":\"Manage Resources\"}"}]}
RESULT: undefined
COMMAND: POST /session/e3ef74d693b3de83aac2ffbdb3bcdfd9/element - {"using":"xpath","value":"//*[@id=\"__tile39\"]"}
RESULT: {"using":"xpath","value":"//*[@id=\"__tile39\"]"}
COMMAND: POST /session/e3ef74d693b3de83aac2ffbdb3bcdfd9/element/f.B277C34A709DB4A5C79D1B8225593A39.d.6D017724D95710C9179956EFF52CBFE4.e.485/click - {}
RESULT: {}
COMMAND: GET /session/e3ef74d693b3de83aac2ffbdb3bcdfd9/screenshot - {}
RESULT: {}
RESULT: undefined
COMMAND: POST /session/e3ef74d693b3de83aac2ffbdb3bcdfd9/element - {"using":"xpath","value":"//*[@id=\"__tile39\"]"}
RESULT: {"using":"xpath","value":"//*[@id=\"__tile39\"]"}
COMMAND: POST /session/e3ef74d693b3de83aac2ffbdb3bcdfd9/element/f.B277C34A709DB4A5C79D1B8225593A39.d.6D017724D95710C9179956EFF52CBFE4.e.485/click - {}
RESULT: undefined
COMMAND: POST /session/e3ef74d693b3de83aac2ffbdb3bcdfd9/element - {"using":"xpath","value":"//*[@id=\"__tile39\"]"}
RESULT: {"using":"xpath","value":"//*[@id=\"__tile39\"]"}
COMMAND: POST /session/e3ef74d693b3de83aac2ffbdb3bcdfd9/element/f.B277C34A709DB4A5C79D1B8225593A39.d.6D017724D95710C9179956EFF52CBFE4.e.485/click - {}
RESULT: undefined
COMMAND: POST /session/e3ef74d693b3de83aac2ffbdb3bcdfd9/execute/async - {"script":"<script> [6424 bytes]","args":[{"element-6066-11e4-a52e-4f735466cecf":"f.B277C34A709DB4A5C79D1B8225593A39.d.6D017724D95710C9179956EFF52CBFE4.e.290"},"getTitle",[]]}
COMMAND: POST /session/e3ef74d693b3de83aac2ffbdb3bcdfd9/execute/async - {"script":"<script> [1562 bytes]","args":[{"selector":{"id":"shellAppTitle"},"wdio_ui5_key":"shellAppTitle"}]}
RESULT: {"script":"<script> [1562 bytes]","args":[{"selector":{"id":"shellAppTitle"},"wdio_ui5_key":"shellAppTitle"}]}
COMMAND: POST /session/e3ef74d693b3de83aac2ffbdb3bcdfd9/execute/async - {"script":"<script> [6424 bytes]","args":[{"element-6066-11e4-a52e-4f735466cecf":"f.B277C34A709DB4A5C79D1B8225593A39.d.6D017724D95710C9179956EFF52CBFE4.e.659"},"getTitle",[]]}
RESULT: {"script":"<script> [6424 bytes]","args":[{"element-6066-11e4-a52e-4f735466cecf":"f.B277C34A709DB4A5C79D1B8225593A39.d.6D017724D95710C9179956EFF52CBFE4.e.659"},"getTitle",[]]}
RESULT: undefined
COMMAND: POST /session/e3ef74d693b3de83aac2ffbdb3bcdfd9/element/f.B277C34A709DB4A5C79D1B8225593A39.d.6D017724D95710C9179956EFF52CBFE4.e.291/click - {}
COMMAND: POST /session/e3ef74d693b3de83aac2ffbdb3bcdfd9/element - {"using":"xpath","value":"//*[@id=\"backBtn\"]"}
RESULT: {"using":"xpath","value":"//*[@id=\"backBtn\"]"}
COMMAND: POST /session/e3ef74d693b3de83aac2ffbdb3bcdfd9/element/f.B277C34A709DB4A5C79D1B8225593A39.d.6D017724D95710C9179956EFF52CBFE4.e.291/click - {}
COMMAND: POST /session/e3ef74d693b3de83aac2ffbdb3bcdfd9/element - {"using":"xpath","value":"//*[@id=\"backBtn\"]"}
RESULT: {"using":"xpath","value":"//*[@id=\"backBtn\"]"}
COMMAND: POST /session/e3ef74d693b3de83aac2ffbdb3bcdfd9/element/f.B277C34A709DB4A5C79D1B8225593A39.d.6D017724D95710C9179956EFF52CBFE4.e.660/click - {}
RESULT: {}
COMMAND: GET /session/e3ef74d693b3de83aac2ffbdb3bcdfd9/screenshot - {}
RESULT: {}
]]></system-out>
    </testcase>
    <testcase classname="chrome.135_0_7049_115.windows.Sanity_Tests_US104253" name="Should open Manage Catalogs page" time="36.131">
      <system-out><![CDATA[
COMMAND: POST /session/e3ef74d693b3de83aac2ffbdb3bcdfd9/execute/async - {"script":"<script> [1562 bytes]","args":[{"selector":{"controlType":"sap.m.GenericTile","properties":{"header":"Manage Catalogs"}},"wdio_ui5_key":"sapm.GenericTile{\"header\":\"Manage Catalogs\"}"}]}
RESULT: {"script":"<script> [1562 bytes]","args":[{"selector":{"controlType":"sap.m.GenericTile","properties":{"header":"Manage Catalogs"}},"wdio_ui5_key":"sapm.GenericTile{\"header\":\"Manage Catalogs\"}"}]}
RESULT: undefined
COMMAND: POST /session/e3ef74d693b3de83aac2ffbdb3bcdfd9/element - {"using":"xpath","value":"//*[@id=\"__tile37\"]"}
RESULT: {"using":"xpath","value":"//*[@id=\"__tile37\"]"}
COMMAND: POST /session/e3ef74d693b3de83aac2ffbdb3bcdfd9/element/f.B277C34A709DB4A5C79D1B8225593A39.d.6D017724D95710C9179956EFF52CBFE4.e.662/click - {}
RESULT: {}
COMMAND: GET /session/e3ef74d693b3de83aac2ffbdb3bcdfd9/screenshot - {}
RESULT: {}
RESULT: undefined
COMMAND: POST /session/e3ef74d693b3de83aac2ffbdb3bcdfd9/element - {"using":"xpath","value":"//*[@id=\"__tile37\"]"}
RESULT: {"using":"xpath","value":"//*[@id=\"__tile37\"]"}
COMMAND: POST /session/e3ef74d693b3de83aac2ffbdb3bcdfd9/element/f.B277C34A709DB4A5C79D1B8225593A39.d.6D017724D95710C9179956EFF52CBFE4.e.662/click - {}
RESULT: undefined
COMMAND: POST /session/e3ef74d693b3de83aac2ffbdb3bcdfd9/element - {"using":"xpath","value":"//*[@id=\"__tile37\"]"}
RESULT: {"using":"xpath","value":"//*[@id=\"__tile37\"]"}
COMMAND: POST /session/e3ef74d693b3de83aac2ffbdb3bcdfd9/element/f.B277C34A709DB4A5C79D1B8225593A39.d.6D017724D95710C9179956EFF52CBFE4.e.662/click - {}
RESULT: undefined
COMMAND: POST /session/e3ef74d693b3de83aac2ffbdb3bcdfd9/execute/async - {"script":"<script> [6424 bytes]","args":[{"element-6066-11e4-a52e-4f735466cecf":"f.B277C34A709DB4A5C79D1B8225593A39.d.6D017724D95710C9179956EFF52CBFE4.e.290"},"getTitle",[]]}
COMMAND: POST /session/e3ef74d693b3de83aac2ffbdb3bcdfd9/execute/async - {"script":"<script> [1562 bytes]","args":[{"selector":{"id":"shellAppTitle"},"wdio_ui5_key":"shellAppTitle"}]}
RESULT: {"script":"<script> [1562 bytes]","args":[{"selector":{"id":"shellAppTitle"},"wdio_ui5_key":"shellAppTitle"}]}
COMMAND: POST /session/e3ef74d693b3de83aac2ffbdb3bcdfd9/execute/async - {"script":"<script> [6424 bytes]","args":[{"element-6066-11e4-a52e-4f735466cecf":"f.B277C34A709DB4A5C79D1B8225593A39.d.6D017724D95710C9179956EFF52CBFE4.e.732"},"getTitle",[]]}
RESULT: {"script":"<script> [6424 bytes]","args":[{"element-6066-11e4-a52e-4f735466cecf":"f.B277C34A709DB4A5C79D1B8225593A39.d.6D017724D95710C9179956EFF52CBFE4.e.732"},"getTitle",[]]}
RESULT: undefined
COMMAND: POST /session/e3ef74d693b3de83aac2ffbdb3bcdfd9/element/f.B277C34A709DB4A5C79D1B8225593A39.d.6D017724D95710C9179956EFF52CBFE4.e.660/click - {}
RESULT: {}
COMMAND: GET /session/e3ef74d693b3de83aac2ffbdb3bcdfd9/screenshot - {}
RESULT: {}
]]></system-out>
    </testcase>
    <testcase classname="chrome.135_0_7049_115.windows.Sanity_Tests_US104253" name="Should open Manage Calendars page" time="35.317">
      <system-out><![CDATA[
COMMAND: POST /session/e3ef74d693b3de83aac2ffbdb3bcdfd9/execute/async - {"script":"<script> [1562 bytes]","args":[{"selector":{"controlType":"sap.m.GenericTile","properties":{"header":"Manage Calendars"}},"wdio_ui5_key":"sapm.GenericTile{\"header\":\"Manage Calendars\"}"}]}
RESULT: {"script":"<script> [1562 bytes]","args":[{"selector":{"controlType":"sap.m.GenericTile","properties":{"header":"Manage Calendars"}},"wdio_ui5_key":"sapm.GenericTile{\"header\":\"Manage Calendars\"}"}]}
RESULT: undefined
COMMAND: POST /session/e3ef74d693b3de83aac2ffbdb3bcdfd9/element - {"using":"xpath","value":"//*[@id=\"__tile36\"]"}
RESULT: {"using":"xpath","value":"//*[@id=\"__tile36\"]"}
COMMAND: POST /session/e3ef74d693b3de83aac2ffbdb3bcdfd9/element/f.B277C34A709DB4A5C79D1B8225593A39.d.6D017724D95710C9179956EFF52CBFE4.e.734/click - {}
RESULT: {}
COMMAND: GET /session/e3ef74d693b3de83aac2ffbdb3bcdfd9/screenshot - {}
RESULT: {}
RESULT: undefined
COMMAND: POST /session/e3ef74d693b3de83aac2ffbdb3bcdfd9/element - {"using":"xpath","value":"//*[@id=\"__tile36\"]"}
RESULT: {"using":"xpath","value":"//*[@id=\"__tile36\"]"}
COMMAND: POST /session/e3ef74d693b3de83aac2ffbdb3bcdfd9/element/f.B277C34A709DB4A5C79D1B8225593A39.d.6D017724D95710C9179956EFF52CBFE4.e.734/click - {}
RESULT: undefined
COMMAND: POST /session/e3ef74d693b3de83aac2ffbdb3bcdfd9/element - {"using":"xpath","value":"//*[@id=\"__tile36\"]"}
RESULT: {"using":"xpath","value":"//*[@id=\"__tile36\"]"}
COMMAND: POST /session/e3ef74d693b3de83aac2ffbdb3bcdfd9/element/f.B277C34A709DB4A5C79D1B8225593A39.d.6D017724D95710C9179956EFF52CBFE4.e.734/click - {}
RESULT: undefined
COMMAND: POST /session/e3ef74d693b3de83aac2ffbdb3bcdfd9/execute/async - {"script":"<script> [6424 bytes]","args":[{"element-6066-11e4-a52e-4f735466cecf":"f.B277C34A709DB4A5C79D1B8225593A39.d.6D017724D95710C9179956EFF52CBFE4.e.290"},"getTitle",[]]}
COMMAND: POST /session/e3ef74d693b3de83aac2ffbdb3bcdfd9/execute/async - {"script":"<script> [1562 bytes]","args":[{"selector":{"id":"shellAppTitle"},"wdio_ui5_key":"shellAppTitle"}]}
RESULT: {"script":"<script> [1562 bytes]","args":[{"selector":{"id":"shellAppTitle"},"wdio_ui5_key":"shellAppTitle"}]}
COMMAND: POST /session/e3ef74d693b3de83aac2ffbdb3bcdfd9/execute/async - {"script":"<script> [6424 bytes]","args":[{"element-6066-11e4-a52e-4f735466cecf":"f.B277C34A709DB4A5C79D1B8225593A39.d.6D017724D95710C9179956EFF52CBFE4.e.806"},"getTitle",[]]}
RESULT: {"script":"<script> [6424 bytes]","args":[{"element-6066-11e4-a52e-4f735466cecf":"f.B277C34A709DB4A5C79D1B8225593A39.d.6D017724D95710C9179956EFF52CBFE4.e.806"},"getTitle",[]]}
RESULT: undefined
COMMAND: POST /session/e3ef74d693b3de83aac2ffbdb3bcdfd9/element/f.B277C34A709DB4A5C79D1B8225593A39.d.6D017724D95710C9179956EFF52CBFE4.e.660/click - {}
COMMAND: POST /session/e3ef74d693b3de83aac2ffbdb3bcdfd9/element - {"using":"xpath","value":"//*[@id=\"backBtn\"]"}
RESULT: {"using":"xpath","value":"//*[@id=\"backBtn\"]"}
COMMAND: POST /session/e3ef74d693b3de83aac2ffbdb3bcdfd9/element/f.B277C34A709DB4A5C79D1B8225593A39.d.6D017724D95710C9179956EFF52CBFE4.e.660/click - {}
COMMAND: POST /session/e3ef74d693b3de83aac2ffbdb3bcdfd9/element - {"using":"xpath","value":"//*[@id=\"backBtn\"]"}
RESULT: {"using":"xpath","value":"//*[@id=\"backBtn\"]"}
COMMAND: POST /session/e3ef74d693b3de83aac2ffbdb3bcdfd9/element/f.B277C34A709DB4A5C79D1B8225593A39.d.6D017724D95710C9179956EFF52CBFE4.e.807/click - {}
RESULT: {}
COMMAND: GET /session/e3ef74d693b3de83aac2ffbdb3bcdfd9/screenshot - {}
RESULT: {}
]]></system-out>
    </testcase>
    <testcase classname="chrome.135_0_7049_115.windows.Sanity_Tests_US104253" name="Should open Address Management page" time="37.51">
      <system-out><![CDATA[
COMMAND: POST /session/e3ef74d693b3de83aac2ffbdb3bcdfd9/execute/async - {"script":"<script> [1562 bytes]","args":[{"selector":{"controlType":"sap.m.GenericTile","properties":{"header":"Address Management"}},"wdio_ui5_key":"sapm.GenericTile{\"header\":\"Address Management\"}"}]}
RESULT: {"script":"<script> [1562 bytes]","args":[{"selector":{"controlType":"sap.m.GenericTile","properties":{"header":"Address Management"}},"wdio_ui5_key":"sapm.GenericTile{\"header\":\"Address Management\"}"}]}
RESULT: undefined
COMMAND: POST /session/e3ef74d693b3de83aac2ffbdb3bcdfd9/element - {"using":"xpath","value":"//*[@id=\"__tile33\"]"}
RESULT: {"using":"xpath","value":"//*[@id=\"__tile33\"]"}
COMMAND: POST /session/e3ef74d693b3de83aac2ffbdb3bcdfd9/element/f.B277C34A709DB4A5C79D1B8225593A39.d.6D017724D95710C9179956EFF52CBFE4.e.809/click - {}
RESULT: {}
COMMAND: GET /session/e3ef74d693b3de83aac2ffbdb3bcdfd9/screenshot - {}
RESULT: {}
RESULT: undefined
COMMAND: POST /session/e3ef74d693b3de83aac2ffbdb3bcdfd9/element - {"using":"xpath","value":"//*[@id=\"__tile33\"]"}
RESULT: {"using":"xpath","value":"//*[@id=\"__tile33\"]"}
COMMAND: POST /session/e3ef74d693b3de83aac2ffbdb3bcdfd9/element/f.B277C34A709DB4A5C79D1B8225593A39.d.6D017724D95710C9179956EFF52CBFE4.e.809/click - {}
RESULT: undefined
COMMAND: POST /session/e3ef74d693b3de83aac2ffbdb3bcdfd9/element - {"using":"xpath","value":"//*[@id=\"__tile33\"]"}
RESULT: {"using":"xpath","value":"//*[@id=\"__tile33\"]"}
COMMAND: POST /session/e3ef74d693b3de83aac2ffbdb3bcdfd9/element/f.B277C34A709DB4A5C79D1B8225593A39.d.6D017724D95710C9179956EFF52CBFE4.e.809/click - {}
RESULT: undefined
COMMAND: POST /session/e3ef74d693b3de83aac2ffbdb3bcdfd9/execute/async - {"script":"<script> [6424 bytes]","args":[{"element-6066-11e4-a52e-4f735466cecf":"f.B277C34A709DB4A5C79D1B8225593A39.d.6D017724D95710C9179956EFF52CBFE4.e.290"},"getTitle",[]]}
COMMAND: POST /session/e3ef74d693b3de83aac2ffbdb3bcdfd9/execute/async - {"script":"<script> [1562 bytes]","args":[{"selector":{"id":"shellAppTitle"},"wdio_ui5_key":"shellAppTitle"}]}
RESULT: {"script":"<script> [1562 bytes]","args":[{"selector":{"id":"shellAppTitle"},"wdio_ui5_key":"shellAppTitle"}]}
COMMAND: POST /session/e3ef74d693b3de83aac2ffbdb3bcdfd9/execute/async - {"script":"<script> [6424 bytes]","args":[{"element-6066-11e4-a52e-4f735466cecf":"f.B277C34A709DB4A5C79D1B8225593A39.d.6D017724D95710C9179956EFF52CBFE4.e.1168"},"getTitle",[]]}
RESULT: {"script":"<script> [6424 bytes]","args":[{"element-6066-11e4-a52e-4f735466cecf":"f.B277C34A709DB4A5C79D1B8225593A39.d.6D017724D95710C9179956EFF52CBFE4.e.1168"},"getTitle",[]]}
RESULT: undefined
COMMAND: POST /session/e3ef74d693b3de83aac2ffbdb3bcdfd9/element/f.B277C34A709DB4A5C79D1B8225593A39.d.6D017724D95710C9179956EFF52CBFE4.e.807/click - {}
RESULT: {}
COMMAND: GET /session/e3ef74d693b3de83aac2ffbdb3bcdfd9/screenshot - {}
RESULT: {}
]]></system-out>
    </testcase>
    <testcase classname="chrome.135_0_7049_115.windows.Sanity_Tests_US104253" name="Should open Bill Of Resources page" time="34.207">
      <system-out><![CDATA[
COMMAND: POST /session/e3ef74d693b3de83aac2ffbdb3bcdfd9/execute/async - {"script":"<script> [1562 bytes]","args":[{"selector":{"controlType":"sap.m.GenericTile","properties":{"header":"Bill Of Resources"}},"wdio_ui5_key":"sapm.GenericTile{\"header\":\"Bill Of Resources\"}"}]}
RESULT: {"script":"<script> [1562 bytes]","args":[{"selector":{"controlType":"sap.m.GenericTile","properties":{"header":"Bill Of Resources"}},"wdio_ui5_key":"sapm.GenericTile{\"header\":\"Bill Of Resources\"}"}]}
RESULT: undefined
COMMAND: POST /session/e3ef74d693b3de83aac2ffbdb3bcdfd9/element - {"using":"xpath","value":"//*[@id=\"__tile34\"]"}
RESULT: {"using":"xpath","value":"//*[@id=\"__tile34\"]"}
COMMAND: POST /session/e3ef74d693b3de83aac2ffbdb3bcdfd9/element/f.B277C34A709DB4A5C79D1B8225593A39.d.6D017724D95710C9179956EFF52CBFE4.e.1170/click - {}
RESULT: {}
COMMAND: GET /session/e3ef74d693b3de83aac2ffbdb3bcdfd9/screenshot - {}
RESULT: {}
RESULT: undefined
COMMAND: POST /session/e3ef74d693b3de83aac2ffbdb3bcdfd9/element - {"using":"xpath","value":"//*[@id=\"__tile34\"]"}
RESULT: {"using":"xpath","value":"//*[@id=\"__tile34\"]"}
COMMAND: POST /session/e3ef74d693b3de83aac2ffbdb3bcdfd9/element/f.B277C34A709DB4A5C79D1B8225593A39.d.6D017724D95710C9179956EFF52CBFE4.e.1170/click - {}
RESULT: undefined
COMMAND: POST /session/e3ef74d693b3de83aac2ffbdb3bcdfd9/element - {"using":"xpath","value":"//*[@id=\"__tile34\"]"}
RESULT: {"using":"xpath","value":"//*[@id=\"__tile34\"]"}
COMMAND: POST /session/e3ef74d693b3de83aac2ffbdb3bcdfd9/element/f.B277C34A709DB4A5C79D1B8225593A39.d.6D017724D95710C9179956EFF52CBFE4.e.1170/click - {}
RESULT: undefined
COMMAND: POST /session/e3ef74d693b3de83aac2ffbdb3bcdfd9/execute/async - {"script":"<script> [6424 bytes]","args":[{"element-6066-11e4-a52e-4f735466cecf":"f.B277C34A709DB4A5C79D1B8225593A39.d.6D017724D95710C9179956EFF52CBFE4.e.290"},"getTitle",[]]}
COMMAND: POST /session/e3ef74d693b3de83aac2ffbdb3bcdfd9/execute/async - {"script":"<script> [1562 bytes]","args":[{"selector":{"id":"shellAppTitle"},"wdio_ui5_key":"shellAppTitle"}]}
RESULT: {"script":"<script> [1562 bytes]","args":[{"selector":{"id":"shellAppTitle"},"wdio_ui5_key":"shellAppTitle"}]}
COMMAND: POST /session/e3ef74d693b3de83aac2ffbdb3bcdfd9/execute/async - {"script":"<script> [6424 bytes]","args":[{"element-6066-11e4-a52e-4f735466cecf":"f.B277C34A709DB4A5C79D1B8225593A39.d.6D017724D95710C9179956EFF52CBFE4.e.1266"},"getTitle",[]]}
RESULT: {"script":"<script> [6424 bytes]","args":[{"element-6066-11e4-a52e-4f735466cecf":"f.B277C34A709DB4A5C79D1B8225593A39.d.6D017724D95710C9179956EFF52CBFE4.e.1266"},"getTitle",[]]}
RESULT: undefined
COMMAND: POST /session/e3ef74d693b3de83aac2ffbdb3bcdfd9/element/f.B277C34A709DB4A5C79D1B8225593A39.d.6D017724D95710C9179956EFF52CBFE4.e.807/click - {}
COMMAND: POST /session/e3ef74d693b3de83aac2ffbdb3bcdfd9/element - {"using":"xpath","value":"//*[@id=\"backBtn\"]"}
RESULT: {"using":"xpath","value":"//*[@id=\"backBtn\"]"}
COMMAND: POST /session/e3ef74d693b3de83aac2ffbdb3bcdfd9/element/f.B277C34A709DB4A5C79D1B8225593A39.d.6D017724D95710C9179956EFF52CBFE4.e.807/click - {}
COMMAND: POST /session/e3ef74d693b3de83aac2ffbdb3bcdfd9/element - {"using":"xpath","value":"//*[@id=\"backBtn\"]"}
RESULT: {"using":"xpath","value":"//*[@id=\"backBtn\"]"}
COMMAND: POST /session/e3ef74d693b3de83aac2ffbdb3bcdfd9/element/f.B277C34A709DB4A5C79D1B8225593A39.d.6D017724D95710C9179956EFF52CBFE4.e.1267/click - {}
RESULT: {}
COMMAND: GET /session/e3ef74d693b3de83aac2ffbdb3bcdfd9/screenshot - {}
RESULT: {}
]]></system-out>
    </testcase>
    <testcase classname="chrome.135_0_7049_115.windows.Sanity_Tests_US104253" name="Should open Manage Yards page" time="36.488">
      <system-out><![CDATA[
COMMAND: POST /session/e3ef74d693b3de83aac2ffbdb3bcdfd9/execute/async - {"script":"<script> [1562 bytes]","args":[{"selector":{"controlType":"sap.m.GenericTile","properties":{"header":"Manage Yards"}},"wdio_ui5_key":"sapm.GenericTile{\"header\":\"Manage Yards\"}"}]}
RESULT: {"script":"<script> [1562 bytes]","args":[{"selector":{"controlType":"sap.m.GenericTile","properties":{"header":"Manage Yards"}},"wdio_ui5_key":"sapm.GenericTile{\"header\":\"Manage Yards\"}"}]}
RESULT: undefined
COMMAND: POST /session/e3ef74d693b3de83aac2ffbdb3bcdfd9/element - {"using":"xpath","value":"//*[@id=\"__tile41\"]"}
RESULT: {"using":"xpath","value":"//*[@id=\"__tile41\"]"}
COMMAND: POST /session/e3ef74d693b3de83aac2ffbdb3bcdfd9/element/f.B277C34A709DB4A5C79D1B8225593A39.d.6D017724D95710C9179956EFF52CBFE4.e.1269/click - {}
RESULT: {}
COMMAND: GET /session/e3ef74d693b3de83aac2ffbdb3bcdfd9/screenshot - {}
RESULT: {}
RESULT: undefined
COMMAND: POST /session/e3ef74d693b3de83aac2ffbdb3bcdfd9/element - {"using":"xpath","value":"//*[@id=\"__tile41\"]"}
RESULT: {"using":"xpath","value":"//*[@id=\"__tile41\"]"}
COMMAND: POST /session/e3ef74d693b3de83aac2ffbdb3bcdfd9/element/f.B277C34A709DB4A5C79D1B8225593A39.d.6D017724D95710C9179956EFF52CBFE4.e.1269/click - {}
RESULT: undefined
COMMAND: POST /session/e3ef74d693b3de83aac2ffbdb3bcdfd9/element - {"using":"xpath","value":"//*[@id=\"__tile41\"]"}
RESULT: {"using":"xpath","value":"//*[@id=\"__tile41\"]"}
COMMAND: POST /session/e3ef74d693b3de83aac2ffbdb3bcdfd9/element/f.B277C34A709DB4A5C79D1B8225593A39.d.6D017724D95710C9179956EFF52CBFE4.e.1269/click - {}
RESULT: undefined
COMMAND: POST /session/e3ef74d693b3de83aac2ffbdb3bcdfd9/execute/async - {"script":"<script> [6424 bytes]","args":[{"element-6066-11e4-a52e-4f735466cecf":"f.B277C34A709DB4A5C79D1B8225593A39.d.6D017724D95710C9179956EFF52CBFE4.e.290"},"getTitle",[]]}
COMMAND: POST /session/e3ef74d693b3de83aac2ffbdb3bcdfd9/execute/async - {"script":"<script> [1562 bytes]","args":[{"selector":{"id":"shellAppTitle"},"wdio_ui5_key":"shellAppTitle"}]}
RESULT: {"script":"<script> [1562 bytes]","args":[{"selector":{"id":"shellAppTitle"},"wdio_ui5_key":"shellAppTitle"}]}
COMMAND: POST /session/e3ef74d693b3de83aac2ffbdb3bcdfd9/execute/async - {"script":"<script> [6424 bytes]","args":[{"element-6066-11e4-a52e-4f735466cecf":"f.B277C34A709DB4A5C79D1B8225593A39.d.6D017724D95710C9179956EFF52CBFE4.e.1452"},"getTitle",[]]}
RESULT: {"script":"<script> [6424 bytes]","args":[{"element-6066-11e4-a52e-4f735466cecf":"f.B277C34A709DB4A5C79D1B8225593A39.d.6D017724D95710C9179956EFF52CBFE4.e.1452"},"getTitle",[]]}
RESULT: undefined
COMMAND: POST /session/e3ef74d693b3de83aac2ffbdb3bcdfd9/element/f.B277C34A709DB4A5C79D1B8225593A39.d.6D017724D95710C9179956EFF52CBFE4.e.1267/click - {}
RESULT: {}
COMMAND: GET /session/e3ef74d693b3de83aac2ffbdb3bcdfd9/screenshot - {}
RESULT: {}
]]></system-out>
    </testcase>
    <testcase classname="chrome.135_0_7049_115.windows.Sanity_Tests_US104253" name="Should open Manage Requests page" time="32.955">
      <system-out><![CDATA[
COMMAND: POST /session/e3ef74d693b3de83aac2ffbdb3bcdfd9/execute/async - {"script":"<script> [1562 bytes]","args":[{"selector":{"controlType":"sap.m.GenericTile","properties":{"header":"Manage Requests"}},"wdio_ui5_key":"sapm.GenericTile{\"header\":\"Manage Requests\"}"}]}
RESULT: {"script":"<script> [1562 bytes]","args":[{"selector":{"controlType":"sap.m.GenericTile","properties":{"header":"Manage Requests"}},"wdio_ui5_key":"sapm.GenericTile{\"header\":\"Manage Requests\"}"}]}
RESULT: undefined
COMMAND: POST /session/e3ef74d693b3de83aac2ffbdb3bcdfd9/element - {"using":"xpath","value":"//*[@id=\"__tile47\"]"}
RESULT: {"using":"xpath","value":"//*[@id=\"__tile47\"]"}
COMMAND: POST /session/e3ef74d693b3de83aac2ffbdb3bcdfd9/element/f.B277C34A709DB4A5C79D1B8225593A39.d.6D017724D95710C9179956EFF52CBFE4.e.1454/click - {}
RESULT: {}
COMMAND: GET /session/e3ef74d693b3de83aac2ffbdb3bcdfd9/screenshot - {}
RESULT: {}
RESULT: undefined
COMMAND: POST /session/e3ef74d693b3de83aac2ffbdb3bcdfd9/element - {"using":"xpath","value":"//*[@id=\"__tile47\"]"}
RESULT: {"using":"xpath","value":"//*[@id=\"__tile47\"]"}
COMMAND: POST /session/e3ef74d693b3de83aac2ffbdb3bcdfd9/element/f.B277C34A709DB4A5C79D1B8225593A39.d.6D017724D95710C9179956EFF52CBFE4.e.1454/click - {}
RESULT: undefined
COMMAND: POST /session/e3ef74d693b3de83aac2ffbdb3bcdfd9/element - {"using":"xpath","value":"//*[@id=\"__tile47\"]"}
RESULT: {"using":"xpath","value":"//*[@id=\"__tile47\"]"}
COMMAND: POST /session/e3ef74d693b3de83aac2ffbdb3bcdfd9/element/f.B277C34A709DB4A5C79D1B8225593A39.d.6D017724D95710C9179956EFF52CBFE4.e.1454/click - {}
RESULT: undefined
COMMAND: POST /session/e3ef74d693b3de83aac2ffbdb3bcdfd9/execute/async - {"script":"<script> [6424 bytes]","args":[{"element-6066-11e4-a52e-4f735466cecf":"f.B277C34A709DB4A5C79D1B8225593A39.d.6D017724D95710C9179956EFF52CBFE4.e.290"},"getTitle",[]]}
COMMAND: POST /session/e3ef74d693b3de83aac2ffbdb3bcdfd9/execute/async - {"script":"<script> [1562 bytes]","args":[{"selector":{"id":"shellAppTitle"},"wdio_ui5_key":"shellAppTitle"}]}
RESULT: {"script":"<script> [1562 bytes]","args":[{"selector":{"id":"shellAppTitle"},"wdio_ui5_key":"shellAppTitle"}]}
COMMAND: POST /session/e3ef74d693b3de83aac2ffbdb3bcdfd9/execute/async - {"script":"<script> [6424 bytes]","args":[{"element-6066-11e4-a52e-4f735466cecf":"f.B277C34A709DB4A5C79D1B8225593A39.d.6D017724D95710C9179956EFF52CBFE4.e.1549"},"getTitle",[]]}
RESULT: {"script":"<script> [6424 bytes]","args":[{"element-6066-11e4-a52e-4f735466cecf":"f.B277C34A709DB4A5C79D1B8225593A39.d.6D017724D95710C9179956EFF52CBFE4.e.1549"},"getTitle",[]]}
RESULT: undefined
COMMAND: POST /session/e3ef74d693b3de83aac2ffbdb3bcdfd9/element/f.B277C34A709DB4A5C79D1B8225593A39.d.6D017724D95710C9179956EFF52CBFE4.e.1267/click - {}
COMMAND: POST /session/e3ef74d693b3de83aac2ffbdb3bcdfd9/element - {"using":"xpath","value":"//*[@id=\"backBtn\"]"}
RESULT: {"using":"xpath","value":"//*[@id=\"backBtn\"]"}
COMMAND: POST /session/e3ef74d693b3de83aac2ffbdb3bcdfd9/element/f.B277C34A709DB4A5C79D1B8225593A39.d.6D017724D95710C9179956EFF52CBFE4.e.1267/click - {}
COMMAND: POST /session/e3ef74d693b3de83aac2ffbdb3bcdfd9/element - {"using":"xpath","value":"//*[@id=\"backBtn\"]"}
RESULT: {"using":"xpath","value":"//*[@id=\"backBtn\"]"}
COMMAND: POST /session/e3ef74d693b3de83aac2ffbdb3bcdfd9/element/f.B277C34A709DB4A5C79D1B8225593A39.d.6D017724D95710C9179956EFF52CBFE4.e.1550/click - {}
RESULT: {}
COMMAND: GET /session/e3ef74d693b3de83aac2ffbdb3bcdfd9/screenshot - {}
RESULT: {}
]]></system-out>
    </testcase>
    <testcase classname="chrome.135_0_7049_115.windows.Sanity_Tests_US104253" name="Should open Manage Purchasing page" time="45.761">
      <system-out><![CDATA[
COMMAND: POST /session/e3ef74d693b3de83aac2ffbdb3bcdfd9/execute/async - {"script":"<script> [1562 bytes]","args":[{"selector":{"controlType":"sap.m.GenericTile","properties":{"header":"Manage Purchasing"}},"wdio_ui5_key":"sapm.GenericTile{\"header\":\"Manage Purchasing\"}"}]}
RESULT: {"script":"<script> [1562 bytes]","args":[{"selector":{"controlType":"sap.m.GenericTile","properties":{"header":"Manage Purchasing"}},"wdio_ui5_key":"sapm.GenericTile{\"header\":\"Manage Purchasing\"}"}]}
RESULT: undefined
COMMAND: POST /session/e3ef74d693b3de83aac2ffbdb3bcdfd9/element - {"using":"xpath","value":"//*[@id=\"__tile46\"]"}
RESULT: {"using":"xpath","value":"//*[@id=\"__tile46\"]"}
COMMAND: POST /session/e3ef74d693b3de83aac2ffbdb3bcdfd9/element/f.B277C34A709DB4A5C79D1B8225593A39.d.6D017724D95710C9179956EFF52CBFE4.e.1553/click - {}
RESULT: {}
COMMAND: GET /session/e3ef74d693b3de83aac2ffbdb3bcdfd9/screenshot - {}
RESULT: {}
RESULT: undefined
COMMAND: POST /session/e3ef74d693b3de83aac2ffbdb3bcdfd9/element - {"using":"xpath","value":"//*[@id=\"__tile46\"]"}
RESULT: {"using":"xpath","value":"//*[@id=\"__tile46\"]"}
COMMAND: POST /session/e3ef74d693b3de83aac2ffbdb3bcdfd9/element/f.B277C34A709DB4A5C79D1B8225593A39.d.6D017724D95710C9179956EFF52CBFE4.e.1553/click - {}
RESULT: undefined
COMMAND: POST /session/e3ef74d693b3de83aac2ffbdb3bcdfd9/element - {"using":"xpath","value":"//*[@id=\"__tile46\"]"}
RESULT: {"using":"xpath","value":"//*[@id=\"__tile46\"]"}
COMMAND: POST /session/e3ef74d693b3de83aac2ffbdb3bcdfd9/element/f.B277C34A709DB4A5C79D1B8225593A39.d.6D017724D95710C9179956EFF52CBFE4.e.1553/click - {}
RESULT: undefined
COMMAND: POST /session/e3ef74d693b3de83aac2ffbdb3bcdfd9/execute/async - {"script":"<script> [6424 bytes]","args":[{"element-6066-11e4-a52e-4f735466cecf":"f.B277C34A709DB4A5C79D1B8225593A39.d.6D017724D95710C9179956EFF52CBFE4.e.290"},"getTitle",[]]}
COMMAND: POST /session/e3ef74d693b3de83aac2ffbdb3bcdfd9/execute/async - {"script":"<script> [1562 bytes]","args":[{"selector":{"id":"shellAppTitle"},"wdio_ui5_key":"shellAppTitle"}]}
RESULT: {"script":"<script> [1562 bytes]","args":[{"selector":{"id":"shellAppTitle"},"wdio_ui5_key":"shellAppTitle"}]}
COMMAND: POST /session/e3ef74d693b3de83aac2ffbdb3bcdfd9/execute/async - {"script":"<script> [6424 bytes]","args":[{"element-6066-11e4-a52e-4f735466cecf":"f.B277C34A709DB4A5C79D1B8225593A39.d.6D017724D95710C9179956EFF52CBFE4.e.1623"},"getTitle",[]]}
RESULT: {"script":"<script> [6424 bytes]","args":[{"element-6066-11e4-a52e-4f735466cecf":"f.B277C34A709DB4A5C79D1B8225593A39.d.6D017724D95710C9179956EFF52CBFE4.e.1623"},"getTitle",[]]}
RESULT: undefined
COMMAND: POST /session/e3ef74d693b3de83aac2ffbdb3bcdfd9/element/f.B277C34A709DB4A5C79D1B8225593A39.d.6D017724D95710C9179956EFF52CBFE4.e.1550/click - {}
RESULT: {}
COMMAND: GET /session/e3ef74d693b3de83aac2ffbdb3bcdfd9/screenshot - {}
RESULT: {}
]]></system-out>
    </testcase>
    <testcase classname="chrome.135_0_7049_115.windows.Sanity_Tests_US104253" name="Should open Planning Board page" time="34.645">
      <system-out><![CDATA[
COMMAND: POST /session/e3ef74d693b3de83aac2ffbdb3bcdfd9/execute/async - {"script":"<script> [1562 bytes]","args":[{"selector":{"controlType":"sap.m.GenericTile","properties":{"header":"Planning Board"}},"wdio_ui5_key":"sapm.GenericTile{\"header\":\"Planning Board\"}"}]}
RESULT: {"script":"<script> [1562 bytes]","args":[{"selector":{"controlType":"sap.m.GenericTile","properties":{"header":"Planning Board"}},"wdio_ui5_key":"sapm.GenericTile{\"header\":\"Planning Board\"}"}]}
RESULT: undefined
COMMAND: POST /session/e3ef74d693b3de83aac2ffbdb3bcdfd9/element - {"using":"xpath","value":"//*[@id=\"__tile131\"]"}
RESULT: {"using":"xpath","value":"//*[@id=\"__tile131\"]"}
COMMAND: POST /session/e3ef74d693b3de83aac2ffbdb3bcdfd9/element/f.B277C34A709DB4A5C79D1B8225593A39.d.6D017724D95710C9179956EFF52CBFE4.e.1625/click - {}
RESULT: {}
COMMAND: GET /session/e3ef74d693b3de83aac2ffbdb3bcdfd9/screenshot - {}
RESULT: {}
RESULT: undefined
COMMAND: POST /session/e3ef74d693b3de83aac2ffbdb3bcdfd9/element - {"using":"xpath","value":"//*[@id=\"__tile131\"]"}
RESULT: {"using":"xpath","value":"//*[@id=\"__tile131\"]"}
COMMAND: POST /session/e3ef74d693b3de83aac2ffbdb3bcdfd9/element/f.B277C34A709DB4A5C79D1B8225593A39.d.6D017724D95710C9179956EFF52CBFE4.e.1625/click - {}
RESULT: undefined
COMMAND: POST /session/e3ef74d693b3de83aac2ffbdb3bcdfd9/element - {"using":"xpath","value":"//*[@id=\"__tile131\"]"}
RESULT: {"using":"xpath","value":"//*[@id=\"__tile131\"]"}
COMMAND: POST /session/e3ef74d693b3de83aac2ffbdb3bcdfd9/element/f.B277C34A709DB4A5C79D1B8225593A39.d.6D017724D95710C9179956EFF52CBFE4.e.1625/click - {}
RESULT: undefined
COMMAND: POST /session/e3ef74d693b3de83aac2ffbdb3bcdfd9/execute/async - {"script":"<script> [6424 bytes]","args":[{"element-6066-11e4-a52e-4f735466cecf":"f.B277C34A709DB4A5C79D1B8225593A39.d.6D017724D95710C9179956EFF52CBFE4.e.290"},"getTitle",[]]}
COMMAND: POST /session/e3ef74d693b3de83aac2ffbdb3bcdfd9/execute/async - {"script":"<script> [1562 bytes]","args":[{"selector":{"id":"shellAppTitle"},"wdio_ui5_key":"shellAppTitle"}]}
RESULT: {"script":"<script> [1562 bytes]","args":[{"selector":{"id":"shellAppTitle"},"wdio_ui5_key":"shellAppTitle"}]}
COMMAND: POST /session/e3ef74d693b3de83aac2ffbdb3bcdfd9/execute/async - {"script":"<script> [6424 bytes]","args":[{"element-6066-11e4-a52e-4f735466cecf":"f.B277C34A709DB4A5C79D1B8225593A39.d.6D017724D95710C9179956EFF52CBFE4.e.1674"},"getTitle",[]]}
RESULT: {"script":"<script> [6424 bytes]","args":[{"element-6066-11e4-a52e-4f735466cecf":"f.B277C34A709DB4A5C79D1B8225593A39.d.6D017724D95710C9179956EFF52CBFE4.e.1674"},"getTitle",[]]}
RESULT: undefined
COMMAND: POST /session/e3ef74d693b3de83aac2ffbdb3bcdfd9/element/f.B277C34A709DB4A5C79D1B8225593A39.d.6D017724D95710C9179956EFF52CBFE4.e.1550/click - {}
COMMAND: POST /session/e3ef74d693b3de83aac2ffbdb3bcdfd9/element/f.B277C34A709DB4A5C79D1B8225593A39.d.6D017724D95710C9179956EFF52CBFE4.e.1550/click - {}
COMMAND: POST /session/e3ef74d693b3de83aac2ffbdb3bcdfd9/element - {"using":"xpath","value":"//*[@id=\"backBtn\"]"}
COMMAND: POST /session/e3ef74d693b3de83aac2ffbdb3bcdfd9/element - {"using":"xpath","value":"//*[@id=\"backBtn\"]"}
RESULT: {"using":"xpath","value":"//*[@id=\"backBtn\"]"}
COMMAND: POST /session/e3ef74d693b3de83aac2ffbdb3bcdfd9/element/f.B277C34A709DB4A5C79D1B8225593A39.d.6D017724D95710C9179956EFF52CBFE4.e.1550/click - {}
RESULT: {"using":"xpath","value":"//*[@id=\"backBtn\"]"}
COMMAND: POST /session/e3ef74d693b3de83aac2ffbdb3bcdfd9/element/f.B277C34A709DB4A5C79D1B8225593A39.d.6D017724D95710C9179956EFF52CBFE4.e.1550/click - {}
COMMAND: POST /session/e3ef74d693b3de83aac2ffbdb3bcdfd9/element - {"using":"xpath","value":"//*[@id=\"backBtn\"]"}
COMMAND: POST /session/e3ef74d693b3de83aac2ffbdb3bcdfd9/element - {"using":"xpath","value":"//*[@id=\"backBtn\"]"}
RESULT: {"using":"xpath","value":"//*[@id=\"backBtn\"]"}
COMMAND: POST /session/e3ef74d693b3de83aac2ffbdb3bcdfd9/element/f.B277C34A709DB4A5C79D1B8225593A39.d.6D017724D95710C9179956EFF52CBFE4.e.1675/click - {}
RESULT: {"using":"xpath","value":"//*[@id=\"backBtn\"]"}
COMMAND: POST /session/e3ef74d693b3de83aac2ffbdb3bcdfd9/element/f.B277C34A709DB4A5C79D1B8225593A39.d.6D017724D95710C9179956EFF52CBFE4.e.1675/click - {}
RESULT: {}
COMMAND: GET /session/e3ef74d693b3de83aac2ffbdb3bcdfd9/screenshot - {}
RESULT: {}
COMMAND: GET /session/e3ef74d693b3de83aac2ffbdb3bcdfd9/screenshot - {}
RESULT: {}
RESULT: {}
]]></system-out>
    </testcase>
    <testcase classname="chrome.135_0_7049_115.windows.Sanity_Tests_US104253" name="Should open Manage Contracts page" time="38.135">
      <system-out><![CDATA[
COMMAND: POST /session/e3ef74d693b3de83aac2ffbdb3bcdfd9/execute/async - {"script":"<script> [1562 bytes]","args":[{"selector":{"controlType":"sap.m.GenericTile","properties":{"header":"Manage Contracts"}},"wdio_ui5_key":"sapm.GenericTile{\"header\":\"Manage Contracts\"}"}]}
RESULT: {"script":"<script> [1562 bytes]","args":[{"selector":{"controlType":"sap.m.GenericTile","properties":{"header":"Manage Contracts"}},"wdio_ui5_key":"sapm.GenericTile{\"header\":\"Manage Contracts\"}"}]}
RESULT: undefined
COMMAND: POST /session/e3ef74d693b3de83aac2ffbdb3bcdfd9/element - {"using":"xpath","value":"//*[@id=\"__tile133\"]"}
RESULT: {"using":"xpath","value":"//*[@id=\"__tile133\"]"}
COMMAND: POST /session/e3ef74d693b3de83aac2ffbdb3bcdfd9/element/f.B277C34A709DB4A5C79D1B8225593A39.d.6D017724D95710C9179956EFF52CBFE4.e.1677/click - {}
RESULT: {}
COMMAND: GET /session/e3ef74d693b3de83aac2ffbdb3bcdfd9/screenshot - {}
RESULT: {}
RESULT: undefined
COMMAND: POST /session/e3ef74d693b3de83aac2ffbdb3bcdfd9/element - {"using":"xpath","value":"//*[@id=\"__tile133\"]"}
RESULT: {"using":"xpath","value":"//*[@id=\"__tile133\"]"}
COMMAND: POST /session/e3ef74d693b3de83aac2ffbdb3bcdfd9/element/f.B277C34A709DB4A5C79D1B8225593A39.d.6D017724D95710C9179956EFF52CBFE4.e.1677/click - {}
RESULT: undefined
COMMAND: POST /session/e3ef74d693b3de83aac2ffbdb3bcdfd9/element - {"using":"xpath","value":"//*[@id=\"__tile133\"]"}
RESULT: {"using":"xpath","value":"//*[@id=\"__tile133\"]"}
COMMAND: POST /session/e3ef74d693b3de83aac2ffbdb3bcdfd9/element/f.B277C34A709DB4A5C79D1B8225593A39.d.6D017724D95710C9179956EFF52CBFE4.e.1677/click - {}
RESULT: undefined
COMMAND: POST /session/e3ef74d693b3de83aac2ffbdb3bcdfd9/execute/async - {"script":"<script> [6424 bytes]","args":[{"element-6066-11e4-a52e-4f735466cecf":"f.B277C34A709DB4A5C79D1B8225593A39.d.6D017724D95710C9179956EFF52CBFE4.e.290"},"getTitle",[]]}
COMMAND: POST /session/e3ef74d693b3de83aac2ffbdb3bcdfd9/execute/async - {"script":"<script> [1562 bytes]","args":[{"selector":{"id":"shellAppTitle"},"wdio_ui5_key":"shellAppTitle"}]}
RESULT: {"script":"<script> [1562 bytes]","args":[{"selector":{"id":"shellAppTitle"},"wdio_ui5_key":"shellAppTitle"}]}
COMMAND: POST /session/e3ef74d693b3de83aac2ffbdb3bcdfd9/execute/async - {"script":"<script> [6424 bytes]","args":[{"element-6066-11e4-a52e-4f735466cecf":"f.B277C34A709DB4A5C79D1B8225593A39.d.6D017724D95710C9179956EFF52CBFE4.e.1743"},"getTitle",[]]}
RESULT: {"script":"<script> [6424 bytes]","args":[{"element-6066-11e4-a52e-4f735466cecf":"f.B277C34A709DB4A5C79D1B8225593A39.d.6D017724D95710C9179956EFF52CBFE4.e.1743"},"getTitle",[]]}
RESULT: undefined
COMMAND: POST /session/e3ef74d693b3de83aac2ffbdb3bcdfd9/element/f.B277C34A709DB4A5C79D1B8225593A39.d.6D017724D95710C9179956EFF52CBFE4.e.1675/click - {}
RESULT: {}
COMMAND: GET /session/e3ef74d693b3de83aac2ffbdb3bcdfd9/screenshot - {}
RESULT: {}
]]></system-out>
    </testcase>
    <testcase classname="chrome.135_0_7049_115.windows.Sanity_Tests_US104253" name="Should open Manage Quotations page" time="33.729">
      <system-out><![CDATA[
COMMAND: POST /session/e3ef74d693b3de83aac2ffbdb3bcdfd9/execute/async - {"script":"<script> [1562 bytes]","args":[{"selector":{"controlType":"sap.m.GenericTile","properties":{"header":"Manage Quotations"}},"wdio_ui5_key":"sapm.GenericTile{\"header\":\"Manage Quotations\"}"}]}
RESULT: {"script":"<script> [1562 bytes]","args":[{"selector":{"controlType":"sap.m.GenericTile","properties":{"header":"Manage Quotations"}},"wdio_ui5_key":"sapm.GenericTile{\"header\":\"Manage Quotations\"}"}]}
RESULT: undefined
COMMAND: POST /session/e3ef74d693b3de83aac2ffbdb3bcdfd9/element - {"using":"xpath","value":"//*[@id=\"__tile130\"]"}
RESULT: {"using":"xpath","value":"//*[@id=\"__tile130\"]"}
COMMAND: POST /session/e3ef74d693b3de83aac2ffbdb3bcdfd9/element/f.B277C34A709DB4A5C79D1B8225593A39.d.6D017724D95710C9179956EFF52CBFE4.e.1745/click - {}
RESULT: {}
COMMAND: GET /session/e3ef74d693b3de83aac2ffbdb3bcdfd9/screenshot - {}
RESULT: {}
RESULT: undefined
COMMAND: POST /session/e3ef74d693b3de83aac2ffbdb3bcdfd9/element - {"using":"xpath","value":"//*[@id=\"__tile130\"]"}
RESULT: {"using":"xpath","value":"//*[@id=\"__tile130\"]"}
COMMAND: POST /session/e3ef74d693b3de83aac2ffbdb3bcdfd9/element/f.B277C34A709DB4A5C79D1B8225593A39.d.6D017724D95710C9179956EFF52CBFE4.e.1745/click - {}
RESULT: undefined
COMMAND: POST /session/e3ef74d693b3de83aac2ffbdb3bcdfd9/element - {"using":"xpath","value":"//*[@id=\"__tile130\"]"}
RESULT: {"using":"xpath","value":"//*[@id=\"__tile130\"]"}
COMMAND: POST /session/e3ef74d693b3de83aac2ffbdb3bcdfd9/element/f.B277C34A709DB4A5C79D1B8225593A39.d.6D017724D95710C9179956EFF52CBFE4.e.1745/click - {}
RESULT: undefined
COMMAND: POST /session/e3ef74d693b3de83aac2ffbdb3bcdfd9/execute/async - {"script":"<script> [6424 bytes]","args":[{"element-6066-11e4-a52e-4f735466cecf":"f.B277C34A709DB4A5C79D1B8225593A39.d.6D017724D95710C9179956EFF52CBFE4.e.290"},"getTitle",[]]}
COMMAND: POST /session/e3ef74d693b3de83aac2ffbdb3bcdfd9/execute/async - {"script":"<script> [1562 bytes]","args":[{"selector":{"id":"shellAppTitle"},"wdio_ui5_key":"shellAppTitle"}]}
RESULT: {"script":"<script> [1562 bytes]","args":[{"selector":{"id":"shellAppTitle"},"wdio_ui5_key":"shellAppTitle"}]}
COMMAND: POST /session/e3ef74d693b3de83aac2ffbdb3bcdfd9/execute/async - {"script":"<script> [6424 bytes]","args":[{"element-6066-11e4-a52e-4f735466cecf":"f.B277C34A709DB4A5C79D1B8225593A39.d.6D017724D95710C9179956EFF52CBFE4.e.1851"},"getTitle",[]]}
RESULT: {"script":"<script> [6424 bytes]","args":[{"element-6066-11e4-a52e-4f735466cecf":"f.B277C34A709DB4A5C79D1B8225593A39.d.6D017724D95710C9179956EFF52CBFE4.e.1851"},"getTitle",[]]}
RESULT: undefined
COMMAND: POST /session/e3ef74d693b3de83aac2ffbdb3bcdfd9/element/f.B277C34A709DB4A5C79D1B8225593A39.d.6D017724D95710C9179956EFF52CBFE4.e.1675/click - {}
COMMAND: POST /session/e3ef74d693b3de83aac2ffbdb3bcdfd9/element - {"using":"xpath","value":"//*[@id=\"backBtn\"]"}
RESULT: {"using":"xpath","value":"//*[@id=\"backBtn\"]"}
COMMAND: POST /session/e3ef74d693b3de83aac2ffbdb3bcdfd9/element/f.B277C34A709DB4A5C79D1B8225593A39.d.6D017724D95710C9179956EFF52CBFE4.e.1675/click - {}
COMMAND: POST /session/e3ef74d693b3de83aac2ffbdb3bcdfd9/element - {"using":"xpath","value":"//*[@id=\"backBtn\"]"}
RESULT: {"using":"xpath","value":"//*[@id=\"backBtn\"]"}
COMMAND: POST /session/e3ef74d693b3de83aac2ffbdb3bcdfd9/element/f.B277C34A709DB4A5C79D1B8225593A39.d.6D017724D95710C9179956EFF52CBFE4.e.1852/click - {}
RESULT: {}
COMMAND: GET /session/e3ef74d693b3de83aac2ffbdb3bcdfd9/screenshot - {}
RESULT: {}
]]></system-out>
    </testcase>
    <testcase classname="chrome.135_0_7049_115.windows.Sanity_Tests_US104253" name="Should open Manage Handovers page" time="38.029">
      <system-out><![CDATA[
COMMAND: POST /session/e3ef74d693b3de83aac2ffbdb3bcdfd9/execute/async - {"script":"<script> [1562 bytes]","args":[{"selector":{"controlType":"sap.m.GenericTile","properties":{"header":"Manage Handovers"}},"wdio_ui5_key":"sapm.GenericTile{\"header\":\"Manage Handovers\"}"}]}
RESULT: {"script":"<script> [1562 bytes]","args":[{"selector":{"controlType":"sap.m.GenericTile","properties":{"header":"Manage Handovers"}},"wdio_ui5_key":"sapm.GenericTile{\"header\":\"Manage Handovers\"}"}]}
RESULT: undefined
COMMAND: POST /session/e3ef74d693b3de83aac2ffbdb3bcdfd9/element - {"using":"xpath","value":"//*[@id=\"__tile132\"]"}
RESULT: {"using":"xpath","value":"//*[@id=\"__tile132\"]"}
COMMAND: POST /session/e3ef74d693b3de83aac2ffbdb3bcdfd9/element/f.B277C34A709DB4A5C79D1B8225593A39.d.6D017724D95710C9179956EFF52CBFE4.e.1854/click - {}
RESULT: {}
COMMAND: GET /session/e3ef74d693b3de83aac2ffbdb3bcdfd9/screenshot - {}
RESULT: {}
RESULT: undefined
COMMAND: POST /session/e3ef74d693b3de83aac2ffbdb3bcdfd9/element - {"using":"xpath","value":"//*[@id=\"__tile132\"]"}
RESULT: {"using":"xpath","value":"//*[@id=\"__tile132\"]"}
COMMAND: POST /session/e3ef74d693b3de83aac2ffbdb3bcdfd9/element/f.B277C34A709DB4A5C79D1B8225593A39.d.6D017724D95710C9179956EFF52CBFE4.e.1854/click - {}
RESULT: undefined
COMMAND: POST /session/e3ef74d693b3de83aac2ffbdb3bcdfd9/element - {"using":"xpath","value":"//*[@id=\"__tile132\"]"}
RESULT: {"using":"xpath","value":"//*[@id=\"__tile132\"]"}
COMMAND: POST /session/e3ef74d693b3de83aac2ffbdb3bcdfd9/element/f.B277C34A709DB4A5C79D1B8225593A39.d.6D017724D95710C9179956EFF52CBFE4.e.1854/click - {}
RESULT: undefined
COMMAND: POST /session/e3ef74d693b3de83aac2ffbdb3bcdfd9/execute/async - {"script":"<script> [6424 bytes]","args":[{"element-6066-11e4-a52e-4f735466cecf":"f.B277C34A709DB4A5C79D1B8225593A39.d.6D017724D95710C9179956EFF52CBFE4.e.290"},"getTitle",[]]}
COMMAND: POST /session/e3ef74d693b3de83aac2ffbdb3bcdfd9/execute/async - {"script":"<script> [1562 bytes]","args":[{"selector":{"id":"shellAppTitle"},"wdio_ui5_key":"shellAppTitle"}]}
RESULT: {"script":"<script> [1562 bytes]","args":[{"selector":{"id":"shellAppTitle"},"wdio_ui5_key":"shellAppTitle"}]}
COMMAND: POST /session/e3ef74d693b3de83aac2ffbdb3bcdfd9/execute/async - {"script":"<script> [6424 bytes]","args":[{"element-6066-11e4-a52e-4f735466cecf":"f.B277C34A709DB4A5C79D1B8225593A39.d.6D017724D95710C9179956EFF52CBFE4.e.1953"},"getTitle",[]]}
RESULT: {"script":"<script> [6424 bytes]","args":[{"element-6066-11e4-a52e-4f735466cecf":"f.B277C34A709DB4A5C79D1B8225593A39.d.6D017724D95710C9179956EFF52CBFE4.e.1953"},"getTitle",[]]}
RESULT: undefined
COMMAND: POST /session/e3ef74d693b3de83aac2ffbdb3bcdfd9/element/f.B277C34A709DB4A5C79D1B8225593A39.d.6D017724D95710C9179956EFF52CBFE4.e.1852/click - {}
RESULT: {}
COMMAND: GET /session/e3ef74d693b3de83aac2ffbdb3bcdfd9/screenshot - {}
RESULT: {}
]]></system-out>
    </testcase>
    <testcase classname="chrome.135_0_7049_115.windows.Sanity_Tests_US104253" name="Should open Delivery Monitor page" time="41.901">
      <system-out><![CDATA[
COMMAND: POST /session/e3ef74d693b3de83aac2ffbdb3bcdfd9/execute/async - {"script":"<script> [1562 bytes]","args":[{"selector":{"controlType":"sap.m.GenericTile","properties":{"header":"Delivery Monitor"}},"wdio_ui5_key":"sapm.GenericTile{\"header\":\"Delivery Monitor\"}"}]}
RESULT: {"script":"<script> [1562 bytes]","args":[{"selector":{"controlType":"sap.m.GenericTile","properties":{"header":"Delivery Monitor"}},"wdio_ui5_key":"sapm.GenericTile{\"header\":\"Delivery Monitor\"}"}]}
RESULT: undefined
COMMAND: POST /session/e3ef74d693b3de83aac2ffbdb3bcdfd9/element - {"using":"xpath","value":"//*[@id=\"__tile43\"]"}
RESULT: {"using":"xpath","value":"//*[@id=\"__tile43\"]"}
COMMAND: POST /session/e3ef74d693b3de83aac2ffbdb3bcdfd9/element/f.B277C34A709DB4A5C79D1B8225593A39.d.6D017724D95710C9179956EFF52CBFE4.e.1955/click - {}
RESULT: {}
COMMAND: GET /session/e3ef74d693b3de83aac2ffbdb3bcdfd9/screenshot - {}
RESULT: {}
RESULT: undefined
COMMAND: POST /session/e3ef74d693b3de83aac2ffbdb3bcdfd9/element - {"using":"xpath","value":"//*[@id=\"__tile43\"]"}
RESULT: {"using":"xpath","value":"//*[@id=\"__tile43\"]"}
COMMAND: POST /session/e3ef74d693b3de83aac2ffbdb3bcdfd9/element/f.B277C34A709DB4A5C79D1B8225593A39.d.6D017724D95710C9179956EFF52CBFE4.e.1955/click - {}
RESULT: undefined
COMMAND: POST /session/e3ef74d693b3de83aac2ffbdb3bcdfd9/element - {"using":"xpath","value":"//*[@id=\"__tile43\"]"}
RESULT: {"using":"xpath","value":"//*[@id=\"__tile43\"]"}
COMMAND: POST /session/e3ef74d693b3de83aac2ffbdb3bcdfd9/element/f.B277C34A709DB4A5C79D1B8225593A39.d.6D017724D95710C9179956EFF52CBFE4.e.1955/click - {}
RESULT: undefined
COMMAND: POST /session/e3ef74d693b3de83aac2ffbdb3bcdfd9/execute/async - {"script":"<script> [6424 bytes]","args":[{"element-6066-11e4-a52e-4f735466cecf":"f.B277C34A709DB4A5C79D1B8225593A39.d.6D017724D95710C9179956EFF52CBFE4.e.290"},"getTitle",[]]}
COMMAND: POST /session/e3ef74d693b3de83aac2ffbdb3bcdfd9/execute/async - {"script":"<script> [1562 bytes]","args":[{"selector":{"id":"shellAppTitle"},"wdio_ui5_key":"shellAppTitle"}]}
RESULT: {"script":"<script> [1562 bytes]","args":[{"selector":{"id":"shellAppTitle"},"wdio_ui5_key":"shellAppTitle"}]}
COMMAND: POST /session/e3ef74d693b3de83aac2ffbdb3bcdfd9/execute/async - {"script":"<script> [6424 bytes]","args":[{"element-6066-11e4-a52e-4f735466cecf":"f.B277C34A709DB4A5C79D1B8225593A39.d.6D017724D95710C9179956EFF52CBFE4.e.2064"},"getTitle",[]]}
RESULT: {"script":"<script> [6424 bytes]","args":[{"element-6066-11e4-a52e-4f735466cecf":"f.B277C34A709DB4A5C79D1B8225593A39.d.6D017724D95710C9179956EFF52CBFE4.e.2064"},"getTitle",[]]}
RESULT: undefined
COMMAND: POST /session/e3ef74d693b3de83aac2ffbdb3bcdfd9/element/f.B277C34A709DB4A5C79D1B8225593A39.d.6D017724D95710C9179956EFF52CBFE4.e.1852/click - {}
COMMAND: POST /session/e3ef74d693b3de83aac2ffbdb3bcdfd9/element - {"using":"xpath","value":"//*[@id=\"backBtn\"]"}
RESULT: {"using":"xpath","value":"//*[@id=\"backBtn\"]"}
COMMAND: POST /session/e3ef74d693b3de83aac2ffbdb3bcdfd9/element/f.B277C34A709DB4A5C79D1B8225593A39.d.6D017724D95710C9179956EFF52CBFE4.e.1852/click - {}
COMMAND: POST /session/e3ef74d693b3de83aac2ffbdb3bcdfd9/element - {"using":"xpath","value":"//*[@id=\"backBtn\"]"}
RESULT: {"using":"xpath","value":"//*[@id=\"backBtn\"]"}
COMMAND: POST /session/e3ef74d693b3de83aac2ffbdb3bcdfd9/element/f.B277C34A709DB4A5C79D1B8225593A39.d.6D017724D95710C9179956EFF52CBFE4.e.2065/click - {}
RESULT: {}
COMMAND: GET /session/e3ef74d693b3de83aac2ffbdb3bcdfd9/screenshot - {}
RESULT: {}
]]></system-out>
    </testcase>
    <testcase classname="chrome.135_0_7049_115.windows.Sanity_Tests_US104253" name="Should open Manage Calendar Exceptions page" time="34.454">
      <system-out><![CDATA[
COMMAND: POST /session/e3ef74d693b3de83aac2ffbdb3bcdfd9/execute/async - {"script":"<script> [1562 bytes]","args":[{"selector":{"controlType":"sap.m.GenericTile","properties":{"header":"Manage Calendar Exceptions"}},"wdio_ui5_key":"sapm.GenericTile{\"header\":\"Manage Calendar Exceptions\"}"}]}
RESULT: {"script":"<script> [1562 bytes]","args":[{"selector":{"controlType":"sap.m.GenericTile","properties":{"header":"Manage Calendar Exceptions"}},"wdio_ui5_key":"sapm.GenericTile{\"header\":\"Manage Calendar Exceptions\"}"}]}
RESULT: undefined
COMMAND: POST /session/e3ef74d693b3de83aac2ffbdb3bcdfd9/element - {"using":"xpath","value":"//*[@id=\"__tile52\"]"}
RESULT: {"using":"xpath","value":"//*[@id=\"__tile52\"]"}
COMMAND: POST /session/e3ef74d693b3de83aac2ffbdb3bcdfd9/element/f.B277C34A709DB4A5C79D1B8225593A39.d.6D017724D95710C9179956EFF52CBFE4.e.2067/click - {}
RESULT: {}
COMMAND: GET /session/e3ef74d693b3de83aac2ffbdb3bcdfd9/screenshot - {}
RESULT: {}
RESULT: undefined
COMMAND: POST /session/e3ef74d693b3de83aac2ffbdb3bcdfd9/element - {"using":"xpath","value":"//*[@id=\"__tile52\"]"}
RESULT: {"using":"xpath","value":"//*[@id=\"__tile52\"]"}
COMMAND: POST /session/e3ef74d693b3de83aac2ffbdb3bcdfd9/element/f.B277C34A709DB4A5C79D1B8225593A39.d.6D017724D95710C9179956EFF52CBFE4.e.2067/click - {}
RESULT: undefined
COMMAND: POST /session/e3ef74d693b3de83aac2ffbdb3bcdfd9/element - {"using":"xpath","value":"//*[@id=\"__tile52\"]"}
RESULT: {"using":"xpath","value":"//*[@id=\"__tile52\"]"}
COMMAND: POST /session/e3ef74d693b3de83aac2ffbdb3bcdfd9/element/f.B277C34A709DB4A5C79D1B8225593A39.d.6D017724D95710C9179956EFF52CBFE4.e.2067/click - {}
RESULT: undefined
COMMAND: POST /session/e3ef74d693b3de83aac2ffbdb3bcdfd9/execute/async - {"script":"<script> [6424 bytes]","args":[{"element-6066-11e4-a52e-4f735466cecf":"f.B277C34A709DB4A5C79D1B8225593A39.d.6D017724D95710C9179956EFF52CBFE4.e.290"},"getTitle",[]]}
COMMAND: POST /session/e3ef74d693b3de83aac2ffbdb3bcdfd9/execute/async - {"script":"<script> [1562 bytes]","args":[{"selector":{"id":"shellAppTitle"},"wdio_ui5_key":"shellAppTitle"}]}
RESULT: {"script":"<script> [1562 bytes]","args":[{"selector":{"id":"shellAppTitle"},"wdio_ui5_key":"shellAppTitle"}]}
COMMAND: POST /session/e3ef74d693b3de83aac2ffbdb3bcdfd9/execute/async - {"script":"<script> [6424 bytes]","args":[{"element-6066-11e4-a52e-4f735466cecf":"f.B277C34A709DB4A5C79D1B8225593A39.d.6D017724D95710C9179956EFF52CBFE4.e.2130"},"getTitle",[]]}
RESULT: {"script":"<script> [6424 bytes]","args":[{"element-6066-11e4-a52e-4f735466cecf":"f.B277C34A709DB4A5C79D1B8225593A39.d.6D017724D95710C9179956EFF52CBFE4.e.2130"},"getTitle",[]]}
RESULT: undefined
COMMAND: POST /session/e3ef74d693b3de83aac2ffbdb3bcdfd9/element/f.B277C34A709DB4A5C79D1B8225593A39.d.6D017724D95710C9179956EFF52CBFE4.e.2065/click - {}
RESULT: {}
COMMAND: GET /session/e3ef74d693b3de83aac2ffbdb3bcdfd9/screenshot - {}
RESULT: {}
]]></system-out>
    </testcase>
    <testcase classname="chrome.135_0_7049_115.windows.Sanity_Tests_US104253" name="Should open Manage States Performance page" time="35.942">
      <system-out><![CDATA[
COMMAND: POST /session/e3ef74d693b3de83aac2ffbdb3bcdfd9/execute/async - {"script":"<script> [1562 bytes]","args":[{"selector":{"controlType":"sap.m.GenericTile","properties":{"header":"Manage States & Performance"}},"wdio_ui5_key":"sapm.GenericTile{\"header\":\"Manage States & Performance\"}"}]}
RESULT: {"script":"<script> [1562 bytes]","args":[{"selector":{"controlType":"sap.m.GenericTile","properties":{"header":"Manage States & Performance"}},"wdio_ui5_key":"sapm.GenericTile{\"header\":\"Manage States & Performance\"}"}]}
RESULT: undefined
COMMAND: POST /session/e3ef74d693b3de83aac2ffbdb3bcdfd9/element - {"using":"xpath","value":"//*[@id=\"__tile56\"]"}
RESULT: {"using":"xpath","value":"//*[@id=\"__tile56\"]"}
COMMAND: POST /session/e3ef74d693b3de83aac2ffbdb3bcdfd9/element/f.B277C34A709DB4A5C79D1B8225593A39.d.6D017724D95710C9179956EFF52CBFE4.e.2134/click - {}
RESULT: {}
COMMAND: GET /session/e3ef74d693b3de83aac2ffbdb3bcdfd9/screenshot - {}
RESULT: {}
RESULT: undefined
COMMAND: POST /session/e3ef74d693b3de83aac2ffbdb3bcdfd9/element - {"using":"xpath","value":"//*[@id=\"__tile56\"]"}
RESULT: {"using":"xpath","value":"//*[@id=\"__tile56\"]"}
COMMAND: POST /session/e3ef74d693b3de83aac2ffbdb3bcdfd9/element/f.B277C34A709DB4A5C79D1B8225593A39.d.6D017724D95710C9179956EFF52CBFE4.e.2134/click - {}
RESULT: undefined
COMMAND: POST /session/e3ef74d693b3de83aac2ffbdb3bcdfd9/element - {"using":"xpath","value":"//*[@id=\"__tile56\"]"}
RESULT: {"using":"xpath","value":"//*[@id=\"__tile56\"]"}
COMMAND: POST /session/e3ef74d693b3de83aac2ffbdb3bcdfd9/element/f.B277C34A709DB4A5C79D1B8225593A39.d.6D017724D95710C9179956EFF52CBFE4.e.2134/click - {}
RESULT: undefined
COMMAND: POST /session/e3ef74d693b3de83aac2ffbdb3bcdfd9/execute/async - {"script":"<script> [6424 bytes]","args":[{"element-6066-11e4-a52e-4f735466cecf":"f.B277C34A709DB4A5C79D1B8225593A39.d.6D017724D95710C9179956EFF52CBFE4.e.290"},"getTitle",[]]}
COMMAND: POST /session/e3ef74d693b3de83aac2ffbdb3bcdfd9/execute/async - {"script":"<script> [1562 bytes]","args":[{"selector":{"id":"shellAppTitle"},"wdio_ui5_key":"shellAppTitle"}]}
RESULT: {"script":"<script> [1562 bytes]","args":[{"selector":{"id":"shellAppTitle"},"wdio_ui5_key":"shellAppTitle"}]}
COMMAND: POST /session/e3ef74d693b3de83aac2ffbdb3bcdfd9/execute/async - {"script":"<script> [6424 bytes]","args":[{"element-6066-11e4-a52e-4f735466cecf":"f.B277C34A709DB4A5C79D1B8225593A39.d.6D017724D95710C9179956EFF52CBFE4.e.2225"},"getTitle",[]]}
RESULT: {"script":"<script> [6424 bytes]","args":[{"element-6066-11e4-a52e-4f735466cecf":"f.B277C34A709DB4A5C79D1B8225593A39.d.6D017724D95710C9179956EFF52CBFE4.e.2225"},"getTitle",[]]}
RESULT: undefined
COMMAND: POST /session/e3ef74d693b3de83aac2ffbdb3bcdfd9/element/f.B277C34A709DB4A5C79D1B8225593A39.d.6D017724D95710C9179956EFF52CBFE4.e.2065/click - {}
COMMAND: POST /session/e3ef74d693b3de83aac2ffbdb3bcdfd9/element - {"using":"xpath","value":"//*[@id=\"backBtn\"]"}
RESULT: {"using":"xpath","value":"//*[@id=\"backBtn\"]"}
COMMAND: POST /session/e3ef74d693b3de83aac2ffbdb3bcdfd9/element/f.B277C34A709DB4A5C79D1B8225593A39.d.6D017724D95710C9179956EFF52CBFE4.e.2065/click - {}
COMMAND: POST /session/e3ef74d693b3de83aac2ffbdb3bcdfd9/element - {"using":"xpath","value":"//*[@id=\"backBtn\"]"}
RESULT: {"using":"xpath","value":"//*[@id=\"backBtn\"]"}
COMMAND: POST /session/e3ef74d693b3de83aac2ffbdb3bcdfd9/element/f.B277C34A709DB4A5C79D1B8225593A39.d.6D017724D95710C9179956EFF52CBFE4.e.2226/click - {}
RESULT: {}
COMMAND: GET /session/e3ef74d693b3de83aac2ffbdb3bcdfd9/screenshot - {}
RESULT: {}
]]></system-out>
    </testcase>
    <testcase classname="chrome.135_0_7049_115.windows.Sanity_Tests_US104253" name="Should open Manage Billings page" time="43.083">
      <system-out><![CDATA[
COMMAND: POST /session/e3ef74d693b3de83aac2ffbdb3bcdfd9/execute/async - {"script":"<script> [1562 bytes]","args":[{"selector":{"controlType":"sap.m.GenericTile","properties":{"header":"Manage Billings"}},"wdio_ui5_key":"sapm.GenericTile{\"header\":\"Manage Billings\"}"}]}
RESULT: {"script":"<script> [1562 bytes]","args":[{"selector":{"controlType":"sap.m.GenericTile","properties":{"header":"Manage Billings"}},"wdio_ui5_key":"sapm.GenericTile{\"header\":\"Manage Billings\"}"}]}
RESULT: undefined
COMMAND: POST /session/e3ef74d693b3de83aac2ffbdb3bcdfd9/element - {"using":"xpath","value":"//*[@id=\"__tile51\"]"}
RESULT: {"using":"xpath","value":"//*[@id=\"__tile51\"]"}
COMMAND: POST /session/e3ef74d693b3de83aac2ffbdb3bcdfd9/element/f.B277C34A709DB4A5C79D1B8225593A39.d.6D017724D95710C9179956EFF52CBFE4.e.2228/click - {}
RESULT: {}
COMMAND: GET /session/e3ef74d693b3de83aac2ffbdb3bcdfd9/screenshot - {}
RESULT: {}
RESULT: undefined
COMMAND: POST /session/e3ef74d693b3de83aac2ffbdb3bcdfd9/element - {"using":"xpath","value":"//*[@id=\"__tile51\"]"}
RESULT: {"using":"xpath","value":"//*[@id=\"__tile51\"]"}
COMMAND: POST /session/e3ef74d693b3de83aac2ffbdb3bcdfd9/element/f.B277C34A709DB4A5C79D1B8225593A39.d.6D017724D95710C9179956EFF52CBFE4.e.2228/click - {}
RESULT: undefined
COMMAND: POST /session/e3ef74d693b3de83aac2ffbdb3bcdfd9/element - {"using":"xpath","value":"//*[@id=\"__tile51\"]"}
RESULT: {"using":"xpath","value":"//*[@id=\"__tile51\"]"}
COMMAND: POST /session/e3ef74d693b3de83aac2ffbdb3bcdfd9/element/f.B277C34A709DB4A5C79D1B8225593A39.d.6D017724D95710C9179956EFF52CBFE4.e.2228/click - {}
RESULT: undefined
COMMAND: POST /session/e3ef74d693b3de83aac2ffbdb3bcdfd9/execute/async - {"script":"<script> [6424 bytes]","args":[{"element-6066-11e4-a52e-4f735466cecf":"f.B277C34A709DB4A5C79D1B8225593A39.d.6D017724D95710C9179956EFF52CBFE4.e.290"},"getTitle",[]]}
COMMAND: POST /session/e3ef74d693b3de83aac2ffbdb3bcdfd9/execute/async - {"script":"<script> [1562 bytes]","args":[{"selector":{"id":"shellAppTitle"},"wdio_ui5_key":"shellAppTitle"}]}
RESULT: {"script":"<script> [1562 bytes]","args":[{"selector":{"id":"shellAppTitle"},"wdio_ui5_key":"shellAppTitle"}]}
COMMAND: POST /session/e3ef74d693b3de83aac2ffbdb3bcdfd9/execute/async - {"script":"<script> [6424 bytes]","args":[{"element-6066-11e4-a52e-4f735466cecf":"f.B277C34A709DB4A5C79D1B8225593A39.d.6D017724D95710C9179956EFF52CBFE4.e.2464"},"getTitle",[]]}
RESULT: {"script":"<script> [6424 bytes]","args":[{"element-6066-11e4-a52e-4f735466cecf":"f.B277C34A709DB4A5C79D1B8225593A39.d.6D017724D95710C9179956EFF52CBFE4.e.2464"},"getTitle",[]]}
RESULT: undefined
COMMAND: POST /session/e3ef74d693b3de83aac2ffbdb3bcdfd9/element/f.B277C34A709DB4A5C79D1B8225593A39.d.6D017724D95710C9179956EFF52CBFE4.e.2226/click - {}
COMMAND: POST /session/e3ef74d693b3de83aac2ffbdb3bcdfd9/element/f.B277C34A709DB4A5C79D1B8225593A39.d.6D017724D95710C9179956EFF52CBFE4.e.2226/click - {}
RESULT: {}
COMMAND: GET /session/e3ef74d693b3de83aac2ffbdb3bcdfd9/screenshot - {}
COMMAND: POST /session/e3ef74d693b3de83aac2ffbdb3bcdfd9/element - {"using":"xpath","value":"//*[@id=\"backBtn\"]"}
RESULT: {}
RESULT: {"using":"xpath","value":"//*[@id=\"backBtn\"]"}
COMMAND: POST /session/e3ef74d693b3de83aac2ffbdb3bcdfd9/elements - {"using":"xpath","value":"//*[@id=\"backBtn\"]"}
RESULT: {"using":"xpath","value":"//*[@id=\"backBtn\"]"}
COMMAND: POST /session/e3ef74d693b3de83aac2ffbdb3bcdfd9/elements - {"using":"xpath","value":"//*[@id=\"backBtn\"]"}
RESULT: {"using":"xpath","value":"//*[@id=\"backBtn\"]"}
COMMAND: POST /session/e3ef74d693b3de83aac2ffbdb3bcdfd9/elements - {"using":"xpath","value":"//*[@id=\"backBtn\"]"}
RESULT: {"using":"xpath","value":"//*[@id=\"backBtn\"]"}
COMMAND: POST /session/e3ef74d693b3de83aac2ffbdb3bcdfd9/elements - {"using":"xpath","value":"//*[@id=\"backBtn\"]"}
RESULT: {"using":"xpath","value":"//*[@id=\"backBtn\"]"}
COMMAND: POST /session/e3ef74d693b3de83aac2ffbdb3bcdfd9/elements - {"using":"xpath","value":"//*[@id=\"backBtn\"]"}
RESULT: {"using":"xpath","value":"//*[@id=\"backBtn\"]"}
COMMAND: POST /session/e3ef74d693b3de83aac2ffbdb3bcdfd9/elements - {"using":"xpath","value":"//*[@id=\"backBtn\"]"}
RESULT: {"using":"xpath","value":"//*[@id=\"backBtn\"]"}
COMMAND: POST /session/e3ef74d693b3de83aac2ffbdb3bcdfd9/elements - {"using":"xpath","value":"//*[@id=\"backBtn\"]"}
RESULT: {"using":"xpath","value":"//*[@id=\"backBtn\"]"}
COMMAND: POST /session/e3ef74d693b3de83aac2ffbdb3bcdfd9/elements - {"using":"xpath","value":"//*[@id=\"backBtn\"]"}
RESULT: {"using":"xpath","value":"//*[@id=\"backBtn\"]"}
COMMAND: POST /session/e3ef74d693b3de83aac2ffbdb3bcdfd9/elements - {"using":"xpath","value":"//*[@id=\"backBtn\"]"}
RESULT: {"using":"xpath","value":"//*[@id=\"backBtn\"]"}
COMMAND: POST /session/e3ef74d693b3de83aac2ffbdb3bcdfd9/elements - {"using":"xpath","value":"//*[@id=\"backBtn\"]"}
RESULT: {"using":"xpath","value":"//*[@id=\"backBtn\"]"}
COMMAND: POST /session/e3ef74d693b3de83aac2ffbdb3bcdfd9/elements - {"using":"xpath","value":"//*[@id=\"backBtn\"]"}
RESULT: {"using":"xpath","value":"//*[@id=\"backBtn\"]"}
COMMAND: POST /session/e3ef74d693b3de83aac2ffbdb3bcdfd9/elements - {"using":"xpath","value":"//*[@id=\"backBtn\"]"}
RESULT: {"using":"xpath","value":"//*[@id=\"backBtn\"]"}
COMMAND: POST /session/e3ef74d693b3de83aac2ffbdb3bcdfd9/elements - {"using":"xpath","value":"//*[@id=\"backBtn\"]"}
RESULT: {"using":"xpath","value":"//*[@id=\"backBtn\"]"}
COMMAND: POST /session/e3ef74d693b3de83aac2ffbdb3bcdfd9/elements - {"using":"xpath","value":"//*[@id=\"backBtn\"]"}
RESULT: {"using":"xpath","value":"//*[@id=\"backBtn\"]"}
COMMAND: POST /session/e3ef74d693b3de83aac2ffbdb3bcdfd9/elements - {"using":"xpath","value":"//*[@id=\"backBtn\"]"}
RESULT: {"using":"xpath","value":"//*[@id=\"backBtn\"]"}
COMMAND: POST /session/e3ef74d693b3de83aac2ffbdb3bcdfd9/elements - {"using":"xpath","value":"//*[@id=\"backBtn\"]"}
RESULT: {"using":"xpath","value":"//*[@id=\"backBtn\"]"}
COMMAND: POST /session/e3ef74d693b3de83aac2ffbdb3bcdfd9/elements - {"using":"xpath","value":"//*[@id=\"backBtn\"]"}
RESULT: {"using":"xpath","value":"//*[@id=\"backBtn\"]"}
COMMAND: POST /session/e3ef74d693b3de83aac2ffbdb3bcdfd9/elements - {"using":"xpath","value":"//*[@id=\"backBtn\"]"}
]]></system-out>
    </testcase>
    <testcase classname="chrome.135_0_7049_115.windows.Sanity_Tests_US104253" name="Should open Manage Conditions Prices page" time="47.28">
      <system-out><![CDATA[
COMMAND: POST /session/e3ef74d693b3de83aac2ffbdb3bcdfd9/execute/async - {"script":"<script> [1562 bytes]","args":[{"selector":{"controlType":"sap.m.GenericTile","properties":{"header":"Manage Conditions & Prices"}},"wdio_ui5_key":"sapm.GenericTile{\"header\":\"Manage Conditions & Prices\"}"}]}
RESULT: {"using":"xpath","value":"//*[@id=\"backBtn\"]"}
COMMAND: POST /session/e3ef74d693b3de83aac2ffbdb3bcdfd9/elements - {"using":"xpath","value":"//*[@id=\"backBtn\"]"}
RESULT: {"script":"<script> [1562 bytes]","args":[{"selector":{"controlType":"sap.m.GenericTile","properties":{"header":"Manage Conditions & Prices"}},"wdio_ui5_key":"sapm.GenericTile{\"header\":\"Manage Conditions & Prices\"}"}]}
RESULT: undefined
COMMAND: POST /session/e3ef74d693b3de83aac2ffbdb3bcdfd9/element - {"using":"xpath","value":"//*[@id=\"__tile53\"]"}
RESULT: {"using":"xpath","value":"//*[@id=\"backBtn\"]"}
RESULT: {"using":"xpath","value":"//*[@id=\"__tile53\"]"}
COMMAND: POST /session/e3ef74d693b3de83aac2ffbdb3bcdfd9/element/f.B277C34A709DB4A5C79D1B8225593A39.d.6D017724D95710C9179956EFF52CBFE4.e.2468/click - {}
COMMAND: POST /session/e3ef74d693b3de83aac2ffbdb3bcdfd9/elements - {"using":"xpath","value":"//*[@id=\"backBtn\"]"}
RESULT: {}
COMMAND: GET /session/e3ef74d693b3de83aac2ffbdb3bcdfd9/screenshot - {}
RESULT: {"using":"xpath","value":"//*[@id=\"backBtn\"]"}
RESULT: {}
COMMAND: POST /session/e3ef74d693b3de83aac2ffbdb3bcdfd9/elements - {"using":"xpath","value":"//*[@id=\"backBtn\"]"}
RESULT: {"using":"xpath","value":"//*[@id=\"backBtn\"]"}
COMMAND: POST /session/e3ef74d693b3de83aac2ffbdb3bcdfd9/elements - {"using":"xpath","value":"//*[@id=\"backBtn\"]"}
RESULT: {"using":"xpath","value":"//*[@id=\"backBtn\"]"}
COMMAND: POST /session/e3ef74d693b3de83aac2ffbdb3bcdfd9/elements - {"using":"xpath","value":"//*[@id=\"backBtn\"]"}
RESULT: {"using":"xpath","value":"//*[@id=\"backBtn\"]"}
COMMAND: POST /session/e3ef74d693b3de83aac2ffbdb3bcdfd9/elements - {"using":"xpath","value":"//*[@id=\"backBtn\"]"}
RESULT: undefined
COMMAND: POST /session/e3ef74d693b3de83aac2ffbdb3bcdfd9/element - {"using":"xpath","value":"//*[@id=\"__tile53\"]"}
RESULT: {"using":"xpath","value":"//*[@id=\"backBtn\"]"}
COMMAND: POST /session/e3ef74d693b3de83aac2ffbdb3bcdfd9/element - {"using":"xpath","value":"//*[@id=\"backBtn\"]"}
RESULT: {"using":"xpath","value":"//*[@id=\"__tile53\"]"}
COMMAND: POST /session/e3ef74d693b3de83aac2ffbdb3bcdfd9/element/f.B277C34A709DB4A5C79D1B8225593A39.d.6D017724D95710C9179956EFF52CBFE4.e.2468/click - {}
RESULT: {"using":"xpath","value":"//*[@id=\"backBtn\"]"}
COMMAND: POST /session/e3ef74d693b3de83aac2ffbdb3bcdfd9/element/f.B277C34A709DB4A5C79D1B8225593A39.d.6D017724D95710C9179956EFF52CBFE4.e.2226/click - {}
COMMAND: POST /session/e3ef74d693b3de83aac2ffbdb3bcdfd9/element - {"using":"xpath","value":"//*[@id=\"backBtn\"]"}
RESULT: {"using":"xpath","value":"//*[@id=\"backBtn\"]"}
COMMAND: POST /session/e3ef74d693b3de83aac2ffbdb3bcdfd9/element/f.B277C34A709DB4A5C79D1B8225593A39.d.6D017724D95710C9179956EFF52CBFE4.e.2470/click - {}
RESULT: {}
COMMAND: GET /session/e3ef74d693b3de83aac2ffbdb3bcdfd9/screenshot - {}
RESULT: {}
RESULT: undefined
COMMAND: POST /session/e3ef74d693b3de83aac2ffbdb3bcdfd9/element - {"using":"xpath","value":"//*[@id=\"__tile53\"]"}
COMMAND: GET /session/e3ef74d693b3de83aac2ffbdb3bcdfd9/screenshot - {}
RESULT: {}
RESULT: {"using":"xpath","value":"//*[@id=\"__tile53\"]"}
COMMAND: POST /session/e3ef74d693b3de83aac2ffbdb3bcdfd9/element/f.B277C34A709DB4A5C79D1B8225593A39.d.6D017724D95710C9179956EFF52CBFE4.e.2468/click - {}
RESULT: {}
RESULT: undefined
COMMAND: POST /session/e3ef74d693b3de83aac2ffbdb3bcdfd9/execute/async - {"script":"<script> [6424 bytes]","args":[{"element-6066-11e4-a52e-4f735466cecf":"f.B277C34A709DB4A5C79D1B8225593A39.d.6D017724D95710C9179956EFF52CBFE4.e.290"},"getTitle",[]]}
COMMAND: POST /session/e3ef74d693b3de83aac2ffbdb3bcdfd9/execute/async - {"script":"<script> [1562 bytes]","args":[{"selector":{"id":"shellAppTitle"},"wdio_ui5_key":"shellAppTitle"}]}
RESULT: {"script":"<script> [1562 bytes]","args":[{"selector":{"id":"shellAppTitle"},"wdio_ui5_key":"shellAppTitle"}]}
COMMAND: POST /session/e3ef74d693b3de83aac2ffbdb3bcdfd9/execute/async - {"script":"<script> [6424 bytes]","args":[{"element-6066-11e4-a52e-4f735466cecf":"f.B277C34A709DB4A5C79D1B8225593A39.d.6D017724D95710C9179956EFF52CBFE4.e.2644"},"getTitle",[]]}
RESULT: {"script":"<script> [6424 bytes]","args":[{"element-6066-11e4-a52e-4f735466cecf":"f.B277C34A709DB4A5C79D1B8225593A39.d.6D017724D95710C9179956EFF52CBFE4.e.2644"},"getTitle",[]]}
RESULT: undefined
COMMAND: POST /session/e3ef74d693b3de83aac2ffbdb3bcdfd9/element/f.B277C34A709DB4A5C79D1B8225593A39.d.6D017724D95710C9179956EFF52CBFE4.e.2470/click - {}
RESULT: {}
COMMAND: GET /session/e3ef74d693b3de83aac2ffbdb3bcdfd9/screenshot - {}
RESULT: {}
]]></system-out>
    </testcase>
    <testcase classname="chrome.135_0_7049_115.windows.Sanity_Tests_US104253" name="Should open Billing Transfer page" time="35.372">
      <system-out><![CDATA[
COMMAND: POST /session/e3ef74d693b3de83aac2ffbdb3bcdfd9/execute/async - {"script":"<script> [1562 bytes]","args":[{"selector":{"controlType":"sap.m.GenericTile","properties":{"header":"Billing Transfer"}},"wdio_ui5_key":"sapm.GenericTile{\"header\":\"Billing Transfer\"}"}]}
RESULT: {"script":"<script> [1562 bytes]","args":[{"selector":{"controlType":"sap.m.GenericTile","properties":{"header":"Billing Transfer"}},"wdio_ui5_key":"sapm.GenericTile{\"header\":\"Billing Transfer\"}"}]}
RESULT: undefined
COMMAND: POST /session/e3ef74d693b3de83aac2ffbdb3bcdfd9/element - {"using":"xpath","value":"//*[@id=\"__tile50\"]"}
RESULT: {"using":"xpath","value":"//*[@id=\"__tile50\"]"}
COMMAND: POST /session/e3ef74d693b3de83aac2ffbdb3bcdfd9/element/f.B277C34A709DB4A5C79D1B8225593A39.d.6D017724D95710C9179956EFF52CBFE4.e.2646/click - {}
RESULT: {}
COMMAND: GET /session/e3ef74d693b3de83aac2ffbdb3bcdfd9/screenshot - {}
RESULT: {}
RESULT: undefined
COMMAND: POST /session/e3ef74d693b3de83aac2ffbdb3bcdfd9/element - {"using":"xpath","value":"//*[@id=\"__tile50\"]"}
RESULT: {"using":"xpath","value":"//*[@id=\"__tile50\"]"}
COMMAND: POST /session/e3ef74d693b3de83aac2ffbdb3bcdfd9/element/f.B277C34A709DB4A5C79D1B8225593A39.d.6D017724D95710C9179956EFF52CBFE4.e.2646/click - {}
RESULT: undefined
COMMAND: POST /session/e3ef74d693b3de83aac2ffbdb3bcdfd9/element - {"using":"xpath","value":"//*[@id=\"__tile50\"]"}
RESULT: {"using":"xpath","value":"//*[@id=\"__tile50\"]"}
COMMAND: POST /session/e3ef74d693b3de83aac2ffbdb3bcdfd9/element/f.B277C34A709DB4A5C79D1B8225593A39.d.6D017724D95710C9179956EFF52CBFE4.e.2646/click - {}
RESULT: undefined
COMMAND: POST /session/e3ef74d693b3de83aac2ffbdb3bcdfd9/execute/async - {"script":"<script> [6424 bytes]","args":[{"element-6066-11e4-a52e-4f735466cecf":"f.B277C34A709DB4A5C79D1B8225593A39.d.6D017724D95710C9179956EFF52CBFE4.e.290"},"getTitle",[]]}
COMMAND: POST /session/e3ef74d693b3de83aac2ffbdb3bcdfd9/execute/async - {"script":"<script> [1562 bytes]","args":[{"selector":{"id":"shellAppTitle"},"wdio_ui5_key":"shellAppTitle"}]}
RESULT: {"script":"<script> [1562 bytes]","args":[{"selector":{"id":"shellAppTitle"},"wdio_ui5_key":"shellAppTitle"}]}
COMMAND: POST /session/e3ef74d693b3de83aac2ffbdb3bcdfd9/execute/async - {"script":"<script> [6424 bytes]","args":[{"element-6066-11e4-a52e-4f735466cecf":"f.B277C34A709DB4A5C79D1B8225593A39.d.6D017724D95710C9179956EFF52CBFE4.e.2803"},"getTitle",[]]}
RESULT: {"script":"<script> [6424 bytes]","args":[{"element-6066-11e4-a52e-4f735466cecf":"f.B277C34A709DB4A5C79D1B8225593A39.d.6D017724D95710C9179956EFF52CBFE4.e.2803"},"getTitle",[]]}
RESULT: undefined
COMMAND: POST /session/e3ef74d693b3de83aac2ffbdb3bcdfd9/element/f.B277C34A709DB4A5C79D1B8225593A39.d.6D017724D95710C9179956EFF52CBFE4.e.2470/click - {}
COMMAND: POST /session/e3ef74d693b3de83aac2ffbdb3bcdfd9/element - {"using":"xpath","value":"//*[@id=\"backBtn\"]"}
RESULT: {"using":"xpath","value":"//*[@id=\"backBtn\"]"}
COMMAND: POST /session/e3ef74d693b3de83aac2ffbdb3bcdfd9/element/f.B277C34A709DB4A5C79D1B8225593A39.d.6D017724D95710C9179956EFF52CBFE4.e.2470/click - {}
COMMAND: POST /session/e3ef74d693b3de83aac2ffbdb3bcdfd9/element - {"using":"xpath","value":"//*[@id=\"backBtn\"]"}
RESULT: {"using":"xpath","value":"//*[@id=\"backBtn\"]"}
COMMAND: POST /session/e3ef74d693b3de83aac2ffbdb3bcdfd9/element/f.B277C34A709DB4A5C79D1B8225593A39.d.6D017724D95710C9179956EFF52CBFE4.e.2804/click - {}
RESULT: {}
COMMAND: GET /session/e3ef74d693b3de83aac2ffbdb3bcdfd9/screenshot - {}
RESULT: {}
]]></system-out>
    </testcase>
    <testcase classname="chrome.135_0_7049_115.windows.Sanity_Tests_US104253" name="Should open Manage Pricing Rules page" time="35.694">
      <system-out><![CDATA[
COMMAND: POST /session/e3ef74d693b3de83aac2ffbdb3bcdfd9/execute/async - {"script":"<script> [1562 bytes]","args":[{"selector":{"controlType":"sap.m.GenericTile","properties":{"header":"Manage Pricing Rules"}},"wdio_ui5_key":"sapm.GenericTile{\"header\":\"Manage Pricing Rules\"}"}]}
RESULT: {"script":"<script> [1562 bytes]","args":[{"selector":{"controlType":"sap.m.GenericTile","properties":{"header":"Manage Pricing Rules"}},"wdio_ui5_key":"sapm.GenericTile{\"header\":\"Manage Pricing Rules\"}"}]}
RESULT: undefined
COMMAND: POST /session/e3ef74d693b3de83aac2ffbdb3bcdfd9/element - {"using":"xpath","value":"//*[@id=\"__tile55\"]"}
RESULT: {"using":"xpath","value":"//*[@id=\"__tile55\"]"}
COMMAND: POST /session/e3ef74d693b3de83aac2ffbdb3bcdfd9/element/f.B277C34A709DB4A5C79D1B8225593A39.d.6D017724D95710C9179956EFF52CBFE4.e.2806/click - {}
RESULT: {}
COMMAND: GET /session/e3ef74d693b3de83aac2ffbdb3bcdfd9/screenshot - {}
RESULT: {}
RESULT: undefined
COMMAND: POST /session/e3ef74d693b3de83aac2ffbdb3bcdfd9/element - {"using":"xpath","value":"//*[@id=\"__tile55\"]"}
RESULT: {"using":"xpath","value":"//*[@id=\"__tile55\"]"}
COMMAND: POST /session/e3ef74d693b3de83aac2ffbdb3bcdfd9/element/f.B277C34A709DB4A5C79D1B8225593A39.d.6D017724D95710C9179956EFF52CBFE4.e.2806/click - {}
RESULT: undefined
COMMAND: POST /session/e3ef74d693b3de83aac2ffbdb3bcdfd9/element - {"using":"xpath","value":"//*[@id=\"__tile55\"]"}
RESULT: {"using":"xpath","value":"//*[@id=\"__tile55\"]"}
COMMAND: POST /session/e3ef74d693b3de83aac2ffbdb3bcdfd9/element/f.B277C34A709DB4A5C79D1B8225593A39.d.6D017724D95710C9179956EFF52CBFE4.e.2806/click - {}
RESULT: undefined
COMMAND: POST /session/e3ef74d693b3de83aac2ffbdb3bcdfd9/execute/async - {"script":"<script> [6424 bytes]","args":[{"element-6066-11e4-a52e-4f735466cecf":"f.B277C34A709DB4A5C79D1B8225593A39.d.6D017724D95710C9179956EFF52CBFE4.e.290"},"getTitle",[]]}
COMMAND: POST /session/e3ef74d693b3de83aac2ffbdb3bcdfd9/execute/async - {"script":"<script> [1562 bytes]","args":[{"selector":{"id":"shellAppTitle"},"wdio_ui5_key":"shellAppTitle"}]}
RESULT: {"script":"<script> [1562 bytes]","args":[{"selector":{"id":"shellAppTitle"},"wdio_ui5_key":"shellAppTitle"}]}
COMMAND: POST /session/e3ef74d693b3de83aac2ffbdb3bcdfd9/execute/async - {"script":"<script> [6424 bytes]","args":[{"element-6066-11e4-a52e-4f735466cecf":"f.B277C34A709DB4A5C79D1B8225593A39.d.6D017724D95710C9179956EFF52CBFE4.e.2854"},"getTitle",[]]}
RESULT: {"script":"<script> [6424 bytes]","args":[{"element-6066-11e4-a52e-4f735466cecf":"f.B277C34A709DB4A5C79D1B8225593A39.d.6D017724D95710C9179956EFF52CBFE4.e.2854"},"getTitle",[]]}
RESULT: undefined
COMMAND: POST /session/e3ef74d693b3de83aac2ffbdb3bcdfd9/element/f.B277C34A709DB4A5C79D1B8225593A39.d.6D017724D95710C9179956EFF52CBFE4.e.2804/click - {}
RESULT: {}
COMMAND: GET /session/e3ef74d693b3de83aac2ffbdb3bcdfd9/screenshot - {}
RESULT: {}
]]></system-out>
    </testcase>
    <testcase classname="chrome.135_0_7049_115.windows.Sanity_Tests_US104253" name="Should open Manage Price Determination Matrices page" time="34.834">
      <system-out><![CDATA[
COMMAND: POST /session/e3ef74d693b3de83aac2ffbdb3bcdfd9/execute/async - {"script":"<script> [1562 bytes]","args":[{"selector":{"controlType":"sap.m.GenericTile","properties":{"header":"Manage Price Determination Matrices"}},"wdio_ui5_key":"sapm.GenericTile{\"header\":\"Manage Price Determination Matrices\"}"}]}
RESULT: {"script":"<script> [1562 bytes]","args":[{"selector":{"controlType":"sap.m.GenericTile","properties":{"header":"Manage Price Determination Matrices"}},"wdio_ui5_key":"sapm.GenericTile{\"header\":\"Manage Price Determination Matrices\"}"}]}
RESULT: undefined
COMMAND: POST /session/e3ef74d693b3de83aac2ffbdb3bcdfd9/element - {"using":"xpath","value":"//*[@id=\"__tile54\"]"}
RESULT: {"using":"xpath","value":"//*[@id=\"__tile54\"]"}
COMMAND: POST /session/e3ef74d693b3de83aac2ffbdb3bcdfd9/element/f.B277C34A709DB4A5C79D1B8225593A39.d.6D017724D95710C9179956EFF52CBFE4.e.2856/click - {}
RESULT: {}
COMMAND: GET /session/e3ef74d693b3de83aac2ffbdb3bcdfd9/screenshot - {}
RESULT: {}
RESULT: undefined
COMMAND: POST /session/e3ef74d693b3de83aac2ffbdb3bcdfd9/element - {"using":"xpath","value":"//*[@id=\"__tile54\"]"}
RESULT: {"using":"xpath","value":"//*[@id=\"__tile54\"]"}
COMMAND: POST /session/e3ef74d693b3de83aac2ffbdb3bcdfd9/element/f.B277C34A709DB4A5C79D1B8225593A39.d.6D017724D95710C9179956EFF52CBFE4.e.2856/click - {}
RESULT: undefined
COMMAND: POST /session/e3ef74d693b3de83aac2ffbdb3bcdfd9/element - {"using":"xpath","value":"//*[@id=\"__tile54\"]"}
RESULT: {"using":"xpath","value":"//*[@id=\"__tile54\"]"}
COMMAND: POST /session/e3ef74d693b3de83aac2ffbdb3bcdfd9/element/f.B277C34A709DB4A5C79D1B8225593A39.d.6D017724D95710C9179956EFF52CBFE4.e.2856/click - {}
RESULT: undefined
COMMAND: POST /session/e3ef74d693b3de83aac2ffbdb3bcdfd9/execute/async - {"script":"<script> [6424 bytes]","args":[{"element-6066-11e4-a52e-4f735466cecf":"f.B277C34A709DB4A5C79D1B8225593A39.d.6D017724D95710C9179956EFF52CBFE4.e.290"},"getTitle",[]]}
COMMAND: POST /session/e3ef74d693b3de83aac2ffbdb3bcdfd9/execute/async - {"script":"<script> [1562 bytes]","args":[{"selector":{"id":"shellAppTitle"},"wdio_ui5_key":"shellAppTitle"}]}
RESULT: {"script":"<script> [1562 bytes]","args":[{"selector":{"id":"shellAppTitle"},"wdio_ui5_key":"shellAppTitle"}]}
COMMAND: POST /session/e3ef74d693b3de83aac2ffbdb3bcdfd9/execute/async - {"script":"<script> [6424 bytes]","args":[{"element-6066-11e4-a52e-4f735466cecf":"f.B277C34A709DB4A5C79D1B8225593A39.d.6D017724D95710C9179956EFF52CBFE4.e.2963"},"getTitle",[]]}
RESULT: {"script":"<script> [6424 bytes]","args":[{"element-6066-11e4-a52e-4f735466cecf":"f.B277C34A709DB4A5C79D1B8225593A39.d.6D017724D95710C9179956EFF52CBFE4.e.2963"},"getTitle",[]]}
RESULT: undefined
COMMAND: POST /session/e3ef74d693b3de83aac2ffbdb3bcdfd9/element/f.B277C34A709DB4A5C79D1B8225593A39.d.6D017724D95710C9179956EFF52CBFE4.e.2804/click - {}
COMMAND: POST /session/e3ef74d693b3de83aac2ffbdb3bcdfd9/element - {"using":"xpath","value":"//*[@id=\"backBtn\"]"}
RESULT: {"using":"xpath","value":"//*[@id=\"backBtn\"]"}
COMMAND: POST /session/e3ef74d693b3de83aac2ffbdb3bcdfd9/element/f.B277C34A709DB4A5C79D1B8225593A39.d.6D017724D95710C9179956EFF52CBFE4.e.2804/click - {}
COMMAND: POST /session/e3ef74d693b3de83aac2ffbdb3bcdfd9/element - {"using":"xpath","value":"//*[@id=\"backBtn\"]"}
RESULT: {"using":"xpath","value":"//*[@id=\"backBtn\"]"}
COMMAND: POST /session/e3ef74d693b3de83aac2ffbdb3bcdfd9/element/f.B277C34A709DB4A5C79D1B8225593A39.d.6D017724D95710C9179956EFF52CBFE4.e.2964/click - {}
RESULT: {}
COMMAND: GET /session/e3ef74d693b3de83aac2ffbdb3bcdfd9/screenshot - {}
RESULT: {}
]]></system-out>
    </testcase>
    <testcase classname="chrome.135_0_7049_115.windows.Sanity_Tests_US104253" name="Should open Yard Overview page" time="32.774">
      <system-out><![CDATA[
COMMAND: POST /session/e3ef74d693b3de83aac2ffbdb3bcdfd9/execute/async - {"script":"<script> [1562 bytes]","args":[{"selector":{"controlType":"sap.m.GenericTile","properties":{"header":"Yard Overview"}},"wdio_ui5_key":"sapm.GenericTile{\"header\":\"Yard Overview\"}"}]}
RESULT: {"script":"<script> [1562 bytes]","args":[{"selector":{"controlType":"sap.m.GenericTile","properties":{"header":"Yard Overview"}},"wdio_ui5_key":"sapm.GenericTile{\"header\":\"Yard Overview\"}"}]}
RESULT: undefined
COMMAND: POST /session/e3ef74d693b3de83aac2ffbdb3bcdfd9/element - {"using":"xpath","value":"//*[@id=\"__tile102\"]"}
RESULT: {"using":"xpath","value":"//*[@id=\"__tile102\"]"}
COMMAND: POST /session/e3ef74d693b3de83aac2ffbdb3bcdfd9/element/f.B277C34A709DB4A5C79D1B8225593A39.d.6D017724D95710C9179956EFF52CBFE4.e.2966/click - {}
RESULT: {}
COMMAND: GET /session/e3ef74d693b3de83aac2ffbdb3bcdfd9/screenshot - {}
RESULT: {}
RESULT: undefined
COMMAND: POST /session/e3ef74d693b3de83aac2ffbdb3bcdfd9/element - {"using":"xpath","value":"//*[@id=\"__tile102\"]"}
RESULT: {"using":"xpath","value":"//*[@id=\"__tile102\"]"}
COMMAND: POST /session/e3ef74d693b3de83aac2ffbdb3bcdfd9/element/f.B277C34A709DB4A5C79D1B8225593A39.d.6D017724D95710C9179956EFF52CBFE4.e.2966/click - {}
RESULT: undefined
COMMAND: POST /session/e3ef74d693b3de83aac2ffbdb3bcdfd9/element - {"using":"xpath","value":"//*[@id=\"__tile102\"]"}
RESULT: {"using":"xpath","value":"//*[@id=\"__tile102\"]"}
COMMAND: POST /session/e3ef74d693b3de83aac2ffbdb3bcdfd9/element/f.B277C34A709DB4A5C79D1B8225593A39.d.6D017724D95710C9179956EFF52CBFE4.e.2966/click - {}
RESULT: undefined
COMMAND: POST /session/e3ef74d693b3de83aac2ffbdb3bcdfd9/execute/async - {"script":"<script> [6424 bytes]","args":[{"element-6066-11e4-a52e-4f735466cecf":"f.B277C34A709DB4A5C79D1B8225593A39.d.6D017724D95710C9179956EFF52CBFE4.e.290"},"getTitle",[]]}
COMMAND: POST /session/e3ef74d693b3de83aac2ffbdb3bcdfd9/execute/async - {"script":"<script> [1562 bytes]","args":[{"selector":{"id":"shellAppTitle"},"wdio_ui5_key":"shellAppTitle"}]}
RESULT: {"script":"<script> [1562 bytes]","args":[{"selector":{"id":"shellAppTitle"},"wdio_ui5_key":"shellAppTitle"}]}
COMMAND: POST /session/e3ef74d693b3de83aac2ffbdb3bcdfd9/execute/async - {"script":"<script> [6424 bytes]","args":[{"element-6066-11e4-a52e-4f735466cecf":"f.B277C34A709DB4A5C79D1B8225593A39.d.6D017724D95710C9179956EFF52CBFE4.e.3024"},"getTitle",[]]}
RESULT: {"script":"<script> [6424 bytes]","args":[{"element-6066-11e4-a52e-4f735466cecf":"f.B277C34A709DB4A5C79D1B8225593A39.d.6D017724D95710C9179956EFF52CBFE4.e.3024"},"getTitle",[]]}
RESULT: undefined
COMMAND: POST /session/e3ef74d693b3de83aac2ffbdb3bcdfd9/element/f.B277C34A709DB4A5C79D1B8225593A39.d.6D017724D95710C9179956EFF52CBFE4.e.2964/click - {}
RESULT: {}
COMMAND: GET /session/e3ef74d693b3de83aac2ffbdb3bcdfd9/screenshot - {}
RESULT: {}
]]></system-out>
    </testcase>
    <testcase classname="chrome.135_0_7049_115.windows.Sanity_Tests_US104253" name="Should open Site Overview page" time="37.362">
      <system-out><![CDATA[
COMMAND: POST /session/e3ef74d693b3de83aac2ffbdb3bcdfd9/execute/async - {"script":"<script> [1562 bytes]","args":[{"selector":{"controlType":"sap.m.GenericTile","properties":{"header":"Site Overview"}},"wdio_ui5_key":"sapm.GenericTile{\"header\":\"Site Overview\"}"}]}
RESULT: {"script":"<script> [1562 bytes]","args":[{"selector":{"controlType":"sap.m.GenericTile","properties":{"header":"Site Overview"}},"wdio_ui5_key":"sapm.GenericTile{\"header\":\"Site Overview\"}"}]}
RESULT: undefined
COMMAND: POST /session/e3ef74d693b3de83aac2ffbdb3bcdfd9/element - {"using":"xpath","value":"//*[@id=\"__tile100\"]"}
RESULT: {"using":"xpath","value":"//*[@id=\"__tile100\"]"}
COMMAND: POST /session/e3ef74d693b3de83aac2ffbdb3bcdfd9/element/f.B277C34A709DB4A5C79D1B8225593A39.d.6D017724D95710C9179956EFF52CBFE4.e.3027/click - {}
RESULT: {}
COMMAND: GET /session/e3ef74d693b3de83aac2ffbdb3bcdfd9/screenshot - {}
RESULT: {}
RESULT: undefined
COMMAND: POST /session/e3ef74d693b3de83aac2ffbdb3bcdfd9/element - {"using":"xpath","value":"//*[@id=\"__tile100\"]"}
RESULT: {"using":"xpath","value":"//*[@id=\"__tile100\"]"}
COMMAND: POST /session/e3ef74d693b3de83aac2ffbdb3bcdfd9/element/f.B277C34A709DB4A5C79D1B8225593A39.d.6D017724D95710C9179956EFF52CBFE4.e.3027/click - {}
RESULT: undefined
COMMAND: POST /session/e3ef74d693b3de83aac2ffbdb3bcdfd9/element - {"using":"xpath","value":"//*[@id=\"__tile100\"]"}
RESULT: {"using":"xpath","value":"//*[@id=\"__tile100\"]"}
COMMAND: POST /session/e3ef74d693b3de83aac2ffbdb3bcdfd9/element/f.B277C34A709DB4A5C79D1B8225593A39.d.6D017724D95710C9179956EFF52CBFE4.e.3027/click - {}
RESULT: undefined
COMMAND: POST /session/e3ef74d693b3de83aac2ffbdb3bcdfd9/execute/async - {"script":"<script> [6424 bytes]","args":[{"element-6066-11e4-a52e-4f735466cecf":"f.B277C34A709DB4A5C79D1B8225593A39.d.6D017724D95710C9179956EFF52CBFE4.e.290"},"getTitle",[]]}
COMMAND: POST /session/e3ef74d693b3de83aac2ffbdb3bcdfd9/execute/async - {"script":"<script> [1562 bytes]","args":[{"selector":{"id":"shellAppTitle"},"wdio_ui5_key":"shellAppTitle"}]}
RESULT: {"script":"<script> [1562 bytes]","args":[{"selector":{"id":"shellAppTitle"},"wdio_ui5_key":"shellAppTitle"}]}
COMMAND: POST /session/e3ef74d693b3de83aac2ffbdb3bcdfd9/execute/async - {"script":"<script> [6424 bytes]","args":[{"element-6066-11e4-a52e-4f735466cecf":"f.B277C34A709DB4A5C79D1B8225593A39.d.6D017724D95710C9179956EFF52CBFE4.e.3147"},"getTitle",[]]}
RESULT: {"script":"<script> [6424 bytes]","args":[{"element-6066-11e4-a52e-4f735466cecf":"f.B277C34A709DB4A5C79D1B8225593A39.d.6D017724D95710C9179956EFF52CBFE4.e.3147"},"getTitle",[]]}
RESULT: undefined
COMMAND: POST /session/e3ef74d693b3de83aac2ffbdb3bcdfd9/element/f.B277C34A709DB4A5C79D1B8225593A39.d.6D017724D95710C9179956EFF52CBFE4.e.2964/click - {}
COMMAND: POST /session/e3ef74d693b3de83aac2ffbdb3bcdfd9/element - {"using":"xpath","value":"//*[@id=\"backBtn\"]"}
RESULT: {"using":"xpath","value":"//*[@id=\"backBtn\"]"}
COMMAND: POST /session/e3ef74d693b3de83aac2ffbdb3bcdfd9/element/f.B277C34A709DB4A5C79D1B8225593A39.d.6D017724D95710C9179956EFF52CBFE4.e.2964/click - {}
COMMAND: POST /session/e3ef74d693b3de83aac2ffbdb3bcdfd9/element - {"using":"xpath","value":"//*[@id=\"backBtn\"]"}
RESULT: {"using":"xpath","value":"//*[@id=\"backBtn\"]"}
COMMAND: POST /session/e3ef74d693b3de83aac2ffbdb3bcdfd9/element/f.B277C34A709DB4A5C79D1B8225593A39.d.6D017724D95710C9179956EFF52CBFE4.e.3148/click - {}
RESULT: {}
COMMAND: GET /session/e3ef74d693b3de83aac2ffbdb3bcdfd9/screenshot - {}
RESULT: {}
]]></system-out>
    </testcase>
    <testcase classname="chrome.135_0_7049_115.windows.Sanity_Tests_US104253" name="Should open Trace Track Resources page" time="37.993">
      <system-out><![CDATA[
COMMAND: POST /session/e3ef74d693b3de83aac2ffbdb3bcdfd9/execute/async - {"script":"<script> [1562 bytes]","args":[{"selector":{"controlType":"sap.m.GenericTile","properties":{"header":"Trace & Track Resources"}},"wdio_ui5_key":"sapm.GenericTile{\"header\":\"Trace & Track Resources\"}"}]}
RESULT: {"script":"<script> [1562 bytes]","args":[{"selector":{"controlType":"sap.m.GenericTile","properties":{"header":"Trace & Track Resources"}},"wdio_ui5_key":"sapm.GenericTile{\"header\":\"Trace & Track Resources\"}"}]}
RESULT: undefined
COMMAND: POST /session/e3ef74d693b3de83aac2ffbdb3bcdfd9/element - {"using":"xpath","value":"//*[@id=\"__tile101\"]"}
RESULT: {"using":"xpath","value":"//*[@id=\"__tile101\"]"}
COMMAND: POST /session/e3ef74d693b3de83aac2ffbdb3bcdfd9/element/f.B277C34A709DB4A5C79D1B8225593A39.d.6D017724D95710C9179956EFF52CBFE4.e.3150/click - {}
RESULT: {}
COMMAND: GET /session/e3ef74d693b3de83aac2ffbdb3bcdfd9/screenshot - {}
RESULT: {}
RESULT: undefined
COMMAND: POST /session/e3ef74d693b3de83aac2ffbdb3bcdfd9/element - {"using":"xpath","value":"//*[@id=\"__tile101\"]"}
RESULT: {"using":"xpath","value":"//*[@id=\"__tile101\"]"}
COMMAND: POST /session/e3ef74d693b3de83aac2ffbdb3bcdfd9/element/f.B277C34A709DB4A5C79D1B8225593A39.d.6D017724D95710C9179956EFF52CBFE4.e.3150/click - {}
RESULT: undefined
COMMAND: POST /session/e3ef74d693b3de83aac2ffbdb3bcdfd9/element - {"using":"xpath","value":"//*[@id=\"__tile101\"]"}
RESULT: {"using":"xpath","value":"//*[@id=\"__tile101\"]"}
COMMAND: POST /session/e3ef74d693b3de83aac2ffbdb3bcdfd9/element/f.B277C34A709DB4A5C79D1B8225593A39.d.6D017724D95710C9179956EFF52CBFE4.e.3150/click - {}
RESULT: undefined
COMMAND: POST /session/e3ef74d693b3de83aac2ffbdb3bcdfd9/execute/async - {"script":"<script> [6424 bytes]","args":[{"element-6066-11e4-a52e-4f735466cecf":"f.B277C34A709DB4A5C79D1B8225593A39.d.6D017724D95710C9179956EFF52CBFE4.e.290"},"getTitle",[]]}
COMMAND: POST /session/e3ef74d693b3de83aac2ffbdb3bcdfd9/execute/async - {"script":"<script> [1562 bytes]","args":[{"selector":{"id":"shellAppTitle"},"wdio_ui5_key":"shellAppTitle"}]}
RESULT: {"script":"<script> [1562 bytes]","args":[{"selector":{"id":"shellAppTitle"},"wdio_ui5_key":"shellAppTitle"}]}
COMMAND: POST /session/e3ef74d693b3de83aac2ffbdb3bcdfd9/execute/async - {"script":"<script> [6424 bytes]","args":[{"element-6066-11e4-a52e-4f735466cecf":"f.B277C34A709DB4A5C79D1B8225593A39.d.6D017724D95710C9179956EFF52CBFE4.e.3194"},"getTitle",[]]}
RESULT: {"script":"<script> [6424 bytes]","args":[{"element-6066-11e4-a52e-4f735466cecf":"f.B277C34A709DB4A5C79D1B8225593A39.d.6D017724D95710C9179956EFF52CBFE4.e.3194"},"getTitle",[]]}
RESULT: undefined
COMMAND: POST /session/e3ef74d693b3de83aac2ffbdb3bcdfd9/element/f.B277C34A709DB4A5C79D1B8225593A39.d.6D017724D95710C9179956EFF52CBFE4.e.3148/click - {}
RESULT: {}
COMMAND: GET /session/e3ef74d693b3de83aac2ffbdb3bcdfd9/screenshot - {}
RESULT: {}
]]></system-out>
    </testcase>
    <testcase classname="chrome.135_0_7049_115.windows.Sanity_Tests_US104253" name="Should open RU Inventory List page" time="38.306">
      <system-out><![CDATA[
COMMAND: POST /session/e3ef74d693b3de83aac2ffbdb3bcdfd9/execute/async - {"script":"<script> [1562 bytes]","args":[{"selector":{"controlType":"sap.m.GenericTile","properties":{"header":"RU Inventory List"}},"wdio_ui5_key":"sapm.GenericTile{\"header\":\"RU Inventory List\"}"}]}
RESULT: {"script":"<script> [1562 bytes]","args":[{"selector":{"controlType":"sap.m.GenericTile","properties":{"header":"RU Inventory List"}},"wdio_ui5_key":"sapm.GenericTile{\"header\":\"RU Inventory List\"}"}]}
RESULT: undefined
COMMAND: POST /session/e3ef74d693b3de83aac2ffbdb3bcdfd9/element - {"using":"xpath","value":"//*[@id=\"__tile99\"]"}
RESULT: {"using":"xpath","value":"//*[@id=\"__tile99\"]"}
COMMAND: POST /session/e3ef74d693b3de83aac2ffbdb3bcdfd9/element/f.B277C34A709DB4A5C79D1B8225593A39.d.6D017724D95710C9179956EFF52CBFE4.e.3196/click - {}
RESULT: {}
COMMAND: GET /session/e3ef74d693b3de83aac2ffbdb3bcdfd9/screenshot - {}
RESULT: {}
RESULT: undefined
COMMAND: POST /session/e3ef74d693b3de83aac2ffbdb3bcdfd9/element - {"using":"xpath","value":"//*[@id=\"__tile99\"]"}
RESULT: {"using":"xpath","value":"//*[@id=\"__tile99\"]"}
COMMAND: POST /session/e3ef74d693b3de83aac2ffbdb3bcdfd9/element/f.B277C34A709DB4A5C79D1B8225593A39.d.6D017724D95710C9179956EFF52CBFE4.e.3196/click - {}
RESULT: undefined
COMMAND: POST /session/e3ef74d693b3de83aac2ffbdb3bcdfd9/element - {"using":"xpath","value":"//*[@id=\"__tile99\"]"}
RESULT: {"using":"xpath","value":"//*[@id=\"__tile99\"]"}
COMMAND: POST /session/e3ef74d693b3de83aac2ffbdb3bcdfd9/element/f.B277C34A709DB4A5C79D1B8225593A39.d.6D017724D95710C9179956EFF52CBFE4.e.3196/click - {}
RESULT: undefined
COMMAND: POST /session/e3ef74d693b3de83aac2ffbdb3bcdfd9/execute/async - {"script":"<script> [6424 bytes]","args":[{"element-6066-11e4-a52e-4f735466cecf":"f.B277C34A709DB4A5C79D1B8225593A39.d.6D017724D95710C9179956EFF52CBFE4.e.290"},"getTitle",[]]}
COMMAND: POST /session/e3ef74d693b3de83aac2ffbdb3bcdfd9/execute/async - {"script":"<script> [1562 bytes]","args":[{"selector":{"id":"shellAppTitle"},"wdio_ui5_key":"shellAppTitle"}]}
RESULT: {"script":"<script> [1562 bytes]","args":[{"selector":{"id":"shellAppTitle"},"wdio_ui5_key":"shellAppTitle"}]}
COMMAND: POST /session/e3ef74d693b3de83aac2ffbdb3bcdfd9/execute/async - {"script":"<script> [6424 bytes]","args":[{"element-6066-11e4-a52e-4f735466cecf":"f.B277C34A709DB4A5C79D1B8225593A39.d.6D017724D95710C9179956EFF52CBFE4.e.3399"},"getTitle",[]]}
RESULT: {"script":"<script> [6424 bytes]","args":[{"element-6066-11e4-a52e-4f735466cecf":"f.B277C34A709DB4A5C79D1B8225593A39.d.6D017724D95710C9179956EFF52CBFE4.e.3399"},"getTitle",[]]}
RESULT: undefined
COMMAND: POST /session/e3ef74d693b3de83aac2ffbdb3bcdfd9/element/f.B277C34A709DB4A5C79D1B8225593A39.d.6D017724D95710C9179956EFF52CBFE4.e.3148/click - {}
COMMAND: POST /session/e3ef74d693b3de83aac2ffbdb3bcdfd9/element - {"using":"xpath","value":"//*[@id=\"backBtn\"]"}
RESULT: {"using":"xpath","value":"//*[@id=\"backBtn\"]"}
COMMAND: POST /session/e3ef74d693b3de83aac2ffbdb3bcdfd9/element/f.B277C34A709DB4A5C79D1B8225593A39.d.6D017724D95710C9179956EFF52CBFE4.e.3148/click - {}
COMMAND: POST /session/e3ef74d693b3de83aac2ffbdb3bcdfd9/element - {"using":"xpath","value":"//*[@id=\"backBtn\"]"}
RESULT: {"using":"xpath","value":"//*[@id=\"backBtn\"]"}
COMMAND: POST /session/e3ef74d693b3de83aac2ffbdb3bcdfd9/element/f.B277C34A709DB4A5C79D1B8225593A39.d.6D017724D95710C9179956EFF52CBFE4.e.3400/click - {}
RESULT: {}
COMMAND: GET /session/e3ef74d693b3de83aac2ffbdb3bcdfd9/screenshot - {}
RESULT: {}
]]></system-out>
    </testcase>
    <testcase classname="chrome.135_0_7049_115.windows.Sanity_Tests_US104253" name="Should open Contracts Dashboard page" time="34.44">
      <system-out><![CDATA[
COMMAND: POST /session/e3ef74d693b3de83aac2ffbdb3bcdfd9/execute/async - {"script":"<script> [1562 bytes]","args":[{"selector":{"controlType":"sap.m.GenericTile","properties":{"header":"Contracts Dashboard"}},"wdio_ui5_key":"sapm.GenericTile{\"header\":\"Contracts Dashboard\"}"}]}
RESULT: {"script":"<script> [1562 bytes]","args":[{"selector":{"controlType":"sap.m.GenericTile","properties":{"header":"Contracts Dashboard"}},"wdio_ui5_key":"sapm.GenericTile{\"header\":\"Contracts Dashboard\"}"}]}
RESULT: undefined
COMMAND: POST /session/e3ef74d693b3de83aac2ffbdb3bcdfd9/element - {"using":"xpath","value":"//*[@id=\"__tile97\"]"}
RESULT: {"using":"xpath","value":"//*[@id=\"__tile97\"]"}
COMMAND: POST /session/e3ef74d693b3de83aac2ffbdb3bcdfd9/element/f.B277C34A709DB4A5C79D1B8225593A39.d.6D017724D95710C9179956EFF52CBFE4.e.3402/click - {}
RESULT: {}
COMMAND: GET /session/e3ef74d693b3de83aac2ffbdb3bcdfd9/screenshot - {}
RESULT: {}
RESULT: undefined
COMMAND: POST /session/e3ef74d693b3de83aac2ffbdb3bcdfd9/element - {"using":"xpath","value":"//*[@id=\"__tile97\"]"}
RESULT: {"using":"xpath","value":"//*[@id=\"__tile97\"]"}
COMMAND: POST /session/e3ef74d693b3de83aac2ffbdb3bcdfd9/element/f.B277C34A709DB4A5C79D1B8225593A39.d.6D017724D95710C9179956EFF52CBFE4.e.3402/click - {}
RESULT: undefined
COMMAND: POST /session/e3ef74d693b3de83aac2ffbdb3bcdfd9/element - {"using":"xpath","value":"//*[@id=\"__tile97\"]"}
RESULT: {"using":"xpath","value":"//*[@id=\"__tile97\"]"}
COMMAND: POST /session/e3ef74d693b3de83aac2ffbdb3bcdfd9/element/f.B277C34A709DB4A5C79D1B8225593A39.d.6D017724D95710C9179956EFF52CBFE4.e.3402/click - {}
RESULT: undefined
COMMAND: POST /session/e3ef74d693b3de83aac2ffbdb3bcdfd9/execute/async - {"script":"<script> [6424 bytes]","args":[{"element-6066-11e4-a52e-4f735466cecf":"f.B277C34A709DB4A5C79D1B8225593A39.d.6D017724D95710C9179956EFF52CBFE4.e.290"},"getTitle",[]]}
COMMAND: POST /session/e3ef74d693b3de83aac2ffbdb3bcdfd9/execute/async - {"script":"<script> [1562 bytes]","args":[{"selector":{"id":"shellAppTitle"},"wdio_ui5_key":"shellAppTitle"}]}
RESULT: {"script":"<script> [1562 bytes]","args":[{"selector":{"id":"shellAppTitle"},"wdio_ui5_key":"shellAppTitle"}]}
COMMAND: POST /session/e3ef74d693b3de83aac2ffbdb3bcdfd9/execute/async - {"script":"<script> [6424 bytes]","args":[{"element-6066-11e4-a52e-4f735466cecf":"f.B277C34A709DB4A5C79D1B8225593A39.d.6D017724D95710C9179956EFF52CBFE4.e.3425"},"getTitle",[]]}
RESULT: {"script":"<script> [6424 bytes]","args":[{"element-6066-11e4-a52e-4f735466cecf":"f.B277C34A709DB4A5C79D1B8225593A39.d.6D017724D95710C9179956EFF52CBFE4.e.3425"},"getTitle",[]]}
RESULT: undefined
COMMAND: POST /session/e3ef74d693b3de83aac2ffbdb3bcdfd9/element/f.B277C34A709DB4A5C79D1B8225593A39.d.6D017724D95710C9179956EFF52CBFE4.e.3400/click - {}
RESULT: {}
COMMAND: GET /session/e3ef74d693b3de83aac2ffbdb3bcdfd9/screenshot - {}
RESULT: {}
]]></system-out>
    </testcase>
    <testcase classname="chrome.135_0_7049_115.windows.Sanity_Tests_US104253" name="Should open Bin Status Report page" time="37.103">
      <system-out><![CDATA[
COMMAND: POST /session/e3ef74d693b3de83aac2ffbdb3bcdfd9/execute/async - {"script":"<script> [1562 bytes]","args":[{"selector":{"controlType":"sap.m.GenericTile","properties":{"header":"Bin Status Report"}},"wdio_ui5_key":"sapm.GenericTile{\"header\":\"Bin Status Report\"}"}]}
RESULT: {"script":"<script> [1562 bytes]","args":[{"selector":{"controlType":"sap.m.GenericTile","properties":{"header":"Bin Status Report"}},"wdio_ui5_key":"sapm.GenericTile{\"header\":\"Bin Status Report\"}"}]}
RESULT: undefined
COMMAND: POST /session/e3ef74d693b3de83aac2ffbdb3bcdfd9/element - {"using":"xpath","value":"//*[@id=\"__tile104\"]"}
RESULT: {"using":"xpath","value":"//*[@id=\"__tile104\"]"}
COMMAND: POST /session/e3ef74d693b3de83aac2ffbdb3bcdfd9/element/f.B277C34A709DB4A5C79D1B8225593A39.d.6D017724D95710C9179956EFF52CBFE4.e.3427/click - {}
RESULT: {}
COMMAND: GET /session/e3ef74d693b3de83aac2ffbdb3bcdfd9/screenshot - {}
RESULT: {}
RESULT: undefined
COMMAND: POST /session/e3ef74d693b3de83aac2ffbdb3bcdfd9/element - {"using":"xpath","value":"//*[@id=\"__tile104\"]"}
RESULT: {"using":"xpath","value":"//*[@id=\"__tile104\"]"}
COMMAND: POST /session/e3ef74d693b3de83aac2ffbdb3bcdfd9/element/f.B277C34A709DB4A5C79D1B8225593A39.d.6D017724D95710C9179956EFF52CBFE4.e.3427/click - {}
RESULT: undefined
COMMAND: POST /session/e3ef74d693b3de83aac2ffbdb3bcdfd9/element - {"using":"xpath","value":"//*[@id=\"__tile104\"]"}
RESULT: {"using":"xpath","value":"//*[@id=\"__tile104\"]"}
COMMAND: POST /session/e3ef74d693b3de83aac2ffbdb3bcdfd9/element/f.B277C34A709DB4A5C79D1B8225593A39.d.6D017724D95710C9179956EFF52CBFE4.e.3427/click - {}
RESULT: undefined
COMMAND: POST /session/e3ef74d693b3de83aac2ffbdb3bcdfd9/execute/async - {"script":"<script> [6424 bytes]","args":[{"element-6066-11e4-a52e-4f735466cecf":"f.B277C34A709DB4A5C79D1B8225593A39.d.6D017724D95710C9179956EFF52CBFE4.e.290"},"getTitle",[]]}
COMMAND: POST /session/e3ef74d693b3de83aac2ffbdb3bcdfd9/execute/async - {"script":"<script> [1562 bytes]","args":[{"selector":{"id":"shellAppTitle"},"wdio_ui5_key":"shellAppTitle"}]}
RESULT: {"script":"<script> [1562 bytes]","args":[{"selector":{"id":"shellAppTitle"},"wdio_ui5_key":"shellAppTitle"}]}
COMMAND: POST /session/e3ef74d693b3de83aac2ffbdb3bcdfd9/execute/async - {"script":"<script> [6424 bytes]","args":[{"element-6066-11e4-a52e-4f735466cecf":"f.B277C34A709DB4A5C79D1B8225593A39.d.6D017724D95710C9179956EFF52CBFE4.e.3738"},"getTitle",[]]}
RESULT: {"script":"<script> [6424 bytes]","args":[{"element-6066-11e4-a52e-4f735466cecf":"f.B277C34A709DB4A5C79D1B8225593A39.d.6D017724D95710C9179956EFF52CBFE4.e.3738"},"getTitle",[]]}
RESULT: undefined
COMMAND: POST /session/e3ef74d693b3de83aac2ffbdb3bcdfd9/element/f.B277C34A709DB4A5C79D1B8225593A39.d.6D017724D95710C9179956EFF52CBFE4.e.3400/click - {}
COMMAND: POST /session/e3ef74d693b3de83aac2ffbdb3bcdfd9/element - {"using":"xpath","value":"//*[@id=\"backBtn\"]"}
RESULT: {"using":"xpath","value":"//*[@id=\"backBtn\"]"}
COMMAND: POST /session/e3ef74d693b3de83aac2ffbdb3bcdfd9/element/f.B277C34A709DB4A5C79D1B8225593A39.d.6D017724D95710C9179956EFF52CBFE4.e.3400/click - {}
COMMAND: POST /session/e3ef74d693b3de83aac2ffbdb3bcdfd9/element - {"using":"xpath","value":"//*[@id=\"backBtn\"]"}
RESULT: {"using":"xpath","value":"//*[@id=\"backBtn\"]"}
COMMAND: POST /session/e3ef74d693b3de83aac2ffbdb3bcdfd9/element/f.B277C34A709DB4A5C79D1B8225593A39.d.6D017724D95710C9179956EFF52CBFE4.e.3739/click - {}
RESULT: {}
COMMAND: GET /session/e3ef74d693b3de83aac2ffbdb3bcdfd9/screenshot - {}
RESULT: {}
]]></system-out>
    </testcase>
    <testcase classname="chrome.135_0_7049_115.windows.Sanity_Tests_US104253" name="Should open Manage Warehouse Movements page" time="38.143">
      <system-out><![CDATA[
COMMAND: POST /session/e3ef74d693b3de83aac2ffbdb3bcdfd9/execute/async - {"script":"<script> [1562 bytes]","args":[{"selector":{"controlType":"sap.m.GenericTile","properties":{"header":"Manage Warehouse Movements"}},"wdio_ui5_key":"sapm.GenericTile{\"header\":\"Manage Warehouse Movements\"}"}]}
RESULT: {"script":"<script> [1562 bytes]","args":[{"selector":{"controlType":"sap.m.GenericTile","properties":{"header":"Manage Warehouse Movements"}},"wdio_ui5_key":"sapm.GenericTile{\"header\":\"Manage Warehouse Movements\"}"}]}
RESULT: undefined
COMMAND: POST /session/e3ef74d693b3de83aac2ffbdb3bcdfd9/element - {"using":"xpath","value":"//*[@id=\"__tile105\"]"}
RESULT: {"using":"xpath","value":"//*[@id=\"__tile105\"]"}
COMMAND: POST /session/e3ef74d693b3de83aac2ffbdb3bcdfd9/element/f.B277C34A709DB4A5C79D1B8225593A39.d.6D017724D95710C9179956EFF52CBFE4.e.3743/click - {}
RESULT: {}
COMMAND: GET /session/e3ef74d693b3de83aac2ffbdb3bcdfd9/screenshot - {}
RESULT: {}
RESULT: undefined
COMMAND: POST /session/e3ef74d693b3de83aac2ffbdb3bcdfd9/element - {"using":"xpath","value":"//*[@id=\"__tile105\"]"}
RESULT: {"using":"xpath","value":"//*[@id=\"__tile105\"]"}
COMMAND: POST /session/e3ef74d693b3de83aac2ffbdb3bcdfd9/element/f.B277C34A709DB4A5C79D1B8225593A39.d.6D017724D95710C9179956EFF52CBFE4.e.3743/click - {}
RESULT: undefined
COMMAND: POST /session/e3ef74d693b3de83aac2ffbdb3bcdfd9/element - {"using":"xpath","value":"//*[@id=\"__tile105\"]"}
RESULT: {"using":"xpath","value":"//*[@id=\"__tile105\"]"}
COMMAND: POST /session/e3ef74d693b3de83aac2ffbdb3bcdfd9/element/f.B277C34A709DB4A5C79D1B8225593A39.d.6D017724D95710C9179956EFF52CBFE4.e.3743/click - {}
RESULT: undefined
COMMAND: POST /session/e3ef74d693b3de83aac2ffbdb3bcdfd9/execute/async - {"script":"<script> [6424 bytes]","args":[{"element-6066-11e4-a52e-4f735466cecf":"f.B277C34A709DB4A5C79D1B8225593A39.d.6D017724D95710C9179956EFF52CBFE4.e.290"},"getTitle",[]]}
COMMAND: POST /session/e3ef74d693b3de83aac2ffbdb3bcdfd9/execute/async - {"script":"<script> [1562 bytes]","args":[{"selector":{"id":"shellAppTitle"},"wdio_ui5_key":"shellAppTitle"}]}
RESULT: {"script":"<script> [1562 bytes]","args":[{"selector":{"id":"shellAppTitle"},"wdio_ui5_key":"shellAppTitle"}]}
COMMAND: POST /session/e3ef74d693b3de83aac2ffbdb3bcdfd9/execute/async - {"script":"<script> [6424 bytes]","args":[{"element-6066-11e4-a52e-4f735466cecf":"f.B277C34A709DB4A5C79D1B8225593A39.d.6D017724D95710C9179956EFF52CBFE4.e.3844"},"getTitle",[]]}
RESULT: {"script":"<script> [6424 bytes]","args":[{"element-6066-11e4-a52e-4f735466cecf":"f.B277C34A709DB4A5C79D1B8225593A39.d.6D017724D95710C9179956EFF52CBFE4.e.3844"},"getTitle",[]]}
RESULT: undefined
COMMAND: POST /session/e3ef74d693b3de83aac2ffbdb3bcdfd9/element/f.B277C34A709DB4A5C79D1B8225593A39.d.6D017724D95710C9179956EFF52CBFE4.e.3739/click - {}
RESULT: {}
COMMAND: GET /session/e3ef74d693b3de83aac2ffbdb3bcdfd9/screenshot - {}
RESULT: {}
]]></system-out>
    </testcase>
    <testcase classname="chrome.135_0_7049_115.windows.Sanity_Tests_US104253" name="Should open Bin Inventory List page" time="40.091">
      <system-out><![CDATA[
COMMAND: POST /session/e3ef74d693b3de83aac2ffbdb3bcdfd9/execute/async - {"script":"<script> [1562 bytes]","args":[{"selector":{"controlType":"sap.m.GenericTile","properties":{"header":"Bin Inventory List"}},"wdio_ui5_key":"sapm.GenericTile{\"header\":\"Bin Inventory List\"}"}]}
RESULT: {"script":"<script> [1562 bytes]","args":[{"selector":{"controlType":"sap.m.GenericTile","properties":{"header":"Bin Inventory List"}},"wdio_ui5_key":"sapm.GenericTile{\"header\":\"Bin Inventory List\"}"}]}
RESULT: undefined
COMMAND: POST /session/e3ef74d693b3de83aac2ffbdb3bcdfd9/element - {"using":"xpath","value":"//*[@id=\"__tile103\"]"}
RESULT: {"using":"xpath","value":"//*[@id=\"__tile103\"]"}
COMMAND: POST /session/e3ef74d693b3de83aac2ffbdb3bcdfd9/element/f.B277C34A709DB4A5C79D1B8225593A39.d.6D017724D95710C9179956EFF52CBFE4.e.3846/click - {}
RESULT: {}
COMMAND: GET /session/e3ef74d693b3de83aac2ffbdb3bcdfd9/screenshot - {}
RESULT: {}
RESULT: undefined
COMMAND: POST /session/e3ef74d693b3de83aac2ffbdb3bcdfd9/element - {"using":"xpath","value":"//*[@id=\"__tile103\"]"}
RESULT: {"using":"xpath","value":"//*[@id=\"__tile103\"]"}
COMMAND: POST /session/e3ef74d693b3de83aac2ffbdb3bcdfd9/element/f.B277C34A709DB4A5C79D1B8225593A39.d.6D017724D95710C9179956EFF52CBFE4.e.3846/click - {}
RESULT: undefined
COMMAND: POST /session/e3ef74d693b3de83aac2ffbdb3bcdfd9/element - {"using":"xpath","value":"//*[@id=\"__tile103\"]"}
RESULT: {"using":"xpath","value":"//*[@id=\"__tile103\"]"}
COMMAND: POST /session/e3ef74d693b3de83aac2ffbdb3bcdfd9/element/f.B277C34A709DB4A5C79D1B8225593A39.d.6D017724D95710C9179956EFF52CBFE4.e.3846/click - {}
RESULT: undefined
COMMAND: POST /session/e3ef74d693b3de83aac2ffbdb3bcdfd9/execute/async - {"script":"<script> [6424 bytes]","args":[{"element-6066-11e4-a52e-4f735466cecf":"f.B277C34A709DB4A5C79D1B8225593A39.d.6D017724D95710C9179956EFF52CBFE4.e.290"},"getTitle",[]]}
COMMAND: POST /session/e3ef74d693b3de83aac2ffbdb3bcdfd9/execute/async - {"script":"<script> [1562 bytes]","args":[{"selector":{"id":"shellAppTitle"},"wdio_ui5_key":"shellAppTitle"}]}
RESULT: {"script":"<script> [1562 bytes]","args":[{"selector":{"id":"shellAppTitle"},"wdio_ui5_key":"shellAppTitle"}]}
COMMAND: POST /session/e3ef74d693b3de83aac2ffbdb3bcdfd9/execute/async - {"script":"<script> [6424 bytes]","args":[{"element-6066-11e4-a52e-4f735466cecf":"f.B277C34A709DB4A5C79D1B8225593A39.d.6D017724D95710C9179956EFF52CBFE4.e.3949"},"getTitle",[]]}
RESULT: {"script":"<script> [6424 bytes]","args":[{"element-6066-11e4-a52e-4f735466cecf":"f.B277C34A709DB4A5C79D1B8225593A39.d.6D017724D95710C9179956EFF52CBFE4.e.3949"},"getTitle",[]]}
RESULT: undefined
COMMAND: POST /session/e3ef74d693b3de83aac2ffbdb3bcdfd9/element/f.B277C34A709DB4A5C79D1B8225593A39.d.6D017724D95710C9179956EFF52CBFE4.e.3739/click - {}
COMMAND: POST /session/e3ef74d693b3de83aac2ffbdb3bcdfd9/element - {"using":"xpath","value":"//*[@id=\"backBtn\"]"}
RESULT: {"using":"xpath","value":"//*[@id=\"backBtn\"]"}
COMMAND: POST /session/e3ef74d693b3de83aac2ffbdb3bcdfd9/element/f.B277C34A709DB4A5C79D1B8225593A39.d.6D017724D95710C9179956EFF52CBFE4.e.3739/click - {}
COMMAND: POST /session/e3ef74d693b3de83aac2ffbdb3bcdfd9/element - {"using":"xpath","value":"//*[@id=\"backBtn\"]"}
RESULT: {"using":"xpath","value":"//*[@id=\"backBtn\"]"}
COMMAND: POST /session/e3ef74d693b3de83aac2ffbdb3bcdfd9/element/f.B277C34A709DB4A5C79D1B8225593A39.d.6D017724D95710C9179956EFF52CBFE4.e.3950/click - {}
RESULT: {}
COMMAND: GET /session/e3ef74d693b3de83aac2ffbdb3bcdfd9/screenshot - {}
RESULT: {}
]]></system-out>
    </testcase>
    <testcase classname="chrome.135_0_7049_115.windows.Sanity_Tests_US104253" name="Should open ISC Templates page" time="43.441">
      <system-out><![CDATA[
COMMAND: POST /session/e3ef74d693b3de83aac2ffbdb3bcdfd9/execute/async - {"script":"<script> [1562 bytes]","args":[{"selector":{"controlType":"sap.m.GenericTile","properties":{"header":"ISC Templates"}},"wdio_ui5_key":"sapm.GenericTile{\"header\":\"ISC Templates\"}"}]}
RESULT: {"script":"<script> [1562 bytes]","args":[{"selector":{"controlType":"sap.m.GenericTile","properties":{"header":"ISC Templates"}},"wdio_ui5_key":"sapm.GenericTile{\"header\":\"ISC Templates\"}"}]}
RESULT: undefined
COMMAND: POST /session/e3ef74d693b3de83aac2ffbdb3bcdfd9/element - {"using":"xpath","value":"//*[@id=\"__tile111\"]"}
RESULT: {"using":"xpath","value":"//*[@id=\"__tile111\"]"}
COMMAND: POST /session/e3ef74d693b3de83aac2ffbdb3bcdfd9/element/f.B277C34A709DB4A5C79D1B8225593A39.d.6D017724D95710C9179956EFF52CBFE4.e.3952/click - {}
RESULT: {}
COMMAND: GET /session/e3ef74d693b3de83aac2ffbdb3bcdfd9/screenshot - {}
RESULT: {}
RESULT: undefined
COMMAND: POST /session/e3ef74d693b3de83aac2ffbdb3bcdfd9/element - {"using":"xpath","value":"//*[@id=\"__tile111\"]"}
RESULT: {"using":"xpath","value":"//*[@id=\"__tile111\"]"}
COMMAND: POST /session/e3ef74d693b3de83aac2ffbdb3bcdfd9/element/f.B277C34A709DB4A5C79D1B8225593A39.d.6D017724D95710C9179956EFF52CBFE4.e.3952/click - {}
RESULT: undefined
COMMAND: POST /session/e3ef74d693b3de83aac2ffbdb3bcdfd9/element - {"using":"xpath","value":"//*[@id=\"__tile111\"]"}
RESULT: {"using":"xpath","value":"//*[@id=\"__tile111\"]"}
COMMAND: POST /session/e3ef74d693b3de83aac2ffbdb3bcdfd9/element/f.B277C34A709DB4A5C79D1B8225593A39.d.6D017724D95710C9179956EFF52CBFE4.e.3952/click - {}
RESULT: undefined
COMMAND: POST /session/e3ef74d693b3de83aac2ffbdb3bcdfd9/execute/async - {"script":"<script> [6424 bytes]","args":[{"element-6066-11e4-a52e-4f735466cecf":"f.B277C34A709DB4A5C79D1B8225593A39.d.6D017724D95710C9179956EFF52CBFE4.e.290"},"getTitle",[]]}
COMMAND: POST /session/e3ef74d693b3de83aac2ffbdb3bcdfd9/execute/async - {"script":"<script> [1562 bytes]","args":[{"selector":{"id":"shellAppTitle"},"wdio_ui5_key":"shellAppTitle"}]}
RESULT: {"script":"<script> [1562 bytes]","args":[{"selector":{"id":"shellAppTitle"},"wdio_ui5_key":"shellAppTitle"}]}
COMMAND: POST /session/e3ef74d693b3de83aac2ffbdb3bcdfd9/execute/async - {"script":"<script> [6424 bytes]","args":[{"element-6066-11e4-a52e-4f735466cecf":"f.B277C34A709DB4A5C79D1B8225593A39.d.6D017724D95710C9179956EFF52CBFE4.e.4020"},"getTitle",[]]}
RESULT: {"script":"<script> [6424 bytes]","args":[{"element-6066-11e4-a52e-4f735466cecf":"f.B277C34A709DB4A5C79D1B8225593A39.d.6D017724D95710C9179956EFF52CBFE4.e.4020"},"getTitle",[]]}
RESULT: undefined
COMMAND: POST /session/e3ef74d693b3de83aac2ffbdb3bcdfd9/element/f.B277C34A709DB4A5C79D1B8225593A39.d.6D017724D95710C9179956EFF52CBFE4.e.3950/click - {}
RESULT: {}
COMMAND: GET /session/e3ef74d693b3de83aac2ffbdb3bcdfd9/screenshot - {}
RESULT: {}
]]></system-out>
    </testcase>
    <testcase classname="chrome.135_0_7049_115.windows.Sanity_Tests_US104253" name="Should open ISC Schedules page" time="34.965">
      <system-out><![CDATA[
COMMAND: POST /session/e3ef74d693b3de83aac2ffbdb3bcdfd9/execute/async - {"script":"<script> [1562 bytes]","args":[{"selector":{"controlType":"sap.m.GenericTile","properties":{"header":"ISC Schedules"}},"wdio_ui5_key":"sapm.GenericTile{\"header\":\"ISC Schedules\"}"}]}
RESULT: {"script":"<script> [1562 bytes]","args":[{"selector":{"controlType":"sap.m.GenericTile","properties":{"header":"ISC Schedules"}},"wdio_ui5_key":"sapm.GenericTile{\"header\":\"ISC Schedules\"}"}]}
RESULT: undefined
COMMAND: POST /session/e3ef74d693b3de83aac2ffbdb3bcdfd9/element - {"using":"xpath","value":"//*[@id=\"__tile109\"]"}
RESULT: {"using":"xpath","value":"//*[@id=\"__tile109\"]"}
COMMAND: POST /session/e3ef74d693b3de83aac2ffbdb3bcdfd9/element/f.B277C34A709DB4A5C79D1B8225593A39.d.6D017724D95710C9179956EFF52CBFE4.e.4023/click - {}
RESULT: {}
COMMAND: GET /session/e3ef74d693b3de83aac2ffbdb3bcdfd9/screenshot - {}
RESULT: {}
RESULT: undefined
COMMAND: POST /session/e3ef74d693b3de83aac2ffbdb3bcdfd9/element - {"using":"xpath","value":"//*[@id=\"__tile109\"]"}
RESULT: {"using":"xpath","value":"//*[@id=\"__tile109\"]"}
COMMAND: POST /session/e3ef74d693b3de83aac2ffbdb3bcdfd9/element/f.B277C34A709DB4A5C79D1B8225593A39.d.6D017724D95710C9179956EFF52CBFE4.e.4023/click - {}
RESULT: undefined
COMMAND: POST /session/e3ef74d693b3de83aac2ffbdb3bcdfd9/element - {"using":"xpath","value":"//*[@id=\"__tile109\"]"}
RESULT: {"using":"xpath","value":"//*[@id=\"__tile109\"]"}
COMMAND: POST /session/e3ef74d693b3de83aac2ffbdb3bcdfd9/element/f.B277C34A709DB4A5C79D1B8225593A39.d.6D017724D95710C9179956EFF52CBFE4.e.4023/click - {}
RESULT: undefined
COMMAND: POST /session/e3ef74d693b3de83aac2ffbdb3bcdfd9/execute/async - {"script":"<script> [6424 bytes]","args":[{"element-6066-11e4-a52e-4f735466cecf":"f.B277C34A709DB4A5C79D1B8225593A39.d.6D017724D95710C9179956EFF52CBFE4.e.290"},"getTitle",[]]}
COMMAND: POST /session/e3ef74d693b3de83aac2ffbdb3bcdfd9/execute/async - {"script":"<script> [1562 bytes]","args":[{"selector":{"id":"shellAppTitle"},"wdio_ui5_key":"shellAppTitle"}]}
RESULT: {"script":"<script> [1562 bytes]","args":[{"selector":{"id":"shellAppTitle"},"wdio_ui5_key":"shellAppTitle"}]}
COMMAND: POST /session/e3ef74d693b3de83aac2ffbdb3bcdfd9/execute/async - {"script":"<script> [6424 bytes]","args":[{"element-6066-11e4-a52e-4f735466cecf":"f.B277C34A709DB4A5C79D1B8225593A39.d.6D017724D95710C9179956EFF52CBFE4.e.4100"},"getTitle",[]]}
RESULT: {"script":"<script> [6424 bytes]","args":[{"element-6066-11e4-a52e-4f735466cecf":"f.B277C34A709DB4A5C79D1B8225593A39.d.6D017724D95710C9179956EFF52CBFE4.e.4100"},"getTitle",[]]}
RESULT: undefined
COMMAND: POST /session/e3ef74d693b3de83aac2ffbdb3bcdfd9/element/f.B277C34A709DB4A5C79D1B8225593A39.d.6D017724D95710C9179956EFF52CBFE4.e.3950/click - {}
COMMAND: POST /session/e3ef74d693b3de83aac2ffbdb3bcdfd9/element - {"using":"xpath","value":"//*[@id=\"backBtn\"]"}
RESULT: {"using":"xpath","value":"//*[@id=\"backBtn\"]"}
COMMAND: POST /session/e3ef74d693b3de83aac2ffbdb3bcdfd9/element/f.B277C34A709DB4A5C79D1B8225593A39.d.6D017724D95710C9179956EFF52CBFE4.e.3950/click - {}
COMMAND: POST /session/e3ef74d693b3de83aac2ffbdb3bcdfd9/element - {"using":"xpath","value":"//*[@id=\"backBtn\"]"}
RESULT: {"using":"xpath","value":"//*[@id=\"backBtn\"]"}
COMMAND: POST /session/e3ef74d693b3de83aac2ffbdb3bcdfd9/element/f.B277C34A709DB4A5C79D1B8225593A39.d.6D017724D95710C9179956EFF52CBFE4.e.4101/click - {}
RESULT: {}
COMMAND: GET /session/e3ef74d693b3de83aac2ffbdb3bcdfd9/screenshot - {}
RESULT: {}
]]></system-out>
    </testcase>
    <testcase classname="chrome.135_0_7049_115.windows.Sanity_Tests_US104253" name="Should open ISC Dashboard page" time="35.369">
      <system-out><![CDATA[
COMMAND: POST /session/e3ef74d693b3de83aac2ffbdb3bcdfd9/execute/async - {"script":"<script> [1562 bytes]","args":[{"selector":{"controlType":"sap.m.GenericTile","properties":{"header":"ISC Dashboard"}},"wdio_ui5_key":"sapm.GenericTile{\"header\":\"ISC Dashboard\"}"}]}
RESULT: {"script":"<script> [1562 bytes]","args":[{"selector":{"controlType":"sap.m.GenericTile","properties":{"header":"ISC Dashboard"}},"wdio_ui5_key":"sapm.GenericTile{\"header\":\"ISC Dashboard\"}"}]}
RESULT: undefined
COMMAND: POST /session/e3ef74d693b3de83aac2ffbdb3bcdfd9/element - {"using":"xpath","value":"//*[@id=\"__tile106\"]"}
RESULT: {"using":"xpath","value":"//*[@id=\"__tile106\"]"}
COMMAND: POST /session/e3ef74d693b3de83aac2ffbdb3bcdfd9/element/f.B277C34A709DB4A5C79D1B8225593A39.d.6D017724D95710C9179956EFF52CBFE4.e.4103/click - {}
RESULT: {}
COMMAND: GET /session/e3ef74d693b3de83aac2ffbdb3bcdfd9/screenshot - {}
RESULT: {}
RESULT: undefined
COMMAND: POST /session/e3ef74d693b3de83aac2ffbdb3bcdfd9/element - {"using":"xpath","value":"//*[@id=\"__tile106\"]"}
RESULT: {"using":"xpath","value":"//*[@id=\"__tile106\"]"}
COMMAND: POST /session/e3ef74d693b3de83aac2ffbdb3bcdfd9/element/f.B277C34A709DB4A5C79D1B8225593A39.d.6D017724D95710C9179956EFF52CBFE4.e.4103/click - {}
RESULT: undefined
COMMAND: POST /session/e3ef74d693b3de83aac2ffbdb3bcdfd9/element - {"using":"xpath","value":"//*[@id=\"__tile106\"]"}
RESULT: {"using":"xpath","value":"//*[@id=\"__tile106\"]"}
COMMAND: POST /session/e3ef74d693b3de83aac2ffbdb3bcdfd9/element/f.B277C34A709DB4A5C79D1B8225593A39.d.6D017724D95710C9179956EFF52CBFE4.e.4103/click - {}
RESULT: undefined
COMMAND: POST /session/e3ef74d693b3de83aac2ffbdb3bcdfd9/execute/async - {"script":"<script> [6424 bytes]","args":[{"element-6066-11e4-a52e-4f735466cecf":"f.B277C34A709DB4A5C79D1B8225593A39.d.6D017724D95710C9179956EFF52CBFE4.e.290"},"getTitle",[]]}
COMMAND: POST /session/e3ef74d693b3de83aac2ffbdb3bcdfd9/execute/async - {"script":"<script> [1562 bytes]","args":[{"selector":{"id":"shellAppTitle"},"wdio_ui5_key":"shellAppTitle"}]}
RESULT: {"script":"<script> [1562 bytes]","args":[{"selector":{"id":"shellAppTitle"},"wdio_ui5_key":"shellAppTitle"}]}
COMMAND: POST /session/e3ef74d693b3de83aac2ffbdb3bcdfd9/execute/async - {"script":"<script> [6424 bytes]","args":[{"element-6066-11e4-a52e-4f735466cecf":"f.B277C34A709DB4A5C79D1B8225593A39.d.6D017724D95710C9179956EFF52CBFE4.e.4229"},"getTitle",[]]}
RESULT: {"script":"<script> [6424 bytes]","args":[{"element-6066-11e4-a52e-4f735466cecf":"f.B277C34A709DB4A5C79D1B8225593A39.d.6D017724D95710C9179956EFF52CBFE4.e.4229"},"getTitle",[]]}
RESULT: undefined
COMMAND: POST /session/e3ef74d693b3de83aac2ffbdb3bcdfd9/element/f.B277C34A709DB4A5C79D1B8225593A39.d.6D017724D95710C9179956EFF52CBFE4.e.4101/click - {}
RESULT: {}
COMMAND: GET /session/e3ef74d693b3de83aac2ffbdb3bcdfd9/screenshot - {}
RESULT: {}
]]></system-out>
    </testcase>
    <testcase classname="chrome.135_0_7049_115.windows.Sanity_Tests_US104253" name="Should open ISC Orders page" time="34.578">
      <system-out><![CDATA[
COMMAND: POST /session/e3ef74d693b3de83aac2ffbdb3bcdfd9/execute/async - {"script":"<script> [1562 bytes]","args":[{"selector":{"controlType":"sap.m.GenericTile","properties":{"header":"ISC Orders"}},"wdio_ui5_key":"sapm.GenericTile{\"header\":\"ISC Orders\"}"}]}
RESULT: {"script":"<script> [1562 bytes]","args":[{"selector":{"controlType":"sap.m.GenericTile","properties":{"header":"ISC Orders"}},"wdio_ui5_key":"sapm.GenericTile{\"header\":\"ISC Orders\"}"}]}
RESULT: undefined
COMMAND: POST /session/e3ef74d693b3de83aac2ffbdb3bcdfd9/element - {"using":"xpath","value":"//*[@id=\"__tile108\"]"}
RESULT: {"using":"xpath","value":"//*[@id=\"__tile108\"]"}
COMMAND: POST /session/e3ef74d693b3de83aac2ffbdb3bcdfd9/element/f.B277C34A709DB4A5C79D1B8225593A39.d.6D017724D95710C9179956EFF52CBFE4.e.4231/click - {}
RESULT: {}
COMMAND: GET /session/e3ef74d693b3de83aac2ffbdb3bcdfd9/screenshot - {}
RESULT: {}
RESULT: undefined
COMMAND: POST /session/e3ef74d693b3de83aac2ffbdb3bcdfd9/element - {"using":"xpath","value":"//*[@id=\"__tile108\"]"}
RESULT: {"using":"xpath","value":"//*[@id=\"__tile108\"]"}
COMMAND: POST /session/e3ef74d693b3de83aac2ffbdb3bcdfd9/element/f.B277C34A709DB4A5C79D1B8225593A39.d.6D017724D95710C9179956EFF52CBFE4.e.4231/click - {}
RESULT: undefined
COMMAND: POST /session/e3ef74d693b3de83aac2ffbdb3bcdfd9/element - {"using":"xpath","value":"//*[@id=\"__tile108\"]"}
RESULT: {"using":"xpath","value":"//*[@id=\"__tile108\"]"}
COMMAND: POST /session/e3ef74d693b3de83aac2ffbdb3bcdfd9/element/f.B277C34A709DB4A5C79D1B8225593A39.d.6D017724D95710C9179956EFF52CBFE4.e.4231/click - {}
RESULT: undefined
COMMAND: POST /session/e3ef74d693b3de83aac2ffbdb3bcdfd9/execute/async - {"script":"<script> [6424 bytes]","args":[{"element-6066-11e4-a52e-4f735466cecf":"f.B277C34A709DB4A5C79D1B8225593A39.d.6D017724D95710C9179956EFF52CBFE4.e.290"},"getTitle",[]]}
COMMAND: POST /session/e3ef74d693b3de83aac2ffbdb3bcdfd9/execute/async - {"script":"<script> [1562 bytes]","args":[{"selector":{"id":"shellAppTitle"},"wdio_ui5_key":"shellAppTitle"}]}
RESULT: {"script":"<script> [1562 bytes]","args":[{"selector":{"id":"shellAppTitle"},"wdio_ui5_key":"shellAppTitle"}]}
COMMAND: POST /session/e3ef74d693b3de83aac2ffbdb3bcdfd9/execute/async - {"script":"<script> [6424 bytes]","args":[{"element-6066-11e4-a52e-4f735466cecf":"f.B277C34A709DB4A5C79D1B8225593A39.d.6D017724D95710C9179956EFF52CBFE4.e.4340"},"getTitle",[]]}
RESULT: {"script":"<script> [6424 bytes]","args":[{"element-6066-11e4-a52e-4f735466cecf":"f.B277C34A709DB4A5C79D1B8225593A39.d.6D017724D95710C9179956EFF52CBFE4.e.4340"},"getTitle",[]]}
RESULT: undefined
COMMAND: POST /session/e3ef74d693b3de83aac2ffbdb3bcdfd9/element/f.B277C34A709DB4A5C79D1B8225593A39.d.6D017724D95710C9179956EFF52CBFE4.e.4101/click - {}
COMMAND: POST /session/e3ef74d693b3de83aac2ffbdb3bcdfd9/element - {"using":"xpath","value":"//*[@id=\"backBtn\"]"}
RESULT: {"using":"xpath","value":"//*[@id=\"backBtn\"]"}
COMMAND: POST /session/e3ef74d693b3de83aac2ffbdb3bcdfd9/element/f.B277C34A709DB4A5C79D1B8225593A39.d.6D017724D95710C9179956EFF52CBFE4.e.4101/click - {}
COMMAND: POST /session/e3ef74d693b3de83aac2ffbdb3bcdfd9/element - {"using":"xpath","value":"//*[@id=\"backBtn\"]"}
RESULT: {"using":"xpath","value":"//*[@id=\"backBtn\"]"}
COMMAND: POST /session/e3ef74d693b3de83aac2ffbdb3bcdfd9/element/f.B277C34A709DB4A5C79D1B8225593A39.d.6D017724D95710C9179956EFF52CBFE4.e.4341/click - {}
RESULT: {}
COMMAND: GET /session/e3ef74d693b3de83aac2ffbdb3bcdfd9/screenshot - {}
RESULT: {}
]]></system-out>
    </testcase>
    <testcase classname="chrome.135_0_7049_115.windows.Sanity_Tests_US104253" name="Should open ISC Tasks page" time="36.595">
      <system-out><![CDATA[
COMMAND: POST /session/e3ef74d693b3de83aac2ffbdb3bcdfd9/execute/async - {"script":"<script> [1562 bytes]","args":[{"selector":{"controlType":"sap.m.GenericTile","properties":{"header":"ISC Tasks"}},"wdio_ui5_key":"sapm.GenericTile{\"header\":\"ISC Tasks\"}"}]}
RESULT: {"script":"<script> [1562 bytes]","args":[{"selector":{"controlType":"sap.m.GenericTile","properties":{"header":"ISC Tasks"}},"wdio_ui5_key":"sapm.GenericTile{\"header\":\"ISC Tasks\"}"}]}
RESULT: undefined
COMMAND: POST /session/e3ef74d693b3de83aac2ffbdb3bcdfd9/element - {"using":"xpath","value":"//*[@id=\"__tile110\"]"}
RESULT: {"using":"xpath","value":"//*[@id=\"__tile110\"]"}
COMMAND: POST /session/e3ef74d693b3de83aac2ffbdb3bcdfd9/element/f.B277C34A709DB4A5C79D1B8225593A39.d.6D017724D95710C9179956EFF52CBFE4.e.4343/click - {}
RESULT: {}
COMMAND: GET /session/e3ef74d693b3de83aac2ffbdb3bcdfd9/screenshot - {}
RESULT: {}
RESULT: undefined
COMMAND: POST /session/e3ef74d693b3de83aac2ffbdb3bcdfd9/element - {"using":"xpath","value":"//*[@id=\"__tile110\"]"}
RESULT: {"using":"xpath","value":"//*[@id=\"__tile110\"]"}
COMMAND: POST /session/e3ef74d693b3de83aac2ffbdb3bcdfd9/element/f.B277C34A709DB4A5C79D1B8225593A39.d.6D017724D95710C9179956EFF52CBFE4.e.4343/click - {}
RESULT: undefined
COMMAND: POST /session/e3ef74d693b3de83aac2ffbdb3bcdfd9/element - {"using":"xpath","value":"//*[@id=\"__tile110\"]"}
RESULT: {"using":"xpath","value":"//*[@id=\"__tile110\"]"}
COMMAND: POST /session/e3ef74d693b3de83aac2ffbdb3bcdfd9/element/f.B277C34A709DB4A5C79D1B8225593A39.d.6D017724D95710C9179956EFF52CBFE4.e.4343/click - {}
RESULT: undefined
COMMAND: POST /session/e3ef74d693b3de83aac2ffbdb3bcdfd9/execute/async - {"script":"<script> [6424 bytes]","args":[{"element-6066-11e4-a52e-4f735466cecf":"f.B277C34A709DB4A5C79D1B8225593A39.d.6D017724D95710C9179956EFF52CBFE4.e.290"},"getTitle",[]]}
COMMAND: POST /session/e3ef74d693b3de83aac2ffbdb3bcdfd9/execute/async - {"script":"<script> [1562 bytes]","args":[{"selector":{"id":"shellAppTitle"},"wdio_ui5_key":"shellAppTitle"}]}
RESULT: {"script":"<script> [1562 bytes]","args":[{"selector":{"id":"shellAppTitle"},"wdio_ui5_key":"shellAppTitle"}]}
COMMAND: POST /session/e3ef74d693b3de83aac2ffbdb3bcdfd9/execute/async - {"script":"<script> [6424 bytes]","args":[{"element-6066-11e4-a52e-4f735466cecf":"f.B277C34A709DB4A5C79D1B8225593A39.d.6D017724D95710C9179956EFF52CBFE4.e.4428"},"getTitle",[]]}
RESULT: {"script":"<script> [6424 bytes]","args":[{"element-6066-11e4-a52e-4f735466cecf":"f.B277C34A709DB4A5C79D1B8225593A39.d.6D017724D95710C9179956EFF52CBFE4.e.4428"},"getTitle",[]]}
RESULT: undefined
COMMAND: POST /session/e3ef74d693b3de83aac2ffbdb3bcdfd9/element/f.B277C34A709DB4A5C79D1B8225593A39.d.6D017724D95710C9179956EFF52CBFE4.e.4341/click - {}
RESULT: {}
COMMAND: GET /session/e3ef74d693b3de83aac2ffbdb3bcdfd9/screenshot - {}
RESULT: {}
]]></system-out>
    </testcase>
    <testcase classname="chrome.135_0_7049_115.windows.Sanity_Tests_US104253" name="Should open Manage Resource Logbook page" time="36.562">
      <system-out><![CDATA[
COMMAND: POST /session/e3ef74d693b3de83aac2ffbdb3bcdfd9/execute/async - {"script":"<script> [1562 bytes]","args":[{"selector":{"controlType":"sap.m.GenericTile","properties":{"header":"Manage Resource Logbook"}},"wdio_ui5_key":"sapm.GenericTile{\"header\":\"Manage Resource Logbook\"}"}]}
RESULT: {"script":"<script> [1562 bytes]","args":[{"selector":{"controlType":"sap.m.GenericTile","properties":{"header":"Manage Resource Logbook"}},"wdio_ui5_key":"sapm.GenericTile{\"header\":\"Manage Resource Logbook\"}"}]}
RESULT: undefined
COMMAND: POST /session/e3ef74d693b3de83aac2ffbdb3bcdfd9/element - {"using":"xpath","value":"//*[@id=\"__tile113\"]"}
RESULT: {"using":"xpath","value":"//*[@id=\"__tile113\"]"}
COMMAND: POST /session/e3ef74d693b3de83aac2ffbdb3bcdfd9/element/f.B277C34A709DB4A5C79D1B8225593A39.d.6D017724D95710C9179956EFF52CBFE4.e.4430/click - {}
RESULT: {}
COMMAND: GET /session/e3ef74d693b3de83aac2ffbdb3bcdfd9/screenshot - {}
RESULT: {}
RESULT: undefined
COMMAND: POST /session/e3ef74d693b3de83aac2ffbdb3bcdfd9/element - {"using":"xpath","value":"//*[@id=\"__tile113\"]"}
RESULT: {"using":"xpath","value":"//*[@id=\"__tile113\"]"}
COMMAND: POST /session/e3ef74d693b3de83aac2ffbdb3bcdfd9/element/f.B277C34A709DB4A5C79D1B8225593A39.d.6D017724D95710C9179956EFF52CBFE4.e.4430/click - {}
RESULT: undefined
COMMAND: POST /session/e3ef74d693b3de83aac2ffbdb3bcdfd9/element - {"using":"xpath","value":"//*[@id=\"__tile113\"]"}
RESULT: {"using":"xpath","value":"//*[@id=\"__tile113\"]"}
COMMAND: POST /session/e3ef74d693b3de83aac2ffbdb3bcdfd9/element/f.B277C34A709DB4A5C79D1B8225593A39.d.6D017724D95710C9179956EFF52CBFE4.e.4430/click - {}
RESULT: undefined
COMMAND: POST /session/e3ef74d693b3de83aac2ffbdb3bcdfd9/execute/async - {"script":"<script> [6424 bytes]","args":[{"element-6066-11e4-a52e-4f735466cecf":"f.B277C34A709DB4A5C79D1B8225593A39.d.6D017724D95710C9179956EFF52CBFE4.e.290"},"getTitle",[]]}
COMMAND: POST /session/e3ef74d693b3de83aac2ffbdb3bcdfd9/execute/async - {"script":"<script> [1562 bytes]","args":[{"selector":{"id":"shellAppTitle"},"wdio_ui5_key":"shellAppTitle"}]}
RESULT: {"script":"<script> [1562 bytes]","args":[{"selector":{"id":"shellAppTitle"},"wdio_ui5_key":"shellAppTitle"}]}
COMMAND: POST /session/e3ef74d693b3de83aac2ffbdb3bcdfd9/execute/async - {"script":"<script> [6424 bytes]","args":[{"element-6066-11e4-a52e-4f735466cecf":"f.B277C34A709DB4A5C79D1B8225593A39.d.6D017724D95710C9179956EFF52CBFE4.e.4531"},"getTitle",[]]}
RESULT: {"script":"<script> [6424 bytes]","args":[{"element-6066-11e4-a52e-4f735466cecf":"f.B277C34A709DB4A5C79D1B8225593A39.d.6D017724D95710C9179956EFF52CBFE4.e.4531"},"getTitle",[]]}
RESULT: undefined
COMMAND: POST /session/e3ef74d693b3de83aac2ffbdb3bcdfd9/element/f.B277C34A709DB4A5C79D1B8225593A39.d.6D017724D95710C9179956EFF52CBFE4.e.4341/click - {}
COMMAND: POST /session/e3ef74d693b3de83aac2ffbdb3bcdfd9/element - {"using":"xpath","value":"//*[@id=\"backBtn\"]"}
RESULT: {"using":"xpath","value":"//*[@id=\"backBtn\"]"}
COMMAND: POST /session/e3ef74d693b3de83aac2ffbdb3bcdfd9/element/f.B277C34A709DB4A5C79D1B8225593A39.d.6D017724D95710C9179956EFF52CBFE4.e.4341/click - {}
COMMAND: POST /session/e3ef74d693b3de83aac2ffbdb3bcdfd9/element - {"using":"xpath","value":"//*[@id=\"backBtn\"]"}
RESULT: {"using":"xpath","value":"//*[@id=\"backBtn\"]"}
COMMAND: POST /session/e3ef74d693b3de83aac2ffbdb3bcdfd9/element/f.B277C34A709DB4A5C79D1B8225593A39.d.6D017724D95710C9179956EFF52CBFE4.e.4532/click - {}
RESULT: {}
COMMAND: GET /session/e3ef74d693b3de83aac2ffbdb3bcdfd9/screenshot - {}
RESULT: {}
]]></system-out>
    </testcase>
    <testcase classname="chrome.135_0_7049_115.windows.Sanity_Tests_US104253" name="Should open Manage Logbook page" time="37.735">
      <system-out><![CDATA[
COMMAND: POST /session/e3ef74d693b3de83aac2ffbdb3bcdfd9/execute/async - {"script":"<script> [1562 bytes]","args":[{"selector":{"controlType":"sap.m.GenericTile","properties":{"header":"Manage Logbook"}},"wdio_ui5_key":"sapm.GenericTile{\"header\":\"Manage Logbook\"}"}]}
RESULT: {"script":"<script> [1562 bytes]","args":[{"selector":{"controlType":"sap.m.GenericTile","properties":{"header":"Manage Logbook"}},"wdio_ui5_key":"sapm.GenericTile{\"header\":\"Manage Logbook\"}"}]}
RESULT: undefined
COMMAND: POST /session/e3ef74d693b3de83aac2ffbdb3bcdfd9/element - {"using":"xpath","value":"//*[@id=\"__tile112\"]"}
RESULT: {"using":"xpath","value":"//*[@id=\"__tile112\"]"}
COMMAND: POST /session/e3ef74d693b3de83aac2ffbdb3bcdfd9/element/f.B277C34A709DB4A5C79D1B8225593A39.d.6D017724D95710C9179956EFF52CBFE4.e.4534/click - {}
RESULT: {}
COMMAND: GET /session/e3ef74d693b3de83aac2ffbdb3bcdfd9/screenshot - {}
RESULT: {}
RESULT: undefined
COMMAND: POST /session/e3ef74d693b3de83aac2ffbdb3bcdfd9/element - {"using":"xpath","value":"//*[@id=\"__tile112\"]"}
RESULT: {"using":"xpath","value":"//*[@id=\"__tile112\"]"}
COMMAND: POST /session/e3ef74d693b3de83aac2ffbdb3bcdfd9/element/f.B277C34A709DB4A5C79D1B8225593A39.d.6D017724D95710C9179956EFF52CBFE4.e.4534/click - {}
RESULT: undefined
COMMAND: POST /session/e3ef74d693b3de83aac2ffbdb3bcdfd9/element - {"using":"xpath","value":"//*[@id=\"__tile112\"]"}
RESULT: {"using":"xpath","value":"//*[@id=\"__tile112\"]"}
COMMAND: POST /session/e3ef74d693b3de83aac2ffbdb3bcdfd9/element/f.B277C34A709DB4A5C79D1B8225593A39.d.6D017724D95710C9179956EFF52CBFE4.e.4534/click - {}
RESULT: undefined
COMMAND: POST /session/e3ef74d693b3de83aac2ffbdb3bcdfd9/execute/async - {"script":"<script> [6424 bytes]","args":[{"element-6066-11e4-a52e-4f735466cecf":"f.B277C34A709DB4A5C79D1B8225593A39.d.6D017724D95710C9179956EFF52CBFE4.e.290"},"getTitle",[]]}
COMMAND: POST /session/e3ef74d693b3de83aac2ffbdb3bcdfd9/execute/async - {"script":"<script> [1562 bytes]","args":[{"selector":{"id":"shellAppTitle"},"wdio_ui5_key":"shellAppTitle"}]}
RESULT: {"script":"<script> [1562 bytes]","args":[{"selector":{"id":"shellAppTitle"},"wdio_ui5_key":"shellAppTitle"}]}
COMMAND: POST /session/e3ef74d693b3de83aac2ffbdb3bcdfd9/execute/async - {"script":"<script> [6424 bytes]","args":[{"element-6066-11e4-a52e-4f735466cecf":"f.B277C34A709DB4A5C79D1B8225593A39.d.6D017724D95710C9179956EFF52CBFE4.e.4619"},"getTitle",[]]}
RESULT: {"script":"<script> [6424 bytes]","args":[{"element-6066-11e4-a52e-4f735466cecf":"f.B277C34A709DB4A5C79D1B8225593A39.d.6D017724D95710C9179956EFF52CBFE4.e.4619"},"getTitle",[]]}
RESULT: undefined
COMMAND: POST /session/e3ef74d693b3de83aac2ffbdb3bcdfd9/element/f.B277C34A709DB4A5C79D1B8225593A39.d.6D017724D95710C9179956EFF52CBFE4.e.4532/click - {}
RESULT: {}
COMMAND: GET /session/e3ef74d693b3de83aac2ffbdb3bcdfd9/screenshot - {}
RESULT: {}
]]></system-out>
    </testcase>
    <testcase classname="chrome.135_0_7049_115.windows.Sanity_Tests_US104253" name="Should open ISC Orders Calendar page" time="38.154">
      <system-out><![CDATA[
COMMAND: POST /session/e3ef74d693b3de83aac2ffbdb3bcdfd9/execute/async - {"script":"<script> [1562 bytes]","args":[{"selector":{"controlType":"sap.m.GenericTile","properties":{"header":"ISC Orders Calendar"}},"wdio_ui5_key":"sapm.GenericTile{\"header\":\"ISC Orders Calendar\"}"}]}
RESULT: {"script":"<script> [1562 bytes]","args":[{"selector":{"controlType":"sap.m.GenericTile","properties":{"header":"ISC Orders Calendar"}},"wdio_ui5_key":"sapm.GenericTile{\"header\":\"ISC Orders Calendar\"}"}]}
RESULT: undefined
COMMAND: POST /session/e3ef74d693b3de83aac2ffbdb3bcdfd9/element - {"using":"xpath","value":"//*[@id=\"__tile107\"]"}
RESULT: {"using":"xpath","value":"//*[@id=\"__tile107\"]"}
COMMAND: POST /session/e3ef74d693b3de83aac2ffbdb3bcdfd9/element/f.B277C34A709DB4A5C79D1B8225593A39.d.6D017724D95710C9179956EFF52CBFE4.e.4621/click - {}
RESULT: {}
COMMAND: GET /session/e3ef74d693b3de83aac2ffbdb3bcdfd9/screenshot - {}
RESULT: {}
RESULT: undefined
COMMAND: POST /session/e3ef74d693b3de83aac2ffbdb3bcdfd9/element - {"using":"xpath","value":"//*[@id=\"__tile107\"]"}
RESULT: {"using":"xpath","value":"//*[@id=\"__tile107\"]"}
COMMAND: POST /session/e3ef74d693b3de83aac2ffbdb3bcdfd9/element/f.B277C34A709DB4A5C79D1B8225593A39.d.6D017724D95710C9179956EFF52CBFE4.e.4621/click - {}
RESULT: undefined
COMMAND: POST /session/e3ef74d693b3de83aac2ffbdb3bcdfd9/element - {"using":"xpath","value":"//*[@id=\"__tile107\"]"}
RESULT: {"using":"xpath","value":"//*[@id=\"__tile107\"]"}
COMMAND: POST /session/e3ef74d693b3de83aac2ffbdb3bcdfd9/element/f.B277C34A709DB4A5C79D1B8225593A39.d.6D017724D95710C9179956EFF52CBFE4.e.4621/click - {}
RESULT: undefined
COMMAND: POST /session/e3ef74d693b3de83aac2ffbdb3bcdfd9/execute/async - {"script":"<script> [6424 bytes]","args":[{"element-6066-11e4-a52e-4f735466cecf":"f.B277C34A709DB4A5C79D1B8225593A39.d.6D017724D95710C9179956EFF52CBFE4.e.290"},"getTitle",[]]}
COMMAND: POST /session/e3ef74d693b3de83aac2ffbdb3bcdfd9/execute/async - {"script":"<script> [1562 bytes]","args":[{"selector":{"id":"shellAppTitle"},"wdio_ui5_key":"shellAppTitle"}]}
RESULT: {"script":"<script> [1562 bytes]","args":[{"selector":{"id":"shellAppTitle"},"wdio_ui5_key":"shellAppTitle"}]}
COMMAND: POST /session/e3ef74d693b3de83aac2ffbdb3bcdfd9/execute/async - {"script":"<script> [6424 bytes]","args":[{"element-6066-11e4-a52e-4f735466cecf":"f.B277C34A709DB4A5C79D1B8225593A39.d.6D017724D95710C9179956EFF52CBFE4.e.4830"},"getTitle",[]]}
RESULT: {"script":"<script> [6424 bytes]","args":[{"element-6066-11e4-a52e-4f735466cecf":"f.B277C34A709DB4A5C79D1B8225593A39.d.6D017724D95710C9179956EFF52CBFE4.e.4830"},"getTitle",[]]}
RESULT: undefined
COMMAND: POST /session/e3ef74d693b3de83aac2ffbdb3bcdfd9/element/f.B277C34A709DB4A5C79D1B8225593A39.d.6D017724D95710C9179956EFF52CBFE4.e.4532/click - {}
COMMAND: POST /session/e3ef74d693b3de83aac2ffbdb3bcdfd9/element - {"using":"xpath","value":"//*[@id=\"backBtn\"]"}
RESULT: {"using":"xpath","value":"//*[@id=\"backBtn\"]"}
COMMAND: POST /session/e3ef74d693b3de83aac2ffbdb3bcdfd9/element/f.B277C34A709DB4A5C79D1B8225593A39.d.6D017724D95710C9179956EFF52CBFE4.e.4532/click - {}
COMMAND: POST /session/e3ef74d693b3de83aac2ffbdb3bcdfd9/element - {"using":"xpath","value":"//*[@id=\"backBtn\"]"}
RESULT: {"using":"xpath","value":"//*[@id=\"backBtn\"]"}
COMMAND: POST /session/e3ef74d693b3de83aac2ffbdb3bcdfd9/element/f.B277C34A709DB4A5C79D1B8225593A39.d.6D017724D95710C9179956EFF52CBFE4.e.4831/click - {}
RESULT: {}
COMMAND: GET /session/e3ef74d693b3de83aac2ffbdb3bcdfd9/screenshot - {}
RESULT: {}
]]></system-out>
    </testcase>
    <testcase classname="chrome.135_0_7049_115.windows.Sanity_Tests_US104253" name="Should open Configure System page" time="40.579">
      <system-out><![CDATA[
COMMAND: POST /session/e3ef74d693b3de83aac2ffbdb3bcdfd9/execute/async - {"script":"<script> [1562 bytes]","args":[{"selector":{"controlType":"sap.m.GenericTile","properties":{"header":"Configure System"}},"wdio_ui5_key":"sapm.GenericTile{\"header\":\"Configure System\"}"}]}
RESULT: {"script":"<script> [1562 bytes]","args":[{"selector":{"controlType":"sap.m.GenericTile","properties":{"header":"Configure System"}},"wdio_ui5_key":"sapm.GenericTile{\"header\":\"Configure System\"}"}]}
RESULT: undefined
COMMAND: POST /session/e3ef74d693b3de83aac2ffbdb3bcdfd9/element - {"using":"xpath","value":"//*[@id=\"__tile114\"]"}
RESULT: {"using":"xpath","value":"//*[@id=\"__tile114\"]"}
COMMAND: POST /session/e3ef74d693b3de83aac2ffbdb3bcdfd9/element/f.B277C34A709DB4A5C79D1B8225593A39.d.6D017724D95710C9179956EFF52CBFE4.e.4833/click - {}
RESULT: {}
COMMAND: GET /session/e3ef74d693b3de83aac2ffbdb3bcdfd9/screenshot - {}
RESULT: {}
RESULT: undefined
COMMAND: POST /session/e3ef74d693b3de83aac2ffbdb3bcdfd9/element - {"using":"xpath","value":"//*[@id=\"__tile114\"]"}
RESULT: {"using":"xpath","value":"//*[@id=\"__tile114\"]"}
COMMAND: POST /session/e3ef74d693b3de83aac2ffbdb3bcdfd9/element/f.B277C34A709DB4A5C79D1B8225593A39.d.6D017724D95710C9179956EFF52CBFE4.e.4833/click - {}
RESULT: undefined
COMMAND: POST /session/e3ef74d693b3de83aac2ffbdb3bcdfd9/element - {"using":"xpath","value":"//*[@id=\"__tile114\"]"}
RESULT: {"using":"xpath","value":"//*[@id=\"__tile114\"]"}
COMMAND: POST /session/e3ef74d693b3de83aac2ffbdb3bcdfd9/element/f.B277C34A709DB4A5C79D1B8225593A39.d.6D017724D95710C9179956EFF52CBFE4.e.4833/click - {}
RESULT: undefined
COMMAND: POST /session/e3ef74d693b3de83aac2ffbdb3bcdfd9/execute/async - {"script":"<script> [6424 bytes]","args":[{"element-6066-11e4-a52e-4f735466cecf":"f.B277C34A709DB4A5C79D1B8225593A39.d.6D017724D95710C9179956EFF52CBFE4.e.290"},"getTitle",[]]}
COMMAND: POST /session/e3ef74d693b3de83aac2ffbdb3bcdfd9/execute/async - {"script":"<script> [1562 bytes]","args":[{"selector":{"id":"shellAppTitle"},"wdio_ui5_key":"shellAppTitle"}]}
RESULT: {"script":"<script> [1562 bytes]","args":[{"selector":{"id":"shellAppTitle"},"wdio_ui5_key":"shellAppTitle"}]}
COMMAND: POST /session/e3ef74d693b3de83aac2ffbdb3bcdfd9/execute/async - {"script":"<script> [6424 bytes]","args":[{"element-6066-11e4-a52e-4f735466cecf":"f.B277C34A709DB4A5C79D1B8225593A39.d.6D017724D95710C9179956EFF52CBFE4.e.4875"},"getTitle",[]]}
RESULT: {"script":"<script> [6424 bytes]","args":[{"element-6066-11e4-a52e-4f735466cecf":"f.B277C34A709DB4A5C79D1B8225593A39.d.6D017724D95710C9179956EFF52CBFE4.e.4875"},"getTitle",[]]}
RESULT: undefined
COMMAND: POST /session/e3ef74d693b3de83aac2ffbdb3bcdfd9/element/f.B277C34A709DB4A5C79D1B8225593A39.d.6D017724D95710C9179956EFF52CBFE4.e.4831/click - {}
RESULT: {}
COMMAND: GET /session/e3ef74d693b3de83aac2ffbdb3bcdfd9/screenshot - {}
RESULT: {}
]]></system-out>
    </testcase>
    <testcase classname="chrome.135_0_7049_115.windows.Sanity_Tests_US104253" name="Should open Manage Classifications page" time="34.795">
      <system-out><![CDATA[
COMMAND: POST /session/e3ef74d693b3de83aac2ffbdb3bcdfd9/execute/async - {"script":"<script> [1562 bytes]","args":[{"selector":{"controlType":"sap.m.GenericTile","properties":{"header":"Manage Classifications"}},"wdio_ui5_key":"sapm.GenericTile{\"header\":\"Manage Classifications\"}"}]}
RESULT: {"script":"<script> [1562 bytes]","args":[{"selector":{"controlType":"sap.m.GenericTile","properties":{"header":"Manage Classifications"}},"wdio_ui5_key":"sapm.GenericTile{\"header\":\"Manage Classifications\"}"}]}
RESULT: undefined
COMMAND: POST /session/e3ef74d693b3de83aac2ffbdb3bcdfd9/element - {"using":"xpath","value":"//*[@id=\"__tile115\"]"}
RESULT: {"using":"xpath","value":"//*[@id=\"__tile115\"]"}
COMMAND: POST /session/e3ef74d693b3de83aac2ffbdb3bcdfd9/element/f.B277C34A709DB4A5C79D1B8225593A39.d.6D017724D95710C9179956EFF52CBFE4.e.4879/click - {}
RESULT: {}
COMMAND: GET /session/e3ef74d693b3de83aac2ffbdb3bcdfd9/screenshot - {}
RESULT: {}
RESULT: undefined
COMMAND: POST /session/e3ef74d693b3de83aac2ffbdb3bcdfd9/element - {"using":"xpath","value":"//*[@id=\"__tile115\"]"}
RESULT: {"using":"xpath","value":"//*[@id=\"__tile115\"]"}
COMMAND: POST /session/e3ef74d693b3de83aac2ffbdb3bcdfd9/element/f.B277C34A709DB4A5C79D1B8225593A39.d.6D017724D95710C9179956EFF52CBFE4.e.4879/click - {}
RESULT: undefined
COMMAND: POST /session/e3ef74d693b3de83aac2ffbdb3bcdfd9/element - {"using":"xpath","value":"//*[@id=\"__tile115\"]"}
RESULT: {"using":"xpath","value":"//*[@id=\"__tile115\"]"}
COMMAND: POST /session/e3ef74d693b3de83aac2ffbdb3bcdfd9/element/f.B277C34A709DB4A5C79D1B8225593A39.d.6D017724D95710C9179956EFF52CBFE4.e.4879/click - {}
RESULT: undefined
COMMAND: POST /session/e3ef74d693b3de83aac2ffbdb3bcdfd9/execute/async - {"script":"<script> [6424 bytes]","args":[{"element-6066-11e4-a52e-4f735466cecf":"f.B277C34A709DB4A5C79D1B8225593A39.d.6D017724D95710C9179956EFF52CBFE4.e.290"},"getTitle",[]]}
COMMAND: POST /session/e3ef74d693b3de83aac2ffbdb3bcdfd9/execute/async - {"script":"<script> [1562 bytes]","args":[{"selector":{"id":"shellAppTitle"},"wdio_ui5_key":"shellAppTitle"}]}
RESULT: {"script":"<script> [1562 bytes]","args":[{"selector":{"id":"shellAppTitle"},"wdio_ui5_key":"shellAppTitle"}]}
COMMAND: POST /session/e3ef74d693b3de83aac2ffbdb3bcdfd9/execute/async - {"script":"<script> [6424 bytes]","args":[{"element-6066-11e4-a52e-4f735466cecf":"f.B277C34A709DB4A5C79D1B8225593A39.d.6D017724D95710C9179956EFF52CBFE4.e.5016"},"getTitle",[]]}
RESULT: {"script":"<script> [6424 bytes]","args":[{"element-6066-11e4-a52e-4f735466cecf":"f.B277C34A709DB4A5C79D1B8225593A39.d.6D017724D95710C9179956EFF52CBFE4.e.5016"},"getTitle",[]]}
RESULT: undefined
COMMAND: POST /session/e3ef74d693b3de83aac2ffbdb3bcdfd9/element/f.B277C34A709DB4A5C79D1B8225593A39.d.6D017724D95710C9179956EFF52CBFE4.e.4831/click - {}
COMMAND: POST /session/e3ef74d693b3de83aac2ffbdb3bcdfd9/element - {"using":"xpath","value":"//*[@id=\"backBtn\"]"}
RESULT: {"using":"xpath","value":"//*[@id=\"backBtn\"]"}
COMMAND: POST /session/e3ef74d693b3de83aac2ffbdb3bcdfd9/element/f.B277C34A709DB4A5C79D1B8225593A39.d.6D017724D95710C9179956EFF52CBFE4.e.4831/click - {}
COMMAND: POST /session/e3ef74d693b3de83aac2ffbdb3bcdfd9/element - {"using":"xpath","value":"//*[@id=\"backBtn\"]"}
RESULT: {"using":"xpath","value":"//*[@id=\"backBtn\"]"}
COMMAND: POST /session/e3ef74d693b3de83aac2ffbdb3bcdfd9/element/f.B277C34A709DB4A5C79D1B8225593A39.d.6D017724D95710C9179956EFF52CBFE4.e.5017/click - {}
RESULT: {}
COMMAND: GET /session/e3ef74d693b3de83aac2ffbdb3bcdfd9/screenshot - {}
RESULT: {}
]]></system-out>
    </testcase>
    <testcase classname="chrome.135_0_7049_115.windows.Sanity_Tests_US104253" name="Should open Data Explorer page" time="37.866">
      <system-out><![CDATA[
COMMAND: POST /session/e3ef74d693b3de83aac2ffbdb3bcdfd9/execute/async - {"script":"<script> [1562 bytes]","args":[{"selector":{"controlType":"sap.m.GenericTile","properties":{"header":"Data Explorer"}},"wdio_ui5_key":"sapm.GenericTile{\"header\":\"Data Explorer\"}"}]}
RESULT: {"script":"<script> [1562 bytes]","args":[{"selector":{"controlType":"sap.m.GenericTile","properties":{"header":"Data Explorer"}},"wdio_ui5_key":"sapm.GenericTile{\"header\":\"Data Explorer\"}"}]}
RESULT: undefined
COMMAND: POST /session/e3ef74d693b3de83aac2ffbdb3bcdfd9/element - {"using":"xpath","value":"//*[@id=\"__tile117\"]"}
RESULT: {"using":"xpath","value":"//*[@id=\"__tile117\"]"}
COMMAND: POST /session/e3ef74d693b3de83aac2ffbdb3bcdfd9/element/f.B277C34A709DB4A5C79D1B8225593A39.d.6D017724D95710C9179956EFF52CBFE4.e.5019/click - {}
RESULT: {}
COMMAND: GET /session/e3ef74d693b3de83aac2ffbdb3bcdfd9/screenshot - {}
RESULT: {}
RESULT: undefined
COMMAND: POST /session/e3ef74d693b3de83aac2ffbdb3bcdfd9/element - {"using":"xpath","value":"//*[@id=\"__tile117\"]"}
RESULT: {"using":"xpath","value":"//*[@id=\"__tile117\"]"}
COMMAND: POST /session/e3ef74d693b3de83aac2ffbdb3bcdfd9/element/f.B277C34A709DB4A5C79D1B8225593A39.d.6D017724D95710C9179956EFF52CBFE4.e.5019/click - {}
RESULT: undefined
COMMAND: POST /session/e3ef74d693b3de83aac2ffbdb3bcdfd9/element - {"using":"xpath","value":"//*[@id=\"__tile117\"]"}
RESULT: {"using":"xpath","value":"//*[@id=\"__tile117\"]"}
COMMAND: POST /session/e3ef74d693b3de83aac2ffbdb3bcdfd9/element/f.B277C34A709DB4A5C79D1B8225593A39.d.6D017724D95710C9179956EFF52CBFE4.e.5019/click - {}
RESULT: undefined
COMMAND: POST /session/e3ef74d693b3de83aac2ffbdb3bcdfd9/execute/async - {"script":"<script> [6424 bytes]","args":[{"element-6066-11e4-a52e-4f735466cecf":"f.B277C34A709DB4A5C79D1B8225593A39.d.6D017724D95710C9179956EFF52CBFE4.e.290"},"getTitle",[]]}
COMMAND: POST /session/e3ef74d693b3de83aac2ffbdb3bcdfd9/execute/async - {"script":"<script> [1562 bytes]","args":[{"selector":{"id":"shellAppTitle"},"wdio_ui5_key":"shellAppTitle"}]}
RESULT: {"script":"<script> [1562 bytes]","args":[{"selector":{"id":"shellAppTitle"},"wdio_ui5_key":"shellAppTitle"}]}
COMMAND: POST /session/e3ef74d693b3de83aac2ffbdb3bcdfd9/execute/async - {"script":"<script> [6424 bytes]","args":[{"element-6066-11e4-a52e-4f735466cecf":"f.B277C34A709DB4A5C79D1B8225593A39.d.6D017724D95710C9179956EFF52CBFE4.e.5194"},"getTitle",[]]}
RESULT: {"script":"<script> [6424 bytes]","args":[{"element-6066-11e4-a52e-4f735466cecf":"f.B277C34A709DB4A5C79D1B8225593A39.d.6D017724D95710C9179956EFF52CBFE4.e.5194"},"getTitle",[]]}
RESULT: undefined
COMMAND: POST /session/e3ef74d693b3de83aac2ffbdb3bcdfd9/element/f.B277C34A709DB4A5C79D1B8225593A39.d.6D017724D95710C9179956EFF52CBFE4.e.5017/click - {}
RESULT: {}
COMMAND: GET /session/e3ef74d693b3de83aac2ffbdb3bcdfd9/screenshot - {}
RESULT: {}
]]></system-out>
    </testcase>
    <testcase classname="chrome.135_0_7049_115.windows.Sanity_Tests_US104253" name="Should open Performance Monitor page" time="35.198">
      <system-out><![CDATA[
COMMAND: POST /session/e3ef74d693b3de83aac2ffbdb3bcdfd9/execute/async - {"script":"<script> [1562 bytes]","args":[{"selector":{"controlType":"sap.m.GenericTile","properties":{"header":"Performance Monitor"}},"wdio_ui5_key":"sapm.GenericTile{\"header\":\"Performance Monitor\"}"}]}
RESULT: {"script":"<script> [1562 bytes]","args":[{"selector":{"controlType":"sap.m.GenericTile","properties":{"header":"Performance Monitor"}},"wdio_ui5_key":"sapm.GenericTile{\"header\":\"Performance Monitor\"}"}]}
RESULT: undefined
COMMAND: POST /session/e3ef74d693b3de83aac2ffbdb3bcdfd9/element - {"using":"xpath","value":"//*[@id=\"__tile116\"]"}
RESULT: {"using":"xpath","value":"//*[@id=\"__tile116\"]"}
COMMAND: POST /session/e3ef74d693b3de83aac2ffbdb3bcdfd9/element/f.B277C34A709DB4A5C79D1B8225593A39.d.6D017724D95710C9179956EFF52CBFE4.e.5196/click - {}
RESULT: {}
COMMAND: GET /session/e3ef74d693b3de83aac2ffbdb3bcdfd9/screenshot - {}
RESULT: {}
RESULT: undefined
COMMAND: POST /session/e3ef74d693b3de83aac2ffbdb3bcdfd9/element - {"using":"xpath","value":"//*[@id=\"__tile116\"]"}
RESULT: {"using":"xpath","value":"//*[@id=\"__tile116\"]"}
COMMAND: POST /session/e3ef74d693b3de83aac2ffbdb3bcdfd9/element/f.B277C34A709DB4A5C79D1B8225593A39.d.6D017724D95710C9179956EFF52CBFE4.e.5196/click - {}
RESULT: undefined
COMMAND: POST /session/e3ef74d693b3de83aac2ffbdb3bcdfd9/element - {"using":"xpath","value":"//*[@id=\"__tile116\"]"}
RESULT: {"using":"xpath","value":"//*[@id=\"__tile116\"]"}
COMMAND: POST /session/e3ef74d693b3de83aac2ffbdb3bcdfd9/element/f.B277C34A709DB4A5C79D1B8225593A39.d.6D017724D95710C9179956EFF52CBFE4.e.5196/click - {}
RESULT: undefined
COMMAND: POST /session/e3ef74d693b3de83aac2ffbdb3bcdfd9/execute/async - {"script":"<script> [6424 bytes]","args":[{"element-6066-11e4-a52e-4f735466cecf":"f.B277C34A709DB4A5C79D1B8225593A39.d.6D017724D95710C9179956EFF52CBFE4.e.290"},"getTitle",[]]}
COMMAND: POST /session/e3ef74d693b3de83aac2ffbdb3bcdfd9/execute/async - {"script":"<script> [1562 bytes]","args":[{"selector":{"id":"shellAppTitle"},"wdio_ui5_key":"shellAppTitle"}]}
RESULT: {"script":"<script> [1562 bytes]","args":[{"selector":{"id":"shellAppTitle"},"wdio_ui5_key":"shellAppTitle"}]}
COMMAND: POST /session/e3ef74d693b3de83aac2ffbdb3bcdfd9/execute/async - {"script":"<script> [6424 bytes]","args":[{"element-6066-11e4-a52e-4f735466cecf":"f.B277C34A709DB4A5C79D1B8225593A39.d.6D017724D95710C9179956EFF52CBFE4.e.5236"},"getTitle",[]]}
RESULT: {"script":"<script> [6424 bytes]","args":[{"element-6066-11e4-a52e-4f735466cecf":"f.B277C34A709DB4A5C79D1B8225593A39.d.6D017724D95710C9179956EFF52CBFE4.e.5236"},"getTitle",[]]}
RESULT: undefined
COMMAND: POST /session/e3ef74d693b3de83aac2ffbdb3bcdfd9/element/f.B277C34A709DB4A5C79D1B8225593A39.d.6D017724D95710C9179956EFF52CBFE4.e.5017/click - {}
COMMAND: POST /session/e3ef74d693b3de83aac2ffbdb3bcdfd9/element - {"using":"xpath","value":"//*[@id=\"backBtn\"]"}
RESULT: {"using":"xpath","value":"//*[@id=\"backBtn\"]"}
COMMAND: POST /session/e3ef74d693b3de83aac2ffbdb3bcdfd9/element/f.B277C34A709DB4A5C79D1B8225593A39.d.6D017724D95710C9179956EFF52CBFE4.e.5017/click - {}
COMMAND: POST /session/e3ef74d693b3de83aac2ffbdb3bcdfd9/element - {"using":"xpath","value":"//*[@id=\"backBtn\"]"}
RESULT: {"using":"xpath","value":"//*[@id=\"backBtn\"]"}
COMMAND: POST /session/e3ef74d693b3de83aac2ffbdb3bcdfd9/element/f.B277C34A709DB4A5C79D1B8225593A39.d.6D017724D95710C9179956EFF52CBFE4.e.5237/click - {}
RESULT: {}
COMMAND: GET /session/e3ef74d693b3de83aac2ffbdb3bcdfd9/screenshot - {}
RESULT: {}
]]></system-out>
    </testcase>
    <testcase classname="chrome.135_0_7049_115.windows.Sanity_Tests_US104253" name="Should open Organizational Model page" time="33.599">
      <system-out><![CDATA[
COMMAND: POST /session/e3ef74d693b3de83aac2ffbdb3bcdfd9/execute/async - {"script":"<script> [1562 bytes]","args":[{"selector":{"controlType":"sap.m.GenericTile","properties":{"header":"Organizational Model"}},"wdio_ui5_key":"sapm.GenericTile{\"header\":\"Organizational Model\"}"}]}
RESULT: {"script":"<script> [1562 bytes]","args":[{"selector":{"controlType":"sap.m.GenericTile","properties":{"header":"Organizational Model"}},"wdio_ui5_key":"sapm.GenericTile{\"header\":\"Organizational Model\"}"}]}
RESULT: undefined
COMMAND: POST /session/e3ef74d693b3de83aac2ffbdb3bcdfd9/element - {"using":"xpath","value":"//*[@id=\"__tile120\"]"}
RESULT: {"using":"xpath","value":"//*[@id=\"__tile120\"]"}
COMMAND: POST /session/e3ef74d693b3de83aac2ffbdb3bcdfd9/element/f.B277C34A709DB4A5C79D1B8225593A39.d.6D017724D95710C9179956EFF52CBFE4.e.5240/click - {}
RESULT: {}
COMMAND: GET /session/e3ef74d693b3de83aac2ffbdb3bcdfd9/screenshot - {}
RESULT: {}
RESULT: undefined
COMMAND: POST /session/e3ef74d693b3de83aac2ffbdb3bcdfd9/element - {"using":"xpath","value":"//*[@id=\"__tile120\"]"}
RESULT: {"using":"xpath","value":"//*[@id=\"__tile120\"]"}
COMMAND: POST /session/e3ef74d693b3de83aac2ffbdb3bcdfd9/element/f.B277C34A709DB4A5C79D1B8225593A39.d.6D017724D95710C9179956EFF52CBFE4.e.5240/click - {}
RESULT: undefined
COMMAND: POST /session/e3ef74d693b3de83aac2ffbdb3bcdfd9/element - {"using":"xpath","value":"//*[@id=\"__tile120\"]"}
RESULT: {"using":"xpath","value":"//*[@id=\"__tile120\"]"}
COMMAND: POST /session/e3ef74d693b3de83aac2ffbdb3bcdfd9/element/f.B277C34A709DB4A5C79D1B8225593A39.d.6D017724D95710C9179956EFF52CBFE4.e.5240/click - {}
RESULT: undefined
COMMAND: POST /session/e3ef74d693b3de83aac2ffbdb3bcdfd9/execute/async - {"script":"<script> [6424 bytes]","args":[{"element-6066-11e4-a52e-4f735466cecf":"f.B277C34A709DB4A5C79D1B8225593A39.d.6D017724D95710C9179956EFF52CBFE4.e.290"},"getTitle",[]]}
COMMAND: POST /session/e3ef74d693b3de83aac2ffbdb3bcdfd9/execute/async - {"script":"<script> [1562 bytes]","args":[{"selector":{"id":"shellAppTitle"},"wdio_ui5_key":"shellAppTitle"}]}
RESULT: {"script":"<script> [1562 bytes]","args":[{"selector":{"id":"shellAppTitle"},"wdio_ui5_key":"shellAppTitle"}]}
COMMAND: POST /session/e3ef74d693b3de83aac2ffbdb3bcdfd9/execute/async - {"script":"<script> [6424 bytes]","args":[{"element-6066-11e4-a52e-4f735466cecf":"f.B277C34A709DB4A5C79D1B8225593A39.d.6D017724D95710C9179956EFF52CBFE4.e.5258"},"getTitle",[]]}
RESULT: {"script":"<script> [6424 bytes]","args":[{"element-6066-11e4-a52e-4f735466cecf":"f.B277C34A709DB4A5C79D1B8225593A39.d.6D017724D95710C9179956EFF52CBFE4.e.5258"},"getTitle",[]]}
RESULT: undefined
COMMAND: POST /session/e3ef74d693b3de83aac2ffbdb3bcdfd9/element/f.B277C34A709DB4A5C79D1B8225593A39.d.6D017724D95710C9179956EFF52CBFE4.e.5237/click - {}
RESULT: {}
COMMAND: GET /session/e3ef74d693b3de83aac2ffbdb3bcdfd9/screenshot - {}
RESULT: {}
]]></system-out>
    </testcase>
    <testcase classname="chrome.135_0_7049_115.windows.Sanity_Tests_US104253" name="Should open Manage Roles page" time="37.714">
      <system-out><![CDATA[
COMMAND: POST /session/e3ef74d693b3de83aac2ffbdb3bcdfd9/execute/async - {"script":"<script> [1562 bytes]","args":[{"selector":{"controlType":"sap.m.GenericTile","properties":{"header":"Manage Roles"}},"wdio_ui5_key":"sapm.GenericTile{\"header\":\"Manage Roles\"}"}]}
RESULT: {"script":"<script> [1562 bytes]","args":[{"selector":{"controlType":"sap.m.GenericTile","properties":{"header":"Manage Roles"}},"wdio_ui5_key":"sapm.GenericTile{\"header\":\"Manage Roles\"}"}]}
RESULT: undefined
COMMAND: POST /session/e3ef74d693b3de83aac2ffbdb3bcdfd9/element - {"using":"xpath","value":"//*[@id=\"__tile119\"]"}
RESULT: {"using":"xpath","value":"//*[@id=\"__tile119\"]"}
COMMAND: POST /session/e3ef74d693b3de83aac2ffbdb3bcdfd9/element/f.B277C34A709DB4A5C79D1B8225593A39.d.6D017724D95710C9179956EFF52CBFE4.e.5260/click - {}
RESULT: {}
COMMAND: GET /session/e3ef74d693b3de83aac2ffbdb3bcdfd9/screenshot - {}
RESULT: {}
RESULT: undefined
COMMAND: POST /session/e3ef74d693b3de83aac2ffbdb3bcdfd9/element - {"using":"xpath","value":"//*[@id=\"__tile119\"]"}
RESULT: {"using":"xpath","value":"//*[@id=\"__tile119\"]"}
COMMAND: POST /session/e3ef74d693b3de83aac2ffbdb3bcdfd9/element/f.B277C34A709DB4A5C79D1B8225593A39.d.6D017724D95710C9179956EFF52CBFE4.e.5260/click - {}
RESULT: undefined
COMMAND: POST /session/e3ef74d693b3de83aac2ffbdb3bcdfd9/element - {"using":"xpath","value":"//*[@id=\"__tile119\"]"}
RESULT: {"using":"xpath","value":"//*[@id=\"__tile119\"]"}
COMMAND: POST /session/e3ef74d693b3de83aac2ffbdb3bcdfd9/element/f.B277C34A709DB4A5C79D1B8225593A39.d.6D017724D95710C9179956EFF52CBFE4.e.5260/click - {}
RESULT: undefined
COMMAND: POST /session/e3ef74d693b3de83aac2ffbdb3bcdfd9/execute/async - {"script":"<script> [6424 bytes]","args":[{"element-6066-11e4-a52e-4f735466cecf":"f.B277C34A709DB4A5C79D1B8225593A39.d.6D017724D95710C9179956EFF52CBFE4.e.290"},"getTitle",[]]}
COMMAND: POST /session/e3ef74d693b3de83aac2ffbdb3bcdfd9/execute/async - {"script":"<script> [1562 bytes]","args":[{"selector":{"id":"shellAppTitle"},"wdio_ui5_key":"shellAppTitle"}]}
RESULT: {"script":"<script> [1562 bytes]","args":[{"selector":{"id":"shellAppTitle"},"wdio_ui5_key":"shellAppTitle"}]}
COMMAND: POST /session/e3ef74d693b3de83aac2ffbdb3bcdfd9/execute/async - {"script":"<script> [6424 bytes]","args":[{"element-6066-11e4-a52e-4f735466cecf":"f.B277C34A709DB4A5C79D1B8225593A39.d.6D017724D95710C9179956EFF52CBFE4.e.5304"},"getTitle",[]]}
RESULT: {"script":"<script> [6424 bytes]","args":[{"element-6066-11e4-a52e-4f735466cecf":"f.B277C34A709DB4A5C79D1B8225593A39.d.6D017724D95710C9179956EFF52CBFE4.e.5304"},"getTitle",[]]}
RESULT: undefined
COMMAND: POST /session/e3ef74d693b3de83aac2ffbdb3bcdfd9/element/f.B277C34A709DB4A5C79D1B8225593A39.d.6D017724D95710C9179956EFF52CBFE4.e.5237/click - {}
COMMAND: POST /session/e3ef74d693b3de83aac2ffbdb3bcdfd9/element - {"using":"xpath","value":"//*[@id=\"backBtn\"]"}
RESULT: {"using":"xpath","value":"//*[@id=\"backBtn\"]"}
COMMAND: POST /session/e3ef74d693b3de83aac2ffbdb3bcdfd9/element/f.B277C34A709DB4A5C79D1B8225593A39.d.6D017724D95710C9179956EFF52CBFE4.e.5237/click - {}
COMMAND: POST /session/e3ef74d693b3de83aac2ffbdb3bcdfd9/element - {"using":"xpath","value":"//*[@id=\"backBtn\"]"}
RESULT: {"using":"xpath","value":"//*[@id=\"backBtn\"]"}
COMMAND: POST /session/e3ef74d693b3de83aac2ffbdb3bcdfd9/element/f.B277C34A709DB4A5C79D1B8225593A39.d.6D017724D95710C9179956EFF52CBFE4.e.5305/click - {}
RESULT: {}
COMMAND: GET /session/e3ef74d693b3de83aac2ffbdb3bcdfd9/screenshot - {}
RESULT: {}
]]></system-out>
    </testcase>
    <testcase classname="chrome.135_0_7049_115.windows.Sanity_Tests_US104253" name="Should open Authorization Tables page" time="33.854">
      <system-out><![CDATA[
COMMAND: POST /session/e3ef74d693b3de83aac2ffbdb3bcdfd9/execute/async - {"script":"<script> [1562 bytes]","args":[{"selector":{"controlType":"sap.m.GenericTile","properties":{"header":"Authorization Tables"}},"wdio_ui5_key":"sapm.GenericTile{\"header\":\"Authorization Tables\"}"}]}
RESULT: {"script":"<script> [1562 bytes]","args":[{"selector":{"controlType":"sap.m.GenericTile","properties":{"header":"Authorization Tables"}},"wdio_ui5_key":"sapm.GenericTile{\"header\":\"Authorization Tables\"}"}]}
RESULT: undefined
COMMAND: POST /session/e3ef74d693b3de83aac2ffbdb3bcdfd9/element - {"using":"xpath","value":"//*[@id=\"__tile118\"]"}
RESULT: {"using":"xpath","value":"//*[@id=\"__tile118\"]"}
COMMAND: POST /session/e3ef74d693b3de83aac2ffbdb3bcdfd9/element/f.B277C34A709DB4A5C79D1B8225593A39.d.6D017724D95710C9179956EFF52CBFE4.e.5307/click - {}
RESULT: {}
COMMAND: GET /session/e3ef74d693b3de83aac2ffbdb3bcdfd9/screenshot - {}
RESULT: undefined
COMMAND: POST /session/e3ef74d693b3de83aac2ffbdb3bcdfd9/element - {"using":"xpath","value":"//*[@id=\"__tile118\"]"}
RESULT: {}
RESULT: {"using":"xpath","value":"//*[@id=\"__tile118\"]"}
COMMAND: POST /session/e3ef74d693b3de83aac2ffbdb3bcdfd9/element/f.B277C34A709DB4A5C79D1B8225593A39.d.6D017724D95710C9179956EFF52CBFE4.e.5307/click - {}
RESULT: undefined
COMMAND: POST /session/e3ef74d693b3de83aac2ffbdb3bcdfd9/element - {"using":"xpath","value":"//*[@id=\"__tile118\"]"}
RESULT: {"using":"xpath","value":"//*[@id=\"__tile118\"]"}
COMMAND: POST /session/e3ef74d693b3de83aac2ffbdb3bcdfd9/element/f.B277C34A709DB4A5C79D1B8225593A39.d.6D017724D95710C9179956EFF52CBFE4.e.5307/click - {}
RESULT: undefined
COMMAND: POST /session/e3ef74d693b3de83aac2ffbdb3bcdfd9/execute/async - {"script":"<script> [6424 bytes]","args":[{"element-6066-11e4-a52e-4f735466cecf":"f.B277C34A709DB4A5C79D1B8225593A39.d.6D017724D95710C9179956EFF52CBFE4.e.290"},"getTitle",[]]}
COMMAND: POST /session/e3ef74d693b3de83aac2ffbdb3bcdfd9/execute/async - {"script":"<script> [1562 bytes]","args":[{"selector":{"id":"shellAppTitle"},"wdio_ui5_key":"shellAppTitle"}]}
RESULT: {"script":"<script> [1562 bytes]","args":[{"selector":{"id":"shellAppTitle"},"wdio_ui5_key":"shellAppTitle"}]}
COMMAND: POST /session/e3ef74d693b3de83aac2ffbdb3bcdfd9/execute/async - {"script":"<script> [6424 bytes]","args":[{"element-6066-11e4-a52e-4f735466cecf":"f.B277C34A709DB4A5C79D1B8225593A39.d.6D017724D95710C9179956EFF52CBFE4.e.5374"},"getTitle",[]]}
RESULT: {"script":"<script> [6424 bytes]","args":[{"element-6066-11e4-a52e-4f735466cecf":"f.B277C34A709DB4A5C79D1B8225593A39.d.6D017724D95710C9179956EFF52CBFE4.e.5374"},"getTitle",[]]}
RESULT: undefined
COMMAND: POST /session/e3ef74d693b3de83aac2ffbdb3bcdfd9/element/f.B277C34A709DB4A5C79D1B8225593A39.d.6D017724D95710C9179956EFF52CBFE4.e.5305/click - {}
RESULT: {}
COMMAND: GET /session/e3ef74d693b3de83aac2ffbdb3bcdfd9/screenshot - {}
RESULT: {}
]]></system-out>
    </testcase>
    <testcase classname="chrome.135_0_7049_115.windows.Sanity_Tests_US104253" name="Should open User Maintenance page" time="37.189">
      <system-out><![CDATA[
COMMAND: POST /session/e3ef74d693b3de83aac2ffbdb3bcdfd9/execute/async - {"script":"<script> [1562 bytes]","args":[{"selector":{"controlType":"sap.m.GenericTile","properties":{"header":"User Maintenance"}},"wdio_ui5_key":"sapm.GenericTile{\"header\":\"User Maintenance\"}"}]}
RESULT: {"script":"<script> [1562 bytes]","args":[{"selector":{"controlType":"sap.m.GenericTile","properties":{"header":"User Maintenance"}},"wdio_ui5_key":"sapm.GenericTile{\"header\":\"User Maintenance\"}"}]}
RESULT: undefined
COMMAND: POST /session/e3ef74d693b3de83aac2ffbdb3bcdfd9/element - {"using":"xpath","value":"//*[@id=\"__tile121\"]"}
RESULT: {"using":"xpath","value":"//*[@id=\"__tile121\"]"}
COMMAND: POST /session/e3ef74d693b3de83aac2ffbdb3bcdfd9/element/f.B277C34A709DB4A5C79D1B8225593A39.d.6D017724D95710C9179956EFF52CBFE4.e.5376/click - {}
RESULT: {}
COMMAND: GET /session/e3ef74d693b3de83aac2ffbdb3bcdfd9/screenshot - {}
RESULT: {}
RESULT: undefined
COMMAND: POST /session/e3ef74d693b3de83aac2ffbdb3bcdfd9/element - {"using":"xpath","value":"//*[@id=\"__tile121\"]"}
RESULT: {"using":"xpath","value":"//*[@id=\"__tile121\"]"}
COMMAND: POST /session/e3ef74d693b3de83aac2ffbdb3bcdfd9/element/f.B277C34A709DB4A5C79D1B8225593A39.d.6D017724D95710C9179956EFF52CBFE4.e.5376/click - {}
RESULT: undefined
COMMAND: POST /session/e3ef74d693b3de83aac2ffbdb3bcdfd9/element - {"using":"xpath","value":"//*[@id=\"__tile121\"]"}
RESULT: {"using":"xpath","value":"//*[@id=\"__tile121\"]"}
COMMAND: POST /session/e3ef74d693b3de83aac2ffbdb3bcdfd9/element/f.B277C34A709DB4A5C79D1B8225593A39.d.6D017724D95710C9179956EFF52CBFE4.e.5376/click - {}
RESULT: undefined
COMMAND: POST /session/e3ef74d693b3de83aac2ffbdb3bcdfd9/execute/async - {"script":"<script> [6424 bytes]","args":[{"element-6066-11e4-a52e-4f735466cecf":"f.B277C34A709DB4A5C79D1B8225593A39.d.6D017724D95710C9179956EFF52CBFE4.e.290"},"getTitle",[]]}
COMMAND: POST /session/e3ef74d693b3de83aac2ffbdb3bcdfd9/execute/async - {"script":"<script> [1562 bytes]","args":[{"selector":{"id":"shellAppTitle"},"wdio_ui5_key":"shellAppTitle"}]}
RESULT: {"script":"<script> [1562 bytes]","args":[{"selector":{"id":"shellAppTitle"},"wdio_ui5_key":"shellAppTitle"}]}
COMMAND: POST /session/e3ef74d693b3de83aac2ffbdb3bcdfd9/execute/async - {"script":"<script> [6424 bytes]","args":[{"element-6066-11e4-a52e-4f735466cecf":"f.B277C34A709DB4A5C79D1B8225593A39.d.6D017724D95710C9179956EFF52CBFE4.e.5469"},"getTitle",[]]}
RESULT: {"script":"<script> [6424 bytes]","args":[{"element-6066-11e4-a52e-4f735466cecf":"f.B277C34A709DB4A5C79D1B8225593A39.d.6D017724D95710C9179956EFF52CBFE4.e.5469"},"getTitle",[]]}
RESULT: undefined
COMMAND: POST /session/e3ef74d693b3de83aac2ffbdb3bcdfd9/element/f.B277C34A709DB4A5C79D1B8225593A39.d.6D017724D95710C9179956EFF52CBFE4.e.5305/click - {}
COMMAND: POST /session/e3ef74d693b3de83aac2ffbdb3bcdfd9/element - {"using":"xpath","value":"//*[@id=\"backBtn\"]"}
RESULT: {"using":"xpath","value":"//*[@id=\"backBtn\"]"}
COMMAND: POST /session/e3ef74d693b3de83aac2ffbdb3bcdfd9/element/f.B277C34A709DB4A5C79D1B8225593A39.d.6D017724D95710C9179956EFF52CBFE4.e.5305/click - {}
COMMAND: POST /session/e3ef74d693b3de83aac2ffbdb3bcdfd9/element - {"using":"xpath","value":"//*[@id=\"backBtn\"]"}
RESULT: {"using":"xpath","value":"//*[@id=\"backBtn\"]"}
COMMAND: POST /session/e3ef74d693b3de83aac2ffbdb3bcdfd9/element/f.B277C34A709DB4A5C79D1B8225593A39.d.6D017724D95710C9179956EFF52CBFE4.e.5470/click - {}
RESULT: {}
COMMAND: GET /session/e3ef74d693b3de83aac2ffbdb3bcdfd9/screenshot - {}
RESULT: {}
]]></system-out>
    </testcase>
    <testcase classname="chrome.135_0_7049_115.windows.Sanity_Tests_US104253" name="Should open Schedule Jobs page" time="26.488">
      <system-out><![CDATA[
COMMAND: POST /session/e3ef74d693b3de83aac2ffbdb3bcdfd9/execute/async - {"script":"<script> [1562 bytes]","args":[{"selector":{"controlType":"sap.m.GenericTile","properties":{"header":"Schedule Jobs"}},"wdio_ui5_key":"sapm.GenericTile{\"header\":\"Schedule Jobs\"}"}]}
RESULT: {"script":"<script> [1562 bytes]","args":[{"selector":{"controlType":"sap.m.GenericTile","properties":{"header":"Schedule Jobs"}},"wdio_ui5_key":"sapm.GenericTile{\"header\":\"Schedule Jobs\"}"}]}
RESULT: undefined
COMMAND: POST /session/e3ef74d693b3de83aac2ffbdb3bcdfd9/element - {"using":"xpath","value":"//*[@id=\"__tile127\"]"}
RESULT: {"using":"xpath","value":"//*[@id=\"__tile127\"]"}
COMMAND: POST /session/e3ef74d693b3de83aac2ffbdb3bcdfd9/element/f.B277C34A709DB4A5C79D1B8225593A39.d.6D017724D95710C9179956EFF52CBFE4.e.5474/click - {}
RESULT: {}
COMMAND: GET /session/e3ef74d693b3de83aac2ffbdb3bcdfd9/screenshot - {}
RESULT: {}
RESULT: undefined
COMMAND: POST /session/e3ef74d693b3de83aac2ffbdb3bcdfd9/element - {"using":"xpath","value":"//*[@id=\"__tile127\"]"}
RESULT: {"using":"xpath","value":"//*[@id=\"__tile127\"]"}
COMMAND: POST /session/e3ef74d693b3de83aac2ffbdb3bcdfd9/element/f.B277C34A709DB4A5C79D1B8225593A39.d.6D017724D95710C9179956EFF52CBFE4.e.5474/click - {}
RESULT: undefined
COMMAND: POST /session/e3ef74d693b3de83aac2ffbdb3bcdfd9/element - {"using":"xpath","value":"//*[@id=\"__tile127\"]"}
RESULT: {"using":"xpath","value":"//*[@id=\"__tile127\"]"}
COMMAND: POST /session/e3ef74d693b3de83aac2ffbdb3bcdfd9/element/f.B277C34A709DB4A5C79D1B8225593A39.d.6D017724D95710C9179956EFF52CBFE4.e.5474/click - {}
RESULT: undefined
COMMAND: POST /session/e3ef74d693b3de83aac2ffbdb3bcdfd9/execute/async - {"script":"<script> [6424 bytes]","args":[{"element-6066-11e4-a52e-4f735466cecf":"f.B277C34A709DB4A5C79D1B8225593A39.d.6D017724D95710C9179956EFF52CBFE4.e.290"},"getTitle",[]]}
COMMAND: POST /session/e3ef74d693b3de83aac2ffbdb3bcdfd9/execute/async - {"script":"<script> [1562 bytes]","args":[{"selector":{"id":"shellAppTitle"},"wdio_ui5_key":"shellAppTitle"}]}
RESULT: {"script":"<script> [1562 bytes]","args":[{"selector":{"id":"shellAppTitle"},"wdio_ui5_key":"shellAppTitle"}]}
COMMAND: POST /session/e3ef74d693b3de83aac2ffbdb3bcdfd9/execute/async - {"script":"<script> [6424 bytes]","args":[{"element-6066-11e4-a52e-4f735466cecf":"f.B277C34A709DB4A5C79D1B8225593A39.d.6D017724D95710C9179956EFF52CBFE4.e.5520"},"getTitle",[]]}
RESULT: {"script":"<script> [6424 bytes]","args":[{"element-6066-11e4-a52e-4f735466cecf":"f.B277C34A709DB4A5C79D1B8225593A39.d.6D017724D95710C9179956EFF52CBFE4.e.5520"},"getTitle",[]]}
RESULT: undefined
COMMAND: POST /session/e3ef74d693b3de83aac2ffbdb3bcdfd9/element/f.B277C34A709DB4A5C79D1B8225593A39.d.6D017724D95710C9179956EFF52CBFE4.e.5470/click - {}
COMMAND: POST /session/e3ef74d693b3de83aac2ffbdb3bcdfd9/element/f.B277C34A709DB4A5C79D1B8225593A39.d.6D017724D95710C9179956EFF52CBFE4.e.5470/click - {}
RESULT: {}
COMMAND: GET /session/e3ef74d693b3de83aac2ffbdb3bcdfd9/screenshot - {}
COMMAND: POST /session/e3ef74d693b3de83aac2ffbdb3bcdfd9/element - {"using":"xpath","value":"//*[@id=\"backBtn\"]"}
RESULT: {}
RESULT: {"using":"xpath","value":"//*[@id=\"backBtn\"]"}
COMMAND: POST /session/e3ef74d693b3de83aac2ffbdb3bcdfd9/elements - {"using":"xpath","value":"//*[@id=\"backBtn\"]"}
RESULT: {"using":"xpath","value":"//*[@id=\"backBtn\"]"}
COMMAND: POST /session/e3ef74d693b3de83aac2ffbdb3bcdfd9/elements - {"using":"xpath","value":"//*[@id=\"backBtn\"]"}
RESULT: {"using":"xpath","value":"//*[@id=\"backBtn\"]"}
COMMAND: POST /session/e3ef74d693b3de83aac2ffbdb3bcdfd9/elements - {"using":"xpath","value":"//*[@id=\"backBtn\"]"}
RESULT: {"using":"xpath","value":"//*[@id=\"backBtn\"]"}
COMMAND: POST /session/e3ef74d693b3de83aac2ffbdb3bcdfd9/elements - {"using":"xpath","value":"//*[@id=\"backBtn\"]"}
RESULT: {"using":"xpath","value":"//*[@id=\"backBtn\"]"}
COMMAND: POST /session/e3ef74d693b3de83aac2ffbdb3bcdfd9/elements - {"using":"xpath","value":"//*[@id=\"backBtn\"]"}
RESULT: {"using":"xpath","value":"//*[@id=\"backBtn\"]"}
COMMAND: POST /session/e3ef74d693b3de83aac2ffbdb3bcdfd9/elements - {"using":"xpath","value":"//*[@id=\"backBtn\"]"}
RESULT: {"using":"xpath","value":"//*[@id=\"backBtn\"]"}
COMMAND: POST /session/e3ef74d693b3de83aac2ffbdb3bcdfd9/elements - {"using":"xpath","value":"//*[@id=\"backBtn\"]"}
RESULT: {"using":"xpath","value":"//*[@id=\"backBtn\"]"}
COMMAND: POST /session/e3ef74d693b3de83aac2ffbdb3bcdfd9/elements - {"using":"xpath","value":"//*[@id=\"backBtn\"]"}
RESULT: {"using":"xpath","value":"//*[@id=\"backBtn\"]"}
COMMAND: POST /session/e3ef74d693b3de83aac2ffbdb3bcdfd9/elements - {"using":"xpath","value":"//*[@id=\"backBtn\"]"}
RESULT: {"using":"xpath","value":"//*[@id=\"backBtn\"]"}
COMMAND: POST /session/e3ef74d693b3de83aac2ffbdb3bcdfd9/elements - {"using":"xpath","value":"//*[@id=\"backBtn\"]"}
RESULT: {"using":"xpath","value":"//*[@id=\"backBtn\"]"}
COMMAND: POST /session/e3ef74d693b3de83aac2ffbdb3bcdfd9/elements - {"using":"xpath","value":"//*[@id=\"backBtn\"]"}
RESULT: {"using":"xpath","value":"//*[@id=\"backBtn\"]"}
COMMAND: POST /session/e3ef74d693b3de83aac2ffbdb3bcdfd9/elements - {"using":"xpath","value":"//*[@id=\"backBtn\"]"}
RESULT: {"using":"xpath","value":"//*[@id=\"backBtn\"]"}
COMMAND: POST /session/e3ef74d693b3de83aac2ffbdb3bcdfd9/elements - {"using":"xpath","value":"//*[@id=\"backBtn\"]"}
RESULT: {"using":"xpath","value":"//*[@id=\"backBtn\"]"}
COMMAND: POST /session/e3ef74d693b3de83aac2ffbdb3bcdfd9/elements - {"using":"xpath","value":"//*[@id=\"backBtn\"]"}
RESULT: {"using":"xpath","value":"//*[@id=\"backBtn\"]"}
COMMAND: POST /session/e3ef74d693b3de83aac2ffbdb3bcdfd9/elements - {"using":"xpath","value":"//*[@id=\"backBtn\"]"}
RESULT: {"using":"xpath","value":"//*[@id=\"backBtn\"]"}
COMMAND: POST /session/e3ef74d693b3de83aac2ffbdb3bcdfd9/elements - {"using":"xpath","value":"//*[@id=\"backBtn\"]"}
RESULT: {"using":"xpath","value":"//*[@id=\"backBtn\"]"}
COMMAND: POST /session/e3ef74d693b3de83aac2ffbdb3bcdfd9/elements - {"using":"xpath","value":"//*[@id=\"backBtn\"]"}
RESULT: {"using":"xpath","value":"//*[@id=\"backBtn\"]"}
COMMAND: POST /session/e3ef74d693b3de83aac2ffbdb3bcdfd9/elements - {"using":"xpath","value":"//*[@id=\"backBtn\"]"}
RESULT: {"using":"xpath","value":"//*[@id=\"backBtn\"]"}
COMMAND: POST /session/e3ef74d693b3de83aac2ffbdb3bcdfd9/elements - {"using":"xpath","value":"//*[@id=\"backBtn\"]"}
RESULT: {"using":"xpath","value":"//*[@id=\"backBtn\"]"}
]]></system-out>
    </testcase>
    <testcase classname="chrome.135_0_7049_115.windows.Sanity_Tests_US104253" name="Should open Jobs Setup page" time="26.263">
      <system-out><![CDATA[
COMMAND: POST /session/e3ef74d693b3de83aac2ffbdb3bcdfd9/execute/async - {"script":"<script> [1562 bytes]","args":[{"selector":{"controlType":"sap.m.GenericTile","properties":{"header":"Jobs Setup"}},"wdio_ui5_key":"sapm.GenericTile{\"header\":\"Jobs Setup\"}"}]}
COMMAND: POST /session/e3ef74d693b3de83aac2ffbdb3bcdfd9/elements - {"using":"xpath","value":"//*[@id=\"backBtn\"]"}
RESULT: {"script":"<script> [1562 bytes]","args":[{"selector":{"controlType":"sap.m.GenericTile","properties":{"header":"Jobs Setup"}},"wdio_ui5_key":"sapm.GenericTile{\"header\":\"Jobs Setup\"}"}]}
RESULT: undefined
COMMAND: POST /session/e3ef74d693b3de83aac2ffbdb3bcdfd9/element - {"using":"xpath","value":"//*[@id=\"__tile128\"]"}
RESULT: {"using":"xpath","value":"//*[@id=\"backBtn\"]"}
RESULT: {"using":"xpath","value":"//*[@id=\"__tile128\"]"}
COMMAND: POST /session/e3ef74d693b3de83aac2ffbdb3bcdfd9/element/f.B277C34A709DB4A5C79D1B8225593A39.d.6D017724D95710C9179956EFF52CBFE4.e.5522/click - {}
COMMAND: POST /session/e3ef74d693b3de83aac2ffbdb3bcdfd9/elements - {"using":"xpath","value":"//*[@id=\"backBtn\"]"}
RESULT: {}
COMMAND: GET /session/e3ef74d693b3de83aac2ffbdb3bcdfd9/screenshot - {}
RESULT: {"using":"xpath","value":"//*[@id=\"backBtn\"]"}
COMMAND: POST /session/e3ef74d693b3de83aac2ffbdb3bcdfd9/elements - {"using":"xpath","value":"//*[@id=\"backBtn\"]"}
RESULT: {}
RESULT: {"using":"xpath","value":"//*[@id=\"backBtn\"]"}
COMMAND: POST /session/e3ef74d693b3de83aac2ffbdb3bcdfd9/element - {"using":"xpath","value":"//*[@id=\"backBtn\"]"}
RESULT: {"using":"xpath","value":"//*[@id=\"backBtn\"]"}
COMMAND: POST /session/e3ef74d693b3de83aac2ffbdb3bcdfd9/element/f.B277C34A709DB4A5C79D1B8225593A39.d.6D017724D95710C9179956EFF52CBFE4.e.5470/click - {}
COMMAND: POST /session/e3ef74d693b3de83aac2ffbdb3bcdfd9/element - {"using":"xpath","value":"//*[@id=\"backBtn\"]"}
RESULT: {"using":"xpath","value":"//*[@id=\"backBtn\"]"}
COMMAND: POST /session/e3ef74d693b3de83aac2ffbdb3bcdfd9/element/f.B277C34A709DB4A5C79D1B8225593A39.d.6D017724D95710C9179956EFF52CBFE4.e.5716/click - {}
RESULT: {}
COMMAND: GET /session/e3ef74d693b3de83aac2ffbdb3bcdfd9/screenshot - {}
RESULT: {}
RESULT: undefined
COMMAND: POST /session/e3ef74d693b3de83aac2ffbdb3bcdfd9/element - {"using":"xpath","value":"//*[@id=\"__tile128\"]"}
RESULT: {"using":"xpath","value":"//*[@id=\"__tile128\"]"}
COMMAND: POST /session/e3ef74d693b3de83aac2ffbdb3bcdfd9/element/f.B277C34A709DB4A5C79D1B8225593A39.d.6D017724D95710C9179956EFF52CBFE4.e.5522/click - {}
RESULT: undefined
COMMAND: POST /session/e3ef74d693b3de83aac2ffbdb3bcdfd9/element - {"using":"xpath","value":"//*[@id=\"__tile128\"]"}
RESULT: {"using":"xpath","value":"//*[@id=\"__tile128\"]"}
COMMAND: POST /session/e3ef74d693b3de83aac2ffbdb3bcdfd9/element/f.B277C34A709DB4A5C79D1B8225593A39.d.6D017724D95710C9179956EFF52CBFE4.e.5522/click - {}
RESULT: undefined
COMMAND: POST /session/e3ef74d693b3de83aac2ffbdb3bcdfd9/execute/async - {"script":"<script> [6424 bytes]","args":[{"element-6066-11e4-a52e-4f735466cecf":"f.B277C34A709DB4A5C79D1B8225593A39.d.6D017724D95710C9179956EFF52CBFE4.e.290"},"getTitle",[]]}
COMMAND: POST /session/e3ef74d693b3de83aac2ffbdb3bcdfd9/execute/async - {"script":"<script> [1562 bytes]","args":[{"selector":{"id":"shellAppTitle"},"wdio_ui5_key":"shellAppTitle"}]}
RESULT: {"script":"<script> [1562 bytes]","args":[{"selector":{"id":"shellAppTitle"},"wdio_ui5_key":"shellAppTitle"}]}
COMMAND: POST /session/e3ef74d693b3de83aac2ffbdb3bcdfd9/execute/async - {"script":"<script> [6424 bytes]","args":[{"element-6066-11e4-a52e-4f735466cecf":"f.B277C34A709DB4A5C79D1B8225593A39.d.6D017724D95710C9179956EFF52CBFE4.e.5717"},"getTitle",[]]}
RESULT: {"script":"<script> [6424 bytes]","args":[{"element-6066-11e4-a52e-4f735466cecf":"f.B277C34A709DB4A5C79D1B8225593A39.d.6D017724D95710C9179956EFF52CBFE4.e.5717"},"getTitle",[]]}
RESULT: undefined
COMMAND: POST /session/e3ef74d693b3de83aac2ffbdb3bcdfd9/element/f.B277C34A709DB4A5C79D1B8225593A39.d.6D017724D95710C9179956EFF52CBFE4.e.5716/click - {}
COMMAND: POST /session/e3ef74d693b3de83aac2ffbdb3bcdfd9/element/f.B277C34A709DB4A5C79D1B8225593A39.d.6D017724D95710C9179956EFF52CBFE4.e.5716/click - {}
RESULT: {}
COMMAND: GET /session/e3ef74d693b3de83aac2ffbdb3bcdfd9/screenshot - {}
RESULT: {}
COMMAND: GET /session/e3ef74d693b3de83aac2ffbdb3bcdfd9/screenshot - {}
RESULT: {}
RESULT: {}
]]></system-out>
    </testcase>
    <testcase classname="chrome.135_0_7049_115.windows.Sanity_Tests_US104253" name="Should open Target Systems Configuration page" time="27.013">
      <system-out><![CDATA[
COMMAND: POST /session/e3ef74d693b3de83aac2ffbdb3bcdfd9/execute/async - {"script":"<script> [1562 bytes]","args":[{"selector":{"controlType":"sap.m.GenericTile","properties":{"header":"Target Systems Configuration"}},"wdio_ui5_key":"sapm.GenericTile{\"header\":\"Target Systems Configuration\"}"}]}
RESULT: {"script":"<script> [1562 bytes]","args":[{"selector":{"controlType":"sap.m.GenericTile","properties":{"header":"Target Systems Configuration"}},"wdio_ui5_key":"sapm.GenericTile{\"header\":\"Target Systems Configuration\"}"}]}
RESULT: undefined
COMMAND: POST /session/e3ef74d693b3de83aac2ffbdb3bcdfd9/element - {"using":"xpath","value":"//*[@id=\"__tile129\"]"}
RESULT: {"using":"xpath","value":"//*[@id=\"__tile129\"]"}
COMMAND: POST /session/e3ef74d693b3de83aac2ffbdb3bcdfd9/element/f.B277C34A709DB4A5C79D1B8225593A39.d.6D017724D95710C9179956EFF52CBFE4.e.5719/click - {}
RESULT: {}
COMMAND: GET /session/e3ef74d693b3de83aac2ffbdb3bcdfd9/screenshot - {}
RESULT: {}
RESULT: undefined
COMMAND: POST /session/e3ef74d693b3de83aac2ffbdb3bcdfd9/element - {"using":"xpath","value":"//*[@id=\"__tile129\"]"}
RESULT: {"using":"xpath","value":"//*[@id=\"__tile129\"]"}
COMMAND: POST /session/e3ef74d693b3de83aac2ffbdb3bcdfd9/element/f.B277C34A709DB4A5C79D1B8225593A39.d.6D017724D95710C9179956EFF52CBFE4.e.5719/click - {}
RESULT: undefined
COMMAND: POST /session/e3ef74d693b3de83aac2ffbdb3bcdfd9/element - {"using":"xpath","value":"//*[@id=\"__tile129\"]"}
RESULT: {"using":"xpath","value":"//*[@id=\"__tile129\"]"}
COMMAND: POST /session/e3ef74d693b3de83aac2ffbdb3bcdfd9/element/f.B277C34A709DB4A5C79D1B8225593A39.d.6D017724D95710C9179956EFF52CBFE4.e.5719/click - {}
RESULT: undefined
COMMAND: POST /session/e3ef74d693b3de83aac2ffbdb3bcdfd9/execute/async - {"script":"<script> [6424 bytes]","args":[{"element-6066-11e4-a52e-4f735466cecf":"f.B277C34A709DB4A5C79D1B8225593A39.d.6D017724D95710C9179956EFF52CBFE4.e.290"},"getTitle",[]]}
COMMAND: POST /session/e3ef74d693b3de83aac2ffbdb3bcdfd9/execute/async - {"script":"<script> [1562 bytes]","args":[{"selector":{"id":"shellAppTitle"},"wdio_ui5_key":"shellAppTitle"}]}
RESULT: {"script":"<script> [1562 bytes]","args":[{"selector":{"id":"shellAppTitle"},"wdio_ui5_key":"shellAppTitle"}]}
COMMAND: POST /session/e3ef74d693b3de83aac2ffbdb3bcdfd9/execute/async - {"script":"<script> [6424 bytes]","args":[{"element-6066-11e4-a52e-4f735466cecf":"f.B277C34A709DB4A5C79D1B8225593A39.d.6D017724D95710C9179956EFF52CBFE4.e.5772"},"getTitle",[]]}
RESULT: {"script":"<script> [6424 bytes]","args":[{"element-6066-11e4-a52e-4f735466cecf":"f.B277C34A709DB4A5C79D1B8225593A39.d.6D017724D95710C9179956EFF52CBFE4.e.5772"},"getTitle",[]]}
RESULT: undefined
COMMAND: POST /session/e3ef74d693b3de83aac2ffbdb3bcdfd9/element/f.B277C34A709DB4A5C79D1B8225593A39.d.6D017724D95710C9179956EFF52CBFE4.e.5716/click - {}
COMMAND: POST /session/e3ef74d693b3de83aac2ffbdb3bcdfd9/element/f.B277C34A709DB4A5C79D1B8225593A39.d.6D017724D95710C9179956EFF52CBFE4.e.5716/click - {}
RESULT: {}
COMMAND: GET /session/e3ef74d693b3de83aac2ffbdb3bcdfd9/screenshot - {}
COMMAND: POST /session/e3ef74d693b3de83aac2ffbdb3bcdfd9/element - {"using":"xpath","value":"//*[@id=\"backBtn\"]"}
RESULT: {}
RESULT: {"using":"xpath","value":"//*[@id=\"backBtn\"]"}
COMMAND: POST /session/e3ef74d693b3de83aac2ffbdb3bcdfd9/elements - {"using":"xpath","value":"//*[@id=\"backBtn\"]"}
RESULT: {"using":"xpath","value":"//*[@id=\"backBtn\"]"}
COMMAND: POST /session/e3ef74d693b3de83aac2ffbdb3bcdfd9/elements - {"using":"xpath","value":"//*[@id=\"backBtn\"]"}
RESULT: {"using":"xpath","value":"//*[@id=\"backBtn\"]"}
COMMAND: POST /session/e3ef74d693b3de83aac2ffbdb3bcdfd9/elements - {"using":"xpath","value":"//*[@id=\"backBtn\"]"}
RESULT: {"using":"xpath","value":"//*[@id=\"backBtn\"]"}
COMMAND: POST /session/e3ef74d693b3de83aac2ffbdb3bcdfd9/elements - {"using":"xpath","value":"//*[@id=\"backBtn\"]"}
RESULT: {"using":"xpath","value":"//*[@id=\"backBtn\"]"}
COMMAND: POST /session/e3ef74d693b3de83aac2ffbdb3bcdfd9/elements - {"using":"xpath","value":"//*[@id=\"backBtn\"]"}
RESULT: {"using":"xpath","value":"//*[@id=\"backBtn\"]"}
COMMAND: POST /session/e3ef74d693b3de83aac2ffbdb3bcdfd9/elements - {"using":"xpath","value":"//*[@id=\"backBtn\"]"}
RESULT: {"using":"xpath","value":"//*[@id=\"backBtn\"]"}
COMMAND: POST /session/e3ef74d693b3de83aac2ffbdb3bcdfd9/elements - {"using":"xpath","value":"//*[@id=\"backBtn\"]"}
RESULT: {"using":"xpath","value":"//*[@id=\"backBtn\"]"}
COMMAND: POST /session/e3ef74d693b3de83aac2ffbdb3bcdfd9/elements - {"using":"xpath","value":"//*[@id=\"backBtn\"]"}
RESULT: {"using":"xpath","value":"//*[@id=\"backBtn\"]"}
COMMAND: POST /session/e3ef74d693b3de83aac2ffbdb3bcdfd9/elements - {"using":"xpath","value":"//*[@id=\"backBtn\"]"}
RESULT: {"using":"xpath","value":"//*[@id=\"backBtn\"]"}
COMMAND: POST /session/e3ef74d693b3de83aac2ffbdb3bcdfd9/elements - {"using":"xpath","value":"//*[@id=\"backBtn\"]"}
RESULT: {"using":"xpath","value":"//*[@id=\"backBtn\"]"}
COMMAND: POST /session/e3ef74d693b3de83aac2ffbdb3bcdfd9/elements - {"using":"xpath","value":"//*[@id=\"backBtn\"]"}
RESULT: {"using":"xpath","value":"//*[@id=\"backBtn\"]"}
COMMAND: POST /session/e3ef74d693b3de83aac2ffbdb3bcdfd9/elements - {"using":"xpath","value":"//*[@id=\"backBtn\"]"}
RESULT: {"using":"xpath","value":"//*[@id=\"backBtn\"]"}
COMMAND: POST /session/e3ef74d693b3de83aac2ffbdb3bcdfd9/elements - {"using":"xpath","value":"//*[@id=\"backBtn\"]"}
RESULT: {"using":"xpath","value":"//*[@id=\"backBtn\"]"}
COMMAND: POST /session/e3ef74d693b3de83aac2ffbdb3bcdfd9/elements - {"using":"xpath","value":"//*[@id=\"backBtn\"]"}
RESULT: {"using":"xpath","value":"//*[@id=\"backBtn\"]"}
COMMAND: POST /session/e3ef74d693b3de83aac2ffbdb3bcdfd9/elements - {"using":"xpath","value":"//*[@id=\"backBtn\"]"}
RESULT: {"using":"xpath","value":"//*[@id=\"backBtn\"]"}
COMMAND: POST /session/e3ef74d693b3de83aac2ffbdb3bcdfd9/elements - {"using":"xpath","value":"//*[@id=\"backBtn\"]"}
RESULT: {"using":"xpath","value":"//*[@id=\"backBtn\"]"}
COMMAND: POST /session/e3ef74d693b3de83aac2ffbdb3bcdfd9/elements - {"using":"xpath","value":"//*[@id=\"backBtn\"]"}
RESULT: {"using":"xpath","value":"//*[@id=\"backBtn\"]"}
COMMAND: POST /session/e3ef74d693b3de83aac2ffbdb3bcdfd9/elements - {"using":"xpath","value":"//*[@id=\"backBtn\"]"}
RESULT: {"using":"xpath","value":"//*[@id=\"backBtn\"]"}
COMMAND: POST /session/e3ef74d693b3de83aac2ffbdb3bcdfd9/elements - {"using":"xpath","value":"//*[@id=\"backBtn\"]"}
RESULT: {"using":"xpath","value":"//*[@id=\"backBtn\"]"}
COMMAND: POST /session/e3ef74d693b3de83aac2ffbdb3bcdfd9/elements - {"using":"xpath","value":"//*[@id=\"backBtn\"]"}
RESULT: {"using":"xpath","value":"//*[@id=\"backBtn\"]"}
COMMAND: POST /session/e3ef74d693b3de83aac2ffbdb3bcdfd9/elements - {"using":"xpath","value":"//*[@id=\"backBtn\"]"}
RESULT: {"using":"xpath","value":"//*[@id=\"backBtn\"]"}
COMMAND: POST /session/e3ef74d693b3de83aac2ffbdb3bcdfd9/elements - {"using":"xpath","value":"//*[@id=\"backBtn\"]"}
RESULT: {"using":"xpath","value":"//*[@id=\"backBtn\"]"}
COMMAND: POST /session/e3ef74d693b3de83aac2ffbdb3bcdfd9/elements - {"using":"xpath","value":"//*[@id=\"backBtn\"]"}
RESULT: {"using":"xpath","value":"//*[@id=\"backBtn\"]"}
COMMAND: POST /session/e3ef74d693b3de83aac2ffbdb3bcdfd9/elements - {"using":"xpath","value":"//*[@id=\"backBtn\"]"}
RESULT: {"using":"xpath","value":"//*[@id=\"backBtn\"]"}
COMMAND: POST /session/e3ef74d693b3de83aac2ffbdb3bcdfd9/elements - {"using":"xpath","value":"//*[@id=\"backBtn\"]"}
RESULT: {"using":"xpath","value":"//*[@id=\"backBtn\"]"}
COMMAND: POST /session/e3ef74d693b3de83aac2ffbdb3bcdfd9/elements - {"using":"xpath","value":"//*[@id=\"backBtn\"]"}
RESULT: {"using":"xpath","value":"//*[@id=\"backBtn\"]"}
COMMAND: POST /session/e3ef74d693b3de83aac2ffbdb3bcdfd9/elements - {"using":"xpath","value":"//*[@id=\"backBtn\"]"}
RESULT: {"using":"xpath","value":"//*[@id=\"backBtn\"]"}
COMMAND: POST /session/e3ef74d693b3de83aac2ffbdb3bcdfd9/elements - {"using":"xpath","value":"//*[@id=\"backBtn\"]"}
RESULT: {"using":"xpath","value":"//*[@id=\"backBtn\"]"}
COMMAND: POST /session/e3ef74d693b3de83aac2ffbdb3bcdfd9/elements - {"using":"xpath","value":"//*[@id=\"backBtn\"]"}
RESULT: {"using":"xpath","value":"//*[@id=\"backBtn\"]"}
COMMAND: POST /session/e3ef74d693b3de83aac2ffbdb3bcdfd9/elements - {"using":"xpath","value":"//*[@id=\"backBtn\"]"}
RESULT: {"using":"xpath","value":"//*[@id=\"backBtn\"]"}
COMMAND: POST /session/e3ef74d693b3de83aac2ffbdb3bcdfd9/elements - {"using":"xpath","value":"//*[@id=\"backBtn\"]"}
RESULT: {"using":"xpath","value":"//*[@id=\"backBtn\"]"}
COMMAND: POST /session/e3ef74d693b3de83aac2ffbdb3bcdfd9/elements - {"using":"xpath","value":"//*[@id=\"backBtn\"]"}
RESULT: {"using":"xpath","value":"//*[@id=\"backBtn\"]"}
COMMAND: POST /session/e3ef74d693b3de83aac2ffbdb3bcdfd9/elements - {"using":"xpath","value":"//*[@id=\"backBtn\"]"}
RESULT: {"using":"xpath","value":"//*[@id=\"backBtn\"]"}
COMMAND: POST /session/e3ef74d693b3de83aac2ffbdb3bcdfd9/elements - {"using":"xpath","value":"//*[@id=\"backBtn\"]"}
RESULT: {"using":"xpath","value":"//*[@id=\"backBtn\"]"}
COMMAND: POST /session/e3ef74d693b3de83aac2ffbdb3bcdfd9/elements - {"using":"xpath","value":"//*[@id=\"backBtn\"]"}
RESULT: {"using":"xpath","value":"//*[@id=\"backBtn\"]"}
COMMAND: POST /session/e3ef74d693b3de83aac2ffbdb3bcdfd9/elements - {"using":"xpath","value":"//*[@id=\"backBtn\"]"}
RESULT: {"using":"xpath","value":"//*[@id=\"backBtn\"]"}
COMMAND: POST /session/e3ef74d693b3de83aac2ffbdb3bcdfd9/elements - {"using":"xpath","value":"//*[@id=\"backBtn\"]"}
RESULT: {"using":"xpath","value":"//*[@id=\"backBtn\"]"}
COMMAND: POST /session/e3ef74d693b3de83aac2ffbdb3bcdfd9/elements - {"using":"xpath","value":"//*[@id=\"backBtn\"]"}
RESULT: {"using":"xpath","value":"//*[@id=\"backBtn\"]"}
COMMAND: POST /session/e3ef74d693b3de83aac2ffbdb3bcdfd9/elements - {"using":"xpath","value":"//*[@id=\"backBtn\"]"}
RESULT: {"using":"xpath","value":"//*[@id=\"backBtn\"]"}
COMMAND: DELETE /session/e3ef74d693b3de83aac2ffbdb3bcdfd9 - {}
COMMAND: POST /session/e3ef74d693b3de83aac2ffbdb3bcdfd9/elements - {"using":"xpath","value":"//*[@id=\"backBtn\"]"}
RESULT: {}
]]></system-out>
    </testcase>
  </testsuite>
</testsuites>