<?xml version="1.0" encoding="UTF-8"?>
<testsuites tests="9" failures="0" errors="0" skipped="0">
  <testsuite timestamp="2025-06-14T15:32:29" time="923.967" tests="8" failures="0" errors="0" skipped="0">
    <properties>
      <property name="specId" value="0"/>
      <property name="suiteName" value="Create masterdata for Yard Overview - trigger provide US130988"/>
      <property name="capabilities" value="chrome.137_0_7151_69.windows"/>
      <property name="file" value="file:///D:/a/1/s/test/specs/HTR/yard-overview-trigger.spec.js"/>
    </properties>
    <testcase classname="chrome.137_0_7151_69.windows.Create_masterdata_for_Yard_Overview_-_trigger_provide_US130988" name="Should create a new yard" time="154.817">
      <system-out><![CDATA[
COMMAND: POST /session/ca83e481e94148ebe1f8ed3b36dca130/window/fullscreen - {}
RESULT: {}
COMMAND: POST /session/ca83e481e94148ebe1f8ed3b36dca130/execute/async - {"script":"<script> [1562 bytes]","args":[{"selector":{"controlType":"sap.m.GenericTile","properties":{"header":"Manage Yards"}},"wdio_ui5_key":"sapm.GenericTile{\"header\":\"Manage Yards\"}"}]}
RESULT: {"script":"<script> [1562 bytes]","args":[{"selector":{"controlType":"sap.m.GenericTile","properties":{"header":"Manage Yards"}},"wdio_ui5_key":"sapm.GenericTile{\"header\":\"Manage Yards\"}"}]}
RESULT: undefined
COMMAND: POST /session/ca83e481e94148ebe1f8ed3b36dca130/element - {"using":"xpath","value":"//*[@id=\"__tile42\"]"}
RESULT: {"using":"xpath","value":"//*[@id=\"__tile42\"]"}
COMMAND: POST /session/ca83e481e94148ebe1f8ed3b36dca130/element/f.B26EBF0D97B69C61F615F10F8BDFA999.d.82C7729A958DC44ACDA5D08AEEC146CD.e.147/click - {}
RESULT: {}
COMMAND: GET /session/ca83e481e94148ebe1f8ed3b36dca130/screenshot - {}
RESULT: {}
COMMAND: POST /session/ca83e481e94148ebe1f8ed3b36dca130/elements - {"using":"xpath","value":"//span[text()='Error']"}
RESULT: {"using":"xpath","value":"//span[text()='Error']"}
COMMAND: POST /session/ca83e481e94148ebe1f8ed3b36dca130/element - {"using":"xpath","value":"//button[@data-kt=\"addNewYardOverflowToolbarButton\"]"}
RESULT: {"using":"xpath","value":"//button[@data-kt=\"addNewYardOverflowToolbarButton\"]"}
COMMAND: POST /session/ca83e481e94148ebe1f8ed3b36dca130/elements - {"using":"xpath","value":"//button[@data-kt=\"addNewYardOverflowToolbarButton\"]"}
RESULT: {"using":"xpath","value":"//button[@data-kt=\"addNewYardOverflowToolbarButton\"]"}
COMMAND: POST /session/ca83e481e94148ebe1f8ed3b36dca130/elements - {"using":"xpath","value":"//button[@data-kt=\"addNewYardOverflowToolbarButton\"]"}
RESULT: {"using":"xpath","value":"//button[@data-kt=\"addNewYardOverflowToolbarButton\"]"}
COMMAND: POST /session/ca83e481e94148ebe1f8ed3b36dca130/elements - {"using":"xpath","value":"//button[@data-kt=\"addNewYardOverflowToolbarButton\"]"}
RESULT: {"using":"xpath","value":"//button[@data-kt=\"addNewYardOverflowToolbarButton\"]"}
COMMAND: POST /session/ca83e481e94148ebe1f8ed3b36dca130/elements - {"using":"xpath","value":"//button[@data-kt=\"addNewYardOverflowToolbarButton\"]"}
RESULT: {"using":"xpath","value":"//button[@data-kt=\"addNewYardOverflowToolbarButton\"]"}
COMMAND: POST /session/ca83e481e94148ebe1f8ed3b36dca130/elements - {"using":"xpath","value":"//button[@data-kt=\"addNewYardOverflowToolbarButton\"]"}
RESULT: {"using":"xpath","value":"//button[@data-kt=\"addNewYardOverflowToolbarButton\"]"}
COMMAND: POST /session/ca83e481e94148ebe1f8ed3b36dca130/elements - {"using":"xpath","value":"//button[@data-kt=\"addNewYardOverflowToolbarButton\"]"}
RESULT: {"using":"xpath","value":"//button[@data-kt=\"addNewYardOverflowToolbarButton\"]"}
COMMAND: POST /session/ca83e481e94148ebe1f8ed3b36dca130/elements - {"using":"xpath","value":"//button[@data-kt=\"addNewYardOverflowToolbarButton\"]"}
RESULT: {"using":"xpath","value":"//button[@data-kt=\"addNewYardOverflowToolbarButton\"]"}
COMMAND: POST /session/ca83e481e94148ebe1f8ed3b36dca130/elements - {"using":"xpath","value":"//button[@data-kt=\"addNewYardOverflowToolbarButton\"]"}
RESULT: {"using":"xpath","value":"//button[@data-kt=\"addNewYardOverflowToolbarButton\"]"}
COMMAND: POST /session/ca83e481e94148ebe1f8ed3b36dca130/elements - {"using":"xpath","value":"//button[@data-kt=\"addNewYardOverflowToolbarButton\"]"}
RESULT: {"using":"xpath","value":"//button[@data-kt=\"addNewYardOverflowToolbarButton\"]"}
COMMAND: POST /session/ca83e481e94148ebe1f8ed3b36dca130/elements - {"using":"xpath","value":"//button[@data-kt=\"addNewYardOverflowToolbarButton\"]"}
RESULT: {"using":"xpath","value":"//button[@data-kt=\"addNewYardOverflowToolbarButton\"]"}
COMMAND: POST /session/ca83e481e94148ebe1f8ed3b36dca130/elements - {"using":"xpath","value":"//button[@data-kt=\"addNewYardOverflowToolbarButton\"]"}
RESULT: {"using":"xpath","value":"//button[@data-kt=\"addNewYardOverflowToolbarButton\"]"}
COMMAND: POST /session/ca83e481e94148ebe1f8ed3b36dca130/elements - {"using":"xpath","value":"//button[@data-kt=\"addNewYardOverflowToolbarButton\"]"}
RESULT: {"using":"xpath","value":"//button[@data-kt=\"addNewYardOverflowToolbarButton\"]"}
COMMAND: POST /session/ca83e481e94148ebe1f8ed3b36dca130/elements - {"using":"xpath","value":"//button[@data-kt=\"addNewYardOverflowToolbarButton\"]"}
RESULT: {"using":"xpath","value":"//button[@data-kt=\"addNewYardOverflowToolbarButton\"]"}
COMMAND: POST /session/ca83e481e94148ebe1f8ed3b36dca130/element - {"using":"xpath","value":"//button[@data-kt=\"addNewYardOverflowToolbarButton\"]"}
RESULT: {"using":"xpath","value":"//button[@data-kt=\"addNewYardOverflowToolbarButton\"]"}
COMMAND: POST /session/ca83e481e94148ebe1f8ed3b36dca130/execute/sync - {"script":"<script> [8489 bytes]","args":[{"element-6066-11e4-a52e-4f735466cecf":"f.B26EBF0D97B69C61F615F10F8BDFA999.d.82C7729A958DC44ACDA5D08AEEC146CD.e.286","ELEMENT":"f.B26EBF0D97B69C61F615F10F8BDFA999.d.82C7729A958DC44ACDA5D08AEEC146CD.e.286"}]}
RESULT: {"script":"<script> [8489 bytes]","args":[{"element-6066-11e4-a52e-4f735466cecf":"f.B26EBF0D97B69C61F615F10F8BDFA999.d.82C7729A958DC44ACDA5D08AEEC146CD.e.286","ELEMENT":"f.B26EBF0D97B69C61F615F10F8BDFA999.d.82C7729A958DC44ACDA5D08AEEC146CD.e.286"}]}
COMMAND: GET /session/ca83e481e94148ebe1f8ed3b36dca130/element/f.B26EBF0D97B69C61F615F10F8BDFA999.d.82C7729A958DC44ACDA5D08AEEC146CD.e.286/enabled - {}
COMMAND: GET /session/ca83e481e94148ebe1f8ed3b36dca130/screenshot - {}
RESULT: {}
COMMAND: POST /session/ca83e481e94148ebe1f8ed3b36dca130/execute/sync - {"script":"<script> [8489 bytes]","args":[{"element-6066-11e4-a52e-4f735466cecf":"f.B26EBF0D97B69C61F615F10F8BDFA999.d.82C7729A958DC44ACDA5D08AEEC146CD.e.286","ELEMENT":"f.B26EBF0D97B69C61F615F10F8BDFA999.d.82C7729A958DC44ACDA5D08AEEC146CD.e.286"}]}
COMMAND: GET /session/ca83e481e94148ebe1f8ed3b36dca130/screenshot - {}
RESULT: {}
RESULT: {}
RESULT: {"script":"<script> [8489 bytes]","args":[{"element-6066-11e4-a52e-4f735466cecf":"f.B26EBF0D97B69C61F615F10F8BDFA999.d.82C7729A958DC44ACDA5D08AEEC146CD.e.286","ELEMENT":"f.B26EBF0D97B69C61F615F10F8BDFA999.d.82C7729A958DC44ACDA5D08AEEC146CD.e.286"}]}
COMMAND: POST /session/ca83e481e94148ebe1f8ed3b36dca130/execute/sync - {"script":"<script> [5351 bytes]","args":[{"element-6066-11e4-a52e-4f735466cecf":"f.B26EBF0D97B69C61F615F10F8BDFA999.d.82C7729A958DC44ACDA5D08AEEC146CD.e.286","ELEMENT":"f.B26EBF0D97B69C61F615F10F8BDFA999.d.82C7729A958DC44ACDA5D08AEEC146CD.e.286"}]}
COMMAND: GET /session/ca83e481e94148ebe1f8ed3b36dca130/screenshot - {}
RESULT: {"script":"<script> [5351 bytes]","args":[{"element-6066-11e4-a52e-4f735466cecf":"f.B26EBF0D97B69C61F615F10F8BDFA999.d.82C7729A958DC44ACDA5D08AEEC146CD.e.286","ELEMENT":"f.B26EBF0D97B69C61F615F10F8BDFA999.d.82C7729A958DC44ACDA5D08AEEC146CD.e.286"}]}
COMMAND: POST /session/ca83e481e94148ebe1f8ed3b36dca130/element/f.B26EBF0D97B69C61F615F10F8BDFA999.d.82C7729A958DC44ACDA5D08AEEC146CD.e.286/click - {}
COMMAND: GET /session/ca83e481e94148ebe1f8ed3b36dca130/screenshot - {}
RESULT: {}
RESULT: {}
COMMAND: GET /session/ca83e481e94148ebe1f8ed3b36dca130/screenshot - {}
COMMAND: POST /session/ca83e481e94148ebe1f8ed3b36dca130/element - {"using":"xpath","value":"//input[@id=\"application-manageyards-display-component---NewYard--yardId-inner\"]"}
RESULT: {}
RESULT: {}
RESULT: {"using":"xpath","value":"//input[@id=\"application-manageyards-display-component---NewYard--yardId-inner\"]"}
COMMAND: POST /session/ca83e481e94148ebe1f8ed3b36dca130/element - {"using":"xpath","value":"//input[@id=\"application-manageyards-display-component---NewYard--yardId-inner\"]"}
RESULT: {"using":"xpath","value":"//input[@id=\"application-manageyards-display-component---NewYard--yardId-inner\"]"}
COMMAND: POST /session/ca83e481e94148ebe1f8ed3b36dca130/execute/async - {"script":"<script> [1562 bytes]","args":[{"selector":{"id":"application-manageyards-display-component---NewYard--addressDetailDetailsName1","interaction":{"idSuffix":"inner"}},"wdio_ui5_key":"applicationmanageyards-display-component---NewYard--addressDetailDetailsName1"}]}
RESULT: {"script":"<script> [1562 bytes]","args":[{"selector":{"id":"application-manageyards-display-component---NewYard--addressDetailDetailsName1","interaction":{"idSuffix":"inner"}},"wdio_ui5_key":"applicationmanageyards-display-component---NewYard--addressDetailDetailsName1"}]}
RESULT: undefined
COMMAND: POST /session/ca83e481e94148ebe1f8ed3b36dca130/execute/async - {"script":"<script> [776 bytes]","args":[{"enterText":"Other Yard WDIO","selector":{"id":"application-manageyards-display-component---NewYard--addressDetailDetailsName1","interaction":{"idSuffix":"inner"}},"clearTextFirst":true,"interactionType":"ENTER_TEXT"}]}
RESULT: {"script":"<script> [776 bytes]","args":[{"enterText":"Other Yard WDIO","selector":{"id":"application-manageyards-display-component---NewYard--addressDetailDetailsName1","interaction":{"idSuffix":"inner"}},"clearTextFirst":true,"interactionType":"ENTER_TEXT"}]}
COMMAND: POST /session/ca83e481e94148ebe1f8ed3b36dca130/execute/async - {"script":"<script> [1562 bytes]","args":[{"selector":{"id":"application-manageyards-display-component---NewYard--addressDetailDetailsLanguage-arrow"},"wdio_ui5_key":"applicationmanageyards-display-component---NewYard--addressDetailDetailsLanguage-arrow"}]}
RESULT: {"script":"<script> [1562 bytes]","args":[{"selector":{"id":"application-manageyards-display-component---NewYard--addressDetailDetailsLanguage-arrow"},"wdio_ui5_key":"applicationmanageyards-display-component---NewYard--addressDetailDetailsLanguage-arrow"}]}
RESULT: undefined
COMMAND: POST /session/ca83e481e94148ebe1f8ed3b36dca130/element - {"using":"xpath","value":"//*[@id=\"application-manageyards-display-component---NewYard--addressDetailDetailsLanguage-arrow\"]"}
RESULT: {"using":"xpath","value":"//*[@id=\"application-manageyards-display-component---NewYard--addressDetailDetailsLanguage-arrow\"]"}
COMMAND: POST /session/ca83e481e94148ebe1f8ed3b36dca130/element/f.B26EBF0D97B69C61F615F10F8BDFA999.d.82C7729A958DC44ACDA5D08AEEC146CD.e.710/click - {}
RESULT: {}
COMMAND: POST /session/ca83e481e94148ebe1f8ed3b36dca130/element - {"using":"xpath","value":"//span[contains(text(), \"English\")]"}
COMMAND: GET /session/ca83e481e94148ebe1f8ed3b36dca130/screenshot - {}
RESULT: {"using":"xpath","value":"//span[contains(text(), \"English\")]"}
COMMAND: POST /session/ca83e481e94148ebe1f8ed3b36dca130/element/f.B26EBF0D97B69C61F615F10F8BDFA999.d.82C7729A958DC44ACDA5D08AEEC146CD.e.711/click - {}
RESULT: {}
RESULT: {}
COMMAND: POST /session/ca83e481e94148ebe1f8ed3b36dca130/execute/async - {"script":"<script> [1562 bytes]","args":[{"selector":{"id":"application-manageyards-display-component---NewYard--addressDetailDetailsCity1","interaction":{"idSuffix":"inner"}},"wdio_ui5_key":"applicationmanageyards-display-component---NewYard--addressDetailDetailsCity1"}]}
COMMAND: GET /session/ca83e481e94148ebe1f8ed3b36dca130/screenshot - {}
RESULT: {"script":"<script> [1562 bytes]","args":[{"selector":{"id":"application-manageyards-display-component---NewYard--addressDetailDetailsCity1","interaction":{"idSuffix":"inner"}},"wdio_ui5_key":"applicationmanageyards-display-component---NewYard--addressDetailDetailsCity1"}]}
RESULT: undefined
COMMAND: POST /session/ca83e481e94148ebe1f8ed3b36dca130/execute/async - {"script":"<script> [776 bytes]","args":[{"enterText":"Rosario","selector":{"id":"application-manageyards-display-component---NewYard--addressDetailDetailsCity1","interaction":{"idSuffix":"inner"}},"clearTextFirst":true,"interactionType":"ENTER_TEXT"}]}
RESULT: {}
RESULT: {"script":"<script> [776 bytes]","args":[{"enterText":"Rosario","selector":{"id":"application-manageyards-display-component---NewYard--addressDetailDetailsCity1","interaction":{"idSuffix":"inner"}},"clearTextFirst":true,"interactionType":"ENTER_TEXT"}]}
COMMAND: POST /session/ca83e481e94148ebe1f8ed3b36dca130/execute/async - {"script":"<script> [1562 bytes]","args":[{"selector":{"id":"application-manageyards-display-component---NewYard--addressDetailDetailsCountry-arrow"},"wdio_ui5_key":"applicationmanageyards-display-component---NewYard--addressDetailDetailsCountry-arrow"}]}
RESULT: {"script":"<script> [1562 bytes]","args":[{"selector":{"id":"application-manageyards-display-component---NewYard--addressDetailDetailsCountry-arrow"},"wdio_ui5_key":"applicationmanageyards-display-component---NewYard--addressDetailDetailsCountry-arrow"}]}
RESULT: undefined
COMMAND: POST /session/ca83e481e94148ebe1f8ed3b36dca130/element - {"using":"xpath","value":"//*[@id=\"application-manageyards-display-component---NewYard--addressDetailDetailsCountry-arrow\"]"}
RESULT: {"using":"xpath","value":"//*[@id=\"application-manageyards-display-component---NewYard--addressDetailDetailsCountry-arrow\"]"}
COMMAND: POST /session/ca83e481e94148ebe1f8ed3b36dca130/element/f.B26EBF0D97B69C61F615F10F8BDFA999.d.82C7729A958DC44ACDA5D08AEEC146CD.e.713/click - {}
RESULT: {}
COMMAND: POST /session/ca83e481e94148ebe1f8ed3b36dca130/element - {"using":"xpath","value":"//span[contains(text(), \"Argentina\")]"}
COMMAND: GET /session/ca83e481e94148ebe1f8ed3b36dca130/screenshot - {}
RESULT: {"using":"xpath","value":"//span[contains(text(), \"Argentina\")]"}
COMMAND: POST /session/ca83e481e94148ebe1f8ed3b36dca130/element/f.B26EBF0D97B69C61F615F10F8BDFA999.d.82C7729A958DC44ACDA5D08AEEC146CD.e.714/click - {}
RESULT: {}
RESULT: {}
COMMAND: POST /session/ca83e481e94148ebe1f8ed3b36dca130/execute/async - {"script":"<script> [1562 bytes]","args":[{"selector":{"id":"application-manageyards-display-component---NewYard--addressEditDetailsCostObjectCstType-arrow"},"wdio_ui5_key":"applicationmanageyards-display-component---NewYard--addressEditDetailsCostObjectCstType-arrow"}]}
COMMAND: GET /session/ca83e481e94148ebe1f8ed3b36dca130/screenshot - {}
RESULT: {"script":"<script> [1562 bytes]","args":[{"selector":{"id":"application-manageyards-display-component---NewYard--addressEditDetailsCostObjectCstType-arrow"},"wdio_ui5_key":"applicationmanageyards-display-component---NewYard--addressEditDetailsCostObjectCstType-arrow"}]}
RESULT: undefined
COMMAND: POST /session/ca83e481e94148ebe1f8ed3b36dca130/element - {"using":"xpath","value":"//*[@id=\"application-manageyards-display-component---NewYard--addressEditDetailsCostObjectCstType-arrow\"]"}
RESULT: {}
RESULT: {"using":"xpath","value":"//*[@id=\"application-manageyards-display-component---NewYard--addressEditDetailsCostObjectCstType-arrow\"]"}
COMMAND: POST /session/ca83e481e94148ebe1f8ed3b36dca130/element/f.B26EBF0D97B69C61F615F10F8BDFA999.d.82C7729A958DC44ACDA5D08AEEC146CD.e.715/click - {}
RESULT: {}
COMMAND: POST /session/ca83e481e94148ebe1f8ed3b36dca130/element - {"using":"xpath","value":"//span[contains(text(), \"Cost Center\")]"}
COMMAND: GET /session/ca83e481e94148ebe1f8ed3b36dca130/screenshot - {}
RESULT: {"using":"xpath","value":"//span[contains(text(), \"Cost Center\")]"}
COMMAND: POST /session/ca83e481e94148ebe1f8ed3b36dca130/element/f.B26EBF0D97B69C61F615F10F8BDFA999.d.82C7729A958DC44ACDA5D08AEEC146CD.e.716/click - {}
RESULT: {}
RESULT: {}
COMMAND: GET /session/ca83e481e94148ebe1f8ed3b36dca130/screenshot - {}
RESULT: {}
COMMAND: POST /session/ca83e481e94148ebe1f8ed3b36dca130/element - {"using":"xpath","value":"//span[@id=\"application-manageyards-display-component---NewYard--addressNewCostObjectCstID-vhi\"]"}
RESULT: {"using":"xpath","value":"//span[@id=\"application-manageyards-display-component---NewYard--addressNewCostObjectCstID-vhi\"]"}
COMMAND: POST /session/ca83e481e94148ebe1f8ed3b36dca130/execute/sync - {"script":"<script> [8489 bytes]","args":[{"element-6066-11e4-a52e-4f735466cecf":"f.B26EBF0D97B69C61F615F10F8BDFA999.d.82C7729A958DC44ACDA5D08AEEC146CD.e.720","ELEMENT":"f.B26EBF0D97B69C61F615F10F8BDFA999.d.82C7729A958DC44ACDA5D08AEEC146CD.e.720"}]}
RESULT: {"script":"<script> [8489 bytes]","args":[{"element-6066-11e4-a52e-4f735466cecf":"f.B26EBF0D97B69C61F615F10F8BDFA999.d.82C7729A958DC44ACDA5D08AEEC146CD.e.720","ELEMENT":"f.B26EBF0D97B69C61F615F10F8BDFA999.d.82C7729A958DC44ACDA5D08AEEC146CD.e.720"}]}
COMMAND: POST /session/ca83e481e94148ebe1f8ed3b36dca130/execute/async - {"script":"<script> [1562 bytes]","args":[{"selector":{"id":"application-manageyards-display-component---NewYard--addressNewCostObjectCstID-vhi"},"wdio_ui5_key":"applicationmanageyards-display-component---NewYard--addressNewCostObjectCstID-vhi"}]}
COMMAND: GET /session/ca83e481e94148ebe1f8ed3b36dca130/screenshot - {}
RESULT: {"script":"<script> [1562 bytes]","args":[{"selector":{"id":"application-manageyards-display-component---NewYard--addressNewCostObjectCstID-vhi"},"wdio_ui5_key":"applicationmanageyards-display-component---NewYard--addressNewCostObjectCstID-vhi"}]}
RESULT: undefined
COMMAND: POST /session/ca83e481e94148ebe1f8ed3b36dca130/element - {"using":"xpath","value":"//*[@id=\"application-manageyards-display-component---NewYard--addressNewCostObjectCstID-vhi\"]"}
RESULT: {}
RESULT: {"using":"xpath","value":"//*[@id=\"application-manageyards-display-component---NewYard--addressNewCostObjectCstID-vhi\"]"}
COMMAND: POST /session/ca83e481e94148ebe1f8ed3b36dca130/element/f.B26EBF0D97B69C61F615F10F8BDFA999.d.82C7729A958DC44ACDA5D08AEEC146CD.e.720/click - {}
RESULT: {}
COMMAND: GET /session/ca83e481e94148ebe1f8ed3b36dca130/screenshot - {}
RESULT: {}
COMMAND: POST /session/ca83e481e94148ebe1f8ed3b36dca130/execute/async - {"script":"<script> [1562 bytes]","args":[{"selector":{"controlType":"sap.m.SearchField","properties":{"placeholder":"Search"},"searchOpenDialogs":true,"interaction":{"idSuffix":"I"}},"wdio_ui5_key":"sapm.SearchField{\"placeholder\":\"Search\"}"}]}
RESULT: {"script":"<script> [1562 bytes]","args":[{"selector":{"controlType":"sap.m.SearchField","properties":{"placeholder":"Search"},"searchOpenDialogs":true,"interaction":{"idSuffix":"I"}},"wdio_ui5_key":"sapm.SearchField{\"placeholder\":\"Search\"}"}]}
RESULT: undefined
COMMAND: POST /session/ca83e481e94148ebe1f8ed3b36dca130/execute/async - {"script":"<script> [776 bytes]","args":[{"enterText":"bauh_b","selector":{"controlType":"sap.m.SearchField","properties":{"placeholder":"Search"},"searchOpenDialogs":true,"interaction":{"idSuffix":"I"}},"clearTextFirst":true,"interactionType":"ENTER_TEXT"}]}
RESULT: {"script":"<script> [776 bytes]","args":[{"enterText":"bauh_b","selector":{"controlType":"sap.m.SearchField","properties":{"placeholder":"Search"},"searchOpenDialogs":true,"interaction":{"idSuffix":"I"}},"clearTextFirst":true,"interactionType":"ENTER_TEXT"}]}
COMMAND: POST /session/ca83e481e94148ebe1f8ed3b36dca130/actions - {"actions":[{"id":"action1","type":"key","parameters":{},"actions":[{"type":"keyDown","value":""},{"type":"pause","duration":10},{"type":"keyUp","value":""}]}]}
RESULT: {"actions":[{"id":"action1","type":"key","parameters":{},"actions":[{"type":"keyDown","value":""},{"type":"pause","duration":10},{"type":"keyUp","value":""}]}]}
COMMAND: GET /session/ca83e481e94148ebe1f8ed3b36dca130/screenshot - {}
RESULT: {}
COMMAND: POST /session/ca83e481e94148ebe1f8ed3b36dca130/element - {"using":"xpath","value":"//span[contains(text(), \"Demo Yard\")]"}
RESULT: {"using":"xpath","value":"//span[contains(text(), \"Demo Yard\")]"}
COMMAND: POST /session/ca83e481e94148ebe1f8ed3b36dca130/element/f.B26EBF0D97B69C61F615F10F8BDFA999.d.82C7729A958DC44ACDA5D08AEEC146CD.e.761/click - {}
RESULT: {}
COMMAND: GET /session/ca83e481e94148ebe1f8ed3b36dca130/screenshot - {}
RESULT: {}
COMMAND: POST /session/ca83e481e94148ebe1f8ed3b36dca130/element - {"using":"xpath","value":"//bdi[contains(text(), \"OK\")]"}
RESULT: {"using":"xpath","value":"//bdi[contains(text(), \"OK\")]"}
COMMAND: POST /session/ca83e481e94148ebe1f8ed3b36dca130/element/f.B26EBF0D97B69C61F615F10F8BDFA999.d.82C7729A958DC44ACDA5D08AEEC146CD.e.762/click - {}
RESULT: {}
COMMAND: GET /session/ca83e481e94148ebe1f8ed3b36dca130/screenshot - {}
RESULT: {}
COMMAND: POST /session/ca83e481e94148ebe1f8ed3b36dca130/execute/async - {"script":"<script> [1562 bytes]","args":[{"selector":{"id":"application-manageyards-display-component---NewYard--addressEditDetailsCurrency-arrow"},"wdio_ui5_key":"applicationmanageyards-display-component---NewYard--addressEditDetailsCurrency-arrow"}]}
RESULT: {"script":"<script> [1562 bytes]","args":[{"selector":{"id":"application-manageyards-display-component---NewYard--addressEditDetailsCurrency-arrow"},"wdio_ui5_key":"applicationmanageyards-display-component---NewYard--addressEditDetailsCurrency-arrow"}]}
RESULT: undefined
COMMAND: POST /session/ca83e481e94148ebe1f8ed3b36dca130/element - {"using":"xpath","value":"//*[@id=\"application-manageyards-display-component---NewYard--addressEditDetailsCurrency-arrow\"]"}
RESULT: {"using":"xpath","value":"//*[@id=\"application-manageyards-display-component---NewYard--addressEditDetailsCurrency-arrow\"]"}
COMMAND: POST /session/ca83e481e94148ebe1f8ed3b36dca130/element/f.B26EBF0D97B69C61F615F10F8BDFA999.d.82C7729A958DC44ACDA5D08AEEC146CD.e.765/click - {}
RESULT: {}
COMMAND: POST /session/ca83e481e94148ebe1f8ed3b36dca130/element - {"using":"xpath","value":"//span[contains(text(), \"Euro\")]"}
COMMAND: GET /session/ca83e481e94148ebe1f8ed3b36dca130/screenshot - {}
RESULT: {"using":"xpath","value":"//span[contains(text(), \"Euro\")]"}
COMMAND: POST /session/ca83e481e94148ebe1f8ed3b36dca130/element/f.B26EBF0D97B69C61F615F10F8BDFA999.d.82C7729A958DC44ACDA5D08AEEC146CD.e.766/click - {}
RESULT: {}
RESULT: {}
COMMAND: POST /session/ca83e481e94148ebe1f8ed3b36dca130/execute/async - {"script":"<script> [1562 bytes]","args":[{"selector":{"controlType":"sap.m.Input","viewName":"etm.portal.ui.manageyards.view.New","viewId":"application-manageyards-display-component---NewYard","bindingPath":{"path":"","propertyPath":"/CONTROLLING_AREA","modelName":"NewYardModel"},"interaction":{"idSuffix":"inner"}},"wdio_ui5_key":"etmportal.ui.manageyards.view.Newsap.m.Input{\"path\":\"\",\"propertyPath\":\"/CONTROLLING_AREA\",\"modelName\":\"NewYardModel\"}"}]}
COMMAND: GET /session/ca83e481e94148ebe1f8ed3b36dca130/screenshot - {}
RESULT: {"script":"<script> [1562 bytes]","args":[{"selector":{"controlType":"sap.m.Input","viewName":"etm.portal.ui.manageyards.view.New","viewId":"application-manageyards-display-component---NewYard","bindingPath":{"path":"","propertyPath":"/CONTROLLING_AREA","modelName":"NewYardModel"},"interaction":{"idSuffix":"inner"}},"wdio_ui5_key":"etmportal.ui.manageyards.view.Newsap.m.Input{\"path\":\"\",\"propertyPath\":\"/CONTROLLING_AREA\",\"modelName\":\"NewYardModel\"}"}]}
RESULT: undefined
COMMAND: POST /session/ca83e481e94148ebe1f8ed3b36dca130/execute/async - {"script":"<script> [776 bytes]","args":[{"enterText":"Z001","selector":{"controlType":"sap.m.Input","viewName":"etm.portal.ui.manageyards.view.New","viewId":"application-manageyards-display-component---NewYard","bindingPath":{"path":"","propertyPath":"/CONTROLLING_AREA","modelName":"NewYardModel"},"interaction":{"idSuffix":"inner"}},"clearTextFirst":true,"interactionType":"ENTER_TEXT"}]}
RESULT: {}
RESULT: {"script":"<script> [776 bytes]","args":[{"enterText":"Z001","selector":{"controlType":"sap.m.Input","viewName":"etm.portal.ui.manageyards.view.New","viewId":"application-manageyards-display-component---NewYard","bindingPath":{"path":"","propertyPath":"/CONTROLLING_AREA","modelName":"NewYardModel"},"interaction":{"idSuffix":"inner"}},"clearTextFirst":true,"interactionType":"ENTER_TEXT"}]}
COMMAND: POST /session/ca83e481e94148ebe1f8ed3b36dca130/execute/async - {"script":"<script> [1562 bytes]","args":[{"selector":{"id":"application-manageyards-display-component---NewYard--companyCodeComboBox","interaction":{"idSuffix":"inner"}},"wdio_ui5_key":"applicationmanageyards-display-component---NewYard--companyCodeComboBox"}]}
RESULT: {"script":"<script> [1562 bytes]","args":[{"selector":{"id":"application-manageyards-display-component---NewYard--companyCodeComboBox","interaction":{"idSuffix":"inner"}},"wdio_ui5_key":"applicationmanageyards-display-component---NewYard--companyCodeComboBox"}]}
RESULT: undefined
COMMAND: POST /session/ca83e481e94148ebe1f8ed3b36dca130/execute/async - {"script":"<script> [776 bytes]","args":[{"enterText":"1000","selector":{"id":"application-manageyards-display-component---NewYard--companyCodeComboBox","interaction":{"idSuffix":"inner"}},"clearTextFirst":true,"interactionType":"ENTER_TEXT"}]}
RESULT: {"script":"<script> [776 bytes]","args":[{"enterText":"1000","selector":{"id":"application-manageyards-display-component---NewYard--companyCodeComboBox","interaction":{"idSuffix":"inner"}},"clearTextFirst":true,"interactionType":"ENTER_TEXT"}]}
COMMAND: POST /session/ca83e481e94148ebe1f8ed3b36dca130/execute/async - {"script":"<script> [1562 bytes]","args":[{"selector":{"controlType":"sap.m.Input","viewName":"etm.portal.ui.manageyards.view.New","viewId":"application-manageyards-display-component---NewYard","bindingPath":{"path":"","propertyPath":"/PLANT","modelName":"NewYardModel"},"interaction":{"idSuffix":"inner"}},"wdio_ui5_key":"etmportal.ui.manageyards.view.Newsap.m.Input{\"path\":\"\",\"propertyPath\":\"/PLANT\",\"modelName\":\"NewYardModel\"}"}]}
RESULT: {"script":"<script> [1562 bytes]","args":[{"selector":{"controlType":"sap.m.Input","viewName":"etm.portal.ui.manageyards.view.New","viewId":"application-manageyards-display-component---NewYard","bindingPath":{"path":"","propertyPath":"/PLANT","modelName":"NewYardModel"},"interaction":{"idSuffix":"inner"}},"wdio_ui5_key":"etmportal.ui.manageyards.view.Newsap.m.Input{\"path\":\"\",\"propertyPath\":\"/PLANT\",\"modelName\":\"NewYardModel\"}"}]}
RESULT: undefined
COMMAND: POST /session/ca83e481e94148ebe1f8ed3b36dca130/execute/async - {"script":"<script> [776 bytes]","args":[{"enterText":"1001","selector":{"controlType":"sap.m.Input","viewName":"etm.portal.ui.manageyards.view.New","viewId":"application-manageyards-display-component---NewYard","bindingPath":{"path":"","propertyPath":"/PLANT","modelName":"NewYardModel"},"interaction":{"idSuffix":"inner"}},"clearTextFirst":true,"interactionType":"ENTER_TEXT"}]}
RESULT: {"script":"<script> [776 bytes]","args":[{"enterText":"1001","selector":{"controlType":"sap.m.Input","viewName":"etm.portal.ui.manageyards.view.New","viewId":"application-manageyards-display-component---NewYard","bindingPath":{"path":"","propertyPath":"/PLANT","modelName":"NewYardModel"},"interaction":{"idSuffix":"inner"}},"clearTextFirst":true,"interactionType":"ENTER_TEXT"}]}
COMMAND: POST /session/ca83e481e94148ebe1f8ed3b36dca130/execute/async - {"script":"<script> [1562 bytes]","args":[{"selector":{"controlType":"sap.m.Input","viewName":"etm.portal.ui.manageyards.view.New","viewId":"application-manageyards-display-component---NewYard","bindingPath":{"path":"","propertyPath":"/SALES_AREA_VKORG","modelName":"NewYardModel"},"interaction":{"idSuffix":"inner"}},"wdio_ui5_key":"etmportal.ui.manageyards.view.Newsap.m.Input{\"path\":\"\",\"propertyPath\":\"/SALES_AREA_VKORG\",\"modelName\":\"NewYardModel\"}"}]}
RESULT: {"script":"<script> [1562 bytes]","args":[{"selector":{"controlType":"sap.m.Input","viewName":"etm.portal.ui.manageyards.view.New","viewId":"application-manageyards-display-component---NewYard","bindingPath":{"path":"","propertyPath":"/SALES_AREA_VKORG","modelName":"NewYardModel"},"interaction":{"idSuffix":"inner"}},"wdio_ui5_key":"etmportal.ui.manageyards.view.Newsap.m.Input{\"path\":\"\",\"propertyPath\":\"/SALES_AREA_VKORG\",\"modelName\":\"NewYardModel\"}"}]}
RESULT: undefined
COMMAND: POST /session/ca83e481e94148ebe1f8ed3b36dca130/execute/async - {"script":"<script> [776 bytes]","args":[{"enterText":"C002","selector":{"controlType":"sap.m.Input","viewName":"etm.portal.ui.manageyards.view.New","viewId":"application-manageyards-display-component---NewYard","bindingPath":{"path":"","propertyPath":"/SALES_AREA_VKORG","modelName":"NewYardModel"},"interaction":{"idSuffix":"inner"}},"clearTextFirst":true,"interactionType":"ENTER_TEXT"}]}
RESULT: {"script":"<script> [776 bytes]","args":[{"enterText":"C002","selector":{"controlType":"sap.m.Input","viewName":"etm.portal.ui.manageyards.view.New","viewId":"application-manageyards-display-component---NewYard","bindingPath":{"path":"","propertyPath":"/SALES_AREA_VKORG","modelName":"NewYardModel"},"interaction":{"idSuffix":"inner"}},"clearTextFirst":true,"interactionType":"ENTER_TEXT"}]}
COMMAND: POST /session/ca83e481e94148ebe1f8ed3b36dca130/execute/async - {"script":"<script> [1562 bytes]","args":[{"selector":{"controlType":"sap.m.Input","viewName":"etm.portal.ui.manageyards.view.New","viewId":"application-manageyards-display-component---NewYard","bindingPath":{"path":"","propertyPath":"/SALES_AREA_VTWEG","modelName":"NewYardModel"},"interaction":{"idSuffix":"inner"}},"wdio_ui5_key":"etmportal.ui.manageyards.view.Newsap.m.Input{\"path\":\"\",\"propertyPath\":\"/SALES_AREA_VTWEG\",\"modelName\":\"NewYardModel\"}"}]}
RESULT: {"script":"<script> [1562 bytes]","args":[{"selector":{"controlType":"sap.m.Input","viewName":"etm.portal.ui.manageyards.view.New","viewId":"application-manageyards-display-component---NewYard","bindingPath":{"path":"","propertyPath":"/SALES_AREA_VTWEG","modelName":"NewYardModel"},"interaction":{"idSuffix":"inner"}},"wdio_ui5_key":"etmportal.ui.manageyards.view.Newsap.m.Input{\"path\":\"\",\"propertyPath\":\"/SALES_AREA_VTWEG\",\"modelName\":\"NewYardModel\"}"}]}
RESULT: undefined
COMMAND: POST /session/ca83e481e94148ebe1f8ed3b36dca130/execute/async - {"script":"<script> [776 bytes]","args":[{"enterText":"C2","selector":{"controlType":"sap.m.Input","viewName":"etm.portal.ui.manageyards.view.New","viewId":"application-manageyards-display-component---NewYard","bindingPath":{"path":"","propertyPath":"/SALES_AREA_VTWEG","modelName":"NewYardModel"},"interaction":{"idSuffix":"inner"}},"clearTextFirst":true,"interactionType":"ENTER_TEXT"}]}
RESULT: {"script":"<script> [776 bytes]","args":[{"enterText":"C2","selector":{"controlType":"sap.m.Input","viewName":"etm.portal.ui.manageyards.view.New","viewId":"application-manageyards-display-component---NewYard","bindingPath":{"path":"","propertyPath":"/SALES_AREA_VTWEG","modelName":"NewYardModel"},"interaction":{"idSuffix":"inner"}},"clearTextFirst":true,"interactionType":"ENTER_TEXT"}]}
COMMAND: POST /session/ca83e481e94148ebe1f8ed3b36dca130/execute/async - {"script":"<script> [1562 bytes]","args":[{"selector":{"controlType":"sap.m.Input","viewName":"etm.portal.ui.manageyards.view.New","viewId":"application-manageyards-display-component---NewYard","bindingPath":{"path":"","propertyPath":"/SALES_AREA_SPART","modelName":"NewYardModel"},"interaction":{"idSuffix":"inner"}},"wdio_ui5_key":"etmportal.ui.manageyards.view.Newsap.m.Input{\"path\":\"\",\"propertyPath\":\"/SALES_AREA_SPART\",\"modelName\":\"NewYardModel\"}"}]}
RESULT: {"script":"<script> [1562 bytes]","args":[{"selector":{"controlType":"sap.m.Input","viewName":"etm.portal.ui.manageyards.view.New","viewId":"application-manageyards-display-component---NewYard","bindingPath":{"path":"","propertyPath":"/SALES_AREA_SPART","modelName":"NewYardModel"},"interaction":{"idSuffix":"inner"}},"wdio_ui5_key":"etmportal.ui.manageyards.view.Newsap.m.Input{\"path\":\"\",\"propertyPath\":\"/SALES_AREA_SPART\",\"modelName\":\"NewYardModel\"}"}]}
RESULT: undefined
COMMAND: POST /session/ca83e481e94148ebe1f8ed3b36dca130/execute/async - {"script":"<script> [776 bytes]","args":[{"enterText":"C2","selector":{"controlType":"sap.m.Input","viewName":"etm.portal.ui.manageyards.view.New","viewId":"application-manageyards-display-component---NewYard","bindingPath":{"path":"","propertyPath":"/SALES_AREA_SPART","modelName":"NewYardModel"},"interaction":{"idSuffix":"inner"}},"clearTextFirst":true,"interactionType":"ENTER_TEXT"}]}
RESULT: {"script":"<script> [776 bytes]","args":[{"enterText":"C2","selector":{"controlType":"sap.m.Input","viewName":"etm.portal.ui.manageyards.view.New","viewId":"application-manageyards-display-component---NewYard","bindingPath":{"path":"","propertyPath":"/SALES_AREA_SPART","modelName":"NewYardModel"},"interaction":{"idSuffix":"inner"}},"clearTextFirst":true,"interactionType":"ENTER_TEXT"}]}
COMMAND: POST /session/ca83e481e94148ebe1f8ed3b36dca130/execute/async - {"script":"<script> [1562 bytes]","args":[{"selector":{"controlType":"sap.m.Input","viewName":"etm.portal.ui.manageyards.view.New","viewId":"application-manageyards-display-component---NewYard","bindingPath":{"path":"","propertyPath":"/SHIP_POINT","modelName":"NewYardModel"},"interaction":{"idSuffix":"inner"}},"wdio_ui5_key":"etmportal.ui.manageyards.view.Newsap.m.Input{\"path\":\"\",\"propertyPath\":\"/SHIP_POINT\",\"modelName\":\"NewYardModel\"}"}]}
RESULT: {"script":"<script> [1562 bytes]","args":[{"selector":{"controlType":"sap.m.Input","viewName":"etm.portal.ui.manageyards.view.New","viewId":"application-manageyards-display-component---NewYard","bindingPath":{"path":"","propertyPath":"/SHIP_POINT","modelName":"NewYardModel"},"interaction":{"idSuffix":"inner"}},"wdio_ui5_key":"etmportal.ui.manageyards.view.Newsap.m.Input{\"path\":\"\",\"propertyPath\":\"/SHIP_POINT\",\"modelName\":\"NewYardModel\"}"}]}
RESULT: undefined
COMMAND: POST /session/ca83e481e94148ebe1f8ed3b36dca130/execute/async - {"script":"<script> [776 bytes]","args":[{"enterText":"1710","selector":{"controlType":"sap.m.Input","viewName":"etm.portal.ui.manageyards.view.New","viewId":"application-manageyards-display-component---NewYard","bindingPath":{"path":"","propertyPath":"/SHIP_POINT","modelName":"NewYardModel"},"interaction":{"idSuffix":"inner"}},"clearTextFirst":true,"interactionType":"ENTER_TEXT"}]}
RESULT: {"script":"<script> [776 bytes]","args":[{"enterText":"1710","selector":{"controlType":"sap.m.Input","viewName":"etm.portal.ui.manageyards.view.New","viewId":"application-manageyards-display-component---NewYard","bindingPath":{"path":"","propertyPath":"/SHIP_POINT","modelName":"NewYardModel"},"interaction":{"idSuffix":"inner"}},"clearTextFirst":true,"interactionType":"ENTER_TEXT"}]}
COMMAND: POST /session/ca83e481e94148ebe1f8ed3b36dca130/execute/async - {"script":"<script> [1562 bytes]","args":[{"selector":{"controlType":"sap.m.Input","viewName":"etm.portal.ui.manageyards.view.New","viewId":"application-manageyards-display-component---NewYard","bindingPath":{"path":"","propertyPath":"/DELIVERY_TYPE","modelName":"NewYardModel"},"interaction":{"idSuffix":"inner"}},"wdio_ui5_key":"etmportal.ui.manageyards.view.Newsap.m.Input{\"path\":\"\",\"propertyPath\":\"/DELIVERY_TYPE\",\"modelName\":\"NewYardModel\"}"}]}
RESULT: {"script":"<script> [1562 bytes]","args":[{"selector":{"controlType":"sap.m.Input","viewName":"etm.portal.ui.manageyards.view.New","viewId":"application-manageyards-display-component---NewYard","bindingPath":{"path":"","propertyPath":"/DELIVERY_TYPE","modelName":"NewYardModel"},"interaction":{"idSuffix":"inner"}},"wdio_ui5_key":"etmportal.ui.manageyards.view.Newsap.m.Input{\"path\":\"\",\"propertyPath\":\"/DELIVERY_TYPE\",\"modelName\":\"NewYardModel\"}"}]}
RESULT: undefined
COMMAND: POST /session/ca83e481e94148ebe1f8ed3b36dca130/execute/async - {"script":"<script> [776 bytes]","args":[{"enterText":"ZL01","selector":{"controlType":"sap.m.Input","viewName":"etm.portal.ui.manageyards.view.New","viewId":"application-manageyards-display-component---NewYard","bindingPath":{"path":"","propertyPath":"/DELIVERY_TYPE","modelName":"NewYardModel"},"interaction":{"idSuffix":"inner"}},"clearTextFirst":true,"interactionType":"ENTER_TEXT"}]}
RESULT: {"script":"<script> [776 bytes]","args":[{"enterText":"ZL01","selector":{"controlType":"sap.m.Input","viewName":"etm.portal.ui.manageyards.view.New","viewId":"application-manageyards-display-component---NewYard","bindingPath":{"path":"","propertyPath":"/DELIVERY_TYPE","modelName":"NewYardModel"},"interaction":{"idSuffix":"inner"}},"clearTextFirst":true,"interactionType":"ENTER_TEXT"}]}
COMMAND: POST /session/ca83e481e94148ebe1f8ed3b36dca130/execute/async - {"script":"<script> [1562 bytes]","args":[{"selector":{"controlType":"sap.m.Input","viewName":"etm.portal.ui.manageyards.view.New","viewId":"application-manageyards-display-component---NewYard","bindingPath":{"path":"","propertyPath":"/AUART","modelName":"NewYardModel"},"interaction":{"idSuffix":"inner"}},"wdio_ui5_key":"etmportal.ui.manageyards.view.Newsap.m.Input{\"path\":\"\",\"propertyPath\":\"/AUART\",\"modelName\":\"NewYardModel\"}"}]}
RESULT: {"script":"<script> [1562 bytes]","args":[{"selector":{"controlType":"sap.m.Input","viewName":"etm.portal.ui.manageyards.view.New","viewId":"application-manageyards-display-component---NewYard","bindingPath":{"path":"","propertyPath":"/AUART","modelName":"NewYardModel"},"interaction":{"idSuffix":"inner"}},"wdio_ui5_key":"etmportal.ui.manageyards.view.Newsap.m.Input{\"path\":\"\",\"propertyPath\":\"/AUART\",\"modelName\":\"NewYardModel\"}"}]}
RESULT: undefined
COMMAND: POST /session/ca83e481e94148ebe1f8ed3b36dca130/execute/async - {"script":"<script> [776 bytes]","args":[{"enterText":"TA","selector":{"controlType":"sap.m.Input","viewName":"etm.portal.ui.manageyards.view.New","viewId":"application-manageyards-display-component---NewYard","bindingPath":{"path":"","propertyPath":"/AUART","modelName":"NewYardModel"},"interaction":{"idSuffix":"inner"}},"clearTextFirst":true,"interactionType":"ENTER_TEXT"}]}
RESULT: {"script":"<script> [776 bytes]","args":[{"enterText":"TA","selector":{"controlType":"sap.m.Input","viewName":"etm.portal.ui.manageyards.view.New","viewId":"application-manageyards-display-component---NewYard","bindingPath":{"path":"","propertyPath":"/AUART","modelName":"NewYardModel"},"interaction":{"idSuffix":"inner"}},"clearTextFirst":true,"interactionType":"ENTER_TEXT"}]}
COMMAND: POST /session/ca83e481e94148ebe1f8ed3b36dca130/element - {"using":"xpath","value":"//button[@data-kt=\"newYardSaveButton\"]"}
RESULT: {"using":"xpath","value":"//button[@data-kt=\"newYardSaveButton\"]"}
COMMAND: POST /session/ca83e481e94148ebe1f8ed3b36dca130/element/f.B26EBF0D97B69C61F615F10F8BDFA999.d.82C7729A958DC44ACDA5D08AEEC146CD.e.694/click - {}
RESULT: {}
COMMAND: GET /session/ca83e481e94148ebe1f8ed3b36dca130/screenshot - {}
RESULT: {}
COMMAND: POST /session/ca83e481e94148ebe1f8ed3b36dca130/element - {"using":"xpath","value":"//header[contains(@id, 'ObjectPageLayout-headerTitle')]/div[1]/div[2]/div[1]/span[1]"}
RESULT: {"using":"xpath","value":"//header[contains(@id, 'ObjectPageLayout-headerTitle')]/div[1]/div[2]/div[1]/span[1]"}
COMMAND: POST /session/ca83e481e94148ebe1f8ed3b36dca130/elements - {"using":"xpath","value":"//header[contains(@id, 'ObjectPageLayout-headerTitle')]/div[1]/div[2]/div[1]/span[1]"}
RESULT: {"using":"xpath","value":"//header[contains(@id, 'ObjectPageLayout-headerTitle')]/div[1]/div[2]/div[1]/span[1]"}
COMMAND: POST /session/ca83e481e94148ebe1f8ed3b36dca130/execute/sync - {"script":"<script> [56 bytes]","args":[{"element-6066-11e4-a52e-4f735466cecf":"f.B26EBF0D97B69C61F615F10F8BDFA999.d.82C7729A958DC44ACDA5D08AEEC146CD.e.989","ELEMENT":"f.B26EBF0D97B69C61F615F10F8BDFA999.d.82C7729A958DC44ACDA5D08AEEC146CD.e.989"}]}
RESULT: {"script":"<script> [56 bytes]","args":[{"element-6066-11e4-a52e-4f735466cecf":"f.B26EBF0D97B69C61F615F10F8BDFA999.d.82C7729A958DC44ACDA5D08AEEC146CD.e.989","ELEMENT":"f.B26EBF0D97B69C61F615F10F8BDFA999.d.82C7729A958DC44ACDA5D08AEEC146CD.e.989"}]}
COMMAND: GET /session/ca83e481e94148ebe1f8ed3b36dca130/screenshot - {}
RESULT: {}
COMMAND: POST /session/ca83e481e94148ebe1f8ed3b36dca130/element - {"using":"css selector","value":"#shell-header-logo"}
RESULT: {"using":"css selector","value":"#shell-header-logo"}
COMMAND: POST /session/ca83e481e94148ebe1f8ed3b36dca130/element/f.B26EBF0D97B69C61F615F10F8BDFA999.d.82C7729A958DC44ACDA5D08AEEC146CD.e.255/click - {}
RESULT: {}
COMMAND: GET /session/ca83e481e94148ebe1f8ed3b36dca130/screenshot - {}
RESULT: {}
COMMAND: POST /session/ca83e481e94148ebe1f8ed3b36dca130/execute/sync - {"script":"<script> [299 bytes]","args":[["getModel","getResource"]]}
RESULT: {"script":"<script> [299 bytes]","args":[["getModel","getResource"]]}
COMMAND: GET /session/ca83e481e94148ebe1f8ed3b36dca130/screenshot - {}
]]></system-out>
    </testcase>
    <testcase classname="chrome.137_0_7151_69.windows.Create_masterdata_for_Yard_Overview_-_trigger_provide_US130988" name="Should create a new external partner" time="108.497">
      <system-out><![CDATA[
COMMAND: POST /session/ca83e481e94148ebe1f8ed3b36dca130/window/fullscreen - {}
RESULT: {}
COMMAND: POST /session/ca83e481e94148ebe1f8ed3b36dca130/execute/async - {"script":"<script> [1562 bytes]","args":[{"selector":{"controlType":"sap.m.GenericTile","properties":{"header":"Manage Partners"}},"wdio_ui5_key":"sapm.GenericTile{\"header\":\"Manage Partners\"}"}]}
RESULT: {}
RESULT: {"script":"<script> [1562 bytes]","args":[{"selector":{"controlType":"sap.m.GenericTile","properties":{"header":"Manage Partners"}},"wdio_ui5_key":"sapm.GenericTile{\"header\":\"Manage Partners\"}"}]}
RESULT: undefined
COMMAND: POST /session/ca83e481e94148ebe1f8ed3b36dca130/element - {"using":"xpath","value":"//*[@id=\"__tile39\"]"}
RESULT: {"using":"xpath","value":"//*[@id=\"__tile39\"]"}
COMMAND: POST /session/ca83e481e94148ebe1f8ed3b36dca130/element/f.B26EBF0D97B69C61F615F10F8BDFA999.d.82C7729A958DC44ACDA5D08AEEC146CD.e.138/click - {}
RESULT: {}
COMMAND: GET /session/ca83e481e94148ebe1f8ed3b36dca130/screenshot - {}
RESULT: {}
COMMAND: POST /session/ca83e481e94148ebe1f8ed3b36dca130/elements - {"using":"xpath","value":"//span[text()='Error']"}
RESULT: {"using":"xpath","value":"//span[text()='Error']"}
COMMAND: POST /session/ca83e481e94148ebe1f8ed3b36dca130/element - {"using":"xpath","value":"//button[@data-kt=\"addButton\"]"}
RESULT: {"using":"xpath","value":"//button[@data-kt=\"addButton\"]"}
COMMAND: POST /session/ca83e481e94148ebe1f8ed3b36dca130/elements - {"using":"xpath","value":"//button[@data-kt=\"addButton\"]"}
RESULT: {"using":"xpath","value":"//button[@data-kt=\"addButton\"]"}
COMMAND: POST /session/ca83e481e94148ebe1f8ed3b36dca130/elements - {"using":"xpath","value":"//button[@data-kt=\"addButton\"]"}
RESULT: {"using":"xpath","value":"//button[@data-kt=\"addButton\"]"}
COMMAND: POST /session/ca83e481e94148ebe1f8ed3b36dca130/element - {"using":"xpath","value":"//button[@data-kt=\"addButton\"]"}
RESULT: {"using":"xpath","value":"//button[@data-kt=\"addButton\"]"}
COMMAND: POST /session/ca83e481e94148ebe1f8ed3b36dca130/execute/sync - {"script":"<script> [8489 bytes]","args":[{"element-6066-11e4-a52e-4f735466cecf":"f.B26EBF0D97B69C61F615F10F8BDFA999.d.82C7729A958DC44ACDA5D08AEEC146CD.e.1029","ELEMENT":"f.B26EBF0D97B69C61F615F10F8BDFA999.d.82C7729A958DC44ACDA5D08AEEC146CD.e.1029"}]}
RESULT: {"script":"<script> [8489 bytes]","args":[{"element-6066-11e4-a52e-4f735466cecf":"f.B26EBF0D97B69C61F615F10F8BDFA999.d.82C7729A958DC44ACDA5D08AEEC146CD.e.1029","ELEMENT":"f.B26EBF0D97B69C61F615F10F8BDFA999.d.82C7729A958DC44ACDA5D08AEEC146CD.e.1029"}]}
COMMAND: GET /session/ca83e481e94148ebe1f8ed3b36dca130/element/f.B26EBF0D97B69C61F615F10F8BDFA999.d.82C7729A958DC44ACDA5D08AEEC146CD.e.1029/enabled - {}
COMMAND: GET /session/ca83e481e94148ebe1f8ed3b36dca130/screenshot - {}
RESULT: {}
COMMAND: POST /session/ca83e481e94148ebe1f8ed3b36dca130/execute/sync - {"script":"<script> [8489 bytes]","args":[{"element-6066-11e4-a52e-4f735466cecf":"f.B26EBF0D97B69C61F615F10F8BDFA999.d.82C7729A958DC44ACDA5D08AEEC146CD.e.1029","ELEMENT":"f.B26EBF0D97B69C61F615F10F8BDFA999.d.82C7729A958DC44ACDA5D08AEEC146CD.e.1029"}]}
COMMAND: GET /session/ca83e481e94148ebe1f8ed3b36dca130/screenshot - {}
RESULT: {}
RESULT: {"script":"<script> [8489 bytes]","args":[{"element-6066-11e4-a52e-4f735466cecf":"f.B26EBF0D97B69C61F615F10F8BDFA999.d.82C7729A958DC44ACDA5D08AEEC146CD.e.1029","ELEMENT":"f.B26EBF0D97B69C61F615F10F8BDFA999.d.82C7729A958DC44ACDA5D08AEEC146CD.e.1029"}]}
COMMAND: POST /session/ca83e481e94148ebe1f8ed3b36dca130/execute/sync - {"script":"<script> [5351 bytes]","args":[{"element-6066-11e4-a52e-4f735466cecf":"f.B26EBF0D97B69C61F615F10F8BDFA999.d.82C7729A958DC44ACDA5D08AEEC146CD.e.1029","ELEMENT":"f.B26EBF0D97B69C61F615F10F8BDFA999.d.82C7729A958DC44ACDA5D08AEEC146CD.e.1029"}]}
COMMAND: GET /session/ca83e481e94148ebe1f8ed3b36dca130/screenshot - {}
RESULT: {}
RESULT: {"script":"<script> [5351 bytes]","args":[{"element-6066-11e4-a52e-4f735466cecf":"f.B26EBF0D97B69C61F615F10F8BDFA999.d.82C7729A958DC44ACDA5D08AEEC146CD.e.1029","ELEMENT":"f.B26EBF0D97B69C61F615F10F8BDFA999.d.82C7729A958DC44ACDA5D08AEEC146CD.e.1029"}]}
COMMAND: POST /session/ca83e481e94148ebe1f8ed3b36dca130/element/f.B26EBF0D97B69C61F615F10F8BDFA999.d.82C7729A958DC44ACDA5D08AEEC146CD.e.1029/click - {}
COMMAND: GET /session/ca83e481e94148ebe1f8ed3b36dca130/screenshot - {}
RESULT: {}
RESULT: {}
COMMAND: GET /session/ca83e481e94148ebe1f8ed3b36dca130/screenshot - {}
COMMAND: POST /session/ca83e481e94148ebe1f8ed3b36dca130/execute/async - {"script":"<script> [1562 bytes]","args":[{"selector":{"id":"application-managepartners-display-component---NewPartner--addressDetailDetailsName1","interaction":{"idSuffix":"inner"}},"wdio_ui5_key":"applicationmanagepartners-display-component---NewPartner--addressDetailDetailsName1"}]}
RESULT: {}
RESULT: {}
RESULT: {"script":"<script> [1562 bytes]","args":[{"selector":{"id":"application-managepartners-display-component---NewPartner--addressDetailDetailsName1","interaction":{"idSuffix":"inner"}},"wdio_ui5_key":"applicationmanagepartners-display-component---NewPartner--addressDetailDetailsName1"}]}
RESULT: undefined
COMMAND: POST /session/ca83e481e94148ebe1f8ed3b36dca130/execute/async - {"script":"<script> [776 bytes]","args":[{"enterText":"External Partner WDIO","selector":{"id":"application-managepartners-display-component---NewPartner--addressDetailDetailsName1","interaction":{"idSuffix":"inner"}},"clearTextFirst":true,"interactionType":"ENTER_TEXT"}]}
RESULT: {"script":"<script> [776 bytes]","args":[{"enterText":"External Partner WDIO","selector":{"id":"application-managepartners-display-component---NewPartner--addressDetailDetailsName1","interaction":{"idSuffix":"inner"}},"clearTextFirst":true,"interactionType":"ENTER_TEXT"}]}
COMMAND: POST /session/ca83e481e94148ebe1f8ed3b36dca130/execute/async - {"script":"<script> [1562 bytes]","args":[{"selector":{"id":"application-managepartners-display-component---NewPartner--addressDetailDetailsLanguage-arrow"},"wdio_ui5_key":"applicationmanagepartners-display-component---NewPartner--addressDetailDetailsLanguage-arrow"}]}
RESULT: {"script":"<script> [1562 bytes]","args":[{"selector":{"id":"application-managepartners-display-component---NewPartner--addressDetailDetailsLanguage-arrow"},"wdio_ui5_key":"applicationmanagepartners-display-component---NewPartner--addressDetailDetailsLanguage-arrow"}]}
RESULT: undefined
COMMAND: POST /session/ca83e481e94148ebe1f8ed3b36dca130/element - {"using":"xpath","value":"//*[@id=\"application-managepartners-display-component---NewPartner--addressDetailDetailsLanguage-arrow\"]"}
RESULT: {"using":"xpath","value":"//*[@id=\"application-managepartners-display-component---NewPartner--addressDetailDetailsLanguage-arrow\"]"}
COMMAND: POST /session/ca83e481e94148ebe1f8ed3b36dca130/element/f.B26EBF0D97B69C61F615F10F8BDFA999.d.82C7729A958DC44ACDA5D08AEEC146CD.e.1480/click - {}
RESULT: {}
COMMAND: POST /session/ca83e481e94148ebe1f8ed3b36dca130/element - {"using":"xpath","value":"//span[contains(text(), \"English\")]"}
COMMAND: GET /session/ca83e481e94148ebe1f8ed3b36dca130/screenshot - {}
RESULT: {"using":"xpath","value":"//span[contains(text(), \"English\")]"}
COMMAND: POST /session/ca83e481e94148ebe1f8ed3b36dca130/element/f.B26EBF0D97B69C61F615F10F8BDFA999.d.82C7729A958DC44ACDA5D08AEEC146CD.e.1481/click - {}
RESULT: {}
RESULT: {}
COMMAND: GET /session/ca83e481e94148ebe1f8ed3b36dca130/screenshot - {}
RESULT: {}
COMMAND: POST /session/ca83e481e94148ebe1f8ed3b36dca130/execute/async - {"script":"<script> [1562 bytes]","args":[{"selector":{"id":"application-managepartners-display-component---NewPartner--addressDetailDetailsCity1","interaction":{"idSuffix":"inner"}},"wdio_ui5_key":"applicationmanagepartners-display-component---NewPartner--addressDetailDetailsCity1"}]}
RESULT: {"script":"<script> [1562 bytes]","args":[{"selector":{"id":"application-managepartners-display-component---NewPartner--addressDetailDetailsCity1","interaction":{"idSuffix":"inner"}},"wdio_ui5_key":"applicationmanagepartners-display-component---NewPartner--addressDetailDetailsCity1"}]}
RESULT: undefined
COMMAND: POST /session/ca83e481e94148ebe1f8ed3b36dca130/execute/async - {"script":"<script> [776 bytes]","args":[{"enterText":"Rosario","selector":{"id":"application-managepartners-display-component---NewPartner--addressDetailDetailsCity1","interaction":{"idSuffix":"inner"}},"clearTextFirst":true,"interactionType":"ENTER_TEXT"}]}
RESULT: {"script":"<script> [776 bytes]","args":[{"enterText":"Rosario","selector":{"id":"application-managepartners-display-component---NewPartner--addressDetailDetailsCity1","interaction":{"idSuffix":"inner"}},"clearTextFirst":true,"interactionType":"ENTER_TEXT"}]}
COMMAND: POST /session/ca83e481e94148ebe1f8ed3b36dca130/execute/async - {"script":"<script> [1562 bytes]","args":[{"selector":{"id":"application-managepartners-display-component---NewPartner--addressDetailDetailsCountry-arrow"},"wdio_ui5_key":"applicationmanagepartners-display-component---NewPartner--addressDetailDetailsCountry-arrow"}]}
RESULT: {"script":"<script> [1562 bytes]","args":[{"selector":{"id":"application-managepartners-display-component---NewPartner--addressDetailDetailsCountry-arrow"},"wdio_ui5_key":"applicationmanagepartners-display-component---NewPartner--addressDetailDetailsCountry-arrow"}]}
RESULT: undefined
COMMAND: POST /session/ca83e481e94148ebe1f8ed3b36dca130/element - {"using":"xpath","value":"//*[@id=\"application-managepartners-display-component---NewPartner--addressDetailDetailsCountry-arrow\"]"}
RESULT: {"using":"xpath","value":"//*[@id=\"application-managepartners-display-component---NewPartner--addressDetailDetailsCountry-arrow\"]"}
COMMAND: POST /session/ca83e481e94148ebe1f8ed3b36dca130/element/f.B26EBF0D97B69C61F615F10F8BDFA999.d.82C7729A958DC44ACDA5D08AEEC146CD.e.1443/click - {}
RESULT: {}
COMMAND: POST /session/ca83e481e94148ebe1f8ed3b36dca130/element - {"using":"xpath","value":"//span[contains(text(), \"Argentina\")]"}
COMMAND: GET /session/ca83e481e94148ebe1f8ed3b36dca130/screenshot - {}
RESULT: {"using":"xpath","value":"//span[contains(text(), \"Argentina\")]"}
COMMAND: POST /session/ca83e481e94148ebe1f8ed3b36dca130/element/f.B26EBF0D97B69C61F615F10F8BDFA999.d.82C7729A958DC44ACDA5D08AEEC146CD.e.1483/click - {}
RESULT: {}
RESULT: {}
COMMAND: GET /session/ca83e481e94148ebe1f8ed3b36dca130/screenshot - {}
RESULT: {}
COMMAND: POST /session/ca83e481e94148ebe1f8ed3b36dca130/element - {"using":"xpath","value":"//bdi[contains(text(), \"Commercial\")]"}
RESULT: {"using":"xpath","value":"//bdi[contains(text(), \"Commercial\")]"}
COMMAND: POST /session/ca83e481e94148ebe1f8ed3b36dca130/element/f.B26EBF0D97B69C61F615F10F8BDFA999.d.82C7729A958DC44ACDA5D08AEEC146CD.e.1484/click - {}
RESULT: {}
COMMAND: GET /session/ca83e481e94148ebe1f8ed3b36dca130/screenshot - {}
RESULT: {}
COMMAND: POST /session/ca83e481e94148ebe1f8ed3b36dca130/execute/async - {"script":"<script> [1562 bytes]","args":[{"selector":{"id":"application-managepartners-display-component---NewPartner--partnerDetailInternal-arrow"},"wdio_ui5_key":"applicationmanagepartners-display-component---NewPartner--partnerDetailInternal-arrow"}]}
RESULT: {"script":"<script> [1562 bytes]","args":[{"selector":{"id":"application-managepartners-display-component---NewPartner--partnerDetailInternal-arrow"},"wdio_ui5_key":"applicationmanagepartners-display-component---NewPartner--partnerDetailInternal-arrow"}]}
RESULT: undefined
COMMAND: POST /session/ca83e481e94148ebe1f8ed3b36dca130/element - {"using":"xpath","value":"//*[@id=\"application-managepartners-display-component---NewPartner--partnerDetailInternal-arrow\"]"}
RESULT: {"using":"xpath","value":"//*[@id=\"application-managepartners-display-component---NewPartner--partnerDetailInternal-arrow\"]"}
COMMAND: POST /session/ca83e481e94148ebe1f8ed3b36dca130/element/f.B26EBF0D97B69C61F615F10F8BDFA999.d.82C7729A958DC44ACDA5D08AEEC146CD.e.1490/click - {}
RESULT: {}
COMMAND: POST /session/ca83e481e94148ebe1f8ed3b36dca130/element - {"using":"xpath","value":"//span[contains(text(), \"External partner\")]"}
COMMAND: GET /session/ca83e481e94148ebe1f8ed3b36dca130/screenshot - {}
RESULT: {"using":"xpath","value":"//span[contains(text(), \"External partner\")]"}
COMMAND: POST /session/ca83e481e94148ebe1f8ed3b36dca130/element/f.B26EBF0D97B69C61F615F10F8BDFA999.d.82C7729A958DC44ACDA5D08AEEC146CD.e.1491/click - {}
RESULT: {}
RESULT: {}
COMMAND: POST /session/ca83e481e94148ebe1f8ed3b36dca130/execute/async - {"script":"<script> [1562 bytes]","args":[{"selector":{"id":"application-managepartners-display-component---NewPartner--partnerDetailsCurrency-arrow"},"wdio_ui5_key":"applicationmanagepartners-display-component---NewPartner--partnerDetailsCurrency-arrow"}]}
COMMAND: GET /session/ca83e481e94148ebe1f8ed3b36dca130/screenshot - {}
RESULT: {"script":"<script> [1562 bytes]","args":[{"selector":{"id":"application-managepartners-display-component---NewPartner--partnerDetailsCurrency-arrow"},"wdio_ui5_key":"applicationmanagepartners-display-component---NewPartner--partnerDetailsCurrency-arrow"}]}
RESULT: undefined
COMMAND: POST /session/ca83e481e94148ebe1f8ed3b36dca130/element - {"using":"xpath","value":"//*[@id=\"application-managepartners-display-component---NewPartner--partnerDetailsCurrency-arrow\"]"}
RESULT: {}
RESULT: {"using":"xpath","value":"//*[@id=\"application-managepartners-display-component---NewPartner--partnerDetailsCurrency-arrow\"]"}
COMMAND: POST /session/ca83e481e94148ebe1f8ed3b36dca130/element/f.B26EBF0D97B69C61F615F10F8BDFA999.d.82C7729A958DC44ACDA5D08AEEC146CD.e.1496/click - {}
RESULT: {}
COMMAND: POST /session/ca83e481e94148ebe1f8ed3b36dca130/element - {"using":"xpath","value":"//span[contains(text(), \"US Dollar\")]"}
COMMAND: GET /session/ca83e481e94148ebe1f8ed3b36dca130/screenshot - {}
RESULT: {"using":"xpath","value":"//span[contains(text(), \"US Dollar\")]"}
COMMAND: POST /session/ca83e481e94148ebe1f8ed3b36dca130/element/f.B26EBF0D97B69C61F615F10F8BDFA999.d.82C7729A958DC44ACDA5D08AEEC146CD.e.1497/click - {}
RESULT: {}
RESULT: {}
COMMAND: GET /session/ca83e481e94148ebe1f8ed3b36dca130/screenshot - {}
RESULT: {}
COMMAND: POST /session/ca83e481e94148ebe1f8ed3b36dca130/element - {"using":"xpath","value":"//input[@id=\"application-managepartners-display-component---NewPartner--companyCodeComboBox-inner\"]"}
RESULT: {"using":"xpath","value":"//input[@id=\"application-managepartners-display-component---NewPartner--companyCodeComboBox-inner\"]"}
COMMAND: POST /session/ca83e481e94148ebe1f8ed3b36dca130/element/f.B26EBF0D97B69C61F615F10F8BDFA999.d.82C7729A958DC44ACDA5D08AEEC146CD.e.1385/clear - {}
RESULT: {}
COMMAND: POST /session/ca83e481e94148ebe1f8ed3b36dca130/element/f.B26EBF0D97B69C61F615F10F8BDFA999.d.82C7729A958DC44ACDA5D08AEEC146CD.e.1385/value - {"text":"C002"}
COMMAND: GET /session/ca83e481e94148ebe1f8ed3b36dca130/screenshot - {}
RESULT: {"text":"C002"}
COMMAND: GET /session/ca83e481e94148ebe1f8ed3b36dca130/screenshot - {}
RESULT: {}
RESULT: {}
COMMAND: POST /session/ca83e481e94148ebe1f8ed3b36dca130/element - {"using":"xpath","value":"//li[.//span[text()= \"C002\"]]"}
RESULT: {"using":"xpath","value":"//li[.//span[text()= \"C002\"]]"}
COMMAND: POST /session/ca83e481e94148ebe1f8ed3b36dca130/element/f.B26EBF0D97B69C61F615F10F8BDFA999.d.82C7729A958DC44ACDA5D08AEEC146CD.e.1501/click - {}
RESULT: {}
COMMAND: GET /session/ca83e481e94148ebe1f8ed3b36dca130/screenshot - {}
RESULT: {}
COMMAND: POST /session/ca83e481e94148ebe1f8ed3b36dca130/execute/async - {"script":"<script> [1562 bytes]","args":[{"selector":{"controlType":"sap.ui.core.Icon","viewName":"etm.portal.ui.managepartners.view.NewPartner","viewId":"application-managepartners-display-component---NewPartner","properties":{"src":{"regex":{"source":"slim\\-arrow\\-down"}}},"ancestor":{"controlType":"sap.m.ComboBox","viewName":"etm.portal.ui.managepartners.view.NewPartner","viewId":"application-managepartners-display-component---NewPartner","bindingPath":{"path":"","propertyPath":"/CATALOG","modelName":"oNewPartnerModel"}}},"wdio_ui5_key":"etmportal.ui.managepartners.view.NewPartnersap.ui.core.Icon{\"src\":{\"regex\":{\"source\":\"slim\\\\-arrow\\\\-down\"}}}{\"controlType\":\"sap.m.ComboBox\",\"viewName\":\"etm.portal.ui.managepartners.view.NewPartner\",\"viewId\":\"application-managepartners-display-component---NewPartner\",\"bindingPath\":{\"path\":\"\",\"propertyPath\":\"/CATALOG\",\"modelName\":\"oNewPartnerModel\"}}"}]}
RESULT: {"script":"<script> [1562 bytes]","args":[{"selector":{"controlType":"sap.ui.core.Icon","viewName":"etm.portal.ui.managepartners.view.NewPartner","viewId":"application-managepartners-display-component---NewPartner","properties":{"src":{"regex":{"source":"slim\\-arrow\\-down"}}},"ancestor":{"controlType":"sap.m.ComboBox","viewName":"etm.portal.ui.managepartners.view.NewPartner","viewId":"application-managepartners-display-component---NewPartner","bindingPath":{"path":"","propertyPath":"/CATALOG","modelName":"oNewPartnerModel"}}},"wdio_ui5_key":"etmportal.ui.managepartners.view.NewPartnersap.ui.core.Icon{\"src\":{\"regex\":{\"source\":\"slim\\\\-arrow\\\\-down\"}}}{\"controlType\":\"sap.m.ComboBox\",\"viewName\":\"etm.portal.ui.managepartners.view.NewPartner\",\"viewId\":\"application-managepartners-display-component---NewPartner\",\"bindingPath\":{\"path\":\"\",\"propertyPath\":\"/CATALOG\",\"modelName\":\"oNewPartnerModel\"}}"}]}
RESULT: undefined
COMMAND: POST /session/ca83e481e94148ebe1f8ed3b36dca130/element - {"using":"xpath","value":"//*[@id=\"__box22-arrow\"]"}
RESULT: {"using":"xpath","value":"//*[@id=\"__box22-arrow\"]"}
COMMAND: POST /session/ca83e481e94148ebe1f8ed3b36dca130/element/f.B26EBF0D97B69C61F615F10F8BDFA999.d.82C7729A958DC44ACDA5D08AEEC146CD.e.1444/click - {}
RESULT: {}
COMMAND: GET /session/ca83e481e94148ebe1f8ed3b36dca130/screenshot - {}
RESULT: {}
COMMAND: POST /session/ca83e481e94148ebe1f8ed3b36dca130/element - {"using":"xpath","value":"//ul[contains(@id,\"popup-list-listUl\")]//li[.//span[text()= \"Webshop Catalog\"]]"}
RESULT: {"using":"xpath","value":"//ul[contains(@id,\"popup-list-listUl\")]//li[.//span[text()= \"Webshop Catalog\"]]"}
COMMAND: POST /session/ca83e481e94148ebe1f8ed3b36dca130/element/f.B26EBF0D97B69C61F615F10F8BDFA999.d.82C7729A958DC44ACDA5D08AEEC146CD.e.1503/click - {}
RESULT: {}
COMMAND: GET /session/ca83e481e94148ebe1f8ed3b36dca130/screenshot - {}
RESULT: {}
COMMAND: POST /session/ca83e481e94148ebe1f8ed3b36dca130/execute/async - {"script":"<script> [1562 bytes]","args":[{"selector":{"id":"application-managepartners-display-component---NewPartner--btnAddTableRow-img"},"wdio_ui5_key":"applicationmanagepartners-display-component---NewPartner--btnAddTableRow-img"}]}
RESULT: {"script":"<script> [1562 bytes]","args":[{"selector":{"id":"application-managepartners-display-component---NewPartner--btnAddTableRow-img"},"wdio_ui5_key":"applicationmanagepartners-display-component---NewPartner--btnAddTableRow-img"}]}
RESULT: undefined
COMMAND: POST /session/ca83e481e94148ebe1f8ed3b36dca130/element - {"using":"xpath","value":"//*[@id=\"application-managepartners-display-component---NewPartner--btnAddTableRow-img\"]"}
RESULT: {"using":"xpath","value":"//*[@id=\"application-managepartners-display-component---NewPartner--btnAddTableRow-img\"]"}
COMMAND: POST /session/ca83e481e94148ebe1f8ed3b36dca130/element/f.B26EBF0D97B69C61F615F10F8BDFA999.d.82C7729A958DC44ACDA5D08AEEC146CD.e.1504/click - {}
RESULT: {}
COMMAND: GET /session/ca83e481e94148ebe1f8ed3b36dca130/screenshot - {}
RESULT: {}
COMMAND: POST /session/ca83e481e94148ebe1f8ed3b36dca130/element - {"using":"xpath","value":"//input[@id=\"application-managepartners-display-component---NewPartner--assignmentYard-application-managepartners-display-component---NewPartner--assignmentsTable-0-inner\"]"}
RESULT: {"using":"xpath","value":"//input[@id=\"application-managepartners-display-component---NewPartner--assignmentYard-application-managepartners-display-component---NewPartner--assignmentsTable-0-inner\"]"}
COMMAND: POST /session/ca83e481e94148ebe1f8ed3b36dca130/element/f.B26EBF0D97B69C61F615F10F8BDFA999.d.82C7729A958DC44ACDA5D08AEEC146CD.e.1507/clear - {}
RESULT: {}
COMMAND: POST /session/ca83e481e94148ebe1f8ed3b36dca130/element/f.B26EBF0D97B69C61F615F10F8BDFA999.d.82C7729A958DC44ACDA5D08AEEC146CD.e.1507/value - {"text":"260"}
COMMAND: GET /session/ca83e481e94148ebe1f8ed3b36dca130/screenshot - {}
RESULT: {"text":"260"}
COMMAND: GET /session/ca83e481e94148ebe1f8ed3b36dca130/screenshot - {}
RESULT: {}
RESULT: {}
COMMAND: POST /session/ca83e481e94148ebe1f8ed3b36dca130/element - {"using":"xpath","value":"//ul[contains(@id,\"NewPartner--assignmentsTable-0-popup-list-listUl\")]//li[.//span[text()='260']]"}
RESULT: {"using":"xpath","value":"//ul[contains(@id,\"NewPartner--assignmentsTable-0-popup-list-listUl\")]//li[.//span[text()='260']]"}
COMMAND: POST /session/ca83e481e94148ebe1f8ed3b36dca130/element/f.B26EBF0D97B69C61F615F10F8BDFA999.d.82C7729A958DC44ACDA5D08AEEC146CD.e.1515/click - {}
RESULT: {}
COMMAND: GET /session/ca83e481e94148ebe1f8ed3b36dca130/screenshot - {}
RESULT: {}
COMMAND: POST /session/ca83e481e94148ebe1f8ed3b36dca130/actions - {"actions":[{"id":"action2","type":"key","parameters":{},"actions":[{"type":"keyDown","value":""},{"type":"pause","duration":10},{"type":"keyUp","value":""}]}]}
RESULT: {"actions":[{"id":"action2","type":"key","parameters":{},"actions":[{"type":"keyDown","value":""},{"type":"pause","duration":10},{"type":"keyUp","value":""}]}]}
COMMAND: POST /session/ca83e481e94148ebe1f8ed3b36dca130/element - {"using":"xpath","value":"//td[contains(@id, \"assignmentsTable-0-cell2\")]/div/div"}
COMMAND: GET /session/ca83e481e94148ebe1f8ed3b36dca130/screenshot - {}
RESULT: {"using":"xpath","value":"//td[contains(@id, \"assignmentsTable-0-cell2\")]/div/div"}
COMMAND: POST /session/ca83e481e94148ebe1f8ed3b36dca130/element/f.B26EBF0D97B69C61F615F10F8BDFA999.d.82C7729A958DC44ACDA5D08AEEC146CD.e.1518/click - {}
RESULT: {}
RESULT: {}
COMMAND: GET /session/ca83e481e94148ebe1f8ed3b36dca130/screenshot - {}
RESULT: {}
COMMAND: POST /session/ca83e481e94148ebe1f8ed3b36dca130/element - {"using":"xpath","value":"//button[@data-kt=\"saveButton\"]"}
RESULT: {"using":"xpath","value":"//button[@data-kt=\"saveButton\"]"}
COMMAND: POST /session/ca83e481e94148ebe1f8ed3b36dca130/element/f.B26EBF0D97B69C61F615F10F8BDFA999.d.82C7729A958DC44ACDA5D08AEEC146CD.e.1445/click - {}
RESULT: {}
COMMAND: GET /session/ca83e481e94148ebe1f8ed3b36dca130/screenshot - {}
RESULT: {}
COMMAND: POST /session/ca83e481e94148ebe1f8ed3b36dca130/element - {"using":"xpath","value":"//header[contains(@id, 'ObjectPageLayout-headerTitle')]/div[1]/div[2]/div[2]/span[1]"}
RESULT: {"using":"xpath","value":"//header[contains(@id, 'ObjectPageLayout-headerTitle')]/div[1]/div[2]/div[2]/span[1]"}
COMMAND: POST /session/ca83e481e94148ebe1f8ed3b36dca130/elements - {"using":"xpath","value":"//header[contains(@id, 'ObjectPageLayout-headerTitle')]/div[1]/div[2]/div[2]/span[1]"}
RESULT: {"using":"xpath","value":"//header[contains(@id, 'ObjectPageLayout-headerTitle')]/div[1]/div[2]/div[2]/span[1]"}
COMMAND: POST /session/ca83e481e94148ebe1f8ed3b36dca130/execute/sync - {"script":"<script> [56 bytes]","args":[{"element-6066-11e4-a52e-4f735466cecf":"f.B26EBF0D97B69C61F615F10F8BDFA999.d.82C7729A958DC44ACDA5D08AEEC146CD.e.1681","ELEMENT":"f.B26EBF0D97B69C61F615F10F8BDFA999.d.82C7729A958DC44ACDA5D08AEEC146CD.e.1681"}]}
RESULT: {"script":"<script> [56 bytes]","args":[{"element-6066-11e4-a52e-4f735466cecf":"f.B26EBF0D97B69C61F615F10F8BDFA999.d.82C7729A958DC44ACDA5D08AEEC146CD.e.1681","ELEMENT":"f.B26EBF0D97B69C61F615F10F8BDFA999.d.82C7729A958DC44ACDA5D08AEEC146CD.e.1681"}]}
COMMAND: POST /session/ca83e481e94148ebe1f8ed3b36dca130/element - {"using":"css selector","value":"#shell-header-logo"}
COMMAND: GET /session/ca83e481e94148ebe1f8ed3b36dca130/screenshot - {}
RESULT: {"using":"css selector","value":"#shell-header-logo"}
COMMAND: POST /session/ca83e481e94148ebe1f8ed3b36dca130/element/f.B26EBF0D97B69C61F615F10F8BDFA999.d.82C7729A958DC44ACDA5D08AEEC146CD.e.995/click - {}
RESULT: {}
RESULT: {}
COMMAND: GET /session/ca83e481e94148ebe1f8ed3b36dca130/screenshot - {}
RESULT: {}
COMMAND: POST /session/ca83e481e94148ebe1f8ed3b36dca130/execute/sync - {"script":"<script> [299 bytes]","args":[["getModel","getResource"]]}
RESULT: {"script":"<script> [299 bytes]","args":[["getModel","getResource"]]}
]]></system-out>
    </testcase>
    <testcase classname="chrome.137_0_7151_69.windows.Create_masterdata_for_Yard_Overview_-_trigger_provide_US130988" name="Should create a new site" time="99.871">
      <system-out><![CDATA[
COMMAND: POST /session/ca83e481e94148ebe1f8ed3b36dca130/execute/async - {"script":"<script> [1562 bytes]","args":[{"selector":{"controlType":"sap.m.GenericTile","properties":{"header":"Manage Sites"}},"wdio_ui5_key":"sapm.GenericTile{\"header\":\"Manage Sites\"}"}]}
COMMAND: GET /session/ca83e481e94148ebe1f8ed3b36dca130/screenshot - {}
RESULT: {"script":"<script> [1562 bytes]","args":[{"selector":{"controlType":"sap.m.GenericTile","properties":{"header":"Manage Sites"}},"wdio_ui5_key":"sapm.GenericTile{\"header\":\"Manage Sites\"}"}]}
RESULT: undefined
COMMAND: POST /session/ca83e481e94148ebe1f8ed3b36dca130/element - {"using":"xpath","value":"//*[@id=\"__tile41\"]"}
RESULT: {}
RESULT: {"using":"xpath","value":"//*[@id=\"__tile41\"]"}
COMMAND: POST /session/ca83e481e94148ebe1f8ed3b36dca130/element/f.B26EBF0D97B69C61F615F10F8BDFA999.d.82C7729A958DC44ACDA5D08AEEC146CD.e.144/click - {}
RESULT: {}
COMMAND: GET /session/ca83e481e94148ebe1f8ed3b36dca130/screenshot - {}
RESULT: {}
COMMAND: POST /session/ca83e481e94148ebe1f8ed3b36dca130/elements - {"using":"xpath","value":"//span[text()='Error']"}
RESULT: {"using":"xpath","value":"//span[text()='Error']"}
COMMAND: POST /session/ca83e481e94148ebe1f8ed3b36dca130/element - {"using":"xpath","value":"//button[@data-kt=\"addOverflowToolbarButton\"]"}
RESULT: {"using":"xpath","value":"//button[@data-kt=\"addOverflowToolbarButton\"]"}
COMMAND: POST /session/ca83e481e94148ebe1f8ed3b36dca130/elements - {"using":"xpath","value":"//button[@data-kt=\"addOverflowToolbarButton\"]"}
RESULT: {"using":"xpath","value":"//button[@data-kt=\"addOverflowToolbarButton\"]"}
COMMAND: POST /session/ca83e481e94148ebe1f8ed3b36dca130/execute/sync - {"script":"<script> [8489 bytes]","args":[{"element-6066-11e4-a52e-4f735466cecf":"f.B26EBF0D97B69C61F615F10F8BDFA999.d.82C7729A958DC44ACDA5D08AEEC146CD.e.1728","ELEMENT":"f.B26EBF0D97B69C61F615F10F8BDFA999.d.82C7729A958DC44ACDA5D08AEEC146CD.e.1728"}]}
RESULT: {"script":"<script> [8489 bytes]","args":[{"element-6066-11e4-a52e-4f735466cecf":"f.B26EBF0D97B69C61F615F10F8BDFA999.d.82C7729A958DC44ACDA5D08AEEC146CD.e.1728","ELEMENT":"f.B26EBF0D97B69C61F615F10F8BDFA999.d.82C7729A958DC44ACDA5D08AEEC146CD.e.1728"}]}
COMMAND: GET /session/ca83e481e94148ebe1f8ed3b36dca130/element/f.B26EBF0D97B69C61F615F10F8BDFA999.d.82C7729A958DC44ACDA5D08AEEC146CD.e.1728/enabled - {}
COMMAND: GET /session/ca83e481e94148ebe1f8ed3b36dca130/screenshot - {}
RESULT: {}
COMMAND: POST /session/ca83e481e94148ebe1f8ed3b36dca130/execute/sync - {"script":"<script> [8489 bytes]","args":[{"element-6066-11e4-a52e-4f735466cecf":"f.B26EBF0D97B69C61F615F10F8BDFA999.d.82C7729A958DC44ACDA5D08AEEC146CD.e.1728","ELEMENT":"f.B26EBF0D97B69C61F615F10F8BDFA999.d.82C7729A958DC44ACDA5D08AEEC146CD.e.1728"}]}
COMMAND: GET /session/ca83e481e94148ebe1f8ed3b36dca130/screenshot - {}
RESULT: {}
RESULT: {"script":"<script> [8489 bytes]","args":[{"element-6066-11e4-a52e-4f735466cecf":"f.B26EBF0D97B69C61F615F10F8BDFA999.d.82C7729A958DC44ACDA5D08AEEC146CD.e.1728","ELEMENT":"f.B26EBF0D97B69C61F615F10F8BDFA999.d.82C7729A958DC44ACDA5D08AEEC146CD.e.1728"}]}
COMMAND: POST /session/ca83e481e94148ebe1f8ed3b36dca130/execute/sync - {"script":"<script> [5351 bytes]","args":[{"element-6066-11e4-a52e-4f735466cecf":"f.B26EBF0D97B69C61F615F10F8BDFA999.d.82C7729A958DC44ACDA5D08AEEC146CD.e.1728","ELEMENT":"f.B26EBF0D97B69C61F615F10F8BDFA999.d.82C7729A958DC44ACDA5D08AEEC146CD.e.1728"}]}
COMMAND: GET /session/ca83e481e94148ebe1f8ed3b36dca130/screenshot - {}
RESULT: {}
RESULT: {"script":"<script> [5351 bytes]","args":[{"element-6066-11e4-a52e-4f735466cecf":"f.B26EBF0D97B69C61F615F10F8BDFA999.d.82C7729A958DC44ACDA5D08AEEC146CD.e.1728","ELEMENT":"f.B26EBF0D97B69C61F615F10F8BDFA999.d.82C7729A958DC44ACDA5D08AEEC146CD.e.1728"}]}
COMMAND: POST /session/ca83e481e94148ebe1f8ed3b36dca130/element/f.B26EBF0D97B69C61F615F10F8BDFA999.d.82C7729A958DC44ACDA5D08AEEC146CD.e.1728/click - {}
COMMAND: GET /session/ca83e481e94148ebe1f8ed3b36dca130/screenshot - {}
RESULT: {}
RESULT: {}
COMMAND: GET /session/ca83e481e94148ebe1f8ed3b36dca130/screenshot - {}
COMMAND: POST /session/ca83e481e94148ebe1f8ed3b36dca130/element - {"using":"xpath","value":"//input[@id=\"application-managesites-display-component---NewSite--siteId-inner\"]"}
RESULT: {}
RESULT: {}
RESULT: {"using":"xpath","value":"//input[@id=\"application-managesites-display-component---NewSite--siteId-inner\"]"}
COMMAND: POST /session/ca83e481e94148ebe1f8ed3b36dca130/element - {"using":"xpath","value":"//input[@id=\"application-managesites-display-component---NewSite--siteId-inner\"]"}
RESULT: {"using":"xpath","value":"//input[@id=\"application-managesites-display-component---NewSite--siteId-inner\"]"}
COMMAND: POST /session/ca83e481e94148ebe1f8ed3b36dca130/execute/async - {"script":"<script> [1562 bytes]","args":[{"selector":{"id":"application-managesites-display-component---NewSite--addressDetailDetailsName1","interaction":{"idSuffix":"inner"}},"wdio_ui5_key":"applicationmanagesites-display-component---NewSite--addressDetailDetailsName1"}]}
RESULT: {"script":"<script> [1562 bytes]","args":[{"selector":{"id":"application-managesites-display-component---NewSite--addressDetailDetailsName1","interaction":{"idSuffix":"inner"}},"wdio_ui5_key":"applicationmanagesites-display-component---NewSite--addressDetailDetailsName1"}]}
RESULT: undefined
COMMAND: POST /session/ca83e481e94148ebe1f8ed3b36dca130/execute/async - {"script":"<script> [776 bytes]","args":[{"enterText":"Other Type Site WDIO","selector":{"id":"application-managesites-display-component---NewSite--addressDetailDetailsName1","interaction":{"idSuffix":"inner"}},"clearTextFirst":true,"interactionType":"ENTER_TEXT"}]}
RESULT: {"script":"<script> [776 bytes]","args":[{"enterText":"Other Type Site WDIO","selector":{"id":"application-managesites-display-component---NewSite--addressDetailDetailsName1","interaction":{"idSuffix":"inner"}},"clearTextFirst":true,"interactionType":"ENTER_TEXT"}]}
COMMAND: POST /session/ca83e481e94148ebe1f8ed3b36dca130/execute/async - {"script":"<script> [1562 bytes]","args":[{"selector":{"id":"application-managesites-display-component---NewSite--addressDetailDetailsLanguage-arrow"},"wdio_ui5_key":"applicationmanagesites-display-component---NewSite--addressDetailDetailsLanguage-arrow"}]}
RESULT: {"script":"<script> [1562 bytes]","args":[{"selector":{"id":"application-managesites-display-component---NewSite--addressDetailDetailsLanguage-arrow"},"wdio_ui5_key":"applicationmanagesites-display-component---NewSite--addressDetailDetailsLanguage-arrow"}]}
RESULT: undefined
COMMAND: POST /session/ca83e481e94148ebe1f8ed3b36dca130/element - {"using":"xpath","value":"//*[@id=\"application-managesites-display-component---NewSite--addressDetailDetailsLanguage-arrow\"]"}
RESULT: {"using":"xpath","value":"//*[@id=\"application-managesites-display-component---NewSite--addressDetailDetailsLanguage-arrow\"]"}
COMMAND: POST /session/ca83e481e94148ebe1f8ed3b36dca130/element/f.B26EBF0D97B69C61F615F10F8BDFA999.d.82C7729A958DC44ACDA5D08AEEC146CD.e.2133/click - {}
RESULT: {}
COMMAND: POST /session/ca83e481e94148ebe1f8ed3b36dca130/element - {"using":"xpath","value":"//span[contains(text(), \"English\")]"}
COMMAND: GET /session/ca83e481e94148ebe1f8ed3b36dca130/screenshot - {}
RESULT: {"using":"xpath","value":"//span[contains(text(), \"English\")]"}
COMMAND: POST /session/ca83e481e94148ebe1f8ed3b36dca130/element/f.B26EBF0D97B69C61F615F10F8BDFA999.d.82C7729A958DC44ACDA5D08AEEC146CD.e.2134/click - {}
RESULT: {}
RESULT: {}
COMMAND: POST /session/ca83e481e94148ebe1f8ed3b36dca130/execute/async - {"script":"<script> [1562 bytes]","args":[{"selector":{"id":"application-managesites-display-component---NewSite--addressDetailDetailsCity1","interaction":{"idSuffix":"inner"}},"wdio_ui5_key":"applicationmanagesites-display-component---NewSite--addressDetailDetailsCity1"}]}
COMMAND: GET /session/ca83e481e94148ebe1f8ed3b36dca130/screenshot - {}
RESULT: {"script":"<script> [1562 bytes]","args":[{"selector":{"id":"application-managesites-display-component---NewSite--addressDetailDetailsCity1","interaction":{"idSuffix":"inner"}},"wdio_ui5_key":"applicationmanagesites-display-component---NewSite--addressDetailDetailsCity1"}]}
RESULT: undefined
COMMAND: POST /session/ca83e481e94148ebe1f8ed3b36dca130/execute/async - {"script":"<script> [776 bytes]","args":[{"enterText":"Rosario","selector":{"id":"application-managesites-display-component---NewSite--addressDetailDetailsCity1","interaction":{"idSuffix":"inner"}},"clearTextFirst":true,"interactionType":"ENTER_TEXT"}]}
RESULT: {}
RESULT: {"script":"<script> [776 bytes]","args":[{"enterText":"Rosario","selector":{"id":"application-managesites-display-component---NewSite--addressDetailDetailsCity1","interaction":{"idSuffix":"inner"}},"clearTextFirst":true,"interactionType":"ENTER_TEXT"}]}
COMMAND: POST /session/ca83e481e94148ebe1f8ed3b36dca130/execute/async - {"script":"<script> [1562 bytes]","args":[{"selector":{"id":"application-managesites-display-component---NewSite--addressDetailDetailsCountry-arrow"},"wdio_ui5_key":"applicationmanagesites-display-component---NewSite--addressDetailDetailsCountry-arrow"}]}
RESULT: {"script":"<script> [1562 bytes]","args":[{"selector":{"id":"application-managesites-display-component---NewSite--addressDetailDetailsCountry-arrow"},"wdio_ui5_key":"applicationmanagesites-display-component---NewSite--addressDetailDetailsCountry-arrow"}]}
RESULT: undefined
COMMAND: POST /session/ca83e481e94148ebe1f8ed3b36dca130/element - {"using":"xpath","value":"//*[@id=\"application-managesites-display-component---NewSite--addressDetailDetailsCountry-arrow\"]"}
RESULT: {"using":"xpath","value":"//*[@id=\"application-managesites-display-component---NewSite--addressDetailDetailsCountry-arrow\"]"}
COMMAND: POST /session/ca83e481e94148ebe1f8ed3b36dca130/element/f.B26EBF0D97B69C61F615F10F8BDFA999.d.82C7729A958DC44ACDA5D08AEEC146CD.e.2136/click - {}
RESULT: {}
COMMAND: POST /session/ca83e481e94148ebe1f8ed3b36dca130/element - {"using":"xpath","value":"//span[contains(text(), \"Argentina\")]"}
COMMAND: GET /session/ca83e481e94148ebe1f8ed3b36dca130/screenshot - {}
RESULT: {"using":"xpath","value":"//span[contains(text(), \"Argentina\")]"}
COMMAND: POST /session/ca83e481e94148ebe1f8ed3b36dca130/element/f.B26EBF0D97B69C61F615F10F8BDFA999.d.82C7729A958DC44ACDA5D08AEEC146CD.e.2137/click - {}
RESULT: {}
RESULT: {}
COMMAND: GET /session/ca83e481e94148ebe1f8ed3b36dca130/screenshot - {}
RESULT: {}
COMMAND: POST /session/ca83e481e94148ebe1f8ed3b36dca130/execute/async - {"script":"<script> [1562 bytes]","args":[{"selector":{"id":"application-managesites-display-component---NewSite--addressEditDetailsCostObjectCstType-arrow"},"wdio_ui5_key":"applicationmanagesites-display-component---NewSite--addressEditDetailsCostObjectCstType-arrow"}]}
RESULT: {"script":"<script> [1562 bytes]","args":[{"selector":{"id":"application-managesites-display-component---NewSite--addressEditDetailsCostObjectCstType-arrow"},"wdio_ui5_key":"applicationmanagesites-display-component---NewSite--addressEditDetailsCostObjectCstType-arrow"}]}
RESULT: undefined
COMMAND: POST /session/ca83e481e94148ebe1f8ed3b36dca130/element - {"using":"xpath","value":"//*[@id=\"application-managesites-display-component---NewSite--addressEditDetailsCostObjectCstType-arrow\"]"}
RESULT: {"using":"xpath","value":"//*[@id=\"application-managesites-display-component---NewSite--addressEditDetailsCostObjectCstType-arrow\"]"}
COMMAND: POST /session/ca83e481e94148ebe1f8ed3b36dca130/element/f.B26EBF0D97B69C61F615F10F8BDFA999.d.82C7729A958DC44ACDA5D08AEEC146CD.e.2139/click - {}
RESULT: {}
COMMAND: POST /session/ca83e481e94148ebe1f8ed3b36dca130/element - {"using":"xpath","value":"//span[contains(text(), \"Cost Center\")]"}
COMMAND: GET /session/ca83e481e94148ebe1f8ed3b36dca130/screenshot - {}
RESULT: {"using":"xpath","value":"//span[contains(text(), \"Cost Center\")]"}
COMMAND: POST /session/ca83e481e94148ebe1f8ed3b36dca130/element/f.B26EBF0D97B69C61F615F10F8BDFA999.d.82C7729A958DC44ACDA5D08AEEC146CD.e.2140/click - {}
RESULT: {}
RESULT: {}
COMMAND: GET /session/ca83e481e94148ebe1f8ed3b36dca130/screenshot - {}
RESULT: {}
COMMAND: POST /session/ca83e481e94148ebe1f8ed3b36dca130/element - {"using":"xpath","value":"//span[@id=\"application-managesites-display-component---NewSite--addressNewCostObjectCstID-vhi\"]"}
RESULT: {"using":"xpath","value":"//span[@id=\"application-managesites-display-component---NewSite--addressNewCostObjectCstID-vhi\"]"}
COMMAND: POST /session/ca83e481e94148ebe1f8ed3b36dca130/execute/sync - {"script":"<script> [8489 bytes]","args":[{"element-6066-11e4-a52e-4f735466cecf":"f.B26EBF0D97B69C61F615F10F8BDFA999.d.82C7729A958DC44ACDA5D08AEEC146CD.e.2145","ELEMENT":"f.B26EBF0D97B69C61F615F10F8BDFA999.d.82C7729A958DC44ACDA5D08AEEC146CD.e.2145"}]}
RESULT: {"script":"<script> [8489 bytes]","args":[{"element-6066-11e4-a52e-4f735466cecf":"f.B26EBF0D97B69C61F615F10F8BDFA999.d.82C7729A958DC44ACDA5D08AEEC146CD.e.2145","ELEMENT":"f.B26EBF0D97B69C61F615F10F8BDFA999.d.82C7729A958DC44ACDA5D08AEEC146CD.e.2145"}]}
COMMAND: POST /session/ca83e481e94148ebe1f8ed3b36dca130/execute/async - {"script":"<script> [1562 bytes]","args":[{"selector":{"id":"application-managesites-display-component---NewSite--addressNewCostObjectCstID-vhi"},"wdio_ui5_key":"applicationmanagesites-display-component---NewSite--addressNewCostObjectCstID-vhi"}]}
COMMAND: GET /session/ca83e481e94148ebe1f8ed3b36dca130/screenshot - {}
RESULT: {"script":"<script> [1562 bytes]","args":[{"selector":{"id":"application-managesites-display-component---NewSite--addressNewCostObjectCstID-vhi"},"wdio_ui5_key":"applicationmanagesites-display-component---NewSite--addressNewCostObjectCstID-vhi"}]}
RESULT: undefined
COMMAND: POST /session/ca83e481e94148ebe1f8ed3b36dca130/element - {"using":"xpath","value":"//*[@id=\"application-managesites-display-component---NewSite--addressNewCostObjectCstID-vhi\"]"}
RESULT: {}
RESULT: {"using":"xpath","value":"//*[@id=\"application-managesites-display-component---NewSite--addressNewCostObjectCstID-vhi\"]"}
COMMAND: POST /session/ca83e481e94148ebe1f8ed3b36dca130/element/f.B26EBF0D97B69C61F615F10F8BDFA999.d.82C7729A958DC44ACDA5D08AEEC146CD.e.2145/click - {}
RESULT: {}
COMMAND: GET /session/ca83e481e94148ebe1f8ed3b36dca130/screenshot - {}
RESULT: {}
RESULT: undefined
COMMAND: POST /session/ca83e481e94148ebe1f8ed3b36dca130/execute/async - {"script":"<script> [776 bytes]","args":[{"enterText":"10001013","selector":{"controlType":"sap.m.SearchField","properties":{"placeholder":"Search"},"searchOpenDialogs":true,"interaction":{"idSuffix":"I"}},"clearTextFirst":true,"interactionType":"ENTER_TEXT"}]}
RESULT: {"script":"<script> [776 bytes]","args":[{"enterText":"10001013","selector":{"controlType":"sap.m.SearchField","properties":{"placeholder":"Search"},"searchOpenDialogs":true,"interaction":{"idSuffix":"I"}},"clearTextFirst":true,"interactionType":"ENTER_TEXT"}]}
COMMAND: POST /session/ca83e481e94148ebe1f8ed3b36dca130/actions - {"actions":[{"id":"action3","type":"key","parameters":{},"actions":[{"type":"keyDown","value":""},{"type":"pause","duration":10},{"type":"keyUp","value":""}]}]}
RESULT: {"actions":[{"id":"action3","type":"key","parameters":{},"actions":[{"type":"keyDown","value":""},{"type":"pause","duration":10},{"type":"keyUp","value":""}]}]}
COMMAND: GET /session/ca83e481e94148ebe1f8ed3b36dca130/screenshot - {}
RESULT: {}
COMMAND: POST /session/ca83e481e94148ebe1f8ed3b36dca130/element - {"using":"xpath","value":"//span[contains(text(), \"General Management\")]"}
RESULT: {"using":"xpath","value":"//span[contains(text(), \"General Management\")]"}
COMMAND: POST /session/ca83e481e94148ebe1f8ed3b36dca130/element/f.B26EBF0D97B69C61F615F10F8BDFA999.d.82C7729A958DC44ACDA5D08AEEC146CD.e.2184/click - {}
RESULT: {}
COMMAND: GET /session/ca83e481e94148ebe1f8ed3b36dca130/screenshot - {}
RESULT: {}
COMMAND: POST /session/ca83e481e94148ebe1f8ed3b36dca130/element - {"using":"xpath","value":"//bdi[contains(text(), \"OK\")]"}
RESULT: {"using":"xpath","value":"//bdi[contains(text(), \"OK\")]"}
COMMAND: POST /session/ca83e481e94148ebe1f8ed3b36dca130/element/f.B26EBF0D97B69C61F615F10F8BDFA999.d.82C7729A958DC44ACDA5D08AEEC146CD.e.2185/click - {}
RESULT: {}
COMMAND: GET /session/ca83e481e94148ebe1f8ed3b36dca130/screenshot - {}
RESULT: {}
COMMAND: POST /session/ca83e481e94148ebe1f8ed3b36dca130/element - {"using":"xpath","value":"//input[@id=\"application-managesites-display-component---NewSite--addressDetailDetailsCalendar-inner\"]"}
RESULT: {"using":"xpath","value":"//input[@id=\"application-managesites-display-component---NewSite--addressDetailDetailsCalendar-inner\"]"}
COMMAND: POST /session/ca83e481e94148ebe1f8ed3b36dca130/element/f.B26EBF0D97B69C61F615F10F8BDFA999.d.82C7729A958DC44ACDA5D08AEEC146CD.e.1923/clear - {}
RESULT: {}
COMMAND: POST /session/ca83e481e94148ebe1f8ed3b36dca130/element/f.B26EBF0D97B69C61F615F10F8BDFA999.d.82C7729A958DC44ACDA5D08AEEC146CD.e.1923/value - {"text":"Unit"}
COMMAND: GET /session/ca83e481e94148ebe1f8ed3b36dca130/screenshot - {}
RESULT: {"text":"Unit"}
COMMAND: GET /session/ca83e481e94148ebe1f8ed3b36dca130/screenshot - {}
RESULT: {}
RESULT: {}
COMMAND: POST /session/ca83e481e94148ebe1f8ed3b36dca130/actions - {"actions":[{"id":"action4","type":"key","parameters":{},"actions":[{"type":"keyDown","value":""},{"type":"pause","duration":10},{"type":"keyUp","value":""}]}]}
RESULT: {"actions":[{"id":"action4","type":"key","parameters":{},"actions":[{"type":"keyDown","value":""},{"type":"pause","duration":10},{"type":"keyUp","value":""}]}]}
COMMAND: POST /session/ca83e481e94148ebe1f8ed3b36dca130/element - {"using":"xpath","value":"//input[@id=\"application-managesites-display-component---NewSite--addressDetailDetailsYard-inner\"]"}
RESULT: {"using":"xpath","value":"//input[@id=\"application-managesites-display-component---NewSite--addressDetailDetailsYard-inner\"]"}
COMMAND: POST /session/ca83e481e94148ebe1f8ed3b36dca130/element/f.B26EBF0D97B69C61F615F10F8BDFA999.d.82C7729A958DC44ACDA5D08AEEC146CD.e.1924/clear - {}
RESULT: {}
COMMAND: POST /session/ca83e481e94148ebe1f8ed3b36dca130/element/f.B26EBF0D97B69C61F615F10F8BDFA999.d.82C7729A958DC44ACDA5D08AEEC146CD.e.1924/value - {"text":"260"}
COMMAND: GET /session/ca83e481e94148ebe1f8ed3b36dca130/screenshot - {}
COMMAND: GET /session/ca83e481e94148ebe1f8ed3b36dca130/screenshot - {}
RESULT: {"text":"260"}
COMMAND: GET /session/ca83e481e94148ebe1f8ed3b36dca130/screenshot - {}
RESULT: {}
RESULT: {}
RESULT: {}
COMMAND: POST /session/ca83e481e94148ebe1f8ed3b36dca130/element - {"using":"xpath","value":"//li[.//span[text()='260']]"}
RESULT: {"using":"xpath","value":"//li[.//span[text()='260']]"}
COMMAND: POST /session/ca83e481e94148ebe1f8ed3b36dca130/element/f.B26EBF0D97B69C61F615F10F8BDFA999.d.82C7729A958DC44ACDA5D08AEEC146CD.e.2193/click - {}
RESULT: {}
COMMAND: GET /session/ca83e481e94148ebe1f8ed3b36dca130/screenshot - {}
RESULT: {}
COMMAND: POST /session/ca83e481e94148ebe1f8ed3b36dca130/element - {"using":"xpath","value":"//input[@id=\"application-managesites-display-component---NewSite--addressDetailDetailsPartner-inner\"]"}
RESULT: {"using":"xpath","value":"//input[@id=\"application-managesites-display-component---NewSite--addressDetailDetailsPartner-inner\"]"}
COMMAND: POST /session/ca83e481e94148ebe1f8ed3b36dca130/element - {"using":"xpath","value":"//input[@id=\"application-managesites-display-component---NewSite--addressDetailDetailsPartner-inner\"]"}
RESULT: {"using":"xpath","value":"//input[@id=\"application-managesites-display-component---NewSite--addressDetailDetailsPartner-inner\"]"}
COMMAND: POST /session/ca83e481e94148ebe1f8ed3b36dca130/element - {"using":"xpath","value":"//button[@data-kt=\"saveButton\"]"}
RESULT: {"using":"xpath","value":"//button[@data-kt=\"saveButton\"]"}
COMMAND: POST /session/ca83e481e94148ebe1f8ed3b36dca130/element/f.B26EBF0D97B69C61F615F10F8BDFA999.d.82C7729A958DC44ACDA5D08AEEC146CD.e.2126/click - {}
RESULT: {}
COMMAND: GET /session/ca83e481e94148ebe1f8ed3b36dca130/screenshot - {}
RESULT: {}
COMMAND: POST /session/ca83e481e94148ebe1f8ed3b36dca130/element - {"using":"xpath","value":"//header[contains(@id, 'ObjectPageLayout-headerTitle')]/div[1]/div[2]/div[2]/span[1]"}
RESULT: {"using":"xpath","value":"//header[contains(@id, 'ObjectPageLayout-headerTitle')]/div[1]/div[2]/div[2]/span[1]"}
COMMAND: POST /session/ca83e481e94148ebe1f8ed3b36dca130/elements - {"using":"xpath","value":"//header[contains(@id, 'ObjectPageLayout-headerTitle')]/div[1]/div[2]/div[2]/span[1]"}
RESULT: {"using":"xpath","value":"//header[contains(@id, 'ObjectPageLayout-headerTitle')]/div[1]/div[2]/div[2]/span[1]"}
COMMAND: POST /session/ca83e481e94148ebe1f8ed3b36dca130/execute/sync - {"script":"<script> [56 bytes]","args":[{"element-6066-11e4-a52e-4f735466cecf":"f.B26EBF0D97B69C61F615F10F8BDFA999.d.82C7729A958DC44ACDA5D08AEEC146CD.e.2396","ELEMENT":"f.B26EBF0D97B69C61F615F10F8BDFA999.d.82C7729A958DC44ACDA5D08AEEC146CD.e.2396"}]}
RESULT: {"script":"<script> [56 bytes]","args":[{"element-6066-11e4-a52e-4f735466cecf":"f.B26EBF0D97B69C61F615F10F8BDFA999.d.82C7729A958DC44ACDA5D08AEEC146CD.e.2396","ELEMENT":"f.B26EBF0D97B69C61F615F10F8BDFA999.d.82C7729A958DC44ACDA5D08AEEC146CD.e.2396"}]}
COMMAND: POST /session/ca83e481e94148ebe1f8ed3b36dca130/element - {"using":"css selector","value":"#shell-header-logo"}
COMMAND: GET /session/ca83e481e94148ebe1f8ed3b36dca130/screenshot - {}
RESULT: {"using":"css selector","value":"#shell-header-logo"}
COMMAND: POST /session/ca83e481e94148ebe1f8ed3b36dca130/element/f.B26EBF0D97B69C61F615F10F8BDFA999.d.82C7729A958DC44ACDA5D08AEEC146CD.e.1686/click - {}
RESULT: {}
RESULT: {}
COMMAND: GET /session/ca83e481e94148ebe1f8ed3b36dca130/screenshot - {}
RESULT: {}
COMMAND: POST /session/ca83e481e94148ebe1f8ed3b36dca130/execute/sync - {"script":"<script> [299 bytes]","args":[["getModel","getResource"]]}
RESULT: {"script":"<script> [299 bytes]","args":[["getModel","getResource"]]}
]]></system-out>
    </testcase>
    <testcase classname="chrome.137_0_7151_69.windows.Create_masterdata_for_Yard_Overview_-_trigger_provide_US130988" name="Should create a new material" time="132.32">
      <system-out><![CDATA[
COMMAND: GET /session/ca83e481e94148ebe1f8ed3b36dca130/screenshot - {}
COMMAND: POST /session/ca83e481e94148ebe1f8ed3b36dca130/execute/async - {"script":"<script> [1562 bytes]","args":[{"selector":{"controlType":"sap.m.GenericTile","properties":{"header":"Manage Resources"}},"wdio_ui5_key":"sapm.GenericTile{\"header\":\"Manage Resources\"}"}]}
RESULT: {}
RESULT: {"script":"<script> [1562 bytes]","args":[{"selector":{"controlType":"sap.m.GenericTile","properties":{"header":"Manage Resources"}},"wdio_ui5_key":"sapm.GenericTile{\"header\":\"Manage Resources\"}"}]}
RESULT: undefined
COMMAND: POST /session/ca83e481e94148ebe1f8ed3b36dca130/element - {"using":"xpath","value":"//*[@id=\"__tile40\"]"}
RESULT: {"using":"xpath","value":"//*[@id=\"__tile40\"]"}
COMMAND: POST /session/ca83e481e94148ebe1f8ed3b36dca130/element/f.B26EBF0D97B69C61F615F10F8BDFA999.d.82C7729A958DC44ACDA5D08AEEC146CD.e.141/click - {}
RESULT: {}
COMMAND: GET /session/ca83e481e94148ebe1f8ed3b36dca130/screenshot - {}
RESULT: {}
COMMAND: POST /session/ca83e481e94148ebe1f8ed3b36dca130/elements - {"using":"xpath","value":"//span[text()='Error']"}
RESULT: {"using":"xpath","value":"//span[text()='Error']"}
COMMAND: POST /session/ca83e481e94148ebe1f8ed3b36dca130/element - {"using":"xpath","value":"//button[@data-kt=\"addNewRUOverflowToolbarButton\"]"}
RESULT: {"using":"xpath","value":"//button[@data-kt=\"addNewRUOverflowToolbarButton\"]"}
COMMAND: POST /session/ca83e481e94148ebe1f8ed3b36dca130/elements - {"using":"xpath","value":"//button[@data-kt=\"addNewRUOverflowToolbarButton\"]"}
RESULT: {"using":"xpath","value":"//button[@data-kt=\"addNewRUOverflowToolbarButton\"]"}
COMMAND: POST /session/ca83e481e94148ebe1f8ed3b36dca130/execute/sync - {"script":"<script> [8489 bytes]","args":[{"element-6066-11e4-a52e-4f735466cecf":"f.B26EBF0D97B69C61F615F10F8BDFA999.d.82C7729A958DC44ACDA5D08AEEC146CD.e.2438","ELEMENT":"f.B26EBF0D97B69C61F615F10F8BDFA999.d.82C7729A958DC44ACDA5D08AEEC146CD.e.2438"}]}
RESULT: {"script":"<script> [8489 bytes]","args":[{"element-6066-11e4-a52e-4f735466cecf":"f.B26EBF0D97B69C61F615F10F8BDFA999.d.82C7729A958DC44ACDA5D08AEEC146CD.e.2438","ELEMENT":"f.B26EBF0D97B69C61F615F10F8BDFA999.d.82C7729A958DC44ACDA5D08AEEC146CD.e.2438"}]}
COMMAND: GET /session/ca83e481e94148ebe1f8ed3b36dca130/element/f.B26EBF0D97B69C61F615F10F8BDFA999.d.82C7729A958DC44ACDA5D08AEEC146CD.e.2438/enabled - {}
COMMAND: GET /session/ca83e481e94148ebe1f8ed3b36dca130/screenshot - {}
RESULT: {}
COMMAND: POST /session/ca83e481e94148ebe1f8ed3b36dca130/execute/sync - {"script":"<script> [8489 bytes]","args":[{"element-6066-11e4-a52e-4f735466cecf":"f.B26EBF0D97B69C61F615F10F8BDFA999.d.82C7729A958DC44ACDA5D08AEEC146CD.e.2438","ELEMENT":"f.B26EBF0D97B69C61F615F10F8BDFA999.d.82C7729A958DC44ACDA5D08AEEC146CD.e.2438"}]}
COMMAND: GET /session/ca83e481e94148ebe1f8ed3b36dca130/screenshot - {}
RESULT: {}
RESULT: {"script":"<script> [8489 bytes]","args":[{"element-6066-11e4-a52e-4f735466cecf":"f.B26EBF0D97B69C61F615F10F8BDFA999.d.82C7729A958DC44ACDA5D08AEEC146CD.e.2438","ELEMENT":"f.B26EBF0D97B69C61F615F10F8BDFA999.d.82C7729A958DC44ACDA5D08AEEC146CD.e.2438"}]}
COMMAND: POST /session/ca83e481e94148ebe1f8ed3b36dca130/execute/sync - {"script":"<script> [5351 bytes]","args":[{"element-6066-11e4-a52e-4f735466cecf":"f.B26EBF0D97B69C61F615F10F8BDFA999.d.82C7729A958DC44ACDA5D08AEEC146CD.e.2438","ELEMENT":"f.B26EBF0D97B69C61F615F10F8BDFA999.d.82C7729A958DC44ACDA5D08AEEC146CD.e.2438"}]}
COMMAND: GET /session/ca83e481e94148ebe1f8ed3b36dca130/screenshot - {}
RESULT: {}
RESULT: {"script":"<script> [5351 bytes]","args":[{"element-6066-11e4-a52e-4f735466cecf":"f.B26EBF0D97B69C61F615F10F8BDFA999.d.82C7729A958DC44ACDA5D08AEEC146CD.e.2438","ELEMENT":"f.B26EBF0D97B69C61F615F10F8BDFA999.d.82C7729A958DC44ACDA5D08AEEC146CD.e.2438"}]}
COMMAND: POST /session/ca83e481e94148ebe1f8ed3b36dca130/element/f.B26EBF0D97B69C61F615F10F8BDFA999.d.82C7729A958DC44ACDA5D08AEEC146CD.e.2438/click - {}
COMMAND: GET /session/ca83e481e94148ebe1f8ed3b36dca130/screenshot - {}
RESULT: {}
RESULT: {}
COMMAND: GET /session/ca83e481e94148ebe1f8ed3b36dca130/screenshot - {}
COMMAND: POST /session/ca83e481e94148ebe1f8ed3b36dca130/execute/async - {"script":"<script> [1562 bytes]","args":[{"selector":{"id":"application-manageresources-display-component---newResourceUnit--TYPE-arrow"},"wdio_ui5_key":"applicationmanageresources-display-component---newResourceUnit--TYPE-arrow"}]}
RESULT: {}
RESULT: {}
RESULT: {"script":"<script> [1562 bytes]","args":[{"selector":{"id":"application-manageresources-display-component---newResourceUnit--TYPE-arrow"},"wdio_ui5_key":"applicationmanageresources-display-component---newResourceUnit--TYPE-arrow"}]}
RESULT: undefined
COMMAND: POST /session/ca83e481e94148ebe1f8ed3b36dca130/element - {"using":"xpath","value":"//*[@id=\"application-manageresources-display-component---newResourceUnit--TYPE-arrow\"]"}
RESULT: {"using":"xpath","value":"//*[@id=\"application-manageresources-display-component---newResourceUnit--TYPE-arrow\"]"}
COMMAND: POST /session/ca83e481e94148ebe1f8ed3b36dca130/element/f.B26EBF0D97B69C61F615F10F8BDFA999.d.82C7729A958DC44ACDA5D08AEEC146CD.e.2784/click - {}
RESULT: {}
COMMAND: POST /session/ca83e481e94148ebe1f8ed3b36dca130/element - {"using":"xpath","value":"//input[@id=\"application-manageresources-display-component---newResourceUnit--TYPE-inner\"]"}
COMMAND: GET /session/ca83e481e94148ebe1f8ed3b36dca130/screenshot - {}
RESULT: {"using":"xpath","value":"//input[@id=\"application-manageresources-display-component---newResourceUnit--TYPE-inner\"]"}
COMMAND: POST /session/ca83e481e94148ebe1f8ed3b36dca130/element/f.B26EBF0D97B69C61F615F10F8BDFA999.d.82C7729A958DC44ACDA5D08AEEC146CD.e.2780/clear - {}
RESULT: {}
RESULT: {}
COMMAND: POST /session/ca83e481e94148ebe1f8ed3b36dca130/element/f.B26EBF0D97B69C61F615F10F8BDFA999.d.82C7729A958DC44ACDA5D08AEEC146CD.e.2780/value - {"text":"Material"}
COMMAND: GET /session/ca83e481e94148ebe1f8ed3b36dca130/screenshot - {}
RESULT: {"text":"Material"}
COMMAND: GET /session/ca83e481e94148ebe1f8ed3b36dca130/screenshot - {}
RESULT: {}
RESULT: {}
COMMAND: POST /session/ca83e481e94148ebe1f8ed3b36dca130/actions - {"actions":[{"id":"action5","type":"key","parameters":{},"actions":[{"type":"keyDown","value":""},{"type":"pause","duration":10},{"type":"keyUp","value":""}]}]}
RESULT: undefined
RESULT: undefined
RESULT: {"actions":[{"id":"action5","type":"key","parameters":{},"actions":[{"type":"keyDown","value":""},{"type":"pause","duration":10},{"type":"keyUp","value":""}]}]}
COMMAND: POST /session/ca83e481e94148ebe1f8ed3b36dca130/execute/async - {"script":"<script> [1562 bytes]","args":[{"selector":{"id":"application-manageresources-display-component---newResourceUnit--SHORT_TEXT","interaction":{"idSuffix":"inner"}},"wdio_ui5_key":"applicationmanageresources-display-component---newResourceUnit--SHORT_TEXT"}]}
COMMAND: GET /session/ca83e481e94148ebe1f8ed3b36dca130/screenshot - {}
RESULT: {"script":"<script> [1562 bytes]","args":[{"selector":{"id":"application-manageresources-display-component---newResourceUnit--SHORT_TEXT","interaction":{"idSuffix":"inner"}},"wdio_ui5_key":"applicationmanageresources-display-component---newResourceUnit--SHORT_TEXT"}]}
RESULT: undefined
COMMAND: POST /session/ca83e481e94148ebe1f8ed3b36dca130/execute/async - {"script":"<script> [776 bytes]","args":[{"enterText":"Cement WDIO","selector":{"id":"application-manageresources-display-component---newResourceUnit--SHORT_TEXT","interaction":{"idSuffix":"inner"}},"clearTextFirst":true,"interactionType":"ENTER_TEXT"}]}
RESULT: {}
RESULT: {"script":"<script> [776 bytes]","args":[{"enterText":"Cement WDIO","selector":{"id":"application-manageresources-display-component---newResourceUnit--SHORT_TEXT","interaction":{"idSuffix":"inner"}},"clearTextFirst":true,"interactionType":"ENTER_TEXT"}]}
COMMAND: POST /session/ca83e481e94148ebe1f8ed3b36dca130/execute/async - {"script":"<script> [1562 bytes]","args":[{"selector":{"id":"application-manageresources-display-component---newResourceUnit--BASE_UNIT_OF_MEASURE","interaction":{"idSuffix":"inner"}},"wdio_ui5_key":"applicationmanageresources-display-component---newResourceUnit--BASE_UNIT_OF_MEASURE"}]}
RESULT: {"script":"<script> [1562 bytes]","args":[{"selector":{"id":"application-manageresources-display-component---newResourceUnit--BASE_UNIT_OF_MEASURE","interaction":{"idSuffix":"inner"}},"wdio_ui5_key":"applicationmanageresources-display-component---newResourceUnit--BASE_UNIT_OF_MEASURE"}]}
RESULT: undefined
COMMAND: POST /session/ca83e481e94148ebe1f8ed3b36dca130/execute/async - {"script":"<script> [776 bytes]","args":[{"enterText":"Piece","selector":{"id":"application-manageresources-display-component---newResourceUnit--BASE_UNIT_OF_MEASURE","interaction":{"idSuffix":"inner"}},"clearTextFirst":true,"interactionType":"ENTER_TEXT"}]}
RESULT: {"script":"<script> [776 bytes]","args":[{"enterText":"Piece","selector":{"id":"application-manageresources-display-component---newResourceUnit--BASE_UNIT_OF_MEASURE","interaction":{"idSuffix":"inner"}},"clearTextFirst":true,"interactionType":"ENTER_TEXT"}]}
COMMAND: POST /session/ca83e481e94148ebe1f8ed3b36dca130/execute/async - {"script":"<script> [1562 bytes]","args":[{"selector":{"id":"application-manageresources-display-component---newResourceUnit--WEIGHT_UNIT","interaction":{"idSuffix":"inner"}},"wdio_ui5_key":"applicationmanageresources-display-component---newResourceUnit--WEIGHT_UNIT"}]}
RESULT: {"script":"<script> [1562 bytes]","args":[{"selector":{"id":"application-manageresources-display-component---newResourceUnit--WEIGHT_UNIT","interaction":{"idSuffix":"inner"}},"wdio_ui5_key":"applicationmanageresources-display-component---newResourceUnit--WEIGHT_UNIT"}]}
RESULT: undefined
COMMAND: POST /session/ca83e481e94148ebe1f8ed3b36dca130/execute/async - {"script":"<script> [776 bytes]","args":[{"enterText":"Gram","selector":{"id":"application-manageresources-display-component---newResourceUnit--WEIGHT_UNIT","interaction":{"idSuffix":"inner"}},"clearTextFirst":true,"interactionType":"ENTER_TEXT"}]}
RESULT: {"script":"<script> [776 bytes]","args":[{"enterText":"Gram","selector":{"id":"application-manageresources-display-component---newResourceUnit--WEIGHT_UNIT","interaction":{"idSuffix":"inner"}},"clearTextFirst":true,"interactionType":"ENTER_TEXT"}]}
COMMAND: POST /session/ca83e481e94148ebe1f8ed3b36dca130/execute/async - {"script":"<script> [1562 bytes]","args":[{"selector":{"id":"application-manageresources-display-component---newResourceUnit--DIMENSION_UNIT","interaction":{"idSuffix":"inner"}},"wdio_ui5_key":"applicationmanageresources-display-component---newResourceUnit--DIMENSION_UNIT"}]}
RESULT: {"script":"<script> [1562 bytes]","args":[{"selector":{"id":"application-manageresources-display-component---newResourceUnit--DIMENSION_UNIT","interaction":{"idSuffix":"inner"}},"wdio_ui5_key":"applicationmanageresources-display-component---newResourceUnit--DIMENSION_UNIT"}]}
RESULT: undefined
COMMAND: POST /session/ca83e481e94148ebe1f8ed3b36dca130/execute/async - {"script":"<script> [776 bytes]","args":[{"enterText":"Meter","selector":{"id":"application-manageresources-display-component---newResourceUnit--DIMENSION_UNIT","interaction":{"idSuffix":"inner"}},"clearTextFirst":true,"interactionType":"ENTER_TEXT"}]}
RESULT: {"script":"<script> [776 bytes]","args":[{"enterText":"Meter","selector":{"id":"application-manageresources-display-component---newResourceUnit--DIMENSION_UNIT","interaction":{"idSuffix":"inner"}},"clearTextFirst":true,"interactionType":"ENTER_TEXT"}]}
COMMAND: POST /session/ca83e481e94148ebe1f8ed3b36dca130/execute/async - {"script":"<script> [1562 bytes]","args":[{"selector":{"id":"application-manageresources-display-component---newResourceUnit--newRRUPage-anchBar-application-manageresources-display-component---newResourceUnit--control-anchor","interaction":{"idSuffix":"BDI-content"}},"wdio_ui5_key":"applicationmanageresources-display-component---newResourceUnit--newRRUPage-anchBar-application-manageresources-display-component---newResourceUnit--control-anchor"}]}
RESULT: {"script":"<script> [1562 bytes]","args":[{"selector":{"id":"application-manageresources-display-component---newResourceUnit--newRRUPage-anchBar-application-manageresources-display-component---newResourceUnit--control-anchor","interaction":{"idSuffix":"BDI-content"}},"wdio_ui5_key":"applicationmanageresources-display-component---newResourceUnit--newRRUPage-anchBar-application-manageresources-display-component---newResourceUnit--control-anchor"}]}
RESULT: undefined
COMMAND: POST /session/ca83e481e94148ebe1f8ed3b36dca130/element - {"using":"xpath","value":"//*[@id=\"application-manageresources-display-component---newResourceUnit--newRRUPage-anchBar-application-manageresources-display-component---newResourceUnit--control-anchor\"]"}
RESULT: {"using":"xpath","value":"//*[@id=\"application-manageresources-display-component---newResourceUnit--newRRUPage-anchBar-application-manageresources-display-component---newResourceUnit--control-anchor\"]"}
COMMAND: POST /session/ca83e481e94148ebe1f8ed3b36dca130/element/f.B26EBF0D97B69C61F615F10F8BDFA999.d.82C7729A958DC44ACDA5D08AEEC146CD.e.2916/click - {}
RESULT: {}
COMMAND: POST /session/ca83e481e94148ebe1f8ed3b36dca130/execute/async - {"script":"<script> [1562 bytes]","args":[{"selector":{"id":"application-manageresources-display-component---newResourceUnit--PLANNING_GROUP","interaction":{"idSuffix":"inner"}},"wdio_ui5_key":"applicationmanageresources-display-component---newResourceUnit--PLANNING_GROUP"}]}
COMMAND: GET /session/ca83e481e94148ebe1f8ed3b36dca130/screenshot - {}
RESULT: {"script":"<script> [1562 bytes]","args":[{"selector":{"id":"application-manageresources-display-component---newResourceUnit--PLANNING_GROUP","interaction":{"idSuffix":"inner"}},"wdio_ui5_key":"applicationmanageresources-display-component---newResourceUnit--PLANNING_GROUP"}]}
RESULT: undefined
COMMAND: POST /session/ca83e481e94148ebe1f8ed3b36dca130/execute/async - {"script":"<script> [776 bytes]","args":[{"enterText":"Material","selector":{"id":"application-manageresources-display-component---newResourceUnit--PLANNING_GROUP","interaction":{"idSuffix":"inner"}},"clearTextFirst":true,"interactionType":"ENTER_TEXT"}]}
RESULT: {}
RESULT: {"script":"<script> [776 bytes]","args":[{"enterText":"Material","selector":{"id":"application-manageresources-display-component---newResourceUnit--PLANNING_GROUP","interaction":{"idSuffix":"inner"}},"clearTextFirst":true,"interactionType":"ENTER_TEXT"}]}
COMMAND: POST /session/ca83e481e94148ebe1f8ed3b36dca130/execute/async - {"script":"<script> [1562 bytes]","args":[{"selector":{"id":"application-manageresources-display-component---newResourceUnit--PLANNING_INDICATOR","interaction":{"idSuffix":"inner"}},"wdio_ui5_key":"applicationmanageresources-display-component---newResourceUnit--PLANNING_INDICATOR"}]}
RESULT: {"script":"<script> [1562 bytes]","args":[{"selector":{"id":"application-manageresources-display-component---newResourceUnit--PLANNING_INDICATOR","interaction":{"idSuffix":"inner"}},"wdio_ui5_key":"applicationmanageresources-display-component---newResourceUnit--PLANNING_INDICATOR"}]}
RESULT: undefined
COMMAND: POST /session/ca83e481e94148ebe1f8ed3b36dca130/execute/async - {"script":"<script> [776 bytes]","args":[{"enterText":"10 - infinite","selector":{"id":"application-manageresources-display-component---newResourceUnit--PLANNING_INDICATOR","interaction":{"idSuffix":"inner"}},"clearTextFirst":true,"interactionType":"ENTER_TEXT"}]}
RESULT: {"script":"<script> [776 bytes]","args":[{"enterText":"10 - infinite","selector":{"id":"application-manageresources-display-component---newResourceUnit--PLANNING_INDICATOR","interaction":{"idSuffix":"inner"}},"clearTextFirst":true,"interactionType":"ENTER_TEXT"}]}
COMMAND: POST /session/ca83e481e94148ebe1f8ed3b36dca130/element - {"using":"css selector","value":"#application-manageresources-display-component---newResourceUnit--btnAddTimeSegment"}
RESULT: {"using":"css selector","value":"#application-manageresources-display-component---newResourceUnit--btnAddTimeSegment"}
COMMAND: GET /session/ca83e481e94148ebe1f8ed3b36dca130/element/f.B26EBF0D97B69C61F615F10F8BDFA999.d.82C7729A958DC44ACDA5D08AEEC146CD.e.2924/rect - {}
RESULT: {}
COMMAND: GET /session/ca83e481e94148ebe1f8ed3b36dca130/window/rect - {}
RESULT: {}
COMMAND: POST /session/ca83e481e94148ebe1f8ed3b36dca130/execute/sync - {"script":"<script> [92 bytes]","args":[]}
RESULT: {"script":"<script> [92 bytes]","args":[]}
COMMAND: POST /session/ca83e481e94148ebe1f8ed3b36dca130/actions - {"actions":[{"id":"action6","type":"wheel","parameters":{},"actions":[{"type":"scroll","x":-1888,"y":-32,"deltaX":0,"deltaY":0,"duration":0,"origin":{"element-6066-11e4-a52e-4f735466cecf":"f.B26EBF0D97B69C61F615F10F8BDFA999.d.82C7729A958DC44ACDA5D08AEEC146CD.e.2924"}}]}]}
COMMAND: GET /session/ca83e481e94148ebe1f8ed3b36dca130/screenshot - {}
RESULT: {}
COMMAND: POST /session/ca83e481e94148ebe1f8ed3b36dca130/execute/sync - {"script":"<script> [79 bytes]","args":[{"element-6066-11e4-a52e-4f735466cecf":"f.B26EBF0D97B69C61F615F10F8BDFA999.d.82C7729A958DC44ACDA5D08AEEC146CD.e.2924","ELEMENT":"f.B26EBF0D97B69C61F615F10F8BDFA999.d.82C7729A958DC44ACDA5D08AEEC146CD.e.2924"},{"block":"start","inline":"nearest"}]}
RESULT: {"script":"<script> [79 bytes]","args":[{"element-6066-11e4-a52e-4f735466cecf":"f.B26EBF0D97B69C61F615F10F8BDFA999.d.82C7729A958DC44ACDA5D08AEEC146CD.e.2924","ELEMENT":"f.B26EBF0D97B69C61F615F10F8BDFA999.d.82C7729A958DC44ACDA5D08AEEC146CD.e.2924"},{"block":"start","inline":"nearest"}]}
COMMAND: POST /session/ca83e481e94148ebe1f8ed3b36dca130/execute/async - {"script":"<script> [1562 bytes]","args":[{"selector":{"id":"application-manageresources-display-component---newResourceUnit--btnAddTimeSegment","interaction":{"idSuffix":"inner"}},"wdio_ui5_key":"applicationmanageresources-display-component---newResourceUnit--btnAddTimeSegment"}]}
COMMAND: GET /session/ca83e481e94148ebe1f8ed3b36dca130/screenshot - {}
RESULT: {"script":"<script> [1562 bytes]","args":[{"selector":{"id":"application-manageresources-display-component---newResourceUnit--btnAddTimeSegment","interaction":{"idSuffix":"inner"}},"wdio_ui5_key":"applicationmanageresources-display-component---newResourceUnit--btnAddTimeSegment"}]}
RESULT: undefined
COMMAND: POST /session/ca83e481e94148ebe1f8ed3b36dca130/element - {"using":"xpath","value":"//*[@id=\"application-manageresources-display-component---newResourceUnit--btnAddTimeSegment\"]"}
RESULT: {}
RESULT: {"using":"xpath","value":"//*[@id=\"application-manageresources-display-component---newResourceUnit--btnAddTimeSegment\"]"}
COMMAND: POST /session/ca83e481e94148ebe1f8ed3b36dca130/element/f.B26EBF0D97B69C61F615F10F8BDFA999.d.82C7729A958DC44ACDA5D08AEEC146CD.e.2924/click - {}
RESULT: {}
COMMAND: GET /session/ca83e481e94148ebe1f8ed3b36dca130/screenshot - {}
RESULT: {}
COMMAND: POST /session/ca83e481e94148ebe1f8ed3b36dca130/element - {"using":"xpath","value":"//input[@id=\"application-manageresources-display-component---newResourceUnit--idRuTSAdmin-application-manageresources-display-component---newResourceUnit--RUTimeSegment-0-inner\"]"}
RESULT: {"using":"xpath","value":"//input[@id=\"application-manageresources-display-component---newResourceUnit--idRuTSAdmin-application-manageresources-display-component---newResourceUnit--RUTimeSegment-0-inner\"]"}
COMMAND: POST /session/ca83e481e94148ebe1f8ed3b36dca130/element/f.B26EBF0D97B69C61F615F10F8BDFA999.d.82C7729A958DC44ACDA5D08AEEC146CD.e.2929/clear - {}
RESULT: {}
COMMAND: POST /session/ca83e481e94148ebe1f8ed3b36dca130/element/f.B26EBF0D97B69C61F615F10F8BDFA999.d.82C7729A958DC44ACDA5D08AEEC146CD.e.2929/value - {"text":"260"}
COMMAND: GET /session/ca83e481e94148ebe1f8ed3b36dca130/screenshot - {}
RESULT: {"text":"260"}
COMMAND: GET /session/ca83e481e94148ebe1f8ed3b36dca130/screenshot - {}
RESULT: {}
RESULT: {}
COMMAND: POST /session/ca83e481e94148ebe1f8ed3b36dca130/element - {"using":"xpath","value":"//li[.//span[text()='260']]"}
RESULT: {"using":"xpath","value":"//li[.//span[text()='260']]"}
COMMAND: POST /session/ca83e481e94148ebe1f8ed3b36dca130/element/f.B26EBF0D97B69C61F615F10F8BDFA999.d.82C7729A958DC44ACDA5D08AEEC146CD.e.2939/click - {}
RESULT: {}
COMMAND: GET /session/ca83e481e94148ebe1f8ed3b36dca130/screenshot - {}
RESULT: {}
COMMAND: POST /session/ca83e481e94148ebe1f8ed3b36dca130/element - {"using":"xpath","value":"(//span[contains(@id, \"-application-manageresources-display-component---newResourceUnit--RUTimeSegment-0-arrow\")])[2]"}
RESULT: {"using":"xpath","value":"(//span[contains(@id, \"-application-manageresources-display-component---newResourceUnit--RUTimeSegment-0-arrow\")])[2]"}
COMMAND: POST /session/ca83e481e94148ebe1f8ed3b36dca130/element/f.B26EBF0D97B69C61F615F10F8BDFA999.d.82C7729A958DC44ACDA5D08AEEC146CD.e.2940/click - {}
RESULT: {}
COMMAND: POST /session/ca83e481e94148ebe1f8ed3b36dca130/element - {"using":"xpath","value":"//span[contains(text(), \"PM Order\")]"}
COMMAND: GET /session/ca83e481e94148ebe1f8ed3b36dca130/screenshot - {}
RESULT: {"using":"xpath","value":"//span[contains(text(), \"PM Order\")]"}
COMMAND: POST /session/ca83e481e94148ebe1f8ed3b36dca130/element/f.B26EBF0D97B69C61F615F10F8BDFA999.d.82C7729A958DC44ACDA5D08AEEC146CD.e.2941/click - {}
RESULT: {}
RESULT: {}
COMMAND: GET /session/ca83e481e94148ebe1f8ed3b36dca130/screenshot - {}
RESULT: {}
COMMAND: POST /session/ca83e481e94148ebe1f8ed3b36dca130/element - {"using":"xpath","value":"//td/div/div/div/span[contains(@id, \"newResourceUnit--RUTimeSegment-0-vhi\")][1]"}
RESULT: {"using":"xpath","value":"//td/div/div/div/span[contains(@id, \"newResourceUnit--RUTimeSegment-0-vhi\")][1]"}
COMMAND: GET /session/ca83e481e94148ebe1f8ed3b36dca130/element/f.B26EBF0D97B69C61F615F10F8BDFA999.d.82C7729A958DC44ACDA5D08AEEC146CD.e.2945/rect - {}
RESULT: {}
COMMAND: GET /session/ca83e481e94148ebe1f8ed3b36dca130/window/rect - {}
RESULT: {}
COMMAND: POST /session/ca83e481e94148ebe1f8ed3b36dca130/execute/sync - {"script":"<script> [92 bytes]","args":[]}
RESULT: {"script":"<script> [92 bytes]","args":[]}
COMMAND: POST /session/ca83e481e94148ebe1f8ed3b36dca130/actions - {"actions":[{"id":"action7","type":"wheel","parameters":{},"actions":[{"type":"scroll","x":-1888,"y":-24,"deltaX":0,"deltaY":0,"duration":0,"origin":{"element-6066-11e4-a52e-4f735466cecf":"f.B26EBF0D97B69C61F615F10F8BDFA999.d.82C7729A958DC44ACDA5D08AEEC146CD.e.2945"}}]}]}
COMMAND: GET /session/ca83e481e94148ebe1f8ed3b36dca130/screenshot - {}
RESULT: {}
COMMAND: POST /session/ca83e481e94148ebe1f8ed3b36dca130/execute/sync - {"script":"<script> [79 bytes]","args":[{"element-6066-11e4-a52e-4f735466cecf":"f.B26EBF0D97B69C61F615F10F8BDFA999.d.82C7729A958DC44ACDA5D08AEEC146CD.e.2945","ELEMENT":"f.B26EBF0D97B69C61F615F10F8BDFA999.d.82C7729A958DC44ACDA5D08AEEC146CD.e.2945"},{"block":"start","inline":"nearest"}]}
RESULT: {"script":"<script> [79 bytes]","args":[{"element-6066-11e4-a52e-4f735466cecf":"f.B26EBF0D97B69C61F615F10F8BDFA999.d.82C7729A958DC44ACDA5D08AEEC146CD.e.2945","ELEMENT":"f.B26EBF0D97B69C61F615F10F8BDFA999.d.82C7729A958DC44ACDA5D08AEEC146CD.e.2945"},{"block":"start","inline":"nearest"}]}
COMMAND: GET /session/ca83e481e94148ebe1f8ed3b36dca130/screenshot - {}
RESULT: {}
COMMAND: POST /session/ca83e481e94148ebe1f8ed3b36dca130/element/f.B26EBF0D97B69C61F615F10F8BDFA999.d.82C7729A958DC44ACDA5D08AEEC146CD.e.2945/click - {}
RESULT: {}
COMMAND: GET /session/ca83e481e94148ebe1f8ed3b36dca130/screenshot - {}
RESULT: {}
RESULT: undefined
COMMAND: POST /session/ca83e481e94148ebe1f8ed3b36dca130/execute/async - {"script":"<script> [776 bytes]","args":[{"enterText":"4000360","selector":{"controlType":"sap.m.SearchField","properties":{"placeholder":"Search"},"searchOpenDialogs":true,"interaction":{"idSuffix":"I"}},"clearTextFirst":true,"interactionType":"ENTER_TEXT"}]}
RESULT: {"script":"<script> [776 bytes]","args":[{"enterText":"4000360","selector":{"controlType":"sap.m.SearchField","properties":{"placeholder":"Search"},"searchOpenDialogs":true,"interaction":{"idSuffix":"I"}},"clearTextFirst":true,"interactionType":"ENTER_TEXT"}]}
COMMAND: POST /session/ca83e481e94148ebe1f8ed3b36dca130/actions - {"actions":[{"id":"action8","type":"key","parameters":{},"actions":[{"type":"keyDown","value":""},{"type":"pause","duration":10},{"type":"keyUp","value":""}]}]}
RESULT: {"actions":[{"id":"action8","type":"key","parameters":{},"actions":[{"type":"keyDown","value":""},{"type":"pause","duration":10},{"type":"keyUp","value":""}]}]}
COMMAND: GET /session/ca83e481e94148ebe1f8ed3b36dca130/screenshot - {}
RESULT: {}
COMMAND: POST /session/ca83e481e94148ebe1f8ed3b36dca130/element - {"using":"xpath","value":"//td/div/span[contains(text(), \"BGL Vehicles\")]"}
RESULT: {"using":"xpath","value":"//td/div/span[contains(text(), \"BGL Vehicles\")]"}
COMMAND: POST /session/ca83e481e94148ebe1f8ed3b36dca130/element/f.B26EBF0D97B69C61F615F10F8BDFA999.d.82C7729A958DC44ACDA5D08AEEC146CD.e.2965/click - {}
RESULT: {}
COMMAND: GET /session/ca83e481e94148ebe1f8ed3b36dca130/screenshot - {}
RESULT: {}
COMMAND: POST /session/ca83e481e94148ebe1f8ed3b36dca130/element - {"using":"xpath","value":"//bdi[contains(text(), \"OK\")]"}
RESULT: {"using":"xpath","value":"//bdi[contains(text(), \"OK\")]"}
COMMAND: POST /session/ca83e481e94148ebe1f8ed3b36dca130/element/f.B26EBF0D97B69C61F615F10F8BDFA999.d.82C7729A958DC44ACDA5D08AEEC146CD.e.2966/click - {}
RESULT: {}
COMMAND: GET /session/ca83e481e94148ebe1f8ed3b36dca130/screenshot - {}
COMMAND: POST /session/ca83e481e94148ebe1f8ed3b36dca130/element - {"using":"xpath","value":"//label[contains(@class, 'sapMLabelRequired') and .//bdi[contains(text(), 'Planned Retirement')]]"}
RESULT: {}
RESULT: {"using":"xpath","value":"//label[contains(@class, 'sapMLabelRequired') and .//bdi[contains(text(), 'Planned Retirement')]]"}
COMMAND: POST /session/ca83e481e94148ebe1f8ed3b36dca130/elements - {"using":"xpath","value":"//label[contains(@class, 'sapMLabelRequired') and .//bdi[contains(text(), 'Planned Retirement')]]"}
RESULT: {"using":"xpath","value":"//label[contains(@class, 'sapMLabelRequired') and .//bdi[contains(text(), 'Planned Retirement')]]"}
COMMAND: POST /session/ca83e481e94148ebe1f8ed3b36dca130/element - {"using":"xpath","value":"//button[@data-kt=\"resourceUnitSaveButton\"]"}
RESULT: {"using":"xpath","value":"//button[@data-kt=\"resourceUnitSaveButton\"]"}
COMMAND: POST /session/ca83e481e94148ebe1f8ed3b36dca130/element/f.B26EBF0D97B69C61F615F10F8BDFA999.d.82C7729A958DC44ACDA5D08AEEC146CD.e.2801/click - {}
RESULT: {}
COMMAND: GET /session/ca83e481e94148ebe1f8ed3b36dca130/screenshot - {}
RESULT: {}
COMMAND: POST /session/ca83e481e94148ebe1f8ed3b36dca130/element - {"using":"xpath","value":"//bdi[contains(text(), \"Close\")]"}
RESULT: {"using":"xpath","value":"//bdi[contains(text(), \"Close\")]"}
COMMAND: POST /session/ca83e481e94148ebe1f8ed3b36dca130/element/f.B26EBF0D97B69C61F615F10F8BDFA999.d.82C7729A958DC44ACDA5D08AEEC146CD.e.2973/click - {}
RESULT: {}
COMMAND: GET /session/ca83e481e94148ebe1f8ed3b36dca130/screenshot - {}
RESULT: {}
COMMAND: POST /session/ca83e481e94148ebe1f8ed3b36dca130/element - {"using":"xpath","value":"//header[contains(@id, 'detailRruPage-headerTitle')]/div[1]/div[2]/div[2]/span[1]"}
RESULT: {"using":"xpath","value":"//header[contains(@id, 'detailRruPage-headerTitle')]/div[1]/div[2]/div[2]/span[1]"}
COMMAND: POST /session/ca83e481e94148ebe1f8ed3b36dca130/elements - {"using":"xpath","value":"//header[contains(@id, 'detailRruPage-headerTitle')]/div[1]/div[2]/div[2]/span[1]"}
RESULT: {"using":"xpath","value":"//header[contains(@id, 'detailRruPage-headerTitle')]/div[1]/div[2]/div[2]/span[1]"}
COMMAND: POST /session/ca83e481e94148ebe1f8ed3b36dca130/execute/sync - {"script":"<script> [56 bytes]","args":[{"element-6066-11e4-a52e-4f735466cecf":"f.B26EBF0D97B69C61F615F10F8BDFA999.d.82C7729A958DC44ACDA5D08AEEC146CD.e.3006","ELEMENT":"f.B26EBF0D97B69C61F615F10F8BDFA999.d.82C7729A958DC44ACDA5D08AEEC146CD.e.3006"}]}
RESULT: {"script":"<script> [56 bytes]","args":[{"element-6066-11e4-a52e-4f735466cecf":"f.B26EBF0D97B69C61F615F10F8BDFA999.d.82C7729A958DC44ACDA5D08AEEC146CD.e.3006","ELEMENT":"f.B26EBF0D97B69C61F615F10F8BDFA999.d.82C7729A958DC44ACDA5D08AEEC146CD.e.3006"}]}
COMMAND: POST /session/ca83e481e94148ebe1f8ed3b36dca130/element - {"using":"css selector","value":"#shell-header-logo"}
COMMAND: GET /session/ca83e481e94148ebe1f8ed3b36dca130/screenshot - {}
RESULT: {"using":"css selector","value":"#shell-header-logo"}
COMMAND: POST /session/ca83e481e94148ebe1f8ed3b36dca130/element/f.B26EBF0D97B69C61F615F10F8BDFA999.d.82C7729A958DC44ACDA5D08AEEC146CD.e.2399/click - {}
RESULT: {}
RESULT: {}
COMMAND: GET /session/ca83e481e94148ebe1f8ed3b36dca130/screenshot - {}
RESULT: {}
]]></system-out>
    </testcase>
    <testcase classname="chrome.137_0_7151_69.windows.Create_masterdata_for_Yard_Overview_-_trigger_provide_US130988" name="Should do a stock increase handover" time="108.035">
      <system-out><![CDATA[
COMMAND: POST /session/ca83e481e94148ebe1f8ed3b36dca130/execute/async - {"script":"<script> [1562 bytes]","args":[{"selector":{"controlType":"sap.m.GenericTile","properties":{"header":"Manage Handovers"}},"wdio_ui5_key":"sapm.GenericTile{\"header\":\"Manage Handovers\"}"}]}
RESULT: {"script":"<script> [1562 bytes]","args":[{"selector":{"controlType":"sap.m.GenericTile","properties":{"header":"Manage Handovers"}},"wdio_ui5_key":"sapm.GenericTile{\"header\":\"Manage Handovers\"}"}]}
RESULT: undefined
COMMAND: POST /session/ca83e481e94148ebe1f8ed3b36dca130/element - {"using":"xpath","value":"//*[@id=\"__tile135\"]"}
RESULT: {"using":"xpath","value":"//*[@id=\"__tile135\"]"}
COMMAND: POST /session/ca83e481e94148ebe1f8ed3b36dca130/element/f.B26EBF0D97B69C61F615F10F8BDFA999.d.82C7729A958DC44ACDA5D08AEEC146CD.e.229/click - {}
RESULT: {}
COMMAND: GET /session/ca83e481e94148ebe1f8ed3b36dca130/screenshot - {}
RESULT: {}
COMMAND: POST /session/ca83e481e94148ebe1f8ed3b36dca130/elements - {"using":"xpath","value":"//span[text()='Error']"}
RESULT: {"using":"xpath","value":"//span[text()='Error']"}
COMMAND: POST /session/ca83e481e94148ebe1f8ed3b36dca130/element - {"using":"xpath","value":"//button[@data-kt=\"masterHOAddButton\"]"}
RESULT: {"using":"xpath","value":"//button[@data-kt=\"masterHOAddButton\"]"}
COMMAND: POST /session/ca83e481e94148ebe1f8ed3b36dca130/elements - {"using":"xpath","value":"//button[@data-kt=\"masterHOAddButton\"]"}
RESULT: {"using":"xpath","value":"//button[@data-kt=\"masterHOAddButton\"]"}
COMMAND: POST /session/ca83e481e94148ebe1f8ed3b36dca130/element - {"using":"xpath","value":"//button[@data-kt=\"masterHOAddButton\"]"}
RESULT: {"using":"xpath","value":"//button[@data-kt=\"masterHOAddButton\"]"}
COMMAND: POST /session/ca83e481e94148ebe1f8ed3b36dca130/execute/sync - {"script":"<script> [8489 bytes]","args":[{"element-6066-11e4-a52e-4f735466cecf":"f.B26EBF0D97B69C61F615F10F8BDFA999.d.82C7729A958DC44ACDA5D08AEEC146CD.e.3039","ELEMENT":"f.B26EBF0D97B69C61F615F10F8BDFA999.d.82C7729A958DC44ACDA5D08AEEC146CD.e.3039"}]}
RESULT: {"script":"<script> [8489 bytes]","args":[{"element-6066-11e4-a52e-4f735466cecf":"f.B26EBF0D97B69C61F615F10F8BDFA999.d.82C7729A958DC44ACDA5D08AEEC146CD.e.3039","ELEMENT":"f.B26EBF0D97B69C61F615F10F8BDFA999.d.82C7729A958DC44ACDA5D08AEEC146CD.e.3039"}]}
COMMAND: GET /session/ca83e481e94148ebe1f8ed3b36dca130/element/f.B26EBF0D97B69C61F615F10F8BDFA999.d.82C7729A958DC44ACDA5D08AEEC146CD.e.3039/enabled - {}
COMMAND: GET /session/ca83e481e94148ebe1f8ed3b36dca130/screenshot - {}
RESULT: {}
COMMAND: POST /session/ca83e481e94148ebe1f8ed3b36dca130/execute/sync - {"script":"<script> [8489 bytes]","args":[{"element-6066-11e4-a52e-4f735466cecf":"f.B26EBF0D97B69C61F615F10F8BDFA999.d.82C7729A958DC44ACDA5D08AEEC146CD.e.3039","ELEMENT":"f.B26EBF0D97B69C61F615F10F8BDFA999.d.82C7729A958DC44ACDA5D08AEEC146CD.e.3039"}]}
COMMAND: GET /session/ca83e481e94148ebe1f8ed3b36dca130/screenshot - {}
RESULT: {}
RESULT: {"script":"<script> [8489 bytes]","args":[{"element-6066-11e4-a52e-4f735466cecf":"f.B26EBF0D97B69C61F615F10F8BDFA999.d.82C7729A958DC44ACDA5D08AEEC146CD.e.3039","ELEMENT":"f.B26EBF0D97B69C61F615F10F8BDFA999.d.82C7729A958DC44ACDA5D08AEEC146CD.e.3039"}]}
COMMAND: POST /session/ca83e481e94148ebe1f8ed3b36dca130/execute/sync - {"script":"<script> [5351 bytes]","args":[{"element-6066-11e4-a52e-4f735466cecf":"f.B26EBF0D97B69C61F615F10F8BDFA999.d.82C7729A958DC44ACDA5D08AEEC146CD.e.3039","ELEMENT":"f.B26EBF0D97B69C61F615F10F8BDFA999.d.82C7729A958DC44ACDA5D08AEEC146CD.e.3039"}]}
COMMAND: GET /session/ca83e481e94148ebe1f8ed3b36dca130/screenshot - {}
RESULT: {}
RESULT: {"script":"<script> [5351 bytes]","args":[{"element-6066-11e4-a52e-4f735466cecf":"f.B26EBF0D97B69C61F615F10F8BDFA999.d.82C7729A958DC44ACDA5D08AEEC146CD.e.3039","ELEMENT":"f.B26EBF0D97B69C61F615F10F8BDFA999.d.82C7729A958DC44ACDA5D08AEEC146CD.e.3039"}]}
COMMAND: POST /session/ca83e481e94148ebe1f8ed3b36dca130/element/f.B26EBF0D97B69C61F615F10F8BDFA999.d.82C7729A958DC44ACDA5D08AEEC146CD.e.3039/click - {}
COMMAND: GET /session/ca83e481e94148ebe1f8ed3b36dca130/screenshot - {}
RESULT: {}
RESULT: {}
COMMAND: GET /session/ca83e481e94148ebe1f8ed3b36dca130/screenshot - {}
RESULT: {}
COMMAND: POST /session/ca83e481e94148ebe1f8ed3b36dca130/element - {"using":"xpath","value":"//span[contains(@id ,\"AddNewHO--typeSelect-arrow\")]"}
RESULT: {}
RESULT: {"using":"xpath","value":"//span[contains(@id ,\"AddNewHO--typeSelect-arrow\")]"}
COMMAND: POST /session/ca83e481e94148ebe1f8ed3b36dca130/element/f.B26EBF0D97B69C61F615F10F8BDFA999.d.82C7729A958DC44ACDA5D08AEEC146CD.e.3385/click - {}
RESULT: {}
COMMAND: GET /session/ca83e481e94148ebe1f8ed3b36dca130/screenshot - {}
RESULT: {}
COMMAND: POST /session/ca83e481e94148ebe1f8ed3b36dca130/element - {"using":"xpath","value":"(//li[contains(text(), \"stock increase yard\")])[1]"}
RESULT: {"using":"xpath","value":"(//li[contains(text(), \"stock increase yard\")])[1]"}
COMMAND: POST /session/ca83e481e94148ebe1f8ed3b36dca130/element/f.B26EBF0D97B69C61F615F10F8BDFA999.d.82C7729A958DC44ACDA5D08AEEC146CD.e.3386/click - {}
RESULT: {}
COMMAND: GET /session/ca83e481e94148ebe1f8ed3b36dca130/screenshot - {}
RESULT: {}
COMMAND: POST /session/ca83e481e94148ebe1f8ed3b36dca130/execute/async - {"script":"<script> [1562 bytes]","args":[{"selector":{"id":"application-managehandovers-display-component---AddNewHO--dueDate","interaction":{"idSuffix":"inner"}},"wdio_ui5_key":"applicationmanagehandovers-display-component---AddNewHO--dueDate"}]}
RESULT: {"script":"<script> [1562 bytes]","args":[{"selector":{"id":"application-managehandovers-display-component---AddNewHO--dueDate","interaction":{"idSuffix":"inner"}},"wdio_ui5_key":"applicationmanagehandovers-display-component---AddNewHO--dueDate"}]}
RESULT: undefined
COMMAND: POST /session/ca83e481e94148ebe1f8ed3b36dca130/execute/async - {"script":"<script> [6424 bytes]","args":[{"element-6066-11e4-a52e-4f735466cecf":"f.B26EBF0D97B69C61F615F10F8BDFA999.d.82C7729A958DC44ACDA5D08AEEC146CD.e.3390"},"setValue",["6/14/25"]]}
RESULT: {"script":"<script> [6424 bytes]","args":[{"element-6066-11e4-a52e-4f735466cecf":"f.B26EBF0D97B69C61F615F10F8BDFA999.d.82C7729A958DC44ACDA5D08AEEC146CD.e.3390"},"setValue",["6/14/25"]]}
COMMAND: POST /session/ca83e481e94148ebe1f8ed3b36dca130/element - {"using":"xpath","value":"//input[@id=\"generalSectionFrg--receiveYard-inner\"]"}
RESULT: {"using":"xpath","value":"//input[@id=\"generalSectionFrg--receiveYard-inner\"]"}
COMMAND: POST /session/ca83e481e94148ebe1f8ed3b36dca130/element/f.B26EBF0D97B69C61F615F10F8BDFA999.d.82C7729A958DC44ACDA5D08AEEC146CD.e.3396/clear - {}
RESULT: {}
COMMAND: POST /session/ca83e481e94148ebe1f8ed3b36dca130/element/f.B26EBF0D97B69C61F615F10F8BDFA999.d.82C7729A958DC44ACDA5D08AEEC146CD.e.3396/value - {"text":"260"}
COMMAND: GET /session/ca83e481e94148ebe1f8ed3b36dca130/screenshot - {}
RESULT: {"text":"260"}
COMMAND: GET /session/ca83e481e94148ebe1f8ed3b36dca130/screenshot - {}
RESULT: {}
RESULT: {}
COMMAND: POST /session/ca83e481e94148ebe1f8ed3b36dca130/element - {"using":"xpath","value":"//li[.//span[contains(normalize-space(.), '260 -')]]"}
RESULT: {"using":"xpath","value":"//li[.//span[contains(normalize-space(.), '260 -')]]"}
COMMAND: POST /session/ca83e481e94148ebe1f8ed3b36dca130/element/f.B26EBF0D97B69C61F615F10F8BDFA999.d.82C7729A958DC44ACDA5D08AEEC146CD.e.3410/click - {}
RESULT: {}
COMMAND: GET /session/ca83e481e94148ebe1f8ed3b36dca130/screenshot - {}
RESULT: {}
COMMAND: POST /session/ca83e481e94148ebe1f8ed3b36dca130/execute/async - {"script":"<script> [1562 bytes]","args":[{"selector":{"id":"application-managehandovers-display-component---AddNewHO--ObjectPageLayout-anchBar-application-managehandovers-display-component---AddNewHO--section4-anchor","interaction":{"idSuffix":"BDI-content"}},"wdio_ui5_key":"applicationmanagehandovers-display-component---AddNewHO--ObjectPageLayout-anchBar-application-managehandovers-display-component---AddNewHO--section4-anchor"}]}
RESULT: {"script":"<script> [1562 bytes]","args":[{"selector":{"id":"application-managehandovers-display-component---AddNewHO--ObjectPageLayout-anchBar-application-managehandovers-display-component---AddNewHO--section4-anchor","interaction":{"idSuffix":"BDI-content"}},"wdio_ui5_key":"applicationmanagehandovers-display-component---AddNewHO--ObjectPageLayout-anchBar-application-managehandovers-display-component---AddNewHO--section4-anchor"}]}
RESULT: undefined
COMMAND: POST /session/ca83e481e94148ebe1f8ed3b36dca130/element - {"using":"xpath","value":"//*[@id=\"application-managehandovers-display-component---AddNewHO--ObjectPageLayout-anchBar-application-managehandovers-display-component---AddNewHO--section4-anchor\"]"}
RESULT: {"using":"xpath","value":"//*[@id=\"application-managehandovers-display-component---AddNewHO--ObjectPageLayout-anchBar-application-managehandovers-display-component---AddNewHO--section4-anchor\"]"}
COMMAND: POST /session/ca83e481e94148ebe1f8ed3b36dca130/element/f.B26EBF0D97B69C61F615F10F8BDFA999.d.82C7729A958DC44ACDA5D08AEEC146CD.e.3412/click - {}
RESULT: {}
COMMAND: GET /session/ca83e481e94148ebe1f8ed3b36dca130/screenshot - {}
RESULT: {}
COMMAND: POST /session/ca83e481e94148ebe1f8ed3b36dca130/element - {"using":"xpath","value":"//button[@aria-label=\"Add\"]"}
RESULT: {"using":"xpath","value":"//button[@aria-label=\"Add\"]"}
COMMAND: POST /session/ca83e481e94148ebe1f8ed3b36dca130/element/f.B26EBF0D97B69C61F615F10F8BDFA999.d.82C7729A958DC44ACDA5D08AEEC146CD.e.3416/click - {}
RESULT: {}
COMMAND: GET /session/ca83e481e94148ebe1f8ed3b36dca130/screenshot - {}
RESULT: {}
COMMAND: POST /session/ca83e481e94148ebe1f8ed3b36dca130/execute/async - {"script":"<script> [1562 bytes]","args":[{"selector":{"id":"application-managehandovers-display-component---AddNewHO--smartFilterBar-btnBasicSearch","searchOpenDialogs":true,"interaction":{"idSuffix":"I"}},"wdio_ui5_key":"applicationmanagehandovers-display-component---AddNewHO--smartFilterBar-btnBasicSearch"}]}
RESULT: {"script":"<script> [1562 bytes]","args":[{"selector":{"id":"application-managehandovers-display-component---AddNewHO--smartFilterBar-btnBasicSearch","searchOpenDialogs":true,"interaction":{"idSuffix":"I"}},"wdio_ui5_key":"applicationmanagehandovers-display-component---AddNewHO--smartFilterBar-btnBasicSearch"}]}
RESULT: undefined
COMMAND: POST /session/ca83e481e94148ebe1f8ed3b36dca130/execute/async - {"script":"<script> [776 bytes]","args":[{"enterText":"200129","selector":{"id":"application-managehandovers-display-component---AddNewHO--smartFilterBar-btnBasicSearch","searchOpenDialogs":true,"interaction":{"idSuffix":"I"}},"clearTextFirst":true,"interactionType":"ENTER_TEXT"}]}
RESULT: {"script":"<script> [776 bytes]","args":[{"enterText":"200129","selector":{"id":"application-managehandovers-display-component---AddNewHO--smartFilterBar-btnBasicSearch","searchOpenDialogs":true,"interaction":{"idSuffix":"I"}},"clearTextFirst":true,"interactionType":"ENTER_TEXT"}]}
COMMAND: POST /session/ca83e481e94148ebe1f8ed3b36dca130/actions - {"actions":[{"id":"action9","type":"key","parameters":{},"actions":[{"type":"keyDown","value":""},{"type":"pause","duration":10},{"type":"keyUp","value":""}]}]}
RESULT: {"actions":[{"id":"action9","type":"key","parameters":{},"actions":[{"type":"keyDown","value":""},{"type":"pause","duration":10},{"type":"keyUp","value":""}]}]}
COMMAND: GET /session/ca83e481e94148ebe1f8ed3b36dca130/screenshot - {}
RESULT: {}
COMMAND: POST /session/ca83e481e94148ebe1f8ed3b36dca130/execute/async - {"script":"<script> [1562 bytes]","args":[{"selector":{"id":"application-managehandovers-display-component---AddNewHO--popup-sa","searchOpenDialogs":true,"interaction":{"idSuffix":"CbBg"}},"wdio_ui5_key":"applicationmanagehandovers-display-component---AddNewHO--popup-sa"}]}
RESULT: {"script":"<script> [1562 bytes]","args":[{"selector":{"id":"application-managehandovers-display-component---AddNewHO--popup-sa","searchOpenDialogs":true,"interaction":{"idSuffix":"CbBg"}},"wdio_ui5_key":"applicationmanagehandovers-display-component---AddNewHO--popup-sa"}]}
RESULT: undefined
COMMAND: POST /session/ca83e481e94148ebe1f8ed3b36dca130/element - {"using":"xpath","value":"//*[@id=\"application-managehandovers-display-component---AddNewHO--popup-sa\"]"}
RESULT: {"using":"xpath","value":"//*[@id=\"application-managehandovers-display-component---AddNewHO--popup-sa\"]"}
COMMAND: POST /session/ca83e481e94148ebe1f8ed3b36dca130/element/f.B26EBF0D97B69C61F615F10F8BDFA999.d.82C7729A958DC44ACDA5D08AEEC146CD.e.3569/click - {}
RESULT: {}
COMMAND: GET /session/ca83e481e94148ebe1f8ed3b36dca130/screenshot - {}
RESULT: {}
COMMAND: POST /session/ca83e481e94148ebe1f8ed3b36dca130/element - {"using":"xpath","value":"//bdi[contains(text(), \"Select\")]"}
RESULT: {"using":"xpath","value":"//bdi[contains(text(), \"Select\")]"}
COMMAND: POST /session/ca83e481e94148ebe1f8ed3b36dca130/element/f.B26EBF0D97B69C61F615F10F8BDFA999.d.82C7729A958DC44ACDA5D08AEEC146CD.e.3570/click - {}
RESULT: {}
COMMAND: GET /session/ca83e481e94148ebe1f8ed3b36dca130/screenshot - {}
RESULT: {}
COMMAND: POST /session/ca83e481e94148ebe1f8ed3b36dca130/element - {"using":"xpath","value":"//button[@data-kt=\"AddNewHOSaveButton\"]"}
RESULT: {"using":"xpath","value":"//button[@data-kt=\"AddNewHOSaveButton\"]"}
COMMAND: POST /session/ca83e481e94148ebe1f8ed3b36dca130/element/f.B26EBF0D97B69C61F615F10F8BDFA999.d.82C7729A958DC44ACDA5D08AEEC146CD.e.3574/click - {}
RESULT: {}
COMMAND: GET /session/ca83e481e94148ebe1f8ed3b36dca130/screenshot - {}
RESULT: {}
COMMAND: POST /session/ca83e481e94148ebe1f8ed3b36dca130/execute/async - {"script":"<script> [1562 bytes]","args":[{"selector":{"id":"receiptDatePicker","viewName":"etm.portal.ui.managehandovers.view.DetailExecuteHO","interaction":{"idSuffix":"inner"}},"wdio_ui5_key":"receiptDatePickeretmportal.ui.managehandovers.view.DetailExecuteHO"}]}
RESULT: {"script":"<script> [1562 bytes]","args":[{"selector":{"id":"receiptDatePicker","viewName":"etm.portal.ui.managehandovers.view.DetailExecuteHO","interaction":{"idSuffix":"inner"}},"wdio_ui5_key":"receiptDatePickeretmportal.ui.managehandovers.view.DetailExecuteHO"}]}
RESULT: undefined
COMMAND: POST /session/ca83e481e94148ebe1f8ed3b36dca130/execute/async - {"script":"<script> [6424 bytes]","args":[{"element-6066-11e4-a52e-4f735466cecf":"f.B26EBF0D97B69C61F615F10F8BDFA999.d.82C7729A958DC44ACDA5D08AEEC146CD.e.3603"},"setValue",["6/14/25"]]}
RESULT: {"script":"<script> [6424 bytes]","args":[{"element-6066-11e4-a52e-4f735466cecf":"f.B26EBF0D97B69C61F615F10F8BDFA999.d.82C7729A958DC44ACDA5D08AEEC146CD.e.3603"},"setValue",["6/14/25"]]}
COMMAND: POST /session/ca83e481e94148ebe1f8ed3b36dca130/element - {"using":"xpath","value":"//button[@data-kt=\"ReceivingTableConfirmAllButton\"]"}
RESULT: {"using":"xpath","value":"//button[@data-kt=\"ReceivingTableConfirmAllButton\"]"}
COMMAND: POST /session/ca83e481e94148ebe1f8ed3b36dca130/element/f.B26EBF0D97B69C61F615F10F8BDFA999.d.82C7729A958DC44ACDA5D08AEEC146CD.e.3616/click - {}
RESULT: {}
COMMAND: GET /session/ca83e481e94148ebe1f8ed3b36dca130/screenshot - {}
RESULT: {}
COMMAND: POST /session/ca83e481e94148ebe1f8ed3b36dca130/element - {"using":"xpath","value":"//bdi[contains(text(), \"OK\")]"}
RESULT: {"using":"xpath","value":"//bdi[contains(text(), \"OK\")]"}
COMMAND: POST /session/ca83e481e94148ebe1f8ed3b36dca130/element/f.B26EBF0D97B69C61F615F10F8BDFA999.d.82C7729A958DC44ACDA5D08AEEC146CD.e.3618/click - {}
RESULT: {}
COMMAND: GET /session/ca83e481e94148ebe1f8ed3b36dca130/screenshot - {}
RESULT: {}
COMMAND: POST /session/ca83e481e94148ebe1f8ed3b36dca130/element - {"using":"xpath","value":"(//bdi[contains(text(), \"Receive\")])[2]"}
RESULT: {"using":"xpath","value":"(//bdi[contains(text(), \"Receive\")])[2]"}
COMMAND: POST /session/ca83e481e94148ebe1f8ed3b36dca130/element/f.B26EBF0D97B69C61F615F10F8BDFA999.d.82C7729A958DC44ACDA5D08AEEC146CD.e.3620/click - {}
RESULT: {}
COMMAND: GET /session/ca83e481e94148ebe1f8ed3b36dca130/screenshot - {}
RESULT: {}
COMMAND: POST /session/ca83e481e94148ebe1f8ed3b36dca130/element - {"using":"css selector","value":"#shell-header-logo"}
RESULT: {"using":"css selector","value":"#shell-header-logo"}
COMMAND: POST /session/ca83e481e94148ebe1f8ed3b36dca130/element/f.B26EBF0D97B69C61F615F10F8BDFA999.d.82C7729A958DC44ACDA5D08AEEC146CD.e.3011/click - {}
RESULT: {}
COMMAND: GET /session/ca83e481e94148ebe1f8ed3b36dca130/screenshot - {}
RESULT: {}
]]></system-out>
    </testcase>
    <testcase classname="chrome.137_0_7151_69.windows.Create_masterdata_for_Yard_Overview_-_trigger_provide_US130988" name="Should create a new contract" time="62.365">
      <system-out><![CDATA[
COMMAND: POST /session/ca83e481e94148ebe1f8ed3b36dca130/execute/async - {"script":"<script> [1562 bytes]","args":[{"selector":{"controlType":"sap.m.GenericTile","properties":{"header":"Manage Contracts"}},"wdio_ui5_key":"sapm.GenericTile{\"header\":\"Manage Contracts\"}"}]}
RESULT: {"script":"<script> [1562 bytes]","args":[{"selector":{"controlType":"sap.m.GenericTile","properties":{"header":"Manage Contracts"}},"wdio_ui5_key":"sapm.GenericTile{\"header\":\"Manage Contracts\"}"}]}
RESULT: undefined
COMMAND: POST /session/ca83e481e94148ebe1f8ed3b36dca130/element - {"using":"xpath","value":"//*[@id=\"__tile134\"]"}
RESULT: {"using":"xpath","value":"//*[@id=\"__tile134\"]"}
COMMAND: POST /session/ca83e481e94148ebe1f8ed3b36dca130/element/f.B26EBF0D97B69C61F615F10F8BDFA999.d.82C7729A958DC44ACDA5D08AEEC146CD.e.157/click - {}
RESULT: {}
COMMAND: GET /session/ca83e481e94148ebe1f8ed3b36dca130/screenshot - {}
RESULT: {}
COMMAND: POST /session/ca83e481e94148ebe1f8ed3b36dca130/elements - {"using":"xpath","value":"//span[text()='Error']"}
RESULT: {"using":"xpath","value":"//span[text()='Error']"}
COMMAND: POST /session/ca83e481e94148ebe1f8ed3b36dca130/element - {"using":"xpath","value":"//button[@data-kt=\"addButton\"]"}
RESULT: {"using":"xpath","value":"//button[@data-kt=\"addButton\"]"}
COMMAND: POST /session/ca83e481e94148ebe1f8ed3b36dca130/elements - {"using":"xpath","value":"//button[@data-kt=\"addButton\"]"}
RESULT: {"using":"xpath","value":"//button[@data-kt=\"addButton\"]"}
COMMAND: POST /session/ca83e481e94148ebe1f8ed3b36dca130/execute/sync - {"script":"<script> [8489 bytes]","args":[{"element-6066-11e4-a52e-4f735466cecf":"f.B26EBF0D97B69C61F615F10F8BDFA999.d.82C7729A958DC44ACDA5D08AEEC146CD.e.3842","ELEMENT":"f.B26EBF0D97B69C61F615F10F8BDFA999.d.82C7729A958DC44ACDA5D08AEEC146CD.e.3842"}]}
RESULT: {"script":"<script> [8489 bytes]","args":[{"element-6066-11e4-a52e-4f735466cecf":"f.B26EBF0D97B69C61F615F10F8BDFA999.d.82C7729A958DC44ACDA5D08AEEC146CD.e.3842","ELEMENT":"f.B26EBF0D97B69C61F615F10F8BDFA999.d.82C7729A958DC44ACDA5D08AEEC146CD.e.3842"}]}
COMMAND: GET /session/ca83e481e94148ebe1f8ed3b36dca130/element/f.B26EBF0D97B69C61F615F10F8BDFA999.d.82C7729A958DC44ACDA5D08AEEC146CD.e.3842/enabled - {}
COMMAND: GET /session/ca83e481e94148ebe1f8ed3b36dca130/screenshot - {}
RESULT: {}
COMMAND: POST /session/ca83e481e94148ebe1f8ed3b36dca130/execute/sync - {"script":"<script> [8489 bytes]","args":[{"element-6066-11e4-a52e-4f735466cecf":"f.B26EBF0D97B69C61F615F10F8BDFA999.d.82C7729A958DC44ACDA5D08AEEC146CD.e.3842","ELEMENT":"f.B26EBF0D97B69C61F615F10F8BDFA999.d.82C7729A958DC44ACDA5D08AEEC146CD.e.3842"}]}
COMMAND: GET /session/ca83e481e94148ebe1f8ed3b36dca130/screenshot - {}
RESULT: {}
RESULT: {"script":"<script> [8489 bytes]","args":[{"element-6066-11e4-a52e-4f735466cecf":"f.B26EBF0D97B69C61F615F10F8BDFA999.d.82C7729A958DC44ACDA5D08AEEC146CD.e.3842","ELEMENT":"f.B26EBF0D97B69C61F615F10F8BDFA999.d.82C7729A958DC44ACDA5D08AEEC146CD.e.3842"}]}
COMMAND: POST /session/ca83e481e94148ebe1f8ed3b36dca130/execute/sync - {"script":"<script> [5351 bytes]","args":[{"element-6066-11e4-a52e-4f735466cecf":"f.B26EBF0D97B69C61F615F10F8BDFA999.d.82C7729A958DC44ACDA5D08AEEC146CD.e.3842","ELEMENT":"f.B26EBF0D97B69C61F615F10F8BDFA999.d.82C7729A958DC44ACDA5D08AEEC146CD.e.3842"}]}
COMMAND: GET /session/ca83e481e94148ebe1f8ed3b36dca130/screenshot - {}
RESULT: {}
RESULT: {"script":"<script> [5351 bytes]","args":[{"element-6066-11e4-a52e-4f735466cecf":"f.B26EBF0D97B69C61F615F10F8BDFA999.d.82C7729A958DC44ACDA5D08AEEC146CD.e.3842","ELEMENT":"f.B26EBF0D97B69C61F615F10F8BDFA999.d.82C7729A958DC44ACDA5D08AEEC146CD.e.3842"}]}
COMMAND: GET /session/ca83e481e94148ebe1f8ed3b36dca130/screenshot - {}
RESULT: {}
RESULT: {}
COMMAND: POST /session/ca83e481e94148ebe1f8ed3b36dca130/element/f.B26EBF0D97B69C61F615F10F8BDFA999.d.82C7729A958DC44ACDA5D08AEEC146CD.e.3842/click - {}
RESULT: {}
COMMAND: GET /session/ca83e481e94148ebe1f8ed3b36dca130/screenshot - {}
COMMAND: POST /session/ca83e481e94148ebe1f8ed3b36dca130/execute/async - {"script":"<script> [1562 bytes]","args":[{"selector":{"id":"application-managecontracts-display-component---AddNewContract--projectDescription","interaction":{"idSuffix":"inner"}},"wdio_ui5_key":"applicationmanagecontracts-display-component---AddNewContract--projectDescription"}]}
RESULT: {}
RESULT: {"script":"<script> [1562 bytes]","args":[{"selector":{"id":"application-managecontracts-display-component---AddNewContract--projectDescription","interaction":{"idSuffix":"inner"}},"wdio_ui5_key":"applicationmanagecontracts-display-component---AddNewContract--projectDescription"}]}
RESULT: undefined
COMMAND: POST /session/ca83e481e94148ebe1f8ed3b36dca130/execute/async - {"script":"<script> [776 bytes]","args":[{"enterText":"Contract WDIO","selector":{"id":"application-managecontracts-display-component---AddNewContract--projectDescription","interaction":{"idSuffix":"inner"}},"clearTextFirst":true,"interactionType":"ENTER_TEXT"}]}
RESULT: {"script":"<script> [776 bytes]","args":[{"enterText":"Contract WDIO","selector":{"id":"application-managecontracts-display-component---AddNewContract--projectDescription","interaction":{"idSuffix":"inner"}},"clearTextFirst":true,"interactionType":"ENTER_TEXT"}]}
COMMAND: POST /session/ca83e481e94148ebe1f8ed3b36dca130/element - {"using":"xpath","value":"//input[@id=\"application-managecontracts-display-component---AddNewContract--site-inner\"]"}
RESULT: {"using":"xpath","value":"//input[@id=\"application-managecontracts-display-component---AddNewContract--site-inner\"]"}
COMMAND: POST /session/ca83e481e94148ebe1f8ed3b36dca130/element/f.B26EBF0D97B69C61F615F10F8BDFA999.d.82C7729A958DC44ACDA5D08AEEC146CD.e.4160/clear - {}
RESULT: {}
COMMAND: POST /session/ca83e481e94148ebe1f8ed3b36dca130/element/f.B26EBF0D97B69C61F615F10F8BDFA999.d.82C7729A958DC44ACDA5D08AEEC146CD.e.4160/value - {"text":"2101"}
COMMAND: GET /session/ca83e481e94148ebe1f8ed3b36dca130/screenshot - {}
RESULT: {"text":"2101"}
COMMAND: GET /session/ca83e481e94148ebe1f8ed3b36dca130/screenshot - {}
RESULT: {}
RESULT: {}
COMMAND: POST /session/ca83e481e94148ebe1f8ed3b36dca130/element - {"using":"xpath","value":"//li[.//span[text()='2101']]"}
RESULT: {"using":"xpath","value":"//li[.//span[text()='2101']]"}
COMMAND: POST /session/ca83e481e94148ebe1f8ed3b36dca130/element/f.B26EBF0D97B69C61F615F10F8BDFA999.d.82C7729A958DC44ACDA5D08AEEC146CD.e.4243/click - {}
RESULT: {}
COMMAND: GET /session/ca83e481e94148ebe1f8ed3b36dca130/screenshot - {}
RESULT: {}
COMMAND: POST /session/ca83e481e94148ebe1f8ed3b36dca130/element - {"using":"xpath","value":"//input[@id=\"application-managecontracts-display-component---AddNewContract--yardId-inner\"]"}
RESULT: {"using":"xpath","value":"//input[@id=\"application-managecontracts-display-component---AddNewContract--yardId-inner\"]"}
COMMAND: GET /session/ca83e481e94148ebe1f8ed3b36dca130/element/f.B26EBF0D97B69C61F615F10F8BDFA999.d.82C7729A958DC44ACDA5D08AEEC146CD.e.4161/property/value - {}
RESULT: {}
COMMAND: POST /session/ca83e481e94148ebe1f8ed3b36dca130/element - {"using":"xpath","value":"//input[@id=\"application-managecontracts-display-component---AddNewContract--customerSelect-inner\"]"}
COMMAND: GET /session/ca83e481e94148ebe1f8ed3b36dca130/screenshot - {}
RESULT: {"using":"xpath","value":"//input[@id=\"application-managecontracts-display-component---AddNewContract--customerSelect-inner\"]"}
COMMAND: POST /session/ca83e481e94148ebe1f8ed3b36dca130/element/f.B26EBF0D97B69C61F615F10F8BDFA999.d.82C7729A958DC44ACDA5D08AEEC146CD.e.4159/clear - {}
RESULT: {}
RESULT: {}
COMMAND: POST /session/ca83e481e94148ebe1f8ed3b36dca130/element/f.B26EBF0D97B69C61F615F10F8BDFA999.d.82C7729A958DC44ACDA5D08AEEC146CD.e.4159/value - {"text":"1110"}
COMMAND: GET /session/ca83e481e94148ebe1f8ed3b36dca130/screenshot - {}
RESULT: {"text":"1110"}
COMMAND: GET /session/ca83e481e94148ebe1f8ed3b36dca130/screenshot - {}
RESULT: {}
RESULT: {}
COMMAND: POST /session/ca83e481e94148ebe1f8ed3b36dca130/element - {"using":"xpath","value":"//li[.//span[text()='1110']]"}
RESULT: {"using":"xpath","value":"//li[.//span[text()='1110']]"}
COMMAND: POST /session/ca83e481e94148ebe1f8ed3b36dca130/element/f.B26EBF0D97B69C61F615F10F8BDFA999.d.82C7729A958DC44ACDA5D08AEEC146CD.e.4246/click - {}
RESULT: {}
COMMAND: GET /session/ca83e481e94148ebe1f8ed3b36dca130/screenshot - {}
RESULT: {}
COMMAND: POST /session/ca83e481e94148ebe1f8ed3b36dca130/element - {"using":"xpath","value":"//button[@data-kt=\"saveButton\"]"}
RESULT: {"using":"xpath","value":"//button[@data-kt=\"saveButton\"]"}
COMMAND: POST /session/ca83e481e94148ebe1f8ed3b36dca130/element/f.B26EBF0D97B69C61F615F10F8BDFA999.d.82C7729A958DC44ACDA5D08AEEC146CD.e.4236/click - {}
RESULT: {}
COMMAND: GET /session/ca83e481e94148ebe1f8ed3b36dca130/screenshot - {}
RESULT: {}
COMMAND: POST /session/ca83e481e94148ebe1f8ed3b36dca130/element - {"using":"xpath","value":"//span[contains(@id ,\"contractDetailTitleNoExpanded\")]"}
RESULT: {"using":"xpath","value":"//span[contains(@id ,\"contractDetailTitleNoExpanded\")]"}
COMMAND: POST /session/ca83e481e94148ebe1f8ed3b36dca130/elements - {"using":"xpath","value":"//span[contains(@id ,\"contractDetailTitleNoExpanded\")]"}
RESULT: {"using":"xpath","value":"//span[contains(@id ,\"contractDetailTitleNoExpanded\")]"}
COMMAND: POST /session/ca83e481e94148ebe1f8ed3b36dca130/execute/sync - {"script":"<script> [56 bytes]","args":[{"element-6066-11e4-a52e-4f735466cecf":"f.B26EBF0D97B69C61F615F10F8BDFA999.d.82C7729A958DC44ACDA5D08AEEC146CD.e.4314","ELEMENT":"f.B26EBF0D97B69C61F615F10F8BDFA999.d.82C7729A958DC44ACDA5D08AEEC146CD.e.4314"}]}
RESULT: {"script":"<script> [56 bytes]","args":[{"element-6066-11e4-a52e-4f735466cecf":"f.B26EBF0D97B69C61F615F10F8BDFA999.d.82C7729A958DC44ACDA5D08AEEC146CD.e.4314","ELEMENT":"f.B26EBF0D97B69C61F615F10F8BDFA999.d.82C7729A958DC44ACDA5D08AEEC146CD.e.4314"}]}
COMMAND: GET /session/ca83e481e94148ebe1f8ed3b36dca130/screenshot - {}
RESULT: {}
]]></system-out>
    </testcase>
    <testcase classname="chrome.137_0_7151_69.windows.Create_masterdata_for_Yard_Overview_-_trigger_provide_US130988" name="Should add created equipment to contract" time="63.937">
      <system-out><![CDATA[
COMMAND: POST /session/ca83e481e94148ebe1f8ed3b36dca130/element - {"using":"xpath","value":"//button[@data-kt=\"contractDetailEditBtnButton\"]"}
RESULT: {"using":"xpath","value":"//button[@data-kt=\"contractDetailEditBtnButton\"]"}
COMMAND: POST /session/ca83e481e94148ebe1f8ed3b36dca130/element/f.B26EBF0D97B69C61F615F10F8BDFA999.d.82C7729A958DC44ACDA5D08AEEC146CD.e.4320/click - {}
RESULT: {}
COMMAND: GET /session/ca83e481e94148ebe1f8ed3b36dca130/screenshot - {}
RESULT: {}
COMMAND: POST /session/ca83e481e94148ebe1f8ed3b36dca130/element - {"using":"xpath","value":"(//span[contains(text(), \"Additional Addresses\")])[2]"}
RESULT: {"using":"xpath","value":"(//span[contains(text(), \"Additional Addresses\")])[2]"}
COMMAND: POST /session/ca83e481e94148ebe1f8ed3b36dca130/element/f.B26EBF0D97B69C61F615F10F8BDFA999.d.82C7729A958DC44ACDA5D08AEEC146CD.e.4380/click - {}
RESULT: {}
COMMAND: GET /session/ca83e481e94148ebe1f8ed3b36dca130/screenshot - {}
RESULT: {}
COMMAND: POST /session/ca83e481e94148ebe1f8ed3b36dca130/element - {"using":"xpath","value":"//button[@data-kt=\"btnAddTableRowOverflowToolbarButton\"]"}
RESULT: {"using":"xpath","value":"//button[@data-kt=\"btnAddTableRowOverflowToolbarButton\"]"}
COMMAND: POST /session/ca83e481e94148ebe1f8ed3b36dca130/element/f.B26EBF0D97B69C61F615F10F8BDFA999.d.82C7729A958DC44ACDA5D08AEEC146CD.e.4382/click - {}
RESULT: {}
COMMAND: GET /session/ca83e481e94148ebe1f8ed3b36dca130/screenshot - {}
RESULT: {}
COMMAND: POST /session/ca83e481e94148ebe1f8ed3b36dca130/element - {"using":"xpath","value":"//div[(text() = 'Standard Entry' or . = 'Standard Entry')]"}
RESULT: {"using":"xpath","value":"//div[(text() = 'Standard Entry' or . = 'Standard Entry')]"}
COMMAND: POST /session/ca83e481e94148ebe1f8ed3b36dca130/element/f.B26EBF0D97B69C61F615F10F8BDFA999.d.82C7729A958DC44ACDA5D08AEEC146CD.e.4384/click - {}
RESULT: {}
COMMAND: GET /session/ca83e481e94148ebe1f8ed3b36dca130/screenshot - {}
RESULT: {}
COMMAND: POST /session/ca83e481e94148ebe1f8ed3b36dca130/element - {"using":"xpath","value":"//td[6]/div/div/div/span"}
RESULT: {"using":"xpath","value":"//td[6]/div/div/div/span"}
COMMAND: POST /session/ca83e481e94148ebe1f8ed3b36dca130/element/f.B26EBF0D97B69C61F615F10F8BDFA999.d.82C7729A958DC44ACDA5D08AEEC146CD.e.4396/click - {}
RESULT: {}
COMMAND: GET /session/ca83e481e94148ebe1f8ed3b36dca130/screenshot - {}
RESULT: {}
COMMAND: POST /session/ca83e481e94148ebe1f8ed3b36dca130/element - {"using":"xpath","value":"(//span[contains(text(), \"Material\")])"}
RESULT: {"using":"xpath","value":"(//span[contains(text(), \"Material\")])"}
COMMAND: POST /session/ca83e481e94148ebe1f8ed3b36dca130/element/f.B26EBF0D97B69C61F615F10F8BDFA999.d.82C7729A958DC44ACDA5D08AEEC146CD.e.4397/click - {}
RESULT: {}
COMMAND: GET /session/ca83e481e94148ebe1f8ed3b36dca130/screenshot - {}
RESULT: {}
COMMAND: POST /session/ca83e481e94148ebe1f8ed3b36dca130/element - {"using":"xpath","value":"//td[7]/div/div/input"}
RESULT: {"using":"xpath","value":"//td[7]/div/div/input"}
COMMAND: POST /session/ca83e481e94148ebe1f8ed3b36dca130/element/f.B26EBF0D97B69C61F615F10F8BDFA999.d.82C7729A958DC44ACDA5D08AEEC146CD.e.4401/clear - {}
RESULT: {}
COMMAND: POST /session/ca83e481e94148ebe1f8ed3b36dca130/element/f.B26EBF0D97B69C61F615F10F8BDFA999.d.82C7729A958DC44ACDA5D08AEEC146CD.e.4401/value - {"text":"200129"}
COMMAND: GET /session/ca83e481e94148ebe1f8ed3b36dca130/screenshot - {}
RESULT: {"text":"200129"}
COMMAND: GET /session/ca83e481e94148ebe1f8ed3b36dca130/screenshot - {}
RESULT: {}
RESULT: {}
COMMAND: POST /session/ca83e481e94148ebe1f8ed3b36dca130/actions - {"actions":[{"id":"action10","type":"key","parameters":{},"actions":[{"type":"keyDown","value":""},{"type":"pause","duration":10},{"type":"keyUp","value":""}]}]}
RESULT: {"actions":[{"id":"action10","type":"key","parameters":{},"actions":[{"type":"keyDown","value":""},{"type":"pause","duration":10},{"type":"keyUp","value":""}]}]}
COMMAND: GET /session/ca83e481e94148ebe1f8ed3b36dca130/screenshot - {}
RESULT: {}
COMMAND: POST /session/ca83e481e94148ebe1f8ed3b36dca130/execute/sync - {"script":"<script> [276 bytes]","args":["No pricing information was found"]}
RESULT: {"script":"<script> [276 bytes]","args":["No pricing information was found"]}
COMMAND: POST /session/ca83e481e94148ebe1f8ed3b36dca130/element - {"using":"xpath","value":"//bdi[contains(text(), \"OK\")]"}
COMMAND: GET /session/ca83e481e94148ebe1f8ed3b36dca130/screenshot - {}
RESULT: {"using":"xpath","value":"//bdi[contains(text(), \"OK\")]"}
COMMAND: POST /session/ca83e481e94148ebe1f8ed3b36dca130/element/f.B26EBF0D97B69C61F615F10F8BDFA999.d.82C7729A958DC44ACDA5D08AEEC146CD.e.4427/click - {}
RESULT: {}
RESULT: {}
COMMAND: GET /session/ca83e481e94148ebe1f8ed3b36dca130/screenshot - {}
RESULT: {}
COMMAND: POST /session/ca83e481e94148ebe1f8ed3b36dca130/element - {"using":"xpath","value":"(//button[@data-kt=\"saveButton\"])[2]"}
RESULT: {"using":"xpath","value":"(//button[@data-kt=\"saveButton\"])[2]"}
COMMAND: POST /session/ca83e481e94148ebe1f8ed3b36dca130/element/f.B26EBF0D97B69C61F615F10F8BDFA999.d.82C7729A958DC44ACDA5D08AEEC146CD.e.4428/click - {}
RESULT: {}
COMMAND: GET /session/ca83e481e94148ebe1f8ed3b36dca130/screenshot - {}
RESULT: {}
COMMAND: POST /session/ca83e481e94148ebe1f8ed3b36dca130/execute/sync - {"script":"<script> [276 bytes]","args":["Some contract items are having rental validity exceeding header rental validity"]}
RESULT: {"script":"<script> [276 bytes]","args":["Some contract items are having rental validity exceeding header rental validity"]}
COMMAND: GET /session/ca83e481e94148ebe1f8ed3b36dca130/screenshot - {}
RESULT: {}
COMMAND: POST /session/ca83e481e94148ebe1f8ed3b36dca130/element - {"using":"xpath","value":"//span[contains(@id ,\"contractItemsSmartTable-header-inner\")]"}
RESULT: {"using":"xpath","value":"//span[contains(@id ,\"contractItemsSmartTable-header-inner\")]"}
COMMAND: POST /session/ca83e481e94148ebe1f8ed3b36dca130/elements - {"using":"xpath","value":"//span[contains(@id ,\"contractItemsSmartTable-header-inner\")]"}
RESULT: {"using":"xpath","value":"//span[contains(@id ,\"contractItemsSmartTable-header-inner\")]"}
COMMAND: POST /session/ca83e481e94148ebe1f8ed3b36dca130/execute/sync - {"script":"<script> [56 bytes]","args":[{"element-6066-11e4-a52e-4f735466cecf":"f.B26EBF0D97B69C61F615F10F8BDFA999.d.82C7729A958DC44ACDA5D08AEEC146CD.e.4433","ELEMENT":"f.B26EBF0D97B69C61F615F10F8BDFA999.d.82C7729A958DC44ACDA5D08AEEC146CD.e.4433"}]}
RESULT: {"script":"<script> [56 bytes]","args":[{"element-6066-11e4-a52e-4f735466cecf":"f.B26EBF0D97B69C61F615F10F8BDFA999.d.82C7729A958DC44ACDA5D08AEEC146CD.e.4433","ELEMENT":"f.B26EBF0D97B69C61F615F10F8BDFA999.d.82C7729A958DC44ACDA5D08AEEC146CD.e.4433"}]}
COMMAND: POST /session/ca83e481e94148ebe1f8ed3b36dca130/element - {"using":"css selector","value":"#shell-header-logo"}
COMMAND: GET /session/ca83e481e94148ebe1f8ed3b36dca130/screenshot - {}
RESULT: {"using":"css selector","value":"#shell-header-logo"}
COMMAND: POST /session/ca83e481e94148ebe1f8ed3b36dca130/element/f.B26EBF0D97B69C61F615F10F8BDFA999.d.82C7729A958DC44ACDA5D08AEEC146CD.e.3797/click - {}
RESULT: {}
RESULT: {}
COMMAND: GET /session/ca83e481e94148ebe1f8ed3b36dca130/screenshot - {}
RESULT: {}
]]></system-out>
    </testcase>
    <testcase classname="chrome.137_0_7151_69.windows.Create_masterdata_for_Yard_Overview_-_trigger_provide_US130988" name="Navigate to Yard overview and provide the RU" time="167.928">
      <system-out><![CDATA[
COMMAND: POST /session/ca83e481e94148ebe1f8ed3b36dca130/execute/async - {"script":"<script> [1562 bytes]","args":[{"selector":{"controlType":"sap.m.GenericTile","properties":{"header":"Yard Overview"}},"wdio_ui5_key":"sapm.GenericTile{\"header\":\"Yard Overview\"}"}]}
RESULT: {"script":"<script> [1562 bytes]","args":[{"selector":{"controlType":"sap.m.GenericTile","properties":{"header":"Yard Overview"}},"wdio_ui5_key":"sapm.GenericTile{\"header\":\"Yard Overview\"}"}]}
RESULT: undefined
COMMAND: POST /session/ca83e481e94148ebe1f8ed3b36dca130/element - {"using":"xpath","value":"//*[@id=\"__tile104\"]"}
RESULT: {"using":"xpath","value":"//*[@id=\"__tile104\"]"}
COMMAND: POST /session/ca83e481e94148ebe1f8ed3b36dca130/element/f.B26EBF0D97B69C61F615F10F8BDFA999.d.82C7729A958DC44ACDA5D08AEEC146CD.e.4435/click - {}
RESULT: {}
COMMAND: GET /session/ca83e481e94148ebe1f8ed3b36dca130/screenshot - {}
RESULT: {}
COMMAND: POST /session/ca83e481e94148ebe1f8ed3b36dca130/elements - {"using":"xpath","value":"//span[text()='Error']"}
RESULT: {"using":"xpath","value":"//span[text()='Error']"}
COMMAND: POST /session/ca83e481e94148ebe1f8ed3b36dca130/element - {"using":"xpath","value":"//input[contains(@id,\"smartFilterBar-btnBasicSearch-I\")]"}
RESULT: {"using":"xpath","value":"//input[contains(@id,\"smartFilterBar-btnBasicSearch-I\")]"}
COMMAND: POST /session/ca83e481e94148ebe1f8ed3b36dca130/elements - {"using":"xpath","value":"//input[contains(@id,\"smartFilterBar-btnBasicSearch-I\")]"}
RESULT: {"using":"xpath","value":"//input[contains(@id,\"smartFilterBar-btnBasicSearch-I\")]"}
COMMAND: POST /session/ca83e481e94148ebe1f8ed3b36dca130/execute/sync - {"script":"<script> [8489 bytes]","args":[{"element-6066-11e4-a52e-4f735466cecf":"f.B26EBF0D97B69C61F615F10F8BDFA999.d.82C7729A958DC44ACDA5D08AEEC146CD.e.4441","ELEMENT":"f.B26EBF0D97B69C61F615F10F8BDFA999.d.82C7729A958DC44ACDA5D08AEEC146CD.e.4441"}]}
RESULT: {"script":"<script> [8489 bytes]","args":[{"element-6066-11e4-a52e-4f735466cecf":"f.B26EBF0D97B69C61F615F10F8BDFA999.d.82C7729A958DC44ACDA5D08AEEC146CD.e.4441","ELEMENT":"f.B26EBF0D97B69C61F615F10F8BDFA999.d.82C7729A958DC44ACDA5D08AEEC146CD.e.4441"}]}
COMMAND: GET /session/ca83e481e94148ebe1f8ed3b36dca130/element/f.B26EBF0D97B69C61F615F10F8BDFA999.d.82C7729A958DC44ACDA5D08AEEC146CD.e.4441/enabled - {}
COMMAND: GET /session/ca83e481e94148ebe1f8ed3b36dca130/screenshot - {}
RESULT: {}
COMMAND: POST /session/ca83e481e94148ebe1f8ed3b36dca130/execute/sync - {"script":"<script> [8489 bytes]","args":[{"element-6066-11e4-a52e-4f735466cecf":"f.B26EBF0D97B69C61F615F10F8BDFA999.d.82C7729A958DC44ACDA5D08AEEC146CD.e.4441","ELEMENT":"f.B26EBF0D97B69C61F615F10F8BDFA999.d.82C7729A958DC44ACDA5D08AEEC146CD.e.4441"}]}
COMMAND: GET /session/ca83e481e94148ebe1f8ed3b36dca130/screenshot - {}
RESULT: {}
RESULT: {"script":"<script> [8489 bytes]","args":[{"element-6066-11e4-a52e-4f735466cecf":"f.B26EBF0D97B69C61F615F10F8BDFA999.d.82C7729A958DC44ACDA5D08AEEC146CD.e.4441","ELEMENT":"f.B26EBF0D97B69C61F615F10F8BDFA999.d.82C7729A958DC44ACDA5D08AEEC146CD.e.4441"}]}
COMMAND: POST /session/ca83e481e94148ebe1f8ed3b36dca130/execute/sync - {"script":"<script> [5351 bytes]","args":[{"element-6066-11e4-a52e-4f735466cecf":"f.B26EBF0D97B69C61F615F10F8BDFA999.d.82C7729A958DC44ACDA5D08AEEC146CD.e.4441","ELEMENT":"f.B26EBF0D97B69C61F615F10F8BDFA999.d.82C7729A958DC44ACDA5D08AEEC146CD.e.4441"}]}
COMMAND: GET /session/ca83e481e94148ebe1f8ed3b36dca130/screenshot - {}
RESULT: {}
RESULT: {"script":"<script> [5351 bytes]","args":[{"element-6066-11e4-a52e-4f735466cecf":"f.B26EBF0D97B69C61F615F10F8BDFA999.d.82C7729A958DC44ACDA5D08AEEC146CD.e.4441","ELEMENT":"f.B26EBF0D97B69C61F615F10F8BDFA999.d.82C7729A958DC44ACDA5D08AEEC146CD.e.4441"}]}
COMMAND: GET /session/ca83e481e94148ebe1f8ed3b36dca130/screenshot - {}
RESULT: {}
RESULT: {}
COMMAND: POST /session/ca83e481e94148ebe1f8ed3b36dca130/element/f.B26EBF0D97B69C61F615F10F8BDFA999.d.82C7729A958DC44ACDA5D08AEEC146CD.e.4441/clear - {}
RESULT: {}
COMMAND: POST /session/ca83e481e94148ebe1f8ed3b36dca130/element/f.B26EBF0D97B69C61F615F10F8BDFA999.d.82C7729A958DC44ACDA5D08AEEC146CD.e.4441/value - {"text":"260"}
COMMAND: GET /session/ca83e481e94148ebe1f8ed3b36dca130/screenshot - {}
RESULT: {"text":"260"}
COMMAND: GET /session/ca83e481e94148ebe1f8ed3b36dca130/screenshot - {}
RESULT: {}
RESULT: {}
COMMAND: POST /session/ca83e481e94148ebe1f8ed3b36dca130/actions - {"actions":[{"id":"action11","type":"key","parameters":{},"actions":[{"type":"keyDown","value":""},{"type":"pause","duration":10},{"type":"keyUp","value":""}]}]}
RESULT: {"actions":[{"id":"action11","type":"key","parameters":{},"actions":[{"type":"keyDown","value":""},{"type":"pause","duration":10},{"type":"keyUp","value":""}]}]}
COMMAND: GET /session/ca83e481e94148ebe1f8ed3b36dca130/screenshot - {}
RESULT: {}
COMMAND: POST /session/ca83e481e94148ebe1f8ed3b36dca130/element - {"using":"xpath","value":"//span[contains(@id, \"smartTable-header-inner\")]"}
RESULT: {"using":"xpath","value":"//span[contains(@id, \"smartTable-header-inner\")]"}
COMMAND: POST /session/ca83e481e94148ebe1f8ed3b36dca130/elements - {"using":"xpath","value":"//span[contains(@id, \"smartTable-header-inner\")]"}
RESULT: {"using":"xpath","value":"//span[contains(@id, \"smartTable-header-inner\")]"}
COMMAND: POST /session/ca83e481e94148ebe1f8ed3b36dca130/execute/sync - {"script":"<script> [56 bytes]","args":[{"element-6066-11e4-a52e-4f735466cecf":"f.B26EBF0D97B69C61F615F10F8BDFA999.d.82C7729A958DC44ACDA5D08AEEC146CD.e.4509","ELEMENT":"f.B26EBF0D97B69C61F615F10F8BDFA999.d.82C7729A958DC44ACDA5D08AEEC146CD.e.4509"}]}
RESULT: {"script":"<script> [56 bytes]","args":[{"element-6066-11e4-a52e-4f735466cecf":"f.B26EBF0D97B69C61F615F10F8BDFA999.d.82C7729A958DC44ACDA5D08AEEC146CD.e.4509","ELEMENT":"f.B26EBF0D97B69C61F615F10F8BDFA999.d.82C7729A958DC44ACDA5D08AEEC146CD.e.4509"}]}
COMMAND: POST /session/ca83e481e94148ebe1f8ed3b36dca130/element - {"using":"xpath","value":"(//span[contains(@id, \"imgNav\")])[1]"}
COMMAND: GET /session/ca83e481e94148ebe1f8ed3b36dca130/screenshot - {}
RESULT: {"using":"xpath","value":"(//span[contains(@id, \"imgNav\")])[1]"}
COMMAND: POST /session/ca83e481e94148ebe1f8ed3b36dca130/element/f.B26EBF0D97B69C61F615F10F8BDFA999.d.82C7729A958DC44ACDA5D08AEEC146CD.e.4508/click - {}
RESULT: {}
RESULT: {}
COMMAND: GET /session/ca83e481e94148ebe1f8ed3b36dca130/screenshot - {}
RESULT: {}
COMMAND: POST /session/ca83e481e94148ebe1f8ed3b36dca130/execute/async - {"script":"<script> [1562 bytes]","args":[{"selector":{"id":"application-yardoverview-display-component---detailYardInventory--openProvides-triggerAction-provideBtn","interaction":{"idSuffix":"BDI-content"}},"wdio_ui5_key":"applicationyardoverview-display-component---detailYardInventory--openProvides-triggerAction-provideBtn"}]}
RESULT: {"script":"<script> [1562 bytes]","args":[{"selector":{"id":"application-yardoverview-display-component---detailYardInventory--openProvides-triggerAction-provideBtn","interaction":{"idSuffix":"BDI-content"}},"wdio_ui5_key":"applicationyardoverview-display-component---detailYardInventory--openProvides-triggerAction-provideBtn"}]}
RESULT: undefined
COMMAND: POST /session/ca83e481e94148ebe1f8ed3b36dca130/element - {"using":"xpath","value":"//*[@id=\"application-yardoverview-display-component---detailYardInventory--openProvides-triggerAction-provideBtn\"]"}
RESULT: {"using":"xpath","value":"//*[@id=\"application-yardoverview-display-component---detailYardInventory--openProvides-triggerAction-provideBtn\"]"}
COMMAND: POST /session/ca83e481e94148ebe1f8ed3b36dca130/element/f.B26EBF0D97B69C61F615F10F8BDFA999.d.82C7729A958DC44ACDA5D08AEEC146CD.e.4545/click - {}
RESULT: {}
COMMAND: GET /session/ca83e481e94148ebe1f8ed3b36dca130/screenshot - {}
RESULT: {}
COMMAND: POST /session/ca83e481e94148ebe1f8ed3b36dca130/execute/async - {"script":"<script> [1562 bytes]","args":[{"selector":{"controlType":"sap.m.CheckBox","viewName":"etm.portal.ui.yardoverview.view.Detail","viewId":"application-yardoverview-display-component---detailYardInventory","properties":{"editable":true},"ancestor":{"controlType":"sap.m.ColumnListItem","viewName":"etm.portal.ui.yardoverview.view.Detail","viewId":"application-yardoverview-display-component---detailYardInventory","bindingPath":{"path":"/SmartOpenRUYardInventory(CONTRACT='10190',ITEM=10m,SUB_ITEM=0m)"},"ancestor":{"id":"application-yardoverview-display-component---detailYardInventory--customProvidesTable"}},"interaction":{"idSuffix":"CbBg"}},"wdio_ui5_key":"etmportal.ui.yardoverview.view.Detailsap.m.CheckBox{\"editable\":true}{\"controlType\":\"sap.m.ColumnListItem\",\"viewName\":\"etm.portal.ui.yardoverview.view.Detail\",\"viewId\":\"application-yardoverview-display-component---detailYardInventory\",\"bindingPath\":{\"path\":\"/SmartOpenRUYardInventory(CONTRACT='10190',ITEM=10m,SUB_ITEM=0m)\"},\"ancestor\":{\"id\":\"application-yardoverview-display-component---detailYardInventory--customProvidesTable\"}}"}]}
RESULT: {"script":"<script> [1562 bytes]","args":[{"selector":{"controlType":"sap.m.CheckBox","viewName":"etm.portal.ui.yardoverview.view.Detail","viewId":"application-yardoverview-display-component---detailYardInventory","properties":{"editable":true},"ancestor":{"controlType":"sap.m.ColumnListItem","viewName":"etm.portal.ui.yardoverview.view.Detail","viewId":"application-yardoverview-display-component---detailYardInventory","bindingPath":{"path":"/SmartOpenRUYardInventory(CONTRACT='10190',ITEM=10m,SUB_ITEM=0m)"},"ancestor":{"id":"application-yardoverview-display-component---detailYardInventory--customProvidesTable"}},"interaction":{"idSuffix":"CbBg"}},"wdio_ui5_key":"etmportal.ui.yardoverview.view.Detailsap.m.CheckBox{\"editable\":true}{\"controlType\":\"sap.m.ColumnListItem\",\"viewName\":\"etm.portal.ui.yardoverview.view.Detail\",\"viewId\":\"application-yardoverview-display-component---detailYardInventory\",\"bindingPath\":{\"path\":\"/SmartOpenRUYardInventory(CONTRACT='10190',ITEM=10m,SUB_ITEM=0m)\"},\"ancestor\":{\"id\":\"application-yardoverview-display-component---detailYardInventory--customProvidesTable\"}}"}]}
RESULT: undefined
COMMAND: POST /session/ca83e481e94148ebe1f8ed3b36dca130/element - {"using":"xpath","value":"//*[@id=\"__item2478-__clone7671-selectMulti\"]"}
RESULT: {"using":"xpath","value":"//*[@id=\"__item2478-__clone7671-selectMulti\"]"}
COMMAND: POST /session/ca83e481e94148ebe1f8ed3b36dca130/element/f.B26EBF0D97B69C61F615F10F8BDFA999.d.82C7729A958DC44ACDA5D08AEEC146CD.e.4625/click - {}
RESULT: {}
COMMAND: GET /session/ca83e481e94148ebe1f8ed3b36dca130/screenshot - {}
RESULT: {}
RESULT: undefined
COMMAND: POST /session/ca83e481e94148ebe1f8ed3b36dca130/element - {"using":"xpath","value":"//*[@id=\"application-yardoverview-display-component---detailYardInventory--openProvides-triggerAction-provideBtn\"]"}
RESULT: {"using":"xpath","value":"//*[@id=\"application-yardoverview-display-component---detailYardInventory--openProvides-triggerAction-provideBtn\"]"}
COMMAND: POST /session/ca83e481e94148ebe1f8ed3b36dca130/element/f.B26EBF0D97B69C61F615F10F8BDFA999.d.82C7729A958DC44ACDA5D08AEEC146CD.e.4545/click - {}
RESULT: {}
COMMAND: GET /session/ca83e481e94148ebe1f8ed3b36dca130/screenshot - {}
RESULT: {}
COMMAND: POST /session/ca83e481e94148ebe1f8ed3b36dca130/actions - {"actions":[{"id":"action12","type":"key","parameters":{},"actions":[{"type":"keyDown","value":""},{"type":"pause","duration":10},{"type":"keyUp","value":""}]}]}
RESULT: {"actions":[{"id":"action12","type":"key","parameters":{},"actions":[{"type":"keyDown","value":""},{"type":"pause","duration":10},{"type":"keyUp","value":""}]}]}
COMMAND: GET /session/ca83e481e94148ebe1f8ed3b36dca130/screenshot - {}
RESULT: {}
COMMAND: POST /session/ca83e481e94148ebe1f8ed3b36dca130/execute/async - {"script":"<script> [1562 bytes]","args":[{"selector":{"id":"application-yardoverview-display-component---detailYardInventory--smartTableProvides-btnPersonalisation-img"},"wdio_ui5_key":"applicationyardoverview-display-component---detailYardInventory--smartTableProvides-btnPersonalisation-img"}]}
RESULT: {"script":"<script> [1562 bytes]","args":[{"selector":{"id":"application-yardoverview-display-component---detailYardInventory--smartTableProvides-btnPersonalisation-img"},"wdio_ui5_key":"applicationyardoverview-display-component---detailYardInventory--smartTableProvides-btnPersonalisation-img"}]}
RESULT: undefined
COMMAND: POST /session/ca83e481e94148ebe1f8ed3b36dca130/element - {"using":"xpath","value":"//*[@id=\"application-yardoverview-display-component---detailYardInventory--smartTableProvides-btnPersonalisation-img\"]"}
RESULT: {"using":"xpath","value":"//*[@id=\"application-yardoverview-display-component---detailYardInventory--smartTableProvides-btnPersonalisation-img\"]"}
COMMAND: POST /session/ca83e481e94148ebe1f8ed3b36dca130/element/f.B26EBF0D97B69C61F615F10F8BDFA999.d.82C7729A958DC44ACDA5D08AEEC146CD.e.4557/click - {}
RESULT: {}
COMMAND: POST /session/ca83e481e94148ebe1f8ed3b36dca130/element - {"using":"xpath","value":"//input[contains(@id ,\"searchField-I\")]"}
COMMAND: GET /session/ca83e481e94148ebe1f8ed3b36dca130/screenshot - {}
RESULT: {"using":"xpath","value":"//input[contains(@id ,\"searchField-I\")]"}
COMMAND: POST /session/ca83e481e94148ebe1f8ed3b36dca130/element/f.B26EBF0D97B69C61F615F10F8BDFA999.d.82C7729A958DC44ACDA5D08AEEC146CD.e.4643/clear - {}
RESULT: {}
RESULT: {}
COMMAND: POST /session/ca83e481e94148ebe1f8ed3b36dca130/element/f.B26EBF0D97B69C61F615F10F8BDFA999.d.82C7729A958DC44ACDA5D08AEEC146CD.e.4643/value - {"text":"Handover Provided"}
COMMAND: GET /session/ca83e481e94148ebe1f8ed3b36dca130/screenshot - {}
RESULT: {"text":"Handover Provided"}
COMMAND: GET /session/ca83e481e94148ebe1f8ed3b36dca130/screenshot - {}
RESULT: {}
RESULT: {}
COMMAND: POST /session/ca83e481e94148ebe1f8ed3b36dca130/element - {"using":"xpath","value":"//div[contains(@id ,\"innerSelectionPanelTable-sa-CbBg\")]"}
RESULT: {"using":"xpath","value":"//div[contains(@id ,\"innerSelectionPanelTable-sa-CbBg\")]"}
COMMAND: POST /session/ca83e481e94148ebe1f8ed3b36dca130/element/f.B26EBF0D97B69C61F615F10F8BDFA999.d.82C7729A958DC44ACDA5D08AEEC146CD.e.4672/click - {}
RESULT: {}
COMMAND: GET /session/ca83e481e94148ebe1f8ed3b36dca130/screenshot - {}
RESULT: {}
COMMAND: POST /session/ca83e481e94148ebe1f8ed3b36dca130/element - {"using":"xpath","value":"//bdi[contains(@id ,\"confirmBtn-BDI-content\")]"}
RESULT: {"using":"xpath","value":"//bdi[contains(@id ,\"confirmBtn-BDI-content\")]"}
COMMAND: POST /session/ca83e481e94148ebe1f8ed3b36dca130/element/f.B26EBF0D97B69C61F615F10F8BDFA999.d.82C7729A958DC44ACDA5D08AEEC146CD.e.4673/click - {}
RESULT: {}
COMMAND: GET /session/ca83e481e94148ebe1f8ed3b36dca130/screenshot - {}
RESULT: {}
COMMAND: POST /session/ca83e481e94148ebe1f8ed3b36dca130/element - {"using":"xpath","value":"//a[contains(@data-kt ,\"OpenProvidesHandOverItemLink\")]"}
RESULT: {"using":"xpath","value":"//a[contains(@data-kt ,\"OpenProvidesHandOverItemLink\")]"}
COMMAND: POST /session/ca83e481e94148ebe1f8ed3b36dca130/element/f.B26EBF0D97B69C61F615F10F8BDFA999.d.82C7729A958DC44ACDA5D08AEEC146CD.e.4679/click - {}
RESULT: {}
COMMAND: GET /session/ca83e481e94148ebe1f8ed3b36dca130/screenshot - {}
RESULT: {}
COMMAND: POST /session/ca83e481e94148ebe1f8ed3b36dca130/actions - {"actions":[{"id":"action13","type":"key","parameters":{},"actions":[{"type":"keyDown","value":""},{"type":"pause","duration":10},{"type":"keyUp","value":""}]}]}
RESULT: {"actions":[{"id":"action13","type":"key","parameters":{},"actions":[{"type":"keyDown","value":""},{"type":"pause","duration":10},{"type":"keyUp","value":""}]}]}
COMMAND: GET /session/ca83e481e94148ebe1f8ed3b36dca130/screenshot - {}
RESULT: {}
COMMAND: POST /session/ca83e481e94148ebe1f8ed3b36dca130/execute/async - {"script":"<script> [1562 bytes]","args":[{"selector":{"id":"issueDatePicker","viewName":"etm.portal.ui.managehandovers.view.DetailExecuteHO","interaction":{"idSuffix":"inner"}},"wdio_ui5_key":"issueDatePickeretmportal.ui.managehandovers.view.DetailExecuteHO"}]}
RESULT: {"script":"<script> [1562 bytes]","args":[{"selector":{"id":"issueDatePicker","viewName":"etm.portal.ui.managehandovers.view.DetailExecuteHO","interaction":{"idSuffix":"inner"}},"wdio_ui5_key":"issueDatePickeretmportal.ui.managehandovers.view.DetailExecuteHO"}]}
RESULT: undefined
COMMAND: POST /session/ca83e481e94148ebe1f8ed3b36dca130/execute/async - {"script":"<script> [776 bytes]","args":[{"enterText":"6/14/25","selector":{"id":"issueDatePicker","viewName":"etm.portal.ui.managehandovers.view.DetailExecuteHO","interaction":{"idSuffix":"inner"}},"clearTextFirst":true,"interactionType":"ENTER_TEXT"}]}
RESULT: {"script":"<script> [776 bytes]","args":[{"enterText":"6/14/25","selector":{"id":"issueDatePicker","viewName":"etm.portal.ui.managehandovers.view.DetailExecuteHO","interaction":{"idSuffix":"inner"}},"clearTextFirst":true,"interactionType":"ENTER_TEXT"}]}
COMMAND: POST /session/ca83e481e94148ebe1f8ed3b36dca130/element - {"using":"xpath","value":"//button[@data-kt=\"PickingTableConfirmAllButton\"]"}
RESULT: {"using":"xpath","value":"//button[@data-kt=\"PickingTableConfirmAllButton\"]"}
COMMAND: POST /session/ca83e481e94148ebe1f8ed3b36dca130/element/f.B26EBF0D97B69C61F615F10F8BDFA999.d.82C7729A958DC44ACDA5D08AEEC146CD.e.4986/click - {}
RESULT: {}
COMMAND: GET /session/ca83e481e94148ebe1f8ed3b36dca130/screenshot - {}
RESULT: {}
COMMAND: POST /session/ca83e481e94148ebe1f8ed3b36dca130/element - {"using":"xpath","value":"//bdi[contains(text(), \"OK\")]"}
RESULT: {"using":"xpath","value":"//bdi[contains(text(), \"OK\")]"}
COMMAND: POST /session/ca83e481e94148ebe1f8ed3b36dca130/element/f.B26EBF0D97B69C61F615F10F8BDFA999.d.82C7729A958DC44ACDA5D08AEEC146CD.e.4989/click - {}
RESULT: {}
COMMAND: GET /session/ca83e481e94148ebe1f8ed3b36dca130/screenshot - {}
RESULT: {}
COMMAND: POST /session/ca83e481e94148ebe1f8ed3b36dca130/element - {"using":"xpath","value":"//bdi[contains(text(), \"Issue\")]"}
RESULT: {"using":"xpath","value":"//bdi[contains(text(), \"Issue\")]"}
COMMAND: POST /session/ca83e481e94148ebe1f8ed3b36dca130/element/f.B26EBF0D97B69C61F615F10F8BDFA999.d.82C7729A958DC44ACDA5D08AEEC146CD.e.4991/click - {}
RESULT: {}
COMMAND: GET /session/ca83e481e94148ebe1f8ed3b36dca130/screenshot - {}
RESULT: {}
COMMAND: POST /session/ca83e481e94148ebe1f8ed3b36dca130/element - {"using":"css selector","value":"#shell-header-logo"}
RESULT: {"using":"css selector","value":"#shell-header-logo"}
COMMAND: POST /session/ca83e481e94148ebe1f8ed3b36dca130/element/f.B26EBF0D97B69C61F615F10F8BDFA999.d.82C7729A958DC44ACDA5D08AEEC146CD.e.4437/click - {}
RESULT: {}
COMMAND: GET /session/ca83e481e94148ebe1f8ed3b36dca130/screenshot - {}
RESULT: {}
RESULT: undefined
COMMAND: POST /session/ca83e481e94148ebe1f8ed3b36dca130/element - {"using":"xpath","value":"//*[@id=\"__tile134\"]"}
RESULT: {"using":"xpath","value":"//*[@id=\"__tile134\"]"}
COMMAND: POST /session/ca83e481e94148ebe1f8ed3b36dca130/element/f.B26EBF0D97B69C61F615F10F8BDFA999.d.82C7729A958DC44ACDA5D08AEEC146CD.e.157/click - {}
RESULT: {}
COMMAND: GET /session/ca83e481e94148ebe1f8ed3b36dca130/screenshot - {}
RESULT: {}
COMMAND: POST /session/ca83e481e94148ebe1f8ed3b36dca130/elements - {"using":"xpath","value":"//span[text()='Error']"}
RESULT: {"using":"xpath","value":"//span[text()='Error']"}
COMMAND: POST /session/ca83e481e94148ebe1f8ed3b36dca130/element - {"using":"xpath","value":"//button[@data-kt=\"addButton\"]"}
RESULT: {"using":"xpath","value":"//button[@data-kt=\"addButton\"]"}
COMMAND: POST /session/ca83e481e94148ebe1f8ed3b36dca130/elements - {"using":"xpath","value":"//button[@data-kt=\"addButton\"]"}
RESULT: {"using":"xpath","value":"//button[@data-kt=\"addButton\"]"}
COMMAND: POST /session/ca83e481e94148ebe1f8ed3b36dca130/execute/sync - {"script":"<script> [8489 bytes]","args":[{"element-6066-11e4-a52e-4f735466cecf":"f.B26EBF0D97B69C61F615F10F8BDFA999.d.82C7729A958DC44ACDA5D08AEEC146CD.e.5103","ELEMENT":"f.B26EBF0D97B69C61F615F10F8BDFA999.d.82C7729A958DC44ACDA5D08AEEC146CD.e.5103"}]}
RESULT: {"script":"<script> [8489 bytes]","args":[{"element-6066-11e4-a52e-4f735466cecf":"f.B26EBF0D97B69C61F615F10F8BDFA999.d.82C7729A958DC44ACDA5D08AEEC146CD.e.5103","ELEMENT":"f.B26EBF0D97B69C61F615F10F8BDFA999.d.82C7729A958DC44ACDA5D08AEEC146CD.e.5103"}]}
COMMAND: GET /session/ca83e481e94148ebe1f8ed3b36dca130/element/f.B26EBF0D97B69C61F615F10F8BDFA999.d.82C7729A958DC44ACDA5D08AEEC146CD.e.5103/enabled - {}
COMMAND: GET /session/ca83e481e94148ebe1f8ed3b36dca130/screenshot - {}
RESULT: {}
COMMAND: POST /session/ca83e481e94148ebe1f8ed3b36dca130/execute/sync - {"script":"<script> [8489 bytes]","args":[{"element-6066-11e4-a52e-4f735466cecf":"f.B26EBF0D97B69C61F615F10F8BDFA999.d.82C7729A958DC44ACDA5D08AEEC146CD.e.5103","ELEMENT":"f.B26EBF0D97B69C61F615F10F8BDFA999.d.82C7729A958DC44ACDA5D08AEEC146CD.e.5103"}]}
COMMAND: GET /session/ca83e481e94148ebe1f8ed3b36dca130/screenshot - {}
RESULT: {}
RESULT: {"script":"<script> [8489 bytes]","args":[{"element-6066-11e4-a52e-4f735466cecf":"f.B26EBF0D97B69C61F615F10F8BDFA999.d.82C7729A958DC44ACDA5D08AEEC146CD.e.5103","ELEMENT":"f.B26EBF0D97B69C61F615F10F8BDFA999.d.82C7729A958DC44ACDA5D08AEEC146CD.e.5103"}]}
COMMAND: POST /session/ca83e481e94148ebe1f8ed3b36dca130/execute/sync - {"script":"<script> [5351 bytes]","args":[{"element-6066-11e4-a52e-4f735466cecf":"f.B26EBF0D97B69C61F615F10F8BDFA999.d.82C7729A958DC44ACDA5D08AEEC146CD.e.5103","ELEMENT":"f.B26EBF0D97B69C61F615F10F8BDFA999.d.82C7729A958DC44ACDA5D08AEEC146CD.e.5103"}]}
COMMAND: GET /session/ca83e481e94148ebe1f8ed3b36dca130/screenshot - {}
RESULT: {}
RESULT: {"script":"<script> [5351 bytes]","args":[{"element-6066-11e4-a52e-4f735466cecf":"f.B26EBF0D97B69C61F615F10F8BDFA999.d.82C7729A958DC44ACDA5D08AEEC146CD.e.5103","ELEMENT":"f.B26EBF0D97B69C61F615F10F8BDFA999.d.82C7729A958DC44ACDA5D08AEEC146CD.e.5103"}]}
COMMAND: GET /session/ca83e481e94148ebe1f8ed3b36dca130/screenshot - {}
RESULT: {}
RESULT: {}
COMMAND: POST /session/ca83e481e94148ebe1f8ed3b36dca130/execute/async - {"script":"<script> [1562 bytes]","args":[{"selector":{"controlType":"sap.m.SearchField","viewName":"etm.portal.ui.managecontracts.view.Master","bindingPath":{"path":"","propertyPath":"/_BASIC_SEARCH_FIELD","modelName":"fi1t3rM0d31"},"interaction":{"idSuffix":"I"}},"wdio_ui5_key":"etmportal.ui.managecontracts.view.Mastersap.m.SearchField{\"path\":\"\",\"propertyPath\":\"/_BASIC_SEARCH_FIELD\",\"modelName\":\"fi1t3rM0d31\"}"}]}
RESULT: {"script":"<script> [1562 bytes]","args":[{"selector":{"controlType":"sap.m.SearchField","viewName":"etm.portal.ui.managecontracts.view.Master","bindingPath":{"path":"","propertyPath":"/_BASIC_SEARCH_FIELD","modelName":"fi1t3rM0d31"},"interaction":{"idSuffix":"I"}},"wdio_ui5_key":"etmportal.ui.managecontracts.view.Mastersap.m.SearchField{\"path\":\"\",\"propertyPath\":\"/_BASIC_SEARCH_FIELD\",\"modelName\":\"fi1t3rM0d31\"}"}]}
RESULT: undefined
COMMAND: POST /session/ca83e481e94148ebe1f8ed3b36dca130/execute/async - {"script":"<script> [776 bytes]","args":[{"enterText":"10190","selector":{"controlType":"sap.m.SearchField","viewName":"etm.portal.ui.managecontracts.view.Master","bindingPath":{"path":"","propertyPath":"/_BASIC_SEARCH_FIELD","modelName":"fi1t3rM0d31"},"interaction":{"idSuffix":"I"}},"clearTextFirst":true,"interactionType":"ENTER_TEXT"}]}
RESULT: {"script":"<script> [776 bytes]","args":[{"enterText":"10190","selector":{"controlType":"sap.m.SearchField","viewName":"etm.portal.ui.managecontracts.view.Master","bindingPath":{"path":"","propertyPath":"/_BASIC_SEARCH_FIELD","modelName":"fi1t3rM0d31"},"interaction":{"idSuffix":"I"}},"clearTextFirst":true,"interactionType":"ENTER_TEXT"}]}
COMMAND: POST /session/ca83e481e94148ebe1f8ed3b36dca130/actions - {"actions":[{"id":"action14","type":"key","parameters":{},"actions":[{"type":"keyDown","value":""},{"type":"pause","duration":10},{"type":"keyUp","value":""}]}]}
RESULT: {"actions":[{"id":"action14","type":"key","parameters":{},"actions":[{"type":"keyDown","value":""},{"type":"pause","duration":10},{"type":"keyUp","value":""}]}]}
COMMAND: GET /session/ca83e481e94148ebe1f8ed3b36dca130/screenshot - {}
RESULT: {}
COMMAND: POST /session/ca83e481e94148ebe1f8ed3b36dca130/element - {"using":"xpath","value":"//span[contains(@id, \"masterListContractsSmartTable-header-inner\")]"}
RESULT: {"using":"xpath","value":"//span[contains(@id, \"masterListContractsSmartTable-header-inner\")]"}
COMMAND: POST /session/ca83e481e94148ebe1f8ed3b36dca130/elements - {"using":"xpath","value":"//span[contains(@id, \"masterListContractsSmartTable-header-inner\")]"}
RESULT: {"using":"xpath","value":"//span[contains(@id, \"masterListContractsSmartTable-header-inner\")]"}
COMMAND: POST /session/ca83e481e94148ebe1f8ed3b36dca130/execute/sync - {"script":"<script> [56 bytes]","args":[{"element-6066-11e4-a52e-4f735466cecf":"f.B26EBF0D97B69C61F615F10F8BDFA999.d.82C7729A958DC44ACDA5D08AEEC146CD.e.5170","ELEMENT":"f.B26EBF0D97B69C61F615F10F8BDFA999.d.82C7729A958DC44ACDA5D08AEEC146CD.e.5170"}]}
RESULT: {"script":"<script> [56 bytes]","args":[{"element-6066-11e4-a52e-4f735466cecf":"f.B26EBF0D97B69C61F615F10F8BDFA999.d.82C7729A958DC44ACDA5D08AEEC146CD.e.5170","ELEMENT":"f.B26EBF0D97B69C61F615F10F8BDFA999.d.82C7729A958DC44ACDA5D08AEEC146CD.e.5170"}]}
COMMAND: POST /session/ca83e481e94148ebe1f8ed3b36dca130/element - {"using":"xpath","value":"(//span[contains(@id, \"imgNav\")])[1]"}
COMMAND: GET /session/ca83e481e94148ebe1f8ed3b36dca130/screenshot - {}
RESULT: {"using":"xpath","value":"(//span[contains(@id, \"imgNav\")])[1]"}
COMMAND: POST /session/ca83e481e94148ebe1f8ed3b36dca130/element/f.B26EBF0D97B69C61F615F10F8BDFA999.d.82C7729A958DC44ACDA5D08AEEC146CD.e.5167/click - {}
RESULT: {}
RESULT: {}
COMMAND: GET /session/ca83e481e94148ebe1f8ed3b36dca130/screenshot - {}
RESULT: {}
COMMAND: POST /session/ca83e481e94148ebe1f8ed3b36dca130/element - {"using":"xpath","value":"//table[contains(@id, \"ProductsTable-listUl\")]/tbody/tr[1]/td[6]/div/span"}
RESULT: {"using":"xpath","value":"//table[contains(@id, \"ProductsTable-listUl\")]/tbody/tr[1]/td[6]/div/span"}
COMMAND: POST /session/ca83e481e94148ebe1f8ed3b36dca130/elements - {"using":"xpath","value":"//table[contains(@id, \"ProductsTable-listUl\")]/tbody/tr[1]/td[6]/div/span"}
RESULT: {"using":"xpath","value":"//table[contains(@id, \"ProductsTable-listUl\")]/tbody/tr[1]/td[6]/div/span"}
COMMAND: POST /session/ca83e481e94148ebe1f8ed3b36dca130/execute/sync - {"script":"<script> [56 bytes]","args":[{"element-6066-11e4-a52e-4f735466cecf":"f.B26EBF0D97B69C61F615F10F8BDFA999.d.82C7729A958DC44ACDA5D08AEEC146CD.e.5328","ELEMENT":"f.B26EBF0D97B69C61F615F10F8BDFA999.d.82C7729A958DC44ACDA5D08AEEC146CD.e.5328"}]}
RESULT: {"script":"<script> [56 bytes]","args":[{"element-6066-11e4-a52e-4f735466cecf":"f.B26EBF0D97B69C61F615F10F8BDFA999.d.82C7729A958DC44ACDA5D08AEEC146CD.e.5328","ELEMENT":"f.B26EBF0D97B69C61F615F10F8BDFA999.d.82C7729A958DC44ACDA5D08AEEC146CD.e.5328"}]}
COMMAND: POST /session/ca83e481e94148ebe1f8ed3b36dca130/element - {"using":"css selector","value":"#shell-header-logo"}
COMMAND: GET /session/ca83e481e94148ebe1f8ed3b36dca130/screenshot - {}
RESULT: {"using":"css selector","value":"#shell-header-logo"}
COMMAND: POST /session/ca83e481e94148ebe1f8ed3b36dca130/element/f.B26EBF0D97B69C61F615F10F8BDFA999.d.82C7729A958DC44ACDA5D08AEEC146CD.e.5057/click - {}
RESULT: {}
RESULT: {}
COMMAND: GET /session/ca83e481e94148ebe1f8ed3b36dca130/screenshot - {}
RESULT: {}
COMMAND: POST /session/ca83e481e94148ebe1f8ed3b36dca130/element - {"using":"css selector","value":"#j_username"}
COMMAND: POST /session/ca83e481e94148ebe1f8ed3b36dca130/url - {"url":"https://qa-testing-00-live-etm-ui.cfapps.eu10-004.hana.ondemand.com/"}
RESULT: {"using":"css selector","value":"#j_username"}
COMMAND: POST /session/ca83e481e94148ebe1f8ed3b36dca130/element - {"using":"css selector","value":"#j_username"}
RESULT: {"url":"https://qa-testing-00-live-etm-ui.cfapps.eu10-004.hana.ondemand.com/"}
RESULT: undefined
COMMAND: GET /session/ca83e481e94148ebe1f8ed3b36dca130/screenshot - {}
RESULT: {"using":"css selector","value":"#j_username"}
COMMAND: POST /session/ca83e481e94148ebe1f8ed3b36dca130/element - {"using":"css selector","value":"#shell-header-logo"}
RESULT: {}
RESULT: {"using":"css selector","value":"#shell-header-logo"}
COMMAND: POST /session/ca83e481e94148ebe1f8ed3b36dca130/execute/sync - {"script":"<script> [8489 bytes]","args":[{"element-6066-11e4-a52e-4f735466cecf":"f.B26EBF0D97B69C61F615F10F8BDFA999.d.1DB1315ABF04B41E3E5065C32AA92D3C.e.5342","ELEMENT":"f.B26EBF0D97B69C61F615F10F8BDFA999.d.1DB1315ABF04B41E3E5065C32AA92D3C.e.5342"}]}
RESULT: {"script":"<script> [8489 bytes]","args":[{"element-6066-11e4-a52e-4f735466cecf":"f.B26EBF0D97B69C61F615F10F8BDFA999.d.1DB1315ABF04B41E3E5065C32AA92D3C.e.5342","ELEMENT":"f.B26EBF0D97B69C61F615F10F8BDFA999.d.1DB1315ABF04B41E3E5065C32AA92D3C.e.5342"}]}
COMMAND: POST /session/ca83e481e94148ebe1f8ed3b36dca130/element - {"using":"css selector","value":"#shell-header-logo"}
COMMAND: GET /session/ca83e481e94148ebe1f8ed3b36dca130/screenshot - {}
RESULT: {"using":"css selector","value":"#shell-header-logo"}
COMMAND: POST /session/ca83e481e94148ebe1f8ed3b36dca130/execute/sync - {"script":"<script> [8489 bytes]","args":[{"element-6066-11e4-a52e-4f735466cecf":"f.B26EBF0D97B69C61F615F10F8BDFA999.d.1DB1315ABF04B41E3E5065C32AA92D3C.e.5342","ELEMENT":"f.B26EBF0D97B69C61F615F10F8BDFA999.d.1DB1315ABF04B41E3E5065C32AA92D3C.e.5342"}]}
RESULT: {}
RESULT: {"script":"<script> [8489 bytes]","args":[{"element-6066-11e4-a52e-4f735466cecf":"f.B26EBF0D97B69C61F615F10F8BDFA999.d.1DB1315ABF04B41E3E5065C32AA92D3C.e.5342","ELEMENT":"f.B26EBF0D97B69C61F615F10F8BDFA999.d.1DB1315ABF04B41E3E5065C32AA92D3C.e.5342"}]}
COMMAND: POST /session/ca83e481e94148ebe1f8ed3b36dca130/execute/sync - {"script":"<script> [5351 bytes]","args":[{"element-6066-11e4-a52e-4f735466cecf":"f.B26EBF0D97B69C61F615F10F8BDFA999.d.1DB1315ABF04B41E3E5065C32AA92D3C.e.5342","ELEMENT":"f.B26EBF0D97B69C61F615F10F8BDFA999.d.1DB1315ABF04B41E3E5065C32AA92D3C.e.5342"}]}
COMMAND: GET /session/ca83e481e94148ebe1f8ed3b36dca130/screenshot - {}
RESULT: {"script":"<script> [5351 bytes]","args":[{"element-6066-11e4-a52e-4f735466cecf":"f.B26EBF0D97B69C61F615F10F8BDFA999.d.1DB1315ABF04B41E3E5065C32AA92D3C.e.5342","ELEMENT":"f.B26EBF0D97B69C61F615F10F8BDFA999.d.1DB1315ABF04B41E3E5065C32AA92D3C.e.5342"}]}
COMMAND: POST /session/ca83e481e94148ebe1f8ed3b36dca130/element - {"using":"css selector","value":"#shell-header-logo"}
COMMAND: GET /session/ca83e481e94148ebe1f8ed3b36dca130/screenshot - {}
RESULT: {}
RESULT: {"using":"css selector","value":"#shell-header-logo"}
COMMAND: POST /session/ca83e481e94148ebe1f8ed3b36dca130/element/f.B26EBF0D97B69C61F615F10F8BDFA999.d.1DB1315ABF04B41E3E5065C32AA92D3C.e.5342/click - {}
RESULT: {}
RESULT: {}
COMMAND: GET /session/ca83e481e94148ebe1f8ed3b36dca130/screenshot - {}
RESULT: {}
COMMAND: POST /session/ca83e481e94148ebe1f8ed3b36dca130/execute/async - {"script":"<script> [189 bytes]","args":[]}
RESULT: {"script":"<script> [189 bytes]","args":[]}
COMMAND: POST /session/ca83e481e94148ebe1f8ed3b36dca130/execute/async - {"script":"<script> [123 bytes]","args":[]}
RESULT: {"script":"<script> [123 bytes]","args":[]}
COMMAND: POST /session/ca83e481e94148ebe1f8ed3b36dca130/timeouts - {"script":"<number>"}
RESULT: {"script":"<number>"}
COMMAND: GET /session/ca83e481e94148ebe1f8ed3b36dca130/timeouts - {}
RESULT: {}
RESULT: undefined
COMMAND: POST /session/ca83e481e94148ebe1f8ed3b36dca130/execute/async - {"script":"<script> [2676 bytes]","args":[]}
RESULT: {"script":"<script> [2676 bytes]","args":[]}
COMMAND: POST /session/ca83e481e94148ebe1f8ed3b36dca130/execute/async - {"script":"<script> [2342 bytes]","args":[{"protocol":"http","hostname":"0.0.0.0","path":"/","capabilities":{"browserName":"chrome","goog:chromeOptions":{"binary":"C:\\Program Files\\Google\\Chrome\\Application\\chrome.exe","args":["--start-maximized"]}},"logLevel":"warn","connectionRetryTimeout":120000,"connectionRetryCount":3,"logLevels":{},"enableDirectConnect":true,"strictSSL":true,"_":"65 more keys: [\"cacheDir\",\"port\",\"requestedCapabilities\",\"automationProtocol\",\"baseUrl\",\"waitforInterval\",\"waitforTimeout\",\"onReload\",\"beforeCommand\",\"afterCommand\",\"rootDir\",\"specs\",\"suites\",\"exclude\",\"groupLogsByTestSpec\",\"excludeDriverLogs\",\"bail\",\"framework\",\"reporters\",\"services\",\"maxInstances\",\"maxInstancesPerCapability\",\"injectGlobals\",\"filesToWatch\",\"execArgv\",\"runnerEnv\",\"runner\",\"shard\",\"specFileRetries\",\"specFileRetriesDelay\",\"specFileRetriesDeferred\",\"reporterSyncInterval\",\"reporterSyncTimeout\",\"cucumberFeaturesWithLineNumbers\",\"autoCompileOpts\",\"mochaOpts\",\"jasmineOpts\",\"cucumberOpts\",\"onPrepare\",\"onWorkerStart\",\"onWorkerEnd\",\"before\",\"beforeSession\",\"beforeSuite\",\"beforeHook\",\"beforeTest\",\"afterTest\",\"afterHook\",\"afterSuite\",\"afterSession\",\"after\",\"onComplete\",\"beforeAssertion\",\"afterAssertion\",\"beforeFeature\",\"beforeScenario\",\"beforeStep\",\"afterStep\",\"afterScenario\",\"afterFeature\",\"_\",\"suite\",\"$0\",\"ignoredWorkerServices\",\"wdi5\"]"}]}
RESULT: {"script":"<script> [2342 bytes]","args":[{"protocol":"http","hostname":"0.0.0.0","path":"/","capabilities":{"browserName":"chrome","goog:chromeOptions":{"binary":"C:\\Program Files\\Google\\Chrome\\Application\\chrome.exe","args":["--start-maximized"]}},"logLevel":"warn","connectionRetryTimeout":120000,"connectionRetryCount":3,"logLevels":{},"enableDirectConnect":true,"strictSSL":true,"_":"65 more keys: [\"cacheDir\",\"port\",\"requestedCapabilities\",\"automationProtocol\",\"baseUrl\",\"waitforInterval\",\"waitforTimeout\",\"onReload\",\"beforeCommand\",\"afterCommand\",\"rootDir\",\"specs\",\"suites\",\"exclude\",\"groupLogsByTestSpec\",\"excludeDriverLogs\",\"bail\",\"framework\",\"reporters\",\"services\",\"maxInstances\",\"maxInstancesPerCapability\",\"injectGlobals\",\"filesToWatch\",\"execArgv\",\"runnerEnv\",\"runner\",\"shard\",\"specFileRetries\",\"specFileRetriesDelay\",\"specFileRetriesDeferred\",\"reporterSyncInterval\",\"reporterSyncTimeout\",\"cucumberFeaturesWithLineNumbers\",\"autoCompileOpts\",\"mochaOpts\",\"jasmineOpts\",\"cucumberOpts\",\"onPrepare\",\"onWorkerStart\",\"onWorkerEnd\",\"before\",\"beforeSession\",\"beforeSuite\",\"beforeHook\",\"beforeTest\",\"afterTest\",\"afterHook\",\"afterSuite\",\"afterSession\",\"after\",\"onComplete\",\"beforeAssertion\",\"afterAssertion\",\"beforeFeature\",\"beforeScenario\",\"beforeStep\",\"afterStep\",\"afterScenario\",\"afterFeature\",\"_\",\"suite\",\"$0\",\"ignoredWorkerServices\",\"wdi5\"]"}]}
COMMAND: POST /session/ca83e481e94148ebe1f8ed3b36dca130/execute/async - {"script":"<script> [21126 bytes]","args":[35000]}
RESULT: {"script":"<script> [21126 bytes]","args":[35000]}
COMMAND: POST /session/ca83e481e94148ebe1f8ed3b36dca130/window/maximize - {}
RESULT: {}
COMMAND: POST /session/ca83e481e94148ebe1f8ed3b36dca130/execute/async - {"script":"<script> [1562 bytes]","args":[{"selector":{"id":"shell-header","interaction":{"idSuffix":"icon"}},"wdio_ui5_key":"shellheader"}]}
COMMAND: GET /session/ca83e481e94148ebe1f8ed3b36dca130/screenshot - {}
RESULT: {"script":"<script> [1562 bytes]","args":[{"selector":{"id":"shell-header","interaction":{"idSuffix":"icon"}},"wdio_ui5_key":"shellheader"}]}
RESULT: undefined
COMMAND: POST /session/ca83e481e94148ebe1f8ed3b36dca130/window/fullscreen - {}
RESULT: {}
RESULT: {}
]]></system-out>
    </testcase>
  </testsuite>
  <testsuite timestamp="2025-06-14T15:47:53" time="236.101" tests="1" failures="0" errors="0" skipped="0">
    <properties>
      <property name="specId" value="0"/>
      <property name="suiteName" value="Create masterdata for Yard Overview - trigger provide US130988"/>
      <property name="capabilities" value="chrome.137_0_7151_69.windows"/>
      <property name="file" value="file:///D:/a/1/s/test/specs/HTR/site-overview-return.spec.js"/>
    </properties>
    <testcase classname="chrome.137_0_7151_69.windows.Create_masterdata_for_Yard_Overview_-_trigger_provide_US130988" name="Should navigate to site overview and trigger return" time="216.976">
      <system-out><![CDATA[
COMMAND: POST /session/ca83e481e94148ebe1f8ed3b36dca130/execute/async - {"script":"<script> [1562 bytes]","args":[{"selector":{"controlType":"sap.m.GenericTile","properties":{"header":"Site Overview"}},"wdio_ui5_key":"sapm.GenericTile{\"header\":\"Site Overview\"}"}]}
RESULT: {"script":"<script> [1562 bytes]","args":[{"selector":{"controlType":"sap.m.GenericTile","properties":{"header":"Site Overview"}},"wdio_ui5_key":"sapm.GenericTile{\"header\":\"Site Overview\"}"}]}
RESULT: undefined
COMMAND: POST /session/ca83e481e94148ebe1f8ed3b36dca130/element - {"using":"xpath","value":"//*[@id=\"__tile102\"]"}
RESULT: {"using":"xpath","value":"//*[@id=\"__tile102\"]"}
COMMAND: POST /session/ca83e481e94148ebe1f8ed3b36dca130/element/f.B26EBF0D97B69C61F615F10F8BDFA999.d.1DB1315ABF04B41E3E5065C32AA92D3C.e.5465/click - {}
RESULT: {}
COMMAND: GET /session/ca83e481e94148ebe1f8ed3b36dca130/screenshot - {}
RESULT: {}
COMMAND: POST /session/ca83e481e94148ebe1f8ed3b36dca130/elements - {"using":"xpath","value":"//span[text()='Error']"}
RESULT: {"using":"xpath","value":"//span[text()='Error']"}
COMMAND: POST /session/ca83e481e94148ebe1f8ed3b36dca130/element - {"using":"xpath","value":"//input[contains(@id,\"smartFilterBar-btnBasicSearch-I\")]"}
RESULT: {"using":"xpath","value":"//input[contains(@id,\"smartFilterBar-btnBasicSearch-I\")]"}
COMMAND: POST /session/ca83e481e94148ebe1f8ed3b36dca130/elements - {"using":"xpath","value":"//input[contains(@id,\"smartFilterBar-btnBasicSearch-I\")]"}
RESULT: {"using":"xpath","value":"//input[contains(@id,\"smartFilterBar-btnBasicSearch-I\")]"}
COMMAND: POST /session/ca83e481e94148ebe1f8ed3b36dca130/elements - {"using":"xpath","value":"//input[contains(@id,\"smartFilterBar-btnBasicSearch-I\")]"}
RESULT: {"using":"xpath","value":"//input[contains(@id,\"smartFilterBar-btnBasicSearch-I\")]"}
COMMAND: POST /session/ca83e481e94148ebe1f8ed3b36dca130/elements - {"using":"xpath","value":"//input[contains(@id,\"smartFilterBar-btnBasicSearch-I\")]"}
RESULT: {"using":"xpath","value":"//input[contains(@id,\"smartFilterBar-btnBasicSearch-I\")]"}
COMMAND: POST /session/ca83e481e94148ebe1f8ed3b36dca130/elements - {"using":"xpath","value":"//input[contains(@id,\"smartFilterBar-btnBasicSearch-I\")]"}
RESULT: {"using":"xpath","value":"//input[contains(@id,\"smartFilterBar-btnBasicSearch-I\")]"}
COMMAND: POST /session/ca83e481e94148ebe1f8ed3b36dca130/elements - {"using":"xpath","value":"//input[contains(@id,\"smartFilterBar-btnBasicSearch-I\")]"}
RESULT: {"using":"xpath","value":"//input[contains(@id,\"smartFilterBar-btnBasicSearch-I\")]"}
COMMAND: POST /session/ca83e481e94148ebe1f8ed3b36dca130/elements - {"using":"xpath","value":"//input[contains(@id,\"smartFilterBar-btnBasicSearch-I\")]"}
RESULT: {"using":"xpath","value":"//input[contains(@id,\"smartFilterBar-btnBasicSearch-I\")]"}
COMMAND: POST /session/ca83e481e94148ebe1f8ed3b36dca130/elements - {"using":"xpath","value":"//input[contains(@id,\"smartFilterBar-btnBasicSearch-I\")]"}
RESULT: {"using":"xpath","value":"//input[contains(@id,\"smartFilterBar-btnBasicSearch-I\")]"}
COMMAND: POST /session/ca83e481e94148ebe1f8ed3b36dca130/elements - {"using":"xpath","value":"//input[contains(@id,\"smartFilterBar-btnBasicSearch-I\")]"}
RESULT: {"using":"xpath","value":"//input[contains(@id,\"smartFilterBar-btnBasicSearch-I\")]"}
COMMAND: POST /session/ca83e481e94148ebe1f8ed3b36dca130/elements - {"using":"xpath","value":"//input[contains(@id,\"smartFilterBar-btnBasicSearch-I\")]"}
RESULT: {"using":"xpath","value":"//input[contains(@id,\"smartFilterBar-btnBasicSearch-I\")]"}
COMMAND: POST /session/ca83e481e94148ebe1f8ed3b36dca130/elements - {"using":"xpath","value":"//input[contains(@id,\"smartFilterBar-btnBasicSearch-I\")]"}
RESULT: {"using":"xpath","value":"//input[contains(@id,\"smartFilterBar-btnBasicSearch-I\")]"}
COMMAND: POST /session/ca83e481e94148ebe1f8ed3b36dca130/element - {"using":"xpath","value":"//input[contains(@id,\"smartFilterBar-btnBasicSearch-I\")]"}
RESULT: {"using":"xpath","value":"//input[contains(@id,\"smartFilterBar-btnBasicSearch-I\")]"}
COMMAND: POST /session/ca83e481e94148ebe1f8ed3b36dca130/execute/sync - {"script":"<script> [8489 bytes]","args":[{"element-6066-11e4-a52e-4f735466cecf":"f.B26EBF0D97B69C61F615F10F8BDFA999.d.1DB1315ABF04B41E3E5065C32AA92D3C.e.5488","ELEMENT":"f.B26EBF0D97B69C61F615F10F8BDFA999.d.1DB1315ABF04B41E3E5065C32AA92D3C.e.5488"}]}
RESULT: {"script":"<script> [8489 bytes]","args":[{"element-6066-11e4-a52e-4f735466cecf":"f.B26EBF0D97B69C61F615F10F8BDFA999.d.1DB1315ABF04B41E3E5065C32AA92D3C.e.5488","ELEMENT":"f.B26EBF0D97B69C61F615F10F8BDFA999.d.1DB1315ABF04B41E3E5065C32AA92D3C.e.5488"}]}
COMMAND: GET /session/ca83e481e94148ebe1f8ed3b36dca130/element/f.B26EBF0D97B69C61F615F10F8BDFA999.d.1DB1315ABF04B41E3E5065C32AA92D3C.e.5488/enabled - {}
COMMAND: GET /session/ca83e481e94148ebe1f8ed3b36dca130/screenshot - {}
RESULT: {}
COMMAND: POST /session/ca83e481e94148ebe1f8ed3b36dca130/execute/sync - {"script":"<script> [8489 bytes]","args":[{"element-6066-11e4-a52e-4f735466cecf":"f.B26EBF0D97B69C61F615F10F8BDFA999.d.1DB1315ABF04B41E3E5065C32AA92D3C.e.5488","ELEMENT":"f.B26EBF0D97B69C61F615F10F8BDFA999.d.1DB1315ABF04B41E3E5065C32AA92D3C.e.5488"}]}
COMMAND: GET /session/ca83e481e94148ebe1f8ed3b36dca130/screenshot - {}
RESULT: {}
RESULT: {"script":"<script> [8489 bytes]","args":[{"element-6066-11e4-a52e-4f735466cecf":"f.B26EBF0D97B69C61F615F10F8BDFA999.d.1DB1315ABF04B41E3E5065C32AA92D3C.e.5488","ELEMENT":"f.B26EBF0D97B69C61F615F10F8BDFA999.d.1DB1315ABF04B41E3E5065C32AA92D3C.e.5488"}]}
COMMAND: POST /session/ca83e481e94148ebe1f8ed3b36dca130/execute/sync - {"script":"<script> [5351 bytes]","args":[{"element-6066-11e4-a52e-4f735466cecf":"f.B26EBF0D97B69C61F615F10F8BDFA999.d.1DB1315ABF04B41E3E5065C32AA92D3C.e.5488","ELEMENT":"f.B26EBF0D97B69C61F615F10F8BDFA999.d.1DB1315ABF04B41E3E5065C32AA92D3C.e.5488"}]}
COMMAND: GET /session/ca83e481e94148ebe1f8ed3b36dca130/screenshot - {}
RESULT: {}
RESULT: {"script":"<script> [5351 bytes]","args":[{"element-6066-11e4-a52e-4f735466cecf":"f.B26EBF0D97B69C61F615F10F8BDFA999.d.1DB1315ABF04B41E3E5065C32AA92D3C.e.5488","ELEMENT":"f.B26EBF0D97B69C61F615F10F8BDFA999.d.1DB1315ABF04B41E3E5065C32AA92D3C.e.5488"}]}
COMMAND: GET /session/ca83e481e94148ebe1f8ed3b36dca130/screenshot - {}
RESULT: {}
RESULT: {}
COMMAND: POST /session/ca83e481e94148ebe1f8ed3b36dca130/element/f.B26EBF0D97B69C61F615F10F8BDFA999.d.1DB1315ABF04B41E3E5065C32AA92D3C.e.5488/clear - {}
RESULT: {}
COMMAND: POST /session/ca83e481e94148ebe1f8ed3b36dca130/element/f.B26EBF0D97B69C61F615F10F8BDFA999.d.1DB1315ABF04B41E3E5065C32AA92D3C.e.5488/value - {"text":"2101"}
COMMAND: GET /session/ca83e481e94148ebe1f8ed3b36dca130/screenshot - {}
RESULT: {"text":"2101"}
COMMAND: GET /session/ca83e481e94148ebe1f8ed3b36dca130/screenshot - {}
RESULT: {}
RESULT: {}
COMMAND: POST /session/ca83e481e94148ebe1f8ed3b36dca130/actions - {"actions":[{"id":"action15","type":"key","parameters":{},"actions":[{"type":"keyDown","value":""},{"type":"pause","duration":10},{"type":"keyUp","value":""}]}]}
RESULT: {"actions":[{"id":"action15","type":"key","parameters":{},"actions":[{"type":"keyDown","value":""},{"type":"pause","duration":10},{"type":"keyUp","value":""}]}]}
COMMAND: GET /session/ca83e481e94148ebe1f8ed3b36dca130/screenshot - {}
RESULT: {}
COMMAND: POST /session/ca83e481e94148ebe1f8ed3b36dca130/element - {"using":"xpath","value":"//span[contains(@id, \"smartTable-header-inner\")]"}
RESULT: {"using":"xpath","value":"//span[contains(@id, \"smartTable-header-inner\")]"}
COMMAND: POST /session/ca83e481e94148ebe1f8ed3b36dca130/elements - {"using":"xpath","value":"//span[contains(@id, \"smartTable-header-inner\")]"}
RESULT: {"using":"xpath","value":"//span[contains(@id, \"smartTable-header-inner\")]"}
COMMAND: POST /session/ca83e481e94148ebe1f8ed3b36dca130/execute/sync - {"script":"<script> [56 bytes]","args":[{"element-6066-11e4-a52e-4f735466cecf":"f.B26EBF0D97B69C61F615F10F8BDFA999.d.1DB1315ABF04B41E3E5065C32AA92D3C.e.5596","ELEMENT":"f.B26EBF0D97B69C61F615F10F8BDFA999.d.1DB1315ABF04B41E3E5065C32AA92D3C.e.5596"}]}
RESULT: {"script":"<script> [56 bytes]","args":[{"element-6066-11e4-a52e-4f735466cecf":"f.B26EBF0D97B69C61F615F10F8BDFA999.d.1DB1315ABF04B41E3E5065C32AA92D3C.e.5596","ELEMENT":"f.B26EBF0D97B69C61F615F10F8BDFA999.d.1DB1315ABF04B41E3E5065C32AA92D3C.e.5596"}]}
COMMAND: POST /session/ca83e481e94148ebe1f8ed3b36dca130/element - {"using":"xpath","value":"(//span[contains(@id, \"imgNav\")])[1]"}
COMMAND: GET /session/ca83e481e94148ebe1f8ed3b36dca130/screenshot - {}
RESULT: {"using":"xpath","value":"(//span[contains(@id, \"imgNav\")])[1]"}
COMMAND: POST /session/ca83e481e94148ebe1f8ed3b36dca130/element/f.B26EBF0D97B69C61F615F10F8BDFA999.d.1DB1315ABF04B41E3E5065C32AA92D3C.e.5595/click - {}
RESULT: {}
RESULT: {}
COMMAND: GET /session/ca83e481e94148ebe1f8ed3b36dca130/screenshot - {}
RESULT: {}
COMMAND: POST /session/ca83e481e94148ebe1f8ed3b36dca130/execute/async - {"script":"<script> [1562 bytes]","args":[{"selector":{"id":"application-siteinventory-display-component---detailSiteInventory--onSite-triggerAction-returnBtn","interaction":{"idSuffix":"BDI-content"}},"wdio_ui5_key":"applicationsiteinventory-display-component---detailSiteInventory--onSite-triggerAction-returnBtn"}]}
RESULT: {"script":"<script> [1562 bytes]","args":[{"selector":{"id":"application-siteinventory-display-component---detailSiteInventory--onSite-triggerAction-returnBtn","interaction":{"idSuffix":"BDI-content"}},"wdio_ui5_key":"applicationsiteinventory-display-component---detailSiteInventory--onSite-triggerAction-returnBtn"}]}
RESULT: undefined
COMMAND: POST /session/ca83e481e94148ebe1f8ed3b36dca130/element - {"using":"xpath","value":"//*[@id=\"application-siteinventory-display-component---detailSiteInventory--onSite-triggerAction-returnBtn\"]"}
RESULT: {"using":"xpath","value":"//*[@id=\"application-siteinventory-display-component---detailSiteInventory--onSite-triggerAction-returnBtn\"]"}
COMMAND: POST /session/ca83e481e94148ebe1f8ed3b36dca130/element/f.B26EBF0D97B69C61F615F10F8BDFA999.d.1DB1315ABF04B41E3E5065C32AA92D3C.e.5633/click - {}
RESULT: {}
COMMAND: GET /session/ca83e481e94148ebe1f8ed3b36dca130/screenshot - {}
RESULT: {}
COMMAND: POST /session/ca83e481e94148ebe1f8ed3b36dca130/execute/async - {"script":"<script> [1562 bytes]","args":[{"selector":{"id":"application-siteinventory-display-component---detailSiteInventory--smartSiteHoItemsTable-sa","interaction":{"idSuffix":"CbBg"}},"wdio_ui5_key":"applicationsiteinventory-display-component---detailSiteInventory--smartSiteHoItemsTable-sa"}]}
RESULT: {"script":"<script> [1562 bytes]","args":[{"selector":{"id":"application-siteinventory-display-component---detailSiteInventory--smartSiteHoItemsTable-sa","interaction":{"idSuffix":"CbBg"}},"wdio_ui5_key":"applicationsiteinventory-display-component---detailSiteInventory--smartSiteHoItemsTable-sa"}]}
RESULT: undefined
COMMAND: POST /session/ca83e481e94148ebe1f8ed3b36dca130/element - {"using":"xpath","value":"//*[@id=\"application-siteinventory-display-component---detailSiteInventory--smartSiteHoItemsTable-sa\"]"}
RESULT: {"using":"xpath","value":"//*[@id=\"application-siteinventory-display-component---detailSiteInventory--smartSiteHoItemsTable-sa\"]"}
COMMAND: POST /session/ca83e481e94148ebe1f8ed3b36dca130/element/f.B26EBF0D97B69C61F615F10F8BDFA999.d.1DB1315ABF04B41E3E5065C32AA92D3C.e.5721/click - {}
RESULT: {}
COMMAND: GET /session/ca83e481e94148ebe1f8ed3b36dca130/screenshot - {}
RESULT: {}
RESULT: undefined
COMMAND: POST /session/ca83e481e94148ebe1f8ed3b36dca130/element - {"using":"xpath","value":"//*[@id=\"application-siteinventory-display-component---detailSiteInventory--onSite-triggerAction-returnBtn\"]"}
RESULT: {"using":"xpath","value":"//*[@id=\"application-siteinventory-display-component---detailSiteInventory--onSite-triggerAction-returnBtn\"]"}
COMMAND: POST /session/ca83e481e94148ebe1f8ed3b36dca130/element/f.B26EBF0D97B69C61F615F10F8BDFA999.d.1DB1315ABF04B41E3E5065C32AA92D3C.e.5633/click - {}
RESULT: {}
COMMAND: GET /session/ca83e481e94148ebe1f8ed3b36dca130/screenshot - {}
RESULT: {}
COMMAND: POST /session/ca83e481e94148ebe1f8ed3b36dca130/actions - {"actions":[{"id":"action16","type":"key","parameters":{},"actions":[{"type":"keyDown","value":""},{"type":"pause","duration":10},{"type":"keyUp","value":""}]}]}
RESULT: {"actions":[{"id":"action16","type":"key","parameters":{},"actions":[{"type":"keyDown","value":""},{"type":"pause","duration":10},{"type":"keyUp","value":""}]}]}
COMMAND: GET /session/ca83e481e94148ebe1f8ed3b36dca130/screenshot - {}
RESULT: {}
COMMAND: POST /session/ca83e481e94148ebe1f8ed3b36dca130/execute/async - {"script":"<script> [1562 bytes]","args":[{"selector":{"id":"application-siteinventory-display-component---detailSiteInventory--hoItemsSmartTable-btnPersonalisation-img"},"wdio_ui5_key":"applicationsiteinventory-display-component---detailSiteInventory--hoItemsSmartTable-btnPersonalisation-img"}]}
RESULT: {"script":"<script> [1562 bytes]","args":[{"selector":{"id":"application-siteinventory-display-component---detailSiteInventory--hoItemsSmartTable-btnPersonalisation-img"},"wdio_ui5_key":"applicationsiteinventory-display-component---detailSiteInventory--hoItemsSmartTable-btnPersonalisation-img"}]}
RESULT: undefined
COMMAND: POST /session/ca83e481e94148ebe1f8ed3b36dca130/element - {"using":"xpath","value":"//*[@id=\"application-siteinventory-display-component---detailSiteInventory--hoItemsSmartTable-btnPersonalisation-img\"]"}
RESULT: {"using":"xpath","value":"//*[@id=\"application-siteinventory-display-component---detailSiteInventory--hoItemsSmartTable-btnPersonalisation-img\"]"}
COMMAND: POST /session/ca83e481e94148ebe1f8ed3b36dca130/element/f.B26EBF0D97B69C61F615F10F8BDFA999.d.1DB1315ABF04B41E3E5065C32AA92D3C.e.5642/click - {}
RESULT: {}
COMMAND: GET /session/ca83e481e94148ebe1f8ed3b36dca130/screenshot - {}
RESULT: {}
COMMAND: POST /session/ca83e481e94148ebe1f8ed3b36dca130/element - {"using":"xpath","value":"//input[contains(@id ,\"searchField-I\")]"}
RESULT: {"using":"xpath","value":"//input[contains(@id ,\"searchField-I\")]"}
COMMAND: POST /session/ca83e481e94148ebe1f8ed3b36dca130/element/f.B26EBF0D97B69C61F615F10F8BDFA999.d.1DB1315ABF04B41E3E5065C32AA92D3C.e.5727/clear - {}
RESULT: {}
COMMAND: POST /session/ca83e481e94148ebe1f8ed3b36dca130/element/f.B26EBF0D97B69C61F615F10F8BDFA999.d.1DB1315ABF04B41E3E5065C32AA92D3C.e.5727/value - {"text":"Handover Returned"}
COMMAND: GET /session/ca83e481e94148ebe1f8ed3b36dca130/screenshot - {}
RESULT: {"text":"Handover Returned"}
COMMAND: GET /session/ca83e481e94148ebe1f8ed3b36dca130/screenshot - {}
RESULT: {}
RESULT: {}
COMMAND: POST /session/ca83e481e94148ebe1f8ed3b36dca130/element - {"using":"xpath","value":"//div[contains(@id ,\"innerSelectionPanelTable-sa-CbBg\")]"}
RESULT: {"using":"xpath","value":"//div[contains(@id ,\"innerSelectionPanelTable-sa-CbBg\")]"}
COMMAND: POST /session/ca83e481e94148ebe1f8ed3b36dca130/element/f.B26EBF0D97B69C61F615F10F8BDFA999.d.1DB1315ABF04B41E3E5065C32AA92D3C.e.5753/click - {}
RESULT: {}
COMMAND: POST /session/ca83e481e94148ebe1f8ed3b36dca130/execute/async - {"script":"<script> [1562 bytes]","args":[{"selector":{"controlType":"sap.m.Button","viewName":"etm.portal.ui.siteinventory.view.Detail","viewId":"application-siteinventory-display-component---detailSiteInventory","properties":{"text":"OK"},"searchOpenDialogs":true,"interaction":{"idSuffix":"BDI-content"}},"wdio_ui5_key":"etmportal.ui.siteinventory.view.Detailsap.m.Button{\"text\":\"OK\"}"}]}
COMMAND: GET /session/ca83e481e94148ebe1f8ed3b36dca130/screenshot - {}
RESULT: {"script":"<script> [1562 bytes]","args":[{"selector":{"controlType":"sap.m.Button","viewName":"etm.portal.ui.siteinventory.view.Detail","viewId":"application-siteinventory-display-component---detailSiteInventory","properties":{"text":"OK"},"searchOpenDialogs":true,"interaction":{"idSuffix":"BDI-content"}},"wdio_ui5_key":"etmportal.ui.siteinventory.view.Detailsap.m.Button{\"text\":\"OK\"}"}]}
RESULT: undefined
COMMAND: POST /session/ca83e481e94148ebe1f8ed3b36dca130/element - {"using":"xpath","value":"//*[@id=\"__popup37-confirmBtn\"]"}
RESULT: {}
RESULT: {"using":"xpath","value":"//*[@id=\"__popup37-confirmBtn\"]"}
COMMAND: POST /session/ca83e481e94148ebe1f8ed3b36dca130/element/f.B26EBF0D97B69C61F615F10F8BDFA999.d.1DB1315ABF04B41E3E5065C32AA92D3C.e.5755/click - {}
RESULT: {}
COMMAND: GET /session/ca83e481e94148ebe1f8ed3b36dca130/screenshot - {}
RESULT: {}
COMMAND: POST /session/ca83e481e94148ebe1f8ed3b36dca130/element - {"using":"css selector","value":"#shell-header-logo"}
RESULT: {"using":"css selector","value":"#shell-header-logo"}
COMMAND: POST /session/ca83e481e94148ebe1f8ed3b36dca130/element/f.B26EBF0D97B69C61F615F10F8BDFA999.d.1DB1315ABF04B41E3E5065C32AA92D3C.e.5342/click - {}
RESULT: {}
COMMAND: GET /session/ca83e481e94148ebe1f8ed3b36dca130/screenshot - {}
RESULT: {}
COMMAND: POST /session/ca83e481e94148ebe1f8ed3b36dca130/execute/async - {"script":"<script> [1562 bytes]","args":[{"selector":{"controlType":"sap.m.GenericTile","properties":{"header":"Manage Handovers"}},"wdio_ui5_key":"sapm.GenericTile{\"header\":\"Manage Handovers\"}"}]}
RESULT: {"script":"<script> [1562 bytes]","args":[{"selector":{"controlType":"sap.m.GenericTile","properties":{"header":"Manage Handovers"}},"wdio_ui5_key":"sapm.GenericTile{\"header\":\"Manage Handovers\"}"}]}
RESULT: undefined
COMMAND: POST /session/ca83e481e94148ebe1f8ed3b36dca130/element - {"using":"xpath","value":"//*[@id=\"__tile135\"]"}
RESULT: {"using":"xpath","value":"//*[@id=\"__tile135\"]"}
COMMAND: POST /session/ca83e481e94148ebe1f8ed3b36dca130/element/f.B26EBF0D97B69C61F615F10F8BDFA999.d.1DB1315ABF04B41E3E5065C32AA92D3C.e.5390/click - {}
RESULT: {}
COMMAND: GET /session/ca83e481e94148ebe1f8ed3b36dca130/screenshot - {}
RESULT: {}
COMMAND: POST /session/ca83e481e94148ebe1f8ed3b36dca130/elements - {"using":"xpath","value":"//span[text()='Error']"}
RESULT: {"using":"xpath","value":"//span[text()='Error']"}
COMMAND: POST /session/ca83e481e94148ebe1f8ed3b36dca130/element - {"using":"xpath","value":"//button[@data-kt=\"masterHOAddButton\"]"}
RESULT: {"using":"xpath","value":"//button[@data-kt=\"masterHOAddButton\"]"}
COMMAND: POST /session/ca83e481e94148ebe1f8ed3b36dca130/elements - {"using":"xpath","value":"//button[@data-kt=\"masterHOAddButton\"]"}
RESULT: {"using":"xpath","value":"//button[@data-kt=\"masterHOAddButton\"]"}
COMMAND: POST /session/ca83e481e94148ebe1f8ed3b36dca130/execute/sync - {"script":"<script> [8489 bytes]","args":[{"element-6066-11e4-a52e-4f735466cecf":"f.B26EBF0D97B69C61F615F10F8BDFA999.d.1DB1315ABF04B41E3E5065C32AA92D3C.e.5812","ELEMENT":"f.B26EBF0D97B69C61F615F10F8BDFA999.d.1DB1315ABF04B41E3E5065C32AA92D3C.e.5812"}]}
RESULT: {"script":"<script> [8489 bytes]","args":[{"element-6066-11e4-a52e-4f735466cecf":"f.B26EBF0D97B69C61F615F10F8BDFA999.d.1DB1315ABF04B41E3E5065C32AA92D3C.e.5812","ELEMENT":"f.B26EBF0D97B69C61F615F10F8BDFA999.d.1DB1315ABF04B41E3E5065C32AA92D3C.e.5812"}]}
COMMAND: GET /session/ca83e481e94148ebe1f8ed3b36dca130/element/f.B26EBF0D97B69C61F615F10F8BDFA999.d.1DB1315ABF04B41E3E5065C32AA92D3C.e.5812/enabled - {}
COMMAND: GET /session/ca83e481e94148ebe1f8ed3b36dca130/screenshot - {}
RESULT: {}
COMMAND: POST /session/ca83e481e94148ebe1f8ed3b36dca130/execute/sync - {"script":"<script> [8489 bytes]","args":[{"element-6066-11e4-a52e-4f735466cecf":"f.B26EBF0D97B69C61F615F10F8BDFA999.d.1DB1315ABF04B41E3E5065C32AA92D3C.e.5812","ELEMENT":"f.B26EBF0D97B69C61F615F10F8BDFA999.d.1DB1315ABF04B41E3E5065C32AA92D3C.e.5812"}]}
COMMAND: GET /session/ca83e481e94148ebe1f8ed3b36dca130/screenshot - {}
RESULT: {}
RESULT: {"script":"<script> [8489 bytes]","args":[{"element-6066-11e4-a52e-4f735466cecf":"f.B26EBF0D97B69C61F615F10F8BDFA999.d.1DB1315ABF04B41E3E5065C32AA92D3C.e.5812","ELEMENT":"f.B26EBF0D97B69C61F615F10F8BDFA999.d.1DB1315ABF04B41E3E5065C32AA92D3C.e.5812"}]}
COMMAND: POST /session/ca83e481e94148ebe1f8ed3b36dca130/execute/sync - {"script":"<script> [5351 bytes]","args":[{"element-6066-11e4-a52e-4f735466cecf":"f.B26EBF0D97B69C61F615F10F8BDFA999.d.1DB1315ABF04B41E3E5065C32AA92D3C.e.5812","ELEMENT":"f.B26EBF0D97B69C61F615F10F8BDFA999.d.1DB1315ABF04B41E3E5065C32AA92D3C.e.5812"}]}
COMMAND: GET /session/ca83e481e94148ebe1f8ed3b36dca130/screenshot - {}
RESULT: {}
RESULT: {"script":"<script> [5351 bytes]","args":[{"element-6066-11e4-a52e-4f735466cecf":"f.B26EBF0D97B69C61F615F10F8BDFA999.d.1DB1315ABF04B41E3E5065C32AA92D3C.e.5812","ELEMENT":"f.B26EBF0D97B69C61F615F10F8BDFA999.d.1DB1315ABF04B41E3E5065C32AA92D3C.e.5812"}]}
COMMAND: GET /session/ca83e481e94148ebe1f8ed3b36dca130/screenshot - {}
RESULT: {}
RESULT: {}
COMMAND: POST /session/ca83e481e94148ebe1f8ed3b36dca130/element - {"using":"xpath","value":"//span[contains(@id ,\"filterItemControl_BASIC-SEND_CONTRACT-vhi\")]"}
RESULT: {"using":"xpath","value":"//span[contains(@id ,\"filterItemControl_BASIC-SEND_CONTRACT-vhi\")]"}
COMMAND: POST /session/ca83e481e94148ebe1f8ed3b36dca130/element/f.B26EBF0D97B69C61F615F10F8BDFA999.d.1DB1315ABF04B41E3E5065C32AA92D3C.e.5836/click - {}
RESULT: {}
COMMAND: GET /session/ca83e481e94148ebe1f8ed3b36dca130/screenshot - {}
RESULT: {}
COMMAND: POST /session/ca83e481e94148ebe1f8ed3b36dca130/execute/async - {"script":"<script> [1562 bytes]","args":[{"selector":{"controlType":"sap.m.SearchField","viewName":"etm.portal.ui.managehandovers.view.MasterHO","bindingPath":{"path":"","propertyPath":"/_BASIC_SEARCH_FIELD","modelName":"fi1t3rM0d31"},"searchOpenDialogs":true,"interaction":{"idSuffix":"I"}},"wdio_ui5_key":"etmportal.ui.managehandovers.view.MasterHOsap.m.SearchField{\"path\":\"\",\"propertyPath\":\"/_BASIC_SEARCH_FIELD\",\"modelName\":\"fi1t3rM0d31\"}"}]}
RESULT: {"script":"<script> [1562 bytes]","args":[{"selector":{"controlType":"sap.m.SearchField","viewName":"etm.portal.ui.managehandovers.view.MasterHO","bindingPath":{"path":"","propertyPath":"/_BASIC_SEARCH_FIELD","modelName":"fi1t3rM0d31"},"searchOpenDialogs":true,"interaction":{"idSuffix":"I"}},"wdio_ui5_key":"etmportal.ui.managehandovers.view.MasterHOsap.m.SearchField{\"path\":\"\",\"propertyPath\":\"/_BASIC_SEARCH_FIELD\",\"modelName\":\"fi1t3rM0d31\"}"}]}
RESULT: undefined
COMMAND: POST /session/ca83e481e94148ebe1f8ed3b36dca130/execute/async - {"script":"<script> [776 bytes]","args":[{"enterText":"10190","selector":{"controlType":"sap.m.SearchField","viewName":"etm.portal.ui.managehandovers.view.MasterHO","bindingPath":{"path":"","propertyPath":"/_BASIC_SEARCH_FIELD","modelName":"fi1t3rM0d31"},"searchOpenDialogs":true,"interaction":{"idSuffix":"I"}},"clearTextFirst":true,"interactionType":"ENTER_TEXT"}]}
RESULT: {"script":"<script> [776 bytes]","args":[{"enterText":"10190","selector":{"controlType":"sap.m.SearchField","viewName":"etm.portal.ui.managehandovers.view.MasterHO","bindingPath":{"path":"","propertyPath":"/_BASIC_SEARCH_FIELD","modelName":"fi1t3rM0d31"},"searchOpenDialogs":true,"interaction":{"idSuffix":"I"}},"clearTextFirst":true,"interactionType":"ENTER_TEXT"}]}
COMMAND: POST /session/ca83e481e94148ebe1f8ed3b36dca130/actions - {"actions":[{"id":"action17","type":"key","parameters":{},"actions":[{"type":"keyDown","value":""},{"type":"pause","duration":10},{"type":"keyUp","value":""}]}]}
RESULT: {"actions":[{"id":"action17","type":"key","parameters":{},"actions":[{"type":"keyDown","value":""},{"type":"pause","duration":10},{"type":"keyUp","value":""}]}]}
COMMAND: GET /session/ca83e481e94148ebe1f8ed3b36dca130/screenshot - {}
RESULT: {}
COMMAND: POST /session/ca83e481e94148ebe1f8ed3b36dca130/element - {"using":"xpath","value":"//div[contains(@id, 'filterItemControl_BASIC-SEND_CONTRACT-valueHelpDialog-table-rowsel0')]"}
RESULT: {"using":"xpath","value":"//div[contains(@id, 'filterItemControl_BASIC-SEND_CONTRACT-valueHelpDialog-table-rowsel0')]"}
COMMAND: POST /session/ca83e481e94148ebe1f8ed3b36dca130/element/f.B26EBF0D97B69C61F615F10F8BDFA999.d.1DB1315ABF04B41E3E5065C32AA92D3C.e.5846/click - {}
RESULT: {}
COMMAND: GET /session/ca83e481e94148ebe1f8ed3b36dca130/screenshot - {}
RESULT: {}
COMMAND: POST /session/ca83e481e94148ebe1f8ed3b36dca130/element - {"using":"xpath","value":"//bdi[contains(text(), \"OK\")]"}
RESULT: {"using":"xpath","value":"//bdi[contains(text(), \"OK\")]"}
COMMAND: POST /session/ca83e481e94148ebe1f8ed3b36dca130/element/f.B26EBF0D97B69C61F615F10F8BDFA999.d.1DB1315ABF04B41E3E5065C32AA92D3C.e.5848/click - {}
RESULT: {}
COMMAND: GET /session/ca83e481e94148ebe1f8ed3b36dca130/screenshot - {}
RESULT: {}
COMMAND: POST /session/ca83e481e94148ebe1f8ed3b36dca130/element - {"using":"xpath","value":"//span[contains(@id, \"smartTable-header-inner\")]"}
RESULT: {"using":"xpath","value":"//span[contains(@id, \"smartTable-header-inner\")]"}
COMMAND: POST /session/ca83e481e94148ebe1f8ed3b36dca130/elements - {"using":"xpath","value":"//span[contains(@id, \"smartTable-header-inner\")]"}
RESULT: {"using":"xpath","value":"//span[contains(@id, \"smartTable-header-inner\")]"}
COMMAND: POST /session/ca83e481e94148ebe1f8ed3b36dca130/execute/sync - {"script":"<script> [56 bytes]","args":[{"element-6066-11e4-a52e-4f735466cecf":"f.B26EBF0D97B69C61F615F10F8BDFA999.d.1DB1315ABF04B41E3E5065C32AA92D3C.e.5888","ELEMENT":"f.B26EBF0D97B69C61F615F10F8BDFA999.d.1DB1315ABF04B41E3E5065C32AA92D3C.e.5888"}]}
RESULT: {"script":"<script> [56 bytes]","args":[{"element-6066-11e4-a52e-4f735466cecf":"f.B26EBF0D97B69C61F615F10F8BDFA999.d.1DB1315ABF04B41E3E5065C32AA92D3C.e.5888","ELEMENT":"f.B26EBF0D97B69C61F615F10F8BDFA999.d.1DB1315ABF04B41E3E5065C32AA92D3C.e.5888"}]}
COMMAND: POST /session/ca83e481e94148ebe1f8ed3b36dca130/element - {"using":"xpath","value":"//table[contains(@id, \"customHandovers\")]//tbody/tr[1]/td[2]/span"}
COMMAND: GET /session/ca83e481e94148ebe1f8ed3b36dca130/screenshot - {}
RESULT: {"using":"xpath","value":"//table[contains(@id, \"customHandovers\")]//tbody/tr[1]/td[2]/span"}
COMMAND: POST /session/ca83e481e94148ebe1f8ed3b36dca130/execute/sync - {"script":"<script> [56 bytes]","args":[{"element-6066-11e4-a52e-4f735466cecf":"f.B26EBF0D97B69C61F615F10F8BDFA999.d.1DB1315ABF04B41E3E5065C32AA92D3C.e.5889","ELEMENT":"f.B26EBF0D97B69C61F615F10F8BDFA999.d.1DB1315ABF04B41E3E5065C32AA92D3C.e.5889"}]}
RESULT: {}
RESULT: {"script":"<script> [56 bytes]","args":[{"element-6066-11e4-a52e-4f735466cecf":"f.B26EBF0D97B69C61F615F10F8BDFA999.d.1DB1315ABF04B41E3E5065C32AA92D3C.e.5889","ELEMENT":"f.B26EBF0D97B69C61F615F10F8BDFA999.d.1DB1315ABF04B41E3E5065C32AA92D3C.e.5889"}]}
COMMAND: POST /session/ca83e481e94148ebe1f8ed3b36dca130/element - {"using":"xpath","value":"(//span[contains(@id, \"imgNav\")])[1]"}
COMMAND: GET /session/ca83e481e94148ebe1f8ed3b36dca130/screenshot - {}
RESULT: {"using":"xpath","value":"(//span[contains(@id, \"imgNav\")])[1]"}
COMMAND: POST /session/ca83e481e94148ebe1f8ed3b36dca130/element/f.B26EBF0D97B69C61F615F10F8BDFA999.d.1DB1315ABF04B41E3E5065C32AA92D3C.e.5887/click - {}
RESULT: {}
RESULT: {}
COMMAND: GET /session/ca83e481e94148ebe1f8ed3b36dca130/screenshot - {}
COMMAND: POST /session/ca83e481e94148ebe1f8ed3b36dca130/execute/async - {"script":"<script> [1562 bytes]","args":[{"selector":{"id":"issueDatePicker","viewName":"etm.portal.ui.managehandovers.view.DetailExecuteHO","interaction":{"idSuffix":"inner"}},"wdio_ui5_key":"issueDatePickeretmportal.ui.managehandovers.view.DetailExecuteHO"}]}
RESULT: {}
RESULT: {"script":"<script> [1562 bytes]","args":[{"selector":{"id":"issueDatePicker","viewName":"etm.portal.ui.managehandovers.view.DetailExecuteHO","interaction":{"idSuffix":"inner"}},"wdio_ui5_key":"issueDatePickeretmportal.ui.managehandovers.view.DetailExecuteHO"}]}
RESULT: undefined
COMMAND: POST /session/ca83e481e94148ebe1f8ed3b36dca130/execute/async - {"script":"<script> [776 bytes]","args":[{"enterText":"6/14/25","selector":{"id":"issueDatePicker","viewName":"etm.portal.ui.managehandovers.view.DetailExecuteHO","interaction":{"idSuffix":"inner"}},"clearTextFirst":true,"interactionType":"ENTER_TEXT"}]}
RESULT: {"script":"<script> [776 bytes]","args":[{"enterText":"6/14/25","selector":{"id":"issueDatePicker","viewName":"etm.portal.ui.managehandovers.view.DetailExecuteHO","interaction":{"idSuffix":"inner"}},"clearTextFirst":true,"interactionType":"ENTER_TEXT"}]}
COMMAND: POST /session/ca83e481e94148ebe1f8ed3b36dca130/element - {"using":"xpath","value":"//button[@data-kt=\"PickingTableConfirmAllButton\"]"}
RESULT: {"using":"xpath","value":"//button[@data-kt=\"PickingTableConfirmAllButton\"]"}
COMMAND: POST /session/ca83e481e94148ebe1f8ed3b36dca130/element/f.B26EBF0D97B69C61F615F10F8BDFA999.d.1DB1315ABF04B41E3E5065C32AA92D3C.e.6002/click - {}
RESULT: {}
COMMAND: GET /session/ca83e481e94148ebe1f8ed3b36dca130/screenshot - {}
RESULT: {}
COMMAND: POST /session/ca83e481e94148ebe1f8ed3b36dca130/element - {"using":"xpath","value":"//bdi[contains(text(), \"OK\")]"}
RESULT: {"using":"xpath","value":"//bdi[contains(text(), \"OK\")]"}
COMMAND: POST /session/ca83e481e94148ebe1f8ed3b36dca130/element/f.B26EBF0D97B69C61F615F10F8BDFA999.d.1DB1315ABF04B41E3E5065C32AA92D3C.e.6005/click - {}
RESULT: {}
COMMAND: GET /session/ca83e481e94148ebe1f8ed3b36dca130/screenshot - {}
RESULT: {}
COMMAND: POST /session/ca83e481e94148ebe1f8ed3b36dca130/element - {"using":"xpath","value":"//button[@data-kt=\"execHoIssueButton\"]"}
RESULT: {"using":"xpath","value":"//button[@data-kt=\"execHoIssueButton\"]"}
COMMAND: POST /session/ca83e481e94148ebe1f8ed3b36dca130/element/f.B26EBF0D97B69C61F615F10F8BDFA999.d.1DB1315ABF04B41E3E5065C32AA92D3C.e.6007/click - {}
RESULT: {}
COMMAND: GET /session/ca83e481e94148ebe1f8ed3b36dca130/screenshot - {}
RESULT: {}
COMMAND: POST /session/ca83e481e94148ebe1f8ed3b36dca130/element - {"using":"css selector","value":"#shell-header-logo"}
RESULT: {"using":"css selector","value":"#shell-header-logo"}
COMMAND: POST /session/ca83e481e94148ebe1f8ed3b36dca130/element/f.B26EBF0D97B69C61F615F10F8BDFA999.d.1DB1315ABF04B41E3E5065C32AA92D3C.e.5773/click - {}
RESULT: {}
COMMAND: GET /session/ca83e481e94148ebe1f8ed3b36dca130/screenshot - {}
RESULT: {}
RESULT: undefined
COMMAND: POST /session/ca83e481e94148ebe1f8ed3b36dca130/element - {"using":"xpath","value":"//*[@id=\"__tile135\"]"}
RESULT: {"using":"xpath","value":"//*[@id=\"__tile135\"]"}
COMMAND: POST /session/ca83e481e94148ebe1f8ed3b36dca130/element/f.B26EBF0D97B69C61F615F10F8BDFA999.d.1DB1315ABF04B41E3E5065C32AA92D3C.e.5390/click - {}
RESULT: {}
COMMAND: GET /session/ca83e481e94148ebe1f8ed3b36dca130/screenshot - {}
RESULT: {}
COMMAND: POST /session/ca83e481e94148ebe1f8ed3b36dca130/elements - {"using":"xpath","value":"//span[text()='Error']"}
RESULT: {"using":"xpath","value":"//span[text()='Error']"}
COMMAND: POST /session/ca83e481e94148ebe1f8ed3b36dca130/element - {"using":"xpath","value":"//button[@data-kt=\"masterHOAddButton\"]"}
RESULT: {"using":"xpath","value":"//button[@data-kt=\"masterHOAddButton\"]"}
COMMAND: POST /session/ca83e481e94148ebe1f8ed3b36dca130/elements - {"using":"xpath","value":"//button[@data-kt=\"masterHOAddButton\"]"}
RESULT: {"using":"xpath","value":"//button[@data-kt=\"masterHOAddButton\"]"}
COMMAND: POST /session/ca83e481e94148ebe1f8ed3b36dca130/execute/sync - {"script":"<script> [8489 bytes]","args":[{"element-6066-11e4-a52e-4f735466cecf":"f.B26EBF0D97B69C61F615F10F8BDFA999.d.1DB1315ABF04B41E3E5065C32AA92D3C.e.6104","ELEMENT":"f.B26EBF0D97B69C61F615F10F8BDFA999.d.1DB1315ABF04B41E3E5065C32AA92D3C.e.6104"}]}
RESULT: {"script":"<script> [8489 bytes]","args":[{"element-6066-11e4-a52e-4f735466cecf":"f.B26EBF0D97B69C61F615F10F8BDFA999.d.1DB1315ABF04B41E3E5065C32AA92D3C.e.6104","ELEMENT":"f.B26EBF0D97B69C61F615F10F8BDFA999.d.1DB1315ABF04B41E3E5065C32AA92D3C.e.6104"}]}
COMMAND: GET /session/ca83e481e94148ebe1f8ed3b36dca130/element/f.B26EBF0D97B69C61F615F10F8BDFA999.d.1DB1315ABF04B41E3E5065C32AA92D3C.e.6104/enabled - {}
COMMAND: GET /session/ca83e481e94148ebe1f8ed3b36dca130/screenshot - {}
RESULT: {}
COMMAND: POST /session/ca83e481e94148ebe1f8ed3b36dca130/execute/sync - {"script":"<script> [8489 bytes]","args":[{"element-6066-11e4-a52e-4f735466cecf":"f.B26EBF0D97B69C61F615F10F8BDFA999.d.1DB1315ABF04B41E3E5065C32AA92D3C.e.6104","ELEMENT":"f.B26EBF0D97B69C61F615F10F8BDFA999.d.1DB1315ABF04B41E3E5065C32AA92D3C.e.6104"}]}
COMMAND: GET /session/ca83e481e94148ebe1f8ed3b36dca130/screenshot - {}
RESULT: {}
RESULT: {"script":"<script> [8489 bytes]","args":[{"element-6066-11e4-a52e-4f735466cecf":"f.B26EBF0D97B69C61F615F10F8BDFA999.d.1DB1315ABF04B41E3E5065C32AA92D3C.e.6104","ELEMENT":"f.B26EBF0D97B69C61F615F10F8BDFA999.d.1DB1315ABF04B41E3E5065C32AA92D3C.e.6104"}]}
COMMAND: POST /session/ca83e481e94148ebe1f8ed3b36dca130/execute/sync - {"script":"<script> [5351 bytes]","args":[{"element-6066-11e4-a52e-4f735466cecf":"f.B26EBF0D97B69C61F615F10F8BDFA999.d.1DB1315ABF04B41E3E5065C32AA92D3C.e.6104","ELEMENT":"f.B26EBF0D97B69C61F615F10F8BDFA999.d.1DB1315ABF04B41E3E5065C32AA92D3C.e.6104"}]}
COMMAND: GET /session/ca83e481e94148ebe1f8ed3b36dca130/screenshot - {}
RESULT: {}
RESULT: {"script":"<script> [5351 bytes]","args":[{"element-6066-11e4-a52e-4f735466cecf":"f.B26EBF0D97B69C61F615F10F8BDFA999.d.1DB1315ABF04B41E3E5065C32AA92D3C.e.6104","ELEMENT":"f.B26EBF0D97B69C61F615F10F8BDFA999.d.1DB1315ABF04B41E3E5065C32AA92D3C.e.6104"}]}
COMMAND: GET /session/ca83e481e94148ebe1f8ed3b36dca130/screenshot - {}
RESULT: {}
RESULT: {}
COMMAND: POST /session/ca83e481e94148ebe1f8ed3b36dca130/element - {"using":"xpath","value":"//input[contains(@id ,\"smartFilterBar-btnBasicSearch-I\")]"}
RESULT: {"using":"xpath","value":"//input[contains(@id ,\"smartFilterBar-btnBasicSearch-I\")]"}
COMMAND: POST /session/ca83e481e94148ebe1f8ed3b36dca130/element/f.B26EBF0D97B69C61F615F10F8BDFA999.d.1DB1315ABF04B41E3E5065C32AA92D3C.e.6056/clear - {}
RESULT: {}
COMMAND: POST /session/ca83e481e94148ebe1f8ed3b36dca130/element/f.B26EBF0D97B69C61F615F10F8BDFA999.d.1DB1315ABF04B41E3E5065C32AA92D3C.e.6056/value - {"text":"30412"}
COMMAND: GET /session/ca83e481e94148ebe1f8ed3b36dca130/screenshot - {}
RESULT: {"text":"30412"}
COMMAND: GET /session/ca83e481e94148ebe1f8ed3b36dca130/screenshot - {}
RESULT: {}
RESULT: {}
COMMAND: POST /session/ca83e481e94148ebe1f8ed3b36dca130/actions - {"actions":[{"id":"action18","type":"key","parameters":{},"actions":[{"type":"keyDown","value":""},{"type":"pause","duration":10},{"type":"keyUp","value":""}]}]}
RESULT: {"actions":[{"id":"action18","type":"key","parameters":{},"actions":[{"type":"keyDown","value":""},{"type":"pause","duration":10},{"type":"keyUp","value":""}]}]}
COMMAND: GET /session/ca83e481e94148ebe1f8ed3b36dca130/screenshot - {}
RESULT: {}
COMMAND: POST /session/ca83e481e94148ebe1f8ed3b36dca130/element - {"using":"xpath","value":"//span[contains(@id, \"smartTable-header-inner\")]"}
RESULT: {"using":"xpath","value":"//span[contains(@id, \"smartTable-header-inner\")]"}
COMMAND: POST /session/ca83e481e94148ebe1f8ed3b36dca130/elements - {"using":"xpath","value":"//span[contains(@id, \"smartTable-header-inner\")]"}
RESULT: {"using":"xpath","value":"//span[contains(@id, \"smartTable-header-inner\")]"}
COMMAND: POST /session/ca83e481e94148ebe1f8ed3b36dca130/execute/sync - {"script":"<script> [56 bytes]","args":[{"element-6066-11e4-a52e-4f735466cecf":"f.B26EBF0D97B69C61F615F10F8BDFA999.d.1DB1315ABF04B41E3E5065C32AA92D3C.e.6181","ELEMENT":"f.B26EBF0D97B69C61F615F10F8BDFA999.d.1DB1315ABF04B41E3E5065C32AA92D3C.e.6181"}]}
RESULT: {"script":"<script> [56 bytes]","args":[{"element-6066-11e4-a52e-4f735466cecf":"f.B26EBF0D97B69C61F615F10F8BDFA999.d.1DB1315ABF04B41E3E5065C32AA92D3C.e.6181","ELEMENT":"f.B26EBF0D97B69C61F615F10F8BDFA999.d.1DB1315ABF04B41E3E5065C32AA92D3C.e.6181"}]}
COMMAND: POST /session/ca83e481e94148ebe1f8ed3b36dca130/element - {"using":"xpath","value":"(//span[contains(@id, \"imgNav\")])[1]"}
COMMAND: GET /session/ca83e481e94148ebe1f8ed3b36dca130/screenshot - {}
RESULT: {"using":"xpath","value":"(//span[contains(@id, \"imgNav\")])[1]"}
COMMAND: POST /session/ca83e481e94148ebe1f8ed3b36dca130/element/f.B26EBF0D97B69C61F615F10F8BDFA999.d.1DB1315ABF04B41E3E5065C32AA92D3C.e.6180/click - {}
RESULT: {}
RESULT: {}
COMMAND: GET /session/ca83e481e94148ebe1f8ed3b36dca130/screenshot - {}
RESULT: {}
COMMAND: POST /session/ca83e481e94148ebe1f8ed3b36dca130/element - {"using":"xpath","value":"//section[contains(@id, \"detailManageHO--headerContentForm--FC-NoHead\")]/div/div[4]/div[2]/div/span"}
RESULT: {"using":"xpath","value":"//section[contains(@id, \"detailManageHO--headerContentForm--FC-NoHead\")]/div/div[4]/div[2]/div/span"}
COMMAND: POST /session/ca83e481e94148ebe1f8ed3b36dca130/elements - {"using":"xpath","value":"//section[contains(@id, \"detailManageHO--headerContentForm--FC-NoHead\")]/div/div[4]/div[2]/div/span"}
RESULT: {"using":"xpath","value":"//section[contains(@id, \"detailManageHO--headerContentForm--FC-NoHead\")]/div/div[4]/div[2]/div/span"}
COMMAND: POST /session/ca83e481e94148ebe1f8ed3b36dca130/execute/sync - {"script":"<script> [56 bytes]","args":[{"element-6066-11e4-a52e-4f735466cecf":"f.B26EBF0D97B69C61F615F10F8BDFA999.d.1DB1315ABF04B41E3E5065C32AA92D3C.e.6270","ELEMENT":"f.B26EBF0D97B69C61F615F10F8BDFA999.d.1DB1315ABF04B41E3E5065C32AA92D3C.e.6270"}]}
RESULT: {"script":"<script> [56 bytes]","args":[{"element-6066-11e4-a52e-4f735466cecf":"f.B26EBF0D97B69C61F615F10F8BDFA999.d.1DB1315ABF04B41E3E5065C32AA92D3C.e.6270","ELEMENT":"f.B26EBF0D97B69C61F615F10F8BDFA999.d.1DB1315ABF04B41E3E5065C32AA92D3C.e.6270"}]}
COMMAND: POST /session/ca83e481e94148ebe1f8ed3b36dca130/element - {"using":"xpath","value":"//a[contains(@data-kt ,\"GeneralSectionSendContractLink\")]"}
COMMAND: GET /session/ca83e481e94148ebe1f8ed3b36dca130/screenshot - {}
RESULT: {"using":"xpath","value":"//a[contains(@data-kt ,\"GeneralSectionSendContractLink\")]"}
COMMAND: POST /session/ca83e481e94148ebe1f8ed3b36dca130/element/f.B26EBF0D97B69C61F615F10F8BDFA999.d.1DB1315ABF04B41E3E5065C32AA92D3C.e.6271/click - {}
RESULT: {}
RESULT: {}
COMMAND: GET /session/ca83e481e94148ebe1f8ed3b36dca130/screenshot - {}
RESULT: {}
COMMAND: POST /session/ca83e481e94148ebe1f8ed3b36dca130/element - {"using":"xpath","value":"//a[contains(@data-kt ,\"ContextMenuId2Link\")]"}
RESULT: {"using":"xpath","value":"//a[contains(@data-kt ,\"ContextMenuId2Link\")]"}
COMMAND: POST /session/ca83e481e94148ebe1f8ed3b36dca130/element/f.B26EBF0D97B69C61F615F10F8BDFA999.d.1DB1315ABF04B41E3E5065C32AA92D3C.e.6274/click - {}
RESULT: {}
COMMAND: GET /session/ca83e481e94148ebe1f8ed3b36dca130/screenshot - {}
RESULT: {}
COMMAND: POST /session/ca83e481e94148ebe1f8ed3b36dca130/execute/async - {"script":"<script> [1562 bytes]","args":[{"selector":{"id":"headerBillingItemsTabFilter","viewName":"etm.portal.ui.managecontracts.view.Detail","interaction":{"idSuffix":"text"}},"wdio_ui5_key":"headerBillingItemsTabFilteretmportal.ui.managecontracts.view.Detail"}]}
RESULT: {"script":"<script> [1562 bytes]","args":[{"selector":{"id":"headerBillingItemsTabFilter","viewName":"etm.portal.ui.managecontracts.view.Detail","interaction":{"idSuffix":"text"}},"wdio_ui5_key":"headerBillingItemsTabFilteretmportal.ui.managecontracts.view.Detail"}]}
RESULT: undefined
COMMAND: POST /session/ca83e481e94148ebe1f8ed3b36dca130/element - {"using":"xpath","value":"//*[@id=\"__xmlview63--headerBillingItemsTabFilter\"]"}
RESULT: {"using":"xpath","value":"//*[@id=\"__xmlview63--headerBillingItemsTabFilter\"]"}
COMMAND: POST /session/ca83e481e94148ebe1f8ed3b36dca130/element/f.B26EBF0D97B69C61F615F10F8BDFA999.d.1DB1315ABF04B41E3E5065C32AA92D3C.e.6500/click - {}
RESULT: {}
COMMAND: GET /session/ca83e481e94148ebe1f8ed3b36dca130/screenshot - {}
RESULT: {}
COMMAND: POST /session/ca83e481e94148ebe1f8ed3b36dca130/element - {"using":"xpath","value":"//table[contains(@id, \"ProductsTable-listUl\")]/tbody/tr[1]/td[6]/div/span"}
RESULT: {"using":"xpath","value":"//table[contains(@id, \"ProductsTable-listUl\")]/tbody/tr[1]/td[6]/div/span"}
COMMAND: POST /session/ca83e481e94148ebe1f8ed3b36dca130/elements - {"using":"xpath","value":"//table[contains(@id, \"ProductsTable-listUl\")]/tbody/tr[1]/td[6]/div/span"}
RESULT: {"using":"xpath","value":"//table[contains(@id, \"ProductsTable-listUl\")]/tbody/tr[1]/td[6]/div/span"}
COMMAND: POST /session/ca83e481e94148ebe1f8ed3b36dca130/execute/sync - {"script":"<script> [56 bytes]","args":[{"element-6066-11e4-a52e-4f735466cecf":"f.B26EBF0D97B69C61F615F10F8BDFA999.d.1DB1315ABF04B41E3E5065C32AA92D3C.e.6502","ELEMENT":"f.B26EBF0D97B69C61F615F10F8BDFA999.d.1DB1315ABF04B41E3E5065C32AA92D3C.e.6502"}]}
RESULT: {"script":"<script> [56 bytes]","args":[{"element-6066-11e4-a52e-4f735466cecf":"f.B26EBF0D97B69C61F615F10F8BDFA999.d.1DB1315ABF04B41E3E5065C32AA92D3C.e.6502","ELEMENT":"f.B26EBF0D97B69C61F615F10F8BDFA999.d.1DB1315ABF04B41E3E5065C32AA92D3C.e.6502"}]}
COMMAND: POST /session/ca83e481e94148ebe1f8ed3b36dca130/element - {"using":"css selector","value":"#shell-header-logo"}
COMMAND: GET /session/ca83e481e94148ebe1f8ed3b36dca130/screenshot - {}
RESULT: {"using":"css selector","value":"#shell-header-logo"}
COMMAND: POST /session/ca83e481e94148ebe1f8ed3b36dca130/element/f.B26EBF0D97B69C61F615F10F8BDFA999.d.1DB1315ABF04B41E3E5065C32AA92D3C.e.6054/click - {}
RESULT: {}
RESULT: {}
COMMAND: GET /session/ca83e481e94148ebe1f8ed3b36dca130/screenshot - {}
RESULT: {}
COMMAND: DELETE /session/ca83e481e94148ebe1f8ed3b36dca130 - {}
RESULT: {}
]]></system-out>
    </testcase>
  </testsuite>
</testsuites>