<?xml version="1.0" encoding="UTF-8"?>
<testsuites tests="53" failures="0" errors="0" skipped="0">
  <testsuite timestamp="2025-05-29T17:17:15" time="269.273" tests="5" failures="0" errors="0" skipped="0">
    <properties>
      <property name="specId" value="0"/>
      <property name="suiteName" value="Tests for DXCW CAE environment, including specific login to the system US"/>
      <property name="capabilities" value="chrome.136_0_7103_93.windows"/>
      <property name="file" value="file:///D:/a/1/s/test/specs/BTS/dxcw-cae.spec.js"/>
    </properties>
    <testcase classname="chrome.136_0_7103_93.windows.Tests_for_DXCW_CAE_environment,_including_specific_login_to_the_system_US" name="Should login to the DXCW CAE env US156289" time="24.728">
      <system-out><![CDATA[
COMMAND: POST /session/0483d061f40becc12e3a8004d2d19577/url - {"url":"https://qa-testing-00-live-dxcw-portal.cfapps.eu10-004.hana.ondemand.com/"}
RESULT: {"url":"https://qa-testing-00-live-dxcw-portal.cfapps.eu10-004.hana.ondemand.com/"}
COMMAND: GET /session/0483d061f40becc12e3a8004d2d19577/screenshot - {}
RESULT: {}
COMMAND: POST /session/0483d061f40becc12e3a8004d2d19577/element - {"using":"xpath","value":"//input[@id = \"j_username\"]"}
RESULT: {"using":"xpath","value":"//input[@id = \"j_username\"]"}
COMMAND: POST /session/0483d061f40becc12e3a8004d2d19577/execute/sync - {"script":"<script> [8489 bytes]","args":[{"element-6066-11e4-a52e-4f735466cecf":"f.21909E599E196C0494D8E3CC232C3551.d.C61424EC36433A103C8A88BE1AD7BF06.e.34","ELEMENT":"f.21909E599E196C0494D8E3CC232C3551.d.C61424EC36433A103C8A88BE1AD7BF06.e.34"}]}
RESULT: {"script":"<script> [8489 bytes]","args":[{"element-6066-11e4-a52e-4f735466cecf":"f.21909E599E196C0494D8E3CC232C3551.d.C61424EC36433A103C8A88BE1AD7BF06.e.34","ELEMENT":"f.21909E599E196C0494D8E3CC232C3551.d.C61424EC36433A103C8A88BE1AD7BF06.e.34"}]}
COMMAND: POST /session/0483d061f40becc12e3a8004d2d19577/element - {"using":"xpath","value":"//input[@id = \"j_username\"]"}
COMMAND: GET /session/0483d061f40becc12e3a8004d2d19577/screenshot - {}
RESULT: {"using":"xpath","value":"//input[@id = \"j_username\"]"}
COMMAND: POST /session/0483d061f40becc12e3a8004d2d19577/element/f.21909E599E196C0494D8E3CC232C3551.d.C61424EC36433A103C8A88BE1AD7BF06.e.34/clear - {}
RESULT: {}
RESULT: {}
COMMAND: POST /session/0483d061f40becc12e3a8004d2d19577/element/f.21909E599E196C0494D8E3CC232C3551.d.C61424EC36433A103C8A88BE1AD7BF06.e.34/value - {"text":"test1etm@bearingpoint.com"}
COMMAND: GET /session/0483d061f40becc12e3a8004d2d19577/screenshot - {}
RESULT: {"text":"test1etm@bearingpoint.com"}
COMMAND: POST /session/0483d061f40becc12e3a8004d2d19577/element - {"using":"xpath","value":"//input[@id = \"j_password\"]"}
COMMAND: GET /session/0483d061f40becc12e3a8004d2d19577/screenshot - {}
RESULT: {}
RESULT: {"using":"xpath","value":"//input[@id = \"j_password\"]"}
COMMAND: POST /session/0483d061f40becc12e3a8004d2d19577/element/f.21909E599E196C0494D8E3CC232C3551.d.C61424EC36433A103C8A88BE1AD7BF06.e.36/clear - {}
RESULT: {}
RESULT: {}
COMMAND: POST /session/0483d061f40becc12e3a8004d2d19577/element/f.21909E599E196C0494D8E3CC232C3551.d.C61424EC36433A103C8A88BE1AD7BF06.e.36/value - {"text":"ETM.next2024"}
COMMAND: GET /session/0483d061f40becc12e3a8004d2d19577/screenshot - {}
RESULT: {"text":"ETM.next2024"}
COMMAND: GET /session/0483d061f40becc12e3a8004d2d19577/screenshot - {}
RESULT: {}
RESULT: {}
COMMAND: POST /session/0483d061f40becc12e3a8004d2d19577/element - {"using":"css selector","value":"button[type=\"submit\"]"}
RESULT: {"using":"css selector","value":"button[type=\"submit\"]"}
COMMAND: POST /session/0483d061f40becc12e3a8004d2d19577/element/f.21909E599E196C0494D8E3CC232C3551.d.C61424EC36433A103C8A88BE1AD7BF06.e.57/click - {}
RESULT: {}
COMMAND: POST /session/0483d061f40becc12e3a8004d2d19577/element - {"using":"xpath","value":"//a[contains(@aria-label,\"Migration Service\")]"}
COMMAND: GET /session/0483d061f40becc12e3a8004d2d19577/screenshot - {}
RESULT: {"using":"xpath","value":"//a[contains(@aria-label,\"Migration Service\")]"}
COMMAND: POST /session/0483d061f40becc12e3a8004d2d19577/execute/sync - {"script":"<script> [8489 bytes]","args":[{"element-6066-11e4-a52e-4f735466cecf":"f.21909E599E196C0494D8E3CC232C3551.d.F25F8841715B367F85DBFA4EE0481A6C.e.86","ELEMENT":"f.21909E599E196C0494D8E3CC232C3551.d.F25F8841715B367F85DBFA4EE0481A6C.e.86"}]}
RESULT: {}
RESULT: {"script":"<script> [8489 bytes]","args":[{"element-6066-11e4-a52e-4f735466cecf":"f.21909E599E196C0494D8E3CC232C3551.d.F25F8841715B367F85DBFA4EE0481A6C.e.86","ELEMENT":"f.21909E599E196C0494D8E3CC232C3551.d.F25F8841715B367F85DBFA4EE0481A6C.e.86"}]}
COMMAND: POST /session/0483d061f40becc12e3a8004d2d19577/execute/sync - {"script":"<script> [8489 bytes]","args":[{"element-6066-11e4-a52e-4f735466cecf":"f.21909E599E196C0494D8E3CC232C3551.d.F25F8841715B367F85DBFA4EE0481A6C.e.86","ELEMENT":"f.21909E599E196C0494D8E3CC232C3551.d.F25F8841715B367F85DBFA4EE0481A6C.e.86"}]}
COMMAND: GET /session/0483d061f40becc12e3a8004d2d19577/screenshot - {}
RESULT: {"script":"<script> [8489 bytes]","args":[{"element-6066-11e4-a52e-4f735466cecf":"f.21909E599E196C0494D8E3CC232C3551.d.F25F8841715B367F85DBFA4EE0481A6C.e.86","ELEMENT":"f.21909E599E196C0494D8E3CC232C3551.d.F25F8841715B367F85DBFA4EE0481A6C.e.86"}]}
COMMAND: POST /session/0483d061f40becc12e3a8004d2d19577/window/fullscreen - {}
COMMAND: GET /session/0483d061f40becc12e3a8004d2d19577/screenshot - {}
RESULT: {}
RESULT: {}
COMMAND: POST /session/0483d061f40becc12e3a8004d2d19577/execute/async - {"script":"<script> [189 bytes]","args":[]}
RESULT: {}
RESULT: {"script":"<script> [189 bytes]","args":[]}
COMMAND: POST /session/0483d061f40becc12e3a8004d2d19577/execute/async - {"script":"<script> [123 bytes]","args":[]}
RESULT: {"script":"<script> [123 bytes]","args":[]}
COMMAND: POST /session/0483d061f40becc12e3a8004d2d19577/timeouts - {"script":"<number>"}
RESULT: {"script":"<number>"}
COMMAND: GET /session/0483d061f40becc12e3a8004d2d19577/timeouts - {}
RESULT: {}
COMMAND: POST /session/0483d061f40becc12e3a8004d2d19577/execute/async - {"script":"<script> [78 bytes]","args":[]}
RESULT: {"script":"<script> [78 bytes]","args":[]}
RESULT: undefined
COMMAND: POST /session/0483d061f40becc12e3a8004d2d19577/execute/async - {"script":"<script> [2676 bytes]","args":[]}
RESULT: {"script":"<script> [2676 bytes]","args":[]}
COMMAND: POST /session/0483d061f40becc12e3a8004d2d19577/execute/async - {"script":"<script> [2342 bytes]","args":[{"protocol":"http","hostname":"0.0.0.0","path":"/","capabilities":{"browserName":"chrome","goog:chromeOptions":{"binary":"C:\\Program Files\\Google\\Chrome\\Application\\chrome.exe","args":["--start-maximized"]}},"logLevel":"warn","connectionRetryTimeout":120000,"connectionRetryCount":3,"logLevels":{},"enableDirectConnect":true,"strictSSL":true,"_":"65 more keys: [\"cacheDir\",\"port\",\"requestedCapabilities\",\"automationProtocol\",\"baseUrl\",\"waitforInterval\",\"waitforTimeout\",\"onReload\",\"beforeCommand\",\"afterCommand\",\"rootDir\",\"specs\",\"suites\",\"exclude\",\"groupLogsByTestSpec\",\"excludeDriverLogs\",\"bail\",\"framework\",\"reporters\",\"services\",\"maxInstances\",\"maxInstancesPerCapability\",\"injectGlobals\",\"filesToWatch\",\"execArgv\",\"runnerEnv\",\"runner\",\"shard\",\"specFileRetries\",\"specFileRetriesDelay\",\"specFileRetriesDeferred\",\"reporterSyncInterval\",\"reporterSyncTimeout\",\"cucumberFeaturesWithLineNumbers\",\"autoCompileOpts\",\"mochaOpts\",\"jasmineOpts\",\"cucumberOpts\",\"onPrepare\",\"onWorkerStart\",\"onWorkerEnd\",\"before\",\"beforeSession\",\"beforeSuite\",\"beforeHook\",\"beforeTest\",\"afterTest\",\"afterHook\",\"afterSuite\",\"afterSession\",\"after\",\"onComplete\",\"beforeAssertion\",\"afterAssertion\",\"beforeFeature\",\"beforeScenario\",\"beforeStep\",\"afterStep\",\"afterScenario\",\"afterFeature\",\"_\",\"suite\",\"$0\",\"ignoredWorkerServices\",\"wdi5\"]"}]}
RESULT: {"script":"<script> [2342 bytes]","args":[{"protocol":"http","hostname":"0.0.0.0","path":"/","capabilities":{"browserName":"chrome","goog:chromeOptions":{"binary":"C:\\Program Files\\Google\\Chrome\\Application\\chrome.exe","args":["--start-maximized"]}},"logLevel":"warn","connectionRetryTimeout":120000,"connectionRetryCount":3,"logLevels":{},"enableDirectConnect":true,"strictSSL":true,"_":"65 more keys: [\"cacheDir\",\"port\",\"requestedCapabilities\",\"automationProtocol\",\"baseUrl\",\"waitforInterval\",\"waitforTimeout\",\"onReload\",\"beforeCommand\",\"afterCommand\",\"rootDir\",\"specs\",\"suites\",\"exclude\",\"groupLogsByTestSpec\",\"excludeDriverLogs\",\"bail\",\"framework\",\"reporters\",\"services\",\"maxInstances\",\"maxInstancesPerCapability\",\"injectGlobals\",\"filesToWatch\",\"execArgv\",\"runnerEnv\",\"runner\",\"shard\",\"specFileRetries\",\"specFileRetriesDelay\",\"specFileRetriesDeferred\",\"reporterSyncInterval\",\"reporterSyncTimeout\",\"cucumberFeaturesWithLineNumbers\",\"autoCompileOpts\",\"mochaOpts\",\"jasmineOpts\",\"cucumberOpts\",\"onPrepare\",\"onWorkerStart\",\"onWorkerEnd\",\"before\",\"beforeSession\",\"beforeSuite\",\"beforeHook\",\"beforeTest\",\"afterTest\",\"afterHook\",\"afterSuite\",\"afterSession\",\"after\",\"onComplete\",\"beforeAssertion\",\"afterAssertion\",\"beforeFeature\",\"beforeScenario\",\"beforeStep\",\"afterStep\",\"afterScenario\",\"afterFeature\",\"_\",\"suite\",\"$0\",\"ignoredWorkerServices\",\"wdi5\"]"}]}
COMMAND: POST /session/0483d061f40becc12e3a8004d2d19577/execute/async - {"script":"<script> [21126 bytes]","args":[35000]}
RESULT: {"script":"<script> [21126 bytes]","args":[35000]}
]]></system-out>
    </testcase>
    <testcase classname="chrome.136_0_7103_93.windows.Tests_for_DXCW_CAE_environment,_including_specific_login_to_the_system_US" name="Should upload address file entry used for later tests as master data US156291" time="79.126">
      <system-out><![CDATA[
COMMAND: POST /session/0483d061f40becc12e3a8004d2d19577/execute/async - {"script":"<script> [1562 bytes]","args":[{"selector":{"controlType":"sap.m.GenericTile","properties":{"header":"Migration Service"}},"wdio_ui5_key":"sapm.GenericTile{\"header\":\"Migration Service\"}"}]}
RESULT: {"script":"<script> [1562 bytes]","args":[{"selector":{"controlType":"sap.m.GenericTile","properties":{"header":"Migration Service"}},"wdio_ui5_key":"sapm.GenericTile{\"header\":\"Migration Service\"}"}]}
RESULT: undefined
COMMAND: POST /session/0483d061f40becc12e3a8004d2d19577/element - {"using":"xpath","value":"//*[@id=\"__tile25\"]"}
RESULT: {"using":"xpath","value":"//*[@id=\"__tile25\"]"}
COMMAND: POST /session/0483d061f40becc12e3a8004d2d19577/element/f.21909E599E196C0494D8E3CC232C3551.d.F25F8841715B367F85DBFA4EE0481A6C.e.130/click - {}
RESULT: {}
COMMAND: GET /session/0483d061f40becc12e3a8004d2d19577/screenshot - {}
RESULT: {}
RESULT: undefined
RESULT: undefined
RESULT: undefined
RESULT: undefined
COMMAND: POST /session/0483d061f40becc12e3a8004d2d19577/elements - {"using":"xpath","value":"//span[text()='Error']"}
RESULT: {"using":"xpath","value":"//span[text()='Error']"}
COMMAND: POST /session/0483d061f40becc12e3a8004d2d19577/execute/async - {"script":"<script> [1562 bytes]","args":[{"selector":{"controlType":"sap.m.GenericTile","viewName":"bbs.dxcw.migration.view.Home","i18NText":{"propertyName":"header","key":"migrationService"}},"wdio_ui5_key":"bbsdxcw.migration.view.Homesap.m.GenericTile{\"propertyName\":\"header\",\"key\":\"migrationService\"}"}]}
RESULT: {"script":"<script> [1562 bytes]","args":[{"selector":{"controlType":"sap.m.GenericTile","viewName":"bbs.dxcw.migration.view.Home","i18NText":{"propertyName":"header","key":"migrationService"}},"wdio_ui5_key":"bbsdxcw.migration.view.Homesap.m.GenericTile{\"propertyName\":\"header\",\"key\":\"migrationService\"}"}]}
RESULT: undefined
COMMAND: POST /session/0483d061f40becc12e3a8004d2d19577/element - {"using":"xpath","value":"//*[@id=\"__tile26\"]"}
RESULT: {"using":"xpath","value":"//*[@id=\"__tile26\"]"}
COMMAND: POST /session/0483d061f40becc12e3a8004d2d19577/element/f.21909E599E196C0494D8E3CC232C3551.d.F25F8841715B367F85DBFA4EE0481A6C.e.134/click - {}
RESULT: {}
COMMAND: GET /session/0483d061f40becc12e3a8004d2d19577/screenshot - {}
RESULT: {}
COMMAND: POST /session/0483d061f40becc12e3a8004d2d19577/element - {"using":"xpath","value":"//bdi[contains(text(), \"Create new Draft\")]"}
RESULT: {"using":"xpath","value":"//bdi[contains(text(), \"Create new Draft\")]"}
COMMAND: POST /session/0483d061f40becc12e3a8004d2d19577/elements - {"using":"xpath","value":"//bdi[contains(text(), \"Create new Draft\")]"}
RESULT: {"using":"xpath","value":"//bdi[contains(text(), \"Create new Draft\")]"}
COMMAND: POST /session/0483d061f40becc12e3a8004d2d19577/execute/sync - {"script":"<script> [8489 bytes]","args":[{"element-6066-11e4-a52e-4f735466cecf":"f.21909E599E196C0494D8E3CC232C3551.d.F25F8841715B367F85DBFA4EE0481A6C.e.154","ELEMENT":"f.21909E599E196C0494D8E3CC232C3551.d.F25F8841715B367F85DBFA4EE0481A6C.e.154"}]}
RESULT: {"script":"<script> [8489 bytes]","args":[{"element-6066-11e4-a52e-4f735466cecf":"f.21909E599E196C0494D8E3CC232C3551.d.F25F8841715B367F85DBFA4EE0481A6C.e.154","ELEMENT":"f.21909E599E196C0494D8E3CC232C3551.d.F25F8841715B367F85DBFA4EE0481A6C.e.154"}]}
COMMAND: GET /session/0483d061f40becc12e3a8004d2d19577/element/f.21909E599E196C0494D8E3CC232C3551.d.F25F8841715B367F85DBFA4EE0481A6C.e.154/enabled - {}
COMMAND: GET /session/0483d061f40becc12e3a8004d2d19577/screenshot - {}
RESULT: {}
COMMAND: POST /session/0483d061f40becc12e3a8004d2d19577/execute/sync - {"script":"<script> [8489 bytes]","args":[{"element-6066-11e4-a52e-4f735466cecf":"f.21909E599E196C0494D8E3CC232C3551.d.F25F8841715B367F85DBFA4EE0481A6C.e.154","ELEMENT":"f.21909E599E196C0494D8E3CC232C3551.d.F25F8841715B367F85DBFA4EE0481A6C.e.154"}]}
COMMAND: GET /session/0483d061f40becc12e3a8004d2d19577/screenshot - {}
RESULT: {}
RESULT: {"script":"<script> [8489 bytes]","args":[{"element-6066-11e4-a52e-4f735466cecf":"f.21909E599E196C0494D8E3CC232C3551.d.F25F8841715B367F85DBFA4EE0481A6C.e.154","ELEMENT":"f.21909E599E196C0494D8E3CC232C3551.d.F25F8841715B367F85DBFA4EE0481A6C.e.154"}]}
COMMAND: POST /session/0483d061f40becc12e3a8004d2d19577/execute/sync - {"script":"<script> [5351 bytes]","args":[{"element-6066-11e4-a52e-4f735466cecf":"f.21909E599E196C0494D8E3CC232C3551.d.F25F8841715B367F85DBFA4EE0481A6C.e.154","ELEMENT":"f.21909E599E196C0494D8E3CC232C3551.d.F25F8841715B367F85DBFA4EE0481A6C.e.154"}]}
COMMAND: GET /session/0483d061f40becc12e3a8004d2d19577/screenshot - {}
RESULT: {}
RESULT: {"script":"<script> [5351 bytes]","args":[{"element-6066-11e4-a52e-4f735466cecf":"f.21909E599E196C0494D8E3CC232C3551.d.F25F8841715B367F85DBFA4EE0481A6C.e.154","ELEMENT":"f.21909E599E196C0494D8E3CC232C3551.d.F25F8841715B367F85DBFA4EE0481A6C.e.154"}]}
COMMAND: GET /session/0483d061f40becc12e3a8004d2d19577/screenshot - {}
RESULT: {}
RESULT: {}
COMMAND: POST /session/0483d061f40becc12e3a8004d2d19577/element - {"using":"xpath","value":"//bdi[contains(text(), \"Create new Draft\")]"}
RESULT: {"using":"xpath","value":"//bdi[contains(text(), \"Create new Draft\")]"}
COMMAND: POST /session/0483d061f40becc12e3a8004d2d19577/element/f.21909E599E196C0494D8E3CC232C3551.d.F25F8841715B367F85DBFA4EE0481A6C.e.154/click - {}
RESULT: {}
COMMAND: GET /session/0483d061f40becc12e3a8004d2d19577/screenshot - {}
RESULT: {}
COMMAND: POST /session/0483d061f40becc12e3a8004d2d19577/element - {"using":"xpath","value":"//li[.//div[text()=\"Address\"]]"}
RESULT: {"using":"xpath","value":"//li[.//div[text()=\"Address\"]]"}
COMMAND: POST /session/0483d061f40becc12e3a8004d2d19577/element/f.21909E599E196C0494D8E3CC232C3551.d.F25F8841715B367F85DBFA4EE0481A6C.e.297/click - {}
RESULT: {}
COMMAND: GET /session/0483d061f40becc12e3a8004d2d19577/screenshot - {}
COMMAND: POST /session/0483d061f40becc12e3a8004d2d19577/file - {"file":"[base64] 7084 bytes"}
RESULT: {}
RESULT: {"file":"[base64] 7084 bytes"}
COMMAND: POST /session/0483d061f40becc12e3a8004d2d19577/element - {"using":"xpath","value":"//input[(@type=\"file\") and contains(@id,\"BOList-10-0-1-uploader-fu\")]"}
RESULT: {"using":"xpath","value":"//input[(@type=\"file\") and contains(@id,\"BOList-10-0-1-uploader-fu\")]"}
COMMAND: POST /session/0483d061f40becc12e3a8004d2d19577/element/f.21909E599E196C0494D8E3CC232C3551.d.F25F8841715B367F85DBFA4EE0481A6C.e.299/clear - {}
RESULT: {}
COMMAND: POST /session/0483d061f40becc12e3a8004d2d19577/element/f.21909E599E196C0494D8E3CC232C3551.d.F25F8841715B367F85DBFA4EE0481A6C.e.299/value - {"text":"C:\\Windows\\SystemTemp\\scoped_dir3220_1653366181\\upload3220_1270321969\\Address.xlsx"}
COMMAND: GET /session/0483d061f40becc12e3a8004d2d19577/screenshot - {}
RESULT: {"text":"C:\\Windows\\SystemTemp\\scoped_dir3220_1653366181\\upload3220_1270321969\\Address.xlsx"}
COMMAND: GET /session/0483d061f40becc12e3a8004d2d19577/screenshot - {}
RESULT: {}
RESULT: {}
COMMAND: POST /session/0483d061f40becc12e3a8004d2d19577/element - {"using":"xpath","value":"//bdi[contains(text(), \"Match by name\")]"}
RESULT: {"using":"xpath","value":"//bdi[contains(text(), \"Match by name\")]"}
COMMAND: POST /session/0483d061f40becc12e3a8004d2d19577/element/f.21909E599E196C0494D8E3CC232C3551.d.F25F8841715B367F85DBFA4EE0481A6C.e.313/click - {}
RESULT: {}
COMMAND: GET /session/0483d061f40becc12e3a8004d2d19577/screenshot - {}
RESULT: {}
COMMAND: POST /session/0483d061f40becc12e3a8004d2d19577/element - {"using":"xpath","value":"//bdi[text() = \"OK\"]"}
RESULT: {"using":"xpath","value":"//bdi[text() = \"OK\"]"}
COMMAND: POST /session/0483d061f40becc12e3a8004d2d19577/element/f.21909E599E196C0494D8E3CC232C3551.d.F25F8841715B367F85DBFA4EE0481A6C.e.315/click - {}
RESULT: {}
COMMAND: GET /session/0483d061f40becc12e3a8004d2d19577/screenshot - {}
RESULT: {}
COMMAND: POST /session/0483d061f40becc12e3a8004d2d19577/element - {"using":"xpath","value":"//button[contains(@id,\"uploadBtn\")]"}
RESULT: {"using":"xpath","value":"//button[contains(@id,\"uploadBtn\")]"}
COMMAND: POST /session/0483d061f40becc12e3a8004d2d19577/element/f.21909E599E196C0494D8E3CC232C3551.d.F25F8841715B367F85DBFA4EE0481A6C.e.294/click - {}
RESULT: {}
COMMAND: GET /session/0483d061f40becc12e3a8004d2d19577/screenshot - {}
RESULT: {}
COMMAND: POST /session/0483d061f40becc12e3a8004d2d19577/element - {"using":"xpath","value":"//button[.//bdi[contains(text(),\"Refresh Logs\")]]"}
RESULT: {"using":"xpath","value":"//button[.//bdi[contains(text(),\"Refresh Logs\")]]"}
COMMAND: POST /session/0483d061f40becc12e3a8004d2d19577/element/f.21909E599E196C0494D8E3CC232C3551.d.F25F8841715B367F85DBFA4EE0481A6C.e.325/click - {}
RESULT: {}
COMMAND: GET /session/0483d061f40becc12e3a8004d2d19577/screenshot - {}
RESULT: {}
COMMAND: POST /session/0483d061f40becc12e3a8004d2d19577/element - {"using":"xpath","value":"//table[contains(@id,\"customHandoversTable-listUl\")]/tbody/tr[1]/td[4]/span"}
RESULT: {"using":"xpath","value":"//table[contains(@id,\"customHandoversTable-listUl\")]/tbody/tr[1]/td[4]/span"}
COMMAND: POST /session/0483d061f40becc12e3a8004d2d19577/execute/sync - {"script":"<script> [56 bytes]","args":[{"element-6066-11e4-a52e-4f735466cecf":"f.21909E599E196C0494D8E3CC232C3551.d.F25F8841715B367F85DBFA4EE0481A6C.e.612","ELEMENT":"f.21909E599E196C0494D8E3CC232C3551.d.F25F8841715B367F85DBFA4EE0481A6C.e.612"}]}
RESULT: {"script":"<script> [56 bytes]","args":[{"element-6066-11e4-a52e-4f735466cecf":"f.21909E599E196C0494D8E3CC232C3551.d.F25F8841715B367F85DBFA4EE0481A6C.e.612","ELEMENT":"f.21909E599E196C0494D8E3CC232C3551.d.F25F8841715B367F85DBFA4EE0481A6C.e.612"}]}
COMMAND: POST /session/0483d061f40becc12e3a8004d2d19577/element - {"using":"xpath","value":"//table[contains(@id,\"customHandoversTable-listUl\")]/tbody/tr[1]/td[7]/div/span[2]"}
COMMAND: GET /session/0483d061f40becc12e3a8004d2d19577/screenshot - {}
RESULT: {"using":"xpath","value":"//table[contains(@id,\"customHandoversTable-listUl\")]/tbody/tr[1]/td[7]/div/span[2]"}
COMMAND: POST /session/0483d061f40becc12e3a8004d2d19577/execute/sync - {"script":"<script> [56 bytes]","args":[{"element-6066-11e4-a52e-4f735466cecf":"f.21909E599E196C0494D8E3CC232C3551.d.F25F8841715B367F85DBFA4EE0481A6C.e.613","ELEMENT":"f.21909E599E196C0494D8E3CC232C3551.d.F25F8841715B367F85DBFA4EE0481A6C.e.613"}]}
RESULT: {}
RESULT: {"script":"<script> [56 bytes]","args":[{"element-6066-11e4-a52e-4f735466cecf":"f.21909E599E196C0494D8E3CC232C3551.d.F25F8841715B367F85DBFA4EE0481A6C.e.613","ELEMENT":"f.21909E599E196C0494D8E3CC232C3551.d.F25F8841715B367F85DBFA4EE0481A6C.e.613"}]}
COMMAND: POST /session/0483d061f40becc12e3a8004d2d19577/element - {"using":"xpath","value":"//table[contains(@id,\"customHandoversTable-listUl\")]/tbody/tr[1]/td[8]/div/span[2]"}
COMMAND: GET /session/0483d061f40becc12e3a8004d2d19577/screenshot - {}
RESULT: {"using":"xpath","value":"//table[contains(@id,\"customHandoversTable-listUl\")]/tbody/tr[1]/td[8]/div/span[2]"}
COMMAND: POST /session/0483d061f40becc12e3a8004d2d19577/execute/sync - {"script":"<script> [56 bytes]","args":[{"element-6066-11e4-a52e-4f735466cecf":"f.21909E599E196C0494D8E3CC232C3551.d.F25F8841715B367F85DBFA4EE0481A6C.e.616","ELEMENT":"f.21909E599E196C0494D8E3CC232C3551.d.F25F8841715B367F85DBFA4EE0481A6C.e.616"}]}
RESULT: {}
RESULT: {"script":"<script> [56 bytes]","args":[{"element-6066-11e4-a52e-4f735466cecf":"f.21909E599E196C0494D8E3CC232C3551.d.F25F8841715B367F85DBFA4EE0481A6C.e.616","ELEMENT":"f.21909E599E196C0494D8E3CC232C3551.d.F25F8841715B367F85DBFA4EE0481A6C.e.616"}]}
COMMAND: GET /session/0483d061f40becc12e3a8004d2d19577/screenshot - {}
RESULT: {}
COMMAND: POST /session/0483d061f40becc12e3a8004d2d19577/execute/async - {"script":"<script> [1562 bytes]","args":[{"selector":{"controlType":"sap.ui.core.Icon","viewName":"bbs.dxcw.migration.view.migration.MigrationMaster","properties":{"src":{"regex":{"source":"notes"}}}},"wdio_ui5_key":"bbsdxcw.migration.view.migration.MigrationMastersap.ui.core.Icon{\"src\":{\"regex\":{\"source\":\"notes\"}}}"}]}
RESULT: {"script":"<script> [1562 bytes]","args":[{"selector":{"controlType":"sap.ui.core.Icon","viewName":"bbs.dxcw.migration.view.migration.MigrationMaster","properties":{"src":{"regex":{"source":"notes"}}}},"wdio_ui5_key":"bbsdxcw.migration.view.migration.MigrationMastersap.ui.core.Icon{\"src\":{\"regex\":{\"source\":\"notes\"}}}"}]}
RESULT: undefined
COMMAND: POST /session/0483d061f40becc12e3a8004d2d19577/element - {"using":"xpath","value":"//*[@id=\"__filter0-icon\"]"}
RESULT: {"using":"xpath","value":"//*[@id=\"__filter0-icon\"]"}
COMMAND: POST /session/0483d061f40becc12e3a8004d2d19577/element/f.21909E599E196C0494D8E3CC232C3551.d.F25F8841715B367F85DBFA4EE0481A6C.e.617/click - {}
RESULT: {}
COMMAND: GET /session/0483d061f40becc12e3a8004d2d19577/screenshot - {}
RESULT: {}
]]></system-out>
    </testcase>
    <testcase classname="chrome.136_0_7103_93.windows.Tests_for_DXCW_CAE_environment,_including_specific_login_to_the_system_US" name="Should upload yard file entry used for later tests as master data US156291" time="47.808">
      <system-out><![CDATA[
COMMAND: POST /session/0483d061f40becc12e3a8004d2d19577/element - {"using":"xpath","value":"//bdi[contains(text(), \"Create new Draft\")]"}
RESULT: {"using":"xpath","value":"//bdi[contains(text(), \"Create new Draft\")]"}
COMMAND: POST /session/0483d061f40becc12e3a8004d2d19577/element/f.21909E599E196C0494D8E3CC232C3551.d.F25F8841715B367F85DBFA4EE0481A6C.e.621/click - {}
RESULT: {}
COMMAND: GET /session/0483d061f40becc12e3a8004d2d19577/screenshot - {}
RESULT: {}
COMMAND: POST /session/0483d061f40becc12e3a8004d2d19577/element - {"using":"xpath","value":"//li[.//div[text()=\"Yards\"]]"}
RESULT: {"using":"xpath","value":"//li[.//div[text()=\"Yards\"]]"}
COMMAND: POST /session/0483d061f40becc12e3a8004d2d19577/element/f.21909E599E196C0494D8E3CC232C3551.d.F25F8841715B367F85DBFA4EE0481A6C.e.741/click - {}
RESULT: {}
COMMAND: GET /session/0483d061f40becc12e3a8004d2d19577/screenshot - {}
COMMAND: POST /session/0483d061f40becc12e3a8004d2d19577/file - {"file":"[base64] 6816 bytes"}
RESULT: {}
RESULT: {"file":"[base64] 6816 bytes"}
COMMAND: POST /session/0483d061f40becc12e3a8004d2d19577/element - {"using":"xpath","value":"//input[(@type=\"file\") and contains(@id,\"BOList-15-0-1-uploader-fu\")]"}
RESULT: {"using":"xpath","value":"//input[(@type=\"file\") and contains(@id,\"BOList-15-0-1-uploader-fu\")]"}
COMMAND: POST /session/0483d061f40becc12e3a8004d2d19577/element/f.21909E599E196C0494D8E3CC232C3551.d.F25F8841715B367F85DBFA4EE0481A6C.e.744/clear - {}
RESULT: {}
COMMAND: POST /session/0483d061f40becc12e3a8004d2d19577/element/f.21909E599E196C0494D8E3CC232C3551.d.F25F8841715B367F85DBFA4EE0481A6C.e.744/value - {"text":"C:\\Windows\\SystemTemp\\scoped_dir3220_1653366181\\upload3220_24268959\\Yards.xlsx"}
COMMAND: GET /session/0483d061f40becc12e3a8004d2d19577/screenshot - {}
RESULT: {"text":"C:\\Windows\\SystemTemp\\scoped_dir3220_1653366181\\upload3220_24268959\\Yards.xlsx"}
COMMAND: GET /session/0483d061f40becc12e3a8004d2d19577/screenshot - {}
RESULT: {}
RESULT: {}
COMMAND: POST /session/0483d061f40becc12e3a8004d2d19577/element - {"using":"xpath","value":"//bdi[contains(text(), \"Match by name\")]"}
RESULT: {"using":"xpath","value":"//bdi[contains(text(), \"Match by name\")]"}
COMMAND: POST /session/0483d061f40becc12e3a8004d2d19577/element/f.21909E599E196C0494D8E3CC232C3551.d.F25F8841715B367F85DBFA4EE0481A6C.e.752/click - {}
RESULT: {}
COMMAND: GET /session/0483d061f40becc12e3a8004d2d19577/screenshot - {}
RESULT: {}
COMMAND: POST /session/0483d061f40becc12e3a8004d2d19577/element - {"using":"xpath","value":"//bdi[text() = \"OK\"]"}
RESULT: {"using":"xpath","value":"//bdi[text() = \"OK\"]"}
COMMAND: POST /session/0483d061f40becc12e3a8004d2d19577/element/f.21909E599E196C0494D8E3CC232C3551.d.F25F8841715B367F85DBFA4EE0481A6C.e.753/click - {}
RESULT: {}
COMMAND: GET /session/0483d061f40becc12e3a8004d2d19577/screenshot - {}
RESULT: {}
COMMAND: POST /session/0483d061f40becc12e3a8004d2d19577/element - {"using":"xpath","value":"//button[contains(@id,\"uploadBtn\")]"}
RESULT: {"using":"xpath","value":"//button[contains(@id,\"uploadBtn\")]"}
COMMAND: POST /session/0483d061f40becc12e3a8004d2d19577/element/f.21909E599E196C0494D8E3CC232C3551.d.F25F8841715B367F85DBFA4EE0481A6C.e.294/click - {}
RESULT: {}
COMMAND: GET /session/0483d061f40becc12e3a8004d2d19577/screenshot - {}
RESULT: {}
COMMAND: POST /session/0483d061f40becc12e3a8004d2d19577/element - {"using":"xpath","value":"//button[.//bdi[contains(text(),\"Refresh Logs\")]]"}
RESULT: {"using":"xpath","value":"//button[.//bdi[contains(text(),\"Refresh Logs\")]]"}
COMMAND: POST /session/0483d061f40becc12e3a8004d2d19577/element/f.21909E599E196C0494D8E3CC232C3551.d.F25F8841715B367F85DBFA4EE0481A6C.e.760/click - {}
RESULT: {}
COMMAND: GET /session/0483d061f40becc12e3a8004d2d19577/screenshot - {}
RESULT: {}
COMMAND: POST /session/0483d061f40becc12e3a8004d2d19577/element - {"using":"xpath","value":"//table[contains(@id,\"customHandoversTable-listUl\")]/tbody/tr[1]/td[4]/span"}
RESULT: {"using":"xpath","value":"//table[contains(@id,\"customHandoversTable-listUl\")]/tbody/tr[1]/td[4]/span"}
COMMAND: POST /session/0483d061f40becc12e3a8004d2d19577/execute/sync - {"script":"<script> [56 bytes]","args":[{"element-6066-11e4-a52e-4f735466cecf":"f.21909E599E196C0494D8E3CC232C3551.d.F25F8841715B367F85DBFA4EE0481A6C.e.1047","ELEMENT":"f.21909E599E196C0494D8E3CC232C3551.d.F25F8841715B367F85DBFA4EE0481A6C.e.1047"}]}
RESULT: {"script":"<script> [56 bytes]","args":[{"element-6066-11e4-a52e-4f735466cecf":"f.21909E599E196C0494D8E3CC232C3551.d.F25F8841715B367F85DBFA4EE0481A6C.e.1047","ELEMENT":"f.21909E599E196C0494D8E3CC232C3551.d.F25F8841715B367F85DBFA4EE0481A6C.e.1047"}]}
COMMAND: POST /session/0483d061f40becc12e3a8004d2d19577/element - {"using":"xpath","value":"//table[contains(@id,\"customHandoversTable-listUl\")]/tbody/tr[1]/td[7]/div/span[2]"}
COMMAND: GET /session/0483d061f40becc12e3a8004d2d19577/screenshot - {}
RESULT: {"using":"xpath","value":"//table[contains(@id,\"customHandoversTable-listUl\")]/tbody/tr[1]/td[7]/div/span[2]"}
COMMAND: POST /session/0483d061f40becc12e3a8004d2d19577/execute/sync - {"script":"<script> [56 bytes]","args":[{"element-6066-11e4-a52e-4f735466cecf":"f.21909E599E196C0494D8E3CC232C3551.d.F25F8841715B367F85DBFA4EE0481A6C.e.1048","ELEMENT":"f.21909E599E196C0494D8E3CC232C3551.d.F25F8841715B367F85DBFA4EE0481A6C.e.1048"}]}
RESULT: {}
RESULT: {"script":"<script> [56 bytes]","args":[{"element-6066-11e4-a52e-4f735466cecf":"f.21909E599E196C0494D8E3CC232C3551.d.F25F8841715B367F85DBFA4EE0481A6C.e.1048","ELEMENT":"f.21909E599E196C0494D8E3CC232C3551.d.F25F8841715B367F85DBFA4EE0481A6C.e.1048"}]}
COMMAND: POST /session/0483d061f40becc12e3a8004d2d19577/element - {"using":"xpath","value":"//table[contains(@id,\"customHandoversTable-listUl\")]/tbody/tr[1]/td[8]/div/span[2]"}
COMMAND: GET /session/0483d061f40becc12e3a8004d2d19577/screenshot - {}
RESULT: {"using":"xpath","value":"//table[contains(@id,\"customHandoversTable-listUl\")]/tbody/tr[1]/td[8]/div/span[2]"}
COMMAND: POST /session/0483d061f40becc12e3a8004d2d19577/execute/sync - {"script":"<script> [56 bytes]","args":[{"element-6066-11e4-a52e-4f735466cecf":"f.21909E599E196C0494D8E3CC232C3551.d.F25F8841715B367F85DBFA4EE0481A6C.e.1051","ELEMENT":"f.21909E599E196C0494D8E3CC232C3551.d.F25F8841715B367F85DBFA4EE0481A6C.e.1051"}]}
RESULT: {}
RESULT: {"script":"<script> [56 bytes]","args":[{"element-6066-11e4-a52e-4f735466cecf":"f.21909E599E196C0494D8E3CC232C3551.d.F25F8841715B367F85DBFA4EE0481A6C.e.1051","ELEMENT":"f.21909E599E196C0494D8E3CC232C3551.d.F25F8841715B367F85DBFA4EE0481A6C.e.1051"}]}
COMMAND: GET /session/0483d061f40becc12e3a8004d2d19577/screenshot - {}
RESULT: {}
RESULT: undefined
COMMAND: POST /session/0483d061f40becc12e3a8004d2d19577/element - {"using":"xpath","value":"//*[@id=\"__filter0-icon\"]"}
RESULT: {"using":"xpath","value":"//*[@id=\"__filter0-icon\"]"}
COMMAND: POST /session/0483d061f40becc12e3a8004d2d19577/element/f.21909E599E196C0494D8E3CC232C3551.d.F25F8841715B367F85DBFA4EE0481A6C.e.617/click - {}
RESULT: {}
COMMAND: GET /session/0483d061f40becc12e3a8004d2d19577/screenshot - {}
RESULT: {}
]]></system-out>
    </testcase>
    <testcase classname="chrome.136_0_7103_93.windows.Tests_for_DXCW_CAE_environment,_including_specific_login_to_the_system_US" name="Should upload compound partner files entry used for later tests as master data US156291" time="63.061">
      <system-out><![CDATA[
COMMAND: POST /session/0483d061f40becc12e3a8004d2d19577/element - {"using":"xpath","value":"//bdi[contains(text(), \"Create new Draft\")]"}
RESULT: {"using":"xpath","value":"//bdi[contains(text(), \"Create new Draft\")]"}
COMMAND: POST /session/0483d061f40becc12e3a8004d2d19577/element/f.21909E599E196C0494D8E3CC232C3551.d.F25F8841715B367F85DBFA4EE0481A6C.e.1055/click - {}
RESULT: {}
COMMAND: GET /session/0483d061f40becc12e3a8004d2d19577/screenshot - {}
RESULT: {}
COMMAND: POST /session/0483d061f40becc12e3a8004d2d19577/element - {"using":"xpath","value":"//li[.//div[text()=\"Partners\"]]"}
RESULT: {"using":"xpath","value":"//li[.//div[text()=\"Partners\"]]"}
COMMAND: POST /session/0483d061f40becc12e3a8004d2d19577/element/f.21909E599E196C0494D8E3CC232C3551.d.F25F8841715B367F85DBFA4EE0481A6C.e.1171/click - {}
RESULT: {}
COMMAND: GET /session/0483d061f40becc12e3a8004d2d19577/screenshot - {}
COMMAND: POST /session/0483d061f40becc12e3a8004d2d19577/file - {"file":"[base64] 6752 bytes"}
RESULT: {}
RESULT: {"file":"[base64] 6752 bytes"}
COMMAND: POST /session/0483d061f40becc12e3a8004d2d19577/element - {"using":"xpath","value":"//input[(@type=\"file\") and contains(@id,\"BOList-4-0-1-uploader-fu\")]"}
RESULT: {"using":"xpath","value":"//input[(@type=\"file\") and contains(@id,\"BOList-4-0-1-uploader-fu\")]"}
COMMAND: POST /session/0483d061f40becc12e3a8004d2d19577/element/f.21909E599E196C0494D8E3CC232C3551.d.F25F8841715B367F85DBFA4EE0481A6C.e.1180/clear - {}
RESULT: {}
COMMAND: POST /session/0483d061f40becc12e3a8004d2d19577/element/f.21909E599E196C0494D8E3CC232C3551.d.F25F8841715B367F85DBFA4EE0481A6C.e.1180/value - {"text":"C:\\Windows\\SystemTemp\\scoped_dir3220_1653366181\\upload3220_1975002755\\Partners.xlsx"}
COMMAND: GET /session/0483d061f40becc12e3a8004d2d19577/screenshot - {}
RESULT: {"text":"C:\\Windows\\SystemTemp\\scoped_dir3220_1653366181\\upload3220_1975002755\\Partners.xlsx"}
COMMAND: GET /session/0483d061f40becc12e3a8004d2d19577/screenshot - {}
RESULT: {}
RESULT: {}
COMMAND: POST /session/0483d061f40becc12e3a8004d2d19577/element - {"using":"xpath","value":"//bdi[contains(text(), \"Match by name\")]"}
RESULT: {"using":"xpath","value":"//bdi[contains(text(), \"Match by name\")]"}
COMMAND: POST /session/0483d061f40becc12e3a8004d2d19577/element/f.21909E599E196C0494D8E3CC232C3551.d.F25F8841715B367F85DBFA4EE0481A6C.e.1191/click - {}
RESULT: {}
COMMAND: GET /session/0483d061f40becc12e3a8004d2d19577/screenshot - {}
RESULT: {}
COMMAND: POST /session/0483d061f40becc12e3a8004d2d19577/element - {"using":"xpath","value":"//bdi[text() = \"OK\"]"}
RESULT: {"using":"xpath","value":"//bdi[text() = \"OK\"]"}
COMMAND: POST /session/0483d061f40becc12e3a8004d2d19577/element/f.21909E599E196C0494D8E3CC232C3551.d.F25F8841715B367F85DBFA4EE0481A6C.e.1193/click - {}
RESULT: {}
COMMAND: GET /session/0483d061f40becc12e3a8004d2d19577/screenshot - {}
RESULT: {}
COMMAND: POST /session/0483d061f40becc12e3a8004d2d19577/file - {"file":"[base64] 6424 bytes"}
RESULT: {"file":"[base64] 6424 bytes"}
COMMAND: POST /session/0483d061f40becc12e3a8004d2d19577/element - {"using":"xpath","value":"//input[(@type=\"file\") and contains(@id,\"BOList-4-1-1-uploader-fu\")]"}
RESULT: {"using":"xpath","value":"//input[(@type=\"file\") and contains(@id,\"BOList-4-1-1-uploader-fu\")]"}
COMMAND: POST /session/0483d061f40becc12e3a8004d2d19577/element/f.21909E599E196C0494D8E3CC232C3551.d.F25F8841715B367F85DBFA4EE0481A6C.e.1195/clear - {}
RESULT: {}
COMMAND: POST /session/0483d061f40becc12e3a8004d2d19577/element/f.21909E599E196C0494D8E3CC232C3551.d.F25F8841715B367F85DBFA4EE0481A6C.e.1195/value - {"text":"C:\\Windows\\SystemTemp\\scoped_dir3220_1653366181\\upload3220_1638056406\\YardsPartners.xlsx"}
COMMAND: GET /session/0483d061f40becc12e3a8004d2d19577/screenshot - {}
RESULT: {"text":"C:\\Windows\\SystemTemp\\scoped_dir3220_1653366181\\upload3220_1638056406\\YardsPartners.xlsx"}
COMMAND: GET /session/0483d061f40becc12e3a8004d2d19577/screenshot - {}
RESULT: {}
RESULT: {}
COMMAND: POST /session/0483d061f40becc12e3a8004d2d19577/element - {"using":"xpath","value":"//bdi[contains(text(), \"Match by name\")]"}
RESULT: {"using":"xpath","value":"//bdi[contains(text(), \"Match by name\")]"}
COMMAND: POST /session/0483d061f40becc12e3a8004d2d19577/element/f.21909E599E196C0494D8E3CC232C3551.d.F25F8841715B367F85DBFA4EE0481A6C.e.1203/click - {}
RESULT: {}
COMMAND: GET /session/0483d061f40becc12e3a8004d2d19577/screenshot - {}
RESULT: {}
COMMAND: POST /session/0483d061f40becc12e3a8004d2d19577/element - {"using":"xpath","value":"//bdi[text() = \"OK\"]"}
RESULT: {"using":"xpath","value":"//bdi[text() = \"OK\"]"}
COMMAND: POST /session/0483d061f40becc12e3a8004d2d19577/element/f.21909E599E196C0494D8E3CC232C3551.d.F25F8841715B367F85DBFA4EE0481A6C.e.1204/click - {}
RESULT: {}
COMMAND: GET /session/0483d061f40becc12e3a8004d2d19577/screenshot - {}
RESULT: {}
COMMAND: POST /session/0483d061f40becc12e3a8004d2d19577/execute/async - {"script":"<script> [1562 bytes]","args":[{"selector":{"controlType":"sap.m.Switch","viewName":"bbs.dxcw.migration.view.migration.MigrationNewDraft","bindingPath":{"path":"","propertyPath":"/isComposition","modelName":"ContentModel"},"interaction":{"idSuffix":"textoff"}},"wdio_ui5_key":"bbsdxcw.migration.view.migration.MigrationNewDraftsap.m.Switch{\"path\":\"\",\"propertyPath\":\"/isComposition\",\"modelName\":\"ContentModel\"}"}]}
RESULT: {"script":"<script> [1562 bytes]","args":[{"selector":{"controlType":"sap.m.Switch","viewName":"bbs.dxcw.migration.view.migration.MigrationNewDraft","bindingPath":{"path":"","propertyPath":"/isComposition","modelName":"ContentModel"},"interaction":{"idSuffix":"textoff"}},"wdio_ui5_key":"bbsdxcw.migration.view.migration.MigrationNewDraftsap.m.Switch{\"path\":\"\",\"propertyPath\":\"/isComposition\",\"modelName\":\"ContentModel\"}"}]}
RESULT: undefined
COMMAND: POST /session/0483d061f40becc12e3a8004d2d19577/element - {"using":"xpath","value":"//*[@id=\"__switch0\"]"}
RESULT: {"using":"xpath","value":"//*[@id=\"__switch0\"]"}
COMMAND: POST /session/0483d061f40becc12e3a8004d2d19577/element/f.21909E599E196C0494D8E3CC232C3551.d.F25F8841715B367F85DBFA4EE0481A6C.e.286/click - {}
RESULT: {}
COMMAND: POST /session/0483d061f40becc12e3a8004d2d19577/element - {"using":"xpath","value":"//button[contains(@id,\"uploadBtn\")]"}
COMMAND: GET /session/0483d061f40becc12e3a8004d2d19577/screenshot - {}
RESULT: {"using":"xpath","value":"//button[contains(@id,\"uploadBtn\")]"}
COMMAND: POST /session/0483d061f40becc12e3a8004d2d19577/element/f.21909E599E196C0494D8E3CC232C3551.d.F25F8841715B367F85DBFA4EE0481A6C.e.294/click - {}
RESULT: {}
RESULT: {}
COMMAND: GET /session/0483d061f40becc12e3a8004d2d19577/screenshot - {}
RESULT: {}
COMMAND: POST /session/0483d061f40becc12e3a8004d2d19577/element - {"using":"xpath","value":"//button[.//bdi[contains(text(),\"Refresh Logs\")]]"}
RESULT: {"using":"xpath","value":"//button[.//bdi[contains(text(),\"Refresh Logs\")]]"}
COMMAND: POST /session/0483d061f40becc12e3a8004d2d19577/element/f.21909E599E196C0494D8E3CC232C3551.d.F25F8841715B367F85DBFA4EE0481A6C.e.1216/click - {}
RESULT: {}
COMMAND: GET /session/0483d061f40becc12e3a8004d2d19577/screenshot - {}
RESULT: {}
COMMAND: POST /session/0483d061f40becc12e3a8004d2d19577/element - {"using":"xpath","value":"//table[contains(@id,\"customHandoversTable-listUl\")]/tbody/tr[1]/td[4]/span"}
RESULT: {"using":"xpath","value":"//table[contains(@id,\"customHandoversTable-listUl\")]/tbody/tr[1]/td[4]/span"}
COMMAND: POST /session/0483d061f40becc12e3a8004d2d19577/execute/sync - {"script":"<script> [56 bytes]","args":[{"element-6066-11e4-a52e-4f735466cecf":"f.21909E599E196C0494D8E3CC232C3551.d.F25F8841715B367F85DBFA4EE0481A6C.e.1507","ELEMENT":"f.21909E599E196C0494D8E3CC232C3551.d.F25F8841715B367F85DBFA4EE0481A6C.e.1507"}]}
RESULT: {"script":"<script> [56 bytes]","args":[{"element-6066-11e4-a52e-4f735466cecf":"f.21909E599E196C0494D8E3CC232C3551.d.F25F8841715B367F85DBFA4EE0481A6C.e.1507","ELEMENT":"f.21909E599E196C0494D8E3CC232C3551.d.F25F8841715B367F85DBFA4EE0481A6C.e.1507"}]}
COMMAND: POST /session/0483d061f40becc12e3a8004d2d19577/element - {"using":"xpath","value":"//table[contains(@id,\"customHandoversTable-listUl\")]/tbody/tr[1]/td[7]/div/span[2]"}
COMMAND: GET /session/0483d061f40becc12e3a8004d2d19577/screenshot - {}
RESULT: {"using":"xpath","value":"//table[contains(@id,\"customHandoversTable-listUl\")]/tbody/tr[1]/td[7]/div/span[2]"}
COMMAND: POST /session/0483d061f40becc12e3a8004d2d19577/execute/sync - {"script":"<script> [56 bytes]","args":[{"element-6066-11e4-a52e-4f735466cecf":"f.21909E599E196C0494D8E3CC232C3551.d.F25F8841715B367F85DBFA4EE0481A6C.e.1508","ELEMENT":"f.21909E599E196C0494D8E3CC232C3551.d.F25F8841715B367F85DBFA4EE0481A6C.e.1508"}]}
RESULT: {}
RESULT: {"script":"<script> [56 bytes]","args":[{"element-6066-11e4-a52e-4f735466cecf":"f.21909E599E196C0494D8E3CC232C3551.d.F25F8841715B367F85DBFA4EE0481A6C.e.1508","ELEMENT":"f.21909E599E196C0494D8E3CC232C3551.d.F25F8841715B367F85DBFA4EE0481A6C.e.1508"}]}
COMMAND: POST /session/0483d061f40becc12e3a8004d2d19577/element - {"using":"xpath","value":"//table[contains(@id,\"customHandoversTable-listUl\")]/tbody/tr[1]/td[8]/div/span[2]"}
COMMAND: GET /session/0483d061f40becc12e3a8004d2d19577/screenshot - {}
RESULT: {"using":"xpath","value":"//table[contains(@id,\"customHandoversTable-listUl\")]/tbody/tr[1]/td[8]/div/span[2]"}
COMMAND: POST /session/0483d061f40becc12e3a8004d2d19577/execute/sync - {"script":"<script> [56 bytes]","args":[{"element-6066-11e4-a52e-4f735466cecf":"f.21909E599E196C0494D8E3CC232C3551.d.F25F8841715B367F85DBFA4EE0481A6C.e.1511","ELEMENT":"f.21909E599E196C0494D8E3CC232C3551.d.F25F8841715B367F85DBFA4EE0481A6C.e.1511"}]}
RESULT: {}
RESULT: {"script":"<script> [56 bytes]","args":[{"element-6066-11e4-a52e-4f735466cecf":"f.21909E599E196C0494D8E3CC232C3551.d.F25F8841715B367F85DBFA4EE0481A6C.e.1511","ELEMENT":"f.21909E599E196C0494D8E3CC232C3551.d.F25F8841715B367F85DBFA4EE0481A6C.e.1511"}]}
COMMAND: GET /session/0483d061f40becc12e3a8004d2d19577/screenshot - {}
RESULT: {}
RESULT: undefined
COMMAND: POST /session/0483d061f40becc12e3a8004d2d19577/element - {"using":"xpath","value":"//*[@id=\"__filter0-icon\"]"}
RESULT: {"using":"xpath","value":"//*[@id=\"__filter0-icon\"]"}
COMMAND: POST /session/0483d061f40becc12e3a8004d2d19577/element/f.21909E599E196C0494D8E3CC232C3551.d.F25F8841715B367F85DBFA4EE0481A6C.e.617/click - {}
RESULT: {}
COMMAND: GET /session/0483d061f40becc12e3a8004d2d19577/screenshot - {}
RESULT: {}
]]></system-out>
    </testcase>
    <testcase classname="chrome.136_0_7103_93.windows.Tests_for_DXCW_CAE_environment,_including_specific_login_to_the_system_US" name="Should upload site file entry used for later tests as master data US156291" time="54.328">
      <system-out><![CDATA[
COMMAND: POST /session/0483d061f40becc12e3a8004d2d19577/element - {"using":"xpath","value":"//bdi[contains(text(), \"Create new Draft\")]"}
RESULT: {"using":"xpath","value":"//bdi[contains(text(), \"Create new Draft\")]"}
COMMAND: POST /session/0483d061f40becc12e3a8004d2d19577/element/f.21909E599E196C0494D8E3CC232C3551.d.F25F8841715B367F85DBFA4EE0481A6C.e.1515/click - {}
RESULT: {}
COMMAND: GET /session/0483d061f40becc12e3a8004d2d19577/screenshot - {}
RESULT: {}
COMMAND: POST /session/0483d061f40becc12e3a8004d2d19577/element - {"using":"xpath","value":"//li[.//div[text()=\"Sites\"]]"}
RESULT: {"using":"xpath","value":"//li[.//div[text()=\"Sites\"]]"}
COMMAND: POST /session/0483d061f40becc12e3a8004d2d19577/element/f.21909E599E196C0494D8E3CC232C3551.d.F25F8841715B367F85DBFA4EE0481A6C.e.1176/click - {}
RESULT: {}
COMMAND: GET /session/0483d061f40becc12e3a8004d2d19577/screenshot - {}
COMMAND: POST /session/0483d061f40becc12e3a8004d2d19577/file - {"file":"[base64] 6440 bytes"}
RESULT: {}
RESULT: {"file":"[base64] 6440 bytes"}
COMMAND: POST /session/0483d061f40becc12e3a8004d2d19577/element - {"using":"xpath","value":"//input[(@type=\"file\") and contains(@id,\"BOList-9-0-1-uploader-fu\")]"}
RESULT: {"using":"xpath","value":"//input[(@type=\"file\") and contains(@id,\"BOList-9-0-1-uploader-fu\")]"}
COMMAND: POST /session/0483d061f40becc12e3a8004d2d19577/element/f.21909E599E196C0494D8E3CC232C3551.d.F25F8841715B367F85DBFA4EE0481A6C.e.1632/clear - {}
RESULT: {}
COMMAND: POST /session/0483d061f40becc12e3a8004d2d19577/element/f.21909E599E196C0494D8E3CC232C3551.d.F25F8841715B367F85DBFA4EE0481A6C.e.1632/value - {"text":"C:\\Windows\\SystemTemp\\scoped_dir3220_1653366181\\upload3220_1662693389\\Sites.xlsx"}
COMMAND: GET /session/0483d061f40becc12e3a8004d2d19577/screenshot - {}
RESULT: {"text":"C:\\Windows\\SystemTemp\\scoped_dir3220_1653366181\\upload3220_1662693389\\Sites.xlsx"}
COMMAND: GET /session/0483d061f40becc12e3a8004d2d19577/screenshot - {}
RESULT: {}
RESULT: {}
COMMAND: POST /session/0483d061f40becc12e3a8004d2d19577/element - {"using":"xpath","value":"//bdi[contains(text(), \"Match by name\")]"}
RESULT: {"using":"xpath","value":"//bdi[contains(text(), \"Match by name\")]"}
COMMAND: POST /session/0483d061f40becc12e3a8004d2d19577/element/f.21909E599E196C0494D8E3CC232C3551.d.F25F8841715B367F85DBFA4EE0481A6C.e.1640/click - {}
RESULT: {}
COMMAND: GET /session/0483d061f40becc12e3a8004d2d19577/screenshot - {}
RESULT: {}
COMMAND: POST /session/0483d061f40becc12e3a8004d2d19577/element - {"using":"xpath","value":"//bdi[text() = \"OK\"]"}
RESULT: {"using":"xpath","value":"//bdi[text() = \"OK\"]"}
COMMAND: POST /session/0483d061f40becc12e3a8004d2d19577/element/f.21909E599E196C0494D8E3CC232C3551.d.F25F8841715B367F85DBFA4EE0481A6C.e.1641/click - {}
RESULT: {}
COMMAND: GET /session/0483d061f40becc12e3a8004d2d19577/screenshot - {}
RESULT: {}
COMMAND: POST /session/0483d061f40becc12e3a8004d2d19577/element - {"using":"xpath","value":"//button[contains(@id,\"uploadBtn\")]"}
RESULT: {"using":"xpath","value":"//button[contains(@id,\"uploadBtn\")]"}
COMMAND: POST /session/0483d061f40becc12e3a8004d2d19577/element/f.21909E599E196C0494D8E3CC232C3551.d.F25F8841715B367F85DBFA4EE0481A6C.e.294/click - {}
RESULT: {}
COMMAND: GET /session/0483d061f40becc12e3a8004d2d19577/screenshot - {}
RESULT: {}
COMMAND: POST /session/0483d061f40becc12e3a8004d2d19577/element - {"using":"xpath","value":"//button[.//bdi[contains(text(),\"Refresh Logs\")]]"}
RESULT: {"using":"xpath","value":"//button[.//bdi[contains(text(),\"Refresh Logs\")]]"}
COMMAND: POST /session/0483d061f40becc12e3a8004d2d19577/element/f.21909E599E196C0494D8E3CC232C3551.d.F25F8841715B367F85DBFA4EE0481A6C.e.1648/click - {}
RESULT: {}
COMMAND: GET /session/0483d061f40becc12e3a8004d2d19577/screenshot - {}
RESULT: {}
COMMAND: POST /session/0483d061f40becc12e3a8004d2d19577/element - {"using":"xpath","value":"//table[contains(@id,\"customHandoversTable-listUl\")]/tbody/tr[1]/td[4]/span"}
RESULT: {"using":"xpath","value":"//table[contains(@id,\"customHandoversTable-listUl\")]/tbody/tr[1]/td[4]/span"}
COMMAND: POST /session/0483d061f40becc12e3a8004d2d19577/execute/sync - {"script":"<script> [56 bytes]","args":[{"element-6066-11e4-a52e-4f735466cecf":"f.21909E599E196C0494D8E3CC232C3551.d.F25F8841715B367F85DBFA4EE0481A6C.e.1939","ELEMENT":"f.21909E599E196C0494D8E3CC232C3551.d.F25F8841715B367F85DBFA4EE0481A6C.e.1939"}]}
RESULT: {"script":"<script> [56 bytes]","args":[{"element-6066-11e4-a52e-4f735466cecf":"f.21909E599E196C0494D8E3CC232C3551.d.F25F8841715B367F85DBFA4EE0481A6C.e.1939","ELEMENT":"f.21909E599E196C0494D8E3CC232C3551.d.F25F8841715B367F85DBFA4EE0481A6C.e.1939"}]}
COMMAND: POST /session/0483d061f40becc12e3a8004d2d19577/element - {"using":"xpath","value":"//table[contains(@id,\"customHandoversTable-listUl\")]/tbody/tr[1]/td[7]/div/span[2]"}
COMMAND: GET /session/0483d061f40becc12e3a8004d2d19577/screenshot - {}
RESULT: {"using":"xpath","value":"//table[contains(@id,\"customHandoversTable-listUl\")]/tbody/tr[1]/td[7]/div/span[2]"}
COMMAND: POST /session/0483d061f40becc12e3a8004d2d19577/execute/sync - {"script":"<script> [56 bytes]","args":[{"element-6066-11e4-a52e-4f735466cecf":"f.21909E599E196C0494D8E3CC232C3551.d.F25F8841715B367F85DBFA4EE0481A6C.e.1940","ELEMENT":"f.21909E599E196C0494D8E3CC232C3551.d.F25F8841715B367F85DBFA4EE0481A6C.e.1940"}]}
RESULT: {}
RESULT: {"script":"<script> [56 bytes]","args":[{"element-6066-11e4-a52e-4f735466cecf":"f.21909E599E196C0494D8E3CC232C3551.d.F25F8841715B367F85DBFA4EE0481A6C.e.1940","ELEMENT":"f.21909E599E196C0494D8E3CC232C3551.d.F25F8841715B367F85DBFA4EE0481A6C.e.1940"}]}
COMMAND: POST /session/0483d061f40becc12e3a8004d2d19577/element - {"using":"xpath","value":"//table[contains(@id,\"customHandoversTable-listUl\")]/tbody/tr[1]/td[8]/div/span[2]"}
COMMAND: GET /session/0483d061f40becc12e3a8004d2d19577/screenshot - {}
RESULT: {"using":"xpath","value":"//table[contains(@id,\"customHandoversTable-listUl\")]/tbody/tr[1]/td[8]/div/span[2]"}
COMMAND: POST /session/0483d061f40becc12e3a8004d2d19577/execute/sync - {"script":"<script> [56 bytes]","args":[{"element-6066-11e4-a52e-4f735466cecf":"f.21909E599E196C0494D8E3CC232C3551.d.F25F8841715B367F85DBFA4EE0481A6C.e.1943","ELEMENT":"f.21909E599E196C0494D8E3CC232C3551.d.F25F8841715B367F85DBFA4EE0481A6C.e.1943"}]}
RESULT: {}
RESULT: {"script":"<script> [56 bytes]","args":[{"element-6066-11e4-a52e-4f735466cecf":"f.21909E599E196C0494D8E3CC232C3551.d.F25F8841715B367F85DBFA4EE0481A6C.e.1943","ELEMENT":"f.21909E599E196C0494D8E3CC232C3551.d.F25F8841715B367F85DBFA4EE0481A6C.e.1943"}]}
COMMAND: GET /session/0483d061f40becc12e3a8004d2d19577/screenshot - {}
RESULT: {}
RESULT: undefined
COMMAND: POST /session/0483d061f40becc12e3a8004d2d19577/element - {"using":"xpath","value":"//*[@id=\"__filter0-icon\"]"}
RESULT: {"using":"xpath","value":"//*[@id=\"__filter0-icon\"]"}
COMMAND: POST /session/0483d061f40becc12e3a8004d2d19577/element/f.21909E599E196C0494D8E3CC232C3551.d.F25F8841715B367F85DBFA4EE0481A6C.e.617/click - {}
RESULT: {}
COMMAND: GET /session/0483d061f40becc12e3a8004d2d19577/screenshot - {}
RESULT: {}
COMMAND: POST /session/0483d061f40becc12e3a8004d2d19577/element - {"using":"css selector","value":"#shell-header-logo"}
RESULT: {"using":"css selector","value":"#shell-header-logo"}
COMMAND: POST /session/0483d061f40becc12e3a8004d2d19577/element/f.21909E599E196C0494D8E3CC232C3551.d.F25F8841715B367F85DBFA4EE0481A6C.e.132/click - {}
RESULT: {}
COMMAND: GET /session/0483d061f40becc12e3a8004d2d19577/screenshot - {}
RESULT: {}
COMMAND: POST /session/0483d061f40becc12e3a8004d2d19577/element - {"using":"css selector","value":"#j_username"}
COMMAND: POST /session/0483d061f40becc12e3a8004d2d19577/url - {"url":"https://qa-testing-00-live-etm-ui.cfapps.eu10-004.hana.ondemand.com/"}
RESULT: {"using":"css selector","value":"#j_username"}
COMMAND: POST /session/0483d061f40becc12e3a8004d2d19577/element - {"using":"css selector","value":"#j_username"}
RESULT: {"url":"https://qa-testing-00-live-etm-ui.cfapps.eu10-004.hana.ondemand.com/"}
RESULT: undefined
COMMAND: GET /session/0483d061f40becc12e3a8004d2d19577/screenshot - {}
RESULT: {"using":"css selector","value":"#j_username"}
COMMAND: POST /session/0483d061f40becc12e3a8004d2d19577/element - {"using":"css selector","value":"#shell-header-logo"}
RESULT: {}
RESULT: {"using":"css selector","value":"#shell-header-logo"}
COMMAND: POST /session/0483d061f40becc12e3a8004d2d19577/execute/sync - {"script":"<script> [8489 bytes]","args":[{"element-6066-11e4-a52e-4f735466cecf":"f.21909E599E196C0494D8E3CC232C3551.d.9B2C006705BBD128736902D2BD9750C9.e.1954","ELEMENT":"f.21909E599E196C0494D8E3CC232C3551.d.9B2C006705BBD128736902D2BD9750C9.e.1954"}]}
RESULT: {"script":"<script> [8489 bytes]","args":[{"element-6066-11e4-a52e-4f735466cecf":"f.21909E599E196C0494D8E3CC232C3551.d.9B2C006705BBD128736902D2BD9750C9.e.1954","ELEMENT":"f.21909E599E196C0494D8E3CC232C3551.d.9B2C006705BBD128736902D2BD9750C9.e.1954"}]}
COMMAND: POST /session/0483d061f40becc12e3a8004d2d19577/element - {"using":"css selector","value":"#shell-header-logo"}
COMMAND: GET /session/0483d061f40becc12e3a8004d2d19577/screenshot - {}
RESULT: {"using":"css selector","value":"#shell-header-logo"}
COMMAND: POST /session/0483d061f40becc12e3a8004d2d19577/execute/sync - {"script":"<script> [8489 bytes]","args":[{"element-6066-11e4-a52e-4f735466cecf":"f.21909E599E196C0494D8E3CC232C3551.d.9B2C006705BBD128736902D2BD9750C9.e.1954","ELEMENT":"f.21909E599E196C0494D8E3CC232C3551.d.9B2C006705BBD128736902D2BD9750C9.e.1954"}]}
RESULT: {}
RESULT: {"script":"<script> [8489 bytes]","args":[{"element-6066-11e4-a52e-4f735466cecf":"f.21909E599E196C0494D8E3CC232C3551.d.9B2C006705BBD128736902D2BD9750C9.e.1954","ELEMENT":"f.21909E599E196C0494D8E3CC232C3551.d.9B2C006705BBD128736902D2BD9750C9.e.1954"}]}
COMMAND: POST /session/0483d061f40becc12e3a8004d2d19577/execute/sync - {"script":"<script> [5351 bytes]","args":[{"element-6066-11e4-a52e-4f735466cecf":"f.21909E599E196C0494D8E3CC232C3551.d.9B2C006705BBD128736902D2BD9750C9.e.1954","ELEMENT":"f.21909E599E196C0494D8E3CC232C3551.d.9B2C006705BBD128736902D2BD9750C9.e.1954"}]}
COMMAND: GET /session/0483d061f40becc12e3a8004d2d19577/screenshot - {}
RESULT: {"script":"<script> [5351 bytes]","args":[{"element-6066-11e4-a52e-4f735466cecf":"f.21909E599E196C0494D8E3CC232C3551.d.9B2C006705BBD128736902D2BD9750C9.e.1954","ELEMENT":"f.21909E599E196C0494D8E3CC232C3551.d.9B2C006705BBD128736902D2BD9750C9.e.1954"}]}
COMMAND: POST /session/0483d061f40becc12e3a8004d2d19577/element - {"using":"css selector","value":"#shell-header-logo"}
COMMAND: GET /session/0483d061f40becc12e3a8004d2d19577/screenshot - {}
RESULT: {}
RESULT: {"using":"css selector","value":"#shell-header-logo"}
COMMAND: POST /session/0483d061f40becc12e3a8004d2d19577/element/f.21909E599E196C0494D8E3CC232C3551.d.9B2C006705BBD128736902D2BD9750C9.e.1954/click - {}
RESULT: {}
RESULT: {}
COMMAND: GET /session/0483d061f40becc12e3a8004d2d19577/screenshot - {}
RESULT: {}
COMMAND: POST /session/0483d061f40becc12e3a8004d2d19577/execute/async - {"script":"<script> [189 bytes]","args":[]}
RESULT: {"script":"<script> [189 bytes]","args":[]}
COMMAND: POST /session/0483d061f40becc12e3a8004d2d19577/execute/async - {"script":"<script> [123 bytes]","args":[]}
RESULT: {"script":"<script> [123 bytes]","args":[]}
COMMAND: POST /session/0483d061f40becc12e3a8004d2d19577/timeouts - {"script":"<number>"}
RESULT: {"script":"<number>"}
COMMAND: GET /session/0483d061f40becc12e3a8004d2d19577/timeouts - {}
RESULT: {}
RESULT: undefined
COMMAND: POST /session/0483d061f40becc12e3a8004d2d19577/execute/async - {"script":"<script> [2676 bytes]","args":[]}
RESULT: {"script":"<script> [2676 bytes]","args":[]}
COMMAND: POST /session/0483d061f40becc12e3a8004d2d19577/execute/async - {"script":"<script> [2342 bytes]","args":[{"protocol":"http","hostname":"0.0.0.0","path":"/","capabilities":{"browserName":"chrome","goog:chromeOptions":{"binary":"C:\\Program Files\\Google\\Chrome\\Application\\chrome.exe","args":["--start-maximized"]}},"logLevel":"warn","connectionRetryTimeout":120000,"connectionRetryCount":3,"logLevels":{},"enableDirectConnect":true,"strictSSL":true,"_":"65 more keys: [\"cacheDir\",\"port\",\"requestedCapabilities\",\"automationProtocol\",\"baseUrl\",\"waitforInterval\",\"waitforTimeout\",\"onReload\",\"beforeCommand\",\"afterCommand\",\"rootDir\",\"specs\",\"suites\",\"exclude\",\"groupLogsByTestSpec\",\"excludeDriverLogs\",\"bail\",\"framework\",\"reporters\",\"services\",\"maxInstances\",\"maxInstancesPerCapability\",\"injectGlobals\",\"filesToWatch\",\"execArgv\",\"runnerEnv\",\"runner\",\"shard\",\"specFileRetries\",\"specFileRetriesDelay\",\"specFileRetriesDeferred\",\"reporterSyncInterval\",\"reporterSyncTimeout\",\"cucumberFeaturesWithLineNumbers\",\"autoCompileOpts\",\"mochaOpts\",\"jasmineOpts\",\"cucumberOpts\",\"onPrepare\",\"onWorkerStart\",\"onWorkerEnd\",\"before\",\"beforeSession\",\"beforeSuite\",\"beforeHook\",\"beforeTest\",\"afterTest\",\"afterHook\",\"afterSuite\",\"afterSession\",\"after\",\"onComplete\",\"beforeAssertion\",\"afterAssertion\",\"beforeFeature\",\"beforeScenario\",\"beforeStep\",\"afterStep\",\"afterScenario\",\"afterFeature\",\"_\",\"suite\",\"$0\",\"ignoredWorkerServices\",\"wdi5\"]"}]}
RESULT: {"script":"<script> [2342 bytes]","args":[{"protocol":"http","hostname":"0.0.0.0","path":"/","capabilities":{"browserName":"chrome","goog:chromeOptions":{"binary":"C:\\Program Files\\Google\\Chrome\\Application\\chrome.exe","args":["--start-maximized"]}},"logLevel":"warn","connectionRetryTimeout":120000,"connectionRetryCount":3,"logLevels":{},"enableDirectConnect":true,"strictSSL":true,"_":"65 more keys: [\"cacheDir\",\"port\",\"requestedCapabilities\",\"automationProtocol\",\"baseUrl\",\"waitforInterval\",\"waitforTimeout\",\"onReload\",\"beforeCommand\",\"afterCommand\",\"rootDir\",\"specs\",\"suites\",\"exclude\",\"groupLogsByTestSpec\",\"excludeDriverLogs\",\"bail\",\"framework\",\"reporters\",\"services\",\"maxInstances\",\"maxInstancesPerCapability\",\"injectGlobals\",\"filesToWatch\",\"execArgv\",\"runnerEnv\",\"runner\",\"shard\",\"specFileRetries\",\"specFileRetriesDelay\",\"specFileRetriesDeferred\",\"reporterSyncInterval\",\"reporterSyncTimeout\",\"cucumberFeaturesWithLineNumbers\",\"autoCompileOpts\",\"mochaOpts\",\"jasmineOpts\",\"cucumberOpts\",\"onPrepare\",\"onWorkerStart\",\"onWorkerEnd\",\"before\",\"beforeSession\",\"beforeSuite\",\"beforeHook\",\"beforeTest\",\"afterTest\",\"afterHook\",\"afterSuite\",\"afterSession\",\"after\",\"onComplete\",\"beforeAssertion\",\"afterAssertion\",\"beforeFeature\",\"beforeScenario\",\"beforeStep\",\"afterStep\",\"afterScenario\",\"afterFeature\",\"_\",\"suite\",\"$0\",\"ignoredWorkerServices\",\"wdi5\"]"}]}
COMMAND: POST /session/0483d061f40becc12e3a8004d2d19577/execute/async - {"script":"<script> [21126 bytes]","args":[35000]}
RESULT: {"script":"<script> [21126 bytes]","args":[35000]}
COMMAND: POST /session/0483d061f40becc12e3a8004d2d19577/window/maximize - {}
RESULT: {}
COMMAND: POST /session/0483d061f40becc12e3a8004d2d19577/execute/async - {"script":"<script> [1562 bytes]","args":[{"selector":{"id":"shell-header","interaction":{"idSuffix":"icon"}},"wdio_ui5_key":"shellheader"}]}
COMMAND: GET /session/0483d061f40becc12e3a8004d2d19577/screenshot - {}
RESULT: {"script":"<script> [1562 bytes]","args":[{"selector":{"id":"shell-header","interaction":{"idSuffix":"icon"}},"wdio_ui5_key":"shellheader"}]}
RESULT: undefined
COMMAND: POST /session/0483d061f40becc12e3a8004d2d19577/refresh - {}
RESULT: {}
RESULT: {}
COMMAND: GET /session/0483d061f40becc12e3a8004d2d19577/screenshot - {}
RESULT: {}
COMMAND: POST /session/0483d061f40becc12e3a8004d2d19577/refresh - {}
RESULT: {}
COMMAND: GET /session/0483d061f40becc12e3a8004d2d19577/screenshot - {}
RESULT: {}
COMMAND: POST /session/0483d061f40becc12e3a8004d2d19577/window/fullscreen - {}
RESULT: {}
COMMAND: POST /session/0483d061f40becc12e3a8004d2d19577/execute/async - {"script":"<script> [189 bytes]","args":[]}
RESULT: {"script":"<script> [189 bytes]","args":[]}
COMMAND: POST /session/0483d061f40becc12e3a8004d2d19577/execute/async - {"script":"<script> [123 bytes]","args":[]}
RESULT: {"script":"<script> [123 bytes]","args":[]}
COMMAND: POST /session/0483d061f40becc12e3a8004d2d19577/timeouts - {"script":"<number>"}
RESULT: {"script":"<number>"}
COMMAND: GET /session/0483d061f40becc12e3a8004d2d19577/timeouts - {}
RESULT: {}
RESULT: undefined
COMMAND: POST /session/0483d061f40becc12e3a8004d2d19577/execute/async - {"script":"<script> [2676 bytes]","args":[]}
RESULT: {"script":"<script> [2676 bytes]","args":[]}
COMMAND: POST /session/0483d061f40becc12e3a8004d2d19577/execute/async - {"script":"<script> [2342 bytes]","args":[{"protocol":"http","hostname":"0.0.0.0","path":"/","capabilities":{"browserName":"chrome","goog:chromeOptions":{"binary":"C:\\Program Files\\Google\\Chrome\\Application\\chrome.exe","args":["--start-maximized"]}},"logLevel":"warn","connectionRetryTimeout":120000,"connectionRetryCount":3,"logLevels":{},"enableDirectConnect":true,"strictSSL":true,"_":"65 more keys: [\"cacheDir\",\"port\",\"requestedCapabilities\",\"automationProtocol\",\"baseUrl\",\"waitforInterval\",\"waitforTimeout\",\"onReload\",\"beforeCommand\",\"afterCommand\",\"rootDir\",\"specs\",\"suites\",\"exclude\",\"groupLogsByTestSpec\",\"excludeDriverLogs\",\"bail\",\"framework\",\"reporters\",\"services\",\"maxInstances\",\"maxInstancesPerCapability\",\"injectGlobals\",\"filesToWatch\",\"execArgv\",\"runnerEnv\",\"runner\",\"shard\",\"specFileRetries\",\"specFileRetriesDelay\",\"specFileRetriesDeferred\",\"reporterSyncInterval\",\"reporterSyncTimeout\",\"cucumberFeaturesWithLineNumbers\",\"autoCompileOpts\",\"mochaOpts\",\"jasmineOpts\",\"cucumberOpts\",\"onPrepare\",\"onWorkerStart\",\"onWorkerEnd\",\"before\",\"beforeSession\",\"beforeSuite\",\"beforeHook\",\"beforeTest\",\"afterTest\",\"afterHook\",\"afterSuite\",\"afterSession\",\"after\",\"onComplete\",\"beforeAssertion\",\"afterAssertion\",\"beforeFeature\",\"beforeScenario\",\"beforeStep\",\"afterStep\",\"afterScenario\",\"afterFeature\",\"_\",\"suite\",\"$0\",\"ignoredWorkerServices\",\"wdi5\"]"}]}
RESULT: {"script":"<script> [2342 bytes]","args":[{"protocol":"http","hostname":"0.0.0.0","path":"/","capabilities":{"browserName":"chrome","goog:chromeOptions":{"binary":"C:\\Program Files\\Google\\Chrome\\Application\\chrome.exe","args":["--start-maximized"]}},"logLevel":"warn","connectionRetryTimeout":120000,"connectionRetryCount":3,"logLevels":{},"enableDirectConnect":true,"strictSSL":true,"_":"65 more keys: [\"cacheDir\",\"port\",\"requestedCapabilities\",\"automationProtocol\",\"baseUrl\",\"waitforInterval\",\"waitforTimeout\",\"onReload\",\"beforeCommand\",\"afterCommand\",\"rootDir\",\"specs\",\"suites\",\"exclude\",\"groupLogsByTestSpec\",\"excludeDriverLogs\",\"bail\",\"framework\",\"reporters\",\"services\",\"maxInstances\",\"maxInstancesPerCapability\",\"injectGlobals\",\"filesToWatch\",\"execArgv\",\"runnerEnv\",\"runner\",\"shard\",\"specFileRetries\",\"specFileRetriesDelay\",\"specFileRetriesDeferred\",\"reporterSyncInterval\",\"reporterSyncTimeout\",\"cucumberFeaturesWithLineNumbers\",\"autoCompileOpts\",\"mochaOpts\",\"jasmineOpts\",\"cucumberOpts\",\"onPrepare\",\"onWorkerStart\",\"onWorkerEnd\",\"before\",\"beforeSession\",\"beforeSuite\",\"beforeHook\",\"beforeTest\",\"afterTest\",\"afterHook\",\"afterSuite\",\"afterSession\",\"after\",\"onComplete\",\"beforeAssertion\",\"afterAssertion\",\"beforeFeature\",\"beforeScenario\",\"beforeStep\",\"afterStep\",\"afterScenario\",\"afterFeature\",\"_\",\"suite\",\"$0\",\"ignoredWorkerServices\",\"wdi5\"]"}]}
COMMAND: POST /session/0483d061f40becc12e3a8004d2d19577/execute/async - {"script":"<script> [21126 bytes]","args":[35000]}
RESULT: {"script":"<script> [21126 bytes]","args":[35000]}
]]></system-out>
    </testcase>
  </testsuite>
  <testsuite timestamp="2025-05-29T17:21:44" time="1122.611" tests="12" failures="0" errors="0" skipped="0">
    <properties>
      <property name="specId" value="0"/>
      <property name="suiteName" value="Billing Transfer - Master data &amp; Intercompany US127250"/>
      <property name="capabilities" value="chrome.136_0_7103_93.windows"/>
      <property name="file" value="file:///D:/a/1/s/test/specs/BTS/billing-transfer-intercompany.spec.js"/>
    </properties>
    <testcase classname="chrome.136_0_7103_93.windows.Billing_Transfer_-_Master_data_&amp;_Intercompany_US127250" name="Should create a new yard" time="128.421">
      <system-out><![CDATA[
COMMAND: POST /session/0483d061f40becc12e3a8004d2d19577/window/fullscreen - {}
RESULT: {}
COMMAND: POST /session/0483d061f40becc12e3a8004d2d19577/execute/async - {"script":"<script> [1562 bytes]","args":[{"selector":{"controlType":"sap.m.GenericTile","properties":{"header":"Manage Yards"}},"wdio_ui5_key":"sapm.GenericTile{\"header\":\"Manage Yards\"}"}]}
RESULT: {"script":"<script> [1562 bytes]","args":[{"selector":{"controlType":"sap.m.GenericTile","properties":{"header":"Manage Yards"}},"wdio_ui5_key":"sapm.GenericTile{\"header\":\"Manage Yards\"}"}]}
RESULT: undefined
COMMAND: POST /session/0483d061f40becc12e3a8004d2d19577/element - {"using":"xpath","value":"//*[@id=\"__tile41\"]"}
RESULT: {"using":"xpath","value":"//*[@id=\"__tile41\"]"}
COMMAND: POST /session/0483d061f40becc12e3a8004d2d19577/element/f.21909E599E196C0494D8E3CC232C3551.d.78FDD9E040F5A1246479B3BC6E72B433.e.2132/click - {}
RESULT: {}
COMMAND: GET /session/0483d061f40becc12e3a8004d2d19577/screenshot - {}
RESULT: {}
COMMAND: POST /session/0483d061f40becc12e3a8004d2d19577/elements - {"using":"xpath","value":"//span[text()='Error']"}
RESULT: {"using":"xpath","value":"//span[text()='Error']"}
COMMAND: POST /session/0483d061f40becc12e3a8004d2d19577/element - {"using":"xpath","value":"//button[@data-kt=\"addNewYardOverflowToolbarButton\"]"}
RESULT: {"using":"xpath","value":"//button[@data-kt=\"addNewYardOverflowToolbarButton\"]"}
COMMAND: POST /session/0483d061f40becc12e3a8004d2d19577/elements - {"using":"xpath","value":"//button[@data-kt=\"addNewYardOverflowToolbarButton\"]"}
RESULT: {"using":"xpath","value":"//button[@data-kt=\"addNewYardOverflowToolbarButton\"]"}
COMMAND: POST /session/0483d061f40becc12e3a8004d2d19577/elements - {"using":"xpath","value":"//button[@data-kt=\"addNewYardOverflowToolbarButton\"]"}
RESULT: {"using":"xpath","value":"//button[@data-kt=\"addNewYardOverflowToolbarButton\"]"}
COMMAND: POST /session/0483d061f40becc12e3a8004d2d19577/elements - {"using":"xpath","value":"//button[@data-kt=\"addNewYardOverflowToolbarButton\"]"}
RESULT: {"using":"xpath","value":"//button[@data-kt=\"addNewYardOverflowToolbarButton\"]"}
COMMAND: POST /session/0483d061f40becc12e3a8004d2d19577/element - {"using":"xpath","value":"//button[@data-kt=\"addNewYardOverflowToolbarButton\"]"}
RESULT: {"using":"xpath","value":"//button[@data-kt=\"addNewYardOverflowToolbarButton\"]"}
COMMAND: POST /session/0483d061f40becc12e3a8004d2d19577/execute/sync - {"script":"<script> [8489 bytes]","args":[{"element-6066-11e4-a52e-4f735466cecf":"f.21909E599E196C0494D8E3CC232C3551.d.78FDD9E040F5A1246479B3BC6E72B433.e.2270","ELEMENT":"f.21909E599E196C0494D8E3CC232C3551.d.78FDD9E040F5A1246479B3BC6E72B433.e.2270"}]}
RESULT: {"script":"<script> [8489 bytes]","args":[{"element-6066-11e4-a52e-4f735466cecf":"f.21909E599E196C0494D8E3CC232C3551.d.78FDD9E040F5A1246479B3BC6E72B433.e.2270","ELEMENT":"f.21909E599E196C0494D8E3CC232C3551.d.78FDD9E040F5A1246479B3BC6E72B433.e.2270"}]}
COMMAND: GET /session/0483d061f40becc12e3a8004d2d19577/element/f.21909E599E196C0494D8E3CC232C3551.d.78FDD9E040F5A1246479B3BC6E72B433.e.2270/enabled - {}
COMMAND: GET /session/0483d061f40becc12e3a8004d2d19577/screenshot - {}
RESULT: {}
COMMAND: POST /session/0483d061f40becc12e3a8004d2d19577/execute/sync - {"script":"<script> [8489 bytes]","args":[{"element-6066-11e4-a52e-4f735466cecf":"f.21909E599E196C0494D8E3CC232C3551.d.78FDD9E040F5A1246479B3BC6E72B433.e.2270","ELEMENT":"f.21909E599E196C0494D8E3CC232C3551.d.78FDD9E040F5A1246479B3BC6E72B433.e.2270"}]}
COMMAND: GET /session/0483d061f40becc12e3a8004d2d19577/screenshot - {}
RESULT: {}
RESULT: {"script":"<script> [8489 bytes]","args":[{"element-6066-11e4-a52e-4f735466cecf":"f.21909E599E196C0494D8E3CC232C3551.d.78FDD9E040F5A1246479B3BC6E72B433.e.2270","ELEMENT":"f.21909E599E196C0494D8E3CC232C3551.d.78FDD9E040F5A1246479B3BC6E72B433.e.2270"}]}
COMMAND: POST /session/0483d061f40becc12e3a8004d2d19577/execute/sync - {"script":"<script> [5351 bytes]","args":[{"element-6066-11e4-a52e-4f735466cecf":"f.21909E599E196C0494D8E3CC232C3551.d.78FDD9E040F5A1246479B3BC6E72B433.e.2270","ELEMENT":"f.21909E599E196C0494D8E3CC232C3551.d.78FDD9E040F5A1246479B3BC6E72B433.e.2270"}]}
COMMAND: GET /session/0483d061f40becc12e3a8004d2d19577/screenshot - {}
RESULT: {}
RESULT: {"script":"<script> [5351 bytes]","args":[{"element-6066-11e4-a52e-4f735466cecf":"f.21909E599E196C0494D8E3CC232C3551.d.78FDD9E040F5A1246479B3BC6E72B433.e.2270","ELEMENT":"f.21909E599E196C0494D8E3CC232C3551.d.78FDD9E040F5A1246479B3BC6E72B433.e.2270"}]}
COMMAND: POST /session/0483d061f40becc12e3a8004d2d19577/element/f.21909E599E196C0494D8E3CC232C3551.d.78FDD9E040F5A1246479B3BC6E72B433.e.2270/click - {}
COMMAND: GET /session/0483d061f40becc12e3a8004d2d19577/screenshot - {}
RESULT: {}
RESULT: {}
COMMAND: GET /session/0483d061f40becc12e3a8004d2d19577/screenshot - {}
RESULT: {}
RESULT: {}
COMMAND: POST /session/0483d061f40becc12e3a8004d2d19577/element - {"using":"xpath","value":"//input[@id=\"application-manageyards-display-component---NewYard--yardId-inner\"]"}
RESULT: {"using":"xpath","value":"//input[@id=\"application-manageyards-display-component---NewYard--yardId-inner\"]"}
COMMAND: POST /session/0483d061f40becc12e3a8004d2d19577/element - {"using":"xpath","value":"//input[@id=\"application-manageyards-display-component---NewYard--yardId-inner\"]"}
RESULT: {"using":"xpath","value":"//input[@id=\"application-manageyards-display-component---NewYard--yardId-inner\"]"}
COMMAND: POST /session/0483d061f40becc12e3a8004d2d19577/execute/async - {"script":"<script> [1562 bytes]","args":[{"selector":{"id":"application-manageyards-display-component---NewYard--addressDetailDetailsName1","interaction":{"idSuffix":"inner"}},"wdio_ui5_key":"applicationmanageyards-display-component---NewYard--addressDetailDetailsName1"}]}
RESULT: {"script":"<script> [1562 bytes]","args":[{"selector":{"id":"application-manageyards-display-component---NewYard--addressDetailDetailsName1","interaction":{"idSuffix":"inner"}},"wdio_ui5_key":"applicationmanageyards-display-component---NewYard--addressDetailDetailsName1"}]}
RESULT: undefined
COMMAND: POST /session/0483d061f40becc12e3a8004d2d19577/execute/async - {"script":"<script> [776 bytes]","args":[{"enterText":"Intercompany Yard wdIO","selector":{"id":"application-manageyards-display-component---NewYard--addressDetailDetailsName1","interaction":{"idSuffix":"inner"}},"clearTextFirst":true,"interactionType":"ENTER_TEXT"}]}
RESULT: {"script":"<script> [776 bytes]","args":[{"enterText":"Intercompany Yard wdIO","selector":{"id":"application-manageyards-display-component---NewYard--addressDetailDetailsName1","interaction":{"idSuffix":"inner"}},"clearTextFirst":true,"interactionType":"ENTER_TEXT"}]}
COMMAND: POST /session/0483d061f40becc12e3a8004d2d19577/execute/async - {"script":"<script> [1562 bytes]","args":[{"selector":{"id":"application-manageyards-display-component---NewYard--addressDetailDetailsLanguage-arrow"},"wdio_ui5_key":"applicationmanageyards-display-component---NewYard--addressDetailDetailsLanguage-arrow"}]}
RESULT: {"script":"<script> [1562 bytes]","args":[{"selector":{"id":"application-manageyards-display-component---NewYard--addressDetailDetailsLanguage-arrow"},"wdio_ui5_key":"applicationmanageyards-display-component---NewYard--addressDetailDetailsLanguage-arrow"}]}
RESULT: undefined
COMMAND: POST /session/0483d061f40becc12e3a8004d2d19577/element - {"using":"xpath","value":"//*[@id=\"application-manageyards-display-component---NewYard--addressDetailDetailsLanguage-arrow\"]"}
RESULT: {"using":"xpath","value":"//*[@id=\"application-manageyards-display-component---NewYard--addressDetailDetailsLanguage-arrow\"]"}
COMMAND: POST /session/0483d061f40becc12e3a8004d2d19577/element/f.21909E599E196C0494D8E3CC232C3551.d.78FDD9E040F5A1246479B3BC6E72B433.e.2704/click - {}
RESULT: {}
COMMAND: POST /session/0483d061f40becc12e3a8004d2d19577/element - {"using":"xpath","value":"//span[contains(text(), \"English\")]"}
COMMAND: GET /session/0483d061f40becc12e3a8004d2d19577/screenshot - {}
RESULT: {"using":"xpath","value":"//span[contains(text(), \"English\")]"}
COMMAND: POST /session/0483d061f40becc12e3a8004d2d19577/element/f.21909E599E196C0494D8E3CC232C3551.d.78FDD9E040F5A1246479B3BC6E72B433.e.2705/click - {}
RESULT: {}
RESULT: {}
COMMAND: POST /session/0483d061f40becc12e3a8004d2d19577/execute/async - {"script":"<script> [1562 bytes]","args":[{"selector":{"id":"application-manageyards-display-component---NewYard--addressDetailDetailsCity1","interaction":{"idSuffix":"inner"}},"wdio_ui5_key":"applicationmanageyards-display-component---NewYard--addressDetailDetailsCity1"}]}
COMMAND: GET /session/0483d061f40becc12e3a8004d2d19577/screenshot - {}
RESULT: {"script":"<script> [1562 bytes]","args":[{"selector":{"id":"application-manageyards-display-component---NewYard--addressDetailDetailsCity1","interaction":{"idSuffix":"inner"}},"wdio_ui5_key":"applicationmanageyards-display-component---NewYard--addressDetailDetailsCity1"}]}
RESULT: undefined
COMMAND: POST /session/0483d061f40becc12e3a8004d2d19577/execute/async - {"script":"<script> [776 bytes]","args":[{"enterText":"Rosario","selector":{"id":"application-manageyards-display-component---NewYard--addressDetailDetailsCity1","interaction":{"idSuffix":"inner"}},"clearTextFirst":true,"interactionType":"ENTER_TEXT"}]}
RESULT: {}
RESULT: {"script":"<script> [776 bytes]","args":[{"enterText":"Rosario","selector":{"id":"application-manageyards-display-component---NewYard--addressDetailDetailsCity1","interaction":{"idSuffix":"inner"}},"clearTextFirst":true,"interactionType":"ENTER_TEXT"}]}
COMMAND: POST /session/0483d061f40becc12e3a8004d2d19577/execute/async - {"script":"<script> [1562 bytes]","args":[{"selector":{"id":"application-manageyards-display-component---NewYard--addressDetailDetailsCountry-arrow"},"wdio_ui5_key":"applicationmanageyards-display-component---NewYard--addressDetailDetailsCountry-arrow"}]}
RESULT: {"script":"<script> [1562 bytes]","args":[{"selector":{"id":"application-manageyards-display-component---NewYard--addressDetailDetailsCountry-arrow"},"wdio_ui5_key":"applicationmanageyards-display-component---NewYard--addressDetailDetailsCountry-arrow"}]}
RESULT: undefined
COMMAND: POST /session/0483d061f40becc12e3a8004d2d19577/element - {"using":"xpath","value":"//*[@id=\"application-manageyards-display-component---NewYard--addressDetailDetailsCountry-arrow\"]"}
RESULT: {"using":"xpath","value":"//*[@id=\"application-manageyards-display-component---NewYard--addressDetailDetailsCountry-arrow\"]"}
COMMAND: POST /session/0483d061f40becc12e3a8004d2d19577/element/f.21909E599E196C0494D8E3CC232C3551.d.78FDD9E040F5A1246479B3BC6E72B433.e.2707/click - {}
RESULT: {}
COMMAND: POST /session/0483d061f40becc12e3a8004d2d19577/element - {"using":"xpath","value":"//span[contains(text(), \"Argentina\")]"}
COMMAND: GET /session/0483d061f40becc12e3a8004d2d19577/screenshot - {}
RESULT: {"using":"xpath","value":"//span[contains(text(), \"Argentina\")]"}
COMMAND: POST /session/0483d061f40becc12e3a8004d2d19577/element/f.21909E599E196C0494D8E3CC232C3551.d.78FDD9E040F5A1246479B3BC6E72B433.e.2709/click - {}
RESULT: {}
RESULT: {}
COMMAND: POST /session/0483d061f40becc12e3a8004d2d19577/execute/async - {"script":"<script> [1562 bytes]","args":[{"selector":{"id":"application-manageyards-display-component---NewYard--addressEditDetailsCostObjectCstType-arrow"},"wdio_ui5_key":"applicationmanageyards-display-component---NewYard--addressEditDetailsCostObjectCstType-arrow"}]}
COMMAND: GET /session/0483d061f40becc12e3a8004d2d19577/screenshot - {}
RESULT: {"script":"<script> [1562 bytes]","args":[{"selector":{"id":"application-manageyards-display-component---NewYard--addressEditDetailsCostObjectCstType-arrow"},"wdio_ui5_key":"applicationmanageyards-display-component---NewYard--addressEditDetailsCostObjectCstType-arrow"}]}
RESULT: undefined
COMMAND: POST /session/0483d061f40becc12e3a8004d2d19577/element - {"using":"xpath","value":"//*[@id=\"application-manageyards-display-component---NewYard--addressEditDetailsCostObjectCstType-arrow\"]"}
RESULT: {}
RESULT: {"using":"xpath","value":"//*[@id=\"application-manageyards-display-component---NewYard--addressEditDetailsCostObjectCstType-arrow\"]"}
COMMAND: POST /session/0483d061f40becc12e3a8004d2d19577/element/f.21909E599E196C0494D8E3CC232C3551.d.78FDD9E040F5A1246479B3BC6E72B433.e.2710/click - {}
RESULT: {}
COMMAND: POST /session/0483d061f40becc12e3a8004d2d19577/element - {"using":"xpath","value":"//span[contains(text(), \"Cost Center\")]"}
COMMAND: GET /session/0483d061f40becc12e3a8004d2d19577/screenshot - {}
RESULT: {"using":"xpath","value":"//span[contains(text(), \"Cost Center\")]"}
COMMAND: POST /session/0483d061f40becc12e3a8004d2d19577/element/f.21909E599E196C0494D8E3CC232C3551.d.78FDD9E040F5A1246479B3BC6E72B433.e.2711/click - {}
RESULT: {}
RESULT: {}
COMMAND: GET /session/0483d061f40becc12e3a8004d2d19577/screenshot - {}
RESULT: {}
COMMAND: POST /session/0483d061f40becc12e3a8004d2d19577/element - {"using":"xpath","value":"//span[@id=\"application-manageyards-display-component---NewYard--addressNewCostObjectCstID-vhi\"]"}
RESULT: {"using":"xpath","value":"//span[@id=\"application-manageyards-display-component---NewYard--addressNewCostObjectCstID-vhi\"]"}
COMMAND: POST /session/0483d061f40becc12e3a8004d2d19577/execute/sync - {"script":"<script> [8489 bytes]","args":[{"element-6066-11e4-a52e-4f735466cecf":"f.21909E599E196C0494D8E3CC232C3551.d.78FDD9E040F5A1246479B3BC6E72B433.e.2715","ELEMENT":"f.21909E599E196C0494D8E3CC232C3551.d.78FDD9E040F5A1246479B3BC6E72B433.e.2715"}]}
RESULT: {"script":"<script> [8489 bytes]","args":[{"element-6066-11e4-a52e-4f735466cecf":"f.21909E599E196C0494D8E3CC232C3551.d.78FDD9E040F5A1246479B3BC6E72B433.e.2715","ELEMENT":"f.21909E599E196C0494D8E3CC232C3551.d.78FDD9E040F5A1246479B3BC6E72B433.e.2715"}]}
COMMAND: POST /session/0483d061f40becc12e3a8004d2d19577/execute/async - {"script":"<script> [1562 bytes]","args":[{"selector":{"id":"application-manageyards-display-component---NewYard--addressNewCostObjectCstID-vhi"},"wdio_ui5_key":"applicationmanageyards-display-component---NewYard--addressNewCostObjectCstID-vhi"}]}
COMMAND: GET /session/0483d061f40becc12e3a8004d2d19577/screenshot - {}
RESULT: {"script":"<script> [1562 bytes]","args":[{"selector":{"id":"application-manageyards-display-component---NewYard--addressNewCostObjectCstID-vhi"},"wdio_ui5_key":"applicationmanageyards-display-component---NewYard--addressNewCostObjectCstID-vhi"}]}
RESULT: undefined
COMMAND: POST /session/0483d061f40becc12e3a8004d2d19577/element - {"using":"xpath","value":"//*[@id=\"application-manageyards-display-component---NewYard--addressNewCostObjectCstID-vhi\"]"}
RESULT: {}
RESULT: {"using":"xpath","value":"//*[@id=\"application-manageyards-display-component---NewYard--addressNewCostObjectCstID-vhi\"]"}
COMMAND: POST /session/0483d061f40becc12e3a8004d2d19577/element/f.21909E599E196C0494D8E3CC232C3551.d.78FDD9E040F5A1246479B3BC6E72B433.e.2715/click - {}
RESULT: {}
COMMAND: GET /session/0483d061f40becc12e3a8004d2d19577/screenshot - {}
RESULT: {}
COMMAND: POST /session/0483d061f40becc12e3a8004d2d19577/execute/async - {"script":"<script> [1562 bytes]","args":[{"selector":{"controlType":"sap.m.SearchField","properties":{"placeholder":"Search"},"searchOpenDialogs":true,"interaction":{"idSuffix":"I"}},"wdio_ui5_key":"sapm.SearchField{\"placeholder\":\"Search\"}"}]}
RESULT: {"script":"<script> [1562 bytes]","args":[{"selector":{"controlType":"sap.m.SearchField","properties":{"placeholder":"Search"},"searchOpenDialogs":true,"interaction":{"idSuffix":"I"}},"wdio_ui5_key":"sapm.SearchField{\"placeholder\":\"Search\"}"}]}
RESULT: undefined
COMMAND: POST /session/0483d061f40becc12e3a8004d2d19577/execute/async - {"script":"<script> [776 bytes]","args":[{"enterText":"bauh_b","selector":{"controlType":"sap.m.SearchField","properties":{"placeholder":"Search"},"searchOpenDialogs":true,"interaction":{"idSuffix":"I"}},"clearTextFirst":true,"interactionType":"ENTER_TEXT"}]}
RESULT: {"script":"<script> [776 bytes]","args":[{"enterText":"bauh_b","selector":{"controlType":"sap.m.SearchField","properties":{"placeholder":"Search"},"searchOpenDialogs":true,"interaction":{"idSuffix":"I"}},"clearTextFirst":true,"interactionType":"ENTER_TEXT"}]}
COMMAND: POST /session/0483d061f40becc12e3a8004d2d19577/actions - {"actions":[{"id":"action1","type":"key","parameters":{},"actions":[{"type":"keyDown","value":""},{"type":"pause","duration":10},{"type":"keyUp","value":""}]}]}
RESULT: {"actions":[{"id":"action1","type":"key","parameters":{},"actions":[{"type":"keyDown","value":""},{"type":"pause","duration":10},{"type":"keyUp","value":""}]}]}
COMMAND: GET /session/0483d061f40becc12e3a8004d2d19577/screenshot - {}
RESULT: {}
COMMAND: POST /session/0483d061f40becc12e3a8004d2d19577/element - {"using":"xpath","value":"//span[contains(text(), \"Demo Yard\")]"}
RESULT: {"using":"xpath","value":"//span[contains(text(), \"Demo Yard\")]"}
COMMAND: POST /session/0483d061f40becc12e3a8004d2d19577/element/f.21909E599E196C0494D8E3CC232C3551.d.78FDD9E040F5A1246479B3BC6E72B433.e.2757/click - {}
RESULT: {}
COMMAND: GET /session/0483d061f40becc12e3a8004d2d19577/screenshot - {}
RESULT: {}
COMMAND: POST /session/0483d061f40becc12e3a8004d2d19577/element - {"using":"xpath","value":"//bdi[contains(text(), \"OK\")]"}
RESULT: {"using":"xpath","value":"//bdi[contains(text(), \"OK\")]"}
COMMAND: POST /session/0483d061f40becc12e3a8004d2d19577/element/f.21909E599E196C0494D8E3CC232C3551.d.78FDD9E040F5A1246479B3BC6E72B433.e.2758/click - {}
RESULT: {}
COMMAND: GET /session/0483d061f40becc12e3a8004d2d19577/screenshot - {}
RESULT: {}
COMMAND: POST /session/0483d061f40becc12e3a8004d2d19577/execute/async - {"script":"<script> [1562 bytes]","args":[{"selector":{"id":"application-manageyards-display-component---NewYard--addressEditDetailsCurrency-arrow"},"wdio_ui5_key":"applicationmanageyards-display-component---NewYard--addressEditDetailsCurrency-arrow"}]}
RESULT: {"script":"<script> [1562 bytes]","args":[{"selector":{"id":"application-manageyards-display-component---NewYard--addressEditDetailsCurrency-arrow"},"wdio_ui5_key":"applicationmanageyards-display-component---NewYard--addressEditDetailsCurrency-arrow"}]}
RESULT: undefined
COMMAND: POST /session/0483d061f40becc12e3a8004d2d19577/element - {"using":"xpath","value":"//*[@id=\"application-manageyards-display-component---NewYard--addressEditDetailsCurrency-arrow\"]"}
RESULT: {"using":"xpath","value":"//*[@id=\"application-manageyards-display-component---NewYard--addressEditDetailsCurrency-arrow\"]"}
COMMAND: POST /session/0483d061f40becc12e3a8004d2d19577/element/f.21909E599E196C0494D8E3CC232C3551.d.78FDD9E040F5A1246479B3BC6E72B433.e.2761/click - {}
RESULT: {}
COMMAND: POST /session/0483d061f40becc12e3a8004d2d19577/element - {"using":"xpath","value":"//span[contains(text(), \"Euro\")]"}
COMMAND: GET /session/0483d061f40becc12e3a8004d2d19577/screenshot - {}
RESULT: {"using":"xpath","value":"//span[contains(text(), \"Euro\")]"}
COMMAND: POST /session/0483d061f40becc12e3a8004d2d19577/element/f.21909E599E196C0494D8E3CC232C3551.d.78FDD9E040F5A1246479B3BC6E72B433.e.2762/click - {}
RESULT: {}
RESULT: {}
COMMAND: POST /session/0483d061f40becc12e3a8004d2d19577/execute/async - {"script":"<script> [1562 bytes]","args":[{"selector":{"controlType":"sap.m.Input","viewName":"etm.portal.ui.manageyards.view.New","viewId":"application-manageyards-display-component---NewYard","bindingPath":{"path":"","propertyPath":"/CONTROLLING_AREA","modelName":"NewYardModel"},"interaction":{"idSuffix":"inner"}},"wdio_ui5_key":"etmportal.ui.manageyards.view.Newsap.m.Input{\"path\":\"\",\"propertyPath\":\"/CONTROLLING_AREA\",\"modelName\":\"NewYardModel\"}"}]}
COMMAND: GET /session/0483d061f40becc12e3a8004d2d19577/screenshot - {}
RESULT: {}
RESULT: {"script":"<script> [1562 bytes]","args":[{"selector":{"controlType":"sap.m.Input","viewName":"etm.portal.ui.manageyards.view.New","viewId":"application-manageyards-display-component---NewYard","bindingPath":{"path":"","propertyPath":"/CONTROLLING_AREA","modelName":"NewYardModel"},"interaction":{"idSuffix":"inner"}},"wdio_ui5_key":"etmportal.ui.manageyards.view.Newsap.m.Input{\"path\":\"\",\"propertyPath\":\"/CONTROLLING_AREA\",\"modelName\":\"NewYardModel\"}"}]}
RESULT: undefined
COMMAND: POST /session/0483d061f40becc12e3a8004d2d19577/execute/async - {"script":"<script> [776 bytes]","args":[{"enterText":"Z001","selector":{"controlType":"sap.m.Input","viewName":"etm.portal.ui.manageyards.view.New","viewId":"application-manageyards-display-component---NewYard","bindingPath":{"path":"","propertyPath":"/CONTROLLING_AREA","modelName":"NewYardModel"},"interaction":{"idSuffix":"inner"}},"clearTextFirst":true,"interactionType":"ENTER_TEXT"}]}
RESULT: {"script":"<script> [776 bytes]","args":[{"enterText":"Z001","selector":{"controlType":"sap.m.Input","viewName":"etm.portal.ui.manageyards.view.New","viewId":"application-manageyards-display-component---NewYard","bindingPath":{"path":"","propertyPath":"/CONTROLLING_AREA","modelName":"NewYardModel"},"interaction":{"idSuffix":"inner"}},"clearTextFirst":true,"interactionType":"ENTER_TEXT"}]}
COMMAND: POST /session/0483d061f40becc12e3a8004d2d19577/execute/async - {"script":"<script> [1562 bytes]","args":[{"selector":{"id":"application-manageyards-display-component---NewYard--companyCodeComboBox","interaction":{"idSuffix":"inner"}},"wdio_ui5_key":"applicationmanageyards-display-component---NewYard--companyCodeComboBox"}]}
RESULT: {"script":"<script> [1562 bytes]","args":[{"selector":{"id":"application-manageyards-display-component---NewYard--companyCodeComboBox","interaction":{"idSuffix":"inner"}},"wdio_ui5_key":"applicationmanageyards-display-component---NewYard--companyCodeComboBox"}]}
RESULT: undefined
COMMAND: POST /session/0483d061f40becc12e3a8004d2d19577/execute/async - {"script":"<script> [776 bytes]","args":[{"enterText":"1000","selector":{"id":"application-manageyards-display-component---NewYard--companyCodeComboBox","interaction":{"idSuffix":"inner"}},"clearTextFirst":true,"interactionType":"ENTER_TEXT"}]}
RESULT: {"script":"<script> [776 bytes]","args":[{"enterText":"1000","selector":{"id":"application-manageyards-display-component---NewYard--companyCodeComboBox","interaction":{"idSuffix":"inner"}},"clearTextFirst":true,"interactionType":"ENTER_TEXT"}]}
COMMAND: POST /session/0483d061f40becc12e3a8004d2d19577/execute/async - {"script":"<script> [1562 bytes]","args":[{"selector":{"controlType":"sap.m.Input","viewName":"etm.portal.ui.manageyards.view.New","viewId":"application-manageyards-display-component---NewYard","bindingPath":{"path":"","propertyPath":"/PLANT","modelName":"NewYardModel"},"interaction":{"idSuffix":"inner"}},"wdio_ui5_key":"etmportal.ui.manageyards.view.Newsap.m.Input{\"path\":\"\",\"propertyPath\":\"/PLANT\",\"modelName\":\"NewYardModel\"}"}]}
RESULT: {"script":"<script> [1562 bytes]","args":[{"selector":{"controlType":"sap.m.Input","viewName":"etm.portal.ui.manageyards.view.New","viewId":"application-manageyards-display-component---NewYard","bindingPath":{"path":"","propertyPath":"/PLANT","modelName":"NewYardModel"},"interaction":{"idSuffix":"inner"}},"wdio_ui5_key":"etmportal.ui.manageyards.view.Newsap.m.Input{\"path\":\"\",\"propertyPath\":\"/PLANT\",\"modelName\":\"NewYardModel\"}"}]}
RESULT: undefined
COMMAND: POST /session/0483d061f40becc12e3a8004d2d19577/execute/async - {"script":"<script> [776 bytes]","args":[{"enterText":"1001","selector":{"controlType":"sap.m.Input","viewName":"etm.portal.ui.manageyards.view.New","viewId":"application-manageyards-display-component---NewYard","bindingPath":{"path":"","propertyPath":"/PLANT","modelName":"NewYardModel"},"interaction":{"idSuffix":"inner"}},"clearTextFirst":true,"interactionType":"ENTER_TEXT"}]}
RESULT: {"script":"<script> [776 bytes]","args":[{"enterText":"1001","selector":{"controlType":"sap.m.Input","viewName":"etm.portal.ui.manageyards.view.New","viewId":"application-manageyards-display-component---NewYard","bindingPath":{"path":"","propertyPath":"/PLANT","modelName":"NewYardModel"},"interaction":{"idSuffix":"inner"}},"clearTextFirst":true,"interactionType":"ENTER_TEXT"}]}
COMMAND: POST /session/0483d061f40becc12e3a8004d2d19577/execute/async - {"script":"<script> [1562 bytes]","args":[{"selector":{"controlType":"sap.m.Input","viewName":"etm.portal.ui.manageyards.view.New","viewId":"application-manageyards-display-component---NewYard","bindingPath":{"path":"","propertyPath":"/SALES_AREA_VKORG","modelName":"NewYardModel"},"interaction":{"idSuffix":"inner"}},"wdio_ui5_key":"etmportal.ui.manageyards.view.Newsap.m.Input{\"path\":\"\",\"propertyPath\":\"/SALES_AREA_VKORG\",\"modelName\":\"NewYardModel\"}"}]}
RESULT: {"script":"<script> [1562 bytes]","args":[{"selector":{"controlType":"sap.m.Input","viewName":"etm.portal.ui.manageyards.view.New","viewId":"application-manageyards-display-component---NewYard","bindingPath":{"path":"","propertyPath":"/SALES_AREA_VKORG","modelName":"NewYardModel"},"interaction":{"idSuffix":"inner"}},"wdio_ui5_key":"etmportal.ui.manageyards.view.Newsap.m.Input{\"path\":\"\",\"propertyPath\":\"/SALES_AREA_VKORG\",\"modelName\":\"NewYardModel\"}"}]}
RESULT: undefined
COMMAND: POST /session/0483d061f40becc12e3a8004d2d19577/execute/async - {"script":"<script> [776 bytes]","args":[{"enterText":"C002","selector":{"controlType":"sap.m.Input","viewName":"etm.portal.ui.manageyards.view.New","viewId":"application-manageyards-display-component---NewYard","bindingPath":{"path":"","propertyPath":"/SALES_AREA_VKORG","modelName":"NewYardModel"},"interaction":{"idSuffix":"inner"}},"clearTextFirst":true,"interactionType":"ENTER_TEXT"}]}
RESULT: {"script":"<script> [776 bytes]","args":[{"enterText":"C002","selector":{"controlType":"sap.m.Input","viewName":"etm.portal.ui.manageyards.view.New","viewId":"application-manageyards-display-component---NewYard","bindingPath":{"path":"","propertyPath":"/SALES_AREA_VKORG","modelName":"NewYardModel"},"interaction":{"idSuffix":"inner"}},"clearTextFirst":true,"interactionType":"ENTER_TEXT"}]}
COMMAND: POST /session/0483d061f40becc12e3a8004d2d19577/execute/async - {"script":"<script> [1562 bytes]","args":[{"selector":{"controlType":"sap.m.Input","viewName":"etm.portal.ui.manageyards.view.New","viewId":"application-manageyards-display-component---NewYard","bindingPath":{"path":"","propertyPath":"/SALES_AREA_VTWEG","modelName":"NewYardModel"},"interaction":{"idSuffix":"inner"}},"wdio_ui5_key":"etmportal.ui.manageyards.view.Newsap.m.Input{\"path\":\"\",\"propertyPath\":\"/SALES_AREA_VTWEG\",\"modelName\":\"NewYardModel\"}"}]}
RESULT: {"script":"<script> [1562 bytes]","args":[{"selector":{"controlType":"sap.m.Input","viewName":"etm.portal.ui.manageyards.view.New","viewId":"application-manageyards-display-component---NewYard","bindingPath":{"path":"","propertyPath":"/SALES_AREA_VTWEG","modelName":"NewYardModel"},"interaction":{"idSuffix":"inner"}},"wdio_ui5_key":"etmportal.ui.manageyards.view.Newsap.m.Input{\"path\":\"\",\"propertyPath\":\"/SALES_AREA_VTWEG\",\"modelName\":\"NewYardModel\"}"}]}
RESULT: undefined
COMMAND: POST /session/0483d061f40becc12e3a8004d2d19577/execute/async - {"script":"<script> [776 bytes]","args":[{"enterText":"C2","selector":{"controlType":"sap.m.Input","viewName":"etm.portal.ui.manageyards.view.New","viewId":"application-manageyards-display-component---NewYard","bindingPath":{"path":"","propertyPath":"/SALES_AREA_VTWEG","modelName":"NewYardModel"},"interaction":{"idSuffix":"inner"}},"clearTextFirst":true,"interactionType":"ENTER_TEXT"}]}
RESULT: {"script":"<script> [776 bytes]","args":[{"enterText":"C2","selector":{"controlType":"sap.m.Input","viewName":"etm.portal.ui.manageyards.view.New","viewId":"application-manageyards-display-component---NewYard","bindingPath":{"path":"","propertyPath":"/SALES_AREA_VTWEG","modelName":"NewYardModel"},"interaction":{"idSuffix":"inner"}},"clearTextFirst":true,"interactionType":"ENTER_TEXT"}]}
COMMAND: POST /session/0483d061f40becc12e3a8004d2d19577/execute/async - {"script":"<script> [1562 bytes]","args":[{"selector":{"controlType":"sap.m.Input","viewName":"etm.portal.ui.manageyards.view.New","viewId":"application-manageyards-display-component---NewYard","bindingPath":{"path":"","propertyPath":"/SALES_AREA_SPART","modelName":"NewYardModel"},"interaction":{"idSuffix":"inner"}},"wdio_ui5_key":"etmportal.ui.manageyards.view.Newsap.m.Input{\"path\":\"\",\"propertyPath\":\"/SALES_AREA_SPART\",\"modelName\":\"NewYardModel\"}"}]}
RESULT: {"script":"<script> [1562 bytes]","args":[{"selector":{"controlType":"sap.m.Input","viewName":"etm.portal.ui.manageyards.view.New","viewId":"application-manageyards-display-component---NewYard","bindingPath":{"path":"","propertyPath":"/SALES_AREA_SPART","modelName":"NewYardModel"},"interaction":{"idSuffix":"inner"}},"wdio_ui5_key":"etmportal.ui.manageyards.view.Newsap.m.Input{\"path\":\"\",\"propertyPath\":\"/SALES_AREA_SPART\",\"modelName\":\"NewYardModel\"}"}]}
RESULT: undefined
COMMAND: POST /session/0483d061f40becc12e3a8004d2d19577/execute/async - {"script":"<script> [776 bytes]","args":[{"enterText":"C2","selector":{"controlType":"sap.m.Input","viewName":"etm.portal.ui.manageyards.view.New","viewId":"application-manageyards-display-component---NewYard","bindingPath":{"path":"","propertyPath":"/SALES_AREA_SPART","modelName":"NewYardModel"},"interaction":{"idSuffix":"inner"}},"clearTextFirst":true,"interactionType":"ENTER_TEXT"}]}
RESULT: {"script":"<script> [776 bytes]","args":[{"enterText":"C2","selector":{"controlType":"sap.m.Input","viewName":"etm.portal.ui.manageyards.view.New","viewId":"application-manageyards-display-component---NewYard","bindingPath":{"path":"","propertyPath":"/SALES_AREA_SPART","modelName":"NewYardModel"},"interaction":{"idSuffix":"inner"}},"clearTextFirst":true,"interactionType":"ENTER_TEXT"}]}
COMMAND: POST /session/0483d061f40becc12e3a8004d2d19577/execute/async - {"script":"<script> [1562 bytes]","args":[{"selector":{"controlType":"sap.m.Input","viewName":"etm.portal.ui.manageyards.view.New","viewId":"application-manageyards-display-component---NewYard","bindingPath":{"path":"","propertyPath":"/SHIP_POINT","modelName":"NewYardModel"},"interaction":{"idSuffix":"inner"}},"wdio_ui5_key":"etmportal.ui.manageyards.view.Newsap.m.Input{\"path\":\"\",\"propertyPath\":\"/SHIP_POINT\",\"modelName\":\"NewYardModel\"}"}]}
RESULT: {"script":"<script> [1562 bytes]","args":[{"selector":{"controlType":"sap.m.Input","viewName":"etm.portal.ui.manageyards.view.New","viewId":"application-manageyards-display-component---NewYard","bindingPath":{"path":"","propertyPath":"/SHIP_POINT","modelName":"NewYardModel"},"interaction":{"idSuffix":"inner"}},"wdio_ui5_key":"etmportal.ui.manageyards.view.Newsap.m.Input{\"path\":\"\",\"propertyPath\":\"/SHIP_POINT\",\"modelName\":\"NewYardModel\"}"}]}
RESULT: undefined
COMMAND: POST /session/0483d061f40becc12e3a8004d2d19577/execute/async - {"script":"<script> [776 bytes]","args":[{"enterText":"1710","selector":{"controlType":"sap.m.Input","viewName":"etm.portal.ui.manageyards.view.New","viewId":"application-manageyards-display-component---NewYard","bindingPath":{"path":"","propertyPath":"/SHIP_POINT","modelName":"NewYardModel"},"interaction":{"idSuffix":"inner"}},"clearTextFirst":true,"interactionType":"ENTER_TEXT"}]}
RESULT: {"script":"<script> [776 bytes]","args":[{"enterText":"1710","selector":{"controlType":"sap.m.Input","viewName":"etm.portal.ui.manageyards.view.New","viewId":"application-manageyards-display-component---NewYard","bindingPath":{"path":"","propertyPath":"/SHIP_POINT","modelName":"NewYardModel"},"interaction":{"idSuffix":"inner"}},"clearTextFirst":true,"interactionType":"ENTER_TEXT"}]}
COMMAND: POST /session/0483d061f40becc12e3a8004d2d19577/execute/async - {"script":"<script> [1562 bytes]","args":[{"selector":{"controlType":"sap.m.Input","viewName":"etm.portal.ui.manageyards.view.New","viewId":"application-manageyards-display-component---NewYard","bindingPath":{"path":"","propertyPath":"/DELIVERY_TYPE","modelName":"NewYardModel"},"interaction":{"idSuffix":"inner"}},"wdio_ui5_key":"etmportal.ui.manageyards.view.Newsap.m.Input{\"path\":\"\",\"propertyPath\":\"/DELIVERY_TYPE\",\"modelName\":\"NewYardModel\"}"}]}
RESULT: {"script":"<script> [1562 bytes]","args":[{"selector":{"controlType":"sap.m.Input","viewName":"etm.portal.ui.manageyards.view.New","viewId":"application-manageyards-display-component---NewYard","bindingPath":{"path":"","propertyPath":"/DELIVERY_TYPE","modelName":"NewYardModel"},"interaction":{"idSuffix":"inner"}},"wdio_ui5_key":"etmportal.ui.manageyards.view.Newsap.m.Input{\"path\":\"\",\"propertyPath\":\"/DELIVERY_TYPE\",\"modelName\":\"NewYardModel\"}"}]}
RESULT: undefined
COMMAND: POST /session/0483d061f40becc12e3a8004d2d19577/execute/async - {"script":"<script> [776 bytes]","args":[{"enterText":"ZL01","selector":{"controlType":"sap.m.Input","viewName":"etm.portal.ui.manageyards.view.New","viewId":"application-manageyards-display-component---NewYard","bindingPath":{"path":"","propertyPath":"/DELIVERY_TYPE","modelName":"NewYardModel"},"interaction":{"idSuffix":"inner"}},"clearTextFirst":true,"interactionType":"ENTER_TEXT"}]}
RESULT: {"script":"<script> [776 bytes]","args":[{"enterText":"ZL01","selector":{"controlType":"sap.m.Input","viewName":"etm.portal.ui.manageyards.view.New","viewId":"application-manageyards-display-component---NewYard","bindingPath":{"path":"","propertyPath":"/DELIVERY_TYPE","modelName":"NewYardModel"},"interaction":{"idSuffix":"inner"}},"clearTextFirst":true,"interactionType":"ENTER_TEXT"}]}
COMMAND: POST /session/0483d061f40becc12e3a8004d2d19577/execute/async - {"script":"<script> [1562 bytes]","args":[{"selector":{"controlType":"sap.m.Input","viewName":"etm.portal.ui.manageyards.view.New","viewId":"application-manageyards-display-component---NewYard","bindingPath":{"path":"","propertyPath":"/AUART","modelName":"NewYardModel"},"interaction":{"idSuffix":"inner"}},"wdio_ui5_key":"etmportal.ui.manageyards.view.Newsap.m.Input{\"path\":\"\",\"propertyPath\":\"/AUART\",\"modelName\":\"NewYardModel\"}"}]}
RESULT: {"script":"<script> [1562 bytes]","args":[{"selector":{"controlType":"sap.m.Input","viewName":"etm.portal.ui.manageyards.view.New","viewId":"application-manageyards-display-component---NewYard","bindingPath":{"path":"","propertyPath":"/AUART","modelName":"NewYardModel"},"interaction":{"idSuffix":"inner"}},"wdio_ui5_key":"etmportal.ui.manageyards.view.Newsap.m.Input{\"path\":\"\",\"propertyPath\":\"/AUART\",\"modelName\":\"NewYardModel\"}"}]}
RESULT: undefined
COMMAND: POST /session/0483d061f40becc12e3a8004d2d19577/execute/async - {"script":"<script> [776 bytes]","args":[{"enterText":"TA","selector":{"controlType":"sap.m.Input","viewName":"etm.portal.ui.manageyards.view.New","viewId":"application-manageyards-display-component---NewYard","bindingPath":{"path":"","propertyPath":"/AUART","modelName":"NewYardModel"},"interaction":{"idSuffix":"inner"}},"clearTextFirst":true,"interactionType":"ENTER_TEXT"}]}
RESULT: {"script":"<script> [776 bytes]","args":[{"enterText":"TA","selector":{"controlType":"sap.m.Input","viewName":"etm.portal.ui.manageyards.view.New","viewId":"application-manageyards-display-component---NewYard","bindingPath":{"path":"","propertyPath":"/AUART","modelName":"NewYardModel"},"interaction":{"idSuffix":"inner"}},"clearTextFirst":true,"interactionType":"ENTER_TEXT"}]}
COMMAND: POST /session/0483d061f40becc12e3a8004d2d19577/element - {"using":"xpath","value":"//button[@data-kt=\"newYardSaveButton\"]"}
RESULT: {"using":"xpath","value":"//button[@data-kt=\"newYardSaveButton\"]"}
COMMAND: POST /session/0483d061f40becc12e3a8004d2d19577/element/f.21909E599E196C0494D8E3CC232C3551.d.78FDD9E040F5A1246479B3BC6E72B433.e.2689/click - {}
RESULT: {}
COMMAND: GET /session/0483d061f40becc12e3a8004d2d19577/screenshot - {}
RESULT: {}
COMMAND: POST /session/0483d061f40becc12e3a8004d2d19577/element - {"using":"xpath","value":"//header[contains(@id, 'ObjectPageLayout-headerTitle')]/div[1]/div[2]/div[1]/span[1]"}
RESULT: {"using":"xpath","value":"//header[contains(@id, 'ObjectPageLayout-headerTitle')]/div[1]/div[2]/div[1]/span[1]"}
COMMAND: POST /session/0483d061f40becc12e3a8004d2d19577/elements - {"using":"xpath","value":"//header[contains(@id, 'ObjectPageLayout-headerTitle')]/div[1]/div[2]/div[1]/span[1]"}
RESULT: {"using":"xpath","value":"//header[contains(@id, 'ObjectPageLayout-headerTitle')]/div[1]/div[2]/div[1]/span[1]"}
COMMAND: POST /session/0483d061f40becc12e3a8004d2d19577/execute/sync - {"script":"<script> [56 bytes]","args":[{"element-6066-11e4-a52e-4f735466cecf":"f.21909E599E196C0494D8E3CC232C3551.d.78FDD9E040F5A1246479B3BC6E72B433.e.2979","ELEMENT":"f.21909E599E196C0494D8E3CC232C3551.d.78FDD9E040F5A1246479B3BC6E72B433.e.2979"}]}
RESULT: {"script":"<script> [56 bytes]","args":[{"element-6066-11e4-a52e-4f735466cecf":"f.21909E599E196C0494D8E3CC232C3551.d.78FDD9E040F5A1246479B3BC6E72B433.e.2979","ELEMENT":"f.21909E599E196C0494D8E3CC232C3551.d.78FDD9E040F5A1246479B3BC6E72B433.e.2979"}]}
COMMAND: GET /session/0483d061f40becc12e3a8004d2d19577/screenshot - {}
RESULT: {}
COMMAND: POST /session/0483d061f40becc12e3a8004d2d19577/element - {"using":"css selector","value":"#shell-header-logo"}
RESULT: {"using":"css selector","value":"#shell-header-logo"}
COMMAND: POST /session/0483d061f40becc12e3a8004d2d19577/element/f.21909E599E196C0494D8E3CC232C3551.d.78FDD9E040F5A1246479B3BC6E72B433.e.2239/click - {}
RESULT: {}
COMMAND: GET /session/0483d061f40becc12e3a8004d2d19577/screenshot - {}
RESULT: {}
COMMAND: POST /session/0483d061f40becc12e3a8004d2d19577/execute/sync - {"script":"<script> [299 bytes]","args":[["getModel","getResource"]]}
RESULT: {"script":"<script> [299 bytes]","args":[["getModel","getResource"]]}
COMMAND: GET /session/0483d061f40becc12e3a8004d2d19577/screenshot - {}
]]></system-out>
    </testcase>
    <testcase classname="chrome.136_0_7103_93.windows.Billing_Transfer_-_Master_data_&amp;_Intercompany_US127250" name="Should create a new partner" time="141.789">
      <system-out><![CDATA[
COMMAND: POST /session/0483d061f40becc12e3a8004d2d19577/window/fullscreen - {}
RESULT: {}
COMMAND: POST /session/0483d061f40becc12e3a8004d2d19577/execute/async - {"script":"<script> [1562 bytes]","args":[{"selector":{"controlType":"sap.m.GenericTile","properties":{"header":"Manage Partners"}},"wdio_ui5_key":"sapm.GenericTile{\"header\":\"Manage Partners\"}"}]}
RESULT: {}
RESULT: {"script":"<script> [1562 bytes]","args":[{"selector":{"controlType":"sap.m.GenericTile","properties":{"header":"Manage Partners"}},"wdio_ui5_key":"sapm.GenericTile{\"header\":\"Manage Partners\"}"}]}
RESULT: undefined
COMMAND: POST /session/0483d061f40becc12e3a8004d2d19577/element - {"using":"xpath","value":"//*[@id=\"__tile38\"]"}
RESULT: {"using":"xpath","value":"//*[@id=\"__tile38\"]"}
COMMAND: POST /session/0483d061f40becc12e3a8004d2d19577/element/f.21909E599E196C0494D8E3CC232C3551.d.78FDD9E040F5A1246479B3BC6E72B433.e.2123/click - {}
RESULT: {}
COMMAND: GET /session/0483d061f40becc12e3a8004d2d19577/screenshot - {}
RESULT: {}
COMMAND: POST /session/0483d061f40becc12e3a8004d2d19577/elements - {"using":"xpath","value":"//span[text()='Error']"}
RESULT: {"using":"xpath","value":"//span[text()='Error']"}
COMMAND: POST /session/0483d061f40becc12e3a8004d2d19577/element - {"using":"xpath","value":"//button[@data-kt=\"addButton\"]"}
RESULT: {"using":"xpath","value":"//button[@data-kt=\"addButton\"]"}
COMMAND: POST /session/0483d061f40becc12e3a8004d2d19577/elements - {"using":"xpath","value":"//button[@data-kt=\"addButton\"]"}
RESULT: {"using":"xpath","value":"//button[@data-kt=\"addButton\"]"}
COMMAND: POST /session/0483d061f40becc12e3a8004d2d19577/execute/sync - {"script":"<script> [8489 bytes]","args":[{"element-6066-11e4-a52e-4f735466cecf":"f.21909E599E196C0494D8E3CC232C3551.d.78FDD9E040F5A1246479B3BC6E72B433.e.3018","ELEMENT":"f.21909E599E196C0494D8E3CC232C3551.d.78FDD9E040F5A1246479B3BC6E72B433.e.3018"}]}
RESULT: {"script":"<script> [8489 bytes]","args":[{"element-6066-11e4-a52e-4f735466cecf":"f.21909E599E196C0494D8E3CC232C3551.d.78FDD9E040F5A1246479B3BC6E72B433.e.3018","ELEMENT":"f.21909E599E196C0494D8E3CC232C3551.d.78FDD9E040F5A1246479B3BC6E72B433.e.3018"}]}
COMMAND: GET /session/0483d061f40becc12e3a8004d2d19577/element/f.21909E599E196C0494D8E3CC232C3551.d.78FDD9E040F5A1246479B3BC6E72B433.e.3018/enabled - {}
COMMAND: GET /session/0483d061f40becc12e3a8004d2d19577/screenshot - {}
RESULT: {}
COMMAND: POST /session/0483d061f40becc12e3a8004d2d19577/execute/sync - {"script":"<script> [8489 bytes]","args":[{"element-6066-11e4-a52e-4f735466cecf":"f.21909E599E196C0494D8E3CC232C3551.d.78FDD9E040F5A1246479B3BC6E72B433.e.3018","ELEMENT":"f.21909E599E196C0494D8E3CC232C3551.d.78FDD9E040F5A1246479B3BC6E72B433.e.3018"}]}
COMMAND: GET /session/0483d061f40becc12e3a8004d2d19577/screenshot - {}
RESULT: {}
RESULT: {"script":"<script> [8489 bytes]","args":[{"element-6066-11e4-a52e-4f735466cecf":"f.21909E599E196C0494D8E3CC232C3551.d.78FDD9E040F5A1246479B3BC6E72B433.e.3018","ELEMENT":"f.21909E599E196C0494D8E3CC232C3551.d.78FDD9E040F5A1246479B3BC6E72B433.e.3018"}]}
COMMAND: POST /session/0483d061f40becc12e3a8004d2d19577/execute/sync - {"script":"<script> [5351 bytes]","args":[{"element-6066-11e4-a52e-4f735466cecf":"f.21909E599E196C0494D8E3CC232C3551.d.78FDD9E040F5A1246479B3BC6E72B433.e.3018","ELEMENT":"f.21909E599E196C0494D8E3CC232C3551.d.78FDD9E040F5A1246479B3BC6E72B433.e.3018"}]}
COMMAND: GET /session/0483d061f40becc12e3a8004d2d19577/screenshot - {}
RESULT: {}
RESULT: {"script":"<script> [5351 bytes]","args":[{"element-6066-11e4-a52e-4f735466cecf":"f.21909E599E196C0494D8E3CC232C3551.d.78FDD9E040F5A1246479B3BC6E72B433.e.3018","ELEMENT":"f.21909E599E196C0494D8E3CC232C3551.d.78FDD9E040F5A1246479B3BC6E72B433.e.3018"}]}
COMMAND: POST /session/0483d061f40becc12e3a8004d2d19577/element/f.21909E599E196C0494D8E3CC232C3551.d.78FDD9E040F5A1246479B3BC6E72B433.e.3018/click - {}
COMMAND: GET /session/0483d061f40becc12e3a8004d2d19577/screenshot - {}
RESULT: {}
RESULT: {}
COMMAND: GET /session/0483d061f40becc12e3a8004d2d19577/screenshot - {}
COMMAND: POST /session/0483d061f40becc12e3a8004d2d19577/execute/async - {"script":"<script> [1562 bytes]","args":[{"selector":{"id":"application-managepartners-display-component---NewPartner--addressDetailDetailsName1","interaction":{"idSuffix":"inner"}},"wdio_ui5_key":"applicationmanagepartners-display-component---NewPartner--addressDetailDetailsName1"}]}
RESULT: {}
RESULT: {}
RESULT: {"script":"<script> [1562 bytes]","args":[{"selector":{"id":"application-managepartners-display-component---NewPartner--addressDetailDetailsName1","interaction":{"idSuffix":"inner"}},"wdio_ui5_key":"applicationmanagepartners-display-component---NewPartner--addressDetailDetailsName1"}]}
RESULT: undefined
COMMAND: POST /session/0483d061f40becc12e3a8004d2d19577/execute/async - {"script":"<script> [776 bytes]","args":[{"enterText":"Intercompany Partner WDIO","selector":{"id":"application-managepartners-display-component---NewPartner--addressDetailDetailsName1","interaction":{"idSuffix":"inner"}},"clearTextFirst":true,"interactionType":"ENTER_TEXT"}]}
RESULT: {"script":"<script> [776 bytes]","args":[{"enterText":"Intercompany Partner WDIO","selector":{"id":"application-managepartners-display-component---NewPartner--addressDetailDetailsName1","interaction":{"idSuffix":"inner"}},"clearTextFirst":true,"interactionType":"ENTER_TEXT"}]}
COMMAND: POST /session/0483d061f40becc12e3a8004d2d19577/execute/async - {"script":"<script> [1562 bytes]","args":[{"selector":{"id":"application-managepartners-display-component---NewPartner--addressDetailDetailsLanguage-arrow"},"wdio_ui5_key":"applicationmanagepartners-display-component---NewPartner--addressDetailDetailsLanguage-arrow"}]}
RESULT: {"script":"<script> [1562 bytes]","args":[{"selector":{"id":"application-managepartners-display-component---NewPartner--addressDetailDetailsLanguage-arrow"},"wdio_ui5_key":"applicationmanagepartners-display-component---NewPartner--addressDetailDetailsLanguage-arrow"}]}
RESULT: undefined
COMMAND: POST /session/0483d061f40becc12e3a8004d2d19577/element - {"using":"xpath","value":"//*[@id=\"application-managepartners-display-component---NewPartner--addressDetailDetailsLanguage-arrow\"]"}
RESULT: {"using":"xpath","value":"//*[@id=\"application-managepartners-display-component---NewPartner--addressDetailDetailsLanguage-arrow\"]"}
COMMAND: POST /session/0483d061f40becc12e3a8004d2d19577/element/f.21909E599E196C0494D8E3CC232C3551.d.78FDD9E040F5A1246479B3BC6E72B433.e.3465/click - {}
RESULT: {}
COMMAND: POST /session/0483d061f40becc12e3a8004d2d19577/element - {"using":"xpath","value":"//span[contains(text(), \"English\")]"}
COMMAND: GET /session/0483d061f40becc12e3a8004d2d19577/screenshot - {}
RESULT: {"using":"xpath","value":"//span[contains(text(), \"English\")]"}
COMMAND: POST /session/0483d061f40becc12e3a8004d2d19577/element/f.21909E599E196C0494D8E3CC232C3551.d.78FDD9E040F5A1246479B3BC6E72B433.e.3466/click - {}
RESULT: {}
RESULT: {}
COMMAND: GET /session/0483d061f40becc12e3a8004d2d19577/screenshot - {}
RESULT: {}
COMMAND: POST /session/0483d061f40becc12e3a8004d2d19577/execute/async - {"script":"<script> [1562 bytes]","args":[{"selector":{"id":"application-managepartners-display-component---NewPartner--addressDetailDetailsCity1","interaction":{"idSuffix":"inner"}},"wdio_ui5_key":"applicationmanagepartners-display-component---NewPartner--addressDetailDetailsCity1"}]}
RESULT: {"script":"<script> [1562 bytes]","args":[{"selector":{"id":"application-managepartners-display-component---NewPartner--addressDetailDetailsCity1","interaction":{"idSuffix":"inner"}},"wdio_ui5_key":"applicationmanagepartners-display-component---NewPartner--addressDetailDetailsCity1"}]}
RESULT: undefined
COMMAND: POST /session/0483d061f40becc12e3a8004d2d19577/execute/async - {"script":"<script> [776 bytes]","args":[{"enterText":"Rosario","selector":{"id":"application-managepartners-display-component---NewPartner--addressDetailDetailsCity1","interaction":{"idSuffix":"inner"}},"clearTextFirst":true,"interactionType":"ENTER_TEXT"}]}
RESULT: {"script":"<script> [776 bytes]","args":[{"enterText":"Rosario","selector":{"id":"application-managepartners-display-component---NewPartner--addressDetailDetailsCity1","interaction":{"idSuffix":"inner"}},"clearTextFirst":true,"interactionType":"ENTER_TEXT"}]}
COMMAND: POST /session/0483d061f40becc12e3a8004d2d19577/execute/async - {"script":"<script> [1562 bytes]","args":[{"selector":{"id":"application-managepartners-display-component---NewPartner--addressDetailDetailsCountry-arrow"},"wdio_ui5_key":"applicationmanagepartners-display-component---NewPartner--addressDetailDetailsCountry-arrow"}]}
RESULT: {"script":"<script> [1562 bytes]","args":[{"selector":{"id":"application-managepartners-display-component---NewPartner--addressDetailDetailsCountry-arrow"},"wdio_ui5_key":"applicationmanagepartners-display-component---NewPartner--addressDetailDetailsCountry-arrow"}]}
RESULT: undefined
COMMAND: POST /session/0483d061f40becc12e3a8004d2d19577/element - {"using":"xpath","value":"//*[@id=\"application-managepartners-display-component---NewPartner--addressDetailDetailsCountry-arrow\"]"}
RESULT: {"using":"xpath","value":"//*[@id=\"application-managepartners-display-component---NewPartner--addressDetailDetailsCountry-arrow\"]"}
COMMAND: POST /session/0483d061f40becc12e3a8004d2d19577/element/f.21909E599E196C0494D8E3CC232C3551.d.78FDD9E040F5A1246479B3BC6E72B433.e.3452/click - {}
RESULT: {}
COMMAND: POST /session/0483d061f40becc12e3a8004d2d19577/element - {"using":"xpath","value":"//span[contains(text(), \"Argentina\")]"}
COMMAND: GET /session/0483d061f40becc12e3a8004d2d19577/screenshot - {}
RESULT: {"using":"xpath","value":"//span[contains(text(), \"Argentina\")]"}
COMMAND: POST /session/0483d061f40becc12e3a8004d2d19577/element/f.21909E599E196C0494D8E3CC232C3551.d.78FDD9E040F5A1246479B3BC6E72B433.e.3468/click - {}
RESULT: {}
RESULT: {}
COMMAND: GET /session/0483d061f40becc12e3a8004d2d19577/screenshot - {}
RESULT: {}
COMMAND: POST /session/0483d061f40becc12e3a8004d2d19577/element - {"using":"xpath","value":"//bdi[contains(text(), \"Commercial\")]"}
RESULT: {"using":"xpath","value":"//bdi[contains(text(), \"Commercial\")]"}
COMMAND: POST /session/0483d061f40becc12e3a8004d2d19577/element/f.21909E599E196C0494D8E3CC232C3551.d.78FDD9E040F5A1246479B3BC6E72B433.e.3469/click - {}
RESULT: {}
COMMAND: GET /session/0483d061f40becc12e3a8004d2d19577/screenshot - {}
RESULT: {}
COMMAND: POST /session/0483d061f40becc12e3a8004d2d19577/execute/async - {"script":"<script> [1562 bytes]","args":[{"selector":{"id":"application-managepartners-display-component---NewPartner--partnerDetailInternal-arrow"},"wdio_ui5_key":"applicationmanagepartners-display-component---NewPartner--partnerDetailInternal-arrow"}]}
RESULT: {"script":"<script> [1562 bytes]","args":[{"selector":{"id":"application-managepartners-display-component---NewPartner--partnerDetailInternal-arrow"},"wdio_ui5_key":"applicationmanagepartners-display-component---NewPartner--partnerDetailInternal-arrow"}]}
RESULT: undefined
COMMAND: POST /session/0483d061f40becc12e3a8004d2d19577/element - {"using":"xpath","value":"//*[@id=\"application-managepartners-display-component---NewPartner--partnerDetailInternal-arrow\"]"}
RESULT: {"using":"xpath","value":"//*[@id=\"application-managepartners-display-component---NewPartner--partnerDetailInternal-arrow\"]"}
COMMAND: POST /session/0483d061f40becc12e3a8004d2d19577/element/f.21909E599E196C0494D8E3CC232C3551.d.78FDD9E040F5A1246479B3BC6E72B433.e.3475/click - {}
RESULT: {}
COMMAND: POST /session/0483d061f40becc12e3a8004d2d19577/element - {"using":"xpath","value":"//span[contains(text(), \"Affiliated company\")]"}
COMMAND: GET /session/0483d061f40becc12e3a8004d2d19577/screenshot - {}
RESULT: {"using":"xpath","value":"//span[contains(text(), \"Affiliated company\")]"}
COMMAND: POST /session/0483d061f40becc12e3a8004d2d19577/element/f.21909E599E196C0494D8E3CC232C3551.d.78FDD9E040F5A1246479B3BC6E72B433.e.3478/click - {}
RESULT: {}
RESULT: {}
COMMAND: POST /session/0483d061f40becc12e3a8004d2d19577/execute/async - {"script":"<script> [1562 bytes]","args":[{"selector":{"id":"application-managepartners-display-component---NewPartner--partnerDetailsCurrency-arrow"},"wdio_ui5_key":"applicationmanagepartners-display-component---NewPartner--partnerDetailsCurrency-arrow"}]}
COMMAND: GET /session/0483d061f40becc12e3a8004d2d19577/screenshot - {}
RESULT: {"script":"<script> [1562 bytes]","args":[{"selector":{"id":"application-managepartners-display-component---NewPartner--partnerDetailsCurrency-arrow"},"wdio_ui5_key":"applicationmanagepartners-display-component---NewPartner--partnerDetailsCurrency-arrow"}]}
RESULT: undefined
COMMAND: POST /session/0483d061f40becc12e3a8004d2d19577/element - {"using":"xpath","value":"//*[@id=\"application-managepartners-display-component---NewPartner--partnerDetailsCurrency-arrow\"]"}
RESULT: {}
RESULT: {"using":"xpath","value":"//*[@id=\"application-managepartners-display-component---NewPartner--partnerDetailsCurrency-arrow\"]"}
COMMAND: POST /session/0483d061f40becc12e3a8004d2d19577/element/f.21909E599E196C0494D8E3CC232C3551.d.78FDD9E040F5A1246479B3BC6E72B433.e.3485/click - {}
RESULT: {}
COMMAND: POST /session/0483d061f40becc12e3a8004d2d19577/element - {"using":"xpath","value":"//span[contains(text(), \"Euro\")]"}
COMMAND: GET /session/0483d061f40becc12e3a8004d2d19577/screenshot - {}
RESULT: {"using":"xpath","value":"//span[contains(text(), \"Euro\")]"}
COMMAND: POST /session/0483d061f40becc12e3a8004d2d19577/element/f.21909E599E196C0494D8E3CC232C3551.d.78FDD9E040F5A1246479B3BC6E72B433.e.3486/click - {}
RESULT: {}
RESULT: {}
COMMAND: POST /session/0483d061f40becc12e3a8004d2d19577/execute/async - {"script":"<script> [1562 bytes]","args":[{"selector":{"id":"application-managepartners-display-component---NewPartner--addressEditDetailsCostObjectCstType-arrow"},"wdio_ui5_key":"applicationmanagepartners-display-component---NewPartner--addressEditDetailsCostObjectCstType-arrow"}]}
COMMAND: GET /session/0483d061f40becc12e3a8004d2d19577/screenshot - {}
RESULT: {"script":"<script> [1562 bytes]","args":[{"selector":{"id":"application-managepartners-display-component---NewPartner--addressEditDetailsCostObjectCstType-arrow"},"wdio_ui5_key":"applicationmanagepartners-display-component---NewPartner--addressEditDetailsCostObjectCstType-arrow"}]}
RESULT: undefined
COMMAND: POST /session/0483d061f40becc12e3a8004d2d19577/element - {"using":"xpath","value":"//*[@id=\"application-managepartners-display-component---NewPartner--addressEditDetailsCostObjectCstType-arrow\"]"}
RESULT: {}
RESULT: {"using":"xpath","value":"//*[@id=\"application-managepartners-display-component---NewPartner--addressEditDetailsCostObjectCstType-arrow\"]"}
COMMAND: POST /session/0483d061f40becc12e3a8004d2d19577/element/f.21909E599E196C0494D8E3CC232C3551.d.78FDD9E040F5A1246479B3BC6E72B433.e.3487/click - {}
RESULT: {}
COMMAND: POST /session/0483d061f40becc12e3a8004d2d19577/element - {"using":"xpath","value":"//span[contains(text(), \"Cost Center\")]"}
COMMAND: GET /session/0483d061f40becc12e3a8004d2d19577/screenshot - {}
RESULT: {"using":"xpath","value":"//span[contains(text(), \"Cost Center\")]"}
COMMAND: POST /session/0483d061f40becc12e3a8004d2d19577/element/f.21909E599E196C0494D8E3CC232C3551.d.78FDD9E040F5A1246479B3BC6E72B433.e.3488/click - {}
RESULT: {}
RESULT: {}
COMMAND: GET /session/0483d061f40becc12e3a8004d2d19577/screenshot - {}
RESULT: {}
COMMAND: POST /session/0483d061f40becc12e3a8004d2d19577/element - {"using":"xpath","value":"//span[@id=\"application-managepartners-display-component---NewPartner--addressNewCostObjectCstID-vhi\"]"}
RESULT: {"using":"xpath","value":"//span[@id=\"application-managepartners-display-component---NewPartner--addressNewCostObjectCstID-vhi\"]"}
COMMAND: POST /session/0483d061f40becc12e3a8004d2d19577/execute/sync - {"script":"<script> [8489 bytes]","args":[{"element-6066-11e4-a52e-4f735466cecf":"f.21909E599E196C0494D8E3CC232C3551.d.78FDD9E040F5A1246479B3BC6E72B433.e.3492","ELEMENT":"f.21909E599E196C0494D8E3CC232C3551.d.78FDD9E040F5A1246479B3BC6E72B433.e.3492"}]}
RESULT: {"script":"<script> [8489 bytes]","args":[{"element-6066-11e4-a52e-4f735466cecf":"f.21909E599E196C0494D8E3CC232C3551.d.78FDD9E040F5A1246479B3BC6E72B433.e.3492","ELEMENT":"f.21909E599E196C0494D8E3CC232C3551.d.78FDD9E040F5A1246479B3BC6E72B433.e.3492"}]}
COMMAND: POST /session/0483d061f40becc12e3a8004d2d19577/execute/async - {"script":"<script> [1562 bytes]","args":[{"selector":{"id":"application-managepartners-display-component---NewPartner--addressNewCostObjectCstID-vhi"},"wdio_ui5_key":"applicationmanagepartners-display-component---NewPartner--addressNewCostObjectCstID-vhi"}]}
COMMAND: GET /session/0483d061f40becc12e3a8004d2d19577/screenshot - {}
RESULT: {"script":"<script> [1562 bytes]","args":[{"selector":{"id":"application-managepartners-display-component---NewPartner--addressNewCostObjectCstID-vhi"},"wdio_ui5_key":"applicationmanagepartners-display-component---NewPartner--addressNewCostObjectCstID-vhi"}]}
RESULT: undefined
COMMAND: POST /session/0483d061f40becc12e3a8004d2d19577/element - {"using":"xpath","value":"//*[@id=\"application-managepartners-display-component---NewPartner--addressNewCostObjectCstID-vhi\"]"}
RESULT: {}
RESULT: {"using":"xpath","value":"//*[@id=\"application-managepartners-display-component---NewPartner--addressNewCostObjectCstID-vhi\"]"}
COMMAND: POST /session/0483d061f40becc12e3a8004d2d19577/element/f.21909E599E196C0494D8E3CC232C3551.d.78FDD9E040F5A1246479B3BC6E72B433.e.3492/click - {}
RESULT: {}
COMMAND: GET /session/0483d061f40becc12e3a8004d2d19577/screenshot - {}
RESULT: {}
RESULT: undefined
COMMAND: POST /session/0483d061f40becc12e3a8004d2d19577/execute/async - {"script":"<script> [776 bytes]","args":[{"enterText":"10001013","selector":{"controlType":"sap.m.SearchField","properties":{"placeholder":"Search"},"searchOpenDialogs":true,"interaction":{"idSuffix":"I"}},"clearTextFirst":true,"interactionType":"ENTER_TEXT"}]}
RESULT: {"script":"<script> [776 bytes]","args":[{"enterText":"10001013","selector":{"controlType":"sap.m.SearchField","properties":{"placeholder":"Search"},"searchOpenDialogs":true,"interaction":{"idSuffix":"I"}},"clearTextFirst":true,"interactionType":"ENTER_TEXT"}]}
COMMAND: POST /session/0483d061f40becc12e3a8004d2d19577/actions - {"actions":[{"id":"action2","type":"key","parameters":{},"actions":[{"type":"keyDown","value":""},{"type":"pause","duration":10},{"type":"keyUp","value":""}]}]}
RESULT: {"actions":[{"id":"action2","type":"key","parameters":{},"actions":[{"type":"keyDown","value":""},{"type":"pause","duration":10},{"type":"keyUp","value":""}]}]}
COMMAND: GET /session/0483d061f40becc12e3a8004d2d19577/screenshot - {}
RESULT: {}
COMMAND: POST /session/0483d061f40becc12e3a8004d2d19577/element - {"using":"xpath","value":"//span[contains(text(), \"General Management\")]"}
RESULT: {"using":"xpath","value":"//span[contains(text(), \"General Management\")]"}
COMMAND: POST /session/0483d061f40becc12e3a8004d2d19577/element/f.21909E599E196C0494D8E3CC232C3551.d.78FDD9E040F5A1246479B3BC6E72B433.e.3533/click - {}
RESULT: {}
COMMAND: GET /session/0483d061f40becc12e3a8004d2d19577/screenshot - {}
RESULT: {}
COMMAND: POST /session/0483d061f40becc12e3a8004d2d19577/element - {"using":"xpath","value":"//bdi[contains(text(), \"OK\")]"}
RESULT: {"using":"xpath","value":"//bdi[contains(text(), \"OK\")]"}
COMMAND: POST /session/0483d061f40becc12e3a8004d2d19577/element/f.21909E599E196C0494D8E3CC232C3551.d.78FDD9E040F5A1246479B3BC6E72B433.e.3534/click - {}
RESULT: {}
COMMAND: GET /session/0483d061f40becc12e3a8004d2d19577/screenshot - {}
RESULT: {}
COMMAND: POST /session/0483d061f40becc12e3a8004d2d19577/element - {"using":"xpath","value":"//input[@id=\"application-managepartners-display-component---NewPartner--companyCodeComboBox-inner\"]"}
RESULT: {"using":"xpath","value":"//input[@id=\"application-managepartners-display-component---NewPartner--companyCodeComboBox-inner\"]"}
COMMAND: POST /session/0483d061f40becc12e3a8004d2d19577/element/f.21909E599E196C0494D8E3CC232C3551.d.78FDD9E040F5A1246479B3BC6E72B433.e.3331/clear - {}
RESULT: {}
COMMAND: POST /session/0483d061f40becc12e3a8004d2d19577/element/f.21909E599E196C0494D8E3CC232C3551.d.78FDD9E040F5A1246479B3BC6E72B433.e.3331/value - {"text":"C002"}
COMMAND: GET /session/0483d061f40becc12e3a8004d2d19577/screenshot - {}
RESULT: {"text":"C002"}
COMMAND: GET /session/0483d061f40becc12e3a8004d2d19577/screenshot - {}
RESULT: {}
RESULT: {}
COMMAND: POST /session/0483d061f40becc12e3a8004d2d19577/element - {"using":"xpath","value":"//li[.//span[text()= \"C002\"]]"}
RESULT: {"using":"xpath","value":"//li[.//span[text()= \"C002\"]]"}
COMMAND: POST /session/0483d061f40becc12e3a8004d2d19577/element/f.21909E599E196C0494D8E3CC232C3551.d.78FDD9E040F5A1246479B3BC6E72B433.e.3540/click - {}
RESULT: {}
COMMAND: GET /session/0483d061f40becc12e3a8004d2d19577/screenshot - {}
RESULT: {}
COMMAND: POST /session/0483d061f40becc12e3a8004d2d19577/execute/async - {"script":"<script> [1562 bytes]","args":[{"selector":{"id":"application-managepartners-display-component---NewPartner--btnAddTableRow-img"},"wdio_ui5_key":"applicationmanagepartners-display-component---NewPartner--btnAddTableRow-img"}]}
RESULT: {"script":"<script> [1562 bytes]","args":[{"selector":{"id":"application-managepartners-display-component---NewPartner--btnAddTableRow-img"},"wdio_ui5_key":"applicationmanagepartners-display-component---NewPartner--btnAddTableRow-img"}]}
RESULT: undefined
COMMAND: POST /session/0483d061f40becc12e3a8004d2d19577/element - {"using":"xpath","value":"//*[@id=\"application-managepartners-display-component---NewPartner--btnAddTableRow-img\"]"}
RESULT: {"using":"xpath","value":"//*[@id=\"application-managepartners-display-component---NewPartner--btnAddTableRow-img\"]"}
COMMAND: POST /session/0483d061f40becc12e3a8004d2d19577/element/f.21909E599E196C0494D8E3CC232C3551.d.78FDD9E040F5A1246479B3BC6E72B433.e.3541/click - {}
RESULT: {}
COMMAND: GET /session/0483d061f40becc12e3a8004d2d19577/screenshot - {}
RESULT: {}
COMMAND: POST /session/0483d061f40becc12e3a8004d2d19577/element - {"using":"xpath","value":"//input[@id=\"application-managepartners-display-component---NewPartner--assignmentYard-application-managepartners-display-component---NewPartner--assignmentsTable-0-inner\"]"}
RESULT: {"using":"xpath","value":"//input[@id=\"application-managepartners-display-component---NewPartner--assignmentYard-application-managepartners-display-component---NewPartner--assignmentsTable-0-inner\"]"}
COMMAND: POST /session/0483d061f40becc12e3a8004d2d19577/element/f.21909E599E196C0494D8E3CC232C3551.d.78FDD9E040F5A1246479B3BC6E72B433.e.3544/clear - {}
RESULT: {}
COMMAND: POST /session/0483d061f40becc12e3a8004d2d19577/element/f.21909E599E196C0494D8E3CC232C3551.d.78FDD9E040F5A1246479B3BC6E72B433.e.3544/value - {"text":"470"}
COMMAND: GET /session/0483d061f40becc12e3a8004d2d19577/screenshot - {}
RESULT: {"text":"470"}
COMMAND: GET /session/0483d061f40becc12e3a8004d2d19577/screenshot - {}
RESULT: {}
RESULT: {}
COMMAND: POST /session/0483d061f40becc12e3a8004d2d19577/element - {"using":"xpath","value":"//li[.//span[text()='470']]"}
RESULT: {"using":"xpath","value":"//li[.//span[text()='470']]"}
COMMAND: POST /session/0483d061f40becc12e3a8004d2d19577/element/f.21909E599E196C0494D8E3CC232C3551.d.78FDD9E040F5A1246479B3BC6E72B433.e.3553/click - {}
RESULT: {}
COMMAND: GET /session/0483d061f40becc12e3a8004d2d19577/screenshot - {}
RESULT: {}
COMMAND: POST /session/0483d061f40becc12e3a8004d2d19577/actions - {"actions":[{"id":"action3","type":"key","parameters":{},"actions":[{"type":"keyDown","value":""},{"type":"pause","duration":10},{"type":"keyUp","value":""}]}]}
RESULT: {"actions":[{"id":"action3","type":"key","parameters":{},"actions":[{"type":"keyDown","value":""},{"type":"pause","duration":10},{"type":"keyUp","value":""}]}]}
COMMAND: POST /session/0483d061f40becc12e3a8004d2d19577/execute/async - {"script":"<script> [1562 bytes]","args":[{"selector":{"id":"application-managepartners-display-component---NewPartner--externalCustomerComboBox-application-managepartners-display-component---NewPartner--assignmentsTable-0-vhi"},"wdio_ui5_key":"applicationmanagepartners-display-component---NewPartner--externalCustomerComboBox-application-managepartners-display-component---NewPartner--assignmentsTable-0-vhi"}]}
COMMAND: GET /session/0483d061f40becc12e3a8004d2d19577/screenshot - {}
RESULT: {"script":"<script> [1562 bytes]","args":[{"selector":{"id":"application-managepartners-display-component---NewPartner--externalCustomerComboBox-application-managepartners-display-component---NewPartner--assignmentsTable-0-vhi"},"wdio_ui5_key":"applicationmanagepartners-display-component---NewPartner--externalCustomerComboBox-application-managepartners-display-component---NewPartner--assignmentsTable-0-vhi"}]}
RESULT: undefined
COMMAND: POST /session/0483d061f40becc12e3a8004d2d19577/element - {"using":"xpath","value":"//*[@id=\"application-managepartners-display-component---NewPartner--externalCustomerComboBox-application-managepartners-display-component---NewPartner--assignmentsTable-0-vhi\"]"}
RESULT: {}
RESULT: {"using":"xpath","value":"//*[@id=\"application-managepartners-display-component---NewPartner--externalCustomerComboBox-application-managepartners-display-component---NewPartner--assignmentsTable-0-vhi\"]"}
COMMAND: POST /session/0483d061f40becc12e3a8004d2d19577/element/f.21909E599E196C0494D8E3CC232C3551.d.78FDD9E040F5A1246479B3BC6E72B433.e.3557/click - {}
RESULT: {}
RESULT: undefined
COMMAND: POST /session/0483d061f40becc12e3a8004d2d19577/execute/async - {"script":"<script> [776 bytes]","args":[{"enterText":"300003","selector":{"controlType":"sap.m.SearchField","properties":{"placeholder":"Search"},"searchOpenDialogs":true,"interaction":{"idSuffix":"I"}},"clearTextFirst":true,"interactionType":"ENTER_TEXT"}]}
COMMAND: GET /session/0483d061f40becc12e3a8004d2d19577/screenshot - {}
RESULT: {"script":"<script> [776 bytes]","args":[{"enterText":"300003","selector":{"controlType":"sap.m.SearchField","properties":{"placeholder":"Search"},"searchOpenDialogs":true,"interaction":{"idSuffix":"I"}},"clearTextFirst":true,"interactionType":"ENTER_TEXT"}]}
COMMAND: POST /session/0483d061f40becc12e3a8004d2d19577/actions - {"actions":[{"id":"action4","type":"key","parameters":{},"actions":[{"type":"keyDown","value":""},{"type":"pause","duration":10},{"type":"keyUp","value":""}]}]}
RESULT: {}
RESULT: {"actions":[{"id":"action4","type":"key","parameters":{},"actions":[{"type":"keyDown","value":""},{"type":"pause","duration":10},{"type":"keyUp","value":""}]}]}
COMMAND: GET /session/0483d061f40becc12e3a8004d2d19577/screenshot - {}
RESULT: {}
COMMAND: POST /session/0483d061f40becc12e3a8004d2d19577/element - {"using":"xpath","value":"//span[contains(text(), \"300003\")]"}
RESULT: {"using":"xpath","value":"//span[contains(text(), \"300003\")]"}
COMMAND: POST /session/0483d061f40becc12e3a8004d2d19577/element/f.21909E599E196C0494D8E3CC232C3551.d.78FDD9E040F5A1246479B3BC6E72B433.e.3575/click - {}
RESULT: {}
COMMAND: GET /session/0483d061f40becc12e3a8004d2d19577/screenshot - {}
RESULT: {}
COMMAND: POST /session/0483d061f40becc12e3a8004d2d19577/element - {"using":"xpath","value":"//bdi[contains(text(), \"OK\")]"}
RESULT: {"using":"xpath","value":"//bdi[contains(text(), \"OK\")]"}
COMMAND: POST /session/0483d061f40becc12e3a8004d2d19577/element/f.21909E599E196C0494D8E3CC232C3551.d.78FDD9E040F5A1246479B3BC6E72B433.e.3577/click - {}
RESULT: {}
COMMAND: GET /session/0483d061f40becc12e3a8004d2d19577/screenshot - {}
RESULT: {}
COMMAND: POST /session/0483d061f40becc12e3a8004d2d19577/execute/async - {"script":"<script> [1562 bytes]","args":[{"selector":{"id":"application-managepartners-display-component---NewPartner--intercompVendorComboBox-application-managepartners-display-component---NewPartner--assignmentsTable-0-vhi"},"wdio_ui5_key":"applicationmanagepartners-display-component---NewPartner--intercompVendorComboBox-application-managepartners-display-component---NewPartner--assignmentsTable-0-vhi"}]}
RESULT: {"script":"<script> [1562 bytes]","args":[{"selector":{"id":"application-managepartners-display-component---NewPartner--intercompVendorComboBox-application-managepartners-display-component---NewPartner--assignmentsTable-0-vhi"},"wdio_ui5_key":"applicationmanagepartners-display-component---NewPartner--intercompVendorComboBox-application-managepartners-display-component---NewPartner--assignmentsTable-0-vhi"}]}
RESULT: undefined
COMMAND: POST /session/0483d061f40becc12e3a8004d2d19577/element - {"using":"xpath","value":"//*[@id=\"application-managepartners-display-component---NewPartner--intercompVendorComboBox-application-managepartners-display-component---NewPartner--assignmentsTable-0-vhi\"]"}
RESULT: {"using":"xpath","value":"//*[@id=\"application-managepartners-display-component---NewPartner--intercompVendorComboBox-application-managepartners-display-component---NewPartner--assignmentsTable-0-vhi\"]"}
COMMAND: POST /session/0483d061f40becc12e3a8004d2d19577/element/f.21909E599E196C0494D8E3CC232C3551.d.78FDD9E040F5A1246479B3BC6E72B433.e.3580/click - {}
RESULT: {}
RESULT: undefined
COMMAND: POST /session/0483d061f40becc12e3a8004d2d19577/execute/async - {"script":"<script> [776 bytes]","args":[{"enterText":"100005","selector":{"controlType":"sap.m.SearchField","properties":{"placeholder":"Search"},"searchOpenDialogs":true,"interaction":{"idSuffix":"I"}},"clearTextFirst":true,"interactionType":"ENTER_TEXT"}]}
COMMAND: GET /session/0483d061f40becc12e3a8004d2d19577/screenshot - {}
RESULT: {"script":"<script> [776 bytes]","args":[{"enterText":"100005","selector":{"controlType":"sap.m.SearchField","properties":{"placeholder":"Search"},"searchOpenDialogs":true,"interaction":{"idSuffix":"I"}},"clearTextFirst":true,"interactionType":"ENTER_TEXT"}]}
COMMAND: POST /session/0483d061f40becc12e3a8004d2d19577/actions - {"actions":[{"id":"action5","type":"key","parameters":{},"actions":[{"type":"keyDown","value":""},{"type":"pause","duration":10},{"type":"keyUp","value":""}]}]}
RESULT: {}
RESULT: {"actions":[{"id":"action5","type":"key","parameters":{},"actions":[{"type":"keyDown","value":""},{"type":"pause","duration":10},{"type":"keyUp","value":""}]}]}
COMMAND: GET /session/0483d061f40becc12e3a8004d2d19577/screenshot - {}
RESULT: {}
COMMAND: POST /session/0483d061f40becc12e3a8004d2d19577/element - {"using":"xpath","value":"//span[contains(text(), \"Penguins - Field/12345 Berlin\")]"}
RESULT: {"using":"xpath","value":"//span[contains(text(), \"Penguins - Field/12345 Berlin\")]"}
COMMAND: POST /session/0483d061f40becc12e3a8004d2d19577/element/f.21909E599E196C0494D8E3CC232C3551.d.78FDD9E040F5A1246479B3BC6E72B433.e.3597/click - {}
RESULT: {}
COMMAND: GET /session/0483d061f40becc12e3a8004d2d19577/screenshot - {}
RESULT: {}
COMMAND: POST /session/0483d061f40becc12e3a8004d2d19577/element - {"using":"xpath","value":"//bdi[contains(text(), \"OK\")]"}
RESULT: {"using":"xpath","value":"//bdi[contains(text(), \"OK\")]"}
COMMAND: POST /session/0483d061f40becc12e3a8004d2d19577/element/f.21909E599E196C0494D8E3CC232C3551.d.78FDD9E040F5A1246479B3BC6E72B433.e.3598/click - {}
RESULT: {}
COMMAND: GET /session/0483d061f40becc12e3a8004d2d19577/screenshot - {}
RESULT: {}
COMMAND: POST /session/0483d061f40becc12e3a8004d2d19577/element - {"using":"xpath","value":"//button[@data-kt=\"saveButton\"]"}
RESULT: {"using":"xpath","value":"//button[@data-kt=\"saveButton\"]"}
COMMAND: POST /session/0483d061f40becc12e3a8004d2d19577/element/f.21909E599E196C0494D8E3CC232C3551.d.78FDD9E040F5A1246479B3BC6E72B433.e.3402/click - {}
RESULT: {}
COMMAND: GET /session/0483d061f40becc12e3a8004d2d19577/screenshot - {}
RESULT: {}
COMMAND: POST /session/0483d061f40becc12e3a8004d2d19577/element - {"using":"xpath","value":"//header[contains(@id, 'ObjectPageLayout-headerTitle')]/div[1]/div[2]/div[2]/span[1]"}
RESULT: {"using":"xpath","value":"//header[contains(@id, 'ObjectPageLayout-headerTitle')]/div[1]/div[2]/div[2]/span[1]"}
COMMAND: POST /session/0483d061f40becc12e3a8004d2d19577/elements - {"using":"xpath","value":"//header[contains(@id, 'ObjectPageLayout-headerTitle')]/div[1]/div[2]/div[2]/span[1]"}
RESULT: {"using":"xpath","value":"//header[contains(@id, 'ObjectPageLayout-headerTitle')]/div[1]/div[2]/div[2]/span[1]"}
COMMAND: POST /session/0483d061f40becc12e3a8004d2d19577/execute/sync - {"script":"<script> [56 bytes]","args":[{"element-6066-11e4-a52e-4f735466cecf":"f.21909E599E196C0494D8E3CC232C3551.d.78FDD9E040F5A1246479B3BC6E72B433.e.3763","ELEMENT":"f.21909E599E196C0494D8E3CC232C3551.d.78FDD9E040F5A1246479B3BC6E72B433.e.3763"}]}
RESULT: {"script":"<script> [56 bytes]","args":[{"element-6066-11e4-a52e-4f735466cecf":"f.21909E599E196C0494D8E3CC232C3551.d.78FDD9E040F5A1246479B3BC6E72B433.e.3763","ELEMENT":"f.21909E599E196C0494D8E3CC232C3551.d.78FDD9E040F5A1246479B3BC6E72B433.e.3763"}]}
COMMAND: POST /session/0483d061f40becc12e3a8004d2d19577/element - {"using":"css selector","value":"#shell-header-logo"}
COMMAND: GET /session/0483d061f40becc12e3a8004d2d19577/screenshot - {}
RESULT: {"using":"css selector","value":"#shell-header-logo"}
COMMAND: POST /session/0483d061f40becc12e3a8004d2d19577/element/f.21909E599E196C0494D8E3CC232C3551.d.78FDD9E040F5A1246479B3BC6E72B433.e.2984/click - {}
RESULT: {}
RESULT: {}
COMMAND: GET /session/0483d061f40becc12e3a8004d2d19577/screenshot - {}
RESULT: {}
COMMAND: POST /session/0483d061f40becc12e3a8004d2d19577/execute/sync - {"script":"<script> [299 bytes]","args":[["getModel","getResource"]]}
RESULT: {"script":"<script> [299 bytes]","args":[["getModel","getResource"]]}
]]></system-out>
    </testcase>
    <testcase classname="chrome.136_0_7103_93.windows.Billing_Transfer_-_Master_data_&amp;_Intercompany_US127250" name="Should create a new site" time="107.064">
      <system-out><![CDATA[
COMMAND: GET /session/0483d061f40becc12e3a8004d2d19577/screenshot - {}
COMMAND: POST /session/0483d061f40becc12e3a8004d2d19577/execute/async - {"script":"<script> [1562 bytes]","args":[{"selector":{"controlType":"sap.m.GenericTile","properties":{"header":"Manage Sites"}},"wdio_ui5_key":"sapm.GenericTile{\"header\":\"Manage Sites\"}"}]}
RESULT: {}
RESULT: {"script":"<script> [1562 bytes]","args":[{"selector":{"controlType":"sap.m.GenericTile","properties":{"header":"Manage Sites"}},"wdio_ui5_key":"sapm.GenericTile{\"header\":\"Manage Sites\"}"}]}
RESULT: undefined
COMMAND: POST /session/0483d061f40becc12e3a8004d2d19577/element - {"using":"xpath","value":"//*[@id=\"__tile40\"]"}
RESULT: {"using":"xpath","value":"//*[@id=\"__tile40\"]"}
COMMAND: POST /session/0483d061f40becc12e3a8004d2d19577/element/f.21909E599E196C0494D8E3CC232C3551.d.78FDD9E040F5A1246479B3BC6E72B433.e.2129/click - {}
RESULT: {}
COMMAND: GET /session/0483d061f40becc12e3a8004d2d19577/screenshot - {}
RESULT: {}
COMMAND: POST /session/0483d061f40becc12e3a8004d2d19577/elements - {"using":"xpath","value":"//span[text()='Error']"}
RESULT: {"using":"xpath","value":"//span[text()='Error']"}
COMMAND: POST /session/0483d061f40becc12e3a8004d2d19577/element - {"using":"xpath","value":"//button[@data-kt=\"addOverflowToolbarButton\"]"}
RESULT: {"using":"xpath","value":"//button[@data-kt=\"addOverflowToolbarButton\"]"}
COMMAND: POST /session/0483d061f40becc12e3a8004d2d19577/elements - {"using":"xpath","value":"//button[@data-kt=\"addOverflowToolbarButton\"]"}
RESULT: {"using":"xpath","value":"//button[@data-kt=\"addOverflowToolbarButton\"]"}
COMMAND: POST /session/0483d061f40becc12e3a8004d2d19577/execute/sync - {"script":"<script> [8489 bytes]","args":[{"element-6066-11e4-a52e-4f735466cecf":"f.21909E599E196C0494D8E3CC232C3551.d.78FDD9E040F5A1246479B3BC6E72B433.e.3811","ELEMENT":"f.21909E599E196C0494D8E3CC232C3551.d.78FDD9E040F5A1246479B3BC6E72B433.e.3811"}]}
RESULT: {"script":"<script> [8489 bytes]","args":[{"element-6066-11e4-a52e-4f735466cecf":"f.21909E599E196C0494D8E3CC232C3551.d.78FDD9E040F5A1246479B3BC6E72B433.e.3811","ELEMENT":"f.21909E599E196C0494D8E3CC232C3551.d.78FDD9E040F5A1246479B3BC6E72B433.e.3811"}]}
COMMAND: GET /session/0483d061f40becc12e3a8004d2d19577/element/f.21909E599E196C0494D8E3CC232C3551.d.78FDD9E040F5A1246479B3BC6E72B433.e.3811/enabled - {}
COMMAND: GET /session/0483d061f40becc12e3a8004d2d19577/screenshot - {}
RESULT: {}
COMMAND: POST /session/0483d061f40becc12e3a8004d2d19577/execute/sync - {"script":"<script> [8489 bytes]","args":[{"element-6066-11e4-a52e-4f735466cecf":"f.21909E599E196C0494D8E3CC232C3551.d.78FDD9E040F5A1246479B3BC6E72B433.e.3811","ELEMENT":"f.21909E599E196C0494D8E3CC232C3551.d.78FDD9E040F5A1246479B3BC6E72B433.e.3811"}]}
COMMAND: GET /session/0483d061f40becc12e3a8004d2d19577/screenshot - {}
RESULT: {}
RESULT: {"script":"<script> [8489 bytes]","args":[{"element-6066-11e4-a52e-4f735466cecf":"f.21909E599E196C0494D8E3CC232C3551.d.78FDD9E040F5A1246479B3BC6E72B433.e.3811","ELEMENT":"f.21909E599E196C0494D8E3CC232C3551.d.78FDD9E040F5A1246479B3BC6E72B433.e.3811"}]}
COMMAND: POST /session/0483d061f40becc12e3a8004d2d19577/execute/sync - {"script":"<script> [5351 bytes]","args":[{"element-6066-11e4-a52e-4f735466cecf":"f.21909E599E196C0494D8E3CC232C3551.d.78FDD9E040F5A1246479B3BC6E72B433.e.3811","ELEMENT":"f.21909E599E196C0494D8E3CC232C3551.d.78FDD9E040F5A1246479B3BC6E72B433.e.3811"}]}
COMMAND: GET /session/0483d061f40becc12e3a8004d2d19577/screenshot - {}
RESULT: {}
RESULT: {"script":"<script> [5351 bytes]","args":[{"element-6066-11e4-a52e-4f735466cecf":"f.21909E599E196C0494D8E3CC232C3551.d.78FDD9E040F5A1246479B3BC6E72B433.e.3811","ELEMENT":"f.21909E599E196C0494D8E3CC232C3551.d.78FDD9E040F5A1246479B3BC6E72B433.e.3811"}]}
COMMAND: POST /session/0483d061f40becc12e3a8004d2d19577/element/f.21909E599E196C0494D8E3CC232C3551.d.78FDD9E040F5A1246479B3BC6E72B433.e.3811/click - {}
COMMAND: GET /session/0483d061f40becc12e3a8004d2d19577/screenshot - {}
RESULT: {}
RESULT: {}
COMMAND: GET /session/0483d061f40becc12e3a8004d2d19577/screenshot - {}
COMMAND: POST /session/0483d061f40becc12e3a8004d2d19577/element - {"using":"xpath","value":"//input[@id=\"application-managesites-display-component---NewSite--siteId-inner\"]"}
RESULT: {}
RESULT: {}
RESULT: {"using":"xpath","value":"//input[@id=\"application-managesites-display-component---NewSite--siteId-inner\"]"}
COMMAND: POST /session/0483d061f40becc12e3a8004d2d19577/element - {"using":"xpath","value":"//input[@id=\"application-managesites-display-component---NewSite--siteId-inner\"]"}
RESULT: {"using":"xpath","value":"//input[@id=\"application-managesites-display-component---NewSite--siteId-inner\"]"}
COMMAND: POST /session/0483d061f40becc12e3a8004d2d19577/execute/async - {"script":"<script> [1562 bytes]","args":[{"selector":{"id":"application-managesites-display-component---NewSite--addressDetailDetailsName1","interaction":{"idSuffix":"inner"}},"wdio_ui5_key":"applicationmanagesites-display-component---NewSite--addressDetailDetailsName1"}]}
RESULT: {"script":"<script> [1562 bytes]","args":[{"selector":{"id":"application-managesites-display-component---NewSite--addressDetailDetailsName1","interaction":{"idSuffix":"inner"}},"wdio_ui5_key":"applicationmanagesites-display-component---NewSite--addressDetailDetailsName1"}]}
RESULT: undefined
COMMAND: POST /session/0483d061f40becc12e3a8004d2d19577/execute/async - {"script":"<script> [776 bytes]","args":[{"enterText":"Intercompany Site wdIO","selector":{"id":"application-managesites-display-component---NewSite--addressDetailDetailsName1","interaction":{"idSuffix":"inner"}},"clearTextFirst":true,"interactionType":"ENTER_TEXT"}]}
RESULT: {"script":"<script> [776 bytes]","args":[{"enterText":"Intercompany Site wdIO","selector":{"id":"application-managesites-display-component---NewSite--addressDetailDetailsName1","interaction":{"idSuffix":"inner"}},"clearTextFirst":true,"interactionType":"ENTER_TEXT"}]}
COMMAND: POST /session/0483d061f40becc12e3a8004d2d19577/execute/async - {"script":"<script> [1562 bytes]","args":[{"selector":{"id":"application-managesites-display-component---NewSite--addressDetailDetailsLanguage-arrow"},"wdio_ui5_key":"applicationmanagesites-display-component---NewSite--addressDetailDetailsLanguage-arrow"}]}
RESULT: {"script":"<script> [1562 bytes]","args":[{"selector":{"id":"application-managesites-display-component---NewSite--addressDetailDetailsLanguage-arrow"},"wdio_ui5_key":"applicationmanagesites-display-component---NewSite--addressDetailDetailsLanguage-arrow"}]}
RESULT: undefined
COMMAND: POST /session/0483d061f40becc12e3a8004d2d19577/element - {"using":"xpath","value":"//*[@id=\"application-managesites-display-component---NewSite--addressDetailDetailsLanguage-arrow\"]"}
RESULT: {"using":"xpath","value":"//*[@id=\"application-managesites-display-component---NewSite--addressDetailDetailsLanguage-arrow\"]"}
COMMAND: POST /session/0483d061f40becc12e3a8004d2d19577/element/f.21909E599E196C0494D8E3CC232C3551.d.78FDD9E040F5A1246479B3BC6E72B433.e.4218/click - {}
RESULT: {}
COMMAND: POST /session/0483d061f40becc12e3a8004d2d19577/element - {"using":"xpath","value":"//span[contains(text(), \"English\")]"}
COMMAND: GET /session/0483d061f40becc12e3a8004d2d19577/screenshot - {}
RESULT: {"using":"xpath","value":"//span[contains(text(), \"English\")]"}
COMMAND: POST /session/0483d061f40becc12e3a8004d2d19577/element/f.21909E599E196C0494D8E3CC232C3551.d.78FDD9E040F5A1246479B3BC6E72B433.e.4219/click - {}
RESULT: {}
RESULT: {}
COMMAND: POST /session/0483d061f40becc12e3a8004d2d19577/execute/async - {"script":"<script> [1562 bytes]","args":[{"selector":{"id":"application-managesites-display-component---NewSite--addressDetailDetailsCity1","interaction":{"idSuffix":"inner"}},"wdio_ui5_key":"applicationmanagesites-display-component---NewSite--addressDetailDetailsCity1"}]}
COMMAND: GET /session/0483d061f40becc12e3a8004d2d19577/screenshot - {}
RESULT: {"script":"<script> [1562 bytes]","args":[{"selector":{"id":"application-managesites-display-component---NewSite--addressDetailDetailsCity1","interaction":{"idSuffix":"inner"}},"wdio_ui5_key":"applicationmanagesites-display-component---NewSite--addressDetailDetailsCity1"}]}
RESULT: undefined
COMMAND: POST /session/0483d061f40becc12e3a8004d2d19577/execute/async - {"script":"<script> [776 bytes]","args":[{"enterText":"Rosario","selector":{"id":"application-managesites-display-component---NewSite--addressDetailDetailsCity1","interaction":{"idSuffix":"inner"}},"clearTextFirst":true,"interactionType":"ENTER_TEXT"}]}
RESULT: {}
RESULT: {"script":"<script> [776 bytes]","args":[{"enterText":"Rosario","selector":{"id":"application-managesites-display-component---NewSite--addressDetailDetailsCity1","interaction":{"idSuffix":"inner"}},"clearTextFirst":true,"interactionType":"ENTER_TEXT"}]}
COMMAND: POST /session/0483d061f40becc12e3a8004d2d19577/execute/async - {"script":"<script> [1562 bytes]","args":[{"selector":{"id":"application-managesites-display-component---NewSite--addressDetailDetailsCountry-arrow"},"wdio_ui5_key":"applicationmanagesites-display-component---NewSite--addressDetailDetailsCountry-arrow"}]}
RESULT: {"script":"<script> [1562 bytes]","args":[{"selector":{"id":"application-managesites-display-component---NewSite--addressDetailDetailsCountry-arrow"},"wdio_ui5_key":"applicationmanagesites-display-component---NewSite--addressDetailDetailsCountry-arrow"}]}
RESULT: undefined
COMMAND: POST /session/0483d061f40becc12e3a8004d2d19577/element - {"using":"xpath","value":"//*[@id=\"application-managesites-display-component---NewSite--addressDetailDetailsCountry-arrow\"]"}
RESULT: {"using":"xpath","value":"//*[@id=\"application-managesites-display-component---NewSite--addressDetailDetailsCountry-arrow\"]"}
COMMAND: POST /session/0483d061f40becc12e3a8004d2d19577/element/f.21909E599E196C0494D8E3CC232C3551.d.78FDD9E040F5A1246479B3BC6E72B433.e.4221/click - {}
RESULT: {}
COMMAND: POST /session/0483d061f40becc12e3a8004d2d19577/element - {"using":"xpath","value":"//span[contains(text(), \"Argentina\")]"}
COMMAND: GET /session/0483d061f40becc12e3a8004d2d19577/screenshot - {}
RESULT: {"using":"xpath","value":"//span[contains(text(), \"Argentina\")]"}
COMMAND: POST /session/0483d061f40becc12e3a8004d2d19577/element/f.21909E599E196C0494D8E3CC232C3551.d.78FDD9E040F5A1246479B3BC6E72B433.e.4222/click - {}
RESULT: {}
RESULT: {}
COMMAND: GET /session/0483d061f40becc12e3a8004d2d19577/screenshot - {}
RESULT: {}
COMMAND: POST /session/0483d061f40becc12e3a8004d2d19577/execute/async - {"script":"<script> [1562 bytes]","args":[{"selector":{"id":"application-managesites-display-component---NewSite--addressEditDetailsCostObjectCstType-arrow"},"wdio_ui5_key":"applicationmanagesites-display-component---NewSite--addressEditDetailsCostObjectCstType-arrow"}]}
RESULT: {"script":"<script> [1562 bytes]","args":[{"selector":{"id":"application-managesites-display-component---NewSite--addressEditDetailsCostObjectCstType-arrow"},"wdio_ui5_key":"applicationmanagesites-display-component---NewSite--addressEditDetailsCostObjectCstType-arrow"}]}
RESULT: undefined
COMMAND: POST /session/0483d061f40becc12e3a8004d2d19577/element - {"using":"xpath","value":"//*[@id=\"application-managesites-display-component---NewSite--addressEditDetailsCostObjectCstType-arrow\"]"}
RESULT: {"using":"xpath","value":"//*[@id=\"application-managesites-display-component---NewSite--addressEditDetailsCostObjectCstType-arrow\"]"}
COMMAND: POST /session/0483d061f40becc12e3a8004d2d19577/element/f.21909E599E196C0494D8E3CC232C3551.d.78FDD9E040F5A1246479B3BC6E72B433.e.4223/click - {}
RESULT: {}
COMMAND: POST /session/0483d061f40becc12e3a8004d2d19577/element - {"using":"xpath","value":"//span[contains(text(), \"Cost Center\")]"}
COMMAND: GET /session/0483d061f40becc12e3a8004d2d19577/screenshot - {}
RESULT: {"using":"xpath","value":"//span[contains(text(), \"Cost Center\")]"}
COMMAND: POST /session/0483d061f40becc12e3a8004d2d19577/element/f.21909E599E196C0494D8E3CC232C3551.d.78FDD9E040F5A1246479B3BC6E72B433.e.4224/click - {}
RESULT: {}
RESULT: {}
COMMAND: GET /session/0483d061f40becc12e3a8004d2d19577/screenshot - {}
RESULT: {}
COMMAND: POST /session/0483d061f40becc12e3a8004d2d19577/element - {"using":"xpath","value":"//span[@id=\"application-managesites-display-component---NewSite--addressNewCostObjectCstID-vhi\"]"}
RESULT: {"using":"xpath","value":"//span[@id=\"application-managesites-display-component---NewSite--addressNewCostObjectCstID-vhi\"]"}
COMMAND: POST /session/0483d061f40becc12e3a8004d2d19577/execute/sync - {"script":"<script> [8489 bytes]","args":[{"element-6066-11e4-a52e-4f735466cecf":"f.21909E599E196C0494D8E3CC232C3551.d.78FDD9E040F5A1246479B3BC6E72B433.e.4229","ELEMENT":"f.21909E599E196C0494D8E3CC232C3551.d.78FDD9E040F5A1246479B3BC6E72B433.e.4229"}]}
RESULT: {"script":"<script> [8489 bytes]","args":[{"element-6066-11e4-a52e-4f735466cecf":"f.21909E599E196C0494D8E3CC232C3551.d.78FDD9E040F5A1246479B3BC6E72B433.e.4229","ELEMENT":"f.21909E599E196C0494D8E3CC232C3551.d.78FDD9E040F5A1246479B3BC6E72B433.e.4229"}]}
COMMAND: POST /session/0483d061f40becc12e3a8004d2d19577/execute/async - {"script":"<script> [1562 bytes]","args":[{"selector":{"id":"application-managesites-display-component---NewSite--addressNewCostObjectCstID-vhi"},"wdio_ui5_key":"applicationmanagesites-display-component---NewSite--addressNewCostObjectCstID-vhi"}]}
COMMAND: GET /session/0483d061f40becc12e3a8004d2d19577/screenshot - {}
RESULT: {"script":"<script> [1562 bytes]","args":[{"selector":{"id":"application-managesites-display-component---NewSite--addressNewCostObjectCstID-vhi"},"wdio_ui5_key":"applicationmanagesites-display-component---NewSite--addressNewCostObjectCstID-vhi"}]}
RESULT: undefined
COMMAND: POST /session/0483d061f40becc12e3a8004d2d19577/element - {"using":"xpath","value":"//*[@id=\"application-managesites-display-component---NewSite--addressNewCostObjectCstID-vhi\"]"}
RESULT: {}
RESULT: {"using":"xpath","value":"//*[@id=\"application-managesites-display-component---NewSite--addressNewCostObjectCstID-vhi\"]"}
COMMAND: POST /session/0483d061f40becc12e3a8004d2d19577/element/f.21909E599E196C0494D8E3CC232C3551.d.78FDD9E040F5A1246479B3BC6E72B433.e.4229/click - {}
RESULT: {}
COMMAND: GET /session/0483d061f40becc12e3a8004d2d19577/screenshot - {}
RESULT: {}
RESULT: undefined
COMMAND: POST /session/0483d061f40becc12e3a8004d2d19577/execute/async - {"script":"<script> [776 bytes]","args":[{"enterText":"10001013","selector":{"controlType":"sap.m.SearchField","properties":{"placeholder":"Search"},"searchOpenDialogs":true,"interaction":{"idSuffix":"I"}},"clearTextFirst":true,"interactionType":"ENTER_TEXT"}]}
RESULT: {"script":"<script> [776 bytes]","args":[{"enterText":"10001013","selector":{"controlType":"sap.m.SearchField","properties":{"placeholder":"Search"},"searchOpenDialogs":true,"interaction":{"idSuffix":"I"}},"clearTextFirst":true,"interactionType":"ENTER_TEXT"}]}
COMMAND: POST /session/0483d061f40becc12e3a8004d2d19577/actions - {"actions":[{"id":"action6","type":"key","parameters":{},"actions":[{"type":"keyDown","value":""},{"type":"pause","duration":10},{"type":"keyUp","value":""}]}]}
RESULT: {"actions":[{"id":"action6","type":"key","parameters":{},"actions":[{"type":"keyDown","value":""},{"type":"pause","duration":10},{"type":"keyUp","value":""}]}]}
COMMAND: GET /session/0483d061f40becc12e3a8004d2d19577/screenshot - {}
RESULT: {}
COMMAND: POST /session/0483d061f40becc12e3a8004d2d19577/element - {"using":"xpath","value":"//span[contains(text(), \"General Management\")]"}
RESULT: {"using":"xpath","value":"//span[contains(text(), \"General Management\")]"}
COMMAND: POST /session/0483d061f40becc12e3a8004d2d19577/element/f.21909E599E196C0494D8E3CC232C3551.d.78FDD9E040F5A1246479B3BC6E72B433.e.4267/click - {}
RESULT: {}
COMMAND: GET /session/0483d061f40becc12e3a8004d2d19577/screenshot - {}
RESULT: {}
COMMAND: POST /session/0483d061f40becc12e3a8004d2d19577/element - {"using":"xpath","value":"//bdi[contains(text(), \"OK\")]"}
RESULT: {"using":"xpath","value":"//bdi[contains(text(), \"OK\")]"}
COMMAND: POST /session/0483d061f40becc12e3a8004d2d19577/element/f.21909E599E196C0494D8E3CC232C3551.d.78FDD9E040F5A1246479B3BC6E72B433.e.4268/click - {}
RESULT: {}
COMMAND: GET /session/0483d061f40becc12e3a8004d2d19577/screenshot - {}
RESULT: {}
COMMAND: POST /session/0483d061f40becc12e3a8004d2d19577/element - {"using":"xpath","value":"//input[@id=\"application-managesites-display-component---NewSite--addressDetailDetailsCalendar-inner\"]"}
RESULT: {"using":"xpath","value":"//input[@id=\"application-managesites-display-component---NewSite--addressDetailDetailsCalendar-inner\"]"}
COMMAND: POST /session/0483d061f40becc12e3a8004d2d19577/element/f.21909E599E196C0494D8E3CC232C3551.d.78FDD9E040F5A1246479B3BC6E72B433.e.4008/clear - {}
RESULT: {}
COMMAND: POST /session/0483d061f40becc12e3a8004d2d19577/element/f.21909E599E196C0494D8E3CC232C3551.d.78FDD9E040F5A1246479B3BC6E72B433.e.4008/value - {"text":"Unit"}
COMMAND: GET /session/0483d061f40becc12e3a8004d2d19577/screenshot - {}
RESULT: {"text":"Unit"}
COMMAND: GET /session/0483d061f40becc12e3a8004d2d19577/screenshot - {}
RESULT: {}
RESULT: {}
COMMAND: POST /session/0483d061f40becc12e3a8004d2d19577/actions - {"actions":[{"id":"action7","type":"key","parameters":{},"actions":[{"type":"keyDown","value":""},{"type":"pause","duration":10},{"type":"keyUp","value":""}]}]}
RESULT: {"actions":[{"id":"action7","type":"key","parameters":{},"actions":[{"type":"keyDown","value":""},{"type":"pause","duration":10},{"type":"keyUp","value":""}]}]}
COMMAND: POST /session/0483d061f40becc12e3a8004d2d19577/element - {"using":"xpath","value":"//input[@id=\"application-managesites-display-component---NewSite--addressDetailDetailsYard-inner\"]"}
COMMAND: GET /session/0483d061f40becc12e3a8004d2d19577/screenshot - {}
RESULT: {"using":"xpath","value":"//input[@id=\"application-managesites-display-component---NewSite--addressDetailDetailsYard-inner\"]"}
COMMAND: POST /session/0483d061f40becc12e3a8004d2d19577/element/f.21909E599E196C0494D8E3CC232C3551.d.78FDD9E040F5A1246479B3BC6E72B433.e.4009/clear - {}
RESULT: {}
RESULT: {}
COMMAND: POST /session/0483d061f40becc12e3a8004d2d19577/element/f.21909E599E196C0494D8E3CC232C3551.d.78FDD9E040F5A1246479B3BC6E72B433.e.4009/value - {"text":"470"}
COMMAND: GET /session/0483d061f40becc12e3a8004d2d19577/screenshot - {}
RESULT: {"text":"470"}
COMMAND: GET /session/0483d061f40becc12e3a8004d2d19577/screenshot - {}
RESULT: {}
RESULT: {}
COMMAND: POST /session/0483d061f40becc12e3a8004d2d19577/element - {"using":"xpath","value":"//li[.//span[text()='470']]"}
RESULT: {"using":"xpath","value":"//li[.//span[text()='470']]"}
COMMAND: POST /session/0483d061f40becc12e3a8004d2d19577/element/f.21909E599E196C0494D8E3CC232C3551.d.78FDD9E040F5A1246479B3BC6E72B433.e.4276/click - {}
RESULT: {}
COMMAND: GET /session/0483d061f40becc12e3a8004d2d19577/screenshot - {}
RESULT: {}
COMMAND: POST /session/0483d061f40becc12e3a8004d2d19577/element - {"using":"xpath","value":"//input[@id=\"application-managesites-display-component---NewSite--addressDetailDetailsPartner-inner\"]"}
RESULT: {"using":"xpath","value":"//input[@id=\"application-managesites-display-component---NewSite--addressDetailDetailsPartner-inner\"]"}
COMMAND: POST /session/0483d061f40becc12e3a8004d2d19577/element - {"using":"xpath","value":"//input[@id=\"application-managesites-display-component---NewSite--addressDetailDetailsPartner-inner\"]"}
RESULT: {"using":"xpath","value":"//input[@id=\"application-managesites-display-component---NewSite--addressDetailDetailsPartner-inner\"]"}
COMMAND: POST /session/0483d061f40becc12e3a8004d2d19577/element - {"using":"xpath","value":"//button[@data-kt=\"saveButton\"]"}
RESULT: {"using":"xpath","value":"//button[@data-kt=\"saveButton\"]"}
COMMAND: POST /session/0483d061f40becc12e3a8004d2d19577/element/f.21909E599E196C0494D8E3CC232C3551.d.78FDD9E040F5A1246479B3BC6E72B433.e.4211/click - {}
RESULT: {}
COMMAND: GET /session/0483d061f40becc12e3a8004d2d19577/screenshot - {}
RESULT: {}
COMMAND: POST /session/0483d061f40becc12e3a8004d2d19577/element - {"using":"xpath","value":"//header[contains(@id, 'ObjectPageLayout-headerTitle')]/div[1]/div[2]/div[2]/span[1]"}
RESULT: {"using":"xpath","value":"//header[contains(@id, 'ObjectPageLayout-headerTitle')]/div[1]/div[2]/div[2]/span[1]"}
COMMAND: POST /session/0483d061f40becc12e3a8004d2d19577/elements - {"using":"xpath","value":"//header[contains(@id, 'ObjectPageLayout-headerTitle')]/div[1]/div[2]/div[2]/span[1]"}
RESULT: {"using":"xpath","value":"//header[contains(@id, 'ObjectPageLayout-headerTitle')]/div[1]/div[2]/div[2]/span[1]"}
COMMAND: POST /session/0483d061f40becc12e3a8004d2d19577/execute/sync - {"script":"<script> [56 bytes]","args":[{"element-6066-11e4-a52e-4f735466cecf":"f.21909E599E196C0494D8E3CC232C3551.d.78FDD9E040F5A1246479B3BC6E72B433.e.4481","ELEMENT":"f.21909E599E196C0494D8E3CC232C3551.d.78FDD9E040F5A1246479B3BC6E72B433.e.4481"}]}
RESULT: {"script":"<script> [56 bytes]","args":[{"element-6066-11e4-a52e-4f735466cecf":"f.21909E599E196C0494D8E3CC232C3551.d.78FDD9E040F5A1246479B3BC6E72B433.e.4481","ELEMENT":"f.21909E599E196C0494D8E3CC232C3551.d.78FDD9E040F5A1246479B3BC6E72B433.e.4481"}]}
COMMAND: POST /session/0483d061f40becc12e3a8004d2d19577/element - {"using":"css selector","value":"#shell-header-logo"}
COMMAND: GET /session/0483d061f40becc12e3a8004d2d19577/screenshot - {}
RESULT: {"using":"css selector","value":"#shell-header-logo"}
COMMAND: POST /session/0483d061f40becc12e3a8004d2d19577/element/f.21909E599E196C0494D8E3CC232C3551.d.78FDD9E040F5A1246479B3BC6E72B433.e.3768/click - {}
RESULT: {}
RESULT: {}
COMMAND: GET /session/0483d061f40becc12e3a8004d2d19577/screenshot - {}
RESULT: {}
COMMAND: POST /session/0483d061f40becc12e3a8004d2d19577/execute/sync - {"script":"<script> [299 bytes]","args":[["getModel","getResource"]]}
RESULT: {"script":"<script> [299 bytes]","args":[["getModel","getResource"]]}
]]></system-out>
    </testcase>
    <testcase classname="chrome.136_0_7103_93.windows.Billing_Transfer_-_Master_data_&amp;_Intercompany_US127250" name="Should create a new equipment" time="137.617">
      <system-out><![CDATA[
COMMAND: GET /session/0483d061f40becc12e3a8004d2d19577/screenshot - {}
COMMAND: POST /session/0483d061f40becc12e3a8004d2d19577/execute/async - {"script":"<script> [1562 bytes]","args":[{"selector":{"controlType":"sap.m.GenericTile","properties":{"header":"Manage Resources"}},"wdio_ui5_key":"sapm.GenericTile{\"header\":\"Manage Resources\"}"}]}
RESULT: {"script":"<script> [1562 bytes]","args":[{"selector":{"controlType":"sap.m.GenericTile","properties":{"header":"Manage Resources"}},"wdio_ui5_key":"sapm.GenericTile{\"header\":\"Manage Resources\"}"}]}
RESULT: undefined
COMMAND: POST /session/0483d061f40becc12e3a8004d2d19577/element - {"using":"xpath","value":"//*[@id=\"__tile39\"]"}
RESULT: {}
RESULT: {"using":"xpath","value":"//*[@id=\"__tile39\"]"}
COMMAND: POST /session/0483d061f40becc12e3a8004d2d19577/element/f.21909E599E196C0494D8E3CC232C3551.d.78FDD9E040F5A1246479B3BC6E72B433.e.2126/click - {}
RESULT: {}
COMMAND: GET /session/0483d061f40becc12e3a8004d2d19577/screenshot - {}
RESULT: {}
COMMAND: POST /session/0483d061f40becc12e3a8004d2d19577/elements - {"using":"xpath","value":"//span[text()='Error']"}
RESULT: {"using":"xpath","value":"//span[text()='Error']"}
COMMAND: POST /session/0483d061f40becc12e3a8004d2d19577/element - {"using":"xpath","value":"//button[@data-kt=\"addNewRUOverflowToolbarButton\"]"}
RESULT: {"using":"xpath","value":"//button[@data-kt=\"addNewRUOverflowToolbarButton\"]"}
COMMAND: POST /session/0483d061f40becc12e3a8004d2d19577/elements - {"using":"xpath","value":"//button[@data-kt=\"addNewRUOverflowToolbarButton\"]"}
RESULT: {"using":"xpath","value":"//button[@data-kt=\"addNewRUOverflowToolbarButton\"]"}
COMMAND: POST /session/0483d061f40becc12e3a8004d2d19577/elements - {"using":"xpath","value":"//button[@data-kt=\"addNewRUOverflowToolbarButton\"]"}
RESULT: {"using":"xpath","value":"//button[@data-kt=\"addNewRUOverflowToolbarButton\"]"}
COMMAND: POST /session/0483d061f40becc12e3a8004d2d19577/element - {"using":"xpath","value":"//button[@data-kt=\"addNewRUOverflowToolbarButton\"]"}
RESULT: {"using":"xpath","value":"//button[@data-kt=\"addNewRUOverflowToolbarButton\"]"}
COMMAND: POST /session/0483d061f40becc12e3a8004d2d19577/execute/sync - {"script":"<script> [8489 bytes]","args":[{"element-6066-11e4-a52e-4f735466cecf":"f.21909E599E196C0494D8E3CC232C3551.d.78FDD9E040F5A1246479B3BC6E72B433.e.4512","ELEMENT":"f.21909E599E196C0494D8E3CC232C3551.d.78FDD9E040F5A1246479B3BC6E72B433.e.4512"}]}
RESULT: {"script":"<script> [8489 bytes]","args":[{"element-6066-11e4-a52e-4f735466cecf":"f.21909E599E196C0494D8E3CC232C3551.d.78FDD9E040F5A1246479B3BC6E72B433.e.4512","ELEMENT":"f.21909E599E196C0494D8E3CC232C3551.d.78FDD9E040F5A1246479B3BC6E72B433.e.4512"}]}
COMMAND: GET /session/0483d061f40becc12e3a8004d2d19577/element/f.21909E599E196C0494D8E3CC232C3551.d.78FDD9E040F5A1246479B3BC6E72B433.e.4512/enabled - {}
COMMAND: GET /session/0483d061f40becc12e3a8004d2d19577/screenshot - {}
RESULT: {}
COMMAND: POST /session/0483d061f40becc12e3a8004d2d19577/execute/sync - {"script":"<script> [8489 bytes]","args":[{"element-6066-11e4-a52e-4f735466cecf":"f.21909E599E196C0494D8E3CC232C3551.d.78FDD9E040F5A1246479B3BC6E72B433.e.4512","ELEMENT":"f.21909E599E196C0494D8E3CC232C3551.d.78FDD9E040F5A1246479B3BC6E72B433.e.4512"}]}
COMMAND: GET /session/0483d061f40becc12e3a8004d2d19577/screenshot - {}
RESULT: {}
RESULT: {"script":"<script> [8489 bytes]","args":[{"element-6066-11e4-a52e-4f735466cecf":"f.21909E599E196C0494D8E3CC232C3551.d.78FDD9E040F5A1246479B3BC6E72B433.e.4512","ELEMENT":"f.21909E599E196C0494D8E3CC232C3551.d.78FDD9E040F5A1246479B3BC6E72B433.e.4512"}]}
COMMAND: POST /session/0483d061f40becc12e3a8004d2d19577/execute/sync - {"script":"<script> [5351 bytes]","args":[{"element-6066-11e4-a52e-4f735466cecf":"f.21909E599E196C0494D8E3CC232C3551.d.78FDD9E040F5A1246479B3BC6E72B433.e.4512","ELEMENT":"f.21909E599E196C0494D8E3CC232C3551.d.78FDD9E040F5A1246479B3BC6E72B433.e.4512"}]}
COMMAND: GET /session/0483d061f40becc12e3a8004d2d19577/screenshot - {}
RESULT: {}
RESULT: {"script":"<script> [5351 bytes]","args":[{"element-6066-11e4-a52e-4f735466cecf":"f.21909E599E196C0494D8E3CC232C3551.d.78FDD9E040F5A1246479B3BC6E72B433.e.4512","ELEMENT":"f.21909E599E196C0494D8E3CC232C3551.d.78FDD9E040F5A1246479B3BC6E72B433.e.4512"}]}
COMMAND: POST /session/0483d061f40becc12e3a8004d2d19577/element/f.21909E599E196C0494D8E3CC232C3551.d.78FDD9E040F5A1246479B3BC6E72B433.e.4512/click - {}
COMMAND: GET /session/0483d061f40becc12e3a8004d2d19577/screenshot - {}
RESULT: {}
RESULT: {}
COMMAND: GET /session/0483d061f40becc12e3a8004d2d19577/screenshot - {}
RESULT: {}
RESULT: {}
COMMAND: POST /session/0483d061f40becc12e3a8004d2d19577/execute/async - {"script":"<script> [1562 bytes]","args":[{"selector":{"id":"application-manageresources-display-component---newResourceUnit--TYPE-arrow"},"wdio_ui5_key":"applicationmanageresources-display-component---newResourceUnit--TYPE-arrow"}]}
RESULT: {"script":"<script> [1562 bytes]","args":[{"selector":{"id":"application-manageresources-display-component---newResourceUnit--TYPE-arrow"},"wdio_ui5_key":"applicationmanageresources-display-component---newResourceUnit--TYPE-arrow"}]}
RESULT: undefined
COMMAND: POST /session/0483d061f40becc12e3a8004d2d19577/element - {"using":"xpath","value":"//*[@id=\"application-manageresources-display-component---newResourceUnit--TYPE-arrow\"]"}
RESULT: {"using":"xpath","value":"//*[@id=\"application-manageresources-display-component---newResourceUnit--TYPE-arrow\"]"}
COMMAND: POST /session/0483d061f40becc12e3a8004d2d19577/element/f.21909E599E196C0494D8E3CC232C3551.d.78FDD9E040F5A1246479B3BC6E72B433.e.4878/click - {}
RESULT: {}
COMMAND: POST /session/0483d061f40becc12e3a8004d2d19577/element - {"using":"xpath","value":"//input[@id=\"application-manageresources-display-component---newResourceUnit--TYPE-inner\"]"}
COMMAND: GET /session/0483d061f40becc12e3a8004d2d19577/screenshot - {}
RESULT: {"using":"xpath","value":"//input[@id=\"application-manageresources-display-component---newResourceUnit--TYPE-inner\"]"}
COMMAND: POST /session/0483d061f40becc12e3a8004d2d19577/element/f.21909E599E196C0494D8E3CC232C3551.d.78FDD9E040F5A1246479B3BC6E72B433.e.4872/clear - {}
RESULT: {}
RESULT: {}
COMMAND: POST /session/0483d061f40becc12e3a8004d2d19577/element/f.21909E599E196C0494D8E3CC232C3551.d.78FDD9E040F5A1246479B3BC6E72B433.e.4872/value - {"text":"Equipment"}
COMMAND: GET /session/0483d061f40becc12e3a8004d2d19577/screenshot - {}
RESULT: {"text":"Equipment"}
COMMAND: GET /session/0483d061f40becc12e3a8004d2d19577/screenshot - {}
RESULT: {}
RESULT: {}
COMMAND: POST /session/0483d061f40becc12e3a8004d2d19577/actions - {"actions":[{"id":"action8","type":"key","parameters":{},"actions":[{"type":"keyDown","value":""},{"type":"pause","duration":10},{"type":"keyUp","value":""}]}]}
RESULT: {"actions":[{"id":"action8","type":"key","parameters":{},"actions":[{"type":"keyDown","value":""},{"type":"pause","duration":10},{"type":"keyUp","value":""}]}]}
COMMAND: POST /session/0483d061f40becc12e3a8004d2d19577/execute/async - {"script":"<script> [1562 bytes]","args":[{"selector":{"id":"application-manageresources-display-component---newResourceUnit--resourceId","interaction":{"idSuffix":"inner"}},"wdio_ui5_key":"applicationmanageresources-display-component---newResourceUnit--resourceId"}]}
COMMAND: GET /session/0483d061f40becc12e3a8004d2d19577/screenshot - {}
RESULT: {"script":"<script> [1562 bytes]","args":[{"selector":{"id":"application-manageresources-display-component---newResourceUnit--resourceId","interaction":{"idSuffix":"inner"}},"wdio_ui5_key":"applicationmanageresources-display-component---newResourceUnit--resourceId"}]}
RESULT: undefined
COMMAND: POST /session/0483d061f40becc12e3a8004d2d19577/execute/async - {"script":"<script> [776 bytes]","args":[{"enterText":"IxDjMJiKPn","selector":{"id":"application-manageresources-display-component---newResourceUnit--resourceId","interaction":{"idSuffix":"inner"}},"clearTextFirst":true,"interactionType":"ENTER_TEXT"}]}
RESULT: {}
RESULT: {"script":"<script> [776 bytes]","args":[{"enterText":"IxDjMJiKPn","selector":{"id":"application-manageresources-display-component---newResourceUnit--resourceId","interaction":{"idSuffix":"inner"}},"clearTextFirst":true,"interactionType":"ENTER_TEXT"}]}
COMMAND: POST /session/0483d061f40becc12e3a8004d2d19577/execute/async - {"script":"<script> [1562 bytes]","args":[{"selector":{"id":"application-manageresources-display-component---newResourceUnit--SHORT_TEXT","interaction":{"idSuffix":"inner"}},"wdio_ui5_key":"applicationmanageresources-display-component---newResourceUnit--SHORT_TEXT"}]}
RESULT: {"script":"<script> [1562 bytes]","args":[{"selector":{"id":"application-manageresources-display-component---newResourceUnit--SHORT_TEXT","interaction":{"idSuffix":"inner"}},"wdio_ui5_key":"applicationmanageresources-display-component---newResourceUnit--SHORT_TEXT"}]}
RESULT: undefined
COMMAND: POST /session/0483d061f40becc12e3a8004d2d19577/execute/async - {"script":"<script> [776 bytes]","args":[{"enterText":"Intercompany Equipment WDIO","selector":{"id":"application-manageresources-display-component---newResourceUnit--SHORT_TEXT","interaction":{"idSuffix":"inner"}},"clearTextFirst":true,"interactionType":"ENTER_TEXT"}]}
RESULT: {"script":"<script> [776 bytes]","args":[{"enterText":"Intercompany Equipment WDIO","selector":{"id":"application-manageresources-display-component---newResourceUnit--SHORT_TEXT","interaction":{"idSuffix":"inner"}},"clearTextFirst":true,"interactionType":"ENTER_TEXT"}]}
COMMAND: POST /session/0483d061f40becc12e3a8004d2d19577/execute/async - {"script":"<script> [1562 bytes]","args":[{"selector":{"id":"application-manageresources-display-component---newResourceUnit--BASE_UNIT_OF_MEASURE","interaction":{"idSuffix":"inner"}},"wdio_ui5_key":"applicationmanageresources-display-component---newResourceUnit--BASE_UNIT_OF_MEASURE"}]}
RESULT: {"script":"<script> [1562 bytes]","args":[{"selector":{"id":"application-manageresources-display-component---newResourceUnit--BASE_UNIT_OF_MEASURE","interaction":{"idSuffix":"inner"}},"wdio_ui5_key":"applicationmanageresources-display-component---newResourceUnit--BASE_UNIT_OF_MEASURE"}]}
RESULT: undefined
COMMAND: POST /session/0483d061f40becc12e3a8004d2d19577/execute/async - {"script":"<script> [776 bytes]","args":[{"enterText":"Piece","selector":{"id":"application-manageresources-display-component---newResourceUnit--BASE_UNIT_OF_MEASURE","interaction":{"idSuffix":"inner"}},"clearTextFirst":true,"interactionType":"ENTER_TEXT"}]}
RESULT: {"script":"<script> [776 bytes]","args":[{"enterText":"Piece","selector":{"id":"application-manageresources-display-component---newResourceUnit--BASE_UNIT_OF_MEASURE","interaction":{"idSuffix":"inner"}},"clearTextFirst":true,"interactionType":"ENTER_TEXT"}]}
COMMAND: POST /session/0483d061f40becc12e3a8004d2d19577/execute/async - {"script":"<script> [1562 bytes]","args":[{"selector":{"id":"application-manageresources-display-component---newResourceUnit--WEIGHT_UNIT","interaction":{"idSuffix":"inner"}},"wdio_ui5_key":"applicationmanageresources-display-component---newResourceUnit--WEIGHT_UNIT"}]}
RESULT: {"script":"<script> [1562 bytes]","args":[{"selector":{"id":"application-manageresources-display-component---newResourceUnit--WEIGHT_UNIT","interaction":{"idSuffix":"inner"}},"wdio_ui5_key":"applicationmanageresources-display-component---newResourceUnit--WEIGHT_UNIT"}]}
RESULT: undefined
COMMAND: POST /session/0483d061f40becc12e3a8004d2d19577/execute/async - {"script":"<script> [776 bytes]","args":[{"enterText":"Gram","selector":{"id":"application-manageresources-display-component---newResourceUnit--WEIGHT_UNIT","interaction":{"idSuffix":"inner"}},"clearTextFirst":true,"interactionType":"ENTER_TEXT"}]}
RESULT: {"script":"<script> [776 bytes]","args":[{"enterText":"Gram","selector":{"id":"application-manageresources-display-component---newResourceUnit--WEIGHT_UNIT","interaction":{"idSuffix":"inner"}},"clearTextFirst":true,"interactionType":"ENTER_TEXT"}]}
COMMAND: POST /session/0483d061f40becc12e3a8004d2d19577/execute/async - {"script":"<script> [1562 bytes]","args":[{"selector":{"id":"application-manageresources-display-component---newResourceUnit--DIMENSION_UNIT","interaction":{"idSuffix":"inner"}},"wdio_ui5_key":"applicationmanageresources-display-component---newResourceUnit--DIMENSION_UNIT"}]}
RESULT: {"script":"<script> [1562 bytes]","args":[{"selector":{"id":"application-manageresources-display-component---newResourceUnit--DIMENSION_UNIT","interaction":{"idSuffix":"inner"}},"wdio_ui5_key":"applicationmanageresources-display-component---newResourceUnit--DIMENSION_UNIT"}]}
RESULT: undefined
COMMAND: POST /session/0483d061f40becc12e3a8004d2d19577/execute/async - {"script":"<script> [776 bytes]","args":[{"enterText":"Meter","selector":{"id":"application-manageresources-display-component---newResourceUnit--DIMENSION_UNIT","interaction":{"idSuffix":"inner"}},"clearTextFirst":true,"interactionType":"ENTER_TEXT"}]}
RESULT: {"script":"<script> [776 bytes]","args":[{"enterText":"Meter","selector":{"id":"application-manageresources-display-component---newResourceUnit--DIMENSION_UNIT","interaction":{"idSuffix":"inner"}},"clearTextFirst":true,"interactionType":"ENTER_TEXT"}]}
COMMAND: POST /session/0483d061f40becc12e3a8004d2d19577/execute/async - {"script":"<script> [1562 bytes]","args":[{"selector":{"id":"application-manageresources-display-component---newResourceUnit--newRRUPage-anchBar-application-manageresources-display-component---newResourceUnit--control-anchor","interaction":{"idSuffix":"BDI-content"}},"wdio_ui5_key":"applicationmanageresources-display-component---newResourceUnit--newRRUPage-anchBar-application-manageresources-display-component---newResourceUnit--control-anchor"}]}
RESULT: {"script":"<script> [1562 bytes]","args":[{"selector":{"id":"application-manageresources-display-component---newResourceUnit--newRRUPage-anchBar-application-manageresources-display-component---newResourceUnit--control-anchor","interaction":{"idSuffix":"BDI-content"}},"wdio_ui5_key":"applicationmanageresources-display-component---newResourceUnit--newRRUPage-anchBar-application-manageresources-display-component---newResourceUnit--control-anchor"}]}
RESULT: undefined
COMMAND: POST /session/0483d061f40becc12e3a8004d2d19577/element - {"using":"xpath","value":"//*[@id=\"application-manageresources-display-component---newResourceUnit--newRRUPage-anchBar-application-manageresources-display-component---newResourceUnit--control-anchor\"]"}
RESULT: {"using":"xpath","value":"//*[@id=\"application-manageresources-display-component---newResourceUnit--newRRUPage-anchBar-application-manageresources-display-component---newResourceUnit--control-anchor\"]"}
COMMAND: POST /session/0483d061f40becc12e3a8004d2d19577/element/f.21909E599E196C0494D8E3CC232C3551.d.78FDD9E040F5A1246479B3BC6E72B433.e.5035/click - {}
RESULT: {}
COMMAND: POST /session/0483d061f40becc12e3a8004d2d19577/execute/async - {"script":"<script> [1562 bytes]","args":[{"selector":{"id":"application-manageresources-display-component---newResourceUnit--PLANNING_GROUP","interaction":{"idSuffix":"inner"}},"wdio_ui5_key":"applicationmanageresources-display-component---newResourceUnit--PLANNING_GROUP"}]}
COMMAND: GET /session/0483d061f40becc12e3a8004d2d19577/screenshot - {}
RESULT: {"script":"<script> [1562 bytes]","args":[{"selector":{"id":"application-manageresources-display-component---newResourceUnit--PLANNING_GROUP","interaction":{"idSuffix":"inner"}},"wdio_ui5_key":"applicationmanageresources-display-component---newResourceUnit--PLANNING_GROUP"}]}
RESULT: undefined
COMMAND: POST /session/0483d061f40becc12e3a8004d2d19577/execute/async - {"script":"<script> [776 bytes]","args":[{"enterText":"Heavy Equi","selector":{"id":"application-manageresources-display-component---newResourceUnit--PLANNING_GROUP","interaction":{"idSuffix":"inner"}},"clearTextFirst":true,"interactionType":"ENTER_TEXT"}]}
RESULT: {}
RESULT: {"script":"<script> [776 bytes]","args":[{"enterText":"Heavy Equi","selector":{"id":"application-manageresources-display-component---newResourceUnit--PLANNING_GROUP","interaction":{"idSuffix":"inner"}},"clearTextFirst":true,"interactionType":"ENTER_TEXT"}]}
COMMAND: POST /session/0483d061f40becc12e3a8004d2d19577/execute/async - {"script":"<script> [1562 bytes]","args":[{"selector":{"id":"application-manageresources-display-component---newResourceUnit--ITEM_TYPE-arrow"},"wdio_ui5_key":"applicationmanageresources-display-component---newResourceUnit--ITEM_TYPE-arrow"}]}
RESULT: {"script":"<script> [1562 bytes]","args":[{"selector":{"id":"application-manageresources-display-component---newResourceUnit--ITEM_TYPE-arrow"},"wdio_ui5_key":"applicationmanageresources-display-component---newResourceUnit--ITEM_TYPE-arrow"}]}
RESULT: undefined
COMMAND: POST /session/0483d061f40becc12e3a8004d2d19577/element - {"using":"xpath","value":"//*[@id=\"application-manageresources-display-component---newResourceUnit--ITEM_TYPE-arrow\"]"}
RESULT: {"using":"xpath","value":"//*[@id=\"application-manageresources-display-component---newResourceUnit--ITEM_TYPE-arrow\"]"}
COMMAND: POST /session/0483d061f40becc12e3a8004d2d19577/element/f.21909E599E196C0494D8E3CC232C3551.d.78FDD9E040F5A1246479B3BC6E72B433.e.5042/click - {}
RESULT: {}
COMMAND: POST /session/0483d061f40becc12e3a8004d2d19577/element - {"using":"xpath","value":"//ul[contains(@id,\"ITEM_TYPE-popup-list-listUl\")]//li[.//span[contains(text(),\"Resource Unit\")]]"}
COMMAND: GET /session/0483d061f40becc12e3a8004d2d19577/screenshot - {}
RESULT: {"using":"xpath","value":"//ul[contains(@id,\"ITEM_TYPE-popup-list-listUl\")]//li[.//span[contains(text(),\"Resource Unit\")]]"}
COMMAND: POST /session/0483d061f40becc12e3a8004d2d19577/element/f.21909E599E196C0494D8E3CC232C3551.d.78FDD9E040F5A1246479B3BC6E72B433.e.5043/click - {}
RESULT: {}
RESULT: {}
COMMAND: GET /session/0483d061f40becc12e3a8004d2d19577/screenshot - {}
RESULT: {}
COMMAND: POST /session/0483d061f40becc12e3a8004d2d19577/element - {"using":"css selector","value":"#application-manageresources-display-component---newResourceUnit--btnAddTimeSegment"}
RESULT: {"using":"css selector","value":"#application-manageresources-display-component---newResourceUnit--btnAddTimeSegment"}
COMMAND: GET /session/0483d061f40becc12e3a8004d2d19577/element/f.21909E599E196C0494D8E3CC232C3551.d.78FDD9E040F5A1246479B3BC6E72B433.e.5050/rect - {}
RESULT: {}
COMMAND: GET /session/0483d061f40becc12e3a8004d2d19577/window/rect - {}
RESULT: {}
COMMAND: POST /session/0483d061f40becc12e3a8004d2d19577/execute/sync - {"script":"<script> [92 bytes]","args":[]}
RESULT: {"script":"<script> [92 bytes]","args":[]}
COMMAND: POST /session/0483d061f40becc12e3a8004d2d19577/actions - {"actions":[{"id":"action9","type":"wheel","parameters":{},"actions":[{"type":"scroll","x":-1888,"y":-32,"deltaX":0,"deltaY":0,"duration":0,"origin":{"element-6066-11e4-a52e-4f735466cecf":"f.21909E599E196C0494D8E3CC232C3551.d.78FDD9E040F5A1246479B3BC6E72B433.e.5050"}}]}]}
COMMAND: GET /session/0483d061f40becc12e3a8004d2d19577/screenshot - {}
RESULT: {}
COMMAND: POST /session/0483d061f40becc12e3a8004d2d19577/execute/sync - {"script":"<script> [79 bytes]","args":[{"element-6066-11e4-a52e-4f735466cecf":"f.21909E599E196C0494D8E3CC232C3551.d.78FDD9E040F5A1246479B3BC6E72B433.e.5050","ELEMENT":"f.21909E599E196C0494D8E3CC232C3551.d.78FDD9E040F5A1246479B3BC6E72B433.e.5050"},{"block":"start","inline":"nearest"}]}
RESULT: {"script":"<script> [79 bytes]","args":[{"element-6066-11e4-a52e-4f735466cecf":"f.21909E599E196C0494D8E3CC232C3551.d.78FDD9E040F5A1246479B3BC6E72B433.e.5050","ELEMENT":"f.21909E599E196C0494D8E3CC232C3551.d.78FDD9E040F5A1246479B3BC6E72B433.e.5050"},{"block":"start","inline":"nearest"}]}
COMMAND: POST /session/0483d061f40becc12e3a8004d2d19577/execute/async - {"script":"<script> [1562 bytes]","args":[{"selector":{"id":"application-manageresources-display-component---newResourceUnit--btnAddTimeSegment","interaction":{"idSuffix":"inner"}},"wdio_ui5_key":"applicationmanageresources-display-component---newResourceUnit--btnAddTimeSegment"}]}
COMMAND: GET /session/0483d061f40becc12e3a8004d2d19577/screenshot - {}
RESULT: {"script":"<script> [1562 bytes]","args":[{"selector":{"id":"application-manageresources-display-component---newResourceUnit--btnAddTimeSegment","interaction":{"idSuffix":"inner"}},"wdio_ui5_key":"applicationmanageresources-display-component---newResourceUnit--btnAddTimeSegment"}]}
RESULT: undefined
COMMAND: POST /session/0483d061f40becc12e3a8004d2d19577/element - {"using":"xpath","value":"//*[@id=\"application-manageresources-display-component---newResourceUnit--btnAddTimeSegment\"]"}
RESULT: {}
RESULT: {"using":"xpath","value":"//*[@id=\"application-manageresources-display-component---newResourceUnit--btnAddTimeSegment\"]"}
COMMAND: POST /session/0483d061f40becc12e3a8004d2d19577/element/f.21909E599E196C0494D8E3CC232C3551.d.78FDD9E040F5A1246479B3BC6E72B433.e.5050/click - {}
RESULT: {}
COMMAND: GET /session/0483d061f40becc12e3a8004d2d19577/screenshot - {}
RESULT: {}
COMMAND: POST /session/0483d061f40becc12e3a8004d2d19577/element - {"using":"xpath","value":"//input[@id=\"application-manageresources-display-component---newResourceUnit--idRuTSAdmin-application-manageresources-display-component---newResourceUnit--RUTimeSegment-0-inner\"]"}
RESULT: {"using":"xpath","value":"//input[@id=\"application-manageresources-display-component---newResourceUnit--idRuTSAdmin-application-manageresources-display-component---newResourceUnit--RUTimeSegment-0-inner\"]"}
COMMAND: POST /session/0483d061f40becc12e3a8004d2d19577/element/f.21909E599E196C0494D8E3CC232C3551.d.78FDD9E040F5A1246479B3BC6E72B433.e.5056/clear - {}
RESULT: {}
COMMAND: POST /session/0483d061f40becc12e3a8004d2d19577/element/f.21909E599E196C0494D8E3CC232C3551.d.78FDD9E040F5A1246479B3BC6E72B433.e.5056/value - {"text":"470"}
COMMAND: GET /session/0483d061f40becc12e3a8004d2d19577/screenshot - {}
RESULT: {"text":"470"}
COMMAND: GET /session/0483d061f40becc12e3a8004d2d19577/screenshot - {}
RESULT: {}
RESULT: {}
COMMAND: POST /session/0483d061f40becc12e3a8004d2d19577/element - {"using":"xpath","value":"//li[.//span[text()='470']]"}
RESULT: {"using":"xpath","value":"//li[.//span[text()='470']]"}
COMMAND: POST /session/0483d061f40becc12e3a8004d2d19577/element/f.21909E599E196C0494D8E3CC232C3551.d.78FDD9E040F5A1246479B3BC6E72B433.e.5068/click - {}
RESULT: {}
COMMAND: GET /session/0483d061f40becc12e3a8004d2d19577/screenshot - {}
RESULT: {}
COMMAND: POST /session/0483d061f40becc12e3a8004d2d19577/element - {"using":"xpath","value":"(//span[contains(@id, \"-application-manageresources-display-component---newResourceUnit--RUTimeSegment-0-arrow\")])[6]"}
RESULT: {"using":"xpath","value":"(//span[contains(@id, \"-application-manageresources-display-component---newResourceUnit--RUTimeSegment-0-arrow\")])[6]"}
COMMAND: POST /session/0483d061f40becc12e3a8004d2d19577/element/f.21909E599E196C0494D8E3CC232C3551.d.78FDD9E040F5A1246479B3BC6E72B433.e.5069/click - {}
RESULT: {}
COMMAND: GET /session/0483d061f40becc12e3a8004d2d19577/screenshot - {}
RESULT: {}
COMMAND: POST /session/0483d061f40becc12e3a8004d2d19577/element - {"using":"xpath","value":"//span[contains(text(), \"PM Order\")]"}
RESULT: {"using":"xpath","value":"//span[contains(text(), \"PM Order\")]"}
COMMAND: POST /session/0483d061f40becc12e3a8004d2d19577/element/f.21909E599E196C0494D8E3CC232C3551.d.78FDD9E040F5A1246479B3BC6E72B433.e.5072/click - {}
RESULT: {}
COMMAND: GET /session/0483d061f40becc12e3a8004d2d19577/screenshot - {}
RESULT: {}
COMMAND: POST /session/0483d061f40becc12e3a8004d2d19577/element - {"using":"xpath","value":"(//span[contains(@id ,\"manageresources-display-component---newResourceUnit--RUTimeSegment-0-vhi\")])[1]"}
RESULT: {"using":"xpath","value":"(//span[contains(@id ,\"manageresources-display-component---newResourceUnit--RUTimeSegment-0-vhi\")])[1]"}
COMMAND: GET /session/0483d061f40becc12e3a8004d2d19577/element/f.21909E599E196C0494D8E3CC232C3551.d.78FDD9E040F5A1246479B3BC6E72B433.e.5076/rect - {}
RESULT: {}
COMMAND: GET /session/0483d061f40becc12e3a8004d2d19577/window/rect - {}
RESULT: {}
COMMAND: POST /session/0483d061f40becc12e3a8004d2d19577/execute/sync - {"script":"<script> [92 bytes]","args":[]}
RESULT: {"script":"<script> [92 bytes]","args":[]}
COMMAND: POST /session/0483d061f40becc12e3a8004d2d19577/actions - {"actions":[{"id":"action10","type":"wheel","parameters":{},"actions":[{"type":"scroll","x":-869,"y":-24,"deltaX":0,"deltaY":0,"duration":0,"origin":{"element-6066-11e4-a52e-4f735466cecf":"f.21909E599E196C0494D8E3CC232C3551.d.78FDD9E040F5A1246479B3BC6E72B433.e.5076"}}]}]}
COMMAND: GET /session/0483d061f40becc12e3a8004d2d19577/screenshot - {}
RESULT: {"actions":[{"id":"action10","type":"wheel","parameters":{},"actions":[{"type":"scroll","x":-869,"y":-24,"deltaX":0,"deltaY":0,"duration":0,"origin":{"element-6066-11e4-a52e-4f735466cecf":"f.21909E599E196C0494D8E3CC232C3551.d.78FDD9E040F5A1246479B3BC6E72B433.e.5076"}}]}]}
COMMAND: DELETE /session/0483d061f40becc12e3a8004d2d19577/actions - {}
COMMAND: GET /session/0483d061f40becc12e3a8004d2d19577/screenshot - {}
RESULT: {}
RESULT: {}
COMMAND: GET /session/0483d061f40becc12e3a8004d2d19577/screenshot - {}
RESULT: {}
RESULT: {}
COMMAND: POST /session/0483d061f40becc12e3a8004d2d19577/element/f.21909E599E196C0494D8E3CC232C3551.d.78FDD9E040F5A1246479B3BC6E72B433.e.5076/click - {}
RESULT: {}
COMMAND: GET /session/0483d061f40becc12e3a8004d2d19577/screenshot - {}
RESULT: {}
RESULT: undefined
COMMAND: POST /session/0483d061f40becc12e3a8004d2d19577/execute/async - {"script":"<script> [776 bytes]","args":[{"enterText":"4000360","selector":{"controlType":"sap.m.SearchField","properties":{"placeholder":"Search"},"searchOpenDialogs":true,"interaction":{"idSuffix":"I"}},"clearTextFirst":true,"interactionType":"ENTER_TEXT"}]}
RESULT: {"script":"<script> [776 bytes]","args":[{"enterText":"4000360","selector":{"controlType":"sap.m.SearchField","properties":{"placeholder":"Search"},"searchOpenDialogs":true,"interaction":{"idSuffix":"I"}},"clearTextFirst":true,"interactionType":"ENTER_TEXT"}]}
COMMAND: POST /session/0483d061f40becc12e3a8004d2d19577/actions - {"actions":[{"id":"action11","type":"key","parameters":{},"actions":[{"type":"keyDown","value":""},{"type":"pause","duration":10},{"type":"keyUp","value":""}]}]}
RESULT: {"actions":[{"id":"action11","type":"key","parameters":{},"actions":[{"type":"keyDown","value":""},{"type":"pause","duration":10},{"type":"keyUp","value":""}]}]}
COMMAND: GET /session/0483d061f40becc12e3a8004d2d19577/screenshot - {}
RESULT: {}
COMMAND: POST /session/0483d061f40becc12e3a8004d2d19577/element - {"using":"xpath","value":"//td/div/span[contains(text(), \"BGL Vehicles\")]"}
RESULT: {"using":"xpath","value":"//td/div/span[contains(text(), \"BGL Vehicles\")]"}
COMMAND: POST /session/0483d061f40becc12e3a8004d2d19577/element/f.21909E599E196C0494D8E3CC232C3551.d.78FDD9E040F5A1246479B3BC6E72B433.e.5096/click - {}
RESULT: {}
COMMAND: GET /session/0483d061f40becc12e3a8004d2d19577/screenshot - {}
RESULT: {}
COMMAND: POST /session/0483d061f40becc12e3a8004d2d19577/element - {"using":"xpath","value":"//bdi[contains(text(), \"OK\")]"}
RESULT: {"using":"xpath","value":"//bdi[contains(text(), \"OK\")]"}
COMMAND: POST /session/0483d061f40becc12e3a8004d2d19577/element/f.21909E599E196C0494D8E3CC232C3551.d.78FDD9E040F5A1246479B3BC6E72B433.e.5097/click - {}
RESULT: {}
COMMAND: GET /session/0483d061f40becc12e3a8004d2d19577/screenshot - {}
RESULT: {}
COMMAND: POST /session/0483d061f40becc12e3a8004d2d19577/execute/async - {"script":"<script> [1562 bytes]","args":[{"selector":{"id":"application-manageresources-display-component---newResourceUnit--newRRUPage-anchBar-application-manageresources-display-component---newResourceUnit--resource-anchor","interaction":{"idSuffix":"BDI-content"}},"wdio_ui5_key":"applicationmanageresources-display-component---newResourceUnit--newRRUPage-anchBar-application-manageresources-display-component---newResourceUnit--resource-anchor"}]}
RESULT: {"script":"<script> [1562 bytes]","args":[{"selector":{"id":"application-manageresources-display-component---newResourceUnit--newRRUPage-anchBar-application-manageresources-display-component---newResourceUnit--resource-anchor","interaction":{"idSuffix":"BDI-content"}},"wdio_ui5_key":"applicationmanageresources-display-component---newResourceUnit--newRRUPage-anchBar-application-manageresources-display-component---newResourceUnit--resource-anchor"}]}
RESULT: undefined
COMMAND: POST /session/0483d061f40becc12e3a8004d2d19577/element - {"using":"xpath","value":"//*[@id=\"application-manageresources-display-component---newResourceUnit--newRRUPage-anchBar-application-manageresources-display-component---newResourceUnit--resource-anchor\"]"}
RESULT: {"using":"xpath","value":"//*[@id=\"application-manageresources-display-component---newResourceUnit--newRRUPage-anchBar-application-manageresources-display-component---newResourceUnit--resource-anchor\"]"}
COMMAND: POST /session/0483d061f40becc12e3a8004d2d19577/element/f.21909E599E196C0494D8E3CC232C3551.d.78FDD9E040F5A1246479B3BC6E72B433.e.5101/click - {}
RESULT: {}
COMMAND: POST /session/0483d061f40becc12e3a8004d2d19577/execute/async - {"script":"<script> [1562 bytes]","args":[{"selector":{"id":"application-manageresources-display-component---newResourceUnit--PLANNED_DELIVERY_DATE","interaction":{"idSuffix":"inner"}},"wdio_ui5_key":"applicationmanageresources-display-component---newResourceUnit--PLANNED_DELIVERY_DATE"}]}
COMMAND: GET /session/0483d061f40becc12e3a8004d2d19577/screenshot - {}
RESULT: {"script":"<script> [1562 bytes]","args":[{"selector":{"id":"application-manageresources-display-component---newResourceUnit--PLANNED_DELIVERY_DATE","interaction":{"idSuffix":"inner"}},"wdio_ui5_key":"applicationmanageresources-display-component---newResourceUnit--PLANNED_DELIVERY_DATE"}]}
RESULT: undefined
COMMAND: POST /session/0483d061f40becc12e3a8004d2d19577/execute/async - {"script":"<script> [6424 bytes]","args":[{"element-6066-11e4-a52e-4f735466cecf":"f.21909E599E196C0494D8E3CC232C3551.d.78FDD9E040F5A1246479B3BC6E72B433.e.4934"},"setValue",["5/29/25"]]}
RESULT: {}
RESULT: {"script":"<script> [6424 bytes]","args":[{"element-6066-11e4-a52e-4f735466cecf":"f.21909E599E196C0494D8E3CC232C3551.d.78FDD9E040F5A1246479B3BC6E72B433.e.4934"},"setValue",["5/29/25"]]}
COMMAND: POST /session/0483d061f40becc12e3a8004d2d19577/element - {"using":"xpath","value":"//label[contains(@class, 'sapMLabelRequired') and .//bdi[contains(text(), 'Planned Retirement')]]"}
RESULT: {"using":"xpath","value":"//label[contains(@class, 'sapMLabelRequired') and .//bdi[contains(text(), 'Planned Retirement')]]"}
COMMAND: POST /session/0483d061f40becc12e3a8004d2d19577/elements - {"using":"xpath","value":"//label[contains(@class, 'sapMLabelRequired') and .//bdi[contains(text(), 'Planned Retirement')]]"}
RESULT: {"using":"xpath","value":"//label[contains(@class, 'sapMLabelRequired') and .//bdi[contains(text(), 'Planned Retirement')]]"}
COMMAND: POST /session/0483d061f40becc12e3a8004d2d19577/element - {"using":"xpath","value":"//button[@data-kt=\"resourceUnitSaveButton\"]"}
RESULT: {"using":"xpath","value":"//button[@data-kt=\"resourceUnitSaveButton\"]"}
COMMAND: POST /session/0483d061f40becc12e3a8004d2d19577/element/f.21909E599E196C0494D8E3CC232C3551.d.78FDD9E040F5A1246479B3BC6E72B433.e.4894/click - {}
RESULT: {}
COMMAND: GET /session/0483d061f40becc12e3a8004d2d19577/screenshot - {}
RESULT: {}
COMMAND: POST /session/0483d061f40becc12e3a8004d2d19577/element - {"using":"xpath","value":"//bdi[contains(text(), \"Close\")]"}
RESULT: {"using":"xpath","value":"//bdi[contains(text(), \"Close\")]"}
COMMAND: POST /session/0483d061f40becc12e3a8004d2d19577/element/f.21909E599E196C0494D8E3CC232C3551.d.78FDD9E040F5A1246479B3BC6E72B433.e.5111/click - {}
RESULT: {}
COMMAND: GET /session/0483d061f40becc12e3a8004d2d19577/screenshot - {}
RESULT: {}
COMMAND: POST /session/0483d061f40becc12e3a8004d2d19577/element - {"using":"xpath","value":"(//button[contains(@id ,\"actionsToolbar-overflowButton\")])[1]"}
RESULT: {"using":"xpath","value":"(//button[contains(@id ,\"actionsToolbar-overflowButton\")])[1]"}
COMMAND: POST /session/0483d061f40becc12e3a8004d2d19577/element/f.21909E599E196C0494D8E3CC232C3551.d.78FDD9E040F5A1246479B3BC6E72B433.e.5167/click - {}
RESULT: {}
COMMAND: GET /session/0483d061f40becc12e3a8004d2d19577/screenshot - {}
RESULT: {}
COMMAND: POST /session/0483d061f40becc12e3a8004d2d19577/element - {"using":"xpath","value":"//button[@data-kt=\"priceInfoButton\"]"}
RESULT: {"using":"xpath","value":"//button[@data-kt=\"priceInfoButton\"]"}
COMMAND: POST /session/0483d061f40becc12e3a8004d2d19577/element/f.21909E599E196C0494D8E3CC232C3551.d.78FDD9E040F5A1246479B3BC6E72B433.e.5169/click - {}
RESULT: {}
COMMAND: GET /session/0483d061f40becc12e3a8004d2d19577/screenshot - {}
RESULT: {}
]]></system-out>
    </testcase>
    <testcase classname="chrome.136_0_7103_93.windows.Billing_Transfer_-_Master_data_&amp;_Intercompany_US127250" name="Should create new pricing rule TB on the equipment TB" time="55.643">
      <system-out><![CDATA[
COMMAND: POST /session/0483d061f40becc12e3a8004d2d19577/element - {"using":"xpath","value":"//button[@data-kt=\"addButton\"]"}
RESULT: {"using":"xpath","value":"//button[@data-kt=\"addButton\"]"}
COMMAND: POST /session/0483d061f40becc12e3a8004d2d19577/elements - {"using":"xpath","value":"//button[@data-kt=\"addButton\"]"}
RESULT: {"using":"xpath","value":"//button[@data-kt=\"addButton\"]"}
COMMAND: POST /session/0483d061f40becc12e3a8004d2d19577/execute/sync - {"script":"<script> [8489 bytes]","args":[{"element-6066-11e4-a52e-4f735466cecf":"f.21909E599E196C0494D8E3CC232C3551.d.78FDD9E040F5A1246479B3BC6E72B433.e.5205","ELEMENT":"f.21909E599E196C0494D8E3CC232C3551.d.78FDD9E040F5A1246479B3BC6E72B433.e.5205"}]}
RESULT: {"script":"<script> [8489 bytes]","args":[{"element-6066-11e4-a52e-4f735466cecf":"f.21909E599E196C0494D8E3CC232C3551.d.78FDD9E040F5A1246479B3BC6E72B433.e.5205","ELEMENT":"f.21909E599E196C0494D8E3CC232C3551.d.78FDD9E040F5A1246479B3BC6E72B433.e.5205"}]}
COMMAND: GET /session/0483d061f40becc12e3a8004d2d19577/element/f.21909E599E196C0494D8E3CC232C3551.d.78FDD9E040F5A1246479B3BC6E72B433.e.5205/enabled - {}
COMMAND: GET /session/0483d061f40becc12e3a8004d2d19577/screenshot - {}
RESULT: {}
COMMAND: POST /session/0483d061f40becc12e3a8004d2d19577/execute/sync - {"script":"<script> [8489 bytes]","args":[{"element-6066-11e4-a52e-4f735466cecf":"f.21909E599E196C0494D8E3CC232C3551.d.78FDD9E040F5A1246479B3BC6E72B433.e.5205","ELEMENT":"f.21909E599E196C0494D8E3CC232C3551.d.78FDD9E040F5A1246479B3BC6E72B433.e.5205"}]}
COMMAND: GET /session/0483d061f40becc12e3a8004d2d19577/screenshot - {}
RESULT: {}
RESULT: {"script":"<script> [8489 bytes]","args":[{"element-6066-11e4-a52e-4f735466cecf":"f.21909E599E196C0494D8E3CC232C3551.d.78FDD9E040F5A1246479B3BC6E72B433.e.5205","ELEMENT":"f.21909E599E196C0494D8E3CC232C3551.d.78FDD9E040F5A1246479B3BC6E72B433.e.5205"}]}
COMMAND: POST /session/0483d061f40becc12e3a8004d2d19577/execute/sync - {"script":"<script> [5351 bytes]","args":[{"element-6066-11e4-a52e-4f735466cecf":"f.21909E599E196C0494D8E3CC232C3551.d.78FDD9E040F5A1246479B3BC6E72B433.e.5205","ELEMENT":"f.21909E599E196C0494D8E3CC232C3551.d.78FDD9E040F5A1246479B3BC6E72B433.e.5205"}]}
COMMAND: GET /session/0483d061f40becc12e3a8004d2d19577/screenshot - {}
RESULT: {}
RESULT: {"script":"<script> [5351 bytes]","args":[{"element-6066-11e4-a52e-4f735466cecf":"f.21909E599E196C0494D8E3CC232C3551.d.78FDD9E040F5A1246479B3BC6E72B433.e.5205","ELEMENT":"f.21909E599E196C0494D8E3CC232C3551.d.78FDD9E040F5A1246479B3BC6E72B433.e.5205"}]}
COMMAND: POST /session/0483d061f40becc12e3a8004d2d19577/element/f.21909E599E196C0494D8E3CC232C3551.d.78FDD9E040F5A1246479B3BC6E72B433.e.5205/click - {}
COMMAND: GET /session/0483d061f40becc12e3a8004d2d19577/screenshot - {}
RESULT: {}
RESULT: {}
COMMAND: GET /session/0483d061f40becc12e3a8004d2d19577/screenshot - {}
RESULT: {}
RESULT: {}
COMMAND: POST /session/0483d061f40becc12e3a8004d2d19577/execute/async - {"script":"<script> [1562 bytes]","args":[{"selector":{"controlType":"sap.m.Title","viewName":"etm.portal.ui.managepricingrules.view.NewItem","viewId":"application-managepricingrules-display-component---newInfoPriceItem","properties":{"text":"New Pricing Rules - Item Level"}},"wdio_ui5_key":"etmportal.ui.managepricingrules.view.NewItemsap.m.Title{\"text\":\"New Pricing Rules - Item Level\"}"}]}
RESULT: {"script":"<script> [1562 bytes]","args":[{"selector":{"controlType":"sap.m.Title","viewName":"etm.portal.ui.managepricingrules.view.NewItem","viewId":"application-managepricingrules-display-component---newInfoPriceItem","properties":{"text":"New Pricing Rules - Item Level"}},"wdio_ui5_key":"etmportal.ui.managepricingrules.view.NewItemsap.m.Title{\"text\":\"New Pricing Rules - Item Level\"}"}]}
RESULT: undefined
COMMAND: POST /session/0483d061f40becc12e3a8004d2d19577/execute/async - {"script":"<script> [6424 bytes]","args":[{"element-6066-11e4-a52e-4f735466cecf":"f.21909E599E196C0494D8E3CC232C3551.d.78FDD9E040F5A1246479B3BC6E72B433.e.5365"},"getText",[]]}
RESULT: {"script":"<script> [6424 bytes]","args":[{"element-6066-11e4-a52e-4f735466cecf":"f.21909E599E196C0494D8E3CC232C3551.d.78FDD9E040F5A1246479B3BC6E72B433.e.5365"},"getText",[]]}
COMMAND: POST /session/0483d061f40becc12e3a8004d2d19577/execute/async - {"script":"<script> [1562 bytes]","args":[{"selector":{"id":"application-managepricingrules-display-component---newInfoPriceItem--condValidTo","interaction":{"idSuffix":"inner"}},"wdio_ui5_key":"applicationmanagepricingrules-display-component---newInfoPriceItem--condValidTo"}]}
RESULT: {"script":"<script> [1562 bytes]","args":[{"selector":{"id":"application-managepricingrules-display-component---newInfoPriceItem--condValidTo","interaction":{"idSuffix":"inner"}},"wdio_ui5_key":"applicationmanagepricingrules-display-component---newInfoPriceItem--condValidTo"}]}
RESULT: undefined
COMMAND: POST /session/0483d061f40becc12e3a8004d2d19577/execute/async - {"script":"<script> [776 bytes]","args":[{"enterText":"1/29/26","selector":{"id":"application-managepricingrules-display-component---newInfoPriceItem--condValidTo","interaction":{"idSuffix":"inner"}},"clearTextFirst":true,"interactionType":"ENTER_TEXT"}]}
RESULT: {"script":"<script> [776 bytes]","args":[{"enterText":"1/29/26","selector":{"id":"application-managepricingrules-display-component---newInfoPriceItem--condValidTo","interaction":{"idSuffix":"inner"}},"clearTextFirst":true,"interactionType":"ENTER_TEXT"}]}
COMMAND: POST /session/0483d061f40becc12e3a8004d2d19577/execute/async - {"script":"<script> [1562 bytes]","args":[{"selector":{"id":"application-managepricingrules-display-component---newInfoPriceItem--billType-arrow"},"wdio_ui5_key":"applicationmanagepricingrules-display-component---newInfoPriceItem--billType-arrow"}]}
RESULT: {"script":"<script> [1562 bytes]","args":[{"selector":{"id":"application-managepricingrules-display-component---newInfoPriceItem--billType-arrow"},"wdio_ui5_key":"applicationmanagepricingrules-display-component---newInfoPriceItem--billType-arrow"}]}
RESULT: undefined
COMMAND: POST /session/0483d061f40becc12e3a8004d2d19577/element - {"using":"xpath","value":"//*[@id=\"application-managepricingrules-display-component---newInfoPriceItem--billType-arrow\"]"}
RESULT: {"using":"xpath","value":"//*[@id=\"application-managepricingrules-display-component---newInfoPriceItem--billType-arrow\"]"}
COMMAND: POST /session/0483d061f40becc12e3a8004d2d19577/element/f.21909E599E196C0494D8E3CC232C3551.d.78FDD9E040F5A1246479B3BC6E72B433.e.5367/click - {}
RESULT: {}
COMMAND: POST /session/0483d061f40becc12e3a8004d2d19577/element - {"using":"xpath","value":"//span[contains(text(), \"TB - Time based\")]"}
COMMAND: GET /session/0483d061f40becc12e3a8004d2d19577/screenshot - {}
RESULT: {"using":"xpath","value":"//span[contains(text(), \"TB - Time based\")]"}
COMMAND: POST /session/0483d061f40becc12e3a8004d2d19577/element/f.21909E599E196C0494D8E3CC232C3551.d.78FDD9E040F5A1246479B3BC6E72B433.e.5368/click - {}
RESULT: {}
RESULT: {}
COMMAND: POST /session/0483d061f40becc12e3a8004d2d19577/execute/async - {"script":"<script> [1562 bytes]","args":[{"selector":{"id":"application-managepricingrules-display-component---newInfoPriceItem--priceProc-arrow"},"wdio_ui5_key":"applicationmanagepricingrules-display-component---newInfoPriceItem--priceProc-arrow"}]}
COMMAND: GET /session/0483d061f40becc12e3a8004d2d19577/screenshot - {}
RESULT: {"script":"<script> [1562 bytes]","args":[{"selector":{"id":"application-managepricingrules-display-component---newInfoPriceItem--priceProc-arrow"},"wdio_ui5_key":"applicationmanagepricingrules-display-component---newInfoPriceItem--priceProc-arrow"}]}
RESULT: undefined
COMMAND: POST /session/0483d061f40becc12e3a8004d2d19577/element - {"using":"xpath","value":"//*[@id=\"application-managepricingrules-display-component---newInfoPriceItem--priceProc-arrow\"]"}
RESULT: {}
RESULT: {"using":"xpath","value":"//*[@id=\"application-managepricingrules-display-component---newInfoPriceItem--priceProc-arrow\"]"}
COMMAND: POST /session/0483d061f40becc12e3a8004d2d19577/element/f.21909E599E196C0494D8E3CC232C3551.d.78FDD9E040F5A1246479B3BC6E72B433.e.5332/click - {}
RESULT: {}
COMMAND: POST /session/0483d061f40becc12e3a8004d2d19577/element - {"using":"xpath","value":"//span[contains(text(), \"TBS - Time based standard\")]"}
COMMAND: GET /session/0483d061f40becc12e3a8004d2d19577/screenshot - {}
RESULT: {"using":"xpath","value":"//span[contains(text(), \"TBS - Time based standard\")]"}
COMMAND: POST /session/0483d061f40becc12e3a8004d2d19577/element/f.21909E599E196C0494D8E3CC232C3551.d.78FDD9E040F5A1246479B3BC6E72B433.e.5369/click - {}
RESULT: {}
RESULT: {}
COMMAND: POST /session/0483d061f40becc12e3a8004d2d19577/execute/async - {"script":"<script> [1562 bytes]","args":[{"selector":{"id":"application-managepricingrules-display-component---newInfoPriceItem--calcBase-arrow"},"wdio_ui5_key":"applicationmanagepricingrules-display-component---newInfoPriceItem--calcBase-arrow"}]}
COMMAND: GET /session/0483d061f40becc12e3a8004d2d19577/screenshot - {}
RESULT: {"script":"<script> [1562 bytes]","args":[{"selector":{"id":"application-managepricingrules-display-component---newInfoPriceItem--calcBase-arrow"},"wdio_ui5_key":"applicationmanagepricingrules-display-component---newInfoPriceItem--calcBase-arrow"}]}
RESULT: undefined
COMMAND: POST /session/0483d061f40becc12e3a8004d2d19577/element - {"using":"xpath","value":"//*[@id=\"application-managepricingrules-display-component---newInfoPriceItem--calcBase-arrow\"]"}
RESULT: {}
RESULT: {"using":"xpath","value":"//*[@id=\"application-managepricingrules-display-component---newInfoPriceItem--calcBase-arrow\"]"}
COMMAND: POST /session/0483d061f40becc12e3a8004d2d19577/element/f.21909E599E196C0494D8E3CC232C3551.d.78FDD9E040F5A1246479B3BC6E72B433.e.5339/click - {}
RESULT: {}
COMMAND: GET /session/0483d061f40becc12e3a8004d2d19577/screenshot - {}
RESULT: {}
COMMAND: POST /session/0483d061f40becc12e3a8004d2d19577/element - {"using":"xpath","value":"//span[contains(text(), \"0006 - TB(calendar days)\")]"}
RESULT: {"using":"xpath","value":"//span[contains(text(), \"0006 - TB(calendar days)\")]"}
COMMAND: POST /session/0483d061f40becc12e3a8004d2d19577/element/f.21909E599E196C0494D8E3CC232C3551.d.78FDD9E040F5A1246479B3BC6E72B433.e.5370/click - {}
RESULT: {}
COMMAND: GET /session/0483d061f40becc12e3a8004d2d19577/screenshot - {}
RESULT: {}
COMMAND: POST /session/0483d061f40becc12e3a8004d2d19577/execute/async - {"script":"<script> [1562 bytes]","args":[{"selector":{"id":"application-managepricingrules-display-component---newInfoPriceItem--daysMonth","interaction":{"idSuffix":"inner"}},"wdio_ui5_key":"applicationmanagepricingrules-display-component---newInfoPriceItem--daysMonth"}]}
RESULT: {"script":"<script> [1562 bytes]","args":[{"selector":{"id":"application-managepricingrules-display-component---newInfoPriceItem--daysMonth","interaction":{"idSuffix":"inner"}},"wdio_ui5_key":"applicationmanagepricingrules-display-component---newInfoPriceItem--daysMonth"}]}
RESULT: undefined
COMMAND: POST /session/0483d061f40becc12e3a8004d2d19577/execute/async - {"script":"<script> [776 bytes]","args":[{"enterText":"30","selector":{"id":"application-managepricingrules-display-component---newInfoPriceItem--daysMonth","interaction":{"idSuffix":"inner"}},"clearTextFirst":true,"interactionType":"ENTER_TEXT"}]}
RESULT: {"script":"<script> [776 bytes]","args":[{"enterText":"30","selector":{"id":"application-managepricingrules-display-component---newInfoPriceItem--daysMonth","interaction":{"idSuffix":"inner"}},"clearTextFirst":true,"interactionType":"ENTER_TEXT"}]}
COMMAND: POST /session/0483d061f40becc12e3a8004d2d19577/element - {"using":"xpath","value":"//button[@data-kt=\"saveNewRuleButton\"]"}
RESULT: {"using":"xpath","value":"//button[@data-kt=\"saveNewRuleButton\"]"}
COMMAND: POST /session/0483d061f40becc12e3a8004d2d19577/element/f.21909E599E196C0494D8E3CC232C3551.d.78FDD9E040F5A1246479B3BC6E72B433.e.5357/click - {}
RESULT: {}
COMMAND: GET /session/0483d061f40becc12e3a8004d2d19577/screenshot - {}
RESULT: {}
COMMAND: POST /session/0483d061f40becc12e3a8004d2d19577/execute/async - {"script":"<script> [1562 bytes]","args":[{"selector":{"id":"application-managepricingrules-display-component---priceInfoItem--smartFilterBar-btnBasicSearch","interaction":{"idSuffix":"I"}},"wdio_ui5_key":"applicationmanagepricingrules-display-component---priceInfoItem--smartFilterBar-btnBasicSearch"}]}
RESULT: {"script":"<script> [1562 bytes]","args":[{"selector":{"id":"application-managepricingrules-display-component---priceInfoItem--smartFilterBar-btnBasicSearch","interaction":{"idSuffix":"I"}},"wdio_ui5_key":"applicationmanagepricingrules-display-component---priceInfoItem--smartFilterBar-btnBasicSearch"}]}
RESULT: undefined
COMMAND: POST /session/0483d061f40becc12e3a8004d2d19577/execute/async - {"script":"<script> [776 bytes]","args":[{"enterText":"IxDjMJiKPn","selector":{"id":"application-managepricingrules-display-component---priceInfoItem--smartFilterBar-btnBasicSearch","interaction":{"idSuffix":"I"}},"clearTextFirst":true,"interactionType":"ENTER_TEXT"}]}
RESULT: {"script":"<script> [776 bytes]","args":[{"enterText":"IxDjMJiKPn","selector":{"id":"application-managepricingrules-display-component---priceInfoItem--smartFilterBar-btnBasicSearch","interaction":{"idSuffix":"I"}},"clearTextFirst":true,"interactionType":"ENTER_TEXT"}]}
COMMAND: POST /session/0483d061f40becc12e3a8004d2d19577/actions - {"actions":[{"id":"action12","type":"key","parameters":{},"actions":[{"type":"keyDown","value":""},{"type":"pause","duration":10},{"type":"keyUp","value":""}]}]}
RESULT: {"actions":[{"id":"action12","type":"key","parameters":{},"actions":[{"type":"keyDown","value":""},{"type":"pause","duration":10},{"type":"keyUp","value":""}]}]}
COMMAND: GET /session/0483d061f40becc12e3a8004d2d19577/screenshot - {}
RESULT: {}
COMMAND: POST /session/0483d061f40becc12e3a8004d2d19577/element - {"using":"xpath","value":"//span[@id=\"application-managepricingrules-display-component---priceInfoItem--smartTable-header-inner\"]"}
RESULT: {"using":"xpath","value":"//span[@id=\"application-managepricingrules-display-component---priceInfoItem--smartTable-header-inner\"]"}
COMMAND: POST /session/0483d061f40becc12e3a8004d2d19577/elements - {"using":"xpath","value":"//span[@id=\"application-managepricingrules-display-component---priceInfoItem--smartTable-header-inner\"]"}
RESULT: {"using":"xpath","value":"//span[@id=\"application-managepricingrules-display-component---priceInfoItem--smartTable-header-inner\"]"}
COMMAND: POST /session/0483d061f40becc12e3a8004d2d19577/execute/sync - {"script":"<script> [56 bytes]","args":[{"element-6066-11e4-a52e-4f735466cecf":"f.21909E599E196C0494D8E3CC232C3551.d.78FDD9E040F5A1246479B3BC6E72B433.e.5394","ELEMENT":"f.21909E599E196C0494D8E3CC232C3551.d.78FDD9E040F5A1246479B3BC6E72B433.e.5394"}]}
RESULT: {"script":"<script> [56 bytes]","args":[{"element-6066-11e4-a52e-4f735466cecf":"f.21909E599E196C0494D8E3CC232C3551.d.78FDD9E040F5A1246479B3BC6E72B433.e.5394","ELEMENT":"f.21909E599E196C0494D8E3CC232C3551.d.78FDD9E040F5A1246479B3BC6E72B433.e.5394"}]}
COMMAND: POST /session/0483d061f40becc12e3a8004d2d19577/element - {"using":"css selector","value":"#shell-header-logo"}
COMMAND: GET /session/0483d061f40becc12e3a8004d2d19577/screenshot - {}
RESULT: {"using":"css selector","value":"#shell-header-logo"}
COMMAND: POST /session/0483d061f40becc12e3a8004d2d19577/element/f.21909E599E196C0494D8E3CC232C3551.d.78FDD9E040F5A1246479B3BC6E72B433.e.4485/click - {}
RESULT: {}
RESULT: {}
COMMAND: GET /session/0483d061f40becc12e3a8004d2d19577/screenshot - {}
RESULT: {}
]]></system-out>
    </testcase>
    <testcase classname="chrome.136_0_7103_93.windows.Billing_Transfer_-_Master_data_&amp;_Intercompany_US127250" name="Should create new condition for equipment TB" time="71.84">
      <system-out><![CDATA[
COMMAND: POST /session/0483d061f40becc12e3a8004d2d19577/execute/async - {"script":"<script> [1562 bytes]","args":[{"selector":{"controlType":"sap.m.GenericTile","properties":{"header":"Manage Conditions & Prices"}},"wdio_ui5_key":"sapm.GenericTile{\"header\":\"Manage Conditions & Prices\"}"}]}
RESULT: {"script":"<script> [1562 bytes]","args":[{"selector":{"controlType":"sap.m.GenericTile","properties":{"header":"Manage Conditions & Prices"}},"wdio_ui5_key":"sapm.GenericTile{\"header\":\"Manage Conditions & Prices\"}"}]}
RESULT: undefined
COMMAND: POST /session/0483d061f40becc12e3a8004d2d19577/element - {"using":"xpath","value":"//*[@id=\"__tile53\"]"}
RESULT: {"using":"xpath","value":"//*[@id=\"__tile53\"]"}
COMMAND: POST /session/0483d061f40becc12e3a8004d2d19577/element/f.21909E599E196C0494D8E3CC232C3551.d.78FDD9E040F5A1246479B3BC6E72B433.e.2173/click - {}
RESULT: {}
COMMAND: GET /session/0483d061f40becc12e3a8004d2d19577/screenshot - {}
RESULT: {}
COMMAND: POST /session/0483d061f40becc12e3a8004d2d19577/elements - {"using":"xpath","value":"//span[text()='Error']"}
RESULT: {"using":"xpath","value":"//span[text()='Error']"}
COMMAND: POST /session/0483d061f40becc12e3a8004d2d19577/element - {"using":"xpath","value":"//button[@aria-label=\"Create\"]"}
RESULT: {"using":"xpath","value":"//button[@aria-label=\"Create\"]"}
COMMAND: POST /session/0483d061f40becc12e3a8004d2d19577/elements - {"using":"xpath","value":"//button[@aria-label=\"Create\"]"}
RESULT: {"using":"xpath","value":"//button[@aria-label=\"Create\"]"}
COMMAND: POST /session/0483d061f40becc12e3a8004d2d19577/execute/sync - {"script":"<script> [8489 bytes]","args":[{"element-6066-11e4-a52e-4f735466cecf":"f.21909E599E196C0494D8E3CC232C3551.d.78FDD9E040F5A1246479B3BC6E72B433.e.5430","ELEMENT":"f.21909E599E196C0494D8E3CC232C3551.d.78FDD9E040F5A1246479B3BC6E72B433.e.5430"}]}
RESULT: {"script":"<script> [8489 bytes]","args":[{"element-6066-11e4-a52e-4f735466cecf":"f.21909E599E196C0494D8E3CC232C3551.d.78FDD9E040F5A1246479B3BC6E72B433.e.5430","ELEMENT":"f.21909E599E196C0494D8E3CC232C3551.d.78FDD9E040F5A1246479B3BC6E72B433.e.5430"}]}
COMMAND: GET /session/0483d061f40becc12e3a8004d2d19577/element/f.21909E599E196C0494D8E3CC232C3551.d.78FDD9E040F5A1246479B3BC6E72B433.e.5430/enabled - {}
COMMAND: GET /session/0483d061f40becc12e3a8004d2d19577/screenshot - {}
RESULT: {}
COMMAND: POST /session/0483d061f40becc12e3a8004d2d19577/execute/sync - {"script":"<script> [8489 bytes]","args":[{"element-6066-11e4-a52e-4f735466cecf":"f.21909E599E196C0494D8E3CC232C3551.d.78FDD9E040F5A1246479B3BC6E72B433.e.5430","ELEMENT":"f.21909E599E196C0494D8E3CC232C3551.d.78FDD9E040F5A1246479B3BC6E72B433.e.5430"}]}
COMMAND: GET /session/0483d061f40becc12e3a8004d2d19577/screenshot - {}
RESULT: {}
RESULT: {"script":"<script> [8489 bytes]","args":[{"element-6066-11e4-a52e-4f735466cecf":"f.21909E599E196C0494D8E3CC232C3551.d.78FDD9E040F5A1246479B3BC6E72B433.e.5430","ELEMENT":"f.21909E599E196C0494D8E3CC232C3551.d.78FDD9E040F5A1246479B3BC6E72B433.e.5430"}]}
COMMAND: POST /session/0483d061f40becc12e3a8004d2d19577/execute/sync - {"script":"<script> [5351 bytes]","args":[{"element-6066-11e4-a52e-4f735466cecf":"f.21909E599E196C0494D8E3CC232C3551.d.78FDD9E040F5A1246479B3BC6E72B433.e.5430","ELEMENT":"f.21909E599E196C0494D8E3CC232C3551.d.78FDD9E040F5A1246479B3BC6E72B433.e.5430"}]}
COMMAND: GET /session/0483d061f40becc12e3a8004d2d19577/screenshot - {}
RESULT: {}
RESULT: {"script":"<script> [5351 bytes]","args":[{"element-6066-11e4-a52e-4f735466cecf":"f.21909E599E196C0494D8E3CC232C3551.d.78FDD9E040F5A1246479B3BC6E72B433.e.5430","ELEMENT":"f.21909E599E196C0494D8E3CC232C3551.d.78FDD9E040F5A1246479B3BC6E72B433.e.5430"}]}
COMMAND: POST /session/0483d061f40becc12e3a8004d2d19577/element/f.21909E599E196C0494D8E3CC232C3551.d.78FDD9E040F5A1246479B3BC6E72B433.e.5430/click - {}
COMMAND: GET /session/0483d061f40becc12e3a8004d2d19577/screenshot - {}
RESULT: {}
RESULT: {}
COMMAND: GET /session/0483d061f40becc12e3a8004d2d19577/screenshot - {}
RESULT: {}
RESULT: {}
COMMAND: POST /session/0483d061f40becc12e3a8004d2d19577/actions - {"actions":[{"id":"action13","type":"key","parameters":{},"actions":[{"type":"keyDown","value":""},{"type":"pause","duration":10},{"type":"keyUp","value":""}]}]}
RESULT: {"actions":[{"id":"action13","type":"key","parameters":{},"actions":[{"type":"keyDown","value":""},{"type":"pause","duration":10},{"type":"keyUp","value":""}]}]}
COMMAND: GET /session/0483d061f40becc12e3a8004d2d19577/screenshot - {}
RESULT: {}
COMMAND: POST /session/0483d061f40becc12e3a8004d2d19577/execute/async - {"script":"<script> [1562 bytes]","args":[{"selector":{"id":"application-manageconditionprice-display-component---newCondition--condBillCond-arrow"},"wdio_ui5_key":"applicationmanageconditionprice-display-component---newCondition--condBillCond-arrow"}]}
RESULT: {"script":"<script> [1562 bytes]","args":[{"selector":{"id":"application-manageconditionprice-display-component---newCondition--condBillCond-arrow"},"wdio_ui5_key":"applicationmanageconditionprice-display-component---newCondition--condBillCond-arrow"}]}
RESULT: undefined
COMMAND: POST /session/0483d061f40becc12e3a8004d2d19577/element - {"using":"xpath","value":"//*[@id=\"application-manageconditionprice-display-component---newCondition--condBillCond-arrow\"]"}
RESULT: {"using":"xpath","value":"//*[@id=\"application-manageconditionprice-display-component---newCondition--condBillCond-arrow\"]"}
COMMAND: POST /session/0483d061f40becc12e3a8004d2d19577/element/f.21909E599E196C0494D8E3CC232C3551.d.78FDD9E040F5A1246479B3BC6E72B433.e.5607/click - {}
RESULT: {}
COMMAND: GET /session/0483d061f40becc12e3a8004d2d19577/screenshot - {}
RESULT: {}
COMMAND: POST /session/0483d061f40becc12e3a8004d2d19577/element - {"using":"xpath","value":"//li[.//span[contains(text(), \"DISP - D&I special price\")]]"}
RESULT: {"using":"xpath","value":"//li[.//span[contains(text(), \"DISP - D&I special price\")]]"}
COMMAND: POST /session/0483d061f40becc12e3a8004d2d19577/element/f.21909E599E196C0494D8E3CC232C3551.d.78FDD9E040F5A1246479B3BC6E72B433.e.5610/click - {}
RESULT: {}
COMMAND: GET /session/0483d061f40becc12e3a8004d2d19577/screenshot - {}
RESULT: {}
COMMAND: POST /session/0483d061f40becc12e3a8004d2d19577/execute/async - {"script":"<script> [1562 bytes]","args":[{"selector":{"id":"application-manageconditionprice-display-component---newCondition--condValidTo","interaction":{"idSuffix":"inner"}},"wdio_ui5_key":"applicationmanageconditionprice-display-component---newCondition--condValidTo"}]}
RESULT: {"script":"<script> [1562 bytes]","args":[{"selector":{"id":"application-manageconditionprice-display-component---newCondition--condValidTo","interaction":{"idSuffix":"inner"}},"wdio_ui5_key":"applicationmanageconditionprice-display-component---newCondition--condValidTo"}]}
RESULT: undefined
COMMAND: POST /session/0483d061f40becc12e3a8004d2d19577/execute/async - {"script":"<script> [776 bytes]","args":[{"enterText":"1/29/26","selector":{"id":"application-manageconditionprice-display-component---newCondition--condValidTo","interaction":{"idSuffix":"inner"}},"clearTextFirst":true,"interactionType":"ENTER_TEXT"}]}
RESULT: {"script":"<script> [776 bytes]","args":[{"enterText":"1/29/26","selector":{"id":"application-manageconditionprice-display-component---newCondition--condValidTo","interaction":{"idSuffix":"inner"}},"clearTextFirst":true,"interactionType":"ENTER_TEXT"}]}
COMMAND: POST /session/0483d061f40becc12e3a8004d2d19577/element - {"using":"xpath","value":"//input[@id=\"application-manageconditionprice-display-component---newCondition--condRU-inner\"]"}
RESULT: {"using":"xpath","value":"//input[@id=\"application-manageconditionprice-display-component---newCondition--condRU-inner\"]"}
COMMAND: POST /session/0483d061f40becc12e3a8004d2d19577/element/f.21909E599E196C0494D8E3CC232C3551.d.78FDD9E040F5A1246479B3BC6E72B433.e.5472/clear - {}
RESULT: {}
COMMAND: POST /session/0483d061f40becc12e3a8004d2d19577/element/f.21909E599E196C0494D8E3CC232C3551.d.78FDD9E040F5A1246479B3BC6E72B433.e.5472/value - {"text":"IxDjMJiKPn"}
COMMAND: GET /session/0483d061f40becc12e3a8004d2d19577/screenshot - {}
RESULT: {"text":"IxDjMJiKPn"}
COMMAND: GET /session/0483d061f40becc12e3a8004d2d19577/screenshot - {}
RESULT: {}
RESULT: {}
COMMAND: POST /session/0483d061f40becc12e3a8004d2d19577/actions - {"actions":[{"id":"action14","type":"key","parameters":{},"actions":[{"type":"keyDown","value":""},{"type":"pause","duration":10},{"type":"keyUp","value":""}]}]}
RESULT: {"actions":[{"id":"action14","type":"key","parameters":{},"actions":[{"type":"keyDown","value":""},{"type":"pause","duration":10},{"type":"keyUp","value":""}]}]}
COMMAND: POST /session/0483d061f40becc12e3a8004d2d19577/execute/async - {"script":"<script> [1562 bytes]","args":[{"selector":{"id":"application-manageconditionprice-display-component---newCondition--condBaseQty","interaction":{"idSuffix":"inner"}},"wdio_ui5_key":"applicationmanageconditionprice-display-component---newCondition--condBaseQty"}]}
COMMAND: GET /session/0483d061f40becc12e3a8004d2d19577/screenshot - {}
RESULT: {"script":"<script> [1562 bytes]","args":[{"selector":{"id":"application-manageconditionprice-display-component---newCondition--condBaseQty","interaction":{"idSuffix":"inner"}},"wdio_ui5_key":"applicationmanageconditionprice-display-component---newCondition--condBaseQty"}]}
RESULT: undefined
COMMAND: POST /session/0483d061f40becc12e3a8004d2d19577/execute/async - {"script":"<script> [776 bytes]","args":[{"enterText":"1","selector":{"id":"application-manageconditionprice-display-component---newCondition--condBaseQty","interaction":{"idSuffix":"inner"}},"clearTextFirst":true,"interactionType":"ENTER_TEXT"}]}
RESULT: {}
RESULT: {"script":"<script> [776 bytes]","args":[{"enterText":"1","selector":{"id":"application-manageconditionprice-display-component---newCondition--condBaseQty","interaction":{"idSuffix":"inner"}},"clearTextFirst":true,"interactionType":"ENTER_TEXT"}]}
COMMAND: POST /session/0483d061f40becc12e3a8004d2d19577/execute/async - {"script":"<script> [1562 bytes]","args":[{"selector":{"id":"application-manageconditionprice-display-component---newCondition--condValue","interaction":{"idSuffix":"inner"}},"wdio_ui5_key":"applicationmanageconditionprice-display-component---newCondition--condValue"}]}
RESULT: {"script":"<script> [1562 bytes]","args":[{"selector":{"id":"application-manageconditionprice-display-component---newCondition--condValue","interaction":{"idSuffix":"inner"}},"wdio_ui5_key":"applicationmanageconditionprice-display-component---newCondition--condValue"}]}
RESULT: undefined
COMMAND: POST /session/0483d061f40becc12e3a8004d2d19577/execute/async - {"script":"<script> [776 bytes]","args":[{"enterText":"100","selector":{"id":"application-manageconditionprice-display-component---newCondition--condValue","interaction":{"idSuffix":"inner"}},"clearTextFirst":true,"interactionType":"ENTER_TEXT"}]}
RESULT: {"script":"<script> [776 bytes]","args":[{"enterText":"100","selector":{"id":"application-manageconditionprice-display-component---newCondition--condValue","interaction":{"idSuffix":"inner"}},"clearTextFirst":true,"interactionType":"ENTER_TEXT"}]}
COMMAND: POST /session/0483d061f40becc12e3a8004d2d19577/execute/async - {"script":"<script> [1562 bytes]","args":[{"selector":{"id":"application-manageconditionprice-display-component---newCondition--condCurr-arrow"},"wdio_ui5_key":"applicationmanageconditionprice-display-component---newCondition--condCurr-arrow"}]}
RESULT: {"script":"<script> [1562 bytes]","args":[{"selector":{"id":"application-manageconditionprice-display-component---newCondition--condCurr-arrow"},"wdio_ui5_key":"applicationmanageconditionprice-display-component---newCondition--condCurr-arrow"}]}
RESULT: undefined
COMMAND: POST /session/0483d061f40becc12e3a8004d2d19577/element - {"using":"xpath","value":"//*[@id=\"application-manageconditionprice-display-component---newCondition--condCurr-arrow\"]"}
RESULT: {"using":"xpath","value":"//*[@id=\"application-manageconditionprice-display-component---newCondition--condCurr-arrow\"]"}
COMMAND: POST /session/0483d061f40becc12e3a8004d2d19577/element/f.21909E599E196C0494D8E3CC232C3551.d.78FDD9E040F5A1246479B3BC6E72B433.e.5571/click - {}
RESULT: {}
COMMAND: POST /session/0483d061f40becc12e3a8004d2d19577/element - {"using":"xpath","value":"//span[contains(text(), \"Euro\")]"}
COMMAND: GET /session/0483d061f40becc12e3a8004d2d19577/screenshot - {}
RESULT: {"using":"xpath","value":"//span[contains(text(), \"Euro\")]"}
COMMAND: POST /session/0483d061f40becc12e3a8004d2d19577/element/f.21909E599E196C0494D8E3CC232C3551.d.78FDD9E040F5A1246479B3BC6E72B433.e.5647/click - {}
RESULT: {}
RESULT: {}
COMMAND: POST /session/0483d061f40becc12e3a8004d2d19577/element - {"using":"xpath","value":"//button[@data-kt=\"saveButton\"]"}
COMMAND: GET /session/0483d061f40becc12e3a8004d2d19577/screenshot - {}
RESULT: {"using":"xpath","value":"//button[@data-kt=\"saveButton\"]"}
COMMAND: POST /session/0483d061f40becc12e3a8004d2d19577/element/f.21909E599E196C0494D8E3CC232C3551.d.78FDD9E040F5A1246479B3BC6E72B433.e.5572/click - {}
RESULT: {}
RESULT: {}
COMMAND: GET /session/0483d061f40becc12e3a8004d2d19577/screenshot - {}
RESULT: {}
COMMAND: POST /session/0483d061f40becc12e3a8004d2d19577/execute/async - {"script":"<script> [1562 bytes]","args":[{"selector":{"id":"application-manageconditionprice-display-component---conditions--smartFilterBar-btnBasicSearch","interaction":{"idSuffix":"I"}},"wdio_ui5_key":"applicationmanageconditionprice-display-component---conditions--smartFilterBar-btnBasicSearch"}]}
RESULT: {"script":"<script> [1562 bytes]","args":[{"selector":{"id":"application-manageconditionprice-display-component---conditions--smartFilterBar-btnBasicSearch","interaction":{"idSuffix":"I"}},"wdio_ui5_key":"applicationmanageconditionprice-display-component---conditions--smartFilterBar-btnBasicSearch"}]}
RESULT: undefined
COMMAND: POST /session/0483d061f40becc12e3a8004d2d19577/execute/async - {"script":"<script> [776 bytes]","args":[{"enterText":"IxDjMJiKPn","selector":{"id":"application-manageconditionprice-display-component---conditions--smartFilterBar-btnBasicSearch","interaction":{"idSuffix":"I"}},"clearTextFirst":true,"interactionType":"ENTER_TEXT"}]}
RESULT: {"script":"<script> [776 bytes]","args":[{"enterText":"IxDjMJiKPn","selector":{"id":"application-manageconditionprice-display-component---conditions--smartFilterBar-btnBasicSearch","interaction":{"idSuffix":"I"}},"clearTextFirst":true,"interactionType":"ENTER_TEXT"}]}
COMMAND: POST /session/0483d061f40becc12e3a8004d2d19577/actions - {"actions":[{"id":"action15","type":"key","parameters":{},"actions":[{"type":"keyDown","value":""},{"type":"pause","duration":10},{"type":"keyUp","value":""}]}]}
RESULT: {"actions":[{"id":"action15","type":"key","parameters":{},"actions":[{"type":"keyDown","value":""},{"type":"pause","duration":10},{"type":"keyUp","value":""}]}]}
COMMAND: GET /session/0483d061f40becc12e3a8004d2d19577/screenshot - {}
RESULT: {}
COMMAND: POST /session/0483d061f40becc12e3a8004d2d19577/execute/async - {"script":"<script> [1562 bytes]","args":[{"selector":{"id":"application-manageconditionprice-display-component---conditions--smartFilterBar-filterItemControl_BASIC-BILL_TYPES-vhi"},"wdio_ui5_key":"applicationmanageconditionprice-display-component---conditions--smartFilterBar-filterItemControl_BASIC-BILL_TYPES-vhi"}]}
RESULT: {"script":"<script> [1562 bytes]","args":[{"selector":{"id":"application-manageconditionprice-display-component---conditions--smartFilterBar-filterItemControl_BASIC-BILL_TYPES-vhi"},"wdio_ui5_key":"applicationmanageconditionprice-display-component---conditions--smartFilterBar-filterItemControl_BASIC-BILL_TYPES-vhi"}]}
RESULT: undefined
COMMAND: POST /session/0483d061f40becc12e3a8004d2d19577/element - {"using":"xpath","value":"//*[@id=\"application-manageconditionprice-display-component---conditions--smartFilterBar-filterItemControl_BASIC-BILL_TYPES-vhi\"]"}
RESULT: {"using":"xpath","value":"//*[@id=\"application-manageconditionprice-display-component---conditions--smartFilterBar-filterItemControl_BASIC-BILL_TYPES-vhi\"]"}
COMMAND: POST /session/0483d061f40becc12e3a8004d2d19577/element/f.21909E599E196C0494D8E3CC232C3551.d.78FDD9E040F5A1246479B3BC6E72B433.e.5753/click - {}
RESULT: {}
COMMAND: POST /session/0483d061f40becc12e3a8004d2d19577/execute/async - {"script":"<script> [1562 bytes]","args":[{"selector":{"id":"application-manageconditionprice-display-component---conditions--smartFilterBar-filterItemControl_BASIC-BILL_TYPES-valueHelpDialog-smartFilterBar-btnBasicSearch","searchOpenDialogs":true,"interaction":{"idSuffix":"I"}},"wdio_ui5_key":"applicationmanageconditionprice-display-component---conditions--smartFilterBar-filterItemControl_BASIC-BILL_TYPES-valueHelpDialog-smartFilterBar-btnBasicSearch"}]}
COMMAND: GET /session/0483d061f40becc12e3a8004d2d19577/screenshot - {}
RESULT: {"script":"<script> [1562 bytes]","args":[{"selector":{"id":"application-manageconditionprice-display-component---conditions--smartFilterBar-filterItemControl_BASIC-BILL_TYPES-valueHelpDialog-smartFilterBar-btnBasicSearch","searchOpenDialogs":true,"interaction":{"idSuffix":"I"}},"wdio_ui5_key":"applicationmanageconditionprice-display-component---conditions--smartFilterBar-filterItemControl_BASIC-BILL_TYPES-valueHelpDialog-smartFilterBar-btnBasicSearch"}]}
RESULT: undefined
COMMAND: POST /session/0483d061f40becc12e3a8004d2d19577/execute/async - {"script":"<script> [776 bytes]","args":[{"enterText":"TB","selector":{"id":"application-manageconditionprice-display-component---conditions--smartFilterBar-filterItemControl_BASIC-BILL_TYPES-valueHelpDialog-smartFilterBar-btnBasicSearch","searchOpenDialogs":true,"interaction":{"idSuffix":"I"}},"clearTextFirst":true,"interactionType":"ENTER_TEXT"}]}
RESULT: {}
RESULT: {"script":"<script> [776 bytes]","args":[{"enterText":"TB","selector":{"id":"application-manageconditionprice-display-component---conditions--smartFilterBar-filterItemControl_BASIC-BILL_TYPES-valueHelpDialog-smartFilterBar-btnBasicSearch","searchOpenDialogs":true,"interaction":{"idSuffix":"I"}},"clearTextFirst":true,"interactionType":"ENTER_TEXT"}]}
COMMAND: POST /session/0483d061f40becc12e3a8004d2d19577/actions - {"actions":[{"id":"action16","type":"key","parameters":{},"actions":[{"type":"keyDown","value":""},{"type":"pause","duration":10},{"type":"keyUp","value":""}]}]}
RESULT: {"actions":[{"id":"action16","type":"key","parameters":{},"actions":[{"type":"keyDown","value":""},{"type":"pause","duration":10},{"type":"keyUp","value":""}]}]}
COMMAND: GET /session/0483d061f40becc12e3a8004d2d19577/screenshot - {}
RESULT: {}
COMMAND: POST /session/0483d061f40becc12e3a8004d2d19577/element - {"using":"xpath","value":"//div[contains(@id, 'application-manageconditionprice-display-component---conditions--smartFilterBar-filterItemControl_BASIC-BILL_TYPES-valueHelpDialog-table-rowsel0')]"}
RESULT: {"using":"xpath","value":"//div[contains(@id, 'application-manageconditionprice-display-component---conditions--smartFilterBar-filterItemControl_BASIC-BILL_TYPES-valueHelpDialog-table-rowsel0')]"}
COMMAND: POST /session/0483d061f40becc12e3a8004d2d19577/element/f.21909E599E196C0494D8E3CC232C3551.d.78FDD9E040F5A1246479B3BC6E72B433.e.5762/click - {}
RESULT: {}
COMMAND: GET /session/0483d061f40becc12e3a8004d2d19577/screenshot - {}
RESULT: {}
COMMAND: POST /session/0483d061f40becc12e3a8004d2d19577/element - {"using":"xpath","value":"//bdi[contains(text(), \"OK\")]"}
RESULT: {"using":"xpath","value":"//bdi[contains(text(), \"OK\")]"}
COMMAND: POST /session/0483d061f40becc12e3a8004d2d19577/element/f.21909E599E196C0494D8E3CC232C3551.d.78FDD9E040F5A1246479B3BC6E72B433.e.5764/click - {}
RESULT: {}
COMMAND: GET /session/0483d061f40becc12e3a8004d2d19577/screenshot - {}
RESULT: {}
COMMAND: POST /session/0483d061f40becc12e3a8004d2d19577/element - {"using":"xpath","value":"//span[@id=\"application-manageconditionprice-display-component---conditions--smartTable-header-inner\"]"}
RESULT: {"using":"xpath","value":"//span[@id=\"application-manageconditionprice-display-component---conditions--smartTable-header-inner\"]"}
COMMAND: POST /session/0483d061f40becc12e3a8004d2d19577/elements - {"using":"xpath","value":"//span[@id=\"application-manageconditionprice-display-component---conditions--smartTable-header-inner\"]"}
RESULT: {"using":"xpath","value":"//span[@id=\"application-manageconditionprice-display-component---conditions--smartTable-header-inner\"]"}
COMMAND: POST /session/0483d061f40becc12e3a8004d2d19577/execute/sync - {"script":"<script> [56 bytes]","args":[{"element-6066-11e4-a52e-4f735466cecf":"f.21909E599E196C0494D8E3CC232C3551.d.78FDD9E040F5A1246479B3BC6E72B433.e.5767","ELEMENT":"f.21909E599E196C0494D8E3CC232C3551.d.78FDD9E040F5A1246479B3BC6E72B433.e.5767"}]}
RESULT: {"script":"<script> [56 bytes]","args":[{"element-6066-11e4-a52e-4f735466cecf":"f.21909E599E196C0494D8E3CC232C3551.d.78FDD9E040F5A1246479B3BC6E72B433.e.5767","ELEMENT":"f.21909E599E196C0494D8E3CC232C3551.d.78FDD9E040F5A1246479B3BC6E72B433.e.5767"}]}
COMMAND: POST /session/0483d061f40becc12e3a8004d2d19577/element - {"using":"css selector","value":"#shell-header-logo"}
COMMAND: GET /session/0483d061f40becc12e3a8004d2d19577/screenshot - {}
RESULT: {"using":"css selector","value":"#shell-header-logo"}
COMMAND: POST /session/0483d061f40becc12e3a8004d2d19577/element/f.21909E599E196C0494D8E3CC232C3551.d.78FDD9E040F5A1246479B3BC6E72B433.e.5398/click - {}
RESULT: {}
RESULT: {}
COMMAND: GET /session/0483d061f40becc12e3a8004d2d19577/screenshot - {}
RESULT: {}
]]></system-out>
    </testcase>
    <testcase classname="chrome.136_0_7103_93.windows.Billing_Transfer_-_Master_data_&amp;_Intercompany_US127250" name="Should do a stock increase" time="94.65">
      <system-out><![CDATA[
COMMAND: POST /session/0483d061f40becc12e3a8004d2d19577/execute/async - {"script":"<script> [1562 bytes]","args":[{"selector":{"controlType":"sap.m.GenericTile","properties":{"header":"Manage Handovers"}},"wdio_ui5_key":"sapm.GenericTile{\"header\":\"Manage Handovers\"}"}]}
RESULT: {"script":"<script> [1562 bytes]","args":[{"selector":{"controlType":"sap.m.GenericTile","properties":{"header":"Manage Handovers"}},"wdio_ui5_key":"sapm.GenericTile{\"header\":\"Manage Handovers\"}"}]}
RESULT: undefined
COMMAND: POST /session/0483d061f40becc12e3a8004d2d19577/element - {"using":"xpath","value":"//*[@id=\"__tile132\"]"}
RESULT: {"using":"xpath","value":"//*[@id=\"__tile132\"]"}
COMMAND: POST /session/0483d061f40becc12e3a8004d2d19577/element/f.21909E599E196C0494D8E3CC232C3551.d.78FDD9E040F5A1246479B3BC6E72B433.e.2213/click - {}
RESULT: {}
COMMAND: GET /session/0483d061f40becc12e3a8004d2d19577/screenshot - {}
RESULT: {}
COMMAND: POST /session/0483d061f40becc12e3a8004d2d19577/elements - {"using":"xpath","value":"//span[text()='Error']"}
RESULT: {"using":"xpath","value":"//span[text()='Error']"}
COMMAND: POST /session/0483d061f40becc12e3a8004d2d19577/element - {"using":"xpath","value":"//button[@data-kt=\"masterHOAddButton\"]"}
RESULT: {"using":"xpath","value":"//button[@data-kt=\"masterHOAddButton\"]"}
COMMAND: POST /session/0483d061f40becc12e3a8004d2d19577/elements - {"using":"xpath","value":"//button[@data-kt=\"masterHOAddButton\"]"}
RESULT: {"using":"xpath","value":"//button[@data-kt=\"masterHOAddButton\"]"}
COMMAND: POST /session/0483d061f40becc12e3a8004d2d19577/execute/sync - {"script":"<script> [8489 bytes]","args":[{"element-6066-11e4-a52e-4f735466cecf":"f.21909E599E196C0494D8E3CC232C3551.d.78FDD9E040F5A1246479B3BC6E72B433.e.5811","ELEMENT":"f.21909E599E196C0494D8E3CC232C3551.d.78FDD9E040F5A1246479B3BC6E72B433.e.5811"}]}
RESULT: {"script":"<script> [8489 bytes]","args":[{"element-6066-11e4-a52e-4f735466cecf":"f.21909E599E196C0494D8E3CC232C3551.d.78FDD9E040F5A1246479B3BC6E72B433.e.5811","ELEMENT":"f.21909E599E196C0494D8E3CC232C3551.d.78FDD9E040F5A1246479B3BC6E72B433.e.5811"}]}
COMMAND: GET /session/0483d061f40becc12e3a8004d2d19577/element/f.21909E599E196C0494D8E3CC232C3551.d.78FDD9E040F5A1246479B3BC6E72B433.e.5811/enabled - {}
COMMAND: GET /session/0483d061f40becc12e3a8004d2d19577/screenshot - {}
RESULT: {}
COMMAND: POST /session/0483d061f40becc12e3a8004d2d19577/execute/sync - {"script":"<script> [8489 bytes]","args":[{"element-6066-11e4-a52e-4f735466cecf":"f.21909E599E196C0494D8E3CC232C3551.d.78FDD9E040F5A1246479B3BC6E72B433.e.5811","ELEMENT":"f.21909E599E196C0494D8E3CC232C3551.d.78FDD9E040F5A1246479B3BC6E72B433.e.5811"}]}
COMMAND: GET /session/0483d061f40becc12e3a8004d2d19577/screenshot - {}
RESULT: {}
RESULT: {"script":"<script> [8489 bytes]","args":[{"element-6066-11e4-a52e-4f735466cecf":"f.21909E599E196C0494D8E3CC232C3551.d.78FDD9E040F5A1246479B3BC6E72B433.e.5811","ELEMENT":"f.21909E599E196C0494D8E3CC232C3551.d.78FDD9E040F5A1246479B3BC6E72B433.e.5811"}]}
COMMAND: POST /session/0483d061f40becc12e3a8004d2d19577/execute/sync - {"script":"<script> [5351 bytes]","args":[{"element-6066-11e4-a52e-4f735466cecf":"f.21909E599E196C0494D8E3CC232C3551.d.78FDD9E040F5A1246479B3BC6E72B433.e.5811","ELEMENT":"f.21909E599E196C0494D8E3CC232C3551.d.78FDD9E040F5A1246479B3BC6E72B433.e.5811"}]}
COMMAND: GET /session/0483d061f40becc12e3a8004d2d19577/screenshot - {}
RESULT: {}
RESULT: {"script":"<script> [5351 bytes]","args":[{"element-6066-11e4-a52e-4f735466cecf":"f.21909E599E196C0494D8E3CC232C3551.d.78FDD9E040F5A1246479B3BC6E72B433.e.5811","ELEMENT":"f.21909E599E196C0494D8E3CC232C3551.d.78FDD9E040F5A1246479B3BC6E72B433.e.5811"}]}
COMMAND: POST /session/0483d061f40becc12e3a8004d2d19577/element/f.21909E599E196C0494D8E3CC232C3551.d.78FDD9E040F5A1246479B3BC6E72B433.e.5811/click - {}
COMMAND: GET /session/0483d061f40becc12e3a8004d2d19577/screenshot - {}
RESULT: {}
RESULT: {}
COMMAND: GET /session/0483d061f40becc12e3a8004d2d19577/screenshot - {}
RESULT: {}
COMMAND: POST /session/0483d061f40becc12e3a8004d2d19577/element - {"using":"xpath","value":"//span[contains(@id ,\"AddNewHO--typeSelect-arrow\")]"}
RESULT: {}
RESULT: {"using":"xpath","value":"//span[contains(@id ,\"AddNewHO--typeSelect-arrow\")]"}
COMMAND: POST /session/0483d061f40becc12e3a8004d2d19577/element/f.21909E599E196C0494D8E3CC232C3551.d.78FDD9E040F5A1246479B3BC6E72B433.e.6149/click - {}
RESULT: {}
COMMAND: GET /session/0483d061f40becc12e3a8004d2d19577/screenshot - {}
RESULT: {}
COMMAND: POST /session/0483d061f40becc12e3a8004d2d19577/element - {"using":"xpath","value":"(//li[contains(text(), \"stock increase yard\")])[1]"}
RESULT: {"using":"xpath","value":"(//li[contains(text(), \"stock increase yard\")])[1]"}
COMMAND: POST /session/0483d061f40becc12e3a8004d2d19577/element/f.21909E599E196C0494D8E3CC232C3551.d.78FDD9E040F5A1246479B3BC6E72B433.e.6150/click - {}
RESULT: {}
COMMAND: GET /session/0483d061f40becc12e3a8004d2d19577/screenshot - {}
RESULT: {}
COMMAND: POST /session/0483d061f40becc12e3a8004d2d19577/execute/async - {"script":"<script> [1562 bytes]","args":[{"selector":{"id":"application-managehandovers-display-component---AddNewHO--dueDate","interaction":{"idSuffix":"inner"}},"wdio_ui5_key":"applicationmanagehandovers-display-component---AddNewHO--dueDate"}]}
RESULT: {"script":"<script> [1562 bytes]","args":[{"selector":{"id":"application-managehandovers-display-component---AddNewHO--dueDate","interaction":{"idSuffix":"inner"}},"wdio_ui5_key":"applicationmanagehandovers-display-component---AddNewHO--dueDate"}]}
RESULT: undefined
COMMAND: POST /session/0483d061f40becc12e3a8004d2d19577/execute/async - {"script":"<script> [6424 bytes]","args":[{"element-6066-11e4-a52e-4f735466cecf":"f.21909E599E196C0494D8E3CC232C3551.d.78FDD9E040F5A1246479B3BC6E72B433.e.6154"},"setValue",["5/29/25"]]}
RESULT: {"script":"<script> [6424 bytes]","args":[{"element-6066-11e4-a52e-4f735466cecf":"f.21909E599E196C0494D8E3CC232C3551.d.78FDD9E040F5A1246479B3BC6E72B433.e.6154"},"setValue",["5/29/25"]]}
COMMAND: POST /session/0483d061f40becc12e3a8004d2d19577/element - {"using":"xpath","value":"//input[@id=\"generalSectionFrg--receiveYard-inner\"]"}
RESULT: {"using":"xpath","value":"//input[@id=\"generalSectionFrg--receiveYard-inner\"]"}
COMMAND: POST /session/0483d061f40becc12e3a8004d2d19577/element/f.21909E599E196C0494D8E3CC232C3551.d.78FDD9E040F5A1246479B3BC6E72B433.e.6160/clear - {}
RESULT: {}
COMMAND: POST /session/0483d061f40becc12e3a8004d2d19577/element/f.21909E599E196C0494D8E3CC232C3551.d.78FDD9E040F5A1246479B3BC6E72B433.e.6160/value - {"text":"470"}
COMMAND: GET /session/0483d061f40becc12e3a8004d2d19577/screenshot - {}
RESULT: {"text":"470"}
COMMAND: GET /session/0483d061f40becc12e3a8004d2d19577/screenshot - {}
RESULT: {}
RESULT: {}
COMMAND: POST /session/0483d061f40becc12e3a8004d2d19577/element - {"using":"xpath","value":"//li[.//span[contains(text(),'470')]]"}
RESULT: {"using":"xpath","value":"//li[.//span[contains(text(),'470')]]"}
COMMAND: POST /session/0483d061f40becc12e3a8004d2d19577/element/f.21909E599E196C0494D8E3CC232C3551.d.78FDD9E040F5A1246479B3BC6E72B433.e.6174/click - {}
RESULT: {}
COMMAND: GET /session/0483d061f40becc12e3a8004d2d19577/screenshot - {}
RESULT: {}
COMMAND: POST /session/0483d061f40becc12e3a8004d2d19577/execute/async - {"script":"<script> [1562 bytes]","args":[{"selector":{"id":"application-managehandovers-display-component---AddNewHO--ObjectPageLayout-anchBar-application-managehandovers-display-component---AddNewHO--section4-anchor","interaction":{"idSuffix":"BDI-content"}},"wdio_ui5_key":"applicationmanagehandovers-display-component---AddNewHO--ObjectPageLayout-anchBar-application-managehandovers-display-component---AddNewHO--section4-anchor"}]}
RESULT: {"script":"<script> [1562 bytes]","args":[{"selector":{"id":"application-managehandovers-display-component---AddNewHO--ObjectPageLayout-anchBar-application-managehandovers-display-component---AddNewHO--section4-anchor","interaction":{"idSuffix":"BDI-content"}},"wdio_ui5_key":"applicationmanagehandovers-display-component---AddNewHO--ObjectPageLayout-anchBar-application-managehandovers-display-component---AddNewHO--section4-anchor"}]}
RESULT: undefined
COMMAND: POST /session/0483d061f40becc12e3a8004d2d19577/element - {"using":"xpath","value":"//*[@id=\"application-managehandovers-display-component---AddNewHO--ObjectPageLayout-anchBar-application-managehandovers-display-component---AddNewHO--section4-anchor\"]"}
RESULT: {"using":"xpath","value":"//*[@id=\"application-managehandovers-display-component---AddNewHO--ObjectPageLayout-anchBar-application-managehandovers-display-component---AddNewHO--section4-anchor\"]"}
COMMAND: POST /session/0483d061f40becc12e3a8004d2d19577/element/f.21909E599E196C0494D8E3CC232C3551.d.78FDD9E040F5A1246479B3BC6E72B433.e.6176/click - {}
RESULT: {}
COMMAND: POST /session/0483d061f40becc12e3a8004d2d19577/element - {"using":"xpath","value":"//button[@aria-label=\"Add\"]"}
COMMAND: GET /session/0483d061f40becc12e3a8004d2d19577/screenshot - {}
RESULT: {"using":"xpath","value":"//button[@aria-label=\"Add\"]"}
COMMAND: POST /session/0483d061f40becc12e3a8004d2d19577/element/f.21909E599E196C0494D8E3CC232C3551.d.78FDD9E040F5A1246479B3BC6E72B433.e.6178/click - {}
RESULT: {}
RESULT: {}
COMMAND: GET /session/0483d061f40becc12e3a8004d2d19577/screenshot - {}
RESULT: {}
COMMAND: POST /session/0483d061f40becc12e3a8004d2d19577/execute/async - {"script":"<script> [1562 bytes]","args":[{"selector":{"id":"application-managehandovers-display-component---AddNewHO--smartFilterBar-btnBasicSearch","searchOpenDialogs":true,"interaction":{"idSuffix":"I"}},"wdio_ui5_key":"applicationmanagehandovers-display-component---AddNewHO--smartFilterBar-btnBasicSearch"}]}
RESULT: {"script":"<script> [1562 bytes]","args":[{"selector":{"id":"application-managehandovers-display-component---AddNewHO--smartFilterBar-btnBasicSearch","searchOpenDialogs":true,"interaction":{"idSuffix":"I"}},"wdio_ui5_key":"applicationmanagehandovers-display-component---AddNewHO--smartFilterBar-btnBasicSearch"}]}
RESULT: undefined
COMMAND: POST /session/0483d061f40becc12e3a8004d2d19577/execute/async - {"script":"<script> [776 bytes]","args":[{"enterText":"IxDjMJiKPn","selector":{"id":"application-managehandovers-display-component---AddNewHO--smartFilterBar-btnBasicSearch","searchOpenDialogs":true,"interaction":{"idSuffix":"I"}},"clearTextFirst":true,"interactionType":"ENTER_TEXT"}]}
RESULT: {"script":"<script> [776 bytes]","args":[{"enterText":"IxDjMJiKPn","selector":{"id":"application-managehandovers-display-component---AddNewHO--smartFilterBar-btnBasicSearch","searchOpenDialogs":true,"interaction":{"idSuffix":"I"}},"clearTextFirst":true,"interactionType":"ENTER_TEXT"}]}
COMMAND: POST /session/0483d061f40becc12e3a8004d2d19577/actions - {"actions":[{"id":"action17","type":"key","parameters":{},"actions":[{"type":"keyDown","value":""},{"type":"pause","duration":10},{"type":"keyUp","value":""}]}]}
RESULT: {"actions":[{"id":"action17","type":"key","parameters":{},"actions":[{"type":"keyDown","value":""},{"type":"pause","duration":10},{"type":"keyUp","value":""}]}]}
COMMAND: GET /session/0483d061f40becc12e3a8004d2d19577/screenshot - {}
RESULT: {}
COMMAND: POST /session/0483d061f40becc12e3a8004d2d19577/execute/async - {"script":"<script> [1562 bytes]","args":[{"selector":{"id":"application-managehandovers-display-component---AddNewHO--popup-sa","searchOpenDialogs":true,"interaction":{"idSuffix":"CbBg"}},"wdio_ui5_key":"applicationmanagehandovers-display-component---AddNewHO--popup-sa"}]}
RESULT: {"script":"<script> [1562 bytes]","args":[{"selector":{"id":"application-managehandovers-display-component---AddNewHO--popup-sa","searchOpenDialogs":true,"interaction":{"idSuffix":"CbBg"}},"wdio_ui5_key":"applicationmanagehandovers-display-component---AddNewHO--popup-sa"}]}
RESULT: undefined
COMMAND: POST /session/0483d061f40becc12e3a8004d2d19577/element - {"using":"xpath","value":"//*[@id=\"application-managehandovers-display-component---AddNewHO--popup-sa\"]"}
RESULT: {"using":"xpath","value":"//*[@id=\"application-managehandovers-display-component---AddNewHO--popup-sa\"]"}
COMMAND: POST /session/0483d061f40becc12e3a8004d2d19577/element/f.21909E599E196C0494D8E3CC232C3551.d.78FDD9E040F5A1246479B3BC6E72B433.e.6332/click - {}
RESULT: {}
COMMAND: GET /session/0483d061f40becc12e3a8004d2d19577/screenshot - {}
RESULT: {}
COMMAND: POST /session/0483d061f40becc12e3a8004d2d19577/element - {"using":"xpath","value":"//bdi[contains(text(), \"Select\")]"}
RESULT: {"using":"xpath","value":"//bdi[contains(text(), \"Select\")]"}
COMMAND: POST /session/0483d061f40becc12e3a8004d2d19577/element/f.21909E599E196C0494D8E3CC232C3551.d.78FDD9E040F5A1246479B3BC6E72B433.e.6333/click - {}
RESULT: {}
COMMAND: GET /session/0483d061f40becc12e3a8004d2d19577/screenshot - {}
RESULT: {}
COMMAND: POST /session/0483d061f40becc12e3a8004d2d19577/element - {"using":"xpath","value":"//button[@data-kt=\"AddNewHOSaveButton\"]"}
RESULT: {"using":"xpath","value":"//button[@data-kt=\"AddNewHOSaveButton\"]"}
COMMAND: POST /session/0483d061f40becc12e3a8004d2d19577/element/f.21909E599E196C0494D8E3CC232C3551.d.78FDD9E040F5A1246479B3BC6E72B433.e.6337/click - {}
RESULT: {}
COMMAND: GET /session/0483d061f40becc12e3a8004d2d19577/screenshot - {}
RESULT: {}
COMMAND: POST /session/0483d061f40becc12e3a8004d2d19577/execute/async - {"script":"<script> [1562 bytes]","args":[{"selector":{"id":"receiptDatePicker","viewName":"etm.portal.ui.managehandovers.view.DetailExecuteHO","interaction":{"idSuffix":"inner"}},"wdio_ui5_key":"receiptDatePickeretmportal.ui.managehandovers.view.DetailExecuteHO"}]}
RESULT: {"script":"<script> [1562 bytes]","args":[{"selector":{"id":"receiptDatePicker","viewName":"etm.portal.ui.managehandovers.view.DetailExecuteHO","interaction":{"idSuffix":"inner"}},"wdio_ui5_key":"receiptDatePickeretmportal.ui.managehandovers.view.DetailExecuteHO"}]}
RESULT: undefined
COMMAND: POST /session/0483d061f40becc12e3a8004d2d19577/execute/async - {"script":"<script> [6424 bytes]","args":[{"element-6066-11e4-a52e-4f735466cecf":"f.21909E599E196C0494D8E3CC232C3551.d.78FDD9E040F5A1246479B3BC6E72B433.e.6367"},"setValue",["5/29/25"]]}
RESULT: {"script":"<script> [6424 bytes]","args":[{"element-6066-11e4-a52e-4f735466cecf":"f.21909E599E196C0494D8E3CC232C3551.d.78FDD9E040F5A1246479B3BC6E72B433.e.6367"},"setValue",["5/29/25"]]}
COMMAND: POST /session/0483d061f40becc12e3a8004d2d19577/element - {"using":"xpath","value":"//button[@data-kt=\"ReceivingTableConfirmAllButton\"]"}
RESULT: {"using":"xpath","value":"//button[@data-kt=\"ReceivingTableConfirmAllButton\"]"}
COMMAND: POST /session/0483d061f40becc12e3a8004d2d19577/element/f.21909E599E196C0494D8E3CC232C3551.d.78FDD9E040F5A1246479B3BC6E72B433.e.6383/click - {}
RESULT: {}
COMMAND: GET /session/0483d061f40becc12e3a8004d2d19577/screenshot - {}
RESULT: {}
COMMAND: POST /session/0483d061f40becc12e3a8004d2d19577/element - {"using":"xpath","value":"//bdi[contains(text(), \"OK\")]"}
RESULT: {"using":"xpath","value":"//bdi[contains(text(), \"OK\")]"}
COMMAND: POST /session/0483d061f40becc12e3a8004d2d19577/element/f.21909E599E196C0494D8E3CC232C3551.d.78FDD9E040F5A1246479B3BC6E72B433.e.6385/click - {}
RESULT: {}
COMMAND: GET /session/0483d061f40becc12e3a8004d2d19577/screenshot - {}
RESULT: {}
COMMAND: POST /session/0483d061f40becc12e3a8004d2d19577/element - {"using":"xpath","value":"(//bdi[contains(text(), \"Receive\")])[2]"}
RESULT: {"using":"xpath","value":"(//bdi[contains(text(), \"Receive\")])[2]"}
COMMAND: POST /session/0483d061f40becc12e3a8004d2d19577/element/f.21909E599E196C0494D8E3CC232C3551.d.78FDD9E040F5A1246479B3BC6E72B433.e.6387/click - {}
RESULT: {}
COMMAND: GET /session/0483d061f40becc12e3a8004d2d19577/screenshot - {}
RESULT: {}
COMMAND: POST /session/0483d061f40becc12e3a8004d2d19577/element - {"using":"css selector","value":"#shell-header-logo"}
RESULT: {"using":"css selector","value":"#shell-header-logo"}
COMMAND: POST /session/0483d061f40becc12e3a8004d2d19577/element/f.21909E599E196C0494D8E3CC232C3551.d.78FDD9E040F5A1246479B3BC6E72B433.e.5774/click - {}
RESULT: {}
COMMAND: GET /session/0483d061f40becc12e3a8004d2d19577/screenshot - {}
RESULT: {}
]]></system-out>
    </testcase>
    <testcase classname="chrome.136_0_7103_93.windows.Billing_Transfer_-_Master_data_&amp;_Intercompany_US127250" name="Should create a new contract" time="63.395">
      <system-out><![CDATA[
COMMAND: POST /session/0483d061f40becc12e3a8004d2d19577/execute/async - {"script":"<script> [1562 bytes]","args":[{"selector":{"controlType":"sap.m.GenericTile","properties":{"header":"Manage Contracts"}},"wdio_ui5_key":"sapm.GenericTile{\"header\":\"Manage Contracts\"}"}]}
RESULT: {"script":"<script> [1562 bytes]","args":[{"selector":{"controlType":"sap.m.GenericTile","properties":{"header":"Manage Contracts"}},"wdio_ui5_key":"sapm.GenericTile{\"header\":\"Manage Contracts\"}"}]}
RESULT: undefined
COMMAND: POST /session/0483d061f40becc12e3a8004d2d19577/element - {"using":"xpath","value":"//*[@id=\"__tile131\"]"}
RESULT: {"using":"xpath","value":"//*[@id=\"__tile131\"]"}
COMMAND: POST /session/0483d061f40becc12e3a8004d2d19577/element/f.21909E599E196C0494D8E3CC232C3551.d.78FDD9E040F5A1246479B3BC6E72B433.e.2142/click - {}
RESULT: {}
COMMAND: GET /session/0483d061f40becc12e3a8004d2d19577/screenshot - {}
RESULT: {}
COMMAND: POST /session/0483d061f40becc12e3a8004d2d19577/elements - {"using":"xpath","value":"//span[text()='Error']"}
RESULT: {"using":"xpath","value":"//span[text()='Error']"}
COMMAND: POST /session/0483d061f40becc12e3a8004d2d19577/element - {"using":"xpath","value":"//button[@data-kt=\"addButton\"]"}
RESULT: {"using":"xpath","value":"//button[@data-kt=\"addButton\"]"}
COMMAND: POST /session/0483d061f40becc12e3a8004d2d19577/elements - {"using":"xpath","value":"//button[@data-kt=\"addButton\"]"}
RESULT: {"using":"xpath","value":"//button[@data-kt=\"addButton\"]"}
COMMAND: POST /session/0483d061f40becc12e3a8004d2d19577/execute/sync - {"script":"<script> [8489 bytes]","args":[{"element-6066-11e4-a52e-4f735466cecf":"f.21909E599E196C0494D8E3CC232C3551.d.78FDD9E040F5A1246479B3BC6E72B433.e.6605","ELEMENT":"f.21909E599E196C0494D8E3CC232C3551.d.78FDD9E040F5A1246479B3BC6E72B433.e.6605"}]}
RESULT: {"script":"<script> [8489 bytes]","args":[{"element-6066-11e4-a52e-4f735466cecf":"f.21909E599E196C0494D8E3CC232C3551.d.78FDD9E040F5A1246479B3BC6E72B433.e.6605","ELEMENT":"f.21909E599E196C0494D8E3CC232C3551.d.78FDD9E040F5A1246479B3BC6E72B433.e.6605"}]}
COMMAND: GET /session/0483d061f40becc12e3a8004d2d19577/element/f.21909E599E196C0494D8E3CC232C3551.d.78FDD9E040F5A1246479B3BC6E72B433.e.6605/enabled - {}
COMMAND: GET /session/0483d061f40becc12e3a8004d2d19577/screenshot - {}
RESULT: {}
COMMAND: POST /session/0483d061f40becc12e3a8004d2d19577/execute/sync - {"script":"<script> [8489 bytes]","args":[{"element-6066-11e4-a52e-4f735466cecf":"f.21909E599E196C0494D8E3CC232C3551.d.78FDD9E040F5A1246479B3BC6E72B433.e.6605","ELEMENT":"f.21909E599E196C0494D8E3CC232C3551.d.78FDD9E040F5A1246479B3BC6E72B433.e.6605"}]}
COMMAND: GET /session/0483d061f40becc12e3a8004d2d19577/screenshot - {}
RESULT: {}
RESULT: {"script":"<script> [8489 bytes]","args":[{"element-6066-11e4-a52e-4f735466cecf":"f.21909E599E196C0494D8E3CC232C3551.d.78FDD9E040F5A1246479B3BC6E72B433.e.6605","ELEMENT":"f.21909E599E196C0494D8E3CC232C3551.d.78FDD9E040F5A1246479B3BC6E72B433.e.6605"}]}
COMMAND: POST /session/0483d061f40becc12e3a8004d2d19577/execute/sync - {"script":"<script> [5351 bytes]","args":[{"element-6066-11e4-a52e-4f735466cecf":"f.21909E599E196C0494D8E3CC232C3551.d.78FDD9E040F5A1246479B3BC6E72B433.e.6605","ELEMENT":"f.21909E599E196C0494D8E3CC232C3551.d.78FDD9E040F5A1246479B3BC6E72B433.e.6605"}]}
COMMAND: GET /session/0483d061f40becc12e3a8004d2d19577/screenshot - {}
RESULT: {}
RESULT: {"script":"<script> [5351 bytes]","args":[{"element-6066-11e4-a52e-4f735466cecf":"f.21909E599E196C0494D8E3CC232C3551.d.78FDD9E040F5A1246479B3BC6E72B433.e.6605","ELEMENT":"f.21909E599E196C0494D8E3CC232C3551.d.78FDD9E040F5A1246479B3BC6E72B433.e.6605"}]}
COMMAND: GET /session/0483d061f40becc12e3a8004d2d19577/screenshot - {}
RESULT: {}
RESULT: {}
COMMAND: POST /session/0483d061f40becc12e3a8004d2d19577/element/f.21909E599E196C0494D8E3CC232C3551.d.78FDD9E040F5A1246479B3BC6E72B433.e.6605/click - {}
RESULT: {}
COMMAND: GET /session/0483d061f40becc12e3a8004d2d19577/screenshot - {}
COMMAND: POST /session/0483d061f40becc12e3a8004d2d19577/execute/async - {"script":"<script> [1562 bytes]","args":[{"selector":{"id":"application-managecontracts-display-component---AddNewContract--projectDescription","interaction":{"idSuffix":"inner"}},"wdio_ui5_key":"applicationmanagecontracts-display-component---AddNewContract--projectDescription"}]}
RESULT: {}
RESULT: {"script":"<script> [1562 bytes]","args":[{"selector":{"id":"application-managecontracts-display-component---AddNewContract--projectDescription","interaction":{"idSuffix":"inner"}},"wdio_ui5_key":"applicationmanagecontracts-display-component---AddNewContract--projectDescription"}]}
RESULT: undefined
COMMAND: POST /session/0483d061f40becc12e3a8004d2d19577/execute/async - {"script":"<script> [776 bytes]","args":[{"enterText":"Intercompany Contract WDIO","selector":{"id":"application-managecontracts-display-component---AddNewContract--projectDescription","interaction":{"idSuffix":"inner"}},"clearTextFirst":true,"interactionType":"ENTER_TEXT"}]}
RESULT: {"script":"<script> [776 bytes]","args":[{"enterText":"Intercompany Contract WDIO","selector":{"id":"application-managecontracts-display-component---AddNewContract--projectDescription","interaction":{"idSuffix":"inner"}},"clearTextFirst":true,"interactionType":"ENTER_TEXT"}]}
COMMAND: POST /session/0483d061f40becc12e3a8004d2d19577/element - {"using":"xpath","value":"//input[@id=\"application-managecontracts-display-component---AddNewContract--site-inner\"]"}
RESULT: {"using":"xpath","value":"//input[@id=\"application-managecontracts-display-component---AddNewContract--site-inner\"]"}
COMMAND: POST /session/0483d061f40becc12e3a8004d2d19577/element/f.21909E599E196C0494D8E3CC232C3551.d.78FDD9E040F5A1246479B3BC6E72B433.e.6914/clear - {}
RESULT: {}
COMMAND: POST /session/0483d061f40becc12e3a8004d2d19577/element/f.21909E599E196C0494D8E3CC232C3551.d.78FDD9E040F5A1246479B3BC6E72B433.e.6914/value - {"text":"2242"}
COMMAND: GET /session/0483d061f40becc12e3a8004d2d19577/screenshot - {}
RESULT: {"text":"2242"}
COMMAND: GET /session/0483d061f40becc12e3a8004d2d19577/screenshot - {}
RESULT: {}
RESULT: {}
COMMAND: POST /session/0483d061f40becc12e3a8004d2d19577/element - {"using":"xpath","value":"//li[.//span[text()='2242']]"}
RESULT: {"using":"xpath","value":"//li[.//span[text()='2242']]"}
COMMAND: POST /session/0483d061f40becc12e3a8004d2d19577/element/f.21909E599E196C0494D8E3CC232C3551.d.78FDD9E040F5A1246479B3BC6E72B433.e.6997/click - {}
RESULT: {}
COMMAND: GET /session/0483d061f40becc12e3a8004d2d19577/screenshot - {}
RESULT: {}
COMMAND: POST /session/0483d061f40becc12e3a8004d2d19577/element - {"using":"xpath","value":"//input[@id=\"application-managecontracts-display-component---AddNewContract--yardId-inner\"]"}
RESULT: {"using":"xpath","value":"//input[@id=\"application-managecontracts-display-component---AddNewContract--yardId-inner\"]"}
COMMAND: GET /session/0483d061f40becc12e3a8004d2d19577/element/f.21909E599E196C0494D8E3CC232C3551.d.78FDD9E040F5A1246479B3BC6E72B433.e.6915/property/value - {}
RESULT: {}
COMMAND: POST /session/0483d061f40becc12e3a8004d2d19577/element - {"using":"xpath","value":"//input[@id=\"application-managecontracts-display-component---AddNewContract--customerSelect-inner\"]"}
COMMAND: GET /session/0483d061f40becc12e3a8004d2d19577/screenshot - {}
RESULT: {"using":"xpath","value":"//input[@id=\"application-managecontracts-display-component---AddNewContract--customerSelect-inner\"]"}
COMMAND: POST /session/0483d061f40becc12e3a8004d2d19577/element/f.21909E599E196C0494D8E3CC232C3551.d.78FDD9E040F5A1246479B3BC6E72B433.e.6913/clear - {}
RESULT: {}
RESULT: {}
COMMAND: POST /session/0483d061f40becc12e3a8004d2d19577/element/f.21909E599E196C0494D8E3CC232C3551.d.78FDD9E040F5A1246479B3BC6E72B433.e.6913/value - {"text":"1276"}
COMMAND: GET /session/0483d061f40becc12e3a8004d2d19577/screenshot - {}
RESULT: {"text":"1276"}
COMMAND: GET /session/0483d061f40becc12e3a8004d2d19577/screenshot - {}
RESULT: {}
RESULT: {}
COMMAND: POST /session/0483d061f40becc12e3a8004d2d19577/element - {"using":"xpath","value":"//li[.//span[text()='1276']]"}
RESULT: {"using":"xpath","value":"//li[.//span[text()='1276']]"}
COMMAND: POST /session/0483d061f40becc12e3a8004d2d19577/element/f.21909E599E196C0494D8E3CC232C3551.d.78FDD9E040F5A1246479B3BC6E72B433.e.7000/click - {}
RESULT: {}
COMMAND: GET /session/0483d061f40becc12e3a8004d2d19577/screenshot - {}
RESULT: {}
COMMAND: POST /session/0483d061f40becc12e3a8004d2d19577/element - {"using":"xpath","value":"//button[@data-kt=\"saveButton\"]"}
RESULT: {"using":"xpath","value":"//button[@data-kt=\"saveButton\"]"}
COMMAND: POST /session/0483d061f40becc12e3a8004d2d19577/element/f.21909E599E196C0494D8E3CC232C3551.d.78FDD9E040F5A1246479B3BC6E72B433.e.6990/click - {}
RESULT: {}
COMMAND: GET /session/0483d061f40becc12e3a8004d2d19577/screenshot - {}
RESULT: {}
COMMAND: POST /session/0483d061f40becc12e3a8004d2d19577/element - {"using":"xpath","value":"//span[contains(@id ,\"contractDetailTitleNoExpanded\")]"}
RESULT: {"using":"xpath","value":"//span[contains(@id ,\"contractDetailTitleNoExpanded\")]"}
COMMAND: POST /session/0483d061f40becc12e3a8004d2d19577/elements - {"using":"xpath","value":"//span[contains(@id ,\"contractDetailTitleNoExpanded\")]"}
RESULT: {"using":"xpath","value":"//span[contains(@id ,\"contractDetailTitleNoExpanded\")]"}
COMMAND: POST /session/0483d061f40becc12e3a8004d2d19577/execute/sync - {"script":"<script> [56 bytes]","args":[{"element-6066-11e4-a52e-4f735466cecf":"f.21909E599E196C0494D8E3CC232C3551.d.78FDD9E040F5A1246479B3BC6E72B433.e.7069","ELEMENT":"f.21909E599E196C0494D8E3CC232C3551.d.78FDD9E040F5A1246479B3BC6E72B433.e.7069"}]}
RESULT: {"script":"<script> [56 bytes]","args":[{"element-6066-11e4-a52e-4f735466cecf":"f.21909E599E196C0494D8E3CC232C3551.d.78FDD9E040F5A1246479B3BC6E72B433.e.7069","ELEMENT":"f.21909E599E196C0494D8E3CC232C3551.d.78FDD9E040F5A1246479B3BC6E72B433.e.7069"}]}
COMMAND: GET /session/0483d061f40becc12e3a8004d2d19577/screenshot - {}
RESULT: {}
]]></system-out>
    </testcase>
    <testcase classname="chrome.136_0_7103_93.windows.Billing_Transfer_-_Master_data_&amp;_Intercompany_US127250" name="Should add equipment to the contract" time="46.195">
      <system-out><![CDATA[
COMMAND: POST /session/0483d061f40becc12e3a8004d2d19577/element - {"using":"xpath","value":"//button[@data-kt=\"contractDetailEditBtnButton\"]"}
RESULT: {"using":"xpath","value":"//button[@data-kt=\"contractDetailEditBtnButton\"]"}
COMMAND: POST /session/0483d061f40becc12e3a8004d2d19577/element/f.21909E599E196C0494D8E3CC232C3551.d.78FDD9E040F5A1246479B3BC6E72B433.e.7072/click - {}
RESULT: {}
COMMAND: GET /session/0483d061f40becc12e3a8004d2d19577/screenshot - {}
RESULT: {}
COMMAND: POST /session/0483d061f40becc12e3a8004d2d19577/element - {"using":"xpath","value":"(//span[contains(text(), \"Additional Addresses\")])[2]"}
RESULT: {"using":"xpath","value":"(//span[contains(text(), \"Additional Addresses\")])[2]"}
COMMAND: POST /session/0483d061f40becc12e3a8004d2d19577/element/f.21909E599E196C0494D8E3CC232C3551.d.78FDD9E040F5A1246479B3BC6E72B433.e.7129/click - {}
RESULT: {}
COMMAND: GET /session/0483d061f40becc12e3a8004d2d19577/screenshot - {}
RESULT: {}
COMMAND: POST /session/0483d061f40becc12e3a8004d2d19577/element - {"using":"xpath","value":"//button[@data-kt=\"btnAddTableRowOverflowToolbarButton\"]"}
RESULT: {"using":"xpath","value":"//button[@data-kt=\"btnAddTableRowOverflowToolbarButton\"]"}
COMMAND: POST /session/0483d061f40becc12e3a8004d2d19577/element/f.21909E599E196C0494D8E3CC232C3551.d.78FDD9E040F5A1246479B3BC6E72B433.e.7131/click - {}
RESULT: {}
COMMAND: GET /session/0483d061f40becc12e3a8004d2d19577/screenshot - {}
RESULT: {}
COMMAND: POST /session/0483d061f40becc12e3a8004d2d19577/element - {"using":"xpath","value":"//div[(text() = 'Standard Entry' or . = 'Standard Entry')]"}
RESULT: {"using":"xpath","value":"//div[(text() = 'Standard Entry' or . = 'Standard Entry')]"}
COMMAND: POST /session/0483d061f40becc12e3a8004d2d19577/element/f.21909E599E196C0494D8E3CC232C3551.d.78FDD9E040F5A1246479B3BC6E72B433.e.7133/click - {}
RESULT: {}
COMMAND: GET /session/0483d061f40becc12e3a8004d2d19577/screenshot - {}
RESULT: {}
COMMAND: POST /session/0483d061f40becc12e3a8004d2d19577/element - {"using":"xpath","value":"//td[7]/div/div/input"}
RESULT: {"using":"xpath","value":"//td[7]/div/div/input"}
COMMAND: POST /session/0483d061f40becc12e3a8004d2d19577/element/f.21909E599E196C0494D8E3CC232C3551.d.78FDD9E040F5A1246479B3BC6E72B433.e.7142/clear - {}
RESULT: {}
COMMAND: POST /session/0483d061f40becc12e3a8004d2d19577/element/f.21909E599E196C0494D8E3CC232C3551.d.78FDD9E040F5A1246479B3BC6E72B433.e.7142/value - {"text":"IxDjMJiKPn"}
COMMAND: GET /session/0483d061f40becc12e3a8004d2d19577/screenshot - {}
RESULT: {"text":"IxDjMJiKPn"}
COMMAND: GET /session/0483d061f40becc12e3a8004d2d19577/screenshot - {}
RESULT: {}
RESULT: {}
COMMAND: POST /session/0483d061f40becc12e3a8004d2d19577/actions - {"actions":[{"id":"action18","type":"key","parameters":{},"actions":[{"type":"keyDown","value":""},{"type":"pause","duration":10},{"type":"keyUp","value":""}]}]}
RESULT: {"actions":[{"id":"action18","type":"key","parameters":{},"actions":[{"type":"keyDown","value":""},{"type":"pause","duration":10},{"type":"keyUp","value":""}]}]}
COMMAND: GET /session/0483d061f40becc12e3a8004d2d19577/screenshot - {}
RESULT: {}
COMMAND: POST /session/0483d061f40becc12e3a8004d2d19577/execute/sync - {"script":"<script> [276 bytes]","args":["No pricing information was found"]}
RESULT: {"script":"<script> [276 bytes]","args":["No pricing information was found"]}
COMMAND: POST /session/0483d061f40becc12e3a8004d2d19577/element - {"using":"xpath","value":"(//button[@data-kt=\"saveButton\"])[2]"}
COMMAND: GET /session/0483d061f40becc12e3a8004d2d19577/screenshot - {}
RESULT: {"using":"xpath","value":"(//button[@data-kt=\"saveButton\"])[2]"}
COMMAND: POST /session/0483d061f40becc12e3a8004d2d19577/element/f.21909E599E196C0494D8E3CC232C3551.d.78FDD9E040F5A1246479B3BC6E72B433.e.7157/click - {}
RESULT: {}
RESULT: {}
COMMAND: GET /session/0483d061f40becc12e3a8004d2d19577/screenshot - {}
RESULT: {}
COMMAND: POST /session/0483d061f40becc12e3a8004d2d19577/execute/sync - {"script":"<script> [276 bytes]","args":["Some contract items are having rental validity exceeding header rental validity"]}
RESULT: {"script":"<script> [276 bytes]","args":["Some contract items are having rental validity exceeding header rental validity"]}
COMMAND: GET /session/0483d061f40becc12e3a8004d2d19577/screenshot - {}
RESULT: {}
COMMAND: POST /session/0483d061f40becc12e3a8004d2d19577/element - {"using":"xpath","value":"//span[contains(@id ,\"contractItemsSmartTable-header-inner\")]"}
RESULT: {"using":"xpath","value":"//span[contains(@id ,\"contractItemsSmartTable-header-inner\")]"}
COMMAND: POST /session/0483d061f40becc12e3a8004d2d19577/elements - {"using":"xpath","value":"//span[contains(@id ,\"contractItemsSmartTable-header-inner\")]"}
RESULT: {"using":"xpath","value":"//span[contains(@id ,\"contractItemsSmartTable-header-inner\")]"}
COMMAND: POST /session/0483d061f40becc12e3a8004d2d19577/execute/sync - {"script":"<script> [56 bytes]","args":[{"element-6066-11e4-a52e-4f735466cecf":"f.21909E599E196C0494D8E3CC232C3551.d.78FDD9E040F5A1246479B3BC6E72B433.e.7162","ELEMENT":"f.21909E599E196C0494D8E3CC232C3551.d.78FDD9E040F5A1246479B3BC6E72B433.e.7162"}]}
RESULT: {"script":"<script> [56 bytes]","args":[{"element-6066-11e4-a52e-4f735466cecf":"f.21909E599E196C0494D8E3CC232C3551.d.78FDD9E040F5A1246479B3BC6E72B433.e.7162","ELEMENT":"f.21909E599E196C0494D8E3CC232C3551.d.78FDD9E040F5A1246479B3BC6E72B433.e.7162"}]}
]]></system-out>
    </testcase>
    <testcase classname="chrome.136_0_7103_93.windows.Billing_Transfer_-_Master_data_&amp;_Intercompany_US127250" name="Should do a provide to site handover" time="64.58">
      <system-out><![CDATA[
COMMAND: GET /session/0483d061f40becc12e3a8004d2d19577/screenshot - {}
COMMAND: POST /session/0483d061f40becc12e3a8004d2d19577/element - {"using":"xpath","value":"//button[@data-kt=\"provideButton\"]"}
RESULT: {}
RESULT: {"using":"xpath","value":"//button[@data-kt=\"provideButton\"]"}
COMMAND: POST /session/0483d061f40becc12e3a8004d2d19577/element/f.21909E599E196C0494D8E3CC232C3551.d.78FDD9E040F5A1246479B3BC6E72B433.e.7163/click - {}
RESULT: {}
COMMAND: GET /session/0483d061f40becc12e3a8004d2d19577/screenshot - {}
RESULT: {}
RESULT: undefined
COMMAND: POST /session/0483d061f40becc12e3a8004d2d19577/execute/async - {"script":"<script> [6424 bytes]","args":[{"element-6066-11e4-a52e-4f735466cecf":"f.21909E599E196C0494D8E3CC232C3551.d.78FDD9E040F5A1246479B3BC6E72B433.e.6154"},"setValue",["5/29/25"]]}
COMMAND: POST /session/0483d061f40becc12e3a8004d2d19577/execute/async - {"script":"<script> [1562 bytes]","args":[{"selector":{"id":"application-managehandovers-display-component---AddNewHO--dueDate","interaction":{"idSuffix":"inner"}},"wdio_ui5_key":"applicationmanagehandovers-display-component---AddNewHO--dueDate"}]}
RESULT: {"script":"<script> [1562 bytes]","args":[{"selector":{"id":"application-managehandovers-display-component---AddNewHO--dueDate","interaction":{"idSuffix":"inner"}},"wdio_ui5_key":"applicationmanagehandovers-display-component---AddNewHO--dueDate"}]}
COMMAND: POST /session/0483d061f40becc12e3a8004d2d19577/execute/async - {"script":"<script> [6424 bytes]","args":[{"element-6066-11e4-a52e-4f735466cecf":"f.21909E599E196C0494D8E3CC232C3551.d.78FDD9E040F5A1246479B3BC6E72B433.e.7220"},"setValue",["5/29/25"]]}
RESULT: {"script":"<script> [6424 bytes]","args":[{"element-6066-11e4-a52e-4f735466cecf":"f.21909E599E196C0494D8E3CC232C3551.d.78FDD9E040F5A1246479B3BC6E72B433.e.7220"},"setValue",["5/29/25"]]}
COMMAND: POST /session/0483d061f40becc12e3a8004d2d19577/element - {"using":"xpath","value":"//bdi[contains(text(), \"Instructions\")]"}
RESULT: {"using":"xpath","value":"//bdi[contains(text(), \"Instructions\")]"}
COMMAND: POST /session/0483d061f40becc12e3a8004d2d19577/element/f.21909E599E196C0494D8E3CC232C3551.d.78FDD9E040F5A1246479B3BC6E72B433.e.7338/click - {}
RESULT: {}
COMMAND: GET /session/0483d061f40becc12e3a8004d2d19577/screenshot - {}
RESULT: {}
COMMAND: POST /session/0483d061f40becc12e3a8004d2d19577/element - {"using":"xpath","value":"//button[@data-kt=\"AddNewHOProvideAddItemsButton\"]"}
RESULT: {"using":"xpath","value":"//button[@data-kt=\"AddNewHOProvideAddItemsButton\"]"}
COMMAND: POST /session/0483d061f40becc12e3a8004d2d19577/element/f.21909E599E196C0494D8E3CC232C3551.d.78FDD9E040F5A1246479B3BC6E72B433.e.7342/click - {}
RESULT: {}
COMMAND: GET /session/0483d061f40becc12e3a8004d2d19577/screenshot - {}
RESULT: {}
RESULT: undefined
COMMAND: POST /session/0483d061f40becc12e3a8004d2d19577/element - {"using":"xpath","value":"//*[@id=\"application-managehandovers-display-component---AddNewHO--popup-sa\"]"}
RESULT: {"using":"xpath","value":"//*[@id=\"application-managehandovers-display-component---AddNewHO--popup-sa\"]"}
COMMAND: POST /session/0483d061f40becc12e3a8004d2d19577/element/f.21909E599E196C0494D8E3CC232C3551.d.78FDD9E040F5A1246479B3BC6E72B433.e.7351/click - {}
RESULT: {}
COMMAND: GET /session/0483d061f40becc12e3a8004d2d19577/screenshot - {}
RESULT: {}
COMMAND: POST /session/0483d061f40becc12e3a8004d2d19577/element - {"using":"xpath","value":"//*[contains(@id ,\"BDI-content\")][contains(text(), \"Select\")]"}
RESULT: {"using":"xpath","value":"//*[contains(@id ,\"BDI-content\")][contains(text(), \"Select\")]"}
COMMAND: POST /session/0483d061f40becc12e3a8004d2d19577/element/f.21909E599E196C0494D8E3CC232C3551.d.78FDD9E040F5A1246479B3BC6E72B433.e.7353/click - {}
RESULT: {}
COMMAND: GET /session/0483d061f40becc12e3a8004d2d19577/screenshot - {}
RESULT: {}
COMMAND: POST /session/0483d061f40becc12e3a8004d2d19577/execute/async - {"script":"<script> [1562 bytes]","args":[{"selector":{"id":"application-managehandovers-display-component---AddNewHO--confirmCreationButton","interaction":{"idSuffix":"BDI-content"}},"wdio_ui5_key":"applicationmanagehandovers-display-component---AddNewHO--confirmCreationButton"}]}
RESULT: {"script":"<script> [1562 bytes]","args":[{"selector":{"id":"application-managehandovers-display-component---AddNewHO--confirmCreationButton","interaction":{"idSuffix":"BDI-content"}},"wdio_ui5_key":"applicationmanagehandovers-display-component---AddNewHO--confirmCreationButton"}]}
RESULT: undefined
COMMAND: POST /session/0483d061f40becc12e3a8004d2d19577/element - {"using":"xpath","value":"//*[@id=\"application-managehandovers-display-component---AddNewHO--confirmCreationButton\"]"}
RESULT: {"using":"xpath","value":"//*[@id=\"application-managehandovers-display-component---AddNewHO--confirmCreationButton\"]"}
COMMAND: POST /session/0483d061f40becc12e3a8004d2d19577/element/f.21909E599E196C0494D8E3CC232C3551.d.78FDD9E040F5A1246479B3BC6E72B433.e.7292/click - {}
RESULT: {}
COMMAND: GET /session/0483d061f40becc12e3a8004d2d19577/screenshot - {}
RESULT: {}
COMMAND: POST /session/0483d061f40becc12e3a8004d2d19577/execute/async - {"script":"<script> [1562 bytes]","args":[{"selector":{"id":"issueDatePicker","viewName":"etm.portal.ui.managehandovers.view.DetailExecuteHO","interaction":{"idSuffix":"inner"}},"wdio_ui5_key":"issueDatePickeretmportal.ui.managehandovers.view.DetailExecuteHO"}]}
RESULT: {"script":"<script> [1562 bytes]","args":[{"selector":{"id":"issueDatePicker","viewName":"etm.portal.ui.managehandovers.view.DetailExecuteHO","interaction":{"idSuffix":"inner"}},"wdio_ui5_key":"issueDatePickeretmportal.ui.managehandovers.view.DetailExecuteHO"}]}
RESULT: undefined
COMMAND: POST /session/0483d061f40becc12e3a8004d2d19577/execute/async - {"script":"<script> [776 bytes]","args":[{"enterText":"5/29/25","selector":{"id":"issueDatePicker","viewName":"etm.portal.ui.managehandovers.view.DetailExecuteHO","interaction":{"idSuffix":"inner"}},"clearTextFirst":true,"interactionType":"ENTER_TEXT"}]}
RESULT: {"script":"<script> [776 bytes]","args":[{"enterText":"5/29/25","selector":{"id":"issueDatePicker","viewName":"etm.portal.ui.managehandovers.view.DetailExecuteHO","interaction":{"idSuffix":"inner"}},"clearTextFirst":true,"interactionType":"ENTER_TEXT"}]}
COMMAND: POST /session/0483d061f40becc12e3a8004d2d19577/element - {"using":"xpath","value":"//button[@data-kt=\"PickingTableConfirmAllButton\"]"}
RESULT: {"using":"xpath","value":"//button[@data-kt=\"PickingTableConfirmAllButton\"]"}
COMMAND: POST /session/0483d061f40becc12e3a8004d2d19577/element/f.21909E599E196C0494D8E3CC232C3551.d.78FDD9E040F5A1246479B3BC6E72B433.e.7411/click - {}
RESULT: {}
COMMAND: GET /session/0483d061f40becc12e3a8004d2d19577/screenshot - {}
RESULT: {}
COMMAND: POST /session/0483d061f40becc12e3a8004d2d19577/element - {"using":"xpath","value":"//bdi[contains(text(), \"OK\")]"}
RESULT: {"using":"xpath","value":"//bdi[contains(text(), \"OK\")]"}
COMMAND: POST /session/0483d061f40becc12e3a8004d2d19577/element/f.21909E599E196C0494D8E3CC232C3551.d.78FDD9E040F5A1246479B3BC6E72B433.e.7414/click - {}
RESULT: {}
COMMAND: GET /session/0483d061f40becc12e3a8004d2d19577/screenshot - {}
RESULT: {}
COMMAND: POST /session/0483d061f40becc12e3a8004d2d19577/element - {"using":"xpath","value":"//bdi[contains(text(), \"Issue\")]"}
RESULT: {"using":"xpath","value":"//bdi[contains(text(), \"Issue\")]"}
COMMAND: POST /session/0483d061f40becc12e3a8004d2d19577/element/f.21909E599E196C0494D8E3CC232C3551.d.78FDD9E040F5A1246479B3BC6E72B433.e.7416/click - {}
RESULT: {}
COMMAND: GET /session/0483d061f40becc12e3a8004d2d19577/screenshot - {}
RESULT: {}
COMMAND: POST /session/0483d061f40becc12e3a8004d2d19577/element - {"using":"css selector","value":"#shell-header-logo"}
RESULT: {"using":"css selector","value":"#shell-header-logo"}
COMMAND: POST /session/0483d061f40becc12e3a8004d2d19577/element/f.21909E599E196C0494D8E3CC232C3551.d.78FDD9E040F5A1246479B3BC6E72B433.e.6560/click - {}
RESULT: {}
COMMAND: GET /session/0483d061f40becc12e3a8004d2d19577/screenshot - {}
RESULT: {}
]]></system-out>
    </testcase>
    <testcase classname="chrome.136_0_7103_93.windows.Billing_Transfer_-_Master_data_&amp;_Intercompany_US127250" name="Should go navigate to Manage Billings and trigger contract calculation check result" time="64.166">
      <system-out><![CDATA[
COMMAND: POST /session/0483d061f40becc12e3a8004d2d19577/execute/async - {"script":"<script> [1562 bytes]","args":[{"selector":{"controlType":"sap.m.GenericTile","properties":{"header":"Manage Billings"}},"wdio_ui5_key":"sapm.GenericTile{\"header\":\"Manage Billings\"}"}]}
RESULT: {"script":"<script> [1562 bytes]","args":[{"selector":{"controlType":"sap.m.GenericTile","properties":{"header":"Manage Billings"}},"wdio_ui5_key":"sapm.GenericTile{\"header\":\"Manage Billings\"}"}]}
RESULT: undefined
COMMAND: POST /session/0483d061f40becc12e3a8004d2d19577/element - {"using":"xpath","value":"//*[@id=\"__tile51\"]"}
RESULT: {"using":"xpath","value":"//*[@id=\"__tile51\"]"}
COMMAND: POST /session/0483d061f40becc12e3a8004d2d19577/element/f.21909E599E196C0494D8E3CC232C3551.d.78FDD9E040F5A1246479B3BC6E72B433.e.2169/click - {}
RESULT: {}
COMMAND: GET /session/0483d061f40becc12e3a8004d2d19577/screenshot - {}
RESULT: {}
COMMAND: POST /session/0483d061f40becc12e3a8004d2d19577/elements - {"using":"xpath","value":"//span[text()='Error']"}
RESULT: {"using":"xpath","value":"//span[text()='Error']"}
COMMAND: POST /session/0483d061f40becc12e3a8004d2d19577/execute/async - {"script":"<script> [1562 bytes]","args":[{"selector":{"id":"application-managebillings-display-component---billRunCalcResult--smartFilterBar-btnBasicSearch","interaction":{"idSuffix":"I"}},"wdio_ui5_key":"applicationmanagebillings-display-component---billRunCalcResult--smartFilterBar-btnBasicSearch"}]}
RESULT: {"script":"<script> [1562 bytes]","args":[{"selector":{"id":"application-managebillings-display-component---billRunCalcResult--smartFilterBar-btnBasicSearch","interaction":{"idSuffix":"I"}},"wdio_ui5_key":"applicationmanagebillings-display-component---billRunCalcResult--smartFilterBar-btnBasicSearch"}]}
RESULT: undefined
COMMAND: POST /session/0483d061f40becc12e3a8004d2d19577/execute/async - {"script":"<script> [776 bytes]","args":[{"enterText":"10382","selector":{"id":"application-managebillings-display-component---billRunCalcResult--smartFilterBar-btnBasicSearch","interaction":{"idSuffix":"I"}},"clearTextFirst":true,"interactionType":"ENTER_TEXT"}]}
RESULT: {"script":"<script> [776 bytes]","args":[{"enterText":"10382","selector":{"id":"application-managebillings-display-component---billRunCalcResult--smartFilterBar-btnBasicSearch","interaction":{"idSuffix":"I"}},"clearTextFirst":true,"interactionType":"ENTER_TEXT"}]}
COMMAND: POST /session/0483d061f40becc12e3a8004d2d19577/actions - {"actions":[{"id":"action19","type":"key","parameters":{},"actions":[{"type":"keyDown","value":""},{"type":"pause","duration":10},{"type":"keyUp","value":""}]}]}
RESULT: {"actions":[{"id":"action19","type":"key","parameters":{},"actions":[{"type":"keyDown","value":""},{"type":"pause","duration":10},{"type":"keyUp","value":""}]}]}
COMMAND: GET /session/0483d061f40becc12e3a8004d2d19577/screenshot - {}
RESULT: {}
COMMAND: POST /session/0483d061f40becc12e3a8004d2d19577/element - {"using":"xpath","value":"//td[@aria-colindex=\"1\"]/div/div[contains(@class, \"sapMCbBg\")]"}
RESULT: {"using":"xpath","value":"//td[@aria-colindex=\"1\"]/div/div[contains(@class, \"sapMCbBg\")]"}
COMMAND: POST /session/0483d061f40becc12e3a8004d2d19577/element/f.21909E599E196C0494D8E3CC232C3551.d.78FDD9E040F5A1246479B3BC6E72B433.e.7930/click - {}
RESULT: {}
COMMAND: GET /session/0483d061f40becc12e3a8004d2d19577/screenshot - {}
RESULT: {}
COMMAND: POST /session/0483d061f40becc12e3a8004d2d19577/execute/async - {"script":"<script> [1562 bytes]","args":[{"selector":{"id":"application-managebillings-display-component---billRunCalcResult--contractBillRunDate","interaction":{"idSuffix":"inner"}},"wdio_ui5_key":"applicationmanagebillings-display-component---billRunCalcResult--contractBillRunDate"}]}
RESULT: {"script":"<script> [1562 bytes]","args":[{"selector":{"id":"application-managebillings-display-component---billRunCalcResult--contractBillRunDate","interaction":{"idSuffix":"inner"}},"wdio_ui5_key":"applicationmanagebillings-display-component---billRunCalcResult--contractBillRunDate"}]}
RESULT: undefined
COMMAND: POST /session/0483d061f40becc12e3a8004d2d19577/execute/async - {"script":"<script> [776 bytes]","args":[{"enterText":"6/29/25","selector":{"id":"application-managebillings-display-component---billRunCalcResult--contractBillRunDate","interaction":{"idSuffix":"inner"}},"clearTextFirst":true,"interactionType":"ENTER_TEXT"}]}
RESULT: {"script":"<script> [776 bytes]","args":[{"enterText":"6/29/25","selector":{"id":"application-managebillings-display-component---billRunCalcResult--contractBillRunDate","interaction":{"idSuffix":"inner"}},"clearTextFirst":true,"interactionType":"ENTER_TEXT"}]}
COMMAND: POST /session/0483d061f40becc12e3a8004d2d19577/element - {"using":"xpath","value":"//bdi[contains(text(), \"Trigger Calculation\")]"}
RESULT: {"using":"xpath","value":"//bdi[contains(text(), \"Trigger Calculation\")]"}
COMMAND: POST /session/0483d061f40becc12e3a8004d2d19577/element/f.21909E599E196C0494D8E3CC232C3551.d.78FDD9E040F5A1246479B3BC6E72B433.e.7980/click - {}
RESULT: {}
COMMAND: GET /session/0483d061f40becc12e3a8004d2d19577/screenshot - {}
RESULT: {}
COMMAND: POST /session/0483d061f40becc12e3a8004d2d19577/element - {"using":"xpath","value":"(//span[contains(@id, \"imgNav\")])[1]"}
RESULT: {"using":"xpath","value":"(//span[contains(@id, \"imgNav\")])[1]"}
COMMAND: POST /session/0483d061f40becc12e3a8004d2d19577/element/f.21909E599E196C0494D8E3CC232C3551.d.78FDD9E040F5A1246479B3BC6E72B433.e.7931/click - {}
RESULT: {}
COMMAND: GET /session/0483d061f40becc12e3a8004d2d19577/screenshot - {}
RESULT: {}
COMMAND: POST /session/0483d061f40becc12e3a8004d2d19577/element - {"using":"xpath","value":"//tr/td[6]/div[1]/span[1]/span[1]"}
RESULT: {"using":"xpath","value":"//tr/td[6]/div[1]/span[1]/span[1]"}
COMMAND: GET /session/0483d061f40becc12e3a8004d2d19577/element/f.21909E599E196C0494D8E3CC232C3551.d.78FDD9E040F5A1246479B3BC6E72B433.e.7985/text - {}
RESULT: {}
COMMAND: POST /session/0483d061f40becc12e3a8004d2d19577/element - {"using":"xpath","value":"(//span[contains(@id, \"imgNav\")])[2]"}
RESULT: {"using":"xpath","value":"(//span[contains(@id, \"imgNav\")])[2]"}
COMMAND: POST /session/0483d061f40becc12e3a8004d2d19577/element/f.21909E599E196C0494D8E3CC232C3551.d.78FDD9E040F5A1246479B3BC6E72B433.e.7986/click - {}
RESULT: {}
COMMAND: POST /session/0483d061f40becc12e3a8004d2d19577/element - {"using":"xpath","value":"//bdi[contains(text(), \"Business Confirm\")]"}
COMMAND: GET /session/0483d061f40becc12e3a8004d2d19577/screenshot - {}
RESULT: {"using":"xpath","value":"//bdi[contains(text(), \"Business Confirm\")]"}
COMMAND: POST /session/0483d061f40becc12e3a8004d2d19577/elements - {"using":"xpath","value":"//bdi[contains(text(), \"Business Confirm\")]"}
RESULT: {}
RESULT: {"using":"xpath","value":"//bdi[contains(text(), \"Business Confirm\")]"}
COMMAND: POST /session/0483d061f40becc12e3a8004d2d19577/element - {"using":"xpath","value":"//bdi[contains(text(), \"Business Confirm\")]"}
RESULT: {"using":"xpath","value":"//bdi[contains(text(), \"Business Confirm\")]"}
COMMAND: POST /session/0483d061f40becc12e3a8004d2d19577/element/f.21909E599E196C0494D8E3CC232C3551.d.78FDD9E040F5A1246479B3BC6E72B433.e.8055/click - {}
RESULT: {}
COMMAND: POST /session/0483d061f40becc12e3a8004d2d19577/element - {"using":"css selector","value":"#shell-header-logo"}
COMMAND: GET /session/0483d061f40becc12e3a8004d2d19577/screenshot - {}
RESULT: {"using":"css selector","value":"#shell-header-logo"}
COMMAND: POST /session/0483d061f40becc12e3a8004d2d19577/element/f.21909E599E196C0494D8E3CC232C3551.d.78FDD9E040F5A1246479B3BC6E72B433.e.7718/click - {}
RESULT: {}
RESULT: {}
COMMAND: GET /session/0483d061f40becc12e3a8004d2d19577/screenshot - {}
RESULT: {}
]]></system-out>
    </testcase>
    <testcase classname="chrome.136_0_7103_93.windows.Billing_Transfer_-_Master_data_&amp;_Intercompany_US127250" name="Should do Billing Transfer all the way into invoice open for intercompany case" time="93.12">
      <system-out><![CDATA[
COMMAND: POST /session/0483d061f40becc12e3a8004d2d19577/execute/async - {"script":"<script> [1562 bytes]","args":[{"selector":{"controlType":"sap.m.GenericTile","properties":{"header":"Billing Transfer"}},"wdio_ui5_key":"sapm.GenericTile{\"header\":\"Billing Transfer\"}"}]}
RESULT: {"script":"<script> [1562 bytes]","args":[{"selector":{"controlType":"sap.m.GenericTile","properties":{"header":"Billing Transfer"}},"wdio_ui5_key":"sapm.GenericTile{\"header\":\"Billing Transfer\"}"}]}
RESULT: undefined
COMMAND: POST /session/0483d061f40becc12e3a8004d2d19577/element - {"using":"xpath","value":"//*[@id=\"__tile50\"]"}
RESULT: {"using":"xpath","value":"//*[@id=\"__tile50\"]"}
COMMAND: POST /session/0483d061f40becc12e3a8004d2d19577/element/f.21909E599E196C0494D8E3CC232C3551.d.78FDD9E040F5A1246479B3BC6E72B433.e.2167/click - {}
RESULT: {}
COMMAND: GET /session/0483d061f40becc12e3a8004d2d19577/screenshot - {}
RESULT: {}
COMMAND: POST /session/0483d061f40becc12e3a8004d2d19577/elements - {"using":"xpath","value":"//span[text()='Error']"}
RESULT: {"using":"xpath","value":"//span[text()='Error']"}
COMMAND: POST /session/0483d061f40becc12e3a8004d2d19577/element - {"using":"xpath","value":"//input[contains(@id ,\"application-billingtransfer-display-component---billingWorkbench--smartFilterBar-btnBasicSearch\")]"}
RESULT: {"using":"xpath","value":"//input[contains(@id ,\"application-billingtransfer-display-component---billingWorkbench--smartFilterBar-btnBasicSearch\")]"}
COMMAND: POST /session/0483d061f40becc12e3a8004d2d19577/elements - {"using":"xpath","value":"//input[contains(@id ,\"application-billingtransfer-display-component---billingWorkbench--smartFilterBar-btnBasicSearch\")]"}
RESULT: {"using":"xpath","value":"//input[contains(@id ,\"application-billingtransfer-display-component---billingWorkbench--smartFilterBar-btnBasicSearch\")]"}
COMMAND: POST /session/0483d061f40becc12e3a8004d2d19577/execute/sync - {"script":"<script> [8489 bytes]","args":[{"element-6066-11e4-a52e-4f735466cecf":"f.21909E599E196C0494D8E3CC232C3551.d.78FDD9E040F5A1246479B3BC6E72B433.e.8065","ELEMENT":"f.21909E599E196C0494D8E3CC232C3551.d.78FDD9E040F5A1246479B3BC6E72B433.e.8065"}]}
RESULT: {"script":"<script> [8489 bytes]","args":[{"element-6066-11e4-a52e-4f735466cecf":"f.21909E599E196C0494D8E3CC232C3551.d.78FDD9E040F5A1246479B3BC6E72B433.e.8065","ELEMENT":"f.21909E599E196C0494D8E3CC232C3551.d.78FDD9E040F5A1246479B3BC6E72B433.e.8065"}]}
COMMAND: GET /session/0483d061f40becc12e3a8004d2d19577/element/f.21909E599E196C0494D8E3CC232C3551.d.78FDD9E040F5A1246479B3BC6E72B433.e.8065/enabled - {}
COMMAND: GET /session/0483d061f40becc12e3a8004d2d19577/screenshot - {}
RESULT: {}
COMMAND: POST /session/0483d061f40becc12e3a8004d2d19577/element/f.21909E599E196C0494D8E3CC232C3551.d.78FDD9E040F5A1246479B3BC6E72B433.e.8065/click - {}
COMMAND: GET /session/0483d061f40becc12e3a8004d2d19577/screenshot - {}
RESULT: {}
RESULT: {}
COMMAND: GET /session/0483d061f40becc12e3a8004d2d19577/screenshot - {}
RESULT: {}
RESULT: {}
COMMAND: POST /session/0483d061f40becc12e3a8004d2d19577/element/f.21909E599E196C0494D8E3CC232C3551.d.78FDD9E040F5A1246479B3BC6E72B433.e.8065/clear - {}
RESULT: {}
COMMAND: POST /session/0483d061f40becc12e3a8004d2d19577/element/f.21909E599E196C0494D8E3CC232C3551.d.78FDD9E040F5A1246479B3BC6E72B433.e.8065/value - {"text":"10382"}
COMMAND: GET /session/0483d061f40becc12e3a8004d2d19577/screenshot - {}
RESULT: {"text":"10382"}
COMMAND: POST /session/0483d061f40becc12e3a8004d2d19577/actions - {"actions":[{"id":"action20","type":"key","parameters":{},"actions":[{"type":"keyDown","value":""},{"type":"pause","duration":10},{"type":"keyUp","value":""}]}]}
COMMAND: GET /session/0483d061f40becc12e3a8004d2d19577/screenshot - {}
RESULT: {}
RESULT: {"actions":[{"id":"action20","type":"key","parameters":{},"actions":[{"type":"keyDown","value":""},{"type":"pause","duration":10},{"type":"keyUp","value":""}]}]}
COMMAND: GET /session/0483d061f40becc12e3a8004d2d19577/screenshot - {}
RESULT: {}
RESULT: {}
COMMAND: POST /session/0483d061f40becc12e3a8004d2d19577/element - {"using":"xpath","value":"//span[contains(@id ,\"application-billingtransfer-display-component---billingWorkbench--smartTableBillingRuns-header-inner\")]"}
RESULT: {"using":"xpath","value":"//span[contains(@id ,\"application-billingtransfer-display-component---billingWorkbench--smartTableBillingRuns-header-inner\")]"}
COMMAND: POST /session/0483d061f40becc12e3a8004d2d19577/elements - {"using":"xpath","value":"//span[contains(@id ,\"application-billingtransfer-display-component---billingWorkbench--smartTableBillingRuns-header-inner\")]"}
RESULT: {"using":"xpath","value":"//span[contains(@id ,\"application-billingtransfer-display-component---billingWorkbench--smartTableBillingRuns-header-inner\")]"}
COMMAND: POST /session/0483d061f40becc12e3a8004d2d19577/execute/sync - {"script":"<script> [56 bytes]","args":[{"element-6066-11e4-a52e-4f735466cecf":"f.21909E599E196C0494D8E3CC232C3551.d.78FDD9E040F5A1246479B3BC6E72B433.e.8216","ELEMENT":"f.21909E599E196C0494D8E3CC232C3551.d.78FDD9E040F5A1246479B3BC6E72B433.e.8216"}]}
RESULT: {"script":"<script> [56 bytes]","args":[{"element-6066-11e4-a52e-4f735466cecf":"f.21909E599E196C0494D8E3CC232C3551.d.78FDD9E040F5A1246479B3BC6E72B433.e.8216","ELEMENT":"f.21909E599E196C0494D8E3CC232C3551.d.78FDD9E040F5A1246479B3BC6E72B433.e.8216"}]}
COMMAND: POST /session/0483d061f40becc12e3a8004d2d19577/element - {"using":"xpath","value":"//td[@aria-colindex=\"1\"]/div/div[contains(@class, \"sapMCbBg\")]"}
COMMAND: GET /session/0483d061f40becc12e3a8004d2d19577/screenshot - {}
RESULT: {}
RESULT: {"using":"xpath","value":"//td[@aria-colindex=\"1\"]/div/div[contains(@class, \"sapMCbBg\")]"}
COMMAND: POST /session/0483d061f40becc12e3a8004d2d19577/element/f.21909E599E196C0494D8E3CC232C3551.d.78FDD9E040F5A1246479B3BC6E72B433.e.8208/click - {}
RESULT: {}
COMMAND: GET /session/0483d061f40becc12e3a8004d2d19577/screenshot - {}
RESULT: {}
COMMAND: POST /session/0483d061f40becc12e3a8004d2d19577/element - {"using":"xpath","value":"//bdi[contains(text(), \"Check\")]"}
RESULT: {"using":"xpath","value":"//bdi[contains(text(), \"Check\")]"}
COMMAND: POST /session/0483d061f40becc12e3a8004d2d19577/element/f.21909E599E196C0494D8E3CC232C3551.d.78FDD9E040F5A1246479B3BC6E72B433.e.8217/click - {}
RESULT: {}
COMMAND: GET /session/0483d061f40becc12e3a8004d2d19577/screenshot - {}
RESULT: {}
COMMAND: POST /session/0483d061f40becc12e3a8004d2d19577/element - {"using":"xpath","value":"//bdi[contains(text(), \"OK\")]"}
RESULT: {"using":"xpath","value":"//bdi[contains(text(), \"OK\")]"}
COMMAND: POST /session/0483d061f40becc12e3a8004d2d19577/element/f.21909E599E196C0494D8E3CC232C3551.d.78FDD9E040F5A1246479B3BC6E72B433.e.8221/click - {}
RESULT: {}
COMMAND: GET /session/0483d061f40becc12e3a8004d2d19577/screenshot - {}
RESULT: {}
COMMAND: POST /session/0483d061f40becc12e3a8004d2d19577/element - {"using":"xpath","value":"(//span[contains(text(), \"CO/SD checked\")]/parent::div/preceding-sibling::div/span)[1]"}
RESULT: {"using":"xpath","value":"(//span[contains(text(), \"CO/SD checked\")]/parent::div/preceding-sibling::div/span)[1]"}
COMMAND: POST /session/0483d061f40becc12e3a8004d2d19577/element/f.21909E599E196C0494D8E3CC232C3551.d.78FDD9E040F5A1246479B3BC6E72B433.e.8230/click - {}
RESULT: {}
COMMAND: GET /session/0483d061f40becc12e3a8004d2d19577/screenshot - {}
RESULT: {}
COMMAND: POST /session/0483d061f40becc12e3a8004d2d19577/element - {"using":"xpath","value":"//input[contains(@id ,\"application-billingtransfer-display-component---billingWorkbench--smartFilterBar-btnBasicSearch\")]"}
RESULT: {"using":"xpath","value":"//input[contains(@id ,\"application-billingtransfer-display-component---billingWorkbench--smartFilterBar-btnBasicSearch\")]"}
COMMAND: POST /session/0483d061f40becc12e3a8004d2d19577/elements - {"using":"xpath","value":"//input[contains(@id ,\"application-billingtransfer-display-component---billingWorkbench--smartFilterBar-btnBasicSearch\")]"}
RESULT: {"using":"xpath","value":"//input[contains(@id ,\"application-billingtransfer-display-component---billingWorkbench--smartFilterBar-btnBasicSearch\")]"}
COMMAND: POST /session/0483d061f40becc12e3a8004d2d19577/execute/sync - {"script":"<script> [8489 bytes]","args":[{"element-6066-11e4-a52e-4f735466cecf":"f.21909E599E196C0494D8E3CC232C3551.d.78FDD9E040F5A1246479B3BC6E72B433.e.8065","ELEMENT":"f.21909E599E196C0494D8E3CC232C3551.d.78FDD9E040F5A1246479B3BC6E72B433.e.8065"}]}
RESULT: {"script":"<script> [8489 bytes]","args":[{"element-6066-11e4-a52e-4f735466cecf":"f.21909E599E196C0494D8E3CC232C3551.d.78FDD9E040F5A1246479B3BC6E72B433.e.8065","ELEMENT":"f.21909E599E196C0494D8E3CC232C3551.d.78FDD9E040F5A1246479B3BC6E72B433.e.8065"}]}
COMMAND: GET /session/0483d061f40becc12e3a8004d2d19577/element/f.21909E599E196C0494D8E3CC232C3551.d.78FDD9E040F5A1246479B3BC6E72B433.e.8065/enabled - {}
COMMAND: GET /session/0483d061f40becc12e3a8004d2d19577/screenshot - {}
RESULT: {}
COMMAND: POST /session/0483d061f40becc12e3a8004d2d19577/element/f.21909E599E196C0494D8E3CC232C3551.d.78FDD9E040F5A1246479B3BC6E72B433.e.8065/click - {}
COMMAND: GET /session/0483d061f40becc12e3a8004d2d19577/screenshot - {}
RESULT: {}
RESULT: {}
COMMAND: GET /session/0483d061f40becc12e3a8004d2d19577/screenshot - {}
RESULT: {}
RESULT: {}
COMMAND: POST /session/0483d061f40becc12e3a8004d2d19577/element/f.21909E599E196C0494D8E3CC232C3551.d.78FDD9E040F5A1246479B3BC6E72B433.e.8065/clear - {}
RESULT: {}
COMMAND: POST /session/0483d061f40becc12e3a8004d2d19577/element/f.21909E599E196C0494D8E3CC232C3551.d.78FDD9E040F5A1246479B3BC6E72B433.e.8065/value - {"text":"10382"}
COMMAND: GET /session/0483d061f40becc12e3a8004d2d19577/screenshot - {}
RESULT: {"text":"10382"}
COMMAND: POST /session/0483d061f40becc12e3a8004d2d19577/actions - {"actions":[{"id":"action21","type":"key","parameters":{},"actions":[{"type":"keyDown","value":""},{"type":"pause","duration":10},{"type":"keyUp","value":""}]}]}
COMMAND: GET /session/0483d061f40becc12e3a8004d2d19577/screenshot - {}
RESULT: {}
RESULT: {"actions":[{"id":"action21","type":"key","parameters":{},"actions":[{"type":"keyDown","value":""},{"type":"pause","duration":10},{"type":"keyUp","value":""}]}]}
COMMAND: GET /session/0483d061f40becc12e3a8004d2d19577/screenshot - {}
RESULT: {}
RESULT: {}
COMMAND: POST /session/0483d061f40becc12e3a8004d2d19577/element - {"using":"xpath","value":"//span[contains(@id ,\"application-billingtransfer-display-component---billingWorkbench--smartTableBillingRuns-header-inner\")]"}
RESULT: {"using":"xpath","value":"//span[contains(@id ,\"application-billingtransfer-display-component---billingWorkbench--smartTableBillingRuns-header-inner\")]"}
COMMAND: POST /session/0483d061f40becc12e3a8004d2d19577/elements - {"using":"xpath","value":"//span[contains(@id ,\"application-billingtransfer-display-component---billingWorkbench--smartTableBillingRuns-header-inner\")]"}
RESULT: {"using":"xpath","value":"//span[contains(@id ,\"application-billingtransfer-display-component---billingWorkbench--smartTableBillingRuns-header-inner\")]"}
COMMAND: POST /session/0483d061f40becc12e3a8004d2d19577/execute/sync - {"script":"<script> [56 bytes]","args":[{"element-6066-11e4-a52e-4f735466cecf":"f.21909E599E196C0494D8E3CC232C3551.d.78FDD9E040F5A1246479B3BC6E72B433.e.8216","ELEMENT":"f.21909E599E196C0494D8E3CC232C3551.d.78FDD9E040F5A1246479B3BC6E72B433.e.8216"}]}
RESULT: {"script":"<script> [56 bytes]","args":[{"element-6066-11e4-a52e-4f735466cecf":"f.21909E599E196C0494D8E3CC232C3551.d.78FDD9E040F5A1246479B3BC6E72B433.e.8216","ELEMENT":"f.21909E599E196C0494D8E3CC232C3551.d.78FDD9E040F5A1246479B3BC6E72B433.e.8216"}]}
COMMAND: GET /session/0483d061f40becc12e3a8004d2d19577/screenshot - {}
RESULT: {}
COMMAND: POST /session/0483d061f40becc12e3a8004d2d19577/execute/sync - {"script":"<script> [56 bytes]","args":[{"element-6066-11e4-a52e-4f735466cecf":"f.21909E599E196C0494D8E3CC232C3551.d.78FDD9E040F5A1246479B3BC6E72B433.e.8216","ELEMENT":"f.21909E599E196C0494D8E3CC232C3551.d.78FDD9E040F5A1246479B3BC6E72B433.e.8216"}]}
RESULT: {"script":"<script> [56 bytes]","args":[{"element-6066-11e4-a52e-4f735466cecf":"f.21909E599E196C0494D8E3CC232C3551.d.78FDD9E040F5A1246479B3BC6E72B433.e.8216","ELEMENT":"f.21909E599E196C0494D8E3CC232C3551.d.78FDD9E040F5A1246479B3BC6E72B433.e.8216"}]}
COMMAND: GET /session/0483d061f40becc12e3a8004d2d19577/screenshot - {}
RESULT: {}
COMMAND: POST /session/0483d061f40becc12e3a8004d2d19577/execute/sync - {"script":"<script> [56 bytes]","args":[{"element-6066-11e4-a52e-4f735466cecf":"f.21909E599E196C0494D8E3CC232C3551.d.78FDD9E040F5A1246479B3BC6E72B433.e.8216","ELEMENT":"f.21909E599E196C0494D8E3CC232C3551.d.78FDD9E040F5A1246479B3BC6E72B433.e.8216"}]}
RESULT: {"script":"<script> [56 bytes]","args":[{"element-6066-11e4-a52e-4f735466cecf":"f.21909E599E196C0494D8E3CC232C3551.d.78FDD9E040F5A1246479B3BC6E72B433.e.8216","ELEMENT":"f.21909E599E196C0494D8E3CC232C3551.d.78FDD9E040F5A1246479B3BC6E72B433.e.8216"}]}
COMMAND: GET /session/0483d061f40becc12e3a8004d2d19577/screenshot - {}
RESULT: {}
COMMAND: POST /session/0483d061f40becc12e3a8004d2d19577/execute/sync - {"script":"<script> [56 bytes]","args":[{"element-6066-11e4-a52e-4f735466cecf":"f.21909E599E196C0494D8E3CC232C3551.d.78FDD9E040F5A1246479B3BC6E72B433.e.8216","ELEMENT":"f.21909E599E196C0494D8E3CC232C3551.d.78FDD9E040F5A1246479B3BC6E72B433.e.8216"}]}
RESULT: {"script":"<script> [56 bytes]","args":[{"element-6066-11e4-a52e-4f735466cecf":"f.21909E599E196C0494D8E3CC232C3551.d.78FDD9E040F5A1246479B3BC6E72B433.e.8216","ELEMENT":"f.21909E599E196C0494D8E3CC232C3551.d.78FDD9E040F5A1246479B3BC6E72B433.e.8216"}]}
COMMAND: GET /session/0483d061f40becc12e3a8004d2d19577/screenshot - {}
RESULT: {}
COMMAND: POST /session/0483d061f40becc12e3a8004d2d19577/execute/sync - {"script":"<script> [56 bytes]","args":[{"element-6066-11e4-a52e-4f735466cecf":"f.21909E599E196C0494D8E3CC232C3551.d.78FDD9E040F5A1246479B3BC6E72B433.e.8216","ELEMENT":"f.21909E599E196C0494D8E3CC232C3551.d.78FDD9E040F5A1246479B3BC6E72B433.e.8216"}]}
RESULT: {"script":"<script> [56 bytes]","args":[{"element-6066-11e4-a52e-4f735466cecf":"f.21909E599E196C0494D8E3CC232C3551.d.78FDD9E040F5A1246479B3BC6E72B433.e.8216","ELEMENT":"f.21909E599E196C0494D8E3CC232C3551.d.78FDD9E040F5A1246479B3BC6E72B433.e.8216"}]}
COMMAND: GET /session/0483d061f40becc12e3a8004d2d19577/screenshot - {}
RESULT: {}
COMMAND: POST /session/0483d061f40becc12e3a8004d2d19577/execute/sync - {"script":"<script> [56 bytes]","args":[{"element-6066-11e4-a52e-4f735466cecf":"f.21909E599E196C0494D8E3CC232C3551.d.78FDD9E040F5A1246479B3BC6E72B433.e.8216","ELEMENT":"f.21909E599E196C0494D8E3CC232C3551.d.78FDD9E040F5A1246479B3BC6E72B433.e.8216"}]}
RESULT: {"script":"<script> [56 bytes]","args":[{"element-6066-11e4-a52e-4f735466cecf":"f.21909E599E196C0494D8E3CC232C3551.d.78FDD9E040F5A1246479B3BC6E72B433.e.8216","ELEMENT":"f.21909E599E196C0494D8E3CC232C3551.d.78FDD9E040F5A1246479B3BC6E72B433.e.8216"}]}
COMMAND: GET /session/0483d061f40becc12e3a8004d2d19577/screenshot - {}
RESULT: {}
COMMAND: POST /session/0483d061f40becc12e3a8004d2d19577/execute/sync - {"script":"<script> [56 bytes]","args":[{"element-6066-11e4-a52e-4f735466cecf":"f.21909E599E196C0494D8E3CC232C3551.d.78FDD9E040F5A1246479B3BC6E72B433.e.8216","ELEMENT":"f.21909E599E196C0494D8E3CC232C3551.d.78FDD9E040F5A1246479B3BC6E72B433.e.8216"}]}
RESULT: {"script":"<script> [56 bytes]","args":[{"element-6066-11e4-a52e-4f735466cecf":"f.21909E599E196C0494D8E3CC232C3551.d.78FDD9E040F5A1246479B3BC6E72B433.e.8216","ELEMENT":"f.21909E599E196C0494D8E3CC232C3551.d.78FDD9E040F5A1246479B3BC6E72B433.e.8216"}]}
COMMAND: GET /session/0483d061f40becc12e3a8004d2d19577/screenshot - {}
RESULT: {}
COMMAND: POST /session/0483d061f40becc12e3a8004d2d19577/execute/sync - {"script":"<script> [56 bytes]","args":[{"element-6066-11e4-a52e-4f735466cecf":"f.21909E599E196C0494D8E3CC232C3551.d.78FDD9E040F5A1246479B3BC6E72B433.e.8216","ELEMENT":"f.21909E599E196C0494D8E3CC232C3551.d.78FDD9E040F5A1246479B3BC6E72B433.e.8216"}]}
RESULT: {"script":"<script> [56 bytes]","args":[{"element-6066-11e4-a52e-4f735466cecf":"f.21909E599E196C0494D8E3CC232C3551.d.78FDD9E040F5A1246479B3BC6E72B433.e.8216","ELEMENT":"f.21909E599E196C0494D8E3CC232C3551.d.78FDD9E040F5A1246479B3BC6E72B433.e.8216"}]}
COMMAND: GET /session/0483d061f40becc12e3a8004d2d19577/screenshot - {}
RESULT: {}
COMMAND: POST /session/0483d061f40becc12e3a8004d2d19577/execute/sync - {"script":"<script> [56 bytes]","args":[{"element-6066-11e4-a52e-4f735466cecf":"f.21909E599E196C0494D8E3CC232C3551.d.78FDD9E040F5A1246479B3BC6E72B433.e.8216","ELEMENT":"f.21909E599E196C0494D8E3CC232C3551.d.78FDD9E040F5A1246479B3BC6E72B433.e.8216"}]}
RESULT: {"script":"<script> [56 bytes]","args":[{"element-6066-11e4-a52e-4f735466cecf":"f.21909E599E196C0494D8E3CC232C3551.d.78FDD9E040F5A1246479B3BC6E72B433.e.8216","ELEMENT":"f.21909E599E196C0494D8E3CC232C3551.d.78FDD9E040F5A1246479B3BC6E72B433.e.8216"}]}
COMMAND: GET /session/0483d061f40becc12e3a8004d2d19577/screenshot - {}
RESULT: {}
COMMAND: POST /session/0483d061f40becc12e3a8004d2d19577/execute/sync - {"script":"<script> [56 bytes]","args":[{"element-6066-11e4-a52e-4f735466cecf":"f.21909E599E196C0494D8E3CC232C3551.d.78FDD9E040F5A1246479B3BC6E72B433.e.8216","ELEMENT":"f.21909E599E196C0494D8E3CC232C3551.d.78FDD9E040F5A1246479B3BC6E72B433.e.8216"}]}
RESULT: {"script":"<script> [56 bytes]","args":[{"element-6066-11e4-a52e-4f735466cecf":"f.21909E599E196C0494D8E3CC232C3551.d.78FDD9E040F5A1246479B3BC6E72B433.e.8216","ELEMENT":"f.21909E599E196C0494D8E3CC232C3551.d.78FDD9E040F5A1246479B3BC6E72B433.e.8216"}]}
COMMAND: GET /session/0483d061f40becc12e3a8004d2d19577/screenshot - {}
RESULT: {}
COMMAND: POST /session/0483d061f40becc12e3a8004d2d19577/execute/sync - {"script":"<script> [56 bytes]","args":[{"element-6066-11e4-a52e-4f735466cecf":"f.21909E599E196C0494D8E3CC232C3551.d.78FDD9E040F5A1246479B3BC6E72B433.e.8216","ELEMENT":"f.21909E599E196C0494D8E3CC232C3551.d.78FDD9E040F5A1246479B3BC6E72B433.e.8216"}]}
RESULT: {"script":"<script> [56 bytes]","args":[{"element-6066-11e4-a52e-4f735466cecf":"f.21909E599E196C0494D8E3CC232C3551.d.78FDD9E040F5A1246479B3BC6E72B433.e.8216","ELEMENT":"f.21909E599E196C0494D8E3CC232C3551.d.78FDD9E040F5A1246479B3BC6E72B433.e.8216"}]}
COMMAND: GET /session/0483d061f40becc12e3a8004d2d19577/screenshot - {}
COMMAND: POST /session/0483d061f40becc12e3a8004d2d19577/execute/sync - {"script":"<script> [56 bytes]","args":[{"element-6066-11e4-a52e-4f735466cecf":"f.21909E599E196C0494D8E3CC232C3551.d.78FDD9E040F5A1246479B3BC6E72B433.e.8216","ELEMENT":"f.21909E599E196C0494D8E3CC232C3551.d.78FDD9E040F5A1246479B3BC6E72B433.e.8216"}]}
RESULT: {}
RESULT: {"script":"<script> [56 bytes]","args":[{"element-6066-11e4-a52e-4f735466cecf":"f.21909E599E196C0494D8E3CC232C3551.d.78FDD9E040F5A1246479B3BC6E72B433.e.8216","ELEMENT":"f.21909E599E196C0494D8E3CC232C3551.d.78FDD9E040F5A1246479B3BC6E72B433.e.8216"}]}
COMMAND: GET /session/0483d061f40becc12e3a8004d2d19577/screenshot - {}
RESULT: {}
COMMAND: POST /session/0483d061f40becc12e3a8004d2d19577/execute/sync - {"script":"<script> [56 bytes]","args":[{"element-6066-11e4-a52e-4f735466cecf":"f.21909E599E196C0494D8E3CC232C3551.d.78FDD9E040F5A1246479B3BC6E72B433.e.8216","ELEMENT":"f.21909E599E196C0494D8E3CC232C3551.d.78FDD9E040F5A1246479B3BC6E72B433.e.8216"}]}
RESULT: {"script":"<script> [56 bytes]","args":[{"element-6066-11e4-a52e-4f735466cecf":"f.21909E599E196C0494D8E3CC232C3551.d.78FDD9E040F5A1246479B3BC6E72B433.e.8216","ELEMENT":"f.21909E599E196C0494D8E3CC232C3551.d.78FDD9E040F5A1246479B3BC6E72B433.e.8216"}]}
COMMAND: GET /session/0483d061f40becc12e3a8004d2d19577/screenshot - {}
RESULT: {}
COMMAND: POST /session/0483d061f40becc12e3a8004d2d19577/execute/sync - {"script":"<script> [56 bytes]","args":[{"element-6066-11e4-a52e-4f735466cecf":"f.21909E599E196C0494D8E3CC232C3551.d.78FDD9E040F5A1246479B3BC6E72B433.e.8216","ELEMENT":"f.21909E599E196C0494D8E3CC232C3551.d.78FDD9E040F5A1246479B3BC6E72B433.e.8216"}]}
RESULT: {"script":"<script> [56 bytes]","args":[{"element-6066-11e4-a52e-4f735466cecf":"f.21909E599E196C0494D8E3CC232C3551.d.78FDD9E040F5A1246479B3BC6E72B433.e.8216","ELEMENT":"f.21909E599E196C0494D8E3CC232C3551.d.78FDD9E040F5A1246479B3BC6E72B433.e.8216"}]}
COMMAND: GET /session/0483d061f40becc12e3a8004d2d19577/screenshot - {}
RESULT: {}
COMMAND: POST /session/0483d061f40becc12e3a8004d2d19577/execute/sync - {"script":"<script> [56 bytes]","args":[{"element-6066-11e4-a52e-4f735466cecf":"f.21909E599E196C0494D8E3CC232C3551.d.78FDD9E040F5A1246479B3BC6E72B433.e.8216","ELEMENT":"f.21909E599E196C0494D8E3CC232C3551.d.78FDD9E040F5A1246479B3BC6E72B433.e.8216"}]}
RESULT: {"script":"<script> [56 bytes]","args":[{"element-6066-11e4-a52e-4f735466cecf":"f.21909E599E196C0494D8E3CC232C3551.d.78FDD9E040F5A1246479B3BC6E72B433.e.8216","ELEMENT":"f.21909E599E196C0494D8E3CC232C3551.d.78FDD9E040F5A1246479B3BC6E72B433.e.8216"}]}
COMMAND: GET /session/0483d061f40becc12e3a8004d2d19577/screenshot - {}
RESULT: {}
COMMAND: POST /session/0483d061f40becc12e3a8004d2d19577/execute/sync - {"script":"<script> [56 bytes]","args":[{"element-6066-11e4-a52e-4f735466cecf":"f.21909E599E196C0494D8E3CC232C3551.d.78FDD9E040F5A1246479B3BC6E72B433.e.8216","ELEMENT":"f.21909E599E196C0494D8E3CC232C3551.d.78FDD9E040F5A1246479B3BC6E72B433.e.8216"}]}
RESULT: {"script":"<script> [56 bytes]","args":[{"element-6066-11e4-a52e-4f735466cecf":"f.21909E599E196C0494D8E3CC232C3551.d.78FDD9E040F5A1246479B3BC6E72B433.e.8216","ELEMENT":"f.21909E599E196C0494D8E3CC232C3551.d.78FDD9E040F5A1246479B3BC6E72B433.e.8216"}]}
COMMAND: GET /session/0483d061f40becc12e3a8004d2d19577/screenshot - {}
RESULT: {}
COMMAND: POST /session/0483d061f40becc12e3a8004d2d19577/execute/sync - {"script":"<script> [56 bytes]","args":[{"element-6066-11e4-a52e-4f735466cecf":"f.21909E599E196C0494D8E3CC232C3551.d.78FDD9E040F5A1246479B3BC6E72B433.e.8216","ELEMENT":"f.21909E599E196C0494D8E3CC232C3551.d.78FDD9E040F5A1246479B3BC6E72B433.e.8216"}]}
RESULT: {"script":"<script> [56 bytes]","args":[{"element-6066-11e4-a52e-4f735466cecf":"f.21909E599E196C0494D8E3CC232C3551.d.78FDD9E040F5A1246479B3BC6E72B433.e.8216","ELEMENT":"f.21909E599E196C0494D8E3CC232C3551.d.78FDD9E040F5A1246479B3BC6E72B433.e.8216"}]}
COMMAND: GET /session/0483d061f40becc12e3a8004d2d19577/screenshot - {}
RESULT: {}
COMMAND: POST /session/0483d061f40becc12e3a8004d2d19577/execute/sync - {"script":"<script> [56 bytes]","args":[{"element-6066-11e4-a52e-4f735466cecf":"f.21909E599E196C0494D8E3CC232C3551.d.78FDD9E040F5A1246479B3BC6E72B433.e.8216","ELEMENT":"f.21909E599E196C0494D8E3CC232C3551.d.78FDD9E040F5A1246479B3BC6E72B433.e.8216"}]}
RESULT: {"script":"<script> [56 bytes]","args":[{"element-6066-11e4-a52e-4f735466cecf":"f.21909E599E196C0494D8E3CC232C3551.d.78FDD9E040F5A1246479B3BC6E72B433.e.8216","ELEMENT":"f.21909E599E196C0494D8E3CC232C3551.d.78FDD9E040F5A1246479B3BC6E72B433.e.8216"}]}
COMMAND: GET /session/0483d061f40becc12e3a8004d2d19577/screenshot - {}
RESULT: {}
COMMAND: POST /session/0483d061f40becc12e3a8004d2d19577/execute/sync - {"script":"<script> [56 bytes]","args":[{"element-6066-11e4-a52e-4f735466cecf":"f.21909E599E196C0494D8E3CC232C3551.d.78FDD9E040F5A1246479B3BC6E72B433.e.8216","ELEMENT":"f.21909E599E196C0494D8E3CC232C3551.d.78FDD9E040F5A1246479B3BC6E72B433.e.8216"}]}
RESULT: {"script":"<script> [56 bytes]","args":[{"element-6066-11e4-a52e-4f735466cecf":"f.21909E599E196C0494D8E3CC232C3551.d.78FDD9E040F5A1246479B3BC6E72B433.e.8216","ELEMENT":"f.21909E599E196C0494D8E3CC232C3551.d.78FDD9E040F5A1246479B3BC6E72B433.e.8216"}]}
COMMAND: GET /session/0483d061f40becc12e3a8004d2d19577/screenshot - {}
RESULT: {}
COMMAND: POST /session/0483d061f40becc12e3a8004d2d19577/execute/sync - {"script":"<script> [56 bytes]","args":[{"element-6066-11e4-a52e-4f735466cecf":"f.21909E599E196C0494D8E3CC232C3551.d.78FDD9E040F5A1246479B3BC6E72B433.e.8216","ELEMENT":"f.21909E599E196C0494D8E3CC232C3551.d.78FDD9E040F5A1246479B3BC6E72B433.e.8216"}]}
RESULT: {"script":"<script> [56 bytes]","args":[{"element-6066-11e4-a52e-4f735466cecf":"f.21909E599E196C0494D8E3CC232C3551.d.78FDD9E040F5A1246479B3BC6E72B433.e.8216","ELEMENT":"f.21909E599E196C0494D8E3CC232C3551.d.78FDD9E040F5A1246479B3BC6E72B433.e.8216"}]}
COMMAND: GET /session/0483d061f40becc12e3a8004d2d19577/screenshot - {}
RESULT: {}
COMMAND: POST /session/0483d061f40becc12e3a8004d2d19577/execute/sync - {"script":"<script> [56 bytes]","args":[{"element-6066-11e4-a52e-4f735466cecf":"f.21909E599E196C0494D8E3CC232C3551.d.78FDD9E040F5A1246479B3BC6E72B433.e.8216","ELEMENT":"f.21909E599E196C0494D8E3CC232C3551.d.78FDD9E040F5A1246479B3BC6E72B433.e.8216"}]}
RESULT: {"script":"<script> [56 bytes]","args":[{"element-6066-11e4-a52e-4f735466cecf":"f.21909E599E196C0494D8E3CC232C3551.d.78FDD9E040F5A1246479B3BC6E72B433.e.8216","ELEMENT":"f.21909E599E196C0494D8E3CC232C3551.d.78FDD9E040F5A1246479B3BC6E72B433.e.8216"}]}
COMMAND: GET /session/0483d061f40becc12e3a8004d2d19577/screenshot - {}
RESULT: {}
COMMAND: POST /session/0483d061f40becc12e3a8004d2d19577/execute/sync - {"script":"<script> [56 bytes]","args":[{"element-6066-11e4-a52e-4f735466cecf":"f.21909E599E196C0494D8E3CC232C3551.d.78FDD9E040F5A1246479B3BC6E72B433.e.8216","ELEMENT":"f.21909E599E196C0494D8E3CC232C3551.d.78FDD9E040F5A1246479B3BC6E72B433.e.8216"}]}
RESULT: {"script":"<script> [56 bytes]","args":[{"element-6066-11e4-a52e-4f735466cecf":"f.21909E599E196C0494D8E3CC232C3551.d.78FDD9E040F5A1246479B3BC6E72B433.e.8216","ELEMENT":"f.21909E599E196C0494D8E3CC232C3551.d.78FDD9E040F5A1246479B3BC6E72B433.e.8216"}]}
COMMAND: GET /session/0483d061f40becc12e3a8004d2d19577/screenshot - {}
RESULT: {}
COMMAND: POST /session/0483d061f40becc12e3a8004d2d19577/execute/sync - {"script":"<script> [56 bytes]","args":[{"element-6066-11e4-a52e-4f735466cecf":"f.21909E599E196C0494D8E3CC232C3551.d.78FDD9E040F5A1246479B3BC6E72B433.e.8216","ELEMENT":"f.21909E599E196C0494D8E3CC232C3551.d.78FDD9E040F5A1246479B3BC6E72B433.e.8216"}]}
RESULT: {"script":"<script> [56 bytes]","args":[{"element-6066-11e4-a52e-4f735466cecf":"f.21909E599E196C0494D8E3CC232C3551.d.78FDD9E040F5A1246479B3BC6E72B433.e.8216","ELEMENT":"f.21909E599E196C0494D8E3CC232C3551.d.78FDD9E040F5A1246479B3BC6E72B433.e.8216"}]}
COMMAND: GET /session/0483d061f40becc12e3a8004d2d19577/screenshot - {}
RESULT: {}
COMMAND: POST /session/0483d061f40becc12e3a8004d2d19577/execute/sync - {"script":"<script> [56 bytes]","args":[{"element-6066-11e4-a52e-4f735466cecf":"f.21909E599E196C0494D8E3CC232C3551.d.78FDD9E040F5A1246479B3BC6E72B433.e.8216","ELEMENT":"f.21909E599E196C0494D8E3CC232C3551.d.78FDD9E040F5A1246479B3BC6E72B433.e.8216"}]}
RESULT: {"script":"<script> [56 bytes]","args":[{"element-6066-11e4-a52e-4f735466cecf":"f.21909E599E196C0494D8E3CC232C3551.d.78FDD9E040F5A1246479B3BC6E72B433.e.8216","ELEMENT":"f.21909E599E196C0494D8E3CC232C3551.d.78FDD9E040F5A1246479B3BC6E72B433.e.8216"}]}
COMMAND: GET /session/0483d061f40becc12e3a8004d2d19577/screenshot - {}
RESULT: {}
COMMAND: POST /session/0483d061f40becc12e3a8004d2d19577/execute/sync - {"script":"<script> [56 bytes]","args":[{"element-6066-11e4-a52e-4f735466cecf":"f.21909E599E196C0494D8E3CC232C3551.d.78FDD9E040F5A1246479B3BC6E72B433.e.8216","ELEMENT":"f.21909E599E196C0494D8E3CC232C3551.d.78FDD9E040F5A1246479B3BC6E72B433.e.8216"}]}
RESULT: {"script":"<script> [56 bytes]","args":[{"element-6066-11e4-a52e-4f735466cecf":"f.21909E599E196C0494D8E3CC232C3551.d.78FDD9E040F5A1246479B3BC6E72B433.e.8216","ELEMENT":"f.21909E599E196C0494D8E3CC232C3551.d.78FDD9E040F5A1246479B3BC6E72B433.e.8216"}]}
COMMAND: GET /session/0483d061f40becc12e3a8004d2d19577/screenshot - {}
RESULT: {}
COMMAND: POST /session/0483d061f40becc12e3a8004d2d19577/execute/sync - {"script":"<script> [56 bytes]","args":[{"element-6066-11e4-a52e-4f735466cecf":"f.21909E599E196C0494D8E3CC232C3551.d.78FDD9E040F5A1246479B3BC6E72B433.e.8216","ELEMENT":"f.21909E599E196C0494D8E3CC232C3551.d.78FDD9E040F5A1246479B3BC6E72B433.e.8216"}]}
RESULT: {"script":"<script> [56 bytes]","args":[{"element-6066-11e4-a52e-4f735466cecf":"f.21909E599E196C0494D8E3CC232C3551.d.78FDD9E040F5A1246479B3BC6E72B433.e.8216","ELEMENT":"f.21909E599E196C0494D8E3CC232C3551.d.78FDD9E040F5A1246479B3BC6E72B433.e.8216"}]}
COMMAND: GET /session/0483d061f40becc12e3a8004d2d19577/screenshot - {}
RESULT: {}
COMMAND: POST /session/0483d061f40becc12e3a8004d2d19577/execute/sync - {"script":"<script> [56 bytes]","args":[{"element-6066-11e4-a52e-4f735466cecf":"f.21909E599E196C0494D8E3CC232C3551.d.78FDD9E040F5A1246479B3BC6E72B433.e.8216","ELEMENT":"f.21909E599E196C0494D8E3CC232C3551.d.78FDD9E040F5A1246479B3BC6E72B433.e.8216"}]}
RESULT: {"script":"<script> [56 bytes]","args":[{"element-6066-11e4-a52e-4f735466cecf":"f.21909E599E196C0494D8E3CC232C3551.d.78FDD9E040F5A1246479B3BC6E72B433.e.8216","ELEMENT":"f.21909E599E196C0494D8E3CC232C3551.d.78FDD9E040F5A1246479B3BC6E72B433.e.8216"}]}
COMMAND: GET /session/0483d061f40becc12e3a8004d2d19577/screenshot - {}
COMMAND: POST /session/0483d061f40becc12e3a8004d2d19577/execute/sync - {"script":"<script> [56 bytes]","args":[{"element-6066-11e4-a52e-4f735466cecf":"f.21909E599E196C0494D8E3CC232C3551.d.78FDD9E040F5A1246479B3BC6E72B433.e.8216","ELEMENT":"f.21909E599E196C0494D8E3CC232C3551.d.78FDD9E040F5A1246479B3BC6E72B433.e.8216"}]}
RESULT: {}
RESULT: {"script":"<script> [56 bytes]","args":[{"element-6066-11e4-a52e-4f735466cecf":"f.21909E599E196C0494D8E3CC232C3551.d.78FDD9E040F5A1246479B3BC6E72B433.e.8216","ELEMENT":"f.21909E599E196C0494D8E3CC232C3551.d.78FDD9E040F5A1246479B3BC6E72B433.e.8216"}]}
COMMAND: GET /session/0483d061f40becc12e3a8004d2d19577/screenshot - {}
COMMAND: POST /session/0483d061f40becc12e3a8004d2d19577/execute/sync - {"script":"<script> [56 bytes]","args":[{"element-6066-11e4-a52e-4f735466cecf":"f.21909E599E196C0494D8E3CC232C3551.d.78FDD9E040F5A1246479B3BC6E72B433.e.8216","ELEMENT":"f.21909E599E196C0494D8E3CC232C3551.d.78FDD9E040F5A1246479B3BC6E72B433.e.8216"}]}
RESULT: {}
RESULT: {"script":"<script> [56 bytes]","args":[{"element-6066-11e4-a52e-4f735466cecf":"f.21909E599E196C0494D8E3CC232C3551.d.78FDD9E040F5A1246479B3BC6E72B433.e.8216","ELEMENT":"f.21909E599E196C0494D8E3CC232C3551.d.78FDD9E040F5A1246479B3BC6E72B433.e.8216"}]}
COMMAND: POST /session/0483d061f40becc12e3a8004d2d19577/element - {"using":"xpath","value":"//td[@aria-colindex=\"1\"]/div/div[contains(@class, \"sapMCbBg\")]"}
COMMAND: GET /session/0483d061f40becc12e3a8004d2d19577/screenshot - {}
RESULT: {"using":"xpath","value":"//td[@aria-colindex=\"1\"]/div/div[contains(@class, \"sapMCbBg\")]"}
COMMAND: POST /session/0483d061f40becc12e3a8004d2d19577/element/f.21909E599E196C0494D8E3CC232C3551.d.78FDD9E040F5A1246479B3BC6E72B433.e.8234/click - {}
RESULT: {}
RESULT: {}
COMMAND: GET /session/0483d061f40becc12e3a8004d2d19577/screenshot - {}
RESULT: {}
COMMAND: POST /session/0483d061f40becc12e3a8004d2d19577/element - {"using":"xpath","value":"//bdi[text()=\"Transfer\"]"}
RESULT: {"using":"xpath","value":"//bdi[text()=\"Transfer\"]"}
COMMAND: POST /session/0483d061f40becc12e3a8004d2d19577/element/f.21909E599E196C0494D8E3CC232C3551.d.78FDD9E040F5A1246479B3BC6E72B433.e.8235/click - {}
RESULT: {}
COMMAND: GET /session/0483d061f40becc12e3a8004d2d19577/screenshot - {}
RESULT: {}
COMMAND: POST /session/0483d061f40becc12e3a8004d2d19577/element - {"using":"xpath","value":"//bdi[contains(text(), \"OK\")]"}
RESULT: {"using":"xpath","value":"//bdi[contains(text(), \"OK\")]"}
COMMAND: POST /session/0483d061f40becc12e3a8004d2d19577/element/f.21909E599E196C0494D8E3CC232C3551.d.78FDD9E040F5A1246479B3BC6E72B433.e.8238/click - {}
RESULT: {}
COMMAND: GET /session/0483d061f40becc12e3a8004d2d19577/screenshot - {}
RESULT: {}
COMMAND: POST /session/0483d061f40becc12e3a8004d2d19577/element - {"using":"xpath","value":"(//span[contains(text(), \"Invoice open\")]/parent::div/preceding-sibling::div/span)[1]"}
RESULT: {"using":"xpath","value":"(//span[contains(text(), \"Invoice open\")]/parent::div/preceding-sibling::div/span)[1]"}
COMMAND: POST /session/0483d061f40becc12e3a8004d2d19577/element/f.21909E599E196C0494D8E3CC232C3551.d.78FDD9E040F5A1246479B3BC6E72B433.e.8247/click - {}
RESULT: {}
COMMAND: GET /session/0483d061f40becc12e3a8004d2d19577/screenshot - {}
RESULT: {}
COMMAND: POST /session/0483d061f40becc12e3a8004d2d19577/element - {"using":"xpath","value":"//input[contains(@id ,\"application-billingtransfer-display-component---billingWorkbench--smartFilterBar-btnBasicSearch\")]"}
RESULT: {"using":"xpath","value":"//input[contains(@id ,\"application-billingtransfer-display-component---billingWorkbench--smartFilterBar-btnBasicSearch\")]"}
COMMAND: POST /session/0483d061f40becc12e3a8004d2d19577/elements - {"using":"xpath","value":"//input[contains(@id ,\"application-billingtransfer-display-component---billingWorkbench--smartFilterBar-btnBasicSearch\")]"}
RESULT: {"using":"xpath","value":"//input[contains(@id ,\"application-billingtransfer-display-component---billingWorkbench--smartFilterBar-btnBasicSearch\")]"}
COMMAND: POST /session/0483d061f40becc12e3a8004d2d19577/execute/sync - {"script":"<script> [8489 bytes]","args":[{"element-6066-11e4-a52e-4f735466cecf":"f.21909E599E196C0494D8E3CC232C3551.d.78FDD9E040F5A1246479B3BC6E72B433.e.8065","ELEMENT":"f.21909E599E196C0494D8E3CC232C3551.d.78FDD9E040F5A1246479B3BC6E72B433.e.8065"}]}
RESULT: {"script":"<script> [8489 bytes]","args":[{"element-6066-11e4-a52e-4f735466cecf":"f.21909E599E196C0494D8E3CC232C3551.d.78FDD9E040F5A1246479B3BC6E72B433.e.8065","ELEMENT":"f.21909E599E196C0494D8E3CC232C3551.d.78FDD9E040F5A1246479B3BC6E72B433.e.8065"}]}
COMMAND: GET /session/0483d061f40becc12e3a8004d2d19577/element/f.21909E599E196C0494D8E3CC232C3551.d.78FDD9E040F5A1246479B3BC6E72B433.e.8065/enabled - {}
COMMAND: GET /session/0483d061f40becc12e3a8004d2d19577/screenshot - {}
RESULT: {}
COMMAND: POST /session/0483d061f40becc12e3a8004d2d19577/element/f.21909E599E196C0494D8E3CC232C3551.d.78FDD9E040F5A1246479B3BC6E72B433.e.8065/click - {}
COMMAND: GET /session/0483d061f40becc12e3a8004d2d19577/screenshot - {}
RESULT: {}
RESULT: {}
COMMAND: GET /session/0483d061f40becc12e3a8004d2d19577/screenshot - {}
RESULT: {}
RESULT: {}
COMMAND: POST /session/0483d061f40becc12e3a8004d2d19577/element/f.21909E599E196C0494D8E3CC232C3551.d.78FDD9E040F5A1246479B3BC6E72B433.e.8065/clear - {}
RESULT: {}
COMMAND: POST /session/0483d061f40becc12e3a8004d2d19577/element/f.21909E599E196C0494D8E3CC232C3551.d.78FDD9E040F5A1246479B3BC6E72B433.e.8065/value - {"text":"10382"}
COMMAND: GET /session/0483d061f40becc12e3a8004d2d19577/screenshot - {}
RESULT: {"text":"10382"}
COMMAND: POST /session/0483d061f40becc12e3a8004d2d19577/actions - {"actions":[{"id":"action22","type":"key","parameters":{},"actions":[{"type":"keyDown","value":""},{"type":"pause","duration":10},{"type":"keyUp","value":""}]}]}
COMMAND: GET /session/0483d061f40becc12e3a8004d2d19577/screenshot - {}
RESULT: {}
RESULT: {"actions":[{"id":"action22","type":"key","parameters":{},"actions":[{"type":"keyDown","value":""},{"type":"pause","duration":10},{"type":"keyUp","value":""}]}]}
COMMAND: GET /session/0483d061f40becc12e3a8004d2d19577/screenshot - {}
RESULT: {}
RESULT: {}
COMMAND: POST /session/0483d061f40becc12e3a8004d2d19577/element - {"using":"xpath","value":"//span[contains(@id ,\"application-billingtransfer-display-component---billingWorkbench--smartTableBillingRuns-header-inner\")]"}
RESULT: {"using":"xpath","value":"//span[contains(@id ,\"application-billingtransfer-display-component---billingWorkbench--smartTableBillingRuns-header-inner\")]"}
COMMAND: POST /session/0483d061f40becc12e3a8004d2d19577/elements - {"using":"xpath","value":"//span[contains(@id ,\"application-billingtransfer-display-component---billingWorkbench--smartTableBillingRuns-header-inner\")]"}
RESULT: {"using":"xpath","value":"//span[contains(@id ,\"application-billingtransfer-display-component---billingWorkbench--smartTableBillingRuns-header-inner\")]"}
COMMAND: POST /session/0483d061f40becc12e3a8004d2d19577/execute/sync - {"script":"<script> [56 bytes]","args":[{"element-6066-11e4-a52e-4f735466cecf":"f.21909E599E196C0494D8E3CC232C3551.d.78FDD9E040F5A1246479B3BC6E72B433.e.8216","ELEMENT":"f.21909E599E196C0494D8E3CC232C3551.d.78FDD9E040F5A1246479B3BC6E72B433.e.8216"}]}
RESULT: {"script":"<script> [56 bytes]","args":[{"element-6066-11e4-a52e-4f735466cecf":"f.21909E599E196C0494D8E3CC232C3551.d.78FDD9E040F5A1246479B3BC6E72B433.e.8216","ELEMENT":"f.21909E599E196C0494D8E3CC232C3551.d.78FDD9E040F5A1246479B3BC6E72B433.e.8216"}]}
COMMAND: POST /session/0483d061f40becc12e3a8004d2d19577/element - {"using":"css selector","value":"#shell-header-logo"}
COMMAND: GET /session/0483d061f40becc12e3a8004d2d19577/screenshot - {}
RESULT: {"using":"css selector","value":"#shell-header-logo"}
COMMAND: POST /session/0483d061f40becc12e3a8004d2d19577/element/f.21909E599E196C0494D8E3CC232C3551.d.78FDD9E040F5A1246479B3BC6E72B433.e.8063/click - {}
RESULT: {}
RESULT: {}
COMMAND: GET /session/0483d061f40becc12e3a8004d2d19577/screenshot - {}
RESULT: {}
COMMAND: POST /session/0483d061f40becc12e3a8004d2d19577/element - {"using":"css selector","value":"#j_username"}
COMMAND: POST /session/0483d061f40becc12e3a8004d2d19577/url - {"url":"https://qa-testing-00-live-etm-ui.cfapps.eu10-004.hana.ondemand.com/"}
RESULT: {"using":"css selector","value":"#j_username"}
COMMAND: POST /session/0483d061f40becc12e3a8004d2d19577/element - {"using":"css selector","value":"#j_username"}
RESULT: {"url":"https://qa-testing-00-live-etm-ui.cfapps.eu10-004.hana.ondemand.com/"}
RESULT: undefined
COMMAND: GET /session/0483d061f40becc12e3a8004d2d19577/screenshot - {}
RESULT: {"using":"css selector","value":"#j_username"}
COMMAND: POST /session/0483d061f40becc12e3a8004d2d19577/element - {"using":"css selector","value":"#shell-header-logo"}
RESULT: {}
RESULT: {"using":"css selector","value":"#shell-header-logo"}
COMMAND: POST /session/0483d061f40becc12e3a8004d2d19577/execute/sync - {"script":"<script> [8489 bytes]","args":[{"element-6066-11e4-a52e-4f735466cecf":"f.21909E599E196C0494D8E3CC232C3551.d.8E53629CC5CAEBA4BC757A48293EE258.e.8264","ELEMENT":"f.21909E599E196C0494D8E3CC232C3551.d.8E53629CC5CAEBA4BC757A48293EE258.e.8264"}]}
RESULT: {"script":"<script> [8489 bytes]","args":[{"element-6066-11e4-a52e-4f735466cecf":"f.21909E599E196C0494D8E3CC232C3551.d.8E53629CC5CAEBA4BC757A48293EE258.e.8264","ELEMENT":"f.21909E599E196C0494D8E3CC232C3551.d.8E53629CC5CAEBA4BC757A48293EE258.e.8264"}]}
COMMAND: POST /session/0483d061f40becc12e3a8004d2d19577/element - {"using":"css selector","value":"#shell-header-logo"}
COMMAND: GET /session/0483d061f40becc12e3a8004d2d19577/screenshot - {}
RESULT: {"using":"css selector","value":"#shell-header-logo"}
COMMAND: POST /session/0483d061f40becc12e3a8004d2d19577/execute/sync - {"script":"<script> [8489 bytes]","args":[{"element-6066-11e4-a52e-4f735466cecf":"f.21909E599E196C0494D8E3CC232C3551.d.8E53629CC5CAEBA4BC757A48293EE258.e.8264","ELEMENT":"f.21909E599E196C0494D8E3CC232C3551.d.8E53629CC5CAEBA4BC757A48293EE258.e.8264"}]}
RESULT: {}
RESULT: {"script":"<script> [8489 bytes]","args":[{"element-6066-11e4-a52e-4f735466cecf":"f.21909E599E196C0494D8E3CC232C3551.d.8E53629CC5CAEBA4BC757A48293EE258.e.8264","ELEMENT":"f.21909E599E196C0494D8E3CC232C3551.d.8E53629CC5CAEBA4BC757A48293EE258.e.8264"}]}
COMMAND: POST /session/0483d061f40becc12e3a8004d2d19577/execute/sync - {"script":"<script> [5351 bytes]","args":[{"element-6066-11e4-a52e-4f735466cecf":"f.21909E599E196C0494D8E3CC232C3551.d.8E53629CC5CAEBA4BC757A48293EE258.e.8264","ELEMENT":"f.21909E599E196C0494D8E3CC232C3551.d.8E53629CC5CAEBA4BC757A48293EE258.e.8264"}]}
COMMAND: GET /session/0483d061f40becc12e3a8004d2d19577/screenshot - {}
RESULT: {"script":"<script> [5351 bytes]","args":[{"element-6066-11e4-a52e-4f735466cecf":"f.21909E599E196C0494D8E3CC232C3551.d.8E53629CC5CAEBA4BC757A48293EE258.e.8264","ELEMENT":"f.21909E599E196C0494D8E3CC232C3551.d.8E53629CC5CAEBA4BC757A48293EE258.e.8264"}]}
COMMAND: POST /session/0483d061f40becc12e3a8004d2d19577/element - {"using":"css selector","value":"#shell-header-logo"}
COMMAND: GET /session/0483d061f40becc12e3a8004d2d19577/screenshot - {}
RESULT: {}
RESULT: {"using":"css selector","value":"#shell-header-logo"}
COMMAND: POST /session/0483d061f40becc12e3a8004d2d19577/element/f.21909E599E196C0494D8E3CC232C3551.d.8E53629CC5CAEBA4BC757A48293EE258.e.8264/click - {}
RESULT: {}
RESULT: {}
COMMAND: GET /session/0483d061f40becc12e3a8004d2d19577/screenshot - {}
RESULT: {}
COMMAND: POST /session/0483d061f40becc12e3a8004d2d19577/execute/async - {"script":"<script> [189 bytes]","args":[]}
RESULT: {"script":"<script> [189 bytes]","args":[]}
COMMAND: POST /session/0483d061f40becc12e3a8004d2d19577/execute/async - {"script":"<script> [123 bytes]","args":[]}
RESULT: {"script":"<script> [123 bytes]","args":[]}
COMMAND: POST /session/0483d061f40becc12e3a8004d2d19577/timeouts - {"script":"<number>"}
RESULT: {"script":"<number>"}
COMMAND: GET /session/0483d061f40becc12e3a8004d2d19577/timeouts - {}
RESULT: {}
RESULT: undefined
COMMAND: POST /session/0483d061f40becc12e3a8004d2d19577/execute/async - {"script":"<script> [2676 bytes]","args":[]}
RESULT: {"script":"<script> [2676 bytes]","args":[]}
COMMAND: POST /session/0483d061f40becc12e3a8004d2d19577/execute/async - {"script":"<script> [2342 bytes]","args":[{"protocol":"http","hostname":"0.0.0.0","path":"/","capabilities":{"browserName":"chrome","goog:chromeOptions":{"binary":"C:\\Program Files\\Google\\Chrome\\Application\\chrome.exe","args":["--start-maximized"]}},"logLevel":"warn","connectionRetryTimeout":120000,"connectionRetryCount":3,"logLevels":{},"enableDirectConnect":true,"strictSSL":true,"_":"65 more keys: [\"cacheDir\",\"port\",\"requestedCapabilities\",\"automationProtocol\",\"baseUrl\",\"waitforInterval\",\"waitforTimeout\",\"onReload\",\"beforeCommand\",\"afterCommand\",\"rootDir\",\"specs\",\"suites\",\"exclude\",\"groupLogsByTestSpec\",\"excludeDriverLogs\",\"bail\",\"framework\",\"reporters\",\"services\",\"maxInstances\",\"maxInstancesPerCapability\",\"injectGlobals\",\"filesToWatch\",\"execArgv\",\"runnerEnv\",\"runner\",\"shard\",\"specFileRetries\",\"specFileRetriesDelay\",\"specFileRetriesDeferred\",\"reporterSyncInterval\",\"reporterSyncTimeout\",\"cucumberFeaturesWithLineNumbers\",\"autoCompileOpts\",\"mochaOpts\",\"jasmineOpts\",\"cucumberOpts\",\"onPrepare\",\"onWorkerStart\",\"onWorkerEnd\",\"before\",\"beforeSession\",\"beforeSuite\",\"beforeHook\",\"beforeTest\",\"afterTest\",\"afterHook\",\"afterSuite\",\"afterSession\",\"after\",\"onComplete\",\"beforeAssertion\",\"afterAssertion\",\"beforeFeature\",\"beforeScenario\",\"beforeStep\",\"afterStep\",\"afterScenario\",\"afterFeature\",\"_\",\"suite\",\"$0\",\"ignoredWorkerServices\",\"wdi5\"]"}]}
RESULT: {"script":"<script> [2342 bytes]","args":[{"protocol":"http","hostname":"0.0.0.0","path":"/","capabilities":{"browserName":"chrome","goog:chromeOptions":{"binary":"C:\\Program Files\\Google\\Chrome\\Application\\chrome.exe","args":["--start-maximized"]}},"logLevel":"warn","connectionRetryTimeout":120000,"connectionRetryCount":3,"logLevels":{},"enableDirectConnect":true,"strictSSL":true,"_":"65 more keys: [\"cacheDir\",\"port\",\"requestedCapabilities\",\"automationProtocol\",\"baseUrl\",\"waitforInterval\",\"waitforTimeout\",\"onReload\",\"beforeCommand\",\"afterCommand\",\"rootDir\",\"specs\",\"suites\",\"exclude\",\"groupLogsByTestSpec\",\"excludeDriverLogs\",\"bail\",\"framework\",\"reporters\",\"services\",\"maxInstances\",\"maxInstancesPerCapability\",\"injectGlobals\",\"filesToWatch\",\"execArgv\",\"runnerEnv\",\"runner\",\"shard\",\"specFileRetries\",\"specFileRetriesDelay\",\"specFileRetriesDeferred\",\"reporterSyncInterval\",\"reporterSyncTimeout\",\"cucumberFeaturesWithLineNumbers\",\"autoCompileOpts\",\"mochaOpts\",\"jasmineOpts\",\"cucumberOpts\",\"onPrepare\",\"onWorkerStart\",\"onWorkerEnd\",\"before\",\"beforeSession\",\"beforeSuite\",\"beforeHook\",\"beforeTest\",\"afterTest\",\"afterHook\",\"afterSuite\",\"afterSession\",\"after\",\"onComplete\",\"beforeAssertion\",\"afterAssertion\",\"beforeFeature\",\"beforeScenario\",\"beforeStep\",\"afterStep\",\"afterScenario\",\"afterFeature\",\"_\",\"suite\",\"$0\",\"ignoredWorkerServices\",\"wdi5\"]"}]}
COMMAND: POST /session/0483d061f40becc12e3a8004d2d19577/execute/async - {"script":"<script> [21126 bytes]","args":[35000]}
RESULT: {"script":"<script> [21126 bytes]","args":[35000]}
COMMAND: POST /session/0483d061f40becc12e3a8004d2d19577/window/maximize - {}
RESULT: {}
COMMAND: POST /session/0483d061f40becc12e3a8004d2d19577/execute/async - {"script":"<script> [1562 bytes]","args":[{"selector":{"id":"shell-header","interaction":{"idSuffix":"icon"}},"wdio_ui5_key":"shellheader"}]}
COMMAND: GET /session/0483d061f40becc12e3a8004d2d19577/screenshot - {}
RESULT: {"script":"<script> [1562 bytes]","args":[{"selector":{"id":"shell-header","interaction":{"idSuffix":"icon"}},"wdio_ui5_key":"shellheader"}]}
RESULT: undefined
COMMAND: POST /session/0483d061f40becc12e3a8004d2d19577/refresh - {}
RESULT: {}
RESULT: {}
COMMAND: GET /session/0483d061f40becc12e3a8004d2d19577/screenshot - {}
RESULT: {}
COMMAND: POST /session/0483d061f40becc12e3a8004d2d19577/refresh - {}
RESULT: {}
COMMAND: GET /session/0483d061f40becc12e3a8004d2d19577/screenshot - {}
RESULT: {}
COMMAND: POST /session/0483d061f40becc12e3a8004d2d19577/window/fullscreen - {}
RESULT: {}
COMMAND: POST /session/0483d061f40becc12e3a8004d2d19577/execute/async - {"script":"<script> [189 bytes]","args":[]}
RESULT: {"script":"<script> [189 bytes]","args":[]}
COMMAND: POST /session/0483d061f40becc12e3a8004d2d19577/execute/async - {"script":"<script> [123 bytes]","args":[]}
RESULT: {"script":"<script> [123 bytes]","args":[]}
COMMAND: POST /session/0483d061f40becc12e3a8004d2d19577/timeouts - {"script":"<number>"}
RESULT: {"script":"<number>"}
COMMAND: GET /session/0483d061f40becc12e3a8004d2d19577/timeouts - {}
RESULT: {}
RESULT: undefined
COMMAND: POST /session/0483d061f40becc12e3a8004d2d19577/execute/async - {"script":"<script> [2676 bytes]","args":[]}
RESULT: {"script":"<script> [2676 bytes]","args":[]}
COMMAND: POST /session/0483d061f40becc12e3a8004d2d19577/execute/async - {"script":"<script> [2342 bytes]","args":[{"protocol":"http","hostname":"0.0.0.0","path":"/","capabilities":{"browserName":"chrome","goog:chromeOptions":{"binary":"C:\\Program Files\\Google\\Chrome\\Application\\chrome.exe","args":["--start-maximized"]}},"logLevel":"warn","connectionRetryTimeout":120000,"connectionRetryCount":3,"logLevels":{},"enableDirectConnect":true,"strictSSL":true,"_":"65 more keys: [\"cacheDir\",\"port\",\"requestedCapabilities\",\"automationProtocol\",\"baseUrl\",\"waitforInterval\",\"waitforTimeout\",\"onReload\",\"beforeCommand\",\"afterCommand\",\"rootDir\",\"specs\",\"suites\",\"exclude\",\"groupLogsByTestSpec\",\"excludeDriverLogs\",\"bail\",\"framework\",\"reporters\",\"services\",\"maxInstances\",\"maxInstancesPerCapability\",\"injectGlobals\",\"filesToWatch\",\"execArgv\",\"runnerEnv\",\"runner\",\"shard\",\"specFileRetries\",\"specFileRetriesDelay\",\"specFileRetriesDeferred\",\"reporterSyncInterval\",\"reporterSyncTimeout\",\"cucumberFeaturesWithLineNumbers\",\"autoCompileOpts\",\"mochaOpts\",\"jasmineOpts\",\"cucumberOpts\",\"onPrepare\",\"onWorkerStart\",\"onWorkerEnd\",\"before\",\"beforeSession\",\"beforeSuite\",\"beforeHook\",\"beforeTest\",\"afterTest\",\"afterHook\",\"afterSuite\",\"afterSession\",\"after\",\"onComplete\",\"beforeAssertion\",\"afterAssertion\",\"beforeFeature\",\"beforeScenario\",\"beforeStep\",\"afterStep\",\"afterScenario\",\"afterFeature\",\"_\",\"suite\",\"$0\",\"ignoredWorkerServices\",\"wdi5\"]"}]}
RESULT: {"script":"<script> [2342 bytes]","args":[{"protocol":"http","hostname":"0.0.0.0","path":"/","capabilities":{"browserName":"chrome","goog:chromeOptions":{"binary":"C:\\Program Files\\Google\\Chrome\\Application\\chrome.exe","args":["--start-maximized"]}},"logLevel":"warn","connectionRetryTimeout":120000,"connectionRetryCount":3,"logLevels":{},"enableDirectConnect":true,"strictSSL":true,"_":"65 more keys: [\"cacheDir\",\"port\",\"requestedCapabilities\",\"automationProtocol\",\"baseUrl\",\"waitforInterval\",\"waitforTimeout\",\"onReload\",\"beforeCommand\",\"afterCommand\",\"rootDir\",\"specs\",\"suites\",\"exclude\",\"groupLogsByTestSpec\",\"excludeDriverLogs\",\"bail\",\"framework\",\"reporters\",\"services\",\"maxInstances\",\"maxInstancesPerCapability\",\"injectGlobals\",\"filesToWatch\",\"execArgv\",\"runnerEnv\",\"runner\",\"shard\",\"specFileRetries\",\"specFileRetriesDelay\",\"specFileRetriesDeferred\",\"reporterSyncInterval\",\"reporterSyncTimeout\",\"cucumberFeaturesWithLineNumbers\",\"autoCompileOpts\",\"mochaOpts\",\"jasmineOpts\",\"cucumberOpts\",\"onPrepare\",\"onWorkerStart\",\"onWorkerEnd\",\"before\",\"beforeSession\",\"beforeSuite\",\"beforeHook\",\"beforeTest\",\"afterTest\",\"afterHook\",\"afterSuite\",\"afterSession\",\"after\",\"onComplete\",\"beforeAssertion\",\"afterAssertion\",\"beforeFeature\",\"beforeScenario\",\"beforeStep\",\"afterStep\",\"afterScenario\",\"afterFeature\",\"_\",\"suite\",\"$0\",\"ignoredWorkerServices\",\"wdi5\"]"}]}
COMMAND: POST /session/0483d061f40becc12e3a8004d2d19577/execute/async - {"script":"<script> [21126 bytes]","args":[35000]}
RESULT: {"script":"<script> [21126 bytes]","args":[35000]}
]]></system-out>
    </testcase>
  </testsuite>
  <testsuite timestamp="2025-05-29T17:40:27" time="1080.011" tests="12" failures="0" errors="0" skipped="0">
    <properties>
      <property name="specId" value="0"/>
      <property name="suiteName" value="Billing Transfer - Intracompany US127249"/>
      <property name="capabilities" value="chrome.136_0_7103_93.windows"/>
      <property name="file" value="file:///D:/a/1/s/test/specs/BTS/billing-transfer-intracompany.spec.js"/>
    </properties>
    <testcase classname="chrome.136_0_7103_93.windows.Billing_Transfer_-_Intracompany_US127249" name="Should create a new yard" time="127.525">
      <system-out><![CDATA[
COMMAND: POST /session/0483d061f40becc12e3a8004d2d19577/window/fullscreen - {}
RESULT: {}
COMMAND: POST /session/0483d061f40becc12e3a8004d2d19577/execute/async - {"script":"<script> [1562 bytes]","args":[{"selector":{"controlType":"sap.m.GenericTile","properties":{"header":"Manage Yards"}},"wdio_ui5_key":"sapm.GenericTile{\"header\":\"Manage Yards\"}"}]}
RESULT: {"script":"<script> [1562 bytes]","args":[{"selector":{"controlType":"sap.m.GenericTile","properties":{"header":"Manage Yards"}},"wdio_ui5_key":"sapm.GenericTile{\"header\":\"Manage Yards\"}"}]}
RESULT: undefined
COMMAND: POST /session/0483d061f40becc12e3a8004d2d19577/element - {"using":"xpath","value":"//*[@id=\"__tile41\"]"}
RESULT: {"using":"xpath","value":"//*[@id=\"__tile41\"]"}
COMMAND: POST /session/0483d061f40becc12e3a8004d2d19577/element/f.21909E599E196C0494D8E3CC232C3551.d.939AD3E5A4FE5BBC2B38480F61D2BA06.e.8424/click - {}
RESULT: {}
COMMAND: GET /session/0483d061f40becc12e3a8004d2d19577/screenshot - {}
RESULT: {}
COMMAND: POST /session/0483d061f40becc12e3a8004d2d19577/elements - {"using":"xpath","value":"//span[text()='Error']"}
RESULT: {"using":"xpath","value":"//span[text()='Error']"}
COMMAND: POST /session/0483d061f40becc12e3a8004d2d19577/element - {"using":"xpath","value":"//button[@data-kt=\"addNewYardOverflowToolbarButton\"]"}
RESULT: {"using":"xpath","value":"//button[@data-kt=\"addNewYardOverflowToolbarButton\"]"}
COMMAND: POST /session/0483d061f40becc12e3a8004d2d19577/elements - {"using":"xpath","value":"//button[@data-kt=\"addNewYardOverflowToolbarButton\"]"}
RESULT: {"using":"xpath","value":"//button[@data-kt=\"addNewYardOverflowToolbarButton\"]"}
COMMAND: POST /session/0483d061f40becc12e3a8004d2d19577/elements - {"using":"xpath","value":"//button[@data-kt=\"addNewYardOverflowToolbarButton\"]"}
RESULT: {"using":"xpath","value":"//button[@data-kt=\"addNewYardOverflowToolbarButton\"]"}
COMMAND: POST /session/0483d061f40becc12e3a8004d2d19577/element - {"using":"xpath","value":"//button[@data-kt=\"addNewYardOverflowToolbarButton\"]"}
RESULT: {"using":"xpath","value":"//button[@data-kt=\"addNewYardOverflowToolbarButton\"]"}
COMMAND: POST /session/0483d061f40becc12e3a8004d2d19577/execute/sync - {"script":"<script> [8489 bytes]","args":[{"element-6066-11e4-a52e-4f735466cecf":"f.21909E599E196C0494D8E3CC232C3551.d.939AD3E5A4FE5BBC2B38480F61D2BA06.e.8558","ELEMENT":"f.21909E599E196C0494D8E3CC232C3551.d.939AD3E5A4FE5BBC2B38480F61D2BA06.e.8558"}]}
RESULT: {"script":"<script> [8489 bytes]","args":[{"element-6066-11e4-a52e-4f735466cecf":"f.21909E599E196C0494D8E3CC232C3551.d.939AD3E5A4FE5BBC2B38480F61D2BA06.e.8558","ELEMENT":"f.21909E599E196C0494D8E3CC232C3551.d.939AD3E5A4FE5BBC2B38480F61D2BA06.e.8558"}]}
COMMAND: GET /session/0483d061f40becc12e3a8004d2d19577/element/f.21909E599E196C0494D8E3CC232C3551.d.939AD3E5A4FE5BBC2B38480F61D2BA06.e.8558/enabled - {}
COMMAND: GET /session/0483d061f40becc12e3a8004d2d19577/screenshot - {}
RESULT: {}
COMMAND: POST /session/0483d061f40becc12e3a8004d2d19577/execute/sync - {"script":"<script> [8489 bytes]","args":[{"element-6066-11e4-a52e-4f735466cecf":"f.21909E599E196C0494D8E3CC232C3551.d.939AD3E5A4FE5BBC2B38480F61D2BA06.e.8558","ELEMENT":"f.21909E599E196C0494D8E3CC232C3551.d.939AD3E5A4FE5BBC2B38480F61D2BA06.e.8558"}]}
COMMAND: GET /session/0483d061f40becc12e3a8004d2d19577/screenshot - {}
RESULT: {}
RESULT: {"script":"<script> [8489 bytes]","args":[{"element-6066-11e4-a52e-4f735466cecf":"f.21909E599E196C0494D8E3CC232C3551.d.939AD3E5A4FE5BBC2B38480F61D2BA06.e.8558","ELEMENT":"f.21909E599E196C0494D8E3CC232C3551.d.939AD3E5A4FE5BBC2B38480F61D2BA06.e.8558"}]}
COMMAND: POST /session/0483d061f40becc12e3a8004d2d19577/execute/sync - {"script":"<script> [5351 bytes]","args":[{"element-6066-11e4-a52e-4f735466cecf":"f.21909E599E196C0494D8E3CC232C3551.d.939AD3E5A4FE5BBC2B38480F61D2BA06.e.8558","ELEMENT":"f.21909E599E196C0494D8E3CC232C3551.d.939AD3E5A4FE5BBC2B38480F61D2BA06.e.8558"}]}
COMMAND: GET /session/0483d061f40becc12e3a8004d2d19577/screenshot - {}
RESULT: {}
RESULT: {"script":"<script> [5351 bytes]","args":[{"element-6066-11e4-a52e-4f735466cecf":"f.21909E599E196C0494D8E3CC232C3551.d.939AD3E5A4FE5BBC2B38480F61D2BA06.e.8558","ELEMENT":"f.21909E599E196C0494D8E3CC232C3551.d.939AD3E5A4FE5BBC2B38480F61D2BA06.e.8558"}]}
COMMAND: POST /session/0483d061f40becc12e3a8004d2d19577/element/f.21909E599E196C0494D8E3CC232C3551.d.939AD3E5A4FE5BBC2B38480F61D2BA06.e.8558/click - {}
COMMAND: GET /session/0483d061f40becc12e3a8004d2d19577/screenshot - {}
RESULT: {}
RESULT: {}
RESULT: {}
COMMAND: GET /session/0483d061f40becc12e3a8004d2d19577/screenshot - {}
RESULT: {}
COMMAND: POST /session/0483d061f40becc12e3a8004d2d19577/element - {"using":"xpath","value":"//input[@id=\"application-manageyards-display-component---NewYard--yardId-inner\"]"}
RESULT: {"using":"xpath","value":"//input[@id=\"application-manageyards-display-component---NewYard--yardId-inner\"]"}
COMMAND: POST /session/0483d061f40becc12e3a8004d2d19577/element - {"using":"xpath","value":"//input[@id=\"application-manageyards-display-component---NewYard--yardId-inner\"]"}
RESULT: {"using":"xpath","value":"//input[@id=\"application-manageyards-display-component---NewYard--yardId-inner\"]"}
COMMAND: POST /session/0483d061f40becc12e3a8004d2d19577/execute/async - {"script":"<script> [1562 bytes]","args":[{"selector":{"id":"application-manageyards-display-component---NewYard--addressDetailDetailsName1","interaction":{"idSuffix":"inner"}},"wdio_ui5_key":"applicationmanageyards-display-component---NewYard--addressDetailDetailsName1"}]}
RESULT: {"script":"<script> [1562 bytes]","args":[{"selector":{"id":"application-manageyards-display-component---NewYard--addressDetailDetailsName1","interaction":{"idSuffix":"inner"}},"wdio_ui5_key":"applicationmanageyards-display-component---NewYard--addressDetailDetailsName1"}]}
RESULT: undefined
COMMAND: POST /session/0483d061f40becc12e3a8004d2d19577/execute/async - {"script":"<script> [776 bytes]","args":[{"enterText":"Intracompany Yard wdIO","selector":{"id":"application-manageyards-display-component---NewYard--addressDetailDetailsName1","interaction":{"idSuffix":"inner"}},"clearTextFirst":true,"interactionType":"ENTER_TEXT"}]}
RESULT: {"script":"<script> [776 bytes]","args":[{"enterText":"Intracompany Yard wdIO","selector":{"id":"application-manageyards-display-component---NewYard--addressDetailDetailsName1","interaction":{"idSuffix":"inner"}},"clearTextFirst":true,"interactionType":"ENTER_TEXT"}]}
COMMAND: POST /session/0483d061f40becc12e3a8004d2d19577/execute/async - {"script":"<script> [1562 bytes]","args":[{"selector":{"id":"application-manageyards-display-component---NewYard--addressDetailDetailsLanguage-arrow"},"wdio_ui5_key":"applicationmanageyards-display-component---NewYard--addressDetailDetailsLanguage-arrow"}]}
RESULT: {"script":"<script> [1562 bytes]","args":[{"selector":{"id":"application-manageyards-display-component---NewYard--addressDetailDetailsLanguage-arrow"},"wdio_ui5_key":"applicationmanageyards-display-component---NewYard--addressDetailDetailsLanguage-arrow"}]}
RESULT: undefined
COMMAND: POST /session/0483d061f40becc12e3a8004d2d19577/element - {"using":"xpath","value":"//*[@id=\"application-manageyards-display-component---NewYard--addressDetailDetailsLanguage-arrow\"]"}
RESULT: {"using":"xpath","value":"//*[@id=\"application-manageyards-display-component---NewYard--addressDetailDetailsLanguage-arrow\"]"}
COMMAND: POST /session/0483d061f40becc12e3a8004d2d19577/element/f.21909E599E196C0494D8E3CC232C3551.d.939AD3E5A4FE5BBC2B38480F61D2BA06.e.8995/click - {}
RESULT: {}
COMMAND: POST /session/0483d061f40becc12e3a8004d2d19577/element - {"using":"xpath","value":"//span[contains(text(), \"English\")]"}
COMMAND: GET /session/0483d061f40becc12e3a8004d2d19577/screenshot - {}
RESULT: {"using":"xpath","value":"//span[contains(text(), \"English\")]"}
COMMAND: POST /session/0483d061f40becc12e3a8004d2d19577/element/f.21909E599E196C0494D8E3CC232C3551.d.939AD3E5A4FE5BBC2B38480F61D2BA06.e.8996/click - {}
RESULT: {}
RESULT: {}
COMMAND: POST /session/0483d061f40becc12e3a8004d2d19577/execute/async - {"script":"<script> [1562 bytes]","args":[{"selector":{"id":"application-manageyards-display-component---NewYard--addressDetailDetailsCity1","interaction":{"idSuffix":"inner"}},"wdio_ui5_key":"applicationmanageyards-display-component---NewYard--addressDetailDetailsCity1"}]}
COMMAND: GET /session/0483d061f40becc12e3a8004d2d19577/screenshot - {}
RESULT: {"script":"<script> [1562 bytes]","args":[{"selector":{"id":"application-manageyards-display-component---NewYard--addressDetailDetailsCity1","interaction":{"idSuffix":"inner"}},"wdio_ui5_key":"applicationmanageyards-display-component---NewYard--addressDetailDetailsCity1"}]}
RESULT: undefined
COMMAND: POST /session/0483d061f40becc12e3a8004d2d19577/execute/async - {"script":"<script> [776 bytes]","args":[{"enterText":"Rosario","selector":{"id":"application-manageyards-display-component---NewYard--addressDetailDetailsCity1","interaction":{"idSuffix":"inner"}},"clearTextFirst":true,"interactionType":"ENTER_TEXT"}]}
RESULT: {}
RESULT: {"script":"<script> [776 bytes]","args":[{"enterText":"Rosario","selector":{"id":"application-manageyards-display-component---NewYard--addressDetailDetailsCity1","interaction":{"idSuffix":"inner"}},"clearTextFirst":true,"interactionType":"ENTER_TEXT"}]}
COMMAND: POST /session/0483d061f40becc12e3a8004d2d19577/execute/async - {"script":"<script> [1562 bytes]","args":[{"selector":{"id":"application-manageyards-display-component---NewYard--addressDetailDetailsCountry-arrow"},"wdio_ui5_key":"applicationmanageyards-display-component---NewYard--addressDetailDetailsCountry-arrow"}]}
RESULT: {"script":"<script> [1562 bytes]","args":[{"selector":{"id":"application-manageyards-display-component---NewYard--addressDetailDetailsCountry-arrow"},"wdio_ui5_key":"applicationmanageyards-display-component---NewYard--addressDetailDetailsCountry-arrow"}]}
RESULT: undefined
COMMAND: POST /session/0483d061f40becc12e3a8004d2d19577/element - {"using":"xpath","value":"//*[@id=\"application-manageyards-display-component---NewYard--addressDetailDetailsCountry-arrow\"]"}
RESULT: {"using":"xpath","value":"//*[@id=\"application-manageyards-display-component---NewYard--addressDetailDetailsCountry-arrow\"]"}
COMMAND: POST /session/0483d061f40becc12e3a8004d2d19577/element/f.21909E599E196C0494D8E3CC232C3551.d.939AD3E5A4FE5BBC2B38480F61D2BA06.e.8998/click - {}
RESULT: {}
COMMAND: POST /session/0483d061f40becc12e3a8004d2d19577/element - {"using":"xpath","value":"//span[contains(text(), \"Argentina\")]"}
COMMAND: GET /session/0483d061f40becc12e3a8004d2d19577/screenshot - {}
RESULT: {"using":"xpath","value":"//span[contains(text(), \"Argentina\")]"}
COMMAND: POST /session/0483d061f40becc12e3a8004d2d19577/element/f.21909E599E196C0494D8E3CC232C3551.d.939AD3E5A4FE5BBC2B38480F61D2BA06.e.9000/click - {}
RESULT: {}
RESULT: {}
COMMAND: POST /session/0483d061f40becc12e3a8004d2d19577/execute/async - {"script":"<script> [1562 bytes]","args":[{"selector":{"id":"application-manageyards-display-component---NewYard--addressEditDetailsCostObjectCstType-arrow"},"wdio_ui5_key":"applicationmanageyards-display-component---NewYard--addressEditDetailsCostObjectCstType-arrow"}]}
COMMAND: GET /session/0483d061f40becc12e3a8004d2d19577/screenshot - {}
RESULT: {"script":"<script> [1562 bytes]","args":[{"selector":{"id":"application-manageyards-display-component---NewYard--addressEditDetailsCostObjectCstType-arrow"},"wdio_ui5_key":"applicationmanageyards-display-component---NewYard--addressEditDetailsCostObjectCstType-arrow"}]}
RESULT: undefined
COMMAND: POST /session/0483d061f40becc12e3a8004d2d19577/element - {"using":"xpath","value":"//*[@id=\"application-manageyards-display-component---NewYard--addressEditDetailsCostObjectCstType-arrow\"]"}
RESULT: {}
RESULT: {"using":"xpath","value":"//*[@id=\"application-manageyards-display-component---NewYard--addressEditDetailsCostObjectCstType-arrow\"]"}
COMMAND: POST /session/0483d061f40becc12e3a8004d2d19577/element/f.21909E599E196C0494D8E3CC232C3551.d.939AD3E5A4FE5BBC2B38480F61D2BA06.e.9001/click - {}
RESULT: {}
COMMAND: POST /session/0483d061f40becc12e3a8004d2d19577/element - {"using":"xpath","value":"//span[contains(text(), \"Cost Center\")]"}
COMMAND: GET /session/0483d061f40becc12e3a8004d2d19577/screenshot - {}
RESULT: {"using":"xpath","value":"//span[contains(text(), \"Cost Center\")]"}
COMMAND: POST /session/0483d061f40becc12e3a8004d2d19577/element/f.21909E599E196C0494D8E3CC232C3551.d.939AD3E5A4FE5BBC2B38480F61D2BA06.e.9002/click - {}
RESULT: {}
RESULT: {}
COMMAND: GET /session/0483d061f40becc12e3a8004d2d19577/screenshot - {}
RESULT: {}
COMMAND: POST /session/0483d061f40becc12e3a8004d2d19577/element - {"using":"xpath","value":"//span[@id=\"application-manageyards-display-component---NewYard--addressNewCostObjectCstID-vhi\"]"}
RESULT: {"using":"xpath","value":"//span[@id=\"application-manageyards-display-component---NewYard--addressNewCostObjectCstID-vhi\"]"}
COMMAND: POST /session/0483d061f40becc12e3a8004d2d19577/execute/sync - {"script":"<script> [8489 bytes]","args":[{"element-6066-11e4-a52e-4f735466cecf":"f.21909E599E196C0494D8E3CC232C3551.d.939AD3E5A4FE5BBC2B38480F61D2BA06.e.9006","ELEMENT":"f.21909E599E196C0494D8E3CC232C3551.d.939AD3E5A4FE5BBC2B38480F61D2BA06.e.9006"}]}
RESULT: {"script":"<script> [8489 bytes]","args":[{"element-6066-11e4-a52e-4f735466cecf":"f.21909E599E196C0494D8E3CC232C3551.d.939AD3E5A4FE5BBC2B38480F61D2BA06.e.9006","ELEMENT":"f.21909E599E196C0494D8E3CC232C3551.d.939AD3E5A4FE5BBC2B38480F61D2BA06.e.9006"}]}
COMMAND: POST /session/0483d061f40becc12e3a8004d2d19577/execute/async - {"script":"<script> [1562 bytes]","args":[{"selector":{"id":"application-manageyards-display-component---NewYard--addressNewCostObjectCstID-vhi"},"wdio_ui5_key":"applicationmanageyards-display-component---NewYard--addressNewCostObjectCstID-vhi"}]}
COMMAND: GET /session/0483d061f40becc12e3a8004d2d19577/screenshot - {}
RESULT: {"script":"<script> [1562 bytes]","args":[{"selector":{"id":"application-manageyards-display-component---NewYard--addressNewCostObjectCstID-vhi"},"wdio_ui5_key":"applicationmanageyards-display-component---NewYard--addressNewCostObjectCstID-vhi"}]}
RESULT: undefined
COMMAND: POST /session/0483d061f40becc12e3a8004d2d19577/element - {"using":"xpath","value":"//*[@id=\"application-manageyards-display-component---NewYard--addressNewCostObjectCstID-vhi\"]"}
RESULT: {}
RESULT: {"using":"xpath","value":"//*[@id=\"application-manageyards-display-component---NewYard--addressNewCostObjectCstID-vhi\"]"}
COMMAND: POST /session/0483d061f40becc12e3a8004d2d19577/element/f.21909E599E196C0494D8E3CC232C3551.d.939AD3E5A4FE5BBC2B38480F61D2BA06.e.9006/click - {}
RESULT: {}
COMMAND: GET /session/0483d061f40becc12e3a8004d2d19577/screenshot - {}
RESULT: {}
COMMAND: POST /session/0483d061f40becc12e3a8004d2d19577/execute/async - {"script":"<script> [1562 bytes]","args":[{"selector":{"controlType":"sap.m.SearchField","properties":{"placeholder":"Search"},"searchOpenDialogs":true,"interaction":{"idSuffix":"I"}},"wdio_ui5_key":"sapm.SearchField{\"placeholder\":\"Search\"}"}]}
RESULT: {"script":"<script> [1562 bytes]","args":[{"selector":{"controlType":"sap.m.SearchField","properties":{"placeholder":"Search"},"searchOpenDialogs":true,"interaction":{"idSuffix":"I"}},"wdio_ui5_key":"sapm.SearchField{\"placeholder\":\"Search\"}"}]}
RESULT: undefined
COMMAND: POST /session/0483d061f40becc12e3a8004d2d19577/execute/async - {"script":"<script> [776 bytes]","args":[{"enterText":"bauh_b","selector":{"controlType":"sap.m.SearchField","properties":{"placeholder":"Search"},"searchOpenDialogs":true,"interaction":{"idSuffix":"I"}},"clearTextFirst":true,"interactionType":"ENTER_TEXT"}]}
RESULT: {"script":"<script> [776 bytes]","args":[{"enterText":"bauh_b","selector":{"controlType":"sap.m.SearchField","properties":{"placeholder":"Search"},"searchOpenDialogs":true,"interaction":{"idSuffix":"I"}},"clearTextFirst":true,"interactionType":"ENTER_TEXT"}]}
COMMAND: POST /session/0483d061f40becc12e3a8004d2d19577/actions - {"actions":[{"id":"action23","type":"key","parameters":{},"actions":[{"type":"keyDown","value":""},{"type":"pause","duration":10},{"type":"keyUp","value":""}]}]}
RESULT: {"actions":[{"id":"action23","type":"key","parameters":{},"actions":[{"type":"keyDown","value":""},{"type":"pause","duration":10},{"type":"keyUp","value":""}]}]}
COMMAND: GET /session/0483d061f40becc12e3a8004d2d19577/screenshot - {}
RESULT: {}
COMMAND: POST /session/0483d061f40becc12e3a8004d2d19577/element - {"using":"xpath","value":"//span[contains(text(), \"Demo Yard\")]"}
RESULT: {"using":"xpath","value":"//span[contains(text(), \"Demo Yard\")]"}
COMMAND: POST /session/0483d061f40becc12e3a8004d2d19577/element/f.21909E599E196C0494D8E3CC232C3551.d.939AD3E5A4FE5BBC2B38480F61D2BA06.e.9047/click - {}
RESULT: {}
COMMAND: GET /session/0483d061f40becc12e3a8004d2d19577/screenshot - {}
RESULT: {}
COMMAND: POST /session/0483d061f40becc12e3a8004d2d19577/element - {"using":"xpath","value":"//bdi[contains(text(), \"OK\")]"}
RESULT: {"using":"xpath","value":"//bdi[contains(text(), \"OK\")]"}
COMMAND: POST /session/0483d061f40becc12e3a8004d2d19577/element/f.21909E599E196C0494D8E3CC232C3551.d.939AD3E5A4FE5BBC2B38480F61D2BA06.e.9048/click - {}
RESULT: {}
COMMAND: GET /session/0483d061f40becc12e3a8004d2d19577/screenshot - {}
RESULT: {}
COMMAND: POST /session/0483d061f40becc12e3a8004d2d19577/execute/async - {"script":"<script> [1562 bytes]","args":[{"selector":{"id":"application-manageyards-display-component---NewYard--addressEditDetailsCurrency-arrow"},"wdio_ui5_key":"applicationmanageyards-display-component---NewYard--addressEditDetailsCurrency-arrow"}]}
RESULT: {"script":"<script> [1562 bytes]","args":[{"selector":{"id":"application-manageyards-display-component---NewYard--addressEditDetailsCurrency-arrow"},"wdio_ui5_key":"applicationmanageyards-display-component---NewYard--addressEditDetailsCurrency-arrow"}]}
RESULT: undefined
COMMAND: POST /session/0483d061f40becc12e3a8004d2d19577/element - {"using":"xpath","value":"//*[@id=\"application-manageyards-display-component---NewYard--addressEditDetailsCurrency-arrow\"]"}
RESULT: {"using":"xpath","value":"//*[@id=\"application-manageyards-display-component---NewYard--addressEditDetailsCurrency-arrow\"]"}
COMMAND: POST /session/0483d061f40becc12e3a8004d2d19577/element/f.21909E599E196C0494D8E3CC232C3551.d.939AD3E5A4FE5BBC2B38480F61D2BA06.e.9051/click - {}
RESULT: {}
COMMAND: POST /session/0483d061f40becc12e3a8004d2d19577/element - {"using":"xpath","value":"//span[contains(text(), \"Euro\")]"}
COMMAND: GET /session/0483d061f40becc12e3a8004d2d19577/screenshot - {}
RESULT: {"using":"xpath","value":"//span[contains(text(), \"Euro\")]"}
COMMAND: POST /session/0483d061f40becc12e3a8004d2d19577/element/f.21909E599E196C0494D8E3CC232C3551.d.939AD3E5A4FE5BBC2B38480F61D2BA06.e.9052/click - {}
RESULT: {}
RESULT: {}
COMMAND: POST /session/0483d061f40becc12e3a8004d2d19577/execute/async - {"script":"<script> [1562 bytes]","args":[{"selector":{"controlType":"sap.m.Input","viewName":"etm.portal.ui.manageyards.view.New","viewId":"application-manageyards-display-component---NewYard","bindingPath":{"path":"","propertyPath":"/CONTROLLING_AREA","modelName":"NewYardModel"},"interaction":{"idSuffix":"inner"}},"wdio_ui5_key":"etmportal.ui.manageyards.view.Newsap.m.Input{\"path\":\"\",\"propertyPath\":\"/CONTROLLING_AREA\",\"modelName\":\"NewYardModel\"}"}]}
COMMAND: GET /session/0483d061f40becc12e3a8004d2d19577/screenshot - {}
RESULT: {"script":"<script> [1562 bytes]","args":[{"selector":{"controlType":"sap.m.Input","viewName":"etm.portal.ui.manageyards.view.New","viewId":"application-manageyards-display-component---NewYard","bindingPath":{"path":"","propertyPath":"/CONTROLLING_AREA","modelName":"NewYardModel"},"interaction":{"idSuffix":"inner"}},"wdio_ui5_key":"etmportal.ui.manageyards.view.Newsap.m.Input{\"path\":\"\",\"propertyPath\":\"/CONTROLLING_AREA\",\"modelName\":\"NewYardModel\"}"}]}
RESULT: undefined
COMMAND: POST /session/0483d061f40becc12e3a8004d2d19577/execute/async - {"script":"<script> [776 bytes]","args":[{"enterText":"Z001","selector":{"controlType":"sap.m.Input","viewName":"etm.portal.ui.manageyards.view.New","viewId":"application-manageyards-display-component---NewYard","bindingPath":{"path":"","propertyPath":"/CONTROLLING_AREA","modelName":"NewYardModel"},"interaction":{"idSuffix":"inner"}},"clearTextFirst":true,"interactionType":"ENTER_TEXT"}]}
RESULT: {}
RESULT: {"script":"<script> [776 bytes]","args":[{"enterText":"Z001","selector":{"controlType":"sap.m.Input","viewName":"etm.portal.ui.manageyards.view.New","viewId":"application-manageyards-display-component---NewYard","bindingPath":{"path":"","propertyPath":"/CONTROLLING_AREA","modelName":"NewYardModel"},"interaction":{"idSuffix":"inner"}},"clearTextFirst":true,"interactionType":"ENTER_TEXT"}]}
COMMAND: POST /session/0483d061f40becc12e3a8004d2d19577/execute/async - {"script":"<script> [1562 bytes]","args":[{"selector":{"id":"application-manageyards-display-component---NewYard--companyCodeComboBox","interaction":{"idSuffix":"inner"}},"wdio_ui5_key":"applicationmanageyards-display-component---NewYard--companyCodeComboBox"}]}
RESULT: {"script":"<script> [1562 bytes]","args":[{"selector":{"id":"application-manageyards-display-component---NewYard--companyCodeComboBox","interaction":{"idSuffix":"inner"}},"wdio_ui5_key":"applicationmanageyards-display-component---NewYard--companyCodeComboBox"}]}
RESULT: undefined
COMMAND: POST /session/0483d061f40becc12e3a8004d2d19577/execute/async - {"script":"<script> [776 bytes]","args":[{"enterText":"1000","selector":{"id":"application-manageyards-display-component---NewYard--companyCodeComboBox","interaction":{"idSuffix":"inner"}},"clearTextFirst":true,"interactionType":"ENTER_TEXT"}]}
RESULT: {"script":"<script> [776 bytes]","args":[{"enterText":"1000","selector":{"id":"application-manageyards-display-component---NewYard--companyCodeComboBox","interaction":{"idSuffix":"inner"}},"clearTextFirst":true,"interactionType":"ENTER_TEXT"}]}
COMMAND: POST /session/0483d061f40becc12e3a8004d2d19577/execute/async - {"script":"<script> [1562 bytes]","args":[{"selector":{"controlType":"sap.m.Input","viewName":"etm.portal.ui.manageyards.view.New","viewId":"application-manageyards-display-component---NewYard","bindingPath":{"path":"","propertyPath":"/PLANT","modelName":"NewYardModel"},"interaction":{"idSuffix":"inner"}},"wdio_ui5_key":"etmportal.ui.manageyards.view.Newsap.m.Input{\"path\":\"\",\"propertyPath\":\"/PLANT\",\"modelName\":\"NewYardModel\"}"}]}
RESULT: {"script":"<script> [1562 bytes]","args":[{"selector":{"controlType":"sap.m.Input","viewName":"etm.portal.ui.manageyards.view.New","viewId":"application-manageyards-display-component---NewYard","bindingPath":{"path":"","propertyPath":"/PLANT","modelName":"NewYardModel"},"interaction":{"idSuffix":"inner"}},"wdio_ui5_key":"etmportal.ui.manageyards.view.Newsap.m.Input{\"path\":\"\",\"propertyPath\":\"/PLANT\",\"modelName\":\"NewYardModel\"}"}]}
RESULT: undefined
COMMAND: POST /session/0483d061f40becc12e3a8004d2d19577/execute/async - {"script":"<script> [776 bytes]","args":[{"enterText":"1001","selector":{"controlType":"sap.m.Input","viewName":"etm.portal.ui.manageyards.view.New","viewId":"application-manageyards-display-component---NewYard","bindingPath":{"path":"","propertyPath":"/PLANT","modelName":"NewYardModel"},"interaction":{"idSuffix":"inner"}},"clearTextFirst":true,"interactionType":"ENTER_TEXT"}]}
RESULT: {"script":"<script> [776 bytes]","args":[{"enterText":"1001","selector":{"controlType":"sap.m.Input","viewName":"etm.portal.ui.manageyards.view.New","viewId":"application-manageyards-display-component---NewYard","bindingPath":{"path":"","propertyPath":"/PLANT","modelName":"NewYardModel"},"interaction":{"idSuffix":"inner"}},"clearTextFirst":true,"interactionType":"ENTER_TEXT"}]}
COMMAND: POST /session/0483d061f40becc12e3a8004d2d19577/execute/async - {"script":"<script> [1562 bytes]","args":[{"selector":{"controlType":"sap.m.Input","viewName":"etm.portal.ui.manageyards.view.New","viewId":"application-manageyards-display-component---NewYard","bindingPath":{"path":"","propertyPath":"/SALES_AREA_VKORG","modelName":"NewYardModel"},"interaction":{"idSuffix":"inner"}},"wdio_ui5_key":"etmportal.ui.manageyards.view.Newsap.m.Input{\"path\":\"\",\"propertyPath\":\"/SALES_AREA_VKORG\",\"modelName\":\"NewYardModel\"}"}]}
RESULT: {"script":"<script> [1562 bytes]","args":[{"selector":{"controlType":"sap.m.Input","viewName":"etm.portal.ui.manageyards.view.New","viewId":"application-manageyards-display-component---NewYard","bindingPath":{"path":"","propertyPath":"/SALES_AREA_VKORG","modelName":"NewYardModel"},"interaction":{"idSuffix":"inner"}},"wdio_ui5_key":"etmportal.ui.manageyards.view.Newsap.m.Input{\"path\":\"\",\"propertyPath\":\"/SALES_AREA_VKORG\",\"modelName\":\"NewYardModel\"}"}]}
RESULT: undefined
COMMAND: POST /session/0483d061f40becc12e3a8004d2d19577/execute/async - {"script":"<script> [776 bytes]","args":[{"enterText":"C002","selector":{"controlType":"sap.m.Input","viewName":"etm.portal.ui.manageyards.view.New","viewId":"application-manageyards-display-component---NewYard","bindingPath":{"path":"","propertyPath":"/SALES_AREA_VKORG","modelName":"NewYardModel"},"interaction":{"idSuffix":"inner"}},"clearTextFirst":true,"interactionType":"ENTER_TEXT"}]}
RESULT: {"script":"<script> [776 bytes]","args":[{"enterText":"C002","selector":{"controlType":"sap.m.Input","viewName":"etm.portal.ui.manageyards.view.New","viewId":"application-manageyards-display-component---NewYard","bindingPath":{"path":"","propertyPath":"/SALES_AREA_VKORG","modelName":"NewYardModel"},"interaction":{"idSuffix":"inner"}},"clearTextFirst":true,"interactionType":"ENTER_TEXT"}]}
COMMAND: POST /session/0483d061f40becc12e3a8004d2d19577/execute/async - {"script":"<script> [1562 bytes]","args":[{"selector":{"controlType":"sap.m.Input","viewName":"etm.portal.ui.manageyards.view.New","viewId":"application-manageyards-display-component---NewYard","bindingPath":{"path":"","propertyPath":"/SALES_AREA_VTWEG","modelName":"NewYardModel"},"interaction":{"idSuffix":"inner"}},"wdio_ui5_key":"etmportal.ui.manageyards.view.Newsap.m.Input{\"path\":\"\",\"propertyPath\":\"/SALES_AREA_VTWEG\",\"modelName\":\"NewYardModel\"}"}]}
RESULT: {"script":"<script> [1562 bytes]","args":[{"selector":{"controlType":"sap.m.Input","viewName":"etm.portal.ui.manageyards.view.New","viewId":"application-manageyards-display-component---NewYard","bindingPath":{"path":"","propertyPath":"/SALES_AREA_VTWEG","modelName":"NewYardModel"},"interaction":{"idSuffix":"inner"}},"wdio_ui5_key":"etmportal.ui.manageyards.view.Newsap.m.Input{\"path\":\"\",\"propertyPath\":\"/SALES_AREA_VTWEG\",\"modelName\":\"NewYardModel\"}"}]}
RESULT: undefined
COMMAND: POST /session/0483d061f40becc12e3a8004d2d19577/execute/async - {"script":"<script> [776 bytes]","args":[{"enterText":"C2","selector":{"controlType":"sap.m.Input","viewName":"etm.portal.ui.manageyards.view.New","viewId":"application-manageyards-display-component---NewYard","bindingPath":{"path":"","propertyPath":"/SALES_AREA_VTWEG","modelName":"NewYardModel"},"interaction":{"idSuffix":"inner"}},"clearTextFirst":true,"interactionType":"ENTER_TEXT"}]}
RESULT: {"script":"<script> [776 bytes]","args":[{"enterText":"C2","selector":{"controlType":"sap.m.Input","viewName":"etm.portal.ui.manageyards.view.New","viewId":"application-manageyards-display-component---NewYard","bindingPath":{"path":"","propertyPath":"/SALES_AREA_VTWEG","modelName":"NewYardModel"},"interaction":{"idSuffix":"inner"}},"clearTextFirst":true,"interactionType":"ENTER_TEXT"}]}
COMMAND: POST /session/0483d061f40becc12e3a8004d2d19577/execute/async - {"script":"<script> [1562 bytes]","args":[{"selector":{"controlType":"sap.m.Input","viewName":"etm.portal.ui.manageyards.view.New","viewId":"application-manageyards-display-component---NewYard","bindingPath":{"path":"","propertyPath":"/SALES_AREA_SPART","modelName":"NewYardModel"},"interaction":{"idSuffix":"inner"}},"wdio_ui5_key":"etmportal.ui.manageyards.view.Newsap.m.Input{\"path\":\"\",\"propertyPath\":\"/SALES_AREA_SPART\",\"modelName\":\"NewYardModel\"}"}]}
RESULT: {"script":"<script> [1562 bytes]","args":[{"selector":{"controlType":"sap.m.Input","viewName":"etm.portal.ui.manageyards.view.New","viewId":"application-manageyards-display-component---NewYard","bindingPath":{"path":"","propertyPath":"/SALES_AREA_SPART","modelName":"NewYardModel"},"interaction":{"idSuffix":"inner"}},"wdio_ui5_key":"etmportal.ui.manageyards.view.Newsap.m.Input{\"path\":\"\",\"propertyPath\":\"/SALES_AREA_SPART\",\"modelName\":\"NewYardModel\"}"}]}
RESULT: undefined
COMMAND: POST /session/0483d061f40becc12e3a8004d2d19577/execute/async - {"script":"<script> [776 bytes]","args":[{"enterText":"C2","selector":{"controlType":"sap.m.Input","viewName":"etm.portal.ui.manageyards.view.New","viewId":"application-manageyards-display-component---NewYard","bindingPath":{"path":"","propertyPath":"/SALES_AREA_SPART","modelName":"NewYardModel"},"interaction":{"idSuffix":"inner"}},"clearTextFirst":true,"interactionType":"ENTER_TEXT"}]}
RESULT: {"script":"<script> [776 bytes]","args":[{"enterText":"C2","selector":{"controlType":"sap.m.Input","viewName":"etm.portal.ui.manageyards.view.New","viewId":"application-manageyards-display-component---NewYard","bindingPath":{"path":"","propertyPath":"/SALES_AREA_SPART","modelName":"NewYardModel"},"interaction":{"idSuffix":"inner"}},"clearTextFirst":true,"interactionType":"ENTER_TEXT"}]}
COMMAND: POST /session/0483d061f40becc12e3a8004d2d19577/execute/async - {"script":"<script> [1562 bytes]","args":[{"selector":{"controlType":"sap.m.Input","viewName":"etm.portal.ui.manageyards.view.New","viewId":"application-manageyards-display-component---NewYard","bindingPath":{"path":"","propertyPath":"/SHIP_POINT","modelName":"NewYardModel"},"interaction":{"idSuffix":"inner"}},"wdio_ui5_key":"etmportal.ui.manageyards.view.Newsap.m.Input{\"path\":\"\",\"propertyPath\":\"/SHIP_POINT\",\"modelName\":\"NewYardModel\"}"}]}
RESULT: {"script":"<script> [1562 bytes]","args":[{"selector":{"controlType":"sap.m.Input","viewName":"etm.portal.ui.manageyards.view.New","viewId":"application-manageyards-display-component---NewYard","bindingPath":{"path":"","propertyPath":"/SHIP_POINT","modelName":"NewYardModel"},"interaction":{"idSuffix":"inner"}},"wdio_ui5_key":"etmportal.ui.manageyards.view.Newsap.m.Input{\"path\":\"\",\"propertyPath\":\"/SHIP_POINT\",\"modelName\":\"NewYardModel\"}"}]}
RESULT: undefined
COMMAND: POST /session/0483d061f40becc12e3a8004d2d19577/execute/async - {"script":"<script> [776 bytes]","args":[{"enterText":"1710","selector":{"controlType":"sap.m.Input","viewName":"etm.portal.ui.manageyards.view.New","viewId":"application-manageyards-display-component---NewYard","bindingPath":{"path":"","propertyPath":"/SHIP_POINT","modelName":"NewYardModel"},"interaction":{"idSuffix":"inner"}},"clearTextFirst":true,"interactionType":"ENTER_TEXT"}]}
RESULT: {"script":"<script> [776 bytes]","args":[{"enterText":"1710","selector":{"controlType":"sap.m.Input","viewName":"etm.portal.ui.manageyards.view.New","viewId":"application-manageyards-display-component---NewYard","bindingPath":{"path":"","propertyPath":"/SHIP_POINT","modelName":"NewYardModel"},"interaction":{"idSuffix":"inner"}},"clearTextFirst":true,"interactionType":"ENTER_TEXT"}]}
COMMAND: POST /session/0483d061f40becc12e3a8004d2d19577/execute/async - {"script":"<script> [1562 bytes]","args":[{"selector":{"controlType":"sap.m.Input","viewName":"etm.portal.ui.manageyards.view.New","viewId":"application-manageyards-display-component---NewYard","bindingPath":{"path":"","propertyPath":"/DELIVERY_TYPE","modelName":"NewYardModel"},"interaction":{"idSuffix":"inner"}},"wdio_ui5_key":"etmportal.ui.manageyards.view.Newsap.m.Input{\"path\":\"\",\"propertyPath\":\"/DELIVERY_TYPE\",\"modelName\":\"NewYardModel\"}"}]}
RESULT: {"script":"<script> [1562 bytes]","args":[{"selector":{"controlType":"sap.m.Input","viewName":"etm.portal.ui.manageyards.view.New","viewId":"application-manageyards-display-component---NewYard","bindingPath":{"path":"","propertyPath":"/DELIVERY_TYPE","modelName":"NewYardModel"},"interaction":{"idSuffix":"inner"}},"wdio_ui5_key":"etmportal.ui.manageyards.view.Newsap.m.Input{\"path\":\"\",\"propertyPath\":\"/DELIVERY_TYPE\",\"modelName\":\"NewYardModel\"}"}]}
RESULT: undefined
COMMAND: POST /session/0483d061f40becc12e3a8004d2d19577/execute/async - {"script":"<script> [776 bytes]","args":[{"enterText":"ZL01","selector":{"controlType":"sap.m.Input","viewName":"etm.portal.ui.manageyards.view.New","viewId":"application-manageyards-display-component---NewYard","bindingPath":{"path":"","propertyPath":"/DELIVERY_TYPE","modelName":"NewYardModel"},"interaction":{"idSuffix":"inner"}},"clearTextFirst":true,"interactionType":"ENTER_TEXT"}]}
RESULT: {"script":"<script> [776 bytes]","args":[{"enterText":"ZL01","selector":{"controlType":"sap.m.Input","viewName":"etm.portal.ui.manageyards.view.New","viewId":"application-manageyards-display-component---NewYard","bindingPath":{"path":"","propertyPath":"/DELIVERY_TYPE","modelName":"NewYardModel"},"interaction":{"idSuffix":"inner"}},"clearTextFirst":true,"interactionType":"ENTER_TEXT"}]}
COMMAND: POST /session/0483d061f40becc12e3a8004d2d19577/execute/async - {"script":"<script> [1562 bytes]","args":[{"selector":{"controlType":"sap.m.Input","viewName":"etm.portal.ui.manageyards.view.New","viewId":"application-manageyards-display-component---NewYard","bindingPath":{"path":"","propertyPath":"/AUART","modelName":"NewYardModel"},"interaction":{"idSuffix":"inner"}},"wdio_ui5_key":"etmportal.ui.manageyards.view.Newsap.m.Input{\"path\":\"\",\"propertyPath\":\"/AUART\",\"modelName\":\"NewYardModel\"}"}]}
RESULT: {"script":"<script> [1562 bytes]","args":[{"selector":{"controlType":"sap.m.Input","viewName":"etm.portal.ui.manageyards.view.New","viewId":"application-manageyards-display-component---NewYard","bindingPath":{"path":"","propertyPath":"/AUART","modelName":"NewYardModel"},"interaction":{"idSuffix":"inner"}},"wdio_ui5_key":"etmportal.ui.manageyards.view.Newsap.m.Input{\"path\":\"\",\"propertyPath\":\"/AUART\",\"modelName\":\"NewYardModel\"}"}]}
RESULT: undefined
COMMAND: POST /session/0483d061f40becc12e3a8004d2d19577/execute/async - {"script":"<script> [776 bytes]","args":[{"enterText":"TA","selector":{"controlType":"sap.m.Input","viewName":"etm.portal.ui.manageyards.view.New","viewId":"application-manageyards-display-component---NewYard","bindingPath":{"path":"","propertyPath":"/AUART","modelName":"NewYardModel"},"interaction":{"idSuffix":"inner"}},"clearTextFirst":true,"interactionType":"ENTER_TEXT"}]}
RESULT: {"script":"<script> [776 bytes]","args":[{"enterText":"TA","selector":{"controlType":"sap.m.Input","viewName":"etm.portal.ui.manageyards.view.New","viewId":"application-manageyards-display-component---NewYard","bindingPath":{"path":"","propertyPath":"/AUART","modelName":"NewYardModel"},"interaction":{"idSuffix":"inner"}},"clearTextFirst":true,"interactionType":"ENTER_TEXT"}]}
COMMAND: POST /session/0483d061f40becc12e3a8004d2d19577/element - {"using":"xpath","value":"//button[@data-kt=\"newYardSaveButton\"]"}
RESULT: {"using":"xpath","value":"//button[@data-kt=\"newYardSaveButton\"]"}
COMMAND: POST /session/0483d061f40becc12e3a8004d2d19577/element/f.21909E599E196C0494D8E3CC232C3551.d.939AD3E5A4FE5BBC2B38480F61D2BA06.e.8978/click - {}
RESULT: {}
COMMAND: GET /session/0483d061f40becc12e3a8004d2d19577/screenshot - {}
RESULT: {}
COMMAND: POST /session/0483d061f40becc12e3a8004d2d19577/element - {"using":"xpath","value":"//header[contains(@id, 'ObjectPageLayout-headerTitle')]/div[1]/div[2]/div[1]/span[1]"}
RESULT: {"using":"xpath","value":"//header[contains(@id, 'ObjectPageLayout-headerTitle')]/div[1]/div[2]/div[1]/span[1]"}
COMMAND: POST /session/0483d061f40becc12e3a8004d2d19577/elements - {"using":"xpath","value":"//header[contains(@id, 'ObjectPageLayout-headerTitle')]/div[1]/div[2]/div[1]/span[1]"}
RESULT: {"using":"xpath","value":"//header[contains(@id, 'ObjectPageLayout-headerTitle')]/div[1]/div[2]/div[1]/span[1]"}
COMMAND: POST /session/0483d061f40becc12e3a8004d2d19577/execute/sync - {"script":"<script> [56 bytes]","args":[{"element-6066-11e4-a52e-4f735466cecf":"f.21909E599E196C0494D8E3CC232C3551.d.939AD3E5A4FE5BBC2B38480F61D2BA06.e.9268","ELEMENT":"f.21909E599E196C0494D8E3CC232C3551.d.939AD3E5A4FE5BBC2B38480F61D2BA06.e.9268"}]}
RESULT: {"script":"<script> [56 bytes]","args":[{"element-6066-11e4-a52e-4f735466cecf":"f.21909E599E196C0494D8E3CC232C3551.d.939AD3E5A4FE5BBC2B38480F61D2BA06.e.9268","ELEMENT":"f.21909E599E196C0494D8E3CC232C3551.d.939AD3E5A4FE5BBC2B38480F61D2BA06.e.9268"}]}
COMMAND: GET /session/0483d061f40becc12e3a8004d2d19577/screenshot - {}
RESULT: {}
COMMAND: POST /session/0483d061f40becc12e3a8004d2d19577/element - {"using":"css selector","value":"#shell-header-logo"}
RESULT: {"using":"css selector","value":"#shell-header-logo"}
COMMAND: POST /session/0483d061f40becc12e3a8004d2d19577/element/f.21909E599E196C0494D8E3CC232C3551.d.939AD3E5A4FE5BBC2B38480F61D2BA06.e.8527/click - {}
RESULT: {}
COMMAND: GET /session/0483d061f40becc12e3a8004d2d19577/screenshot - {}
RESULT: {}
COMMAND: POST /session/0483d061f40becc12e3a8004d2d19577/execute/sync - {"script":"<script> [299 bytes]","args":[["getModel","getResource"]]}
RESULT: {"script":"<script> [299 bytes]","args":[["getModel","getResource"]]}
COMMAND: GET /session/0483d061f40becc12e3a8004d2d19577/screenshot - {}
]]></system-out>
    </testcase>
    <testcase classname="chrome.136_0_7103_93.windows.Billing_Transfer_-_Intracompany_US127249" name="Should create a new partner" time="135.533">
      <system-out><![CDATA[
COMMAND: POST /session/0483d061f40becc12e3a8004d2d19577/window/fullscreen - {}
RESULT: {}
COMMAND: POST /session/0483d061f40becc12e3a8004d2d19577/execute/async - {"script":"<script> [1562 bytes]","args":[{"selector":{"controlType":"sap.m.GenericTile","properties":{"header":"Manage Partners"}},"wdio_ui5_key":"sapm.GenericTile{\"header\":\"Manage Partners\"}"}]}
RESULT: {}
RESULT: {"script":"<script> [1562 bytes]","args":[{"selector":{"controlType":"sap.m.GenericTile","properties":{"header":"Manage Partners"}},"wdio_ui5_key":"sapm.GenericTile{\"header\":\"Manage Partners\"}"}]}
RESULT: undefined
COMMAND: POST /session/0483d061f40becc12e3a8004d2d19577/element - {"using":"xpath","value":"//*[@id=\"__tile38\"]"}
RESULT: {"using":"xpath","value":"//*[@id=\"__tile38\"]"}
COMMAND: POST /session/0483d061f40becc12e3a8004d2d19577/element/f.21909E599E196C0494D8E3CC232C3551.d.939AD3E5A4FE5BBC2B38480F61D2BA06.e.8415/click - {}
RESULT: {}
COMMAND: GET /session/0483d061f40becc12e3a8004d2d19577/screenshot - {}
RESULT: {}
COMMAND: POST /session/0483d061f40becc12e3a8004d2d19577/elements - {"using":"xpath","value":"//span[text()='Error']"}
RESULT: {"using":"xpath","value":"//span[text()='Error']"}
COMMAND: POST /session/0483d061f40becc12e3a8004d2d19577/element - {"using":"xpath","value":"//button[@data-kt=\"addButton\"]"}
RESULT: {"using":"xpath","value":"//button[@data-kt=\"addButton\"]"}
COMMAND: POST /session/0483d061f40becc12e3a8004d2d19577/elements - {"using":"xpath","value":"//button[@data-kt=\"addButton\"]"}
RESULT: {"using":"xpath","value":"//button[@data-kt=\"addButton\"]"}
COMMAND: POST /session/0483d061f40becc12e3a8004d2d19577/elements - {"using":"xpath","value":"//button[@data-kt=\"addButton\"]"}
RESULT: {"using":"xpath","value":"//button[@data-kt=\"addButton\"]"}
COMMAND: POST /session/0483d061f40becc12e3a8004d2d19577/element - {"using":"xpath","value":"//button[@data-kt=\"addButton\"]"}
RESULT: {"using":"xpath","value":"//button[@data-kt=\"addButton\"]"}
COMMAND: POST /session/0483d061f40becc12e3a8004d2d19577/execute/sync - {"script":"<script> [8489 bytes]","args":[{"element-6066-11e4-a52e-4f735466cecf":"f.21909E599E196C0494D8E3CC232C3551.d.939AD3E5A4FE5BBC2B38480F61D2BA06.e.9305","ELEMENT":"f.21909E599E196C0494D8E3CC232C3551.d.939AD3E5A4FE5BBC2B38480F61D2BA06.e.9305"}]}
RESULT: {"script":"<script> [8489 bytes]","args":[{"element-6066-11e4-a52e-4f735466cecf":"f.21909E599E196C0494D8E3CC232C3551.d.939AD3E5A4FE5BBC2B38480F61D2BA06.e.9305","ELEMENT":"f.21909E599E196C0494D8E3CC232C3551.d.939AD3E5A4FE5BBC2B38480F61D2BA06.e.9305"}]}
COMMAND: GET /session/0483d061f40becc12e3a8004d2d19577/element/f.21909E599E196C0494D8E3CC232C3551.d.939AD3E5A4FE5BBC2B38480F61D2BA06.e.9305/enabled - {}
COMMAND: GET /session/0483d061f40becc12e3a8004d2d19577/screenshot - {}
RESULT: {}
COMMAND: POST /session/0483d061f40becc12e3a8004d2d19577/execute/sync - {"script":"<script> [8489 bytes]","args":[{"element-6066-11e4-a52e-4f735466cecf":"f.21909E599E196C0494D8E3CC232C3551.d.939AD3E5A4FE5BBC2B38480F61D2BA06.e.9305","ELEMENT":"f.21909E599E196C0494D8E3CC232C3551.d.939AD3E5A4FE5BBC2B38480F61D2BA06.e.9305"}]}
COMMAND: GET /session/0483d061f40becc12e3a8004d2d19577/screenshot - {}
RESULT: {}
RESULT: {"script":"<script> [8489 bytes]","args":[{"element-6066-11e4-a52e-4f735466cecf":"f.21909E599E196C0494D8E3CC232C3551.d.939AD3E5A4FE5BBC2B38480F61D2BA06.e.9305","ELEMENT":"f.21909E599E196C0494D8E3CC232C3551.d.939AD3E5A4FE5BBC2B38480F61D2BA06.e.9305"}]}
COMMAND: POST /session/0483d061f40becc12e3a8004d2d19577/execute/sync - {"script":"<script> [5351 bytes]","args":[{"element-6066-11e4-a52e-4f735466cecf":"f.21909E599E196C0494D8E3CC232C3551.d.939AD3E5A4FE5BBC2B38480F61D2BA06.e.9305","ELEMENT":"f.21909E599E196C0494D8E3CC232C3551.d.939AD3E5A4FE5BBC2B38480F61D2BA06.e.9305"}]}
COMMAND: GET /session/0483d061f40becc12e3a8004d2d19577/screenshot - {}
RESULT: {}
RESULT: {"script":"<script> [5351 bytes]","args":[{"element-6066-11e4-a52e-4f735466cecf":"f.21909E599E196C0494D8E3CC232C3551.d.939AD3E5A4FE5BBC2B38480F61D2BA06.e.9305","ELEMENT":"f.21909E599E196C0494D8E3CC232C3551.d.939AD3E5A4FE5BBC2B38480F61D2BA06.e.9305"}]}
COMMAND: POST /session/0483d061f40becc12e3a8004d2d19577/element/f.21909E599E196C0494D8E3CC232C3551.d.939AD3E5A4FE5BBC2B38480F61D2BA06.e.9305/click - {}
COMMAND: GET /session/0483d061f40becc12e3a8004d2d19577/screenshot - {}
RESULT: {}
RESULT: {}
COMMAND: GET /session/0483d061f40becc12e3a8004d2d19577/screenshot - {}
COMMAND: POST /session/0483d061f40becc12e3a8004d2d19577/execute/async - {"script":"<script> [1562 bytes]","args":[{"selector":{"id":"application-managepartners-display-component---NewPartner--addressDetailDetailsName1","interaction":{"idSuffix":"inner"}},"wdio_ui5_key":"applicationmanagepartners-display-component---NewPartner--addressDetailDetailsName1"}]}
RESULT: {}
RESULT: {}
RESULT: {"script":"<script> [1562 bytes]","args":[{"selector":{"id":"application-managepartners-display-component---NewPartner--addressDetailDetailsName1","interaction":{"idSuffix":"inner"}},"wdio_ui5_key":"applicationmanagepartners-display-component---NewPartner--addressDetailDetailsName1"}]}
RESULT: undefined
COMMAND: POST /session/0483d061f40becc12e3a8004d2d19577/execute/async - {"script":"<script> [776 bytes]","args":[{"enterText":"Intracompany Partner WDIO","selector":{"id":"application-managepartners-display-component---NewPartner--addressDetailDetailsName1","interaction":{"idSuffix":"inner"}},"clearTextFirst":true,"interactionType":"ENTER_TEXT"}]}
RESULT: {"script":"<script> [776 bytes]","args":[{"enterText":"Intracompany Partner WDIO","selector":{"id":"application-managepartners-display-component---NewPartner--addressDetailDetailsName1","interaction":{"idSuffix":"inner"}},"clearTextFirst":true,"interactionType":"ENTER_TEXT"}]}
COMMAND: POST /session/0483d061f40becc12e3a8004d2d19577/execute/async - {"script":"<script> [1562 bytes]","args":[{"selector":{"id":"application-managepartners-display-component---NewPartner--addressDetailDetailsLanguage-arrow"},"wdio_ui5_key":"applicationmanagepartners-display-component---NewPartner--addressDetailDetailsLanguage-arrow"}]}
RESULT: {"script":"<script> [1562 bytes]","args":[{"selector":{"id":"application-managepartners-display-component---NewPartner--addressDetailDetailsLanguage-arrow"},"wdio_ui5_key":"applicationmanagepartners-display-component---NewPartner--addressDetailDetailsLanguage-arrow"}]}
RESULT: undefined
COMMAND: POST /session/0483d061f40becc12e3a8004d2d19577/element - {"using":"xpath","value":"//*[@id=\"application-managepartners-display-component---NewPartner--addressDetailDetailsLanguage-arrow\"]"}
RESULT: {"using":"xpath","value":"//*[@id=\"application-managepartners-display-component---NewPartner--addressDetailDetailsLanguage-arrow\"]"}
COMMAND: POST /session/0483d061f40becc12e3a8004d2d19577/element/f.21909E599E196C0494D8E3CC232C3551.d.939AD3E5A4FE5BBC2B38480F61D2BA06.e.9756/click - {}
RESULT: {}
COMMAND: POST /session/0483d061f40becc12e3a8004d2d19577/element - {"using":"xpath","value":"//span[contains(text(), \"English\")]"}
COMMAND: GET /session/0483d061f40becc12e3a8004d2d19577/screenshot - {}
RESULT: {"using":"xpath","value":"//span[contains(text(), \"English\")]"}
COMMAND: POST /session/0483d061f40becc12e3a8004d2d19577/element/f.21909E599E196C0494D8E3CC232C3551.d.939AD3E5A4FE5BBC2B38480F61D2BA06.e.9757/click - {}
RESULT: {}
RESULT: {}
COMMAND: GET /session/0483d061f40becc12e3a8004d2d19577/screenshot - {}
RESULT: {}
COMMAND: POST /session/0483d061f40becc12e3a8004d2d19577/execute/async - {"script":"<script> [1562 bytes]","args":[{"selector":{"id":"application-managepartners-display-component---NewPartner--addressDetailDetailsCity1","interaction":{"idSuffix":"inner"}},"wdio_ui5_key":"applicationmanagepartners-display-component---NewPartner--addressDetailDetailsCity1"}]}
RESULT: {"script":"<script> [1562 bytes]","args":[{"selector":{"id":"application-managepartners-display-component---NewPartner--addressDetailDetailsCity1","interaction":{"idSuffix":"inner"}},"wdio_ui5_key":"applicationmanagepartners-display-component---NewPartner--addressDetailDetailsCity1"}]}
RESULT: undefined
COMMAND: POST /session/0483d061f40becc12e3a8004d2d19577/execute/async - {"script":"<script> [776 bytes]","args":[{"enterText":"Rosario","selector":{"id":"application-managepartners-display-component---NewPartner--addressDetailDetailsCity1","interaction":{"idSuffix":"inner"}},"clearTextFirst":true,"interactionType":"ENTER_TEXT"}]}
RESULT: {"script":"<script> [776 bytes]","args":[{"enterText":"Rosario","selector":{"id":"application-managepartners-display-component---NewPartner--addressDetailDetailsCity1","interaction":{"idSuffix":"inner"}},"clearTextFirst":true,"interactionType":"ENTER_TEXT"}]}
COMMAND: POST /session/0483d061f40becc12e3a8004d2d19577/execute/async - {"script":"<script> [1562 bytes]","args":[{"selector":{"id":"application-managepartners-display-component---NewPartner--addressDetailDetailsCountry-arrow"},"wdio_ui5_key":"applicationmanagepartners-display-component---NewPartner--addressDetailDetailsCountry-arrow"}]}
RESULT: {"script":"<script> [1562 bytes]","args":[{"selector":{"id":"application-managepartners-display-component---NewPartner--addressDetailDetailsCountry-arrow"},"wdio_ui5_key":"applicationmanagepartners-display-component---NewPartner--addressDetailDetailsCountry-arrow"}]}
RESULT: undefined
COMMAND: POST /session/0483d061f40becc12e3a8004d2d19577/element - {"using":"xpath","value":"//*[@id=\"application-managepartners-display-component---NewPartner--addressDetailDetailsCountry-arrow\"]"}
RESULT: {"using":"xpath","value":"//*[@id=\"application-managepartners-display-component---NewPartner--addressDetailDetailsCountry-arrow\"]"}
COMMAND: POST /session/0483d061f40becc12e3a8004d2d19577/element/f.21909E599E196C0494D8E3CC232C3551.d.939AD3E5A4FE5BBC2B38480F61D2BA06.e.9742/click - {}
RESULT: {}
COMMAND: POST /session/0483d061f40becc12e3a8004d2d19577/element - {"using":"xpath","value":"//span[contains(text(), \"Argentina\")]"}
COMMAND: GET /session/0483d061f40becc12e3a8004d2d19577/screenshot - {}
RESULT: {"using":"xpath","value":"//span[contains(text(), \"Argentina\")]"}
COMMAND: POST /session/0483d061f40becc12e3a8004d2d19577/element/f.21909E599E196C0494D8E3CC232C3551.d.939AD3E5A4FE5BBC2B38480F61D2BA06.e.9759/click - {}
RESULT: {}
RESULT: {}
COMMAND: GET /session/0483d061f40becc12e3a8004d2d19577/screenshot - {}
RESULT: {}
COMMAND: POST /session/0483d061f40becc12e3a8004d2d19577/element - {"using":"xpath","value":"//bdi[contains(text(), \"Commercial\")]"}
RESULT: {"using":"xpath","value":"//bdi[contains(text(), \"Commercial\")]"}
COMMAND: POST /session/0483d061f40becc12e3a8004d2d19577/element/f.21909E599E196C0494D8E3CC232C3551.d.939AD3E5A4FE5BBC2B38480F61D2BA06.e.9760/click - {}
RESULT: {}
COMMAND: GET /session/0483d061f40becc12e3a8004d2d19577/screenshot - {}
RESULT: {}
COMMAND: POST /session/0483d061f40becc12e3a8004d2d19577/execute/async - {"script":"<script> [1562 bytes]","args":[{"selector":{"id":"application-managepartners-display-component---NewPartner--partnerDetailInternal-arrow"},"wdio_ui5_key":"applicationmanagepartners-display-component---NewPartner--partnerDetailInternal-arrow"}]}
RESULT: {"script":"<script> [1562 bytes]","args":[{"selector":{"id":"application-managepartners-display-component---NewPartner--partnerDetailInternal-arrow"},"wdio_ui5_key":"applicationmanagepartners-display-component---NewPartner--partnerDetailInternal-arrow"}]}
RESULT: undefined
COMMAND: POST /session/0483d061f40becc12e3a8004d2d19577/element - {"using":"xpath","value":"//*[@id=\"application-managepartners-display-component---NewPartner--partnerDetailInternal-arrow\"]"}
RESULT: {"using":"xpath","value":"//*[@id=\"application-managepartners-display-component---NewPartner--partnerDetailInternal-arrow\"]"}
COMMAND: POST /session/0483d061f40becc12e3a8004d2d19577/element/f.21909E599E196C0494D8E3CC232C3551.d.939AD3E5A4FE5BBC2B38480F61D2BA06.e.9766/click - {}
RESULT: {}
COMMAND: POST /session/0483d061f40becc12e3a8004d2d19577/element - {"using":"xpath","value":"//span[contains(text(), \"Affiliated company\")]"}
COMMAND: GET /session/0483d061f40becc12e3a8004d2d19577/screenshot - {}
RESULT: {"using":"xpath","value":"//span[contains(text(), \"Affiliated company\")]"}
COMMAND: POST /session/0483d061f40becc12e3a8004d2d19577/element/f.21909E599E196C0494D8E3CC232C3551.d.939AD3E5A4FE5BBC2B38480F61D2BA06.e.9769/click - {}
RESULT: {}
RESULT: {}
COMMAND: POST /session/0483d061f40becc12e3a8004d2d19577/execute/async - {"script":"<script> [1562 bytes]","args":[{"selector":{"id":"application-managepartners-display-component---NewPartner--partnerDetailsCurrency-arrow"},"wdio_ui5_key":"applicationmanagepartners-display-component---NewPartner--partnerDetailsCurrency-arrow"}]}
COMMAND: GET /session/0483d061f40becc12e3a8004d2d19577/screenshot - {}
RESULT: {"script":"<script> [1562 bytes]","args":[{"selector":{"id":"application-managepartners-display-component---NewPartner--partnerDetailsCurrency-arrow"},"wdio_ui5_key":"applicationmanagepartners-display-component---NewPartner--partnerDetailsCurrency-arrow"}]}
RESULT: undefined
COMMAND: POST /session/0483d061f40becc12e3a8004d2d19577/element - {"using":"xpath","value":"//*[@id=\"application-managepartners-display-component---NewPartner--partnerDetailsCurrency-arrow\"]"}
RESULT: {}
RESULT: {"using":"xpath","value":"//*[@id=\"application-managepartners-display-component---NewPartner--partnerDetailsCurrency-arrow\"]"}
COMMAND: POST /session/0483d061f40becc12e3a8004d2d19577/element/f.21909E599E196C0494D8E3CC232C3551.d.939AD3E5A4FE5BBC2B38480F61D2BA06.e.9776/click - {}
RESULT: {}
COMMAND: POST /session/0483d061f40becc12e3a8004d2d19577/element - {"using":"xpath","value":"//span[contains(text(), \"Euro\")]"}
COMMAND: GET /session/0483d061f40becc12e3a8004d2d19577/screenshot - {}
RESULT: {"using":"xpath","value":"//span[contains(text(), \"Euro\")]"}
COMMAND: POST /session/0483d061f40becc12e3a8004d2d19577/element/f.21909E599E196C0494D8E3CC232C3551.d.939AD3E5A4FE5BBC2B38480F61D2BA06.e.9777/click - {}
RESULT: {}
RESULT: {}
COMMAND: POST /session/0483d061f40becc12e3a8004d2d19577/execute/async - {"script":"<script> [1562 bytes]","args":[{"selector":{"id":"application-managepartners-display-component---NewPartner--addressEditDetailsCostObjectCstType-arrow"},"wdio_ui5_key":"applicationmanagepartners-display-component---NewPartner--addressEditDetailsCostObjectCstType-arrow"}]}
COMMAND: GET /session/0483d061f40becc12e3a8004d2d19577/screenshot - {}
RESULT: {"script":"<script> [1562 bytes]","args":[{"selector":{"id":"application-managepartners-display-component---NewPartner--addressEditDetailsCostObjectCstType-arrow"},"wdio_ui5_key":"applicationmanagepartners-display-component---NewPartner--addressEditDetailsCostObjectCstType-arrow"}]}
RESULT: undefined
COMMAND: POST /session/0483d061f40becc12e3a8004d2d19577/element - {"using":"xpath","value":"//*[@id=\"application-managepartners-display-component---NewPartner--addressEditDetailsCostObjectCstType-arrow\"]"}
RESULT: {}
RESULT: {"using":"xpath","value":"//*[@id=\"application-managepartners-display-component---NewPartner--addressEditDetailsCostObjectCstType-arrow\"]"}
COMMAND: POST /session/0483d061f40becc12e3a8004d2d19577/element/f.21909E599E196C0494D8E3CC232C3551.d.939AD3E5A4FE5BBC2B38480F61D2BA06.e.9778/click - {}
RESULT: {}
COMMAND: POST /session/0483d061f40becc12e3a8004d2d19577/element - {"using":"xpath","value":"//span[contains(text(), \"Cost Center\")]"}
COMMAND: GET /session/0483d061f40becc12e3a8004d2d19577/screenshot - {}
RESULT: {"using":"xpath","value":"//span[contains(text(), \"Cost Center\")]"}
COMMAND: POST /session/0483d061f40becc12e3a8004d2d19577/element/f.21909E599E196C0494D8E3CC232C3551.d.939AD3E5A4FE5BBC2B38480F61D2BA06.e.9779/click - {}
RESULT: {}
RESULT: {}
COMMAND: GET /session/0483d061f40becc12e3a8004d2d19577/screenshot - {}
RESULT: {}
COMMAND: POST /session/0483d061f40becc12e3a8004d2d19577/element - {"using":"xpath","value":"//span[@id=\"application-managepartners-display-component---NewPartner--addressNewCostObjectCstID-vhi\"]"}
RESULT: {"using":"xpath","value":"//span[@id=\"application-managepartners-display-component---NewPartner--addressNewCostObjectCstID-vhi\"]"}
COMMAND: POST /session/0483d061f40becc12e3a8004d2d19577/execute/sync - {"script":"<script> [8489 bytes]","args":[{"element-6066-11e4-a52e-4f735466cecf":"f.21909E599E196C0494D8E3CC232C3551.d.939AD3E5A4FE5BBC2B38480F61D2BA06.e.9783","ELEMENT":"f.21909E599E196C0494D8E3CC232C3551.d.939AD3E5A4FE5BBC2B38480F61D2BA06.e.9783"}]}
RESULT: {"script":"<script> [8489 bytes]","args":[{"element-6066-11e4-a52e-4f735466cecf":"f.21909E599E196C0494D8E3CC232C3551.d.939AD3E5A4FE5BBC2B38480F61D2BA06.e.9783","ELEMENT":"f.21909E599E196C0494D8E3CC232C3551.d.939AD3E5A4FE5BBC2B38480F61D2BA06.e.9783"}]}
COMMAND: POST /session/0483d061f40becc12e3a8004d2d19577/execute/async - {"script":"<script> [1562 bytes]","args":[{"selector":{"id":"application-managepartners-display-component---NewPartner--addressNewCostObjectCstID-vhi"},"wdio_ui5_key":"applicationmanagepartners-display-component---NewPartner--addressNewCostObjectCstID-vhi"}]}
COMMAND: GET /session/0483d061f40becc12e3a8004d2d19577/screenshot - {}
RESULT: {"script":"<script> [1562 bytes]","args":[{"selector":{"id":"application-managepartners-display-component---NewPartner--addressNewCostObjectCstID-vhi"},"wdio_ui5_key":"applicationmanagepartners-display-component---NewPartner--addressNewCostObjectCstID-vhi"}]}
RESULT: undefined
COMMAND: POST /session/0483d061f40becc12e3a8004d2d19577/element - {"using":"xpath","value":"//*[@id=\"application-managepartners-display-component---NewPartner--addressNewCostObjectCstID-vhi\"]"}
RESULT: {}
RESULT: {"using":"xpath","value":"//*[@id=\"application-managepartners-display-component---NewPartner--addressNewCostObjectCstID-vhi\"]"}
COMMAND: POST /session/0483d061f40becc12e3a8004d2d19577/element/f.21909E599E196C0494D8E3CC232C3551.d.939AD3E5A4FE5BBC2B38480F61D2BA06.e.9783/click - {}
RESULT: {}
COMMAND: GET /session/0483d061f40becc12e3a8004d2d19577/screenshot - {}
RESULT: {}
RESULT: undefined
COMMAND: POST /session/0483d061f40becc12e3a8004d2d19577/execute/async - {"script":"<script> [776 bytes]","args":[{"enterText":"10001013","selector":{"controlType":"sap.m.SearchField","properties":{"placeholder":"Search"},"searchOpenDialogs":true,"interaction":{"idSuffix":"I"}},"clearTextFirst":true,"interactionType":"ENTER_TEXT"}]}
RESULT: {"script":"<script> [776 bytes]","args":[{"enterText":"10001013","selector":{"controlType":"sap.m.SearchField","properties":{"placeholder":"Search"},"searchOpenDialogs":true,"interaction":{"idSuffix":"I"}},"clearTextFirst":true,"interactionType":"ENTER_TEXT"}]}
COMMAND: POST /session/0483d061f40becc12e3a8004d2d19577/actions - {"actions":[{"id":"action24","type":"key","parameters":{},"actions":[{"type":"keyDown","value":""},{"type":"pause","duration":10},{"type":"keyUp","value":""}]}]}
RESULT: {"actions":[{"id":"action24","type":"key","parameters":{},"actions":[{"type":"keyDown","value":""},{"type":"pause","duration":10},{"type":"keyUp","value":""}]}]}
COMMAND: GET /session/0483d061f40becc12e3a8004d2d19577/screenshot - {}
RESULT: {}
COMMAND: POST /session/0483d061f40becc12e3a8004d2d19577/element - {"using":"xpath","value":"//span[contains(text(), \"General Management\")]"}
RESULT: {"using":"xpath","value":"//span[contains(text(), \"General Management\")]"}
COMMAND: POST /session/0483d061f40becc12e3a8004d2d19577/element/f.21909E599E196C0494D8E3CC232C3551.d.939AD3E5A4FE5BBC2B38480F61D2BA06.e.9823/click - {}
RESULT: {}
COMMAND: GET /session/0483d061f40becc12e3a8004d2d19577/screenshot - {}
RESULT: {}
COMMAND: POST /session/0483d061f40becc12e3a8004d2d19577/element - {"using":"xpath","value":"//bdi[contains(text(), \"OK\")]"}
RESULT: {"using":"xpath","value":"//bdi[contains(text(), \"OK\")]"}
COMMAND: POST /session/0483d061f40becc12e3a8004d2d19577/element/f.21909E599E196C0494D8E3CC232C3551.d.939AD3E5A4FE5BBC2B38480F61D2BA06.e.9824/click - {}
RESULT: {}
COMMAND: GET /session/0483d061f40becc12e3a8004d2d19577/screenshot - {}
RESULT: {}
COMMAND: POST /session/0483d061f40becc12e3a8004d2d19577/element - {"using":"xpath","value":"//input[@id=\"application-managepartners-display-component---NewPartner--companyCodeComboBox-inner\"]"}
RESULT: {"using":"xpath","value":"//input[@id=\"application-managepartners-display-component---NewPartner--companyCodeComboBox-inner\"]"}
COMMAND: POST /session/0483d061f40becc12e3a8004d2d19577/element/f.21909E599E196C0494D8E3CC232C3551.d.939AD3E5A4FE5BBC2B38480F61D2BA06.e.9617/clear - {}
RESULT: {}
COMMAND: POST /session/0483d061f40becc12e3a8004d2d19577/element/f.21909E599E196C0494D8E3CC232C3551.d.939AD3E5A4FE5BBC2B38480F61D2BA06.e.9617/value - {"text":"1000"}
COMMAND: GET /session/0483d061f40becc12e3a8004d2d19577/screenshot - {}
RESULT: {"text":"1000"}
COMMAND: GET /session/0483d061f40becc12e3a8004d2d19577/screenshot - {}
RESULT: {}
RESULT: {}
COMMAND: POST /session/0483d061f40becc12e3a8004d2d19577/element - {"using":"xpath","value":"//li[.//span[text()= \"1000\"]]"}
RESULT: {"using":"xpath","value":"//li[.//span[text()= \"1000\"]]"}
COMMAND: POST /session/0483d061f40becc12e3a8004d2d19577/element/f.21909E599E196C0494D8E3CC232C3551.d.939AD3E5A4FE5BBC2B38480F61D2BA06.e.9830/click - {}
RESULT: {}
COMMAND: GET /session/0483d061f40becc12e3a8004d2d19577/screenshot - {}
RESULT: {}
COMMAND: POST /session/0483d061f40becc12e3a8004d2d19577/execute/async - {"script":"<script> [1562 bytes]","args":[{"selector":{"id":"application-managepartners-display-component---NewPartner--btnAddTableRow-img"},"wdio_ui5_key":"applicationmanagepartners-display-component---NewPartner--btnAddTableRow-img"}]}
RESULT: {"script":"<script> [1562 bytes]","args":[{"selector":{"id":"application-managepartners-display-component---NewPartner--btnAddTableRow-img"},"wdio_ui5_key":"applicationmanagepartners-display-component---NewPartner--btnAddTableRow-img"}]}
RESULT: undefined
COMMAND: POST /session/0483d061f40becc12e3a8004d2d19577/element - {"using":"xpath","value":"//*[@id=\"application-managepartners-display-component---NewPartner--btnAddTableRow-img\"]"}
RESULT: {"using":"xpath","value":"//*[@id=\"application-managepartners-display-component---NewPartner--btnAddTableRow-img\"]"}
COMMAND: POST /session/0483d061f40becc12e3a8004d2d19577/element/f.21909E599E196C0494D8E3CC232C3551.d.939AD3E5A4FE5BBC2B38480F61D2BA06.e.9831/click - {}
RESULT: {}
COMMAND: GET /session/0483d061f40becc12e3a8004d2d19577/screenshot - {}
RESULT: {}
COMMAND: POST /session/0483d061f40becc12e3a8004d2d19577/element - {"using":"xpath","value":"//input[@id=\"application-managepartners-display-component---NewPartner--assignmentYard-application-managepartners-display-component---NewPartner--assignmentsTable-0-inner\"]"}
RESULT: {"using":"xpath","value":"//input[@id=\"application-managepartners-display-component---NewPartner--assignmentYard-application-managepartners-display-component---NewPartner--assignmentsTable-0-inner\"]"}
COMMAND: POST /session/0483d061f40becc12e3a8004d2d19577/element/f.21909E599E196C0494D8E3CC232C3551.d.939AD3E5A4FE5BBC2B38480F61D2BA06.e.9834/clear - {}
RESULT: {}
COMMAND: POST /session/0483d061f40becc12e3a8004d2d19577/element/f.21909E599E196C0494D8E3CC232C3551.d.939AD3E5A4FE5BBC2B38480F61D2BA06.e.9834/value - {"text":"474"}
COMMAND: GET /session/0483d061f40becc12e3a8004d2d19577/screenshot - {}
RESULT: {"text":"474"}
COMMAND: GET /session/0483d061f40becc12e3a8004d2d19577/screenshot - {}
RESULT: {}
RESULT: {}
COMMAND: POST /session/0483d061f40becc12e3a8004d2d19577/element - {"using":"xpath","value":"//li[.//span[text()='474']]"}
RESULT: {"using":"xpath","value":"//li[.//span[text()='474']]"}
COMMAND: POST /session/0483d061f40becc12e3a8004d2d19577/element/f.21909E599E196C0494D8E3CC232C3551.d.939AD3E5A4FE5BBC2B38480F61D2BA06.e.9843/click - {}
RESULT: {}
COMMAND: GET /session/0483d061f40becc12e3a8004d2d19577/screenshot - {}
RESULT: {}
COMMAND: POST /session/0483d061f40becc12e3a8004d2d19577/actions - {"actions":[{"id":"action25","type":"key","parameters":{},"actions":[{"type":"keyDown","value":""},{"type":"pause","duration":10},{"type":"keyUp","value":""}]}]}
RESULT: {"actions":[{"id":"action25","type":"key","parameters":{},"actions":[{"type":"keyDown","value":""},{"type":"pause","duration":10},{"type":"keyUp","value":""}]}]}
COMMAND: POST /session/0483d061f40becc12e3a8004d2d19577/execute/async - {"script":"<script> [1562 bytes]","args":[{"selector":{"id":"application-managepartners-display-component---NewPartner--externalCustomerComboBox-application-managepartners-display-component---NewPartner--assignmentsTable-0-vhi"},"wdio_ui5_key":"applicationmanagepartners-display-component---NewPartner--externalCustomerComboBox-application-managepartners-display-component---NewPartner--assignmentsTable-0-vhi"}]}
COMMAND: GET /session/0483d061f40becc12e3a8004d2d19577/screenshot - {}
RESULT: {"script":"<script> [1562 bytes]","args":[{"selector":{"id":"application-managepartners-display-component---NewPartner--externalCustomerComboBox-application-managepartners-display-component---NewPartner--assignmentsTable-0-vhi"},"wdio_ui5_key":"applicationmanagepartners-display-component---NewPartner--externalCustomerComboBox-application-managepartners-display-component---NewPartner--assignmentsTable-0-vhi"}]}
RESULT: undefined
COMMAND: POST /session/0483d061f40becc12e3a8004d2d19577/element - {"using":"xpath","value":"//*[@id=\"application-managepartners-display-component---NewPartner--externalCustomerComboBox-application-managepartners-display-component---NewPartner--assignmentsTable-0-vhi\"]"}
RESULT: {}
RESULT: {"using":"xpath","value":"//*[@id=\"application-managepartners-display-component---NewPartner--externalCustomerComboBox-application-managepartners-display-component---NewPartner--assignmentsTable-0-vhi\"]"}
COMMAND: POST /session/0483d061f40becc12e3a8004d2d19577/element/f.21909E599E196C0494D8E3CC232C3551.d.939AD3E5A4FE5BBC2B38480F61D2BA06.e.9847/click - {}
RESULT: {}
RESULT: undefined
COMMAND: POST /session/0483d061f40becc12e3a8004d2d19577/execute/async - {"script":"<script> [776 bytes]","args":[{"enterText":"300003","selector":{"controlType":"sap.m.SearchField","properties":{"placeholder":"Search"},"searchOpenDialogs":true,"interaction":{"idSuffix":"I"}},"clearTextFirst":true,"interactionType":"ENTER_TEXT"}]}
COMMAND: GET /session/0483d061f40becc12e3a8004d2d19577/screenshot - {}
RESULT: {"script":"<script> [776 bytes]","args":[{"enterText":"300003","selector":{"controlType":"sap.m.SearchField","properties":{"placeholder":"Search"},"searchOpenDialogs":true,"interaction":{"idSuffix":"I"}},"clearTextFirst":true,"interactionType":"ENTER_TEXT"}]}
COMMAND: POST /session/0483d061f40becc12e3a8004d2d19577/actions - {"actions":[{"id":"action26","type":"key","parameters":{},"actions":[{"type":"keyDown","value":""},{"type":"pause","duration":10},{"type":"keyUp","value":""}]}]}
RESULT: {}
RESULT: {"actions":[{"id":"action26","type":"key","parameters":{},"actions":[{"type":"keyDown","value":""},{"type":"pause","duration":10},{"type":"keyUp","value":""}]}]}
COMMAND: GET /session/0483d061f40becc12e3a8004d2d19577/screenshot - {}
RESULT: {}
COMMAND: POST /session/0483d061f40becc12e3a8004d2d19577/element - {"using":"xpath","value":"//span[contains(text(), \"300003\")]"}
RESULT: {"using":"xpath","value":"//span[contains(text(), \"300003\")]"}
COMMAND: POST /session/0483d061f40becc12e3a8004d2d19577/element/f.21909E599E196C0494D8E3CC232C3551.d.939AD3E5A4FE5BBC2B38480F61D2BA06.e.9864/click - {}
RESULT: {}
COMMAND: GET /session/0483d061f40becc12e3a8004d2d19577/screenshot - {}
RESULT: {}
COMMAND: POST /session/0483d061f40becc12e3a8004d2d19577/element - {"using":"xpath","value":"//bdi[contains(text(), \"OK\")]"}
RESULT: {"using":"xpath","value":"//bdi[contains(text(), \"OK\")]"}
COMMAND: POST /session/0483d061f40becc12e3a8004d2d19577/element/f.21909E599E196C0494D8E3CC232C3551.d.939AD3E5A4FE5BBC2B38480F61D2BA06.e.9866/click - {}
RESULT: {}
COMMAND: GET /session/0483d061f40becc12e3a8004d2d19577/screenshot - {}
RESULT: {}
COMMAND: POST /session/0483d061f40becc12e3a8004d2d19577/execute/async - {"script":"<script> [1562 bytes]","args":[{"selector":{"id":"application-managepartners-display-component---NewPartner--intercompVendorComboBox-application-managepartners-display-component---NewPartner--assignmentsTable-0-vhi"},"wdio_ui5_key":"applicationmanagepartners-display-component---NewPartner--intercompVendorComboBox-application-managepartners-display-component---NewPartner--assignmentsTable-0-vhi"}]}
RESULT: {"script":"<script> [1562 bytes]","args":[{"selector":{"id":"application-managepartners-display-component---NewPartner--intercompVendorComboBox-application-managepartners-display-component---NewPartner--assignmentsTable-0-vhi"},"wdio_ui5_key":"applicationmanagepartners-display-component---NewPartner--intercompVendorComboBox-application-managepartners-display-component---NewPartner--assignmentsTable-0-vhi"}]}
RESULT: undefined
COMMAND: POST /session/0483d061f40becc12e3a8004d2d19577/element - {"using":"xpath","value":"//*[@id=\"application-managepartners-display-component---NewPartner--intercompVendorComboBox-application-managepartners-display-component---NewPartner--assignmentsTable-0-vhi\"]"}
RESULT: {"using":"xpath","value":"//*[@id=\"application-managepartners-display-component---NewPartner--intercompVendorComboBox-application-managepartners-display-component---NewPartner--assignmentsTable-0-vhi\"]"}
COMMAND: POST /session/0483d061f40becc12e3a8004d2d19577/element/f.21909E599E196C0494D8E3CC232C3551.d.939AD3E5A4FE5BBC2B38480F61D2BA06.e.9869/click - {}
RESULT: {}
RESULT: undefined
COMMAND: POST /session/0483d061f40becc12e3a8004d2d19577/execute/async - {"script":"<script> [776 bytes]","args":[{"enterText":"100005","selector":{"controlType":"sap.m.SearchField","properties":{"placeholder":"Search"},"searchOpenDialogs":true,"interaction":{"idSuffix":"I"}},"clearTextFirst":true,"interactionType":"ENTER_TEXT"}]}
COMMAND: GET /session/0483d061f40becc12e3a8004d2d19577/screenshot - {}
RESULT: {"script":"<script> [776 bytes]","args":[{"enterText":"100005","selector":{"controlType":"sap.m.SearchField","properties":{"placeholder":"Search"},"searchOpenDialogs":true,"interaction":{"idSuffix":"I"}},"clearTextFirst":true,"interactionType":"ENTER_TEXT"}]}
COMMAND: POST /session/0483d061f40becc12e3a8004d2d19577/actions - {"actions":[{"id":"action27","type":"key","parameters":{},"actions":[{"type":"keyDown","value":""},{"type":"pause","duration":10},{"type":"keyUp","value":""}]}]}
RESULT: {}
RESULT: {"actions":[{"id":"action27","type":"key","parameters":{},"actions":[{"type":"keyDown","value":""},{"type":"pause","duration":10},{"type":"keyUp","value":""}]}]}
COMMAND: GET /session/0483d061f40becc12e3a8004d2d19577/screenshot - {}
RESULT: {}
COMMAND: POST /session/0483d061f40becc12e3a8004d2d19577/element - {"using":"xpath","value":"//span[contains(text(), \"Penguins - Field/12345 Berlin\")]"}
RESULT: {"using":"xpath","value":"//span[contains(text(), \"Penguins - Field/12345 Berlin\")]"}
COMMAND: POST /session/0483d061f40becc12e3a8004d2d19577/element/f.21909E599E196C0494D8E3CC232C3551.d.939AD3E5A4FE5BBC2B38480F61D2BA06.e.9887/click - {}
RESULT: {}
COMMAND: GET /session/0483d061f40becc12e3a8004d2d19577/screenshot - {}
RESULT: {}
COMMAND: POST /session/0483d061f40becc12e3a8004d2d19577/element - {"using":"xpath","value":"//bdi[contains(text(), \"OK\")]"}
RESULT: {"using":"xpath","value":"//bdi[contains(text(), \"OK\")]"}
COMMAND: POST /session/0483d061f40becc12e3a8004d2d19577/element/f.21909E599E196C0494D8E3CC232C3551.d.939AD3E5A4FE5BBC2B38480F61D2BA06.e.9888/click - {}
RESULT: {}
COMMAND: GET /session/0483d061f40becc12e3a8004d2d19577/screenshot - {}
RESULT: {}
COMMAND: POST /session/0483d061f40becc12e3a8004d2d19577/element - {"using":"xpath","value":"//button[@data-kt=\"saveButton\"]"}
RESULT: {"using":"xpath","value":"//button[@data-kt=\"saveButton\"]"}
COMMAND: POST /session/0483d061f40becc12e3a8004d2d19577/element/f.21909E599E196C0494D8E3CC232C3551.d.939AD3E5A4FE5BBC2B38480F61D2BA06.e.9738/click - {}
RESULT: {}
COMMAND: GET /session/0483d061f40becc12e3a8004d2d19577/screenshot - {}
RESULT: {}
COMMAND: POST /session/0483d061f40becc12e3a8004d2d19577/element - {"using":"xpath","value":"//header[contains(@id, 'ObjectPageLayout-headerTitle')]/div[1]/div[2]/div[2]/span[1]"}
RESULT: {"using":"xpath","value":"//header[contains(@id, 'ObjectPageLayout-headerTitle')]/div[1]/div[2]/div[2]/span[1]"}
COMMAND: POST /session/0483d061f40becc12e3a8004d2d19577/elements - {"using":"xpath","value":"//header[contains(@id, 'ObjectPageLayout-headerTitle')]/div[1]/div[2]/div[2]/span[1]"}
RESULT: {"using":"xpath","value":"//header[contains(@id, 'ObjectPageLayout-headerTitle')]/div[1]/div[2]/div[2]/span[1]"}
COMMAND: POST /session/0483d061f40becc12e3a8004d2d19577/execute/sync - {"script":"<script> [56 bytes]","args":[{"element-6066-11e4-a52e-4f735466cecf":"f.21909E599E196C0494D8E3CC232C3551.d.939AD3E5A4FE5BBC2B38480F61D2BA06.e.10051","ELEMENT":"f.21909E599E196C0494D8E3CC232C3551.d.939AD3E5A4FE5BBC2B38480F61D2BA06.e.10051"}]}
RESULT: {"script":"<script> [56 bytes]","args":[{"element-6066-11e4-a52e-4f735466cecf":"f.21909E599E196C0494D8E3CC232C3551.d.939AD3E5A4FE5BBC2B38480F61D2BA06.e.10051","ELEMENT":"f.21909E599E196C0494D8E3CC232C3551.d.939AD3E5A4FE5BBC2B38480F61D2BA06.e.10051"}]}
COMMAND: POST /session/0483d061f40becc12e3a8004d2d19577/element - {"using":"css selector","value":"#shell-header-logo"}
COMMAND: GET /session/0483d061f40becc12e3a8004d2d19577/screenshot - {}
RESULT: {"using":"css selector","value":"#shell-header-logo"}
COMMAND: POST /session/0483d061f40becc12e3a8004d2d19577/element/f.21909E599E196C0494D8E3CC232C3551.d.939AD3E5A4FE5BBC2B38480F61D2BA06.e.9271/click - {}
RESULT: {}
RESULT: {}
COMMAND: GET /session/0483d061f40becc12e3a8004d2d19577/screenshot - {}
RESULT: {}
COMMAND: POST /session/0483d061f40becc12e3a8004d2d19577/execute/sync - {"script":"<script> [299 bytes]","args":[["getModel","getResource"]]}
RESULT: {"script":"<script> [299 bytes]","args":[["getModel","getResource"]]}
COMMAND: GET /session/0483d061f40becc12e3a8004d2d19577/screenshot - {}
]]></system-out>
    </testcase>
    <testcase classname="chrome.136_0_7103_93.windows.Billing_Transfer_-_Intracompany_US127249" name="Should create a new site" time="100.427">
      <system-out><![CDATA[
COMMAND: POST /session/0483d061f40becc12e3a8004d2d19577/execute/async - {"script":"<script> [1562 bytes]","args":[{"selector":{"controlType":"sap.m.GenericTile","properties":{"header":"Manage Sites"}},"wdio_ui5_key":"sapm.GenericTile{\"header\":\"Manage Sites\"}"}]}
RESULT: {}
RESULT: {"script":"<script> [1562 bytes]","args":[{"selector":{"controlType":"sap.m.GenericTile","properties":{"header":"Manage Sites"}},"wdio_ui5_key":"sapm.GenericTile{\"header\":\"Manage Sites\"}"}]}
RESULT: undefined
COMMAND: POST /session/0483d061f40becc12e3a8004d2d19577/element - {"using":"xpath","value":"//*[@id=\"__tile40\"]"}
RESULT: {"using":"xpath","value":"//*[@id=\"__tile40\"]"}
COMMAND: POST /session/0483d061f40becc12e3a8004d2d19577/element/f.21909E599E196C0494D8E3CC232C3551.d.939AD3E5A4FE5BBC2B38480F61D2BA06.e.8421/click - {}
RESULT: {}
COMMAND: GET /session/0483d061f40becc12e3a8004d2d19577/screenshot - {}
RESULT: {}
COMMAND: POST /session/0483d061f40becc12e3a8004d2d19577/elements - {"using":"xpath","value":"//span[text()='Error']"}
RESULT: {"using":"xpath","value":"//span[text()='Error']"}
COMMAND: POST /session/0483d061f40becc12e3a8004d2d19577/element - {"using":"xpath","value":"//button[@data-kt=\"addOverflowToolbarButton\"]"}
RESULT: {"using":"xpath","value":"//button[@data-kt=\"addOverflowToolbarButton\"]"}
COMMAND: POST /session/0483d061f40becc12e3a8004d2d19577/elements - {"using":"xpath","value":"//button[@data-kt=\"addOverflowToolbarButton\"]"}
RESULT: {"using":"xpath","value":"//button[@data-kt=\"addOverflowToolbarButton\"]"}
COMMAND: POST /session/0483d061f40becc12e3a8004d2d19577/execute/sync - {"script":"<script> [8489 bytes]","args":[{"element-6066-11e4-a52e-4f735466cecf":"f.21909E599E196C0494D8E3CC232C3551.d.939AD3E5A4FE5BBC2B38480F61D2BA06.e.10100","ELEMENT":"f.21909E599E196C0494D8E3CC232C3551.d.939AD3E5A4FE5BBC2B38480F61D2BA06.e.10100"}]}
RESULT: {"script":"<script> [8489 bytes]","args":[{"element-6066-11e4-a52e-4f735466cecf":"f.21909E599E196C0494D8E3CC232C3551.d.939AD3E5A4FE5BBC2B38480F61D2BA06.e.10100","ELEMENT":"f.21909E599E196C0494D8E3CC232C3551.d.939AD3E5A4FE5BBC2B38480F61D2BA06.e.10100"}]}
COMMAND: GET /session/0483d061f40becc12e3a8004d2d19577/element/f.21909E599E196C0494D8E3CC232C3551.d.939AD3E5A4FE5BBC2B38480F61D2BA06.e.10100/enabled - {}
COMMAND: GET /session/0483d061f40becc12e3a8004d2d19577/screenshot - {}
RESULT: {}
COMMAND: POST /session/0483d061f40becc12e3a8004d2d19577/execute/sync - {"script":"<script> [8489 bytes]","args":[{"element-6066-11e4-a52e-4f735466cecf":"f.21909E599E196C0494D8E3CC232C3551.d.939AD3E5A4FE5BBC2B38480F61D2BA06.e.10100","ELEMENT":"f.21909E599E196C0494D8E3CC232C3551.d.939AD3E5A4FE5BBC2B38480F61D2BA06.e.10100"}]}
COMMAND: GET /session/0483d061f40becc12e3a8004d2d19577/screenshot - {}
RESULT: {}
RESULT: {"script":"<script> [8489 bytes]","args":[{"element-6066-11e4-a52e-4f735466cecf":"f.21909E599E196C0494D8E3CC232C3551.d.939AD3E5A4FE5BBC2B38480F61D2BA06.e.10100","ELEMENT":"f.21909E599E196C0494D8E3CC232C3551.d.939AD3E5A4FE5BBC2B38480F61D2BA06.e.10100"}]}
COMMAND: POST /session/0483d061f40becc12e3a8004d2d19577/execute/sync - {"script":"<script> [5351 bytes]","args":[{"element-6066-11e4-a52e-4f735466cecf":"f.21909E599E196C0494D8E3CC232C3551.d.939AD3E5A4FE5BBC2B38480F61D2BA06.e.10100","ELEMENT":"f.21909E599E196C0494D8E3CC232C3551.d.939AD3E5A4FE5BBC2B38480F61D2BA06.e.10100"}]}
COMMAND: GET /session/0483d061f40becc12e3a8004d2d19577/screenshot - {}
RESULT: {}
RESULT: {"script":"<script> [5351 bytes]","args":[{"element-6066-11e4-a52e-4f735466cecf":"f.21909E599E196C0494D8E3CC232C3551.d.939AD3E5A4FE5BBC2B38480F61D2BA06.e.10100","ELEMENT":"f.21909E599E196C0494D8E3CC232C3551.d.939AD3E5A4FE5BBC2B38480F61D2BA06.e.10100"}]}
COMMAND: POST /session/0483d061f40becc12e3a8004d2d19577/element/f.21909E599E196C0494D8E3CC232C3551.d.939AD3E5A4FE5BBC2B38480F61D2BA06.e.10100/click - {}
COMMAND: GET /session/0483d061f40becc12e3a8004d2d19577/screenshot - {}
RESULT: {}
RESULT: {}
COMMAND: GET /session/0483d061f40becc12e3a8004d2d19577/screenshot - {}
COMMAND: POST /session/0483d061f40becc12e3a8004d2d19577/element - {"using":"xpath","value":"//input[@id=\"application-managesites-display-component---NewSite--siteId-inner\"]"}
RESULT: {}
RESULT: {}
RESULT: {"using":"xpath","value":"//input[@id=\"application-managesites-display-component---NewSite--siteId-inner\"]"}
COMMAND: POST /session/0483d061f40becc12e3a8004d2d19577/element - {"using":"xpath","value":"//input[@id=\"application-managesites-display-component---NewSite--siteId-inner\"]"}
RESULT: {"using":"xpath","value":"//input[@id=\"application-managesites-display-component---NewSite--siteId-inner\"]"}
COMMAND: POST /session/0483d061f40becc12e3a8004d2d19577/execute/async - {"script":"<script> [1562 bytes]","args":[{"selector":{"id":"application-managesites-display-component---NewSite--addressDetailDetailsName1","interaction":{"idSuffix":"inner"}},"wdio_ui5_key":"applicationmanagesites-display-component---NewSite--addressDetailDetailsName1"}]}
RESULT: {"script":"<script> [1562 bytes]","args":[{"selector":{"id":"application-managesites-display-component---NewSite--addressDetailDetailsName1","interaction":{"idSuffix":"inner"}},"wdio_ui5_key":"applicationmanagesites-display-component---NewSite--addressDetailDetailsName1"}]}
RESULT: undefined
COMMAND: POST /session/0483d061f40becc12e3a8004d2d19577/execute/async - {"script":"<script> [776 bytes]","args":[{"enterText":"Intracompany Site wdIO","selector":{"id":"application-managesites-display-component---NewSite--addressDetailDetailsName1","interaction":{"idSuffix":"inner"}},"clearTextFirst":true,"interactionType":"ENTER_TEXT"}]}
RESULT: {"script":"<script> [776 bytes]","args":[{"enterText":"Intracompany Site wdIO","selector":{"id":"application-managesites-display-component---NewSite--addressDetailDetailsName1","interaction":{"idSuffix":"inner"}},"clearTextFirst":true,"interactionType":"ENTER_TEXT"}]}
COMMAND: POST /session/0483d061f40becc12e3a8004d2d19577/execute/async - {"script":"<script> [1562 bytes]","args":[{"selector":{"id":"application-managesites-display-component---NewSite--addressDetailDetailsLanguage-arrow"},"wdio_ui5_key":"applicationmanagesites-display-component---NewSite--addressDetailDetailsLanguage-arrow"}]}
RESULT: {"script":"<script> [1562 bytes]","args":[{"selector":{"id":"application-managesites-display-component---NewSite--addressDetailDetailsLanguage-arrow"},"wdio_ui5_key":"applicationmanagesites-display-component---NewSite--addressDetailDetailsLanguage-arrow"}]}
RESULT: undefined
COMMAND: POST /session/0483d061f40becc12e3a8004d2d19577/element - {"using":"xpath","value":"//*[@id=\"application-managesites-display-component---NewSite--addressDetailDetailsLanguage-arrow\"]"}
RESULT: {"using":"xpath","value":"//*[@id=\"application-managesites-display-component---NewSite--addressDetailDetailsLanguage-arrow\"]"}
COMMAND: POST /session/0483d061f40becc12e3a8004d2d19577/element/f.21909E599E196C0494D8E3CC232C3551.d.939AD3E5A4FE5BBC2B38480F61D2BA06.e.10503/click - {}
RESULT: {}
COMMAND: POST /session/0483d061f40becc12e3a8004d2d19577/element - {"using":"xpath","value":"//span[contains(text(), \"English\")]"}
COMMAND: GET /session/0483d061f40becc12e3a8004d2d19577/screenshot - {}
RESULT: {"using":"xpath","value":"//span[contains(text(), \"English\")]"}
COMMAND: POST /session/0483d061f40becc12e3a8004d2d19577/element/f.21909E599E196C0494D8E3CC232C3551.d.939AD3E5A4FE5BBC2B38480F61D2BA06.e.10504/click - {}
RESULT: {}
RESULT: {}
COMMAND: POST /session/0483d061f40becc12e3a8004d2d19577/execute/async - {"script":"<script> [1562 bytes]","args":[{"selector":{"id":"application-managesites-display-component---NewSite--addressDetailDetailsCity1","interaction":{"idSuffix":"inner"}},"wdio_ui5_key":"applicationmanagesites-display-component---NewSite--addressDetailDetailsCity1"}]}
COMMAND: GET /session/0483d061f40becc12e3a8004d2d19577/screenshot - {}
RESULT: {"script":"<script> [1562 bytes]","args":[{"selector":{"id":"application-managesites-display-component---NewSite--addressDetailDetailsCity1","interaction":{"idSuffix":"inner"}},"wdio_ui5_key":"applicationmanagesites-display-component---NewSite--addressDetailDetailsCity1"}]}
RESULT: undefined
COMMAND: POST /session/0483d061f40becc12e3a8004d2d19577/execute/async - {"script":"<script> [776 bytes]","args":[{"enterText":"Rosario","selector":{"id":"application-managesites-display-component---NewSite--addressDetailDetailsCity1","interaction":{"idSuffix":"inner"}},"clearTextFirst":true,"interactionType":"ENTER_TEXT"}]}
RESULT: {}
RESULT: {"script":"<script> [776 bytes]","args":[{"enterText":"Rosario","selector":{"id":"application-managesites-display-component---NewSite--addressDetailDetailsCity1","interaction":{"idSuffix":"inner"}},"clearTextFirst":true,"interactionType":"ENTER_TEXT"}]}
COMMAND: POST /session/0483d061f40becc12e3a8004d2d19577/execute/async - {"script":"<script> [1562 bytes]","args":[{"selector":{"id":"application-managesites-display-component---NewSite--addressDetailDetailsCountry-arrow"},"wdio_ui5_key":"applicationmanagesites-display-component---NewSite--addressDetailDetailsCountry-arrow"}]}
RESULT: {"script":"<script> [1562 bytes]","args":[{"selector":{"id":"application-managesites-display-component---NewSite--addressDetailDetailsCountry-arrow"},"wdio_ui5_key":"applicationmanagesites-display-component---NewSite--addressDetailDetailsCountry-arrow"}]}
RESULT: undefined
COMMAND: POST /session/0483d061f40becc12e3a8004d2d19577/element - {"using":"xpath","value":"//*[@id=\"application-managesites-display-component---NewSite--addressDetailDetailsCountry-arrow\"]"}
RESULT: {"using":"xpath","value":"//*[@id=\"application-managesites-display-component---NewSite--addressDetailDetailsCountry-arrow\"]"}
COMMAND: POST /session/0483d061f40becc12e3a8004d2d19577/element/f.21909E599E196C0494D8E3CC232C3551.d.939AD3E5A4FE5BBC2B38480F61D2BA06.e.10506/click - {}
RESULT: {}
COMMAND: POST /session/0483d061f40becc12e3a8004d2d19577/element - {"using":"xpath","value":"//span[contains(text(), \"Argentina\")]"}
COMMAND: GET /session/0483d061f40becc12e3a8004d2d19577/screenshot - {}
RESULT: {"using":"xpath","value":"//span[contains(text(), \"Argentina\")]"}
COMMAND: POST /session/0483d061f40becc12e3a8004d2d19577/element/f.21909E599E196C0494D8E3CC232C3551.d.939AD3E5A4FE5BBC2B38480F61D2BA06.e.10507/click - {}
RESULT: {}
RESULT: {}
COMMAND: GET /session/0483d061f40becc12e3a8004d2d19577/screenshot - {}
RESULT: {}
COMMAND: POST /session/0483d061f40becc12e3a8004d2d19577/execute/async - {"script":"<script> [1562 bytes]","args":[{"selector":{"id":"application-managesites-display-component---NewSite--addressEditDetailsCostObjectCstType-arrow"},"wdio_ui5_key":"applicationmanagesites-display-component---NewSite--addressEditDetailsCostObjectCstType-arrow"}]}
RESULT: {"script":"<script> [1562 bytes]","args":[{"selector":{"id":"application-managesites-display-component---NewSite--addressEditDetailsCostObjectCstType-arrow"},"wdio_ui5_key":"applicationmanagesites-display-component---NewSite--addressEditDetailsCostObjectCstType-arrow"}]}
RESULT: undefined
COMMAND: POST /session/0483d061f40becc12e3a8004d2d19577/element - {"using":"xpath","value":"//*[@id=\"application-managesites-display-component---NewSite--addressEditDetailsCostObjectCstType-arrow\"]"}
RESULT: {"using":"xpath","value":"//*[@id=\"application-managesites-display-component---NewSite--addressEditDetailsCostObjectCstType-arrow\"]"}
COMMAND: POST /session/0483d061f40becc12e3a8004d2d19577/element/f.21909E599E196C0494D8E3CC232C3551.d.939AD3E5A4FE5BBC2B38480F61D2BA06.e.10509/click - {}
RESULT: {}
COMMAND: POST /session/0483d061f40becc12e3a8004d2d19577/element - {"using":"xpath","value":"//span[contains(text(), \"Cost Center\")]"}
COMMAND: GET /session/0483d061f40becc12e3a8004d2d19577/screenshot - {}
RESULT: {"using":"xpath","value":"//span[contains(text(), \"Cost Center\")]"}
COMMAND: POST /session/0483d061f40becc12e3a8004d2d19577/element/f.21909E599E196C0494D8E3CC232C3551.d.939AD3E5A4FE5BBC2B38480F61D2BA06.e.10511/click - {}
RESULT: {}
RESULT: {}
COMMAND: GET /session/0483d061f40becc12e3a8004d2d19577/screenshot - {}
RESULT: {}
COMMAND: POST /session/0483d061f40becc12e3a8004d2d19577/element - {"using":"xpath","value":"//span[@id=\"application-managesites-display-component---NewSite--addressNewCostObjectCstID-vhi\"]"}
RESULT: {"using":"xpath","value":"//span[@id=\"application-managesites-display-component---NewSite--addressNewCostObjectCstID-vhi\"]"}
COMMAND: POST /session/0483d061f40becc12e3a8004d2d19577/execute/sync - {"script":"<script> [8489 bytes]","args":[{"element-6066-11e4-a52e-4f735466cecf":"f.21909E599E196C0494D8E3CC232C3551.d.939AD3E5A4FE5BBC2B38480F61D2BA06.e.10515","ELEMENT":"f.21909E599E196C0494D8E3CC232C3551.d.939AD3E5A4FE5BBC2B38480F61D2BA06.e.10515"}]}
RESULT: {"script":"<script> [8489 bytes]","args":[{"element-6066-11e4-a52e-4f735466cecf":"f.21909E599E196C0494D8E3CC232C3551.d.939AD3E5A4FE5BBC2B38480F61D2BA06.e.10515","ELEMENT":"f.21909E599E196C0494D8E3CC232C3551.d.939AD3E5A4FE5BBC2B38480F61D2BA06.e.10515"}]}
COMMAND: POST /session/0483d061f40becc12e3a8004d2d19577/execute/async - {"script":"<script> [1562 bytes]","args":[{"selector":{"id":"application-managesites-display-component---NewSite--addressNewCostObjectCstID-vhi"},"wdio_ui5_key":"applicationmanagesites-display-component---NewSite--addressNewCostObjectCstID-vhi"}]}
COMMAND: GET /session/0483d061f40becc12e3a8004d2d19577/screenshot - {}
RESULT: {"script":"<script> [1562 bytes]","args":[{"selector":{"id":"application-managesites-display-component---NewSite--addressNewCostObjectCstID-vhi"},"wdio_ui5_key":"applicationmanagesites-display-component---NewSite--addressNewCostObjectCstID-vhi"}]}
RESULT: undefined
COMMAND: POST /session/0483d061f40becc12e3a8004d2d19577/element - {"using":"xpath","value":"//*[@id=\"application-managesites-display-component---NewSite--addressNewCostObjectCstID-vhi\"]"}
RESULT: {}
RESULT: {"using":"xpath","value":"//*[@id=\"application-managesites-display-component---NewSite--addressNewCostObjectCstID-vhi\"]"}
COMMAND: POST /session/0483d061f40becc12e3a8004d2d19577/element/f.21909E599E196C0494D8E3CC232C3551.d.939AD3E5A4FE5BBC2B38480F61D2BA06.e.10515/click - {}
RESULT: {}
COMMAND: GET /session/0483d061f40becc12e3a8004d2d19577/screenshot - {}
RESULT: {}
RESULT: undefined
COMMAND: POST /session/0483d061f40becc12e3a8004d2d19577/execute/async - {"script":"<script> [776 bytes]","args":[{"enterText":"10001013","selector":{"controlType":"sap.m.SearchField","properties":{"placeholder":"Search"},"searchOpenDialogs":true,"interaction":{"idSuffix":"I"}},"clearTextFirst":true,"interactionType":"ENTER_TEXT"}]}
RESULT: {"script":"<script> [776 bytes]","args":[{"enterText":"10001013","selector":{"controlType":"sap.m.SearchField","properties":{"placeholder":"Search"},"searchOpenDialogs":true,"interaction":{"idSuffix":"I"}},"clearTextFirst":true,"interactionType":"ENTER_TEXT"}]}
COMMAND: POST /session/0483d061f40becc12e3a8004d2d19577/actions - {"actions":[{"id":"action28","type":"key","parameters":{},"actions":[{"type":"keyDown","value":""},{"type":"pause","duration":10},{"type":"keyUp","value":""}]}]}
RESULT: {"actions":[{"id":"action28","type":"key","parameters":{},"actions":[{"type":"keyDown","value":""},{"type":"pause","duration":10},{"type":"keyUp","value":""}]}]}
COMMAND: GET /session/0483d061f40becc12e3a8004d2d19577/screenshot - {}
RESULT: {}
COMMAND: POST /session/0483d061f40becc12e3a8004d2d19577/element - {"using":"xpath","value":"//span[contains(text(), \"General Management\")]"}
RESULT: {"using":"xpath","value":"//span[contains(text(), \"General Management\")]"}
COMMAND: POST /session/0483d061f40becc12e3a8004d2d19577/element/f.21909E599E196C0494D8E3CC232C3551.d.939AD3E5A4FE5BBC2B38480F61D2BA06.e.10554/click - {}
RESULT: {}
COMMAND: GET /session/0483d061f40becc12e3a8004d2d19577/screenshot - {}
RESULT: {}
COMMAND: POST /session/0483d061f40becc12e3a8004d2d19577/element - {"using":"xpath","value":"//bdi[contains(text(), \"OK\")]"}
RESULT: {"using":"xpath","value":"//bdi[contains(text(), \"OK\")]"}
COMMAND: POST /session/0483d061f40becc12e3a8004d2d19577/element/f.21909E599E196C0494D8E3CC232C3551.d.939AD3E5A4FE5BBC2B38480F61D2BA06.e.10555/click - {}
RESULT: {}
COMMAND: GET /session/0483d061f40becc12e3a8004d2d19577/screenshot - {}
RESULT: {}
COMMAND: POST /session/0483d061f40becc12e3a8004d2d19577/element - {"using":"xpath","value":"//input[@id=\"application-managesites-display-component---NewSite--addressDetailDetailsCalendar-inner\"]"}
RESULT: {"using":"xpath","value":"//input[@id=\"application-managesites-display-component---NewSite--addressDetailDetailsCalendar-inner\"]"}
COMMAND: POST /session/0483d061f40becc12e3a8004d2d19577/element/f.21909E599E196C0494D8E3CC232C3551.d.939AD3E5A4FE5BBC2B38480F61D2BA06.e.10300/clear - {}
RESULT: {}
COMMAND: POST /session/0483d061f40becc12e3a8004d2d19577/element/f.21909E599E196C0494D8E3CC232C3551.d.939AD3E5A4FE5BBC2B38480F61D2BA06.e.10300/value - {"text":"Unit"}
COMMAND: GET /session/0483d061f40becc12e3a8004d2d19577/screenshot - {}
RESULT: {"text":"Unit"}
COMMAND: GET /session/0483d061f40becc12e3a8004d2d19577/screenshot - {}
RESULT: {}
RESULT: {}
COMMAND: POST /session/0483d061f40becc12e3a8004d2d19577/actions - {"actions":[{"id":"action29","type":"key","parameters":{},"actions":[{"type":"keyDown","value":""},{"type":"pause","duration":10},{"type":"keyUp","value":""}]}]}
RESULT: {"actions":[{"id":"action29","type":"key","parameters":{},"actions":[{"type":"keyDown","value":""},{"type":"pause","duration":10},{"type":"keyUp","value":""}]}]}
COMMAND: POST /session/0483d061f40becc12e3a8004d2d19577/element - {"using":"xpath","value":"//input[@id=\"application-managesites-display-component---NewSite--addressDetailDetailsYard-inner\"]"}
COMMAND: GET /session/0483d061f40becc12e3a8004d2d19577/screenshot - {}
RESULT: {"using":"xpath","value":"//input[@id=\"application-managesites-display-component---NewSite--addressDetailDetailsYard-inner\"]"}
COMMAND: POST /session/0483d061f40becc12e3a8004d2d19577/element/f.21909E599E196C0494D8E3CC232C3551.d.939AD3E5A4FE5BBC2B38480F61D2BA06.e.10301/clear - {}
RESULT: {}
RESULT: {}
COMMAND: POST /session/0483d061f40becc12e3a8004d2d19577/element/f.21909E599E196C0494D8E3CC232C3551.d.939AD3E5A4FE5BBC2B38480F61D2BA06.e.10301/value - {"text":"474"}
COMMAND: GET /session/0483d061f40becc12e3a8004d2d19577/screenshot - {}
RESULT: {"text":"474"}
COMMAND: GET /session/0483d061f40becc12e3a8004d2d19577/screenshot - {}
RESULT: {}
RESULT: {}
COMMAND: POST /session/0483d061f40becc12e3a8004d2d19577/element - {"using":"xpath","value":"//li[.//span[text()='474']]"}
RESULT: {"using":"xpath","value":"//li[.//span[text()='474']]"}
COMMAND: POST /session/0483d061f40becc12e3a8004d2d19577/element/f.21909E599E196C0494D8E3CC232C3551.d.939AD3E5A4FE5BBC2B38480F61D2BA06.e.10563/click - {}
RESULT: {}
COMMAND: GET /session/0483d061f40becc12e3a8004d2d19577/screenshot - {}
RESULT: {}
COMMAND: POST /session/0483d061f40becc12e3a8004d2d19577/element - {"using":"xpath","value":"//input[@id=\"application-managesites-display-component---NewSite--addressDetailDetailsPartner-inner\"]"}
RESULT: {"using":"xpath","value":"//input[@id=\"application-managesites-display-component---NewSite--addressDetailDetailsPartner-inner\"]"}
COMMAND: POST /session/0483d061f40becc12e3a8004d2d19577/element - {"using":"xpath","value":"//input[@id=\"application-managesites-display-component---NewSite--addressDetailDetailsPartner-inner\"]"}
RESULT: {"using":"xpath","value":"//input[@id=\"application-managesites-display-component---NewSite--addressDetailDetailsPartner-inner\"]"}
COMMAND: POST /session/0483d061f40becc12e3a8004d2d19577/element - {"using":"xpath","value":"//button[@data-kt=\"saveButton\"]"}
RESULT: {"using":"xpath","value":"//button[@data-kt=\"saveButton\"]"}
COMMAND: POST /session/0483d061f40becc12e3a8004d2d19577/element/f.21909E599E196C0494D8E3CC232C3551.d.939AD3E5A4FE5BBC2B38480F61D2BA06.e.10476/click - {}
RESULT: {}
COMMAND: GET /session/0483d061f40becc12e3a8004d2d19577/screenshot - {}
RESULT: {}
COMMAND: POST /session/0483d061f40becc12e3a8004d2d19577/element - {"using":"xpath","value":"//header[contains(@id, 'ObjectPageLayout-headerTitle')]/div[1]/div[2]/div[2]/span[1]"}
RESULT: {"using":"xpath","value":"//header[contains(@id, 'ObjectPageLayout-headerTitle')]/div[1]/div[2]/div[2]/span[1]"}
COMMAND: POST /session/0483d061f40becc12e3a8004d2d19577/elements - {"using":"xpath","value":"//header[contains(@id, 'ObjectPageLayout-headerTitle')]/div[1]/div[2]/div[2]/span[1]"}
RESULT: {"using":"xpath","value":"//header[contains(@id, 'ObjectPageLayout-headerTitle')]/div[1]/div[2]/div[2]/span[1]"}
COMMAND: POST /session/0483d061f40becc12e3a8004d2d19577/execute/sync - {"script":"<script> [56 bytes]","args":[{"element-6066-11e4-a52e-4f735466cecf":"f.21909E599E196C0494D8E3CC232C3551.d.939AD3E5A4FE5BBC2B38480F61D2BA06.e.10766","ELEMENT":"f.21909E599E196C0494D8E3CC232C3551.d.939AD3E5A4FE5BBC2B38480F61D2BA06.e.10766"}]}
RESULT: {"script":"<script> [56 bytes]","args":[{"element-6066-11e4-a52e-4f735466cecf":"f.21909E599E196C0494D8E3CC232C3551.d.939AD3E5A4FE5BBC2B38480F61D2BA06.e.10766","ELEMENT":"f.21909E599E196C0494D8E3CC232C3551.d.939AD3E5A4FE5BBC2B38480F61D2BA06.e.10766"}]}
COMMAND: POST /session/0483d061f40becc12e3a8004d2d19577/element - {"using":"css selector","value":"#shell-header-logo"}
COMMAND: GET /session/0483d061f40becc12e3a8004d2d19577/screenshot - {}
RESULT: {"using":"css selector","value":"#shell-header-logo"}
COMMAND: POST /session/0483d061f40becc12e3a8004d2d19577/element/f.21909E599E196C0494D8E3CC232C3551.d.939AD3E5A4FE5BBC2B38480F61D2BA06.e.10057/click - {}
RESULT: {}
RESULT: {}
COMMAND: GET /session/0483d061f40becc12e3a8004d2d19577/screenshot - {}
RESULT: {}
COMMAND: POST /session/0483d061f40becc12e3a8004d2d19577/execute/sync - {"script":"<script> [299 bytes]","args":[["getModel","getResource"]]}
RESULT: {"script":"<script> [299 bytes]","args":[["getModel","getResource"]]}
]]></system-out>
    </testcase>
    <testcase classname="chrome.136_0_7103_93.windows.Billing_Transfer_-_Intracompany_US127249" name="Should create a new equipment" time="131.951">
      <system-out><![CDATA[
COMMAND: GET /session/0483d061f40becc12e3a8004d2d19577/screenshot - {}
COMMAND: POST /session/0483d061f40becc12e3a8004d2d19577/execute/async - {"script":"<script> [1562 bytes]","args":[{"selector":{"controlType":"sap.m.GenericTile","properties":{"header":"Manage Resources"}},"wdio_ui5_key":"sapm.GenericTile{\"header\":\"Manage Resources\"}"}]}
RESULT: {}
RESULT: {"script":"<script> [1562 bytes]","args":[{"selector":{"controlType":"sap.m.GenericTile","properties":{"header":"Manage Resources"}},"wdio_ui5_key":"sapm.GenericTile{\"header\":\"Manage Resources\"}"}]}
RESULT: undefined
COMMAND: POST /session/0483d061f40becc12e3a8004d2d19577/element - {"using":"xpath","value":"//*[@id=\"__tile39\"]"}
RESULT: {"using":"xpath","value":"//*[@id=\"__tile39\"]"}
COMMAND: POST /session/0483d061f40becc12e3a8004d2d19577/element/f.21909E599E196C0494D8E3CC232C3551.d.939AD3E5A4FE5BBC2B38480F61D2BA06.e.8418/click - {}
RESULT: {}
COMMAND: GET /session/0483d061f40becc12e3a8004d2d19577/screenshot - {}
RESULT: {}
COMMAND: POST /session/0483d061f40becc12e3a8004d2d19577/elements - {"using":"xpath","value":"//span[text()='Error']"}
RESULT: {"using":"xpath","value":"//span[text()='Error']"}
COMMAND: POST /session/0483d061f40becc12e3a8004d2d19577/element - {"using":"xpath","value":"//button[@data-kt=\"addNewRUOverflowToolbarButton\"]"}
RESULT: {"using":"xpath","value":"//button[@data-kt=\"addNewRUOverflowToolbarButton\"]"}
COMMAND: POST /session/0483d061f40becc12e3a8004d2d19577/elements - {"using":"xpath","value":"//button[@data-kt=\"addNewRUOverflowToolbarButton\"]"}
RESULT: {"using":"xpath","value":"//button[@data-kt=\"addNewRUOverflowToolbarButton\"]"}
COMMAND: POST /session/0483d061f40becc12e3a8004d2d19577/execute/sync - {"script":"<script> [8489 bytes]","args":[{"element-6066-11e4-a52e-4f735466cecf":"f.21909E599E196C0494D8E3CC232C3551.d.939AD3E5A4FE5BBC2B38480F61D2BA06.e.10798","ELEMENT":"f.21909E599E196C0494D8E3CC232C3551.d.939AD3E5A4FE5BBC2B38480F61D2BA06.e.10798"}]}
RESULT: {"script":"<script> [8489 bytes]","args":[{"element-6066-11e4-a52e-4f735466cecf":"f.21909E599E196C0494D8E3CC232C3551.d.939AD3E5A4FE5BBC2B38480F61D2BA06.e.10798","ELEMENT":"f.21909E599E196C0494D8E3CC232C3551.d.939AD3E5A4FE5BBC2B38480F61D2BA06.e.10798"}]}
COMMAND: GET /session/0483d061f40becc12e3a8004d2d19577/element/f.21909E599E196C0494D8E3CC232C3551.d.939AD3E5A4FE5BBC2B38480F61D2BA06.e.10798/enabled - {}
COMMAND: GET /session/0483d061f40becc12e3a8004d2d19577/screenshot - {}
RESULT: {}
COMMAND: POST /session/0483d061f40becc12e3a8004d2d19577/execute/sync - {"script":"<script> [8489 bytes]","args":[{"element-6066-11e4-a52e-4f735466cecf":"f.21909E599E196C0494D8E3CC232C3551.d.939AD3E5A4FE5BBC2B38480F61D2BA06.e.10798","ELEMENT":"f.21909E599E196C0494D8E3CC232C3551.d.939AD3E5A4FE5BBC2B38480F61D2BA06.e.10798"}]}
COMMAND: GET /session/0483d061f40becc12e3a8004d2d19577/screenshot - {}
RESULT: {}
RESULT: {"script":"<script> [8489 bytes]","args":[{"element-6066-11e4-a52e-4f735466cecf":"f.21909E599E196C0494D8E3CC232C3551.d.939AD3E5A4FE5BBC2B38480F61D2BA06.e.10798","ELEMENT":"f.21909E599E196C0494D8E3CC232C3551.d.939AD3E5A4FE5BBC2B38480F61D2BA06.e.10798"}]}
COMMAND: POST /session/0483d061f40becc12e3a8004d2d19577/execute/sync - {"script":"<script> [5351 bytes]","args":[{"element-6066-11e4-a52e-4f735466cecf":"f.21909E599E196C0494D8E3CC232C3551.d.939AD3E5A4FE5BBC2B38480F61D2BA06.e.10798","ELEMENT":"f.21909E599E196C0494D8E3CC232C3551.d.939AD3E5A4FE5BBC2B38480F61D2BA06.e.10798"}]}
COMMAND: GET /session/0483d061f40becc12e3a8004d2d19577/screenshot - {}
RESULT: {}
RESULT: {"script":"<script> [5351 bytes]","args":[{"element-6066-11e4-a52e-4f735466cecf":"f.21909E599E196C0494D8E3CC232C3551.d.939AD3E5A4FE5BBC2B38480F61D2BA06.e.10798","ELEMENT":"f.21909E599E196C0494D8E3CC232C3551.d.939AD3E5A4FE5BBC2B38480F61D2BA06.e.10798"}]}
COMMAND: POST /session/0483d061f40becc12e3a8004d2d19577/element/f.21909E599E196C0494D8E3CC232C3551.d.939AD3E5A4FE5BBC2B38480F61D2BA06.e.10798/click - {}
COMMAND: GET /session/0483d061f40becc12e3a8004d2d19577/screenshot - {}
RESULT: {}
RESULT: {}
COMMAND: GET /session/0483d061f40becc12e3a8004d2d19577/screenshot - {}
COMMAND: POST /session/0483d061f40becc12e3a8004d2d19577/execute/async - {"script":"<script> [1562 bytes]","args":[{"selector":{"id":"application-manageresources-display-component---newResourceUnit--TYPE-arrow"},"wdio_ui5_key":"applicationmanageresources-display-component---newResourceUnit--TYPE-arrow"}]}
RESULT: {}
RESULT: {}
RESULT: {"script":"<script> [1562 bytes]","args":[{"selector":{"id":"application-manageresources-display-component---newResourceUnit--TYPE-arrow"},"wdio_ui5_key":"applicationmanageresources-display-component---newResourceUnit--TYPE-arrow"}]}
RESULT: undefined
COMMAND: POST /session/0483d061f40becc12e3a8004d2d19577/element - {"using":"xpath","value":"//*[@id=\"application-manageresources-display-component---newResourceUnit--TYPE-arrow\"]"}
RESULT: {"using":"xpath","value":"//*[@id=\"application-manageresources-display-component---newResourceUnit--TYPE-arrow\"]"}
COMMAND: POST /session/0483d061f40becc12e3a8004d2d19577/element/f.21909E599E196C0494D8E3CC232C3551.d.939AD3E5A4FE5BBC2B38480F61D2BA06.e.10966/click - {}
RESULT: {}
COMMAND: POST /session/0483d061f40becc12e3a8004d2d19577/element - {"using":"xpath","value":"//input[@id=\"application-manageresources-display-component---newResourceUnit--TYPE-inner\"]"}
COMMAND: GET /session/0483d061f40becc12e3a8004d2d19577/screenshot - {}
RESULT: {"using":"xpath","value":"//input[@id=\"application-manageresources-display-component---newResourceUnit--TYPE-inner\"]"}
COMMAND: POST /session/0483d061f40becc12e3a8004d2d19577/element/f.21909E599E196C0494D8E3CC232C3551.d.939AD3E5A4FE5BBC2B38480F61D2BA06.e.10853/clear - {}
RESULT: {}
RESULT: {}
COMMAND: POST /session/0483d061f40becc12e3a8004d2d19577/element/f.21909E599E196C0494D8E3CC232C3551.d.939AD3E5A4FE5BBC2B38480F61D2BA06.e.10853/value - {"text":"Equipment"}
COMMAND: GET /session/0483d061f40becc12e3a8004d2d19577/screenshot - {}
RESULT: {"text":"Equipment"}
COMMAND: GET /session/0483d061f40becc12e3a8004d2d19577/screenshot - {}
RESULT: {}
RESULT: {}
COMMAND: POST /session/0483d061f40becc12e3a8004d2d19577/actions - {"actions":[{"id":"action30","type":"key","parameters":{},"actions":[{"type":"keyDown","value":""},{"type":"pause","duration":10},{"type":"keyUp","value":""}]}]}
RESULT: {"actions":[{"id":"action30","type":"key","parameters":{},"actions":[{"type":"keyDown","value":""},{"type":"pause","duration":10},{"type":"keyUp","value":""}]}]}
COMMAND: POST /session/0483d061f40becc12e3a8004d2d19577/execute/async - {"script":"<script> [1562 bytes]","args":[{"selector":{"id":"application-manageresources-display-component---newResourceUnit--resourceId","interaction":{"idSuffix":"inner"}},"wdio_ui5_key":"applicationmanageresources-display-component---newResourceUnit--resourceId"}]}
COMMAND: GET /session/0483d061f40becc12e3a8004d2d19577/screenshot - {}
RESULT: {"script":"<script> [1562 bytes]","args":[{"selector":{"id":"application-manageresources-display-component---newResourceUnit--resourceId","interaction":{"idSuffix":"inner"}},"wdio_ui5_key":"applicationmanageresources-display-component---newResourceUnit--resourceId"}]}
RESULT: undefined
COMMAND: POST /session/0483d061f40becc12e3a8004d2d19577/execute/async - {"script":"<script> [776 bytes]","args":[{"enterText":"MpRlojkt5z","selector":{"id":"application-manageresources-display-component---newResourceUnit--resourceId","interaction":{"idSuffix":"inner"}},"clearTextFirst":true,"interactionType":"ENTER_TEXT"}]}
RESULT: {}
RESULT: {"script":"<script> [776 bytes]","args":[{"enterText":"MpRlojkt5z","selector":{"id":"application-manageresources-display-component---newResourceUnit--resourceId","interaction":{"idSuffix":"inner"}},"clearTextFirst":true,"interactionType":"ENTER_TEXT"}]}
COMMAND: POST /session/0483d061f40becc12e3a8004d2d19577/execute/async - {"script":"<script> [1562 bytes]","args":[{"selector":{"id":"application-manageresources-display-component---newResourceUnit--SHORT_TEXT","interaction":{"idSuffix":"inner"}},"wdio_ui5_key":"applicationmanageresources-display-component---newResourceUnit--SHORT_TEXT"}]}
RESULT: {"script":"<script> [1562 bytes]","args":[{"selector":{"id":"application-manageresources-display-component---newResourceUnit--SHORT_TEXT","interaction":{"idSuffix":"inner"}},"wdio_ui5_key":"applicationmanageresources-display-component---newResourceUnit--SHORT_TEXT"}]}
RESULT: undefined
COMMAND: POST /session/0483d061f40becc12e3a8004d2d19577/execute/async - {"script":"<script> [776 bytes]","args":[{"enterText":"Intercompany Equipment WDIO","selector":{"id":"application-manageresources-display-component---newResourceUnit--SHORT_TEXT","interaction":{"idSuffix":"inner"}},"clearTextFirst":true,"interactionType":"ENTER_TEXT"}]}
RESULT: {"script":"<script> [776 bytes]","args":[{"enterText":"Intercompany Equipment WDIO","selector":{"id":"application-manageresources-display-component---newResourceUnit--SHORT_TEXT","interaction":{"idSuffix":"inner"}},"clearTextFirst":true,"interactionType":"ENTER_TEXT"}]}
COMMAND: POST /session/0483d061f40becc12e3a8004d2d19577/execute/async - {"script":"<script> [1562 bytes]","args":[{"selector":{"id":"application-manageresources-display-component---newResourceUnit--BASE_UNIT_OF_MEASURE","interaction":{"idSuffix":"inner"}},"wdio_ui5_key":"applicationmanageresources-display-component---newResourceUnit--BASE_UNIT_OF_MEASURE"}]}
RESULT: {"script":"<script> [1562 bytes]","args":[{"selector":{"id":"application-manageresources-display-component---newResourceUnit--BASE_UNIT_OF_MEASURE","interaction":{"idSuffix":"inner"}},"wdio_ui5_key":"applicationmanageresources-display-component---newResourceUnit--BASE_UNIT_OF_MEASURE"}]}
RESULT: undefined
COMMAND: POST /session/0483d061f40becc12e3a8004d2d19577/execute/async - {"script":"<script> [776 bytes]","args":[{"enterText":"Piece","selector":{"id":"application-manageresources-display-component---newResourceUnit--BASE_UNIT_OF_MEASURE","interaction":{"idSuffix":"inner"}},"clearTextFirst":true,"interactionType":"ENTER_TEXT"}]}
RESULT: {"script":"<script> [776 bytes]","args":[{"enterText":"Piece","selector":{"id":"application-manageresources-display-component---newResourceUnit--BASE_UNIT_OF_MEASURE","interaction":{"idSuffix":"inner"}},"clearTextFirst":true,"interactionType":"ENTER_TEXT"}]}
COMMAND: POST /session/0483d061f40becc12e3a8004d2d19577/execute/async - {"script":"<script> [1562 bytes]","args":[{"selector":{"id":"application-manageresources-display-component---newResourceUnit--WEIGHT_UNIT","interaction":{"idSuffix":"inner"}},"wdio_ui5_key":"applicationmanageresources-display-component---newResourceUnit--WEIGHT_UNIT"}]}
RESULT: {"script":"<script> [1562 bytes]","args":[{"selector":{"id":"application-manageresources-display-component---newResourceUnit--WEIGHT_UNIT","interaction":{"idSuffix":"inner"}},"wdio_ui5_key":"applicationmanageresources-display-component---newResourceUnit--WEIGHT_UNIT"}]}
RESULT: undefined
COMMAND: POST /session/0483d061f40becc12e3a8004d2d19577/execute/async - {"script":"<script> [776 bytes]","args":[{"enterText":"Gram","selector":{"id":"application-manageresources-display-component---newResourceUnit--WEIGHT_UNIT","interaction":{"idSuffix":"inner"}},"clearTextFirst":true,"interactionType":"ENTER_TEXT"}]}
RESULT: {"script":"<script> [776 bytes]","args":[{"enterText":"Gram","selector":{"id":"application-manageresources-display-component---newResourceUnit--WEIGHT_UNIT","interaction":{"idSuffix":"inner"}},"clearTextFirst":true,"interactionType":"ENTER_TEXT"}]}
COMMAND: POST /session/0483d061f40becc12e3a8004d2d19577/execute/async - {"script":"<script> [1562 bytes]","args":[{"selector":{"id":"application-manageresources-display-component---newResourceUnit--DIMENSION_UNIT","interaction":{"idSuffix":"inner"}},"wdio_ui5_key":"applicationmanageresources-display-component---newResourceUnit--DIMENSION_UNIT"}]}
RESULT: {"script":"<script> [1562 bytes]","args":[{"selector":{"id":"application-manageresources-display-component---newResourceUnit--DIMENSION_UNIT","interaction":{"idSuffix":"inner"}},"wdio_ui5_key":"applicationmanageresources-display-component---newResourceUnit--DIMENSION_UNIT"}]}
RESULT: undefined
COMMAND: POST /session/0483d061f40becc12e3a8004d2d19577/execute/async - {"script":"<script> [776 bytes]","args":[{"enterText":"Meter","selector":{"id":"application-manageresources-display-component---newResourceUnit--DIMENSION_UNIT","interaction":{"idSuffix":"inner"}},"clearTextFirst":true,"interactionType":"ENTER_TEXT"}]}
RESULT: {"script":"<script> [776 bytes]","args":[{"enterText":"Meter","selector":{"id":"application-manageresources-display-component---newResourceUnit--DIMENSION_UNIT","interaction":{"idSuffix":"inner"}},"clearTextFirst":true,"interactionType":"ENTER_TEXT"}]}
COMMAND: POST /session/0483d061f40becc12e3a8004d2d19577/execute/async - {"script":"<script> [1562 bytes]","args":[{"selector":{"id":"application-manageresources-display-component---newResourceUnit--newRRUPage-anchBar-application-manageresources-display-component---newResourceUnit--control-anchor","interaction":{"idSuffix":"BDI-content"}},"wdio_ui5_key":"applicationmanageresources-display-component---newResourceUnit--newRRUPage-anchBar-application-manageresources-display-component---newResourceUnit--control-anchor"}]}
RESULT: {"script":"<script> [1562 bytes]","args":[{"selector":{"id":"application-manageresources-display-component---newResourceUnit--newRRUPage-anchBar-application-manageresources-display-component---newResourceUnit--control-anchor","interaction":{"idSuffix":"BDI-content"}},"wdio_ui5_key":"applicationmanageresources-display-component---newResourceUnit--newRRUPage-anchBar-application-manageresources-display-component---newResourceUnit--control-anchor"}]}
RESULT: undefined
COMMAND: POST /session/0483d061f40becc12e3a8004d2d19577/element - {"using":"xpath","value":"//*[@id=\"application-manageresources-display-component---newResourceUnit--newRRUPage-anchBar-application-manageresources-display-component---newResourceUnit--control-anchor\"]"}
RESULT: {"using":"xpath","value":"//*[@id=\"application-manageresources-display-component---newResourceUnit--newRRUPage-anchBar-application-manageresources-display-component---newResourceUnit--control-anchor\"]"}
COMMAND: POST /session/0483d061f40becc12e3a8004d2d19577/element/f.21909E599E196C0494D8E3CC232C3551.d.939AD3E5A4FE5BBC2B38480F61D2BA06.e.11122/click - {}
RESULT: {}
COMMAND: POST /session/0483d061f40becc12e3a8004d2d19577/execute/async - {"script":"<script> [1562 bytes]","args":[{"selector":{"id":"application-manageresources-display-component---newResourceUnit--PLANNING_GROUP","interaction":{"idSuffix":"inner"}},"wdio_ui5_key":"applicationmanageresources-display-component---newResourceUnit--PLANNING_GROUP"}]}
COMMAND: GET /session/0483d061f40becc12e3a8004d2d19577/screenshot - {}
RESULT: {"script":"<script> [1562 bytes]","args":[{"selector":{"id":"application-manageresources-display-component---newResourceUnit--PLANNING_GROUP","interaction":{"idSuffix":"inner"}},"wdio_ui5_key":"applicationmanageresources-display-component---newResourceUnit--PLANNING_GROUP"}]}
RESULT: undefined
COMMAND: POST /session/0483d061f40becc12e3a8004d2d19577/execute/async - {"script":"<script> [776 bytes]","args":[{"enterText":"Heavy Equi","selector":{"id":"application-manageresources-display-component---newResourceUnit--PLANNING_GROUP","interaction":{"idSuffix":"inner"}},"clearTextFirst":true,"interactionType":"ENTER_TEXT"}]}
RESULT: {}
RESULT: {"script":"<script> [776 bytes]","args":[{"enterText":"Heavy Equi","selector":{"id":"application-manageresources-display-component---newResourceUnit--PLANNING_GROUP","interaction":{"idSuffix":"inner"}},"clearTextFirst":true,"interactionType":"ENTER_TEXT"}]}
COMMAND: POST /session/0483d061f40becc12e3a8004d2d19577/execute/async - {"script":"<script> [1562 bytes]","args":[{"selector":{"id":"application-manageresources-display-component---newResourceUnit--ITEM_TYPE-arrow"},"wdio_ui5_key":"applicationmanageresources-display-component---newResourceUnit--ITEM_TYPE-arrow"}]}
RESULT: {"script":"<script> [1562 bytes]","args":[{"selector":{"id":"application-manageresources-display-component---newResourceUnit--ITEM_TYPE-arrow"},"wdio_ui5_key":"applicationmanageresources-display-component---newResourceUnit--ITEM_TYPE-arrow"}]}
RESULT: undefined
COMMAND: POST /session/0483d061f40becc12e3a8004d2d19577/element - {"using":"xpath","value":"//*[@id=\"application-manageresources-display-component---newResourceUnit--ITEM_TYPE-arrow\"]"}
RESULT: {"using":"xpath","value":"//*[@id=\"application-manageresources-display-component---newResourceUnit--ITEM_TYPE-arrow\"]"}
COMMAND: POST /session/0483d061f40becc12e3a8004d2d19577/element/f.21909E599E196C0494D8E3CC232C3551.d.939AD3E5A4FE5BBC2B38480F61D2BA06.e.11129/click - {}
RESULT: {}
COMMAND: POST /session/0483d061f40becc12e3a8004d2d19577/element - {"using":"xpath","value":"//ul[contains(@id,\"ITEM_TYPE-popup-list-listUl\")]//li[.//span[contains(text(),\"Resource Unit\")]]"}
COMMAND: GET /session/0483d061f40becc12e3a8004d2d19577/screenshot - {}
RESULT: {"using":"xpath","value":"//ul[contains(@id,\"ITEM_TYPE-popup-list-listUl\")]//li[.//span[contains(text(),\"Resource Unit\")]]"}
COMMAND: POST /session/0483d061f40becc12e3a8004d2d19577/element/f.21909E599E196C0494D8E3CC232C3551.d.939AD3E5A4FE5BBC2B38480F61D2BA06.e.11130/click - {}
RESULT: {}
RESULT: {}
COMMAND: GET /session/0483d061f40becc12e3a8004d2d19577/screenshot - {}
RESULT: {}
COMMAND: POST /session/0483d061f40becc12e3a8004d2d19577/element - {"using":"css selector","value":"#application-manageresources-display-component---newResourceUnit--btnAddTimeSegment"}
RESULT: {"using":"css selector","value":"#application-manageresources-display-component---newResourceUnit--btnAddTimeSegment"}
COMMAND: GET /session/0483d061f40becc12e3a8004d2d19577/element/f.21909E599E196C0494D8E3CC232C3551.d.939AD3E5A4FE5BBC2B38480F61D2BA06.e.11137/rect - {}
RESULT: {}
COMMAND: GET /session/0483d061f40becc12e3a8004d2d19577/window/rect - {}
RESULT: {}
COMMAND: POST /session/0483d061f40becc12e3a8004d2d19577/execute/sync - {"script":"<script> [92 bytes]","args":[]}
RESULT: {"script":"<script> [92 bytes]","args":[]}
COMMAND: POST /session/0483d061f40becc12e3a8004d2d19577/actions - {"actions":[{"id":"action31","type":"wheel","parameters":{},"actions":[{"type":"scroll","x":-1888,"y":-32,"deltaX":0,"deltaY":0,"duration":0,"origin":{"element-6066-11e4-a52e-4f735466cecf":"f.21909E599E196C0494D8E3CC232C3551.d.939AD3E5A4FE5BBC2B38480F61D2BA06.e.11137"}}]}]}
COMMAND: GET /session/0483d061f40becc12e3a8004d2d19577/screenshot - {}
RESULT: {}
COMMAND: POST /session/0483d061f40becc12e3a8004d2d19577/execute/sync - {"script":"<script> [79 bytes]","args":[{"element-6066-11e4-a52e-4f735466cecf":"f.21909E599E196C0494D8E3CC232C3551.d.939AD3E5A4FE5BBC2B38480F61D2BA06.e.11137","ELEMENT":"f.21909E599E196C0494D8E3CC232C3551.d.939AD3E5A4FE5BBC2B38480F61D2BA06.e.11137"},{"block":"start","inline":"nearest"}]}
RESULT: {"script":"<script> [79 bytes]","args":[{"element-6066-11e4-a52e-4f735466cecf":"f.21909E599E196C0494D8E3CC232C3551.d.939AD3E5A4FE5BBC2B38480F61D2BA06.e.11137","ELEMENT":"f.21909E599E196C0494D8E3CC232C3551.d.939AD3E5A4FE5BBC2B38480F61D2BA06.e.11137"},{"block":"start","inline":"nearest"}]}
COMMAND: POST /session/0483d061f40becc12e3a8004d2d19577/execute/async - {"script":"<script> [1562 bytes]","args":[{"selector":{"id":"application-manageresources-display-component---newResourceUnit--btnAddTimeSegment","interaction":{"idSuffix":"inner"}},"wdio_ui5_key":"applicationmanageresources-display-component---newResourceUnit--btnAddTimeSegment"}]}
COMMAND: GET /session/0483d061f40becc12e3a8004d2d19577/screenshot - {}
RESULT: {"script":"<script> [1562 bytes]","args":[{"selector":{"id":"application-manageresources-display-component---newResourceUnit--btnAddTimeSegment","interaction":{"idSuffix":"inner"}},"wdio_ui5_key":"applicationmanageresources-display-component---newResourceUnit--btnAddTimeSegment"}]}
RESULT: undefined
COMMAND: POST /session/0483d061f40becc12e3a8004d2d19577/element - {"using":"xpath","value":"//*[@id=\"application-manageresources-display-component---newResourceUnit--btnAddTimeSegment\"]"}
RESULT: {}
RESULT: {"using":"xpath","value":"//*[@id=\"application-manageresources-display-component---newResourceUnit--btnAddTimeSegment\"]"}
COMMAND: POST /session/0483d061f40becc12e3a8004d2d19577/element/f.21909E599E196C0494D8E3CC232C3551.d.939AD3E5A4FE5BBC2B38480F61D2BA06.e.11137/click - {}
RESULT: {}
COMMAND: GET /session/0483d061f40becc12e3a8004d2d19577/screenshot - {}
RESULT: {}
COMMAND: POST /session/0483d061f40becc12e3a8004d2d19577/element - {"using":"xpath","value":"//input[@id=\"application-manageresources-display-component---newResourceUnit--idRuTSAdmin-application-manageresources-display-component---newResourceUnit--RUTimeSegment-0-inner\"]"}
RESULT: {"using":"xpath","value":"//input[@id=\"application-manageresources-display-component---newResourceUnit--idRuTSAdmin-application-manageresources-display-component---newResourceUnit--RUTimeSegment-0-inner\"]"}
COMMAND: POST /session/0483d061f40becc12e3a8004d2d19577/element/f.21909E599E196C0494D8E3CC232C3551.d.939AD3E5A4FE5BBC2B38480F61D2BA06.e.11143/clear - {}
RESULT: {}
COMMAND: POST /session/0483d061f40becc12e3a8004d2d19577/element/f.21909E599E196C0494D8E3CC232C3551.d.939AD3E5A4FE5BBC2B38480F61D2BA06.e.11143/value - {"text":"474"}
COMMAND: GET /session/0483d061f40becc12e3a8004d2d19577/screenshot - {}
RESULT: {"text":"474"}
COMMAND: GET /session/0483d061f40becc12e3a8004d2d19577/screenshot - {}
RESULT: {}
RESULT: {}
COMMAND: POST /session/0483d061f40becc12e3a8004d2d19577/element - {"using":"xpath","value":"//li[.//span[text()='474']]"}
RESULT: {"using":"xpath","value":"//li[.//span[text()='474']]"}
COMMAND: POST /session/0483d061f40becc12e3a8004d2d19577/element/f.21909E599E196C0494D8E3CC232C3551.d.939AD3E5A4FE5BBC2B38480F61D2BA06.e.11155/click - {}
RESULT: {}
COMMAND: GET /session/0483d061f40becc12e3a8004d2d19577/screenshot - {}
RESULT: {}
COMMAND: POST /session/0483d061f40becc12e3a8004d2d19577/element - {"using":"xpath","value":"(//span[contains(@id, \"-application-manageresources-display-component---newResourceUnit--RUTimeSegment-0-arrow\")])[6]"}
RESULT: {"using":"xpath","value":"(//span[contains(@id, \"-application-manageresources-display-component---newResourceUnit--RUTimeSegment-0-arrow\")])[6]"}
COMMAND: POST /session/0483d061f40becc12e3a8004d2d19577/element/f.21909E599E196C0494D8E3CC232C3551.d.939AD3E5A4FE5BBC2B38480F61D2BA06.e.11156/click - {}
RESULT: {}
COMMAND: GET /session/0483d061f40becc12e3a8004d2d19577/screenshot - {}
RESULT: {}
COMMAND: POST /session/0483d061f40becc12e3a8004d2d19577/element - {"using":"xpath","value":"//span[contains(text(), \"PM Order\")]"}
RESULT: {"using":"xpath","value":"//span[contains(text(), \"PM Order\")]"}
COMMAND: POST /session/0483d061f40becc12e3a8004d2d19577/element/f.21909E599E196C0494D8E3CC232C3551.d.939AD3E5A4FE5BBC2B38480F61D2BA06.e.11159/click - {}
RESULT: {}
COMMAND: GET /session/0483d061f40becc12e3a8004d2d19577/screenshot - {}
RESULT: {}
COMMAND: POST /session/0483d061f40becc12e3a8004d2d19577/element - {"using":"xpath","value":"(//span[contains(@id ,\"manageresources-display-component---newResourceUnit--RUTimeSegment-0-vhi\")])[1]"}
RESULT: {"using":"xpath","value":"(//span[contains(@id ,\"manageresources-display-component---newResourceUnit--RUTimeSegment-0-vhi\")])[1]"}
COMMAND: GET /session/0483d061f40becc12e3a8004d2d19577/element/f.21909E599E196C0494D8E3CC232C3551.d.939AD3E5A4FE5BBC2B38480F61D2BA06.e.11163/rect - {}
RESULT: {}
COMMAND: GET /session/0483d061f40becc12e3a8004d2d19577/window/rect - {}
RESULT: {}
COMMAND: POST /session/0483d061f40becc12e3a8004d2d19577/execute/sync - {"script":"<script> [92 bytes]","args":[]}
RESULT: {"script":"<script> [92 bytes]","args":[]}
COMMAND: POST /session/0483d061f40becc12e3a8004d2d19577/actions - {"actions":[{"id":"action32","type":"wheel","parameters":{},"actions":[{"type":"scroll","x":-869,"y":-24,"deltaX":0,"deltaY":0,"duration":0,"origin":{"element-6066-11e4-a52e-4f735466cecf":"f.21909E599E196C0494D8E3CC232C3551.d.939AD3E5A4FE5BBC2B38480F61D2BA06.e.11163"}}]}]}
COMMAND: GET /session/0483d061f40becc12e3a8004d2d19577/screenshot - {}
RESULT: {"actions":[{"id":"action32","type":"wheel","parameters":{},"actions":[{"type":"scroll","x":-869,"y":-24,"deltaX":0,"deltaY":0,"duration":0,"origin":{"element-6066-11e4-a52e-4f735466cecf":"f.21909E599E196C0494D8E3CC232C3551.d.939AD3E5A4FE5BBC2B38480F61D2BA06.e.11163"}}]}]}
COMMAND: DELETE /session/0483d061f40becc12e3a8004d2d19577/actions - {}
COMMAND: GET /session/0483d061f40becc12e3a8004d2d19577/screenshot - {}
RESULT: {}
RESULT: {}
COMMAND: GET /session/0483d061f40becc12e3a8004d2d19577/screenshot - {}
RESULT: {}
RESULT: {}
COMMAND: POST /session/0483d061f40becc12e3a8004d2d19577/element/f.21909E599E196C0494D8E3CC232C3551.d.939AD3E5A4FE5BBC2B38480F61D2BA06.e.11163/click - {}
RESULT: {}
COMMAND: GET /session/0483d061f40becc12e3a8004d2d19577/screenshot - {}
RESULT: {}
RESULT: undefined
COMMAND: POST /session/0483d061f40becc12e3a8004d2d19577/execute/async - {"script":"<script> [776 bytes]","args":[{"enterText":"4000360","selector":{"controlType":"sap.m.SearchField","properties":{"placeholder":"Search"},"searchOpenDialogs":true,"interaction":{"idSuffix":"I"}},"clearTextFirst":true,"interactionType":"ENTER_TEXT"}]}
RESULT: {"script":"<script> [776 bytes]","args":[{"enterText":"4000360","selector":{"controlType":"sap.m.SearchField","properties":{"placeholder":"Search"},"searchOpenDialogs":true,"interaction":{"idSuffix":"I"}},"clearTextFirst":true,"interactionType":"ENTER_TEXT"}]}
COMMAND: POST /session/0483d061f40becc12e3a8004d2d19577/actions - {"actions":[{"id":"action33","type":"key","parameters":{},"actions":[{"type":"keyDown","value":""},{"type":"pause","duration":10},{"type":"keyUp","value":""}]}]}
RESULT: {"actions":[{"id":"action33","type":"key","parameters":{},"actions":[{"type":"keyDown","value":""},{"type":"pause","duration":10},{"type":"keyUp","value":""}]}]}
COMMAND: GET /session/0483d061f40becc12e3a8004d2d19577/screenshot - {}
RESULT: {}
COMMAND: POST /session/0483d061f40becc12e3a8004d2d19577/element - {"using":"xpath","value":"//td/div/span[contains(text(), \"BGL Vehicles\")]"}
RESULT: {"using":"xpath","value":"//td/div/span[contains(text(), \"BGL Vehicles\")]"}
COMMAND: POST /session/0483d061f40becc12e3a8004d2d19577/element/f.21909E599E196C0494D8E3CC232C3551.d.939AD3E5A4FE5BBC2B38480F61D2BA06.e.11183/click - {}
RESULT: {}
COMMAND: GET /session/0483d061f40becc12e3a8004d2d19577/screenshot - {}
RESULT: {}
COMMAND: POST /session/0483d061f40becc12e3a8004d2d19577/element - {"using":"xpath","value":"//bdi[contains(text(), \"OK\")]"}
RESULT: {"using":"xpath","value":"//bdi[contains(text(), \"OK\")]"}
COMMAND: POST /session/0483d061f40becc12e3a8004d2d19577/element/f.21909E599E196C0494D8E3CC232C3551.d.939AD3E5A4FE5BBC2B38480F61D2BA06.e.11184/click - {}
RESULT: {}
COMMAND: GET /session/0483d061f40becc12e3a8004d2d19577/screenshot - {}
RESULT: {}
COMMAND: POST /session/0483d061f40becc12e3a8004d2d19577/execute/async - {"script":"<script> [1562 bytes]","args":[{"selector":{"id":"application-manageresources-display-component---newResourceUnit--newRRUPage-anchBar-application-manageresources-display-component---newResourceUnit--resource-anchor","interaction":{"idSuffix":"BDI-content"}},"wdio_ui5_key":"applicationmanageresources-display-component---newResourceUnit--newRRUPage-anchBar-application-manageresources-display-component---newResourceUnit--resource-anchor"}]}
RESULT: {"script":"<script> [1562 bytes]","args":[{"selector":{"id":"application-manageresources-display-component---newResourceUnit--newRRUPage-anchBar-application-manageresources-display-component---newResourceUnit--resource-anchor","interaction":{"idSuffix":"BDI-content"}},"wdio_ui5_key":"applicationmanageresources-display-component---newResourceUnit--newRRUPage-anchBar-application-manageresources-display-component---newResourceUnit--resource-anchor"}]}
RESULT: undefined
COMMAND: POST /session/0483d061f40becc12e3a8004d2d19577/element - {"using":"xpath","value":"//*[@id=\"application-manageresources-display-component---newResourceUnit--newRRUPage-anchBar-application-manageresources-display-component---newResourceUnit--resource-anchor\"]"}
RESULT: {"using":"xpath","value":"//*[@id=\"application-manageresources-display-component---newResourceUnit--newRRUPage-anchBar-application-manageresources-display-component---newResourceUnit--resource-anchor\"]"}
COMMAND: POST /session/0483d061f40becc12e3a8004d2d19577/element/f.21909E599E196C0494D8E3CC232C3551.d.939AD3E5A4FE5BBC2B38480F61D2BA06.e.11188/click - {}
RESULT: {}
COMMAND: POST /session/0483d061f40becc12e3a8004d2d19577/execute/async - {"script":"<script> [1562 bytes]","args":[{"selector":{"id":"application-manageresources-display-component---newResourceUnit--PLANNED_DELIVERY_DATE","interaction":{"idSuffix":"inner"}},"wdio_ui5_key":"applicationmanageresources-display-component---newResourceUnit--PLANNED_DELIVERY_DATE"}]}
COMMAND: GET /session/0483d061f40becc12e3a8004d2d19577/screenshot - {}
RESULT: {"script":"<script> [1562 bytes]","args":[{"selector":{"id":"application-manageresources-display-component---newResourceUnit--PLANNED_DELIVERY_DATE","interaction":{"idSuffix":"inner"}},"wdio_ui5_key":"applicationmanageresources-display-component---newResourceUnit--PLANNED_DELIVERY_DATE"}]}
RESULT: undefined
COMMAND: POST /session/0483d061f40becc12e3a8004d2d19577/execute/async - {"script":"<script> [6424 bytes]","args":[{"element-6066-11e4-a52e-4f735466cecf":"f.21909E599E196C0494D8E3CC232C3551.d.939AD3E5A4FE5BBC2B38480F61D2BA06.e.11021"},"setValue",["5/29/25"]]}
RESULT: {}
RESULT: {"script":"<script> [6424 bytes]","args":[{"element-6066-11e4-a52e-4f735466cecf":"f.21909E599E196C0494D8E3CC232C3551.d.939AD3E5A4FE5BBC2B38480F61D2BA06.e.11021"},"setValue",["5/29/25"]]}
COMMAND: POST /session/0483d061f40becc12e3a8004d2d19577/element - {"using":"xpath","value":"//label[contains(@class, 'sapMLabelRequired') and .//bdi[contains(text(), 'Planned Retirement')]]"}
RESULT: {"using":"xpath","value":"//label[contains(@class, 'sapMLabelRequired') and .//bdi[contains(text(), 'Planned Retirement')]]"}
COMMAND: POST /session/0483d061f40becc12e3a8004d2d19577/elements - {"using":"xpath","value":"//label[contains(@class, 'sapMLabelRequired') and .//bdi[contains(text(), 'Planned Retirement')]]"}
RESULT: {"using":"xpath","value":"//label[contains(@class, 'sapMLabelRequired') and .//bdi[contains(text(), 'Planned Retirement')]]"}
COMMAND: POST /session/0483d061f40becc12e3a8004d2d19577/element - {"using":"xpath","value":"//button[@data-kt=\"resourceUnitSaveButton\"]"}
RESULT: {"using":"xpath","value":"//button[@data-kt=\"resourceUnitSaveButton\"]"}
COMMAND: POST /session/0483d061f40becc12e3a8004d2d19577/element/f.21909E599E196C0494D8E3CC232C3551.d.939AD3E5A4FE5BBC2B38480F61D2BA06.e.10981/click - {}
RESULT: {}
COMMAND: GET /session/0483d061f40becc12e3a8004d2d19577/screenshot - {}
RESULT: {}
COMMAND: POST /session/0483d061f40becc12e3a8004d2d19577/element - {"using":"xpath","value":"//bdi[contains(text(), \"Close\")]"}
RESULT: {"using":"xpath","value":"//bdi[contains(text(), \"Close\")]"}
COMMAND: POST /session/0483d061f40becc12e3a8004d2d19577/element/f.21909E599E196C0494D8E3CC232C3551.d.939AD3E5A4FE5BBC2B38480F61D2BA06.e.11196/click - {}
RESULT: {}
COMMAND: GET /session/0483d061f40becc12e3a8004d2d19577/screenshot - {}
RESULT: {}
COMMAND: POST /session/0483d061f40becc12e3a8004d2d19577/element - {"using":"xpath","value":"(//button[contains(@id ,\"actionsToolbar-overflowButton\")])[1]"}
RESULT: {"using":"xpath","value":"(//button[contains(@id ,\"actionsToolbar-overflowButton\")])[1]"}
COMMAND: POST /session/0483d061f40becc12e3a8004d2d19577/element/f.21909E599E196C0494D8E3CC232C3551.d.939AD3E5A4FE5BBC2B38480F61D2BA06.e.11255/click - {}
RESULT: {}
COMMAND: GET /session/0483d061f40becc12e3a8004d2d19577/screenshot - {}
RESULT: {}
COMMAND: POST /session/0483d061f40becc12e3a8004d2d19577/element - {"using":"xpath","value":"//button[@data-kt=\"priceInfoButton\"]"}
RESULT: {"using":"xpath","value":"//button[@data-kt=\"priceInfoButton\"]"}
COMMAND: POST /session/0483d061f40becc12e3a8004d2d19577/element/f.21909E599E196C0494D8E3CC232C3551.d.939AD3E5A4FE5BBC2B38480F61D2BA06.e.11257/click - {}
RESULT: {}
COMMAND: GET /session/0483d061f40becc12e3a8004d2d19577/screenshot - {}
]]></system-out>
    </testcase>
    <testcase classname="chrome.136_0_7103_93.windows.Billing_Transfer_-_Intracompany_US127249" name="Should create a pricing procedure" time="52.245">
      <system-out><![CDATA[
COMMAND: POST /session/0483d061f40becc12e3a8004d2d19577/element - {"using":"xpath","value":"//button[@data-kt=\"addButton\"]"}
RESULT: {}
RESULT: {"using":"xpath","value":"//button[@data-kt=\"addButton\"]"}
COMMAND: POST /session/0483d061f40becc12e3a8004d2d19577/elements - {"using":"xpath","value":"//button[@data-kt=\"addButton\"]"}
RESULT: {"using":"xpath","value":"//button[@data-kt=\"addButton\"]"}
COMMAND: POST /session/0483d061f40becc12e3a8004d2d19577/execute/sync - {"script":"<script> [8489 bytes]","args":[{"element-6066-11e4-a52e-4f735466cecf":"f.21909E599E196C0494D8E3CC232C3551.d.939AD3E5A4FE5BBC2B38480F61D2BA06.e.11293","ELEMENT":"f.21909E599E196C0494D8E3CC232C3551.d.939AD3E5A4FE5BBC2B38480F61D2BA06.e.11293"}]}
RESULT: {"script":"<script> [8489 bytes]","args":[{"element-6066-11e4-a52e-4f735466cecf":"f.21909E599E196C0494D8E3CC232C3551.d.939AD3E5A4FE5BBC2B38480F61D2BA06.e.11293","ELEMENT":"f.21909E599E196C0494D8E3CC232C3551.d.939AD3E5A4FE5BBC2B38480F61D2BA06.e.11293"}]}
COMMAND: GET /session/0483d061f40becc12e3a8004d2d19577/element/f.21909E599E196C0494D8E3CC232C3551.d.939AD3E5A4FE5BBC2B38480F61D2BA06.e.11293/enabled - {}
COMMAND: GET /session/0483d061f40becc12e3a8004d2d19577/screenshot - {}
RESULT: {}
COMMAND: POST /session/0483d061f40becc12e3a8004d2d19577/execute/sync - {"script":"<script> [8489 bytes]","args":[{"element-6066-11e4-a52e-4f735466cecf":"f.21909E599E196C0494D8E3CC232C3551.d.939AD3E5A4FE5BBC2B38480F61D2BA06.e.11293","ELEMENT":"f.21909E599E196C0494D8E3CC232C3551.d.939AD3E5A4FE5BBC2B38480F61D2BA06.e.11293"}]}
COMMAND: GET /session/0483d061f40becc12e3a8004d2d19577/screenshot - {}
RESULT: {}
RESULT: {"script":"<script> [8489 bytes]","args":[{"element-6066-11e4-a52e-4f735466cecf":"f.21909E599E196C0494D8E3CC232C3551.d.939AD3E5A4FE5BBC2B38480F61D2BA06.e.11293","ELEMENT":"f.21909E599E196C0494D8E3CC232C3551.d.939AD3E5A4FE5BBC2B38480F61D2BA06.e.11293"}]}
COMMAND: POST /session/0483d061f40becc12e3a8004d2d19577/execute/sync - {"script":"<script> [5351 bytes]","args":[{"element-6066-11e4-a52e-4f735466cecf":"f.21909E599E196C0494D8E3CC232C3551.d.939AD3E5A4FE5BBC2B38480F61D2BA06.e.11293","ELEMENT":"f.21909E599E196C0494D8E3CC232C3551.d.939AD3E5A4FE5BBC2B38480F61D2BA06.e.11293"}]}
COMMAND: GET /session/0483d061f40becc12e3a8004d2d19577/screenshot - {}
RESULT: {}
RESULT: {"script":"<script> [5351 bytes]","args":[{"element-6066-11e4-a52e-4f735466cecf":"f.21909E599E196C0494D8E3CC232C3551.d.939AD3E5A4FE5BBC2B38480F61D2BA06.e.11293","ELEMENT":"f.21909E599E196C0494D8E3CC232C3551.d.939AD3E5A4FE5BBC2B38480F61D2BA06.e.11293"}]}
COMMAND: POST /session/0483d061f40becc12e3a8004d2d19577/element/f.21909E599E196C0494D8E3CC232C3551.d.939AD3E5A4FE5BBC2B38480F61D2BA06.e.11293/click - {}
COMMAND: GET /session/0483d061f40becc12e3a8004d2d19577/screenshot - {}
RESULT: {}
RESULT: {}
COMMAND: GET /session/0483d061f40becc12e3a8004d2d19577/screenshot - {}
RESULT: {}
RESULT: {}
COMMAND: POST /session/0483d061f40becc12e3a8004d2d19577/execute/async - {"script":"<script> [1562 bytes]","args":[{"selector":{"controlType":"sap.m.Title","viewName":"etm.portal.ui.managepricingrules.view.NewItem","viewId":"application-managepricingrules-display-component---newInfoPriceItem","properties":{"text":"New Pricing Rules - Item Level"}},"wdio_ui5_key":"etmportal.ui.managepricingrules.view.NewItemsap.m.Title{\"text\":\"New Pricing Rules - Item Level\"}"}]}
RESULT: {"script":"<script> [1562 bytes]","args":[{"selector":{"controlType":"sap.m.Title","viewName":"etm.portal.ui.managepricingrules.view.NewItem","viewId":"application-managepricingrules-display-component---newInfoPriceItem","properties":{"text":"New Pricing Rules - Item Level"}},"wdio_ui5_key":"etmportal.ui.managepricingrules.view.NewItemsap.m.Title{\"text\":\"New Pricing Rules - Item Level\"}"}]}
RESULT: undefined
COMMAND: POST /session/0483d061f40becc12e3a8004d2d19577/execute/async - {"script":"<script> [6424 bytes]","args":[{"element-6066-11e4-a52e-4f735466cecf":"f.21909E599E196C0494D8E3CC232C3551.d.939AD3E5A4FE5BBC2B38480F61D2BA06.e.11464"},"getText",[]]}
RESULT: {"script":"<script> [6424 bytes]","args":[{"element-6066-11e4-a52e-4f735466cecf":"f.21909E599E196C0494D8E3CC232C3551.d.939AD3E5A4FE5BBC2B38480F61D2BA06.e.11464"},"getText",[]]}
COMMAND: POST /session/0483d061f40becc12e3a8004d2d19577/execute/async - {"script":"<script> [1562 bytes]","args":[{"selector":{"id":"application-managepricingrules-display-component---newInfoPriceItem--condValidTo","interaction":{"idSuffix":"inner"}},"wdio_ui5_key":"applicationmanagepricingrules-display-component---newInfoPriceItem--condValidTo"}]}
RESULT: {"script":"<script> [1562 bytes]","args":[{"selector":{"id":"application-managepricingrules-display-component---newInfoPriceItem--condValidTo","interaction":{"idSuffix":"inner"}},"wdio_ui5_key":"applicationmanagepricingrules-display-component---newInfoPriceItem--condValidTo"}]}
RESULT: undefined
COMMAND: POST /session/0483d061f40becc12e3a8004d2d19577/execute/async - {"script":"<script> [776 bytes]","args":[{"enterText":"1/29/26","selector":{"id":"application-managepricingrules-display-component---newInfoPriceItem--condValidTo","interaction":{"idSuffix":"inner"}},"clearTextFirst":true,"interactionType":"ENTER_TEXT"}]}
RESULT: {"script":"<script> [776 bytes]","args":[{"enterText":"1/29/26","selector":{"id":"application-managepricingrules-display-component---newInfoPriceItem--condValidTo","interaction":{"idSuffix":"inner"}},"clearTextFirst":true,"interactionType":"ENTER_TEXT"}]}
COMMAND: POST /session/0483d061f40becc12e3a8004d2d19577/execute/async - {"script":"<script> [1562 bytes]","args":[{"selector":{"id":"application-managepricingrules-display-component---newInfoPriceItem--billType-arrow"},"wdio_ui5_key":"applicationmanagepricingrules-display-component---newInfoPriceItem--billType-arrow"}]}
RESULT: {"script":"<script> [1562 bytes]","args":[{"selector":{"id":"application-managepricingrules-display-component---newInfoPriceItem--billType-arrow"},"wdio_ui5_key":"applicationmanagepricingrules-display-component---newInfoPriceItem--billType-arrow"}]}
RESULT: undefined
COMMAND: POST /session/0483d061f40becc12e3a8004d2d19577/element - {"using":"xpath","value":"//*[@id=\"application-managepricingrules-display-component---newInfoPriceItem--billType-arrow\"]"}
RESULT: {"using":"xpath","value":"//*[@id=\"application-managepricingrules-display-component---newInfoPriceItem--billType-arrow\"]"}
COMMAND: POST /session/0483d061f40becc12e3a8004d2d19577/element/f.21909E599E196C0494D8E3CC232C3551.d.939AD3E5A4FE5BBC2B38480F61D2BA06.e.11423/click - {}
RESULT: {}
COMMAND: POST /session/0483d061f40becc12e3a8004d2d19577/element - {"using":"xpath","value":"//span[contains(text(), \"TB - Time based\")]"}
COMMAND: GET /session/0483d061f40becc12e3a8004d2d19577/screenshot - {}
RESULT: {"using":"xpath","value":"//span[contains(text(), \"TB - Time based\")]"}
COMMAND: POST /session/0483d061f40becc12e3a8004d2d19577/element/f.21909E599E196C0494D8E3CC232C3551.d.939AD3E5A4FE5BBC2B38480F61D2BA06.e.11466/click - {}
RESULT: {}
RESULT: {}
COMMAND: POST /session/0483d061f40becc12e3a8004d2d19577/execute/async - {"script":"<script> [1562 bytes]","args":[{"selector":{"id":"application-managepricingrules-display-component---newInfoPriceItem--priceProc-arrow"},"wdio_ui5_key":"applicationmanagepricingrules-display-component---newInfoPriceItem--priceProc-arrow"}]}
COMMAND: GET /session/0483d061f40becc12e3a8004d2d19577/screenshot - {}
RESULT: {"script":"<script> [1562 bytes]","args":[{"selector":{"id":"application-managepricingrules-display-component---newInfoPriceItem--priceProc-arrow"},"wdio_ui5_key":"applicationmanagepricingrules-display-component---newInfoPriceItem--priceProc-arrow"}]}
RESULT: undefined
COMMAND: POST /session/0483d061f40becc12e3a8004d2d19577/element - {"using":"xpath","value":"//*[@id=\"application-managepricingrules-display-component---newInfoPriceItem--priceProc-arrow\"]"}
RESULT: {}
RESULT: {"using":"xpath","value":"//*[@id=\"application-managepricingrules-display-component---newInfoPriceItem--priceProc-arrow\"]"}
COMMAND: POST /session/0483d061f40becc12e3a8004d2d19577/element/f.21909E599E196C0494D8E3CC232C3551.d.939AD3E5A4FE5BBC2B38480F61D2BA06.e.11430/click - {}
RESULT: {}
COMMAND: POST /session/0483d061f40becc12e3a8004d2d19577/element - {"using":"xpath","value":"//span[contains(text(), \"TBS - Time based standard\")]"}
COMMAND: GET /session/0483d061f40becc12e3a8004d2d19577/screenshot - {}
RESULT: {"using":"xpath","value":"//span[contains(text(), \"TBS - Time based standard\")]"}
COMMAND: POST /session/0483d061f40becc12e3a8004d2d19577/element/f.21909E599E196C0494D8E3CC232C3551.d.939AD3E5A4FE5BBC2B38480F61D2BA06.e.11467/click - {}
RESULT: {}
RESULT: {}
COMMAND: POST /session/0483d061f40becc12e3a8004d2d19577/execute/async - {"script":"<script> [1562 bytes]","args":[{"selector":{"id":"application-managepricingrules-display-component---newInfoPriceItem--calcBase-arrow"},"wdio_ui5_key":"applicationmanagepricingrules-display-component---newInfoPriceItem--calcBase-arrow"}]}
COMMAND: GET /session/0483d061f40becc12e3a8004d2d19577/screenshot - {}
RESULT: {"script":"<script> [1562 bytes]","args":[{"selector":{"id":"application-managepricingrules-display-component---newInfoPriceItem--calcBase-arrow"},"wdio_ui5_key":"applicationmanagepricingrules-display-component---newInfoPriceItem--calcBase-arrow"}]}
RESULT: undefined
COMMAND: POST /session/0483d061f40becc12e3a8004d2d19577/element - {"using":"xpath","value":"//*[@id=\"application-managepricingrules-display-component---newInfoPriceItem--calcBase-arrow\"]"}
RESULT: {}
RESULT: {"using":"xpath","value":"//*[@id=\"application-managepricingrules-display-component---newInfoPriceItem--calcBase-arrow\"]"}
COMMAND: POST /session/0483d061f40becc12e3a8004d2d19577/element/f.21909E599E196C0494D8E3CC232C3551.d.939AD3E5A4FE5BBC2B38480F61D2BA06.e.11437/click - {}
RESULT: {}
COMMAND: GET /session/0483d061f40becc12e3a8004d2d19577/screenshot - {}
RESULT: {}
COMMAND: POST /session/0483d061f40becc12e3a8004d2d19577/element - {"using":"xpath","value":"//span[contains(text(), \"0006 - TB(calendar days)\")]"}
RESULT: {"using":"xpath","value":"//span[contains(text(), \"0006 - TB(calendar days)\")]"}
COMMAND: POST /session/0483d061f40becc12e3a8004d2d19577/element/f.21909E599E196C0494D8E3CC232C3551.d.939AD3E5A4FE5BBC2B38480F61D2BA06.e.11468/click - {}
RESULT: {}
COMMAND: GET /session/0483d061f40becc12e3a8004d2d19577/screenshot - {}
RESULT: {}
COMMAND: POST /session/0483d061f40becc12e3a8004d2d19577/execute/async - {"script":"<script> [1562 bytes]","args":[{"selector":{"id":"application-managepricingrules-display-component---newInfoPriceItem--daysMonth","interaction":{"idSuffix":"inner"}},"wdio_ui5_key":"applicationmanagepricingrules-display-component---newInfoPriceItem--daysMonth"}]}
RESULT: {"script":"<script> [1562 bytes]","args":[{"selector":{"id":"application-managepricingrules-display-component---newInfoPriceItem--daysMonth","interaction":{"idSuffix":"inner"}},"wdio_ui5_key":"applicationmanagepricingrules-display-component---newInfoPriceItem--daysMonth"}]}
RESULT: undefined
COMMAND: POST /session/0483d061f40becc12e3a8004d2d19577/execute/async - {"script":"<script> [776 bytes]","args":[{"enterText":"30","selector":{"id":"application-managepricingrules-display-component---newInfoPriceItem--daysMonth","interaction":{"idSuffix":"inner"}},"clearTextFirst":true,"interactionType":"ENTER_TEXT"}]}
RESULT: {"script":"<script> [776 bytes]","args":[{"enterText":"30","selector":{"id":"application-managepricingrules-display-component---newInfoPriceItem--daysMonth","interaction":{"idSuffix":"inner"}},"clearTextFirst":true,"interactionType":"ENTER_TEXT"}]}
COMMAND: POST /session/0483d061f40becc12e3a8004d2d19577/element - {"using":"xpath","value":"//button[@data-kt=\"saveNewRuleButton\"]"}
RESULT: {"using":"xpath","value":"//button[@data-kt=\"saveNewRuleButton\"]"}
COMMAND: POST /session/0483d061f40becc12e3a8004d2d19577/element/f.21909E599E196C0494D8E3CC232C3551.d.939AD3E5A4FE5BBC2B38480F61D2BA06.e.11457/click - {}
RESULT: {}
COMMAND: GET /session/0483d061f40becc12e3a8004d2d19577/screenshot - {}
RESULT: {}
COMMAND: POST /session/0483d061f40becc12e3a8004d2d19577/execute/async - {"script":"<script> [1562 bytes]","args":[{"selector":{"id":"application-managepricingrules-display-component---priceInfoItem--smartFilterBar-btnBasicSearch","interaction":{"idSuffix":"I"}},"wdio_ui5_key":"applicationmanagepricingrules-display-component---priceInfoItem--smartFilterBar-btnBasicSearch"}]}
RESULT: {"script":"<script> [1562 bytes]","args":[{"selector":{"id":"application-managepricingrules-display-component---priceInfoItem--smartFilterBar-btnBasicSearch","interaction":{"idSuffix":"I"}},"wdio_ui5_key":"applicationmanagepricingrules-display-component---priceInfoItem--smartFilterBar-btnBasicSearch"}]}
RESULT: undefined
COMMAND: POST /session/0483d061f40becc12e3a8004d2d19577/execute/async - {"script":"<script> [776 bytes]","args":[{"enterText":"MpRlojkt5z","selector":{"id":"application-managepricingrules-display-component---priceInfoItem--smartFilterBar-btnBasicSearch","interaction":{"idSuffix":"I"}},"clearTextFirst":true,"interactionType":"ENTER_TEXT"}]}
RESULT: {"script":"<script> [776 bytes]","args":[{"enterText":"MpRlojkt5z","selector":{"id":"application-managepricingrules-display-component---priceInfoItem--smartFilterBar-btnBasicSearch","interaction":{"idSuffix":"I"}},"clearTextFirst":true,"interactionType":"ENTER_TEXT"}]}
COMMAND: POST /session/0483d061f40becc12e3a8004d2d19577/actions - {"actions":[{"id":"action34","type":"key","parameters":{},"actions":[{"type":"keyDown","value":""},{"type":"pause","duration":10},{"type":"keyUp","value":""}]}]}
RESULT: {"actions":[{"id":"action34","type":"key","parameters":{},"actions":[{"type":"keyDown","value":""},{"type":"pause","duration":10},{"type":"keyUp","value":""}]}]}
COMMAND: GET /session/0483d061f40becc12e3a8004d2d19577/screenshot - {}
RESULT: {}
COMMAND: POST /session/0483d061f40becc12e3a8004d2d19577/element - {"using":"xpath","value":"//span[@id=\"application-managepricingrules-display-component---priceInfoItem--smartTable-header-inner\"]"}
RESULT: {"using":"xpath","value":"//span[@id=\"application-managepricingrules-display-component---priceInfoItem--smartTable-header-inner\"]"}
COMMAND: POST /session/0483d061f40becc12e3a8004d2d19577/elements - {"using":"xpath","value":"//span[@id=\"application-managepricingrules-display-component---priceInfoItem--smartTable-header-inner\"]"}
RESULT: {"using":"xpath","value":"//span[@id=\"application-managepricingrules-display-component---priceInfoItem--smartTable-header-inner\"]"}
COMMAND: POST /session/0483d061f40becc12e3a8004d2d19577/execute/sync - {"script":"<script> [56 bytes]","args":[{"element-6066-11e4-a52e-4f735466cecf":"f.21909E599E196C0494D8E3CC232C3551.d.939AD3E5A4FE5BBC2B38480F61D2BA06.e.11493","ELEMENT":"f.21909E599E196C0494D8E3CC232C3551.d.939AD3E5A4FE5BBC2B38480F61D2BA06.e.11493"}]}
RESULT: {"script":"<script> [56 bytes]","args":[{"element-6066-11e4-a52e-4f735466cecf":"f.21909E599E196C0494D8E3CC232C3551.d.939AD3E5A4FE5BBC2B38480F61D2BA06.e.11493","ELEMENT":"f.21909E599E196C0494D8E3CC232C3551.d.939AD3E5A4FE5BBC2B38480F61D2BA06.e.11493"}]}
COMMAND: POST /session/0483d061f40becc12e3a8004d2d19577/element - {"using":"css selector","value":"#shell-header-logo"}
COMMAND: GET /session/0483d061f40becc12e3a8004d2d19577/screenshot - {}
RESULT: {"using":"css selector","value":"#shell-header-logo"}
COMMAND: POST /session/0483d061f40becc12e3a8004d2d19577/element/f.21909E599E196C0494D8E3CC232C3551.d.939AD3E5A4FE5BBC2B38480F61D2BA06.e.10770/click - {}
RESULT: {}
RESULT: {}
COMMAND: GET /session/0483d061f40becc12e3a8004d2d19577/screenshot - {}
RESULT: {}
]]></system-out>
    </testcase>
    <testcase classname="chrome.136_0_7103_93.windows.Billing_Transfer_-_Intracompany_US127249" name="Should manage conditions" time="67.52">
      <system-out><![CDATA[
COMMAND: POST /session/0483d061f40becc12e3a8004d2d19577/execute/async - {"script":"<script> [1562 bytes]","args":[{"selector":{"controlType":"sap.m.GenericTile","properties":{"header":"Manage Conditions & Prices"}},"wdio_ui5_key":"sapm.GenericTile{\"header\":\"Manage Conditions & Prices\"}"}]}
RESULT: {"script":"<script> [1562 bytes]","args":[{"selector":{"controlType":"sap.m.GenericTile","properties":{"header":"Manage Conditions & Prices"}},"wdio_ui5_key":"sapm.GenericTile{\"header\":\"Manage Conditions & Prices\"}"}]}
RESULT: undefined
COMMAND: POST /session/0483d061f40becc12e3a8004d2d19577/element - {"using":"xpath","value":"//*[@id=\"__tile53\"]"}
RESULT: {"using":"xpath","value":"//*[@id=\"__tile53\"]"}
COMMAND: POST /session/0483d061f40becc12e3a8004d2d19577/element/f.21909E599E196C0494D8E3CC232C3551.d.939AD3E5A4FE5BBC2B38480F61D2BA06.e.8464/click - {}
RESULT: {}
COMMAND: GET /session/0483d061f40becc12e3a8004d2d19577/screenshot - {}
RESULT: {}
COMMAND: POST /session/0483d061f40becc12e3a8004d2d19577/elements - {"using":"xpath","value":"//span[text()='Error']"}
RESULT: {"using":"xpath","value":"//span[text()='Error']"}
COMMAND: POST /session/0483d061f40becc12e3a8004d2d19577/element - {"using":"xpath","value":"//button[@aria-label=\"Create\"]"}
RESULT: {"using":"xpath","value":"//button[@aria-label=\"Create\"]"}
COMMAND: POST /session/0483d061f40becc12e3a8004d2d19577/elements - {"using":"xpath","value":"//button[@aria-label=\"Create\"]"}
RESULT: {"using":"xpath","value":"//button[@aria-label=\"Create\"]"}
COMMAND: POST /session/0483d061f40becc12e3a8004d2d19577/execute/sync - {"script":"<script> [8489 bytes]","args":[{"element-6066-11e4-a52e-4f735466cecf":"f.21909E599E196C0494D8E3CC232C3551.d.939AD3E5A4FE5BBC2B38480F61D2BA06.e.11528","ELEMENT":"f.21909E599E196C0494D8E3CC232C3551.d.939AD3E5A4FE5BBC2B38480F61D2BA06.e.11528"}]}
RESULT: {"script":"<script> [8489 bytes]","args":[{"element-6066-11e4-a52e-4f735466cecf":"f.21909E599E196C0494D8E3CC232C3551.d.939AD3E5A4FE5BBC2B38480F61D2BA06.e.11528","ELEMENT":"f.21909E599E196C0494D8E3CC232C3551.d.939AD3E5A4FE5BBC2B38480F61D2BA06.e.11528"}]}
COMMAND: GET /session/0483d061f40becc12e3a8004d2d19577/element/f.21909E599E196C0494D8E3CC232C3551.d.939AD3E5A4FE5BBC2B38480F61D2BA06.e.11528/enabled - {}
COMMAND: GET /session/0483d061f40becc12e3a8004d2d19577/screenshot - {}
RESULT: {}
COMMAND: POST /session/0483d061f40becc12e3a8004d2d19577/execute/sync - {"script":"<script> [8489 bytes]","args":[{"element-6066-11e4-a52e-4f735466cecf":"f.21909E599E196C0494D8E3CC232C3551.d.939AD3E5A4FE5BBC2B38480F61D2BA06.e.11528","ELEMENT":"f.21909E599E196C0494D8E3CC232C3551.d.939AD3E5A4FE5BBC2B38480F61D2BA06.e.11528"}]}
COMMAND: GET /session/0483d061f40becc12e3a8004d2d19577/screenshot - {}
RESULT: {}
RESULT: {"script":"<script> [8489 bytes]","args":[{"element-6066-11e4-a52e-4f735466cecf":"f.21909E599E196C0494D8E3CC232C3551.d.939AD3E5A4FE5BBC2B38480F61D2BA06.e.11528","ELEMENT":"f.21909E599E196C0494D8E3CC232C3551.d.939AD3E5A4FE5BBC2B38480F61D2BA06.e.11528"}]}
COMMAND: POST /session/0483d061f40becc12e3a8004d2d19577/execute/sync - {"script":"<script> [5351 bytes]","args":[{"element-6066-11e4-a52e-4f735466cecf":"f.21909E599E196C0494D8E3CC232C3551.d.939AD3E5A4FE5BBC2B38480F61D2BA06.e.11528","ELEMENT":"f.21909E599E196C0494D8E3CC232C3551.d.939AD3E5A4FE5BBC2B38480F61D2BA06.e.11528"}]}
COMMAND: GET /session/0483d061f40becc12e3a8004d2d19577/screenshot - {}
RESULT: {}
RESULT: {"script":"<script> [5351 bytes]","args":[{"element-6066-11e4-a52e-4f735466cecf":"f.21909E599E196C0494D8E3CC232C3551.d.939AD3E5A4FE5BBC2B38480F61D2BA06.e.11528","ELEMENT":"f.21909E599E196C0494D8E3CC232C3551.d.939AD3E5A4FE5BBC2B38480F61D2BA06.e.11528"}]}
COMMAND: POST /session/0483d061f40becc12e3a8004d2d19577/element/f.21909E599E196C0494D8E3CC232C3551.d.939AD3E5A4FE5BBC2B38480F61D2BA06.e.11528/click - {}
COMMAND: GET /session/0483d061f40becc12e3a8004d2d19577/screenshot - {}
RESULT: {}
RESULT: {}
COMMAND: GET /session/0483d061f40becc12e3a8004d2d19577/screenshot - {}
RESULT: {}
RESULT: {}
COMMAND: POST /session/0483d061f40becc12e3a8004d2d19577/actions - {"actions":[{"id":"action35","type":"key","parameters":{},"actions":[{"type":"keyDown","value":""},{"type":"pause","duration":10},{"type":"keyUp","value":""}]}]}
RESULT: {"actions":[{"id":"action35","type":"key","parameters":{},"actions":[{"type":"keyDown","value":""},{"type":"pause","duration":10},{"type":"keyUp","value":""}]}]}
COMMAND: GET /session/0483d061f40becc12e3a8004d2d19577/screenshot - {}
RESULT: {}
COMMAND: POST /session/0483d061f40becc12e3a8004d2d19577/execute/async - {"script":"<script> [1562 bytes]","args":[{"selector":{"id":"application-manageconditionprice-display-component---newCondition--condBillCond-arrow"},"wdio_ui5_key":"applicationmanageconditionprice-display-component---newCondition--condBillCond-arrow"}]}
RESULT: {"script":"<script> [1562 bytes]","args":[{"selector":{"id":"application-manageconditionprice-display-component---newCondition--condBillCond-arrow"},"wdio_ui5_key":"applicationmanageconditionprice-display-component---newCondition--condBillCond-arrow"}]}
RESULT: undefined
COMMAND: POST /session/0483d061f40becc12e3a8004d2d19577/element - {"using":"xpath","value":"//*[@id=\"application-manageconditionprice-display-component---newCondition--condBillCond-arrow\"]"}
RESULT: {"using":"xpath","value":"//*[@id=\"application-manageconditionprice-display-component---newCondition--condBillCond-arrow\"]"}
COMMAND: POST /session/0483d061f40becc12e3a8004d2d19577/element/f.21909E599E196C0494D8E3CC232C3551.d.939AD3E5A4FE5BBC2B38480F61D2BA06.e.11707/click - {}
RESULT: {}
COMMAND: GET /session/0483d061f40becc12e3a8004d2d19577/screenshot - {}
RESULT: {}
COMMAND: POST /session/0483d061f40becc12e3a8004d2d19577/element - {"using":"xpath","value":"//li[.//span[contains(text(), \"DISP - D&I special price\")]]"}
RESULT: {"using":"xpath","value":"//li[.//span[contains(text(), \"DISP - D&I special price\")]]"}
COMMAND: POST /session/0483d061f40becc12e3a8004d2d19577/element/f.21909E599E196C0494D8E3CC232C3551.d.939AD3E5A4FE5BBC2B38480F61D2BA06.e.11710/click - {}
RESULT: {}
COMMAND: GET /session/0483d061f40becc12e3a8004d2d19577/screenshot - {}
RESULT: {}
COMMAND: POST /session/0483d061f40becc12e3a8004d2d19577/execute/async - {"script":"<script> [1562 bytes]","args":[{"selector":{"id":"application-manageconditionprice-display-component---newCondition--condValidTo","interaction":{"idSuffix":"inner"}},"wdio_ui5_key":"applicationmanageconditionprice-display-component---newCondition--condValidTo"}]}
RESULT: {"script":"<script> [1562 bytes]","args":[{"selector":{"id":"application-manageconditionprice-display-component---newCondition--condValidTo","interaction":{"idSuffix":"inner"}},"wdio_ui5_key":"applicationmanageconditionprice-display-component---newCondition--condValidTo"}]}
RESULT: undefined
COMMAND: POST /session/0483d061f40becc12e3a8004d2d19577/execute/async - {"script":"<script> [776 bytes]","args":[{"enterText":"1/29/26","selector":{"id":"application-manageconditionprice-display-component---newCondition--condValidTo","interaction":{"idSuffix":"inner"}},"clearTextFirst":true,"interactionType":"ENTER_TEXT"}]}
RESULT: {"script":"<script> [776 bytes]","args":[{"enterText":"1/29/26","selector":{"id":"application-manageconditionprice-display-component---newCondition--condValidTo","interaction":{"idSuffix":"inner"}},"clearTextFirst":true,"interactionType":"ENTER_TEXT"}]}
COMMAND: POST /session/0483d061f40becc12e3a8004d2d19577/element - {"using":"xpath","value":"//input[@id=\"application-manageconditionprice-display-component---newCondition--condRU-inner\"]"}
RESULT: {"using":"xpath","value":"//input[@id=\"application-manageconditionprice-display-component---newCondition--condRU-inner\"]"}
COMMAND: POST /session/0483d061f40becc12e3a8004d2d19577/element/f.21909E599E196C0494D8E3CC232C3551.d.939AD3E5A4FE5BBC2B38480F61D2BA06.e.11544/clear - {}
RESULT: {}
COMMAND: POST /session/0483d061f40becc12e3a8004d2d19577/element/f.21909E599E196C0494D8E3CC232C3551.d.939AD3E5A4FE5BBC2B38480F61D2BA06.e.11544/value - {"text":"MpRlojkt5z"}
COMMAND: GET /session/0483d061f40becc12e3a8004d2d19577/screenshot - {}
RESULT: {"text":"MpRlojkt5z"}
COMMAND: GET /session/0483d061f40becc12e3a8004d2d19577/screenshot - {}
RESULT: {}
RESULT: {}
COMMAND: POST /session/0483d061f40becc12e3a8004d2d19577/actions - {"actions":[{"id":"action36","type":"key","parameters":{},"actions":[{"type":"keyDown","value":""},{"type":"pause","duration":10},{"type":"keyUp","value":""}]}]}
RESULT: {"actions":[{"id":"action36","type":"key","parameters":{},"actions":[{"type":"keyDown","value":""},{"type":"pause","duration":10},{"type":"keyUp","value":""}]}]}
COMMAND: POST /session/0483d061f40becc12e3a8004d2d19577/execute/async - {"script":"<script> [1562 bytes]","args":[{"selector":{"id":"application-manageconditionprice-display-component---newCondition--condBaseQty","interaction":{"idSuffix":"inner"}},"wdio_ui5_key":"applicationmanageconditionprice-display-component---newCondition--condBaseQty"}]}
COMMAND: GET /session/0483d061f40becc12e3a8004d2d19577/screenshot - {}
RESULT: {"script":"<script> [1562 bytes]","args":[{"selector":{"id":"application-manageconditionprice-display-component---newCondition--condBaseQty","interaction":{"idSuffix":"inner"}},"wdio_ui5_key":"applicationmanageconditionprice-display-component---newCondition--condBaseQty"}]}
RESULT: undefined
COMMAND: POST /session/0483d061f40becc12e3a8004d2d19577/execute/async - {"script":"<script> [776 bytes]","args":[{"enterText":"1","selector":{"id":"application-manageconditionprice-display-component---newCondition--condBaseQty","interaction":{"idSuffix":"inner"}},"clearTextFirst":true,"interactionType":"ENTER_TEXT"}]}
RESULT: {}
RESULT: {"script":"<script> [776 bytes]","args":[{"enterText":"1","selector":{"id":"application-manageconditionprice-display-component---newCondition--condBaseQty","interaction":{"idSuffix":"inner"}},"clearTextFirst":true,"interactionType":"ENTER_TEXT"}]}
COMMAND: POST /session/0483d061f40becc12e3a8004d2d19577/execute/async - {"script":"<script> [1562 bytes]","args":[{"selector":{"id":"application-manageconditionprice-display-component---newCondition--condValue","interaction":{"idSuffix":"inner"}},"wdio_ui5_key":"applicationmanageconditionprice-display-component---newCondition--condValue"}]}
RESULT: {"script":"<script> [1562 bytes]","args":[{"selector":{"id":"application-manageconditionprice-display-component---newCondition--condValue","interaction":{"idSuffix":"inner"}},"wdio_ui5_key":"applicationmanageconditionprice-display-component---newCondition--condValue"}]}
RESULT: undefined
COMMAND: POST /session/0483d061f40becc12e3a8004d2d19577/execute/async - {"script":"<script> [776 bytes]","args":[{"enterText":"200","selector":{"id":"application-manageconditionprice-display-component---newCondition--condValue","interaction":{"idSuffix":"inner"}},"clearTextFirst":true,"interactionType":"ENTER_TEXT"}]}
RESULT: {"script":"<script> [776 bytes]","args":[{"enterText":"200","selector":{"id":"application-manageconditionprice-display-component---newCondition--condValue","interaction":{"idSuffix":"inner"}},"clearTextFirst":true,"interactionType":"ENTER_TEXT"}]}
COMMAND: POST /session/0483d061f40becc12e3a8004d2d19577/execute/async - {"script":"<script> [1562 bytes]","args":[{"selector":{"id":"application-manageconditionprice-display-component---newCondition--condCurr-arrow"},"wdio_ui5_key":"applicationmanageconditionprice-display-component---newCondition--condCurr-arrow"}]}
RESULT: {"script":"<script> [1562 bytes]","args":[{"selector":{"id":"application-manageconditionprice-display-component---newCondition--condCurr-arrow"},"wdio_ui5_key":"applicationmanageconditionprice-display-component---newCondition--condCurr-arrow"}]}
RESULT: undefined
COMMAND: POST /session/0483d061f40becc12e3a8004d2d19577/element - {"using":"xpath","value":"//*[@id=\"application-manageconditionprice-display-component---newCondition--condCurr-arrow\"]"}
RESULT: {"using":"xpath","value":"//*[@id=\"application-manageconditionprice-display-component---newCondition--condCurr-arrow\"]"}
COMMAND: POST /session/0483d061f40becc12e3a8004d2d19577/element/f.21909E599E196C0494D8E3CC232C3551.d.939AD3E5A4FE5BBC2B38480F61D2BA06.e.11682/click - {}
RESULT: {}
COMMAND: POST /session/0483d061f40becc12e3a8004d2d19577/element - {"using":"xpath","value":"//span[contains(text(), \"Euro\")]"}
COMMAND: GET /session/0483d061f40becc12e3a8004d2d19577/screenshot - {}
RESULT: {"using":"xpath","value":"//span[contains(text(), \"Euro\")]"}
COMMAND: POST /session/0483d061f40becc12e3a8004d2d19577/element/f.21909E599E196C0494D8E3CC232C3551.d.939AD3E5A4FE5BBC2B38480F61D2BA06.e.11745/click - {}
RESULT: {}
RESULT: {}
COMMAND: POST /session/0483d061f40becc12e3a8004d2d19577/element - {"using":"xpath","value":"//button[@data-kt=\"saveButton\"]"}
COMMAND: GET /session/0483d061f40becc12e3a8004d2d19577/screenshot - {}
RESULT: {"using":"xpath","value":"//button[@data-kt=\"saveButton\"]"}
COMMAND: POST /session/0483d061f40becc12e3a8004d2d19577/element/f.21909E599E196C0494D8E3CC232C3551.d.939AD3E5A4FE5BBC2B38480F61D2BA06.e.11683/click - {}
RESULT: {}
RESULT: {}
COMMAND: GET /session/0483d061f40becc12e3a8004d2d19577/screenshot - {}
RESULT: {}
COMMAND: POST /session/0483d061f40becc12e3a8004d2d19577/execute/async - {"script":"<script> [1562 bytes]","args":[{"selector":{"id":"application-manageconditionprice-display-component---conditions--smartFilterBar-btnBasicSearch","interaction":{"idSuffix":"I"}},"wdio_ui5_key":"applicationmanageconditionprice-display-component---conditions--smartFilterBar-btnBasicSearch"}]}
RESULT: {"script":"<script> [1562 bytes]","args":[{"selector":{"id":"application-manageconditionprice-display-component---conditions--smartFilterBar-btnBasicSearch","interaction":{"idSuffix":"I"}},"wdio_ui5_key":"applicationmanageconditionprice-display-component---conditions--smartFilterBar-btnBasicSearch"}]}
RESULT: undefined
COMMAND: POST /session/0483d061f40becc12e3a8004d2d19577/execute/async - {"script":"<script> [776 bytes]","args":[{"enterText":"MpRlojkt5z","selector":{"id":"application-manageconditionprice-display-component---conditions--smartFilterBar-btnBasicSearch","interaction":{"idSuffix":"I"}},"clearTextFirst":true,"interactionType":"ENTER_TEXT"}]}
RESULT: {"script":"<script> [776 bytes]","args":[{"enterText":"MpRlojkt5z","selector":{"id":"application-manageconditionprice-display-component---conditions--smartFilterBar-btnBasicSearch","interaction":{"idSuffix":"I"}},"clearTextFirst":true,"interactionType":"ENTER_TEXT"}]}
COMMAND: POST /session/0483d061f40becc12e3a8004d2d19577/actions - {"actions":[{"id":"action37","type":"key","parameters":{},"actions":[{"type":"keyDown","value":""},{"type":"pause","duration":10},{"type":"keyUp","value":""}]}]}
RESULT: {"actions":[{"id":"action37","type":"key","parameters":{},"actions":[{"type":"keyDown","value":""},{"type":"pause","duration":10},{"type":"keyUp","value":""}]}]}
COMMAND: GET /session/0483d061f40becc12e3a8004d2d19577/screenshot - {}
RESULT: {}
COMMAND: POST /session/0483d061f40becc12e3a8004d2d19577/execute/async - {"script":"<script> [1562 bytes]","args":[{"selector":{"id":"application-manageconditionprice-display-component---conditions--smartFilterBar-filterItemControl_BASIC-BILL_TYPES-vhi"},"wdio_ui5_key":"applicationmanageconditionprice-display-component---conditions--smartFilterBar-filterItemControl_BASIC-BILL_TYPES-vhi"}]}
RESULT: {"script":"<script> [1562 bytes]","args":[{"selector":{"id":"application-manageconditionprice-display-component---conditions--smartFilterBar-filterItemControl_BASIC-BILL_TYPES-vhi"},"wdio_ui5_key":"applicationmanageconditionprice-display-component---conditions--smartFilterBar-filterItemControl_BASIC-BILL_TYPES-vhi"}]}
RESULT: undefined
COMMAND: POST /session/0483d061f40becc12e3a8004d2d19577/element - {"using":"xpath","value":"//*[@id=\"application-manageconditionprice-display-component---conditions--smartFilterBar-filterItemControl_BASIC-BILL_TYPES-vhi\"]"}
RESULT: {"using":"xpath","value":"//*[@id=\"application-manageconditionprice-display-component---conditions--smartFilterBar-filterItemControl_BASIC-BILL_TYPES-vhi\"]"}
COMMAND: POST /session/0483d061f40becc12e3a8004d2d19577/element/f.21909E599E196C0494D8E3CC232C3551.d.939AD3E5A4FE5BBC2B38480F61D2BA06.e.11762/click - {}
RESULT: {}
COMMAND: POST /session/0483d061f40becc12e3a8004d2d19577/execute/async - {"script":"<script> [1562 bytes]","args":[{"selector":{"id":"application-manageconditionprice-display-component---conditions--smartFilterBar-filterItemControl_BASIC-BILL_TYPES-valueHelpDialog-smartFilterBar-btnBasicSearch","searchOpenDialogs":true,"interaction":{"idSuffix":"I"}},"wdio_ui5_key":"applicationmanageconditionprice-display-component---conditions--smartFilterBar-filterItemControl_BASIC-BILL_TYPES-valueHelpDialog-smartFilterBar-btnBasicSearch"}]}
COMMAND: GET /session/0483d061f40becc12e3a8004d2d19577/screenshot - {}
RESULT: {"script":"<script> [1562 bytes]","args":[{"selector":{"id":"application-manageconditionprice-display-component---conditions--smartFilterBar-filterItemControl_BASIC-BILL_TYPES-valueHelpDialog-smartFilterBar-btnBasicSearch","searchOpenDialogs":true,"interaction":{"idSuffix":"I"}},"wdio_ui5_key":"applicationmanageconditionprice-display-component---conditions--smartFilterBar-filterItemControl_BASIC-BILL_TYPES-valueHelpDialog-smartFilterBar-btnBasicSearch"}]}
RESULT: undefined
COMMAND: POST /session/0483d061f40becc12e3a8004d2d19577/execute/async - {"script":"<script> [776 bytes]","args":[{"enterText":"TB","selector":{"id":"application-manageconditionprice-display-component---conditions--smartFilterBar-filterItemControl_BASIC-BILL_TYPES-valueHelpDialog-smartFilterBar-btnBasicSearch","searchOpenDialogs":true,"interaction":{"idSuffix":"I"}},"clearTextFirst":true,"interactionType":"ENTER_TEXT"}]}
RESULT: {}
RESULT: {"script":"<script> [776 bytes]","args":[{"enterText":"TB","selector":{"id":"application-manageconditionprice-display-component---conditions--smartFilterBar-filterItemControl_BASIC-BILL_TYPES-valueHelpDialog-smartFilterBar-btnBasicSearch","searchOpenDialogs":true,"interaction":{"idSuffix":"I"}},"clearTextFirst":true,"interactionType":"ENTER_TEXT"}]}
COMMAND: POST /session/0483d061f40becc12e3a8004d2d19577/actions - {"actions":[{"id":"action38","type":"key","parameters":{},"actions":[{"type":"keyDown","value":""},{"type":"pause","duration":10},{"type":"keyUp","value":""}]}]}
RESULT: {"actions":[{"id":"action38","type":"key","parameters":{},"actions":[{"type":"keyDown","value":""},{"type":"pause","duration":10},{"type":"keyUp","value":""}]}]}
COMMAND: GET /session/0483d061f40becc12e3a8004d2d19577/screenshot - {}
RESULT: {}
COMMAND: POST /session/0483d061f40becc12e3a8004d2d19577/element - {"using":"xpath","value":"//div[contains(@id, 'application-manageconditionprice-display-component---conditions--smartFilterBar-filterItemControl_BASIC-BILL_TYPES-valueHelpDialog-table-rowsel0')]"}
RESULT: {"using":"xpath","value":"//div[contains(@id, 'application-manageconditionprice-display-component---conditions--smartFilterBar-filterItemControl_BASIC-BILL_TYPES-valueHelpDialog-table-rowsel0')]"}
COMMAND: POST /session/0483d061f40becc12e3a8004d2d19577/element/f.21909E599E196C0494D8E3CC232C3551.d.939AD3E5A4FE5BBC2B38480F61D2BA06.e.11772/click - {}
RESULT: {}
COMMAND: GET /session/0483d061f40becc12e3a8004d2d19577/screenshot - {}
RESULT: {}
COMMAND: POST /session/0483d061f40becc12e3a8004d2d19577/element - {"using":"xpath","value":"//bdi[contains(text(), \"OK\")]"}
RESULT: {"using":"xpath","value":"//bdi[contains(text(), \"OK\")]"}
COMMAND: POST /session/0483d061f40becc12e3a8004d2d19577/element/f.21909E599E196C0494D8E3CC232C3551.d.939AD3E5A4FE5BBC2B38480F61D2BA06.e.11774/click - {}
RESULT: {}
COMMAND: GET /session/0483d061f40becc12e3a8004d2d19577/screenshot - {}
RESULT: {}
COMMAND: POST /session/0483d061f40becc12e3a8004d2d19577/element - {"using":"xpath","value":"//span[@id=\"application-manageconditionprice-display-component---conditions--smartTable-header-inner\"]"}
RESULT: {"using":"xpath","value":"//span[@id=\"application-manageconditionprice-display-component---conditions--smartTable-header-inner\"]"}
COMMAND: POST /session/0483d061f40becc12e3a8004d2d19577/elements - {"using":"xpath","value":"//span[@id=\"application-manageconditionprice-display-component---conditions--smartTable-header-inner\"]"}
RESULT: {"using":"xpath","value":"//span[@id=\"application-manageconditionprice-display-component---conditions--smartTable-header-inner\"]"}
COMMAND: POST /session/0483d061f40becc12e3a8004d2d19577/execute/sync - {"script":"<script> [56 bytes]","args":[{"element-6066-11e4-a52e-4f735466cecf":"f.21909E599E196C0494D8E3CC232C3551.d.939AD3E5A4FE5BBC2B38480F61D2BA06.e.11777","ELEMENT":"f.21909E599E196C0494D8E3CC232C3551.d.939AD3E5A4FE5BBC2B38480F61D2BA06.e.11777"}]}
RESULT: {"script":"<script> [56 bytes]","args":[{"element-6066-11e4-a52e-4f735466cecf":"f.21909E599E196C0494D8E3CC232C3551.d.939AD3E5A4FE5BBC2B38480F61D2BA06.e.11777","ELEMENT":"f.21909E599E196C0494D8E3CC232C3551.d.939AD3E5A4FE5BBC2B38480F61D2BA06.e.11777"}]}
COMMAND: POST /session/0483d061f40becc12e3a8004d2d19577/element - {"using":"css selector","value":"#shell-header-logo"}
COMMAND: GET /session/0483d061f40becc12e3a8004d2d19577/screenshot - {}
RESULT: {"using":"css selector","value":"#shell-header-logo"}
COMMAND: POST /session/0483d061f40becc12e3a8004d2d19577/element/f.21909E599E196C0494D8E3CC232C3551.d.939AD3E5A4FE5BBC2B38480F61D2BA06.e.11496/click - {}
RESULT: {}
RESULT: {}
COMMAND: GET /session/0483d061f40becc12e3a8004d2d19577/screenshot - {}
RESULT: {}
]]></system-out>
    </testcase>
    <testcase classname="chrome.136_0_7103_93.windows.Billing_Transfer_-_Intracompany_US127249" name="Should do a stock increase handover" time="90.608">
      <system-out><![CDATA[
COMMAND: POST /session/0483d061f40becc12e3a8004d2d19577/execute/async - {"script":"<script> [1562 bytes]","args":[{"selector":{"controlType":"sap.m.GenericTile","properties":{"header":"Manage Handovers"}},"wdio_ui5_key":"sapm.GenericTile{\"header\":\"Manage Handovers\"}"}]}
RESULT: {"script":"<script> [1562 bytes]","args":[{"selector":{"controlType":"sap.m.GenericTile","properties":{"header":"Manage Handovers"}},"wdio_ui5_key":"sapm.GenericTile{\"header\":\"Manage Handovers\"}"}]}
RESULT: undefined
COMMAND: POST /session/0483d061f40becc12e3a8004d2d19577/element - {"using":"xpath","value":"//*[@id=\"__tile133\"]"}
RESULT: {"using":"xpath","value":"//*[@id=\"__tile133\"]"}
COMMAND: POST /session/0483d061f40becc12e3a8004d2d19577/element/f.21909E599E196C0494D8E3CC232C3551.d.939AD3E5A4FE5BBC2B38480F61D2BA06.e.8502/click - {}
RESULT: {}
COMMAND: GET /session/0483d061f40becc12e3a8004d2d19577/screenshot - {}
RESULT: {}
COMMAND: POST /session/0483d061f40becc12e3a8004d2d19577/elements - {"using":"xpath","value":"//span[text()='Error']"}
RESULT: {"using":"xpath","value":"//span[text()='Error']"}
COMMAND: POST /session/0483d061f40becc12e3a8004d2d19577/element - {"using":"xpath","value":"//button[@data-kt=\"masterHOAddButton\"]"}
RESULT: {"using":"xpath","value":"//button[@data-kt=\"masterHOAddButton\"]"}
COMMAND: POST /session/0483d061f40becc12e3a8004d2d19577/elements - {"using":"xpath","value":"//button[@data-kt=\"masterHOAddButton\"]"}
RESULT: {"using":"xpath","value":"//button[@data-kt=\"masterHOAddButton\"]"}
COMMAND: POST /session/0483d061f40becc12e3a8004d2d19577/execute/sync - {"script":"<script> [8489 bytes]","args":[{"element-6066-11e4-a52e-4f735466cecf":"f.21909E599E196C0494D8E3CC232C3551.d.939AD3E5A4FE5BBC2B38480F61D2BA06.e.11816","ELEMENT":"f.21909E599E196C0494D8E3CC232C3551.d.939AD3E5A4FE5BBC2B38480F61D2BA06.e.11816"}]}
RESULT: {"script":"<script> [8489 bytes]","args":[{"element-6066-11e4-a52e-4f735466cecf":"f.21909E599E196C0494D8E3CC232C3551.d.939AD3E5A4FE5BBC2B38480F61D2BA06.e.11816","ELEMENT":"f.21909E599E196C0494D8E3CC232C3551.d.939AD3E5A4FE5BBC2B38480F61D2BA06.e.11816"}]}
COMMAND: GET /session/0483d061f40becc12e3a8004d2d19577/element/f.21909E599E196C0494D8E3CC232C3551.d.939AD3E5A4FE5BBC2B38480F61D2BA06.e.11816/enabled - {}
COMMAND: GET /session/0483d061f40becc12e3a8004d2d19577/screenshot - {}
RESULT: {}
COMMAND: POST /session/0483d061f40becc12e3a8004d2d19577/execute/sync - {"script":"<script> [8489 bytes]","args":[{"element-6066-11e4-a52e-4f735466cecf":"f.21909E599E196C0494D8E3CC232C3551.d.939AD3E5A4FE5BBC2B38480F61D2BA06.e.11816","ELEMENT":"f.21909E599E196C0494D8E3CC232C3551.d.939AD3E5A4FE5BBC2B38480F61D2BA06.e.11816"}]}
COMMAND: GET /session/0483d061f40becc12e3a8004d2d19577/screenshot - {}
RESULT: {}
RESULT: {"script":"<script> [8489 bytes]","args":[{"element-6066-11e4-a52e-4f735466cecf":"f.21909E599E196C0494D8E3CC232C3551.d.939AD3E5A4FE5BBC2B38480F61D2BA06.e.11816","ELEMENT":"f.21909E599E196C0494D8E3CC232C3551.d.939AD3E5A4FE5BBC2B38480F61D2BA06.e.11816"}]}
COMMAND: POST /session/0483d061f40becc12e3a8004d2d19577/execute/sync - {"script":"<script> [5351 bytes]","args":[{"element-6066-11e4-a52e-4f735466cecf":"f.21909E599E196C0494D8E3CC232C3551.d.939AD3E5A4FE5BBC2B38480F61D2BA06.e.11816","ELEMENT":"f.21909E599E196C0494D8E3CC232C3551.d.939AD3E5A4FE5BBC2B38480F61D2BA06.e.11816"}]}
COMMAND: GET /session/0483d061f40becc12e3a8004d2d19577/screenshot - {}
RESULT: {}
RESULT: {"script":"<script> [5351 bytes]","args":[{"element-6066-11e4-a52e-4f735466cecf":"f.21909E599E196C0494D8E3CC232C3551.d.939AD3E5A4FE5BBC2B38480F61D2BA06.e.11816","ELEMENT":"f.21909E599E196C0494D8E3CC232C3551.d.939AD3E5A4FE5BBC2B38480F61D2BA06.e.11816"}]}
COMMAND: POST /session/0483d061f40becc12e3a8004d2d19577/element/f.21909E599E196C0494D8E3CC232C3551.d.939AD3E5A4FE5BBC2B38480F61D2BA06.e.11816/click - {}
COMMAND: GET /session/0483d061f40becc12e3a8004d2d19577/screenshot - {}
RESULT: {}
RESULT: {}
COMMAND: GET /session/0483d061f40becc12e3a8004d2d19577/screenshot - {}
RESULT: {}
COMMAND: POST /session/0483d061f40becc12e3a8004d2d19577/element - {"using":"xpath","value":"//span[contains(@id ,\"AddNewHO--typeSelect-arrow\")]"}
RESULT: {}
RESULT: {"using":"xpath","value":"//span[contains(@id ,\"AddNewHO--typeSelect-arrow\")]"}
COMMAND: POST /session/0483d061f40becc12e3a8004d2d19577/element/f.21909E599E196C0494D8E3CC232C3551.d.939AD3E5A4FE5BBC2B38480F61D2BA06.e.12160/click - {}
RESULT: {}
COMMAND: GET /session/0483d061f40becc12e3a8004d2d19577/screenshot - {}
RESULT: {}
COMMAND: POST /session/0483d061f40becc12e3a8004d2d19577/element - {"using":"xpath","value":"(//li[contains(text(), \"stock increase yard\")])[1]"}
RESULT: {"using":"xpath","value":"(//li[contains(text(), \"stock increase yard\")])[1]"}
COMMAND: POST /session/0483d061f40becc12e3a8004d2d19577/element/f.21909E599E196C0494D8E3CC232C3551.d.939AD3E5A4FE5BBC2B38480F61D2BA06.e.12161/click - {}
RESULT: {}
COMMAND: GET /session/0483d061f40becc12e3a8004d2d19577/screenshot - {}
RESULT: {}
COMMAND: POST /session/0483d061f40becc12e3a8004d2d19577/execute/async - {"script":"<script> [1562 bytes]","args":[{"selector":{"id":"application-managehandovers-display-component---AddNewHO--dueDate","interaction":{"idSuffix":"inner"}},"wdio_ui5_key":"applicationmanagehandovers-display-component---AddNewHO--dueDate"}]}
RESULT: {"script":"<script> [1562 bytes]","args":[{"selector":{"id":"application-managehandovers-display-component---AddNewHO--dueDate","interaction":{"idSuffix":"inner"}},"wdio_ui5_key":"applicationmanagehandovers-display-component---AddNewHO--dueDate"}]}
RESULT: undefined
COMMAND: POST /session/0483d061f40becc12e3a8004d2d19577/execute/async - {"script":"<script> [6424 bytes]","args":[{"element-6066-11e4-a52e-4f735466cecf":"f.21909E599E196C0494D8E3CC232C3551.d.939AD3E5A4FE5BBC2B38480F61D2BA06.e.12165"},"setValue",["5/29/25"]]}
RESULT: {"script":"<script> [6424 bytes]","args":[{"element-6066-11e4-a52e-4f735466cecf":"f.21909E599E196C0494D8E3CC232C3551.d.939AD3E5A4FE5BBC2B38480F61D2BA06.e.12165"},"setValue",["5/29/25"]]}
COMMAND: POST /session/0483d061f40becc12e3a8004d2d19577/element - {"using":"xpath","value":"//input[@id=\"generalSectionFrg--receiveYard-inner\"]"}
RESULT: {"using":"xpath","value":"//input[@id=\"generalSectionFrg--receiveYard-inner\"]"}
COMMAND: POST /session/0483d061f40becc12e3a8004d2d19577/element/f.21909E599E196C0494D8E3CC232C3551.d.939AD3E5A4FE5BBC2B38480F61D2BA06.e.12171/clear - {}
RESULT: {}
COMMAND: POST /session/0483d061f40becc12e3a8004d2d19577/element/f.21909E599E196C0494D8E3CC232C3551.d.939AD3E5A4FE5BBC2B38480F61D2BA06.e.12171/value - {"text":"474"}
COMMAND: GET /session/0483d061f40becc12e3a8004d2d19577/screenshot - {}
RESULT: {"text":"474"}
COMMAND: GET /session/0483d061f40becc12e3a8004d2d19577/screenshot - {}
RESULT: {}
RESULT: {}
COMMAND: POST /session/0483d061f40becc12e3a8004d2d19577/element - {"using":"xpath","value":"//li[.//span[contains(text(),'474')]]"}
RESULT: {"using":"xpath","value":"//li[.//span[contains(text(),'474')]]"}
COMMAND: POST /session/0483d061f40becc12e3a8004d2d19577/element/f.21909E599E196C0494D8E3CC232C3551.d.939AD3E5A4FE5BBC2B38480F61D2BA06.e.12187/click - {}
RESULT: {}
COMMAND: GET /session/0483d061f40becc12e3a8004d2d19577/screenshot - {}
RESULT: {}
COMMAND: POST /session/0483d061f40becc12e3a8004d2d19577/execute/async - {"script":"<script> [1562 bytes]","args":[{"selector":{"id":"application-managehandovers-display-component---AddNewHO--ObjectPageLayout-anchBar-application-managehandovers-display-component---AddNewHO--section4-anchor","interaction":{"idSuffix":"BDI-content"}},"wdio_ui5_key":"applicationmanagehandovers-display-component---AddNewHO--ObjectPageLayout-anchBar-application-managehandovers-display-component---AddNewHO--section4-anchor"}]}
RESULT: {"script":"<script> [1562 bytes]","args":[{"selector":{"id":"application-managehandovers-display-component---AddNewHO--ObjectPageLayout-anchBar-application-managehandovers-display-component---AddNewHO--section4-anchor","interaction":{"idSuffix":"BDI-content"}},"wdio_ui5_key":"applicationmanagehandovers-display-component---AddNewHO--ObjectPageLayout-anchBar-application-managehandovers-display-component---AddNewHO--section4-anchor"}]}
RESULT: undefined
COMMAND: POST /session/0483d061f40becc12e3a8004d2d19577/element - {"using":"xpath","value":"//*[@id=\"application-managehandovers-display-component---AddNewHO--ObjectPageLayout-anchBar-application-managehandovers-display-component---AddNewHO--section4-anchor\"]"}
RESULT: {"using":"xpath","value":"//*[@id=\"application-managehandovers-display-component---AddNewHO--ObjectPageLayout-anchBar-application-managehandovers-display-component---AddNewHO--section4-anchor\"]"}
COMMAND: POST /session/0483d061f40becc12e3a8004d2d19577/element/f.21909E599E196C0494D8E3CC232C3551.d.939AD3E5A4FE5BBC2B38480F61D2BA06.e.12189/click - {}
RESULT: {}
COMMAND: POST /session/0483d061f40becc12e3a8004d2d19577/element - {"using":"xpath","value":"//button[@aria-label=\"Add\"]"}
COMMAND: GET /session/0483d061f40becc12e3a8004d2d19577/screenshot - {}
RESULT: {"using":"xpath","value":"//button[@aria-label=\"Add\"]"}
COMMAND: POST /session/0483d061f40becc12e3a8004d2d19577/element/f.21909E599E196C0494D8E3CC232C3551.d.939AD3E5A4FE5BBC2B38480F61D2BA06.e.12193/click - {}
RESULT: {}
RESULT: {}
COMMAND: GET /session/0483d061f40becc12e3a8004d2d19577/screenshot - {}
RESULT: {}
COMMAND: POST /session/0483d061f40becc12e3a8004d2d19577/execute/async - {"script":"<script> [1562 bytes]","args":[{"selector":{"id":"application-managehandovers-display-component---AddNewHO--smartFilterBar-btnBasicSearch","searchOpenDialogs":true,"interaction":{"idSuffix":"I"}},"wdio_ui5_key":"applicationmanagehandovers-display-component---AddNewHO--smartFilterBar-btnBasicSearch"}]}
RESULT: {"script":"<script> [1562 bytes]","args":[{"selector":{"id":"application-managehandovers-display-component---AddNewHO--smartFilterBar-btnBasicSearch","searchOpenDialogs":true,"interaction":{"idSuffix":"I"}},"wdio_ui5_key":"applicationmanagehandovers-display-component---AddNewHO--smartFilterBar-btnBasicSearch"}]}
RESULT: undefined
COMMAND: POST /session/0483d061f40becc12e3a8004d2d19577/execute/async - {"script":"<script> [776 bytes]","args":[{"enterText":"MpRlojkt5z","selector":{"id":"application-managehandovers-display-component---AddNewHO--smartFilterBar-btnBasicSearch","searchOpenDialogs":true,"interaction":{"idSuffix":"I"}},"clearTextFirst":true,"interactionType":"ENTER_TEXT"}]}
RESULT: {"script":"<script> [776 bytes]","args":[{"enterText":"MpRlojkt5z","selector":{"id":"application-managehandovers-display-component---AddNewHO--smartFilterBar-btnBasicSearch","searchOpenDialogs":true,"interaction":{"idSuffix":"I"}},"clearTextFirst":true,"interactionType":"ENTER_TEXT"}]}
COMMAND: POST /session/0483d061f40becc12e3a8004d2d19577/actions - {"actions":[{"id":"action39","type":"key","parameters":{},"actions":[{"type":"keyDown","value":""},{"type":"pause","duration":10},{"type":"keyUp","value":""}]}]}
RESULT: {"actions":[{"id":"action39","type":"key","parameters":{},"actions":[{"type":"keyDown","value":""},{"type":"pause","duration":10},{"type":"keyUp","value":""}]}]}
COMMAND: GET /session/0483d061f40becc12e3a8004d2d19577/screenshot - {}
RESULT: {}
COMMAND: POST /session/0483d061f40becc12e3a8004d2d19577/execute/async - {"script":"<script> [1562 bytes]","args":[{"selector":{"id":"application-managehandovers-display-component---AddNewHO--popup-sa","searchOpenDialogs":true,"interaction":{"idSuffix":"CbBg"}},"wdio_ui5_key":"applicationmanagehandovers-display-component---AddNewHO--popup-sa"}]}
RESULT: {"script":"<script> [1562 bytes]","args":[{"selector":{"id":"application-managehandovers-display-component---AddNewHO--popup-sa","searchOpenDialogs":true,"interaction":{"idSuffix":"CbBg"}},"wdio_ui5_key":"applicationmanagehandovers-display-component---AddNewHO--popup-sa"}]}
RESULT: undefined
COMMAND: POST /session/0483d061f40becc12e3a8004d2d19577/element - {"using":"xpath","value":"//*[@id=\"application-managehandovers-display-component---AddNewHO--popup-sa\"]"}
RESULT: {"using":"xpath","value":"//*[@id=\"application-managehandovers-display-component---AddNewHO--popup-sa\"]"}
COMMAND: POST /session/0483d061f40becc12e3a8004d2d19577/element/f.21909E599E196C0494D8E3CC232C3551.d.939AD3E5A4FE5BBC2B38480F61D2BA06.e.12345/click - {}
RESULT: {}
COMMAND: GET /session/0483d061f40becc12e3a8004d2d19577/screenshot - {}
RESULT: {}
COMMAND: POST /session/0483d061f40becc12e3a8004d2d19577/element - {"using":"xpath","value":"//bdi[contains(text(), \"Select\")]"}
RESULT: {"using":"xpath","value":"//bdi[contains(text(), \"Select\")]"}
COMMAND: POST /session/0483d061f40becc12e3a8004d2d19577/element/f.21909E599E196C0494D8E3CC232C3551.d.939AD3E5A4FE5BBC2B38480F61D2BA06.e.12346/click - {}
RESULT: {}
COMMAND: GET /session/0483d061f40becc12e3a8004d2d19577/screenshot - {}
RESULT: {}
COMMAND: POST /session/0483d061f40becc12e3a8004d2d19577/element - {"using":"xpath","value":"//button[@data-kt=\"AddNewHOSaveButton\"]"}
RESULT: {"using":"xpath","value":"//button[@data-kt=\"AddNewHOSaveButton\"]"}
COMMAND: POST /session/0483d061f40becc12e3a8004d2d19577/element/f.21909E599E196C0494D8E3CC232C3551.d.939AD3E5A4FE5BBC2B38480F61D2BA06.e.12350/click - {}
RESULT: {}
COMMAND: GET /session/0483d061f40becc12e3a8004d2d19577/screenshot - {}
RESULT: {}
COMMAND: POST /session/0483d061f40becc12e3a8004d2d19577/execute/async - {"script":"<script> [1562 bytes]","args":[{"selector":{"id":"receiptDatePicker","viewName":"etm.portal.ui.managehandovers.view.DetailExecuteHO","interaction":{"idSuffix":"inner"}},"wdio_ui5_key":"receiptDatePickeretmportal.ui.managehandovers.view.DetailExecuteHO"}]}
RESULT: {"script":"<script> [1562 bytes]","args":[{"selector":{"id":"receiptDatePicker","viewName":"etm.portal.ui.managehandovers.view.DetailExecuteHO","interaction":{"idSuffix":"inner"}},"wdio_ui5_key":"receiptDatePickeretmportal.ui.managehandovers.view.DetailExecuteHO"}]}
RESULT: undefined
COMMAND: POST /session/0483d061f40becc12e3a8004d2d19577/execute/async - {"script":"<script> [6424 bytes]","args":[{"element-6066-11e4-a52e-4f735466cecf":"f.21909E599E196C0494D8E3CC232C3551.d.939AD3E5A4FE5BBC2B38480F61D2BA06.e.12382"},"setValue",["5/29/25"]]}
RESULT: {"script":"<script> [6424 bytes]","args":[{"element-6066-11e4-a52e-4f735466cecf":"f.21909E599E196C0494D8E3CC232C3551.d.939AD3E5A4FE5BBC2B38480F61D2BA06.e.12382"},"setValue",["5/29/25"]]}
COMMAND: POST /session/0483d061f40becc12e3a8004d2d19577/element - {"using":"xpath","value":"//button[@data-kt=\"ReceivingTableConfirmAllButton\"]"}
RESULT: {"using":"xpath","value":"//button[@data-kt=\"ReceivingTableConfirmAllButton\"]"}
COMMAND: POST /session/0483d061f40becc12e3a8004d2d19577/element/f.21909E599E196C0494D8E3CC232C3551.d.939AD3E5A4FE5BBC2B38480F61D2BA06.e.12397/click - {}
RESULT: {}
COMMAND: GET /session/0483d061f40becc12e3a8004d2d19577/screenshot - {}
RESULT: {}
COMMAND: POST /session/0483d061f40becc12e3a8004d2d19577/element - {"using":"xpath","value":"//bdi[contains(text(), \"OK\")]"}
RESULT: {"using":"xpath","value":"//bdi[contains(text(), \"OK\")]"}
COMMAND: POST /session/0483d061f40becc12e3a8004d2d19577/element/f.21909E599E196C0494D8E3CC232C3551.d.939AD3E5A4FE5BBC2B38480F61D2BA06.e.12399/click - {}
RESULT: {}
COMMAND: GET /session/0483d061f40becc12e3a8004d2d19577/screenshot - {}
RESULT: {}
COMMAND: POST /session/0483d061f40becc12e3a8004d2d19577/element - {"using":"xpath","value":"(//bdi[contains(text(), \"Receive\")])[2]"}
RESULT: {"using":"xpath","value":"(//bdi[contains(text(), \"Receive\")])[2]"}
COMMAND: POST /session/0483d061f40becc12e3a8004d2d19577/element/f.21909E599E196C0494D8E3CC232C3551.d.939AD3E5A4FE5BBC2B38480F61D2BA06.e.12401/click - {}
RESULT: {}
COMMAND: GET /session/0483d061f40becc12e3a8004d2d19577/screenshot - {}
RESULT: {}
COMMAND: POST /session/0483d061f40becc12e3a8004d2d19577/element - {"using":"css selector","value":"#shell-header-logo"}
RESULT: {"using":"css selector","value":"#shell-header-logo"}
COMMAND: POST /session/0483d061f40becc12e3a8004d2d19577/element/f.21909E599E196C0494D8E3CC232C3551.d.939AD3E5A4FE5BBC2B38480F61D2BA06.e.11783/click - {}
RESULT: {}
COMMAND: GET /session/0483d061f40becc12e3a8004d2d19577/screenshot - {}
RESULT: {}
]]></system-out>
    </testcase>
    <testcase classname="chrome.136_0_7103_93.windows.Billing_Transfer_-_Intracompany_US127249" name="Should create a new contract" time="61.516">
      <system-out><![CDATA[
COMMAND: POST /session/0483d061f40becc12e3a8004d2d19577/execute/async - {"script":"<script> [1562 bytes]","args":[{"selector":{"controlType":"sap.m.GenericTile","properties":{"header":"Manage Contracts"}},"wdio_ui5_key":"sapm.GenericTile{\"header\":\"Manage Contracts\"}"}]}
RESULT: {"script":"<script> [1562 bytes]","args":[{"selector":{"controlType":"sap.m.GenericTile","properties":{"header":"Manage Contracts"}},"wdio_ui5_key":"sapm.GenericTile{\"header\":\"Manage Contracts\"}"}]}
RESULT: undefined
COMMAND: POST /session/0483d061f40becc12e3a8004d2d19577/element - {"using":"xpath","value":"//*[@id=\"__tile130\"]"}
RESULT: {"using":"xpath","value":"//*[@id=\"__tile130\"]"}
COMMAND: POST /session/0483d061f40becc12e3a8004d2d19577/element/f.21909E599E196C0494D8E3CC232C3551.d.939AD3E5A4FE5BBC2B38480F61D2BA06.e.8434/click - {}
RESULT: {}
COMMAND: GET /session/0483d061f40becc12e3a8004d2d19577/screenshot - {}
RESULT: {}
COMMAND: POST /session/0483d061f40becc12e3a8004d2d19577/elements - {"using":"xpath","value":"//span[text()='Error']"}
RESULT: {"using":"xpath","value":"//span[text()='Error']"}
COMMAND: POST /session/0483d061f40becc12e3a8004d2d19577/element - {"using":"xpath","value":"//button[@data-kt=\"addButton\"]"}
RESULT: {"using":"xpath","value":"//button[@data-kt=\"addButton\"]"}
COMMAND: POST /session/0483d061f40becc12e3a8004d2d19577/elements - {"using":"xpath","value":"//button[@data-kt=\"addButton\"]"}
RESULT: {"using":"xpath","value":"//button[@data-kt=\"addButton\"]"}
COMMAND: POST /session/0483d061f40becc12e3a8004d2d19577/execute/sync - {"script":"<script> [8489 bytes]","args":[{"element-6066-11e4-a52e-4f735466cecf":"f.21909E599E196C0494D8E3CC232C3551.d.939AD3E5A4FE5BBC2B38480F61D2BA06.e.12621","ELEMENT":"f.21909E599E196C0494D8E3CC232C3551.d.939AD3E5A4FE5BBC2B38480F61D2BA06.e.12621"}]}
RESULT: {"script":"<script> [8489 bytes]","args":[{"element-6066-11e4-a52e-4f735466cecf":"f.21909E599E196C0494D8E3CC232C3551.d.939AD3E5A4FE5BBC2B38480F61D2BA06.e.12621","ELEMENT":"f.21909E599E196C0494D8E3CC232C3551.d.939AD3E5A4FE5BBC2B38480F61D2BA06.e.12621"}]}
COMMAND: GET /session/0483d061f40becc12e3a8004d2d19577/element/f.21909E599E196C0494D8E3CC232C3551.d.939AD3E5A4FE5BBC2B38480F61D2BA06.e.12621/enabled - {}
COMMAND: GET /session/0483d061f40becc12e3a8004d2d19577/screenshot - {}
RESULT: {}
COMMAND: POST /session/0483d061f40becc12e3a8004d2d19577/execute/sync - {"script":"<script> [8489 bytes]","args":[{"element-6066-11e4-a52e-4f735466cecf":"f.21909E599E196C0494D8E3CC232C3551.d.939AD3E5A4FE5BBC2B38480F61D2BA06.e.12621","ELEMENT":"f.21909E599E196C0494D8E3CC232C3551.d.939AD3E5A4FE5BBC2B38480F61D2BA06.e.12621"}]}
COMMAND: GET /session/0483d061f40becc12e3a8004d2d19577/screenshot - {}
RESULT: {}
RESULT: {"script":"<script> [8489 bytes]","args":[{"element-6066-11e4-a52e-4f735466cecf":"f.21909E599E196C0494D8E3CC232C3551.d.939AD3E5A4FE5BBC2B38480F61D2BA06.e.12621","ELEMENT":"f.21909E599E196C0494D8E3CC232C3551.d.939AD3E5A4FE5BBC2B38480F61D2BA06.e.12621"}]}
COMMAND: POST /session/0483d061f40becc12e3a8004d2d19577/execute/sync - {"script":"<script> [5351 bytes]","args":[{"element-6066-11e4-a52e-4f735466cecf":"f.21909E599E196C0494D8E3CC232C3551.d.939AD3E5A4FE5BBC2B38480F61D2BA06.e.12621","ELEMENT":"f.21909E599E196C0494D8E3CC232C3551.d.939AD3E5A4FE5BBC2B38480F61D2BA06.e.12621"}]}
COMMAND: GET /session/0483d061f40becc12e3a8004d2d19577/screenshot - {}
RESULT: {}
RESULT: {"script":"<script> [5351 bytes]","args":[{"element-6066-11e4-a52e-4f735466cecf":"f.21909E599E196C0494D8E3CC232C3551.d.939AD3E5A4FE5BBC2B38480F61D2BA06.e.12621","ELEMENT":"f.21909E599E196C0494D8E3CC232C3551.d.939AD3E5A4FE5BBC2B38480F61D2BA06.e.12621"}]}
COMMAND: GET /session/0483d061f40becc12e3a8004d2d19577/screenshot - {}
RESULT: {}
RESULT: {}
COMMAND: POST /session/0483d061f40becc12e3a8004d2d19577/element/f.21909E599E196C0494D8E3CC232C3551.d.939AD3E5A4FE5BBC2B38480F61D2BA06.e.12621/click - {}
RESULT: {}
COMMAND: GET /session/0483d061f40becc12e3a8004d2d19577/screenshot - {}
COMMAND: POST /session/0483d061f40becc12e3a8004d2d19577/execute/async - {"script":"<script> [1562 bytes]","args":[{"selector":{"id":"application-managecontracts-display-component---AddNewContract--projectDescription","interaction":{"idSuffix":"inner"}},"wdio_ui5_key":"applicationmanagecontracts-display-component---AddNewContract--projectDescription"}]}
RESULT: {}
RESULT: {"script":"<script> [1562 bytes]","args":[{"selector":{"id":"application-managecontracts-display-component---AddNewContract--projectDescription","interaction":{"idSuffix":"inner"}},"wdio_ui5_key":"applicationmanagecontracts-display-component---AddNewContract--projectDescription"}]}
RESULT: undefined
COMMAND: POST /session/0483d061f40becc12e3a8004d2d19577/execute/async - {"script":"<script> [776 bytes]","args":[{"enterText":"Contract WDIO","selector":{"id":"application-managecontracts-display-component---AddNewContract--projectDescription","interaction":{"idSuffix":"inner"}},"clearTextFirst":true,"interactionType":"ENTER_TEXT"}]}
RESULT: {"script":"<script> [776 bytes]","args":[{"enterText":"Contract WDIO","selector":{"id":"application-managecontracts-display-component---AddNewContract--projectDescription","interaction":{"idSuffix":"inner"}},"clearTextFirst":true,"interactionType":"ENTER_TEXT"}]}
COMMAND: POST /session/0483d061f40becc12e3a8004d2d19577/element - {"using":"xpath","value":"//input[@id=\"application-managecontracts-display-component---AddNewContract--site-inner\"]"}
RESULT: {"using":"xpath","value":"//input[@id=\"application-managecontracts-display-component---AddNewContract--site-inner\"]"}
COMMAND: POST /session/0483d061f40becc12e3a8004d2d19577/element/f.21909E599E196C0494D8E3CC232C3551.d.939AD3E5A4FE5BBC2B38480F61D2BA06.e.12941/clear - {}
RESULT: {}
COMMAND: POST /session/0483d061f40becc12e3a8004d2d19577/element/f.21909E599E196C0494D8E3CC232C3551.d.939AD3E5A4FE5BBC2B38480F61D2BA06.e.12941/value - {"text":"2244"}
COMMAND: GET /session/0483d061f40becc12e3a8004d2d19577/screenshot - {}
RESULT: {"text":"2244"}
COMMAND: GET /session/0483d061f40becc12e3a8004d2d19577/screenshot - {}
RESULT: {}
RESULT: {}
COMMAND: POST /session/0483d061f40becc12e3a8004d2d19577/element - {"using":"xpath","value":"//li[.//span[text()='2244']]"}
RESULT: {"using":"xpath","value":"//li[.//span[text()='2244']]"}
COMMAND: POST /session/0483d061f40becc12e3a8004d2d19577/element/f.21909E599E196C0494D8E3CC232C3551.d.939AD3E5A4FE5BBC2B38480F61D2BA06.e.13023/click - {}
RESULT: {}
COMMAND: GET /session/0483d061f40becc12e3a8004d2d19577/screenshot - {}
RESULT: {}
COMMAND: POST /session/0483d061f40becc12e3a8004d2d19577/element - {"using":"xpath","value":"//input[@id=\"application-managecontracts-display-component---AddNewContract--yardId-inner\"]"}
RESULT: {"using":"xpath","value":"//input[@id=\"application-managecontracts-display-component---AddNewContract--yardId-inner\"]"}
COMMAND: GET /session/0483d061f40becc12e3a8004d2d19577/element/f.21909E599E196C0494D8E3CC232C3551.d.939AD3E5A4FE5BBC2B38480F61D2BA06.e.12942/property/value - {}
RESULT: {}
COMMAND: POST /session/0483d061f40becc12e3a8004d2d19577/element - {"using":"xpath","value":"//input[@id=\"application-managecontracts-display-component---AddNewContract--customerSelect-inner\"]"}
COMMAND: GET /session/0483d061f40becc12e3a8004d2d19577/screenshot - {}
RESULT: {"using":"xpath","value":"//input[@id=\"application-managecontracts-display-component---AddNewContract--customerSelect-inner\"]"}
COMMAND: POST /session/0483d061f40becc12e3a8004d2d19577/element/f.21909E599E196C0494D8E3CC232C3551.d.939AD3E5A4FE5BBC2B38480F61D2BA06.e.12940/clear - {}
RESULT: {}
RESULT: {}
COMMAND: POST /session/0483d061f40becc12e3a8004d2d19577/element/f.21909E599E196C0494D8E3CC232C3551.d.939AD3E5A4FE5BBC2B38480F61D2BA06.e.12940/value - {"text":"1281"}
COMMAND: GET /session/0483d061f40becc12e3a8004d2d19577/screenshot - {}
RESULT: {"text":"1281"}
COMMAND: GET /session/0483d061f40becc12e3a8004d2d19577/screenshot - {}
RESULT: {}
RESULT: {}
COMMAND: POST /session/0483d061f40becc12e3a8004d2d19577/element - {"using":"xpath","value":"//li[.//span[text()='1281']]"}
RESULT: {"using":"xpath","value":"//li[.//span[text()='1281']]"}
COMMAND: POST /session/0483d061f40becc12e3a8004d2d19577/element/f.21909E599E196C0494D8E3CC232C3551.d.939AD3E5A4FE5BBC2B38480F61D2BA06.e.13026/click - {}
RESULT: {}
COMMAND: GET /session/0483d061f40becc12e3a8004d2d19577/screenshot - {}
RESULT: {}
COMMAND: POST /session/0483d061f40becc12e3a8004d2d19577/element - {"using":"xpath","value":"//button[@data-kt=\"saveButton\"]"}
RESULT: {"using":"xpath","value":"//button[@data-kt=\"saveButton\"]"}
COMMAND: POST /session/0483d061f40becc12e3a8004d2d19577/element/f.21909E599E196C0494D8E3CC232C3551.d.939AD3E5A4FE5BBC2B38480F61D2BA06.e.13016/click - {}
RESULT: {}
COMMAND: GET /session/0483d061f40becc12e3a8004d2d19577/screenshot - {}
RESULT: {}
COMMAND: POST /session/0483d061f40becc12e3a8004d2d19577/element - {"using":"xpath","value":"//span[contains(@id ,\"contractDetailTitleNoExpanded\")]"}
RESULT: {"using":"xpath","value":"//span[contains(@id ,\"contractDetailTitleNoExpanded\")]"}
COMMAND: POST /session/0483d061f40becc12e3a8004d2d19577/elements - {"using":"xpath","value":"//span[contains(@id ,\"contractDetailTitleNoExpanded\")]"}
RESULT: {"using":"xpath","value":"//span[contains(@id ,\"contractDetailTitleNoExpanded\")]"}
COMMAND: POST /session/0483d061f40becc12e3a8004d2d19577/execute/sync - {"script":"<script> [56 bytes]","args":[{"element-6066-11e4-a52e-4f735466cecf":"f.21909E599E196C0494D8E3CC232C3551.d.939AD3E5A4FE5BBC2B38480F61D2BA06.e.13096","ELEMENT":"f.21909E599E196C0494D8E3CC232C3551.d.939AD3E5A4FE5BBC2B38480F61D2BA06.e.13096"}]}
RESULT: {"script":"<script> [56 bytes]","args":[{"element-6066-11e4-a52e-4f735466cecf":"f.21909E599E196C0494D8E3CC232C3551.d.939AD3E5A4FE5BBC2B38480F61D2BA06.e.13096","ELEMENT":"f.21909E599E196C0494D8E3CC232C3551.d.939AD3E5A4FE5BBC2B38480F61D2BA06.e.13096"}]}
COMMAND: GET /session/0483d061f40becc12e3a8004d2d19577/screenshot - {}
RESULT: {}
]]></system-out>
    </testcase>
    <testcase classname="chrome.136_0_7103_93.windows.Billing_Transfer_-_Intracompany_US127249" name="Should add equipment to the contract" time="47.809">
      <system-out><![CDATA[
COMMAND: POST /session/0483d061f40becc12e3a8004d2d19577/element - {"using":"xpath","value":"//button[@data-kt=\"contractDetailEditBtnButton\"]"}
RESULT: {"using":"xpath","value":"//button[@data-kt=\"contractDetailEditBtnButton\"]"}
COMMAND: POST /session/0483d061f40becc12e3a8004d2d19577/element/f.21909E599E196C0494D8E3CC232C3551.d.939AD3E5A4FE5BBC2B38480F61D2BA06.e.13099/click - {}
RESULT: {}
COMMAND: GET /session/0483d061f40becc12e3a8004d2d19577/screenshot - {}
RESULT: {}
COMMAND: POST /session/0483d061f40becc12e3a8004d2d19577/element - {"using":"xpath","value":"(//span[contains(text(), \"Additional Addresses\")])[2]"}
RESULT: {"using":"xpath","value":"(//span[contains(text(), \"Additional Addresses\")])[2]"}
COMMAND: POST /session/0483d061f40becc12e3a8004d2d19577/element/f.21909E599E196C0494D8E3CC232C3551.d.939AD3E5A4FE5BBC2B38480F61D2BA06.e.13155/click - {}
RESULT: {}
COMMAND: GET /session/0483d061f40becc12e3a8004d2d19577/screenshot - {}
RESULT: {}
COMMAND: POST /session/0483d061f40becc12e3a8004d2d19577/element - {"using":"xpath","value":"//button[@data-kt=\"btnAddTableRowOverflowToolbarButton\"]"}
RESULT: {"using":"xpath","value":"//button[@data-kt=\"btnAddTableRowOverflowToolbarButton\"]"}
COMMAND: POST /session/0483d061f40becc12e3a8004d2d19577/element/f.21909E599E196C0494D8E3CC232C3551.d.939AD3E5A4FE5BBC2B38480F61D2BA06.e.13157/click - {}
RESULT: {}
COMMAND: GET /session/0483d061f40becc12e3a8004d2d19577/screenshot - {}
RESULT: {}
COMMAND: POST /session/0483d061f40becc12e3a8004d2d19577/element - {"using":"xpath","value":"//div[(text() = 'Standard Entry' or . = 'Standard Entry')]"}
RESULT: {"using":"xpath","value":"//div[(text() = 'Standard Entry' or . = 'Standard Entry')]"}
COMMAND: POST /session/0483d061f40becc12e3a8004d2d19577/element/f.21909E599E196C0494D8E3CC232C3551.d.939AD3E5A4FE5BBC2B38480F61D2BA06.e.13159/click - {}
RESULT: {}
COMMAND: GET /session/0483d061f40becc12e3a8004d2d19577/screenshot - {}
RESULT: {}
COMMAND: POST /session/0483d061f40becc12e3a8004d2d19577/element - {"using":"xpath","value":"//td[7]/div/div/input"}
RESULT: {"using":"xpath","value":"//td[7]/div/div/input"}
COMMAND: POST /session/0483d061f40becc12e3a8004d2d19577/element/f.21909E599E196C0494D8E3CC232C3551.d.939AD3E5A4FE5BBC2B38480F61D2BA06.e.13168/clear - {}
RESULT: {}
COMMAND: POST /session/0483d061f40becc12e3a8004d2d19577/element/f.21909E599E196C0494D8E3CC232C3551.d.939AD3E5A4FE5BBC2B38480F61D2BA06.e.13168/value - {"text":"MpRlojkt5z"}
COMMAND: GET /session/0483d061f40becc12e3a8004d2d19577/screenshot - {}
RESULT: {"text":"MpRlojkt5z"}
COMMAND: GET /session/0483d061f40becc12e3a8004d2d19577/screenshot - {}
RESULT: {}
RESULT: {}
COMMAND: POST /session/0483d061f40becc12e3a8004d2d19577/actions - {"actions":[{"id":"action40","type":"key","parameters":{},"actions":[{"type":"keyDown","value":""},{"type":"pause","duration":10},{"type":"keyUp","value":""}]}]}
RESULT: {"actions":[{"id":"action40","type":"key","parameters":{},"actions":[{"type":"keyDown","value":""},{"type":"pause","duration":10},{"type":"keyUp","value":""}]}]}
COMMAND: GET /session/0483d061f40becc12e3a8004d2d19577/screenshot - {}
RESULT: {}
COMMAND: POST /session/0483d061f40becc12e3a8004d2d19577/execute/sync - {"script":"<script> [276 bytes]","args":["No pricing information was found"]}
RESULT: {"script":"<script> [276 bytes]","args":["No pricing information was found"]}
COMMAND: POST /session/0483d061f40becc12e3a8004d2d19577/element - {"using":"xpath","value":"(//button[@data-kt=\"saveButton\"])[2]"}
COMMAND: GET /session/0483d061f40becc12e3a8004d2d19577/screenshot - {}
RESULT: {"using":"xpath","value":"(//button[@data-kt=\"saveButton\"])[2]"}
COMMAND: POST /session/0483d061f40becc12e3a8004d2d19577/element/f.21909E599E196C0494D8E3CC232C3551.d.939AD3E5A4FE5BBC2B38480F61D2BA06.e.13183/click - {}
RESULT: {}
RESULT: {}
COMMAND: GET /session/0483d061f40becc12e3a8004d2d19577/screenshot - {}
RESULT: {}
COMMAND: POST /session/0483d061f40becc12e3a8004d2d19577/execute/sync - {"script":"<script> [276 bytes]","args":["Some contract items are having rental validity exceeding header rental validity"]}
RESULT: {"script":"<script> [276 bytes]","args":["Some contract items are having rental validity exceeding header rental validity"]}
COMMAND: GET /session/0483d061f40becc12e3a8004d2d19577/screenshot - {}
RESULT: {}
COMMAND: POST /session/0483d061f40becc12e3a8004d2d19577/element - {"using":"xpath","value":"//span[contains(@id ,\"contractItemsSmartTable-header-inner\")]"}
RESULT: {"using":"xpath","value":"//span[contains(@id ,\"contractItemsSmartTable-header-inner\")]"}
COMMAND: POST /session/0483d061f40becc12e3a8004d2d19577/elements - {"using":"xpath","value":"//span[contains(@id ,\"contractItemsSmartTable-header-inner\")]"}
RESULT: {"using":"xpath","value":"//span[contains(@id ,\"contractItemsSmartTable-header-inner\")]"}
COMMAND: POST /session/0483d061f40becc12e3a8004d2d19577/execute/sync - {"script":"<script> [56 bytes]","args":[{"element-6066-11e4-a52e-4f735466cecf":"f.21909E599E196C0494D8E3CC232C3551.d.939AD3E5A4FE5BBC2B38480F61D2BA06.e.13189","ELEMENT":"f.21909E599E196C0494D8E3CC232C3551.d.939AD3E5A4FE5BBC2B38480F61D2BA06.e.13189"}]}
RESULT: {"script":"<script> [56 bytes]","args":[{"element-6066-11e4-a52e-4f735466cecf":"f.21909E599E196C0494D8E3CC232C3551.d.939AD3E5A4FE5BBC2B38480F61D2BA06.e.13189","ELEMENT":"f.21909E599E196C0494D8E3CC232C3551.d.939AD3E5A4FE5BBC2B38480F61D2BA06.e.13189"}]}
]]></system-out>
    </testcase>
    <testcase classname="chrome.136_0_7103_93.windows.Billing_Transfer_-_Intracompany_US127249" name="Should do a provide to site handover" time="61.548">
      <system-out><![CDATA[
COMMAND: POST /session/0483d061f40becc12e3a8004d2d19577/element - {"using":"xpath","value":"//button[@data-kt=\"provideButton\"]"}
COMMAND: GET /session/0483d061f40becc12e3a8004d2d19577/screenshot - {}
RESULT: {"using":"xpath","value":"//button[@data-kt=\"provideButton\"]"}
COMMAND: POST /session/0483d061f40becc12e3a8004d2d19577/element/f.21909E599E196C0494D8E3CC232C3551.d.939AD3E5A4FE5BBC2B38480F61D2BA06.e.13190/click - {}
RESULT: {}
RESULT: {}
COMMAND: GET /session/0483d061f40becc12e3a8004d2d19577/screenshot - {}
RESULT: {}
RESULT: undefined
COMMAND: POST /session/0483d061f40becc12e3a8004d2d19577/execute/async - {"script":"<script> [6424 bytes]","args":[{"element-6066-11e4-a52e-4f735466cecf":"f.21909E599E196C0494D8E3CC232C3551.d.939AD3E5A4FE5BBC2B38480F61D2BA06.e.12165"},"setValue",["5/29/25"]]}
COMMAND: POST /session/0483d061f40becc12e3a8004d2d19577/execute/async - {"script":"<script> [1562 bytes]","args":[{"selector":{"id":"application-managehandovers-display-component---AddNewHO--dueDate","interaction":{"idSuffix":"inner"}},"wdio_ui5_key":"applicationmanagehandovers-display-component---AddNewHO--dueDate"}]}
RESULT: {"script":"<script> [1562 bytes]","args":[{"selector":{"id":"application-managehandovers-display-component---AddNewHO--dueDate","interaction":{"idSuffix":"inner"}},"wdio_ui5_key":"applicationmanagehandovers-display-component---AddNewHO--dueDate"}]}
COMMAND: POST /session/0483d061f40becc12e3a8004d2d19577/execute/async - {"script":"<script> [6424 bytes]","args":[{"element-6066-11e4-a52e-4f735466cecf":"f.21909E599E196C0494D8E3CC232C3551.d.939AD3E5A4FE5BBC2B38480F61D2BA06.e.13266"},"setValue",["5/29/25"]]}
RESULT: {"script":"<script> [6424 bytes]","args":[{"element-6066-11e4-a52e-4f735466cecf":"f.21909E599E196C0494D8E3CC232C3551.d.939AD3E5A4FE5BBC2B38480F61D2BA06.e.13266"},"setValue",["5/29/25"]]}
COMMAND: POST /session/0483d061f40becc12e3a8004d2d19577/element - {"using":"xpath","value":"//bdi[contains(text(), \"Instructions\")]"}
RESULT: {"using":"xpath","value":"//bdi[contains(text(), \"Instructions\")]"}
COMMAND: POST /session/0483d061f40becc12e3a8004d2d19577/element/f.21909E599E196C0494D8E3CC232C3551.d.939AD3E5A4FE5BBC2B38480F61D2BA06.e.13500/click - {}
RESULT: {}
COMMAND: GET /session/0483d061f40becc12e3a8004d2d19577/screenshot - {}
RESULT: {}
COMMAND: POST /session/0483d061f40becc12e3a8004d2d19577/element - {"using":"xpath","value":"//button[@data-kt=\"AddNewHOProvideAddItemsButton\"]"}
RESULT: {"using":"xpath","value":"//button[@data-kt=\"AddNewHOProvideAddItemsButton\"]"}
COMMAND: POST /session/0483d061f40becc12e3a8004d2d19577/element/f.21909E599E196C0494D8E3CC232C3551.d.939AD3E5A4FE5BBC2B38480F61D2BA06.e.13504/click - {}
RESULT: {}
COMMAND: GET /session/0483d061f40becc12e3a8004d2d19577/screenshot - {}
RESULT: {}
RESULT: undefined
COMMAND: POST /session/0483d061f40becc12e3a8004d2d19577/element - {"using":"xpath","value":"//*[@id=\"application-managehandovers-display-component---AddNewHO--popup-sa\"]"}
RESULT: {"using":"xpath","value":"//*[@id=\"application-managehandovers-display-component---AddNewHO--popup-sa\"]"}
COMMAND: POST /session/0483d061f40becc12e3a8004d2d19577/element/f.21909E599E196C0494D8E3CC232C3551.d.939AD3E5A4FE5BBC2B38480F61D2BA06.e.13513/click - {}
RESULT: {}
COMMAND: GET /session/0483d061f40becc12e3a8004d2d19577/screenshot - {}
RESULT: {}
COMMAND: POST /session/0483d061f40becc12e3a8004d2d19577/element - {"using":"xpath","value":"//*[contains(@id ,\"BDI-content\")][contains(text(), \"Select\")]"}
RESULT: {"using":"xpath","value":"//*[contains(@id ,\"BDI-content\")][contains(text(), \"Select\")]"}
COMMAND: POST /session/0483d061f40becc12e3a8004d2d19577/element/f.21909E599E196C0494D8E3CC232C3551.d.939AD3E5A4FE5BBC2B38480F61D2BA06.e.13515/click - {}
RESULT: {}
COMMAND: GET /session/0483d061f40becc12e3a8004d2d19577/screenshot - {}
RESULT: {}
COMMAND: POST /session/0483d061f40becc12e3a8004d2d19577/execute/async - {"script":"<script> [1562 bytes]","args":[{"selector":{"id":"application-managehandovers-display-component---AddNewHO--confirmCreationButton","interaction":{"idSuffix":"BDI-content"}},"wdio_ui5_key":"applicationmanagehandovers-display-component---AddNewHO--confirmCreationButton"}]}
RESULT: {"script":"<script> [1562 bytes]","args":[{"selector":{"id":"application-managehandovers-display-component---AddNewHO--confirmCreationButton","interaction":{"idSuffix":"BDI-content"}},"wdio_ui5_key":"applicationmanagehandovers-display-component---AddNewHO--confirmCreationButton"}]}
RESULT: undefined
COMMAND: POST /session/0483d061f40becc12e3a8004d2d19577/element - {"using":"xpath","value":"//*[@id=\"application-managehandovers-display-component---AddNewHO--confirmCreationButton\"]"}
RESULT: {"using":"xpath","value":"//*[@id=\"application-managehandovers-display-component---AddNewHO--confirmCreationButton\"]"}
COMMAND: POST /session/0483d061f40becc12e3a8004d2d19577/element/f.21909E599E196C0494D8E3CC232C3551.d.939AD3E5A4FE5BBC2B38480F61D2BA06.e.13313/click - {}
RESULT: {}
COMMAND: GET /session/0483d061f40becc12e3a8004d2d19577/screenshot - {}
RESULT: {}
COMMAND: POST /session/0483d061f40becc12e3a8004d2d19577/execute/async - {"script":"<script> [1562 bytes]","args":[{"selector":{"id":"issueDatePicker","viewName":"etm.portal.ui.managehandovers.view.DetailExecuteHO","interaction":{"idSuffix":"inner"}},"wdio_ui5_key":"issueDatePickeretmportal.ui.managehandovers.view.DetailExecuteHO"}]}
RESULT: {"script":"<script> [1562 bytes]","args":[{"selector":{"id":"issueDatePicker","viewName":"etm.portal.ui.managehandovers.view.DetailExecuteHO","interaction":{"idSuffix":"inner"}},"wdio_ui5_key":"issueDatePickeretmportal.ui.managehandovers.view.DetailExecuteHO"}]}
RESULT: undefined
COMMAND: POST /session/0483d061f40becc12e3a8004d2d19577/execute/async - {"script":"<script> [776 bytes]","args":[{"enterText":"5/29/25","selector":{"id":"issueDatePicker","viewName":"etm.portal.ui.managehandovers.view.DetailExecuteHO","interaction":{"idSuffix":"inner"}},"clearTextFirst":true,"interactionType":"ENTER_TEXT"}]}
RESULT: {"script":"<script> [776 bytes]","args":[{"enterText":"5/29/25","selector":{"id":"issueDatePicker","viewName":"etm.portal.ui.managehandovers.view.DetailExecuteHO","interaction":{"idSuffix":"inner"}},"clearTextFirst":true,"interactionType":"ENTER_TEXT"}]}
COMMAND: POST /session/0483d061f40becc12e3a8004d2d19577/element - {"using":"xpath","value":"//button[@data-kt=\"PickingTableConfirmAllButton\"]"}
RESULT: {"using":"xpath","value":"//button[@data-kt=\"PickingTableConfirmAllButton\"]"}
COMMAND: POST /session/0483d061f40becc12e3a8004d2d19577/element/f.21909E599E196C0494D8E3CC232C3551.d.939AD3E5A4FE5BBC2B38480F61D2BA06.e.13575/click - {}
RESULT: {}
COMMAND: GET /session/0483d061f40becc12e3a8004d2d19577/screenshot - {}
RESULT: {}
COMMAND: POST /session/0483d061f40becc12e3a8004d2d19577/element - {"using":"xpath","value":"//bdi[contains(text(), \"OK\")]"}
RESULT: {"using":"xpath","value":"//bdi[contains(text(), \"OK\")]"}
COMMAND: POST /session/0483d061f40becc12e3a8004d2d19577/element/f.21909E599E196C0494D8E3CC232C3551.d.939AD3E5A4FE5BBC2B38480F61D2BA06.e.13578/click - {}
RESULT: {}
COMMAND: GET /session/0483d061f40becc12e3a8004d2d19577/screenshot - {}
RESULT: {}
COMMAND: POST /session/0483d061f40becc12e3a8004d2d19577/element - {"using":"xpath","value":"//bdi[contains(text(), \"Issue\")]"}
RESULT: {"using":"xpath","value":"//bdi[contains(text(), \"Issue\")]"}
COMMAND: POST /session/0483d061f40becc12e3a8004d2d19577/element/f.21909E599E196C0494D8E3CC232C3551.d.939AD3E5A4FE5BBC2B38480F61D2BA06.e.13580/click - {}
RESULT: {}
COMMAND: GET /session/0483d061f40becc12e3a8004d2d19577/screenshot - {}
RESULT: {}
COMMAND: POST /session/0483d061f40becc12e3a8004d2d19577/element - {"using":"css selector","value":"#shell-header-logo"}
RESULT: {"using":"css selector","value":"#shell-header-logo"}
COMMAND: POST /session/0483d061f40becc12e3a8004d2d19577/element/f.21909E599E196C0494D8E3CC232C3551.d.939AD3E5A4FE5BBC2B38480F61D2BA06.e.12576/click - {}
RESULT: {}
COMMAND: GET /session/0483d061f40becc12e3a8004d2d19577/screenshot - {}
RESULT: {}
]]></system-out>
    </testcase>
    <testcase classname="chrome.136_0_7103_93.windows.Billing_Transfer_-_Intracompany_US127249" name="Should go navigate to Manage Billings and trigger contract calculation check result" time="69.762">
      <system-out><![CDATA[
COMMAND: POST /session/0483d061f40becc12e3a8004d2d19577/execute/async - {"script":"<script> [1562 bytes]","args":[{"selector":{"controlType":"sap.m.GenericTile","properties":{"header":"Manage Billings"}},"wdio_ui5_key":"sapm.GenericTile{\"header\":\"Manage Billings\"}"}]}
RESULT: {"script":"<script> [1562 bytes]","args":[{"selector":{"controlType":"sap.m.GenericTile","properties":{"header":"Manage Billings"}},"wdio_ui5_key":"sapm.GenericTile{\"header\":\"Manage Billings\"}"}]}
RESULT: undefined
COMMAND: POST /session/0483d061f40becc12e3a8004d2d19577/element - {"using":"xpath","value":"//*[@id=\"__tile51\"]"}
RESULT: {"using":"xpath","value":"//*[@id=\"__tile51\"]"}
COMMAND: POST /session/0483d061f40becc12e3a8004d2d19577/element/f.21909E599E196C0494D8E3CC232C3551.d.939AD3E5A4FE5BBC2B38480F61D2BA06.e.8400/click - {}
RESULT: {}
COMMAND: GET /session/0483d061f40becc12e3a8004d2d19577/screenshot - {}
RESULT: {}
COMMAND: POST /session/0483d061f40becc12e3a8004d2d19577/elements - {"using":"xpath","value":"//span[text()='Error']"}
RESULT: {"using":"xpath","value":"//span[text()='Error']"}
COMMAND: POST /session/0483d061f40becc12e3a8004d2d19577/execute/async - {"script":"<script> [1562 bytes]","args":[{"selector":{"id":"application-managebillings-display-component---billRunCalcResult--smartFilterBar-btnBasicSearch","interaction":{"idSuffix":"I"}},"wdio_ui5_key":"applicationmanagebillings-display-component---billRunCalcResult--smartFilterBar-btnBasicSearch"}]}
RESULT: {"script":"<script> [1562 bytes]","args":[{"selector":{"id":"application-managebillings-display-component---billRunCalcResult--smartFilterBar-btnBasicSearch","interaction":{"idSuffix":"I"}},"wdio_ui5_key":"applicationmanagebillings-display-component---billRunCalcResult--smartFilterBar-btnBasicSearch"}]}
RESULT: undefined
COMMAND: POST /session/0483d061f40becc12e3a8004d2d19577/execute/async - {"script":"<script> [776 bytes]","args":[{"enterText":"10384","selector":{"id":"application-managebillings-display-component---billRunCalcResult--smartFilterBar-btnBasicSearch","interaction":{"idSuffix":"I"}},"clearTextFirst":true,"interactionType":"ENTER_TEXT"}]}
RESULT: {"script":"<script> [776 bytes]","args":[{"enterText":"10384","selector":{"id":"application-managebillings-display-component---billRunCalcResult--smartFilterBar-btnBasicSearch","interaction":{"idSuffix":"I"}},"clearTextFirst":true,"interactionType":"ENTER_TEXT"}]}
COMMAND: POST /session/0483d061f40becc12e3a8004d2d19577/actions - {"actions":[{"id":"action41","type":"key","parameters":{},"actions":[{"type":"keyDown","value":""},{"type":"pause","duration":10},{"type":"keyUp","value":""}]}]}
RESULT: {"actions":[{"id":"action41","type":"key","parameters":{},"actions":[{"type":"keyDown","value":""},{"type":"pause","duration":10},{"type":"keyUp","value":""}]}]}
COMMAND: GET /session/0483d061f40becc12e3a8004d2d19577/screenshot - {}
RESULT: {}
COMMAND: POST /session/0483d061f40becc12e3a8004d2d19577/element - {"using":"xpath","value":"//td[@aria-colindex=\"1\"]/div/div[contains(@class, \"sapMCbBg\")]"}
RESULT: {"using":"xpath","value":"//td[@aria-colindex=\"1\"]/div/div[contains(@class, \"sapMCbBg\")]"}
COMMAND: POST /session/0483d061f40becc12e3a8004d2d19577/element/f.21909E599E196C0494D8E3CC232C3551.d.939AD3E5A4FE5BBC2B38480F61D2BA06.e.14067/click - {}
RESULT: {}
COMMAND: GET /session/0483d061f40becc12e3a8004d2d19577/screenshot - {}
RESULT: {}
COMMAND: POST /session/0483d061f40becc12e3a8004d2d19577/execute/async - {"script":"<script> [1562 bytes]","args":[{"selector":{"id":"application-managebillings-display-component---billRunCalcResult--contractBillRunDate","interaction":{"idSuffix":"inner"}},"wdio_ui5_key":"applicationmanagebillings-display-component---billRunCalcResult--contractBillRunDate"}]}
RESULT: {"script":"<script> [1562 bytes]","args":[{"selector":{"id":"application-managebillings-display-component---billRunCalcResult--contractBillRunDate","interaction":{"idSuffix":"inner"}},"wdio_ui5_key":"applicationmanagebillings-display-component---billRunCalcResult--contractBillRunDate"}]}
RESULT: undefined
COMMAND: POST /session/0483d061f40becc12e3a8004d2d19577/execute/async - {"script":"<script> [776 bytes]","args":[{"enterText":"5/29/25","selector":{"id":"application-managebillings-display-component---billRunCalcResult--contractBillRunDate","interaction":{"idSuffix":"inner"}},"clearTextFirst":true,"interactionType":"ENTER_TEXT"}]}
RESULT: {"script":"<script> [776 bytes]","args":[{"enterText":"5/29/25","selector":{"id":"application-managebillings-display-component---billRunCalcResult--contractBillRunDate","interaction":{"idSuffix":"inner"}},"clearTextFirst":true,"interactionType":"ENTER_TEXT"}]}
COMMAND: POST /session/0483d061f40becc12e3a8004d2d19577/element - {"using":"xpath","value":"//bdi[contains(text(), \"Trigger Calculation\")]"}
RESULT: {"using":"xpath","value":"//bdi[contains(text(), \"Trigger Calculation\")]"}
COMMAND: POST /session/0483d061f40becc12e3a8004d2d19577/element/f.21909E599E196C0494D8E3CC232C3551.d.939AD3E5A4FE5BBC2B38480F61D2BA06.e.14118/click - {}
RESULT: {}
COMMAND: GET /session/0483d061f40becc12e3a8004d2d19577/screenshot - {}
RESULT: {}
COMMAND: POST /session/0483d061f40becc12e3a8004d2d19577/element - {"using":"xpath","value":"(//span[contains(@id, \"imgNav\")])[1]"}
RESULT: {"using":"xpath","value":"(//span[contains(@id, \"imgNav\")])[1]"}
COMMAND: POST /session/0483d061f40becc12e3a8004d2d19577/element/f.21909E599E196C0494D8E3CC232C3551.d.939AD3E5A4FE5BBC2B38480F61D2BA06.e.14068/click - {}
RESULT: {}
COMMAND: GET /session/0483d061f40becc12e3a8004d2d19577/screenshot - {}
RESULT: {}
COMMAND: POST /session/0483d061f40becc12e3a8004d2d19577/element - {"using":"xpath","value":"//tr/td[6]/div[1]/span[1]/span[1]"}
RESULT: {"using":"xpath","value":"//tr/td[6]/div[1]/span[1]/span[1]"}
COMMAND: GET /session/0483d061f40becc12e3a8004d2d19577/element/f.21909E599E196C0494D8E3CC232C3551.d.939AD3E5A4FE5BBC2B38480F61D2BA06.e.14123/text - {}
RESULT: {}
COMMAND: POST /session/0483d061f40becc12e3a8004d2d19577/element - {"using":"xpath","value":"(//span[contains(@id, \"imgNav\")])[2]"}
RESULT: {"using":"xpath","value":"(//span[contains(@id, \"imgNav\")])[2]"}
COMMAND: POST /session/0483d061f40becc12e3a8004d2d19577/element/f.21909E599E196C0494D8E3CC232C3551.d.939AD3E5A4FE5BBC2B38480F61D2BA06.e.14124/click - {}
RESULT: {}
COMMAND: POST /session/0483d061f40becc12e3a8004d2d19577/element - {"using":"xpath","value":"//bdi[contains(text(), \"Business Confirm\")]"}
COMMAND: GET /session/0483d061f40becc12e3a8004d2d19577/screenshot - {}
RESULT: {}
RESULT: {"using":"xpath","value":"//bdi[contains(text(), \"Business Confirm\")]"}
COMMAND: POST /session/0483d061f40becc12e3a8004d2d19577/element/f.21909E599E196C0494D8E3CC232C3551.d.939AD3E5A4FE5BBC2B38480F61D2BA06.e.14198/click - {}
RESULT: {}
COMMAND: POST /session/0483d061f40becc12e3a8004d2d19577/element - {"using":"css selector","value":"#shell-header-logo"}
COMMAND: GET /session/0483d061f40becc12e3a8004d2d19577/screenshot - {}
RESULT: {"using":"css selector","value":"#shell-header-logo"}
COMMAND: POST /session/0483d061f40becc12e3a8004d2d19577/element/f.21909E599E196C0494D8E3CC232C3551.d.939AD3E5A4FE5BBC2B38480F61D2BA06.e.13759/click - {}
RESULT: {}
RESULT: {}
COMMAND: GET /session/0483d061f40becc12e3a8004d2d19577/screenshot - {}
RESULT: {}
]]></system-out>
    </testcase>
    <testcase classname="chrome.136_0_7103_93.windows.Billing_Transfer_-_Intracompany_US127249" name="Should navigate to billing transfer and invoice the contract" time="80.446">
      <system-out><![CDATA[
COMMAND: POST /session/0483d061f40becc12e3a8004d2d19577/execute/async - {"script":"<script> [1562 bytes]","args":[{"selector":{"controlType":"sap.m.GenericTile","properties":{"header":"Billing Transfer"}},"wdio_ui5_key":"sapm.GenericTile{\"header\":\"Billing Transfer\"}"}]}
RESULT: {"script":"<script> [1562 bytes]","args":[{"selector":{"controlType":"sap.m.GenericTile","properties":{"header":"Billing Transfer"}},"wdio_ui5_key":"sapm.GenericTile{\"header\":\"Billing Transfer\"}"}]}
RESULT: undefined
COMMAND: POST /session/0483d061f40becc12e3a8004d2d19577/element - {"using":"xpath","value":"//*[@id=\"__tile50\"]"}
RESULT: {"using":"xpath","value":"//*[@id=\"__tile50\"]"}
COMMAND: POST /session/0483d061f40becc12e3a8004d2d19577/element/f.21909E599E196C0494D8E3CC232C3551.d.939AD3E5A4FE5BBC2B38480F61D2BA06.e.8459/click - {}
RESULT: {}
COMMAND: GET /session/0483d061f40becc12e3a8004d2d19577/screenshot - {}
COMMAND: POST /session/0483d061f40becc12e3a8004d2d19577/elements - {"using":"xpath","value":"//span[text()='Error']"}
RESULT: {}
RESULT: {"using":"xpath","value":"//span[text()='Error']"}
COMMAND: POST /session/0483d061f40becc12e3a8004d2d19577/element - {"using":"xpath","value":"//input[contains(@id ,\"application-billingtransfer-display-component---billingWorkbench--smartFilterBar-btnBasicSearch\")]"}
RESULT: {"using":"xpath","value":"//input[contains(@id ,\"application-billingtransfer-display-component---billingWorkbench--smartFilterBar-btnBasicSearch\")]"}
COMMAND: POST /session/0483d061f40becc12e3a8004d2d19577/elements - {"using":"xpath","value":"//input[contains(@id ,\"application-billingtransfer-display-component---billingWorkbench--smartFilterBar-btnBasicSearch\")]"}
RESULT: {"using":"xpath","value":"//input[contains(@id ,\"application-billingtransfer-display-component---billingWorkbench--smartFilterBar-btnBasicSearch\")]"}
COMMAND: POST /session/0483d061f40becc12e3a8004d2d19577/execute/sync - {"script":"<script> [8489 bytes]","args":[{"element-6066-11e4-a52e-4f735466cecf":"f.21909E599E196C0494D8E3CC232C3551.d.939AD3E5A4FE5BBC2B38480F61D2BA06.e.14206","ELEMENT":"f.21909E599E196C0494D8E3CC232C3551.d.939AD3E5A4FE5BBC2B38480F61D2BA06.e.14206"}]}
RESULT: {"script":"<script> [8489 bytes]","args":[{"element-6066-11e4-a52e-4f735466cecf":"f.21909E599E196C0494D8E3CC232C3551.d.939AD3E5A4FE5BBC2B38480F61D2BA06.e.14206","ELEMENT":"f.21909E599E196C0494D8E3CC232C3551.d.939AD3E5A4FE5BBC2B38480F61D2BA06.e.14206"}]}
COMMAND: GET /session/0483d061f40becc12e3a8004d2d19577/element/f.21909E599E196C0494D8E3CC232C3551.d.939AD3E5A4FE5BBC2B38480F61D2BA06.e.14206/enabled - {}
COMMAND: GET /session/0483d061f40becc12e3a8004d2d19577/screenshot - {}
RESULT: {}
COMMAND: POST /session/0483d061f40becc12e3a8004d2d19577/element/f.21909E599E196C0494D8E3CC232C3551.d.939AD3E5A4FE5BBC2B38480F61D2BA06.e.14206/click - {}
COMMAND: GET /session/0483d061f40becc12e3a8004d2d19577/screenshot - {}
RESULT: {}
RESULT: {}
COMMAND: GET /session/0483d061f40becc12e3a8004d2d19577/screenshot - {}
RESULT: {}
RESULT: {}
COMMAND: POST /session/0483d061f40becc12e3a8004d2d19577/element/f.21909E599E196C0494D8E3CC232C3551.d.939AD3E5A4FE5BBC2B38480F61D2BA06.e.14206/clear - {}
RESULT: {}
COMMAND: POST /session/0483d061f40becc12e3a8004d2d19577/element/f.21909E599E196C0494D8E3CC232C3551.d.939AD3E5A4FE5BBC2B38480F61D2BA06.e.14206/value - {"text":"10384"}
COMMAND: GET /session/0483d061f40becc12e3a8004d2d19577/screenshot - {}
RESULT: {"text":"10384"}
COMMAND: POST /session/0483d061f40becc12e3a8004d2d19577/actions - {"actions":[{"id":"action42","type":"key","parameters":{},"actions":[{"type":"keyDown","value":""},{"type":"pause","duration":10},{"type":"keyUp","value":""}]}]}
COMMAND: GET /session/0483d061f40becc12e3a8004d2d19577/screenshot - {}
RESULT: {}
RESULT: {"actions":[{"id":"action42","type":"key","parameters":{},"actions":[{"type":"keyDown","value":""},{"type":"pause","duration":10},{"type":"keyUp","value":""}]}]}
COMMAND: GET /session/0483d061f40becc12e3a8004d2d19577/screenshot - {}
RESULT: {}
RESULT: {}
COMMAND: POST /session/0483d061f40becc12e3a8004d2d19577/element - {"using":"xpath","value":"//span[contains(@id ,\"application-billingtransfer-display-component---billingWorkbench--smartTableBillingRuns-header-inner\")]"}
RESULT: {"using":"xpath","value":"//span[contains(@id ,\"application-billingtransfer-display-component---billingWorkbench--smartTableBillingRuns-header-inner\")]"}
COMMAND: POST /session/0483d061f40becc12e3a8004d2d19577/elements - {"using":"xpath","value":"//span[contains(@id ,\"application-billingtransfer-display-component---billingWorkbench--smartTableBillingRuns-header-inner\")]"}
RESULT: {"using":"xpath","value":"//span[contains(@id ,\"application-billingtransfer-display-component---billingWorkbench--smartTableBillingRuns-header-inner\")]"}
COMMAND: POST /session/0483d061f40becc12e3a8004d2d19577/execute/sync - {"script":"<script> [56 bytes]","args":[{"element-6066-11e4-a52e-4f735466cecf":"f.21909E599E196C0494D8E3CC232C3551.d.939AD3E5A4FE5BBC2B38480F61D2BA06.e.14533","ELEMENT":"f.21909E599E196C0494D8E3CC232C3551.d.939AD3E5A4FE5BBC2B38480F61D2BA06.e.14533"}]}
RESULT: {"script":"<script> [56 bytes]","args":[{"element-6066-11e4-a52e-4f735466cecf":"f.21909E599E196C0494D8E3CC232C3551.d.939AD3E5A4FE5BBC2B38480F61D2BA06.e.14533","ELEMENT":"f.21909E599E196C0494D8E3CC232C3551.d.939AD3E5A4FE5BBC2B38480F61D2BA06.e.14533"}]}
COMMAND: POST /session/0483d061f40becc12e3a8004d2d19577/element - {"using":"xpath","value":"//td[@aria-colindex=\"1\"]/div/div[contains(@class, \"sapMCbBg\")]"}
COMMAND: GET /session/0483d061f40becc12e3a8004d2d19577/screenshot - {}
RESULT: {"using":"xpath","value":"//td[@aria-colindex=\"1\"]/div/div[contains(@class, \"sapMCbBg\")]"}
COMMAND: POST /session/0483d061f40becc12e3a8004d2d19577/element/f.21909E599E196C0494D8E3CC232C3551.d.939AD3E5A4FE5BBC2B38480F61D2BA06.e.14526/click - {}
RESULT: {}
RESULT: {}
COMMAND: GET /session/0483d061f40becc12e3a8004d2d19577/screenshot - {}
RESULT: {}
COMMAND: POST /session/0483d061f40becc12e3a8004d2d19577/element - {"using":"xpath","value":"//bdi[contains(text(), \"Check\")]"}
RESULT: {"using":"xpath","value":"//bdi[contains(text(), \"Check\")]"}
COMMAND: POST /session/0483d061f40becc12e3a8004d2d19577/element/f.21909E599E196C0494D8E3CC232C3551.d.939AD3E5A4FE5BBC2B38480F61D2BA06.e.14534/click - {}
RESULT: {}
COMMAND: GET /session/0483d061f40becc12e3a8004d2d19577/screenshot - {}
RESULT: {}
COMMAND: POST /session/0483d061f40becc12e3a8004d2d19577/element - {"using":"xpath","value":"//bdi[contains(text(), \"OK\")]"}
RESULT: {"using":"xpath","value":"//bdi[contains(text(), \"OK\")]"}
COMMAND: POST /session/0483d061f40becc12e3a8004d2d19577/element/f.21909E599E196C0494D8E3CC232C3551.d.939AD3E5A4FE5BBC2B38480F61D2BA06.e.14537/click - {}
RESULT: {}
COMMAND: GET /session/0483d061f40becc12e3a8004d2d19577/screenshot - {}
RESULT: {}
COMMAND: POST /session/0483d061f40becc12e3a8004d2d19577/element - {"using":"xpath","value":"(//span[contains(text(), \"CO/SD checked\")]/parent::div/preceding-sibling::div/span)[1]"}
RESULT: {"using":"xpath","value":"(//span[contains(text(), \"CO/SD checked\")]/parent::div/preceding-sibling::div/span)[1]"}
COMMAND: POST /session/0483d061f40becc12e3a8004d2d19577/element/f.21909E599E196C0494D8E3CC232C3551.d.939AD3E5A4FE5BBC2B38480F61D2BA06.e.14547/click - {}
RESULT: {}
COMMAND: GET /session/0483d061f40becc12e3a8004d2d19577/screenshot - {}
RESULT: {}
COMMAND: POST /session/0483d061f40becc12e3a8004d2d19577/element - {"using":"xpath","value":"//input[contains(@id ,\"application-billingtransfer-display-component---billingWorkbench--smartFilterBar-btnBasicSearch\")]"}
RESULT: {"using":"xpath","value":"//input[contains(@id ,\"application-billingtransfer-display-component---billingWorkbench--smartFilterBar-btnBasicSearch\")]"}
COMMAND: POST /session/0483d061f40becc12e3a8004d2d19577/elements - {"using":"xpath","value":"//input[contains(@id ,\"application-billingtransfer-display-component---billingWorkbench--smartFilterBar-btnBasicSearch\")]"}
RESULT: {"using":"xpath","value":"//input[contains(@id ,\"application-billingtransfer-display-component---billingWorkbench--smartFilterBar-btnBasicSearch\")]"}
COMMAND: POST /session/0483d061f40becc12e3a8004d2d19577/execute/sync - {"script":"<script> [8489 bytes]","args":[{"element-6066-11e4-a52e-4f735466cecf":"f.21909E599E196C0494D8E3CC232C3551.d.939AD3E5A4FE5BBC2B38480F61D2BA06.e.14206","ELEMENT":"f.21909E599E196C0494D8E3CC232C3551.d.939AD3E5A4FE5BBC2B38480F61D2BA06.e.14206"}]}
RESULT: {"script":"<script> [8489 bytes]","args":[{"element-6066-11e4-a52e-4f735466cecf":"f.21909E599E196C0494D8E3CC232C3551.d.939AD3E5A4FE5BBC2B38480F61D2BA06.e.14206","ELEMENT":"f.21909E599E196C0494D8E3CC232C3551.d.939AD3E5A4FE5BBC2B38480F61D2BA06.e.14206"}]}
COMMAND: GET /session/0483d061f40becc12e3a8004d2d19577/element/f.21909E599E196C0494D8E3CC232C3551.d.939AD3E5A4FE5BBC2B38480F61D2BA06.e.14206/enabled - {}
COMMAND: GET /session/0483d061f40becc12e3a8004d2d19577/screenshot - {}
RESULT: {}
COMMAND: POST /session/0483d061f40becc12e3a8004d2d19577/element/f.21909E599E196C0494D8E3CC232C3551.d.939AD3E5A4FE5BBC2B38480F61D2BA06.e.14206/click - {}
COMMAND: GET /session/0483d061f40becc12e3a8004d2d19577/screenshot - {}
RESULT: {}
RESULT: {}
COMMAND: GET /session/0483d061f40becc12e3a8004d2d19577/screenshot - {}
RESULT: {}
RESULT: {}
COMMAND: POST /session/0483d061f40becc12e3a8004d2d19577/element/f.21909E599E196C0494D8E3CC232C3551.d.939AD3E5A4FE5BBC2B38480F61D2BA06.e.14206/clear - {}
RESULT: {}
COMMAND: POST /session/0483d061f40becc12e3a8004d2d19577/element/f.21909E599E196C0494D8E3CC232C3551.d.939AD3E5A4FE5BBC2B38480F61D2BA06.e.14206/value - {"text":"10384"}
COMMAND: GET /session/0483d061f40becc12e3a8004d2d19577/screenshot - {}
RESULT: {"text":"10384"}
COMMAND: POST /session/0483d061f40becc12e3a8004d2d19577/actions - {"actions":[{"id":"action43","type":"key","parameters":{},"actions":[{"type":"keyDown","value":""},{"type":"pause","duration":10},{"type":"keyUp","value":""}]}]}
COMMAND: GET /session/0483d061f40becc12e3a8004d2d19577/screenshot - {}
RESULT: {}
RESULT: {"actions":[{"id":"action43","type":"key","parameters":{},"actions":[{"type":"keyDown","value":""},{"type":"pause","duration":10},{"type":"keyUp","value":""}]}]}
COMMAND: GET /session/0483d061f40becc12e3a8004d2d19577/screenshot - {}
RESULT: {}
RESULT: {}
COMMAND: POST /session/0483d061f40becc12e3a8004d2d19577/element - {"using":"xpath","value":"//span[contains(@id ,\"application-billingtransfer-display-component---billingWorkbench--smartTableBillingRuns-header-inner\")]"}
RESULT: {"using":"xpath","value":"//span[contains(@id ,\"application-billingtransfer-display-component---billingWorkbench--smartTableBillingRuns-header-inner\")]"}
COMMAND: POST /session/0483d061f40becc12e3a8004d2d19577/elements - {"using":"xpath","value":"//span[contains(@id ,\"application-billingtransfer-display-component---billingWorkbench--smartTableBillingRuns-header-inner\")]"}
RESULT: {"using":"xpath","value":"//span[contains(@id ,\"application-billingtransfer-display-component---billingWorkbench--smartTableBillingRuns-header-inner\")]"}
COMMAND: POST /session/0483d061f40becc12e3a8004d2d19577/execute/sync - {"script":"<script> [56 bytes]","args":[{"element-6066-11e4-a52e-4f735466cecf":"f.21909E599E196C0494D8E3CC232C3551.d.939AD3E5A4FE5BBC2B38480F61D2BA06.e.14533","ELEMENT":"f.21909E599E196C0494D8E3CC232C3551.d.939AD3E5A4FE5BBC2B38480F61D2BA06.e.14533"}]}
RESULT: {"script":"<script> [56 bytes]","args":[{"element-6066-11e4-a52e-4f735466cecf":"f.21909E599E196C0494D8E3CC232C3551.d.939AD3E5A4FE5BBC2B38480F61D2BA06.e.14533","ELEMENT":"f.21909E599E196C0494D8E3CC232C3551.d.939AD3E5A4FE5BBC2B38480F61D2BA06.e.14533"}]}
COMMAND: POST /session/0483d061f40becc12e3a8004d2d19577/element - {"using":"xpath","value":"//td[@aria-colindex=\"1\"]/div/div[contains(@class, \"sapMCbBg\")]"}
COMMAND: GET /session/0483d061f40becc12e3a8004d2d19577/screenshot - {}
RESULT: {"using":"xpath","value":"//td[@aria-colindex=\"1\"]/div/div[contains(@class, \"sapMCbBg\")]"}
COMMAND: POST /session/0483d061f40becc12e3a8004d2d19577/element/f.21909E599E196C0494D8E3CC232C3551.d.939AD3E5A4FE5BBC2B38480F61D2BA06.e.14551/click - {}
RESULT: {}
RESULT: {}
COMMAND: GET /session/0483d061f40becc12e3a8004d2d19577/screenshot - {}
RESULT: {}
COMMAND: POST /session/0483d061f40becc12e3a8004d2d19577/element - {"using":"xpath","value":"//bdi[text()=\"Transfer\"]"}
RESULT: {"using":"xpath","value":"//bdi[text()=\"Transfer\"]"}
COMMAND: POST /session/0483d061f40becc12e3a8004d2d19577/element/f.21909E599E196C0494D8E3CC232C3551.d.939AD3E5A4FE5BBC2B38480F61D2BA06.e.14552/click - {}
RESULT: {}
COMMAND: GET /session/0483d061f40becc12e3a8004d2d19577/screenshot - {}
RESULT: {}
COMMAND: POST /session/0483d061f40becc12e3a8004d2d19577/element - {"using":"xpath","value":"//bdi[contains(text(), \"OK\")]"}
RESULT: {"using":"xpath","value":"//bdi[contains(text(), \"OK\")]"}
COMMAND: POST /session/0483d061f40becc12e3a8004d2d19577/element/f.21909E599E196C0494D8E3CC232C3551.d.939AD3E5A4FE5BBC2B38480F61D2BA06.e.14555/click - {}
RESULT: {}
COMMAND: GET /session/0483d061f40becc12e3a8004d2d19577/screenshot - {}
RESULT: {}
COMMAND: POST /session/0483d061f40becc12e3a8004d2d19577/element - {"using":"xpath","value":"(//span[contains(text(), \"Completed\")]/parent::div/preceding-sibling::div/span)[1]"}
RESULT: {"using":"xpath","value":"(//span[contains(text(), \"Completed\")]/parent::div/preceding-sibling::div/span)[1]"}
COMMAND: POST /session/0483d061f40becc12e3a8004d2d19577/element/f.21909E599E196C0494D8E3CC232C3551.d.939AD3E5A4FE5BBC2B38480F61D2BA06.e.14564/click - {}
RESULT: {}
COMMAND: POST /session/0483d061f40becc12e3a8004d2d19577/element - {"using":"xpath","value":"//input[contains(@id ,\"application-billingtransfer-display-component---billingWorkbench--smartFilterBar-btnBasicSearch\")]"}
COMMAND: GET /session/0483d061f40becc12e3a8004d2d19577/screenshot - {}
RESULT: {"using":"xpath","value":"//input[contains(@id ,\"application-billingtransfer-display-component---billingWorkbench--smartFilterBar-btnBasicSearch\")]"}
COMMAND: POST /session/0483d061f40becc12e3a8004d2d19577/elements - {"using":"xpath","value":"//input[contains(@id ,\"application-billingtransfer-display-component---billingWorkbench--smartFilterBar-btnBasicSearch\")]"}
RESULT: {}
RESULT: {"using":"xpath","value":"//input[contains(@id ,\"application-billingtransfer-display-component---billingWorkbench--smartFilterBar-btnBasicSearch\")]"}
COMMAND: POST /session/0483d061f40becc12e3a8004d2d19577/execute/sync - {"script":"<script> [8489 bytes]","args":[{"element-6066-11e4-a52e-4f735466cecf":"f.21909E599E196C0494D8E3CC232C3551.d.939AD3E5A4FE5BBC2B38480F61D2BA06.e.14206","ELEMENT":"f.21909E599E196C0494D8E3CC232C3551.d.939AD3E5A4FE5BBC2B38480F61D2BA06.e.14206"}]}
RESULT: {"script":"<script> [8489 bytes]","args":[{"element-6066-11e4-a52e-4f735466cecf":"f.21909E599E196C0494D8E3CC232C3551.d.939AD3E5A4FE5BBC2B38480F61D2BA06.e.14206","ELEMENT":"f.21909E599E196C0494D8E3CC232C3551.d.939AD3E5A4FE5BBC2B38480F61D2BA06.e.14206"}]}
COMMAND: GET /session/0483d061f40becc12e3a8004d2d19577/element/f.21909E599E196C0494D8E3CC232C3551.d.939AD3E5A4FE5BBC2B38480F61D2BA06.e.14206/enabled - {}
COMMAND: GET /session/0483d061f40becc12e3a8004d2d19577/screenshot - {}
RESULT: {}
COMMAND: POST /session/0483d061f40becc12e3a8004d2d19577/element/f.21909E599E196C0494D8E3CC232C3551.d.939AD3E5A4FE5BBC2B38480F61D2BA06.e.14206/click - {}
COMMAND: GET /session/0483d061f40becc12e3a8004d2d19577/screenshot - {}
RESULT: {}
RESULT: {}
COMMAND: GET /session/0483d061f40becc12e3a8004d2d19577/screenshot - {}
RESULT: {}
RESULT: {}
COMMAND: POST /session/0483d061f40becc12e3a8004d2d19577/element/f.21909E599E196C0494D8E3CC232C3551.d.939AD3E5A4FE5BBC2B38480F61D2BA06.e.14206/clear - {}
RESULT: {}
COMMAND: POST /session/0483d061f40becc12e3a8004d2d19577/element/f.21909E599E196C0494D8E3CC232C3551.d.939AD3E5A4FE5BBC2B38480F61D2BA06.e.14206/value - {"text":"10384"}
COMMAND: GET /session/0483d061f40becc12e3a8004d2d19577/screenshot - {}
RESULT: {"text":"10384"}
COMMAND: POST /session/0483d061f40becc12e3a8004d2d19577/actions - {"actions":[{"id":"action44","type":"key","parameters":{},"actions":[{"type":"keyDown","value":""},{"type":"pause","duration":10},{"type":"keyUp","value":""}]}]}
COMMAND: GET /session/0483d061f40becc12e3a8004d2d19577/screenshot - {}
RESULT: {}
RESULT: {"actions":[{"id":"action44","type":"key","parameters":{},"actions":[{"type":"keyDown","value":""},{"type":"pause","duration":10},{"type":"keyUp","value":""}]}]}
COMMAND: GET /session/0483d061f40becc12e3a8004d2d19577/screenshot - {}
RESULT: {}
RESULT: {}
COMMAND: POST /session/0483d061f40becc12e3a8004d2d19577/element - {"using":"xpath","value":"//span[contains(@id ,\"application-billingtransfer-display-component---billingWorkbench--smartTableBillingRuns-header-inner\")]"}
RESULT: {"using":"xpath","value":"//span[contains(@id ,\"application-billingtransfer-display-component---billingWorkbench--smartTableBillingRuns-header-inner\")]"}
COMMAND: POST /session/0483d061f40becc12e3a8004d2d19577/elements - {"using":"xpath","value":"//span[contains(@id ,\"application-billingtransfer-display-component---billingWorkbench--smartTableBillingRuns-header-inner\")]"}
RESULT: {"using":"xpath","value":"//span[contains(@id ,\"application-billingtransfer-display-component---billingWorkbench--smartTableBillingRuns-header-inner\")]"}
COMMAND: POST /session/0483d061f40becc12e3a8004d2d19577/execute/sync - {"script":"<script> [56 bytes]","args":[{"element-6066-11e4-a52e-4f735466cecf":"f.21909E599E196C0494D8E3CC232C3551.d.939AD3E5A4FE5BBC2B38480F61D2BA06.e.14533","ELEMENT":"f.21909E599E196C0494D8E3CC232C3551.d.939AD3E5A4FE5BBC2B38480F61D2BA06.e.14533"}]}
RESULT: {"script":"<script> [56 bytes]","args":[{"element-6066-11e4-a52e-4f735466cecf":"f.21909E599E196C0494D8E3CC232C3551.d.939AD3E5A4FE5BBC2B38480F61D2BA06.e.14533","ELEMENT":"f.21909E599E196C0494D8E3CC232C3551.d.939AD3E5A4FE5BBC2B38480F61D2BA06.e.14533"}]}
COMMAND: POST /session/0483d061f40becc12e3a8004d2d19577/element - {"using":"css selector","value":"#shell-header-logo"}
COMMAND: GET /session/0483d061f40becc12e3a8004d2d19577/screenshot - {}
RESULT: {"using":"css selector","value":"#shell-header-logo"}
COMMAND: POST /session/0483d061f40becc12e3a8004d2d19577/element/f.21909E599E196C0494D8E3CC232C3551.d.939AD3E5A4FE5BBC2B38480F61D2BA06.e.14204/click - {}
RESULT: {}
RESULT: {}
COMMAND: GET /session/0483d061f40becc12e3a8004d2d19577/screenshot - {}
RESULT: {}
COMMAND: POST /session/0483d061f40becc12e3a8004d2d19577/element - {"using":"css selector","value":"#j_username"}
COMMAND: POST /session/0483d061f40becc12e3a8004d2d19577/url - {"url":"https://qa-testing-00-live-etm-ui.cfapps.eu10-004.hana.ondemand.com/"}
RESULT: {"using":"css selector","value":"#j_username"}
COMMAND: POST /session/0483d061f40becc12e3a8004d2d19577/element - {"using":"css selector","value":"#j_username"}
RESULT: {"url":"https://qa-testing-00-live-etm-ui.cfapps.eu10-004.hana.ondemand.com/"}
RESULT: undefined
COMMAND: GET /session/0483d061f40becc12e3a8004d2d19577/screenshot - {}
RESULT: {"using":"css selector","value":"#j_username"}
COMMAND: POST /session/0483d061f40becc12e3a8004d2d19577/element - {"using":"css selector","value":"#shell-header-logo"}
RESULT: {}
RESULT: {"using":"css selector","value":"#shell-header-logo"}
COMMAND: POST /session/0483d061f40becc12e3a8004d2d19577/execute/sync - {"script":"<script> [8489 bytes]","args":[{"element-6066-11e4-a52e-4f735466cecf":"f.21909E599E196C0494D8E3CC232C3551.d.D1EDABA6B1C3C00E35CEF0C1B2983404.e.14579","ELEMENT":"f.21909E599E196C0494D8E3CC232C3551.d.D1EDABA6B1C3C00E35CEF0C1B2983404.e.14579"}]}
RESULT: {"script":"<script> [8489 bytes]","args":[{"element-6066-11e4-a52e-4f735466cecf":"f.21909E599E196C0494D8E3CC232C3551.d.D1EDABA6B1C3C00E35CEF0C1B2983404.e.14579","ELEMENT":"f.21909E599E196C0494D8E3CC232C3551.d.D1EDABA6B1C3C00E35CEF0C1B2983404.e.14579"}]}
COMMAND: POST /session/0483d061f40becc12e3a8004d2d19577/element - {"using":"css selector","value":"#shell-header-logo"}
COMMAND: GET /session/0483d061f40becc12e3a8004d2d19577/screenshot - {}
RESULT: {"using":"css selector","value":"#shell-header-logo"}
COMMAND: POST /session/0483d061f40becc12e3a8004d2d19577/execute/sync - {"script":"<script> [8489 bytes]","args":[{"element-6066-11e4-a52e-4f735466cecf":"f.21909E599E196C0494D8E3CC232C3551.d.D1EDABA6B1C3C00E35CEF0C1B2983404.e.14579","ELEMENT":"f.21909E599E196C0494D8E3CC232C3551.d.D1EDABA6B1C3C00E35CEF0C1B2983404.e.14579"}]}
RESULT: {}
RESULT: {"script":"<script> [8489 bytes]","args":[{"element-6066-11e4-a52e-4f735466cecf":"f.21909E599E196C0494D8E3CC232C3551.d.D1EDABA6B1C3C00E35CEF0C1B2983404.e.14579","ELEMENT":"f.21909E599E196C0494D8E3CC232C3551.d.D1EDABA6B1C3C00E35CEF0C1B2983404.e.14579"}]}
COMMAND: POST /session/0483d061f40becc12e3a8004d2d19577/execute/sync - {"script":"<script> [5351 bytes]","args":[{"element-6066-11e4-a52e-4f735466cecf":"f.21909E599E196C0494D8E3CC232C3551.d.D1EDABA6B1C3C00E35CEF0C1B2983404.e.14579","ELEMENT":"f.21909E599E196C0494D8E3CC232C3551.d.D1EDABA6B1C3C00E35CEF0C1B2983404.e.14579"}]}
COMMAND: GET /session/0483d061f40becc12e3a8004d2d19577/screenshot - {}
RESULT: {"script":"<script> [5351 bytes]","args":[{"element-6066-11e4-a52e-4f735466cecf":"f.21909E599E196C0494D8E3CC232C3551.d.D1EDABA6B1C3C00E35CEF0C1B2983404.e.14579","ELEMENT":"f.21909E599E196C0494D8E3CC232C3551.d.D1EDABA6B1C3C00E35CEF0C1B2983404.e.14579"}]}
COMMAND: POST /session/0483d061f40becc12e3a8004d2d19577/element - {"using":"css selector","value":"#shell-header-logo"}
COMMAND: GET /session/0483d061f40becc12e3a8004d2d19577/screenshot - {}
RESULT: {}
RESULT: {"using":"css selector","value":"#shell-header-logo"}
COMMAND: POST /session/0483d061f40becc12e3a8004d2d19577/element/f.21909E599E196C0494D8E3CC232C3551.d.D1EDABA6B1C3C00E35CEF0C1B2983404.e.14579/click - {}
RESULT: {}
RESULT: {}
COMMAND: GET /session/0483d061f40becc12e3a8004d2d19577/screenshot - {}
RESULT: {}
COMMAND: POST /session/0483d061f40becc12e3a8004d2d19577/execute/async - {"script":"<script> [189 bytes]","args":[]}
RESULT: {"script":"<script> [189 bytes]","args":[]}
COMMAND: POST /session/0483d061f40becc12e3a8004d2d19577/execute/async - {"script":"<script> [123 bytes]","args":[]}
RESULT: {"script":"<script> [123 bytes]","args":[]}
COMMAND: POST /session/0483d061f40becc12e3a8004d2d19577/timeouts - {"script":"<number>"}
RESULT: {"script":"<number>"}
COMMAND: GET /session/0483d061f40becc12e3a8004d2d19577/timeouts - {}
RESULT: {}
RESULT: undefined
COMMAND: POST /session/0483d061f40becc12e3a8004d2d19577/execute/async - {"script":"<script> [2676 bytes]","args":[]}
RESULT: {"script":"<script> [2676 bytes]","args":[]}
COMMAND: POST /session/0483d061f40becc12e3a8004d2d19577/execute/async - {"script":"<script> [2342 bytes]","args":[{"protocol":"http","hostname":"0.0.0.0","path":"/","capabilities":{"browserName":"chrome","goog:chromeOptions":{"binary":"C:\\Program Files\\Google\\Chrome\\Application\\chrome.exe","args":["--start-maximized"]}},"logLevel":"warn","connectionRetryTimeout":120000,"connectionRetryCount":3,"logLevels":{},"enableDirectConnect":true,"strictSSL":true,"_":"65 more keys: [\"cacheDir\",\"port\",\"requestedCapabilities\",\"automationProtocol\",\"baseUrl\",\"waitforInterval\",\"waitforTimeout\",\"onReload\",\"beforeCommand\",\"afterCommand\",\"rootDir\",\"specs\",\"suites\",\"exclude\",\"groupLogsByTestSpec\",\"excludeDriverLogs\",\"bail\",\"framework\",\"reporters\",\"services\",\"maxInstances\",\"maxInstancesPerCapability\",\"injectGlobals\",\"filesToWatch\",\"execArgv\",\"runnerEnv\",\"runner\",\"shard\",\"specFileRetries\",\"specFileRetriesDelay\",\"specFileRetriesDeferred\",\"reporterSyncInterval\",\"reporterSyncTimeout\",\"cucumberFeaturesWithLineNumbers\",\"autoCompileOpts\",\"mochaOpts\",\"jasmineOpts\",\"cucumberOpts\",\"onPrepare\",\"onWorkerStart\",\"onWorkerEnd\",\"before\",\"beforeSession\",\"beforeSuite\",\"beforeHook\",\"beforeTest\",\"afterTest\",\"afterHook\",\"afterSuite\",\"afterSession\",\"after\",\"onComplete\",\"beforeAssertion\",\"afterAssertion\",\"beforeFeature\",\"beforeScenario\",\"beforeStep\",\"afterStep\",\"afterScenario\",\"afterFeature\",\"_\",\"suite\",\"$0\",\"ignoredWorkerServices\",\"wdi5\"]"}]}
RESULT: {"script":"<script> [2342 bytes]","args":[{"protocol":"http","hostname":"0.0.0.0","path":"/","capabilities":{"browserName":"chrome","goog:chromeOptions":{"binary":"C:\\Program Files\\Google\\Chrome\\Application\\chrome.exe","args":["--start-maximized"]}},"logLevel":"warn","connectionRetryTimeout":120000,"connectionRetryCount":3,"logLevels":{},"enableDirectConnect":true,"strictSSL":true,"_":"65 more keys: [\"cacheDir\",\"port\",\"requestedCapabilities\",\"automationProtocol\",\"baseUrl\",\"waitforInterval\",\"waitforTimeout\",\"onReload\",\"beforeCommand\",\"afterCommand\",\"rootDir\",\"specs\",\"suites\",\"exclude\",\"groupLogsByTestSpec\",\"excludeDriverLogs\",\"bail\",\"framework\",\"reporters\",\"services\",\"maxInstances\",\"maxInstancesPerCapability\",\"injectGlobals\",\"filesToWatch\",\"execArgv\",\"runnerEnv\",\"runner\",\"shard\",\"specFileRetries\",\"specFileRetriesDelay\",\"specFileRetriesDeferred\",\"reporterSyncInterval\",\"reporterSyncTimeout\",\"cucumberFeaturesWithLineNumbers\",\"autoCompileOpts\",\"mochaOpts\",\"jasmineOpts\",\"cucumberOpts\",\"onPrepare\",\"onWorkerStart\",\"onWorkerEnd\",\"before\",\"beforeSession\",\"beforeSuite\",\"beforeHook\",\"beforeTest\",\"afterTest\",\"afterHook\",\"afterSuite\",\"afterSession\",\"after\",\"onComplete\",\"beforeAssertion\",\"afterAssertion\",\"beforeFeature\",\"beforeScenario\",\"beforeStep\",\"afterStep\",\"afterScenario\",\"afterFeature\",\"_\",\"suite\",\"$0\",\"ignoredWorkerServices\",\"wdi5\"]"}]}
COMMAND: POST /session/0483d061f40becc12e3a8004d2d19577/execute/async - {"script":"<script> [21126 bytes]","args":[35000]}
RESULT: {"script":"<script> [21126 bytes]","args":[35000]}
COMMAND: POST /session/0483d061f40becc12e3a8004d2d19577/window/maximize - {}
RESULT: {}
COMMAND: POST /session/0483d061f40becc12e3a8004d2d19577/execute/async - {"script":"<script> [1562 bytes]","args":[{"selector":{"id":"shell-header","interaction":{"idSuffix":"icon"}},"wdio_ui5_key":"shellheader"}]}
COMMAND: GET /session/0483d061f40becc12e3a8004d2d19577/screenshot - {}
RESULT: {"script":"<script> [1562 bytes]","args":[{"selector":{"id":"shell-header","interaction":{"idSuffix":"icon"}},"wdio_ui5_key":"shellheader"}]}
RESULT: undefined
COMMAND: POST /session/0483d061f40becc12e3a8004d2d19577/refresh - {}
RESULT: {}
RESULT: {}
COMMAND: GET /session/0483d061f40becc12e3a8004d2d19577/screenshot - {}
RESULT: {}
COMMAND: POST /session/0483d061f40becc12e3a8004d2d19577/refresh - {}
RESULT: {}
COMMAND: GET /session/0483d061f40becc12e3a8004d2d19577/screenshot - {}
RESULT: {}
COMMAND: POST /session/0483d061f40becc12e3a8004d2d19577/window/fullscreen - {}
RESULT: {}
COMMAND: POST /session/0483d061f40becc12e3a8004d2d19577/execute/async - {"script":"<script> [189 bytes]","args":[]}
RESULT: {"script":"<script> [189 bytes]","args":[]}
COMMAND: POST /session/0483d061f40becc12e3a8004d2d19577/execute/async - {"script":"<script> [123 bytes]","args":[]}
RESULT: {"script":"<script> [123 bytes]","args":[]}
COMMAND: POST /session/0483d061f40becc12e3a8004d2d19577/timeouts - {"script":"<number>"}
RESULT: {"script":"<number>"}
COMMAND: GET /session/0483d061f40becc12e3a8004d2d19577/timeouts - {}
RESULT: {}
RESULT: undefined
COMMAND: POST /session/0483d061f40becc12e3a8004d2d19577/execute/async - {"script":"<script> [2676 bytes]","args":[]}
RESULT: {"script":"<script> [2676 bytes]","args":[]}
COMMAND: POST /session/0483d061f40becc12e3a8004d2d19577/execute/async - {"script":"<script> [2342 bytes]","args":[{"protocol":"http","hostname":"0.0.0.0","path":"/","capabilities":{"browserName":"chrome","goog:chromeOptions":{"binary":"C:\\Program Files\\Google\\Chrome\\Application\\chrome.exe","args":["--start-maximized"]}},"logLevel":"warn","connectionRetryTimeout":120000,"connectionRetryCount":3,"logLevels":{},"enableDirectConnect":true,"strictSSL":true,"_":"65 more keys: [\"cacheDir\",\"port\",\"requestedCapabilities\",\"automationProtocol\",\"baseUrl\",\"waitforInterval\",\"waitforTimeout\",\"onReload\",\"beforeCommand\",\"afterCommand\",\"rootDir\",\"specs\",\"suites\",\"exclude\",\"groupLogsByTestSpec\",\"excludeDriverLogs\",\"bail\",\"framework\",\"reporters\",\"services\",\"maxInstances\",\"maxInstancesPerCapability\",\"injectGlobals\",\"filesToWatch\",\"execArgv\",\"runnerEnv\",\"runner\",\"shard\",\"specFileRetries\",\"specFileRetriesDelay\",\"specFileRetriesDeferred\",\"reporterSyncInterval\",\"reporterSyncTimeout\",\"cucumberFeaturesWithLineNumbers\",\"autoCompileOpts\",\"mochaOpts\",\"jasmineOpts\",\"cucumberOpts\",\"onPrepare\",\"onWorkerStart\",\"onWorkerEnd\",\"before\",\"beforeSession\",\"beforeSuite\",\"beforeHook\",\"beforeTest\",\"afterTest\",\"afterHook\",\"afterSuite\",\"afterSession\",\"after\",\"onComplete\",\"beforeAssertion\",\"afterAssertion\",\"beforeFeature\",\"beforeScenario\",\"beforeStep\",\"afterStep\",\"afterScenario\",\"afterFeature\",\"_\",\"suite\",\"$0\",\"ignoredWorkerServices\",\"wdi5\"]"}]}
RESULT: {"script":"<script> [2342 bytes]","args":[{"protocol":"http","hostname":"0.0.0.0","path":"/","capabilities":{"browserName":"chrome","goog:chromeOptions":{"binary":"C:\\Program Files\\Google\\Chrome\\Application\\chrome.exe","args":["--start-maximized"]}},"logLevel":"warn","connectionRetryTimeout":120000,"connectionRetryCount":3,"logLevels":{},"enableDirectConnect":true,"strictSSL":true,"_":"65 more keys: [\"cacheDir\",\"port\",\"requestedCapabilities\",\"automationProtocol\",\"baseUrl\",\"waitforInterval\",\"waitforTimeout\",\"onReload\",\"beforeCommand\",\"afterCommand\",\"rootDir\",\"specs\",\"suites\",\"exclude\",\"groupLogsByTestSpec\",\"excludeDriverLogs\",\"bail\",\"framework\",\"reporters\",\"services\",\"maxInstances\",\"maxInstancesPerCapability\",\"injectGlobals\",\"filesToWatch\",\"execArgv\",\"runnerEnv\",\"runner\",\"shard\",\"specFileRetries\",\"specFileRetriesDelay\",\"specFileRetriesDeferred\",\"reporterSyncInterval\",\"reporterSyncTimeout\",\"cucumberFeaturesWithLineNumbers\",\"autoCompileOpts\",\"mochaOpts\",\"jasmineOpts\",\"cucumberOpts\",\"onPrepare\",\"onWorkerStart\",\"onWorkerEnd\",\"before\",\"beforeSession\",\"beforeSuite\",\"beforeHook\",\"beforeTest\",\"afterTest\",\"afterHook\",\"afterSuite\",\"afterSession\",\"after\",\"onComplete\",\"beforeAssertion\",\"afterAssertion\",\"beforeFeature\",\"beforeScenario\",\"beforeStep\",\"afterStep\",\"afterScenario\",\"afterFeature\",\"_\",\"suite\",\"$0\",\"ignoredWorkerServices\",\"wdi5\"]"}]}
COMMAND: POST /session/0483d061f40becc12e3a8004d2d19577/execute/async - {"script":"<script> [21126 bytes]","args":[35000]}
RESULT: {"script":"<script> [21126 bytes]","args":[35000]}
]]></system-out>
    </testcase>
  </testsuite>
  <testsuite timestamp="2025-05-29T17:58:27" time="723.325" tests="12" failures="0" errors="0" skipped="0">
    <properties>
      <property name="specId" value="0"/>
      <property name="suiteName" value="Billing transfer US117289"/>
      <property name="capabilities" value="chrome.136_0_7103_93.windows"/>
      <property name="file" value="file:///D:/a/1/s/test/specs/BTS/billing-transfer.spec.js"/>
    </properties>
    <testcase classname="chrome.136_0_7103_93.windows.Billing_transfer_US117289" name="Should create a new yard" time="0.023">
      <system-out><![CDATA[
COMMAND: POST /session/0483d061f40becc12e3a8004d2d19577/window/fullscreen - {}
RESULT: {}
]]></system-out>
    </testcase>
    <testcase classname="chrome.136_0_7103_93.windows.Billing_transfer_US117289" name="Should create a new partner" time="0.004"/>
    <testcase classname="chrome.136_0_7103_93.windows.Billing_transfer_US117289" name="Should create a new site" time="0.004"/>
    <testcase classname="chrome.136_0_7103_93.windows.Billing_transfer_US117289" name="Should create a new equipment" time="137.874">
      <system-out><![CDATA[
COMMAND: POST /session/0483d061f40becc12e3a8004d2d19577/execute/async - {"script":"<script> [1562 bytes]","args":[{"selector":{"controlType":"sap.m.GenericTile","properties":{"header":"Manage Resources"}},"wdio_ui5_key":"sapm.GenericTile{\"header\":\"Manage Resources\"}"}]}
RESULT: {"script":"<script> [1562 bytes]","args":[{"selector":{"controlType":"sap.m.GenericTile","properties":{"header":"Manage Resources"}},"wdio_ui5_key":"sapm.GenericTile{\"header\":\"Manage Resources\"}"}]}
RESULT: undefined
COMMAND: POST /session/0483d061f40becc12e3a8004d2d19577/element - {"using":"xpath","value":"//*[@id=\"__tile39\"]"}
RESULT: {"using":"xpath","value":"//*[@id=\"__tile39\"]"}
COMMAND: POST /session/0483d061f40becc12e3a8004d2d19577/element/f.21909E599E196C0494D8E3CC232C3551.d.152A8B649D0EDC0FB85BE5D6F3C53183.e.14733/click - {}
RESULT: {}
COMMAND: GET /session/0483d061f40becc12e3a8004d2d19577/screenshot - {}
RESULT: {}
COMMAND: POST /session/0483d061f40becc12e3a8004d2d19577/elements - {"using":"xpath","value":"//span[text()='Error']"}
RESULT: {"using":"xpath","value":"//span[text()='Error']"}
COMMAND: POST /session/0483d061f40becc12e3a8004d2d19577/element - {"using":"xpath","value":"//button[@data-kt=\"addNewRUOverflowToolbarButton\"]"}
RESULT: {"using":"xpath","value":"//button[@data-kt=\"addNewRUOverflowToolbarButton\"]"}
COMMAND: POST /session/0483d061f40becc12e3a8004d2d19577/elements - {"using":"xpath","value":"//button[@data-kt=\"addNewRUOverflowToolbarButton\"]"}
RESULT: {"using":"xpath","value":"//button[@data-kt=\"addNewRUOverflowToolbarButton\"]"}
COMMAND: POST /session/0483d061f40becc12e3a8004d2d19577/elements - {"using":"xpath","value":"//button[@data-kt=\"addNewRUOverflowToolbarButton\"]"}
RESULT: {"using":"xpath","value":"//button[@data-kt=\"addNewRUOverflowToolbarButton\"]"}
COMMAND: POST /session/0483d061f40becc12e3a8004d2d19577/elements - {"using":"xpath","value":"//button[@data-kt=\"addNewRUOverflowToolbarButton\"]"}
RESULT: {"using":"xpath","value":"//button[@data-kt=\"addNewRUOverflowToolbarButton\"]"}
COMMAND: POST /session/0483d061f40becc12e3a8004d2d19577/elements - {"using":"xpath","value":"//button[@data-kt=\"addNewRUOverflowToolbarButton\"]"}
RESULT: {"using":"xpath","value":"//button[@data-kt=\"addNewRUOverflowToolbarButton\"]"}
COMMAND: POST /session/0483d061f40becc12e3a8004d2d19577/elements - {"using":"xpath","value":"//button[@data-kt=\"addNewRUOverflowToolbarButton\"]"}
RESULT: {"using":"xpath","value":"//button[@data-kt=\"addNewRUOverflowToolbarButton\"]"}
COMMAND: POST /session/0483d061f40becc12e3a8004d2d19577/element - {"using":"xpath","value":"//button[@data-kt=\"addNewRUOverflowToolbarButton\"]"}
RESULT: {"using":"xpath","value":"//button[@data-kt=\"addNewRUOverflowToolbarButton\"]"}
COMMAND: POST /session/0483d061f40becc12e3a8004d2d19577/execute/sync - {"script":"<script> [8489 bytes]","args":[{"element-6066-11e4-a52e-4f735466cecf":"f.21909E599E196C0494D8E3CC232C3551.d.152A8B649D0EDC0FB85BE5D6F3C53183.e.14866","ELEMENT":"f.21909E599E196C0494D8E3CC232C3551.d.152A8B649D0EDC0FB85BE5D6F3C53183.e.14866"}]}
RESULT: {"script":"<script> [8489 bytes]","args":[{"element-6066-11e4-a52e-4f735466cecf":"f.21909E599E196C0494D8E3CC232C3551.d.152A8B649D0EDC0FB85BE5D6F3C53183.e.14866","ELEMENT":"f.21909E599E196C0494D8E3CC232C3551.d.152A8B649D0EDC0FB85BE5D6F3C53183.e.14866"}]}
COMMAND: GET /session/0483d061f40becc12e3a8004d2d19577/element/f.21909E599E196C0494D8E3CC232C3551.d.152A8B649D0EDC0FB85BE5D6F3C53183.e.14866/enabled - {}
COMMAND: GET /session/0483d061f40becc12e3a8004d2d19577/screenshot - {}
RESULT: {}
COMMAND: POST /session/0483d061f40becc12e3a8004d2d19577/execute/sync - {"script":"<script> [8489 bytes]","args":[{"element-6066-11e4-a52e-4f735466cecf":"f.21909E599E196C0494D8E3CC232C3551.d.152A8B649D0EDC0FB85BE5D6F3C53183.e.14866","ELEMENT":"f.21909E599E196C0494D8E3CC232C3551.d.152A8B649D0EDC0FB85BE5D6F3C53183.e.14866"}]}
COMMAND: GET /session/0483d061f40becc12e3a8004d2d19577/screenshot - {}
RESULT: {}
RESULT: {"script":"<script> [8489 bytes]","args":[{"element-6066-11e4-a52e-4f735466cecf":"f.21909E599E196C0494D8E3CC232C3551.d.152A8B649D0EDC0FB85BE5D6F3C53183.e.14866","ELEMENT":"f.21909E599E196C0494D8E3CC232C3551.d.152A8B649D0EDC0FB85BE5D6F3C53183.e.14866"}]}
COMMAND: POST /session/0483d061f40becc12e3a8004d2d19577/execute/sync - {"script":"<script> [5351 bytes]","args":[{"element-6066-11e4-a52e-4f735466cecf":"f.21909E599E196C0494D8E3CC232C3551.d.152A8B649D0EDC0FB85BE5D6F3C53183.e.14866","ELEMENT":"f.21909E599E196C0494D8E3CC232C3551.d.152A8B649D0EDC0FB85BE5D6F3C53183.e.14866"}]}
COMMAND: GET /session/0483d061f40becc12e3a8004d2d19577/screenshot - {}
RESULT: {}
RESULT: {"script":"<script> [5351 bytes]","args":[{"element-6066-11e4-a52e-4f735466cecf":"f.21909E599E196C0494D8E3CC232C3551.d.152A8B649D0EDC0FB85BE5D6F3C53183.e.14866","ELEMENT":"f.21909E599E196C0494D8E3CC232C3551.d.152A8B649D0EDC0FB85BE5D6F3C53183.e.14866"}]}
COMMAND: POST /session/0483d061f40becc12e3a8004d2d19577/element/f.21909E599E196C0494D8E3CC232C3551.d.152A8B649D0EDC0FB85BE5D6F3C53183.e.14866/click - {}
COMMAND: GET /session/0483d061f40becc12e3a8004d2d19577/screenshot - {}
RESULT: {}
RESULT: {}
COMMAND: GET /session/0483d061f40becc12e3a8004d2d19577/screenshot - {}
RESULT: {}
COMMAND: POST /session/0483d061f40becc12e3a8004d2d19577/execute/async - {"script":"<script> [1562 bytes]","args":[{"selector":{"id":"application-manageresources-display-component---newResourceUnit--TYPE-arrow"},"wdio_ui5_key":"applicationmanageresources-display-component---newResourceUnit--TYPE-arrow"}]}
RESULT: {}
RESULT: {"script":"<script> [1562 bytes]","args":[{"selector":{"id":"application-manageresources-display-component---newResourceUnit--TYPE-arrow"},"wdio_ui5_key":"applicationmanageresources-display-component---newResourceUnit--TYPE-arrow"}]}
RESULT: undefined
COMMAND: POST /session/0483d061f40becc12e3a8004d2d19577/element - {"using":"xpath","value":"//*[@id=\"application-manageresources-display-component---newResourceUnit--TYPE-arrow\"]"}
RESULT: {"using":"xpath","value":"//*[@id=\"application-manageresources-display-component---newResourceUnit--TYPE-arrow\"]"}
COMMAND: POST /session/0483d061f40becc12e3a8004d2d19577/element/f.21909E599E196C0494D8E3CC232C3551.d.152A8B649D0EDC0FB85BE5D6F3C53183.e.15233/click - {}
RESULT: {}
COMMAND: POST /session/0483d061f40becc12e3a8004d2d19577/element - {"using":"xpath","value":"//input[@id=\"application-manageresources-display-component---newResourceUnit--TYPE-inner\"]"}
COMMAND: GET /session/0483d061f40becc12e3a8004d2d19577/screenshot - {}
RESULT: {"using":"xpath","value":"//input[@id=\"application-manageresources-display-component---newResourceUnit--TYPE-inner\"]"}
COMMAND: POST /session/0483d061f40becc12e3a8004d2d19577/element/f.21909E599E196C0494D8E3CC232C3551.d.152A8B649D0EDC0FB85BE5D6F3C53183.e.15218/clear - {}
RESULT: {}
RESULT: {}
COMMAND: POST /session/0483d061f40becc12e3a8004d2d19577/element/f.21909E599E196C0494D8E3CC232C3551.d.152A8B649D0EDC0FB85BE5D6F3C53183.e.15218/value - {"text":"Equipment"}
COMMAND: GET /session/0483d061f40becc12e3a8004d2d19577/screenshot - {}
RESULT: {"text":"Equipment"}
COMMAND: GET /session/0483d061f40becc12e3a8004d2d19577/screenshot - {}
RESULT: {}
RESULT: {}
COMMAND: POST /session/0483d061f40becc12e3a8004d2d19577/actions - {"actions":[{"id":"action45","type":"key","parameters":{},"actions":[{"type":"keyDown","value":""},{"type":"pause","duration":10},{"type":"keyUp","value":""}]}]}
RESULT: {"actions":[{"id":"action45","type":"key","parameters":{},"actions":[{"type":"keyDown","value":""},{"type":"pause","duration":10},{"type":"keyUp","value":""}]}]}
COMMAND: POST /session/0483d061f40becc12e3a8004d2d19577/execute/async - {"script":"<script> [1562 bytes]","args":[{"selector":{"id":"application-manageresources-display-component---newResourceUnit--resourceId","interaction":{"idSuffix":"inner"}},"wdio_ui5_key":"applicationmanageresources-display-component---newResourceUnit--resourceId"}]}
COMMAND: GET /session/0483d061f40becc12e3a8004d2d19577/screenshot - {}
RESULT: {"script":"<script> [1562 bytes]","args":[{"selector":{"id":"application-manageresources-display-component---newResourceUnit--resourceId","interaction":{"idSuffix":"inner"}},"wdio_ui5_key":"applicationmanageresources-display-component---newResourceUnit--resourceId"}]}
RESULT: undefined
COMMAND: POST /session/0483d061f40becc12e3a8004d2d19577/execute/async - {"script":"<script> [776 bytes]","args":[{"enterText":"ImU2lsUOJ0","selector":{"id":"application-manageresources-display-component---newResourceUnit--resourceId","interaction":{"idSuffix":"inner"}},"clearTextFirst":true,"interactionType":"ENTER_TEXT"}]}
RESULT: {}
RESULT: {"script":"<script> [776 bytes]","args":[{"enterText":"ImU2lsUOJ0","selector":{"id":"application-manageresources-display-component---newResourceUnit--resourceId","interaction":{"idSuffix":"inner"}},"clearTextFirst":true,"interactionType":"ENTER_TEXT"}]}
COMMAND: POST /session/0483d061f40becc12e3a8004d2d19577/execute/async - {"script":"<script> [1562 bytes]","args":[{"selector":{"id":"application-manageresources-display-component---newResourceUnit--SHORT_TEXT","interaction":{"idSuffix":"inner"}},"wdio_ui5_key":"applicationmanageresources-display-component---newResourceUnit--SHORT_TEXT"}]}
RESULT: {"script":"<script> [1562 bytes]","args":[{"selector":{"id":"application-manageresources-display-component---newResourceUnit--SHORT_TEXT","interaction":{"idSuffix":"inner"}},"wdio_ui5_key":"applicationmanageresources-display-component---newResourceUnit--SHORT_TEXT"}]}
RESULT: undefined
COMMAND: POST /session/0483d061f40becc12e3a8004d2d19577/execute/async - {"script":"<script> [776 bytes]","args":[{"enterText":"Intercompany Equipment WDIO","selector":{"id":"application-manageresources-display-component---newResourceUnit--SHORT_TEXT","interaction":{"idSuffix":"inner"}},"clearTextFirst":true,"interactionType":"ENTER_TEXT"}]}
RESULT: {"script":"<script> [776 bytes]","args":[{"enterText":"Intercompany Equipment WDIO","selector":{"id":"application-manageresources-display-component---newResourceUnit--SHORT_TEXT","interaction":{"idSuffix":"inner"}},"clearTextFirst":true,"interactionType":"ENTER_TEXT"}]}
COMMAND: POST /session/0483d061f40becc12e3a8004d2d19577/execute/async - {"script":"<script> [1562 bytes]","args":[{"selector":{"id":"application-manageresources-display-component---newResourceUnit--BASE_UNIT_OF_MEASURE","interaction":{"idSuffix":"inner"}},"wdio_ui5_key":"applicationmanageresources-display-component---newResourceUnit--BASE_UNIT_OF_MEASURE"}]}
RESULT: {"script":"<script> [1562 bytes]","args":[{"selector":{"id":"application-manageresources-display-component---newResourceUnit--BASE_UNIT_OF_MEASURE","interaction":{"idSuffix":"inner"}},"wdio_ui5_key":"applicationmanageresources-display-component---newResourceUnit--BASE_UNIT_OF_MEASURE"}]}
RESULT: undefined
COMMAND: POST /session/0483d061f40becc12e3a8004d2d19577/execute/async - {"script":"<script> [776 bytes]","args":[{"enterText":"Piece","selector":{"id":"application-manageresources-display-component---newResourceUnit--BASE_UNIT_OF_MEASURE","interaction":{"idSuffix":"inner"}},"clearTextFirst":true,"interactionType":"ENTER_TEXT"}]}
RESULT: {"script":"<script> [776 bytes]","args":[{"enterText":"Piece","selector":{"id":"application-manageresources-display-component---newResourceUnit--BASE_UNIT_OF_MEASURE","interaction":{"idSuffix":"inner"}},"clearTextFirst":true,"interactionType":"ENTER_TEXT"}]}
COMMAND: POST /session/0483d061f40becc12e3a8004d2d19577/execute/async - {"script":"<script> [1562 bytes]","args":[{"selector":{"id":"application-manageresources-display-component---newResourceUnit--WEIGHT_UNIT","interaction":{"idSuffix":"inner"}},"wdio_ui5_key":"applicationmanageresources-display-component---newResourceUnit--WEIGHT_UNIT"}]}
RESULT: {"script":"<script> [1562 bytes]","args":[{"selector":{"id":"application-manageresources-display-component---newResourceUnit--WEIGHT_UNIT","interaction":{"idSuffix":"inner"}},"wdio_ui5_key":"applicationmanageresources-display-component---newResourceUnit--WEIGHT_UNIT"}]}
RESULT: undefined
COMMAND: POST /session/0483d061f40becc12e3a8004d2d19577/execute/async - {"script":"<script> [776 bytes]","args":[{"enterText":"Gram","selector":{"id":"application-manageresources-display-component---newResourceUnit--WEIGHT_UNIT","interaction":{"idSuffix":"inner"}},"clearTextFirst":true,"interactionType":"ENTER_TEXT"}]}
RESULT: {"script":"<script> [776 bytes]","args":[{"enterText":"Gram","selector":{"id":"application-manageresources-display-component---newResourceUnit--WEIGHT_UNIT","interaction":{"idSuffix":"inner"}},"clearTextFirst":true,"interactionType":"ENTER_TEXT"}]}
COMMAND: POST /session/0483d061f40becc12e3a8004d2d19577/execute/async - {"script":"<script> [1562 bytes]","args":[{"selector":{"id":"application-manageresources-display-component---newResourceUnit--DIMENSION_UNIT","interaction":{"idSuffix":"inner"}},"wdio_ui5_key":"applicationmanageresources-display-component---newResourceUnit--DIMENSION_UNIT"}]}
RESULT: {"script":"<script> [1562 bytes]","args":[{"selector":{"id":"application-manageresources-display-component---newResourceUnit--DIMENSION_UNIT","interaction":{"idSuffix":"inner"}},"wdio_ui5_key":"applicationmanageresources-display-component---newResourceUnit--DIMENSION_UNIT"}]}
RESULT: undefined
COMMAND: POST /session/0483d061f40becc12e3a8004d2d19577/execute/async - {"script":"<script> [776 bytes]","args":[{"enterText":"Meter","selector":{"id":"application-manageresources-display-component---newResourceUnit--DIMENSION_UNIT","interaction":{"idSuffix":"inner"}},"clearTextFirst":true,"interactionType":"ENTER_TEXT"}]}
RESULT: {"script":"<script> [776 bytes]","args":[{"enterText":"Meter","selector":{"id":"application-manageresources-display-component---newResourceUnit--DIMENSION_UNIT","interaction":{"idSuffix":"inner"}},"clearTextFirst":true,"interactionType":"ENTER_TEXT"}]}
COMMAND: POST /session/0483d061f40becc12e3a8004d2d19577/execute/async - {"script":"<script> [1562 bytes]","args":[{"selector":{"id":"application-manageresources-display-component---newResourceUnit--newRRUPage-anchBar-application-manageresources-display-component---newResourceUnit--control-anchor","interaction":{"idSuffix":"BDI-content"}},"wdio_ui5_key":"applicationmanageresources-display-component---newResourceUnit--newRRUPage-anchBar-application-manageresources-display-component---newResourceUnit--control-anchor"}]}
RESULT: {"script":"<script> [1562 bytes]","args":[{"selector":{"id":"application-manageresources-display-component---newResourceUnit--newRRUPage-anchBar-application-manageresources-display-component---newResourceUnit--control-anchor","interaction":{"idSuffix":"BDI-content"}},"wdio_ui5_key":"applicationmanageresources-display-component---newResourceUnit--newRRUPage-anchBar-application-manageresources-display-component---newResourceUnit--control-anchor"}]}
RESULT: undefined
COMMAND: POST /session/0483d061f40becc12e3a8004d2d19577/element - {"using":"xpath","value":"//*[@id=\"application-manageresources-display-component---newResourceUnit--newRRUPage-anchBar-application-manageresources-display-component---newResourceUnit--control-anchor\"]"}
RESULT: {"using":"xpath","value":"//*[@id=\"application-manageresources-display-component---newResourceUnit--newRRUPage-anchBar-application-manageresources-display-component---newResourceUnit--control-anchor\"]"}
COMMAND: POST /session/0483d061f40becc12e3a8004d2d19577/element/f.21909E599E196C0494D8E3CC232C3551.d.152A8B649D0EDC0FB85BE5D6F3C53183.e.15393/click - {}
RESULT: {}
COMMAND: POST /session/0483d061f40becc12e3a8004d2d19577/execute/async - {"script":"<script> [1562 bytes]","args":[{"selector":{"id":"application-manageresources-display-component---newResourceUnit--PLANNING_GROUP","interaction":{"idSuffix":"inner"}},"wdio_ui5_key":"applicationmanageresources-display-component---newResourceUnit--PLANNING_GROUP"}]}
COMMAND: GET /session/0483d061f40becc12e3a8004d2d19577/screenshot - {}
RESULT: {"script":"<script> [1562 bytes]","args":[{"selector":{"id":"application-manageresources-display-component---newResourceUnit--PLANNING_GROUP","interaction":{"idSuffix":"inner"}},"wdio_ui5_key":"applicationmanageresources-display-component---newResourceUnit--PLANNING_GROUP"}]}
RESULT: undefined
COMMAND: POST /session/0483d061f40becc12e3a8004d2d19577/execute/async - {"script":"<script> [776 bytes]","args":[{"enterText":"Heavy Equi","selector":{"id":"application-manageresources-display-component---newResourceUnit--PLANNING_GROUP","interaction":{"idSuffix":"inner"}},"clearTextFirst":true,"interactionType":"ENTER_TEXT"}]}
RESULT: {}
RESULT: {"script":"<script> [776 bytes]","args":[{"enterText":"Heavy Equi","selector":{"id":"application-manageresources-display-component---newResourceUnit--PLANNING_GROUP","interaction":{"idSuffix":"inner"}},"clearTextFirst":true,"interactionType":"ENTER_TEXT"}]}
COMMAND: POST /session/0483d061f40becc12e3a8004d2d19577/execute/async - {"script":"<script> [1562 bytes]","args":[{"selector":{"id":"application-manageresources-display-component---newResourceUnit--ITEM_TYPE-arrow"},"wdio_ui5_key":"applicationmanageresources-display-component---newResourceUnit--ITEM_TYPE-arrow"}]}
RESULT: {"script":"<script> [1562 bytes]","args":[{"selector":{"id":"application-manageresources-display-component---newResourceUnit--ITEM_TYPE-arrow"},"wdio_ui5_key":"applicationmanageresources-display-component---newResourceUnit--ITEM_TYPE-arrow"}]}
RESULT: undefined
COMMAND: POST /session/0483d061f40becc12e3a8004d2d19577/element - {"using":"xpath","value":"//*[@id=\"application-manageresources-display-component---newResourceUnit--ITEM_TYPE-arrow\"]"}
RESULT: {"using":"xpath","value":"//*[@id=\"application-manageresources-display-component---newResourceUnit--ITEM_TYPE-arrow\"]"}
COMMAND: POST /session/0483d061f40becc12e3a8004d2d19577/element/f.21909E599E196C0494D8E3CC232C3551.d.152A8B649D0EDC0FB85BE5D6F3C53183.e.15402/click - {}
RESULT: {}
COMMAND: POST /session/0483d061f40becc12e3a8004d2d19577/element - {"using":"xpath","value":"//ul[contains(@id,\"ITEM_TYPE-popup-list-listUl\")]//li[.//span[contains(text(),\"Resource Unit\")]]"}
COMMAND: GET /session/0483d061f40becc12e3a8004d2d19577/screenshot - {}
RESULT: {"using":"xpath","value":"//ul[contains(@id,\"ITEM_TYPE-popup-list-listUl\")]//li[.//span[contains(text(),\"Resource Unit\")]]"}
COMMAND: POST /session/0483d061f40becc12e3a8004d2d19577/element/f.21909E599E196C0494D8E3CC232C3551.d.152A8B649D0EDC0FB85BE5D6F3C53183.e.15403/click - {}
RESULT: {}
RESULT: {}
COMMAND: GET /session/0483d061f40becc12e3a8004d2d19577/screenshot - {}
RESULT: {}
COMMAND: POST /session/0483d061f40becc12e3a8004d2d19577/element - {"using":"css selector","value":"#application-manageresources-display-component---newResourceUnit--btnAddTimeSegment"}
RESULT: {"using":"css selector","value":"#application-manageresources-display-component---newResourceUnit--btnAddTimeSegment"}
COMMAND: GET /session/0483d061f40becc12e3a8004d2d19577/element/f.21909E599E196C0494D8E3CC232C3551.d.152A8B649D0EDC0FB85BE5D6F3C53183.e.15410/rect - {}
RESULT: {}
COMMAND: GET /session/0483d061f40becc12e3a8004d2d19577/window/rect - {}
RESULT: {}
COMMAND: POST /session/0483d061f40becc12e3a8004d2d19577/execute/sync - {"script":"<script> [92 bytes]","args":[]}
RESULT: {"script":"<script> [92 bytes]","args":[]}
COMMAND: POST /session/0483d061f40becc12e3a8004d2d19577/actions - {"actions":[{"id":"action46","type":"wheel","parameters":{},"actions":[{"type":"scroll","x":-1888,"y":-32,"deltaX":0,"deltaY":0,"duration":0,"origin":{"element-6066-11e4-a52e-4f735466cecf":"f.21909E599E196C0494D8E3CC232C3551.d.152A8B649D0EDC0FB85BE5D6F3C53183.e.15410"}}]}]}
COMMAND: GET /session/0483d061f40becc12e3a8004d2d19577/screenshot - {}
RESULT: {}
COMMAND: POST /session/0483d061f40becc12e3a8004d2d19577/execute/sync - {"script":"<script> [79 bytes]","args":[{"element-6066-11e4-a52e-4f735466cecf":"f.21909E599E196C0494D8E3CC232C3551.d.152A8B649D0EDC0FB85BE5D6F3C53183.e.15410","ELEMENT":"f.21909E599E196C0494D8E3CC232C3551.d.152A8B649D0EDC0FB85BE5D6F3C53183.e.15410"},{"block":"start","inline":"nearest"}]}
RESULT: {"script":"<script> [79 bytes]","args":[{"element-6066-11e4-a52e-4f735466cecf":"f.21909E599E196C0494D8E3CC232C3551.d.152A8B649D0EDC0FB85BE5D6F3C53183.e.15410","ELEMENT":"f.21909E599E196C0494D8E3CC232C3551.d.152A8B649D0EDC0FB85BE5D6F3C53183.e.15410"},{"block":"start","inline":"nearest"}]}
COMMAND: POST /session/0483d061f40becc12e3a8004d2d19577/execute/async - {"script":"<script> [1562 bytes]","args":[{"selector":{"id":"application-manageresources-display-component---newResourceUnit--btnAddTimeSegment","interaction":{"idSuffix":"inner"}},"wdio_ui5_key":"applicationmanageresources-display-component---newResourceUnit--btnAddTimeSegment"}]}
COMMAND: GET /session/0483d061f40becc12e3a8004d2d19577/screenshot - {}
RESULT: {"script":"<script> [1562 bytes]","args":[{"selector":{"id":"application-manageresources-display-component---newResourceUnit--btnAddTimeSegment","interaction":{"idSuffix":"inner"}},"wdio_ui5_key":"applicationmanageresources-display-component---newResourceUnit--btnAddTimeSegment"}]}
RESULT: undefined
COMMAND: POST /session/0483d061f40becc12e3a8004d2d19577/element - {"using":"xpath","value":"//*[@id=\"application-manageresources-display-component---newResourceUnit--btnAddTimeSegment\"]"}
RESULT: {}
RESULT: {"using":"xpath","value":"//*[@id=\"application-manageresources-display-component---newResourceUnit--btnAddTimeSegment\"]"}
COMMAND: POST /session/0483d061f40becc12e3a8004d2d19577/element/f.21909E599E196C0494D8E3CC232C3551.d.152A8B649D0EDC0FB85BE5D6F3C53183.e.15410/click - {}
RESULT: {}
COMMAND: GET /session/0483d061f40becc12e3a8004d2d19577/screenshot - {}
RESULT: {}
COMMAND: POST /session/0483d061f40becc12e3a8004d2d19577/element - {"using":"xpath","value":"//input[@id=\"application-manageresources-display-component---newResourceUnit--idRuTSAdmin-application-manageresources-display-component---newResourceUnit--RUTimeSegment-0-inner\"]"}
RESULT: {"using":"xpath","value":"//input[@id=\"application-manageresources-display-component---newResourceUnit--idRuTSAdmin-application-manageresources-display-component---newResourceUnit--RUTimeSegment-0-inner\"]"}
COMMAND: POST /session/0483d061f40becc12e3a8004d2d19577/element/f.21909E599E196C0494D8E3CC232C3551.d.152A8B649D0EDC0FB85BE5D6F3C53183.e.15416/clear - {}
RESULT: {}
COMMAND: POST /session/0483d061f40becc12e3a8004d2d19577/element/f.21909E599E196C0494D8E3CC232C3551.d.152A8B649D0EDC0FB85BE5D6F3C53183.e.15416/value - {"text":"474"}
COMMAND: GET /session/0483d061f40becc12e3a8004d2d19577/screenshot - {}
RESULT: {"text":"474"}
COMMAND: GET /session/0483d061f40becc12e3a8004d2d19577/screenshot - {}
RESULT: {}
RESULT: {}
COMMAND: POST /session/0483d061f40becc12e3a8004d2d19577/element - {"using":"xpath","value":"//li[.//span[text()='474']]"}
RESULT: {"using":"xpath","value":"//li[.//span[text()='474']]"}
COMMAND: POST /session/0483d061f40becc12e3a8004d2d19577/element/f.21909E599E196C0494D8E3CC232C3551.d.152A8B649D0EDC0FB85BE5D6F3C53183.e.15429/click - {}
RESULT: {}
COMMAND: GET /session/0483d061f40becc12e3a8004d2d19577/screenshot - {}
RESULT: {}
COMMAND: POST /session/0483d061f40becc12e3a8004d2d19577/element - {"using":"xpath","value":"(//span[contains(@id, \"-application-manageresources-display-component---newResourceUnit--RUTimeSegment-0-arrow\")])[6]"}
RESULT: {"using":"xpath","value":"(//span[contains(@id, \"-application-manageresources-display-component---newResourceUnit--RUTimeSegment-0-arrow\")])[6]"}
COMMAND: POST /session/0483d061f40becc12e3a8004d2d19577/element/f.21909E599E196C0494D8E3CC232C3551.d.152A8B649D0EDC0FB85BE5D6F3C53183.e.15430/click - {}
RESULT: {}
COMMAND: GET /session/0483d061f40becc12e3a8004d2d19577/screenshot - {}
RESULT: {}
COMMAND: POST /session/0483d061f40becc12e3a8004d2d19577/element - {"using":"xpath","value":"//span[contains(text(), \"PM Order\")]"}
RESULT: {"using":"xpath","value":"//span[contains(text(), \"PM Order\")]"}
COMMAND: POST /session/0483d061f40becc12e3a8004d2d19577/element/f.21909E599E196C0494D8E3CC232C3551.d.152A8B649D0EDC0FB85BE5D6F3C53183.e.15433/click - {}
RESULT: {}
COMMAND: GET /session/0483d061f40becc12e3a8004d2d19577/screenshot - {}
RESULT: {}
COMMAND: POST /session/0483d061f40becc12e3a8004d2d19577/element - {"using":"xpath","value":"(//span[contains(@id ,\"manageresources-display-component---newResourceUnit--RUTimeSegment-0-vhi\")])[1]"}
RESULT: {"using":"xpath","value":"(//span[contains(@id ,\"manageresources-display-component---newResourceUnit--RUTimeSegment-0-vhi\")])[1]"}
COMMAND: GET /session/0483d061f40becc12e3a8004d2d19577/element/f.21909E599E196C0494D8E3CC232C3551.d.152A8B649D0EDC0FB85BE5D6F3C53183.e.15437/rect - {}
RESULT: {}
COMMAND: GET /session/0483d061f40becc12e3a8004d2d19577/window/rect - {}
RESULT: {}
COMMAND: POST /session/0483d061f40becc12e3a8004d2d19577/execute/sync - {"script":"<script> [92 bytes]","args":[]}
RESULT: {"script":"<script> [92 bytes]","args":[]}
COMMAND: POST /session/0483d061f40becc12e3a8004d2d19577/actions - {"actions":[{"id":"action47","type":"wheel","parameters":{},"actions":[{"type":"scroll","x":-869,"y":-24,"deltaX":0,"deltaY":0,"duration":0,"origin":{"element-6066-11e4-a52e-4f735466cecf":"f.21909E599E196C0494D8E3CC232C3551.d.152A8B649D0EDC0FB85BE5D6F3C53183.e.15437"}}]}]}
COMMAND: GET /session/0483d061f40becc12e3a8004d2d19577/screenshot - {}
RESULT: {"actions":[{"id":"action47","type":"wheel","parameters":{},"actions":[{"type":"scroll","x":-869,"y":-24,"deltaX":0,"deltaY":0,"duration":0,"origin":{"element-6066-11e4-a52e-4f735466cecf":"f.21909E599E196C0494D8E3CC232C3551.d.152A8B649D0EDC0FB85BE5D6F3C53183.e.15437"}}]}]}
COMMAND: DELETE /session/0483d061f40becc12e3a8004d2d19577/actions - {}
COMMAND: GET /session/0483d061f40becc12e3a8004d2d19577/screenshot - {}
RESULT: {}
RESULT: {}
COMMAND: GET /session/0483d061f40becc12e3a8004d2d19577/screenshot - {}
RESULT: {}
RESULT: {}
COMMAND: POST /session/0483d061f40becc12e3a8004d2d19577/element/f.21909E599E196C0494D8E3CC232C3551.d.152A8B649D0EDC0FB85BE5D6F3C53183.e.15437/click - {}
RESULT: {}
COMMAND: GET /session/0483d061f40becc12e3a8004d2d19577/screenshot - {}
RESULT: {}
COMMAND: POST /session/0483d061f40becc12e3a8004d2d19577/execute/async - {"script":"<script> [1562 bytes]","args":[{"selector":{"controlType":"sap.m.SearchField","properties":{"placeholder":"Search"},"searchOpenDialogs":true,"interaction":{"idSuffix":"I"}},"wdio_ui5_key":"sapm.SearchField{\"placeholder\":\"Search\"}"}]}
RESULT: {"script":"<script> [1562 bytes]","args":[{"selector":{"controlType":"sap.m.SearchField","properties":{"placeholder":"Search"},"searchOpenDialogs":true,"interaction":{"idSuffix":"I"}},"wdio_ui5_key":"sapm.SearchField{\"placeholder\":\"Search\"}"}]}
RESULT: undefined
COMMAND: POST /session/0483d061f40becc12e3a8004d2d19577/execute/async - {"script":"<script> [776 bytes]","args":[{"enterText":"4000360","selector":{"controlType":"sap.m.SearchField","properties":{"placeholder":"Search"},"searchOpenDialogs":true,"interaction":{"idSuffix":"I"}},"clearTextFirst":true,"interactionType":"ENTER_TEXT"}]}
RESULT: {"script":"<script> [776 bytes]","args":[{"enterText":"4000360","selector":{"controlType":"sap.m.SearchField","properties":{"placeholder":"Search"},"searchOpenDialogs":true,"interaction":{"idSuffix":"I"}},"clearTextFirst":true,"interactionType":"ENTER_TEXT"}]}
COMMAND: POST /session/0483d061f40becc12e3a8004d2d19577/actions - {"actions":[{"id":"action48","type":"key","parameters":{},"actions":[{"type":"keyDown","value":""},{"type":"pause","duration":10},{"type":"keyUp","value":""}]}]}
RESULT: {"actions":[{"id":"action48","type":"key","parameters":{},"actions":[{"type":"keyDown","value":""},{"type":"pause","duration":10},{"type":"keyUp","value":""}]}]}
COMMAND: GET /session/0483d061f40becc12e3a8004d2d19577/screenshot - {}
RESULT: {}
COMMAND: POST /session/0483d061f40becc12e3a8004d2d19577/element - {"using":"xpath","value":"//td/div/span[contains(text(), \"BGL Vehicles\")]"}
RESULT: {"using":"xpath","value":"//td/div/span[contains(text(), \"BGL Vehicles\")]"}
COMMAND: POST /session/0483d061f40becc12e3a8004d2d19577/element/f.21909E599E196C0494D8E3CC232C3551.d.152A8B649D0EDC0FB85BE5D6F3C53183.e.15458/click - {}
RESULT: {}
COMMAND: GET /session/0483d061f40becc12e3a8004d2d19577/screenshot - {}
RESULT: {}
COMMAND: POST /session/0483d061f40becc12e3a8004d2d19577/element - {"using":"xpath","value":"//bdi[contains(text(), \"OK\")]"}
RESULT: {"using":"xpath","value":"//bdi[contains(text(), \"OK\")]"}
COMMAND: POST /session/0483d061f40becc12e3a8004d2d19577/element/f.21909E599E196C0494D8E3CC232C3551.d.152A8B649D0EDC0FB85BE5D6F3C53183.e.15459/click - {}
RESULT: {}
COMMAND: GET /session/0483d061f40becc12e3a8004d2d19577/screenshot - {}
RESULT: {}
COMMAND: POST /session/0483d061f40becc12e3a8004d2d19577/execute/async - {"script":"<script> [1562 bytes]","args":[{"selector":{"id":"application-manageresources-display-component---newResourceUnit--newRRUPage-anchBar-application-manageresources-display-component---newResourceUnit--resource-anchor","interaction":{"idSuffix":"BDI-content"}},"wdio_ui5_key":"applicationmanageresources-display-component---newResourceUnit--newRRUPage-anchBar-application-manageresources-display-component---newResourceUnit--resource-anchor"}]}
RESULT: {"script":"<script> [1562 bytes]","args":[{"selector":{"id":"application-manageresources-display-component---newResourceUnit--newRRUPage-anchBar-application-manageresources-display-component---newResourceUnit--resource-anchor","interaction":{"idSuffix":"BDI-content"}},"wdio_ui5_key":"applicationmanageresources-display-component---newResourceUnit--newRRUPage-anchBar-application-manageresources-display-component---newResourceUnit--resource-anchor"}]}
RESULT: undefined
COMMAND: POST /session/0483d061f40becc12e3a8004d2d19577/element - {"using":"xpath","value":"//*[@id=\"application-manageresources-display-component---newResourceUnit--newRRUPage-anchBar-application-manageresources-display-component---newResourceUnit--resource-anchor\"]"}
RESULT: {"using":"xpath","value":"//*[@id=\"application-manageresources-display-component---newResourceUnit--newRRUPage-anchBar-application-manageresources-display-component---newResourceUnit--resource-anchor\"]"}
COMMAND: POST /session/0483d061f40becc12e3a8004d2d19577/element/f.21909E599E196C0494D8E3CC232C3551.d.152A8B649D0EDC0FB85BE5D6F3C53183.e.15463/click - {}
RESULT: {}
COMMAND: POST /session/0483d061f40becc12e3a8004d2d19577/execute/async - {"script":"<script> [1562 bytes]","args":[{"selector":{"id":"application-manageresources-display-component---newResourceUnit--PLANNED_DELIVERY_DATE","interaction":{"idSuffix":"inner"}},"wdio_ui5_key":"applicationmanageresources-display-component---newResourceUnit--PLANNED_DELIVERY_DATE"}]}
COMMAND: GET /session/0483d061f40becc12e3a8004d2d19577/screenshot - {}
RESULT: {"script":"<script> [1562 bytes]","args":[{"selector":{"id":"application-manageresources-display-component---newResourceUnit--PLANNED_DELIVERY_DATE","interaction":{"idSuffix":"inner"}},"wdio_ui5_key":"applicationmanageresources-display-component---newResourceUnit--PLANNED_DELIVERY_DATE"}]}
RESULT: undefined
COMMAND: POST /session/0483d061f40becc12e3a8004d2d19577/execute/async - {"script":"<script> [6424 bytes]","args":[{"element-6066-11e4-a52e-4f735466cecf":"f.21909E599E196C0494D8E3CC232C3551.d.152A8B649D0EDC0FB85BE5D6F3C53183.e.15292"},"setValue",["5/29/25"]]}
RESULT: {}
RESULT: {"script":"<script> [6424 bytes]","args":[{"element-6066-11e4-a52e-4f735466cecf":"f.21909E599E196C0494D8E3CC232C3551.d.152A8B649D0EDC0FB85BE5D6F3C53183.e.15292"},"setValue",["5/29/25"]]}
COMMAND: POST /session/0483d061f40becc12e3a8004d2d19577/element - {"using":"xpath","value":"//label[contains(@class, 'sapMLabelRequired') and .//bdi[contains(text(), 'Planned Retirement')]]"}
RESULT: {"using":"xpath","value":"//label[contains(@class, 'sapMLabelRequired') and .//bdi[contains(text(), 'Planned Retirement')]]"}
COMMAND: POST /session/0483d061f40becc12e3a8004d2d19577/elements - {"using":"xpath","value":"//label[contains(@class, 'sapMLabelRequired') and .//bdi[contains(text(), 'Planned Retirement')]]"}
RESULT: {"using":"xpath","value":"//label[contains(@class, 'sapMLabelRequired') and .//bdi[contains(text(), 'Planned Retirement')]]"}
COMMAND: POST /session/0483d061f40becc12e3a8004d2d19577/element - {"using":"xpath","value":"//button[@data-kt=\"resourceUnitSaveButton\"]"}
RESULT: {"using":"xpath","value":"//button[@data-kt=\"resourceUnitSaveButton\"]"}
COMMAND: POST /session/0483d061f40becc12e3a8004d2d19577/element/f.21909E599E196C0494D8E3CC232C3551.d.152A8B649D0EDC0FB85BE5D6F3C53183.e.15251/click - {}
RESULT: {}
COMMAND: GET /session/0483d061f40becc12e3a8004d2d19577/screenshot - {}
RESULT: {}
COMMAND: POST /session/0483d061f40becc12e3a8004d2d19577/element - {"using":"xpath","value":"//bdi[contains(text(), \"Close\")]"}
RESULT: {"using":"xpath","value":"//bdi[contains(text(), \"Close\")]"}
COMMAND: POST /session/0483d061f40becc12e3a8004d2d19577/element/f.21909E599E196C0494D8E3CC232C3551.d.152A8B649D0EDC0FB85BE5D6F3C53183.e.15471/click - {}
RESULT: {}
COMMAND: GET /session/0483d061f40becc12e3a8004d2d19577/screenshot - {}
RESULT: {}
COMMAND: POST /session/0483d061f40becc12e3a8004d2d19577/element - {"using":"xpath","value":"(//button[contains(@id ,\"actionsToolbar-overflowButton\")])[1]"}
RESULT: {"using":"xpath","value":"(//button[contains(@id ,\"actionsToolbar-overflowButton\")])[1]"}
COMMAND: POST /session/0483d061f40becc12e3a8004d2d19577/element/f.21909E599E196C0494D8E3CC232C3551.d.152A8B649D0EDC0FB85BE5D6F3C53183.e.15505/click - {}
RESULT: {}
COMMAND: GET /session/0483d061f40becc12e3a8004d2d19577/screenshot - {}
RESULT: {}
COMMAND: POST /session/0483d061f40becc12e3a8004d2d19577/element - {"using":"xpath","value":"//button[@data-kt=\"priceInfoButton\"]"}
RESULT: {"using":"xpath","value":"//button[@data-kt=\"priceInfoButton\"]"}
COMMAND: POST /session/0483d061f40becc12e3a8004d2d19577/element/f.21909E599E196C0494D8E3CC232C3551.d.152A8B649D0EDC0FB85BE5D6F3C53183.e.15507/click - {}
RESULT: {}
COMMAND: GET /session/0483d061f40becc12e3a8004d2d19577/screenshot - {}
RESULT: {}
]]></system-out>
    </testcase>
    <testcase classname="chrome.136_0_7103_93.windows.Billing_transfer_US117289" name="Should create new pricing rule" time="53.698">
      <system-out><![CDATA[
COMMAND: POST /session/0483d061f40becc12e3a8004d2d19577/element - {"using":"xpath","value":"//button[@data-kt=\"addButton\"]"}
RESULT: {"using":"xpath","value":"//button[@data-kt=\"addButton\"]"}
COMMAND: POST /session/0483d061f40becc12e3a8004d2d19577/elements - {"using":"xpath","value":"//button[@data-kt=\"addButton\"]"}
RESULT: {"using":"xpath","value":"//button[@data-kt=\"addButton\"]"}
COMMAND: POST /session/0483d061f40becc12e3a8004d2d19577/elements - {"using":"xpath","value":"//button[@data-kt=\"addButton\"]"}
RESULT: {"using":"xpath","value":"//button[@data-kt=\"addButton\"]"}
COMMAND: POST /session/0483d061f40becc12e3a8004d2d19577/element - {"using":"xpath","value":"//button[@data-kt=\"addButton\"]"}
RESULT: {"using":"xpath","value":"//button[@data-kt=\"addButton\"]"}
COMMAND: POST /session/0483d061f40becc12e3a8004d2d19577/execute/sync - {"script":"<script> [8489 bytes]","args":[{"element-6066-11e4-a52e-4f735466cecf":"f.21909E599E196C0494D8E3CC232C3551.d.152A8B649D0EDC0FB85BE5D6F3C53183.e.15544","ELEMENT":"f.21909E599E196C0494D8E3CC232C3551.d.152A8B649D0EDC0FB85BE5D6F3C53183.e.15544"}]}
RESULT: {"script":"<script> [8489 bytes]","args":[{"element-6066-11e4-a52e-4f735466cecf":"f.21909E599E196C0494D8E3CC232C3551.d.152A8B649D0EDC0FB85BE5D6F3C53183.e.15544","ELEMENT":"f.21909E599E196C0494D8E3CC232C3551.d.152A8B649D0EDC0FB85BE5D6F3C53183.e.15544"}]}
COMMAND: GET /session/0483d061f40becc12e3a8004d2d19577/element/f.21909E599E196C0494D8E3CC232C3551.d.152A8B649D0EDC0FB85BE5D6F3C53183.e.15544/enabled - {}
COMMAND: GET /session/0483d061f40becc12e3a8004d2d19577/screenshot - {}
RESULT: {}
COMMAND: POST /session/0483d061f40becc12e3a8004d2d19577/execute/sync - {"script":"<script> [8489 bytes]","args":[{"element-6066-11e4-a52e-4f735466cecf":"f.21909E599E196C0494D8E3CC232C3551.d.152A8B649D0EDC0FB85BE5D6F3C53183.e.15544","ELEMENT":"f.21909E599E196C0494D8E3CC232C3551.d.152A8B649D0EDC0FB85BE5D6F3C53183.e.15544"}]}
COMMAND: GET /session/0483d061f40becc12e3a8004d2d19577/screenshot - {}
RESULT: {}
RESULT: {"script":"<script> [8489 bytes]","args":[{"element-6066-11e4-a52e-4f735466cecf":"f.21909E599E196C0494D8E3CC232C3551.d.152A8B649D0EDC0FB85BE5D6F3C53183.e.15544","ELEMENT":"f.21909E599E196C0494D8E3CC232C3551.d.152A8B649D0EDC0FB85BE5D6F3C53183.e.15544"}]}
COMMAND: POST /session/0483d061f40becc12e3a8004d2d19577/execute/sync - {"script":"<script> [5351 bytes]","args":[{"element-6066-11e4-a52e-4f735466cecf":"f.21909E599E196C0494D8E3CC232C3551.d.152A8B649D0EDC0FB85BE5D6F3C53183.e.15544","ELEMENT":"f.21909E599E196C0494D8E3CC232C3551.d.152A8B649D0EDC0FB85BE5D6F3C53183.e.15544"}]}
COMMAND: GET /session/0483d061f40becc12e3a8004d2d19577/screenshot - {}
RESULT: {}
RESULT: {"script":"<script> [5351 bytes]","args":[{"element-6066-11e4-a52e-4f735466cecf":"f.21909E599E196C0494D8E3CC232C3551.d.152A8B649D0EDC0FB85BE5D6F3C53183.e.15544","ELEMENT":"f.21909E599E196C0494D8E3CC232C3551.d.152A8B649D0EDC0FB85BE5D6F3C53183.e.15544"}]}
COMMAND: POST /session/0483d061f40becc12e3a8004d2d19577/element/f.21909E599E196C0494D8E3CC232C3551.d.152A8B649D0EDC0FB85BE5D6F3C53183.e.15544/click - {}
COMMAND: GET /session/0483d061f40becc12e3a8004d2d19577/screenshot - {}
RESULT: {}
RESULT: {}
COMMAND: GET /session/0483d061f40becc12e3a8004d2d19577/screenshot - {}
RESULT: {}
RESULT: {}
COMMAND: POST /session/0483d061f40becc12e3a8004d2d19577/execute/async - {"script":"<script> [1562 bytes]","args":[{"selector":{"controlType":"sap.m.Title","viewName":"etm.portal.ui.managepricingrules.view.NewItem","viewId":"application-managepricingrules-display-component---newInfoPriceItem","properties":{"text":"New Pricing Rules - Item Level"}},"wdio_ui5_key":"etmportal.ui.managepricingrules.view.NewItemsap.m.Title{\"text\":\"New Pricing Rules - Item Level\"}"}]}
RESULT: {"script":"<script> [1562 bytes]","args":[{"selector":{"controlType":"sap.m.Title","viewName":"etm.portal.ui.managepricingrules.view.NewItem","viewId":"application-managepricingrules-display-component---newInfoPriceItem","properties":{"text":"New Pricing Rules - Item Level"}},"wdio_ui5_key":"etmportal.ui.managepricingrules.view.NewItemsap.m.Title{\"text\":\"New Pricing Rules - Item Level\"}"}]}
RESULT: undefined
COMMAND: POST /session/0483d061f40becc12e3a8004d2d19577/execute/async - {"script":"<script> [6424 bytes]","args":[{"element-6066-11e4-a52e-4f735466cecf":"f.21909E599E196C0494D8E3CC232C3551.d.152A8B649D0EDC0FB85BE5D6F3C53183.e.15625"},"getText",[]]}
RESULT: {"script":"<script> [6424 bytes]","args":[{"element-6066-11e4-a52e-4f735466cecf":"f.21909E599E196C0494D8E3CC232C3551.d.152A8B649D0EDC0FB85BE5D6F3C53183.e.15625"},"getText",[]]}
COMMAND: POST /session/0483d061f40becc12e3a8004d2d19577/execute/async - {"script":"<script> [1562 bytes]","args":[{"selector":{"id":"application-managepricingrules-display-component---newInfoPriceItem--condValidTo","interaction":{"idSuffix":"inner"}},"wdio_ui5_key":"applicationmanagepricingrules-display-component---newInfoPriceItem--condValidTo"}]}
RESULT: {"script":"<script> [1562 bytes]","args":[{"selector":{"id":"application-managepricingrules-display-component---newInfoPriceItem--condValidTo","interaction":{"idSuffix":"inner"}},"wdio_ui5_key":"applicationmanagepricingrules-display-component---newInfoPriceItem--condValidTo"}]}
RESULT: undefined
COMMAND: POST /session/0483d061f40becc12e3a8004d2d19577/execute/async - {"script":"<script> [776 bytes]","args":[{"enterText":"1/29/26","selector":{"id":"application-managepricingrules-display-component---newInfoPriceItem--condValidTo","interaction":{"idSuffix":"inner"}},"clearTextFirst":true,"interactionType":"ENTER_TEXT"}]}
RESULT: {"script":"<script> [776 bytes]","args":[{"enterText":"1/29/26","selector":{"id":"application-managepricingrules-display-component---newInfoPriceItem--condValidTo","interaction":{"idSuffix":"inner"}},"clearTextFirst":true,"interactionType":"ENTER_TEXT"}]}
COMMAND: POST /session/0483d061f40becc12e3a8004d2d19577/execute/async - {"script":"<script> [1562 bytes]","args":[{"selector":{"id":"application-managepricingrules-display-component---newInfoPriceItem--billType-arrow"},"wdio_ui5_key":"applicationmanagepricingrules-display-component---newInfoPriceItem--billType-arrow"}]}
RESULT: {"script":"<script> [1562 bytes]","args":[{"selector":{"id":"application-managepricingrules-display-component---newInfoPriceItem--billType-arrow"},"wdio_ui5_key":"applicationmanagepricingrules-display-component---newInfoPriceItem--billType-arrow"}]}
RESULT: undefined
COMMAND: POST /session/0483d061f40becc12e3a8004d2d19577/element - {"using":"xpath","value":"//*[@id=\"application-managepricingrules-display-component---newInfoPriceItem--billType-arrow\"]"}
RESULT: {"using":"xpath","value":"//*[@id=\"application-managepricingrules-display-component---newInfoPriceItem--billType-arrow\"]"}
COMMAND: POST /session/0483d061f40becc12e3a8004d2d19577/element/f.21909E599E196C0494D8E3CC232C3551.d.152A8B649D0EDC0FB85BE5D6F3C53183.e.15629/click - {}
RESULT: {}
COMMAND: POST /session/0483d061f40becc12e3a8004d2d19577/element - {"using":"xpath","value":"//span[contains(text(), \"TB - Time based\")]"}
COMMAND: GET /session/0483d061f40becc12e3a8004d2d19577/screenshot - {}
RESULT: {"using":"xpath","value":"//span[contains(text(), \"TB - Time based\")]"}
COMMAND: POST /session/0483d061f40becc12e3a8004d2d19577/element/f.21909E599E196C0494D8E3CC232C3551.d.152A8B649D0EDC0FB85BE5D6F3C53183.e.15630/click - {}
RESULT: {}
RESULT: {}
COMMAND: POST /session/0483d061f40becc12e3a8004d2d19577/execute/async - {"script":"<script> [1562 bytes]","args":[{"selector":{"id":"application-managepricingrules-display-component---newInfoPriceItem--priceProc-arrow"},"wdio_ui5_key":"applicationmanagepricingrules-display-component---newInfoPriceItem--priceProc-arrow"}]}
COMMAND: GET /session/0483d061f40becc12e3a8004d2d19577/screenshot - {}
RESULT: {"script":"<script> [1562 bytes]","args":[{"selector":{"id":"application-managepricingrules-display-component---newInfoPriceItem--priceProc-arrow"},"wdio_ui5_key":"applicationmanagepricingrules-display-component---newInfoPriceItem--priceProc-arrow"}]}
RESULT: undefined
COMMAND: POST /session/0483d061f40becc12e3a8004d2d19577/element - {"using":"xpath","value":"//*[@id=\"application-managepricingrules-display-component---newInfoPriceItem--priceProc-arrow\"]"}
RESULT: {}
RESULT: {"using":"xpath","value":"//*[@id=\"application-managepricingrules-display-component---newInfoPriceItem--priceProc-arrow\"]"}
COMMAND: POST /session/0483d061f40becc12e3a8004d2d19577/element/f.21909E599E196C0494D8E3CC232C3551.d.152A8B649D0EDC0FB85BE5D6F3C53183.e.15631/click - {}
RESULT: {}
COMMAND: POST /session/0483d061f40becc12e3a8004d2d19577/element - {"using":"xpath","value":"//span[contains(text(), \"TBS - Time based standard\")]"}
COMMAND: GET /session/0483d061f40becc12e3a8004d2d19577/screenshot - {}
RESULT: {"using":"xpath","value":"//span[contains(text(), \"TBS - Time based standard\")]"}
COMMAND: POST /session/0483d061f40becc12e3a8004d2d19577/element/f.21909E599E196C0494D8E3CC232C3551.d.152A8B649D0EDC0FB85BE5D6F3C53183.e.15632/click - {}
RESULT: {}
RESULT: {}
COMMAND: POST /session/0483d061f40becc12e3a8004d2d19577/execute/async - {"script":"<script> [1562 bytes]","args":[{"selector":{"id":"application-managepricingrules-display-component---newInfoPriceItem--calcBase-arrow"},"wdio_ui5_key":"applicationmanagepricingrules-display-component---newInfoPriceItem--calcBase-arrow"}]}
COMMAND: GET /session/0483d061f40becc12e3a8004d2d19577/screenshot - {}
RESULT: {"script":"<script> [1562 bytes]","args":[{"selector":{"id":"application-managepricingrules-display-component---newInfoPriceItem--calcBase-arrow"},"wdio_ui5_key":"applicationmanagepricingrules-display-component---newInfoPriceItem--calcBase-arrow"}]}
RESULT: undefined
COMMAND: POST /session/0483d061f40becc12e3a8004d2d19577/element - {"using":"xpath","value":"//*[@id=\"application-managepricingrules-display-component---newInfoPriceItem--calcBase-arrow\"]"}
RESULT: {}
RESULT: {"using":"xpath","value":"//*[@id=\"application-managepricingrules-display-component---newInfoPriceItem--calcBase-arrow\"]"}
COMMAND: POST /session/0483d061f40becc12e3a8004d2d19577/element/f.21909E599E196C0494D8E3CC232C3551.d.152A8B649D0EDC0FB85BE5D6F3C53183.e.15633/click - {}
RESULT: {}
COMMAND: GET /session/0483d061f40becc12e3a8004d2d19577/screenshot - {}
RESULT: {}
COMMAND: POST /session/0483d061f40becc12e3a8004d2d19577/element - {"using":"xpath","value":"//span[contains(text(), \"0006 - TB(calendar days)\")]"}
RESULT: {"using":"xpath","value":"//span[contains(text(), \"0006 - TB(calendar days)\")]"}
COMMAND: POST /session/0483d061f40becc12e3a8004d2d19577/element/f.21909E599E196C0494D8E3CC232C3551.d.152A8B649D0EDC0FB85BE5D6F3C53183.e.15634/click - {}
RESULT: {}
COMMAND: GET /session/0483d061f40becc12e3a8004d2d19577/screenshot - {}
RESULT: {}
COMMAND: POST /session/0483d061f40becc12e3a8004d2d19577/execute/async - {"script":"<script> [1562 bytes]","args":[{"selector":{"id":"application-managepricingrules-display-component---newInfoPriceItem--daysMonth","interaction":{"idSuffix":"inner"}},"wdio_ui5_key":"applicationmanagepricingrules-display-component---newInfoPriceItem--daysMonth"}]}
RESULT: {"script":"<script> [1562 bytes]","args":[{"selector":{"id":"application-managepricingrules-display-component---newInfoPriceItem--daysMonth","interaction":{"idSuffix":"inner"}},"wdio_ui5_key":"applicationmanagepricingrules-display-component---newInfoPriceItem--daysMonth"}]}
RESULT: undefined
COMMAND: POST /session/0483d061f40becc12e3a8004d2d19577/execute/async - {"script":"<script> [776 bytes]","args":[{"enterText":"30","selector":{"id":"application-managepricingrules-display-component---newInfoPriceItem--daysMonth","interaction":{"idSuffix":"inner"}},"clearTextFirst":true,"interactionType":"ENTER_TEXT"}]}
RESULT: {"script":"<script> [776 bytes]","args":[{"enterText":"30","selector":{"id":"application-managepricingrules-display-component---newInfoPriceItem--daysMonth","interaction":{"idSuffix":"inner"}},"clearTextFirst":true,"interactionType":"ENTER_TEXT"}]}
COMMAND: POST /session/0483d061f40becc12e3a8004d2d19577/element - {"using":"xpath","value":"//button[@data-kt=\"saveNewRuleButton\"]"}
RESULT: {"using":"xpath","value":"//button[@data-kt=\"saveNewRuleButton\"]"}
COMMAND: POST /session/0483d061f40becc12e3a8004d2d19577/element/f.21909E599E196C0494D8E3CC232C3551.d.152A8B649D0EDC0FB85BE5D6F3C53183.e.15636/click - {}
RESULT: {}
COMMAND: GET /session/0483d061f40becc12e3a8004d2d19577/screenshot - {}
RESULT: {}
COMMAND: POST /session/0483d061f40becc12e3a8004d2d19577/execute/async - {"script":"<script> [1562 bytes]","args":[{"selector":{"id":"application-managepricingrules-display-component---priceInfoItem--smartFilterBar-btnBasicSearch","interaction":{"idSuffix":"I"}},"wdio_ui5_key":"applicationmanagepricingrules-display-component---priceInfoItem--smartFilterBar-btnBasicSearch"}]}
RESULT: {"script":"<script> [1562 bytes]","args":[{"selector":{"id":"application-managepricingrules-display-component---priceInfoItem--smartFilterBar-btnBasicSearch","interaction":{"idSuffix":"I"}},"wdio_ui5_key":"applicationmanagepricingrules-display-component---priceInfoItem--smartFilterBar-btnBasicSearch"}]}
RESULT: undefined
COMMAND: POST /session/0483d061f40becc12e3a8004d2d19577/execute/async - {"script":"<script> [776 bytes]","args":[{"enterText":"ImU2lsUOJ0","selector":{"id":"application-managepricingrules-display-component---priceInfoItem--smartFilterBar-btnBasicSearch","interaction":{"idSuffix":"I"}},"clearTextFirst":true,"interactionType":"ENTER_TEXT"}]}
RESULT: {"script":"<script> [776 bytes]","args":[{"enterText":"ImU2lsUOJ0","selector":{"id":"application-managepricingrules-display-component---priceInfoItem--smartFilterBar-btnBasicSearch","interaction":{"idSuffix":"I"}},"clearTextFirst":true,"interactionType":"ENTER_TEXT"}]}
COMMAND: POST /session/0483d061f40becc12e3a8004d2d19577/actions - {"actions":[{"id":"action49","type":"key","parameters":{},"actions":[{"type":"keyDown","value":""},{"type":"pause","duration":10},{"type":"keyUp","value":""}]}]}
RESULT: {"actions":[{"id":"action49","type":"key","parameters":{},"actions":[{"type":"keyDown","value":""},{"type":"pause","duration":10},{"type":"keyUp","value":""}]}]}
COMMAND: GET /session/0483d061f40becc12e3a8004d2d19577/screenshot - {}
RESULT: {}
COMMAND: POST /session/0483d061f40becc12e3a8004d2d19577/element - {"using":"xpath","value":"//span[@id=\"application-managepricingrules-display-component---priceInfoItem--smartTable-header-inner\"]"}
RESULT: {"using":"xpath","value":"//span[@id=\"application-managepricingrules-display-component---priceInfoItem--smartTable-header-inner\"]"}
COMMAND: POST /session/0483d061f40becc12e3a8004d2d19577/elements - {"using":"xpath","value":"//span[@id=\"application-managepricingrules-display-component---priceInfoItem--smartTable-header-inner\"]"}
RESULT: {"using":"xpath","value":"//span[@id=\"application-managepricingrules-display-component---priceInfoItem--smartTable-header-inner\"]"}
COMMAND: POST /session/0483d061f40becc12e3a8004d2d19577/execute/sync - {"script":"<script> [56 bytes]","args":[{"element-6066-11e4-a52e-4f735466cecf":"f.21909E599E196C0494D8E3CC232C3551.d.152A8B649D0EDC0FB85BE5D6F3C53183.e.15649","ELEMENT":"f.21909E599E196C0494D8E3CC232C3551.d.152A8B649D0EDC0FB85BE5D6F3C53183.e.15649"}]}
RESULT: {"script":"<script> [56 bytes]","args":[{"element-6066-11e4-a52e-4f735466cecf":"f.21909E599E196C0494D8E3CC232C3551.d.152A8B649D0EDC0FB85BE5D6F3C53183.e.15649","ELEMENT":"f.21909E599E196C0494D8E3CC232C3551.d.152A8B649D0EDC0FB85BE5D6F3C53183.e.15649"}]}
COMMAND: POST /session/0483d061f40becc12e3a8004d2d19577/element - {"using":"css selector","value":"#shell-header-logo"}
COMMAND: GET /session/0483d061f40becc12e3a8004d2d19577/screenshot - {}
RESULT: {"using":"css selector","value":"#shell-header-logo"}
COMMAND: POST /session/0483d061f40becc12e3a8004d2d19577/element/f.21909E599E196C0494D8E3CC232C3551.d.152A8B649D0EDC0FB85BE5D6F3C53183.e.14837/click - {}
RESULT: {}
RESULT: {}
COMMAND: GET /session/0483d061f40becc12e3a8004d2d19577/screenshot - {}
RESULT: {}
]]></system-out>
    </testcase>
    <testcase classname="chrome.136_0_7103_93.windows.Billing_transfer_US117289" name="Should create new condition for equipment" time="65.848">
      <system-out><![CDATA[
COMMAND: POST /session/0483d061f40becc12e3a8004d2d19577/execute/async - {"script":"<script> [1562 bytes]","args":[{"selector":{"controlType":"sap.m.GenericTile","properties":{"header":"Manage Conditions & Prices"}},"wdio_ui5_key":"sapm.GenericTile{\"header\":\"Manage Conditions & Prices\"}"}]}
RESULT: {"script":"<script> [1562 bytes]","args":[{"selector":{"controlType":"sap.m.GenericTile","properties":{"header":"Manage Conditions & Prices"}},"wdio_ui5_key":"sapm.GenericTile{\"header\":\"Manage Conditions & Prices\"}"}]}
RESULT: undefined
COMMAND: POST /session/0483d061f40becc12e3a8004d2d19577/element - {"using":"xpath","value":"//*[@id=\"__tile53\"]"}
RESULT: {"using":"xpath","value":"//*[@id=\"__tile53\"]"}
COMMAND: POST /session/0483d061f40becc12e3a8004d2d19577/element/f.21909E599E196C0494D8E3CC232C3551.d.152A8B649D0EDC0FB85BE5D6F3C53183.e.14780/click - {}
RESULT: {}
COMMAND: GET /session/0483d061f40becc12e3a8004d2d19577/screenshot - {}
RESULT: {}
COMMAND: POST /session/0483d061f40becc12e3a8004d2d19577/elements - {"using":"xpath","value":"//span[text()='Error']"}
RESULT: {"using":"xpath","value":"//span[text()='Error']"}
COMMAND: POST /session/0483d061f40becc12e3a8004d2d19577/element - {"using":"xpath","value":"//button[@aria-label=\"Create\"]"}
RESULT: {"using":"xpath","value":"//button[@aria-label=\"Create\"]"}
COMMAND: POST /session/0483d061f40becc12e3a8004d2d19577/elements - {"using":"xpath","value":"//button[@aria-label=\"Create\"]"}
RESULT: {"using":"xpath","value":"//button[@aria-label=\"Create\"]"}
COMMAND: POST /session/0483d061f40becc12e3a8004d2d19577/execute/sync - {"script":"<script> [8489 bytes]","args":[{"element-6066-11e4-a52e-4f735466cecf":"f.21909E599E196C0494D8E3CC232C3551.d.152A8B649D0EDC0FB85BE5D6F3C53183.e.15684","ELEMENT":"f.21909E599E196C0494D8E3CC232C3551.d.152A8B649D0EDC0FB85BE5D6F3C53183.e.15684"}]}
RESULT: {"script":"<script> [8489 bytes]","args":[{"element-6066-11e4-a52e-4f735466cecf":"f.21909E599E196C0494D8E3CC232C3551.d.152A8B649D0EDC0FB85BE5D6F3C53183.e.15684","ELEMENT":"f.21909E599E196C0494D8E3CC232C3551.d.152A8B649D0EDC0FB85BE5D6F3C53183.e.15684"}]}
COMMAND: GET /session/0483d061f40becc12e3a8004d2d19577/element/f.21909E599E196C0494D8E3CC232C3551.d.152A8B649D0EDC0FB85BE5D6F3C53183.e.15684/enabled - {}
COMMAND: GET /session/0483d061f40becc12e3a8004d2d19577/screenshot - {}
RESULT: {}
COMMAND: POST /session/0483d061f40becc12e3a8004d2d19577/execute/sync - {"script":"<script> [8489 bytes]","args":[{"element-6066-11e4-a52e-4f735466cecf":"f.21909E599E196C0494D8E3CC232C3551.d.152A8B649D0EDC0FB85BE5D6F3C53183.e.15684","ELEMENT":"f.21909E599E196C0494D8E3CC232C3551.d.152A8B649D0EDC0FB85BE5D6F3C53183.e.15684"}]}
COMMAND: GET /session/0483d061f40becc12e3a8004d2d19577/screenshot - {}
RESULT: {}
RESULT: {"script":"<script> [8489 bytes]","args":[{"element-6066-11e4-a52e-4f735466cecf":"f.21909E599E196C0494D8E3CC232C3551.d.152A8B649D0EDC0FB85BE5D6F3C53183.e.15684","ELEMENT":"f.21909E599E196C0494D8E3CC232C3551.d.152A8B649D0EDC0FB85BE5D6F3C53183.e.15684"}]}
COMMAND: POST /session/0483d061f40becc12e3a8004d2d19577/execute/sync - {"script":"<script> [5351 bytes]","args":[{"element-6066-11e4-a52e-4f735466cecf":"f.21909E599E196C0494D8E3CC232C3551.d.152A8B649D0EDC0FB85BE5D6F3C53183.e.15684","ELEMENT":"f.21909E599E196C0494D8E3CC232C3551.d.152A8B649D0EDC0FB85BE5D6F3C53183.e.15684"}]}
COMMAND: GET /session/0483d061f40becc12e3a8004d2d19577/screenshot - {}
RESULT: {}
RESULT: {"script":"<script> [5351 bytes]","args":[{"element-6066-11e4-a52e-4f735466cecf":"f.21909E599E196C0494D8E3CC232C3551.d.152A8B649D0EDC0FB85BE5D6F3C53183.e.15684","ELEMENT":"f.21909E599E196C0494D8E3CC232C3551.d.152A8B649D0EDC0FB85BE5D6F3C53183.e.15684"}]}
COMMAND: POST /session/0483d061f40becc12e3a8004d2d19577/element/f.21909E599E196C0494D8E3CC232C3551.d.152A8B649D0EDC0FB85BE5D6F3C53183.e.15684/click - {}
COMMAND: GET /session/0483d061f40becc12e3a8004d2d19577/screenshot - {}
RESULT: {}
RESULT: {}
COMMAND: GET /session/0483d061f40becc12e3a8004d2d19577/screenshot - {}
RESULT: {}
RESULT: {}
COMMAND: POST /session/0483d061f40becc12e3a8004d2d19577/actions - {"actions":[{"id":"action50","type":"key","parameters":{},"actions":[{"type":"keyDown","value":""},{"type":"pause","duration":10},{"type":"keyUp","value":""}]}]}
RESULT: {"actions":[{"id":"action50","type":"key","parameters":{},"actions":[{"type":"keyDown","value":""},{"type":"pause","duration":10},{"type":"keyUp","value":""}]}]}
COMMAND: GET /session/0483d061f40becc12e3a8004d2d19577/screenshot - {}
RESULT: {}
COMMAND: POST /session/0483d061f40becc12e3a8004d2d19577/execute/async - {"script":"<script> [1562 bytes]","args":[{"selector":{"id":"application-manageconditionprice-display-component---newCondition--condBillCond-arrow"},"wdio_ui5_key":"applicationmanageconditionprice-display-component---newCondition--condBillCond-arrow"}]}
RESULT: {"script":"<script> [1562 bytes]","args":[{"selector":{"id":"application-manageconditionprice-display-component---newCondition--condBillCond-arrow"},"wdio_ui5_key":"applicationmanageconditionprice-display-component---newCondition--condBillCond-arrow"}]}
RESULT: undefined
COMMAND: POST /session/0483d061f40becc12e3a8004d2d19577/element - {"using":"xpath","value":"//*[@id=\"application-manageconditionprice-display-component---newCondition--condBillCond-arrow\"]"}
RESULT: {"using":"xpath","value":"//*[@id=\"application-manageconditionprice-display-component---newCondition--condBillCond-arrow\"]"}
COMMAND: POST /session/0483d061f40becc12e3a8004d2d19577/element/f.21909E599E196C0494D8E3CC232C3551.d.152A8B649D0EDC0FB85BE5D6F3C53183.e.15864/click - {}
RESULT: {}
COMMAND: GET /session/0483d061f40becc12e3a8004d2d19577/screenshot - {}
RESULT: {}
COMMAND: POST /session/0483d061f40becc12e3a8004d2d19577/element - {"using":"xpath","value":"//li[.//span[contains(text(), \"DISP - D&I special price\")]]"}
RESULT: {"using":"xpath","value":"//li[.//span[contains(text(), \"DISP - D&I special price\")]]"}
COMMAND: POST /session/0483d061f40becc12e3a8004d2d19577/element/f.21909E599E196C0494D8E3CC232C3551.d.152A8B649D0EDC0FB85BE5D6F3C53183.e.15867/click - {}
RESULT: {}
COMMAND: GET /session/0483d061f40becc12e3a8004d2d19577/screenshot - {}
RESULT: {}
COMMAND: POST /session/0483d061f40becc12e3a8004d2d19577/execute/async - {"script":"<script> [1562 bytes]","args":[{"selector":{"id":"application-manageconditionprice-display-component---newCondition--condValidTo","interaction":{"idSuffix":"inner"}},"wdio_ui5_key":"applicationmanageconditionprice-display-component---newCondition--condValidTo"}]}
RESULT: {"script":"<script> [1562 bytes]","args":[{"selector":{"id":"application-manageconditionprice-display-component---newCondition--condValidTo","interaction":{"idSuffix":"inner"}},"wdio_ui5_key":"applicationmanageconditionprice-display-component---newCondition--condValidTo"}]}
RESULT: undefined
COMMAND: POST /session/0483d061f40becc12e3a8004d2d19577/execute/async - {"script":"<script> [776 bytes]","args":[{"enterText":"1/29/26","selector":{"id":"application-manageconditionprice-display-component---newCondition--condValidTo","interaction":{"idSuffix":"inner"}},"clearTextFirst":true,"interactionType":"ENTER_TEXT"}]}
RESULT: {"script":"<script> [776 bytes]","args":[{"enterText":"1/29/26","selector":{"id":"application-manageconditionprice-display-component---newCondition--condValidTo","interaction":{"idSuffix":"inner"}},"clearTextFirst":true,"interactionType":"ENTER_TEXT"}]}
COMMAND: POST /session/0483d061f40becc12e3a8004d2d19577/element - {"using":"xpath","value":"//input[@id=\"application-manageconditionprice-display-component---newCondition--condRU-inner\"]"}
RESULT: {"using":"xpath","value":"//input[@id=\"application-manageconditionprice-display-component---newCondition--condRU-inner\"]"}
COMMAND: POST /session/0483d061f40becc12e3a8004d2d19577/element/f.21909E599E196C0494D8E3CC232C3551.d.152A8B649D0EDC0FB85BE5D6F3C53183.e.15728/clear - {}
RESULT: {}
COMMAND: POST /session/0483d061f40becc12e3a8004d2d19577/element/f.21909E599E196C0494D8E3CC232C3551.d.152A8B649D0EDC0FB85BE5D6F3C53183.e.15728/value - {"text":"ImU2lsUOJ0"}
COMMAND: GET /session/0483d061f40becc12e3a8004d2d19577/screenshot - {}
RESULT: {"text":"ImU2lsUOJ0"}
COMMAND: GET /session/0483d061f40becc12e3a8004d2d19577/screenshot - {}
RESULT: {}
RESULT: {}
COMMAND: POST /session/0483d061f40becc12e3a8004d2d19577/actions - {"actions":[{"id":"action51","type":"key","parameters":{},"actions":[{"type":"keyDown","value":""},{"type":"pause","duration":10},{"type":"keyUp","value":""}]}]}
RESULT: {"actions":[{"id":"action51","type":"key","parameters":{},"actions":[{"type":"keyDown","value":""},{"type":"pause","duration":10},{"type":"keyUp","value":""}]}]}
COMMAND: POST /session/0483d061f40becc12e3a8004d2d19577/execute/async - {"script":"<script> [1562 bytes]","args":[{"selector":{"id":"application-manageconditionprice-display-component---newCondition--condBaseQty","interaction":{"idSuffix":"inner"}},"wdio_ui5_key":"applicationmanageconditionprice-display-component---newCondition--condBaseQty"}]}
COMMAND: GET /session/0483d061f40becc12e3a8004d2d19577/screenshot - {}
RESULT: {"script":"<script> [1562 bytes]","args":[{"selector":{"id":"application-manageconditionprice-display-component---newCondition--condBaseQty","interaction":{"idSuffix":"inner"}},"wdio_ui5_key":"applicationmanageconditionprice-display-component---newCondition--condBaseQty"}]}
RESULT: undefined
COMMAND: POST /session/0483d061f40becc12e3a8004d2d19577/execute/async - {"script":"<script> [776 bytes]","args":[{"enterText":"1","selector":{"id":"application-manageconditionprice-display-component---newCondition--condBaseQty","interaction":{"idSuffix":"inner"}},"clearTextFirst":true,"interactionType":"ENTER_TEXT"}]}
RESULT: {}
RESULT: {"script":"<script> [776 bytes]","args":[{"enterText":"1","selector":{"id":"application-manageconditionprice-display-component---newCondition--condBaseQty","interaction":{"idSuffix":"inner"}},"clearTextFirst":true,"interactionType":"ENTER_TEXT"}]}
COMMAND: POST /session/0483d061f40becc12e3a8004d2d19577/execute/async - {"script":"<script> [1562 bytes]","args":[{"selector":{"id":"application-manageconditionprice-display-component---newCondition--condValue","interaction":{"idSuffix":"inner"}},"wdio_ui5_key":"applicationmanageconditionprice-display-component---newCondition--condValue"}]}
RESULT: {"script":"<script> [1562 bytes]","args":[{"selector":{"id":"application-manageconditionprice-display-component---newCondition--condValue","interaction":{"idSuffix":"inner"}},"wdio_ui5_key":"applicationmanageconditionprice-display-component---newCondition--condValue"}]}
RESULT: undefined
COMMAND: POST /session/0483d061f40becc12e3a8004d2d19577/execute/async - {"script":"<script> [776 bytes]","args":[{"enterText":"100","selector":{"id":"application-manageconditionprice-display-component---newCondition--condValue","interaction":{"idSuffix":"inner"}},"clearTextFirst":true,"interactionType":"ENTER_TEXT"}]}
RESULT: {"script":"<script> [776 bytes]","args":[{"enterText":"100","selector":{"id":"application-manageconditionprice-display-component---newCondition--condValue","interaction":{"idSuffix":"inner"}},"clearTextFirst":true,"interactionType":"ENTER_TEXT"}]}
COMMAND: POST /session/0483d061f40becc12e3a8004d2d19577/execute/async - {"script":"<script> [1562 bytes]","args":[{"selector":{"id":"application-manageconditionprice-display-component---newCondition--condCurr-arrow"},"wdio_ui5_key":"applicationmanageconditionprice-display-component---newCondition--condCurr-arrow"}]}
RESULT: {"script":"<script> [1562 bytes]","args":[{"selector":{"id":"application-manageconditionprice-display-component---newCondition--condCurr-arrow"},"wdio_ui5_key":"applicationmanageconditionprice-display-component---newCondition--condCurr-arrow"}]}
RESULT: undefined
COMMAND: POST /session/0483d061f40becc12e3a8004d2d19577/element - {"using":"xpath","value":"//*[@id=\"application-manageconditionprice-display-component---newCondition--condCurr-arrow\"]"}
RESULT: {"using":"xpath","value":"//*[@id=\"application-manageconditionprice-display-component---newCondition--condCurr-arrow\"]"}
COMMAND: POST /session/0483d061f40becc12e3a8004d2d19577/element/f.21909E599E196C0494D8E3CC232C3551.d.152A8B649D0EDC0FB85BE5D6F3C53183.e.15826/click - {}
RESULT: {}
COMMAND: POST /session/0483d061f40becc12e3a8004d2d19577/element - {"using":"xpath","value":"//span[contains(text(), \"Euro\")]"}
COMMAND: GET /session/0483d061f40becc12e3a8004d2d19577/screenshot - {}
RESULT: {"using":"xpath","value":"//span[contains(text(), \"Euro\")]"}
COMMAND: POST /session/0483d061f40becc12e3a8004d2d19577/element/f.21909E599E196C0494D8E3CC232C3551.d.152A8B649D0EDC0FB85BE5D6F3C53183.e.15904/click - {}
RESULT: {}
RESULT: {}
COMMAND: POST /session/0483d061f40becc12e3a8004d2d19577/element - {"using":"xpath","value":"//button[@data-kt=\"saveButton\"]"}
COMMAND: GET /session/0483d061f40becc12e3a8004d2d19577/screenshot - {}
RESULT: {"using":"xpath","value":"//button[@data-kt=\"saveButton\"]"}
COMMAND: POST /session/0483d061f40becc12e3a8004d2d19577/element/f.21909E599E196C0494D8E3CC232C3551.d.152A8B649D0EDC0FB85BE5D6F3C53183.e.15827/click - {}
RESULT: {}
RESULT: {}
COMMAND: GET /session/0483d061f40becc12e3a8004d2d19577/screenshot - {}
RESULT: {}
COMMAND: POST /session/0483d061f40becc12e3a8004d2d19577/execute/async - {"script":"<script> [1562 bytes]","args":[{"selector":{"id":"application-manageconditionprice-display-component---conditions--smartFilterBar-btnBasicSearch","interaction":{"idSuffix":"I"}},"wdio_ui5_key":"applicationmanageconditionprice-display-component---conditions--smartFilterBar-btnBasicSearch"}]}
RESULT: {"script":"<script> [1562 bytes]","args":[{"selector":{"id":"application-manageconditionprice-display-component---conditions--smartFilterBar-btnBasicSearch","interaction":{"idSuffix":"I"}},"wdio_ui5_key":"applicationmanageconditionprice-display-component---conditions--smartFilterBar-btnBasicSearch"}]}
RESULT: undefined
COMMAND: POST /session/0483d061f40becc12e3a8004d2d19577/execute/async - {"script":"<script> [776 bytes]","args":[{"enterText":"ImU2lsUOJ0","selector":{"id":"application-manageconditionprice-display-component---conditions--smartFilterBar-btnBasicSearch","interaction":{"idSuffix":"I"}},"clearTextFirst":true,"interactionType":"ENTER_TEXT"}]}
RESULT: {"script":"<script> [776 bytes]","args":[{"enterText":"ImU2lsUOJ0","selector":{"id":"application-manageconditionprice-display-component---conditions--smartFilterBar-btnBasicSearch","interaction":{"idSuffix":"I"}},"clearTextFirst":true,"interactionType":"ENTER_TEXT"}]}
COMMAND: POST /session/0483d061f40becc12e3a8004d2d19577/actions - {"actions":[{"id":"action52","type":"key","parameters":{},"actions":[{"type":"keyDown","value":""},{"type":"pause","duration":10},{"type":"keyUp","value":""}]}]}
RESULT: {"actions":[{"id":"action52","type":"key","parameters":{},"actions":[{"type":"keyDown","value":""},{"type":"pause","duration":10},{"type":"keyUp","value":""}]}]}
COMMAND: GET /session/0483d061f40becc12e3a8004d2d19577/screenshot - {}
RESULT: {}
COMMAND: POST /session/0483d061f40becc12e3a8004d2d19577/execute/async - {"script":"<script> [1562 bytes]","args":[{"selector":{"id":"application-manageconditionprice-display-component---conditions--smartFilterBar-filterItemControl_BASIC-BILL_TYPES-vhi"},"wdio_ui5_key":"applicationmanageconditionprice-display-component---conditions--smartFilterBar-filterItemControl_BASIC-BILL_TYPES-vhi"}]}
RESULT: {"script":"<script> [1562 bytes]","args":[{"selector":{"id":"application-manageconditionprice-display-component---conditions--smartFilterBar-filterItemControl_BASIC-BILL_TYPES-vhi"},"wdio_ui5_key":"applicationmanageconditionprice-display-component---conditions--smartFilterBar-filterItemControl_BASIC-BILL_TYPES-vhi"}]}
RESULT: undefined
COMMAND: POST /session/0483d061f40becc12e3a8004d2d19577/element - {"using":"xpath","value":"//*[@id=\"application-manageconditionprice-display-component---conditions--smartFilterBar-filterItemControl_BASIC-BILL_TYPES-vhi\"]"}
RESULT: {"using":"xpath","value":"//*[@id=\"application-manageconditionprice-display-component---conditions--smartFilterBar-filterItemControl_BASIC-BILL_TYPES-vhi\"]"}
COMMAND: POST /session/0483d061f40becc12e3a8004d2d19577/element/f.21909E599E196C0494D8E3CC232C3551.d.152A8B649D0EDC0FB85BE5D6F3C53183.e.15920/click - {}
RESULT: {}
COMMAND: POST /session/0483d061f40becc12e3a8004d2d19577/execute/async - {"script":"<script> [1562 bytes]","args":[{"selector":{"id":"application-manageconditionprice-display-component---conditions--smartFilterBar-filterItemControl_BASIC-BILL_TYPES-valueHelpDialog-smartFilterBar-btnBasicSearch","searchOpenDialogs":true,"interaction":{"idSuffix":"I"}},"wdio_ui5_key":"applicationmanageconditionprice-display-component---conditions--smartFilterBar-filterItemControl_BASIC-BILL_TYPES-valueHelpDialog-smartFilterBar-btnBasicSearch"}]}
COMMAND: GET /session/0483d061f40becc12e3a8004d2d19577/screenshot - {}
RESULT: {"script":"<script> [1562 bytes]","args":[{"selector":{"id":"application-manageconditionprice-display-component---conditions--smartFilterBar-filterItemControl_BASIC-BILL_TYPES-valueHelpDialog-smartFilterBar-btnBasicSearch","searchOpenDialogs":true,"interaction":{"idSuffix":"I"}},"wdio_ui5_key":"applicationmanageconditionprice-display-component---conditions--smartFilterBar-filterItemControl_BASIC-BILL_TYPES-valueHelpDialog-smartFilterBar-btnBasicSearch"}]}
RESULT: undefined
COMMAND: POST /session/0483d061f40becc12e3a8004d2d19577/execute/async - {"script":"<script> [776 bytes]","args":[{"enterText":"TB","selector":{"id":"application-manageconditionprice-display-component---conditions--smartFilterBar-filterItemControl_BASIC-BILL_TYPES-valueHelpDialog-smartFilterBar-btnBasicSearch","searchOpenDialogs":true,"interaction":{"idSuffix":"I"}},"clearTextFirst":true,"interactionType":"ENTER_TEXT"}]}
RESULT: {}
RESULT: {"script":"<script> [776 bytes]","args":[{"enterText":"TB","selector":{"id":"application-manageconditionprice-display-component---conditions--smartFilterBar-filterItemControl_BASIC-BILL_TYPES-valueHelpDialog-smartFilterBar-btnBasicSearch","searchOpenDialogs":true,"interaction":{"idSuffix":"I"}},"clearTextFirst":true,"interactionType":"ENTER_TEXT"}]}
COMMAND: POST /session/0483d061f40becc12e3a8004d2d19577/actions - {"actions":[{"id":"action53","type":"key","parameters":{},"actions":[{"type":"keyDown","value":""},{"type":"pause","duration":10},{"type":"keyUp","value":""}]}]}
RESULT: {"actions":[{"id":"action53","type":"key","parameters":{},"actions":[{"type":"keyDown","value":""},{"type":"pause","duration":10},{"type":"keyUp","value":""}]}]}
COMMAND: GET /session/0483d061f40becc12e3a8004d2d19577/screenshot - {}
RESULT: {}
COMMAND: POST /session/0483d061f40becc12e3a8004d2d19577/element - {"using":"xpath","value":"//div[contains(@id, 'application-manageconditionprice-display-component---conditions--smartFilterBar-filterItemControl_BASIC-BILL_TYPES-valueHelpDialog-table-rowsel0')]"}
RESULT: {"using":"xpath","value":"//div[contains(@id, 'application-manageconditionprice-display-component---conditions--smartFilterBar-filterItemControl_BASIC-BILL_TYPES-valueHelpDialog-table-rowsel0')]"}
COMMAND: POST /session/0483d061f40becc12e3a8004d2d19577/element/f.21909E599E196C0494D8E3CC232C3551.d.152A8B649D0EDC0FB85BE5D6F3C53183.e.15930/click - {}
RESULT: {}
COMMAND: GET /session/0483d061f40becc12e3a8004d2d19577/screenshot - {}
RESULT: {}
COMMAND: POST /session/0483d061f40becc12e3a8004d2d19577/element - {"using":"xpath","value":"//bdi[contains(text(), \"OK\")]"}
RESULT: {"using":"xpath","value":"//bdi[contains(text(), \"OK\")]"}
COMMAND: POST /session/0483d061f40becc12e3a8004d2d19577/element/f.21909E599E196C0494D8E3CC232C3551.d.152A8B649D0EDC0FB85BE5D6F3C53183.e.15932/click - {}
RESULT: {}
COMMAND: GET /session/0483d061f40becc12e3a8004d2d19577/screenshot - {}
RESULT: {}
COMMAND: POST /session/0483d061f40becc12e3a8004d2d19577/element - {"using":"xpath","value":"//span[@id=\"application-manageconditionprice-display-component---conditions--smartTable-header-inner\"]"}
RESULT: {"using":"xpath","value":"//span[@id=\"application-manageconditionprice-display-component---conditions--smartTable-header-inner\"]"}
COMMAND: POST /session/0483d061f40becc12e3a8004d2d19577/elements - {"using":"xpath","value":"//span[@id=\"application-manageconditionprice-display-component---conditions--smartTable-header-inner\"]"}
RESULT: {"using":"xpath","value":"//span[@id=\"application-manageconditionprice-display-component---conditions--smartTable-header-inner\"]"}
COMMAND: POST /session/0483d061f40becc12e3a8004d2d19577/execute/sync - {"script":"<script> [56 bytes]","args":[{"element-6066-11e4-a52e-4f735466cecf":"f.21909E599E196C0494D8E3CC232C3551.d.152A8B649D0EDC0FB85BE5D6F3C53183.e.15935","ELEMENT":"f.21909E599E196C0494D8E3CC232C3551.d.152A8B649D0EDC0FB85BE5D6F3C53183.e.15935"}]}
RESULT: {"script":"<script> [56 bytes]","args":[{"element-6066-11e4-a52e-4f735466cecf":"f.21909E599E196C0494D8E3CC232C3551.d.152A8B649D0EDC0FB85BE5D6F3C53183.e.15935","ELEMENT":"f.21909E599E196C0494D8E3CC232C3551.d.152A8B649D0EDC0FB85BE5D6F3C53183.e.15935"}]}
COMMAND: POST /session/0483d061f40becc12e3a8004d2d19577/element - {"using":"css selector","value":"#shell-header-logo"}
COMMAND: GET /session/0483d061f40becc12e3a8004d2d19577/screenshot - {}
RESULT: {"using":"css selector","value":"#shell-header-logo"}
COMMAND: POST /session/0483d061f40becc12e3a8004d2d19577/element/f.21909E599E196C0494D8E3CC232C3551.d.152A8B649D0EDC0FB85BE5D6F3C53183.e.15652/click - {}
RESULT: {}
RESULT: {}
COMMAND: GET /session/0483d061f40becc12e3a8004d2d19577/screenshot - {}
RESULT: {}
]]></system-out>
    </testcase>
    <testcase classname="chrome.136_0_7103_93.windows.Billing_transfer_US117289" name="Should do a stock increase" time="91.041">
      <system-out><![CDATA[
COMMAND: POST /session/0483d061f40becc12e3a8004d2d19577/execute/async - {"script":"<script> [1562 bytes]","args":[{"selector":{"controlType":"sap.m.GenericTile","properties":{"header":"Manage Handovers"}},"wdio_ui5_key":"sapm.GenericTile{\"header\":\"Manage Handovers\"}"}]}
RESULT: {"script":"<script> [1562 bytes]","args":[{"selector":{"controlType":"sap.m.GenericTile","properties":{"header":"Manage Handovers"}},"wdio_ui5_key":"sapm.GenericTile{\"header\":\"Manage Handovers\"}"}]}
RESULT: undefined
COMMAND: POST /session/0483d061f40becc12e3a8004d2d19577/element - {"using":"xpath","value":"//*[@id=\"__tile132\"]"}
RESULT: {"using":"xpath","value":"//*[@id=\"__tile132\"]"}
COMMAND: POST /session/0483d061f40becc12e3a8004d2d19577/element/f.21909E599E196C0494D8E3CC232C3551.d.152A8B649D0EDC0FB85BE5D6F3C53183.e.14812/click - {}
RESULT: {}
COMMAND: GET /session/0483d061f40becc12e3a8004d2d19577/screenshot - {}
RESULT: {}
COMMAND: POST /session/0483d061f40becc12e3a8004d2d19577/elements - {"using":"xpath","value":"//span[text()='Error']"}
RESULT: {"using":"xpath","value":"//span[text()='Error']"}
COMMAND: POST /session/0483d061f40becc12e3a8004d2d19577/element - {"using":"xpath","value":"//button[@data-kt=\"masterHOAddButton\"]"}
RESULT: {"using":"xpath","value":"//button[@data-kt=\"masterHOAddButton\"]"}
COMMAND: POST /session/0483d061f40becc12e3a8004d2d19577/elements - {"using":"xpath","value":"//button[@data-kt=\"masterHOAddButton\"]"}
RESULT: {"using":"xpath","value":"//button[@data-kt=\"masterHOAddButton\"]"}
COMMAND: POST /session/0483d061f40becc12e3a8004d2d19577/execute/sync - {"script":"<script> [8489 bytes]","args":[{"element-6066-11e4-a52e-4f735466cecf":"f.21909E599E196C0494D8E3CC232C3551.d.152A8B649D0EDC0FB85BE5D6F3C53183.e.15976","ELEMENT":"f.21909E599E196C0494D8E3CC232C3551.d.152A8B649D0EDC0FB85BE5D6F3C53183.e.15976"}]}
RESULT: {"script":"<script> [8489 bytes]","args":[{"element-6066-11e4-a52e-4f735466cecf":"f.21909E599E196C0494D8E3CC232C3551.d.152A8B649D0EDC0FB85BE5D6F3C53183.e.15976","ELEMENT":"f.21909E599E196C0494D8E3CC232C3551.d.152A8B649D0EDC0FB85BE5D6F3C53183.e.15976"}]}
COMMAND: GET /session/0483d061f40becc12e3a8004d2d19577/element/f.21909E599E196C0494D8E3CC232C3551.d.152A8B649D0EDC0FB85BE5D6F3C53183.e.15976/enabled - {}
COMMAND: GET /session/0483d061f40becc12e3a8004d2d19577/screenshot - {}
RESULT: {}
COMMAND: POST /session/0483d061f40becc12e3a8004d2d19577/execute/sync - {"script":"<script> [8489 bytes]","args":[{"element-6066-11e4-a52e-4f735466cecf":"f.21909E599E196C0494D8E3CC232C3551.d.152A8B649D0EDC0FB85BE5D6F3C53183.e.15976","ELEMENT":"f.21909E599E196C0494D8E3CC232C3551.d.152A8B649D0EDC0FB85BE5D6F3C53183.e.15976"}]}
COMMAND: GET /session/0483d061f40becc12e3a8004d2d19577/screenshot - {}
RESULT: {}
RESULT: {"script":"<script> [8489 bytes]","args":[{"element-6066-11e4-a52e-4f735466cecf":"f.21909E599E196C0494D8E3CC232C3551.d.152A8B649D0EDC0FB85BE5D6F3C53183.e.15976","ELEMENT":"f.21909E599E196C0494D8E3CC232C3551.d.152A8B649D0EDC0FB85BE5D6F3C53183.e.15976"}]}
COMMAND: POST /session/0483d061f40becc12e3a8004d2d19577/execute/sync - {"script":"<script> [5351 bytes]","args":[{"element-6066-11e4-a52e-4f735466cecf":"f.21909E599E196C0494D8E3CC232C3551.d.152A8B649D0EDC0FB85BE5D6F3C53183.e.15976","ELEMENT":"f.21909E599E196C0494D8E3CC232C3551.d.152A8B649D0EDC0FB85BE5D6F3C53183.e.15976"}]}
COMMAND: GET /session/0483d061f40becc12e3a8004d2d19577/screenshot - {}
RESULT: {}
RESULT: {"script":"<script> [5351 bytes]","args":[{"element-6066-11e4-a52e-4f735466cecf":"f.21909E599E196C0494D8E3CC232C3551.d.152A8B649D0EDC0FB85BE5D6F3C53183.e.15976","ELEMENT":"f.21909E599E196C0494D8E3CC232C3551.d.152A8B649D0EDC0FB85BE5D6F3C53183.e.15976"}]}
COMMAND: POST /session/0483d061f40becc12e3a8004d2d19577/element/f.21909E599E196C0494D8E3CC232C3551.d.152A8B649D0EDC0FB85BE5D6F3C53183.e.15976/click - {}
COMMAND: GET /session/0483d061f40becc12e3a8004d2d19577/screenshot - {}
RESULT: {}
RESULT: {}
COMMAND: GET /session/0483d061f40becc12e3a8004d2d19577/screenshot - {}
RESULT: {}
RESULT: {}
COMMAND: POST /session/0483d061f40becc12e3a8004d2d19577/element - {"using":"xpath","value":"//span[contains(@id ,\"AddNewHO--typeSelect-arrow\")]"}
RESULT: {"using":"xpath","value":"//span[contains(@id ,\"AddNewHO--typeSelect-arrow\")]"}
COMMAND: POST /session/0483d061f40becc12e3a8004d2d19577/element/f.21909E599E196C0494D8E3CC232C3551.d.152A8B649D0EDC0FB85BE5D6F3C53183.e.16330/click - {}
RESULT: {}
COMMAND: GET /session/0483d061f40becc12e3a8004d2d19577/screenshot - {}
RESULT: {}
COMMAND: POST /session/0483d061f40becc12e3a8004d2d19577/element - {"using":"xpath","value":"(//li[contains(text(), \"stock increase yard\")])[1]"}
RESULT: {"using":"xpath","value":"(//li[contains(text(), \"stock increase yard\")])[1]"}
COMMAND: POST /session/0483d061f40becc12e3a8004d2d19577/element/f.21909E599E196C0494D8E3CC232C3551.d.152A8B649D0EDC0FB85BE5D6F3C53183.e.16331/click - {}
RESULT: {}
COMMAND: GET /session/0483d061f40becc12e3a8004d2d19577/screenshot - {}
RESULT: {}
COMMAND: POST /session/0483d061f40becc12e3a8004d2d19577/execute/async - {"script":"<script> [1562 bytes]","args":[{"selector":{"id":"application-managehandovers-display-component---AddNewHO--dueDate","interaction":{"idSuffix":"inner"}},"wdio_ui5_key":"applicationmanagehandovers-display-component---AddNewHO--dueDate"}]}
RESULT: {"script":"<script> [1562 bytes]","args":[{"selector":{"id":"application-managehandovers-display-component---AddNewHO--dueDate","interaction":{"idSuffix":"inner"}},"wdio_ui5_key":"applicationmanagehandovers-display-component---AddNewHO--dueDate"}]}
RESULT: undefined
COMMAND: POST /session/0483d061f40becc12e3a8004d2d19577/execute/async - {"script":"<script> [6424 bytes]","args":[{"element-6066-11e4-a52e-4f735466cecf":"f.21909E599E196C0494D8E3CC232C3551.d.152A8B649D0EDC0FB85BE5D6F3C53183.e.16335"},"setValue",["5/29/25"]]}
RESULT: {"script":"<script> [6424 bytes]","args":[{"element-6066-11e4-a52e-4f735466cecf":"f.21909E599E196C0494D8E3CC232C3551.d.152A8B649D0EDC0FB85BE5D6F3C53183.e.16335"},"setValue",["5/29/25"]]}
COMMAND: POST /session/0483d061f40becc12e3a8004d2d19577/element - {"using":"xpath","value":"//input[@id=\"generalSectionFrg--receiveYard-inner\"]"}
RESULT: {"using":"xpath","value":"//input[@id=\"generalSectionFrg--receiveYard-inner\"]"}
COMMAND: POST /session/0483d061f40becc12e3a8004d2d19577/element/f.21909E599E196C0494D8E3CC232C3551.d.152A8B649D0EDC0FB85BE5D6F3C53183.e.16341/clear - {}
RESULT: {}
COMMAND: POST /session/0483d061f40becc12e3a8004d2d19577/element/f.21909E599E196C0494D8E3CC232C3551.d.152A8B649D0EDC0FB85BE5D6F3C53183.e.16341/value - {"text":"474"}
COMMAND: GET /session/0483d061f40becc12e3a8004d2d19577/screenshot - {}
RESULT: {"text":"474"}
COMMAND: GET /session/0483d061f40becc12e3a8004d2d19577/screenshot - {}
RESULT: {}
RESULT: {}
COMMAND: POST /session/0483d061f40becc12e3a8004d2d19577/element - {"using":"xpath","value":"//li[.//span[contains(text(),'474')]]"}
RESULT: {"using":"xpath","value":"//li[.//span[contains(text(),'474')]]"}
COMMAND: POST /session/0483d061f40becc12e3a8004d2d19577/element/f.21909E599E196C0494D8E3CC232C3551.d.152A8B649D0EDC0FB85BE5D6F3C53183.e.16357/click - {}
RESULT: {}
COMMAND: GET /session/0483d061f40becc12e3a8004d2d19577/screenshot - {}
RESULT: {}
COMMAND: POST /session/0483d061f40becc12e3a8004d2d19577/execute/async - {"script":"<script> [1562 bytes]","args":[{"selector":{"id":"application-managehandovers-display-component---AddNewHO--ObjectPageLayout-anchBar-application-managehandovers-display-component---AddNewHO--section4-anchor","interaction":{"idSuffix":"BDI-content"}},"wdio_ui5_key":"applicationmanagehandovers-display-component---AddNewHO--ObjectPageLayout-anchBar-application-managehandovers-display-component---AddNewHO--section4-anchor"}]}
RESULT: {"script":"<script> [1562 bytes]","args":[{"selector":{"id":"application-managehandovers-display-component---AddNewHO--ObjectPageLayout-anchBar-application-managehandovers-display-component---AddNewHO--section4-anchor","interaction":{"idSuffix":"BDI-content"}},"wdio_ui5_key":"applicationmanagehandovers-display-component---AddNewHO--ObjectPageLayout-anchBar-application-managehandovers-display-component---AddNewHO--section4-anchor"}]}
RESULT: undefined
COMMAND: POST /session/0483d061f40becc12e3a8004d2d19577/element - {"using":"xpath","value":"//*[@id=\"application-managehandovers-display-component---AddNewHO--ObjectPageLayout-anchBar-application-managehandovers-display-component---AddNewHO--section4-anchor\"]"}
RESULT: {"using":"xpath","value":"//*[@id=\"application-managehandovers-display-component---AddNewHO--ObjectPageLayout-anchBar-application-managehandovers-display-component---AddNewHO--section4-anchor\"]"}
COMMAND: POST /session/0483d061f40becc12e3a8004d2d19577/element/f.21909E599E196C0494D8E3CC232C3551.d.152A8B649D0EDC0FB85BE5D6F3C53183.e.16359/click - {}
RESULT: {}
COMMAND: POST /session/0483d061f40becc12e3a8004d2d19577/element - {"using":"xpath","value":"//button[@aria-label=\"Add\"]"}
COMMAND: GET /session/0483d061f40becc12e3a8004d2d19577/screenshot - {}
RESULT: {"using":"xpath","value":"//button[@aria-label=\"Add\"]"}
COMMAND: POST /session/0483d061f40becc12e3a8004d2d19577/element/f.21909E599E196C0494D8E3CC232C3551.d.152A8B649D0EDC0FB85BE5D6F3C53183.e.16361/click - {}
RESULT: {}
RESULT: {}
COMMAND: GET /session/0483d061f40becc12e3a8004d2d19577/screenshot - {}
RESULT: {}
COMMAND: POST /session/0483d061f40becc12e3a8004d2d19577/execute/async - {"script":"<script> [1562 bytes]","args":[{"selector":{"id":"application-managehandovers-display-component---AddNewHO--smartFilterBar-btnBasicSearch","searchOpenDialogs":true,"interaction":{"idSuffix":"I"}},"wdio_ui5_key":"applicationmanagehandovers-display-component---AddNewHO--smartFilterBar-btnBasicSearch"}]}
RESULT: {"script":"<script> [1562 bytes]","args":[{"selector":{"id":"application-managehandovers-display-component---AddNewHO--smartFilterBar-btnBasicSearch","searchOpenDialogs":true,"interaction":{"idSuffix":"I"}},"wdio_ui5_key":"applicationmanagehandovers-display-component---AddNewHO--smartFilterBar-btnBasicSearch"}]}
RESULT: undefined
COMMAND: POST /session/0483d061f40becc12e3a8004d2d19577/execute/async - {"script":"<script> [776 bytes]","args":[{"enterText":"ImU2lsUOJ0","selector":{"id":"application-managehandovers-display-component---AddNewHO--smartFilterBar-btnBasicSearch","searchOpenDialogs":true,"interaction":{"idSuffix":"I"}},"clearTextFirst":true,"interactionType":"ENTER_TEXT"}]}
RESULT: {"script":"<script> [776 bytes]","args":[{"enterText":"ImU2lsUOJ0","selector":{"id":"application-managehandovers-display-component---AddNewHO--smartFilterBar-btnBasicSearch","searchOpenDialogs":true,"interaction":{"idSuffix":"I"}},"clearTextFirst":true,"interactionType":"ENTER_TEXT"}]}
COMMAND: POST /session/0483d061f40becc12e3a8004d2d19577/actions - {"actions":[{"id":"action54","type":"key","parameters":{},"actions":[{"type":"keyDown","value":""},{"type":"pause","duration":10},{"type":"keyUp","value":""}]}]}
RESULT: {"actions":[{"id":"action54","type":"key","parameters":{},"actions":[{"type":"keyDown","value":""},{"type":"pause","duration":10},{"type":"keyUp","value":""}]}]}
COMMAND: GET /session/0483d061f40becc12e3a8004d2d19577/screenshot - {}
RESULT: {}
COMMAND: POST /session/0483d061f40becc12e3a8004d2d19577/execute/async - {"script":"<script> [1562 bytes]","args":[{"selector":{"id":"application-managehandovers-display-component---AddNewHO--popup-sa","searchOpenDialogs":true,"interaction":{"idSuffix":"CbBg"}},"wdio_ui5_key":"applicationmanagehandovers-display-component---AddNewHO--popup-sa"}]}
RESULT: {"script":"<script> [1562 bytes]","args":[{"selector":{"id":"application-managehandovers-display-component---AddNewHO--popup-sa","searchOpenDialogs":true,"interaction":{"idSuffix":"CbBg"}},"wdio_ui5_key":"applicationmanagehandovers-display-component---AddNewHO--popup-sa"}]}
RESULT: undefined
COMMAND: POST /session/0483d061f40becc12e3a8004d2d19577/element - {"using":"xpath","value":"//*[@id=\"application-managehandovers-display-component---AddNewHO--popup-sa\"]"}
RESULT: {"using":"xpath","value":"//*[@id=\"application-managehandovers-display-component---AddNewHO--popup-sa\"]"}
COMMAND: POST /session/0483d061f40becc12e3a8004d2d19577/element/f.21909E599E196C0494D8E3CC232C3551.d.152A8B649D0EDC0FB85BE5D6F3C53183.e.16514/click - {}
RESULT: {}
COMMAND: GET /session/0483d061f40becc12e3a8004d2d19577/screenshot - {}
RESULT: {}
COMMAND: POST /session/0483d061f40becc12e3a8004d2d19577/element - {"using":"xpath","value":"//bdi[contains(text(), \"Select\")]"}
RESULT: {"using":"xpath","value":"//bdi[contains(text(), \"Select\")]"}
COMMAND: POST /session/0483d061f40becc12e3a8004d2d19577/element/f.21909E599E196C0494D8E3CC232C3551.d.152A8B649D0EDC0FB85BE5D6F3C53183.e.16515/click - {}
RESULT: {}
COMMAND: GET /session/0483d061f40becc12e3a8004d2d19577/screenshot - {}
RESULT: {}
COMMAND: POST /session/0483d061f40becc12e3a8004d2d19577/element - {"using":"xpath","value":"//button[@data-kt=\"AddNewHOSaveButton\"]"}
RESULT: {"using":"xpath","value":"//button[@data-kt=\"AddNewHOSaveButton\"]"}
COMMAND: POST /session/0483d061f40becc12e3a8004d2d19577/element/f.21909E599E196C0494D8E3CC232C3551.d.152A8B649D0EDC0FB85BE5D6F3C53183.e.16519/click - {}
RESULT: {}
COMMAND: GET /session/0483d061f40becc12e3a8004d2d19577/screenshot - {}
RESULT: {}
COMMAND: POST /session/0483d061f40becc12e3a8004d2d19577/execute/async - {"script":"<script> [1562 bytes]","args":[{"selector":{"id":"receiptDatePicker","viewName":"etm.portal.ui.managehandovers.view.DetailExecuteHO","interaction":{"idSuffix":"inner"}},"wdio_ui5_key":"receiptDatePickeretmportal.ui.managehandovers.view.DetailExecuteHO"}]}
RESULT: {"script":"<script> [1562 bytes]","args":[{"selector":{"id":"receiptDatePicker","viewName":"etm.portal.ui.managehandovers.view.DetailExecuteHO","interaction":{"idSuffix":"inner"}},"wdio_ui5_key":"receiptDatePickeretmportal.ui.managehandovers.view.DetailExecuteHO"}]}
RESULT: undefined
COMMAND: POST /session/0483d061f40becc12e3a8004d2d19577/execute/async - {"script":"<script> [6424 bytes]","args":[{"element-6066-11e4-a52e-4f735466cecf":"f.21909E599E196C0494D8E3CC232C3551.d.152A8B649D0EDC0FB85BE5D6F3C53183.e.16549"},"setValue",["5/29/25"]]}
RESULT: {"script":"<script> [6424 bytes]","args":[{"element-6066-11e4-a52e-4f735466cecf":"f.21909E599E196C0494D8E3CC232C3551.d.152A8B649D0EDC0FB85BE5D6F3C53183.e.16549"},"setValue",["5/29/25"]]}
COMMAND: POST /session/0483d061f40becc12e3a8004d2d19577/element - {"using":"xpath","value":"//button[@data-kt=\"ReceivingTableConfirmAllButton\"]"}
RESULT: {"using":"xpath","value":"//button[@data-kt=\"ReceivingTableConfirmAllButton\"]"}
COMMAND: POST /session/0483d061f40becc12e3a8004d2d19577/element/f.21909E599E196C0494D8E3CC232C3551.d.152A8B649D0EDC0FB85BE5D6F3C53183.e.16564/click - {}
RESULT: {}
COMMAND: GET /session/0483d061f40becc12e3a8004d2d19577/screenshot - {}
RESULT: {}
COMMAND: POST /session/0483d061f40becc12e3a8004d2d19577/element - {"using":"xpath","value":"//bdi[contains(text(), \"OK\")]"}
RESULT: {"using":"xpath","value":"//bdi[contains(text(), \"OK\")]"}
COMMAND: POST /session/0483d061f40becc12e3a8004d2d19577/element/f.21909E599E196C0494D8E3CC232C3551.d.152A8B649D0EDC0FB85BE5D6F3C53183.e.16566/click - {}
RESULT: {}
COMMAND: GET /session/0483d061f40becc12e3a8004d2d19577/screenshot - {}
RESULT: {}
COMMAND: POST /session/0483d061f40becc12e3a8004d2d19577/element - {"using":"xpath","value":"(//bdi[contains(text(), \"Receive\")])[2]"}
RESULT: {"using":"xpath","value":"(//bdi[contains(text(), \"Receive\")])[2]"}
COMMAND: POST /session/0483d061f40becc12e3a8004d2d19577/element/f.21909E599E196C0494D8E3CC232C3551.d.152A8B649D0EDC0FB85BE5D6F3C53183.e.16568/click - {}
RESULT: {}
COMMAND: GET /session/0483d061f40becc12e3a8004d2d19577/screenshot - {}
RESULT: {}
COMMAND: POST /session/0483d061f40becc12e3a8004d2d19577/element - {"using":"css selector","value":"#shell-header-logo"}
RESULT: {"using":"css selector","value":"#shell-header-logo"}
COMMAND: POST /session/0483d061f40becc12e3a8004d2d19577/element/f.21909E599E196C0494D8E3CC232C3551.d.152A8B649D0EDC0FB85BE5D6F3C53183.e.15941/click - {}
RESULT: {}
COMMAND: GET /session/0483d061f40becc12e3a8004d2d19577/screenshot - {}
RESULT: {}
]]></system-out>
    </testcase>
    <testcase classname="chrome.136_0_7103_93.windows.Billing_transfer_US117289" name="Should create a new contract" time="62.264">
      <system-out><![CDATA[
COMMAND: POST /session/0483d061f40becc12e3a8004d2d19577/execute/async - {"script":"<script> [1562 bytes]","args":[{"selector":{"controlType":"sap.m.GenericTile","properties":{"header":"Manage Contracts"}},"wdio_ui5_key":"sapm.GenericTile{\"header\":\"Manage Contracts\"}"}]}
RESULT: {"script":"<script> [1562 bytes]","args":[{"selector":{"controlType":"sap.m.GenericTile","properties":{"header":"Manage Contracts"}},"wdio_ui5_key":"sapm.GenericTile{\"header\":\"Manage Contracts\"}"}]}
RESULT: undefined
COMMAND: POST /session/0483d061f40becc12e3a8004d2d19577/element - {"using":"xpath","value":"//*[@id=\"__tile130\"]"}
RESULT: {"using":"xpath","value":"//*[@id=\"__tile130\"]"}
COMMAND: POST /session/0483d061f40becc12e3a8004d2d19577/element/f.21909E599E196C0494D8E3CC232C3551.d.152A8B649D0EDC0FB85BE5D6F3C53183.e.14749/click - {}
RESULT: {}
COMMAND: GET /session/0483d061f40becc12e3a8004d2d19577/screenshot - {}
RESULT: {}
COMMAND: POST /session/0483d061f40becc12e3a8004d2d19577/elements - {"using":"xpath","value":"//span[text()='Error']"}
RESULT: {"using":"xpath","value":"//span[text()='Error']"}
COMMAND: POST /session/0483d061f40becc12e3a8004d2d19577/element - {"using":"xpath","value":"//button[@data-kt=\"addButton\"]"}
RESULT: {"using":"xpath","value":"//button[@data-kt=\"addButton\"]"}
COMMAND: POST /session/0483d061f40becc12e3a8004d2d19577/elements - {"using":"xpath","value":"//button[@data-kt=\"addButton\"]"}
RESULT: {"using":"xpath","value":"//button[@data-kt=\"addButton\"]"}
COMMAND: POST /session/0483d061f40becc12e3a8004d2d19577/execute/sync - {"script":"<script> [8489 bytes]","args":[{"element-6066-11e4-a52e-4f735466cecf":"f.21909E599E196C0494D8E3CC232C3551.d.152A8B649D0EDC0FB85BE5D6F3C53183.e.16787","ELEMENT":"f.21909E599E196C0494D8E3CC232C3551.d.152A8B649D0EDC0FB85BE5D6F3C53183.e.16787"}]}
RESULT: {"script":"<script> [8489 bytes]","args":[{"element-6066-11e4-a52e-4f735466cecf":"f.21909E599E196C0494D8E3CC232C3551.d.152A8B649D0EDC0FB85BE5D6F3C53183.e.16787","ELEMENT":"f.21909E599E196C0494D8E3CC232C3551.d.152A8B649D0EDC0FB85BE5D6F3C53183.e.16787"}]}
COMMAND: GET /session/0483d061f40becc12e3a8004d2d19577/element/f.21909E599E196C0494D8E3CC232C3551.d.152A8B649D0EDC0FB85BE5D6F3C53183.e.16787/enabled - {}
COMMAND: GET /session/0483d061f40becc12e3a8004d2d19577/screenshot - {}
RESULT: {}
COMMAND: POST /session/0483d061f40becc12e3a8004d2d19577/execute/sync - {"script":"<script> [8489 bytes]","args":[{"element-6066-11e4-a52e-4f735466cecf":"f.21909E599E196C0494D8E3CC232C3551.d.152A8B649D0EDC0FB85BE5D6F3C53183.e.16787","ELEMENT":"f.21909E599E196C0494D8E3CC232C3551.d.152A8B649D0EDC0FB85BE5D6F3C53183.e.16787"}]}
COMMAND: GET /session/0483d061f40becc12e3a8004d2d19577/screenshot - {}
RESULT: {}
RESULT: {"script":"<script> [8489 bytes]","args":[{"element-6066-11e4-a52e-4f735466cecf":"f.21909E599E196C0494D8E3CC232C3551.d.152A8B649D0EDC0FB85BE5D6F3C53183.e.16787","ELEMENT":"f.21909E599E196C0494D8E3CC232C3551.d.152A8B649D0EDC0FB85BE5D6F3C53183.e.16787"}]}
COMMAND: POST /session/0483d061f40becc12e3a8004d2d19577/execute/sync - {"script":"<script> [5351 bytes]","args":[{"element-6066-11e4-a52e-4f735466cecf":"f.21909E599E196C0494D8E3CC232C3551.d.152A8B649D0EDC0FB85BE5D6F3C53183.e.16787","ELEMENT":"f.21909E599E196C0494D8E3CC232C3551.d.152A8B649D0EDC0FB85BE5D6F3C53183.e.16787"}]}
COMMAND: GET /session/0483d061f40becc12e3a8004d2d19577/screenshot - {}
RESULT: {}
RESULT: {"script":"<script> [5351 bytes]","args":[{"element-6066-11e4-a52e-4f735466cecf":"f.21909E599E196C0494D8E3CC232C3551.d.152A8B649D0EDC0FB85BE5D6F3C53183.e.16787","ELEMENT":"f.21909E599E196C0494D8E3CC232C3551.d.152A8B649D0EDC0FB85BE5D6F3C53183.e.16787"}]}
COMMAND: GET /session/0483d061f40becc12e3a8004d2d19577/screenshot - {}
RESULT: {}
RESULT: {}
COMMAND: POST /session/0483d061f40becc12e3a8004d2d19577/element/f.21909E599E196C0494D8E3CC232C3551.d.152A8B649D0EDC0FB85BE5D6F3C53183.e.16787/click - {}
RESULT: {}
COMMAND: GET /session/0483d061f40becc12e3a8004d2d19577/screenshot - {}
RESULT: {}
COMMAND: POST /session/0483d061f40becc12e3a8004d2d19577/execute/async - {"script":"<script> [1562 bytes]","args":[{"selector":{"id":"application-managecontracts-display-component---AddNewContract--projectDescription","interaction":{"idSuffix":"inner"}},"wdio_ui5_key":"applicationmanagecontracts-display-component---AddNewContract--projectDescription"}]}
RESULT: {"script":"<script> [1562 bytes]","args":[{"selector":{"id":"application-managecontracts-display-component---AddNewContract--projectDescription","interaction":{"idSuffix":"inner"}},"wdio_ui5_key":"applicationmanagecontracts-display-component---AddNewContract--projectDescription"}]}
RESULT: undefined
COMMAND: POST /session/0483d061f40becc12e3a8004d2d19577/execute/async - {"script":"<script> [776 bytes]","args":[{"enterText":"Contract WDIO","selector":{"id":"application-managecontracts-display-component---AddNewContract--projectDescription","interaction":{"idSuffix":"inner"}},"clearTextFirst":true,"interactionType":"ENTER_TEXT"}]}
RESULT: {"script":"<script> [776 bytes]","args":[{"enterText":"Contract WDIO","selector":{"id":"application-managecontracts-display-component---AddNewContract--projectDescription","interaction":{"idSuffix":"inner"}},"clearTextFirst":true,"interactionType":"ENTER_TEXT"}]}
COMMAND: POST /session/0483d061f40becc12e3a8004d2d19577/element - {"using":"xpath","value":"//input[@id=\"application-managecontracts-display-component---AddNewContract--site-inner\"]"}
RESULT: {"using":"xpath","value":"//input[@id=\"application-managecontracts-display-component---AddNewContract--site-inner\"]"}
COMMAND: POST /session/0483d061f40becc12e3a8004d2d19577/element/f.21909E599E196C0494D8E3CC232C3551.d.152A8B649D0EDC0FB85BE5D6F3C53183.e.17104/clear - {}
RESULT: {}
COMMAND: POST /session/0483d061f40becc12e3a8004d2d19577/element/f.21909E599E196C0494D8E3CC232C3551.d.152A8B649D0EDC0FB85BE5D6F3C53183.e.17104/value - {"text":"2244"}
COMMAND: GET /session/0483d061f40becc12e3a8004d2d19577/screenshot - {}
RESULT: {"text":"2244"}
COMMAND: GET /session/0483d061f40becc12e3a8004d2d19577/screenshot - {}
RESULT: {}
RESULT: {}
COMMAND: POST /session/0483d061f40becc12e3a8004d2d19577/element - {"using":"xpath","value":"//li[.//span[text()='2244']]"}
RESULT: {"using":"xpath","value":"//li[.//span[text()='2244']]"}
COMMAND: POST /session/0483d061f40becc12e3a8004d2d19577/element/f.21909E599E196C0494D8E3CC232C3551.d.152A8B649D0EDC0FB85BE5D6F3C53183.e.17187/click - {}
RESULT: {}
COMMAND: GET /session/0483d061f40becc12e3a8004d2d19577/screenshot - {}
RESULT: {}
COMMAND: POST /session/0483d061f40becc12e3a8004d2d19577/element - {"using":"xpath","value":"//input[@id=\"application-managecontracts-display-component---AddNewContract--yardId-inner\"]"}
RESULT: {"using":"xpath","value":"//input[@id=\"application-managecontracts-display-component---AddNewContract--yardId-inner\"]"}
COMMAND: GET /session/0483d061f40becc12e3a8004d2d19577/element/f.21909E599E196C0494D8E3CC232C3551.d.152A8B649D0EDC0FB85BE5D6F3C53183.e.17105/property/value - {}
RESULT: {}
COMMAND: POST /session/0483d061f40becc12e3a8004d2d19577/element - {"using":"xpath","value":"//input[@id=\"application-managecontracts-display-component---AddNewContract--customerSelect-inner\"]"}
COMMAND: GET /session/0483d061f40becc12e3a8004d2d19577/screenshot - {}
RESULT: {"using":"xpath","value":"//input[@id=\"application-managecontracts-display-component---AddNewContract--customerSelect-inner\"]"}
COMMAND: POST /session/0483d061f40becc12e3a8004d2d19577/element/f.21909E599E196C0494D8E3CC232C3551.d.152A8B649D0EDC0FB85BE5D6F3C53183.e.17103/clear - {}
RESULT: {}
RESULT: {}
COMMAND: POST /session/0483d061f40becc12e3a8004d2d19577/element/f.21909E599E196C0494D8E3CC232C3551.d.152A8B649D0EDC0FB85BE5D6F3C53183.e.17103/value - {"text":"1281"}
COMMAND: GET /session/0483d061f40becc12e3a8004d2d19577/screenshot - {}
RESULT: {"text":"1281"}
COMMAND: GET /session/0483d061f40becc12e3a8004d2d19577/screenshot - {}
RESULT: {}
RESULT: {}
COMMAND: POST /session/0483d061f40becc12e3a8004d2d19577/element - {"using":"xpath","value":"//li[.//span[text()='1281']]"}
RESULT: {"using":"xpath","value":"//li[.//span[text()='1281']]"}
COMMAND: POST /session/0483d061f40becc12e3a8004d2d19577/element/f.21909E599E196C0494D8E3CC232C3551.d.152A8B649D0EDC0FB85BE5D6F3C53183.e.17190/click - {}
RESULT: {}
COMMAND: GET /session/0483d061f40becc12e3a8004d2d19577/screenshot - {}
RESULT: {}
COMMAND: POST /session/0483d061f40becc12e3a8004d2d19577/element - {"using":"xpath","value":"//button[@data-kt=\"saveButton\"]"}
RESULT: {"using":"xpath","value":"//button[@data-kt=\"saveButton\"]"}
COMMAND: POST /session/0483d061f40becc12e3a8004d2d19577/element/f.21909E599E196C0494D8E3CC232C3551.d.152A8B649D0EDC0FB85BE5D6F3C53183.e.17180/click - {}
RESULT: {}
COMMAND: GET /session/0483d061f40becc12e3a8004d2d19577/screenshot - {}
RESULT: {}
COMMAND: POST /session/0483d061f40becc12e3a8004d2d19577/element - {"using":"xpath","value":"//span[contains(@id ,\"contractDetailTitleNoExpanded\")]"}
RESULT: {"using":"xpath","value":"//span[contains(@id ,\"contractDetailTitleNoExpanded\")]"}
COMMAND: POST /session/0483d061f40becc12e3a8004d2d19577/elements - {"using":"xpath","value":"//span[contains(@id ,\"contractDetailTitleNoExpanded\")]"}
RESULT: {"using":"xpath","value":"//span[contains(@id ,\"contractDetailTitleNoExpanded\")]"}
COMMAND: POST /session/0483d061f40becc12e3a8004d2d19577/execute/sync - {"script":"<script> [56 bytes]","args":[{"element-6066-11e4-a52e-4f735466cecf":"f.21909E599E196C0494D8E3CC232C3551.d.152A8B649D0EDC0FB85BE5D6F3C53183.e.17262","ELEMENT":"f.21909E599E196C0494D8E3CC232C3551.d.152A8B649D0EDC0FB85BE5D6F3C53183.e.17262"}]}
RESULT: {"script":"<script> [56 bytes]","args":[{"element-6066-11e4-a52e-4f735466cecf":"f.21909E599E196C0494D8E3CC232C3551.d.152A8B649D0EDC0FB85BE5D6F3C53183.e.17262","ELEMENT":"f.21909E599E196C0494D8E3CC232C3551.d.152A8B649D0EDC0FB85BE5D6F3C53183.e.17262"}]}
COMMAND: GET /session/0483d061f40becc12e3a8004d2d19577/screenshot - {}
RESULT: {}
]]></system-out>
    </testcase>
    <testcase classname="chrome.136_0_7103_93.windows.Billing_transfer_US117289" name="Should add created equipment to contract" time="45.783">
      <system-out><![CDATA[
COMMAND: POST /session/0483d061f40becc12e3a8004d2d19577/element - {"using":"xpath","value":"//button[@data-kt=\"contractDetailEditBtnButton\"]"}
RESULT: {"using":"xpath","value":"//button[@data-kt=\"contractDetailEditBtnButton\"]"}
COMMAND: POST /session/0483d061f40becc12e3a8004d2d19577/element/f.21909E599E196C0494D8E3CC232C3551.d.152A8B649D0EDC0FB85BE5D6F3C53183.e.17264/click - {}
RESULT: {}
COMMAND: GET /session/0483d061f40becc12e3a8004d2d19577/screenshot - {}
RESULT: {}
COMMAND: POST /session/0483d061f40becc12e3a8004d2d19577/element - {"using":"xpath","value":"(//span[contains(text(), \"Additional Addresses\")])[2]"}
RESULT: {"using":"xpath","value":"(//span[contains(text(), \"Additional Addresses\")])[2]"}
COMMAND: POST /session/0483d061f40becc12e3a8004d2d19577/element/f.21909E599E196C0494D8E3CC232C3551.d.152A8B649D0EDC0FB85BE5D6F3C53183.e.17319/click - {}
RESULT: {}
COMMAND: GET /session/0483d061f40becc12e3a8004d2d19577/screenshot - {}
RESULT: {}
COMMAND: POST /session/0483d061f40becc12e3a8004d2d19577/element - {"using":"xpath","value":"//button[@data-kt=\"btnAddTableRowOverflowToolbarButton\"]"}
RESULT: {"using":"xpath","value":"//button[@data-kt=\"btnAddTableRowOverflowToolbarButton\"]"}
COMMAND: POST /session/0483d061f40becc12e3a8004d2d19577/element/f.21909E599E196C0494D8E3CC232C3551.d.152A8B649D0EDC0FB85BE5D6F3C53183.e.17322/click - {}
RESULT: {}
COMMAND: GET /session/0483d061f40becc12e3a8004d2d19577/screenshot - {}
RESULT: {}
COMMAND: POST /session/0483d061f40becc12e3a8004d2d19577/element - {"using":"xpath","value":"//div[(text() = 'Standard Entry' or . = 'Standard Entry')]"}
RESULT: {"using":"xpath","value":"//div[(text() = 'Standard Entry' or . = 'Standard Entry')]"}
COMMAND: POST /session/0483d061f40becc12e3a8004d2d19577/element/f.21909E599E196C0494D8E3CC232C3551.d.152A8B649D0EDC0FB85BE5D6F3C53183.e.17324/click - {}
RESULT: {}
COMMAND: GET /session/0483d061f40becc12e3a8004d2d19577/screenshot - {}
RESULT: {}
COMMAND: POST /session/0483d061f40becc12e3a8004d2d19577/element - {"using":"xpath","value":"//td[7]/div/div/input"}
RESULT: {"using":"xpath","value":"//td[7]/div/div/input"}
COMMAND: POST /session/0483d061f40becc12e3a8004d2d19577/element/f.21909E599E196C0494D8E3CC232C3551.d.152A8B649D0EDC0FB85BE5D6F3C53183.e.17333/clear - {}
RESULT: {}
COMMAND: POST /session/0483d061f40becc12e3a8004d2d19577/element/f.21909E599E196C0494D8E3CC232C3551.d.152A8B649D0EDC0FB85BE5D6F3C53183.e.17333/value - {"text":"ImU2lsUOJ0"}
COMMAND: GET /session/0483d061f40becc12e3a8004d2d19577/screenshot - {}
RESULT: {"text":"ImU2lsUOJ0"}
COMMAND: GET /session/0483d061f40becc12e3a8004d2d19577/screenshot - {}
RESULT: {}
RESULT: {}
COMMAND: POST /session/0483d061f40becc12e3a8004d2d19577/actions - {"actions":[{"id":"action55","type":"key","parameters":{},"actions":[{"type":"keyDown","value":""},{"type":"pause","duration":10},{"type":"keyUp","value":""}]}]}
RESULT: {"actions":[{"id":"action55","type":"key","parameters":{},"actions":[{"type":"keyDown","value":""},{"type":"pause","duration":10},{"type":"keyUp","value":""}]}]}
COMMAND: GET /session/0483d061f40becc12e3a8004d2d19577/screenshot - {}
RESULT: {}
COMMAND: POST /session/0483d061f40becc12e3a8004d2d19577/execute/sync - {"script":"<script> [276 bytes]","args":["No pricing information was found"]}
RESULT: {"script":"<script> [276 bytes]","args":["No pricing information was found"]}
COMMAND: POST /session/0483d061f40becc12e3a8004d2d19577/element - {"using":"xpath","value":"(//button[@data-kt=\"saveButton\"])[2]"}
COMMAND: GET /session/0483d061f40becc12e3a8004d2d19577/screenshot - {}
RESULT: {"using":"xpath","value":"(//button[@data-kt=\"saveButton\"])[2]"}
COMMAND: POST /session/0483d061f40becc12e3a8004d2d19577/element/f.21909E599E196C0494D8E3CC232C3551.d.152A8B649D0EDC0FB85BE5D6F3C53183.e.17348/click - {}
RESULT: {}
RESULT: {}
COMMAND: GET /session/0483d061f40becc12e3a8004d2d19577/screenshot - {}
RESULT: {}
COMMAND: POST /session/0483d061f40becc12e3a8004d2d19577/execute/sync - {"script":"<script> [276 bytes]","args":["Some contract items are having rental validity exceeding header rental validity"]}
RESULT: {"script":"<script> [276 bytes]","args":["Some contract items are having rental validity exceeding header rental validity"]}
COMMAND: GET /session/0483d061f40becc12e3a8004d2d19577/screenshot - {}
RESULT: {}
COMMAND: POST /session/0483d061f40becc12e3a8004d2d19577/element - {"using":"xpath","value":"//span[contains(@id ,\"contractItemsSmartTable-header-inner\")]"}
RESULT: {"using":"xpath","value":"//span[contains(@id ,\"contractItemsSmartTable-header-inner\")]"}
COMMAND: POST /session/0483d061f40becc12e3a8004d2d19577/elements - {"using":"xpath","value":"//span[contains(@id ,\"contractItemsSmartTable-header-inner\")]"}
RESULT: {"using":"xpath","value":"//span[contains(@id ,\"contractItemsSmartTable-header-inner\")]"}
COMMAND: POST /session/0483d061f40becc12e3a8004d2d19577/execute/sync - {"script":"<script> [56 bytes]","args":[{"element-6066-11e4-a52e-4f735466cecf":"f.21909E599E196C0494D8E3CC232C3551.d.152A8B649D0EDC0FB85BE5D6F3C53183.e.17353","ELEMENT":"f.21909E599E196C0494D8E3CC232C3551.d.152A8B649D0EDC0FB85BE5D6F3C53183.e.17353"}]}
RESULT: {"script":"<script> [56 bytes]","args":[{"element-6066-11e4-a52e-4f735466cecf":"f.21909E599E196C0494D8E3CC232C3551.d.152A8B649D0EDC0FB85BE5D6F3C53183.e.17353","ELEMENT":"f.21909E599E196C0494D8E3CC232C3551.d.152A8B649D0EDC0FB85BE5D6F3C53183.e.17353"}]}
COMMAND: GET /session/0483d061f40becc12e3a8004d2d19577/screenshot - {}
]]></system-out>
    </testcase>
    <testcase classname="chrome.136_0_7103_93.windows.Billing_transfer_US117289" name="Should do a provide to site handover" time="60.558">
      <system-out><![CDATA[
COMMAND: POST /session/0483d061f40becc12e3a8004d2d19577/element - {"using":"xpath","value":"//button[@data-kt=\"provideButton\"]"}
RESULT: {}
RESULT: {"using":"xpath","value":"//button[@data-kt=\"provideButton\"]"}
COMMAND: POST /session/0483d061f40becc12e3a8004d2d19577/element/f.21909E599E196C0494D8E3CC232C3551.d.152A8B649D0EDC0FB85BE5D6F3C53183.e.17354/click - {}
RESULT: {}
COMMAND: GET /session/0483d061f40becc12e3a8004d2d19577/screenshot - {}
RESULT: undefined
COMMAND: POST /session/0483d061f40becc12e3a8004d2d19577/execute/async - {"script":"<script> [6424 bytes]","args":[{"element-6066-11e4-a52e-4f735466cecf":"f.21909E599E196C0494D8E3CC232C3551.d.152A8B649D0EDC0FB85BE5D6F3C53183.e.16335"},"setValue",["5/29/25"]]}
RESULT: {}
COMMAND: POST /session/0483d061f40becc12e3a8004d2d19577/execute/async - {"script":"<script> [1562 bytes]","args":[{"selector":{"id":"application-managehandovers-display-component---AddNewHO--dueDate","interaction":{"idSuffix":"inner"}},"wdio_ui5_key":"applicationmanagehandovers-display-component---AddNewHO--dueDate"}]}
RESULT: {"script":"<script> [1562 bytes]","args":[{"selector":{"id":"application-managehandovers-display-component---AddNewHO--dueDate","interaction":{"idSuffix":"inner"}},"wdio_ui5_key":"applicationmanagehandovers-display-component---AddNewHO--dueDate"}]}
COMMAND: POST /session/0483d061f40becc12e3a8004d2d19577/execute/async - {"script":"<script> [6424 bytes]","args":[{"element-6066-11e4-a52e-4f735466cecf":"f.21909E599E196C0494D8E3CC232C3551.d.152A8B649D0EDC0FB85BE5D6F3C53183.e.17411"},"setValue",["5/29/25"]]}
RESULT: {"script":"<script> [6424 bytes]","args":[{"element-6066-11e4-a52e-4f735466cecf":"f.21909E599E196C0494D8E3CC232C3551.d.152A8B649D0EDC0FB85BE5D6F3C53183.e.17411"},"setValue",["5/29/25"]]}
COMMAND: POST /session/0483d061f40becc12e3a8004d2d19577/element - {"using":"xpath","value":"//bdi[contains(text(), \"Instructions\")]"}
RESULT: {"using":"xpath","value":"//bdi[contains(text(), \"Instructions\")]"}
COMMAND: POST /session/0483d061f40becc12e3a8004d2d19577/element/f.21909E599E196C0494D8E3CC232C3551.d.152A8B649D0EDC0FB85BE5D6F3C53183.e.17539/click - {}
RESULT: {}
COMMAND: GET /session/0483d061f40becc12e3a8004d2d19577/screenshot - {}
RESULT: {}
COMMAND: POST /session/0483d061f40becc12e3a8004d2d19577/element - {"using":"xpath","value":"//button[@data-kt=\"AddNewHOProvideAddItemsButton\"]"}
RESULT: {"using":"xpath","value":"//button[@data-kt=\"AddNewHOProvideAddItemsButton\"]"}
COMMAND: POST /session/0483d061f40becc12e3a8004d2d19577/element/f.21909E599E196C0494D8E3CC232C3551.d.152A8B649D0EDC0FB85BE5D6F3C53183.e.17543/click - {}
RESULT: {}
COMMAND: GET /session/0483d061f40becc12e3a8004d2d19577/screenshot - {}
RESULT: {}
RESULT: undefined
COMMAND: POST /session/0483d061f40becc12e3a8004d2d19577/element - {"using":"xpath","value":"//*[@id=\"application-managehandovers-display-component---AddNewHO--popup-sa\"]"}
RESULT: {"using":"xpath","value":"//*[@id=\"application-managehandovers-display-component---AddNewHO--popup-sa\"]"}
COMMAND: POST /session/0483d061f40becc12e3a8004d2d19577/element/f.21909E599E196C0494D8E3CC232C3551.d.152A8B649D0EDC0FB85BE5D6F3C53183.e.17553/click - {}
RESULT: {}
COMMAND: GET /session/0483d061f40becc12e3a8004d2d19577/screenshot - {}
RESULT: {}
COMMAND: POST /session/0483d061f40becc12e3a8004d2d19577/element - {"using":"xpath","value":"//*[contains(@id ,\"BDI-content\")][contains(text(), \"Select\")]"}
RESULT: {"using":"xpath","value":"//*[contains(@id ,\"BDI-content\")][contains(text(), \"Select\")]"}
COMMAND: POST /session/0483d061f40becc12e3a8004d2d19577/element/f.21909E599E196C0494D8E3CC232C3551.d.152A8B649D0EDC0FB85BE5D6F3C53183.e.17554/click - {}
RESULT: {}
COMMAND: GET /session/0483d061f40becc12e3a8004d2d19577/screenshot - {}
RESULT: {}
COMMAND: POST /session/0483d061f40becc12e3a8004d2d19577/execute/async - {"script":"<script> [1562 bytes]","args":[{"selector":{"id":"application-managehandovers-display-component---AddNewHO--confirmCreationButton","interaction":{"idSuffix":"BDI-content"}},"wdio_ui5_key":"applicationmanagehandovers-display-component---AddNewHO--confirmCreationButton"}]}
RESULT: {"script":"<script> [1562 bytes]","args":[{"selector":{"id":"application-managehandovers-display-component---AddNewHO--confirmCreationButton","interaction":{"idSuffix":"BDI-content"}},"wdio_ui5_key":"applicationmanagehandovers-display-component---AddNewHO--confirmCreationButton"}]}
RESULT: undefined
COMMAND: POST /session/0483d061f40becc12e3a8004d2d19577/element - {"using":"xpath","value":"//*[@id=\"application-managehandovers-display-component---AddNewHO--confirmCreationButton\"]"}
RESULT: {"using":"xpath","value":"//*[@id=\"application-managehandovers-display-component---AddNewHO--confirmCreationButton\"]"}
COMMAND: POST /session/0483d061f40becc12e3a8004d2d19577/element/f.21909E599E196C0494D8E3CC232C3551.d.152A8B649D0EDC0FB85BE5D6F3C53183.e.17498/click - {}
RESULT: {}
COMMAND: GET /session/0483d061f40becc12e3a8004d2d19577/screenshot - {}
RESULT: {}
COMMAND: POST /session/0483d061f40becc12e3a8004d2d19577/execute/async - {"script":"<script> [1562 bytes]","args":[{"selector":{"id":"issueDatePicker","viewName":"etm.portal.ui.managehandovers.view.DetailExecuteHO","interaction":{"idSuffix":"inner"}},"wdio_ui5_key":"issueDatePickeretmportal.ui.managehandovers.view.DetailExecuteHO"}]}
RESULT: {"script":"<script> [1562 bytes]","args":[{"selector":{"id":"issueDatePicker","viewName":"etm.portal.ui.managehandovers.view.DetailExecuteHO","interaction":{"idSuffix":"inner"}},"wdio_ui5_key":"issueDatePickeretmportal.ui.managehandovers.view.DetailExecuteHO"}]}
RESULT: undefined
COMMAND: POST /session/0483d061f40becc12e3a8004d2d19577/execute/async - {"script":"<script> [776 bytes]","args":[{"enterText":"5/29/25","selector":{"id":"issueDatePicker","viewName":"etm.portal.ui.managehandovers.view.DetailExecuteHO","interaction":{"idSuffix":"inner"}},"clearTextFirst":true,"interactionType":"ENTER_TEXT"}]}
RESULT: {"script":"<script> [776 bytes]","args":[{"enterText":"5/29/25","selector":{"id":"issueDatePicker","viewName":"etm.portal.ui.managehandovers.view.DetailExecuteHO","interaction":{"idSuffix":"inner"}},"clearTextFirst":true,"interactionType":"ENTER_TEXT"}]}
COMMAND: POST /session/0483d061f40becc12e3a8004d2d19577/element - {"using":"xpath","value":"//button[@data-kt=\"PickingTableConfirmAllButton\"]"}
RESULT: {"using":"xpath","value":"//button[@data-kt=\"PickingTableConfirmAllButton\"]"}
COMMAND: POST /session/0483d061f40becc12e3a8004d2d19577/element/f.21909E599E196C0494D8E3CC232C3551.d.152A8B649D0EDC0FB85BE5D6F3C53183.e.17615/click - {}
RESULT: {}
COMMAND: GET /session/0483d061f40becc12e3a8004d2d19577/screenshot - {}
RESULT: {}
COMMAND: POST /session/0483d061f40becc12e3a8004d2d19577/element - {"using":"xpath","value":"//bdi[contains(text(), \"OK\")]"}
RESULT: {"using":"xpath","value":"//bdi[contains(text(), \"OK\")]"}
COMMAND: POST /session/0483d061f40becc12e3a8004d2d19577/element/f.21909E599E196C0494D8E3CC232C3551.d.152A8B649D0EDC0FB85BE5D6F3C53183.e.17618/click - {}
RESULT: {}
COMMAND: GET /session/0483d061f40becc12e3a8004d2d19577/screenshot - {}
RESULT: {}
COMMAND: POST /session/0483d061f40becc12e3a8004d2d19577/element - {"using":"xpath","value":"//bdi[contains(text(), \"Issue\")]"}
RESULT: {"using":"xpath","value":"//bdi[contains(text(), \"Issue\")]"}
COMMAND: POST /session/0483d061f40becc12e3a8004d2d19577/element/f.21909E599E196C0494D8E3CC232C3551.d.152A8B649D0EDC0FB85BE5D6F3C53183.e.17620/click - {}
RESULT: {}
COMMAND: GET /session/0483d061f40becc12e3a8004d2d19577/screenshot - {}
RESULT: {}
COMMAND: POST /session/0483d061f40becc12e3a8004d2d19577/element - {"using":"css selector","value":"#shell-header-logo"}
RESULT: {"using":"css selector","value":"#shell-header-logo"}
COMMAND: POST /session/0483d061f40becc12e3a8004d2d19577/element/f.21909E599E196C0494D8E3CC232C3551.d.152A8B649D0EDC0FB85BE5D6F3C53183.e.16742/click - {}
RESULT: {}
COMMAND: GET /session/0483d061f40becc12e3a8004d2d19577/screenshot - {}
RESULT: {}
]]></system-out>
    </testcase>
    <testcase classname="chrome.136_0_7103_93.windows.Billing_transfer_US117289" name="Should navigate to Manage Billings and trigger contract calculation business confirm it" time="63.69">
      <system-out><![CDATA[
COMMAND: POST /session/0483d061f40becc12e3a8004d2d19577/execute/async - {"script":"<script> [1562 bytes]","args":[{"selector":{"controlType":"sap.m.GenericTile","properties":{"header":"Manage Billings"}},"wdio_ui5_key":"sapm.GenericTile{\"header\":\"Manage Billings\"}"}]}
RESULT: {"script":"<script> [1562 bytes]","args":[{"selector":{"controlType":"sap.m.GenericTile","properties":{"header":"Manage Billings"}},"wdio_ui5_key":"sapm.GenericTile{\"header\":\"Manage Billings\"}"}]}
RESULT: undefined
COMMAND: POST /session/0483d061f40becc12e3a8004d2d19577/element - {"using":"xpath","value":"//*[@id=\"__tile51\"]"}
RESULT: {"using":"xpath","value":"//*[@id=\"__tile51\"]"}
COMMAND: POST /session/0483d061f40becc12e3a8004d2d19577/element/f.21909E599E196C0494D8E3CC232C3551.d.152A8B649D0EDC0FB85BE5D6F3C53183.e.14776/click - {}
RESULT: {}
COMMAND: GET /session/0483d061f40becc12e3a8004d2d19577/screenshot - {}
RESULT: {}
COMMAND: POST /session/0483d061f40becc12e3a8004d2d19577/elements - {"using":"xpath","value":"//span[text()='Error']"}
RESULT: {"using":"xpath","value":"//span[text()='Error']"}
COMMAND: POST /session/0483d061f40becc12e3a8004d2d19577/execute/async - {"script":"<script> [1562 bytes]","args":[{"selector":{"id":"application-managebillings-display-component---billRunCalcResult--smartFilterBar-btnBasicSearch","interaction":{"idSuffix":"I"}},"wdio_ui5_key":"applicationmanagebillings-display-component---billRunCalcResult--smartFilterBar-btnBasicSearch"}]}
RESULT: {"script":"<script> [1562 bytes]","args":[{"selector":{"id":"application-managebillings-display-component---billRunCalcResult--smartFilterBar-btnBasicSearch","interaction":{"idSuffix":"I"}},"wdio_ui5_key":"applicationmanagebillings-display-component---billRunCalcResult--smartFilterBar-btnBasicSearch"}]}
RESULT: undefined
COMMAND: POST /session/0483d061f40becc12e3a8004d2d19577/execute/async - {"script":"<script> [776 bytes]","args":[{"enterText":"10386","selector":{"id":"application-managebillings-display-component---billRunCalcResult--smartFilterBar-btnBasicSearch","interaction":{"idSuffix":"I"}},"clearTextFirst":true,"interactionType":"ENTER_TEXT"}]}
RESULT: {"script":"<script> [776 bytes]","args":[{"enterText":"10386","selector":{"id":"application-managebillings-display-component---billRunCalcResult--smartFilterBar-btnBasicSearch","interaction":{"idSuffix":"I"}},"clearTextFirst":true,"interactionType":"ENTER_TEXT"}]}
COMMAND: POST /session/0483d061f40becc12e3a8004d2d19577/actions - {"actions":[{"id":"action56","type":"key","parameters":{},"actions":[{"type":"keyDown","value":""},{"type":"pause","duration":10},{"type":"keyUp","value":""}]}]}
RESULT: {"actions":[{"id":"action56","type":"key","parameters":{},"actions":[{"type":"keyDown","value":""},{"type":"pause","duration":10},{"type":"keyUp","value":""}]}]}
COMMAND: GET /session/0483d061f40becc12e3a8004d2d19577/screenshot - {}
RESULT: {}
COMMAND: POST /session/0483d061f40becc12e3a8004d2d19577/element - {"using":"xpath","value":"//td[@aria-colindex=\"1\"]/div/div[contains(@class, \"sapMCbBg\")]"}
RESULT: {"using":"xpath","value":"//td[@aria-colindex=\"1\"]/div/div[contains(@class, \"sapMCbBg\")]"}
COMMAND: POST /session/0483d061f40becc12e3a8004d2d19577/element/f.21909E599E196C0494D8E3CC232C3551.d.152A8B649D0EDC0FB85BE5D6F3C53183.e.18007/click - {}
RESULT: {}
COMMAND: GET /session/0483d061f40becc12e3a8004d2d19577/screenshot - {}
RESULT: {}
COMMAND: POST /session/0483d061f40becc12e3a8004d2d19577/execute/async - {"script":"<script> [1562 bytes]","args":[{"selector":{"id":"application-managebillings-display-component---billRunCalcResult--contractBillRunDate","interaction":{"idSuffix":"inner"}},"wdio_ui5_key":"applicationmanagebillings-display-component---billRunCalcResult--contractBillRunDate"}]}
RESULT: {"script":"<script> [1562 bytes]","args":[{"selector":{"id":"application-managebillings-display-component---billRunCalcResult--contractBillRunDate","interaction":{"idSuffix":"inner"}},"wdio_ui5_key":"applicationmanagebillings-display-component---billRunCalcResult--contractBillRunDate"}]}
RESULT: undefined
COMMAND: POST /session/0483d061f40becc12e3a8004d2d19577/execute/async - {"script":"<script> [776 bytes]","args":[{"enterText":"6/29/25","selector":{"id":"application-managebillings-display-component---billRunCalcResult--contractBillRunDate","interaction":{"idSuffix":"inner"}},"clearTextFirst":true,"interactionType":"ENTER_TEXT"}]}
RESULT: {"script":"<script> [776 bytes]","args":[{"enterText":"6/29/25","selector":{"id":"application-managebillings-display-component---billRunCalcResult--contractBillRunDate","interaction":{"idSuffix":"inner"}},"clearTextFirst":true,"interactionType":"ENTER_TEXT"}]}
COMMAND: POST /session/0483d061f40becc12e3a8004d2d19577/element - {"using":"xpath","value":"//bdi[contains(text(), \"Trigger Calculation\")]"}
RESULT: {"using":"xpath","value":"//bdi[contains(text(), \"Trigger Calculation\")]"}
COMMAND: POST /session/0483d061f40becc12e3a8004d2d19577/element/f.21909E599E196C0494D8E3CC232C3551.d.152A8B649D0EDC0FB85BE5D6F3C53183.e.18057/click - {}
RESULT: {}
COMMAND: GET /session/0483d061f40becc12e3a8004d2d19577/screenshot - {}
RESULT: {}
COMMAND: POST /session/0483d061f40becc12e3a8004d2d19577/element - {"using":"xpath","value":"(//span[contains(@id, \"imgNav\")])[1]"}
RESULT: {"using":"xpath","value":"(//span[contains(@id, \"imgNav\")])[1]"}
COMMAND: POST /session/0483d061f40becc12e3a8004d2d19577/element/f.21909E599E196C0494D8E3CC232C3551.d.152A8B649D0EDC0FB85BE5D6F3C53183.e.18008/click - {}
RESULT: {}
COMMAND: GET /session/0483d061f40becc12e3a8004d2d19577/screenshot - {}
RESULT: {}
COMMAND: POST /session/0483d061f40becc12e3a8004d2d19577/execute/async - {"script":"<script> [1562 bytes]","args":[{"selector":{"controlType":"sap.ui.core.Icon","viewName":"etm.portal.ui.managebillings.view.Master","viewId":"application-managebillings-display-component---billRunCalcResult","properties":{"src":{"regex":{"source":"slim\\-arrow\\-right"}}}},"wdio_ui5_key":"etmportal.ui.managebillings.view.Mastersap.ui.core.Icon{\"src\":{\"regex\":{\"source\":\"slim\\\\-arrow\\\\-right\"}}}"}]}
RESULT: {"script":"<script> [1562 bytes]","args":[{"selector":{"controlType":"sap.ui.core.Icon","viewName":"etm.portal.ui.managebillings.view.Master","viewId":"application-managebillings-display-component---billRunCalcResult","properties":{"src":{"regex":{"source":"slim\\-arrow\\-right"}}}},"wdio_ui5_key":"etmportal.ui.managebillings.view.Mastersap.ui.core.Icon{\"src\":{\"regex\":{\"source\":\"slim\\\\-arrow\\\\-right\"}}}"}]}
RESULT: undefined
COMMAND: POST /session/0483d061f40becc12e3a8004d2d19577/element - {"using":"xpath","value":"//*[@id=\"__item1968-application-managebillings-display-component---billRunCalcResult--billingRunsTable-0-imgNav\"]"}
RESULT: {"using":"xpath","value":"//*[@id=\"__item1968-application-managebillings-display-component---billRunCalcResult--billingRunsTable-0-imgNav\"]"}
COMMAND: POST /session/0483d061f40becc12e3a8004d2d19577/element/f.21909E599E196C0494D8E3CC232C3551.d.152A8B649D0EDC0FB85BE5D6F3C53183.e.18062/click - {}
RESULT: {}
COMMAND: POST /session/0483d061f40becc12e3a8004d2d19577/execute/async - {"script":"<script> [1562 bytes]","args":[{"selector":{"id":"application-managebillings-display-component---billRunCalcResult--btnConf","interaction":{"idSuffix":"BDI-content"}},"wdio_ui5_key":"applicationmanagebillings-display-component---billRunCalcResult--btnConf"}]}
COMMAND: GET /session/0483d061f40becc12e3a8004d2d19577/screenshot - {}
RESULT: {"script":"<script> [1562 bytes]","args":[{"selector":{"id":"application-managebillings-display-component---billRunCalcResult--btnConf","interaction":{"idSuffix":"BDI-content"}},"wdio_ui5_key":"applicationmanagebillings-display-component---billRunCalcResult--btnConf"}]}
RESULT: undefined
COMMAND: POST /session/0483d061f40becc12e3a8004d2d19577/element - {"using":"xpath","value":"//*[@id=\"application-managebillings-display-component---billRunCalcResult--btnConf\"]"}
RESULT: {}
RESULT: {"using":"xpath","value":"//*[@id=\"application-managebillings-display-component---billRunCalcResult--btnConf\"]"}
COMMAND: POST /session/0483d061f40becc12e3a8004d2d19577/element/f.21909E599E196C0494D8E3CC232C3551.d.152A8B649D0EDC0FB85BE5D6F3C53183.e.18100/click - {}
RESULT: {}
COMMAND: POST /session/0483d061f40becc12e3a8004d2d19577/element - {"using":"css selector","value":"#shell-header-logo"}
COMMAND: GET /session/0483d061f40becc12e3a8004d2d19577/screenshot - {}
RESULT: {"using":"css selector","value":"#shell-header-logo"}
COMMAND: POST /session/0483d061f40becc12e3a8004d2d19577/element/f.21909E599E196C0494D8E3CC232C3551.d.152A8B649D0EDC0FB85BE5D6F3C53183.e.17799/click - {}
RESULT: {}
RESULT: {}
COMMAND: GET /session/0483d061f40becc12e3a8004d2d19577/screenshot - {}
RESULT: {}
]]></system-out>
    </testcase>
    <testcase classname="chrome.136_0_7103_93.windows.Billing_transfer_US117289" name="Should trigger Billing Transfer process all the way to completion" time="95.217">
      <system-out><![CDATA[
COMMAND: POST /session/0483d061f40becc12e3a8004d2d19577/execute/async - {"script":"<script> [1562 bytes]","args":[{"selector":{"controlType":"sap.m.GenericTile","properties":{"header":"Billing Transfer"}},"wdio_ui5_key":"sapm.GenericTile{\"header\":\"Billing Transfer\"}"}]}
RESULT: {"script":"<script> [1562 bytes]","args":[{"selector":{"controlType":"sap.m.GenericTile","properties":{"header":"Billing Transfer"}},"wdio_ui5_key":"sapm.GenericTile{\"header\":\"Billing Transfer\"}"}]}
RESULT: undefined
COMMAND: POST /session/0483d061f40becc12e3a8004d2d19577/element - {"using":"xpath","value":"//*[@id=\"__tile50\"]"}
RESULT: {"using":"xpath","value":"//*[@id=\"__tile50\"]"}
COMMAND: POST /session/0483d061f40becc12e3a8004d2d19577/element/f.21909E599E196C0494D8E3CC232C3551.d.152A8B649D0EDC0FB85BE5D6F3C53183.e.14774/click - {}
RESULT: {}
COMMAND: GET /session/0483d061f40becc12e3a8004d2d19577/screenshot - {}
RESULT: {}
COMMAND: POST /session/0483d061f40becc12e3a8004d2d19577/elements - {"using":"xpath","value":"//span[text()='Error']"}
RESULT: {"using":"xpath","value":"//span[text()='Error']"}
COMMAND: POST /session/0483d061f40becc12e3a8004d2d19577/element - {"using":"xpath","value":"//input[contains(@id ,\"application-billingtransfer-display-component---billingWorkbench--smartFilterBar-btnBasicSearch\")]"}
RESULT: {"using":"xpath","value":"//input[contains(@id ,\"application-billingtransfer-display-component---billingWorkbench--smartFilterBar-btnBasicSearch\")]"}
COMMAND: POST /session/0483d061f40becc12e3a8004d2d19577/elements - {"using":"xpath","value":"//input[contains(@id ,\"application-billingtransfer-display-component---billingWorkbench--smartFilterBar-btnBasicSearch\")]"}
RESULT: {"using":"xpath","value":"//input[contains(@id ,\"application-billingtransfer-display-component---billingWorkbench--smartFilterBar-btnBasicSearch\")]"}
COMMAND: POST /session/0483d061f40becc12e3a8004d2d19577/execute/sync - {"script":"<script> [8489 bytes]","args":[{"element-6066-11e4-a52e-4f735466cecf":"f.21909E599E196C0494D8E3CC232C3551.d.152A8B649D0EDC0FB85BE5D6F3C53183.e.18144","ELEMENT":"f.21909E599E196C0494D8E3CC232C3551.d.152A8B649D0EDC0FB85BE5D6F3C53183.e.18144"}]}
RESULT: {"script":"<script> [8489 bytes]","args":[{"element-6066-11e4-a52e-4f735466cecf":"f.21909E599E196C0494D8E3CC232C3551.d.152A8B649D0EDC0FB85BE5D6F3C53183.e.18144","ELEMENT":"f.21909E599E196C0494D8E3CC232C3551.d.152A8B649D0EDC0FB85BE5D6F3C53183.e.18144"}]}
COMMAND: GET /session/0483d061f40becc12e3a8004d2d19577/element/f.21909E599E196C0494D8E3CC232C3551.d.152A8B649D0EDC0FB85BE5D6F3C53183.e.18144/enabled - {}
COMMAND: GET /session/0483d061f40becc12e3a8004d2d19577/screenshot - {}
RESULT: {}
COMMAND: POST /session/0483d061f40becc12e3a8004d2d19577/element/f.21909E599E196C0494D8E3CC232C3551.d.152A8B649D0EDC0FB85BE5D6F3C53183.e.18144/click - {}
COMMAND: GET /session/0483d061f40becc12e3a8004d2d19577/screenshot - {}
RESULT: {}
RESULT: {}
COMMAND: GET /session/0483d061f40becc12e3a8004d2d19577/screenshot - {}
RESULT: {}
RESULT: {}
COMMAND: POST /session/0483d061f40becc12e3a8004d2d19577/element/f.21909E599E196C0494D8E3CC232C3551.d.152A8B649D0EDC0FB85BE5D6F3C53183.e.18144/clear - {}
RESULT: {}
COMMAND: POST /session/0483d061f40becc12e3a8004d2d19577/element/f.21909E599E196C0494D8E3CC232C3551.d.152A8B649D0EDC0FB85BE5D6F3C53183.e.18144/value - {"text":"10386"}
COMMAND: GET /session/0483d061f40becc12e3a8004d2d19577/screenshot - {}
RESULT: {"text":"10386"}
COMMAND: POST /session/0483d061f40becc12e3a8004d2d19577/actions - {"actions":[{"id":"action57","type":"key","parameters":{},"actions":[{"type":"keyDown","value":""},{"type":"pause","duration":10},{"type":"keyUp","value":""}]}]}
COMMAND: GET /session/0483d061f40becc12e3a8004d2d19577/screenshot - {}
RESULT: {}
RESULT: {"actions":[{"id":"action57","type":"key","parameters":{},"actions":[{"type":"keyDown","value":""},{"type":"pause","duration":10},{"type":"keyUp","value":""}]}]}
COMMAND: GET /session/0483d061f40becc12e3a8004d2d19577/screenshot - {}
RESULT: {}
RESULT: {}
COMMAND: POST /session/0483d061f40becc12e3a8004d2d19577/element - {"using":"xpath","value":"//span[contains(@id ,\"application-billingtransfer-display-component---billingWorkbench--smartTableBillingRuns-header-inner\")]"}
RESULT: {"using":"xpath","value":"//span[contains(@id ,\"application-billingtransfer-display-component---billingWorkbench--smartTableBillingRuns-header-inner\")]"}
COMMAND: POST /session/0483d061f40becc12e3a8004d2d19577/elements - {"using":"xpath","value":"//span[contains(@id ,\"application-billingtransfer-display-component---billingWorkbench--smartTableBillingRuns-header-inner\")]"}
RESULT: {"using":"xpath","value":"//span[contains(@id ,\"application-billingtransfer-display-component---billingWorkbench--smartTableBillingRuns-header-inner\")]"}
COMMAND: POST /session/0483d061f40becc12e3a8004d2d19577/execute/sync - {"script":"<script> [56 bytes]","args":[{"element-6066-11e4-a52e-4f735466cecf":"f.21909E599E196C0494D8E3CC232C3551.d.152A8B649D0EDC0FB85BE5D6F3C53183.e.18294","ELEMENT":"f.21909E599E196C0494D8E3CC232C3551.d.152A8B649D0EDC0FB85BE5D6F3C53183.e.18294"}]}
RESULT: {"script":"<script> [56 bytes]","args":[{"element-6066-11e4-a52e-4f735466cecf":"f.21909E599E196C0494D8E3CC232C3551.d.152A8B649D0EDC0FB85BE5D6F3C53183.e.18294","ELEMENT":"f.21909E599E196C0494D8E3CC232C3551.d.152A8B649D0EDC0FB85BE5D6F3C53183.e.18294"}]}
COMMAND: POST /session/0483d061f40becc12e3a8004d2d19577/element - {"using":"xpath","value":"//td[@aria-colindex=\"1\"]/div/div[contains(@class, \"sapMCbBg\")]"}
COMMAND: GET /session/0483d061f40becc12e3a8004d2d19577/screenshot - {}
RESULT: {"using":"xpath","value":"//td[@aria-colindex=\"1\"]/div/div[contains(@class, \"sapMCbBg\")]"}
COMMAND: POST /session/0483d061f40becc12e3a8004d2d19577/element/f.21909E599E196C0494D8E3CC232C3551.d.152A8B649D0EDC0FB85BE5D6F3C53183.e.18268/click - {}
RESULT: {}
RESULT: {}
COMMAND: GET /session/0483d061f40becc12e3a8004d2d19577/screenshot - {}
RESULT: {}
COMMAND: POST /session/0483d061f40becc12e3a8004d2d19577/element - {"using":"xpath","value":"//bdi[contains(text(), \"Check\")]"}
RESULT: {"using":"xpath","value":"//bdi[contains(text(), \"Check\")]"}
COMMAND: POST /session/0483d061f40becc12e3a8004d2d19577/element/f.21909E599E196C0494D8E3CC232C3551.d.152A8B649D0EDC0FB85BE5D6F3C53183.e.18295/click - {}
RESULT: {}
COMMAND: GET /session/0483d061f40becc12e3a8004d2d19577/screenshot - {}
RESULT: {}
COMMAND: POST /session/0483d061f40becc12e3a8004d2d19577/element - {"using":"xpath","value":"//bdi[contains(text(), \"OK\")]"}
RESULT: {"using":"xpath","value":"//bdi[contains(text(), \"OK\")]"}
COMMAND: POST /session/0483d061f40becc12e3a8004d2d19577/element/f.21909E599E196C0494D8E3CC232C3551.d.152A8B649D0EDC0FB85BE5D6F3C53183.e.18298/click - {}
RESULT: {}
COMMAND: GET /session/0483d061f40becc12e3a8004d2d19577/screenshot - {}
RESULT: {}
COMMAND: POST /session/0483d061f40becc12e3a8004d2d19577/element - {"using":"xpath","value":"(//span[contains(text(), \"CO/SD checked\")]/parent::div/preceding-sibling::div/span)[1]"}
RESULT: {"using":"xpath","value":"(//span[contains(text(), \"CO/SD checked\")]/parent::div/preceding-sibling::div/span)[1]"}
COMMAND: POST /session/0483d061f40becc12e3a8004d2d19577/element/f.21909E599E196C0494D8E3CC232C3551.d.152A8B649D0EDC0FB85BE5D6F3C53183.e.18307/click - {}
RESULT: {}
COMMAND: GET /session/0483d061f40becc12e3a8004d2d19577/screenshot - {}
RESULT: {}
COMMAND: POST /session/0483d061f40becc12e3a8004d2d19577/element - {"using":"xpath","value":"//input[contains(@id ,\"application-billingtransfer-display-component---billingWorkbench--smartFilterBar-btnBasicSearch\")]"}
RESULT: {"using":"xpath","value":"//input[contains(@id ,\"application-billingtransfer-display-component---billingWorkbench--smartFilterBar-btnBasicSearch\")]"}
COMMAND: POST /session/0483d061f40becc12e3a8004d2d19577/elements - {"using":"xpath","value":"//input[contains(@id ,\"application-billingtransfer-display-component---billingWorkbench--smartFilterBar-btnBasicSearch\")]"}
RESULT: {"using":"xpath","value":"//input[contains(@id ,\"application-billingtransfer-display-component---billingWorkbench--smartFilterBar-btnBasicSearch\")]"}
COMMAND: POST /session/0483d061f40becc12e3a8004d2d19577/execute/sync - {"script":"<script> [8489 bytes]","args":[{"element-6066-11e4-a52e-4f735466cecf":"f.21909E599E196C0494D8E3CC232C3551.d.152A8B649D0EDC0FB85BE5D6F3C53183.e.18144","ELEMENT":"f.21909E599E196C0494D8E3CC232C3551.d.152A8B649D0EDC0FB85BE5D6F3C53183.e.18144"}]}
RESULT: {"script":"<script> [8489 bytes]","args":[{"element-6066-11e4-a52e-4f735466cecf":"f.21909E599E196C0494D8E3CC232C3551.d.152A8B649D0EDC0FB85BE5D6F3C53183.e.18144","ELEMENT":"f.21909E599E196C0494D8E3CC232C3551.d.152A8B649D0EDC0FB85BE5D6F3C53183.e.18144"}]}
COMMAND: GET /session/0483d061f40becc12e3a8004d2d19577/element/f.21909E599E196C0494D8E3CC232C3551.d.152A8B649D0EDC0FB85BE5D6F3C53183.e.18144/enabled - {}
COMMAND: GET /session/0483d061f40becc12e3a8004d2d19577/screenshot - {}
RESULT: {}
COMMAND: POST /session/0483d061f40becc12e3a8004d2d19577/element/f.21909E599E196C0494D8E3CC232C3551.d.152A8B649D0EDC0FB85BE5D6F3C53183.e.18144/click - {}
COMMAND: GET /session/0483d061f40becc12e3a8004d2d19577/screenshot - {}
RESULT: {}
RESULT: {}
COMMAND: GET /session/0483d061f40becc12e3a8004d2d19577/screenshot - {}
RESULT: {}
RESULT: {}
COMMAND: POST /session/0483d061f40becc12e3a8004d2d19577/element/f.21909E599E196C0494D8E3CC232C3551.d.152A8B649D0EDC0FB85BE5D6F3C53183.e.18144/clear - {}
RESULT: {}
COMMAND: POST /session/0483d061f40becc12e3a8004d2d19577/element/f.21909E599E196C0494D8E3CC232C3551.d.152A8B649D0EDC0FB85BE5D6F3C53183.e.18144/value - {"text":"10386"}
COMMAND: GET /session/0483d061f40becc12e3a8004d2d19577/screenshot - {}
RESULT: {"text":"10386"}
COMMAND: POST /session/0483d061f40becc12e3a8004d2d19577/actions - {"actions":[{"id":"action58","type":"key","parameters":{},"actions":[{"type":"keyDown","value":""},{"type":"pause","duration":10},{"type":"keyUp","value":""}]}]}
COMMAND: GET /session/0483d061f40becc12e3a8004d2d19577/screenshot - {}
RESULT: {}
RESULT: {"actions":[{"id":"action58","type":"key","parameters":{},"actions":[{"type":"keyDown","value":""},{"type":"pause","duration":10},{"type":"keyUp","value":""}]}]}
COMMAND: GET /session/0483d061f40becc12e3a8004d2d19577/screenshot - {}
RESULT: {}
RESULT: {}
COMMAND: POST /session/0483d061f40becc12e3a8004d2d19577/element - {"using":"xpath","value":"//span[contains(@id ,\"application-billingtransfer-display-component---billingWorkbench--smartTableBillingRuns-header-inner\")]"}
RESULT: {"using":"xpath","value":"//span[contains(@id ,\"application-billingtransfer-display-component---billingWorkbench--smartTableBillingRuns-header-inner\")]"}
COMMAND: POST /session/0483d061f40becc12e3a8004d2d19577/elements - {"using":"xpath","value":"//span[contains(@id ,\"application-billingtransfer-display-component---billingWorkbench--smartTableBillingRuns-header-inner\")]"}
RESULT: {"using":"xpath","value":"//span[contains(@id ,\"application-billingtransfer-display-component---billingWorkbench--smartTableBillingRuns-header-inner\")]"}
COMMAND: POST /session/0483d061f40becc12e3a8004d2d19577/execute/sync - {"script":"<script> [56 bytes]","args":[{"element-6066-11e4-a52e-4f735466cecf":"f.21909E599E196C0494D8E3CC232C3551.d.152A8B649D0EDC0FB85BE5D6F3C53183.e.18294","ELEMENT":"f.21909E599E196C0494D8E3CC232C3551.d.152A8B649D0EDC0FB85BE5D6F3C53183.e.18294"}]}
RESULT: {"script":"<script> [56 bytes]","args":[{"element-6066-11e4-a52e-4f735466cecf":"f.21909E599E196C0494D8E3CC232C3551.d.152A8B649D0EDC0FB85BE5D6F3C53183.e.18294","ELEMENT":"f.21909E599E196C0494D8E3CC232C3551.d.152A8B649D0EDC0FB85BE5D6F3C53183.e.18294"}]}
COMMAND: GET /session/0483d061f40becc12e3a8004d2d19577/screenshot - {}
RESULT: {}
COMMAND: POST /session/0483d061f40becc12e3a8004d2d19577/execute/sync - {"script":"<script> [56 bytes]","args":[{"element-6066-11e4-a52e-4f735466cecf":"f.21909E599E196C0494D8E3CC232C3551.d.152A8B649D0EDC0FB85BE5D6F3C53183.e.18294","ELEMENT":"f.21909E599E196C0494D8E3CC232C3551.d.152A8B649D0EDC0FB85BE5D6F3C53183.e.18294"}]}
RESULT: {"script":"<script> [56 bytes]","args":[{"element-6066-11e4-a52e-4f735466cecf":"f.21909E599E196C0494D8E3CC232C3551.d.152A8B649D0EDC0FB85BE5D6F3C53183.e.18294","ELEMENT":"f.21909E599E196C0494D8E3CC232C3551.d.152A8B649D0EDC0FB85BE5D6F3C53183.e.18294"}]}
COMMAND: GET /session/0483d061f40becc12e3a8004d2d19577/screenshot - {}
RESULT: {}
COMMAND: POST /session/0483d061f40becc12e3a8004d2d19577/execute/sync - {"script":"<script> [56 bytes]","args":[{"element-6066-11e4-a52e-4f735466cecf":"f.21909E599E196C0494D8E3CC232C3551.d.152A8B649D0EDC0FB85BE5D6F3C53183.e.18294","ELEMENT":"f.21909E599E196C0494D8E3CC232C3551.d.152A8B649D0EDC0FB85BE5D6F3C53183.e.18294"}]}
RESULT: {"script":"<script> [56 bytes]","args":[{"element-6066-11e4-a52e-4f735466cecf":"f.21909E599E196C0494D8E3CC232C3551.d.152A8B649D0EDC0FB85BE5D6F3C53183.e.18294","ELEMENT":"f.21909E599E196C0494D8E3CC232C3551.d.152A8B649D0EDC0FB85BE5D6F3C53183.e.18294"}]}
COMMAND: GET /session/0483d061f40becc12e3a8004d2d19577/screenshot - {}
RESULT: {}
COMMAND: POST /session/0483d061f40becc12e3a8004d2d19577/execute/sync - {"script":"<script> [56 bytes]","args":[{"element-6066-11e4-a52e-4f735466cecf":"f.21909E599E196C0494D8E3CC232C3551.d.152A8B649D0EDC0FB85BE5D6F3C53183.e.18294","ELEMENT":"f.21909E599E196C0494D8E3CC232C3551.d.152A8B649D0EDC0FB85BE5D6F3C53183.e.18294"}]}
RESULT: {"script":"<script> [56 bytes]","args":[{"element-6066-11e4-a52e-4f735466cecf":"f.21909E599E196C0494D8E3CC232C3551.d.152A8B649D0EDC0FB85BE5D6F3C53183.e.18294","ELEMENT":"f.21909E599E196C0494D8E3CC232C3551.d.152A8B649D0EDC0FB85BE5D6F3C53183.e.18294"}]}
COMMAND: GET /session/0483d061f40becc12e3a8004d2d19577/screenshot - {}
RESULT: {}
COMMAND: POST /session/0483d061f40becc12e3a8004d2d19577/execute/sync - {"script":"<script> [56 bytes]","args":[{"element-6066-11e4-a52e-4f735466cecf":"f.21909E599E196C0494D8E3CC232C3551.d.152A8B649D0EDC0FB85BE5D6F3C53183.e.18294","ELEMENT":"f.21909E599E196C0494D8E3CC232C3551.d.152A8B649D0EDC0FB85BE5D6F3C53183.e.18294"}]}
RESULT: {"script":"<script> [56 bytes]","args":[{"element-6066-11e4-a52e-4f735466cecf":"f.21909E599E196C0494D8E3CC232C3551.d.152A8B649D0EDC0FB85BE5D6F3C53183.e.18294","ELEMENT":"f.21909E599E196C0494D8E3CC232C3551.d.152A8B649D0EDC0FB85BE5D6F3C53183.e.18294"}]}
COMMAND: GET /session/0483d061f40becc12e3a8004d2d19577/screenshot - {}
RESULT: {}
COMMAND: POST /session/0483d061f40becc12e3a8004d2d19577/execute/sync - {"script":"<script> [56 bytes]","args":[{"element-6066-11e4-a52e-4f735466cecf":"f.21909E599E196C0494D8E3CC232C3551.d.152A8B649D0EDC0FB85BE5D6F3C53183.e.18294","ELEMENT":"f.21909E599E196C0494D8E3CC232C3551.d.152A8B649D0EDC0FB85BE5D6F3C53183.e.18294"}]}
RESULT: {"script":"<script> [56 bytes]","args":[{"element-6066-11e4-a52e-4f735466cecf":"f.21909E599E196C0494D8E3CC232C3551.d.152A8B649D0EDC0FB85BE5D6F3C53183.e.18294","ELEMENT":"f.21909E599E196C0494D8E3CC232C3551.d.152A8B649D0EDC0FB85BE5D6F3C53183.e.18294"}]}
COMMAND: GET /session/0483d061f40becc12e3a8004d2d19577/screenshot - {}
RESULT: {}
COMMAND: POST /session/0483d061f40becc12e3a8004d2d19577/execute/sync - {"script":"<script> [56 bytes]","args":[{"element-6066-11e4-a52e-4f735466cecf":"f.21909E599E196C0494D8E3CC232C3551.d.152A8B649D0EDC0FB85BE5D6F3C53183.e.18294","ELEMENT":"f.21909E599E196C0494D8E3CC232C3551.d.152A8B649D0EDC0FB85BE5D6F3C53183.e.18294"}]}
RESULT: {"script":"<script> [56 bytes]","args":[{"element-6066-11e4-a52e-4f735466cecf":"f.21909E599E196C0494D8E3CC232C3551.d.152A8B649D0EDC0FB85BE5D6F3C53183.e.18294","ELEMENT":"f.21909E599E196C0494D8E3CC232C3551.d.152A8B649D0EDC0FB85BE5D6F3C53183.e.18294"}]}
COMMAND: GET /session/0483d061f40becc12e3a8004d2d19577/screenshot - {}
RESULT: {}
COMMAND: POST /session/0483d061f40becc12e3a8004d2d19577/execute/sync - {"script":"<script> [56 bytes]","args":[{"element-6066-11e4-a52e-4f735466cecf":"f.21909E599E196C0494D8E3CC232C3551.d.152A8B649D0EDC0FB85BE5D6F3C53183.e.18294","ELEMENT":"f.21909E599E196C0494D8E3CC232C3551.d.152A8B649D0EDC0FB85BE5D6F3C53183.e.18294"}]}
RESULT: {"script":"<script> [56 bytes]","args":[{"element-6066-11e4-a52e-4f735466cecf":"f.21909E599E196C0494D8E3CC232C3551.d.152A8B649D0EDC0FB85BE5D6F3C53183.e.18294","ELEMENT":"f.21909E599E196C0494D8E3CC232C3551.d.152A8B649D0EDC0FB85BE5D6F3C53183.e.18294"}]}
COMMAND: GET /session/0483d061f40becc12e3a8004d2d19577/screenshot - {}
RESULT: {}
COMMAND: POST /session/0483d061f40becc12e3a8004d2d19577/execute/sync - {"script":"<script> [56 bytes]","args":[{"element-6066-11e4-a52e-4f735466cecf":"f.21909E599E196C0494D8E3CC232C3551.d.152A8B649D0EDC0FB85BE5D6F3C53183.e.18294","ELEMENT":"f.21909E599E196C0494D8E3CC232C3551.d.152A8B649D0EDC0FB85BE5D6F3C53183.e.18294"}]}
RESULT: {"script":"<script> [56 bytes]","args":[{"element-6066-11e4-a52e-4f735466cecf":"f.21909E599E196C0494D8E3CC232C3551.d.152A8B649D0EDC0FB85BE5D6F3C53183.e.18294","ELEMENT":"f.21909E599E196C0494D8E3CC232C3551.d.152A8B649D0EDC0FB85BE5D6F3C53183.e.18294"}]}
COMMAND: GET /session/0483d061f40becc12e3a8004d2d19577/screenshot - {}
RESULT: {}
COMMAND: POST /session/0483d061f40becc12e3a8004d2d19577/execute/sync - {"script":"<script> [56 bytes]","args":[{"element-6066-11e4-a52e-4f735466cecf":"f.21909E599E196C0494D8E3CC232C3551.d.152A8B649D0EDC0FB85BE5D6F3C53183.e.18294","ELEMENT":"f.21909E599E196C0494D8E3CC232C3551.d.152A8B649D0EDC0FB85BE5D6F3C53183.e.18294"}]}
RESULT: {"script":"<script> [56 bytes]","args":[{"element-6066-11e4-a52e-4f735466cecf":"f.21909E599E196C0494D8E3CC232C3551.d.152A8B649D0EDC0FB85BE5D6F3C53183.e.18294","ELEMENT":"f.21909E599E196C0494D8E3CC232C3551.d.152A8B649D0EDC0FB85BE5D6F3C53183.e.18294"}]}
COMMAND: GET /session/0483d061f40becc12e3a8004d2d19577/screenshot - {}
RESULT: {}
COMMAND: POST /session/0483d061f40becc12e3a8004d2d19577/execute/sync - {"script":"<script> [56 bytes]","args":[{"element-6066-11e4-a52e-4f735466cecf":"f.21909E599E196C0494D8E3CC232C3551.d.152A8B649D0EDC0FB85BE5D6F3C53183.e.18294","ELEMENT":"f.21909E599E196C0494D8E3CC232C3551.d.152A8B649D0EDC0FB85BE5D6F3C53183.e.18294"}]}
RESULT: {"script":"<script> [56 bytes]","args":[{"element-6066-11e4-a52e-4f735466cecf":"f.21909E599E196C0494D8E3CC232C3551.d.152A8B649D0EDC0FB85BE5D6F3C53183.e.18294","ELEMENT":"f.21909E599E196C0494D8E3CC232C3551.d.152A8B649D0EDC0FB85BE5D6F3C53183.e.18294"}]}
COMMAND: GET /session/0483d061f40becc12e3a8004d2d19577/screenshot - {}
RESULT: {}
COMMAND: POST /session/0483d061f40becc12e3a8004d2d19577/execute/sync - {"script":"<script> [56 bytes]","args":[{"element-6066-11e4-a52e-4f735466cecf":"f.21909E599E196C0494D8E3CC232C3551.d.152A8B649D0EDC0FB85BE5D6F3C53183.e.18294","ELEMENT":"f.21909E599E196C0494D8E3CC232C3551.d.152A8B649D0EDC0FB85BE5D6F3C53183.e.18294"}]}
RESULT: {"script":"<script> [56 bytes]","args":[{"element-6066-11e4-a52e-4f735466cecf":"f.21909E599E196C0494D8E3CC232C3551.d.152A8B649D0EDC0FB85BE5D6F3C53183.e.18294","ELEMENT":"f.21909E599E196C0494D8E3CC232C3551.d.152A8B649D0EDC0FB85BE5D6F3C53183.e.18294"}]}
COMMAND: GET /session/0483d061f40becc12e3a8004d2d19577/screenshot - {}
RESULT: {}
COMMAND: POST /session/0483d061f40becc12e3a8004d2d19577/execute/sync - {"script":"<script> [56 bytes]","args":[{"element-6066-11e4-a52e-4f735466cecf":"f.21909E599E196C0494D8E3CC232C3551.d.152A8B649D0EDC0FB85BE5D6F3C53183.e.18294","ELEMENT":"f.21909E599E196C0494D8E3CC232C3551.d.152A8B649D0EDC0FB85BE5D6F3C53183.e.18294"}]}
RESULT: {"script":"<script> [56 bytes]","args":[{"element-6066-11e4-a52e-4f735466cecf":"f.21909E599E196C0494D8E3CC232C3551.d.152A8B649D0EDC0FB85BE5D6F3C53183.e.18294","ELEMENT":"f.21909E599E196C0494D8E3CC232C3551.d.152A8B649D0EDC0FB85BE5D6F3C53183.e.18294"}]}
COMMAND: GET /session/0483d061f40becc12e3a8004d2d19577/screenshot - {}
COMMAND: POST /session/0483d061f40becc12e3a8004d2d19577/execute/sync - {"script":"<script> [56 bytes]","args":[{"element-6066-11e4-a52e-4f735466cecf":"f.21909E599E196C0494D8E3CC232C3551.d.152A8B649D0EDC0FB85BE5D6F3C53183.e.18294","ELEMENT":"f.21909E599E196C0494D8E3CC232C3551.d.152A8B649D0EDC0FB85BE5D6F3C53183.e.18294"}]}
RESULT: {}
RESULT: {"script":"<script> [56 bytes]","args":[{"element-6066-11e4-a52e-4f735466cecf":"f.21909E599E196C0494D8E3CC232C3551.d.152A8B649D0EDC0FB85BE5D6F3C53183.e.18294","ELEMENT":"f.21909E599E196C0494D8E3CC232C3551.d.152A8B649D0EDC0FB85BE5D6F3C53183.e.18294"}]}
COMMAND: GET /session/0483d061f40becc12e3a8004d2d19577/screenshot - {}
COMMAND: POST /session/0483d061f40becc12e3a8004d2d19577/execute/sync - {"script":"<script> [56 bytes]","args":[{"element-6066-11e4-a52e-4f735466cecf":"f.21909E599E196C0494D8E3CC232C3551.d.152A8B649D0EDC0FB85BE5D6F3C53183.e.18294","ELEMENT":"f.21909E599E196C0494D8E3CC232C3551.d.152A8B649D0EDC0FB85BE5D6F3C53183.e.18294"}]}
RESULT: {}
RESULT: {"script":"<script> [56 bytes]","args":[{"element-6066-11e4-a52e-4f735466cecf":"f.21909E599E196C0494D8E3CC232C3551.d.152A8B649D0EDC0FB85BE5D6F3C53183.e.18294","ELEMENT":"f.21909E599E196C0494D8E3CC232C3551.d.152A8B649D0EDC0FB85BE5D6F3C53183.e.18294"}]}
COMMAND: GET /session/0483d061f40becc12e3a8004d2d19577/screenshot - {}
RESULT: {}
COMMAND: POST /session/0483d061f40becc12e3a8004d2d19577/execute/sync - {"script":"<script> [56 bytes]","args":[{"element-6066-11e4-a52e-4f735466cecf":"f.21909E599E196C0494D8E3CC232C3551.d.152A8B649D0EDC0FB85BE5D6F3C53183.e.18294","ELEMENT":"f.21909E599E196C0494D8E3CC232C3551.d.152A8B649D0EDC0FB85BE5D6F3C53183.e.18294"}]}
RESULT: {"script":"<script> [56 bytes]","args":[{"element-6066-11e4-a52e-4f735466cecf":"f.21909E599E196C0494D8E3CC232C3551.d.152A8B649D0EDC0FB85BE5D6F3C53183.e.18294","ELEMENT":"f.21909E599E196C0494D8E3CC232C3551.d.152A8B649D0EDC0FB85BE5D6F3C53183.e.18294"}]}
COMMAND: GET /session/0483d061f40becc12e3a8004d2d19577/screenshot - {}
RESULT: {}
COMMAND: POST /session/0483d061f40becc12e3a8004d2d19577/execute/sync - {"script":"<script> [56 bytes]","args":[{"element-6066-11e4-a52e-4f735466cecf":"f.21909E599E196C0494D8E3CC232C3551.d.152A8B649D0EDC0FB85BE5D6F3C53183.e.18294","ELEMENT":"f.21909E599E196C0494D8E3CC232C3551.d.152A8B649D0EDC0FB85BE5D6F3C53183.e.18294"}]}
RESULT: {"script":"<script> [56 bytes]","args":[{"element-6066-11e4-a52e-4f735466cecf":"f.21909E599E196C0494D8E3CC232C3551.d.152A8B649D0EDC0FB85BE5D6F3C53183.e.18294","ELEMENT":"f.21909E599E196C0494D8E3CC232C3551.d.152A8B649D0EDC0FB85BE5D6F3C53183.e.18294"}]}
COMMAND: GET /session/0483d061f40becc12e3a8004d2d19577/screenshot - {}
RESULT: {}
COMMAND: POST /session/0483d061f40becc12e3a8004d2d19577/execute/sync - {"script":"<script> [56 bytes]","args":[{"element-6066-11e4-a52e-4f735466cecf":"f.21909E599E196C0494D8E3CC232C3551.d.152A8B649D0EDC0FB85BE5D6F3C53183.e.18294","ELEMENT":"f.21909E599E196C0494D8E3CC232C3551.d.152A8B649D0EDC0FB85BE5D6F3C53183.e.18294"}]}
RESULT: {"script":"<script> [56 bytes]","args":[{"element-6066-11e4-a52e-4f735466cecf":"f.21909E599E196C0494D8E3CC232C3551.d.152A8B649D0EDC0FB85BE5D6F3C53183.e.18294","ELEMENT":"f.21909E599E196C0494D8E3CC232C3551.d.152A8B649D0EDC0FB85BE5D6F3C53183.e.18294"}]}
COMMAND: GET /session/0483d061f40becc12e3a8004d2d19577/screenshot - {}
RESULT: {}
COMMAND: POST /session/0483d061f40becc12e3a8004d2d19577/execute/sync - {"script":"<script> [56 bytes]","args":[{"element-6066-11e4-a52e-4f735466cecf":"f.21909E599E196C0494D8E3CC232C3551.d.152A8B649D0EDC0FB85BE5D6F3C53183.e.18294","ELEMENT":"f.21909E599E196C0494D8E3CC232C3551.d.152A8B649D0EDC0FB85BE5D6F3C53183.e.18294"}]}
RESULT: {"script":"<script> [56 bytes]","args":[{"element-6066-11e4-a52e-4f735466cecf":"f.21909E599E196C0494D8E3CC232C3551.d.152A8B649D0EDC0FB85BE5D6F3C53183.e.18294","ELEMENT":"f.21909E599E196C0494D8E3CC232C3551.d.152A8B649D0EDC0FB85BE5D6F3C53183.e.18294"}]}
COMMAND: GET /session/0483d061f40becc12e3a8004d2d19577/screenshot - {}
RESULT: {}
COMMAND: POST /session/0483d061f40becc12e3a8004d2d19577/execute/sync - {"script":"<script> [56 bytes]","args":[{"element-6066-11e4-a52e-4f735466cecf":"f.21909E599E196C0494D8E3CC232C3551.d.152A8B649D0EDC0FB85BE5D6F3C53183.e.18294","ELEMENT":"f.21909E599E196C0494D8E3CC232C3551.d.152A8B649D0EDC0FB85BE5D6F3C53183.e.18294"}]}
RESULT: {"script":"<script> [56 bytes]","args":[{"element-6066-11e4-a52e-4f735466cecf":"f.21909E599E196C0494D8E3CC232C3551.d.152A8B649D0EDC0FB85BE5D6F3C53183.e.18294","ELEMENT":"f.21909E599E196C0494D8E3CC232C3551.d.152A8B649D0EDC0FB85BE5D6F3C53183.e.18294"}]}
COMMAND: GET /session/0483d061f40becc12e3a8004d2d19577/screenshot - {}
RESULT: {}
COMMAND: POST /session/0483d061f40becc12e3a8004d2d19577/execute/sync - {"script":"<script> [56 bytes]","args":[{"element-6066-11e4-a52e-4f735466cecf":"f.21909E599E196C0494D8E3CC232C3551.d.152A8B649D0EDC0FB85BE5D6F3C53183.e.18294","ELEMENT":"f.21909E599E196C0494D8E3CC232C3551.d.152A8B649D0EDC0FB85BE5D6F3C53183.e.18294"}]}
RESULT: {"script":"<script> [56 bytes]","args":[{"element-6066-11e4-a52e-4f735466cecf":"f.21909E599E196C0494D8E3CC232C3551.d.152A8B649D0EDC0FB85BE5D6F3C53183.e.18294","ELEMENT":"f.21909E599E196C0494D8E3CC232C3551.d.152A8B649D0EDC0FB85BE5D6F3C53183.e.18294"}]}
COMMAND: GET /session/0483d061f40becc12e3a8004d2d19577/screenshot - {}
RESULT: {}
COMMAND: POST /session/0483d061f40becc12e3a8004d2d19577/execute/sync - {"script":"<script> [56 bytes]","args":[{"element-6066-11e4-a52e-4f735466cecf":"f.21909E599E196C0494D8E3CC232C3551.d.152A8B649D0EDC0FB85BE5D6F3C53183.e.18294","ELEMENT":"f.21909E599E196C0494D8E3CC232C3551.d.152A8B649D0EDC0FB85BE5D6F3C53183.e.18294"}]}
RESULT: {"script":"<script> [56 bytes]","args":[{"element-6066-11e4-a52e-4f735466cecf":"f.21909E599E196C0494D8E3CC232C3551.d.152A8B649D0EDC0FB85BE5D6F3C53183.e.18294","ELEMENT":"f.21909E599E196C0494D8E3CC232C3551.d.152A8B649D0EDC0FB85BE5D6F3C53183.e.18294"}]}
COMMAND: GET /session/0483d061f40becc12e3a8004d2d19577/screenshot - {}
RESULT: {}
COMMAND: POST /session/0483d061f40becc12e3a8004d2d19577/execute/sync - {"script":"<script> [56 bytes]","args":[{"element-6066-11e4-a52e-4f735466cecf":"f.21909E599E196C0494D8E3CC232C3551.d.152A8B649D0EDC0FB85BE5D6F3C53183.e.18294","ELEMENT":"f.21909E599E196C0494D8E3CC232C3551.d.152A8B649D0EDC0FB85BE5D6F3C53183.e.18294"}]}
RESULT: {"script":"<script> [56 bytes]","args":[{"element-6066-11e4-a52e-4f735466cecf":"f.21909E599E196C0494D8E3CC232C3551.d.152A8B649D0EDC0FB85BE5D6F3C53183.e.18294","ELEMENT":"f.21909E599E196C0494D8E3CC232C3551.d.152A8B649D0EDC0FB85BE5D6F3C53183.e.18294"}]}
COMMAND: GET /session/0483d061f40becc12e3a8004d2d19577/screenshot - {}
RESULT: {}
COMMAND: POST /session/0483d061f40becc12e3a8004d2d19577/execute/sync - {"script":"<script> [56 bytes]","args":[{"element-6066-11e4-a52e-4f735466cecf":"f.21909E599E196C0494D8E3CC232C3551.d.152A8B649D0EDC0FB85BE5D6F3C53183.e.18294","ELEMENT":"f.21909E599E196C0494D8E3CC232C3551.d.152A8B649D0EDC0FB85BE5D6F3C53183.e.18294"}]}
RESULT: {"script":"<script> [56 bytes]","args":[{"element-6066-11e4-a52e-4f735466cecf":"f.21909E599E196C0494D8E3CC232C3551.d.152A8B649D0EDC0FB85BE5D6F3C53183.e.18294","ELEMENT":"f.21909E599E196C0494D8E3CC232C3551.d.152A8B649D0EDC0FB85BE5D6F3C53183.e.18294"}]}
COMMAND: GET /session/0483d061f40becc12e3a8004d2d19577/screenshot - {}
RESULT: {}
COMMAND: POST /session/0483d061f40becc12e3a8004d2d19577/execute/sync - {"script":"<script> [56 bytes]","args":[{"element-6066-11e4-a52e-4f735466cecf":"f.21909E599E196C0494D8E3CC232C3551.d.152A8B649D0EDC0FB85BE5D6F3C53183.e.18294","ELEMENT":"f.21909E599E196C0494D8E3CC232C3551.d.152A8B649D0EDC0FB85BE5D6F3C53183.e.18294"}]}
RESULT: {"script":"<script> [56 bytes]","args":[{"element-6066-11e4-a52e-4f735466cecf":"f.21909E599E196C0494D8E3CC232C3551.d.152A8B649D0EDC0FB85BE5D6F3C53183.e.18294","ELEMENT":"f.21909E599E196C0494D8E3CC232C3551.d.152A8B649D0EDC0FB85BE5D6F3C53183.e.18294"}]}
COMMAND: GET /session/0483d061f40becc12e3a8004d2d19577/screenshot - {}
RESULT: {}
COMMAND: POST /session/0483d061f40becc12e3a8004d2d19577/execute/sync - {"script":"<script> [56 bytes]","args":[{"element-6066-11e4-a52e-4f735466cecf":"f.21909E599E196C0494D8E3CC232C3551.d.152A8B649D0EDC0FB85BE5D6F3C53183.e.18294","ELEMENT":"f.21909E599E196C0494D8E3CC232C3551.d.152A8B649D0EDC0FB85BE5D6F3C53183.e.18294"}]}
RESULT: {"script":"<script> [56 bytes]","args":[{"element-6066-11e4-a52e-4f735466cecf":"f.21909E599E196C0494D8E3CC232C3551.d.152A8B649D0EDC0FB85BE5D6F3C53183.e.18294","ELEMENT":"f.21909E599E196C0494D8E3CC232C3551.d.152A8B649D0EDC0FB85BE5D6F3C53183.e.18294"}]}
COMMAND: GET /session/0483d061f40becc12e3a8004d2d19577/screenshot - {}
RESULT: {}
COMMAND: POST /session/0483d061f40becc12e3a8004d2d19577/execute/sync - {"script":"<script> [56 bytes]","args":[{"element-6066-11e4-a52e-4f735466cecf":"f.21909E599E196C0494D8E3CC232C3551.d.152A8B649D0EDC0FB85BE5D6F3C53183.e.18294","ELEMENT":"f.21909E599E196C0494D8E3CC232C3551.d.152A8B649D0EDC0FB85BE5D6F3C53183.e.18294"}]}
RESULT: {"script":"<script> [56 bytes]","args":[{"element-6066-11e4-a52e-4f735466cecf":"f.21909E599E196C0494D8E3CC232C3551.d.152A8B649D0EDC0FB85BE5D6F3C53183.e.18294","ELEMENT":"f.21909E599E196C0494D8E3CC232C3551.d.152A8B649D0EDC0FB85BE5D6F3C53183.e.18294"}]}
COMMAND: GET /session/0483d061f40becc12e3a8004d2d19577/screenshot - {}
RESULT: {}
COMMAND: POST /session/0483d061f40becc12e3a8004d2d19577/execute/sync - {"script":"<script> [56 bytes]","args":[{"element-6066-11e4-a52e-4f735466cecf":"f.21909E599E196C0494D8E3CC232C3551.d.152A8B649D0EDC0FB85BE5D6F3C53183.e.18294","ELEMENT":"f.21909E599E196C0494D8E3CC232C3551.d.152A8B649D0EDC0FB85BE5D6F3C53183.e.18294"}]}
RESULT: {"script":"<script> [56 bytes]","args":[{"element-6066-11e4-a52e-4f735466cecf":"f.21909E599E196C0494D8E3CC232C3551.d.152A8B649D0EDC0FB85BE5D6F3C53183.e.18294","ELEMENT":"f.21909E599E196C0494D8E3CC232C3551.d.152A8B649D0EDC0FB85BE5D6F3C53183.e.18294"}]}
COMMAND: POST /session/0483d061f40becc12e3a8004d2d19577/element - {"using":"xpath","value":"//td[@aria-colindex=\"1\"]/div/div[contains(@class, \"sapMCbBg\")]"}
COMMAND: GET /session/0483d061f40becc12e3a8004d2d19577/screenshot - {}
RESULT: {"using":"xpath","value":"//td[@aria-colindex=\"1\"]/div/div[contains(@class, \"sapMCbBg\")]"}
COMMAND: POST /session/0483d061f40becc12e3a8004d2d19577/element/f.21909E599E196C0494D8E3CC232C3551.d.152A8B649D0EDC0FB85BE5D6F3C53183.e.18311/click - {}
RESULT: {}
RESULT: {}
COMMAND: GET /session/0483d061f40becc12e3a8004d2d19577/screenshot - {}
RESULT: {}
COMMAND: POST /session/0483d061f40becc12e3a8004d2d19577/element - {"using":"xpath","value":"//bdi[text()=\"Transfer\"]"}
RESULT: {"using":"xpath","value":"//bdi[text()=\"Transfer\"]"}
COMMAND: POST /session/0483d061f40becc12e3a8004d2d19577/element/f.21909E599E196C0494D8E3CC232C3551.d.152A8B649D0EDC0FB85BE5D6F3C53183.e.18312/click - {}
RESULT: {}
COMMAND: GET /session/0483d061f40becc12e3a8004d2d19577/screenshot - {}
RESULT: {}
COMMAND: POST /session/0483d061f40becc12e3a8004d2d19577/element - {"using":"xpath","value":"//bdi[contains(text(), \"OK\")]"}
RESULT: {"using":"xpath","value":"//bdi[contains(text(), \"OK\")]"}
COMMAND: POST /session/0483d061f40becc12e3a8004d2d19577/element/f.21909E599E196C0494D8E3CC232C3551.d.152A8B649D0EDC0FB85BE5D6F3C53183.e.18316/click - {}
RESULT: {}
COMMAND: GET /session/0483d061f40becc12e3a8004d2d19577/screenshot - {}
RESULT: {}
COMMAND: POST /session/0483d061f40becc12e3a8004d2d19577/element - {"using":"xpath","value":"(//span[contains(text(), \"Completed\")]/parent::div/preceding-sibling::div/span)[1]"}
RESULT: {"using":"xpath","value":"(//span[contains(text(), \"Completed\")]/parent::div/preceding-sibling::div/span)[1]"}
COMMAND: POST /session/0483d061f40becc12e3a8004d2d19577/element/f.21909E599E196C0494D8E3CC232C3551.d.152A8B649D0EDC0FB85BE5D6F3C53183.e.18324/click - {}
RESULT: {}
COMMAND: POST /session/0483d061f40becc12e3a8004d2d19577/element - {"using":"xpath","value":"//input[contains(@id ,\"application-billingtransfer-display-component---billingWorkbench--smartFilterBar-btnBasicSearch\")]"}
COMMAND: GET /session/0483d061f40becc12e3a8004d2d19577/screenshot - {}
RESULT: {"using":"xpath","value":"//input[contains(@id ,\"application-billingtransfer-display-component---billingWorkbench--smartFilterBar-btnBasicSearch\")]"}
COMMAND: POST /session/0483d061f40becc12e3a8004d2d19577/elements - {"using":"xpath","value":"//input[contains(@id ,\"application-billingtransfer-display-component---billingWorkbench--smartFilterBar-btnBasicSearch\")]"}
RESULT: {}
RESULT: {"using":"xpath","value":"//input[contains(@id ,\"application-billingtransfer-display-component---billingWorkbench--smartFilterBar-btnBasicSearch\")]"}
COMMAND: POST /session/0483d061f40becc12e3a8004d2d19577/execute/sync - {"script":"<script> [8489 bytes]","args":[{"element-6066-11e4-a52e-4f735466cecf":"f.21909E599E196C0494D8E3CC232C3551.d.152A8B649D0EDC0FB85BE5D6F3C53183.e.18144","ELEMENT":"f.21909E599E196C0494D8E3CC232C3551.d.152A8B649D0EDC0FB85BE5D6F3C53183.e.18144"}]}
RESULT: {"script":"<script> [8489 bytes]","args":[{"element-6066-11e4-a52e-4f735466cecf":"f.21909E599E196C0494D8E3CC232C3551.d.152A8B649D0EDC0FB85BE5D6F3C53183.e.18144","ELEMENT":"f.21909E599E196C0494D8E3CC232C3551.d.152A8B649D0EDC0FB85BE5D6F3C53183.e.18144"}]}
COMMAND: GET /session/0483d061f40becc12e3a8004d2d19577/element/f.21909E599E196C0494D8E3CC232C3551.d.152A8B649D0EDC0FB85BE5D6F3C53183.e.18144/enabled - {}
COMMAND: GET /session/0483d061f40becc12e3a8004d2d19577/screenshot - {}
RESULT: {}
COMMAND: POST /session/0483d061f40becc12e3a8004d2d19577/element/f.21909E599E196C0494D8E3CC232C3551.d.152A8B649D0EDC0FB85BE5D6F3C53183.e.18144/click - {}
COMMAND: GET /session/0483d061f40becc12e3a8004d2d19577/screenshot - {}
RESULT: {}
RESULT: {}
COMMAND: GET /session/0483d061f40becc12e3a8004d2d19577/screenshot - {}
RESULT: {}
RESULT: {}
COMMAND: POST /session/0483d061f40becc12e3a8004d2d19577/element/f.21909E599E196C0494D8E3CC232C3551.d.152A8B649D0EDC0FB85BE5D6F3C53183.e.18144/clear - {}
RESULT: {}
COMMAND: POST /session/0483d061f40becc12e3a8004d2d19577/element/f.21909E599E196C0494D8E3CC232C3551.d.152A8B649D0EDC0FB85BE5D6F3C53183.e.18144/value - {"text":"10386"}
COMMAND: GET /session/0483d061f40becc12e3a8004d2d19577/screenshot - {}
RESULT: {"text":"10386"}
COMMAND: POST /session/0483d061f40becc12e3a8004d2d19577/actions - {"actions":[{"id":"action59","type":"key","parameters":{},"actions":[{"type":"keyDown","value":""},{"type":"pause","duration":10},{"type":"keyUp","value":""}]}]}
COMMAND: GET /session/0483d061f40becc12e3a8004d2d19577/screenshot - {}
RESULT: {}
RESULT: {"actions":[{"id":"action59","type":"key","parameters":{},"actions":[{"type":"keyDown","value":""},{"type":"pause","duration":10},{"type":"keyUp","value":""}]}]}
COMMAND: GET /session/0483d061f40becc12e3a8004d2d19577/screenshot - {}
RESULT: {}
RESULT: {}
COMMAND: POST /session/0483d061f40becc12e3a8004d2d19577/element - {"using":"xpath","value":"//span[contains(@id ,\"application-billingtransfer-display-component---billingWorkbench--smartTableBillingRuns-header-inner\")]"}
RESULT: {"using":"xpath","value":"//span[contains(@id ,\"application-billingtransfer-display-component---billingWorkbench--smartTableBillingRuns-header-inner\")]"}
COMMAND: POST /session/0483d061f40becc12e3a8004d2d19577/elements - {"using":"xpath","value":"//span[contains(@id ,\"application-billingtransfer-display-component---billingWorkbench--smartTableBillingRuns-header-inner\")]"}
RESULT: {"using":"xpath","value":"//span[contains(@id ,\"application-billingtransfer-display-component---billingWorkbench--smartTableBillingRuns-header-inner\")]"}
COMMAND: POST /session/0483d061f40becc12e3a8004d2d19577/execute/sync - {"script":"<script> [56 bytes]","args":[{"element-6066-11e4-a52e-4f735466cecf":"f.21909E599E196C0494D8E3CC232C3551.d.152A8B649D0EDC0FB85BE5D6F3C53183.e.18294","ELEMENT":"f.21909E599E196C0494D8E3CC232C3551.d.152A8B649D0EDC0FB85BE5D6F3C53183.e.18294"}]}
RESULT: {"script":"<script> [56 bytes]","args":[{"element-6066-11e4-a52e-4f735466cecf":"f.21909E599E196C0494D8E3CC232C3551.d.152A8B649D0EDC0FB85BE5D6F3C53183.e.18294","ELEMENT":"f.21909E599E196C0494D8E3CC232C3551.d.152A8B649D0EDC0FB85BE5D6F3C53183.e.18294"}]}
COMMAND: GET /session/0483d061f40becc12e3a8004d2d19577/screenshot - {}
RESULT: {}
COMMAND: POST /session/0483d061f40becc12e3a8004d2d19577/execute/sync - {"script":"<script> [56 bytes]","args":[{"element-6066-11e4-a52e-4f735466cecf":"f.21909E599E196C0494D8E3CC232C3551.d.152A8B649D0EDC0FB85BE5D6F3C53183.e.18294","ELEMENT":"f.21909E599E196C0494D8E3CC232C3551.d.152A8B649D0EDC0FB85BE5D6F3C53183.e.18294"}]}
RESULT: {"script":"<script> [56 bytes]","args":[{"element-6066-11e4-a52e-4f735466cecf":"f.21909E599E196C0494D8E3CC232C3551.d.152A8B649D0EDC0FB85BE5D6F3C53183.e.18294","ELEMENT":"f.21909E599E196C0494D8E3CC232C3551.d.152A8B649D0EDC0FB85BE5D6F3C53183.e.18294"}]}
COMMAND: GET /session/0483d061f40becc12e3a8004d2d19577/screenshot - {}
RESULT: {}
COMMAND: POST /session/0483d061f40becc12e3a8004d2d19577/execute/sync - {"script":"<script> [56 bytes]","args":[{"element-6066-11e4-a52e-4f735466cecf":"f.21909E599E196C0494D8E3CC232C3551.d.152A8B649D0EDC0FB85BE5D6F3C53183.e.18294","ELEMENT":"f.21909E599E196C0494D8E3CC232C3551.d.152A8B649D0EDC0FB85BE5D6F3C53183.e.18294"}]}
RESULT: {"script":"<script> [56 bytes]","args":[{"element-6066-11e4-a52e-4f735466cecf":"f.21909E599E196C0494D8E3CC232C3551.d.152A8B649D0EDC0FB85BE5D6F3C53183.e.18294","ELEMENT":"f.21909E599E196C0494D8E3CC232C3551.d.152A8B649D0EDC0FB85BE5D6F3C53183.e.18294"}]}
COMMAND: GET /session/0483d061f40becc12e3a8004d2d19577/screenshot - {}
RESULT: {}
COMMAND: POST /session/0483d061f40becc12e3a8004d2d19577/execute/sync - {"script":"<script> [56 bytes]","args":[{"element-6066-11e4-a52e-4f735466cecf":"f.21909E599E196C0494D8E3CC232C3551.d.152A8B649D0EDC0FB85BE5D6F3C53183.e.18294","ELEMENT":"f.21909E599E196C0494D8E3CC232C3551.d.152A8B649D0EDC0FB85BE5D6F3C53183.e.18294"}]}
RESULT: {"script":"<script> [56 bytes]","args":[{"element-6066-11e4-a52e-4f735466cecf":"f.21909E599E196C0494D8E3CC232C3551.d.152A8B649D0EDC0FB85BE5D6F3C53183.e.18294","ELEMENT":"f.21909E599E196C0494D8E3CC232C3551.d.152A8B649D0EDC0FB85BE5D6F3C53183.e.18294"}]}
COMMAND: GET /session/0483d061f40becc12e3a8004d2d19577/screenshot - {}
RESULT: {}
COMMAND: POST /session/0483d061f40becc12e3a8004d2d19577/execute/sync - {"script":"<script> [56 bytes]","args":[{"element-6066-11e4-a52e-4f735466cecf":"f.21909E599E196C0494D8E3CC232C3551.d.152A8B649D0EDC0FB85BE5D6F3C53183.e.18294","ELEMENT":"f.21909E599E196C0494D8E3CC232C3551.d.152A8B649D0EDC0FB85BE5D6F3C53183.e.18294"}]}
RESULT: {"script":"<script> [56 bytes]","args":[{"element-6066-11e4-a52e-4f735466cecf":"f.21909E599E196C0494D8E3CC232C3551.d.152A8B649D0EDC0FB85BE5D6F3C53183.e.18294","ELEMENT":"f.21909E599E196C0494D8E3CC232C3551.d.152A8B649D0EDC0FB85BE5D6F3C53183.e.18294"}]}
COMMAND: GET /session/0483d061f40becc12e3a8004d2d19577/screenshot - {}
RESULT: {}
COMMAND: POST /session/0483d061f40becc12e3a8004d2d19577/execute/sync - {"script":"<script> [56 bytes]","args":[{"element-6066-11e4-a52e-4f735466cecf":"f.21909E599E196C0494D8E3CC232C3551.d.152A8B649D0EDC0FB85BE5D6F3C53183.e.18294","ELEMENT":"f.21909E599E196C0494D8E3CC232C3551.d.152A8B649D0EDC0FB85BE5D6F3C53183.e.18294"}]}
RESULT: {"script":"<script> [56 bytes]","args":[{"element-6066-11e4-a52e-4f735466cecf":"f.21909E599E196C0494D8E3CC232C3551.d.152A8B649D0EDC0FB85BE5D6F3C53183.e.18294","ELEMENT":"f.21909E599E196C0494D8E3CC232C3551.d.152A8B649D0EDC0FB85BE5D6F3C53183.e.18294"}]}
COMMAND: GET /session/0483d061f40becc12e3a8004d2d19577/screenshot - {}
RESULT: {}
COMMAND: POST /session/0483d061f40becc12e3a8004d2d19577/execute/sync - {"script":"<script> [56 bytes]","args":[{"element-6066-11e4-a52e-4f735466cecf":"f.21909E599E196C0494D8E3CC232C3551.d.152A8B649D0EDC0FB85BE5D6F3C53183.e.18294","ELEMENT":"f.21909E599E196C0494D8E3CC232C3551.d.152A8B649D0EDC0FB85BE5D6F3C53183.e.18294"}]}
RESULT: {"script":"<script> [56 bytes]","args":[{"element-6066-11e4-a52e-4f735466cecf":"f.21909E599E196C0494D8E3CC232C3551.d.152A8B649D0EDC0FB85BE5D6F3C53183.e.18294","ELEMENT":"f.21909E599E196C0494D8E3CC232C3551.d.152A8B649D0EDC0FB85BE5D6F3C53183.e.18294"}]}
COMMAND: GET /session/0483d061f40becc12e3a8004d2d19577/screenshot - {}
RESULT: {}
COMMAND: POST /session/0483d061f40becc12e3a8004d2d19577/execute/sync - {"script":"<script> [56 bytes]","args":[{"element-6066-11e4-a52e-4f735466cecf":"f.21909E599E196C0494D8E3CC232C3551.d.152A8B649D0EDC0FB85BE5D6F3C53183.e.18294","ELEMENT":"f.21909E599E196C0494D8E3CC232C3551.d.152A8B649D0EDC0FB85BE5D6F3C53183.e.18294"}]}
RESULT: {"script":"<script> [56 bytes]","args":[{"element-6066-11e4-a52e-4f735466cecf":"f.21909E599E196C0494D8E3CC232C3551.d.152A8B649D0EDC0FB85BE5D6F3C53183.e.18294","ELEMENT":"f.21909E599E196C0494D8E3CC232C3551.d.152A8B649D0EDC0FB85BE5D6F3C53183.e.18294"}]}
COMMAND: GET /session/0483d061f40becc12e3a8004d2d19577/screenshot - {}
RESULT: {}
COMMAND: POST /session/0483d061f40becc12e3a8004d2d19577/execute/sync - {"script":"<script> [56 bytes]","args":[{"element-6066-11e4-a52e-4f735466cecf":"f.21909E599E196C0494D8E3CC232C3551.d.152A8B649D0EDC0FB85BE5D6F3C53183.e.18294","ELEMENT":"f.21909E599E196C0494D8E3CC232C3551.d.152A8B649D0EDC0FB85BE5D6F3C53183.e.18294"}]}
RESULT: {"script":"<script> [56 bytes]","args":[{"element-6066-11e4-a52e-4f735466cecf":"f.21909E599E196C0494D8E3CC232C3551.d.152A8B649D0EDC0FB85BE5D6F3C53183.e.18294","ELEMENT":"f.21909E599E196C0494D8E3CC232C3551.d.152A8B649D0EDC0FB85BE5D6F3C53183.e.18294"}]}
COMMAND: GET /session/0483d061f40becc12e3a8004d2d19577/screenshot - {}
RESULT: {}
COMMAND: POST /session/0483d061f40becc12e3a8004d2d19577/execute/sync - {"script":"<script> [56 bytes]","args":[{"element-6066-11e4-a52e-4f735466cecf":"f.21909E599E196C0494D8E3CC232C3551.d.152A8B649D0EDC0FB85BE5D6F3C53183.e.18294","ELEMENT":"f.21909E599E196C0494D8E3CC232C3551.d.152A8B649D0EDC0FB85BE5D6F3C53183.e.18294"}]}
RESULT: {"script":"<script> [56 bytes]","args":[{"element-6066-11e4-a52e-4f735466cecf":"f.21909E599E196C0494D8E3CC232C3551.d.152A8B649D0EDC0FB85BE5D6F3C53183.e.18294","ELEMENT":"f.21909E599E196C0494D8E3CC232C3551.d.152A8B649D0EDC0FB85BE5D6F3C53183.e.18294"}]}
COMMAND: GET /session/0483d061f40becc12e3a8004d2d19577/screenshot - {}
RESULT: {}
COMMAND: POST /session/0483d061f40becc12e3a8004d2d19577/execute/sync - {"script":"<script> [56 bytes]","args":[{"element-6066-11e4-a52e-4f735466cecf":"f.21909E599E196C0494D8E3CC232C3551.d.152A8B649D0EDC0FB85BE5D6F3C53183.e.18294","ELEMENT":"f.21909E599E196C0494D8E3CC232C3551.d.152A8B649D0EDC0FB85BE5D6F3C53183.e.18294"}]}
RESULT: {"script":"<script> [56 bytes]","args":[{"element-6066-11e4-a52e-4f735466cecf":"f.21909E599E196C0494D8E3CC232C3551.d.152A8B649D0EDC0FB85BE5D6F3C53183.e.18294","ELEMENT":"f.21909E599E196C0494D8E3CC232C3551.d.152A8B649D0EDC0FB85BE5D6F3C53183.e.18294"}]}
COMMAND: GET /session/0483d061f40becc12e3a8004d2d19577/screenshot - {}
RESULT: {}
COMMAND: POST /session/0483d061f40becc12e3a8004d2d19577/execute/sync - {"script":"<script> [56 bytes]","args":[{"element-6066-11e4-a52e-4f735466cecf":"f.21909E599E196C0494D8E3CC232C3551.d.152A8B649D0EDC0FB85BE5D6F3C53183.e.18294","ELEMENT":"f.21909E599E196C0494D8E3CC232C3551.d.152A8B649D0EDC0FB85BE5D6F3C53183.e.18294"}]}
RESULT: {"script":"<script> [56 bytes]","args":[{"element-6066-11e4-a52e-4f735466cecf":"f.21909E599E196C0494D8E3CC232C3551.d.152A8B649D0EDC0FB85BE5D6F3C53183.e.18294","ELEMENT":"f.21909E599E196C0494D8E3CC232C3551.d.152A8B649D0EDC0FB85BE5D6F3C53183.e.18294"}]}
COMMAND: GET /session/0483d061f40becc12e3a8004d2d19577/screenshot - {}
RESULT: {}
COMMAND: POST /session/0483d061f40becc12e3a8004d2d19577/execute/sync - {"script":"<script> [56 bytes]","args":[{"element-6066-11e4-a52e-4f735466cecf":"f.21909E599E196C0494D8E3CC232C3551.d.152A8B649D0EDC0FB85BE5D6F3C53183.e.18294","ELEMENT":"f.21909E599E196C0494D8E3CC232C3551.d.152A8B649D0EDC0FB85BE5D6F3C53183.e.18294"}]}
RESULT: {"script":"<script> [56 bytes]","args":[{"element-6066-11e4-a52e-4f735466cecf":"f.21909E599E196C0494D8E3CC232C3551.d.152A8B649D0EDC0FB85BE5D6F3C53183.e.18294","ELEMENT":"f.21909E599E196C0494D8E3CC232C3551.d.152A8B649D0EDC0FB85BE5D6F3C53183.e.18294"}]}
COMMAND: GET /session/0483d061f40becc12e3a8004d2d19577/screenshot - {}
RESULT: {}
COMMAND: POST /session/0483d061f40becc12e3a8004d2d19577/execute/sync - {"script":"<script> [56 bytes]","args":[{"element-6066-11e4-a52e-4f735466cecf":"f.21909E599E196C0494D8E3CC232C3551.d.152A8B649D0EDC0FB85BE5D6F3C53183.e.18294","ELEMENT":"f.21909E599E196C0494D8E3CC232C3551.d.152A8B649D0EDC0FB85BE5D6F3C53183.e.18294"}]}
RESULT: {"script":"<script> [56 bytes]","args":[{"element-6066-11e4-a52e-4f735466cecf":"f.21909E599E196C0494D8E3CC232C3551.d.152A8B649D0EDC0FB85BE5D6F3C53183.e.18294","ELEMENT":"f.21909E599E196C0494D8E3CC232C3551.d.152A8B649D0EDC0FB85BE5D6F3C53183.e.18294"}]}
COMMAND: GET /session/0483d061f40becc12e3a8004d2d19577/screenshot - {}
RESULT: {}
COMMAND: POST /session/0483d061f40becc12e3a8004d2d19577/execute/sync - {"script":"<script> [56 bytes]","args":[{"element-6066-11e4-a52e-4f735466cecf":"f.21909E599E196C0494D8E3CC232C3551.d.152A8B649D0EDC0FB85BE5D6F3C53183.e.18294","ELEMENT":"f.21909E599E196C0494D8E3CC232C3551.d.152A8B649D0EDC0FB85BE5D6F3C53183.e.18294"}]}
RESULT: {"script":"<script> [56 bytes]","args":[{"element-6066-11e4-a52e-4f735466cecf":"f.21909E599E196C0494D8E3CC232C3551.d.152A8B649D0EDC0FB85BE5D6F3C53183.e.18294","ELEMENT":"f.21909E599E196C0494D8E3CC232C3551.d.152A8B649D0EDC0FB85BE5D6F3C53183.e.18294"}]}
COMMAND: GET /session/0483d061f40becc12e3a8004d2d19577/screenshot - {}
RESULT: {}
COMMAND: POST /session/0483d061f40becc12e3a8004d2d19577/execute/sync - {"script":"<script> [56 bytes]","args":[{"element-6066-11e4-a52e-4f735466cecf":"f.21909E599E196C0494D8E3CC232C3551.d.152A8B649D0EDC0FB85BE5D6F3C53183.e.18294","ELEMENT":"f.21909E599E196C0494D8E3CC232C3551.d.152A8B649D0EDC0FB85BE5D6F3C53183.e.18294"}]}
RESULT: {"script":"<script> [56 bytes]","args":[{"element-6066-11e4-a52e-4f735466cecf":"f.21909E599E196C0494D8E3CC232C3551.d.152A8B649D0EDC0FB85BE5D6F3C53183.e.18294","ELEMENT":"f.21909E599E196C0494D8E3CC232C3551.d.152A8B649D0EDC0FB85BE5D6F3C53183.e.18294"}]}
COMMAND: GET /session/0483d061f40becc12e3a8004d2d19577/screenshot - {}
RESULT: {}
COMMAND: POST /session/0483d061f40becc12e3a8004d2d19577/execute/sync - {"script":"<script> [56 bytes]","args":[{"element-6066-11e4-a52e-4f735466cecf":"f.21909E599E196C0494D8E3CC232C3551.d.152A8B649D0EDC0FB85BE5D6F3C53183.e.18294","ELEMENT":"f.21909E599E196C0494D8E3CC232C3551.d.152A8B649D0EDC0FB85BE5D6F3C53183.e.18294"}]}
RESULT: {"script":"<script> [56 bytes]","args":[{"element-6066-11e4-a52e-4f735466cecf":"f.21909E599E196C0494D8E3CC232C3551.d.152A8B649D0EDC0FB85BE5D6F3C53183.e.18294","ELEMENT":"f.21909E599E196C0494D8E3CC232C3551.d.152A8B649D0EDC0FB85BE5D6F3C53183.e.18294"}]}
COMMAND: GET /session/0483d061f40becc12e3a8004d2d19577/screenshot - {}
RESULT: {}
COMMAND: POST /session/0483d061f40becc12e3a8004d2d19577/execute/sync - {"script":"<script> [56 bytes]","args":[{"element-6066-11e4-a52e-4f735466cecf":"f.21909E599E196C0494D8E3CC232C3551.d.152A8B649D0EDC0FB85BE5D6F3C53183.e.18294","ELEMENT":"f.21909E599E196C0494D8E3CC232C3551.d.152A8B649D0EDC0FB85BE5D6F3C53183.e.18294"}]}
RESULT: {"script":"<script> [56 bytes]","args":[{"element-6066-11e4-a52e-4f735466cecf":"f.21909E599E196C0494D8E3CC232C3551.d.152A8B649D0EDC0FB85BE5D6F3C53183.e.18294","ELEMENT":"f.21909E599E196C0494D8E3CC232C3551.d.152A8B649D0EDC0FB85BE5D6F3C53183.e.18294"}]}
COMMAND: GET /session/0483d061f40becc12e3a8004d2d19577/screenshot - {}
RESULT: {}
COMMAND: POST /session/0483d061f40becc12e3a8004d2d19577/execute/sync - {"script":"<script> [56 bytes]","args":[{"element-6066-11e4-a52e-4f735466cecf":"f.21909E599E196C0494D8E3CC232C3551.d.152A8B649D0EDC0FB85BE5D6F3C53183.e.18294","ELEMENT":"f.21909E599E196C0494D8E3CC232C3551.d.152A8B649D0EDC0FB85BE5D6F3C53183.e.18294"}]}
RESULT: {"script":"<script> [56 bytes]","args":[{"element-6066-11e4-a52e-4f735466cecf":"f.21909E599E196C0494D8E3CC232C3551.d.152A8B649D0EDC0FB85BE5D6F3C53183.e.18294","ELEMENT":"f.21909E599E196C0494D8E3CC232C3551.d.152A8B649D0EDC0FB85BE5D6F3C53183.e.18294"}]}
COMMAND: GET /session/0483d061f40becc12e3a8004d2d19577/screenshot - {}
RESULT: {}
COMMAND: POST /session/0483d061f40becc12e3a8004d2d19577/execute/sync - {"script":"<script> [56 bytes]","args":[{"element-6066-11e4-a52e-4f735466cecf":"f.21909E599E196C0494D8E3CC232C3551.d.152A8B649D0EDC0FB85BE5D6F3C53183.e.18294","ELEMENT":"f.21909E599E196C0494D8E3CC232C3551.d.152A8B649D0EDC0FB85BE5D6F3C53183.e.18294"}]}
RESULT: {"script":"<script> [56 bytes]","args":[{"element-6066-11e4-a52e-4f735466cecf":"f.21909E599E196C0494D8E3CC232C3551.d.152A8B649D0EDC0FB85BE5D6F3C53183.e.18294","ELEMENT":"f.21909E599E196C0494D8E3CC232C3551.d.152A8B649D0EDC0FB85BE5D6F3C53183.e.18294"}]}
COMMAND: POST /session/0483d061f40becc12e3a8004d2d19577/element - {"using":"css selector","value":"#shell-header-logo"}
COMMAND: GET /session/0483d061f40becc12e3a8004d2d19577/screenshot - {}
RESULT: {"using":"css selector","value":"#shell-header-logo"}
COMMAND: POST /session/0483d061f40becc12e3a8004d2d19577/element/f.21909E599E196C0494D8E3CC232C3551.d.152A8B649D0EDC0FB85BE5D6F3C53183.e.18142/click - {}
RESULT: {}
RESULT: {}
COMMAND: GET /session/0483d061f40becc12e3a8004d2d19577/screenshot - {}
RESULT: {}
COMMAND: POST /session/0483d061f40becc12e3a8004d2d19577/element - {"using":"css selector","value":"#j_username"}
COMMAND: POST /session/0483d061f40becc12e3a8004d2d19577/url - {"url":"https://qa-testing-00-live-etm-ui.cfapps.eu10-004.hana.ondemand.com/"}
RESULT: {"using":"css selector","value":"#j_username"}
COMMAND: POST /session/0483d061f40becc12e3a8004d2d19577/element - {"using":"css selector","value":"#j_username"}
RESULT: {"url":"https://qa-testing-00-live-etm-ui.cfapps.eu10-004.hana.ondemand.com/"}
RESULT: undefined
COMMAND: GET /session/0483d061f40becc12e3a8004d2d19577/screenshot - {}
RESULT: {"using":"css selector","value":"#j_username"}
COMMAND: POST /session/0483d061f40becc12e3a8004d2d19577/element - {"using":"css selector","value":"#shell-header-logo"}
RESULT: {}
RESULT: {"using":"css selector","value":"#shell-header-logo"}
COMMAND: POST /session/0483d061f40becc12e3a8004d2d19577/execute/sync - {"script":"<script> [8489 bytes]","args":[{"element-6066-11e4-a52e-4f735466cecf":"f.21909E599E196C0494D8E3CC232C3551.d.E4B84A7A89220E647221E5D7025846E5.e.18339","ELEMENT":"f.21909E599E196C0494D8E3CC232C3551.d.E4B84A7A89220E647221E5D7025846E5.e.18339"}]}
RESULT: {"script":"<script> [8489 bytes]","args":[{"element-6066-11e4-a52e-4f735466cecf":"f.21909E599E196C0494D8E3CC232C3551.d.E4B84A7A89220E647221E5D7025846E5.e.18339","ELEMENT":"f.21909E599E196C0494D8E3CC232C3551.d.E4B84A7A89220E647221E5D7025846E5.e.18339"}]}
COMMAND: POST /session/0483d061f40becc12e3a8004d2d19577/element - {"using":"css selector","value":"#shell-header-logo"}
COMMAND: GET /session/0483d061f40becc12e3a8004d2d19577/screenshot - {}
RESULT: {"using":"css selector","value":"#shell-header-logo"}
COMMAND: POST /session/0483d061f40becc12e3a8004d2d19577/execute/sync - {"script":"<script> [8489 bytes]","args":[{"element-6066-11e4-a52e-4f735466cecf":"f.21909E599E196C0494D8E3CC232C3551.d.E4B84A7A89220E647221E5D7025846E5.e.18339","ELEMENT":"f.21909E599E196C0494D8E3CC232C3551.d.E4B84A7A89220E647221E5D7025846E5.e.18339"}]}
RESULT: {}
RESULT: {"script":"<script> [8489 bytes]","args":[{"element-6066-11e4-a52e-4f735466cecf":"f.21909E599E196C0494D8E3CC232C3551.d.E4B84A7A89220E647221E5D7025846E5.e.18339","ELEMENT":"f.21909E599E196C0494D8E3CC232C3551.d.E4B84A7A89220E647221E5D7025846E5.e.18339"}]}
COMMAND: POST /session/0483d061f40becc12e3a8004d2d19577/execute/sync - {"script":"<script> [5351 bytes]","args":[{"element-6066-11e4-a52e-4f735466cecf":"f.21909E599E196C0494D8E3CC232C3551.d.E4B84A7A89220E647221E5D7025846E5.e.18339","ELEMENT":"f.21909E599E196C0494D8E3CC232C3551.d.E4B84A7A89220E647221E5D7025846E5.e.18339"}]}
COMMAND: GET /session/0483d061f40becc12e3a8004d2d19577/screenshot - {}
RESULT: {"script":"<script> [5351 bytes]","args":[{"element-6066-11e4-a52e-4f735466cecf":"f.21909E599E196C0494D8E3CC232C3551.d.E4B84A7A89220E647221E5D7025846E5.e.18339","ELEMENT":"f.21909E599E196C0494D8E3CC232C3551.d.E4B84A7A89220E647221E5D7025846E5.e.18339"}]}
COMMAND: POST /session/0483d061f40becc12e3a8004d2d19577/element - {"using":"css selector","value":"#shell-header-logo"}
COMMAND: GET /session/0483d061f40becc12e3a8004d2d19577/screenshot - {}
RESULT: {}
RESULT: {"using":"css selector","value":"#shell-header-logo"}
COMMAND: POST /session/0483d061f40becc12e3a8004d2d19577/element/f.21909E599E196C0494D8E3CC232C3551.d.E4B84A7A89220E647221E5D7025846E5.e.18339/click - {}
RESULT: {}
RESULT: {}
COMMAND: GET /session/0483d061f40becc12e3a8004d2d19577/screenshot - {}
RESULT: {}
COMMAND: POST /session/0483d061f40becc12e3a8004d2d19577/execute/async - {"script":"<script> [189 bytes]","args":[]}
RESULT: {"script":"<script> [189 bytes]","args":[]}
COMMAND: POST /session/0483d061f40becc12e3a8004d2d19577/execute/async - {"script":"<script> [123 bytes]","args":[]}
RESULT: {"script":"<script> [123 bytes]","args":[]}
COMMAND: POST /session/0483d061f40becc12e3a8004d2d19577/timeouts - {"script":"<number>"}
RESULT: {"script":"<number>"}
COMMAND: GET /session/0483d061f40becc12e3a8004d2d19577/timeouts - {}
RESULT: {}
RESULT: undefined
COMMAND: POST /session/0483d061f40becc12e3a8004d2d19577/execute/async - {"script":"<script> [2676 bytes]","args":[]}
RESULT: {"script":"<script> [2676 bytes]","args":[]}
COMMAND: POST /session/0483d061f40becc12e3a8004d2d19577/execute/async - {"script":"<script> [2342 bytes]","args":[{"protocol":"http","hostname":"0.0.0.0","path":"/","capabilities":{"browserName":"chrome","goog:chromeOptions":{"binary":"C:\\Program Files\\Google\\Chrome\\Application\\chrome.exe","args":["--start-maximized"]}},"logLevel":"warn","connectionRetryTimeout":120000,"connectionRetryCount":3,"logLevels":{},"enableDirectConnect":true,"strictSSL":true,"_":"65 more keys: [\"cacheDir\",\"port\",\"requestedCapabilities\",\"automationProtocol\",\"baseUrl\",\"waitforInterval\",\"waitforTimeout\",\"onReload\",\"beforeCommand\",\"afterCommand\",\"rootDir\",\"specs\",\"suites\",\"exclude\",\"groupLogsByTestSpec\",\"excludeDriverLogs\",\"bail\",\"framework\",\"reporters\",\"services\",\"maxInstances\",\"maxInstancesPerCapability\",\"injectGlobals\",\"filesToWatch\",\"execArgv\",\"runnerEnv\",\"runner\",\"shard\",\"specFileRetries\",\"specFileRetriesDelay\",\"specFileRetriesDeferred\",\"reporterSyncInterval\",\"reporterSyncTimeout\",\"cucumberFeaturesWithLineNumbers\",\"autoCompileOpts\",\"mochaOpts\",\"jasmineOpts\",\"cucumberOpts\",\"onPrepare\",\"onWorkerStart\",\"onWorkerEnd\",\"before\",\"beforeSession\",\"beforeSuite\",\"beforeHook\",\"beforeTest\",\"afterTest\",\"afterHook\",\"afterSuite\",\"afterSession\",\"after\",\"onComplete\",\"beforeAssertion\",\"afterAssertion\",\"beforeFeature\",\"beforeScenario\",\"beforeStep\",\"afterStep\",\"afterScenario\",\"afterFeature\",\"_\",\"suite\",\"$0\",\"ignoredWorkerServices\",\"wdi5\"]"}]}
RESULT: {"script":"<script> [2342 bytes]","args":[{"protocol":"http","hostname":"0.0.0.0","path":"/","capabilities":{"browserName":"chrome","goog:chromeOptions":{"binary":"C:\\Program Files\\Google\\Chrome\\Application\\chrome.exe","args":["--start-maximized"]}},"logLevel":"warn","connectionRetryTimeout":120000,"connectionRetryCount":3,"logLevels":{},"enableDirectConnect":true,"strictSSL":true,"_":"65 more keys: [\"cacheDir\",\"port\",\"requestedCapabilities\",\"automationProtocol\",\"baseUrl\",\"waitforInterval\",\"waitforTimeout\",\"onReload\",\"beforeCommand\",\"afterCommand\",\"rootDir\",\"specs\",\"suites\",\"exclude\",\"groupLogsByTestSpec\",\"excludeDriverLogs\",\"bail\",\"framework\",\"reporters\",\"services\",\"maxInstances\",\"maxInstancesPerCapability\",\"injectGlobals\",\"filesToWatch\",\"execArgv\",\"runnerEnv\",\"runner\",\"shard\",\"specFileRetries\",\"specFileRetriesDelay\",\"specFileRetriesDeferred\",\"reporterSyncInterval\",\"reporterSyncTimeout\",\"cucumberFeaturesWithLineNumbers\",\"autoCompileOpts\",\"mochaOpts\",\"jasmineOpts\",\"cucumberOpts\",\"onPrepare\",\"onWorkerStart\",\"onWorkerEnd\",\"before\",\"beforeSession\",\"beforeSuite\",\"beforeHook\",\"beforeTest\",\"afterTest\",\"afterHook\",\"afterSuite\",\"afterSession\",\"after\",\"onComplete\",\"beforeAssertion\",\"afterAssertion\",\"beforeFeature\",\"beforeScenario\",\"beforeStep\",\"afterStep\",\"afterScenario\",\"afterFeature\",\"_\",\"suite\",\"$0\",\"ignoredWorkerServices\",\"wdi5\"]"}]}
COMMAND: POST /session/0483d061f40becc12e3a8004d2d19577/execute/async - {"script":"<script> [21126 bytes]","args":[35000]}
RESULT: {"script":"<script> [21126 bytes]","args":[35000]}
COMMAND: POST /session/0483d061f40becc12e3a8004d2d19577/window/maximize - {}
RESULT: {}
COMMAND: POST /session/0483d061f40becc12e3a8004d2d19577/execute/async - {"script":"<script> [1562 bytes]","args":[{"selector":{"id":"shell-header","interaction":{"idSuffix":"icon"}},"wdio_ui5_key":"shellheader"}]}
COMMAND: GET /session/0483d061f40becc12e3a8004d2d19577/screenshot - {}
RESULT: {"script":"<script> [1562 bytes]","args":[{"selector":{"id":"shell-header","interaction":{"idSuffix":"icon"}},"wdio_ui5_key":"shellheader"}]}
RESULT: undefined
COMMAND: POST /session/0483d061f40becc12e3a8004d2d19577/refresh - {}
RESULT: {}
RESULT: {}
COMMAND: GET /session/0483d061f40becc12e3a8004d2d19577/screenshot - {}
RESULT: {}
COMMAND: POST /session/0483d061f40becc12e3a8004d2d19577/refresh - {}
RESULT: {}
COMMAND: GET /session/0483d061f40becc12e3a8004d2d19577/screenshot - {}
RESULT: {}
COMMAND: POST /session/0483d061f40becc12e3a8004d2d19577/window/fullscreen - {}
RESULT: {}
COMMAND: POST /session/0483d061f40becc12e3a8004d2d19577/execute/async - {"script":"<script> [189 bytes]","args":[]}
RESULT: {"script":"<script> [189 bytes]","args":[]}
COMMAND: POST /session/0483d061f40becc12e3a8004d2d19577/execute/async - {"script":"<script> [123 bytes]","args":[]}
RESULT: {"script":"<script> [123 bytes]","args":[]}
COMMAND: POST /session/0483d061f40becc12e3a8004d2d19577/timeouts - {"script":"<number>"}
RESULT: {"script":"<number>"}
COMMAND: GET /session/0483d061f40becc12e3a8004d2d19577/timeouts - {}
RESULT: {}
RESULT: undefined
COMMAND: POST /session/0483d061f40becc12e3a8004d2d19577/execute/async - {"script":"<script> [2676 bytes]","args":[]}
RESULT: {"script":"<script> [2676 bytes]","args":[]}
COMMAND: POST /session/0483d061f40becc12e3a8004d2d19577/execute/async - {"script":"<script> [2342 bytes]","args":[{"protocol":"http","hostname":"0.0.0.0","path":"/","capabilities":{"browserName":"chrome","goog:chromeOptions":{"binary":"C:\\Program Files\\Google\\Chrome\\Application\\chrome.exe","args":["--start-maximized"]}},"logLevel":"warn","connectionRetryTimeout":120000,"connectionRetryCount":3,"logLevels":{},"enableDirectConnect":true,"strictSSL":true,"_":"65 more keys: [\"cacheDir\",\"port\",\"requestedCapabilities\",\"automationProtocol\",\"baseUrl\",\"waitforInterval\",\"waitforTimeout\",\"onReload\",\"beforeCommand\",\"afterCommand\",\"rootDir\",\"specs\",\"suites\",\"exclude\",\"groupLogsByTestSpec\",\"excludeDriverLogs\",\"bail\",\"framework\",\"reporters\",\"services\",\"maxInstances\",\"maxInstancesPerCapability\",\"injectGlobals\",\"filesToWatch\",\"execArgv\",\"runnerEnv\",\"runner\",\"shard\",\"specFileRetries\",\"specFileRetriesDelay\",\"specFileRetriesDeferred\",\"reporterSyncInterval\",\"reporterSyncTimeout\",\"cucumberFeaturesWithLineNumbers\",\"autoCompileOpts\",\"mochaOpts\",\"jasmineOpts\",\"cucumberOpts\",\"onPrepare\",\"onWorkerStart\",\"onWorkerEnd\",\"before\",\"beforeSession\",\"beforeSuite\",\"beforeHook\",\"beforeTest\",\"afterTest\",\"afterHook\",\"afterSuite\",\"afterSession\",\"after\",\"onComplete\",\"beforeAssertion\",\"afterAssertion\",\"beforeFeature\",\"beforeScenario\",\"beforeStep\",\"afterStep\",\"afterScenario\",\"afterFeature\",\"_\",\"suite\",\"$0\",\"ignoredWorkerServices\",\"wdi5\"]"}]}
RESULT: {"script":"<script> [2342 bytes]","args":[{"protocol":"http","hostname":"0.0.0.0","path":"/","capabilities":{"browserName":"chrome","goog:chromeOptions":{"binary":"C:\\Program Files\\Google\\Chrome\\Application\\chrome.exe","args":["--start-maximized"]}},"logLevel":"warn","connectionRetryTimeout":120000,"connectionRetryCount":3,"logLevels":{},"enableDirectConnect":true,"strictSSL":true,"_":"65 more keys: [\"cacheDir\",\"port\",\"requestedCapabilities\",\"automationProtocol\",\"baseUrl\",\"waitforInterval\",\"waitforTimeout\",\"onReload\",\"beforeCommand\",\"afterCommand\",\"rootDir\",\"specs\",\"suites\",\"exclude\",\"groupLogsByTestSpec\",\"excludeDriverLogs\",\"bail\",\"framework\",\"reporters\",\"services\",\"maxInstances\",\"maxInstancesPerCapability\",\"injectGlobals\",\"filesToWatch\",\"execArgv\",\"runnerEnv\",\"runner\",\"shard\",\"specFileRetries\",\"specFileRetriesDelay\",\"specFileRetriesDeferred\",\"reporterSyncInterval\",\"reporterSyncTimeout\",\"cucumberFeaturesWithLineNumbers\",\"autoCompileOpts\",\"mochaOpts\",\"jasmineOpts\",\"cucumberOpts\",\"onPrepare\",\"onWorkerStart\",\"onWorkerEnd\",\"before\",\"beforeSession\",\"beforeSuite\",\"beforeHook\",\"beforeTest\",\"afterTest\",\"afterHook\",\"afterSuite\",\"afterSession\",\"after\",\"onComplete\",\"beforeAssertion\",\"afterAssertion\",\"beforeFeature\",\"beforeScenario\",\"beforeStep\",\"afterStep\",\"afterScenario\",\"afterFeature\",\"_\",\"suite\",\"$0\",\"ignoredWorkerServices\",\"wdi5\"]"}]}
COMMAND: POST /session/0483d061f40becc12e3a8004d2d19577/execute/async - {"script":"<script> [21126 bytes]","args":[35000]}
RESULT: {"script":"<script> [21126 bytes]","args":[35000]}
]]></system-out>
    </testcase>
  </testsuite>
  <testsuite timestamp="2025-05-29T18:10:30" time="682.919" tests="12" failures="0" errors="0" skipped="0">
    <properties>
      <property name="specId" value="0"/>
      <property name="suiteName" value="Create Reverse Billing US127248"/>
      <property name="capabilities" value="chrome.136_0_7103_93.windows"/>
      <property name="file" value="file:///D:/a/1/s/test/specs/BTS/reverse-billing.spec.js"/>
    </properties>
    <testcase classname="chrome.136_0_7103_93.windows.Create_Reverse_Billing_US127248" name="Should create a new yard" time="0.012">
      <system-out><![CDATA[
COMMAND: POST /session/0483d061f40becc12e3a8004d2d19577/window/fullscreen - {}
RESULT: {}
]]></system-out>
    </testcase>
    <testcase classname="chrome.136_0_7103_93.windows.Create_Reverse_Billing_US127248" name="Should create a new partner" time="0.003"/>
    <testcase classname="chrome.136_0_7103_93.windows.Create_Reverse_Billing_US127248" name="Should create a new site" time="0.004"/>
    <testcase classname="chrome.136_0_7103_93.windows.Create_Reverse_Billing_US127248" name="Should create a resource" time="141.952">
      <system-out><![CDATA[
COMMAND: POST /session/0483d061f40becc12e3a8004d2d19577/execute/async - {"script":"<script> [1562 bytes]","args":[{"selector":{"controlType":"sap.m.GenericTile","properties":{"header":"Manage Resources"}},"wdio_ui5_key":"sapm.GenericTile{\"header\":\"Manage Resources\"}"}]}
RESULT: {"script":"<script> [1562 bytes]","args":[{"selector":{"controlType":"sap.m.GenericTile","properties":{"header":"Manage Resources"}},"wdio_ui5_key":"sapm.GenericTile{\"header\":\"Manage Resources\"}"}]}
RESULT: undefined
COMMAND: POST /session/0483d061f40becc12e3a8004d2d19577/element - {"using":"xpath","value":"//*[@id=\"__tile39\"]"}
RESULT: {"using":"xpath","value":"//*[@id=\"__tile39\"]"}
COMMAND: POST /session/0483d061f40becc12e3a8004d2d19577/element/f.21909E599E196C0494D8E3CC232C3551.d.D3A727AD78A0B61621E432A8BDEE557D.e.18496/click - {}
RESULT: {}
COMMAND: GET /session/0483d061f40becc12e3a8004d2d19577/screenshot - {}
RESULT: {}
COMMAND: POST /session/0483d061f40becc12e3a8004d2d19577/elements - {"using":"xpath","value":"//span[text()='Error']"}
RESULT: {"using":"xpath","value":"//span[text()='Error']"}
COMMAND: POST /session/0483d061f40becc12e3a8004d2d19577/element - {"using":"xpath","value":"//button[@data-kt=\"addNewRUOverflowToolbarButton\"]"}
RESULT: {"using":"xpath","value":"//button[@data-kt=\"addNewRUOverflowToolbarButton\"]"}
COMMAND: POST /session/0483d061f40becc12e3a8004d2d19577/elements - {"using":"xpath","value":"//button[@data-kt=\"addNewRUOverflowToolbarButton\"]"}
RESULT: {"using":"xpath","value":"//button[@data-kt=\"addNewRUOverflowToolbarButton\"]"}
COMMAND: POST /session/0483d061f40becc12e3a8004d2d19577/elements - {"using":"xpath","value":"//button[@data-kt=\"addNewRUOverflowToolbarButton\"]"}
RESULT: {"using":"xpath","value":"//button[@data-kt=\"addNewRUOverflowToolbarButton\"]"}
COMMAND: POST /session/0483d061f40becc12e3a8004d2d19577/elements - {"using":"xpath","value":"//button[@data-kt=\"addNewRUOverflowToolbarButton\"]"}
RESULT: {"using":"xpath","value":"//button[@data-kt=\"addNewRUOverflowToolbarButton\"]"}
COMMAND: POST /session/0483d061f40becc12e3a8004d2d19577/elements - {"using":"xpath","value":"//button[@data-kt=\"addNewRUOverflowToolbarButton\"]"}
RESULT: {"using":"xpath","value":"//button[@data-kt=\"addNewRUOverflowToolbarButton\"]"}
COMMAND: POST /session/0483d061f40becc12e3a8004d2d19577/elements - {"using":"xpath","value":"//button[@data-kt=\"addNewRUOverflowToolbarButton\"]"}
RESULT: {"using":"xpath","value":"//button[@data-kt=\"addNewRUOverflowToolbarButton\"]"}
COMMAND: POST /session/0483d061f40becc12e3a8004d2d19577/elements - {"using":"xpath","value":"//button[@data-kt=\"addNewRUOverflowToolbarButton\"]"}
RESULT: {"using":"xpath","value":"//button[@data-kt=\"addNewRUOverflowToolbarButton\"]"}
COMMAND: POST /session/0483d061f40becc12e3a8004d2d19577/elements - {"using":"xpath","value":"//button[@data-kt=\"addNewRUOverflowToolbarButton\"]"}
RESULT: {"using":"xpath","value":"//button[@data-kt=\"addNewRUOverflowToolbarButton\"]"}
COMMAND: POST /session/0483d061f40becc12e3a8004d2d19577/elements - {"using":"xpath","value":"//button[@data-kt=\"addNewRUOverflowToolbarButton\"]"}
RESULT: {"using":"xpath","value":"//button[@data-kt=\"addNewRUOverflowToolbarButton\"]"}
COMMAND: POST /session/0483d061f40becc12e3a8004d2d19577/element - {"using":"xpath","value":"//button[@data-kt=\"addNewRUOverflowToolbarButton\"]"}
RESULT: {"using":"xpath","value":"//button[@data-kt=\"addNewRUOverflowToolbarButton\"]"}
COMMAND: POST /session/0483d061f40becc12e3a8004d2d19577/execute/sync - {"script":"<script> [8489 bytes]","args":[{"element-6066-11e4-a52e-4f735466cecf":"f.21909E599E196C0494D8E3CC232C3551.d.D3A727AD78A0B61621E432A8BDEE557D.e.18635","ELEMENT":"f.21909E599E196C0494D8E3CC232C3551.d.D3A727AD78A0B61621E432A8BDEE557D.e.18635"}]}
RESULT: {"script":"<script> [8489 bytes]","args":[{"element-6066-11e4-a52e-4f735466cecf":"f.21909E599E196C0494D8E3CC232C3551.d.D3A727AD78A0B61621E432A8BDEE557D.e.18635","ELEMENT":"f.21909E599E196C0494D8E3CC232C3551.d.D3A727AD78A0B61621E432A8BDEE557D.e.18635"}]}
COMMAND: GET /session/0483d061f40becc12e3a8004d2d19577/element/f.21909E599E196C0494D8E3CC232C3551.d.D3A727AD78A0B61621E432A8BDEE557D.e.18635/enabled - {}
COMMAND: GET /session/0483d061f40becc12e3a8004d2d19577/screenshot - {}
RESULT: {}
COMMAND: POST /session/0483d061f40becc12e3a8004d2d19577/execute/sync - {"script":"<script> [8489 bytes]","args":[{"element-6066-11e4-a52e-4f735466cecf":"f.21909E599E196C0494D8E3CC232C3551.d.D3A727AD78A0B61621E432A8BDEE557D.e.18635","ELEMENT":"f.21909E599E196C0494D8E3CC232C3551.d.D3A727AD78A0B61621E432A8BDEE557D.e.18635"}]}
COMMAND: GET /session/0483d061f40becc12e3a8004d2d19577/screenshot - {}
RESULT: {}
RESULT: {"script":"<script> [8489 bytes]","args":[{"element-6066-11e4-a52e-4f735466cecf":"f.21909E599E196C0494D8E3CC232C3551.d.D3A727AD78A0B61621E432A8BDEE557D.e.18635","ELEMENT":"f.21909E599E196C0494D8E3CC232C3551.d.D3A727AD78A0B61621E432A8BDEE557D.e.18635"}]}
COMMAND: POST /session/0483d061f40becc12e3a8004d2d19577/execute/sync - {"script":"<script> [5351 bytes]","args":[{"element-6066-11e4-a52e-4f735466cecf":"f.21909E599E196C0494D8E3CC232C3551.d.D3A727AD78A0B61621E432A8BDEE557D.e.18635","ELEMENT":"f.21909E599E196C0494D8E3CC232C3551.d.D3A727AD78A0B61621E432A8BDEE557D.e.18635"}]}
COMMAND: GET /session/0483d061f40becc12e3a8004d2d19577/screenshot - {}
RESULT: {}
RESULT: {"script":"<script> [5351 bytes]","args":[{"element-6066-11e4-a52e-4f735466cecf":"f.21909E599E196C0494D8E3CC232C3551.d.D3A727AD78A0B61621E432A8BDEE557D.e.18635","ELEMENT":"f.21909E599E196C0494D8E3CC232C3551.d.D3A727AD78A0B61621E432A8BDEE557D.e.18635"}]}
COMMAND: POST /session/0483d061f40becc12e3a8004d2d19577/element/f.21909E599E196C0494D8E3CC232C3551.d.D3A727AD78A0B61621E432A8BDEE557D.e.18635/click - {}
COMMAND: GET /session/0483d061f40becc12e3a8004d2d19577/screenshot - {}
RESULT: {}
RESULT: {}
COMMAND: GET /session/0483d061f40becc12e3a8004d2d19577/screenshot - {}
RESULT: {}
COMMAND: POST /session/0483d061f40becc12e3a8004d2d19577/execute/async - {"script":"<script> [1562 bytes]","args":[{"selector":{"id":"application-manageresources-display-component---newResourceUnit--TYPE-arrow"},"wdio_ui5_key":"applicationmanageresources-display-component---newResourceUnit--TYPE-arrow"}]}
RESULT: {}
RESULT: {"script":"<script> [1562 bytes]","args":[{"selector":{"id":"application-manageresources-display-component---newResourceUnit--TYPE-arrow"},"wdio_ui5_key":"applicationmanageresources-display-component---newResourceUnit--TYPE-arrow"}]}
RESULT: undefined
COMMAND: POST /session/0483d061f40becc12e3a8004d2d19577/element - {"using":"xpath","value":"//*[@id=\"application-manageresources-display-component---newResourceUnit--TYPE-arrow\"]"}
RESULT: {"using":"xpath","value":"//*[@id=\"application-manageresources-display-component---newResourceUnit--TYPE-arrow\"]"}
COMMAND: POST /session/0483d061f40becc12e3a8004d2d19577/element/f.21909E599E196C0494D8E3CC232C3551.d.D3A727AD78A0B61621E432A8BDEE557D.e.19003/click - {}
RESULT: {}
COMMAND: POST /session/0483d061f40becc12e3a8004d2d19577/element - {"using":"xpath","value":"//input[@id=\"application-manageresources-display-component---newResourceUnit--TYPE-inner\"]"}
COMMAND: GET /session/0483d061f40becc12e3a8004d2d19577/screenshot - {}
RESULT: {"using":"xpath","value":"//input[@id=\"application-manageresources-display-component---newResourceUnit--TYPE-inner\"]"}
COMMAND: POST /session/0483d061f40becc12e3a8004d2d19577/element/f.21909E599E196C0494D8E3CC232C3551.d.D3A727AD78A0B61621E432A8BDEE557D.e.18988/clear - {}
RESULT: {}
RESULT: {}
COMMAND: POST /session/0483d061f40becc12e3a8004d2d19577/element/f.21909E599E196C0494D8E3CC232C3551.d.D3A727AD78A0B61621E432A8BDEE557D.e.18988/value - {"text":"Equipment"}
COMMAND: GET /session/0483d061f40becc12e3a8004d2d19577/screenshot - {}
RESULT: {"text":"Equipment"}
COMMAND: GET /session/0483d061f40becc12e3a8004d2d19577/screenshot - {}
RESULT: {}
RESULT: {}
COMMAND: POST /session/0483d061f40becc12e3a8004d2d19577/actions - {"actions":[{"id":"action60","type":"key","parameters":{},"actions":[{"type":"keyDown","value":""},{"type":"pause","duration":10},{"type":"keyUp","value":""}]}]}
RESULT: {"actions":[{"id":"action60","type":"key","parameters":{},"actions":[{"type":"keyDown","value":""},{"type":"pause","duration":10},{"type":"keyUp","value":""}]}]}
COMMAND: POST /session/0483d061f40becc12e3a8004d2d19577/execute/async - {"script":"<script> [1562 bytes]","args":[{"selector":{"id":"application-manageresources-display-component---newResourceUnit--resourceId","interaction":{"idSuffix":"inner"}},"wdio_ui5_key":"applicationmanageresources-display-component---newResourceUnit--resourceId"}]}
COMMAND: GET /session/0483d061f40becc12e3a8004d2d19577/screenshot - {}
RESULT: {"script":"<script> [1562 bytes]","args":[{"selector":{"id":"application-manageresources-display-component---newResourceUnit--resourceId","interaction":{"idSuffix":"inner"}},"wdio_ui5_key":"applicationmanageresources-display-component---newResourceUnit--resourceId"}]}
RESULT: undefined
COMMAND: POST /session/0483d061f40becc12e3a8004d2d19577/execute/async - {"script":"<script> [776 bytes]","args":[{"enterText":"kiYcenEVXX","selector":{"id":"application-manageresources-display-component---newResourceUnit--resourceId","interaction":{"idSuffix":"inner"}},"clearTextFirst":true,"interactionType":"ENTER_TEXT"}]}
RESULT: {}
RESULT: {"script":"<script> [776 bytes]","args":[{"enterText":"kiYcenEVXX","selector":{"id":"application-manageresources-display-component---newResourceUnit--resourceId","interaction":{"idSuffix":"inner"}},"clearTextFirst":true,"interactionType":"ENTER_TEXT"}]}
COMMAND: POST /session/0483d061f40becc12e3a8004d2d19577/execute/async - {"script":"<script> [1562 bytes]","args":[{"selector":{"id":"application-manageresources-display-component---newResourceUnit--SHORT_TEXT","interaction":{"idSuffix":"inner"}},"wdio_ui5_key":"applicationmanageresources-display-component---newResourceUnit--SHORT_TEXT"}]}
RESULT: {"script":"<script> [1562 bytes]","args":[{"selector":{"id":"application-manageresources-display-component---newResourceUnit--SHORT_TEXT","interaction":{"idSuffix":"inner"}},"wdio_ui5_key":"applicationmanageresources-display-component---newResourceUnit--SHORT_TEXT"}]}
RESULT: undefined
COMMAND: POST /session/0483d061f40becc12e3a8004d2d19577/execute/async - {"script":"<script> [776 bytes]","args":[{"enterText":"Intercompany Equipment WDIO","selector":{"id":"application-manageresources-display-component---newResourceUnit--SHORT_TEXT","interaction":{"idSuffix":"inner"}},"clearTextFirst":true,"interactionType":"ENTER_TEXT"}]}
RESULT: {"script":"<script> [776 bytes]","args":[{"enterText":"Intercompany Equipment WDIO","selector":{"id":"application-manageresources-display-component---newResourceUnit--SHORT_TEXT","interaction":{"idSuffix":"inner"}},"clearTextFirst":true,"interactionType":"ENTER_TEXT"}]}
COMMAND: POST /session/0483d061f40becc12e3a8004d2d19577/execute/async - {"script":"<script> [1562 bytes]","args":[{"selector":{"id":"application-manageresources-display-component---newResourceUnit--BASE_UNIT_OF_MEASURE","interaction":{"idSuffix":"inner"}},"wdio_ui5_key":"applicationmanageresources-display-component---newResourceUnit--BASE_UNIT_OF_MEASURE"}]}
RESULT: {"script":"<script> [1562 bytes]","args":[{"selector":{"id":"application-manageresources-display-component---newResourceUnit--BASE_UNIT_OF_MEASURE","interaction":{"idSuffix":"inner"}},"wdio_ui5_key":"applicationmanageresources-display-component---newResourceUnit--BASE_UNIT_OF_MEASURE"}]}
RESULT: undefined
COMMAND: POST /session/0483d061f40becc12e3a8004d2d19577/execute/async - {"script":"<script> [776 bytes]","args":[{"enterText":"Piece","selector":{"id":"application-manageresources-display-component---newResourceUnit--BASE_UNIT_OF_MEASURE","interaction":{"idSuffix":"inner"}},"clearTextFirst":true,"interactionType":"ENTER_TEXT"}]}
RESULT: {"script":"<script> [776 bytes]","args":[{"enterText":"Piece","selector":{"id":"application-manageresources-display-component---newResourceUnit--BASE_UNIT_OF_MEASURE","interaction":{"idSuffix":"inner"}},"clearTextFirst":true,"interactionType":"ENTER_TEXT"}]}
COMMAND: POST /session/0483d061f40becc12e3a8004d2d19577/execute/async - {"script":"<script> [1562 bytes]","args":[{"selector":{"id":"application-manageresources-display-component---newResourceUnit--WEIGHT_UNIT","interaction":{"idSuffix":"inner"}},"wdio_ui5_key":"applicationmanageresources-display-component---newResourceUnit--WEIGHT_UNIT"}]}
RESULT: {"script":"<script> [1562 bytes]","args":[{"selector":{"id":"application-manageresources-display-component---newResourceUnit--WEIGHT_UNIT","interaction":{"idSuffix":"inner"}},"wdio_ui5_key":"applicationmanageresources-display-component---newResourceUnit--WEIGHT_UNIT"}]}
RESULT: undefined
COMMAND: POST /session/0483d061f40becc12e3a8004d2d19577/execute/async - {"script":"<script> [776 bytes]","args":[{"enterText":"Gram","selector":{"id":"application-manageresources-display-component---newResourceUnit--WEIGHT_UNIT","interaction":{"idSuffix":"inner"}},"clearTextFirst":true,"interactionType":"ENTER_TEXT"}]}
RESULT: {"script":"<script> [776 bytes]","args":[{"enterText":"Gram","selector":{"id":"application-manageresources-display-component---newResourceUnit--WEIGHT_UNIT","interaction":{"idSuffix":"inner"}},"clearTextFirst":true,"interactionType":"ENTER_TEXT"}]}
COMMAND: POST /session/0483d061f40becc12e3a8004d2d19577/execute/async - {"script":"<script> [1562 bytes]","args":[{"selector":{"id":"application-manageresources-display-component---newResourceUnit--DIMENSION_UNIT","interaction":{"idSuffix":"inner"}},"wdio_ui5_key":"applicationmanageresources-display-component---newResourceUnit--DIMENSION_UNIT"}]}
RESULT: {"script":"<script> [1562 bytes]","args":[{"selector":{"id":"application-manageresources-display-component---newResourceUnit--DIMENSION_UNIT","interaction":{"idSuffix":"inner"}},"wdio_ui5_key":"applicationmanageresources-display-component---newResourceUnit--DIMENSION_UNIT"}]}
RESULT: undefined
COMMAND: POST /session/0483d061f40becc12e3a8004d2d19577/execute/async - {"script":"<script> [776 bytes]","args":[{"enterText":"Meter","selector":{"id":"application-manageresources-display-component---newResourceUnit--DIMENSION_UNIT","interaction":{"idSuffix":"inner"}},"clearTextFirst":true,"interactionType":"ENTER_TEXT"}]}
RESULT: {"script":"<script> [776 bytes]","args":[{"enterText":"Meter","selector":{"id":"application-manageresources-display-component---newResourceUnit--DIMENSION_UNIT","interaction":{"idSuffix":"inner"}},"clearTextFirst":true,"interactionType":"ENTER_TEXT"}]}
COMMAND: POST /session/0483d061f40becc12e3a8004d2d19577/execute/async - {"script":"<script> [1562 bytes]","args":[{"selector":{"id":"application-manageresources-display-component---newResourceUnit--newRRUPage-anchBar-application-manageresources-display-component---newResourceUnit--control-anchor","interaction":{"idSuffix":"BDI-content"}},"wdio_ui5_key":"applicationmanageresources-display-component---newResourceUnit--newRRUPage-anchBar-application-manageresources-display-component---newResourceUnit--control-anchor"}]}
RESULT: {"script":"<script> [1562 bytes]","args":[{"selector":{"id":"application-manageresources-display-component---newResourceUnit--newRRUPage-anchBar-application-manageresources-display-component---newResourceUnit--control-anchor","interaction":{"idSuffix":"BDI-content"}},"wdio_ui5_key":"applicationmanageresources-display-component---newResourceUnit--newRRUPage-anchBar-application-manageresources-display-component---newResourceUnit--control-anchor"}]}
RESULT: undefined
COMMAND: POST /session/0483d061f40becc12e3a8004d2d19577/element - {"using":"xpath","value":"//*[@id=\"application-manageresources-display-component---newResourceUnit--newRRUPage-anchBar-application-manageresources-display-component---newResourceUnit--control-anchor\"]"}
RESULT: {"using":"xpath","value":"//*[@id=\"application-manageresources-display-component---newResourceUnit--newRRUPage-anchBar-application-manageresources-display-component---newResourceUnit--control-anchor\"]"}
COMMAND: POST /session/0483d061f40becc12e3a8004d2d19577/element/f.21909E599E196C0494D8E3CC232C3551.d.D3A727AD78A0B61621E432A8BDEE557D.e.19162/click - {}
RESULT: {}
COMMAND: POST /session/0483d061f40becc12e3a8004d2d19577/execute/async - {"script":"<script> [1562 bytes]","args":[{"selector":{"id":"application-manageresources-display-component---newResourceUnit--PLANNING_GROUP","interaction":{"idSuffix":"inner"}},"wdio_ui5_key":"applicationmanageresources-display-component---newResourceUnit--PLANNING_GROUP"}]}
COMMAND: GET /session/0483d061f40becc12e3a8004d2d19577/screenshot - {}
RESULT: {"script":"<script> [1562 bytes]","args":[{"selector":{"id":"application-manageresources-display-component---newResourceUnit--PLANNING_GROUP","interaction":{"idSuffix":"inner"}},"wdio_ui5_key":"applicationmanageresources-display-component---newResourceUnit--PLANNING_GROUP"}]}
RESULT: undefined
COMMAND: POST /session/0483d061f40becc12e3a8004d2d19577/execute/async - {"script":"<script> [776 bytes]","args":[{"enterText":"Heavy Equi","selector":{"id":"application-manageresources-display-component---newResourceUnit--PLANNING_GROUP","interaction":{"idSuffix":"inner"}},"clearTextFirst":true,"interactionType":"ENTER_TEXT"}]}
RESULT: {}
RESULT: {"script":"<script> [776 bytes]","args":[{"enterText":"Heavy Equi","selector":{"id":"application-manageresources-display-component---newResourceUnit--PLANNING_GROUP","interaction":{"idSuffix":"inner"}},"clearTextFirst":true,"interactionType":"ENTER_TEXT"}]}
COMMAND: POST /session/0483d061f40becc12e3a8004d2d19577/execute/async - {"script":"<script> [1562 bytes]","args":[{"selector":{"id":"application-manageresources-display-component---newResourceUnit--ITEM_TYPE-arrow"},"wdio_ui5_key":"applicationmanageresources-display-component---newResourceUnit--ITEM_TYPE-arrow"}]}
RESULT: {"script":"<script> [1562 bytes]","args":[{"selector":{"id":"application-manageresources-display-component---newResourceUnit--ITEM_TYPE-arrow"},"wdio_ui5_key":"applicationmanageresources-display-component---newResourceUnit--ITEM_TYPE-arrow"}]}
RESULT: undefined
COMMAND: POST /session/0483d061f40becc12e3a8004d2d19577/element - {"using":"xpath","value":"//*[@id=\"application-manageresources-display-component---newResourceUnit--ITEM_TYPE-arrow\"]"}
RESULT: {"using":"xpath","value":"//*[@id=\"application-manageresources-display-component---newResourceUnit--ITEM_TYPE-arrow\"]"}
COMMAND: POST /session/0483d061f40becc12e3a8004d2d19577/element/f.21909E599E196C0494D8E3CC232C3551.d.D3A727AD78A0B61621E432A8BDEE557D.e.19169/click - {}
RESULT: {}
COMMAND: POST /session/0483d061f40becc12e3a8004d2d19577/element - {"using":"xpath","value":"//ul[contains(@id,\"ITEM_TYPE-popup-list-listUl\")]//li[.//span[contains(text(),\"Resource Unit\")]]"}
COMMAND: GET /session/0483d061f40becc12e3a8004d2d19577/screenshot - {}
RESULT: {"using":"xpath","value":"//ul[contains(@id,\"ITEM_TYPE-popup-list-listUl\")]//li[.//span[contains(text(),\"Resource Unit\")]]"}
COMMAND: POST /session/0483d061f40becc12e3a8004d2d19577/element/f.21909E599E196C0494D8E3CC232C3551.d.D3A727AD78A0B61621E432A8BDEE557D.e.19170/click - {}
RESULT: {}
RESULT: {}
COMMAND: GET /session/0483d061f40becc12e3a8004d2d19577/screenshot - {}
RESULT: {}
COMMAND: POST /session/0483d061f40becc12e3a8004d2d19577/element - {"using":"css selector","value":"#application-manageresources-display-component---newResourceUnit--btnAddTimeSegment"}
RESULT: {"using":"css selector","value":"#application-manageresources-display-component---newResourceUnit--btnAddTimeSegment"}
COMMAND: GET /session/0483d061f40becc12e3a8004d2d19577/element/f.21909E599E196C0494D8E3CC232C3551.d.D3A727AD78A0B61621E432A8BDEE557D.e.19177/rect - {}
RESULT: {}
COMMAND: GET /session/0483d061f40becc12e3a8004d2d19577/window/rect - {}
RESULT: {}
COMMAND: POST /session/0483d061f40becc12e3a8004d2d19577/execute/sync - {"script":"<script> [92 bytes]","args":[]}
RESULT: {"script":"<script> [92 bytes]","args":[]}
COMMAND: POST /session/0483d061f40becc12e3a8004d2d19577/actions - {"actions":[{"id":"action61","type":"wheel","parameters":{},"actions":[{"type":"scroll","x":-1888,"y":-32,"deltaX":0,"deltaY":0,"duration":0,"origin":{"element-6066-11e4-a52e-4f735466cecf":"f.21909E599E196C0494D8E3CC232C3551.d.D3A727AD78A0B61621E432A8BDEE557D.e.19177"}}]}]}
COMMAND: GET /session/0483d061f40becc12e3a8004d2d19577/screenshot - {}
RESULT: {}
COMMAND: POST /session/0483d061f40becc12e3a8004d2d19577/execute/sync - {"script":"<script> [79 bytes]","args":[{"element-6066-11e4-a52e-4f735466cecf":"f.21909E599E196C0494D8E3CC232C3551.d.D3A727AD78A0B61621E432A8BDEE557D.e.19177","ELEMENT":"f.21909E599E196C0494D8E3CC232C3551.d.D3A727AD78A0B61621E432A8BDEE557D.e.19177"},{"block":"start","inline":"nearest"}]}
RESULT: {"script":"<script> [79 bytes]","args":[{"element-6066-11e4-a52e-4f735466cecf":"f.21909E599E196C0494D8E3CC232C3551.d.D3A727AD78A0B61621E432A8BDEE557D.e.19177","ELEMENT":"f.21909E599E196C0494D8E3CC232C3551.d.D3A727AD78A0B61621E432A8BDEE557D.e.19177"},{"block":"start","inline":"nearest"}]}
COMMAND: POST /session/0483d061f40becc12e3a8004d2d19577/execute/async - {"script":"<script> [1562 bytes]","args":[{"selector":{"id":"application-manageresources-display-component---newResourceUnit--btnAddTimeSegment","interaction":{"idSuffix":"inner"}},"wdio_ui5_key":"applicationmanageresources-display-component---newResourceUnit--btnAddTimeSegment"}]}
COMMAND: GET /session/0483d061f40becc12e3a8004d2d19577/screenshot - {}
RESULT: {"script":"<script> [1562 bytes]","args":[{"selector":{"id":"application-manageresources-display-component---newResourceUnit--btnAddTimeSegment","interaction":{"idSuffix":"inner"}},"wdio_ui5_key":"applicationmanageresources-display-component---newResourceUnit--btnAddTimeSegment"}]}
RESULT: undefined
COMMAND: POST /session/0483d061f40becc12e3a8004d2d19577/element - {"using":"xpath","value":"//*[@id=\"application-manageresources-display-component---newResourceUnit--btnAddTimeSegment\"]"}
RESULT: {}
RESULT: {"using":"xpath","value":"//*[@id=\"application-manageresources-display-component---newResourceUnit--btnAddTimeSegment\"]"}
COMMAND: POST /session/0483d061f40becc12e3a8004d2d19577/element/f.21909E599E196C0494D8E3CC232C3551.d.D3A727AD78A0B61621E432A8BDEE557D.e.19177/click - {}
RESULT: {}
COMMAND: GET /session/0483d061f40becc12e3a8004d2d19577/screenshot - {}
RESULT: {}
COMMAND: POST /session/0483d061f40becc12e3a8004d2d19577/element - {"using":"xpath","value":"//input[@id=\"application-manageresources-display-component---newResourceUnit--idRuTSAdmin-application-manageresources-display-component---newResourceUnit--RUTimeSegment-0-inner\"]"}
RESULT: {"using":"xpath","value":"//input[@id=\"application-manageresources-display-component---newResourceUnit--idRuTSAdmin-application-manageresources-display-component---newResourceUnit--RUTimeSegment-0-inner\"]"}
COMMAND: POST /session/0483d061f40becc12e3a8004d2d19577/element/f.21909E599E196C0494D8E3CC232C3551.d.D3A727AD78A0B61621E432A8BDEE557D.e.19183/clear - {}
RESULT: {}
COMMAND: POST /session/0483d061f40becc12e3a8004d2d19577/element/f.21909E599E196C0494D8E3CC232C3551.d.D3A727AD78A0B61621E432A8BDEE557D.e.19183/value - {"text":"474"}
COMMAND: GET /session/0483d061f40becc12e3a8004d2d19577/screenshot - {}
RESULT: {"text":"474"}
COMMAND: GET /session/0483d061f40becc12e3a8004d2d19577/screenshot - {}
RESULT: {}
RESULT: {}
COMMAND: POST /session/0483d061f40becc12e3a8004d2d19577/element - {"using":"xpath","value":"//li[.//span[text()='474']]"}
RESULT: {"using":"xpath","value":"//li[.//span[text()='474']]"}
COMMAND: POST /session/0483d061f40becc12e3a8004d2d19577/element/f.21909E599E196C0494D8E3CC232C3551.d.D3A727AD78A0B61621E432A8BDEE557D.e.19195/click - {}
RESULT: {}
COMMAND: GET /session/0483d061f40becc12e3a8004d2d19577/screenshot - {}
RESULT: {}
COMMAND: POST /session/0483d061f40becc12e3a8004d2d19577/element - {"using":"xpath","value":"(//span[contains(@id, \"-application-manageresources-display-component---newResourceUnit--RUTimeSegment-0-arrow\")])[6]"}
RESULT: {"using":"xpath","value":"(//span[contains(@id, \"-application-manageresources-display-component---newResourceUnit--RUTimeSegment-0-arrow\")])[6]"}
COMMAND: POST /session/0483d061f40becc12e3a8004d2d19577/element/f.21909E599E196C0494D8E3CC232C3551.d.D3A727AD78A0B61621E432A8BDEE557D.e.19196/click - {}
RESULT: {}
COMMAND: GET /session/0483d061f40becc12e3a8004d2d19577/screenshot - {}
RESULT: {}
COMMAND: POST /session/0483d061f40becc12e3a8004d2d19577/element - {"using":"xpath","value":"//span[contains(text(), \"PM Order\")]"}
RESULT: {"using":"xpath","value":"//span[contains(text(), \"PM Order\")]"}
COMMAND: POST /session/0483d061f40becc12e3a8004d2d19577/element/f.21909E599E196C0494D8E3CC232C3551.d.D3A727AD78A0B61621E432A8BDEE557D.e.19199/click - {}
RESULT: {}
COMMAND: GET /session/0483d061f40becc12e3a8004d2d19577/screenshot - {}
RESULT: {}
COMMAND: POST /session/0483d061f40becc12e3a8004d2d19577/element - {"using":"xpath","value":"(//span[contains(@id ,\"manageresources-display-component---newResourceUnit--RUTimeSegment-0-vhi\")])[1]"}
RESULT: {"using":"xpath","value":"(//span[contains(@id ,\"manageresources-display-component---newResourceUnit--RUTimeSegment-0-vhi\")])[1]"}
COMMAND: GET /session/0483d061f40becc12e3a8004d2d19577/element/f.21909E599E196C0494D8E3CC232C3551.d.D3A727AD78A0B61621E432A8BDEE557D.e.19203/rect - {}
RESULT: {}
COMMAND: GET /session/0483d061f40becc12e3a8004d2d19577/window/rect - {}
RESULT: {}
COMMAND: POST /session/0483d061f40becc12e3a8004d2d19577/execute/sync - {"script":"<script> [92 bytes]","args":[]}
RESULT: {"script":"<script> [92 bytes]","args":[]}
COMMAND: POST /session/0483d061f40becc12e3a8004d2d19577/actions - {"actions":[{"id":"action62","type":"wheel","parameters":{},"actions":[{"type":"scroll","x":-869,"y":-24,"deltaX":0,"deltaY":0,"duration":0,"origin":{"element-6066-11e4-a52e-4f735466cecf":"f.21909E599E196C0494D8E3CC232C3551.d.D3A727AD78A0B61621E432A8BDEE557D.e.19203"}}]}]}
COMMAND: GET /session/0483d061f40becc12e3a8004d2d19577/screenshot - {}
RESULT: {"actions":[{"id":"action62","type":"wheel","parameters":{},"actions":[{"type":"scroll","x":-869,"y":-24,"deltaX":0,"deltaY":0,"duration":0,"origin":{"element-6066-11e4-a52e-4f735466cecf":"f.21909E599E196C0494D8E3CC232C3551.d.D3A727AD78A0B61621E432A8BDEE557D.e.19203"}}]}]}
COMMAND: DELETE /session/0483d061f40becc12e3a8004d2d19577/actions - {}
COMMAND: GET /session/0483d061f40becc12e3a8004d2d19577/screenshot - {}
RESULT: {}
RESULT: {}
COMMAND: GET /session/0483d061f40becc12e3a8004d2d19577/screenshot - {}
RESULT: {}
RESULT: {}
COMMAND: POST /session/0483d061f40becc12e3a8004d2d19577/element/f.21909E599E196C0494D8E3CC232C3551.d.D3A727AD78A0B61621E432A8BDEE557D.e.19203/click - {}
RESULT: {}
COMMAND: GET /session/0483d061f40becc12e3a8004d2d19577/screenshot - {}
RESULT: {}
COMMAND: POST /session/0483d061f40becc12e3a8004d2d19577/execute/async - {"script":"<script> [1562 bytes]","args":[{"selector":{"controlType":"sap.m.SearchField","properties":{"placeholder":"Search"},"searchOpenDialogs":true,"interaction":{"idSuffix":"I"}},"wdio_ui5_key":"sapm.SearchField{\"placeholder\":\"Search\"}"}]}
RESULT: {"script":"<script> [1562 bytes]","args":[{"selector":{"controlType":"sap.m.SearchField","properties":{"placeholder":"Search"},"searchOpenDialogs":true,"interaction":{"idSuffix":"I"}},"wdio_ui5_key":"sapm.SearchField{\"placeholder\":\"Search\"}"}]}
RESULT: undefined
COMMAND: POST /session/0483d061f40becc12e3a8004d2d19577/execute/async - {"script":"<script> [776 bytes]","args":[{"enterText":"4000360","selector":{"controlType":"sap.m.SearchField","properties":{"placeholder":"Search"},"searchOpenDialogs":true,"interaction":{"idSuffix":"I"}},"clearTextFirst":true,"interactionType":"ENTER_TEXT"}]}
RESULT: {"script":"<script> [776 bytes]","args":[{"enterText":"4000360","selector":{"controlType":"sap.m.SearchField","properties":{"placeholder":"Search"},"searchOpenDialogs":true,"interaction":{"idSuffix":"I"}},"clearTextFirst":true,"interactionType":"ENTER_TEXT"}]}
COMMAND: POST /session/0483d061f40becc12e3a8004d2d19577/actions - {"actions":[{"id":"action63","type":"key","parameters":{},"actions":[{"type":"keyDown","value":""},{"type":"pause","duration":10},{"type":"keyUp","value":""}]}]}
RESULT: {"actions":[{"id":"action63","type":"key","parameters":{},"actions":[{"type":"keyDown","value":""},{"type":"pause","duration":10},{"type":"keyUp","value":""}]}]}
COMMAND: GET /session/0483d061f40becc12e3a8004d2d19577/screenshot - {}
RESULT: {}
COMMAND: POST /session/0483d061f40becc12e3a8004d2d19577/element - {"using":"xpath","value":"//td/div/span[contains(text(), \"BGL Vehicles\")]"}
RESULT: {"using":"xpath","value":"//td/div/span[contains(text(), \"BGL Vehicles\")]"}
COMMAND: POST /session/0483d061f40becc12e3a8004d2d19577/element/f.21909E599E196C0494D8E3CC232C3551.d.D3A727AD78A0B61621E432A8BDEE557D.e.19225/click - {}
RESULT: {}
COMMAND: GET /session/0483d061f40becc12e3a8004d2d19577/screenshot - {}
RESULT: {}
COMMAND: POST /session/0483d061f40becc12e3a8004d2d19577/element - {"using":"xpath","value":"//bdi[contains(text(), \"OK\")]"}
RESULT: {"using":"xpath","value":"//bdi[contains(text(), \"OK\")]"}
COMMAND: POST /session/0483d061f40becc12e3a8004d2d19577/element/f.21909E599E196C0494D8E3CC232C3551.d.D3A727AD78A0B61621E432A8BDEE557D.e.19226/click - {}
RESULT: {}
COMMAND: GET /session/0483d061f40becc12e3a8004d2d19577/screenshot - {}
RESULT: {}
COMMAND: POST /session/0483d061f40becc12e3a8004d2d19577/execute/async - {"script":"<script> [1562 bytes]","args":[{"selector":{"id":"application-manageresources-display-component---newResourceUnit--newRRUPage-anchBar-application-manageresources-display-component---newResourceUnit--resource-anchor","interaction":{"idSuffix":"BDI-content"}},"wdio_ui5_key":"applicationmanageresources-display-component---newResourceUnit--newRRUPage-anchBar-application-manageresources-display-component---newResourceUnit--resource-anchor"}]}
RESULT: {"script":"<script> [1562 bytes]","args":[{"selector":{"id":"application-manageresources-display-component---newResourceUnit--newRRUPage-anchBar-application-manageresources-display-component---newResourceUnit--resource-anchor","interaction":{"idSuffix":"BDI-content"}},"wdio_ui5_key":"applicationmanageresources-display-component---newResourceUnit--newRRUPage-anchBar-application-manageresources-display-component---newResourceUnit--resource-anchor"}]}
RESULT: undefined
COMMAND: POST /session/0483d061f40becc12e3a8004d2d19577/element - {"using":"xpath","value":"//*[@id=\"application-manageresources-display-component---newResourceUnit--newRRUPage-anchBar-application-manageresources-display-component---newResourceUnit--resource-anchor\"]"}
RESULT: {"using":"xpath","value":"//*[@id=\"application-manageresources-display-component---newResourceUnit--newRRUPage-anchBar-application-manageresources-display-component---newResourceUnit--resource-anchor\"]"}
COMMAND: POST /session/0483d061f40becc12e3a8004d2d19577/element/f.21909E599E196C0494D8E3CC232C3551.d.D3A727AD78A0B61621E432A8BDEE557D.e.19230/click - {}
RESULT: {}
COMMAND: POST /session/0483d061f40becc12e3a8004d2d19577/execute/async - {"script":"<script> [1562 bytes]","args":[{"selector":{"id":"application-manageresources-display-component---newResourceUnit--PLANNED_DELIVERY_DATE","interaction":{"idSuffix":"inner"}},"wdio_ui5_key":"applicationmanageresources-display-component---newResourceUnit--PLANNED_DELIVERY_DATE"}]}
COMMAND: GET /session/0483d061f40becc12e3a8004d2d19577/screenshot - {}
RESULT: {"script":"<script> [1562 bytes]","args":[{"selector":{"id":"application-manageresources-display-component---newResourceUnit--PLANNED_DELIVERY_DATE","interaction":{"idSuffix":"inner"}},"wdio_ui5_key":"applicationmanageresources-display-component---newResourceUnit--PLANNED_DELIVERY_DATE"}]}
RESULT: undefined
COMMAND: POST /session/0483d061f40becc12e3a8004d2d19577/execute/async - {"script":"<script> [6424 bytes]","args":[{"element-6066-11e4-a52e-4f735466cecf":"f.21909E599E196C0494D8E3CC232C3551.d.D3A727AD78A0B61621E432A8BDEE557D.e.19061"},"setValue",["5/29/25"]]}
RESULT: {}
RESULT: {"script":"<script> [6424 bytes]","args":[{"element-6066-11e4-a52e-4f735466cecf":"f.21909E599E196C0494D8E3CC232C3551.d.D3A727AD78A0B61621E432A8BDEE557D.e.19061"},"setValue",["5/29/25"]]}
COMMAND: POST /session/0483d061f40becc12e3a8004d2d19577/element - {"using":"xpath","value":"//label[contains(@class, 'sapMLabelRequired') and .//bdi[contains(text(), 'Planned Retirement')]]"}
RESULT: {"using":"xpath","value":"//label[contains(@class, 'sapMLabelRequired') and .//bdi[contains(text(), 'Planned Retirement')]]"}
COMMAND: POST /session/0483d061f40becc12e3a8004d2d19577/elements - {"using":"xpath","value":"//label[contains(@class, 'sapMLabelRequired') and .//bdi[contains(text(), 'Planned Retirement')]]"}
RESULT: {"using":"xpath","value":"//label[contains(@class, 'sapMLabelRequired') and .//bdi[contains(text(), 'Planned Retirement')]]"}
COMMAND: POST /session/0483d061f40becc12e3a8004d2d19577/element - {"using":"xpath","value":"//button[@data-kt=\"resourceUnitSaveButton\"]"}
RESULT: {"using":"xpath","value":"//button[@data-kt=\"resourceUnitSaveButton\"]"}
COMMAND: POST /session/0483d061f40becc12e3a8004d2d19577/element/f.21909E599E196C0494D8E3CC232C3551.d.D3A727AD78A0B61621E432A8BDEE557D.e.19021/click - {}
RESULT: {}
COMMAND: GET /session/0483d061f40becc12e3a8004d2d19577/screenshot - {}
RESULT: {}
COMMAND: POST /session/0483d061f40becc12e3a8004d2d19577/element - {"using":"xpath","value":"//bdi[contains(text(), \"Close\")]"}
RESULT: {"using":"xpath","value":"//bdi[contains(text(), \"Close\")]"}
COMMAND: POST /session/0483d061f40becc12e3a8004d2d19577/element/f.21909E599E196C0494D8E3CC232C3551.d.D3A727AD78A0B61621E432A8BDEE557D.e.19238/click - {}
RESULT: {}
COMMAND: GET /session/0483d061f40becc12e3a8004d2d19577/screenshot - {}
RESULT: {}
COMMAND: POST /session/0483d061f40becc12e3a8004d2d19577/element - {"using":"xpath","value":"(//button[contains(@id ,\"actionsToolbar-overflowButton\")])[1]"}
RESULT: {"using":"xpath","value":"(//button[contains(@id ,\"actionsToolbar-overflowButton\")])[1]"}
COMMAND: POST /session/0483d061f40becc12e3a8004d2d19577/element/f.21909E599E196C0494D8E3CC232C3551.d.D3A727AD78A0B61621E432A8BDEE557D.e.19270/click - {}
RESULT: {}
COMMAND: GET /session/0483d061f40becc12e3a8004d2d19577/screenshot - {}
RESULT: {}
COMMAND: POST /session/0483d061f40becc12e3a8004d2d19577/element - {"using":"xpath","value":"//button[@data-kt=\"priceInfoButton\"]"}
RESULT: {"using":"xpath","value":"//button[@data-kt=\"priceInfoButton\"]"}
COMMAND: POST /session/0483d061f40becc12e3a8004d2d19577/element/f.21909E599E196C0494D8E3CC232C3551.d.D3A727AD78A0B61621E432A8BDEE557D.e.19272/click - {}
RESULT: {}
COMMAND: GET /session/0483d061f40becc12e3a8004d2d19577/screenshot - {}
RESULT: {}
]]></system-out>
    </testcase>
    <testcase classname="chrome.136_0_7103_93.windows.Create_Reverse_Billing_US127248" name="Should create a pricing procedure" time="53.936">
      <system-out><![CDATA[
COMMAND: POST /session/0483d061f40becc12e3a8004d2d19577/element - {"using":"xpath","value":"//button[@data-kt=\"addButton\"]"}
RESULT: {"using":"xpath","value":"//button[@data-kt=\"addButton\"]"}
COMMAND: POST /session/0483d061f40becc12e3a8004d2d19577/elements - {"using":"xpath","value":"//button[@data-kt=\"addButton\"]"}
RESULT: {"using":"xpath","value":"//button[@data-kt=\"addButton\"]"}
COMMAND: POST /session/0483d061f40becc12e3a8004d2d19577/elements - {"using":"xpath","value":"//button[@data-kt=\"addButton\"]"}
RESULT: {"using":"xpath","value":"//button[@data-kt=\"addButton\"]"}
COMMAND: POST /session/0483d061f40becc12e3a8004d2d19577/element - {"using":"xpath","value":"//button[@data-kt=\"addButton\"]"}
RESULT: {"using":"xpath","value":"//button[@data-kt=\"addButton\"]"}
COMMAND: POST /session/0483d061f40becc12e3a8004d2d19577/execute/sync - {"script":"<script> [8489 bytes]","args":[{"element-6066-11e4-a52e-4f735466cecf":"f.21909E599E196C0494D8E3CC232C3551.d.D3A727AD78A0B61621E432A8BDEE557D.e.19308","ELEMENT":"f.21909E599E196C0494D8E3CC232C3551.d.D3A727AD78A0B61621E432A8BDEE557D.e.19308"}]}
RESULT: {"script":"<script> [8489 bytes]","args":[{"element-6066-11e4-a52e-4f735466cecf":"f.21909E599E196C0494D8E3CC232C3551.d.D3A727AD78A0B61621E432A8BDEE557D.e.19308","ELEMENT":"f.21909E599E196C0494D8E3CC232C3551.d.D3A727AD78A0B61621E432A8BDEE557D.e.19308"}]}
COMMAND: GET /session/0483d061f40becc12e3a8004d2d19577/element/f.21909E599E196C0494D8E3CC232C3551.d.D3A727AD78A0B61621E432A8BDEE557D.e.19308/enabled - {}
COMMAND: GET /session/0483d061f40becc12e3a8004d2d19577/screenshot - {}
RESULT: {}
COMMAND: POST /session/0483d061f40becc12e3a8004d2d19577/execute/sync - {"script":"<script> [8489 bytes]","args":[{"element-6066-11e4-a52e-4f735466cecf":"f.21909E599E196C0494D8E3CC232C3551.d.D3A727AD78A0B61621E432A8BDEE557D.e.19308","ELEMENT":"f.21909E599E196C0494D8E3CC232C3551.d.D3A727AD78A0B61621E432A8BDEE557D.e.19308"}]}
COMMAND: GET /session/0483d061f40becc12e3a8004d2d19577/screenshot - {}
RESULT: {}
RESULT: {"script":"<script> [8489 bytes]","args":[{"element-6066-11e4-a52e-4f735466cecf":"f.21909E599E196C0494D8E3CC232C3551.d.D3A727AD78A0B61621E432A8BDEE557D.e.19308","ELEMENT":"f.21909E599E196C0494D8E3CC232C3551.d.D3A727AD78A0B61621E432A8BDEE557D.e.19308"}]}
COMMAND: POST /session/0483d061f40becc12e3a8004d2d19577/execute/sync - {"script":"<script> [5351 bytes]","args":[{"element-6066-11e4-a52e-4f735466cecf":"f.21909E599E196C0494D8E3CC232C3551.d.D3A727AD78A0B61621E432A8BDEE557D.e.19308","ELEMENT":"f.21909E599E196C0494D8E3CC232C3551.d.D3A727AD78A0B61621E432A8BDEE557D.e.19308"}]}
COMMAND: GET /session/0483d061f40becc12e3a8004d2d19577/screenshot - {}
RESULT: {}
RESULT: {"script":"<script> [5351 bytes]","args":[{"element-6066-11e4-a52e-4f735466cecf":"f.21909E599E196C0494D8E3CC232C3551.d.D3A727AD78A0B61621E432A8BDEE557D.e.19308","ELEMENT":"f.21909E599E196C0494D8E3CC232C3551.d.D3A727AD78A0B61621E432A8BDEE557D.e.19308"}]}
COMMAND: POST /session/0483d061f40becc12e3a8004d2d19577/element/f.21909E599E196C0494D8E3CC232C3551.d.D3A727AD78A0B61621E432A8BDEE557D.e.19308/click - {}
COMMAND: GET /session/0483d061f40becc12e3a8004d2d19577/screenshot - {}
RESULT: {}
RESULT: {}
COMMAND: GET /session/0483d061f40becc12e3a8004d2d19577/screenshot - {}
RESULT: {}
RESULT: {}
COMMAND: POST /session/0483d061f40becc12e3a8004d2d19577/execute/async - {"script":"<script> [1562 bytes]","args":[{"selector":{"controlType":"sap.m.Title","viewName":"etm.portal.ui.managepricingrules.view.NewItem","viewId":"application-managepricingrules-display-component---newInfoPriceItem","properties":{"text":"New Pricing Rules - Item Level"}},"wdio_ui5_key":"etmportal.ui.managepricingrules.view.NewItemsap.m.Title{\"text\":\"New Pricing Rules - Item Level\"}"}]}
RESULT: {"script":"<script> [1562 bytes]","args":[{"selector":{"controlType":"sap.m.Title","viewName":"etm.portal.ui.managepricingrules.view.NewItem","viewId":"application-managepricingrules-display-component---newInfoPriceItem","properties":{"text":"New Pricing Rules - Item Level"}},"wdio_ui5_key":"etmportal.ui.managepricingrules.view.NewItemsap.m.Title{\"text\":\"New Pricing Rules - Item Level\"}"}]}
RESULT: undefined
COMMAND: POST /session/0483d061f40becc12e3a8004d2d19577/execute/async - {"script":"<script> [6424 bytes]","args":[{"element-6066-11e4-a52e-4f735466cecf":"f.21909E599E196C0494D8E3CC232C3551.d.D3A727AD78A0B61621E432A8BDEE557D.e.19469"},"getText",[]]}
RESULT: {"script":"<script> [6424 bytes]","args":[{"element-6066-11e4-a52e-4f735466cecf":"f.21909E599E196C0494D8E3CC232C3551.d.D3A727AD78A0B61621E432A8BDEE557D.e.19469"},"getText",[]]}
COMMAND: POST /session/0483d061f40becc12e3a8004d2d19577/execute/async - {"script":"<script> [1562 bytes]","args":[{"selector":{"id":"application-managepricingrules-display-component---newInfoPriceItem--condValidTo","interaction":{"idSuffix":"inner"}},"wdio_ui5_key":"applicationmanagepricingrules-display-component---newInfoPriceItem--condValidTo"}]}
RESULT: {"script":"<script> [1562 bytes]","args":[{"selector":{"id":"application-managepricingrules-display-component---newInfoPriceItem--condValidTo","interaction":{"idSuffix":"inner"}},"wdio_ui5_key":"applicationmanagepricingrules-display-component---newInfoPriceItem--condValidTo"}]}
RESULT: undefined
COMMAND: POST /session/0483d061f40becc12e3a8004d2d19577/execute/async - {"script":"<script> [776 bytes]","args":[{"enterText":"1/29/26","selector":{"id":"application-managepricingrules-display-component---newInfoPriceItem--condValidTo","interaction":{"idSuffix":"inner"}},"clearTextFirst":true,"interactionType":"ENTER_TEXT"}]}
RESULT: {"script":"<script> [776 bytes]","args":[{"enterText":"1/29/26","selector":{"id":"application-managepricingrules-display-component---newInfoPriceItem--condValidTo","interaction":{"idSuffix":"inner"}},"clearTextFirst":true,"interactionType":"ENTER_TEXT"}]}
COMMAND: POST /session/0483d061f40becc12e3a8004d2d19577/execute/async - {"script":"<script> [1562 bytes]","args":[{"selector":{"id":"application-managepricingrules-display-component---newInfoPriceItem--billType-arrow"},"wdio_ui5_key":"applicationmanagepricingrules-display-component---newInfoPriceItem--billType-arrow"}]}
RESULT: {"script":"<script> [1562 bytes]","args":[{"selector":{"id":"application-managepricingrules-display-component---newInfoPriceItem--billType-arrow"},"wdio_ui5_key":"applicationmanagepricingrules-display-component---newInfoPriceItem--billType-arrow"}]}
RESULT: undefined
COMMAND: POST /session/0483d061f40becc12e3a8004d2d19577/element - {"using":"xpath","value":"//*[@id=\"application-managepricingrules-display-component---newInfoPriceItem--billType-arrow\"]"}
RESULT: {"using":"xpath","value":"//*[@id=\"application-managepricingrules-display-component---newInfoPriceItem--billType-arrow\"]"}
COMMAND: POST /session/0483d061f40becc12e3a8004d2d19577/element/f.21909E599E196C0494D8E3CC232C3551.d.D3A727AD78A0B61621E432A8BDEE557D.e.19471/click - {}
RESULT: {}
COMMAND: POST /session/0483d061f40becc12e3a8004d2d19577/element - {"using":"xpath","value":"//span[contains(text(), \"TB - Time based\")]"}
COMMAND: GET /session/0483d061f40becc12e3a8004d2d19577/screenshot - {}
RESULT: {"using":"xpath","value":"//span[contains(text(), \"TB - Time based\")]"}
COMMAND: POST /session/0483d061f40becc12e3a8004d2d19577/element/f.21909E599E196C0494D8E3CC232C3551.d.D3A727AD78A0B61621E432A8BDEE557D.e.19472/click - {}
RESULT: {}
RESULT: {}
COMMAND: POST /session/0483d061f40becc12e3a8004d2d19577/execute/async - {"script":"<script> [1562 bytes]","args":[{"selector":{"id":"application-managepricingrules-display-component---newInfoPriceItem--priceProc-arrow"},"wdio_ui5_key":"applicationmanagepricingrules-display-component---newInfoPriceItem--priceProc-arrow"}]}
COMMAND: GET /session/0483d061f40becc12e3a8004d2d19577/screenshot - {}
RESULT: {"script":"<script> [1562 bytes]","args":[{"selector":{"id":"application-managepricingrules-display-component---newInfoPriceItem--priceProc-arrow"},"wdio_ui5_key":"applicationmanagepricingrules-display-component---newInfoPriceItem--priceProc-arrow"}]}
RESULT: undefined
COMMAND: POST /session/0483d061f40becc12e3a8004d2d19577/element - {"using":"xpath","value":"//*[@id=\"application-managepricingrules-display-component---newInfoPriceItem--priceProc-arrow\"]"}
RESULT: {}
RESULT: {"using":"xpath","value":"//*[@id=\"application-managepricingrules-display-component---newInfoPriceItem--priceProc-arrow\"]"}
COMMAND: POST /session/0483d061f40becc12e3a8004d2d19577/element/f.21909E599E196C0494D8E3CC232C3551.d.D3A727AD78A0B61621E432A8BDEE557D.e.19436/click - {}
RESULT: {}
COMMAND: POST /session/0483d061f40becc12e3a8004d2d19577/element - {"using":"xpath","value":"//span[contains(text(), \"TBS - Time based standard\")]"}
COMMAND: GET /session/0483d061f40becc12e3a8004d2d19577/screenshot - {}
RESULT: {"using":"xpath","value":"//span[contains(text(), \"TBS - Time based standard\")]"}
COMMAND: POST /session/0483d061f40becc12e3a8004d2d19577/element/f.21909E599E196C0494D8E3CC232C3551.d.D3A727AD78A0B61621E432A8BDEE557D.e.19473/click - {}
RESULT: {}
RESULT: {}
COMMAND: POST /session/0483d061f40becc12e3a8004d2d19577/execute/async - {"script":"<script> [1562 bytes]","args":[{"selector":{"id":"application-managepricingrules-display-component---newInfoPriceItem--calcBase-arrow"},"wdio_ui5_key":"applicationmanagepricingrules-display-component---newInfoPriceItem--calcBase-arrow"}]}
COMMAND: GET /session/0483d061f40becc12e3a8004d2d19577/screenshot - {}
RESULT: {"script":"<script> [1562 bytes]","args":[{"selector":{"id":"application-managepricingrules-display-component---newInfoPriceItem--calcBase-arrow"},"wdio_ui5_key":"applicationmanagepricingrules-display-component---newInfoPriceItem--calcBase-arrow"}]}
RESULT: undefined
COMMAND: POST /session/0483d061f40becc12e3a8004d2d19577/element - {"using":"xpath","value":"//*[@id=\"application-managepricingrules-display-component---newInfoPriceItem--calcBase-arrow\"]"}
RESULT: {}
RESULT: {"using":"xpath","value":"//*[@id=\"application-managepricingrules-display-component---newInfoPriceItem--calcBase-arrow\"]"}
COMMAND: POST /session/0483d061f40becc12e3a8004d2d19577/element/f.21909E599E196C0494D8E3CC232C3551.d.D3A727AD78A0B61621E432A8BDEE557D.e.19443/click - {}
RESULT: {}
COMMAND: GET /session/0483d061f40becc12e3a8004d2d19577/screenshot - {}
RESULT: {}
COMMAND: POST /session/0483d061f40becc12e3a8004d2d19577/element - {"using":"xpath","value":"//span[contains(text(), \"0006 - TB(calendar days)\")]"}
RESULT: {"using":"xpath","value":"//span[contains(text(), \"0006 - TB(calendar days)\")]"}
COMMAND: POST /session/0483d061f40becc12e3a8004d2d19577/element/f.21909E599E196C0494D8E3CC232C3551.d.D3A727AD78A0B61621E432A8BDEE557D.e.19474/click - {}
RESULT: {}
COMMAND: GET /session/0483d061f40becc12e3a8004d2d19577/screenshot - {}
RESULT: {}
COMMAND: POST /session/0483d061f40becc12e3a8004d2d19577/execute/async - {"script":"<script> [1562 bytes]","args":[{"selector":{"id":"application-managepricingrules-display-component---newInfoPriceItem--daysMonth","interaction":{"idSuffix":"inner"}},"wdio_ui5_key":"applicationmanagepricingrules-display-component---newInfoPriceItem--daysMonth"}]}
RESULT: {"script":"<script> [1562 bytes]","args":[{"selector":{"id":"application-managepricingrules-display-component---newInfoPriceItem--daysMonth","interaction":{"idSuffix":"inner"}},"wdio_ui5_key":"applicationmanagepricingrules-display-component---newInfoPriceItem--daysMonth"}]}
RESULT: undefined
COMMAND: POST /session/0483d061f40becc12e3a8004d2d19577/execute/async - {"script":"<script> [776 bytes]","args":[{"enterText":"30","selector":{"id":"application-managepricingrules-display-component---newInfoPriceItem--daysMonth","interaction":{"idSuffix":"inner"}},"clearTextFirst":true,"interactionType":"ENTER_TEXT"}]}
RESULT: {"script":"<script> [776 bytes]","args":[{"enterText":"30","selector":{"id":"application-managepricingrules-display-component---newInfoPriceItem--daysMonth","interaction":{"idSuffix":"inner"}},"clearTextFirst":true,"interactionType":"ENTER_TEXT"}]}
COMMAND: POST /session/0483d061f40becc12e3a8004d2d19577/element - {"using":"xpath","value":"//button[@data-kt=\"saveNewRuleButton\"]"}
RESULT: {"using":"xpath","value":"//button[@data-kt=\"saveNewRuleButton\"]"}
COMMAND: POST /session/0483d061f40becc12e3a8004d2d19577/element/f.21909E599E196C0494D8E3CC232C3551.d.D3A727AD78A0B61621E432A8BDEE557D.e.19461/click - {}
RESULT: {}
COMMAND: GET /session/0483d061f40becc12e3a8004d2d19577/screenshot - {}
RESULT: {}
COMMAND: POST /session/0483d061f40becc12e3a8004d2d19577/execute/async - {"script":"<script> [1562 bytes]","args":[{"selector":{"id":"application-managepricingrules-display-component---priceInfoItem--smartFilterBar-btnBasicSearch","interaction":{"idSuffix":"I"}},"wdio_ui5_key":"applicationmanagepricingrules-display-component---priceInfoItem--smartFilterBar-btnBasicSearch"}]}
RESULT: {"script":"<script> [1562 bytes]","args":[{"selector":{"id":"application-managepricingrules-display-component---priceInfoItem--smartFilterBar-btnBasicSearch","interaction":{"idSuffix":"I"}},"wdio_ui5_key":"applicationmanagepricingrules-display-component---priceInfoItem--smartFilterBar-btnBasicSearch"}]}
RESULT: undefined
COMMAND: POST /session/0483d061f40becc12e3a8004d2d19577/execute/async - {"script":"<script> [776 bytes]","args":[{"enterText":"kiYcenEVXX","selector":{"id":"application-managepricingrules-display-component---priceInfoItem--smartFilterBar-btnBasicSearch","interaction":{"idSuffix":"I"}},"clearTextFirst":true,"interactionType":"ENTER_TEXT"}]}
RESULT: {"script":"<script> [776 bytes]","args":[{"enterText":"kiYcenEVXX","selector":{"id":"application-managepricingrules-display-component---priceInfoItem--smartFilterBar-btnBasicSearch","interaction":{"idSuffix":"I"}},"clearTextFirst":true,"interactionType":"ENTER_TEXT"}]}
COMMAND: POST /session/0483d061f40becc12e3a8004d2d19577/actions - {"actions":[{"id":"action64","type":"key","parameters":{},"actions":[{"type":"keyDown","value":""},{"type":"pause","duration":10},{"type":"keyUp","value":""}]}]}
RESULT: {"actions":[{"id":"action64","type":"key","parameters":{},"actions":[{"type":"keyDown","value":""},{"type":"pause","duration":10},{"type":"keyUp","value":""}]}]}
COMMAND: GET /session/0483d061f40becc12e3a8004d2d19577/screenshot - {}
RESULT: {}
COMMAND: POST /session/0483d061f40becc12e3a8004d2d19577/element - {"using":"xpath","value":"//span[@id=\"application-managepricingrules-display-component---priceInfoItem--smartTable-header-inner\"]"}
RESULT: {"using":"xpath","value":"//span[@id=\"application-managepricingrules-display-component---priceInfoItem--smartTable-header-inner\"]"}
COMMAND: POST /session/0483d061f40becc12e3a8004d2d19577/elements - {"using":"xpath","value":"//span[@id=\"application-managepricingrules-display-component---priceInfoItem--smartTable-header-inner\"]"}
RESULT: {"using":"xpath","value":"//span[@id=\"application-managepricingrules-display-component---priceInfoItem--smartTable-header-inner\"]"}
COMMAND: POST /session/0483d061f40becc12e3a8004d2d19577/execute/sync - {"script":"<script> [56 bytes]","args":[{"element-6066-11e4-a52e-4f735466cecf":"f.21909E599E196C0494D8E3CC232C3551.d.D3A727AD78A0B61621E432A8BDEE557D.e.19488","ELEMENT":"f.21909E599E196C0494D8E3CC232C3551.d.D3A727AD78A0B61621E432A8BDEE557D.e.19488"}]}
RESULT: {"script":"<script> [56 bytes]","args":[{"element-6066-11e4-a52e-4f735466cecf":"f.21909E599E196C0494D8E3CC232C3551.d.D3A727AD78A0B61621E432A8BDEE557D.e.19488","ELEMENT":"f.21909E599E196C0494D8E3CC232C3551.d.D3A727AD78A0B61621E432A8BDEE557D.e.19488"}]}
COMMAND: POST /session/0483d061f40becc12e3a8004d2d19577/element - {"using":"css selector","value":"#shell-header-logo"}
COMMAND: GET /session/0483d061f40becc12e3a8004d2d19577/screenshot - {}
RESULT: {"using":"css selector","value":"#shell-header-logo"}
COMMAND: POST /session/0483d061f40becc12e3a8004d2d19577/element/f.21909E599E196C0494D8E3CC232C3551.d.D3A727AD78A0B61621E432A8BDEE557D.e.18606/click - {}
RESULT: {}
RESULT: {}
COMMAND: GET /session/0483d061f40becc12e3a8004d2d19577/screenshot - {}
RESULT: {}
]]></system-out>
    </testcase>
    <testcase classname="chrome.136_0_7103_93.windows.Create_Reverse_Billing_US127248" name="Should manage conditions" time="70.472">
      <system-out><![CDATA[
COMMAND: POST /session/0483d061f40becc12e3a8004d2d19577/execute/async - {"script":"<script> [1562 bytes]","args":[{"selector":{"controlType":"sap.m.GenericTile","properties":{"header":"Manage Conditions & Prices"}},"wdio_ui5_key":"sapm.GenericTile{\"header\":\"Manage Conditions & Prices\"}"}]}
RESULT: {"script":"<script> [1562 bytes]","args":[{"selector":{"controlType":"sap.m.GenericTile","properties":{"header":"Manage Conditions & Prices"}},"wdio_ui5_key":"sapm.GenericTile{\"header\":\"Manage Conditions & Prices\"}"}]}
RESULT: undefined
COMMAND: POST /session/0483d061f40becc12e3a8004d2d19577/element - {"using":"xpath","value":"//*[@id=\"__tile53\"]"}
RESULT: {"using":"xpath","value":"//*[@id=\"__tile53\"]"}
COMMAND: POST /session/0483d061f40becc12e3a8004d2d19577/element/f.21909E599E196C0494D8E3CC232C3551.d.D3A727AD78A0B61621E432A8BDEE557D.e.18543/click - {}
RESULT: {}
COMMAND: GET /session/0483d061f40becc12e3a8004d2d19577/screenshot - {}
RESULT: {}
COMMAND: POST /session/0483d061f40becc12e3a8004d2d19577/elements - {"using":"xpath","value":"//span[text()='Error']"}
RESULT: {"using":"xpath","value":"//span[text()='Error']"}
COMMAND: POST /session/0483d061f40becc12e3a8004d2d19577/element - {"using":"xpath","value":"//button[@aria-label=\"Create\"]"}
RESULT: {"using":"xpath","value":"//button[@aria-label=\"Create\"]"}
COMMAND: POST /session/0483d061f40becc12e3a8004d2d19577/elements - {"using":"xpath","value":"//button[@aria-label=\"Create\"]"}
RESULT: {"using":"xpath","value":"//button[@aria-label=\"Create\"]"}
COMMAND: POST /session/0483d061f40becc12e3a8004d2d19577/execute/sync - {"script":"<script> [8489 bytes]","args":[{"element-6066-11e4-a52e-4f735466cecf":"f.21909E599E196C0494D8E3CC232C3551.d.D3A727AD78A0B61621E432A8BDEE557D.e.19523","ELEMENT":"f.21909E599E196C0494D8E3CC232C3551.d.D3A727AD78A0B61621E432A8BDEE557D.e.19523"}]}
RESULT: {"script":"<script> [8489 bytes]","args":[{"element-6066-11e4-a52e-4f735466cecf":"f.21909E599E196C0494D8E3CC232C3551.d.D3A727AD78A0B61621E432A8BDEE557D.e.19523","ELEMENT":"f.21909E599E196C0494D8E3CC232C3551.d.D3A727AD78A0B61621E432A8BDEE557D.e.19523"}]}
COMMAND: GET /session/0483d061f40becc12e3a8004d2d19577/element/f.21909E599E196C0494D8E3CC232C3551.d.D3A727AD78A0B61621E432A8BDEE557D.e.19523/enabled - {}
COMMAND: GET /session/0483d061f40becc12e3a8004d2d19577/screenshot - {}
RESULT: {}
RESULT: {}
COMMAND: POST /session/0483d061f40becc12e3a8004d2d19577/execute/sync - {"script":"<script> [8489 bytes]","args":[{"element-6066-11e4-a52e-4f735466cecf":"f.21909E599E196C0494D8E3CC232C3551.d.D3A727AD78A0B61621E432A8BDEE557D.e.19523","ELEMENT":"f.21909E599E196C0494D8E3CC232C3551.d.D3A727AD78A0B61621E432A8BDEE557D.e.19523"}]}
COMMAND: GET /session/0483d061f40becc12e3a8004d2d19577/screenshot - {}
RESULT: {"script":"<script> [8489 bytes]","args":[{"element-6066-11e4-a52e-4f735466cecf":"f.21909E599E196C0494D8E3CC232C3551.d.D3A727AD78A0B61621E432A8BDEE557D.e.19523","ELEMENT":"f.21909E599E196C0494D8E3CC232C3551.d.D3A727AD78A0B61621E432A8BDEE557D.e.19523"}]}
COMMAND: POST /session/0483d061f40becc12e3a8004d2d19577/execute/sync - {"script":"<script> [5351 bytes]","args":[{"element-6066-11e4-a52e-4f735466cecf":"f.21909E599E196C0494D8E3CC232C3551.d.D3A727AD78A0B61621E432A8BDEE557D.e.19523","ELEMENT":"f.21909E599E196C0494D8E3CC232C3551.d.D3A727AD78A0B61621E432A8BDEE557D.e.19523"}]}
COMMAND: GET /session/0483d061f40becc12e3a8004d2d19577/screenshot - {}
RESULT: {}
RESULT: {"script":"<script> [5351 bytes]","args":[{"element-6066-11e4-a52e-4f735466cecf":"f.21909E599E196C0494D8E3CC232C3551.d.D3A727AD78A0B61621E432A8BDEE557D.e.19523","ELEMENT":"f.21909E599E196C0494D8E3CC232C3551.d.D3A727AD78A0B61621E432A8BDEE557D.e.19523"}]}
COMMAND: POST /session/0483d061f40becc12e3a8004d2d19577/element/f.21909E599E196C0494D8E3CC232C3551.d.D3A727AD78A0B61621E432A8BDEE557D.e.19523/click - {}
COMMAND: GET /session/0483d061f40becc12e3a8004d2d19577/screenshot - {}
RESULT: {}
RESULT: {}
COMMAND: GET /session/0483d061f40becc12e3a8004d2d19577/screenshot - {}
RESULT: {}
RESULT: {}
COMMAND: POST /session/0483d061f40becc12e3a8004d2d19577/actions - {"actions":[{"id":"action65","type":"key","parameters":{},"actions":[{"type":"keyDown","value":""},{"type":"pause","duration":10},{"type":"keyUp","value":""}]}]}
RESULT: {"actions":[{"id":"action65","type":"key","parameters":{},"actions":[{"type":"keyDown","value":""},{"type":"pause","duration":10},{"type":"keyUp","value":""}]}]}
COMMAND: GET /session/0483d061f40becc12e3a8004d2d19577/screenshot - {}
RESULT: {}
COMMAND: POST /session/0483d061f40becc12e3a8004d2d19577/execute/async - {"script":"<script> [1562 bytes]","args":[{"selector":{"id":"application-manageconditionprice-display-component---newCondition--condBillCond-arrow"},"wdio_ui5_key":"applicationmanageconditionprice-display-component---newCondition--condBillCond-arrow"}]}
RESULT: {"script":"<script> [1562 bytes]","args":[{"selector":{"id":"application-manageconditionprice-display-component---newCondition--condBillCond-arrow"},"wdio_ui5_key":"applicationmanageconditionprice-display-component---newCondition--condBillCond-arrow"}]}
RESULT: undefined
COMMAND: POST /session/0483d061f40becc12e3a8004d2d19577/element - {"using":"xpath","value":"//*[@id=\"application-manageconditionprice-display-component---newCondition--condBillCond-arrow\"]"}
RESULT: {"using":"xpath","value":"//*[@id=\"application-manageconditionprice-display-component---newCondition--condBillCond-arrow\"]"}
COMMAND: POST /session/0483d061f40becc12e3a8004d2d19577/element/f.21909E599E196C0494D8E3CC232C3551.d.D3A727AD78A0B61621E432A8BDEE557D.e.19699/click - {}
RESULT: {}
COMMAND: GET /session/0483d061f40becc12e3a8004d2d19577/screenshot - {}
RESULT: {}
COMMAND: POST /session/0483d061f40becc12e3a8004d2d19577/element - {"using":"xpath","value":"//li[.//span[contains(text(), \"DISP - D&I special price\")]]"}
RESULT: {"using":"xpath","value":"//li[.//span[contains(text(), \"DISP - D&I special price\")]]"}
COMMAND: POST /session/0483d061f40becc12e3a8004d2d19577/element/f.21909E599E196C0494D8E3CC232C3551.d.D3A727AD78A0B61621E432A8BDEE557D.e.19702/click - {}
RESULT: {}
COMMAND: GET /session/0483d061f40becc12e3a8004d2d19577/screenshot - {}
RESULT: {}
COMMAND: POST /session/0483d061f40becc12e3a8004d2d19577/execute/async - {"script":"<script> [1562 bytes]","args":[{"selector":{"id":"application-manageconditionprice-display-component---newCondition--condValidTo","interaction":{"idSuffix":"inner"}},"wdio_ui5_key":"applicationmanageconditionprice-display-component---newCondition--condValidTo"}]}
RESULT: {"script":"<script> [1562 bytes]","args":[{"selector":{"id":"application-manageconditionprice-display-component---newCondition--condValidTo","interaction":{"idSuffix":"inner"}},"wdio_ui5_key":"applicationmanageconditionprice-display-component---newCondition--condValidTo"}]}
RESULT: undefined
COMMAND: POST /session/0483d061f40becc12e3a8004d2d19577/execute/async - {"script":"<script> [776 bytes]","args":[{"enterText":"1/29/26","selector":{"id":"application-manageconditionprice-display-component---newCondition--condValidTo","interaction":{"idSuffix":"inner"}},"clearTextFirst":true,"interactionType":"ENTER_TEXT"}]}
RESULT: {"script":"<script> [776 bytes]","args":[{"enterText":"1/29/26","selector":{"id":"application-manageconditionprice-display-component---newCondition--condValidTo","interaction":{"idSuffix":"inner"}},"clearTextFirst":true,"interactionType":"ENTER_TEXT"}]}
COMMAND: POST /session/0483d061f40becc12e3a8004d2d19577/element - {"using":"xpath","value":"//input[@id=\"application-manageconditionprice-display-component---newCondition--condRU-inner\"]"}
RESULT: {"using":"xpath","value":"//input[@id=\"application-manageconditionprice-display-component---newCondition--condRU-inner\"]"}
COMMAND: POST /session/0483d061f40becc12e3a8004d2d19577/element/f.21909E599E196C0494D8E3CC232C3551.d.D3A727AD78A0B61621E432A8BDEE557D.e.19565/clear - {}
RESULT: {}
COMMAND: POST /session/0483d061f40becc12e3a8004d2d19577/element/f.21909E599E196C0494D8E3CC232C3551.d.D3A727AD78A0B61621E432A8BDEE557D.e.19565/value - {"text":"kiYcenEVXX"}
COMMAND: GET /session/0483d061f40becc12e3a8004d2d19577/screenshot - {}
RESULT: {"text":"kiYcenEVXX"}
COMMAND: GET /session/0483d061f40becc12e3a8004d2d19577/screenshot - {}
RESULT: {}
RESULT: {}
COMMAND: POST /session/0483d061f40becc12e3a8004d2d19577/actions - {"actions":[{"id":"action66","type":"key","parameters":{},"actions":[{"type":"keyDown","value":""},{"type":"pause","duration":10},{"type":"keyUp","value":""}]}]}
RESULT: {"actions":[{"id":"action66","type":"key","parameters":{},"actions":[{"type":"keyDown","value":""},{"type":"pause","duration":10},{"type":"keyUp","value":""}]}]}
COMMAND: POST /session/0483d061f40becc12e3a8004d2d19577/execute/async - {"script":"<script> [1562 bytes]","args":[{"selector":{"id":"application-manageconditionprice-display-component---newCondition--condBaseQty","interaction":{"idSuffix":"inner"}},"wdio_ui5_key":"applicationmanageconditionprice-display-component---newCondition--condBaseQty"}]}
COMMAND: GET /session/0483d061f40becc12e3a8004d2d19577/screenshot - {}
RESULT: {"script":"<script> [1562 bytes]","args":[{"selector":{"id":"application-manageconditionprice-display-component---newCondition--condBaseQty","interaction":{"idSuffix":"inner"}},"wdio_ui5_key":"applicationmanageconditionprice-display-component---newCondition--condBaseQty"}]}
RESULT: undefined
COMMAND: POST /session/0483d061f40becc12e3a8004d2d19577/execute/async - {"script":"<script> [776 bytes]","args":[{"enterText":"1","selector":{"id":"application-manageconditionprice-display-component---newCondition--condBaseQty","interaction":{"idSuffix":"inner"}},"clearTextFirst":true,"interactionType":"ENTER_TEXT"}]}
RESULT: {}
RESULT: {"script":"<script> [776 bytes]","args":[{"enterText":"1","selector":{"id":"application-manageconditionprice-display-component---newCondition--condBaseQty","interaction":{"idSuffix":"inner"}},"clearTextFirst":true,"interactionType":"ENTER_TEXT"}]}
COMMAND: POST /session/0483d061f40becc12e3a8004d2d19577/execute/async - {"script":"<script> [1562 bytes]","args":[{"selector":{"id":"application-manageconditionprice-display-component---newCondition--condValue","interaction":{"idSuffix":"inner"}},"wdio_ui5_key":"applicationmanageconditionprice-display-component---newCondition--condValue"}]}
RESULT: {"script":"<script> [1562 bytes]","args":[{"selector":{"id":"application-manageconditionprice-display-component---newCondition--condValue","interaction":{"idSuffix":"inner"}},"wdio_ui5_key":"applicationmanageconditionprice-display-component---newCondition--condValue"}]}
RESULT: undefined
COMMAND: POST /session/0483d061f40becc12e3a8004d2d19577/execute/async - {"script":"<script> [776 bytes]","args":[{"enterText":"200","selector":{"id":"application-manageconditionprice-display-component---newCondition--condValue","interaction":{"idSuffix":"inner"}},"clearTextFirst":true,"interactionType":"ENTER_TEXT"}]}
RESULT: {"script":"<script> [776 bytes]","args":[{"enterText":"200","selector":{"id":"application-manageconditionprice-display-component---newCondition--condValue","interaction":{"idSuffix":"inner"}},"clearTextFirst":true,"interactionType":"ENTER_TEXT"}]}
COMMAND: POST /session/0483d061f40becc12e3a8004d2d19577/execute/async - {"script":"<script> [1562 bytes]","args":[{"selector":{"id":"application-manageconditionprice-display-component---newCondition--condCurr-arrow"},"wdio_ui5_key":"applicationmanageconditionprice-display-component---newCondition--condCurr-arrow"}]}
RESULT: {"script":"<script> [1562 bytes]","args":[{"selector":{"id":"application-manageconditionprice-display-component---newCondition--condCurr-arrow"},"wdio_ui5_key":"applicationmanageconditionprice-display-component---newCondition--condCurr-arrow"}]}
RESULT: undefined
COMMAND: POST /session/0483d061f40becc12e3a8004d2d19577/element - {"using":"xpath","value":"//*[@id=\"application-manageconditionprice-display-component---newCondition--condCurr-arrow\"]"}
RESULT: {"using":"xpath","value":"//*[@id=\"application-manageconditionprice-display-component---newCondition--condCurr-arrow\"]"}
COMMAND: POST /session/0483d061f40becc12e3a8004d2d19577/element/f.21909E599E196C0494D8E3CC232C3551.d.D3A727AD78A0B61621E432A8BDEE557D.e.19681/click - {}
RESULT: {}
COMMAND: POST /session/0483d061f40becc12e3a8004d2d19577/element - {"using":"xpath","value":"//span[contains(text(), \"Euro\")]"}
COMMAND: GET /session/0483d061f40becc12e3a8004d2d19577/screenshot - {}
RESULT: {"using":"xpath","value":"//span[contains(text(), \"Euro\")]"}
COMMAND: POST /session/0483d061f40becc12e3a8004d2d19577/element/f.21909E599E196C0494D8E3CC232C3551.d.D3A727AD78A0B61621E432A8BDEE557D.e.19739/click - {}
RESULT: {}
RESULT: {}
COMMAND: POST /session/0483d061f40becc12e3a8004d2d19577/element - {"using":"xpath","value":"//button[@data-kt=\"saveButton\"]"}
COMMAND: GET /session/0483d061f40becc12e3a8004d2d19577/screenshot - {}
RESULT: {"using":"xpath","value":"//button[@data-kt=\"saveButton\"]"}
COMMAND: POST /session/0483d061f40becc12e3a8004d2d19577/element/f.21909E599E196C0494D8E3CC232C3551.d.D3A727AD78A0B61621E432A8BDEE557D.e.19682/click - {}
RESULT: {}
RESULT: {}
COMMAND: GET /session/0483d061f40becc12e3a8004d2d19577/screenshot - {}
RESULT: {}
COMMAND: POST /session/0483d061f40becc12e3a8004d2d19577/execute/async - {"script":"<script> [1562 bytes]","args":[{"selector":{"id":"application-manageconditionprice-display-component---conditions--smartFilterBar-btnBasicSearch","interaction":{"idSuffix":"I"}},"wdio_ui5_key":"applicationmanageconditionprice-display-component---conditions--smartFilterBar-btnBasicSearch"}]}
RESULT: {"script":"<script> [1562 bytes]","args":[{"selector":{"id":"application-manageconditionprice-display-component---conditions--smartFilterBar-btnBasicSearch","interaction":{"idSuffix":"I"}},"wdio_ui5_key":"applicationmanageconditionprice-display-component---conditions--smartFilterBar-btnBasicSearch"}]}
RESULT: undefined
COMMAND: POST /session/0483d061f40becc12e3a8004d2d19577/execute/async - {"script":"<script> [776 bytes]","args":[{"enterText":"kiYcenEVXX","selector":{"id":"application-manageconditionprice-display-component---conditions--smartFilterBar-btnBasicSearch","interaction":{"idSuffix":"I"}},"clearTextFirst":true,"interactionType":"ENTER_TEXT"}]}
RESULT: {"script":"<script> [776 bytes]","args":[{"enterText":"kiYcenEVXX","selector":{"id":"application-manageconditionprice-display-component---conditions--smartFilterBar-btnBasicSearch","interaction":{"idSuffix":"I"}},"clearTextFirst":true,"interactionType":"ENTER_TEXT"}]}
COMMAND: POST /session/0483d061f40becc12e3a8004d2d19577/actions - {"actions":[{"id":"action67","type":"key","parameters":{},"actions":[{"type":"keyDown","value":""},{"type":"pause","duration":10},{"type":"keyUp","value":""}]}]}
RESULT: {"actions":[{"id":"action67","type":"key","parameters":{},"actions":[{"type":"keyDown","value":""},{"type":"pause","duration":10},{"type":"keyUp","value":""}]}]}
COMMAND: GET /session/0483d061f40becc12e3a8004d2d19577/screenshot - {}
RESULT: {}
COMMAND: POST /session/0483d061f40becc12e3a8004d2d19577/execute/async - {"script":"<script> [1562 bytes]","args":[{"selector":{"id":"application-manageconditionprice-display-component---conditions--smartFilterBar-filterItemControl_BASIC-BILL_TYPES-vhi"},"wdio_ui5_key":"applicationmanageconditionprice-display-component---conditions--smartFilterBar-filterItemControl_BASIC-BILL_TYPES-vhi"}]}
RESULT: {"script":"<script> [1562 bytes]","args":[{"selector":{"id":"application-manageconditionprice-display-component---conditions--smartFilterBar-filterItemControl_BASIC-BILL_TYPES-vhi"},"wdio_ui5_key":"applicationmanageconditionprice-display-component---conditions--smartFilterBar-filterItemControl_BASIC-BILL_TYPES-vhi"}]}
RESULT: undefined
COMMAND: POST /session/0483d061f40becc12e3a8004d2d19577/element - {"using":"xpath","value":"//*[@id=\"application-manageconditionprice-display-component---conditions--smartFilterBar-filterItemControl_BASIC-BILL_TYPES-vhi\"]"}
RESULT: {"using":"xpath","value":"//*[@id=\"application-manageconditionprice-display-component---conditions--smartFilterBar-filterItemControl_BASIC-BILL_TYPES-vhi\"]"}
COMMAND: POST /session/0483d061f40becc12e3a8004d2d19577/element/f.21909E599E196C0494D8E3CC232C3551.d.D3A727AD78A0B61621E432A8BDEE557D.e.19756/click - {}
RESULT: {}
COMMAND: POST /session/0483d061f40becc12e3a8004d2d19577/execute/async - {"script":"<script> [1562 bytes]","args":[{"selector":{"id":"application-manageconditionprice-display-component---conditions--smartFilterBar-filterItemControl_BASIC-BILL_TYPES-valueHelpDialog-smartFilterBar-btnBasicSearch","searchOpenDialogs":true,"interaction":{"idSuffix":"I"}},"wdio_ui5_key":"applicationmanageconditionprice-display-component---conditions--smartFilterBar-filterItemControl_BASIC-BILL_TYPES-valueHelpDialog-smartFilterBar-btnBasicSearch"}]}
COMMAND: GET /session/0483d061f40becc12e3a8004d2d19577/screenshot - {}
RESULT: {"script":"<script> [1562 bytes]","args":[{"selector":{"id":"application-manageconditionprice-display-component---conditions--smartFilterBar-filterItemControl_BASIC-BILL_TYPES-valueHelpDialog-smartFilterBar-btnBasicSearch","searchOpenDialogs":true,"interaction":{"idSuffix":"I"}},"wdio_ui5_key":"applicationmanageconditionprice-display-component---conditions--smartFilterBar-filterItemControl_BASIC-BILL_TYPES-valueHelpDialog-smartFilterBar-btnBasicSearch"}]}
RESULT: undefined
COMMAND: POST /session/0483d061f40becc12e3a8004d2d19577/execute/async - {"script":"<script> [776 bytes]","args":[{"enterText":"TB","selector":{"id":"application-manageconditionprice-display-component---conditions--smartFilterBar-filterItemControl_BASIC-BILL_TYPES-valueHelpDialog-smartFilterBar-btnBasicSearch","searchOpenDialogs":true,"interaction":{"idSuffix":"I"}},"clearTextFirst":true,"interactionType":"ENTER_TEXT"}]}
RESULT: {}
RESULT: {"script":"<script> [776 bytes]","args":[{"enterText":"TB","selector":{"id":"application-manageconditionprice-display-component---conditions--smartFilterBar-filterItemControl_BASIC-BILL_TYPES-valueHelpDialog-smartFilterBar-btnBasicSearch","searchOpenDialogs":true,"interaction":{"idSuffix":"I"}},"clearTextFirst":true,"interactionType":"ENTER_TEXT"}]}
COMMAND: POST /session/0483d061f40becc12e3a8004d2d19577/actions - {"actions":[{"id":"action68","type":"key","parameters":{},"actions":[{"type":"keyDown","value":""},{"type":"pause","duration":10},{"type":"keyUp","value":""}]}]}
RESULT: {"actions":[{"id":"action68","type":"key","parameters":{},"actions":[{"type":"keyDown","value":""},{"type":"pause","duration":10},{"type":"keyUp","value":""}]}]}
COMMAND: GET /session/0483d061f40becc12e3a8004d2d19577/screenshot - {}
RESULT: {}
COMMAND: POST /session/0483d061f40becc12e3a8004d2d19577/element - {"using":"xpath","value":"//div[contains(@id, 'application-manageconditionprice-display-component---conditions--smartFilterBar-filterItemControl_BASIC-BILL_TYPES-valueHelpDialog-table-rowsel0')]"}
RESULT: {"using":"xpath","value":"//div[contains(@id, 'application-manageconditionprice-display-component---conditions--smartFilterBar-filterItemControl_BASIC-BILL_TYPES-valueHelpDialog-table-rowsel0')]"}
COMMAND: POST /session/0483d061f40becc12e3a8004d2d19577/element/f.21909E599E196C0494D8E3CC232C3551.d.D3A727AD78A0B61621E432A8BDEE557D.e.19765/click - {}
RESULT: {}
COMMAND: GET /session/0483d061f40becc12e3a8004d2d19577/screenshot - {}
RESULT: {}
COMMAND: POST /session/0483d061f40becc12e3a8004d2d19577/element - {"using":"xpath","value":"//bdi[contains(text(), \"OK\")]"}
RESULT: {"using":"xpath","value":"//bdi[contains(text(), \"OK\")]"}
COMMAND: POST /session/0483d061f40becc12e3a8004d2d19577/element/f.21909E599E196C0494D8E3CC232C3551.d.D3A727AD78A0B61621E432A8BDEE557D.e.19767/click - {}
RESULT: {}
COMMAND: GET /session/0483d061f40becc12e3a8004d2d19577/screenshot - {}
RESULT: {}
COMMAND: POST /session/0483d061f40becc12e3a8004d2d19577/element - {"using":"xpath","value":"//span[@id=\"application-manageconditionprice-display-component---conditions--smartTable-header-inner\"]"}
RESULT: {"using":"xpath","value":"//span[@id=\"application-manageconditionprice-display-component---conditions--smartTable-header-inner\"]"}
COMMAND: POST /session/0483d061f40becc12e3a8004d2d19577/elements - {"using":"xpath","value":"//span[@id=\"application-manageconditionprice-display-component---conditions--smartTable-header-inner\"]"}
RESULT: {"using":"xpath","value":"//span[@id=\"application-manageconditionprice-display-component---conditions--smartTable-header-inner\"]"}
COMMAND: POST /session/0483d061f40becc12e3a8004d2d19577/execute/sync - {"script":"<script> [56 bytes]","args":[{"element-6066-11e4-a52e-4f735466cecf":"f.21909E599E196C0494D8E3CC232C3551.d.D3A727AD78A0B61621E432A8BDEE557D.e.19770","ELEMENT":"f.21909E599E196C0494D8E3CC232C3551.d.D3A727AD78A0B61621E432A8BDEE557D.e.19770"}]}
RESULT: {"script":"<script> [56 bytes]","args":[{"element-6066-11e4-a52e-4f735466cecf":"f.21909E599E196C0494D8E3CC232C3551.d.D3A727AD78A0B61621E432A8BDEE557D.e.19770","ELEMENT":"f.21909E599E196C0494D8E3CC232C3551.d.D3A727AD78A0B61621E432A8BDEE557D.e.19770"}]}
COMMAND: POST /session/0483d061f40becc12e3a8004d2d19577/element - {"using":"css selector","value":"#shell-header-logo"}
COMMAND: GET /session/0483d061f40becc12e3a8004d2d19577/screenshot - {}
RESULT: {"using":"css selector","value":"#shell-header-logo"}
COMMAND: POST /session/0483d061f40becc12e3a8004d2d19577/element/f.21909E599E196C0494D8E3CC232C3551.d.D3A727AD78A0B61621E432A8BDEE557D.e.19491/click - {}
RESULT: {}
RESULT: {}
COMMAND: GET /session/0483d061f40becc12e3a8004d2d19577/screenshot - {}
RESULT: {}
]]></system-out>
    </testcase>
    <testcase classname="chrome.136_0_7103_93.windows.Create_Reverse_Billing_US127248" name="Should do a stock increase handover" time="87.367">
      <system-out><![CDATA[
COMMAND: POST /session/0483d061f40becc12e3a8004d2d19577/execute/async - {"script":"<script> [1562 bytes]","args":[{"selector":{"controlType":"sap.m.GenericTile","properties":{"header":"Manage Handovers"}},"wdio_ui5_key":"sapm.GenericTile{\"header\":\"Manage Handovers\"}"}]}
RESULT: {"script":"<script> [1562 bytes]","args":[{"selector":{"controlType":"sap.m.GenericTile","properties":{"header":"Manage Handovers"}},"wdio_ui5_key":"sapm.GenericTile{\"header\":\"Manage Handovers\"}"}]}
RESULT: undefined
COMMAND: POST /session/0483d061f40becc12e3a8004d2d19577/element - {"using":"xpath","value":"//*[@id=\"__tile132\"]"}
RESULT: {"using":"xpath","value":"//*[@id=\"__tile132\"]"}
COMMAND: POST /session/0483d061f40becc12e3a8004d2d19577/element/f.21909E599E196C0494D8E3CC232C3551.d.D3A727AD78A0B61621E432A8BDEE557D.e.18582/click - {}
RESULT: {}
COMMAND: GET /session/0483d061f40becc12e3a8004d2d19577/screenshot - {}
RESULT: {}
COMMAND: POST /session/0483d061f40becc12e3a8004d2d19577/elements - {"using":"xpath","value":"//span[text()='Error']"}
RESULT: {"using":"xpath","value":"//span[text()='Error']"}
COMMAND: POST /session/0483d061f40becc12e3a8004d2d19577/element - {"using":"xpath","value":"//button[@data-kt=\"masterHOAddButton\"]"}
RESULT: {"using":"xpath","value":"//button[@data-kt=\"masterHOAddButton\"]"}
COMMAND: POST /session/0483d061f40becc12e3a8004d2d19577/elements - {"using":"xpath","value":"//button[@data-kt=\"masterHOAddButton\"]"}
RESULT: {"using":"xpath","value":"//button[@data-kt=\"masterHOAddButton\"]"}
COMMAND: POST /session/0483d061f40becc12e3a8004d2d19577/execute/sync - {"script":"<script> [8489 bytes]","args":[{"element-6066-11e4-a52e-4f735466cecf":"f.21909E599E196C0494D8E3CC232C3551.d.D3A727AD78A0B61621E432A8BDEE557D.e.19809","ELEMENT":"f.21909E599E196C0494D8E3CC232C3551.d.D3A727AD78A0B61621E432A8BDEE557D.e.19809"}]}
RESULT: {"script":"<script> [8489 bytes]","args":[{"element-6066-11e4-a52e-4f735466cecf":"f.21909E599E196C0494D8E3CC232C3551.d.D3A727AD78A0B61621E432A8BDEE557D.e.19809","ELEMENT":"f.21909E599E196C0494D8E3CC232C3551.d.D3A727AD78A0B61621E432A8BDEE557D.e.19809"}]}
COMMAND: GET /session/0483d061f40becc12e3a8004d2d19577/element/f.21909E599E196C0494D8E3CC232C3551.d.D3A727AD78A0B61621E432A8BDEE557D.e.19809/enabled - {}
COMMAND: GET /session/0483d061f40becc12e3a8004d2d19577/screenshot - {}
RESULT: {}
COMMAND: POST /session/0483d061f40becc12e3a8004d2d19577/execute/sync - {"script":"<script> [8489 bytes]","args":[{"element-6066-11e4-a52e-4f735466cecf":"f.21909E599E196C0494D8E3CC232C3551.d.D3A727AD78A0B61621E432A8BDEE557D.e.19809","ELEMENT":"f.21909E599E196C0494D8E3CC232C3551.d.D3A727AD78A0B61621E432A8BDEE557D.e.19809"}]}
COMMAND: GET /session/0483d061f40becc12e3a8004d2d19577/screenshot - {}
RESULT: {}
RESULT: {"script":"<script> [8489 bytes]","args":[{"element-6066-11e4-a52e-4f735466cecf":"f.21909E599E196C0494D8E3CC232C3551.d.D3A727AD78A0B61621E432A8BDEE557D.e.19809","ELEMENT":"f.21909E599E196C0494D8E3CC232C3551.d.D3A727AD78A0B61621E432A8BDEE557D.e.19809"}]}
COMMAND: POST /session/0483d061f40becc12e3a8004d2d19577/execute/sync - {"script":"<script> [5351 bytes]","args":[{"element-6066-11e4-a52e-4f735466cecf":"f.21909E599E196C0494D8E3CC232C3551.d.D3A727AD78A0B61621E432A8BDEE557D.e.19809","ELEMENT":"f.21909E599E196C0494D8E3CC232C3551.d.D3A727AD78A0B61621E432A8BDEE557D.e.19809"}]}
COMMAND: GET /session/0483d061f40becc12e3a8004d2d19577/screenshot - {}
RESULT: {}
RESULT: {"script":"<script> [5351 bytes]","args":[{"element-6066-11e4-a52e-4f735466cecf":"f.21909E599E196C0494D8E3CC232C3551.d.D3A727AD78A0B61621E432A8BDEE557D.e.19809","ELEMENT":"f.21909E599E196C0494D8E3CC232C3551.d.D3A727AD78A0B61621E432A8BDEE557D.e.19809"}]}
COMMAND: POST /session/0483d061f40becc12e3a8004d2d19577/element/f.21909E599E196C0494D8E3CC232C3551.d.D3A727AD78A0B61621E432A8BDEE557D.e.19809/click - {}
COMMAND: GET /session/0483d061f40becc12e3a8004d2d19577/screenshot - {}
RESULT: {}
RESULT: {}
COMMAND: GET /session/0483d061f40becc12e3a8004d2d19577/screenshot - {}
COMMAND: POST /session/0483d061f40becc12e3a8004d2d19577/element - {"using":"xpath","value":"//span[contains(@id ,\"AddNewHO--typeSelect-arrow\")]"}
RESULT: {}
RESULT: {}
RESULT: {"using":"xpath","value":"//span[contains(@id ,\"AddNewHO--typeSelect-arrow\")]"}
COMMAND: POST /session/0483d061f40becc12e3a8004d2d19577/element/f.21909E599E196C0494D8E3CC232C3551.d.D3A727AD78A0B61621E432A8BDEE557D.e.20152/click - {}
RESULT: {}
COMMAND: GET /session/0483d061f40becc12e3a8004d2d19577/screenshot - {}
RESULT: {}
COMMAND: POST /session/0483d061f40becc12e3a8004d2d19577/element - {"using":"xpath","value":"(//li[contains(text(), \"stock increase yard\")])[1]"}
RESULT: {"using":"xpath","value":"(//li[contains(text(), \"stock increase yard\")])[1]"}
COMMAND: POST /session/0483d061f40becc12e3a8004d2d19577/element/f.21909E599E196C0494D8E3CC232C3551.d.D3A727AD78A0B61621E432A8BDEE557D.e.20153/click - {}
RESULT: {}
COMMAND: GET /session/0483d061f40becc12e3a8004d2d19577/screenshot - {}
RESULT: {}
COMMAND: POST /session/0483d061f40becc12e3a8004d2d19577/execute/async - {"script":"<script> [1562 bytes]","args":[{"selector":{"id":"application-managehandovers-display-component---AddNewHO--dueDate","interaction":{"idSuffix":"inner"}},"wdio_ui5_key":"applicationmanagehandovers-display-component---AddNewHO--dueDate"}]}
RESULT: {"script":"<script> [1562 bytes]","args":[{"selector":{"id":"application-managehandovers-display-component---AddNewHO--dueDate","interaction":{"idSuffix":"inner"}},"wdio_ui5_key":"applicationmanagehandovers-display-component---AddNewHO--dueDate"}]}
RESULT: undefined
COMMAND: POST /session/0483d061f40becc12e3a8004d2d19577/execute/async - {"script":"<script> [6424 bytes]","args":[{"element-6066-11e4-a52e-4f735466cecf":"f.21909E599E196C0494D8E3CC232C3551.d.D3A727AD78A0B61621E432A8BDEE557D.e.20155"},"setValue",["5/29/25"]]}
RESULT: {"script":"<script> [6424 bytes]","args":[{"element-6066-11e4-a52e-4f735466cecf":"f.21909E599E196C0494D8E3CC232C3551.d.D3A727AD78A0B61621E432A8BDEE557D.e.20155"},"setValue",["5/29/25"]]}
COMMAND: POST /session/0483d061f40becc12e3a8004d2d19577/element - {"using":"xpath","value":"//input[@id=\"generalSectionFrg--receiveYard-inner\"]"}
RESULT: {"using":"xpath","value":"//input[@id=\"generalSectionFrg--receiveYard-inner\"]"}
COMMAND: POST /session/0483d061f40becc12e3a8004d2d19577/element/f.21909E599E196C0494D8E3CC232C3551.d.D3A727AD78A0B61621E432A8BDEE557D.e.20161/clear - {}
RESULT: {}
COMMAND: POST /session/0483d061f40becc12e3a8004d2d19577/element/f.21909E599E196C0494D8E3CC232C3551.d.D3A727AD78A0B61621E432A8BDEE557D.e.20161/value - {"text":"474"}
COMMAND: GET /session/0483d061f40becc12e3a8004d2d19577/screenshot - {}
RESULT: {"text":"474"}
COMMAND: GET /session/0483d061f40becc12e3a8004d2d19577/screenshot - {}
RESULT: {}
RESULT: {}
COMMAND: POST /session/0483d061f40becc12e3a8004d2d19577/element - {"using":"xpath","value":"//li[.//span[contains(text(),'474')]]"}
RESULT: {"using":"xpath","value":"//li[.//span[contains(text(),'474')]]"}
COMMAND: POST /session/0483d061f40becc12e3a8004d2d19577/element/f.21909E599E196C0494D8E3CC232C3551.d.D3A727AD78A0B61621E432A8BDEE557D.e.20179/click - {}
RESULT: {}
COMMAND: GET /session/0483d061f40becc12e3a8004d2d19577/screenshot - {}
RESULT: {}
COMMAND: POST /session/0483d061f40becc12e3a8004d2d19577/execute/async - {"script":"<script> [1562 bytes]","args":[{"selector":{"id":"application-managehandovers-display-component---AddNewHO--ObjectPageLayout-anchBar-application-managehandovers-display-component---AddNewHO--section4-anchor","interaction":{"idSuffix":"BDI-content"}},"wdio_ui5_key":"applicationmanagehandovers-display-component---AddNewHO--ObjectPageLayout-anchBar-application-managehandovers-display-component---AddNewHO--section4-anchor"}]}
RESULT: {"script":"<script> [1562 bytes]","args":[{"selector":{"id":"application-managehandovers-display-component---AddNewHO--ObjectPageLayout-anchBar-application-managehandovers-display-component---AddNewHO--section4-anchor","interaction":{"idSuffix":"BDI-content"}},"wdio_ui5_key":"applicationmanagehandovers-display-component---AddNewHO--ObjectPageLayout-anchBar-application-managehandovers-display-component---AddNewHO--section4-anchor"}]}
RESULT: undefined
COMMAND: POST /session/0483d061f40becc12e3a8004d2d19577/element - {"using":"xpath","value":"//*[@id=\"application-managehandovers-display-component---AddNewHO--ObjectPageLayout-anchBar-application-managehandovers-display-component---AddNewHO--section4-anchor\"]"}
RESULT: {"using":"xpath","value":"//*[@id=\"application-managehandovers-display-component---AddNewHO--ObjectPageLayout-anchBar-application-managehandovers-display-component---AddNewHO--section4-anchor\"]"}
COMMAND: POST /session/0483d061f40becc12e3a8004d2d19577/element/f.21909E599E196C0494D8E3CC232C3551.d.D3A727AD78A0B61621E432A8BDEE557D.e.20181/click - {}
RESULT: {}
COMMAND: POST /session/0483d061f40becc12e3a8004d2d19577/element - {"using":"xpath","value":"//button[@aria-label=\"Add\"]"}
COMMAND: GET /session/0483d061f40becc12e3a8004d2d19577/screenshot - {}
RESULT: {"using":"xpath","value":"//button[@aria-label=\"Add\"]"}
COMMAND: POST /session/0483d061f40becc12e3a8004d2d19577/element/f.21909E599E196C0494D8E3CC232C3551.d.D3A727AD78A0B61621E432A8BDEE557D.e.20183/click - {}
RESULT: {}
RESULT: {}
COMMAND: GET /session/0483d061f40becc12e3a8004d2d19577/screenshot - {}
RESULT: {}
COMMAND: POST /session/0483d061f40becc12e3a8004d2d19577/execute/async - {"script":"<script> [1562 bytes]","args":[{"selector":{"id":"application-managehandovers-display-component---AddNewHO--smartFilterBar-btnBasicSearch","searchOpenDialogs":true,"interaction":{"idSuffix":"I"}},"wdio_ui5_key":"applicationmanagehandovers-display-component---AddNewHO--smartFilterBar-btnBasicSearch"}]}
RESULT: {"script":"<script> [1562 bytes]","args":[{"selector":{"id":"application-managehandovers-display-component---AddNewHO--smartFilterBar-btnBasicSearch","searchOpenDialogs":true,"interaction":{"idSuffix":"I"}},"wdio_ui5_key":"applicationmanagehandovers-display-component---AddNewHO--smartFilterBar-btnBasicSearch"}]}
RESULT: undefined
COMMAND: POST /session/0483d061f40becc12e3a8004d2d19577/execute/async - {"script":"<script> [776 bytes]","args":[{"enterText":"kiYcenEVXX","selector":{"id":"application-managehandovers-display-component---AddNewHO--smartFilterBar-btnBasicSearch","searchOpenDialogs":true,"interaction":{"idSuffix":"I"}},"clearTextFirst":true,"interactionType":"ENTER_TEXT"}]}
RESULT: {"script":"<script> [776 bytes]","args":[{"enterText":"kiYcenEVXX","selector":{"id":"application-managehandovers-display-component---AddNewHO--smartFilterBar-btnBasicSearch","searchOpenDialogs":true,"interaction":{"idSuffix":"I"}},"clearTextFirst":true,"interactionType":"ENTER_TEXT"}]}
COMMAND: POST /session/0483d061f40becc12e3a8004d2d19577/actions - {"actions":[{"id":"action69","type":"key","parameters":{},"actions":[{"type":"keyDown","value":""},{"type":"pause","duration":10},{"type":"keyUp","value":""}]}]}
RESULT: {"actions":[{"id":"action69","type":"key","parameters":{},"actions":[{"type":"keyDown","value":""},{"type":"pause","duration":10},{"type":"keyUp","value":""}]}]}
COMMAND: GET /session/0483d061f40becc12e3a8004d2d19577/screenshot - {}
RESULT: {}
COMMAND: POST /session/0483d061f40becc12e3a8004d2d19577/execute/async - {"script":"<script> [1562 bytes]","args":[{"selector":{"id":"application-managehandovers-display-component---AddNewHO--popup-sa","searchOpenDialogs":true,"interaction":{"idSuffix":"CbBg"}},"wdio_ui5_key":"applicationmanagehandovers-display-component---AddNewHO--popup-sa"}]}
RESULT: {"script":"<script> [1562 bytes]","args":[{"selector":{"id":"application-managehandovers-display-component---AddNewHO--popup-sa","searchOpenDialogs":true,"interaction":{"idSuffix":"CbBg"}},"wdio_ui5_key":"applicationmanagehandovers-display-component---AddNewHO--popup-sa"}]}
RESULT: undefined
COMMAND: POST /session/0483d061f40becc12e3a8004d2d19577/element - {"using":"xpath","value":"//*[@id=\"application-managehandovers-display-component---AddNewHO--popup-sa\"]"}
RESULT: {"using":"xpath","value":"//*[@id=\"application-managehandovers-display-component---AddNewHO--popup-sa\"]"}
COMMAND: POST /session/0483d061f40becc12e3a8004d2d19577/element/f.21909E599E196C0494D8E3CC232C3551.d.D3A727AD78A0B61621E432A8BDEE557D.e.20336/click - {}
RESULT: {}
COMMAND: GET /session/0483d061f40becc12e3a8004d2d19577/screenshot - {}
RESULT: {}
COMMAND: POST /session/0483d061f40becc12e3a8004d2d19577/element - {"using":"xpath","value":"//bdi[contains(text(), \"Select\")]"}
RESULT: {"using":"xpath","value":"//bdi[contains(text(), \"Select\")]"}
COMMAND: POST /session/0483d061f40becc12e3a8004d2d19577/element/f.21909E599E196C0494D8E3CC232C3551.d.D3A727AD78A0B61621E432A8BDEE557D.e.20337/click - {}
RESULT: {}
COMMAND: GET /session/0483d061f40becc12e3a8004d2d19577/screenshot - {}
RESULT: {}
COMMAND: POST /session/0483d061f40becc12e3a8004d2d19577/element - {"using":"xpath","value":"//button[@data-kt=\"AddNewHOSaveButton\"]"}
RESULT: {"using":"xpath","value":"//button[@data-kt=\"AddNewHOSaveButton\"]"}
COMMAND: POST /session/0483d061f40becc12e3a8004d2d19577/element/f.21909E599E196C0494D8E3CC232C3551.d.D3A727AD78A0B61621E432A8BDEE557D.e.20341/click - {}
RESULT: {}
COMMAND: GET /session/0483d061f40becc12e3a8004d2d19577/screenshot - {}
RESULT: {}
COMMAND: POST /session/0483d061f40becc12e3a8004d2d19577/execute/async - {"script":"<script> [1562 bytes]","args":[{"selector":{"id":"receiptDatePicker","viewName":"etm.portal.ui.managehandovers.view.DetailExecuteHO","interaction":{"idSuffix":"inner"}},"wdio_ui5_key":"receiptDatePickeretmportal.ui.managehandovers.view.DetailExecuteHO"}]}
RESULT: {"script":"<script> [1562 bytes]","args":[{"selector":{"id":"receiptDatePicker","viewName":"etm.portal.ui.managehandovers.view.DetailExecuteHO","interaction":{"idSuffix":"inner"}},"wdio_ui5_key":"receiptDatePickeretmportal.ui.managehandovers.view.DetailExecuteHO"}]}
RESULT: undefined
COMMAND: POST /session/0483d061f40becc12e3a8004d2d19577/execute/async - {"script":"<script> [6424 bytes]","args":[{"element-6066-11e4-a52e-4f735466cecf":"f.21909E599E196C0494D8E3CC232C3551.d.D3A727AD78A0B61621E432A8BDEE557D.e.20372"},"setValue",["5/29/25"]]}
RESULT: {"script":"<script> [6424 bytes]","args":[{"element-6066-11e4-a52e-4f735466cecf":"f.21909E599E196C0494D8E3CC232C3551.d.D3A727AD78A0B61621E432A8BDEE557D.e.20372"},"setValue",["5/29/25"]]}
COMMAND: POST /session/0483d061f40becc12e3a8004d2d19577/element - {"using":"xpath","value":"//button[@data-kt=\"ReceivingTableConfirmAllButton\"]"}
RESULT: {"using":"xpath","value":"//button[@data-kt=\"ReceivingTableConfirmAllButton\"]"}
COMMAND: POST /session/0483d061f40becc12e3a8004d2d19577/element/f.21909E599E196C0494D8E3CC232C3551.d.D3A727AD78A0B61621E432A8BDEE557D.e.20387/click - {}
RESULT: {}
COMMAND: GET /session/0483d061f40becc12e3a8004d2d19577/screenshot - {}
RESULT: {}
COMMAND: POST /session/0483d061f40becc12e3a8004d2d19577/element - {"using":"xpath","value":"//bdi[contains(text(), \"OK\")]"}
RESULT: {"using":"xpath","value":"//bdi[contains(text(), \"OK\")]"}
COMMAND: POST /session/0483d061f40becc12e3a8004d2d19577/element/f.21909E599E196C0494D8E3CC232C3551.d.D3A727AD78A0B61621E432A8BDEE557D.e.20389/click - {}
RESULT: {}
COMMAND: GET /session/0483d061f40becc12e3a8004d2d19577/screenshot - {}
RESULT: {}
COMMAND: POST /session/0483d061f40becc12e3a8004d2d19577/element - {"using":"xpath","value":"(//bdi[contains(text(), \"Receive\")])[2]"}
RESULT: {"using":"xpath","value":"(//bdi[contains(text(), \"Receive\")])[2]"}
COMMAND: POST /session/0483d061f40becc12e3a8004d2d19577/element/f.21909E599E196C0494D8E3CC232C3551.d.D3A727AD78A0B61621E432A8BDEE557D.e.20391/click - {}
RESULT: {}
COMMAND: GET /session/0483d061f40becc12e3a8004d2d19577/screenshot - {}
RESULT: {}
COMMAND: POST /session/0483d061f40becc12e3a8004d2d19577/element - {"using":"css selector","value":"#shell-header-logo"}
RESULT: {"using":"css selector","value":"#shell-header-logo"}
COMMAND: POST /session/0483d061f40becc12e3a8004d2d19577/element/f.21909E599E196C0494D8E3CC232C3551.d.D3A727AD78A0B61621E432A8BDEE557D.e.19776/click - {}
RESULT: {}
COMMAND: GET /session/0483d061f40becc12e3a8004d2d19577/screenshot - {}
RESULT: {}
]]></system-out>
    </testcase>
    <testcase classname="chrome.136_0_7103_93.windows.Create_Reverse_Billing_US127248" name="Should create a new contract" time="62.103">
      <system-out><![CDATA[
COMMAND: POST /session/0483d061f40becc12e3a8004d2d19577/execute/async - {"script":"<script> [1562 bytes]","args":[{"selector":{"controlType":"sap.m.GenericTile","properties":{"header":"Manage Contracts"}},"wdio_ui5_key":"sapm.GenericTile{\"header\":\"Manage Contracts\"}"}]}
RESULT: {"script":"<script> [1562 bytes]","args":[{"selector":{"controlType":"sap.m.GenericTile","properties":{"header":"Manage Contracts"}},"wdio_ui5_key":"sapm.GenericTile{\"header\":\"Manage Contracts\"}"}]}
RESULT: undefined
COMMAND: POST /session/0483d061f40becc12e3a8004d2d19577/element - {"using":"xpath","value":"//*[@id=\"__tile130\"]"}
RESULT: {"using":"xpath","value":"//*[@id=\"__tile130\"]"}
COMMAND: POST /session/0483d061f40becc12e3a8004d2d19577/element/f.21909E599E196C0494D8E3CC232C3551.d.D3A727AD78A0B61621E432A8BDEE557D.e.18512/click - {}
RESULT: {}
COMMAND: GET /session/0483d061f40becc12e3a8004d2d19577/screenshot - {}
RESULT: {}
COMMAND: POST /session/0483d061f40becc12e3a8004d2d19577/elements - {"using":"xpath","value":"//span[text()='Error']"}
RESULT: {"using":"xpath","value":"//span[text()='Error']"}
COMMAND: POST /session/0483d061f40becc12e3a8004d2d19577/element - {"using":"xpath","value":"//button[@data-kt=\"addButton\"]"}
RESULT: {"using":"xpath","value":"//button[@data-kt=\"addButton\"]"}
COMMAND: POST /session/0483d061f40becc12e3a8004d2d19577/elements - {"using":"xpath","value":"//button[@data-kt=\"addButton\"]"}
RESULT: {"using":"xpath","value":"//button[@data-kt=\"addButton\"]"}
COMMAND: POST /session/0483d061f40becc12e3a8004d2d19577/execute/sync - {"script":"<script> [8489 bytes]","args":[{"element-6066-11e4-a52e-4f735466cecf":"f.21909E599E196C0494D8E3CC232C3551.d.D3A727AD78A0B61621E432A8BDEE557D.e.20612","ELEMENT":"f.21909E599E196C0494D8E3CC232C3551.d.D3A727AD78A0B61621E432A8BDEE557D.e.20612"}]}
RESULT: {"script":"<script> [8489 bytes]","args":[{"element-6066-11e4-a52e-4f735466cecf":"f.21909E599E196C0494D8E3CC232C3551.d.D3A727AD78A0B61621E432A8BDEE557D.e.20612","ELEMENT":"f.21909E599E196C0494D8E3CC232C3551.d.D3A727AD78A0B61621E432A8BDEE557D.e.20612"}]}
COMMAND: GET /session/0483d061f40becc12e3a8004d2d19577/element/f.21909E599E196C0494D8E3CC232C3551.d.D3A727AD78A0B61621E432A8BDEE557D.e.20612/enabled - {}
COMMAND: GET /session/0483d061f40becc12e3a8004d2d19577/screenshot - {}
RESULT: {}
COMMAND: POST /session/0483d061f40becc12e3a8004d2d19577/execute/sync - {"script":"<script> [8489 bytes]","args":[{"element-6066-11e4-a52e-4f735466cecf":"f.21909E599E196C0494D8E3CC232C3551.d.D3A727AD78A0B61621E432A8BDEE557D.e.20612","ELEMENT":"f.21909E599E196C0494D8E3CC232C3551.d.D3A727AD78A0B61621E432A8BDEE557D.e.20612"}]}
COMMAND: GET /session/0483d061f40becc12e3a8004d2d19577/screenshot - {}
RESULT: {}
RESULT: {"script":"<script> [8489 bytes]","args":[{"element-6066-11e4-a52e-4f735466cecf":"f.21909E599E196C0494D8E3CC232C3551.d.D3A727AD78A0B61621E432A8BDEE557D.e.20612","ELEMENT":"f.21909E599E196C0494D8E3CC232C3551.d.D3A727AD78A0B61621E432A8BDEE557D.e.20612"}]}
COMMAND: POST /session/0483d061f40becc12e3a8004d2d19577/execute/sync - {"script":"<script> [5351 bytes]","args":[{"element-6066-11e4-a52e-4f735466cecf":"f.21909E599E196C0494D8E3CC232C3551.d.D3A727AD78A0B61621E432A8BDEE557D.e.20612","ELEMENT":"f.21909E599E196C0494D8E3CC232C3551.d.D3A727AD78A0B61621E432A8BDEE557D.e.20612"}]}
COMMAND: GET /session/0483d061f40becc12e3a8004d2d19577/screenshot - {}
RESULT: {}
RESULT: {"script":"<script> [5351 bytes]","args":[{"element-6066-11e4-a52e-4f735466cecf":"f.21909E599E196C0494D8E3CC232C3551.d.D3A727AD78A0B61621E432A8BDEE557D.e.20612","ELEMENT":"f.21909E599E196C0494D8E3CC232C3551.d.D3A727AD78A0B61621E432A8BDEE557D.e.20612"}]}
COMMAND: GET /session/0483d061f40becc12e3a8004d2d19577/screenshot - {}
RESULT: {}
RESULT: {}
COMMAND: POST /session/0483d061f40becc12e3a8004d2d19577/element/f.21909E599E196C0494D8E3CC232C3551.d.D3A727AD78A0B61621E432A8BDEE557D.e.20612/click - {}
RESULT: {}
COMMAND: GET /session/0483d061f40becc12e3a8004d2d19577/screenshot - {}
COMMAND: POST /session/0483d061f40becc12e3a8004d2d19577/execute/async - {"script":"<script> [1562 bytes]","args":[{"selector":{"id":"application-managecontracts-display-component---AddNewContract--projectDescription","interaction":{"idSuffix":"inner"}},"wdio_ui5_key":"applicationmanagecontracts-display-component---AddNewContract--projectDescription"}]}
RESULT: {}
RESULT: {"script":"<script> [1562 bytes]","args":[{"selector":{"id":"application-managecontracts-display-component---AddNewContract--projectDescription","interaction":{"idSuffix":"inner"}},"wdio_ui5_key":"applicationmanagecontracts-display-component---AddNewContract--projectDescription"}]}
RESULT: undefined
COMMAND: POST /session/0483d061f40becc12e3a8004d2d19577/execute/async - {"script":"<script> [776 bytes]","args":[{"enterText":"Contract WDIO","selector":{"id":"application-managecontracts-display-component---AddNewContract--projectDescription","interaction":{"idSuffix":"inner"}},"clearTextFirst":true,"interactionType":"ENTER_TEXT"}]}
RESULT: {"script":"<script> [776 bytes]","args":[{"enterText":"Contract WDIO","selector":{"id":"application-managecontracts-display-component---AddNewContract--projectDescription","interaction":{"idSuffix":"inner"}},"clearTextFirst":true,"interactionType":"ENTER_TEXT"}]}
COMMAND: POST /session/0483d061f40becc12e3a8004d2d19577/element - {"using":"xpath","value":"//input[@id=\"application-managecontracts-display-component---AddNewContract--site-inner\"]"}
RESULT: {"using":"xpath","value":"//input[@id=\"application-managecontracts-display-component---AddNewContract--site-inner\"]"}
COMMAND: POST /session/0483d061f40becc12e3a8004d2d19577/element/f.21909E599E196C0494D8E3CC232C3551.d.D3A727AD78A0B61621E432A8BDEE557D.e.20934/clear - {}
RESULT: {}
COMMAND: POST /session/0483d061f40becc12e3a8004d2d19577/element/f.21909E599E196C0494D8E3CC232C3551.d.D3A727AD78A0B61621E432A8BDEE557D.e.20934/value - {"text":"2244"}
COMMAND: GET /session/0483d061f40becc12e3a8004d2d19577/screenshot - {}
RESULT: {"text":"2244"}
COMMAND: GET /session/0483d061f40becc12e3a8004d2d19577/screenshot - {}
RESULT: {}
RESULT: {}
COMMAND: POST /session/0483d061f40becc12e3a8004d2d19577/element - {"using":"xpath","value":"//li[.//span[text()='2244']]"}
RESULT: {"using":"xpath","value":"//li[.//span[text()='2244']]"}
COMMAND: POST /session/0483d061f40becc12e3a8004d2d19577/element/f.21909E599E196C0494D8E3CC232C3551.d.D3A727AD78A0B61621E432A8BDEE557D.e.21016/click - {}
RESULT: {}
COMMAND: GET /session/0483d061f40becc12e3a8004d2d19577/screenshot - {}
RESULT: {}
COMMAND: POST /session/0483d061f40becc12e3a8004d2d19577/element - {"using":"xpath","value":"//input[@id=\"application-managecontracts-display-component---AddNewContract--yardId-inner\"]"}
RESULT: {"using":"xpath","value":"//input[@id=\"application-managecontracts-display-component---AddNewContract--yardId-inner\"]"}
COMMAND: GET /session/0483d061f40becc12e3a8004d2d19577/element/f.21909E599E196C0494D8E3CC232C3551.d.D3A727AD78A0B61621E432A8BDEE557D.e.20935/property/value - {}
RESULT: {}
COMMAND: POST /session/0483d061f40becc12e3a8004d2d19577/element - {"using":"xpath","value":"//input[@id=\"application-managecontracts-display-component---AddNewContract--customerSelect-inner\"]"}
COMMAND: GET /session/0483d061f40becc12e3a8004d2d19577/screenshot - {}
RESULT: {"using":"xpath","value":"//input[@id=\"application-managecontracts-display-component---AddNewContract--customerSelect-inner\"]"}
COMMAND: POST /session/0483d061f40becc12e3a8004d2d19577/element/f.21909E599E196C0494D8E3CC232C3551.d.D3A727AD78A0B61621E432A8BDEE557D.e.20933/clear - {}
RESULT: {}
RESULT: {}
COMMAND: POST /session/0483d061f40becc12e3a8004d2d19577/element/f.21909E599E196C0494D8E3CC232C3551.d.D3A727AD78A0B61621E432A8BDEE557D.e.20933/value - {"text":"1281"}
COMMAND: GET /session/0483d061f40becc12e3a8004d2d19577/screenshot - {}
RESULT: {"text":"1281"}
COMMAND: GET /session/0483d061f40becc12e3a8004d2d19577/screenshot - {}
RESULT: {}
RESULT: {}
COMMAND: POST /session/0483d061f40becc12e3a8004d2d19577/element - {"using":"xpath","value":"//li[.//span[text()='1281']]"}
RESULT: {"using":"xpath","value":"//li[.//span[text()='1281']]"}
COMMAND: POST /session/0483d061f40becc12e3a8004d2d19577/element/f.21909E599E196C0494D8E3CC232C3551.d.D3A727AD78A0B61621E432A8BDEE557D.e.21019/click - {}
RESULT: {}
COMMAND: GET /session/0483d061f40becc12e3a8004d2d19577/screenshot - {}
RESULT: {}
COMMAND: POST /session/0483d061f40becc12e3a8004d2d19577/element - {"using":"xpath","value":"//button[@data-kt=\"saveButton\"]"}
RESULT: {"using":"xpath","value":"//button[@data-kt=\"saveButton\"]"}
COMMAND: POST /session/0483d061f40becc12e3a8004d2d19577/element/f.21909E599E196C0494D8E3CC232C3551.d.D3A727AD78A0B61621E432A8BDEE557D.e.21009/click - {}
RESULT: {}
COMMAND: GET /session/0483d061f40becc12e3a8004d2d19577/screenshot - {}
RESULT: {}
COMMAND: POST /session/0483d061f40becc12e3a8004d2d19577/element - {"using":"xpath","value":"//span[contains(@id ,\"contractDetailTitleNoExpanded\")]"}
RESULT: {"using":"xpath","value":"//span[contains(@id ,\"contractDetailTitleNoExpanded\")]"}
COMMAND: POST /session/0483d061f40becc12e3a8004d2d19577/elements - {"using":"xpath","value":"//span[contains(@id ,\"contractDetailTitleNoExpanded\")]"}
RESULT: {"using":"xpath","value":"//span[contains(@id ,\"contractDetailTitleNoExpanded\")]"}
COMMAND: POST /session/0483d061f40becc12e3a8004d2d19577/execute/sync - {"script":"<script> [56 bytes]","args":[{"element-6066-11e4-a52e-4f735466cecf":"f.21909E599E196C0494D8E3CC232C3551.d.D3A727AD78A0B61621E432A8BDEE557D.e.21028","ELEMENT":"f.21909E599E196C0494D8E3CC232C3551.d.D3A727AD78A0B61621E432A8BDEE557D.e.21028"}]}
RESULT: {"script":"<script> [56 bytes]","args":[{"element-6066-11e4-a52e-4f735466cecf":"f.21909E599E196C0494D8E3CC232C3551.d.D3A727AD78A0B61621E432A8BDEE557D.e.21028","ELEMENT":"f.21909E599E196C0494D8E3CC232C3551.d.D3A727AD78A0B61621E432A8BDEE557D.e.21028"}]}
COMMAND: GET /session/0483d061f40becc12e3a8004d2d19577/screenshot - {}
RESULT: {}
]]></system-out>
    </testcase>
    <testcase classname="chrome.136_0_7103_93.windows.Create_Reverse_Billing_US127248" name="Should add equipment to the contract" time="45.98">
      <system-out><![CDATA[
COMMAND: POST /session/0483d061f40becc12e3a8004d2d19577/element - {"using":"xpath","value":"//button[@data-kt=\"contractDetailEditBtnButton\"]"}
RESULT: {"using":"xpath","value":"//button[@data-kt=\"contractDetailEditBtnButton\"]"}
COMMAND: POST /session/0483d061f40becc12e3a8004d2d19577/element/f.21909E599E196C0494D8E3CC232C3551.d.D3A727AD78A0B61621E432A8BDEE557D.e.21031/click - {}
RESULT: {}
COMMAND: GET /session/0483d061f40becc12e3a8004d2d19577/screenshot - {}
RESULT: {}
COMMAND: POST /session/0483d061f40becc12e3a8004d2d19577/element - {"using":"xpath","value":"(//span[contains(text(), \"Additional Addresses\")])[2]"}
RESULT: {"using":"xpath","value":"(//span[contains(text(), \"Additional Addresses\")])[2]"}
COMMAND: POST /session/0483d061f40becc12e3a8004d2d19577/element/f.21909E599E196C0494D8E3CC232C3551.d.D3A727AD78A0B61621E432A8BDEE557D.e.21087/click - {}
RESULT: {}
COMMAND: GET /session/0483d061f40becc12e3a8004d2d19577/screenshot - {}
RESULT: {}
COMMAND: POST /session/0483d061f40becc12e3a8004d2d19577/element - {"using":"xpath","value":"//button[@data-kt=\"btnAddTableRowOverflowToolbarButton\"]"}
RESULT: {"using":"xpath","value":"//button[@data-kt=\"btnAddTableRowOverflowToolbarButton\"]"}
COMMAND: POST /session/0483d061f40becc12e3a8004d2d19577/element/f.21909E599E196C0494D8E3CC232C3551.d.D3A727AD78A0B61621E432A8BDEE557D.e.21089/click - {}
RESULT: {}
COMMAND: GET /session/0483d061f40becc12e3a8004d2d19577/screenshot - {}
RESULT: {}
COMMAND: POST /session/0483d061f40becc12e3a8004d2d19577/element - {"using":"xpath","value":"//div[(text() = 'Standard Entry' or . = 'Standard Entry')]"}
RESULT: {"using":"xpath","value":"//div[(text() = 'Standard Entry' or . = 'Standard Entry')]"}
COMMAND: POST /session/0483d061f40becc12e3a8004d2d19577/element/f.21909E599E196C0494D8E3CC232C3551.d.D3A727AD78A0B61621E432A8BDEE557D.e.21091/click - {}
RESULT: {}
COMMAND: GET /session/0483d061f40becc12e3a8004d2d19577/screenshot - {}
RESULT: {}
COMMAND: POST /session/0483d061f40becc12e3a8004d2d19577/element - {"using":"xpath","value":"//td[7]/div/div/input"}
RESULT: {"using":"xpath","value":"//td[7]/div/div/input"}
COMMAND: POST /session/0483d061f40becc12e3a8004d2d19577/element/f.21909E599E196C0494D8E3CC232C3551.d.D3A727AD78A0B61621E432A8BDEE557D.e.21100/clear - {}
RESULT: {}
COMMAND: POST /session/0483d061f40becc12e3a8004d2d19577/element/f.21909E599E196C0494D8E3CC232C3551.d.D3A727AD78A0B61621E432A8BDEE557D.e.21100/value - {"text":"kiYcenEVXX"}
COMMAND: GET /session/0483d061f40becc12e3a8004d2d19577/screenshot - {}
RESULT: {"text":"kiYcenEVXX"}
COMMAND: GET /session/0483d061f40becc12e3a8004d2d19577/screenshot - {}
RESULT: {}
RESULT: {}
COMMAND: POST /session/0483d061f40becc12e3a8004d2d19577/actions - {"actions":[{"id":"action70","type":"key","parameters":{},"actions":[{"type":"keyDown","value":""},{"type":"pause","duration":10},{"type":"keyUp","value":""}]}]}
RESULT: {"actions":[{"id":"action70","type":"key","parameters":{},"actions":[{"type":"keyDown","value":""},{"type":"pause","duration":10},{"type":"keyUp","value":""}]}]}
COMMAND: GET /session/0483d061f40becc12e3a8004d2d19577/screenshot - {}
RESULT: {}
COMMAND: POST /session/0483d061f40becc12e3a8004d2d19577/execute/sync - {"script":"<script> [276 bytes]","args":["No pricing information was found"]}
RESULT: {"script":"<script> [276 bytes]","args":["No pricing information was found"]}
COMMAND: POST /session/0483d061f40becc12e3a8004d2d19577/element - {"using":"xpath","value":"(//button[@data-kt=\"saveButton\"])[2]"}
COMMAND: GET /session/0483d061f40becc12e3a8004d2d19577/screenshot - {}
RESULT: {"using":"xpath","value":"(//button[@data-kt=\"saveButton\"])[2]"}
COMMAND: POST /session/0483d061f40becc12e3a8004d2d19577/element/f.21909E599E196C0494D8E3CC232C3551.d.D3A727AD78A0B61621E432A8BDEE557D.e.21115/click - {}
RESULT: {}
RESULT: {}
COMMAND: GET /session/0483d061f40becc12e3a8004d2d19577/screenshot - {}
RESULT: {}
COMMAND: POST /session/0483d061f40becc12e3a8004d2d19577/execute/sync - {"script":"<script> [276 bytes]","args":["Some contract items are having rental validity exceeding header rental validity"]}
RESULT: {"script":"<script> [276 bytes]","args":["Some contract items are having rental validity exceeding header rental validity"]}
COMMAND: GET /session/0483d061f40becc12e3a8004d2d19577/screenshot - {}
RESULT: {}
COMMAND: POST /session/0483d061f40becc12e3a8004d2d19577/element - {"using":"xpath","value":"//span[contains(@id ,\"contractItemsSmartTable-header-inner\")]"}
RESULT: {"using":"xpath","value":"//span[contains(@id ,\"contractItemsSmartTable-header-inner\")]"}
COMMAND: POST /session/0483d061f40becc12e3a8004d2d19577/elements - {"using":"xpath","value":"//span[contains(@id ,\"contractItemsSmartTable-header-inner\")]"}
RESULT: {"using":"xpath","value":"//span[contains(@id ,\"contractItemsSmartTable-header-inner\")]"}
COMMAND: POST /session/0483d061f40becc12e3a8004d2d19577/execute/sync - {"script":"<script> [56 bytes]","args":[{"element-6066-11e4-a52e-4f735466cecf":"f.21909E599E196C0494D8E3CC232C3551.d.D3A727AD78A0B61621E432A8BDEE557D.e.21120","ELEMENT":"f.21909E599E196C0494D8E3CC232C3551.d.D3A727AD78A0B61621E432A8BDEE557D.e.21120"}]}
RESULT: {"script":"<script> [56 bytes]","args":[{"element-6066-11e4-a52e-4f735466cecf":"f.21909E599E196C0494D8E3CC232C3551.d.D3A727AD78A0B61621E432A8BDEE557D.e.21120","ELEMENT":"f.21909E599E196C0494D8E3CC232C3551.d.D3A727AD78A0B61621E432A8BDEE557D.e.21120"}]}
]]></system-out>
    </testcase>
    <testcase classname="chrome.136_0_7103_93.windows.Create_Reverse_Billing_US127248" name="Should do a provide to site handover" time="59.675">
      <system-out><![CDATA[
COMMAND: GET /session/0483d061f40becc12e3a8004d2d19577/screenshot - {}
COMMAND: POST /session/0483d061f40becc12e3a8004d2d19577/element - {"using":"xpath","value":"//button[@data-kt=\"provideButton\"]"}
RESULT: {}
RESULT: {"using":"xpath","value":"//button[@data-kt=\"provideButton\"]"}
COMMAND: POST /session/0483d061f40becc12e3a8004d2d19577/element/f.21909E599E196C0494D8E3CC232C3551.d.D3A727AD78A0B61621E432A8BDEE557D.e.21121/click - {}
RESULT: {}
COMMAND: GET /session/0483d061f40becc12e3a8004d2d19577/screenshot - {}
RESULT: undefined
COMMAND: POST /session/0483d061f40becc12e3a8004d2d19577/execute/async - {"script":"<script> [6424 bytes]","args":[{"element-6066-11e4-a52e-4f735466cecf":"f.21909E599E196C0494D8E3CC232C3551.d.D3A727AD78A0B61621E432A8BDEE557D.e.20155"},"setValue",["5/29/25"]]}
RESULT: {}
COMMAND: POST /session/0483d061f40becc12e3a8004d2d19577/execute/async - {"script":"<script> [1562 bytes]","args":[{"selector":{"id":"application-managehandovers-display-component---AddNewHO--dueDate","interaction":{"idSuffix":"inner"}},"wdio_ui5_key":"applicationmanagehandovers-display-component---AddNewHO--dueDate"}]}
RESULT: {"script":"<script> [1562 bytes]","args":[{"selector":{"id":"application-managehandovers-display-component---AddNewHO--dueDate","interaction":{"idSuffix":"inner"}},"wdio_ui5_key":"applicationmanagehandovers-display-component---AddNewHO--dueDate"}]}
COMMAND: POST /session/0483d061f40becc12e3a8004d2d19577/execute/async - {"script":"<script> [6424 bytes]","args":[{"element-6066-11e4-a52e-4f735466cecf":"f.21909E599E196C0494D8E3CC232C3551.d.D3A727AD78A0B61621E432A8BDEE557D.e.21178"},"setValue",["5/29/25"]]}
RESULT: {"script":"<script> [6424 bytes]","args":[{"element-6066-11e4-a52e-4f735466cecf":"f.21909E599E196C0494D8E3CC232C3551.d.D3A727AD78A0B61621E432A8BDEE557D.e.21178"},"setValue",["5/29/25"]]}
COMMAND: POST /session/0483d061f40becc12e3a8004d2d19577/element - {"using":"xpath","value":"//bdi[contains(text(), \"Instructions\")]"}
RESULT: {"using":"xpath","value":"//bdi[contains(text(), \"Instructions\")]"}
COMMAND: POST /session/0483d061f40becc12e3a8004d2d19577/element/f.21909E599E196C0494D8E3CC232C3551.d.D3A727AD78A0B61621E432A8BDEE557D.e.21304/click - {}
RESULT: {}
COMMAND: GET /session/0483d061f40becc12e3a8004d2d19577/screenshot - {}
RESULT: {}
COMMAND: POST /session/0483d061f40becc12e3a8004d2d19577/element - {"using":"xpath","value":"//button[@data-kt=\"AddNewHOProvideAddItemsButton\"]"}
RESULT: {"using":"xpath","value":"//button[@data-kt=\"AddNewHOProvideAddItemsButton\"]"}
COMMAND: POST /session/0483d061f40becc12e3a8004d2d19577/element/f.21909E599E196C0494D8E3CC232C3551.d.D3A727AD78A0B61621E432A8BDEE557D.e.21310/click - {}
RESULT: {}
COMMAND: GET /session/0483d061f40becc12e3a8004d2d19577/screenshot - {}
RESULT: {}
RESULT: undefined
COMMAND: POST /session/0483d061f40becc12e3a8004d2d19577/element - {"using":"xpath","value":"//*[@id=\"application-managehandovers-display-component---AddNewHO--popup-sa\"]"}
RESULT: {"using":"xpath","value":"//*[@id=\"application-managehandovers-display-component---AddNewHO--popup-sa\"]"}
COMMAND: POST /session/0483d061f40becc12e3a8004d2d19577/element/f.21909E599E196C0494D8E3CC232C3551.d.D3A727AD78A0B61621E432A8BDEE557D.e.21319/click - {}
RESULT: {}
COMMAND: GET /session/0483d061f40becc12e3a8004d2d19577/screenshot - {}
RESULT: {}
COMMAND: POST /session/0483d061f40becc12e3a8004d2d19577/element - {"using":"xpath","value":"//*[contains(@id ,\"BDI-content\")][contains(text(), \"Select\")]"}
RESULT: {"using":"xpath","value":"//*[contains(@id ,\"BDI-content\")][contains(text(), \"Select\")]"}
COMMAND: POST /session/0483d061f40becc12e3a8004d2d19577/element/f.21909E599E196C0494D8E3CC232C3551.d.D3A727AD78A0B61621E432A8BDEE557D.e.21321/click - {}
RESULT: {}
COMMAND: GET /session/0483d061f40becc12e3a8004d2d19577/screenshot - {}
RESULT: {}
COMMAND: POST /session/0483d061f40becc12e3a8004d2d19577/execute/async - {"script":"<script> [1562 bytes]","args":[{"selector":{"id":"application-managehandovers-display-component---AddNewHO--confirmCreationButton","interaction":{"idSuffix":"BDI-content"}},"wdio_ui5_key":"applicationmanagehandovers-display-component---AddNewHO--confirmCreationButton"}]}
RESULT: {"script":"<script> [1562 bytes]","args":[{"selector":{"id":"application-managehandovers-display-component---AddNewHO--confirmCreationButton","interaction":{"idSuffix":"BDI-content"}},"wdio_ui5_key":"applicationmanagehandovers-display-component---AddNewHO--confirmCreationButton"}]}
RESULT: undefined
COMMAND: POST /session/0483d061f40becc12e3a8004d2d19577/element - {"using":"xpath","value":"//*[@id=\"application-managehandovers-display-component---AddNewHO--confirmCreationButton\"]"}
RESULT: {"using":"xpath","value":"//*[@id=\"application-managehandovers-display-component---AddNewHO--confirmCreationButton\"]"}
COMMAND: POST /session/0483d061f40becc12e3a8004d2d19577/element/f.21909E599E196C0494D8E3CC232C3551.d.D3A727AD78A0B61621E432A8BDEE557D.e.21265/click - {}
RESULT: {}
COMMAND: GET /session/0483d061f40becc12e3a8004d2d19577/screenshot - {}
RESULT: {}
COMMAND: POST /session/0483d061f40becc12e3a8004d2d19577/execute/async - {"script":"<script> [1562 bytes]","args":[{"selector":{"id":"issueDatePicker","viewName":"etm.portal.ui.managehandovers.view.DetailExecuteHO","interaction":{"idSuffix":"inner"}},"wdio_ui5_key":"issueDatePickeretmportal.ui.managehandovers.view.DetailExecuteHO"}]}
RESULT: {"script":"<script> [1562 bytes]","args":[{"selector":{"id":"issueDatePicker","viewName":"etm.portal.ui.managehandovers.view.DetailExecuteHO","interaction":{"idSuffix":"inner"}},"wdio_ui5_key":"issueDatePickeretmportal.ui.managehandovers.view.DetailExecuteHO"}]}
RESULT: undefined
COMMAND: POST /session/0483d061f40becc12e3a8004d2d19577/execute/async - {"script":"<script> [776 bytes]","args":[{"enterText":"5/29/25","selector":{"id":"issueDatePicker","viewName":"etm.portal.ui.managehandovers.view.DetailExecuteHO","interaction":{"idSuffix":"inner"}},"clearTextFirst":true,"interactionType":"ENTER_TEXT"}]}
RESULT: {"script":"<script> [776 bytes]","args":[{"enterText":"5/29/25","selector":{"id":"issueDatePicker","viewName":"etm.portal.ui.managehandovers.view.DetailExecuteHO","interaction":{"idSuffix":"inner"}},"clearTextFirst":true,"interactionType":"ENTER_TEXT"}]}
COMMAND: POST /session/0483d061f40becc12e3a8004d2d19577/element - {"using":"xpath","value":"//button[@data-kt=\"PickingTableConfirmAllButton\"]"}
RESULT: {"using":"xpath","value":"//button[@data-kt=\"PickingTableConfirmAllButton\"]"}
COMMAND: POST /session/0483d061f40becc12e3a8004d2d19577/element/f.21909E599E196C0494D8E3CC232C3551.d.D3A727AD78A0B61621E432A8BDEE557D.e.21378/click - {}
RESULT: {}
COMMAND: GET /session/0483d061f40becc12e3a8004d2d19577/screenshot - {}
RESULT: {}
COMMAND: POST /session/0483d061f40becc12e3a8004d2d19577/element - {"using":"xpath","value":"//bdi[contains(text(), \"OK\")]"}
RESULT: {"using":"xpath","value":"//bdi[contains(text(), \"OK\")]"}
COMMAND: POST /session/0483d061f40becc12e3a8004d2d19577/element/f.21909E599E196C0494D8E3CC232C3551.d.D3A727AD78A0B61621E432A8BDEE557D.e.21381/click - {}
RESULT: {}
COMMAND: GET /session/0483d061f40becc12e3a8004d2d19577/screenshot - {}
RESULT: {}
COMMAND: POST /session/0483d061f40becc12e3a8004d2d19577/element - {"using":"xpath","value":"//bdi[contains(text(), \"Issue\")]"}
RESULT: {"using":"xpath","value":"//bdi[contains(text(), \"Issue\")]"}
COMMAND: POST /session/0483d061f40becc12e3a8004d2d19577/element/f.21909E599E196C0494D8E3CC232C3551.d.D3A727AD78A0B61621E432A8BDEE557D.e.21383/click - {}
RESULT: {}
COMMAND: GET /session/0483d061f40becc12e3a8004d2d19577/screenshot - {}
RESULT: {}
COMMAND: POST /session/0483d061f40becc12e3a8004d2d19577/element - {"using":"css selector","value":"#shell-header-logo"}
RESULT: {"using":"css selector","value":"#shell-header-logo"}
COMMAND: POST /session/0483d061f40becc12e3a8004d2d19577/element/f.21909E599E196C0494D8E3CC232C3551.d.D3A727AD78A0B61621E432A8BDEE557D.e.20564/click - {}
RESULT: {}
COMMAND: GET /session/0483d061f40becc12e3a8004d2d19577/screenshot - {}
RESULT: {}
]]></system-out>
    </testcase>
    <testcase classname="chrome.136_0_7103_93.windows.Create_Reverse_Billing_US127248" name="Should go navigate to Manage Billings and trigger contract calculation check result" time="66.582">
      <system-out><![CDATA[
COMMAND: POST /session/0483d061f40becc12e3a8004d2d19577/execute/async - {"script":"<script> [1562 bytes]","args":[{"selector":{"controlType":"sap.m.GenericTile","properties":{"header":"Manage Billings"}},"wdio_ui5_key":"sapm.GenericTile{\"header\":\"Manage Billings\"}"}]}
RESULT: {"script":"<script> [1562 bytes]","args":[{"selector":{"controlType":"sap.m.GenericTile","properties":{"header":"Manage Billings"}},"wdio_ui5_key":"sapm.GenericTile{\"header\":\"Manage Billings\"}"}]}
RESULT: undefined
COMMAND: POST /session/0483d061f40becc12e3a8004d2d19577/element - {"using":"xpath","value":"//*[@id=\"__tile51\"]"}
RESULT: {"using":"xpath","value":"//*[@id=\"__tile51\"]"}
COMMAND: POST /session/0483d061f40becc12e3a8004d2d19577/element/f.21909E599E196C0494D8E3CC232C3551.d.D3A727AD78A0B61621E432A8BDEE557D.e.18539/click - {}
RESULT: {}
COMMAND: GET /session/0483d061f40becc12e3a8004d2d19577/screenshot - {}
RESULT: {}
COMMAND: POST /session/0483d061f40becc12e3a8004d2d19577/elements - {"using":"xpath","value":"//span[text()='Error']"}
RESULT: {"using":"xpath","value":"//span[text()='Error']"}
COMMAND: POST /session/0483d061f40becc12e3a8004d2d19577/execute/async - {"script":"<script> [1562 bytes]","args":[{"selector":{"id":"application-managebillings-display-component---billRunCalcResult--smartFilterBar-btnBasicSearch","interaction":{"idSuffix":"I"}},"wdio_ui5_key":"applicationmanagebillings-display-component---billRunCalcResult--smartFilterBar-btnBasicSearch"}]}
RESULT: {"script":"<script> [1562 bytes]","args":[{"selector":{"id":"application-managebillings-display-component---billRunCalcResult--smartFilterBar-btnBasicSearch","interaction":{"idSuffix":"I"}},"wdio_ui5_key":"applicationmanagebillings-display-component---billRunCalcResult--smartFilterBar-btnBasicSearch"}]}
RESULT: undefined
COMMAND: POST /session/0483d061f40becc12e3a8004d2d19577/execute/async - {"script":"<script> [776 bytes]","args":[{"enterText":"10389","selector":{"id":"application-managebillings-display-component---billRunCalcResult--smartFilterBar-btnBasicSearch","interaction":{"idSuffix":"I"}},"clearTextFirst":true,"interactionType":"ENTER_TEXT"}]}
RESULT: {"script":"<script> [776 bytes]","args":[{"enterText":"10389","selector":{"id":"application-managebillings-display-component---billRunCalcResult--smartFilterBar-btnBasicSearch","interaction":{"idSuffix":"I"}},"clearTextFirst":true,"interactionType":"ENTER_TEXT"}]}
COMMAND: POST /session/0483d061f40becc12e3a8004d2d19577/actions - {"actions":[{"id":"action71","type":"key","parameters":{},"actions":[{"type":"keyDown","value":""},{"type":"pause","duration":10},{"type":"keyUp","value":""}]}]}
RESULT: {"actions":[{"id":"action71","type":"key","parameters":{},"actions":[{"type":"keyDown","value":""},{"type":"pause","duration":10},{"type":"keyUp","value":""}]}]}
COMMAND: GET /session/0483d061f40becc12e3a8004d2d19577/screenshot - {}
RESULT: {}
COMMAND: POST /session/0483d061f40becc12e3a8004d2d19577/element - {"using":"xpath","value":"//td[@aria-colindex=\"1\"]/div/div[contains(@class, \"sapMCbBg\")]"}
RESULT: {"using":"xpath","value":"//td[@aria-colindex=\"1\"]/div/div[contains(@class, \"sapMCbBg\")]"}
COMMAND: POST /session/0483d061f40becc12e3a8004d2d19577/element/f.21909E599E196C0494D8E3CC232C3551.d.D3A727AD78A0B61621E432A8BDEE557D.e.21775/click - {}
RESULT: {}
COMMAND: GET /session/0483d061f40becc12e3a8004d2d19577/screenshot - {}
RESULT: {}
COMMAND: POST /session/0483d061f40becc12e3a8004d2d19577/execute/async - {"script":"<script> [1562 bytes]","args":[{"selector":{"id":"application-managebillings-display-component---billRunCalcResult--contractBillRunDate","interaction":{"idSuffix":"inner"}},"wdio_ui5_key":"applicationmanagebillings-display-component---billRunCalcResult--contractBillRunDate"}]}
RESULT: {"script":"<script> [1562 bytes]","args":[{"selector":{"id":"application-managebillings-display-component---billRunCalcResult--contractBillRunDate","interaction":{"idSuffix":"inner"}},"wdio_ui5_key":"applicationmanagebillings-display-component---billRunCalcResult--contractBillRunDate"}]}
RESULT: undefined
COMMAND: POST /session/0483d061f40becc12e3a8004d2d19577/execute/async - {"script":"<script> [776 bytes]","args":[{"enterText":"6/29/25","selector":{"id":"application-managebillings-display-component---billRunCalcResult--contractBillRunDate","interaction":{"idSuffix":"inner"}},"clearTextFirst":true,"interactionType":"ENTER_TEXT"}]}
RESULT: {"script":"<script> [776 bytes]","args":[{"enterText":"6/29/25","selector":{"id":"application-managebillings-display-component---billRunCalcResult--contractBillRunDate","interaction":{"idSuffix":"inner"}},"clearTextFirst":true,"interactionType":"ENTER_TEXT"}]}
COMMAND: POST /session/0483d061f40becc12e3a8004d2d19577/element - {"using":"xpath","value":"//bdi[contains(text(), \"Trigger Calculation\")]"}
RESULT: {"using":"xpath","value":"//bdi[contains(text(), \"Trigger Calculation\")]"}
COMMAND: POST /session/0483d061f40becc12e3a8004d2d19577/element/f.21909E599E196C0494D8E3CC232C3551.d.D3A727AD78A0B61621E432A8BDEE557D.e.21901/click - {}
RESULT: {}
COMMAND: GET /session/0483d061f40becc12e3a8004d2d19577/screenshot - {}
RESULT: {}
COMMAND: POST /session/0483d061f40becc12e3a8004d2d19577/element - {"using":"xpath","value":"(//span[contains(@id, \"imgNav\")])[1]"}
RESULT: {"using":"xpath","value":"(//span[contains(@id, \"imgNav\")])[1]"}
COMMAND: POST /session/0483d061f40becc12e3a8004d2d19577/element/f.21909E599E196C0494D8E3CC232C3551.d.D3A727AD78A0B61621E432A8BDEE557D.e.21803/click - {}
RESULT: {}
COMMAND: GET /session/0483d061f40becc12e3a8004d2d19577/screenshot - {}
RESULT: {}
COMMAND: POST /session/0483d061f40becc12e3a8004d2d19577/element - {"using":"xpath","value":"//tr/td[6]/div[1]/span[1]/span[1]"}
RESULT: {"using":"xpath","value":"//tr/td[6]/div[1]/span[1]/span[1]"}
COMMAND: GET /session/0483d061f40becc12e3a8004d2d19577/element/f.21909E599E196C0494D8E3CC232C3551.d.D3A727AD78A0B61621E432A8BDEE557D.e.21905/text - {}
RESULT: {}
COMMAND: POST /session/0483d061f40becc12e3a8004d2d19577/element - {"using":"xpath","value":"(//span[contains(@id, \"imgNav\")])[2]"}
RESULT: {"using":"xpath","value":"(//span[contains(@id, \"imgNav\")])[2]"}
COMMAND: POST /session/0483d061f40becc12e3a8004d2d19577/element/f.21909E599E196C0494D8E3CC232C3551.d.D3A727AD78A0B61621E432A8BDEE557D.e.21906/click - {}
RESULT: {}
COMMAND: POST /session/0483d061f40becc12e3a8004d2d19577/element - {"using":"xpath","value":"//bdi[contains(text(), \"Business Confirm\")]"}
COMMAND: GET /session/0483d061f40becc12e3a8004d2d19577/screenshot - {}
RESULT: {"using":"xpath","value":"//bdi[contains(text(), \"Business Confirm\")]"}
COMMAND: POST /session/0483d061f40becc12e3a8004d2d19577/elements - {"using":"xpath","value":"//bdi[contains(text(), \"Business Confirm\")]"}
RESULT: {}
RESULT: {"using":"xpath","value":"//bdi[contains(text(), \"Business Confirm\")]"}
COMMAND: POST /session/0483d061f40becc12e3a8004d2d19577/elements - {"using":"xpath","value":"//bdi[contains(text(), \"Business Confirm\")]"}
RESULT: {"using":"xpath","value":"//bdi[contains(text(), \"Business Confirm\")]"}
COMMAND: POST /session/0483d061f40becc12e3a8004d2d19577/element - {"using":"xpath","value":"//bdi[contains(text(), \"Business Confirm\")]"}
RESULT: {"using":"xpath","value":"//bdi[contains(text(), \"Business Confirm\")]"}
COMMAND: POST /session/0483d061f40becc12e3a8004d2d19577/element/f.21909E599E196C0494D8E3CC232C3551.d.D3A727AD78A0B61621E432A8BDEE557D.e.21936/click - {}
RESULT: {}
COMMAND: POST /session/0483d061f40becc12e3a8004d2d19577/element - {"using":"css selector","value":"#shell-header-logo"}
COMMAND: GET /session/0483d061f40becc12e3a8004d2d19577/screenshot - {}
RESULT: {"using":"css selector","value":"#shell-header-logo"}
COMMAND: POST /session/0483d061f40becc12e3a8004d2d19577/element/f.21909E599E196C0494D8E3CC232C3551.d.D3A727AD78A0B61621E432A8BDEE557D.e.21565/click - {}
RESULT: {}
RESULT: {}
COMMAND: GET /session/0483d061f40becc12e3a8004d2d19577/screenshot - {}
RESULT: {}
]]></system-out>
    </testcase>
    <testcase classname="chrome.136_0_7103_93.windows.Create_Reverse_Billing_US127248" name="Should go into Billing Transfer and reverse the billing" time="38.363">
      <system-out><![CDATA[
COMMAND: POST /session/0483d061f40becc12e3a8004d2d19577/execute/async - {"script":"<script> [1562 bytes]","args":[{"selector":{"controlType":"sap.m.GenericTile","properties":{"header":"Billing Transfer"}},"wdio_ui5_key":"sapm.GenericTile{\"header\":\"Billing Transfer\"}"}]}
RESULT: {"script":"<script> [1562 bytes]","args":[{"selector":{"controlType":"sap.m.GenericTile","properties":{"header":"Billing Transfer"}},"wdio_ui5_key":"sapm.GenericTile{\"header\":\"Billing Transfer\"}"}]}
RESULT: undefined
COMMAND: POST /session/0483d061f40becc12e3a8004d2d19577/element - {"using":"xpath","value":"//*[@id=\"__tile50\"]"}
RESULT: {"using":"xpath","value":"//*[@id=\"__tile50\"]"}
COMMAND: POST /session/0483d061f40becc12e3a8004d2d19577/element/f.21909E599E196C0494D8E3CC232C3551.d.D3A727AD78A0B61621E432A8BDEE557D.e.18537/click - {}
RESULT: {}
COMMAND: GET /session/0483d061f40becc12e3a8004d2d19577/screenshot - {}
RESULT: {}
COMMAND: POST /session/0483d061f40becc12e3a8004d2d19577/elements - {"using":"xpath","value":"//span[text()='Error']"}
RESULT: {"using":"xpath","value":"//span[text()='Error']"}
COMMAND: POST /session/0483d061f40becc12e3a8004d2d19577/element - {"using":"xpath","value":"//input[contains(@id ,\"application-billingtransfer-display-component---billingWorkbench--smartFilterBar-btnBasicSearch\")]"}
RESULT: {"using":"xpath","value":"//input[contains(@id ,\"application-billingtransfer-display-component---billingWorkbench--smartFilterBar-btnBasicSearch\")]"}
COMMAND: POST /session/0483d061f40becc12e3a8004d2d19577/elements - {"using":"xpath","value":"//input[contains(@id ,\"application-billingtransfer-display-component---billingWorkbench--smartFilterBar-btnBasicSearch\")]"}
RESULT: {"using":"xpath","value":"//input[contains(@id ,\"application-billingtransfer-display-component---billingWorkbench--smartFilterBar-btnBasicSearch\")]"}
COMMAND: POST /session/0483d061f40becc12e3a8004d2d19577/execute/sync - {"script":"<script> [8489 bytes]","args":[{"element-6066-11e4-a52e-4f735466cecf":"f.21909E599E196C0494D8E3CC232C3551.d.D3A727AD78A0B61621E432A8BDEE557D.e.21979","ELEMENT":"f.21909E599E196C0494D8E3CC232C3551.d.D3A727AD78A0B61621E432A8BDEE557D.e.21979"}]}
RESULT: {"script":"<script> [8489 bytes]","args":[{"element-6066-11e4-a52e-4f735466cecf":"f.21909E599E196C0494D8E3CC232C3551.d.D3A727AD78A0B61621E432A8BDEE557D.e.21979","ELEMENT":"f.21909E599E196C0494D8E3CC232C3551.d.D3A727AD78A0B61621E432A8BDEE557D.e.21979"}]}
COMMAND: GET /session/0483d061f40becc12e3a8004d2d19577/element/f.21909E599E196C0494D8E3CC232C3551.d.D3A727AD78A0B61621E432A8BDEE557D.e.21979/enabled - {}
COMMAND: GET /session/0483d061f40becc12e3a8004d2d19577/screenshot - {}
RESULT: {}
COMMAND: POST /session/0483d061f40becc12e3a8004d2d19577/element/f.21909E599E196C0494D8E3CC232C3551.d.D3A727AD78A0B61621E432A8BDEE557D.e.21979/click - {}
COMMAND: GET /session/0483d061f40becc12e3a8004d2d19577/screenshot - {}
RESULT: {}
RESULT: {}
COMMAND: GET /session/0483d061f40becc12e3a8004d2d19577/screenshot - {}
RESULT: {}
RESULT: {}
COMMAND: POST /session/0483d061f40becc12e3a8004d2d19577/element/f.21909E599E196C0494D8E3CC232C3551.d.D3A727AD78A0B61621E432A8BDEE557D.e.21979/clear - {}
RESULT: {}
COMMAND: POST /session/0483d061f40becc12e3a8004d2d19577/element/f.21909E599E196C0494D8E3CC232C3551.d.D3A727AD78A0B61621E432A8BDEE557D.e.21979/value - {"text":"10389"}
COMMAND: GET /session/0483d061f40becc12e3a8004d2d19577/screenshot - {}
RESULT: {"text":"10389"}
COMMAND: POST /session/0483d061f40becc12e3a8004d2d19577/actions - {"actions":[{"id":"action72","type":"key","parameters":{},"actions":[{"type":"keyDown","value":""},{"type":"pause","duration":10},{"type":"keyUp","value":""}]}]}
COMMAND: GET /session/0483d061f40becc12e3a8004d2d19577/screenshot - {}
RESULT: {}
RESULT: {"actions":[{"id":"action72","type":"key","parameters":{},"actions":[{"type":"keyDown","value":""},{"type":"pause","duration":10},{"type":"keyUp","value":""}]}]}
COMMAND: GET /session/0483d061f40becc12e3a8004d2d19577/screenshot - {}
RESULT: {}
RESULT: {}
COMMAND: POST /session/0483d061f40becc12e3a8004d2d19577/element - {"using":"xpath","value":"//span[contains(@id ,\"application-billingtransfer-display-component---billingWorkbench--smartTableBillingRuns-header-inner\")]"}
RESULT: {"using":"xpath","value":"//span[contains(@id ,\"application-billingtransfer-display-component---billingWorkbench--smartTableBillingRuns-header-inner\")]"}
COMMAND: POST /session/0483d061f40becc12e3a8004d2d19577/elements - {"using":"xpath","value":"//span[contains(@id ,\"application-billingtransfer-display-component---billingWorkbench--smartTableBillingRuns-header-inner\")]"}
RESULT: {"using":"xpath","value":"//span[contains(@id ,\"application-billingtransfer-display-component---billingWorkbench--smartTableBillingRuns-header-inner\")]"}
COMMAND: POST /session/0483d061f40becc12e3a8004d2d19577/execute/sync - {"script":"<script> [56 bytes]","args":[{"element-6066-11e4-a52e-4f735466cecf":"f.21909E599E196C0494D8E3CC232C3551.d.D3A727AD78A0B61621E432A8BDEE557D.e.22356","ELEMENT":"f.21909E599E196C0494D8E3CC232C3551.d.D3A727AD78A0B61621E432A8BDEE557D.e.22356"}]}
RESULT: {"script":"<script> [56 bytes]","args":[{"element-6066-11e4-a52e-4f735466cecf":"f.21909E599E196C0494D8E3CC232C3551.d.D3A727AD78A0B61621E432A8BDEE557D.e.22356","ELEMENT":"f.21909E599E196C0494D8E3CC232C3551.d.D3A727AD78A0B61621E432A8BDEE557D.e.22356"}]}
COMMAND: POST /session/0483d061f40becc12e3a8004d2d19577/element - {"using":"xpath","value":"//td[@aria-colindex=\"1\"]/div/div[contains(@class, \"sapMCbBg\")]"}
COMMAND: GET /session/0483d061f40becc12e3a8004d2d19577/screenshot - {}
RESULT: {"using":"xpath","value":"//td[@aria-colindex=\"1\"]/div/div[contains(@class, \"sapMCbBg\")]"}
COMMAND: POST /session/0483d061f40becc12e3a8004d2d19577/element/f.21909E599E196C0494D8E3CC232C3551.d.D3A727AD78A0B61621E432A8BDEE557D.e.22348/click - {}
RESULT: {}
RESULT: {}
COMMAND: GET /session/0483d061f40becc12e3a8004d2d19577/screenshot - {}
RESULT: {}
COMMAND: POST /session/0483d061f40becc12e3a8004d2d19577/element - {"using":"xpath","value":"//bdi[contains(text(), \"Reverse\")]"}
RESULT: {"using":"xpath","value":"//bdi[contains(text(), \"Reverse\")]"}
COMMAND: POST /session/0483d061f40becc12e3a8004d2d19577/element/f.21909E599E196C0494D8E3CC232C3551.d.D3A727AD78A0B61621E432A8BDEE557D.e.22357/click - {}
RESULT: {}
COMMAND: GET /session/0483d061f40becc12e3a8004d2d19577/screenshot - {}
COMMAND: POST /session/0483d061f40becc12e3a8004d2d19577/element - {"using":"xpath","value":"//input[contains(@id ,\"application-billingtransfer-display-component---billingWorkbench--smartFilterBar-btnBasicSearch\")]"}
RESULT: {}
RESULT: {"using":"xpath","value":"//input[contains(@id ,\"application-billingtransfer-display-component---billingWorkbench--smartFilterBar-btnBasicSearch\")]"}
COMMAND: POST /session/0483d061f40becc12e3a8004d2d19577/elements - {"using":"xpath","value":"//input[contains(@id ,\"application-billingtransfer-display-component---billingWorkbench--smartFilterBar-btnBasicSearch\")]"}
RESULT: {"using":"xpath","value":"//input[contains(@id ,\"application-billingtransfer-display-component---billingWorkbench--smartFilterBar-btnBasicSearch\")]"}
COMMAND: POST /session/0483d061f40becc12e3a8004d2d19577/execute/sync - {"script":"<script> [8489 bytes]","args":[{"element-6066-11e4-a52e-4f735466cecf":"f.21909E599E196C0494D8E3CC232C3551.d.D3A727AD78A0B61621E432A8BDEE557D.e.21979","ELEMENT":"f.21909E599E196C0494D8E3CC232C3551.d.D3A727AD78A0B61621E432A8BDEE557D.e.21979"}]}
RESULT: {"script":"<script> [8489 bytes]","args":[{"element-6066-11e4-a52e-4f735466cecf":"f.21909E599E196C0494D8E3CC232C3551.d.D3A727AD78A0B61621E432A8BDEE557D.e.21979","ELEMENT":"f.21909E599E196C0494D8E3CC232C3551.d.D3A727AD78A0B61621E432A8BDEE557D.e.21979"}]}
COMMAND: GET /session/0483d061f40becc12e3a8004d2d19577/element/f.21909E599E196C0494D8E3CC232C3551.d.D3A727AD78A0B61621E432A8BDEE557D.e.21979/enabled - {}
COMMAND: GET /session/0483d061f40becc12e3a8004d2d19577/screenshot - {}
RESULT: {}
COMMAND: POST /session/0483d061f40becc12e3a8004d2d19577/element/f.21909E599E196C0494D8E3CC232C3551.d.D3A727AD78A0B61621E432A8BDEE557D.e.21979/click - {}
COMMAND: GET /session/0483d061f40becc12e3a8004d2d19577/screenshot - {}
RESULT: {}
RESULT: {}
COMMAND: GET /session/0483d061f40becc12e3a8004d2d19577/screenshot - {}
RESULT: {}
RESULT: {}
COMMAND: POST /session/0483d061f40becc12e3a8004d2d19577/element/f.21909E599E196C0494D8E3CC232C3551.d.D3A727AD78A0B61621E432A8BDEE557D.e.21979/clear - {}
RESULT: {}
COMMAND: POST /session/0483d061f40becc12e3a8004d2d19577/element/f.21909E599E196C0494D8E3CC232C3551.d.D3A727AD78A0B61621E432A8BDEE557D.e.21979/value - {"text":"10389"}
COMMAND: GET /session/0483d061f40becc12e3a8004d2d19577/screenshot - {}
RESULT: {"text":"10389"}
COMMAND: POST /session/0483d061f40becc12e3a8004d2d19577/actions - {"actions":[{"id":"action73","type":"key","parameters":{},"actions":[{"type":"keyDown","value":""},{"type":"pause","duration":10},{"type":"keyUp","value":""}]}]}
COMMAND: GET /session/0483d061f40becc12e3a8004d2d19577/screenshot - {}
RESULT: {}
RESULT: {"actions":[{"id":"action73","type":"key","parameters":{},"actions":[{"type":"keyDown","value":""},{"type":"pause","duration":10},{"type":"keyUp","value":""}]}]}
COMMAND: GET /session/0483d061f40becc12e3a8004d2d19577/screenshot - {}
RESULT: {}
RESULT: {}
COMMAND: POST /session/0483d061f40becc12e3a8004d2d19577/element - {"using":"xpath","value":"//span[contains(@id ,\"application-billingtransfer-display-component---billingWorkbench--smartTableBillingRuns-header-inner\")]"}
RESULT: {"using":"xpath","value":"//span[contains(@id ,\"application-billingtransfer-display-component---billingWorkbench--smartTableBillingRuns-header-inner\")]"}
COMMAND: POST /session/0483d061f40becc12e3a8004d2d19577/elements - {"using":"xpath","value":"//span[contains(@id ,\"application-billingtransfer-display-component---billingWorkbench--smartTableBillingRuns-header-inner\")]"}
RESULT: {"using":"xpath","value":"//span[contains(@id ,\"application-billingtransfer-display-component---billingWorkbench--smartTableBillingRuns-header-inner\")]"}
COMMAND: POST /session/0483d061f40becc12e3a8004d2d19577/execute/sync - {"script":"<script> [56 bytes]","args":[{"element-6066-11e4-a52e-4f735466cecf":"f.21909E599E196C0494D8E3CC232C3551.d.D3A727AD78A0B61621E432A8BDEE557D.e.22356","ELEMENT":"f.21909E599E196C0494D8E3CC232C3551.d.D3A727AD78A0B61621E432A8BDEE557D.e.22356"}]}
RESULT: {"script":"<script> [56 bytes]","args":[{"element-6066-11e4-a52e-4f735466cecf":"f.21909E599E196C0494D8E3CC232C3551.d.D3A727AD78A0B61621E432A8BDEE557D.e.22356","ELEMENT":"f.21909E599E196C0494D8E3CC232C3551.d.D3A727AD78A0B61621E432A8BDEE557D.e.22356"}]}
COMMAND: POST /session/0483d061f40becc12e3a8004d2d19577/element - {"using":"css selector","value":"#shell-header-logo"}
COMMAND: GET /session/0483d061f40becc12e3a8004d2d19577/screenshot - {}
RESULT: {"using":"css selector","value":"#shell-header-logo"}
COMMAND: POST /session/0483d061f40becc12e3a8004d2d19577/element/f.21909E599E196C0494D8E3CC232C3551.d.D3A727AD78A0B61621E432A8BDEE557D.e.21977/click - {}
RESULT: {}
RESULT: {}
COMMAND: GET /session/0483d061f40becc12e3a8004d2d19577/screenshot - {}
RESULT: {}
COMMAND: DELETE /session/0483d061f40becc12e3a8004d2d19577 - {}
RESULT: {}
]]></system-out>
    </testcase>
  </testsuite>
</testsuites>