<?xml version="1.0" encoding="UTF-8"?>
<testsuites tests="12" failures="1" errors="1" skipped="0">
  <testsuite timestamp="2025-06-13T16:36:39" time="563.565" tests="5" failures="0" errors="0" skipped="0">
    <properties>
      <property name="specId" value="0"/>
      <property name="suiteName" value="Warehouse movements inventory test"/>
      <property name="capabilities" value="chrome.137_0_7151_69.windows"/>
      <property name="file" value="file:///D:/a/1/s/test/specs/HTR/smoke-warehouse-movements-inventory.js"/>
    </properties>
    <testcase classname="chrome.137_0_7151_69.windows.Warehouse_movements_inventory_test" name="Should create a new WHM yard" time="148.447">
      <system-out><![CDATA[
COMMAND: POST /session/be50de500220529a90eff0d24b8b5426/execute/async - {"script":"<script> [1562 bytes]","args":[{"selector":{"controlType":"sap.m.GenericTile","properties":{"header":"Manage Yards"}},"wdio_ui5_key":"sapm.GenericTile{\"header\":\"Manage Yards\"}"}]}
RESULT: {"script":"<script> [1562 bytes]","args":[{"selector":{"controlType":"sap.m.GenericTile","properties":{"header":"Manage Yards"}},"wdio_ui5_key":"sapm.GenericTile{\"header\":\"Manage Yards\"}"}]}
RESULT: undefined
COMMAND: POST /session/be50de500220529a90eff0d24b8b5426/element - {"using":"xpath","value":"//*[@id=\"__tile42\"]"}
RESULT: {"using":"xpath","value":"//*[@id=\"__tile42\"]"}
COMMAND: POST /session/be50de500220529a90eff0d24b8b5426/element/f.4C5E4E1008D2628DB27BF09AD41CA3B4.d.3DFE79C70FCA74022A1041B6276240EB.e.118/click - {}
RESULT: {}
COMMAND: GET /session/be50de500220529a90eff0d24b8b5426/screenshot - {}
RESULT: {}
COMMAND: POST /session/be50de500220529a90eff0d24b8b5426/elements - {"using":"xpath","value":"//span[text()='Error']"}
RESULT: {"using":"xpath","value":"//span[text()='Error']"}
COMMAND: POST /session/be50de500220529a90eff0d24b8b5426/execute/async - {"script":"<script> [1562 bytes]","args":[{"selector":{"controlType":"sap.ui.core.Icon","viewName":"etm.portal.ui.manageyards.view.Master","viewId":"application-manageyards-display-component---masterYard","properties":{"src":{"regex":{"source":"add"}}}},"wdio_ui5_key":"etmportal.ui.manageyards.view.Mastersap.ui.core.Icon{\"src\":{\"regex\":{\"source\":\"add\"}}}"}]}
RESULT: {"script":"<script> [1562 bytes]","args":[{"selector":{"controlType":"sap.ui.core.Icon","viewName":"etm.portal.ui.manageyards.view.Master","viewId":"application-manageyards-display-component---masterYard","properties":{"src":{"regex":{"source":"add"}}}},"wdio_ui5_key":"etmportal.ui.manageyards.view.Mastersap.ui.core.Icon{\"src\":{\"regex\":{\"source\":\"add\"}}}"}]}
RESULT: undefined
COMMAND: POST /session/be50de500220529a90eff0d24b8b5426/element - {"using":"xpath","value":"//*[@id=\"__button4-img\"]"}
RESULT: {"using":"xpath","value":"//*[@id=\"__button4-img\"]"}
COMMAND: POST /session/be50de500220529a90eff0d24b8b5426/element/f.4C5E4E1008D2628DB27BF09AD41CA3B4.d.3DFE79C70FCA74022A1041B6276240EB.e.165/click - {}
RESULT: {}
COMMAND: GET /session/be50de500220529a90eff0d24b8b5426/screenshot - {}
RESULT: {}
COMMAND: POST /session/be50de500220529a90eff0d24b8b5426/execute/async - {"script":"<script> [1562 bytes]","args":[{"selector":{"id":"application-manageyards-display-component---NewYard--yardId","interaction":{"idSuffix":"inner"}},"wdio_ui5_key":"applicationmanageyards-display-component---NewYard--yardId"}]}
RESULT: {"script":"<script> [1562 bytes]","args":[{"selector":{"id":"application-manageyards-display-component---NewYard--yardId","interaction":{"idSuffix":"inner"}},"wdio_ui5_key":"applicationmanageyards-display-component---NewYard--yardId"}]}
RESULT: undefined
COMMAND: POST /session/be50de500220529a90eff0d24b8b5426/element - {"using":"xpath","value":"//*[@id=\"application-manageyards-display-component---NewYard--addressDetailDetailsName1-inner\"]"}
RESULT: {"using":"xpath","value":"//*[@id=\"application-manageyards-display-component---NewYard--addressDetailDetailsName1-inner\"]"}
COMMAND: POST /session/be50de500220529a90eff0d24b8b5426/element/f.4C5E4E1008D2628DB27BF09AD41CA3B4.d.3DFE79C70FCA74022A1041B6276240EB.e.382/clear - {}
RESULT: {}
COMMAND: POST /session/be50de500220529a90eff0d24b8b5426/element/f.4C5E4E1008D2628DB27BF09AD41CA3B4.d.3DFE79C70FCA74022A1041B6276240EB.e.382/value - {"text":"WebdriverWHMYard9tt2fh"}
COMMAND: GET /session/be50de500220529a90eff0d24b8b5426/screenshot - {}
RESULT: {"text":"WebdriverWHMYard9tt2fh"}
COMMAND: POST /session/be50de500220529a90eff0d24b8b5426/element - {"using":"xpath","value":"//*[@id=\"application-manageyards-display-component---NewYard--addressDetailDetailsLanguage-inner\"]"}
COMMAND: GET /session/be50de500220529a90eff0d24b8b5426/screenshot - {}
RESULT: {}
RESULT: {"using":"xpath","value":"//*[@id=\"application-manageyards-display-component---NewYard--addressDetailDetailsLanguage-inner\"]"}
COMMAND: POST /session/be50de500220529a90eff0d24b8b5426/element/f.4C5E4E1008D2628DB27BF09AD41CA3B4.d.3DFE79C70FCA74022A1041B6276240EB.e.383/clear - {}
RESULT: {}
RESULT: {}
COMMAND: POST /session/be50de500220529a90eff0d24b8b5426/element/f.4C5E4E1008D2628DB27BF09AD41CA3B4.d.3DFE79C70FCA74022A1041B6276240EB.e.383/value - {"text":"Romanian"}
COMMAND: GET /session/be50de500220529a90eff0d24b8b5426/screenshot - {}
RESULT: {"text":"Romanian"}
COMMAND: POST /session/be50de500220529a90eff0d24b8b5426/element - {"using":"xpath","value":"//input[contains(@id ,\"application-manageyards-display-component---NewYard--addressDetailDetailsName1-inner\")]"}
COMMAND: GET /session/be50de500220529a90eff0d24b8b5426/screenshot - {}
RESULT: {}
RESULT: {"using":"xpath","value":"//input[contains(@id ,\"application-manageyards-display-component---NewYard--addressDetailDetailsName1-inner\")]"}
COMMAND: GET /session/be50de500220529a90eff0d24b8b5426/element/f.4C5E4E1008D2628DB27BF09AD41CA3B4.d.3DFE79C70FCA74022A1041B6276240EB.e.382/property/value - {}
RESULT: {}
RESULT: {}
COMMAND: GET /session/be50de500220529a90eff0d24b8b5426/screenshot - {}
RESULT: {}
COMMAND: POST /session/be50de500220529a90eff0d24b8b5426/element - {"using":"xpath","value":"//*[@id=\"application-manageyards-display-component---NewYard--addressDetailDetailsCity1-inner\"]"}
RESULT: {"using":"xpath","value":"//*[@id=\"application-manageyards-display-component---NewYard--addressDetailDetailsCity1-inner\"]"}
COMMAND: POST /session/be50de500220529a90eff0d24b8b5426/element/f.4C5E4E1008D2628DB27BF09AD41CA3B4.d.3DFE79C70FCA74022A1041B6276240EB.e.385/clear - {}
RESULT: {}
COMMAND: POST /session/be50de500220529a90eff0d24b8b5426/element/f.4C5E4E1008D2628DB27BF09AD41CA3B4.d.3DFE79C70FCA74022A1041B6276240EB.e.385/value - {"text":"Bucuresti"}
COMMAND: GET /session/be50de500220529a90eff0d24b8b5426/screenshot - {}
RESULT: {"text":"Bucuresti"}
COMMAND: GET /session/be50de500220529a90eff0d24b8b5426/screenshot - {}
RESULT: {}
RESULT: {}
COMMAND: POST /session/be50de500220529a90eff0d24b8b5426/element - {"using":"xpath","value":"//*[@id=\"application-manageyards-display-component---NewYard--addressDetailDetailsCountry-inner\"]"}
RESULT: {"using":"xpath","value":"//*[@id=\"application-manageyards-display-component---NewYard--addressDetailDetailsCountry-inner\"]"}
COMMAND: POST /session/be50de500220529a90eff0d24b8b5426/element/f.4C5E4E1008D2628DB27BF09AD41CA3B4.d.3DFE79C70FCA74022A1041B6276240EB.e.389/clear - {}
RESULT: {}
COMMAND: POST /session/be50de500220529a90eff0d24b8b5426/element/f.4C5E4E1008D2628DB27BF09AD41CA3B4.d.3DFE79C70FCA74022A1041B6276240EB.e.389/value - {"text":"Romania"}
COMMAND: GET /session/be50de500220529a90eff0d24b8b5426/screenshot - {}
RESULT: {"text":"Romania"}
COMMAND: GET /session/be50de500220529a90eff0d24b8b5426/screenshot - {}
RESULT: {}
RESULT: {}
COMMAND: POST /session/be50de500220529a90eff0d24b8b5426/execute/async - {"script":"<script> [1562 bytes]","args":[{"selector":{"controlType":"sap.m.Button","viewName":"etm.portal.ui.manageyards.view.New","viewId":"application-manageyards-display-component---NewYard","properties":{"text":"Commercial"},"interaction":{"idSuffix":"BDI-content"}},"wdio_ui5_key":"etmportal.ui.manageyards.view.Newsap.m.Button{\"text\":\"Commercial\"}"}]}
RESULT: {"script":"<script> [1562 bytes]","args":[{"selector":{"controlType":"sap.m.Button","viewName":"etm.portal.ui.manageyards.view.New","viewId":"application-manageyards-display-component---NewYard","properties":{"text":"Commercial"},"interaction":{"idSuffix":"BDI-content"}},"wdio_ui5_key":"etmportal.ui.manageyards.view.Newsap.m.Button{\"text\":\"Commercial\"}"}]}
RESULT: undefined
COMMAND: POST /session/be50de500220529a90eff0d24b8b5426/element - {"using":"xpath","value":"//*[@id=\"application-manageyards-display-component---NewYard--ObjectPageLayout-anchBar-__section5-anchor\"]"}
RESULT: {"using":"xpath","value":"//*[@id=\"application-manageyards-display-component---NewYard--ObjectPageLayout-anchBar-__section5-anchor\"]"}
COMMAND: POST /session/be50de500220529a90eff0d24b8b5426/element/f.4C5E4E1008D2628DB27BF09AD41CA3B4.d.3DFE79C70FCA74022A1041B6276240EB.e.578/click - {}
RESULT: {}
COMMAND: GET /session/be50de500220529a90eff0d24b8b5426/screenshot - {}
RESULT: {}
COMMAND: POST /session/be50de500220529a90eff0d24b8b5426/element - {"using":"xpath","value":"//div[contains(text(), \"Commercial\")]"}
RESULT: {"using":"xpath","value":"//div[contains(text(), \"Commercial\")]"}
COMMAND: GET /session/be50de500220529a90eff0d24b8b5426/element/f.4C5E4E1008D2628DB27BF09AD41CA3B4.d.3DFE79C70FCA74022A1041B6276240EB.e.588/rect - {}
RESULT: {}
COMMAND: GET /session/be50de500220529a90eff0d24b8b5426/window/rect - {}
RESULT: {}
COMMAND: POST /session/be50de500220529a90eff0d24b8b5426/execute/sync - {"script":"<script> [92 bytes]","args":[]}
RESULT: {"script":"<script> [92 bytes]","args":[]}
COMMAND: POST /session/be50de500220529a90eff0d24b8b5426/actions - {"actions":[{"id":"action1","type":"wheel","parameters":{},"actions":[{"type":"scroll","x":-1841,"y":-44,"deltaX":0,"deltaY":0,"duration":0,"origin":{"element-6066-11e4-a52e-4f735466cecf":"f.4C5E4E1008D2628DB27BF09AD41CA3B4.d.3DFE79C70FCA74022A1041B6276240EB.e.588"}}]}]}
COMMAND: GET /session/be50de500220529a90eff0d24b8b5426/screenshot - {}
RESULT: {}
COMMAND: POST /session/be50de500220529a90eff0d24b8b5426/execute/sync - {"script":"<script> [79 bytes]","args":[{"element-6066-11e4-a52e-4f735466cecf":"f.4C5E4E1008D2628DB27BF09AD41CA3B4.d.3DFE79C70FCA74022A1041B6276240EB.e.588","ELEMENT":"f.4C5E4E1008D2628DB27BF09AD41CA3B4.d.3DFE79C70FCA74022A1041B6276240EB.e.588"},{"block":"start","inline":"nearest"}]}
RESULT: {"script":"<script> [79 bytes]","args":[{"element-6066-11e4-a52e-4f735466cecf":"f.4C5E4E1008D2628DB27BF09AD41CA3B4.d.3DFE79C70FCA74022A1041B6276240EB.e.588","ELEMENT":"f.4C5E4E1008D2628DB27BF09AD41CA3B4.d.3DFE79C70FCA74022A1041B6276240EB.e.588"},{"block":"start","inline":"nearest"}]}
COMMAND: GET /session/be50de500220529a90eff0d24b8b5426/screenshot - {}
RESULT: {}
COMMAND: POST /session/be50de500220529a90eff0d24b8b5426/execute/async - {"script":"<script> [1562 bytes]","args":[{"selector":{"id":"application-manageyards-display-component---NewYard--addressEditDetailsCostObjectCstType-arrow"},"wdio_ui5_key":"applicationmanageyards-display-component---NewYard--addressEditDetailsCostObjectCstType-arrow"}]}
RESULT: {"script":"<script> [1562 bytes]","args":[{"selector":{"id":"application-manageyards-display-component---NewYard--addressEditDetailsCostObjectCstType-arrow"},"wdio_ui5_key":"applicationmanageyards-display-component---NewYard--addressEditDetailsCostObjectCstType-arrow"}]}
RESULT: undefined
COMMAND: POST /session/be50de500220529a90eff0d24b8b5426/element - {"using":"xpath","value":"//*[@id=\"application-manageyards-display-component---NewYard--addressEditDetailsCostObjectCstType-arrow\"]"}
RESULT: {"using":"xpath","value":"//*[@id=\"application-manageyards-display-component---NewYard--addressEditDetailsCostObjectCstType-arrow\"]"}
COMMAND: POST /session/be50de500220529a90eff0d24b8b5426/element/f.4C5E4E1008D2628DB27BF09AD41CA3B4.d.3DFE79C70FCA74022A1041B6276240EB.e.589/click - {}
RESULT: {}
COMMAND: POST /session/be50de500220529a90eff0d24b8b5426/element - {"using":"xpath","value":"//span[contains(text(), \"Cost Center\")]"}
COMMAND: GET /session/be50de500220529a90eff0d24b8b5426/screenshot - {}
RESULT: {"using":"xpath","value":"//span[contains(text(), \"Cost Center\")]"}
COMMAND: POST /session/be50de500220529a90eff0d24b8b5426/element/f.4C5E4E1008D2628DB27BF09AD41CA3B4.d.3DFE79C70FCA74022A1041B6276240EB.e.590/click - {}
RESULT: {}
RESULT: {}
COMMAND: GET /session/be50de500220529a90eff0d24b8b5426/screenshot - {}
RESULT: {}
COMMAND: POST /session/be50de500220529a90eff0d24b8b5426/execute/async - {"script":"<script> [1562 bytes]","args":[{"selector":{"id":"application-manageyards-display-component---NewYard--addressNewCostObjectCstID-vhi"},"wdio_ui5_key":"applicationmanageyards-display-component---NewYard--addressNewCostObjectCstID-vhi"}]}
RESULT: {"script":"<script> [1562 bytes]","args":[{"selector":{"id":"application-manageyards-display-component---NewYard--addressNewCostObjectCstID-vhi"},"wdio_ui5_key":"applicationmanageyards-display-component---NewYard--addressNewCostObjectCstID-vhi"}]}
RESULT: undefined
COMMAND: POST /session/be50de500220529a90eff0d24b8b5426/element - {"using":"xpath","value":"//*[@id=\"application-manageyards-display-component---NewYard--addressNewCostObjectCstID-vhi\"]"}
RESULT: {"using":"xpath","value":"//*[@id=\"application-manageyards-display-component---NewYard--addressNewCostObjectCstID-vhi\"]"}
COMMAND: POST /session/be50de500220529a90eff0d24b8b5426/element/f.4C5E4E1008D2628DB27BF09AD41CA3B4.d.3DFE79C70FCA74022A1041B6276240EB.e.594/click - {}
RESULT: {}
COMMAND: GET /session/be50de500220529a90eff0d24b8b5426/screenshot - {}
RESULT: {}
COMMAND: POST /session/be50de500220529a90eff0d24b8b5426/execute/async - {"script":"<script> [1562 bytes]","args":[{"selector":{"controlType":"sap.m.SearchField","properties":{"placeholder":"Search"},"searchOpenDialogs":true,"interaction":{"idSuffix":"I"}},"wdio_ui5_key":"sapm.SearchField{\"placeholder\":\"Search\"}"}]}
RESULT: {"script":"<script> [1562 bytes]","args":[{"selector":{"controlType":"sap.m.SearchField","properties":{"placeholder":"Search"},"searchOpenDialogs":true,"interaction":{"idSuffix":"I"}},"wdio_ui5_key":"sapm.SearchField{\"placeholder\":\"Search\"}"}]}
RESULT: undefined
COMMAND: POST /session/be50de500220529a90eff0d24b8b5426/execute/async - {"script":"<script> [776 bytes]","args":[{"enterText":"10001013","selector":{"controlType":"sap.m.SearchField","properties":{"placeholder":"Search"},"searchOpenDialogs":true,"interaction":{"idSuffix":"I"}},"clearTextFirst":true,"interactionType":"ENTER_TEXT"}]}
RESULT: {"script":"<script> [776 bytes]","args":[{"enterText":"10001013","selector":{"controlType":"sap.m.SearchField","properties":{"placeholder":"Search"},"searchOpenDialogs":true,"interaction":{"idSuffix":"I"}},"clearTextFirst":true,"interactionType":"ENTER_TEXT"}]}
COMMAND: POST /session/be50de500220529a90eff0d24b8b5426/actions - {"actions":[{"id":"action2","type":"key","parameters":{},"actions":[{"type":"keyDown","value":""},{"type":"pause","duration":10},{"type":"keyUp","value":""}]}]}
RESULT: {"actions":[{"id":"action2","type":"key","parameters":{},"actions":[{"type":"keyDown","value":""},{"type":"pause","duration":10},{"type":"keyUp","value":""}]}]}
COMMAND: GET /session/be50de500220529a90eff0d24b8b5426/screenshot - {}
RESULT: {}
COMMAND: POST /session/be50de500220529a90eff0d24b8b5426/element - {"using":"xpath","value":"//span[contains(text(), \"General Management\")]"}
RESULT: {"using":"xpath","value":"//span[contains(text(), \"General Management\")]"}
COMMAND: POST /session/be50de500220529a90eff0d24b8b5426/element/f.4C5E4E1008D2628DB27BF09AD41CA3B4.d.3DFE79C70FCA74022A1041B6276240EB.e.636/click - {}
RESULT: {}
COMMAND: GET /session/be50de500220529a90eff0d24b8b5426/screenshot - {}
RESULT: {}
COMMAND: POST /session/be50de500220529a90eff0d24b8b5426/element - {"using":"xpath","value":"//bdi[contains(text(), \"OK\")]"}
RESULT: {"using":"xpath","value":"//bdi[contains(text(), \"OK\")]"}
COMMAND: POST /session/be50de500220529a90eff0d24b8b5426/element/f.4C5E4E1008D2628DB27BF09AD41CA3B4.d.3DFE79C70FCA74022A1041B6276240EB.e.637/click - {}
RESULT: {}
COMMAND: GET /session/be50de500220529a90eff0d24b8b5426/screenshot - {}
RESULT: {}
COMMAND: POST /session/be50de500220529a90eff0d24b8b5426/execute/async - {"script":"<script> [1562 bytes]","args":[{"selector":{"id":"application-manageyards-display-component---NewYard--addressEditDetailsCurrency","interaction":{"idSuffix":"inner"}},"wdio_ui5_key":"applicationmanageyards-display-component---NewYard--addressEditDetailsCurrency"}]}
RESULT: {"script":"<script> [1562 bytes]","args":[{"selector":{"id":"application-manageyards-display-component---NewYard--addressEditDetailsCurrency","interaction":{"idSuffix":"inner"}},"wdio_ui5_key":"applicationmanageyards-display-component---NewYard--addressEditDetailsCurrency"}]}
RESULT: undefined
COMMAND: POST /session/be50de500220529a90eff0d24b8b5426/execute/async - {"script":"<script> [776 bytes]","args":[{"enterText":"Euro","selector":{"id":"application-manageyards-display-component---NewYard--addressEditDetailsCurrency","interaction":{"idSuffix":"inner"}},"clearTextFirst":true,"interactionType":"ENTER_TEXT"}]}
RESULT: {"script":"<script> [776 bytes]","args":[{"enterText":"Euro","selector":{"id":"application-manageyards-display-component---NewYard--addressEditDetailsCurrency","interaction":{"idSuffix":"inner"}},"clearTextFirst":true,"interactionType":"ENTER_TEXT"}]}
COMMAND: POST /session/be50de500220529a90eff0d24b8b5426/execute/async - {"script":"<script> [1562 bytes]","args":[{"selector":{"controlType":"sap.m.Input","viewName":"etm.portal.ui.manageyards.view.New","viewId":"application-manageyards-display-component---NewYard","bindingPath":{"path":"","propertyPath":"/CONTROLLING_AREA","modelName":"NewYardModel"},"interaction":{"idSuffix":"inner"}},"wdio_ui5_key":"etmportal.ui.manageyards.view.Newsap.m.Input{\"path\":\"\",\"propertyPath\":\"/CONTROLLING_AREA\",\"modelName\":\"NewYardModel\"}"}]}
RESULT: {"script":"<script> [1562 bytes]","args":[{"selector":{"controlType":"sap.m.Input","viewName":"etm.portal.ui.manageyards.view.New","viewId":"application-manageyards-display-component---NewYard","bindingPath":{"path":"","propertyPath":"/CONTROLLING_AREA","modelName":"NewYardModel"},"interaction":{"idSuffix":"inner"}},"wdio_ui5_key":"etmportal.ui.manageyards.view.Newsap.m.Input{\"path\":\"\",\"propertyPath\":\"/CONTROLLING_AREA\",\"modelName\":\"NewYardModel\"}"}]}
RESULT: undefined
COMMAND: POST /session/be50de500220529a90eff0d24b8b5426/execute/async - {"script":"<script> [776 bytes]","args":[{"enterText":"Z001","selector":{"controlType":"sap.m.Input","viewName":"etm.portal.ui.manageyards.view.New","viewId":"application-manageyards-display-component---NewYard","bindingPath":{"path":"","propertyPath":"/CONTROLLING_AREA","modelName":"NewYardModel"},"interaction":{"idSuffix":"inner"}},"clearTextFirst":true,"interactionType":"ENTER_TEXT"}]}
RESULT: {"script":"<script> [776 bytes]","args":[{"enterText":"Z001","selector":{"controlType":"sap.m.Input","viewName":"etm.portal.ui.manageyards.view.New","viewId":"application-manageyards-display-component---NewYard","bindingPath":{"path":"","propertyPath":"/CONTROLLING_AREA","modelName":"NewYardModel"},"interaction":{"idSuffix":"inner"}},"clearTextFirst":true,"interactionType":"ENTER_TEXT"}]}
COMMAND: POST /session/be50de500220529a90eff0d24b8b5426/execute/async - {"script":"<script> [1562 bytes]","args":[{"selector":{"id":"application-manageyards-display-component---NewYard--companyCodeComboBox","interaction":{"idSuffix":"inner"}},"wdio_ui5_key":"applicationmanageyards-display-component---NewYard--companyCodeComboBox"}]}
RESULT: {"script":"<script> [1562 bytes]","args":[{"selector":{"id":"application-manageyards-display-component---NewYard--companyCodeComboBox","interaction":{"idSuffix":"inner"}},"wdio_ui5_key":"applicationmanageyards-display-component---NewYard--companyCodeComboBox"}]}
RESULT: undefined
COMMAND: POST /session/be50de500220529a90eff0d24b8b5426/execute/async - {"script":"<script> [776 bytes]","args":[{"enterText":"1000","selector":{"id":"application-manageyards-display-component---NewYard--companyCodeComboBox","interaction":{"idSuffix":"inner"}},"clearTextFirst":true,"interactionType":"ENTER_TEXT"}]}
RESULT: {"script":"<script> [776 bytes]","args":[{"enterText":"1000","selector":{"id":"application-manageyards-display-component---NewYard--companyCodeComboBox","interaction":{"idSuffix":"inner"}},"clearTextFirst":true,"interactionType":"ENTER_TEXT"}]}
COMMAND: POST /session/be50de500220529a90eff0d24b8b5426/actions - {"actions":[{"id":"action3","type":"key","parameters":{},"actions":[{"type":"keyDown","value":""},{"type":"pause","duration":10},{"type":"keyUp","value":""}]}]}
RESULT: {"actions":[{"id":"action3","type":"key","parameters":{},"actions":[{"type":"keyDown","value":""},{"type":"pause","duration":10},{"type":"keyUp","value":""}]}]}
COMMAND: POST /session/be50de500220529a90eff0d24b8b5426/execute/async - {"script":"<script> [1562 bytes]","args":[{"selector":{"controlType":"sap.m.Input","viewName":"etm.portal.ui.manageyards.view.New","viewId":"application-manageyards-display-component---NewYard","bindingPath":{"path":"","propertyPath":"/PLANT","modelName":"NewYardModel"},"interaction":{"idSuffix":"inner"}},"wdio_ui5_key":"etmportal.ui.manageyards.view.Newsap.m.Input{\"path\":\"\",\"propertyPath\":\"/PLANT\",\"modelName\":\"NewYardModel\"}"}]}
COMMAND: GET /session/be50de500220529a90eff0d24b8b5426/screenshot - {}
RESULT: {"script":"<script> [1562 bytes]","args":[{"selector":{"controlType":"sap.m.Input","viewName":"etm.portal.ui.manageyards.view.New","viewId":"application-manageyards-display-component---NewYard","bindingPath":{"path":"","propertyPath":"/PLANT","modelName":"NewYardModel"},"interaction":{"idSuffix":"inner"}},"wdio_ui5_key":"etmportal.ui.manageyards.view.Newsap.m.Input{\"path\":\"\",\"propertyPath\":\"/PLANT\",\"modelName\":\"NewYardModel\"}"}]}
RESULT: undefined
COMMAND: POST /session/be50de500220529a90eff0d24b8b5426/execute/async - {"script":"<script> [776 bytes]","args":[{"enterText":"1001","selector":{"controlType":"sap.m.Input","viewName":"etm.portal.ui.manageyards.view.New","viewId":"application-manageyards-display-component---NewYard","bindingPath":{"path":"","propertyPath":"/PLANT","modelName":"NewYardModel"},"interaction":{"idSuffix":"inner"}},"clearTextFirst":true,"interactionType":"ENTER_TEXT"}]}
RESULT: {}
RESULT: {"script":"<script> [776 bytes]","args":[{"enterText":"1001","selector":{"controlType":"sap.m.Input","viewName":"etm.portal.ui.manageyards.view.New","viewId":"application-manageyards-display-component---NewYard","bindingPath":{"path":"","propertyPath":"/PLANT","modelName":"NewYardModel"},"interaction":{"idSuffix":"inner"}},"clearTextFirst":true,"interactionType":"ENTER_TEXT"}]}
COMMAND: POST /session/be50de500220529a90eff0d24b8b5426/execute/async - {"script":"<script> [1562 bytes]","args":[{"selector":{"controlType":"sap.m.Input","viewName":"etm.portal.ui.manageyards.view.New","viewId":"application-manageyards-display-component---NewYard","bindingPath":{"path":"","propertyPath":"/SALES_AREA_VKORG","modelName":"NewYardModel"},"interaction":{"idSuffix":"inner"}},"wdio_ui5_key":"etmportal.ui.manageyards.view.Newsap.m.Input{\"path\":\"\",\"propertyPath\":\"/SALES_AREA_VKORG\",\"modelName\":\"NewYardModel\"}"}]}
RESULT: {"script":"<script> [1562 bytes]","args":[{"selector":{"controlType":"sap.m.Input","viewName":"etm.portal.ui.manageyards.view.New","viewId":"application-manageyards-display-component---NewYard","bindingPath":{"path":"","propertyPath":"/SALES_AREA_VKORG","modelName":"NewYardModel"},"interaction":{"idSuffix":"inner"}},"wdio_ui5_key":"etmportal.ui.manageyards.view.Newsap.m.Input{\"path\":\"\",\"propertyPath\":\"/SALES_AREA_VKORG\",\"modelName\":\"NewYardModel\"}"}]}
RESULT: undefined
COMMAND: POST /session/be50de500220529a90eff0d24b8b5426/execute/async - {"script":"<script> [776 bytes]","args":[{"enterText":"C002","selector":{"controlType":"sap.m.Input","viewName":"etm.portal.ui.manageyards.view.New","viewId":"application-manageyards-display-component---NewYard","bindingPath":{"path":"","propertyPath":"/SALES_AREA_VKORG","modelName":"NewYardModel"},"interaction":{"idSuffix":"inner"}},"clearTextFirst":true,"interactionType":"ENTER_TEXT"}]}
RESULT: {"script":"<script> [776 bytes]","args":[{"enterText":"C002","selector":{"controlType":"sap.m.Input","viewName":"etm.portal.ui.manageyards.view.New","viewId":"application-manageyards-display-component---NewYard","bindingPath":{"path":"","propertyPath":"/SALES_AREA_VKORG","modelName":"NewYardModel"},"interaction":{"idSuffix":"inner"}},"clearTextFirst":true,"interactionType":"ENTER_TEXT"}]}
COMMAND: POST /session/be50de500220529a90eff0d24b8b5426/execute/async - {"script":"<script> [1562 bytes]","args":[{"selector":{"controlType":"sap.m.Input","viewName":"etm.portal.ui.manageyards.view.New","viewId":"application-manageyards-display-component---NewYard","bindingPath":{"path":"","propertyPath":"/SALES_AREA_VTWEG","modelName":"NewYardModel"},"interaction":{"idSuffix":"inner"}},"wdio_ui5_key":"etmportal.ui.manageyards.view.Newsap.m.Input{\"path\":\"\",\"propertyPath\":\"/SALES_AREA_VTWEG\",\"modelName\":\"NewYardModel\"}"}]}
RESULT: {"script":"<script> [1562 bytes]","args":[{"selector":{"controlType":"sap.m.Input","viewName":"etm.portal.ui.manageyards.view.New","viewId":"application-manageyards-display-component---NewYard","bindingPath":{"path":"","propertyPath":"/SALES_AREA_VTWEG","modelName":"NewYardModel"},"interaction":{"idSuffix":"inner"}},"wdio_ui5_key":"etmportal.ui.manageyards.view.Newsap.m.Input{\"path\":\"\",\"propertyPath\":\"/SALES_AREA_VTWEG\",\"modelName\":\"NewYardModel\"}"}]}
RESULT: undefined
COMMAND: POST /session/be50de500220529a90eff0d24b8b5426/execute/async - {"script":"<script> [776 bytes]","args":[{"enterText":"C2","selector":{"controlType":"sap.m.Input","viewName":"etm.portal.ui.manageyards.view.New","viewId":"application-manageyards-display-component---NewYard","bindingPath":{"path":"","propertyPath":"/SALES_AREA_VTWEG","modelName":"NewYardModel"},"interaction":{"idSuffix":"inner"}},"clearTextFirst":true,"interactionType":"ENTER_TEXT"}]}
RESULT: {"script":"<script> [776 bytes]","args":[{"enterText":"C2","selector":{"controlType":"sap.m.Input","viewName":"etm.portal.ui.manageyards.view.New","viewId":"application-manageyards-display-component---NewYard","bindingPath":{"path":"","propertyPath":"/SALES_AREA_VTWEG","modelName":"NewYardModel"},"interaction":{"idSuffix":"inner"}},"clearTextFirst":true,"interactionType":"ENTER_TEXT"}]}
COMMAND: POST /session/be50de500220529a90eff0d24b8b5426/execute/async - {"script":"<script> [1562 bytes]","args":[{"selector":{"controlType":"sap.m.Input","viewName":"etm.portal.ui.manageyards.view.New","viewId":"application-manageyards-display-component---NewYard","bindingPath":{"path":"","propertyPath":"/SALES_AREA_SPART","modelName":"NewYardModel"},"interaction":{"idSuffix":"inner"}},"wdio_ui5_key":"etmportal.ui.manageyards.view.Newsap.m.Input{\"path\":\"\",\"propertyPath\":\"/SALES_AREA_SPART\",\"modelName\":\"NewYardModel\"}"}]}
RESULT: {"script":"<script> [1562 bytes]","args":[{"selector":{"controlType":"sap.m.Input","viewName":"etm.portal.ui.manageyards.view.New","viewId":"application-manageyards-display-component---NewYard","bindingPath":{"path":"","propertyPath":"/SALES_AREA_SPART","modelName":"NewYardModel"},"interaction":{"idSuffix":"inner"}},"wdio_ui5_key":"etmportal.ui.manageyards.view.Newsap.m.Input{\"path\":\"\",\"propertyPath\":\"/SALES_AREA_SPART\",\"modelName\":\"NewYardModel\"}"}]}
RESULT: undefined
COMMAND: POST /session/be50de500220529a90eff0d24b8b5426/execute/async - {"script":"<script> [776 bytes]","args":[{"enterText":"C2","selector":{"controlType":"sap.m.Input","viewName":"etm.portal.ui.manageyards.view.New","viewId":"application-manageyards-display-component---NewYard","bindingPath":{"path":"","propertyPath":"/SALES_AREA_SPART","modelName":"NewYardModel"},"interaction":{"idSuffix":"inner"}},"clearTextFirst":true,"interactionType":"ENTER_TEXT"}]}
RESULT: {"script":"<script> [776 bytes]","args":[{"enterText":"C2","selector":{"controlType":"sap.m.Input","viewName":"etm.portal.ui.manageyards.view.New","viewId":"application-manageyards-display-component---NewYard","bindingPath":{"path":"","propertyPath":"/SALES_AREA_SPART","modelName":"NewYardModel"},"interaction":{"idSuffix":"inner"}},"clearTextFirst":true,"interactionType":"ENTER_TEXT"}]}
COMMAND: POST /session/be50de500220529a90eff0d24b8b5426/execute/async - {"script":"<script> [1562 bytes]","args":[{"selector":{"id":"application-manageyards-display-component---NewYard--whmCheckBox","interaction":{"idSuffix":"CbBg"}},"wdio_ui5_key":"applicationmanageyards-display-component---NewYard--whmCheckBox"}]}
RESULT: {"script":"<script> [1562 bytes]","args":[{"selector":{"id":"application-manageyards-display-component---NewYard--whmCheckBox","interaction":{"idSuffix":"CbBg"}},"wdio_ui5_key":"applicationmanageyards-display-component---NewYard--whmCheckBox"}]}
RESULT: undefined
COMMAND: POST /session/be50de500220529a90eff0d24b8b5426/element - {"using":"xpath","value":"//*[@id=\"application-manageyards-display-component---NewYard--whmCheckBox\"]"}
RESULT: {"using":"xpath","value":"//*[@id=\"application-manageyards-display-component---NewYard--whmCheckBox\"]"}
COMMAND: POST /session/be50de500220529a90eff0d24b8b5426/element/f.4C5E4E1008D2628DB27BF09AD41CA3B4.d.3DFE79C70FCA74022A1041B6276240EB.e.648/click - {}
RESULT: {}
COMMAND: POST /session/be50de500220529a90eff0d24b8b5426/execute/async - {"script":"<script> [1562 bytes]","args":[{"selector":{"controlType":"sap.m.Button","viewName":"etm.portal.ui.manageyards.view.New","viewId":"application-manageyards-display-component---NewYard","i18NText":{"propertyName":"text","key":"save"},"interaction":{"idSuffix":"inner"}},"wdio_ui5_key":"etmportal.ui.manageyards.view.Newsap.m.Button{\"propertyName\":\"text\",\"key\":\"save\"}"}]}
COMMAND: GET /session/be50de500220529a90eff0d24b8b5426/screenshot - {}
RESULT: {"script":"<script> [1562 bytes]","args":[{"selector":{"controlType":"sap.m.Button","viewName":"etm.portal.ui.manageyards.view.New","viewId":"application-manageyards-display-component---NewYard","i18NText":{"propertyName":"text","key":"save"},"interaction":{"idSuffix":"inner"}},"wdio_ui5_key":"etmportal.ui.manageyards.view.Newsap.m.Button{\"propertyName\":\"text\",\"key\":\"save\"}"}]}
RESULT: undefined
COMMAND: POST /session/be50de500220529a90eff0d24b8b5426/element - {"using":"xpath","value":"//*[@id=\"__button18\"]"}
RESULT: {}
RESULT: {"using":"xpath","value":"//*[@id=\"__button18\"]"}
COMMAND: POST /session/be50de500220529a90eff0d24b8b5426/element/f.4C5E4E1008D2628DB27BF09AD41CA3B4.d.3DFE79C70FCA74022A1041B6276240EB.e.557/click - {}
RESULT: {}
COMMAND: GET /session/be50de500220529a90eff0d24b8b5426/screenshot - {}
RESULT: {}
COMMAND: POST /session/be50de500220529a90eff0d24b8b5426/element - {"using":"css selector","value":"#shell-header-logo"}
RESULT: {"using":"css selector","value":"#shell-header-logo"}
COMMAND: POST /session/be50de500220529a90eff0d24b8b5426/element/f.4C5E4E1008D2628DB27BF09AD41CA3B4.d.3DFE79C70FCA74022A1041B6276240EB.e.121/click - {}
RESULT: {}
COMMAND: GET /session/be50de500220529a90eff0d24b8b5426/screenshot - {}
RESULT: {}
COMMAND: POST /session/be50de500220529a90eff0d24b8b5426/refresh - {}
RESULT: {}
COMMAND: GET /session/be50de500220529a90eff0d24b8b5426/screenshot - {}
RESULT: {}
RESULT: undefined
COMMAND: POST /session/be50de500220529a90eff0d24b8b5426/execute/async - {"script":"<script> [189 bytes]","args":[]}
RESULT: {"script":"<script> [189 bytes]","args":[]}
COMMAND: POST /session/be50de500220529a90eff0d24b8b5426/execute/async - {"script":"<script> [123 bytes]","args":[]}
RESULT: {"script":"<script> [123 bytes]","args":[]}
COMMAND: POST /session/be50de500220529a90eff0d24b8b5426/timeouts - {"script":"<number>"}
RESULT: {"script":"<number>"}
COMMAND: GET /session/be50de500220529a90eff0d24b8b5426/timeouts - {}
RESULT: {}
RESULT: undefined
COMMAND: POST /session/be50de500220529a90eff0d24b8b5426/execute/async - {"script":"<script> [2676 bytes]","args":[]}
RESULT: {"script":"<script> [2676 bytes]","args":[]}
COMMAND: POST /session/be50de500220529a90eff0d24b8b5426/execute/async - {"script":"<script> [2342 bytes]","args":[{"protocol":"http","hostname":"0.0.0.0","path":"/","capabilities":{"browserName":"chrome","goog:chromeOptions":{"binary":"C:\\Program Files\\Google\\Chrome\\Application\\chrome.exe","args":["--start-maximized"]}},"logLevel":"warn","connectionRetryTimeout":120000,"connectionRetryCount":3,"logLevels":{},"enableDirectConnect":true,"strictSSL":true,"_":"65 more keys: [\"cacheDir\",\"port\",\"requestedCapabilities\",\"automationProtocol\",\"baseUrl\",\"waitforInterval\",\"waitforTimeout\",\"onReload\",\"beforeCommand\",\"afterCommand\",\"rootDir\",\"specs\",\"suites\",\"exclude\",\"groupLogsByTestSpec\",\"excludeDriverLogs\",\"bail\",\"framework\",\"reporters\",\"services\",\"maxInstances\",\"maxInstancesPerCapability\",\"injectGlobals\",\"filesToWatch\",\"execArgv\",\"runnerEnv\",\"runner\",\"shard\",\"specFileRetries\",\"specFileRetriesDelay\",\"specFileRetriesDeferred\",\"reporterSyncInterval\",\"reporterSyncTimeout\",\"cucumberFeaturesWithLineNumbers\",\"autoCompileOpts\",\"mochaOpts\",\"jasmineOpts\",\"cucumberOpts\",\"onPrepare\",\"onWorkerStart\",\"onWorkerEnd\",\"before\",\"beforeSession\",\"beforeSuite\",\"beforeHook\",\"beforeTest\",\"afterTest\",\"afterHook\",\"afterSuite\",\"afterSession\",\"after\",\"onComplete\",\"beforeAssertion\",\"afterAssertion\",\"beforeFeature\",\"beforeScenario\",\"beforeStep\",\"afterStep\",\"afterScenario\",\"afterFeature\",\"_\",\"suite\",\"$0\",\"ignoredWorkerServices\",\"wdi5\"]"}]}
RESULT: {"script":"<script> [2342 bytes]","args":[{"protocol":"http","hostname":"0.0.0.0","path":"/","capabilities":{"browserName":"chrome","goog:chromeOptions":{"binary":"C:\\Program Files\\Google\\Chrome\\Application\\chrome.exe","args":["--start-maximized"]}},"logLevel":"warn","connectionRetryTimeout":120000,"connectionRetryCount":3,"logLevels":{},"enableDirectConnect":true,"strictSSL":true,"_":"65 more keys: [\"cacheDir\",\"port\",\"requestedCapabilities\",\"automationProtocol\",\"baseUrl\",\"waitforInterval\",\"waitforTimeout\",\"onReload\",\"beforeCommand\",\"afterCommand\",\"rootDir\",\"specs\",\"suites\",\"exclude\",\"groupLogsByTestSpec\",\"excludeDriverLogs\",\"bail\",\"framework\",\"reporters\",\"services\",\"maxInstances\",\"maxInstancesPerCapability\",\"injectGlobals\",\"filesToWatch\",\"execArgv\",\"runnerEnv\",\"runner\",\"shard\",\"specFileRetries\",\"specFileRetriesDelay\",\"specFileRetriesDeferred\",\"reporterSyncInterval\",\"reporterSyncTimeout\",\"cucumberFeaturesWithLineNumbers\",\"autoCompileOpts\",\"mochaOpts\",\"jasmineOpts\",\"cucumberOpts\",\"onPrepare\",\"onWorkerStart\",\"onWorkerEnd\",\"before\",\"beforeSession\",\"beforeSuite\",\"beforeHook\",\"beforeTest\",\"afterTest\",\"afterHook\",\"afterSuite\",\"afterSession\",\"after\",\"onComplete\",\"beforeAssertion\",\"afterAssertion\",\"beforeFeature\",\"beforeScenario\",\"beforeStep\",\"afterStep\",\"afterScenario\",\"afterFeature\",\"_\",\"suite\",\"$0\",\"ignoredWorkerServices\",\"wdi5\"]"}]}
COMMAND: POST /session/be50de500220529a90eff0d24b8b5426/execute/async - {"script":"<script> [21126 bytes]","args":[35000]}
RESULT: {"script":"<script> [21126 bytes]","args":[35000]}
]]></system-out>
    </testcase>
    <testcase classname="chrome.137_0_7151_69.windows.Warehouse_movements_inventory_test" name="Should create a new warehouse organization" time="82.167">
      <system-out><![CDATA[
COMMAND: POST /session/be50de500220529a90eff0d24b8b5426/execute/async - {"script":"<script> [1562 bytes]","args":[{"selector":{"controlType":"sap.m.GenericTile","properties":{"header":"Bin Status Report"}},"wdio_ui5_key":"sapm.GenericTile{\"header\":\"Bin Status Report\"}"}]}
RESULT: {"script":"<script> [1562 bytes]","args":[{"selector":{"controlType":"sap.m.GenericTile","properties":{"header":"Bin Status Report"}},"wdio_ui5_key":"sapm.GenericTile{\"header\":\"Bin Status Report\"}"}]}
RESULT: undefined
COMMAND: POST /session/be50de500220529a90eff0d24b8b5426/element - {"using":"xpath","value":"//*[@id=\"__tile106\"]"}
RESULT: {"using":"xpath","value":"//*[@id=\"__tile106\"]"}
COMMAND: POST /session/be50de500220529a90eff0d24b8b5426/element/f.4C5E4E1008D2628DB27BF09AD41CA3B4.d.0A4305066089CF2015656B8AA8C6F73E.e.867/click - {}
RESULT: {}
COMMAND: GET /session/be50de500220529a90eff0d24b8b5426/screenshot - {}
RESULT: {}
COMMAND: POST /session/be50de500220529a90eff0d24b8b5426/elements - {"using":"xpath","value":"//span[text()='Error']"}
RESULT: {"using":"xpath","value":"//span[text()='Error']"}
COMMAND: POST /session/be50de500220529a90eff0d24b8b5426/execute/async - {"script":"<script> [1562 bytes]","args":[{"selector":{"id":"application-binstatusreport-display-component---warehousing--createOrgBtn","interaction":{"idSuffix":"BDI-content"}},"wdio_ui5_key":"applicationbinstatusreport-display-component---warehousing--createOrgBtn"}]}
RESULT: {"script":"<script> [1562 bytes]","args":[{"selector":{"id":"application-binstatusreport-display-component---warehousing--createOrgBtn","interaction":{"idSuffix":"BDI-content"}},"wdio_ui5_key":"applicationbinstatusreport-display-component---warehousing--createOrgBtn"}]}
RESULT: undefined
COMMAND: POST /session/be50de500220529a90eff0d24b8b5426/element - {"using":"xpath","value":"//*[@id=\"application-binstatusreport-display-component---warehousing--createOrgBtn\"]"}
RESULT: {"using":"xpath","value":"//*[@id=\"application-binstatusreport-display-component---warehousing--createOrgBtn\"]"}
COMMAND: POST /session/be50de500220529a90eff0d24b8b5426/element/f.4C5E4E1008D2628DB27BF09AD41CA3B4.d.0A4305066089CF2015656B8AA8C6F73E.e.912/click - {}
RESULT: {}
COMMAND: GET /session/be50de500220529a90eff0d24b8b5426/screenshot - {}
RESULT: {}
COMMAND: POST /session/be50de500220529a90eff0d24b8b5426/execute/async - {"script":"<script> [1562 bytes]","args":[{"selector":{"id":"createOrganizationPop--sectionInput","searchOpenDialogs":true,"interaction":{"idSuffix":"inner"}},"wdio_ui5_key":"createOrganizationPopsectionInput"}]}
RESULT: {"script":"<script> [1562 bytes]","args":[{"selector":{"id":"createOrganizationPop--sectionInput","searchOpenDialogs":true,"interaction":{"idSuffix":"inner"}},"wdio_ui5_key":"createOrganizationPopsectionInput"}]}
RESULT: undefined
COMMAND: POST /session/be50de500220529a90eff0d24b8b5426/execute/async - {"script":"<script> [776 bytes]","args":[{"enterText":"Sec7okhm","selector":{"id":"createOrganizationPop--sectionInput","searchOpenDialogs":true,"interaction":{"idSuffix":"inner"}},"clearTextFirst":true,"interactionType":"ENTER_TEXT"}]}
RESULT: {"script":"<script> [776 bytes]","args":[{"enterText":"Sec7okhm","selector":{"id":"createOrganizationPop--sectionInput","searchOpenDialogs":true,"interaction":{"idSuffix":"inner"}},"clearTextFirst":true,"interactionType":"ENTER_TEXT"}]}
COMMAND: POST /session/be50de500220529a90eff0d24b8b5426/execute/async - {"script":"<script> [1562 bytes]","args":[{"selector":{"id":"createOrganizationPop--descriptionInput","searchOpenDialogs":true,"interaction":{"idSuffix":"inner"}},"wdio_ui5_key":"createOrganizationPopdescriptionInput"}]}
RESULT: {"script":"<script> [1562 bytes]","args":[{"selector":{"id":"createOrganizationPop--descriptionInput","searchOpenDialogs":true,"interaction":{"idSuffix":"inner"}},"wdio_ui5_key":"createOrganizationPopdescriptionInput"}]}
RESULT: undefined
COMMAND: POST /session/be50de500220529a90eff0d24b8b5426/execute/async - {"script":"<script> [776 bytes]","args":[{"enterText":"OrgName0rhkp","selector":{"id":"createOrganizationPop--descriptionInput","searchOpenDialogs":true,"interaction":{"idSuffix":"inner"}},"clearTextFirst":true,"interactionType":"ENTER_TEXT"}]}
RESULT: {"script":"<script> [776 bytes]","args":[{"enterText":"OrgName0rhkp","selector":{"id":"createOrganizationPop--descriptionInput","searchOpenDialogs":true,"interaction":{"idSuffix":"inner"}},"clearTextFirst":true,"interactionType":"ENTER_TEXT"}]}
COMMAND: POST /session/be50de500220529a90eff0d24b8b5426/element - {"using":"xpath","value":"//input[contains(@id ,\"createOrganizationPop--yardOrg-inner\")]"}
RESULT: {"using":"xpath","value":"//input[contains(@id ,\"createOrganizationPop--yardOrg-inner\")]"}
COMMAND: POST /session/be50de500220529a90eff0d24b8b5426/element/f.4C5E4E1008D2628DB27BF09AD41CA3B4.d.0A4305066089CF2015656B8AA8C6F73E.e.953/clear - {}
RESULT: {}
COMMAND: POST /session/be50de500220529a90eff0d24b8b5426/element/f.4C5E4E1008D2628DB27BF09AD41CA3B4.d.0A4305066089CF2015656B8AA8C6F73E.e.953/value - {"text":"WebdriverWHMYard9tt2fh"}
COMMAND: GET /session/be50de500220529a90eff0d24b8b5426/screenshot - {}
RESULT: {"text":"WebdriverWHMYard9tt2fh"}
COMMAND: GET /session/be50de500220529a90eff0d24b8b5426/screenshot - {}
RESULT: {}
RESULT: {}
COMMAND: POST /session/be50de500220529a90eff0d24b8b5426/actions - {"actions":[{"id":"action4","type":"key","parameters":{},"actions":[{"type":"keyDown","value":""},{"type":"pause","duration":10},{"type":"keyUp","value":""}]}]}
RESULT: {"actions":[{"id":"action4","type":"key","parameters":{},"actions":[{"type":"keyDown","value":""},{"type":"pause","duration":10},{"type":"keyUp","value":""}]}]}
COMMAND: GET /session/be50de500220529a90eff0d24b8b5426/screenshot - {}
RESULT: {}
COMMAND: POST /session/be50de500220529a90eff0d24b8b5426/execute/async - {"script":"<script> [1562 bytes]","args":[{"selector":{"id":"createOrganizationPop--grZone","searchOpenDialogs":true,"interaction":{"idSuffix":"CbBg"}},"wdio_ui5_key":"createOrganizationPopgrZone"}]}
RESULT: {"script":"<script> [1562 bytes]","args":[{"selector":{"id":"createOrganizationPop--grZone","searchOpenDialogs":true,"interaction":{"idSuffix":"CbBg"}},"wdio_ui5_key":"createOrganizationPopgrZone"}]}
RESULT: undefined
COMMAND: POST /session/be50de500220529a90eff0d24b8b5426/element - {"using":"xpath","value":"//*[@id=\"createOrganizationPop--grZone\"]"}
RESULT: {"using":"xpath","value":"//*[@id=\"createOrganizationPop--grZone\"]"}
COMMAND: POST /session/be50de500220529a90eff0d24b8b5426/element/f.4C5E4E1008D2628DB27BF09AD41CA3B4.d.0A4305066089CF2015656B8AA8C6F73E.e.976/click - {}
RESULT: {}
COMMAND: POST /session/be50de500220529a90eff0d24b8b5426/execute/async - {"script":"<script> [1562 bytes]","args":[{"selector":{"id":"createOrganizationPop--giZone","searchOpenDialogs":true,"interaction":{"idSuffix":"CbBg"}},"wdio_ui5_key":"createOrganizationPopgiZone"}]}
COMMAND: GET /session/be50de500220529a90eff0d24b8b5426/screenshot - {}
RESULT: {"script":"<script> [1562 bytes]","args":[{"selector":{"id":"createOrganizationPop--giZone","searchOpenDialogs":true,"interaction":{"idSuffix":"CbBg"}},"wdio_ui5_key":"createOrganizationPopgiZone"}]}
RESULT: undefined
COMMAND: POST /session/be50de500220529a90eff0d24b8b5426/element - {"using":"xpath","value":"//*[@id=\"createOrganizationPop--giZone\"]"}
RESULT: {}
RESULT: {"using":"xpath","value":"//*[@id=\"createOrganizationPop--giZone\"]"}
COMMAND: POST /session/be50de500220529a90eff0d24b8b5426/element/f.4C5E4E1008D2628DB27BF09AD41CA3B4.d.0A4305066089CF2015656B8AA8C6F73E.e.978/click - {}
RESULT: {}
COMMAND: POST /session/be50de500220529a90eff0d24b8b5426/execute/async - {"script":"<script> [1562 bytes]","args":[{"selector":{"id":"createOrganizationPop--binNoInput","searchOpenDialogs":true,"interaction":{"idSuffix":"inner"}},"wdio_ui5_key":"createOrganizationPopbinNoInput"}]}
COMMAND: GET /session/be50de500220529a90eff0d24b8b5426/screenshot - {}
RESULT: {"script":"<script> [1562 bytes]","args":[{"selector":{"id":"createOrganizationPop--binNoInput","searchOpenDialogs":true,"interaction":{"idSuffix":"inner"}},"wdio_ui5_key":"createOrganizationPopbinNoInput"}]}
RESULT: undefined
COMMAND: POST /session/be50de500220529a90eff0d24b8b5426/execute/async - {"script":"<script> [776 bytes]","args":[{"enterText":"Biny766","selector":{"id":"createOrganizationPop--binNoInput","searchOpenDialogs":true,"interaction":{"idSuffix":"inner"}},"clearTextFirst":true,"interactionType":"ENTER_TEXT"}]}
RESULT: {}
RESULT: {"script":"<script> [776 bytes]","args":[{"enterText":"Biny766","selector":{"id":"createOrganizationPop--binNoInput","searchOpenDialogs":true,"interaction":{"idSuffix":"inner"}},"clearTextFirst":true,"interactionType":"ENTER_TEXT"}]}
COMMAND: POST /session/be50de500220529a90eff0d24b8b5426/execute/async - {"script":"<script> [1562 bytes]","args":[{"selector":{"id":"createOrganizationPop--descriptionId","searchOpenDialogs":true,"interaction":{"idSuffix":"inner"}},"wdio_ui5_key":"createOrganizationPopdescriptionId"}]}
RESULT: {"script":"<script> [1562 bytes]","args":[{"selector":{"id":"createOrganizationPop--descriptionId","searchOpenDialogs":true,"interaction":{"idSuffix":"inner"}},"wdio_ui5_key":"createOrganizationPopdescriptionId"}]}
RESULT: undefined
COMMAND: POST /session/be50de500220529a90eff0d24b8b5426/execute/async - {"script":"<script> [776 bytes]","args":[{"enterText":"Binb4szu","selector":{"id":"createOrganizationPop--descriptionId","searchOpenDialogs":true,"interaction":{"idSuffix":"inner"}},"clearTextFirst":true,"interactionType":"ENTER_TEXT"}]}
RESULT: {"script":"<script> [776 bytes]","args":[{"enterText":"Binb4szu","selector":{"id":"createOrganizationPop--descriptionId","searchOpenDialogs":true,"interaction":{"idSuffix":"inner"}},"clearTextFirst":true,"interactionType":"ENTER_TEXT"}]}
COMMAND: POST /session/be50de500220529a90eff0d24b8b5426/execute/async - {"script":"<script> [1562 bytes]","args":[{"selector":{"controlType":"sap.m.CheckBox","viewName":"etm.portal.ui.binstatusreport.view.MasterWareBins","viewId":"application-binstatusreport-display-component---warehousing","bindingPath":{"path":"","propertyPath":"/ZONE","modelName":"newBin"},"searchOpenDialogs":true,"interaction":{"idSuffix":"CbBg"}},"wdio_ui5_key":"etmportal.ui.binstatusreport.view.MasterWareBinssap.m.CheckBox{\"path\":\"\",\"propertyPath\":\"/ZONE\",\"modelName\":\"newBin\"}"}]}
RESULT: {"script":"<script> [1562 bytes]","args":[{"selector":{"controlType":"sap.m.CheckBox","viewName":"etm.portal.ui.binstatusreport.view.MasterWareBins","viewId":"application-binstatusreport-display-component---warehousing","bindingPath":{"path":"","propertyPath":"/ZONE","modelName":"newBin"},"searchOpenDialogs":true,"interaction":{"idSuffix":"CbBg"}},"wdio_ui5_key":"etmportal.ui.binstatusreport.view.MasterWareBinssap.m.CheckBox{\"path\":\"\",\"propertyPath\":\"/ZONE\",\"modelName\":\"newBin\"}"}]}
RESULT: undefined
COMMAND: POST /session/be50de500220529a90eff0d24b8b5426/element - {"using":"xpath","value":"//*[@id=\"__box12\"]"}
RESULT: {"using":"xpath","value":"//*[@id=\"__box12\"]"}
COMMAND: POST /session/be50de500220529a90eff0d24b8b5426/element/f.4C5E4E1008D2628DB27BF09AD41CA3B4.d.0A4305066089CF2015656B8AA8C6F73E.e.1000/click - {}
RESULT: {}
COMMAND: POST /session/be50de500220529a90eff0d24b8b5426/execute/async - {"script":"<script> [1562 bytes]","args":[{"selector":{"id":"createOrganizationPop--binTypesCB-arrow","searchOpenDialogs":true},"wdio_ui5_key":"createOrganizationPopbinTypesCB-arrow"}]}
COMMAND: GET /session/be50de500220529a90eff0d24b8b5426/screenshot - {}
RESULT: {"script":"<script> [1562 bytes]","args":[{"selector":{"id":"createOrganizationPop--binTypesCB-arrow","searchOpenDialogs":true},"wdio_ui5_key":"createOrganizationPopbinTypesCB-arrow"}]}
RESULT: undefined
COMMAND: POST /session/be50de500220529a90eff0d24b8b5426/element - {"using":"xpath","value":"//*[@id=\"createOrganizationPop--binTypesCB-arrow\"]"}
RESULT: {}
RESULT: {"using":"xpath","value":"//*[@id=\"createOrganizationPop--binTypesCB-arrow\"]"}
COMMAND: POST /session/be50de500220529a90eff0d24b8b5426/element/f.4C5E4E1008D2628DB27BF09AD41CA3B4.d.0A4305066089CF2015656B8AA8C6F73E.e.1009/click - {}
RESULT: {}
COMMAND: POST /session/be50de500220529a90eff0d24b8b5426/execute/async - {"script":"<script> [1562 bytes]","args":[{"selector":{"controlType":"sap.m.StandardListItem","viewName":"etm.portal.ui.binstatusreport.view.MasterWareBins","viewId":"application-binstatusreport-display-component---warehousing","properties":{"title":"1 - General / No capacity check"},"searchOpenDialogs":true,"interaction":{"idSuffix":"content"}},"wdio_ui5_key":"etmportal.ui.binstatusreport.view.MasterWareBinssap.m.StandardListItem{\"title\":\"1 - General / No capacity check\"}"}]}
COMMAND: GET /session/be50de500220529a90eff0d24b8b5426/screenshot - {}
RESULT: {"script":"<script> [1562 bytes]","args":[{"selector":{"controlType":"sap.m.StandardListItem","viewName":"etm.portal.ui.binstatusreport.view.MasterWareBins","viewId":"application-binstatusreport-display-component---warehousing","properties":{"title":"1 - General / No capacity check"},"searchOpenDialogs":true,"interaction":{"idSuffix":"content"}},"wdio_ui5_key":"etmportal.ui.binstatusreport.view.MasterWareBinssap.m.StandardListItem{\"title\":\"1 - General / No capacity check\"}"}]}
RESULT: undefined
COMMAND: POST /session/be50de500220529a90eff0d24b8b5426/element - {"using":"xpath","value":"//*[@id=\"__item82\"]"}
RESULT: {}
RESULT: {"using":"xpath","value":"//*[@id=\"__item82\"]"}
COMMAND: POST /session/be50de500220529a90eff0d24b8b5426/element/f.4C5E4E1008D2628DB27BF09AD41CA3B4.d.0A4305066089CF2015656B8AA8C6F73E.e.1011/click - {}
RESULT: {}
COMMAND: POST /session/be50de500220529a90eff0d24b8b5426/execute/async - {"script":"<script> [1562 bytes]","args":[{"selector":{"id":"createOrganizationPop--finishBtn","searchOpenDialogs":true,"interaction":{"idSuffix":"BDI-content"}},"wdio_ui5_key":"createOrganizationPopfinishBtn"}]}
COMMAND: GET /session/be50de500220529a90eff0d24b8b5426/screenshot - {}
RESULT: {"script":"<script> [1562 bytes]","args":[{"selector":{"id":"createOrganizationPop--finishBtn","searchOpenDialogs":true,"interaction":{"idSuffix":"BDI-content"}},"wdio_ui5_key":"createOrganizationPopfinishBtn"}]}
RESULT: undefined
COMMAND: POST /session/be50de500220529a90eff0d24b8b5426/element - {"using":"xpath","value":"//*[@id=\"createOrganizationPop--finishBtn\"]"}
RESULT: {}
RESULT: {"using":"xpath","value":"//*[@id=\"createOrganizationPop--finishBtn\"]"}
COMMAND: POST /session/be50de500220529a90eff0d24b8b5426/element/f.4C5E4E1008D2628DB27BF09AD41CA3B4.d.0A4305066089CF2015656B8AA8C6F73E.e.1013/click - {}
RESULT: {}
COMMAND: GET /session/be50de500220529a90eff0d24b8b5426/screenshot - {}
COMMAND: POST /session/be50de500220529a90eff0d24b8b5426/element - {"using":"css selector","value":"#shell-header-logo"}
RESULT: {}
RESULT: {"using":"css selector","value":"#shell-header-logo"}
COMMAND: POST /session/be50de500220529a90eff0d24b8b5426/element/f.4C5E4E1008D2628DB27BF09AD41CA3B4.d.0A4305066089CF2015656B8AA8C6F73E.e.872/click - {}
RESULT: {}
COMMAND: GET /session/be50de500220529a90eff0d24b8b5426/screenshot - {}
RESULT: {}
]]></system-out>
    </testcase>
    <testcase classname="chrome.137_0_7151_69.windows.Warehouse_movements_inventory_test" name="Should Create new material for WHM yard" time="154.018">
      <system-out><![CDATA[
COMMAND: POST /session/be50de500220529a90eff0d24b8b5426/execute/async - {"script":"<script> [1562 bytes]","args":[{"selector":{"controlType":"sap.m.GenericTile","properties":{"header":"Manage Resources"}},"wdio_ui5_key":"sapm.GenericTile{\"header\":\"Manage Resources\"}"}]}
RESULT: {"script":"<script> [1562 bytes]","args":[{"selector":{"controlType":"sap.m.GenericTile","properties":{"header":"Manage Resources"}},"wdio_ui5_key":"sapm.GenericTile{\"header\":\"Manage Resources\"}"}]}
RESULT: undefined
COMMAND: POST /session/be50de500220529a90eff0d24b8b5426/element - {"using":"xpath","value":"//*[@id=\"__tile40\"]"}
RESULT: {"using":"xpath","value":"//*[@id=\"__tile40\"]"}
COMMAND: POST /session/be50de500220529a90eff0d24b8b5426/element/f.4C5E4E1008D2628DB27BF09AD41CA3B4.d.0A4305066089CF2015656B8AA8C6F73E.e.1021/click - {}
RESULT: {}
COMMAND: GET /session/be50de500220529a90eff0d24b8b5426/screenshot - {}
RESULT: {}
COMMAND: POST /session/be50de500220529a90eff0d24b8b5426/elements - {"using":"xpath","value":"//span[text()='Error']"}
RESULT: {"using":"xpath","value":"//span[text()='Error']"}
COMMAND: POST /session/be50de500220529a90eff0d24b8b5426/element - {"using":"xpath","value":"//button[@data-kt=\"addNewRUOverflowToolbarButton\"]"}
RESULT: {"using":"xpath","value":"//button[@data-kt=\"addNewRUOverflowToolbarButton\"]"}
COMMAND: POST /session/be50de500220529a90eff0d24b8b5426/execute/sync - {"script":"<script> [8489 bytes]","args":[{"element-6066-11e4-a52e-4f735466cecf":"f.4C5E4E1008D2628DB27BF09AD41CA3B4.d.0A4305066089CF2015656B8AA8C6F73E.e.1064","ELEMENT":"f.4C5E4E1008D2628DB27BF09AD41CA3B4.d.0A4305066089CF2015656B8AA8C6F73E.e.1064"}]}
RESULT: {"script":"<script> [8489 bytes]","args":[{"element-6066-11e4-a52e-4f735466cecf":"f.4C5E4E1008D2628DB27BF09AD41CA3B4.d.0A4305066089CF2015656B8AA8C6F73E.e.1064","ELEMENT":"f.4C5E4E1008D2628DB27BF09AD41CA3B4.d.0A4305066089CF2015656B8AA8C6F73E.e.1064"}]}
COMMAND: POST /session/be50de500220529a90eff0d24b8b5426/element/f.4C5E4E1008D2628DB27BF09AD41CA3B4.d.0A4305066089CF2015656B8AA8C6F73E.e.1064/click - {}
COMMAND: GET /session/be50de500220529a90eff0d24b8b5426/screenshot - {}
RESULT: {}
RESULT: {}
COMMAND: POST /session/be50de500220529a90eff0d24b8b5426/execute/async - {"script":"<script> [1562 bytes]","args":[{"selector":{"id":"application-manageresources-display-component---newResourceUnit--TYPE-arrow"},"wdio_ui5_key":"applicationmanageresources-display-component---newResourceUnit--TYPE-arrow"}]}
COMMAND: GET /session/be50de500220529a90eff0d24b8b5426/screenshot - {}
RESULT: {"script":"<script> [1562 bytes]","args":[{"selector":{"id":"application-manageresources-display-component---newResourceUnit--TYPE-arrow"},"wdio_ui5_key":"applicationmanageresources-display-component---newResourceUnit--TYPE-arrow"}]}
RESULT: undefined
COMMAND: POST /session/be50de500220529a90eff0d24b8b5426/element - {"using":"xpath","value":"//*[@id=\"application-manageresources-display-component---newResourceUnit--TYPE-arrow\"]"}
RESULT: {}
RESULT: {"using":"xpath","value":"//*[@id=\"application-manageresources-display-component---newResourceUnit--TYPE-arrow\"]"}
COMMAND: POST /session/be50de500220529a90eff0d24b8b5426/element/f.4C5E4E1008D2628DB27BF09AD41CA3B4.d.0A4305066089CF2015656B8AA8C6F73E.e.1375/click - {}
RESULT: {}
COMMAND: POST /session/be50de500220529a90eff0d24b8b5426/execute/async - {"script":"<script> [1562 bytes]","args":[{"selector":{"controlType":"sap.m.StandardListItem","viewName":"reusables.view.manageresources.NewResourceUnit","viewId":"application-manageresources-display-component---newResourceUnit","properties":{"title":"Material"},"searchOpenDialogs":true,"interaction":{"idSuffix":"titleText"}},"wdio_ui5_key":"reusablesview.manageresources.NewResourceUnitsap.m.StandardListItem{\"title\":\"Material\"}"}]}
COMMAND: GET /session/be50de500220529a90eff0d24b8b5426/screenshot - {}
RESULT: {"script":"<script> [1562 bytes]","args":[{"selector":{"controlType":"sap.m.StandardListItem","viewName":"reusables.view.manageresources.NewResourceUnit","viewId":"application-manageresources-display-component---newResourceUnit","properties":{"title":"Material"},"searchOpenDialogs":true,"interaction":{"idSuffix":"titleText"}},"wdio_ui5_key":"reusablesview.manageresources.NewResourceUnitsap.m.StandardListItem{\"title\":\"Material\"}"}]}
RESULT: undefined
COMMAND: POST /session/be50de500220529a90eff0d24b8b5426/element - {"using":"xpath","value":"//*[@id=\"__item216\"]"}
RESULT: {}
RESULT: {"using":"xpath","value":"//*[@id=\"__item216\"]"}
COMMAND: POST /session/be50de500220529a90eff0d24b8b5426/element/f.4C5E4E1008D2628DB27BF09AD41CA3B4.d.0A4305066089CF2015656B8AA8C6F73E.e.1378/click - {}
RESULT: undefined
RESULT: undefined
RESULT: {}
COMMAND: POST /session/be50de500220529a90eff0d24b8b5426/execute/async - {"script":"<script> [1562 bytes]","args":[{"selector":{"id":"application-manageresources-display-component---newResourceUnit--SHORT_TEXT","interaction":{"idSuffix":"inner"}},"wdio_ui5_key":"applicationmanageresources-display-component---newResourceUnit--SHORT_TEXT"}]}
COMMAND: GET /session/be50de500220529a90eff0d24b8b5426/screenshot - {}
RESULT: {"script":"<script> [1562 bytes]","args":[{"selector":{"id":"application-manageresources-display-component---newResourceUnit--SHORT_TEXT","interaction":{"idSuffix":"inner"}},"wdio_ui5_key":"applicationmanageresources-display-component---newResourceUnit--SHORT_TEXT"}]}
RESULT: undefined
COMMAND: POST /session/be50de500220529a90eff0d24b8b5426/execute/async - {"script":"<script> [776 bytes]","args":[{"enterText":"WebdriverMatTests25as","selector":{"id":"application-manageresources-display-component---newResourceUnit--SHORT_TEXT","interaction":{"idSuffix":"inner"}},"clearTextFirst":true,"interactionType":"ENTER_TEXT"}]}
RESULT: {}
RESULT: {"script":"<script> [776 bytes]","args":[{"enterText":"WebdriverMatTests25as","selector":{"id":"application-manageresources-display-component---newResourceUnit--SHORT_TEXT","interaction":{"idSuffix":"inner"}},"clearTextFirst":true,"interactionType":"ENTER_TEXT"}]}
COMMAND: POST /session/be50de500220529a90eff0d24b8b5426/execute/async - {"script":"<script> [1562 bytes]","args":[{"selector":{"id":"application-manageresources-display-component---newResourceUnit--BASE_UNIT_OF_MEASURE-arrow"},"wdio_ui5_key":"applicationmanageresources-display-component---newResourceUnit--BASE_UNIT_OF_MEASURE-arrow"}]}
RESULT: {"script":"<script> [1562 bytes]","args":[{"selector":{"id":"application-manageresources-display-component---newResourceUnit--BASE_UNIT_OF_MEASURE-arrow"},"wdio_ui5_key":"applicationmanageresources-display-component---newResourceUnit--BASE_UNIT_OF_MEASURE-arrow"}]}
RESULT: undefined
COMMAND: POST /session/be50de500220529a90eff0d24b8b5426/element - {"using":"xpath","value":"//*[@id=\"application-manageresources-display-component---newResourceUnit--BASE_UNIT_OF_MEASURE-arrow\"]"}
RESULT: {"using":"xpath","value":"//*[@id=\"application-manageresources-display-component---newResourceUnit--BASE_UNIT_OF_MEASURE-arrow\"]"}
COMMAND: POST /session/be50de500220529a90eff0d24b8b5426/element/f.4C5E4E1008D2628DB27BF09AD41CA3B4.d.0A4305066089CF2015656B8AA8C6F73E.e.1500/click - {}
RESULT: {}
COMMAND: POST /session/be50de500220529a90eff0d24b8b5426/execute/async - {"script":"<script> [1562 bytes]","args":[{"selector":{"controlType":"sap.m.StandardListItem","viewName":"reusables.view.manageresources.NewResourceUnit","viewId":"application-manageresources-display-component---newResourceUnit","properties":{"title":"Piece"},"searchOpenDialogs":true,"interaction":{"idSuffix":"titleText"}},"wdio_ui5_key":"reusablesview.manageresources.NewResourceUnitsap.m.StandardListItem{\"title\":\"Piece\"}"}]}
COMMAND: GET /session/be50de500220529a90eff0d24b8b5426/screenshot - {}
RESULT: {"script":"<script> [1562 bytes]","args":[{"selector":{"controlType":"sap.m.StandardListItem","viewName":"reusables.view.manageresources.NewResourceUnit","viewId":"application-manageresources-display-component---newResourceUnit","properties":{"title":"Piece"},"searchOpenDialogs":true,"interaction":{"idSuffix":"titleText"}},"wdio_ui5_key":"reusablesview.manageresources.NewResourceUnitsap.m.StandardListItem{\"title\":\"Piece\"}"}]}
RESULT: undefined
COMMAND: POST /session/be50de500220529a90eff0d24b8b5426/element - {"using":"xpath","value":"//*[@id=\"__item269\"]"}
RESULT: {}
RESULT: {"using":"xpath","value":"//*[@id=\"__item269\"]"}
COMMAND: POST /session/be50de500220529a90eff0d24b8b5426/element/f.4C5E4E1008D2628DB27BF09AD41CA3B4.d.0A4305066089CF2015656B8AA8C6F73E.e.1502/click - {}
RESULT: {}
COMMAND: POST /session/be50de500220529a90eff0d24b8b5426/element - {"using":"xpath","value":"//input[contains(@id ,\"application-manageresources-display-component---newResourceUnit--SHORT_TEXT-inner\")]"}
COMMAND: GET /session/be50de500220529a90eff0d24b8b5426/screenshot - {}
RESULT: {"using":"xpath","value":"//input[contains(@id ,\"application-manageresources-display-component---newResourceUnit--SHORT_TEXT-inner\")]"}
COMMAND: GET /session/be50de500220529a90eff0d24b8b5426/element/f.4C5E4E1008D2628DB27BF09AD41CA3B4.d.0A4305066089CF2015656B8AA8C6F73E.e.1395/property/value - {}
RESULT: {}
RESULT: {}
COMMAND: POST /session/be50de500220529a90eff0d24b8b5426/execute/async - {"script":"<script> [1562 bytes]","args":[{"selector":{"id":"application-manageresources-display-component---newResourceUnit--WEIGHT_UNIT-arrow"},"wdio_ui5_key":"applicationmanageresources-display-component---newResourceUnit--WEIGHT_UNIT-arrow"}]}
COMMAND: GET /session/be50de500220529a90eff0d24b8b5426/screenshot - {}
RESULT: {"script":"<script> [1562 bytes]","args":[{"selector":{"id":"application-manageresources-display-component---newResourceUnit--WEIGHT_UNIT-arrow"},"wdio_ui5_key":"applicationmanageresources-display-component---newResourceUnit--WEIGHT_UNIT-arrow"}]}
RESULT: undefined
COMMAND: POST /session/be50de500220529a90eff0d24b8b5426/element - {"using":"xpath","value":"//*[@id=\"application-manageresources-display-component---newResourceUnit--WEIGHT_UNIT-arrow\"]"}
RESULT: {}
RESULT: {"using":"xpath","value":"//*[@id=\"application-manageresources-display-component---newResourceUnit--WEIGHT_UNIT-arrow\"]"}
COMMAND: POST /session/be50de500220529a90eff0d24b8b5426/element/f.4C5E4E1008D2628DB27BF09AD41CA3B4.d.0A4305066089CF2015656B8AA8C6F73E.e.1503/click - {}
RESULT: {}
COMMAND: POST /session/be50de500220529a90eff0d24b8b5426/execute/async - {"script":"<script> [1562 bytes]","args":[{"selector":{"controlType":"sap.m.StandardListItem","viewName":"reusables.view.manageresources.NewResourceUnit","viewId":"application-manageresources-display-component---newResourceUnit","properties":{"title":"Gram"},"searchOpenDialogs":true,"interaction":{"idSuffix":"content"}},"wdio_ui5_key":"reusablesview.manageresources.NewResourceUnitsap.m.StandardListItem{\"title\":\"Gram\"}"}]}
COMMAND: GET /session/be50de500220529a90eff0d24b8b5426/screenshot - {}
RESULT: {"script":"<script> [1562 bytes]","args":[{"selector":{"controlType":"sap.m.StandardListItem","viewName":"reusables.view.manageresources.NewResourceUnit","viewId":"application-manageresources-display-component---newResourceUnit","properties":{"title":"Gram"},"searchOpenDialogs":true,"interaction":{"idSuffix":"content"}},"wdio_ui5_key":"reusablesview.manageresources.NewResourceUnitsap.m.StandardListItem{\"title\":\"Gram\"}"}]}
RESULT: undefined
COMMAND: POST /session/be50de500220529a90eff0d24b8b5426/element - {"using":"xpath","value":"//*[@id=\"__item334\"]"}
RESULT: {}
RESULT: {"using":"xpath","value":"//*[@id=\"__item334\"]"}
COMMAND: POST /session/be50de500220529a90eff0d24b8b5426/element/f.4C5E4E1008D2628DB27BF09AD41CA3B4.d.0A4305066089CF2015656B8AA8C6F73E.e.1505/click - {}
RESULT: {}
COMMAND: POST /session/be50de500220529a90eff0d24b8b5426/execute/async - {"script":"<script> [1562 bytes]","args":[{"selector":{"id":"application-manageresources-display-component---newResourceUnit--newRRUPage-OPHeaderContent-collapseBtn-img"},"wdio_ui5_key":"applicationmanageresources-display-component---newResourceUnit--newRRUPage-OPHeaderContent-collapseBtn-img"}]}
COMMAND: GET /session/be50de500220529a90eff0d24b8b5426/screenshot - {}
RESULT: {"script":"<script> [1562 bytes]","args":[{"selector":{"id":"application-manageresources-display-component---newResourceUnit--newRRUPage-OPHeaderContent-collapseBtn-img"},"wdio_ui5_key":"applicationmanageresources-display-component---newResourceUnit--newRRUPage-OPHeaderContent-collapseBtn-img"}]}
RESULT: undefined
COMMAND: POST /session/be50de500220529a90eff0d24b8b5426/element - {"using":"xpath","value":"//*[@id=\"application-manageresources-display-component---newResourceUnit--newRRUPage-OPHeaderContent-collapseBtn-img\"]"}
RESULT: {}
RESULT: {"using":"xpath","value":"//*[@id=\"application-manageresources-display-component---newResourceUnit--newRRUPage-OPHeaderContent-collapseBtn-img\"]"}
COMMAND: POST /session/be50de500220529a90eff0d24b8b5426/element/f.4C5E4E1008D2628DB27BF09AD41CA3B4.d.0A4305066089CF2015656B8AA8C6F73E.e.1385/click - {}
RESULT: {}
COMMAND: GET /session/be50de500220529a90eff0d24b8b5426/screenshot - {}
RESULT: {}
COMMAND: POST /session/be50de500220529a90eff0d24b8b5426/element - {"using":"xpath","value":"(//span[contains(@id ,\"application-manageresources-display-component---newResourceUnit--DIMENSION_UNIT-arrow\")])[1]"}
RESULT: {"using":"xpath","value":"(//span[contains(@id ,\"application-manageresources-display-component---newResourceUnit--DIMENSION_UNIT-arrow\")])[1]"}
COMMAND: POST /session/be50de500220529a90eff0d24b8b5426/element/f.4C5E4E1008D2628DB27BF09AD41CA3B4.d.0A4305066089CF2015656B8AA8C6F73E.e.1509/click - {}
RESULT: {}
COMMAND: GET /session/be50de500220529a90eff0d24b8b5426/screenshot - {}
RESULT: {}
COMMAND: POST /session/be50de500220529a90eff0d24b8b5426/execute/async - {"script":"<script> [1562 bytes]","args":[{"selector":{"controlType":"sap.m.StandardListItem","viewName":"reusables.view.manageresources.NewResourceUnit","viewId":"application-manageresources-display-component---newResourceUnit","properties":{"title":"Centimeter"},"searchOpenDialogs":true,"interaction":{"idSuffix":"titleText"}},"wdio_ui5_key":"reusablesview.manageresources.NewResourceUnitsap.m.StandardListItem{\"title\":\"Centimeter\"}"}]}
RESULT: {"script":"<script> [1562 bytes]","args":[{"selector":{"controlType":"sap.m.StandardListItem","viewName":"reusables.view.manageresources.NewResourceUnit","viewId":"application-manageresources-display-component---newResourceUnit","properties":{"title":"Centimeter"},"searchOpenDialogs":true,"interaction":{"idSuffix":"titleText"}},"wdio_ui5_key":"reusablesview.manageresources.NewResourceUnitsap.m.StandardListItem{\"title\":\"Centimeter\"}"}]}
RESULT: undefined
COMMAND: POST /session/be50de500220529a90eff0d24b8b5426/element - {"using":"xpath","value":"//*[@id=\"__item337\"]"}
RESULT: {"using":"xpath","value":"//*[@id=\"__item337\"]"}
COMMAND: POST /session/be50de500220529a90eff0d24b8b5426/element/f.4C5E4E1008D2628DB27BF09AD41CA3B4.d.0A4305066089CF2015656B8AA8C6F73E.e.1513/click - {}
RESULT: {}
COMMAND: POST /session/be50de500220529a90eff0d24b8b5426/execute/async - {"script":"<script> [1562 bytes]","args":[{"selector":{"id":"application-manageresources-display-component---newResourceUnit--newRRUPage-anchBar-application-manageresources-display-component---newResourceUnit--reference-anchor","interaction":{"idSuffix":"BDI-content"}},"wdio_ui5_key":"applicationmanageresources-display-component---newResourceUnit--newRRUPage-anchBar-application-manageresources-display-component---newResourceUnit--reference-anchor"}]}
COMMAND: GET /session/be50de500220529a90eff0d24b8b5426/screenshot - {}
RESULT: {"script":"<script> [1562 bytes]","args":[{"selector":{"id":"application-manageresources-display-component---newResourceUnit--newRRUPage-anchBar-application-manageresources-display-component---newResourceUnit--reference-anchor","interaction":{"idSuffix":"BDI-content"}},"wdio_ui5_key":"applicationmanageresources-display-component---newResourceUnit--newRRUPage-anchBar-application-manageresources-display-component---newResourceUnit--reference-anchor"}]}
RESULT: undefined
COMMAND: POST /session/be50de500220529a90eff0d24b8b5426/element - {"using":"xpath","value":"//*[@id=\"application-manageresources-display-component---newResourceUnit--newRRUPage-anchBar-application-manageresources-display-component---newResourceUnit--reference-anchor\"]"}
RESULT: {}
RESULT: {"using":"xpath","value":"//*[@id=\"application-manageresources-display-component---newResourceUnit--newRRUPage-anchBar-application-manageresources-display-component---newResourceUnit--reference-anchor\"]"}
COMMAND: POST /session/be50de500220529a90eff0d24b8b5426/element/f.4C5E4E1008D2628DB27BF09AD41CA3B4.d.0A4305066089CF2015656B8AA8C6F73E.e.1515/click - {}
RESULT: {}
COMMAND: POST /session/be50de500220529a90eff0d24b8b5426/execute/async - {"script":"<script> [1562 bytes]","args":[{"selector":{"id":"application-manageresources-display-component---newResourceUnit--PLANNING_GROUP-arrow"},"wdio_ui5_key":"applicationmanageresources-display-component---newResourceUnit--PLANNING_GROUP-arrow"}]}
COMMAND: GET /session/be50de500220529a90eff0d24b8b5426/screenshot - {}
RESULT: {"script":"<script> [1562 bytes]","args":[{"selector":{"id":"application-manageresources-display-component---newResourceUnit--PLANNING_GROUP-arrow"},"wdio_ui5_key":"applicationmanageresources-display-component---newResourceUnit--PLANNING_GROUP-arrow"}]}
RESULT: undefined
COMMAND: POST /session/be50de500220529a90eff0d24b8b5426/element - {"using":"xpath","value":"//*[@id=\"application-manageresources-display-component---newResourceUnit--PLANNING_GROUP-arrow\"]"}
RESULT: {}
RESULT: {"using":"xpath","value":"//*[@id=\"application-manageresources-display-component---newResourceUnit--PLANNING_GROUP-arrow\"]"}
COMMAND: POST /session/be50de500220529a90eff0d24b8b5426/element/f.4C5E4E1008D2628DB27BF09AD41CA3B4.d.0A4305066089CF2015656B8AA8C6F73E.e.1521/click - {}
RESULT: {}
COMMAND: POST /session/be50de500220529a90eff0d24b8b5426/execute/async - {"script":"<script> [1562 bytes]","args":[{"selector":{"controlType":"sap.m.StandardListItem","viewName":"reusables.view.manageresources.NewResourceUnit","viewId":"application-manageresources-display-component---newResourceUnit","properties":{"title":"Heavy Equi"},"searchOpenDialogs":true,"interaction":{"idSuffix":"content"}},"wdio_ui5_key":"reusablesview.manageresources.NewResourceUnitsap.m.StandardListItem{\"title\":\"Heavy Equi\"}"}]}
COMMAND: GET /session/be50de500220529a90eff0d24b8b5426/screenshot - {}
RESULT: {"script":"<script> [1562 bytes]","args":[{"selector":{"controlType":"sap.m.StandardListItem","viewName":"reusables.view.manageresources.NewResourceUnit","viewId":"application-manageresources-display-component---newResourceUnit","properties":{"title":"Heavy Equi"},"searchOpenDialogs":true,"interaction":{"idSuffix":"content"}},"wdio_ui5_key":"reusablesview.manageresources.NewResourceUnitsap.m.StandardListItem{\"title\":\"Heavy Equi\"}"}]}
RESULT: undefined
COMMAND: POST /session/be50de500220529a90eff0d24b8b5426/element - {"using":"xpath","value":"//*[@id=\"__item345\"]"}
RESULT: {}
RESULT: {"using":"xpath","value":"//*[@id=\"__item345\"]"}
COMMAND: POST /session/be50de500220529a90eff0d24b8b5426/element/f.4C5E4E1008D2628DB27BF09AD41CA3B4.d.0A4305066089CF2015656B8AA8C6F73E.e.1523/click - {}
RESULT: {}
COMMAND: GET /session/be50de500220529a90eff0d24b8b5426/screenshot - {}
RESULT: {}
COMMAND: POST /session/be50de500220529a90eff0d24b8b5426/execute/async - {"script":"<script> [1562 bytes]","args":[{"selector":{"id":"application-manageresources-display-component---newResourceUnit--PLANNING_INDICATOR-arrow"},"wdio_ui5_key":"applicationmanageresources-display-component---newResourceUnit--PLANNING_INDICATOR-arrow"}]}
RESULT: {"script":"<script> [1562 bytes]","args":[{"selector":{"id":"application-manageresources-display-component---newResourceUnit--PLANNING_INDICATOR-arrow"},"wdio_ui5_key":"applicationmanageresources-display-component---newResourceUnit--PLANNING_INDICATOR-arrow"}]}
RESULT: undefined
COMMAND: POST /session/be50de500220529a90eff0d24b8b5426/element - {"using":"xpath","value":"//*[@id=\"application-manageresources-display-component---newResourceUnit--PLANNING_INDICATOR-arrow\"]"}
RESULT: {"using":"xpath","value":"//*[@id=\"application-manageresources-display-component---newResourceUnit--PLANNING_INDICATOR-arrow\"]"}
COMMAND: POST /session/be50de500220529a90eff0d24b8b5426/element/f.4C5E4E1008D2628DB27BF09AD41CA3B4.d.0A4305066089CF2015656B8AA8C6F73E.e.1524/click - {}
RESULT: {}
COMMAND: POST /session/be50de500220529a90eff0d24b8b5426/execute/async - {"script":"<script> [1562 bytes]","args":[{"selector":{"controlType":"sap.m.StandardListItem","viewName":"reusables.view.manageresources.NewResourceUnit","viewId":"application-manageresources-display-component---newResourceUnit","properties":{"title":"10 - infinite"},"searchOpenDialogs":true,"interaction":{"idSuffix":"content"}},"wdio_ui5_key":"reusablesview.manageresources.NewResourceUnitsap.m.StandardListItem{\"title\":\"10 - infinite\"}"}]}
COMMAND: GET /session/be50de500220529a90eff0d24b8b5426/screenshot - {}
RESULT: {"script":"<script> [1562 bytes]","args":[{"selector":{"controlType":"sap.m.StandardListItem","viewName":"reusables.view.manageresources.NewResourceUnit","viewId":"application-manageresources-display-component---newResourceUnit","properties":{"title":"10 - infinite"},"searchOpenDialogs":true,"interaction":{"idSuffix":"content"}},"wdio_ui5_key":"reusablesview.manageresources.NewResourceUnitsap.m.StandardListItem{\"title\":\"10 - infinite\"}"}]}
RESULT: undefined
COMMAND: POST /session/be50de500220529a90eff0d24b8b5426/element - {"using":"xpath","value":"//*[@id=\"__item355\"]"}
RESULT: {}
RESULT: {"using":"xpath","value":"//*[@id=\"__item355\"]"}
COMMAND: POST /session/be50de500220529a90eff0d24b8b5426/element/f.4C5E4E1008D2628DB27BF09AD41CA3B4.d.0A4305066089CF2015656B8AA8C6F73E.e.1526/click - {}
RESULT: {}
COMMAND: GET /session/be50de500220529a90eff0d24b8b5426/screenshot - {}
RESULT: {}
COMMAND: POST /session/be50de500220529a90eff0d24b8b5426/element - {"using":"xpath","value":"//bdi[contains(text(), \"Time Segment\")]"}
RESULT: {"using":"xpath","value":"//bdi[contains(text(), \"Time Segment\")]"}
COMMAND: GET /session/be50de500220529a90eff0d24b8b5426/element/f.4C5E4E1008D2628DB27BF09AD41CA3B4.d.0A4305066089CF2015656B8AA8C6F73E.e.1527/rect - {}
RESULT: {}
COMMAND: GET /session/be50de500220529a90eff0d24b8b5426/window/rect - {}
RESULT: {}
COMMAND: POST /session/be50de500220529a90eff0d24b8b5426/execute/sync - {"script":"<script> [92 bytes]","args":[]}
RESULT: {"script":"<script> [92 bytes]","args":[]}
COMMAND: POST /session/be50de500220529a90eff0d24b8b5426/actions - {"actions":[{"id":"action5","type":"wheel","parameters":{},"actions":[{"type":"scroll","x":-1820,"y":-21,"deltaX":0,"deltaY":0,"duration":0,"origin":{"element-6066-11e4-a52e-4f735466cecf":"f.4C5E4E1008D2628DB27BF09AD41CA3B4.d.0A4305066089CF2015656B8AA8C6F73E.e.1527"}}]}]}
COMMAND: GET /session/be50de500220529a90eff0d24b8b5426/screenshot - {}
RESULT: {}
COMMAND: POST /session/be50de500220529a90eff0d24b8b5426/execute/sync - {"script":"<script> [79 bytes]","args":[{"element-6066-11e4-a52e-4f735466cecf":"f.4C5E4E1008D2628DB27BF09AD41CA3B4.d.0A4305066089CF2015656B8AA8C6F73E.e.1527","ELEMENT":"f.4C5E4E1008D2628DB27BF09AD41CA3B4.d.0A4305066089CF2015656B8AA8C6F73E.e.1527"},{"block":"start","inline":"nearest"}]}
RESULT: {"script":"<script> [79 bytes]","args":[{"element-6066-11e4-a52e-4f735466cecf":"f.4C5E4E1008D2628DB27BF09AD41CA3B4.d.0A4305066089CF2015656B8AA8C6F73E.e.1527","ELEMENT":"f.4C5E4E1008D2628DB27BF09AD41CA3B4.d.0A4305066089CF2015656B8AA8C6F73E.e.1527"},{"block":"start","inline":"nearest"}]}
COMMAND: GET /session/be50de500220529a90eff0d24b8b5426/screenshot - {}
RESULT: {}
COMMAND: POST /session/be50de500220529a90eff0d24b8b5426/element - {"using":"xpath","value":"//span[@id=\"application-manageresources-display-component---newResourceUnit--btnAddTimeSegment-img\"]"}
RESULT: {"using":"xpath","value":"//span[@id=\"application-manageresources-display-component---newResourceUnit--btnAddTimeSegment-img\"]"}
COMMAND: POST /session/be50de500220529a90eff0d24b8b5426/execute/sync - {"script":"<script> [8489 bytes]","args":[{"element-6066-11e4-a52e-4f735466cecf":"f.4C5E4E1008D2628DB27BF09AD41CA3B4.d.0A4305066089CF2015656B8AA8C6F73E.e.1530","ELEMENT":"f.4C5E4E1008D2628DB27BF09AD41CA3B4.d.0A4305066089CF2015656B8AA8C6F73E.e.1530"}]}
RESULT: {"script":"<script> [8489 bytes]","args":[{"element-6066-11e4-a52e-4f735466cecf":"f.4C5E4E1008D2628DB27BF09AD41CA3B4.d.0A4305066089CF2015656B8AA8C6F73E.e.1530","ELEMENT":"f.4C5E4E1008D2628DB27BF09AD41CA3B4.d.0A4305066089CF2015656B8AA8C6F73E.e.1530"}]}
COMMAND: POST /session/be50de500220529a90eff0d24b8b5426/element/f.4C5E4E1008D2628DB27BF09AD41CA3B4.d.0A4305066089CF2015656B8AA8C6F73E.e.1530/click - {}
COMMAND: GET /session/be50de500220529a90eff0d24b8b5426/screenshot - {}
RESULT: {}
COMMAND: GET /session/be50de500220529a90eff0d24b8b5426/screenshot - {}
COMMAND: POST /session/be50de500220529a90eff0d24b8b5426/element - {"using":"xpath","value":"//input[@id=\"application-manageresources-display-component---newResourceUnit--idRuTSAdmin-application-manageresources-display-component---newResourceUnit--RUTimeSegment-0-inner\"]"}
RESULT: {}
RESULT: {}
RESULT: {"using":"xpath","value":"//input[@id=\"application-manageresources-display-component---newResourceUnit--idRuTSAdmin-application-manageresources-display-component---newResourceUnit--RUTimeSegment-0-inner\"]"}
COMMAND: POST /session/be50de500220529a90eff0d24b8b5426/element/f.4C5E4E1008D2628DB27BF09AD41CA3B4.d.0A4305066089CF2015656B8AA8C6F73E.e.1533/clear - {}
RESULT: {}
COMMAND: POST /session/be50de500220529a90eff0d24b8b5426/element/f.4C5E4E1008D2628DB27BF09AD41CA3B4.d.0A4305066089CF2015656B8AA8C6F73E.e.1533/value - {"text":"WebdriverWHMYard9tt2fh"}
COMMAND: GET /session/be50de500220529a90eff0d24b8b5426/screenshot - {}
RESULT: {"text":"WebdriverWHMYard9tt2fh"}
COMMAND: GET /session/be50de500220529a90eff0d24b8b5426/screenshot - {}
RESULT: {}
RESULT: {}
COMMAND: POST /session/be50de500220529a90eff0d24b8b5426/actions - {"actions":[{"id":"action6","type":"key","parameters":{},"actions":[{"type":"keyDown","value":""},{"type":"pause","duration":10},{"type":"keyUp","value":""}]}]}
RESULT: {"actions":[{"id":"action6","type":"key","parameters":{},"actions":[{"type":"keyDown","value":""},{"type":"pause","duration":10},{"type":"keyUp","value":""}]}]}
COMMAND: GET /session/be50de500220529a90eff0d24b8b5426/screenshot - {}
RESULT: {}
COMMAND: POST /session/be50de500220529a90eff0d24b8b5426/execute/async - {"script":"<script> [1562 bytes]","args":[{"selector":{"controlType":"sap.m.Button","viewName":"reusables.view.manageresources.NewResourceUnit","viewId":"application-manageresources-display-component---newResourceUnit","i18NText":{"propertyName":"tooltip","key":"save"},"interaction":{"idSuffix":"BDI-content"}},"wdio_ui5_key":"reusablesview.manageresources.NewResourceUnitsap.m.Button{\"propertyName\":\"tooltip\",\"key\":\"save\"}"}]}
RESULT: {"script":"<script> [1562 bytes]","args":[{"selector":{"controlType":"sap.m.Button","viewName":"reusables.view.manageresources.NewResourceUnit","viewId":"application-manageresources-display-component---newResourceUnit","i18NText":{"propertyName":"tooltip","key":"save"},"interaction":{"idSuffix":"BDI-content"}},"wdio_ui5_key":"reusablesview.manageresources.NewResourceUnitsap.m.Button{\"propertyName\":\"tooltip\",\"key\":\"save\"}"}]}
RESULT: undefined
COMMAND: POST /session/be50de500220529a90eff0d24b8b5426/element - {"using":"xpath","value":"//*[@id=\"application-manageresources-display-component---newResourceUnit--createRuButton\"]"}
RESULT: {"using":"xpath","value":"//*[@id=\"application-manageresources-display-component---newResourceUnit--createRuButton\"]"}
COMMAND: POST /session/be50de500220529a90eff0d24b8b5426/element/f.4C5E4E1008D2628DB27BF09AD41CA3B4.d.0A4305066089CF2015656B8AA8C6F73E.e.1391/click - {}
RESULT: {}
COMMAND: GET /session/be50de500220529a90eff0d24b8b5426/screenshot - {}
RESULT: {}
COMMAND: POST /session/be50de500220529a90eff0d24b8b5426/execute/async - {"script":"<script> [1562 bytes]","args":[{"selector":{"controlType":"sap.m.Title","properties":{"text":"Success"},"searchOpenDialogs":true},"wdio_ui5_key":"sapm.Title{\"text\":\"Success\"}"}]}
RESULT: {"script":"<script> [1562 bytes]","args":[{"selector":{"controlType":"sap.m.Title","properties":{"text":"Success"},"searchOpenDialogs":true},"wdio_ui5_key":"sapm.Title{\"text\":\"Success\"}"}]}
RESULT: undefined
COMMAND: POST /session/be50de500220529a90eff0d24b8b5426/execute/async - {"script":"<script> [6424 bytes]","args":[{"element-6066-11e4-a52e-4f735466cecf":"f.4C5E4E1008D2628DB27BF09AD41CA3B4.d.0A4305066089CF2015656B8AA8C6F73E.e.1547"},"getText",[]]}
RESULT: {"script":"<script> [6424 bytes]","args":[{"element-6066-11e4-a52e-4f735466cecf":"f.4C5E4E1008D2628DB27BF09AD41CA3B4.d.0A4305066089CF2015656B8AA8C6F73E.e.1547"},"getText",[]]}
COMMAND: POST /session/be50de500220529a90eff0d24b8b5426/element - {"using":"xpath","value":"//*[contains(@id, '__text') and (contains(text(), 'successfully created') or contains(., 'successfully created'))]"}
RESULT: {"using":"xpath","value":"//*[contains(@id, '__text') and (contains(text(), 'successfully created') or contains(., 'successfully created'))]"}
COMMAND: GET /session/be50de500220529a90eff0d24b8b5426/element/f.4C5E4E1008D2628DB27BF09AD41CA3B4.d.0A4305066089CF2015656B8AA8C6F73E.e.1545/text - {}
RESULT: {}
COMMAND: POST /session/be50de500220529a90eff0d24b8b5426/execute/async - {"script":"<script> [1562 bytes]","args":[{"selector":{"controlType":"sap.m.Button","properties":{"text":"Close"},"searchOpenDialogs":true,"interaction":{"idSuffix":"BDI-content"}},"wdio_ui5_key":"sapm.Button{\"text\":\"Close\"}"}]}
RESULT: {"script":"<script> [1562 bytes]","args":[{"selector":{"controlType":"sap.m.Button","properties":{"text":"Close"},"searchOpenDialogs":true,"interaction":{"idSuffix":"BDI-content"}},"wdio_ui5_key":"sapm.Button{\"text\":\"Close\"}"}]}
RESULT: undefined
COMMAND: POST /session/be50de500220529a90eff0d24b8b5426/element - {"using":"xpath","value":"//*[@id=\"__mbox-btn-0\"]"}
RESULT: {"using":"xpath","value":"//*[@id=\"__mbox-btn-0\"]"}
COMMAND: POST /session/be50de500220529a90eff0d24b8b5426/element/f.4C5E4E1008D2628DB27BF09AD41CA3B4.d.0A4305066089CF2015656B8AA8C6F73E.e.1543/click - {}
RESULT: {}
COMMAND: GET /session/be50de500220529a90eff0d24b8b5426/screenshot - {}
RESULT: {}
COMMAND: POST /session/be50de500220529a90eff0d24b8b5426/execute/async - {"script":"<script> [1562 bytes]","args":[{"selector":{"controlType":"sap.ui.core.Icon","viewName":"etm.portal.ui.manageresources.view.Detail","viewId":"application-manageresources-display-component---detailRU","properties":{"src":{"regex":{"source":"overflow"}}}},"wdio_ui5_key":"etmportal.ui.manageresources.view.Detailsap.ui.core.Icon{\"src\":{\"regex\":{\"source\":\"overflow\"}}}"}]}
RESULT: {"script":"<script> [1562 bytes]","args":[{"selector":{"controlType":"sap.ui.core.Icon","viewName":"etm.portal.ui.manageresources.view.Detail","viewId":"application-manageresources-display-component---detailRU","properties":{"src":{"regex":{"source":"overflow"}}}},"wdio_ui5_key":"etmportal.ui.manageresources.view.Detailsap.ui.core.Icon{\"src\":{\"regex\":{\"source\":\"overflow\"}}}"}]}
RESULT: undefined
COMMAND: POST /session/be50de500220529a90eff0d24b8b5426/element - {"using":"xpath","value":"//*[@id=\"__title18-_actionsToolbar-overflowButton-img\"]"}
RESULT: {"using":"xpath","value":"//*[@id=\"__title18-_actionsToolbar-overflowButton-img\"]"}
COMMAND: POST /session/be50de500220529a90eff0d24b8b5426/element/f.4C5E4E1008D2628DB27BF09AD41CA3B4.d.0A4305066089CF2015656B8AA8C6F73E.e.1577/click - {}
RESULT: {}
COMMAND: POST /session/be50de500220529a90eff0d24b8b5426/execute/async - {"script":"<script> [1562 bytes]","args":[{"selector":{"controlType":"sap.m.Button","viewName":"etm.portal.ui.manageresources.view.Detail","viewId":"application-manageresources-display-component---detailRU","i18NText":{"propertyName":"tooltip","key":"closeColumn"},"searchOpenDialogs":true,"interaction":{"idSuffix":"inner"}},"wdio_ui5_key":"etmportal.ui.manageresources.view.Detailsap.m.Button{\"propertyName\":\"tooltip\",\"key\":\"closeColumn\"}"}]}
COMMAND: GET /session/be50de500220529a90eff0d24b8b5426/screenshot - {}
RESULT: {"script":"<script> [1562 bytes]","args":[{"selector":{"controlType":"sap.m.Button","viewName":"etm.portal.ui.manageresources.view.Detail","viewId":"application-manageresources-display-component---detailRU","i18NText":{"propertyName":"tooltip","key":"closeColumn"},"searchOpenDialogs":true,"interaction":{"idSuffix":"inner"}},"wdio_ui5_key":"etmportal.ui.manageresources.view.Detailsap.m.Button{\"propertyName\":\"tooltip\",\"key\":\"closeColumn\"}"}]}
RESULT: undefined
COMMAND: POST /session/be50de500220529a90eff0d24b8b5426/element - {"using":"xpath","value":"//*[@id=\"__button51\"]"}
RESULT: {}
RESULT: {"using":"xpath","value":"//*[@id=\"__button51\"]"}
COMMAND: POST /session/be50de500220529a90eff0d24b8b5426/element/f.4C5E4E1008D2628DB27BF09AD41CA3B4.d.0A4305066089CF2015656B8AA8C6F73E.e.1579/click - {}
RESULT: {}
COMMAND: GET /session/be50de500220529a90eff0d24b8b5426/screenshot - {}
RESULT: {}
COMMAND: POST /session/be50de500220529a90eff0d24b8b5426/refresh - {}
RESULT: {}
COMMAND: GET /session/be50de500220529a90eff0d24b8b5426/screenshot - {}
RESULT: {}
COMMAND: POST /session/be50de500220529a90eff0d24b8b5426/execute/async - {"script":"<script> [189 bytes]","args":[]}
RESULT: {"script":"<script> [189 bytes]","args":[]}
COMMAND: POST /session/be50de500220529a90eff0d24b8b5426/execute/async - {"script":"<script> [123 bytes]","args":[]}
RESULT: {"script":"<script> [123 bytes]","args":[]}
COMMAND: POST /session/be50de500220529a90eff0d24b8b5426/timeouts - {"script":"<number>"}
RESULT: {"script":"<number>"}
COMMAND: GET /session/be50de500220529a90eff0d24b8b5426/timeouts - {}
RESULT: {}
RESULT: undefined
COMMAND: POST /session/be50de500220529a90eff0d24b8b5426/execute/async - {"script":"<script> [2676 bytes]","args":[]}
RESULT: {"script":"<script> [2676 bytes]","args":[]}
COMMAND: POST /session/be50de500220529a90eff0d24b8b5426/execute/async - {"script":"<script> [2342 bytes]","args":[{"protocol":"http","hostname":"0.0.0.0","path":"/","capabilities":{"browserName":"chrome","goog:chromeOptions":{"binary":"C:\\Program Files\\Google\\Chrome\\Application\\chrome.exe","args":["--start-maximized"]}},"logLevel":"warn","connectionRetryTimeout":120000,"connectionRetryCount":3,"logLevels":{},"enableDirectConnect":true,"strictSSL":true,"_":"65 more keys: [\"cacheDir\",\"port\",\"requestedCapabilities\",\"automationProtocol\",\"baseUrl\",\"waitforInterval\",\"waitforTimeout\",\"onReload\",\"beforeCommand\",\"afterCommand\",\"rootDir\",\"specs\",\"suites\",\"exclude\",\"groupLogsByTestSpec\",\"excludeDriverLogs\",\"bail\",\"framework\",\"reporters\",\"services\",\"maxInstances\",\"maxInstancesPerCapability\",\"injectGlobals\",\"filesToWatch\",\"execArgv\",\"runnerEnv\",\"runner\",\"shard\",\"specFileRetries\",\"specFileRetriesDelay\",\"specFileRetriesDeferred\",\"reporterSyncInterval\",\"reporterSyncTimeout\",\"cucumberFeaturesWithLineNumbers\",\"autoCompileOpts\",\"mochaOpts\",\"jasmineOpts\",\"cucumberOpts\",\"onPrepare\",\"onWorkerStart\",\"onWorkerEnd\",\"before\",\"beforeSession\",\"beforeSuite\",\"beforeHook\",\"beforeTest\",\"afterTest\",\"afterHook\",\"afterSuite\",\"afterSession\",\"after\",\"onComplete\",\"beforeAssertion\",\"afterAssertion\",\"beforeFeature\",\"beforeScenario\",\"beforeStep\",\"afterStep\",\"afterScenario\",\"afterFeature\",\"_\",\"suite\",\"$0\",\"ignoredWorkerServices\",\"wdi5\"]"}]}
RESULT: {"script":"<script> [2342 bytes]","args":[{"protocol":"http","hostname":"0.0.0.0","path":"/","capabilities":{"browserName":"chrome","goog:chromeOptions":{"binary":"C:\\Program Files\\Google\\Chrome\\Application\\chrome.exe","args":["--start-maximized"]}},"logLevel":"warn","connectionRetryTimeout":120000,"connectionRetryCount":3,"logLevels":{},"enableDirectConnect":true,"strictSSL":true,"_":"65 more keys: [\"cacheDir\",\"port\",\"requestedCapabilities\",\"automationProtocol\",\"baseUrl\",\"waitforInterval\",\"waitforTimeout\",\"onReload\",\"beforeCommand\",\"afterCommand\",\"rootDir\",\"specs\",\"suites\",\"exclude\",\"groupLogsByTestSpec\",\"excludeDriverLogs\",\"bail\",\"framework\",\"reporters\",\"services\",\"maxInstances\",\"maxInstancesPerCapability\",\"injectGlobals\",\"filesToWatch\",\"execArgv\",\"runnerEnv\",\"runner\",\"shard\",\"specFileRetries\",\"specFileRetriesDelay\",\"specFileRetriesDeferred\",\"reporterSyncInterval\",\"reporterSyncTimeout\",\"cucumberFeaturesWithLineNumbers\",\"autoCompileOpts\",\"mochaOpts\",\"jasmineOpts\",\"cucumberOpts\",\"onPrepare\",\"onWorkerStart\",\"onWorkerEnd\",\"before\",\"beforeSession\",\"beforeSuite\",\"beforeHook\",\"beforeTest\",\"afterTest\",\"afterHook\",\"afterSuite\",\"afterSession\",\"after\",\"onComplete\",\"beforeAssertion\",\"afterAssertion\",\"beforeFeature\",\"beforeScenario\",\"beforeStep\",\"afterStep\",\"afterScenario\",\"afterFeature\",\"_\",\"suite\",\"$0\",\"ignoredWorkerServices\",\"wdi5\"]"}]}
COMMAND: POST /session/be50de500220529a90eff0d24b8b5426/execute/async - {"script":"<script> [21126 bytes]","args":[35000]}
RESULT: {"script":"<script> [21126 bytes]","args":[35000]}
COMMAND: POST /session/be50de500220529a90eff0d24b8b5426/element - {"using":"css selector","value":"#shell-header-logo"}
RESULT: {"using":"css selector","value":"#shell-header-logo"}
COMMAND: POST /session/be50de500220529a90eff0d24b8b5426/element/f.4C5E4E1008D2628DB27BF09AD41CA3B4.d.518FEC2745F3E0997D6DC6A29747FAAC.e.1669/click - {}
RESULT: {}
COMMAND: GET /session/be50de500220529a90eff0d24b8b5426/screenshot - {}
RESULT: {}
COMMAND: POST /session/be50de500220529a90eff0d24b8b5426/element - {"using":"css selector","value":"#shell-header-logo"}
RESULT: {"using":"css selector","value":"#shell-header-logo"}
COMMAND: POST /session/be50de500220529a90eff0d24b8b5426/element/f.4C5E4E1008D2628DB27BF09AD41CA3B4.d.518FEC2745F3E0997D6DC6A29747FAAC.e.1847/click - {}
RESULT: {}
COMMAND: GET /session/be50de500220529a90eff0d24b8b5426/screenshot - {}
RESULT: {}
]]></system-out>
    </testcase>
    <testcase classname="chrome.137_0_7151_69.windows.Warehouse_movements_inventory_test" name="Should do a stock increase handover" time="102.672">
      <system-out><![CDATA[
COMMAND: POST /session/be50de500220529a90eff0d24b8b5426/execute/async - {"script":"<script> [1562 bytes]","args":[{"selector":{"controlType":"sap.m.GenericTile","properties":{"header":"Manage Handovers"}},"wdio_ui5_key":"sapm.GenericTile{\"header\":\"Manage Handovers\"}"}]}
RESULT: {"script":"<script> [1562 bytes]","args":[{"selector":{"controlType":"sap.m.GenericTile","properties":{"header":"Manage Handovers"}},"wdio_ui5_key":"sapm.GenericTile{\"header\":\"Manage Handovers\"}"}]}
RESULT: undefined
COMMAND: POST /session/be50de500220529a90eff0d24b8b5426/element - {"using":"xpath","value":"//*[@id=\"__tile132\"]"}
RESULT: {"using":"xpath","value":"//*[@id=\"__tile132\"]"}
COMMAND: POST /session/be50de500220529a90eff0d24b8b5426/element/f.4C5E4E1008D2628DB27BF09AD41CA3B4.d.518FEC2745F3E0997D6DC6A29747FAAC.e.1856/click - {}
RESULT: {}
COMMAND: GET /session/be50de500220529a90eff0d24b8b5426/screenshot - {}
RESULT: {}
COMMAND: POST /session/be50de500220529a90eff0d24b8b5426/elements - {"using":"xpath","value":"//span[text()='Error']"}
RESULT: {"using":"xpath","value":"//span[text()='Error']"}
COMMAND: POST /session/be50de500220529a90eff0d24b8b5426/element - {"using":"xpath","value":"//button[(@data-kt = 'masterHOAddButton')]"}
RESULT: {"using":"xpath","value":"//button[(@data-kt = 'masterHOAddButton')]"}
COMMAND: POST /session/be50de500220529a90eff0d24b8b5426/element/f.4C5E4E1008D2628DB27BF09AD41CA3B4.d.518FEC2745F3E0997D6DC6A29747FAAC.e.1897/click - {}
RESULT: {}
COMMAND: GET /session/be50de500220529a90eff0d24b8b5426/screenshot - {}
RESULT: {}
COMMAND: POST /session/be50de500220529a90eff0d24b8b5426/element - {"using":"xpath","value":"//span[contains(@id ,\"AddNewHO--typeSelect-arrow\")]"}
RESULT: {"using":"xpath","value":"//span[contains(@id ,\"AddNewHO--typeSelect-arrow\")]"}
COMMAND: POST /session/be50de500220529a90eff0d24b8b5426/element/f.4C5E4E1008D2628DB27BF09AD41CA3B4.d.518FEC2745F3E0997D6DC6A29747FAAC.e.2149/click - {}
RESULT: {}
COMMAND: POST /session/be50de500220529a90eff0d24b8b5426/element - {"using":"xpath","value":"(//li[contains(text(), \"stock increase yard\")])[1]"}
COMMAND: GET /session/be50de500220529a90eff0d24b8b5426/screenshot - {}
RESULT: {"using":"xpath","value":"(//li[contains(text(), \"stock increase yard\")])[1]"}
COMMAND: POST /session/be50de500220529a90eff0d24b8b5426/element/f.4C5E4E1008D2628DB27BF09AD41CA3B4.d.518FEC2745F3E0997D6DC6A29747FAAC.e.2150/click - {}
RESULT: {}
RESULT: {}
COMMAND: GET /session/be50de500220529a90eff0d24b8b5426/screenshot - {}
RESULT: {}
COMMAND: POST /session/be50de500220529a90eff0d24b8b5426/execute/async - {"script":"<script> [1562 bytes]","args":[{"selector":{"id":"application-managehandovers-display-component---AddNewHO--dueDate","interaction":{"idSuffix":"inner"}},"wdio_ui5_key":"applicationmanagehandovers-display-component---AddNewHO--dueDate"}]}
RESULT: {"script":"<script> [1562 bytes]","args":[{"selector":{"id":"application-managehandovers-display-component---AddNewHO--dueDate","interaction":{"idSuffix":"inner"}},"wdio_ui5_key":"applicationmanagehandovers-display-component---AddNewHO--dueDate"}]}
RESULT: undefined
COMMAND: POST /session/be50de500220529a90eff0d24b8b5426/execute/async - {"script":"<script> [6424 bytes]","args":[{"element-6066-11e4-a52e-4f735466cecf":"f.4C5E4E1008D2628DB27BF09AD41CA3B4.d.518FEC2745F3E0997D6DC6A29747FAAC.e.2154"},"setValue",["6/13/25"]]}
RESULT: {"script":"<script> [6424 bytes]","args":[{"element-6066-11e4-a52e-4f735466cecf":"f.4C5E4E1008D2628DB27BF09AD41CA3B4.d.518FEC2745F3E0997D6DC6A29747FAAC.e.2154"},"setValue",["6/13/25"]]}
COMMAND: POST /session/be50de500220529a90eff0d24b8b5426/element - {"using":"xpath","value":"//input[@id=\"generalSectionFrg--receiveYard-inner\"]"}
RESULT: {"using":"xpath","value":"//input[@id=\"generalSectionFrg--receiveYard-inner\"]"}
COMMAND: POST /session/be50de500220529a90eff0d24b8b5426/element/f.4C5E4E1008D2628DB27BF09AD41CA3B4.d.518FEC2745F3E0997D6DC6A29747FAAC.e.2160/clear - {}
RESULT: {}
COMMAND: POST /session/be50de500220529a90eff0d24b8b5426/element/f.4C5E4E1008D2628DB27BF09AD41CA3B4.d.518FEC2745F3E0997D6DC6A29747FAAC.e.2160/value - {"text":"WebdriverWHMYard9tt2fh"}
COMMAND: GET /session/be50de500220529a90eff0d24b8b5426/screenshot - {}
RESULT: {"text":"WebdriverWHMYard9tt2fh"}
COMMAND: GET /session/be50de500220529a90eff0d24b8b5426/screenshot - {}
RESULT: {}
RESULT: {}
COMMAND: POST /session/be50de500220529a90eff0d24b8b5426/execute/async - {"script":"<script> [1562 bytes]","args":[{"selector":{"id":"application-managehandovers-display-component---AddNewHO--ObjectPageLayout-anchBar-application-managehandovers-display-component---AddNewHO--section4-anchor","interaction":{"idSuffix":"BDI-content"}},"wdio_ui5_key":"applicationmanagehandovers-display-component---AddNewHO--ObjectPageLayout-anchBar-application-managehandovers-display-component---AddNewHO--section4-anchor"}]}
RESULT: {"script":"<script> [1562 bytes]","args":[{"selector":{"id":"application-managehandovers-display-component---AddNewHO--ObjectPageLayout-anchBar-application-managehandovers-display-component---AddNewHO--section4-anchor","interaction":{"idSuffix":"BDI-content"}},"wdio_ui5_key":"applicationmanagehandovers-display-component---AddNewHO--ObjectPageLayout-anchBar-application-managehandovers-display-component---AddNewHO--section4-anchor"}]}
RESULT: undefined
COMMAND: POST /session/be50de500220529a90eff0d24b8b5426/element - {"using":"xpath","value":"//*[@id=\"application-managehandovers-display-component---AddNewHO--ObjectPageLayout-anchBar-application-managehandovers-display-component---AddNewHO--section4-anchor\"]"}
RESULT: {"using":"xpath","value":"//*[@id=\"application-managehandovers-display-component---AddNewHO--ObjectPageLayout-anchBar-application-managehandovers-display-component---AddNewHO--section4-anchor\"]"}
COMMAND: POST /session/be50de500220529a90eff0d24b8b5426/element/f.4C5E4E1008D2628DB27BF09AD41CA3B4.d.518FEC2745F3E0997D6DC6A29747FAAC.e.2179/click - {}
RESULT: {}
COMMAND: GET /session/be50de500220529a90eff0d24b8b5426/screenshot - {}
RESULT: {}
COMMAND: POST /session/be50de500220529a90eff0d24b8b5426/element - {"using":"xpath","value":"//button[@aria-label=\"Add\"]"}
RESULT: {"using":"xpath","value":"//button[@aria-label=\"Add\"]"}
COMMAND: POST /session/be50de500220529a90eff0d24b8b5426/element/f.4C5E4E1008D2628DB27BF09AD41CA3B4.d.518FEC2745F3E0997D6DC6A29747FAAC.e.2183/click - {}
RESULT: {}
COMMAND: GET /session/be50de500220529a90eff0d24b8b5426/screenshot - {}
RESULT: {}
COMMAND: POST /session/be50de500220529a90eff0d24b8b5426/execute/async - {"script":"<script> [1562 bytes]","args":[{"selector":{"id":"application-managehandovers-display-component---AddNewHO--smartFilterBar-btnBasicSearch","searchOpenDialogs":true,"interaction":{"idSuffix":"I"}},"wdio_ui5_key":"applicationmanagehandovers-display-component---AddNewHO--smartFilterBar-btnBasicSearch"}]}
RESULT: {"script":"<script> [1562 bytes]","args":[{"selector":{"id":"application-managehandovers-display-component---AddNewHO--smartFilterBar-btnBasicSearch","searchOpenDialogs":true,"interaction":{"idSuffix":"I"}},"wdio_ui5_key":"applicationmanagehandovers-display-component---AddNewHO--smartFilterBar-btnBasicSearch"}]}
RESULT: undefined
COMMAND: POST /session/be50de500220529a90eff0d24b8b5426/execute/async - {"script":"<script> [776 bytes]","args":[{"enterText":"WebdriverMatTests25as","selector":{"id":"application-managehandovers-display-component---AddNewHO--smartFilterBar-btnBasicSearch","searchOpenDialogs":true,"interaction":{"idSuffix":"I"}},"clearTextFirst":true,"interactionType":"ENTER_TEXT"}]}
RESULT: {"script":"<script> [776 bytes]","args":[{"enterText":"WebdriverMatTests25as","selector":{"id":"application-managehandovers-display-component---AddNewHO--smartFilterBar-btnBasicSearch","searchOpenDialogs":true,"interaction":{"idSuffix":"I"}},"clearTextFirst":true,"interactionType":"ENTER_TEXT"}]}
COMMAND: POST /session/be50de500220529a90eff0d24b8b5426/actions - {"actions":[{"id":"action7","type":"key","parameters":{},"actions":[{"type":"keyDown","value":""},{"type":"pause","duration":10},{"type":"keyUp","value":""}]}]}
RESULT: {"actions":[{"id":"action7","type":"key","parameters":{},"actions":[{"type":"keyDown","value":""},{"type":"pause","duration":10},{"type":"keyUp","value":""}]}]}
COMMAND: POST /session/be50de500220529a90eff0d24b8b5426/execute/async - {"script":"<script> [1562 bytes]","args":[{"selector":{"id":"application-managehandovers-display-component---AddNewHO--popup-sa","searchOpenDialogs":true,"interaction":{"idSuffix":"CbBg"}},"wdio_ui5_key":"applicationmanagehandovers-display-component---AddNewHO--popup-sa"}]}
COMMAND: GET /session/be50de500220529a90eff0d24b8b5426/screenshot - {}
RESULT: {"script":"<script> [1562 bytes]","args":[{"selector":{"id":"application-managehandovers-display-component---AddNewHO--popup-sa","searchOpenDialogs":true,"interaction":{"idSuffix":"CbBg"}},"wdio_ui5_key":"applicationmanagehandovers-display-component---AddNewHO--popup-sa"}]}
RESULT: undefined
COMMAND: POST /session/be50de500220529a90eff0d24b8b5426/element - {"using":"xpath","value":"//*[@id=\"application-managehandovers-display-component---AddNewHO--popup-sa\"]"}
RESULT: {}
RESULT: {"using":"xpath","value":"//*[@id=\"application-managehandovers-display-component---AddNewHO--popup-sa\"]"}
COMMAND: POST /session/be50de500220529a90eff0d24b8b5426/element/f.4C5E4E1008D2628DB27BF09AD41CA3B4.d.518FEC2745F3E0997D6DC6A29747FAAC.e.2336/click - {}
RESULT: {}
COMMAND: GET /session/be50de500220529a90eff0d24b8b5426/screenshot - {}
RESULT: {}
COMMAND: POST /session/be50de500220529a90eff0d24b8b5426/element - {"using":"xpath","value":"//bdi[contains(text(), \"Select\")]"}
RESULT: {"using":"xpath","value":"//bdi[contains(text(), \"Select\")]"}
COMMAND: POST /session/be50de500220529a90eff0d24b8b5426/element/f.4C5E4E1008D2628DB27BF09AD41CA3B4.d.518FEC2745F3E0997D6DC6A29747FAAC.e.2337/click - {}
RESULT: {}
COMMAND: GET /session/be50de500220529a90eff0d24b8b5426/screenshot - {}
RESULT: {}
COMMAND: POST /session/be50de500220529a90eff0d24b8b5426/element - {"using":"xpath","value":"//button[@data-kt=\"AddNewHOSaveButton\"]"}
RESULT: {"using":"xpath","value":"//button[@data-kt=\"AddNewHOSaveButton\"]"}
COMMAND: POST /session/be50de500220529a90eff0d24b8b5426/element/f.4C5E4E1008D2628DB27BF09AD41CA3B4.d.518FEC2745F3E0997D6DC6A29747FAAC.e.2341/click - {}
RESULT: {}
COMMAND: GET /session/be50de500220529a90eff0d24b8b5426/screenshot - {}
RESULT: {}
COMMAND: POST /session/be50de500220529a90eff0d24b8b5426/execute/async - {"script":"<script> [1562 bytes]","args":[{"selector":{"id":"receiptDatePicker","viewName":"etm.portal.ui.managehandovers.view.DetailExecuteHO","interaction":{"idSuffix":"inner"}},"wdio_ui5_key":"receiptDatePickeretmportal.ui.managehandovers.view.DetailExecuteHO"}]}
RESULT: {"script":"<script> [1562 bytes]","args":[{"selector":{"id":"receiptDatePicker","viewName":"etm.portal.ui.managehandovers.view.DetailExecuteHO","interaction":{"idSuffix":"inner"}},"wdio_ui5_key":"receiptDatePickeretmportal.ui.managehandovers.view.DetailExecuteHO"}]}
RESULT: undefined
COMMAND: POST /session/be50de500220529a90eff0d24b8b5426/execute/async - {"script":"<script> [6424 bytes]","args":[{"element-6066-11e4-a52e-4f735466cecf":"f.4C5E4E1008D2628DB27BF09AD41CA3B4.d.518FEC2745F3E0997D6DC6A29747FAAC.e.2369"},"setValue",["6/13/25"]]}
RESULT: {"script":"<script> [6424 bytes]","args":[{"element-6066-11e4-a52e-4f735466cecf":"f.4C5E4E1008D2628DB27BF09AD41CA3B4.d.518FEC2745F3E0997D6DC6A29747FAAC.e.2369"},"setValue",["6/13/25"]]}
COMMAND: POST /session/be50de500220529a90eff0d24b8b5426/element - {"using":"xpath","value":"//button[@data-kt=\"ReceivingTableConfirmAllButton\"]"}
RESULT: {"using":"xpath","value":"//button[@data-kt=\"ReceivingTableConfirmAllButton\"]"}
COMMAND: POST /session/be50de500220529a90eff0d24b8b5426/element/f.4C5E4E1008D2628DB27BF09AD41CA3B4.d.518FEC2745F3E0997D6DC6A29747FAAC.e.2387/click - {}
RESULT: {}
COMMAND: GET /session/be50de500220529a90eff0d24b8b5426/screenshot - {}
RESULT: {}
COMMAND: POST /session/be50de500220529a90eff0d24b8b5426/element - {"using":"xpath","value":"//bdi[contains(text(), \"OK\")]"}
RESULT: {"using":"xpath","value":"//bdi[contains(text(), \"OK\")]"}
COMMAND: POST /session/be50de500220529a90eff0d24b8b5426/element/f.4C5E4E1008D2628DB27BF09AD41CA3B4.d.518FEC2745F3E0997D6DC6A29747FAAC.e.2389/click - {}
RESULT: {}
COMMAND: GET /session/be50de500220529a90eff0d24b8b5426/screenshot - {}
RESULT: {}
COMMAND: POST /session/be50de500220529a90eff0d24b8b5426/element - {"using":"xpath","value":"(//bdi[contains(text(), \"Receive\")])[2]"}
RESULT: {"using":"xpath","value":"(//bdi[contains(text(), \"Receive\")])[2]"}
COMMAND: POST /session/be50de500220529a90eff0d24b8b5426/element/f.4C5E4E1008D2628DB27BF09AD41CA3B4.d.518FEC2745F3E0997D6DC6A29747FAAC.e.2391/click - {}
RESULT: {}
COMMAND: GET /session/be50de500220529a90eff0d24b8b5426/screenshot - {}
RESULT: {}
COMMAND: POST /session/be50de500220529a90eff0d24b8b5426/element - {"using":"css selector","value":"#shell-header-logo"}
RESULT: {"using":"css selector","value":"#shell-header-logo"}
COMMAND: POST /session/be50de500220529a90eff0d24b8b5426/element/f.4C5E4E1008D2628DB27BF09AD41CA3B4.d.518FEC2745F3E0997D6DC6A29747FAAC.e.1847/click - {}
RESULT: {}
COMMAND: GET /session/be50de500220529a90eff0d24b8b5426/screenshot - {}
RESULT: {}
]]></system-out>
    </testcase>
    <testcase classname="chrome.137_0_7151_69.windows.Warehouse_movements_inventory_test" name="Verify the warehouse movement" time="48.954">
      <system-out><![CDATA[
COMMAND: POST /session/be50de500220529a90eff0d24b8b5426/execute/async - {"script":"<script> [1562 bytes]","args":[{"selector":{"controlType":"sap.m.GenericTile","properties":{"header":"Manage Warehouse Movements"}},"wdio_ui5_key":"sapm.GenericTile{\"header\":\"Manage Warehouse Movements\"}"}]}
RESULT: {"script":"<script> [1562 bytes]","args":[{"selector":{"controlType":"sap.m.GenericTile","properties":{"header":"Manage Warehouse Movements"}},"wdio_ui5_key":"sapm.GenericTile{\"header\":\"Manage Warehouse Movements\"}"}]}
RESULT: undefined
COMMAND: POST /session/be50de500220529a90eff0d24b8b5426/element - {"using":"xpath","value":"//*[@id=\"__tile107\"]"}
RESULT: {"using":"xpath","value":"//*[@id=\"__tile107\"]"}
COMMAND: POST /session/be50de500220529a90eff0d24b8b5426/element/f.4C5E4E1008D2628DB27BF09AD41CA3B4.d.518FEC2745F3E0997D6DC6A29747FAAC.e.2542/click - {}
RESULT: {}
COMMAND: GET /session/be50de500220529a90eff0d24b8b5426/screenshot - {}
RESULT: {}
COMMAND: POST /session/be50de500220529a90eff0d24b8b5426/elements - {"using":"xpath","value":"//span[text()='Error']"}
RESULT: {"using":"xpath","value":"//span[text()='Error']"}
COMMAND: POST /session/be50de500220529a90eff0d24b8b5426/execute/async - {"script":"<script> [1562 bytes]","args":[{"selector":{"id":"application-warehousemovements-display-component---warehouseMovements--smartFilterBar-filterItemControl_BASIC-YARD-vhi"},"wdio_ui5_key":"applicationwarehousemovements-display-component---warehouseMovements--smartFilterBar-filterItemControl_BASIC-YARD-vhi"}]}
RESULT: {"script":"<script> [1562 bytes]","args":[{"selector":{"id":"application-warehousemovements-display-component---warehouseMovements--smartFilterBar-filterItemControl_BASIC-YARD-vhi"},"wdio_ui5_key":"applicationwarehousemovements-display-component---warehouseMovements--smartFilterBar-filterItemControl_BASIC-YARD-vhi"}]}
RESULT: undefined
COMMAND: POST /session/be50de500220529a90eff0d24b8b5426/element - {"using":"xpath","value":"//*[@id=\"application-warehousemovements-display-component---warehouseMovements--smartFilterBar-filterItemControl_BASIC-YARD-vhi\"]"}
RESULT: {"using":"xpath","value":"//*[@id=\"application-warehousemovements-display-component---warehouseMovements--smartFilterBar-filterItemControl_BASIC-YARD-vhi\"]"}
COMMAND: POST /session/be50de500220529a90eff0d24b8b5426/element/f.4C5E4E1008D2628DB27BF09AD41CA3B4.d.518FEC2745F3E0997D6DC6A29747FAAC.e.2633/click - {}
RESULT: {}
COMMAND: GET /session/be50de500220529a90eff0d24b8b5426/screenshot - {}
RESULT: {}
COMMAND: POST /session/be50de500220529a90eff0d24b8b5426/execute/async - {"script":"<script> [1562 bytes]","args":[{"selector":{"id":"application-warehousemovements-display-component---warehouseMovements--smartFilterBar-filterItemControl_BASIC-YARD-valueHelpDialog-smartFilterBar-btnBasicSearch","searchOpenDialogs":true,"interaction":{"idSuffix":"I"}},"wdio_ui5_key":"applicationwarehousemovements-display-component---warehouseMovements--smartFilterBar-filterItemControl_BASIC-YARD-valueHelpDialog-smartFilterBar-btnBasicSearch"}]}
RESULT: {"script":"<script> [1562 bytes]","args":[{"selector":{"id":"application-warehousemovements-display-component---warehouseMovements--smartFilterBar-filterItemControl_BASIC-YARD-valueHelpDialog-smartFilterBar-btnBasicSearch","searchOpenDialogs":true,"interaction":{"idSuffix":"I"}},"wdio_ui5_key":"applicationwarehousemovements-display-component---warehouseMovements--smartFilterBar-filterItemControl_BASIC-YARD-valueHelpDialog-smartFilterBar-btnBasicSearch"}]}
RESULT: undefined
COMMAND: POST /session/be50de500220529a90eff0d24b8b5426/execute/async - {"script":"<script> [776 bytes]","args":[{"enterText":"WebdriverWHMYard9tt2fh","selector":{"id":"application-warehousemovements-display-component---warehouseMovements--smartFilterBar-filterItemControl_BASIC-YARD-valueHelpDialog-smartFilterBar-btnBasicSearch","searchOpenDialogs":true,"interaction":{"idSuffix":"I"}},"clearTextFirst":true,"interactionType":"ENTER_TEXT"}]}
RESULT: {"script":"<script> [776 bytes]","args":[{"enterText":"WebdriverWHMYard9tt2fh","selector":{"id":"application-warehousemovements-display-component---warehouseMovements--smartFilterBar-filterItemControl_BASIC-YARD-valueHelpDialog-smartFilterBar-btnBasicSearch","searchOpenDialogs":true,"interaction":{"idSuffix":"I"}},"clearTextFirst":true,"interactionType":"ENTER_TEXT"}]}
COMMAND: POST /session/be50de500220529a90eff0d24b8b5426/actions - {"actions":[{"id":"action8","type":"key","parameters":{},"actions":[{"type":"keyDown","value":""},{"type":"pause","duration":10},{"type":"keyUp","value":""}]}]}
RESULT: {"actions":[{"id":"action8","type":"key","parameters":{},"actions":[{"type":"keyDown","value":""},{"type":"pause","duration":10},{"type":"keyUp","value":""}]}]}
COMMAND: GET /session/be50de500220529a90eff0d24b8b5426/screenshot - {}
RESULT: {}
COMMAND: POST /session/be50de500220529a90eff0d24b8b5426/element - {"using":"xpath","value":"//div[@id='application-warehousemovements-display-component---warehouseMovements--smartFilterBar-filterItemControl_BASIC-YARD-valueHelpDialog-table-rowsel0']"}
RESULT: {"using":"xpath","value":"//div[@id='application-warehousemovements-display-component---warehouseMovements--smartFilterBar-filterItemControl_BASIC-YARD-valueHelpDialog-table-rowsel0']"}
COMMAND: POST /session/be50de500220529a90eff0d24b8b5426/element/f.4C5E4E1008D2628DB27BF09AD41CA3B4.d.518FEC2745F3E0997D6DC6A29747FAAC.e.2642/click - {}
RESULT: {}
COMMAND: POST /session/be50de500220529a90eff0d24b8b5426/execute/async - {"script":"<script> [1562 bytes]","args":[{"selector":{"id":"application-warehousemovements-display-component---warehouseMovements--smartFilterBar-filterItemControl_BASIC-YARD-valueHelpDialog-ok","searchOpenDialogs":true,"interaction":{"idSuffix":"BDI-content"}},"wdio_ui5_key":"applicationwarehousemovements-display-component---warehouseMovements--smartFilterBar-filterItemControl_BASIC-YARD-valueHelpDialog-ok"}]}
COMMAND: GET /session/be50de500220529a90eff0d24b8b5426/screenshot - {}
RESULT: {"script":"<script> [1562 bytes]","args":[{"selector":{"id":"application-warehousemovements-display-component---warehouseMovements--smartFilterBar-filterItemControl_BASIC-YARD-valueHelpDialog-ok","searchOpenDialogs":true,"interaction":{"idSuffix":"BDI-content"}},"wdio_ui5_key":"applicationwarehousemovements-display-component---warehouseMovements--smartFilterBar-filterItemControl_BASIC-YARD-valueHelpDialog-ok"}]}
RESULT: undefined
COMMAND: POST /session/be50de500220529a90eff0d24b8b5426/element - {"using":"xpath","value":"//*[@id=\"application-warehousemovements-display-component---warehouseMovements--smartFilterBar-filterItemControl_BASIC-YARD-valueHelpDialog-ok\"]"}
RESULT: {}
RESULT: {"using":"xpath","value":"//*[@id=\"application-warehousemovements-display-component---warehouseMovements--smartFilterBar-filterItemControl_BASIC-YARD-valueHelpDialog-ok\"]"}
COMMAND: POST /session/be50de500220529a90eff0d24b8b5426/element/f.4C5E4E1008D2628DB27BF09AD41CA3B4.d.518FEC2745F3E0997D6DC6A29747FAAC.e.2645/click - {}
RESULT: {}
COMMAND: POST /session/be50de500220529a90eff0d24b8b5426/execute/async - {"script":"<script> [1562 bytes]","args":[{"selector":{"controlType":"sap.ui.core.Icon","viewName":"etm.portal.ui.warehousemovements.view.MasterMovement","viewId":"application-warehousemovements-display-component---warehouseMovements","properties":{"src":{"regex":{"source":"add"}}}},"wdio_ui5_key":"etmportal.ui.warehousemovements.view.MasterMovementsap.ui.core.Icon{\"src\":{\"regex\":{\"source\":\"add\"}}}"}]}
COMMAND: GET /session/be50de500220529a90eff0d24b8b5426/screenshot - {}
RESULT: {"script":"<script> [1562 bytes]","args":[{"selector":{"controlType":"sap.ui.core.Icon","viewName":"etm.portal.ui.warehousemovements.view.MasterMovement","viewId":"application-warehousemovements-display-component---warehouseMovements","properties":{"src":{"regex":{"source":"add"}}}},"wdio_ui5_key":"etmportal.ui.warehousemovements.view.MasterMovementsap.ui.core.Icon{\"src\":{\"regex\":{\"source\":\"add\"}}}"}]}
RESULT: undefined
COMMAND: POST /session/be50de500220529a90eff0d24b8b5426/element - {"using":"xpath","value":"//*[@id=\"__button77-img\"]"}
RESULT: {}
RESULT: {"using":"xpath","value":"//*[@id=\"__button77-img\"]"}
COMMAND: POST /session/be50de500220529a90eff0d24b8b5426/element/f.4C5E4E1008D2628DB27BF09AD41CA3B4.d.518FEC2745F3E0997D6DC6A29747FAAC.e.2580/click - {}
RESULT: {}
COMMAND: POST /session/be50de500220529a90eff0d24b8b5426/element - {"using":"xpath","value":"//input[contains(@id ,\"application-warehousemovements-display-component---addMovement--sectionsList-inner\")]"}
COMMAND: GET /session/be50de500220529a90eff0d24b8b5426/screenshot - {}
RESULT: {"using":"xpath","value":"//input[contains(@id ,\"application-warehousemovements-display-component---addMovement--sectionsList-inner\")]"}
COMMAND: POST /session/be50de500220529a90eff0d24b8b5426/element/f.4C5E4E1008D2628DB27BF09AD41CA3B4.d.518FEC2745F3E0997D6DC6A29747FAAC.e.2705/clear - {}
RESULT: {}
RESULT: {}
COMMAND: POST /session/be50de500220529a90eff0d24b8b5426/element/f.4C5E4E1008D2628DB27BF09AD41CA3B4.d.518FEC2745F3E0997D6DC6A29747FAAC.e.2705/value - {"text":"Sec7okhm"}
COMMAND: GET /session/be50de500220529a90eff0d24b8b5426/screenshot - {}
RESULT: {"text":"Sec7okhm"}
COMMAND: GET /session/be50de500220529a90eff0d24b8b5426/screenshot - {}
RESULT: {}
RESULT: {}
COMMAND: POST /session/be50de500220529a90eff0d24b8b5426/actions - {"actions":[{"id":"action9","type":"key","parameters":{},"actions":[{"type":"keyDown","value":""},{"type":"pause","duration":10},{"type":"keyUp","value":""}]}]}
RESULT: {"actions":[{"id":"action9","type":"key","parameters":{},"actions":[{"type":"keyDown","value":""},{"type":"pause","duration":10},{"type":"keyUp","value":""}]}]}
COMMAND: GET /session/be50de500220529a90eff0d24b8b5426/screenshot - {}
RESULT: {}
COMMAND: POST /session/be50de500220529a90eff0d24b8b5426/execute/async - {"script":"<script> [1562 bytes]","args":[{"selector":{"id":"application-warehousemovements-display-component---addMovement--addItem-img"},"wdio_ui5_key":"applicationwarehousemovements-display-component---addMovement--addItem-img"}]}
RESULT: {"script":"<script> [1562 bytes]","args":[{"selector":{"id":"application-warehousemovements-display-component---addMovement--addItem-img"},"wdio_ui5_key":"applicationwarehousemovements-display-component---addMovement--addItem-img"}]}
RESULT: undefined
COMMAND: POST /session/be50de500220529a90eff0d24b8b5426/element - {"using":"xpath","value":"//*[@id=\"application-warehousemovements-display-component---addMovement--addItem-img\"]"}
RESULT: {"using":"xpath","value":"//*[@id=\"application-warehousemovements-display-component---addMovement--addItem-img\"]"}
COMMAND: POST /session/be50de500220529a90eff0d24b8b5426/element/f.4C5E4E1008D2628DB27BF09AD41CA3B4.d.518FEC2745F3E0997D6DC6A29747FAAC.e.2688/click - {}
RESULT: {}
COMMAND: POST /session/be50de500220529a90eff0d24b8b5426/execute/async - {"script":"<script> [1562 bytes]","args":[{"selector":{"id":"movementItemsPopUp--invSearch","searchOpenDialogs":true,"interaction":{"idSuffix":"I"}},"wdio_ui5_key":"movementItemsPopUpinvSearch"}]}
COMMAND: GET /session/be50de500220529a90eff0d24b8b5426/screenshot - {}
RESULT: {"script":"<script> [1562 bytes]","args":[{"selector":{"id":"movementItemsPopUp--invSearch","searchOpenDialogs":true,"interaction":{"idSuffix":"I"}},"wdio_ui5_key":"movementItemsPopUpinvSearch"}]}
RESULT: undefined
COMMAND: POST /session/be50de500220529a90eff0d24b8b5426/execute/async - {"script":"<script> [1562 bytes]","args":[{"selector":{"id":"movementItemsPopUp--movementItemsTable-sa","searchOpenDialogs":true,"interaction":{"idSuffix":"CbBg"}},"wdio_ui5_key":"movementItemsPopUpmovementItemsTable-sa"}]}
RESULT: {}
RESULT: {"script":"<script> [1562 bytes]","args":[{"selector":{"id":"movementItemsPopUp--movementItemsTable-sa","searchOpenDialogs":true,"interaction":{"idSuffix":"CbBg"}},"wdio_ui5_key":"movementItemsPopUpmovementItemsTable-sa"}]}
RESULT: undefined
COMMAND: POST /session/be50de500220529a90eff0d24b8b5426/execute/async - {"script":"<script> [1562 bytes]","args":[{"selector":{"id":"movementItemsPopUp--createBtn","searchOpenDialogs":true,"interaction":{"idSuffix":"BDI-content"}},"wdio_ui5_key":"movementItemsPopUpcreateBtn"}]}
RESULT: {"script":"<script> [1562 bytes]","args":[{"selector":{"id":"movementItemsPopUp--createBtn","searchOpenDialogs":true,"interaction":{"idSuffix":"BDI-content"}},"wdio_ui5_key":"movementItemsPopUpcreateBtn"}]}
RESULT: undefined
COMMAND: POST /session/be50de500220529a90eff0d24b8b5426/element - {"using":"css selector","value":"#j_username"}
COMMAND: POST /session/be50de500220529a90eff0d24b8b5426/url - {"url":"https://qa-testing-00-live-etm-ui.cfapps.eu10-004.hana.ondemand.com/"}
RESULT: {"using":"css selector","value":"#j_username"}
COMMAND: POST /session/be50de500220529a90eff0d24b8b5426/element - {"using":"css selector","value":"#j_username"}
RESULT: {"url":"https://qa-testing-00-live-etm-ui.cfapps.eu10-004.hana.ondemand.com/"}
RESULT: undefined
RESULT: undefined
COMMAND: GET /session/be50de500220529a90eff0d24b8b5426/screenshot - {}
RESULT: {"using":"css selector","value":"#j_username"}
COMMAND: POST /session/be50de500220529a90eff0d24b8b5426/element - {"using":"css selector","value":"#shell-header-logo"}
RESULT: {}
RESULT: {"using":"css selector","value":"#shell-header-logo"}
COMMAND: POST /session/be50de500220529a90eff0d24b8b5426/execute/sync - {"script":"<script> [8489 bytes]","args":[{"element-6066-11e4-a52e-4f735466cecf":"f.4C5E4E1008D2628DB27BF09AD41CA3B4.d.5AF9806D2FED55B2957596BE555897EF.e.2775","ELEMENT":"f.4C5E4E1008D2628DB27BF09AD41CA3B4.d.5AF9806D2FED55B2957596BE555897EF.e.2775"}]}
RESULT: {"script":"<script> [8489 bytes]","args":[{"element-6066-11e4-a52e-4f735466cecf":"f.4C5E4E1008D2628DB27BF09AD41CA3B4.d.5AF9806D2FED55B2957596BE555897EF.e.2775","ELEMENT":"f.4C5E4E1008D2628DB27BF09AD41CA3B4.d.5AF9806D2FED55B2957596BE555897EF.e.2775"}]}
COMMAND: POST /session/be50de500220529a90eff0d24b8b5426/element - {"using":"css selector","value":"#shell-header-logo"}
COMMAND: GET /session/be50de500220529a90eff0d24b8b5426/screenshot - {}
RESULT: {"using":"css selector","value":"#shell-header-logo"}
COMMAND: POST /session/be50de500220529a90eff0d24b8b5426/execute/sync - {"script":"<script> [8489 bytes]","args":[{"element-6066-11e4-a52e-4f735466cecf":"f.4C5E4E1008D2628DB27BF09AD41CA3B4.d.5AF9806D2FED55B2957596BE555897EF.e.2775","ELEMENT":"f.4C5E4E1008D2628DB27BF09AD41CA3B4.d.5AF9806D2FED55B2957596BE555897EF.e.2775"}]}
RESULT: {}
RESULT: {"script":"<script> [8489 bytes]","args":[{"element-6066-11e4-a52e-4f735466cecf":"f.4C5E4E1008D2628DB27BF09AD41CA3B4.d.5AF9806D2FED55B2957596BE555897EF.e.2775","ELEMENT":"f.4C5E4E1008D2628DB27BF09AD41CA3B4.d.5AF9806D2FED55B2957596BE555897EF.e.2775"}]}
COMMAND: POST /session/be50de500220529a90eff0d24b8b5426/execute/sync - {"script":"<script> [5351 bytes]","args":[{"element-6066-11e4-a52e-4f735466cecf":"f.4C5E4E1008D2628DB27BF09AD41CA3B4.d.5AF9806D2FED55B2957596BE555897EF.e.2775","ELEMENT":"f.4C5E4E1008D2628DB27BF09AD41CA3B4.d.5AF9806D2FED55B2957596BE555897EF.e.2775"}]}
COMMAND: GET /session/be50de500220529a90eff0d24b8b5426/screenshot - {}
RESULT: {"script":"<script> [5351 bytes]","args":[{"element-6066-11e4-a52e-4f735466cecf":"f.4C5E4E1008D2628DB27BF09AD41CA3B4.d.5AF9806D2FED55B2957596BE555897EF.e.2775","ELEMENT":"f.4C5E4E1008D2628DB27BF09AD41CA3B4.d.5AF9806D2FED55B2957596BE555897EF.e.2775"}]}
COMMAND: POST /session/be50de500220529a90eff0d24b8b5426/element - {"using":"css selector","value":"#shell-header-logo"}
COMMAND: GET /session/be50de500220529a90eff0d24b8b5426/screenshot - {}
RESULT: {}
RESULT: {"using":"css selector","value":"#shell-header-logo"}
COMMAND: POST /session/be50de500220529a90eff0d24b8b5426/element/f.4C5E4E1008D2628DB27BF09AD41CA3B4.d.5AF9806D2FED55B2957596BE555897EF.e.2775/click - {}
RESULT: {}
RESULT: {}
COMMAND: GET /session/be50de500220529a90eff0d24b8b5426/screenshot - {}
RESULT: {}
COMMAND: POST /session/be50de500220529a90eff0d24b8b5426/execute/async - {"script":"<script> [189 bytes]","args":[]}
RESULT: {"script":"<script> [189 bytes]","args":[]}
COMMAND: POST /session/be50de500220529a90eff0d24b8b5426/execute/async - {"script":"<script> [123 bytes]","args":[]}
RESULT: {"script":"<script> [123 bytes]","args":[]}
COMMAND: POST /session/be50de500220529a90eff0d24b8b5426/timeouts - {"script":"<number>"}
RESULT: {"script":"<number>"}
COMMAND: GET /session/be50de500220529a90eff0d24b8b5426/timeouts - {}
RESULT: {}
RESULT: undefined
COMMAND: POST /session/be50de500220529a90eff0d24b8b5426/execute/async - {"script":"<script> [2676 bytes]","args":[]}
RESULT: {"script":"<script> [2676 bytes]","args":[]}
COMMAND: POST /session/be50de500220529a90eff0d24b8b5426/execute/async - {"script":"<script> [2342 bytes]","args":[{"protocol":"http","hostname":"0.0.0.0","path":"/","capabilities":{"browserName":"chrome","goog:chromeOptions":{"binary":"C:\\Program Files\\Google\\Chrome\\Application\\chrome.exe","args":["--start-maximized"]}},"logLevel":"warn","connectionRetryTimeout":120000,"connectionRetryCount":3,"logLevels":{},"enableDirectConnect":true,"strictSSL":true,"_":"65 more keys: [\"cacheDir\",\"port\",\"requestedCapabilities\",\"automationProtocol\",\"baseUrl\",\"waitforInterval\",\"waitforTimeout\",\"onReload\",\"beforeCommand\",\"afterCommand\",\"rootDir\",\"specs\",\"suites\",\"exclude\",\"groupLogsByTestSpec\",\"excludeDriverLogs\",\"bail\",\"framework\",\"reporters\",\"services\",\"maxInstances\",\"maxInstancesPerCapability\",\"injectGlobals\",\"filesToWatch\",\"execArgv\",\"runnerEnv\",\"runner\",\"shard\",\"specFileRetries\",\"specFileRetriesDelay\",\"specFileRetriesDeferred\",\"reporterSyncInterval\",\"reporterSyncTimeout\",\"cucumberFeaturesWithLineNumbers\",\"autoCompileOpts\",\"mochaOpts\",\"jasmineOpts\",\"cucumberOpts\",\"onPrepare\",\"onWorkerStart\",\"onWorkerEnd\",\"before\",\"beforeSession\",\"beforeSuite\",\"beforeHook\",\"beforeTest\",\"afterTest\",\"afterHook\",\"afterSuite\",\"afterSession\",\"after\",\"onComplete\",\"beforeAssertion\",\"afterAssertion\",\"beforeFeature\",\"beforeScenario\",\"beforeStep\",\"afterStep\",\"afterScenario\",\"afterFeature\",\"_\",\"suite\",\"$0\",\"ignoredWorkerServices\",\"wdi5\"]"}]}
RESULT: {"script":"<script> [2342 bytes]","args":[{"protocol":"http","hostname":"0.0.0.0","path":"/","capabilities":{"browserName":"chrome","goog:chromeOptions":{"binary":"C:\\Program Files\\Google\\Chrome\\Application\\chrome.exe","args":["--start-maximized"]}},"logLevel":"warn","connectionRetryTimeout":120000,"connectionRetryCount":3,"logLevels":{},"enableDirectConnect":true,"strictSSL":true,"_":"65 more keys: [\"cacheDir\",\"port\",\"requestedCapabilities\",\"automationProtocol\",\"baseUrl\",\"waitforInterval\",\"waitforTimeout\",\"onReload\",\"beforeCommand\",\"afterCommand\",\"rootDir\",\"specs\",\"suites\",\"exclude\",\"groupLogsByTestSpec\",\"excludeDriverLogs\",\"bail\",\"framework\",\"reporters\",\"services\",\"maxInstances\",\"maxInstancesPerCapability\",\"injectGlobals\",\"filesToWatch\",\"execArgv\",\"runnerEnv\",\"runner\",\"shard\",\"specFileRetries\",\"specFileRetriesDelay\",\"specFileRetriesDeferred\",\"reporterSyncInterval\",\"reporterSyncTimeout\",\"cucumberFeaturesWithLineNumbers\",\"autoCompileOpts\",\"mochaOpts\",\"jasmineOpts\",\"cucumberOpts\",\"onPrepare\",\"onWorkerStart\",\"onWorkerEnd\",\"before\",\"beforeSession\",\"beforeSuite\",\"beforeHook\",\"beforeTest\",\"afterTest\",\"afterHook\",\"afterSuite\",\"afterSession\",\"after\",\"onComplete\",\"beforeAssertion\",\"afterAssertion\",\"beforeFeature\",\"beforeScenario\",\"beforeStep\",\"afterStep\",\"afterScenario\",\"afterFeature\",\"_\",\"suite\",\"$0\",\"ignoredWorkerServices\",\"wdi5\"]"}]}
COMMAND: POST /session/be50de500220529a90eff0d24b8b5426/execute/async - {"script":"<script> [21126 bytes]","args":[35000]}
RESULT: {"script":"<script> [21126 bytes]","args":[35000]}
COMMAND: POST /session/be50de500220529a90eff0d24b8b5426/window/maximize - {}
RESULT: {}
COMMAND: POST /session/be50de500220529a90eff0d24b8b5426/execute/async - {"script":"<script> [1562 bytes]","args":[{"selector":{"id":"shell-header","interaction":{"idSuffix":"icon"}},"wdio_ui5_key":"shellheader"}]}
COMMAND: GET /session/be50de500220529a90eff0d24b8b5426/screenshot - {}
RESULT: {"script":"<script> [1562 bytes]","args":[{"selector":{"id":"shell-header","interaction":{"idSuffix":"icon"}},"wdio_ui5_key":"shellheader"}]}
RESULT: undefined
COMMAND: POST /session/be50de500220529a90eff0d24b8b5426/refresh - {}
RESULT: {}
RESULT: {}
COMMAND: GET /session/be50de500220529a90eff0d24b8b5426/screenshot - {}
RESULT: {}
COMMAND: POST /session/be50de500220529a90eff0d24b8b5426/refresh - {}
RESULT: {}
COMMAND: GET /session/be50de500220529a90eff0d24b8b5426/screenshot - {}
RESULT: {}
COMMAND: POST /session/be50de500220529a90eff0d24b8b5426/window/fullscreen - {}
RESULT: {}
COMMAND: POST /session/be50de500220529a90eff0d24b8b5426/execute/async - {"script":"<script> [189 bytes]","args":[]}
RESULT: {"script":"<script> [189 bytes]","args":[]}
COMMAND: POST /session/be50de500220529a90eff0d24b8b5426/execute/async - {"script":"<script> [123 bytes]","args":[]}
RESULT: {"script":"<script> [123 bytes]","args":[]}
COMMAND: POST /session/be50de500220529a90eff0d24b8b5426/timeouts - {"script":"<number>"}
RESULT: {"script":"<number>"}
COMMAND: GET /session/be50de500220529a90eff0d24b8b5426/timeouts - {}
RESULT: {}
RESULT: undefined
COMMAND: POST /session/be50de500220529a90eff0d24b8b5426/execute/async - {"script":"<script> [2676 bytes]","args":[]}
RESULT: {"script":"<script> [2676 bytes]","args":[]}
COMMAND: POST /session/be50de500220529a90eff0d24b8b5426/execute/async - {"script":"<script> [2342 bytes]","args":[{"protocol":"http","hostname":"0.0.0.0","path":"/","capabilities":{"browserName":"chrome","goog:chromeOptions":{"binary":"C:\\Program Files\\Google\\Chrome\\Application\\chrome.exe","args":["--start-maximized"]}},"logLevel":"warn","connectionRetryTimeout":120000,"connectionRetryCount":3,"logLevels":{},"enableDirectConnect":true,"strictSSL":true,"_":"65 more keys: [\"cacheDir\",\"port\",\"requestedCapabilities\",\"automationProtocol\",\"baseUrl\",\"waitforInterval\",\"waitforTimeout\",\"onReload\",\"beforeCommand\",\"afterCommand\",\"rootDir\",\"specs\",\"suites\",\"exclude\",\"groupLogsByTestSpec\",\"excludeDriverLogs\",\"bail\",\"framework\",\"reporters\",\"services\",\"maxInstances\",\"maxInstancesPerCapability\",\"injectGlobals\",\"filesToWatch\",\"execArgv\",\"runnerEnv\",\"runner\",\"shard\",\"specFileRetries\",\"specFileRetriesDelay\",\"specFileRetriesDeferred\",\"reporterSyncInterval\",\"reporterSyncTimeout\",\"cucumberFeaturesWithLineNumbers\",\"autoCompileOpts\",\"mochaOpts\",\"jasmineOpts\",\"cucumberOpts\",\"onPrepare\",\"onWorkerStart\",\"onWorkerEnd\",\"before\",\"beforeSession\",\"beforeSuite\",\"beforeHook\",\"beforeTest\",\"afterTest\",\"afterHook\",\"afterSuite\",\"afterSession\",\"after\",\"onComplete\",\"beforeAssertion\",\"afterAssertion\",\"beforeFeature\",\"beforeScenario\",\"beforeStep\",\"afterStep\",\"afterScenario\",\"afterFeature\",\"_\",\"suite\",\"$0\",\"ignoredWorkerServices\",\"wdi5\"]"}]}
RESULT: {"script":"<script> [2342 bytes]","args":[{"protocol":"http","hostname":"0.0.0.0","path":"/","capabilities":{"browserName":"chrome","goog:chromeOptions":{"binary":"C:\\Program Files\\Google\\Chrome\\Application\\chrome.exe","args":["--start-maximized"]}},"logLevel":"warn","connectionRetryTimeout":120000,"connectionRetryCount":3,"logLevels":{},"enableDirectConnect":true,"strictSSL":true,"_":"65 more keys: [\"cacheDir\",\"port\",\"requestedCapabilities\",\"automationProtocol\",\"baseUrl\",\"waitforInterval\",\"waitforTimeout\",\"onReload\",\"beforeCommand\",\"afterCommand\",\"rootDir\",\"specs\",\"suites\",\"exclude\",\"groupLogsByTestSpec\",\"excludeDriverLogs\",\"bail\",\"framework\",\"reporters\",\"services\",\"maxInstances\",\"maxInstancesPerCapability\",\"injectGlobals\",\"filesToWatch\",\"execArgv\",\"runnerEnv\",\"runner\",\"shard\",\"specFileRetries\",\"specFileRetriesDelay\",\"specFileRetriesDeferred\",\"reporterSyncInterval\",\"reporterSyncTimeout\",\"cucumberFeaturesWithLineNumbers\",\"autoCompileOpts\",\"mochaOpts\",\"jasmineOpts\",\"cucumberOpts\",\"onPrepare\",\"onWorkerStart\",\"onWorkerEnd\",\"before\",\"beforeSession\",\"beforeSuite\",\"beforeHook\",\"beforeTest\",\"afterTest\",\"afterHook\",\"afterSuite\",\"afterSession\",\"after\",\"onComplete\",\"beforeAssertion\",\"afterAssertion\",\"beforeFeature\",\"beforeScenario\",\"beforeStep\",\"afterStep\",\"afterScenario\",\"afterFeature\",\"_\",\"suite\",\"$0\",\"ignoredWorkerServices\",\"wdi5\"]"}]}
COMMAND: POST /session/be50de500220529a90eff0d24b8b5426/execute/async - {"script":"<script> [21126 bytes]","args":[35000]}
RESULT: {"script":"<script> [21126 bytes]","args":[35000]}
]]></system-out>
    </testcase>
  </testsuite>
  <testsuite timestamp="2025-06-13T16:46:03" time="863.519" tests="7" failures="1" errors="1" skipped="0">
    <properties>
      <property name="specId" value="0"/>
      <property name="suiteName" value="Create masterdata for Yard Overview - trigger provide US130988"/>
      <property name="capabilities" value="chrome.137_0_7151_69.windows"/>
      <property name="file" value="file:///D:/a/1/s/test/specs/HTR/yard-movement-putaways.spec.js"/>
    </properties>
    <testcase classname="chrome.137_0_7151_69.windows.Create_masterdata_for_Yard_Overview_-_trigger_provide_US130988" name="Should create a new WHM yard" time="128.745">
      <system-out><![CDATA[
COMMAND: POST /session/be50de500220529a90eff0d24b8b5426/window/fullscreen - {}
RESULT: {}
COMMAND: POST /session/be50de500220529a90eff0d24b8b5426/execute/async - {"script":"<script> [1562 bytes]","args":[{"selector":{"controlType":"sap.m.GenericTile","properties":{"header":"Manage Yards"}},"wdio_ui5_key":"sapm.GenericTile{\"header\":\"Manage Yards\"}"}]}
RESULT: {"script":"<script> [1562 bytes]","args":[{"selector":{"controlType":"sap.m.GenericTile","properties":{"header":"Manage Yards"}},"wdio_ui5_key":"sapm.GenericTile{\"header\":\"Manage Yards\"}"}]}
RESULT: undefined
COMMAND: POST /session/be50de500220529a90eff0d24b8b5426/element - {"using":"xpath","value":"//*[@id=\"__tile42\"]"}
RESULT: {"using":"xpath","value":"//*[@id=\"__tile42\"]"}
COMMAND: POST /session/be50de500220529a90eff0d24b8b5426/element/f.4C5E4E1008D2628DB27BF09AD41CA3B4.d.4149F4CFCA62AC064E1B845D289AE3B2.e.2834/click - {}
RESULT: {}
COMMAND: GET /session/be50de500220529a90eff0d24b8b5426/screenshot - {}
RESULT: {}
COMMAND: POST /session/be50de500220529a90eff0d24b8b5426/elements - {"using":"xpath","value":"//span[text()='Error']"}
RESULT: {"using":"xpath","value":"//span[text()='Error']"}
COMMAND: POST /session/be50de500220529a90eff0d24b8b5426/element - {"using":"xpath","value":"//button[@data-kt=\"addNewYardOverflowToolbarButton\"]"}
RESULT: {"using":"xpath","value":"//button[@data-kt=\"addNewYardOverflowToolbarButton\"]"}
COMMAND: POST /session/be50de500220529a90eff0d24b8b5426/elements - {"using":"xpath","value":"//button[@data-kt=\"addNewYardOverflowToolbarButton\"]"}
RESULT: {"using":"xpath","value":"//button[@data-kt=\"addNewYardOverflowToolbarButton\"]"}
COMMAND: POST /session/be50de500220529a90eff0d24b8b5426/elements - {"using":"xpath","value":"//button[@data-kt=\"addNewYardOverflowToolbarButton\"]"}
RESULT: {"using":"xpath","value":"//button[@data-kt=\"addNewYardOverflowToolbarButton\"]"}
COMMAND: POST /session/be50de500220529a90eff0d24b8b5426/elements - {"using":"xpath","value":"//button[@data-kt=\"addNewYardOverflowToolbarButton\"]"}
RESULT: {"using":"xpath","value":"//button[@data-kt=\"addNewYardOverflowToolbarButton\"]"}
COMMAND: POST /session/be50de500220529a90eff0d24b8b5426/elements - {"using":"xpath","value":"//button[@data-kt=\"addNewYardOverflowToolbarButton\"]"}
RESULT: {"using":"xpath","value":"//button[@data-kt=\"addNewYardOverflowToolbarButton\"]"}
COMMAND: POST /session/be50de500220529a90eff0d24b8b5426/elements - {"using":"xpath","value":"//button[@data-kt=\"addNewYardOverflowToolbarButton\"]"}
RESULT: {"using":"xpath","value":"//button[@data-kt=\"addNewYardOverflowToolbarButton\"]"}
COMMAND: POST /session/be50de500220529a90eff0d24b8b5426/elements - {"using":"xpath","value":"//button[@data-kt=\"addNewYardOverflowToolbarButton\"]"}
RESULT: {"using":"xpath","value":"//button[@data-kt=\"addNewYardOverflowToolbarButton\"]"}
COMMAND: POST /session/be50de500220529a90eff0d24b8b5426/elements - {"using":"xpath","value":"//button[@data-kt=\"addNewYardOverflowToolbarButton\"]"}
RESULT: {"using":"xpath","value":"//button[@data-kt=\"addNewYardOverflowToolbarButton\"]"}
COMMAND: POST /session/be50de500220529a90eff0d24b8b5426/element - {"using":"xpath","value":"//button[@data-kt=\"addNewYardOverflowToolbarButton\"]"}
RESULT: {"using":"xpath","value":"//button[@data-kt=\"addNewYardOverflowToolbarButton\"]"}
COMMAND: POST /session/be50de500220529a90eff0d24b8b5426/execute/sync - {"script":"<script> [8489 bytes]","args":[{"element-6066-11e4-a52e-4f735466cecf":"f.4C5E4E1008D2628DB27BF09AD41CA3B4.d.4149F4CFCA62AC064E1B845D289AE3B2.e.2972","ELEMENT":"f.4C5E4E1008D2628DB27BF09AD41CA3B4.d.4149F4CFCA62AC064E1B845D289AE3B2.e.2972"}]}
RESULT: {"script":"<script> [8489 bytes]","args":[{"element-6066-11e4-a52e-4f735466cecf":"f.4C5E4E1008D2628DB27BF09AD41CA3B4.d.4149F4CFCA62AC064E1B845D289AE3B2.e.2972","ELEMENT":"f.4C5E4E1008D2628DB27BF09AD41CA3B4.d.4149F4CFCA62AC064E1B845D289AE3B2.e.2972"}]}
COMMAND: GET /session/be50de500220529a90eff0d24b8b5426/element/f.4C5E4E1008D2628DB27BF09AD41CA3B4.d.4149F4CFCA62AC064E1B845D289AE3B2.e.2972/enabled - {}
COMMAND: GET /session/be50de500220529a90eff0d24b8b5426/screenshot - {}
RESULT: {}
COMMAND: POST /session/be50de500220529a90eff0d24b8b5426/execute/sync - {"script":"<script> [8489 bytes]","args":[{"element-6066-11e4-a52e-4f735466cecf":"f.4C5E4E1008D2628DB27BF09AD41CA3B4.d.4149F4CFCA62AC064E1B845D289AE3B2.e.2972","ELEMENT":"f.4C5E4E1008D2628DB27BF09AD41CA3B4.d.4149F4CFCA62AC064E1B845D289AE3B2.e.2972"}]}
COMMAND: GET /session/be50de500220529a90eff0d24b8b5426/screenshot - {}
RESULT: {}
RESULT: {"script":"<script> [8489 bytes]","args":[{"element-6066-11e4-a52e-4f735466cecf":"f.4C5E4E1008D2628DB27BF09AD41CA3B4.d.4149F4CFCA62AC064E1B845D289AE3B2.e.2972","ELEMENT":"f.4C5E4E1008D2628DB27BF09AD41CA3B4.d.4149F4CFCA62AC064E1B845D289AE3B2.e.2972"}]}
COMMAND: POST /session/be50de500220529a90eff0d24b8b5426/execute/sync - {"script":"<script> [5351 bytes]","args":[{"element-6066-11e4-a52e-4f735466cecf":"f.4C5E4E1008D2628DB27BF09AD41CA3B4.d.4149F4CFCA62AC064E1B845D289AE3B2.e.2972","ELEMENT":"f.4C5E4E1008D2628DB27BF09AD41CA3B4.d.4149F4CFCA62AC064E1B845D289AE3B2.e.2972"}]}
COMMAND: GET /session/be50de500220529a90eff0d24b8b5426/screenshot - {}
RESULT: {}
RESULT: {"script":"<script> [5351 bytes]","args":[{"element-6066-11e4-a52e-4f735466cecf":"f.4C5E4E1008D2628DB27BF09AD41CA3B4.d.4149F4CFCA62AC064E1B845D289AE3B2.e.2972","ELEMENT":"f.4C5E4E1008D2628DB27BF09AD41CA3B4.d.4149F4CFCA62AC064E1B845D289AE3B2.e.2972"}]}
COMMAND: POST /session/be50de500220529a90eff0d24b8b5426/element/f.4C5E4E1008D2628DB27BF09AD41CA3B4.d.4149F4CFCA62AC064E1B845D289AE3B2.e.2972/click - {}
COMMAND: GET /session/be50de500220529a90eff0d24b8b5426/screenshot - {}
RESULT: {}
RESULT: {}
COMMAND: GET /session/be50de500220529a90eff0d24b8b5426/screenshot - {}
RESULT: {}
RESULT: {}
COMMAND: POST /session/be50de500220529a90eff0d24b8b5426/element - {"using":"xpath","value":"//input[@id=\"application-manageyards-display-component---NewYard--yardId-inner\"]"}
RESULT: {"using":"xpath","value":"//input[@id=\"application-manageyards-display-component---NewYard--yardId-inner\"]"}
COMMAND: POST /session/be50de500220529a90eff0d24b8b5426/element - {"using":"xpath","value":"//input[@id=\"application-manageyards-display-component---NewYard--yardId-inner\"]"}
RESULT: {"using":"xpath","value":"//input[@id=\"application-manageyards-display-component---NewYard--yardId-inner\"]"}
COMMAND: POST /session/be50de500220529a90eff0d24b8b5426/execute/async - {"script":"<script> [1562 bytes]","args":[{"selector":{"id":"application-manageyards-display-component---NewYard--addressDetailDetailsName1","interaction":{"idSuffix":"inner"}},"wdio_ui5_key":"applicationmanageyards-display-component---NewYard--addressDetailDetailsName1"}]}
RESULT: {"script":"<script> [1562 bytes]","args":[{"selector":{"id":"application-manageyards-display-component---NewYard--addressDetailDetailsName1","interaction":{"idSuffix":"inner"}},"wdio_ui5_key":"applicationmanageyards-display-component---NewYard--addressDetailDetailsName1"}]}
RESULT: undefined
COMMAND: POST /session/be50de500220529a90eff0d24b8b5426/execute/async - {"script":"<script> [776 bytes]","args":[{"enterText":"Warehouse Managed WDIO","selector":{"id":"application-manageyards-display-component---NewYard--addressDetailDetailsName1","interaction":{"idSuffix":"inner"}},"clearTextFirst":true,"interactionType":"ENTER_TEXT"}]}
RESULT: {"script":"<script> [776 bytes]","args":[{"enterText":"Warehouse Managed WDIO","selector":{"id":"application-manageyards-display-component---NewYard--addressDetailDetailsName1","interaction":{"idSuffix":"inner"}},"clearTextFirst":true,"interactionType":"ENTER_TEXT"}]}
COMMAND: POST /session/be50de500220529a90eff0d24b8b5426/execute/async - {"script":"<script> [1562 bytes]","args":[{"selector":{"id":"application-manageyards-display-component---NewYard--addressDetailDetailsLanguage-arrow"},"wdio_ui5_key":"applicationmanageyards-display-component---NewYard--addressDetailDetailsLanguage-arrow"}]}
RESULT: {"script":"<script> [1562 bytes]","args":[{"selector":{"id":"application-manageyards-display-component---NewYard--addressDetailDetailsLanguage-arrow"},"wdio_ui5_key":"applicationmanageyards-display-component---NewYard--addressDetailDetailsLanguage-arrow"}]}
RESULT: undefined
COMMAND: POST /session/be50de500220529a90eff0d24b8b5426/element - {"using":"xpath","value":"//*[@id=\"application-manageyards-display-component---NewYard--addressDetailDetailsLanguage-arrow\"]"}
RESULT: {"using":"xpath","value":"//*[@id=\"application-manageyards-display-component---NewYard--addressDetailDetailsLanguage-arrow\"]"}
COMMAND: POST /session/be50de500220529a90eff0d24b8b5426/element/f.4C5E4E1008D2628DB27BF09AD41CA3B4.d.4149F4CFCA62AC064E1B845D289AE3B2.e.3404/click - {}
RESULT: {}
COMMAND: POST /session/be50de500220529a90eff0d24b8b5426/element - {"using":"xpath","value":"//span[contains(text(), \"English\")]"}
COMMAND: GET /session/be50de500220529a90eff0d24b8b5426/screenshot - {}
RESULT: {"using":"xpath","value":"//span[contains(text(), \"English\")]"}
COMMAND: POST /session/be50de500220529a90eff0d24b8b5426/element/f.4C5E4E1008D2628DB27BF09AD41CA3B4.d.4149F4CFCA62AC064E1B845D289AE3B2.e.3405/click - {}
RESULT: {}
RESULT: {}
COMMAND: POST /session/be50de500220529a90eff0d24b8b5426/execute/async - {"script":"<script> [1562 bytes]","args":[{"selector":{"id":"application-manageyards-display-component---NewYard--addressDetailDetailsCity1","interaction":{"idSuffix":"inner"}},"wdio_ui5_key":"applicationmanageyards-display-component---NewYard--addressDetailDetailsCity1"}]}
COMMAND: GET /session/be50de500220529a90eff0d24b8b5426/screenshot - {}
RESULT: {"script":"<script> [1562 bytes]","args":[{"selector":{"id":"application-manageyards-display-component---NewYard--addressDetailDetailsCity1","interaction":{"idSuffix":"inner"}},"wdio_ui5_key":"applicationmanageyards-display-component---NewYard--addressDetailDetailsCity1"}]}
RESULT: undefined
COMMAND: POST /session/be50de500220529a90eff0d24b8b5426/execute/async - {"script":"<script> [776 bytes]","args":[{"enterText":"Rosario","selector":{"id":"application-manageyards-display-component---NewYard--addressDetailDetailsCity1","interaction":{"idSuffix":"inner"}},"clearTextFirst":true,"interactionType":"ENTER_TEXT"}]}
RESULT: {}
RESULT: {"script":"<script> [776 bytes]","args":[{"enterText":"Rosario","selector":{"id":"application-manageyards-display-component---NewYard--addressDetailDetailsCity1","interaction":{"idSuffix":"inner"}},"clearTextFirst":true,"interactionType":"ENTER_TEXT"}]}
COMMAND: POST /session/be50de500220529a90eff0d24b8b5426/execute/async - {"script":"<script> [1562 bytes]","args":[{"selector":{"id":"application-manageyards-display-component---NewYard--addressDetailDetailsCountry-arrow"},"wdio_ui5_key":"applicationmanageyards-display-component---NewYard--addressDetailDetailsCountry-arrow"}]}
RESULT: {"script":"<script> [1562 bytes]","args":[{"selector":{"id":"application-manageyards-display-component---NewYard--addressDetailDetailsCountry-arrow"},"wdio_ui5_key":"applicationmanageyards-display-component---NewYard--addressDetailDetailsCountry-arrow"}]}
RESULT: undefined
COMMAND: POST /session/be50de500220529a90eff0d24b8b5426/element - {"using":"xpath","value":"//*[@id=\"application-manageyards-display-component---NewYard--addressDetailDetailsCountry-arrow\"]"}
RESULT: {"using":"xpath","value":"//*[@id=\"application-manageyards-display-component---NewYard--addressDetailDetailsCountry-arrow\"]"}
COMMAND: POST /session/be50de500220529a90eff0d24b8b5426/element/f.4C5E4E1008D2628DB27BF09AD41CA3B4.d.4149F4CFCA62AC064E1B845D289AE3B2.e.3407/click - {}
RESULT: {}
COMMAND: POST /session/be50de500220529a90eff0d24b8b5426/element - {"using":"xpath","value":"//span[contains(text(), \"Argentina\")]"}
COMMAND: GET /session/be50de500220529a90eff0d24b8b5426/screenshot - {}
RESULT: {"using":"xpath","value":"//span[contains(text(), \"Argentina\")]"}
COMMAND: POST /session/be50de500220529a90eff0d24b8b5426/element/f.4C5E4E1008D2628DB27BF09AD41CA3B4.d.4149F4CFCA62AC064E1B845D289AE3B2.e.3408/click - {}
RESULT: {}
RESULT: {}
COMMAND: POST /session/be50de500220529a90eff0d24b8b5426/execute/async - {"script":"<script> [1562 bytes]","args":[{"selector":{"id":"application-manageyards-display-component---NewYard--addressEditDetailsCostObjectCstType-arrow"},"wdio_ui5_key":"applicationmanageyards-display-component---NewYard--addressEditDetailsCostObjectCstType-arrow"}]}
COMMAND: GET /session/be50de500220529a90eff0d24b8b5426/screenshot - {}
RESULT: {"script":"<script> [1562 bytes]","args":[{"selector":{"id":"application-manageyards-display-component---NewYard--addressEditDetailsCostObjectCstType-arrow"},"wdio_ui5_key":"applicationmanageyards-display-component---NewYard--addressEditDetailsCostObjectCstType-arrow"}]}
RESULT: undefined
COMMAND: POST /session/be50de500220529a90eff0d24b8b5426/element - {"using":"xpath","value":"//*[@id=\"application-manageyards-display-component---NewYard--addressEditDetailsCostObjectCstType-arrow\"]"}
RESULT: {}
RESULT: {"using":"xpath","value":"//*[@id=\"application-manageyards-display-component---NewYard--addressEditDetailsCostObjectCstType-arrow\"]"}
COMMAND: POST /session/be50de500220529a90eff0d24b8b5426/element/f.4C5E4E1008D2628DB27BF09AD41CA3B4.d.4149F4CFCA62AC064E1B845D289AE3B2.e.3410/click - {}
RESULT: {}
COMMAND: POST /session/be50de500220529a90eff0d24b8b5426/element - {"using":"xpath","value":"//span[contains(text(), \"Cost Center\")]"}
COMMAND: GET /session/be50de500220529a90eff0d24b8b5426/screenshot - {}
RESULT: {"using":"xpath","value":"//span[contains(text(), \"Cost Center\")]"}
COMMAND: POST /session/be50de500220529a90eff0d24b8b5426/element/f.4C5E4E1008D2628DB27BF09AD41CA3B4.d.4149F4CFCA62AC064E1B845D289AE3B2.e.3411/click - {}
RESULT: {}
RESULT: {}
COMMAND: GET /session/be50de500220529a90eff0d24b8b5426/screenshot - {}
RESULT: {}
COMMAND: POST /session/be50de500220529a90eff0d24b8b5426/element - {"using":"xpath","value":"//span[@id=\"application-manageyards-display-component---NewYard--addressNewCostObjectCstID-vhi\"]"}
RESULT: {"using":"xpath","value":"//span[@id=\"application-manageyards-display-component---NewYard--addressNewCostObjectCstID-vhi\"]"}
COMMAND: POST /session/be50de500220529a90eff0d24b8b5426/execute/sync - {"script":"<script> [8489 bytes]","args":[{"element-6066-11e4-a52e-4f735466cecf":"f.4C5E4E1008D2628DB27BF09AD41CA3B4.d.4149F4CFCA62AC064E1B845D289AE3B2.e.3415","ELEMENT":"f.4C5E4E1008D2628DB27BF09AD41CA3B4.d.4149F4CFCA62AC064E1B845D289AE3B2.e.3415"}]}
RESULT: {"script":"<script> [8489 bytes]","args":[{"element-6066-11e4-a52e-4f735466cecf":"f.4C5E4E1008D2628DB27BF09AD41CA3B4.d.4149F4CFCA62AC064E1B845D289AE3B2.e.3415","ELEMENT":"f.4C5E4E1008D2628DB27BF09AD41CA3B4.d.4149F4CFCA62AC064E1B845D289AE3B2.e.3415"}]}
COMMAND: POST /session/be50de500220529a90eff0d24b8b5426/execute/async - {"script":"<script> [1562 bytes]","args":[{"selector":{"id":"application-manageyards-display-component---NewYard--addressNewCostObjectCstID-vhi"},"wdio_ui5_key":"applicationmanageyards-display-component---NewYard--addressNewCostObjectCstID-vhi"}]}
COMMAND: GET /session/be50de500220529a90eff0d24b8b5426/screenshot - {}
RESULT: {"script":"<script> [1562 bytes]","args":[{"selector":{"id":"application-manageyards-display-component---NewYard--addressNewCostObjectCstID-vhi"},"wdio_ui5_key":"applicationmanageyards-display-component---NewYard--addressNewCostObjectCstID-vhi"}]}
RESULT: undefined
COMMAND: POST /session/be50de500220529a90eff0d24b8b5426/element - {"using":"xpath","value":"//*[@id=\"application-manageyards-display-component---NewYard--addressNewCostObjectCstID-vhi\"]"}
RESULT: {}
RESULT: {"using":"xpath","value":"//*[@id=\"application-manageyards-display-component---NewYard--addressNewCostObjectCstID-vhi\"]"}
COMMAND: POST /session/be50de500220529a90eff0d24b8b5426/element/f.4C5E4E1008D2628DB27BF09AD41CA3B4.d.4149F4CFCA62AC064E1B845D289AE3B2.e.3415/click - {}
RESULT: {}
COMMAND: GET /session/be50de500220529a90eff0d24b8b5426/screenshot - {}
RESULT: {}
COMMAND: POST /session/be50de500220529a90eff0d24b8b5426/execute/async - {"script":"<script> [1562 bytes]","args":[{"selector":{"controlType":"sap.m.SearchField","properties":{"placeholder":"Search"},"searchOpenDialogs":true,"interaction":{"idSuffix":"I"}},"wdio_ui5_key":"sapm.SearchField{\"placeholder\":\"Search\"}"}]}
RESULT: {"script":"<script> [1562 bytes]","args":[{"selector":{"controlType":"sap.m.SearchField","properties":{"placeholder":"Search"},"searchOpenDialogs":true,"interaction":{"idSuffix":"I"}},"wdio_ui5_key":"sapm.SearchField{\"placeholder\":\"Search\"}"}]}
RESULT: undefined
COMMAND: POST /session/be50de500220529a90eff0d24b8b5426/execute/async - {"script":"<script> [776 bytes]","args":[{"enterText":"bauh_b","selector":{"controlType":"sap.m.SearchField","properties":{"placeholder":"Search"},"searchOpenDialogs":true,"interaction":{"idSuffix":"I"}},"clearTextFirst":true,"interactionType":"ENTER_TEXT"}]}
RESULT: {"script":"<script> [776 bytes]","args":[{"enterText":"bauh_b","selector":{"controlType":"sap.m.SearchField","properties":{"placeholder":"Search"},"searchOpenDialogs":true,"interaction":{"idSuffix":"I"}},"clearTextFirst":true,"interactionType":"ENTER_TEXT"}]}
COMMAND: POST /session/be50de500220529a90eff0d24b8b5426/actions - {"actions":[{"id":"action10","type":"key","parameters":{},"actions":[{"type":"keyDown","value":""},{"type":"pause","duration":10},{"type":"keyUp","value":""}]}]}
RESULT: {"actions":[{"id":"action10","type":"key","parameters":{},"actions":[{"type":"keyDown","value":""},{"type":"pause","duration":10},{"type":"keyUp","value":""}]}]}
COMMAND: GET /session/be50de500220529a90eff0d24b8b5426/screenshot - {}
RESULT: {}
COMMAND: POST /session/be50de500220529a90eff0d24b8b5426/element - {"using":"xpath","value":"//span[contains(text(), \"Demo Yard\")]"}
RESULT: {"using":"xpath","value":"//span[contains(text(), \"Demo Yard\")]"}
COMMAND: POST /session/be50de500220529a90eff0d24b8b5426/element/f.4C5E4E1008D2628DB27BF09AD41CA3B4.d.4149F4CFCA62AC064E1B845D289AE3B2.e.3456/click - {}
RESULT: {}
COMMAND: GET /session/be50de500220529a90eff0d24b8b5426/screenshot - {}
RESULT: {}
COMMAND: POST /session/be50de500220529a90eff0d24b8b5426/element - {"using":"xpath","value":"//bdi[contains(text(), \"OK\")]"}
RESULT: {"using":"xpath","value":"//bdi[contains(text(), \"OK\")]"}
COMMAND: POST /session/be50de500220529a90eff0d24b8b5426/element/f.4C5E4E1008D2628DB27BF09AD41CA3B4.d.4149F4CFCA62AC064E1B845D289AE3B2.e.3457/click - {}
RESULT: {}
COMMAND: GET /session/be50de500220529a90eff0d24b8b5426/screenshot - {}
RESULT: {}
COMMAND: POST /session/be50de500220529a90eff0d24b8b5426/execute/async - {"script":"<script> [1562 bytes]","args":[{"selector":{"id":"application-manageyards-display-component---NewYard--addressEditDetailsCurrency-arrow"},"wdio_ui5_key":"applicationmanageyards-display-component---NewYard--addressEditDetailsCurrency-arrow"}]}
RESULT: {"script":"<script> [1562 bytes]","args":[{"selector":{"id":"application-manageyards-display-component---NewYard--addressEditDetailsCurrency-arrow"},"wdio_ui5_key":"applicationmanageyards-display-component---NewYard--addressEditDetailsCurrency-arrow"}]}
RESULT: undefined
COMMAND: POST /session/be50de500220529a90eff0d24b8b5426/element - {"using":"xpath","value":"//*[@id=\"application-manageyards-display-component---NewYard--addressEditDetailsCurrency-arrow\"]"}
RESULT: {"using":"xpath","value":"//*[@id=\"application-manageyards-display-component---NewYard--addressEditDetailsCurrency-arrow\"]"}
COMMAND: POST /session/be50de500220529a90eff0d24b8b5426/element/f.4C5E4E1008D2628DB27BF09AD41CA3B4.d.4149F4CFCA62AC064E1B845D289AE3B2.e.3460/click - {}
RESULT: {}
COMMAND: POST /session/be50de500220529a90eff0d24b8b5426/element - {"using":"xpath","value":"//span[contains(text(), \"Euro\")]"}
COMMAND: GET /session/be50de500220529a90eff0d24b8b5426/screenshot - {}
RESULT: {"using":"xpath","value":"//span[contains(text(), \"Euro\")]"}
COMMAND: POST /session/be50de500220529a90eff0d24b8b5426/element/f.4C5E4E1008D2628DB27BF09AD41CA3B4.d.4149F4CFCA62AC064E1B845D289AE3B2.e.3461/click - {}
RESULT: {}
RESULT: {}
COMMAND: POST /session/be50de500220529a90eff0d24b8b5426/execute/async - {"script":"<script> [1562 bytes]","args":[{"selector":{"controlType":"sap.m.Input","viewName":"etm.portal.ui.manageyards.view.New","viewId":"application-manageyards-display-component---NewYard","bindingPath":{"path":"","propertyPath":"/CONTROLLING_AREA","modelName":"NewYardModel"},"interaction":{"idSuffix":"inner"}},"wdio_ui5_key":"etmportal.ui.manageyards.view.Newsap.m.Input{\"path\":\"\",\"propertyPath\":\"/CONTROLLING_AREA\",\"modelName\":\"NewYardModel\"}"}]}
COMMAND: GET /session/be50de500220529a90eff0d24b8b5426/screenshot - {}
RESULT: {"script":"<script> [1562 bytes]","args":[{"selector":{"controlType":"sap.m.Input","viewName":"etm.portal.ui.manageyards.view.New","viewId":"application-manageyards-display-component---NewYard","bindingPath":{"path":"","propertyPath":"/CONTROLLING_AREA","modelName":"NewYardModel"},"interaction":{"idSuffix":"inner"}},"wdio_ui5_key":"etmportal.ui.manageyards.view.Newsap.m.Input{\"path\":\"\",\"propertyPath\":\"/CONTROLLING_AREA\",\"modelName\":\"NewYardModel\"}"}]}
RESULT: undefined
COMMAND: POST /session/be50de500220529a90eff0d24b8b5426/execute/async - {"script":"<script> [776 bytes]","args":[{"enterText":"Z001","selector":{"controlType":"sap.m.Input","viewName":"etm.portal.ui.manageyards.view.New","viewId":"application-manageyards-display-component---NewYard","bindingPath":{"path":"","propertyPath":"/CONTROLLING_AREA","modelName":"NewYardModel"},"interaction":{"idSuffix":"inner"}},"clearTextFirst":true,"interactionType":"ENTER_TEXT"}]}
RESULT: {}
RESULT: {"script":"<script> [776 bytes]","args":[{"enterText":"Z001","selector":{"controlType":"sap.m.Input","viewName":"etm.portal.ui.manageyards.view.New","viewId":"application-manageyards-display-component---NewYard","bindingPath":{"path":"","propertyPath":"/CONTROLLING_AREA","modelName":"NewYardModel"},"interaction":{"idSuffix":"inner"}},"clearTextFirst":true,"interactionType":"ENTER_TEXT"}]}
COMMAND: POST /session/be50de500220529a90eff0d24b8b5426/execute/async - {"script":"<script> [1562 bytes]","args":[{"selector":{"id":"application-manageyards-display-component---NewYard--companyCodeComboBox","interaction":{"idSuffix":"inner"}},"wdio_ui5_key":"applicationmanageyards-display-component---NewYard--companyCodeComboBox"}]}
RESULT: {"script":"<script> [1562 bytes]","args":[{"selector":{"id":"application-manageyards-display-component---NewYard--companyCodeComboBox","interaction":{"idSuffix":"inner"}},"wdio_ui5_key":"applicationmanageyards-display-component---NewYard--companyCodeComboBox"}]}
RESULT: undefined
COMMAND: POST /session/be50de500220529a90eff0d24b8b5426/execute/async - {"script":"<script> [776 bytes]","args":[{"enterText":"1000","selector":{"id":"application-manageyards-display-component---NewYard--companyCodeComboBox","interaction":{"idSuffix":"inner"}},"clearTextFirst":true,"interactionType":"ENTER_TEXT"}]}
RESULT: {"script":"<script> [776 bytes]","args":[{"enterText":"1000","selector":{"id":"application-manageyards-display-component---NewYard--companyCodeComboBox","interaction":{"idSuffix":"inner"}},"clearTextFirst":true,"interactionType":"ENTER_TEXT"}]}
COMMAND: POST /session/be50de500220529a90eff0d24b8b5426/execute/async - {"script":"<script> [1562 bytes]","args":[{"selector":{"controlType":"sap.m.Input","viewName":"etm.portal.ui.manageyards.view.New","viewId":"application-manageyards-display-component---NewYard","bindingPath":{"path":"","propertyPath":"/PLANT","modelName":"NewYardModel"},"interaction":{"idSuffix":"inner"}},"wdio_ui5_key":"etmportal.ui.manageyards.view.Newsap.m.Input{\"path\":\"\",\"propertyPath\":\"/PLANT\",\"modelName\":\"NewYardModel\"}"}]}
RESULT: {"script":"<script> [1562 bytes]","args":[{"selector":{"controlType":"sap.m.Input","viewName":"etm.portal.ui.manageyards.view.New","viewId":"application-manageyards-display-component---NewYard","bindingPath":{"path":"","propertyPath":"/PLANT","modelName":"NewYardModel"},"interaction":{"idSuffix":"inner"}},"wdio_ui5_key":"etmportal.ui.manageyards.view.Newsap.m.Input{\"path\":\"\",\"propertyPath\":\"/PLANT\",\"modelName\":\"NewYardModel\"}"}]}
RESULT: undefined
COMMAND: POST /session/be50de500220529a90eff0d24b8b5426/execute/async - {"script":"<script> [776 bytes]","args":[{"enterText":"1001","selector":{"controlType":"sap.m.Input","viewName":"etm.portal.ui.manageyards.view.New","viewId":"application-manageyards-display-component---NewYard","bindingPath":{"path":"","propertyPath":"/PLANT","modelName":"NewYardModel"},"interaction":{"idSuffix":"inner"}},"clearTextFirst":true,"interactionType":"ENTER_TEXT"}]}
RESULT: {"script":"<script> [776 bytes]","args":[{"enterText":"1001","selector":{"controlType":"sap.m.Input","viewName":"etm.portal.ui.manageyards.view.New","viewId":"application-manageyards-display-component---NewYard","bindingPath":{"path":"","propertyPath":"/PLANT","modelName":"NewYardModel"},"interaction":{"idSuffix":"inner"}},"clearTextFirst":true,"interactionType":"ENTER_TEXT"}]}
COMMAND: POST /session/be50de500220529a90eff0d24b8b5426/execute/async - {"script":"<script> [1562 bytes]","args":[{"selector":{"controlType":"sap.m.Input","viewName":"etm.portal.ui.manageyards.view.New","viewId":"application-manageyards-display-component---NewYard","bindingPath":{"path":"","propertyPath":"/SALES_AREA_VKORG","modelName":"NewYardModel"},"interaction":{"idSuffix":"inner"}},"wdio_ui5_key":"etmportal.ui.manageyards.view.Newsap.m.Input{\"path\":\"\",\"propertyPath\":\"/SALES_AREA_VKORG\",\"modelName\":\"NewYardModel\"}"}]}
RESULT: {"script":"<script> [1562 bytes]","args":[{"selector":{"controlType":"sap.m.Input","viewName":"etm.portal.ui.manageyards.view.New","viewId":"application-manageyards-display-component---NewYard","bindingPath":{"path":"","propertyPath":"/SALES_AREA_VKORG","modelName":"NewYardModel"},"interaction":{"idSuffix":"inner"}},"wdio_ui5_key":"etmportal.ui.manageyards.view.Newsap.m.Input{\"path\":\"\",\"propertyPath\":\"/SALES_AREA_VKORG\",\"modelName\":\"NewYardModel\"}"}]}
RESULT: undefined
COMMAND: POST /session/be50de500220529a90eff0d24b8b5426/execute/async - {"script":"<script> [776 bytes]","args":[{"enterText":"C002","selector":{"controlType":"sap.m.Input","viewName":"etm.portal.ui.manageyards.view.New","viewId":"application-manageyards-display-component---NewYard","bindingPath":{"path":"","propertyPath":"/SALES_AREA_VKORG","modelName":"NewYardModel"},"interaction":{"idSuffix":"inner"}},"clearTextFirst":true,"interactionType":"ENTER_TEXT"}]}
RESULT: {"script":"<script> [776 bytes]","args":[{"enterText":"C002","selector":{"controlType":"sap.m.Input","viewName":"etm.portal.ui.manageyards.view.New","viewId":"application-manageyards-display-component---NewYard","bindingPath":{"path":"","propertyPath":"/SALES_AREA_VKORG","modelName":"NewYardModel"},"interaction":{"idSuffix":"inner"}},"clearTextFirst":true,"interactionType":"ENTER_TEXT"}]}
COMMAND: POST /session/be50de500220529a90eff0d24b8b5426/execute/async - {"script":"<script> [1562 bytes]","args":[{"selector":{"controlType":"sap.m.Input","viewName":"etm.portal.ui.manageyards.view.New","viewId":"application-manageyards-display-component---NewYard","bindingPath":{"path":"","propertyPath":"/SALES_AREA_VTWEG","modelName":"NewYardModel"},"interaction":{"idSuffix":"inner"}},"wdio_ui5_key":"etmportal.ui.manageyards.view.Newsap.m.Input{\"path\":\"\",\"propertyPath\":\"/SALES_AREA_VTWEG\",\"modelName\":\"NewYardModel\"}"}]}
RESULT: {"script":"<script> [1562 bytes]","args":[{"selector":{"controlType":"sap.m.Input","viewName":"etm.portal.ui.manageyards.view.New","viewId":"application-manageyards-display-component---NewYard","bindingPath":{"path":"","propertyPath":"/SALES_AREA_VTWEG","modelName":"NewYardModel"},"interaction":{"idSuffix":"inner"}},"wdio_ui5_key":"etmportal.ui.manageyards.view.Newsap.m.Input{\"path\":\"\",\"propertyPath\":\"/SALES_AREA_VTWEG\",\"modelName\":\"NewYardModel\"}"}]}
RESULT: undefined
COMMAND: POST /session/be50de500220529a90eff0d24b8b5426/execute/async - {"script":"<script> [776 bytes]","args":[{"enterText":"C2","selector":{"controlType":"sap.m.Input","viewName":"etm.portal.ui.manageyards.view.New","viewId":"application-manageyards-display-component---NewYard","bindingPath":{"path":"","propertyPath":"/SALES_AREA_VTWEG","modelName":"NewYardModel"},"interaction":{"idSuffix":"inner"}},"clearTextFirst":true,"interactionType":"ENTER_TEXT"}]}
RESULT: {"script":"<script> [776 bytes]","args":[{"enterText":"C2","selector":{"controlType":"sap.m.Input","viewName":"etm.portal.ui.manageyards.view.New","viewId":"application-manageyards-display-component---NewYard","bindingPath":{"path":"","propertyPath":"/SALES_AREA_VTWEG","modelName":"NewYardModel"},"interaction":{"idSuffix":"inner"}},"clearTextFirst":true,"interactionType":"ENTER_TEXT"}]}
COMMAND: POST /session/be50de500220529a90eff0d24b8b5426/execute/async - {"script":"<script> [1562 bytes]","args":[{"selector":{"controlType":"sap.m.Input","viewName":"etm.portal.ui.manageyards.view.New","viewId":"application-manageyards-display-component---NewYard","bindingPath":{"path":"","propertyPath":"/SALES_AREA_SPART","modelName":"NewYardModel"},"interaction":{"idSuffix":"inner"}},"wdio_ui5_key":"etmportal.ui.manageyards.view.Newsap.m.Input{\"path\":\"\",\"propertyPath\":\"/SALES_AREA_SPART\",\"modelName\":\"NewYardModel\"}"}]}
RESULT: {"script":"<script> [1562 bytes]","args":[{"selector":{"controlType":"sap.m.Input","viewName":"etm.portal.ui.manageyards.view.New","viewId":"application-manageyards-display-component---NewYard","bindingPath":{"path":"","propertyPath":"/SALES_AREA_SPART","modelName":"NewYardModel"},"interaction":{"idSuffix":"inner"}},"wdio_ui5_key":"etmportal.ui.manageyards.view.Newsap.m.Input{\"path\":\"\",\"propertyPath\":\"/SALES_AREA_SPART\",\"modelName\":\"NewYardModel\"}"}]}
RESULT: undefined
COMMAND: POST /session/be50de500220529a90eff0d24b8b5426/execute/async - {"script":"<script> [776 bytes]","args":[{"enterText":"C2","selector":{"controlType":"sap.m.Input","viewName":"etm.portal.ui.manageyards.view.New","viewId":"application-manageyards-display-component---NewYard","bindingPath":{"path":"","propertyPath":"/SALES_AREA_SPART","modelName":"NewYardModel"},"interaction":{"idSuffix":"inner"}},"clearTextFirst":true,"interactionType":"ENTER_TEXT"}]}
RESULT: {"script":"<script> [776 bytes]","args":[{"enterText":"C2","selector":{"controlType":"sap.m.Input","viewName":"etm.portal.ui.manageyards.view.New","viewId":"application-manageyards-display-component---NewYard","bindingPath":{"path":"","propertyPath":"/SALES_AREA_SPART","modelName":"NewYardModel"},"interaction":{"idSuffix":"inner"}},"clearTextFirst":true,"interactionType":"ENTER_TEXT"}]}
COMMAND: POST /session/be50de500220529a90eff0d24b8b5426/execute/async - {"script":"<script> [1562 bytes]","args":[{"selector":{"controlType":"sap.m.Input","viewName":"etm.portal.ui.manageyards.view.New","viewId":"application-manageyards-display-component---NewYard","bindingPath":{"path":"","propertyPath":"/SHIP_POINT","modelName":"NewYardModel"},"interaction":{"idSuffix":"inner"}},"wdio_ui5_key":"etmportal.ui.manageyards.view.Newsap.m.Input{\"path\":\"\",\"propertyPath\":\"/SHIP_POINT\",\"modelName\":\"NewYardModel\"}"}]}
RESULT: {"script":"<script> [1562 bytes]","args":[{"selector":{"controlType":"sap.m.Input","viewName":"etm.portal.ui.manageyards.view.New","viewId":"application-manageyards-display-component---NewYard","bindingPath":{"path":"","propertyPath":"/SHIP_POINT","modelName":"NewYardModel"},"interaction":{"idSuffix":"inner"}},"wdio_ui5_key":"etmportal.ui.manageyards.view.Newsap.m.Input{\"path\":\"\",\"propertyPath\":\"/SHIP_POINT\",\"modelName\":\"NewYardModel\"}"}]}
RESULT: undefined
COMMAND: POST /session/be50de500220529a90eff0d24b8b5426/execute/async - {"script":"<script> [776 bytes]","args":[{"enterText":"1710","selector":{"controlType":"sap.m.Input","viewName":"etm.portal.ui.manageyards.view.New","viewId":"application-manageyards-display-component---NewYard","bindingPath":{"path":"","propertyPath":"/SHIP_POINT","modelName":"NewYardModel"},"interaction":{"idSuffix":"inner"}},"clearTextFirst":true,"interactionType":"ENTER_TEXT"}]}
RESULT: {"script":"<script> [776 bytes]","args":[{"enterText":"1710","selector":{"controlType":"sap.m.Input","viewName":"etm.portal.ui.manageyards.view.New","viewId":"application-manageyards-display-component---NewYard","bindingPath":{"path":"","propertyPath":"/SHIP_POINT","modelName":"NewYardModel"},"interaction":{"idSuffix":"inner"}},"clearTextFirst":true,"interactionType":"ENTER_TEXT"}]}
COMMAND: POST /session/be50de500220529a90eff0d24b8b5426/execute/async - {"script":"<script> [1562 bytes]","args":[{"selector":{"controlType":"sap.m.Input","viewName":"etm.portal.ui.manageyards.view.New","viewId":"application-manageyards-display-component---NewYard","bindingPath":{"path":"","propertyPath":"/DELIVERY_TYPE","modelName":"NewYardModel"},"interaction":{"idSuffix":"inner"}},"wdio_ui5_key":"etmportal.ui.manageyards.view.Newsap.m.Input{\"path\":\"\",\"propertyPath\":\"/DELIVERY_TYPE\",\"modelName\":\"NewYardModel\"}"}]}
RESULT: {"script":"<script> [1562 bytes]","args":[{"selector":{"controlType":"sap.m.Input","viewName":"etm.portal.ui.manageyards.view.New","viewId":"application-manageyards-display-component---NewYard","bindingPath":{"path":"","propertyPath":"/DELIVERY_TYPE","modelName":"NewYardModel"},"interaction":{"idSuffix":"inner"}},"wdio_ui5_key":"etmportal.ui.manageyards.view.Newsap.m.Input{\"path\":\"\",\"propertyPath\":\"/DELIVERY_TYPE\",\"modelName\":\"NewYardModel\"}"}]}
RESULT: undefined
COMMAND: POST /session/be50de500220529a90eff0d24b8b5426/execute/async - {"script":"<script> [776 bytes]","args":[{"enterText":"ZL01","selector":{"controlType":"sap.m.Input","viewName":"etm.portal.ui.manageyards.view.New","viewId":"application-manageyards-display-component---NewYard","bindingPath":{"path":"","propertyPath":"/DELIVERY_TYPE","modelName":"NewYardModel"},"interaction":{"idSuffix":"inner"}},"clearTextFirst":true,"interactionType":"ENTER_TEXT"}]}
RESULT: {"script":"<script> [776 bytes]","args":[{"enterText":"ZL01","selector":{"controlType":"sap.m.Input","viewName":"etm.portal.ui.manageyards.view.New","viewId":"application-manageyards-display-component---NewYard","bindingPath":{"path":"","propertyPath":"/DELIVERY_TYPE","modelName":"NewYardModel"},"interaction":{"idSuffix":"inner"}},"clearTextFirst":true,"interactionType":"ENTER_TEXT"}]}
COMMAND: POST /session/be50de500220529a90eff0d24b8b5426/execute/async - {"script":"<script> [1562 bytes]","args":[{"selector":{"controlType":"sap.m.Input","viewName":"etm.portal.ui.manageyards.view.New","viewId":"application-manageyards-display-component---NewYard","bindingPath":{"path":"","propertyPath":"/AUART","modelName":"NewYardModel"},"interaction":{"idSuffix":"inner"}},"wdio_ui5_key":"etmportal.ui.manageyards.view.Newsap.m.Input{\"path\":\"\",\"propertyPath\":\"/AUART\",\"modelName\":\"NewYardModel\"}"}]}
RESULT: {"script":"<script> [1562 bytes]","args":[{"selector":{"controlType":"sap.m.Input","viewName":"etm.portal.ui.manageyards.view.New","viewId":"application-manageyards-display-component---NewYard","bindingPath":{"path":"","propertyPath":"/AUART","modelName":"NewYardModel"},"interaction":{"idSuffix":"inner"}},"wdio_ui5_key":"etmportal.ui.manageyards.view.Newsap.m.Input{\"path\":\"\",\"propertyPath\":\"/AUART\",\"modelName\":\"NewYardModel\"}"}]}
RESULT: undefined
COMMAND: POST /session/be50de500220529a90eff0d24b8b5426/execute/async - {"script":"<script> [776 bytes]","args":[{"enterText":"TA","selector":{"controlType":"sap.m.Input","viewName":"etm.portal.ui.manageyards.view.New","viewId":"application-manageyards-display-component---NewYard","bindingPath":{"path":"","propertyPath":"/AUART","modelName":"NewYardModel"},"interaction":{"idSuffix":"inner"}},"clearTextFirst":true,"interactionType":"ENTER_TEXT"}]}
RESULT: {"script":"<script> [776 bytes]","args":[{"enterText":"TA","selector":{"controlType":"sap.m.Input","viewName":"etm.portal.ui.manageyards.view.New","viewId":"application-manageyards-display-component---NewYard","bindingPath":{"path":"","propertyPath":"/AUART","modelName":"NewYardModel"},"interaction":{"idSuffix":"inner"}},"clearTextFirst":true,"interactionType":"ENTER_TEXT"}]}
COMMAND: POST /session/be50de500220529a90eff0d24b8b5426/execute/async - {"script":"<script> [1562 bytes]","args":[{"selector":{"id":"application-manageyards-display-component---NewYard--whmCheckBox","interaction":{"idSuffix":"CbBg"}},"wdio_ui5_key":"applicationmanageyards-display-component---NewYard--whmCheckBox"}]}
RESULT: {"script":"<script> [1562 bytes]","args":[{"selector":{"id":"application-manageyards-display-component---NewYard--whmCheckBox","interaction":{"idSuffix":"CbBg"}},"wdio_ui5_key":"applicationmanageyards-display-component---NewYard--whmCheckBox"}]}
RESULT: undefined
COMMAND: POST /session/be50de500220529a90eff0d24b8b5426/element - {"using":"xpath","value":"//*[@id=\"application-manageyards-display-component---NewYard--whmCheckBox\"]"}
RESULT: {"using":"xpath","value":"//*[@id=\"application-manageyards-display-component---NewYard--whmCheckBox\"]"}
COMMAND: POST /session/be50de500220529a90eff0d24b8b5426/element/f.4C5E4E1008D2628DB27BF09AD41CA3B4.d.4149F4CFCA62AC064E1B845D289AE3B2.e.3482/click - {}
RESULT: {}
COMMAND: GET /session/be50de500220529a90eff0d24b8b5426/screenshot - {}
RESULT: {}
COMMAND: POST /session/be50de500220529a90eff0d24b8b5426/element - {"using":"xpath","value":"//button[@data-kt=\"newYardSaveButton\"]"}
RESULT: {"using":"xpath","value":"//button[@data-kt=\"newYardSaveButton\"]"}
COMMAND: POST /session/be50de500220529a90eff0d24b8b5426/element/f.4C5E4E1008D2628DB27BF09AD41CA3B4.d.4149F4CFCA62AC064E1B845D289AE3B2.e.3389/click - {}
RESULT: {}
COMMAND: GET /session/be50de500220529a90eff0d24b8b5426/screenshot - {}
RESULT: {}
COMMAND: POST /session/be50de500220529a90eff0d24b8b5426/element - {"using":"xpath","value":"//header[contains(@id, 'ObjectPageLayout-headerTitle')]/div[1]/div[2]/div[1]/span[1]"}
RESULT: {"using":"xpath","value":"//header[contains(@id, 'ObjectPageLayout-headerTitle')]/div[1]/div[2]/div[1]/span[1]"}
COMMAND: POST /session/be50de500220529a90eff0d24b8b5426/elements - {"using":"xpath","value":"//header[contains(@id, 'ObjectPageLayout-headerTitle')]/div[1]/div[2]/div[1]/span[1]"}
RESULT: {"using":"xpath","value":"//header[contains(@id, 'ObjectPageLayout-headerTitle')]/div[1]/div[2]/div[1]/span[1]"}
COMMAND: POST /session/be50de500220529a90eff0d24b8b5426/execute/sync - {"script":"<script> [56 bytes]","args":[{"element-6066-11e4-a52e-4f735466cecf":"f.4C5E4E1008D2628DB27BF09AD41CA3B4.d.4149F4CFCA62AC064E1B845D289AE3B2.e.3689","ELEMENT":"f.4C5E4E1008D2628DB27BF09AD41CA3B4.d.4149F4CFCA62AC064E1B845D289AE3B2.e.3689"}]}
RESULT: {"script":"<script> [56 bytes]","args":[{"element-6066-11e4-a52e-4f735466cecf":"f.4C5E4E1008D2628DB27BF09AD41CA3B4.d.4149F4CFCA62AC064E1B845D289AE3B2.e.3689","ELEMENT":"f.4C5E4E1008D2628DB27BF09AD41CA3B4.d.4149F4CFCA62AC064E1B845D289AE3B2.e.3689"}]}
COMMAND: GET /session/be50de500220529a90eff0d24b8b5426/screenshot - {}
RESULT: {}
COMMAND: POST /session/be50de500220529a90eff0d24b8b5426/element - {"using":"css selector","value":"#shell-header-logo"}
RESULT: {"using":"css selector","value":"#shell-header-logo"}
COMMAND: POST /session/be50de500220529a90eff0d24b8b5426/element/f.4C5E4E1008D2628DB27BF09AD41CA3B4.d.4149F4CFCA62AC064E1B845D289AE3B2.e.2940/click - {}
RESULT: {}
COMMAND: GET /session/be50de500220529a90eff0d24b8b5426/screenshot - {}
RESULT: {}
COMMAND: POST /session/be50de500220529a90eff0d24b8b5426/execute/sync - {"script":"<script> [299 bytes]","args":[["getModel","getResource"]]}
RESULT: {"script":"<script> [299 bytes]","args":[["getModel","getResource"]]}
]]></system-out>
    </testcase>
    <testcase classname="chrome.137_0_7151_69.windows.Create_masterdata_for_Yard_Overview_-_trigger_provide_US130988" name="Should create a new external partner" time="128.069">
      <system-out><![CDATA[
COMMAND: POST /session/be50de500220529a90eff0d24b8b5426/window/fullscreen - {}
COMMAND: GET /session/be50de500220529a90eff0d24b8b5426/screenshot - {}
RESULT: {}
COMMAND: POST /session/be50de500220529a90eff0d24b8b5426/execute/async - {"script":"<script> [1562 bytes]","args":[{"selector":{"controlType":"sap.m.GenericTile","properties":{"header":"Manage Partners"}},"wdio_ui5_key":"sapm.GenericTile{\"header\":\"Manage Partners\"}"}]}
RESULT: {}
RESULT: {"script":"<script> [1562 bytes]","args":[{"selector":{"controlType":"sap.m.GenericTile","properties":{"header":"Manage Partners"}},"wdio_ui5_key":"sapm.GenericTile{\"header\":\"Manage Partners\"}"}]}
RESULT: undefined
COMMAND: POST /session/be50de500220529a90eff0d24b8b5426/element - {"using":"xpath","value":"//*[@id=\"__tile39\"]"}
RESULT: {"using":"xpath","value":"//*[@id=\"__tile39\"]"}
COMMAND: POST /session/be50de500220529a90eff0d24b8b5426/element/f.4C5E4E1008D2628DB27BF09AD41CA3B4.d.4149F4CFCA62AC064E1B845D289AE3B2.e.2825/click - {}
RESULT: {}
COMMAND: GET /session/be50de500220529a90eff0d24b8b5426/screenshot - {}
RESULT: {}
COMMAND: POST /session/be50de500220529a90eff0d24b8b5426/elements - {"using":"xpath","value":"//span[text()='Error']"}
RESULT: {"using":"xpath","value":"//span[text()='Error']"}
COMMAND: POST /session/be50de500220529a90eff0d24b8b5426/element - {"using":"xpath","value":"//button[@data-kt=\"addButton\"]"}
RESULT: {"using":"xpath","value":"//button[@data-kt=\"addButton\"]"}
COMMAND: POST /session/be50de500220529a90eff0d24b8b5426/elements - {"using":"xpath","value":"//button[@data-kt=\"addButton\"]"}
RESULT: {"using":"xpath","value":"//button[@data-kt=\"addButton\"]"}
COMMAND: POST /session/be50de500220529a90eff0d24b8b5426/execute/sync - {"script":"<script> [8489 bytes]","args":[{"element-6066-11e4-a52e-4f735466cecf":"f.4C5E4E1008D2628DB27BF09AD41CA3B4.d.4149F4CFCA62AC064E1B845D289AE3B2.e.3737","ELEMENT":"f.4C5E4E1008D2628DB27BF09AD41CA3B4.d.4149F4CFCA62AC064E1B845D289AE3B2.e.3737"}]}
RESULT: {"script":"<script> [8489 bytes]","args":[{"element-6066-11e4-a52e-4f735466cecf":"f.4C5E4E1008D2628DB27BF09AD41CA3B4.d.4149F4CFCA62AC064E1B845D289AE3B2.e.3737","ELEMENT":"f.4C5E4E1008D2628DB27BF09AD41CA3B4.d.4149F4CFCA62AC064E1B845D289AE3B2.e.3737"}]}
COMMAND: GET /session/be50de500220529a90eff0d24b8b5426/element/f.4C5E4E1008D2628DB27BF09AD41CA3B4.d.4149F4CFCA62AC064E1B845D289AE3B2.e.3737/enabled - {}
COMMAND: GET /session/be50de500220529a90eff0d24b8b5426/screenshot - {}
RESULT: {}
COMMAND: POST /session/be50de500220529a90eff0d24b8b5426/execute/sync - {"script":"<script> [8489 bytes]","args":[{"element-6066-11e4-a52e-4f735466cecf":"f.4C5E4E1008D2628DB27BF09AD41CA3B4.d.4149F4CFCA62AC064E1B845D289AE3B2.e.3737","ELEMENT":"f.4C5E4E1008D2628DB27BF09AD41CA3B4.d.4149F4CFCA62AC064E1B845D289AE3B2.e.3737"}]}
COMMAND: GET /session/be50de500220529a90eff0d24b8b5426/screenshot - {}
RESULT: {}
RESULT: {"script":"<script> [8489 bytes]","args":[{"element-6066-11e4-a52e-4f735466cecf":"f.4C5E4E1008D2628DB27BF09AD41CA3B4.d.4149F4CFCA62AC064E1B845D289AE3B2.e.3737","ELEMENT":"f.4C5E4E1008D2628DB27BF09AD41CA3B4.d.4149F4CFCA62AC064E1B845D289AE3B2.e.3737"}]}
COMMAND: POST /session/be50de500220529a90eff0d24b8b5426/execute/sync - {"script":"<script> [5351 bytes]","args":[{"element-6066-11e4-a52e-4f735466cecf":"f.4C5E4E1008D2628DB27BF09AD41CA3B4.d.4149F4CFCA62AC064E1B845D289AE3B2.e.3737","ELEMENT":"f.4C5E4E1008D2628DB27BF09AD41CA3B4.d.4149F4CFCA62AC064E1B845D289AE3B2.e.3737"}]}
RESULT: {}
RESULT: {"script":"<script> [5351 bytes]","args":[{"element-6066-11e4-a52e-4f735466cecf":"f.4C5E4E1008D2628DB27BF09AD41CA3B4.d.4149F4CFCA62AC064E1B845D289AE3B2.e.3737","ELEMENT":"f.4C5E4E1008D2628DB27BF09AD41CA3B4.d.4149F4CFCA62AC064E1B845D289AE3B2.e.3737"}]}
COMMAND: POST /session/be50de500220529a90eff0d24b8b5426/element/f.4C5E4E1008D2628DB27BF09AD41CA3B4.d.4149F4CFCA62AC064E1B845D289AE3B2.e.3737/click - {}
COMMAND: GET /session/be50de500220529a90eff0d24b8b5426/screenshot - {}
COMMAND: GET /session/be50de500220529a90eff0d24b8b5426/screenshot - {}
RESULT: {}
COMMAND: GET /session/be50de500220529a90eff0d24b8b5426/screenshot - {}
RESULT: {}
RESULT: {}
RESULT: {}
COMMAND: POST /session/be50de500220529a90eff0d24b8b5426/execute/async - {"script":"<script> [1562 bytes]","args":[{"selector":{"id":"application-managepartners-display-component---NewPartner--addressDetailDetailsName1","interaction":{"idSuffix":"inner"}},"wdio_ui5_key":"applicationmanagepartners-display-component---NewPartner--addressDetailDetailsName1"}]}
RESULT: {"script":"<script> [1562 bytes]","args":[{"selector":{"id":"application-managepartners-display-component---NewPartner--addressDetailDetailsName1","interaction":{"idSuffix":"inner"}},"wdio_ui5_key":"applicationmanagepartners-display-component---NewPartner--addressDetailDetailsName1"}]}
RESULT: undefined
COMMAND: POST /session/be50de500220529a90eff0d24b8b5426/execute/async - {"script":"<script> [776 bytes]","args":[{"enterText":"External Partner WDIO","selector":{"id":"application-managepartners-display-component---NewPartner--addressDetailDetailsName1","interaction":{"idSuffix":"inner"}},"clearTextFirst":true,"interactionType":"ENTER_TEXT"}]}
RESULT: {"script":"<script> [776 bytes]","args":[{"enterText":"External Partner WDIO","selector":{"id":"application-managepartners-display-component---NewPartner--addressDetailDetailsName1","interaction":{"idSuffix":"inner"}},"clearTextFirst":true,"interactionType":"ENTER_TEXT"}]}
COMMAND: POST /session/be50de500220529a90eff0d24b8b5426/execute/async - {"script":"<script> [1562 bytes]","args":[{"selector":{"id":"application-managepartners-display-component---NewPartner--addressDetailDetailsLanguage-arrow"},"wdio_ui5_key":"applicationmanagepartners-display-component---NewPartner--addressDetailDetailsLanguage-arrow"}]}
RESULT: {"script":"<script> [1562 bytes]","args":[{"selector":{"id":"application-managepartners-display-component---NewPartner--addressDetailDetailsLanguage-arrow"},"wdio_ui5_key":"applicationmanagepartners-display-component---NewPartner--addressDetailDetailsLanguage-arrow"}]}
RESULT: undefined
COMMAND: POST /session/be50de500220529a90eff0d24b8b5426/element - {"using":"xpath","value":"//*[@id=\"application-managepartners-display-component---NewPartner--addressDetailDetailsLanguage-arrow\"]"}
RESULT: {"using":"xpath","value":"//*[@id=\"application-managepartners-display-component---NewPartner--addressDetailDetailsLanguage-arrow\"]"}
COMMAND: POST /session/be50de500220529a90eff0d24b8b5426/element/f.4C5E4E1008D2628DB27BF09AD41CA3B4.d.4149F4CFCA62AC064E1B845D289AE3B2.e.4156/click - {}
RESULT: {}
COMMAND: POST /session/be50de500220529a90eff0d24b8b5426/element - {"using":"xpath","value":"//span[contains(text(), \"English\")]"}
COMMAND: GET /session/be50de500220529a90eff0d24b8b5426/screenshot - {}
RESULT: {"using":"xpath","value":"//span[contains(text(), \"English\")]"}
COMMAND: POST /session/be50de500220529a90eff0d24b8b5426/element/f.4C5E4E1008D2628DB27BF09AD41CA3B4.d.4149F4CFCA62AC064E1B845D289AE3B2.e.4157/click - {}
RESULT: {}
RESULT: {}
COMMAND: GET /session/be50de500220529a90eff0d24b8b5426/screenshot - {}
RESULT: {}
COMMAND: POST /session/be50de500220529a90eff0d24b8b5426/execute/async - {"script":"<script> [1562 bytes]","args":[{"selector":{"id":"application-managepartners-display-component---NewPartner--addressDetailDetailsCity1","interaction":{"idSuffix":"inner"}},"wdio_ui5_key":"applicationmanagepartners-display-component---NewPartner--addressDetailDetailsCity1"}]}
RESULT: {"script":"<script> [1562 bytes]","args":[{"selector":{"id":"application-managepartners-display-component---NewPartner--addressDetailDetailsCity1","interaction":{"idSuffix":"inner"}},"wdio_ui5_key":"applicationmanagepartners-display-component---NewPartner--addressDetailDetailsCity1"}]}
RESULT: undefined
COMMAND: POST /session/be50de500220529a90eff0d24b8b5426/execute/async - {"script":"<script> [776 bytes]","args":[{"enterText":"Rosario","selector":{"id":"application-managepartners-display-component---NewPartner--addressDetailDetailsCity1","interaction":{"idSuffix":"inner"}},"clearTextFirst":true,"interactionType":"ENTER_TEXT"}]}
RESULT: {"script":"<script> [776 bytes]","args":[{"enterText":"Rosario","selector":{"id":"application-managepartners-display-component---NewPartner--addressDetailDetailsCity1","interaction":{"idSuffix":"inner"}},"clearTextFirst":true,"interactionType":"ENTER_TEXT"}]}
COMMAND: POST /session/be50de500220529a90eff0d24b8b5426/execute/async - {"script":"<script> [1562 bytes]","args":[{"selector":{"id":"application-managepartners-display-component---NewPartner--addressDetailDetailsCountry-arrow"},"wdio_ui5_key":"applicationmanagepartners-display-component---NewPartner--addressDetailDetailsCountry-arrow"}]}
RESULT: {"script":"<script> [1562 bytes]","args":[{"selector":{"id":"application-managepartners-display-component---NewPartner--addressDetailDetailsCountry-arrow"},"wdio_ui5_key":"applicationmanagepartners-display-component---NewPartner--addressDetailDetailsCountry-arrow"}]}
RESULT: undefined
COMMAND: POST /session/be50de500220529a90eff0d24b8b5426/element - {"using":"xpath","value":"//*[@id=\"application-managepartners-display-component---NewPartner--addressDetailDetailsCountry-arrow\"]"}
RESULT: {"using":"xpath","value":"//*[@id=\"application-managepartners-display-component---NewPartner--addressDetailDetailsCountry-arrow\"]"}
COMMAND: POST /session/be50de500220529a90eff0d24b8b5426/element/f.4C5E4E1008D2628DB27BF09AD41CA3B4.d.4149F4CFCA62AC064E1B845D289AE3B2.e.4139/click - {}
RESULT: {}
COMMAND: POST /session/be50de500220529a90eff0d24b8b5426/element - {"using":"xpath","value":"//span[contains(text(), \"Argentina\")]"}
COMMAND: GET /session/be50de500220529a90eff0d24b8b5426/screenshot - {}
RESULT: {"using":"xpath","value":"//span[contains(text(), \"Argentina\")]"}
COMMAND: POST /session/be50de500220529a90eff0d24b8b5426/element/f.4C5E4E1008D2628DB27BF09AD41CA3B4.d.4149F4CFCA62AC064E1B845D289AE3B2.e.4159/click - {}
RESULT: {}
RESULT: {}
COMMAND: GET /session/be50de500220529a90eff0d24b8b5426/screenshot - {}
RESULT: {}
COMMAND: POST /session/be50de500220529a90eff0d24b8b5426/element - {"using":"xpath","value":"//bdi[contains(text(), \"Commercial\")]"}
RESULT: {"using":"xpath","value":"//bdi[contains(text(), \"Commercial\")]"}
COMMAND: POST /session/be50de500220529a90eff0d24b8b5426/element/f.4C5E4E1008D2628DB27BF09AD41CA3B4.d.4149F4CFCA62AC064E1B845D289AE3B2.e.4160/click - {}
RESULT: {}
COMMAND: GET /session/be50de500220529a90eff0d24b8b5426/screenshot - {}
RESULT: {}
COMMAND: POST /session/be50de500220529a90eff0d24b8b5426/execute/async - {"script":"<script> [1562 bytes]","args":[{"selector":{"id":"application-managepartners-display-component---NewPartner--partnerDetailInternal-arrow"},"wdio_ui5_key":"applicationmanagepartners-display-component---NewPartner--partnerDetailInternal-arrow"}]}
RESULT: {"script":"<script> [1562 bytes]","args":[{"selector":{"id":"application-managepartners-display-component---NewPartner--partnerDetailInternal-arrow"},"wdio_ui5_key":"applicationmanagepartners-display-component---NewPartner--partnerDetailInternal-arrow"}]}
RESULT: undefined
COMMAND: POST /session/be50de500220529a90eff0d24b8b5426/element - {"using":"xpath","value":"//*[@id=\"application-managepartners-display-component---NewPartner--partnerDetailInternal-arrow\"]"}
RESULT: {"using":"xpath","value":"//*[@id=\"application-managepartners-display-component---NewPartner--partnerDetailInternal-arrow\"]"}
COMMAND: POST /session/be50de500220529a90eff0d24b8b5426/element/f.4C5E4E1008D2628DB27BF09AD41CA3B4.d.4149F4CFCA62AC064E1B845D289AE3B2.e.4166/click - {}
RESULT: {}
COMMAND: POST /session/be50de500220529a90eff0d24b8b5426/element - {"using":"xpath","value":"//span[contains(text(), \"External partner\")]"}
COMMAND: GET /session/be50de500220529a90eff0d24b8b5426/screenshot - {}
RESULT: {"using":"xpath","value":"//span[contains(text(), \"External partner\")]"}
COMMAND: POST /session/be50de500220529a90eff0d24b8b5426/element/f.4C5E4E1008D2628DB27BF09AD41CA3B4.d.4149F4CFCA62AC064E1B845D289AE3B2.e.4169/click - {}
RESULT: {}
RESULT: {}
COMMAND: POST /session/be50de500220529a90eff0d24b8b5426/execute/async - {"script":"<script> [1562 bytes]","args":[{"selector":{"id":"application-managepartners-display-component---NewPartner--partnerDetailsCurrency-arrow"},"wdio_ui5_key":"applicationmanagepartners-display-component---NewPartner--partnerDetailsCurrency-arrow"}]}
COMMAND: GET /session/be50de500220529a90eff0d24b8b5426/screenshot - {}
RESULT: {"script":"<script> [1562 bytes]","args":[{"selector":{"id":"application-managepartners-display-component---NewPartner--partnerDetailsCurrency-arrow"},"wdio_ui5_key":"applicationmanagepartners-display-component---NewPartner--partnerDetailsCurrency-arrow"}]}
RESULT: undefined
COMMAND: POST /session/be50de500220529a90eff0d24b8b5426/element - {"using":"xpath","value":"//*[@id=\"application-managepartners-display-component---NewPartner--partnerDetailsCurrency-arrow\"]"}
RESULT: {}
RESULT: {"using":"xpath","value":"//*[@id=\"application-managepartners-display-component---NewPartner--partnerDetailsCurrency-arrow\"]"}
COMMAND: POST /session/be50de500220529a90eff0d24b8b5426/element/f.4C5E4E1008D2628DB27BF09AD41CA3B4.d.4149F4CFCA62AC064E1B845D289AE3B2.e.4174/click - {}
RESULT: {}
COMMAND: POST /session/be50de500220529a90eff0d24b8b5426/element - {"using":"xpath","value":"//span[contains(text(), \"US Dollar\")]"}
COMMAND: GET /session/be50de500220529a90eff0d24b8b5426/screenshot - {}
RESULT: {"using":"xpath","value":"//span[contains(text(), \"US Dollar\")]"}
COMMAND: POST /session/be50de500220529a90eff0d24b8b5426/element/f.4C5E4E1008D2628DB27BF09AD41CA3B4.d.4149F4CFCA62AC064E1B845D289AE3B2.e.4175/click - {}
RESULT: {}
RESULT: {}
COMMAND: GET /session/be50de500220529a90eff0d24b8b5426/screenshot - {}
RESULT: {}
COMMAND: POST /session/be50de500220529a90eff0d24b8b5426/element - {"using":"xpath","value":"//input[@id=\"application-managepartners-display-component---NewPartner--companyCodeComboBox-inner\"]"}
RESULT: {"using":"xpath","value":"//input[@id=\"application-managepartners-display-component---NewPartner--companyCodeComboBox-inner\"]"}
COMMAND: POST /session/be50de500220529a90eff0d24b8b5426/element/f.4C5E4E1008D2628DB27BF09AD41CA3B4.d.4149F4CFCA62AC064E1B845D289AE3B2.e.4017/clear - {}
RESULT: {}
COMMAND: POST /session/be50de500220529a90eff0d24b8b5426/element/f.4C5E4E1008D2628DB27BF09AD41CA3B4.d.4149F4CFCA62AC064E1B845D289AE3B2.e.4017/value - {"text":"C002"}
COMMAND: GET /session/be50de500220529a90eff0d24b8b5426/screenshot - {}
RESULT: {"text":"C002"}
COMMAND: GET /session/be50de500220529a90eff0d24b8b5426/screenshot - {}
RESULT: {}
RESULT: {}
COMMAND: POST /session/be50de500220529a90eff0d24b8b5426/element - {"using":"xpath","value":"//li[.//span[text()= \"C002\"]]"}
RESULT: {"using":"xpath","value":"//li[.//span[text()= \"C002\"]]"}
COMMAND: POST /session/be50de500220529a90eff0d24b8b5426/element/f.4C5E4E1008D2628DB27BF09AD41CA3B4.d.4149F4CFCA62AC064E1B845D289AE3B2.e.4179/click - {}
RESULT: {}
COMMAND: GET /session/be50de500220529a90eff0d24b8b5426/screenshot - {}
RESULT: {}
COMMAND: POST /session/be50de500220529a90eff0d24b8b5426/execute/async - {"script":"<script> [1562 bytes]","args":[{"selector":{"controlType":"sap.ui.core.Icon","viewName":"etm.portal.ui.managepartners.view.NewPartner","viewId":"application-managepartners-display-component---NewPartner","properties":{"src":{"regex":{"source":"slim\\-arrow\\-down"}}},"ancestor":{"controlType":"sap.m.ComboBox","viewName":"etm.portal.ui.managepartners.view.NewPartner","viewId":"application-managepartners-display-component---NewPartner","bindingPath":{"path":"","propertyPath":"/CATALOG","modelName":"oNewPartnerModel"}}},"wdio_ui5_key":"etmportal.ui.managepartners.view.NewPartnersap.ui.core.Icon{\"src\":{\"regex\":{\"source\":\"slim\\\\-arrow\\\\-down\"}}}{\"controlType\":\"sap.m.ComboBox\",\"viewName\":\"etm.portal.ui.managepartners.view.NewPartner\",\"viewId\":\"application-managepartners-display-component---NewPartner\",\"bindingPath\":{\"path\":\"\",\"propertyPath\":\"/CATALOG\",\"modelName\":\"oNewPartnerModel\"}}"}]}
RESULT: {"script":"<script> [1562 bytes]","args":[{"selector":{"controlType":"sap.ui.core.Icon","viewName":"etm.portal.ui.managepartners.view.NewPartner","viewId":"application-managepartners-display-component---NewPartner","properties":{"src":{"regex":{"source":"slim\\-arrow\\-down"}}},"ancestor":{"controlType":"sap.m.ComboBox","viewName":"etm.portal.ui.managepartners.view.NewPartner","viewId":"application-managepartners-display-component---NewPartner","bindingPath":{"path":"","propertyPath":"/CATALOG","modelName":"oNewPartnerModel"}}},"wdio_ui5_key":"etmportal.ui.managepartners.view.NewPartnersap.ui.core.Icon{\"src\":{\"regex\":{\"source\":\"slim\\\\-arrow\\\\-down\"}}}{\"controlType\":\"sap.m.ComboBox\",\"viewName\":\"etm.portal.ui.managepartners.view.NewPartner\",\"viewId\":\"application-managepartners-display-component---NewPartner\",\"bindingPath\":{\"path\":\"\",\"propertyPath\":\"/CATALOG\",\"modelName\":\"oNewPartnerModel\"}}"}]}
RESULT: undefined
COMMAND: POST /session/be50de500220529a90eff0d24b8b5426/element - {"using":"xpath","value":"//*[@id=\"__box22-arrow\"]"}
RESULT: {"using":"xpath","value":"//*[@id=\"__box22-arrow\"]"}
COMMAND: POST /session/be50de500220529a90eff0d24b8b5426/element/f.4C5E4E1008D2628DB27BF09AD41CA3B4.d.4149F4CFCA62AC064E1B845D289AE3B2.e.4140/click - {}
RESULT: {}
COMMAND: GET /session/be50de500220529a90eff0d24b8b5426/screenshot - {}
RESULT: {}
COMMAND: POST /session/be50de500220529a90eff0d24b8b5426/element - {"using":"xpath","value":"//ul[contains(@id,\"popup-list-listUl\")]//li[.//span[text()= \"Webshop Catalog\"]]"}
RESULT: {"using":"xpath","value":"//ul[contains(@id,\"popup-list-listUl\")]//li[.//span[text()= \"Webshop Catalog\"]]"}
COMMAND: POST /session/be50de500220529a90eff0d24b8b5426/element/f.4C5E4E1008D2628DB27BF09AD41CA3B4.d.4149F4CFCA62AC064E1B845D289AE3B2.e.4181/click - {}
RESULT: {}
COMMAND: GET /session/be50de500220529a90eff0d24b8b5426/screenshot - {}
RESULT: {}
COMMAND: POST /session/be50de500220529a90eff0d24b8b5426/execute/async - {"script":"<script> [1562 bytes]","args":[{"selector":{"id":"application-managepartners-display-component---NewPartner--btnAddTableRow-img"},"wdio_ui5_key":"applicationmanagepartners-display-component---NewPartner--btnAddTableRow-img"}]}
RESULT: {"script":"<script> [1562 bytes]","args":[{"selector":{"id":"application-managepartners-display-component---NewPartner--btnAddTableRow-img"},"wdio_ui5_key":"applicationmanagepartners-display-component---NewPartner--btnAddTableRow-img"}]}
RESULT: undefined
COMMAND: POST /session/be50de500220529a90eff0d24b8b5426/element - {"using":"xpath","value":"//*[@id=\"application-managepartners-display-component---NewPartner--btnAddTableRow-img\"]"}
RESULT: {"using":"xpath","value":"//*[@id=\"application-managepartners-display-component---NewPartner--btnAddTableRow-img\"]"}
COMMAND: POST /session/be50de500220529a90eff0d24b8b5426/element/f.4C5E4E1008D2628DB27BF09AD41CA3B4.d.4149F4CFCA62AC064E1B845D289AE3B2.e.4182/click - {}
RESULT: {}
COMMAND: GET /session/be50de500220529a90eff0d24b8b5426/screenshot - {}
RESULT: {}
COMMAND: POST /session/be50de500220529a90eff0d24b8b5426/element - {"using":"xpath","value":"//input[@id=\"application-managepartners-display-component---NewPartner--assignmentYard-application-managepartners-display-component---NewPartner--assignmentsTable-0-inner\"]"}
RESULT: {"using":"xpath","value":"//input[@id=\"application-managepartners-display-component---NewPartner--assignmentYard-application-managepartners-display-component---NewPartner--assignmentsTable-0-inner\"]"}
COMMAND: POST /session/be50de500220529a90eff0d24b8b5426/element/f.4C5E4E1008D2628DB27BF09AD41CA3B4.d.4149F4CFCA62AC064E1B845D289AE3B2.e.4185/clear - {}
RESULT: {}
COMMAND: POST /session/be50de500220529a90eff0d24b8b5426/element/f.4C5E4E1008D2628DB27BF09AD41CA3B4.d.4149F4CFCA62AC064E1B845D289AE3B2.e.4185/value - {"text":"241"}
COMMAND: GET /session/be50de500220529a90eff0d24b8b5426/screenshot - {}
RESULT: {"text":"241"}
COMMAND: GET /session/be50de500220529a90eff0d24b8b5426/screenshot - {}
RESULT: {}
RESULT: {}
COMMAND: POST /session/be50de500220529a90eff0d24b8b5426/element - {"using":"xpath","value":"//ul[contains(@id,\"NewPartner--assignmentsTable-0-popup-list-listUl\")]//li[.//span[text()='241']]"}
RESULT: {"using":"xpath","value":"//ul[contains(@id,\"NewPartner--assignmentsTable-0-popup-list-listUl\")]//li[.//span[text()='241']]"}
COMMAND: POST /session/be50de500220529a90eff0d24b8b5426/element/f.4C5E4E1008D2628DB27BF09AD41CA3B4.d.4149F4CFCA62AC064E1B845D289AE3B2.e.4193/click - {}
RESULT: {}
COMMAND: GET /session/be50de500220529a90eff0d24b8b5426/screenshot - {}
RESULT: {}
COMMAND: POST /session/be50de500220529a90eff0d24b8b5426/actions - {"actions":[{"id":"action11","type":"key","parameters":{},"actions":[{"type":"keyDown","value":""},{"type":"pause","duration":10},{"type":"keyUp","value":""}]}]}
RESULT: {"actions":[{"id":"action11","type":"key","parameters":{},"actions":[{"type":"keyDown","value":""},{"type":"pause","duration":10},{"type":"keyUp","value":""}]}]}
COMMAND: POST /session/be50de500220529a90eff0d24b8b5426/element - {"using":"xpath","value":"//td[contains(@id, \"assignmentsTable-0-cell2\")]/div/div"}
COMMAND: GET /session/be50de500220529a90eff0d24b8b5426/screenshot - {}
RESULT: {"using":"xpath","value":"//td[contains(@id, \"assignmentsTable-0-cell2\")]/div/div"}
COMMAND: POST /session/be50de500220529a90eff0d24b8b5426/element/f.4C5E4E1008D2628DB27BF09AD41CA3B4.d.4149F4CFCA62AC064E1B845D289AE3B2.e.4196/click - {}
RESULT: {}
RESULT: {}
COMMAND: GET /session/be50de500220529a90eff0d24b8b5426/screenshot - {}
RESULT: {}
COMMAND: POST /session/be50de500220529a90eff0d24b8b5426/element - {"using":"xpath","value":"//button[@data-kt=\"saveButton\"]"}
RESULT: {"using":"xpath","value":"//button[@data-kt=\"saveButton\"]"}
COMMAND: POST /session/be50de500220529a90eff0d24b8b5426/element/f.4C5E4E1008D2628DB27BF09AD41CA3B4.d.4149F4CFCA62AC064E1B845D289AE3B2.e.4141/click - {}
RESULT: {}
COMMAND: GET /session/be50de500220529a90eff0d24b8b5426/screenshot - {}
RESULT: {}
COMMAND: POST /session/be50de500220529a90eff0d24b8b5426/element - {"using":"xpath","value":"//header[contains(@id, 'ObjectPageLayout-headerTitle')]/div[1]/div[2]/div[2]/span[1]"}
RESULT: {"using":"xpath","value":"//header[contains(@id, 'ObjectPageLayout-headerTitle')]/div[1]/div[2]/div[2]/span[1]"}
COMMAND: POST /session/be50de500220529a90eff0d24b8b5426/elements - {"using":"xpath","value":"//header[contains(@id, 'ObjectPageLayout-headerTitle')]/div[1]/div[2]/div[2]/span[1]"}
RESULT: {"using":"xpath","value":"//header[contains(@id, 'ObjectPageLayout-headerTitle')]/div[1]/div[2]/div[2]/span[1]"}
COMMAND: POST /session/be50de500220529a90eff0d24b8b5426/execute/sync - {"script":"<script> [56 bytes]","args":[{"element-6066-11e4-a52e-4f735466cecf":"f.4C5E4E1008D2628DB27BF09AD41CA3B4.d.4149F4CFCA62AC064E1B845D289AE3B2.e.4346","ELEMENT":"f.4C5E4E1008D2628DB27BF09AD41CA3B4.d.4149F4CFCA62AC064E1B845D289AE3B2.e.4346"}]}
RESULT: {"script":"<script> [56 bytes]","args":[{"element-6066-11e4-a52e-4f735466cecf":"f.4C5E4E1008D2628DB27BF09AD41CA3B4.d.4149F4CFCA62AC064E1B845D289AE3B2.e.4346","ELEMENT":"f.4C5E4E1008D2628DB27BF09AD41CA3B4.d.4149F4CFCA62AC064E1B845D289AE3B2.e.4346"}]}
COMMAND: POST /session/be50de500220529a90eff0d24b8b5426/element - {"using":"css selector","value":"#shell-header-logo"}
COMMAND: GET /session/be50de500220529a90eff0d24b8b5426/screenshot - {}
RESULT: {"using":"css selector","value":"#shell-header-logo"}
COMMAND: POST /session/be50de500220529a90eff0d24b8b5426/element/f.4C5E4E1008D2628DB27BF09AD41CA3B4.d.4149F4CFCA62AC064E1B845D289AE3B2.e.3693/click - {}
RESULT: {}
RESULT: {}
COMMAND: GET /session/be50de500220529a90eff0d24b8b5426/screenshot - {}
RESULT: {}
COMMAND: POST /session/be50de500220529a90eff0d24b8b5426/execute/sync - {"script":"<script> [299 bytes]","args":[["getModel","getResource"]]}
RESULT: {"script":"<script> [299 bytes]","args":[["getModel","getResource"]]}
]]></system-out>
    </testcase>
    <testcase classname="chrome.137_0_7151_69.windows.Create_masterdata_for_Yard_Overview_-_trigger_provide_US130988" name="Should create a new WHM site" time="113.035">
      <system-out><![CDATA[
COMMAND: POST /session/be50de500220529a90eff0d24b8b5426/execute/async - {"script":"<script> [1562 bytes]","args":[{"selector":{"controlType":"sap.m.GenericTile","properties":{"header":"Manage Sites"}},"wdio_ui5_key":"sapm.GenericTile{\"header\":\"Manage Sites\"}"}]}
COMMAND: GET /session/be50de500220529a90eff0d24b8b5426/screenshot - {}
RESULT: {"script":"<script> [1562 bytes]","args":[{"selector":{"controlType":"sap.m.GenericTile","properties":{"header":"Manage Sites"}},"wdio_ui5_key":"sapm.GenericTile{\"header\":\"Manage Sites\"}"}]}
RESULT: undefined
COMMAND: POST /session/be50de500220529a90eff0d24b8b5426/element - {"using":"xpath","value":"//*[@id=\"__tile41\"]"}
RESULT: {}
RESULT: {"using":"xpath","value":"//*[@id=\"__tile41\"]"}
COMMAND: POST /session/be50de500220529a90eff0d24b8b5426/element/f.4C5E4E1008D2628DB27BF09AD41CA3B4.d.4149F4CFCA62AC064E1B845D289AE3B2.e.2831/click - {}
RESULT: {}
COMMAND: GET /session/be50de500220529a90eff0d24b8b5426/screenshot - {}
RESULT: {}
COMMAND: POST /session/be50de500220529a90eff0d24b8b5426/elements - {"using":"xpath","value":"//span[text()='Error']"}
RESULT: {"using":"xpath","value":"//span[text()='Error']"}
COMMAND: POST /session/be50de500220529a90eff0d24b8b5426/element - {"using":"xpath","value":"//button[@data-kt=\"addOverflowToolbarButton\"]"}
RESULT: {"using":"xpath","value":"//button[@data-kt=\"addOverflowToolbarButton\"]"}
COMMAND: POST /session/be50de500220529a90eff0d24b8b5426/elements - {"using":"xpath","value":"//button[@data-kt=\"addOverflowToolbarButton\"]"}
RESULT: {"using":"xpath","value":"//button[@data-kt=\"addOverflowToolbarButton\"]"}
COMMAND: POST /session/be50de500220529a90eff0d24b8b5426/execute/sync - {"script":"<script> [8489 bytes]","args":[{"element-6066-11e4-a52e-4f735466cecf":"f.4C5E4E1008D2628DB27BF09AD41CA3B4.d.4149F4CFCA62AC064E1B845D289AE3B2.e.4393","ELEMENT":"f.4C5E4E1008D2628DB27BF09AD41CA3B4.d.4149F4CFCA62AC064E1B845D289AE3B2.e.4393"}]}
RESULT: {"script":"<script> [8489 bytes]","args":[{"element-6066-11e4-a52e-4f735466cecf":"f.4C5E4E1008D2628DB27BF09AD41CA3B4.d.4149F4CFCA62AC064E1B845D289AE3B2.e.4393","ELEMENT":"f.4C5E4E1008D2628DB27BF09AD41CA3B4.d.4149F4CFCA62AC064E1B845D289AE3B2.e.4393"}]}
COMMAND: GET /session/be50de500220529a90eff0d24b8b5426/element/f.4C5E4E1008D2628DB27BF09AD41CA3B4.d.4149F4CFCA62AC064E1B845D289AE3B2.e.4393/enabled - {}
COMMAND: GET /session/be50de500220529a90eff0d24b8b5426/screenshot - {}
RESULT: {}
COMMAND: POST /session/be50de500220529a90eff0d24b8b5426/execute/sync - {"script":"<script> [8489 bytes]","args":[{"element-6066-11e4-a52e-4f735466cecf":"f.4C5E4E1008D2628DB27BF09AD41CA3B4.d.4149F4CFCA62AC064E1B845D289AE3B2.e.4393","ELEMENT":"f.4C5E4E1008D2628DB27BF09AD41CA3B4.d.4149F4CFCA62AC064E1B845D289AE3B2.e.4393"}]}
COMMAND: GET /session/be50de500220529a90eff0d24b8b5426/screenshot - {}
RESULT: {}
RESULT: {"script":"<script> [8489 bytes]","args":[{"element-6066-11e4-a52e-4f735466cecf":"f.4C5E4E1008D2628DB27BF09AD41CA3B4.d.4149F4CFCA62AC064E1B845D289AE3B2.e.4393","ELEMENT":"f.4C5E4E1008D2628DB27BF09AD41CA3B4.d.4149F4CFCA62AC064E1B845D289AE3B2.e.4393"}]}
COMMAND: POST /session/be50de500220529a90eff0d24b8b5426/execute/sync - {"script":"<script> [5351 bytes]","args":[{"element-6066-11e4-a52e-4f735466cecf":"f.4C5E4E1008D2628DB27BF09AD41CA3B4.d.4149F4CFCA62AC064E1B845D289AE3B2.e.4393","ELEMENT":"f.4C5E4E1008D2628DB27BF09AD41CA3B4.d.4149F4CFCA62AC064E1B845D289AE3B2.e.4393"}]}
COMMAND: GET /session/be50de500220529a90eff0d24b8b5426/screenshot - {}
RESULT: {}
RESULT: {"script":"<script> [5351 bytes]","args":[{"element-6066-11e4-a52e-4f735466cecf":"f.4C5E4E1008D2628DB27BF09AD41CA3B4.d.4149F4CFCA62AC064E1B845D289AE3B2.e.4393","ELEMENT":"f.4C5E4E1008D2628DB27BF09AD41CA3B4.d.4149F4CFCA62AC064E1B845D289AE3B2.e.4393"}]}
COMMAND: POST /session/be50de500220529a90eff0d24b8b5426/element/f.4C5E4E1008D2628DB27BF09AD41CA3B4.d.4149F4CFCA62AC064E1B845D289AE3B2.e.4393/click - {}
COMMAND: GET /session/be50de500220529a90eff0d24b8b5426/screenshot - {}
RESULT: {}
RESULT: {}
COMMAND: GET /session/be50de500220529a90eff0d24b8b5426/screenshot - {}
RESULT: {}
RESULT: {}
COMMAND: POST /session/be50de500220529a90eff0d24b8b5426/element - {"using":"xpath","value":"//input[@id=\"application-managesites-display-component---NewSite--siteId-inner\"]"}
RESULT: {"using":"xpath","value":"//input[@id=\"application-managesites-display-component---NewSite--siteId-inner\"]"}
COMMAND: POST /session/be50de500220529a90eff0d24b8b5426/element - {"using":"xpath","value":"//input[@id=\"application-managesites-display-component---NewSite--siteId-inner\"]"}
RESULT: {"using":"xpath","value":"//input[@id=\"application-managesites-display-component---NewSite--siteId-inner\"]"}
COMMAND: POST /session/be50de500220529a90eff0d24b8b5426/execute/async - {"script":"<script> [1562 bytes]","args":[{"selector":{"id":"application-managesites-display-component---NewSite--addressDetailDetailsName1","interaction":{"idSuffix":"inner"}},"wdio_ui5_key":"applicationmanagesites-display-component---NewSite--addressDetailDetailsName1"}]}
RESULT: {"script":"<script> [1562 bytes]","args":[{"selector":{"id":"application-managesites-display-component---NewSite--addressDetailDetailsName1","interaction":{"idSuffix":"inner"}},"wdio_ui5_key":"applicationmanagesites-display-component---NewSite--addressDetailDetailsName1"}]}
RESULT: undefined
COMMAND: POST /session/be50de500220529a90eff0d24b8b5426/execute/async - {"script":"<script> [776 bytes]","args":[{"enterText":"Other Type Site WDIO","selector":{"id":"application-managesites-display-component---NewSite--addressDetailDetailsName1","interaction":{"idSuffix":"inner"}},"clearTextFirst":true,"interactionType":"ENTER_TEXT"}]}
RESULT: {"script":"<script> [776 bytes]","args":[{"enterText":"Other Type Site WDIO","selector":{"id":"application-managesites-display-component---NewSite--addressDetailDetailsName1","interaction":{"idSuffix":"inner"}},"clearTextFirst":true,"interactionType":"ENTER_TEXT"}]}
COMMAND: POST /session/be50de500220529a90eff0d24b8b5426/execute/async - {"script":"<script> [1562 bytes]","args":[{"selector":{"id":"application-managesites-display-component---NewSite--addressDetailDetailsLanguage-arrow"},"wdio_ui5_key":"applicationmanagesites-display-component---NewSite--addressDetailDetailsLanguage-arrow"}]}
RESULT: {"script":"<script> [1562 bytes]","args":[{"selector":{"id":"application-managesites-display-component---NewSite--addressDetailDetailsLanguage-arrow"},"wdio_ui5_key":"applicationmanagesites-display-component---NewSite--addressDetailDetailsLanguage-arrow"}]}
RESULT: undefined
COMMAND: POST /session/be50de500220529a90eff0d24b8b5426/element - {"using":"xpath","value":"//*[@id=\"application-managesites-display-component---NewSite--addressDetailDetailsLanguage-arrow\"]"}
RESULT: {"using":"xpath","value":"//*[@id=\"application-managesites-display-component---NewSite--addressDetailDetailsLanguage-arrow\"]"}
COMMAND: POST /session/be50de500220529a90eff0d24b8b5426/element/f.4C5E4E1008D2628DB27BF09AD41CA3B4.d.4149F4CFCA62AC064E1B845D289AE3B2.e.4755/click - {}
RESULT: {}
COMMAND: POST /session/be50de500220529a90eff0d24b8b5426/element - {"using":"xpath","value":"//span[contains(text(), \"English\")]"}
COMMAND: GET /session/be50de500220529a90eff0d24b8b5426/screenshot - {}
RESULT: {"using":"xpath","value":"//span[contains(text(), \"English\")]"}
COMMAND: POST /session/be50de500220529a90eff0d24b8b5426/element/f.4C5E4E1008D2628DB27BF09AD41CA3B4.d.4149F4CFCA62AC064E1B845D289AE3B2.e.4756/click - {}
RESULT: {}
RESULT: {}
COMMAND: POST /session/be50de500220529a90eff0d24b8b5426/execute/async - {"script":"<script> [1562 bytes]","args":[{"selector":{"id":"application-managesites-display-component---NewSite--addressDetailDetailsCity1","interaction":{"idSuffix":"inner"}},"wdio_ui5_key":"applicationmanagesites-display-component---NewSite--addressDetailDetailsCity1"}]}
COMMAND: GET /session/be50de500220529a90eff0d24b8b5426/screenshot - {}
RESULT: {"script":"<script> [1562 bytes]","args":[{"selector":{"id":"application-managesites-display-component---NewSite--addressDetailDetailsCity1","interaction":{"idSuffix":"inner"}},"wdio_ui5_key":"applicationmanagesites-display-component---NewSite--addressDetailDetailsCity1"}]}
RESULT: undefined
COMMAND: POST /session/be50de500220529a90eff0d24b8b5426/execute/async - {"script":"<script> [776 bytes]","args":[{"enterText":"Rosario","selector":{"id":"application-managesites-display-component---NewSite--addressDetailDetailsCity1","interaction":{"idSuffix":"inner"}},"clearTextFirst":true,"interactionType":"ENTER_TEXT"}]}
RESULT: {}
RESULT: {"script":"<script> [776 bytes]","args":[{"enterText":"Rosario","selector":{"id":"application-managesites-display-component---NewSite--addressDetailDetailsCity1","interaction":{"idSuffix":"inner"}},"clearTextFirst":true,"interactionType":"ENTER_TEXT"}]}
COMMAND: POST /session/be50de500220529a90eff0d24b8b5426/execute/async - {"script":"<script> [1562 bytes]","args":[{"selector":{"id":"application-managesites-display-component---NewSite--addressDetailDetailsCountry-arrow"},"wdio_ui5_key":"applicationmanagesites-display-component---NewSite--addressDetailDetailsCountry-arrow"}]}
RESULT: {"script":"<script> [1562 bytes]","args":[{"selector":{"id":"application-managesites-display-component---NewSite--addressDetailDetailsCountry-arrow"},"wdio_ui5_key":"applicationmanagesites-display-component---NewSite--addressDetailDetailsCountry-arrow"}]}
RESULT: undefined
COMMAND: POST /session/be50de500220529a90eff0d24b8b5426/element - {"using":"xpath","value":"//*[@id=\"application-managesites-display-component---NewSite--addressDetailDetailsCountry-arrow\"]"}
RESULT: {"using":"xpath","value":"//*[@id=\"application-managesites-display-component---NewSite--addressDetailDetailsCountry-arrow\"]"}
COMMAND: POST /session/be50de500220529a90eff0d24b8b5426/element/f.4C5E4E1008D2628DB27BF09AD41CA3B4.d.4149F4CFCA62AC064E1B845D289AE3B2.e.4758/click - {}
RESULT: {}
COMMAND: POST /session/be50de500220529a90eff0d24b8b5426/element - {"using":"xpath","value":"//span[contains(text(), \"Argentina\")]"}
COMMAND: GET /session/be50de500220529a90eff0d24b8b5426/screenshot - {}
RESULT: {"using":"xpath","value":"//span[contains(text(), \"Argentina\")]"}
COMMAND: POST /session/be50de500220529a90eff0d24b8b5426/element/f.4C5E4E1008D2628DB27BF09AD41CA3B4.d.4149F4CFCA62AC064E1B845D289AE3B2.e.4760/click - {}
RESULT: {}
RESULT: {}
COMMAND: GET /session/be50de500220529a90eff0d24b8b5426/screenshot - {}
RESULT: {}
COMMAND: POST /session/be50de500220529a90eff0d24b8b5426/execute/async - {"script":"<script> [1562 bytes]","args":[{"selector":{"id":"application-managesites-display-component---NewSite--addressEditDetailsCostObjectCstType-arrow"},"wdio_ui5_key":"applicationmanagesites-display-component---NewSite--addressEditDetailsCostObjectCstType-arrow"}]}
RESULT: {"script":"<script> [1562 bytes]","args":[{"selector":{"id":"application-managesites-display-component---NewSite--addressEditDetailsCostObjectCstType-arrow"},"wdio_ui5_key":"applicationmanagesites-display-component---NewSite--addressEditDetailsCostObjectCstType-arrow"}]}
RESULT: undefined
COMMAND: POST /session/be50de500220529a90eff0d24b8b5426/element - {"using":"xpath","value":"//*[@id=\"application-managesites-display-component---NewSite--addressEditDetailsCostObjectCstType-arrow\"]"}
RESULT: {"using":"xpath","value":"//*[@id=\"application-managesites-display-component---NewSite--addressEditDetailsCostObjectCstType-arrow\"]"}
COMMAND: POST /session/be50de500220529a90eff0d24b8b5426/element/f.4C5E4E1008D2628DB27BF09AD41CA3B4.d.4149F4CFCA62AC064E1B845D289AE3B2.e.4761/click - {}
RESULT: {}
COMMAND: POST /session/be50de500220529a90eff0d24b8b5426/element - {"using":"xpath","value":"//span[contains(text(), \"Cost Center\")]"}
COMMAND: GET /session/be50de500220529a90eff0d24b8b5426/screenshot - {}
RESULT: {"using":"xpath","value":"//span[contains(text(), \"Cost Center\")]"}
COMMAND: POST /session/be50de500220529a90eff0d24b8b5426/element/f.4C5E4E1008D2628DB27BF09AD41CA3B4.d.4149F4CFCA62AC064E1B845D289AE3B2.e.4762/click - {}
RESULT: {}
RESULT: {}
COMMAND: GET /session/be50de500220529a90eff0d24b8b5426/screenshot - {}
RESULT: {}
COMMAND: POST /session/be50de500220529a90eff0d24b8b5426/element - {"using":"xpath","value":"//span[@id=\"application-managesites-display-component---NewSite--addressNewCostObjectCstID-vhi\"]"}
RESULT: {"using":"xpath","value":"//span[@id=\"application-managesites-display-component---NewSite--addressNewCostObjectCstID-vhi\"]"}
COMMAND: POST /session/be50de500220529a90eff0d24b8b5426/execute/sync - {"script":"<script> [8489 bytes]","args":[{"element-6066-11e4-a52e-4f735466cecf":"f.4C5E4E1008D2628DB27BF09AD41CA3B4.d.4149F4CFCA62AC064E1B845D289AE3B2.e.4767","ELEMENT":"f.4C5E4E1008D2628DB27BF09AD41CA3B4.d.4149F4CFCA62AC064E1B845D289AE3B2.e.4767"}]}
RESULT: {"script":"<script> [8489 bytes]","args":[{"element-6066-11e4-a52e-4f735466cecf":"f.4C5E4E1008D2628DB27BF09AD41CA3B4.d.4149F4CFCA62AC064E1B845D289AE3B2.e.4767","ELEMENT":"f.4C5E4E1008D2628DB27BF09AD41CA3B4.d.4149F4CFCA62AC064E1B845D289AE3B2.e.4767"}]}
COMMAND: POST /session/be50de500220529a90eff0d24b8b5426/execute/async - {"script":"<script> [1562 bytes]","args":[{"selector":{"id":"application-managesites-display-component---NewSite--addressNewCostObjectCstID-vhi"},"wdio_ui5_key":"applicationmanagesites-display-component---NewSite--addressNewCostObjectCstID-vhi"}]}
COMMAND: GET /session/be50de500220529a90eff0d24b8b5426/screenshot - {}
RESULT: {"script":"<script> [1562 bytes]","args":[{"selector":{"id":"application-managesites-display-component---NewSite--addressNewCostObjectCstID-vhi"},"wdio_ui5_key":"applicationmanagesites-display-component---NewSite--addressNewCostObjectCstID-vhi"}]}
RESULT: undefined
COMMAND: POST /session/be50de500220529a90eff0d24b8b5426/element - {"using":"xpath","value":"//*[@id=\"application-managesites-display-component---NewSite--addressNewCostObjectCstID-vhi\"]"}
RESULT: {}
RESULT: {"using":"xpath","value":"//*[@id=\"application-managesites-display-component---NewSite--addressNewCostObjectCstID-vhi\"]"}
COMMAND: POST /session/be50de500220529a90eff0d24b8b5426/element/f.4C5E4E1008D2628DB27BF09AD41CA3B4.d.4149F4CFCA62AC064E1B845D289AE3B2.e.4767/click - {}
RESULT: {}
COMMAND: GET /session/be50de500220529a90eff0d24b8b5426/screenshot - {}
RESULT: {}
RESULT: undefined
COMMAND: POST /session/be50de500220529a90eff0d24b8b5426/execute/async - {"script":"<script> [776 bytes]","args":[{"enterText":"10001013","selector":{"controlType":"sap.m.SearchField","properties":{"placeholder":"Search"},"searchOpenDialogs":true,"interaction":{"idSuffix":"I"}},"clearTextFirst":true,"interactionType":"ENTER_TEXT"}]}
RESULT: {"script":"<script> [776 bytes]","args":[{"enterText":"10001013","selector":{"controlType":"sap.m.SearchField","properties":{"placeholder":"Search"},"searchOpenDialogs":true,"interaction":{"idSuffix":"I"}},"clearTextFirst":true,"interactionType":"ENTER_TEXT"}]}
COMMAND: POST /session/be50de500220529a90eff0d24b8b5426/actions - {"actions":[{"id":"action12","type":"key","parameters":{},"actions":[{"type":"keyDown","value":""},{"type":"pause","duration":10},{"type":"keyUp","value":""}]}]}
RESULT: {"actions":[{"id":"action12","type":"key","parameters":{},"actions":[{"type":"keyDown","value":""},{"type":"pause","duration":10},{"type":"keyUp","value":""}]}]}
COMMAND: GET /session/be50de500220529a90eff0d24b8b5426/screenshot - {}
RESULT: {}
COMMAND: POST /session/be50de500220529a90eff0d24b8b5426/element - {"using":"xpath","value":"//span[contains(text(), \"General Management\")]"}
RESULT: {"using":"xpath","value":"//span[contains(text(), \"General Management\")]"}
COMMAND: POST /session/be50de500220529a90eff0d24b8b5426/element/f.4C5E4E1008D2628DB27BF09AD41CA3B4.d.4149F4CFCA62AC064E1B845D289AE3B2.e.4806/click - {}
RESULT: {}
COMMAND: GET /session/be50de500220529a90eff0d24b8b5426/screenshot - {}
RESULT: {}
COMMAND: POST /session/be50de500220529a90eff0d24b8b5426/element - {"using":"xpath","value":"//bdi[contains(text(), \"OK\")]"}
RESULT: {"using":"xpath","value":"//bdi[contains(text(), \"OK\")]"}
COMMAND: POST /session/be50de500220529a90eff0d24b8b5426/element/f.4C5E4E1008D2628DB27BF09AD41CA3B4.d.4149F4CFCA62AC064E1B845D289AE3B2.e.4807/click - {}
RESULT: {}
COMMAND: GET /session/be50de500220529a90eff0d24b8b5426/screenshot - {}
RESULT: {}
COMMAND: POST /session/be50de500220529a90eff0d24b8b5426/element - {"using":"xpath","value":"//input[@id=\"application-managesites-display-component---NewSite--addressDetailDetailsCalendar-inner\"]"}
RESULT: {"using":"xpath","value":"//input[@id=\"application-managesites-display-component---NewSite--addressDetailDetailsCalendar-inner\"]"}
COMMAND: POST /session/be50de500220529a90eff0d24b8b5426/element/f.4C5E4E1008D2628DB27BF09AD41CA3B4.d.4149F4CFCA62AC064E1B845D289AE3B2.e.4601/clear - {}
RESULT: {}
COMMAND: POST /session/be50de500220529a90eff0d24b8b5426/element/f.4C5E4E1008D2628DB27BF09AD41CA3B4.d.4149F4CFCA62AC064E1B845D289AE3B2.e.4601/value - {"text":"Unit"}
COMMAND: GET /session/be50de500220529a90eff0d24b8b5426/screenshot - {}
RESULT: {"text":"Unit"}
COMMAND: GET /session/be50de500220529a90eff0d24b8b5426/screenshot - {}
RESULT: {}
RESULT: {}
COMMAND: POST /session/be50de500220529a90eff0d24b8b5426/actions - {"actions":[{"id":"action13","type":"key","parameters":{},"actions":[{"type":"keyDown","value":""},{"type":"pause","duration":10},{"type":"keyUp","value":""}]}]}
RESULT: {"actions":[{"id":"action13","type":"key","parameters":{},"actions":[{"type":"keyDown","value":""},{"type":"pause","duration":10},{"type":"keyUp","value":""}]}]}
COMMAND: POST /session/be50de500220529a90eff0d24b8b5426/element - {"using":"xpath","value":"//input[@id=\"application-managesites-display-component---NewSite--addressDetailDetailsYard-inner\"]"}
COMMAND: GET /session/be50de500220529a90eff0d24b8b5426/screenshot - {}
RESULT: {"using":"xpath","value":"//input[@id=\"application-managesites-display-component---NewSite--addressDetailDetailsYard-inner\"]"}
COMMAND: POST /session/be50de500220529a90eff0d24b8b5426/element/f.4C5E4E1008D2628DB27BF09AD41CA3B4.d.4149F4CFCA62AC064E1B845D289AE3B2.e.4602/clear - {}
RESULT: {}
RESULT: {}
COMMAND: POST /session/be50de500220529a90eff0d24b8b5426/element/f.4C5E4E1008D2628DB27BF09AD41CA3B4.d.4149F4CFCA62AC064E1B845D289AE3B2.e.4602/value - {"text":"241"}
COMMAND: GET /session/be50de500220529a90eff0d24b8b5426/screenshot - {}
RESULT: {"text":"241"}
COMMAND: GET /session/be50de500220529a90eff0d24b8b5426/screenshot - {}
RESULT: {}
RESULT: {}
COMMAND: POST /session/be50de500220529a90eff0d24b8b5426/element - {"using":"xpath","value":"//li[.//span[text()='241']]"}
RESULT: {"using":"xpath","value":"//li[.//span[text()='241']]"}
COMMAND: POST /session/be50de500220529a90eff0d24b8b5426/element/f.4C5E4E1008D2628DB27BF09AD41CA3B4.d.4149F4CFCA62AC064E1B845D289AE3B2.e.4815/click - {}
RESULT: {}
COMMAND: GET /session/be50de500220529a90eff0d24b8b5426/screenshot - {}
RESULT: {}
COMMAND: POST /session/be50de500220529a90eff0d24b8b5426/element - {"using":"xpath","value":"//input[@id=\"application-managesites-display-component---NewSite--addressDetailDetailsPartner-inner\"]"}
RESULT: {"using":"xpath","value":"//input[@id=\"application-managesites-display-component---NewSite--addressDetailDetailsPartner-inner\"]"}
COMMAND: POST /session/be50de500220529a90eff0d24b8b5426/element - {"using":"xpath","value":"//input[@id=\"application-managesites-display-component---NewSite--addressDetailDetailsPartner-inner\"]"}
RESULT: {"using":"xpath","value":"//input[@id=\"application-managesites-display-component---NewSite--addressDetailDetailsPartner-inner\"]"}
COMMAND: POST /session/be50de500220529a90eff0d24b8b5426/element - {"using":"xpath","value":"//button[@data-kt=\"saveButton\"]"}
RESULT: {"using":"xpath","value":"//button[@data-kt=\"saveButton\"]"}
COMMAND: POST /session/be50de500220529a90eff0d24b8b5426/element/f.4C5E4E1008D2628DB27BF09AD41CA3B4.d.4149F4CFCA62AC064E1B845D289AE3B2.e.4736/click - {}
RESULT: {}
COMMAND: GET /session/be50de500220529a90eff0d24b8b5426/screenshot - {}
RESULT: {}
COMMAND: POST /session/be50de500220529a90eff0d24b8b5426/element - {"using":"xpath","value":"//header[contains(@id, 'ObjectPageLayout-headerTitle')]/div[1]/div[2]/div[2]/span[1]"}
RESULT: {"using":"xpath","value":"//header[contains(@id, 'ObjectPageLayout-headerTitle')]/div[1]/div[2]/div[2]/span[1]"}
COMMAND: POST /session/be50de500220529a90eff0d24b8b5426/elements - {"using":"xpath","value":"//header[contains(@id, 'ObjectPageLayout-headerTitle')]/div[1]/div[2]/div[2]/span[1]"}
RESULT: {"using":"xpath","value":"//header[contains(@id, 'ObjectPageLayout-headerTitle')]/div[1]/div[2]/div[2]/span[1]"}
COMMAND: POST /session/be50de500220529a90eff0d24b8b5426/execute/sync - {"script":"<script> [56 bytes]","args":[{"element-6066-11e4-a52e-4f735466cecf":"f.4C5E4E1008D2628DB27BF09AD41CA3B4.d.4149F4CFCA62AC064E1B845D289AE3B2.e.5009","ELEMENT":"f.4C5E4E1008D2628DB27BF09AD41CA3B4.d.4149F4CFCA62AC064E1B845D289AE3B2.e.5009"}]}
RESULT: {"script":"<script> [56 bytes]","args":[{"element-6066-11e4-a52e-4f735466cecf":"f.4C5E4E1008D2628DB27BF09AD41CA3B4.d.4149F4CFCA62AC064E1B845D289AE3B2.e.5009","ELEMENT":"f.4C5E4E1008D2628DB27BF09AD41CA3B4.d.4149F4CFCA62AC064E1B845D289AE3B2.e.5009"}]}
COMMAND: POST /session/be50de500220529a90eff0d24b8b5426/element - {"using":"css selector","value":"#shell-header-logo"}
COMMAND: GET /session/be50de500220529a90eff0d24b8b5426/screenshot - {}
RESULT: {"using":"css selector","value":"#shell-header-logo"}
COMMAND: POST /session/be50de500220529a90eff0d24b8b5426/element/f.4C5E4E1008D2628DB27BF09AD41CA3B4.d.4149F4CFCA62AC064E1B845D289AE3B2.e.4350/click - {}
RESULT: {}
RESULT: {}
COMMAND: GET /session/be50de500220529a90eff0d24b8b5426/screenshot - {}
RESULT: {}
COMMAND: POST /session/be50de500220529a90eff0d24b8b5426/execute/sync - {"script":"<script> [299 bytes]","args":[["getModel","getResource"]]}
RESULT: {"script":"<script> [299 bytes]","args":[["getModel","getResource"]]}
COMMAND: GET /session/be50de500220529a90eff0d24b8b5426/screenshot - {}
]]></system-out>
    </testcase>
    <testcase classname="chrome.137_0_7151_69.windows.Create_masterdata_for_Yard_Overview_-_trigger_provide_US130988" name="Should create a new material" time="130.825">
      <system-out><![CDATA[
COMMAND: POST /session/be50de500220529a90eff0d24b8b5426/execute/async - {"script":"<script> [1562 bytes]","args":[{"selector":{"controlType":"sap.m.GenericTile","properties":{"header":"Manage Resources"}},"wdio_ui5_key":"sapm.GenericTile{\"header\":\"Manage Resources\"}"}]}
RESULT: {"script":"<script> [1562 bytes]","args":[{"selector":{"controlType":"sap.m.GenericTile","properties":{"header":"Manage Resources"}},"wdio_ui5_key":"sapm.GenericTile{\"header\":\"Manage Resources\"}"}]}
RESULT: undefined
COMMAND: POST /session/be50de500220529a90eff0d24b8b5426/element - {"using":"xpath","value":"//*[@id=\"__tile40\"]"}
RESULT: {}
RESULT: {"using":"xpath","value":"//*[@id=\"__tile40\"]"}
COMMAND: POST /session/be50de500220529a90eff0d24b8b5426/element/f.4C5E4E1008D2628DB27BF09AD41CA3B4.d.4149F4CFCA62AC064E1B845D289AE3B2.e.2828/click - {}
RESULT: {}
COMMAND: GET /session/be50de500220529a90eff0d24b8b5426/screenshot - {}
COMMAND: POST /session/be50de500220529a90eff0d24b8b5426/elements - {"using":"xpath","value":"//span[text()='Error']"}
RESULT: {}
RESULT: {"using":"xpath","value":"//span[text()='Error']"}
COMMAND: POST /session/be50de500220529a90eff0d24b8b5426/element - {"using":"xpath","value":"//button[@data-kt=\"addNewRUOverflowToolbarButton\"]"}
RESULT: {"using":"xpath","value":"//button[@data-kt=\"addNewRUOverflowToolbarButton\"]"}
COMMAND: POST /session/be50de500220529a90eff0d24b8b5426/elements - {"using":"xpath","value":"//button[@data-kt=\"addNewRUOverflowToolbarButton\"]"}
RESULT: {"using":"xpath","value":"//button[@data-kt=\"addNewRUOverflowToolbarButton\"]"}
COMMAND: POST /session/be50de500220529a90eff0d24b8b5426/execute/sync - {"script":"<script> [8489 bytes]","args":[{"element-6066-11e4-a52e-4f735466cecf":"f.4C5E4E1008D2628DB27BF09AD41CA3B4.d.4149F4CFCA62AC064E1B845D289AE3B2.e.5050","ELEMENT":"f.4C5E4E1008D2628DB27BF09AD41CA3B4.d.4149F4CFCA62AC064E1B845D289AE3B2.e.5050"}]}
RESULT: {"script":"<script> [8489 bytes]","args":[{"element-6066-11e4-a52e-4f735466cecf":"f.4C5E4E1008D2628DB27BF09AD41CA3B4.d.4149F4CFCA62AC064E1B845D289AE3B2.e.5050","ELEMENT":"f.4C5E4E1008D2628DB27BF09AD41CA3B4.d.4149F4CFCA62AC064E1B845D289AE3B2.e.5050"}]}
COMMAND: GET /session/be50de500220529a90eff0d24b8b5426/element/f.4C5E4E1008D2628DB27BF09AD41CA3B4.d.4149F4CFCA62AC064E1B845D289AE3B2.e.5050/enabled - {}
COMMAND: GET /session/be50de500220529a90eff0d24b8b5426/screenshot - {}
RESULT: {}
COMMAND: POST /session/be50de500220529a90eff0d24b8b5426/execute/sync - {"script":"<script> [8489 bytes]","args":[{"element-6066-11e4-a52e-4f735466cecf":"f.4C5E4E1008D2628DB27BF09AD41CA3B4.d.4149F4CFCA62AC064E1B845D289AE3B2.e.5050","ELEMENT":"f.4C5E4E1008D2628DB27BF09AD41CA3B4.d.4149F4CFCA62AC064E1B845D289AE3B2.e.5050"}]}
COMMAND: GET /session/be50de500220529a90eff0d24b8b5426/screenshot - {}
RESULT: {}
RESULT: {"script":"<script> [8489 bytes]","args":[{"element-6066-11e4-a52e-4f735466cecf":"f.4C5E4E1008D2628DB27BF09AD41CA3B4.d.4149F4CFCA62AC064E1B845D289AE3B2.e.5050","ELEMENT":"f.4C5E4E1008D2628DB27BF09AD41CA3B4.d.4149F4CFCA62AC064E1B845D289AE3B2.e.5050"}]}
COMMAND: POST /session/be50de500220529a90eff0d24b8b5426/execute/sync - {"script":"<script> [5351 bytes]","args":[{"element-6066-11e4-a52e-4f735466cecf":"f.4C5E4E1008D2628DB27BF09AD41CA3B4.d.4149F4CFCA62AC064E1B845D289AE3B2.e.5050","ELEMENT":"f.4C5E4E1008D2628DB27BF09AD41CA3B4.d.4149F4CFCA62AC064E1B845D289AE3B2.e.5050"}]}
COMMAND: GET /session/be50de500220529a90eff0d24b8b5426/screenshot - {}
RESULT: {}
RESULT: {"script":"<script> [5351 bytes]","args":[{"element-6066-11e4-a52e-4f735466cecf":"f.4C5E4E1008D2628DB27BF09AD41CA3B4.d.4149F4CFCA62AC064E1B845D289AE3B2.e.5050","ELEMENT":"f.4C5E4E1008D2628DB27BF09AD41CA3B4.d.4149F4CFCA62AC064E1B845D289AE3B2.e.5050"}]}
COMMAND: POST /session/be50de500220529a90eff0d24b8b5426/element/f.4C5E4E1008D2628DB27BF09AD41CA3B4.d.4149F4CFCA62AC064E1B845D289AE3B2.e.5050/click - {}
COMMAND: GET /session/be50de500220529a90eff0d24b8b5426/screenshot - {}
RESULT: {}
RESULT: {}
COMMAND: GET /session/be50de500220529a90eff0d24b8b5426/screenshot - {}
COMMAND: POST /session/be50de500220529a90eff0d24b8b5426/execute/async - {"script":"<script> [1562 bytes]","args":[{"selector":{"id":"application-manageresources-display-component---newResourceUnit--TYPE-arrow"},"wdio_ui5_key":"applicationmanageresources-display-component---newResourceUnit--TYPE-arrow"}]}
RESULT: {}
RESULT: {}
RESULT: {"script":"<script> [1562 bytes]","args":[{"selector":{"id":"application-manageresources-display-component---newResourceUnit--TYPE-arrow"},"wdio_ui5_key":"applicationmanageresources-display-component---newResourceUnit--TYPE-arrow"}]}
RESULT: undefined
COMMAND: POST /session/be50de500220529a90eff0d24b8b5426/element - {"using":"xpath","value":"//*[@id=\"application-manageresources-display-component---newResourceUnit--TYPE-arrow\"]"}
RESULT: {"using":"xpath","value":"//*[@id=\"application-manageresources-display-component---newResourceUnit--TYPE-arrow\"]"}
COMMAND: POST /session/be50de500220529a90eff0d24b8b5426/element/f.4C5E4E1008D2628DB27BF09AD41CA3B4.d.4149F4CFCA62AC064E1B845D289AE3B2.e.5395/click - {}
RESULT: {}
COMMAND: POST /session/be50de500220529a90eff0d24b8b5426/element - {"using":"xpath","value":"//input[@id=\"application-manageresources-display-component---newResourceUnit--TYPE-inner\"]"}
COMMAND: GET /session/be50de500220529a90eff0d24b8b5426/screenshot - {}
RESULT: {"using":"xpath","value":"//input[@id=\"application-manageresources-display-component---newResourceUnit--TYPE-inner\"]"}
COMMAND: POST /session/be50de500220529a90eff0d24b8b5426/element/f.4C5E4E1008D2628DB27BF09AD41CA3B4.d.4149F4CFCA62AC064E1B845D289AE3B2.e.5392/clear - {}
RESULT: {}
RESULT: {}
COMMAND: POST /session/be50de500220529a90eff0d24b8b5426/element/f.4C5E4E1008D2628DB27BF09AD41CA3B4.d.4149F4CFCA62AC064E1B845D289AE3B2.e.5392/value - {"text":"Material"}
COMMAND: GET /session/be50de500220529a90eff0d24b8b5426/screenshot - {}
RESULT: {"text":"Material"}
COMMAND: GET /session/be50de500220529a90eff0d24b8b5426/screenshot - {}
RESULT: {}
RESULT: {}
COMMAND: POST /session/be50de500220529a90eff0d24b8b5426/actions - {"actions":[{"id":"action14","type":"key","parameters":{},"actions":[{"type":"keyDown","value":""},{"type":"pause","duration":10},{"type":"keyUp","value":""}]}]}
RESULT: {"actions":[{"id":"action14","type":"key","parameters":{},"actions":[{"type":"keyDown","value":""},{"type":"pause","duration":10},{"type":"keyUp","value":""}]}]}
COMMAND: POST /session/be50de500220529a90eff0d24b8b5426/execute/async - {"script":"<script> [1562 bytes]","args":[{"selector":{"id":"application-manageresources-display-component---newResourceUnit--SHORT_TEXT","interaction":{"idSuffix":"inner"}},"wdio_ui5_key":"applicationmanageresources-display-component---newResourceUnit--SHORT_TEXT"}]}
COMMAND: GET /session/be50de500220529a90eff0d24b8b5426/screenshot - {}
RESULT: undefined
RESULT: undefined
RESULT: {"script":"<script> [1562 bytes]","args":[{"selector":{"id":"application-manageresources-display-component---newResourceUnit--SHORT_TEXT","interaction":{"idSuffix":"inner"}},"wdio_ui5_key":"applicationmanageresources-display-component---newResourceUnit--SHORT_TEXT"}]}
RESULT: undefined
COMMAND: POST /session/be50de500220529a90eff0d24b8b5426/execute/async - {"script":"<script> [776 bytes]","args":[{"enterText":"Cement WDIO","selector":{"id":"application-manageresources-display-component---newResourceUnit--SHORT_TEXT","interaction":{"idSuffix":"inner"}},"clearTextFirst":true,"interactionType":"ENTER_TEXT"}]}
RESULT: {}
RESULT: {"script":"<script> [776 bytes]","args":[{"enterText":"Cement WDIO","selector":{"id":"application-manageresources-display-component---newResourceUnit--SHORT_TEXT","interaction":{"idSuffix":"inner"}},"clearTextFirst":true,"interactionType":"ENTER_TEXT"}]}
COMMAND: POST /session/be50de500220529a90eff0d24b8b5426/execute/async - {"script":"<script> [1562 bytes]","args":[{"selector":{"id":"application-manageresources-display-component---newResourceUnit--BASE_UNIT_OF_MEASURE","interaction":{"idSuffix":"inner"}},"wdio_ui5_key":"applicationmanageresources-display-component---newResourceUnit--BASE_UNIT_OF_MEASURE"}]}
RESULT: {"script":"<script> [1562 bytes]","args":[{"selector":{"id":"application-manageresources-display-component---newResourceUnit--BASE_UNIT_OF_MEASURE","interaction":{"idSuffix":"inner"}},"wdio_ui5_key":"applicationmanageresources-display-component---newResourceUnit--BASE_UNIT_OF_MEASURE"}]}
RESULT: undefined
COMMAND: POST /session/be50de500220529a90eff0d24b8b5426/execute/async - {"script":"<script> [776 bytes]","args":[{"enterText":"Piece","selector":{"id":"application-manageresources-display-component---newResourceUnit--BASE_UNIT_OF_MEASURE","interaction":{"idSuffix":"inner"}},"clearTextFirst":true,"interactionType":"ENTER_TEXT"}]}
RESULT: {"script":"<script> [776 bytes]","args":[{"enterText":"Piece","selector":{"id":"application-manageresources-display-component---newResourceUnit--BASE_UNIT_OF_MEASURE","interaction":{"idSuffix":"inner"}},"clearTextFirst":true,"interactionType":"ENTER_TEXT"}]}
COMMAND: POST /session/be50de500220529a90eff0d24b8b5426/execute/async - {"script":"<script> [1562 bytes]","args":[{"selector":{"id":"application-manageresources-display-component---newResourceUnit--WEIGHT_UNIT","interaction":{"idSuffix":"inner"}},"wdio_ui5_key":"applicationmanageresources-display-component---newResourceUnit--WEIGHT_UNIT"}]}
RESULT: {"script":"<script> [1562 bytes]","args":[{"selector":{"id":"application-manageresources-display-component---newResourceUnit--WEIGHT_UNIT","interaction":{"idSuffix":"inner"}},"wdio_ui5_key":"applicationmanageresources-display-component---newResourceUnit--WEIGHT_UNIT"}]}
RESULT: undefined
COMMAND: POST /session/be50de500220529a90eff0d24b8b5426/execute/async - {"script":"<script> [776 bytes]","args":[{"enterText":"Gram","selector":{"id":"application-manageresources-display-component---newResourceUnit--WEIGHT_UNIT","interaction":{"idSuffix":"inner"}},"clearTextFirst":true,"interactionType":"ENTER_TEXT"}]}
RESULT: {"script":"<script> [776 bytes]","args":[{"enterText":"Gram","selector":{"id":"application-manageresources-display-component---newResourceUnit--WEIGHT_UNIT","interaction":{"idSuffix":"inner"}},"clearTextFirst":true,"interactionType":"ENTER_TEXT"}]}
COMMAND: POST /session/be50de500220529a90eff0d24b8b5426/execute/async - {"script":"<script> [1562 bytes]","args":[{"selector":{"id":"application-manageresources-display-component---newResourceUnit--DIMENSION_UNIT","interaction":{"idSuffix":"inner"}},"wdio_ui5_key":"applicationmanageresources-display-component---newResourceUnit--DIMENSION_UNIT"}]}
RESULT: {"script":"<script> [1562 bytes]","args":[{"selector":{"id":"application-manageresources-display-component---newResourceUnit--DIMENSION_UNIT","interaction":{"idSuffix":"inner"}},"wdio_ui5_key":"applicationmanageresources-display-component---newResourceUnit--DIMENSION_UNIT"}]}
RESULT: undefined
COMMAND: POST /session/be50de500220529a90eff0d24b8b5426/execute/async - {"script":"<script> [776 bytes]","args":[{"enterText":"Meter","selector":{"id":"application-manageresources-display-component---newResourceUnit--DIMENSION_UNIT","interaction":{"idSuffix":"inner"}},"clearTextFirst":true,"interactionType":"ENTER_TEXT"}]}
RESULT: {"script":"<script> [776 bytes]","args":[{"enterText":"Meter","selector":{"id":"application-manageresources-display-component---newResourceUnit--DIMENSION_UNIT","interaction":{"idSuffix":"inner"}},"clearTextFirst":true,"interactionType":"ENTER_TEXT"}]}
COMMAND: POST /session/be50de500220529a90eff0d24b8b5426/execute/async - {"script":"<script> [1562 bytes]","args":[{"selector":{"id":"application-manageresources-display-component---newResourceUnit--newRRUPage-anchBar-application-manageresources-display-component---newResourceUnit--control-anchor","interaction":{"idSuffix":"BDI-content"}},"wdio_ui5_key":"applicationmanageresources-display-component---newResourceUnit--newRRUPage-anchBar-application-manageresources-display-component---newResourceUnit--control-anchor"}]}
RESULT: {"script":"<script> [1562 bytes]","args":[{"selector":{"id":"application-manageresources-display-component---newResourceUnit--newRRUPage-anchBar-application-manageresources-display-component---newResourceUnit--control-anchor","interaction":{"idSuffix":"BDI-content"}},"wdio_ui5_key":"applicationmanageresources-display-component---newResourceUnit--newRRUPage-anchBar-application-manageresources-display-component---newResourceUnit--control-anchor"}]}
RESULT: undefined
COMMAND: POST /session/be50de500220529a90eff0d24b8b5426/element - {"using":"xpath","value":"//*[@id=\"application-manageresources-display-component---newResourceUnit--newRRUPage-anchBar-application-manageresources-display-component---newResourceUnit--control-anchor\"]"}
RESULT: {"using":"xpath","value":"//*[@id=\"application-manageresources-display-component---newResourceUnit--newRRUPage-anchBar-application-manageresources-display-component---newResourceUnit--control-anchor\"]"}
COMMAND: POST /session/be50de500220529a90eff0d24b8b5426/element/f.4C5E4E1008D2628DB27BF09AD41CA3B4.d.4149F4CFCA62AC064E1B845D289AE3B2.e.5526/click - {}
RESULT: {}
COMMAND: POST /session/be50de500220529a90eff0d24b8b5426/execute/async - {"script":"<script> [1562 bytes]","args":[{"selector":{"id":"application-manageresources-display-component---newResourceUnit--PLANNING_GROUP","interaction":{"idSuffix":"inner"}},"wdio_ui5_key":"applicationmanageresources-display-component---newResourceUnit--PLANNING_GROUP"}]}
COMMAND: GET /session/be50de500220529a90eff0d24b8b5426/screenshot - {}
RESULT: {"script":"<script> [1562 bytes]","args":[{"selector":{"id":"application-manageresources-display-component---newResourceUnit--PLANNING_GROUP","interaction":{"idSuffix":"inner"}},"wdio_ui5_key":"applicationmanageresources-display-component---newResourceUnit--PLANNING_GROUP"}]}
RESULT: undefined
COMMAND: POST /session/be50de500220529a90eff0d24b8b5426/execute/async - {"script":"<script> [776 bytes]","args":[{"enterText":"Material","selector":{"id":"application-manageresources-display-component---newResourceUnit--PLANNING_GROUP","interaction":{"idSuffix":"inner"}},"clearTextFirst":true,"interactionType":"ENTER_TEXT"}]}
RESULT: {}
RESULT: {"script":"<script> [776 bytes]","args":[{"enterText":"Material","selector":{"id":"application-manageresources-display-component---newResourceUnit--PLANNING_GROUP","interaction":{"idSuffix":"inner"}},"clearTextFirst":true,"interactionType":"ENTER_TEXT"}]}
COMMAND: POST /session/be50de500220529a90eff0d24b8b5426/execute/async - {"script":"<script> [1562 bytes]","args":[{"selector":{"id":"application-manageresources-display-component---newResourceUnit--PLANNING_INDICATOR","interaction":{"idSuffix":"inner"}},"wdio_ui5_key":"applicationmanageresources-display-component---newResourceUnit--PLANNING_INDICATOR"}]}
RESULT: {"script":"<script> [1562 bytes]","args":[{"selector":{"id":"application-manageresources-display-component---newResourceUnit--PLANNING_INDICATOR","interaction":{"idSuffix":"inner"}},"wdio_ui5_key":"applicationmanageresources-display-component---newResourceUnit--PLANNING_INDICATOR"}]}
RESULT: undefined
COMMAND: POST /session/be50de500220529a90eff0d24b8b5426/execute/async - {"script":"<script> [776 bytes]","args":[{"enterText":"10 - infinite","selector":{"id":"application-manageresources-display-component---newResourceUnit--PLANNING_INDICATOR","interaction":{"idSuffix":"inner"}},"clearTextFirst":true,"interactionType":"ENTER_TEXT"}]}
RESULT: {"script":"<script> [776 bytes]","args":[{"enterText":"10 - infinite","selector":{"id":"application-manageresources-display-component---newResourceUnit--PLANNING_INDICATOR","interaction":{"idSuffix":"inner"}},"clearTextFirst":true,"interactionType":"ENTER_TEXT"}]}
COMMAND: POST /session/be50de500220529a90eff0d24b8b5426/element - {"using":"css selector","value":"#application-manageresources-display-component---newResourceUnit--btnAddTimeSegment"}
RESULT: {"using":"css selector","value":"#application-manageresources-display-component---newResourceUnit--btnAddTimeSegment"}
COMMAND: GET /session/be50de500220529a90eff0d24b8b5426/element/f.4C5E4E1008D2628DB27BF09AD41CA3B4.d.4149F4CFCA62AC064E1B845D289AE3B2.e.5534/rect - {}
RESULT: {}
COMMAND: GET /session/be50de500220529a90eff0d24b8b5426/window/rect - {}
RESULT: {}
COMMAND: POST /session/be50de500220529a90eff0d24b8b5426/execute/sync - {"script":"<script> [92 bytes]","args":[]}
RESULT: {"script":"<script> [92 bytes]","args":[]}
COMMAND: POST /session/be50de500220529a90eff0d24b8b5426/actions - {"actions":[{"id":"action15","type":"wheel","parameters":{},"actions":[{"type":"scroll","x":-1888,"y":-32,"deltaX":0,"deltaY":0,"duration":0,"origin":{"element-6066-11e4-a52e-4f735466cecf":"f.4C5E4E1008D2628DB27BF09AD41CA3B4.d.4149F4CFCA62AC064E1B845D289AE3B2.e.5534"}}]}]}
COMMAND: GET /session/be50de500220529a90eff0d24b8b5426/screenshot - {}
RESULT: {}
COMMAND: POST /session/be50de500220529a90eff0d24b8b5426/execute/sync - {"script":"<script> [79 bytes]","args":[{"element-6066-11e4-a52e-4f735466cecf":"f.4C5E4E1008D2628DB27BF09AD41CA3B4.d.4149F4CFCA62AC064E1B845D289AE3B2.e.5534","ELEMENT":"f.4C5E4E1008D2628DB27BF09AD41CA3B4.d.4149F4CFCA62AC064E1B845D289AE3B2.e.5534"},{"block":"start","inline":"nearest"}]}
RESULT: {"script":"<script> [79 bytes]","args":[{"element-6066-11e4-a52e-4f735466cecf":"f.4C5E4E1008D2628DB27BF09AD41CA3B4.d.4149F4CFCA62AC064E1B845D289AE3B2.e.5534","ELEMENT":"f.4C5E4E1008D2628DB27BF09AD41CA3B4.d.4149F4CFCA62AC064E1B845D289AE3B2.e.5534"},{"block":"start","inline":"nearest"}]}
COMMAND: POST /session/be50de500220529a90eff0d24b8b5426/execute/async - {"script":"<script> [1562 bytes]","args":[{"selector":{"id":"application-manageresources-display-component---newResourceUnit--btnAddTimeSegment","interaction":{"idSuffix":"inner"}},"wdio_ui5_key":"applicationmanageresources-display-component---newResourceUnit--btnAddTimeSegment"}]}
COMMAND: GET /session/be50de500220529a90eff0d24b8b5426/screenshot - {}
RESULT: {"script":"<script> [1562 bytes]","args":[{"selector":{"id":"application-manageresources-display-component---newResourceUnit--btnAddTimeSegment","interaction":{"idSuffix":"inner"}},"wdio_ui5_key":"applicationmanageresources-display-component---newResourceUnit--btnAddTimeSegment"}]}
RESULT: undefined
COMMAND: POST /session/be50de500220529a90eff0d24b8b5426/element - {"using":"xpath","value":"//*[@id=\"application-manageresources-display-component---newResourceUnit--btnAddTimeSegment\"]"}
RESULT: {}
RESULT: {"using":"xpath","value":"//*[@id=\"application-manageresources-display-component---newResourceUnit--btnAddTimeSegment\"]"}
COMMAND: POST /session/be50de500220529a90eff0d24b8b5426/element/f.4C5E4E1008D2628DB27BF09AD41CA3B4.d.4149F4CFCA62AC064E1B845D289AE3B2.e.5534/click - {}
RESULT: {}
COMMAND: GET /session/be50de500220529a90eff0d24b8b5426/screenshot - {}
RESULT: {}
COMMAND: POST /session/be50de500220529a90eff0d24b8b5426/element - {"using":"xpath","value":"//input[@id=\"application-manageresources-display-component---newResourceUnit--idRuTSAdmin-application-manageresources-display-component---newResourceUnit--RUTimeSegment-0-inner\"]"}
RESULT: {"using":"xpath","value":"//input[@id=\"application-manageresources-display-component---newResourceUnit--idRuTSAdmin-application-manageresources-display-component---newResourceUnit--RUTimeSegment-0-inner\"]"}
COMMAND: POST /session/be50de500220529a90eff0d24b8b5426/element/f.4C5E4E1008D2628DB27BF09AD41CA3B4.d.4149F4CFCA62AC064E1B845D289AE3B2.e.5539/clear - {}
RESULT: {}
COMMAND: POST /session/be50de500220529a90eff0d24b8b5426/element/f.4C5E4E1008D2628DB27BF09AD41CA3B4.d.4149F4CFCA62AC064E1B845D289AE3B2.e.5539/value - {"text":"241"}
COMMAND: GET /session/be50de500220529a90eff0d24b8b5426/screenshot - {}
RESULT: {"text":"241"}
COMMAND: GET /session/be50de500220529a90eff0d24b8b5426/screenshot - {}
RESULT: {}
RESULT: {}
COMMAND: POST /session/be50de500220529a90eff0d24b8b5426/element - {"using":"xpath","value":"//li[.//span[text()='241']]"}
RESULT: {"using":"xpath","value":"//li[.//span[text()='241']]"}
COMMAND: POST /session/be50de500220529a90eff0d24b8b5426/element/f.4C5E4E1008D2628DB27BF09AD41CA3B4.d.4149F4CFCA62AC064E1B845D289AE3B2.e.5547/click - {}
RESULT: {}
COMMAND: GET /session/be50de500220529a90eff0d24b8b5426/screenshot - {}
RESULT: {}
COMMAND: POST /session/be50de500220529a90eff0d24b8b5426/element - {"using":"xpath","value":"(//span[contains(@id, \"-application-manageresources-display-component---newResourceUnit--RUTimeSegment-0-arrow\")])[2]"}
RESULT: {"using":"xpath","value":"(//span[contains(@id, \"-application-manageresources-display-component---newResourceUnit--RUTimeSegment-0-arrow\")])[2]"}
COMMAND: POST /session/be50de500220529a90eff0d24b8b5426/element/f.4C5E4E1008D2628DB27BF09AD41CA3B4.d.4149F4CFCA62AC064E1B845D289AE3B2.e.5548/click - {}
RESULT: {}
COMMAND: POST /session/be50de500220529a90eff0d24b8b5426/element - {"using":"xpath","value":"//span[contains(text(), \"PM Order\")]"}
COMMAND: GET /session/be50de500220529a90eff0d24b8b5426/screenshot - {}
RESULT: {"using":"xpath","value":"//span[contains(text(), \"PM Order\")]"}
COMMAND: POST /session/be50de500220529a90eff0d24b8b5426/element/f.4C5E4E1008D2628DB27BF09AD41CA3B4.d.4149F4CFCA62AC064E1B845D289AE3B2.e.5549/click - {}
RESULT: {}
RESULT: {}
COMMAND: GET /session/be50de500220529a90eff0d24b8b5426/screenshot - {}
RESULT: {}
COMMAND: POST /session/be50de500220529a90eff0d24b8b5426/element - {"using":"xpath","value":"//td/div/div/div/span[contains(@id, \"newResourceUnit--RUTimeSegment-0-vhi\")][1]"}
RESULT: {"using":"xpath","value":"//td/div/div/div/span[contains(@id, \"newResourceUnit--RUTimeSegment-0-vhi\")][1]"}
COMMAND: GET /session/be50de500220529a90eff0d24b8b5426/element/f.4C5E4E1008D2628DB27BF09AD41CA3B4.d.4149F4CFCA62AC064E1B845D289AE3B2.e.5553/rect - {}
RESULT: {}
COMMAND: GET /session/be50de500220529a90eff0d24b8b5426/window/rect - {}
RESULT: {}
COMMAND: POST /session/be50de500220529a90eff0d24b8b5426/execute/sync - {"script":"<script> [92 bytes]","args":[]}
RESULT: {"script":"<script> [92 bytes]","args":[]}
COMMAND: POST /session/be50de500220529a90eff0d24b8b5426/actions - {"actions":[{"id":"action16","type":"wheel","parameters":{},"actions":[{"type":"scroll","x":-1888,"y":-24,"deltaX":0,"deltaY":0,"duration":0,"origin":{"element-6066-11e4-a52e-4f735466cecf":"f.4C5E4E1008D2628DB27BF09AD41CA3B4.d.4149F4CFCA62AC064E1B845D289AE3B2.e.5553"}}]}]}
COMMAND: GET /session/be50de500220529a90eff0d24b8b5426/screenshot - {}
RESULT: {}
COMMAND: POST /session/be50de500220529a90eff0d24b8b5426/execute/sync - {"script":"<script> [79 bytes]","args":[{"element-6066-11e4-a52e-4f735466cecf":"f.4C5E4E1008D2628DB27BF09AD41CA3B4.d.4149F4CFCA62AC064E1B845D289AE3B2.e.5553","ELEMENT":"f.4C5E4E1008D2628DB27BF09AD41CA3B4.d.4149F4CFCA62AC064E1B845D289AE3B2.e.5553"},{"block":"start","inline":"nearest"}]}
RESULT: {"script":"<script> [79 bytes]","args":[{"element-6066-11e4-a52e-4f735466cecf":"f.4C5E4E1008D2628DB27BF09AD41CA3B4.d.4149F4CFCA62AC064E1B845D289AE3B2.e.5553","ELEMENT":"f.4C5E4E1008D2628DB27BF09AD41CA3B4.d.4149F4CFCA62AC064E1B845D289AE3B2.e.5553"},{"block":"start","inline":"nearest"}]}
COMMAND: GET /session/be50de500220529a90eff0d24b8b5426/screenshot - {}
RESULT: {}
COMMAND: POST /session/be50de500220529a90eff0d24b8b5426/element/f.4C5E4E1008D2628DB27BF09AD41CA3B4.d.4149F4CFCA62AC064E1B845D289AE3B2.e.5553/click - {}
RESULT: {}
COMMAND: GET /session/be50de500220529a90eff0d24b8b5426/screenshot - {}
RESULT: {}
RESULT: undefined
COMMAND: POST /session/be50de500220529a90eff0d24b8b5426/execute/async - {"script":"<script> [776 bytes]","args":[{"enterText":"4000360","selector":{"controlType":"sap.m.SearchField","properties":{"placeholder":"Search"},"searchOpenDialogs":true,"interaction":{"idSuffix":"I"}},"clearTextFirst":true,"interactionType":"ENTER_TEXT"}]}
RESULT: {"script":"<script> [776 bytes]","args":[{"enterText":"4000360","selector":{"controlType":"sap.m.SearchField","properties":{"placeholder":"Search"},"searchOpenDialogs":true,"interaction":{"idSuffix":"I"}},"clearTextFirst":true,"interactionType":"ENTER_TEXT"}]}
COMMAND: POST /session/be50de500220529a90eff0d24b8b5426/actions - {"actions":[{"id":"action17","type":"key","parameters":{},"actions":[{"type":"keyDown","value":""},{"type":"pause","duration":10},{"type":"keyUp","value":""}]}]}
RESULT: {"actions":[{"id":"action17","type":"key","parameters":{},"actions":[{"type":"keyDown","value":""},{"type":"pause","duration":10},{"type":"keyUp","value":""}]}]}
COMMAND: GET /session/be50de500220529a90eff0d24b8b5426/screenshot - {}
RESULT: {}
COMMAND: POST /session/be50de500220529a90eff0d24b8b5426/element - {"using":"xpath","value":"//td/div/span[contains(text(), \"BGL Vehicles\")]"}
RESULT: {"using":"xpath","value":"//td/div/span[contains(text(), \"BGL Vehicles\")]"}
COMMAND: POST /session/be50de500220529a90eff0d24b8b5426/element/f.4C5E4E1008D2628DB27BF09AD41CA3B4.d.4149F4CFCA62AC064E1B845D289AE3B2.e.5573/click - {}
RESULT: {}
COMMAND: GET /session/be50de500220529a90eff0d24b8b5426/screenshot - {}
RESULT: {}
COMMAND: POST /session/be50de500220529a90eff0d24b8b5426/element - {"using":"xpath","value":"//bdi[contains(text(), \"OK\")]"}
RESULT: {"using":"xpath","value":"//bdi[contains(text(), \"OK\")]"}
COMMAND: POST /session/be50de500220529a90eff0d24b8b5426/element/f.4C5E4E1008D2628DB27BF09AD41CA3B4.d.4149F4CFCA62AC064E1B845D289AE3B2.e.5574/click - {}
RESULT: {}
COMMAND: GET /session/be50de500220529a90eff0d24b8b5426/screenshot - {}
RESULT: {}
COMMAND: POST /session/be50de500220529a90eff0d24b8b5426/element - {"using":"xpath","value":"//label[contains(@class, 'sapMLabelRequired') and .//bdi[contains(text(), 'Planned Retirement')]]"}
RESULT: {"using":"xpath","value":"//label[contains(@class, 'sapMLabelRequired') and .//bdi[contains(text(), 'Planned Retirement')]]"}
COMMAND: POST /session/be50de500220529a90eff0d24b8b5426/elements - {"using":"xpath","value":"//label[contains(@class, 'sapMLabelRequired') and .//bdi[contains(text(), 'Planned Retirement')]]"}
RESULT: {"using":"xpath","value":"//label[contains(@class, 'sapMLabelRequired') and .//bdi[contains(text(), 'Planned Retirement')]]"}
COMMAND: POST /session/be50de500220529a90eff0d24b8b5426/element - {"using":"xpath","value":"//button[@data-kt=\"resourceUnitSaveButton\"]"}
RESULT: {"using":"xpath","value":"//button[@data-kt=\"resourceUnitSaveButton\"]"}
COMMAND: POST /session/be50de500220529a90eff0d24b8b5426/element/f.4C5E4E1008D2628DB27BF09AD41CA3B4.d.4149F4CFCA62AC064E1B845D289AE3B2.e.5411/click - {}
RESULT: {}
COMMAND: GET /session/be50de500220529a90eff0d24b8b5426/screenshot - {}
RESULT: {}
COMMAND: POST /session/be50de500220529a90eff0d24b8b5426/element - {"using":"xpath","value":"//bdi[contains(text(), \"Close\")]"}
RESULT: {"using":"xpath","value":"//bdi[contains(text(), \"Close\")]"}
COMMAND: POST /session/be50de500220529a90eff0d24b8b5426/element/f.4C5E4E1008D2628DB27BF09AD41CA3B4.d.4149F4CFCA62AC064E1B845D289AE3B2.e.5580/click - {}
RESULT: {}
COMMAND: GET /session/be50de500220529a90eff0d24b8b5426/screenshot - {}
RESULT: {}
COMMAND: POST /session/be50de500220529a90eff0d24b8b5426/element - {"using":"xpath","value":"//header[contains(@id, 'detailRruPage-headerTitle')]/div[1]/div[2]/div[2]/span[1]"}
RESULT: {"using":"xpath","value":"//header[contains(@id, 'detailRruPage-headerTitle')]/div[1]/div[2]/div[2]/span[1]"}
COMMAND: POST /session/be50de500220529a90eff0d24b8b5426/elements - {"using":"xpath","value":"//header[contains(@id, 'detailRruPage-headerTitle')]/div[1]/div[2]/div[2]/span[1]"}
RESULT: {"using":"xpath","value":"//header[contains(@id, 'detailRruPage-headerTitle')]/div[1]/div[2]/div[2]/span[1]"}
COMMAND: POST /session/be50de500220529a90eff0d24b8b5426/execute/sync - {"script":"<script> [56 bytes]","args":[{"element-6066-11e4-a52e-4f735466cecf":"f.4C5E4E1008D2628DB27BF09AD41CA3B4.d.4149F4CFCA62AC064E1B845D289AE3B2.e.5618","ELEMENT":"f.4C5E4E1008D2628DB27BF09AD41CA3B4.d.4149F4CFCA62AC064E1B845D289AE3B2.e.5618"}]}
RESULT: {"script":"<script> [56 bytes]","args":[{"element-6066-11e4-a52e-4f735466cecf":"f.4C5E4E1008D2628DB27BF09AD41CA3B4.d.4149F4CFCA62AC064E1B845D289AE3B2.e.5618","ELEMENT":"f.4C5E4E1008D2628DB27BF09AD41CA3B4.d.4149F4CFCA62AC064E1B845D289AE3B2.e.5618"}]}
COMMAND: POST /session/be50de500220529a90eff0d24b8b5426/element - {"using":"css selector","value":"#shell-header-logo"}
COMMAND: GET /session/be50de500220529a90eff0d24b8b5426/screenshot - {}
RESULT: {"using":"css selector","value":"#shell-header-logo"}
COMMAND: POST /session/be50de500220529a90eff0d24b8b5426/element/f.4C5E4E1008D2628DB27BF09AD41CA3B4.d.4149F4CFCA62AC064E1B845D289AE3B2.e.5012/click - {}
RESULT: {}
RESULT: {}
COMMAND: GET /session/be50de500220529a90eff0d24b8b5426/screenshot - {}
RESULT: {}
]]></system-out>
    </testcase>
    <testcase classname="chrome.137_0_7151_69.windows.Create_masterdata_for_Yard_Overview_-_trigger_provide_US130988" name="Bin Status Report Should Create New Organization yard" time="90.038">
      <system-out><![CDATA[
COMMAND: POST /session/be50de500220529a90eff0d24b8b5426/execute/async - {"script":"<script> [1562 bytes]","args":[{"selector":{"controlType":"sap.m.GenericTile","properties":{"header":"Bin Status Report"}},"wdio_ui5_key":"sapm.GenericTile{\"header\":\"Bin Status Report\"}"}]}
RESULT: {"script":"<script> [1562 bytes]","args":[{"selector":{"controlType":"sap.m.GenericTile","properties":{"header":"Bin Status Report"}},"wdio_ui5_key":"sapm.GenericTile{\"header\":\"Bin Status Report\"}"}]}
RESULT: undefined
COMMAND: POST /session/be50de500220529a90eff0d24b8b5426/element - {"using":"xpath","value":"//*[@id=\"__tile106\"]"}
RESULT: {"using":"xpath","value":"//*[@id=\"__tile106\"]"}
COMMAND: POST /session/be50de500220529a90eff0d24b8b5426/element/f.4C5E4E1008D2628DB27BF09AD41CA3B4.d.4149F4CFCA62AC064E1B845D289AE3B2.e.5620/click - {}
RESULT: {}
COMMAND: GET /session/be50de500220529a90eff0d24b8b5426/screenshot - {}
RESULT: {}
COMMAND: POST /session/be50de500220529a90eff0d24b8b5426/elements - {"using":"xpath","value":"//span[text()='Error']"}
RESULT: {"using":"xpath","value":"//span[text()='Error']"}
COMMAND: POST /session/be50de500220529a90eff0d24b8b5426/element - {"using":"xpath","value":"//button[@id=\"application-binstatusreport-display-component---warehousing--createOrgBtn\"]"}
RESULT: {"using":"xpath","value":"//button[@id=\"application-binstatusreport-display-component---warehousing--createOrgBtn\"]"}
COMMAND: POST /session/be50de500220529a90eff0d24b8b5426/elements - {"using":"xpath","value":"//button[@id=\"application-binstatusreport-display-component---warehousing--createOrgBtn\"]"}
RESULT: {"using":"xpath","value":"//button[@id=\"application-binstatusreport-display-component---warehousing--createOrgBtn\"]"}
COMMAND: POST /session/be50de500220529a90eff0d24b8b5426/execute/sync - {"script":"<script> [8489 bytes]","args":[{"element-6066-11e4-a52e-4f735466cecf":"f.4C5E4E1008D2628DB27BF09AD41CA3B4.d.4149F4CFCA62AC064E1B845D289AE3B2.e.5662","ELEMENT":"f.4C5E4E1008D2628DB27BF09AD41CA3B4.d.4149F4CFCA62AC064E1B845D289AE3B2.e.5662"}]}
RESULT: {"script":"<script> [8489 bytes]","args":[{"element-6066-11e4-a52e-4f735466cecf":"f.4C5E4E1008D2628DB27BF09AD41CA3B4.d.4149F4CFCA62AC064E1B845D289AE3B2.e.5662","ELEMENT":"f.4C5E4E1008D2628DB27BF09AD41CA3B4.d.4149F4CFCA62AC064E1B845D289AE3B2.e.5662"}]}
COMMAND: GET /session/be50de500220529a90eff0d24b8b5426/element/f.4C5E4E1008D2628DB27BF09AD41CA3B4.d.4149F4CFCA62AC064E1B845D289AE3B2.e.5662/enabled - {}
COMMAND: GET /session/be50de500220529a90eff0d24b8b5426/screenshot - {}
RESULT: {}
COMMAND: POST /session/be50de500220529a90eff0d24b8b5426/execute/sync - {"script":"<script> [8489 bytes]","args":[{"element-6066-11e4-a52e-4f735466cecf":"f.4C5E4E1008D2628DB27BF09AD41CA3B4.d.4149F4CFCA62AC064E1B845D289AE3B2.e.5662","ELEMENT":"f.4C5E4E1008D2628DB27BF09AD41CA3B4.d.4149F4CFCA62AC064E1B845D289AE3B2.e.5662"}]}
COMMAND: GET /session/be50de500220529a90eff0d24b8b5426/screenshot - {}
RESULT: {}
RESULT: {"script":"<script> [8489 bytes]","args":[{"element-6066-11e4-a52e-4f735466cecf":"f.4C5E4E1008D2628DB27BF09AD41CA3B4.d.4149F4CFCA62AC064E1B845D289AE3B2.e.5662","ELEMENT":"f.4C5E4E1008D2628DB27BF09AD41CA3B4.d.4149F4CFCA62AC064E1B845D289AE3B2.e.5662"}]}
COMMAND: POST /session/be50de500220529a90eff0d24b8b5426/execute/sync - {"script":"<script> [5351 bytes]","args":[{"element-6066-11e4-a52e-4f735466cecf":"f.4C5E4E1008D2628DB27BF09AD41CA3B4.d.4149F4CFCA62AC064E1B845D289AE3B2.e.5662","ELEMENT":"f.4C5E4E1008D2628DB27BF09AD41CA3B4.d.4149F4CFCA62AC064E1B845D289AE3B2.e.5662"}]}
COMMAND: GET /session/be50de500220529a90eff0d24b8b5426/screenshot - {}
RESULT: {}
RESULT: {"script":"<script> [5351 bytes]","args":[{"element-6066-11e4-a52e-4f735466cecf":"f.4C5E4E1008D2628DB27BF09AD41CA3B4.d.4149F4CFCA62AC064E1B845D289AE3B2.e.5662","ELEMENT":"f.4C5E4E1008D2628DB27BF09AD41CA3B4.d.4149F4CFCA62AC064E1B845D289AE3B2.e.5662"}]}
COMMAND: GET /session/be50de500220529a90eff0d24b8b5426/screenshot - {}
RESULT: {}
RESULT: {}
COMMAND: POST /session/be50de500220529a90eff0d24b8b5426/element/f.4C5E4E1008D2628DB27BF09AD41CA3B4.d.4149F4CFCA62AC064E1B845D289AE3B2.e.5662/click - {}
RESULT: {}
COMMAND: GET /session/be50de500220529a90eff0d24b8b5426/screenshot - {}
RESULT: {}
COMMAND: POST /session/be50de500220529a90eff0d24b8b5426/execute/async - {"script":"<script> [1562 bytes]","args":[{"selector":{"id":"createOrganizationPop--sectionInput","searchOpenDialogs":true,"interaction":{"idSuffix":"inner"}},"wdio_ui5_key":"createOrganizationPopsectionInput"}]}
RESULT: {"script":"<script> [1562 bytes]","args":[{"selector":{"id":"createOrganizationPop--sectionInput","searchOpenDialogs":true,"interaction":{"idSuffix":"inner"}},"wdio_ui5_key":"createOrganizationPopsectionInput"}]}
RESULT: undefined
COMMAND: POST /session/be50de500220529a90eff0d24b8b5426/execute/async - {"script":"<script> [776 bytes]","args":[{"enterText":"WDIO-241","selector":{"id":"createOrganizationPop--sectionInput","searchOpenDialogs":true,"interaction":{"idSuffix":"inner"}},"clearTextFirst":true,"interactionType":"ENTER_TEXT"}]}
RESULT: {"script":"<script> [776 bytes]","args":[{"enterText":"WDIO-241","selector":{"id":"createOrganizationPop--sectionInput","searchOpenDialogs":true,"interaction":{"idSuffix":"inner"}},"clearTextFirst":true,"interactionType":"ENTER_TEXT"}]}
COMMAND: POST /session/be50de500220529a90eff0d24b8b5426/execute/async - {"script":"<script> [1562 bytes]","args":[{"selector":{"id":"createOrganizationPop--descriptionInput","searchOpenDialogs":true,"interaction":{"idSuffix":"inner"}},"wdio_ui5_key":"createOrganizationPopdescriptionInput"}]}
RESULT: {"script":"<script> [1562 bytes]","args":[{"selector":{"id":"createOrganizationPop--descriptionInput","searchOpenDialogs":true,"interaction":{"idSuffix":"inner"}},"wdio_ui5_key":"createOrganizationPopdescriptionInput"}]}
RESULT: undefined
COMMAND: POST /session/be50de500220529a90eff0d24b8b5426/execute/async - {"script":"<script> [776 bytes]","args":[{"enterText":"Shipping-241","selector":{"id":"createOrganizationPop--descriptionInput","searchOpenDialogs":true,"interaction":{"idSuffix":"inner"}},"clearTextFirst":true,"interactionType":"ENTER_TEXT"}]}
RESULT: {"script":"<script> [776 bytes]","args":[{"enterText":"Shipping-241","selector":{"id":"createOrganizationPop--descriptionInput","searchOpenDialogs":true,"interaction":{"idSuffix":"inner"}},"clearTextFirst":true,"interactionType":"ENTER_TEXT"}]}
COMMAND: POST /session/be50de500220529a90eff0d24b8b5426/element - {"using":"css selector","value":"#createOrganizationPop--yardOrg-inner"}
RESULT: {"using":"css selector","value":"#createOrganizationPop--yardOrg-inner"}
COMMAND: POST /session/be50de500220529a90eff0d24b8b5426/element/f.4C5E4E1008D2628DB27BF09AD41CA3B4.d.4149F4CFCA62AC064E1B845D289AE3B2.e.5705/clear - {}
RESULT: {}
COMMAND: POST /session/be50de500220529a90eff0d24b8b5426/element/f.4C5E4E1008D2628DB27BF09AD41CA3B4.d.4149F4CFCA62AC064E1B845D289AE3B2.e.5705/value - {"text":"241"}
COMMAND: GET /session/be50de500220529a90eff0d24b8b5426/screenshot - {}
RESULT: {"text":"241"}
COMMAND: GET /session/be50de500220529a90eff0d24b8b5426/screenshot - {}
RESULT: {}
RESULT: {}
COMMAND: POST /session/be50de500220529a90eff0d24b8b5426/actions - {"actions":[{"id":"action18","type":"key","parameters":{},"actions":[{"type":"keyDown","value":""},{"type":"pause","duration":10},{"type":"keyUp","value":""}]}]}
RESULT: {"actions":[{"id":"action18","type":"key","parameters":{},"actions":[{"type":"keyDown","value":""},{"type":"pause","duration":10},{"type":"keyUp","value":""}]}]}
COMMAND: POST /session/be50de500220529a90eff0d24b8b5426/execute/async - {"script":"<script> [1562 bytes]","args":[{"selector":{"id":"createOrganizationPop--grZone","searchOpenDialogs":true,"interaction":{"idSuffix":"CbBg"}},"wdio_ui5_key":"createOrganizationPopgrZone"}]}
COMMAND: GET /session/be50de500220529a90eff0d24b8b5426/screenshot - {}
RESULT: {"script":"<script> [1562 bytes]","args":[{"selector":{"id":"createOrganizationPop--grZone","searchOpenDialogs":true,"interaction":{"idSuffix":"CbBg"}},"wdio_ui5_key":"createOrganizationPopgrZone"}]}
RESULT: undefined
COMMAND: POST /session/be50de500220529a90eff0d24b8b5426/element - {"using":"xpath","value":"//*[@id=\"createOrganizationPop--grZone\"]"}
RESULT: {}
RESULT: {"using":"xpath","value":"//*[@id=\"createOrganizationPop--grZone\"]"}
COMMAND: POST /session/be50de500220529a90eff0d24b8b5426/element/f.4C5E4E1008D2628DB27BF09AD41CA3B4.d.4149F4CFCA62AC064E1B845D289AE3B2.e.5727/click - {}
RESULT: {}
COMMAND: GET /session/be50de500220529a90eff0d24b8b5426/screenshot - {}
RESULT: {}
COMMAND: POST /session/be50de500220529a90eff0d24b8b5426/execute/async - {"script":"<script> [1562 bytes]","args":[{"selector":{"id":"createOrganizationPop--giZone","searchOpenDialogs":true,"interaction":{"idSuffix":"CbBg"}},"wdio_ui5_key":"createOrganizationPopgiZone"}]}
RESULT: {"script":"<script> [1562 bytes]","args":[{"selector":{"id":"createOrganizationPop--giZone","searchOpenDialogs":true,"interaction":{"idSuffix":"CbBg"}},"wdio_ui5_key":"createOrganizationPopgiZone"}]}
RESULT: undefined
COMMAND: POST /session/be50de500220529a90eff0d24b8b5426/element - {"using":"xpath","value":"//*[@id=\"createOrganizationPop--giZone\"]"}
RESULT: {"using":"xpath","value":"//*[@id=\"createOrganizationPop--giZone\"]"}
COMMAND: POST /session/be50de500220529a90eff0d24b8b5426/element/f.4C5E4E1008D2628DB27BF09AD41CA3B4.d.4149F4CFCA62AC064E1B845D289AE3B2.e.5729/click - {}
RESULT: {}
COMMAND: GET /session/be50de500220529a90eff0d24b8b5426/screenshot - {}
RESULT: {}
COMMAND: POST /session/be50de500220529a90eff0d24b8b5426/execute/async - {"script":"<script> [1562 bytes]","args":[{"selector":{"id":"createOrganizationPop--binNoInput","searchOpenDialogs":true,"interaction":{"idSuffix":"inner"}},"wdio_ui5_key":"createOrganizationPopbinNoInput"}]}
RESULT: {"script":"<script> [1562 bytes]","args":[{"selector":{"id":"createOrganizationPop--binNoInput","searchOpenDialogs":true,"interaction":{"idSuffix":"inner"}},"wdio_ui5_key":"createOrganizationPopbinNoInput"}]}
RESULT: undefined
COMMAND: POST /session/be50de500220529a90eff0d24b8b5426/execute/async - {"script":"<script> [776 bytes]","args":[{"enterText":"Bin-Wd","selector":{"id":"createOrganizationPop--binNoInput","searchOpenDialogs":true,"interaction":{"idSuffix":"inner"}},"clearTextFirst":true,"interactionType":"ENTER_TEXT"}]}
RESULT: {"script":"<script> [776 bytes]","args":[{"enterText":"Bin-Wd","selector":{"id":"createOrganizationPop--binNoInput","searchOpenDialogs":true,"interaction":{"idSuffix":"inner"}},"clearTextFirst":true,"interactionType":"ENTER_TEXT"}]}
COMMAND: POST /session/be50de500220529a90eff0d24b8b5426/execute/async - {"script":"<script> [1562 bytes]","args":[{"selector":{"id":"createOrganizationPop--descriptionId","searchOpenDialogs":true,"interaction":{"idSuffix":"inner"}},"wdio_ui5_key":"createOrganizationPopdescriptionId"}]}
RESULT: {"script":"<script> [1562 bytes]","args":[{"selector":{"id":"createOrganizationPop--descriptionId","searchOpenDialogs":true,"interaction":{"idSuffix":"inner"}},"wdio_ui5_key":"createOrganizationPopdescriptionId"}]}
RESULT: undefined
COMMAND: POST /session/be50de500220529a90eff0d24b8b5426/execute/async - {"script":"<script> [776 bytes]","args":[{"enterText":"Shipping-Wd","selector":{"id":"createOrganizationPop--descriptionId","searchOpenDialogs":true,"interaction":{"idSuffix":"inner"}},"clearTextFirst":true,"interactionType":"ENTER_TEXT"}]}
RESULT: {"script":"<script> [776 bytes]","args":[{"enterText":"Shipping-Wd","selector":{"id":"createOrganizationPop--descriptionId","searchOpenDialogs":true,"interaction":{"idSuffix":"inner"}},"clearTextFirst":true,"interactionType":"ENTER_TEXT"}]}
COMMAND: POST /session/be50de500220529a90eff0d24b8b5426/execute/async - {"script":"<script> [1562 bytes]","args":[{"selector":{"controlType":"sap.m.CheckBox","viewName":"etm.portal.ui.binstatusreport.view.MasterWareBins","viewId":"application-binstatusreport-display-component---warehousing","bindingPath":{"path":"","propertyPath":"/ZONE","modelName":"newBin"},"searchOpenDialogs":true,"interaction":{"idSuffix":"CbBg"}},"wdio_ui5_key":"etmportal.ui.binstatusreport.view.MasterWareBinssap.m.CheckBox{\"path\":\"\",\"propertyPath\":\"/ZONE\",\"modelName\":\"newBin\"}"}]}
RESULT: {"script":"<script> [1562 bytes]","args":[{"selector":{"controlType":"sap.m.CheckBox","viewName":"etm.portal.ui.binstatusreport.view.MasterWareBins","viewId":"application-binstatusreport-display-component---warehousing","bindingPath":{"path":"","propertyPath":"/ZONE","modelName":"newBin"},"searchOpenDialogs":true,"interaction":{"idSuffix":"CbBg"}},"wdio_ui5_key":"etmportal.ui.binstatusreport.view.MasterWareBinssap.m.CheckBox{\"path\":\"\",\"propertyPath\":\"/ZONE\",\"modelName\":\"newBin\"}"}]}
RESULT: undefined
COMMAND: POST /session/be50de500220529a90eff0d24b8b5426/element - {"using":"xpath","value":"//*[@id=\"__box56\"]"}
RESULT: {"using":"xpath","value":"//*[@id=\"__box56\"]"}
COMMAND: POST /session/be50de500220529a90eff0d24b8b5426/element/f.4C5E4E1008D2628DB27BF09AD41CA3B4.d.4149F4CFCA62AC064E1B845D289AE3B2.e.5747/click - {}
RESULT: {}
COMMAND: GET /session/be50de500220529a90eff0d24b8b5426/screenshot - {}
RESULT: {}
COMMAND: POST /session/be50de500220529a90eff0d24b8b5426/execute/async - {"script":"<script> [1562 bytes]","args":[{"selector":{"id":"createOrganizationPop--binTypesCB","searchOpenDialogs":true,"interaction":{"idSuffix":"inner"}},"wdio_ui5_key":"createOrganizationPopbinTypesCB"}]}
RESULT: {"script":"<script> [1562 bytes]","args":[{"selector":{"id":"createOrganizationPop--binTypesCB","searchOpenDialogs":true,"interaction":{"idSuffix":"inner"}},"wdio_ui5_key":"createOrganizationPopbinTypesCB"}]}
RESULT: undefined
COMMAND: POST /session/be50de500220529a90eff0d24b8b5426/execute/async - {"script":"<script> [776 bytes]","args":[{"enterText":"1 - General / No capacity check","selector":{"id":"createOrganizationPop--binTypesCB","searchOpenDialogs":true,"interaction":{"idSuffix":"inner"}},"clearTextFirst":true,"interactionType":"ENTER_TEXT"}]}
RESULT: {"script":"<script> [776 bytes]","args":[{"enterText":"1 - General / No capacity check","selector":{"id":"createOrganizationPop--binTypesCB","searchOpenDialogs":true,"interaction":{"idSuffix":"inner"}},"clearTextFirst":true,"interactionType":"ENTER_TEXT"}]}
COMMAND: POST /session/be50de500220529a90eff0d24b8b5426/actions - {"actions":[{"id":"action19","type":"key","parameters":{},"actions":[{"type":"keyDown","value":""},{"type":"pause","duration":10},{"type":"keyUp","value":""}]}]}
RESULT: {"actions":[{"id":"action19","type":"key","parameters":{},"actions":[{"type":"keyDown","value":""},{"type":"pause","duration":10},{"type":"keyUp","value":""}]}]}
COMMAND: GET /session/be50de500220529a90eff0d24b8b5426/screenshot - {}
RESULT: {}
COMMAND: POST /session/be50de500220529a90eff0d24b8b5426/execute/async - {"script":"<script> [1562 bytes]","args":[{"selector":{"id":"createOrganizationPop--finishBtn","searchOpenDialogs":true,"interaction":{"idSuffix":"BDI-content"}},"wdio_ui5_key":"createOrganizationPopfinishBtn"}]}
RESULT: {"script":"<script> [1562 bytes]","args":[{"selector":{"id":"createOrganizationPop--finishBtn","searchOpenDialogs":true,"interaction":{"idSuffix":"BDI-content"}},"wdio_ui5_key":"createOrganizationPopfinishBtn"}]}
RESULT: undefined
COMMAND: POST /session/be50de500220529a90eff0d24b8b5426/element - {"using":"xpath","value":"//*[@id=\"createOrganizationPop--finishBtn\"]"}
RESULT: {"using":"xpath","value":"//*[@id=\"createOrganizationPop--finishBtn\"]"}
COMMAND: POST /session/be50de500220529a90eff0d24b8b5426/element/f.4C5E4E1008D2628DB27BF09AD41CA3B4.d.4149F4CFCA62AC064E1B845D289AE3B2.e.5761/click - {}
RESULT: {}
COMMAND: GET /session/be50de500220529a90eff0d24b8b5426/screenshot - {}
RESULT: {}
COMMAND: POST /session/be50de500220529a90eff0d24b8b5426/element - {"using":"css selector","value":"#shell-header-logo"}
RESULT: {"using":"css selector","value":"#shell-header-logo"}
COMMAND: POST /session/be50de500220529a90eff0d24b8b5426/element/f.4C5E4E1008D2628DB27BF09AD41CA3B4.d.4149F4CFCA62AC064E1B845D289AE3B2.e.5626/click - {}
RESULT: {}
COMMAND: GET /session/be50de500220529a90eff0d24b8b5426/screenshot - {}
RESULT: {}
]]></system-out>
    </testcase>
    <testcase classname="chrome.137_0_7151_69.windows.Create_masterdata_for_Yard_Overview_-_trigger_provide_US130988" name="Should do a stock increase handover" time="104.321">
      <system-out><![CDATA[
COMMAND: POST /session/be50de500220529a90eff0d24b8b5426/execute/async - {"script":"<script> [1562 bytes]","args":[{"selector":{"controlType":"sap.m.GenericTile","properties":{"header":"Manage Handovers"}},"wdio_ui5_key":"sapm.GenericTile{\"header\":\"Manage Handovers\"}"}]}
RESULT: {"script":"<script> [1562 bytes]","args":[{"selector":{"controlType":"sap.m.GenericTile","properties":{"header":"Manage Handovers"}},"wdio_ui5_key":"sapm.GenericTile{\"header\":\"Manage Handovers\"}"}]}
RESULT: undefined
COMMAND: POST /session/be50de500220529a90eff0d24b8b5426/element - {"using":"xpath","value":"//*[@id=\"__tile135\"]"}
RESULT: {"using":"xpath","value":"//*[@id=\"__tile135\"]"}
COMMAND: POST /session/be50de500220529a90eff0d24b8b5426/element/f.4C5E4E1008D2628DB27BF09AD41CA3B4.d.4149F4CFCA62AC064E1B845D289AE3B2.e.2916/click - {}
RESULT: {}
COMMAND: GET /session/be50de500220529a90eff0d24b8b5426/screenshot - {}
RESULT: {}
COMMAND: POST /session/be50de500220529a90eff0d24b8b5426/elements - {"using":"xpath","value":"//span[text()='Error']"}
RESULT: {"using":"xpath","value":"//span[text()='Error']"}
COMMAND: POST /session/be50de500220529a90eff0d24b8b5426/element - {"using":"xpath","value":"//button[@data-kt=\"masterHOAddButton\"]"}
RESULT: {"using":"xpath","value":"//button[@data-kt=\"masterHOAddButton\"]"}
COMMAND: POST /session/be50de500220529a90eff0d24b8b5426/elements - {"using":"xpath","value":"//button[@data-kt=\"masterHOAddButton\"]"}
RESULT: {"using":"xpath","value":"//button[@data-kt=\"masterHOAddButton\"]"}
COMMAND: POST /session/be50de500220529a90eff0d24b8b5426/elements - {"using":"xpath","value":"//button[@data-kt=\"masterHOAddButton\"]"}
RESULT: {"using":"xpath","value":"//button[@data-kt=\"masterHOAddButton\"]"}
COMMAND: POST /session/be50de500220529a90eff0d24b8b5426/element - {"using":"xpath","value":"//button[@data-kt=\"masterHOAddButton\"]"}
RESULT: {"using":"xpath","value":"//button[@data-kt=\"masterHOAddButton\"]"}
COMMAND: POST /session/be50de500220529a90eff0d24b8b5426/execute/sync - {"script":"<script> [8489 bytes]","args":[{"element-6066-11e4-a52e-4f735466cecf":"f.4C5E4E1008D2628DB27BF09AD41CA3B4.d.4149F4CFCA62AC064E1B845D289AE3B2.e.5798","ELEMENT":"f.4C5E4E1008D2628DB27BF09AD41CA3B4.d.4149F4CFCA62AC064E1B845D289AE3B2.e.5798"}]}
RESULT: {"script":"<script> [8489 bytes]","args":[{"element-6066-11e4-a52e-4f735466cecf":"f.4C5E4E1008D2628DB27BF09AD41CA3B4.d.4149F4CFCA62AC064E1B845D289AE3B2.e.5798","ELEMENT":"f.4C5E4E1008D2628DB27BF09AD41CA3B4.d.4149F4CFCA62AC064E1B845D289AE3B2.e.5798"}]}
COMMAND: GET /session/be50de500220529a90eff0d24b8b5426/element/f.4C5E4E1008D2628DB27BF09AD41CA3B4.d.4149F4CFCA62AC064E1B845D289AE3B2.e.5798/enabled - {}
COMMAND: GET /session/be50de500220529a90eff0d24b8b5426/screenshot - {}
RESULT: {}
RESULT: {}
COMMAND: POST /session/be50de500220529a90eff0d24b8b5426/execute/sync - {"script":"<script> [8489 bytes]","args":[{"element-6066-11e4-a52e-4f735466cecf":"f.4C5E4E1008D2628DB27BF09AD41CA3B4.d.4149F4CFCA62AC064E1B845D289AE3B2.e.5798","ELEMENT":"f.4C5E4E1008D2628DB27BF09AD41CA3B4.d.4149F4CFCA62AC064E1B845D289AE3B2.e.5798"}]}
COMMAND: GET /session/be50de500220529a90eff0d24b8b5426/screenshot - {}
RESULT: {"script":"<script> [8489 bytes]","args":[{"element-6066-11e4-a52e-4f735466cecf":"f.4C5E4E1008D2628DB27BF09AD41CA3B4.d.4149F4CFCA62AC064E1B845D289AE3B2.e.5798","ELEMENT":"f.4C5E4E1008D2628DB27BF09AD41CA3B4.d.4149F4CFCA62AC064E1B845D289AE3B2.e.5798"}]}
COMMAND: POST /session/be50de500220529a90eff0d24b8b5426/execute/sync - {"script":"<script> [5351 bytes]","args":[{"element-6066-11e4-a52e-4f735466cecf":"f.4C5E4E1008D2628DB27BF09AD41CA3B4.d.4149F4CFCA62AC064E1B845D289AE3B2.e.5798","ELEMENT":"f.4C5E4E1008D2628DB27BF09AD41CA3B4.d.4149F4CFCA62AC064E1B845D289AE3B2.e.5798"}]}
COMMAND: GET /session/be50de500220529a90eff0d24b8b5426/screenshot - {}
RESULT: {}
RESULT: {"script":"<script> [5351 bytes]","args":[{"element-6066-11e4-a52e-4f735466cecf":"f.4C5E4E1008D2628DB27BF09AD41CA3B4.d.4149F4CFCA62AC064E1B845D289AE3B2.e.5798","ELEMENT":"f.4C5E4E1008D2628DB27BF09AD41CA3B4.d.4149F4CFCA62AC064E1B845D289AE3B2.e.5798"}]}
COMMAND: POST /session/be50de500220529a90eff0d24b8b5426/element/f.4C5E4E1008D2628DB27BF09AD41CA3B4.d.4149F4CFCA62AC064E1B845D289AE3B2.e.5798/click - {}
COMMAND: GET /session/be50de500220529a90eff0d24b8b5426/screenshot - {}
RESULT: {}
RESULT: {}
COMMAND: GET /session/be50de500220529a90eff0d24b8b5426/screenshot - {}
RESULT: {}
RESULT: {}
COMMAND: POST /session/be50de500220529a90eff0d24b8b5426/element - {"using":"xpath","value":"//span[contains(@id ,\"AddNewHO--typeSelect-arrow\")]"}
RESULT: {"using":"xpath","value":"//span[contains(@id ,\"AddNewHO--typeSelect-arrow\")]"}
COMMAND: POST /session/be50de500220529a90eff0d24b8b5426/element/f.4C5E4E1008D2628DB27BF09AD41CA3B4.d.4149F4CFCA62AC064E1B845D289AE3B2.e.6145/click - {}
RESULT: {}
COMMAND: GET /session/be50de500220529a90eff0d24b8b5426/screenshot - {}
RESULT: {}
COMMAND: POST /session/be50de500220529a90eff0d24b8b5426/element - {"using":"xpath","value":"(//li[contains(text(), \"stock increase yard\")])[1]"}
RESULT: {"using":"xpath","value":"(//li[contains(text(), \"stock increase yard\")])[1]"}
COMMAND: POST /session/be50de500220529a90eff0d24b8b5426/element/f.4C5E4E1008D2628DB27BF09AD41CA3B4.d.4149F4CFCA62AC064E1B845D289AE3B2.e.6146/click - {}
RESULT: {}
COMMAND: GET /session/be50de500220529a90eff0d24b8b5426/screenshot - {}
RESULT: {}
COMMAND: POST /session/be50de500220529a90eff0d24b8b5426/execute/async - {"script":"<script> [1562 bytes]","args":[{"selector":{"id":"application-managehandovers-display-component---AddNewHO--dueDate","interaction":{"idSuffix":"inner"}},"wdio_ui5_key":"applicationmanagehandovers-display-component---AddNewHO--dueDate"}]}
RESULT: {"script":"<script> [1562 bytes]","args":[{"selector":{"id":"application-managehandovers-display-component---AddNewHO--dueDate","interaction":{"idSuffix":"inner"}},"wdio_ui5_key":"applicationmanagehandovers-display-component---AddNewHO--dueDate"}]}
RESULT: undefined
COMMAND: POST /session/be50de500220529a90eff0d24b8b5426/execute/async - {"script":"<script> [6424 bytes]","args":[{"element-6066-11e4-a52e-4f735466cecf":"f.4C5E4E1008D2628DB27BF09AD41CA3B4.d.4149F4CFCA62AC064E1B845D289AE3B2.e.6150"},"setValue",["6/13/25"]]}
RESULT: {"script":"<script> [6424 bytes]","args":[{"element-6066-11e4-a52e-4f735466cecf":"f.4C5E4E1008D2628DB27BF09AD41CA3B4.d.4149F4CFCA62AC064E1B845D289AE3B2.e.6150"},"setValue",["6/13/25"]]}
COMMAND: POST /session/be50de500220529a90eff0d24b8b5426/element - {"using":"xpath","value":"//input[@id=\"generalSectionFrg--receiveYard-inner\"]"}
RESULT: {"using":"xpath","value":"//input[@id=\"generalSectionFrg--receiveYard-inner\"]"}
COMMAND: POST /session/be50de500220529a90eff0d24b8b5426/element/f.4C5E4E1008D2628DB27BF09AD41CA3B4.d.4149F4CFCA62AC064E1B845D289AE3B2.e.6156/clear - {}
RESULT: {}
COMMAND: POST /session/be50de500220529a90eff0d24b8b5426/element/f.4C5E4E1008D2628DB27BF09AD41CA3B4.d.4149F4CFCA62AC064E1B845D289AE3B2.e.6156/value - {"text":"241"}
COMMAND: GET /session/be50de500220529a90eff0d24b8b5426/screenshot - {}
RESULT: {"text":"241"}
COMMAND: GET /session/be50de500220529a90eff0d24b8b5426/screenshot - {}
RESULT: {}
RESULT: {}
COMMAND: POST /session/be50de500220529a90eff0d24b8b5426/element - {"using":"xpath","value":"//li[.//span[contains(normalize-space(.), '241 -')]]"}
RESULT: {"using":"xpath","value":"//li[.//span[contains(normalize-space(.), '241 -')]]"}
COMMAND: POST /session/be50de500220529a90eff0d24b8b5426/element/f.4C5E4E1008D2628DB27BF09AD41CA3B4.d.4149F4CFCA62AC064E1B845D289AE3B2.e.6172/click - {}
RESULT: {}
COMMAND: GET /session/be50de500220529a90eff0d24b8b5426/screenshot - {}
RESULT: {}
COMMAND: POST /session/be50de500220529a90eff0d24b8b5426/execute/async - {"script":"<script> [1562 bytes]","args":[{"selector":{"id":"application-managehandovers-display-component---AddNewHO--ObjectPageLayout-anchBar-application-managehandovers-display-component---AddNewHO--section4-anchor","interaction":{"idSuffix":"BDI-content"}},"wdio_ui5_key":"applicationmanagehandovers-display-component---AddNewHO--ObjectPageLayout-anchBar-application-managehandovers-display-component---AddNewHO--section4-anchor"}]}
RESULT: {"script":"<script> [1562 bytes]","args":[{"selector":{"id":"application-managehandovers-display-component---AddNewHO--ObjectPageLayout-anchBar-application-managehandovers-display-component---AddNewHO--section4-anchor","interaction":{"idSuffix":"BDI-content"}},"wdio_ui5_key":"applicationmanagehandovers-display-component---AddNewHO--ObjectPageLayout-anchBar-application-managehandovers-display-component---AddNewHO--section4-anchor"}]}
RESULT: undefined
COMMAND: POST /session/be50de500220529a90eff0d24b8b5426/element - {"using":"xpath","value":"//*[@id=\"application-managehandovers-display-component---AddNewHO--ObjectPageLayout-anchBar-application-managehandovers-display-component---AddNewHO--section4-anchor\"]"}
RESULT: {"using":"xpath","value":"//*[@id=\"application-managehandovers-display-component---AddNewHO--ObjectPageLayout-anchBar-application-managehandovers-display-component---AddNewHO--section4-anchor\"]"}
COMMAND: POST /session/be50de500220529a90eff0d24b8b5426/element/f.4C5E4E1008D2628DB27BF09AD41CA3B4.d.4149F4CFCA62AC064E1B845D289AE3B2.e.6174/click - {}
RESULT: {}
COMMAND: GET /session/be50de500220529a90eff0d24b8b5426/screenshot - {}
RESULT: {}
COMMAND: POST /session/be50de500220529a90eff0d24b8b5426/element - {"using":"xpath","value":"//button[@aria-label=\"Add\"]"}
RESULT: {"using":"xpath","value":"//button[@aria-label=\"Add\"]"}
COMMAND: POST /session/be50de500220529a90eff0d24b8b5426/element/f.4C5E4E1008D2628DB27BF09AD41CA3B4.d.4149F4CFCA62AC064E1B845D289AE3B2.e.6177/click - {}
RESULT: {}
COMMAND: GET /session/be50de500220529a90eff0d24b8b5426/screenshot - {}
RESULT: {}
COMMAND: POST /session/be50de500220529a90eff0d24b8b5426/execute/async - {"script":"<script> [1562 bytes]","args":[{"selector":{"id":"application-managehandovers-display-component---AddNewHO--smartFilterBar-btnBasicSearch","searchOpenDialogs":true,"interaction":{"idSuffix":"I"}},"wdio_ui5_key":"applicationmanagehandovers-display-component---AddNewHO--smartFilterBar-btnBasicSearch"}]}
RESULT: {"script":"<script> [1562 bytes]","args":[{"selector":{"id":"application-managehandovers-display-component---AddNewHO--smartFilterBar-btnBasicSearch","searchOpenDialogs":true,"interaction":{"idSuffix":"I"}},"wdio_ui5_key":"applicationmanagehandovers-display-component---AddNewHO--smartFilterBar-btnBasicSearch"}]}
RESULT: undefined
COMMAND: POST /session/be50de500220529a90eff0d24b8b5426/execute/async - {"script":"<script> [776 bytes]","args":[{"enterText":"200119","selector":{"id":"application-managehandovers-display-component---AddNewHO--smartFilterBar-btnBasicSearch","searchOpenDialogs":true,"interaction":{"idSuffix":"I"}},"clearTextFirst":true,"interactionType":"ENTER_TEXT"}]}
RESULT: {"script":"<script> [776 bytes]","args":[{"enterText":"200119","selector":{"id":"application-managehandovers-display-component---AddNewHO--smartFilterBar-btnBasicSearch","searchOpenDialogs":true,"interaction":{"idSuffix":"I"}},"clearTextFirst":true,"interactionType":"ENTER_TEXT"}]}
COMMAND: POST /session/be50de500220529a90eff0d24b8b5426/actions - {"actions":[{"id":"action20","type":"key","parameters":{},"actions":[{"type":"keyDown","value":""},{"type":"pause","duration":10},{"type":"keyUp","value":""}]}]}
RESULT: {"actions":[{"id":"action20","type":"key","parameters":{},"actions":[{"type":"keyDown","value":""},{"type":"pause","duration":10},{"type":"keyUp","value":""}]}]}
COMMAND: GET /session/be50de500220529a90eff0d24b8b5426/screenshot - {}
RESULT: {}
COMMAND: POST /session/be50de500220529a90eff0d24b8b5426/execute/async - {"script":"<script> [1562 bytes]","args":[{"selector":{"id":"application-managehandovers-display-component---AddNewHO--popup-sa","searchOpenDialogs":true,"interaction":{"idSuffix":"CbBg"}},"wdio_ui5_key":"applicationmanagehandovers-display-component---AddNewHO--popup-sa"}]}
RESULT: {"script":"<script> [1562 bytes]","args":[{"selector":{"id":"application-managehandovers-display-component---AddNewHO--popup-sa","searchOpenDialogs":true,"interaction":{"idSuffix":"CbBg"}},"wdio_ui5_key":"applicationmanagehandovers-display-component---AddNewHO--popup-sa"}]}
RESULT: undefined
COMMAND: POST /session/be50de500220529a90eff0d24b8b5426/element - {"using":"xpath","value":"//*[@id=\"application-managehandovers-display-component---AddNewHO--popup-sa\"]"}
RESULT: {"using":"xpath","value":"//*[@id=\"application-managehandovers-display-component---AddNewHO--popup-sa\"]"}
COMMAND: POST /session/be50de500220529a90eff0d24b8b5426/element/f.4C5E4E1008D2628DB27BF09AD41CA3B4.d.4149F4CFCA62AC064E1B845D289AE3B2.e.6331/click - {}
RESULT: {}
COMMAND: GET /session/be50de500220529a90eff0d24b8b5426/screenshot - {}
RESULT: {}
COMMAND: POST /session/be50de500220529a90eff0d24b8b5426/element - {"using":"xpath","value":"//bdi[contains(text(), \"Select\")]"}
RESULT: {"using":"xpath","value":"//bdi[contains(text(), \"Select\")]"}
COMMAND: POST /session/be50de500220529a90eff0d24b8b5426/element/f.4C5E4E1008D2628DB27BF09AD41CA3B4.d.4149F4CFCA62AC064E1B845D289AE3B2.e.6332/click - {}
RESULT: {}
COMMAND: GET /session/be50de500220529a90eff0d24b8b5426/screenshot - {}
RESULT: {}
COMMAND: POST /session/be50de500220529a90eff0d24b8b5426/element - {"using":"xpath","value":"//button[@data-kt=\"AddNewHOSaveButton\"]"}
RESULT: {"using":"xpath","value":"//button[@data-kt=\"AddNewHOSaveButton\"]"}
COMMAND: POST /session/be50de500220529a90eff0d24b8b5426/element/f.4C5E4E1008D2628DB27BF09AD41CA3B4.d.4149F4CFCA62AC064E1B845D289AE3B2.e.6336/click - {}
RESULT: {}
COMMAND: GET /session/be50de500220529a90eff0d24b8b5426/screenshot - {}
RESULT: {}
COMMAND: POST /session/be50de500220529a90eff0d24b8b5426/execute/async - {"script":"<script> [1562 bytes]","args":[{"selector":{"id":"receiptDatePicker","viewName":"etm.portal.ui.managehandovers.view.DetailExecuteHO","interaction":{"idSuffix":"inner"}},"wdio_ui5_key":"receiptDatePickeretmportal.ui.managehandovers.view.DetailExecuteHO"}]}
RESULT: {"script":"<script> [1562 bytes]","args":[{"selector":{"id":"receiptDatePicker","viewName":"etm.portal.ui.managehandovers.view.DetailExecuteHO","interaction":{"idSuffix":"inner"}},"wdio_ui5_key":"receiptDatePickeretmportal.ui.managehandovers.view.DetailExecuteHO"}]}
RESULT: undefined
COMMAND: POST /session/be50de500220529a90eff0d24b8b5426/execute/async - {"script":"<script> [6424 bytes]","args":[{"element-6066-11e4-a52e-4f735466cecf":"f.4C5E4E1008D2628DB27BF09AD41CA3B4.d.4149F4CFCA62AC064E1B845D289AE3B2.e.6365"},"setValue",["6/13/25"]]}
RESULT: {"script":"<script> [6424 bytes]","args":[{"element-6066-11e4-a52e-4f735466cecf":"f.4C5E4E1008D2628DB27BF09AD41CA3B4.d.4149F4CFCA62AC064E1B845D289AE3B2.e.6365"},"setValue",["6/13/25"]]}
COMMAND: POST /session/be50de500220529a90eff0d24b8b5426/element - {"using":"xpath","value":"//button[@data-kt=\"ReceivingTableConfirmAllButton\"]"}
RESULT: {"using":"xpath","value":"//button[@data-kt=\"ReceivingTableConfirmAllButton\"]"}
COMMAND: POST /session/be50de500220529a90eff0d24b8b5426/element/f.4C5E4E1008D2628DB27BF09AD41CA3B4.d.4149F4CFCA62AC064E1B845D289AE3B2.e.6381/click - {}
RESULT: {}
COMMAND: GET /session/be50de500220529a90eff0d24b8b5426/screenshot - {}
RESULT: {}
COMMAND: POST /session/be50de500220529a90eff0d24b8b5426/element - {"using":"xpath","value":"//bdi[contains(text(), \"OK\")]"}
RESULT: {"using":"xpath","value":"//bdi[contains(text(), \"OK\")]"}
COMMAND: POST /session/be50de500220529a90eff0d24b8b5426/element/f.4C5E4E1008D2628DB27BF09AD41CA3B4.d.4149F4CFCA62AC064E1B845D289AE3B2.e.6383/click - {}
RESULT: {}
COMMAND: GET /session/be50de500220529a90eff0d24b8b5426/screenshot - {}
RESULT: {}
COMMAND: POST /session/be50de500220529a90eff0d24b8b5426/element - {"using":"xpath","value":"(//bdi[contains(text(), \"Receive\")])[2]"}
RESULT: {"using":"xpath","value":"(//bdi[contains(text(), \"Receive\")])[2]"}
COMMAND: POST /session/be50de500220529a90eff0d24b8b5426/element/f.4C5E4E1008D2628DB27BF09AD41CA3B4.d.4149F4CFCA62AC064E1B845D289AE3B2.e.6385/click - {}
RESULT: {}
COMMAND: GET /session/be50de500220529a90eff0d24b8b5426/screenshot - {}
RESULT: {}
COMMAND: POST /session/be50de500220529a90eff0d24b8b5426/element - {"using":"css selector","value":"#shell-header-logo"}
RESULT: {"using":"css selector","value":"#shell-header-logo"}
COMMAND: POST /session/be50de500220529a90eff0d24b8b5426/element/f.4C5E4E1008D2628DB27BF09AD41CA3B4.d.4149F4CFCA62AC064E1B845D289AE3B2.e.5769/click - {}
RESULT: {}
COMMAND: GET /session/be50de500220529a90eff0d24b8b5426/screenshot - {}
RESULT: {}
]]></system-out>
    </testcase>
    <testcase classname="chrome.137_0_7151_69.windows.Create_masterdata_for_Yard_Overview_-_trigger_provide_US130988" name="Should Putaway WHM" time="112.027">
      <failure/>
      <error message="element click intercepted: Element &lt;a id=&quot;shell-header-logo&quot; role=&quot;button&quot; title=&quot;Navigate to Home&quot; class=&quot;sapUshellShellIco&quot; href=&quot;#Shell-home&quot;>...&lt;/a> is not clickable at point (126, 22). Other element would receive the click: &lt;div id=&quot;sap-ui-blocklayer-popup&quot; tabindex=&quot;0&quot; class=&quot;sapUiBLy&quot; style=&quot;z-index: 559; visibility: visible;&quot;>&lt;/div>&#xA;  (Session info: chrome=137.0.7151.69)"/>
      <system-out><![CDATA[
COMMAND: POST /session/be50de500220529a90eff0d24b8b5426/execute/async - {"script":"<script> [1562 bytes]","args":[{"selector":{"controlType":"sap.m.GenericTile","properties":{"header":"Manage Warehouse Movements"}},"wdio_ui5_key":"sapm.GenericTile{\"header\":\"Manage Warehouse Movements\"}"}]}
RESULT: {"script":"<script> [1562 bytes]","args":[{"selector":{"controlType":"sap.m.GenericTile","properties":{"header":"Manage Warehouse Movements"}},"wdio_ui5_key":"sapm.GenericTile{\"header\":\"Manage Warehouse Movements\"}"}]}
RESULT: undefined
COMMAND: POST /session/be50de500220529a90eff0d24b8b5426/element - {"using":"xpath","value":"//*[@id=\"__tile107\"]"}
RESULT: {"using":"xpath","value":"//*[@id=\"__tile107\"]"}
COMMAND: POST /session/be50de500220529a90eff0d24b8b5426/element/f.4C5E4E1008D2628DB27BF09AD41CA3B4.d.4149F4CFCA62AC064E1B845D289AE3B2.e.6556/click - {}
RESULT: {}
COMMAND: GET /session/be50de500220529a90eff0d24b8b5426/screenshot - {}
RESULT: {}
COMMAND: POST /session/be50de500220529a90eff0d24b8b5426/elements - {"using":"xpath","value":"//span[text()='Error']"}
RESULT: {"using":"xpath","value":"//span[text()='Error']"}
COMMAND: POST /session/be50de500220529a90eff0d24b8b5426/element - {"using":"xpath","value":"//button[@data-kt=\"MasterMovementAddOverflowToolbarButton\"]"}
RESULT: {"using":"xpath","value":"//button[@data-kt=\"MasterMovementAddOverflowToolbarButton\"]"}
COMMAND: POST /session/be50de500220529a90eff0d24b8b5426/elements - {"using":"xpath","value":"//button[@data-kt=\"MasterMovementAddOverflowToolbarButton\"]"}
RESULT: {"using":"xpath","value":"//button[@data-kt=\"MasterMovementAddOverflowToolbarButton\"]"}
COMMAND: POST /session/be50de500220529a90eff0d24b8b5426/execute/sync - {"script":"<script> [8489 bytes]","args":[{"element-6066-11e4-a52e-4f735466cecf":"f.4C5E4E1008D2628DB27BF09AD41CA3B4.d.4149F4CFCA62AC064E1B845D289AE3B2.e.6597","ELEMENT":"f.4C5E4E1008D2628DB27BF09AD41CA3B4.d.4149F4CFCA62AC064E1B845D289AE3B2.e.6597"}]}
RESULT: {"script":"<script> [8489 bytes]","args":[{"element-6066-11e4-a52e-4f735466cecf":"f.4C5E4E1008D2628DB27BF09AD41CA3B4.d.4149F4CFCA62AC064E1B845D289AE3B2.e.6597","ELEMENT":"f.4C5E4E1008D2628DB27BF09AD41CA3B4.d.4149F4CFCA62AC064E1B845D289AE3B2.e.6597"}]}
COMMAND: GET /session/be50de500220529a90eff0d24b8b5426/element/f.4C5E4E1008D2628DB27BF09AD41CA3B4.d.4149F4CFCA62AC064E1B845D289AE3B2.e.6597/enabled - {}
COMMAND: GET /session/be50de500220529a90eff0d24b8b5426/screenshot - {}
RESULT: {}
COMMAND: POST /session/be50de500220529a90eff0d24b8b5426/execute/sync - {"script":"<script> [8489 bytes]","args":[{"element-6066-11e4-a52e-4f735466cecf":"f.4C5E4E1008D2628DB27BF09AD41CA3B4.d.4149F4CFCA62AC064E1B845D289AE3B2.e.6597","ELEMENT":"f.4C5E4E1008D2628DB27BF09AD41CA3B4.d.4149F4CFCA62AC064E1B845D289AE3B2.e.6597"}]}
COMMAND: GET /session/be50de500220529a90eff0d24b8b5426/screenshot - {}
RESULT: {}
RESULT: {"script":"<script> [8489 bytes]","args":[{"element-6066-11e4-a52e-4f735466cecf":"f.4C5E4E1008D2628DB27BF09AD41CA3B4.d.4149F4CFCA62AC064E1B845D289AE3B2.e.6597","ELEMENT":"f.4C5E4E1008D2628DB27BF09AD41CA3B4.d.4149F4CFCA62AC064E1B845D289AE3B2.e.6597"}]}
COMMAND: POST /session/be50de500220529a90eff0d24b8b5426/execute/sync - {"script":"<script> [5351 bytes]","args":[{"element-6066-11e4-a52e-4f735466cecf":"f.4C5E4E1008D2628DB27BF09AD41CA3B4.d.4149F4CFCA62AC064E1B845D289AE3B2.e.6597","ELEMENT":"f.4C5E4E1008D2628DB27BF09AD41CA3B4.d.4149F4CFCA62AC064E1B845D289AE3B2.e.6597"}]}
RESULT: {}
RESULT: {"script":"<script> [5351 bytes]","args":[{"element-6066-11e4-a52e-4f735466cecf":"f.4C5E4E1008D2628DB27BF09AD41CA3B4.d.4149F4CFCA62AC064E1B845D289AE3B2.e.6597","ELEMENT":"f.4C5E4E1008D2628DB27BF09AD41CA3B4.d.4149F4CFCA62AC064E1B845D289AE3B2.e.6597"}]}
COMMAND: GET /session/be50de500220529a90eff0d24b8b5426/screenshot - {}
COMMAND: GET /session/be50de500220529a90eff0d24b8b5426/screenshot - {}
RESULT: {}
RESULT: {}
COMMAND: POST /session/be50de500220529a90eff0d24b8b5426/execute/async - {"script":"<script> [1562 bytes]","args":[{"selector":{"controlType":"sap.ui.core.Icon","viewName":"etm.portal.ui.warehousemovements.view.MasterMovement","viewId":"application-warehousemovements-display-component---warehouseMovements","properties":{"src":{"regex":{"source":"inbox"}}},"ancestor":{"id":"application-warehousemovements-display-component---warehouseMovements--idIconTabBar"}},"wdio_ui5_key":"etmportal.ui.warehousemovements.view.MasterMovementsap.ui.core.Icon{\"src\":{\"regex\":{\"source\":\"inbox\"}}}{\"id\":\"application-warehousemovements-display-component---warehouseMovements--idIconTabBar\"}"}]}
RESULT: {"script":"<script> [1562 bytes]","args":[{"selector":{"controlType":"sap.ui.core.Icon","viewName":"etm.portal.ui.warehousemovements.view.MasterMovement","viewId":"application-warehousemovements-display-component---warehouseMovements","properties":{"src":{"regex":{"source":"inbox"}}},"ancestor":{"id":"application-warehousemovements-display-component---warehouseMovements--idIconTabBar"}},"wdio_ui5_key":"etmportal.ui.warehousemovements.view.MasterMovementsap.ui.core.Icon{\"src\":{\"regex\":{\"source\":\"inbox\"}}}{\"id\":\"application-warehousemovements-display-component---warehouseMovements--idIconTabBar\"}"}]}
RESULT: undefined
COMMAND: POST /session/be50de500220529a90eff0d24b8b5426/element - {"using":"xpath","value":"//*[@id=\"__filter29-icon\"]"}
RESULT: {"using":"xpath","value":"//*[@id=\"__filter29-icon\"]"}
COMMAND: POST /session/be50de500220529a90eff0d24b8b5426/element/f.4C5E4E1008D2628DB27BF09AD41CA3B4.d.4149F4CFCA62AC064E1B845D289AE3B2.e.6658/click - {}
RESULT: {}
COMMAND: POST /session/be50de500220529a90eff0d24b8b5426/execute/async - {"script":"<script> [1562 bytes]","args":[{"selector":{"id":"application-warehousemovements-display-component---warehouseMovements--smartFilterBar-filterItemControl_BASIC-YARD-vhi"},"wdio_ui5_key":"applicationwarehousemovements-display-component---warehouseMovements--smartFilterBar-filterItemControl_BASIC-YARD-vhi"}]}
COMMAND: GET /session/be50de500220529a90eff0d24b8b5426/screenshot - {}
RESULT: {"script":"<script> [1562 bytes]","args":[{"selector":{"id":"application-warehousemovements-display-component---warehouseMovements--smartFilterBar-filterItemControl_BASIC-YARD-vhi"},"wdio_ui5_key":"applicationwarehousemovements-display-component---warehouseMovements--smartFilterBar-filterItemControl_BASIC-YARD-vhi"}]}
RESULT: undefined
COMMAND: POST /session/be50de500220529a90eff0d24b8b5426/element - {"using":"xpath","value":"//*[@id=\"application-warehousemovements-display-component---warehouseMovements--smartFilterBar-filterItemControl_BASIC-YARD-vhi\"]"}
RESULT: {}
RESULT: {"using":"xpath","value":"//*[@id=\"application-warehousemovements-display-component---warehouseMovements--smartFilterBar-filterItemControl_BASIC-YARD-vhi\"]"}
COMMAND: POST /session/be50de500220529a90eff0d24b8b5426/element/f.4C5E4E1008D2628DB27BF09AD41CA3B4.d.4149F4CFCA62AC064E1B845D289AE3B2.e.6662/click - {}
RESULT: {}
COMMAND: GET /session/be50de500220529a90eff0d24b8b5426/screenshot - {}
RESULT: {}
COMMAND: POST /session/be50de500220529a90eff0d24b8b5426/execute/async - {"script":"<script> [1562 bytes]","args":[{"selector":{"id":"application-warehousemovements-display-component---warehouseMovements--smartFilterBar-filterItemControl_BASIC-YARD-valueHelpDialog-smartFilterBar-btnBasicSearch","searchOpenDialogs":true,"interaction":{"idSuffix":"I"}},"wdio_ui5_key":"applicationwarehousemovements-display-component---warehouseMovements--smartFilterBar-filterItemControl_BASIC-YARD-valueHelpDialog-smartFilterBar-btnBasicSearch"}]}
RESULT: {"script":"<script> [1562 bytes]","args":[{"selector":{"id":"application-warehousemovements-display-component---warehouseMovements--smartFilterBar-filterItemControl_BASIC-YARD-valueHelpDialog-smartFilterBar-btnBasicSearch","searchOpenDialogs":true,"interaction":{"idSuffix":"I"}},"wdio_ui5_key":"applicationwarehousemovements-display-component---warehouseMovements--smartFilterBar-filterItemControl_BASIC-YARD-valueHelpDialog-smartFilterBar-btnBasicSearch"}]}
RESULT: undefined
COMMAND: POST /session/be50de500220529a90eff0d24b8b5426/execute/async - {"script":"<script> [776 bytes]","args":[{"enterText":"241","selector":{"id":"application-warehousemovements-display-component---warehouseMovements--smartFilterBar-filterItemControl_BASIC-YARD-valueHelpDialog-smartFilterBar-btnBasicSearch","searchOpenDialogs":true,"interaction":{"idSuffix":"I"}},"clearTextFirst":true,"interactionType":"ENTER_TEXT"}]}
RESULT: {"script":"<script> [776 bytes]","args":[{"enterText":"241","selector":{"id":"application-warehousemovements-display-component---warehouseMovements--smartFilterBar-filterItemControl_BASIC-YARD-valueHelpDialog-smartFilterBar-btnBasicSearch","searchOpenDialogs":true,"interaction":{"idSuffix":"I"}},"clearTextFirst":true,"interactionType":"ENTER_TEXT"}]}
COMMAND: POST /session/be50de500220529a90eff0d24b8b5426/actions - {"actions":[{"id":"action21","type":"key","parameters":{},"actions":[{"type":"keyDown","value":""},{"type":"pause","duration":10},{"type":"keyUp","value":""}]}]}
RESULT: {"actions":[{"id":"action21","type":"key","parameters":{},"actions":[{"type":"keyDown","value":""},{"type":"pause","duration":10},{"type":"keyUp","value":""}]}]}
COMMAND: GET /session/be50de500220529a90eff0d24b8b5426/screenshot - {}
RESULT: {}
COMMAND: POST /session/be50de500220529a90eff0d24b8b5426/elements - {"using":"xpath","value":"//table[contains(@id, \"smartFilterBar-filterItemControl_BASIC-YARD-valueHelpDialog-table-table\")]/tbody/tr"}
RESULT: {"using":"xpath","value":"//table[contains(@id, \"smartFilterBar-filterItemControl_BASIC-YARD-valueHelpDialog-table-table\")]/tbody/tr"}
COMMAND: POST /session/be50de500220529a90eff0d24b8b5426/element - {"using":"xpath","value":"//table[contains(@id, \"smartFilterBar-filterItemControl_BASIC-YARD-valueHelpDialog-table-table\")]/tbody/tr[1]/td[1]/div/span"}
RESULT: {"using":"xpath","value":"//table[contains(@id, \"smartFilterBar-filterItemControl_BASIC-YARD-valueHelpDialog-table-table\")]/tbody/tr[1]/td[1]/div/span"}
COMMAND: POST /session/be50de500220529a90eff0d24b8b5426/elements - {"using":"xpath","value":"//table[contains(@id, \"smartFilterBar-filterItemControl_BASIC-YARD-valueHelpDialog-table-table\")]/tbody/tr[1]/td[1]/div/span"}
RESULT: {"using":"xpath","value":"//table[contains(@id, \"smartFilterBar-filterItemControl_BASIC-YARD-valueHelpDialog-table-table\")]/tbody/tr[1]/td[1]/div/span"}
COMMAND: POST /session/be50de500220529a90eff0d24b8b5426/execute/sync - {"script":"<script> [56 bytes]","args":[{"element-6066-11e4-a52e-4f735466cecf":"f.4C5E4E1008D2628DB27BF09AD41CA3B4.d.4149F4CFCA62AC064E1B845D289AE3B2.e.6682","ELEMENT":"f.4C5E4E1008D2628DB27BF09AD41CA3B4.d.4149F4CFCA62AC064E1B845D289AE3B2.e.6682"}]}
RESULT: {"script":"<script> [56 bytes]","args":[{"element-6066-11e4-a52e-4f735466cecf":"f.4C5E4E1008D2628DB27BF09AD41CA3B4.d.4149F4CFCA62AC064E1B845D289AE3B2.e.6682","ELEMENT":"f.4C5E4E1008D2628DB27BF09AD41CA3B4.d.4149F4CFCA62AC064E1B845D289AE3B2.e.6682"}]}
COMMAND: POST /session/be50de500220529a90eff0d24b8b5426/element - {"using":"xpath","value":"//div[@id=\"application-warehousemovements-display-component---warehouseMovements--smartFilterBar-filterItemControl_BASIC-YARD-valueHelpDialog-table-rowsel0\"]"}
COMMAND: GET /session/be50de500220529a90eff0d24b8b5426/screenshot - {}
RESULT: {"using":"xpath","value":"//div[@id=\"application-warehousemovements-display-component---warehouseMovements--smartFilterBar-filterItemControl_BASIC-YARD-valueHelpDialog-table-rowsel0\"]"}
COMMAND: POST /session/be50de500220529a90eff0d24b8b5426/element/f.4C5E4E1008D2628DB27BF09AD41CA3B4.d.4149F4CFCA62AC064E1B845D289AE3B2.e.6683/click - {}
RESULT: {}
RESULT: {}
COMMAND: GET /session/be50de500220529a90eff0d24b8b5426/screenshot - {}
RESULT: {}
COMMAND: POST /session/be50de500220529a90eff0d24b8b5426/execute/async - {"script":"<script> [1562 bytes]","args":[{"selector":{"id":"application-warehousemovements-display-component---warehouseMovements--smartFilterBar-filterItemControl_BASIC-YARD-valueHelpDialog-ok","searchOpenDialogs":true,"interaction":{"idSuffix":"inner"}},"wdio_ui5_key":"applicationwarehousemovements-display-component---warehouseMovements--smartFilterBar-filterItemControl_BASIC-YARD-valueHelpDialog-ok"}]}
RESULT: {"script":"<script> [1562 bytes]","args":[{"selector":{"id":"application-warehousemovements-display-component---warehouseMovements--smartFilterBar-filterItemControl_BASIC-YARD-valueHelpDialog-ok","searchOpenDialogs":true,"interaction":{"idSuffix":"inner"}},"wdio_ui5_key":"applicationwarehousemovements-display-component---warehouseMovements--smartFilterBar-filterItemControl_BASIC-YARD-valueHelpDialog-ok"}]}
RESULT: undefined
COMMAND: POST /session/be50de500220529a90eff0d24b8b5426/element - {"using":"xpath","value":"//*[@id=\"application-warehousemovements-display-component---warehouseMovements--smartFilterBar-filterItemControl_BASIC-YARD-valueHelpDialog-ok\"]"}
RESULT: {"using":"xpath","value":"//*[@id=\"application-warehousemovements-display-component---warehouseMovements--smartFilterBar-filterItemControl_BASIC-YARD-valueHelpDialog-ok\"]"}
COMMAND: POST /session/be50de500220529a90eff0d24b8b5426/element/f.4C5E4E1008D2628DB27BF09AD41CA3B4.d.4149F4CFCA62AC064E1B845D289AE3B2.e.6686/click - {}
RESULT: {}
COMMAND: GET /session/be50de500220529a90eff0d24b8b5426/screenshot - {}
RESULT: {}
COMMAND: POST /session/be50de500220529a90eff0d24b8b5426/execute/async - {"script":"<script> [1562 bytes]","args":[{"selector":{"controlType":"sap.ui.core.Icon","viewName":"etm.portal.ui.warehousemovements.view.MasterMovement","viewId":"application-warehousemovements-display-component---warehouseMovements","properties":{"src":{"regex":{"source":"add"}}}},"wdio_ui5_key":"etmportal.ui.warehousemovements.view.MasterMovementsap.ui.core.Icon{\"src\":{\"regex\":{\"source\":\"add\"}}}"}]}
RESULT: {"script":"<script> [1562 bytes]","args":[{"selector":{"controlType":"sap.ui.core.Icon","viewName":"etm.portal.ui.warehousemovements.view.MasterMovement","viewId":"application-warehousemovements-display-component---warehouseMovements","properties":{"src":{"regex":{"source":"add"}}}},"wdio_ui5_key":"etmportal.ui.warehousemovements.view.MasterMovementsap.ui.core.Icon{\"src\":{\"regex\":{\"source\":\"add\"}}}"}]}
RESULT: undefined
COMMAND: POST /session/be50de500220529a90eff0d24b8b5426/element - {"using":"xpath","value":"//*[@id=\"__button316-img\"]"}
RESULT: {"using":"xpath","value":"//*[@id=\"__button316-img\"]"}
COMMAND: POST /session/be50de500220529a90eff0d24b8b5426/element/f.4C5E4E1008D2628DB27BF09AD41CA3B4.d.4149F4CFCA62AC064E1B845D289AE3B2.e.6599/click - {}
RESULT: {}
COMMAND: GET /session/be50de500220529a90eff0d24b8b5426/screenshot - {}
COMMAND: POST /session/be50de500220529a90eff0d24b8b5426/execute/async - {"script":"<script> [1562 bytes]","args":[{"selector":{"id":"application-warehousemovements-display-component---addMovement--sectionsList-arrow"},"wdio_ui5_key":"applicationwarehousemovements-display-component---addMovement--sectionsList-arrow"}]}
RESULT: {}
RESULT: {"script":"<script> [1562 bytes]","args":[{"selector":{"id":"application-warehousemovements-display-component---addMovement--sectionsList-arrow"},"wdio_ui5_key":"applicationwarehousemovements-display-component---addMovement--sectionsList-arrow"}]}
RESULT: undefined
COMMAND: POST /session/be50de500220529a90eff0d24b8b5426/element - {"using":"xpath","value":"//*[@id=\"application-warehousemovements-display-component---addMovement--sectionsList-arrow\"]"}
RESULT: {"using":"xpath","value":"//*[@id=\"application-warehousemovements-display-component---addMovement--sectionsList-arrow\"]"}
COMMAND: POST /session/be50de500220529a90eff0d24b8b5426/element/f.4C5E4E1008D2628DB27BF09AD41CA3B4.d.4149F4CFCA62AC064E1B845D289AE3B2.e.6802/click - {}
RESULT: {}
COMMAND: GET /session/be50de500220529a90eff0d24b8b5426/screenshot - {}
RESULT: {}
COMMAND: POST /session/be50de500220529a90eff0d24b8b5426/execute/async - {"script":"<script> [1562 bytes]","args":[{"selector":{"controlType":"sap.m.StandardListItem","viewName":"etm.portal.ui.warehousemovements.view.AddMovement","viewId":"application-warehousemovements-display-component---addMovement","properties":{"type":"Active"},"searchOpenDialogs":true,"interaction":{"idSuffix":"titleText"}},"wdio_ui5_key":"etmportal.ui.warehousemovements.view.AddMovementsap.m.StandardListItem{\"type\":\"Active\"}"}]}
RESULT: {"script":"<script> [1562 bytes]","args":[{"selector":{"controlType":"sap.m.StandardListItem","viewName":"etm.portal.ui.warehousemovements.view.AddMovement","viewId":"application-warehousemovements-display-component---addMovement","properties":{"type":"Active"},"searchOpenDialogs":true,"interaction":{"idSuffix":"titleText"}},"wdio_ui5_key":"etmportal.ui.warehousemovements.view.AddMovementsap.m.StandardListItem{\"type\":\"Active\"}"}]}
RESULT: undefined
COMMAND: POST /session/be50de500220529a90eff0d24b8b5426/element - {"using":"xpath","value":"//*[@id=\"__item2133\"]"}
RESULT: {"using":"xpath","value":"//*[@id=\"__item2133\"]"}
COMMAND: POST /session/be50de500220529a90eff0d24b8b5426/element/f.4C5E4E1008D2628DB27BF09AD41CA3B4.d.4149F4CFCA62AC064E1B845D289AE3B2.e.6804/click - {}
RESULT: {}
COMMAND: GET /session/be50de500220529a90eff0d24b8b5426/screenshot - {}
RESULT: {}
COMMAND: POST /session/be50de500220529a90eff0d24b8b5426/execute/async - {"script":"<script> [1562 bytes]","args":[{"selector":{"controlType":"sap.m.Button","viewName":"etm.portal.ui.warehousemovements.view.AddMovement","viewId":"application-warehousemovements-display-component---addMovement","properties":{"text":"Items"},"interaction":{"idSuffix":"BDI-content"}},"wdio_ui5_key":"etmportal.ui.warehousemovements.view.AddMovementsap.m.Button{\"text\":\"Items\"}"}]}
RESULT: {"script":"<script> [1562 bytes]","args":[{"selector":{"controlType":"sap.m.Button","viewName":"etm.portal.ui.warehousemovements.view.AddMovement","viewId":"application-warehousemovements-display-component---addMovement","properties":{"text":"Items"},"interaction":{"idSuffix":"BDI-content"}},"wdio_ui5_key":"etmportal.ui.warehousemovements.view.AddMovementsap.m.Button{\"text\":\"Items\"}"}]}
RESULT: undefined
COMMAND: POST /session/be50de500220529a90eff0d24b8b5426/element - {"using":"xpath","value":"//*[@id=\"__layout400-anchBar-application-warehousemovements-display-component---addMovement--itemsSection-anchor\"]"}
RESULT: {"using":"xpath","value":"//*[@id=\"__layout400-anchBar-application-warehousemovements-display-component---addMovement--itemsSection-anchor\"]"}
COMMAND: POST /session/be50de500220529a90eff0d24b8b5426/element/f.4C5E4E1008D2628DB27BF09AD41CA3B4.d.4149F4CFCA62AC064E1B845D289AE3B2.e.6806/click - {}
RESULT: {}
COMMAND: GET /session/be50de500220529a90eff0d24b8b5426/screenshot - {}
RESULT: {}
COMMAND: POST /session/be50de500220529a90eff0d24b8b5426/execute/async - {"script":"<script> [1562 bytes]","args":[{"selector":{"id":"application-warehousemovements-display-component---addMovement--addItem","interaction":{"idSuffix":"inner"}},"wdio_ui5_key":"applicationwarehousemovements-display-component---addMovement--addItem"}]}
RESULT: {"script":"<script> [1562 bytes]","args":[{"selector":{"id":"application-warehousemovements-display-component---addMovement--addItem","interaction":{"idSuffix":"inner"}},"wdio_ui5_key":"applicationwarehousemovements-display-component---addMovement--addItem"}]}
RESULT: undefined
COMMAND: POST /session/be50de500220529a90eff0d24b8b5426/element - {"using":"xpath","value":"//*[@id=\"application-warehousemovements-display-component---addMovement--addItem\"]"}
RESULT: {"using":"xpath","value":"//*[@id=\"application-warehousemovements-display-component---addMovement--addItem\"]"}
COMMAND: POST /session/be50de500220529a90eff0d24b8b5426/element/f.4C5E4E1008D2628DB27BF09AD41CA3B4.d.4149F4CFCA62AC064E1B845D289AE3B2.e.6726/click - {}
RESULT: {}
COMMAND: GET /session/be50de500220529a90eff0d24b8b5426/screenshot - {}
RESULT: {}
COMMAND: POST /session/be50de500220529a90eff0d24b8b5426/execute/async - {"script":"<script> [1562 bytes]","args":[{"selector":{"id":"movementItemsPopUp--movementItemsTable-sa","searchOpenDialogs":true},"wdio_ui5_key":"movementItemsPopUpmovementItemsTable-sa"}]}
RESULT: {"script":"<script> [1562 bytes]","args":[{"selector":{"id":"movementItemsPopUp--movementItemsTable-sa","searchOpenDialogs":true},"wdio_ui5_key":"movementItemsPopUpmovementItemsTable-sa"}]}
RESULT: undefined
COMMAND: POST /session/be50de500220529a90eff0d24b8b5426/execute/async - {"script":"<script> [1562 bytes]","args":[{"selector":{"id":"movementItemsPopUp--createBtn","searchOpenDialogs":true,"interaction":{"idSuffix":"BDI-content"}},"wdio_ui5_key":"movementItemsPopUpcreateBtn"}]}
RESULT: {"script":"<script> [1562 bytes]","args":[{"selector":{"id":"movementItemsPopUp--createBtn","searchOpenDialogs":true,"interaction":{"idSuffix":"BDI-content"}},"wdio_ui5_key":"movementItemsPopUpcreateBtn"}]}
RESULT: undefined
COMMAND: POST /session/be50de500220529a90eff0d24b8b5426/execute/async - {"script":"<script> [1562 bytes]","args":[{"selector":{"controlType":"etm.portal.ui.reusables.customControls.LiveSearchComboBox","viewName":"etm.portal.ui.warehousemovements.view.AddMovement","viewId":"application-warehousemovements-display-component---addMovement","bindingPath":{"path":"/items/0","propertyPath":"DESTINATION_SECTION","modelName":"newMovement"},"interaction":{"idSuffix":"inner"}},"wdio_ui5_key":"etmportal.ui.warehousemovements.view.AddMovementetm.portal.ui.reusables.customControls.LiveSearchComboBox{\"path\":\"/items/0\",\"propertyPath\":\"DESTINATION_SECTION\",\"modelName\":\"newMovement\"}"}]}
RESULT: {"script":"<script> [1562 bytes]","args":[{"selector":{"controlType":"etm.portal.ui.reusables.customControls.LiveSearchComboBox","viewName":"etm.portal.ui.warehousemovements.view.AddMovement","viewId":"application-warehousemovements-display-component---addMovement","bindingPath":{"path":"/items/0","propertyPath":"DESTINATION_SECTION","modelName":"newMovement"},"interaction":{"idSuffix":"inner"}},"wdio_ui5_key":"etmportal.ui.warehousemovements.view.AddMovementetm.portal.ui.reusables.customControls.LiveSearchComboBox{\"path\":\"/items/0\",\"propertyPath\":\"DESTINATION_SECTION\",\"modelName\":\"newMovement\"}"}]}
RESULT: undefined
COMMAND: POST /session/be50de500220529a90eff0d24b8b5426/execute/async - {"script":"<script> [1562 bytes]","args":[{"selector":{"controlType":"etm.portal.ui.reusables.customControls.LiveSearchComboBox","viewName":"etm.portal.ui.warehousemovements.view.AddMovement","viewId":"application-warehousemovements-display-component---addMovement","bindingPath":{"path":"/items/0","propertyPath":"DESTINATION_BIN","modelName":"newMovement"},"interaction":{"idSuffix":"inner"}},"wdio_ui5_key":"etmportal.ui.warehousemovements.view.AddMovementetm.portal.ui.reusables.customControls.LiveSearchComboBox{\"path\":\"/items/0\",\"propertyPath\":\"DESTINATION_BIN\",\"modelName\":\"newMovement\"}"}]}
RESULT: {"script":"<script> [1562 bytes]","args":[{"selector":{"controlType":"etm.portal.ui.reusables.customControls.LiveSearchComboBox","viewName":"etm.portal.ui.warehousemovements.view.AddMovement","viewId":"application-warehousemovements-display-component---addMovement","bindingPath":{"path":"/items/0","propertyPath":"DESTINATION_BIN","modelName":"newMovement"},"interaction":{"idSuffix":"inner"}},"wdio_ui5_key":"etmportal.ui.warehousemovements.view.AddMovementetm.portal.ui.reusables.customControls.LiveSearchComboBox{\"path\":\"/items/0\",\"propertyPath\":\"DESTINATION_BIN\",\"modelName\":\"newMovement\"}"}]}
RESULT: undefined
COMMAND: POST /session/be50de500220529a90eff0d24b8b5426/execute/async - {"script":"<script> [1562 bytes]","args":[{"selector":{"id":"application-warehousemovements-display-component---addMovement--saveMovementBtn","interaction":{"idSuffix":"BDI-content"}},"wdio_ui5_key":"applicationwarehousemovements-display-component---addMovement--saveMovementBtn"}]}
RESULT: {"script":"<script> [1562 bytes]","args":[{"selector":{"id":"application-warehousemovements-display-component---addMovement--saveMovementBtn","interaction":{"idSuffix":"BDI-content"}},"wdio_ui5_key":"applicationwarehousemovements-display-component---addMovement--saveMovementBtn"}]}
RESULT: undefined
COMMAND: POST /session/be50de500220529a90eff0d24b8b5426/element - {"using":"xpath","value":"//*[@id=\"application-warehousemovements-display-component---addMovement--saveMovementBtn\"]"}
RESULT: {"using":"xpath","value":"//*[@id=\"application-warehousemovements-display-component---addMovement--saveMovementBtn\"]"}
COMMAND: POST /session/be50de500220529a90eff0d24b8b5426/element/f.4C5E4E1008D2628DB27BF09AD41CA3B4.d.4149F4CFCA62AC064E1B845D289AE3B2.e.6785/click - {}
COMMAND: POST /session/be50de500220529a90eff0d24b8b5426/execute/async - {"script":"<script> [1562 bytes]","args":[{"selector":{"controlType":"sap.m.Button","viewName":"etm.portal.ui.warehousemovements.view.DisplayMovement","viewId":"application-warehousemovements-display-component---displayMovement","i18NText":{"propertyName":"text","key":"execution"},"interaction":{"idSuffix":"BDI-content"}},"wdio_ui5_key":"etmportal.ui.warehousemovements.view.DisplayMovementsap.m.Button{\"propertyName\":\"text\",\"key\":\"execution\"}"}]}
RESULT: {"script":"<script> [1562 bytes]","args":[{"selector":{"controlType":"sap.m.Button","viewName":"etm.portal.ui.warehousemovements.view.DisplayMovement","viewId":"application-warehousemovements-display-component---displayMovement","i18NText":{"propertyName":"text","key":"execution"},"interaction":{"idSuffix":"BDI-content"}},"wdio_ui5_key":"etmportal.ui.warehousemovements.view.DisplayMovementsap.m.Button{\"propertyName\":\"text\",\"key\":\"execution\"}"}]}
RESULT: undefined
COMMAND: POST /session/be50de500220529a90eff0d24b8b5426/execute/async - {"script":"<script> [1562 bytes]","args":[{"selector":{"controlType":"sap.m.ToggleButton","viewName":"etm.portal.ui.warehousemovements.view.ExecuteMovement","viewId":"application-warehousemovements-display-component---executeMovement","bindingPath":{"path":"","propertyPath":"STATUS","modelName":"catalogModel"}},"wdio_ui5_key":"etmportal.ui.warehousemovements.view.ExecuteMovementsap.m.ToggleButton{\"path\":\"\",\"propertyPath\":\"STATUS\",\"modelName\":\"catalogModel\"}"}]}
RESULT: {"script":"<script> [1562 bytes]","args":[{"selector":{"controlType":"sap.m.ToggleButton","viewName":"etm.portal.ui.warehousemovements.view.ExecuteMovement","viewId":"application-warehousemovements-display-component---executeMovement","bindingPath":{"path":"","propertyPath":"STATUS","modelName":"catalogModel"}},"wdio_ui5_key":"etmportal.ui.warehousemovements.view.ExecuteMovementsap.m.ToggleButton{\"path\":\"\",\"propertyPath\":\"STATUS\",\"modelName\":\"catalogModel\"}"}]}
RESULT: undefined
RESULT: undefined
COMMAND: POST /session/be50de500220529a90eff0d24b8b5426/execute/async - {"script":"<script> [1562 bytes]","args":[{"selector":{"id":"application-warehousemovements-display-component---executeMovement--executeId","interaction":{"idSuffix":"BDI-content"}},"wdio_ui5_key":"applicationwarehousemovements-display-component---executeMovement--executeId"}]}
RESULT: {"script":"<script> [1562 bytes]","args":[{"selector":{"id":"application-warehousemovements-display-component---executeMovement--executeId","interaction":{"idSuffix":"BDI-content"}},"wdio_ui5_key":"applicationwarehousemovements-display-component---executeMovement--executeId"}]}
RESULT: undefined
COMMAND: POST /session/be50de500220529a90eff0d24b8b5426/element - {"using":"css selector","value":"#shell-header-logo"}
RESULT: {"using":"css selector","value":"#shell-header-logo"}
COMMAND: POST /session/be50de500220529a90eff0d24b8b5426/element/f.4C5E4E1008D2628DB27BF09AD41CA3B4.d.4149F4CFCA62AC064E1B845D289AE3B2.e.6560/click - {}
COMMAND: GET /session/be50de500220529a90eff0d24b8b5426/screenshot - {}
RESULT: {}
COMMAND: GET /session/be50de500220529a90eff0d24b8b5426/screenshot - {}
COMMAND: GET /session/be50de500220529a90eff0d24b8b5426/screenshot - {}
RESULT: {}
RESULT: {}
COMMAND: DELETE /session/be50de500220529a90eff0d24b8b5426 - {}
RESULT: {}
]]></system-out>
      <system-err><![CDATA[
element click intercepted: element click intercepted: Element <a id="shell-header-logo" role="button" title="Navigate to Home" class="sapUshellShellIco" href="#Shell-home">...</a> is not clickable at point (126, 22). Other element would receive the click: <div id="sap-ui-blocklayer-popup" tabindex="0" class="sapUiBLy" style="z-index: 559; visibility: visible;"></div>
  (Session info: chrome=137.0.7151.69)
    at async Context.<anonymous> (D:\a\1\s\test\specs\HTR\yard-movement-putaways.spec.js:318:9)
]]></system-err>
    </testcase>
  </testsuite>
</testsuites>