<?xml version="1.0" encoding="UTF-8"?>
<testsuites tests="15" failures="0" errors="0" skipped="0">
  <testsuite timestamp="2025-05-07T17:32:35" time="1417.114" tests="11" failures="0" errors="0" skipped="0">
    <properties>
      <property name="specId" value="0" />
      <property name="suiteName" value="Partner specific tests US150819 US151080 US151654 US151176 US103444 US151078 US151079 US151109 US151174 US151175 US151189" />
      <property name="capabilities" value="chrome.136_0_7103_49.windows" />
      <property name="file" value="file:///D:/a/1/s/test/specs/BTS/manage-partners.spec.js" />
    </properties>
    <testcase classname="chrome.136_0_7103_49.windows.Partner_specific_tests_US150819_US151080_US151654_US151176_US103444_US151078_US151079_US151109_US151174_US151175_US151189" name="Should create a new yard prerequisite" time="133.932">
      <system-out><![CDATA[
COMMAND: POST /session/1841494025458e3697387cb19f02ad73/window/fullscreen - {}
RESULT: {}
COMMAND: POST /session/1841494025458e3697387cb19f02ad73/element - {"using":"xpath","value":"//li[.//span[text()=\"Manage Partners\"]]"}
RESULT: {"using":"xpath","value":"//li[.//span[text()=\"Manage Partners\"]]"}
COMMAND: POST /session/1841494025458e3697387cb19f02ad73/element - {"using":"xpath","value":"//li[.//span[text()=\"Manage Partners\"]]"}
RESULT: {"using":"xpath","value":"//li[.//span[text()=\"Manage Partners\"]]"}
COMMAND: POST /session/1841494025458e3697387cb19f02ad73/element - {"using":"css selector","value":"#shell-header-logo"}
RESULT: {"using":"css selector","value":"#shell-header-logo"}
COMMAND: POST /session/1841494025458e3697387cb19f02ad73/element/f.4A5FBB56EC8D275E16A1B089E6612898.d.D65F315B5EABC81F07B78679DA5B25E5.e.262/click - {}
COMMAND: POST /session/1841494025458e3697387cb19f02ad73/execute/sync - {"script":"<script> [8489 bytes]","args":[{"element-6066-11e4-a52e-4f735466cecf":"f.4A5FBB56EC8D275E16A1B089E6612898.d.D65F315B5EABC81F07B78679DA5B25E5.e.262","ELEMENT":"f.4A5FBB56EC8D275E16A1B089E6612898.d.D65F315B5EABC81F07B78679DA5B25E5.e.262"}]}
RESULT: {}
COMMAND: GET /session/1841494025458e3697387cb19f02ad73/screenshot - {}
RESULT: {"script":"<script> [8489 bytes]","args":[{"element-6066-11e4-a52e-4f735466cecf":"f.4A5FBB56EC8D275E16A1B089E6612898.d.D65F315B5EABC81F07B78679DA5B25E5.e.262","ELEMENT":"f.4A5FBB56EC8D275E16A1B089E6612898.d.D65F315B5EABC81F07B78679DA5B25E5.e.262"}]}
COMMAND: POST /session/1841494025458e3697387cb19f02ad73/execute/sync - {"script":"<script> [5351 bytes]","args":[{"element-6066-11e4-a52e-4f735466cecf":"f.4A5FBB56EC8D275E16A1B089E6612898.d.D65F315B5EABC81F07B78679DA5B25E5.e.262","ELEMENT":"f.4A5FBB56EC8D275E16A1B089E6612898.d.D65F315B5EABC81F07B78679DA5B25E5.e.262"}]}
COMMAND: GET /session/1841494025458e3697387cb19f02ad73/screenshot - {}
RESULT: {}
RESULT: {"script":"<script> [5351 bytes]","args":[{"element-6066-11e4-a52e-4f735466cecf":"f.4A5FBB56EC8D275E16A1B089E6612898.d.D65F315B5EABC81F07B78679DA5B25E5.e.262","ELEMENT":"f.4A5FBB56EC8D275E16A1B089E6612898.d.D65F315B5EABC81F07B78679DA5B25E5.e.262"}]}
COMMAND: GET /session/1841494025458e3697387cb19f02ad73/screenshot - {}
RESULT: {}
RESULT: {}
COMMAND: POST /session/1841494025458e3697387cb19f02ad73/execute/async - {"script":"<script> [1562 bytes]","args":[{"selector":{"controlType":"sap.m.GenericTile","properties":{"header":"Manage Yards"}},"wdio_ui5_key":"sapm.GenericTile{\"header\":\"Manage Yards\"}"}]}
RESULT: {"script":"<script> [1562 bytes]","args":[{"selector":{"controlType":"sap.m.GenericTile","properties":{"header":"Manage Yards"}},"wdio_ui5_key":"sapm.GenericTile{\"header\":\"Manage Yards\"}"}]}
RESULT: undefined
COMMAND: POST /session/1841494025458e3697387cb19f02ad73/element - {"using":"xpath","value":"//*[@id=\"__tile41\"]"}
RESULT: {"using":"xpath","value":"//*[@id=\"__tile41\"]"}
COMMAND: POST /session/1841494025458e3697387cb19f02ad73/element/f.4A5FBB56EC8D275E16A1B089E6612898.d.D65F315B5EABC81F07B78679DA5B25E5.e.159/click - {}
RESULT: {}
COMMAND: POST /session/1841494025458e3697387cb19f02ad73/element - {"using":"xpath","value":"//button[@data-kt=\"addNewYardOverflowToolbarButton\"]"}
COMMAND: GET /session/1841494025458e3697387cb19f02ad73/screenshot - {}
RESULT: {"using":"xpath","value":"//button[@data-kt=\"addNewYardOverflowToolbarButton\"]"}
COMMAND: POST /session/1841494025458e3697387cb19f02ad73/elements - {"using":"xpath","value":"//button[@data-kt=\"addNewYardOverflowToolbarButton\"]"}
RESULT: {}
RESULT: {"using":"xpath","value":"//button[@data-kt=\"addNewYardOverflowToolbarButton\"]"}
COMMAND: POST /session/1841494025458e3697387cb19f02ad73/elements - {"using":"xpath","value":"//button[@data-kt=\"addNewYardOverflowToolbarButton\"]"}
RESULT: {"using":"xpath","value":"//button[@data-kt=\"addNewYardOverflowToolbarButton\"]"}
COMMAND: POST /session/1841494025458e3697387cb19f02ad73/elements - {"using":"xpath","value":"//button[@data-kt=\"addNewYardOverflowToolbarButton\"]"}
RESULT: {"using":"xpath","value":"//button[@data-kt=\"addNewYardOverflowToolbarButton\"]"}
COMMAND: POST /session/1841494025458e3697387cb19f02ad73/elements - {"using":"xpath","value":"//button[@data-kt=\"addNewYardOverflowToolbarButton\"]"}
RESULT: {"using":"xpath","value":"//button[@data-kt=\"addNewYardOverflowToolbarButton\"]"}
COMMAND: POST /session/1841494025458e3697387cb19f02ad73/elements - {"using":"xpath","value":"//button[@data-kt=\"addNewYardOverflowToolbarButton\"]"}
RESULT: {"using":"xpath","value":"//button[@data-kt=\"addNewYardOverflowToolbarButton\"]"}
COMMAND: POST /session/1841494025458e3697387cb19f02ad73/elements - {"using":"xpath","value":"//button[@data-kt=\"addNewYardOverflowToolbarButton\"]"}
RESULT: {"using":"xpath","value":"//button[@data-kt=\"addNewYardOverflowToolbarButton\"]"}
COMMAND: POST /session/1841494025458e3697387cb19f02ad73/elements - {"using":"xpath","value":"//button[@data-kt=\"addNewYardOverflowToolbarButton\"]"}
RESULT: {"using":"xpath","value":"//button[@data-kt=\"addNewYardOverflowToolbarButton\"]"}
COMMAND: POST /session/1841494025458e3697387cb19f02ad73/elements - {"using":"xpath","value":"//button[@data-kt=\"addNewYardOverflowToolbarButton\"]"}
RESULT: {"using":"xpath","value":"//button[@data-kt=\"addNewYardOverflowToolbarButton\"]"}
COMMAND: POST /session/1841494025458e3697387cb19f02ad73/elements - {"using":"xpath","value":"//button[@data-kt=\"addNewYardOverflowToolbarButton\"]"}
RESULT: {"using":"xpath","value":"//button[@data-kt=\"addNewYardOverflowToolbarButton\"]"}
COMMAND: POST /session/1841494025458e3697387cb19f02ad73/elements - {"using":"xpath","value":"//button[@data-kt=\"addNewYardOverflowToolbarButton\"]"}
RESULT: {"using":"xpath","value":"//button[@data-kt=\"addNewYardOverflowToolbarButton\"]"}
COMMAND: POST /session/1841494025458e3697387cb19f02ad73/elements - {"using":"xpath","value":"//button[@data-kt=\"addNewYardOverflowToolbarButton\"]"}
RESULT: {"using":"xpath","value":"//button[@data-kt=\"addNewYardOverflowToolbarButton\"]"}
COMMAND: POST /session/1841494025458e3697387cb19f02ad73/elements - {"using":"xpath","value":"//button[@data-kt=\"addNewYardOverflowToolbarButton\"]"}
RESULT: {"using":"xpath","value":"//button[@data-kt=\"addNewYardOverflowToolbarButton\"]"}
COMMAND: POST /session/1841494025458e3697387cb19f02ad73/elements - {"using":"xpath","value":"//button[@data-kt=\"addNewYardOverflowToolbarButton\"]"}
RESULT: {"using":"xpath","value":"//button[@data-kt=\"addNewYardOverflowToolbarButton\"]"}
COMMAND: POST /session/1841494025458e3697387cb19f02ad73/elements - {"using":"xpath","value":"//button[@data-kt=\"addNewYardOverflowToolbarButton\"]"}
RESULT: {"using":"xpath","value":"//button[@data-kt=\"addNewYardOverflowToolbarButton\"]"}
COMMAND: POST /session/1841494025458e3697387cb19f02ad73/elements - {"using":"xpath","value":"//button[@data-kt=\"addNewYardOverflowToolbarButton\"]"}
RESULT: {"using":"xpath","value":"//button[@data-kt=\"addNewYardOverflowToolbarButton\"]"}
COMMAND: POST /session/1841494025458e3697387cb19f02ad73/elements - {"using":"xpath","value":"//button[@data-kt=\"addNewYardOverflowToolbarButton\"]"}
RESULT: {"using":"xpath","value":"//button[@data-kt=\"addNewYardOverflowToolbarButton\"]"}
COMMAND: POST /session/1841494025458e3697387cb19f02ad73/elements - {"using":"xpath","value":"//button[@data-kt=\"addNewYardOverflowToolbarButton\"]"}
RESULT: {"using":"xpath","value":"//button[@data-kt=\"addNewYardOverflowToolbarButton\"]"}
COMMAND: POST /session/1841494025458e3697387cb19f02ad73/elements - {"using":"xpath","value":"//button[@data-kt=\"addNewYardOverflowToolbarButton\"]"}
RESULT: {"using":"xpath","value":"//button[@data-kt=\"addNewYardOverflowToolbarButton\"]"}
COMMAND: POST /session/1841494025458e3697387cb19f02ad73/elements - {"using":"xpath","value":"//button[@data-kt=\"addNewYardOverflowToolbarButton\"]"}
RESULT: {"using":"xpath","value":"//button[@data-kt=\"addNewYardOverflowToolbarButton\"]"}
COMMAND: POST /session/1841494025458e3697387cb19f02ad73/elements - {"using":"xpath","value":"//button[@data-kt=\"addNewYardOverflowToolbarButton\"]"}
RESULT: {"using":"xpath","value":"//button[@data-kt=\"addNewYardOverflowToolbarButton\"]"}
COMMAND: POST /session/1841494025458e3697387cb19f02ad73/elements - {"using":"xpath","value":"//button[@data-kt=\"addNewYardOverflowToolbarButton\"]"}
RESULT: {"using":"xpath","value":"//button[@data-kt=\"addNewYardOverflowToolbarButton\"]"}
COMMAND: POST /session/1841494025458e3697387cb19f02ad73/elements - {"using":"xpath","value":"//button[@data-kt=\"addNewYardOverflowToolbarButton\"]"}
RESULT: {"using":"xpath","value":"//button[@data-kt=\"addNewYardOverflowToolbarButton\"]"}
COMMAND: POST /session/1841494025458e3697387cb19f02ad73/elements - {"using":"xpath","value":"//button[@data-kt=\"addNewYardOverflowToolbarButton\"]"}
RESULT: {"using":"xpath","value":"//button[@data-kt=\"addNewYardOverflowToolbarButton\"]"}
COMMAND: POST /session/1841494025458e3697387cb19f02ad73/elements - {"using":"xpath","value":"//button[@data-kt=\"addNewYardOverflowToolbarButton\"]"}
RESULT: {"using":"xpath","value":"//button[@data-kt=\"addNewYardOverflowToolbarButton\"]"}
COMMAND: POST /session/1841494025458e3697387cb19f02ad73/elements - {"using":"xpath","value":"//button[@data-kt=\"addNewYardOverflowToolbarButton\"]"}
RESULT: {"using":"xpath","value":"//button[@data-kt=\"addNewYardOverflowToolbarButton\"]"}
COMMAND: POST /session/1841494025458e3697387cb19f02ad73/elements - {"using":"xpath","value":"//button[@data-kt=\"addNewYardOverflowToolbarButton\"]"}
RESULT: {"using":"xpath","value":"//button[@data-kt=\"addNewYardOverflowToolbarButton\"]"}
COMMAND: POST /session/1841494025458e3697387cb19f02ad73/elements - {"using":"xpath","value":"//button[@data-kt=\"addNewYardOverflowToolbarButton\"]"}
RESULT: {"using":"xpath","value":"//button[@data-kt=\"addNewYardOverflowToolbarButton\"]"}
COMMAND: POST /session/1841494025458e3697387cb19f02ad73/elements - {"using":"xpath","value":"//button[@data-kt=\"addNewYardOverflowToolbarButton\"]"}
RESULT: {"using":"xpath","value":"//button[@data-kt=\"addNewYardOverflowToolbarButton\"]"}
COMMAND: POST /session/1841494025458e3697387cb19f02ad73/elements - {"using":"xpath","value":"//button[@data-kt=\"addNewYardOverflowToolbarButton\"]"}
RESULT: {"using":"xpath","value":"//button[@data-kt=\"addNewYardOverflowToolbarButton\"]"}
COMMAND: POST /session/1841494025458e3697387cb19f02ad73/elements - {"using":"xpath","value":"//button[@data-kt=\"addNewYardOverflowToolbarButton\"]"}
RESULT: {"using":"xpath","value":"//button[@data-kt=\"addNewYardOverflowToolbarButton\"]"}
COMMAND: POST /session/1841494025458e3697387cb19f02ad73/elements - {"using":"xpath","value":"//button[@data-kt=\"addNewYardOverflowToolbarButton\"]"}
RESULT: {"using":"xpath","value":"//button[@data-kt=\"addNewYardOverflowToolbarButton\"]"}
COMMAND: POST /session/1841494025458e3697387cb19f02ad73/elements - {"using":"xpath","value":"//button[@data-kt=\"addNewYardOverflowToolbarButton\"]"}
RESULT: {"using":"xpath","value":"//button[@data-kt=\"addNewYardOverflowToolbarButton\"]"}
COMMAND: POST /session/1841494025458e3697387cb19f02ad73/element - {"using":"xpath","value":"//button[@data-kt=\"addNewYardOverflowToolbarButton\"]"}
RESULT: {"using":"xpath","value":"//button[@data-kt=\"addNewYardOverflowToolbarButton\"]"}
COMMAND: POST /session/1841494025458e3697387cb19f02ad73/execute/sync - {"script":"<script> [8489 bytes]","args":[{"element-6066-11e4-a52e-4f735466cecf":"f.4A5FBB56EC8D275E16A1B089E6612898.d.D65F315B5EABC81F07B78679DA5B25E5.e.297","ELEMENT":"f.4A5FBB56EC8D275E16A1B089E6612898.d.D65F315B5EABC81F07B78679DA5B25E5.e.297"}]}
RESULT: {"script":"<script> [8489 bytes]","args":[{"element-6066-11e4-a52e-4f735466cecf":"f.4A5FBB56EC8D275E16A1B089E6612898.d.D65F315B5EABC81F07B78679DA5B25E5.e.297","ELEMENT":"f.4A5FBB56EC8D275E16A1B089E6612898.d.D65F315B5EABC81F07B78679DA5B25E5.e.297"}]}
COMMAND: GET /session/1841494025458e3697387cb19f02ad73/element/f.4A5FBB56EC8D275E16A1B089E6612898.d.D65F315B5EABC81F07B78679DA5B25E5.e.297/enabled - {}
COMMAND: GET /session/1841494025458e3697387cb19f02ad73/screenshot - {}
RESULT: {}
COMMAND: POST /session/1841494025458e3697387cb19f02ad73/execute/sync - {"script":"<script> [8489 bytes]","args":[{"element-6066-11e4-a52e-4f735466cecf":"f.4A5FBB56EC8D275E16A1B089E6612898.d.D65F315B5EABC81F07B78679DA5B25E5.e.297","ELEMENT":"f.4A5FBB56EC8D275E16A1B089E6612898.d.D65F315B5EABC81F07B78679DA5B25E5.e.297"}]}
COMMAND: GET /session/1841494025458e3697387cb19f02ad73/screenshot - {}
RESULT: {}
RESULT: {"script":"<script> [8489 bytes]","args":[{"element-6066-11e4-a52e-4f735466cecf":"f.4A5FBB56EC8D275E16A1B089E6612898.d.D65F315B5EABC81F07B78679DA5B25E5.e.297","ELEMENT":"f.4A5FBB56EC8D275E16A1B089E6612898.d.D65F315B5EABC81F07B78679DA5B25E5.e.297"}]}
COMMAND: POST /session/1841494025458e3697387cb19f02ad73/execute/sync - {"script":"<script> [5351 bytes]","args":[{"element-6066-11e4-a52e-4f735466cecf":"f.4A5FBB56EC8D275E16A1B089E6612898.d.D65F315B5EABC81F07B78679DA5B25E5.e.297","ELEMENT":"f.4A5FBB56EC8D275E16A1B089E6612898.d.D65F315B5EABC81F07B78679DA5B25E5.e.297"}]}
COMMAND: GET /session/1841494025458e3697387cb19f02ad73/screenshot - {}
RESULT: {}
RESULT: {"script":"<script> [5351 bytes]","args":[{"element-6066-11e4-a52e-4f735466cecf":"f.4A5FBB56EC8D275E16A1B089E6612898.d.D65F315B5EABC81F07B78679DA5B25E5.e.297","ELEMENT":"f.4A5FBB56EC8D275E16A1B089E6612898.d.D65F315B5EABC81F07B78679DA5B25E5.e.297"}]}
COMMAND: POST /session/1841494025458e3697387cb19f02ad73/element/f.4A5FBB56EC8D275E16A1B089E6612898.d.D65F315B5EABC81F07B78679DA5B25E5.e.297/click - {}
COMMAND: GET /session/1841494025458e3697387cb19f02ad73/screenshot - {}
RESULT: {}
RESULT: {}
COMMAND: GET /session/1841494025458e3697387cb19f02ad73/screenshot - {}
COMMAND: POST /session/1841494025458e3697387cb19f02ad73/element - {"using":"xpath","value":"//input[@id=\"application-manageyards-display-component---NewYard--yardId-inner\"]"}
RESULT: {}
RESULT: {}
RESULT: {"using":"xpath","value":"//input[@id=\"application-manageyards-display-component---NewYard--yardId-inner\"]"}
COMMAND: POST /session/1841494025458e3697387cb19f02ad73/element - {"using":"xpath","value":"//input[@id=\"application-manageyards-display-component---NewYard--yardId-inner\"]"}
RESULT: {"using":"xpath","value":"//input[@id=\"application-manageyards-display-component---NewYard--yardId-inner\"]"}
COMMAND: POST /session/1841494025458e3697387cb19f02ad73/execute/async - {"script":"<script> [1562 bytes]","args":[{"selector":{"id":"application-manageyards-display-component---NewYard--addressDetailDetailsName1","interaction":{"idSuffix":"inner"}},"wdio_ui5_key":"applicationmanageyards-display-component---NewYard--addressDetailDetailsName1"}]}
RESULT: {"script":"<script> [1562 bytes]","args":[{"selector":{"id":"application-manageyards-display-component---NewYard--addressDetailDetailsName1","interaction":{"idSuffix":"inner"}},"wdio_ui5_key":"applicationmanageyards-display-component---NewYard--addressDetailDetailsName1"}]}
RESULT: undefined
COMMAND: POST /session/1841494025458e3697387cb19f02ad73/execute/async - {"script":"<script> [776 bytes]","args":[{"enterText":"Intracompany Yard wdIO","selector":{"id":"application-manageyards-display-component---NewYard--addressDetailDetailsName1","interaction":{"idSuffix":"inner"}},"clearTextFirst":true,"interactionType":"ENTER_TEXT"}]}
RESULT: {"script":"<script> [776 bytes]","args":[{"enterText":"Intracompany Yard wdIO","selector":{"id":"application-manageyards-display-component---NewYard--addressDetailDetailsName1","interaction":{"idSuffix":"inner"}},"clearTextFirst":true,"interactionType":"ENTER_TEXT"}]}
COMMAND: POST /session/1841494025458e3697387cb19f02ad73/execute/async - {"script":"<script> [1562 bytes]","args":[{"selector":{"id":"application-manageyards-display-component---NewYard--addressDetailDetailsLanguage-arrow"},"wdio_ui5_key":"applicationmanageyards-display-component---NewYard--addressDetailDetailsLanguage-arrow"}]}
RESULT: {"script":"<script> [1562 bytes]","args":[{"selector":{"id":"application-manageyards-display-component---NewYard--addressDetailDetailsLanguage-arrow"},"wdio_ui5_key":"applicationmanageyards-display-component---NewYard--addressDetailDetailsLanguage-arrow"}]}
RESULT: undefined
COMMAND: POST /session/1841494025458e3697387cb19f02ad73/element - {"using":"xpath","value":"//*[@id=\"application-manageyards-display-component---NewYard--addressDetailDetailsLanguage-arrow\"]"}
RESULT: {"using":"xpath","value":"//*[@id=\"application-manageyards-display-component---NewYard--addressDetailDetailsLanguage-arrow\"]"}
COMMAND: POST /session/1841494025458e3697387cb19f02ad73/element/f.4A5FBB56EC8D275E16A1B089E6612898.d.D65F315B5EABC81F07B78679DA5B25E5.e.728/click - {}
RESULT: {}
COMMAND: POST /session/1841494025458e3697387cb19f02ad73/element - {"using":"xpath","value":"//span[contains(text(), \"English\")]"}
COMMAND: GET /session/1841494025458e3697387cb19f02ad73/screenshot - {}
RESULT: {"using":"xpath","value":"//span[contains(text(), \"English\")]"}
COMMAND: POST /session/1841494025458e3697387cb19f02ad73/element/f.4A5FBB56EC8D275E16A1B089E6612898.d.D65F315B5EABC81F07B78679DA5B25E5.e.729/click - {}
RESULT: {}
RESULT: {}
COMMAND: POST /session/1841494025458e3697387cb19f02ad73/execute/async - {"script":"<script> [1562 bytes]","args":[{"selector":{"id":"application-manageyards-display-component---NewYard--addressDetailDetailsCity1","interaction":{"idSuffix":"inner"}},"wdio_ui5_key":"applicationmanageyards-display-component---NewYard--addressDetailDetailsCity1"}]}
COMMAND: GET /session/1841494025458e3697387cb19f02ad73/screenshot - {}
RESULT: {"script":"<script> [1562 bytes]","args":[{"selector":{"id":"application-manageyards-display-component---NewYard--addressDetailDetailsCity1","interaction":{"idSuffix":"inner"}},"wdio_ui5_key":"applicationmanageyards-display-component---NewYard--addressDetailDetailsCity1"}]}
RESULT: undefined
COMMAND: POST /session/1841494025458e3697387cb19f02ad73/execute/async - {"script":"<script> [776 bytes]","args":[{"enterText":"Rosario","selector":{"id":"application-manageyards-display-component---NewYard--addressDetailDetailsCity1","interaction":{"idSuffix":"inner"}},"clearTextFirst":true,"interactionType":"ENTER_TEXT"}]}
RESULT: {}
RESULT: {"script":"<script> [776 bytes]","args":[{"enterText":"Rosario","selector":{"id":"application-manageyards-display-component---NewYard--addressDetailDetailsCity1","interaction":{"idSuffix":"inner"}},"clearTextFirst":true,"interactionType":"ENTER_TEXT"}]}
COMMAND: POST /session/1841494025458e3697387cb19f02ad73/execute/async - {"script":"<script> [1562 bytes]","args":[{"selector":{"id":"application-manageyards-display-component---NewYard--addressDetailDetailsCountry-arrow"},"wdio_ui5_key":"applicationmanageyards-display-component---NewYard--addressDetailDetailsCountry-arrow"}]}
RESULT: {"script":"<script> [1562 bytes]","args":[{"selector":{"id":"application-manageyards-display-component---NewYard--addressDetailDetailsCountry-arrow"},"wdio_ui5_key":"applicationmanageyards-display-component---NewYard--addressDetailDetailsCountry-arrow"}]}
RESULT: undefined
COMMAND: POST /session/1841494025458e3697387cb19f02ad73/element - {"using":"xpath","value":"//*[@id=\"application-manageyards-display-component---NewYard--addressDetailDetailsCountry-arrow\"]"}
RESULT: {"using":"xpath","value":"//*[@id=\"application-manageyards-display-component---NewYard--addressDetailDetailsCountry-arrow\"]"}
COMMAND: POST /session/1841494025458e3697387cb19f02ad73/element/f.4A5FBB56EC8D275E16A1B089E6612898.d.D65F315B5EABC81F07B78679DA5B25E5.e.731/click - {}
RESULT: {}
COMMAND: POST /session/1841494025458e3697387cb19f02ad73/element - {"using":"xpath","value":"//span[contains(text(), \"Argentina\")]"}
COMMAND: GET /session/1841494025458e3697387cb19f02ad73/screenshot - {}
RESULT: {"using":"xpath","value":"//span[contains(text(), \"Argentina\")]"}
COMMAND: POST /session/1841494025458e3697387cb19f02ad73/element/f.4A5FBB56EC8D275E16A1B089E6612898.d.D65F315B5EABC81F07B78679DA5B25E5.e.732/click - {}
RESULT: {}
RESULT: {}
COMMAND: POST /session/1841494025458e3697387cb19f02ad73/execute/async - {"script":"<script> [1562 bytes]","args":[{"selector":{"id":"application-manageyards-display-component---NewYard--addressEditDetailsCostObjectCstType-arrow"},"wdio_ui5_key":"applicationmanageyards-display-component---NewYard--addressEditDetailsCostObjectCstType-arrow"}]}
COMMAND: GET /session/1841494025458e3697387cb19f02ad73/screenshot - {}
RESULT: {"script":"<script> [1562 bytes]","args":[{"selector":{"id":"application-manageyards-display-component---NewYard--addressEditDetailsCostObjectCstType-arrow"},"wdio_ui5_key":"applicationmanageyards-display-component---NewYard--addressEditDetailsCostObjectCstType-arrow"}]}
RESULT: undefined
COMMAND: POST /session/1841494025458e3697387cb19f02ad73/element - {"using":"xpath","value":"//*[@id=\"application-manageyards-display-component---NewYard--addressEditDetailsCostObjectCstType-arrow\"]"}
RESULT: {}
RESULT: {"using":"xpath","value":"//*[@id=\"application-manageyards-display-component---NewYard--addressEditDetailsCostObjectCstType-arrow\"]"}
COMMAND: POST /session/1841494025458e3697387cb19f02ad73/element/f.4A5FBB56EC8D275E16A1B089E6612898.d.D65F315B5EABC81F07B78679DA5B25E5.e.734/click - {}
RESULT: {}
COMMAND: POST /session/1841494025458e3697387cb19f02ad73/element - {"using":"xpath","value":"//span[contains(text(), \"Cost Center\")]"}
COMMAND: GET /session/1841494025458e3697387cb19f02ad73/screenshot - {}
RESULT: {"using":"xpath","value":"//span[contains(text(), \"Cost Center\")]"}
COMMAND: POST /session/1841494025458e3697387cb19f02ad73/element/f.4A5FBB56EC8D275E16A1B089E6612898.d.D65F315B5EABC81F07B78679DA5B25E5.e.735/click - {}
RESULT: {}
RESULT: {}
COMMAND: GET /session/1841494025458e3697387cb19f02ad73/screenshot - {}
RESULT: {}
COMMAND: POST /session/1841494025458e3697387cb19f02ad73/element - {"using":"xpath","value":"//span[@id=\"application-manageyards-display-component---NewYard--addressNewCostObjectCstID-vhi\"]"}
RESULT: {"using":"xpath","value":"//span[@id=\"application-manageyards-display-component---NewYard--addressNewCostObjectCstID-vhi\"]"}
COMMAND: POST /session/1841494025458e3697387cb19f02ad73/execute/sync - {"script":"<script> [8489 bytes]","args":[{"element-6066-11e4-a52e-4f735466cecf":"f.4A5FBB56EC8D275E16A1B089E6612898.d.D65F315B5EABC81F07B78679DA5B25E5.e.739","ELEMENT":"f.4A5FBB56EC8D275E16A1B089E6612898.d.D65F315B5EABC81F07B78679DA5B25E5.e.739"}]}
RESULT: {"script":"<script> [8489 bytes]","args":[{"element-6066-11e4-a52e-4f735466cecf":"f.4A5FBB56EC8D275E16A1B089E6612898.d.D65F315B5EABC81F07B78679DA5B25E5.e.739","ELEMENT":"f.4A5FBB56EC8D275E16A1B089E6612898.d.D65F315B5EABC81F07B78679DA5B25E5.e.739"}]}
COMMAND: POST /session/1841494025458e3697387cb19f02ad73/execute/async - {"script":"<script> [1562 bytes]","args":[{"selector":{"id":"application-manageyards-display-component---NewYard--addressNewCostObjectCstID-vhi"},"wdio_ui5_key":"applicationmanageyards-display-component---NewYard--addressNewCostObjectCstID-vhi"}]}
COMMAND: GET /session/1841494025458e3697387cb19f02ad73/screenshot - {}
RESULT: {"script":"<script> [1562 bytes]","args":[{"selector":{"id":"application-manageyards-display-component---NewYard--addressNewCostObjectCstID-vhi"},"wdio_ui5_key":"applicationmanageyards-display-component---NewYard--addressNewCostObjectCstID-vhi"}]}
RESULT: undefined
COMMAND: POST /session/1841494025458e3697387cb19f02ad73/element - {"using":"xpath","value":"//*[@id=\"application-manageyards-display-component---NewYard--addressNewCostObjectCstID-vhi\"]"}
RESULT: {}
RESULT: {"using":"xpath","value":"//*[@id=\"application-manageyards-display-component---NewYard--addressNewCostObjectCstID-vhi\"]"}
COMMAND: POST /session/1841494025458e3697387cb19f02ad73/element/f.4A5FBB56EC8D275E16A1B089E6612898.d.D65F315B5EABC81F07B78679DA5B25E5.e.739/click - {}
RESULT: {}
COMMAND: GET /session/1841494025458e3697387cb19f02ad73/screenshot - {}
RESULT: {}
COMMAND: POST /session/1841494025458e3697387cb19f02ad73/execute/async - {"script":"<script> [1562 bytes]","args":[{"selector":{"controlType":"sap.m.SearchField","properties":{"placeholder":"Search"},"searchOpenDialogs":true,"interaction":{"idSuffix":"I"}},"wdio_ui5_key":"sapm.SearchField{\"placeholder\":\"Search\"}"}]}
RESULT: {"script":"<script> [1562 bytes]","args":[{"selector":{"controlType":"sap.m.SearchField","properties":{"placeholder":"Search"},"searchOpenDialogs":true,"interaction":{"idSuffix":"I"}},"wdio_ui5_key":"sapm.SearchField{\"placeholder\":\"Search\"}"}]}
RESULT: undefined
COMMAND: POST /session/1841494025458e3697387cb19f02ad73/execute/async - {"script":"<script> [776 bytes]","args":[{"enterText":"10001013","selector":{"controlType":"sap.m.SearchField","properties":{"placeholder":"Search"},"searchOpenDialogs":true,"interaction":{"idSuffix":"I"}},"clearTextFirst":true,"interactionType":"ENTER_TEXT"}]}
RESULT: {"script":"<script> [776 bytes]","args":[{"enterText":"10001013","selector":{"controlType":"sap.m.SearchField","properties":{"placeholder":"Search"},"searchOpenDialogs":true,"interaction":{"idSuffix":"I"}},"clearTextFirst":true,"interactionType":"ENTER_TEXT"}]}
COMMAND: POST /session/1841494025458e3697387cb19f02ad73/actions - {"actions":[{"id":"action1","type":"key","parameters":{},"actions":[{"type":"keyDown","value":"î€‡"},{"type":"pause","duration":10},{"type":"keyUp","value":"î€‡"}]}]}
RESULT: {"actions":[{"id":"action1","type":"key","parameters":{},"actions":[{"type":"keyDown","value":"î€‡"},{"type":"pause","duration":10},{"type":"keyUp","value":"î€‡"}]}]}
COMMAND: GET /session/1841494025458e3697387cb19f02ad73/screenshot - {}
RESULT: {}
COMMAND: POST /session/1841494025458e3697387cb19f02ad73/element - {"using":"xpath","value":"//span[contains(text(), \"General Management\")]"}
RESULT: {"using":"xpath","value":"//span[contains(text(), \"General Management\")]"}
COMMAND: POST /session/1841494025458e3697387cb19f02ad73/element/f.4A5FBB56EC8D275E16A1B089E6612898.d.D65F315B5EABC81F07B78679DA5B25E5.e.781/click - {}
RESULT: {}
COMMAND: GET /session/1841494025458e3697387cb19f02ad73/screenshot - {}
RESULT: {}
COMMAND: POST /session/1841494025458e3697387cb19f02ad73/element - {"using":"xpath","value":"//bdi[contains(text(), \"OK\")]"}
RESULT: {"using":"xpath","value":"//bdi[contains(text(), \"OK\")]"}
COMMAND: POST /session/1841494025458e3697387cb19f02ad73/element/f.4A5FBB56EC8D275E16A1B089E6612898.d.D65F315B5EABC81F07B78679DA5B25E5.e.782/click - {}
RESULT: {}
COMMAND: GET /session/1841494025458e3697387cb19f02ad73/screenshot - {}
RESULT: {}
COMMAND: POST /session/1841494025458e3697387cb19f02ad73/execute/async - {"script":"<script> [1562 bytes]","args":[{"selector":{"id":"application-manageyards-display-component---NewYard--addressEditDetailsCurrency-arrow"},"wdio_ui5_key":"applicationmanageyards-display-component---NewYard--addressEditDetailsCurrency-arrow"}]}
RESULT: {"script":"<script> [1562 bytes]","args":[{"selector":{"id":"application-manageyards-display-component---NewYard--addressEditDetailsCurrency-arrow"},"wdio_ui5_key":"applicationmanageyards-display-component---NewYard--addressEditDetailsCurrency-arrow"}]}
RESULT: undefined
COMMAND: POST /session/1841494025458e3697387cb19f02ad73/element - {"using":"xpath","value":"//*[@id=\"application-manageyards-display-component---NewYard--addressEditDetailsCurrency-arrow\"]"}
RESULT: {"using":"xpath","value":"//*[@id=\"application-manageyards-display-component---NewYard--addressEditDetailsCurrency-arrow\"]"}
COMMAND: POST /session/1841494025458e3697387cb19f02ad73/element/f.4A5FBB56EC8D275E16A1B089E6612898.d.D65F315B5EABC81F07B78679DA5B25E5.e.785/click - {}
RESULT: {}
COMMAND: POST /session/1841494025458e3697387cb19f02ad73/element - {"using":"xpath","value":"//span[contains(text(), \"Euro\")]"}
COMMAND: GET /session/1841494025458e3697387cb19f02ad73/screenshot - {}
RESULT: {"using":"xpath","value":"//span[contains(text(), \"Euro\")]"}
COMMAND: POST /session/1841494025458e3697387cb19f02ad73/element/f.4A5FBB56EC8D275E16A1B089E6612898.d.D65F315B5EABC81F07B78679DA5B25E5.e.786/click - {}
RESULT: {}
RESULT: {}
COMMAND: POST /session/1841494025458e3697387cb19f02ad73/execute/async - {"script":"<script> [1562 bytes]","args":[{"selector":{"controlType":"sap.m.Input","viewName":"etm.portal.ui.manageyards.view.New","viewId":"application-manageyards-display-component---NewYard","bindingPath":{"path":"","propertyPath":"/CONTROLLING_AREA","modelName":"NewYardModel"},"interaction":{"idSuffix":"inner"}},"wdio_ui5_key":"etmportal.ui.manageyards.view.Newsap.m.Input{\"path\":\"\",\"propertyPath\":\"/CONTROLLING_AREA\",\"modelName\":\"NewYardModel\"}"}]}
COMMAND: GET /session/1841494025458e3697387cb19f02ad73/screenshot - {}
RESULT: {"script":"<script> [1562 bytes]","args":[{"selector":{"controlType":"sap.m.Input","viewName":"etm.portal.ui.manageyards.view.New","viewId":"application-manageyards-display-component---NewYard","bindingPath":{"path":"","propertyPath":"/CONTROLLING_AREA","modelName":"NewYardModel"},"interaction":{"idSuffix":"inner"}},"wdio_ui5_key":"etmportal.ui.manageyards.view.Newsap.m.Input{\"path\":\"\",\"propertyPath\":\"/CONTROLLING_AREA\",\"modelName\":\"NewYardModel\"}"}]}
RESULT: undefined
COMMAND: POST /session/1841494025458e3697387cb19f02ad73/execute/async - {"script":"<script> [776 bytes]","args":[{"enterText":"Z001","selector":{"controlType":"sap.m.Input","viewName":"etm.portal.ui.manageyards.view.New","viewId":"application-manageyards-display-component---NewYard","bindingPath":{"path":"","propertyPath":"/CONTROLLING_AREA","modelName":"NewYardModel"},"interaction":{"idSuffix":"inner"}},"clearTextFirst":true,"interactionType":"ENTER_TEXT"}]}
RESULT: {}
RESULT: {"script":"<script> [776 bytes]","args":[{"enterText":"Z001","selector":{"controlType":"sap.m.Input","viewName":"etm.portal.ui.manageyards.view.New","viewId":"application-manageyards-display-component---NewYard","bindingPath":{"path":"","propertyPath":"/CONTROLLING_AREA","modelName":"NewYardModel"},"interaction":{"idSuffix":"inner"}},"clearTextFirst":true,"interactionType":"ENTER_TEXT"}]}
COMMAND: POST /session/1841494025458e3697387cb19f02ad73/execute/async - {"script":"<script> [1562 bytes]","args":[{"selector":{"id":"application-manageyards-display-component---NewYard--companyCodeComboBox","interaction":{"idSuffix":"inner"}},"wdio_ui5_key":"applicationmanageyards-display-component---NewYard--companyCodeComboBox"}]}
RESULT: {"script":"<script> [1562 bytes]","args":[{"selector":{"id":"application-manageyards-display-component---NewYard--companyCodeComboBox","interaction":{"idSuffix":"inner"}},"wdio_ui5_key":"applicationmanageyards-display-component---NewYard--companyCodeComboBox"}]}
RESULT: undefined
COMMAND: POST /session/1841494025458e3697387cb19f02ad73/execute/async - {"script":"<script> [776 bytes]","args":[{"enterText":"1000","selector":{"id":"application-manageyards-display-component---NewYard--companyCodeComboBox","interaction":{"idSuffix":"inner"}},"clearTextFirst":true,"interactionType":"ENTER_TEXT"}]}
RESULT: {"script":"<script> [776 bytes]","args":[{"enterText":"1000","selector":{"id":"application-manageyards-display-component---NewYard--companyCodeComboBox","interaction":{"idSuffix":"inner"}},"clearTextFirst":true,"interactionType":"ENTER_TEXT"}]}
COMMAND: POST /session/1841494025458e3697387cb19f02ad73/execute/async - {"script":"<script> [1562 bytes]","args":[{"selector":{"controlType":"sap.m.Input","viewName":"etm.portal.ui.manageyards.view.New","viewId":"application-manageyards-display-component---NewYard","bindingPath":{"path":"","propertyPath":"/PLANT","modelName":"NewYardModel"},"interaction":{"idSuffix":"inner"}},"wdio_ui5_key":"etmportal.ui.manageyards.view.Newsap.m.Input{\"path\":\"\",\"propertyPath\":\"/PLANT\",\"modelName\":\"NewYardModel\"}"}]}
RESULT: {"script":"<script> [1562 bytes]","args":[{"selector":{"controlType":"sap.m.Input","viewName":"etm.portal.ui.manageyards.view.New","viewId":"application-manageyards-display-component---NewYard","bindingPath":{"path":"","propertyPath":"/PLANT","modelName":"NewYardModel"},"interaction":{"idSuffix":"inner"}},"wdio_ui5_key":"etmportal.ui.manageyards.view.Newsap.m.Input{\"path\":\"\",\"propertyPath\":\"/PLANT\",\"modelName\":\"NewYardModel\"}"}]}
RESULT: undefined
COMMAND: POST /session/1841494025458e3697387cb19f02ad73/execute/async - {"script":"<script> [776 bytes]","args":[{"enterText":"1001","selector":{"controlType":"sap.m.Input","viewName":"etm.portal.ui.manageyards.view.New","viewId":"application-manageyards-display-component---NewYard","bindingPath":{"path":"","propertyPath":"/PLANT","modelName":"NewYardModel"},"interaction":{"idSuffix":"inner"}},"clearTextFirst":true,"interactionType":"ENTER_TEXT"}]}
RESULT: {"script":"<script> [776 bytes]","args":[{"enterText":"1001","selector":{"controlType":"sap.m.Input","viewName":"etm.portal.ui.manageyards.view.New","viewId":"application-manageyards-display-component---NewYard","bindingPath":{"path":"","propertyPath":"/PLANT","modelName":"NewYardModel"},"interaction":{"idSuffix":"inner"}},"clearTextFirst":true,"interactionType":"ENTER_TEXT"}]}
COMMAND: POST /session/1841494025458e3697387cb19f02ad73/execute/async - {"script":"<script> [1562 bytes]","args":[{"selector":{"controlType":"sap.m.Input","viewName":"etm.portal.ui.manageyards.view.New","viewId":"application-manageyards-display-component---NewYard","bindingPath":{"path":"","propertyPath":"/SALES_AREA_VKORG","modelName":"NewYardModel"},"interaction":{"idSuffix":"inner"}},"wdio_ui5_key":"etmportal.ui.manageyards.view.Newsap.m.Input{\"path\":\"\",\"propertyPath\":\"/SALES_AREA_VKORG\",\"modelName\":\"NewYardModel\"}"}]}
RESULT: {"script":"<script> [1562 bytes]","args":[{"selector":{"controlType":"sap.m.Input","viewName":"etm.portal.ui.manageyards.view.New","viewId":"application-manageyards-display-component---NewYard","bindingPath":{"path":"","propertyPath":"/SALES_AREA_VKORG","modelName":"NewYardModel"},"interaction":{"idSuffix":"inner"}},"wdio_ui5_key":"etmportal.ui.manageyards.view.Newsap.m.Input{\"path\":\"\",\"propertyPath\":\"/SALES_AREA_VKORG\",\"modelName\":\"NewYardModel\"}"}]}
RESULT: undefined
COMMAND: POST /session/1841494025458e3697387cb19f02ad73/execute/async - {"script":"<script> [776 bytes]","args":[{"enterText":"C002","selector":{"controlType":"sap.m.Input","viewName":"etm.portal.ui.manageyards.view.New","viewId":"application-manageyards-display-component---NewYard","bindingPath":{"path":"","propertyPath":"/SALES_AREA_VKORG","modelName":"NewYardModel"},"interaction":{"idSuffix":"inner"}},"clearTextFirst":true,"interactionType":"ENTER_TEXT"}]}
RESULT: {"script":"<script> [776 bytes]","args":[{"enterText":"C002","selector":{"controlType":"sap.m.Input","viewName":"etm.portal.ui.manageyards.view.New","viewId":"application-manageyards-display-component---NewYard","bindingPath":{"path":"","propertyPath":"/SALES_AREA_VKORG","modelName":"NewYardModel"},"interaction":{"idSuffix":"inner"}},"clearTextFirst":true,"interactionType":"ENTER_TEXT"}]}
COMMAND: POST /session/1841494025458e3697387cb19f02ad73/execute/async - {"script":"<script> [1562 bytes]","args":[{"selector":{"controlType":"sap.m.Input","viewName":"etm.portal.ui.manageyards.view.New","viewId":"application-manageyards-display-component---NewYard","bindingPath":{"path":"","propertyPath":"/SALES_AREA_VTWEG","modelName":"NewYardModel"},"interaction":{"idSuffix":"inner"}},"wdio_ui5_key":"etmportal.ui.manageyards.view.Newsap.m.Input{\"path\":\"\",\"propertyPath\":\"/SALES_AREA_VTWEG\",\"modelName\":\"NewYardModel\"}"}]}
RESULT: {"script":"<script> [1562 bytes]","args":[{"selector":{"controlType":"sap.m.Input","viewName":"etm.portal.ui.manageyards.view.New","viewId":"application-manageyards-display-component---NewYard","bindingPath":{"path":"","propertyPath":"/SALES_AREA_VTWEG","modelName":"NewYardModel"},"interaction":{"idSuffix":"inner"}},"wdio_ui5_key":"etmportal.ui.manageyards.view.Newsap.m.Input{\"path\":\"\",\"propertyPath\":\"/SALES_AREA_VTWEG\",\"modelName\":\"NewYardModel\"}"}]}
RESULT: undefined
COMMAND: POST /session/1841494025458e3697387cb19f02ad73/execute/async - {"script":"<script> [776 bytes]","args":[{"enterText":"C2","selector":{"controlType":"sap.m.Input","viewName":"etm.portal.ui.manageyards.view.New","viewId":"application-manageyards-display-component---NewYard","bindingPath":{"path":"","propertyPath":"/SALES_AREA_VTWEG","modelName":"NewYardModel"},"interaction":{"idSuffix":"inner"}},"clearTextFirst":true,"interactionType":"ENTER_TEXT"}]}
RESULT: {"script":"<script> [776 bytes]","args":[{"enterText":"C2","selector":{"controlType":"sap.m.Input","viewName":"etm.portal.ui.manageyards.view.New","viewId":"application-manageyards-display-component---NewYard","bindingPath":{"path":"","propertyPath":"/SALES_AREA_VTWEG","modelName":"NewYardModel"},"interaction":{"idSuffix":"inner"}},"clearTextFirst":true,"interactionType":"ENTER_TEXT"}]}
COMMAND: POST /session/1841494025458e3697387cb19f02ad73/execute/async - {"script":"<script> [1562 bytes]","args":[{"selector":{"controlType":"sap.m.Input","viewName":"etm.portal.ui.manageyards.view.New","viewId":"application-manageyards-display-component---NewYard","bindingPath":{"path":"","propertyPath":"/SALES_AREA_SPART","modelName":"NewYardModel"},"interaction":{"idSuffix":"inner"}},"wdio_ui5_key":"etmportal.ui.manageyards.view.Newsap.m.Input{\"path\":\"\",\"propertyPath\":\"/SALES_AREA_SPART\",\"modelName\":\"NewYardModel\"}"}]}
RESULT: {"script":"<script> [1562 bytes]","args":[{"selector":{"controlType":"sap.m.Input","viewName":"etm.portal.ui.manageyards.view.New","viewId":"application-manageyards-display-component---NewYard","bindingPath":{"path":"","propertyPath":"/SALES_AREA_SPART","modelName":"NewYardModel"},"interaction":{"idSuffix":"inner"}},"wdio_ui5_key":"etmportal.ui.manageyards.view.Newsap.m.Input{\"path\":\"\",\"propertyPath\":\"/SALES_AREA_SPART\",\"modelName\":\"NewYardModel\"}"}]}
RESULT: undefined
COMMAND: POST /session/1841494025458e3697387cb19f02ad73/execute/async - {"script":"<script> [776 bytes]","args":[{"enterText":"C2","selector":{"controlType":"sap.m.Input","viewName":"etm.portal.ui.manageyards.view.New","viewId":"application-manageyards-display-component---NewYard","bindingPath":{"path":"","propertyPath":"/SALES_AREA_SPART","modelName":"NewYardModel"},"interaction":{"idSuffix":"inner"}},"clearTextFirst":true,"interactionType":"ENTER_TEXT"}]}
RESULT: {"script":"<script> [776 bytes]","args":[{"enterText":"C2","selector":{"controlType":"sap.m.Input","viewName":"etm.portal.ui.manageyards.view.New","viewId":"application-manageyards-display-component---NewYard","bindingPath":{"path":"","propertyPath":"/SALES_AREA_SPART","modelName":"NewYardModel"},"interaction":{"idSuffix":"inner"}},"clearTextFirst":true,"interactionType":"ENTER_TEXT"}]}
COMMAND: POST /session/1841494025458e3697387cb19f02ad73/execute/async - {"script":"<script> [1562 bytes]","args":[{"selector":{"controlType":"sap.m.Input","viewName":"etm.portal.ui.manageyards.view.New","viewId":"application-manageyards-display-component---NewYard","bindingPath":{"path":"","propertyPath":"/SHIP_POINT","modelName":"NewYardModel"},"interaction":{"idSuffix":"inner"}},"wdio_ui5_key":"etmportal.ui.manageyards.view.Newsap.m.Input{\"path\":\"\",\"propertyPath\":\"/SHIP_POINT\",\"modelName\":\"NewYardModel\"}"}]}
RESULT: {"script":"<script> [1562 bytes]","args":[{"selector":{"controlType":"sap.m.Input","viewName":"etm.portal.ui.manageyards.view.New","viewId":"application-manageyards-display-component---NewYard","bindingPath":{"path":"","propertyPath":"/SHIP_POINT","modelName":"NewYardModel"},"interaction":{"idSuffix":"inner"}},"wdio_ui5_key":"etmportal.ui.manageyards.view.Newsap.m.Input{\"path\":\"\",\"propertyPath\":\"/SHIP_POINT\",\"modelName\":\"NewYardModel\"}"}]}
RESULT: undefined
COMMAND: POST /session/1841494025458e3697387cb19f02ad73/execute/async - {"script":"<script> [776 bytes]","args":[{"enterText":"1710","selector":{"controlType":"sap.m.Input","viewName":"etm.portal.ui.manageyards.view.New","viewId":"application-manageyards-display-component---NewYard","bindingPath":{"path":"","propertyPath":"/SHIP_POINT","modelName":"NewYardModel"},"interaction":{"idSuffix":"inner"}},"clearTextFirst":true,"interactionType":"ENTER_TEXT"}]}
RESULT: {"script":"<script> [776 bytes]","args":[{"enterText":"1710","selector":{"controlType":"sap.m.Input","viewName":"etm.portal.ui.manageyards.view.New","viewId":"application-manageyards-display-component---NewYard","bindingPath":{"path":"","propertyPath":"/SHIP_POINT","modelName":"NewYardModel"},"interaction":{"idSuffix":"inner"}},"clearTextFirst":true,"interactionType":"ENTER_TEXT"}]}
COMMAND: POST /session/1841494025458e3697387cb19f02ad73/execute/async - {"script":"<script> [1562 bytes]","args":[{"selector":{"controlType":"sap.m.Input","viewName":"etm.portal.ui.manageyards.view.New","viewId":"application-manageyards-display-component---NewYard","bindingPath":{"path":"","propertyPath":"/DELIVERY_TYPE","modelName":"NewYardModel"},"interaction":{"idSuffix":"inner"}},"wdio_ui5_key":"etmportal.ui.manageyards.view.Newsap.m.Input{\"path\":\"\",\"propertyPath\":\"/DELIVERY_TYPE\",\"modelName\":\"NewYardModel\"}"}]}
RESULT: {"script":"<script> [1562 bytes]","args":[{"selector":{"controlType":"sap.m.Input","viewName":"etm.portal.ui.manageyards.view.New","viewId":"application-manageyards-display-component---NewYard","bindingPath":{"path":"","propertyPath":"/DELIVERY_TYPE","modelName":"NewYardModel"},"interaction":{"idSuffix":"inner"}},"wdio_ui5_key":"etmportal.ui.manageyards.view.Newsap.m.Input{\"path\":\"\",\"propertyPath\":\"/DELIVERY_TYPE\",\"modelName\":\"NewYardModel\"}"}]}
RESULT: undefined
COMMAND: POST /session/1841494025458e3697387cb19f02ad73/execute/async - {"script":"<script> [776 bytes]","args":[{"enterText":"ZL01","selector":{"controlType":"sap.m.Input","viewName":"etm.portal.ui.manageyards.view.New","viewId":"application-manageyards-display-component---NewYard","bindingPath":{"path":"","propertyPath":"/DELIVERY_TYPE","modelName":"NewYardModel"},"interaction":{"idSuffix":"inner"}},"clearTextFirst":true,"interactionType":"ENTER_TEXT"}]}
RESULT: {"script":"<script> [776 bytes]","args":[{"enterText":"ZL01","selector":{"controlType":"sap.m.Input","viewName":"etm.portal.ui.manageyards.view.New","viewId":"application-manageyards-display-component---NewYard","bindingPath":{"path":"","propertyPath":"/DELIVERY_TYPE","modelName":"NewYardModel"},"interaction":{"idSuffix":"inner"}},"clearTextFirst":true,"interactionType":"ENTER_TEXT"}]}
COMMAND: POST /session/1841494025458e3697387cb19f02ad73/execute/async - {"script":"<script> [1562 bytes]","args":[{"selector":{"controlType":"sap.m.Input","viewName":"etm.portal.ui.manageyards.view.New","viewId":"application-manageyards-display-component---NewYard","bindingPath":{"path":"","propertyPath":"/AUART","modelName":"NewYardModel"},"interaction":{"idSuffix":"inner"}},"wdio_ui5_key":"etmportal.ui.manageyards.view.Newsap.m.Input{\"path\":\"\",\"propertyPath\":\"/AUART\",\"modelName\":\"NewYardModel\"}"}]}
RESULT: {"script":"<script> [1562 bytes]","args":[{"selector":{"controlType":"sap.m.Input","viewName":"etm.portal.ui.manageyards.view.New","viewId":"application-manageyards-display-component---NewYard","bindingPath":{"path":"","propertyPath":"/AUART","modelName":"NewYardModel"},"interaction":{"idSuffix":"inner"}},"wdio_ui5_key":"etmportal.ui.manageyards.view.Newsap.m.Input{\"path\":\"\",\"propertyPath\":\"/AUART\",\"modelName\":\"NewYardModel\"}"}]}
RESULT: undefined
COMMAND: POST /session/1841494025458e3697387cb19f02ad73/execute/async - {"script":"<script> [776 bytes]","args":[{"enterText":"TA","selector":{"controlType":"sap.m.Input","viewName":"etm.portal.ui.manageyards.view.New","viewId":"application-manageyards-display-component---NewYard","bindingPath":{"path":"","propertyPath":"/AUART","modelName":"NewYardModel"},"interaction":{"idSuffix":"inner"}},"clearTextFirst":true,"interactionType":"ENTER_TEXT"}]}
RESULT: {"script":"<script> [776 bytes]","args":[{"enterText":"TA","selector":{"controlType":"sap.m.Input","viewName":"etm.portal.ui.manageyards.view.New","viewId":"application-manageyards-display-component---NewYard","bindingPath":{"path":"","propertyPath":"/AUART","modelName":"NewYardModel"},"interaction":{"idSuffix":"inner"}},"clearTextFirst":true,"interactionType":"ENTER_TEXT"}]}
COMMAND: POST /session/1841494025458e3697387cb19f02ad73/element - {"using":"xpath","value":"//button[@data-kt=\"newYardSaveButton\"]"}
RESULT: {"using":"xpath","value":"//button[@data-kt=\"newYardSaveButton\"]"}
COMMAND: POST /session/1841494025458e3697387cb19f02ad73/element/f.4A5FBB56EC8D275E16A1B089E6612898.d.D65F315B5EABC81F07B78679DA5B25E5.e.713/click - {}
RESULT: {}
COMMAND: GET /session/1841494025458e3697387cb19f02ad73/screenshot - {}
RESULT: {}
COMMAND: POST /session/1841494025458e3697387cb19f02ad73/element - {"using":"xpath","value":"//header[contains(@id, 'ObjectPageLayout-headerTitle')]/div[1]/div[2]/div[1]/span[1]"}
RESULT: {"using":"xpath","value":"//header[contains(@id, 'ObjectPageLayout-headerTitle')]/div[1]/div[2]/div[1]/span[1]"}
COMMAND: POST /session/1841494025458e3697387cb19f02ad73/elements - {"using":"xpath","value":"//header[contains(@id, 'ObjectPageLayout-headerTitle')]/div[1]/div[2]/div[1]/span[1]"}
RESULT: {"using":"xpath","value":"//header[contains(@id, 'ObjectPageLayout-headerTitle')]/div[1]/div[2]/div[1]/span[1]"}
COMMAND: POST /session/1841494025458e3697387cb19f02ad73/execute/sync - {"script":"<script> [56 bytes]","args":[{"element-6066-11e4-a52e-4f735466cecf":"f.4A5FBB56EC8D275E16A1B089E6612898.d.D65F315B5EABC81F07B78679DA5B25E5.e.1012","ELEMENT":"f.4A5FBB56EC8D275E16A1B089E6612898.d.D65F315B5EABC81F07B78679DA5B25E5.e.1012"}]}
RESULT: {"script":"<script> [56 bytes]","args":[{"element-6066-11e4-a52e-4f735466cecf":"f.4A5FBB56EC8D275E16A1B089E6612898.d.D65F315B5EABC81F07B78679DA5B25E5.e.1012","ELEMENT":"f.4A5FBB56EC8D275E16A1B089E6612898.d.D65F315B5EABC81F07B78679DA5B25E5.e.1012"}]}
COMMAND: GET /session/1841494025458e3697387cb19f02ad73/screenshot - {}
COMMAND: POST /session/1841494025458e3697387cb19f02ad73/execute/sync - {"script":"<script> [56 bytes]","args":[{"element-6066-11e4-a52e-4f735466cecf":"f.4A5FBB56EC8D275E16A1B089E6612898.d.D65F315B5EABC81F07B78679DA5B25E5.e.1012","ELEMENT":"f.4A5FBB56EC8D275E16A1B089E6612898.d.D65F315B5EABC81F07B78679DA5B25E5.e.1012"}]}
RESULT: {}
RESULT: {"script":"<script> [56 bytes]","args":[{"element-6066-11e4-a52e-4f735466cecf":"f.4A5FBB56EC8D275E16A1B089E6612898.d.D65F315B5EABC81F07B78679DA5B25E5.e.1012","ELEMENT":"f.4A5FBB56EC8D275E16A1B089E6612898.d.D65F315B5EABC81F07B78679DA5B25E5.e.1012"}]}
COMMAND: GET /session/1841494025458e3697387cb19f02ad73/screenshot - {}
RESULT: {}
COMMAND: POST /session/1841494025458e3697387cb19f02ad73/element - {"using":"css selector","value":"#shell-header-logo"}
RESULT: {"using":"css selector","value":"#shell-header-logo"}
COMMAND: POST /session/1841494025458e3697387cb19f02ad73/element/f.4A5FBB56EC8D275E16A1B089E6612898.d.D65F315B5EABC81F07B78679DA5B25E5.e.262/click - {}
RESULT: {}
COMMAND: GET /session/1841494025458e3697387cb19f02ad73/screenshot - {}
RESULT: {}
COMMAND: POST /session/1841494025458e3697387cb19f02ad73/execute/sync - {"script":"<script> [299 bytes]","args":[["getModel","getResource"]]}
RESULT: {"script":"<script> [299 bytes]","args":[["getModel","getResource"]]}
]]></system-out>
    </testcase>
    <testcase classname="chrome.136_0_7103_49.windows.Partner_specific_tests_US150819_US151080_US151654_US151176_US103444_US151078_US151079_US151109_US151174_US151175_US151189" name="Should create new external partner US150819" time="106.222">
      <system-out><![CDATA[
COMMAND: GET /session/1841494025458e3697387cb19f02ad73/screenshot - {}
COMMAND: POST /session/1841494025458e3697387cb19f02ad73/element - {"using":"xpath","value":"//li[.//span[text()=\"Manage Partners\"]]"}
RESULT: {}
RESULT: {"using":"xpath","value":"//li[.//span[text()=\"Manage Partners\"]]"}
COMMAND: POST /session/1841494025458e3697387cb19f02ad73/element - {"using":"xpath","value":"//li[.//span[text()=\"Manage Partners\"]]"}
RESULT: {"using":"xpath","value":"//li[.//span[text()=\"Manage Partners\"]]"}
COMMAND: POST /session/1841494025458e3697387cb19f02ad73/element - {"using":"css selector","value":"#shell-header-logo"}
RESULT: {"using":"css selector","value":"#shell-header-logo"}
COMMAND: POST /session/1841494025458e3697387cb19f02ad73/element/f.4A5FBB56EC8D275E16A1B089E6612898.d.D65F315B5EABC81F07B78679DA5B25E5.e.1019/click - {}
COMMAND: POST /session/1841494025458e3697387cb19f02ad73/execute/sync - {"script":"<script> [8489 bytes]","args":[{"element-6066-11e4-a52e-4f735466cecf":"f.4A5FBB56EC8D275E16A1B089E6612898.d.D65F315B5EABC81F07B78679DA5B25E5.e.1019","ELEMENT":"f.4A5FBB56EC8D275E16A1B089E6612898.d.D65F315B5EABC81F07B78679DA5B25E5.e.1019"}]}
RESULT: {}
COMMAND: GET /session/1841494025458e3697387cb19f02ad73/screenshot - {}
RESULT: {"script":"<script> [8489 bytes]","args":[{"element-6066-11e4-a52e-4f735466cecf":"f.4A5FBB56EC8D275E16A1B089E6612898.d.D65F315B5EABC81F07B78679DA5B25E5.e.1019","ELEMENT":"f.4A5FBB56EC8D275E16A1B089E6612898.d.D65F315B5EABC81F07B78679DA5B25E5.e.1019"}]}
COMMAND: POST /session/1841494025458e3697387cb19f02ad73/execute/sync - {"script":"<script> [5351 bytes]","args":[{"element-6066-11e4-a52e-4f735466cecf":"f.4A5FBB56EC8D275E16A1B089E6612898.d.D65F315B5EABC81F07B78679DA5B25E5.e.1019","ELEMENT":"f.4A5FBB56EC8D275E16A1B089E6612898.d.D65F315B5EABC81F07B78679DA5B25E5.e.1019"}]}
COMMAND: GET /session/1841494025458e3697387cb19f02ad73/screenshot - {}
RESULT: {}
RESULT: {"script":"<script> [5351 bytes]","args":[{"element-6066-11e4-a52e-4f735466cecf":"f.4A5FBB56EC8D275E16A1B089E6612898.d.D65F315B5EABC81F07B78679DA5B25E5.e.1019","ELEMENT":"f.4A5FBB56EC8D275E16A1B089E6612898.d.D65F315B5EABC81F07B78679DA5B25E5.e.1019"}]}
COMMAND: GET /session/1841494025458e3697387cb19f02ad73/screenshot - {}
RESULT: {}
RESULT: {}
COMMAND: POST /session/1841494025458e3697387cb19f02ad73/window/fullscreen - {}
RESULT: {}
COMMAND: POST /session/1841494025458e3697387cb19f02ad73/execute/async - {"script":"<script> [1562 bytes]","args":[{"selector":{"controlType":"sap.m.GenericTile","properties":{"header":"Manage Partners"}},"wdio_ui5_key":"sapm.GenericTile{\"header\":\"Manage Partners\"}"}]}
RESULT: {"script":"<script> [1562 bytes]","args":[{"selector":{"controlType":"sap.m.GenericTile","properties":{"header":"Manage Partners"}},"wdio_ui5_key":"sapm.GenericTile{\"header\":\"Manage Partners\"}"}]}
RESULT: undefined
COMMAND: POST /session/1841494025458e3697387cb19f02ad73/element - {"using":"xpath","value":"//*[@id=\"__tile38\"]"}
RESULT: {"using":"xpath","value":"//*[@id=\"__tile38\"]"}
COMMAND: POST /session/1841494025458e3697387cb19f02ad73/element/f.4A5FBB56EC8D275E16A1B089E6612898.d.D65F315B5EABC81F07B78679DA5B25E5.e.150/click - {}
RESULT: {}
COMMAND: POST /session/1841494025458e3697387cb19f02ad73/element - {"using":"xpath","value":"//button[@data-kt=\"addButton\"]"}
COMMAND: GET /session/1841494025458e3697387cb19f02ad73/screenshot - {}
RESULT: {"using":"xpath","value":"//button[@data-kt=\"addButton\"]"}
COMMAND: POST /session/1841494025458e3697387cb19f02ad73/elements - {"using":"xpath","value":"//button[@data-kt=\"addButton\"]"}
RESULT: {}
RESULT: {"using":"xpath","value":"//button[@data-kt=\"addButton\"]"}
COMMAND: POST /session/1841494025458e3697387cb19f02ad73/elements - {"using":"xpath","value":"//button[@data-kt=\"addButton\"]"}
RESULT: {"using":"xpath","value":"//button[@data-kt=\"addButton\"]"}
COMMAND: POST /session/1841494025458e3697387cb19f02ad73/elements - {"using":"xpath","value":"//button[@data-kt=\"addButton\"]"}
RESULT: {"using":"xpath","value":"//button[@data-kt=\"addButton\"]"}
COMMAND: POST /session/1841494025458e3697387cb19f02ad73/elements - {"using":"xpath","value":"//button[@data-kt=\"addButton\"]"}
RESULT: {"using":"xpath","value":"//button[@data-kt=\"addButton\"]"}
COMMAND: POST /session/1841494025458e3697387cb19f02ad73/elements - {"using":"xpath","value":"//button[@data-kt=\"addButton\"]"}
RESULT: {"using":"xpath","value":"//button[@data-kt=\"addButton\"]"}
COMMAND: POST /session/1841494025458e3697387cb19f02ad73/elements - {"using":"xpath","value":"//button[@data-kt=\"addButton\"]"}
RESULT: {"using":"xpath","value":"//button[@data-kt=\"addButton\"]"}
COMMAND: POST /session/1841494025458e3697387cb19f02ad73/elements - {"using":"xpath","value":"//button[@data-kt=\"addButton\"]"}
RESULT: {"using":"xpath","value":"//button[@data-kt=\"addButton\"]"}
COMMAND: POST /session/1841494025458e3697387cb19f02ad73/elements - {"using":"xpath","value":"//button[@data-kt=\"addButton\"]"}
RESULT: {"using":"xpath","value":"//button[@data-kt=\"addButton\"]"}
COMMAND: POST /session/1841494025458e3697387cb19f02ad73/elements - {"using":"xpath","value":"//button[@data-kt=\"addButton\"]"}
RESULT: {"using":"xpath","value":"//button[@data-kt=\"addButton\"]"}
COMMAND: POST /session/1841494025458e3697387cb19f02ad73/elements - {"using":"xpath","value":"//button[@data-kt=\"addButton\"]"}
RESULT: {"using":"xpath","value":"//button[@data-kt=\"addButton\"]"}
COMMAND: POST /session/1841494025458e3697387cb19f02ad73/elements - {"using":"xpath","value":"//button[@data-kt=\"addButton\"]"}
RESULT: {"using":"xpath","value":"//button[@data-kt=\"addButton\"]"}
COMMAND: POST /session/1841494025458e3697387cb19f02ad73/elements - {"using":"xpath","value":"//button[@data-kt=\"addButton\"]"}
RESULT: {"using":"xpath","value":"//button[@data-kt=\"addButton\"]"}
COMMAND: POST /session/1841494025458e3697387cb19f02ad73/elements - {"using":"xpath","value":"//button[@data-kt=\"addButton\"]"}
RESULT: {"using":"xpath","value":"//button[@data-kt=\"addButton\"]"}
COMMAND: POST /session/1841494025458e3697387cb19f02ad73/elements - {"using":"xpath","value":"//button[@data-kt=\"addButton\"]"}
RESULT: {"using":"xpath","value":"//button[@data-kt=\"addButton\"]"}
COMMAND: POST /session/1841494025458e3697387cb19f02ad73/elements - {"using":"xpath","value":"//button[@data-kt=\"addButton\"]"}
RESULT: {"using":"xpath","value":"//button[@data-kt=\"addButton\"]"}
COMMAND: POST /session/1841494025458e3697387cb19f02ad73/elements - {"using":"xpath","value":"//button[@data-kt=\"addButton\"]"}
RESULT: {"using":"xpath","value":"//button[@data-kt=\"addButton\"]"}
COMMAND: POST /session/1841494025458e3697387cb19f02ad73/elements - {"using":"xpath","value":"//button[@data-kt=\"addButton\"]"}
RESULT: {"using":"xpath","value":"//button[@data-kt=\"addButton\"]"}
COMMAND: POST /session/1841494025458e3697387cb19f02ad73/elements - {"using":"xpath","value":"//button[@data-kt=\"addButton\"]"}
RESULT: {"using":"xpath","value":"//button[@data-kt=\"addButton\"]"}
COMMAND: POST /session/1841494025458e3697387cb19f02ad73/elements - {"using":"xpath","value":"//button[@data-kt=\"addButton\"]"}
RESULT: {"using":"xpath","value":"//button[@data-kt=\"addButton\"]"}
COMMAND: POST /session/1841494025458e3697387cb19f02ad73/elements - {"using":"xpath","value":"//button[@data-kt=\"addButton\"]"}
RESULT: {"using":"xpath","value":"//button[@data-kt=\"addButton\"]"}
COMMAND: POST /session/1841494025458e3697387cb19f02ad73/elements - {"using":"xpath","value":"//button[@data-kt=\"addButton\"]"}
RESULT: {"using":"xpath","value":"//button[@data-kt=\"addButton\"]"}
COMMAND: POST /session/1841494025458e3697387cb19f02ad73/elements - {"using":"xpath","value":"//button[@data-kt=\"addButton\"]"}
RESULT: {"using":"xpath","value":"//button[@data-kt=\"addButton\"]"}
COMMAND: POST /session/1841494025458e3697387cb19f02ad73/elements - {"using":"xpath","value":"//button[@data-kt=\"addButton\"]"}
RESULT: {"using":"xpath","value":"//button[@data-kt=\"addButton\"]"}
COMMAND: POST /session/1841494025458e3697387cb19f02ad73/elements - {"using":"xpath","value":"//button[@data-kt=\"addButton\"]"}
RESULT: {"using":"xpath","value":"//button[@data-kt=\"addButton\"]"}
COMMAND: POST /session/1841494025458e3697387cb19f02ad73/elements - {"using":"xpath","value":"//button[@data-kt=\"addButton\"]"}
RESULT: {"using":"xpath","value":"//button[@data-kt=\"addButton\"]"}
COMMAND: POST /session/1841494025458e3697387cb19f02ad73/elements - {"using":"xpath","value":"//button[@data-kt=\"addButton\"]"}
RESULT: {"using":"xpath","value":"//button[@data-kt=\"addButton\"]"}
COMMAND: POST /session/1841494025458e3697387cb19f02ad73/elements - {"using":"xpath","value":"//button[@data-kt=\"addButton\"]"}
RESULT: {"using":"xpath","value":"//button[@data-kt=\"addButton\"]"}
COMMAND: POST /session/1841494025458e3697387cb19f02ad73/elements - {"using":"xpath","value":"//button[@data-kt=\"addButton\"]"}
RESULT: {"using":"xpath","value":"//button[@data-kt=\"addButton\"]"}
COMMAND: POST /session/1841494025458e3697387cb19f02ad73/elements - {"using":"xpath","value":"//button[@data-kt=\"addButton\"]"}
RESULT: {"using":"xpath","value":"//button[@data-kt=\"addButton\"]"}
COMMAND: POST /session/1841494025458e3697387cb19f02ad73/elements - {"using":"xpath","value":"//button[@data-kt=\"addButton\"]"}
RESULT: {"using":"xpath","value":"//button[@data-kt=\"addButton\"]"}
COMMAND: POST /session/1841494025458e3697387cb19f02ad73/elements - {"using":"xpath","value":"//button[@data-kt=\"addButton\"]"}
RESULT: {"using":"xpath","value":"//button[@data-kt=\"addButton\"]"}
COMMAND: POST /session/1841494025458e3697387cb19f02ad73/elements - {"using":"xpath","value":"//button[@data-kt=\"addButton\"]"}
RESULT: {"using":"xpath","value":"//button[@data-kt=\"addButton\"]"}
COMMAND: POST /session/1841494025458e3697387cb19f02ad73/elements - {"using":"xpath","value":"//button[@data-kt=\"addButton\"]"}
RESULT: {"using":"xpath","value":"//button[@data-kt=\"addButton\"]"}
COMMAND: POST /session/1841494025458e3697387cb19f02ad73/elements - {"using":"xpath","value":"//button[@data-kt=\"addButton\"]"}
RESULT: {"using":"xpath","value":"//button[@data-kt=\"addButton\"]"}
COMMAND: POST /session/1841494025458e3697387cb19f02ad73/elements - {"using":"xpath","value":"//button[@data-kt=\"addButton\"]"}
RESULT: {"using":"xpath","value":"//button[@data-kt=\"addButton\"]"}
COMMAND: POST /session/1841494025458e3697387cb19f02ad73/elements - {"using":"xpath","value":"//button[@data-kt=\"addButton\"]"}
RESULT: {"using":"xpath","value":"//button[@data-kt=\"addButton\"]"}
COMMAND: POST /session/1841494025458e3697387cb19f02ad73/element - {"using":"xpath","value":"//button[@data-kt=\"addButton\"]"}
RESULT: {"using":"xpath","value":"//button[@data-kt=\"addButton\"]"}
COMMAND: POST /session/1841494025458e3697387cb19f02ad73/execute/sync - {"script":"<script> [8489 bytes]","args":[{"element-6066-11e4-a52e-4f735466cecf":"f.4A5FBB56EC8D275E16A1B089E6612898.d.D65F315B5EABC81F07B78679DA5B25E5.e.1065","ELEMENT":"f.4A5FBB56EC8D275E16A1B089E6612898.d.D65F315B5EABC81F07B78679DA5B25E5.e.1065"}]}
RESULT: {"script":"<script> [8489 bytes]","args":[{"element-6066-11e4-a52e-4f735466cecf":"f.4A5FBB56EC8D275E16A1B089E6612898.d.D65F315B5EABC81F07B78679DA5B25E5.e.1065","ELEMENT":"f.4A5FBB56EC8D275E16A1B089E6612898.d.D65F315B5EABC81F07B78679DA5B25E5.e.1065"}]}
COMMAND: GET /session/1841494025458e3697387cb19f02ad73/element/f.4A5FBB56EC8D275E16A1B089E6612898.d.D65F315B5EABC81F07B78679DA5B25E5.e.1065/enabled - {}
COMMAND: GET /session/1841494025458e3697387cb19f02ad73/screenshot - {}
RESULT: {}
COMMAND: POST /session/1841494025458e3697387cb19f02ad73/execute/sync - {"script":"<script> [8489 bytes]","args":[{"element-6066-11e4-a52e-4f735466cecf":"f.4A5FBB56EC8D275E16A1B089E6612898.d.D65F315B5EABC81F07B78679DA5B25E5.e.1065","ELEMENT":"f.4A5FBB56EC8D275E16A1B089E6612898.d.D65F315B5EABC81F07B78679DA5B25E5.e.1065"}]}
COMMAND: GET /session/1841494025458e3697387cb19f02ad73/screenshot - {}
RESULT: {}
RESULT: {"script":"<script> [8489 bytes]","args":[{"element-6066-11e4-a52e-4f735466cecf":"f.4A5FBB56EC8D275E16A1B089E6612898.d.D65F315B5EABC81F07B78679DA5B25E5.e.1065","ELEMENT":"f.4A5FBB56EC8D275E16A1B089E6612898.d.D65F315B5EABC81F07B78679DA5B25E5.e.1065"}]}
COMMAND: POST /session/1841494025458e3697387cb19f02ad73/execute/sync - {"script":"<script> [5351 bytes]","args":[{"element-6066-11e4-a52e-4f735466cecf":"f.4A5FBB56EC8D275E16A1B089E6612898.d.D65F315B5EABC81F07B78679DA5B25E5.e.1065","ELEMENT":"f.4A5FBB56EC8D275E16A1B089E6612898.d.D65F315B5EABC81F07B78679DA5B25E5.e.1065"}]}
COMMAND: GET /session/1841494025458e3697387cb19f02ad73/screenshot - {}
RESULT: {}
RESULT: {"script":"<script> [5351 bytes]","args":[{"element-6066-11e4-a52e-4f735466cecf":"f.4A5FBB56EC8D275E16A1B089E6612898.d.D65F315B5EABC81F07B78679DA5B25E5.e.1065","ELEMENT":"f.4A5FBB56EC8D275E16A1B089E6612898.d.D65F315B5EABC81F07B78679DA5B25E5.e.1065"}]}
COMMAND: POST /session/1841494025458e3697387cb19f02ad73/element/f.4A5FBB56EC8D275E16A1B089E6612898.d.D65F315B5EABC81F07B78679DA5B25E5.e.1065/click - {}
COMMAND: GET /session/1841494025458e3697387cb19f02ad73/screenshot - {}
RESULT: {}
RESULT: {}
COMMAND: GET /session/1841494025458e3697387cb19f02ad73/screenshot - {}
COMMAND: POST /session/1841494025458e3697387cb19f02ad73/execute/async - {"script":"<script> [1562 bytes]","args":[{"selector":{"id":"application-managepartners-display-component---NewPartner--addressDetailDetailsName1","interaction":{"idSuffix":"inner"}},"wdio_ui5_key":"applicationmanagepartners-display-component---NewPartner--addressDetailDetailsName1"}]}
RESULT: {}
RESULT: {}
RESULT: {"script":"<script> [1562 bytes]","args":[{"selector":{"id":"application-managepartners-display-component---NewPartner--addressDetailDetailsName1","interaction":{"idSuffix":"inner"}},"wdio_ui5_key":"applicationmanagepartners-display-component---NewPartner--addressDetailDetailsName1"}]}
RESULT: undefined
COMMAND: POST /session/1841494025458e3697387cb19f02ad73/execute/async - {"script":"<script> [776 bytes]","args":[{"enterText":"External Partner WDIO","selector":{"id":"application-managepartners-display-component---NewPartner--addressDetailDetailsName1","interaction":{"idSuffix":"inner"}},"clearTextFirst":true,"interactionType":"ENTER_TEXT"}]}
RESULT: {"script":"<script> [776 bytes]","args":[{"enterText":"External Partner WDIO","selector":{"id":"application-managepartners-display-component---NewPartner--addressDetailDetailsName1","interaction":{"idSuffix":"inner"}},"clearTextFirst":true,"interactionType":"ENTER_TEXT"}]}
COMMAND: POST /session/1841494025458e3697387cb19f02ad73/execute/async - {"script":"<script> [1562 bytes]","args":[{"selector":{"id":"application-managepartners-display-component---NewPartner--addressDetailDetailsLanguage-arrow"},"wdio_ui5_key":"applicationmanagepartners-display-component---NewPartner--addressDetailDetailsLanguage-arrow"}]}
RESULT: {"script":"<script> [1562 bytes]","args":[{"selector":{"id":"application-managepartners-display-component---NewPartner--addressDetailDetailsLanguage-arrow"},"wdio_ui5_key":"applicationmanagepartners-display-component---NewPartner--addressDetailDetailsLanguage-arrow"}]}
RESULT: undefined
COMMAND: POST /session/1841494025458e3697387cb19f02ad73/element - {"using":"xpath","value":"//*[@id=\"application-managepartners-display-component---NewPartner--addressDetailDetailsLanguage-arrow\"]"}
RESULT: {"using":"xpath","value":"//*[@id=\"application-managepartners-display-component---NewPartner--addressDetailDetailsLanguage-arrow\"]"}
COMMAND: POST /session/1841494025458e3697387cb19f02ad73/element/f.4A5FBB56EC8D275E16A1B089E6612898.d.D65F315B5EABC81F07B78679DA5B25E5.e.1503/click - {}
RESULT: {}
COMMAND: POST /session/1841494025458e3697387cb19f02ad73/element - {"using":"xpath","value":"//span[contains(text(), \"English\")]"}
COMMAND: GET /session/1841494025458e3697387cb19f02ad73/screenshot - {}
RESULT: {"using":"xpath","value":"//span[contains(text(), \"English\")]"}
COMMAND: POST /session/1841494025458e3697387cb19f02ad73/element/f.4A5FBB56EC8D275E16A1B089E6612898.d.D65F315B5EABC81F07B78679DA5B25E5.e.1504/click - {}
RESULT: {}
RESULT: {}
COMMAND: GET /session/1841494025458e3697387cb19f02ad73/screenshot - {}
RESULT: {}
COMMAND: POST /session/1841494025458e3697387cb19f02ad73/execute/async - {"script":"<script> [1562 bytes]","args":[{"selector":{"id":"application-managepartners-display-component---NewPartner--addressDetailDetailsCity1","interaction":{"idSuffix":"inner"}},"wdio_ui5_key":"applicationmanagepartners-display-component---NewPartner--addressDetailDetailsCity1"}]}
RESULT: {"script":"<script> [1562 bytes]","args":[{"selector":{"id":"application-managepartners-display-component---NewPartner--addressDetailDetailsCity1","interaction":{"idSuffix":"inner"}},"wdio_ui5_key":"applicationmanagepartners-display-component---NewPartner--addressDetailDetailsCity1"}]}
RESULT: undefined
COMMAND: POST /session/1841494025458e3697387cb19f02ad73/execute/async - {"script":"<script> [776 bytes]","args":[{"enterText":"Rosario","selector":{"id":"application-managepartners-display-component---NewPartner--addressDetailDetailsCity1","interaction":{"idSuffix":"inner"}},"clearTextFirst":true,"interactionType":"ENTER_TEXT"}]}
RESULT: {"script":"<script> [776 bytes]","args":[{"enterText":"Rosario","selector":{"id":"application-managepartners-display-component---NewPartner--addressDetailDetailsCity1","interaction":{"idSuffix":"inner"}},"clearTextFirst":true,"interactionType":"ENTER_TEXT"}]}
COMMAND: POST /session/1841494025458e3697387cb19f02ad73/execute/async - {"script":"<script> [1562 bytes]","args":[{"selector":{"id":"application-managepartners-display-component---NewPartner--addressDetailDetailsCountry-arrow"},"wdio_ui5_key":"applicationmanagepartners-display-component---NewPartner--addressDetailDetailsCountry-arrow"}]}
RESULT: {"script":"<script> [1562 bytes]","args":[{"selector":{"id":"application-managepartners-display-component---NewPartner--addressDetailDetailsCountry-arrow"},"wdio_ui5_key":"applicationmanagepartners-display-component---NewPartner--addressDetailDetailsCountry-arrow"}]}
RESULT: undefined
COMMAND: POST /session/1841494025458e3697387cb19f02ad73/element - {"using":"xpath","value":"//*[@id=\"application-managepartners-display-component---NewPartner--addressDetailDetailsCountry-arrow\"]"}
RESULT: {"using":"xpath","value":"//*[@id=\"application-managepartners-display-component---NewPartner--addressDetailDetailsCountry-arrow\"]"}
COMMAND: POST /session/1841494025458e3697387cb19f02ad73/element/f.4A5FBB56EC8D275E16A1B089E6612898.d.D65F315B5EABC81F07B78679DA5B25E5.e.1489/click - {}
RESULT: {}
COMMAND: POST /session/1841494025458e3697387cb19f02ad73/element - {"using":"xpath","value":"//span[contains(text(), \"Argentina\")]"}
COMMAND: GET /session/1841494025458e3697387cb19f02ad73/screenshot - {}
RESULT: {"using":"xpath","value":"//span[contains(text(), \"Argentina\")]"}
COMMAND: POST /session/1841494025458e3697387cb19f02ad73/element/f.4A5FBB56EC8D275E16A1B089E6612898.d.D65F315B5EABC81F07B78679DA5B25E5.e.1506/click - {}
RESULT: {}
RESULT: {}
COMMAND: GET /session/1841494025458e3697387cb19f02ad73/screenshot - {}
RESULT: {}
COMMAND: POST /session/1841494025458e3697387cb19f02ad73/element - {"using":"xpath","value":"//bdi[contains(text(), \"Commercial\")]"}
RESULT: {"using":"xpath","value":"//bdi[contains(text(), \"Commercial\")]"}
COMMAND: POST /session/1841494025458e3697387cb19f02ad73/element/f.4A5FBB56EC8D275E16A1B089E6612898.d.D65F315B5EABC81F07B78679DA5B25E5.e.1507/click - {}
RESULT: {}
COMMAND: GET /session/1841494025458e3697387cb19f02ad73/screenshot - {}
RESULT: {}
COMMAND: POST /session/1841494025458e3697387cb19f02ad73/execute/async - {"script":"<script> [1562 bytes]","args":[{"selector":{"id":"application-managepartners-display-component---NewPartner--partnerDetailInternal-arrow"},"wdio_ui5_key":"applicationmanagepartners-display-component---NewPartner--partnerDetailInternal-arrow"}]}
RESULT: {"script":"<script> [1562 bytes]","args":[{"selector":{"id":"application-managepartners-display-component---NewPartner--partnerDetailInternal-arrow"},"wdio_ui5_key":"applicationmanagepartners-display-component---NewPartner--partnerDetailInternal-arrow"}]}
RESULT: undefined
COMMAND: POST /session/1841494025458e3697387cb19f02ad73/element - {"using":"xpath","value":"//*[@id=\"application-managepartners-display-component---NewPartner--partnerDetailInternal-arrow\"]"}
RESULT: {"using":"xpath","value":"//*[@id=\"application-managepartners-display-component---NewPartner--partnerDetailInternal-arrow\"]"}
COMMAND: POST /session/1841494025458e3697387cb19f02ad73/element/f.4A5FBB56EC8D275E16A1B089E6612898.d.D65F315B5EABC81F07B78679DA5B25E5.e.1515/click - {}
RESULT: {}
COMMAND: POST /session/1841494025458e3697387cb19f02ad73/element - {"using":"xpath","value":"//span[contains(text(), \"External partner\")]"}
COMMAND: GET /session/1841494025458e3697387cb19f02ad73/screenshot - {}
RESULT: {"using":"xpath","value":"//span[contains(text(), \"External partner\")]"}
COMMAND: POST /session/1841494025458e3697387cb19f02ad73/element/f.4A5FBB56EC8D275E16A1B089E6612898.d.D65F315B5EABC81F07B78679DA5B25E5.e.1516/click - {}
RESULT: {}
RESULT: {}
COMMAND: POST /session/1841494025458e3697387cb19f02ad73/execute/async - {"script":"<script> [1562 bytes]","args":[{"selector":{"id":"application-managepartners-display-component---NewPartner--partnerDetailsCurrency-arrow"},"wdio_ui5_key":"applicationmanagepartners-display-component---NewPartner--partnerDetailsCurrency-arrow"}]}
COMMAND: GET /session/1841494025458e3697387cb19f02ad73/screenshot - {}
RESULT: {"script":"<script> [1562 bytes]","args":[{"selector":{"id":"application-managepartners-display-component---NewPartner--partnerDetailsCurrency-arrow"},"wdio_ui5_key":"applicationmanagepartners-display-component---NewPartner--partnerDetailsCurrency-arrow"}]}
RESULT: undefined
COMMAND: POST /session/1841494025458e3697387cb19f02ad73/element - {"using":"xpath","value":"//*[@id=\"application-managepartners-display-component---NewPartner--partnerDetailsCurrency-arrow\"]"}
RESULT: {}
RESULT: {"using":"xpath","value":"//*[@id=\"application-managepartners-display-component---NewPartner--partnerDetailsCurrency-arrow\"]"}
COMMAND: POST /session/1841494025458e3697387cb19f02ad73/element/f.4A5FBB56EC8D275E16A1B089E6612898.d.D65F315B5EABC81F07B78679DA5B25E5.e.1521/click - {}
RESULT: {}
COMMAND: POST /session/1841494025458e3697387cb19f02ad73/element - {"using":"xpath","value":"//span[contains(text(), \"US Dollar\")]"}
COMMAND: GET /session/1841494025458e3697387cb19f02ad73/screenshot - {}
RESULT: {"using":"xpath","value":"//span[contains(text(), \"US Dollar\")]"}
COMMAND: POST /session/1841494025458e3697387cb19f02ad73/element/f.4A5FBB56EC8D275E16A1B089E6612898.d.D65F315B5EABC81F07B78679DA5B25E5.e.1522/click - {}
RESULT: {}
RESULT: {}
COMMAND: GET /session/1841494025458e3697387cb19f02ad73/screenshot - {}
RESULT: {}
COMMAND: POST /session/1841494025458e3697387cb19f02ad73/element - {"using":"xpath","value":"//input[@id=\"application-managepartners-display-component---NewPartner--companyCodeComboBox-inner\"]"}
RESULT: {"using":"xpath","value":"//input[@id=\"application-managepartners-display-component---NewPartner--companyCodeComboBox-inner\"]"}
COMMAND: POST /session/1841494025458e3697387cb19f02ad73/element/f.4A5FBB56EC8D275E16A1B089E6612898.d.D65F315B5EABC81F07B78679DA5B25E5.e.1369/clear - {}
RESULT: {}
COMMAND: POST /session/1841494025458e3697387cb19f02ad73/element/f.4A5FBB56EC8D275E16A1B089E6612898.d.D65F315B5EABC81F07B78679DA5B25E5.e.1369/value - {"text":"C002"}
COMMAND: GET /session/1841494025458e3697387cb19f02ad73/screenshot - {}
RESULT: {"text":"C002"}
COMMAND: GET /session/1841494025458e3697387cb19f02ad73/screenshot - {}
RESULT: {}
RESULT: {}
COMMAND: POST /session/1841494025458e3697387cb19f02ad73/element - {"using":"xpath","value":"//li[.//span[text()= \"C002\"]]"}
RESULT: {"using":"xpath","value":"//li[.//span[text()= \"C002\"]]"}
COMMAND: POST /session/1841494025458e3697387cb19f02ad73/element/f.4A5FBB56EC8D275E16A1B089E6612898.d.D65F315B5EABC81F07B78679DA5B25E5.e.1526/click - {}
RESULT: {}
COMMAND: GET /session/1841494025458e3697387cb19f02ad73/screenshot - {}
RESULT: {}
COMMAND: POST /session/1841494025458e3697387cb19f02ad73/execute/async - {"script":"<script> [1562 bytes]","args":[{"selector":{"id":"application-managepartners-display-component---NewPartner--btnAddTableRow-img"},"wdio_ui5_key":"applicationmanagepartners-display-component---NewPartner--btnAddTableRow-img"}]}
RESULT: {"script":"<script> [1562 bytes]","args":[{"selector":{"id":"application-managepartners-display-component---NewPartner--btnAddTableRow-img"},"wdio_ui5_key":"applicationmanagepartners-display-component---NewPartner--btnAddTableRow-img"}]}
RESULT: undefined
COMMAND: POST /session/1841494025458e3697387cb19f02ad73/element - {"using":"xpath","value":"//*[@id=\"application-managepartners-display-component---NewPartner--btnAddTableRow-img\"]"}
RESULT: {"using":"xpath","value":"//*[@id=\"application-managepartners-display-component---NewPartner--btnAddTableRow-img\"]"}
COMMAND: POST /session/1841494025458e3697387cb19f02ad73/element/f.4A5FBB56EC8D275E16A1B089E6612898.d.D65F315B5EABC81F07B78679DA5B25E5.e.1527/click - {}
RESULT: {}
COMMAND: GET /session/1841494025458e3697387cb19f02ad73/screenshot - {}
RESULT: {}
COMMAND: POST /session/1841494025458e3697387cb19f02ad73/element - {"using":"xpath","value":"//input[@id=\"application-managepartners-display-component---NewPartner--assignmentYard-application-managepartners-display-component---NewPartner--assignmentsTable-0-inner\"]"}
RESULT: {"using":"xpath","value":"//input[@id=\"application-managepartners-display-component---NewPartner--assignmentYard-application-managepartners-display-component---NewPartner--assignmentsTable-0-inner\"]"}
COMMAND: POST /session/1841494025458e3697387cb19f02ad73/element/f.4A5FBB56EC8D275E16A1B089E6612898.d.D65F315B5EABC81F07B78679DA5B25E5.e.1530/clear - {}
RESULT: {}
COMMAND: POST /session/1841494025458e3697387cb19f02ad73/element/f.4A5FBB56EC8D275E16A1B089E6612898.d.D65F315B5EABC81F07B78679DA5B25E5.e.1530/value - {"text":"670"}
COMMAND: GET /session/1841494025458e3697387cb19f02ad73/screenshot - {}
RESULT: {"text":"670"}
COMMAND: GET /session/1841494025458e3697387cb19f02ad73/screenshot - {}
RESULT: {}
RESULT: {}
COMMAND: POST /session/1841494025458e3697387cb19f02ad73/element - {"using":"xpath","value":"//li[.//span[text()='670']]"}
RESULT: {"using":"xpath","value":"//li[.//span[text()='670']]"}
COMMAND: POST /session/1841494025458e3697387cb19f02ad73/element/f.4A5FBB56EC8D275E16A1B089E6612898.d.D65F315B5EABC81F07B78679DA5B25E5.e.1538/click - {}
RESULT: {}
COMMAND: GET /session/1841494025458e3697387cb19f02ad73/screenshot - {}
RESULT: {}
COMMAND: POST /session/1841494025458e3697387cb19f02ad73/actions - {"actions":[{"id":"action2","type":"key","parameters":{},"actions":[{"type":"keyDown","value":"î€‡"},{"type":"pause","duration":10},{"type":"keyUp","value":"î€‡"}]}]}
RESULT: {"actions":[{"id":"action2","type":"key","parameters":{},"actions":[{"type":"keyDown","value":"î€‡"},{"type":"pause","duration":10},{"type":"keyUp","value":"î€‡"}]}]}
COMMAND: POST /session/1841494025458e3697387cb19f02ad73/element - {"using":"xpath","value":"//td[contains(@id, \"assignmentsTable-0-cell2\")]/div/div"}
COMMAND: GET /session/1841494025458e3697387cb19f02ad73/screenshot - {}
RESULT: {"using":"xpath","value":"//td[contains(@id, \"assignmentsTable-0-cell2\")]/div/div"}
COMMAND: POST /session/1841494025458e3697387cb19f02ad73/element/f.4A5FBB56EC8D275E16A1B089E6612898.d.D65F315B5EABC81F07B78679DA5B25E5.e.1541/click - {}
RESULT: {}
RESULT: {}
COMMAND: GET /session/1841494025458e3697387cb19f02ad73/screenshot - {}
RESULT: {}
COMMAND: POST /session/1841494025458e3697387cb19f02ad73/element - {"using":"xpath","value":"//button[@data-kt=\"saveButton\"]"}
RESULT: {"using":"xpath","value":"//button[@data-kt=\"saveButton\"]"}
COMMAND: POST /session/1841494025458e3697387cb19f02ad73/element/f.4A5FBB56EC8D275E16A1B089E6612898.d.D65F315B5EABC81F07B78679DA5B25E5.e.1414/click - {}
RESULT: {}
COMMAND: GET /session/1841494025458e3697387cb19f02ad73/screenshot - {}
RESULT: {}
COMMAND: POST /session/1841494025458e3697387cb19f02ad73/element - {"using":"xpath","value":"//header[contains(@id, 'ObjectPageLayout-headerTitle')]/div[1]/div[2]/div[2]/span[1]"}
RESULT: {"using":"xpath","value":"//header[contains(@id, 'ObjectPageLayout-headerTitle')]/div[1]/div[2]/div[2]/span[1]"}
COMMAND: POST /session/1841494025458e3697387cb19f02ad73/elements - {"using":"xpath","value":"//header[contains(@id, 'ObjectPageLayout-headerTitle')]/div[1]/div[2]/div[2]/span[1]"}
RESULT: {"using":"xpath","value":"//header[contains(@id, 'ObjectPageLayout-headerTitle')]/div[1]/div[2]/div[2]/span[1]"}
COMMAND: POST /session/1841494025458e3697387cb19f02ad73/execute/sync - {"script":"<script> [56 bytes]","args":[{"element-6066-11e4-a52e-4f735466cecf":"f.4A5FBB56EC8D275E16A1B089E6612898.d.D65F315B5EABC81F07B78679DA5B25E5.e.1705","ELEMENT":"f.4A5FBB56EC8D275E16A1B089E6612898.d.D65F315B5EABC81F07B78679DA5B25E5.e.1705"}]}
RESULT: {"script":"<script> [56 bytes]","args":[{"element-6066-11e4-a52e-4f735466cecf":"f.4A5FBB56EC8D275E16A1B089E6612898.d.D65F315B5EABC81F07B78679DA5B25E5.e.1705","ELEMENT":"f.4A5FBB56EC8D275E16A1B089E6612898.d.D65F315B5EABC81F07B78679DA5B25E5.e.1705"}]}
COMMAND: POST /session/1841494025458e3697387cb19f02ad73/element - {"using":"css selector","value":"#shell-header-logo"}
COMMAND: GET /session/1841494025458e3697387cb19f02ad73/screenshot - {}
RESULT: {"using":"css selector","value":"#shell-header-logo"}
COMMAND: POST /session/1841494025458e3697387cb19f02ad73/element/f.4A5FBB56EC8D275E16A1B089E6612898.d.D65F315B5EABC81F07B78679DA5B25E5.e.1019/click - {}
RESULT: {}
RESULT: {}
COMMAND: GET /session/1841494025458e3697387cb19f02ad73/screenshot - {}
RESULT: {}
COMMAND: POST /session/1841494025458e3697387cb19f02ad73/execute/sync - {"script":"<script> [299 bytes]","args":[["getModel","getResource"]]}
RESULT: {"script":"<script> [299 bytes]","args":[["getModel","getResource"]]}
]]></system-out>
    </testcase>
    <testcase classname="chrome.136_0_7103_49.windows.Partner_specific_tests_US150819_US151080_US151654_US151176_US103444_US151078_US151079_US151109_US151174_US151175_US151189" name="Should filter and search partners US151080" time="97.858">
      <system-out><![CDATA[
COMMAND: POST /session/1841494025458e3697387cb19f02ad73/element - {"using":"xpath","value":"//li[.//span[text()=\"Manage Partners\"]]"}
COMMAND: GET /session/1841494025458e3697387cb19f02ad73/screenshot - {}
RESULT: {"using":"xpath","value":"//li[.//span[text()=\"Manage Partners\"]]"}
COMMAND: POST /session/1841494025458e3697387cb19f02ad73/element - {"using":"xpath","value":"//li[.//span[text()=\"Manage Partners\"]]"}
RESULT: {}
RESULT: {"using":"xpath","value":"//li[.//span[text()=\"Manage Partners\"]]"}
COMMAND: POST /session/1841494025458e3697387cb19f02ad73/element - {"using":"css selector","value":"#shell-header-logo"}
RESULT: {"using":"css selector","value":"#shell-header-logo"}
COMMAND: POST /session/1841494025458e3697387cb19f02ad73/element/f.4A5FBB56EC8D275E16A1B089E6612898.d.D65F315B5EABC81F07B78679DA5B25E5.e.1707/click - {}
COMMAND: POST /session/1841494025458e3697387cb19f02ad73/execute/sync - {"script":"<script> [8489 bytes]","args":[{"element-6066-11e4-a52e-4f735466cecf":"f.4A5FBB56EC8D275E16A1B089E6612898.d.D65F315B5EABC81F07B78679DA5B25E5.e.1707","ELEMENT":"f.4A5FBB56EC8D275E16A1B089E6612898.d.D65F315B5EABC81F07B78679DA5B25E5.e.1707"}]}
RESULT: {"script":"<script> [8489 bytes]","args":[{"element-6066-11e4-a52e-4f735466cecf":"f.4A5FBB56EC8D275E16A1B089E6612898.d.D65F315B5EABC81F07B78679DA5B25E5.e.1707","ELEMENT":"f.4A5FBB56EC8D275E16A1B089E6612898.d.D65F315B5EABC81F07B78679DA5B25E5.e.1707"}]}
COMMAND: POST /session/1841494025458e3697387cb19f02ad73/execute/sync - {"script":"<script> [5351 bytes]","args":[{"element-6066-11e4-a52e-4f735466cecf":"f.4A5FBB56EC8D275E16A1B089E6612898.d.D65F315B5EABC81F07B78679DA5B25E5.e.1707","ELEMENT":"f.4A5FBB56EC8D275E16A1B089E6612898.d.D65F315B5EABC81F07B78679DA5B25E5.e.1707"}]}
COMMAND: GET /session/1841494025458e3697387cb19f02ad73/screenshot - {}
RESULT: {}
COMMAND: GET /session/1841494025458e3697387cb19f02ad73/screenshot - {}
RESULT: {"script":"<script> [5351 bytes]","args":[{"element-6066-11e4-a52e-4f735466cecf":"f.4A5FBB56EC8D275E16A1B089E6612898.d.D65F315B5EABC81F07B78679DA5B25E5.e.1707","ELEMENT":"f.4A5FBB56EC8D275E16A1B089E6612898.d.D65F315B5EABC81F07B78679DA5B25E5.e.1707"}]}
COMMAND: GET /session/1841494025458e3697387cb19f02ad73/screenshot - {}
RESULT: {}
RESULT: {}
RESULT: {}
RESULT: undefined
COMMAND: POST /session/1841494025458e3697387cb19f02ad73/element - {"using":"xpath","value":"//*[@id=\"__tile38\"]"}
RESULT: {"using":"xpath","value":"//*[@id=\"__tile38\"]"}
COMMAND: POST /session/1841494025458e3697387cb19f02ad73/element/f.4A5FBB56EC8D275E16A1B089E6612898.d.D65F315B5EABC81F07B78679DA5B25E5.e.150/click - {}
RESULT: {}
COMMAND: POST /session/1841494025458e3697387cb19f02ad73/element - {"using":"xpath","value":"//button[@data-kt=\"addButton\"]"}
COMMAND: GET /session/1841494025458e3697387cb19f02ad73/screenshot - {}
RESULT: {}
RESULT: {"using":"xpath","value":"//button[@data-kt=\"addButton\"]"}
COMMAND: POST /session/1841494025458e3697387cb19f02ad73/elements - {"using":"xpath","value":"//button[@data-kt=\"addButton\"]"}
RESULT: {"using":"xpath","value":"//button[@data-kt=\"addButton\"]"}
COMMAND: POST /session/1841494025458e3697387cb19f02ad73/elements - {"using":"xpath","value":"//button[@data-kt=\"addButton\"]"}
RESULT: {"using":"xpath","value":"//button[@data-kt=\"addButton\"]"}
COMMAND: POST /session/1841494025458e3697387cb19f02ad73/elements - {"using":"xpath","value":"//button[@data-kt=\"addButton\"]"}
RESULT: {"using":"xpath","value":"//button[@data-kt=\"addButton\"]"}
COMMAND: POST /session/1841494025458e3697387cb19f02ad73/elements - {"using":"xpath","value":"//button[@data-kt=\"addButton\"]"}
RESULT: {"using":"xpath","value":"//button[@data-kt=\"addButton\"]"}
COMMAND: POST /session/1841494025458e3697387cb19f02ad73/element - {"using":"xpath","value":"//button[@data-kt=\"addButton\"]"}
RESULT: {"using":"xpath","value":"//button[@data-kt=\"addButton\"]"}
COMMAND: POST /session/1841494025458e3697387cb19f02ad73/execute/sync - {"script":"<script> [8489 bytes]","args":[{"element-6066-11e4-a52e-4f735466cecf":"f.4A5FBB56EC8D275E16A1B089E6612898.d.D65F315B5EABC81F07B78679DA5B25E5.e.1742","ELEMENT":"f.4A5FBB56EC8D275E16A1B089E6612898.d.D65F315B5EABC81F07B78679DA5B25E5.e.1742"}]}
RESULT: {"script":"<script> [8489 bytes]","args":[{"element-6066-11e4-a52e-4f735466cecf":"f.4A5FBB56EC8D275E16A1B089E6612898.d.D65F315B5EABC81F07B78679DA5B25E5.e.1742","ELEMENT":"f.4A5FBB56EC8D275E16A1B089E6612898.d.D65F315B5EABC81F07B78679DA5B25E5.e.1742"}]}
COMMAND: GET /session/1841494025458e3697387cb19f02ad73/element/f.4A5FBB56EC8D275E16A1B089E6612898.d.D65F315B5EABC81F07B78679DA5B25E5.e.1742/enabled - {}
COMMAND: GET /session/1841494025458e3697387cb19f02ad73/screenshot - {}
RESULT: {}
COMMAND: POST /session/1841494025458e3697387cb19f02ad73/execute/sync - {"script":"<script> [8489 bytes]","args":[{"element-6066-11e4-a52e-4f735466cecf":"f.4A5FBB56EC8D275E16A1B089E6612898.d.D65F315B5EABC81F07B78679DA5B25E5.e.1742","ELEMENT":"f.4A5FBB56EC8D275E16A1B089E6612898.d.D65F315B5EABC81F07B78679DA5B25E5.e.1742"}]}
COMMAND: GET /session/1841494025458e3697387cb19f02ad73/screenshot - {}
RESULT: {}
RESULT: {"script":"<script> [8489 bytes]","args":[{"element-6066-11e4-a52e-4f735466cecf":"f.4A5FBB56EC8D275E16A1B089E6612898.d.D65F315B5EABC81F07B78679DA5B25E5.e.1742","ELEMENT":"f.4A5FBB56EC8D275E16A1B089E6612898.d.D65F315B5EABC81F07B78679DA5B25E5.e.1742"}]}
COMMAND: POST /session/1841494025458e3697387cb19f02ad73/execute/sync - {"script":"<script> [5351 bytes]","args":[{"element-6066-11e4-a52e-4f735466cecf":"f.4A5FBB56EC8D275E16A1B089E6612898.d.D65F315B5EABC81F07B78679DA5B25E5.e.1742","ELEMENT":"f.4A5FBB56EC8D275E16A1B089E6612898.d.D65F315B5EABC81F07B78679DA5B25E5.e.1742"}]}
COMMAND: GET /session/1841494025458e3697387cb19f02ad73/screenshot - {}
RESULT: {}
RESULT: {"script":"<script> [5351 bytes]","args":[{"element-6066-11e4-a52e-4f735466cecf":"f.4A5FBB56EC8D275E16A1B089E6612898.d.D65F315B5EABC81F07B78679DA5B25E5.e.1742","ELEMENT":"f.4A5FBB56EC8D275E16A1B089E6612898.d.D65F315B5EABC81F07B78679DA5B25E5.e.1742"}]}
COMMAND: GET /session/1841494025458e3697387cb19f02ad73/screenshot - {}
RESULT: {}
RESULT: {}
COMMAND: POST /session/1841494025458e3697387cb19f02ad73/execute/async - {"script":"<script> [1562 bytes]","args":[{"selector":{"id":"application-managepartners-display-component---masterPtm--smartTable-btnPersonalisation-img"},"wdio_ui5_key":"applicationmanagepartners-display-component---masterPtm--smartTable-btnPersonalisation-img"}]}
RESULT: {"script":"<script> [1562 bytes]","args":[{"selector":{"id":"application-managepartners-display-component---masterPtm--smartTable-btnPersonalisation-img"},"wdio_ui5_key":"applicationmanagepartners-display-component---masterPtm--smartTable-btnPersonalisation-img"}]}
RESULT: undefined
COMMAND: POST /session/1841494025458e3697387cb19f02ad73/element - {"using":"xpath","value":"//*[@id=\"application-managepartners-display-component---masterPtm--smartTable-btnPersonalisation-img\"]"}
RESULT: {"using":"xpath","value":"//*[@id=\"application-managepartners-display-component---masterPtm--smartTable-btnPersonalisation-img\"]"}
COMMAND: POST /session/1841494025458e3697387cb19f02ad73/element/f.4A5FBB56EC8D275E16A1B089E6612898.d.D65F315B5EABC81F07B78679DA5B25E5.e.1758/click - {}
RESULT: {}
COMMAND: GET /session/1841494025458e3697387cb19f02ad73/screenshot - {}
RESULT: {}
COMMAND: POST /session/1841494025458e3697387cb19f02ad73/execute/async - {"script":"<script> [1562 bytes]","args":[{"selector":{"controlType":"sap.m.IconTabFilter","viewName":"etm.portal.ui.managepartners.view.Master","viewId":"application-managepartners-display-component---masterPtm","properties":{"text":"Sort"},"searchOpenDialogs":true,"interaction":{"idSuffix":"text"}},"wdio_ui5_key":"etmportal.ui.managepartners.view.Mastersap.m.IconTabFilter{\"text\":\"Sort\"}"}]}
RESULT: {"script":"<script> [1562 bytes]","args":[{"selector":{"controlType":"sap.m.IconTabFilter","viewName":"etm.portal.ui.managepartners.view.Master","viewId":"application-managepartners-display-component---masterPtm","properties":{"text":"Sort"},"searchOpenDialogs":true,"interaction":{"idSuffix":"text"}},"wdio_ui5_key":"etmportal.ui.managepartners.view.Mastersap.m.IconTabFilter{\"text\":\"Sort\"}"}]}
RESULT: undefined
COMMAND: POST /session/1841494025458e3697387cb19f02ad73/element - {"using":"xpath","value":"//*[@id=\"__filter1\"]"}
RESULT: {"using":"xpath","value":"//*[@id=\"__filter1\"]"}
COMMAND: POST /session/1841494025458e3697387cb19f02ad73/element/f.4A5FBB56EC8D275E16A1B089E6612898.d.D65F315B5EABC81F07B78679DA5B25E5.e.1898/click - {}
RESULT: {}
COMMAND: GET /session/1841494025458e3697387cb19f02ad73/screenshot - {}
RESULT: {}
COMMAND: POST /session/1841494025458e3697387cb19f02ad73/element - {"using":"xpath","value":"//input[@placeholder=\"Sort by\"]/following-sibling::div//span"}
RESULT: {"using":"xpath","value":"//input[@placeholder=\"Sort by\"]/following-sibling::div//span"}
COMMAND: POST /session/1841494025458e3697387cb19f02ad73/element/f.4A5FBB56EC8D275E16A1B089E6612898.d.D65F315B5EABC81F07B78679DA5B25E5.e.1900/click - {}
RESULT: {}
COMMAND: GET /session/1841494025458e3697387cb19f02ad73/screenshot - {}
RESULT: {}
COMMAND: POST /session/1841494025458e3697387cb19f02ad73/element - {"using":"xpath","value":"//li[.//span[text()=\"Language\"]]"}
RESULT: {"using":"xpath","value":"//li[.//span[text()=\"Language\"]]"}
COMMAND: POST /session/1841494025458e3697387cb19f02ad73/element/f.4A5FBB56EC8D275E16A1B089E6612898.d.D65F315B5EABC81F07B78679DA5B25E5.e.1901/click - {}
RESULT: {}
COMMAND: GET /session/1841494025458e3697387cb19f02ad73/screenshot - {}
RESULT: {}
COMMAND: POST /session/1841494025458e3697387cb19f02ad73/element - {"using":"xpath","value":"//bdi[contains(text(), \"OK\")]"}
RESULT: {"using":"xpath","value":"//bdi[contains(text(), \"OK\")]"}
COMMAND: POST /session/1841494025458e3697387cb19f02ad73/element/f.4A5FBB56EC8D275E16A1B089E6612898.d.D65F315B5EABC81F07B78679DA5B25E5.e.1905/click - {}
RESULT: {}
COMMAND: GET /session/1841494025458e3697387cb19f02ad73/screenshot - {}
RESULT: {}
COMMAND: POST /session/1841494025458e3697387cb19f02ad73/element - {"using":"xpath","value":"//table[contains(@id, \"customPartnersTable\")]//tbody/tr[1]/td[3]/span"}
RESULT: {"using":"xpath","value":"//table[contains(@id, \"customPartnersTable\")]//tbody/tr[1]/td[3]/span"}
COMMAND: POST /session/1841494025458e3697387cb19f02ad73/execute/sync - {"script":"<script> [56 bytes]","args":[{"element-6066-11e4-a52e-4f735466cecf":"f.4A5FBB56EC8D275E16A1B089E6612898.d.D65F315B5EABC81F07B78679DA5B25E5.e.2034","ELEMENT":"f.4A5FBB56EC8D275E16A1B089E6612898.d.D65F315B5EABC81F07B78679DA5B25E5.e.2034"}]}
RESULT: {"script":"<script> [56 bytes]","args":[{"element-6066-11e4-a52e-4f735466cecf":"f.4A5FBB56EC8D275E16A1B089E6612898.d.D65F315B5EABC81F07B78679DA5B25E5.e.2034","ELEMENT":"f.4A5FBB56EC8D275E16A1B089E6612898.d.D65F315B5EABC81F07B78679DA5B25E5.e.2034"}]}
RESULT: undefined
COMMAND: POST /session/1841494025458e3697387cb19f02ad73/element - {"using":"xpath","value":"//*[@id=\"application-managepartners-display-component---masterPtm--smartTable-btnPersonalisation-img\"]"}
COMMAND: GET /session/1841494025458e3697387cb19f02ad73/screenshot - {}
RESULT: {"using":"xpath","value":"//*[@id=\"application-managepartners-display-component---masterPtm--smartTable-btnPersonalisation-img\"]"}
COMMAND: POST /session/1841494025458e3697387cb19f02ad73/element/f.4A5FBB56EC8D275E16A1B089E6612898.d.D65F315B5EABC81F07B78679DA5B25E5.e.1758/click - {}
RESULT: {}
RESULT: {}
COMMAND: GET /session/1841494025458e3697387cb19f02ad73/screenshot - {}
RESULT: {}
COMMAND: POST /session/1841494025458e3697387cb19f02ad73/element - {"using":"xpath","value":"//bdi[contains(text(), \"Reset\")]"}
RESULT: {"using":"xpath","value":"//bdi[contains(text(), \"Reset\")]"}
COMMAND: POST /session/1841494025458e3697387cb19f02ad73/element/f.4A5FBB56EC8D275E16A1B089E6612898.d.D65F315B5EABC81F07B78679DA5B25E5.e.2038/click - {}
RESULT: {}
COMMAND: GET /session/1841494025458e3697387cb19f02ad73/screenshot - {}
RESULT: {}
COMMAND: POST /session/1841494025458e3697387cb19f02ad73/element - {"using":"xpath","value":"(//bdi[contains(text(), \"OK\")])[2]"}
RESULT: {"using":"xpath","value":"(//bdi[contains(text(), \"OK\")])[2]"}
COMMAND: POST /session/1841494025458e3697387cb19f02ad73/element/f.4A5FBB56EC8D275E16A1B089E6612898.d.D65F315B5EABC81F07B78679DA5B25E5.e.2041/click - {}
RESULT: {}
COMMAND: GET /session/1841494025458e3697387cb19f02ad73/screenshot - {}
RESULT: {}
COMMAND: POST /session/1841494025458e3697387cb19f02ad73/element - {"using":"xpath","value":"//bdi[contains(text(), \"OK\")]"}
RESULT: {"using":"xpath","value":"//bdi[contains(text(), \"OK\")]"}
COMMAND: POST /session/1841494025458e3697387cb19f02ad73/element/f.4A5FBB56EC8D275E16A1B089E6612898.d.D65F315B5EABC81F07B78679DA5B25E5.e.2094/click - {}
RESULT: {}
COMMAND: GET /session/1841494025458e3697387cb19f02ad73/screenshot - {}
RESULT: {}
COMMAND: POST /session/1841494025458e3697387cb19f02ad73/element - {"using":"xpath","value":"//table[contains(@id, \"customPartnersTable\")]//tbody/tr[1]/td[3]/span"}
RESULT: {"using":"xpath","value":"//table[contains(@id, \"customPartnersTable\")]//tbody/tr[1]/td[3]/span"}
COMMAND: POST /session/1841494025458e3697387cb19f02ad73/execute/sync - {"script":"<script> [56 bytes]","args":[{"element-6066-11e4-a52e-4f735466cecf":"f.4A5FBB56EC8D275E16A1B089E6612898.d.D65F315B5EABC81F07B78679DA5B25E5.e.2096","ELEMENT":"f.4A5FBB56EC8D275E16A1B089E6612898.d.D65F315B5EABC81F07B78679DA5B25E5.e.2096"}]}
RESULT: {"script":"<script> [56 bytes]","args":[{"element-6066-11e4-a52e-4f735466cecf":"f.4A5FBB56EC8D275E16A1B089E6612898.d.D65F315B5EABC81F07B78679DA5B25E5.e.2096","ELEMENT":"f.4A5FBB56EC8D275E16A1B089E6612898.d.D65F315B5EABC81F07B78679DA5B25E5.e.2096"}]}
RESULT: undefined
COMMAND: POST /session/1841494025458e3697387cb19f02ad73/element - {"using":"xpath","value":"//*[@id=\"application-managepartners-display-component---masterPtm--smartTable-btnPersonalisation-img\"]"}
COMMAND: GET /session/1841494025458e3697387cb19f02ad73/screenshot - {}
RESULT: {"using":"xpath","value":"//*[@id=\"application-managepartners-display-component---masterPtm--smartTable-btnPersonalisation-img\"]"}
COMMAND: POST /session/1841494025458e3697387cb19f02ad73/element/f.4A5FBB56EC8D275E16A1B089E6612898.d.D65F315B5EABC81F07B78679DA5B25E5.e.1758/click - {}
RESULT: {}
RESULT: {}
COMMAND: GET /session/1841494025458e3697387cb19f02ad73/screenshot - {}
RESULT: {}
COMMAND: POST /session/1841494025458e3697387cb19f02ad73/execute/async - {"script":"<script> [1562 bytes]","args":[{"selector":{"controlType":"sap.m.IconTabFilter","viewName":"etm.portal.ui.managepartners.view.Master","viewId":"application-managepartners-display-component---masterPtm","properties":{"text":"Filter"},"searchOpenDialogs":true,"interaction":{"idSuffix":"text"}},"wdio_ui5_key":"etmportal.ui.managepartners.view.Mastersap.m.IconTabFilter{\"text\":\"Filter\"}"}]}
RESULT: {"script":"<script> [1562 bytes]","args":[{"selector":{"controlType":"sap.m.IconTabFilter","viewName":"etm.portal.ui.managepartners.view.Master","viewId":"application-managepartners-display-component---masterPtm","properties":{"text":"Filter"},"searchOpenDialogs":true,"interaction":{"idSuffix":"text"}},"wdio_ui5_key":"etmportal.ui.managepartners.view.Mastersap.m.IconTabFilter{\"text\":\"Filter\"}"}]}
RESULT: undefined
COMMAND: POST /session/1841494025458e3697387cb19f02ad73/element - {"using":"xpath","value":"//*[@id=\"__filter10\"]"}
RESULT: {"using":"xpath","value":"//*[@id=\"__filter10\"]"}
COMMAND: POST /session/1841494025458e3697387cb19f02ad73/element/f.4A5FBB56EC8D275E16A1B089E6612898.d.D65F315B5EABC81F07B78679DA5B25E5.e.2101/click - {}
RESULT: {}
COMMAND: GET /session/1841494025458e3697387cb19f02ad73/screenshot - {}
RESULT: {}
COMMAND: POST /session/1841494025458e3697387cb19f02ad73/element - {"using":"xpath","value":"//input[@placeholder=\"Filter by\"]/following-sibling::div//span"}
RESULT: {"using":"xpath","value":"//input[@placeholder=\"Filter by\"]/following-sibling::div//span"}
COMMAND: POST /session/1841494025458e3697387cb19f02ad73/element/f.4A5FBB56EC8D275E16A1B089E6612898.d.D65F315B5EABC81F07B78679DA5B25E5.e.2103/click - {}
RESULT: {}
COMMAND: GET /session/1841494025458e3697387cb19f02ad73/screenshot - {}
RESULT: {}
COMMAND: POST /session/1841494025458e3697387cb19f02ad73/element - {"using":"xpath","value":"//li[.//span[text()=\"Preferred Yard\"]]"}
RESULT: {"using":"xpath","value":"//li[.//span[text()=\"Preferred Yard\"]]"}
COMMAND: POST /session/1841494025458e3697387cb19f02ad73/element/f.4A5FBB56EC8D275E16A1B089E6612898.d.D65F315B5EABC81F07B78679DA5B25E5.e.2104/click - {}
RESULT: {}
COMMAND: GET /session/1841494025458e3697387cb19f02ad73/screenshot - {}
RESULT: {}
COMMAND: POST /session/1841494025458e3697387cb19f02ad73/execute/async - {"script":"<script> [1562 bytes]","args":[{"selector":{"id":"FilterPanel-filterItemControl_BASIC-application-managepartners-display-component---masterPtm--smartTable-YARDYARD-vhi","searchOpenDialogs":true},"wdio_ui5_key":"FilterPanelfilterItemControl_BASIC-application-managepartners-display-component---masterPtm--smartTable-YARDYARD-vhi"}]}
RESULT: {"script":"<script> [1562 bytes]","args":[{"selector":{"id":"FilterPanel-filterItemControl_BASIC-application-managepartners-display-component---masterPtm--smartTable-YARDYARD-vhi","searchOpenDialogs":true},"wdio_ui5_key":"FilterPanelfilterItemControl_BASIC-application-managepartners-display-component---masterPtm--smartTable-YARDYARD-vhi"}]}
RESULT: undefined
COMMAND: POST /session/1841494025458e3697387cb19f02ad73/element - {"using":"xpath","value":"//*[@id=\"FilterPanel-filterItemControl_BASIC-application-managepartners-display-component---masterPtm--smartTable-YARDYARD-vhi\"]"}
RESULT: {"using":"xpath","value":"//*[@id=\"FilterPanel-filterItemControl_BASIC-application-managepartners-display-component---masterPtm--smartTable-YARDYARD-vhi\"]"}
COMMAND: POST /session/1841494025458e3697387cb19f02ad73/element/f.4A5FBB56EC8D275E16A1B089E6612898.d.D65F315B5EABC81F07B78679DA5B25E5.e.2107/click - {}
RESULT: {}
COMMAND: GET /session/1841494025458e3697387cb19f02ad73/screenshot - {}
RESULT: {}
COMMAND: POST /session/1841494025458e3697387cb19f02ad73/execute/async - {"script":"<script> [1562 bytes]","args":[{"selector":{"id":"FilterPanel-filterItemControl_BASIC-application-managepartners-display-component---masterPtm--smartTable-YARDYARD-valueHelpDialog-smartFilterBar-btnBasicSearch","searchOpenDialogs":true,"interaction":{"idSuffix":"I"}},"wdio_ui5_key":"FilterPanelfilterItemControl_BASIC-application-managepartners-display-component---masterPtm--smartTable-YARDYARD-valueHelpDialog-smartFilterBar-btnBasicSearch"}]}
RESULT: {"script":"<script> [1562 bytes]","args":[{"selector":{"id":"FilterPanel-filterItemControl_BASIC-application-managepartners-display-component---masterPtm--smartTable-YARDYARD-valueHelpDialog-smartFilterBar-btnBasicSearch","searchOpenDialogs":true,"interaction":{"idSuffix":"I"}},"wdio_ui5_key":"FilterPanelfilterItemControl_BASIC-application-managepartners-display-component---masterPtm--smartTable-YARDYARD-valueHelpDialog-smartFilterBar-btnBasicSearch"}]}
RESULT: undefined
COMMAND: POST /session/1841494025458e3697387cb19f02ad73/execute/async - {"script":"<script> [776 bytes]","args":[{"enterText":"670","selector":{"id":"FilterPanel-filterItemControl_BASIC-application-managepartners-display-component---masterPtm--smartTable-YARDYARD-valueHelpDialog-smartFilterBar-btnBasicSearch","searchOpenDialogs":true,"interaction":{"idSuffix":"I"}},"clearTextFirst":true,"interactionType":"ENTER_TEXT"}]}
RESULT: {"script":"<script> [776 bytes]","args":[{"enterText":"670","selector":{"id":"FilterPanel-filterItemControl_BASIC-application-managepartners-display-component---masterPtm--smartTable-YARDYARD-valueHelpDialog-smartFilterBar-btnBasicSearch","searchOpenDialogs":true,"interaction":{"idSuffix":"I"}},"clearTextFirst":true,"interactionType":"ENTER_TEXT"}]}
COMMAND: POST /session/1841494025458e3697387cb19f02ad73/actions - {"actions":[{"id":"action3","type":"key","parameters":{},"actions":[{"type":"keyDown","value":"î€‡"},{"type":"pause","duration":10},{"type":"keyUp","value":"î€‡"}]}]}
RESULT: {"actions":[{"id":"action3","type":"key","parameters":{},"actions":[{"type":"keyDown","value":"î€‡"},{"type":"pause","duration":10},{"type":"keyUp","value":"î€‡"}]}]}
COMMAND: GET /session/1841494025458e3697387cb19f02ad73/screenshot - {}
RESULT: {}
COMMAND: POST /session/1841494025458e3697387cb19f02ad73/elements - {"using":"xpath","value":"//table[contains(@id, \"smartTable-YARDYARD-valueHelpDialog-table-table\")]/tbody/tr"}
RESULT: {"using":"xpath","value":"//table[contains(@id, \"smartTable-YARDYARD-valueHelpDialog-table-table\")]/tbody/tr"}
COMMAND: POST /session/1841494025458e3697387cb19f02ad73/element - {"using":"xpath","value":"//table[contains(@id, \"smartTable-YARDYARD-valueHelpDialog-table-table\")]/tbody/tr[1]/td[1]/div/span"}
RESULT: {"using":"xpath","value":"//table[contains(@id, \"smartTable-YARDYARD-valueHelpDialog-table-table\")]/tbody/tr[1]/td[1]/div/span"}
COMMAND: POST /session/1841494025458e3697387cb19f02ad73/elements - {"using":"xpath","value":"//table[contains(@id, \"smartTable-YARDYARD-valueHelpDialog-table-table\")]/tbody/tr[1]/td[1]/div/span"}
RESULT: {"using":"xpath","value":"//table[contains(@id, \"smartTable-YARDYARD-valueHelpDialog-table-table\")]/tbody/tr[1]/td[1]/div/span"}
COMMAND: POST /session/1841494025458e3697387cb19f02ad73/execute/sync - {"script":"<script> [56 bytes]","args":[{"element-6066-11e4-a52e-4f735466cecf":"f.4A5FBB56EC8D275E16A1B089E6612898.d.D65F315B5EABC81F07B78679DA5B25E5.e.2126","ELEMENT":"f.4A5FBB56EC8D275E16A1B089E6612898.d.D65F315B5EABC81F07B78679DA5B25E5.e.2126"}]}
RESULT: {"script":"<script> [56 bytes]","args":[{"element-6066-11e4-a52e-4f735466cecf":"f.4A5FBB56EC8D275E16A1B089E6612898.d.D65F315B5EABC81F07B78679DA5B25E5.e.2126","ELEMENT":"f.4A5FBB56EC8D275E16A1B089E6612898.d.D65F315B5EABC81F07B78679DA5B25E5.e.2126"}]}
COMMAND: POST /session/1841494025458e3697387cb19f02ad73/element - {"using":"xpath","value":"//div[contains(@id, \"YARDYARD-valueHelpDialog-table-rowsel0\")]"}
COMMAND: GET /session/1841494025458e3697387cb19f02ad73/screenshot - {}
RESULT: {"using":"xpath","value":"//div[contains(@id, \"YARDYARD-valueHelpDialog-table-rowsel0\")]"}
COMMAND: POST /session/1841494025458e3697387cb19f02ad73/element/f.4A5FBB56EC8D275E16A1B089E6612898.d.D65F315B5EABC81F07B78679DA5B25E5.e.2127/click - {}
RESULT: {}
RESULT: {}
COMMAND: GET /session/1841494025458e3697387cb19f02ad73/screenshot - {}
RESULT: {}
COMMAND: POST /session/1841494025458e3697387cb19f02ad73/element - {"using":"xpath","value":"(//bdi[contains(text(), \"OK\")])[2]"}
RESULT: {"using":"xpath","value":"(//bdi[contains(text(), \"OK\")])[2]"}
COMMAND: POST /session/1841494025458e3697387cb19f02ad73/element/f.4A5FBB56EC8D275E16A1B089E6612898.d.D65F315B5EABC81F07B78679DA5B25E5.e.2129/click - {}
RESULT: {}
COMMAND: GET /session/1841494025458e3697387cb19f02ad73/screenshot - {}
RESULT: {}
COMMAND: POST /session/1841494025458e3697387cb19f02ad73/element - {"using":"xpath","value":"//bdi[contains(text(), \"OK\")]"}
RESULT: {"using":"xpath","value":"//bdi[contains(text(), \"OK\")]"}
COMMAND: POST /session/1841494025458e3697387cb19f02ad73/element/f.4A5FBB56EC8D275E16A1B089E6612898.d.D65F315B5EABC81F07B78679DA5B25E5.e.2132/click - {}
RESULT: {}
COMMAND: GET /session/1841494025458e3697387cb19f02ad73/screenshot - {}
RESULT: {}
COMMAND: POST /session/1841494025458e3697387cb19f02ad73/element - {"using":"xpath","value":"//table[contains(@id, \"customPartnersTable\")]//tbody/tr[1]/td[3]/span"}
RESULT: {"using":"xpath","value":"//table[contains(@id, \"customPartnersTable\")]//tbody/tr[1]/td[3]/span"}
COMMAND: POST /session/1841494025458e3697387cb19f02ad73/execute/sync - {"script":"<script> [56 bytes]","args":[{"element-6066-11e4-a52e-4f735466cecf":"f.4A5FBB56EC8D275E16A1B089E6612898.d.D65F315B5EABC81F07B78679DA5B25E5.e.2096","ELEMENT":"f.4A5FBB56EC8D275E16A1B089E6612898.d.D65F315B5EABC81F07B78679DA5B25E5.e.2096"}]}
RESULT: {"script":"<script> [56 bytes]","args":[{"element-6066-11e4-a52e-4f735466cecf":"f.4A5FBB56EC8D275E16A1B089E6612898.d.D65F315B5EABC81F07B78679DA5B25E5.e.2096","ELEMENT":"f.4A5FBB56EC8D275E16A1B089E6612898.d.D65F315B5EABC81F07B78679DA5B25E5.e.2096"}]}
COMMAND: POST /session/1841494025458e3697387cb19f02ad73/element - {"using":"css selector","value":"#shell-header-logo"}
COMMAND: GET /session/1841494025458e3697387cb19f02ad73/screenshot - {}
RESULT: {"using":"css selector","value":"#shell-header-logo"}
COMMAND: POST /session/1841494025458e3697387cb19f02ad73/element/f.4A5FBB56EC8D275E16A1B089E6612898.d.D65F315B5EABC81F07B78679DA5B25E5.e.1707/click - {}
RESULT: {}
RESULT: {}
COMMAND: GET /session/1841494025458e3697387cb19f02ad73/screenshot - {}
RESULT: {}
]]></system-out>
    </testcase>
    <testcase classname="chrome.136_0_7103_49.windows.Partner_specific_tests_US150819_US151080_US151654_US151176_US103444_US151078_US151079_US151109_US151174_US151175_US151189" name="Should deactivate the created partner in earlier step US151654" time="55.355">
      <system-out><![CDATA[
COMMAND: POST /session/1841494025458e3697387cb19f02ad73/element - {"using":"xpath","value":"//li[.//span[text()=\"Manage Partners\"]]"}
RESULT: {"using":"xpath","value":"//li[.//span[text()=\"Manage Partners\"]]"}
COMMAND: POST /session/1841494025458e3697387cb19f02ad73/element - {"using":"xpath","value":"//li[.//span[text()=\"Manage Partners\"]]"}
RESULT: {"using":"xpath","value":"//li[.//span[text()=\"Manage Partners\"]]"}
COMMAND: POST /session/1841494025458e3697387cb19f02ad73/element - {"using":"css selector","value":"#shell-header-logo"}
RESULT: {"using":"css selector","value":"#shell-header-logo"}
COMMAND: POST /session/1841494025458e3697387cb19f02ad73/element/f.4A5FBB56EC8D275E16A1B089E6612898.d.D65F315B5EABC81F07B78679DA5B25E5.e.2181/click - {}
COMMAND: POST /session/1841494025458e3697387cb19f02ad73/execute/sync - {"script":"<script> [8489 bytes]","args":[{"element-6066-11e4-a52e-4f735466cecf":"f.4A5FBB56EC8D275E16A1B089E6612898.d.D65F315B5EABC81F07B78679DA5B25E5.e.2181","ELEMENT":"f.4A5FBB56EC8D275E16A1B089E6612898.d.D65F315B5EABC81F07B78679DA5B25E5.e.2181"}]}
RESULT: {"script":"<script> [8489 bytes]","args":[{"element-6066-11e4-a52e-4f735466cecf":"f.4A5FBB56EC8D275E16A1B089E6612898.d.D65F315B5EABC81F07B78679DA5B25E5.e.2181","ELEMENT":"f.4A5FBB56EC8D275E16A1B089E6612898.d.D65F315B5EABC81F07B78679DA5B25E5.e.2181"}]}
COMMAND: POST /session/1841494025458e3697387cb19f02ad73/execute/sync - {"script":"<script> [5351 bytes]","args":[{"element-6066-11e4-a52e-4f735466cecf":"f.4A5FBB56EC8D275E16A1B089E6612898.d.D65F315B5EABC81F07B78679DA5B25E5.e.2181","ELEMENT":"f.4A5FBB56EC8D275E16A1B089E6612898.d.D65F315B5EABC81F07B78679DA5B25E5.e.2181"}]}
COMMAND: GET /session/1841494025458e3697387cb19f02ad73/screenshot - {}
RESULT: {}
COMMAND: GET /session/1841494025458e3697387cb19f02ad73/screenshot - {}
RESULT: {"script":"<script> [5351 bytes]","args":[{"element-6066-11e4-a52e-4f735466cecf":"f.4A5FBB56EC8D275E16A1B089E6612898.d.D65F315B5EABC81F07B78679DA5B25E5.e.2181","ELEMENT":"f.4A5FBB56EC8D275E16A1B089E6612898.d.D65F315B5EABC81F07B78679DA5B25E5.e.2181"}]}
COMMAND: GET /session/1841494025458e3697387cb19f02ad73/screenshot - {}
RESULT: {}
RESULT: {}
RESULT: {}
RESULT: undefined
COMMAND: POST /session/1841494025458e3697387cb19f02ad73/element - {"using":"xpath","value":"//*[@id=\"__tile38\"]"}
RESULT: {"using":"xpath","value":"//*[@id=\"__tile38\"]"}
COMMAND: POST /session/1841494025458e3697387cb19f02ad73/element/f.4A5FBB56EC8D275E16A1B089E6612898.d.D65F315B5EABC81F07B78679DA5B25E5.e.150/click - {}
RESULT: {}
COMMAND: POST /session/1841494025458e3697387cb19f02ad73/element - {"using":"xpath","value":"//button[@data-kt=\"addButton\"]"}
COMMAND: GET /session/1841494025458e3697387cb19f02ad73/screenshot - {}
RESULT: {"using":"xpath","value":"//button[@data-kt=\"addButton\"]"}
COMMAND: POST /session/1841494025458e3697387cb19f02ad73/elements - {"using":"xpath","value":"//button[@data-kt=\"addButton\"]"}
RESULT: {}
RESULT: {"using":"xpath","value":"//button[@data-kt=\"addButton\"]"}
COMMAND: POST /session/1841494025458e3697387cb19f02ad73/elements - {"using":"xpath","value":"//button[@data-kt=\"addButton\"]"}
RESULT: {"using":"xpath","value":"//button[@data-kt=\"addButton\"]"}
COMMAND: POST /session/1841494025458e3697387cb19f02ad73/elements - {"using":"xpath","value":"//button[@data-kt=\"addButton\"]"}
RESULT: {"using":"xpath","value":"//button[@data-kt=\"addButton\"]"}
COMMAND: POST /session/1841494025458e3697387cb19f02ad73/elements - {"using":"xpath","value":"//button[@data-kt=\"addButton\"]"}
RESULT: {"using":"xpath","value":"//button[@data-kt=\"addButton\"]"}
COMMAND: POST /session/1841494025458e3697387cb19f02ad73/elements - {"using":"xpath","value":"//button[@data-kt=\"addButton\"]"}
RESULT: {"using":"xpath","value":"//button[@data-kt=\"addButton\"]"}
COMMAND: POST /session/1841494025458e3697387cb19f02ad73/elements - {"using":"xpath","value":"//button[@data-kt=\"addButton\"]"}
RESULT: {"using":"xpath","value":"//button[@data-kt=\"addButton\"]"}
COMMAND: POST /session/1841494025458e3697387cb19f02ad73/elements - {"using":"xpath","value":"//button[@data-kt=\"addButton\"]"}
RESULT: {"using":"xpath","value":"//button[@data-kt=\"addButton\"]"}
COMMAND: POST /session/1841494025458e3697387cb19f02ad73/elements - {"using":"xpath","value":"//button[@data-kt=\"addButton\"]"}
RESULT: {"using":"xpath","value":"//button[@data-kt=\"addButton\"]"}
COMMAND: POST /session/1841494025458e3697387cb19f02ad73/elements - {"using":"xpath","value":"//button[@data-kt=\"addButton\"]"}
RESULT: {"using":"xpath","value":"//button[@data-kt=\"addButton\"]"}
COMMAND: POST /session/1841494025458e3697387cb19f02ad73/elements - {"using":"xpath","value":"//button[@data-kt=\"addButton\"]"}
RESULT: {"using":"xpath","value":"//button[@data-kt=\"addButton\"]"}
COMMAND: POST /session/1841494025458e3697387cb19f02ad73/elements - {"using":"xpath","value":"//button[@data-kt=\"addButton\"]"}
RESULT: {"using":"xpath","value":"//button[@data-kt=\"addButton\"]"}
COMMAND: POST /session/1841494025458e3697387cb19f02ad73/elements - {"using":"xpath","value":"//button[@data-kt=\"addButton\"]"}
RESULT: {"using":"xpath","value":"//button[@data-kt=\"addButton\"]"}
COMMAND: POST /session/1841494025458e3697387cb19f02ad73/elements - {"using":"xpath","value":"//button[@data-kt=\"addButton\"]"}
RESULT: {"using":"xpath","value":"//button[@data-kt=\"addButton\"]"}
COMMAND: POST /session/1841494025458e3697387cb19f02ad73/elements - {"using":"xpath","value":"//button[@data-kt=\"addButton\"]"}
RESULT: {"using":"xpath","value":"//button[@data-kt=\"addButton\"]"}
COMMAND: POST /session/1841494025458e3697387cb19f02ad73/elements - {"using":"xpath","value":"//button[@data-kt=\"addButton\"]"}
RESULT: {"using":"xpath","value":"//button[@data-kt=\"addButton\"]"}
COMMAND: POST /session/1841494025458e3697387cb19f02ad73/elements - {"using":"xpath","value":"//button[@data-kt=\"addButton\"]"}
RESULT: {"using":"xpath","value":"//button[@data-kt=\"addButton\"]"}
COMMAND: POST /session/1841494025458e3697387cb19f02ad73/elements - {"using":"xpath","value":"//button[@data-kt=\"addButton\"]"}
RESULT: {"using":"xpath","value":"//button[@data-kt=\"addButton\"]"}
COMMAND: POST /session/1841494025458e3697387cb19f02ad73/element - {"using":"xpath","value":"//button[@data-kt=\"addButton\"]"}
RESULT: {"using":"xpath","value":"//button[@data-kt=\"addButton\"]"}
COMMAND: POST /session/1841494025458e3697387cb19f02ad73/execute/sync - {"script":"<script> [8489 bytes]","args":[{"element-6066-11e4-a52e-4f735466cecf":"f.4A5FBB56EC8D275E16A1B089E6612898.d.D65F315B5EABC81F07B78679DA5B25E5.e.2216","ELEMENT":"f.4A5FBB56EC8D275E16A1B089E6612898.d.D65F315B5EABC81F07B78679DA5B25E5.e.2216"}]}
RESULT: {"script":"<script> [8489 bytes]","args":[{"element-6066-11e4-a52e-4f735466cecf":"f.4A5FBB56EC8D275E16A1B089E6612898.d.D65F315B5EABC81F07B78679DA5B25E5.e.2216","ELEMENT":"f.4A5FBB56EC8D275E16A1B089E6612898.d.D65F315B5EABC81F07B78679DA5B25E5.e.2216"}]}
COMMAND: GET /session/1841494025458e3697387cb19f02ad73/element/f.4A5FBB56EC8D275E16A1B089E6612898.d.D65F315B5EABC81F07B78679DA5B25E5.e.2216/enabled - {}
COMMAND: GET /session/1841494025458e3697387cb19f02ad73/screenshot - {}
RESULT: {}
COMMAND: POST /session/1841494025458e3697387cb19f02ad73/execute/sync - {"script":"<script> [8489 bytes]","args":[{"element-6066-11e4-a52e-4f735466cecf":"f.4A5FBB56EC8D275E16A1B089E6612898.d.D65F315B5EABC81F07B78679DA5B25E5.e.2216","ELEMENT":"f.4A5FBB56EC8D275E16A1B089E6612898.d.D65F315B5EABC81F07B78679DA5B25E5.e.2216"}]}
COMMAND: GET /session/1841494025458e3697387cb19f02ad73/screenshot - {}
RESULT: {}
RESULT: {"script":"<script> [8489 bytes]","args":[{"element-6066-11e4-a52e-4f735466cecf":"f.4A5FBB56EC8D275E16A1B089E6612898.d.D65F315B5EABC81F07B78679DA5B25E5.e.2216","ELEMENT":"f.4A5FBB56EC8D275E16A1B089E6612898.d.D65F315B5EABC81F07B78679DA5B25E5.e.2216"}]}
COMMAND: POST /session/1841494025458e3697387cb19f02ad73/execute/sync - {"script":"<script> [5351 bytes]","args":[{"element-6066-11e4-a52e-4f735466cecf":"f.4A5FBB56EC8D275E16A1B089E6612898.d.D65F315B5EABC81F07B78679DA5B25E5.e.2216","ELEMENT":"f.4A5FBB56EC8D275E16A1B089E6612898.d.D65F315B5EABC81F07B78679DA5B25E5.e.2216"}]}
COMMAND: GET /session/1841494025458e3697387cb19f02ad73/screenshot - {}
RESULT: {}
RESULT: {"script":"<script> [5351 bytes]","args":[{"element-6066-11e4-a52e-4f735466cecf":"f.4A5FBB56EC8D275E16A1B089E6612898.d.D65F315B5EABC81F07B78679DA5B25E5.e.2216","ELEMENT":"f.4A5FBB56EC8D275E16A1B089E6612898.d.D65F315B5EABC81F07B78679DA5B25E5.e.2216"}]}
COMMAND: GET /session/1841494025458e3697387cb19f02ad73/screenshot - {}
RESULT: {}
RESULT: {}
COMMAND: POST /session/1841494025458e3697387cb19f02ad73/execute/async - {"script":"<script> [1562 bytes]","args":[{"selector":{"id":"application-managepartners-display-component---masterPtm--smartFilterBar-btnBasicSearch","interaction":{"idSuffix":"I"}},"wdio_ui5_key":"applicationmanagepartners-display-component---masterPtm--smartFilterBar-btnBasicSearch"}]}
RESULT: {"script":"<script> [1562 bytes]","args":[{"selector":{"id":"application-managepartners-display-component---masterPtm--smartFilterBar-btnBasicSearch","interaction":{"idSuffix":"I"}},"wdio_ui5_key":"applicationmanagepartners-display-component---masterPtm--smartFilterBar-btnBasicSearch"}]}
RESULT: undefined
COMMAND: POST /session/1841494025458e3697387cb19f02ad73/execute/async - {"script":"<script> [776 bytes]","args":[{"enterText":"1544","selector":{"id":"application-managepartners-display-component---masterPtm--smartFilterBar-btnBasicSearch","interaction":{"idSuffix":"I"}},"clearTextFirst":true,"interactionType":"ENTER_TEXT"}]}
RESULT: {"script":"<script> [776 bytes]","args":[{"enterText":"1544","selector":{"id":"application-managepartners-display-component---masterPtm--smartFilterBar-btnBasicSearch","interaction":{"idSuffix":"I"}},"clearTextFirst":true,"interactionType":"ENTER_TEXT"}]}
COMMAND: POST /session/1841494025458e3697387cb19f02ad73/actions - {"actions":[{"id":"action4","type":"key","parameters":{},"actions":[{"type":"keyDown","value":"î€‡"},{"type":"pause","duration":10},{"type":"keyUp","value":"î€‡"}]}]}
RESULT: {"actions":[{"id":"action4","type":"key","parameters":{},"actions":[{"type":"keyDown","value":"î€‡"},{"type":"pause","duration":10},{"type":"keyUp","value":"î€‡"}]}]}
COMMAND: GET /session/1841494025458e3697387cb19f02ad73/screenshot - {}
RESULT: {}
COMMAND: POST /session/1841494025458e3697387cb19f02ad73/elements - {"using":"xpath","value":"//table[contains(@id, \"customPartnersTable-listUl\")]/tbody/tr"}
RESULT: {"using":"xpath","value":"//table[contains(@id, \"customPartnersTable-listUl\")]/tbody/tr"}
COMMAND: POST /session/1841494025458e3697387cb19f02ad73/element - {"using":"xpath","value":"//table[contains(@id, \"customPartnersTable-listUl\")]/tbody/tr[1]/td[3]/span"}
RESULT: {"using":"xpath","value":"//table[contains(@id, \"customPartnersTable-listUl\")]/tbody/tr[1]/td[3]/span"}
COMMAND: POST /session/1841494025458e3697387cb19f02ad73/elements - {"using":"xpath","value":"//table[contains(@id, \"customPartnersTable-listUl\")]/tbody/tr[1]/td[3]/span"}
RESULT: {"using":"xpath","value":"//table[contains(@id, \"customPartnersTable-listUl\")]/tbody/tr[1]/td[3]/span"}
COMMAND: POST /session/1841494025458e3697387cb19f02ad73/execute/sync - {"script":"<script> [56 bytes]","args":[{"element-6066-11e4-a52e-4f735466cecf":"f.4A5FBB56EC8D275E16A1B089E6612898.d.D65F315B5EABC81F07B78679DA5B25E5.e.2363","ELEMENT":"f.4A5FBB56EC8D275E16A1B089E6612898.d.D65F315B5EABC81F07B78679DA5B25E5.e.2363"}]}
RESULT: {"script":"<script> [56 bytes]","args":[{"element-6066-11e4-a52e-4f735466cecf":"f.4A5FBB56EC8D275E16A1B089E6612898.d.D65F315B5EABC81F07B78679DA5B25E5.e.2363","ELEMENT":"f.4A5FBB56EC8D275E16A1B089E6612898.d.D65F315B5EABC81F07B78679DA5B25E5.e.2363"}]}
COMMAND: POST /session/1841494025458e3697387cb19f02ad73/element - {"using":"xpath","value":"//table[contains(@id, \"customPartnersTable-listUl\")]/tbody/tr[1]/td[7]/div/span"}
COMMAND: GET /session/1841494025458e3697387cb19f02ad73/screenshot - {}
RESULT: {"using":"xpath","value":"//table[contains(@id, \"customPartnersTable-listUl\")]/tbody/tr[1]/td[7]/div/span"}
COMMAND: POST /session/1841494025458e3697387cb19f02ad73/execute/sync - {"script":"<script> [56 bytes]","args":[{"element-6066-11e4-a52e-4f735466cecf":"f.4A5FBB56EC8D275E16A1B089E6612898.d.D65F315B5EABC81F07B78679DA5B25E5.e.2364","ELEMENT":"f.4A5FBB56EC8D275E16A1B089E6612898.d.D65F315B5EABC81F07B78679DA5B25E5.e.2364"}]}
RESULT: {}
RESULT: {"script":"<script> [56 bytes]","args":[{"element-6066-11e4-a52e-4f735466cecf":"f.4A5FBB56EC8D275E16A1B089E6612898.d.D65F315B5EABC81F07B78679DA5B25E5.e.2364","ELEMENT":"f.4A5FBB56EC8D275E16A1B089E6612898.d.D65F315B5EABC81F07B78679DA5B25E5.e.2364"}]}
COMMAND: POST /session/1841494025458e3697387cb19f02ad73/element - {"using":"xpath","value":"//table[contains(@id, \"customPartnersTable-listUl\")]/tbody/tr[1]/td[2]/div/div"}
COMMAND: GET /session/1841494025458e3697387cb19f02ad73/screenshot - {}
RESULT: {"using":"xpath","value":"//table[contains(@id, \"customPartnersTable-listUl\")]/tbody/tr[1]/td[2]/div/div"}
COMMAND: POST /session/1841494025458e3697387cb19f02ad73/element/f.4A5FBB56EC8D275E16A1B089E6612898.d.D65F315B5EABC81F07B78679DA5B25E5.e.2365/click - {}
RESULT: {}
RESULT: {}
COMMAND: GET /session/1841494025458e3697387cb19f02ad73/screenshot - {}
RESULT: {}
COMMAND: POST /session/1841494025458e3697387cb19f02ad73/element - {"using":"xpath","value":"//bdi[contains(text(), \"Deactivate\")]"}
RESULT: {"using":"xpath","value":"//bdi[contains(text(), \"Deactivate\")]"}
COMMAND: POST /session/1841494025458e3697387cb19f02ad73/element/f.4A5FBB56EC8D275E16A1B089E6612898.d.D65F315B5EABC81F07B78679DA5B25E5.e.2366/click - {}
RESULT: {}
COMMAND: GET /session/1841494025458e3697387cb19f02ad73/screenshot - {}
RESULT: {}
COMMAND: POST /session/1841494025458e3697387cb19f02ad73/element - {"using":"xpath","value":"//bdi[contains(text(), \"Yes\")]"}
RESULT: {"using":"xpath","value":"//bdi[contains(text(), \"Yes\")]"}
COMMAND: POST /session/1841494025458e3697387cb19f02ad73/element/f.4A5FBB56EC8D275E16A1B089E6612898.d.D65F315B5EABC81F07B78679DA5B25E5.e.2368/click - {}
RESULT: {}
COMMAND: GET /session/1841494025458e3697387cb19f02ad73/screenshot - {}
RESULT: {}
COMMAND: POST /session/1841494025458e3697387cb19f02ad73/element - {"using":"xpath","value":"//table[contains(@id, \"customPartnersTable-listUl\")]/tbody/tr[1]/td[7]/div/span"}
RESULT: {"using":"xpath","value":"//table[contains(@id, \"customPartnersTable-listUl\")]/tbody/tr[1]/td[7]/div/span"}
COMMAND: POST /session/1841494025458e3697387cb19f02ad73/execute/sync - {"script":"<script> [56 bytes]","args":[{"element-6066-11e4-a52e-4f735466cecf":"f.4A5FBB56EC8D275E16A1B089E6612898.d.D65F315B5EABC81F07B78679DA5B25E5.e.2364","ELEMENT":"f.4A5FBB56EC8D275E16A1B089E6612898.d.D65F315B5EABC81F07B78679DA5B25E5.e.2364"}]}
RESULT: {"script":"<script> [56 bytes]","args":[{"element-6066-11e4-a52e-4f735466cecf":"f.4A5FBB56EC8D275E16A1B089E6612898.d.D65F315B5EABC81F07B78679DA5B25E5.e.2364","ELEMENT":"f.4A5FBB56EC8D275E16A1B089E6612898.d.D65F315B5EABC81F07B78679DA5B25E5.e.2364"}]}
COMMAND: GET /session/1841494025458e3697387cb19f02ad73/screenshot - {}
RESULT: {}
COMMAND: POST /session/1841494025458e3697387cb19f02ad73/element - {"using":"css selector","value":"#shell-header-logo"}
RESULT: {"using":"css selector","value":"#shell-header-logo"}
COMMAND: POST /session/1841494025458e3697387cb19f02ad73/element/f.4A5FBB56EC8D275E16A1B089E6612898.d.D65F315B5EABC81F07B78679DA5B25E5.e.2181/click - {}
RESULT: {}
COMMAND: GET /session/1841494025458e3697387cb19f02ad73/screenshot - {}
RESULT: {}
]]></system-out>
    </testcase>
    <testcase classname="chrome.136_0_7103_49.windows.Partner_specific_tests_US150819_US151080_US151654_US151176_US103444_US151078_US151079_US151109_US151174_US151175_US151189" name="Should activate the created partner again US151176" time="57.282">
      <system-out><![CDATA[
COMMAND: POST /session/1841494025458e3697387cb19f02ad73/element - {"using":"xpath","value":"//li[.//span[text()=\"Manage Partners\"]]"}
RESULT: {"using":"xpath","value":"//li[.//span[text()=\"Manage Partners\"]]"}
COMMAND: POST /session/1841494025458e3697387cb19f02ad73/element - {"using":"xpath","value":"//li[.//span[text()=\"Manage Partners\"]]"}
RESULT: {"using":"xpath","value":"//li[.//span[text()=\"Manage Partners\"]]"}
COMMAND: POST /session/1841494025458e3697387cb19f02ad73/element - {"using":"css selector","value":"#shell-header-logo"}
RESULT: {"using":"css selector","value":"#shell-header-logo"}
COMMAND: POST /session/1841494025458e3697387cb19f02ad73/element/f.4A5FBB56EC8D275E16A1B089E6612898.d.D65F315B5EABC81F07B78679DA5B25E5.e.2372/click - {}
COMMAND: POST /session/1841494025458e3697387cb19f02ad73/execute/sync - {"script":"<script> [8489 bytes]","args":[{"element-6066-11e4-a52e-4f735466cecf":"f.4A5FBB56EC8D275E16A1B089E6612898.d.D65F315B5EABC81F07B78679DA5B25E5.e.2372","ELEMENT":"f.4A5FBB56EC8D275E16A1B089E6612898.d.D65F315B5EABC81F07B78679DA5B25E5.e.2372"}]}
RESULT: {}
COMMAND: GET /session/1841494025458e3697387cb19f02ad73/screenshot - {}
RESULT: {"script":"<script> [8489 bytes]","args":[{"element-6066-11e4-a52e-4f735466cecf":"f.4A5FBB56EC8D275E16A1B089E6612898.d.D65F315B5EABC81F07B78679DA5B25E5.e.2372","ELEMENT":"f.4A5FBB56EC8D275E16A1B089E6612898.d.D65F315B5EABC81F07B78679DA5B25E5.e.2372"}]}
COMMAND: POST /session/1841494025458e3697387cb19f02ad73/execute/sync - {"script":"<script> [5351 bytes]","args":[{"element-6066-11e4-a52e-4f735466cecf":"f.4A5FBB56EC8D275E16A1B089E6612898.d.D65F315B5EABC81F07B78679DA5B25E5.e.2372","ELEMENT":"f.4A5FBB56EC8D275E16A1B089E6612898.d.D65F315B5EABC81F07B78679DA5B25E5.e.2372"}]}
COMMAND: GET /session/1841494025458e3697387cb19f02ad73/screenshot - {}
RESULT: {}
RESULT: {"script":"<script> [5351 bytes]","args":[{"element-6066-11e4-a52e-4f735466cecf":"f.4A5FBB56EC8D275E16A1B089E6612898.d.D65F315B5EABC81F07B78679DA5B25E5.e.2372","ELEMENT":"f.4A5FBB56EC8D275E16A1B089E6612898.d.D65F315B5EABC81F07B78679DA5B25E5.e.2372"}]}
COMMAND: GET /session/1841494025458e3697387cb19f02ad73/screenshot - {}
RESULT: {}
RESULT: {}
RESULT: undefined
COMMAND: POST /session/1841494025458e3697387cb19f02ad73/element - {"using":"xpath","value":"//*[@id=\"__tile38\"]"}
RESULT: {"using":"xpath","value":"//*[@id=\"__tile38\"]"}
COMMAND: POST /session/1841494025458e3697387cb19f02ad73/element/f.4A5FBB56EC8D275E16A1B089E6612898.d.D65F315B5EABC81F07B78679DA5B25E5.e.150/click - {}
RESULT: {}
COMMAND: POST /session/1841494025458e3697387cb19f02ad73/element - {"using":"xpath","value":"//button[@data-kt=\"addButton\"]"}
COMMAND: GET /session/1841494025458e3697387cb19f02ad73/screenshot - {}
RESULT: {"using":"xpath","value":"//button[@data-kt=\"addButton\"]"}
COMMAND: POST /session/1841494025458e3697387cb19f02ad73/elements - {"using":"xpath","value":"//button[@data-kt=\"addButton\"]"}
RESULT: {}
RESULT: {"using":"xpath","value":"//button[@data-kt=\"addButton\"]"}
COMMAND: POST /session/1841494025458e3697387cb19f02ad73/elements - {"using":"xpath","value":"//button[@data-kt=\"addButton\"]"}
RESULT: {"using":"xpath","value":"//button[@data-kt=\"addButton\"]"}
COMMAND: POST /session/1841494025458e3697387cb19f02ad73/elements - {"using":"xpath","value":"//button[@data-kt=\"addButton\"]"}
RESULT: {"using":"xpath","value":"//button[@data-kt=\"addButton\"]"}
COMMAND: POST /session/1841494025458e3697387cb19f02ad73/elements - {"using":"xpath","value":"//button[@data-kt=\"addButton\"]"}
RESULT: {"using":"xpath","value":"//button[@data-kt=\"addButton\"]"}
COMMAND: POST /session/1841494025458e3697387cb19f02ad73/elements - {"using":"xpath","value":"//button[@data-kt=\"addButton\"]"}
RESULT: {"using":"xpath","value":"//button[@data-kt=\"addButton\"]"}
COMMAND: POST /session/1841494025458e3697387cb19f02ad73/elements - {"using":"xpath","value":"//button[@data-kt=\"addButton\"]"}
RESULT: {"using":"xpath","value":"//button[@data-kt=\"addButton\"]"}
COMMAND: POST /session/1841494025458e3697387cb19f02ad73/elements - {"using":"xpath","value":"//button[@data-kt=\"addButton\"]"}
RESULT: {"using":"xpath","value":"//button[@data-kt=\"addButton\"]"}
COMMAND: POST /session/1841494025458e3697387cb19f02ad73/elements - {"using":"xpath","value":"//button[@data-kt=\"addButton\"]"}
RESULT: {"using":"xpath","value":"//button[@data-kt=\"addButton\"]"}
COMMAND: POST /session/1841494025458e3697387cb19f02ad73/elements - {"using":"xpath","value":"//button[@data-kt=\"addButton\"]"}
RESULT: {"using":"xpath","value":"//button[@data-kt=\"addButton\"]"}
COMMAND: POST /session/1841494025458e3697387cb19f02ad73/elements - {"using":"xpath","value":"//button[@data-kt=\"addButton\"]"}
RESULT: {"using":"xpath","value":"//button[@data-kt=\"addButton\"]"}
COMMAND: POST /session/1841494025458e3697387cb19f02ad73/elements - {"using":"xpath","value":"//button[@data-kt=\"addButton\"]"}
RESULT: {"using":"xpath","value":"//button[@data-kt=\"addButton\"]"}
COMMAND: POST /session/1841494025458e3697387cb19f02ad73/elements - {"using":"xpath","value":"//button[@data-kt=\"addButton\"]"}
RESULT: {"using":"xpath","value":"//button[@data-kt=\"addButton\"]"}
COMMAND: POST /session/1841494025458e3697387cb19f02ad73/elements - {"using":"xpath","value":"//button[@data-kt=\"addButton\"]"}
RESULT: {"using":"xpath","value":"//button[@data-kt=\"addButton\"]"}
COMMAND: POST /session/1841494025458e3697387cb19f02ad73/elements - {"using":"xpath","value":"//button[@data-kt=\"addButton\"]"}
RESULT: {"using":"xpath","value":"//button[@data-kt=\"addButton\"]"}
COMMAND: POST /session/1841494025458e3697387cb19f02ad73/elements - {"using":"xpath","value":"//button[@data-kt=\"addButton\"]"}
RESULT: {"using":"xpath","value":"//button[@data-kt=\"addButton\"]"}
COMMAND: POST /session/1841494025458e3697387cb19f02ad73/elements - {"using":"xpath","value":"//button[@data-kt=\"addButton\"]"}
RESULT: {"using":"xpath","value":"//button[@data-kt=\"addButton\"]"}
COMMAND: POST /session/1841494025458e3697387cb19f02ad73/elements - {"using":"xpath","value":"//button[@data-kt=\"addButton\"]"}
RESULT: {"using":"xpath","value":"//button[@data-kt=\"addButton\"]"}
COMMAND: POST /session/1841494025458e3697387cb19f02ad73/elements - {"using":"xpath","value":"//button[@data-kt=\"addButton\"]"}
RESULT: {"using":"xpath","value":"//button[@data-kt=\"addButton\"]"}
COMMAND: POST /session/1841494025458e3697387cb19f02ad73/elements - {"using":"xpath","value":"//button[@data-kt=\"addButton\"]"}
RESULT: {"using":"xpath","value":"//button[@data-kt=\"addButton\"]"}
COMMAND: POST /session/1841494025458e3697387cb19f02ad73/elements - {"using":"xpath","value":"//button[@data-kt=\"addButton\"]"}
RESULT: {"using":"xpath","value":"//button[@data-kt=\"addButton\"]"}
COMMAND: POST /session/1841494025458e3697387cb19f02ad73/elements - {"using":"xpath","value":"//button[@data-kt=\"addButton\"]"}
RESULT: {"using":"xpath","value":"//button[@data-kt=\"addButton\"]"}
COMMAND: POST /session/1841494025458e3697387cb19f02ad73/elements - {"using":"xpath","value":"//button[@data-kt=\"addButton\"]"}
RESULT: {"using":"xpath","value":"//button[@data-kt=\"addButton\"]"}
COMMAND: POST /session/1841494025458e3697387cb19f02ad73/elements - {"using":"xpath","value":"//button[@data-kt=\"addButton\"]"}
RESULT: {"using":"xpath","value":"//button[@data-kt=\"addButton\"]"}
COMMAND: POST /session/1841494025458e3697387cb19f02ad73/elements - {"using":"xpath","value":"//button[@data-kt=\"addButton\"]"}
RESULT: {"using":"xpath","value":"//button[@data-kt=\"addButton\"]"}
COMMAND: POST /session/1841494025458e3697387cb19f02ad73/elements - {"using":"xpath","value":"//button[@data-kt=\"addButton\"]"}
RESULT: {"using":"xpath","value":"//button[@data-kt=\"addButton\"]"}
COMMAND: POST /session/1841494025458e3697387cb19f02ad73/elements - {"using":"xpath","value":"//button[@data-kt=\"addButton\"]"}
RESULT: {"using":"xpath","value":"//button[@data-kt=\"addButton\"]"}
COMMAND: POST /session/1841494025458e3697387cb19f02ad73/elements - {"using":"xpath","value":"//button[@data-kt=\"addButton\"]"}
RESULT: {"using":"xpath","value":"//button[@data-kt=\"addButton\"]"}
COMMAND: POST /session/1841494025458e3697387cb19f02ad73/element - {"using":"xpath","value":"//button[@data-kt=\"addButton\"]"}
RESULT: {"using":"xpath","value":"//button[@data-kt=\"addButton\"]"}
COMMAND: POST /session/1841494025458e3697387cb19f02ad73/execute/sync - {"script":"<script> [8489 bytes]","args":[{"element-6066-11e4-a52e-4f735466cecf":"f.4A5FBB56EC8D275E16A1B089E6612898.d.D65F315B5EABC81F07B78679DA5B25E5.e.2417","ELEMENT":"f.4A5FBB56EC8D275E16A1B089E6612898.d.D65F315B5EABC81F07B78679DA5B25E5.e.2417"}]}
RESULT: {"script":"<script> [8489 bytes]","args":[{"element-6066-11e4-a52e-4f735466cecf":"f.4A5FBB56EC8D275E16A1B089E6612898.d.D65F315B5EABC81F07B78679DA5B25E5.e.2417","ELEMENT":"f.4A5FBB56EC8D275E16A1B089E6612898.d.D65F315B5EABC81F07B78679DA5B25E5.e.2417"}]}
COMMAND: GET /session/1841494025458e3697387cb19f02ad73/element/f.4A5FBB56EC8D275E16A1B089E6612898.d.D65F315B5EABC81F07B78679DA5B25E5.e.2417/enabled - {}
COMMAND: GET /session/1841494025458e3697387cb19f02ad73/screenshot - {}
RESULT: {}
COMMAND: POST /session/1841494025458e3697387cb19f02ad73/execute/sync - {"script":"<script> [8489 bytes]","args":[{"element-6066-11e4-a52e-4f735466cecf":"f.4A5FBB56EC8D275E16A1B089E6612898.d.D65F315B5EABC81F07B78679DA5B25E5.e.2417","ELEMENT":"f.4A5FBB56EC8D275E16A1B089E6612898.d.D65F315B5EABC81F07B78679DA5B25E5.e.2417"}]}
COMMAND: GET /session/1841494025458e3697387cb19f02ad73/screenshot - {}
RESULT: {}
RESULT: {"script":"<script> [8489 bytes]","args":[{"element-6066-11e4-a52e-4f735466cecf":"f.4A5FBB56EC8D275E16A1B089E6612898.d.D65F315B5EABC81F07B78679DA5B25E5.e.2417","ELEMENT":"f.4A5FBB56EC8D275E16A1B089E6612898.d.D65F315B5EABC81F07B78679DA5B25E5.e.2417"}]}
COMMAND: POST /session/1841494025458e3697387cb19f02ad73/execute/sync - {"script":"<script> [5351 bytes]","args":[{"element-6066-11e4-a52e-4f735466cecf":"f.4A5FBB56EC8D275E16A1B089E6612898.d.D65F315B5EABC81F07B78679DA5B25E5.e.2417","ELEMENT":"f.4A5FBB56EC8D275E16A1B089E6612898.d.D65F315B5EABC81F07B78679DA5B25E5.e.2417"}]}
COMMAND: GET /session/1841494025458e3697387cb19f02ad73/screenshot - {}
RESULT: {}
RESULT: {"script":"<script> [5351 bytes]","args":[{"element-6066-11e4-a52e-4f735466cecf":"f.4A5FBB56EC8D275E16A1B089E6612898.d.D65F315B5EABC81F07B78679DA5B25E5.e.2417","ELEMENT":"f.4A5FBB56EC8D275E16A1B089E6612898.d.D65F315B5EABC81F07B78679DA5B25E5.e.2417"}]}
COMMAND: GET /session/1841494025458e3697387cb19f02ad73/screenshot - {}
RESULT: {}
RESULT: {}
RESULT: undefined
COMMAND: POST /session/1841494025458e3697387cb19f02ad73/execute/async - {"script":"<script> [776 bytes]","args":[{"enterText":"1544","selector":{"id":"application-managepartners-display-component---masterPtm--smartFilterBar-btnBasicSearch","interaction":{"idSuffix":"I"}},"clearTextFirst":true,"interactionType":"ENTER_TEXT"}]}
RESULT: {"script":"<script> [776 bytes]","args":[{"enterText":"1544","selector":{"id":"application-managepartners-display-component---masterPtm--smartFilterBar-btnBasicSearch","interaction":{"idSuffix":"I"}},"clearTextFirst":true,"interactionType":"ENTER_TEXT"}]}
COMMAND: POST /session/1841494025458e3697387cb19f02ad73/actions - {"actions":[{"id":"action5","type":"key","parameters":{},"actions":[{"type":"keyDown","value":"î€‡"},{"type":"pause","duration":10},{"type":"keyUp","value":"î€‡"}]}]}
RESULT: {"actions":[{"id":"action5","type":"key","parameters":{},"actions":[{"type":"keyDown","value":"î€‡"},{"type":"pause","duration":10},{"type":"keyUp","value":"î€‡"}]}]}
COMMAND: GET /session/1841494025458e3697387cb19f02ad73/screenshot - {}
RESULT: {}
COMMAND: POST /session/1841494025458e3697387cb19f02ad73/elements - {"using":"xpath","value":"//table[contains(@id, \"customPartnersTable-listUl\")]/tbody/tr"}
RESULT: {"using":"xpath","value":"//table[contains(@id, \"customPartnersTable-listUl\")]/tbody/tr"}
COMMAND: POST /session/1841494025458e3697387cb19f02ad73/element - {"using":"xpath","value":"//table[contains(@id, \"customPartnersTable-listUl\")]/tbody/tr[1]/td[3]/span"}
RESULT: {"using":"xpath","value":"//table[contains(@id, \"customPartnersTable-listUl\")]/tbody/tr[1]/td[3]/span"}
COMMAND: POST /session/1841494025458e3697387cb19f02ad73/elements - {"using":"xpath","value":"//table[contains(@id, \"customPartnersTable-listUl\")]/tbody/tr[1]/td[3]/span"}
RESULT: {"using":"xpath","value":"//table[contains(@id, \"customPartnersTable-listUl\")]/tbody/tr[1]/td[3]/span"}
COMMAND: POST /session/1841494025458e3697387cb19f02ad73/execute/sync - {"script":"<script> [56 bytes]","args":[{"element-6066-11e4-a52e-4f735466cecf":"f.4A5FBB56EC8D275E16A1B089E6612898.d.D65F315B5EABC81F07B78679DA5B25E5.e.2552","ELEMENT":"f.4A5FBB56EC8D275E16A1B089E6612898.d.D65F315B5EABC81F07B78679DA5B25E5.e.2552"}]}
RESULT: {"script":"<script> [56 bytes]","args":[{"element-6066-11e4-a52e-4f735466cecf":"f.4A5FBB56EC8D275E16A1B089E6612898.d.D65F315B5EABC81F07B78679DA5B25E5.e.2552","ELEMENT":"f.4A5FBB56EC8D275E16A1B089E6612898.d.D65F315B5EABC81F07B78679DA5B25E5.e.2552"}]}
COMMAND: POST /session/1841494025458e3697387cb19f02ad73/element - {"using":"xpath","value":"//table[contains(@id, \"customPartnersTable-listUl\")]/tbody/tr[1]/td[7]/div/span"}
COMMAND: GET /session/1841494025458e3697387cb19f02ad73/screenshot - {}
RESULT: {"using":"xpath","value":"//table[contains(@id, \"customPartnersTable-listUl\")]/tbody/tr[1]/td[7]/div/span"}
COMMAND: POST /session/1841494025458e3697387cb19f02ad73/execute/sync - {"script":"<script> [56 bytes]","args":[{"element-6066-11e4-a52e-4f735466cecf":"f.4A5FBB56EC8D275E16A1B089E6612898.d.D65F315B5EABC81F07B78679DA5B25E5.e.2553","ELEMENT":"f.4A5FBB56EC8D275E16A1B089E6612898.d.D65F315B5EABC81F07B78679DA5B25E5.e.2553"}]}
RESULT: {}
RESULT: {"script":"<script> [56 bytes]","args":[{"element-6066-11e4-a52e-4f735466cecf":"f.4A5FBB56EC8D275E16A1B089E6612898.d.D65F315B5EABC81F07B78679DA5B25E5.e.2553","ELEMENT":"f.4A5FBB56EC8D275E16A1B089E6612898.d.D65F315B5EABC81F07B78679DA5B25E5.e.2553"}]}
COMMAND: POST /session/1841494025458e3697387cb19f02ad73/element - {"using":"xpath","value":"//table[contains(@id, \"customPartnersTable-listUl\")]/tbody/tr[1]/td[2]/div/div"}
COMMAND: GET /session/1841494025458e3697387cb19f02ad73/screenshot - {}
RESULT: {"using":"xpath","value":"//table[contains(@id, \"customPartnersTable-listUl\")]/tbody/tr[1]/td[2]/div/div"}
COMMAND: POST /session/1841494025458e3697387cb19f02ad73/element/f.4A5FBB56EC8D275E16A1B089E6612898.d.D65F315B5EABC81F07B78679DA5B25E5.e.2554/click - {}
RESULT: {}
RESULT: {}
COMMAND: GET /session/1841494025458e3697387cb19f02ad73/screenshot - {}
RESULT: {}
COMMAND: POST /session/1841494025458e3697387cb19f02ad73/element - {"using":"xpath","value":"//bdi[contains(text(), \"Activate\")]"}
RESULT: {"using":"xpath","value":"//bdi[contains(text(), \"Activate\")]"}
COMMAND: POST /session/1841494025458e3697387cb19f02ad73/element/f.4A5FBB56EC8D275E16A1B089E6612898.d.D65F315B5EABC81F07B78679DA5B25E5.e.2555/click - {}
RESULT: {}
COMMAND: GET /session/1841494025458e3697387cb19f02ad73/screenshot - {}
RESULT: {}
COMMAND: POST /session/1841494025458e3697387cb19f02ad73/element - {"using":"xpath","value":"//bdi[contains(text(), \"Yes\")]"}
RESULT: {"using":"xpath","value":"//bdi[contains(text(), \"Yes\")]"}
COMMAND: POST /session/1841494025458e3697387cb19f02ad73/element/f.4A5FBB56EC8D275E16A1B089E6612898.d.D65F315B5EABC81F07B78679DA5B25E5.e.2557/click - {}
RESULT: {}
COMMAND: GET /session/1841494025458e3697387cb19f02ad73/screenshot - {}
RESULT: {}
COMMAND: POST /session/1841494025458e3697387cb19f02ad73/element - {"using":"xpath","value":"//table[contains(@id, \"customPartnersTable-listUl\")]/tbody/tr[1]/td[7]/div/span"}
RESULT: {"using":"xpath","value":"//table[contains(@id, \"customPartnersTable-listUl\")]/tbody/tr[1]/td[7]/div/span"}
COMMAND: POST /session/1841494025458e3697387cb19f02ad73/execute/sync - {"script":"<script> [56 bytes]","args":[{"element-6066-11e4-a52e-4f735466cecf":"f.4A5FBB56EC8D275E16A1B089E6612898.d.D65F315B5EABC81F07B78679DA5B25E5.e.2553","ELEMENT":"f.4A5FBB56EC8D275E16A1B089E6612898.d.D65F315B5EABC81F07B78679DA5B25E5.e.2553"}]}
RESULT: {"script":"<script> [56 bytes]","args":[{"element-6066-11e4-a52e-4f735466cecf":"f.4A5FBB56EC8D275E16A1B089E6612898.d.D65F315B5EABC81F07B78679DA5B25E5.e.2553","ELEMENT":"f.4A5FBB56EC8D275E16A1B089E6612898.d.D65F315B5EABC81F07B78679DA5B25E5.e.2553"}]}
COMMAND: GET /session/1841494025458e3697387cb19f02ad73/screenshot - {}
RESULT: {}
COMMAND: POST /session/1841494025458e3697387cb19f02ad73/element - {"using":"css selector","value":"#shell-header-logo"}
RESULT: {"using":"css selector","value":"#shell-header-logo"}
COMMAND: POST /session/1841494025458e3697387cb19f02ad73/element/f.4A5FBB56EC8D275E16A1B089E6612898.d.D65F315B5EABC81F07B78679DA5B25E5.e.2372/click - {}
RESULT: {}
COMMAND: GET /session/1841494025458e3697387cb19f02ad73/screenshot - {}
RESULT: {}
]]></system-out>
    </testcase>
    <testcase classname="chrome.136_0_7103_49.windows.Partner_specific_tests_US150819_US151080_US151654_US151176_US103444_US151078_US151079_US151109_US151174_US151175_US151189" name="Should edit the created external partner and save it and check its content US103444" time="64.688">
      <system-out><![CDATA[
COMMAND: POST /session/1841494025458e3697387cb19f02ad73/element - {"using":"xpath","value":"//li[.//span[text()=\"Manage Partners\"]]"}
RESULT: {"using":"xpath","value":"//li[.//span[text()=\"Manage Partners\"]]"}
COMMAND: POST /session/1841494025458e3697387cb19f02ad73/element - {"using":"xpath","value":"//li[.//span[text()=\"Manage Partners\"]]"}
RESULT: {"using":"xpath","value":"//li[.//span[text()=\"Manage Partners\"]]"}
COMMAND: POST /session/1841494025458e3697387cb19f02ad73/element - {"using":"css selector","value":"#shell-header-logo"}
RESULT: {"using":"css selector","value":"#shell-header-logo"}
COMMAND: POST /session/1841494025458e3697387cb19f02ad73/element/f.4A5FBB56EC8D275E16A1B089E6612898.d.D65F315B5EABC81F07B78679DA5B25E5.e.2561/click - {}
COMMAND: POST /session/1841494025458e3697387cb19f02ad73/execute/sync - {"script":"<script> [8489 bytes]","args":[{"element-6066-11e4-a52e-4f735466cecf":"f.4A5FBB56EC8D275E16A1B089E6612898.d.D65F315B5EABC81F07B78679DA5B25E5.e.2561","ELEMENT":"f.4A5FBB56EC8D275E16A1B089E6612898.d.D65F315B5EABC81F07B78679DA5B25E5.e.2561"}]}
RESULT: {}
COMMAND: GET /session/1841494025458e3697387cb19f02ad73/screenshot - {}
RESULT: {"script":"<script> [8489 bytes]","args":[{"element-6066-11e4-a52e-4f735466cecf":"f.4A5FBB56EC8D275E16A1B089E6612898.d.D65F315B5EABC81F07B78679DA5B25E5.e.2561","ELEMENT":"f.4A5FBB56EC8D275E16A1B089E6612898.d.D65F315B5EABC81F07B78679DA5B25E5.e.2561"}]}
COMMAND: POST /session/1841494025458e3697387cb19f02ad73/execute/sync - {"script":"<script> [5351 bytes]","args":[{"element-6066-11e4-a52e-4f735466cecf":"f.4A5FBB56EC8D275E16A1B089E6612898.d.D65F315B5EABC81F07B78679DA5B25E5.e.2561","ELEMENT":"f.4A5FBB56EC8D275E16A1B089E6612898.d.D65F315B5EABC81F07B78679DA5B25E5.e.2561"}]}
COMMAND: GET /session/1841494025458e3697387cb19f02ad73/screenshot - {}
RESULT: {}
RESULT: {"script":"<script> [5351 bytes]","args":[{"element-6066-11e4-a52e-4f735466cecf":"f.4A5FBB56EC8D275E16A1B089E6612898.d.D65F315B5EABC81F07B78679DA5B25E5.e.2561","ELEMENT":"f.4A5FBB56EC8D275E16A1B089E6612898.d.D65F315B5EABC81F07B78679DA5B25E5.e.2561"}]}
COMMAND: GET /session/1841494025458e3697387cb19f02ad73/screenshot - {}
RESULT: {}
RESULT: {}
RESULT: undefined
COMMAND: POST /session/1841494025458e3697387cb19f02ad73/element - {"using":"xpath","value":"//*[@id=\"__tile38\"]"}
RESULT: {"using":"xpath","value":"//*[@id=\"__tile38\"]"}
COMMAND: POST /session/1841494025458e3697387cb19f02ad73/element/f.4A5FBB56EC8D275E16A1B089E6612898.d.D65F315B5EABC81F07B78679DA5B25E5.e.150/click - {}
RESULT: {}
COMMAND: POST /session/1841494025458e3697387cb19f02ad73/element - {"using":"xpath","value":"//button[@data-kt=\"addButton\"]"}
COMMAND: GET /session/1841494025458e3697387cb19f02ad73/screenshot - {}
RESULT: {"using":"xpath","value":"//button[@data-kt=\"addButton\"]"}
COMMAND: POST /session/1841494025458e3697387cb19f02ad73/elements - {"using":"xpath","value":"//button[@data-kt=\"addButton\"]"}
RESULT: {}
RESULT: {"using":"xpath","value":"//button[@data-kt=\"addButton\"]"}
COMMAND: POST /session/1841494025458e3697387cb19f02ad73/elements - {"using":"xpath","value":"//button[@data-kt=\"addButton\"]"}
RESULT: {"using":"xpath","value":"//button[@data-kt=\"addButton\"]"}
COMMAND: POST /session/1841494025458e3697387cb19f02ad73/elements - {"using":"xpath","value":"//button[@data-kt=\"addButton\"]"}
RESULT: {"using":"xpath","value":"//button[@data-kt=\"addButton\"]"}
COMMAND: POST /session/1841494025458e3697387cb19f02ad73/elements - {"using":"xpath","value":"//button[@data-kt=\"addButton\"]"}
RESULT: {"using":"xpath","value":"//button[@data-kt=\"addButton\"]"}
COMMAND: POST /session/1841494025458e3697387cb19f02ad73/elements - {"using":"xpath","value":"//button[@data-kt=\"addButton\"]"}
RESULT: {"using":"xpath","value":"//button[@data-kt=\"addButton\"]"}
COMMAND: POST /session/1841494025458e3697387cb19f02ad73/element - {"using":"xpath","value":"//button[@data-kt=\"addButton\"]"}
RESULT: {"using":"xpath","value":"//button[@data-kt=\"addButton\"]"}
COMMAND: POST /session/1841494025458e3697387cb19f02ad73/execute/sync - {"script":"<script> [8489 bytes]","args":[{"element-6066-11e4-a52e-4f735466cecf":"f.4A5FBB56EC8D275E16A1B089E6612898.d.D65F315B5EABC81F07B78679DA5B25E5.e.2596","ELEMENT":"f.4A5FBB56EC8D275E16A1B089E6612898.d.D65F315B5EABC81F07B78679DA5B25E5.e.2596"}]}
RESULT: {"script":"<script> [8489 bytes]","args":[{"element-6066-11e4-a52e-4f735466cecf":"f.4A5FBB56EC8D275E16A1B089E6612898.d.D65F315B5EABC81F07B78679DA5B25E5.e.2596","ELEMENT":"f.4A5FBB56EC8D275E16A1B089E6612898.d.D65F315B5EABC81F07B78679DA5B25E5.e.2596"}]}
COMMAND: GET /session/1841494025458e3697387cb19f02ad73/element/f.4A5FBB56EC8D275E16A1B089E6612898.d.D65F315B5EABC81F07B78679DA5B25E5.e.2596/enabled - {}
COMMAND: GET /session/1841494025458e3697387cb19f02ad73/screenshot - {}
RESULT: {}
COMMAND: POST /session/1841494025458e3697387cb19f02ad73/execute/sync - {"script":"<script> [8489 bytes]","args":[{"element-6066-11e4-a52e-4f735466cecf":"f.4A5FBB56EC8D275E16A1B089E6612898.d.D65F315B5EABC81F07B78679DA5B25E5.e.2596","ELEMENT":"f.4A5FBB56EC8D275E16A1B089E6612898.d.D65F315B5EABC81F07B78679DA5B25E5.e.2596"}]}
COMMAND: GET /session/1841494025458e3697387cb19f02ad73/screenshot - {}
RESULT: {}
RESULT: {"script":"<script> [8489 bytes]","args":[{"element-6066-11e4-a52e-4f735466cecf":"f.4A5FBB56EC8D275E16A1B089E6612898.d.D65F315B5EABC81F07B78679DA5B25E5.e.2596","ELEMENT":"f.4A5FBB56EC8D275E16A1B089E6612898.d.D65F315B5EABC81F07B78679DA5B25E5.e.2596"}]}
COMMAND: POST /session/1841494025458e3697387cb19f02ad73/execute/sync - {"script":"<script> [5351 bytes]","args":[{"element-6066-11e4-a52e-4f735466cecf":"f.4A5FBB56EC8D275E16A1B089E6612898.d.D65F315B5EABC81F07B78679DA5B25E5.e.2596","ELEMENT":"f.4A5FBB56EC8D275E16A1B089E6612898.d.D65F315B5EABC81F07B78679DA5B25E5.e.2596"}]}
COMMAND: GET /session/1841494025458e3697387cb19f02ad73/screenshot - {}
RESULT: {}
RESULT: {"script":"<script> [5351 bytes]","args":[{"element-6066-11e4-a52e-4f735466cecf":"f.4A5FBB56EC8D275E16A1B089E6612898.d.D65F315B5EABC81F07B78679DA5B25E5.e.2596","ELEMENT":"f.4A5FBB56EC8D275E16A1B089E6612898.d.D65F315B5EABC81F07B78679DA5B25E5.e.2596"}]}
COMMAND: GET /session/1841494025458e3697387cb19f02ad73/screenshot - {}
RESULT: {}
RESULT: {}
RESULT: undefined
COMMAND: POST /session/1841494025458e3697387cb19f02ad73/execute/async - {"script":"<script> [776 bytes]","args":[{"enterText":"1544","selector":{"id":"application-managepartners-display-component---masterPtm--smartFilterBar-btnBasicSearch","interaction":{"idSuffix":"I"}},"clearTextFirst":true,"interactionType":"ENTER_TEXT"}]}
RESULT: {"script":"<script> [776 bytes]","args":[{"enterText":"1544","selector":{"id":"application-managepartners-display-component---masterPtm--smartFilterBar-btnBasicSearch","interaction":{"idSuffix":"I"}},"clearTextFirst":true,"interactionType":"ENTER_TEXT"}]}
COMMAND: POST /session/1841494025458e3697387cb19f02ad73/actions - {"actions":[{"id":"action6","type":"key","parameters":{},"actions":[{"type":"keyDown","value":"î€‡"},{"type":"pause","duration":10},{"type":"keyUp","value":"î€‡"}]}]}
RESULT: {"actions":[{"id":"action6","type":"key","parameters":{},"actions":[{"type":"keyDown","value":"î€‡"},{"type":"pause","duration":10},{"type":"keyUp","value":"î€‡"}]}]}
COMMAND: GET /session/1841494025458e3697387cb19f02ad73/screenshot - {}
RESULT: {}
COMMAND: POST /session/1841494025458e3697387cb19f02ad73/elements - {"using":"xpath","value":"//table[contains(@id, \"customPartnersTable-listUl\")]/tbody/tr"}
RESULT: {"using":"xpath","value":"//table[contains(@id, \"customPartnersTable-listUl\")]/tbody/tr"}
COMMAND: POST /session/1841494025458e3697387cb19f02ad73/element - {"using":"xpath","value":"//table[contains(@id, \"customPartnersTable-listUl\")]/tbody/tr[1]/td[3]/span"}
RESULT: {"using":"xpath","value":"//table[contains(@id, \"customPartnersTable-listUl\")]/tbody/tr[1]/td[3]/span"}
COMMAND: POST /session/1841494025458e3697387cb19f02ad73/elements - {"using":"xpath","value":"//table[contains(@id, \"customPartnersTable-listUl\")]/tbody/tr[1]/td[3]/span"}
RESULT: {"using":"xpath","value":"//table[contains(@id, \"customPartnersTable-listUl\")]/tbody/tr[1]/td[3]/span"}
COMMAND: POST /session/1841494025458e3697387cb19f02ad73/execute/sync - {"script":"<script> [56 bytes]","args":[{"element-6066-11e4-a52e-4f735466cecf":"f.4A5FBB56EC8D275E16A1B089E6612898.d.D65F315B5EABC81F07B78679DA5B25E5.e.2742","ELEMENT":"f.4A5FBB56EC8D275E16A1B089E6612898.d.D65F315B5EABC81F07B78679DA5B25E5.e.2742"}]}
RESULT: {"script":"<script> [56 bytes]","args":[{"element-6066-11e4-a52e-4f735466cecf":"f.4A5FBB56EC8D275E16A1B089E6612898.d.D65F315B5EABC81F07B78679DA5B25E5.e.2742","ELEMENT":"f.4A5FBB56EC8D275E16A1B089E6612898.d.D65F315B5EABC81F07B78679DA5B25E5.e.2742"}]}
COMMAND: POST /session/1841494025458e3697387cb19f02ad73/element - {"using":"xpath","value":"(//span[contains(@id, \"imgNav\")])[1]"}
COMMAND: GET /session/1841494025458e3697387cb19f02ad73/screenshot - {}
RESULT: {"using":"xpath","value":"(//span[contains(@id, \"imgNav\")])[1]"}
COMMAND: POST /session/1841494025458e3697387cb19f02ad73/element/f.4A5FBB56EC8D275E16A1B089E6612898.d.D65F315B5EABC81F07B78679DA5B25E5.e.2740/click - {}
RESULT: {}
RESULT: {}
COMMAND: GET /session/1841494025458e3697387cb19f02ad73/screenshot - {}
RESULT: {}
COMMAND: POST /session/1841494025458e3697387cb19f02ad73/element - {"using":"xpath","value":"//bdi[contains(text(), \"Edit\")]"}
RESULT: {"using":"xpath","value":"//bdi[contains(text(), \"Edit\")]"}
COMMAND: POST /session/1841494025458e3697387cb19f02ad73/element/f.4A5FBB56EC8D275E16A1B089E6612898.d.D65F315B5EABC81F07B78679DA5B25E5.e.2884/click - {}
RESULT: {}
COMMAND: GET /session/1841494025458e3697387cb19f02ad73/screenshot - {}
RESULT: {}
COMMAND: POST /session/1841494025458e3697387cb19f02ad73/execute/async - {"script":"<script> [1562 bytes]","args":[{"selector":{"controlType":"sap.m.Input","viewName":"etm.portal.ui.managepartners.view.EditDetail","labelFor":{"text":"Name"},"interaction":{"idSuffix":"inner"}},"wdio_ui5_key":"etmportal.ui.managepartners.view.EditDetailsap.m.Input{\"text\":\"Name\"}"}]}
RESULT: {"script":"<script> [1562 bytes]","args":[{"selector":{"controlType":"sap.m.Input","viewName":"etm.portal.ui.managepartners.view.EditDetail","labelFor":{"text":"Name"},"interaction":{"idSuffix":"inner"}},"wdio_ui5_key":"etmportal.ui.managepartners.view.EditDetailsap.m.Input{\"text\":\"Name\"}"}]}
RESULT: undefined
COMMAND: POST /session/1841494025458e3697387cb19f02ad73/execute/async - {"script":"<script> [776 bytes]","args":[{"enterText":"External EDIT","selector":{"controlType":"sap.m.Input","viewName":"etm.portal.ui.managepartners.view.EditDetail","labelFor":{"text":"Name"},"interaction":{"idSuffix":"inner"}},"clearTextFirst":true,"interactionType":"ENTER_TEXT"}]}
RESULT: {"script":"<script> [776 bytes]","args":[{"enterText":"External EDIT","selector":{"controlType":"sap.m.Input","viewName":"etm.portal.ui.managepartners.view.EditDetail","labelFor":{"text":"Name"},"interaction":{"idSuffix":"inner"}},"clearTextFirst":true,"interactionType":"ENTER_TEXT"}]}
COMMAND: POST /session/1841494025458e3697387cb19f02ad73/element - {"using":"xpath","value":"(//span[contains(@id,\"addressDetailDetailsLanguage-arrow\")])[1]"}
RESULT: {"using":"xpath","value":"(//span[contains(@id,\"addressDetailDetailsLanguage-arrow\")])[1]"}
COMMAND: POST /session/1841494025458e3697387cb19f02ad73/element/f.4A5FBB56EC8D275E16A1B089E6612898.d.D65F315B5EABC81F07B78679DA5B25E5.e.2963/click - {}
RESULT: {}
COMMAND: POST /session/1841494025458e3697387cb19f02ad73/element - {"using":"xpath","value":"//span[contains(text(), \"Chinese\")]"}
COMMAND: GET /session/1841494025458e3697387cb19f02ad73/screenshot - {}
RESULT: {"using":"xpath","value":"//span[contains(text(), \"Chinese\")]"}
COMMAND: POST /session/1841494025458e3697387cb19f02ad73/element/f.4A5FBB56EC8D275E16A1B089E6612898.d.D65F315B5EABC81F07B78679DA5B25E5.e.2964/click - {}
RESULT: {}
RESULT: {}
COMMAND: GET /session/1841494025458e3697387cb19f02ad73/screenshot - {}
RESULT: {}
COMMAND: POST /session/1841494025458e3697387cb19f02ad73/execute/async - {"script":"<script> [1562 bytes]","args":[{"selector":{"controlType":"sap.m.Input","viewName":"etm.portal.ui.managepartners.view.EditDetail","labelFor":{"text":"City"},"interaction":{"idSuffix":"inner"}},"wdio_ui5_key":"etmportal.ui.managepartners.view.EditDetailsap.m.Input{\"text\":\"City\"}"}]}
RESULT: {"script":"<script> [1562 bytes]","args":[{"selector":{"controlType":"sap.m.Input","viewName":"etm.portal.ui.managepartners.view.EditDetail","labelFor":{"text":"City"},"interaction":{"idSuffix":"inner"}},"wdio_ui5_key":"etmportal.ui.managepartners.view.EditDetailsap.m.Input{\"text\":\"City\"}"}]}
RESULT: undefined
COMMAND: POST /session/1841494025458e3697387cb19f02ad73/execute/async - {"script":"<script> [776 bytes]","args":[{"enterText":"Clooj-Napoca","selector":{"controlType":"sap.m.Input","viewName":"etm.portal.ui.managepartners.view.EditDetail","labelFor":{"text":"City"},"interaction":{"idSuffix":"inner"}},"clearTextFirst":true,"interactionType":"ENTER_TEXT"}]}
RESULT: {"script":"<script> [776 bytes]","args":[{"enterText":"Clooj-Napoca","selector":{"controlType":"sap.m.Input","viewName":"etm.portal.ui.managepartners.view.EditDetail","labelFor":{"text":"City"},"interaction":{"idSuffix":"inner"}},"clearTextFirst":true,"interactionType":"ENTER_TEXT"}]}
COMMAND: POST /session/1841494025458e3697387cb19f02ad73/element - {"using":"xpath","value":"//button[@data-kt=\"saveButton\"]"}
RESULT: {"using":"xpath","value":"//button[@data-kt=\"saveButton\"]"}
COMMAND: POST /session/1841494025458e3697387cb19f02ad73/element/f.4A5FBB56EC8D275E16A1B089E6612898.d.D65F315B5EABC81F07B78679DA5B25E5.e.2946/click - {}
RESULT: {}
COMMAND: GET /session/1841494025458e3697387cb19f02ad73/screenshot - {}
RESULT: {}
COMMAND: POST /session/1841494025458e3697387cb19f02ad73/execute/async - {"script":"<script> [1562 bytes]","args":[{"selector":{"id":"application-managepartners-display-component---detailPtm--addressDetailDetailsName1"},"wdio_ui5_key":"applicationmanagepartners-display-component---detailPtm--addressDetailDetailsName1"}]}
RESULT: {"script":"<script> [1562 bytes]","args":[{"selector":{"id":"application-managepartners-display-component---detailPtm--addressDetailDetailsName1"},"wdio_ui5_key":"applicationmanagepartners-display-component---detailPtm--addressDetailDetailsName1"}]}
RESULT: undefined
COMMAND: POST /session/1841494025458e3697387cb19f02ad73/execute/async - {"script":"<script> [6424 bytes]","args":[{"element-6066-11e4-a52e-4f735466cecf":"f.4A5FBB56EC8D275E16A1B089E6612898.d.D65F315B5EABC81F07B78679DA5B25E5.e.2995"},"getValue",[]]}
RESULT: {"script":"<script> [6424 bytes]","args":[{"element-6066-11e4-a52e-4f735466cecf":"f.4A5FBB56EC8D275E16A1B089E6612898.d.D65F315B5EABC81F07B78679DA5B25E5.e.2995"},"getValue",[]]}
COMMAND: POST /session/1841494025458e3697387cb19f02ad73/element - {"using":"xpath","value":"//input[@id = \"application-managepartners-display-component---detailPtm--addressDetailDetailsLanguage-inner\"]"}
RESULT: {"using":"xpath","value":"//input[@id = \"application-managepartners-display-component---detailPtm--addressDetailDetailsLanguage-inner\"]"}
COMMAND: GET /session/1841494025458e3697387cb19f02ad73/element/f.4A5FBB56EC8D275E16A1B089E6612898.d.D65F315B5EABC81F07B78679DA5B25E5.e.2996/property/value - {}
RESULT: {}
COMMAND: POST /session/1841494025458e3697387cb19f02ad73/execute/async - {"script":"<script> [1562 bytes]","args":[{"selector":{"id":"application-managepartners-display-component---detailPtm--addressDetailDetailsCity1"},"wdio_ui5_key":"applicationmanagepartners-display-component---detailPtm--addressDetailDetailsCity1"}]}
COMMAND: GET /session/1841494025458e3697387cb19f02ad73/screenshot - {}
RESULT: {"script":"<script> [1562 bytes]","args":[{"selector":{"id":"application-managepartners-display-component---detailPtm--addressDetailDetailsCity1"},"wdio_ui5_key":"applicationmanagepartners-display-component---detailPtm--addressDetailDetailsCity1"}]}
RESULT: undefined
COMMAND: POST /session/1841494025458e3697387cb19f02ad73/execute/async - {"script":"<script> [6424 bytes]","args":[{"element-6066-11e4-a52e-4f735466cecf":"f.4A5FBB56EC8D275E16A1B089E6612898.d.D65F315B5EABC81F07B78679DA5B25E5.e.2997"},"getValue",[]]}
RESULT: {}
RESULT: {"script":"<script> [6424 bytes]","args":[{"element-6066-11e4-a52e-4f735466cecf":"f.4A5FBB56EC8D275E16A1B089E6612898.d.D65F315B5EABC81F07B78679DA5B25E5.e.2997"},"getValue",[]]}
COMMAND: POST /session/1841494025458e3697387cb19f02ad73/element - {"using":"css selector","value":"#shell-header-logo"}
RESULT: {"using":"css selector","value":"#shell-header-logo"}
COMMAND: POST /session/1841494025458e3697387cb19f02ad73/element/f.4A5FBB56EC8D275E16A1B089E6612898.d.D65F315B5EABC81F07B78679DA5B25E5.e.2561/click - {}
RESULT: {}
COMMAND: GET /session/1841494025458e3697387cb19f02ad73/screenshot - {}
RESULT: {}
]]></system-out>
    </testcase>
    <testcase classname="chrome.136_0_7103_49.windows.Partner_specific_tests_US150819_US151080_US151654_US151176_US103444_US151078_US151079_US151109_US151174_US151175_US151189" name="Should create a new intercompany partner edit some of its fields US151078" time="245.21">
      <system-out><![CDATA[
COMMAND: POST /session/1841494025458e3697387cb19f02ad73/element - {"using":"xpath","value":"//li[.//span[text()=\"Manage Partners\"]]"}
RESULT: {"using":"xpath","value":"//li[.//span[text()=\"Manage Partners\"]]"}
COMMAND: POST /session/1841494025458e3697387cb19f02ad73/element - {"using":"xpath","value":"//li[.//span[text()=\"Manage Partners\"]]"}
RESULT: {"using":"xpath","value":"//li[.//span[text()=\"Manage Partners\"]]"}
COMMAND: POST /session/1841494025458e3697387cb19f02ad73/element - {"using":"css selector","value":"#shell-header-logo"}
RESULT: {"using":"css selector","value":"#shell-header-logo"}
COMMAND: POST /session/1841494025458e3697387cb19f02ad73/element/f.4A5FBB56EC8D275E16A1B089E6612898.d.D65F315B5EABC81F07B78679DA5B25E5.e.3027/click - {}
COMMAND: POST /session/1841494025458e3697387cb19f02ad73/execute/sync - {"script":"<script> [8489 bytes]","args":[{"element-6066-11e4-a52e-4f735466cecf":"f.4A5FBB56EC8D275E16A1B089E6612898.d.D65F315B5EABC81F07B78679DA5B25E5.e.3027","ELEMENT":"f.4A5FBB56EC8D275E16A1B089E6612898.d.D65F315B5EABC81F07B78679DA5B25E5.e.3027"}]}
RESULT: {"script":"<script> [8489 bytes]","args":[{"element-6066-11e4-a52e-4f735466cecf":"f.4A5FBB56EC8D275E16A1B089E6612898.d.D65F315B5EABC81F07B78679DA5B25E5.e.3027","ELEMENT":"f.4A5FBB56EC8D275E16A1B089E6612898.d.D65F315B5EABC81F07B78679DA5B25E5.e.3027"}]}
COMMAND: POST /session/1841494025458e3697387cb19f02ad73/execute/sync - {"script":"<script> [5351 bytes]","args":[{"element-6066-11e4-a52e-4f735466cecf":"f.4A5FBB56EC8D275E16A1B089E6612898.d.D65F315B5EABC81F07B78679DA5B25E5.e.3027","ELEMENT":"f.4A5FBB56EC8D275E16A1B089E6612898.d.D65F315B5EABC81F07B78679DA5B25E5.e.3027"}]}
COMMAND: GET /session/1841494025458e3697387cb19f02ad73/screenshot - {}
RESULT: {}
COMMAND: GET /session/1841494025458e3697387cb19f02ad73/screenshot - {}
RESULT: {"script":"<script> [5351 bytes]","args":[{"element-6066-11e4-a52e-4f735466cecf":"f.4A5FBB56EC8D275E16A1B089E6612898.d.D65F315B5EABC81F07B78679DA5B25E5.e.3027","ELEMENT":"f.4A5FBB56EC8D275E16A1B089E6612898.d.D65F315B5EABC81F07B78679DA5B25E5.e.3027"}]}
COMMAND: GET /session/1841494025458e3697387cb19f02ad73/screenshot - {}
RESULT: {}
RESULT: {}
RESULT: {}
COMMAND: POST /session/1841494025458e3697387cb19f02ad73/refresh - {}
RESULT: {}
COMMAND: GET /session/1841494025458e3697387cb19f02ad73/screenshot - {}
RESULT: {}
COMMAND: POST /session/1841494025458e3697387cb19f02ad73/refresh - {}
RESULT: {}
COMMAND: GET /session/1841494025458e3697387cb19f02ad73/screenshot - {}
RESULT: {}
COMMAND: POST /session/1841494025458e3697387cb19f02ad73/window/fullscreen - {}
RESULT: {}
COMMAND: POST /session/1841494025458e3697387cb19f02ad73/execute/async - {"script":"<script> [189 bytes]","args":[]}
RESULT: {"script":"<script> [189 bytes]","args":[]}
COMMAND: POST /session/1841494025458e3697387cb19f02ad73/execute/async - {"script":"<script> [123 bytes]","args":[]}
RESULT: {"script":"<script> [123 bytes]","args":[]}
COMMAND: POST /session/1841494025458e3697387cb19f02ad73/timeouts - {"script":"<number>"}
RESULT: {"script":"<number>"}
COMMAND: GET /session/1841494025458e3697387cb19f02ad73/timeouts - {}
RESULT: {}
RESULT: undefined
COMMAND: POST /session/1841494025458e3697387cb19f02ad73/execute/async - {"script":"<script> [2676 bytes]","args":[]}
RESULT: {"script":"<script> [2676 bytes]","args":[]}
COMMAND: POST /session/1841494025458e3697387cb19f02ad73/execute/async - {"script":"<script> [2342 bytes]","args":[{"protocol":"http","hostname":"0.0.0.0","path":"/","capabilities":{"browserName":"chrome","goog:chromeOptions":{"binary":"C:\\Program Files\\Google\\Chrome\\Application\\chrome.exe","args":["--start-maximized"]}},"logLevel":"warn","connectionRetryTimeout":120000,"connectionRetryCount":3,"logLevels":{},"enableDirectConnect":true,"strictSSL":true,"_":"65 more keys: [\"cacheDir\",\"port\",\"requestedCapabilities\",\"automationProtocol\",\"baseUrl\",\"waitforInterval\",\"waitforTimeout\",\"onReload\",\"beforeCommand\",\"afterCommand\",\"rootDir\",\"specs\",\"suites\",\"exclude\",\"groupLogsByTestSpec\",\"excludeDriverLogs\",\"bail\",\"framework\",\"reporters\",\"services\",\"maxInstances\",\"maxInstancesPerCapability\",\"injectGlobals\",\"filesToWatch\",\"execArgv\",\"runnerEnv\",\"runner\",\"shard\",\"specFileRetries\",\"specFileRetriesDelay\",\"specFileRetriesDeferred\",\"reporterSyncInterval\",\"reporterSyncTimeout\",\"cucumberFeaturesWithLineNumbers\",\"autoCompileOpts\",\"mochaOpts\",\"jasmineOpts\",\"cucumberOpts\",\"onPrepare\",\"onWorkerStart\",\"onWorkerEnd\",\"before\",\"beforeSession\",\"beforeSuite\",\"beforeHook\",\"beforeTest\",\"afterTest\",\"afterHook\",\"afterSuite\",\"afterSession\",\"after\",\"onComplete\",\"beforeAssertion\",\"afterAssertion\",\"beforeFeature\",\"beforeScenario\",\"beforeStep\",\"afterStep\",\"afterScenario\",\"afterFeature\",\"_\",\"suite\",\"$0\",\"ignoredWorkerServices\",\"wdi5\"]"}]}
RESULT: {"script":"<script> [2342 bytes]","args":[{"protocol":"http","hostname":"0.0.0.0","path":"/","capabilities":{"browserName":"chrome","goog:chromeOptions":{"binary":"C:\\Program Files\\Google\\Chrome\\Application\\chrome.exe","args":["--start-maximized"]}},"logLevel":"warn","connectionRetryTimeout":120000,"connectionRetryCount":3,"logLevels":{},"enableDirectConnect":true,"strictSSL":true,"_":"65 more keys: [\"cacheDir\",\"port\",\"requestedCapabilities\",\"automationProtocol\",\"baseUrl\",\"waitforInterval\",\"waitforTimeout\",\"onReload\",\"beforeCommand\",\"afterCommand\",\"rootDir\",\"specs\",\"suites\",\"exclude\",\"groupLogsByTestSpec\",\"excludeDriverLogs\",\"bail\",\"framework\",\"reporters\",\"services\",\"maxInstances\",\"maxInstancesPerCapability\",\"injectGlobals\",\"filesToWatch\",\"execArgv\",\"runnerEnv\",\"runner\",\"shard\",\"specFileRetries\",\"specFileRetriesDelay\",\"specFileRetriesDeferred\",\"reporterSyncInterval\",\"reporterSyncTimeout\",\"cucumberFeaturesWithLineNumbers\",\"autoCompileOpts\",\"mochaOpts\",\"jasmineOpts\",\"cucumberOpts\",\"onPrepare\",\"onWorkerStart\",\"onWorkerEnd\",\"before\",\"beforeSession\",\"beforeSuite\",\"beforeHook\",\"beforeTest\",\"afterTest\",\"afterHook\",\"afterSuite\",\"afterSession\",\"after\",\"onComplete\",\"beforeAssertion\",\"afterAssertion\",\"beforeFeature\",\"beforeScenario\",\"beforeStep\",\"afterStep\",\"afterScenario\",\"afterFeature\",\"_\",\"suite\",\"$0\",\"ignoredWorkerServices\",\"wdi5\"]"}]}
COMMAND: POST /session/1841494025458e3697387cb19f02ad73/execute/async - {"script":"<script> [21126 bytes]","args":[35000]}
RESULT: {"script":"<script> [21126 bytes]","args":[35000]}
COMMAND: POST /session/1841494025458e3697387cb19f02ad73/window/fullscreen - {}
RESULT: {}
COMMAND: POST /session/1841494025458e3697387cb19f02ad73/window/fullscreen - {}
RESULT: {}
COMMAND: POST /session/1841494025458e3697387cb19f02ad73/execute/async - {"script":"<script> [1562 bytes]","args":[{"selector":{"controlType":"sap.m.GenericTile","properties":{"header":"Manage Partners"}},"wdio_ui5_key":"sapm.GenericTile{\"header\":\"Manage Partners\"}"}]}
RESULT: {"script":"<script> [1562 bytes]","args":[{"selector":{"controlType":"sap.m.GenericTile","properties":{"header":"Manage Partners"}},"wdio_ui5_key":"sapm.GenericTile{\"header\":\"Manage Partners\"}"}]}
RESULT: undefined
COMMAND: POST /session/1841494025458e3697387cb19f02ad73/element - {"using":"xpath","value":"//*[@id=\"__tile30\"]"}
RESULT: {"using":"xpath","value":"//*[@id=\"__tile30\"]"}
COMMAND: POST /session/1841494025458e3697387cb19f02ad73/element/f.4A5FBB56EC8D275E16A1B089E6612898.d.EEC69711B1D94C573B090ED7F92FA339.e.3097/click - {}
RESULT: {}
COMMAND: POST /session/1841494025458e3697387cb19f02ad73/element - {"using":"xpath","value":"//button[@data-kt=\"addButton\"]"}
COMMAND: GET /session/1841494025458e3697387cb19f02ad73/screenshot - {}
RESULT: {"using":"xpath","value":"//button[@data-kt=\"addButton\"]"}
COMMAND: POST /session/1841494025458e3697387cb19f02ad73/elements - {"using":"xpath","value":"//button[@data-kt=\"addButton\"]"}
RESULT: {}
RESULT: {"using":"xpath","value":"//button[@data-kt=\"addButton\"]"}
COMMAND: POST /session/1841494025458e3697387cb19f02ad73/elements - {"using":"xpath","value":"//button[@data-kt=\"addButton\"]"}
RESULT: {"using":"xpath","value":"//button[@data-kt=\"addButton\"]"}
COMMAND: POST /session/1841494025458e3697387cb19f02ad73/elements - {"using":"xpath","value":"//button[@data-kt=\"addButton\"]"}
RESULT: {"using":"xpath","value":"//button[@data-kt=\"addButton\"]"}
COMMAND: POST /session/1841494025458e3697387cb19f02ad73/elements - {"using":"xpath","value":"//button[@data-kt=\"addButton\"]"}
RESULT: {"using":"xpath","value":"//button[@data-kt=\"addButton\"]"}
COMMAND: POST /session/1841494025458e3697387cb19f02ad73/elements - {"using":"xpath","value":"//button[@data-kt=\"addButton\"]"}
RESULT: {"using":"xpath","value":"//button[@data-kt=\"addButton\"]"}
COMMAND: POST /session/1841494025458e3697387cb19f02ad73/elements - {"using":"xpath","value":"//button[@data-kt=\"addButton\"]"}
RESULT: {"using":"xpath","value":"//button[@data-kt=\"addButton\"]"}
COMMAND: POST /session/1841494025458e3697387cb19f02ad73/elements - {"using":"xpath","value":"//button[@data-kt=\"addButton\"]"}
RESULT: {"using":"xpath","value":"//button[@data-kt=\"addButton\"]"}
COMMAND: POST /session/1841494025458e3697387cb19f02ad73/elements - {"using":"xpath","value":"//button[@data-kt=\"addButton\"]"}
RESULT: {"using":"xpath","value":"//button[@data-kt=\"addButton\"]"}
COMMAND: POST /session/1841494025458e3697387cb19f02ad73/elements - {"using":"xpath","value":"//button[@data-kt=\"addButton\"]"}
RESULT: {"using":"xpath","value":"//button[@data-kt=\"addButton\"]"}
COMMAND: POST /session/1841494025458e3697387cb19f02ad73/elements - {"using":"xpath","value":"//button[@data-kt=\"addButton\"]"}
RESULT: {"using":"xpath","value":"//button[@data-kt=\"addButton\"]"}
COMMAND: POST /session/1841494025458e3697387cb19f02ad73/elements - {"using":"xpath","value":"//button[@data-kt=\"addButton\"]"}
RESULT: {"using":"xpath","value":"//button[@data-kt=\"addButton\"]"}
COMMAND: POST /session/1841494025458e3697387cb19f02ad73/elements - {"using":"xpath","value":"//button[@data-kt=\"addButton\"]"}
RESULT: {"using":"xpath","value":"//button[@data-kt=\"addButton\"]"}
COMMAND: POST /session/1841494025458e3697387cb19f02ad73/elements - {"using":"xpath","value":"//button[@data-kt=\"addButton\"]"}
RESULT: {"using":"xpath","value":"//button[@data-kt=\"addButton\"]"}
COMMAND: POST /session/1841494025458e3697387cb19f02ad73/elements - {"using":"xpath","value":"//button[@data-kt=\"addButton\"]"}
RESULT: {"using":"xpath","value":"//button[@data-kt=\"addButton\"]"}
COMMAND: POST /session/1841494025458e3697387cb19f02ad73/elements - {"using":"xpath","value":"//button[@data-kt=\"addButton\"]"}
RESULT: {"using":"xpath","value":"//button[@data-kt=\"addButton\"]"}
COMMAND: POST /session/1841494025458e3697387cb19f02ad73/elements - {"using":"xpath","value":"//button[@data-kt=\"addButton\"]"}
RESULT: {"using":"xpath","value":"//button[@data-kt=\"addButton\"]"}
COMMAND: POST /session/1841494025458e3697387cb19f02ad73/elements - {"using":"xpath","value":"//button[@data-kt=\"addButton\"]"}
RESULT: {"using":"xpath","value":"//button[@data-kt=\"addButton\"]"}
COMMAND: POST /session/1841494025458e3697387cb19f02ad73/elements - {"using":"xpath","value":"//button[@data-kt=\"addButton\"]"}
RESULT: {"using":"xpath","value":"//button[@data-kt=\"addButton\"]"}
COMMAND: POST /session/1841494025458e3697387cb19f02ad73/elements - {"using":"xpath","value":"//button[@data-kt=\"addButton\"]"}
RESULT: {"using":"xpath","value":"//button[@data-kt=\"addButton\"]"}
COMMAND: POST /session/1841494025458e3697387cb19f02ad73/elements - {"using":"xpath","value":"//button[@data-kt=\"addButton\"]"}
RESULT: {"using":"xpath","value":"//button[@data-kt=\"addButton\"]"}
COMMAND: POST /session/1841494025458e3697387cb19f02ad73/elements - {"using":"xpath","value":"//button[@data-kt=\"addButton\"]"}
RESULT: {"using":"xpath","value":"//button[@data-kt=\"addButton\"]"}
COMMAND: POST /session/1841494025458e3697387cb19f02ad73/elements - {"using":"xpath","value":"//button[@data-kt=\"addButton\"]"}
RESULT: {"using":"xpath","value":"//button[@data-kt=\"addButton\"]"}
COMMAND: POST /session/1841494025458e3697387cb19f02ad73/elements - {"using":"xpath","value":"//button[@data-kt=\"addButton\"]"}
RESULT: {"using":"xpath","value":"//button[@data-kt=\"addButton\"]"}
COMMAND: POST /session/1841494025458e3697387cb19f02ad73/elements - {"using":"xpath","value":"//button[@data-kt=\"addButton\"]"}
RESULT: {"using":"xpath","value":"//button[@data-kt=\"addButton\"]"}
COMMAND: POST /session/1841494025458e3697387cb19f02ad73/elements - {"using":"xpath","value":"//button[@data-kt=\"addButton\"]"}
RESULT: {"using":"xpath","value":"//button[@data-kt=\"addButton\"]"}
COMMAND: POST /session/1841494025458e3697387cb19f02ad73/elements - {"using":"xpath","value":"//button[@data-kt=\"addButton\"]"}
RESULT: {"using":"xpath","value":"//button[@data-kt=\"addButton\"]"}
COMMAND: POST /session/1841494025458e3697387cb19f02ad73/elements - {"using":"xpath","value":"//button[@data-kt=\"addButton\"]"}
RESULT: {"using":"xpath","value":"//button[@data-kt=\"addButton\"]"}
COMMAND: POST /session/1841494025458e3697387cb19f02ad73/elements - {"using":"xpath","value":"//button[@data-kt=\"addButton\"]"}
RESULT: {"using":"xpath","value":"//button[@data-kt=\"addButton\"]"}
COMMAND: POST /session/1841494025458e3697387cb19f02ad73/elements - {"using":"xpath","value":"//button[@data-kt=\"addButton\"]"}
RESULT: {"using":"xpath","value":"//button[@data-kt=\"addButton\"]"}
COMMAND: POST /session/1841494025458e3697387cb19f02ad73/element - {"using":"xpath","value":"//button[@data-kt=\"addButton\"]"}
RESULT: {"using":"xpath","value":"//button[@data-kt=\"addButton\"]"}
COMMAND: POST /session/1841494025458e3697387cb19f02ad73/execute/sync - {"script":"<script> [8489 bytes]","args":[{"element-6066-11e4-a52e-4f735466cecf":"f.4A5FBB56EC8D275E16A1B089E6612898.d.EEC69711B1D94C573B090ED7F92FA339.e.3212","ELEMENT":"f.4A5FBB56EC8D275E16A1B089E6612898.d.EEC69711B1D94C573B090ED7F92FA339.e.3212"}]}
RESULT: {"script":"<script> [8489 bytes]","args":[{"element-6066-11e4-a52e-4f735466cecf":"f.4A5FBB56EC8D275E16A1B089E6612898.d.EEC69711B1D94C573B090ED7F92FA339.e.3212","ELEMENT":"f.4A5FBB56EC8D275E16A1B089E6612898.d.EEC69711B1D94C573B090ED7F92FA339.e.3212"}]}
COMMAND: GET /session/1841494025458e3697387cb19f02ad73/element/f.4A5FBB56EC8D275E16A1B089E6612898.d.EEC69711B1D94C573B090ED7F92FA339.e.3212/enabled - {}
COMMAND: GET /session/1841494025458e3697387cb19f02ad73/screenshot - {}
RESULT: {}
COMMAND: POST /session/1841494025458e3697387cb19f02ad73/execute/sync - {"script":"<script> [8489 bytes]","args":[{"element-6066-11e4-a52e-4f735466cecf":"f.4A5FBB56EC8D275E16A1B089E6612898.d.EEC69711B1D94C573B090ED7F92FA339.e.3212","ELEMENT":"f.4A5FBB56EC8D275E16A1B089E6612898.d.EEC69711B1D94C573B090ED7F92FA339.e.3212"}]}
COMMAND: GET /session/1841494025458e3697387cb19f02ad73/screenshot - {}
RESULT: {}
RESULT: {"script":"<script> [8489 bytes]","args":[{"element-6066-11e4-a52e-4f735466cecf":"f.4A5FBB56EC8D275E16A1B089E6612898.d.EEC69711B1D94C573B090ED7F92FA339.e.3212","ELEMENT":"f.4A5FBB56EC8D275E16A1B089E6612898.d.EEC69711B1D94C573B090ED7F92FA339.e.3212"}]}
COMMAND: POST /session/1841494025458e3697387cb19f02ad73/execute/sync - {"script":"<script> [5351 bytes]","args":[{"element-6066-11e4-a52e-4f735466cecf":"f.4A5FBB56EC8D275E16A1B089E6612898.d.EEC69711B1D94C573B090ED7F92FA339.e.3212","ELEMENT":"f.4A5FBB56EC8D275E16A1B089E6612898.d.EEC69711B1D94C573B090ED7F92FA339.e.3212"}]}
COMMAND: GET /session/1841494025458e3697387cb19f02ad73/screenshot - {}
RESULT: {}
RESULT: {"script":"<script> [5351 bytes]","args":[{"element-6066-11e4-a52e-4f735466cecf":"f.4A5FBB56EC8D275E16A1B089E6612898.d.EEC69711B1D94C573B090ED7F92FA339.e.3212","ELEMENT":"f.4A5FBB56EC8D275E16A1B089E6612898.d.EEC69711B1D94C573B090ED7F92FA339.e.3212"}]}
COMMAND: POST /session/1841494025458e3697387cb19f02ad73/element/f.4A5FBB56EC8D275E16A1B089E6612898.d.EEC69711B1D94C573B090ED7F92FA339.e.3212/click - {}
COMMAND: GET /session/1841494025458e3697387cb19f02ad73/screenshot - {}
RESULT: {}
RESULT: {}
COMMAND: GET /session/1841494025458e3697387cb19f02ad73/screenshot - {}
COMMAND: POST /session/1841494025458e3697387cb19f02ad73/execute/async - {"script":"<script> [1562 bytes]","args":[{"selector":{"id":"application-managepartners-display-component---NewPartner--addressDetailDetailsName1","interaction":{"idSuffix":"inner"}},"wdio_ui5_key":"applicationmanagepartners-display-component---NewPartner--addressDetailDetailsName1"}]}
RESULT: {}
RESULT: {}
RESULT: {"script":"<script> [1562 bytes]","args":[{"selector":{"id":"application-managepartners-display-component---NewPartner--addressDetailDetailsName1","interaction":{"idSuffix":"inner"}},"wdio_ui5_key":"applicationmanagepartners-display-component---NewPartner--addressDetailDetailsName1"}]}
RESULT: undefined
COMMAND: POST /session/1841494025458e3697387cb19f02ad73/execute/async - {"script":"<script> [776 bytes]","args":[{"enterText":"Intercompany Partner WDIO","selector":{"id":"application-managepartners-display-component---NewPartner--addressDetailDetailsName1","interaction":{"idSuffix":"inner"}},"clearTextFirst":true,"interactionType":"ENTER_TEXT"}]}
RESULT: {"script":"<script> [776 bytes]","args":[{"enterText":"Intercompany Partner WDIO","selector":{"id":"application-managepartners-display-component---NewPartner--addressDetailDetailsName1","interaction":{"idSuffix":"inner"}},"clearTextFirst":true,"interactionType":"ENTER_TEXT"}]}
COMMAND: POST /session/1841494025458e3697387cb19f02ad73/execute/async - {"script":"<script> [1562 bytes]","args":[{"selector":{"id":"application-managepartners-display-component---NewPartner--addressDetailDetailsLanguage-arrow"},"wdio_ui5_key":"applicationmanagepartners-display-component---NewPartner--addressDetailDetailsLanguage-arrow"}]}
RESULT: {"script":"<script> [1562 bytes]","args":[{"selector":{"id":"application-managepartners-display-component---NewPartner--addressDetailDetailsLanguage-arrow"},"wdio_ui5_key":"applicationmanagepartners-display-component---NewPartner--addressDetailDetailsLanguage-arrow"}]}
RESULT: undefined
COMMAND: POST /session/1841494025458e3697387cb19f02ad73/element - {"using":"xpath","value":"//*[@id=\"application-managepartners-display-component---NewPartner--addressDetailDetailsLanguage-arrow\"]"}
RESULT: {"using":"xpath","value":"//*[@id=\"application-managepartners-display-component---NewPartner--addressDetailDetailsLanguage-arrow\"]"}
COMMAND: POST /session/1841494025458e3697387cb19f02ad73/element/f.4A5FBB56EC8D275E16A1B089E6612898.d.EEC69711B1D94C573B090ED7F92FA339.e.3659/click - {}
RESULT: {}
COMMAND: POST /session/1841494025458e3697387cb19f02ad73/element - {"using":"xpath","value":"//span[contains(text(), \"English\")]"}
COMMAND: GET /session/1841494025458e3697387cb19f02ad73/screenshot - {}
RESULT: {"using":"xpath","value":"//span[contains(text(), \"English\")]"}
COMMAND: POST /session/1841494025458e3697387cb19f02ad73/element/f.4A5FBB56EC8D275E16A1B089E6612898.d.EEC69711B1D94C573B090ED7F92FA339.e.3660/click - {}
RESULT: {}
RESULT: {}
COMMAND: GET /session/1841494025458e3697387cb19f02ad73/screenshot - {}
RESULT: {}
COMMAND: POST /session/1841494025458e3697387cb19f02ad73/execute/async - {"script":"<script> [1562 bytes]","args":[{"selector":{"id":"application-managepartners-display-component---NewPartner--addressDetailDetailsCity1","interaction":{"idSuffix":"inner"}},"wdio_ui5_key":"applicationmanagepartners-display-component---NewPartner--addressDetailDetailsCity1"}]}
RESULT: {"script":"<script> [1562 bytes]","args":[{"selector":{"id":"application-managepartners-display-component---NewPartner--addressDetailDetailsCity1","interaction":{"idSuffix":"inner"}},"wdio_ui5_key":"applicationmanagepartners-display-component---NewPartner--addressDetailDetailsCity1"}]}
RESULT: undefined
COMMAND: POST /session/1841494025458e3697387cb19f02ad73/execute/async - {"script":"<script> [776 bytes]","args":[{"enterText":"Rosario","selector":{"id":"application-managepartners-display-component---NewPartner--addressDetailDetailsCity1","interaction":{"idSuffix":"inner"}},"clearTextFirst":true,"interactionType":"ENTER_TEXT"}]}
RESULT: {"script":"<script> [776 bytes]","args":[{"enterText":"Rosario","selector":{"id":"application-managepartners-display-component---NewPartner--addressDetailDetailsCity1","interaction":{"idSuffix":"inner"}},"clearTextFirst":true,"interactionType":"ENTER_TEXT"}]}
COMMAND: POST /session/1841494025458e3697387cb19f02ad73/execute/async - {"script":"<script> [1562 bytes]","args":[{"selector":{"id":"application-managepartners-display-component---NewPartner--addressDetailDetailsCountry-arrow"},"wdio_ui5_key":"applicationmanagepartners-display-component---NewPartner--addressDetailDetailsCountry-arrow"}]}
RESULT: {"script":"<script> [1562 bytes]","args":[{"selector":{"id":"application-managepartners-display-component---NewPartner--addressDetailDetailsCountry-arrow"},"wdio_ui5_key":"applicationmanagepartners-display-component---NewPartner--addressDetailDetailsCountry-arrow"}]}
RESULT: undefined
COMMAND: POST /session/1841494025458e3697387cb19f02ad73/element - {"using":"xpath","value":"//*[@id=\"application-managepartners-display-component---NewPartner--addressDetailDetailsCountry-arrow\"]"}
RESULT: {"using":"xpath","value":"//*[@id=\"application-managepartners-display-component---NewPartner--addressDetailDetailsCountry-arrow\"]"}
COMMAND: POST /session/1841494025458e3697387cb19f02ad73/element/f.4A5FBB56EC8D275E16A1B089E6612898.d.EEC69711B1D94C573B090ED7F92FA339.e.3642/click - {}
RESULT: {}
COMMAND: POST /session/1841494025458e3697387cb19f02ad73/element - {"using":"xpath","value":"//span[contains(text(), \"Argentina\")]"}
COMMAND: GET /session/1841494025458e3697387cb19f02ad73/screenshot - {}
RESULT: {"using":"xpath","value":"//span[contains(text(), \"Argentina\")]"}
COMMAND: POST /session/1841494025458e3697387cb19f02ad73/element/f.4A5FBB56EC8D275E16A1B089E6612898.d.EEC69711B1D94C573B090ED7F92FA339.e.3662/click - {}
RESULT: {}
RESULT: {}
COMMAND: GET /session/1841494025458e3697387cb19f02ad73/screenshot - {}
RESULT: {}
COMMAND: POST /session/1841494025458e3697387cb19f02ad73/element - {"using":"xpath","value":"//bdi[contains(text(), \"Commercial\")]"}
RESULT: {"using":"xpath","value":"//bdi[contains(text(), \"Commercial\")]"}
COMMAND: POST /session/1841494025458e3697387cb19f02ad73/element/f.4A5FBB56EC8D275E16A1B089E6612898.d.EEC69711B1D94C573B090ED7F92FA339.e.3663/click - {}
RESULT: {}
COMMAND: GET /session/1841494025458e3697387cb19f02ad73/screenshot - {}
RESULT: {}
COMMAND: POST /session/1841494025458e3697387cb19f02ad73/execute/async - {"script":"<script> [1562 bytes]","args":[{"selector":{"id":"application-managepartners-display-component---NewPartner--partnerDetailInternal-arrow"},"wdio_ui5_key":"applicationmanagepartners-display-component---NewPartner--partnerDetailInternal-arrow"}]}
RESULT: {"script":"<script> [1562 bytes]","args":[{"selector":{"id":"application-managepartners-display-component---NewPartner--partnerDetailInternal-arrow"},"wdio_ui5_key":"applicationmanagepartners-display-component---NewPartner--partnerDetailInternal-arrow"}]}
RESULT: undefined
COMMAND: POST /session/1841494025458e3697387cb19f02ad73/element - {"using":"xpath","value":"//*[@id=\"application-managepartners-display-component---NewPartner--partnerDetailInternal-arrow\"]"}
RESULT: {"using":"xpath","value":"//*[@id=\"application-managepartners-display-component---NewPartner--partnerDetailInternal-arrow\"]"}
COMMAND: POST /session/1841494025458e3697387cb19f02ad73/element/f.4A5FBB56EC8D275E16A1B089E6612898.d.EEC69711B1D94C573B090ED7F92FA339.e.3671/click - {}
RESULT: {}
COMMAND: POST /session/1841494025458e3697387cb19f02ad73/element - {"using":"xpath","value":"//span[contains(text(), \"Affiliated company\")]"}
COMMAND: GET /session/1841494025458e3697387cb19f02ad73/screenshot - {}
RESULT: {"using":"xpath","value":"//span[contains(text(), \"Affiliated company\")]"}
COMMAND: POST /session/1841494025458e3697387cb19f02ad73/element/f.4A5FBB56EC8D275E16A1B089E6612898.d.EEC69711B1D94C573B090ED7F92FA339.e.3672/click - {}
RESULT: {}
RESULT: {}
COMMAND: POST /session/1841494025458e3697387cb19f02ad73/execute/async - {"script":"<script> [1562 bytes]","args":[{"selector":{"id":"application-managepartners-display-component---NewPartner--partnerDetailsCurrency-arrow"},"wdio_ui5_key":"applicationmanagepartners-display-component---NewPartner--partnerDetailsCurrency-arrow"}]}
COMMAND: GET /session/1841494025458e3697387cb19f02ad73/screenshot - {}
RESULT: {"script":"<script> [1562 bytes]","args":[{"selector":{"id":"application-managepartners-display-component---NewPartner--partnerDetailsCurrency-arrow"},"wdio_ui5_key":"applicationmanagepartners-display-component---NewPartner--partnerDetailsCurrency-arrow"}]}
RESULT: undefined
COMMAND: POST /session/1841494025458e3697387cb19f02ad73/element - {"using":"xpath","value":"//*[@id=\"application-managepartners-display-component---NewPartner--partnerDetailsCurrency-arrow\"]"}
RESULT: {}
RESULT: {"using":"xpath","value":"//*[@id=\"application-managepartners-display-component---NewPartner--partnerDetailsCurrency-arrow\"]"}
COMMAND: POST /session/1841494025458e3697387cb19f02ad73/element/f.4A5FBB56EC8D275E16A1B089E6612898.d.EEC69711B1D94C573B090ED7F92FA339.e.3679/click - {}
RESULT: {}
COMMAND: POST /session/1841494025458e3697387cb19f02ad73/element - {"using":"xpath","value":"//span[contains(text(), \"Euro\")]"}
COMMAND: GET /session/1841494025458e3697387cb19f02ad73/screenshot - {}
RESULT: {"using":"xpath","value":"//span[contains(text(), \"Euro\")]"}
COMMAND: POST /session/1841494025458e3697387cb19f02ad73/element/f.4A5FBB56EC8D275E16A1B089E6612898.d.EEC69711B1D94C573B090ED7F92FA339.e.3680/click - {}
RESULT: {}
RESULT: {}
COMMAND: POST /session/1841494025458e3697387cb19f02ad73/execute/async - {"script":"<script> [1562 bytes]","args":[{"selector":{"id":"application-managepartners-display-component---NewPartner--addressEditDetailsCostObjectCstType-arrow"},"wdio_ui5_key":"applicationmanagepartners-display-component---NewPartner--addressEditDetailsCostObjectCstType-arrow"}]}
COMMAND: GET /session/1841494025458e3697387cb19f02ad73/screenshot - {}
RESULT: {"script":"<script> [1562 bytes]","args":[{"selector":{"id":"application-managepartners-display-component---NewPartner--addressEditDetailsCostObjectCstType-arrow"},"wdio_ui5_key":"applicationmanagepartners-display-component---NewPartner--addressEditDetailsCostObjectCstType-arrow"}]}
RESULT: undefined
COMMAND: POST /session/1841494025458e3697387cb19f02ad73/element - {"using":"xpath","value":"//*[@id=\"application-managepartners-display-component---NewPartner--addressEditDetailsCostObjectCstType-arrow\"]"}
RESULT: {}
RESULT: {"using":"xpath","value":"//*[@id=\"application-managepartners-display-component---NewPartner--addressEditDetailsCostObjectCstType-arrow\"]"}
COMMAND: POST /session/1841494025458e3697387cb19f02ad73/element/f.4A5FBB56EC8D275E16A1B089E6612898.d.EEC69711B1D94C573B090ED7F92FA339.e.3681/click - {}
RESULT: {}
COMMAND: POST /session/1841494025458e3697387cb19f02ad73/element - {"using":"xpath","value":"//span[contains(text(), \"Cost Center\")]"}
COMMAND: GET /session/1841494025458e3697387cb19f02ad73/screenshot - {}
RESULT: {"using":"xpath","value":"//span[contains(text(), \"Cost Center\")]"}
COMMAND: POST /session/1841494025458e3697387cb19f02ad73/element/f.4A5FBB56EC8D275E16A1B089E6612898.d.EEC69711B1D94C573B090ED7F92FA339.e.3682/click - {}
RESULT: {}
RESULT: {}
COMMAND: GET /session/1841494025458e3697387cb19f02ad73/screenshot - {}
RESULT: {}
COMMAND: POST /session/1841494025458e3697387cb19f02ad73/element - {"using":"xpath","value":"//span[@id=\"application-managepartners-display-component---NewPartner--addressNewCostObjectCstID-vhi\"]"}
RESULT: {"using":"xpath","value":"//span[@id=\"application-managepartners-display-component---NewPartner--addressNewCostObjectCstID-vhi\"]"}
COMMAND: POST /session/1841494025458e3697387cb19f02ad73/execute/sync - {"script":"<script> [8489 bytes]","args":[{"element-6066-11e4-a52e-4f735466cecf":"f.4A5FBB56EC8D275E16A1B089E6612898.d.EEC69711B1D94C573B090ED7F92FA339.e.3686","ELEMENT":"f.4A5FBB56EC8D275E16A1B089E6612898.d.EEC69711B1D94C573B090ED7F92FA339.e.3686"}]}
RESULT: {"script":"<script> [8489 bytes]","args":[{"element-6066-11e4-a52e-4f735466cecf":"f.4A5FBB56EC8D275E16A1B089E6612898.d.EEC69711B1D94C573B090ED7F92FA339.e.3686","ELEMENT":"f.4A5FBB56EC8D275E16A1B089E6612898.d.EEC69711B1D94C573B090ED7F92FA339.e.3686"}]}
COMMAND: POST /session/1841494025458e3697387cb19f02ad73/execute/async - {"script":"<script> [1562 bytes]","args":[{"selector":{"id":"application-managepartners-display-component---NewPartner--addressNewCostObjectCstID-vhi"},"wdio_ui5_key":"applicationmanagepartners-display-component---NewPartner--addressNewCostObjectCstID-vhi"}]}
COMMAND: GET /session/1841494025458e3697387cb19f02ad73/screenshot - {}
RESULT: {"script":"<script> [1562 bytes]","args":[{"selector":{"id":"application-managepartners-display-component---NewPartner--addressNewCostObjectCstID-vhi"},"wdio_ui5_key":"applicationmanagepartners-display-component---NewPartner--addressNewCostObjectCstID-vhi"}]}
RESULT: undefined
COMMAND: POST /session/1841494025458e3697387cb19f02ad73/element - {"using":"xpath","value":"//*[@id=\"application-managepartners-display-component---NewPartner--addressNewCostObjectCstID-vhi\"]"}
RESULT: {}
RESULT: {"using":"xpath","value":"//*[@id=\"application-managepartners-display-component---NewPartner--addressNewCostObjectCstID-vhi\"]"}
COMMAND: POST /session/1841494025458e3697387cb19f02ad73/element/f.4A5FBB56EC8D275E16A1B089E6612898.d.EEC69711B1D94C573B090ED7F92FA339.e.3686/click - {}
RESULT: {}
COMMAND: GET /session/1841494025458e3697387cb19f02ad73/screenshot - {}
RESULT: {}
COMMAND: POST /session/1841494025458e3697387cb19f02ad73/execute/async - {"script":"<script> [1562 bytes]","args":[{"selector":{"controlType":"sap.m.SearchField","properties":{"placeholder":"Search"},"searchOpenDialogs":true,"interaction":{"idSuffix":"I"}},"wdio_ui5_key":"sapm.SearchField{\"placeholder\":\"Search\"}"}]}
RESULT: {"script":"<script> [1562 bytes]","args":[{"selector":{"controlType":"sap.m.SearchField","properties":{"placeholder":"Search"},"searchOpenDialogs":true,"interaction":{"idSuffix":"I"}},"wdio_ui5_key":"sapm.SearchField{\"placeholder\":\"Search\"}"}]}
RESULT: undefined
COMMAND: POST /session/1841494025458e3697387cb19f02ad73/execute/async - {"script":"<script> [776 bytes]","args":[{"enterText":"10001013","selector":{"controlType":"sap.m.SearchField","properties":{"placeholder":"Search"},"searchOpenDialogs":true,"interaction":{"idSuffix":"I"}},"clearTextFirst":true,"interactionType":"ENTER_TEXT"}]}
RESULT: {"script":"<script> [776 bytes]","args":[{"enterText":"10001013","selector":{"controlType":"sap.m.SearchField","properties":{"placeholder":"Search"},"searchOpenDialogs":true,"interaction":{"idSuffix":"I"}},"clearTextFirst":true,"interactionType":"ENTER_TEXT"}]}
COMMAND: POST /session/1841494025458e3697387cb19f02ad73/actions - {"actions":[{"id":"action7","type":"key","parameters":{},"actions":[{"type":"keyDown","value":"î€‡"},{"type":"pause","duration":10},{"type":"keyUp","value":"î€‡"}]}]}
RESULT: {"actions":[{"id":"action7","type":"key","parameters":{},"actions":[{"type":"keyDown","value":"î€‡"},{"type":"pause","duration":10},{"type":"keyUp","value":"î€‡"}]}]}
COMMAND: GET /session/1841494025458e3697387cb19f02ad73/screenshot - {}
RESULT: {}
COMMAND: POST /session/1841494025458e3697387cb19f02ad73/element - {"using":"xpath","value":"//span[contains(text(), \"General Management\")]"}
RESULT: {"using":"xpath","value":"//span[contains(text(), \"General Management\")]"}
COMMAND: POST /session/1841494025458e3697387cb19f02ad73/element/f.4A5FBB56EC8D275E16A1B089E6612898.d.EEC69711B1D94C573B090ED7F92FA339.e.3696/click - {}
RESULT: {}
COMMAND: GET /session/1841494025458e3697387cb19f02ad73/screenshot - {}
RESULT: {}
COMMAND: POST /session/1841494025458e3697387cb19f02ad73/element - {"using":"xpath","value":"//bdi[contains(text(), \"OK\")]"}
RESULT: {"using":"xpath","value":"//bdi[contains(text(), \"OK\")]"}
COMMAND: POST /session/1841494025458e3697387cb19f02ad73/element/f.4A5FBB56EC8D275E16A1B089E6612898.d.EEC69711B1D94C573B090ED7F92FA339.e.3698/click - {}
RESULT: {}
COMMAND: GET /session/1841494025458e3697387cb19f02ad73/screenshot - {}
RESULT: {}
COMMAND: POST /session/1841494025458e3697387cb19f02ad73/element - {"using":"xpath","value":"//input[@id=\"application-managepartners-display-component---NewPartner--companyCodeComboBox-inner\"]"}
RESULT: {"using":"xpath","value":"//input[@id=\"application-managepartners-display-component---NewPartner--companyCodeComboBox-inner\"]"}
COMMAND: POST /session/1841494025458e3697387cb19f02ad73/element/f.4A5FBB56EC8D275E16A1B089E6612898.d.EEC69711B1D94C573B090ED7F92FA339.e.3565/clear - {}
RESULT: {}
COMMAND: POST /session/1841494025458e3697387cb19f02ad73/element/f.4A5FBB56EC8D275E16A1B089E6612898.d.EEC69711B1D94C573B090ED7F92FA339.e.3565/value - {"text":"C002"}
COMMAND: GET /session/1841494025458e3697387cb19f02ad73/screenshot - {}
RESULT: {"text":"C002"}
COMMAND: GET /session/1841494025458e3697387cb19f02ad73/screenshot - {}
RESULT: {}
RESULT: {}
COMMAND: POST /session/1841494025458e3697387cb19f02ad73/element - {"using":"xpath","value":"//li[.//span[text()= \"C002\"]]"}
RESULT: {"using":"xpath","value":"//li[.//span[text()= \"C002\"]]"}
COMMAND: POST /session/1841494025458e3697387cb19f02ad73/element/f.4A5FBB56EC8D275E16A1B089E6612898.d.EEC69711B1D94C573B090ED7F92FA339.e.3704/click - {}
RESULT: {}
COMMAND: GET /session/1841494025458e3697387cb19f02ad73/screenshot - {}
RESULT: {}
COMMAND: POST /session/1841494025458e3697387cb19f02ad73/execute/async - {"script":"<script> [1562 bytes]","args":[{"selector":{"id":"application-managepartners-display-component---NewPartner--btnAddTableRow-img"},"wdio_ui5_key":"applicationmanagepartners-display-component---NewPartner--btnAddTableRow-img"}]}
RESULT: {"script":"<script> [1562 bytes]","args":[{"selector":{"id":"application-managepartners-display-component---NewPartner--btnAddTableRow-img"},"wdio_ui5_key":"applicationmanagepartners-display-component---NewPartner--btnAddTableRow-img"}]}
RESULT: undefined
COMMAND: POST /session/1841494025458e3697387cb19f02ad73/element - {"using":"xpath","value":"//*[@id=\"application-managepartners-display-component---NewPartner--btnAddTableRow-img\"]"}
RESULT: {"using":"xpath","value":"//*[@id=\"application-managepartners-display-component---NewPartner--btnAddTableRow-img\"]"}
COMMAND: POST /session/1841494025458e3697387cb19f02ad73/element/f.4A5FBB56EC8D275E16A1B089E6612898.d.EEC69711B1D94C573B090ED7F92FA339.e.3705/click - {}
RESULT: {}
COMMAND: GET /session/1841494025458e3697387cb19f02ad73/screenshot - {}
RESULT: {}
COMMAND: POST /session/1841494025458e3697387cb19f02ad73/element - {"using":"xpath","value":"//input[@id=\"application-managepartners-display-component---NewPartner--assignmentYard-application-managepartners-display-component---NewPartner--assignmentsTable-0-inner\"]"}
RESULT: {"using":"xpath","value":"//input[@id=\"application-managepartners-display-component---NewPartner--assignmentYard-application-managepartners-display-component---NewPartner--assignmentsTable-0-inner\"]"}
COMMAND: POST /session/1841494025458e3697387cb19f02ad73/element/f.4A5FBB56EC8D275E16A1B089E6612898.d.EEC69711B1D94C573B090ED7F92FA339.e.3708/clear - {}
RESULT: {}
COMMAND: POST /session/1841494025458e3697387cb19f02ad73/element/f.4A5FBB56EC8D275E16A1B089E6612898.d.EEC69711B1D94C573B090ED7F92FA339.e.3708/value - {"text":"670"}
COMMAND: GET /session/1841494025458e3697387cb19f02ad73/screenshot - {}
RESULT: {"text":"670"}
COMMAND: GET /session/1841494025458e3697387cb19f02ad73/screenshot - {}
RESULT: {}
RESULT: {}
COMMAND: POST /session/1841494025458e3697387cb19f02ad73/element - {"using":"xpath","value":"//li[.//span[text()='670']]"}
RESULT: {"using":"xpath","value":"//li[.//span[text()='670']]"}
COMMAND: POST /session/1841494025458e3697387cb19f02ad73/element/f.4A5FBB56EC8D275E16A1B089E6612898.d.EEC69711B1D94C573B090ED7F92FA339.e.3717/click - {}
RESULT: {}
COMMAND: GET /session/1841494025458e3697387cb19f02ad73/screenshot - {}
RESULT: {}
COMMAND: POST /session/1841494025458e3697387cb19f02ad73/actions - {"actions":[{"id":"action8","type":"key","parameters":{},"actions":[{"type":"keyDown","value":"î€‡"},{"type":"pause","duration":10},{"type":"keyUp","value":"î€‡"}]}]}
RESULT: {"actions":[{"id":"action8","type":"key","parameters":{},"actions":[{"type":"keyDown","value":"î€‡"},{"type":"pause","duration":10},{"type":"keyUp","value":"î€‡"}]}]}
COMMAND: POST /session/1841494025458e3697387cb19f02ad73/execute/async - {"script":"<script> [1562 bytes]","args":[{"selector":{"id":"application-managepartners-display-component---NewPartner--externalCustomerComboBox-application-managepartners-display-component---NewPartner--assignmentsTable-0-vhi"},"wdio_ui5_key":"applicationmanagepartners-display-component---NewPartner--externalCustomerComboBox-application-managepartners-display-component---NewPartner--assignmentsTable-0-vhi"}]}
COMMAND: GET /session/1841494025458e3697387cb19f02ad73/screenshot - {}
RESULT: {"script":"<script> [1562 bytes]","args":[{"selector":{"id":"application-managepartners-display-component---NewPartner--externalCustomerComboBox-application-managepartners-display-component---NewPartner--assignmentsTable-0-vhi"},"wdio_ui5_key":"applicationmanagepartners-display-component---NewPartner--externalCustomerComboBox-application-managepartners-display-component---NewPartner--assignmentsTable-0-vhi"}]}
RESULT: undefined
COMMAND: POST /session/1841494025458e3697387cb19f02ad73/element - {"using":"xpath","value":"//*[@id=\"application-managepartners-display-component---NewPartner--externalCustomerComboBox-application-managepartners-display-component---NewPartner--assignmentsTable-0-vhi\"]"}
RESULT: {}
RESULT: {"using":"xpath","value":"//*[@id=\"application-managepartners-display-component---NewPartner--externalCustomerComboBox-application-managepartners-display-component---NewPartner--assignmentsTable-0-vhi\"]"}
COMMAND: POST /session/1841494025458e3697387cb19f02ad73/element/f.4A5FBB56EC8D275E16A1B089E6612898.d.EEC69711B1D94C573B090ED7F92FA339.e.3721/click - {}
RESULT: {}
RESULT: undefined
COMMAND: POST /session/1841494025458e3697387cb19f02ad73/execute/async - {"script":"<script> [776 bytes]","args":[{"enterText":"300003","selector":{"controlType":"sap.m.SearchField","properties":{"placeholder":"Search"},"searchOpenDialogs":true,"interaction":{"idSuffix":"I"}},"clearTextFirst":true,"interactionType":"ENTER_TEXT"}]}
COMMAND: GET /session/1841494025458e3697387cb19f02ad73/screenshot - {}
RESULT: {"script":"<script> [776 bytes]","args":[{"enterText":"300003","selector":{"controlType":"sap.m.SearchField","properties":{"placeholder":"Search"},"searchOpenDialogs":true,"interaction":{"idSuffix":"I"}},"clearTextFirst":true,"interactionType":"ENTER_TEXT"}]}
COMMAND: POST /session/1841494025458e3697387cb19f02ad73/actions - {"actions":[{"id":"action9","type":"key","parameters":{},"actions":[{"type":"keyDown","value":"î€‡"},{"type":"pause","duration":10},{"type":"keyUp","value":"î€‡"}]}]}
RESULT: {}
RESULT: {"actions":[{"id":"action9","type":"key","parameters":{},"actions":[{"type":"keyDown","value":"î€‡"},{"type":"pause","duration":10},{"type":"keyUp","value":"î€‡"}]}]}
COMMAND: GET /session/1841494025458e3697387cb19f02ad73/screenshot - {}
RESULT: {}
COMMAND: POST /session/1841494025458e3697387cb19f02ad73/element - {"using":"xpath","value":"//span[contains(text(), \"300003\")]"}
RESULT: {"using":"xpath","value":"//span[contains(text(), \"300003\")]"}
COMMAND: POST /session/1841494025458e3697387cb19f02ad73/element/f.4A5FBB56EC8D275E16A1B089E6612898.d.EEC69711B1D94C573B090ED7F92FA339.e.3739/click - {}
RESULT: {}
COMMAND: GET /session/1841494025458e3697387cb19f02ad73/screenshot - {}
RESULT: {}
COMMAND: POST /session/1841494025458e3697387cb19f02ad73/element - {"using":"xpath","value":"//bdi[contains(text(), \"OK\")]"}
RESULT: {"using":"xpath","value":"//bdi[contains(text(), \"OK\")]"}
COMMAND: POST /session/1841494025458e3697387cb19f02ad73/element/f.4A5FBB56EC8D275E16A1B089E6612898.d.EEC69711B1D94C573B090ED7F92FA339.e.3741/click - {}
RESULT: {}
COMMAND: GET /session/1841494025458e3697387cb19f02ad73/screenshot - {}
COMMAND: POST /session/1841494025458e3697387cb19f02ad73/execute/async - {"script":"<script> [1562 bytes]","args":[{"selector":{"id":"application-managepartners-display-component---NewPartner--intercompVendorComboBox-application-managepartners-display-component---NewPartner--assignmentsTable-0-vhi"},"wdio_ui5_key":"applicationmanagepartners-display-component---NewPartner--intercompVendorComboBox-application-managepartners-display-component---NewPartner--assignmentsTable-0-vhi"}]}
RESULT: {}
RESULT: {"script":"<script> [1562 bytes]","args":[{"selector":{"id":"application-managepartners-display-component---NewPartner--intercompVendorComboBox-application-managepartners-display-component---NewPartner--assignmentsTable-0-vhi"},"wdio_ui5_key":"applicationmanagepartners-display-component---NewPartner--intercompVendorComboBox-application-managepartners-display-component---NewPartner--assignmentsTable-0-vhi"}]}
RESULT: undefined
COMMAND: POST /session/1841494025458e3697387cb19f02ad73/element - {"using":"xpath","value":"//*[@id=\"application-managepartners-display-component---NewPartner--intercompVendorComboBox-application-managepartners-display-component---NewPartner--assignmentsTable-0-vhi\"]"}
RESULT: {"using":"xpath","value":"//*[@id=\"application-managepartners-display-component---NewPartner--intercompVendorComboBox-application-managepartners-display-component---NewPartner--assignmentsTable-0-vhi\"]"}
COMMAND: POST /session/1841494025458e3697387cb19f02ad73/element/f.4A5FBB56EC8D275E16A1B089E6612898.d.EEC69711B1D94C573B090ED7F92FA339.e.3745/click - {}
RESULT: {}
RESULT: undefined
COMMAND: POST /session/1841494025458e3697387cb19f02ad73/execute/async - {"script":"<script> [776 bytes]","args":[{"enterText":"100005","selector":{"controlType":"sap.m.SearchField","properties":{"placeholder":"Search"},"searchOpenDialogs":true,"interaction":{"idSuffix":"I"}},"clearTextFirst":true,"interactionType":"ENTER_TEXT"}]}
COMMAND: GET /session/1841494025458e3697387cb19f02ad73/screenshot - {}
RESULT: {"script":"<script> [776 bytes]","args":[{"enterText":"100005","selector":{"controlType":"sap.m.SearchField","properties":{"placeholder":"Search"},"searchOpenDialogs":true,"interaction":{"idSuffix":"I"}},"clearTextFirst":true,"interactionType":"ENTER_TEXT"}]}
COMMAND: POST /session/1841494025458e3697387cb19f02ad73/actions - {"actions":[{"id":"action10","type":"key","parameters":{},"actions":[{"type":"keyDown","value":"î€‡"},{"type":"pause","duration":10},{"type":"keyUp","value":"î€‡"}]}]}
RESULT: {}
RESULT: {"actions":[{"id":"action10","type":"key","parameters":{},"actions":[{"type":"keyDown","value":"î€‡"},{"type":"pause","duration":10},{"type":"keyUp","value":"î€‡"}]}]}
COMMAND: GET /session/1841494025458e3697387cb19f02ad73/screenshot - {}
RESULT: {}
COMMAND: POST /session/1841494025458e3697387cb19f02ad73/element - {"using":"xpath","value":"//span[contains(text(), \"Penguins - Field/12345 Berlin\")]"}
RESULT: {"using":"xpath","value":"//span[contains(text(), \"Penguins - Field/12345 Berlin\")]"}
COMMAND: POST /session/1841494025458e3697387cb19f02ad73/element/f.4A5FBB56EC8D275E16A1B089E6612898.d.EEC69711B1D94C573B090ED7F92FA339.e.3764/click - {}
RESULT: {}
COMMAND: GET /session/1841494025458e3697387cb19f02ad73/screenshot - {}
RESULT: {}
COMMAND: POST /session/1841494025458e3697387cb19f02ad73/element - {"using":"xpath","value":"//bdi[contains(text(), \"OK\")]"}
RESULT: {"using":"xpath","value":"//bdi[contains(text(), \"OK\")]"}
COMMAND: POST /session/1841494025458e3697387cb19f02ad73/element/f.4A5FBB56EC8D275E16A1B089E6612898.d.EEC69711B1D94C573B090ED7F92FA339.e.3765/click - {}
RESULT: {}
COMMAND: GET /session/1841494025458e3697387cb19f02ad73/screenshot - {}
RESULT: {}
COMMAND: POST /session/1841494025458e3697387cb19f02ad73/element - {"using":"xpath","value":"//button[@data-kt=\"saveButton\"]"}
RESULT: {"using":"xpath","value":"//button[@data-kt=\"saveButton\"]"}
COMMAND: POST /session/1841494025458e3697387cb19f02ad73/element/f.4A5FBB56EC8D275E16A1B089E6612898.d.EEC69711B1D94C573B090ED7F92FA339.e.3651/click - {}
RESULT: {}
COMMAND: GET /session/1841494025458e3697387cb19f02ad73/screenshot - {}
RESULT: {}
COMMAND: POST /session/1841494025458e3697387cb19f02ad73/element - {"using":"xpath","value":"//header[contains(@id, 'ObjectPageLayout-headerTitle')]/div[1]/div[2]/div[2]/span[1]"}
RESULT: {"using":"xpath","value":"//header[contains(@id, 'ObjectPageLayout-headerTitle')]/div[1]/div[2]/div[2]/span[1]"}
COMMAND: POST /session/1841494025458e3697387cb19f02ad73/elements - {"using":"xpath","value":"//header[contains(@id, 'ObjectPageLayout-headerTitle')]/div[1]/div[2]/div[2]/span[1]"}
RESULT: {"using":"xpath","value":"//header[contains(@id, 'ObjectPageLayout-headerTitle')]/div[1]/div[2]/div[2]/span[1]"}
COMMAND: POST /session/1841494025458e3697387cb19f02ad73/execute/sync - {"script":"<script> [56 bytes]","args":[{"element-6066-11e4-a52e-4f735466cecf":"f.4A5FBB56EC8D275E16A1B089E6612898.d.EEC69711B1D94C573B090ED7F92FA339.e.3930","ELEMENT":"f.4A5FBB56EC8D275E16A1B089E6612898.d.EEC69711B1D94C573B090ED7F92FA339.e.3930"}]}
RESULT: {"script":"<script> [56 bytes]","args":[{"element-6066-11e4-a52e-4f735466cecf":"f.4A5FBB56EC8D275E16A1B089E6612898.d.EEC69711B1D94C573B090ED7F92FA339.e.3930","ELEMENT":"f.4A5FBB56EC8D275E16A1B089E6612898.d.EEC69711B1D94C573B090ED7F92FA339.e.3930"}]}
COMMAND: POST /session/1841494025458e3697387cb19f02ad73/element - {"using":"css selector","value":"#shell-header-logo"}
COMMAND: GET /session/1841494025458e3697387cb19f02ad73/screenshot - {}
RESULT: {"using":"css selector","value":"#shell-header-logo"}
COMMAND: POST /session/1841494025458e3697387cb19f02ad73/element/f.4A5FBB56EC8D275E16A1B089E6612898.d.EEC69711B1D94C573B090ED7F92FA339.e.3177/click - {}
RESULT: {}
RESULT: {}
COMMAND: GET /session/1841494025458e3697387cb19f02ad73/screenshot - {}
RESULT: {}
COMMAND: POST /session/1841494025458e3697387cb19f02ad73/execute/sync - {"script":"<script> [299 bytes]","args":[["getModel","getResource"]]}
RESULT: {"script":"<script> [299 bytes]","args":[["getModel","getResource"]]}
RESULT: undefined
COMMAND: POST /session/1841494025458e3697387cb19f02ad73/element - {"using":"xpath","value":"//*[@id=\"__tile30\"]"}
COMMAND: GET /session/1841494025458e3697387cb19f02ad73/screenshot - {}
RESULT: {"using":"xpath","value":"//*[@id=\"__tile30\"]"}
COMMAND: POST /session/1841494025458e3697387cb19f02ad73/element/f.4A5FBB56EC8D275E16A1B089E6612898.d.EEC69711B1D94C573B090ED7F92FA339.e.3097/click - {}
RESULT: {}
RESULT: {}
COMMAND: POST /session/1841494025458e3697387cb19f02ad73/element - {"using":"xpath","value":"//button[@data-kt=\"addButton\"]"}
COMMAND: GET /session/1841494025458e3697387cb19f02ad73/screenshot - {}
RESULT: {"using":"xpath","value":"//button[@data-kt=\"addButton\"]"}
COMMAND: POST /session/1841494025458e3697387cb19f02ad73/elements - {"using":"xpath","value":"//button[@data-kt=\"addButton\"]"}
RESULT: {}
RESULT: {"using":"xpath","value":"//button[@data-kt=\"addButton\"]"}
COMMAND: POST /session/1841494025458e3697387cb19f02ad73/elements - {"using":"xpath","value":"//button[@data-kt=\"addButton\"]"}
RESULT: {"using":"xpath","value":"//button[@data-kt=\"addButton\"]"}
COMMAND: POST /session/1841494025458e3697387cb19f02ad73/element - {"using":"xpath","value":"//button[@data-kt=\"addButton\"]"}
RESULT: {"using":"xpath","value":"//button[@data-kt=\"addButton\"]"}
COMMAND: POST /session/1841494025458e3697387cb19f02ad73/execute/sync - {"script":"<script> [8489 bytes]","args":[{"element-6066-11e4-a52e-4f735466cecf":"f.4A5FBB56EC8D275E16A1B089E6612898.d.EEC69711B1D94C573B090ED7F92FA339.e.3966","ELEMENT":"f.4A5FBB56EC8D275E16A1B089E6612898.d.EEC69711B1D94C573B090ED7F92FA339.e.3966"}]}
RESULT: {"script":"<script> [8489 bytes]","args":[{"element-6066-11e4-a52e-4f735466cecf":"f.4A5FBB56EC8D275E16A1B089E6612898.d.EEC69711B1D94C573B090ED7F92FA339.e.3966","ELEMENT":"f.4A5FBB56EC8D275E16A1B089E6612898.d.EEC69711B1D94C573B090ED7F92FA339.e.3966"}]}
COMMAND: GET /session/1841494025458e3697387cb19f02ad73/element/f.4A5FBB56EC8D275E16A1B089E6612898.d.EEC69711B1D94C573B090ED7F92FA339.e.3966/enabled - {}
COMMAND: GET /session/1841494025458e3697387cb19f02ad73/screenshot - {}
RESULT: {}
COMMAND: POST /session/1841494025458e3697387cb19f02ad73/execute/sync - {"script":"<script> [8489 bytes]","args":[{"element-6066-11e4-a52e-4f735466cecf":"f.4A5FBB56EC8D275E16A1B089E6612898.d.EEC69711B1D94C573B090ED7F92FA339.e.3966","ELEMENT":"f.4A5FBB56EC8D275E16A1B089E6612898.d.EEC69711B1D94C573B090ED7F92FA339.e.3966"}]}
COMMAND: GET /session/1841494025458e3697387cb19f02ad73/screenshot - {}
RESULT: {}
RESULT: {"script":"<script> [8489 bytes]","args":[{"element-6066-11e4-a52e-4f735466cecf":"f.4A5FBB56EC8D275E16A1B089E6612898.d.EEC69711B1D94C573B090ED7F92FA339.e.3966","ELEMENT":"f.4A5FBB56EC8D275E16A1B089E6612898.d.EEC69711B1D94C573B090ED7F92FA339.e.3966"}]}
COMMAND: POST /session/1841494025458e3697387cb19f02ad73/execute/sync - {"script":"<script> [5351 bytes]","args":[{"element-6066-11e4-a52e-4f735466cecf":"f.4A5FBB56EC8D275E16A1B089E6612898.d.EEC69711B1D94C573B090ED7F92FA339.e.3966","ELEMENT":"f.4A5FBB56EC8D275E16A1B089E6612898.d.EEC69711B1D94C573B090ED7F92FA339.e.3966"}]}
COMMAND: GET /session/1841494025458e3697387cb19f02ad73/screenshot - {}
RESULT: {}
RESULT: {"script":"<script> [5351 bytes]","args":[{"element-6066-11e4-a52e-4f735466cecf":"f.4A5FBB56EC8D275E16A1B089E6612898.d.EEC69711B1D94C573B090ED7F92FA339.e.3966","ELEMENT":"f.4A5FBB56EC8D275E16A1B089E6612898.d.EEC69711B1D94C573B090ED7F92FA339.e.3966"}]}
COMMAND: GET /session/1841494025458e3697387cb19f02ad73/screenshot - {}
RESULT: {}
RESULT: {}
COMMAND: POST /session/1841494025458e3697387cb19f02ad73/execute/async - {"script":"<script> [1562 bytes]","args":[{"selector":{"id":"application-managepartners-display-component---masterPtm--smartFilterBar-btnBasicSearch","interaction":{"idSuffix":"I"}},"wdio_ui5_key":"applicationmanagepartners-display-component---masterPtm--smartFilterBar-btnBasicSearch"}]}
RESULT: {"script":"<script> [1562 bytes]","args":[{"selector":{"id":"application-managepartners-display-component---masterPtm--smartFilterBar-btnBasicSearch","interaction":{"idSuffix":"I"}},"wdio_ui5_key":"applicationmanagepartners-display-component---masterPtm--smartFilterBar-btnBasicSearch"}]}
RESULT: undefined
COMMAND: POST /session/1841494025458e3697387cb19f02ad73/execute/async - {"script":"<script> [776 bytes]","args":[{"enterText":"1546","selector":{"id":"application-managepartners-display-component---masterPtm--smartFilterBar-btnBasicSearch","interaction":{"idSuffix":"I"}},"clearTextFirst":true,"interactionType":"ENTER_TEXT"}]}
RESULT: {"script":"<script> [776 bytes]","args":[{"enterText":"1546","selector":{"id":"application-managepartners-display-component---masterPtm--smartFilterBar-btnBasicSearch","interaction":{"idSuffix":"I"}},"clearTextFirst":true,"interactionType":"ENTER_TEXT"}]}
COMMAND: POST /session/1841494025458e3697387cb19f02ad73/actions - {"actions":[{"id":"action11","type":"key","parameters":{},"actions":[{"type":"keyDown","value":"î€‡"},{"type":"pause","duration":10},{"type":"keyUp","value":"î€‡"}]}]}
RESULT: {"actions":[{"id":"action11","type":"key","parameters":{},"actions":[{"type":"keyDown","value":"î€‡"},{"type":"pause","duration":10},{"type":"keyUp","value":"î€‡"}]}]}
COMMAND: GET /session/1841494025458e3697387cb19f02ad73/screenshot - {}
RESULT: {}
COMMAND: POST /session/1841494025458e3697387cb19f02ad73/elements - {"using":"xpath","value":"//table[contains(@id, \"customPartnersTable-listUl\")]/tbody/tr"}
RESULT: {"using":"xpath","value":"//table[contains(@id, \"customPartnersTable-listUl\")]/tbody/tr"}
COMMAND: POST /session/1841494025458e3697387cb19f02ad73/element - {"using":"xpath","value":"//table[contains(@id, \"customPartnersTable-listUl\")]/tbody/tr[1]/td[3]/span"}
RESULT: {"using":"xpath","value":"//table[contains(@id, \"customPartnersTable-listUl\")]/tbody/tr[1]/td[3]/span"}
COMMAND: POST /session/1841494025458e3697387cb19f02ad73/elements - {"using":"xpath","value":"//table[contains(@id, \"customPartnersTable-listUl\")]/tbody/tr[1]/td[3]/span"}
RESULT: {"using":"xpath","value":"//table[contains(@id, \"customPartnersTable-listUl\")]/tbody/tr[1]/td[3]/span"}
COMMAND: POST /session/1841494025458e3697387cb19f02ad73/execute/sync - {"script":"<script> [56 bytes]","args":[{"element-6066-11e4-a52e-4f735466cecf":"f.4A5FBB56EC8D275E16A1B089E6612898.d.EEC69711B1D94C573B090ED7F92FA339.e.4114","ELEMENT":"f.4A5FBB56EC8D275E16A1B089E6612898.d.EEC69711B1D94C573B090ED7F92FA339.e.4114"}]}
RESULT: {"script":"<script> [56 bytes]","args":[{"element-6066-11e4-a52e-4f735466cecf":"f.4A5FBB56EC8D275E16A1B089E6612898.d.EEC69711B1D94C573B090ED7F92FA339.e.4114","ELEMENT":"f.4A5FBB56EC8D275E16A1B089E6612898.d.EEC69711B1D94C573B090ED7F92FA339.e.4114"}]}
COMMAND: POST /session/1841494025458e3697387cb19f02ad73/element - {"using":"xpath","value":"(//span[contains(@id, \"imgNav\")])[1]"}
COMMAND: GET /session/1841494025458e3697387cb19f02ad73/screenshot - {}
RESULT: {"using":"xpath","value":"(//span[contains(@id, \"imgNav\")])[1]"}
COMMAND: POST /session/1841494025458e3697387cb19f02ad73/element/f.4A5FBB56EC8D275E16A1B089E6612898.d.EEC69711B1D94C573B090ED7F92FA339.e.4112/click - {}
RESULT: {}
RESULT: {}
COMMAND: GET /session/1841494025458e3697387cb19f02ad73/screenshot - {}
RESULT: {}
COMMAND: POST /session/1841494025458e3697387cb19f02ad73/element - {"using":"xpath","value":"//bdi[contains(text(), \"Edit\")]"}
RESULT: {"using":"xpath","value":"//bdi[contains(text(), \"Edit\")]"}
COMMAND: POST /session/1841494025458e3697387cb19f02ad73/element/f.4A5FBB56EC8D275E16A1B089E6612898.d.EEC69711B1D94C573B090ED7F92FA339.e.4258/click - {}
RESULT: {}
COMMAND: GET /session/1841494025458e3697387cb19f02ad73/screenshot - {}
RESULT: {}
COMMAND: POST /session/1841494025458e3697387cb19f02ad73/execute/async - {"script":"<script> [1562 bytes]","args":[{"selector":{"controlType":"sap.m.Input","viewName":"etm.portal.ui.managepartners.view.EditDetail","labelFor":{"text":"Name"},"interaction":{"idSuffix":"inner"}},"wdio_ui5_key":"etmportal.ui.managepartners.view.EditDetailsap.m.Input{\"text\":\"Name\"}"}]}
RESULT: {"script":"<script> [1562 bytes]","args":[{"selector":{"controlType":"sap.m.Input","viewName":"etm.portal.ui.managepartners.view.EditDetail","labelFor":{"text":"Name"},"interaction":{"idSuffix":"inner"}},"wdio_ui5_key":"etmportal.ui.managepartners.view.EditDetailsap.m.Input{\"text\":\"Name\"}"}]}
RESULT: undefined
COMMAND: POST /session/1841494025458e3697387cb19f02ad73/execute/async - {"script":"<script> [776 bytes]","args":[{"enterText":"Intercompany EDIT","selector":{"controlType":"sap.m.Input","viewName":"etm.portal.ui.managepartners.view.EditDetail","labelFor":{"text":"Name"},"interaction":{"idSuffix":"inner"}},"clearTextFirst":true,"interactionType":"ENTER_TEXT"}]}
RESULT: {"script":"<script> [776 bytes]","args":[{"enterText":"Intercompany EDIT","selector":{"controlType":"sap.m.Input","viewName":"etm.portal.ui.managepartners.view.EditDetail","labelFor":{"text":"Name"},"interaction":{"idSuffix":"inner"}},"clearTextFirst":true,"interactionType":"ENTER_TEXT"}]}
COMMAND: POST /session/1841494025458e3697387cb19f02ad73/element - {"using":"xpath","value":"(//span[contains(@id,\"addressDetailDetailsLanguage-arrow\")])[1]"}
RESULT: {"using":"xpath","value":"(//span[contains(@id,\"addressDetailDetailsLanguage-arrow\")])[1]"}
COMMAND: POST /session/1841494025458e3697387cb19f02ad73/element/f.4A5FBB56EC8D275E16A1B089E6612898.d.EEC69711B1D94C573B090ED7F92FA339.e.4343/click - {}
RESULT: {}
COMMAND: POST /session/1841494025458e3697387cb19f02ad73/element - {"using":"xpath","value":"//span[contains(text(), \"Chinese\")]"}
COMMAND: GET /session/1841494025458e3697387cb19f02ad73/screenshot - {}
RESULT: {"using":"xpath","value":"//span[contains(text(), \"Chinese\")]"}
COMMAND: POST /session/1841494025458e3697387cb19f02ad73/element/f.4A5FBB56EC8D275E16A1B089E6612898.d.EEC69711B1D94C573B090ED7F92FA339.e.4344/click - {}
RESULT: {}
RESULT: {}
COMMAND: GET /session/1841494025458e3697387cb19f02ad73/screenshot - {}
RESULT: {}
COMMAND: POST /session/1841494025458e3697387cb19f02ad73/execute/async - {"script":"<script> [1562 bytes]","args":[{"selector":{"controlType":"sap.m.Input","viewName":"etm.portal.ui.managepartners.view.EditDetail","labelFor":{"text":"City"},"interaction":{"idSuffix":"inner"}},"wdio_ui5_key":"etmportal.ui.managepartners.view.EditDetailsap.m.Input{\"text\":\"City\"}"}]}
RESULT: {"script":"<script> [1562 bytes]","args":[{"selector":{"controlType":"sap.m.Input","viewName":"etm.portal.ui.managepartners.view.EditDetail","labelFor":{"text":"City"},"interaction":{"idSuffix":"inner"}},"wdio_ui5_key":"etmportal.ui.managepartners.view.EditDetailsap.m.Input{\"text\":\"City\"}"}]}
RESULT: undefined
COMMAND: POST /session/1841494025458e3697387cb19f02ad73/execute/async - {"script":"<script> [776 bytes]","args":[{"enterText":"Clooj-Napoca","selector":{"controlType":"sap.m.Input","viewName":"etm.portal.ui.managepartners.view.EditDetail","labelFor":{"text":"City"},"interaction":{"idSuffix":"inner"}},"clearTextFirst":true,"interactionType":"ENTER_TEXT"}]}
RESULT: {"script":"<script> [776 bytes]","args":[{"enterText":"Clooj-Napoca","selector":{"controlType":"sap.m.Input","viewName":"etm.portal.ui.managepartners.view.EditDetail","labelFor":{"text":"City"},"interaction":{"idSuffix":"inner"}},"clearTextFirst":true,"interactionType":"ENTER_TEXT"}]}
COMMAND: POST /session/1841494025458e3697387cb19f02ad73/element - {"using":"xpath","value":"//button[@data-kt=\"saveButton\"]"}
RESULT: {"using":"xpath","value":"//button[@data-kt=\"saveButton\"]"}
COMMAND: POST /session/1841494025458e3697387cb19f02ad73/element/f.4A5FBB56EC8D275E16A1B089E6612898.d.EEC69711B1D94C573B090ED7F92FA339.e.4320/click - {}
RESULT: {}
COMMAND: GET /session/1841494025458e3697387cb19f02ad73/screenshot - {}
RESULT: {}
COMMAND: POST /session/1841494025458e3697387cb19f02ad73/execute/async - {"script":"<script> [1562 bytes]","args":[{"selector":{"id":"application-managepartners-display-component---detailPtm--addressDetailDetailsName1"},"wdio_ui5_key":"applicationmanagepartners-display-component---detailPtm--addressDetailDetailsName1"}]}
RESULT: {"script":"<script> [1562 bytes]","args":[{"selector":{"id":"application-managepartners-display-component---detailPtm--addressDetailDetailsName1"},"wdio_ui5_key":"applicationmanagepartners-display-component---detailPtm--addressDetailDetailsName1"}]}
RESULT: undefined
COMMAND: POST /session/1841494025458e3697387cb19f02ad73/execute/async - {"script":"<script> [6424 bytes]","args":[{"element-6066-11e4-a52e-4f735466cecf":"f.4A5FBB56EC8D275E16A1B089E6612898.d.EEC69711B1D94C573B090ED7F92FA339.e.4375"},"getValue",[]]}
RESULT: {"script":"<script> [6424 bytes]","args":[{"element-6066-11e4-a52e-4f735466cecf":"f.4A5FBB56EC8D275E16A1B089E6612898.d.EEC69711B1D94C573B090ED7F92FA339.e.4375"},"getValue",[]]}
COMMAND: POST /session/1841494025458e3697387cb19f02ad73/element - {"using":"xpath","value":"//input[@id = \"application-managepartners-display-component---detailPtm--addressDetailDetailsLanguage-inner\"]"}
RESULT: {"using":"xpath","value":"//input[@id = \"application-managepartners-display-component---detailPtm--addressDetailDetailsLanguage-inner\"]"}
COMMAND: GET /session/1841494025458e3697387cb19f02ad73/element/f.4A5FBB56EC8D275E16A1B089E6612898.d.EEC69711B1D94C573B090ED7F92FA339.e.4376/property/value - {}
RESULT: {}
COMMAND: POST /session/1841494025458e3697387cb19f02ad73/execute/async - {"script":"<script> [1562 bytes]","args":[{"selector":{"id":"application-managepartners-display-component---detailPtm--addressDetailDetailsCity1"},"wdio_ui5_key":"applicationmanagepartners-display-component---detailPtm--addressDetailDetailsCity1"}]}
COMMAND: GET /session/1841494025458e3697387cb19f02ad73/screenshot - {}
RESULT: {"script":"<script> [1562 bytes]","args":[{"selector":{"id":"application-managepartners-display-component---detailPtm--addressDetailDetailsCity1"},"wdio_ui5_key":"applicationmanagepartners-display-component---detailPtm--addressDetailDetailsCity1"}]}
RESULT: undefined
COMMAND: POST /session/1841494025458e3697387cb19f02ad73/execute/async - {"script":"<script> [6424 bytes]","args":[{"element-6066-11e4-a52e-4f735466cecf":"f.4A5FBB56EC8D275E16A1B089E6612898.d.EEC69711B1D94C573B090ED7F92FA339.e.4377"},"getValue",[]]}
RESULT: {}
RESULT: {"script":"<script> [6424 bytes]","args":[{"element-6066-11e4-a52e-4f735466cecf":"f.4A5FBB56EC8D275E16A1B089E6612898.d.EEC69711B1D94C573B090ED7F92FA339.e.4377"},"getValue",[]]}
COMMAND: POST /session/1841494025458e3697387cb19f02ad73/element - {"using":"css selector","value":"#shell-header-logo"}
RESULT: {"using":"css selector","value":"#shell-header-logo"}
COMMAND: POST /session/1841494025458e3697387cb19f02ad73/element/f.4A5FBB56EC8D275E16A1B089E6612898.d.EEC69711B1D94C573B090ED7F92FA339.e.3933/click - {}
RESULT: {}
COMMAND: GET /session/1841494025458e3697387cb19f02ad73/screenshot - {}
RESULT: {}
]]></system-out>
    </testcase>
    <testcase classname="chrome.136_0_7103_49.windows.Partner_specific_tests_US150819_US151080_US151654_US151176_US103444_US151078_US151079_US151109_US151174_US151175_US151189" name="Should create a new intracompany partner edit some of its fields US151079" time="237.841">
      <system-out><![CDATA[
COMMAND: POST /session/1841494025458e3697387cb19f02ad73/element - {"using":"xpath","value":"//li[.//span[text()=\"Manage Partners\"]]"}
RESULT: {"using":"xpath","value":"//li[.//span[text()=\"Manage Partners\"]]"}
COMMAND: POST /session/1841494025458e3697387cb19f02ad73/element - {"using":"xpath","value":"//li[.//span[text()=\"Manage Partners\"]]"}
RESULT: {"using":"xpath","value":"//li[.//span[text()=\"Manage Partners\"]]"}
COMMAND: POST /session/1841494025458e3697387cb19f02ad73/element - {"using":"css selector","value":"#shell-header-logo"}
RESULT: {"using":"css selector","value":"#shell-header-logo"}
COMMAND: POST /session/1841494025458e3697387cb19f02ad73/element/f.4A5FBB56EC8D275E16A1B089E6612898.d.EEC69711B1D94C573B090ED7F92FA339.e.4407/click - {}
COMMAND: POST /session/1841494025458e3697387cb19f02ad73/execute/sync - {"script":"<script> [8489 bytes]","args":[{"element-6066-11e4-a52e-4f735466cecf":"f.4A5FBB56EC8D275E16A1B089E6612898.d.EEC69711B1D94C573B090ED7F92FA339.e.4407","ELEMENT":"f.4A5FBB56EC8D275E16A1B089E6612898.d.EEC69711B1D94C573B090ED7F92FA339.e.4407"}]}
RESULT: {}
COMMAND: GET /session/1841494025458e3697387cb19f02ad73/screenshot - {}
RESULT: {"script":"<script> [8489 bytes]","args":[{"element-6066-11e4-a52e-4f735466cecf":"f.4A5FBB56EC8D275E16A1B089E6612898.d.EEC69711B1D94C573B090ED7F92FA339.e.4407","ELEMENT":"f.4A5FBB56EC8D275E16A1B089E6612898.d.EEC69711B1D94C573B090ED7F92FA339.e.4407"}]}
COMMAND: POST /session/1841494025458e3697387cb19f02ad73/execute/sync - {"script":"<script> [5351 bytes]","args":[{"element-6066-11e4-a52e-4f735466cecf":"f.4A5FBB56EC8D275E16A1B089E6612898.d.EEC69711B1D94C573B090ED7F92FA339.e.4407","ELEMENT":"f.4A5FBB56EC8D275E16A1B089E6612898.d.EEC69711B1D94C573B090ED7F92FA339.e.4407"}]}
COMMAND: GET /session/1841494025458e3697387cb19f02ad73/screenshot - {}
RESULT: {}
RESULT: {"script":"<script> [5351 bytes]","args":[{"element-6066-11e4-a52e-4f735466cecf":"f.4A5FBB56EC8D275E16A1B089E6612898.d.EEC69711B1D94C573B090ED7F92FA339.e.4407","ELEMENT":"f.4A5FBB56EC8D275E16A1B089E6612898.d.EEC69711B1D94C573B090ED7F92FA339.e.4407"}]}
COMMAND: GET /session/1841494025458e3697387cb19f02ad73/screenshot - {}
RESULT: {}
RESULT: {}
COMMAND: POST /session/1841494025458e3697387cb19f02ad73/refresh - {}
RESULT: {}
COMMAND: GET /session/1841494025458e3697387cb19f02ad73/screenshot - {}
RESULT: {}
COMMAND: POST /session/1841494025458e3697387cb19f02ad73/refresh - {}
RESULT: {}
COMMAND: GET /session/1841494025458e3697387cb19f02ad73/screenshot - {}
RESULT: {}
COMMAND: POST /session/1841494025458e3697387cb19f02ad73/window/fullscreen - {}
RESULT: {}
COMMAND: POST /session/1841494025458e3697387cb19f02ad73/execute/async - {"script":"<script> [189 bytes]","args":[]}
RESULT: {"script":"<script> [189 bytes]","args":[]}
COMMAND: POST /session/1841494025458e3697387cb19f02ad73/execute/async - {"script":"<script> [123 bytes]","args":[]}
RESULT: {"script":"<script> [123 bytes]","args":[]}
COMMAND: POST /session/1841494025458e3697387cb19f02ad73/timeouts - {"script":"<number>"}
RESULT: {"script":"<number>"}
COMMAND: GET /session/1841494025458e3697387cb19f02ad73/timeouts - {}
RESULT: {}
RESULT: undefined
COMMAND: POST /session/1841494025458e3697387cb19f02ad73/execute/async - {"script":"<script> [2676 bytes]","args":[]}
RESULT: {"script":"<script> [2676 bytes]","args":[]}
COMMAND: POST /session/1841494025458e3697387cb19f02ad73/execute/async - {"script":"<script> [2342 bytes]","args":[{"protocol":"http","hostname":"0.0.0.0","path":"/","capabilities":{"browserName":"chrome","goog:chromeOptions":{"binary":"C:\\Program Files\\Google\\Chrome\\Application\\chrome.exe","args":["--start-maximized"]}},"logLevel":"warn","connectionRetryTimeout":120000,"connectionRetryCount":3,"logLevels":{},"enableDirectConnect":true,"strictSSL":true,"_":"65 more keys: [\"cacheDir\",\"port\",\"requestedCapabilities\",\"automationProtocol\",\"baseUrl\",\"waitforInterval\",\"waitforTimeout\",\"onReload\",\"beforeCommand\",\"afterCommand\",\"rootDir\",\"specs\",\"suites\",\"exclude\",\"groupLogsByTestSpec\",\"excludeDriverLogs\",\"bail\",\"framework\",\"reporters\",\"services\",\"maxInstances\",\"maxInstancesPerCapability\",\"injectGlobals\",\"filesToWatch\",\"execArgv\",\"runnerEnv\",\"runner\",\"shard\",\"specFileRetries\",\"specFileRetriesDelay\",\"specFileRetriesDeferred\",\"reporterSyncInterval\",\"reporterSyncTimeout\",\"cucumberFeaturesWithLineNumbers\",\"autoCompileOpts\",\"mochaOpts\",\"jasmineOpts\",\"cucumberOpts\",\"onPrepare\",\"onWorkerStart\",\"onWorkerEnd\",\"before\",\"beforeSession\",\"beforeSuite\",\"beforeHook\",\"beforeTest\",\"afterTest\",\"afterHook\",\"afterSuite\",\"afterSession\",\"after\",\"onComplete\",\"beforeAssertion\",\"afterAssertion\",\"beforeFeature\",\"beforeScenario\",\"beforeStep\",\"afterStep\",\"afterScenario\",\"afterFeature\",\"_\",\"suite\",\"$0\",\"ignoredWorkerServices\",\"wdi5\"]"}]}
RESULT: {"script":"<script> [2342 bytes]","args":[{"protocol":"http","hostname":"0.0.0.0","path":"/","capabilities":{"browserName":"chrome","goog:chromeOptions":{"binary":"C:\\Program Files\\Google\\Chrome\\Application\\chrome.exe","args":["--start-maximized"]}},"logLevel":"warn","connectionRetryTimeout":120000,"connectionRetryCount":3,"logLevels":{},"enableDirectConnect":true,"strictSSL":true,"_":"65 more keys: [\"cacheDir\",\"port\",\"requestedCapabilities\",\"automationProtocol\",\"baseUrl\",\"waitforInterval\",\"waitforTimeout\",\"onReload\",\"beforeCommand\",\"afterCommand\",\"rootDir\",\"specs\",\"suites\",\"exclude\",\"groupLogsByTestSpec\",\"excludeDriverLogs\",\"bail\",\"framework\",\"reporters\",\"services\",\"maxInstances\",\"maxInstancesPerCapability\",\"injectGlobals\",\"filesToWatch\",\"execArgv\",\"runnerEnv\",\"runner\",\"shard\",\"specFileRetries\",\"specFileRetriesDelay\",\"specFileRetriesDeferred\",\"reporterSyncInterval\",\"reporterSyncTimeout\",\"cucumberFeaturesWithLineNumbers\",\"autoCompileOpts\",\"mochaOpts\",\"jasmineOpts\",\"cucumberOpts\",\"onPrepare\",\"onWorkerStart\",\"onWorkerEnd\",\"before\",\"beforeSession\",\"beforeSuite\",\"beforeHook\",\"beforeTest\",\"afterTest\",\"afterHook\",\"afterSuite\",\"afterSession\",\"after\",\"onComplete\",\"beforeAssertion\",\"afterAssertion\",\"beforeFeature\",\"beforeScenario\",\"beforeStep\",\"afterStep\",\"afterScenario\",\"afterFeature\",\"_\",\"suite\",\"$0\",\"ignoredWorkerServices\",\"wdi5\"]"}]}
COMMAND: POST /session/1841494025458e3697387cb19f02ad73/execute/async - {"script":"<script> [21126 bytes]","args":[35000]}
RESULT: {"script":"<script> [21126 bytes]","args":[35000]}
COMMAND: POST /session/1841494025458e3697387cb19f02ad73/window/fullscreen - {}
RESULT: {}
COMMAND: POST /session/1841494025458e3697387cb19f02ad73/window/fullscreen - {}
RESULT: {}
COMMAND: POST /session/1841494025458e3697387cb19f02ad73/execute/async - {"script":"<script> [1562 bytes]","args":[{"selector":{"controlType":"sap.m.GenericTile","properties":{"header":"Manage Partners"}},"wdio_ui5_key":"sapm.GenericTile{\"header\":\"Manage Partners\"}"}]}
RESULT: {"script":"<script> [1562 bytes]","args":[{"selector":{"controlType":"sap.m.GenericTile","properties":{"header":"Manage Partners"}},"wdio_ui5_key":"sapm.GenericTile{\"header\":\"Manage Partners\"}"}]}
RESULT: undefined
COMMAND: POST /session/1841494025458e3697387cb19f02ad73/element - {"using":"xpath","value":"//*[@id=\"__tile30\"]"}
RESULT: {"using":"xpath","value":"//*[@id=\"__tile30\"]"}
COMMAND: POST /session/1841494025458e3697387cb19f02ad73/element/f.4A5FBB56EC8D275E16A1B089E6612898.d.233D42D6305FCF8EE1EBD783C159262A.e.4479/click - {}
RESULT: {}
COMMAND: POST /session/1841494025458e3697387cb19f02ad73/element - {"using":"xpath","value":"//button[@data-kt=\"addButton\"]"}
COMMAND: GET /session/1841494025458e3697387cb19f02ad73/screenshot - {}
RESULT: {"using":"xpath","value":"//button[@data-kt=\"addButton\"]"}
COMMAND: POST /session/1841494025458e3697387cb19f02ad73/elements - {"using":"xpath","value":"//button[@data-kt=\"addButton\"]"}
RESULT: {}
RESULT: {"using":"xpath","value":"//button[@data-kt=\"addButton\"]"}
COMMAND: POST /session/1841494025458e3697387cb19f02ad73/element - {"using":"xpath","value":"//button[@data-kt=\"addButton\"]"}
RESULT: {"using":"xpath","value":"//button[@data-kt=\"addButton\"]"}
COMMAND: POST /session/1841494025458e3697387cb19f02ad73/execute/sync - {"script":"<script> [8489 bytes]","args":[{"element-6066-11e4-a52e-4f735466cecf":"f.4A5FBB56EC8D275E16A1B089E6612898.d.233D42D6305FCF8EE1EBD783C159262A.e.4601","ELEMENT":"f.4A5FBB56EC8D275E16A1B089E6612898.d.233D42D6305FCF8EE1EBD783C159262A.e.4601"}]}
RESULT: {"script":"<script> [8489 bytes]","args":[{"element-6066-11e4-a52e-4f735466cecf":"f.4A5FBB56EC8D275E16A1B089E6612898.d.233D42D6305FCF8EE1EBD783C159262A.e.4601","ELEMENT":"f.4A5FBB56EC8D275E16A1B089E6612898.d.233D42D6305FCF8EE1EBD783C159262A.e.4601"}]}
COMMAND: GET /session/1841494025458e3697387cb19f02ad73/element/f.4A5FBB56EC8D275E16A1B089E6612898.d.233D42D6305FCF8EE1EBD783C159262A.e.4601/enabled - {}
COMMAND: GET /session/1841494025458e3697387cb19f02ad73/screenshot - {}
RESULT: {}
COMMAND: POST /session/1841494025458e3697387cb19f02ad73/execute/sync - {"script":"<script> [8489 bytes]","args":[{"element-6066-11e4-a52e-4f735466cecf":"f.4A5FBB56EC8D275E16A1B089E6612898.d.233D42D6305FCF8EE1EBD783C159262A.e.4601","ELEMENT":"f.4A5FBB56EC8D275E16A1B089E6612898.d.233D42D6305FCF8EE1EBD783C159262A.e.4601"}]}
COMMAND: GET /session/1841494025458e3697387cb19f02ad73/screenshot - {}
RESULT: {}
RESULT: {"script":"<script> [8489 bytes]","args":[{"element-6066-11e4-a52e-4f735466cecf":"f.4A5FBB56EC8D275E16A1B089E6612898.d.233D42D6305FCF8EE1EBD783C159262A.e.4601","ELEMENT":"f.4A5FBB56EC8D275E16A1B089E6612898.d.233D42D6305FCF8EE1EBD783C159262A.e.4601"}]}
COMMAND: POST /session/1841494025458e3697387cb19f02ad73/execute/sync - {"script":"<script> [5351 bytes]","args":[{"element-6066-11e4-a52e-4f735466cecf":"f.4A5FBB56EC8D275E16A1B089E6612898.d.233D42D6305FCF8EE1EBD783C159262A.e.4601","ELEMENT":"f.4A5FBB56EC8D275E16A1B089E6612898.d.233D42D6305FCF8EE1EBD783C159262A.e.4601"}]}
COMMAND: GET /session/1841494025458e3697387cb19f02ad73/screenshot - {}
RESULT: {}
RESULT: {"script":"<script> [5351 bytes]","args":[{"element-6066-11e4-a52e-4f735466cecf":"f.4A5FBB56EC8D275E16A1B089E6612898.d.233D42D6305FCF8EE1EBD783C159262A.e.4601","ELEMENT":"f.4A5FBB56EC8D275E16A1B089E6612898.d.233D42D6305FCF8EE1EBD783C159262A.e.4601"}]}
COMMAND: POST /session/1841494025458e3697387cb19f02ad73/element/f.4A5FBB56EC8D275E16A1B089E6612898.d.233D42D6305FCF8EE1EBD783C159262A.e.4601/click - {}
COMMAND: GET /session/1841494025458e3697387cb19f02ad73/screenshot - {}
RESULT: {}
RESULT: {}
COMMAND: GET /session/1841494025458e3697387cb19f02ad73/screenshot - {}
COMMAND: POST /session/1841494025458e3697387cb19f02ad73/execute/async - {"script":"<script> [1562 bytes]","args":[{"selector":{"id":"application-managepartners-display-component---NewPartner--addressDetailDetailsName1","interaction":{"idSuffix":"inner"}},"wdio_ui5_key":"applicationmanagepartners-display-component---NewPartner--addressDetailDetailsName1"}]}
RESULT: {}
RESULT: {}
RESULT: {"script":"<script> [1562 bytes]","args":[{"selector":{"id":"application-managepartners-display-component---NewPartner--addressDetailDetailsName1","interaction":{"idSuffix":"inner"}},"wdio_ui5_key":"applicationmanagepartners-display-component---NewPartner--addressDetailDetailsName1"}]}
RESULT: undefined
COMMAND: POST /session/1841494025458e3697387cb19f02ad73/execute/async - {"script":"<script> [776 bytes]","args":[{"enterText":"Intracompany Partner WDIO","selector":{"id":"application-managepartners-display-component---NewPartner--addressDetailDetailsName1","interaction":{"idSuffix":"inner"}},"clearTextFirst":true,"interactionType":"ENTER_TEXT"}]}
RESULT: {"script":"<script> [776 bytes]","args":[{"enterText":"Intracompany Partner WDIO","selector":{"id":"application-managepartners-display-component---NewPartner--addressDetailDetailsName1","interaction":{"idSuffix":"inner"}},"clearTextFirst":true,"interactionType":"ENTER_TEXT"}]}
COMMAND: POST /session/1841494025458e3697387cb19f02ad73/execute/async - {"script":"<script> [1562 bytes]","args":[{"selector":{"id":"application-managepartners-display-component---NewPartner--addressDetailDetailsLanguage-arrow"},"wdio_ui5_key":"applicationmanagepartners-display-component---NewPartner--addressDetailDetailsLanguage-arrow"}]}
RESULT: {"script":"<script> [1562 bytes]","args":[{"selector":{"id":"application-managepartners-display-component---NewPartner--addressDetailDetailsLanguage-arrow"},"wdio_ui5_key":"applicationmanagepartners-display-component---NewPartner--addressDetailDetailsLanguage-arrow"}]}
RESULT: undefined
COMMAND: POST /session/1841494025458e3697387cb19f02ad73/element - {"using":"xpath","value":"//*[@id=\"application-managepartners-display-component---NewPartner--addressDetailDetailsLanguage-arrow\"]"}
RESULT: {"using":"xpath","value":"//*[@id=\"application-managepartners-display-component---NewPartner--addressDetailDetailsLanguage-arrow\"]"}
COMMAND: POST /session/1841494025458e3697387cb19f02ad73/element/f.4A5FBB56EC8D275E16A1B089E6612898.d.233D42D6305FCF8EE1EBD783C159262A.e.5035/click - {}
RESULT: {}
COMMAND: POST /session/1841494025458e3697387cb19f02ad73/element - {"using":"xpath","value":"//span[contains(text(), \"English\")]"}
COMMAND: GET /session/1841494025458e3697387cb19f02ad73/screenshot - {}
RESULT: {"using":"xpath","value":"//span[contains(text(), \"English\")]"}
COMMAND: POST /session/1841494025458e3697387cb19f02ad73/element/f.4A5FBB56EC8D275E16A1B089E6612898.d.233D42D6305FCF8EE1EBD783C159262A.e.5036/click - {}
RESULT: {}
RESULT: {}
COMMAND: GET /session/1841494025458e3697387cb19f02ad73/screenshot - {}
RESULT: {}
COMMAND: POST /session/1841494025458e3697387cb19f02ad73/execute/async - {"script":"<script> [1562 bytes]","args":[{"selector":{"id":"application-managepartners-display-component---NewPartner--addressDetailDetailsCity1","interaction":{"idSuffix":"inner"}},"wdio_ui5_key":"applicationmanagepartners-display-component---NewPartner--addressDetailDetailsCity1"}]}
RESULT: {"script":"<script> [1562 bytes]","args":[{"selector":{"id":"application-managepartners-display-component---NewPartner--addressDetailDetailsCity1","interaction":{"idSuffix":"inner"}},"wdio_ui5_key":"applicationmanagepartners-display-component---NewPartner--addressDetailDetailsCity1"}]}
RESULT: undefined
COMMAND: POST /session/1841494025458e3697387cb19f02ad73/execute/async - {"script":"<script> [776 bytes]","args":[{"enterText":"Rosario","selector":{"id":"application-managepartners-display-component---NewPartner--addressDetailDetailsCity1","interaction":{"idSuffix":"inner"}},"clearTextFirst":true,"interactionType":"ENTER_TEXT"}]}
RESULT: {"script":"<script> [776 bytes]","args":[{"enterText":"Rosario","selector":{"id":"application-managepartners-display-component---NewPartner--addressDetailDetailsCity1","interaction":{"idSuffix":"inner"}},"clearTextFirst":true,"interactionType":"ENTER_TEXT"}]}
COMMAND: POST /session/1841494025458e3697387cb19f02ad73/execute/async - {"script":"<script> [1562 bytes]","args":[{"selector":{"id":"application-managepartners-display-component---NewPartner--addressDetailDetailsCountry-arrow"},"wdio_ui5_key":"applicationmanagepartners-display-component---NewPartner--addressDetailDetailsCountry-arrow"}]}
RESULT: {"script":"<script> [1562 bytes]","args":[{"selector":{"id":"application-managepartners-display-component---NewPartner--addressDetailDetailsCountry-arrow"},"wdio_ui5_key":"applicationmanagepartners-display-component---NewPartner--addressDetailDetailsCountry-arrow"}]}
RESULT: undefined
COMMAND: POST /session/1841494025458e3697387cb19f02ad73/element - {"using":"xpath","value":"//*[@id=\"application-managepartners-display-component---NewPartner--addressDetailDetailsCountry-arrow\"]"}
RESULT: {"using":"xpath","value":"//*[@id=\"application-managepartners-display-component---NewPartner--addressDetailDetailsCountry-arrow\"]"}
COMMAND: POST /session/1841494025458e3697387cb19f02ad73/element/f.4A5FBB56EC8D275E16A1B089E6612898.d.233D42D6305FCF8EE1EBD783C159262A.e.5011/click - {}
RESULT: {}
COMMAND: POST /session/1841494025458e3697387cb19f02ad73/element - {"using":"xpath","value":"//span[contains(text(), \"Argentina\")]"}
COMMAND: GET /session/1841494025458e3697387cb19f02ad73/screenshot - {}
RESULT: {"using":"xpath","value":"//span[contains(text(), \"Argentina\")]"}
COMMAND: POST /session/1841494025458e3697387cb19f02ad73/element/f.4A5FBB56EC8D275E16A1B089E6612898.d.233D42D6305FCF8EE1EBD783C159262A.e.5038/click - {}
RESULT: {}
RESULT: {}
COMMAND: GET /session/1841494025458e3697387cb19f02ad73/screenshot - {}
RESULT: {}
COMMAND: POST /session/1841494025458e3697387cb19f02ad73/element - {"using":"xpath","value":"//bdi[contains(text(), \"Commercial\")]"}
RESULT: {"using":"xpath","value":"//bdi[contains(text(), \"Commercial\")]"}
COMMAND: POST /session/1841494025458e3697387cb19f02ad73/element/f.4A5FBB56EC8D275E16A1B089E6612898.d.233D42D6305FCF8EE1EBD783C159262A.e.5039/click - {}
RESULT: {}
COMMAND: GET /session/1841494025458e3697387cb19f02ad73/screenshot - {}
RESULT: {}
COMMAND: POST /session/1841494025458e3697387cb19f02ad73/execute/async - {"script":"<script> [1562 bytes]","args":[{"selector":{"id":"application-managepartners-display-component---NewPartner--partnerDetailInternal-arrow"},"wdio_ui5_key":"applicationmanagepartners-display-component---NewPartner--partnerDetailInternal-arrow"}]}
RESULT: {"script":"<script> [1562 bytes]","args":[{"selector":{"id":"application-managepartners-display-component---NewPartner--partnerDetailInternal-arrow"},"wdio_ui5_key":"applicationmanagepartners-display-component---NewPartner--partnerDetailInternal-arrow"}]}
RESULT: undefined
COMMAND: POST /session/1841494025458e3697387cb19f02ad73/element - {"using":"xpath","value":"//*[@id=\"application-managepartners-display-component---NewPartner--partnerDetailInternal-arrow\"]"}
RESULT: {"using":"xpath","value":"//*[@id=\"application-managepartners-display-component---NewPartner--partnerDetailInternal-arrow\"]"}
COMMAND: POST /session/1841494025458e3697387cb19f02ad73/element/f.4A5FBB56EC8D275E16A1B089E6612898.d.233D42D6305FCF8EE1EBD783C159262A.e.5045/click - {}
RESULT: {}
COMMAND: POST /session/1841494025458e3697387cb19f02ad73/element - {"using":"xpath","value":"//span[contains(text(), \"Affiliated company\")]"}
COMMAND: GET /session/1841494025458e3697387cb19f02ad73/screenshot - {}
RESULT: {"using":"xpath","value":"//span[contains(text(), \"Affiliated company\")]"}
COMMAND: POST /session/1841494025458e3697387cb19f02ad73/element/f.4A5FBB56EC8D275E16A1B089E6612898.d.233D42D6305FCF8EE1EBD783C159262A.e.5046/click - {}
RESULT: {}
RESULT: {}
COMMAND: POST /session/1841494025458e3697387cb19f02ad73/execute/async - {"script":"<script> [1562 bytes]","args":[{"selector":{"id":"application-managepartners-display-component---NewPartner--partnerDetailsCurrency-arrow"},"wdio_ui5_key":"applicationmanagepartners-display-component---NewPartner--partnerDetailsCurrency-arrow"}]}
COMMAND: GET /session/1841494025458e3697387cb19f02ad73/screenshot - {}
RESULT: {"script":"<script> [1562 bytes]","args":[{"selector":{"id":"application-managepartners-display-component---NewPartner--partnerDetailsCurrency-arrow"},"wdio_ui5_key":"applicationmanagepartners-display-component---NewPartner--partnerDetailsCurrency-arrow"}]}
RESULT: undefined
COMMAND: POST /session/1841494025458e3697387cb19f02ad73/element - {"using":"xpath","value":"//*[@id=\"application-managepartners-display-component---NewPartner--partnerDetailsCurrency-arrow\"]"}
RESULT: {}
RESULT: {"using":"xpath","value":"//*[@id=\"application-managepartners-display-component---NewPartner--partnerDetailsCurrency-arrow\"]"}
COMMAND: POST /session/1841494025458e3697387cb19f02ad73/element/f.4A5FBB56EC8D275E16A1B089E6612898.d.233D42D6305FCF8EE1EBD783C159262A.e.5053/click - {}
RESULT: {}
COMMAND: POST /session/1841494025458e3697387cb19f02ad73/element - {"using":"xpath","value":"//span[contains(text(), \"Euro\")]"}
COMMAND: GET /session/1841494025458e3697387cb19f02ad73/screenshot - {}
RESULT: {"using":"xpath","value":"//span[contains(text(), \"Euro\")]"}
COMMAND: POST /session/1841494025458e3697387cb19f02ad73/element/f.4A5FBB56EC8D275E16A1B089E6612898.d.233D42D6305FCF8EE1EBD783C159262A.e.5054/click - {}
RESULT: {}
RESULT: {}
COMMAND: POST /session/1841494025458e3697387cb19f02ad73/execute/async - {"script":"<script> [1562 bytes]","args":[{"selector":{"id":"application-managepartners-display-component---NewPartner--addressEditDetailsCostObjectCstType-arrow"},"wdio_ui5_key":"applicationmanagepartners-display-component---NewPartner--addressEditDetailsCostObjectCstType-arrow"}]}
COMMAND: GET /session/1841494025458e3697387cb19f02ad73/screenshot - {}
RESULT: {"script":"<script> [1562 bytes]","args":[{"selector":{"id":"application-managepartners-display-component---NewPartner--addressEditDetailsCostObjectCstType-arrow"},"wdio_ui5_key":"applicationmanagepartners-display-component---NewPartner--addressEditDetailsCostObjectCstType-arrow"}]}
RESULT: undefined
COMMAND: POST /session/1841494025458e3697387cb19f02ad73/element - {"using":"xpath","value":"//*[@id=\"application-managepartners-display-component---NewPartner--addressEditDetailsCostObjectCstType-arrow\"]"}
RESULT: {}
RESULT: {"using":"xpath","value":"//*[@id=\"application-managepartners-display-component---NewPartner--addressEditDetailsCostObjectCstType-arrow\"]"}
COMMAND: POST /session/1841494025458e3697387cb19f02ad73/element/f.4A5FBB56EC8D275E16A1B089E6612898.d.233D42D6305FCF8EE1EBD783C159262A.e.5055/click - {}
RESULT: {}
COMMAND: POST /session/1841494025458e3697387cb19f02ad73/element - {"using":"xpath","value":"//span[contains(text(), \"Cost Center\")]"}
COMMAND: GET /session/1841494025458e3697387cb19f02ad73/screenshot - {}
RESULT: {"using":"xpath","value":"//span[contains(text(), \"Cost Center\")]"}
COMMAND: POST /session/1841494025458e3697387cb19f02ad73/element/f.4A5FBB56EC8D275E16A1B089E6612898.d.233D42D6305FCF8EE1EBD783C159262A.e.5056/click - {}
RESULT: {}
RESULT: {}
COMMAND: GET /session/1841494025458e3697387cb19f02ad73/screenshot - {}
RESULT: {}
COMMAND: POST /session/1841494025458e3697387cb19f02ad73/element - {"using":"xpath","value":"//span[@id=\"application-managepartners-display-component---NewPartner--addressNewCostObjectCstID-vhi\"]"}
RESULT: {"using":"xpath","value":"//span[@id=\"application-managepartners-display-component---NewPartner--addressNewCostObjectCstID-vhi\"]"}
COMMAND: POST /session/1841494025458e3697387cb19f02ad73/execute/sync - {"script":"<script> [8489 bytes]","args":[{"element-6066-11e4-a52e-4f735466cecf":"f.4A5FBB56EC8D275E16A1B089E6612898.d.233D42D6305FCF8EE1EBD783C159262A.e.5060","ELEMENT":"f.4A5FBB56EC8D275E16A1B089E6612898.d.233D42D6305FCF8EE1EBD783C159262A.e.5060"}]}
RESULT: {"script":"<script> [8489 bytes]","args":[{"element-6066-11e4-a52e-4f735466cecf":"f.4A5FBB56EC8D275E16A1B089E6612898.d.233D42D6305FCF8EE1EBD783C159262A.e.5060","ELEMENT":"f.4A5FBB56EC8D275E16A1B089E6612898.d.233D42D6305FCF8EE1EBD783C159262A.e.5060"}]}
COMMAND: POST /session/1841494025458e3697387cb19f02ad73/execute/async - {"script":"<script> [1562 bytes]","args":[{"selector":{"id":"application-managepartners-display-component---NewPartner--addressNewCostObjectCstID-vhi"},"wdio_ui5_key":"applicationmanagepartners-display-component---NewPartner--addressNewCostObjectCstID-vhi"}]}
COMMAND: GET /session/1841494025458e3697387cb19f02ad73/screenshot - {}
RESULT: {"script":"<script> [1562 bytes]","args":[{"selector":{"id":"application-managepartners-display-component---NewPartner--addressNewCostObjectCstID-vhi"},"wdio_ui5_key":"applicationmanagepartners-display-component---NewPartner--addressNewCostObjectCstID-vhi"}]}
RESULT: undefined
COMMAND: POST /session/1841494025458e3697387cb19f02ad73/element - {"using":"xpath","value":"//*[@id=\"application-managepartners-display-component---NewPartner--addressNewCostObjectCstID-vhi\"]"}
RESULT: {}
RESULT: {"using":"xpath","value":"//*[@id=\"application-managepartners-display-component---NewPartner--addressNewCostObjectCstID-vhi\"]"}
COMMAND: POST /session/1841494025458e3697387cb19f02ad73/element/f.4A5FBB56EC8D275E16A1B089E6612898.d.233D42D6305FCF8EE1EBD783C159262A.e.5060/click - {}
RESULT: {}
COMMAND: GET /session/1841494025458e3697387cb19f02ad73/screenshot - {}
RESULT: {}
COMMAND: POST /session/1841494025458e3697387cb19f02ad73/execute/async - {"script":"<script> [1562 bytes]","args":[{"selector":{"controlType":"sap.m.SearchField","properties":{"placeholder":"Search"},"searchOpenDialogs":true,"interaction":{"idSuffix":"I"}},"wdio_ui5_key":"sapm.SearchField{\"placeholder\":\"Search\"}"}]}
RESULT: {"script":"<script> [1562 bytes]","args":[{"selector":{"controlType":"sap.m.SearchField","properties":{"placeholder":"Search"},"searchOpenDialogs":true,"interaction":{"idSuffix":"I"}},"wdio_ui5_key":"sapm.SearchField{\"placeholder\":\"Search\"}"}]}
RESULT: undefined
COMMAND: POST /session/1841494025458e3697387cb19f02ad73/execute/async - {"script":"<script> [776 bytes]","args":[{"enterText":"10001013","selector":{"controlType":"sap.m.SearchField","properties":{"placeholder":"Search"},"searchOpenDialogs":true,"interaction":{"idSuffix":"I"}},"clearTextFirst":true,"interactionType":"ENTER_TEXT"}]}
RESULT: {"script":"<script> [776 bytes]","args":[{"enterText":"10001013","selector":{"controlType":"sap.m.SearchField","properties":{"placeholder":"Search"},"searchOpenDialogs":true,"interaction":{"idSuffix":"I"}},"clearTextFirst":true,"interactionType":"ENTER_TEXT"}]}
COMMAND: POST /session/1841494025458e3697387cb19f02ad73/actions - {"actions":[{"id":"action12","type":"key","parameters":{},"actions":[{"type":"keyDown","value":"î€‡"},{"type":"pause","duration":10},{"type":"keyUp","value":"î€‡"}]}]}
RESULT: {"actions":[{"id":"action12","type":"key","parameters":{},"actions":[{"type":"keyDown","value":"î€‡"},{"type":"pause","duration":10},{"type":"keyUp","value":"î€‡"}]}]}
COMMAND: GET /session/1841494025458e3697387cb19f02ad73/screenshot - {}
RESULT: {}
COMMAND: POST /session/1841494025458e3697387cb19f02ad73/element - {"using":"xpath","value":"//span[contains(text(), \"General Management\")]"}
RESULT: {"using":"xpath","value":"//span[contains(text(), \"General Management\")]"}
COMMAND: POST /session/1841494025458e3697387cb19f02ad73/element/f.4A5FBB56EC8D275E16A1B089E6612898.d.233D42D6305FCF8EE1EBD783C159262A.e.5103/click - {}
RESULT: {}
COMMAND: GET /session/1841494025458e3697387cb19f02ad73/screenshot - {}
RESULT: {}
COMMAND: POST /session/1841494025458e3697387cb19f02ad73/element - {"using":"xpath","value":"//bdi[contains(text(), \"OK\")]"}
RESULT: {"using":"xpath","value":"//bdi[contains(text(), \"OK\")]"}
COMMAND: POST /session/1841494025458e3697387cb19f02ad73/element/f.4A5FBB56EC8D275E16A1B089E6612898.d.233D42D6305FCF8EE1EBD783C159262A.e.5104/click - {}
RESULT: {}
COMMAND: GET /session/1841494025458e3697387cb19f02ad73/screenshot - {}
RESULT: {}
COMMAND: POST /session/1841494025458e3697387cb19f02ad73/element - {"using":"xpath","value":"//input[@id=\"application-managepartners-display-component---NewPartner--companyCodeComboBox-inner\"]"}
RESULT: {"using":"xpath","value":"//input[@id=\"application-managepartners-display-component---NewPartner--companyCodeComboBox-inner\"]"}
COMMAND: POST /session/1841494025458e3697387cb19f02ad73/element/f.4A5FBB56EC8D275E16A1B089E6612898.d.233D42D6305FCF8EE1EBD783C159262A.e.4987/clear - {}
RESULT: {}
COMMAND: POST /session/1841494025458e3697387cb19f02ad73/element/f.4A5FBB56EC8D275E16A1B089E6612898.d.233D42D6305FCF8EE1EBD783C159262A.e.4987/value - {"text":"1000"}
COMMAND: GET /session/1841494025458e3697387cb19f02ad73/screenshot - {}
RESULT: {"text":"1000"}
COMMAND: GET /session/1841494025458e3697387cb19f02ad73/screenshot - {}
RESULT: {}
RESULT: {}
COMMAND: POST /session/1841494025458e3697387cb19f02ad73/element - {"using":"xpath","value":"//li[.//span[text()= \"1000\"]]"}
RESULT: {"using":"xpath","value":"//li[.//span[text()= \"1000\"]]"}
COMMAND: POST /session/1841494025458e3697387cb19f02ad73/element/f.4A5FBB56EC8D275E16A1B089E6612898.d.233D42D6305FCF8EE1EBD783C159262A.e.5110/click - {}
RESULT: {}
COMMAND: GET /session/1841494025458e3697387cb19f02ad73/screenshot - {}
RESULT: {}
COMMAND: POST /session/1841494025458e3697387cb19f02ad73/execute/async - {"script":"<script> [1562 bytes]","args":[{"selector":{"id":"application-managepartners-display-component---NewPartner--btnAddTableRow-img"},"wdio_ui5_key":"applicationmanagepartners-display-component---NewPartner--btnAddTableRow-img"}]}
RESULT: {"script":"<script> [1562 bytes]","args":[{"selector":{"id":"application-managepartners-display-component---NewPartner--btnAddTableRow-img"},"wdio_ui5_key":"applicationmanagepartners-display-component---NewPartner--btnAddTableRow-img"}]}
RESULT: undefined
COMMAND: POST /session/1841494025458e3697387cb19f02ad73/element - {"using":"xpath","value":"//*[@id=\"application-managepartners-display-component---NewPartner--btnAddTableRow-img\"]"}
RESULT: {"using":"xpath","value":"//*[@id=\"application-managepartners-display-component---NewPartner--btnAddTableRow-img\"]"}
COMMAND: POST /session/1841494025458e3697387cb19f02ad73/element/f.4A5FBB56EC8D275E16A1B089E6612898.d.233D42D6305FCF8EE1EBD783C159262A.e.5111/click - {}
RESULT: {}
COMMAND: GET /session/1841494025458e3697387cb19f02ad73/screenshot - {}
RESULT: {}
COMMAND: POST /session/1841494025458e3697387cb19f02ad73/element - {"using":"xpath","value":"//input[@id=\"application-managepartners-display-component---NewPartner--assignmentYard-application-managepartners-display-component---NewPartner--assignmentsTable-0-inner\"]"}
RESULT: {"using":"xpath","value":"//input[@id=\"application-managepartners-display-component---NewPartner--assignmentYard-application-managepartners-display-component---NewPartner--assignmentsTable-0-inner\"]"}
COMMAND: POST /session/1841494025458e3697387cb19f02ad73/element/f.4A5FBB56EC8D275E16A1B089E6612898.d.233D42D6305FCF8EE1EBD783C159262A.e.5114/clear - {}
RESULT: {}
COMMAND: POST /session/1841494025458e3697387cb19f02ad73/element/f.4A5FBB56EC8D275E16A1B089E6612898.d.233D42D6305FCF8EE1EBD783C159262A.e.5114/value - {"text":"670"}
COMMAND: GET /session/1841494025458e3697387cb19f02ad73/screenshot - {}
RESULT: {"text":"670"}
COMMAND: GET /session/1841494025458e3697387cb19f02ad73/screenshot - {}
RESULT: {}
RESULT: {}
COMMAND: POST /session/1841494025458e3697387cb19f02ad73/element - {"using":"xpath","value":"//li[.//span[text()='670']]"}
RESULT: {"using":"xpath","value":"//li[.//span[text()='670']]"}
COMMAND: POST /session/1841494025458e3697387cb19f02ad73/element/f.4A5FBB56EC8D275E16A1B089E6612898.d.233D42D6305FCF8EE1EBD783C159262A.e.5123/click - {}
RESULT: {}
COMMAND: GET /session/1841494025458e3697387cb19f02ad73/screenshot - {}
RESULT: {}
COMMAND: POST /session/1841494025458e3697387cb19f02ad73/actions - {"actions":[{"id":"action13","type":"key","parameters":{},"actions":[{"type":"keyDown","value":"î€‡"},{"type":"pause","duration":10},{"type":"keyUp","value":"î€‡"}]}]}
RESULT: {"actions":[{"id":"action13","type":"key","parameters":{},"actions":[{"type":"keyDown","value":"î€‡"},{"type":"pause","duration":10},{"type":"keyUp","value":"î€‡"}]}]}
COMMAND: POST /session/1841494025458e3697387cb19f02ad73/execute/async - {"script":"<script> [1562 bytes]","args":[{"selector":{"id":"application-managepartners-display-component---NewPartner--externalCustomerComboBox-application-managepartners-display-component---NewPartner--assignmentsTable-0-vhi"},"wdio_ui5_key":"applicationmanagepartners-display-component---NewPartner--externalCustomerComboBox-application-managepartners-display-component---NewPartner--assignmentsTable-0-vhi"}]}
COMMAND: GET /session/1841494025458e3697387cb19f02ad73/screenshot - {}
RESULT: {"script":"<script> [1562 bytes]","args":[{"selector":{"id":"application-managepartners-display-component---NewPartner--externalCustomerComboBox-application-managepartners-display-component---NewPartner--assignmentsTable-0-vhi"},"wdio_ui5_key":"applicationmanagepartners-display-component---NewPartner--externalCustomerComboBox-application-managepartners-display-component---NewPartner--assignmentsTable-0-vhi"}]}
RESULT: undefined
COMMAND: POST /session/1841494025458e3697387cb19f02ad73/element - {"using":"xpath","value":"//*[@id=\"application-managepartners-display-component---NewPartner--externalCustomerComboBox-application-managepartners-display-component---NewPartner--assignmentsTable-0-vhi\"]"}
RESULT: {}
RESULT: {"using":"xpath","value":"//*[@id=\"application-managepartners-display-component---NewPartner--externalCustomerComboBox-application-managepartners-display-component---NewPartner--assignmentsTable-0-vhi\"]"}
COMMAND: POST /session/1841494025458e3697387cb19f02ad73/element/f.4A5FBB56EC8D275E16A1B089E6612898.d.233D42D6305FCF8EE1EBD783C159262A.e.5127/click - {}
RESULT: {}
RESULT: undefined
COMMAND: POST /session/1841494025458e3697387cb19f02ad73/execute/async - {"script":"<script> [776 bytes]","args":[{"enterText":"300003","selector":{"controlType":"sap.m.SearchField","properties":{"placeholder":"Search"},"searchOpenDialogs":true,"interaction":{"idSuffix":"I"}},"clearTextFirst":true,"interactionType":"ENTER_TEXT"}]}
COMMAND: GET /session/1841494025458e3697387cb19f02ad73/screenshot - {}
RESULT: {"script":"<script> [776 bytes]","args":[{"enterText":"300003","selector":{"controlType":"sap.m.SearchField","properties":{"placeholder":"Search"},"searchOpenDialogs":true,"interaction":{"idSuffix":"I"}},"clearTextFirst":true,"interactionType":"ENTER_TEXT"}]}
COMMAND: POST /session/1841494025458e3697387cb19f02ad73/actions - {"actions":[{"id":"action14","type":"key","parameters":{},"actions":[{"type":"keyDown","value":"î€‡"},{"type":"pause","duration":10},{"type":"keyUp","value":"î€‡"}]}]}
RESULT: {}
RESULT: {"actions":[{"id":"action14","type":"key","parameters":{},"actions":[{"type":"keyDown","value":"î€‡"},{"type":"pause","duration":10},{"type":"keyUp","value":"î€‡"}]}]}
COMMAND: GET /session/1841494025458e3697387cb19f02ad73/screenshot - {}
RESULT: {}
COMMAND: POST /session/1841494025458e3697387cb19f02ad73/element - {"using":"xpath","value":"//span[contains(text(), \"300003\")]"}
RESULT: {"using":"xpath","value":"//span[contains(text(), \"300003\")]"}
COMMAND: POST /session/1841494025458e3697387cb19f02ad73/element/f.4A5FBB56EC8D275E16A1B089E6612898.d.233D42D6305FCF8EE1EBD783C159262A.e.5145/click - {}
RESULT: {}
COMMAND: GET /session/1841494025458e3697387cb19f02ad73/screenshot - {}
RESULT: {}
COMMAND: POST /session/1841494025458e3697387cb19f02ad73/element - {"using":"xpath","value":"//bdi[contains(text(), \"OK\")]"}
RESULT: {"using":"xpath","value":"//bdi[contains(text(), \"OK\")]"}
COMMAND: POST /session/1841494025458e3697387cb19f02ad73/element/f.4A5FBB56EC8D275E16A1B089E6612898.d.233D42D6305FCF8EE1EBD783C159262A.e.5147/click - {}
RESULT: {}
COMMAND: GET /session/1841494025458e3697387cb19f02ad73/screenshot - {}
RESULT: {}
COMMAND: POST /session/1841494025458e3697387cb19f02ad73/execute/async - {"script":"<script> [1562 bytes]","args":[{"selector":{"id":"application-managepartners-display-component---NewPartner--intercompVendorComboBox-application-managepartners-display-component---NewPartner--assignmentsTable-0-vhi"},"wdio_ui5_key":"applicationmanagepartners-display-component---NewPartner--intercompVendorComboBox-application-managepartners-display-component---NewPartner--assignmentsTable-0-vhi"}]}
RESULT: {"script":"<script> [1562 bytes]","args":[{"selector":{"id":"application-managepartners-display-component---NewPartner--intercompVendorComboBox-application-managepartners-display-component---NewPartner--assignmentsTable-0-vhi"},"wdio_ui5_key":"applicationmanagepartners-display-component---NewPartner--intercompVendorComboBox-application-managepartners-display-component---NewPartner--assignmentsTable-0-vhi"}]}
RESULT: undefined
COMMAND: POST /session/1841494025458e3697387cb19f02ad73/element - {"using":"xpath","value":"//*[@id=\"application-managepartners-display-component---NewPartner--intercompVendorComboBox-application-managepartners-display-component---NewPartner--assignmentsTable-0-vhi\"]"}
RESULT: {"using":"xpath","value":"//*[@id=\"application-managepartners-display-component---NewPartner--intercompVendorComboBox-application-managepartners-display-component---NewPartner--assignmentsTable-0-vhi\"]"}
COMMAND: POST /session/1841494025458e3697387cb19f02ad73/element/f.4A5FBB56EC8D275E16A1B089E6612898.d.233D42D6305FCF8EE1EBD783C159262A.e.5150/click - {}
RESULT: {}
RESULT: undefined
COMMAND: POST /session/1841494025458e3697387cb19f02ad73/execute/async - {"script":"<script> [776 bytes]","args":[{"enterText":"100005","selector":{"controlType":"sap.m.SearchField","properties":{"placeholder":"Search"},"searchOpenDialogs":true,"interaction":{"idSuffix":"I"}},"clearTextFirst":true,"interactionType":"ENTER_TEXT"}]}
COMMAND: GET /session/1841494025458e3697387cb19f02ad73/screenshot - {}
RESULT: {"script":"<script> [776 bytes]","args":[{"enterText":"100005","selector":{"controlType":"sap.m.SearchField","properties":{"placeholder":"Search"},"searchOpenDialogs":true,"interaction":{"idSuffix":"I"}},"clearTextFirst":true,"interactionType":"ENTER_TEXT"}]}
COMMAND: POST /session/1841494025458e3697387cb19f02ad73/actions - {"actions":[{"id":"action15","type":"key","parameters":{},"actions":[{"type":"keyDown","value":"î€‡"},{"type":"pause","duration":10},{"type":"keyUp","value":"î€‡"}]}]}
RESULT: {}
RESULT: {"actions":[{"id":"action15","type":"key","parameters":{},"actions":[{"type":"keyDown","value":"î€‡"},{"type":"pause","duration":10},{"type":"keyUp","value":"î€‡"}]}]}
COMMAND: GET /session/1841494025458e3697387cb19f02ad73/screenshot - {}
RESULT: {}
COMMAND: POST /session/1841494025458e3697387cb19f02ad73/element - {"using":"xpath","value":"//span[contains(text(), \"Penguins - Field/12345 Berlin\")]"}
RESULT: {"using":"xpath","value":"//span[contains(text(), \"Penguins - Field/12345 Berlin\")]"}
COMMAND: POST /session/1841494025458e3697387cb19f02ad73/element/f.4A5FBB56EC8D275E16A1B089E6612898.d.233D42D6305FCF8EE1EBD783C159262A.e.5167/click - {}
RESULT: {}
COMMAND: GET /session/1841494025458e3697387cb19f02ad73/screenshot - {}
RESULT: {}
COMMAND: POST /session/1841494025458e3697387cb19f02ad73/element - {"using":"xpath","value":"//bdi[contains(text(), \"OK\")]"}
RESULT: {"using":"xpath","value":"//bdi[contains(text(), \"OK\")]"}
COMMAND: POST /session/1841494025458e3697387cb19f02ad73/element/f.4A5FBB56EC8D275E16A1B089E6612898.d.233D42D6305FCF8EE1EBD783C159262A.e.5168/click - {}
RESULT: {}
COMMAND: GET /session/1841494025458e3697387cb19f02ad73/screenshot - {}
RESULT: {}
COMMAND: POST /session/1841494025458e3697387cb19f02ad73/element - {"using":"xpath","value":"//button[@data-kt=\"saveButton\"]"}
RESULT: {"using":"xpath","value":"//button[@data-kt=\"saveButton\"]"}
COMMAND: POST /session/1841494025458e3697387cb19f02ad73/element/f.4A5FBB56EC8D275E16A1B089E6612898.d.233D42D6305FCF8EE1EBD783C159262A.e.5013/click - {}
RESULT: {}
COMMAND: GET /session/1841494025458e3697387cb19f02ad73/screenshot - {}
RESULT: {}
COMMAND: POST /session/1841494025458e3697387cb19f02ad73/element - {"using":"xpath","value":"//header[contains(@id, 'ObjectPageLayout-headerTitle')]/div[1]/div[2]/div[2]/span[1]"}
RESULT: {"using":"xpath","value":"//header[contains(@id, 'ObjectPageLayout-headerTitle')]/div[1]/div[2]/div[2]/span[1]"}
COMMAND: POST /session/1841494025458e3697387cb19f02ad73/elements - {"using":"xpath","value":"//header[contains(@id, 'ObjectPageLayout-headerTitle')]/div[1]/div[2]/div[2]/span[1]"}
RESULT: {"using":"xpath","value":"//header[contains(@id, 'ObjectPageLayout-headerTitle')]/div[1]/div[2]/div[2]/span[1]"}
COMMAND: POST /session/1841494025458e3697387cb19f02ad73/execute/sync - {"script":"<script> [56 bytes]","args":[{"element-6066-11e4-a52e-4f735466cecf":"f.4A5FBB56EC8D275E16A1B089E6612898.d.233D42D6305FCF8EE1EBD783C159262A.e.5333","ELEMENT":"f.4A5FBB56EC8D275E16A1B089E6612898.d.233D42D6305FCF8EE1EBD783C159262A.e.5333"}]}
RESULT: {"script":"<script> [56 bytes]","args":[{"element-6066-11e4-a52e-4f735466cecf":"f.4A5FBB56EC8D275E16A1B089E6612898.d.233D42D6305FCF8EE1EBD783C159262A.e.5333","ELEMENT":"f.4A5FBB56EC8D275E16A1B089E6612898.d.233D42D6305FCF8EE1EBD783C159262A.e.5333"}]}
COMMAND: POST /session/1841494025458e3697387cb19f02ad73/element - {"using":"css selector","value":"#shell-header-logo"}
COMMAND: GET /session/1841494025458e3697387cb19f02ad73/screenshot - {}
RESULT: {"using":"css selector","value":"#shell-header-logo"}
COMMAND: POST /session/1841494025458e3697387cb19f02ad73/element/f.4A5FBB56EC8D275E16A1B089E6612898.d.233D42D6305FCF8EE1EBD783C159262A.e.4555/click - {}
RESULT: {}
RESULT: {}
COMMAND: GET /session/1841494025458e3697387cb19f02ad73/screenshot - {}
RESULT: {}
COMMAND: POST /session/1841494025458e3697387cb19f02ad73/execute/sync - {"script":"<script> [299 bytes]","args":[["getModel","getResource"]]}
RESULT: {"script":"<script> [299 bytes]","args":[["getModel","getResource"]]}
RESULT: undefined
COMMAND: POST /session/1841494025458e3697387cb19f02ad73/element - {"using":"xpath","value":"//*[@id=\"__tile30\"]"}
COMMAND: GET /session/1841494025458e3697387cb19f02ad73/screenshot - {}
RESULT: {"using":"xpath","value":"//*[@id=\"__tile30\"]"}
COMMAND: POST /session/1841494025458e3697387cb19f02ad73/element/f.4A5FBB56EC8D275E16A1B089E6612898.d.233D42D6305FCF8EE1EBD783C159262A.e.4479/click - {}
RESULT: {}
RESULT: {}
COMMAND: POST /session/1841494025458e3697387cb19f02ad73/element - {"using":"xpath","value":"//button[@data-kt=\"addButton\"]"}
COMMAND: GET /session/1841494025458e3697387cb19f02ad73/screenshot - {}
RESULT: {"using":"xpath","value":"//button[@data-kt=\"addButton\"]"}
COMMAND: POST /session/1841494025458e3697387cb19f02ad73/elements - {"using":"xpath","value":"//button[@data-kt=\"addButton\"]"}
RESULT: {}
RESULT: {"using":"xpath","value":"//button[@data-kt=\"addButton\"]"}
COMMAND: POST /session/1841494025458e3697387cb19f02ad73/elements - {"using":"xpath","value":"//button[@data-kt=\"addButton\"]"}
RESULT: {"using":"xpath","value":"//button[@data-kt=\"addButton\"]"}
COMMAND: POST /session/1841494025458e3697387cb19f02ad73/element - {"using":"xpath","value":"//button[@data-kt=\"addButton\"]"}
RESULT: {"using":"xpath","value":"//button[@data-kt=\"addButton\"]"}
COMMAND: POST /session/1841494025458e3697387cb19f02ad73/execute/sync - {"script":"<script> [8489 bytes]","args":[{"element-6066-11e4-a52e-4f735466cecf":"f.4A5FBB56EC8D275E16A1B089E6612898.d.233D42D6305FCF8EE1EBD783C159262A.e.5383","ELEMENT":"f.4A5FBB56EC8D275E16A1B089E6612898.d.233D42D6305FCF8EE1EBD783C159262A.e.5383"}]}
RESULT: {"script":"<script> [8489 bytes]","args":[{"element-6066-11e4-a52e-4f735466cecf":"f.4A5FBB56EC8D275E16A1B089E6612898.d.233D42D6305FCF8EE1EBD783C159262A.e.5383","ELEMENT":"f.4A5FBB56EC8D275E16A1B089E6612898.d.233D42D6305FCF8EE1EBD783C159262A.e.5383"}]}
COMMAND: GET /session/1841494025458e3697387cb19f02ad73/element/f.4A5FBB56EC8D275E16A1B089E6612898.d.233D42D6305FCF8EE1EBD783C159262A.e.5383/enabled - {}
COMMAND: GET /session/1841494025458e3697387cb19f02ad73/screenshot - {}
RESULT: {}
COMMAND: POST /session/1841494025458e3697387cb19f02ad73/execute/sync - {"script":"<script> [8489 bytes]","args":[{"element-6066-11e4-a52e-4f735466cecf":"f.4A5FBB56EC8D275E16A1B089E6612898.d.233D42D6305FCF8EE1EBD783C159262A.e.5383","ELEMENT":"f.4A5FBB56EC8D275E16A1B089E6612898.d.233D42D6305FCF8EE1EBD783C159262A.e.5383"}]}
COMMAND: GET /session/1841494025458e3697387cb19f02ad73/screenshot - {}
RESULT: {}
RESULT: {"script":"<script> [8489 bytes]","args":[{"element-6066-11e4-a52e-4f735466cecf":"f.4A5FBB56EC8D275E16A1B089E6612898.d.233D42D6305FCF8EE1EBD783C159262A.e.5383","ELEMENT":"f.4A5FBB56EC8D275E16A1B089E6612898.d.233D42D6305FCF8EE1EBD783C159262A.e.5383"}]}
COMMAND: POST /session/1841494025458e3697387cb19f02ad73/execute/sync - {"script":"<script> [5351 bytes]","args":[{"element-6066-11e4-a52e-4f735466cecf":"f.4A5FBB56EC8D275E16A1B089E6612898.d.233D42D6305FCF8EE1EBD783C159262A.e.5383","ELEMENT":"f.4A5FBB56EC8D275E16A1B089E6612898.d.233D42D6305FCF8EE1EBD783C159262A.e.5383"}]}
COMMAND: GET /session/1841494025458e3697387cb19f02ad73/screenshot - {}
RESULT: {}
RESULT: {"script":"<script> [5351 bytes]","args":[{"element-6066-11e4-a52e-4f735466cecf":"f.4A5FBB56EC8D275E16A1B089E6612898.d.233D42D6305FCF8EE1EBD783C159262A.e.5383","ELEMENT":"f.4A5FBB56EC8D275E16A1B089E6612898.d.233D42D6305FCF8EE1EBD783C159262A.e.5383"}]}
COMMAND: GET /session/1841494025458e3697387cb19f02ad73/screenshot - {}
RESULT: {}
RESULT: {}
COMMAND: POST /session/1841494025458e3697387cb19f02ad73/execute/async - {"script":"<script> [1562 bytes]","args":[{"selector":{"id":"application-managepartners-display-component---masterPtm--smartFilterBar-btnBasicSearch","interaction":{"idSuffix":"I"}},"wdio_ui5_key":"applicationmanagepartners-display-component---masterPtm--smartFilterBar-btnBasicSearch"}]}
RESULT: {"script":"<script> [1562 bytes]","args":[{"selector":{"id":"application-managepartners-display-component---masterPtm--smartFilterBar-btnBasicSearch","interaction":{"idSuffix":"I"}},"wdio_ui5_key":"applicationmanagepartners-display-component---masterPtm--smartFilterBar-btnBasicSearch"}]}
RESULT: undefined
COMMAND: POST /session/1841494025458e3697387cb19f02ad73/execute/async - {"script":"<script> [776 bytes]","args":[{"enterText":"1547","selector":{"id":"application-managepartners-display-component---masterPtm--smartFilterBar-btnBasicSearch","interaction":{"idSuffix":"I"}},"clearTextFirst":true,"interactionType":"ENTER_TEXT"}]}
RESULT: {"script":"<script> [776 bytes]","args":[{"enterText":"1547","selector":{"id":"application-managepartners-display-component---masterPtm--smartFilterBar-btnBasicSearch","interaction":{"idSuffix":"I"}},"clearTextFirst":true,"interactionType":"ENTER_TEXT"}]}
COMMAND: POST /session/1841494025458e3697387cb19f02ad73/actions - {"actions":[{"id":"action16","type":"key","parameters":{},"actions":[{"type":"keyDown","value":"î€‡"},{"type":"pause","duration":10},{"type":"keyUp","value":"î€‡"}]}]}
RESULT: {"actions":[{"id":"action16","type":"key","parameters":{},"actions":[{"type":"keyDown","value":"î€‡"},{"type":"pause","duration":10},{"type":"keyUp","value":"î€‡"}]}]}
COMMAND: GET /session/1841494025458e3697387cb19f02ad73/screenshot - {}
RESULT: {}
COMMAND: POST /session/1841494025458e3697387cb19f02ad73/elements - {"using":"xpath","value":"//table[contains(@id, \"customPartnersTable-listUl\")]/tbody/tr"}
RESULT: {"using":"xpath","value":"//table[contains(@id, \"customPartnersTable-listUl\")]/tbody/tr"}
COMMAND: POST /session/1841494025458e3697387cb19f02ad73/element - {"using":"xpath","value":"//table[contains(@id, \"customPartnersTable-listUl\")]/tbody/tr[1]/td[3]/span"}
RESULT: {"using":"xpath","value":"//table[contains(@id, \"customPartnersTable-listUl\")]/tbody/tr[1]/td[3]/span"}
COMMAND: POST /session/1841494025458e3697387cb19f02ad73/elements - {"using":"xpath","value":"//table[contains(@id, \"customPartnersTable-listUl\")]/tbody/tr[1]/td[3]/span"}
RESULT: {"using":"xpath","value":"//table[contains(@id, \"customPartnersTable-listUl\")]/tbody/tr[1]/td[3]/span"}
COMMAND: POST /session/1841494025458e3697387cb19f02ad73/execute/sync - {"script":"<script> [56 bytes]","args":[{"element-6066-11e4-a52e-4f735466cecf":"f.4A5FBB56EC8D275E16A1B089E6612898.d.233D42D6305FCF8EE1EBD783C159262A.e.5522","ELEMENT":"f.4A5FBB56EC8D275E16A1B089E6612898.d.233D42D6305FCF8EE1EBD783C159262A.e.5522"}]}
RESULT: {"script":"<script> [56 bytes]","args":[{"element-6066-11e4-a52e-4f735466cecf":"f.4A5FBB56EC8D275E16A1B089E6612898.d.233D42D6305FCF8EE1EBD783C159262A.e.5522","ELEMENT":"f.4A5FBB56EC8D275E16A1B089E6612898.d.233D42D6305FCF8EE1EBD783C159262A.e.5522"}]}
COMMAND: POST /session/1841494025458e3697387cb19f02ad73/element - {"using":"xpath","value":"(//span[contains(@id, \"imgNav\")])[1]"}
COMMAND: GET /session/1841494025458e3697387cb19f02ad73/screenshot - {}
RESULT: {"using":"xpath","value":"(//span[contains(@id, \"imgNav\")])[1]"}
COMMAND: POST /session/1841494025458e3697387cb19f02ad73/element/f.4A5FBB56EC8D275E16A1B089E6612898.d.233D42D6305FCF8EE1EBD783C159262A.e.5520/click - {}
RESULT: {}
RESULT: {}
COMMAND: GET /session/1841494025458e3697387cb19f02ad73/screenshot - {}
RESULT: {}
COMMAND: POST /session/1841494025458e3697387cb19f02ad73/element - {"using":"xpath","value":"//bdi[contains(text(), \"Edit\")]"}
RESULT: {"using":"xpath","value":"//bdi[contains(text(), \"Edit\")]"}
COMMAND: POST /session/1841494025458e3697387cb19f02ad73/element/f.4A5FBB56EC8D275E16A1B089E6612898.d.233D42D6305FCF8EE1EBD783C159262A.e.5666/click - {}
RESULT: {}
COMMAND: GET /session/1841494025458e3697387cb19f02ad73/screenshot - {}
RESULT: {}
COMMAND: POST /session/1841494025458e3697387cb19f02ad73/execute/async - {"script":"<script> [1562 bytes]","args":[{"selector":{"controlType":"sap.m.Input","viewName":"etm.portal.ui.managepartners.view.EditDetail","labelFor":{"text":"Name"},"interaction":{"idSuffix":"inner"}},"wdio_ui5_key":"etmportal.ui.managepartners.view.EditDetailsap.m.Input{\"text\":\"Name\"}"}]}
RESULT: {"script":"<script> [1562 bytes]","args":[{"selector":{"controlType":"sap.m.Input","viewName":"etm.portal.ui.managepartners.view.EditDetail","labelFor":{"text":"Name"},"interaction":{"idSuffix":"inner"}},"wdio_ui5_key":"etmportal.ui.managepartners.view.EditDetailsap.m.Input{\"text\":\"Name\"}"}]}
RESULT: undefined
COMMAND: POST /session/1841494025458e3697387cb19f02ad73/execute/async - {"script":"<script> [776 bytes]","args":[{"enterText":"Intracompany EDIT","selector":{"controlType":"sap.m.Input","viewName":"etm.portal.ui.managepartners.view.EditDetail","labelFor":{"text":"Name"},"interaction":{"idSuffix":"inner"}},"clearTextFirst":true,"interactionType":"ENTER_TEXT"}]}
RESULT: {"script":"<script> [776 bytes]","args":[{"enterText":"Intracompany EDIT","selector":{"controlType":"sap.m.Input","viewName":"etm.portal.ui.managepartners.view.EditDetail","labelFor":{"text":"Name"},"interaction":{"idSuffix":"inner"}},"clearTextFirst":true,"interactionType":"ENTER_TEXT"}]}
COMMAND: POST /session/1841494025458e3697387cb19f02ad73/element - {"using":"xpath","value":"(//span[contains(@id,\"addressDetailDetailsLanguage-arrow\")])[1]"}
RESULT: {"using":"xpath","value":"(//span[contains(@id,\"addressDetailDetailsLanguage-arrow\")])[1]"}
COMMAND: POST /session/1841494025458e3697387cb19f02ad73/element/f.4A5FBB56EC8D275E16A1B089E6612898.d.233D42D6305FCF8EE1EBD783C159262A.e.5750/click - {}
RESULT: {}
COMMAND: POST /session/1841494025458e3697387cb19f02ad73/element - {"using":"xpath","value":"//span[contains(text(), \"Chinese\")]"}
COMMAND: GET /session/1841494025458e3697387cb19f02ad73/screenshot - {}
RESULT: {"using":"xpath","value":"//span[contains(text(), \"Chinese\")]"}
COMMAND: POST /session/1841494025458e3697387cb19f02ad73/element/f.4A5FBB56EC8D275E16A1B089E6612898.d.233D42D6305FCF8EE1EBD783C159262A.e.5751/click - {}
RESULT: {}
RESULT: {}
COMMAND: GET /session/1841494025458e3697387cb19f02ad73/screenshot - {}
RESULT: {}
COMMAND: POST /session/1841494025458e3697387cb19f02ad73/execute/async - {"script":"<script> [1562 bytes]","args":[{"selector":{"controlType":"sap.m.Input","viewName":"etm.portal.ui.managepartners.view.EditDetail","labelFor":{"text":"City"},"interaction":{"idSuffix":"inner"}},"wdio_ui5_key":"etmportal.ui.managepartners.view.EditDetailsap.m.Input{\"text\":\"City\"}"}]}
RESULT: {"script":"<script> [1562 bytes]","args":[{"selector":{"controlType":"sap.m.Input","viewName":"etm.portal.ui.managepartners.view.EditDetail","labelFor":{"text":"City"},"interaction":{"idSuffix":"inner"}},"wdio_ui5_key":"etmportal.ui.managepartners.view.EditDetailsap.m.Input{\"text\":\"City\"}"}]}
RESULT: undefined
COMMAND: POST /session/1841494025458e3697387cb19f02ad73/execute/async - {"script":"<script> [776 bytes]","args":[{"enterText":"Clooj-Napoca","selector":{"controlType":"sap.m.Input","viewName":"etm.portal.ui.managepartners.view.EditDetail","labelFor":{"text":"City"},"interaction":{"idSuffix":"inner"}},"clearTextFirst":true,"interactionType":"ENTER_TEXT"}]}
RESULT: {"script":"<script> [776 bytes]","args":[{"enterText":"Clooj-Napoca","selector":{"controlType":"sap.m.Input","viewName":"etm.portal.ui.managepartners.view.EditDetail","labelFor":{"text":"City"},"interaction":{"idSuffix":"inner"}},"clearTextFirst":true,"interactionType":"ENTER_TEXT"}]}
COMMAND: POST /session/1841494025458e3697387cb19f02ad73/element - {"using":"xpath","value":"//button[@data-kt=\"saveButton\"]"}
RESULT: {"using":"xpath","value":"//button[@data-kt=\"saveButton\"]"}
COMMAND: POST /session/1841494025458e3697387cb19f02ad73/element/f.4A5FBB56EC8D275E16A1B089E6612898.d.233D42D6305FCF8EE1EBD783C159262A.e.5728/click - {}
RESULT: {}
COMMAND: GET /session/1841494025458e3697387cb19f02ad73/screenshot - {}
RESULT: {}
COMMAND: POST /session/1841494025458e3697387cb19f02ad73/execute/async - {"script":"<script> [1562 bytes]","args":[{"selector":{"id":"application-managepartners-display-component---detailPtm--addressDetailDetailsName1"},"wdio_ui5_key":"applicationmanagepartners-display-component---detailPtm--addressDetailDetailsName1"}]}
RESULT: {"script":"<script> [1562 bytes]","args":[{"selector":{"id":"application-managepartners-display-component---detailPtm--addressDetailDetailsName1"},"wdio_ui5_key":"applicationmanagepartners-display-component---detailPtm--addressDetailDetailsName1"}]}
RESULT: undefined
COMMAND: POST /session/1841494025458e3697387cb19f02ad73/execute/async - {"script":"<script> [6424 bytes]","args":[{"element-6066-11e4-a52e-4f735466cecf":"f.4A5FBB56EC8D275E16A1B089E6612898.d.233D42D6305FCF8EE1EBD783C159262A.e.5782"},"getValue",[]]}
RESULT: {"script":"<script> [6424 bytes]","args":[{"element-6066-11e4-a52e-4f735466cecf":"f.4A5FBB56EC8D275E16A1B089E6612898.d.233D42D6305FCF8EE1EBD783C159262A.e.5782"},"getValue",[]]}
COMMAND: POST /session/1841494025458e3697387cb19f02ad73/element - {"using":"xpath","value":"//input[@id = \"application-managepartners-display-component---detailPtm--addressDetailDetailsLanguage-inner\"]"}
RESULT: {"using":"xpath","value":"//input[@id = \"application-managepartners-display-component---detailPtm--addressDetailDetailsLanguage-inner\"]"}
COMMAND: GET /session/1841494025458e3697387cb19f02ad73/element/f.4A5FBB56EC8D275E16A1B089E6612898.d.233D42D6305FCF8EE1EBD783C159262A.e.5783/property/value - {}
RESULT: {}
COMMAND: POST /session/1841494025458e3697387cb19f02ad73/execute/async - {"script":"<script> [1562 bytes]","args":[{"selector":{"id":"application-managepartners-display-component---detailPtm--addressDetailDetailsCity1"},"wdio_ui5_key":"applicationmanagepartners-display-component---detailPtm--addressDetailDetailsCity1"}]}
COMMAND: GET /session/1841494025458e3697387cb19f02ad73/screenshot - {}
RESULT: {"script":"<script> [1562 bytes]","args":[{"selector":{"id":"application-managepartners-display-component---detailPtm--addressDetailDetailsCity1"},"wdio_ui5_key":"applicationmanagepartners-display-component---detailPtm--addressDetailDetailsCity1"}]}
RESULT: undefined
COMMAND: POST /session/1841494025458e3697387cb19f02ad73/execute/async - {"script":"<script> [6424 bytes]","args":[{"element-6066-11e4-a52e-4f735466cecf":"f.4A5FBB56EC8D275E16A1B089E6612898.d.233D42D6305FCF8EE1EBD783C159262A.e.5784"},"getValue",[]]}
RESULT: {}
RESULT: {"script":"<script> [6424 bytes]","args":[{"element-6066-11e4-a52e-4f735466cecf":"f.4A5FBB56EC8D275E16A1B089E6612898.d.233D42D6305FCF8EE1EBD783C159262A.e.5784"},"getValue",[]]}
COMMAND: POST /session/1841494025458e3697387cb19f02ad73/element - {"using":"css selector","value":"#shell-header-logo"}
RESULT: {"using":"css selector","value":"#shell-header-logo"}
COMMAND: POST /session/1841494025458e3697387cb19f02ad73/element/f.4A5FBB56EC8D275E16A1B089E6612898.d.233D42D6305FCF8EE1EBD783C159262A.e.5338/click - {}
RESULT: {}
COMMAND: GET /session/1841494025458e3697387cb19f02ad73/screenshot - {}
RESULT: {}
]]></system-out>
    </testcase>
    <testcase classname="chrome.136_0_7103_49.windows.Partner_specific_tests_US150819_US151080_US151654_US151176_US103444_US151078_US151079_US151109_US151174_US151175_US151189" name="Should do filtering and navigation tests US151109" time="158.68">
      <system-out><![CDATA[
COMMAND: POST /session/1841494025458e3697387cb19f02ad73/element - {"using":"xpath","value":"//li[.//span[text()=\"Manage Partners\"]]"}
RESULT: {"using":"xpath","value":"//li[.//span[text()=\"Manage Partners\"]]"}
COMMAND: POST /session/1841494025458e3697387cb19f02ad73/element - {"using":"xpath","value":"//li[.//span[text()=\"Manage Partners\"]]"}
RESULT: {"using":"xpath","value":"//li[.//span[text()=\"Manage Partners\"]]"}
COMMAND: POST /session/1841494025458e3697387cb19f02ad73/element - {"using":"css selector","value":"#shell-header-logo"}
RESULT: {"using":"css selector","value":"#shell-header-logo"}
COMMAND: POST /session/1841494025458e3697387cb19f02ad73/element/f.4A5FBB56EC8D275E16A1B089E6612898.d.233D42D6305FCF8EE1EBD783C159262A.e.5814/click - {}
COMMAND: POST /session/1841494025458e3697387cb19f02ad73/execute/sync - {"script":"<script> [8489 bytes]","args":[{"element-6066-11e4-a52e-4f735466cecf":"f.4A5FBB56EC8D275E16A1B089E6612898.d.233D42D6305FCF8EE1EBD783C159262A.e.5814","ELEMENT":"f.4A5FBB56EC8D275E16A1B089E6612898.d.233D42D6305FCF8EE1EBD783C159262A.e.5814"}]}
RESULT: {}
COMMAND: GET /session/1841494025458e3697387cb19f02ad73/screenshot - {}
RESULT: {"script":"<script> [8489 bytes]","args":[{"element-6066-11e4-a52e-4f735466cecf":"f.4A5FBB56EC8D275E16A1B089E6612898.d.233D42D6305FCF8EE1EBD783C159262A.e.5814","ELEMENT":"f.4A5FBB56EC8D275E16A1B089E6612898.d.233D42D6305FCF8EE1EBD783C159262A.e.5814"}]}
COMMAND: POST /session/1841494025458e3697387cb19f02ad73/execute/sync - {"script":"<script> [5351 bytes]","args":[{"element-6066-11e4-a52e-4f735466cecf":"f.4A5FBB56EC8D275E16A1B089E6612898.d.233D42D6305FCF8EE1EBD783C159262A.e.5814","ELEMENT":"f.4A5FBB56EC8D275E16A1B089E6612898.d.233D42D6305FCF8EE1EBD783C159262A.e.5814"}]}
COMMAND: GET /session/1841494025458e3697387cb19f02ad73/screenshot - {}
RESULT: {}
RESULT: {"script":"<script> [5351 bytes]","args":[{"element-6066-11e4-a52e-4f735466cecf":"f.4A5FBB56EC8D275E16A1B089E6612898.d.233D42D6305FCF8EE1EBD783C159262A.e.5814","ELEMENT":"f.4A5FBB56EC8D275E16A1B089E6612898.d.233D42D6305FCF8EE1EBD783C159262A.e.5814"}]}
COMMAND: GET /session/1841494025458e3697387cb19f02ad73/screenshot - {}
RESULT: {}
RESULT: {}
RESULT: undefined
COMMAND: POST /session/1841494025458e3697387cb19f02ad73/element - {"using":"xpath","value":"//*[@id=\"__tile30\"]"}
RESULT: {"using":"xpath","value":"//*[@id=\"__tile30\"]"}
COMMAND: POST /session/1841494025458e3697387cb19f02ad73/element/f.4A5FBB56EC8D275E16A1B089E6612898.d.233D42D6305FCF8EE1EBD783C159262A.e.4479/click - {}
RESULT: {}
COMMAND: POST /session/1841494025458e3697387cb19f02ad73/element - {"using":"xpath","value":"//button[@data-kt=\"addButton\"]"}
COMMAND: GET /session/1841494025458e3697387cb19f02ad73/screenshot - {}
RESULT: {"using":"xpath","value":"//button[@data-kt=\"addButton\"]"}
COMMAND: POST /session/1841494025458e3697387cb19f02ad73/elements - {"using":"xpath","value":"//button[@data-kt=\"addButton\"]"}
RESULT: {}
RESULT: {"using":"xpath","value":"//button[@data-kt=\"addButton\"]"}
COMMAND: POST /session/1841494025458e3697387cb19f02ad73/element - {"using":"xpath","value":"//button[@data-kt=\"addButton\"]"}
RESULT: {"using":"xpath","value":"//button[@data-kt=\"addButton\"]"}
COMMAND: POST /session/1841494025458e3697387cb19f02ad73/execute/sync - {"script":"<script> [8489 bytes]","args":[{"element-6066-11e4-a52e-4f735466cecf":"f.4A5FBB56EC8D275E16A1B089E6612898.d.233D42D6305FCF8EE1EBD783C159262A.e.5849","ELEMENT":"f.4A5FBB56EC8D275E16A1B089E6612898.d.233D42D6305FCF8EE1EBD783C159262A.e.5849"}]}
RESULT: {"script":"<script> [8489 bytes]","args":[{"element-6066-11e4-a52e-4f735466cecf":"f.4A5FBB56EC8D275E16A1B089E6612898.d.233D42D6305FCF8EE1EBD783C159262A.e.5849","ELEMENT":"f.4A5FBB56EC8D275E16A1B089E6612898.d.233D42D6305FCF8EE1EBD783C159262A.e.5849"}]}
COMMAND: GET /session/1841494025458e3697387cb19f02ad73/element/f.4A5FBB56EC8D275E16A1B089E6612898.d.233D42D6305FCF8EE1EBD783C159262A.e.5849/enabled - {}
COMMAND: GET /session/1841494025458e3697387cb19f02ad73/screenshot - {}
RESULT: {}
COMMAND: POST /session/1841494025458e3697387cb19f02ad73/execute/sync - {"script":"<script> [8489 bytes]","args":[{"element-6066-11e4-a52e-4f735466cecf":"f.4A5FBB56EC8D275E16A1B089E6612898.d.233D42D6305FCF8EE1EBD783C159262A.e.5849","ELEMENT":"f.4A5FBB56EC8D275E16A1B089E6612898.d.233D42D6305FCF8EE1EBD783C159262A.e.5849"}]}
COMMAND: GET /session/1841494025458e3697387cb19f02ad73/screenshot - {}
RESULT: {}
RESULT: {}
RESULT: {"script":"<script> [8489 bytes]","args":[{"element-6066-11e4-a52e-4f735466cecf":"f.4A5FBB56EC8D275E16A1B089E6612898.d.233D42D6305FCF8EE1EBD783C159262A.e.5849","ELEMENT":"f.4A5FBB56EC8D275E16A1B089E6612898.d.233D42D6305FCF8EE1EBD783C159262A.e.5849"}]}
COMMAND: POST /session/1841494025458e3697387cb19f02ad73/execute/sync - {"script":"<script> [5351 bytes]","args":[{"element-6066-11e4-a52e-4f735466cecf":"f.4A5FBB56EC8D275E16A1B089E6612898.d.233D42D6305FCF8EE1EBD783C159262A.e.5849","ELEMENT":"f.4A5FBB56EC8D275E16A1B089E6612898.d.233D42D6305FCF8EE1EBD783C159262A.e.5849"}]}
COMMAND: GET /session/1841494025458e3697387cb19f02ad73/screenshot - {}
RESULT: {"script":"<script> [5351 bytes]","args":[{"element-6066-11e4-a52e-4f735466cecf":"f.4A5FBB56EC8D275E16A1B089E6612898.d.233D42D6305FCF8EE1EBD783C159262A.e.5849","ELEMENT":"f.4A5FBB56EC8D275E16A1B089E6612898.d.233D42D6305FCF8EE1EBD783C159262A.e.5849"}]}
COMMAND: GET /session/1841494025458e3697387cb19f02ad73/screenshot - {}
RESULT: {}
RESULT: {}
COMMAND: POST /session/1841494025458e3697387cb19f02ad73/element - {"using":"xpath","value":"//span[@id=\"application-managepartners-display-component---masterPtm--smartTable-header-inner\"]"}
RESULT: {"using":"xpath","value":"//span[@id=\"application-managepartners-display-component---masterPtm--smartTable-header-inner\"]"}
COMMAND: POST /session/1841494025458e3697387cb19f02ad73/elements - {"using":"xpath","value":"//span[@id=\"application-managepartners-display-component---masterPtm--smartTable-header-inner\"]"}
RESULT: {"using":"xpath","value":"//span[@id=\"application-managepartners-display-component---masterPtm--smartTable-header-inner\"]"}
COMMAND: POST /session/1841494025458e3697387cb19f02ad73/execute/sync - {"script":"<script> [56 bytes]","args":[{"element-6066-11e4-a52e-4f735466cecf":"f.4A5FBB56EC8D275E16A1B089E6612898.d.233D42D6305FCF8EE1EBD783C159262A.e.5984","ELEMENT":"f.4A5FBB56EC8D275E16A1B089E6612898.d.233D42D6305FCF8EE1EBD783C159262A.e.5984"}]}
RESULT: {"script":"<script> [56 bytes]","args":[{"element-6066-11e4-a52e-4f735466cecf":"f.4A5FBB56EC8D275E16A1B089E6612898.d.233D42D6305FCF8EE1EBD783C159262A.e.5984","ELEMENT":"f.4A5FBB56EC8D275E16A1B089E6612898.d.233D42D6305FCF8EE1EBD783C159262A.e.5984"}]}
RESULT: undefined
COMMAND: POST /session/1841494025458e3697387cb19f02ad73/execute/async - {"script":"<script> [776 bytes]","args":[{"enterText":"External Partner WDIO","selector":{"id":"application-managepartners-display-component---masterPtm--smartFilterBar-btnBasicSearch","interaction":{"idSuffix":"I"}},"clearTextFirst":true,"interactionType":"ENTER_TEXT"}]}
COMMAND: GET /session/1841494025458e3697387cb19f02ad73/screenshot - {}
RESULT: {"script":"<script> [776 bytes]","args":[{"enterText":"External Partner WDIO","selector":{"id":"application-managepartners-display-component---masterPtm--smartFilterBar-btnBasicSearch","interaction":{"idSuffix":"I"}},"clearTextFirst":true,"interactionType":"ENTER_TEXT"}]}
RESULT: {}
COMMAND: POST /session/1841494025458e3697387cb19f02ad73/actions - {"actions":[{"id":"action17","type":"key","parameters":{},"actions":[{"type":"keyDown","value":"î€‡"},{"type":"pause","duration":10},{"type":"keyUp","value":"î€‡"}]}]}
RESULT: {"actions":[{"id":"action17","type":"key","parameters":{},"actions":[{"type":"keyDown","value":"î€‡"},{"type":"pause","duration":10},{"type":"keyUp","value":"î€‡"}]}]}
COMMAND: GET /session/1841494025458e3697387cb19f02ad73/screenshot - {}
RESULT: {}
COMMAND: POST /session/1841494025458e3697387cb19f02ad73/element - {"using":"xpath","value":"//span[@id=\"application-managepartners-display-component---masterPtm--smartTable-header-inner\"]"}
RESULT: {"using":"xpath","value":"//span[@id=\"application-managepartners-display-component---masterPtm--smartTable-header-inner\"]"}
COMMAND: POST /session/1841494025458e3697387cb19f02ad73/elements - {"using":"xpath","value":"//span[@id=\"application-managepartners-display-component---masterPtm--smartTable-header-inner\"]"}
RESULT: {"using":"xpath","value":"//span[@id=\"application-managepartners-display-component---masterPtm--smartTable-header-inner\"]"}
COMMAND: POST /session/1841494025458e3697387cb19f02ad73/execute/sync - {"script":"<script> [56 bytes]","args":[{"element-6066-11e4-a52e-4f735466cecf":"f.4A5FBB56EC8D275E16A1B089E6612898.d.233D42D6305FCF8EE1EBD783C159262A.e.5984","ELEMENT":"f.4A5FBB56EC8D275E16A1B089E6612898.d.233D42D6305FCF8EE1EBD783C159262A.e.5984"}]}
RESULT: {"script":"<script> [56 bytes]","args":[{"element-6066-11e4-a52e-4f735466cecf":"f.4A5FBB56EC8D275E16A1B089E6612898.d.233D42D6305FCF8EE1EBD783C159262A.e.5984","ELEMENT":"f.4A5FBB56EC8D275E16A1B089E6612898.d.233D42D6305FCF8EE1EBD783C159262A.e.5984"}]}
COMMAND: POST /session/1841494025458e3697387cb19f02ad73/element - {"using":"xpath","value":"//div[contains(@id, \"managepartners-display-component---masterPtm--smartFilterBar-btnBasicSearch-reset\")]"}
COMMAND: GET /session/1841494025458e3697387cb19f02ad73/screenshot - {}
RESULT: {"using":"xpath","value":"//div[contains(@id, \"managepartners-display-component---masterPtm--smartFilterBar-btnBasicSearch-reset\")]"}
COMMAND: POST /session/1841494025458e3697387cb19f02ad73/element/f.4A5FBB56EC8D275E16A1B089E6612898.d.233D42D6305FCF8EE1EBD783C159262A.e.6073/click - {}
RESULT: {}
RESULT: {}
COMMAND: GET /session/1841494025458e3697387cb19f02ad73/screenshot - {}
RESULT: {}
COMMAND: POST /session/1841494025458e3697387cb19f02ad73/execute/async - {"script":"<script> [1562 bytes]","args":[{"selector":{"id":"application-managepartners-display-component---masterPtm--smartFilterBar-filterItemControl_BASIC-MAIN_ADDRESS-vhi"},"wdio_ui5_key":"applicationmanagepartners-display-component---masterPtm--smartFilterBar-filterItemControl_BASIC-MAIN_ADDRESS-vhi"}]}
RESULT: {"script":"<script> [1562 bytes]","args":[{"selector":{"id":"application-managepartners-display-component---masterPtm--smartFilterBar-filterItemControl_BASIC-MAIN_ADDRESS-vhi"},"wdio_ui5_key":"applicationmanagepartners-display-component---masterPtm--smartFilterBar-filterItemControl_BASIC-MAIN_ADDRESS-vhi"}]}
RESULT: undefined
COMMAND: POST /session/1841494025458e3697387cb19f02ad73/element - {"using":"xpath","value":"//*[@id=\"application-managepartners-display-component---masterPtm--smartFilterBar-filterItemControl_BASIC-MAIN_ADDRESS-vhi\"]"}
RESULT: {"using":"xpath","value":"//*[@id=\"application-managepartners-display-component---masterPtm--smartFilterBar-filterItemControl_BASIC-MAIN_ADDRESS-vhi\"]"}
COMMAND: POST /session/1841494025458e3697387cb19f02ad73/element/f.4A5FBB56EC8D275E16A1B089E6612898.d.233D42D6305FCF8EE1EBD783C159262A.e.6149/click - {}
RESULT: {}
COMMAND: GET /session/1841494025458e3697387cb19f02ad73/screenshot - {}
RESULT: {}
COMMAND: POST /session/1841494025458e3697387cb19f02ad73/execute/async - {"script":"<script> [1562 bytes]","args":[{"selector":{"id":"application-managepartners-display-component---masterPtm--smartFilterBar-filterItemControl_BASIC-MAIN_ADDRESS-valueHelpDialog-smartFilterBar-btnBasicSearch","searchOpenDialogs":true,"interaction":{"idSuffix":"I"}},"wdio_ui5_key":"applicationmanagepartners-display-component---masterPtm--smartFilterBar-filterItemControl_BASIC-MAIN_ADDRESS-valueHelpDialog-smartFilterBar-btnBasicSearch"}]}
RESULT: {"script":"<script> [1562 bytes]","args":[{"selector":{"id":"application-managepartners-display-component---masterPtm--smartFilterBar-filterItemControl_BASIC-MAIN_ADDRESS-valueHelpDialog-smartFilterBar-btnBasicSearch","searchOpenDialogs":true,"interaction":{"idSuffix":"I"}},"wdio_ui5_key":"applicationmanagepartners-display-component---masterPtm--smartFilterBar-filterItemControl_BASIC-MAIN_ADDRESS-valueHelpDialog-smartFilterBar-btnBasicSearch"}]}
RESULT: undefined
COMMAND: POST /session/1841494025458e3697387cb19f02ad73/execute/async - {"script":"<script> [776 bytes]","args":[{"enterText":"Romania","selector":{"id":"application-managepartners-display-component---masterPtm--smartFilterBar-filterItemControl_BASIC-MAIN_ADDRESS-valueHelpDialog-smartFilterBar-btnBasicSearch","searchOpenDialogs":true,"interaction":{"idSuffix":"I"}},"clearTextFirst":true,"interactionType":"ENTER_TEXT"}]}
RESULT: {"script":"<script> [776 bytes]","args":[{"enterText":"Romania","selector":{"id":"application-managepartners-display-component---masterPtm--smartFilterBar-filterItemControl_BASIC-MAIN_ADDRESS-valueHelpDialog-smartFilterBar-btnBasicSearch","searchOpenDialogs":true,"interaction":{"idSuffix":"I"}},"clearTextFirst":true,"interactionType":"ENTER_TEXT"}]}
COMMAND: POST /session/1841494025458e3697387cb19f02ad73/actions - {"actions":[{"id":"action18","type":"key","parameters":{},"actions":[{"type":"keyDown","value":"î€‡"},{"type":"pause","duration":10},{"type":"keyUp","value":"î€‡"}]}]}
RESULT: {"actions":[{"id":"action18","type":"key","parameters":{},"actions":[{"type":"keyDown","value":"î€‡"},{"type":"pause","duration":10},{"type":"keyUp","value":"î€‡"}]}]}
COMMAND: POST /session/1841494025458e3697387cb19f02ad73/elements - {"using":"xpath","value":"//table[contains(@id, \"smartFilterBar-filterItemControl_BASIC-MAIN_ADDRESS-valueHelpDialog-table-table\")]/tbody/tr"}
COMMAND: GET /session/1841494025458e3697387cb19f02ad73/screenshot - {}
RESULT: {"using":"xpath","value":"//table[contains(@id, \"smartFilterBar-filterItemControl_BASIC-MAIN_ADDRESS-valueHelpDialog-table-table\")]/tbody/tr"}
COMMAND: POST /session/1841494025458e3697387cb19f02ad73/element - {"using":"xpath","value":"//table[contains(@id, \"smartFilterBar-filterItemControl_BASIC-MAIN_ADDRESS-valueHelpDialog-table-table\")]/tbody/tr[1]/td[1]/div/span"}
RESULT: {}
RESULT: {"using":"xpath","value":"//table[contains(@id, \"smartFilterBar-filterItemControl_BASIC-MAIN_ADDRESS-valueHelpDialog-table-table\")]/tbody/tr[1]/td[1]/div/span"}
COMMAND: POST /session/1841494025458e3697387cb19f02ad73/elements - {"using":"xpath","value":"//table[contains(@id, \"smartFilterBar-filterItemControl_BASIC-MAIN_ADDRESS-valueHelpDialog-table-table\")]/tbody/tr[1]/td[1]/div/span"}
RESULT: {"using":"xpath","value":"//table[contains(@id, \"smartFilterBar-filterItemControl_BASIC-MAIN_ADDRESS-valueHelpDialog-table-table\")]/tbody/tr[1]/td[1]/div/span"}
COMMAND: POST /session/1841494025458e3697387cb19f02ad73/execute/sync - {"script":"<script> [56 bytes]","args":[{"element-6066-11e4-a52e-4f735466cecf":"f.4A5FBB56EC8D275E16A1B089E6612898.d.233D42D6305FCF8EE1EBD783C159262A.e.6170","ELEMENT":"f.4A5FBB56EC8D275E16A1B089E6612898.d.233D42D6305FCF8EE1EBD783C159262A.e.6170"}]}
RESULT: {"script":"<script> [56 bytes]","args":[{"element-6066-11e4-a52e-4f735466cecf":"f.4A5FBB56EC8D275E16A1B089E6612898.d.233D42D6305FCF8EE1EBD783C159262A.e.6170","ELEMENT":"f.4A5FBB56EC8D275E16A1B089E6612898.d.233D42D6305FCF8EE1EBD783C159262A.e.6170"}]}
COMMAND: POST /session/1841494025458e3697387cb19f02ad73/element - {"using":"xpath","value":"//div[contains(@id, \"filterItemControl_BASIC-MAIN_ADDRESS-valueHelpDialog-table-rowsel0\")]"}
COMMAND: GET /session/1841494025458e3697387cb19f02ad73/screenshot - {}
RESULT: {"using":"xpath","value":"//div[contains(@id, \"filterItemControl_BASIC-MAIN_ADDRESS-valueHelpDialog-table-rowsel0\")]"}
COMMAND: POST /session/1841494025458e3697387cb19f02ad73/element/f.4A5FBB56EC8D275E16A1B089E6612898.d.233D42D6305FCF8EE1EBD783C159262A.e.6171/click - {}
RESULT: {}
RESULT: {}
COMMAND: GET /session/1841494025458e3697387cb19f02ad73/screenshot - {}
RESULT: {}
COMMAND: POST /session/1841494025458e3697387cb19f02ad73/element - {"using":"xpath","value":"(//bdi[contains(text(), \"OK\")])[1]"}
RESULT: {"using":"xpath","value":"(//bdi[contains(text(), \"OK\")])[1]"}
COMMAND: POST /session/1841494025458e3697387cb19f02ad73/element/f.4A5FBB56EC8D275E16A1B089E6612898.d.233D42D6305FCF8EE1EBD783C159262A.e.6173/click - {}
RESULT: {}
COMMAND: GET /session/1841494025458e3697387cb19f02ad73/screenshot - {}
RESULT: {}
COMMAND: POST /session/1841494025458e3697387cb19f02ad73/element - {"using":"xpath","value":"//span[@id=\"application-managepartners-display-component---masterPtm--smartTable-header-inner\"]"}
RESULT: {"using":"xpath","value":"//span[@id=\"application-managepartners-display-component---masterPtm--smartTable-header-inner\"]"}
COMMAND: POST /session/1841494025458e3697387cb19f02ad73/elements - {"using":"xpath","value":"//span[@id=\"application-managepartners-display-component---masterPtm--smartTable-header-inner\"]"}
RESULT: {"using":"xpath","value":"//span[@id=\"application-managepartners-display-component---masterPtm--smartTable-header-inner\"]"}
COMMAND: POST /session/1841494025458e3697387cb19f02ad73/execute/sync - {"script":"<script> [56 bytes]","args":[{"element-6066-11e4-a52e-4f735466cecf":"f.4A5FBB56EC8D275E16A1B089E6612898.d.233D42D6305FCF8EE1EBD783C159262A.e.5984","ELEMENT":"f.4A5FBB56EC8D275E16A1B089E6612898.d.233D42D6305FCF8EE1EBD783C159262A.e.5984"}]}
RESULT: {"script":"<script> [56 bytes]","args":[{"element-6066-11e4-a52e-4f735466cecf":"f.4A5FBB56EC8D275E16A1B089E6612898.d.233D42D6305FCF8EE1EBD783C159262A.e.5984","ELEMENT":"f.4A5FBB56EC8D275E16A1B089E6612898.d.233D42D6305FCF8EE1EBD783C159262A.e.5984"}]}
COMMAND: POST /session/1841494025458e3697387cb19f02ad73/element - {"using":"xpath","value":"//span[contains(@title, \"Remove\")]"}
COMMAND: GET /session/1841494025458e3697387cb19f02ad73/screenshot - {}
RESULT: {"using":"xpath","value":"//span[contains(@title, \"Remove\")]"}
COMMAND: POST /session/1841494025458e3697387cb19f02ad73/element/f.4A5FBB56EC8D275E16A1B089E6612898.d.233D42D6305FCF8EE1EBD783C159262A.e.6186/click - {}
RESULT: {}
RESULT: {}
COMMAND: GET /session/1841494025458e3697387cb19f02ad73/screenshot - {}
RESULT: {}
COMMAND: POST /session/1841494025458e3697387cb19f02ad73/element - {"using":"xpath","value":"//span[@id=\"application-managepartners-display-component---masterPtm--smartTable-header-inner\"]"}
RESULT: {"using":"xpath","value":"//span[@id=\"application-managepartners-display-component---masterPtm--smartTable-header-inner\"]"}
COMMAND: POST /session/1841494025458e3697387cb19f02ad73/elements - {"using":"xpath","value":"//span[@id=\"application-managepartners-display-component---masterPtm--smartTable-header-inner\"]"}
RESULT: {"using":"xpath","value":"//span[@id=\"application-managepartners-display-component---masterPtm--smartTable-header-inner\"]"}
COMMAND: POST /session/1841494025458e3697387cb19f02ad73/execute/sync - {"script":"<script> [56 bytes]","args":[{"element-6066-11e4-a52e-4f735466cecf":"f.4A5FBB56EC8D275E16A1B089E6612898.d.233D42D6305FCF8EE1EBD783C159262A.e.5984","ELEMENT":"f.4A5FBB56EC8D275E16A1B089E6612898.d.233D42D6305FCF8EE1EBD783C159262A.e.5984"}]}
RESULT: {"script":"<script> [56 bytes]","args":[{"element-6066-11e4-a52e-4f735466cecf":"f.4A5FBB56EC8D275E16A1B089E6612898.d.233D42D6305FCF8EE1EBD783C159262A.e.5984","ELEMENT":"f.4A5FBB56EC8D275E16A1B089E6612898.d.233D42D6305FCF8EE1EBD783C159262A.e.5984"}]}
COMMAND: POST /session/1841494025458e3697387cb19f02ad73/execute/async - {"script":"<script> [1562 bytes]","args":[{"selector":{"id":"application-managepartners-display-component---masterPtm--smartFilterBar-filterItemControl_BASIC-YARD-vhi"},"wdio_ui5_key":"applicationmanagepartners-display-component---masterPtm--smartFilterBar-filterItemControl_BASIC-YARD-vhi"}]}
COMMAND: GET /session/1841494025458e3697387cb19f02ad73/screenshot - {}
RESULT: {"script":"<script> [1562 bytes]","args":[{"selector":{"id":"application-managepartners-display-component---masterPtm--smartFilterBar-filterItemControl_BASIC-YARD-vhi"},"wdio_ui5_key":"applicationmanagepartners-display-component---masterPtm--smartFilterBar-filterItemControl_BASIC-YARD-vhi"}]}
RESULT: undefined
COMMAND: POST /session/1841494025458e3697387cb19f02ad73/element - {"using":"xpath","value":"//*[@id=\"application-managepartners-display-component---masterPtm--smartFilterBar-filterItemControl_BASIC-YARD-vhi\"]"}
RESULT: {}
RESULT: {"using":"xpath","value":"//*[@id=\"application-managepartners-display-component---masterPtm--smartFilterBar-filterItemControl_BASIC-YARD-vhi\"]"}
COMMAND: POST /session/1841494025458e3697387cb19f02ad73/element/f.4A5FBB56EC8D275E16A1B089E6612898.d.233D42D6305FCF8EE1EBD783C159262A.e.6290/click - {}
RESULT: {}
COMMAND: GET /session/1841494025458e3697387cb19f02ad73/screenshot - {}
RESULT: {}
COMMAND: POST /session/1841494025458e3697387cb19f02ad73/execute/async - {"script":"<script> [1562 bytes]","args":[{"selector":{"id":"application-managepartners-display-component---masterPtm--smartFilterBar-filterItemControl_BASIC-YARD-valueHelpDialog-smartFilterBar-btnBasicSearch","searchOpenDialogs":true,"interaction":{"idSuffix":"I"}},"wdio_ui5_key":"applicationmanagepartners-display-component---masterPtm--smartFilterBar-filterItemControl_BASIC-YARD-valueHelpDialog-smartFilterBar-btnBasicSearch"}]}
RESULT: {"script":"<script> [1562 bytes]","args":[{"selector":{"id":"application-managepartners-display-component---masterPtm--smartFilterBar-filterItemControl_BASIC-YARD-valueHelpDialog-smartFilterBar-btnBasicSearch","searchOpenDialogs":true,"interaction":{"idSuffix":"I"}},"wdio_ui5_key":"applicationmanagepartners-display-component---masterPtm--smartFilterBar-filterItemControl_BASIC-YARD-valueHelpDialog-smartFilterBar-btnBasicSearch"}]}
RESULT: undefined
COMMAND: POST /session/1841494025458e3697387cb19f02ad73/execute/async - {"script":"<script> [776 bytes]","args":[{"enterText":"Test","selector":{"id":"application-managepartners-display-component---masterPtm--smartFilterBar-filterItemControl_BASIC-YARD-valueHelpDialog-smartFilterBar-btnBasicSearch","searchOpenDialogs":true,"interaction":{"idSuffix":"I"}},"clearTextFirst":true,"interactionType":"ENTER_TEXT"}]}
RESULT: {"script":"<script> [776 bytes]","args":[{"enterText":"Test","selector":{"id":"application-managepartners-display-component---masterPtm--smartFilterBar-filterItemControl_BASIC-YARD-valueHelpDialog-smartFilterBar-btnBasicSearch","searchOpenDialogs":true,"interaction":{"idSuffix":"I"}},"clearTextFirst":true,"interactionType":"ENTER_TEXT"}]}
COMMAND: POST /session/1841494025458e3697387cb19f02ad73/actions - {"actions":[{"id":"action19","type":"key","parameters":{},"actions":[{"type":"keyDown","value":"î€‡"},{"type":"pause","duration":10},{"type":"keyUp","value":"î€‡"}]}]}
RESULT: {"actions":[{"id":"action19","type":"key","parameters":{},"actions":[{"type":"keyDown","value":"î€‡"},{"type":"pause","duration":10},{"type":"keyUp","value":"î€‡"}]}]}
COMMAND: POST /session/1841494025458e3697387cb19f02ad73/elements - {"using":"xpath","value":"//table[contains(@id, \"smartFilterBar-filterItemControl_BASIC-YARD-valueHelpDialog-table-table\")]/tbody/tr"}
COMMAND: GET /session/1841494025458e3697387cb19f02ad73/screenshot - {}
RESULT: {"using":"xpath","value":"//table[contains(@id, \"smartFilterBar-filterItemControl_BASIC-YARD-valueHelpDialog-table-table\")]/tbody/tr"}
COMMAND: POST /session/1841494025458e3697387cb19f02ad73/element - {"using":"xpath","value":"//table[contains(@id, \"smartFilterBar-filterItemControl_BASIC-YARD-valueHelpDialog-table-table\")]/tbody/tr[1]/td[1]/div/span"}
RESULT: {}
RESULT: {"using":"xpath","value":"//table[contains(@id, \"smartFilterBar-filterItemControl_BASIC-YARD-valueHelpDialog-table-table\")]/tbody/tr[1]/td[1]/div/span"}
COMMAND: POST /session/1841494025458e3697387cb19f02ad73/elements - {"using":"xpath","value":"//table[contains(@id, \"smartFilterBar-filterItemControl_BASIC-YARD-valueHelpDialog-table-table\")]/tbody/tr[1]/td[1]/div/span"}
RESULT: {"using":"xpath","value":"//table[contains(@id, \"smartFilterBar-filterItemControl_BASIC-YARD-valueHelpDialog-table-table\")]/tbody/tr[1]/td[1]/div/span"}
COMMAND: POST /session/1841494025458e3697387cb19f02ad73/execute/sync - {"script":"<script> [56 bytes]","args":[{"element-6066-11e4-a52e-4f735466cecf":"f.4A5FBB56EC8D275E16A1B089E6612898.d.233D42D6305FCF8EE1EBD783C159262A.e.6311","ELEMENT":"f.4A5FBB56EC8D275E16A1B089E6612898.d.233D42D6305FCF8EE1EBD783C159262A.e.6311"}]}
RESULT: {"script":"<script> [56 bytes]","args":[{"element-6066-11e4-a52e-4f735466cecf":"f.4A5FBB56EC8D275E16A1B089E6612898.d.233D42D6305FCF8EE1EBD783C159262A.e.6311","ELEMENT":"f.4A5FBB56EC8D275E16A1B089E6612898.d.233D42D6305FCF8EE1EBD783C159262A.e.6311"}]}
COMMAND: POST /session/1841494025458e3697387cb19f02ad73/element - {"using":"xpath","value":"//table[contains(@id, \"smartFilterBar-filterItemControl_BASIC-YARD-valueHelpDialog-table-table\")]/tbody/tr[2]/td[1]/div/span"}
COMMAND: GET /session/1841494025458e3697387cb19f02ad73/screenshot - {}
RESULT: {"using":"xpath","value":"//table[contains(@id, \"smartFilterBar-filterItemControl_BASIC-YARD-valueHelpDialog-table-table\")]/tbody/tr[2]/td[1]/div/span"}
COMMAND: POST /session/1841494025458e3697387cb19f02ad73/elements - {"using":"xpath","value":"//table[contains(@id, \"smartFilterBar-filterItemControl_BASIC-YARD-valueHelpDialog-table-table\")]/tbody/tr[2]/td[1]/div/span"}
RESULT: {}
RESULT: {"using":"xpath","value":"//table[contains(@id, \"smartFilterBar-filterItemControl_BASIC-YARD-valueHelpDialog-table-table\")]/tbody/tr[2]/td[1]/div/span"}
COMMAND: POST /session/1841494025458e3697387cb19f02ad73/execute/sync - {"script":"<script> [56 bytes]","args":[{"element-6066-11e4-a52e-4f735466cecf":"f.4A5FBB56EC8D275E16A1B089E6612898.d.233D42D6305FCF8EE1EBD783C159262A.e.6312","ELEMENT":"f.4A5FBB56EC8D275E16A1B089E6612898.d.233D42D6305FCF8EE1EBD783C159262A.e.6312"}]}
RESULT: {"script":"<script> [56 bytes]","args":[{"element-6066-11e4-a52e-4f735466cecf":"f.4A5FBB56EC8D275E16A1B089E6612898.d.233D42D6305FCF8EE1EBD783C159262A.e.6312","ELEMENT":"f.4A5FBB56EC8D275E16A1B089E6612898.d.233D42D6305FCF8EE1EBD783C159262A.e.6312"}]}
COMMAND: POST /session/1841494025458e3697387cb19f02ad73/element - {"using":"xpath","value":"//table[contains(@id, \"smartFilterBar-filterItemControl_BASIC-YARD-valueHelpDialog-table-table\")]/tbody/tr[3]/td[1]/div/span"}
COMMAND: GET /session/1841494025458e3697387cb19f02ad73/screenshot - {}
RESULT: {"using":"xpath","value":"//table[contains(@id, \"smartFilterBar-filterItemControl_BASIC-YARD-valueHelpDialog-table-table\")]/tbody/tr[3]/td[1]/div/span"}
COMMAND: POST /session/1841494025458e3697387cb19f02ad73/elements - {"using":"xpath","value":"//table[contains(@id, \"smartFilterBar-filterItemControl_BASIC-YARD-valueHelpDialog-table-table\")]/tbody/tr[3]/td[1]/div/span"}
RESULT: {}
RESULT: {"using":"xpath","value":"//table[contains(@id, \"smartFilterBar-filterItemControl_BASIC-YARD-valueHelpDialog-table-table\")]/tbody/tr[3]/td[1]/div/span"}
COMMAND: POST /session/1841494025458e3697387cb19f02ad73/execute/sync - {"script":"<script> [56 bytes]","args":[{"element-6066-11e4-a52e-4f735466cecf":"f.4A5FBB56EC8D275E16A1B089E6612898.d.233D42D6305FCF8EE1EBD783C159262A.e.6313","ELEMENT":"f.4A5FBB56EC8D275E16A1B089E6612898.d.233D42D6305FCF8EE1EBD783C159262A.e.6313"}]}
RESULT: {"script":"<script> [56 bytes]","args":[{"element-6066-11e4-a52e-4f735466cecf":"f.4A5FBB56EC8D275E16A1B089E6612898.d.233D42D6305FCF8EE1EBD783C159262A.e.6313","ELEMENT":"f.4A5FBB56EC8D275E16A1B089E6612898.d.233D42D6305FCF8EE1EBD783C159262A.e.6313"}]}
COMMAND: POST /session/1841494025458e3697387cb19f02ad73/element - {"using":"xpath","value":"//div[contains(@id, \"filterItemControl_BASIC-YARD-valueHelpDialog-table-rowsel2\")]"}
COMMAND: GET /session/1841494025458e3697387cb19f02ad73/screenshot - {}
RESULT: {"using":"xpath","value":"//div[contains(@id, \"filterItemControl_BASIC-YARD-valueHelpDialog-table-rowsel2\")]"}
COMMAND: POST /session/1841494025458e3697387cb19f02ad73/element/f.4A5FBB56EC8D275E16A1B089E6612898.d.233D42D6305FCF8EE1EBD783C159262A.e.6314/click - {}
RESULT: {}
RESULT: {}
COMMAND: GET /session/1841494025458e3697387cb19f02ad73/screenshot - {}
RESULT: {}
COMMAND: POST /session/1841494025458e3697387cb19f02ad73/element - {"using":"xpath","value":"(//bdi[contains(text(), \"OK\")])[1]"}
RESULT: {"using":"xpath","value":"(//bdi[contains(text(), \"OK\")])[1]"}
COMMAND: POST /session/1841494025458e3697387cb19f02ad73/element/f.4A5FBB56EC8D275E16A1B089E6612898.d.233D42D6305FCF8EE1EBD783C159262A.e.6316/click - {}
RESULT: {}
COMMAND: GET /session/1841494025458e3697387cb19f02ad73/screenshot - {}
RESULT: {}
COMMAND: POST /session/1841494025458e3697387cb19f02ad73/element - {"using":"xpath","value":"//span[@id=\"application-managepartners-display-component---masterPtm--smartTable-header-inner\"]"}
RESULT: {"using":"xpath","value":"//span[@id=\"application-managepartners-display-component---masterPtm--smartTable-header-inner\"]"}
COMMAND: POST /session/1841494025458e3697387cb19f02ad73/elements - {"using":"xpath","value":"//span[@id=\"application-managepartners-display-component---masterPtm--smartTable-header-inner\"]"}
RESULT: {"using":"xpath","value":"//span[@id=\"application-managepartners-display-component---masterPtm--smartTable-header-inner\"]"}
COMMAND: POST /session/1841494025458e3697387cb19f02ad73/execute/sync - {"script":"<script> [56 bytes]","args":[{"element-6066-11e4-a52e-4f735466cecf":"f.4A5FBB56EC8D275E16A1B089E6612898.d.233D42D6305FCF8EE1EBD783C159262A.e.5984","ELEMENT":"f.4A5FBB56EC8D275E16A1B089E6612898.d.233D42D6305FCF8EE1EBD783C159262A.e.5984"}]}
RESULT: {"script":"<script> [56 bytes]","args":[{"element-6066-11e4-a52e-4f735466cecf":"f.4A5FBB56EC8D275E16A1B089E6612898.d.233D42D6305FCF8EE1EBD783C159262A.e.5984","ELEMENT":"f.4A5FBB56EC8D275E16A1B089E6612898.d.233D42D6305FCF8EE1EBD783C159262A.e.5984"}]}
COMMAND: POST /session/1841494025458e3697387cb19f02ad73/element - {"using":"xpath","value":"//span[contains(@title, \"Remove\")]"}
COMMAND: GET /session/1841494025458e3697387cb19f02ad73/screenshot - {}
RESULT: {"using":"xpath","value":"//span[contains(@title, \"Remove\")]"}
COMMAND: POST /session/1841494025458e3697387cb19f02ad73/element/f.4A5FBB56EC8D275E16A1B089E6612898.d.233D42D6305FCF8EE1EBD783C159262A.e.6330/click - {}
RESULT: {}
RESULT: {}
COMMAND: GET /session/1841494025458e3697387cb19f02ad73/screenshot - {}
RESULT: {}
COMMAND: POST /session/1841494025458e3697387cb19f02ad73/element - {"using":"xpath","value":"//span[@id=\"application-managepartners-display-component---masterPtm--smartTable-header-inner\"]"}
RESULT: {"using":"xpath","value":"//span[@id=\"application-managepartners-display-component---masterPtm--smartTable-header-inner\"]"}
COMMAND: POST /session/1841494025458e3697387cb19f02ad73/elements - {"using":"xpath","value":"//span[@id=\"application-managepartners-display-component---masterPtm--smartTable-header-inner\"]"}
RESULT: {"using":"xpath","value":"//span[@id=\"application-managepartners-display-component---masterPtm--smartTable-header-inner\"]"}
COMMAND: POST /session/1841494025458e3697387cb19f02ad73/execute/sync - {"script":"<script> [56 bytes]","args":[{"element-6066-11e4-a52e-4f735466cecf":"f.4A5FBB56EC8D275E16A1B089E6612898.d.233D42D6305FCF8EE1EBD783C159262A.e.5984","ELEMENT":"f.4A5FBB56EC8D275E16A1B089E6612898.d.233D42D6305FCF8EE1EBD783C159262A.e.5984"}]}
RESULT: {"script":"<script> [56 bytes]","args":[{"element-6066-11e4-a52e-4f735466cecf":"f.4A5FBB56EC8D275E16A1B089E6612898.d.233D42D6305FCF8EE1EBD783C159262A.e.5984","ELEMENT":"f.4A5FBB56EC8D275E16A1B089E6612898.d.233D42D6305FCF8EE1EBD783C159262A.e.5984"}]}
COMMAND: POST /session/1841494025458e3697387cb19f02ad73/execute/async - {"script":"<script> [1562 bytes]","args":[{"selector":{"id":"application-managepartners-display-component---masterPtm--smartFilterBar-filterItemControl_BASIC-ALL_TAGS-vhi"},"wdio_ui5_key":"applicationmanagepartners-display-component---masterPtm--smartFilterBar-filterItemControl_BASIC-ALL_TAGS-vhi"}]}
COMMAND: GET /session/1841494025458e3697387cb19f02ad73/screenshot - {}
RESULT: {"script":"<script> [1562 bytes]","args":[{"selector":{"id":"application-managepartners-display-component---masterPtm--smartFilterBar-filterItemControl_BASIC-ALL_TAGS-vhi"},"wdio_ui5_key":"applicationmanagepartners-display-component---masterPtm--smartFilterBar-filterItemControl_BASIC-ALL_TAGS-vhi"}]}
RESULT: undefined
COMMAND: POST /session/1841494025458e3697387cb19f02ad73/element - {"using":"xpath","value":"//*[@id=\"application-managepartners-display-component---masterPtm--smartFilterBar-filterItemControl_BASIC-ALL_TAGS-vhi\"]"}
RESULT: {}
RESULT: {"using":"xpath","value":"//*[@id=\"application-managepartners-display-component---masterPtm--smartFilterBar-filterItemControl_BASIC-ALL_TAGS-vhi\"]"}
COMMAND: POST /session/1841494025458e3697387cb19f02ad73/element/f.4A5FBB56EC8D275E16A1B089E6612898.d.233D42D6305FCF8EE1EBD783C159262A.e.6434/click - {}
RESULT: {}
COMMAND: GET /session/1841494025458e3697387cb19f02ad73/screenshot - {}
RESULT: {}
COMMAND: POST /session/1841494025458e3697387cb19f02ad73/execute/async - {"script":"<script> [1562 bytes]","args":[{"selector":{"id":"application-managepartners-display-component---masterPtm--smartFilterBar-filterItemControl_BASIC-ALL_TAGS-valueHelpDialog-smartFilterBar-btnBasicSearch","searchOpenDialogs":true,"interaction":{"idSuffix":"I"}},"wdio_ui5_key":"applicationmanagepartners-display-component---masterPtm--smartFilterBar-filterItemControl_BASIC-ALL_TAGS-valueHelpDialog-smartFilterBar-btnBasicSearch"}]}
RESULT: {"script":"<script> [1562 bytes]","args":[{"selector":{"id":"application-managepartners-display-component---masterPtm--smartFilterBar-filterItemControl_BASIC-ALL_TAGS-valueHelpDialog-smartFilterBar-btnBasicSearch","searchOpenDialogs":true,"interaction":{"idSuffix":"I"}},"wdio_ui5_key":"applicationmanagepartners-display-component---masterPtm--smartFilterBar-filterItemControl_BASIC-ALL_TAGS-valueHelpDialog-smartFilterBar-btnBasicSearch"}]}
RESULT: undefined
COMMAND: POST /session/1841494025458e3697387cb19f02ad73/execute/async - {"script":"<script> [776 bytes]","args":[{"enterText":"test-tag-1","selector":{"id":"application-managepartners-display-component---masterPtm--smartFilterBar-filterItemControl_BASIC-ALL_TAGS-valueHelpDialog-smartFilterBar-btnBasicSearch","searchOpenDialogs":true,"interaction":{"idSuffix":"I"}},"clearTextFirst":true,"interactionType":"ENTER_TEXT"}]}
RESULT: {"script":"<script> [776 bytes]","args":[{"enterText":"test-tag-1","selector":{"id":"application-managepartners-display-component---masterPtm--smartFilterBar-filterItemControl_BASIC-ALL_TAGS-valueHelpDialog-smartFilterBar-btnBasicSearch","searchOpenDialogs":true,"interaction":{"idSuffix":"I"}},"clearTextFirst":true,"interactionType":"ENTER_TEXT"}]}
COMMAND: POST /session/1841494025458e3697387cb19f02ad73/actions - {"actions":[{"id":"action20","type":"key","parameters":{},"actions":[{"type":"keyDown","value":"î€‡"},{"type":"pause","duration":10},{"type":"keyUp","value":"î€‡"}]}]}
RESULT: {"actions":[{"id":"action20","type":"key","parameters":{},"actions":[{"type":"keyDown","value":"î€‡"},{"type":"pause","duration":10},{"type":"keyUp","value":"î€‡"}]}]}
COMMAND: POST /session/1841494025458e3697387cb19f02ad73/elements - {"using":"xpath","value":"//table[contains(@id, \"smartFilterBar-filterItemControl_BASIC-ALL_TAGS-valueHelpDialog-table-table\")]/tbody/tr"}
COMMAND: GET /session/1841494025458e3697387cb19f02ad73/screenshot - {}
RESULT: {"using":"xpath","value":"//table[contains(@id, \"smartFilterBar-filterItemControl_BASIC-ALL_TAGS-valueHelpDialog-table-table\")]/tbody/tr"}
COMMAND: POST /session/1841494025458e3697387cb19f02ad73/element - {"using":"xpath","value":"//table[contains(@id, \"smartFilterBar-filterItemControl_BASIC-ALL_TAGS-valueHelpDialog-table-table\")]/tbody/tr[1]/td[1]/div/span"}
RESULT: {}
RESULT: {"using":"xpath","value":"//table[contains(@id, \"smartFilterBar-filterItemControl_BASIC-ALL_TAGS-valueHelpDialog-table-table\")]/tbody/tr[1]/td[1]/div/span"}
COMMAND: POST /session/1841494025458e3697387cb19f02ad73/elements - {"using":"xpath","value":"//table[contains(@id, \"smartFilterBar-filterItemControl_BASIC-ALL_TAGS-valueHelpDialog-table-table\")]/tbody/tr[1]/td[1]/div/span"}
RESULT: {"using":"xpath","value":"//table[contains(@id, \"smartFilterBar-filterItemControl_BASIC-ALL_TAGS-valueHelpDialog-table-table\")]/tbody/tr[1]/td[1]/div/span"}
COMMAND: POST /session/1841494025458e3697387cb19f02ad73/execute/sync - {"script":"<script> [56 bytes]","args":[{"element-6066-11e4-a52e-4f735466cecf":"f.4A5FBB56EC8D275E16A1B089E6612898.d.233D42D6305FCF8EE1EBD783C159262A.e.6456","ELEMENT":"f.4A5FBB56EC8D275E16A1B089E6612898.d.233D42D6305FCF8EE1EBD783C159262A.e.6456"}]}
RESULT: {"script":"<script> [56 bytes]","args":[{"element-6066-11e4-a52e-4f735466cecf":"f.4A5FBB56EC8D275E16A1B089E6612898.d.233D42D6305FCF8EE1EBD783C159262A.e.6456","ELEMENT":"f.4A5FBB56EC8D275E16A1B089E6612898.d.233D42D6305FCF8EE1EBD783C159262A.e.6456"}]}
COMMAND: POST /session/1841494025458e3697387cb19f02ad73/element - {"using":"xpath","value":"//div[contains(@id, \"filterItemControl_BASIC-ALL_TAGS-valueHelpDialog-table-rowsel0\")]"}
COMMAND: GET /session/1841494025458e3697387cb19f02ad73/screenshot - {}
RESULT: {"using":"xpath","value":"//div[contains(@id, \"filterItemControl_BASIC-ALL_TAGS-valueHelpDialog-table-rowsel0\")]"}
COMMAND: POST /session/1841494025458e3697387cb19f02ad73/element/f.4A5FBB56EC8D275E16A1B089E6612898.d.233D42D6305FCF8EE1EBD783C159262A.e.6457/click - {}
RESULT: {}
RESULT: {}
COMMAND: GET /session/1841494025458e3697387cb19f02ad73/screenshot - {}
RESULT: {}
COMMAND: POST /session/1841494025458e3697387cb19f02ad73/element - {"using":"xpath","value":"(//bdi[contains(text(), \"OK\")])[1]"}
RESULT: {"using":"xpath","value":"(//bdi[contains(text(), \"OK\")])[1]"}
COMMAND: POST /session/1841494025458e3697387cb19f02ad73/element/f.4A5FBB56EC8D275E16A1B089E6612898.d.233D42D6305FCF8EE1EBD783C159262A.e.6459/click - {}
RESULT: {}
COMMAND: GET /session/1841494025458e3697387cb19f02ad73/screenshot - {}
RESULT: {}
COMMAND: POST /session/1841494025458e3697387cb19f02ad73/element - {"using":"xpath","value":"//span[@id=\"application-managepartners-display-component---masterPtm--smartTable-header-inner\"]"}
RESULT: {"using":"xpath","value":"//span[@id=\"application-managepartners-display-component---masterPtm--smartTable-header-inner\"]"}
COMMAND: POST /session/1841494025458e3697387cb19f02ad73/elements - {"using":"xpath","value":"//span[@id=\"application-managepartners-display-component---masterPtm--smartTable-header-inner\"]"}
RESULT: {"using":"xpath","value":"//span[@id=\"application-managepartners-display-component---masterPtm--smartTable-header-inner\"]"}
COMMAND: POST /session/1841494025458e3697387cb19f02ad73/execute/sync - {"script":"<script> [56 bytes]","args":[{"element-6066-11e4-a52e-4f735466cecf":"f.4A5FBB56EC8D275E16A1B089E6612898.d.233D42D6305FCF8EE1EBD783C159262A.e.5984","ELEMENT":"f.4A5FBB56EC8D275E16A1B089E6612898.d.233D42D6305FCF8EE1EBD783C159262A.e.5984"}]}
RESULT: {"script":"<script> [56 bytes]","args":[{"element-6066-11e4-a52e-4f735466cecf":"f.4A5FBB56EC8D275E16A1B089E6612898.d.233D42D6305FCF8EE1EBD783C159262A.e.5984","ELEMENT":"f.4A5FBB56EC8D275E16A1B089E6612898.d.233D42D6305FCF8EE1EBD783C159262A.e.5984"}]}
COMMAND: POST /session/1841494025458e3697387cb19f02ad73/element - {"using":"xpath","value":"//span[contains(@title, \"Remove\")]"}
COMMAND: GET /session/1841494025458e3697387cb19f02ad73/screenshot - {}
RESULT: {"using":"xpath","value":"//span[contains(@title, \"Remove\")]"}
COMMAND: POST /session/1841494025458e3697387cb19f02ad73/element/f.4A5FBB56EC8D275E16A1B089E6612898.d.233D42D6305FCF8EE1EBD783C159262A.e.6480/click - {}
RESULT: {}
RESULT: {}
COMMAND: GET /session/1841494025458e3697387cb19f02ad73/screenshot - {}
RESULT: {}
COMMAND: POST /session/1841494025458e3697387cb19f02ad73/execute/async - {"script":"<script> [1562 bytes]","args":[{"selector":{"id":"application-managepartners-display-component---masterPtm--partnerTypes-arrow"},"wdio_ui5_key":"applicationmanagepartners-display-component---masterPtm--partnerTypes-arrow"}]}
RESULT: {"script":"<script> [1562 bytes]","args":[{"selector":{"id":"application-managepartners-display-component---masterPtm--partnerTypes-arrow"},"wdio_ui5_key":"applicationmanagepartners-display-component---masterPtm--partnerTypes-arrow"}]}
RESULT: undefined
COMMAND: POST /session/1841494025458e3697387cb19f02ad73/element - {"using":"xpath","value":"//*[@id=\"application-managepartners-display-component---masterPtm--partnerTypes-arrow\"]"}
RESULT: {"using":"xpath","value":"//*[@id=\"application-managepartners-display-component---masterPtm--partnerTypes-arrow\"]"}
COMMAND: POST /session/1841494025458e3697387cb19f02ad73/element/f.4A5FBB56EC8D275E16A1B089E6612898.d.233D42D6305FCF8EE1EBD783C159262A.e.6583/click - {}
RESULT: {}
COMMAND: GET /session/1841494025458e3697387cb19f02ad73/screenshot - {}
RESULT: {}
COMMAND: POST /session/1841494025458e3697387cb19f02ad73/element - {"using":"xpath","value":"//li[.//span[text()=\"External partner\"]]//div[contains(@class,\"sapMCbBg\")]"}
RESULT: {"using":"xpath","value":"//li[.//span[text()=\"External partner\"]]//div[contains(@class,\"sapMCbBg\")]"}
COMMAND: POST /session/1841494025458e3697387cb19f02ad73/element/f.4A5FBB56EC8D275E16A1B089E6612898.d.233D42D6305FCF8EE1EBD783C159262A.e.6588/click - {}
RESULT: {}
COMMAND: GET /session/1841494025458e3697387cb19f02ad73/screenshot - {}
RESULT: {}
COMMAND: POST /session/1841494025458e3697387cb19f02ad73/element - {"using":"xpath","value":"//span[@id=\"application-managepartners-display-component---masterPtm--smartTable-header-inner\"]"}
RESULT: {"using":"xpath","value":"//span[@id=\"application-managepartners-display-component---masterPtm--smartTable-header-inner\"]"}
COMMAND: POST /session/1841494025458e3697387cb19f02ad73/elements - {"using":"xpath","value":"//span[@id=\"application-managepartners-display-component---masterPtm--smartTable-header-inner\"]"}
RESULT: {"using":"xpath","value":"//span[@id=\"application-managepartners-display-component---masterPtm--smartTable-header-inner\"]"}
COMMAND: POST /session/1841494025458e3697387cb19f02ad73/execute/sync - {"script":"<script> [56 bytes]","args":[{"element-6066-11e4-a52e-4f735466cecf":"f.4A5FBB56EC8D275E16A1B089E6612898.d.233D42D6305FCF8EE1EBD783C159262A.e.5984","ELEMENT":"f.4A5FBB56EC8D275E16A1B089E6612898.d.233D42D6305FCF8EE1EBD783C159262A.e.5984"}]}
RESULT: {"script":"<script> [56 bytes]","args":[{"element-6066-11e4-a52e-4f735466cecf":"f.4A5FBB56EC8D275E16A1B089E6612898.d.233D42D6305FCF8EE1EBD783C159262A.e.5984","ELEMENT":"f.4A5FBB56EC8D275E16A1B089E6612898.d.233D42D6305FCF8EE1EBD783C159262A.e.5984"}]}
COMMAND: POST /session/1841494025458e3697387cb19f02ad73/element - {"using":"xpath","value":"//span[contains(@title, \"Remove\")]"}
COMMAND: GET /session/1841494025458e3697387cb19f02ad73/screenshot - {}
RESULT: {"using":"xpath","value":"//span[contains(@title, \"Remove\")]"}
COMMAND: POST /session/1841494025458e3697387cb19f02ad73/element/f.4A5FBB56EC8D275E16A1B089E6612898.d.233D42D6305FCF8EE1EBD783C159262A.e.6675/click - {}
RESULT: {}
RESULT: {}
COMMAND: GET /session/1841494025458e3697387cb19f02ad73/screenshot - {}
RESULT: {}
COMMAND: POST /session/1841494025458e3697387cb19f02ad73/execute/async - {"script":"<script> [1562 bytes]","args":[{"selector":{"id":"application-managepartners-display-component---masterPtm--smartFilterBar-btnFilters","interaction":{"idSuffix":"BDI-content"}},"wdio_ui5_key":"applicationmanagepartners-display-component---masterPtm--smartFilterBar-btnFilters"}]}
RESULT: {"script":"<script> [1562 bytes]","args":[{"selector":{"id":"application-managepartners-display-component---masterPtm--smartFilterBar-btnFilters","interaction":{"idSuffix":"BDI-content"}},"wdio_ui5_key":"applicationmanagepartners-display-component---masterPtm--smartFilterBar-btnFilters"}]}
RESULT: undefined
COMMAND: POST /session/1841494025458e3697387cb19f02ad73/element - {"using":"xpath","value":"//*[@id=\"application-managepartners-display-component---masterPtm--smartFilterBar-btnFilters\"]"}
RESULT: {"using":"xpath","value":"//*[@id=\"application-managepartners-display-component---masterPtm--smartFilterBar-btnFilters\"]"}
COMMAND: POST /session/1841494025458e3697387cb19f02ad73/element/f.4A5FBB56EC8D275E16A1B089E6612898.d.233D42D6305FCF8EE1EBD783C159262A.e.5824/click - {}
RESULT: {}
COMMAND: GET /session/1841494025458e3697387cb19f02ad73/screenshot - {}
RESULT: {}
COMMAND: POST /session/1841494025458e3697387cb19f02ad73/elements - {"using":"xpath","value":"//table[contains(@id, \"listView-innerSelectionPanelTable-listUl\")]/tbody/tr"}
RESULT: {"using":"xpath","value":"//table[contains(@id, \"listView-innerSelectionPanelTable-listUl\")]/tbody/tr"}
COMMAND: POST /session/1841494025458e3697387cb19f02ad73/element - {"using":"xpath","value":"//table[contains(@id, \"listView-innerSelectionPanelTable-listUl\")]/tbody/tr[2]/td[2]/div/div"}
RESULT: {"using":"xpath","value":"//table[contains(@id, \"listView-innerSelectionPanelTable-listUl\")]/tbody/tr[2]/td[2]/div/div"}
COMMAND: POST /session/1841494025458e3697387cb19f02ad73/element - {"using":"xpath","value":"//table[contains(@id, \"listView-innerSelectionPanelTable-listUl\")]/tbody/tr[2]/td[2]/div"}
RESULT: {"using":"xpath","value":"//table[contains(@id, \"listView-innerSelectionPanelTable-listUl\")]/tbody/tr[2]/td[2]/div"}
COMMAND: POST /session/1841494025458e3697387cb19f02ad73/element - {"using":"xpath","value":"//table[contains(@id, \"listView-innerSelectionPanelTable-listUl\")]/tbody/tr[2]/td[3]/div/div/span/span[1]/bdi"}
RESULT: {"using":"xpath","value":"//table[contains(@id, \"listView-innerSelectionPanelTable-listUl\")]/tbody/tr[2]/td[3]/div/div/span/span[1]/bdi"}
COMMAND: POST /session/1841494025458e3697387cb19f02ad73/execute/sync - {"script":"<script> [56 bytes]","args":[{"element-6066-11e4-a52e-4f735466cecf":"f.4A5FBB56EC8D275E16A1B089E6612898.d.233D42D6305FCF8EE1EBD783C159262A.e.6790","ELEMENT":"f.4A5FBB56EC8D275E16A1B089E6612898.d.233D42D6305FCF8EE1EBD783C159262A.e.6790"}]}
RESULT: {"script":"<script> [56 bytes]","args":[{"element-6066-11e4-a52e-4f735466cecf":"f.4A5FBB56EC8D275E16A1B089E6612898.d.233D42D6305FCF8EE1EBD783C159262A.e.6790","ELEMENT":"f.4A5FBB56EC8D275E16A1B089E6612898.d.233D42D6305FCF8EE1EBD783C159262A.e.6790"}]}
COMMAND: GET /session/1841494025458e3697387cb19f02ad73/element/f.4A5FBB56EC8D275E16A1B089E6612898.d.233D42D6305FCF8EE1EBD783C159262A.e.6789/attribute/aria-checked - {}
COMMAND: GET /session/1841494025458e3697387cb19f02ad73/screenshot - {}
RESULT: {}
COMMAND: POST /session/1841494025458e3697387cb19f02ad73/element - {"using":"xpath","value":"//table[contains(@id, \"listView-innerSelectionPanelTable-listUl\")]/tbody/tr[3]/td[2]/div/div"}
RESULT: {}
RESULT: {"using":"xpath","value":"//table[contains(@id, \"listView-innerSelectionPanelTable-listUl\")]/tbody/tr[3]/td[2]/div/div"}
COMMAND: POST /session/1841494025458e3697387cb19f02ad73/element - {"using":"xpath","value":"//table[contains(@id, \"listView-innerSelectionPanelTable-listUl\")]/tbody/tr[3]/td[2]/div"}
RESULT: {"using":"xpath","value":"//table[contains(@id, \"listView-innerSelectionPanelTable-listUl\")]/tbody/tr[3]/td[2]/div"}
COMMAND: POST /session/1841494025458e3697387cb19f02ad73/element - {"using":"xpath","value":"//table[contains(@id, \"listView-innerSelectionPanelTable-listUl\")]/tbody/tr[3]/td[3]/div/div/span/span[1]/bdi"}
RESULT: {"using":"xpath","value":"//table[contains(@id, \"listView-innerSelectionPanelTable-listUl\")]/tbody/tr[3]/td[3]/div/div/span/span[1]/bdi"}
COMMAND: POST /session/1841494025458e3697387cb19f02ad73/execute/sync - {"script":"<script> [56 bytes]","args":[{"element-6066-11e4-a52e-4f735466cecf":"f.4A5FBB56EC8D275E16A1B089E6612898.d.233D42D6305FCF8EE1EBD783C159262A.e.6793","ELEMENT":"f.4A5FBB56EC8D275E16A1B089E6612898.d.233D42D6305FCF8EE1EBD783C159262A.e.6793"}]}
RESULT: {"script":"<script> [56 bytes]","args":[{"element-6066-11e4-a52e-4f735466cecf":"f.4A5FBB56EC8D275E16A1B089E6612898.d.233D42D6305FCF8EE1EBD783C159262A.e.6793","ELEMENT":"f.4A5FBB56EC8D275E16A1B089E6612898.d.233D42D6305FCF8EE1EBD783C159262A.e.6793"}]}
COMMAND: GET /session/1841494025458e3697387cb19f02ad73/element/f.4A5FBB56EC8D275E16A1B089E6612898.d.233D42D6305FCF8EE1EBD783C159262A.e.6792/attribute/aria-checked - {}
COMMAND: GET /session/1841494025458e3697387cb19f02ad73/screenshot - {}
RESULT: {}
COMMAND: POST /session/1841494025458e3697387cb19f02ad73/element - {"using":"xpath","value":"//table[contains(@id, \"listView-innerSelectionPanelTable-listUl\")]/tbody/tr[4]/td[2]/div/div"}
RESULT: {}
RESULT: {"using":"xpath","value":"//table[contains(@id, \"listView-innerSelectionPanelTable-listUl\")]/tbody/tr[4]/td[2]/div/div"}
COMMAND: POST /session/1841494025458e3697387cb19f02ad73/element - {"using":"xpath","value":"//table[contains(@id, \"listView-innerSelectionPanelTable-listUl\")]/tbody/tr[4]/td[2]/div"}
RESULT: {"using":"xpath","value":"//table[contains(@id, \"listView-innerSelectionPanelTable-listUl\")]/tbody/tr[4]/td[2]/div"}
COMMAND: POST /session/1841494025458e3697387cb19f02ad73/element - {"using":"xpath","value":"//table[contains(@id, \"listView-innerSelectionPanelTable-listUl\")]/tbody/tr[4]/td[3]/div/div/span/span[1]/bdi"}
RESULT: {"using":"xpath","value":"//table[contains(@id, \"listView-innerSelectionPanelTable-listUl\")]/tbody/tr[4]/td[3]/div/div/span/span[1]/bdi"}
COMMAND: POST /session/1841494025458e3697387cb19f02ad73/execute/sync - {"script":"<script> [56 bytes]","args":[{"element-6066-11e4-a52e-4f735466cecf":"f.4A5FBB56EC8D275E16A1B089E6612898.d.233D42D6305FCF8EE1EBD783C159262A.e.6796","ELEMENT":"f.4A5FBB56EC8D275E16A1B089E6612898.d.233D42D6305FCF8EE1EBD783C159262A.e.6796"}]}
RESULT: {"script":"<script> [56 bytes]","args":[{"element-6066-11e4-a52e-4f735466cecf":"f.4A5FBB56EC8D275E16A1B089E6612898.d.233D42D6305FCF8EE1EBD783C159262A.e.6796","ELEMENT":"f.4A5FBB56EC8D275E16A1B089E6612898.d.233D42D6305FCF8EE1EBD783C159262A.e.6796"}]}
COMMAND: GET /session/1841494025458e3697387cb19f02ad73/element/f.4A5FBB56EC8D275E16A1B089E6612898.d.233D42D6305FCF8EE1EBD783C159262A.e.6795/attribute/aria-checked - {}
COMMAND: GET /session/1841494025458e3697387cb19f02ad73/screenshot - {}
RESULT: {}
COMMAND: POST /session/1841494025458e3697387cb19f02ad73/element - {"using":"xpath","value":"//table[contains(@id, \"listView-innerSelectionPanelTable-listUl\")]/tbody/tr[5]/td[2]/div/div"}
RESULT: {}
RESULT: {"using":"xpath","value":"//table[contains(@id, \"listView-innerSelectionPanelTable-listUl\")]/tbody/tr[5]/td[2]/div/div"}
COMMAND: POST /session/1841494025458e3697387cb19f02ad73/element - {"using":"xpath","value":"//table[contains(@id, \"listView-innerSelectionPanelTable-listUl\")]/tbody/tr[5]/td[2]/div"}
RESULT: {"using":"xpath","value":"//table[contains(@id, \"listView-innerSelectionPanelTable-listUl\")]/tbody/tr[5]/td[2]/div"}
COMMAND: POST /session/1841494025458e3697387cb19f02ad73/element - {"using":"xpath","value":"//table[contains(@id, \"listView-innerSelectionPanelTable-listUl\")]/tbody/tr[5]/td[3]/div/div/span/span[1]/bdi"}
RESULT: {"using":"xpath","value":"//table[contains(@id, \"listView-innerSelectionPanelTable-listUl\")]/tbody/tr[5]/td[3]/div/div/span/span[1]/bdi"}
COMMAND: POST /session/1841494025458e3697387cb19f02ad73/execute/sync - {"script":"<script> [56 bytes]","args":[{"element-6066-11e4-a52e-4f735466cecf":"f.4A5FBB56EC8D275E16A1B089E6612898.d.233D42D6305FCF8EE1EBD783C159262A.e.6799","ELEMENT":"f.4A5FBB56EC8D275E16A1B089E6612898.d.233D42D6305FCF8EE1EBD783C159262A.e.6799"}]}
RESULT: {"script":"<script> [56 bytes]","args":[{"element-6066-11e4-a52e-4f735466cecf":"f.4A5FBB56EC8D275E16A1B089E6612898.d.233D42D6305FCF8EE1EBD783C159262A.e.6799","ELEMENT":"f.4A5FBB56EC8D275E16A1B089E6612898.d.233D42D6305FCF8EE1EBD783C159262A.e.6799"}]}
COMMAND: GET /session/1841494025458e3697387cb19f02ad73/element/f.4A5FBB56EC8D275E16A1B089E6612898.d.233D42D6305FCF8EE1EBD783C159262A.e.6798/attribute/aria-checked - {}
COMMAND: GET /session/1841494025458e3697387cb19f02ad73/screenshot - {}
RESULT: {}
COMMAND: POST /session/1841494025458e3697387cb19f02ad73/element - {"using":"xpath","value":"//table[contains(@id, \"listView-innerSelectionPanelTable-listUl\")]/tbody/tr[6]/td[2]/div/div"}
RESULT: {}
RESULT: {"using":"xpath","value":"//table[contains(@id, \"listView-innerSelectionPanelTable-listUl\")]/tbody/tr[6]/td[2]/div/div"}
COMMAND: POST /session/1841494025458e3697387cb19f02ad73/element - {"using":"xpath","value":"//table[contains(@id, \"listView-innerSelectionPanelTable-listUl\")]/tbody/tr[6]/td[2]/div"}
RESULT: {"using":"xpath","value":"//table[contains(@id, \"listView-innerSelectionPanelTable-listUl\")]/tbody/tr[6]/td[2]/div"}
COMMAND: POST /session/1841494025458e3697387cb19f02ad73/element - {"using":"xpath","value":"//table[contains(@id, \"listView-innerSelectionPanelTable-listUl\")]/tbody/tr[6]/td[3]/div/div/span/span[1]/bdi"}
RESULT: {"using":"xpath","value":"//table[contains(@id, \"listView-innerSelectionPanelTable-listUl\")]/tbody/tr[6]/td[3]/div/div/span/span[1]/bdi"}
COMMAND: POST /session/1841494025458e3697387cb19f02ad73/execute/sync - {"script":"<script> [56 bytes]","args":[{"element-6066-11e4-a52e-4f735466cecf":"f.4A5FBB56EC8D275E16A1B089E6612898.d.233D42D6305FCF8EE1EBD783C159262A.e.6802","ELEMENT":"f.4A5FBB56EC8D275E16A1B089E6612898.d.233D42D6305FCF8EE1EBD783C159262A.e.6802"}]}
RESULT: {"script":"<script> [56 bytes]","args":[{"element-6066-11e4-a52e-4f735466cecf":"f.4A5FBB56EC8D275E16A1B089E6612898.d.233D42D6305FCF8EE1EBD783C159262A.e.6802","ELEMENT":"f.4A5FBB56EC8D275E16A1B089E6612898.d.233D42D6305FCF8EE1EBD783C159262A.e.6802"}]}
COMMAND: GET /session/1841494025458e3697387cb19f02ad73/element/f.4A5FBB56EC8D275E16A1B089E6612898.d.233D42D6305FCF8EE1EBD783C159262A.e.6801/attribute/aria-checked - {}
COMMAND: GET /session/1841494025458e3697387cb19f02ad73/screenshot - {}
RESULT: {}
COMMAND: POST /session/1841494025458e3697387cb19f02ad73/element - {"using":"xpath","value":"//table[contains(@id, \"listView-innerSelectionPanelTable-listUl\")]/tbody/tr[7]/td[2]/div/div"}
RESULT: {}
RESULT: {"using":"xpath","value":"//table[contains(@id, \"listView-innerSelectionPanelTable-listUl\")]/tbody/tr[7]/td[2]/div/div"}
COMMAND: POST /session/1841494025458e3697387cb19f02ad73/element - {"using":"xpath","value":"//table[contains(@id, \"listView-innerSelectionPanelTable-listUl\")]/tbody/tr[7]/td[2]/div"}
RESULT: {"using":"xpath","value":"//table[contains(@id, \"listView-innerSelectionPanelTable-listUl\")]/tbody/tr[7]/td[2]/div"}
COMMAND: POST /session/1841494025458e3697387cb19f02ad73/element - {"using":"xpath","value":"//table[contains(@id, \"listView-innerSelectionPanelTable-listUl\")]/tbody/tr[7]/td[3]/div/div/span/span[1]/bdi"}
RESULT: {"using":"xpath","value":"//table[contains(@id, \"listView-innerSelectionPanelTable-listUl\")]/tbody/tr[7]/td[3]/div/div/span/span[1]/bdi"}
COMMAND: POST /session/1841494025458e3697387cb19f02ad73/execute/sync - {"script":"<script> [56 bytes]","args":[{"element-6066-11e4-a52e-4f735466cecf":"f.4A5FBB56EC8D275E16A1B089E6612898.d.233D42D6305FCF8EE1EBD783C159262A.e.6805","ELEMENT":"f.4A5FBB56EC8D275E16A1B089E6612898.d.233D42D6305FCF8EE1EBD783C159262A.e.6805"}]}
RESULT: {"script":"<script> [56 bytes]","args":[{"element-6066-11e4-a52e-4f735466cecf":"f.4A5FBB56EC8D275E16A1B089E6612898.d.233D42D6305FCF8EE1EBD783C159262A.e.6805","ELEMENT":"f.4A5FBB56EC8D275E16A1B089E6612898.d.233D42D6305FCF8EE1EBD783C159262A.e.6805"}]}
COMMAND: GET /session/1841494025458e3697387cb19f02ad73/element/f.4A5FBB56EC8D275E16A1B089E6612898.d.233D42D6305FCF8EE1EBD783C159262A.e.6804/attribute/aria-checked - {}
COMMAND: GET /session/1841494025458e3697387cb19f02ad73/screenshot - {}
RESULT: {}
COMMAND: POST /session/1841494025458e3697387cb19f02ad73/element - {"using":"xpath","value":"//table[contains(@id, \"listView-innerSelectionPanelTable-listUl\")]/tbody/tr[8]/td[2]/div/div"}
RESULT: {}
RESULT: {"using":"xpath","value":"//table[contains(@id, \"listView-innerSelectionPanelTable-listUl\")]/tbody/tr[8]/td[2]/div/div"}
COMMAND: POST /session/1841494025458e3697387cb19f02ad73/element - {"using":"xpath","value":"//table[contains(@id, \"listView-innerSelectionPanelTable-listUl\")]/tbody/tr[8]/td[2]/div"}
RESULT: {"using":"xpath","value":"//table[contains(@id, \"listView-innerSelectionPanelTable-listUl\")]/tbody/tr[8]/td[2]/div"}
COMMAND: POST /session/1841494025458e3697387cb19f02ad73/element - {"using":"xpath","value":"//table[contains(@id, \"listView-innerSelectionPanelTable-listUl\")]/tbody/tr[8]/td[3]/div/div/span/span[1]/bdi"}
RESULT: {"using":"xpath","value":"//table[contains(@id, \"listView-innerSelectionPanelTable-listUl\")]/tbody/tr[8]/td[3]/div/div/span/span[1]/bdi"}
COMMAND: POST /session/1841494025458e3697387cb19f02ad73/execute/sync - {"script":"<script> [56 bytes]","args":[{"element-6066-11e4-a52e-4f735466cecf":"f.4A5FBB56EC8D275E16A1B089E6612898.d.233D42D6305FCF8EE1EBD783C159262A.e.6808","ELEMENT":"f.4A5FBB56EC8D275E16A1B089E6612898.d.233D42D6305FCF8EE1EBD783C159262A.e.6808"}]}
RESULT: {"script":"<script> [56 bytes]","args":[{"element-6066-11e4-a52e-4f735466cecf":"f.4A5FBB56EC8D275E16A1B089E6612898.d.233D42D6305FCF8EE1EBD783C159262A.e.6808","ELEMENT":"f.4A5FBB56EC8D275E16A1B089E6612898.d.233D42D6305FCF8EE1EBD783C159262A.e.6808"}]}
COMMAND: GET /session/1841494025458e3697387cb19f02ad73/element/f.4A5FBB56EC8D275E16A1B089E6612898.d.233D42D6305FCF8EE1EBD783C159262A.e.6807/attribute/aria-checked - {}
COMMAND: GET /session/1841494025458e3697387cb19f02ad73/screenshot - {}
RESULT: {}
COMMAND: POST /session/1841494025458e3697387cb19f02ad73/element - {"using":"xpath","value":"//table[contains(@id, \"listView-innerSelectionPanelTable-listUl\")]/tbody/tr[9]/td[2]/div/div"}
RESULT: {}
RESULT: {"using":"xpath","value":"//table[contains(@id, \"listView-innerSelectionPanelTable-listUl\")]/tbody/tr[9]/td[2]/div/div"}
COMMAND: POST /session/1841494025458e3697387cb19f02ad73/element - {"using":"xpath","value":"//table[contains(@id, \"listView-innerSelectionPanelTable-listUl\")]/tbody/tr[9]/td[2]/div"}
RESULT: {"using":"xpath","value":"//table[contains(@id, \"listView-innerSelectionPanelTable-listUl\")]/tbody/tr[9]/td[2]/div"}
COMMAND: POST /session/1841494025458e3697387cb19f02ad73/element - {"using":"xpath","value":"//table[contains(@id, \"listView-innerSelectionPanelTable-listUl\")]/tbody/tr[9]/td[3]/div/div/span/span[1]/bdi"}
RESULT: {"using":"xpath","value":"//table[contains(@id, \"listView-innerSelectionPanelTable-listUl\")]/tbody/tr[9]/td[3]/div/div/span/span[1]/bdi"}
COMMAND: POST /session/1841494025458e3697387cb19f02ad73/execute/sync - {"script":"<script> [56 bytes]","args":[{"element-6066-11e4-a52e-4f735466cecf":"f.4A5FBB56EC8D275E16A1B089E6612898.d.233D42D6305FCF8EE1EBD783C159262A.e.6811","ELEMENT":"f.4A5FBB56EC8D275E16A1B089E6612898.d.233D42D6305FCF8EE1EBD783C159262A.e.6811"}]}
RESULT: {"script":"<script> [56 bytes]","args":[{"element-6066-11e4-a52e-4f735466cecf":"f.4A5FBB56EC8D275E16A1B089E6612898.d.233D42D6305FCF8EE1EBD783C159262A.e.6811","ELEMENT":"f.4A5FBB56EC8D275E16A1B089E6612898.d.233D42D6305FCF8EE1EBD783C159262A.e.6811"}]}
COMMAND: GET /session/1841494025458e3697387cb19f02ad73/element/f.4A5FBB56EC8D275E16A1B089E6612898.d.233D42D6305FCF8EE1EBD783C159262A.e.6810/attribute/aria-checked - {}
COMMAND: GET /session/1841494025458e3697387cb19f02ad73/screenshot - {}
RESULT: {}
COMMAND: POST /session/1841494025458e3697387cb19f02ad73/element - {"using":"xpath","value":"//table[contains(@id, \"listView-innerSelectionPanelTable-listUl\")]/tbody/tr[10]/td[2]/div/div"}
RESULT: {}
RESULT: {"using":"xpath","value":"//table[contains(@id, \"listView-innerSelectionPanelTable-listUl\")]/tbody/tr[10]/td[2]/div/div"}
COMMAND: POST /session/1841494025458e3697387cb19f02ad73/element - {"using":"xpath","value":"//table[contains(@id, \"listView-innerSelectionPanelTable-listUl\")]/tbody/tr[10]/td[2]/div"}
RESULT: {"using":"xpath","value":"//table[contains(@id, \"listView-innerSelectionPanelTable-listUl\")]/tbody/tr[10]/td[2]/div"}
COMMAND: POST /session/1841494025458e3697387cb19f02ad73/element - {"using":"xpath","value":"//table[contains(@id, \"listView-innerSelectionPanelTable-listUl\")]/tbody/tr[10]/td[3]/div/div/span/span[1]/bdi"}
RESULT: {"using":"xpath","value":"//table[contains(@id, \"listView-innerSelectionPanelTable-listUl\")]/tbody/tr[10]/td[3]/div/div/span/span[1]/bdi"}
COMMAND: POST /session/1841494025458e3697387cb19f02ad73/execute/sync - {"script":"<script> [56 bytes]","args":[{"element-6066-11e4-a52e-4f735466cecf":"f.4A5FBB56EC8D275E16A1B089E6612898.d.233D42D6305FCF8EE1EBD783C159262A.e.6814","ELEMENT":"f.4A5FBB56EC8D275E16A1B089E6612898.d.233D42D6305FCF8EE1EBD783C159262A.e.6814"}]}
RESULT: {"script":"<script> [56 bytes]","args":[{"element-6066-11e4-a52e-4f735466cecf":"f.4A5FBB56EC8D275E16A1B089E6612898.d.233D42D6305FCF8EE1EBD783C159262A.e.6814","ELEMENT":"f.4A5FBB56EC8D275E16A1B089E6612898.d.233D42D6305FCF8EE1EBD783C159262A.e.6814"}]}
COMMAND: GET /session/1841494025458e3697387cb19f02ad73/element/f.4A5FBB56EC8D275E16A1B089E6612898.d.233D42D6305FCF8EE1EBD783C159262A.e.6813/attribute/aria-checked - {}
COMMAND: GET /session/1841494025458e3697387cb19f02ad73/screenshot - {}
RESULT: {}
COMMAND: POST /session/1841494025458e3697387cb19f02ad73/element - {"using":"xpath","value":"//table[contains(@id, \"listView-innerSelectionPanelTable-listUl\")]/tbody/tr[11]/td[2]/div/div"}
RESULT: {}
RESULT: {"using":"xpath","value":"//table[contains(@id, \"listView-innerSelectionPanelTable-listUl\")]/tbody/tr[11]/td[2]/div/div"}
COMMAND: POST /session/1841494025458e3697387cb19f02ad73/element - {"using":"xpath","value":"//table[contains(@id, \"listView-innerSelectionPanelTable-listUl\")]/tbody/tr[11]/td[2]/div"}
RESULT: {"using":"xpath","value":"//table[contains(@id, \"listView-innerSelectionPanelTable-listUl\")]/tbody/tr[11]/td[2]/div"}
COMMAND: POST /session/1841494025458e3697387cb19f02ad73/element - {"using":"xpath","value":"//table[contains(@id, \"listView-innerSelectionPanelTable-listUl\")]/tbody/tr[11]/td[3]/div/div/span/span[1]/bdi"}
RESULT: {"using":"xpath","value":"//table[contains(@id, \"listView-innerSelectionPanelTable-listUl\")]/tbody/tr[11]/td[3]/div/div/span/span[1]/bdi"}
COMMAND: POST /session/1841494025458e3697387cb19f02ad73/execute/sync - {"script":"<script> [56 bytes]","args":[{"element-6066-11e4-a52e-4f735466cecf":"f.4A5FBB56EC8D275E16A1B089E6612898.d.233D42D6305FCF8EE1EBD783C159262A.e.6817","ELEMENT":"f.4A5FBB56EC8D275E16A1B089E6612898.d.233D42D6305FCF8EE1EBD783C159262A.e.6817"}]}
RESULT: {"script":"<script> [56 bytes]","args":[{"element-6066-11e4-a52e-4f735466cecf":"f.4A5FBB56EC8D275E16A1B089E6612898.d.233D42D6305FCF8EE1EBD783C159262A.e.6817","ELEMENT":"f.4A5FBB56EC8D275E16A1B089E6612898.d.233D42D6305FCF8EE1EBD783C159262A.e.6817"}]}
COMMAND: GET /session/1841494025458e3697387cb19f02ad73/element/f.4A5FBB56EC8D275E16A1B089E6612898.d.233D42D6305FCF8EE1EBD783C159262A.e.6816/attribute/aria-checked - {}
COMMAND: GET /session/1841494025458e3697387cb19f02ad73/screenshot - {}
RESULT: {}
COMMAND: POST /session/1841494025458e3697387cb19f02ad73/element - {"using":"xpath","value":"//table[contains(@id, \"listView-innerSelectionPanelTable-listUl\")]/tbody/tr[12]/td[2]/div/div"}
RESULT: {}
RESULT: {"using":"xpath","value":"//table[contains(@id, \"listView-innerSelectionPanelTable-listUl\")]/tbody/tr[12]/td[2]/div/div"}
COMMAND: POST /session/1841494025458e3697387cb19f02ad73/element - {"using":"xpath","value":"//table[contains(@id, \"listView-innerSelectionPanelTable-listUl\")]/tbody/tr[12]/td[2]/div"}
RESULT: {"using":"xpath","value":"//table[contains(@id, \"listView-innerSelectionPanelTable-listUl\")]/tbody/tr[12]/td[2]/div"}
COMMAND: POST /session/1841494025458e3697387cb19f02ad73/element - {"using":"xpath","value":"//table[contains(@id, \"listView-innerSelectionPanelTable-listUl\")]/tbody/tr[12]/td[3]/div/div/span/span[1]/bdi"}
RESULT: {"using":"xpath","value":"//table[contains(@id, \"listView-innerSelectionPanelTable-listUl\")]/tbody/tr[12]/td[3]/div/div/span/span[1]/bdi"}
COMMAND: POST /session/1841494025458e3697387cb19f02ad73/execute/sync - {"script":"<script> [56 bytes]","args":[{"element-6066-11e4-a52e-4f735466cecf":"f.4A5FBB56EC8D275E16A1B089E6612898.d.233D42D6305FCF8EE1EBD783C159262A.e.6820","ELEMENT":"f.4A5FBB56EC8D275E16A1B089E6612898.d.233D42D6305FCF8EE1EBD783C159262A.e.6820"}]}
RESULT: {"script":"<script> [56 bytes]","args":[{"element-6066-11e4-a52e-4f735466cecf":"f.4A5FBB56EC8D275E16A1B089E6612898.d.233D42D6305FCF8EE1EBD783C159262A.e.6820","ELEMENT":"f.4A5FBB56EC8D275E16A1B089E6612898.d.233D42D6305FCF8EE1EBD783C159262A.e.6820"}]}
COMMAND: GET /session/1841494025458e3697387cb19f02ad73/element/f.4A5FBB56EC8D275E16A1B089E6612898.d.233D42D6305FCF8EE1EBD783C159262A.e.6819/attribute/aria-checked - {}
COMMAND: GET /session/1841494025458e3697387cb19f02ad73/screenshot - {}
RESULT: {}
COMMAND: POST /session/1841494025458e3697387cb19f02ad73/element - {"using":"xpath","value":"//table[contains(@id, \"listView-innerSelectionPanelTable-listUl\")]/tbody/tr[13]/td[2]/div/div"}
RESULT: {}
RESULT: {"using":"xpath","value":"//table[contains(@id, \"listView-innerSelectionPanelTable-listUl\")]/tbody/tr[13]/td[2]/div/div"}
COMMAND: POST /session/1841494025458e3697387cb19f02ad73/element - {"using":"xpath","value":"//table[contains(@id, \"listView-innerSelectionPanelTable-listUl\")]/tbody/tr[13]/td[2]/div"}
RESULT: {"using":"xpath","value":"//table[contains(@id, \"listView-innerSelectionPanelTable-listUl\")]/tbody/tr[13]/td[2]/div"}
COMMAND: POST /session/1841494025458e3697387cb19f02ad73/element - {"using":"xpath","value":"//table[contains(@id, \"listView-innerSelectionPanelTable-listUl\")]/tbody/tr[13]/td[3]/div/div/span/span[1]/bdi"}
RESULT: {"using":"xpath","value":"//table[contains(@id, \"listView-innerSelectionPanelTable-listUl\")]/tbody/tr[13]/td[3]/div/div/span/span[1]/bdi"}
COMMAND: POST /session/1841494025458e3697387cb19f02ad73/execute/sync - {"script":"<script> [56 bytes]","args":[{"element-6066-11e4-a52e-4f735466cecf":"f.4A5FBB56EC8D275E16A1B089E6612898.d.233D42D6305FCF8EE1EBD783C159262A.e.6823","ELEMENT":"f.4A5FBB56EC8D275E16A1B089E6612898.d.233D42D6305FCF8EE1EBD783C159262A.e.6823"}]}
RESULT: {"script":"<script> [56 bytes]","args":[{"element-6066-11e4-a52e-4f735466cecf":"f.4A5FBB56EC8D275E16A1B089E6612898.d.233D42D6305FCF8EE1EBD783C159262A.e.6823","ELEMENT":"f.4A5FBB56EC8D275E16A1B089E6612898.d.233D42D6305FCF8EE1EBD783C159262A.e.6823"}]}
COMMAND: GET /session/1841494025458e3697387cb19f02ad73/element/f.4A5FBB56EC8D275E16A1B089E6612898.d.233D42D6305FCF8EE1EBD783C159262A.e.6822/attribute/aria-checked - {}
COMMAND: GET /session/1841494025458e3697387cb19f02ad73/screenshot - {}
RESULT: {}
COMMAND: POST /session/1841494025458e3697387cb19f02ad73/element - {"using":"xpath","value":"//table[contains(@id, \"listView-innerSelectionPanelTable-listUl\")]/tbody/tr[14]/td[2]/div/div"}
COMMAND: POST /session/1841494025458e3697387cb19f02ad73/element/f.4A5FBB56EC8D275E16A1B089E6612898.d.233D42D6305FCF8EE1EBD783C159262A.e.6821/click - {}
RESULT: {}
RESULT: {"using":"xpath","value":"//table[contains(@id, \"listView-innerSelectionPanelTable-listUl\")]/tbody/tr[14]/td[2]/div/div"}
COMMAND: POST /session/1841494025458e3697387cb19f02ad73/element - {"using":"xpath","value":"//table[contains(@id, \"listView-innerSelectionPanelTable-listUl\")]/tbody/tr[14]/td[2]/div"}
RESULT: {}
COMMAND: GET /session/1841494025458e3697387cb19f02ad73/screenshot - {}
RESULT: {"using":"xpath","value":"//table[contains(@id, \"listView-innerSelectionPanelTable-listUl\")]/tbody/tr[14]/td[2]/div"}
COMMAND: POST /session/1841494025458e3697387cb19f02ad73/element - {"using":"xpath","value":"//table[contains(@id, \"listView-innerSelectionPanelTable-listUl\")]/tbody/tr[14]/td[3]/div/div/span/span[1]/bdi"}
RESULT: {}
RESULT: {"using":"xpath","value":"//table[contains(@id, \"listView-innerSelectionPanelTable-listUl\")]/tbody/tr[14]/td[3]/div/div/span/span[1]/bdi"}
COMMAND: POST /session/1841494025458e3697387cb19f02ad73/execute/sync - {"script":"<script> [56 bytes]","args":[{"element-6066-11e4-a52e-4f735466cecf":"f.4A5FBB56EC8D275E16A1B089E6612898.d.233D42D6305FCF8EE1EBD783C159262A.e.6827","ELEMENT":"f.4A5FBB56EC8D275E16A1B089E6612898.d.233D42D6305FCF8EE1EBD783C159262A.e.6827"}]}
RESULT: {"script":"<script> [56 bytes]","args":[{"element-6066-11e4-a52e-4f735466cecf":"f.4A5FBB56EC8D275E16A1B089E6612898.d.233D42D6305FCF8EE1EBD783C159262A.e.6827","ELEMENT":"f.4A5FBB56EC8D275E16A1B089E6612898.d.233D42D6305FCF8EE1EBD783C159262A.e.6827"}]}
COMMAND: GET /session/1841494025458e3697387cb19f02ad73/element/f.4A5FBB56EC8D275E16A1B089E6612898.d.233D42D6305FCF8EE1EBD783C159262A.e.6826/attribute/aria-checked - {}
COMMAND: GET /session/1841494025458e3697387cb19f02ad73/screenshot - {}
RESULT: {}
COMMAND: POST /session/1841494025458e3697387cb19f02ad73/element - {"using":"xpath","value":"//table[contains(@id, \"listView-innerSelectionPanelTable-listUl\")]/tbody/tr[15]/td[2]/div/div"}
RESULT: {}
RESULT: {"using":"xpath","value":"//table[contains(@id, \"listView-innerSelectionPanelTable-listUl\")]/tbody/tr[15]/td[2]/div/div"}
COMMAND: POST /session/1841494025458e3697387cb19f02ad73/element - {"using":"xpath","value":"//table[contains(@id, \"listView-innerSelectionPanelTable-listUl\")]/tbody/tr[15]/td[2]/div"}
RESULT: {"using":"xpath","value":"//table[contains(@id, \"listView-innerSelectionPanelTable-listUl\")]/tbody/tr[15]/td[2]/div"}
COMMAND: POST /session/1841494025458e3697387cb19f02ad73/element - {"using":"xpath","value":"//table[contains(@id, \"listView-innerSelectionPanelTable-listUl\")]/tbody/tr[15]/td[3]/div/div/span/span[1]/bdi"}
RESULT: {"using":"xpath","value":"//table[contains(@id, \"listView-innerSelectionPanelTable-listUl\")]/tbody/tr[15]/td[3]/div/div/span/span[1]/bdi"}
COMMAND: POST /session/1841494025458e3697387cb19f02ad73/execute/sync - {"script":"<script> [56 bytes]","args":[{"element-6066-11e4-a52e-4f735466cecf":"f.4A5FBB56EC8D275E16A1B089E6612898.d.233D42D6305FCF8EE1EBD783C159262A.e.6830","ELEMENT":"f.4A5FBB56EC8D275E16A1B089E6612898.d.233D42D6305FCF8EE1EBD783C159262A.e.6830"}]}
RESULT: {"script":"<script> [56 bytes]","args":[{"element-6066-11e4-a52e-4f735466cecf":"f.4A5FBB56EC8D275E16A1B089E6612898.d.233D42D6305FCF8EE1EBD783C159262A.e.6830","ELEMENT":"f.4A5FBB56EC8D275E16A1B089E6612898.d.233D42D6305FCF8EE1EBD783C159262A.e.6830"}]}
COMMAND: GET /session/1841494025458e3697387cb19f02ad73/element/f.4A5FBB56EC8D275E16A1B089E6612898.d.233D42D6305FCF8EE1EBD783C159262A.e.6829/attribute/aria-checked - {}
COMMAND: GET /session/1841494025458e3697387cb19f02ad73/screenshot - {}
RESULT: {}
COMMAND: POST /session/1841494025458e3697387cb19f02ad73/element - {"using":"xpath","value":"//table[contains(@id, \"listView-innerSelectionPanelTable-listUl\")]/tbody/tr[16]/td[2]/div/div"}
RESULT: {}
RESULT: {"using":"xpath","value":"//table[contains(@id, \"listView-innerSelectionPanelTable-listUl\")]/tbody/tr[16]/td[2]/div/div"}
COMMAND: POST /session/1841494025458e3697387cb19f02ad73/element - {"using":"xpath","value":"//table[contains(@id, \"listView-innerSelectionPanelTable-listUl\")]/tbody/tr[16]/td[2]/div"}
RESULT: {"using":"xpath","value":"//table[contains(@id, \"listView-innerSelectionPanelTable-listUl\")]/tbody/tr[16]/td[2]/div"}
COMMAND: POST /session/1841494025458e3697387cb19f02ad73/element - {"using":"xpath","value":"//table[contains(@id, \"listView-innerSelectionPanelTable-listUl\")]/tbody/tr[16]/td[3]/div/div/span/span[1]/bdi"}
RESULT: {"using":"xpath","value":"//table[contains(@id, \"listView-innerSelectionPanelTable-listUl\")]/tbody/tr[16]/td[3]/div/div/span/span[1]/bdi"}
COMMAND: POST /session/1841494025458e3697387cb19f02ad73/execute/sync - {"script":"<script> [56 bytes]","args":[{"element-6066-11e4-a52e-4f735466cecf":"f.4A5FBB56EC8D275E16A1B089E6612898.d.233D42D6305FCF8EE1EBD783C159262A.e.6833","ELEMENT":"f.4A5FBB56EC8D275E16A1B089E6612898.d.233D42D6305FCF8EE1EBD783C159262A.e.6833"}]}
RESULT: {"script":"<script> [56 bytes]","args":[{"element-6066-11e4-a52e-4f735466cecf":"f.4A5FBB56EC8D275E16A1B089E6612898.d.233D42D6305FCF8EE1EBD783C159262A.e.6833","ELEMENT":"f.4A5FBB56EC8D275E16A1B089E6612898.d.233D42D6305FCF8EE1EBD783C159262A.e.6833"}]}
COMMAND: GET /session/1841494025458e3697387cb19f02ad73/element/f.4A5FBB56EC8D275E16A1B089E6612898.d.233D42D6305FCF8EE1EBD783C159262A.e.6832/attribute/aria-checked - {}
COMMAND: GET /session/1841494025458e3697387cb19f02ad73/screenshot - {}
RESULT: {}
COMMAND: POST /session/1841494025458e3697387cb19f02ad73/element - {"using":"xpath","value":"//table[contains(@id, \"listView-innerSelectionPanelTable-listUl\")]/tbody/tr[17]/td[2]/div/div"}
RESULT: {}
RESULT: {"using":"xpath","value":"//table[contains(@id, \"listView-innerSelectionPanelTable-listUl\")]/tbody/tr[17]/td[2]/div/div"}
COMMAND: POST /session/1841494025458e3697387cb19f02ad73/element - {"using":"xpath","value":"//table[contains(@id, \"listView-innerSelectionPanelTable-listUl\")]/tbody/tr[17]/td[2]/div"}
RESULT: {"using":"xpath","value":"//table[contains(@id, \"listView-innerSelectionPanelTable-listUl\")]/tbody/tr[17]/td[2]/div"}
COMMAND: POST /session/1841494025458e3697387cb19f02ad73/element - {"using":"xpath","value":"//table[contains(@id, \"listView-innerSelectionPanelTable-listUl\")]/tbody/tr[17]/td[3]/div/div/span/span[1]/bdi"}
RESULT: {"using":"xpath","value":"//table[contains(@id, \"listView-innerSelectionPanelTable-listUl\")]/tbody/tr[17]/td[3]/div/div/span/span[1]/bdi"}
COMMAND: POST /session/1841494025458e3697387cb19f02ad73/execute/sync - {"script":"<script> [56 bytes]","args":[{"element-6066-11e4-a52e-4f735466cecf":"f.4A5FBB56EC8D275E16A1B089E6612898.d.233D42D6305FCF8EE1EBD783C159262A.e.6836","ELEMENT":"f.4A5FBB56EC8D275E16A1B089E6612898.d.233D42D6305FCF8EE1EBD783C159262A.e.6836"}]}
RESULT: {"script":"<script> [56 bytes]","args":[{"element-6066-11e4-a52e-4f735466cecf":"f.4A5FBB56EC8D275E16A1B089E6612898.d.233D42D6305FCF8EE1EBD783C159262A.e.6836","ELEMENT":"f.4A5FBB56EC8D275E16A1B089E6612898.d.233D42D6305FCF8EE1EBD783C159262A.e.6836"}]}
COMMAND: GET /session/1841494025458e3697387cb19f02ad73/element/f.4A5FBB56EC8D275E16A1B089E6612898.d.233D42D6305FCF8EE1EBD783C159262A.e.6835/attribute/aria-checked - {}
COMMAND: GET /session/1841494025458e3697387cb19f02ad73/screenshot - {}
RESULT: {}
COMMAND: POST /session/1841494025458e3697387cb19f02ad73/element - {"using":"xpath","value":"//table[contains(@id, \"listView-innerSelectionPanelTable-listUl\")]/tbody/tr[18]/td[2]/div/div"}
RESULT: {}
RESULT: {"using":"xpath","value":"//table[contains(@id, \"listView-innerSelectionPanelTable-listUl\")]/tbody/tr[18]/td[2]/div/div"}
COMMAND: POST /session/1841494025458e3697387cb19f02ad73/element - {"using":"xpath","value":"//table[contains(@id, \"listView-innerSelectionPanelTable-listUl\")]/tbody/tr[18]/td[2]/div"}
RESULT: {"using":"xpath","value":"//table[contains(@id, \"listView-innerSelectionPanelTable-listUl\")]/tbody/tr[18]/td[2]/div"}
COMMAND: POST /session/1841494025458e3697387cb19f02ad73/element - {"using":"xpath","value":"//table[contains(@id, \"listView-innerSelectionPanelTable-listUl\")]/tbody/tr[18]/td[3]/div/div/span/span[1]/bdi"}
RESULT: {"using":"xpath","value":"//table[contains(@id, \"listView-innerSelectionPanelTable-listUl\")]/tbody/tr[18]/td[3]/div/div/span/span[1]/bdi"}
COMMAND: POST /session/1841494025458e3697387cb19f02ad73/execute/sync - {"script":"<script> [56 bytes]","args":[{"element-6066-11e4-a52e-4f735466cecf":"f.4A5FBB56EC8D275E16A1B089E6612898.d.233D42D6305FCF8EE1EBD783C159262A.e.6839","ELEMENT":"f.4A5FBB56EC8D275E16A1B089E6612898.d.233D42D6305FCF8EE1EBD783C159262A.e.6839"}]}
RESULT: {"script":"<script> [56 bytes]","args":[{"element-6066-11e4-a52e-4f735466cecf":"f.4A5FBB56EC8D275E16A1B089E6612898.d.233D42D6305FCF8EE1EBD783C159262A.e.6839","ELEMENT":"f.4A5FBB56EC8D275E16A1B089E6612898.d.233D42D6305FCF8EE1EBD783C159262A.e.6839"}]}
COMMAND: GET /session/1841494025458e3697387cb19f02ad73/element/f.4A5FBB56EC8D275E16A1B089E6612898.d.233D42D6305FCF8EE1EBD783C159262A.e.6838/attribute/aria-checked - {}
COMMAND: GET /session/1841494025458e3697387cb19f02ad73/screenshot - {}
RESULT: {}
COMMAND: POST /session/1841494025458e3697387cb19f02ad73/element - {"using":"xpath","value":"//table[contains(@id, \"listView-innerSelectionPanelTable-listUl\")]/tbody/tr[19]/td[2]/div/div"}
RESULT: {}
RESULT: {"using":"xpath","value":"//table[contains(@id, \"listView-innerSelectionPanelTable-listUl\")]/tbody/tr[19]/td[2]/div/div"}
COMMAND: POST /session/1841494025458e3697387cb19f02ad73/element - {"using":"xpath","value":"//table[contains(@id, \"listView-innerSelectionPanelTable-listUl\")]/tbody/tr[19]/td[2]/div"}
RESULT: {"using":"xpath","value":"//table[contains(@id, \"listView-innerSelectionPanelTable-listUl\")]/tbody/tr[19]/td[2]/div"}
COMMAND: POST /session/1841494025458e3697387cb19f02ad73/element - {"using":"xpath","value":"//table[contains(@id, \"listView-innerSelectionPanelTable-listUl\")]/tbody/tr[19]/td[3]/div/div/span/span[1]/bdi"}
RESULT: {"using":"xpath","value":"//table[contains(@id, \"listView-innerSelectionPanelTable-listUl\")]/tbody/tr[19]/td[3]/div/div/span/span[1]/bdi"}
COMMAND: POST /session/1841494025458e3697387cb19f02ad73/execute/sync - {"script":"<script> [56 bytes]","args":[{"element-6066-11e4-a52e-4f735466cecf":"f.4A5FBB56EC8D275E16A1B089E6612898.d.233D42D6305FCF8EE1EBD783C159262A.e.6842","ELEMENT":"f.4A5FBB56EC8D275E16A1B089E6612898.d.233D42D6305FCF8EE1EBD783C159262A.e.6842"}]}
RESULT: {"script":"<script> [56 bytes]","args":[{"element-6066-11e4-a52e-4f735466cecf":"f.4A5FBB56EC8D275E16A1B089E6612898.d.233D42D6305FCF8EE1EBD783C159262A.e.6842","ELEMENT":"f.4A5FBB56EC8D275E16A1B089E6612898.d.233D42D6305FCF8EE1EBD783C159262A.e.6842"}]}
COMMAND: GET /session/1841494025458e3697387cb19f02ad73/element/f.4A5FBB56EC8D275E16A1B089E6612898.d.233D42D6305FCF8EE1EBD783C159262A.e.6841/attribute/aria-checked - {}
COMMAND: GET /session/1841494025458e3697387cb19f02ad73/screenshot - {}
RESULT: {}
COMMAND: POST /session/1841494025458e3697387cb19f02ad73/element - {"using":"xpath","value":"//table[contains(@id, \"listView-innerSelectionPanelTable-listUl\")]/tbody/tr[20]/td[2]/div/div"}
RESULT: {}
RESULT: {"using":"xpath","value":"//table[contains(@id, \"listView-innerSelectionPanelTable-listUl\")]/tbody/tr[20]/td[2]/div/div"}
COMMAND: POST /session/1841494025458e3697387cb19f02ad73/element - {"using":"xpath","value":"//table[contains(@id, \"listView-innerSelectionPanelTable-listUl\")]/tbody/tr[20]/td[2]/div"}
RESULT: {"using":"xpath","value":"//table[contains(@id, \"listView-innerSelectionPanelTable-listUl\")]/tbody/tr[20]/td[2]/div"}
COMMAND: POST /session/1841494025458e3697387cb19f02ad73/element - {"using":"xpath","value":"//table[contains(@id, \"listView-innerSelectionPanelTable-listUl\")]/tbody/tr[20]/td[3]/div/div/span/span[1]/bdi"}
RESULT: {"using":"xpath","value":"//table[contains(@id, \"listView-innerSelectionPanelTable-listUl\")]/tbody/tr[20]/td[3]/div/div/span/span[1]/bdi"}
COMMAND: POST /session/1841494025458e3697387cb19f02ad73/execute/sync - {"script":"<script> [56 bytes]","args":[{"element-6066-11e4-a52e-4f735466cecf":"f.4A5FBB56EC8D275E16A1B089E6612898.d.233D42D6305FCF8EE1EBD783C159262A.e.6845","ELEMENT":"f.4A5FBB56EC8D275E16A1B089E6612898.d.233D42D6305FCF8EE1EBD783C159262A.e.6845"}]}
RESULT: {"script":"<script> [56 bytes]","args":[{"element-6066-11e4-a52e-4f735466cecf":"f.4A5FBB56EC8D275E16A1B089E6612898.d.233D42D6305FCF8EE1EBD783C159262A.e.6845","ELEMENT":"f.4A5FBB56EC8D275E16A1B089E6612898.d.233D42D6305FCF8EE1EBD783C159262A.e.6845"}]}
COMMAND: GET /session/1841494025458e3697387cb19f02ad73/element/f.4A5FBB56EC8D275E16A1B089E6612898.d.233D42D6305FCF8EE1EBD783C159262A.e.6844/attribute/aria-checked - {}
COMMAND: GET /session/1841494025458e3697387cb19f02ad73/screenshot - {}
RESULT: {}
COMMAND: POST /session/1841494025458e3697387cb19f02ad73/element - {"using":"xpath","value":"//table[contains(@id, \"listView-innerSelectionPanelTable-listUl\")]/tbody/tr[21]/td[2]/div/div"}
RESULT: {}
RESULT: {"using":"xpath","value":"//table[contains(@id, \"listView-innerSelectionPanelTable-listUl\")]/tbody/tr[21]/td[2]/div/div"}
COMMAND: POST /session/1841494025458e3697387cb19f02ad73/element - {"using":"xpath","value":"//table[contains(@id, \"listView-innerSelectionPanelTable-listUl\")]/tbody/tr[21]/td[2]/div"}
RESULT: {"using":"xpath","value":"//table[contains(@id, \"listView-innerSelectionPanelTable-listUl\")]/tbody/tr[21]/td[2]/div"}
COMMAND: POST /session/1841494025458e3697387cb19f02ad73/element - {"using":"xpath","value":"//table[contains(@id, \"listView-innerSelectionPanelTable-listUl\")]/tbody/tr[21]/td[3]/div/div/span/span[1]/bdi"}
RESULT: {"using":"xpath","value":"//table[contains(@id, \"listView-innerSelectionPanelTable-listUl\")]/tbody/tr[21]/td[3]/div/div/span/span[1]/bdi"}
COMMAND: POST /session/1841494025458e3697387cb19f02ad73/execute/sync - {"script":"<script> [56 bytes]","args":[{"element-6066-11e4-a52e-4f735466cecf":"f.4A5FBB56EC8D275E16A1B089E6612898.d.233D42D6305FCF8EE1EBD783C159262A.e.6848","ELEMENT":"f.4A5FBB56EC8D275E16A1B089E6612898.d.233D42D6305FCF8EE1EBD783C159262A.e.6848"}]}
RESULT: {"script":"<script> [56 bytes]","args":[{"element-6066-11e4-a52e-4f735466cecf":"f.4A5FBB56EC8D275E16A1B089E6612898.d.233D42D6305FCF8EE1EBD783C159262A.e.6848","ELEMENT":"f.4A5FBB56EC8D275E16A1B089E6612898.d.233D42D6305FCF8EE1EBD783C159262A.e.6848"}]}
COMMAND: GET /session/1841494025458e3697387cb19f02ad73/element/f.4A5FBB56EC8D275E16A1B089E6612898.d.233D42D6305FCF8EE1EBD783C159262A.e.6847/attribute/aria-checked - {}
COMMAND: GET /session/1841494025458e3697387cb19f02ad73/screenshot - {}
RESULT: {}
COMMAND: POST /session/1841494025458e3697387cb19f02ad73/element - {"using":"xpath","value":"//table[contains(@id, \"listView-innerSelectionPanelTable-listUl\")]/tbody/tr[22]/td[2]/div/div"}
RESULT: {}
RESULT: {"using":"xpath","value":"//table[contains(@id, \"listView-innerSelectionPanelTable-listUl\")]/tbody/tr[22]/td[2]/div/div"}
COMMAND: POST /session/1841494025458e3697387cb19f02ad73/element - {"using":"xpath","value":"//table[contains(@id, \"listView-innerSelectionPanelTable-listUl\")]/tbody/tr[22]/td[2]/div"}
RESULT: {"using":"xpath","value":"//table[contains(@id, \"listView-innerSelectionPanelTable-listUl\")]/tbody/tr[22]/td[2]/div"}
COMMAND: POST /session/1841494025458e3697387cb19f02ad73/element - {"using":"xpath","value":"//table[contains(@id, \"listView-innerSelectionPanelTable-listUl\")]/tbody/tr[22]/td[3]/div/div/span/span[1]/bdi"}
RESULT: {"using":"xpath","value":"//table[contains(@id, \"listView-innerSelectionPanelTable-listUl\")]/tbody/tr[22]/td[3]/div/div/span/span[1]/bdi"}
COMMAND: POST /session/1841494025458e3697387cb19f02ad73/execute/sync - {"script":"<script> [56 bytes]","args":[{"element-6066-11e4-a52e-4f735466cecf":"f.4A5FBB56EC8D275E16A1B089E6612898.d.233D42D6305FCF8EE1EBD783C159262A.e.6851","ELEMENT":"f.4A5FBB56EC8D275E16A1B089E6612898.d.233D42D6305FCF8EE1EBD783C159262A.e.6851"}]}
RESULT: {"script":"<script> [56 bytes]","args":[{"element-6066-11e4-a52e-4f735466cecf":"f.4A5FBB56EC8D275E16A1B089E6612898.d.233D42D6305FCF8EE1EBD783C159262A.e.6851","ELEMENT":"f.4A5FBB56EC8D275E16A1B089E6612898.d.233D42D6305FCF8EE1EBD783C159262A.e.6851"}]}
COMMAND: GET /session/1841494025458e3697387cb19f02ad73/element/f.4A5FBB56EC8D275E16A1B089E6612898.d.233D42D6305FCF8EE1EBD783C159262A.e.6850/attribute/aria-checked - {}
COMMAND: GET /session/1841494025458e3697387cb19f02ad73/screenshot - {}
RESULT: {}
COMMAND: POST /session/1841494025458e3697387cb19f02ad73/element - {"using":"xpath","value":"//table[contains(@id, \"listView-innerSelectionPanelTable-listUl\")]/tbody/tr[23]/td[2]/div/div"}
RESULT: {}
RESULT: {"using":"xpath","value":"//table[contains(@id, \"listView-innerSelectionPanelTable-listUl\")]/tbody/tr[23]/td[2]/div/div"}
COMMAND: POST /session/1841494025458e3697387cb19f02ad73/element - {"using":"xpath","value":"//table[contains(@id, \"listView-innerSelectionPanelTable-listUl\")]/tbody/tr[23]/td[2]/div"}
RESULT: {"using":"xpath","value":"//table[contains(@id, \"listView-innerSelectionPanelTable-listUl\")]/tbody/tr[23]/td[2]/div"}
COMMAND: POST /session/1841494025458e3697387cb19f02ad73/element - {"using":"xpath","value":"//table[contains(@id, \"listView-innerSelectionPanelTable-listUl\")]/tbody/tr[23]/td[3]/div/div/span/span[1]/bdi"}
RESULT: {"using":"xpath","value":"//table[contains(@id, \"listView-innerSelectionPanelTable-listUl\")]/tbody/tr[23]/td[3]/div/div/span/span[1]/bdi"}
COMMAND: POST /session/1841494025458e3697387cb19f02ad73/execute/sync - {"script":"<script> [56 bytes]","args":[{"element-6066-11e4-a52e-4f735466cecf":"f.4A5FBB56EC8D275E16A1B089E6612898.d.233D42D6305FCF8EE1EBD783C159262A.e.6854","ELEMENT":"f.4A5FBB56EC8D275E16A1B089E6612898.d.233D42D6305FCF8EE1EBD783C159262A.e.6854"}]}
RESULT: {"script":"<script> [56 bytes]","args":[{"element-6066-11e4-a52e-4f735466cecf":"f.4A5FBB56EC8D275E16A1B089E6612898.d.233D42D6305FCF8EE1EBD783C159262A.e.6854","ELEMENT":"f.4A5FBB56EC8D275E16A1B089E6612898.d.233D42D6305FCF8EE1EBD783C159262A.e.6854"}]}
COMMAND: GET /session/1841494025458e3697387cb19f02ad73/element/f.4A5FBB56EC8D275E16A1B089E6612898.d.233D42D6305FCF8EE1EBD783C159262A.e.6853/attribute/aria-checked - {}
COMMAND: GET /session/1841494025458e3697387cb19f02ad73/screenshot - {}
RESULT: {}
COMMAND: POST /session/1841494025458e3697387cb19f02ad73/element - {"using":"xpath","value":"//table[contains(@id, \"listView-innerSelectionPanelTable-listUl\")]/tbody/tr[24]/td[2]/div/div"}
RESULT: {}
RESULT: {"using":"xpath","value":"//table[contains(@id, \"listView-innerSelectionPanelTable-listUl\")]/tbody/tr[24]/td[2]/div/div"}
COMMAND: POST /session/1841494025458e3697387cb19f02ad73/element - {"using":"xpath","value":"//table[contains(@id, \"listView-innerSelectionPanelTable-listUl\")]/tbody/tr[24]/td[2]/div"}
RESULT: {"using":"xpath","value":"//table[contains(@id, \"listView-innerSelectionPanelTable-listUl\")]/tbody/tr[24]/td[2]/div"}
COMMAND: POST /session/1841494025458e3697387cb19f02ad73/element - {"using":"xpath","value":"//table[contains(@id, \"listView-innerSelectionPanelTable-listUl\")]/tbody/tr[24]/td[3]/div/div/span/span[1]/bdi"}
RESULT: {"using":"xpath","value":"//table[contains(@id, \"listView-innerSelectionPanelTable-listUl\")]/tbody/tr[24]/td[3]/div/div/span/span[1]/bdi"}
COMMAND: POST /session/1841494025458e3697387cb19f02ad73/execute/sync - {"script":"<script> [56 bytes]","args":[{"element-6066-11e4-a52e-4f735466cecf":"f.4A5FBB56EC8D275E16A1B089E6612898.d.233D42D6305FCF8EE1EBD783C159262A.e.6857","ELEMENT":"f.4A5FBB56EC8D275E16A1B089E6612898.d.233D42D6305FCF8EE1EBD783C159262A.e.6857"}]}
RESULT: {"script":"<script> [56 bytes]","args":[{"element-6066-11e4-a52e-4f735466cecf":"f.4A5FBB56EC8D275E16A1B089E6612898.d.233D42D6305FCF8EE1EBD783C159262A.e.6857","ELEMENT":"f.4A5FBB56EC8D275E16A1B089E6612898.d.233D42D6305FCF8EE1EBD783C159262A.e.6857"}]}
COMMAND: GET /session/1841494025458e3697387cb19f02ad73/element/f.4A5FBB56EC8D275E16A1B089E6612898.d.233D42D6305FCF8EE1EBD783C159262A.e.6856/attribute/aria-checked - {}
COMMAND: GET /session/1841494025458e3697387cb19f02ad73/screenshot - {}
RESULT: {}
COMMAND: POST /session/1841494025458e3697387cb19f02ad73/element - {"using":"xpath","value":"//table[contains(@id, \"listView-innerSelectionPanelTable-listUl\")]/tbody/tr[25]/td[2]/div/div"}
RESULT: {}
RESULT: {"using":"xpath","value":"//table[contains(@id, \"listView-innerSelectionPanelTable-listUl\")]/tbody/tr[25]/td[2]/div/div"}
COMMAND: POST /session/1841494025458e3697387cb19f02ad73/element - {"using":"xpath","value":"//table[contains(@id, \"listView-innerSelectionPanelTable-listUl\")]/tbody/tr[25]/td[2]/div"}
RESULT: {"using":"xpath","value":"//table[contains(@id, \"listView-innerSelectionPanelTable-listUl\")]/tbody/tr[25]/td[2]/div"}
COMMAND: POST /session/1841494025458e3697387cb19f02ad73/element - {"using":"xpath","value":"//table[contains(@id, \"listView-innerSelectionPanelTable-listUl\")]/tbody/tr[25]/td[3]/div/div/span/span[1]/bdi"}
RESULT: {"using":"xpath","value":"//table[contains(@id, \"listView-innerSelectionPanelTable-listUl\")]/tbody/tr[25]/td[3]/div/div/span/span[1]/bdi"}
COMMAND: POST /session/1841494025458e3697387cb19f02ad73/execute/sync - {"script":"<script> [56 bytes]","args":[{"element-6066-11e4-a52e-4f735466cecf":"f.4A5FBB56EC8D275E16A1B089E6612898.d.233D42D6305FCF8EE1EBD783C159262A.e.6860","ELEMENT":"f.4A5FBB56EC8D275E16A1B089E6612898.d.233D42D6305FCF8EE1EBD783C159262A.e.6860"}]}
RESULT: {"script":"<script> [56 bytes]","args":[{"element-6066-11e4-a52e-4f735466cecf":"f.4A5FBB56EC8D275E16A1B089E6612898.d.233D42D6305FCF8EE1EBD783C159262A.e.6860","ELEMENT":"f.4A5FBB56EC8D275E16A1B089E6612898.d.233D42D6305FCF8EE1EBD783C159262A.e.6860"}]}
COMMAND: GET /session/1841494025458e3697387cb19f02ad73/element/f.4A5FBB56EC8D275E16A1B089E6612898.d.233D42D6305FCF8EE1EBD783C159262A.e.6859/attribute/aria-checked - {}
COMMAND: GET /session/1841494025458e3697387cb19f02ad73/screenshot - {}
RESULT: {}
COMMAND: POST /session/1841494025458e3697387cb19f02ad73/element - {"using":"xpath","value":"//bdi[contains(text(), \"OK\")]"}
RESULT: {}
RESULT: {"using":"xpath","value":"//bdi[contains(text(), \"OK\")]"}
COMMAND: POST /session/1841494025458e3697387cb19f02ad73/element/f.4A5FBB56EC8D275E16A1B089E6612898.d.233D42D6305FCF8EE1EBD783C159262A.e.6861/click - {}
RESULT: {}
COMMAND: GET /session/1841494025458e3697387cb19f02ad73/screenshot - {}
RESULT: {}
COMMAND: POST /session/1841494025458e3697387cb19f02ad73/execute/async - {"script":"<script> [1562 bytes]","args":[{"selector":{"id":"application-managepartners-display-component---masterPtm--smartFilterBar-filterItemControlA_-LINK_TO_ADDRESSES_MAIN.CITY1-vhi"},"wdio_ui5_key":"applicationmanagepartners-display-component---masterPtm--smartFilterBar-filterItemControlA_-LINK_TO_ADDRESSES_MAIN.CITY1-vhi"}]}
RESULT: {"script":"<script> [1562 bytes]","args":[{"selector":{"id":"application-managepartners-display-component---masterPtm--smartFilterBar-filterItemControlA_-LINK_TO_ADDRESSES_MAIN.CITY1-vhi"},"wdio_ui5_key":"applicationmanagepartners-display-component---masterPtm--smartFilterBar-filterItemControlA_-LINK_TO_ADDRESSES_MAIN.CITY1-vhi"}]}
RESULT: undefined
COMMAND: POST /session/1841494025458e3697387cb19f02ad73/element - {"using":"xpath","value":"//*[@id=\"application-managepartners-display-component---masterPtm--smartFilterBar-filterItemControlA_-LINK_TO_ADDRESSES_MAIN.CITY1-vhi\"]"}
RESULT: {"using":"xpath","value":"//*[@id=\"application-managepartners-display-component---masterPtm--smartFilterBar-filterItemControlA_-LINK_TO_ADDRESSES_MAIN.CITY1-vhi\"]"}
COMMAND: POST /session/1841494025458e3697387cb19f02ad73/element/f.4A5FBB56EC8D275E16A1B089E6612898.d.233D42D6305FCF8EE1EBD783C159262A.e.6875/click - {}
RESULT: {}
COMMAND: GET /session/1841494025458e3697387cb19f02ad73/screenshot - {}
RESULT: {}
COMMAND: POST /session/1841494025458e3697387cb19f02ad73/execute/async - {"script":"<script> [1562 bytes]","args":[{"selector":{"controlType":"sap.m.Input","viewName":"etm.portal.ui.managepartners.view.Master","viewId":"application-managepartners-display-component---masterPtm","properties":{"valueState":"None"},"searchOpenDialogs":true,"interaction":{"idSuffix":"inner"}},"wdio_ui5_key":"etmportal.ui.managepartners.view.Mastersap.m.Input{\"valueState\":\"None\"}"}]}
RESULT: {"script":"<script> [1562 bytes]","args":[{"selector":{"controlType":"sap.m.Input","viewName":"etm.portal.ui.managepartners.view.Master","viewId":"application-managepartners-display-component---masterPtm","properties":{"valueState":"None"},"searchOpenDialogs":true,"interaction":{"idSuffix":"inner"}},"wdio_ui5_key":"etmportal.ui.managepartners.view.Mastersap.m.Input{\"valueState\":\"None\"}"}]}
RESULT: undefined
COMMAND: POST /session/1841494025458e3697387cb19f02ad73/execute/async - {"script":"<script> [776 bytes]","args":[{"enterText":"Bangalore","selector":{"controlType":"sap.m.Input","viewName":"etm.portal.ui.managepartners.view.Master","viewId":"application-managepartners-display-component---masterPtm","properties":{"valueState":"None"},"searchOpenDialogs":true,"interaction":{"idSuffix":"inner"}},"clearTextFirst":true,"interactionType":"ENTER_TEXT"}]}
RESULT: {"script":"<script> [776 bytes]","args":[{"enterText":"Bangalore","selector":{"controlType":"sap.m.Input","viewName":"etm.portal.ui.managepartners.view.Master","viewId":"application-managepartners-display-component---masterPtm","properties":{"valueState":"None"},"searchOpenDialogs":true,"interaction":{"idSuffix":"inner"}},"clearTextFirst":true,"interactionType":"ENTER_TEXT"}]}
COMMAND: POST /session/1841494025458e3697387cb19f02ad73/actions - {"actions":[{"id":"action21","type":"key","parameters":{},"actions":[{"type":"keyDown","value":"î€‡"},{"type":"pause","duration":10},{"type":"keyUp","value":"î€‡"}]}]}
RESULT: {"actions":[{"id":"action21","type":"key","parameters":{},"actions":[{"type":"keyDown","value":"î€‡"},{"type":"pause","duration":10},{"type":"keyUp","value":"î€‡"}]}]}
COMMAND: GET /session/1841494025458e3697387cb19f02ad73/screenshot - {}
RESULT: {}
COMMAND: POST /session/1841494025458e3697387cb19f02ad73/element - {"using":"xpath","value":"(//bdi[contains(text(), \"OK\")])[1]"}
RESULT: {"using":"xpath","value":"(//bdi[contains(text(), \"OK\")])[1]"}
COMMAND: POST /session/1841494025458e3697387cb19f02ad73/element/f.4A5FBB56EC8D275E16A1B089E6612898.d.233D42D6305FCF8EE1EBD783C159262A.e.6881/click - {}
RESULT: {}
COMMAND: GET /session/1841494025458e3697387cb19f02ad73/screenshot - {}
RESULT: {}
COMMAND: POST /session/1841494025458e3697387cb19f02ad73/element - {"using":"xpath","value":"//span[@id=\"application-managepartners-display-component---masterPtm--smartTable-header-inner\"]"}
RESULT: {"using":"xpath","value":"//span[@id=\"application-managepartners-display-component---masterPtm--smartTable-header-inner\"]"}
COMMAND: POST /session/1841494025458e3697387cb19f02ad73/elements - {"using":"xpath","value":"//span[@id=\"application-managepartners-display-component---masterPtm--smartTable-header-inner\"]"}
RESULT: {"using":"xpath","value":"//span[@id=\"application-managepartners-display-component---masterPtm--smartTable-header-inner\"]"}
COMMAND: POST /session/1841494025458e3697387cb19f02ad73/execute/sync - {"script":"<script> [56 bytes]","args":[{"element-6066-11e4-a52e-4f735466cecf":"f.4A5FBB56EC8D275E16A1B089E6612898.d.233D42D6305FCF8EE1EBD783C159262A.e.5984","ELEMENT":"f.4A5FBB56EC8D275E16A1B089E6612898.d.233D42D6305FCF8EE1EBD783C159262A.e.5984"}]}
RESULT: {"script":"<script> [56 bytes]","args":[{"element-6066-11e4-a52e-4f735466cecf":"f.4A5FBB56EC8D275E16A1B089E6612898.d.233D42D6305FCF8EE1EBD783C159262A.e.5984","ELEMENT":"f.4A5FBB56EC8D275E16A1B089E6612898.d.233D42D6305FCF8EE1EBD783C159262A.e.5984"}]}
COMMAND: POST /session/1841494025458e3697387cb19f02ad73/element - {"using":"xpath","value":"//span[contains(@title, \"Remove\")]"}
COMMAND: GET /session/1841494025458e3697387cb19f02ad73/screenshot - {}
RESULT: {"using":"xpath","value":"//span[contains(@title, \"Remove\")]"}
COMMAND: POST /session/1841494025458e3697387cb19f02ad73/element/f.4A5FBB56EC8D275E16A1B089E6612898.d.233D42D6305FCF8EE1EBD783C159262A.e.6964/click - {}
RESULT: {}
RESULT: {}
COMMAND: GET /session/1841494025458e3697387cb19f02ad73/screenshot - {}
RESULT: {}
COMMAND: POST /session/1841494025458e3697387cb19f02ad73/element - {"using":"xpath","value":"//span[@id=\"application-managepartners-display-component---masterPtm--smartTable-header-inner\"]"}
RESULT: {"using":"xpath","value":"//span[@id=\"application-managepartners-display-component---masterPtm--smartTable-header-inner\"]"}
COMMAND: POST /session/1841494025458e3697387cb19f02ad73/elements - {"using":"xpath","value":"//span[@id=\"application-managepartners-display-component---masterPtm--smartTable-header-inner\"]"}
RESULT: {"using":"xpath","value":"//span[@id=\"application-managepartners-display-component---masterPtm--smartTable-header-inner\"]"}
COMMAND: POST /session/1841494025458e3697387cb19f02ad73/execute/sync - {"script":"<script> [56 bytes]","args":[{"element-6066-11e4-a52e-4f735466cecf":"f.4A5FBB56EC8D275E16A1B089E6612898.d.233D42D6305FCF8EE1EBD783C159262A.e.5984","ELEMENT":"f.4A5FBB56EC8D275E16A1B089E6612898.d.233D42D6305FCF8EE1EBD783C159262A.e.5984"}]}
RESULT: {"script":"<script> [56 bytes]","args":[{"element-6066-11e4-a52e-4f735466cecf":"f.4A5FBB56EC8D275E16A1B089E6612898.d.233D42D6305FCF8EE1EBD783C159262A.e.5984","ELEMENT":"f.4A5FBB56EC8D275E16A1B089E6612898.d.233D42D6305FCF8EE1EBD783C159262A.e.5984"}]}
COMMAND: POST /session/1841494025458e3697387cb19f02ad73/element - {"using":"css selector","value":"#shell-header-logo"}
COMMAND: GET /session/1841494025458e3697387cb19f02ad73/screenshot - {}
RESULT: {"using":"css selector","value":"#shell-header-logo"}
COMMAND: POST /session/1841494025458e3697387cb19f02ad73/element/f.4A5FBB56EC8D275E16A1B089E6612898.d.233D42D6305FCF8EE1EBD783C159262A.e.5814/click - {}
RESULT: {}
RESULT: {}
COMMAND: GET /session/1841494025458e3697387cb19f02ad73/screenshot - {}
RESULT: {}
]]></system-out>
    </testcase>
    <testcase classname="chrome.136_0_7103_49.windows.Partner_specific_tests_US150819_US151080_US151654_US151176_US103444_US151078_US151079_US151109_US151174_US151175_US151189" name="Should try to save empty partner US151174" time="44.072">
      <system-out><![CDATA[
COMMAND: POST /session/1841494025458e3697387cb19f02ad73/element - {"using":"xpath","value":"//li[.//span[text()=\"Manage Partners\"]]"}
RESULT: {"using":"xpath","value":"//li[.//span[text()=\"Manage Partners\"]]"}
COMMAND: POST /session/1841494025458e3697387cb19f02ad73/element - {"using":"xpath","value":"//li[.//span[text()=\"Manage Partners\"]]"}
RESULT: {"using":"xpath","value":"//li[.//span[text()=\"Manage Partners\"]]"}
COMMAND: POST /session/1841494025458e3697387cb19f02ad73/element - {"using":"css selector","value":"#shell-header-logo"}
RESULT: {"using":"css selector","value":"#shell-header-logo"}
COMMAND: POST /session/1841494025458e3697387cb19f02ad73/element/f.4A5FBB56EC8D275E16A1B089E6612898.d.233D42D6305FCF8EE1EBD783C159262A.e.7057/click - {}
COMMAND: POST /session/1841494025458e3697387cb19f02ad73/execute/sync - {"script":"<script> [8489 bytes]","args":[{"element-6066-11e4-a52e-4f735466cecf":"f.4A5FBB56EC8D275E16A1B089E6612898.d.233D42D6305FCF8EE1EBD783C159262A.e.7057","ELEMENT":"f.4A5FBB56EC8D275E16A1B089E6612898.d.233D42D6305FCF8EE1EBD783C159262A.e.7057"}]}
RESULT: {}
COMMAND: GET /session/1841494025458e3697387cb19f02ad73/screenshot - {}
RESULT: {"script":"<script> [8489 bytes]","args":[{"element-6066-11e4-a52e-4f735466cecf":"f.4A5FBB56EC8D275E16A1B089E6612898.d.233D42D6305FCF8EE1EBD783C159262A.e.7057","ELEMENT":"f.4A5FBB56EC8D275E16A1B089E6612898.d.233D42D6305FCF8EE1EBD783C159262A.e.7057"}]}
COMMAND: POST /session/1841494025458e3697387cb19f02ad73/execute/sync - {"script":"<script> [5351 bytes]","args":[{"element-6066-11e4-a52e-4f735466cecf":"f.4A5FBB56EC8D275E16A1B089E6612898.d.233D42D6305FCF8EE1EBD783C159262A.e.7057","ELEMENT":"f.4A5FBB56EC8D275E16A1B089E6612898.d.233D42D6305FCF8EE1EBD783C159262A.e.7057"}]}
COMMAND: GET /session/1841494025458e3697387cb19f02ad73/screenshot - {}
RESULT: {}
RESULT: {"script":"<script> [5351 bytes]","args":[{"element-6066-11e4-a52e-4f735466cecf":"f.4A5FBB56EC8D275E16A1B089E6612898.d.233D42D6305FCF8EE1EBD783C159262A.e.7057","ELEMENT":"f.4A5FBB56EC8D275E16A1B089E6612898.d.233D42D6305FCF8EE1EBD783C159262A.e.7057"}]}
COMMAND: GET /session/1841494025458e3697387cb19f02ad73/screenshot - {}
RESULT: {}
RESULT: {}
RESULT: undefined
COMMAND: POST /session/1841494025458e3697387cb19f02ad73/element - {"using":"xpath","value":"//*[@id=\"__tile30\"]"}
RESULT: {"using":"xpath","value":"//*[@id=\"__tile30\"]"}
COMMAND: POST /session/1841494025458e3697387cb19f02ad73/element/f.4A5FBB56EC8D275E16A1B089E6612898.d.233D42D6305FCF8EE1EBD783C159262A.e.4479/click - {}
RESULT: {}
COMMAND: POST /session/1841494025458e3697387cb19f02ad73/element - {"using":"xpath","value":"//button[@data-kt=\"addButton\"]"}
COMMAND: GET /session/1841494025458e3697387cb19f02ad73/screenshot - {}
RESULT: {"using":"xpath","value":"//button[@data-kt=\"addButton\"]"}
COMMAND: POST /session/1841494025458e3697387cb19f02ad73/elements - {"using":"xpath","value":"//button[@data-kt=\"addButton\"]"}
RESULT: {}
RESULT: {"using":"xpath","value":"//button[@data-kt=\"addButton\"]"}
COMMAND: POST /session/1841494025458e3697387cb19f02ad73/elements - {"using":"xpath","value":"//button[@data-kt=\"addButton\"]"}
RESULT: {"using":"xpath","value":"//button[@data-kt=\"addButton\"]"}
COMMAND: POST /session/1841494025458e3697387cb19f02ad73/element - {"using":"xpath","value":"//button[@data-kt=\"addButton\"]"}
RESULT: {"using":"xpath","value":"//button[@data-kt=\"addButton\"]"}
COMMAND: POST /session/1841494025458e3697387cb19f02ad73/execute/sync - {"script":"<script> [8489 bytes]","args":[{"element-6066-11e4-a52e-4f735466cecf":"f.4A5FBB56EC8D275E16A1B089E6612898.d.233D42D6305FCF8EE1EBD783C159262A.e.7092","ELEMENT":"f.4A5FBB56EC8D275E16A1B089E6612898.d.233D42D6305FCF8EE1EBD783C159262A.e.7092"}]}
RESULT: {"script":"<script> [8489 bytes]","args":[{"element-6066-11e4-a52e-4f735466cecf":"f.4A5FBB56EC8D275E16A1B089E6612898.d.233D42D6305FCF8EE1EBD783C159262A.e.7092","ELEMENT":"f.4A5FBB56EC8D275E16A1B089E6612898.d.233D42D6305FCF8EE1EBD783C159262A.e.7092"}]}
COMMAND: GET /session/1841494025458e3697387cb19f02ad73/element/f.4A5FBB56EC8D275E16A1B089E6612898.d.233D42D6305FCF8EE1EBD783C159262A.e.7092/enabled - {}
COMMAND: GET /session/1841494025458e3697387cb19f02ad73/screenshot - {}
RESULT: {}
COMMAND: POST /session/1841494025458e3697387cb19f02ad73/execute/sync - {"script":"<script> [8489 bytes]","args":[{"element-6066-11e4-a52e-4f735466cecf":"f.4A5FBB56EC8D275E16A1B089E6612898.d.233D42D6305FCF8EE1EBD783C159262A.e.7092","ELEMENT":"f.4A5FBB56EC8D275E16A1B089E6612898.d.233D42D6305FCF8EE1EBD783C159262A.e.7092"}]}
COMMAND: GET /session/1841494025458e3697387cb19f02ad73/screenshot - {}
RESULT: {}
RESULT: {"script":"<script> [8489 bytes]","args":[{"element-6066-11e4-a52e-4f735466cecf":"f.4A5FBB56EC8D275E16A1B089E6612898.d.233D42D6305FCF8EE1EBD783C159262A.e.7092","ELEMENT":"f.4A5FBB56EC8D275E16A1B089E6612898.d.233D42D6305FCF8EE1EBD783C159262A.e.7092"}]}
COMMAND: POST /session/1841494025458e3697387cb19f02ad73/execute/sync - {"script":"<script> [5351 bytes]","args":[{"element-6066-11e4-a52e-4f735466cecf":"f.4A5FBB56EC8D275E16A1B089E6612898.d.233D42D6305FCF8EE1EBD783C159262A.e.7092","ELEMENT":"f.4A5FBB56EC8D275E16A1B089E6612898.d.233D42D6305FCF8EE1EBD783C159262A.e.7092"}]}
COMMAND: GET /session/1841494025458e3697387cb19f02ad73/screenshot - {}
RESULT: {}
RESULT: {"script":"<script> [5351 bytes]","args":[{"element-6066-11e4-a52e-4f735466cecf":"f.4A5FBB56EC8D275E16A1B089E6612898.d.233D42D6305FCF8EE1EBD783C159262A.e.7092","ELEMENT":"f.4A5FBB56EC8D275E16A1B089E6612898.d.233D42D6305FCF8EE1EBD783C159262A.e.7092"}]}
COMMAND: POST /session/1841494025458e3697387cb19f02ad73/element/f.4A5FBB56EC8D275E16A1B089E6612898.d.233D42D6305FCF8EE1EBD783C159262A.e.7092/click - {}
COMMAND: GET /session/1841494025458e3697387cb19f02ad73/screenshot - {}
RESULT: {}
RESULT: {}
COMMAND: GET /session/1841494025458e3697387cb19f02ad73/screenshot - {}
COMMAND: POST /session/1841494025458e3697387cb19f02ad73/element - {"using":"xpath","value":"//button[@data-kt=\"saveButton\"]"}
RESULT: {}
RESULT: {}
RESULT: {"using":"xpath","value":"//button[@data-kt=\"saveButton\"]"}
COMMAND: POST /session/1841494025458e3697387cb19f02ad73/element/f.4A5FBB56EC8D275E16A1B089E6612898.d.233D42D6305FCF8EE1EBD783C159262A.e.7513/click - {}
RESULT: {}
COMMAND: GET /session/1841494025458e3697387cb19f02ad73/screenshot - {}
RESULT: {}
COMMAND: POST /session/1841494025458e3697387cb19f02ad73/element - {"using":"xpath","value":"//span[contains(@class, \"sapMMsgBoxText\")]"}
RESULT: {"using":"xpath","value":"//span[contains(@class, \"sapMMsgBoxText\")]"}
COMMAND: POST /session/1841494025458e3697387cb19f02ad73/execute/sync - {"script":"<script> [56 bytes]","args":[{"element-6066-11e4-a52e-4f735466cecf":"f.4A5FBB56EC8D275E16A1B089E6612898.d.233D42D6305FCF8EE1EBD783C159262A.e.7536","ELEMENT":"f.4A5FBB56EC8D275E16A1B089E6612898.d.233D42D6305FCF8EE1EBD783C159262A.e.7536"}]}
RESULT: {"script":"<script> [56 bytes]","args":[{"element-6066-11e4-a52e-4f735466cecf":"f.4A5FBB56EC8D275E16A1B089E6612898.d.233D42D6305FCF8EE1EBD783C159262A.e.7536","ELEMENT":"f.4A5FBB56EC8D275E16A1B089E6612898.d.233D42D6305FCF8EE1EBD783C159262A.e.7536"}]}
COMMAND: POST /session/1841494025458e3697387cb19f02ad73/element - {"using":"xpath","value":"(//bdi[contains(text(), \"Close\")])[1]"}
COMMAND: POST /session/1841494025458e3697387cb19f02ad73/elements - {"using":"xpath","value":"//span[contains(@class, \"sapMMsgBoxText\")]"}
COMMAND: GET /session/1841494025458e3697387cb19f02ad73/screenshot - {}
RESULT: {"using":"xpath","value":"(//bdi[contains(text(), \"Close\")])[1]"}
COMMAND: POST /session/1841494025458e3697387cb19f02ad73/element/f.4A5FBB56EC8D275E16A1B089E6612898.d.233D42D6305FCF8EE1EBD783C159262A.e.7537/click - {}
RESULT: {"using":"xpath","value":"//span[contains(@class, \"sapMMsgBoxText\")]"}
RESULT: {}
RESULT: {}
COMMAND: GET /session/1841494025458e3697387cb19f02ad73/screenshot - {}
RESULT: {}
COMMAND: POST /session/1841494025458e3697387cb19f02ad73/element - {"using":"css selector","value":"#shell-header-logo"}
RESULT: {"using":"css selector","value":"#shell-header-logo"}
COMMAND: POST /session/1841494025458e3697387cb19f02ad73/element/f.4A5FBB56EC8D275E16A1B089E6612898.d.233D42D6305FCF8EE1EBD783C159262A.e.7057/click - {}
RESULT: {}
COMMAND: GET /session/1841494025458e3697387cb19f02ad73/screenshot - {}
RESULT: {}
]]></system-out>
    </testcase>
    <testcase classname="chrome.136_0_7103_49.windows.Partner_specific_tests_US150819_US151080_US151654_US151176_US103444_US151078_US151079_US151109_US151174_US151175_US151189" name="Should do various searches US151175" time="155.729">
      <system-out><![CDATA[
COMMAND: POST /session/1841494025458e3697387cb19f02ad73/element - {"using":"xpath","value":"//li[.//span[text()=\"Manage Partners\"]]"}
RESULT: {"using":"xpath","value":"//li[.//span[text()=\"Manage Partners\"]]"}
COMMAND: POST /session/1841494025458e3697387cb19f02ad73/element - {"using":"xpath","value":"//li[.//span[text()=\"Manage Partners\"]]"}
RESULT: {"using":"xpath","value":"//li[.//span[text()=\"Manage Partners\"]]"}
COMMAND: POST /session/1841494025458e3697387cb19f02ad73/element - {"using":"css selector","value":"#shell-header-logo"}
RESULT: {"using":"css selector","value":"#shell-header-logo"}
COMMAND: POST /session/1841494025458e3697387cb19f02ad73/element/f.4A5FBB56EC8D275E16A1B089E6612898.d.233D42D6305FCF8EE1EBD783C159262A.e.7539/click - {}
COMMAND: POST /session/1841494025458e3697387cb19f02ad73/execute/sync - {"script":"<script> [8489 bytes]","args":[{"element-6066-11e4-a52e-4f735466cecf":"f.4A5FBB56EC8D275E16A1B089E6612898.d.233D42D6305FCF8EE1EBD783C159262A.e.7539","ELEMENT":"f.4A5FBB56EC8D275E16A1B089E6612898.d.233D42D6305FCF8EE1EBD783C159262A.e.7539"}]}
RESULT: {"script":"<script> [8489 bytes]","args":[{"element-6066-11e4-a52e-4f735466cecf":"f.4A5FBB56EC8D275E16A1B089E6612898.d.233D42D6305FCF8EE1EBD783C159262A.e.7539","ELEMENT":"f.4A5FBB56EC8D275E16A1B089E6612898.d.233D42D6305FCF8EE1EBD783C159262A.e.7539"}]}
COMMAND: POST /session/1841494025458e3697387cb19f02ad73/execute/sync - {"script":"<script> [5351 bytes]","args":[{"element-6066-11e4-a52e-4f735466cecf":"f.4A5FBB56EC8D275E16A1B089E6612898.d.233D42D6305FCF8EE1EBD783C159262A.e.7539","ELEMENT":"f.4A5FBB56EC8D275E16A1B089E6612898.d.233D42D6305FCF8EE1EBD783C159262A.e.7539"}]}
COMMAND: GET /session/1841494025458e3697387cb19f02ad73/screenshot - {}
RESULT: {}
COMMAND: GET /session/1841494025458e3697387cb19f02ad73/screenshot - {}
RESULT: {"script":"<script> [5351 bytes]","args":[{"element-6066-11e4-a52e-4f735466cecf":"f.4A5FBB56EC8D275E16A1B089E6612898.d.233D42D6305FCF8EE1EBD783C159262A.e.7539","ELEMENT":"f.4A5FBB56EC8D275E16A1B089E6612898.d.233D42D6305FCF8EE1EBD783C159262A.e.7539"}]}
COMMAND: GET /session/1841494025458e3697387cb19f02ad73/screenshot - {}
RESULT: {}
RESULT: {}
RESULT: {}
RESULT: undefined
COMMAND: POST /session/1841494025458e3697387cb19f02ad73/element - {"using":"xpath","value":"//*[@id=\"__tile30\"]"}
RESULT: {"using":"xpath","value":"//*[@id=\"__tile30\"]"}
COMMAND: POST /session/1841494025458e3697387cb19f02ad73/element/f.4A5FBB56EC8D275E16A1B089E6612898.d.233D42D6305FCF8EE1EBD783C159262A.e.4479/click - {}
RESULT: {}
COMMAND: POST /session/1841494025458e3697387cb19f02ad73/element - {"using":"xpath","value":"//button[@data-kt=\"addButton\"]"}
COMMAND: GET /session/1841494025458e3697387cb19f02ad73/screenshot - {}
RESULT: {"using":"xpath","value":"//button[@data-kt=\"addButton\"]"}
COMMAND: POST /session/1841494025458e3697387cb19f02ad73/elements - {"using":"xpath","value":"//button[@data-kt=\"addButton\"]"}
RESULT: {}
RESULT: {"using":"xpath","value":"//button[@data-kt=\"addButton\"]"}
COMMAND: POST /session/1841494025458e3697387cb19f02ad73/elements - {"using":"xpath","value":"//button[@data-kt=\"addButton\"]"}
RESULT: {"using":"xpath","value":"//button[@data-kt=\"addButton\"]"}
COMMAND: POST /session/1841494025458e3697387cb19f02ad73/elements - {"using":"xpath","value":"//button[@data-kt=\"addButton\"]"}
RESULT: {"using":"xpath","value":"//button[@data-kt=\"addButton\"]"}
COMMAND: POST /session/1841494025458e3697387cb19f02ad73/elements - {"using":"xpath","value":"//button[@data-kt=\"addButton\"]"}
RESULT: {"using":"xpath","value":"//button[@data-kt=\"addButton\"]"}
COMMAND: POST /session/1841494025458e3697387cb19f02ad73/elements - {"using":"xpath","value":"//button[@data-kt=\"addButton\"]"}
RESULT: {"using":"xpath","value":"//button[@data-kt=\"addButton\"]"}
COMMAND: POST /session/1841494025458e3697387cb19f02ad73/elements - {"using":"xpath","value":"//button[@data-kt=\"addButton\"]"}
RESULT: {"using":"xpath","value":"//button[@data-kt=\"addButton\"]"}
COMMAND: POST /session/1841494025458e3697387cb19f02ad73/elements - {"using":"xpath","value":"//button[@data-kt=\"addButton\"]"}
RESULT: {"using":"xpath","value":"//button[@data-kt=\"addButton\"]"}
COMMAND: POST /session/1841494025458e3697387cb19f02ad73/elements - {"using":"xpath","value":"//button[@data-kt=\"addButton\"]"}
RESULT: {"using":"xpath","value":"//button[@data-kt=\"addButton\"]"}
COMMAND: POST /session/1841494025458e3697387cb19f02ad73/elements - {"using":"xpath","value":"//button[@data-kt=\"addButton\"]"}
RESULT: {"using":"xpath","value":"//button[@data-kt=\"addButton\"]"}
COMMAND: POST /session/1841494025458e3697387cb19f02ad73/elements - {"using":"xpath","value":"//button[@data-kt=\"addButton\"]"}
RESULT: {"using":"xpath","value":"//button[@data-kt=\"addButton\"]"}
COMMAND: POST /session/1841494025458e3697387cb19f02ad73/elements - {"using":"xpath","value":"//button[@data-kt=\"addButton\"]"}
RESULT: {"using":"xpath","value":"//button[@data-kt=\"addButton\"]"}
COMMAND: POST /session/1841494025458e3697387cb19f02ad73/elements - {"using":"xpath","value":"//button[@data-kt=\"addButton\"]"}
RESULT: {"using":"xpath","value":"//button[@data-kt=\"addButton\"]"}
COMMAND: POST /session/1841494025458e3697387cb19f02ad73/elements - {"using":"xpath","value":"//button[@data-kt=\"addButton\"]"}
RESULT: {"using":"xpath","value":"//button[@data-kt=\"addButton\"]"}
COMMAND: POST /session/1841494025458e3697387cb19f02ad73/elements - {"using":"xpath","value":"//button[@data-kt=\"addButton\"]"}
RESULT: {"using":"xpath","value":"//button[@data-kt=\"addButton\"]"}
COMMAND: POST /session/1841494025458e3697387cb19f02ad73/element - {"using":"xpath","value":"//button[@data-kt=\"addButton\"]"}
RESULT: {"using":"xpath","value":"//button[@data-kt=\"addButton\"]"}
COMMAND: POST /session/1841494025458e3697387cb19f02ad73/execute/sync - {"script":"<script> [8489 bytes]","args":[{"element-6066-11e4-a52e-4f735466cecf":"f.4A5FBB56EC8D275E16A1B089E6612898.d.233D42D6305FCF8EE1EBD783C159262A.e.7584","ELEMENT":"f.4A5FBB56EC8D275E16A1B089E6612898.d.233D42D6305FCF8EE1EBD783C159262A.e.7584"}]}
RESULT: {"script":"<script> [8489 bytes]","args":[{"element-6066-11e4-a52e-4f735466cecf":"f.4A5FBB56EC8D275E16A1B089E6612898.d.233D42D6305FCF8EE1EBD783C159262A.e.7584","ELEMENT":"f.4A5FBB56EC8D275E16A1B089E6612898.d.233D42D6305FCF8EE1EBD783C159262A.e.7584"}]}
COMMAND: GET /session/1841494025458e3697387cb19f02ad73/element/f.4A5FBB56EC8D275E16A1B089E6612898.d.233D42D6305FCF8EE1EBD783C159262A.e.7584/enabled - {}
COMMAND: GET /session/1841494025458e3697387cb19f02ad73/screenshot - {}
RESULT: {}
COMMAND: POST /session/1841494025458e3697387cb19f02ad73/execute/sync - {"script":"<script> [8489 bytes]","args":[{"element-6066-11e4-a52e-4f735466cecf":"f.4A5FBB56EC8D275E16A1B089E6612898.d.233D42D6305FCF8EE1EBD783C159262A.e.7584","ELEMENT":"f.4A5FBB56EC8D275E16A1B089E6612898.d.233D42D6305FCF8EE1EBD783C159262A.e.7584"}]}
COMMAND: GET /session/1841494025458e3697387cb19f02ad73/screenshot - {}
RESULT: {}
RESULT: {"script":"<script> [8489 bytes]","args":[{"element-6066-11e4-a52e-4f735466cecf":"f.4A5FBB56EC8D275E16A1B089E6612898.d.233D42D6305FCF8EE1EBD783C159262A.e.7584","ELEMENT":"f.4A5FBB56EC8D275E16A1B089E6612898.d.233D42D6305FCF8EE1EBD783C159262A.e.7584"}]}
COMMAND: POST /session/1841494025458e3697387cb19f02ad73/execute/sync - {"script":"<script> [5351 bytes]","args":[{"element-6066-11e4-a52e-4f735466cecf":"f.4A5FBB56EC8D275E16A1B089E6612898.d.233D42D6305FCF8EE1EBD783C159262A.e.7584","ELEMENT":"f.4A5FBB56EC8D275E16A1B089E6612898.d.233D42D6305FCF8EE1EBD783C159262A.e.7584"}]}
COMMAND: GET /session/1841494025458e3697387cb19f02ad73/screenshot - {}
RESULT: {}
RESULT: {"script":"<script> [5351 bytes]","args":[{"element-6066-11e4-a52e-4f735466cecf":"f.4A5FBB56EC8D275E16A1B089E6612898.d.233D42D6305FCF8EE1EBD783C159262A.e.7584","ELEMENT":"f.4A5FBB56EC8D275E16A1B089E6612898.d.233D42D6305FCF8EE1EBD783C159262A.e.7584"}]}
COMMAND: GET /session/1841494025458e3697387cb19f02ad73/screenshot - {}
RESULT: {}
RESULT: {}
COMMAND: POST /session/1841494025458e3697387cb19f02ad73/element - {"using":"xpath","value":"//span[@id=\"application-managepartners-display-component---masterPtm--smartTable-header-inner\"]"}
RESULT: {"using":"xpath","value":"//span[@id=\"application-managepartners-display-component---masterPtm--smartTable-header-inner\"]"}
COMMAND: POST /session/1841494025458e3697387cb19f02ad73/elements - {"using":"xpath","value":"//span[@id=\"application-managepartners-display-component---masterPtm--smartTable-header-inner\"]"}
RESULT: {"using":"xpath","value":"//span[@id=\"application-managepartners-display-component---masterPtm--smartTable-header-inner\"]"}
COMMAND: POST /session/1841494025458e3697387cb19f02ad73/execute/sync - {"script":"<script> [56 bytes]","args":[{"element-6066-11e4-a52e-4f735466cecf":"f.4A5FBB56EC8D275E16A1B089E6612898.d.233D42D6305FCF8EE1EBD783C159262A.e.7707","ELEMENT":"f.4A5FBB56EC8D275E16A1B089E6612898.d.233D42D6305FCF8EE1EBD783C159262A.e.7707"}]}
RESULT: {"script":"<script> [56 bytes]","args":[{"element-6066-11e4-a52e-4f735466cecf":"f.4A5FBB56EC8D275E16A1B089E6612898.d.233D42D6305FCF8EE1EBD783C159262A.e.7707","ELEMENT":"f.4A5FBB56EC8D275E16A1B089E6612898.d.233D42D6305FCF8EE1EBD783C159262A.e.7707"}]}
RESULT: undefined
COMMAND: POST /session/1841494025458e3697387cb19f02ad73/element - {"using":"xpath","value":"//*[@id=\"application-managepartners-display-component---masterPtm--smartFilterBar-btnFilters\"]"}
COMMAND: GET /session/1841494025458e3697387cb19f02ad73/screenshot - {}
RESULT: {"using":"xpath","value":"//*[@id=\"application-managepartners-display-component---masterPtm--smartFilterBar-btnFilters\"]"}
COMMAND: POST /session/1841494025458e3697387cb19f02ad73/element/f.4A5FBB56EC8D275E16A1B089E6612898.d.233D42D6305FCF8EE1EBD783C159262A.e.7561/click - {}
RESULT: {}
RESULT: {}
COMMAND: GET /session/1841494025458e3697387cb19f02ad73/screenshot - {}
RESULT: {}
COMMAND: POST /session/1841494025458e3697387cb19f02ad73/elements - {"using":"xpath","value":"//table[contains(@id, \"listView-innerSelectionPanelTable-listUl\")]/tbody/tr"}
RESULT: {"using":"xpath","value":"//table[contains(@id, \"listView-innerSelectionPanelTable-listUl\")]/tbody/tr"}
COMMAND: POST /session/1841494025458e3697387cb19f02ad73/element - {"using":"xpath","value":"//table[contains(@id, \"listView-innerSelectionPanelTable-listUl\")]/tbody/tr[2]/td[2]/div/div"}
RESULT: {"using":"xpath","value":"//table[contains(@id, \"listView-innerSelectionPanelTable-listUl\")]/tbody/tr[2]/td[2]/div/div"}
COMMAND: POST /session/1841494025458e3697387cb19f02ad73/element - {"using":"xpath","value":"//table[contains(@id, \"listView-innerSelectionPanelTable-listUl\")]/tbody/tr[2]/td[2]/div"}
RESULT: {"using":"xpath","value":"//table[contains(@id, \"listView-innerSelectionPanelTable-listUl\")]/tbody/tr[2]/td[2]/div"}
COMMAND: POST /session/1841494025458e3697387cb19f02ad73/element - {"using":"xpath","value":"//table[contains(@id, \"listView-innerSelectionPanelTable-listUl\")]/tbody/tr[2]/td[3]/div/div/span/span[1]/bdi"}
RESULT: {"using":"xpath","value":"//table[contains(@id, \"listView-innerSelectionPanelTable-listUl\")]/tbody/tr[2]/td[3]/div/div/span/span[1]/bdi"}
COMMAND: POST /session/1841494025458e3697387cb19f02ad73/execute/sync - {"script":"<script> [56 bytes]","args":[{"element-6066-11e4-a52e-4f735466cecf":"f.4A5FBB56EC8D275E16A1B089E6612898.d.233D42D6305FCF8EE1EBD783C159262A.e.7775","ELEMENT":"f.4A5FBB56EC8D275E16A1B089E6612898.d.233D42D6305FCF8EE1EBD783C159262A.e.7775"}]}
RESULT: {"script":"<script> [56 bytes]","args":[{"element-6066-11e4-a52e-4f735466cecf":"f.4A5FBB56EC8D275E16A1B089E6612898.d.233D42D6305FCF8EE1EBD783C159262A.e.7775","ELEMENT":"f.4A5FBB56EC8D275E16A1B089E6612898.d.233D42D6305FCF8EE1EBD783C159262A.e.7775"}]}
COMMAND: GET /session/1841494025458e3697387cb19f02ad73/element/f.4A5FBB56EC8D275E16A1B089E6612898.d.233D42D6305FCF8EE1EBD783C159262A.e.7774/attribute/aria-checked - {}
COMMAND: GET /session/1841494025458e3697387cb19f02ad73/screenshot - {}
RESULT: {}
COMMAND: POST /session/1841494025458e3697387cb19f02ad73/element - {"using":"xpath","value":"//table[contains(@id, \"listView-innerSelectionPanelTable-listUl\")]/tbody/tr[3]/td[2]/div/div"}
RESULT: {}
RESULT: {"using":"xpath","value":"//table[contains(@id, \"listView-innerSelectionPanelTable-listUl\")]/tbody/tr[3]/td[2]/div/div"}
COMMAND: POST /session/1841494025458e3697387cb19f02ad73/element - {"using":"xpath","value":"//table[contains(@id, \"listView-innerSelectionPanelTable-listUl\")]/tbody/tr[3]/td[2]/div"}
RESULT: {"using":"xpath","value":"//table[contains(@id, \"listView-innerSelectionPanelTable-listUl\")]/tbody/tr[3]/td[2]/div"}
COMMAND: POST /session/1841494025458e3697387cb19f02ad73/element - {"using":"xpath","value":"//table[contains(@id, \"listView-innerSelectionPanelTable-listUl\")]/tbody/tr[3]/td[3]/div/div/span/span[1]/bdi"}
RESULT: {"using":"xpath","value":"//table[contains(@id, \"listView-innerSelectionPanelTable-listUl\")]/tbody/tr[3]/td[3]/div/div/span/span[1]/bdi"}
COMMAND: POST /session/1841494025458e3697387cb19f02ad73/execute/sync - {"script":"<script> [56 bytes]","args":[{"element-6066-11e4-a52e-4f735466cecf":"f.4A5FBB56EC8D275E16A1B089E6612898.d.233D42D6305FCF8EE1EBD783C159262A.e.7778","ELEMENT":"f.4A5FBB56EC8D275E16A1B089E6612898.d.233D42D6305FCF8EE1EBD783C159262A.e.7778"}]}
RESULT: {"script":"<script> [56 bytes]","args":[{"element-6066-11e4-a52e-4f735466cecf":"f.4A5FBB56EC8D275E16A1B089E6612898.d.233D42D6305FCF8EE1EBD783C159262A.e.7778","ELEMENT":"f.4A5FBB56EC8D275E16A1B089E6612898.d.233D42D6305FCF8EE1EBD783C159262A.e.7778"}]}
COMMAND: GET /session/1841494025458e3697387cb19f02ad73/element/f.4A5FBB56EC8D275E16A1B089E6612898.d.233D42D6305FCF8EE1EBD783C159262A.e.7777/attribute/aria-checked - {}
COMMAND: GET /session/1841494025458e3697387cb19f02ad73/screenshot - {}
RESULT: {}
COMMAND: POST /session/1841494025458e3697387cb19f02ad73/element - {"using":"xpath","value":"//table[contains(@id, \"listView-innerSelectionPanelTable-listUl\")]/tbody/tr[4]/td[2]/div/div"}
RESULT: {}
RESULT: {"using":"xpath","value":"//table[contains(@id, \"listView-innerSelectionPanelTable-listUl\")]/tbody/tr[4]/td[2]/div/div"}
COMMAND: POST /session/1841494025458e3697387cb19f02ad73/element - {"using":"xpath","value":"//table[contains(@id, \"listView-innerSelectionPanelTable-listUl\")]/tbody/tr[4]/td[2]/div"}
RESULT: {"using":"xpath","value":"//table[contains(@id, \"listView-innerSelectionPanelTable-listUl\")]/tbody/tr[4]/td[2]/div"}
COMMAND: POST /session/1841494025458e3697387cb19f02ad73/element - {"using":"xpath","value":"//table[contains(@id, \"listView-innerSelectionPanelTable-listUl\")]/tbody/tr[4]/td[3]/div/div/span/span[1]/bdi"}
RESULT: {"using":"xpath","value":"//table[contains(@id, \"listView-innerSelectionPanelTable-listUl\")]/tbody/tr[4]/td[3]/div/div/span/span[1]/bdi"}
COMMAND: POST /session/1841494025458e3697387cb19f02ad73/execute/sync - {"script":"<script> [56 bytes]","args":[{"element-6066-11e4-a52e-4f735466cecf":"f.4A5FBB56EC8D275E16A1B089E6612898.d.233D42D6305FCF8EE1EBD783C159262A.e.7781","ELEMENT":"f.4A5FBB56EC8D275E16A1B089E6612898.d.233D42D6305FCF8EE1EBD783C159262A.e.7781"}]}
RESULT: {"script":"<script> [56 bytes]","args":[{"element-6066-11e4-a52e-4f735466cecf":"f.4A5FBB56EC8D275E16A1B089E6612898.d.233D42D6305FCF8EE1EBD783C159262A.e.7781","ELEMENT":"f.4A5FBB56EC8D275E16A1B089E6612898.d.233D42D6305FCF8EE1EBD783C159262A.e.7781"}]}
COMMAND: GET /session/1841494025458e3697387cb19f02ad73/element/f.4A5FBB56EC8D275E16A1B089E6612898.d.233D42D6305FCF8EE1EBD783C159262A.e.7780/attribute/aria-checked - {}
COMMAND: GET /session/1841494025458e3697387cb19f02ad73/screenshot - {}
RESULT: {}
RESULT: {}
COMMAND: POST /session/1841494025458e3697387cb19f02ad73/element - {"using":"xpath","value":"//table[contains(@id, \"listView-innerSelectionPanelTable-listUl\")]/tbody/tr[5]/td[2]/div/div"}
RESULT: {"using":"xpath","value":"//table[contains(@id, \"listView-innerSelectionPanelTable-listUl\")]/tbody/tr[5]/td[2]/div/div"}
COMMAND: POST /session/1841494025458e3697387cb19f02ad73/element - {"using":"xpath","value":"//table[contains(@id, \"listView-innerSelectionPanelTable-listUl\")]/tbody/tr[5]/td[2]/div"}
RESULT: {"using":"xpath","value":"//table[contains(@id, \"listView-innerSelectionPanelTable-listUl\")]/tbody/tr[5]/td[2]/div"}
COMMAND: POST /session/1841494025458e3697387cb19f02ad73/element - {"using":"xpath","value":"//table[contains(@id, \"listView-innerSelectionPanelTable-listUl\")]/tbody/tr[5]/td[3]/div/div/span/span[1]/bdi"}
RESULT: {"using":"xpath","value":"//table[contains(@id, \"listView-innerSelectionPanelTable-listUl\")]/tbody/tr[5]/td[3]/div/div/span/span[1]/bdi"}
COMMAND: POST /session/1841494025458e3697387cb19f02ad73/execute/sync - {"script":"<script> [56 bytes]","args":[{"element-6066-11e4-a52e-4f735466cecf":"f.4A5FBB56EC8D275E16A1B089E6612898.d.233D42D6305FCF8EE1EBD783C159262A.e.7784","ELEMENT":"f.4A5FBB56EC8D275E16A1B089E6612898.d.233D42D6305FCF8EE1EBD783C159262A.e.7784"}]}
RESULT: {"script":"<script> [56 bytes]","args":[{"element-6066-11e4-a52e-4f735466cecf":"f.4A5FBB56EC8D275E16A1B089E6612898.d.233D42D6305FCF8EE1EBD783C159262A.e.7784","ELEMENT":"f.4A5FBB56EC8D275E16A1B089E6612898.d.233D42D6305FCF8EE1EBD783C159262A.e.7784"}]}
COMMAND: GET /session/1841494025458e3697387cb19f02ad73/element/f.4A5FBB56EC8D275E16A1B089E6612898.d.233D42D6305FCF8EE1EBD783C159262A.e.7783/attribute/aria-checked - {}
COMMAND: GET /session/1841494025458e3697387cb19f02ad73/screenshot - {}
RESULT: {}
COMMAND: POST /session/1841494025458e3697387cb19f02ad73/element - {"using":"xpath","value":"//table[contains(@id, \"listView-innerSelectionPanelTable-listUl\")]/tbody/tr[6]/td[2]/div/div"}
RESULT: {}
RESULT: {"using":"xpath","value":"//table[contains(@id, \"listView-innerSelectionPanelTable-listUl\")]/tbody/tr[6]/td[2]/div/div"}
COMMAND: POST /session/1841494025458e3697387cb19f02ad73/element - {"using":"xpath","value":"//table[contains(@id, \"listView-innerSelectionPanelTable-listUl\")]/tbody/tr[6]/td[2]/div"}
RESULT: {"using":"xpath","value":"//table[contains(@id, \"listView-innerSelectionPanelTable-listUl\")]/tbody/tr[6]/td[2]/div"}
COMMAND: POST /session/1841494025458e3697387cb19f02ad73/element - {"using":"xpath","value":"//table[contains(@id, \"listView-innerSelectionPanelTable-listUl\")]/tbody/tr[6]/td[3]/div/div/span/span[1]/bdi"}
RESULT: {"using":"xpath","value":"//table[contains(@id, \"listView-innerSelectionPanelTable-listUl\")]/tbody/tr[6]/td[3]/div/div/span/span[1]/bdi"}
COMMAND: POST /session/1841494025458e3697387cb19f02ad73/execute/sync - {"script":"<script> [56 bytes]","args":[{"element-6066-11e4-a52e-4f735466cecf":"f.4A5FBB56EC8D275E16A1B089E6612898.d.233D42D6305FCF8EE1EBD783C159262A.e.7787","ELEMENT":"f.4A5FBB56EC8D275E16A1B089E6612898.d.233D42D6305FCF8EE1EBD783C159262A.e.7787"}]}
RESULT: {"script":"<script> [56 bytes]","args":[{"element-6066-11e4-a52e-4f735466cecf":"f.4A5FBB56EC8D275E16A1B089E6612898.d.233D42D6305FCF8EE1EBD783C159262A.e.7787","ELEMENT":"f.4A5FBB56EC8D275E16A1B089E6612898.d.233D42D6305FCF8EE1EBD783C159262A.e.7787"}]}
COMMAND: GET /session/1841494025458e3697387cb19f02ad73/element/f.4A5FBB56EC8D275E16A1B089E6612898.d.233D42D6305FCF8EE1EBD783C159262A.e.7786/attribute/aria-checked - {}
COMMAND: GET /session/1841494025458e3697387cb19f02ad73/screenshot - {}
RESULT: {}
COMMAND: POST /session/1841494025458e3697387cb19f02ad73/element - {"using":"xpath","value":"//table[contains(@id, \"listView-innerSelectionPanelTable-listUl\")]/tbody/tr[7]/td[2]/div/div"}
RESULT: {}
RESULT: {"using":"xpath","value":"//table[contains(@id, \"listView-innerSelectionPanelTable-listUl\")]/tbody/tr[7]/td[2]/div/div"}
COMMAND: POST /session/1841494025458e3697387cb19f02ad73/element - {"using":"xpath","value":"//table[contains(@id, \"listView-innerSelectionPanelTable-listUl\")]/tbody/tr[7]/td[2]/div"}
RESULT: {"using":"xpath","value":"//table[contains(@id, \"listView-innerSelectionPanelTable-listUl\")]/tbody/tr[7]/td[2]/div"}
COMMAND: POST /session/1841494025458e3697387cb19f02ad73/element - {"using":"xpath","value":"//table[contains(@id, \"listView-innerSelectionPanelTable-listUl\")]/tbody/tr[7]/td[3]/div/div/span/span[1]/bdi"}
RESULT: {"using":"xpath","value":"//table[contains(@id, \"listView-innerSelectionPanelTable-listUl\")]/tbody/tr[7]/td[3]/div/div/span/span[1]/bdi"}
COMMAND: POST /session/1841494025458e3697387cb19f02ad73/execute/sync - {"script":"<script> [56 bytes]","args":[{"element-6066-11e4-a52e-4f735466cecf":"f.4A5FBB56EC8D275E16A1B089E6612898.d.233D42D6305FCF8EE1EBD783C159262A.e.7790","ELEMENT":"f.4A5FBB56EC8D275E16A1B089E6612898.d.233D42D6305FCF8EE1EBD783C159262A.e.7790"}]}
RESULT: {"script":"<script> [56 bytes]","args":[{"element-6066-11e4-a52e-4f735466cecf":"f.4A5FBB56EC8D275E16A1B089E6612898.d.233D42D6305FCF8EE1EBD783C159262A.e.7790","ELEMENT":"f.4A5FBB56EC8D275E16A1B089E6612898.d.233D42D6305FCF8EE1EBD783C159262A.e.7790"}]}
COMMAND: GET /session/1841494025458e3697387cb19f02ad73/element/f.4A5FBB56EC8D275E16A1B089E6612898.d.233D42D6305FCF8EE1EBD783C159262A.e.7789/attribute/aria-checked - {}
COMMAND: GET /session/1841494025458e3697387cb19f02ad73/screenshot - {}
RESULT: {}
COMMAND: POST /session/1841494025458e3697387cb19f02ad73/element - {"using":"xpath","value":"//table[contains(@id, \"listView-innerSelectionPanelTable-listUl\")]/tbody/tr[8]/td[2]/div/div"}
RESULT: {}
RESULT: {"using":"xpath","value":"//table[contains(@id, \"listView-innerSelectionPanelTable-listUl\")]/tbody/tr[8]/td[2]/div/div"}
COMMAND: POST /session/1841494025458e3697387cb19f02ad73/element - {"using":"xpath","value":"//table[contains(@id, \"listView-innerSelectionPanelTable-listUl\")]/tbody/tr[8]/td[2]/div"}
RESULT: {"using":"xpath","value":"//table[contains(@id, \"listView-innerSelectionPanelTable-listUl\")]/tbody/tr[8]/td[2]/div"}
COMMAND: POST /session/1841494025458e3697387cb19f02ad73/element - {"using":"xpath","value":"//table[contains(@id, \"listView-innerSelectionPanelTable-listUl\")]/tbody/tr[8]/td[3]/div/div/span/span[1]/bdi"}
RESULT: {"using":"xpath","value":"//table[contains(@id, \"listView-innerSelectionPanelTable-listUl\")]/tbody/tr[8]/td[3]/div/div/span/span[1]/bdi"}
COMMAND: POST /session/1841494025458e3697387cb19f02ad73/execute/sync - {"script":"<script> [56 bytes]","args":[{"element-6066-11e4-a52e-4f735466cecf":"f.4A5FBB56EC8D275E16A1B089E6612898.d.233D42D6305FCF8EE1EBD783C159262A.e.7793","ELEMENT":"f.4A5FBB56EC8D275E16A1B089E6612898.d.233D42D6305FCF8EE1EBD783C159262A.e.7793"}]}
RESULT: {"script":"<script> [56 bytes]","args":[{"element-6066-11e4-a52e-4f735466cecf":"f.4A5FBB56EC8D275E16A1B089E6612898.d.233D42D6305FCF8EE1EBD783C159262A.e.7793","ELEMENT":"f.4A5FBB56EC8D275E16A1B089E6612898.d.233D42D6305FCF8EE1EBD783C159262A.e.7793"}]}
COMMAND: GET /session/1841494025458e3697387cb19f02ad73/element/f.4A5FBB56EC8D275E16A1B089E6612898.d.233D42D6305FCF8EE1EBD783C159262A.e.7792/attribute/aria-checked - {}
COMMAND: GET /session/1841494025458e3697387cb19f02ad73/screenshot - {}
RESULT: {}
COMMAND: POST /session/1841494025458e3697387cb19f02ad73/element - {"using":"xpath","value":"//table[contains(@id, \"listView-innerSelectionPanelTable-listUl\")]/tbody/tr[9]/td[2]/div/div"}
RESULT: {}
RESULT: {"using":"xpath","value":"//table[contains(@id, \"listView-innerSelectionPanelTable-listUl\")]/tbody/tr[9]/td[2]/div/div"}
COMMAND: POST /session/1841494025458e3697387cb19f02ad73/element - {"using":"xpath","value":"//table[contains(@id, \"listView-innerSelectionPanelTable-listUl\")]/tbody/tr[9]/td[2]/div"}
RESULT: {"using":"xpath","value":"//table[contains(@id, \"listView-innerSelectionPanelTable-listUl\")]/tbody/tr[9]/td[2]/div"}
COMMAND: POST /session/1841494025458e3697387cb19f02ad73/element - {"using":"xpath","value":"//table[contains(@id, \"listView-innerSelectionPanelTable-listUl\")]/tbody/tr[9]/td[3]/div/div/span/span[1]/bdi"}
RESULT: {"using":"xpath","value":"//table[contains(@id, \"listView-innerSelectionPanelTable-listUl\")]/tbody/tr[9]/td[3]/div/div/span/span[1]/bdi"}
COMMAND: POST /session/1841494025458e3697387cb19f02ad73/execute/sync - {"script":"<script> [56 bytes]","args":[{"element-6066-11e4-a52e-4f735466cecf":"f.4A5FBB56EC8D275E16A1B089E6612898.d.233D42D6305FCF8EE1EBD783C159262A.e.7796","ELEMENT":"f.4A5FBB56EC8D275E16A1B089E6612898.d.233D42D6305FCF8EE1EBD783C159262A.e.7796"}]}
RESULT: {"script":"<script> [56 bytes]","args":[{"element-6066-11e4-a52e-4f735466cecf":"f.4A5FBB56EC8D275E16A1B089E6612898.d.233D42D6305FCF8EE1EBD783C159262A.e.7796","ELEMENT":"f.4A5FBB56EC8D275E16A1B089E6612898.d.233D42D6305FCF8EE1EBD783C159262A.e.7796"}]}
COMMAND: GET /session/1841494025458e3697387cb19f02ad73/element/f.4A5FBB56EC8D275E16A1B089E6612898.d.233D42D6305FCF8EE1EBD783C159262A.e.7795/attribute/aria-checked - {}
COMMAND: GET /session/1841494025458e3697387cb19f02ad73/screenshot - {}
RESULT: {}
COMMAND: POST /session/1841494025458e3697387cb19f02ad73/element - {"using":"xpath","value":"//table[contains(@id, \"listView-innerSelectionPanelTable-listUl\")]/tbody/tr[10]/td[2]/div/div"}
RESULT: {}
RESULT: {"using":"xpath","value":"//table[contains(@id, \"listView-innerSelectionPanelTable-listUl\")]/tbody/tr[10]/td[2]/div/div"}
COMMAND: POST /session/1841494025458e3697387cb19f02ad73/element - {"using":"xpath","value":"//table[contains(@id, \"listView-innerSelectionPanelTable-listUl\")]/tbody/tr[10]/td[2]/div"}
RESULT: {"using":"xpath","value":"//table[contains(@id, \"listView-innerSelectionPanelTable-listUl\")]/tbody/tr[10]/td[2]/div"}
COMMAND: POST /session/1841494025458e3697387cb19f02ad73/element - {"using":"xpath","value":"//table[contains(@id, \"listView-innerSelectionPanelTable-listUl\")]/tbody/tr[10]/td[3]/div/div/span/span[1]/bdi"}
RESULT: {"using":"xpath","value":"//table[contains(@id, \"listView-innerSelectionPanelTable-listUl\")]/tbody/tr[10]/td[3]/div/div/span/span[1]/bdi"}
COMMAND: POST /session/1841494025458e3697387cb19f02ad73/execute/sync - {"script":"<script> [56 bytes]","args":[{"element-6066-11e4-a52e-4f735466cecf":"f.4A5FBB56EC8D275E16A1B089E6612898.d.233D42D6305FCF8EE1EBD783C159262A.e.7799","ELEMENT":"f.4A5FBB56EC8D275E16A1B089E6612898.d.233D42D6305FCF8EE1EBD783C159262A.e.7799"}]}
RESULT: {"script":"<script> [56 bytes]","args":[{"element-6066-11e4-a52e-4f735466cecf":"f.4A5FBB56EC8D275E16A1B089E6612898.d.233D42D6305FCF8EE1EBD783C159262A.e.7799","ELEMENT":"f.4A5FBB56EC8D275E16A1B089E6612898.d.233D42D6305FCF8EE1EBD783C159262A.e.7799"}]}
COMMAND: GET /session/1841494025458e3697387cb19f02ad73/element/f.4A5FBB56EC8D275E16A1B089E6612898.d.233D42D6305FCF8EE1EBD783C159262A.e.7798/attribute/aria-checked - {}
COMMAND: GET /session/1841494025458e3697387cb19f02ad73/screenshot - {}
RESULT: {}
COMMAND: POST /session/1841494025458e3697387cb19f02ad73/element - {"using":"xpath","value":"//table[contains(@id, \"listView-innerSelectionPanelTable-listUl\")]/tbody/tr[11]/td[2]/div/div"}
RESULT: {}
RESULT: {"using":"xpath","value":"//table[contains(@id, \"listView-innerSelectionPanelTable-listUl\")]/tbody/tr[11]/td[2]/div/div"}
COMMAND: POST /session/1841494025458e3697387cb19f02ad73/element - {"using":"xpath","value":"//table[contains(@id, \"listView-innerSelectionPanelTable-listUl\")]/tbody/tr[11]/td[2]/div"}
RESULT: {"using":"xpath","value":"//table[contains(@id, \"listView-innerSelectionPanelTable-listUl\")]/tbody/tr[11]/td[2]/div"}
COMMAND: POST /session/1841494025458e3697387cb19f02ad73/element - {"using":"xpath","value":"//table[contains(@id, \"listView-innerSelectionPanelTable-listUl\")]/tbody/tr[11]/td[3]/div/div/span/span[1]/bdi"}
RESULT: {"using":"xpath","value":"//table[contains(@id, \"listView-innerSelectionPanelTable-listUl\")]/tbody/tr[11]/td[3]/div/div/span/span[1]/bdi"}
COMMAND: POST /session/1841494025458e3697387cb19f02ad73/execute/sync - {"script":"<script> [56 bytes]","args":[{"element-6066-11e4-a52e-4f735466cecf":"f.4A5FBB56EC8D275E16A1B089E6612898.d.233D42D6305FCF8EE1EBD783C159262A.e.7802","ELEMENT":"f.4A5FBB56EC8D275E16A1B089E6612898.d.233D42D6305FCF8EE1EBD783C159262A.e.7802"}]}
RESULT: {"script":"<script> [56 bytes]","args":[{"element-6066-11e4-a52e-4f735466cecf":"f.4A5FBB56EC8D275E16A1B089E6612898.d.233D42D6305FCF8EE1EBD783C159262A.e.7802","ELEMENT":"f.4A5FBB56EC8D275E16A1B089E6612898.d.233D42D6305FCF8EE1EBD783C159262A.e.7802"}]}
COMMAND: GET /session/1841494025458e3697387cb19f02ad73/element/f.4A5FBB56EC8D275E16A1B089E6612898.d.233D42D6305FCF8EE1EBD783C159262A.e.7801/attribute/aria-checked - {}
COMMAND: GET /session/1841494025458e3697387cb19f02ad73/screenshot - {}
RESULT: {}
COMMAND: POST /session/1841494025458e3697387cb19f02ad73/element - {"using":"xpath","value":"//table[contains(@id, \"listView-innerSelectionPanelTable-listUl\")]/tbody/tr[12]/td[2]/div/div"}
RESULT: {}
RESULT: {"using":"xpath","value":"//table[contains(@id, \"listView-innerSelectionPanelTable-listUl\")]/tbody/tr[12]/td[2]/div/div"}
COMMAND: POST /session/1841494025458e3697387cb19f02ad73/element - {"using":"xpath","value":"//table[contains(@id, \"listView-innerSelectionPanelTable-listUl\")]/tbody/tr[12]/td[2]/div"}
RESULT: {"using":"xpath","value":"//table[contains(@id, \"listView-innerSelectionPanelTable-listUl\")]/tbody/tr[12]/td[2]/div"}
COMMAND: POST /session/1841494025458e3697387cb19f02ad73/element - {"using":"xpath","value":"//table[contains(@id, \"listView-innerSelectionPanelTable-listUl\")]/tbody/tr[12]/td[3]/div/div/span/span[1]/bdi"}
RESULT: {"using":"xpath","value":"//table[contains(@id, \"listView-innerSelectionPanelTable-listUl\")]/tbody/tr[12]/td[3]/div/div/span/span[1]/bdi"}
COMMAND: POST /session/1841494025458e3697387cb19f02ad73/execute/sync - {"script":"<script> [56 bytes]","args":[{"element-6066-11e4-a52e-4f735466cecf":"f.4A5FBB56EC8D275E16A1B089E6612898.d.233D42D6305FCF8EE1EBD783C159262A.e.7805","ELEMENT":"f.4A5FBB56EC8D275E16A1B089E6612898.d.233D42D6305FCF8EE1EBD783C159262A.e.7805"}]}
RESULT: {"script":"<script> [56 bytes]","args":[{"element-6066-11e4-a52e-4f735466cecf":"f.4A5FBB56EC8D275E16A1B089E6612898.d.233D42D6305FCF8EE1EBD783C159262A.e.7805","ELEMENT":"f.4A5FBB56EC8D275E16A1B089E6612898.d.233D42D6305FCF8EE1EBD783C159262A.e.7805"}]}
COMMAND: GET /session/1841494025458e3697387cb19f02ad73/element/f.4A5FBB56EC8D275E16A1B089E6612898.d.233D42D6305FCF8EE1EBD783C159262A.e.7804/attribute/aria-checked - {}
COMMAND: GET /session/1841494025458e3697387cb19f02ad73/screenshot - {}
RESULT: {}
COMMAND: POST /session/1841494025458e3697387cb19f02ad73/element - {"using":"xpath","value":"//table[contains(@id, \"listView-innerSelectionPanelTable-listUl\")]/tbody/tr[13]/td[2]/div/div"}
RESULT: {}
RESULT: {"using":"xpath","value":"//table[contains(@id, \"listView-innerSelectionPanelTable-listUl\")]/tbody/tr[13]/td[2]/div/div"}
COMMAND: POST /session/1841494025458e3697387cb19f02ad73/element - {"using":"xpath","value":"//table[contains(@id, \"listView-innerSelectionPanelTable-listUl\")]/tbody/tr[13]/td[2]/div"}
RESULT: {"using":"xpath","value":"//table[contains(@id, \"listView-innerSelectionPanelTable-listUl\")]/tbody/tr[13]/td[2]/div"}
COMMAND: POST /session/1841494025458e3697387cb19f02ad73/element - {"using":"xpath","value":"//table[contains(@id, \"listView-innerSelectionPanelTable-listUl\")]/tbody/tr[13]/td[3]/div/div/span/span[1]/bdi"}
RESULT: {"using":"xpath","value":"//table[contains(@id, \"listView-innerSelectionPanelTable-listUl\")]/tbody/tr[13]/td[3]/div/div/span/span[1]/bdi"}
COMMAND: POST /session/1841494025458e3697387cb19f02ad73/execute/sync - {"script":"<script> [56 bytes]","args":[{"element-6066-11e4-a52e-4f735466cecf":"f.4A5FBB56EC8D275E16A1B089E6612898.d.233D42D6305FCF8EE1EBD783C159262A.e.7808","ELEMENT":"f.4A5FBB56EC8D275E16A1B089E6612898.d.233D42D6305FCF8EE1EBD783C159262A.e.7808"}]}
RESULT: {"script":"<script> [56 bytes]","args":[{"element-6066-11e4-a52e-4f735466cecf":"f.4A5FBB56EC8D275E16A1B089E6612898.d.233D42D6305FCF8EE1EBD783C159262A.e.7808","ELEMENT":"f.4A5FBB56EC8D275E16A1B089E6612898.d.233D42D6305FCF8EE1EBD783C159262A.e.7808"}]}
COMMAND: GET /session/1841494025458e3697387cb19f02ad73/element/f.4A5FBB56EC8D275E16A1B089E6612898.d.233D42D6305FCF8EE1EBD783C159262A.e.7807/attribute/aria-checked - {}
COMMAND: GET /session/1841494025458e3697387cb19f02ad73/screenshot - {}
RESULT: {}
COMMAND: POST /session/1841494025458e3697387cb19f02ad73/element - {"using":"xpath","value":"//table[contains(@id, \"listView-innerSelectionPanelTable-listUl\")]/tbody/tr[14]/td[2]/div/div"}
RESULT: {}
RESULT: {"using":"xpath","value":"//table[contains(@id, \"listView-innerSelectionPanelTable-listUl\")]/tbody/tr[14]/td[2]/div/div"}
COMMAND: POST /session/1841494025458e3697387cb19f02ad73/element - {"using":"xpath","value":"//table[contains(@id, \"listView-innerSelectionPanelTable-listUl\")]/tbody/tr[14]/td[2]/div"}
RESULT: {"using":"xpath","value":"//table[contains(@id, \"listView-innerSelectionPanelTable-listUl\")]/tbody/tr[14]/td[2]/div"}
COMMAND: POST /session/1841494025458e3697387cb19f02ad73/element - {"using":"xpath","value":"//table[contains(@id, \"listView-innerSelectionPanelTable-listUl\")]/tbody/tr[14]/td[3]/div/div/span/span[1]/bdi"}
RESULT: {"using":"xpath","value":"//table[contains(@id, \"listView-innerSelectionPanelTable-listUl\")]/tbody/tr[14]/td[3]/div/div/span/span[1]/bdi"}
COMMAND: POST /session/1841494025458e3697387cb19f02ad73/execute/sync - {"script":"<script> [56 bytes]","args":[{"element-6066-11e4-a52e-4f735466cecf":"f.4A5FBB56EC8D275E16A1B089E6612898.d.233D42D6305FCF8EE1EBD783C159262A.e.7811","ELEMENT":"f.4A5FBB56EC8D275E16A1B089E6612898.d.233D42D6305FCF8EE1EBD783C159262A.e.7811"}]}
RESULT: {"script":"<script> [56 bytes]","args":[{"element-6066-11e4-a52e-4f735466cecf":"f.4A5FBB56EC8D275E16A1B089E6612898.d.233D42D6305FCF8EE1EBD783C159262A.e.7811","ELEMENT":"f.4A5FBB56EC8D275E16A1B089E6612898.d.233D42D6305FCF8EE1EBD783C159262A.e.7811"}]}
COMMAND: GET /session/1841494025458e3697387cb19f02ad73/element/f.4A5FBB56EC8D275E16A1B089E6612898.d.233D42D6305FCF8EE1EBD783C159262A.e.7810/attribute/aria-checked - {}
COMMAND: GET /session/1841494025458e3697387cb19f02ad73/screenshot - {}
RESULT: {}
COMMAND: POST /session/1841494025458e3697387cb19f02ad73/element - {"using":"xpath","value":"//table[contains(@id, \"listView-innerSelectionPanelTable-listUl\")]/tbody/tr[15]/td[2]/div/div"}
RESULT: {}
RESULT: {"using":"xpath","value":"//table[contains(@id, \"listView-innerSelectionPanelTable-listUl\")]/tbody/tr[15]/td[2]/div/div"}
COMMAND: POST /session/1841494025458e3697387cb19f02ad73/element - {"using":"xpath","value":"//table[contains(@id, \"listView-innerSelectionPanelTable-listUl\")]/tbody/tr[15]/td[2]/div"}
RESULT: {"using":"xpath","value":"//table[contains(@id, \"listView-innerSelectionPanelTable-listUl\")]/tbody/tr[15]/td[2]/div"}
COMMAND: POST /session/1841494025458e3697387cb19f02ad73/element - {"using":"xpath","value":"//table[contains(@id, \"listView-innerSelectionPanelTable-listUl\")]/tbody/tr[15]/td[3]/div/div/span/span[1]/bdi"}
RESULT: {"using":"xpath","value":"//table[contains(@id, \"listView-innerSelectionPanelTable-listUl\")]/tbody/tr[15]/td[3]/div/div/span/span[1]/bdi"}
COMMAND: POST /session/1841494025458e3697387cb19f02ad73/execute/sync - {"script":"<script> [56 bytes]","args":[{"element-6066-11e4-a52e-4f735466cecf":"f.4A5FBB56EC8D275E16A1B089E6612898.d.233D42D6305FCF8EE1EBD783C159262A.e.7814","ELEMENT":"f.4A5FBB56EC8D275E16A1B089E6612898.d.233D42D6305FCF8EE1EBD783C159262A.e.7814"}]}
RESULT: {"script":"<script> [56 bytes]","args":[{"element-6066-11e4-a52e-4f735466cecf":"f.4A5FBB56EC8D275E16A1B089E6612898.d.233D42D6305FCF8EE1EBD783C159262A.e.7814","ELEMENT":"f.4A5FBB56EC8D275E16A1B089E6612898.d.233D42D6305FCF8EE1EBD783C159262A.e.7814"}]}
COMMAND: GET /session/1841494025458e3697387cb19f02ad73/element/f.4A5FBB56EC8D275E16A1B089E6612898.d.233D42D6305FCF8EE1EBD783C159262A.e.7813/attribute/aria-checked - {}
COMMAND: GET /session/1841494025458e3697387cb19f02ad73/screenshot - {}
RESULT: {}
COMMAND: POST /session/1841494025458e3697387cb19f02ad73/element - {"using":"xpath","value":"//table[contains(@id, \"listView-innerSelectionPanelTable-listUl\")]/tbody/tr[16]/td[2]/div/div"}
RESULT: {}
RESULT: {"using":"xpath","value":"//table[contains(@id, \"listView-innerSelectionPanelTable-listUl\")]/tbody/tr[16]/td[2]/div/div"}
COMMAND: POST /session/1841494025458e3697387cb19f02ad73/element - {"using":"xpath","value":"//table[contains(@id, \"listView-innerSelectionPanelTable-listUl\")]/tbody/tr[16]/td[2]/div"}
RESULT: {"using":"xpath","value":"//table[contains(@id, \"listView-innerSelectionPanelTable-listUl\")]/tbody/tr[16]/td[2]/div"}
COMMAND: POST /session/1841494025458e3697387cb19f02ad73/element - {"using":"xpath","value":"//table[contains(@id, \"listView-innerSelectionPanelTable-listUl\")]/tbody/tr[16]/td[3]/div/div/span/span[1]/bdi"}
RESULT: {"using":"xpath","value":"//table[contains(@id, \"listView-innerSelectionPanelTable-listUl\")]/tbody/tr[16]/td[3]/div/div/span/span[1]/bdi"}
COMMAND: POST /session/1841494025458e3697387cb19f02ad73/execute/sync - {"script":"<script> [56 bytes]","args":[{"element-6066-11e4-a52e-4f735466cecf":"f.4A5FBB56EC8D275E16A1B089E6612898.d.233D42D6305FCF8EE1EBD783C159262A.e.7817","ELEMENT":"f.4A5FBB56EC8D275E16A1B089E6612898.d.233D42D6305FCF8EE1EBD783C159262A.e.7817"}]}
RESULT: {"script":"<script> [56 bytes]","args":[{"element-6066-11e4-a52e-4f735466cecf":"f.4A5FBB56EC8D275E16A1B089E6612898.d.233D42D6305FCF8EE1EBD783C159262A.e.7817","ELEMENT":"f.4A5FBB56EC8D275E16A1B089E6612898.d.233D42D6305FCF8EE1EBD783C159262A.e.7817"}]}
COMMAND: GET /session/1841494025458e3697387cb19f02ad73/element/f.4A5FBB56EC8D275E16A1B089E6612898.d.233D42D6305FCF8EE1EBD783C159262A.e.7816/attribute/aria-checked - {}
COMMAND: GET /session/1841494025458e3697387cb19f02ad73/screenshot - {}
RESULT: {}
COMMAND: POST /session/1841494025458e3697387cb19f02ad73/element - {"using":"xpath","value":"//table[contains(@id, \"listView-innerSelectionPanelTable-listUl\")]/tbody/tr[17]/td[2]/div/div"}
RESULT: {}
RESULT: {"using":"xpath","value":"//table[contains(@id, \"listView-innerSelectionPanelTable-listUl\")]/tbody/tr[17]/td[2]/div/div"}
COMMAND: POST /session/1841494025458e3697387cb19f02ad73/element - {"using":"xpath","value":"//table[contains(@id, \"listView-innerSelectionPanelTable-listUl\")]/tbody/tr[17]/td[2]/div"}
RESULT: {"using":"xpath","value":"//table[contains(@id, \"listView-innerSelectionPanelTable-listUl\")]/tbody/tr[17]/td[2]/div"}
COMMAND: POST /session/1841494025458e3697387cb19f02ad73/element - {"using":"xpath","value":"//table[contains(@id, \"listView-innerSelectionPanelTable-listUl\")]/tbody/tr[17]/td[3]/div/div/span/span[1]/bdi"}
RESULT: {"using":"xpath","value":"//table[contains(@id, \"listView-innerSelectionPanelTable-listUl\")]/tbody/tr[17]/td[3]/div/div/span/span[1]/bdi"}
COMMAND: POST /session/1841494025458e3697387cb19f02ad73/execute/sync - {"script":"<script> [56 bytes]","args":[{"element-6066-11e4-a52e-4f735466cecf":"f.4A5FBB56EC8D275E16A1B089E6612898.d.233D42D6305FCF8EE1EBD783C159262A.e.7820","ELEMENT":"f.4A5FBB56EC8D275E16A1B089E6612898.d.233D42D6305FCF8EE1EBD783C159262A.e.7820"}]}
RESULT: {"script":"<script> [56 bytes]","args":[{"element-6066-11e4-a52e-4f735466cecf":"f.4A5FBB56EC8D275E16A1B089E6612898.d.233D42D6305FCF8EE1EBD783C159262A.e.7820","ELEMENT":"f.4A5FBB56EC8D275E16A1B089E6612898.d.233D42D6305FCF8EE1EBD783C159262A.e.7820"}]}
COMMAND: GET /session/1841494025458e3697387cb19f02ad73/element/f.4A5FBB56EC8D275E16A1B089E6612898.d.233D42D6305FCF8EE1EBD783C159262A.e.7819/attribute/aria-checked - {}
COMMAND: GET /session/1841494025458e3697387cb19f02ad73/screenshot - {}
RESULT: {}
COMMAND: POST /session/1841494025458e3697387cb19f02ad73/element - {"using":"xpath","value":"//table[contains(@id, \"listView-innerSelectionPanelTable-listUl\")]/tbody/tr[18]/td[2]/div/div"}
RESULT: {}
RESULT: {"using":"xpath","value":"//table[contains(@id, \"listView-innerSelectionPanelTable-listUl\")]/tbody/tr[18]/td[2]/div/div"}
COMMAND: POST /session/1841494025458e3697387cb19f02ad73/element - {"using":"xpath","value":"//table[contains(@id, \"listView-innerSelectionPanelTable-listUl\")]/tbody/tr[18]/td[2]/div"}
RESULT: {"using":"xpath","value":"//table[contains(@id, \"listView-innerSelectionPanelTable-listUl\")]/tbody/tr[18]/td[2]/div"}
COMMAND: POST /session/1841494025458e3697387cb19f02ad73/element - {"using":"xpath","value":"//table[contains(@id, \"listView-innerSelectionPanelTable-listUl\")]/tbody/tr[18]/td[3]/div/div/span/span[1]/bdi"}
RESULT: {"using":"xpath","value":"//table[contains(@id, \"listView-innerSelectionPanelTable-listUl\")]/tbody/tr[18]/td[3]/div/div/span/span[1]/bdi"}
COMMAND: POST /session/1841494025458e3697387cb19f02ad73/execute/sync - {"script":"<script> [56 bytes]","args":[{"element-6066-11e4-a52e-4f735466cecf":"f.4A5FBB56EC8D275E16A1B089E6612898.d.233D42D6305FCF8EE1EBD783C159262A.e.7823","ELEMENT":"f.4A5FBB56EC8D275E16A1B089E6612898.d.233D42D6305FCF8EE1EBD783C159262A.e.7823"}]}
RESULT: {"script":"<script> [56 bytes]","args":[{"element-6066-11e4-a52e-4f735466cecf":"f.4A5FBB56EC8D275E16A1B089E6612898.d.233D42D6305FCF8EE1EBD783C159262A.e.7823","ELEMENT":"f.4A5FBB56EC8D275E16A1B089E6612898.d.233D42D6305FCF8EE1EBD783C159262A.e.7823"}]}
COMMAND: GET /session/1841494025458e3697387cb19f02ad73/element/f.4A5FBB56EC8D275E16A1B089E6612898.d.233D42D6305FCF8EE1EBD783C159262A.e.7822/attribute/aria-checked - {}
COMMAND: GET /session/1841494025458e3697387cb19f02ad73/screenshot - {}
RESULT: {}
COMMAND: POST /session/1841494025458e3697387cb19f02ad73/element - {"using":"xpath","value":"//table[contains(@id, \"listView-innerSelectionPanelTable-listUl\")]/tbody/tr[19]/td[2]/div/div"}
RESULT: {}
RESULT: {"using":"xpath","value":"//table[contains(@id, \"listView-innerSelectionPanelTable-listUl\")]/tbody/tr[19]/td[2]/div/div"}
COMMAND: POST /session/1841494025458e3697387cb19f02ad73/element - {"using":"xpath","value":"//table[contains(@id, \"listView-innerSelectionPanelTable-listUl\")]/tbody/tr[19]/td[2]/div"}
RESULT: {"using":"xpath","value":"//table[contains(@id, \"listView-innerSelectionPanelTable-listUl\")]/tbody/tr[19]/td[2]/div"}
COMMAND: POST /session/1841494025458e3697387cb19f02ad73/element - {"using":"xpath","value":"//table[contains(@id, \"listView-innerSelectionPanelTable-listUl\")]/tbody/tr[19]/td[3]/div/div/span/span[1]/bdi"}
RESULT: {"using":"xpath","value":"//table[contains(@id, \"listView-innerSelectionPanelTable-listUl\")]/tbody/tr[19]/td[3]/div/div/span/span[1]/bdi"}
COMMAND: POST /session/1841494025458e3697387cb19f02ad73/execute/sync - {"script":"<script> [56 bytes]","args":[{"element-6066-11e4-a52e-4f735466cecf":"f.4A5FBB56EC8D275E16A1B089E6612898.d.233D42D6305FCF8EE1EBD783C159262A.e.7826","ELEMENT":"f.4A5FBB56EC8D275E16A1B089E6612898.d.233D42D6305FCF8EE1EBD783C159262A.e.7826"}]}
RESULT: {"script":"<script> [56 bytes]","args":[{"element-6066-11e4-a52e-4f735466cecf":"f.4A5FBB56EC8D275E16A1B089E6612898.d.233D42D6305FCF8EE1EBD783C159262A.e.7826","ELEMENT":"f.4A5FBB56EC8D275E16A1B089E6612898.d.233D42D6305FCF8EE1EBD783C159262A.e.7826"}]}
COMMAND: GET /session/1841494025458e3697387cb19f02ad73/element/f.4A5FBB56EC8D275E16A1B089E6612898.d.233D42D6305FCF8EE1EBD783C159262A.e.7825/attribute/aria-checked - {}
COMMAND: GET /session/1841494025458e3697387cb19f02ad73/screenshot - {}
RESULT: {}
COMMAND: POST /session/1841494025458e3697387cb19f02ad73/element - {"using":"xpath","value":"//table[contains(@id, \"listView-innerSelectionPanelTable-listUl\")]/tbody/tr[20]/td[2]/div/div"}
RESULT: {}
RESULT: {"using":"xpath","value":"//table[contains(@id, \"listView-innerSelectionPanelTable-listUl\")]/tbody/tr[20]/td[2]/div/div"}
COMMAND: POST /session/1841494025458e3697387cb19f02ad73/element - {"using":"xpath","value":"//table[contains(@id, \"listView-innerSelectionPanelTable-listUl\")]/tbody/tr[20]/td[2]/div"}
RESULT: {"using":"xpath","value":"//table[contains(@id, \"listView-innerSelectionPanelTable-listUl\")]/tbody/tr[20]/td[2]/div"}
COMMAND: POST /session/1841494025458e3697387cb19f02ad73/element - {"using":"xpath","value":"//table[contains(@id, \"listView-innerSelectionPanelTable-listUl\")]/tbody/tr[20]/td[3]/div/div/span/span[1]/bdi"}
RESULT: {"using":"xpath","value":"//table[contains(@id, \"listView-innerSelectionPanelTable-listUl\")]/tbody/tr[20]/td[3]/div/div/span/span[1]/bdi"}
COMMAND: POST /session/1841494025458e3697387cb19f02ad73/execute/sync - {"script":"<script> [56 bytes]","args":[{"element-6066-11e4-a52e-4f735466cecf":"f.4A5FBB56EC8D275E16A1B089E6612898.d.233D42D6305FCF8EE1EBD783C159262A.e.7829","ELEMENT":"f.4A5FBB56EC8D275E16A1B089E6612898.d.233D42D6305FCF8EE1EBD783C159262A.e.7829"}]}
RESULT: {"script":"<script> [56 bytes]","args":[{"element-6066-11e4-a52e-4f735466cecf":"f.4A5FBB56EC8D275E16A1B089E6612898.d.233D42D6305FCF8EE1EBD783C159262A.e.7829","ELEMENT":"f.4A5FBB56EC8D275E16A1B089E6612898.d.233D42D6305FCF8EE1EBD783C159262A.e.7829"}]}
COMMAND: GET /session/1841494025458e3697387cb19f02ad73/element/f.4A5FBB56EC8D275E16A1B089E6612898.d.233D42D6305FCF8EE1EBD783C159262A.e.7828/attribute/aria-checked - {}
COMMAND: GET /session/1841494025458e3697387cb19f02ad73/screenshot - {}
RESULT: {}
COMMAND: POST /session/1841494025458e3697387cb19f02ad73/element - {"using":"xpath","value":"//table[contains(@id, \"listView-innerSelectionPanelTable-listUl\")]/tbody/tr[21]/td[2]/div/div"}
COMMAND: POST /session/1841494025458e3697387cb19f02ad73/element/f.4A5FBB56EC8D275E16A1B089E6612898.d.233D42D6305FCF8EE1EBD783C159262A.e.7827/click - {}
RESULT: {}
RESULT: {"using":"xpath","value":"//table[contains(@id, \"listView-innerSelectionPanelTable-listUl\")]/tbody/tr[21]/td[2]/div/div"}
COMMAND: POST /session/1841494025458e3697387cb19f02ad73/element - {"using":"xpath","value":"//table[contains(@id, \"listView-innerSelectionPanelTable-listUl\")]/tbody/tr[21]/td[2]/div"}
RESULT: {}
COMMAND: GET /session/1841494025458e3697387cb19f02ad73/screenshot - {}
RESULT: {"using":"xpath","value":"//table[contains(@id, \"listView-innerSelectionPanelTable-listUl\")]/tbody/tr[21]/td[2]/div"}
COMMAND: POST /session/1841494025458e3697387cb19f02ad73/element - {"using":"xpath","value":"//table[contains(@id, \"listView-innerSelectionPanelTable-listUl\")]/tbody/tr[21]/td[3]/div/div/span/span[1]/bdi"}
RESULT: {}
RESULT: {"using":"xpath","value":"//table[contains(@id, \"listView-innerSelectionPanelTable-listUl\")]/tbody/tr[21]/td[3]/div/div/span/span[1]/bdi"}
COMMAND: POST /session/1841494025458e3697387cb19f02ad73/execute/sync - {"script":"<script> [56 bytes]","args":[{"element-6066-11e4-a52e-4f735466cecf":"f.4A5FBB56EC8D275E16A1B089E6612898.d.233D42D6305FCF8EE1EBD783C159262A.e.7835","ELEMENT":"f.4A5FBB56EC8D275E16A1B089E6612898.d.233D42D6305FCF8EE1EBD783C159262A.e.7835"}]}
RESULT: {"script":"<script> [56 bytes]","args":[{"element-6066-11e4-a52e-4f735466cecf":"f.4A5FBB56EC8D275E16A1B089E6612898.d.233D42D6305FCF8EE1EBD783C159262A.e.7835","ELEMENT":"f.4A5FBB56EC8D275E16A1B089E6612898.d.233D42D6305FCF8EE1EBD783C159262A.e.7835"}]}
COMMAND: GET /session/1841494025458e3697387cb19f02ad73/element/f.4A5FBB56EC8D275E16A1B089E6612898.d.233D42D6305FCF8EE1EBD783C159262A.e.7834/attribute/aria-checked - {}
COMMAND: GET /session/1841494025458e3697387cb19f02ad73/screenshot - {}
RESULT: {}
COMMAND: POST /session/1841494025458e3697387cb19f02ad73/element - {"using":"xpath","value":"//table[contains(@id, \"listView-innerSelectionPanelTable-listUl\")]/tbody/tr[22]/td[2]/div/div"}
COMMAND: POST /session/1841494025458e3697387cb19f02ad73/element/f.4A5FBB56EC8D275E16A1B089E6612898.d.233D42D6305FCF8EE1EBD783C159262A.e.7830/click - {}
RESULT: {}
RESULT: {"using":"xpath","value":"//table[contains(@id, \"listView-innerSelectionPanelTable-listUl\")]/tbody/tr[22]/td[2]/div/div"}
COMMAND: POST /session/1841494025458e3697387cb19f02ad73/element - {"using":"xpath","value":"//table[contains(@id, \"listView-innerSelectionPanelTable-listUl\")]/tbody/tr[22]/td[2]/div"}
RESULT: {}
COMMAND: GET /session/1841494025458e3697387cb19f02ad73/screenshot - {}
RESULT: {"using":"xpath","value":"//table[contains(@id, \"listView-innerSelectionPanelTable-listUl\")]/tbody/tr[22]/td[2]/div"}
COMMAND: POST /session/1841494025458e3697387cb19f02ad73/element - {"using":"xpath","value":"//table[contains(@id, \"listView-innerSelectionPanelTable-listUl\")]/tbody/tr[22]/td[3]/div/div/span/span[1]/bdi"}
RESULT: {}
RESULT: {"using":"xpath","value":"//table[contains(@id, \"listView-innerSelectionPanelTable-listUl\")]/tbody/tr[22]/td[3]/div/div/span/span[1]/bdi"}
COMMAND: POST /session/1841494025458e3697387cb19f02ad73/execute/sync - {"script":"<script> [56 bytes]","args":[{"element-6066-11e4-a52e-4f735466cecf":"f.4A5FBB56EC8D275E16A1B089E6612898.d.233D42D6305FCF8EE1EBD783C159262A.e.7839","ELEMENT":"f.4A5FBB56EC8D275E16A1B089E6612898.d.233D42D6305FCF8EE1EBD783C159262A.e.7839"}]}
RESULT: {"script":"<script> [56 bytes]","args":[{"element-6066-11e4-a52e-4f735466cecf":"f.4A5FBB56EC8D275E16A1B089E6612898.d.233D42D6305FCF8EE1EBD783C159262A.e.7839","ELEMENT":"f.4A5FBB56EC8D275E16A1B089E6612898.d.233D42D6305FCF8EE1EBD783C159262A.e.7839"}]}
COMMAND: GET /session/1841494025458e3697387cb19f02ad73/element/f.4A5FBB56EC8D275E16A1B089E6612898.d.233D42D6305FCF8EE1EBD783C159262A.e.7838/attribute/aria-checked - {}
COMMAND: GET /session/1841494025458e3697387cb19f02ad73/screenshot - {}
RESULT: {}
COMMAND: POST /session/1841494025458e3697387cb19f02ad73/element - {"using":"xpath","value":"//table[contains(@id, \"listView-innerSelectionPanelTable-listUl\")]/tbody/tr[23]/td[2]/div/div"}
RESULT: {}
RESULT: {"using":"xpath","value":"//table[contains(@id, \"listView-innerSelectionPanelTable-listUl\")]/tbody/tr[23]/td[2]/div/div"}
COMMAND: POST /session/1841494025458e3697387cb19f02ad73/element - {"using":"xpath","value":"//table[contains(@id, \"listView-innerSelectionPanelTable-listUl\")]/tbody/tr[23]/td[2]/div"}
RESULT: {"using":"xpath","value":"//table[contains(@id, \"listView-innerSelectionPanelTable-listUl\")]/tbody/tr[23]/td[2]/div"}
COMMAND: POST /session/1841494025458e3697387cb19f02ad73/element - {"using":"xpath","value":"//table[contains(@id, \"listView-innerSelectionPanelTable-listUl\")]/tbody/tr[23]/td[3]/div/div/span/span[1]/bdi"}
RESULT: {"using":"xpath","value":"//table[contains(@id, \"listView-innerSelectionPanelTable-listUl\")]/tbody/tr[23]/td[3]/div/div/span/span[1]/bdi"}
COMMAND: POST /session/1841494025458e3697387cb19f02ad73/execute/sync - {"script":"<script> [56 bytes]","args":[{"element-6066-11e4-a52e-4f735466cecf":"f.4A5FBB56EC8D275E16A1B089E6612898.d.233D42D6305FCF8EE1EBD783C159262A.e.7842","ELEMENT":"f.4A5FBB56EC8D275E16A1B089E6612898.d.233D42D6305FCF8EE1EBD783C159262A.e.7842"}]}
RESULT: {"script":"<script> [56 bytes]","args":[{"element-6066-11e4-a52e-4f735466cecf":"f.4A5FBB56EC8D275E16A1B089E6612898.d.233D42D6305FCF8EE1EBD783C159262A.e.7842","ELEMENT":"f.4A5FBB56EC8D275E16A1B089E6612898.d.233D42D6305FCF8EE1EBD783C159262A.e.7842"}]}
COMMAND: GET /session/1841494025458e3697387cb19f02ad73/element/f.4A5FBB56EC8D275E16A1B089E6612898.d.233D42D6305FCF8EE1EBD783C159262A.e.7841/attribute/aria-checked - {}
COMMAND: GET /session/1841494025458e3697387cb19f02ad73/screenshot - {}
RESULT: {}
COMMAND: POST /session/1841494025458e3697387cb19f02ad73/element - {"using":"xpath","value":"//table[contains(@id, \"listView-innerSelectionPanelTable-listUl\")]/tbody/tr[24]/td[2]/div/div"}
RESULT: {}
RESULT: {"using":"xpath","value":"//table[contains(@id, \"listView-innerSelectionPanelTable-listUl\")]/tbody/tr[24]/td[2]/div/div"}
COMMAND: POST /session/1841494025458e3697387cb19f02ad73/element - {"using":"xpath","value":"//table[contains(@id, \"listView-innerSelectionPanelTable-listUl\")]/tbody/tr[24]/td[2]/div"}
RESULT: {"using":"xpath","value":"//table[contains(@id, \"listView-innerSelectionPanelTable-listUl\")]/tbody/tr[24]/td[2]/div"}
COMMAND: POST /session/1841494025458e3697387cb19f02ad73/element - {"using":"xpath","value":"//table[contains(@id, \"listView-innerSelectionPanelTable-listUl\")]/tbody/tr[24]/td[3]/div/div/span/span[1]/bdi"}
RESULT: {"using":"xpath","value":"//table[contains(@id, \"listView-innerSelectionPanelTable-listUl\")]/tbody/tr[24]/td[3]/div/div/span/span[1]/bdi"}
COMMAND: POST /session/1841494025458e3697387cb19f02ad73/execute/sync - {"script":"<script> [56 bytes]","args":[{"element-6066-11e4-a52e-4f735466cecf":"f.4A5FBB56EC8D275E16A1B089E6612898.d.233D42D6305FCF8EE1EBD783C159262A.e.7845","ELEMENT":"f.4A5FBB56EC8D275E16A1B089E6612898.d.233D42D6305FCF8EE1EBD783C159262A.e.7845"}]}
RESULT: {"script":"<script> [56 bytes]","args":[{"element-6066-11e4-a52e-4f735466cecf":"f.4A5FBB56EC8D275E16A1B089E6612898.d.233D42D6305FCF8EE1EBD783C159262A.e.7845","ELEMENT":"f.4A5FBB56EC8D275E16A1B089E6612898.d.233D42D6305FCF8EE1EBD783C159262A.e.7845"}]}
COMMAND: GET /session/1841494025458e3697387cb19f02ad73/element/f.4A5FBB56EC8D275E16A1B089E6612898.d.233D42D6305FCF8EE1EBD783C159262A.e.7844/attribute/aria-checked - {}
COMMAND: GET /session/1841494025458e3697387cb19f02ad73/screenshot - {}
RESULT: {}
COMMAND: POST /session/1841494025458e3697387cb19f02ad73/element - {"using":"xpath","value":"//table[contains(@id, \"listView-innerSelectionPanelTable-listUl\")]/tbody/tr[25]/td[2]/div/div"}
RESULT: {}
RESULT: {"using":"xpath","value":"//table[contains(@id, \"listView-innerSelectionPanelTable-listUl\")]/tbody/tr[25]/td[2]/div/div"}
COMMAND: POST /session/1841494025458e3697387cb19f02ad73/element - {"using":"xpath","value":"//table[contains(@id, \"listView-innerSelectionPanelTable-listUl\")]/tbody/tr[25]/td[2]/div"}
RESULT: {"using":"xpath","value":"//table[contains(@id, \"listView-innerSelectionPanelTable-listUl\")]/tbody/tr[25]/td[2]/div"}
COMMAND: POST /session/1841494025458e3697387cb19f02ad73/element - {"using":"xpath","value":"//table[contains(@id, \"listView-innerSelectionPanelTable-listUl\")]/tbody/tr[25]/td[3]/div/div/span/span[1]/bdi"}
RESULT: {"using":"xpath","value":"//table[contains(@id, \"listView-innerSelectionPanelTable-listUl\")]/tbody/tr[25]/td[3]/div/div/span/span[1]/bdi"}
COMMAND: POST /session/1841494025458e3697387cb19f02ad73/execute/sync - {"script":"<script> [56 bytes]","args":[{"element-6066-11e4-a52e-4f735466cecf":"f.4A5FBB56EC8D275E16A1B089E6612898.d.233D42D6305FCF8EE1EBD783C159262A.e.7848","ELEMENT":"f.4A5FBB56EC8D275E16A1B089E6612898.d.233D42D6305FCF8EE1EBD783C159262A.e.7848"}]}
RESULT: {"script":"<script> [56 bytes]","args":[{"element-6066-11e4-a52e-4f735466cecf":"f.4A5FBB56EC8D275E16A1B089E6612898.d.233D42D6305FCF8EE1EBD783C159262A.e.7848","ELEMENT":"f.4A5FBB56EC8D275E16A1B089E6612898.d.233D42D6305FCF8EE1EBD783C159262A.e.7848"}]}
COMMAND: GET /session/1841494025458e3697387cb19f02ad73/element/f.4A5FBB56EC8D275E16A1B089E6612898.d.233D42D6305FCF8EE1EBD783C159262A.e.7847/attribute/aria-checked - {}
COMMAND: GET /session/1841494025458e3697387cb19f02ad73/screenshot - {}
RESULT: {}
COMMAND: POST /session/1841494025458e3697387cb19f02ad73/element - {"using":"xpath","value":"//bdi[contains(text(), \"OK\")]"}
RESULT: {}
RESULT: {"using":"xpath","value":"//bdi[contains(text(), \"OK\")]"}
COMMAND: POST /session/1841494025458e3697387cb19f02ad73/element/f.4A5FBB56EC8D275E16A1B089E6612898.d.233D42D6305FCF8EE1EBD783C159262A.e.7849/click - {}
RESULT: {}
COMMAND: GET /session/1841494025458e3697387cb19f02ad73/screenshot - {}
RESULT: {}
COMMAND: POST /session/1841494025458e3697387cb19f02ad73/execute/async - {"script":"<script> [1562 bytes]","args":[{"selector":{"id":"application-managepartners-display-component---masterPtm--smartFilterBar-filterItemControlA_-LINK_TO_ADDRESSES_MAIN.ID-vhi"},"wdio_ui5_key":"applicationmanagepartners-display-component---masterPtm--smartFilterBar-filterItemControlA_-LINK_TO_ADDRESSES_MAIN.ID-vhi"}]}
RESULT: {"script":"<script> [1562 bytes]","args":[{"selector":{"id":"application-managepartners-display-component---masterPtm--smartFilterBar-filterItemControlA_-LINK_TO_ADDRESSES_MAIN.ID-vhi"},"wdio_ui5_key":"applicationmanagepartners-display-component---masterPtm--smartFilterBar-filterItemControlA_-LINK_TO_ADDRESSES_MAIN.ID-vhi"}]}
RESULT: undefined
COMMAND: POST /session/1841494025458e3697387cb19f02ad73/element - {"using":"xpath","value":"//*[@id=\"application-managepartners-display-component---masterPtm--smartFilterBar-filterItemControlA_-LINK_TO_ADDRESSES_MAIN.ID-vhi\"]"}
RESULT: {"using":"xpath","value":"//*[@id=\"application-managepartners-display-component---masterPtm--smartFilterBar-filterItemControlA_-LINK_TO_ADDRESSES_MAIN.ID-vhi\"]"}
COMMAND: POST /session/1841494025458e3697387cb19f02ad73/element/f.4A5FBB56EC8D275E16A1B089E6612898.d.233D42D6305FCF8EE1EBD783C159262A.e.7862/click - {}
RESULT: {}
COMMAND: GET /session/1841494025458e3697387cb19f02ad73/screenshot - {}
RESULT: {}
COMMAND: POST /session/1841494025458e3697387cb19f02ad73/element - {"using":"xpath","value":"//div[input[@value=\"contains\"]]//span[contains(@id, \"arrow\")]"}
RESULT: {"using":"xpath","value":"//div[input[@value=\"contains\"]]//span[contains(@id, \"arrow\")]"}
COMMAND: POST /session/1841494025458e3697387cb19f02ad73/element/f.4A5FBB56EC8D275E16A1B089E6612898.d.233D42D6305FCF8EE1EBD783C159262A.e.7867/click - {}
RESULT: {}
COMMAND: GET /session/1841494025458e3697387cb19f02ad73/screenshot - {}
RESULT: {}
COMMAND: POST /session/1841494025458e3697387cb19f02ad73/element - {"using":"xpath","value":"//li[.//span[text()='equal to']]"}
RESULT: {"using":"xpath","value":"//li[.//span[text()='equal to']]"}
COMMAND: POST /session/1841494025458e3697387cb19f02ad73/element/f.4A5FBB56EC8D275E16A1B089E6612898.d.233D42D6305FCF8EE1EBD783C159262A.e.7868/click - {}
RESULT: {}
COMMAND: GET /session/1841494025458e3697387cb19f02ad73/screenshot - {}
RESULT: {}
RESULT: undefined
COMMAND: POST /session/1841494025458e3697387cb19f02ad73/execute/async - {"script":"<script> [776 bytes]","args":[{"enterText":"1006","selector":{"controlType":"sap.m.Input","viewName":"etm.portal.ui.managepartners.view.Master","viewId":"application-managepartners-display-component---masterPtm","properties":{"valueState":"None"},"searchOpenDialogs":true,"interaction":{"idSuffix":"inner"}},"clearTextFirst":true,"interactionType":"ENTER_TEXT"}]}
RESULT: {"script":"<script> [776 bytes]","args":[{"enterText":"1006","selector":{"controlType":"sap.m.Input","viewName":"etm.portal.ui.managepartners.view.Master","viewId":"application-managepartners-display-component---masterPtm","properties":{"valueState":"None"},"searchOpenDialogs":true,"interaction":{"idSuffix":"inner"}},"clearTextFirst":true,"interactionType":"ENTER_TEXT"}]}
COMMAND: POST /session/1841494025458e3697387cb19f02ad73/actions - {"actions":[{"id":"action22","type":"key","parameters":{},"actions":[{"type":"keyDown","value":"î€‡"},{"type":"pause","duration":10},{"type":"keyUp","value":"î€‡"}]}]}
RESULT: {"actions":[{"id":"action22","type":"key","parameters":{},"actions":[{"type":"keyDown","value":"î€‡"},{"type":"pause","duration":10},{"type":"keyUp","value":"î€‡"}]}]}
COMMAND: GET /session/1841494025458e3697387cb19f02ad73/screenshot - {}
RESULT: {}
COMMAND: POST /session/1841494025458e3697387cb19f02ad73/element - {"using":"xpath","value":"(//bdi[contains(text(), \"OK\")])[1]"}
RESULT: {"using":"xpath","value":"(//bdi[contains(text(), \"OK\")])[1]"}
COMMAND: POST /session/1841494025458e3697387cb19f02ad73/element/f.4A5FBB56EC8D275E16A1B089E6612898.d.233D42D6305FCF8EE1EBD783C159262A.e.7869/click - {}
RESULT: {}
COMMAND: GET /session/1841494025458e3697387cb19f02ad73/screenshot - {}
RESULT: {}
COMMAND: POST /session/1841494025458e3697387cb19f02ad73/element - {"using":"xpath","value":"//span[@id=\"application-managepartners-display-component---masterPtm--smartTable-header-inner\"]"}
RESULT: {"using":"xpath","value":"//span[@id=\"application-managepartners-display-component---masterPtm--smartTable-header-inner\"]"}
COMMAND: POST /session/1841494025458e3697387cb19f02ad73/elements - {"using":"xpath","value":"//span[@id=\"application-managepartners-display-component---masterPtm--smartTable-header-inner\"]"}
RESULT: {"using":"xpath","value":"//span[@id=\"application-managepartners-display-component---masterPtm--smartTable-header-inner\"]"}
COMMAND: POST /session/1841494025458e3697387cb19f02ad73/execute/sync - {"script":"<script> [56 bytes]","args":[{"element-6066-11e4-a52e-4f735466cecf":"f.4A5FBB56EC8D275E16A1B089E6612898.d.233D42D6305FCF8EE1EBD783C159262A.e.7707","ELEMENT":"f.4A5FBB56EC8D275E16A1B089E6612898.d.233D42D6305FCF8EE1EBD783C159262A.e.7707"}]}
RESULT: {"script":"<script> [56 bytes]","args":[{"element-6066-11e4-a52e-4f735466cecf":"f.4A5FBB56EC8D275E16A1B089E6612898.d.233D42D6305FCF8EE1EBD783C159262A.e.7707","ELEMENT":"f.4A5FBB56EC8D275E16A1B089E6612898.d.233D42D6305FCF8EE1EBD783C159262A.e.7707"}]}
COMMAND: POST /session/1841494025458e3697387cb19f02ad73/element - {"using":"xpath","value":"//span[contains(@title, \"Remove\")]"}
COMMAND: GET /session/1841494025458e3697387cb19f02ad73/screenshot - {}
RESULT: {"using":"xpath","value":"//span[contains(@title, \"Remove\")]"}
COMMAND: POST /session/1841494025458e3697387cb19f02ad73/element/f.4A5FBB56EC8D275E16A1B089E6612898.d.233D42D6305FCF8EE1EBD783C159262A.e.7873/click - {}
RESULT: {}
RESULT: {}
COMMAND: GET /session/1841494025458e3697387cb19f02ad73/screenshot - {}
RESULT: {}
RESULT: undefined
COMMAND: POST /session/1841494025458e3697387cb19f02ad73/element - {"using":"xpath","value":"//*[@id=\"application-managepartners-display-component---masterPtm--smartFilterBar-filterItemControl_BASIC-YARD-vhi\"]"}
RESULT: {"using":"xpath","value":"//*[@id=\"application-managepartners-display-component---masterPtm--smartFilterBar-filterItemControl_BASIC-YARD-vhi\"]"}
COMMAND: POST /session/1841494025458e3697387cb19f02ad73/element/f.4A5FBB56EC8D275E16A1B089E6612898.d.233D42D6305FCF8EE1EBD783C159262A.e.7978/click - {}
RESULT: {}
COMMAND: GET /session/1841494025458e3697387cb19f02ad73/screenshot - {}
RESULT: {}
RESULT: undefined
COMMAND: POST /session/1841494025458e3697387cb19f02ad73/execute/async - {"script":"<script> [776 bytes]","args":[{"enterText":"Test","selector":{"id":"application-managepartners-display-component---masterPtm--smartFilterBar-filterItemControl_BASIC-YARD-valueHelpDialog-smartFilterBar-btnBasicSearch","searchOpenDialogs":true,"interaction":{"idSuffix":"I"}},"clearTextFirst":true,"interactionType":"ENTER_TEXT"}]}
RESULT: {"script":"<script> [776 bytes]","args":[{"enterText":"Test","selector":{"id":"application-managepartners-display-component---masterPtm--smartFilterBar-filterItemControl_BASIC-YARD-valueHelpDialog-smartFilterBar-btnBasicSearch","searchOpenDialogs":true,"interaction":{"idSuffix":"I"}},"clearTextFirst":true,"interactionType":"ENTER_TEXT"}]}
COMMAND: POST /session/1841494025458e3697387cb19f02ad73/actions - {"actions":[{"id":"action23","type":"key","parameters":{},"actions":[{"type":"keyDown","value":"î€‡"},{"type":"pause","duration":10},{"type":"keyUp","value":"î€‡"}]}]}
RESULT: {"actions":[{"id":"action23","type":"key","parameters":{},"actions":[{"type":"keyDown","value":"î€‡"},{"type":"pause","duration":10},{"type":"keyUp","value":"î€‡"}]}]}
COMMAND: POST /session/1841494025458e3697387cb19f02ad73/elements - {"using":"xpath","value":"//table[contains(@id, \"smartFilterBar-filterItemControl_BASIC-YARD-valueHelpDialog-table-table\")]/tbody/tr"}
COMMAND: GET /session/1841494025458e3697387cb19f02ad73/screenshot - {}
RESULT: {"using":"xpath","value":"//table[contains(@id, \"smartFilterBar-filterItemControl_BASIC-YARD-valueHelpDialog-table-table\")]/tbody/tr"}
COMMAND: POST /session/1841494025458e3697387cb19f02ad73/element - {"using":"xpath","value":"//table[contains(@id, \"smartFilterBar-filterItemControl_BASIC-YARD-valueHelpDialog-table-table\")]/tbody/tr[1]/td[1]/div/span"}
RESULT: {}
RESULT: {"using":"xpath","value":"//table[contains(@id, \"smartFilterBar-filterItemControl_BASIC-YARD-valueHelpDialog-table-table\")]/tbody/tr[1]/td[1]/div/span"}
COMMAND: POST /session/1841494025458e3697387cb19f02ad73/elements - {"using":"xpath","value":"//table[contains(@id, \"smartFilterBar-filterItemControl_BASIC-YARD-valueHelpDialog-table-table\")]/tbody/tr[1]/td[1]/div/span"}
RESULT: {"using":"xpath","value":"//table[contains(@id, \"smartFilterBar-filterItemControl_BASIC-YARD-valueHelpDialog-table-table\")]/tbody/tr[1]/td[1]/div/span"}
COMMAND: POST /session/1841494025458e3697387cb19f02ad73/execute/sync - {"script":"<script> [56 bytes]","args":[{"element-6066-11e4-a52e-4f735466cecf":"f.4A5FBB56EC8D275E16A1B089E6612898.d.233D42D6305FCF8EE1EBD783C159262A.e.7997","ELEMENT":"f.4A5FBB56EC8D275E16A1B089E6612898.d.233D42D6305FCF8EE1EBD783C159262A.e.7997"}]}
RESULT: {"script":"<script> [56 bytes]","args":[{"element-6066-11e4-a52e-4f735466cecf":"f.4A5FBB56EC8D275E16A1B089E6612898.d.233D42D6305FCF8EE1EBD783C159262A.e.7997","ELEMENT":"f.4A5FBB56EC8D275E16A1B089E6612898.d.233D42D6305FCF8EE1EBD783C159262A.e.7997"}]}
COMMAND: POST /session/1841494025458e3697387cb19f02ad73/element - {"using":"xpath","value":"//table[contains(@id, \"smartFilterBar-filterItemControl_BASIC-YARD-valueHelpDialog-table-table\")]/tbody/tr[2]/td[1]/div/span"}
COMMAND: GET /session/1841494025458e3697387cb19f02ad73/screenshot - {}
RESULT: {"using":"xpath","value":"//table[contains(@id, \"smartFilterBar-filterItemControl_BASIC-YARD-valueHelpDialog-table-table\")]/tbody/tr[2]/td[1]/div/span"}
COMMAND: POST /session/1841494025458e3697387cb19f02ad73/elements - {"using":"xpath","value":"//table[contains(@id, \"smartFilterBar-filterItemControl_BASIC-YARD-valueHelpDialog-table-table\")]/tbody/tr[2]/td[1]/div/span"}
RESULT: {}
RESULT: {"using":"xpath","value":"//table[contains(@id, \"smartFilterBar-filterItemControl_BASIC-YARD-valueHelpDialog-table-table\")]/tbody/tr[2]/td[1]/div/span"}
COMMAND: POST /session/1841494025458e3697387cb19f02ad73/execute/sync - {"script":"<script> [56 bytes]","args":[{"element-6066-11e4-a52e-4f735466cecf":"f.4A5FBB56EC8D275E16A1B089E6612898.d.233D42D6305FCF8EE1EBD783C159262A.e.7998","ELEMENT":"f.4A5FBB56EC8D275E16A1B089E6612898.d.233D42D6305FCF8EE1EBD783C159262A.e.7998"}]}
RESULT: {"script":"<script> [56 bytes]","args":[{"element-6066-11e4-a52e-4f735466cecf":"f.4A5FBB56EC8D275E16A1B089E6612898.d.233D42D6305FCF8EE1EBD783C159262A.e.7998","ELEMENT":"f.4A5FBB56EC8D275E16A1B089E6612898.d.233D42D6305FCF8EE1EBD783C159262A.e.7998"}]}
COMMAND: POST /session/1841494025458e3697387cb19f02ad73/element - {"using":"xpath","value":"//table[contains(@id, \"smartFilterBar-filterItemControl_BASIC-YARD-valueHelpDialog-table-table\")]/tbody/tr[3]/td[1]/div/span"}
COMMAND: GET /session/1841494025458e3697387cb19f02ad73/screenshot - {}
RESULT: {"using":"xpath","value":"//table[contains(@id, \"smartFilterBar-filterItemControl_BASIC-YARD-valueHelpDialog-table-table\")]/tbody/tr[3]/td[1]/div/span"}
COMMAND: POST /session/1841494025458e3697387cb19f02ad73/elements - {"using":"xpath","value":"//table[contains(@id, \"smartFilterBar-filterItemControl_BASIC-YARD-valueHelpDialog-table-table\")]/tbody/tr[3]/td[1]/div/span"}
RESULT: {}
RESULT: {"using":"xpath","value":"//table[contains(@id, \"smartFilterBar-filterItemControl_BASIC-YARD-valueHelpDialog-table-table\")]/tbody/tr[3]/td[1]/div/span"}
COMMAND: POST /session/1841494025458e3697387cb19f02ad73/execute/sync - {"script":"<script> [56 bytes]","args":[{"element-6066-11e4-a52e-4f735466cecf":"f.4A5FBB56EC8D275E16A1B089E6612898.d.233D42D6305FCF8EE1EBD783C159262A.e.7999","ELEMENT":"f.4A5FBB56EC8D275E16A1B089E6612898.d.233D42D6305FCF8EE1EBD783C159262A.e.7999"}]}
RESULT: {"script":"<script> [56 bytes]","args":[{"element-6066-11e4-a52e-4f735466cecf":"f.4A5FBB56EC8D275E16A1B089E6612898.d.233D42D6305FCF8EE1EBD783C159262A.e.7999","ELEMENT":"f.4A5FBB56EC8D275E16A1B089E6612898.d.233D42D6305FCF8EE1EBD783C159262A.e.7999"}]}
COMMAND: POST /session/1841494025458e3697387cb19f02ad73/element - {"using":"xpath","value":"//div[contains(@id, \"filterItemControl_BASIC-YARD-valueHelpDialog-table-rowsel2\")]"}
COMMAND: GET /session/1841494025458e3697387cb19f02ad73/screenshot - {}
RESULT: {"using":"xpath","value":"//div[contains(@id, \"filterItemControl_BASIC-YARD-valueHelpDialog-table-rowsel2\")]"}
COMMAND: POST /session/1841494025458e3697387cb19f02ad73/element/f.4A5FBB56EC8D275E16A1B089E6612898.d.233D42D6305FCF8EE1EBD783C159262A.e.8000/click - {}
RESULT: {}
RESULT: {}
COMMAND: GET /session/1841494025458e3697387cb19f02ad73/screenshot - {}
RESULT: {}
COMMAND: POST /session/1841494025458e3697387cb19f02ad73/element - {"using":"xpath","value":"(//bdi[contains(text(), \"OK\")])[1]"}
RESULT: {"using":"xpath","value":"(//bdi[contains(text(), \"OK\")])[1]"}
COMMAND: POST /session/1841494025458e3697387cb19f02ad73/element/f.4A5FBB56EC8D275E16A1B089E6612898.d.233D42D6305FCF8EE1EBD783C159262A.e.8002/click - {}
RESULT: {}
COMMAND: GET /session/1841494025458e3697387cb19f02ad73/screenshot - {}
RESULT: {}
COMMAND: POST /session/1841494025458e3697387cb19f02ad73/element - {"using":"xpath","value":"//span[@id=\"application-managepartners-display-component---masterPtm--smartTable-header-inner\"]"}
RESULT: {"using":"xpath","value":"//span[@id=\"application-managepartners-display-component---masterPtm--smartTable-header-inner\"]"}
COMMAND: POST /session/1841494025458e3697387cb19f02ad73/elements - {"using":"xpath","value":"//span[@id=\"application-managepartners-display-component---masterPtm--smartTable-header-inner\"]"}
RESULT: {"using":"xpath","value":"//span[@id=\"application-managepartners-display-component---masterPtm--smartTable-header-inner\"]"}
COMMAND: POST /session/1841494025458e3697387cb19f02ad73/execute/sync - {"script":"<script> [56 bytes]","args":[{"element-6066-11e4-a52e-4f735466cecf":"f.4A5FBB56EC8D275E16A1B089E6612898.d.233D42D6305FCF8EE1EBD783C159262A.e.7707","ELEMENT":"f.4A5FBB56EC8D275E16A1B089E6612898.d.233D42D6305FCF8EE1EBD783C159262A.e.7707"}]}
RESULT: {"script":"<script> [56 bytes]","args":[{"element-6066-11e4-a52e-4f735466cecf":"f.4A5FBB56EC8D275E16A1B089E6612898.d.233D42D6305FCF8EE1EBD783C159262A.e.7707","ELEMENT":"f.4A5FBB56EC8D275E16A1B089E6612898.d.233D42D6305FCF8EE1EBD783C159262A.e.7707"}]}
COMMAND: POST /session/1841494025458e3697387cb19f02ad73/element - {"using":"xpath","value":"//span[contains(@title, \"Remove\")]"}
COMMAND: GET /session/1841494025458e3697387cb19f02ad73/screenshot - {}
RESULT: {"using":"xpath","value":"//span[contains(@title, \"Remove\")]"}
COMMAND: POST /session/1841494025458e3697387cb19f02ad73/element/f.4A5FBB56EC8D275E16A1B089E6612898.d.233D42D6305FCF8EE1EBD783C159262A.e.8015/click - {}
RESULT: {}
RESULT: {}
COMMAND: GET /session/1841494025458e3697387cb19f02ad73/screenshot - {}
RESULT: undefined
COMMAND: POST /session/1841494025458e3697387cb19f02ad73/element - {"using":"xpath","value":"//*[@id=\"application-managepartners-display-component---masterPtm--smartFilterBar-filterItemControl_BASIC-MAIN_ADDRESS-vhi\"]"}
RESULT: {}
RESULT: {"using":"xpath","value":"//*[@id=\"application-managepartners-display-component---masterPtm--smartFilterBar-filterItemControl_BASIC-MAIN_ADDRESS-vhi\"]"}
COMMAND: POST /session/1841494025458e3697387cb19f02ad73/element/f.4A5FBB56EC8D275E16A1B089E6612898.d.233D42D6305FCF8EE1EBD783C159262A.e.8118/click - {}
RESULT: {}
COMMAND: GET /session/1841494025458e3697387cb19f02ad73/screenshot - {}
RESULT: {}
RESULT: undefined
COMMAND: POST /session/1841494025458e3697387cb19f02ad73/execute/async - {"script":"<script> [776 bytes]","args":[{"enterText":"Romania","selector":{"id":"application-managepartners-display-component---masterPtm--smartFilterBar-filterItemControl_BASIC-MAIN_ADDRESS-valueHelpDialog-smartFilterBar-btnBasicSearch","searchOpenDialogs":true,"interaction":{"idSuffix":"I"}},"clearTextFirst":true,"interactionType":"ENTER_TEXT"}]}
RESULT: {"script":"<script> [776 bytes]","args":[{"enterText":"Romania","selector":{"id":"application-managepartners-display-component---masterPtm--smartFilterBar-filterItemControl_BASIC-MAIN_ADDRESS-valueHelpDialog-smartFilterBar-btnBasicSearch","searchOpenDialogs":true,"interaction":{"idSuffix":"I"}},"clearTextFirst":true,"interactionType":"ENTER_TEXT"}]}
COMMAND: POST /session/1841494025458e3697387cb19f02ad73/actions - {"actions":[{"id":"action24","type":"key","parameters":{},"actions":[{"type":"keyDown","value":"î€‡"},{"type":"pause","duration":10},{"type":"keyUp","value":"î€‡"}]}]}
RESULT: {"actions":[{"id":"action24","type":"key","parameters":{},"actions":[{"type":"keyDown","value":"î€‡"},{"type":"pause","duration":10},{"type":"keyUp","value":"î€‡"}]}]}
COMMAND: POST /session/1841494025458e3697387cb19f02ad73/elements - {"using":"xpath","value":"//table[contains(@id, \"smartFilterBar-filterItemControl_BASIC-MAIN_ADDRESS-valueHelpDialog-table-table\")]/tbody/tr"}
COMMAND: GET /session/1841494025458e3697387cb19f02ad73/screenshot - {}
RESULT: {"using":"xpath","value":"//table[contains(@id, \"smartFilterBar-filterItemControl_BASIC-MAIN_ADDRESS-valueHelpDialog-table-table\")]/tbody/tr"}
COMMAND: POST /session/1841494025458e3697387cb19f02ad73/element - {"using":"xpath","value":"//table[contains(@id, \"smartFilterBar-filterItemControl_BASIC-MAIN_ADDRESS-valueHelpDialog-table-table\")]/tbody/tr[1]/td[1]/div/span"}
RESULT: {}
RESULT: {"using":"xpath","value":"//table[contains(@id, \"smartFilterBar-filterItemControl_BASIC-MAIN_ADDRESS-valueHelpDialog-table-table\")]/tbody/tr[1]/td[1]/div/span"}
COMMAND: POST /session/1841494025458e3697387cb19f02ad73/elements - {"using":"xpath","value":"//table[contains(@id, \"smartFilterBar-filterItemControl_BASIC-MAIN_ADDRESS-valueHelpDialog-table-table\")]/tbody/tr[1]/td[1]/div/span"}
RESULT: {"using":"xpath","value":"//table[contains(@id, \"smartFilterBar-filterItemControl_BASIC-MAIN_ADDRESS-valueHelpDialog-table-table\")]/tbody/tr[1]/td[1]/div/span"}
COMMAND: POST /session/1841494025458e3697387cb19f02ad73/execute/sync - {"script":"<script> [56 bytes]","args":[{"element-6066-11e4-a52e-4f735466cecf":"f.4A5FBB56EC8D275E16A1B089E6612898.d.233D42D6305FCF8EE1EBD783C159262A.e.8139","ELEMENT":"f.4A5FBB56EC8D275E16A1B089E6612898.d.233D42D6305FCF8EE1EBD783C159262A.e.8139"}]}
RESULT: {"script":"<script> [56 bytes]","args":[{"element-6066-11e4-a52e-4f735466cecf":"f.4A5FBB56EC8D275E16A1B089E6612898.d.233D42D6305FCF8EE1EBD783C159262A.e.8139","ELEMENT":"f.4A5FBB56EC8D275E16A1B089E6612898.d.233D42D6305FCF8EE1EBD783C159262A.e.8139"}]}
COMMAND: POST /session/1841494025458e3697387cb19f02ad73/element - {"using":"xpath","value":"//div[contains(@id, \"filterItemControl_BASIC-MAIN_ADDRESS-valueHelpDialog-table-rowsel0\")]"}
COMMAND: GET /session/1841494025458e3697387cb19f02ad73/screenshot - {}
RESULT: {"using":"xpath","value":"//div[contains(@id, \"filterItemControl_BASIC-MAIN_ADDRESS-valueHelpDialog-table-rowsel0\")]"}
COMMAND: POST /session/1841494025458e3697387cb19f02ad73/element/f.4A5FBB56EC8D275E16A1B089E6612898.d.233D42D6305FCF8EE1EBD783C159262A.e.8140/click - {}
RESULT: {}
RESULT: {}
COMMAND: GET /session/1841494025458e3697387cb19f02ad73/screenshot - {}
RESULT: {}
COMMAND: POST /session/1841494025458e3697387cb19f02ad73/element - {"using":"xpath","value":"(//bdi[contains(text(), \"OK\")])[1]"}
RESULT: {"using":"xpath","value":"(//bdi[contains(text(), \"OK\")])[1]"}
COMMAND: POST /session/1841494025458e3697387cb19f02ad73/element/f.4A5FBB56EC8D275E16A1B089E6612898.d.233D42D6305FCF8EE1EBD783C159262A.e.8142/click - {}
RESULT: {}
COMMAND: GET /session/1841494025458e3697387cb19f02ad73/screenshot - {}
RESULT: {}
COMMAND: POST /session/1841494025458e3697387cb19f02ad73/element - {"using":"xpath","value":"//span[@id=\"application-managepartners-display-component---masterPtm--smartTable-header-inner\"]"}
RESULT: {"using":"xpath","value":"//span[@id=\"application-managepartners-display-component---masterPtm--smartTable-header-inner\"]"}
COMMAND: POST /session/1841494025458e3697387cb19f02ad73/elements - {"using":"xpath","value":"//span[@id=\"application-managepartners-display-component---masterPtm--smartTable-header-inner\"]"}
RESULT: {"using":"xpath","value":"//span[@id=\"application-managepartners-display-component---masterPtm--smartTable-header-inner\"]"}
COMMAND: POST /session/1841494025458e3697387cb19f02ad73/execute/sync - {"script":"<script> [56 bytes]","args":[{"element-6066-11e4-a52e-4f735466cecf":"f.4A5FBB56EC8D275E16A1B089E6612898.d.233D42D6305FCF8EE1EBD783C159262A.e.7707","ELEMENT":"f.4A5FBB56EC8D275E16A1B089E6612898.d.233D42D6305FCF8EE1EBD783C159262A.e.7707"}]}
RESULT: {"script":"<script> [56 bytes]","args":[{"element-6066-11e4-a52e-4f735466cecf":"f.4A5FBB56EC8D275E16A1B089E6612898.d.233D42D6305FCF8EE1EBD783C159262A.e.7707","ELEMENT":"f.4A5FBB56EC8D275E16A1B089E6612898.d.233D42D6305FCF8EE1EBD783C159262A.e.7707"}]}
COMMAND: POST /session/1841494025458e3697387cb19f02ad73/element - {"using":"xpath","value":"//span[contains(@title, \"Remove\")]"}
COMMAND: GET /session/1841494025458e3697387cb19f02ad73/screenshot - {}
RESULT: {"using":"xpath","value":"//span[contains(@title, \"Remove\")]"}
COMMAND: POST /session/1841494025458e3697387cb19f02ad73/element/f.4A5FBB56EC8D275E16A1B089E6612898.d.233D42D6305FCF8EE1EBD783C159262A.e.8155/click - {}
RESULT: {}
RESULT: {}
COMMAND: GET /session/1841494025458e3697387cb19f02ad73/screenshot - {}
RESULT: {}
COMMAND: POST /session/1841494025458e3697387cb19f02ad73/execute/async - {"script":"<script> [1562 bytes]","args":[{"selector":{"id":"application-managepartners-display-component---masterPtm--catalogs-arrow"},"wdio_ui5_key":"applicationmanagepartners-display-component---masterPtm--catalogs-arrow"}]}
RESULT: {"script":"<script> [1562 bytes]","args":[{"selector":{"id":"application-managepartners-display-component---masterPtm--catalogs-arrow"},"wdio_ui5_key":"applicationmanagepartners-display-component---masterPtm--catalogs-arrow"}]}
RESULT: undefined
COMMAND: POST /session/1841494025458e3697387cb19f02ad73/element - {"using":"xpath","value":"//*[@id=\"application-managepartners-display-component---masterPtm--catalogs-arrow\"]"}
RESULT: {"using":"xpath","value":"//*[@id=\"application-managepartners-display-component---masterPtm--catalogs-arrow\"]"}
COMMAND: POST /session/1841494025458e3697387cb19f02ad73/element/f.4A5FBB56EC8D275E16A1B089E6612898.d.233D42D6305FCF8EE1EBD783C159262A.e.8259/click - {}
RESULT: {}
COMMAND: GET /session/1841494025458e3697387cb19f02ad73/screenshot - {}
RESULT: {}
COMMAND: POST /session/1841494025458e3697387cb19f02ad73/element - {"using":"xpath","value":"//li[.//span[text()=\"Webshop Catalog\"]]//div[contains(@class,\"sapMCbBg\")]"}
RESULT: {"using":"xpath","value":"//li[.//span[text()=\"Webshop Catalog\"]]//div[contains(@class,\"sapMCbBg\")]"}
COMMAND: POST /session/1841494025458e3697387cb19f02ad73/element/f.4A5FBB56EC8D275E16A1B089E6612898.d.233D42D6305FCF8EE1EBD783C159262A.e.8271/click - {}
RESULT: {}
COMMAND: GET /session/1841494025458e3697387cb19f02ad73/screenshot - {}
RESULT: {}
RESULT: undefined
COMMAND: POST /session/1841494025458e3697387cb19f02ad73/element - {"using":"xpath","value":"//*[@id=\"application-managepartners-display-component---masterPtm--catalogs-arrow\"]"}
RESULT: {"using":"xpath","value":"//*[@id=\"application-managepartners-display-component---masterPtm--catalogs-arrow\"]"}
COMMAND: POST /session/1841494025458e3697387cb19f02ad73/element/f.4A5FBB56EC8D275E16A1B089E6612898.d.233D42D6305FCF8EE1EBD783C159262A.e.8259/click - {}
RESULT: {}
COMMAND: POST /session/1841494025458e3697387cb19f02ad73/element - {"using":"xpath","value":"//span[@id=\"application-managepartners-display-component---masterPtm--smartTable-header-inner\"]"}
COMMAND: GET /session/1841494025458e3697387cb19f02ad73/screenshot - {}
RESULT: {"using":"xpath","value":"//span[@id=\"application-managepartners-display-component---masterPtm--smartTable-header-inner\"]"}
COMMAND: POST /session/1841494025458e3697387cb19f02ad73/elements - {"using":"xpath","value":"//span[@id=\"application-managepartners-display-component---masterPtm--smartTable-header-inner\"]"}
RESULT: {}
RESULT: {"using":"xpath","value":"//span[@id=\"application-managepartners-display-component---masterPtm--smartTable-header-inner\"]"}
COMMAND: POST /session/1841494025458e3697387cb19f02ad73/execute/sync - {"script":"<script> [56 bytes]","args":[{"element-6066-11e4-a52e-4f735466cecf":"f.4A5FBB56EC8D275E16A1B089E6612898.d.233D42D6305FCF8EE1EBD783C159262A.e.7707","ELEMENT":"f.4A5FBB56EC8D275E16A1B089E6612898.d.233D42D6305FCF8EE1EBD783C159262A.e.7707"}]}
RESULT: {"script":"<script> [56 bytes]","args":[{"element-6066-11e4-a52e-4f735466cecf":"f.4A5FBB56EC8D275E16A1B089E6612898.d.233D42D6305FCF8EE1EBD783C159262A.e.7707","ELEMENT":"f.4A5FBB56EC8D275E16A1B089E6612898.d.233D42D6305FCF8EE1EBD783C159262A.e.7707"}]}
COMMAND: POST /session/1841494025458e3697387cb19f02ad73/element - {"using":"xpath","value":"//span[contains(@title, \"Remove\")]"}
COMMAND: GET /session/1841494025458e3697387cb19f02ad73/screenshot - {}
RESULT: {"using":"xpath","value":"//span[contains(@title, \"Remove\")]"}
COMMAND: POST /session/1841494025458e3697387cb19f02ad73/element/f.4A5FBB56EC8D275E16A1B089E6612898.d.233D42D6305FCF8EE1EBD783C159262A.e.8286/click - {}
RESULT: {}
RESULT: {}
COMMAND: GET /session/1841494025458e3697387cb19f02ad73/screenshot - {}
RESULT: {}
COMMAND: POST /session/1841494025458e3697387cb19f02ad73/execute/async - {"script":"<script> [1562 bytes]","args":[{"selector":{"id":"application-managepartners-display-component---masterPtm--currencies-arrow"},"wdio_ui5_key":"applicationmanagepartners-display-component---masterPtm--currencies-arrow"}]}
RESULT: {"script":"<script> [1562 bytes]","args":[{"selector":{"id":"application-managepartners-display-component---masterPtm--currencies-arrow"},"wdio_ui5_key":"applicationmanagepartners-display-component---masterPtm--currencies-arrow"}]}
RESULT: undefined
COMMAND: POST /session/1841494025458e3697387cb19f02ad73/element - {"using":"xpath","value":"//*[@id=\"application-managepartners-display-component---masterPtm--currencies-arrow\"]"}
RESULT: {"using":"xpath","value":"//*[@id=\"application-managepartners-display-component---masterPtm--currencies-arrow\"]"}
COMMAND: POST /session/1841494025458e3697387cb19f02ad73/element/f.4A5FBB56EC8D275E16A1B089E6612898.d.233D42D6305FCF8EE1EBD783C159262A.e.8401/click - {}
RESULT: {}
COMMAND: GET /session/1841494025458e3697387cb19f02ad73/screenshot - {}
RESULT: {}
COMMAND: POST /session/1841494025458e3697387cb19f02ad73/element - {"using":"xpath","value":"//li[.//span[text()=\"US Dollar\"]]//div[contains(@class,\"sapMCbBg\")]"}
RESULT: {"using":"xpath","value":"//li[.//span[text()=\"US Dollar\"]]//div[contains(@class,\"sapMCbBg\")]"}
COMMAND: POST /session/1841494025458e3697387cb19f02ad73/element/f.4A5FBB56EC8D275E16A1B089E6612898.d.233D42D6305FCF8EE1EBD783C159262A.e.8404/click - {}
RESULT: {}
COMMAND: GET /session/1841494025458e3697387cb19f02ad73/screenshot - {}
RESULT: {}
RESULT: undefined
COMMAND: POST /session/1841494025458e3697387cb19f02ad73/element - {"using":"xpath","value":"//*[@id=\"application-managepartners-display-component---masterPtm--currencies-arrow\"]"}
RESULT: {"using":"xpath","value":"//*[@id=\"application-managepartners-display-component---masterPtm--currencies-arrow\"]"}
COMMAND: POST /session/1841494025458e3697387cb19f02ad73/element/f.4A5FBB56EC8D275E16A1B089E6612898.d.233D42D6305FCF8EE1EBD783C159262A.e.8401/click - {}
RESULT: {}
COMMAND: POST /session/1841494025458e3697387cb19f02ad73/element - {"using":"xpath","value":"//span[@id=\"application-managepartners-display-component---masterPtm--smartTable-header-inner\"]"}
COMMAND: GET /session/1841494025458e3697387cb19f02ad73/screenshot - {}
RESULT: {"using":"xpath","value":"//span[@id=\"application-managepartners-display-component---masterPtm--smartTable-header-inner\"]"}
COMMAND: POST /session/1841494025458e3697387cb19f02ad73/elements - {"using":"xpath","value":"//span[@id=\"application-managepartners-display-component---masterPtm--smartTable-header-inner\"]"}
RESULT: {}
RESULT: {"using":"xpath","value":"//span[@id=\"application-managepartners-display-component---masterPtm--smartTable-header-inner\"]"}
COMMAND: POST /session/1841494025458e3697387cb19f02ad73/execute/sync - {"script":"<script> [56 bytes]","args":[{"element-6066-11e4-a52e-4f735466cecf":"f.4A5FBB56EC8D275E16A1B089E6612898.d.233D42D6305FCF8EE1EBD783C159262A.e.7707","ELEMENT":"f.4A5FBB56EC8D275E16A1B089E6612898.d.233D42D6305FCF8EE1EBD783C159262A.e.7707"}]}
RESULT: {"script":"<script> [56 bytes]","args":[{"element-6066-11e4-a52e-4f735466cecf":"f.4A5FBB56EC8D275E16A1B089E6612898.d.233D42D6305FCF8EE1EBD783C159262A.e.7707","ELEMENT":"f.4A5FBB56EC8D275E16A1B089E6612898.d.233D42D6305FCF8EE1EBD783C159262A.e.7707"}]}
COMMAND: POST /session/1841494025458e3697387cb19f02ad73/element - {"using":"xpath","value":"//span[contains(@title, \"Remove\")]"}
COMMAND: GET /session/1841494025458e3697387cb19f02ad73/screenshot - {}
RESULT: {"using":"xpath","value":"//span[contains(@title, \"Remove\")]"}
COMMAND: POST /session/1841494025458e3697387cb19f02ad73/element/f.4A5FBB56EC8D275E16A1B089E6612898.d.233D42D6305FCF8EE1EBD783C159262A.e.8536/click - {}
RESULT: {}
RESULT: {}
COMMAND: GET /session/1841494025458e3697387cb19f02ad73/screenshot - {}
RESULT: {}
COMMAND: POST /session/1841494025458e3697387cb19f02ad73/execute/async - {"script":"<script> [1562 bytes]","args":[{"selector":{"id":"application-managepartners-display-component---masterPtm--languages-arrow"},"wdio_ui5_key":"applicationmanagepartners-display-component---masterPtm--languages-arrow"}]}
RESULT: {"script":"<script> [1562 bytes]","args":[{"selector":{"id":"application-managepartners-display-component---masterPtm--languages-arrow"},"wdio_ui5_key":"applicationmanagepartners-display-component---masterPtm--languages-arrow"}]}
RESULT: undefined
COMMAND: POST /session/1841494025458e3697387cb19f02ad73/element - {"using":"xpath","value":"//*[@id=\"application-managepartners-display-component---masterPtm--languages-arrow\"]"}
RESULT: {"using":"xpath","value":"//*[@id=\"application-managepartners-display-component---masterPtm--languages-arrow\"]"}
COMMAND: POST /session/1841494025458e3697387cb19f02ad73/element/f.4A5FBB56EC8D275E16A1B089E6612898.d.233D42D6305FCF8EE1EBD783C159262A.e.8627/click - {}
RESULT: {}
COMMAND: GET /session/1841494025458e3697387cb19f02ad73/screenshot - {}
RESULT: {}
COMMAND: POST /session/1841494025458e3697387cb19f02ad73/element - {"using":"xpath","value":"//li[.//span[text()=\"German\"]]//div[contains(@class,\"sapMCbBg\")]"}
RESULT: {"using":"xpath","value":"//li[.//span[text()=\"German\"]]//div[contains(@class,\"sapMCbBg\")]"}
COMMAND: POST /session/1841494025458e3697387cb19f02ad73/element/f.4A5FBB56EC8D275E16A1B089E6612898.d.233D42D6305FCF8EE1EBD783C159262A.e.8671/click - {}
RESULT: {}
COMMAND: GET /session/1841494025458e3697387cb19f02ad73/screenshot - {}
RESULT: {}
RESULT: undefined
COMMAND: POST /session/1841494025458e3697387cb19f02ad73/element - {"using":"xpath","value":"//*[@id=\"application-managepartners-display-component---masterPtm--languages-arrow\"]"}
RESULT: {"using":"xpath","value":"//*[@id=\"application-managepartners-display-component---masterPtm--languages-arrow\"]"}
COMMAND: POST /session/1841494025458e3697387cb19f02ad73/element/f.4A5FBB56EC8D275E16A1B089E6612898.d.233D42D6305FCF8EE1EBD783C159262A.e.8627/click - {}
RESULT: {}
COMMAND: POST /session/1841494025458e3697387cb19f02ad73/element - {"using":"xpath","value":"//span[@id=\"application-managepartners-display-component---masterPtm--smartTable-header-inner\"]"}
COMMAND: GET /session/1841494025458e3697387cb19f02ad73/screenshot - {}
RESULT: {"using":"xpath","value":"//span[@id=\"application-managepartners-display-component---masterPtm--smartTable-header-inner\"]"}
COMMAND: POST /session/1841494025458e3697387cb19f02ad73/elements - {"using":"xpath","value":"//span[@id=\"application-managepartners-display-component---masterPtm--smartTable-header-inner\"]"}
RESULT: {}
RESULT: {"using":"xpath","value":"//span[@id=\"application-managepartners-display-component---masterPtm--smartTable-header-inner\"]"}
COMMAND: POST /session/1841494025458e3697387cb19f02ad73/execute/sync - {"script":"<script> [56 bytes]","args":[{"element-6066-11e4-a52e-4f735466cecf":"f.4A5FBB56EC8D275E16A1B089E6612898.d.233D42D6305FCF8EE1EBD783C159262A.e.7707","ELEMENT":"f.4A5FBB56EC8D275E16A1B089E6612898.d.233D42D6305FCF8EE1EBD783C159262A.e.7707"}]}
RESULT: {"script":"<script> [56 bytes]","args":[{"element-6066-11e4-a52e-4f735466cecf":"f.4A5FBB56EC8D275E16A1B089E6612898.d.233D42D6305FCF8EE1EBD783C159262A.e.7707","ELEMENT":"f.4A5FBB56EC8D275E16A1B089E6612898.d.233D42D6305FCF8EE1EBD783C159262A.e.7707"}]}
COMMAND: POST /session/1841494025458e3697387cb19f02ad73/element - {"using":"css selector","value":"#shell-header-logo"}
COMMAND: GET /session/1841494025458e3697387cb19f02ad73/screenshot - {}
RESULT: {"using":"css selector","value":"#shell-header-logo"}
COMMAND: POST /session/1841494025458e3697387cb19f02ad73/element/f.4A5FBB56EC8D275E16A1B089E6612898.d.233D42D6305FCF8EE1EBD783C159262A.e.7539/click - {}
RESULT: {}
RESULT: {}
COMMAND: GET /session/1841494025458e3697387cb19f02ad73/screenshot - {}
RESULT: {}
COMMAND: POST /session/1841494025458e3697387cb19f02ad73/element - {"using":"css selector","value":"#j_username"}
COMMAND: POST /session/1841494025458e3697387cb19f02ad73/url - {"url":"https://qa-testing-00-live-etm-ui.cfapps.eu10-004.hana.ondemand.com/"}
RESULT: {"using":"css selector","value":"#j_username"}
COMMAND: POST /session/1841494025458e3697387cb19f02ad73/element - {"using":"css selector","value":"#j_username"}
RESULT: {"url":"https://qa-testing-00-live-etm-ui.cfapps.eu10-004.hana.ondemand.com/"}
RESULT: undefined
COMMAND: GET /session/1841494025458e3697387cb19f02ad73/screenshot - {}
RESULT: {"using":"css selector","value":"#j_username"}
COMMAND: POST /session/1841494025458e3697387cb19f02ad73/element - {"using":"css selector","value":"#shell-header-logo"}
RESULT: {}
RESULT: {"using":"css selector","value":"#shell-header-logo"}
COMMAND: POST /session/1841494025458e3697387cb19f02ad73/execute/sync - {"script":"<script> [8489 bytes]","args":[{"element-6066-11e4-a52e-4f735466cecf":"f.4A5FBB56EC8D275E16A1B089E6612898.d.33AC56587E43D32B4F7FB754229D85F2.e.8746","ELEMENT":"f.4A5FBB56EC8D275E16A1B089E6612898.d.33AC56587E43D32B4F7FB754229D85F2.e.8746"}]}
RESULT: {"script":"<script> [8489 bytes]","args":[{"element-6066-11e4-a52e-4f735466cecf":"f.4A5FBB56EC8D275E16A1B089E6612898.d.33AC56587E43D32B4F7FB754229D85F2.e.8746","ELEMENT":"f.4A5FBB56EC8D275E16A1B089E6612898.d.33AC56587E43D32B4F7FB754229D85F2.e.8746"}]}
COMMAND: POST /session/1841494025458e3697387cb19f02ad73/element - {"using":"css selector","value":"#shell-header-logo"}
COMMAND: GET /session/1841494025458e3697387cb19f02ad73/screenshot - {}
RESULT: {"using":"css selector","value":"#shell-header-logo"}
COMMAND: POST /session/1841494025458e3697387cb19f02ad73/execute/sync - {"script":"<script> [8489 bytes]","args":[{"element-6066-11e4-a52e-4f735466cecf":"f.4A5FBB56EC8D275E16A1B089E6612898.d.33AC56587E43D32B4F7FB754229D85F2.e.8746","ELEMENT":"f.4A5FBB56EC8D275E16A1B089E6612898.d.33AC56587E43D32B4F7FB754229D85F2.e.8746"}]}
RESULT: {}
RESULT: {"script":"<script> [8489 bytes]","args":[{"element-6066-11e4-a52e-4f735466cecf":"f.4A5FBB56EC8D275E16A1B089E6612898.d.33AC56587E43D32B4F7FB754229D85F2.e.8746","ELEMENT":"f.4A5FBB56EC8D275E16A1B089E6612898.d.33AC56587E43D32B4F7FB754229D85F2.e.8746"}]}
COMMAND: POST /session/1841494025458e3697387cb19f02ad73/execute/sync - {"script":"<script> [5351 bytes]","args":[{"element-6066-11e4-a52e-4f735466cecf":"f.4A5FBB56EC8D275E16A1B089E6612898.d.33AC56587E43D32B4F7FB754229D85F2.e.8746","ELEMENT":"f.4A5FBB56EC8D275E16A1B089E6612898.d.33AC56587E43D32B4F7FB754229D85F2.e.8746"}]}
COMMAND: GET /session/1841494025458e3697387cb19f02ad73/screenshot - {}
RESULT: {"script":"<script> [5351 bytes]","args":[{"element-6066-11e4-a52e-4f735466cecf":"f.4A5FBB56EC8D275E16A1B089E6612898.d.33AC56587E43D32B4F7FB754229D85F2.e.8746","ELEMENT":"f.4A5FBB56EC8D275E16A1B089E6612898.d.33AC56587E43D32B4F7FB754229D85F2.e.8746"}]}
COMMAND: POST /session/1841494025458e3697387cb19f02ad73/element - {"using":"css selector","value":"#shell-header-logo"}
COMMAND: GET /session/1841494025458e3697387cb19f02ad73/screenshot - {}
RESULT: {}
RESULT: {"using":"css selector","value":"#shell-header-logo"}
COMMAND: POST /session/1841494025458e3697387cb19f02ad73/element/f.4A5FBB56EC8D275E16A1B089E6612898.d.33AC56587E43D32B4F7FB754229D85F2.e.8746/click - {}
RESULT: {}
RESULT: {}
COMMAND: GET /session/1841494025458e3697387cb19f02ad73/screenshot - {}
RESULT: {}
COMMAND: POST /session/1841494025458e3697387cb19f02ad73/execute/async - {"script":"<script> [189 bytes]","args":[]}
RESULT: {"script":"<script> [189 bytes]","args":[]}
COMMAND: POST /session/1841494025458e3697387cb19f02ad73/execute/async - {"script":"<script> [123 bytes]","args":[]}
RESULT: {"script":"<script> [123 bytes]","args":[]}
COMMAND: POST /session/1841494025458e3697387cb19f02ad73/timeouts - {"script":"<number>"}
RESULT: {"script":"<number>"}
COMMAND: GET /session/1841494025458e3697387cb19f02ad73/timeouts - {}
RESULT: {}
RESULT: undefined
COMMAND: POST /session/1841494025458e3697387cb19f02ad73/execute/async - {"script":"<script> [2676 bytes]","args":[]}
RESULT: {"script":"<script> [2676 bytes]","args":[]}
COMMAND: POST /session/1841494025458e3697387cb19f02ad73/execute/async - {"script":"<script> [2342 bytes]","args":[{"protocol":"http","hostname":"0.0.0.0","path":"/","capabilities":{"browserName":"chrome","goog:chromeOptions":{"binary":"C:\\Program Files\\Google\\Chrome\\Application\\chrome.exe","args":["--start-maximized"]}},"logLevel":"warn","connectionRetryTimeout":120000,"connectionRetryCount":3,"logLevels":{},"enableDirectConnect":true,"strictSSL":true,"_":"65 more keys: [\"cacheDir\",\"port\",\"requestedCapabilities\",\"automationProtocol\",\"baseUrl\",\"waitforInterval\",\"waitforTimeout\",\"onReload\",\"beforeCommand\",\"afterCommand\",\"rootDir\",\"specs\",\"suites\",\"exclude\",\"groupLogsByTestSpec\",\"excludeDriverLogs\",\"bail\",\"framework\",\"reporters\",\"services\",\"maxInstances\",\"maxInstancesPerCapability\",\"injectGlobals\",\"filesToWatch\",\"execArgv\",\"runnerEnv\",\"runner\",\"shard\",\"specFileRetries\",\"specFileRetriesDelay\",\"specFileRetriesDeferred\",\"reporterSyncInterval\",\"reporterSyncTimeout\",\"cucumberFeaturesWithLineNumbers\",\"autoCompileOpts\",\"mochaOpts\",\"jasmineOpts\",\"cucumberOpts\",\"onPrepare\",\"onWorkerStart\",\"onWorkerEnd\",\"before\",\"beforeSession\",\"beforeSuite\",\"beforeHook\",\"beforeTest\",\"afterTest\",\"afterHook\",\"afterSuite\",\"afterSession\",\"after\",\"onComplete\",\"beforeAssertion\",\"afterAssertion\",\"beforeFeature\",\"beforeScenario\",\"beforeStep\",\"afterStep\",\"afterScenario\",\"afterFeature\",\"_\",\"suite\",\"$0\",\"ignoredWorkerServices\",\"wdi5\"]"}]}
RESULT: {"script":"<script> [2342 bytes]","args":[{"protocol":"http","hostname":"0.0.0.0","path":"/","capabilities":{"browserName":"chrome","goog:chromeOptions":{"binary":"C:\\Program Files\\Google\\Chrome\\Application\\chrome.exe","args":["--start-maximized"]}},"logLevel":"warn","connectionRetryTimeout":120000,"connectionRetryCount":3,"logLevels":{},"enableDirectConnect":true,"strictSSL":true,"_":"65 more keys: [\"cacheDir\",\"port\",\"requestedCapabilities\",\"automationProtocol\",\"baseUrl\",\"waitforInterval\",\"waitforTimeout\",\"onReload\",\"beforeCommand\",\"afterCommand\",\"rootDir\",\"specs\",\"suites\",\"exclude\",\"groupLogsByTestSpec\",\"excludeDriverLogs\",\"bail\",\"framework\",\"reporters\",\"services\",\"maxInstances\",\"maxInstancesPerCapability\",\"injectGlobals\",\"filesToWatch\",\"execArgv\",\"runnerEnv\",\"runner\",\"shard\",\"specFileRetries\",\"specFileRetriesDelay\",\"specFileRetriesDeferred\",\"reporterSyncInterval\",\"reporterSyncTimeout\",\"cucumberFeaturesWithLineNumbers\",\"autoCompileOpts\",\"mochaOpts\",\"jasmineOpts\",\"cucumberOpts\",\"onPrepare\",\"onWorkerStart\",\"onWorkerEnd\",\"before\",\"beforeSession\",\"beforeSuite\",\"beforeHook\",\"beforeTest\",\"afterTest\",\"afterHook\",\"afterSuite\",\"afterSession\",\"after\",\"onComplete\",\"beforeAssertion\",\"afterAssertion\",\"beforeFeature\",\"beforeScenario\",\"beforeStep\",\"afterStep\",\"afterScenario\",\"afterFeature\",\"_\",\"suite\",\"$0\",\"ignoredWorkerServices\",\"wdi5\"]"}]}
COMMAND: POST /session/1841494025458e3697387cb19f02ad73/execute/async - {"script":"<script> [21126 bytes]","args":[35000]}
RESULT: {"script":"<script> [21126 bytes]","args":[35000]}
COMMAND: POST /session/1841494025458e3697387cb19f02ad73/window/maximize - {}
RESULT: {}
COMMAND: POST /session/1841494025458e3697387cb19f02ad73/execute/async - {"script":"<script> [1562 bytes]","args":[{"selector":{"id":"shell-header","interaction":{"idSuffix":"icon"}},"wdio_ui5_key":"shellheader"}]}
COMMAND: GET /session/1841494025458e3697387cb19f02ad73/screenshot - {}
RESULT: {"script":"<script> [1562 bytes]","args":[{"selector":{"id":"shell-header","interaction":{"idSuffix":"icon"}},"wdio_ui5_key":"shellheader"}]}
RESULT: undefined
COMMAND: POST /session/1841494025458e3697387cb19f02ad73/refresh - {}
RESULT: {}
RESULT: {}
COMMAND: GET /session/1841494025458e3697387cb19f02ad73/screenshot - {}
RESULT: {}
COMMAND: POST /session/1841494025458e3697387cb19f02ad73/refresh - {}
RESULT: {}
COMMAND: GET /session/1841494025458e3697387cb19f02ad73/screenshot - {}
RESULT: {}
COMMAND: POST /session/1841494025458e3697387cb19f02ad73/window/fullscreen - {}
RESULT: {}
COMMAND: POST /session/1841494025458e3697387cb19f02ad73/execute/async - {"script":"<script> [189 bytes]","args":[]}
RESULT: {"script":"<script> [189 bytes]","args":[]}
COMMAND: POST /session/1841494025458e3697387cb19f02ad73/execute/async - {"script":"<script> [123 bytes]","args":[]}
RESULT: {"script":"<script> [123 bytes]","args":[]}
COMMAND: POST /session/1841494025458e3697387cb19f02ad73/timeouts - {"script":"<number>"}
RESULT: {"script":"<number>"}
COMMAND: GET /session/1841494025458e3697387cb19f02ad73/timeouts - {}
RESULT: {}
RESULT: undefined
COMMAND: POST /session/1841494025458e3697387cb19f02ad73/execute/async - {"script":"<script> [2676 bytes]","args":[]}
RESULT: {"script":"<script> [2676 bytes]","args":[]}
COMMAND: POST /session/1841494025458e3697387cb19f02ad73/execute/async - {"script":"<script> [2342 bytes]","args":[{"protocol":"http","hostname":"0.0.0.0","path":"/","capabilities":{"browserName":"chrome","goog:chromeOptions":{"binary":"C:\\Program Files\\Google\\Chrome\\Application\\chrome.exe","args":["--start-maximized"]}},"logLevel":"warn","connectionRetryTimeout":120000,"connectionRetryCount":3,"logLevels":{},"enableDirectConnect":true,"strictSSL":true,"_":"65 more keys: [\"cacheDir\",\"port\",\"requestedCapabilities\",\"automationProtocol\",\"baseUrl\",\"waitforInterval\",\"waitforTimeout\",\"onReload\",\"beforeCommand\",\"afterCommand\",\"rootDir\",\"specs\",\"suites\",\"exclude\",\"groupLogsByTestSpec\",\"excludeDriverLogs\",\"bail\",\"framework\",\"reporters\",\"services\",\"maxInstances\",\"maxInstancesPerCapability\",\"injectGlobals\",\"filesToWatch\",\"execArgv\",\"runnerEnv\",\"runner\",\"shard\",\"specFileRetries\",\"specFileRetriesDelay\",\"specFileRetriesDeferred\",\"reporterSyncInterval\",\"reporterSyncTimeout\",\"cucumberFeaturesWithLineNumbers\",\"autoCompileOpts\",\"mochaOpts\",\"jasmineOpts\",\"cucumberOpts\",\"onPrepare\",\"onWorkerStart\",\"onWorkerEnd\",\"before\",\"beforeSession\",\"beforeSuite\",\"beforeHook\",\"beforeTest\",\"afterTest\",\"afterHook\",\"afterSuite\",\"afterSession\",\"after\",\"onComplete\",\"beforeAssertion\",\"afterAssertion\",\"beforeFeature\",\"beforeScenario\",\"beforeStep\",\"afterStep\",\"afterScenario\",\"afterFeature\",\"_\",\"suite\",\"$0\",\"ignoredWorkerServices\",\"wdi5\"]"}]}
RESULT: {"script":"<script> [2342 bytes]","args":[{"protocol":"http","hostname":"0.0.0.0","path":"/","capabilities":{"browserName":"chrome","goog:chromeOptions":{"binary":"C:\\Program Files\\Google\\Chrome\\Application\\chrome.exe","args":["--start-maximized"]}},"logLevel":"warn","connectionRetryTimeout":120000,"connectionRetryCount":3,"logLevels":{},"enableDirectConnect":true,"strictSSL":true,"_":"65 more keys: [\"cacheDir\",\"port\",\"requestedCapabilities\",\"automationProtocol\",\"baseUrl\",\"waitforInterval\",\"waitforTimeout\",\"onReload\",\"beforeCommand\",\"afterCommand\",\"rootDir\",\"specs\",\"suites\",\"exclude\",\"groupLogsByTestSpec\",\"excludeDriverLogs\",\"bail\",\"framework\",\"reporters\",\"services\",\"maxInstances\",\"maxInstancesPerCapability\",\"injectGlobals\",\"filesToWatch\",\"execArgv\",\"runnerEnv\",\"runner\",\"shard\",\"specFileRetries\",\"specFileRetriesDelay\",\"specFileRetriesDeferred\",\"reporterSyncInterval\",\"reporterSyncTimeout\",\"cucumberFeaturesWithLineNumbers\",\"autoCompileOpts\",\"mochaOpts\",\"jasmineOpts\",\"cucumberOpts\",\"onPrepare\",\"onWorkerStart\",\"onWorkerEnd\",\"before\",\"beforeSession\",\"beforeSuite\",\"beforeHook\",\"beforeTest\",\"afterTest\",\"afterHook\",\"afterSuite\",\"afterSession\",\"after\",\"onComplete\",\"beforeAssertion\",\"afterAssertion\",\"beforeFeature\",\"beforeScenario\",\"beforeStep\",\"afterStep\",\"afterScenario\",\"afterFeature\",\"_\",\"suite\",\"$0\",\"ignoredWorkerServices\",\"wdi5\"]"}]}
COMMAND: POST /session/1841494025458e3697387cb19f02ad73/execute/async - {"script":"<script> [21126 bytes]","args":[35000]}
RESULT: {"script":"<script> [21126 bytes]","args":[35000]}
]]></system-out>
    </testcase>
  </testsuite>
  <testsuite timestamp="2025-05-07T17:56:12" time="453.995" tests="4" failures="0" errors="0" skipped="0">
    <properties>
      <property name="specId" value="0" />
      <property name="suiteName" value="Create partner US118246" />
      <property name="capabilities" value="chrome.136_0_7103_49.windows" />
      <property name="file" value="file:///D:/a/1/s/test/specs/BTS/create-partner.spec.js" />
    </properties>
    <testcase classname="chrome.136_0_7103_49.windows.Create_partner_US118246" name="Should create a new yard in case create yard failed" time="124.821">
      <system-out><![CDATA[
COMMAND: POST /session/1841494025458e3697387cb19f02ad73/window/fullscreen - {}
RESULT: {}
COMMAND: POST /session/1841494025458e3697387cb19f02ad73/execute/async - {"script":"<script> [1562 bytes]","args":[{"selector":{"controlType":"sap.m.GenericTile","properties":{"header":"Manage Yards"}},"wdio_ui5_key":"sapm.GenericTile{\"header\":\"Manage Yards\"}"}]}
RESULT: {"script":"<script> [1562 bytes]","args":[{"selector":{"controlType":"sap.m.GenericTile","properties":{"header":"Manage Yards"}},"wdio_ui5_key":"sapm.GenericTile{\"header\":\"Manage Yards\"}"}]}
RESULT: undefined
COMMAND: POST /session/1841494025458e3697387cb19f02ad73/element - {"using":"xpath","value":"//*[@id=\"__tile41\"]"}
RESULT: {"using":"xpath","value":"//*[@id=\"__tile41\"]"}
COMMAND: POST /session/1841494025458e3697387cb19f02ad73/element/f.4A5FBB56EC8D275E16A1B089E6612898.d.2FA8830C281052EDE5B5ED6AA5F98DD2.e.8919/click - {}
RESULT: {}
COMMAND: POST /session/1841494025458e3697387cb19f02ad73/element - {"using":"xpath","value":"//button[@data-kt=\"addNewYardOverflowToolbarButton\"]"}
COMMAND: GET /session/1841494025458e3697387cb19f02ad73/screenshot - {}
RESULT: {"using":"xpath","value":"//button[@data-kt=\"addNewYardOverflowToolbarButton\"]"}
COMMAND: POST /session/1841494025458e3697387cb19f02ad73/elements - {"using":"xpath","value":"//button[@data-kt=\"addNewYardOverflowToolbarButton\"]"}
RESULT: {}
RESULT: {"using":"xpath","value":"//button[@data-kt=\"addNewYardOverflowToolbarButton\"]"}
COMMAND: POST /session/1841494025458e3697387cb19f02ad73/elements - {"using":"xpath","value":"//button[@data-kt=\"addNewYardOverflowToolbarButton\"]"}
RESULT: {"using":"xpath","value":"//button[@data-kt=\"addNewYardOverflowToolbarButton\"]"}
COMMAND: POST /session/1841494025458e3697387cb19f02ad73/elements - {"using":"xpath","value":"//button[@data-kt=\"addNewYardOverflowToolbarButton\"]"}
RESULT: {"using":"xpath","value":"//button[@data-kt=\"addNewYardOverflowToolbarButton\"]"}
COMMAND: POST /session/1841494025458e3697387cb19f02ad73/elements - {"using":"xpath","value":"//button[@data-kt=\"addNewYardOverflowToolbarButton\"]"}
RESULT: {"using":"xpath","value":"//button[@data-kt=\"addNewYardOverflowToolbarButton\"]"}
COMMAND: POST /session/1841494025458e3697387cb19f02ad73/elements - {"using":"xpath","value":"//button[@data-kt=\"addNewYardOverflowToolbarButton\"]"}
RESULT: {"using":"xpath","value":"//button[@data-kt=\"addNewYardOverflowToolbarButton\"]"}
COMMAND: POST /session/1841494025458e3697387cb19f02ad73/elements - {"using":"xpath","value":"//button[@data-kt=\"addNewYardOverflowToolbarButton\"]"}
RESULT: {"using":"xpath","value":"//button[@data-kt=\"addNewYardOverflowToolbarButton\"]"}
COMMAND: POST /session/1841494025458e3697387cb19f02ad73/elements - {"using":"xpath","value":"//button[@data-kt=\"addNewYardOverflowToolbarButton\"]"}
RESULT: {"using":"xpath","value":"//button[@data-kt=\"addNewYardOverflowToolbarButton\"]"}
COMMAND: POST /session/1841494025458e3697387cb19f02ad73/elements - {"using":"xpath","value":"//button[@data-kt=\"addNewYardOverflowToolbarButton\"]"}
RESULT: {"using":"xpath","value":"//button[@data-kt=\"addNewYardOverflowToolbarButton\"]"}
COMMAND: POST /session/1841494025458e3697387cb19f02ad73/elements - {"using":"xpath","value":"//button[@data-kt=\"addNewYardOverflowToolbarButton\"]"}
RESULT: {"using":"xpath","value":"//button[@data-kt=\"addNewYardOverflowToolbarButton\"]"}
COMMAND: POST /session/1841494025458e3697387cb19f02ad73/elements - {"using":"xpath","value":"//button[@data-kt=\"addNewYardOverflowToolbarButton\"]"}
RESULT: {"using":"xpath","value":"//button[@data-kt=\"addNewYardOverflowToolbarButton\"]"}
COMMAND: POST /session/1841494025458e3697387cb19f02ad73/elements - {"using":"xpath","value":"//button[@data-kt=\"addNewYardOverflowToolbarButton\"]"}
RESULT: {"using":"xpath","value":"//button[@data-kt=\"addNewYardOverflowToolbarButton\"]"}
COMMAND: POST /session/1841494025458e3697387cb19f02ad73/elements - {"using":"xpath","value":"//button[@data-kt=\"addNewYardOverflowToolbarButton\"]"}
RESULT: {"using":"xpath","value":"//button[@data-kt=\"addNewYardOverflowToolbarButton\"]"}
COMMAND: POST /session/1841494025458e3697387cb19f02ad73/elements - {"using":"xpath","value":"//button[@data-kt=\"addNewYardOverflowToolbarButton\"]"}
RESULT: {"using":"xpath","value":"//button[@data-kt=\"addNewYardOverflowToolbarButton\"]"}
COMMAND: POST /session/1841494025458e3697387cb19f02ad73/elements - {"using":"xpath","value":"//button[@data-kt=\"addNewYardOverflowToolbarButton\"]"}
RESULT: {"using":"xpath","value":"//button[@data-kt=\"addNewYardOverflowToolbarButton\"]"}
COMMAND: POST /session/1841494025458e3697387cb19f02ad73/elements - {"using":"xpath","value":"//button[@data-kt=\"addNewYardOverflowToolbarButton\"]"}
RESULT: {"using":"xpath","value":"//button[@data-kt=\"addNewYardOverflowToolbarButton\"]"}
COMMAND: POST /session/1841494025458e3697387cb19f02ad73/elements - {"using":"xpath","value":"//button[@data-kt=\"addNewYardOverflowToolbarButton\"]"}
RESULT: {"using":"xpath","value":"//button[@data-kt=\"addNewYardOverflowToolbarButton\"]"}
COMMAND: POST /session/1841494025458e3697387cb19f02ad73/elements - {"using":"xpath","value":"//button[@data-kt=\"addNewYardOverflowToolbarButton\"]"}
RESULT: {"using":"xpath","value":"//button[@data-kt=\"addNewYardOverflowToolbarButton\"]"}
COMMAND: POST /session/1841494025458e3697387cb19f02ad73/elements - {"using":"xpath","value":"//button[@data-kt=\"addNewYardOverflowToolbarButton\"]"}
RESULT: {"using":"xpath","value":"//button[@data-kt=\"addNewYardOverflowToolbarButton\"]"}
COMMAND: POST /session/1841494025458e3697387cb19f02ad73/element - {"using":"xpath","value":"//button[@data-kt=\"addNewYardOverflowToolbarButton\"]"}
RESULT: {"using":"xpath","value":"//button[@data-kt=\"addNewYardOverflowToolbarButton\"]"}
COMMAND: POST /session/1841494025458e3697387cb19f02ad73/execute/sync - {"script":"<script> [8489 bytes]","args":[{"element-6066-11e4-a52e-4f735466cecf":"f.4A5FBB56EC8D275E16A1B089E6612898.d.2FA8830C281052EDE5B5ED6AA5F98DD2.e.9055","ELEMENT":"f.4A5FBB56EC8D275E16A1B089E6612898.d.2FA8830C281052EDE5B5ED6AA5F98DD2.e.9055"}]}
RESULT: {"script":"<script> [8489 bytes]","args":[{"element-6066-11e4-a52e-4f735466cecf":"f.4A5FBB56EC8D275E16A1B089E6612898.d.2FA8830C281052EDE5B5ED6AA5F98DD2.e.9055","ELEMENT":"f.4A5FBB56EC8D275E16A1B089E6612898.d.2FA8830C281052EDE5B5ED6AA5F98DD2.e.9055"}]}
COMMAND: GET /session/1841494025458e3697387cb19f02ad73/element/f.4A5FBB56EC8D275E16A1B089E6612898.d.2FA8830C281052EDE5B5ED6AA5F98DD2.e.9055/enabled - {}
COMMAND: GET /session/1841494025458e3697387cb19f02ad73/screenshot - {}
RESULT: {}
COMMAND: POST /session/1841494025458e3697387cb19f02ad73/execute/sync - {"script":"<script> [8489 bytes]","args":[{"element-6066-11e4-a52e-4f735466cecf":"f.4A5FBB56EC8D275E16A1B089E6612898.d.2FA8830C281052EDE5B5ED6AA5F98DD2.e.9055","ELEMENT":"f.4A5FBB56EC8D275E16A1B089E6612898.d.2FA8830C281052EDE5B5ED6AA5F98DD2.e.9055"}]}
COMMAND: GET /session/1841494025458e3697387cb19f02ad73/screenshot - {}
RESULT: {}
RESULT: {"script":"<script> [8489 bytes]","args":[{"element-6066-11e4-a52e-4f735466cecf":"f.4A5FBB56EC8D275E16A1B089E6612898.d.2FA8830C281052EDE5B5ED6AA5F98DD2.e.9055","ELEMENT":"f.4A5FBB56EC8D275E16A1B089E6612898.d.2FA8830C281052EDE5B5ED6AA5F98DD2.e.9055"}]}
COMMAND: POST /session/1841494025458e3697387cb19f02ad73/execute/sync - {"script":"<script> [5351 bytes]","args":[{"element-6066-11e4-a52e-4f735466cecf":"f.4A5FBB56EC8D275E16A1B089E6612898.d.2FA8830C281052EDE5B5ED6AA5F98DD2.e.9055","ELEMENT":"f.4A5FBB56EC8D275E16A1B089E6612898.d.2FA8830C281052EDE5B5ED6AA5F98DD2.e.9055"}]}
COMMAND: GET /session/1841494025458e3697387cb19f02ad73/screenshot - {}
RESULT: {}
RESULT: {"script":"<script> [5351 bytes]","args":[{"element-6066-11e4-a52e-4f735466cecf":"f.4A5FBB56EC8D275E16A1B089E6612898.d.2FA8830C281052EDE5B5ED6AA5F98DD2.e.9055","ELEMENT":"f.4A5FBB56EC8D275E16A1B089E6612898.d.2FA8830C281052EDE5B5ED6AA5F98DD2.e.9055"}]}
COMMAND: POST /session/1841494025458e3697387cb19f02ad73/element/f.4A5FBB56EC8D275E16A1B089E6612898.d.2FA8830C281052EDE5B5ED6AA5F98DD2.e.9055/click - {}
COMMAND: GET /session/1841494025458e3697387cb19f02ad73/screenshot - {}
RESULT: {}
RESULT: {}
COMMAND: GET /session/1841494025458e3697387cb19f02ad73/screenshot - {}
COMMAND: POST /session/1841494025458e3697387cb19f02ad73/element - {"using":"xpath","value":"//input[@id=\"application-manageyards-display-component---NewYard--yardId-inner\"]"}
RESULT: {}
RESULT: {}
RESULT: {"using":"xpath","value":"//input[@id=\"application-manageyards-display-component---NewYard--yardId-inner\"]"}
COMMAND: POST /session/1841494025458e3697387cb19f02ad73/element - {"using":"xpath","value":"//input[@id=\"application-manageyards-display-component---NewYard--yardId-inner\"]"}
RESULT: {"using":"xpath","value":"//input[@id=\"application-manageyards-display-component---NewYard--yardId-inner\"]"}
COMMAND: POST /session/1841494025458e3697387cb19f02ad73/execute/async - {"script":"<script> [1562 bytes]","args":[{"selector":{"id":"application-manageyards-display-component---NewYard--addressDetailDetailsName1","interaction":{"idSuffix":"inner"}},"wdio_ui5_key":"applicationmanageyards-display-component---NewYard--addressDetailDetailsName1"}]}
RESULT: {"script":"<script> [1562 bytes]","args":[{"selector":{"id":"application-manageyards-display-component---NewYard--addressDetailDetailsName1","interaction":{"idSuffix":"inner"}},"wdio_ui5_key":"applicationmanageyards-display-component---NewYard--addressDetailDetailsName1"}]}
RESULT: undefined
COMMAND: POST /session/1841494025458e3697387cb19f02ad73/execute/async - {"script":"<script> [776 bytes]","args":[{"enterText":"Intracompany Yard wdIO","selector":{"id":"application-manageyards-display-component---NewYard--addressDetailDetailsName1","interaction":{"idSuffix":"inner"}},"clearTextFirst":true,"interactionType":"ENTER_TEXT"}]}
RESULT: {"script":"<script> [776 bytes]","args":[{"enterText":"Intracompany Yard wdIO","selector":{"id":"application-manageyards-display-component---NewYard--addressDetailDetailsName1","interaction":{"idSuffix":"inner"}},"clearTextFirst":true,"interactionType":"ENTER_TEXT"}]}
COMMAND: POST /session/1841494025458e3697387cb19f02ad73/execute/async - {"script":"<script> [1562 bytes]","args":[{"selector":{"id":"application-manageyards-display-component---NewYard--addressDetailDetailsLanguage-arrow"},"wdio_ui5_key":"applicationmanageyards-display-component---NewYard--addressDetailDetailsLanguage-arrow"}]}
RESULT: {"script":"<script> [1562 bytes]","args":[{"selector":{"id":"application-manageyards-display-component---NewYard--addressDetailDetailsLanguage-arrow"},"wdio_ui5_key":"applicationmanageyards-display-component---NewYard--addressDetailDetailsLanguage-arrow"}]}
RESULT: undefined
COMMAND: POST /session/1841494025458e3697387cb19f02ad73/element - {"using":"xpath","value":"//*[@id=\"application-manageyards-display-component---NewYard--addressDetailDetailsLanguage-arrow\"]"}
RESULT: {"using":"xpath","value":"//*[@id=\"application-manageyards-display-component---NewYard--addressDetailDetailsLanguage-arrow\"]"}
COMMAND: POST /session/1841494025458e3697387cb19f02ad73/element/f.4A5FBB56EC8D275E16A1B089E6612898.d.2FA8830C281052EDE5B5ED6AA5F98DD2.e.9488/click - {}
RESULT: {}
COMMAND: POST /session/1841494025458e3697387cb19f02ad73/element - {"using":"xpath","value":"//span[contains(text(), \"English\")]"}
COMMAND: GET /session/1841494025458e3697387cb19f02ad73/screenshot - {}
RESULT: {"using":"xpath","value":"//span[contains(text(), \"English\")]"}
COMMAND: POST /session/1841494025458e3697387cb19f02ad73/element/f.4A5FBB56EC8D275E16A1B089E6612898.d.2FA8830C281052EDE5B5ED6AA5F98DD2.e.9489/click - {}
RESULT: {}
RESULT: {}
COMMAND: POST /session/1841494025458e3697387cb19f02ad73/execute/async - {"script":"<script> [1562 bytes]","args":[{"selector":{"id":"application-manageyards-display-component---NewYard--addressDetailDetailsCity1","interaction":{"idSuffix":"inner"}},"wdio_ui5_key":"applicationmanageyards-display-component---NewYard--addressDetailDetailsCity1"}]}
COMMAND: GET /session/1841494025458e3697387cb19f02ad73/screenshot - {}
RESULT: {"script":"<script> [1562 bytes]","args":[{"selector":{"id":"application-manageyards-display-component---NewYard--addressDetailDetailsCity1","interaction":{"idSuffix":"inner"}},"wdio_ui5_key":"applicationmanageyards-display-component---NewYard--addressDetailDetailsCity1"}]}
RESULT: undefined
COMMAND: POST /session/1841494025458e3697387cb19f02ad73/execute/async - {"script":"<script> [776 bytes]","args":[{"enterText":"Rosario","selector":{"id":"application-manageyards-display-component---NewYard--addressDetailDetailsCity1","interaction":{"idSuffix":"inner"}},"clearTextFirst":true,"interactionType":"ENTER_TEXT"}]}
RESULT: {}
RESULT: {"script":"<script> [776 bytes]","args":[{"enterText":"Rosario","selector":{"id":"application-manageyards-display-component---NewYard--addressDetailDetailsCity1","interaction":{"idSuffix":"inner"}},"clearTextFirst":true,"interactionType":"ENTER_TEXT"}]}
COMMAND: POST /session/1841494025458e3697387cb19f02ad73/execute/async - {"script":"<script> [1562 bytes]","args":[{"selector":{"id":"application-manageyards-display-component---NewYard--addressDetailDetailsCountry-arrow"},"wdio_ui5_key":"applicationmanageyards-display-component---NewYard--addressDetailDetailsCountry-arrow"}]}
RESULT: {"script":"<script> [1562 bytes]","args":[{"selector":{"id":"application-manageyards-display-component---NewYard--addressDetailDetailsCountry-arrow"},"wdio_ui5_key":"applicationmanageyards-display-component---NewYard--addressDetailDetailsCountry-arrow"}]}
RESULT: undefined
COMMAND: POST /session/1841494025458e3697387cb19f02ad73/element - {"using":"xpath","value":"//*[@id=\"application-manageyards-display-component---NewYard--addressDetailDetailsCountry-arrow\"]"}
RESULT: {"using":"xpath","value":"//*[@id=\"application-manageyards-display-component---NewYard--addressDetailDetailsCountry-arrow\"]"}
COMMAND: POST /session/1841494025458e3697387cb19f02ad73/element/f.4A5FBB56EC8D275E16A1B089E6612898.d.2FA8830C281052EDE5B5ED6AA5F98DD2.e.9491/click - {}
RESULT: {}
COMMAND: POST /session/1841494025458e3697387cb19f02ad73/element - {"using":"xpath","value":"//span[contains(text(), \"Argentina\")]"}
COMMAND: GET /session/1841494025458e3697387cb19f02ad73/screenshot - {}
RESULT: {}
RESULT: {"using":"xpath","value":"//span[contains(text(), \"Argentina\")]"}
COMMAND: POST /session/1841494025458e3697387cb19f02ad73/element/f.4A5FBB56EC8D275E16A1B089E6612898.d.2FA8830C281052EDE5B5ED6AA5F98DD2.e.9492/click - {}
RESULT: {}
COMMAND: POST /session/1841494025458e3697387cb19f02ad73/execute/async - {"script":"<script> [1562 bytes]","args":[{"selector":{"id":"application-manageyards-display-component---NewYard--addressEditDetailsCostObjectCstType-arrow"},"wdio_ui5_key":"applicationmanageyards-display-component---NewYard--addressEditDetailsCostObjectCstType-arrow"}]}
COMMAND: GET /session/1841494025458e3697387cb19f02ad73/screenshot - {}
RESULT: {"script":"<script> [1562 bytes]","args":[{"selector":{"id":"application-manageyards-display-component---NewYard--addressEditDetailsCostObjectCstType-arrow"},"wdio_ui5_key":"applicationmanageyards-display-component---NewYard--addressEditDetailsCostObjectCstType-arrow"}]}
RESULT: undefined
COMMAND: POST /session/1841494025458e3697387cb19f02ad73/element - {"using":"xpath","value":"//*[@id=\"application-manageyards-display-component---NewYard--addressEditDetailsCostObjectCstType-arrow\"]"}
RESULT: {}
RESULT: {"using":"xpath","value":"//*[@id=\"application-manageyards-display-component---NewYard--addressEditDetailsCostObjectCstType-arrow\"]"}
COMMAND: POST /session/1841494025458e3697387cb19f02ad73/element/f.4A5FBB56EC8D275E16A1B089E6612898.d.2FA8830C281052EDE5B5ED6AA5F98DD2.e.9494/click - {}
RESULT: {}
COMMAND: POST /session/1841494025458e3697387cb19f02ad73/element - {"using":"xpath","value":"//span[contains(text(), \"Cost Center\")]"}
COMMAND: GET /session/1841494025458e3697387cb19f02ad73/screenshot - {}
RESULT: {"using":"xpath","value":"//span[contains(text(), \"Cost Center\")]"}
COMMAND: POST /session/1841494025458e3697387cb19f02ad73/element/f.4A5FBB56EC8D275E16A1B089E6612898.d.2FA8830C281052EDE5B5ED6AA5F98DD2.e.9495/click - {}
RESULT: {}
RESULT: {}
COMMAND: GET /session/1841494025458e3697387cb19f02ad73/screenshot - {}
RESULT: {}
COMMAND: POST /session/1841494025458e3697387cb19f02ad73/element - {"using":"xpath","value":"//span[@id=\"application-manageyards-display-component---NewYard--addressNewCostObjectCstID-vhi\"]"}
RESULT: {"using":"xpath","value":"//span[@id=\"application-manageyards-display-component---NewYard--addressNewCostObjectCstID-vhi\"]"}
COMMAND: POST /session/1841494025458e3697387cb19f02ad73/execute/sync - {"script":"<script> [8489 bytes]","args":[{"element-6066-11e4-a52e-4f735466cecf":"f.4A5FBB56EC8D275E16A1B089E6612898.d.2FA8830C281052EDE5B5ED6AA5F98DD2.e.9499","ELEMENT":"f.4A5FBB56EC8D275E16A1B089E6612898.d.2FA8830C281052EDE5B5ED6AA5F98DD2.e.9499"}]}
RESULT: {"script":"<script> [8489 bytes]","args":[{"element-6066-11e4-a52e-4f735466cecf":"f.4A5FBB56EC8D275E16A1B089E6612898.d.2FA8830C281052EDE5B5ED6AA5F98DD2.e.9499","ELEMENT":"f.4A5FBB56EC8D275E16A1B089E6612898.d.2FA8830C281052EDE5B5ED6AA5F98DD2.e.9499"}]}
COMMAND: POST /session/1841494025458e3697387cb19f02ad73/execute/async - {"script":"<script> [1562 bytes]","args":[{"selector":{"id":"application-manageyards-display-component---NewYard--addressNewCostObjectCstID-vhi"},"wdio_ui5_key":"applicationmanageyards-display-component---NewYard--addressNewCostObjectCstID-vhi"}]}
COMMAND: GET /session/1841494025458e3697387cb19f02ad73/screenshot - {}
RESULT: {"script":"<script> [1562 bytes]","args":[{"selector":{"id":"application-manageyards-display-component---NewYard--addressNewCostObjectCstID-vhi"},"wdio_ui5_key":"applicationmanageyards-display-component---NewYard--addressNewCostObjectCstID-vhi"}]}
RESULT: undefined
COMMAND: POST /session/1841494025458e3697387cb19f02ad73/element - {"using":"xpath","value":"//*[@id=\"application-manageyards-display-component---NewYard--addressNewCostObjectCstID-vhi\"]"}
RESULT: {}
RESULT: {"using":"xpath","value":"//*[@id=\"application-manageyards-display-component---NewYard--addressNewCostObjectCstID-vhi\"]"}
COMMAND: POST /session/1841494025458e3697387cb19f02ad73/element/f.4A5FBB56EC8D275E16A1B089E6612898.d.2FA8830C281052EDE5B5ED6AA5F98DD2.e.9499/click - {}
RESULT: {}
COMMAND: GET /session/1841494025458e3697387cb19f02ad73/screenshot - {}
COMMAND: POST /session/1841494025458e3697387cb19f02ad73/execute/async - {"script":"<script> [1562 bytes]","args":[{"selector":{"controlType":"sap.m.SearchField","properties":{"placeholder":"Search"},"searchOpenDialogs":true,"interaction":{"idSuffix":"I"}},"wdio_ui5_key":"sapm.SearchField{\"placeholder\":\"Search\"}"}]}
RESULT: {}
RESULT: {"script":"<script> [1562 bytes]","args":[{"selector":{"controlType":"sap.m.SearchField","properties":{"placeholder":"Search"},"searchOpenDialogs":true,"interaction":{"idSuffix":"I"}},"wdio_ui5_key":"sapm.SearchField{\"placeholder\":\"Search\"}"}]}
RESULT: undefined
COMMAND: POST /session/1841494025458e3697387cb19f02ad73/execute/async - {"script":"<script> [776 bytes]","args":[{"enterText":"10001013","selector":{"controlType":"sap.m.SearchField","properties":{"placeholder":"Search"},"searchOpenDialogs":true,"interaction":{"idSuffix":"I"}},"clearTextFirst":true,"interactionType":"ENTER_TEXT"}]}
RESULT: {"script":"<script> [776 bytes]","args":[{"enterText":"10001013","selector":{"controlType":"sap.m.SearchField","properties":{"placeholder":"Search"},"searchOpenDialogs":true,"interaction":{"idSuffix":"I"}},"clearTextFirst":true,"interactionType":"ENTER_TEXT"}]}
COMMAND: POST /session/1841494025458e3697387cb19f02ad73/actions - {"actions":[{"id":"action25","type":"key","parameters":{},"actions":[{"type":"keyDown","value":"î€‡"},{"type":"pause","duration":10},{"type":"keyUp","value":"î€‡"}]}]}
RESULT: {"actions":[{"id":"action25","type":"key","parameters":{},"actions":[{"type":"keyDown","value":"î€‡"},{"type":"pause","duration":10},{"type":"keyUp","value":"î€‡"}]}]}
COMMAND: GET /session/1841494025458e3697387cb19f02ad73/screenshot - {}
RESULT: {}
COMMAND: POST /session/1841494025458e3697387cb19f02ad73/element - {"using":"xpath","value":"//span[contains(text(), \"General Management\")]"}
RESULT: {"using":"xpath","value":"//span[contains(text(), \"General Management\")]"}
COMMAND: POST /session/1841494025458e3697387cb19f02ad73/element/f.4A5FBB56EC8D275E16A1B089E6612898.d.2FA8830C281052EDE5B5ED6AA5F98DD2.e.9540/click - {}
RESULT: {}
COMMAND: GET /session/1841494025458e3697387cb19f02ad73/screenshot - {}
RESULT: {}
COMMAND: POST /session/1841494025458e3697387cb19f02ad73/element - {"using":"xpath","value":"//bdi[contains(text(), \"OK\")]"}
RESULT: {"using":"xpath","value":"//bdi[contains(text(), \"OK\")]"}
COMMAND: POST /session/1841494025458e3697387cb19f02ad73/element/f.4A5FBB56EC8D275E16A1B089E6612898.d.2FA8830C281052EDE5B5ED6AA5F98DD2.e.9541/click - {}
RESULT: {}
COMMAND: GET /session/1841494025458e3697387cb19f02ad73/screenshot - {}
RESULT: {}
COMMAND: POST /session/1841494025458e3697387cb19f02ad73/execute/async - {"script":"<script> [1562 bytes]","args":[{"selector":{"id":"application-manageyards-display-component---NewYard--addressEditDetailsCurrency-arrow"},"wdio_ui5_key":"applicationmanageyards-display-component---NewYard--addressEditDetailsCurrency-arrow"}]}
RESULT: {"script":"<script> [1562 bytes]","args":[{"selector":{"id":"application-manageyards-display-component---NewYard--addressEditDetailsCurrency-arrow"},"wdio_ui5_key":"applicationmanageyards-display-component---NewYard--addressEditDetailsCurrency-arrow"}]}
RESULT: undefined
COMMAND: POST /session/1841494025458e3697387cb19f02ad73/element - {"using":"xpath","value":"//*[@id=\"application-manageyards-display-component---NewYard--addressEditDetailsCurrency-arrow\"]"}
RESULT: {"using":"xpath","value":"//*[@id=\"application-manageyards-display-component---NewYard--addressEditDetailsCurrency-arrow\"]"}
COMMAND: POST /session/1841494025458e3697387cb19f02ad73/element/f.4A5FBB56EC8D275E16A1B089E6612898.d.2FA8830C281052EDE5B5ED6AA5F98DD2.e.9544/click - {}
RESULT: {}
COMMAND: POST /session/1841494025458e3697387cb19f02ad73/element - {"using":"xpath","value":"//span[contains(text(), \"Euro\")]"}
COMMAND: GET /session/1841494025458e3697387cb19f02ad73/screenshot - {}
RESULT: {"using":"xpath","value":"//span[contains(text(), \"Euro\")]"}
COMMAND: POST /session/1841494025458e3697387cb19f02ad73/element/f.4A5FBB56EC8D275E16A1B089E6612898.d.2FA8830C281052EDE5B5ED6AA5F98DD2.e.9545/click - {}
RESULT: {}
RESULT: {}
COMMAND: POST /session/1841494025458e3697387cb19f02ad73/execute/async - {"script":"<script> [1562 bytes]","args":[{"selector":{"controlType":"sap.m.Input","viewName":"etm.portal.ui.manageyards.view.New","viewId":"application-manageyards-display-component---NewYard","bindingPath":{"path":"","propertyPath":"/CONTROLLING_AREA","modelName":"NewYardModel"},"interaction":{"idSuffix":"inner"}},"wdio_ui5_key":"etmportal.ui.manageyards.view.Newsap.m.Input{\"path\":\"\",\"propertyPath\":\"/CONTROLLING_AREA\",\"modelName\":\"NewYardModel\"}"}]}
COMMAND: GET /session/1841494025458e3697387cb19f02ad73/screenshot - {}
RESULT: {"script":"<script> [1562 bytes]","args":[{"selector":{"controlType":"sap.m.Input","viewName":"etm.portal.ui.manageyards.view.New","viewId":"application-manageyards-display-component---NewYard","bindingPath":{"path":"","propertyPath":"/CONTROLLING_AREA","modelName":"NewYardModel"},"interaction":{"idSuffix":"inner"}},"wdio_ui5_key":"etmportal.ui.manageyards.view.Newsap.m.Input{\"path\":\"\",\"propertyPath\":\"/CONTROLLING_AREA\",\"modelName\":\"NewYardModel\"}"}]}
RESULT: undefined
COMMAND: POST /session/1841494025458e3697387cb19f02ad73/execute/async - {"script":"<script> [776 bytes]","args":[{"enterText":"Z001","selector":{"controlType":"sap.m.Input","viewName":"etm.portal.ui.manageyards.view.New","viewId":"application-manageyards-display-component---NewYard","bindingPath":{"path":"","propertyPath":"/CONTROLLING_AREA","modelName":"NewYardModel"},"interaction":{"idSuffix":"inner"}},"clearTextFirst":true,"interactionType":"ENTER_TEXT"}]}
RESULT: {}
RESULT: {"script":"<script> [776 bytes]","args":[{"enterText":"Z001","selector":{"controlType":"sap.m.Input","viewName":"etm.portal.ui.manageyards.view.New","viewId":"application-manageyards-display-component---NewYard","bindingPath":{"path":"","propertyPath":"/CONTROLLING_AREA","modelName":"NewYardModel"},"interaction":{"idSuffix":"inner"}},"clearTextFirst":true,"interactionType":"ENTER_TEXT"}]}
COMMAND: POST /session/1841494025458e3697387cb19f02ad73/execute/async - {"script":"<script> [1562 bytes]","args":[{"selector":{"id":"application-manageyards-display-component---NewYard--companyCodeComboBox","interaction":{"idSuffix":"inner"}},"wdio_ui5_key":"applicationmanageyards-display-component---NewYard--companyCodeComboBox"}]}
RESULT: {"script":"<script> [1562 bytes]","args":[{"selector":{"id":"application-manageyards-display-component---NewYard--companyCodeComboBox","interaction":{"idSuffix":"inner"}},"wdio_ui5_key":"applicationmanageyards-display-component---NewYard--companyCodeComboBox"}]}
RESULT: undefined
COMMAND: POST /session/1841494025458e3697387cb19f02ad73/execute/async - {"script":"<script> [776 bytes]","args":[{"enterText":"1000","selector":{"id":"application-manageyards-display-component---NewYard--companyCodeComboBox","interaction":{"idSuffix":"inner"}},"clearTextFirst":true,"interactionType":"ENTER_TEXT"}]}
RESULT: {"script":"<script> [776 bytes]","args":[{"enterText":"1000","selector":{"id":"application-manageyards-display-component---NewYard--companyCodeComboBox","interaction":{"idSuffix":"inner"}},"clearTextFirst":true,"interactionType":"ENTER_TEXT"}]}
COMMAND: POST /session/1841494025458e3697387cb19f02ad73/execute/async - {"script":"<script> [1562 bytes]","args":[{"selector":{"controlType":"sap.m.Input","viewName":"etm.portal.ui.manageyards.view.New","viewId":"application-manageyards-display-component---NewYard","bindingPath":{"path":"","propertyPath":"/PLANT","modelName":"NewYardModel"},"interaction":{"idSuffix":"inner"}},"wdio_ui5_key":"etmportal.ui.manageyards.view.Newsap.m.Input{\"path\":\"\",\"propertyPath\":\"/PLANT\",\"modelName\":\"NewYardModel\"}"}]}
RESULT: {"script":"<script> [1562 bytes]","args":[{"selector":{"controlType":"sap.m.Input","viewName":"etm.portal.ui.manageyards.view.New","viewId":"application-manageyards-display-component---NewYard","bindingPath":{"path":"","propertyPath":"/PLANT","modelName":"NewYardModel"},"interaction":{"idSuffix":"inner"}},"wdio_ui5_key":"etmportal.ui.manageyards.view.Newsap.m.Input{\"path\":\"\",\"propertyPath\":\"/PLANT\",\"modelName\":\"NewYardModel\"}"}]}
RESULT: undefined
COMMAND: POST /session/1841494025458e3697387cb19f02ad73/execute/async - {"script":"<script> [776 bytes]","args":[{"enterText":"1001","selector":{"controlType":"sap.m.Input","viewName":"etm.portal.ui.manageyards.view.New","viewId":"application-manageyards-display-component---NewYard","bindingPath":{"path":"","propertyPath":"/PLANT","modelName":"NewYardModel"},"interaction":{"idSuffix":"inner"}},"clearTextFirst":true,"interactionType":"ENTER_TEXT"}]}
RESULT: {"script":"<script> [776 bytes]","args":[{"enterText":"1001","selector":{"controlType":"sap.m.Input","viewName":"etm.portal.ui.manageyards.view.New","viewId":"application-manageyards-display-component---NewYard","bindingPath":{"path":"","propertyPath":"/PLANT","modelName":"NewYardModel"},"interaction":{"idSuffix":"inner"}},"clearTextFirst":true,"interactionType":"ENTER_TEXT"}]}
COMMAND: POST /session/1841494025458e3697387cb19f02ad73/execute/async - {"script":"<script> [1562 bytes]","args":[{"selector":{"controlType":"sap.m.Input","viewName":"etm.portal.ui.manageyards.view.New","viewId":"application-manageyards-display-component---NewYard","bindingPath":{"path":"","propertyPath":"/SALES_AREA_VKORG","modelName":"NewYardModel"},"interaction":{"idSuffix":"inner"}},"wdio_ui5_key":"etmportal.ui.manageyards.view.Newsap.m.Input{\"path\":\"\",\"propertyPath\":\"/SALES_AREA_VKORG\",\"modelName\":\"NewYardModel\"}"}]}
RESULT: {"script":"<script> [1562 bytes]","args":[{"selector":{"controlType":"sap.m.Input","viewName":"etm.portal.ui.manageyards.view.New","viewId":"application-manageyards-display-component---NewYard","bindingPath":{"path":"","propertyPath":"/SALES_AREA_VKORG","modelName":"NewYardModel"},"interaction":{"idSuffix":"inner"}},"wdio_ui5_key":"etmportal.ui.manageyards.view.Newsap.m.Input{\"path\":\"\",\"propertyPath\":\"/SALES_AREA_VKORG\",\"modelName\":\"NewYardModel\"}"}]}
RESULT: undefined
COMMAND: POST /session/1841494025458e3697387cb19f02ad73/execute/async - {"script":"<script> [776 bytes]","args":[{"enterText":"C002","selector":{"controlType":"sap.m.Input","viewName":"etm.portal.ui.manageyards.view.New","viewId":"application-manageyards-display-component---NewYard","bindingPath":{"path":"","propertyPath":"/SALES_AREA_VKORG","modelName":"NewYardModel"},"interaction":{"idSuffix":"inner"}},"clearTextFirst":true,"interactionType":"ENTER_TEXT"}]}
RESULT: {"script":"<script> [776 bytes]","args":[{"enterText":"C002","selector":{"controlType":"sap.m.Input","viewName":"etm.portal.ui.manageyards.view.New","viewId":"application-manageyards-display-component---NewYard","bindingPath":{"path":"","propertyPath":"/SALES_AREA_VKORG","modelName":"NewYardModel"},"interaction":{"idSuffix":"inner"}},"clearTextFirst":true,"interactionType":"ENTER_TEXT"}]}
COMMAND: POST /session/1841494025458e3697387cb19f02ad73/execute/async - {"script":"<script> [1562 bytes]","args":[{"selector":{"controlType":"sap.m.Input","viewName":"etm.portal.ui.manageyards.view.New","viewId":"application-manageyards-display-component---NewYard","bindingPath":{"path":"","propertyPath":"/SALES_AREA_VTWEG","modelName":"NewYardModel"},"interaction":{"idSuffix":"inner"}},"wdio_ui5_key":"etmportal.ui.manageyards.view.Newsap.m.Input{\"path\":\"\",\"propertyPath\":\"/SALES_AREA_VTWEG\",\"modelName\":\"NewYardModel\"}"}]}
RESULT: {"script":"<script> [1562 bytes]","args":[{"selector":{"controlType":"sap.m.Input","viewName":"etm.portal.ui.manageyards.view.New","viewId":"application-manageyards-display-component---NewYard","bindingPath":{"path":"","propertyPath":"/SALES_AREA_VTWEG","modelName":"NewYardModel"},"interaction":{"idSuffix":"inner"}},"wdio_ui5_key":"etmportal.ui.manageyards.view.Newsap.m.Input{\"path\":\"\",\"propertyPath\":\"/SALES_AREA_VTWEG\",\"modelName\":\"NewYardModel\"}"}]}
RESULT: undefined
COMMAND: POST /session/1841494025458e3697387cb19f02ad73/execute/async - {"script":"<script> [776 bytes]","args":[{"enterText":"C2","selector":{"controlType":"sap.m.Input","viewName":"etm.portal.ui.manageyards.view.New","viewId":"application-manageyards-display-component---NewYard","bindingPath":{"path":"","propertyPath":"/SALES_AREA_VTWEG","modelName":"NewYardModel"},"interaction":{"idSuffix":"inner"}},"clearTextFirst":true,"interactionType":"ENTER_TEXT"}]}
RESULT: {"script":"<script> [776 bytes]","args":[{"enterText":"C2","selector":{"controlType":"sap.m.Input","viewName":"etm.portal.ui.manageyards.view.New","viewId":"application-manageyards-display-component---NewYard","bindingPath":{"path":"","propertyPath":"/SALES_AREA_VTWEG","modelName":"NewYardModel"},"interaction":{"idSuffix":"inner"}},"clearTextFirst":true,"interactionType":"ENTER_TEXT"}]}
COMMAND: POST /session/1841494025458e3697387cb19f02ad73/execute/async - {"script":"<script> [1562 bytes]","args":[{"selector":{"controlType":"sap.m.Input","viewName":"etm.portal.ui.manageyards.view.New","viewId":"application-manageyards-display-component---NewYard","bindingPath":{"path":"","propertyPath":"/SALES_AREA_SPART","modelName":"NewYardModel"},"interaction":{"idSuffix":"inner"}},"wdio_ui5_key":"etmportal.ui.manageyards.view.Newsap.m.Input{\"path\":\"\",\"propertyPath\":\"/SALES_AREA_SPART\",\"modelName\":\"NewYardModel\"}"}]}
RESULT: {"script":"<script> [1562 bytes]","args":[{"selector":{"controlType":"sap.m.Input","viewName":"etm.portal.ui.manageyards.view.New","viewId":"application-manageyards-display-component---NewYard","bindingPath":{"path":"","propertyPath":"/SALES_AREA_SPART","modelName":"NewYardModel"},"interaction":{"idSuffix":"inner"}},"wdio_ui5_key":"etmportal.ui.manageyards.view.Newsap.m.Input{\"path\":\"\",\"propertyPath\":\"/SALES_AREA_SPART\",\"modelName\":\"NewYardModel\"}"}]}
RESULT: undefined
COMMAND: POST /session/1841494025458e3697387cb19f02ad73/execute/async - {"script":"<script> [776 bytes]","args":[{"enterText":"C2","selector":{"controlType":"sap.m.Input","viewName":"etm.portal.ui.manageyards.view.New","viewId":"application-manageyards-display-component---NewYard","bindingPath":{"path":"","propertyPath":"/SALES_AREA_SPART","modelName":"NewYardModel"},"interaction":{"idSuffix":"inner"}},"clearTextFirst":true,"interactionType":"ENTER_TEXT"}]}
RESULT: {"script":"<script> [776 bytes]","args":[{"enterText":"C2","selector":{"controlType":"sap.m.Input","viewName":"etm.portal.ui.manageyards.view.New","viewId":"application-manageyards-display-component---NewYard","bindingPath":{"path":"","propertyPath":"/SALES_AREA_SPART","modelName":"NewYardModel"},"interaction":{"idSuffix":"inner"}},"clearTextFirst":true,"interactionType":"ENTER_TEXT"}]}
COMMAND: POST /session/1841494025458e3697387cb19f02ad73/execute/async - {"script":"<script> [1562 bytes]","args":[{"selector":{"controlType":"sap.m.Input","viewName":"etm.portal.ui.manageyards.view.New","viewId":"application-manageyards-display-component---NewYard","bindingPath":{"path":"","propertyPath":"/SHIP_POINT","modelName":"NewYardModel"},"interaction":{"idSuffix":"inner"}},"wdio_ui5_key":"etmportal.ui.manageyards.view.Newsap.m.Input{\"path\":\"\",\"propertyPath\":\"/SHIP_POINT\",\"modelName\":\"NewYardModel\"}"}]}
RESULT: {"script":"<script> [1562 bytes]","args":[{"selector":{"controlType":"sap.m.Input","viewName":"etm.portal.ui.manageyards.view.New","viewId":"application-manageyards-display-component---NewYard","bindingPath":{"path":"","propertyPath":"/SHIP_POINT","modelName":"NewYardModel"},"interaction":{"idSuffix":"inner"}},"wdio_ui5_key":"etmportal.ui.manageyards.view.Newsap.m.Input{\"path\":\"\",\"propertyPath\":\"/SHIP_POINT\",\"modelName\":\"NewYardModel\"}"}]}
RESULT: undefined
COMMAND: POST /session/1841494025458e3697387cb19f02ad73/execute/async - {"script":"<script> [776 bytes]","args":[{"enterText":"1710","selector":{"controlType":"sap.m.Input","viewName":"etm.portal.ui.manageyards.view.New","viewId":"application-manageyards-display-component---NewYard","bindingPath":{"path":"","propertyPath":"/SHIP_POINT","modelName":"NewYardModel"},"interaction":{"idSuffix":"inner"}},"clearTextFirst":true,"interactionType":"ENTER_TEXT"}]}
RESULT: {"script":"<script> [776 bytes]","args":[{"enterText":"1710","selector":{"controlType":"sap.m.Input","viewName":"etm.portal.ui.manageyards.view.New","viewId":"application-manageyards-display-component---NewYard","bindingPath":{"path":"","propertyPath":"/SHIP_POINT","modelName":"NewYardModel"},"interaction":{"idSuffix":"inner"}},"clearTextFirst":true,"interactionType":"ENTER_TEXT"}]}
COMMAND: POST /session/1841494025458e3697387cb19f02ad73/execute/async - {"script":"<script> [1562 bytes]","args":[{"selector":{"controlType":"sap.m.Input","viewName":"etm.portal.ui.manageyards.view.New","viewId":"application-manageyards-display-component---NewYard","bindingPath":{"path":"","propertyPath":"/DELIVERY_TYPE","modelName":"NewYardModel"},"interaction":{"idSuffix":"inner"}},"wdio_ui5_key":"etmportal.ui.manageyards.view.Newsap.m.Input{\"path\":\"\",\"propertyPath\":\"/DELIVERY_TYPE\",\"modelName\":\"NewYardModel\"}"}]}
RESULT: {"script":"<script> [1562 bytes]","args":[{"selector":{"controlType":"sap.m.Input","viewName":"etm.portal.ui.manageyards.view.New","viewId":"application-manageyards-display-component---NewYard","bindingPath":{"path":"","propertyPath":"/DELIVERY_TYPE","modelName":"NewYardModel"},"interaction":{"idSuffix":"inner"}},"wdio_ui5_key":"etmportal.ui.manageyards.view.Newsap.m.Input{\"path\":\"\",\"propertyPath\":\"/DELIVERY_TYPE\",\"modelName\":\"NewYardModel\"}"}]}
RESULT: undefined
COMMAND: POST /session/1841494025458e3697387cb19f02ad73/execute/async - {"script":"<script> [776 bytes]","args":[{"enterText":"ZL01","selector":{"controlType":"sap.m.Input","viewName":"etm.portal.ui.manageyards.view.New","viewId":"application-manageyards-display-component---NewYard","bindingPath":{"path":"","propertyPath":"/DELIVERY_TYPE","modelName":"NewYardModel"},"interaction":{"idSuffix":"inner"}},"clearTextFirst":true,"interactionType":"ENTER_TEXT"}]}
RESULT: {"script":"<script> [776 bytes]","args":[{"enterText":"ZL01","selector":{"controlType":"sap.m.Input","viewName":"etm.portal.ui.manageyards.view.New","viewId":"application-manageyards-display-component---NewYard","bindingPath":{"path":"","propertyPath":"/DELIVERY_TYPE","modelName":"NewYardModel"},"interaction":{"idSuffix":"inner"}},"clearTextFirst":true,"interactionType":"ENTER_TEXT"}]}
COMMAND: POST /session/1841494025458e3697387cb19f02ad73/execute/async - {"script":"<script> [1562 bytes]","args":[{"selector":{"controlType":"sap.m.Input","viewName":"etm.portal.ui.manageyards.view.New","viewId":"application-manageyards-display-component---NewYard","bindingPath":{"path":"","propertyPath":"/AUART","modelName":"NewYardModel"},"interaction":{"idSuffix":"inner"}},"wdio_ui5_key":"etmportal.ui.manageyards.view.Newsap.m.Input{\"path\":\"\",\"propertyPath\":\"/AUART\",\"modelName\":\"NewYardModel\"}"}]}
RESULT: {"script":"<script> [1562 bytes]","args":[{"selector":{"controlType":"sap.m.Input","viewName":"etm.portal.ui.manageyards.view.New","viewId":"application-manageyards-display-component---NewYard","bindingPath":{"path":"","propertyPath":"/AUART","modelName":"NewYardModel"},"interaction":{"idSuffix":"inner"}},"wdio_ui5_key":"etmportal.ui.manageyards.view.Newsap.m.Input{\"path\":\"\",\"propertyPath\":\"/AUART\",\"modelName\":\"NewYardModel\"}"}]}
RESULT: undefined
COMMAND: POST /session/1841494025458e3697387cb19f02ad73/execute/async - {"script":"<script> [776 bytes]","args":[{"enterText":"TA","selector":{"controlType":"sap.m.Input","viewName":"etm.portal.ui.manageyards.view.New","viewId":"application-manageyards-display-component---NewYard","bindingPath":{"path":"","propertyPath":"/AUART","modelName":"NewYardModel"},"interaction":{"idSuffix":"inner"}},"clearTextFirst":true,"interactionType":"ENTER_TEXT"}]}
RESULT: {"script":"<script> [776 bytes]","args":[{"enterText":"TA","selector":{"controlType":"sap.m.Input","viewName":"etm.portal.ui.manageyards.view.New","viewId":"application-manageyards-display-component---NewYard","bindingPath":{"path":"","propertyPath":"/AUART","modelName":"NewYardModel"},"interaction":{"idSuffix":"inner"}},"clearTextFirst":true,"interactionType":"ENTER_TEXT"}]}
COMMAND: POST /session/1841494025458e3697387cb19f02ad73/element - {"using":"xpath","value":"//button[@data-kt=\"newYardSaveButton\"]"}
RESULT: {"using":"xpath","value":"//button[@data-kt=\"newYardSaveButton\"]"}
COMMAND: POST /session/1841494025458e3697387cb19f02ad73/element/f.4A5FBB56EC8D275E16A1B089E6612898.d.2FA8830C281052EDE5B5ED6AA5F98DD2.e.9473/click - {}
RESULT: {}
COMMAND: GET /session/1841494025458e3697387cb19f02ad73/screenshot - {}
RESULT: {}
COMMAND: POST /session/1841494025458e3697387cb19f02ad73/element - {"using":"xpath","value":"//header[contains(@id, 'ObjectPageLayout-headerTitle')]/div[1]/div[2]/div[1]/span[1]"}
RESULT: {"using":"xpath","value":"//header[contains(@id, 'ObjectPageLayout-headerTitle')]/div[1]/div[2]/div[1]/span[1]"}
COMMAND: POST /session/1841494025458e3697387cb19f02ad73/elements - {"using":"xpath","value":"//header[contains(@id, 'ObjectPageLayout-headerTitle')]/div[1]/div[2]/div[1]/span[1]"}
RESULT: {"using":"xpath","value":"//header[contains(@id, 'ObjectPageLayout-headerTitle')]/div[1]/div[2]/div[1]/span[1]"}
COMMAND: POST /session/1841494025458e3697387cb19f02ad73/execute/sync - {"script":"<script> [56 bytes]","args":[{"element-6066-11e4-a52e-4f735466cecf":"f.4A5FBB56EC8D275E16A1B089E6612898.d.2FA8830C281052EDE5B5ED6AA5F98DD2.e.9776","ELEMENT":"f.4A5FBB56EC8D275E16A1B089E6612898.d.2FA8830C281052EDE5B5ED6AA5F98DD2.e.9776"}]}
RESULT: {"script":"<script> [56 bytes]","args":[{"element-6066-11e4-a52e-4f735466cecf":"f.4A5FBB56EC8D275E16A1B089E6612898.d.2FA8830C281052EDE5B5ED6AA5F98DD2.e.9776","ELEMENT":"f.4A5FBB56EC8D275E16A1B089E6612898.d.2FA8830C281052EDE5B5ED6AA5F98DD2.e.9776"}]}
COMMAND: GET /session/1841494025458e3697387cb19f02ad73/screenshot - {}
RESULT: {}
COMMAND: POST /session/1841494025458e3697387cb19f02ad73/element - {"using":"css selector","value":"#shell-header-logo"}
RESULT: {"using":"css selector","value":"#shell-header-logo"}
COMMAND: POST /session/1841494025458e3697387cb19f02ad73/element/f.4A5FBB56EC8D275E16A1B089E6612898.d.2FA8830C281052EDE5B5ED6AA5F98DD2.e.9024/click - {}
RESULT: {}
COMMAND: GET /session/1841494025458e3697387cb19f02ad73/screenshot - {}
RESULT: {}
COMMAND: POST /session/1841494025458e3697387cb19f02ad73/execute/sync - {"script":"<script> [299 bytes]","args":[["getModel","getResource"]]}
RESULT: {"script":"<script> [299 bytes]","args":[["getModel","getResource"]]}
COMMAND: GET /session/1841494025458e3697387cb19f02ad73/screenshot - {}
]]></system-out>
    </testcase>
    <testcase classname="chrome.136_0_7103_49.windows.Create_partner_US118246" name="Should create new external partner" time="92.542">
      <system-out><![CDATA[
COMMAND: POST /session/1841494025458e3697387cb19f02ad73/window/fullscreen - {}
RESULT: {}
RESULT: {}
COMMAND: POST /session/1841494025458e3697387cb19f02ad73/execute/async - {"script":"<script> [1562 bytes]","args":[{"selector":{"controlType":"sap.m.GenericTile","properties":{"header":"Manage Partners"}},"wdio_ui5_key":"sapm.GenericTile{\"header\":\"Manage Partners\"}"}]}
RESULT: {"script":"<script> [1562 bytes]","args":[{"selector":{"controlType":"sap.m.GenericTile","properties":{"header":"Manage Partners"}},"wdio_ui5_key":"sapm.GenericTile{\"header\":\"Manage Partners\"}"}]}
RESULT: undefined
COMMAND: POST /session/1841494025458e3697387cb19f02ad73/element - {"using":"xpath","value":"//*[@id=\"__tile38\"]"}
RESULT: {"using":"xpath","value":"//*[@id=\"__tile38\"]"}
COMMAND: POST /session/1841494025458e3697387cb19f02ad73/element/f.4A5FBB56EC8D275E16A1B089E6612898.d.2FA8830C281052EDE5B5ED6AA5F98DD2.e.8910/click - {}
RESULT: {}
COMMAND: POST /session/1841494025458e3697387cb19f02ad73/element - {"using":"xpath","value":"//button[@data-kt=\"addButton\"]"}
COMMAND: GET /session/1841494025458e3697387cb19f02ad73/screenshot - {}
RESULT: {"using":"xpath","value":"//button[@data-kt=\"addButton\"]"}
COMMAND: POST /session/1841494025458e3697387cb19f02ad73/elements - {"using":"xpath","value":"//button[@data-kt=\"addButton\"]"}
RESULT: {}
RESULT: {"using":"xpath","value":"//button[@data-kt=\"addButton\"]"}
COMMAND: POST /session/1841494025458e3697387cb19f02ad73/elements - {"using":"xpath","value":"//button[@data-kt=\"addButton\"]"}
RESULT: {"using":"xpath","value":"//button[@data-kt=\"addButton\"]"}
COMMAND: POST /session/1841494025458e3697387cb19f02ad73/elements - {"using":"xpath","value":"//button[@data-kt=\"addButton\"]"}
RESULT: {"using":"xpath","value":"//button[@data-kt=\"addButton\"]"}
COMMAND: POST /session/1841494025458e3697387cb19f02ad73/elements - {"using":"xpath","value":"//button[@data-kt=\"addButton\"]"}
RESULT: {"using":"xpath","value":"//button[@data-kt=\"addButton\"]"}
COMMAND: POST /session/1841494025458e3697387cb19f02ad73/elements - {"using":"xpath","value":"//button[@data-kt=\"addButton\"]"}
RESULT: {"using":"xpath","value":"//button[@data-kt=\"addButton\"]"}
COMMAND: POST /session/1841494025458e3697387cb19f02ad73/elements - {"using":"xpath","value":"//button[@data-kt=\"addButton\"]"}
RESULT: {"using":"xpath","value":"//button[@data-kt=\"addButton\"]"}
COMMAND: POST /session/1841494025458e3697387cb19f02ad73/elements - {"using":"xpath","value":"//button[@data-kt=\"addButton\"]"}
RESULT: {"using":"xpath","value":"//button[@data-kt=\"addButton\"]"}
COMMAND: POST /session/1841494025458e3697387cb19f02ad73/elements - {"using":"xpath","value":"//button[@data-kt=\"addButton\"]"}
RESULT: {"using":"xpath","value":"//button[@data-kt=\"addButton\"]"}
COMMAND: POST /session/1841494025458e3697387cb19f02ad73/elements - {"using":"xpath","value":"//button[@data-kt=\"addButton\"]"}
RESULT: {"using":"xpath","value":"//button[@data-kt=\"addButton\"]"}
COMMAND: POST /session/1841494025458e3697387cb19f02ad73/elements - {"using":"xpath","value":"//button[@data-kt=\"addButton\"]"}
RESULT: {"using":"xpath","value":"//button[@data-kt=\"addButton\"]"}
COMMAND: POST /session/1841494025458e3697387cb19f02ad73/elements - {"using":"xpath","value":"//button[@data-kt=\"addButton\"]"}
RESULT: {"using":"xpath","value":"//button[@data-kt=\"addButton\"]"}
COMMAND: POST /session/1841494025458e3697387cb19f02ad73/elements - {"using":"xpath","value":"//button[@data-kt=\"addButton\"]"}
RESULT: {"using":"xpath","value":"//button[@data-kt=\"addButton\"]"}
COMMAND: POST /session/1841494025458e3697387cb19f02ad73/elements - {"using":"xpath","value":"//button[@data-kt=\"addButton\"]"}
RESULT: {"using":"xpath","value":"//button[@data-kt=\"addButton\"]"}
COMMAND: POST /session/1841494025458e3697387cb19f02ad73/elements - {"using":"xpath","value":"//button[@data-kt=\"addButton\"]"}
RESULT: {"using":"xpath","value":"//button[@data-kt=\"addButton\"]"}
COMMAND: POST /session/1841494025458e3697387cb19f02ad73/elements - {"using":"xpath","value":"//button[@data-kt=\"addButton\"]"}
RESULT: {"using":"xpath","value":"//button[@data-kt=\"addButton\"]"}
COMMAND: POST /session/1841494025458e3697387cb19f02ad73/elements - {"using":"xpath","value":"//button[@data-kt=\"addButton\"]"}
RESULT: {"using":"xpath","value":"//button[@data-kt=\"addButton\"]"}
COMMAND: POST /session/1841494025458e3697387cb19f02ad73/elements - {"using":"xpath","value":"//button[@data-kt=\"addButton\"]"}
RESULT: {"using":"xpath","value":"//button[@data-kt=\"addButton\"]"}
COMMAND: POST /session/1841494025458e3697387cb19f02ad73/elements - {"using":"xpath","value":"//button[@data-kt=\"addButton\"]"}
RESULT: {"using":"xpath","value":"//button[@data-kt=\"addButton\"]"}
COMMAND: POST /session/1841494025458e3697387cb19f02ad73/elements - {"using":"xpath","value":"//button[@data-kt=\"addButton\"]"}
RESULT: {"using":"xpath","value":"//button[@data-kt=\"addButton\"]"}
COMMAND: POST /session/1841494025458e3697387cb19f02ad73/elements - {"using":"xpath","value":"//button[@data-kt=\"addButton\"]"}
RESULT: {"using":"xpath","value":"//button[@data-kt=\"addButton\"]"}
COMMAND: POST /session/1841494025458e3697387cb19f02ad73/elements - {"using":"xpath","value":"//button[@data-kt=\"addButton\"]"}
RESULT: {"using":"xpath","value":"//button[@data-kt=\"addButton\"]"}
COMMAND: POST /session/1841494025458e3697387cb19f02ad73/elements - {"using":"xpath","value":"//button[@data-kt=\"addButton\"]"}
RESULT: {"using":"xpath","value":"//button[@data-kt=\"addButton\"]"}
COMMAND: POST /session/1841494025458e3697387cb19f02ad73/element - {"using":"xpath","value":"//button[@data-kt=\"addButton\"]"}
RESULT: {"using":"xpath","value":"//button[@data-kt=\"addButton\"]"}
COMMAND: POST /session/1841494025458e3697387cb19f02ad73/execute/sync - {"script":"<script> [8489 bytes]","args":[{"element-6066-11e4-a52e-4f735466cecf":"f.4A5FBB56EC8D275E16A1B089E6612898.d.2FA8830C281052EDE5B5ED6AA5F98DD2.e.9814","ELEMENT":"f.4A5FBB56EC8D275E16A1B089E6612898.d.2FA8830C281052EDE5B5ED6AA5F98DD2.e.9814"}]}
RESULT: {"script":"<script> [8489 bytes]","args":[{"element-6066-11e4-a52e-4f735466cecf":"f.4A5FBB56EC8D275E16A1B089E6612898.d.2FA8830C281052EDE5B5ED6AA5F98DD2.e.9814","ELEMENT":"f.4A5FBB56EC8D275E16A1B089E6612898.d.2FA8830C281052EDE5B5ED6AA5F98DD2.e.9814"}]}
COMMAND: GET /session/1841494025458e3697387cb19f02ad73/element/f.4A5FBB56EC8D275E16A1B089E6612898.d.2FA8830C281052EDE5B5ED6AA5F98DD2.e.9814/enabled - {}
COMMAND: GET /session/1841494025458e3697387cb19f02ad73/screenshot - {}
RESULT: {}
COMMAND: POST /session/1841494025458e3697387cb19f02ad73/execute/sync - {"script":"<script> [8489 bytes]","args":[{"element-6066-11e4-a52e-4f735466cecf":"f.4A5FBB56EC8D275E16A1B089E6612898.d.2FA8830C281052EDE5B5ED6AA5F98DD2.e.9814","ELEMENT":"f.4A5FBB56EC8D275E16A1B089E6612898.d.2FA8830C281052EDE5B5ED6AA5F98DD2.e.9814"}]}
COMMAND: GET /session/1841494025458e3697387cb19f02ad73/screenshot - {}
RESULT: {}
RESULT: {"script":"<script> [8489 bytes]","args":[{"element-6066-11e4-a52e-4f735466cecf":"f.4A5FBB56EC8D275E16A1B089E6612898.d.2FA8830C281052EDE5B5ED6AA5F98DD2.e.9814","ELEMENT":"f.4A5FBB56EC8D275E16A1B089E6612898.d.2FA8830C281052EDE5B5ED6AA5F98DD2.e.9814"}]}
COMMAND: POST /session/1841494025458e3697387cb19f02ad73/execute/sync - {"script":"<script> [5351 bytes]","args":[{"element-6066-11e4-a52e-4f735466cecf":"f.4A5FBB56EC8D275E16A1B089E6612898.d.2FA8830C281052EDE5B5ED6AA5F98DD2.e.9814","ELEMENT":"f.4A5FBB56EC8D275E16A1B089E6612898.d.2FA8830C281052EDE5B5ED6AA5F98DD2.e.9814"}]}
COMMAND: GET /session/1841494025458e3697387cb19f02ad73/screenshot - {}
RESULT: {}
RESULT: {"script":"<script> [5351 bytes]","args":[{"element-6066-11e4-a52e-4f735466cecf":"f.4A5FBB56EC8D275E16A1B089E6612898.d.2FA8830C281052EDE5B5ED6AA5F98DD2.e.9814","ELEMENT":"f.4A5FBB56EC8D275E16A1B089E6612898.d.2FA8830C281052EDE5B5ED6AA5F98DD2.e.9814"}]}
COMMAND: POST /session/1841494025458e3697387cb19f02ad73/element/f.4A5FBB56EC8D275E16A1B089E6612898.d.2FA8830C281052EDE5B5ED6AA5F98DD2.e.9814/click - {}
COMMAND: GET /session/1841494025458e3697387cb19f02ad73/screenshot - {}
RESULT: {}
RESULT: {}
COMMAND: GET /session/1841494025458e3697387cb19f02ad73/screenshot - {}
COMMAND: POST /session/1841494025458e3697387cb19f02ad73/execute/async - {"script":"<script> [1562 bytes]","args":[{"selector":{"id":"application-managepartners-display-component---NewPartner--addressDetailDetailsName1","interaction":{"idSuffix":"inner"}},"wdio_ui5_key":"applicationmanagepartners-display-component---NewPartner--addressDetailDetailsName1"}]}
RESULT: {}
RESULT: {}
RESULT: {"script":"<script> [1562 bytes]","args":[{"selector":{"id":"application-managepartners-display-component---NewPartner--addressDetailDetailsName1","interaction":{"idSuffix":"inner"}},"wdio_ui5_key":"applicationmanagepartners-display-component---NewPartner--addressDetailDetailsName1"}]}
RESULT: undefined
COMMAND: POST /session/1841494025458e3697387cb19f02ad73/execute/async - {"script":"<script> [776 bytes]","args":[{"enterText":"External Partner WDIO","selector":{"id":"application-managepartners-display-component---NewPartner--addressDetailDetailsName1","interaction":{"idSuffix":"inner"}},"clearTextFirst":true,"interactionType":"ENTER_TEXT"}]}
RESULT: {"script":"<script> [776 bytes]","args":[{"enterText":"External Partner WDIO","selector":{"id":"application-managepartners-display-component---NewPartner--addressDetailDetailsName1","interaction":{"idSuffix":"inner"}},"clearTextFirst":true,"interactionType":"ENTER_TEXT"}]}
COMMAND: POST /session/1841494025458e3697387cb19f02ad73/execute/async - {"script":"<script> [1562 bytes]","args":[{"selector":{"id":"application-managepartners-display-component---NewPartner--addressDetailDetailsLanguage-arrow"},"wdio_ui5_key":"applicationmanagepartners-display-component---NewPartner--addressDetailDetailsLanguage-arrow"}]}
RESULT: {"script":"<script> [1562 bytes]","args":[{"selector":{"id":"application-managepartners-display-component---NewPartner--addressDetailDetailsLanguage-arrow"},"wdio_ui5_key":"applicationmanagepartners-display-component---NewPartner--addressDetailDetailsLanguage-arrow"}]}
RESULT: undefined
COMMAND: POST /session/1841494025458e3697387cb19f02ad73/element - {"using":"xpath","value":"//*[@id=\"application-managepartners-display-component---NewPartner--addressDetailDetailsLanguage-arrow\"]"}
RESULT: {"using":"xpath","value":"//*[@id=\"application-managepartners-display-component---NewPartner--addressDetailDetailsLanguage-arrow\"]"}
COMMAND: POST /session/1841494025458e3697387cb19f02ad73/element/f.4A5FBB56EC8D275E16A1B089E6612898.d.2FA8830C281052EDE5B5ED6AA5F98DD2.e.10267/click - {}
RESULT: {}
COMMAND: POST /session/1841494025458e3697387cb19f02ad73/element - {"using":"xpath","value":"//span[contains(text(), \"English\")]"}
COMMAND: GET /session/1841494025458e3697387cb19f02ad73/screenshot - {}
RESULT: {"using":"xpath","value":"//span[contains(text(), \"English\")]"}
COMMAND: POST /session/1841494025458e3697387cb19f02ad73/element/f.4A5FBB56EC8D275E16A1B089E6612898.d.2FA8830C281052EDE5B5ED6AA5F98DD2.e.10268/click - {}
RESULT: {}
RESULT: {}
COMMAND: GET /session/1841494025458e3697387cb19f02ad73/screenshot - {}
RESULT: {}
COMMAND: POST /session/1841494025458e3697387cb19f02ad73/execute/async - {"script":"<script> [1562 bytes]","args":[{"selector":{"id":"application-managepartners-display-component---NewPartner--addressDetailDetailsCity1","interaction":{"idSuffix":"inner"}},"wdio_ui5_key":"applicationmanagepartners-display-component---NewPartner--addressDetailDetailsCity1"}]}
RESULT: {"script":"<script> [1562 bytes]","args":[{"selector":{"id":"application-managepartners-display-component---NewPartner--addressDetailDetailsCity1","interaction":{"idSuffix":"inner"}},"wdio_ui5_key":"applicationmanagepartners-display-component---NewPartner--addressDetailDetailsCity1"}]}
RESULT: undefined
COMMAND: POST /session/1841494025458e3697387cb19f02ad73/execute/async - {"script":"<script> [776 bytes]","args":[{"enterText":"Rosario","selector":{"id":"application-managepartners-display-component---NewPartner--addressDetailDetailsCity1","interaction":{"idSuffix":"inner"}},"clearTextFirst":true,"interactionType":"ENTER_TEXT"}]}
RESULT: {"script":"<script> [776 bytes]","args":[{"enterText":"Rosario","selector":{"id":"application-managepartners-display-component---NewPartner--addressDetailDetailsCity1","interaction":{"idSuffix":"inner"}},"clearTextFirst":true,"interactionType":"ENTER_TEXT"}]}
COMMAND: POST /session/1841494025458e3697387cb19f02ad73/execute/async - {"script":"<script> [1562 bytes]","args":[{"selector":{"id":"application-managepartners-display-component---NewPartner--addressDetailDetailsCountry-arrow"},"wdio_ui5_key":"applicationmanagepartners-display-component---NewPartner--addressDetailDetailsCountry-arrow"}]}
RESULT: {"script":"<script> [1562 bytes]","args":[{"selector":{"id":"application-managepartners-display-component---NewPartner--addressDetailDetailsCountry-arrow"},"wdio_ui5_key":"applicationmanagepartners-display-component---NewPartner--addressDetailDetailsCountry-arrow"}]}
RESULT: undefined
COMMAND: POST /session/1841494025458e3697387cb19f02ad73/element - {"using":"xpath","value":"//*[@id=\"application-managepartners-display-component---NewPartner--addressDetailDetailsCountry-arrow\"]"}
RESULT: {"using":"xpath","value":"//*[@id=\"application-managepartners-display-component---NewPartner--addressDetailDetailsCountry-arrow\"]"}
COMMAND: POST /session/1841494025458e3697387cb19f02ad73/element/f.4A5FBB56EC8D275E16A1B089E6612898.d.2FA8830C281052EDE5B5ED6AA5F98DD2.e.10231/click - {}
RESULT: {}
COMMAND: POST /session/1841494025458e3697387cb19f02ad73/element - {"using":"xpath","value":"//span[contains(text(), \"Argentina\")]"}
COMMAND: GET /session/1841494025458e3697387cb19f02ad73/screenshot - {}
RESULT: {"using":"xpath","value":"//span[contains(text(), \"Argentina\")]"}
COMMAND: POST /session/1841494025458e3697387cb19f02ad73/element/f.4A5FBB56EC8D275E16A1B089E6612898.d.2FA8830C281052EDE5B5ED6AA5F98DD2.e.10270/click - {}
RESULT: {}
RESULT: {}
COMMAND: GET /session/1841494025458e3697387cb19f02ad73/screenshot - {}
RESULT: {}
COMMAND: POST /session/1841494025458e3697387cb19f02ad73/element - {"using":"xpath","value":"//bdi[contains(text(), \"Commercial\")]"}
RESULT: {"using":"xpath","value":"//bdi[contains(text(), \"Commercial\")]"}
COMMAND: POST /session/1841494025458e3697387cb19f02ad73/element/f.4A5FBB56EC8D275E16A1B089E6612898.d.2FA8830C281052EDE5B5ED6AA5F98DD2.e.10271/click - {}
RESULT: {}
COMMAND: GET /session/1841494025458e3697387cb19f02ad73/screenshot - {}
RESULT: {}
COMMAND: POST /session/1841494025458e3697387cb19f02ad73/execute/async - {"script":"<script> [1562 bytes]","args":[{"selector":{"id":"application-managepartners-display-component---NewPartner--partnerDetailInternal-arrow"},"wdio_ui5_key":"applicationmanagepartners-display-component---NewPartner--partnerDetailInternal-arrow"}]}
RESULT: {"script":"<script> [1562 bytes]","args":[{"selector":{"id":"application-managepartners-display-component---NewPartner--partnerDetailInternal-arrow"},"wdio_ui5_key":"applicationmanagepartners-display-component---NewPartner--partnerDetailInternal-arrow"}]}
RESULT: undefined
COMMAND: POST /session/1841494025458e3697387cb19f02ad73/element - {"using":"xpath","value":"//*[@id=\"application-managepartners-display-component---NewPartner--partnerDetailInternal-arrow\"]"}
RESULT: {"using":"xpath","value":"//*[@id=\"application-managepartners-display-component---NewPartner--partnerDetailInternal-arrow\"]"}
COMMAND: POST /session/1841494025458e3697387cb19f02ad73/element/f.4A5FBB56EC8D275E16A1B089E6612898.d.2FA8830C281052EDE5B5ED6AA5F98DD2.e.10279/click - {}
RESULT: {}
COMMAND: POST /session/1841494025458e3697387cb19f02ad73/element - {"using":"xpath","value":"//span[contains(text(), \"External partner\")]"}
COMMAND: GET /session/1841494025458e3697387cb19f02ad73/screenshot - {}
RESULT: {"using":"xpath","value":"//span[contains(text(), \"External partner\")]"}
COMMAND: POST /session/1841494025458e3697387cb19f02ad73/element/f.4A5FBB56EC8D275E16A1B089E6612898.d.2FA8830C281052EDE5B5ED6AA5F98DD2.e.10280/click - {}
RESULT: {}
RESULT: {}
COMMAND: POST /session/1841494025458e3697387cb19f02ad73/execute/async - {"script":"<script> [1562 bytes]","args":[{"selector":{"id":"application-managepartners-display-component---NewPartner--partnerDetailsCurrency-arrow"},"wdio_ui5_key":"applicationmanagepartners-display-component---NewPartner--partnerDetailsCurrency-arrow"}]}
COMMAND: GET /session/1841494025458e3697387cb19f02ad73/screenshot - {}
RESULT: {"script":"<script> [1562 bytes]","args":[{"selector":{"id":"application-managepartners-display-component---NewPartner--partnerDetailsCurrency-arrow"},"wdio_ui5_key":"applicationmanagepartners-display-component---NewPartner--partnerDetailsCurrency-arrow"}]}
RESULT: undefined
COMMAND: POST /session/1841494025458e3697387cb19f02ad73/element - {"using":"xpath","value":"//*[@id=\"application-managepartners-display-component---NewPartner--partnerDetailsCurrency-arrow\"]"}
RESULT: {}
RESULT: {"using":"xpath","value":"//*[@id=\"application-managepartners-display-component---NewPartner--partnerDetailsCurrency-arrow\"]"}
COMMAND: POST /session/1841494025458e3697387cb19f02ad73/element/f.4A5FBB56EC8D275E16A1B089E6612898.d.2FA8830C281052EDE5B5ED6AA5F98DD2.e.10285/click - {}
RESULT: {}
COMMAND: POST /session/1841494025458e3697387cb19f02ad73/element - {"using":"xpath","value":"//span[contains(text(), \"US Dollar\")]"}
COMMAND: GET /session/1841494025458e3697387cb19f02ad73/screenshot - {}
RESULT: {"using":"xpath","value":"//span[contains(text(), \"US Dollar\")]"}
COMMAND: POST /session/1841494025458e3697387cb19f02ad73/element/f.4A5FBB56EC8D275E16A1B089E6612898.d.2FA8830C281052EDE5B5ED6AA5F98DD2.e.10286/click - {}
RESULT: {}
RESULT: {}
COMMAND: GET /session/1841494025458e3697387cb19f02ad73/screenshot - {}
RESULT: {}
COMMAND: POST /session/1841494025458e3697387cb19f02ad73/element - {"using":"xpath","value":"//input[@id=\"application-managepartners-display-component---NewPartner--companyCodeComboBox-inner\"]"}
RESULT: {"using":"xpath","value":"//input[@id=\"application-managepartners-display-component---NewPartner--companyCodeComboBox-inner\"]"}
COMMAND: POST /session/1841494025458e3697387cb19f02ad73/element/f.4A5FBB56EC8D275E16A1B089E6612898.d.2FA8830C281052EDE5B5ED6AA5F98DD2.e.10128/clear - {}
RESULT: {}
COMMAND: POST /session/1841494025458e3697387cb19f02ad73/element/f.4A5FBB56EC8D275E16A1B089E6612898.d.2FA8830C281052EDE5B5ED6AA5F98DD2.e.10128/value - {"text":"C002"}
COMMAND: GET /session/1841494025458e3697387cb19f02ad73/screenshot - {}
RESULT: {"text":"C002"}
COMMAND: GET /session/1841494025458e3697387cb19f02ad73/screenshot - {}
RESULT: {}
RESULT: {}
COMMAND: POST /session/1841494025458e3697387cb19f02ad73/element - {"using":"xpath","value":"//li[.//span[text()= \"C002\"]]"}
RESULT: {"using":"xpath","value":"//li[.//span[text()= \"C002\"]]"}
COMMAND: POST /session/1841494025458e3697387cb19f02ad73/element/f.4A5FBB56EC8D275E16A1B089E6612898.d.2FA8830C281052EDE5B5ED6AA5F98DD2.e.10290/click - {}
RESULT: {}
COMMAND: GET /session/1841494025458e3697387cb19f02ad73/screenshot - {}
RESULT: {}
COMMAND: POST /session/1841494025458e3697387cb19f02ad73/execute/async - {"script":"<script> [1562 bytes]","args":[{"selector":{"id":"application-managepartners-display-component---NewPartner--btnAddTableRow-img"},"wdio_ui5_key":"applicationmanagepartners-display-component---NewPartner--btnAddTableRow-img"}]}
RESULT: {"script":"<script> [1562 bytes]","args":[{"selector":{"id":"application-managepartners-display-component---NewPartner--btnAddTableRow-img"},"wdio_ui5_key":"applicationmanagepartners-display-component---NewPartner--btnAddTableRow-img"}]}
RESULT: undefined
COMMAND: POST /session/1841494025458e3697387cb19f02ad73/element - {"using":"xpath","value":"//*[@id=\"application-managepartners-display-component---NewPartner--btnAddTableRow-img\"]"}
RESULT: {"using":"xpath","value":"//*[@id=\"application-managepartners-display-component---NewPartner--btnAddTableRow-img\"]"}
COMMAND: POST /session/1841494025458e3697387cb19f02ad73/element/f.4A5FBB56EC8D275E16A1B089E6612898.d.2FA8830C281052EDE5B5ED6AA5F98DD2.e.10291/click - {}
RESULT: {}
COMMAND: GET /session/1841494025458e3697387cb19f02ad73/screenshot - {}
RESULT: {}
COMMAND: POST /session/1841494025458e3697387cb19f02ad73/element - {"using":"xpath","value":"//input[@id=\"application-managepartners-display-component---NewPartner--assignmentYard-application-managepartners-display-component---NewPartner--assignmentsTable-0-inner\"]"}
RESULT: {"using":"xpath","value":"//input[@id=\"application-managepartners-display-component---NewPartner--assignmentYard-application-managepartners-display-component---NewPartner--assignmentsTable-0-inner\"]"}
COMMAND: POST /session/1841494025458e3697387cb19f02ad73/element/f.4A5FBB56EC8D275E16A1B089E6612898.d.2FA8830C281052EDE5B5ED6AA5F98DD2.e.10294/clear - {}
RESULT: {}
COMMAND: POST /session/1841494025458e3697387cb19f02ad73/element/f.4A5FBB56EC8D275E16A1B089E6612898.d.2FA8830C281052EDE5B5ED6AA5F98DD2.e.10294/value - {"text":"673"}
COMMAND: GET /session/1841494025458e3697387cb19f02ad73/screenshot - {}
RESULT: {"text":"673"}
COMMAND: GET /session/1841494025458e3697387cb19f02ad73/screenshot - {}
RESULT: {}
RESULT: {}
COMMAND: POST /session/1841494025458e3697387cb19f02ad73/element - {"using":"xpath","value":"//li[.//span[text()='673']]"}
RESULT: {"using":"xpath","value":"//li[.//span[text()='673']]"}
COMMAND: POST /session/1841494025458e3697387cb19f02ad73/element/f.4A5FBB56EC8D275E16A1B089E6612898.d.2FA8830C281052EDE5B5ED6AA5F98DD2.e.10302/click - {}
RESULT: {}
COMMAND: GET /session/1841494025458e3697387cb19f02ad73/screenshot - {}
RESULT: {}
COMMAND: POST /session/1841494025458e3697387cb19f02ad73/actions - {"actions":[{"id":"action26","type":"key","parameters":{},"actions":[{"type":"keyDown","value":"î€‡"},{"type":"pause","duration":10},{"type":"keyUp","value":"î€‡"}]}]}
RESULT: {"actions":[{"id":"action26","type":"key","parameters":{},"actions":[{"type":"keyDown","value":"î€‡"},{"type":"pause","duration":10},{"type":"keyUp","value":"î€‡"}]}]}
COMMAND: POST /session/1841494025458e3697387cb19f02ad73/element - {"using":"xpath","value":"//td[contains(@id, \"assignmentsTable-0-cell2\")]/div/div"}
COMMAND: GET /session/1841494025458e3697387cb19f02ad73/screenshot - {}
RESULT: {"using":"xpath","value":"//td[contains(@id, \"assignmentsTable-0-cell2\")]/div/div"}
COMMAND: POST /session/1841494025458e3697387cb19f02ad73/element/f.4A5FBB56EC8D275E16A1B089E6612898.d.2FA8830C281052EDE5B5ED6AA5F98DD2.e.10305/click - {}
RESULT: {}
RESULT: {}
COMMAND: GET /session/1841494025458e3697387cb19f02ad73/screenshot - {}
RESULT: {}
COMMAND: POST /session/1841494025458e3697387cb19f02ad73/element - {"using":"xpath","value":"//button[@data-kt=\"saveButton\"]"}
RESULT: {"using":"xpath","value":"//button[@data-kt=\"saveButton\"]"}
COMMAND: POST /session/1841494025458e3697387cb19f02ad73/element/f.4A5FBB56EC8D275E16A1B089E6612898.d.2FA8830C281052EDE5B5ED6AA5F98DD2.e.10252/click - {}
RESULT: {}
COMMAND: GET /session/1841494025458e3697387cb19f02ad73/screenshot - {}
RESULT: {}
COMMAND: POST /session/1841494025458e3697387cb19f02ad73/element - {"using":"xpath","value":"//header[contains(@id, 'ObjectPageLayout-headerTitle')]/div[1]/div[2]/div[2]/span[1]"}
RESULT: {"using":"xpath","value":"//header[contains(@id, 'ObjectPageLayout-headerTitle')]/div[1]/div[2]/div[2]/span[1]"}
COMMAND: POST /session/1841494025458e3697387cb19f02ad73/elements - {"using":"xpath","value":"//header[contains(@id, 'ObjectPageLayout-headerTitle')]/div[1]/div[2]/div[2]/span[1]"}
RESULT: {"using":"xpath","value":"//header[contains(@id, 'ObjectPageLayout-headerTitle')]/div[1]/div[2]/div[2]/span[1]"}
COMMAND: POST /session/1841494025458e3697387cb19f02ad73/execute/sync - {"script":"<script> [56 bytes]","args":[{"element-6066-11e4-a52e-4f735466cecf":"f.4A5FBB56EC8D275E16A1B089E6612898.d.2FA8830C281052EDE5B5ED6AA5F98DD2.e.10467","ELEMENT":"f.4A5FBB56EC8D275E16A1B089E6612898.d.2FA8830C281052EDE5B5ED6AA5F98DD2.e.10467"}]}
RESULT: {"script":"<script> [56 bytes]","args":[{"element-6066-11e4-a52e-4f735466cecf":"f.4A5FBB56EC8D275E16A1B089E6612898.d.2FA8830C281052EDE5B5ED6AA5F98DD2.e.10467","ELEMENT":"f.4A5FBB56EC8D275E16A1B089E6612898.d.2FA8830C281052EDE5B5ED6AA5F98DD2.e.10467"}]}
COMMAND: POST /session/1841494025458e3697387cb19f02ad73/element - {"using":"css selector","value":"#shell-header-logo"}
COMMAND: GET /session/1841494025458e3697387cb19f02ad73/screenshot - {}
RESULT: {"using":"css selector","value":"#shell-header-logo"}
COMMAND: POST /session/1841494025458e3697387cb19f02ad73/element/f.4A5FBB56EC8D275E16A1B089E6612898.d.2FA8830C281052EDE5B5ED6AA5F98DD2.e.9780/click - {}
RESULT: {}
RESULT: {}
COMMAND: GET /session/1841494025458e3697387cb19f02ad73/screenshot - {}
RESULT: {}
COMMAND: POST /session/1841494025458e3697387cb19f02ad73/execute/sync - {"script":"<script> [299 bytes]","args":[["getModel","getResource"]]}
RESULT: {"script":"<script> [299 bytes]","args":[["getModel","getResource"]]}
]]></system-out>
    </testcase>
    <testcase classname="chrome.136_0_7103_49.windows.Create_partner_US118246" name="Should create a new yard in case create yard failed" time="100.762">
      <system-out><![CDATA[
RESULT: undefined
COMMAND: POST /session/1841494025458e3697387cb19f02ad73/element - {"using":"xpath","value":"//*[@id=\"__tile41\"]"}
COMMAND: GET /session/1841494025458e3697387cb19f02ad73/screenshot - {}
RESULT: {"using":"xpath","value":"//*[@id=\"__tile41\"]"}
COMMAND: POST /session/1841494025458e3697387cb19f02ad73/element/f.4A5FBB56EC8D275E16A1B089E6612898.d.2FA8830C281052EDE5B5ED6AA5F98DD2.e.8919/click - {}
RESULT: {}
RESULT: {}
COMMAND: POST /session/1841494025458e3697387cb19f02ad73/element - {"using":"xpath","value":"//button[@data-kt=\"addNewYardOverflowToolbarButton\"]"}
COMMAND: GET /session/1841494025458e3697387cb19f02ad73/screenshot - {}
RESULT: {"using":"xpath","value":"//button[@data-kt=\"addNewYardOverflowToolbarButton\"]"}
COMMAND: POST /session/1841494025458e3697387cb19f02ad73/elements - {"using":"xpath","value":"//button[@data-kt=\"addNewYardOverflowToolbarButton\"]"}
RESULT: {}
RESULT: {"using":"xpath","value":"//button[@data-kt=\"addNewYardOverflowToolbarButton\"]"}
COMMAND: POST /session/1841494025458e3697387cb19f02ad73/elements - {"using":"xpath","value":"//button[@data-kt=\"addNewYardOverflowToolbarButton\"]"}
RESULT: {"using":"xpath","value":"//button[@data-kt=\"addNewYardOverflowToolbarButton\"]"}
COMMAND: POST /session/1841494025458e3697387cb19f02ad73/element - {"using":"xpath","value":"//button[@data-kt=\"addNewYardOverflowToolbarButton\"]"}
RESULT: {"using":"xpath","value":"//button[@data-kt=\"addNewYardOverflowToolbarButton\"]"}
COMMAND: POST /session/1841494025458e3697387cb19f02ad73/execute/sync - {"script":"<script> [8489 bytes]","args":[{"element-6066-11e4-a52e-4f735466cecf":"f.4A5FBB56EC8D275E16A1B089E6612898.d.2FA8830C281052EDE5B5ED6AA5F98DD2.e.10510","ELEMENT":"f.4A5FBB56EC8D275E16A1B089E6612898.d.2FA8830C281052EDE5B5ED6AA5F98DD2.e.10510"}]}
RESULT: {"script":"<script> [8489 bytes]","args":[{"element-6066-11e4-a52e-4f735466cecf":"f.4A5FBB56EC8D275E16A1B089E6612898.d.2FA8830C281052EDE5B5ED6AA5F98DD2.e.10510","ELEMENT":"f.4A5FBB56EC8D275E16A1B089E6612898.d.2FA8830C281052EDE5B5ED6AA5F98DD2.e.10510"}]}
COMMAND: GET /session/1841494025458e3697387cb19f02ad73/element/f.4A5FBB56EC8D275E16A1B089E6612898.d.2FA8830C281052EDE5B5ED6AA5F98DD2.e.10510/enabled - {}
COMMAND: GET /session/1841494025458e3697387cb19f02ad73/screenshot - {}
RESULT: {}
COMMAND: POST /session/1841494025458e3697387cb19f02ad73/execute/sync - {"script":"<script> [8489 bytes]","args":[{"element-6066-11e4-a52e-4f735466cecf":"f.4A5FBB56EC8D275E16A1B089E6612898.d.2FA8830C281052EDE5B5ED6AA5F98DD2.e.10510","ELEMENT":"f.4A5FBB56EC8D275E16A1B089E6612898.d.2FA8830C281052EDE5B5ED6AA5F98DD2.e.10510"}]}
COMMAND: GET /session/1841494025458e3697387cb19f02ad73/screenshot - {}
RESULT: {}
RESULT: {"script":"<script> [8489 bytes]","args":[{"element-6066-11e4-a52e-4f735466cecf":"f.4A5FBB56EC8D275E16A1B089E6612898.d.2FA8830C281052EDE5B5ED6AA5F98DD2.e.10510","ELEMENT":"f.4A5FBB56EC8D275E16A1B089E6612898.d.2FA8830C281052EDE5B5ED6AA5F98DD2.e.10510"}]}
COMMAND: POST /session/1841494025458e3697387cb19f02ad73/execute/sync - {"script":"<script> [5351 bytes]","args":[{"element-6066-11e4-a52e-4f735466cecf":"f.4A5FBB56EC8D275E16A1B089E6612898.d.2FA8830C281052EDE5B5ED6AA5F98DD2.e.10510","ELEMENT":"f.4A5FBB56EC8D275E16A1B089E6612898.d.2FA8830C281052EDE5B5ED6AA5F98DD2.e.10510"}]}
COMMAND: GET /session/1841494025458e3697387cb19f02ad73/screenshot - {}
RESULT: {}
RESULT: {"script":"<script> [5351 bytes]","args":[{"element-6066-11e4-a52e-4f735466cecf":"f.4A5FBB56EC8D275E16A1B089E6612898.d.2FA8830C281052EDE5B5ED6AA5F98DD2.e.10510","ELEMENT":"f.4A5FBB56EC8D275E16A1B089E6612898.d.2FA8830C281052EDE5B5ED6AA5F98DD2.e.10510"}]}
COMMAND: POST /session/1841494025458e3697387cb19f02ad73/element/f.4A5FBB56EC8D275E16A1B089E6612898.d.2FA8830C281052EDE5B5ED6AA5F98DD2.e.10510/click - {}
COMMAND: GET /session/1841494025458e3697387cb19f02ad73/screenshot - {}
RESULT: {}
RESULT: {}
COMMAND: GET /session/1841494025458e3697387cb19f02ad73/screenshot - {}
RESULT: {}
RESULT: {}
COMMAND: POST /session/1841494025458e3697387cb19f02ad73/element - {"using":"xpath","value":"//input[@id=\"application-manageyards-display-component---NewYard--yardId-inner\"]"}
RESULT: {"using":"xpath","value":"//input[@id=\"application-manageyards-display-component---NewYard--yardId-inner\"]"}
COMMAND: POST /session/1841494025458e3697387cb19f02ad73/element - {"using":"xpath","value":"//input[@id=\"application-manageyards-display-component---NewYard--yardId-inner\"]"}
RESULT: {"using":"xpath","value":"//input[@id=\"application-manageyards-display-component---NewYard--yardId-inner\"]"}
RESULT: undefined
COMMAND: POST /session/1841494025458e3697387cb19f02ad73/execute/async - {"script":"<script> [776 bytes]","args":[{"enterText":"Warehouse Managed WDIO","selector":{"id":"application-manageyards-display-component---NewYard--addressDetailDetailsName1","interaction":{"idSuffix":"inner"}},"clearTextFirst":true,"interactionType":"ENTER_TEXT"}]}
RESULT: {"script":"<script> [776 bytes]","args":[{"enterText":"Warehouse Managed WDIO","selector":{"id":"application-manageyards-display-component---NewYard--addressDetailDetailsName1","interaction":{"idSuffix":"inner"}},"clearTextFirst":true,"interactionType":"ENTER_TEXT"}]}
RESULT: undefined
COMMAND: POST /session/1841494025458e3697387cb19f02ad73/element - {"using":"xpath","value":"//*[@id=\"application-manageyards-display-component---NewYard--addressDetailDetailsLanguage-arrow\"]"}
RESULT: {"using":"xpath","value":"//*[@id=\"application-manageyards-display-component---NewYard--addressDetailDetailsLanguage-arrow\"]"}
COMMAND: POST /session/1841494025458e3697387cb19f02ad73/element/f.4A5FBB56EC8D275E16A1B089E6612898.d.2FA8830C281052EDE5B5ED6AA5F98DD2.e.10940/click - {}
RESULT: {}
COMMAND: POST /session/1841494025458e3697387cb19f02ad73/element - {"using":"xpath","value":"//span[contains(text(), \"English\")]"}
COMMAND: GET /session/1841494025458e3697387cb19f02ad73/screenshot - {}
RESULT: {"using":"xpath","value":"//span[contains(text(), \"English\")]"}
COMMAND: POST /session/1841494025458e3697387cb19f02ad73/element/f.4A5FBB56EC8D275E16A1B089E6612898.d.2FA8830C281052EDE5B5ED6AA5F98DD2.e.10941/click - {}
RESULT: {}
RESULT: {}
RESULT: undefined
COMMAND: POST /session/1841494025458e3697387cb19f02ad73/execute/async - {"script":"<script> [776 bytes]","args":[{"enterText":"Rosario","selector":{"id":"application-manageyards-display-component---NewYard--addressDetailDetailsCity1","interaction":{"idSuffix":"inner"}},"clearTextFirst":true,"interactionType":"ENTER_TEXT"}]}
COMMAND: GET /session/1841494025458e3697387cb19f02ad73/screenshot - {}
RESULT: {"script":"<script> [776 bytes]","args":[{"enterText":"Rosario","selector":{"id":"application-manageyards-display-component---NewYard--addressDetailDetailsCity1","interaction":{"idSuffix":"inner"}},"clearTextFirst":true,"interactionType":"ENTER_TEXT"}]}
RESULT: undefined
COMMAND: POST /session/1841494025458e3697387cb19f02ad73/element - {"using":"xpath","value":"//*[@id=\"application-manageyards-display-component---NewYard--addressDetailDetailsCountry-arrow\"]"}
RESULT: {}
RESULT: {"using":"xpath","value":"//*[@id=\"application-manageyards-display-component---NewYard--addressDetailDetailsCountry-arrow\"]"}
COMMAND: POST /session/1841494025458e3697387cb19f02ad73/element/f.4A5FBB56EC8D275E16A1B089E6612898.d.2FA8830C281052EDE5B5ED6AA5F98DD2.e.10942/click - {}
RESULT: {}
COMMAND: POST /session/1841494025458e3697387cb19f02ad73/element - {"using":"xpath","value":"//span[contains(text(), \"Argentina\")]"}
COMMAND: GET /session/1841494025458e3697387cb19f02ad73/screenshot - {}
RESULT: {"using":"xpath","value":"//span[contains(text(), \"Argentina\")]"}
COMMAND: POST /session/1841494025458e3697387cb19f02ad73/element/f.4A5FBB56EC8D275E16A1B089E6612898.d.2FA8830C281052EDE5B5ED6AA5F98DD2.e.10944/click - {}
RESULT: {}
RESULT: {}
RESULT: undefined
COMMAND: POST /session/1841494025458e3697387cb19f02ad73/element - {"using":"xpath","value":"//*[@id=\"application-manageyards-display-component---NewYard--addressEditDetailsCostObjectCstType-arrow\"]"}
COMMAND: GET /session/1841494025458e3697387cb19f02ad73/screenshot - {}
RESULT: {"using":"xpath","value":"//*[@id=\"application-manageyards-display-component---NewYard--addressEditDetailsCostObjectCstType-arrow\"]"}
COMMAND: POST /session/1841494025458e3697387cb19f02ad73/element/f.4A5FBB56EC8D275E16A1B089E6612898.d.2FA8830C281052EDE5B5ED6AA5F98DD2.e.10945/click - {}
RESULT: {}
RESULT: {}
COMMAND: POST /session/1841494025458e3697387cb19f02ad73/element - {"using":"xpath","value":"//span[contains(text(), \"Cost Center\")]"}
COMMAND: GET /session/1841494025458e3697387cb19f02ad73/screenshot - {}
RESULT: {"using":"xpath","value":"//span[contains(text(), \"Cost Center\")]"}
COMMAND: POST /session/1841494025458e3697387cb19f02ad73/element/f.4A5FBB56EC8D275E16A1B089E6612898.d.2FA8830C281052EDE5B5ED6AA5F98DD2.e.10946/click - {}
RESULT: {}
RESULT: {}
COMMAND: GET /session/1841494025458e3697387cb19f02ad73/screenshot - {}
RESULT: {}
COMMAND: POST /session/1841494025458e3697387cb19f02ad73/element - {"using":"xpath","value":"//span[@id=\"application-manageyards-display-component---NewYard--addressNewCostObjectCstID-vhi\"]"}
RESULT: {"using":"xpath","value":"//span[@id=\"application-manageyards-display-component---NewYard--addressNewCostObjectCstID-vhi\"]"}
COMMAND: POST /session/1841494025458e3697387cb19f02ad73/execute/sync - {"script":"<script> [8489 bytes]","args":[{"element-6066-11e4-a52e-4f735466cecf":"f.4A5FBB56EC8D275E16A1B089E6612898.d.2FA8830C281052EDE5B5ED6AA5F98DD2.e.10950","ELEMENT":"f.4A5FBB56EC8D275E16A1B089E6612898.d.2FA8830C281052EDE5B5ED6AA5F98DD2.e.10950"}]}
RESULT: {"script":"<script> [8489 bytes]","args":[{"element-6066-11e4-a52e-4f735466cecf":"f.4A5FBB56EC8D275E16A1B089E6612898.d.2FA8830C281052EDE5B5ED6AA5F98DD2.e.10950","ELEMENT":"f.4A5FBB56EC8D275E16A1B089E6612898.d.2FA8830C281052EDE5B5ED6AA5F98DD2.e.10950"}]}
RESULT: undefined
COMMAND: POST /session/1841494025458e3697387cb19f02ad73/element - {"using":"xpath","value":"//*[@id=\"application-manageyards-display-component---NewYard--addressNewCostObjectCstID-vhi\"]"}
COMMAND: GET /session/1841494025458e3697387cb19f02ad73/screenshot - {}
RESULT: {"using":"xpath","value":"//*[@id=\"application-manageyards-display-component---NewYard--addressNewCostObjectCstID-vhi\"]"}
COMMAND: POST /session/1841494025458e3697387cb19f02ad73/element/f.4A5FBB56EC8D275E16A1B089E6612898.d.2FA8830C281052EDE5B5ED6AA5F98DD2.e.10950/click - {}
RESULT: {}
RESULT: {}
COMMAND: GET /session/1841494025458e3697387cb19f02ad73/screenshot - {}
RESULT: {}
RESULT: undefined
COMMAND: POST /session/1841494025458e3697387cb19f02ad73/execute/async - {"script":"<script> [776 bytes]","args":[{"enterText":"10001013","selector":{"controlType":"sap.m.SearchField","properties":{"placeholder":"Search"},"searchOpenDialogs":true,"interaction":{"idSuffix":"I"}},"clearTextFirst":true,"interactionType":"ENTER_TEXT"}]}
RESULT: {"script":"<script> [776 bytes]","args":[{"enterText":"10001013","selector":{"controlType":"sap.m.SearchField","properties":{"placeholder":"Search"},"searchOpenDialogs":true,"interaction":{"idSuffix":"I"}},"clearTextFirst":true,"interactionType":"ENTER_TEXT"}]}
COMMAND: POST /session/1841494025458e3697387cb19f02ad73/actions - {"actions":[{"id":"action27","type":"key","parameters":{},"actions":[{"type":"keyDown","value":"î€‡"},{"type":"pause","duration":10},{"type":"keyUp","value":"î€‡"}]}]}
RESULT: {"actions":[{"id":"action27","type":"key","parameters":{},"actions":[{"type":"keyDown","value":"î€‡"},{"type":"pause","duration":10},{"type":"keyUp","value":"î€‡"}]}]}
COMMAND: GET /session/1841494025458e3697387cb19f02ad73/screenshot - {}
RESULT: {}
COMMAND: POST /session/1841494025458e3697387cb19f02ad73/element - {"using":"xpath","value":"//span[contains(text(), \"General Management\")]"}
RESULT: {"using":"xpath","value":"//span[contains(text(), \"General Management\")]"}
COMMAND: POST /session/1841494025458e3697387cb19f02ad73/element/f.4A5FBB56EC8D275E16A1B089E6612898.d.2FA8830C281052EDE5B5ED6AA5F98DD2.e.10991/click - {}
RESULT: {}
COMMAND: GET /session/1841494025458e3697387cb19f02ad73/screenshot - {}
RESULT: {}
COMMAND: POST /session/1841494025458e3697387cb19f02ad73/element - {"using":"xpath","value":"//bdi[contains(text(), \"OK\")]"}
RESULT: {"using":"xpath","value":"//bdi[contains(text(), \"OK\")]"}
COMMAND: POST /session/1841494025458e3697387cb19f02ad73/element/f.4A5FBB56EC8D275E16A1B089E6612898.d.2FA8830C281052EDE5B5ED6AA5F98DD2.e.10992/click - {}
RESULT: {}
COMMAND: GET /session/1841494025458e3697387cb19f02ad73/screenshot - {}
RESULT: {}
RESULT: undefined
COMMAND: POST /session/1841494025458e3697387cb19f02ad73/element - {"using":"xpath","value":"//*[@id=\"application-manageyards-display-component---NewYard--addressEditDetailsCurrency-arrow\"]"}
RESULT: {"using":"xpath","value":"//*[@id=\"application-manageyards-display-component---NewYard--addressEditDetailsCurrency-arrow\"]"}
COMMAND: POST /session/1841494025458e3697387cb19f02ad73/element/f.4A5FBB56EC8D275E16A1B089E6612898.d.2FA8830C281052EDE5B5ED6AA5F98DD2.e.10995/click - {}
RESULT: {}
COMMAND: POST /session/1841494025458e3697387cb19f02ad73/element - {"using":"xpath","value":"//span[contains(text(), \"Euro\")]"}
COMMAND: GET /session/1841494025458e3697387cb19f02ad73/screenshot - {}
RESULT: {"using":"xpath","value":"//span[contains(text(), \"Euro\")]"}
COMMAND: POST /session/1841494025458e3697387cb19f02ad73/element/f.4A5FBB56EC8D275E16A1B089E6612898.d.2FA8830C281052EDE5B5ED6AA5F98DD2.e.10996/click - {}
RESULT: {}
RESULT: {}
RESULT: undefined
COMMAND: POST /session/1841494025458e3697387cb19f02ad73/execute/async - {"script":"<script> [776 bytes]","args":[{"enterText":"Z001","selector":{"controlType":"sap.m.Input","viewName":"etm.portal.ui.manageyards.view.New","viewId":"application-manageyards-display-component---NewYard","bindingPath":{"path":"","propertyPath":"/CONTROLLING_AREA","modelName":"NewYardModel"},"interaction":{"idSuffix":"inner"}},"clearTextFirst":true,"interactionType":"ENTER_TEXT"}]}
COMMAND: GET /session/1841494025458e3697387cb19f02ad73/screenshot - {}
RESULT: {"script":"<script> [776 bytes]","args":[{"enterText":"Z001","selector":{"controlType":"sap.m.Input","viewName":"etm.portal.ui.manageyards.view.New","viewId":"application-manageyards-display-component---NewYard","bindingPath":{"path":"","propertyPath":"/CONTROLLING_AREA","modelName":"NewYardModel"},"interaction":{"idSuffix":"inner"}},"clearTextFirst":true,"interactionType":"ENTER_TEXT"}]}
RESULT: undefined
COMMAND: POST /session/1841494025458e3697387cb19f02ad73/execute/async - {"script":"<script> [776 bytes]","args":[{"enterText":"1000","selector":{"id":"application-manageyards-display-component---NewYard--companyCodeComboBox","interaction":{"idSuffix":"inner"}},"clearTextFirst":true,"interactionType":"ENTER_TEXT"}]}
RESULT: {}
RESULT: {"script":"<script> [776 bytes]","args":[{"enterText":"1000","selector":{"id":"application-manageyards-display-component---NewYard--companyCodeComboBox","interaction":{"idSuffix":"inner"}},"clearTextFirst":true,"interactionType":"ENTER_TEXT"}]}
RESULT: undefined
COMMAND: POST /session/1841494025458e3697387cb19f02ad73/execute/async - {"script":"<script> [776 bytes]","args":[{"enterText":"1001","selector":{"controlType":"sap.m.Input","viewName":"etm.portal.ui.manageyards.view.New","viewId":"application-manageyards-display-component---NewYard","bindingPath":{"path":"","propertyPath":"/PLANT","modelName":"NewYardModel"},"interaction":{"idSuffix":"inner"}},"clearTextFirst":true,"interactionType":"ENTER_TEXT"}]}
RESULT: {"script":"<script> [776 bytes]","args":[{"enterText":"1001","selector":{"controlType":"sap.m.Input","viewName":"etm.portal.ui.manageyards.view.New","viewId":"application-manageyards-display-component---NewYard","bindingPath":{"path":"","propertyPath":"/PLANT","modelName":"NewYardModel"},"interaction":{"idSuffix":"inner"}},"clearTextFirst":true,"interactionType":"ENTER_TEXT"}]}
RESULT: undefined
COMMAND: POST /session/1841494025458e3697387cb19f02ad73/execute/async - {"script":"<script> [776 bytes]","args":[{"enterText":"C002","selector":{"controlType":"sap.m.Input","viewName":"etm.portal.ui.manageyards.view.New","viewId":"application-manageyards-display-component---NewYard","bindingPath":{"path":"","propertyPath":"/SALES_AREA_VKORG","modelName":"NewYardModel"},"interaction":{"idSuffix":"inner"}},"clearTextFirst":true,"interactionType":"ENTER_TEXT"}]}
RESULT: {"script":"<script> [776 bytes]","args":[{"enterText":"C002","selector":{"controlType":"sap.m.Input","viewName":"etm.portal.ui.manageyards.view.New","viewId":"application-manageyards-display-component---NewYard","bindingPath":{"path":"","propertyPath":"/SALES_AREA_VKORG","modelName":"NewYardModel"},"interaction":{"idSuffix":"inner"}},"clearTextFirst":true,"interactionType":"ENTER_TEXT"}]}
RESULT: undefined
COMMAND: POST /session/1841494025458e3697387cb19f02ad73/execute/async - {"script":"<script> [776 bytes]","args":[{"enterText":"C2","selector":{"controlType":"sap.m.Input","viewName":"etm.portal.ui.manageyards.view.New","viewId":"application-manageyards-display-component---NewYard","bindingPath":{"path":"","propertyPath":"/SALES_AREA_VTWEG","modelName":"NewYardModel"},"interaction":{"idSuffix":"inner"}},"clearTextFirst":true,"interactionType":"ENTER_TEXT"}]}
RESULT: {"script":"<script> [776 bytes]","args":[{"enterText":"C2","selector":{"controlType":"sap.m.Input","viewName":"etm.portal.ui.manageyards.view.New","viewId":"application-manageyards-display-component---NewYard","bindingPath":{"path":"","propertyPath":"/SALES_AREA_VTWEG","modelName":"NewYardModel"},"interaction":{"idSuffix":"inner"}},"clearTextFirst":true,"interactionType":"ENTER_TEXT"}]}
RESULT: undefined
COMMAND: POST /session/1841494025458e3697387cb19f02ad73/execute/async - {"script":"<script> [776 bytes]","args":[{"enterText":"C2","selector":{"controlType":"sap.m.Input","viewName":"etm.portal.ui.manageyards.view.New","viewId":"application-manageyards-display-component---NewYard","bindingPath":{"path":"","propertyPath":"/SALES_AREA_SPART","modelName":"NewYardModel"},"interaction":{"idSuffix":"inner"}},"clearTextFirst":true,"interactionType":"ENTER_TEXT"}]}
RESULT: {"script":"<script> [776 bytes]","args":[{"enterText":"C2","selector":{"controlType":"sap.m.Input","viewName":"etm.portal.ui.manageyards.view.New","viewId":"application-manageyards-display-component---NewYard","bindingPath":{"path":"","propertyPath":"/SALES_AREA_SPART","modelName":"NewYardModel"},"interaction":{"idSuffix":"inner"}},"clearTextFirst":true,"interactionType":"ENTER_TEXT"}]}
RESULT: undefined
COMMAND: POST /session/1841494025458e3697387cb19f02ad73/execute/async - {"script":"<script> [776 bytes]","args":[{"enterText":"1710","selector":{"controlType":"sap.m.Input","viewName":"etm.portal.ui.manageyards.view.New","viewId":"application-manageyards-display-component---NewYard","bindingPath":{"path":"","propertyPath":"/SHIP_POINT","modelName":"NewYardModel"},"interaction":{"idSuffix":"inner"}},"clearTextFirst":true,"interactionType":"ENTER_TEXT"}]}
RESULT: {"script":"<script> [776 bytes]","args":[{"enterText":"1710","selector":{"controlType":"sap.m.Input","viewName":"etm.portal.ui.manageyards.view.New","viewId":"application-manageyards-display-component---NewYard","bindingPath":{"path":"","propertyPath":"/SHIP_POINT","modelName":"NewYardModel"},"interaction":{"idSuffix":"inner"}},"clearTextFirst":true,"interactionType":"ENTER_TEXT"}]}
RESULT: undefined
COMMAND: POST /session/1841494025458e3697387cb19f02ad73/execute/async - {"script":"<script> [776 bytes]","args":[{"enterText":"ZL01","selector":{"controlType":"sap.m.Input","viewName":"etm.portal.ui.manageyards.view.New","viewId":"application-manageyards-display-component---NewYard","bindingPath":{"path":"","propertyPath":"/DELIVERY_TYPE","modelName":"NewYardModel"},"interaction":{"idSuffix":"inner"}},"clearTextFirst":true,"interactionType":"ENTER_TEXT"}]}
RESULT: {"script":"<script> [776 bytes]","args":[{"enterText":"ZL01","selector":{"controlType":"sap.m.Input","viewName":"etm.portal.ui.manageyards.view.New","viewId":"application-manageyards-display-component---NewYard","bindingPath":{"path":"","propertyPath":"/DELIVERY_TYPE","modelName":"NewYardModel"},"interaction":{"idSuffix":"inner"}},"clearTextFirst":true,"interactionType":"ENTER_TEXT"}]}
RESULT: undefined
COMMAND: POST /session/1841494025458e3697387cb19f02ad73/execute/async - {"script":"<script> [776 bytes]","args":[{"enterText":"TA","selector":{"controlType":"sap.m.Input","viewName":"etm.portal.ui.manageyards.view.New","viewId":"application-manageyards-display-component---NewYard","bindingPath":{"path":"","propertyPath":"/AUART","modelName":"NewYardModel"},"interaction":{"idSuffix":"inner"}},"clearTextFirst":true,"interactionType":"ENTER_TEXT"}]}
RESULT: {"script":"<script> [776 bytes]","args":[{"enterText":"TA","selector":{"controlType":"sap.m.Input","viewName":"etm.portal.ui.manageyards.view.New","viewId":"application-manageyards-display-component---NewYard","bindingPath":{"path":"","propertyPath":"/AUART","modelName":"NewYardModel"},"interaction":{"idSuffix":"inner"}},"clearTextFirst":true,"interactionType":"ENTER_TEXT"}]}
COMMAND: POST /session/1841494025458e3697387cb19f02ad73/execute/async - {"script":"<script> [1562 bytes]","args":[{"selector":{"id":"application-manageyards-display-component---NewYard--whmCheckBox","interaction":{"idSuffix":"CbBg"}},"wdio_ui5_key":"applicationmanageyards-display-component---NewYard--whmCheckBox"}]}
RESULT: {"script":"<script> [1562 bytes]","args":[{"selector":{"id":"application-manageyards-display-component---NewYard--whmCheckBox","interaction":{"idSuffix":"CbBg"}},"wdio_ui5_key":"applicationmanageyards-display-component---NewYard--whmCheckBox"}]}
RESULT: undefined
COMMAND: POST /session/1841494025458e3697387cb19f02ad73/element - {"using":"xpath","value":"//*[@id=\"application-manageyards-display-component---NewYard--whmCheckBox\"]"}
RESULT: {"using":"xpath","value":"//*[@id=\"application-manageyards-display-component---NewYard--whmCheckBox\"]"}
COMMAND: POST /session/1841494025458e3697387cb19f02ad73/element/f.4A5FBB56EC8D275E16A1B089E6612898.d.2FA8830C281052EDE5B5ED6AA5F98DD2.e.11006/click - {}
RESULT: {}
COMMAND: GET /session/1841494025458e3697387cb19f02ad73/screenshot - {}
RESULT: {}
COMMAND: POST /session/1841494025458e3697387cb19f02ad73/element - {"using":"xpath","value":"//button[@data-kt=\"newYardSaveButton\"]"}
RESULT: {"using":"xpath","value":"//button[@data-kt=\"newYardSaveButton\"]"}
COMMAND: POST /session/1841494025458e3697387cb19f02ad73/element/f.4A5FBB56EC8D275E16A1B089E6612898.d.2FA8830C281052EDE5B5ED6AA5F98DD2.e.10935/click - {}
RESULT: {}
COMMAND: GET /session/1841494025458e3697387cb19f02ad73/screenshot - {}
RESULT: {}
COMMAND: POST /session/1841494025458e3697387cb19f02ad73/element - {"using":"xpath","value":"//header[contains(@id, 'ObjectPageLayout-headerTitle')]/div[1]/div[2]/div[1]/span[1]"}
RESULT: {"using":"xpath","value":"//header[contains(@id, 'ObjectPageLayout-headerTitle')]/div[1]/div[2]/div[1]/span[1]"}
COMMAND: POST /session/1841494025458e3697387cb19f02ad73/elements - {"using":"xpath","value":"//header[contains(@id, 'ObjectPageLayout-headerTitle')]/div[1]/div[2]/div[1]/span[1]"}
RESULT: {"using":"xpath","value":"//header[contains(@id, 'ObjectPageLayout-headerTitle')]/div[1]/div[2]/div[1]/span[1]"}
COMMAND: POST /session/1841494025458e3697387cb19f02ad73/execute/sync - {"script":"<script> [56 bytes]","args":[{"element-6066-11e4-a52e-4f735466cecf":"f.4A5FBB56EC8D275E16A1B089E6612898.d.2FA8830C281052EDE5B5ED6AA5F98DD2.e.11211","ELEMENT":"f.4A5FBB56EC8D275E16A1B089E6612898.d.2FA8830C281052EDE5B5ED6AA5F98DD2.e.11211"}]}
RESULT: {"script":"<script> [56 bytes]","args":[{"element-6066-11e4-a52e-4f735466cecf":"f.4A5FBB56EC8D275E16A1B089E6612898.d.2FA8830C281052EDE5B5ED6AA5F98DD2.e.11211","ELEMENT":"f.4A5FBB56EC8D275E16A1B089E6612898.d.2FA8830C281052EDE5B5ED6AA5F98DD2.e.11211"}]}
COMMAND: GET /session/1841494025458e3697387cb19f02ad73/screenshot - {}
RESULT: {}
COMMAND: POST /session/1841494025458e3697387cb19f02ad73/element - {"using":"css selector","value":"#shell-header-logo"}
RESULT: {"using":"css selector","value":"#shell-header-logo"}
COMMAND: POST /session/1841494025458e3697387cb19f02ad73/element/f.4A5FBB56EC8D275E16A1B089E6612898.d.2FA8830C281052EDE5B5ED6AA5F98DD2.e.10471/click - {}
RESULT: {}
COMMAND: GET /session/1841494025458e3697387cb19f02ad73/screenshot - {}
RESULT: {}
COMMAND: POST /session/1841494025458e3697387cb19f02ad73/execute/sync - {"script":"<script> [299 bytes]","args":[["getModel","getResource"]]}
RESULT: {"script":"<script> [299 bytes]","args":[["getModel","getResource"]]}
]]></system-out>
    </testcase>
    <testcase classname="chrome.136_0_7103_49.windows.Create_partner_US118246" name="Should create new external WHM partner" time="84.103">
      <system-out><![CDATA[
COMMAND: POST /session/1841494025458e3697387cb19f02ad73/window/fullscreen - {}
COMMAND: GET /session/1841494025458e3697387cb19f02ad73/screenshot - {}
RESULT: {}
RESULT: undefined
COMMAND: POST /session/1841494025458e3697387cb19f02ad73/element - {"using":"xpath","value":"//*[@id=\"__tile38\"]"}
RESULT: {}
RESULT: {"using":"xpath","value":"//*[@id=\"__tile38\"]"}
COMMAND: POST /session/1841494025458e3697387cb19f02ad73/element/f.4A5FBB56EC8D275E16A1B089E6612898.d.2FA8830C281052EDE5B5ED6AA5F98DD2.e.8910/click - {}
RESULT: {}
COMMAND: POST /session/1841494025458e3697387cb19f02ad73/element - {"using":"xpath","value":"//button[@data-kt=\"addButton\"]"}
COMMAND: GET /session/1841494025458e3697387cb19f02ad73/screenshot - {}
RESULT: {"using":"xpath","value":"//button[@data-kt=\"addButton\"]"}
COMMAND: POST /session/1841494025458e3697387cb19f02ad73/elements - {"using":"xpath","value":"//button[@data-kt=\"addButton\"]"}
RESULT: {}
RESULT: {"using":"xpath","value":"//button[@data-kt=\"addButton\"]"}
COMMAND: POST /session/1841494025458e3697387cb19f02ad73/elements - {"using":"xpath","value":"//button[@data-kt=\"addButton\"]"}
RESULT: {"using":"xpath","value":"//button[@data-kt=\"addButton\"]"}
COMMAND: POST /session/1841494025458e3697387cb19f02ad73/elements - {"using":"xpath","value":"//button[@data-kt=\"addButton\"]"}
RESULT: {"using":"xpath","value":"//button[@data-kt=\"addButton\"]"}
COMMAND: POST /session/1841494025458e3697387cb19f02ad73/elements - {"using":"xpath","value":"//button[@data-kt=\"addButton\"]"}
RESULT: {"using":"xpath","value":"//button[@data-kt=\"addButton\"]"}
COMMAND: POST /session/1841494025458e3697387cb19f02ad73/elements - {"using":"xpath","value":"//button[@data-kt=\"addButton\"]"}
RESULT: {"using":"xpath","value":"//button[@data-kt=\"addButton\"]"}
COMMAND: POST /session/1841494025458e3697387cb19f02ad73/elements - {"using":"xpath","value":"//button[@data-kt=\"addButton\"]"}
RESULT: {"using":"xpath","value":"//button[@data-kt=\"addButton\"]"}
COMMAND: POST /session/1841494025458e3697387cb19f02ad73/elements - {"using":"xpath","value":"//button[@data-kt=\"addButton\"]"}
RESULT: {"using":"xpath","value":"//button[@data-kt=\"addButton\"]"}
COMMAND: POST /session/1841494025458e3697387cb19f02ad73/elements - {"using":"xpath","value":"//button[@data-kt=\"addButton\"]"}
RESULT: {"using":"xpath","value":"//button[@data-kt=\"addButton\"]"}
COMMAND: POST /session/1841494025458e3697387cb19f02ad73/element - {"using":"xpath","value":"//button[@data-kt=\"addButton\"]"}
RESULT: {"using":"xpath","value":"//button[@data-kt=\"addButton\"]"}
COMMAND: POST /session/1841494025458e3697387cb19f02ad73/execute/sync - {"script":"<script> [8489 bytes]","args":[{"element-6066-11e4-a52e-4f735466cecf":"f.4A5FBB56EC8D275E16A1B089E6612898.d.2FA8830C281052EDE5B5ED6AA5F98DD2.e.11248","ELEMENT":"f.4A5FBB56EC8D275E16A1B089E6612898.d.2FA8830C281052EDE5B5ED6AA5F98DD2.e.11248"}]}
RESULT: {"script":"<script> [8489 bytes]","args":[{"element-6066-11e4-a52e-4f735466cecf":"f.4A5FBB56EC8D275E16A1B089E6612898.d.2FA8830C281052EDE5B5ED6AA5F98DD2.e.11248","ELEMENT":"f.4A5FBB56EC8D275E16A1B089E6612898.d.2FA8830C281052EDE5B5ED6AA5F98DD2.e.11248"}]}
COMMAND: GET /session/1841494025458e3697387cb19f02ad73/element/f.4A5FBB56EC8D275E16A1B089E6612898.d.2FA8830C281052EDE5B5ED6AA5F98DD2.e.11248/enabled - {}
COMMAND: GET /session/1841494025458e3697387cb19f02ad73/screenshot - {}
RESULT: {}
COMMAND: POST /session/1841494025458e3697387cb19f02ad73/execute/sync - {"script":"<script> [8489 bytes]","args":[{"element-6066-11e4-a52e-4f735466cecf":"f.4A5FBB56EC8D275E16A1B089E6612898.d.2FA8830C281052EDE5B5ED6AA5F98DD2.e.11248","ELEMENT":"f.4A5FBB56EC8D275E16A1B089E6612898.d.2FA8830C281052EDE5B5ED6AA5F98DD2.e.11248"}]}
COMMAND: GET /session/1841494025458e3697387cb19f02ad73/screenshot - {}
RESULT: {}
RESULT: {"script":"<script> [8489 bytes]","args":[{"element-6066-11e4-a52e-4f735466cecf":"f.4A5FBB56EC8D275E16A1B089E6612898.d.2FA8830C281052EDE5B5ED6AA5F98DD2.e.11248","ELEMENT":"f.4A5FBB56EC8D275E16A1B089E6612898.d.2FA8830C281052EDE5B5ED6AA5F98DD2.e.11248"}]}
COMMAND: POST /session/1841494025458e3697387cb19f02ad73/execute/sync - {"script":"<script> [5351 bytes]","args":[{"element-6066-11e4-a52e-4f735466cecf":"f.4A5FBB56EC8D275E16A1B089E6612898.d.2FA8830C281052EDE5B5ED6AA5F98DD2.e.11248","ELEMENT":"f.4A5FBB56EC8D275E16A1B089E6612898.d.2FA8830C281052EDE5B5ED6AA5F98DD2.e.11248"}]}
COMMAND: GET /session/1841494025458e3697387cb19f02ad73/screenshot - {}
RESULT: {}
RESULT: {"script":"<script> [5351 bytes]","args":[{"element-6066-11e4-a52e-4f735466cecf":"f.4A5FBB56EC8D275E16A1B089E6612898.d.2FA8830C281052EDE5B5ED6AA5F98DD2.e.11248","ELEMENT":"f.4A5FBB56EC8D275E16A1B089E6612898.d.2FA8830C281052EDE5B5ED6AA5F98DD2.e.11248"}]}
COMMAND: POST /session/1841494025458e3697387cb19f02ad73/element/f.4A5FBB56EC8D275E16A1B089E6612898.d.2FA8830C281052EDE5B5ED6AA5F98DD2.e.11248/click - {}
COMMAND: GET /session/1841494025458e3697387cb19f02ad73/screenshot - {}
RESULT: {}
RESULT: {}
COMMAND: GET /session/1841494025458e3697387cb19f02ad73/screenshot - {}
RESULT: {}
RESULT: {}
RESULT: undefined
COMMAND: POST /session/1841494025458e3697387cb19f02ad73/execute/async - {"script":"<script> [776 bytes]","args":[{"enterText":"External Partner WDIO","selector":{"id":"application-managepartners-display-component---NewPartner--addressDetailDetailsName1","interaction":{"idSuffix":"inner"}},"clearTextFirst":true,"interactionType":"ENTER_TEXT"}]}
RESULT: {"script":"<script> [776 bytes]","args":[{"enterText":"External Partner WDIO","selector":{"id":"application-managepartners-display-component---NewPartner--addressDetailDetailsName1","interaction":{"idSuffix":"inner"}},"clearTextFirst":true,"interactionType":"ENTER_TEXT"}]}
RESULT: undefined
COMMAND: POST /session/1841494025458e3697387cb19f02ad73/element - {"using":"xpath","value":"//*[@id=\"application-managepartners-display-component---NewPartner--addressDetailDetailsLanguage-arrow\"]"}
RESULT: {"using":"xpath","value":"//*[@id=\"application-managepartners-display-component---NewPartner--addressDetailDetailsLanguage-arrow\"]"}
COMMAND: POST /session/1841494025458e3697387cb19f02ad73/element/f.4A5FBB56EC8D275E16A1B089E6612898.d.2FA8830C281052EDE5B5ED6AA5F98DD2.e.11681/click - {}
RESULT: {}
COMMAND: POST /session/1841494025458e3697387cb19f02ad73/element - {"using":"xpath","value":"//span[contains(text(), \"English\")]"}
COMMAND: GET /session/1841494025458e3697387cb19f02ad73/screenshot - {}
RESULT: {"using":"xpath","value":"//span[contains(text(), \"English\")]"}
COMMAND: POST /session/1841494025458e3697387cb19f02ad73/element/f.4A5FBB56EC8D275E16A1B089E6612898.d.2FA8830C281052EDE5B5ED6AA5F98DD2.e.11682/click - {}
RESULT: {}
RESULT: {}
COMMAND: GET /session/1841494025458e3697387cb19f02ad73/screenshot - {}
RESULT: {}
RESULT: undefined
COMMAND: POST /session/1841494025458e3697387cb19f02ad73/execute/async - {"script":"<script> [776 bytes]","args":[{"enterText":"Rosario","selector":{"id":"application-managepartners-display-component---NewPartner--addressDetailDetailsCity1","interaction":{"idSuffix":"inner"}},"clearTextFirst":true,"interactionType":"ENTER_TEXT"}]}
RESULT: {"script":"<script> [776 bytes]","args":[{"enterText":"Rosario","selector":{"id":"application-managepartners-display-component---NewPartner--addressDetailDetailsCity1","interaction":{"idSuffix":"inner"}},"clearTextFirst":true,"interactionType":"ENTER_TEXT"}]}
RESULT: undefined
COMMAND: POST /session/1841494025458e3697387cb19f02ad73/element - {"using":"xpath","value":"//*[@id=\"application-managepartners-display-component---NewPartner--addressDetailDetailsCountry-arrow\"]"}
RESULT: {"using":"xpath","value":"//*[@id=\"application-managepartners-display-component---NewPartner--addressDetailDetailsCountry-arrow\"]"}
COMMAND: POST /session/1841494025458e3697387cb19f02ad73/element/f.4A5FBB56EC8D275E16A1B089E6612898.d.2FA8830C281052EDE5B5ED6AA5F98DD2.e.11679/click - {}
RESULT: {}
COMMAND: POST /session/1841494025458e3697387cb19f02ad73/element - {"using":"xpath","value":"//span[contains(text(), \"Argentina\")]"}
COMMAND: GET /session/1841494025458e3697387cb19f02ad73/screenshot - {}
RESULT: {"using":"xpath","value":"//span[contains(text(), \"Argentina\")]"}
COMMAND: POST /session/1841494025458e3697387cb19f02ad73/element/f.4A5FBB56EC8D275E16A1B089E6612898.d.2FA8830C281052EDE5B5ED6AA5F98DD2.e.11683/click - {}
RESULT: {}
RESULT: {}
COMMAND: GET /session/1841494025458e3697387cb19f02ad73/screenshot - {}
RESULT: {}
COMMAND: POST /session/1841494025458e3697387cb19f02ad73/element - {"using":"xpath","value":"//bdi[contains(text(), \"Commercial\")]"}
RESULT: {"using":"xpath","value":"//bdi[contains(text(), \"Commercial\")]"}
COMMAND: POST /session/1841494025458e3697387cb19f02ad73/element/f.4A5FBB56EC8D275E16A1B089E6612898.d.2FA8830C281052EDE5B5ED6AA5F98DD2.e.11684/click - {}
RESULT: {}
COMMAND: GET /session/1841494025458e3697387cb19f02ad73/screenshot - {}
RESULT: {}
RESULT: undefined
COMMAND: POST /session/1841494025458e3697387cb19f02ad73/element - {"using":"xpath","value":"//*[@id=\"application-managepartners-display-component---NewPartner--partnerDetailInternal-arrow\"]"}
RESULT: {"using":"xpath","value":"//*[@id=\"application-managepartners-display-component---NewPartner--partnerDetailInternal-arrow\"]"}
COMMAND: POST /session/1841494025458e3697387cb19f02ad73/element/f.4A5FBB56EC8D275E16A1B089E6612898.d.2FA8830C281052EDE5B5ED6AA5F98DD2.e.11692/click - {}
RESULT: {}
COMMAND: POST /session/1841494025458e3697387cb19f02ad73/element - {"using":"xpath","value":"//span[contains(text(), \"External partner\")]"}
COMMAND: GET /session/1841494025458e3697387cb19f02ad73/screenshot - {}
RESULT: {"using":"xpath","value":"//span[contains(text(), \"External partner\")]"}
COMMAND: POST /session/1841494025458e3697387cb19f02ad73/element/f.4A5FBB56EC8D275E16A1B089E6612898.d.2FA8830C281052EDE5B5ED6AA5F98DD2.e.11693/click - {}
RESULT: {}
RESULT: {}
RESULT: undefined
COMMAND: POST /session/1841494025458e3697387cb19f02ad73/element - {"using":"xpath","value":"//*[@id=\"application-managepartners-display-component---NewPartner--partnerDetailsCurrency-arrow\"]"}
COMMAND: GET /session/1841494025458e3697387cb19f02ad73/screenshot - {}
RESULT: {"using":"xpath","value":"//*[@id=\"application-managepartners-display-component---NewPartner--partnerDetailsCurrency-arrow\"]"}
COMMAND: POST /session/1841494025458e3697387cb19f02ad73/element/f.4A5FBB56EC8D275E16A1B089E6612898.d.2FA8830C281052EDE5B5ED6AA5F98DD2.e.11698/click - {}
RESULT: {}
RESULT: {}
COMMAND: POST /session/1841494025458e3697387cb19f02ad73/element - {"using":"xpath","value":"//span[contains(text(), \"US Dollar\")]"}
COMMAND: GET /session/1841494025458e3697387cb19f02ad73/screenshot - {}
RESULT: {"using":"xpath","value":"//span[contains(text(), \"US Dollar\")]"}
COMMAND: POST /session/1841494025458e3697387cb19f02ad73/element/f.4A5FBB56EC8D275E16A1B089E6612898.d.2FA8830C281052EDE5B5ED6AA5F98DD2.e.11699/click - {}
RESULT: {}
RESULT: {}
COMMAND: GET /session/1841494025458e3697387cb19f02ad73/screenshot - {}
RESULT: {}
COMMAND: POST /session/1841494025458e3697387cb19f02ad73/element - {"using":"xpath","value":"//input[@id=\"application-managepartners-display-component---NewPartner--companyCodeComboBox-inner\"]"}
RESULT: {"using":"xpath","value":"//input[@id=\"application-managepartners-display-component---NewPartner--companyCodeComboBox-inner\"]"}
COMMAND: POST /session/1841494025458e3697387cb19f02ad73/element/f.4A5FBB56EC8D275E16A1B089E6612898.d.2FA8830C281052EDE5B5ED6AA5F98DD2.e.11605/clear - {}
RESULT: {}
COMMAND: POST /session/1841494025458e3697387cb19f02ad73/element/f.4A5FBB56EC8D275E16A1B089E6612898.d.2FA8830C281052EDE5B5ED6AA5F98DD2.e.11605/value - {"text":"C002"}
COMMAND: GET /session/1841494025458e3697387cb19f02ad73/screenshot - {}
RESULT: {"text":"C002"}
COMMAND: GET /session/1841494025458e3697387cb19f02ad73/screenshot - {}
RESULT: {}
RESULT: {}
COMMAND: POST /session/1841494025458e3697387cb19f02ad73/element - {"using":"xpath","value":"//li[.//span[text()= \"C002\"]]"}
RESULT: {"using":"xpath","value":"//li[.//span[text()= \"C002\"]]"}
COMMAND: POST /session/1841494025458e3697387cb19f02ad73/element/f.4A5FBB56EC8D275E16A1B089E6612898.d.2FA8830C281052EDE5B5ED6AA5F98DD2.e.11703/click - {}
RESULT: {}
COMMAND: GET /session/1841494025458e3697387cb19f02ad73/screenshot - {}
RESULT: {}
RESULT: undefined
COMMAND: POST /session/1841494025458e3697387cb19f02ad73/element - {"using":"xpath","value":"//*[@id=\"application-managepartners-display-component---NewPartner--btnAddTableRow-img\"]"}
RESULT: {"using":"xpath","value":"//*[@id=\"application-managepartners-display-component---NewPartner--btnAddTableRow-img\"]"}
COMMAND: POST /session/1841494025458e3697387cb19f02ad73/element/f.4A5FBB56EC8D275E16A1B089E6612898.d.2FA8830C281052EDE5B5ED6AA5F98DD2.e.11704/click - {}
RESULT: {}
COMMAND: GET /session/1841494025458e3697387cb19f02ad73/screenshot - {}
RESULT: {}
COMMAND: POST /session/1841494025458e3697387cb19f02ad73/element - {"using":"xpath","value":"//input[@id=\"application-managepartners-display-component---NewPartner--assignmentYard-application-managepartners-display-component---NewPartner--assignmentsTable-0-inner\"]"}
RESULT: {"using":"xpath","value":"//input[@id=\"application-managepartners-display-component---NewPartner--assignmentYard-application-managepartners-display-component---NewPartner--assignmentsTable-0-inner\"]"}
COMMAND: POST /session/1841494025458e3697387cb19f02ad73/element/f.4A5FBB56EC8D275E16A1B089E6612898.d.2FA8830C281052EDE5B5ED6AA5F98DD2.e.11707/clear - {}
RESULT: {}
COMMAND: POST /session/1841494025458e3697387cb19f02ad73/element/f.4A5FBB56EC8D275E16A1B089E6612898.d.2FA8830C281052EDE5B5ED6AA5F98DD2.e.11707/value - {"text":"675"}
COMMAND: GET /session/1841494025458e3697387cb19f02ad73/screenshot - {}
RESULT: {"text":"675"}
COMMAND: GET /session/1841494025458e3697387cb19f02ad73/screenshot - {}
RESULT: {}
RESULT: {}
COMMAND: POST /session/1841494025458e3697387cb19f02ad73/element - {"using":"xpath","value":"//li[.//span[text()='675']]"}
RESULT: {"using":"xpath","value":"//li[.//span[text()='675']]"}
COMMAND: POST /session/1841494025458e3697387cb19f02ad73/element/f.4A5FBB56EC8D275E16A1B089E6612898.d.2FA8830C281052EDE5B5ED6AA5F98DD2.e.11715/click - {}
RESULT: {}
COMMAND: GET /session/1841494025458e3697387cb19f02ad73/screenshot - {}
RESULT: {}
COMMAND: POST /session/1841494025458e3697387cb19f02ad73/actions - {"actions":[{"id":"action28","type":"key","parameters":{},"actions":[{"type":"keyDown","value":"î€‡"},{"type":"pause","duration":10},{"type":"keyUp","value":"î€‡"}]}]}
RESULT: {"actions":[{"id":"action28","type":"key","parameters":{},"actions":[{"type":"keyDown","value":"î€‡"},{"type":"pause","duration":10},{"type":"keyUp","value":"î€‡"}]}]}
COMMAND: POST /session/1841494025458e3697387cb19f02ad73/element - {"using":"xpath","value":"//td[contains(@id, \"assignmentsTable-0-cell2\")]/div/div"}
COMMAND: GET /session/1841494025458e3697387cb19f02ad73/screenshot - {}
RESULT: {"using":"xpath","value":"//td[contains(@id, \"assignmentsTable-0-cell2\")]/div/div"}
COMMAND: POST /session/1841494025458e3697387cb19f02ad73/element/f.4A5FBB56EC8D275E16A1B089E6612898.d.2FA8830C281052EDE5B5ED6AA5F98DD2.e.11718/click - {}
RESULT: {}
RESULT: {}
COMMAND: GET /session/1841494025458e3697387cb19f02ad73/screenshot - {}
RESULT: {}
COMMAND: POST /session/1841494025458e3697387cb19f02ad73/element - {"using":"xpath","value":"//button[@data-kt=\"saveButton\"]"}
RESULT: {"using":"xpath","value":"//button[@data-kt=\"saveButton\"]"}
COMMAND: POST /session/1841494025458e3697387cb19f02ad73/element/f.4A5FBB56EC8D275E16A1B089E6612898.d.2FA8830C281052EDE5B5ED6AA5F98DD2.e.11610/click - {}
RESULT: {}
COMMAND: GET /session/1841494025458e3697387cb19f02ad73/screenshot - {}
RESULT: {}
COMMAND: POST /session/1841494025458e3697387cb19f02ad73/element - {"using":"xpath","value":"//header[contains(@id, 'ObjectPageLayout-headerTitle')]/div[1]/div[2]/div[2]/span[1]"}
RESULT: {"using":"xpath","value":"//header[contains(@id, 'ObjectPageLayout-headerTitle')]/div[1]/div[2]/div[2]/span[1]"}
COMMAND: POST /session/1841494025458e3697387cb19f02ad73/elements - {"using":"xpath","value":"//header[contains(@id, 'ObjectPageLayout-headerTitle')]/div[1]/div[2]/div[2]/span[1]"}
RESULT: {"using":"xpath","value":"//header[contains(@id, 'ObjectPageLayout-headerTitle')]/div[1]/div[2]/div[2]/span[1]"}
COMMAND: POST /session/1841494025458e3697387cb19f02ad73/execute/sync - {"script":"<script> [56 bytes]","args":[{"element-6066-11e4-a52e-4f735466cecf":"f.4A5FBB56EC8D275E16A1B089E6612898.d.2FA8830C281052EDE5B5ED6AA5F98DD2.e.11880","ELEMENT":"f.4A5FBB56EC8D275E16A1B089E6612898.d.2FA8830C281052EDE5B5ED6AA5F98DD2.e.11880"}]}
RESULT: {"script":"<script> [56 bytes]","args":[{"element-6066-11e4-a52e-4f735466cecf":"f.4A5FBB56EC8D275E16A1B089E6612898.d.2FA8830C281052EDE5B5ED6AA5F98DD2.e.11880","ELEMENT":"f.4A5FBB56EC8D275E16A1B089E6612898.d.2FA8830C281052EDE5B5ED6AA5F98DD2.e.11880"}]}
COMMAND: POST /session/1841494025458e3697387cb19f02ad73/element - {"using":"css selector","value":"#shell-header-logo"}
COMMAND: GET /session/1841494025458e3697387cb19f02ad73/screenshot - {}
RESULT: {"using":"css selector","value":"#shell-header-logo"}
COMMAND: POST /session/1841494025458e3697387cb19f02ad73/element/f.4A5FBB56EC8D275E16A1B089E6612898.d.2FA8830C281052EDE5B5ED6AA5F98DD2.e.11215/click - {}
RESULT: {}
RESULT: {}
COMMAND: GET /session/1841494025458e3697387cb19f02ad73/screenshot - {}
RESULT: {}
COMMAND: POST /session/1841494025458e3697387cb19f02ad73/execute/sync - {"script":"<script> [299 bytes]","args":[["getModel","getResource"]]}
RESULT: {"script":"<script> [299 bytes]","args":[["getModel","getResource"]]}
COMMAND: GET /session/1841494025458e3697387cb19f02ad73/screenshot - {}
RESULT: {}
COMMAND: DELETE /session/1841494025458e3697387cb19f02ad73 - {}
RESULT: {}
]]></system-out>
    </testcase>
  </testsuite>
</testsuites>