<?xml version="1.0" encoding="UTF-8"?>
<testsuites tests="11" failures="0" errors="0" skipped="0">
  <testsuite timestamp="2025-05-03T17:27:44" time="1512.893" tests="11" failures="0" errors="0" skipped="0">
    <properties>
      <property name="specId" value="0" />
      <property name="suiteName" value="Partner specific tests US150819 US151080 US151654 US151176 US103444 US151078 US151079 US151109 US151174 US151175 US151189" />
      <property name="capabilities" value="chrome.135_0_7049_96.windows" />
      <property name="file" value="file:///D:/a/1/s/test/specs/BTS/manage-partners.spec.js" />
    </properties>
    <testcase classname="chrome.135_0_7049_96.windows.Partner_specific_tests_US150819_US151080_US151654_US151176_US103444_US151078_US151079_US151109_US151174_US151175_US151189" name="Should create a new yard prerequisite" time="154.17">
      <system-out><![CDATA[
COMMAND: POST /session/ffff9f21ee28ff8e1d9aa34f42faee99/window/fullscreen - {}
RESULT: {}
COMMAND: POST /session/ffff9f21ee28ff8e1d9aa34f42faee99/element - {"using":"xpath","value":"//li[.//span[text()=\"Manage Partners\"]]"}
RESULT: {"using":"xpath","value":"//li[.//span[text()=\"Manage Partners\"]]"}
COMMAND: POST /session/ffff9f21ee28ff8e1d9aa34f42faee99/element - {"using":"xpath","value":"//li[.//span[text()=\"Manage Partners\"]]"}
RESULT: {"using":"xpath","value":"//li[.//span[text()=\"Manage Partners\"]]"}
COMMAND: POST /session/ffff9f21ee28ff8e1d9aa34f42faee99/element - {"using":"css selector","value":"#shell-header-logo"}
RESULT: {"using":"css selector","value":"#shell-header-logo"}
COMMAND: POST /session/ffff9f21ee28ff8e1d9aa34f42faee99/element/f.7E00EA53797DB7C0883B340D4376DD1B.d.78C6D72A17C4D4BA51966FEA4C403968.e.260/click - {}
COMMAND: POST /session/ffff9f21ee28ff8e1d9aa34f42faee99/execute/sync - {"script":"<script> [8489 bytes]","args":[{"element-6066-11e4-a52e-4f735466cecf":"f.7E00EA53797DB7C0883B340D4376DD1B.d.78C6D72A17C4D4BA51966FEA4C403968.e.260","ELEMENT":"f.7E00EA53797DB7C0883B340D4376DD1B.d.78C6D72A17C4D4BA51966FEA4C403968.e.260"}]}
RESULT: {"script":"<script> [8489 bytes]","args":[{"element-6066-11e4-a52e-4f735466cecf":"f.7E00EA53797DB7C0883B340D4376DD1B.d.78C6D72A17C4D4BA51966FEA4C403968.e.260","ELEMENT":"f.7E00EA53797DB7C0883B340D4376DD1B.d.78C6D72A17C4D4BA51966FEA4C403968.e.260"}]}
COMMAND: POST /session/ffff9f21ee28ff8e1d9aa34f42faee99/execute/sync - {"script":"<script> [5351 bytes]","args":[{"element-6066-11e4-a52e-4f735466cecf":"f.7E00EA53797DB7C0883B340D4376DD1B.d.78C6D72A17C4D4BA51966FEA4C403968.e.260","ELEMENT":"f.7E00EA53797DB7C0883B340D4376DD1B.d.78C6D72A17C4D4BA51966FEA4C403968.e.260"}]}
COMMAND: GET /session/ffff9f21ee28ff8e1d9aa34f42faee99/screenshot - {}
RESULT: {}
COMMAND: GET /session/ffff9f21ee28ff8e1d9aa34f42faee99/screenshot - {}
RESULT: {"script":"<script> [5351 bytes]","args":[{"element-6066-11e4-a52e-4f735466cecf":"f.7E00EA53797DB7C0883B340D4376DD1B.d.78C6D72A17C4D4BA51966FEA4C403968.e.260","ELEMENT":"f.7E00EA53797DB7C0883B340D4376DD1B.d.78C6D72A17C4D4BA51966FEA4C403968.e.260"}]}
COMMAND: GET /session/ffff9f21ee28ff8e1d9aa34f42faee99/screenshot - {}
RESULT: {}
RESULT: {}
RESULT: {}
COMMAND: POST /session/ffff9f21ee28ff8e1d9aa34f42faee99/execute/async - {"script":"<script> [1562 bytes]","args":[{"selector":{"controlType":"sap.m.GenericTile","properties":{"header":"Manage Yards"}},"wdio_ui5_key":"sapm.GenericTile{\"header\":\"Manage Yards\"}"}]}
RESULT: {"script":"<script> [1562 bytes]","args":[{"selector":{"controlType":"sap.m.GenericTile","properties":{"header":"Manage Yards"}},"wdio_ui5_key":"sapm.GenericTile{\"header\":\"Manage Yards\"}"}]}
RESULT: undefined
COMMAND: POST /session/ffff9f21ee28ff8e1d9aa34f42faee99/element - {"using":"xpath","value":"//*[@id=\"__tile41\"]"}
RESULT: {"using":"xpath","value":"//*[@id=\"__tile41\"]"}
COMMAND: POST /session/ffff9f21ee28ff8e1d9aa34f42faee99/element/f.7E00EA53797DB7C0883B340D4376DD1B.d.78C6D72A17C4D4BA51966FEA4C403968.e.158/click - {}
RESULT: {}
COMMAND: POST /session/ffff9f21ee28ff8e1d9aa34f42faee99/element - {"using":"xpath","value":"//button[@data-kt=\"addNewYardOverflowToolbarButton\"]"}
COMMAND: GET /session/ffff9f21ee28ff8e1d9aa34f42faee99/screenshot - {}
RESULT: {"using":"xpath","value":"//button[@data-kt=\"addNewYardOverflowToolbarButton\"]"}
COMMAND: POST /session/ffff9f21ee28ff8e1d9aa34f42faee99/elements - {"using":"xpath","value":"//button[@data-kt=\"addNewYardOverflowToolbarButton\"]"}
RESULT: {}
RESULT: {"using":"xpath","value":"//button[@data-kt=\"addNewYardOverflowToolbarButton\"]"}
COMMAND: POST /session/ffff9f21ee28ff8e1d9aa34f42faee99/elements - {"using":"xpath","value":"//button[@data-kt=\"addNewYardOverflowToolbarButton\"]"}
RESULT: {"using":"xpath","value":"//button[@data-kt=\"addNewYardOverflowToolbarButton\"]"}
COMMAND: POST /session/ffff9f21ee28ff8e1d9aa34f42faee99/elements - {"using":"xpath","value":"//button[@data-kt=\"addNewYardOverflowToolbarButton\"]"}
RESULT: {"using":"xpath","value":"//button[@data-kt=\"addNewYardOverflowToolbarButton\"]"}
COMMAND: POST /session/ffff9f21ee28ff8e1d9aa34f42faee99/elements - {"using":"xpath","value":"//button[@data-kt=\"addNewYardOverflowToolbarButton\"]"}
RESULT: {"using":"xpath","value":"//button[@data-kt=\"addNewYardOverflowToolbarButton\"]"}
COMMAND: POST /session/ffff9f21ee28ff8e1d9aa34f42faee99/elements - {"using":"xpath","value":"//button[@data-kt=\"addNewYardOverflowToolbarButton\"]"}
RESULT: {"using":"xpath","value":"//button[@data-kt=\"addNewYardOverflowToolbarButton\"]"}
COMMAND: POST /session/ffff9f21ee28ff8e1d9aa34f42faee99/elements - {"using":"xpath","value":"//button[@data-kt=\"addNewYardOverflowToolbarButton\"]"}
RESULT: {"using":"xpath","value":"//button[@data-kt=\"addNewYardOverflowToolbarButton\"]"}
COMMAND: POST /session/ffff9f21ee28ff8e1d9aa34f42faee99/elements - {"using":"xpath","value":"//button[@data-kt=\"addNewYardOverflowToolbarButton\"]"}
RESULT: {"using":"xpath","value":"//button[@data-kt=\"addNewYardOverflowToolbarButton\"]"}
COMMAND: POST /session/ffff9f21ee28ff8e1d9aa34f42faee99/elements - {"using":"xpath","value":"//button[@data-kt=\"addNewYardOverflowToolbarButton\"]"}
RESULT: {"using":"xpath","value":"//button[@data-kt=\"addNewYardOverflowToolbarButton\"]"}
COMMAND: POST /session/ffff9f21ee28ff8e1d9aa34f42faee99/elements - {"using":"xpath","value":"//button[@data-kt=\"addNewYardOverflowToolbarButton\"]"}
RESULT: {"using":"xpath","value":"//button[@data-kt=\"addNewYardOverflowToolbarButton\"]"}
COMMAND: POST /session/ffff9f21ee28ff8e1d9aa34f42faee99/elements - {"using":"xpath","value":"//button[@data-kt=\"addNewYardOverflowToolbarButton\"]"}
RESULT: {"using":"xpath","value":"//button[@data-kt=\"addNewYardOverflowToolbarButton\"]"}
COMMAND: POST /session/ffff9f21ee28ff8e1d9aa34f42faee99/elements - {"using":"xpath","value":"//button[@data-kt=\"addNewYardOverflowToolbarButton\"]"}
RESULT: {"using":"xpath","value":"//button[@data-kt=\"addNewYardOverflowToolbarButton\"]"}
COMMAND: POST /session/ffff9f21ee28ff8e1d9aa34f42faee99/elements - {"using":"xpath","value":"//button[@data-kt=\"addNewYardOverflowToolbarButton\"]"}
RESULT: {"using":"xpath","value":"//button[@data-kt=\"addNewYardOverflowToolbarButton\"]"}
COMMAND: POST /session/ffff9f21ee28ff8e1d9aa34f42faee99/elements - {"using":"xpath","value":"//button[@data-kt=\"addNewYardOverflowToolbarButton\"]"}
RESULT: {"using":"xpath","value":"//button[@data-kt=\"addNewYardOverflowToolbarButton\"]"}
COMMAND: POST /session/ffff9f21ee28ff8e1d9aa34f42faee99/elements - {"using":"xpath","value":"//button[@data-kt=\"addNewYardOverflowToolbarButton\"]"}
RESULT: {"using":"xpath","value":"//button[@data-kt=\"addNewYardOverflowToolbarButton\"]"}
COMMAND: POST /session/ffff9f21ee28ff8e1d9aa34f42faee99/elements - {"using":"xpath","value":"//button[@data-kt=\"addNewYardOverflowToolbarButton\"]"}
RESULT: {"using":"xpath","value":"//button[@data-kt=\"addNewYardOverflowToolbarButton\"]"}
COMMAND: POST /session/ffff9f21ee28ff8e1d9aa34f42faee99/elements - {"using":"xpath","value":"//button[@data-kt=\"addNewYardOverflowToolbarButton\"]"}
RESULT: {"using":"xpath","value":"//button[@data-kt=\"addNewYardOverflowToolbarButton\"]"}
COMMAND: POST /session/ffff9f21ee28ff8e1d9aa34f42faee99/elements - {"using":"xpath","value":"//button[@data-kt=\"addNewYardOverflowToolbarButton\"]"}
RESULT: {"using":"xpath","value":"//button[@data-kt=\"addNewYardOverflowToolbarButton\"]"}
COMMAND: POST /session/ffff9f21ee28ff8e1d9aa34f42faee99/elements - {"using":"xpath","value":"//button[@data-kt=\"addNewYardOverflowToolbarButton\"]"}
RESULT: {"using":"xpath","value":"//button[@data-kt=\"addNewYardOverflowToolbarButton\"]"}
COMMAND: POST /session/ffff9f21ee28ff8e1d9aa34f42faee99/elements - {"using":"xpath","value":"//button[@data-kt=\"addNewYardOverflowToolbarButton\"]"}
RESULT: {"using":"xpath","value":"//button[@data-kt=\"addNewYardOverflowToolbarButton\"]"}
COMMAND: POST /session/ffff9f21ee28ff8e1d9aa34f42faee99/elements - {"using":"xpath","value":"//button[@data-kt=\"addNewYardOverflowToolbarButton\"]"}
RESULT: {"using":"xpath","value":"//button[@data-kt=\"addNewYardOverflowToolbarButton\"]"}
COMMAND: POST /session/ffff9f21ee28ff8e1d9aa34f42faee99/elements - {"using":"xpath","value":"//button[@data-kt=\"addNewYardOverflowToolbarButton\"]"}
RESULT: {"using":"xpath","value":"//button[@data-kt=\"addNewYardOverflowToolbarButton\"]"}
COMMAND: POST /session/ffff9f21ee28ff8e1d9aa34f42faee99/elements - {"using":"xpath","value":"//button[@data-kt=\"addNewYardOverflowToolbarButton\"]"}
RESULT: {"using":"xpath","value":"//button[@data-kt=\"addNewYardOverflowToolbarButton\"]"}
COMMAND: POST /session/ffff9f21ee28ff8e1d9aa34f42faee99/elements - {"using":"xpath","value":"//button[@data-kt=\"addNewYardOverflowToolbarButton\"]"}
RESULT: {"using":"xpath","value":"//button[@data-kt=\"addNewYardOverflowToolbarButton\"]"}
COMMAND: POST /session/ffff9f21ee28ff8e1d9aa34f42faee99/elements - {"using":"xpath","value":"//button[@data-kt=\"addNewYardOverflowToolbarButton\"]"}
RESULT: {"using":"xpath","value":"//button[@data-kt=\"addNewYardOverflowToolbarButton\"]"}
COMMAND: POST /session/ffff9f21ee28ff8e1d9aa34f42faee99/elements - {"using":"xpath","value":"//button[@data-kt=\"addNewYardOverflowToolbarButton\"]"}
RESULT: {"using":"xpath","value":"//button[@data-kt=\"addNewYardOverflowToolbarButton\"]"}
COMMAND: POST /session/ffff9f21ee28ff8e1d9aa34f42faee99/elements - {"using":"xpath","value":"//button[@data-kt=\"addNewYardOverflowToolbarButton\"]"}
RESULT: {"using":"xpath","value":"//button[@data-kt=\"addNewYardOverflowToolbarButton\"]"}
COMMAND: POST /session/ffff9f21ee28ff8e1d9aa34f42faee99/elements - {"using":"xpath","value":"//button[@data-kt=\"addNewYardOverflowToolbarButton\"]"}
RESULT: {"using":"xpath","value":"//button[@data-kt=\"addNewYardOverflowToolbarButton\"]"}
COMMAND: POST /session/ffff9f21ee28ff8e1d9aa34f42faee99/elements - {"using":"xpath","value":"//button[@data-kt=\"addNewYardOverflowToolbarButton\"]"}
RESULT: {"using":"xpath","value":"//button[@data-kt=\"addNewYardOverflowToolbarButton\"]"}
COMMAND: POST /session/ffff9f21ee28ff8e1d9aa34f42faee99/elements - {"using":"xpath","value":"//button[@data-kt=\"addNewYardOverflowToolbarButton\"]"}
RESULT: {"using":"xpath","value":"//button[@data-kt=\"addNewYardOverflowToolbarButton\"]"}
COMMAND: POST /session/ffff9f21ee28ff8e1d9aa34f42faee99/elements - {"using":"xpath","value":"//button[@data-kt=\"addNewYardOverflowToolbarButton\"]"}
RESULT: {"using":"xpath","value":"//button[@data-kt=\"addNewYardOverflowToolbarButton\"]"}
COMMAND: POST /session/ffff9f21ee28ff8e1d9aa34f42faee99/elements - {"using":"xpath","value":"//button[@data-kt=\"addNewYardOverflowToolbarButton\"]"}
RESULT: {"using":"xpath","value":"//button[@data-kt=\"addNewYardOverflowToolbarButton\"]"}
COMMAND: POST /session/ffff9f21ee28ff8e1d9aa34f42faee99/elements - {"using":"xpath","value":"//button[@data-kt=\"addNewYardOverflowToolbarButton\"]"}
RESULT: {"using":"xpath","value":"//button[@data-kt=\"addNewYardOverflowToolbarButton\"]"}
COMMAND: POST /session/ffff9f21ee28ff8e1d9aa34f42faee99/elements - {"using":"xpath","value":"//button[@data-kt=\"addNewYardOverflowToolbarButton\"]"}
RESULT: {"using":"xpath","value":"//button[@data-kt=\"addNewYardOverflowToolbarButton\"]"}
COMMAND: POST /session/ffff9f21ee28ff8e1d9aa34f42faee99/elements - {"using":"xpath","value":"//button[@data-kt=\"addNewYardOverflowToolbarButton\"]"}
RESULT: {"using":"xpath","value":"//button[@data-kt=\"addNewYardOverflowToolbarButton\"]"}
COMMAND: POST /session/ffff9f21ee28ff8e1d9aa34f42faee99/elements - {"using":"xpath","value":"//button[@data-kt=\"addNewYardOverflowToolbarButton\"]"}
RESULT: {"using":"xpath","value":"//button[@data-kt=\"addNewYardOverflowToolbarButton\"]"}
COMMAND: POST /session/ffff9f21ee28ff8e1d9aa34f42faee99/elements - {"using":"xpath","value":"//button[@data-kt=\"addNewYardOverflowToolbarButton\"]"}
RESULT: {"using":"xpath","value":"//button[@data-kt=\"addNewYardOverflowToolbarButton\"]"}
COMMAND: POST /session/ffff9f21ee28ff8e1d9aa34f42faee99/elements - {"using":"xpath","value":"//button[@data-kt=\"addNewYardOverflowToolbarButton\"]"}
RESULT: {"using":"xpath","value":"//button[@data-kt=\"addNewYardOverflowToolbarButton\"]"}
COMMAND: POST /session/ffff9f21ee28ff8e1d9aa34f42faee99/elements - {"using":"xpath","value":"//button[@data-kt=\"addNewYardOverflowToolbarButton\"]"}
RESULT: {"using":"xpath","value":"//button[@data-kt=\"addNewYardOverflowToolbarButton\"]"}
COMMAND: POST /session/ffff9f21ee28ff8e1d9aa34f42faee99/elements - {"using":"xpath","value":"//button[@data-kt=\"addNewYardOverflowToolbarButton\"]"}
RESULT: {"using":"xpath","value":"//button[@data-kt=\"addNewYardOverflowToolbarButton\"]"}
COMMAND: POST /session/ffff9f21ee28ff8e1d9aa34f42faee99/elements - {"using":"xpath","value":"//button[@data-kt=\"addNewYardOverflowToolbarButton\"]"}
RESULT: {"using":"xpath","value":"//button[@data-kt=\"addNewYardOverflowToolbarButton\"]"}
COMMAND: POST /session/ffff9f21ee28ff8e1d9aa34f42faee99/elements - {"using":"xpath","value":"//button[@data-kt=\"addNewYardOverflowToolbarButton\"]"}
RESULT: {"using":"xpath","value":"//button[@data-kt=\"addNewYardOverflowToolbarButton\"]"}
COMMAND: POST /session/ffff9f21ee28ff8e1d9aa34f42faee99/elements - {"using":"xpath","value":"//button[@data-kt=\"addNewYardOverflowToolbarButton\"]"}
RESULT: {"using":"xpath","value":"//button[@data-kt=\"addNewYardOverflowToolbarButton\"]"}
COMMAND: POST /session/ffff9f21ee28ff8e1d9aa34f42faee99/elements - {"using":"xpath","value":"//button[@data-kt=\"addNewYardOverflowToolbarButton\"]"}
RESULT: {"using":"xpath","value":"//button[@data-kt=\"addNewYardOverflowToolbarButton\"]"}
COMMAND: POST /session/ffff9f21ee28ff8e1d9aa34f42faee99/elements - {"using":"xpath","value":"//button[@data-kt=\"addNewYardOverflowToolbarButton\"]"}
RESULT: {"using":"xpath","value":"//button[@data-kt=\"addNewYardOverflowToolbarButton\"]"}
COMMAND: POST /session/ffff9f21ee28ff8e1d9aa34f42faee99/elements - {"using":"xpath","value":"//button[@data-kt=\"addNewYardOverflowToolbarButton\"]"}
RESULT: {"using":"xpath","value":"//button[@data-kt=\"addNewYardOverflowToolbarButton\"]"}
COMMAND: POST /session/ffff9f21ee28ff8e1d9aa34f42faee99/elements - {"using":"xpath","value":"//button[@data-kt=\"addNewYardOverflowToolbarButton\"]"}
RESULT: {"using":"xpath","value":"//button[@data-kt=\"addNewYardOverflowToolbarButton\"]"}
COMMAND: POST /session/ffff9f21ee28ff8e1d9aa34f42faee99/elements - {"using":"xpath","value":"//button[@data-kt=\"addNewYardOverflowToolbarButton\"]"}
RESULT: {"using":"xpath","value":"//button[@data-kt=\"addNewYardOverflowToolbarButton\"]"}
COMMAND: POST /session/ffff9f21ee28ff8e1d9aa34f42faee99/elements - {"using":"xpath","value":"//button[@data-kt=\"addNewYardOverflowToolbarButton\"]"}
RESULT: {"using":"xpath","value":"//button[@data-kt=\"addNewYardOverflowToolbarButton\"]"}
COMMAND: POST /session/ffff9f21ee28ff8e1d9aa34f42faee99/elements - {"using":"xpath","value":"//button[@data-kt=\"addNewYardOverflowToolbarButton\"]"}
RESULT: {"using":"xpath","value":"//button[@data-kt=\"addNewYardOverflowToolbarButton\"]"}
COMMAND: POST /session/ffff9f21ee28ff8e1d9aa34f42faee99/elements - {"using":"xpath","value":"//button[@data-kt=\"addNewYardOverflowToolbarButton\"]"}
RESULT: {"using":"xpath","value":"//button[@data-kt=\"addNewYardOverflowToolbarButton\"]"}
COMMAND: POST /session/ffff9f21ee28ff8e1d9aa34f42faee99/elements - {"using":"xpath","value":"//button[@data-kt=\"addNewYardOverflowToolbarButton\"]"}
RESULT: {"using":"xpath","value":"//button[@data-kt=\"addNewYardOverflowToolbarButton\"]"}
COMMAND: POST /session/ffff9f21ee28ff8e1d9aa34f42faee99/elements - {"using":"xpath","value":"//button[@data-kt=\"addNewYardOverflowToolbarButton\"]"}
RESULT: {"using":"xpath","value":"//button[@data-kt=\"addNewYardOverflowToolbarButton\"]"}
COMMAND: POST /session/ffff9f21ee28ff8e1d9aa34f42faee99/element - {"using":"xpath","value":"//button[@data-kt=\"addNewYardOverflowToolbarButton\"]"}
RESULT: {"using":"xpath","value":"//button[@data-kt=\"addNewYardOverflowToolbarButton\"]"}
COMMAND: POST /session/ffff9f21ee28ff8e1d9aa34f42faee99/execute/sync - {"script":"<script> [8489 bytes]","args":[{"element-6066-11e4-a52e-4f735466cecf":"f.7E00EA53797DB7C0883B340D4376DD1B.d.78C6D72A17C4D4BA51966FEA4C403968.e.289","ELEMENT":"f.7E00EA53797DB7C0883B340D4376DD1B.d.78C6D72A17C4D4BA51966FEA4C403968.e.289"}]}
RESULT: {"script":"<script> [8489 bytes]","args":[{"element-6066-11e4-a52e-4f735466cecf":"f.7E00EA53797DB7C0883B340D4376DD1B.d.78C6D72A17C4D4BA51966FEA4C403968.e.289","ELEMENT":"f.7E00EA53797DB7C0883B340D4376DD1B.d.78C6D72A17C4D4BA51966FEA4C403968.e.289"}]}
COMMAND: GET /session/ffff9f21ee28ff8e1d9aa34f42faee99/element/f.7E00EA53797DB7C0883B340D4376DD1B.d.78C6D72A17C4D4BA51966FEA4C403968.e.289/enabled - {}
COMMAND: GET /session/ffff9f21ee28ff8e1d9aa34f42faee99/screenshot - {}
RESULT: {}
COMMAND: POST /session/ffff9f21ee28ff8e1d9aa34f42faee99/execute/sync - {"script":"<script> [8489 bytes]","args":[{"element-6066-11e4-a52e-4f735466cecf":"f.7E00EA53797DB7C0883B340D4376DD1B.d.78C6D72A17C4D4BA51966FEA4C403968.e.289","ELEMENT":"f.7E00EA53797DB7C0883B340D4376DD1B.d.78C6D72A17C4D4BA51966FEA4C403968.e.289"}]}
COMMAND: GET /session/ffff9f21ee28ff8e1d9aa34f42faee99/screenshot - {}
RESULT: {}
RESULT: {"script":"<script> [8489 bytes]","args":[{"element-6066-11e4-a52e-4f735466cecf":"f.7E00EA53797DB7C0883B340D4376DD1B.d.78C6D72A17C4D4BA51966FEA4C403968.e.289","ELEMENT":"f.7E00EA53797DB7C0883B340D4376DD1B.d.78C6D72A17C4D4BA51966FEA4C403968.e.289"}]}
COMMAND: POST /session/ffff9f21ee28ff8e1d9aa34f42faee99/execute/sync - {"script":"<script> [5351 bytes]","args":[{"element-6066-11e4-a52e-4f735466cecf":"f.7E00EA53797DB7C0883B340D4376DD1B.d.78C6D72A17C4D4BA51966FEA4C403968.e.289","ELEMENT":"f.7E00EA53797DB7C0883B340D4376DD1B.d.78C6D72A17C4D4BA51966FEA4C403968.e.289"}]}
COMMAND: GET /session/ffff9f21ee28ff8e1d9aa34f42faee99/screenshot - {}
RESULT: {}
RESULT: {"script":"<script> [5351 bytes]","args":[{"element-6066-11e4-a52e-4f735466cecf":"f.7E00EA53797DB7C0883B340D4376DD1B.d.78C6D72A17C4D4BA51966FEA4C403968.e.289","ELEMENT":"f.7E00EA53797DB7C0883B340D4376DD1B.d.78C6D72A17C4D4BA51966FEA4C403968.e.289"}]}
COMMAND: POST /session/ffff9f21ee28ff8e1d9aa34f42faee99/element/f.7E00EA53797DB7C0883B340D4376DD1B.d.78C6D72A17C4D4BA51966FEA4C403968.e.289/click - {}
COMMAND: GET /session/ffff9f21ee28ff8e1d9aa34f42faee99/screenshot - {}
RESULT: {}
RESULT: {}
COMMAND: GET /session/ffff9f21ee28ff8e1d9aa34f42faee99/screenshot - {}
RESULT: {}
RESULT: {}
COMMAND: POST /session/ffff9f21ee28ff8e1d9aa34f42faee99/element - {"using":"xpath","value":"//input[@id=\"application-manageyards-display-component---NewYard--yardId-inner\"]"}
RESULT: {"using":"xpath","value":"//input[@id=\"application-manageyards-display-component---NewYard--yardId-inner\"]"}
COMMAND: POST /session/ffff9f21ee28ff8e1d9aa34f42faee99/element - {"using":"xpath","value":"//input[@id=\"application-manageyards-display-component---NewYard--yardId-inner\"]"}
RESULT: {"using":"xpath","value":"//input[@id=\"application-manageyards-display-component---NewYard--yardId-inner\"]"}
COMMAND: POST /session/ffff9f21ee28ff8e1d9aa34f42faee99/execute/async - {"script":"<script> [1562 bytes]","args":[{"selector":{"id":"application-manageyards-display-component---NewYard--addressDetailDetailsName1","interaction":{"idSuffix":"inner"}},"wdio_ui5_key":"applicationmanageyards-display-component---NewYard--addressDetailDetailsName1"}]}
RESULT: {"script":"<script> [1562 bytes]","args":[{"selector":{"id":"application-manageyards-display-component---NewYard--addressDetailDetailsName1","interaction":{"idSuffix":"inner"}},"wdio_ui5_key":"applicationmanageyards-display-component---NewYard--addressDetailDetailsName1"}]}
RESULT: undefined
COMMAND: POST /session/ffff9f21ee28ff8e1d9aa34f42faee99/execute/async - {"script":"<script> [776 bytes]","args":[{"enterText":"Intracompany Yard wdIO","selector":{"id":"application-manageyards-display-component---NewYard--addressDetailDetailsName1","interaction":{"idSuffix":"inner"}},"clearTextFirst":true,"interactionType":"ENTER_TEXT"}]}
RESULT: {"script":"<script> [776 bytes]","args":[{"enterText":"Intracompany Yard wdIO","selector":{"id":"application-manageyards-display-component---NewYard--addressDetailDetailsName1","interaction":{"idSuffix":"inner"}},"clearTextFirst":true,"interactionType":"ENTER_TEXT"}]}
COMMAND: POST /session/ffff9f21ee28ff8e1d9aa34f42faee99/execute/async - {"script":"<script> [1562 bytes]","args":[{"selector":{"id":"application-manageyards-display-component---NewYard--addressDetailDetailsLanguage-arrow"},"wdio_ui5_key":"applicationmanageyards-display-component---NewYard--addressDetailDetailsLanguage-arrow"}]}
RESULT: {"script":"<script> [1562 bytes]","args":[{"selector":{"id":"application-manageyards-display-component---NewYard--addressDetailDetailsLanguage-arrow"},"wdio_ui5_key":"applicationmanageyards-display-component---NewYard--addressDetailDetailsLanguage-arrow"}]}
RESULT: undefined
COMMAND: POST /session/ffff9f21ee28ff8e1d9aa34f42faee99/element - {"using":"xpath","value":"//*[@id=\"application-manageyards-display-component---NewYard--addressDetailDetailsLanguage-arrow\"]"}
RESULT: {"using":"xpath","value":"//*[@id=\"application-manageyards-display-component---NewYard--addressDetailDetailsLanguage-arrow\"]"}
COMMAND: POST /session/ffff9f21ee28ff8e1d9aa34f42faee99/element/f.7E00EA53797DB7C0883B340D4376DD1B.d.78C6D72A17C4D4BA51966FEA4C403968.e.726/click - {}
RESULT: {}
COMMAND: POST /session/ffff9f21ee28ff8e1d9aa34f42faee99/element - {"using":"xpath","value":"//span[contains(text(), \"English\")]"}
COMMAND: GET /session/ffff9f21ee28ff8e1d9aa34f42faee99/screenshot - {}
RESULT: {"using":"xpath","value":"//span[contains(text(), \"English\")]"}
COMMAND: POST /session/ffff9f21ee28ff8e1d9aa34f42faee99/element/f.7E00EA53797DB7C0883B340D4376DD1B.d.78C6D72A17C4D4BA51966FEA4C403968.e.727/click - {}
RESULT: {}
RESULT: {}
COMMAND: POST /session/ffff9f21ee28ff8e1d9aa34f42faee99/execute/async - {"script":"<script> [1562 bytes]","args":[{"selector":{"id":"application-manageyards-display-component---NewYard--addressDetailDetailsCity1","interaction":{"idSuffix":"inner"}},"wdio_ui5_key":"applicationmanageyards-display-component---NewYard--addressDetailDetailsCity1"}]}
COMMAND: GET /session/ffff9f21ee28ff8e1d9aa34f42faee99/screenshot - {}
RESULT: {"script":"<script> [1562 bytes]","args":[{"selector":{"id":"application-manageyards-display-component---NewYard--addressDetailDetailsCity1","interaction":{"idSuffix":"inner"}},"wdio_ui5_key":"applicationmanageyards-display-component---NewYard--addressDetailDetailsCity1"}]}
RESULT: undefined
COMMAND: POST /session/ffff9f21ee28ff8e1d9aa34f42faee99/execute/async - {"script":"<script> [776 bytes]","args":[{"enterText":"Rosario","selector":{"id":"application-manageyards-display-component---NewYard--addressDetailDetailsCity1","interaction":{"idSuffix":"inner"}},"clearTextFirst":true,"interactionType":"ENTER_TEXT"}]}
RESULT: {}
RESULT: {"script":"<script> [776 bytes]","args":[{"enterText":"Rosario","selector":{"id":"application-manageyards-display-component---NewYard--addressDetailDetailsCity1","interaction":{"idSuffix":"inner"}},"clearTextFirst":true,"interactionType":"ENTER_TEXT"}]}
COMMAND: POST /session/ffff9f21ee28ff8e1d9aa34f42faee99/execute/async - {"script":"<script> [1562 bytes]","args":[{"selector":{"id":"application-manageyards-display-component---NewYard--addressDetailDetailsCountry-arrow"},"wdio_ui5_key":"applicationmanageyards-display-component---NewYard--addressDetailDetailsCountry-arrow"}]}
RESULT: {"script":"<script> [1562 bytes]","args":[{"selector":{"id":"application-manageyards-display-component---NewYard--addressDetailDetailsCountry-arrow"},"wdio_ui5_key":"applicationmanageyards-display-component---NewYard--addressDetailDetailsCountry-arrow"}]}
RESULT: undefined
COMMAND: POST /session/ffff9f21ee28ff8e1d9aa34f42faee99/element - {"using":"xpath","value":"//*[@id=\"application-manageyards-display-component---NewYard--addressDetailDetailsCountry-arrow\"]"}
RESULT: {"using":"xpath","value":"//*[@id=\"application-manageyards-display-component---NewYard--addressDetailDetailsCountry-arrow\"]"}
COMMAND: POST /session/ffff9f21ee28ff8e1d9aa34f42faee99/element/f.7E00EA53797DB7C0883B340D4376DD1B.d.78C6D72A17C4D4BA51966FEA4C403968.e.729/click - {}
RESULT: {}
COMMAND: POST /session/ffff9f21ee28ff8e1d9aa34f42faee99/element - {"using":"xpath","value":"//span[contains(text(), \"Argentina\")]"}
COMMAND: GET /session/ffff9f21ee28ff8e1d9aa34f42faee99/screenshot - {}
RESULT: {"using":"xpath","value":"//span[contains(text(), \"Argentina\")]"}
COMMAND: POST /session/ffff9f21ee28ff8e1d9aa34f42faee99/element/f.7E00EA53797DB7C0883B340D4376DD1B.d.78C6D72A17C4D4BA51966FEA4C403968.e.730/click - {}
RESULT: {}
RESULT: {}
COMMAND: POST /session/ffff9f21ee28ff8e1d9aa34f42faee99/execute/async - {"script":"<script> [1562 bytes]","args":[{"selector":{"id":"application-manageyards-display-component---NewYard--addressEditDetailsCostObjectCstType-arrow"},"wdio_ui5_key":"applicationmanageyards-display-component---NewYard--addressEditDetailsCostObjectCstType-arrow"}]}
COMMAND: GET /session/ffff9f21ee28ff8e1d9aa34f42faee99/screenshot - {}
RESULT: {"script":"<script> [1562 bytes]","args":[{"selector":{"id":"application-manageyards-display-component---NewYard--addressEditDetailsCostObjectCstType-arrow"},"wdio_ui5_key":"applicationmanageyards-display-component---NewYard--addressEditDetailsCostObjectCstType-arrow"}]}
RESULT: undefined
COMMAND: POST /session/ffff9f21ee28ff8e1d9aa34f42faee99/element - {"using":"xpath","value":"//*[@id=\"application-manageyards-display-component---NewYard--addressEditDetailsCostObjectCstType-arrow\"]"}
RESULT: {}
RESULT: {"using":"xpath","value":"//*[@id=\"application-manageyards-display-component---NewYard--addressEditDetailsCostObjectCstType-arrow\"]"}
COMMAND: POST /session/ffff9f21ee28ff8e1d9aa34f42faee99/element/f.7E00EA53797DB7C0883B340D4376DD1B.d.78C6D72A17C4D4BA51966FEA4C403968.e.732/click - {}
RESULT: {}
COMMAND: POST /session/ffff9f21ee28ff8e1d9aa34f42faee99/element - {"using":"xpath","value":"//span[contains(text(), \"Cost Center\")]"}
COMMAND: GET /session/ffff9f21ee28ff8e1d9aa34f42faee99/screenshot - {}
RESULT: {"using":"xpath","value":"//span[contains(text(), \"Cost Center\")]"}
COMMAND: POST /session/ffff9f21ee28ff8e1d9aa34f42faee99/element/f.7E00EA53797DB7C0883B340D4376DD1B.d.78C6D72A17C4D4BA51966FEA4C403968.e.733/click - {}
RESULT: {}
RESULT: {}
COMMAND: GET /session/ffff9f21ee28ff8e1d9aa34f42faee99/screenshot - {}
RESULT: {}
COMMAND: POST /session/ffff9f21ee28ff8e1d9aa34f42faee99/element - {"using":"xpath","value":"//span[@id=\"application-manageyards-display-component---NewYard--addressNewCostObjectCstID-vhi\"]"}
RESULT: {"using":"xpath","value":"//span[@id=\"application-manageyards-display-component---NewYard--addressNewCostObjectCstID-vhi\"]"}
COMMAND: POST /session/ffff9f21ee28ff8e1d9aa34f42faee99/execute/sync - {"script":"<script> [8489 bytes]","args":[{"element-6066-11e4-a52e-4f735466cecf":"f.7E00EA53797DB7C0883B340D4376DD1B.d.78C6D72A17C4D4BA51966FEA4C403968.e.737","ELEMENT":"f.7E00EA53797DB7C0883B340D4376DD1B.d.78C6D72A17C4D4BA51966FEA4C403968.e.737"}]}
RESULT: {"script":"<script> [8489 bytes]","args":[{"element-6066-11e4-a52e-4f735466cecf":"f.7E00EA53797DB7C0883B340D4376DD1B.d.78C6D72A17C4D4BA51966FEA4C403968.e.737","ELEMENT":"f.7E00EA53797DB7C0883B340D4376DD1B.d.78C6D72A17C4D4BA51966FEA4C403968.e.737"}]}
COMMAND: POST /session/ffff9f21ee28ff8e1d9aa34f42faee99/execute/async - {"script":"<script> [1562 bytes]","args":[{"selector":{"id":"application-manageyards-display-component---NewYard--addressNewCostObjectCstID-vhi"},"wdio_ui5_key":"applicationmanageyards-display-component---NewYard--addressNewCostObjectCstID-vhi"}]}
COMMAND: GET /session/ffff9f21ee28ff8e1d9aa34f42faee99/screenshot - {}
RESULT: {"script":"<script> [1562 bytes]","args":[{"selector":{"id":"application-manageyards-display-component---NewYard--addressNewCostObjectCstID-vhi"},"wdio_ui5_key":"applicationmanageyards-display-component---NewYard--addressNewCostObjectCstID-vhi"}]}
RESULT: undefined
COMMAND: POST /session/ffff9f21ee28ff8e1d9aa34f42faee99/element - {"using":"xpath","value":"//*[@id=\"application-manageyards-display-component---NewYard--addressNewCostObjectCstID-vhi\"]"}
RESULT: {}
RESULT: {"using":"xpath","value":"//*[@id=\"application-manageyards-display-component---NewYard--addressNewCostObjectCstID-vhi\"]"}
COMMAND: POST /session/ffff9f21ee28ff8e1d9aa34f42faee99/element/f.7E00EA53797DB7C0883B340D4376DD1B.d.78C6D72A17C4D4BA51966FEA4C403968.e.737/click - {}
RESULT: {}
COMMAND: GET /session/ffff9f21ee28ff8e1d9aa34f42faee99/screenshot - {}
RESULT: {}
COMMAND: POST /session/ffff9f21ee28ff8e1d9aa34f42faee99/execute/async - {"script":"<script> [1562 bytes]","args":[{"selector":{"controlType":"sap.m.SearchField","properties":{"placeholder":"Search"},"searchOpenDialogs":true,"interaction":{"idSuffix":"I"}},"wdio_ui5_key":"sapm.SearchField{\"placeholder\":\"Search\"}"}]}
RESULT: {"script":"<script> [1562 bytes]","args":[{"selector":{"controlType":"sap.m.SearchField","properties":{"placeholder":"Search"},"searchOpenDialogs":true,"interaction":{"idSuffix":"I"}},"wdio_ui5_key":"sapm.SearchField{\"placeholder\":\"Search\"}"}]}
RESULT: undefined
COMMAND: POST /session/ffff9f21ee28ff8e1d9aa34f42faee99/execute/async - {"script":"<script> [776 bytes]","args":[{"enterText":"10001013","selector":{"controlType":"sap.m.SearchField","properties":{"placeholder":"Search"},"searchOpenDialogs":true,"interaction":{"idSuffix":"I"}},"clearTextFirst":true,"interactionType":"ENTER_TEXT"}]}
RESULT: {"script":"<script> [776 bytes]","args":[{"enterText":"10001013","selector":{"controlType":"sap.m.SearchField","properties":{"placeholder":"Search"},"searchOpenDialogs":true,"interaction":{"idSuffix":"I"}},"clearTextFirst":true,"interactionType":"ENTER_TEXT"}]}
COMMAND: POST /session/ffff9f21ee28ff8e1d9aa34f42faee99/actions - {"actions":[{"id":"action1","type":"key","parameters":{},"actions":[{"type":"keyDown","value":"î€‡"},{"type":"pause","duration":10},{"type":"keyUp","value":"î€‡"}]}]}
RESULT: {"actions":[{"id":"action1","type":"key","parameters":{},"actions":[{"type":"keyDown","value":"î€‡"},{"type":"pause","duration":10},{"type":"keyUp","value":"î€‡"}]}]}
COMMAND: GET /session/ffff9f21ee28ff8e1d9aa34f42faee99/screenshot - {}
RESULT: {}
COMMAND: POST /session/ffff9f21ee28ff8e1d9aa34f42faee99/element - {"using":"xpath","value":"//span[contains(text(), \"General Management\")]"}
RESULT: {"using":"xpath","value":"//span[contains(text(), \"General Management\")]"}
COMMAND: POST /session/ffff9f21ee28ff8e1d9aa34f42faee99/element/f.7E00EA53797DB7C0883B340D4376DD1B.d.78C6D72A17C4D4BA51966FEA4C403968.e.777/click - {}
RESULT: {}
COMMAND: GET /session/ffff9f21ee28ff8e1d9aa34f42faee99/screenshot - {}
RESULT: {}
COMMAND: POST /session/ffff9f21ee28ff8e1d9aa34f42faee99/element - {"using":"xpath","value":"//bdi[contains(text(), \"OK\")]"}
RESULT: {"using":"xpath","value":"//bdi[contains(text(), \"OK\")]"}
COMMAND: POST /session/ffff9f21ee28ff8e1d9aa34f42faee99/element/f.7E00EA53797DB7C0883B340D4376DD1B.d.78C6D72A17C4D4BA51966FEA4C403968.e.778/click - {}
RESULT: {}
COMMAND: GET /session/ffff9f21ee28ff8e1d9aa34f42faee99/screenshot - {}
RESULT: {}
COMMAND: POST /session/ffff9f21ee28ff8e1d9aa34f42faee99/execute/async - {"script":"<script> [1562 bytes]","args":[{"selector":{"id":"application-manageyards-display-component---NewYard--addressEditDetailsCurrency-arrow"},"wdio_ui5_key":"applicationmanageyards-display-component---NewYard--addressEditDetailsCurrency-arrow"}]}
RESULT: {"script":"<script> [1562 bytes]","args":[{"selector":{"id":"application-manageyards-display-component---NewYard--addressEditDetailsCurrency-arrow"},"wdio_ui5_key":"applicationmanageyards-display-component---NewYard--addressEditDetailsCurrency-arrow"}]}
RESULT: undefined
COMMAND: POST /session/ffff9f21ee28ff8e1d9aa34f42faee99/element - {"using":"xpath","value":"//*[@id=\"application-manageyards-display-component---NewYard--addressEditDetailsCurrency-arrow\"]"}
RESULT: {"using":"xpath","value":"//*[@id=\"application-manageyards-display-component---NewYard--addressEditDetailsCurrency-arrow\"]"}
COMMAND: POST /session/ffff9f21ee28ff8e1d9aa34f42faee99/element/f.7E00EA53797DB7C0883B340D4376DD1B.d.78C6D72A17C4D4BA51966FEA4C403968.e.781/click - {}
RESULT: {}
COMMAND: POST /session/ffff9f21ee28ff8e1d9aa34f42faee99/element - {"using":"xpath","value":"//span[contains(text(), \"Euro\")]"}
COMMAND: GET /session/ffff9f21ee28ff8e1d9aa34f42faee99/screenshot - {}
RESULT: {"using":"xpath","value":"//span[contains(text(), \"Euro\")]"}
COMMAND: POST /session/ffff9f21ee28ff8e1d9aa34f42faee99/element/f.7E00EA53797DB7C0883B340D4376DD1B.d.78C6D72A17C4D4BA51966FEA4C403968.e.782/click - {}
RESULT: {}
RESULT: {}
COMMAND: POST /session/ffff9f21ee28ff8e1d9aa34f42faee99/execute/async - {"script":"<script> [1562 bytes]","args":[{"selector":{"controlType":"sap.m.Input","viewName":"etm.portal.ui.manageyards.view.New","viewId":"application-manageyards-display-component---NewYard","bindingPath":{"path":"","propertyPath":"/CONTROLLING_AREA","modelName":"NewYardModel"},"interaction":{"idSuffix":"inner"}},"wdio_ui5_key":"etmportal.ui.manageyards.view.Newsap.m.Input{\"path\":\"\",\"propertyPath\":\"/CONTROLLING_AREA\",\"modelName\":\"NewYardModel\"}"}]}
COMMAND: GET /session/ffff9f21ee28ff8e1d9aa34f42faee99/screenshot - {}
RESULT: {"script":"<script> [1562 bytes]","args":[{"selector":{"controlType":"sap.m.Input","viewName":"etm.portal.ui.manageyards.view.New","viewId":"application-manageyards-display-component---NewYard","bindingPath":{"path":"","propertyPath":"/CONTROLLING_AREA","modelName":"NewYardModel"},"interaction":{"idSuffix":"inner"}},"wdio_ui5_key":"etmportal.ui.manageyards.view.Newsap.m.Input{\"path\":\"\",\"propertyPath\":\"/CONTROLLING_AREA\",\"modelName\":\"NewYardModel\"}"}]}
RESULT: undefined
COMMAND: POST /session/ffff9f21ee28ff8e1d9aa34f42faee99/execute/async - {"script":"<script> [776 bytes]","args":[{"enterText":"Z001","selector":{"controlType":"sap.m.Input","viewName":"etm.portal.ui.manageyards.view.New","viewId":"application-manageyards-display-component---NewYard","bindingPath":{"path":"","propertyPath":"/CONTROLLING_AREA","modelName":"NewYardModel"},"interaction":{"idSuffix":"inner"}},"clearTextFirst":true,"interactionType":"ENTER_TEXT"}]}
RESULT: {}
RESULT: {"script":"<script> [776 bytes]","args":[{"enterText":"Z001","selector":{"controlType":"sap.m.Input","viewName":"etm.portal.ui.manageyards.view.New","viewId":"application-manageyards-display-component---NewYard","bindingPath":{"path":"","propertyPath":"/CONTROLLING_AREA","modelName":"NewYardModel"},"interaction":{"idSuffix":"inner"}},"clearTextFirst":true,"interactionType":"ENTER_TEXT"}]}
COMMAND: POST /session/ffff9f21ee28ff8e1d9aa34f42faee99/execute/async - {"script":"<script> [1562 bytes]","args":[{"selector":{"id":"application-manageyards-display-component---NewYard--companyCodeComboBox","interaction":{"idSuffix":"inner"}},"wdio_ui5_key":"applicationmanageyards-display-component---NewYard--companyCodeComboBox"}]}
RESULT: {"script":"<script> [1562 bytes]","args":[{"selector":{"id":"application-manageyards-display-component---NewYard--companyCodeComboBox","interaction":{"idSuffix":"inner"}},"wdio_ui5_key":"applicationmanageyards-display-component---NewYard--companyCodeComboBox"}]}
RESULT: undefined
COMMAND: POST /session/ffff9f21ee28ff8e1d9aa34f42faee99/execute/async - {"script":"<script> [776 bytes]","args":[{"enterText":"1000","selector":{"id":"application-manageyards-display-component---NewYard--companyCodeComboBox","interaction":{"idSuffix":"inner"}},"clearTextFirst":true,"interactionType":"ENTER_TEXT"}]}
RESULT: {"script":"<script> [776 bytes]","args":[{"enterText":"1000","selector":{"id":"application-manageyards-display-component---NewYard--companyCodeComboBox","interaction":{"idSuffix":"inner"}},"clearTextFirst":true,"interactionType":"ENTER_TEXT"}]}
COMMAND: POST /session/ffff9f21ee28ff8e1d9aa34f42faee99/execute/async - {"script":"<script> [1562 bytes]","args":[{"selector":{"controlType":"sap.m.Input","viewName":"etm.portal.ui.manageyards.view.New","viewId":"application-manageyards-display-component---NewYard","bindingPath":{"path":"","propertyPath":"/PLANT","modelName":"NewYardModel"},"interaction":{"idSuffix":"inner"}},"wdio_ui5_key":"etmportal.ui.manageyards.view.Newsap.m.Input{\"path\":\"\",\"propertyPath\":\"/PLANT\",\"modelName\":\"NewYardModel\"}"}]}
RESULT: {"script":"<script> [1562 bytes]","args":[{"selector":{"controlType":"sap.m.Input","viewName":"etm.portal.ui.manageyards.view.New","viewId":"application-manageyards-display-component---NewYard","bindingPath":{"path":"","propertyPath":"/PLANT","modelName":"NewYardModel"},"interaction":{"idSuffix":"inner"}},"wdio_ui5_key":"etmportal.ui.manageyards.view.Newsap.m.Input{\"path\":\"\",\"propertyPath\":\"/PLANT\",\"modelName\":\"NewYardModel\"}"}]}
RESULT: undefined
COMMAND: POST /session/ffff9f21ee28ff8e1d9aa34f42faee99/execute/async - {"script":"<script> [776 bytes]","args":[{"enterText":"1001","selector":{"controlType":"sap.m.Input","viewName":"etm.portal.ui.manageyards.view.New","viewId":"application-manageyards-display-component---NewYard","bindingPath":{"path":"","propertyPath":"/PLANT","modelName":"NewYardModel"},"interaction":{"idSuffix":"inner"}},"clearTextFirst":true,"interactionType":"ENTER_TEXT"}]}
RESULT: {"script":"<script> [776 bytes]","args":[{"enterText":"1001","selector":{"controlType":"sap.m.Input","viewName":"etm.portal.ui.manageyards.view.New","viewId":"application-manageyards-display-component---NewYard","bindingPath":{"path":"","propertyPath":"/PLANT","modelName":"NewYardModel"},"interaction":{"idSuffix":"inner"}},"clearTextFirst":true,"interactionType":"ENTER_TEXT"}]}
COMMAND: POST /session/ffff9f21ee28ff8e1d9aa34f42faee99/execute/async - {"script":"<script> [1562 bytes]","args":[{"selector":{"controlType":"sap.m.Input","viewName":"etm.portal.ui.manageyards.view.New","viewId":"application-manageyards-display-component---NewYard","bindingPath":{"path":"","propertyPath":"/SALES_AREA_VKORG","modelName":"NewYardModel"},"interaction":{"idSuffix":"inner"}},"wdio_ui5_key":"etmportal.ui.manageyards.view.Newsap.m.Input{\"path\":\"\",\"propertyPath\":\"/SALES_AREA_VKORG\",\"modelName\":\"NewYardModel\"}"}]}
RESULT: {"script":"<script> [1562 bytes]","args":[{"selector":{"controlType":"sap.m.Input","viewName":"etm.portal.ui.manageyards.view.New","viewId":"application-manageyards-display-component---NewYard","bindingPath":{"path":"","propertyPath":"/SALES_AREA_VKORG","modelName":"NewYardModel"},"interaction":{"idSuffix":"inner"}},"wdio_ui5_key":"etmportal.ui.manageyards.view.Newsap.m.Input{\"path\":\"\",\"propertyPath\":\"/SALES_AREA_VKORG\",\"modelName\":\"NewYardModel\"}"}]}
RESULT: undefined
COMMAND: POST /session/ffff9f21ee28ff8e1d9aa34f42faee99/execute/async - {"script":"<script> [776 bytes]","args":[{"enterText":"C002","selector":{"controlType":"sap.m.Input","viewName":"etm.portal.ui.manageyards.view.New","viewId":"application-manageyards-display-component---NewYard","bindingPath":{"path":"","propertyPath":"/SALES_AREA_VKORG","modelName":"NewYardModel"},"interaction":{"idSuffix":"inner"}},"clearTextFirst":true,"interactionType":"ENTER_TEXT"}]}
RESULT: {"script":"<script> [776 bytes]","args":[{"enterText":"C002","selector":{"controlType":"sap.m.Input","viewName":"etm.portal.ui.manageyards.view.New","viewId":"application-manageyards-display-component---NewYard","bindingPath":{"path":"","propertyPath":"/SALES_AREA_VKORG","modelName":"NewYardModel"},"interaction":{"idSuffix":"inner"}},"clearTextFirst":true,"interactionType":"ENTER_TEXT"}]}
COMMAND: POST /session/ffff9f21ee28ff8e1d9aa34f42faee99/execute/async - {"script":"<script> [1562 bytes]","args":[{"selector":{"controlType":"sap.m.Input","viewName":"etm.portal.ui.manageyards.view.New","viewId":"application-manageyards-display-component---NewYard","bindingPath":{"path":"","propertyPath":"/SALES_AREA_VTWEG","modelName":"NewYardModel"},"interaction":{"idSuffix":"inner"}},"wdio_ui5_key":"etmportal.ui.manageyards.view.Newsap.m.Input{\"path\":\"\",\"propertyPath\":\"/SALES_AREA_VTWEG\",\"modelName\":\"NewYardModel\"}"}]}
RESULT: {"script":"<script> [1562 bytes]","args":[{"selector":{"controlType":"sap.m.Input","viewName":"etm.portal.ui.manageyards.view.New","viewId":"application-manageyards-display-component---NewYard","bindingPath":{"path":"","propertyPath":"/SALES_AREA_VTWEG","modelName":"NewYardModel"},"interaction":{"idSuffix":"inner"}},"wdio_ui5_key":"etmportal.ui.manageyards.view.Newsap.m.Input{\"path\":\"\",\"propertyPath\":\"/SALES_AREA_VTWEG\",\"modelName\":\"NewYardModel\"}"}]}
RESULT: undefined
COMMAND: POST /session/ffff9f21ee28ff8e1d9aa34f42faee99/execute/async - {"script":"<script> [776 bytes]","args":[{"enterText":"C2","selector":{"controlType":"sap.m.Input","viewName":"etm.portal.ui.manageyards.view.New","viewId":"application-manageyards-display-component---NewYard","bindingPath":{"path":"","propertyPath":"/SALES_AREA_VTWEG","modelName":"NewYardModel"},"interaction":{"idSuffix":"inner"}},"clearTextFirst":true,"interactionType":"ENTER_TEXT"}]}
RESULT: {"script":"<script> [776 bytes]","args":[{"enterText":"C2","selector":{"controlType":"sap.m.Input","viewName":"etm.portal.ui.manageyards.view.New","viewId":"application-manageyards-display-component---NewYard","bindingPath":{"path":"","propertyPath":"/SALES_AREA_VTWEG","modelName":"NewYardModel"},"interaction":{"idSuffix":"inner"}},"clearTextFirst":true,"interactionType":"ENTER_TEXT"}]}
COMMAND: POST /session/ffff9f21ee28ff8e1d9aa34f42faee99/execute/async - {"script":"<script> [1562 bytes]","args":[{"selector":{"controlType":"sap.m.Input","viewName":"etm.portal.ui.manageyards.view.New","viewId":"application-manageyards-display-component---NewYard","bindingPath":{"path":"","propertyPath":"/SALES_AREA_SPART","modelName":"NewYardModel"},"interaction":{"idSuffix":"inner"}},"wdio_ui5_key":"etmportal.ui.manageyards.view.Newsap.m.Input{\"path\":\"\",\"propertyPath\":\"/SALES_AREA_SPART\",\"modelName\":\"NewYardModel\"}"}]}
RESULT: {"script":"<script> [1562 bytes]","args":[{"selector":{"controlType":"sap.m.Input","viewName":"etm.portal.ui.manageyards.view.New","viewId":"application-manageyards-display-component---NewYard","bindingPath":{"path":"","propertyPath":"/SALES_AREA_SPART","modelName":"NewYardModel"},"interaction":{"idSuffix":"inner"}},"wdio_ui5_key":"etmportal.ui.manageyards.view.Newsap.m.Input{\"path\":\"\",\"propertyPath\":\"/SALES_AREA_SPART\",\"modelName\":\"NewYardModel\"}"}]}
RESULT: undefined
COMMAND: POST /session/ffff9f21ee28ff8e1d9aa34f42faee99/execute/async - {"script":"<script> [776 bytes]","args":[{"enterText":"C2","selector":{"controlType":"sap.m.Input","viewName":"etm.portal.ui.manageyards.view.New","viewId":"application-manageyards-display-component---NewYard","bindingPath":{"path":"","propertyPath":"/SALES_AREA_SPART","modelName":"NewYardModel"},"interaction":{"idSuffix":"inner"}},"clearTextFirst":true,"interactionType":"ENTER_TEXT"}]}
RESULT: {"script":"<script> [776 bytes]","args":[{"enterText":"C2","selector":{"controlType":"sap.m.Input","viewName":"etm.portal.ui.manageyards.view.New","viewId":"application-manageyards-display-component---NewYard","bindingPath":{"path":"","propertyPath":"/SALES_AREA_SPART","modelName":"NewYardModel"},"interaction":{"idSuffix":"inner"}},"clearTextFirst":true,"interactionType":"ENTER_TEXT"}]}
COMMAND: POST /session/ffff9f21ee28ff8e1d9aa34f42faee99/execute/async - {"script":"<script> [1562 bytes]","args":[{"selector":{"controlType":"sap.m.Input","viewName":"etm.portal.ui.manageyards.view.New","viewId":"application-manageyards-display-component---NewYard","bindingPath":{"path":"","propertyPath":"/SHIP_POINT","modelName":"NewYardModel"},"interaction":{"idSuffix":"inner"}},"wdio_ui5_key":"etmportal.ui.manageyards.view.Newsap.m.Input{\"path\":\"\",\"propertyPath\":\"/SHIP_POINT\",\"modelName\":\"NewYardModel\"}"}]}
RESULT: {"script":"<script> [1562 bytes]","args":[{"selector":{"controlType":"sap.m.Input","viewName":"etm.portal.ui.manageyards.view.New","viewId":"application-manageyards-display-component---NewYard","bindingPath":{"path":"","propertyPath":"/SHIP_POINT","modelName":"NewYardModel"},"interaction":{"idSuffix":"inner"}},"wdio_ui5_key":"etmportal.ui.manageyards.view.Newsap.m.Input{\"path\":\"\",\"propertyPath\":\"/SHIP_POINT\",\"modelName\":\"NewYardModel\"}"}]}
RESULT: undefined
COMMAND: POST /session/ffff9f21ee28ff8e1d9aa34f42faee99/execute/async - {"script":"<script> [776 bytes]","args":[{"enterText":"1710","selector":{"controlType":"sap.m.Input","viewName":"etm.portal.ui.manageyards.view.New","viewId":"application-manageyards-display-component---NewYard","bindingPath":{"path":"","propertyPath":"/SHIP_POINT","modelName":"NewYardModel"},"interaction":{"idSuffix":"inner"}},"clearTextFirst":true,"interactionType":"ENTER_TEXT"}]}
RESULT: {"script":"<script> [776 bytes]","args":[{"enterText":"1710","selector":{"controlType":"sap.m.Input","viewName":"etm.portal.ui.manageyards.view.New","viewId":"application-manageyards-display-component---NewYard","bindingPath":{"path":"","propertyPath":"/SHIP_POINT","modelName":"NewYardModel"},"interaction":{"idSuffix":"inner"}},"clearTextFirst":true,"interactionType":"ENTER_TEXT"}]}
COMMAND: POST /session/ffff9f21ee28ff8e1d9aa34f42faee99/execute/async - {"script":"<script> [1562 bytes]","args":[{"selector":{"controlType":"sap.m.Input","viewName":"etm.portal.ui.manageyards.view.New","viewId":"application-manageyards-display-component---NewYard","bindingPath":{"path":"","propertyPath":"/DELIVERY_TYPE","modelName":"NewYardModel"},"interaction":{"idSuffix":"inner"}},"wdio_ui5_key":"etmportal.ui.manageyards.view.Newsap.m.Input{\"path\":\"\",\"propertyPath\":\"/DELIVERY_TYPE\",\"modelName\":\"NewYardModel\"}"}]}
RESULT: {"script":"<script> [1562 bytes]","args":[{"selector":{"controlType":"sap.m.Input","viewName":"etm.portal.ui.manageyards.view.New","viewId":"application-manageyards-display-component---NewYard","bindingPath":{"path":"","propertyPath":"/DELIVERY_TYPE","modelName":"NewYardModel"},"interaction":{"idSuffix":"inner"}},"wdio_ui5_key":"etmportal.ui.manageyards.view.Newsap.m.Input{\"path\":\"\",\"propertyPath\":\"/DELIVERY_TYPE\",\"modelName\":\"NewYardModel\"}"}]}
RESULT: undefined
COMMAND: POST /session/ffff9f21ee28ff8e1d9aa34f42faee99/execute/async - {"script":"<script> [776 bytes]","args":[{"enterText":"ZL01","selector":{"controlType":"sap.m.Input","viewName":"etm.portal.ui.manageyards.view.New","viewId":"application-manageyards-display-component---NewYard","bindingPath":{"path":"","propertyPath":"/DELIVERY_TYPE","modelName":"NewYardModel"},"interaction":{"idSuffix":"inner"}},"clearTextFirst":true,"interactionType":"ENTER_TEXT"}]}
RESULT: {"script":"<script> [776 bytes]","args":[{"enterText":"ZL01","selector":{"controlType":"sap.m.Input","viewName":"etm.portal.ui.manageyards.view.New","viewId":"application-manageyards-display-component---NewYard","bindingPath":{"path":"","propertyPath":"/DELIVERY_TYPE","modelName":"NewYardModel"},"interaction":{"idSuffix":"inner"}},"clearTextFirst":true,"interactionType":"ENTER_TEXT"}]}
COMMAND: POST /session/ffff9f21ee28ff8e1d9aa34f42faee99/execute/async - {"script":"<script> [1562 bytes]","args":[{"selector":{"controlType":"sap.m.Input","viewName":"etm.portal.ui.manageyards.view.New","viewId":"application-manageyards-display-component---NewYard","bindingPath":{"path":"","propertyPath":"/AUART","modelName":"NewYardModel"},"interaction":{"idSuffix":"inner"}},"wdio_ui5_key":"etmportal.ui.manageyards.view.Newsap.m.Input{\"path\":\"\",\"propertyPath\":\"/AUART\",\"modelName\":\"NewYardModel\"}"}]}
RESULT: {"script":"<script> [1562 bytes]","args":[{"selector":{"controlType":"sap.m.Input","viewName":"etm.portal.ui.manageyards.view.New","viewId":"application-manageyards-display-component---NewYard","bindingPath":{"path":"","propertyPath":"/AUART","modelName":"NewYardModel"},"interaction":{"idSuffix":"inner"}},"wdio_ui5_key":"etmportal.ui.manageyards.view.Newsap.m.Input{\"path\":\"\",\"propertyPath\":\"/AUART\",\"modelName\":\"NewYardModel\"}"}]}
RESULT: undefined
COMMAND: POST /session/ffff9f21ee28ff8e1d9aa34f42faee99/execute/async - {"script":"<script> [776 bytes]","args":[{"enterText":"TA","selector":{"controlType":"sap.m.Input","viewName":"etm.portal.ui.manageyards.view.New","viewId":"application-manageyards-display-component---NewYard","bindingPath":{"path":"","propertyPath":"/AUART","modelName":"NewYardModel"},"interaction":{"idSuffix":"inner"}},"clearTextFirst":true,"interactionType":"ENTER_TEXT"}]}
RESULT: {"script":"<script> [776 bytes]","args":[{"enterText":"TA","selector":{"controlType":"sap.m.Input","viewName":"etm.portal.ui.manageyards.view.New","viewId":"application-manageyards-display-component---NewYard","bindingPath":{"path":"","propertyPath":"/AUART","modelName":"NewYardModel"},"interaction":{"idSuffix":"inner"}},"clearTextFirst":true,"interactionType":"ENTER_TEXT"}]}
COMMAND: POST /session/ffff9f21ee28ff8e1d9aa34f42faee99/element - {"using":"xpath","value":"//button[@data-kt=\"newYardSaveButton\"]"}
RESULT: {"using":"xpath","value":"//button[@data-kt=\"newYardSaveButton\"]"}
COMMAND: POST /session/ffff9f21ee28ff8e1d9aa34f42faee99/element/f.7E00EA53797DB7C0883B340D4376DD1B.d.78C6D72A17C4D4BA51966FEA4C403968.e.711/click - {}
RESULT: {}
COMMAND: GET /session/ffff9f21ee28ff8e1d9aa34f42faee99/screenshot - {}
RESULT: {}
COMMAND: POST /session/ffff9f21ee28ff8e1d9aa34f42faee99/element - {"using":"xpath","value":"//header[contains(@id, 'ObjectPageLayout-headerTitle')]/div[1]/div[2]/div[1]/span[1]"}
RESULT: {"using":"xpath","value":"//header[contains(@id, 'ObjectPageLayout-headerTitle')]/div[1]/div[2]/div[1]/span[1]"}
COMMAND: POST /session/ffff9f21ee28ff8e1d9aa34f42faee99/elements - {"using":"xpath","value":"//header[contains(@id, 'ObjectPageLayout-headerTitle')]/div[1]/div[2]/div[1]/span[1]"}
RESULT: {"using":"xpath","value":"//header[contains(@id, 'ObjectPageLayout-headerTitle')]/div[1]/div[2]/div[1]/span[1]"}
COMMAND: POST /session/ffff9f21ee28ff8e1d9aa34f42faee99/execute/sync - {"script":"<script> [56 bytes]","args":[{"element-6066-11e4-a52e-4f735466cecf":"f.7E00EA53797DB7C0883B340D4376DD1B.d.78C6D72A17C4D4BA51966FEA4C403968.e.1005","ELEMENT":"f.7E00EA53797DB7C0883B340D4376DD1B.d.78C6D72A17C4D4BA51966FEA4C403968.e.1005"}]}
RESULT: {"script":"<script> [56 bytes]","args":[{"element-6066-11e4-a52e-4f735466cecf":"f.7E00EA53797DB7C0883B340D4376DD1B.d.78C6D72A17C4D4BA51966FEA4C403968.e.1005","ELEMENT":"f.7E00EA53797DB7C0883B340D4376DD1B.d.78C6D72A17C4D4BA51966FEA4C403968.e.1005"}]}
COMMAND: GET /session/ffff9f21ee28ff8e1d9aa34f42faee99/screenshot - {}
RESULT: {}
COMMAND: POST /session/ffff9f21ee28ff8e1d9aa34f42faee99/element - {"using":"css selector","value":"#shell-header-logo"}
RESULT: {"using":"css selector","value":"#shell-header-logo"}
COMMAND: POST /session/ffff9f21ee28ff8e1d9aa34f42faee99/element/f.7E00EA53797DB7C0883B340D4376DD1B.d.78C6D72A17C4D4BA51966FEA4C403968.e.260/click - {}
RESULT: {}
COMMAND: GET /session/ffff9f21ee28ff8e1d9aa34f42faee99/screenshot - {}
RESULT: {}
COMMAND: POST /session/ffff9f21ee28ff8e1d9aa34f42faee99/execute/sync - {"script":"<script> [299 bytes]","args":[["getModel","getResource"]]}
RESULT: {"script":"<script> [299 bytes]","args":[["getModel","getResource"]]}
COMMAND: GET /session/ffff9f21ee28ff8e1d9aa34f42faee99/screenshot - {}
]]></system-out>
    </testcase>
    <testcase classname="chrome.135_0_7049_96.windows.Partner_specific_tests_US150819_US151080_US151654_US151176_US103444_US151078_US151079_US151109_US151174_US151175_US151189" name="Should create new external partner US150819" time="115.904">
      <system-out><![CDATA[
COMMAND: POST /session/ffff9f21ee28ff8e1d9aa34f42faee99/element - {"using":"xpath","value":"//li[.//span[text()=\"Manage Partners\"]]"}
RESULT: {}
RESULT: {"using":"xpath","value":"//li[.//span[text()=\"Manage Partners\"]]"}
COMMAND: POST /session/ffff9f21ee28ff8e1d9aa34f42faee99/element - {"using":"xpath","value":"//li[.//span[text()=\"Manage Partners\"]]"}
RESULT: {"using":"xpath","value":"//li[.//span[text()=\"Manage Partners\"]]"}
COMMAND: POST /session/ffff9f21ee28ff8e1d9aa34f42faee99/element - {"using":"css selector","value":"#shell-header-logo"}
RESULT: {"using":"css selector","value":"#shell-header-logo"}
COMMAND: POST /session/ffff9f21ee28ff8e1d9aa34f42faee99/element/f.7E00EA53797DB7C0883B340D4376DD1B.d.78C6D72A17C4D4BA51966FEA4C403968.e.1008/click - {}
COMMAND: POST /session/ffff9f21ee28ff8e1d9aa34f42faee99/execute/sync - {"script":"<script> [8489 bytes]","args":[{"element-6066-11e4-a52e-4f735466cecf":"f.7E00EA53797DB7C0883B340D4376DD1B.d.78C6D72A17C4D4BA51966FEA4C403968.e.1008","ELEMENT":"f.7E00EA53797DB7C0883B340D4376DD1B.d.78C6D72A17C4D4BA51966FEA4C403968.e.1008"}]}
RESULT: {}
COMMAND: GET /session/ffff9f21ee28ff8e1d9aa34f42faee99/screenshot - {}
RESULT: {"script":"<script> [8489 bytes]","args":[{"element-6066-11e4-a52e-4f735466cecf":"f.7E00EA53797DB7C0883B340D4376DD1B.d.78C6D72A17C4D4BA51966FEA4C403968.e.1008","ELEMENT":"f.7E00EA53797DB7C0883B340D4376DD1B.d.78C6D72A17C4D4BA51966FEA4C403968.e.1008"}]}
COMMAND: POST /session/ffff9f21ee28ff8e1d9aa34f42faee99/execute/sync - {"script":"<script> [5351 bytes]","args":[{"element-6066-11e4-a52e-4f735466cecf":"f.7E00EA53797DB7C0883B340D4376DD1B.d.78C6D72A17C4D4BA51966FEA4C403968.e.1008","ELEMENT":"f.7E00EA53797DB7C0883B340D4376DD1B.d.78C6D72A17C4D4BA51966FEA4C403968.e.1008"}]}
COMMAND: GET /session/ffff9f21ee28ff8e1d9aa34f42faee99/screenshot - {}
RESULT: {}
RESULT: {"script":"<script> [5351 bytes]","args":[{"element-6066-11e4-a52e-4f735466cecf":"f.7E00EA53797DB7C0883B340D4376DD1B.d.78C6D72A17C4D4BA51966FEA4C403968.e.1008","ELEMENT":"f.7E00EA53797DB7C0883B340D4376DD1B.d.78C6D72A17C4D4BA51966FEA4C403968.e.1008"}]}
COMMAND: GET /session/ffff9f21ee28ff8e1d9aa34f42faee99/screenshot - {}
RESULT: {}
RESULT: {}
COMMAND: POST /session/ffff9f21ee28ff8e1d9aa34f42faee99/window/fullscreen - {}
RESULT: {}
COMMAND: POST /session/ffff9f21ee28ff8e1d9aa34f42faee99/execute/async - {"script":"<script> [1562 bytes]","args":[{"selector":{"controlType":"sap.m.GenericTile","properties":{"header":"Manage Partners"}},"wdio_ui5_key":"sapm.GenericTile{\"header\":\"Manage Partners\"}"}]}
RESULT: {"script":"<script> [1562 bytes]","args":[{"selector":{"controlType":"sap.m.GenericTile","properties":{"header":"Manage Partners"}},"wdio_ui5_key":"sapm.GenericTile{\"header\":\"Manage Partners\"}"}]}
RESULT: undefined
COMMAND: POST /session/ffff9f21ee28ff8e1d9aa34f42faee99/element - {"using":"xpath","value":"//*[@id=\"__tile38\"]"}
RESULT: {"using":"xpath","value":"//*[@id=\"__tile38\"]"}
COMMAND: POST /session/ffff9f21ee28ff8e1d9aa34f42faee99/element/f.7E00EA53797DB7C0883B340D4376DD1B.d.78C6D72A17C4D4BA51966FEA4C403968.e.149/click - {}
RESULT: {}
COMMAND: POST /session/ffff9f21ee28ff8e1d9aa34f42faee99/element - {"using":"xpath","value":"//button[@data-kt=\"addButton\"]"}
COMMAND: GET /session/ffff9f21ee28ff8e1d9aa34f42faee99/screenshot - {}
RESULT: {"using":"xpath","value":"//button[@data-kt=\"addButton\"]"}
COMMAND: POST /session/ffff9f21ee28ff8e1d9aa34f42faee99/elements - {"using":"xpath","value":"//button[@data-kt=\"addButton\"]"}
RESULT: {}
RESULT: {"using":"xpath","value":"//button[@data-kt=\"addButton\"]"}
COMMAND: POST /session/ffff9f21ee28ff8e1d9aa34f42faee99/elements - {"using":"xpath","value":"//button[@data-kt=\"addButton\"]"}
RESULT: {"using":"xpath","value":"//button[@data-kt=\"addButton\"]"}
COMMAND: POST /session/ffff9f21ee28ff8e1d9aa34f42faee99/elements - {"using":"xpath","value":"//button[@data-kt=\"addButton\"]"}
RESULT: {"using":"xpath","value":"//button[@data-kt=\"addButton\"]"}
COMMAND: POST /session/ffff9f21ee28ff8e1d9aa34f42faee99/elements - {"using":"xpath","value":"//button[@data-kt=\"addButton\"]"}
RESULT: {"using":"xpath","value":"//button[@data-kt=\"addButton\"]"}
COMMAND: POST /session/ffff9f21ee28ff8e1d9aa34f42faee99/elements - {"using":"xpath","value":"//button[@data-kt=\"addButton\"]"}
RESULT: {"using":"xpath","value":"//button[@data-kt=\"addButton\"]"}
COMMAND: POST /session/ffff9f21ee28ff8e1d9aa34f42faee99/elements - {"using":"xpath","value":"//button[@data-kt=\"addButton\"]"}
RESULT: {"using":"xpath","value":"//button[@data-kt=\"addButton\"]"}
COMMAND: POST /session/ffff9f21ee28ff8e1d9aa34f42faee99/elements - {"using":"xpath","value":"//button[@data-kt=\"addButton\"]"}
RESULT: {"using":"xpath","value":"//button[@data-kt=\"addButton\"]"}
COMMAND: POST /session/ffff9f21ee28ff8e1d9aa34f42faee99/elements - {"using":"xpath","value":"//button[@data-kt=\"addButton\"]"}
RESULT: {"using":"xpath","value":"//button[@data-kt=\"addButton\"]"}
COMMAND: POST /session/ffff9f21ee28ff8e1d9aa34f42faee99/elements - {"using":"xpath","value":"//button[@data-kt=\"addButton\"]"}
RESULT: {"using":"xpath","value":"//button[@data-kt=\"addButton\"]"}
COMMAND: POST /session/ffff9f21ee28ff8e1d9aa34f42faee99/elements - {"using":"xpath","value":"//button[@data-kt=\"addButton\"]"}
RESULT: {"using":"xpath","value":"//button[@data-kt=\"addButton\"]"}
COMMAND: POST /session/ffff9f21ee28ff8e1d9aa34f42faee99/elements - {"using":"xpath","value":"//button[@data-kt=\"addButton\"]"}
RESULT: {"using":"xpath","value":"//button[@data-kt=\"addButton\"]"}
COMMAND: POST /session/ffff9f21ee28ff8e1d9aa34f42faee99/elements - {"using":"xpath","value":"//button[@data-kt=\"addButton\"]"}
RESULT: {"using":"xpath","value":"//button[@data-kt=\"addButton\"]"}
COMMAND: POST /session/ffff9f21ee28ff8e1d9aa34f42faee99/elements - {"using":"xpath","value":"//button[@data-kt=\"addButton\"]"}
RESULT: {"using":"xpath","value":"//button[@data-kt=\"addButton\"]"}
COMMAND: POST /session/ffff9f21ee28ff8e1d9aa34f42faee99/elements - {"using":"xpath","value":"//button[@data-kt=\"addButton\"]"}
RESULT: {"using":"xpath","value":"//button[@data-kt=\"addButton\"]"}
COMMAND: POST /session/ffff9f21ee28ff8e1d9aa34f42faee99/elements - {"using":"xpath","value":"//button[@data-kt=\"addButton\"]"}
RESULT: {"using":"xpath","value":"//button[@data-kt=\"addButton\"]"}
COMMAND: POST /session/ffff9f21ee28ff8e1d9aa34f42faee99/elements - {"using":"xpath","value":"//button[@data-kt=\"addButton\"]"}
RESULT: {"using":"xpath","value":"//button[@data-kt=\"addButton\"]"}
COMMAND: POST /session/ffff9f21ee28ff8e1d9aa34f42faee99/elements - {"using":"xpath","value":"//button[@data-kt=\"addButton\"]"}
RESULT: {"using":"xpath","value":"//button[@data-kt=\"addButton\"]"}
COMMAND: POST /session/ffff9f21ee28ff8e1d9aa34f42faee99/elements - {"using":"xpath","value":"//button[@data-kt=\"addButton\"]"}
RESULT: {"using":"xpath","value":"//button[@data-kt=\"addButton\"]"}
COMMAND: POST /session/ffff9f21ee28ff8e1d9aa34f42faee99/elements - {"using":"xpath","value":"//button[@data-kt=\"addButton\"]"}
RESULT: {"using":"xpath","value":"//button[@data-kt=\"addButton\"]"}
COMMAND: POST /session/ffff9f21ee28ff8e1d9aa34f42faee99/elements - {"using":"xpath","value":"//button[@data-kt=\"addButton\"]"}
RESULT: {"using":"xpath","value":"//button[@data-kt=\"addButton\"]"}
COMMAND: POST /session/ffff9f21ee28ff8e1d9aa34f42faee99/elements - {"using":"xpath","value":"//button[@data-kt=\"addButton\"]"}
RESULT: {"using":"xpath","value":"//button[@data-kt=\"addButton\"]"}
COMMAND: POST /session/ffff9f21ee28ff8e1d9aa34f42faee99/elements - {"using":"xpath","value":"//button[@data-kt=\"addButton\"]"}
RESULT: {"using":"xpath","value":"//button[@data-kt=\"addButton\"]"}
COMMAND: POST /session/ffff9f21ee28ff8e1d9aa34f42faee99/elements - {"using":"xpath","value":"//button[@data-kt=\"addButton\"]"}
RESULT: {"using":"xpath","value":"//button[@data-kt=\"addButton\"]"}
COMMAND: POST /session/ffff9f21ee28ff8e1d9aa34f42faee99/elements - {"using":"xpath","value":"//button[@data-kt=\"addButton\"]"}
RESULT: {"using":"xpath","value":"//button[@data-kt=\"addButton\"]"}
COMMAND: POST /session/ffff9f21ee28ff8e1d9aa34f42faee99/elements - {"using":"xpath","value":"//button[@data-kt=\"addButton\"]"}
RESULT: {"using":"xpath","value":"//button[@data-kt=\"addButton\"]"}
COMMAND: POST /session/ffff9f21ee28ff8e1d9aa34f42faee99/elements - {"using":"xpath","value":"//button[@data-kt=\"addButton\"]"}
RESULT: {"using":"xpath","value":"//button[@data-kt=\"addButton\"]"}
COMMAND: POST /session/ffff9f21ee28ff8e1d9aa34f42faee99/elements - {"using":"xpath","value":"//button[@data-kt=\"addButton\"]"}
RESULT: {"using":"xpath","value":"//button[@data-kt=\"addButton\"]"}
COMMAND: POST /session/ffff9f21ee28ff8e1d9aa34f42faee99/elements - {"using":"xpath","value":"//button[@data-kt=\"addButton\"]"}
RESULT: {"using":"xpath","value":"//button[@data-kt=\"addButton\"]"}
COMMAND: POST /session/ffff9f21ee28ff8e1d9aa34f42faee99/elements - {"using":"xpath","value":"//button[@data-kt=\"addButton\"]"}
RESULT: {"using":"xpath","value":"//button[@data-kt=\"addButton\"]"}
COMMAND: POST /session/ffff9f21ee28ff8e1d9aa34f42faee99/elements - {"using":"xpath","value":"//button[@data-kt=\"addButton\"]"}
RESULT: {"using":"xpath","value":"//button[@data-kt=\"addButton\"]"}
COMMAND: POST /session/ffff9f21ee28ff8e1d9aa34f42faee99/elements - {"using":"xpath","value":"//button[@data-kt=\"addButton\"]"}
RESULT: {"using":"xpath","value":"//button[@data-kt=\"addButton\"]"}
COMMAND: POST /session/ffff9f21ee28ff8e1d9aa34f42faee99/elements - {"using":"xpath","value":"//button[@data-kt=\"addButton\"]"}
RESULT: {"using":"xpath","value":"//button[@data-kt=\"addButton\"]"}
COMMAND: POST /session/ffff9f21ee28ff8e1d9aa34f42faee99/elements - {"using":"xpath","value":"//button[@data-kt=\"addButton\"]"}
RESULT: {"using":"xpath","value":"//button[@data-kt=\"addButton\"]"}
COMMAND: POST /session/ffff9f21ee28ff8e1d9aa34f42faee99/elements - {"using":"xpath","value":"//button[@data-kt=\"addButton\"]"}
RESULT: {"using":"xpath","value":"//button[@data-kt=\"addButton\"]"}
COMMAND: POST /session/ffff9f21ee28ff8e1d9aa34f42faee99/elements - {"using":"xpath","value":"//button[@data-kt=\"addButton\"]"}
RESULT: {"using":"xpath","value":"//button[@data-kt=\"addButton\"]"}
COMMAND: POST /session/ffff9f21ee28ff8e1d9aa34f42faee99/elements - {"using":"xpath","value":"//button[@data-kt=\"addButton\"]"}
RESULT: {"using":"xpath","value":"//button[@data-kt=\"addButton\"]"}
COMMAND: POST /session/ffff9f21ee28ff8e1d9aa34f42faee99/elements - {"using":"xpath","value":"//button[@data-kt=\"addButton\"]"}
RESULT: {"using":"xpath","value":"//button[@data-kt=\"addButton\"]"}
COMMAND: POST /session/ffff9f21ee28ff8e1d9aa34f42faee99/elements - {"using":"xpath","value":"//button[@data-kt=\"addButton\"]"}
RESULT: {"using":"xpath","value":"//button[@data-kt=\"addButton\"]"}
COMMAND: POST /session/ffff9f21ee28ff8e1d9aa34f42faee99/elements - {"using":"xpath","value":"//button[@data-kt=\"addButton\"]"}
RESULT: {"using":"xpath","value":"//button[@data-kt=\"addButton\"]"}
COMMAND: POST /session/ffff9f21ee28ff8e1d9aa34f42faee99/elements - {"using":"xpath","value":"//button[@data-kt=\"addButton\"]"}
RESULT: {"using":"xpath","value":"//button[@data-kt=\"addButton\"]"}
COMMAND: POST /session/ffff9f21ee28ff8e1d9aa34f42faee99/elements - {"using":"xpath","value":"//button[@data-kt=\"addButton\"]"}
RESULT: {"using":"xpath","value":"//button[@data-kt=\"addButton\"]"}
COMMAND: POST /session/ffff9f21ee28ff8e1d9aa34f42faee99/elements - {"using":"xpath","value":"//button[@data-kt=\"addButton\"]"}
RESULT: {"using":"xpath","value":"//button[@data-kt=\"addButton\"]"}
COMMAND: POST /session/ffff9f21ee28ff8e1d9aa34f42faee99/elements - {"using":"xpath","value":"//button[@data-kt=\"addButton\"]"}
RESULT: {"using":"xpath","value":"//button[@data-kt=\"addButton\"]"}
COMMAND: POST /session/ffff9f21ee28ff8e1d9aa34f42faee99/elements - {"using":"xpath","value":"//button[@data-kt=\"addButton\"]"}
RESULT: {"using":"xpath","value":"//button[@data-kt=\"addButton\"]"}
COMMAND: POST /session/ffff9f21ee28ff8e1d9aa34f42faee99/elements - {"using":"xpath","value":"//button[@data-kt=\"addButton\"]"}
RESULT: {"using":"xpath","value":"//button[@data-kt=\"addButton\"]"}
COMMAND: POST /session/ffff9f21ee28ff8e1d9aa34f42faee99/elements - {"using":"xpath","value":"//button[@data-kt=\"addButton\"]"}
RESULT: {"using":"xpath","value":"//button[@data-kt=\"addButton\"]"}
COMMAND: POST /session/ffff9f21ee28ff8e1d9aa34f42faee99/elements - {"using":"xpath","value":"//button[@data-kt=\"addButton\"]"}
RESULT: {"using":"xpath","value":"//button[@data-kt=\"addButton\"]"}
COMMAND: POST /session/ffff9f21ee28ff8e1d9aa34f42faee99/element - {"using":"xpath","value":"//button[@data-kt=\"addButton\"]"}
RESULT: {"using":"xpath","value":"//button[@data-kt=\"addButton\"]"}
COMMAND: POST /session/ffff9f21ee28ff8e1d9aa34f42faee99/execute/sync - {"script":"<script> [8489 bytes]","args":[{"element-6066-11e4-a52e-4f735466cecf":"f.7E00EA53797DB7C0883B340D4376DD1B.d.78C6D72A17C4D4BA51966FEA4C403968.e.1055","ELEMENT":"f.7E00EA53797DB7C0883B340D4376DD1B.d.78C6D72A17C4D4BA51966FEA4C403968.e.1055"}]}
RESULT: {"script":"<script> [8489 bytes]","args":[{"element-6066-11e4-a52e-4f735466cecf":"f.7E00EA53797DB7C0883B340D4376DD1B.d.78C6D72A17C4D4BA51966FEA4C403968.e.1055","ELEMENT":"f.7E00EA53797DB7C0883B340D4376DD1B.d.78C6D72A17C4D4BA51966FEA4C403968.e.1055"}]}
COMMAND: GET /session/ffff9f21ee28ff8e1d9aa34f42faee99/element/f.7E00EA53797DB7C0883B340D4376DD1B.d.78C6D72A17C4D4BA51966FEA4C403968.e.1055/enabled - {}
COMMAND: GET /session/ffff9f21ee28ff8e1d9aa34f42faee99/screenshot - {}
RESULT: {}
COMMAND: POST /session/ffff9f21ee28ff8e1d9aa34f42faee99/execute/sync - {"script":"<script> [8489 bytes]","args":[{"element-6066-11e4-a52e-4f735466cecf":"f.7E00EA53797DB7C0883B340D4376DD1B.d.78C6D72A17C4D4BA51966FEA4C403968.e.1055","ELEMENT":"f.7E00EA53797DB7C0883B340D4376DD1B.d.78C6D72A17C4D4BA51966FEA4C403968.e.1055"}]}
COMMAND: GET /session/ffff9f21ee28ff8e1d9aa34f42faee99/screenshot - {}
RESULT: {}
RESULT: {"script":"<script> [8489 bytes]","args":[{"element-6066-11e4-a52e-4f735466cecf":"f.7E00EA53797DB7C0883B340D4376DD1B.d.78C6D72A17C4D4BA51966FEA4C403968.e.1055","ELEMENT":"f.7E00EA53797DB7C0883B340D4376DD1B.d.78C6D72A17C4D4BA51966FEA4C403968.e.1055"}]}
COMMAND: POST /session/ffff9f21ee28ff8e1d9aa34f42faee99/execute/sync - {"script":"<script> [5351 bytes]","args":[{"element-6066-11e4-a52e-4f735466cecf":"f.7E00EA53797DB7C0883B340D4376DD1B.d.78C6D72A17C4D4BA51966FEA4C403968.e.1055","ELEMENT":"f.7E00EA53797DB7C0883B340D4376DD1B.d.78C6D72A17C4D4BA51966FEA4C403968.e.1055"}]}
COMMAND: GET /session/ffff9f21ee28ff8e1d9aa34f42faee99/screenshot - {}
RESULT: {}
RESULT: {"script":"<script> [5351 bytes]","args":[{"element-6066-11e4-a52e-4f735466cecf":"f.7E00EA53797DB7C0883B340D4376DD1B.d.78C6D72A17C4D4BA51966FEA4C403968.e.1055","ELEMENT":"f.7E00EA53797DB7C0883B340D4376DD1B.d.78C6D72A17C4D4BA51966FEA4C403968.e.1055"}]}
COMMAND: POST /session/ffff9f21ee28ff8e1d9aa34f42faee99/element/f.7E00EA53797DB7C0883B340D4376DD1B.d.78C6D72A17C4D4BA51966FEA4C403968.e.1055/click - {}
COMMAND: GET /session/ffff9f21ee28ff8e1d9aa34f42faee99/screenshot - {}
RESULT: {}
RESULT: {}
COMMAND: GET /session/ffff9f21ee28ff8e1d9aa34f42faee99/screenshot - {}
COMMAND: POST /session/ffff9f21ee28ff8e1d9aa34f42faee99/execute/async - {"script":"<script> [1562 bytes]","args":[{"selector":{"id":"application-managepartners-display-component---NewPartner--addressDetailDetailsName1","interaction":{"idSuffix":"inner"}},"wdio_ui5_key":"applicationmanagepartners-display-component---NewPartner--addressDetailDetailsName1"}]}
RESULT: {}
RESULT: {}
RESULT: {"script":"<script> [1562 bytes]","args":[{"selector":{"id":"application-managepartners-display-component---NewPartner--addressDetailDetailsName1","interaction":{"idSuffix":"inner"}},"wdio_ui5_key":"applicationmanagepartners-display-component---NewPartner--addressDetailDetailsName1"}]}
RESULT: undefined
COMMAND: POST /session/ffff9f21ee28ff8e1d9aa34f42faee99/execute/async - {"script":"<script> [776 bytes]","args":[{"enterText":"External Partner WDIO","selector":{"id":"application-managepartners-display-component---NewPartner--addressDetailDetailsName1","interaction":{"idSuffix":"inner"}},"clearTextFirst":true,"interactionType":"ENTER_TEXT"}]}
RESULT: {"script":"<script> [776 bytes]","args":[{"enterText":"External Partner WDIO","selector":{"id":"application-managepartners-display-component---NewPartner--addressDetailDetailsName1","interaction":{"idSuffix":"inner"}},"clearTextFirst":true,"interactionType":"ENTER_TEXT"}]}
COMMAND: POST /session/ffff9f21ee28ff8e1d9aa34f42faee99/execute/async - {"script":"<script> [1562 bytes]","args":[{"selector":{"id":"application-managepartners-display-component---NewPartner--addressDetailDetailsLanguage-arrow"},"wdio_ui5_key":"applicationmanagepartners-display-component---NewPartner--addressDetailDetailsLanguage-arrow"}]}
RESULT: {"script":"<script> [1562 bytes]","args":[{"selector":{"id":"application-managepartners-display-component---NewPartner--addressDetailDetailsLanguage-arrow"},"wdio_ui5_key":"applicationmanagepartners-display-component---NewPartner--addressDetailDetailsLanguage-arrow"}]}
RESULT: undefined
COMMAND: POST /session/ffff9f21ee28ff8e1d9aa34f42faee99/element - {"using":"xpath","value":"//*[@id=\"application-managepartners-display-component---NewPartner--addressDetailDetailsLanguage-arrow\"]"}
RESULT: {"using":"xpath","value":"//*[@id=\"application-managepartners-display-component---NewPartner--addressDetailDetailsLanguage-arrow\"]"}
COMMAND: POST /session/ffff9f21ee28ff8e1d9aa34f42faee99/element/f.7E00EA53797DB7C0883B340D4376DD1B.d.78C6D72A17C4D4BA51966FEA4C403968.e.1493/click - {}
RESULT: {}
COMMAND: POST /session/ffff9f21ee28ff8e1d9aa34f42faee99/element - {"using":"xpath","value":"//span[contains(text(), \"English\")]"}
COMMAND: GET /session/ffff9f21ee28ff8e1d9aa34f42faee99/screenshot - {}
RESULT: {"using":"xpath","value":"//span[contains(text(), \"English\")]"}
COMMAND: POST /session/ffff9f21ee28ff8e1d9aa34f42faee99/element/f.7E00EA53797DB7C0883B340D4376DD1B.d.78C6D72A17C4D4BA51966FEA4C403968.e.1494/click - {}
RESULT: {}
RESULT: {}
COMMAND: GET /session/ffff9f21ee28ff8e1d9aa34f42faee99/screenshot - {}
RESULT: {}
COMMAND: POST /session/ffff9f21ee28ff8e1d9aa34f42faee99/execute/async - {"script":"<script> [1562 bytes]","args":[{"selector":{"id":"application-managepartners-display-component---NewPartner--addressDetailDetailsCity1","interaction":{"idSuffix":"inner"}},"wdio_ui5_key":"applicationmanagepartners-display-component---NewPartner--addressDetailDetailsCity1"}]}
RESULT: {"script":"<script> [1562 bytes]","args":[{"selector":{"id":"application-managepartners-display-component---NewPartner--addressDetailDetailsCity1","interaction":{"idSuffix":"inner"}},"wdio_ui5_key":"applicationmanagepartners-display-component---NewPartner--addressDetailDetailsCity1"}]}
RESULT: undefined
COMMAND: POST /session/ffff9f21ee28ff8e1d9aa34f42faee99/execute/async - {"script":"<script> [776 bytes]","args":[{"enterText":"Rosario","selector":{"id":"application-managepartners-display-component---NewPartner--addressDetailDetailsCity1","interaction":{"idSuffix":"inner"}},"clearTextFirst":true,"interactionType":"ENTER_TEXT"}]}
RESULT: {"script":"<script> [776 bytes]","args":[{"enterText":"Rosario","selector":{"id":"application-managepartners-display-component---NewPartner--addressDetailDetailsCity1","interaction":{"idSuffix":"inner"}},"clearTextFirst":true,"interactionType":"ENTER_TEXT"}]}
COMMAND: POST /session/ffff9f21ee28ff8e1d9aa34f42faee99/execute/async - {"script":"<script> [1562 bytes]","args":[{"selector":{"id":"application-managepartners-display-component---NewPartner--addressDetailDetailsCountry-arrow"},"wdio_ui5_key":"applicationmanagepartners-display-component---NewPartner--addressDetailDetailsCountry-arrow"}]}
RESULT: {"script":"<script> [1562 bytes]","args":[{"selector":{"id":"application-managepartners-display-component---NewPartner--addressDetailDetailsCountry-arrow"},"wdio_ui5_key":"applicationmanagepartners-display-component---NewPartner--addressDetailDetailsCountry-arrow"}]}
RESULT: undefined
COMMAND: POST /session/ffff9f21ee28ff8e1d9aa34f42faee99/element - {"using":"xpath","value":"//*[@id=\"application-managepartners-display-component---NewPartner--addressDetailDetailsCountry-arrow\"]"}
RESULT: {"using":"xpath","value":"//*[@id=\"application-managepartners-display-component---NewPartner--addressDetailDetailsCountry-arrow\"]"}
COMMAND: POST /session/ffff9f21ee28ff8e1d9aa34f42faee99/element/f.7E00EA53797DB7C0883B340D4376DD1B.d.78C6D72A17C4D4BA51966FEA4C403968.e.1475/click - {}
RESULT: {}
COMMAND: POST /session/ffff9f21ee28ff8e1d9aa34f42faee99/element - {"using":"xpath","value":"//span[contains(text(), \"Argentina\")]"}
COMMAND: GET /session/ffff9f21ee28ff8e1d9aa34f42faee99/screenshot - {}
RESULT: {"using":"xpath","value":"//span[contains(text(), \"Argentina\")]"}
COMMAND: POST /session/ffff9f21ee28ff8e1d9aa34f42faee99/element/f.7E00EA53797DB7C0883B340D4376DD1B.d.78C6D72A17C4D4BA51966FEA4C403968.e.1496/click - {}
RESULT: {}
RESULT: {}
COMMAND: GET /session/ffff9f21ee28ff8e1d9aa34f42faee99/screenshot - {}
RESULT: {}
COMMAND: POST /session/ffff9f21ee28ff8e1d9aa34f42faee99/element - {"using":"xpath","value":"//bdi[contains(text(), \"Commercial\")]"}
RESULT: {"using":"xpath","value":"//bdi[contains(text(), \"Commercial\")]"}
COMMAND: POST /session/ffff9f21ee28ff8e1d9aa34f42faee99/element/f.7E00EA53797DB7C0883B340D4376DD1B.d.78C6D72A17C4D4BA51966FEA4C403968.e.1497/click - {}
RESULT: {}
COMMAND: GET /session/ffff9f21ee28ff8e1d9aa34f42faee99/screenshot - {}
RESULT: {}
COMMAND: POST /session/ffff9f21ee28ff8e1d9aa34f42faee99/execute/async - {"script":"<script> [1562 bytes]","args":[{"selector":{"id":"application-managepartners-display-component---NewPartner--partnerDetailInternal-arrow"},"wdio_ui5_key":"applicationmanagepartners-display-component---NewPartner--partnerDetailInternal-arrow"}]}
RESULT: {"script":"<script> [1562 bytes]","args":[{"selector":{"id":"application-managepartners-display-component---NewPartner--partnerDetailInternal-arrow"},"wdio_ui5_key":"applicationmanagepartners-display-component---NewPartner--partnerDetailInternal-arrow"}]}
RESULT: undefined
COMMAND: POST /session/ffff9f21ee28ff8e1d9aa34f42faee99/element - {"using":"xpath","value":"//*[@id=\"application-managepartners-display-component---NewPartner--partnerDetailInternal-arrow\"]"}
RESULT: {"using":"xpath","value":"//*[@id=\"application-managepartners-display-component---NewPartner--partnerDetailInternal-arrow\"]"}
COMMAND: POST /session/ffff9f21ee28ff8e1d9aa34f42faee99/element/f.7E00EA53797DB7C0883B340D4376DD1B.d.78C6D72A17C4D4BA51966FEA4C403968.e.1503/click - {}
RESULT: {}
COMMAND: POST /session/ffff9f21ee28ff8e1d9aa34f42faee99/element - {"using":"xpath","value":"//span[contains(text(), \"External partner\")]"}
COMMAND: GET /session/ffff9f21ee28ff8e1d9aa34f42faee99/screenshot - {}
RESULT: {"using":"xpath","value":"//span[contains(text(), \"External partner\")]"}
COMMAND: POST /session/ffff9f21ee28ff8e1d9aa34f42faee99/element/f.7E00EA53797DB7C0883B340D4376DD1B.d.78C6D72A17C4D4BA51966FEA4C403968.e.1504/click - {}
RESULT: {}
RESULT: {}
COMMAND: POST /session/ffff9f21ee28ff8e1d9aa34f42faee99/execute/async - {"script":"<script> [1562 bytes]","args":[{"selector":{"id":"application-managepartners-display-component---NewPartner--partnerDetailsCurrency-arrow"},"wdio_ui5_key":"applicationmanagepartners-display-component---NewPartner--partnerDetailsCurrency-arrow"}]}
COMMAND: GET /session/ffff9f21ee28ff8e1d9aa34f42faee99/screenshot - {}
RESULT: {"script":"<script> [1562 bytes]","args":[{"selector":{"id":"application-managepartners-display-component---NewPartner--partnerDetailsCurrency-arrow"},"wdio_ui5_key":"applicationmanagepartners-display-component---NewPartner--partnerDetailsCurrency-arrow"}]}
RESULT: undefined
COMMAND: POST /session/ffff9f21ee28ff8e1d9aa34f42faee99/element - {"using":"xpath","value":"//*[@id=\"application-managepartners-display-component---NewPartner--partnerDetailsCurrency-arrow\"]"}
RESULT: {}
RESULT: {"using":"xpath","value":"//*[@id=\"application-managepartners-display-component---NewPartner--partnerDetailsCurrency-arrow\"]"}
COMMAND: POST /session/ffff9f21ee28ff8e1d9aa34f42faee99/element/f.7E00EA53797DB7C0883B340D4376DD1B.d.78C6D72A17C4D4BA51966FEA4C403968.e.1509/click - {}
RESULT: {}
COMMAND: POST /session/ffff9f21ee28ff8e1d9aa34f42faee99/element - {"using":"xpath","value":"//span[contains(text(), \"US Dollar\")]"}
COMMAND: GET /session/ffff9f21ee28ff8e1d9aa34f42faee99/screenshot - {}
RESULT: {"using":"xpath","value":"//span[contains(text(), \"US Dollar\")]"}
COMMAND: POST /session/ffff9f21ee28ff8e1d9aa34f42faee99/element/f.7E00EA53797DB7C0883B340D4376DD1B.d.78C6D72A17C4D4BA51966FEA4C403968.e.1510/click - {}
RESULT: {}
RESULT: {}
COMMAND: GET /session/ffff9f21ee28ff8e1d9aa34f42faee99/screenshot - {}
RESULT: {}
COMMAND: POST /session/ffff9f21ee28ff8e1d9aa34f42faee99/element - {"using":"xpath","value":"//input[@id=\"application-managepartners-display-component---NewPartner--companyCodeComboBox-inner\"]"}
RESULT: {"using":"xpath","value":"//input[@id=\"application-managepartners-display-component---NewPartner--companyCodeComboBox-inner\"]"}
COMMAND: POST /session/ffff9f21ee28ff8e1d9aa34f42faee99/element/f.7E00EA53797DB7C0883B340D4376DD1B.d.78C6D72A17C4D4BA51966FEA4C403968.e.1360/clear - {}
RESULT: {}
COMMAND: POST /session/ffff9f21ee28ff8e1d9aa34f42faee99/element/f.7E00EA53797DB7C0883B340D4376DD1B.d.78C6D72A17C4D4BA51966FEA4C403968.e.1360/value - {"text":"C002"}
COMMAND: GET /session/ffff9f21ee28ff8e1d9aa34f42faee99/screenshot - {}
RESULT: {"text":"C002"}
COMMAND: GET /session/ffff9f21ee28ff8e1d9aa34f42faee99/screenshot - {}
RESULT: {}
RESULT: {}
COMMAND: POST /session/ffff9f21ee28ff8e1d9aa34f42faee99/element - {"using":"xpath","value":"//span[contains(text(), \"C002\")]"}
RESULT: {"using":"xpath","value":"//span[contains(text(), \"C002\")]"}
COMMAND: POST /session/ffff9f21ee28ff8e1d9aa34f42faee99/element/f.7E00EA53797DB7C0883B340D4376DD1B.d.78C6D72A17C4D4BA51966FEA4C403968.e.1514/click - {}
RESULT: {}
COMMAND: GET /session/ffff9f21ee28ff8e1d9aa34f42faee99/screenshot - {}
RESULT: {}
COMMAND: POST /session/ffff9f21ee28ff8e1d9aa34f42faee99/execute/async - {"script":"<script> [1562 bytes]","args":[{"selector":{"id":"application-managepartners-display-component---NewPartner--btnAddTableRow-img"},"wdio_ui5_key":"applicationmanagepartners-display-component---NewPartner--btnAddTableRow-img"}]}
RESULT: {"script":"<script> [1562 bytes]","args":[{"selector":{"id":"application-managepartners-display-component---NewPartner--btnAddTableRow-img"},"wdio_ui5_key":"applicationmanagepartners-display-component---NewPartner--btnAddTableRow-img"}]}
RESULT: undefined
COMMAND: POST /session/ffff9f21ee28ff8e1d9aa34f42faee99/element - {"using":"xpath","value":"//*[@id=\"application-managepartners-display-component---NewPartner--btnAddTableRow-img\"]"}
RESULT: {"using":"xpath","value":"//*[@id=\"application-managepartners-display-component---NewPartner--btnAddTableRow-img\"]"}
COMMAND: POST /session/ffff9f21ee28ff8e1d9aa34f42faee99/element/f.7E00EA53797DB7C0883B340D4376DD1B.d.78C6D72A17C4D4BA51966FEA4C403968.e.1515/click - {}
RESULT: {}
COMMAND: GET /session/ffff9f21ee28ff8e1d9aa34f42faee99/screenshot - {}
RESULT: {}
COMMAND: POST /session/ffff9f21ee28ff8e1d9aa34f42faee99/element - {"using":"xpath","value":"//input[@id=\"application-managepartners-display-component---NewPartner--assignmentYard-application-managepartners-display-component---NewPartner--assignmentsTable-0-inner\"]"}
RESULT: {"using":"xpath","value":"//input[@id=\"application-managepartners-display-component---NewPartner--assignmentYard-application-managepartners-display-component---NewPartner--assignmentsTable-0-inner\"]"}
COMMAND: POST /session/ffff9f21ee28ff8e1d9aa34f42faee99/element/f.7E00EA53797DB7C0883B340D4376DD1B.d.78C6D72A17C4D4BA51966FEA4C403968.e.1518/clear - {}
RESULT: {}
COMMAND: POST /session/ffff9f21ee28ff8e1d9aa34f42faee99/element/f.7E00EA53797DB7C0883B340D4376DD1B.d.78C6D72A17C4D4BA51966FEA4C403968.e.1518/value - {"text":"532"}
COMMAND: GET /session/ffff9f21ee28ff8e1d9aa34f42faee99/screenshot - {}
RESULT: {"text":"532"}
COMMAND: GET /session/ffff9f21ee28ff8e1d9aa34f42faee99/screenshot - {}
RESULT: {}
RESULT: {}
COMMAND: POST /session/ffff9f21ee28ff8e1d9aa34f42faee99/element - {"using":"xpath","value":"//li[.//span[text()='532']]"}
RESULT: {"using":"xpath","value":"//li[.//span[text()='532']]"}
COMMAND: POST /session/ffff9f21ee28ff8e1d9aa34f42faee99/element/f.7E00EA53797DB7C0883B340D4376DD1B.d.78C6D72A17C4D4BA51966FEA4C403968.e.1526/click - {}
RESULT: {}
COMMAND: GET /session/ffff9f21ee28ff8e1d9aa34f42faee99/screenshot - {}
RESULT: {}
COMMAND: POST /session/ffff9f21ee28ff8e1d9aa34f42faee99/actions - {"actions":[{"id":"action2","type":"key","parameters":{},"actions":[{"type":"keyDown","value":"î€‡"},{"type":"pause","duration":10},{"type":"keyUp","value":"î€‡"}]}]}
RESULT: {"actions":[{"id":"action2","type":"key","parameters":{},"actions":[{"type":"keyDown","value":"î€‡"},{"type":"pause","duration":10},{"type":"keyUp","value":"î€‡"}]}]}
COMMAND: POST /session/ffff9f21ee28ff8e1d9aa34f42faee99/element - {"using":"xpath","value":"//td[contains(@id, \"assignmentsTable-0-cell2\")]/div/div"}
COMMAND: GET /session/ffff9f21ee28ff8e1d9aa34f42faee99/screenshot - {}
RESULT: {"using":"xpath","value":"//td[contains(@id, \"assignmentsTable-0-cell2\")]/div/div"}
COMMAND: POST /session/ffff9f21ee28ff8e1d9aa34f42faee99/element/f.7E00EA53797DB7C0883B340D4376DD1B.d.78C6D72A17C4D4BA51966FEA4C403968.e.1529/click - {}
RESULT: {}
RESULT: {}
COMMAND: GET /session/ffff9f21ee28ff8e1d9aa34f42faee99/screenshot - {}
RESULT: {}
COMMAND: POST /session/ffff9f21ee28ff8e1d9aa34f42faee99/element - {"using":"xpath","value":"//button[@data-kt=\"saveButton\"]"}
RESULT: {"using":"xpath","value":"//button[@data-kt=\"saveButton\"]"}
COMMAND: POST /session/ffff9f21ee28ff8e1d9aa34f42faee99/element/f.7E00EA53797DB7C0883B340D4376DD1B.d.78C6D72A17C4D4BA51966FEA4C403968.e.1477/click - {}
RESULT: {}
COMMAND: GET /session/ffff9f21ee28ff8e1d9aa34f42faee99/screenshot - {}
RESULT: {}
COMMAND: POST /session/ffff9f21ee28ff8e1d9aa34f42faee99/element - {"using":"xpath","value":"//header[contains(@id, 'ObjectPageLayout-headerTitle')]/div[1]/div[2]/div[2]/span[1]"}
RESULT: {"using":"xpath","value":"//header[contains(@id, 'ObjectPageLayout-headerTitle')]/div[1]/div[2]/div[2]/span[1]"}
COMMAND: POST /session/ffff9f21ee28ff8e1d9aa34f42faee99/elements - {"using":"xpath","value":"//header[contains(@id, 'ObjectPageLayout-headerTitle')]/div[1]/div[2]/div[2]/span[1]"}
RESULT: {"using":"xpath","value":"//header[contains(@id, 'ObjectPageLayout-headerTitle')]/div[1]/div[2]/div[2]/span[1]"}
COMMAND: POST /session/ffff9f21ee28ff8e1d9aa34f42faee99/execute/sync - {"script":"<script> [56 bytes]","args":[{"element-6066-11e4-a52e-4f735466cecf":"f.7E00EA53797DB7C0883B340D4376DD1B.d.78C6D72A17C4D4BA51966FEA4C403968.e.1690","ELEMENT":"f.7E00EA53797DB7C0883B340D4376DD1B.d.78C6D72A17C4D4BA51966FEA4C403968.e.1690"}]}
RESULT: {"script":"<script> [56 bytes]","args":[{"element-6066-11e4-a52e-4f735466cecf":"f.7E00EA53797DB7C0883B340D4376DD1B.d.78C6D72A17C4D4BA51966FEA4C403968.e.1690","ELEMENT":"f.7E00EA53797DB7C0883B340D4376DD1B.d.78C6D72A17C4D4BA51966FEA4C403968.e.1690"}]}
COMMAND: POST /session/ffff9f21ee28ff8e1d9aa34f42faee99/element - {"using":"css selector","value":"#shell-header-logo"}
COMMAND: GET /session/ffff9f21ee28ff8e1d9aa34f42faee99/screenshot - {}
RESULT: {"using":"css selector","value":"#shell-header-logo"}
COMMAND: POST /session/ffff9f21ee28ff8e1d9aa34f42faee99/element/f.7E00EA53797DB7C0883B340D4376DD1B.d.78C6D72A17C4D4BA51966FEA4C403968.e.1008/click - {}
RESULT: {}
RESULT: {}
COMMAND: GET /session/ffff9f21ee28ff8e1d9aa34f42faee99/screenshot - {}
RESULT: {}
COMMAND: POST /session/ffff9f21ee28ff8e1d9aa34f42faee99/execute/sync - {"script":"<script> [299 bytes]","args":[["getModel","getResource"]]}
RESULT: {"script":"<script> [299 bytes]","args":[["getModel","getResource"]]}
COMMAND: GET /session/ffff9f21ee28ff8e1d9aa34f42faee99/screenshot - {}
]]></system-out>
    </testcase>
    <testcase classname="chrome.135_0_7049_96.windows.Partner_specific_tests_US150819_US151080_US151654_US151176_US103444_US151078_US151079_US151109_US151174_US151175_US151189" name="Should filter and search partners US151080" time="100.88">
      <system-out><![CDATA[
COMMAND: POST /session/ffff9f21ee28ff8e1d9aa34f42faee99/element - {"using":"xpath","value":"//li[.//span[text()=\"Manage Partners\"]]"}
RESULT: {}
RESULT: {"using":"xpath","value":"//li[.//span[text()=\"Manage Partners\"]]"}
COMMAND: POST /session/ffff9f21ee28ff8e1d9aa34f42faee99/element - {"using":"xpath","value":"//li[.//span[text()=\"Manage Partners\"]]"}
RESULT: {"using":"xpath","value":"//li[.//span[text()=\"Manage Partners\"]]"}
COMMAND: POST /session/ffff9f21ee28ff8e1d9aa34f42faee99/element - {"using":"css selector","value":"#shell-header-logo"}
RESULT: {"using":"css selector","value":"#shell-header-logo"}
COMMAND: POST /session/ffff9f21ee28ff8e1d9aa34f42faee99/element/f.7E00EA53797DB7C0883B340D4376DD1B.d.78C6D72A17C4D4BA51966FEA4C403968.e.1692/click - {}
COMMAND: POST /session/ffff9f21ee28ff8e1d9aa34f42faee99/execute/sync - {"script":"<script> [8489 bytes]","args":[{"element-6066-11e4-a52e-4f735466cecf":"f.7E00EA53797DB7C0883B340D4376DD1B.d.78C6D72A17C4D4BA51966FEA4C403968.e.1692","ELEMENT":"f.7E00EA53797DB7C0883B340D4376DD1B.d.78C6D72A17C4D4BA51966FEA4C403968.e.1692"}]}
RESULT: {}
COMMAND: GET /session/ffff9f21ee28ff8e1d9aa34f42faee99/screenshot - {}
RESULT: {"script":"<script> [8489 bytes]","args":[{"element-6066-11e4-a52e-4f735466cecf":"f.7E00EA53797DB7C0883B340D4376DD1B.d.78C6D72A17C4D4BA51966FEA4C403968.e.1692","ELEMENT":"f.7E00EA53797DB7C0883B340D4376DD1B.d.78C6D72A17C4D4BA51966FEA4C403968.e.1692"}]}
COMMAND: POST /session/ffff9f21ee28ff8e1d9aa34f42faee99/execute/sync - {"script":"<script> [5351 bytes]","args":[{"element-6066-11e4-a52e-4f735466cecf":"f.7E00EA53797DB7C0883B340D4376DD1B.d.78C6D72A17C4D4BA51966FEA4C403968.e.1692","ELEMENT":"f.7E00EA53797DB7C0883B340D4376DD1B.d.78C6D72A17C4D4BA51966FEA4C403968.e.1692"}]}
COMMAND: GET /session/ffff9f21ee28ff8e1d9aa34f42faee99/screenshot - {}
RESULT: {}
RESULT: {"script":"<script> [5351 bytes]","args":[{"element-6066-11e4-a52e-4f735466cecf":"f.7E00EA53797DB7C0883B340D4376DD1B.d.78C6D72A17C4D4BA51966FEA4C403968.e.1692","ELEMENT":"f.7E00EA53797DB7C0883B340D4376DD1B.d.78C6D72A17C4D4BA51966FEA4C403968.e.1692"}]}
COMMAND: GET /session/ffff9f21ee28ff8e1d9aa34f42faee99/screenshot - {}
RESULT: {}
RESULT: {}
RESULT: undefined
COMMAND: POST /session/ffff9f21ee28ff8e1d9aa34f42faee99/element - {"using":"xpath","value":"//*[@id=\"__tile38\"]"}
RESULT: {"using":"xpath","value":"//*[@id=\"__tile38\"]"}
COMMAND: POST /session/ffff9f21ee28ff8e1d9aa34f42faee99/element/f.7E00EA53797DB7C0883B340D4376DD1B.d.78C6D72A17C4D4BA51966FEA4C403968.e.149/click - {}
RESULT: {}
COMMAND: POST /session/ffff9f21ee28ff8e1d9aa34f42faee99/element - {"using":"xpath","value":"//button[@data-kt=\"addButton\"]"}
COMMAND: GET /session/ffff9f21ee28ff8e1d9aa34f42faee99/screenshot - {}
RESULT: {"using":"xpath","value":"//button[@data-kt=\"addButton\"]"}
COMMAND: POST /session/ffff9f21ee28ff8e1d9aa34f42faee99/elements - {"using":"xpath","value":"//button[@data-kt=\"addButton\"]"}
RESULT: {}
RESULT: {"using":"xpath","value":"//button[@data-kt=\"addButton\"]"}
COMMAND: POST /session/ffff9f21ee28ff8e1d9aa34f42faee99/execute/sync - {"script":"<script> [8489 bytes]","args":[{"element-6066-11e4-a52e-4f735466cecf":"f.7E00EA53797DB7C0883B340D4376DD1B.d.78C6D72A17C4D4BA51966FEA4C403968.e.1737","ELEMENT":"f.7E00EA53797DB7C0883B340D4376DD1B.d.78C6D72A17C4D4BA51966FEA4C403968.e.1737"}]}
RESULT: {"script":"<script> [8489 bytes]","args":[{"element-6066-11e4-a52e-4f735466cecf":"f.7E00EA53797DB7C0883B340D4376DD1B.d.78C6D72A17C4D4BA51966FEA4C403968.e.1737","ELEMENT":"f.7E00EA53797DB7C0883B340D4376DD1B.d.78C6D72A17C4D4BA51966FEA4C403968.e.1737"}]}
COMMAND: GET /session/ffff9f21ee28ff8e1d9aa34f42faee99/element/f.7E00EA53797DB7C0883B340D4376DD1B.d.78C6D72A17C4D4BA51966FEA4C403968.e.1737/enabled - {}
COMMAND: GET /session/ffff9f21ee28ff8e1d9aa34f42faee99/screenshot - {}
RESULT: {}
COMMAND: POST /session/ffff9f21ee28ff8e1d9aa34f42faee99/execute/sync - {"script":"<script> [8489 bytes]","args":[{"element-6066-11e4-a52e-4f735466cecf":"f.7E00EA53797DB7C0883B340D4376DD1B.d.78C6D72A17C4D4BA51966FEA4C403968.e.1737","ELEMENT":"f.7E00EA53797DB7C0883B340D4376DD1B.d.78C6D72A17C4D4BA51966FEA4C403968.e.1737"}]}
COMMAND: GET /session/ffff9f21ee28ff8e1d9aa34f42faee99/screenshot - {}
RESULT: {}
RESULT: {"script":"<script> [8489 bytes]","args":[{"element-6066-11e4-a52e-4f735466cecf":"f.7E00EA53797DB7C0883B340D4376DD1B.d.78C6D72A17C4D4BA51966FEA4C403968.e.1737","ELEMENT":"f.7E00EA53797DB7C0883B340D4376DD1B.d.78C6D72A17C4D4BA51966FEA4C403968.e.1737"}]}
COMMAND: POST /session/ffff9f21ee28ff8e1d9aa34f42faee99/execute/sync - {"script":"<script> [5351 bytes]","args":[{"element-6066-11e4-a52e-4f735466cecf":"f.7E00EA53797DB7C0883B340D4376DD1B.d.78C6D72A17C4D4BA51966FEA4C403968.e.1737","ELEMENT":"f.7E00EA53797DB7C0883B340D4376DD1B.d.78C6D72A17C4D4BA51966FEA4C403968.e.1737"}]}
COMMAND: GET /session/ffff9f21ee28ff8e1d9aa34f42faee99/screenshot - {}
RESULT: {}
RESULT: {"script":"<script> [5351 bytes]","args":[{"element-6066-11e4-a52e-4f735466cecf":"f.7E00EA53797DB7C0883B340D4376DD1B.d.78C6D72A17C4D4BA51966FEA4C403968.e.1737","ELEMENT":"f.7E00EA53797DB7C0883B340D4376DD1B.d.78C6D72A17C4D4BA51966FEA4C403968.e.1737"}]}
COMMAND: GET /session/ffff9f21ee28ff8e1d9aa34f42faee99/screenshot - {}
RESULT: {}
RESULT: {}
COMMAND: POST /session/ffff9f21ee28ff8e1d9aa34f42faee99/execute/async - {"script":"<script> [1562 bytes]","args":[{"selector":{"id":"application-managepartners-display-component---masterPtm--smartTable-btnPersonalisation-img"},"wdio_ui5_key":"applicationmanagepartners-display-component---masterPtm--smartTable-btnPersonalisation-img"}]}
RESULT: {"script":"<script> [1562 bytes]","args":[{"selector":{"id":"application-managepartners-display-component---masterPtm--smartTable-btnPersonalisation-img"},"wdio_ui5_key":"applicationmanagepartners-display-component---masterPtm--smartTable-btnPersonalisation-img"}]}
RESULT: undefined
COMMAND: POST /session/ffff9f21ee28ff8e1d9aa34f42faee99/element - {"using":"xpath","value":"//*[@id=\"application-managepartners-display-component---masterPtm--smartTable-btnPersonalisation-img\"]"}
RESULT: {"using":"xpath","value":"//*[@id=\"application-managepartners-display-component---masterPtm--smartTable-btnPersonalisation-img\"]"}
COMMAND: POST /session/ffff9f21ee28ff8e1d9aa34f42faee99/element/f.7E00EA53797DB7C0883B340D4376DD1B.d.78C6D72A17C4D4BA51966FEA4C403968.e.1742/click - {}
RESULT: {}
COMMAND: GET /session/ffff9f21ee28ff8e1d9aa34f42faee99/screenshot - {}
RESULT: {}
COMMAND: POST /session/ffff9f21ee28ff8e1d9aa34f42faee99/execute/async - {"script":"<script> [1562 bytes]","args":[{"selector":{"controlType":"sap.m.IconTabFilter","viewName":"etm.portal.ui.managepartners.view.Master","viewId":"application-managepartners-display-component---masterPtm","properties":{"text":"Sort"},"searchOpenDialogs":true,"interaction":{"idSuffix":"text"}},"wdio_ui5_key":"etmportal.ui.managepartners.view.Mastersap.m.IconTabFilter{\"text\":\"Sort\"}"}]}
RESULT: {"script":"<script> [1562 bytes]","args":[{"selector":{"controlType":"sap.m.IconTabFilter","viewName":"etm.portal.ui.managepartners.view.Master","viewId":"application-managepartners-display-component---masterPtm","properties":{"text":"Sort"},"searchOpenDialogs":true,"interaction":{"idSuffix":"text"}},"wdio_ui5_key":"etmportal.ui.managepartners.view.Mastersap.m.IconTabFilter{\"text\":\"Sort\"}"}]}
RESULT: undefined
COMMAND: POST /session/ffff9f21ee28ff8e1d9aa34f42faee99/element - {"using":"xpath","value":"//*[@id=\"__filter1\"]"}
RESULT: {"using":"xpath","value":"//*[@id=\"__filter1\"]"}
COMMAND: POST /session/ffff9f21ee28ff8e1d9aa34f42faee99/element/f.7E00EA53797DB7C0883B340D4376DD1B.d.78C6D72A17C4D4BA51966FEA4C403968.e.1881/click - {}
RESULT: {}
COMMAND: GET /session/ffff9f21ee28ff8e1d9aa34f42faee99/screenshot - {}
RESULT: {}
COMMAND: POST /session/ffff9f21ee28ff8e1d9aa34f42faee99/element - {"using":"xpath","value":"//input[@placeholder=\"Sort by\"]/following-sibling::div//span"}
RESULT: {"using":"xpath","value":"//input[@placeholder=\"Sort by\"]/following-sibling::div//span"}
COMMAND: POST /session/ffff9f21ee28ff8e1d9aa34f42faee99/element/f.7E00EA53797DB7C0883B340D4376DD1B.d.78C6D72A17C4D4BA51966FEA4C403968.e.1883/click - {}
RESULT: {}
COMMAND: GET /session/ffff9f21ee28ff8e1d9aa34f42faee99/screenshot - {}
RESULT: {}
COMMAND: POST /session/ffff9f21ee28ff8e1d9aa34f42faee99/element - {"using":"xpath","value":"//li[.//span[text()=\"Language\"]]"}
RESULT: {"using":"xpath","value":"//li[.//span[text()=\"Language\"]]"}
COMMAND: POST /session/ffff9f21ee28ff8e1d9aa34f42faee99/element/f.7E00EA53797DB7C0883B340D4376DD1B.d.78C6D72A17C4D4BA51966FEA4C403968.e.1884/click - {}
RESULT: {}
COMMAND: GET /session/ffff9f21ee28ff8e1d9aa34f42faee99/screenshot - {}
RESULT: {}
COMMAND: POST /session/ffff9f21ee28ff8e1d9aa34f42faee99/element - {"using":"xpath","value":"//bdi[contains(text(), \"OK\")]"}
RESULT: {"using":"xpath","value":"//bdi[contains(text(), \"OK\")]"}
COMMAND: POST /session/ffff9f21ee28ff8e1d9aa34f42faee99/element/f.7E00EA53797DB7C0883B340D4376DD1B.d.78C6D72A17C4D4BA51966FEA4C403968.e.1888/click - {}
RESULT: {}
COMMAND: GET /session/ffff9f21ee28ff8e1d9aa34f42faee99/screenshot - {}
COMMAND: POST /session/ffff9f21ee28ff8e1d9aa34f42faee99/element - {"using":"xpath","value":"//table[contains(@id, \"customPartnersTable\")]//tbody/tr[1]/td[3]/span"}
RESULT: {}
RESULT: {"using":"xpath","value":"//table[contains(@id, \"customPartnersTable\")]//tbody/tr[1]/td[3]/span"}
COMMAND: POST /session/ffff9f21ee28ff8e1d9aa34f42faee99/execute/sync - {"script":"<script> [56 bytes]","args":[{"element-6066-11e4-a52e-4f735466cecf":"f.7E00EA53797DB7C0883B340D4376DD1B.d.78C6D72A17C4D4BA51966FEA4C403968.e.2011","ELEMENT":"f.7E00EA53797DB7C0883B340D4376DD1B.d.78C6D72A17C4D4BA51966FEA4C403968.e.2011"}]}
RESULT: {"script":"<script> [56 bytes]","args":[{"element-6066-11e4-a52e-4f735466cecf":"f.7E00EA53797DB7C0883B340D4376DD1B.d.78C6D72A17C4D4BA51966FEA4C403968.e.2011","ELEMENT":"f.7E00EA53797DB7C0883B340D4376DD1B.d.78C6D72A17C4D4BA51966FEA4C403968.e.2011"}]}
RESULT: undefined
COMMAND: POST /session/ffff9f21ee28ff8e1d9aa34f42faee99/element - {"using":"xpath","value":"//*[@id=\"application-managepartners-display-component---masterPtm--smartTable-btnPersonalisation-img\"]"}
COMMAND: GET /session/ffff9f21ee28ff8e1d9aa34f42faee99/screenshot - {}
RESULT: {"using":"xpath","value":"//*[@id=\"application-managepartners-display-component---masterPtm--smartTable-btnPersonalisation-img\"]"}
COMMAND: POST /session/ffff9f21ee28ff8e1d9aa34f42faee99/element/f.7E00EA53797DB7C0883B340D4376DD1B.d.78C6D72A17C4D4BA51966FEA4C403968.e.1742/click - {}
RESULT: {}
RESULT: {}
COMMAND: GET /session/ffff9f21ee28ff8e1d9aa34f42faee99/screenshot - {}
RESULT: {}
COMMAND: POST /session/ffff9f21ee28ff8e1d9aa34f42faee99/element - {"using":"xpath","value":"//bdi[contains(text(), \"Reset\")]"}
RESULT: {"using":"xpath","value":"//bdi[contains(text(), \"Reset\")]"}
COMMAND: POST /session/ffff9f21ee28ff8e1d9aa34f42faee99/element/f.7E00EA53797DB7C0883B340D4376DD1B.d.78C6D72A17C4D4BA51966FEA4C403968.e.2017/click - {}
RESULT: {}
COMMAND: GET /session/ffff9f21ee28ff8e1d9aa34f42faee99/screenshot - {}
RESULT: {}
COMMAND: POST /session/ffff9f21ee28ff8e1d9aa34f42faee99/element - {"using":"xpath","value":"(//bdi[contains(text(), \"OK\")])[2]"}
RESULT: {"using":"xpath","value":"(//bdi[contains(text(), \"OK\")])[2]"}
COMMAND: POST /session/ffff9f21ee28ff8e1d9aa34f42faee99/element/f.7E00EA53797DB7C0883B340D4376DD1B.d.78C6D72A17C4D4BA51966FEA4C403968.e.2020/click - {}
RESULT: {}
COMMAND: GET /session/ffff9f21ee28ff8e1d9aa34f42faee99/screenshot - {}
RESULT: {}
COMMAND: POST /session/ffff9f21ee28ff8e1d9aa34f42faee99/element - {"using":"xpath","value":"//bdi[contains(text(), \"OK\")]"}
RESULT: {"using":"xpath","value":"//bdi[contains(text(), \"OK\")]"}
COMMAND: POST /session/ffff9f21ee28ff8e1d9aa34f42faee99/element/f.7E00EA53797DB7C0883B340D4376DD1B.d.78C6D72A17C4D4BA51966FEA4C403968.e.2071/click - {}
RESULT: {}
COMMAND: GET /session/ffff9f21ee28ff8e1d9aa34f42faee99/screenshot - {}
RESULT: {}
COMMAND: POST /session/ffff9f21ee28ff8e1d9aa34f42faee99/element - {"using":"xpath","value":"//table[contains(@id, \"customPartnersTable\")]//tbody/tr[1]/td[3]/span"}
RESULT: {"using":"xpath","value":"//table[contains(@id, \"customPartnersTable\")]//tbody/tr[1]/td[3]/span"}
COMMAND: POST /session/ffff9f21ee28ff8e1d9aa34f42faee99/execute/sync - {"script":"<script> [56 bytes]","args":[{"element-6066-11e4-a52e-4f735466cecf":"f.7E00EA53797DB7C0883B340D4376DD1B.d.78C6D72A17C4D4BA51966FEA4C403968.e.2073","ELEMENT":"f.7E00EA53797DB7C0883B340D4376DD1B.d.78C6D72A17C4D4BA51966FEA4C403968.e.2073"}]}
RESULT: {"script":"<script> [56 bytes]","args":[{"element-6066-11e4-a52e-4f735466cecf":"f.7E00EA53797DB7C0883B340D4376DD1B.d.78C6D72A17C4D4BA51966FEA4C403968.e.2073","ELEMENT":"f.7E00EA53797DB7C0883B340D4376DD1B.d.78C6D72A17C4D4BA51966FEA4C403968.e.2073"}]}
RESULT: undefined
COMMAND: POST /session/ffff9f21ee28ff8e1d9aa34f42faee99/element - {"using":"xpath","value":"//*[@id=\"application-managepartners-display-component---masterPtm--smartTable-btnPersonalisation-img\"]"}
COMMAND: GET /session/ffff9f21ee28ff8e1d9aa34f42faee99/screenshot - {}
RESULT: {"using":"xpath","value":"//*[@id=\"application-managepartners-display-component---masterPtm--smartTable-btnPersonalisation-img\"]"}
COMMAND: POST /session/ffff9f21ee28ff8e1d9aa34f42faee99/element/f.7E00EA53797DB7C0883B340D4376DD1B.d.78C6D72A17C4D4BA51966FEA4C403968.e.1742/click - {}
RESULT: {}
RESULT: {}
COMMAND: GET /session/ffff9f21ee28ff8e1d9aa34f42faee99/screenshot - {}
RESULT: {}
COMMAND: POST /session/ffff9f21ee28ff8e1d9aa34f42faee99/execute/async - {"script":"<script> [1562 bytes]","args":[{"selector":{"controlType":"sap.m.IconTabFilter","viewName":"etm.portal.ui.managepartners.view.Master","viewId":"application-managepartners-display-component---masterPtm","properties":{"text":"Filter"},"searchOpenDialogs":true,"interaction":{"idSuffix":"text"}},"wdio_ui5_key":"etmportal.ui.managepartners.view.Mastersap.m.IconTabFilter{\"text\":\"Filter\"}"}]}
RESULT: {"script":"<script> [1562 bytes]","args":[{"selector":{"controlType":"sap.m.IconTabFilter","viewName":"etm.portal.ui.managepartners.view.Master","viewId":"application-managepartners-display-component---masterPtm","properties":{"text":"Filter"},"searchOpenDialogs":true,"interaction":{"idSuffix":"text"}},"wdio_ui5_key":"etmportal.ui.managepartners.view.Mastersap.m.IconTabFilter{\"text\":\"Filter\"}"}]}
RESULT: undefined
COMMAND: POST /session/ffff9f21ee28ff8e1d9aa34f42faee99/element - {"using":"xpath","value":"//*[@id=\"__filter10\"]"}
RESULT: {"using":"xpath","value":"//*[@id=\"__filter10\"]"}
COMMAND: POST /session/ffff9f21ee28ff8e1d9aa34f42faee99/element/f.7E00EA53797DB7C0883B340D4376DD1B.d.78C6D72A17C4D4BA51966FEA4C403968.e.2078/click - {}
RESULT: {}
COMMAND: GET /session/ffff9f21ee28ff8e1d9aa34f42faee99/screenshot - {}
RESULT: {}
COMMAND: POST /session/ffff9f21ee28ff8e1d9aa34f42faee99/element - {"using":"xpath","value":"//input[@placeholder=\"Filter by\"]/following-sibling::div//span"}
RESULT: {"using":"xpath","value":"//input[@placeholder=\"Filter by\"]/following-sibling::div//span"}
COMMAND: POST /session/ffff9f21ee28ff8e1d9aa34f42faee99/element/f.7E00EA53797DB7C0883B340D4376DD1B.d.78C6D72A17C4D4BA51966FEA4C403968.e.2080/click - {}
RESULT: {}
COMMAND: GET /session/ffff9f21ee28ff8e1d9aa34f42faee99/screenshot - {}
RESULT: {}
COMMAND: POST /session/ffff9f21ee28ff8e1d9aa34f42faee99/element - {"using":"xpath","value":"//li[.//span[text()=\"Preferred Yard\"]]"}
RESULT: {"using":"xpath","value":"//li[.//span[text()=\"Preferred Yard\"]]"}
COMMAND: POST /session/ffff9f21ee28ff8e1d9aa34f42faee99/element/f.7E00EA53797DB7C0883B340D4376DD1B.d.78C6D72A17C4D4BA51966FEA4C403968.e.2081/click - {}
RESULT: {}
COMMAND: GET /session/ffff9f21ee28ff8e1d9aa34f42faee99/screenshot - {}
RESULT: {}
COMMAND: POST /session/ffff9f21ee28ff8e1d9aa34f42faee99/execute/async - {"script":"<script> [1562 bytes]","args":[{"selector":{"id":"FilterPanel-filterItemControl_BASIC-application-managepartners-display-component---masterPtm--smartTable-YARDYARD-vhi","searchOpenDialogs":true},"wdio_ui5_key":"FilterPanelfilterItemControl_BASIC-application-managepartners-display-component---masterPtm--smartTable-YARDYARD-vhi"}]}
RESULT: {"script":"<script> [1562 bytes]","args":[{"selector":{"id":"FilterPanel-filterItemControl_BASIC-application-managepartners-display-component---masterPtm--smartTable-YARDYARD-vhi","searchOpenDialogs":true},"wdio_ui5_key":"FilterPanelfilterItemControl_BASIC-application-managepartners-display-component---masterPtm--smartTable-YARDYARD-vhi"}]}
RESULT: undefined
COMMAND: POST /session/ffff9f21ee28ff8e1d9aa34f42faee99/element - {"using":"xpath","value":"//*[@id=\"FilterPanel-filterItemControl_BASIC-application-managepartners-display-component---masterPtm--smartTable-YARDYARD-vhi\"]"}
RESULT: {"using":"xpath","value":"//*[@id=\"FilterPanel-filterItemControl_BASIC-application-managepartners-display-component---masterPtm--smartTable-YARDYARD-vhi\"]"}
COMMAND: POST /session/ffff9f21ee28ff8e1d9aa34f42faee99/element/f.7E00EA53797DB7C0883B340D4376DD1B.d.78C6D72A17C4D4BA51966FEA4C403968.e.2084/click - {}
RESULT: {}
COMMAND: GET /session/ffff9f21ee28ff8e1d9aa34f42faee99/screenshot - {}
RESULT: {}
COMMAND: POST /session/ffff9f21ee28ff8e1d9aa34f42faee99/execute/async - {"script":"<script> [1562 bytes]","args":[{"selector":{"id":"FilterPanel-filterItemControl_BASIC-application-managepartners-display-component---masterPtm--smartTable-YARDYARD-valueHelpDialog-smartFilterBar-btnBasicSearch","searchOpenDialogs":true,"interaction":{"idSuffix":"I"}},"wdio_ui5_key":"FilterPanelfilterItemControl_BASIC-application-managepartners-display-component---masterPtm--smartTable-YARDYARD-valueHelpDialog-smartFilterBar-btnBasicSearch"}]}
RESULT: {"script":"<script> [1562 bytes]","args":[{"selector":{"id":"FilterPanel-filterItemControl_BASIC-application-managepartners-display-component---masterPtm--smartTable-YARDYARD-valueHelpDialog-smartFilterBar-btnBasicSearch","searchOpenDialogs":true,"interaction":{"idSuffix":"I"}},"wdio_ui5_key":"FilterPanelfilterItemControl_BASIC-application-managepartners-display-component---masterPtm--smartTable-YARDYARD-valueHelpDialog-smartFilterBar-btnBasicSearch"}]}
RESULT: undefined
COMMAND: POST /session/ffff9f21ee28ff8e1d9aa34f42faee99/execute/async - {"script":"<script> [776 bytes]","args":[{"enterText":"532","selector":{"id":"FilterPanel-filterItemControl_BASIC-application-managepartners-display-component---masterPtm--smartTable-YARDYARD-valueHelpDialog-smartFilterBar-btnBasicSearch","searchOpenDialogs":true,"interaction":{"idSuffix":"I"}},"clearTextFirst":true,"interactionType":"ENTER_TEXT"}]}
RESULT: {"script":"<script> [776 bytes]","args":[{"enterText":"532","selector":{"id":"FilterPanel-filterItemControl_BASIC-application-managepartners-display-component---masterPtm--smartTable-YARDYARD-valueHelpDialog-smartFilterBar-btnBasicSearch","searchOpenDialogs":true,"interaction":{"idSuffix":"I"}},"clearTextFirst":true,"interactionType":"ENTER_TEXT"}]}
COMMAND: POST /session/ffff9f21ee28ff8e1d9aa34f42faee99/actions - {"actions":[{"id":"action3","type":"key","parameters":{},"actions":[{"type":"keyDown","value":"î€‡"},{"type":"pause","duration":10},{"type":"keyUp","value":"î€‡"}]}]}
RESULT: {"actions":[{"id":"action3","type":"key","parameters":{},"actions":[{"type":"keyDown","value":"î€‡"},{"type":"pause","duration":10},{"type":"keyUp","value":"î€‡"}]}]}
COMMAND: GET /session/ffff9f21ee28ff8e1d9aa34f42faee99/screenshot - {}
RESULT: {}
COMMAND: POST /session/ffff9f21ee28ff8e1d9aa34f42faee99/elements - {"using":"xpath","value":"//table[contains(@id, \"smartTable-YARDYARD-valueHelpDialog-table-table\")]/tbody/tr"}
RESULT: {"using":"xpath","value":"//table[contains(@id, \"smartTable-YARDYARD-valueHelpDialog-table-table\")]/tbody/tr"}
COMMAND: POST /session/ffff9f21ee28ff8e1d9aa34f42faee99/element - {"using":"xpath","value":"//table[contains(@id, \"smartTable-YARDYARD-valueHelpDialog-table-table\")]/tbody/tr[1]/td[1]/div/span"}
RESULT: {"using":"xpath","value":"//table[contains(@id, \"smartTable-YARDYARD-valueHelpDialog-table-table\")]/tbody/tr[1]/td[1]/div/span"}
COMMAND: POST /session/ffff9f21ee28ff8e1d9aa34f42faee99/elements - {"using":"xpath","value":"//table[contains(@id, \"smartTable-YARDYARD-valueHelpDialog-table-table\")]/tbody/tr[1]/td[1]/div/span"}
RESULT: {"using":"xpath","value":"//table[contains(@id, \"smartTable-YARDYARD-valueHelpDialog-table-table\")]/tbody/tr[1]/td[1]/div/span"}
COMMAND: POST /session/ffff9f21ee28ff8e1d9aa34f42faee99/execute/sync - {"script":"<script> [56 bytes]","args":[{"element-6066-11e4-a52e-4f735466cecf":"f.7E00EA53797DB7C0883B340D4376DD1B.d.78C6D72A17C4D4BA51966FEA4C403968.e.2103","ELEMENT":"f.7E00EA53797DB7C0883B340D4376DD1B.d.78C6D72A17C4D4BA51966FEA4C403968.e.2103"}]}
RESULT: {"script":"<script> [56 bytes]","args":[{"element-6066-11e4-a52e-4f735466cecf":"f.7E00EA53797DB7C0883B340D4376DD1B.d.78C6D72A17C4D4BA51966FEA4C403968.e.2103","ELEMENT":"f.7E00EA53797DB7C0883B340D4376DD1B.d.78C6D72A17C4D4BA51966FEA4C403968.e.2103"}]}
COMMAND: POST /session/ffff9f21ee28ff8e1d9aa34f42faee99/element - {"using":"xpath","value":"//table[contains(@id, \"smartTable-YARDYARD-valueHelpDialog-table-table\")]/tbody/tr[2]/td[1]/div/span"}
COMMAND: GET /session/ffff9f21ee28ff8e1d9aa34f42faee99/screenshot - {}
RESULT: {"using":"xpath","value":"//table[contains(@id, \"smartTable-YARDYARD-valueHelpDialog-table-table\")]/tbody/tr[2]/td[1]/div/span"}
COMMAND: POST /session/ffff9f21ee28ff8e1d9aa34f42faee99/elements - {"using":"xpath","value":"//table[contains(@id, \"smartTable-YARDYARD-valueHelpDialog-table-table\")]/tbody/tr[2]/td[1]/div/span"}
RESULT: {}
RESULT: {"using":"xpath","value":"//table[contains(@id, \"smartTable-YARDYARD-valueHelpDialog-table-table\")]/tbody/tr[2]/td[1]/div/span"}
COMMAND: POST /session/ffff9f21ee28ff8e1d9aa34f42faee99/execute/sync - {"script":"<script> [56 bytes]","args":[{"element-6066-11e4-a52e-4f735466cecf":"f.7E00EA53797DB7C0883B340D4376DD1B.d.78C6D72A17C4D4BA51966FEA4C403968.e.2104","ELEMENT":"f.7E00EA53797DB7C0883B340D4376DD1B.d.78C6D72A17C4D4BA51966FEA4C403968.e.2104"}]}
RESULT: {"script":"<script> [56 bytes]","args":[{"element-6066-11e4-a52e-4f735466cecf":"f.7E00EA53797DB7C0883B340D4376DD1B.d.78C6D72A17C4D4BA51966FEA4C403968.e.2104","ELEMENT":"f.7E00EA53797DB7C0883B340D4376DD1B.d.78C6D72A17C4D4BA51966FEA4C403968.e.2104"}]}
COMMAND: POST /session/ffff9f21ee28ff8e1d9aa34f42faee99/element - {"using":"xpath","value":"//div[contains(@id, \"YARDYARD-valueHelpDialog-table-rowsel1\")]"}
COMMAND: GET /session/ffff9f21ee28ff8e1d9aa34f42faee99/screenshot - {}
RESULT: {"using":"xpath","value":"//div[contains(@id, \"YARDYARD-valueHelpDialog-table-rowsel1\")]"}
COMMAND: POST /session/ffff9f21ee28ff8e1d9aa34f42faee99/element/f.7E00EA53797DB7C0883B340D4376DD1B.d.78C6D72A17C4D4BA51966FEA4C403968.e.2105/click - {}
RESULT: {}
RESULT: {}
COMMAND: GET /session/ffff9f21ee28ff8e1d9aa34f42faee99/screenshot - {}
RESULT: {}
COMMAND: POST /session/ffff9f21ee28ff8e1d9aa34f42faee99/element - {"using":"xpath","value":"(//bdi[contains(text(), \"OK\")])[2]"}
RESULT: {"using":"xpath","value":"(//bdi[contains(text(), \"OK\")])[2]"}
COMMAND: POST /session/ffff9f21ee28ff8e1d9aa34f42faee99/element/f.7E00EA53797DB7C0883B340D4376DD1B.d.78C6D72A17C4D4BA51966FEA4C403968.e.2107/click - {}
RESULT: {}
COMMAND: GET /session/ffff9f21ee28ff8e1d9aa34f42faee99/screenshot - {}
RESULT: {}
COMMAND: POST /session/ffff9f21ee28ff8e1d9aa34f42faee99/element - {"using":"xpath","value":"//bdi[contains(text(), \"OK\")]"}
RESULT: {"using":"xpath","value":"//bdi[contains(text(), \"OK\")]"}
COMMAND: POST /session/ffff9f21ee28ff8e1d9aa34f42faee99/element/f.7E00EA53797DB7C0883B340D4376DD1B.d.78C6D72A17C4D4BA51966FEA4C403968.e.2110/click - {}
RESULT: {}
COMMAND: GET /session/ffff9f21ee28ff8e1d9aa34f42faee99/screenshot - {}
RESULT: {}
COMMAND: POST /session/ffff9f21ee28ff8e1d9aa34f42faee99/element - {"using":"xpath","value":"//table[contains(@id, \"customPartnersTable\")]//tbody/tr[1]/td[3]/span"}
RESULT: {"using":"xpath","value":"//table[contains(@id, \"customPartnersTable\")]//tbody/tr[1]/td[3]/span"}
COMMAND: POST /session/ffff9f21ee28ff8e1d9aa34f42faee99/execute/sync - {"script":"<script> [56 bytes]","args":[{"element-6066-11e4-a52e-4f735466cecf":"f.7E00EA53797DB7C0883B340D4376DD1B.d.78C6D72A17C4D4BA51966FEA4C403968.e.2073","ELEMENT":"f.7E00EA53797DB7C0883B340D4376DD1B.d.78C6D72A17C4D4BA51966FEA4C403968.e.2073"}]}
RESULT: {"script":"<script> [56 bytes]","args":[{"element-6066-11e4-a52e-4f735466cecf":"f.7E00EA53797DB7C0883B340D4376DD1B.d.78C6D72A17C4D4BA51966FEA4C403968.e.2073","ELEMENT":"f.7E00EA53797DB7C0883B340D4376DD1B.d.78C6D72A17C4D4BA51966FEA4C403968.e.2073"}]}
COMMAND: POST /session/ffff9f21ee28ff8e1d9aa34f42faee99/element - {"using":"css selector","value":"#shell-header-logo"}
COMMAND: GET /session/ffff9f21ee28ff8e1d9aa34f42faee99/screenshot - {}
RESULT: {"using":"css selector","value":"#shell-header-logo"}
COMMAND: POST /session/ffff9f21ee28ff8e1d9aa34f42faee99/element/f.7E00EA53797DB7C0883B340D4376DD1B.d.78C6D72A17C4D4BA51966FEA4C403968.e.1692/click - {}
RESULT: {}
RESULT: {}
COMMAND: GET /session/ffff9f21ee28ff8e1d9aa34f42faee99/screenshot - {}
RESULT: {}
]]></system-out>
    </testcase>
    <testcase classname="chrome.135_0_7049_96.windows.Partner_specific_tests_US150819_US151080_US151654_US151176_US103444_US151078_US151079_US151109_US151174_US151175_US151189" name="Should deactivate the created partner in earlier step US151654" time="56.634">
      <system-out><![CDATA[
COMMAND: POST /session/ffff9f21ee28ff8e1d9aa34f42faee99/element - {"using":"xpath","value":"//li[.//span[text()=\"Manage Partners\"]]"}
RESULT: {"using":"xpath","value":"//li[.//span[text()=\"Manage Partners\"]]"}
COMMAND: POST /session/ffff9f21ee28ff8e1d9aa34f42faee99/element - {"using":"xpath","value":"//li[.//span[text()=\"Manage Partners\"]]"}
RESULT: {"using":"xpath","value":"//li[.//span[text()=\"Manage Partners\"]]"}
COMMAND: POST /session/ffff9f21ee28ff8e1d9aa34f42faee99/element - {"using":"css selector","value":"#shell-header-logo"}
RESULT: {"using":"css selector","value":"#shell-header-logo"}
COMMAND: POST /session/ffff9f21ee28ff8e1d9aa34f42faee99/element/f.7E00EA53797DB7C0883B340D4376DD1B.d.78C6D72A17C4D4BA51966FEA4C403968.e.2161/click - {}
COMMAND: POST /session/ffff9f21ee28ff8e1d9aa34f42faee99/execute/sync - {"script":"<script> [8489 bytes]","args":[{"element-6066-11e4-a52e-4f735466cecf":"f.7E00EA53797DB7C0883B340D4376DD1B.d.78C6D72A17C4D4BA51966FEA4C403968.e.2161","ELEMENT":"f.7E00EA53797DB7C0883B340D4376DD1B.d.78C6D72A17C4D4BA51966FEA4C403968.e.2161"}]}
RESULT: {}
COMMAND: GET /session/ffff9f21ee28ff8e1d9aa34f42faee99/screenshot - {}
RESULT: {"script":"<script> [8489 bytes]","args":[{"element-6066-11e4-a52e-4f735466cecf":"f.7E00EA53797DB7C0883B340D4376DD1B.d.78C6D72A17C4D4BA51966FEA4C403968.e.2161","ELEMENT":"f.7E00EA53797DB7C0883B340D4376DD1B.d.78C6D72A17C4D4BA51966FEA4C403968.e.2161"}]}
COMMAND: POST /session/ffff9f21ee28ff8e1d9aa34f42faee99/execute/sync - {"script":"<script> [5351 bytes]","args":[{"element-6066-11e4-a52e-4f735466cecf":"f.7E00EA53797DB7C0883B340D4376DD1B.d.78C6D72A17C4D4BA51966FEA4C403968.e.2161","ELEMENT":"f.7E00EA53797DB7C0883B340D4376DD1B.d.78C6D72A17C4D4BA51966FEA4C403968.e.2161"}]}
COMMAND: GET /session/ffff9f21ee28ff8e1d9aa34f42faee99/screenshot - {}
RESULT: {}
RESULT: {"script":"<script> [5351 bytes]","args":[{"element-6066-11e4-a52e-4f735466cecf":"f.7E00EA53797DB7C0883B340D4376DD1B.d.78C6D72A17C4D4BA51966FEA4C403968.e.2161","ELEMENT":"f.7E00EA53797DB7C0883B340D4376DD1B.d.78C6D72A17C4D4BA51966FEA4C403968.e.2161"}]}
COMMAND: GET /session/ffff9f21ee28ff8e1d9aa34f42faee99/screenshot - {}
RESULT: {}
RESULT: {}
RESULT: undefined
COMMAND: POST /session/ffff9f21ee28ff8e1d9aa34f42faee99/element - {"using":"xpath","value":"//*[@id=\"__tile38\"]"}
RESULT: {"using":"xpath","value":"//*[@id=\"__tile38\"]"}
COMMAND: POST /session/ffff9f21ee28ff8e1d9aa34f42faee99/element/f.7E00EA53797DB7C0883B340D4376DD1B.d.78C6D72A17C4D4BA51966FEA4C403968.e.149/click - {}
RESULT: {}
COMMAND: POST /session/ffff9f21ee28ff8e1d9aa34f42faee99/element - {"using":"xpath","value":"//button[@data-kt=\"addButton\"]"}
COMMAND: GET /session/ffff9f21ee28ff8e1d9aa34f42faee99/screenshot - {}
RESULT: {"using":"xpath","value":"//button[@data-kt=\"addButton\"]"}
COMMAND: POST /session/ffff9f21ee28ff8e1d9aa34f42faee99/elements - {"using":"xpath","value":"//button[@data-kt=\"addButton\"]"}
RESULT: {}
RESULT: {"using":"xpath","value":"//button[@data-kt=\"addButton\"]"}
COMMAND: POST /session/ffff9f21ee28ff8e1d9aa34f42faee99/element - {"using":"xpath","value":"//button[@data-kt=\"addButton\"]"}
RESULT: {"using":"xpath","value":"//button[@data-kt=\"addButton\"]"}
COMMAND: POST /session/ffff9f21ee28ff8e1d9aa34f42faee99/execute/sync - {"script":"<script> [8489 bytes]","args":[{"element-6066-11e4-a52e-4f735466cecf":"f.7E00EA53797DB7C0883B340D4376DD1B.d.78C6D72A17C4D4BA51966FEA4C403968.e.2207","ELEMENT":"f.7E00EA53797DB7C0883B340D4376DD1B.d.78C6D72A17C4D4BA51966FEA4C403968.e.2207"}]}
RESULT: {"script":"<script> [8489 bytes]","args":[{"element-6066-11e4-a52e-4f735466cecf":"f.7E00EA53797DB7C0883B340D4376DD1B.d.78C6D72A17C4D4BA51966FEA4C403968.e.2207","ELEMENT":"f.7E00EA53797DB7C0883B340D4376DD1B.d.78C6D72A17C4D4BA51966FEA4C403968.e.2207"}]}
COMMAND: GET /session/ffff9f21ee28ff8e1d9aa34f42faee99/element/f.7E00EA53797DB7C0883B340D4376DD1B.d.78C6D72A17C4D4BA51966FEA4C403968.e.2207/enabled - {}
COMMAND: GET /session/ffff9f21ee28ff8e1d9aa34f42faee99/screenshot - {}
RESULT: {}
COMMAND: POST /session/ffff9f21ee28ff8e1d9aa34f42faee99/execute/sync - {"script":"<script> [8489 bytes]","args":[{"element-6066-11e4-a52e-4f735466cecf":"f.7E00EA53797DB7C0883B340D4376DD1B.d.78C6D72A17C4D4BA51966FEA4C403968.e.2207","ELEMENT":"f.7E00EA53797DB7C0883B340D4376DD1B.d.78C6D72A17C4D4BA51966FEA4C403968.e.2207"}]}
COMMAND: GET /session/ffff9f21ee28ff8e1d9aa34f42faee99/screenshot - {}
RESULT: {}
RESULT: {"script":"<script> [8489 bytes]","args":[{"element-6066-11e4-a52e-4f735466cecf":"f.7E00EA53797DB7C0883B340D4376DD1B.d.78C6D72A17C4D4BA51966FEA4C403968.e.2207","ELEMENT":"f.7E00EA53797DB7C0883B340D4376DD1B.d.78C6D72A17C4D4BA51966FEA4C403968.e.2207"}]}
COMMAND: POST /session/ffff9f21ee28ff8e1d9aa34f42faee99/execute/sync - {"script":"<script> [5351 bytes]","args":[{"element-6066-11e4-a52e-4f735466cecf":"f.7E00EA53797DB7C0883B340D4376DD1B.d.78C6D72A17C4D4BA51966FEA4C403968.e.2207","ELEMENT":"f.7E00EA53797DB7C0883B340D4376DD1B.d.78C6D72A17C4D4BA51966FEA4C403968.e.2207"}]}
COMMAND: GET /session/ffff9f21ee28ff8e1d9aa34f42faee99/screenshot - {}
RESULT: {}
RESULT: {"script":"<script> [5351 bytes]","args":[{"element-6066-11e4-a52e-4f735466cecf":"f.7E00EA53797DB7C0883B340D4376DD1B.d.78C6D72A17C4D4BA51966FEA4C403968.e.2207","ELEMENT":"f.7E00EA53797DB7C0883B340D4376DD1B.d.78C6D72A17C4D4BA51966FEA4C403968.e.2207"}]}
COMMAND: GET /session/ffff9f21ee28ff8e1d9aa34f42faee99/screenshot - {}
RESULT: {}
RESULT: {}
COMMAND: POST /session/ffff9f21ee28ff8e1d9aa34f42faee99/execute/async - {"script":"<script> [1562 bytes]","args":[{"selector":{"id":"application-managepartners-display-component---masterPtm--smartFilterBar-btnBasicSearch","interaction":{"idSuffix":"I"}},"wdio_ui5_key":"applicationmanagepartners-display-component---masterPtm--smartFilterBar-btnBasicSearch"}]}
RESULT: {"script":"<script> [1562 bytes]","args":[{"selector":{"id":"application-managepartners-display-component---masterPtm--smartFilterBar-btnBasicSearch","interaction":{"idSuffix":"I"}},"wdio_ui5_key":"applicationmanagepartners-display-component---masterPtm--smartFilterBar-btnBasicSearch"}]}
RESULT: undefined
COMMAND: POST /session/ffff9f21ee28ff8e1d9aa34f42faee99/execute/async - {"script":"<script> [776 bytes]","args":[{"enterText":"1406","selector":{"id":"application-managepartners-display-component---masterPtm--smartFilterBar-btnBasicSearch","interaction":{"idSuffix":"I"}},"clearTextFirst":true,"interactionType":"ENTER_TEXT"}]}
RESULT: {"script":"<script> [776 bytes]","args":[{"enterText":"1406","selector":{"id":"application-managepartners-display-component---masterPtm--smartFilterBar-btnBasicSearch","interaction":{"idSuffix":"I"}},"clearTextFirst":true,"interactionType":"ENTER_TEXT"}]}
COMMAND: POST /session/ffff9f21ee28ff8e1d9aa34f42faee99/actions - {"actions":[{"id":"action4","type":"key","parameters":{},"actions":[{"type":"keyDown","value":"î€‡"},{"type":"pause","duration":10},{"type":"keyUp","value":"î€‡"}]}]}
RESULT: {"actions":[{"id":"action4","type":"key","parameters":{},"actions":[{"type":"keyDown","value":"î€‡"},{"type":"pause","duration":10},{"type":"keyUp","value":"î€‡"}]}]}
COMMAND: GET /session/ffff9f21ee28ff8e1d9aa34f42faee99/screenshot - {}
RESULT: {}
COMMAND: POST /session/ffff9f21ee28ff8e1d9aa34f42faee99/elements - {"using":"xpath","value":"//table[contains(@id, \"customPartnersTable-listUl\")]/tbody/tr"}
RESULT: {"using":"xpath","value":"//table[contains(@id, \"customPartnersTable-listUl\")]/tbody/tr"}
COMMAND: POST /session/ffff9f21ee28ff8e1d9aa34f42faee99/element - {"using":"xpath","value":"//table[contains(@id, \"customPartnersTable-listUl\")]/tbody/tr[1]/td[3]/span"}
RESULT: {"using":"xpath","value":"//table[contains(@id, \"customPartnersTable-listUl\")]/tbody/tr[1]/td[3]/span"}
COMMAND: POST /session/ffff9f21ee28ff8e1d9aa34f42faee99/elements - {"using":"xpath","value":"//table[contains(@id, \"customPartnersTable-listUl\")]/tbody/tr[1]/td[3]/span"}
RESULT: {"using":"xpath","value":"//table[contains(@id, \"customPartnersTable-listUl\")]/tbody/tr[1]/td[3]/span"}
COMMAND: POST /session/ffff9f21ee28ff8e1d9aa34f42faee99/execute/sync - {"script":"<script> [56 bytes]","args":[{"element-6066-11e4-a52e-4f735466cecf":"f.7E00EA53797DB7C0883B340D4376DD1B.d.78C6D72A17C4D4BA51966FEA4C403968.e.2347","ELEMENT":"f.7E00EA53797DB7C0883B340D4376DD1B.d.78C6D72A17C4D4BA51966FEA4C403968.e.2347"}]}
RESULT: {"script":"<script> [56 bytes]","args":[{"element-6066-11e4-a52e-4f735466cecf":"f.7E00EA53797DB7C0883B340D4376DD1B.d.78C6D72A17C4D4BA51966FEA4C403968.e.2347","ELEMENT":"f.7E00EA53797DB7C0883B340D4376DD1B.d.78C6D72A17C4D4BA51966FEA4C403968.e.2347"}]}
COMMAND: POST /session/ffff9f21ee28ff8e1d9aa34f42faee99/element - {"using":"xpath","value":"//table[contains(@id, \"customPartnersTable-listUl\")]/tbody/tr[1]/td[7]/div/span"}
COMMAND: GET /session/ffff9f21ee28ff8e1d9aa34f42faee99/screenshot - {}
RESULT: {"using":"xpath","value":"//table[contains(@id, \"customPartnersTable-listUl\")]/tbody/tr[1]/td[7]/div/span"}
COMMAND: POST /session/ffff9f21ee28ff8e1d9aa34f42faee99/execute/sync - {"script":"<script> [56 bytes]","args":[{"element-6066-11e4-a52e-4f735466cecf":"f.7E00EA53797DB7C0883B340D4376DD1B.d.78C6D72A17C4D4BA51966FEA4C403968.e.2348","ELEMENT":"f.7E00EA53797DB7C0883B340D4376DD1B.d.78C6D72A17C4D4BA51966FEA4C403968.e.2348"}]}
RESULT: {}
RESULT: {"script":"<script> [56 bytes]","args":[{"element-6066-11e4-a52e-4f735466cecf":"f.7E00EA53797DB7C0883B340D4376DD1B.d.78C6D72A17C4D4BA51966FEA4C403968.e.2348","ELEMENT":"f.7E00EA53797DB7C0883B340D4376DD1B.d.78C6D72A17C4D4BA51966FEA4C403968.e.2348"}]}
COMMAND: POST /session/ffff9f21ee28ff8e1d9aa34f42faee99/element - {"using":"xpath","value":"//table[contains(@id, \"customPartnersTable-listUl\")]/tbody/tr[1]/td[2]/div/div"}
COMMAND: GET /session/ffff9f21ee28ff8e1d9aa34f42faee99/screenshot - {}
RESULT: {"using":"xpath","value":"//table[contains(@id, \"customPartnersTable-listUl\")]/tbody/tr[1]/td[2]/div/div"}
COMMAND: POST /session/ffff9f21ee28ff8e1d9aa34f42faee99/element/f.7E00EA53797DB7C0883B340D4376DD1B.d.78C6D72A17C4D4BA51966FEA4C403968.e.2349/click - {}
RESULT: {}
RESULT: {}
COMMAND: GET /session/ffff9f21ee28ff8e1d9aa34f42faee99/screenshot - {}
RESULT: {}
COMMAND: POST /session/ffff9f21ee28ff8e1d9aa34f42faee99/element - {"using":"xpath","value":"//bdi[contains(text(), \"Deactivate\")]"}
RESULT: {"using":"xpath","value":"//bdi[contains(text(), \"Deactivate\")]"}
COMMAND: POST /session/ffff9f21ee28ff8e1d9aa34f42faee99/element/f.7E00EA53797DB7C0883B340D4376DD1B.d.78C6D72A17C4D4BA51966FEA4C403968.e.2350/click - {}
RESULT: {}
COMMAND: GET /session/ffff9f21ee28ff8e1d9aa34f42faee99/screenshot - {}
RESULT: {}
COMMAND: POST /session/ffff9f21ee28ff8e1d9aa34f42faee99/element - {"using":"xpath","value":"//bdi[contains(text(), \"Yes\")]"}
RESULT: {"using":"xpath","value":"//bdi[contains(text(), \"Yes\")]"}
COMMAND: POST /session/ffff9f21ee28ff8e1d9aa34f42faee99/element/f.7E00EA53797DB7C0883B340D4376DD1B.d.78C6D72A17C4D4BA51966FEA4C403968.e.2352/click - {}
RESULT: {}
COMMAND: GET /session/ffff9f21ee28ff8e1d9aa34f42faee99/screenshot - {}
RESULT: {}
COMMAND: POST /session/ffff9f21ee28ff8e1d9aa34f42faee99/element - {"using":"xpath","value":"//table[contains(@id, \"customPartnersTable-listUl\")]/tbody/tr[1]/td[7]/div/span"}
RESULT: {"using":"xpath","value":"//table[contains(@id, \"customPartnersTable-listUl\")]/tbody/tr[1]/td[7]/div/span"}
COMMAND: POST /session/ffff9f21ee28ff8e1d9aa34f42faee99/execute/sync - {"script":"<script> [56 bytes]","args":[{"element-6066-11e4-a52e-4f735466cecf":"f.7E00EA53797DB7C0883B340D4376DD1B.d.78C6D72A17C4D4BA51966FEA4C403968.e.2348","ELEMENT":"f.7E00EA53797DB7C0883B340D4376DD1B.d.78C6D72A17C4D4BA51966FEA4C403968.e.2348"}]}
RESULT: {"script":"<script> [56 bytes]","args":[{"element-6066-11e4-a52e-4f735466cecf":"f.7E00EA53797DB7C0883B340D4376DD1B.d.78C6D72A17C4D4BA51966FEA4C403968.e.2348","ELEMENT":"f.7E00EA53797DB7C0883B340D4376DD1B.d.78C6D72A17C4D4BA51966FEA4C403968.e.2348"}]}
COMMAND: GET /session/ffff9f21ee28ff8e1d9aa34f42faee99/screenshot - {}
RESULT: {}
COMMAND: POST /session/ffff9f21ee28ff8e1d9aa34f42faee99/element - {"using":"css selector","value":"#shell-header-logo"}
RESULT: {"using":"css selector","value":"#shell-header-logo"}
COMMAND: POST /session/ffff9f21ee28ff8e1d9aa34f42faee99/element/f.7E00EA53797DB7C0883B340D4376DD1B.d.78C6D72A17C4D4BA51966FEA4C403968.e.2161/click - {}
RESULT: {}
COMMAND: GET /session/ffff9f21ee28ff8e1d9aa34f42faee99/screenshot - {}
RESULT: {}
]]></system-out>
    </testcase>
    <testcase classname="chrome.135_0_7049_96.windows.Partner_specific_tests_US150819_US151080_US151654_US151176_US103444_US151078_US151079_US151109_US151174_US151175_US151189" name="Should activate the created partner again US151176" time="56.329">
      <system-out><![CDATA[
COMMAND: POST /session/ffff9f21ee28ff8e1d9aa34f42faee99/element - {"using":"xpath","value":"//li[.//span[text()=\"Manage Partners\"]]"}
RESULT: {"using":"xpath","value":"//li[.//span[text()=\"Manage Partners\"]]"}
COMMAND: POST /session/ffff9f21ee28ff8e1d9aa34f42faee99/element - {"using":"xpath","value":"//li[.//span[text()=\"Manage Partners\"]]"}
RESULT: {"using":"xpath","value":"//li[.//span[text()=\"Manage Partners\"]]"}
COMMAND: POST /session/ffff9f21ee28ff8e1d9aa34f42faee99/element - {"using":"css selector","value":"#shell-header-logo"}
RESULT: {"using":"css selector","value":"#shell-header-logo"}
COMMAND: POST /session/ffff9f21ee28ff8e1d9aa34f42faee99/element/f.7E00EA53797DB7C0883B340D4376DD1B.d.78C6D72A17C4D4BA51966FEA4C403968.e.2356/click - {}
COMMAND: POST /session/ffff9f21ee28ff8e1d9aa34f42faee99/execute/sync - {"script":"<script> [8489 bytes]","args":[{"element-6066-11e4-a52e-4f735466cecf":"f.7E00EA53797DB7C0883B340D4376DD1B.d.78C6D72A17C4D4BA51966FEA4C403968.e.2356","ELEMENT":"f.7E00EA53797DB7C0883B340D4376DD1B.d.78C6D72A17C4D4BA51966FEA4C403968.e.2356"}]}
RESULT: {}
COMMAND: GET /session/ffff9f21ee28ff8e1d9aa34f42faee99/screenshot - {}
RESULT: {"script":"<script> [8489 bytes]","args":[{"element-6066-11e4-a52e-4f735466cecf":"f.7E00EA53797DB7C0883B340D4376DD1B.d.78C6D72A17C4D4BA51966FEA4C403968.e.2356","ELEMENT":"f.7E00EA53797DB7C0883B340D4376DD1B.d.78C6D72A17C4D4BA51966FEA4C403968.e.2356"}]}
COMMAND: POST /session/ffff9f21ee28ff8e1d9aa34f42faee99/execute/sync - {"script":"<script> [5351 bytes]","args":[{"element-6066-11e4-a52e-4f735466cecf":"f.7E00EA53797DB7C0883B340D4376DD1B.d.78C6D72A17C4D4BA51966FEA4C403968.e.2356","ELEMENT":"f.7E00EA53797DB7C0883B340D4376DD1B.d.78C6D72A17C4D4BA51966FEA4C403968.e.2356"}]}
COMMAND: GET /session/ffff9f21ee28ff8e1d9aa34f42faee99/screenshot - {}
RESULT: {}
RESULT: {"script":"<script> [5351 bytes]","args":[{"element-6066-11e4-a52e-4f735466cecf":"f.7E00EA53797DB7C0883B340D4376DD1B.d.78C6D72A17C4D4BA51966FEA4C403968.e.2356","ELEMENT":"f.7E00EA53797DB7C0883B340D4376DD1B.d.78C6D72A17C4D4BA51966FEA4C403968.e.2356"}]}
COMMAND: GET /session/ffff9f21ee28ff8e1d9aa34f42faee99/screenshot - {}
RESULT: {}
RESULT: {}
RESULT: undefined
COMMAND: POST /session/ffff9f21ee28ff8e1d9aa34f42faee99/element - {"using":"xpath","value":"//*[@id=\"__tile38\"]"}
RESULT: {"using":"xpath","value":"//*[@id=\"__tile38\"]"}
COMMAND: POST /session/ffff9f21ee28ff8e1d9aa34f42faee99/element/f.7E00EA53797DB7C0883B340D4376DD1B.d.78C6D72A17C4D4BA51966FEA4C403968.e.149/click - {}
RESULT: {}
COMMAND: POST /session/ffff9f21ee28ff8e1d9aa34f42faee99/element - {"using":"xpath","value":"//button[@data-kt=\"addButton\"]"}
COMMAND: GET /session/ffff9f21ee28ff8e1d9aa34f42faee99/screenshot - {}
RESULT: {"using":"xpath","value":"//button[@data-kt=\"addButton\"]"}
COMMAND: POST /session/ffff9f21ee28ff8e1d9aa34f42faee99/elements - {"using":"xpath","value":"//button[@data-kt=\"addButton\"]"}
RESULT: {}
RESULT: {"using":"xpath","value":"//button[@data-kt=\"addButton\"]"}
COMMAND: POST /session/ffff9f21ee28ff8e1d9aa34f42faee99/element - {"using":"xpath","value":"//button[@data-kt=\"addButton\"]"}
RESULT: {"using":"xpath","value":"//button[@data-kt=\"addButton\"]"}
COMMAND: POST /session/ffff9f21ee28ff8e1d9aa34f42faee99/execute/sync - {"script":"<script> [8489 bytes]","args":[{"element-6066-11e4-a52e-4f735466cecf":"f.7E00EA53797DB7C0883B340D4376DD1B.d.78C6D72A17C4D4BA51966FEA4C403968.e.2401","ELEMENT":"f.7E00EA53797DB7C0883B340D4376DD1B.d.78C6D72A17C4D4BA51966FEA4C403968.e.2401"}]}
RESULT: {"script":"<script> [8489 bytes]","args":[{"element-6066-11e4-a52e-4f735466cecf":"f.7E00EA53797DB7C0883B340D4376DD1B.d.78C6D72A17C4D4BA51966FEA4C403968.e.2401","ELEMENT":"f.7E00EA53797DB7C0883B340D4376DD1B.d.78C6D72A17C4D4BA51966FEA4C403968.e.2401"}]}
COMMAND: GET /session/ffff9f21ee28ff8e1d9aa34f42faee99/element/f.7E00EA53797DB7C0883B340D4376DD1B.d.78C6D72A17C4D4BA51966FEA4C403968.e.2401/enabled - {}
COMMAND: GET /session/ffff9f21ee28ff8e1d9aa34f42faee99/screenshot - {}
RESULT: {}
COMMAND: POST /session/ffff9f21ee28ff8e1d9aa34f42faee99/execute/sync - {"script":"<script> [8489 bytes]","args":[{"element-6066-11e4-a52e-4f735466cecf":"f.7E00EA53797DB7C0883B340D4376DD1B.d.78C6D72A17C4D4BA51966FEA4C403968.e.2401","ELEMENT":"f.7E00EA53797DB7C0883B340D4376DD1B.d.78C6D72A17C4D4BA51966FEA4C403968.e.2401"}]}
COMMAND: GET /session/ffff9f21ee28ff8e1d9aa34f42faee99/screenshot - {}
RESULT: {}
RESULT: {"script":"<script> [8489 bytes]","args":[{"element-6066-11e4-a52e-4f735466cecf":"f.7E00EA53797DB7C0883B340D4376DD1B.d.78C6D72A17C4D4BA51966FEA4C403968.e.2401","ELEMENT":"f.7E00EA53797DB7C0883B340D4376DD1B.d.78C6D72A17C4D4BA51966FEA4C403968.e.2401"}]}
COMMAND: POST /session/ffff9f21ee28ff8e1d9aa34f42faee99/execute/sync - {"script":"<script> [5351 bytes]","args":[{"element-6066-11e4-a52e-4f735466cecf":"f.7E00EA53797DB7C0883B340D4376DD1B.d.78C6D72A17C4D4BA51966FEA4C403968.e.2401","ELEMENT":"f.7E00EA53797DB7C0883B340D4376DD1B.d.78C6D72A17C4D4BA51966FEA4C403968.e.2401"}]}
COMMAND: GET /session/ffff9f21ee28ff8e1d9aa34f42faee99/screenshot - {}
RESULT: {}
RESULT: {"script":"<script> [5351 bytes]","args":[{"element-6066-11e4-a52e-4f735466cecf":"f.7E00EA53797DB7C0883B340D4376DD1B.d.78C6D72A17C4D4BA51966FEA4C403968.e.2401","ELEMENT":"f.7E00EA53797DB7C0883B340D4376DD1B.d.78C6D72A17C4D4BA51966FEA4C403968.e.2401"}]}
COMMAND: GET /session/ffff9f21ee28ff8e1d9aa34f42faee99/screenshot - {}
RESULT: {}
RESULT: {}
RESULT: undefined
COMMAND: POST /session/ffff9f21ee28ff8e1d9aa34f42faee99/execute/async - {"script":"<script> [776 bytes]","args":[{"enterText":"1406","selector":{"id":"application-managepartners-display-component---masterPtm--smartFilterBar-btnBasicSearch","interaction":{"idSuffix":"I"}},"clearTextFirst":true,"interactionType":"ENTER_TEXT"}]}
RESULT: {"script":"<script> [776 bytes]","args":[{"enterText":"1406","selector":{"id":"application-managepartners-display-component---masterPtm--smartFilterBar-btnBasicSearch","interaction":{"idSuffix":"I"}},"clearTextFirst":true,"interactionType":"ENTER_TEXT"}]}
COMMAND: POST /session/ffff9f21ee28ff8e1d9aa34f42faee99/actions - {"actions":[{"id":"action5","type":"key","parameters":{},"actions":[{"type":"keyDown","value":"î€‡"},{"type":"pause","duration":10},{"type":"keyUp","value":"î€‡"}]}]}
RESULT: {"actions":[{"id":"action5","type":"key","parameters":{},"actions":[{"type":"keyDown","value":"î€‡"},{"type":"pause","duration":10},{"type":"keyUp","value":"î€‡"}]}]}
COMMAND: GET /session/ffff9f21ee28ff8e1d9aa34f42faee99/screenshot - {}
RESULT: {}
COMMAND: POST /session/ffff9f21ee28ff8e1d9aa34f42faee99/elements - {"using":"xpath","value":"//table[contains(@id, \"customPartnersTable-listUl\")]/tbody/tr"}
RESULT: {"using":"xpath","value":"//table[contains(@id, \"customPartnersTable-listUl\")]/tbody/tr"}
COMMAND: POST /session/ffff9f21ee28ff8e1d9aa34f42faee99/element - {"using":"xpath","value":"//table[contains(@id, \"customPartnersTable-listUl\")]/tbody/tr[1]/td[3]/span"}
RESULT: {"using":"xpath","value":"//table[contains(@id, \"customPartnersTable-listUl\")]/tbody/tr[1]/td[3]/span"}
COMMAND: POST /session/ffff9f21ee28ff8e1d9aa34f42faee99/elements - {"using":"xpath","value":"//table[contains(@id, \"customPartnersTable-listUl\")]/tbody/tr[1]/td[3]/span"}
RESULT: {"using":"xpath","value":"//table[contains(@id, \"customPartnersTable-listUl\")]/tbody/tr[1]/td[3]/span"}
COMMAND: POST /session/ffff9f21ee28ff8e1d9aa34f42faee99/execute/sync - {"script":"<script> [56 bytes]","args":[{"element-6066-11e4-a52e-4f735466cecf":"f.7E00EA53797DB7C0883B340D4376DD1B.d.78C6D72A17C4D4BA51966FEA4C403968.e.2537","ELEMENT":"f.7E00EA53797DB7C0883B340D4376DD1B.d.78C6D72A17C4D4BA51966FEA4C403968.e.2537"}]}
RESULT: {"script":"<script> [56 bytes]","args":[{"element-6066-11e4-a52e-4f735466cecf":"f.7E00EA53797DB7C0883B340D4376DD1B.d.78C6D72A17C4D4BA51966FEA4C403968.e.2537","ELEMENT":"f.7E00EA53797DB7C0883B340D4376DD1B.d.78C6D72A17C4D4BA51966FEA4C403968.e.2537"}]}
COMMAND: POST /session/ffff9f21ee28ff8e1d9aa34f42faee99/element - {"using":"xpath","value":"//table[contains(@id, \"customPartnersTable-listUl\")]/tbody/tr[1]/td[7]/div/span"}
COMMAND: GET /session/ffff9f21ee28ff8e1d9aa34f42faee99/screenshot - {}
RESULT: {"using":"xpath","value":"//table[contains(@id, \"customPartnersTable-listUl\")]/tbody/tr[1]/td[7]/div/span"}
COMMAND: POST /session/ffff9f21ee28ff8e1d9aa34f42faee99/execute/sync - {"script":"<script> [56 bytes]","args":[{"element-6066-11e4-a52e-4f735466cecf":"f.7E00EA53797DB7C0883B340D4376DD1B.d.78C6D72A17C4D4BA51966FEA4C403968.e.2538","ELEMENT":"f.7E00EA53797DB7C0883B340D4376DD1B.d.78C6D72A17C4D4BA51966FEA4C403968.e.2538"}]}
RESULT: {}
RESULT: {"script":"<script> [56 bytes]","args":[{"element-6066-11e4-a52e-4f735466cecf":"f.7E00EA53797DB7C0883B340D4376DD1B.d.78C6D72A17C4D4BA51966FEA4C403968.e.2538","ELEMENT":"f.7E00EA53797DB7C0883B340D4376DD1B.d.78C6D72A17C4D4BA51966FEA4C403968.e.2538"}]}
COMMAND: POST /session/ffff9f21ee28ff8e1d9aa34f42faee99/element - {"using":"xpath","value":"//table[contains(@id, \"customPartnersTable-listUl\")]/tbody/tr[1]/td[2]/div/div"}
COMMAND: GET /session/ffff9f21ee28ff8e1d9aa34f42faee99/screenshot - {}
RESULT: {"using":"xpath","value":"//table[contains(@id, \"customPartnersTable-listUl\")]/tbody/tr[1]/td[2]/div/div"}
COMMAND: POST /session/ffff9f21ee28ff8e1d9aa34f42faee99/element/f.7E00EA53797DB7C0883B340D4376DD1B.d.78C6D72A17C4D4BA51966FEA4C403968.e.2539/click - {}
RESULT: {}
RESULT: {}
COMMAND: GET /session/ffff9f21ee28ff8e1d9aa34f42faee99/screenshot - {}
RESULT: {}
COMMAND: POST /session/ffff9f21ee28ff8e1d9aa34f42faee99/element - {"using":"xpath","value":"//bdi[contains(text(), \"Activate\")]"}
RESULT: {"using":"xpath","value":"//bdi[contains(text(), \"Activate\")]"}
COMMAND: POST /session/ffff9f21ee28ff8e1d9aa34f42faee99/element/f.7E00EA53797DB7C0883B340D4376DD1B.d.78C6D72A17C4D4BA51966FEA4C403968.e.2540/click - {}
RESULT: {}
COMMAND: GET /session/ffff9f21ee28ff8e1d9aa34f42faee99/screenshot - {}
RESULT: {}
COMMAND: POST /session/ffff9f21ee28ff8e1d9aa34f42faee99/element - {"using":"xpath","value":"//bdi[contains(text(), \"Yes\")]"}
RESULT: {"using":"xpath","value":"//bdi[contains(text(), \"Yes\")]"}
COMMAND: POST /session/ffff9f21ee28ff8e1d9aa34f42faee99/element/f.7E00EA53797DB7C0883B340D4376DD1B.d.78C6D72A17C4D4BA51966FEA4C403968.e.2542/click - {}
RESULT: {}
COMMAND: GET /session/ffff9f21ee28ff8e1d9aa34f42faee99/screenshot - {}
RESULT: {}
COMMAND: POST /session/ffff9f21ee28ff8e1d9aa34f42faee99/element - {"using":"xpath","value":"//table[contains(@id, \"customPartnersTable-listUl\")]/tbody/tr[1]/td[7]/div/span"}
RESULT: {"using":"xpath","value":"//table[contains(@id, \"customPartnersTable-listUl\")]/tbody/tr[1]/td[7]/div/span"}
COMMAND: POST /session/ffff9f21ee28ff8e1d9aa34f42faee99/execute/sync - {"script":"<script> [56 bytes]","args":[{"element-6066-11e4-a52e-4f735466cecf":"f.7E00EA53797DB7C0883B340D4376DD1B.d.78C6D72A17C4D4BA51966FEA4C403968.e.2538","ELEMENT":"f.7E00EA53797DB7C0883B340D4376DD1B.d.78C6D72A17C4D4BA51966FEA4C403968.e.2538"}]}
RESULT: {"script":"<script> [56 bytes]","args":[{"element-6066-11e4-a52e-4f735466cecf":"f.7E00EA53797DB7C0883B340D4376DD1B.d.78C6D72A17C4D4BA51966FEA4C403968.e.2538","ELEMENT":"f.7E00EA53797DB7C0883B340D4376DD1B.d.78C6D72A17C4D4BA51966FEA4C403968.e.2538"}]}
COMMAND: GET /session/ffff9f21ee28ff8e1d9aa34f42faee99/screenshot - {}
RESULT: {}
COMMAND: POST /session/ffff9f21ee28ff8e1d9aa34f42faee99/element - {"using":"css selector","value":"#shell-header-logo"}
RESULT: {"using":"css selector","value":"#shell-header-logo"}
COMMAND: POST /session/ffff9f21ee28ff8e1d9aa34f42faee99/element/f.7E00EA53797DB7C0883B340D4376DD1B.d.78C6D72A17C4D4BA51966FEA4C403968.e.2356/click - {}
RESULT: {}
COMMAND: GET /session/ffff9f21ee28ff8e1d9aa34f42faee99/screenshot - {}
RESULT: {}
]]></system-out>
    </testcase>
    <testcase classname="chrome.135_0_7049_96.windows.Partner_specific_tests_US150819_US151080_US151654_US151176_US103444_US151078_US151079_US151109_US151174_US151175_US151189" name="Should edit the created external partner and save it and check its content US103444" time="70.526">
      <system-out><![CDATA[
COMMAND: POST /session/ffff9f21ee28ff8e1d9aa34f42faee99/element - {"using":"xpath","value":"//li[.//span[text()=\"Manage Partners\"]]"}
RESULT: {"using":"xpath","value":"//li[.//span[text()=\"Manage Partners\"]]"}
COMMAND: POST /session/ffff9f21ee28ff8e1d9aa34f42faee99/element - {"using":"xpath","value":"//li[.//span[text()=\"Manage Partners\"]]"}
RESULT: {"using":"xpath","value":"//li[.//span[text()=\"Manage Partners\"]]"}
COMMAND: POST /session/ffff9f21ee28ff8e1d9aa34f42faee99/element - {"using":"css selector","value":"#shell-header-logo"}
RESULT: {"using":"css selector","value":"#shell-header-logo"}
COMMAND: POST /session/ffff9f21ee28ff8e1d9aa34f42faee99/element/f.7E00EA53797DB7C0883B340D4376DD1B.d.78C6D72A17C4D4BA51966FEA4C403968.e.2546/click - {}
COMMAND: POST /session/ffff9f21ee28ff8e1d9aa34f42faee99/execute/sync - {"script":"<script> [8489 bytes]","args":[{"element-6066-11e4-a52e-4f735466cecf":"f.7E00EA53797DB7C0883B340D4376DD1B.d.78C6D72A17C4D4BA51966FEA4C403968.e.2546","ELEMENT":"f.7E00EA53797DB7C0883B340D4376DD1B.d.78C6D72A17C4D4BA51966FEA4C403968.e.2546"}]}
RESULT: {}
COMMAND: GET /session/ffff9f21ee28ff8e1d9aa34f42faee99/screenshot - {}
RESULT: {"script":"<script> [8489 bytes]","args":[{"element-6066-11e4-a52e-4f735466cecf":"f.7E00EA53797DB7C0883B340D4376DD1B.d.78C6D72A17C4D4BA51966FEA4C403968.e.2546","ELEMENT":"f.7E00EA53797DB7C0883B340D4376DD1B.d.78C6D72A17C4D4BA51966FEA4C403968.e.2546"}]}
COMMAND: POST /session/ffff9f21ee28ff8e1d9aa34f42faee99/execute/sync - {"script":"<script> [5351 bytes]","args":[{"element-6066-11e4-a52e-4f735466cecf":"f.7E00EA53797DB7C0883B340D4376DD1B.d.78C6D72A17C4D4BA51966FEA4C403968.e.2546","ELEMENT":"f.7E00EA53797DB7C0883B340D4376DD1B.d.78C6D72A17C4D4BA51966FEA4C403968.e.2546"}]}
COMMAND: GET /session/ffff9f21ee28ff8e1d9aa34f42faee99/screenshot - {}
RESULT: {}
RESULT: {"script":"<script> [5351 bytes]","args":[{"element-6066-11e4-a52e-4f735466cecf":"f.7E00EA53797DB7C0883B340D4376DD1B.d.78C6D72A17C4D4BA51966FEA4C403968.e.2546","ELEMENT":"f.7E00EA53797DB7C0883B340D4376DD1B.d.78C6D72A17C4D4BA51966FEA4C403968.e.2546"}]}
COMMAND: GET /session/ffff9f21ee28ff8e1d9aa34f42faee99/screenshot - {}
RESULT: {}
RESULT: {}
RESULT: undefined
COMMAND: POST /session/ffff9f21ee28ff8e1d9aa34f42faee99/element - {"using":"xpath","value":"//*[@id=\"__tile38\"]"}
RESULT: {"using":"xpath","value":"//*[@id=\"__tile38\"]"}
COMMAND: POST /session/ffff9f21ee28ff8e1d9aa34f42faee99/element/f.7E00EA53797DB7C0883B340D4376DD1B.d.78C6D72A17C4D4BA51966FEA4C403968.e.149/click - {}
RESULT: {}
COMMAND: POST /session/ffff9f21ee28ff8e1d9aa34f42faee99/element - {"using":"xpath","value":"//button[@data-kt=\"addButton\"]"}
COMMAND: GET /session/ffff9f21ee28ff8e1d9aa34f42faee99/screenshot - {}
RESULT: {"using":"xpath","value":"//button[@data-kt=\"addButton\"]"}
COMMAND: POST /session/ffff9f21ee28ff8e1d9aa34f42faee99/elements - {"using":"xpath","value":"//button[@data-kt=\"addButton\"]"}
RESULT: {}
RESULT: {"using":"xpath","value":"//button[@data-kt=\"addButton\"]"}
COMMAND: POST /session/ffff9f21ee28ff8e1d9aa34f42faee99/elements - {"using":"xpath","value":"//button[@data-kt=\"addButton\"]"}
RESULT: {"using":"xpath","value":"//button[@data-kt=\"addButton\"]"}
COMMAND: POST /session/ffff9f21ee28ff8e1d9aa34f42faee99/element - {"using":"xpath","value":"//button[@data-kt=\"addButton\"]"}
RESULT: {"using":"xpath","value":"//button[@data-kt=\"addButton\"]"}
COMMAND: POST /session/ffff9f21ee28ff8e1d9aa34f42faee99/execute/sync - {"script":"<script> [8489 bytes]","args":[{"element-6066-11e4-a52e-4f735466cecf":"f.7E00EA53797DB7C0883B340D4376DD1B.d.78C6D72A17C4D4BA51966FEA4C403968.e.2581","ELEMENT":"f.7E00EA53797DB7C0883B340D4376DD1B.d.78C6D72A17C4D4BA51966FEA4C403968.e.2581"}]}
RESULT: {"script":"<script> [8489 bytes]","args":[{"element-6066-11e4-a52e-4f735466cecf":"f.7E00EA53797DB7C0883B340D4376DD1B.d.78C6D72A17C4D4BA51966FEA4C403968.e.2581","ELEMENT":"f.7E00EA53797DB7C0883B340D4376DD1B.d.78C6D72A17C4D4BA51966FEA4C403968.e.2581"}]}
COMMAND: GET /session/ffff9f21ee28ff8e1d9aa34f42faee99/element/f.7E00EA53797DB7C0883B340D4376DD1B.d.78C6D72A17C4D4BA51966FEA4C403968.e.2581/enabled - {}
COMMAND: GET /session/ffff9f21ee28ff8e1d9aa34f42faee99/screenshot - {}
RESULT: {}
COMMAND: POST /session/ffff9f21ee28ff8e1d9aa34f42faee99/execute/sync - {"script":"<script> [8489 bytes]","args":[{"element-6066-11e4-a52e-4f735466cecf":"f.7E00EA53797DB7C0883B340D4376DD1B.d.78C6D72A17C4D4BA51966FEA4C403968.e.2581","ELEMENT":"f.7E00EA53797DB7C0883B340D4376DD1B.d.78C6D72A17C4D4BA51966FEA4C403968.e.2581"}]}
COMMAND: GET /session/ffff9f21ee28ff8e1d9aa34f42faee99/screenshot - {}
RESULT: {}
RESULT: {"script":"<script> [8489 bytes]","args":[{"element-6066-11e4-a52e-4f735466cecf":"f.7E00EA53797DB7C0883B340D4376DD1B.d.78C6D72A17C4D4BA51966FEA4C403968.e.2581","ELEMENT":"f.7E00EA53797DB7C0883B340D4376DD1B.d.78C6D72A17C4D4BA51966FEA4C403968.e.2581"}]}
COMMAND: POST /session/ffff9f21ee28ff8e1d9aa34f42faee99/execute/sync - {"script":"<script> [5351 bytes]","args":[{"element-6066-11e4-a52e-4f735466cecf":"f.7E00EA53797DB7C0883B340D4376DD1B.d.78C6D72A17C4D4BA51966FEA4C403968.e.2581","ELEMENT":"f.7E00EA53797DB7C0883B340D4376DD1B.d.78C6D72A17C4D4BA51966FEA4C403968.e.2581"}]}
COMMAND: GET /session/ffff9f21ee28ff8e1d9aa34f42faee99/screenshot - {}
RESULT: {}
RESULT: {"script":"<script> [5351 bytes]","args":[{"element-6066-11e4-a52e-4f735466cecf":"f.7E00EA53797DB7C0883B340D4376DD1B.d.78C6D72A17C4D4BA51966FEA4C403968.e.2581","ELEMENT":"f.7E00EA53797DB7C0883B340D4376DD1B.d.78C6D72A17C4D4BA51966FEA4C403968.e.2581"}]}
COMMAND: GET /session/ffff9f21ee28ff8e1d9aa34f42faee99/screenshot - {}
RESULT: {}
RESULT: {}
RESULT: undefined
COMMAND: POST /session/ffff9f21ee28ff8e1d9aa34f42faee99/execute/async - {"script":"<script> [776 bytes]","args":[{"enterText":"1406","selector":{"id":"application-managepartners-display-component---masterPtm--smartFilterBar-btnBasicSearch","interaction":{"idSuffix":"I"}},"clearTextFirst":true,"interactionType":"ENTER_TEXT"}]}
RESULT: {"script":"<script> [776 bytes]","args":[{"enterText":"1406","selector":{"id":"application-managepartners-display-component---masterPtm--smartFilterBar-btnBasicSearch","interaction":{"idSuffix":"I"}},"clearTextFirst":true,"interactionType":"ENTER_TEXT"}]}
COMMAND: POST /session/ffff9f21ee28ff8e1d9aa34f42faee99/actions - {"actions":[{"id":"action6","type":"key","parameters":{},"actions":[{"type":"keyDown","value":"î€‡"},{"type":"pause","duration":10},{"type":"keyUp","value":"î€‡"}]}]}
RESULT: {"actions":[{"id":"action6","type":"key","parameters":{},"actions":[{"type":"keyDown","value":"î€‡"},{"type":"pause","duration":10},{"type":"keyUp","value":"î€‡"}]}]}
COMMAND: GET /session/ffff9f21ee28ff8e1d9aa34f42faee99/screenshot - {}
RESULT: {}
COMMAND: POST /session/ffff9f21ee28ff8e1d9aa34f42faee99/elements - {"using":"xpath","value":"//table[contains(@id, \"customPartnersTable-listUl\")]/tbody/tr"}
RESULT: {"using":"xpath","value":"//table[contains(@id, \"customPartnersTable-listUl\")]/tbody/tr"}
COMMAND: POST /session/ffff9f21ee28ff8e1d9aa34f42faee99/element - {"using":"xpath","value":"//table[contains(@id, \"customPartnersTable-listUl\")]/tbody/tr[1]/td[3]/span"}
RESULT: {"using":"xpath","value":"//table[contains(@id, \"customPartnersTable-listUl\")]/tbody/tr[1]/td[3]/span"}
COMMAND: POST /session/ffff9f21ee28ff8e1d9aa34f42faee99/elements - {"using":"xpath","value":"//table[contains(@id, \"customPartnersTable-listUl\")]/tbody/tr[1]/td[3]/span"}
RESULT: {"using":"xpath","value":"//table[contains(@id, \"customPartnersTable-listUl\")]/tbody/tr[1]/td[3]/span"}
COMMAND: POST /session/ffff9f21ee28ff8e1d9aa34f42faee99/execute/sync - {"script":"<script> [56 bytes]","args":[{"element-6066-11e4-a52e-4f735466cecf":"f.7E00EA53797DB7C0883B340D4376DD1B.d.78C6D72A17C4D4BA51966FEA4C403968.e.2727","ELEMENT":"f.7E00EA53797DB7C0883B340D4376DD1B.d.78C6D72A17C4D4BA51966FEA4C403968.e.2727"}]}
RESULT: {"script":"<script> [56 bytes]","args":[{"element-6066-11e4-a52e-4f735466cecf":"f.7E00EA53797DB7C0883B340D4376DD1B.d.78C6D72A17C4D4BA51966FEA4C403968.e.2727","ELEMENT":"f.7E00EA53797DB7C0883B340D4376DD1B.d.78C6D72A17C4D4BA51966FEA4C403968.e.2727"}]}
COMMAND: POST /session/ffff9f21ee28ff8e1d9aa34f42faee99/element - {"using":"xpath","value":"(//span[contains(@id, \"imgNav\")])[1]"}
COMMAND: GET /session/ffff9f21ee28ff8e1d9aa34f42faee99/screenshot - {}
RESULT: {"using":"xpath","value":"(//span[contains(@id, \"imgNav\")])[1]"}
COMMAND: POST /session/ffff9f21ee28ff8e1d9aa34f42faee99/element/f.7E00EA53797DB7C0883B340D4376DD1B.d.78C6D72A17C4D4BA51966FEA4C403968.e.2724/click - {}
RESULT: {}
RESULT: {}
COMMAND: GET /session/ffff9f21ee28ff8e1d9aa34f42faee99/screenshot - {}
RESULT: {}
COMMAND: POST /session/ffff9f21ee28ff8e1d9aa34f42faee99/element - {"using":"xpath","value":"//bdi[contains(text(), \"Edit\")]"}
RESULT: {"using":"xpath","value":"//bdi[contains(text(), \"Edit\")]"}
COMMAND: POST /session/ffff9f21ee28ff8e1d9aa34f42faee99/element/f.7E00EA53797DB7C0883B340D4376DD1B.d.78C6D72A17C4D4BA51966FEA4C403968.e.2867/click - {}
RESULT: {}
COMMAND: GET /session/ffff9f21ee28ff8e1d9aa34f42faee99/screenshot - {}
RESULT: {}
COMMAND: POST /session/ffff9f21ee28ff8e1d9aa34f42faee99/execute/async - {"script":"<script> [1562 bytes]","args":[{"selector":{"controlType":"sap.m.Input","viewName":"etm.portal.ui.managepartners.view.EditDetail","labelFor":{"text":"Name"},"interaction":{"idSuffix":"inner"}},"wdio_ui5_key":"etmportal.ui.managepartners.view.EditDetailsap.m.Input{\"text\":\"Name\"}"}]}
RESULT: {"script":"<script> [1562 bytes]","args":[{"selector":{"controlType":"sap.m.Input","viewName":"etm.portal.ui.managepartners.view.EditDetail","labelFor":{"text":"Name"},"interaction":{"idSuffix":"inner"}},"wdio_ui5_key":"etmportal.ui.managepartners.view.EditDetailsap.m.Input{\"text\":\"Name\"}"}]}
RESULT: undefined
COMMAND: POST /session/ffff9f21ee28ff8e1d9aa34f42faee99/execute/async - {"script":"<script> [776 bytes]","args":[{"enterText":"External EDIT","selector":{"controlType":"sap.m.Input","viewName":"etm.portal.ui.managepartners.view.EditDetail","labelFor":{"text":"Name"},"interaction":{"idSuffix":"inner"}},"clearTextFirst":true,"interactionType":"ENTER_TEXT"}]}
RESULT: {"script":"<script> [776 bytes]","args":[{"enterText":"External EDIT","selector":{"controlType":"sap.m.Input","viewName":"etm.portal.ui.managepartners.view.EditDetail","labelFor":{"text":"Name"},"interaction":{"idSuffix":"inner"}},"clearTextFirst":true,"interactionType":"ENTER_TEXT"}]}
COMMAND: POST /session/ffff9f21ee28ff8e1d9aa34f42faee99/element - {"using":"xpath","value":"(//span[contains(@id,\"addressDetailDetailsLanguage-arrow\")])[1]"}
RESULT: {"using":"xpath","value":"(//span[contains(@id,\"addressDetailDetailsLanguage-arrow\")])[1]"}
COMMAND: POST /session/ffff9f21ee28ff8e1d9aa34f42faee99/element/f.7E00EA53797DB7C0883B340D4376DD1B.d.78C6D72A17C4D4BA51966FEA4C403968.e.2946/click - {}
RESULT: {}
COMMAND: POST /session/ffff9f21ee28ff8e1d9aa34f42faee99/element - {"using":"xpath","value":"//span[contains(text(), \"Chinese\")]"}
COMMAND: GET /session/ffff9f21ee28ff8e1d9aa34f42faee99/screenshot - {}
RESULT: {"using":"xpath","value":"//span[contains(text(), \"Chinese\")]"}
COMMAND: POST /session/ffff9f21ee28ff8e1d9aa34f42faee99/element/f.7E00EA53797DB7C0883B340D4376DD1B.d.78C6D72A17C4D4BA51966FEA4C403968.e.2947/click - {}
RESULT: {}
RESULT: {}
COMMAND: GET /session/ffff9f21ee28ff8e1d9aa34f42faee99/screenshot - {}
RESULT: {}
COMMAND: POST /session/ffff9f21ee28ff8e1d9aa34f42faee99/execute/async - {"script":"<script> [1562 bytes]","args":[{"selector":{"controlType":"sap.m.Input","viewName":"etm.portal.ui.managepartners.view.EditDetail","labelFor":{"text":"City"},"interaction":{"idSuffix":"inner"}},"wdio_ui5_key":"etmportal.ui.managepartners.view.EditDetailsap.m.Input{\"text\":\"City\"}"}]}
RESULT: {"script":"<script> [1562 bytes]","args":[{"selector":{"controlType":"sap.m.Input","viewName":"etm.portal.ui.managepartners.view.EditDetail","labelFor":{"text":"City"},"interaction":{"idSuffix":"inner"}},"wdio_ui5_key":"etmportal.ui.managepartners.view.EditDetailsap.m.Input{\"text\":\"City\"}"}]}
RESULT: undefined
COMMAND: POST /session/ffff9f21ee28ff8e1d9aa34f42faee99/execute/async - {"script":"<script> [776 bytes]","args":[{"enterText":"Clooj-Napoca","selector":{"controlType":"sap.m.Input","viewName":"etm.portal.ui.managepartners.view.EditDetail","labelFor":{"text":"City"},"interaction":{"idSuffix":"inner"}},"clearTextFirst":true,"interactionType":"ENTER_TEXT"}]}
RESULT: {"script":"<script> [776 bytes]","args":[{"enterText":"Clooj-Napoca","selector":{"controlType":"sap.m.Input","viewName":"etm.portal.ui.managepartners.view.EditDetail","labelFor":{"text":"City"},"interaction":{"idSuffix":"inner"}},"clearTextFirst":true,"interactionType":"ENTER_TEXT"}]}
COMMAND: POST /session/ffff9f21ee28ff8e1d9aa34f42faee99/element - {"using":"xpath","value":"//button[@data-kt=\"saveButton\"]"}
RESULT: {"using":"xpath","value":"//button[@data-kt=\"saveButton\"]"}
COMMAND: POST /session/ffff9f21ee28ff8e1d9aa34f42faee99/element/f.7E00EA53797DB7C0883B340D4376DD1B.d.78C6D72A17C4D4BA51966FEA4C403968.e.2929/click - {}
RESULT: {}
COMMAND: GET /session/ffff9f21ee28ff8e1d9aa34f42faee99/screenshot - {}
RESULT: {}
COMMAND: POST /session/ffff9f21ee28ff8e1d9aa34f42faee99/execute/async - {"script":"<script> [1562 bytes]","args":[{"selector":{"id":"application-managepartners-display-component---detailPtm--addressDetailDetailsName1"},"wdio_ui5_key":"applicationmanagepartners-display-component---detailPtm--addressDetailDetailsName1"}]}
RESULT: {"script":"<script> [1562 bytes]","args":[{"selector":{"id":"application-managepartners-display-component---detailPtm--addressDetailDetailsName1"},"wdio_ui5_key":"applicationmanagepartners-display-component---detailPtm--addressDetailDetailsName1"}]}
RESULT: undefined
COMMAND: POST /session/ffff9f21ee28ff8e1d9aa34f42faee99/execute/async - {"script":"<script> [6424 bytes]","args":[{"element-6066-11e4-a52e-4f735466cecf":"f.7E00EA53797DB7C0883B340D4376DD1B.d.78C6D72A17C4D4BA51966FEA4C403968.e.2963"},"getValue",[]]}
RESULT: {"script":"<script> [6424 bytes]","args":[{"element-6066-11e4-a52e-4f735466cecf":"f.7E00EA53797DB7C0883B340D4376DD1B.d.78C6D72A17C4D4BA51966FEA4C403968.e.2963"},"getValue",[]]}
COMMAND: POST /session/ffff9f21ee28ff8e1d9aa34f42faee99/element - {"using":"xpath","value":"//input[@id = \"application-managepartners-display-component---detailPtm--addressDetailDetailsLanguage-inner\"]"}
RESULT: {"using":"xpath","value":"//input[@id = \"application-managepartners-display-component---detailPtm--addressDetailDetailsLanguage-inner\"]"}
COMMAND: GET /session/ffff9f21ee28ff8e1d9aa34f42faee99/element/f.7E00EA53797DB7C0883B340D4376DD1B.d.78C6D72A17C4D4BA51966FEA4C403968.e.2964/property/value - {}
RESULT: {}
COMMAND: POST /session/ffff9f21ee28ff8e1d9aa34f42faee99/execute/async - {"script":"<script> [1562 bytes]","args":[{"selector":{"id":"application-managepartners-display-component---detailPtm--addressDetailDetailsCity1"},"wdio_ui5_key":"applicationmanagepartners-display-component---detailPtm--addressDetailDetailsCity1"}]}
COMMAND: GET /session/ffff9f21ee28ff8e1d9aa34f42faee99/screenshot - {}
RESULT: {"script":"<script> [1562 bytes]","args":[{"selector":{"id":"application-managepartners-display-component---detailPtm--addressDetailDetailsCity1"},"wdio_ui5_key":"applicationmanagepartners-display-component---detailPtm--addressDetailDetailsCity1"}]}
RESULT: undefined
COMMAND: POST /session/ffff9f21ee28ff8e1d9aa34f42faee99/execute/async - {"script":"<script> [6424 bytes]","args":[{"element-6066-11e4-a52e-4f735466cecf":"f.7E00EA53797DB7C0883B340D4376DD1B.d.78C6D72A17C4D4BA51966FEA4C403968.e.2965"},"getValue",[]]}
RESULT: {}
RESULT: {"script":"<script> [6424 bytes]","args":[{"element-6066-11e4-a52e-4f735466cecf":"f.7E00EA53797DB7C0883B340D4376DD1B.d.78C6D72A17C4D4BA51966FEA4C403968.e.2965"},"getValue",[]]}
COMMAND: POST /session/ffff9f21ee28ff8e1d9aa34f42faee99/element - {"using":"css selector","value":"#shell-header-logo"}
RESULT: {"using":"css selector","value":"#shell-header-logo"}
COMMAND: POST /session/ffff9f21ee28ff8e1d9aa34f42faee99/element/f.7E00EA53797DB7C0883B340D4376DD1B.d.78C6D72A17C4D4BA51966FEA4C403968.e.2546/click - {}
RESULT: {}
COMMAND: GET /session/ffff9f21ee28ff8e1d9aa34f42faee99/screenshot - {}
RESULT: {}
]]></system-out>
    </testcase>
    <testcase classname="chrome.135_0_7049_96.windows.Partner_specific_tests_US150819_US151080_US151654_US151176_US103444_US151078_US151079_US151109_US151174_US151175_US151189" name="Should create a new intercompany partner edit some of its fields US151078" time="258.628">
      <system-out><![CDATA[
COMMAND: POST /session/ffff9f21ee28ff8e1d9aa34f42faee99/element - {"using":"xpath","value":"//li[.//span[text()=\"Manage Partners\"]]"}
RESULT: {"using":"xpath","value":"//li[.//span[text()=\"Manage Partners\"]]"}
COMMAND: POST /session/ffff9f21ee28ff8e1d9aa34f42faee99/element - {"using":"xpath","value":"//li[.//span[text()=\"Manage Partners\"]]"}
RESULT: {"using":"xpath","value":"//li[.//span[text()=\"Manage Partners\"]]"}
COMMAND: POST /session/ffff9f21ee28ff8e1d9aa34f42faee99/element - {"using":"css selector","value":"#shell-header-logo"}
RESULT: {"using":"css selector","value":"#shell-header-logo"}
COMMAND: POST /session/ffff9f21ee28ff8e1d9aa34f42faee99/element/f.7E00EA53797DB7C0883B340D4376DD1B.d.78C6D72A17C4D4BA51966FEA4C403968.e.3010/click - {}
COMMAND: POST /session/ffff9f21ee28ff8e1d9aa34f42faee99/execute/sync - {"script":"<script> [8489 bytes]","args":[{"element-6066-11e4-a52e-4f735466cecf":"f.7E00EA53797DB7C0883B340D4376DD1B.d.78C6D72A17C4D4BA51966FEA4C403968.e.3010","ELEMENT":"f.7E00EA53797DB7C0883B340D4376DD1B.d.78C6D72A17C4D4BA51966FEA4C403968.e.3010"}]}
RESULT: {}
COMMAND: GET /session/ffff9f21ee28ff8e1d9aa34f42faee99/screenshot - {}
RESULT: {"script":"<script> [8489 bytes]","args":[{"element-6066-11e4-a52e-4f735466cecf":"f.7E00EA53797DB7C0883B340D4376DD1B.d.78C6D72A17C4D4BA51966FEA4C403968.e.3010","ELEMENT":"f.7E00EA53797DB7C0883B340D4376DD1B.d.78C6D72A17C4D4BA51966FEA4C403968.e.3010"}]}
COMMAND: POST /session/ffff9f21ee28ff8e1d9aa34f42faee99/execute/sync - {"script":"<script> [5351 bytes]","args":[{"element-6066-11e4-a52e-4f735466cecf":"f.7E00EA53797DB7C0883B340D4376DD1B.d.78C6D72A17C4D4BA51966FEA4C403968.e.3010","ELEMENT":"f.7E00EA53797DB7C0883B340D4376DD1B.d.78C6D72A17C4D4BA51966FEA4C403968.e.3010"}]}
COMMAND: GET /session/ffff9f21ee28ff8e1d9aa34f42faee99/screenshot - {}
RESULT: {}
RESULT: {"script":"<script> [5351 bytes]","args":[{"element-6066-11e4-a52e-4f735466cecf":"f.7E00EA53797DB7C0883B340D4376DD1B.d.78C6D72A17C4D4BA51966FEA4C403968.e.3010","ELEMENT":"f.7E00EA53797DB7C0883B340D4376DD1B.d.78C6D72A17C4D4BA51966FEA4C403968.e.3010"}]}
COMMAND: GET /session/ffff9f21ee28ff8e1d9aa34f42faee99/screenshot - {}
RESULT: {}
RESULT: {}
COMMAND: POST /session/ffff9f21ee28ff8e1d9aa34f42faee99/refresh - {}
RESULT: {}
COMMAND: GET /session/ffff9f21ee28ff8e1d9aa34f42faee99/screenshot - {}
RESULT: {}
COMMAND: POST /session/ffff9f21ee28ff8e1d9aa34f42faee99/refresh - {}
RESULT: {}
COMMAND: GET /session/ffff9f21ee28ff8e1d9aa34f42faee99/screenshot - {}
RESULT: {}
COMMAND: POST /session/ffff9f21ee28ff8e1d9aa34f42faee99/window/fullscreen - {}
RESULT: {}
COMMAND: POST /session/ffff9f21ee28ff8e1d9aa34f42faee99/execute/async - {"script":"<script> [189 bytes]","args":[]}
RESULT: {"script":"<script> [189 bytes]","args":[]}
COMMAND: POST /session/ffff9f21ee28ff8e1d9aa34f42faee99/execute/async - {"script":"<script> [123 bytes]","args":[]}
RESULT: {"script":"<script> [123 bytes]","args":[]}
COMMAND: POST /session/ffff9f21ee28ff8e1d9aa34f42faee99/timeouts - {"script":"<number>"}
RESULT: {"script":"<number>"}
COMMAND: GET /session/ffff9f21ee28ff8e1d9aa34f42faee99/timeouts - {}
RESULT: {}
RESULT: undefined
COMMAND: POST /session/ffff9f21ee28ff8e1d9aa34f42faee99/execute/async - {"script":"<script> [2676 bytes]","args":[]}
RESULT: {"script":"<script> [2676 bytes]","args":[]}
COMMAND: POST /session/ffff9f21ee28ff8e1d9aa34f42faee99/execute/async - {"script":"<script> [2342 bytes]","args":[{"protocol":"http","hostname":"0.0.0.0","path":"/","capabilities":{"browserName":"chrome","goog:chromeOptions":{"binary":"C:\\Program Files\\Google\\Chrome\\Application\\chrome.exe","args":["--start-maximized"]}},"logLevel":"warn","connectionRetryTimeout":120000,"connectionRetryCount":3,"logLevels":{},"enableDirectConnect":true,"strictSSL":true,"_":"65 more keys: [\"cacheDir\",\"port\",\"requestedCapabilities\",\"automationProtocol\",\"baseUrl\",\"waitforInterval\",\"waitforTimeout\",\"onReload\",\"beforeCommand\",\"afterCommand\",\"rootDir\",\"specs\",\"suites\",\"exclude\",\"groupLogsByTestSpec\",\"excludeDriverLogs\",\"bail\",\"framework\",\"reporters\",\"services\",\"maxInstances\",\"maxInstancesPerCapability\",\"injectGlobals\",\"filesToWatch\",\"execArgv\",\"runnerEnv\",\"runner\",\"shard\",\"specFileRetries\",\"specFileRetriesDelay\",\"specFileRetriesDeferred\",\"reporterSyncInterval\",\"reporterSyncTimeout\",\"cucumberFeaturesWithLineNumbers\",\"autoCompileOpts\",\"mochaOpts\",\"jasmineOpts\",\"cucumberOpts\",\"onPrepare\",\"onWorkerStart\",\"onWorkerEnd\",\"before\",\"beforeSession\",\"beforeSuite\",\"beforeHook\",\"beforeTest\",\"afterTest\",\"afterHook\",\"afterSuite\",\"afterSession\",\"after\",\"onComplete\",\"beforeAssertion\",\"afterAssertion\",\"beforeFeature\",\"beforeScenario\",\"beforeStep\",\"afterStep\",\"afterScenario\",\"afterFeature\",\"_\",\"suite\",\"$0\",\"ignoredWorkerServices\",\"wdi5\"]"}]}
RESULT: {"script":"<script> [2342 bytes]","args":[{"protocol":"http","hostname":"0.0.0.0","path":"/","capabilities":{"browserName":"chrome","goog:chromeOptions":{"binary":"C:\\Program Files\\Google\\Chrome\\Application\\chrome.exe","args":["--start-maximized"]}},"logLevel":"warn","connectionRetryTimeout":120000,"connectionRetryCount":3,"logLevels":{},"enableDirectConnect":true,"strictSSL":true,"_":"65 more keys: [\"cacheDir\",\"port\",\"requestedCapabilities\",\"automationProtocol\",\"baseUrl\",\"waitforInterval\",\"waitforTimeout\",\"onReload\",\"beforeCommand\",\"afterCommand\",\"rootDir\",\"specs\",\"suites\",\"exclude\",\"groupLogsByTestSpec\",\"excludeDriverLogs\",\"bail\",\"framework\",\"reporters\",\"services\",\"maxInstances\",\"maxInstancesPerCapability\",\"injectGlobals\",\"filesToWatch\",\"execArgv\",\"runnerEnv\",\"runner\",\"shard\",\"specFileRetries\",\"specFileRetriesDelay\",\"specFileRetriesDeferred\",\"reporterSyncInterval\",\"reporterSyncTimeout\",\"cucumberFeaturesWithLineNumbers\",\"autoCompileOpts\",\"mochaOpts\",\"jasmineOpts\",\"cucumberOpts\",\"onPrepare\",\"onWorkerStart\",\"onWorkerEnd\",\"before\",\"beforeSession\",\"beforeSuite\",\"beforeHook\",\"beforeTest\",\"afterTest\",\"afterHook\",\"afterSuite\",\"afterSession\",\"after\",\"onComplete\",\"beforeAssertion\",\"afterAssertion\",\"beforeFeature\",\"beforeScenario\",\"beforeStep\",\"afterStep\",\"afterScenario\",\"afterFeature\",\"_\",\"suite\",\"$0\",\"ignoredWorkerServices\",\"wdi5\"]"}]}
COMMAND: POST /session/ffff9f21ee28ff8e1d9aa34f42faee99/execute/async - {"script":"<script> [21126 bytes]","args":[35000]}
RESULT: {"script":"<script> [21126 bytes]","args":[35000]}
COMMAND: POST /session/ffff9f21ee28ff8e1d9aa34f42faee99/window/fullscreen - {}
RESULT: {}
COMMAND: POST /session/ffff9f21ee28ff8e1d9aa34f42faee99/window/fullscreen - {}
RESULT: {}
COMMAND: POST /session/ffff9f21ee28ff8e1d9aa34f42faee99/execute/async - {"script":"<script> [1562 bytes]","args":[{"selector":{"controlType":"sap.m.GenericTile","properties":{"header":"Manage Partners"}},"wdio_ui5_key":"sapm.GenericTile{\"header\":\"Manage Partners\"}"}]}
RESULT: {"script":"<script> [1562 bytes]","args":[{"selector":{"controlType":"sap.m.GenericTile","properties":{"header":"Manage Partners"}},"wdio_ui5_key":"sapm.GenericTile{\"header\":\"Manage Partners\"}"}]}
RESULT: undefined
COMMAND: POST /session/ffff9f21ee28ff8e1d9aa34f42faee99/element - {"using":"xpath","value":"//*[@id=\"__tile30\"]"}
RESULT: {"using":"xpath","value":"//*[@id=\"__tile30\"]"}
COMMAND: POST /session/ffff9f21ee28ff8e1d9aa34f42faee99/element/f.7E00EA53797DB7C0883B340D4376DD1B.d.E8E472547EA585DF8F594B5D64B1BC47.e.3129/click - {}
RESULT: {}
COMMAND: POST /session/ffff9f21ee28ff8e1d9aa34f42faee99/element - {"using":"xpath","value":"//button[@data-kt=\"addButton\"]"}
COMMAND: GET /session/ffff9f21ee28ff8e1d9aa34f42faee99/screenshot - {}
RESULT: {"using":"xpath","value":"//button[@data-kt=\"addButton\"]"}
COMMAND: POST /session/ffff9f21ee28ff8e1d9aa34f42faee99/elements - {"using":"xpath","value":"//button[@data-kt=\"addButton\"]"}
RESULT: {}
RESULT: {"using":"xpath","value":"//button[@data-kt=\"addButton\"]"}
COMMAND: POST /session/ffff9f21ee28ff8e1d9aa34f42faee99/elements - {"using":"xpath","value":"//button[@data-kt=\"addButton\"]"}
RESULT: {"using":"xpath","value":"//button[@data-kt=\"addButton\"]"}
COMMAND: POST /session/ffff9f21ee28ff8e1d9aa34f42faee99/elements - {"using":"xpath","value":"//button[@data-kt=\"addButton\"]"}
RESULT: {"using":"xpath","value":"//button[@data-kt=\"addButton\"]"}
COMMAND: POST /session/ffff9f21ee28ff8e1d9aa34f42faee99/elements - {"using":"xpath","value":"//button[@data-kt=\"addButton\"]"}
RESULT: {"using":"xpath","value":"//button[@data-kt=\"addButton\"]"}
COMMAND: POST /session/ffff9f21ee28ff8e1d9aa34f42faee99/elements - {"using":"xpath","value":"//button[@data-kt=\"addButton\"]"}
RESULT: {"using":"xpath","value":"//button[@data-kt=\"addButton\"]"}
COMMAND: POST /session/ffff9f21ee28ff8e1d9aa34f42faee99/elements - {"using":"xpath","value":"//button[@data-kt=\"addButton\"]"}
RESULT: {"using":"xpath","value":"//button[@data-kt=\"addButton\"]"}
COMMAND: POST /session/ffff9f21ee28ff8e1d9aa34f42faee99/elements - {"using":"xpath","value":"//button[@data-kt=\"addButton\"]"}
RESULT: {"using":"xpath","value":"//button[@data-kt=\"addButton\"]"}
COMMAND: POST /session/ffff9f21ee28ff8e1d9aa34f42faee99/elements - {"using":"xpath","value":"//button[@data-kt=\"addButton\"]"}
RESULT: {"using":"xpath","value":"//button[@data-kt=\"addButton\"]"}
COMMAND: POST /session/ffff9f21ee28ff8e1d9aa34f42faee99/elements - {"using":"xpath","value":"//button[@data-kt=\"addButton\"]"}
RESULT: {"using":"xpath","value":"//button[@data-kt=\"addButton\"]"}
COMMAND: POST /session/ffff9f21ee28ff8e1d9aa34f42faee99/elements - {"using":"xpath","value":"//button[@data-kt=\"addButton\"]"}
RESULT: {"using":"xpath","value":"//button[@data-kt=\"addButton\"]"}
COMMAND: POST /session/ffff9f21ee28ff8e1d9aa34f42faee99/elements - {"using":"xpath","value":"//button[@data-kt=\"addButton\"]"}
RESULT: {"using":"xpath","value":"//button[@data-kt=\"addButton\"]"}
COMMAND: POST /session/ffff9f21ee28ff8e1d9aa34f42faee99/elements - {"using":"xpath","value":"//button[@data-kt=\"addButton\"]"}
RESULT: {"using":"xpath","value":"//button[@data-kt=\"addButton\"]"}
COMMAND: POST /session/ffff9f21ee28ff8e1d9aa34f42faee99/elements - {"using":"xpath","value":"//button[@data-kt=\"addButton\"]"}
RESULT: {"using":"xpath","value":"//button[@data-kt=\"addButton\"]"}
COMMAND: POST /session/ffff9f21ee28ff8e1d9aa34f42faee99/elements - {"using":"xpath","value":"//button[@data-kt=\"addButton\"]"}
RESULT: {"using":"xpath","value":"//button[@data-kt=\"addButton\"]"}
COMMAND: POST /session/ffff9f21ee28ff8e1d9aa34f42faee99/elements - {"using":"xpath","value":"//button[@data-kt=\"addButton\"]"}
RESULT: {"using":"xpath","value":"//button[@data-kt=\"addButton\"]"}
COMMAND: POST /session/ffff9f21ee28ff8e1d9aa34f42faee99/elements - {"using":"xpath","value":"//button[@data-kt=\"addButton\"]"}
RESULT: {"using":"xpath","value":"//button[@data-kt=\"addButton\"]"}
COMMAND: POST /session/ffff9f21ee28ff8e1d9aa34f42faee99/elements - {"using":"xpath","value":"//button[@data-kt=\"addButton\"]"}
RESULT: {"using":"xpath","value":"//button[@data-kt=\"addButton\"]"}
COMMAND: POST /session/ffff9f21ee28ff8e1d9aa34f42faee99/elements - {"using":"xpath","value":"//button[@data-kt=\"addButton\"]"}
RESULT: {"using":"xpath","value":"//button[@data-kt=\"addButton\"]"}
COMMAND: POST /session/ffff9f21ee28ff8e1d9aa34f42faee99/elements - {"using":"xpath","value":"//button[@data-kt=\"addButton\"]"}
RESULT: {"using":"xpath","value":"//button[@data-kt=\"addButton\"]"}
COMMAND: POST /session/ffff9f21ee28ff8e1d9aa34f42faee99/elements - {"using":"xpath","value":"//button[@data-kt=\"addButton\"]"}
RESULT: {"using":"xpath","value":"//button[@data-kt=\"addButton\"]"}
COMMAND: POST /session/ffff9f21ee28ff8e1d9aa34f42faee99/elements - {"using":"xpath","value":"//button[@data-kt=\"addButton\"]"}
RESULT: {"using":"xpath","value":"//button[@data-kt=\"addButton\"]"}
COMMAND: POST /session/ffff9f21ee28ff8e1d9aa34f42faee99/elements - {"using":"xpath","value":"//button[@data-kt=\"addButton\"]"}
RESULT: {"using":"xpath","value":"//button[@data-kt=\"addButton\"]"}
COMMAND: POST /session/ffff9f21ee28ff8e1d9aa34f42faee99/elements - {"using":"xpath","value":"//button[@data-kt=\"addButton\"]"}
RESULT: {"using":"xpath","value":"//button[@data-kt=\"addButton\"]"}
COMMAND: POST /session/ffff9f21ee28ff8e1d9aa34f42faee99/elements - {"using":"xpath","value":"//button[@data-kt=\"addButton\"]"}
RESULT: {"using":"xpath","value":"//button[@data-kt=\"addButton\"]"}
COMMAND: POST /session/ffff9f21ee28ff8e1d9aa34f42faee99/elements - {"using":"xpath","value":"//button[@data-kt=\"addButton\"]"}
RESULT: {"using":"xpath","value":"//button[@data-kt=\"addButton\"]"}
COMMAND: POST /session/ffff9f21ee28ff8e1d9aa34f42faee99/elements - {"using":"xpath","value":"//button[@data-kt=\"addButton\"]"}
RESULT: {"using":"xpath","value":"//button[@data-kt=\"addButton\"]"}
COMMAND: POST /session/ffff9f21ee28ff8e1d9aa34f42faee99/elements - {"using":"xpath","value":"//button[@data-kt=\"addButton\"]"}
RESULT: {"using":"xpath","value":"//button[@data-kt=\"addButton\"]"}
COMMAND: POST /session/ffff9f21ee28ff8e1d9aa34f42faee99/elements - {"using":"xpath","value":"//button[@data-kt=\"addButton\"]"}
RESULT: {"using":"xpath","value":"//button[@data-kt=\"addButton\"]"}
COMMAND: POST /session/ffff9f21ee28ff8e1d9aa34f42faee99/elements - {"using":"xpath","value":"//button[@data-kt=\"addButton\"]"}
RESULT: {"using":"xpath","value":"//button[@data-kt=\"addButton\"]"}
COMMAND: POST /session/ffff9f21ee28ff8e1d9aa34f42faee99/elements - {"using":"xpath","value":"//button[@data-kt=\"addButton\"]"}
RESULT: {"using":"xpath","value":"//button[@data-kt=\"addButton\"]"}
COMMAND: POST /session/ffff9f21ee28ff8e1d9aa34f42faee99/elements - {"using":"xpath","value":"//button[@data-kt=\"addButton\"]"}
RESULT: {"using":"xpath","value":"//button[@data-kt=\"addButton\"]"}
COMMAND: POST /session/ffff9f21ee28ff8e1d9aa34f42faee99/elements - {"using":"xpath","value":"//button[@data-kt=\"addButton\"]"}
RESULT: {"using":"xpath","value":"//button[@data-kt=\"addButton\"]"}
COMMAND: POST /session/ffff9f21ee28ff8e1d9aa34f42faee99/elements - {"using":"xpath","value":"//button[@data-kt=\"addButton\"]"}
RESULT: {"using":"xpath","value":"//button[@data-kt=\"addButton\"]"}
COMMAND: POST /session/ffff9f21ee28ff8e1d9aa34f42faee99/elements - {"using":"xpath","value":"//button[@data-kt=\"addButton\"]"}
RESULT: {"using":"xpath","value":"//button[@data-kt=\"addButton\"]"}
COMMAND: POST /session/ffff9f21ee28ff8e1d9aa34f42faee99/elements - {"using":"xpath","value":"//button[@data-kt=\"addButton\"]"}
RESULT: {"using":"xpath","value":"//button[@data-kt=\"addButton\"]"}
COMMAND: POST /session/ffff9f21ee28ff8e1d9aa34f42faee99/elements - {"using":"xpath","value":"//button[@data-kt=\"addButton\"]"}
RESULT: {"using":"xpath","value":"//button[@data-kt=\"addButton\"]"}
COMMAND: POST /session/ffff9f21ee28ff8e1d9aa34f42faee99/elements - {"using":"xpath","value":"//button[@data-kt=\"addButton\"]"}
RESULT: {"using":"xpath","value":"//button[@data-kt=\"addButton\"]"}
COMMAND: POST /session/ffff9f21ee28ff8e1d9aa34f42faee99/elements - {"using":"xpath","value":"//button[@data-kt=\"addButton\"]"}
RESULT: {"using":"xpath","value":"//button[@data-kt=\"addButton\"]"}
COMMAND: POST /session/ffff9f21ee28ff8e1d9aa34f42faee99/elements - {"using":"xpath","value":"//button[@data-kt=\"addButton\"]"}
RESULT: {"using":"xpath","value":"//button[@data-kt=\"addButton\"]"}
COMMAND: POST /session/ffff9f21ee28ff8e1d9aa34f42faee99/elements - {"using":"xpath","value":"//button[@data-kt=\"addButton\"]"}
RESULT: {"using":"xpath","value":"//button[@data-kt=\"addButton\"]"}
COMMAND: POST /session/ffff9f21ee28ff8e1d9aa34f42faee99/elements - {"using":"xpath","value":"//button[@data-kt=\"addButton\"]"}
RESULT: {"using":"xpath","value":"//button[@data-kt=\"addButton\"]"}
COMMAND: POST /session/ffff9f21ee28ff8e1d9aa34f42faee99/elements - {"using":"xpath","value":"//button[@data-kt=\"addButton\"]"}
RESULT: {"using":"xpath","value":"//button[@data-kt=\"addButton\"]"}
COMMAND: POST /session/ffff9f21ee28ff8e1d9aa34f42faee99/elements - {"using":"xpath","value":"//button[@data-kt=\"addButton\"]"}
RESULT: {"using":"xpath","value":"//button[@data-kt=\"addButton\"]"}
COMMAND: POST /session/ffff9f21ee28ff8e1d9aa34f42faee99/elements - {"using":"xpath","value":"//button[@data-kt=\"addButton\"]"}
RESULT: {"using":"xpath","value":"//button[@data-kt=\"addButton\"]"}
COMMAND: POST /session/ffff9f21ee28ff8e1d9aa34f42faee99/elements - {"using":"xpath","value":"//button[@data-kt=\"addButton\"]"}
RESULT: {"using":"xpath","value":"//button[@data-kt=\"addButton\"]"}
COMMAND: POST /session/ffff9f21ee28ff8e1d9aa34f42faee99/elements - {"using":"xpath","value":"//button[@data-kt=\"addButton\"]"}
RESULT: {"using":"xpath","value":"//button[@data-kt=\"addButton\"]"}
COMMAND: POST /session/ffff9f21ee28ff8e1d9aa34f42faee99/elements - {"using":"xpath","value":"//button[@data-kt=\"addButton\"]"}
RESULT: {"using":"xpath","value":"//button[@data-kt=\"addButton\"]"}
COMMAND: POST /session/ffff9f21ee28ff8e1d9aa34f42faee99/elements - {"using":"xpath","value":"//button[@data-kt=\"addButton\"]"}
RESULT: {"using":"xpath","value":"//button[@data-kt=\"addButton\"]"}
COMMAND: POST /session/ffff9f21ee28ff8e1d9aa34f42faee99/elements - {"using":"xpath","value":"//button[@data-kt=\"addButton\"]"}
RESULT: {"using":"xpath","value":"//button[@data-kt=\"addButton\"]"}
COMMAND: POST /session/ffff9f21ee28ff8e1d9aa34f42faee99/elements - {"using":"xpath","value":"//button[@data-kt=\"addButton\"]"}
RESULT: {"using":"xpath","value":"//button[@data-kt=\"addButton\"]"}
COMMAND: POST /session/ffff9f21ee28ff8e1d9aa34f42faee99/elements - {"using":"xpath","value":"//button[@data-kt=\"addButton\"]"}
RESULT: {"using":"xpath","value":"//button[@data-kt=\"addButton\"]"}
COMMAND: POST /session/ffff9f21ee28ff8e1d9aa34f42faee99/elements - {"using":"xpath","value":"//button[@data-kt=\"addButton\"]"}
RESULT: {"using":"xpath","value":"//button[@data-kt=\"addButton\"]"}
COMMAND: POST /session/ffff9f21ee28ff8e1d9aa34f42faee99/elements - {"using":"xpath","value":"//button[@data-kt=\"addButton\"]"}
RESULT: {"using":"xpath","value":"//button[@data-kt=\"addButton\"]"}
COMMAND: POST /session/ffff9f21ee28ff8e1d9aa34f42faee99/element - {"using":"xpath","value":"//button[@data-kt=\"addButton\"]"}
RESULT: {"using":"xpath","value":"//button[@data-kt=\"addButton\"]"}
COMMAND: POST /session/ffff9f21ee28ff8e1d9aa34f42faee99/execute/sync - {"script":"<script> [8489 bytes]","args":[{"element-6066-11e4-a52e-4f735466cecf":"f.7E00EA53797DB7C0883B340D4376DD1B.d.E8E472547EA585DF8F594B5D64B1BC47.e.3249","ELEMENT":"f.7E00EA53797DB7C0883B340D4376DD1B.d.E8E472547EA585DF8F594B5D64B1BC47.e.3249"}]}
RESULT: {"script":"<script> [8489 bytes]","args":[{"element-6066-11e4-a52e-4f735466cecf":"f.7E00EA53797DB7C0883B340D4376DD1B.d.E8E472547EA585DF8F594B5D64B1BC47.e.3249","ELEMENT":"f.7E00EA53797DB7C0883B340D4376DD1B.d.E8E472547EA585DF8F594B5D64B1BC47.e.3249"}]}
COMMAND: GET /session/ffff9f21ee28ff8e1d9aa34f42faee99/element/f.7E00EA53797DB7C0883B340D4376DD1B.d.E8E472547EA585DF8F594B5D64B1BC47.e.3249/enabled - {}
COMMAND: GET /session/ffff9f21ee28ff8e1d9aa34f42faee99/screenshot - {}
RESULT: {}
COMMAND: POST /session/ffff9f21ee28ff8e1d9aa34f42faee99/execute/sync - {"script":"<script> [8489 bytes]","args":[{"element-6066-11e4-a52e-4f735466cecf":"f.7E00EA53797DB7C0883B340D4376DD1B.d.E8E472547EA585DF8F594B5D64B1BC47.e.3249","ELEMENT":"f.7E00EA53797DB7C0883B340D4376DD1B.d.E8E472547EA585DF8F594B5D64B1BC47.e.3249"}]}
COMMAND: GET /session/ffff9f21ee28ff8e1d9aa34f42faee99/screenshot - {}
RESULT: {}
RESULT: {"script":"<script> [8489 bytes]","args":[{"element-6066-11e4-a52e-4f735466cecf":"f.7E00EA53797DB7C0883B340D4376DD1B.d.E8E472547EA585DF8F594B5D64B1BC47.e.3249","ELEMENT":"f.7E00EA53797DB7C0883B340D4376DD1B.d.E8E472547EA585DF8F594B5D64B1BC47.e.3249"}]}
COMMAND: POST /session/ffff9f21ee28ff8e1d9aa34f42faee99/execute/sync - {"script":"<script> [5351 bytes]","args":[{"element-6066-11e4-a52e-4f735466cecf":"f.7E00EA53797DB7C0883B340D4376DD1B.d.E8E472547EA585DF8F594B5D64B1BC47.e.3249","ELEMENT":"f.7E00EA53797DB7C0883B340D4376DD1B.d.E8E472547EA585DF8F594B5D64B1BC47.e.3249"}]}
COMMAND: GET /session/ffff9f21ee28ff8e1d9aa34f42faee99/screenshot - {}
RESULT: {}
RESULT: {"script":"<script> [5351 bytes]","args":[{"element-6066-11e4-a52e-4f735466cecf":"f.7E00EA53797DB7C0883B340D4376DD1B.d.E8E472547EA585DF8F594B5D64B1BC47.e.3249","ELEMENT":"f.7E00EA53797DB7C0883B340D4376DD1B.d.E8E472547EA585DF8F594B5D64B1BC47.e.3249"}]}
COMMAND: POST /session/ffff9f21ee28ff8e1d9aa34f42faee99/element/f.7E00EA53797DB7C0883B340D4376DD1B.d.E8E472547EA585DF8F594B5D64B1BC47.e.3249/click - {}
COMMAND: GET /session/ffff9f21ee28ff8e1d9aa34f42faee99/screenshot - {}
RESULT: {}
RESULT: {}
COMMAND: GET /session/ffff9f21ee28ff8e1d9aa34f42faee99/screenshot - {}
RESULT: {}
RESULT: {}
COMMAND: POST /session/ffff9f21ee28ff8e1d9aa34f42faee99/execute/async - {"script":"<script> [1562 bytes]","args":[{"selector":{"id":"application-managepartners-display-component---NewPartner--addressDetailDetailsName1","interaction":{"idSuffix":"inner"}},"wdio_ui5_key":"applicationmanagepartners-display-component---NewPartner--addressDetailDetailsName1"}]}
RESULT: {"script":"<script> [1562 bytes]","args":[{"selector":{"id":"application-managepartners-display-component---NewPartner--addressDetailDetailsName1","interaction":{"idSuffix":"inner"}},"wdio_ui5_key":"applicationmanagepartners-display-component---NewPartner--addressDetailDetailsName1"}]}
RESULT: undefined
COMMAND: POST /session/ffff9f21ee28ff8e1d9aa34f42faee99/execute/async - {"script":"<script> [776 bytes]","args":[{"enterText":"Intercompany Partner WDIO","selector":{"id":"application-managepartners-display-component---NewPartner--addressDetailDetailsName1","interaction":{"idSuffix":"inner"}},"clearTextFirst":true,"interactionType":"ENTER_TEXT"}]}
RESULT: {"script":"<script> [776 bytes]","args":[{"enterText":"Intercompany Partner WDIO","selector":{"id":"application-managepartners-display-component---NewPartner--addressDetailDetailsName1","interaction":{"idSuffix":"inner"}},"clearTextFirst":true,"interactionType":"ENTER_TEXT"}]}
COMMAND: POST /session/ffff9f21ee28ff8e1d9aa34f42faee99/execute/async - {"script":"<script> [1562 bytes]","args":[{"selector":{"id":"application-managepartners-display-component---NewPartner--addressDetailDetailsLanguage-arrow"},"wdio_ui5_key":"applicationmanagepartners-display-component---NewPartner--addressDetailDetailsLanguage-arrow"}]}
RESULT: {"script":"<script> [1562 bytes]","args":[{"selector":{"id":"application-managepartners-display-component---NewPartner--addressDetailDetailsLanguage-arrow"},"wdio_ui5_key":"applicationmanagepartners-display-component---NewPartner--addressDetailDetailsLanguage-arrow"}]}
RESULT: undefined
COMMAND: POST /session/ffff9f21ee28ff8e1d9aa34f42faee99/element - {"using":"xpath","value":"//*[@id=\"application-managepartners-display-component---NewPartner--addressDetailDetailsLanguage-arrow\"]"}
RESULT: {"using":"xpath","value":"//*[@id=\"application-managepartners-display-component---NewPartner--addressDetailDetailsLanguage-arrow\"]"}
COMMAND: POST /session/ffff9f21ee28ff8e1d9aa34f42faee99/element/f.7E00EA53797DB7C0883B340D4376DD1B.d.E8E472547EA585DF8F594B5D64B1BC47.e.3682/click - {}
RESULT: {}
COMMAND: POST /session/ffff9f21ee28ff8e1d9aa34f42faee99/element - {"using":"xpath","value":"//span[contains(text(), \"English\")]"}
COMMAND: GET /session/ffff9f21ee28ff8e1d9aa34f42faee99/screenshot - {}
RESULT: {"using":"xpath","value":"//span[contains(text(), \"English\")]"}
COMMAND: POST /session/ffff9f21ee28ff8e1d9aa34f42faee99/element/f.7E00EA53797DB7C0883B340D4376DD1B.d.E8E472547EA585DF8F594B5D64B1BC47.e.3683/click - {}
RESULT: {}
RESULT: {}
COMMAND: GET /session/ffff9f21ee28ff8e1d9aa34f42faee99/screenshot - {}
RESULT: {}
COMMAND: POST /session/ffff9f21ee28ff8e1d9aa34f42faee99/execute/async - {"script":"<script> [1562 bytes]","args":[{"selector":{"id":"application-managepartners-display-component---NewPartner--addressDetailDetailsCity1","interaction":{"idSuffix":"inner"}},"wdio_ui5_key":"applicationmanagepartners-display-component---NewPartner--addressDetailDetailsCity1"}]}
RESULT: {"script":"<script> [1562 bytes]","args":[{"selector":{"id":"application-managepartners-display-component---NewPartner--addressDetailDetailsCity1","interaction":{"idSuffix":"inner"}},"wdio_ui5_key":"applicationmanagepartners-display-component---NewPartner--addressDetailDetailsCity1"}]}
RESULT: undefined
COMMAND: POST /session/ffff9f21ee28ff8e1d9aa34f42faee99/execute/async - {"script":"<script> [776 bytes]","args":[{"enterText":"Rosario","selector":{"id":"application-managepartners-display-component---NewPartner--addressDetailDetailsCity1","interaction":{"idSuffix":"inner"}},"clearTextFirst":true,"interactionType":"ENTER_TEXT"}]}
RESULT: {"script":"<script> [776 bytes]","args":[{"enterText":"Rosario","selector":{"id":"application-managepartners-display-component---NewPartner--addressDetailDetailsCity1","interaction":{"idSuffix":"inner"}},"clearTextFirst":true,"interactionType":"ENTER_TEXT"}]}
COMMAND: POST /session/ffff9f21ee28ff8e1d9aa34f42faee99/execute/async - {"script":"<script> [1562 bytes]","args":[{"selector":{"id":"application-managepartners-display-component---NewPartner--addressDetailDetailsCountry-arrow"},"wdio_ui5_key":"applicationmanagepartners-display-component---NewPartner--addressDetailDetailsCountry-arrow"}]}
RESULT: {"script":"<script> [1562 bytes]","args":[{"selector":{"id":"application-managepartners-display-component---NewPartner--addressDetailDetailsCountry-arrow"},"wdio_ui5_key":"applicationmanagepartners-display-component---NewPartner--addressDetailDetailsCountry-arrow"}]}
RESULT: undefined
COMMAND: POST /session/ffff9f21ee28ff8e1d9aa34f42faee99/element - {"using":"xpath","value":"//*[@id=\"application-managepartners-display-component---NewPartner--addressDetailDetailsCountry-arrow\"]"}
RESULT: {"using":"xpath","value":"//*[@id=\"application-managepartners-display-component---NewPartner--addressDetailDetailsCountry-arrow\"]"}
COMMAND: POST /session/ffff9f21ee28ff8e1d9aa34f42faee99/element/f.7E00EA53797DB7C0883B340D4376DD1B.d.E8E472547EA585DF8F594B5D64B1BC47.e.3639/click - {}
RESULT: {}
COMMAND: POST /session/ffff9f21ee28ff8e1d9aa34f42faee99/element - {"using":"xpath","value":"//span[contains(text(), \"Argentina\")]"}
COMMAND: GET /session/ffff9f21ee28ff8e1d9aa34f42faee99/screenshot - {}
RESULT: {"using":"xpath","value":"//span[contains(text(), \"Argentina\")]"}
COMMAND: POST /session/ffff9f21ee28ff8e1d9aa34f42faee99/element/f.7E00EA53797DB7C0883B340D4376DD1B.d.E8E472547EA585DF8F594B5D64B1BC47.e.3685/click - {}
RESULT: {}
RESULT: {}
COMMAND: GET /session/ffff9f21ee28ff8e1d9aa34f42faee99/screenshot - {}
RESULT: {}
COMMAND: POST /session/ffff9f21ee28ff8e1d9aa34f42faee99/element - {"using":"xpath","value":"//bdi[contains(text(), \"Commercial\")]"}
RESULT: {"using":"xpath","value":"//bdi[contains(text(), \"Commercial\")]"}
COMMAND: POST /session/ffff9f21ee28ff8e1d9aa34f42faee99/element/f.7E00EA53797DB7C0883B340D4376DD1B.d.E8E472547EA585DF8F594B5D64B1BC47.e.3686/click - {}
RESULT: {}
COMMAND: GET /session/ffff9f21ee28ff8e1d9aa34f42faee99/screenshot - {}
RESULT: {}
COMMAND: POST /session/ffff9f21ee28ff8e1d9aa34f42faee99/execute/async - {"script":"<script> [1562 bytes]","args":[{"selector":{"id":"application-managepartners-display-component---NewPartner--partnerDetailInternal-arrow"},"wdio_ui5_key":"applicationmanagepartners-display-component---NewPartner--partnerDetailInternal-arrow"}]}
RESULT: {"script":"<script> [1562 bytes]","args":[{"selector":{"id":"application-managepartners-display-component---NewPartner--partnerDetailInternal-arrow"},"wdio_ui5_key":"applicationmanagepartners-display-component---NewPartner--partnerDetailInternal-arrow"}]}
RESULT: undefined
COMMAND: POST /session/ffff9f21ee28ff8e1d9aa34f42faee99/element - {"using":"xpath","value":"//*[@id=\"application-managepartners-display-component---NewPartner--partnerDetailInternal-arrow\"]"}
RESULT: {"using":"xpath","value":"//*[@id=\"application-managepartners-display-component---NewPartner--partnerDetailInternal-arrow\"]"}
COMMAND: POST /session/ffff9f21ee28ff8e1d9aa34f42faee99/element/f.7E00EA53797DB7C0883B340D4376DD1B.d.E8E472547EA585DF8F594B5D64B1BC47.e.3692/click - {}
RESULT: {}
COMMAND: POST /session/ffff9f21ee28ff8e1d9aa34f42faee99/element - {"using":"xpath","value":"//span[contains(text(), \"Affiliated company\")]"}
COMMAND: GET /session/ffff9f21ee28ff8e1d9aa34f42faee99/screenshot - {}
RESULT: {"using":"xpath","value":"//span[contains(text(), \"Affiliated company\")]"}
COMMAND: POST /session/ffff9f21ee28ff8e1d9aa34f42faee99/element/f.7E00EA53797DB7C0883B340D4376DD1B.d.E8E472547EA585DF8F594B5D64B1BC47.e.3693/click - {}
RESULT: {}
RESULT: {}
COMMAND: POST /session/ffff9f21ee28ff8e1d9aa34f42faee99/execute/async - {"script":"<script> [1562 bytes]","args":[{"selector":{"id":"application-managepartners-display-component---NewPartner--partnerDetailsCurrency-arrow"},"wdio_ui5_key":"applicationmanagepartners-display-component---NewPartner--partnerDetailsCurrency-arrow"}]}
COMMAND: GET /session/ffff9f21ee28ff8e1d9aa34f42faee99/screenshot - {}
RESULT: {"script":"<script> [1562 bytes]","args":[{"selector":{"id":"application-managepartners-display-component---NewPartner--partnerDetailsCurrency-arrow"},"wdio_ui5_key":"applicationmanagepartners-display-component---NewPartner--partnerDetailsCurrency-arrow"}]}
RESULT: undefined
COMMAND: POST /session/ffff9f21ee28ff8e1d9aa34f42faee99/element - {"using":"xpath","value":"//*[@id=\"application-managepartners-display-component---NewPartner--partnerDetailsCurrency-arrow\"]"}
RESULT: {}
RESULT: {"using":"xpath","value":"//*[@id=\"application-managepartners-display-component---NewPartner--partnerDetailsCurrency-arrow\"]"}
COMMAND: POST /session/ffff9f21ee28ff8e1d9aa34f42faee99/element/f.7E00EA53797DB7C0883B340D4376DD1B.d.E8E472547EA585DF8F594B5D64B1BC47.e.3700/click - {}
RESULT: {}
COMMAND: POST /session/ffff9f21ee28ff8e1d9aa34f42faee99/element - {"using":"xpath","value":"//span[contains(text(), \"Euro\")]"}
COMMAND: GET /session/ffff9f21ee28ff8e1d9aa34f42faee99/screenshot - {}
RESULT: {"using":"xpath","value":"//span[contains(text(), \"Euro\")]"}
COMMAND: POST /session/ffff9f21ee28ff8e1d9aa34f42faee99/element/f.7E00EA53797DB7C0883B340D4376DD1B.d.E8E472547EA585DF8F594B5D64B1BC47.e.3701/click - {}
RESULT: {}
RESULT: {}
COMMAND: POST /session/ffff9f21ee28ff8e1d9aa34f42faee99/execute/async - {"script":"<script> [1562 bytes]","args":[{"selector":{"id":"application-managepartners-display-component---NewPartner--addressEditDetailsCostObjectCstType-arrow"},"wdio_ui5_key":"applicationmanagepartners-display-component---NewPartner--addressEditDetailsCostObjectCstType-arrow"}]}
COMMAND: GET /session/ffff9f21ee28ff8e1d9aa34f42faee99/screenshot - {}
RESULT: {"script":"<script> [1562 bytes]","args":[{"selector":{"id":"application-managepartners-display-component---NewPartner--addressEditDetailsCostObjectCstType-arrow"},"wdio_ui5_key":"applicationmanagepartners-display-component---NewPartner--addressEditDetailsCostObjectCstType-arrow"}]}
RESULT: undefined
COMMAND: POST /session/ffff9f21ee28ff8e1d9aa34f42faee99/element - {"using":"xpath","value":"//*[@id=\"application-managepartners-display-component---NewPartner--addressEditDetailsCostObjectCstType-arrow\"]"}
RESULT: {}
RESULT: {"using":"xpath","value":"//*[@id=\"application-managepartners-display-component---NewPartner--addressEditDetailsCostObjectCstType-arrow\"]"}
COMMAND: POST /session/ffff9f21ee28ff8e1d9aa34f42faee99/element/f.7E00EA53797DB7C0883B340D4376DD1B.d.E8E472547EA585DF8F594B5D64B1BC47.e.3702/click - {}
RESULT: {}
COMMAND: POST /session/ffff9f21ee28ff8e1d9aa34f42faee99/element - {"using":"xpath","value":"//span[contains(text(), \"Cost Center\")]"}
COMMAND: GET /session/ffff9f21ee28ff8e1d9aa34f42faee99/screenshot - {}
RESULT: {"using":"xpath","value":"//span[contains(text(), \"Cost Center\")]"}
COMMAND: POST /session/ffff9f21ee28ff8e1d9aa34f42faee99/element/f.7E00EA53797DB7C0883B340D4376DD1B.d.E8E472547EA585DF8F594B5D64B1BC47.e.3703/click - {}
RESULT: {}
RESULT: {}
COMMAND: GET /session/ffff9f21ee28ff8e1d9aa34f42faee99/screenshot - {}
RESULT: {}
COMMAND: POST /session/ffff9f21ee28ff8e1d9aa34f42faee99/element - {"using":"xpath","value":"//span[@id=\"application-managepartners-display-component---NewPartner--addressNewCostObjectCstID-vhi\"]"}
RESULT: {"using":"xpath","value":"//span[@id=\"application-managepartners-display-component---NewPartner--addressNewCostObjectCstID-vhi\"]"}
COMMAND: POST /session/ffff9f21ee28ff8e1d9aa34f42faee99/execute/sync - {"script":"<script> [8489 bytes]","args":[{"element-6066-11e4-a52e-4f735466cecf":"f.7E00EA53797DB7C0883B340D4376DD1B.d.E8E472547EA585DF8F594B5D64B1BC47.e.3707","ELEMENT":"f.7E00EA53797DB7C0883B340D4376DD1B.d.E8E472547EA585DF8F594B5D64B1BC47.e.3707"}]}
RESULT: {"script":"<script> [8489 bytes]","args":[{"element-6066-11e4-a52e-4f735466cecf":"f.7E00EA53797DB7C0883B340D4376DD1B.d.E8E472547EA585DF8F594B5D64B1BC47.e.3707","ELEMENT":"f.7E00EA53797DB7C0883B340D4376DD1B.d.E8E472547EA585DF8F594B5D64B1BC47.e.3707"}]}
COMMAND: POST /session/ffff9f21ee28ff8e1d9aa34f42faee99/execute/async - {"script":"<script> [1562 bytes]","args":[{"selector":{"id":"application-managepartners-display-component---NewPartner--addressNewCostObjectCstID-vhi"},"wdio_ui5_key":"applicationmanagepartners-display-component---NewPartner--addressNewCostObjectCstID-vhi"}]}
COMMAND: GET /session/ffff9f21ee28ff8e1d9aa34f42faee99/screenshot - {}
RESULT: {"script":"<script> [1562 bytes]","args":[{"selector":{"id":"application-managepartners-display-component---NewPartner--addressNewCostObjectCstID-vhi"},"wdio_ui5_key":"applicationmanagepartners-display-component---NewPartner--addressNewCostObjectCstID-vhi"}]}
RESULT: undefined
COMMAND: POST /session/ffff9f21ee28ff8e1d9aa34f42faee99/element - {"using":"xpath","value":"//*[@id=\"application-managepartners-display-component---NewPartner--addressNewCostObjectCstID-vhi\"]"}
RESULT: {}
RESULT: {"using":"xpath","value":"//*[@id=\"application-managepartners-display-component---NewPartner--addressNewCostObjectCstID-vhi\"]"}
COMMAND: POST /session/ffff9f21ee28ff8e1d9aa34f42faee99/element/f.7E00EA53797DB7C0883B340D4376DD1B.d.E8E472547EA585DF8F594B5D64B1BC47.e.3707/click - {}
RESULT: {}
COMMAND: GET /session/ffff9f21ee28ff8e1d9aa34f42faee99/screenshot - {}
RESULT: {}
COMMAND: POST /session/ffff9f21ee28ff8e1d9aa34f42faee99/execute/async - {"script":"<script> [1562 bytes]","args":[{"selector":{"controlType":"sap.m.SearchField","properties":{"placeholder":"Search"},"searchOpenDialogs":true,"interaction":{"idSuffix":"I"}},"wdio_ui5_key":"sapm.SearchField{\"placeholder\":\"Search\"}"}]}
RESULT: {"script":"<script> [1562 bytes]","args":[{"selector":{"controlType":"sap.m.SearchField","properties":{"placeholder":"Search"},"searchOpenDialogs":true,"interaction":{"idSuffix":"I"}},"wdio_ui5_key":"sapm.SearchField{\"placeholder\":\"Search\"}"}]}
RESULT: undefined
COMMAND: POST /session/ffff9f21ee28ff8e1d9aa34f42faee99/execute/async - {"script":"<script> [776 bytes]","args":[{"enterText":"10001013","selector":{"controlType":"sap.m.SearchField","properties":{"placeholder":"Search"},"searchOpenDialogs":true,"interaction":{"idSuffix":"I"}},"clearTextFirst":true,"interactionType":"ENTER_TEXT"}]}
RESULT: {"script":"<script> [776 bytes]","args":[{"enterText":"10001013","selector":{"controlType":"sap.m.SearchField","properties":{"placeholder":"Search"},"searchOpenDialogs":true,"interaction":{"idSuffix":"I"}},"clearTextFirst":true,"interactionType":"ENTER_TEXT"}]}
COMMAND: POST /session/ffff9f21ee28ff8e1d9aa34f42faee99/actions - {"actions":[{"id":"action7","type":"key","parameters":{},"actions":[{"type":"keyDown","value":"î€‡"},{"type":"pause","duration":10},{"type":"keyUp","value":"î€‡"}]}]}
RESULT: {"actions":[{"id":"action7","type":"key","parameters":{},"actions":[{"type":"keyDown","value":"î€‡"},{"type":"pause","duration":10},{"type":"keyUp","value":"î€‡"}]}]}
COMMAND: GET /session/ffff9f21ee28ff8e1d9aa34f42faee99/screenshot - {}
RESULT: {}
COMMAND: POST /session/ffff9f21ee28ff8e1d9aa34f42faee99/element - {"using":"xpath","value":"//span[contains(text(), \"General Management\")]"}
RESULT: {"using":"xpath","value":"//span[contains(text(), \"General Management\")]"}
COMMAND: POST /session/ffff9f21ee28ff8e1d9aa34f42faee99/element/f.7E00EA53797DB7C0883B340D4376DD1B.d.E8E472547EA585DF8F594B5D64B1BC47.e.3748/click - {}
RESULT: {}
COMMAND: GET /session/ffff9f21ee28ff8e1d9aa34f42faee99/screenshot - {}
RESULT: {}
COMMAND: POST /session/ffff9f21ee28ff8e1d9aa34f42faee99/element - {"using":"xpath","value":"//bdi[contains(text(), \"OK\")]"}
RESULT: {"using":"xpath","value":"//bdi[contains(text(), \"OK\")]"}
COMMAND: POST /session/ffff9f21ee28ff8e1d9aa34f42faee99/element/f.7E00EA53797DB7C0883B340D4376DD1B.d.E8E472547EA585DF8F594B5D64B1BC47.e.3749/click - {}
RESULT: {}
COMMAND: GET /session/ffff9f21ee28ff8e1d9aa34f42faee99/screenshot - {}
RESULT: {}
COMMAND: POST /session/ffff9f21ee28ff8e1d9aa34f42faee99/element - {"using":"xpath","value":"//input[@id=\"application-managepartners-display-component---NewPartner--companyCodeComboBox-inner\"]"}
RESULT: {"using":"xpath","value":"//input[@id=\"application-managepartners-display-component---NewPartner--companyCodeComboBox-inner\"]"}
COMMAND: POST /session/ffff9f21ee28ff8e1d9aa34f42faee99/element/f.7E00EA53797DB7C0883B340D4376DD1B.d.E8E472547EA585DF8F594B5D64B1BC47.e.3596/clear - {}
RESULT: {}
COMMAND: POST /session/ffff9f21ee28ff8e1d9aa34f42faee99/element/f.7E00EA53797DB7C0883B340D4376DD1B.d.E8E472547EA585DF8F594B5D64B1BC47.e.3596/value - {"text":"C002"}
COMMAND: GET /session/ffff9f21ee28ff8e1d9aa34f42faee99/screenshot - {}
RESULT: {"text":"C002"}
COMMAND: GET /session/ffff9f21ee28ff8e1d9aa34f42faee99/screenshot - {}
RESULT: {}
RESULT: {}
COMMAND: POST /session/ffff9f21ee28ff8e1d9aa34f42faee99/element - {"using":"xpath","value":"//span[contains(text(), \"C002\")]"}
RESULT: {"using":"xpath","value":"//span[contains(text(), \"C002\")]"}
COMMAND: POST /session/ffff9f21ee28ff8e1d9aa34f42faee99/element/f.7E00EA53797DB7C0883B340D4376DD1B.d.E8E472547EA585DF8F594B5D64B1BC47.e.3755/click - {}
RESULT: {}
COMMAND: GET /session/ffff9f21ee28ff8e1d9aa34f42faee99/screenshot - {}
RESULT: {}
COMMAND: POST /session/ffff9f21ee28ff8e1d9aa34f42faee99/execute/async - {"script":"<script> [1562 bytes]","args":[{"selector":{"id":"application-managepartners-display-component---NewPartner--btnAddTableRow-img"},"wdio_ui5_key":"applicationmanagepartners-display-component---NewPartner--btnAddTableRow-img"}]}
RESULT: {"script":"<script> [1562 bytes]","args":[{"selector":{"id":"application-managepartners-display-component---NewPartner--btnAddTableRow-img"},"wdio_ui5_key":"applicationmanagepartners-display-component---NewPartner--btnAddTableRow-img"}]}
RESULT: undefined
COMMAND: POST /session/ffff9f21ee28ff8e1d9aa34f42faee99/element - {"using":"xpath","value":"//*[@id=\"application-managepartners-display-component---NewPartner--btnAddTableRow-img\"]"}
RESULT: {"using":"xpath","value":"//*[@id=\"application-managepartners-display-component---NewPartner--btnAddTableRow-img\"]"}
COMMAND: POST /session/ffff9f21ee28ff8e1d9aa34f42faee99/element/f.7E00EA53797DB7C0883B340D4376DD1B.d.E8E472547EA585DF8F594B5D64B1BC47.e.3756/click - {}
RESULT: {}
COMMAND: GET /session/ffff9f21ee28ff8e1d9aa34f42faee99/screenshot - {}
RESULT: {}
COMMAND: POST /session/ffff9f21ee28ff8e1d9aa34f42faee99/element - {"using":"xpath","value":"//input[@id=\"application-managepartners-display-component---NewPartner--assignmentYard-application-managepartners-display-component---NewPartner--assignmentsTable-0-inner\"]"}
RESULT: {"using":"xpath","value":"//input[@id=\"application-managepartners-display-component---NewPartner--assignmentYard-application-managepartners-display-component---NewPartner--assignmentsTable-0-inner\"]"}
COMMAND: POST /session/ffff9f21ee28ff8e1d9aa34f42faee99/element/f.7E00EA53797DB7C0883B340D4376DD1B.d.E8E472547EA585DF8F594B5D64B1BC47.e.3759/clear - {}
RESULT: {}
COMMAND: POST /session/ffff9f21ee28ff8e1d9aa34f42faee99/element/f.7E00EA53797DB7C0883B340D4376DD1B.d.E8E472547EA585DF8F594B5D64B1BC47.e.3759/value - {"text":"532"}
COMMAND: GET /session/ffff9f21ee28ff8e1d9aa34f42faee99/screenshot - {}
RESULT: {"text":"532"}
COMMAND: GET /session/ffff9f21ee28ff8e1d9aa34f42faee99/screenshot - {}
RESULT: {}
RESULT: {}
COMMAND: POST /session/ffff9f21ee28ff8e1d9aa34f42faee99/element - {"using":"xpath","value":"//li[.//span[text()='532']]"}
RESULT: {"using":"xpath","value":"//li[.//span[text()='532']]"}
COMMAND: POST /session/ffff9f21ee28ff8e1d9aa34f42faee99/element/f.7E00EA53797DB7C0883B340D4376DD1B.d.E8E472547EA585DF8F594B5D64B1BC47.e.3768/click - {}
RESULT: {}
COMMAND: GET /session/ffff9f21ee28ff8e1d9aa34f42faee99/screenshot - {}
RESULT: {}
COMMAND: POST /session/ffff9f21ee28ff8e1d9aa34f42faee99/actions - {"actions":[{"id":"action8","type":"key","parameters":{},"actions":[{"type":"keyDown","value":"î€‡"},{"type":"pause","duration":10},{"type":"keyUp","value":"î€‡"}]}]}
RESULT: {"actions":[{"id":"action8","type":"key","parameters":{},"actions":[{"type":"keyDown","value":"î€‡"},{"type":"pause","duration":10},{"type":"keyUp","value":"î€‡"}]}]}
COMMAND: POST /session/ffff9f21ee28ff8e1d9aa34f42faee99/execute/async - {"script":"<script> [1562 bytes]","args":[{"selector":{"id":"application-managepartners-display-component---NewPartner--externalCustomerComboBox-application-managepartners-display-component---NewPartner--assignmentsTable-0-vhi"},"wdio_ui5_key":"applicationmanagepartners-display-component---NewPartner--externalCustomerComboBox-application-managepartners-display-component---NewPartner--assignmentsTable-0-vhi"}]}
COMMAND: GET /session/ffff9f21ee28ff8e1d9aa34f42faee99/screenshot - {}
RESULT: {"script":"<script> [1562 bytes]","args":[{"selector":{"id":"application-managepartners-display-component---NewPartner--externalCustomerComboBox-application-managepartners-display-component---NewPartner--assignmentsTable-0-vhi"},"wdio_ui5_key":"applicationmanagepartners-display-component---NewPartner--externalCustomerComboBox-application-managepartners-display-component---NewPartner--assignmentsTable-0-vhi"}]}
RESULT: undefined
COMMAND: POST /session/ffff9f21ee28ff8e1d9aa34f42faee99/element - {"using":"xpath","value":"//*[@id=\"application-managepartners-display-component---NewPartner--externalCustomerComboBox-application-managepartners-display-component---NewPartner--assignmentsTable-0-vhi\"]"}
RESULT: {}
RESULT: {"using":"xpath","value":"//*[@id=\"application-managepartners-display-component---NewPartner--externalCustomerComboBox-application-managepartners-display-component---NewPartner--assignmentsTable-0-vhi\"]"}
COMMAND: POST /session/ffff9f21ee28ff8e1d9aa34f42faee99/element/f.7E00EA53797DB7C0883B340D4376DD1B.d.E8E472547EA585DF8F594B5D64B1BC47.e.3772/click - {}
RESULT: {}
RESULT: undefined
COMMAND: POST /session/ffff9f21ee28ff8e1d9aa34f42faee99/execute/async - {"script":"<script> [776 bytes]","args":[{"enterText":"300003","selector":{"controlType":"sap.m.SearchField","properties":{"placeholder":"Search"},"searchOpenDialogs":true,"interaction":{"idSuffix":"I"}},"clearTextFirst":true,"interactionType":"ENTER_TEXT"}]}
COMMAND: GET /session/ffff9f21ee28ff8e1d9aa34f42faee99/screenshot - {}
RESULT: {"script":"<script> [776 bytes]","args":[{"enterText":"300003","selector":{"controlType":"sap.m.SearchField","properties":{"placeholder":"Search"},"searchOpenDialogs":true,"interaction":{"idSuffix":"I"}},"clearTextFirst":true,"interactionType":"ENTER_TEXT"}]}
COMMAND: POST /session/ffff9f21ee28ff8e1d9aa34f42faee99/actions - {"actions":[{"id":"action9","type":"key","parameters":{},"actions":[{"type":"keyDown","value":"î€‡"},{"type":"pause","duration":10},{"type":"keyUp","value":"î€‡"}]}]}
RESULT: {}
RESULT: {"actions":[{"id":"action9","type":"key","parameters":{},"actions":[{"type":"keyDown","value":"î€‡"},{"type":"pause","duration":10},{"type":"keyUp","value":"î€‡"}]}]}
COMMAND: GET /session/ffff9f21ee28ff8e1d9aa34f42faee99/screenshot - {}
RESULT: {}
COMMAND: POST /session/ffff9f21ee28ff8e1d9aa34f42faee99/element - {"using":"xpath","value":"//span[contains(text(), \"300003\")]"}
RESULT: {"using":"xpath","value":"//span[contains(text(), \"300003\")]"}
COMMAND: POST /session/ffff9f21ee28ff8e1d9aa34f42faee99/element/f.7E00EA53797DB7C0883B340D4376DD1B.d.E8E472547EA585DF8F594B5D64B1BC47.e.3790/click - {}
RESULT: {}
COMMAND: GET /session/ffff9f21ee28ff8e1d9aa34f42faee99/screenshot - {}
RESULT: {}
COMMAND: POST /session/ffff9f21ee28ff8e1d9aa34f42faee99/element - {"using":"xpath","value":"//bdi[contains(text(), \"OK\")]"}
RESULT: {"using":"xpath","value":"//bdi[contains(text(), \"OK\")]"}
COMMAND: POST /session/ffff9f21ee28ff8e1d9aa34f42faee99/element/f.7E00EA53797DB7C0883B340D4376DD1B.d.E8E472547EA585DF8F594B5D64B1BC47.e.3792/click - {}
RESULT: {}
COMMAND: GET /session/ffff9f21ee28ff8e1d9aa34f42faee99/screenshot - {}
RESULT: {}
COMMAND: POST /session/ffff9f21ee28ff8e1d9aa34f42faee99/execute/async - {"script":"<script> [1562 bytes]","args":[{"selector":{"id":"application-managepartners-display-component---NewPartner--intercompVendorComboBox-application-managepartners-display-component---NewPartner--assignmentsTable-0-vhi"},"wdio_ui5_key":"applicationmanagepartners-display-component---NewPartner--intercompVendorComboBox-application-managepartners-display-component---NewPartner--assignmentsTable-0-vhi"}]}
RESULT: {"script":"<script> [1562 bytes]","args":[{"selector":{"id":"application-managepartners-display-component---NewPartner--intercompVendorComboBox-application-managepartners-display-component---NewPartner--assignmentsTable-0-vhi"},"wdio_ui5_key":"applicationmanagepartners-display-component---NewPartner--intercompVendorComboBox-application-managepartners-display-component---NewPartner--assignmentsTable-0-vhi"}]}
RESULT: undefined
COMMAND: POST /session/ffff9f21ee28ff8e1d9aa34f42faee99/element - {"using":"xpath","value":"//*[@id=\"application-managepartners-display-component---NewPartner--intercompVendorComboBox-application-managepartners-display-component---NewPartner--assignmentsTable-0-vhi\"]"}
RESULT: {"using":"xpath","value":"//*[@id=\"application-managepartners-display-component---NewPartner--intercompVendorComboBox-application-managepartners-display-component---NewPartner--assignmentsTable-0-vhi\"]"}
COMMAND: POST /session/ffff9f21ee28ff8e1d9aa34f42faee99/element/f.7E00EA53797DB7C0883B340D4376DD1B.d.E8E472547EA585DF8F594B5D64B1BC47.e.3795/click - {}
RESULT: {}
RESULT: undefined
COMMAND: POST /session/ffff9f21ee28ff8e1d9aa34f42faee99/execute/async - {"script":"<script> [776 bytes]","args":[{"enterText":"100005","selector":{"controlType":"sap.m.SearchField","properties":{"placeholder":"Search"},"searchOpenDialogs":true,"interaction":{"idSuffix":"I"}},"clearTextFirst":true,"interactionType":"ENTER_TEXT"}]}
COMMAND: GET /session/ffff9f21ee28ff8e1d9aa34f42faee99/screenshot - {}
RESULT: {"script":"<script> [776 bytes]","args":[{"enterText":"100005","selector":{"controlType":"sap.m.SearchField","properties":{"placeholder":"Search"},"searchOpenDialogs":true,"interaction":{"idSuffix":"I"}},"clearTextFirst":true,"interactionType":"ENTER_TEXT"}]}
COMMAND: POST /session/ffff9f21ee28ff8e1d9aa34f42faee99/actions - {"actions":[{"id":"action10","type":"key","parameters":{},"actions":[{"type":"keyDown","value":"î€‡"},{"type":"pause","duration":10},{"type":"keyUp","value":"î€‡"}]}]}
RESULT: {}
RESULT: {"actions":[{"id":"action10","type":"key","parameters":{},"actions":[{"type":"keyDown","value":"î€‡"},{"type":"pause","duration":10},{"type":"keyUp","value":"î€‡"}]}]}
COMMAND: GET /session/ffff9f21ee28ff8e1d9aa34f42faee99/screenshot - {}
RESULT: {}
COMMAND: POST /session/ffff9f21ee28ff8e1d9aa34f42faee99/element - {"using":"xpath","value":"//span[contains(text(), \"Penguins - Field/12345 Berlin\")]"}
RESULT: {"using":"xpath","value":"//span[contains(text(), \"Penguins - Field/12345 Berlin\")]"}
COMMAND: POST /session/ffff9f21ee28ff8e1d9aa34f42faee99/element/f.7E00EA53797DB7C0883B340D4376DD1B.d.E8E472547EA585DF8F594B5D64B1BC47.e.3812/click - {}
RESULT: {}
COMMAND: GET /session/ffff9f21ee28ff8e1d9aa34f42faee99/screenshot - {}
RESULT: {}
COMMAND: POST /session/ffff9f21ee28ff8e1d9aa34f42faee99/element - {"using":"xpath","value":"//bdi[contains(text(), \"OK\")]"}
RESULT: {"using":"xpath","value":"//bdi[contains(text(), \"OK\")]"}
COMMAND: POST /session/ffff9f21ee28ff8e1d9aa34f42faee99/element/f.7E00EA53797DB7C0883B340D4376DD1B.d.E8E472547EA585DF8F594B5D64B1BC47.e.3813/click - {}
RESULT: {}
COMMAND: GET /session/ffff9f21ee28ff8e1d9aa34f42faee99/screenshot - {}
RESULT: {}
COMMAND: POST /session/ffff9f21ee28ff8e1d9aa34f42faee99/element - {"using":"xpath","value":"//button[@data-kt=\"saveButton\"]"}
RESULT: {"using":"xpath","value":"//button[@data-kt=\"saveButton\"]"}
COMMAND: POST /session/ffff9f21ee28ff8e1d9aa34f42faee99/element/f.7E00EA53797DB7C0883B340D4376DD1B.d.E8E472547EA585DF8F594B5D64B1BC47.e.3660/click - {}
RESULT: {}
COMMAND: GET /session/ffff9f21ee28ff8e1d9aa34f42faee99/screenshot - {}
RESULT: {}
COMMAND: POST /session/ffff9f21ee28ff8e1d9aa34f42faee99/element - {"using":"xpath","value":"//header[contains(@id, 'ObjectPageLayout-headerTitle')]/div[1]/div[2]/div[2]/span[1]"}
RESULT: {"using":"xpath","value":"//header[contains(@id, 'ObjectPageLayout-headerTitle')]/div[1]/div[2]/div[2]/span[1]"}
COMMAND: POST /session/ffff9f21ee28ff8e1d9aa34f42faee99/elements - {"using":"xpath","value":"//header[contains(@id, 'ObjectPageLayout-headerTitle')]/div[1]/div[2]/div[2]/span[1]"}
RESULT: {"using":"xpath","value":"//header[contains(@id, 'ObjectPageLayout-headerTitle')]/div[1]/div[2]/div[2]/span[1]"}
COMMAND: POST /session/ffff9f21ee28ff8e1d9aa34f42faee99/execute/sync - {"script":"<script> [56 bytes]","args":[{"element-6066-11e4-a52e-4f735466cecf":"f.7E00EA53797DB7C0883B340D4376DD1B.d.E8E472547EA585DF8F594B5D64B1BC47.e.3975","ELEMENT":"f.7E00EA53797DB7C0883B340D4376DD1B.d.E8E472547EA585DF8F594B5D64B1BC47.e.3975"}]}
RESULT: {"script":"<script> [56 bytes]","args":[{"element-6066-11e4-a52e-4f735466cecf":"f.7E00EA53797DB7C0883B340D4376DD1B.d.E8E472547EA585DF8F594B5D64B1BC47.e.3975","ELEMENT":"f.7E00EA53797DB7C0883B340D4376DD1B.d.E8E472547EA585DF8F594B5D64B1BC47.e.3975"}]}
COMMAND: POST /session/ffff9f21ee28ff8e1d9aa34f42faee99/element - {"using":"css selector","value":"#shell-header-logo"}
COMMAND: GET /session/ffff9f21ee28ff8e1d9aa34f42faee99/screenshot - {}
RESULT: {"using":"css selector","value":"#shell-header-logo"}
COMMAND: POST /session/ffff9f21ee28ff8e1d9aa34f42faee99/element/f.7E00EA53797DB7C0883B340D4376DD1B.d.E8E472547EA585DF8F594B5D64B1BC47.e.3202/click - {}
RESULT: {}
RESULT: {}
COMMAND: GET /session/ffff9f21ee28ff8e1d9aa34f42faee99/screenshot - {}
RESULT: {}
COMMAND: POST /session/ffff9f21ee28ff8e1d9aa34f42faee99/execute/sync - {"script":"<script> [299 bytes]","args":[["getModel","getResource"]]}
RESULT: {"script":"<script> [299 bytes]","args":[["getModel","getResource"]]}
RESULT: undefined
COMMAND: POST /session/ffff9f21ee28ff8e1d9aa34f42faee99/element - {"using":"xpath","value":"//*[@id=\"__tile30\"]"}
COMMAND: GET /session/ffff9f21ee28ff8e1d9aa34f42faee99/screenshot - {}
RESULT: {"using":"xpath","value":"//*[@id=\"__tile30\"]"}
COMMAND: POST /session/ffff9f21ee28ff8e1d9aa34f42faee99/element/f.7E00EA53797DB7C0883B340D4376DD1B.d.E8E472547EA585DF8F594B5D64B1BC47.e.3129/click - {}
RESULT: {}
RESULT: {}
COMMAND: POST /session/ffff9f21ee28ff8e1d9aa34f42faee99/element - {"using":"xpath","value":"//button[@data-kt=\"addButton\"]"}
COMMAND: GET /session/ffff9f21ee28ff8e1d9aa34f42faee99/screenshot - {}
RESULT: {"using":"xpath","value":"//button[@data-kt=\"addButton\"]"}
COMMAND: POST /session/ffff9f21ee28ff8e1d9aa34f42faee99/elements - {"using":"xpath","value":"//button[@data-kt=\"addButton\"]"}
RESULT: {}
RESULT: {"using":"xpath","value":"//button[@data-kt=\"addButton\"]"}
COMMAND: POST /session/ffff9f21ee28ff8e1d9aa34f42faee99/elements - {"using":"xpath","value":"//button[@data-kt=\"addButton\"]"}
RESULT: {"using":"xpath","value":"//button[@data-kt=\"addButton\"]"}
COMMAND: POST /session/ffff9f21ee28ff8e1d9aa34f42faee99/element - {"using":"xpath","value":"//button[@data-kt=\"addButton\"]"}
RESULT: {"using":"xpath","value":"//button[@data-kt=\"addButton\"]"}
COMMAND: POST /session/ffff9f21ee28ff8e1d9aa34f42faee99/execute/sync - {"script":"<script> [8489 bytes]","args":[{"element-6066-11e4-a52e-4f735466cecf":"f.7E00EA53797DB7C0883B340D4376DD1B.d.E8E472547EA585DF8F594B5D64B1BC47.e.4012","ELEMENT":"f.7E00EA53797DB7C0883B340D4376DD1B.d.E8E472547EA585DF8F594B5D64B1BC47.e.4012"}]}
RESULT: {"script":"<script> [8489 bytes]","args":[{"element-6066-11e4-a52e-4f735466cecf":"f.7E00EA53797DB7C0883B340D4376DD1B.d.E8E472547EA585DF8F594B5D64B1BC47.e.4012","ELEMENT":"f.7E00EA53797DB7C0883B340D4376DD1B.d.E8E472547EA585DF8F594B5D64B1BC47.e.4012"}]}
COMMAND: GET /session/ffff9f21ee28ff8e1d9aa34f42faee99/element/f.7E00EA53797DB7C0883B340D4376DD1B.d.E8E472547EA585DF8F594B5D64B1BC47.e.4012/enabled - {}
COMMAND: GET /session/ffff9f21ee28ff8e1d9aa34f42faee99/screenshot - {}
RESULT: {}
COMMAND: POST /session/ffff9f21ee28ff8e1d9aa34f42faee99/execute/sync - {"script":"<script> [8489 bytes]","args":[{"element-6066-11e4-a52e-4f735466cecf":"f.7E00EA53797DB7C0883B340D4376DD1B.d.E8E472547EA585DF8F594B5D64B1BC47.e.4012","ELEMENT":"f.7E00EA53797DB7C0883B340D4376DD1B.d.E8E472547EA585DF8F594B5D64B1BC47.e.4012"}]}
COMMAND: GET /session/ffff9f21ee28ff8e1d9aa34f42faee99/screenshot - {}
RESULT: {}
RESULT: {"script":"<script> [8489 bytes]","args":[{"element-6066-11e4-a52e-4f735466cecf":"f.7E00EA53797DB7C0883B340D4376DD1B.d.E8E472547EA585DF8F594B5D64B1BC47.e.4012","ELEMENT":"f.7E00EA53797DB7C0883B340D4376DD1B.d.E8E472547EA585DF8F594B5D64B1BC47.e.4012"}]}
COMMAND: POST /session/ffff9f21ee28ff8e1d9aa34f42faee99/execute/sync - {"script":"<script> [5351 bytes]","args":[{"element-6066-11e4-a52e-4f735466cecf":"f.7E00EA53797DB7C0883B340D4376DD1B.d.E8E472547EA585DF8F594B5D64B1BC47.e.4012","ELEMENT":"f.7E00EA53797DB7C0883B340D4376DD1B.d.E8E472547EA585DF8F594B5D64B1BC47.e.4012"}]}
COMMAND: GET /session/ffff9f21ee28ff8e1d9aa34f42faee99/screenshot - {}
RESULT: {}
RESULT: {"script":"<script> [5351 bytes]","args":[{"element-6066-11e4-a52e-4f735466cecf":"f.7E00EA53797DB7C0883B340D4376DD1B.d.E8E472547EA585DF8F594B5D64B1BC47.e.4012","ELEMENT":"f.7E00EA53797DB7C0883B340D4376DD1B.d.E8E472547EA585DF8F594B5D64B1BC47.e.4012"}]}
COMMAND: GET /session/ffff9f21ee28ff8e1d9aa34f42faee99/screenshot - {}
RESULT: {}
RESULT: {}
COMMAND: POST /session/ffff9f21ee28ff8e1d9aa34f42faee99/execute/async - {"script":"<script> [1562 bytes]","args":[{"selector":{"id":"application-managepartners-display-component---masterPtm--smartFilterBar-btnBasicSearch","interaction":{"idSuffix":"I"}},"wdio_ui5_key":"applicationmanagepartners-display-component---masterPtm--smartFilterBar-btnBasicSearch"}]}
RESULT: {"script":"<script> [1562 bytes]","args":[{"selector":{"id":"application-managepartners-display-component---masterPtm--smartFilterBar-btnBasicSearch","interaction":{"idSuffix":"I"}},"wdio_ui5_key":"applicationmanagepartners-display-component---masterPtm--smartFilterBar-btnBasicSearch"}]}
RESULT: undefined
COMMAND: POST /session/ffff9f21ee28ff8e1d9aa34f42faee99/execute/async - {"script":"<script> [776 bytes]","args":[{"enterText":"1407","selector":{"id":"application-managepartners-display-component---masterPtm--smartFilterBar-btnBasicSearch","interaction":{"idSuffix":"I"}},"clearTextFirst":true,"interactionType":"ENTER_TEXT"}]}
RESULT: {"script":"<script> [776 bytes]","args":[{"enterText":"1407","selector":{"id":"application-managepartners-display-component---masterPtm--smartFilterBar-btnBasicSearch","interaction":{"idSuffix":"I"}},"clearTextFirst":true,"interactionType":"ENTER_TEXT"}]}
COMMAND: POST /session/ffff9f21ee28ff8e1d9aa34f42faee99/actions - {"actions":[{"id":"action11","type":"key","parameters":{},"actions":[{"type":"keyDown","value":"î€‡"},{"type":"pause","duration":10},{"type":"keyUp","value":"î€‡"}]}]}
RESULT: {"actions":[{"id":"action11","type":"key","parameters":{},"actions":[{"type":"keyDown","value":"î€‡"},{"type":"pause","duration":10},{"type":"keyUp","value":"î€‡"}]}]}
COMMAND: GET /session/ffff9f21ee28ff8e1d9aa34f42faee99/screenshot - {}
RESULT: {}
COMMAND: POST /session/ffff9f21ee28ff8e1d9aa34f42faee99/elements - {"using":"xpath","value":"//table[contains(@id, \"customPartnersTable-listUl\")]/tbody/tr"}
RESULT: {"using":"xpath","value":"//table[contains(@id, \"customPartnersTable-listUl\")]/tbody/tr"}
COMMAND: POST /session/ffff9f21ee28ff8e1d9aa34f42faee99/element - {"using":"xpath","value":"//table[contains(@id, \"customPartnersTable-listUl\")]/tbody/tr[1]/td[3]/span"}
RESULT: {"using":"xpath","value":"//table[contains(@id, \"customPartnersTable-listUl\")]/tbody/tr[1]/td[3]/span"}
COMMAND: POST /session/ffff9f21ee28ff8e1d9aa34f42faee99/elements - {"using":"xpath","value":"//table[contains(@id, \"customPartnersTable-listUl\")]/tbody/tr[1]/td[3]/span"}
RESULT: {"using":"xpath","value":"//table[contains(@id, \"customPartnersTable-listUl\")]/tbody/tr[1]/td[3]/span"}
COMMAND: POST /session/ffff9f21ee28ff8e1d9aa34f42faee99/execute/sync - {"script":"<script> [56 bytes]","args":[{"element-6066-11e4-a52e-4f735466cecf":"f.7E00EA53797DB7C0883B340D4376DD1B.d.E8E472547EA585DF8F594B5D64B1BC47.e.4157","ELEMENT":"f.7E00EA53797DB7C0883B340D4376DD1B.d.E8E472547EA585DF8F594B5D64B1BC47.e.4157"}]}
RESULT: {"script":"<script> [56 bytes]","args":[{"element-6066-11e4-a52e-4f735466cecf":"f.7E00EA53797DB7C0883B340D4376DD1B.d.E8E472547EA585DF8F594B5D64B1BC47.e.4157","ELEMENT":"f.7E00EA53797DB7C0883B340D4376DD1B.d.E8E472547EA585DF8F594B5D64B1BC47.e.4157"}]}
COMMAND: POST /session/ffff9f21ee28ff8e1d9aa34f42faee99/element - {"using":"xpath","value":"(//span[contains(@id, \"imgNav\")])[1]"}
COMMAND: GET /session/ffff9f21ee28ff8e1d9aa34f42faee99/screenshot - {}
RESULT: {"using":"xpath","value":"(//span[contains(@id, \"imgNav\")])[1]"}
COMMAND: POST /session/ffff9f21ee28ff8e1d9aa34f42faee99/element/f.7E00EA53797DB7C0883B340D4376DD1B.d.E8E472547EA585DF8F594B5D64B1BC47.e.4155/click - {}
RESULT: {}
RESULT: {}
COMMAND: GET /session/ffff9f21ee28ff8e1d9aa34f42faee99/screenshot - {}
RESULT: {}
COMMAND: POST /session/ffff9f21ee28ff8e1d9aa34f42faee99/element - {"using":"xpath","value":"//bdi[contains(text(), \"Edit\")]"}
RESULT: {"using":"xpath","value":"//bdi[contains(text(), \"Edit\")]"}
COMMAND: POST /session/ffff9f21ee28ff8e1d9aa34f42faee99/element/f.7E00EA53797DB7C0883B340D4376DD1B.d.E8E472547EA585DF8F594B5D64B1BC47.e.4303/click - {}
RESULT: {}
COMMAND: GET /session/ffff9f21ee28ff8e1d9aa34f42faee99/screenshot - {}
RESULT: {}
COMMAND: POST /session/ffff9f21ee28ff8e1d9aa34f42faee99/execute/async - {"script":"<script> [1562 bytes]","args":[{"selector":{"controlType":"sap.m.Input","viewName":"etm.portal.ui.managepartners.view.EditDetail","labelFor":{"text":"Name"},"interaction":{"idSuffix":"inner"}},"wdio_ui5_key":"etmportal.ui.managepartners.view.EditDetailsap.m.Input{\"text\":\"Name\"}"}]}
RESULT: {"script":"<script> [1562 bytes]","args":[{"selector":{"controlType":"sap.m.Input","viewName":"etm.portal.ui.managepartners.view.EditDetail","labelFor":{"text":"Name"},"interaction":{"idSuffix":"inner"}},"wdio_ui5_key":"etmportal.ui.managepartners.view.EditDetailsap.m.Input{\"text\":\"Name\"}"}]}
RESULT: undefined
COMMAND: POST /session/ffff9f21ee28ff8e1d9aa34f42faee99/execute/async - {"script":"<script> [776 bytes]","args":[{"enterText":"Intercompany EDIT","selector":{"controlType":"sap.m.Input","viewName":"etm.portal.ui.managepartners.view.EditDetail","labelFor":{"text":"Name"},"interaction":{"idSuffix":"inner"}},"clearTextFirst":true,"interactionType":"ENTER_TEXT"}]}
RESULT: {"script":"<script> [776 bytes]","args":[{"enterText":"Intercompany EDIT","selector":{"controlType":"sap.m.Input","viewName":"etm.portal.ui.managepartners.view.EditDetail","labelFor":{"text":"Name"},"interaction":{"idSuffix":"inner"}},"clearTextFirst":true,"interactionType":"ENTER_TEXT"}]}
COMMAND: POST /session/ffff9f21ee28ff8e1d9aa34f42faee99/element - {"using":"xpath","value":"(//span[contains(@id,\"addressDetailDetailsLanguage-arrow\")])[1]"}
RESULT: {"using":"xpath","value":"(//span[contains(@id,\"addressDetailDetailsLanguage-arrow\")])[1]"}
COMMAND: POST /session/ffff9f21ee28ff8e1d9aa34f42faee99/element/f.7E00EA53797DB7C0883B340D4376DD1B.d.E8E472547EA585DF8F594B5D64B1BC47.e.4388/click - {}
RESULT: {}
COMMAND: POST /session/ffff9f21ee28ff8e1d9aa34f42faee99/element - {"using":"xpath","value":"//span[contains(text(), \"Chinese\")]"}
COMMAND: GET /session/ffff9f21ee28ff8e1d9aa34f42faee99/screenshot - {}
RESULT: {"using":"xpath","value":"//span[contains(text(), \"Chinese\")]"}
COMMAND: POST /session/ffff9f21ee28ff8e1d9aa34f42faee99/element/f.7E00EA53797DB7C0883B340D4376DD1B.d.E8E472547EA585DF8F594B5D64B1BC47.e.4389/click - {}
RESULT: {}
RESULT: {}
COMMAND: GET /session/ffff9f21ee28ff8e1d9aa34f42faee99/screenshot - {}
RESULT: {}
COMMAND: POST /session/ffff9f21ee28ff8e1d9aa34f42faee99/execute/async - {"script":"<script> [1562 bytes]","args":[{"selector":{"controlType":"sap.m.Input","viewName":"etm.portal.ui.managepartners.view.EditDetail","labelFor":{"text":"City"},"interaction":{"idSuffix":"inner"}},"wdio_ui5_key":"etmportal.ui.managepartners.view.EditDetailsap.m.Input{\"text\":\"City\"}"}]}
RESULT: {"script":"<script> [1562 bytes]","args":[{"selector":{"controlType":"sap.m.Input","viewName":"etm.portal.ui.managepartners.view.EditDetail","labelFor":{"text":"City"},"interaction":{"idSuffix":"inner"}},"wdio_ui5_key":"etmportal.ui.managepartners.view.EditDetailsap.m.Input{\"text\":\"City\"}"}]}
RESULT: undefined
COMMAND: POST /session/ffff9f21ee28ff8e1d9aa34f42faee99/execute/async - {"script":"<script> [776 bytes]","args":[{"enterText":"Clooj-Napoca","selector":{"controlType":"sap.m.Input","viewName":"etm.portal.ui.managepartners.view.EditDetail","labelFor":{"text":"City"},"interaction":{"idSuffix":"inner"}},"clearTextFirst":true,"interactionType":"ENTER_TEXT"}]}
RESULT: {"script":"<script> [776 bytes]","args":[{"enterText":"Clooj-Napoca","selector":{"controlType":"sap.m.Input","viewName":"etm.portal.ui.managepartners.view.EditDetail","labelFor":{"text":"City"},"interaction":{"idSuffix":"inner"}},"clearTextFirst":true,"interactionType":"ENTER_TEXT"}]}
COMMAND: POST /session/ffff9f21ee28ff8e1d9aa34f42faee99/element - {"using":"xpath","value":"//button[@data-kt=\"saveButton\"]"}
RESULT: {"using":"xpath","value":"//button[@data-kt=\"saveButton\"]"}
COMMAND: POST /session/ffff9f21ee28ff8e1d9aa34f42faee99/element/f.7E00EA53797DB7C0883B340D4376DD1B.d.E8E472547EA585DF8F594B5D64B1BC47.e.4365/click - {}
RESULT: {}
COMMAND: GET /session/ffff9f21ee28ff8e1d9aa34f42faee99/screenshot - {}
RESULT: {}
COMMAND: POST /session/ffff9f21ee28ff8e1d9aa34f42faee99/execute/async - {"script":"<script> [1562 bytes]","args":[{"selector":{"id":"application-managepartners-display-component---detailPtm--addressDetailDetailsName1"},"wdio_ui5_key":"applicationmanagepartners-display-component---detailPtm--addressDetailDetailsName1"}]}
RESULT: {"script":"<script> [1562 bytes]","args":[{"selector":{"id":"application-managepartners-display-component---detailPtm--addressDetailDetailsName1"},"wdio_ui5_key":"applicationmanagepartners-display-component---detailPtm--addressDetailDetailsName1"}]}
RESULT: undefined
COMMAND: POST /session/ffff9f21ee28ff8e1d9aa34f42faee99/execute/async - {"script":"<script> [6424 bytes]","args":[{"element-6066-11e4-a52e-4f735466cecf":"f.7E00EA53797DB7C0883B340D4376DD1B.d.E8E472547EA585DF8F594B5D64B1BC47.e.4422"},"getValue",[]]}
RESULT: {"script":"<script> [6424 bytes]","args":[{"element-6066-11e4-a52e-4f735466cecf":"f.7E00EA53797DB7C0883B340D4376DD1B.d.E8E472547EA585DF8F594B5D64B1BC47.e.4422"},"getValue",[]]}
COMMAND: POST /session/ffff9f21ee28ff8e1d9aa34f42faee99/element - {"using":"xpath","value":"//input[@id = \"application-managepartners-display-component---detailPtm--addressDetailDetailsLanguage-inner\"]"}
RESULT: {"using":"xpath","value":"//input[@id = \"application-managepartners-display-component---detailPtm--addressDetailDetailsLanguage-inner\"]"}
COMMAND: GET /session/ffff9f21ee28ff8e1d9aa34f42faee99/element/f.7E00EA53797DB7C0883B340D4376DD1B.d.E8E472547EA585DF8F594B5D64B1BC47.e.4423/property/value - {}
RESULT: {}
COMMAND: POST /session/ffff9f21ee28ff8e1d9aa34f42faee99/execute/async - {"script":"<script> [1562 bytes]","args":[{"selector":{"id":"application-managepartners-display-component---detailPtm--addressDetailDetailsCity1"},"wdio_ui5_key":"applicationmanagepartners-display-component---detailPtm--addressDetailDetailsCity1"}]}
COMMAND: GET /session/ffff9f21ee28ff8e1d9aa34f42faee99/screenshot - {}
RESULT: {"script":"<script> [1562 bytes]","args":[{"selector":{"id":"application-managepartners-display-component---detailPtm--addressDetailDetailsCity1"},"wdio_ui5_key":"applicationmanagepartners-display-component---detailPtm--addressDetailDetailsCity1"}]}
RESULT: undefined
COMMAND: POST /session/ffff9f21ee28ff8e1d9aa34f42faee99/execute/async - {"script":"<script> [6424 bytes]","args":[{"element-6066-11e4-a52e-4f735466cecf":"f.7E00EA53797DB7C0883B340D4376DD1B.d.E8E472547EA585DF8F594B5D64B1BC47.e.4424"},"getValue",[]]}
RESULT: {}
RESULT: {"script":"<script> [6424 bytes]","args":[{"element-6066-11e4-a52e-4f735466cecf":"f.7E00EA53797DB7C0883B340D4376DD1B.d.E8E472547EA585DF8F594B5D64B1BC47.e.4424"},"getValue",[]]}
COMMAND: POST /session/ffff9f21ee28ff8e1d9aa34f42faee99/element - {"using":"css selector","value":"#shell-header-logo"}
RESULT: {"using":"css selector","value":"#shell-header-logo"}
COMMAND: POST /session/ffff9f21ee28ff8e1d9aa34f42faee99/element/f.7E00EA53797DB7C0883B340D4376DD1B.d.E8E472547EA585DF8F594B5D64B1BC47.e.3978/click - {}
RESULT: {}
COMMAND: GET /session/ffff9f21ee28ff8e1d9aa34f42faee99/screenshot - {}
RESULT: {}
]]></system-out>
    </testcase>
    <testcase classname="chrome.135_0_7049_96.windows.Partner_specific_tests_US150819_US151080_US151654_US151176_US103444_US151078_US151079_US151109_US151174_US151175_US151189" name="Should create a new intracompany partner edit some of its fields US151079" time="253.468">
      <system-out><![CDATA[
COMMAND: POST /session/ffff9f21ee28ff8e1d9aa34f42faee99/element - {"using":"xpath","value":"//li[.//span[text()=\"Manage Partners\"]]"}
RESULT: {"using":"xpath","value":"//li[.//span[text()=\"Manage Partners\"]]"}
COMMAND: POST /session/ffff9f21ee28ff8e1d9aa34f42faee99/element - {"using":"xpath","value":"//li[.//span[text()=\"Manage Partners\"]]"}
RESULT: {"using":"xpath","value":"//li[.//span[text()=\"Manage Partners\"]]"}
COMMAND: POST /session/ffff9f21ee28ff8e1d9aa34f42faee99/element - {"using":"css selector","value":"#shell-header-logo"}
RESULT: {"using":"css selector","value":"#shell-header-logo"}
COMMAND: POST /session/ffff9f21ee28ff8e1d9aa34f42faee99/element/f.7E00EA53797DB7C0883B340D4376DD1B.d.E8E472547EA585DF8F594B5D64B1BC47.e.4454/click - {}
COMMAND: POST /session/ffff9f21ee28ff8e1d9aa34f42faee99/execute/sync - {"script":"<script> [8489 bytes]","args":[{"element-6066-11e4-a52e-4f735466cecf":"f.7E00EA53797DB7C0883B340D4376DD1B.d.E8E472547EA585DF8F594B5D64B1BC47.e.4454","ELEMENT":"f.7E00EA53797DB7C0883B340D4376DD1B.d.E8E472547EA585DF8F594B5D64B1BC47.e.4454"}]}
RESULT: {"script":"<script> [8489 bytes]","args":[{"element-6066-11e4-a52e-4f735466cecf":"f.7E00EA53797DB7C0883B340D4376DD1B.d.E8E472547EA585DF8F594B5D64B1BC47.e.4454","ELEMENT":"f.7E00EA53797DB7C0883B340D4376DD1B.d.E8E472547EA585DF8F594B5D64B1BC47.e.4454"}]}
COMMAND: POST /session/ffff9f21ee28ff8e1d9aa34f42faee99/execute/sync - {"script":"<script> [5351 bytes]","args":[{"element-6066-11e4-a52e-4f735466cecf":"f.7E00EA53797DB7C0883B340D4376DD1B.d.E8E472547EA585DF8F594B5D64B1BC47.e.4454","ELEMENT":"f.7E00EA53797DB7C0883B340D4376DD1B.d.E8E472547EA585DF8F594B5D64B1BC47.e.4454"}]}
COMMAND: GET /session/ffff9f21ee28ff8e1d9aa34f42faee99/screenshot - {}
RESULT: {}
COMMAND: GET /session/ffff9f21ee28ff8e1d9aa34f42faee99/screenshot - {}
RESULT: {"script":"<script> [5351 bytes]","args":[{"element-6066-11e4-a52e-4f735466cecf":"f.7E00EA53797DB7C0883B340D4376DD1B.d.E8E472547EA585DF8F594B5D64B1BC47.e.4454","ELEMENT":"f.7E00EA53797DB7C0883B340D4376DD1B.d.E8E472547EA585DF8F594B5D64B1BC47.e.4454"}]}
COMMAND: GET /session/ffff9f21ee28ff8e1d9aa34f42faee99/screenshot - {}
RESULT: {}
RESULT: {}
RESULT: {}
COMMAND: POST /session/ffff9f21ee28ff8e1d9aa34f42faee99/refresh - {}
RESULT: {}
COMMAND: GET /session/ffff9f21ee28ff8e1d9aa34f42faee99/screenshot - {}
RESULT: {}
COMMAND: POST /session/ffff9f21ee28ff8e1d9aa34f42faee99/refresh - {}
RESULT: {}
COMMAND: GET /session/ffff9f21ee28ff8e1d9aa34f42faee99/screenshot - {}
RESULT: {}
COMMAND: POST /session/ffff9f21ee28ff8e1d9aa34f42faee99/window/fullscreen - {}
RESULT: {}
COMMAND: POST /session/ffff9f21ee28ff8e1d9aa34f42faee99/execute/async - {"script":"<script> [189 bytes]","args":[]}
RESULT: {"script":"<script> [189 bytes]","args":[]}
COMMAND: POST /session/ffff9f21ee28ff8e1d9aa34f42faee99/execute/async - {"script":"<script> [123 bytes]","args":[]}
RESULT: {"script":"<script> [123 bytes]","args":[]}
COMMAND: POST /session/ffff9f21ee28ff8e1d9aa34f42faee99/timeouts - {"script":"<number>"}
RESULT: {"script":"<number>"}
COMMAND: GET /session/ffff9f21ee28ff8e1d9aa34f42faee99/timeouts - {}
RESULT: {}
RESULT: undefined
COMMAND: POST /session/ffff9f21ee28ff8e1d9aa34f42faee99/execute/async - {"script":"<script> [2676 bytes]","args":[]}
RESULT: {"script":"<script> [2676 bytes]","args":[]}
COMMAND: POST /session/ffff9f21ee28ff8e1d9aa34f42faee99/execute/async - {"script":"<script> [2342 bytes]","args":[{"protocol":"http","hostname":"0.0.0.0","path":"/","capabilities":{"browserName":"chrome","goog:chromeOptions":{"binary":"C:\\Program Files\\Google\\Chrome\\Application\\chrome.exe","args":["--start-maximized"]}},"logLevel":"warn","connectionRetryTimeout":120000,"connectionRetryCount":3,"logLevels":{},"enableDirectConnect":true,"strictSSL":true,"_":"65 more keys: [\"cacheDir\",\"port\",\"requestedCapabilities\",\"automationProtocol\",\"baseUrl\",\"waitforInterval\",\"waitforTimeout\",\"onReload\",\"beforeCommand\",\"afterCommand\",\"rootDir\",\"specs\",\"suites\",\"exclude\",\"groupLogsByTestSpec\",\"excludeDriverLogs\",\"bail\",\"framework\",\"reporters\",\"services\",\"maxInstances\",\"maxInstancesPerCapability\",\"injectGlobals\",\"filesToWatch\",\"execArgv\",\"runnerEnv\",\"runner\",\"shard\",\"specFileRetries\",\"specFileRetriesDelay\",\"specFileRetriesDeferred\",\"reporterSyncInterval\",\"reporterSyncTimeout\",\"cucumberFeaturesWithLineNumbers\",\"autoCompileOpts\",\"mochaOpts\",\"jasmineOpts\",\"cucumberOpts\",\"onPrepare\",\"onWorkerStart\",\"onWorkerEnd\",\"before\",\"beforeSession\",\"beforeSuite\",\"beforeHook\",\"beforeTest\",\"afterTest\",\"afterHook\",\"afterSuite\",\"afterSession\",\"after\",\"onComplete\",\"beforeAssertion\",\"afterAssertion\",\"beforeFeature\",\"beforeScenario\",\"beforeStep\",\"afterStep\",\"afterScenario\",\"afterFeature\",\"_\",\"suite\",\"$0\",\"ignoredWorkerServices\",\"wdi5\"]"}]}
RESULT: {"script":"<script> [2342 bytes]","args":[{"protocol":"http","hostname":"0.0.0.0","path":"/","capabilities":{"browserName":"chrome","goog:chromeOptions":{"binary":"C:\\Program Files\\Google\\Chrome\\Application\\chrome.exe","args":["--start-maximized"]}},"logLevel":"warn","connectionRetryTimeout":120000,"connectionRetryCount":3,"logLevels":{},"enableDirectConnect":true,"strictSSL":true,"_":"65 more keys: [\"cacheDir\",\"port\",\"requestedCapabilities\",\"automationProtocol\",\"baseUrl\",\"waitforInterval\",\"waitforTimeout\",\"onReload\",\"beforeCommand\",\"afterCommand\",\"rootDir\",\"specs\",\"suites\",\"exclude\",\"groupLogsByTestSpec\",\"excludeDriverLogs\",\"bail\",\"framework\",\"reporters\",\"services\",\"maxInstances\",\"maxInstancesPerCapability\",\"injectGlobals\",\"filesToWatch\",\"execArgv\",\"runnerEnv\",\"runner\",\"shard\",\"specFileRetries\",\"specFileRetriesDelay\",\"specFileRetriesDeferred\",\"reporterSyncInterval\",\"reporterSyncTimeout\",\"cucumberFeaturesWithLineNumbers\",\"autoCompileOpts\",\"mochaOpts\",\"jasmineOpts\",\"cucumberOpts\",\"onPrepare\",\"onWorkerStart\",\"onWorkerEnd\",\"before\",\"beforeSession\",\"beforeSuite\",\"beforeHook\",\"beforeTest\",\"afterTest\",\"afterHook\",\"afterSuite\",\"afterSession\",\"after\",\"onComplete\",\"beforeAssertion\",\"afterAssertion\",\"beforeFeature\",\"beforeScenario\",\"beforeStep\",\"afterStep\",\"afterScenario\",\"afterFeature\",\"_\",\"suite\",\"$0\",\"ignoredWorkerServices\",\"wdi5\"]"}]}
COMMAND: POST /session/ffff9f21ee28ff8e1d9aa34f42faee99/execute/async - {"script":"<script> [21126 bytes]","args":[35000]}
RESULT: {"script":"<script> [21126 bytes]","args":[35000]}
COMMAND: POST /session/ffff9f21ee28ff8e1d9aa34f42faee99/window/fullscreen - {}
RESULT: {}
COMMAND: POST /session/ffff9f21ee28ff8e1d9aa34f42faee99/window/fullscreen - {}
RESULT: {}
COMMAND: POST /session/ffff9f21ee28ff8e1d9aa34f42faee99/execute/async - {"script":"<script> [1562 bytes]","args":[{"selector":{"controlType":"sap.m.GenericTile","properties":{"header":"Manage Partners"}},"wdio_ui5_key":"sapm.GenericTile{\"header\":\"Manage Partners\"}"}]}
RESULT: {"script":"<script> [1562 bytes]","args":[{"selector":{"controlType":"sap.m.GenericTile","properties":{"header":"Manage Partners"}},"wdio_ui5_key":"sapm.GenericTile{\"header\":\"Manage Partners\"}"}]}
RESULT: undefined
COMMAND: POST /session/ffff9f21ee28ff8e1d9aa34f42faee99/element - {"using":"xpath","value":"//*[@id=\"__tile30\"]"}
RESULT: {"using":"xpath","value":"//*[@id=\"__tile30\"]"}
COMMAND: POST /session/ffff9f21ee28ff8e1d9aa34f42faee99/element/f.7E00EA53797DB7C0883B340D4376DD1B.d.4A03B67B2F51E6B490EE5B3932E4578C.e.4516/click - {}
RESULT: {}
COMMAND: POST /session/ffff9f21ee28ff8e1d9aa34f42faee99/element - {"using":"xpath","value":"//button[@data-kt=\"addButton\"]"}
COMMAND: GET /session/ffff9f21ee28ff8e1d9aa34f42faee99/screenshot - {}
RESULT: {"using":"xpath","value":"//button[@data-kt=\"addButton\"]"}
COMMAND: POST /session/ffff9f21ee28ff8e1d9aa34f42faee99/elements - {"using":"xpath","value":"//button[@data-kt=\"addButton\"]"}
RESULT: {}
RESULT: {"using":"xpath","value":"//button[@data-kt=\"addButton\"]"}
COMMAND: POST /session/ffff9f21ee28ff8e1d9aa34f42faee99/elements - {"using":"xpath","value":"//button[@data-kt=\"addButton\"]"}
RESULT: {"using":"xpath","value":"//button[@data-kt=\"addButton\"]"}
COMMAND: POST /session/ffff9f21ee28ff8e1d9aa34f42faee99/elements - {"using":"xpath","value":"//button[@data-kt=\"addButton\"]"}
RESULT: {"using":"xpath","value":"//button[@data-kt=\"addButton\"]"}
COMMAND: POST /session/ffff9f21ee28ff8e1d9aa34f42faee99/elements - {"using":"xpath","value":"//button[@data-kt=\"addButton\"]"}
RESULT: {"using":"xpath","value":"//button[@data-kt=\"addButton\"]"}
COMMAND: POST /session/ffff9f21ee28ff8e1d9aa34f42faee99/elements - {"using":"xpath","value":"//button[@data-kt=\"addButton\"]"}
RESULT: {"using":"xpath","value":"//button[@data-kt=\"addButton\"]"}
COMMAND: POST /session/ffff9f21ee28ff8e1d9aa34f42faee99/elements - {"using":"xpath","value":"//button[@data-kt=\"addButton\"]"}
RESULT: {"using":"xpath","value":"//button[@data-kt=\"addButton\"]"}
COMMAND: POST /session/ffff9f21ee28ff8e1d9aa34f42faee99/elements - {"using":"xpath","value":"//button[@data-kt=\"addButton\"]"}
RESULT: {"using":"xpath","value":"//button[@data-kt=\"addButton\"]"}
COMMAND: POST /session/ffff9f21ee28ff8e1d9aa34f42faee99/elements - {"using":"xpath","value":"//button[@data-kt=\"addButton\"]"}
RESULT: {"using":"xpath","value":"//button[@data-kt=\"addButton\"]"}
COMMAND: POST /session/ffff9f21ee28ff8e1d9aa34f42faee99/elements - {"using":"xpath","value":"//button[@data-kt=\"addButton\"]"}
RESULT: {"using":"xpath","value":"//button[@data-kt=\"addButton\"]"}
COMMAND: POST /session/ffff9f21ee28ff8e1d9aa34f42faee99/elements - {"using":"xpath","value":"//button[@data-kt=\"addButton\"]"}
RESULT: {"using":"xpath","value":"//button[@data-kt=\"addButton\"]"}
COMMAND: POST /session/ffff9f21ee28ff8e1d9aa34f42faee99/elements - {"using":"xpath","value":"//button[@data-kt=\"addButton\"]"}
RESULT: {"using":"xpath","value":"//button[@data-kt=\"addButton\"]"}
COMMAND: POST /session/ffff9f21ee28ff8e1d9aa34f42faee99/elements - {"using":"xpath","value":"//button[@data-kt=\"addButton\"]"}
RESULT: {"using":"xpath","value":"//button[@data-kt=\"addButton\"]"}
COMMAND: POST /session/ffff9f21ee28ff8e1d9aa34f42faee99/elements - {"using":"xpath","value":"//button[@data-kt=\"addButton\"]"}
RESULT: {"using":"xpath","value":"//button[@data-kt=\"addButton\"]"}
COMMAND: POST /session/ffff9f21ee28ff8e1d9aa34f42faee99/elements - {"using":"xpath","value":"//button[@data-kt=\"addButton\"]"}
RESULT: {"using":"xpath","value":"//button[@data-kt=\"addButton\"]"}
COMMAND: POST /session/ffff9f21ee28ff8e1d9aa34f42faee99/elements - {"using":"xpath","value":"//button[@data-kt=\"addButton\"]"}
RESULT: {"using":"xpath","value":"//button[@data-kt=\"addButton\"]"}
COMMAND: POST /session/ffff9f21ee28ff8e1d9aa34f42faee99/elements - {"using":"xpath","value":"//button[@data-kt=\"addButton\"]"}
RESULT: {"using":"xpath","value":"//button[@data-kt=\"addButton\"]"}
COMMAND: POST /session/ffff9f21ee28ff8e1d9aa34f42faee99/elements - {"using":"xpath","value":"//button[@data-kt=\"addButton\"]"}
RESULT: {"using":"xpath","value":"//button[@data-kt=\"addButton\"]"}
COMMAND: POST /session/ffff9f21ee28ff8e1d9aa34f42faee99/elements - {"using":"xpath","value":"//button[@data-kt=\"addButton\"]"}
RESULT: {"using":"xpath","value":"//button[@data-kt=\"addButton\"]"}
COMMAND: POST /session/ffff9f21ee28ff8e1d9aa34f42faee99/elements - {"using":"xpath","value":"//button[@data-kt=\"addButton\"]"}
RESULT: {"using":"xpath","value":"//button[@data-kt=\"addButton\"]"}
COMMAND: POST /session/ffff9f21ee28ff8e1d9aa34f42faee99/elements - {"using":"xpath","value":"//button[@data-kt=\"addButton\"]"}
RESULT: {"using":"xpath","value":"//button[@data-kt=\"addButton\"]"}
COMMAND: POST /session/ffff9f21ee28ff8e1d9aa34f42faee99/elements - {"using":"xpath","value":"//button[@data-kt=\"addButton\"]"}
RESULT: {"using":"xpath","value":"//button[@data-kt=\"addButton\"]"}
COMMAND: POST /session/ffff9f21ee28ff8e1d9aa34f42faee99/elements - {"using":"xpath","value":"//button[@data-kt=\"addButton\"]"}
RESULT: {"using":"xpath","value":"//button[@data-kt=\"addButton\"]"}
COMMAND: POST /session/ffff9f21ee28ff8e1d9aa34f42faee99/elements - {"using":"xpath","value":"//button[@data-kt=\"addButton\"]"}
RESULT: {"using":"xpath","value":"//button[@data-kt=\"addButton\"]"}
COMMAND: POST /session/ffff9f21ee28ff8e1d9aa34f42faee99/elements - {"using":"xpath","value":"//button[@data-kt=\"addButton\"]"}
RESULT: {"using":"xpath","value":"//button[@data-kt=\"addButton\"]"}
COMMAND: POST /session/ffff9f21ee28ff8e1d9aa34f42faee99/elements - {"using":"xpath","value":"//button[@data-kt=\"addButton\"]"}
RESULT: {"using":"xpath","value":"//button[@data-kt=\"addButton\"]"}
COMMAND: POST /session/ffff9f21ee28ff8e1d9aa34f42faee99/elements - {"using":"xpath","value":"//button[@data-kt=\"addButton\"]"}
RESULT: {"using":"xpath","value":"//button[@data-kt=\"addButton\"]"}
COMMAND: POST /session/ffff9f21ee28ff8e1d9aa34f42faee99/elements - {"using":"xpath","value":"//button[@data-kt=\"addButton\"]"}
RESULT: {"using":"xpath","value":"//button[@data-kt=\"addButton\"]"}
COMMAND: POST /session/ffff9f21ee28ff8e1d9aa34f42faee99/elements - {"using":"xpath","value":"//button[@data-kt=\"addButton\"]"}
RESULT: {"using":"xpath","value":"//button[@data-kt=\"addButton\"]"}
COMMAND: POST /session/ffff9f21ee28ff8e1d9aa34f42faee99/elements - {"using":"xpath","value":"//button[@data-kt=\"addButton\"]"}
RESULT: {"using":"xpath","value":"//button[@data-kt=\"addButton\"]"}
COMMAND: POST /session/ffff9f21ee28ff8e1d9aa34f42faee99/elements - {"using":"xpath","value":"//button[@data-kt=\"addButton\"]"}
RESULT: {"using":"xpath","value":"//button[@data-kt=\"addButton\"]"}
COMMAND: POST /session/ffff9f21ee28ff8e1d9aa34f42faee99/elements - {"using":"xpath","value":"//button[@data-kt=\"addButton\"]"}
RESULT: {"using":"xpath","value":"//button[@data-kt=\"addButton\"]"}
COMMAND: POST /session/ffff9f21ee28ff8e1d9aa34f42faee99/elements - {"using":"xpath","value":"//button[@data-kt=\"addButton\"]"}
RESULT: {"using":"xpath","value":"//button[@data-kt=\"addButton\"]"}
COMMAND: POST /session/ffff9f21ee28ff8e1d9aa34f42faee99/elements - {"using":"xpath","value":"//button[@data-kt=\"addButton\"]"}
RESULT: {"using":"xpath","value":"//button[@data-kt=\"addButton\"]"}
COMMAND: POST /session/ffff9f21ee28ff8e1d9aa34f42faee99/elements - {"using":"xpath","value":"//button[@data-kt=\"addButton\"]"}
RESULT: {"using":"xpath","value":"//button[@data-kt=\"addButton\"]"}
COMMAND: POST /session/ffff9f21ee28ff8e1d9aa34f42faee99/elements - {"using":"xpath","value":"//button[@data-kt=\"addButton\"]"}
RESULT: {"using":"xpath","value":"//button[@data-kt=\"addButton\"]"}
COMMAND: POST /session/ffff9f21ee28ff8e1d9aa34f42faee99/elements - {"using":"xpath","value":"//button[@data-kt=\"addButton\"]"}
RESULT: {"using":"xpath","value":"//button[@data-kt=\"addButton\"]"}
COMMAND: POST /session/ffff9f21ee28ff8e1d9aa34f42faee99/elements - {"using":"xpath","value":"//button[@data-kt=\"addButton\"]"}
RESULT: {"using":"xpath","value":"//button[@data-kt=\"addButton\"]"}
COMMAND: POST /session/ffff9f21ee28ff8e1d9aa34f42faee99/elements - {"using":"xpath","value":"//button[@data-kt=\"addButton\"]"}
RESULT: {"using":"xpath","value":"//button[@data-kt=\"addButton\"]"}
COMMAND: POST /session/ffff9f21ee28ff8e1d9aa34f42faee99/elements - {"using":"xpath","value":"//button[@data-kt=\"addButton\"]"}
RESULT: {"using":"xpath","value":"//button[@data-kt=\"addButton\"]"}
COMMAND: POST /session/ffff9f21ee28ff8e1d9aa34f42faee99/elements - {"using":"xpath","value":"//button[@data-kt=\"addButton\"]"}
RESULT: {"using":"xpath","value":"//button[@data-kt=\"addButton\"]"}
COMMAND: POST /session/ffff9f21ee28ff8e1d9aa34f42faee99/elements - {"using":"xpath","value":"//button[@data-kt=\"addButton\"]"}
RESULT: {"using":"xpath","value":"//button[@data-kt=\"addButton\"]"}
COMMAND: POST /session/ffff9f21ee28ff8e1d9aa34f42faee99/elements - {"using":"xpath","value":"//button[@data-kt=\"addButton\"]"}
RESULT: {"using":"xpath","value":"//button[@data-kt=\"addButton\"]"}
COMMAND: POST /session/ffff9f21ee28ff8e1d9aa34f42faee99/elements - {"using":"xpath","value":"//button[@data-kt=\"addButton\"]"}
RESULT: {"using":"xpath","value":"//button[@data-kt=\"addButton\"]"}
COMMAND: POST /session/ffff9f21ee28ff8e1d9aa34f42faee99/elements - {"using":"xpath","value":"//button[@data-kt=\"addButton\"]"}
RESULT: {"using":"xpath","value":"//button[@data-kt=\"addButton\"]"}
COMMAND: POST /session/ffff9f21ee28ff8e1d9aa34f42faee99/elements - {"using":"xpath","value":"//button[@data-kt=\"addButton\"]"}
RESULT: {"using":"xpath","value":"//button[@data-kt=\"addButton\"]"}
COMMAND: POST /session/ffff9f21ee28ff8e1d9aa34f42faee99/elements - {"using":"xpath","value":"//button[@data-kt=\"addButton\"]"}
RESULT: {"using":"xpath","value":"//button[@data-kt=\"addButton\"]"}
COMMAND: POST /session/ffff9f21ee28ff8e1d9aa34f42faee99/elements - {"using":"xpath","value":"//button[@data-kt=\"addButton\"]"}
RESULT: {"using":"xpath","value":"//button[@data-kt=\"addButton\"]"}
COMMAND: POST /session/ffff9f21ee28ff8e1d9aa34f42faee99/elements - {"using":"xpath","value":"//button[@data-kt=\"addButton\"]"}
RESULT: {"using":"xpath","value":"//button[@data-kt=\"addButton\"]"}
COMMAND: POST /session/ffff9f21ee28ff8e1d9aa34f42faee99/element - {"using":"xpath","value":"//button[@data-kt=\"addButton\"]"}
RESULT: {"using":"xpath","value":"//button[@data-kt=\"addButton\"]"}
COMMAND: POST /session/ffff9f21ee28ff8e1d9aa34f42faee99/execute/sync - {"script":"<script> [8489 bytes]","args":[{"element-6066-11e4-a52e-4f735466cecf":"f.7E00EA53797DB7C0883B340D4376DD1B.d.4A03B67B2F51E6B490EE5B3932E4578C.e.4631","ELEMENT":"f.7E00EA53797DB7C0883B340D4376DD1B.d.4A03B67B2F51E6B490EE5B3932E4578C.e.4631"}]}
RESULT: {"script":"<script> [8489 bytes]","args":[{"element-6066-11e4-a52e-4f735466cecf":"f.7E00EA53797DB7C0883B340D4376DD1B.d.4A03B67B2F51E6B490EE5B3932E4578C.e.4631","ELEMENT":"f.7E00EA53797DB7C0883B340D4376DD1B.d.4A03B67B2F51E6B490EE5B3932E4578C.e.4631"}]}
COMMAND: GET /session/ffff9f21ee28ff8e1d9aa34f42faee99/element/f.7E00EA53797DB7C0883B340D4376DD1B.d.4A03B67B2F51E6B490EE5B3932E4578C.e.4631/enabled - {}
COMMAND: GET /session/ffff9f21ee28ff8e1d9aa34f42faee99/screenshot - {}
RESULT: {}
COMMAND: POST /session/ffff9f21ee28ff8e1d9aa34f42faee99/execute/sync - {"script":"<script> [8489 bytes]","args":[{"element-6066-11e4-a52e-4f735466cecf":"f.7E00EA53797DB7C0883B340D4376DD1B.d.4A03B67B2F51E6B490EE5B3932E4578C.e.4631","ELEMENT":"f.7E00EA53797DB7C0883B340D4376DD1B.d.4A03B67B2F51E6B490EE5B3932E4578C.e.4631"}]}
COMMAND: GET /session/ffff9f21ee28ff8e1d9aa34f42faee99/screenshot - {}
RESULT: {}
RESULT: {"script":"<script> [8489 bytes]","args":[{"element-6066-11e4-a52e-4f735466cecf":"f.7E00EA53797DB7C0883B340D4376DD1B.d.4A03B67B2F51E6B490EE5B3932E4578C.e.4631","ELEMENT":"f.7E00EA53797DB7C0883B340D4376DD1B.d.4A03B67B2F51E6B490EE5B3932E4578C.e.4631"}]}
COMMAND: POST /session/ffff9f21ee28ff8e1d9aa34f42faee99/execute/sync - {"script":"<script> [5351 bytes]","args":[{"element-6066-11e4-a52e-4f735466cecf":"f.7E00EA53797DB7C0883B340D4376DD1B.d.4A03B67B2F51E6B490EE5B3932E4578C.e.4631","ELEMENT":"f.7E00EA53797DB7C0883B340D4376DD1B.d.4A03B67B2F51E6B490EE5B3932E4578C.e.4631"}]}
COMMAND: GET /session/ffff9f21ee28ff8e1d9aa34f42faee99/screenshot - {}
RESULT: {}
RESULT: {"script":"<script> [5351 bytes]","args":[{"element-6066-11e4-a52e-4f735466cecf":"f.7E00EA53797DB7C0883B340D4376DD1B.d.4A03B67B2F51E6B490EE5B3932E4578C.e.4631","ELEMENT":"f.7E00EA53797DB7C0883B340D4376DD1B.d.4A03B67B2F51E6B490EE5B3932E4578C.e.4631"}]}
COMMAND: POST /session/ffff9f21ee28ff8e1d9aa34f42faee99/element/f.7E00EA53797DB7C0883B340D4376DD1B.d.4A03B67B2F51E6B490EE5B3932E4578C.e.4631/click - {}
COMMAND: GET /session/ffff9f21ee28ff8e1d9aa34f42faee99/screenshot - {}
RESULT: {}
RESULT: {}
COMMAND: GET /session/ffff9f21ee28ff8e1d9aa34f42faee99/screenshot - {}
RESULT: {}
RESULT: {}
COMMAND: POST /session/ffff9f21ee28ff8e1d9aa34f42faee99/execute/async - {"script":"<script> [1562 bytes]","args":[{"selector":{"id":"application-managepartners-display-component---NewPartner--addressDetailDetailsName1","interaction":{"idSuffix":"inner"}},"wdio_ui5_key":"applicationmanagepartners-display-component---NewPartner--addressDetailDetailsName1"}]}
RESULT: {"script":"<script> [1562 bytes]","args":[{"selector":{"id":"application-managepartners-display-component---NewPartner--addressDetailDetailsName1","interaction":{"idSuffix":"inner"}},"wdio_ui5_key":"applicationmanagepartners-display-component---NewPartner--addressDetailDetailsName1"}]}
RESULT: undefined
COMMAND: POST /session/ffff9f21ee28ff8e1d9aa34f42faee99/execute/async - {"script":"<script> [776 bytes]","args":[{"enterText":"Intracompany Partner WDIO","selector":{"id":"application-managepartners-display-component---NewPartner--addressDetailDetailsName1","interaction":{"idSuffix":"inner"}},"clearTextFirst":true,"interactionType":"ENTER_TEXT"}]}
RESULT: {"script":"<script> [776 bytes]","args":[{"enterText":"Intracompany Partner WDIO","selector":{"id":"application-managepartners-display-component---NewPartner--addressDetailDetailsName1","interaction":{"idSuffix":"inner"}},"clearTextFirst":true,"interactionType":"ENTER_TEXT"}]}
COMMAND: POST /session/ffff9f21ee28ff8e1d9aa34f42faee99/execute/async - {"script":"<script> [1562 bytes]","args":[{"selector":{"id":"application-managepartners-display-component---NewPartner--addressDetailDetailsLanguage-arrow"},"wdio_ui5_key":"applicationmanagepartners-display-component---NewPartner--addressDetailDetailsLanguage-arrow"}]}
RESULT: {"script":"<script> [1562 bytes]","args":[{"selector":{"id":"application-managepartners-display-component---NewPartner--addressDetailDetailsLanguage-arrow"},"wdio_ui5_key":"applicationmanagepartners-display-component---NewPartner--addressDetailDetailsLanguage-arrow"}]}
RESULT: undefined
COMMAND: POST /session/ffff9f21ee28ff8e1d9aa34f42faee99/element - {"using":"xpath","value":"//*[@id=\"application-managepartners-display-component---NewPartner--addressDetailDetailsLanguage-arrow\"]"}
RESULT: {"using":"xpath","value":"//*[@id=\"application-managepartners-display-component---NewPartner--addressDetailDetailsLanguage-arrow\"]"}
COMMAND: POST /session/ffff9f21ee28ff8e1d9aa34f42faee99/element/f.7E00EA53797DB7C0883B340D4376DD1B.d.4A03B67B2F51E6B490EE5B3932E4578C.e.5083/click - {}
RESULT: {}
COMMAND: POST /session/ffff9f21ee28ff8e1d9aa34f42faee99/element - {"using":"xpath","value":"//span[contains(text(), \"English\")]"}
COMMAND: GET /session/ffff9f21ee28ff8e1d9aa34f42faee99/screenshot - {}
RESULT: {"using":"xpath","value":"//span[contains(text(), \"English\")]"}
COMMAND: POST /session/ffff9f21ee28ff8e1d9aa34f42faee99/element/f.7E00EA53797DB7C0883B340D4376DD1B.d.4A03B67B2F51E6B490EE5B3932E4578C.e.5084/click - {}
RESULT: {}
RESULT: {}
COMMAND: GET /session/ffff9f21ee28ff8e1d9aa34f42faee99/screenshot - {}
RESULT: {}
COMMAND: POST /session/ffff9f21ee28ff8e1d9aa34f42faee99/execute/async - {"script":"<script> [1562 bytes]","args":[{"selector":{"id":"application-managepartners-display-component---NewPartner--addressDetailDetailsCity1","interaction":{"idSuffix":"inner"}},"wdio_ui5_key":"applicationmanagepartners-display-component---NewPartner--addressDetailDetailsCity1"}]}
RESULT: {"script":"<script> [1562 bytes]","args":[{"selector":{"id":"application-managepartners-display-component---NewPartner--addressDetailDetailsCity1","interaction":{"idSuffix":"inner"}},"wdio_ui5_key":"applicationmanagepartners-display-component---NewPartner--addressDetailDetailsCity1"}]}
RESULT: undefined
COMMAND: POST /session/ffff9f21ee28ff8e1d9aa34f42faee99/execute/async - {"script":"<script> [776 bytes]","args":[{"enterText":"Rosario","selector":{"id":"application-managepartners-display-component---NewPartner--addressDetailDetailsCity1","interaction":{"idSuffix":"inner"}},"clearTextFirst":true,"interactionType":"ENTER_TEXT"}]}
RESULT: {"script":"<script> [776 bytes]","args":[{"enterText":"Rosario","selector":{"id":"application-managepartners-display-component---NewPartner--addressDetailDetailsCity1","interaction":{"idSuffix":"inner"}},"clearTextFirst":true,"interactionType":"ENTER_TEXT"}]}
COMMAND: POST /session/ffff9f21ee28ff8e1d9aa34f42faee99/execute/async - {"script":"<script> [1562 bytes]","args":[{"selector":{"id":"application-managepartners-display-component---NewPartner--addressDetailDetailsCountry-arrow"},"wdio_ui5_key":"applicationmanagepartners-display-component---NewPartner--addressDetailDetailsCountry-arrow"}]}
RESULT: {"script":"<script> [1562 bytes]","args":[{"selector":{"id":"application-managepartners-display-component---NewPartner--addressDetailDetailsCountry-arrow"},"wdio_ui5_key":"applicationmanagepartners-display-component---NewPartner--addressDetailDetailsCountry-arrow"}]}
RESULT: undefined
COMMAND: POST /session/ffff9f21ee28ff8e1d9aa34f42faee99/element - {"using":"xpath","value":"//*[@id=\"application-managepartners-display-component---NewPartner--addressDetailDetailsCountry-arrow\"]"}
RESULT: {"using":"xpath","value":"//*[@id=\"application-managepartners-display-component---NewPartner--addressDetailDetailsCountry-arrow\"]"}
COMMAND: POST /session/ffff9f21ee28ff8e1d9aa34f42faee99/element/f.7E00EA53797DB7C0883B340D4376DD1B.d.4A03B67B2F51E6B490EE5B3932E4578C.e.5047/click - {}
RESULT: {}
COMMAND: POST /session/ffff9f21ee28ff8e1d9aa34f42faee99/element - {"using":"xpath","value":"//span[contains(text(), \"Argentina\")]"}
COMMAND: GET /session/ffff9f21ee28ff8e1d9aa34f42faee99/screenshot - {}
RESULT: {"using":"xpath","value":"//span[contains(text(), \"Argentina\")]"}
COMMAND: POST /session/ffff9f21ee28ff8e1d9aa34f42faee99/element/f.7E00EA53797DB7C0883B340D4376DD1B.d.4A03B67B2F51E6B490EE5B3932E4578C.e.5086/click - {}
RESULT: {}
RESULT: {}
COMMAND: GET /session/ffff9f21ee28ff8e1d9aa34f42faee99/screenshot - {}
RESULT: {}
COMMAND: POST /session/ffff9f21ee28ff8e1d9aa34f42faee99/element - {"using":"xpath","value":"//bdi[contains(text(), \"Commercial\")]"}
RESULT: {"using":"xpath","value":"//bdi[contains(text(), \"Commercial\")]"}
COMMAND: POST /session/ffff9f21ee28ff8e1d9aa34f42faee99/element/f.7E00EA53797DB7C0883B340D4376DD1B.d.4A03B67B2F51E6B490EE5B3932E4578C.e.5087/click - {}
RESULT: {}
COMMAND: GET /session/ffff9f21ee28ff8e1d9aa34f42faee99/screenshot - {}
RESULT: {}
COMMAND: POST /session/ffff9f21ee28ff8e1d9aa34f42faee99/execute/async - {"script":"<script> [1562 bytes]","args":[{"selector":{"id":"application-managepartners-display-component---NewPartner--partnerDetailInternal-arrow"},"wdio_ui5_key":"applicationmanagepartners-display-component---NewPartner--partnerDetailInternal-arrow"}]}
RESULT: {"script":"<script> [1562 bytes]","args":[{"selector":{"id":"application-managepartners-display-component---NewPartner--partnerDetailInternal-arrow"},"wdio_ui5_key":"applicationmanagepartners-display-component---NewPartner--partnerDetailInternal-arrow"}]}
RESULT: undefined
COMMAND: POST /session/ffff9f21ee28ff8e1d9aa34f42faee99/element - {"using":"xpath","value":"//*[@id=\"application-managepartners-display-component---NewPartner--partnerDetailInternal-arrow\"]"}
RESULT: {"using":"xpath","value":"//*[@id=\"application-managepartners-display-component---NewPartner--partnerDetailInternal-arrow\"]"}
COMMAND: POST /session/ffff9f21ee28ff8e1d9aa34f42faee99/element/f.7E00EA53797DB7C0883B340D4376DD1B.d.4A03B67B2F51E6B490EE5B3932E4578C.e.5093/click - {}
RESULT: {}
COMMAND: POST /session/ffff9f21ee28ff8e1d9aa34f42faee99/element - {"using":"xpath","value":"//span[contains(text(), \"Affiliated company\")]"}
COMMAND: GET /session/ffff9f21ee28ff8e1d9aa34f42faee99/screenshot - {}
RESULT: {"using":"xpath","value":"//span[contains(text(), \"Affiliated company\")]"}
COMMAND: POST /session/ffff9f21ee28ff8e1d9aa34f42faee99/element/f.7E00EA53797DB7C0883B340D4376DD1B.d.4A03B67B2F51E6B490EE5B3932E4578C.e.5096/click - {}
RESULT: {}
RESULT: {}
COMMAND: POST /session/ffff9f21ee28ff8e1d9aa34f42faee99/execute/async - {"script":"<script> [1562 bytes]","args":[{"selector":{"id":"application-managepartners-display-component---NewPartner--partnerDetailsCurrency-arrow"},"wdio_ui5_key":"applicationmanagepartners-display-component---NewPartner--partnerDetailsCurrency-arrow"}]}
COMMAND: GET /session/ffff9f21ee28ff8e1d9aa34f42faee99/screenshot - {}
RESULT: {"script":"<script> [1562 bytes]","args":[{"selector":{"id":"application-managepartners-display-component---NewPartner--partnerDetailsCurrency-arrow"},"wdio_ui5_key":"applicationmanagepartners-display-component---NewPartner--partnerDetailsCurrency-arrow"}]}
RESULT: undefined
COMMAND: POST /session/ffff9f21ee28ff8e1d9aa34f42faee99/element - {"using":"xpath","value":"//*[@id=\"application-managepartners-display-component---NewPartner--partnerDetailsCurrency-arrow\"]"}
RESULT: {}
RESULT: {"using":"xpath","value":"//*[@id=\"application-managepartners-display-component---NewPartner--partnerDetailsCurrency-arrow\"]"}
COMMAND: POST /session/ffff9f21ee28ff8e1d9aa34f42faee99/element/f.7E00EA53797DB7C0883B340D4376DD1B.d.4A03B67B2F51E6B490EE5B3932E4578C.e.5103/click - {}
RESULT: {}
COMMAND: POST /session/ffff9f21ee28ff8e1d9aa34f42faee99/element - {"using":"xpath","value":"//span[contains(text(), \"Euro\")]"}
COMMAND: GET /session/ffff9f21ee28ff8e1d9aa34f42faee99/screenshot - {}
RESULT: {"using":"xpath","value":"//span[contains(text(), \"Euro\")]"}
COMMAND: POST /session/ffff9f21ee28ff8e1d9aa34f42faee99/element/f.7E00EA53797DB7C0883B340D4376DD1B.d.4A03B67B2F51E6B490EE5B3932E4578C.e.5104/click - {}
RESULT: {}
RESULT: {}
COMMAND: POST /session/ffff9f21ee28ff8e1d9aa34f42faee99/execute/async - {"script":"<script> [1562 bytes]","args":[{"selector":{"id":"application-managepartners-display-component---NewPartner--addressEditDetailsCostObjectCstType-arrow"},"wdio_ui5_key":"applicationmanagepartners-display-component---NewPartner--addressEditDetailsCostObjectCstType-arrow"}]}
COMMAND: GET /session/ffff9f21ee28ff8e1d9aa34f42faee99/screenshot - {}
RESULT: {"script":"<script> [1562 bytes]","args":[{"selector":{"id":"application-managepartners-display-component---NewPartner--addressEditDetailsCostObjectCstType-arrow"},"wdio_ui5_key":"applicationmanagepartners-display-component---NewPartner--addressEditDetailsCostObjectCstType-arrow"}]}
RESULT: undefined
COMMAND: POST /session/ffff9f21ee28ff8e1d9aa34f42faee99/element - {"using":"xpath","value":"//*[@id=\"application-managepartners-display-component---NewPartner--addressEditDetailsCostObjectCstType-arrow\"]"}
RESULT: {}
RESULT: {"using":"xpath","value":"//*[@id=\"application-managepartners-display-component---NewPartner--addressEditDetailsCostObjectCstType-arrow\"]"}
COMMAND: POST /session/ffff9f21ee28ff8e1d9aa34f42faee99/element/f.7E00EA53797DB7C0883B340D4376DD1B.d.4A03B67B2F51E6B490EE5B3932E4578C.e.5105/click - {}
RESULT: {}
COMMAND: POST /session/ffff9f21ee28ff8e1d9aa34f42faee99/element - {"using":"xpath","value":"//span[contains(text(), \"Cost Center\")]"}
COMMAND: GET /session/ffff9f21ee28ff8e1d9aa34f42faee99/screenshot - {}
RESULT: {"using":"xpath","value":"//span[contains(text(), \"Cost Center\")]"}
COMMAND: POST /session/ffff9f21ee28ff8e1d9aa34f42faee99/element/f.7E00EA53797DB7C0883B340D4376DD1B.d.4A03B67B2F51E6B490EE5B3932E4578C.e.5106/click - {}
RESULT: {}
RESULT: {}
COMMAND: GET /session/ffff9f21ee28ff8e1d9aa34f42faee99/screenshot - {}
RESULT: {}
COMMAND: POST /session/ffff9f21ee28ff8e1d9aa34f42faee99/element - {"using":"xpath","value":"//span[@id=\"application-managepartners-display-component---NewPartner--addressNewCostObjectCstID-vhi\"]"}
RESULT: {"using":"xpath","value":"//span[@id=\"application-managepartners-display-component---NewPartner--addressNewCostObjectCstID-vhi\"]"}
COMMAND: POST /session/ffff9f21ee28ff8e1d9aa34f42faee99/execute/sync - {"script":"<script> [8489 bytes]","args":[{"element-6066-11e4-a52e-4f735466cecf":"f.7E00EA53797DB7C0883B340D4376DD1B.d.4A03B67B2F51E6B490EE5B3932E4578C.e.5110","ELEMENT":"f.7E00EA53797DB7C0883B340D4376DD1B.d.4A03B67B2F51E6B490EE5B3932E4578C.e.5110"}]}
RESULT: {"script":"<script> [8489 bytes]","args":[{"element-6066-11e4-a52e-4f735466cecf":"f.7E00EA53797DB7C0883B340D4376DD1B.d.4A03B67B2F51E6B490EE5B3932E4578C.e.5110","ELEMENT":"f.7E00EA53797DB7C0883B340D4376DD1B.d.4A03B67B2F51E6B490EE5B3932E4578C.e.5110"}]}
COMMAND: POST /session/ffff9f21ee28ff8e1d9aa34f42faee99/execute/async - {"script":"<script> [1562 bytes]","args":[{"selector":{"id":"application-managepartners-display-component---NewPartner--addressNewCostObjectCstID-vhi"},"wdio_ui5_key":"applicationmanagepartners-display-component---NewPartner--addressNewCostObjectCstID-vhi"}]}
COMMAND: GET /session/ffff9f21ee28ff8e1d9aa34f42faee99/screenshot - {}
RESULT: {"script":"<script> [1562 bytes]","args":[{"selector":{"id":"application-managepartners-display-component---NewPartner--addressNewCostObjectCstID-vhi"},"wdio_ui5_key":"applicationmanagepartners-display-component---NewPartner--addressNewCostObjectCstID-vhi"}]}
RESULT: undefined
COMMAND: POST /session/ffff9f21ee28ff8e1d9aa34f42faee99/element - {"using":"xpath","value":"//*[@id=\"application-managepartners-display-component---NewPartner--addressNewCostObjectCstID-vhi\"]"}
RESULT: {}
RESULT: {"using":"xpath","value":"//*[@id=\"application-managepartners-display-component---NewPartner--addressNewCostObjectCstID-vhi\"]"}
COMMAND: POST /session/ffff9f21ee28ff8e1d9aa34f42faee99/element/f.7E00EA53797DB7C0883B340D4376DD1B.d.4A03B67B2F51E6B490EE5B3932E4578C.e.5110/click - {}
RESULT: {}
COMMAND: GET /session/ffff9f21ee28ff8e1d9aa34f42faee99/screenshot - {}
RESULT: {}
COMMAND: POST /session/ffff9f21ee28ff8e1d9aa34f42faee99/execute/async - {"script":"<script> [1562 bytes]","args":[{"selector":{"controlType":"sap.m.SearchField","properties":{"placeholder":"Search"},"searchOpenDialogs":true,"interaction":{"idSuffix":"I"}},"wdio_ui5_key":"sapm.SearchField{\"placeholder\":\"Search\"}"}]}
RESULT: {"script":"<script> [1562 bytes]","args":[{"selector":{"controlType":"sap.m.SearchField","properties":{"placeholder":"Search"},"searchOpenDialogs":true,"interaction":{"idSuffix":"I"}},"wdio_ui5_key":"sapm.SearchField{\"placeholder\":\"Search\"}"}]}
RESULT: undefined
COMMAND: POST /session/ffff9f21ee28ff8e1d9aa34f42faee99/execute/async - {"script":"<script> [776 bytes]","args":[{"enterText":"10001013","selector":{"controlType":"sap.m.SearchField","properties":{"placeholder":"Search"},"searchOpenDialogs":true,"interaction":{"idSuffix":"I"}},"clearTextFirst":true,"interactionType":"ENTER_TEXT"}]}
RESULT: {"script":"<script> [776 bytes]","args":[{"enterText":"10001013","selector":{"controlType":"sap.m.SearchField","properties":{"placeholder":"Search"},"searchOpenDialogs":true,"interaction":{"idSuffix":"I"}},"clearTextFirst":true,"interactionType":"ENTER_TEXT"}]}
COMMAND: POST /session/ffff9f21ee28ff8e1d9aa34f42faee99/actions - {"actions":[{"id":"action12","type":"key","parameters":{},"actions":[{"type":"keyDown","value":"î€‡"},{"type":"pause","duration":10},{"type":"keyUp","value":"î€‡"}]}]}
RESULT: {"actions":[{"id":"action12","type":"key","parameters":{},"actions":[{"type":"keyDown","value":"î€‡"},{"type":"pause","duration":10},{"type":"keyUp","value":"î€‡"}]}]}
COMMAND: GET /session/ffff9f21ee28ff8e1d9aa34f42faee99/screenshot - {}
RESULT: {}
COMMAND: POST /session/ffff9f21ee28ff8e1d9aa34f42faee99/element - {"using":"xpath","value":"//span[contains(text(), \"General Management\")]"}
RESULT: {"using":"xpath","value":"//span[contains(text(), \"General Management\")]"}
COMMAND: POST /session/ffff9f21ee28ff8e1d9aa34f42faee99/element/f.7E00EA53797DB7C0883B340D4376DD1B.d.4A03B67B2F51E6B490EE5B3932E4578C.e.5152/click - {}
RESULT: {}
COMMAND: GET /session/ffff9f21ee28ff8e1d9aa34f42faee99/screenshot - {}
COMMAND: POST /session/ffff9f21ee28ff8e1d9aa34f42faee99/element - {"using":"xpath","value":"//bdi[contains(text(), \"OK\")]"}
RESULT: {}
RESULT: {"using":"xpath","value":"//bdi[contains(text(), \"OK\")]"}
COMMAND: POST /session/ffff9f21ee28ff8e1d9aa34f42faee99/element/f.7E00EA53797DB7C0883B340D4376DD1B.d.4A03B67B2F51E6B490EE5B3932E4578C.e.5153/click - {}
RESULT: {}
COMMAND: GET /session/ffff9f21ee28ff8e1d9aa34f42faee99/screenshot - {}
RESULT: {}
COMMAND: POST /session/ffff9f21ee28ff8e1d9aa34f42faee99/element - {"using":"xpath","value":"//input[@id=\"application-managepartners-display-component---NewPartner--companyCodeComboBox-inner\"]"}
RESULT: {"using":"xpath","value":"//input[@id=\"application-managepartners-display-component---NewPartner--companyCodeComboBox-inner\"]"}
COMMAND: POST /session/ffff9f21ee28ff8e1d9aa34f42faee99/element/f.7E00EA53797DB7C0883B340D4376DD1B.d.4A03B67B2F51E6B490EE5B3932E4578C.e.4989/clear - {}
RESULT: {}
COMMAND: POST /session/ffff9f21ee28ff8e1d9aa34f42faee99/element/f.7E00EA53797DB7C0883B340D4376DD1B.d.4A03B67B2F51E6B490EE5B3932E4578C.e.4989/value - {"text":"1000"}
COMMAND: GET /session/ffff9f21ee28ff8e1d9aa34f42faee99/screenshot - {}
RESULT: {"text":"1000"}
COMMAND: GET /session/ffff9f21ee28ff8e1d9aa34f42faee99/screenshot - {}
RESULT: {}
RESULT: {}
COMMAND: POST /session/ffff9f21ee28ff8e1d9aa34f42faee99/element - {"using":"xpath","value":"//span[contains(text(), \"1000\")]"}
RESULT: {"using":"xpath","value":"//span[contains(text(), \"1000\")]"}
COMMAND: POST /session/ffff9f21ee28ff8e1d9aa34f42faee99/element/f.7E00EA53797DB7C0883B340D4376DD1B.d.4A03B67B2F51E6B490EE5B3932E4578C.e.5159/click - {}
RESULT: {}
COMMAND: GET /session/ffff9f21ee28ff8e1d9aa34f42faee99/screenshot - {}
RESULT: {}
COMMAND: POST /session/ffff9f21ee28ff8e1d9aa34f42faee99/execute/async - {"script":"<script> [1562 bytes]","args":[{"selector":{"id":"application-managepartners-display-component---NewPartner--btnAddTableRow-img"},"wdio_ui5_key":"applicationmanagepartners-display-component---NewPartner--btnAddTableRow-img"}]}
RESULT: {"script":"<script> [1562 bytes]","args":[{"selector":{"id":"application-managepartners-display-component---NewPartner--btnAddTableRow-img"},"wdio_ui5_key":"applicationmanagepartners-display-component---NewPartner--btnAddTableRow-img"}]}
RESULT: undefined
COMMAND: POST /session/ffff9f21ee28ff8e1d9aa34f42faee99/element - {"using":"xpath","value":"//*[@id=\"application-managepartners-display-component---NewPartner--btnAddTableRow-img\"]"}
RESULT: {"using":"xpath","value":"//*[@id=\"application-managepartners-display-component---NewPartner--btnAddTableRow-img\"]"}
COMMAND: POST /session/ffff9f21ee28ff8e1d9aa34f42faee99/element/f.7E00EA53797DB7C0883B340D4376DD1B.d.4A03B67B2F51E6B490EE5B3932E4578C.e.5160/click - {}
RESULT: {}
COMMAND: GET /session/ffff9f21ee28ff8e1d9aa34f42faee99/screenshot - {}
RESULT: {}
COMMAND: POST /session/ffff9f21ee28ff8e1d9aa34f42faee99/element - {"using":"xpath","value":"//input[@id=\"application-managepartners-display-component---NewPartner--assignmentYard-application-managepartners-display-component---NewPartner--assignmentsTable-0-inner\"]"}
RESULT: {"using":"xpath","value":"//input[@id=\"application-managepartners-display-component---NewPartner--assignmentYard-application-managepartners-display-component---NewPartner--assignmentsTable-0-inner\"]"}
COMMAND: POST /session/ffff9f21ee28ff8e1d9aa34f42faee99/element/f.7E00EA53797DB7C0883B340D4376DD1B.d.4A03B67B2F51E6B490EE5B3932E4578C.e.5163/clear - {}
RESULT: {}
COMMAND: POST /session/ffff9f21ee28ff8e1d9aa34f42faee99/element/f.7E00EA53797DB7C0883B340D4376DD1B.d.4A03B67B2F51E6B490EE5B3932E4578C.e.5163/value - {"text":"532"}
COMMAND: GET /session/ffff9f21ee28ff8e1d9aa34f42faee99/screenshot - {}
RESULT: {"text":"532"}
COMMAND: GET /session/ffff9f21ee28ff8e1d9aa34f42faee99/screenshot - {}
RESULT: {}
RESULT: {}
COMMAND: POST /session/ffff9f21ee28ff8e1d9aa34f42faee99/element - {"using":"xpath","value":"//li[.//span[text()='532']]"}
RESULT: {"using":"xpath","value":"//li[.//span[text()='532']]"}
COMMAND: POST /session/ffff9f21ee28ff8e1d9aa34f42faee99/element/f.7E00EA53797DB7C0883B340D4376DD1B.d.4A03B67B2F51E6B490EE5B3932E4578C.e.5172/click - {}
RESULT: {}
COMMAND: GET /session/ffff9f21ee28ff8e1d9aa34f42faee99/screenshot - {}
RESULT: {}
COMMAND: POST /session/ffff9f21ee28ff8e1d9aa34f42faee99/actions - {"actions":[{"id":"action13","type":"key","parameters":{},"actions":[{"type":"keyDown","value":"î€‡"},{"type":"pause","duration":10},{"type":"keyUp","value":"î€‡"}]}]}
RESULT: {"actions":[{"id":"action13","type":"key","parameters":{},"actions":[{"type":"keyDown","value":"î€‡"},{"type":"pause","duration":10},{"type":"keyUp","value":"î€‡"}]}]}
COMMAND: POST /session/ffff9f21ee28ff8e1d9aa34f42faee99/execute/async - {"script":"<script> [1562 bytes]","args":[{"selector":{"id":"application-managepartners-display-component---NewPartner--externalCustomerComboBox-application-managepartners-display-component---NewPartner--assignmentsTable-0-vhi"},"wdio_ui5_key":"applicationmanagepartners-display-component---NewPartner--externalCustomerComboBox-application-managepartners-display-component---NewPartner--assignmentsTable-0-vhi"}]}
COMMAND: GET /session/ffff9f21ee28ff8e1d9aa34f42faee99/screenshot - {}
RESULT: {"script":"<script> [1562 bytes]","args":[{"selector":{"id":"application-managepartners-display-component---NewPartner--externalCustomerComboBox-application-managepartners-display-component---NewPartner--assignmentsTable-0-vhi"},"wdio_ui5_key":"applicationmanagepartners-display-component---NewPartner--externalCustomerComboBox-application-managepartners-display-component---NewPartner--assignmentsTable-0-vhi"}]}
RESULT: undefined
COMMAND: POST /session/ffff9f21ee28ff8e1d9aa34f42faee99/element - {"using":"xpath","value":"//*[@id=\"application-managepartners-display-component---NewPartner--externalCustomerComboBox-application-managepartners-display-component---NewPartner--assignmentsTable-0-vhi\"]"}
RESULT: {}
RESULT: {"using":"xpath","value":"//*[@id=\"application-managepartners-display-component---NewPartner--externalCustomerComboBox-application-managepartners-display-component---NewPartner--assignmentsTable-0-vhi\"]"}
COMMAND: POST /session/ffff9f21ee28ff8e1d9aa34f42faee99/element/f.7E00EA53797DB7C0883B340D4376DD1B.d.4A03B67B2F51E6B490EE5B3932E4578C.e.5176/click - {}
RESULT: {}
RESULT: undefined
COMMAND: POST /session/ffff9f21ee28ff8e1d9aa34f42faee99/execute/async - {"script":"<script> [776 bytes]","args":[{"enterText":"300003","selector":{"controlType":"sap.m.SearchField","properties":{"placeholder":"Search"},"searchOpenDialogs":true,"interaction":{"idSuffix":"I"}},"clearTextFirst":true,"interactionType":"ENTER_TEXT"}]}
COMMAND: GET /session/ffff9f21ee28ff8e1d9aa34f42faee99/screenshot - {}
RESULT: {"script":"<script> [776 bytes]","args":[{"enterText":"300003","selector":{"controlType":"sap.m.SearchField","properties":{"placeholder":"Search"},"searchOpenDialogs":true,"interaction":{"idSuffix":"I"}},"clearTextFirst":true,"interactionType":"ENTER_TEXT"}]}
COMMAND: POST /session/ffff9f21ee28ff8e1d9aa34f42faee99/actions - {"actions":[{"id":"action14","type":"key","parameters":{},"actions":[{"type":"keyDown","value":"î€‡"},{"type":"pause","duration":10},{"type":"keyUp","value":"î€‡"}]}]}
RESULT: {}
RESULT: {"actions":[{"id":"action14","type":"key","parameters":{},"actions":[{"type":"keyDown","value":"î€‡"},{"type":"pause","duration":10},{"type":"keyUp","value":"î€‡"}]}]}
COMMAND: GET /session/ffff9f21ee28ff8e1d9aa34f42faee99/screenshot - {}
RESULT: {}
COMMAND: POST /session/ffff9f21ee28ff8e1d9aa34f42faee99/element - {"using":"xpath","value":"//span[contains(text(), \"300003\")]"}
RESULT: {"using":"xpath","value":"//span[contains(text(), \"300003\")]"}
COMMAND: POST /session/ffff9f21ee28ff8e1d9aa34f42faee99/element/f.7E00EA53797DB7C0883B340D4376DD1B.d.4A03B67B2F51E6B490EE5B3932E4578C.e.5194/click - {}
RESULT: {}
COMMAND: GET /session/ffff9f21ee28ff8e1d9aa34f42faee99/screenshot - {}
RESULT: {}
COMMAND: POST /session/ffff9f21ee28ff8e1d9aa34f42faee99/element - {"using":"xpath","value":"//bdi[contains(text(), \"OK\")]"}
RESULT: {"using":"xpath","value":"//bdi[contains(text(), \"OK\")]"}
COMMAND: POST /session/ffff9f21ee28ff8e1d9aa34f42faee99/element/f.7E00EA53797DB7C0883B340D4376DD1B.d.4A03B67B2F51E6B490EE5B3932E4578C.e.5196/click - {}
RESULT: {}
COMMAND: GET /session/ffff9f21ee28ff8e1d9aa34f42faee99/screenshot - {}
RESULT: {}
COMMAND: POST /session/ffff9f21ee28ff8e1d9aa34f42faee99/execute/async - {"script":"<script> [1562 bytes]","args":[{"selector":{"id":"application-managepartners-display-component---NewPartner--intercompVendorComboBox-application-managepartners-display-component---NewPartner--assignmentsTable-0-vhi"},"wdio_ui5_key":"applicationmanagepartners-display-component---NewPartner--intercompVendorComboBox-application-managepartners-display-component---NewPartner--assignmentsTable-0-vhi"}]}
RESULT: {"script":"<script> [1562 bytes]","args":[{"selector":{"id":"application-managepartners-display-component---NewPartner--intercompVendorComboBox-application-managepartners-display-component---NewPartner--assignmentsTable-0-vhi"},"wdio_ui5_key":"applicationmanagepartners-display-component---NewPartner--intercompVendorComboBox-application-managepartners-display-component---NewPartner--assignmentsTable-0-vhi"}]}
RESULT: undefined
COMMAND: POST /session/ffff9f21ee28ff8e1d9aa34f42faee99/element - {"using":"xpath","value":"//*[@id=\"application-managepartners-display-component---NewPartner--intercompVendorComboBox-application-managepartners-display-component---NewPartner--assignmentsTable-0-vhi\"]"}
RESULT: {"using":"xpath","value":"//*[@id=\"application-managepartners-display-component---NewPartner--intercompVendorComboBox-application-managepartners-display-component---NewPartner--assignmentsTable-0-vhi\"]"}
COMMAND: POST /session/ffff9f21ee28ff8e1d9aa34f42faee99/element/f.7E00EA53797DB7C0883B340D4376DD1B.d.4A03B67B2F51E6B490EE5B3932E4578C.e.5199/click - {}
RESULT: {}
RESULT: undefined
COMMAND: POST /session/ffff9f21ee28ff8e1d9aa34f42faee99/execute/async - {"script":"<script> [776 bytes]","args":[{"enterText":"100005","selector":{"controlType":"sap.m.SearchField","properties":{"placeholder":"Search"},"searchOpenDialogs":true,"interaction":{"idSuffix":"I"}},"clearTextFirst":true,"interactionType":"ENTER_TEXT"}]}
COMMAND: GET /session/ffff9f21ee28ff8e1d9aa34f42faee99/screenshot - {}
RESULT: {"script":"<script> [776 bytes]","args":[{"enterText":"100005","selector":{"controlType":"sap.m.SearchField","properties":{"placeholder":"Search"},"searchOpenDialogs":true,"interaction":{"idSuffix":"I"}},"clearTextFirst":true,"interactionType":"ENTER_TEXT"}]}
COMMAND: POST /session/ffff9f21ee28ff8e1d9aa34f42faee99/actions - {"actions":[{"id":"action15","type":"key","parameters":{},"actions":[{"type":"keyDown","value":"î€‡"},{"type":"pause","duration":10},{"type":"keyUp","value":"î€‡"}]}]}
RESULT: {}
RESULT: {"actions":[{"id":"action15","type":"key","parameters":{},"actions":[{"type":"keyDown","value":"î€‡"},{"type":"pause","duration":10},{"type":"keyUp","value":"î€‡"}]}]}
COMMAND: GET /session/ffff9f21ee28ff8e1d9aa34f42faee99/screenshot - {}
RESULT: {}
COMMAND: POST /session/ffff9f21ee28ff8e1d9aa34f42faee99/element - {"using":"xpath","value":"//span[contains(text(), \"Penguins - Field/12345 Berlin\")]"}
RESULT: {"using":"xpath","value":"//span[contains(text(), \"Penguins - Field/12345 Berlin\")]"}
COMMAND: POST /session/ffff9f21ee28ff8e1d9aa34f42faee99/element/f.7E00EA53797DB7C0883B340D4376DD1B.d.4A03B67B2F51E6B490EE5B3932E4578C.e.5215/click - {}
RESULT: {}
COMMAND: GET /session/ffff9f21ee28ff8e1d9aa34f42faee99/screenshot - {}
RESULT: {}
COMMAND: POST /session/ffff9f21ee28ff8e1d9aa34f42faee99/element - {"using":"xpath","value":"//bdi[contains(text(), \"OK\")]"}
RESULT: {"using":"xpath","value":"//bdi[contains(text(), \"OK\")]"}
COMMAND: POST /session/ffff9f21ee28ff8e1d9aa34f42faee99/element/f.7E00EA53797DB7C0883B340D4376DD1B.d.4A03B67B2F51E6B490EE5B3932E4578C.e.5216/click - {}
RESULT: {}
COMMAND: GET /session/ffff9f21ee28ff8e1d9aa34f42faee99/screenshot - {}
RESULT: {}
COMMAND: POST /session/ffff9f21ee28ff8e1d9aa34f42faee99/element - {"using":"xpath","value":"//button[@data-kt=\"saveButton\"]"}
RESULT: {"using":"xpath","value":"//button[@data-kt=\"saveButton\"]"}
COMMAND: POST /session/ffff9f21ee28ff8e1d9aa34f42faee99/element/f.7E00EA53797DB7C0883B340D4376DD1B.d.4A03B67B2F51E6B490EE5B3932E4578C.e.5068/click - {}
RESULT: {}
COMMAND: GET /session/ffff9f21ee28ff8e1d9aa34f42faee99/screenshot - {}
RESULT: {}
COMMAND: POST /session/ffff9f21ee28ff8e1d9aa34f42faee99/element - {"using":"xpath","value":"//header[contains(@id, 'ObjectPageLayout-headerTitle')]/div[1]/div[2]/div[2]/span[1]"}
RESULT: {"using":"xpath","value":"//header[contains(@id, 'ObjectPageLayout-headerTitle')]/div[1]/div[2]/div[2]/span[1]"}
COMMAND: POST /session/ffff9f21ee28ff8e1d9aa34f42faee99/elements - {"using":"xpath","value":"//header[contains(@id, 'ObjectPageLayout-headerTitle')]/div[1]/div[2]/div[2]/span[1]"}
RESULT: {"using":"xpath","value":"//header[contains(@id, 'ObjectPageLayout-headerTitle')]/div[1]/div[2]/div[2]/span[1]"}
COMMAND: POST /session/ffff9f21ee28ff8e1d9aa34f42faee99/execute/sync - {"script":"<script> [56 bytes]","args":[{"element-6066-11e4-a52e-4f735466cecf":"f.7E00EA53797DB7C0883B340D4376DD1B.d.4A03B67B2F51E6B490EE5B3932E4578C.e.5380","ELEMENT":"f.7E00EA53797DB7C0883B340D4376DD1B.d.4A03B67B2F51E6B490EE5B3932E4578C.e.5380"}]}
RESULT: {"script":"<script> [56 bytes]","args":[{"element-6066-11e4-a52e-4f735466cecf":"f.7E00EA53797DB7C0883B340D4376DD1B.d.4A03B67B2F51E6B490EE5B3932E4578C.e.5380","ELEMENT":"f.7E00EA53797DB7C0883B340D4376DD1B.d.4A03B67B2F51E6B490EE5B3932E4578C.e.5380"}]}
COMMAND: POST /session/ffff9f21ee28ff8e1d9aa34f42faee99/element - {"using":"css selector","value":"#shell-header-logo"}
COMMAND: GET /session/ffff9f21ee28ff8e1d9aa34f42faee99/screenshot - {}
RESULT: {"using":"css selector","value":"#shell-header-logo"}
COMMAND: POST /session/ffff9f21ee28ff8e1d9aa34f42faee99/element/f.7E00EA53797DB7C0883B340D4376DD1B.d.4A03B67B2F51E6B490EE5B3932E4578C.e.4595/click - {}
RESULT: {}
RESULT: {}
COMMAND: GET /session/ffff9f21ee28ff8e1d9aa34f42faee99/screenshot - {}
RESULT: {}
COMMAND: POST /session/ffff9f21ee28ff8e1d9aa34f42faee99/execute/sync - {"script":"<script> [299 bytes]","args":[["getModel","getResource"]]}
RESULT: {"script":"<script> [299 bytes]","args":[["getModel","getResource"]]}
RESULT: undefined
COMMAND: POST /session/ffff9f21ee28ff8e1d9aa34f42faee99/element - {"using":"xpath","value":"//*[@id=\"__tile30\"]"}
COMMAND: GET /session/ffff9f21ee28ff8e1d9aa34f42faee99/screenshot - {}
RESULT: {"using":"xpath","value":"//*[@id=\"__tile30\"]"}
COMMAND: POST /session/ffff9f21ee28ff8e1d9aa34f42faee99/element/f.7E00EA53797DB7C0883B340D4376DD1B.d.4A03B67B2F51E6B490EE5B3932E4578C.e.4516/click - {}
RESULT: {}
RESULT: {}
COMMAND: POST /session/ffff9f21ee28ff8e1d9aa34f42faee99/element - {"using":"xpath","value":"//button[@data-kt=\"addButton\"]"}
COMMAND: GET /session/ffff9f21ee28ff8e1d9aa34f42faee99/screenshot - {}
RESULT: {"using":"xpath","value":"//button[@data-kt=\"addButton\"]"}
COMMAND: POST /session/ffff9f21ee28ff8e1d9aa34f42faee99/elements - {"using":"xpath","value":"//button[@data-kt=\"addButton\"]"}
RESULT: {}
RESULT: {"using":"xpath","value":"//button[@data-kt=\"addButton\"]"}
COMMAND: POST /session/ffff9f21ee28ff8e1d9aa34f42faee99/elements - {"using":"xpath","value":"//button[@data-kt=\"addButton\"]"}
RESULT: {"using":"xpath","value":"//button[@data-kt=\"addButton\"]"}
COMMAND: POST /session/ffff9f21ee28ff8e1d9aa34f42faee99/element - {"using":"xpath","value":"//button[@data-kt=\"addButton\"]"}
RESULT: {"using":"xpath","value":"//button[@data-kt=\"addButton\"]"}
COMMAND: POST /session/ffff9f21ee28ff8e1d9aa34f42faee99/execute/sync - {"script":"<script> [8489 bytes]","args":[{"element-6066-11e4-a52e-4f735466cecf":"f.7E00EA53797DB7C0883B340D4376DD1B.d.4A03B67B2F51E6B490EE5B3932E4578C.e.5417","ELEMENT":"f.7E00EA53797DB7C0883B340D4376DD1B.d.4A03B67B2F51E6B490EE5B3932E4578C.e.5417"}]}
RESULT: {"script":"<script> [8489 bytes]","args":[{"element-6066-11e4-a52e-4f735466cecf":"f.7E00EA53797DB7C0883B340D4376DD1B.d.4A03B67B2F51E6B490EE5B3932E4578C.e.5417","ELEMENT":"f.7E00EA53797DB7C0883B340D4376DD1B.d.4A03B67B2F51E6B490EE5B3932E4578C.e.5417"}]}
COMMAND: GET /session/ffff9f21ee28ff8e1d9aa34f42faee99/element/f.7E00EA53797DB7C0883B340D4376DD1B.d.4A03B67B2F51E6B490EE5B3932E4578C.e.5417/enabled - {}
COMMAND: GET /session/ffff9f21ee28ff8e1d9aa34f42faee99/screenshot - {}
RESULT: {}
COMMAND: POST /session/ffff9f21ee28ff8e1d9aa34f42faee99/execute/sync - {"script":"<script> [8489 bytes]","args":[{"element-6066-11e4-a52e-4f735466cecf":"f.7E00EA53797DB7C0883B340D4376DD1B.d.4A03B67B2F51E6B490EE5B3932E4578C.e.5417","ELEMENT":"f.7E00EA53797DB7C0883B340D4376DD1B.d.4A03B67B2F51E6B490EE5B3932E4578C.e.5417"}]}
COMMAND: GET /session/ffff9f21ee28ff8e1d9aa34f42faee99/screenshot - {}
RESULT: {}
RESULT: {"script":"<script> [8489 bytes]","args":[{"element-6066-11e4-a52e-4f735466cecf":"f.7E00EA53797DB7C0883B340D4376DD1B.d.4A03B67B2F51E6B490EE5B3932E4578C.e.5417","ELEMENT":"f.7E00EA53797DB7C0883B340D4376DD1B.d.4A03B67B2F51E6B490EE5B3932E4578C.e.5417"}]}
COMMAND: POST /session/ffff9f21ee28ff8e1d9aa34f42faee99/execute/sync - {"script":"<script> [5351 bytes]","args":[{"element-6066-11e4-a52e-4f735466cecf":"f.7E00EA53797DB7C0883B340D4376DD1B.d.4A03B67B2F51E6B490EE5B3932E4578C.e.5417","ELEMENT":"f.7E00EA53797DB7C0883B340D4376DD1B.d.4A03B67B2F51E6B490EE5B3932E4578C.e.5417"}]}
COMMAND: GET /session/ffff9f21ee28ff8e1d9aa34f42faee99/screenshot - {}
RESULT: {}
RESULT: {"script":"<script> [5351 bytes]","args":[{"element-6066-11e4-a52e-4f735466cecf":"f.7E00EA53797DB7C0883B340D4376DD1B.d.4A03B67B2F51E6B490EE5B3932E4578C.e.5417","ELEMENT":"f.7E00EA53797DB7C0883B340D4376DD1B.d.4A03B67B2F51E6B490EE5B3932E4578C.e.5417"}]}
COMMAND: GET /session/ffff9f21ee28ff8e1d9aa34f42faee99/screenshot - {}
RESULT: {}
RESULT: {}
COMMAND: POST /session/ffff9f21ee28ff8e1d9aa34f42faee99/execute/async - {"script":"<script> [1562 bytes]","args":[{"selector":{"id":"application-managepartners-display-component---masterPtm--smartFilterBar-btnBasicSearch","interaction":{"idSuffix":"I"}},"wdio_ui5_key":"applicationmanagepartners-display-component---masterPtm--smartFilterBar-btnBasicSearch"}]}
RESULT: {"script":"<script> [1562 bytes]","args":[{"selector":{"id":"application-managepartners-display-component---masterPtm--smartFilterBar-btnBasicSearch","interaction":{"idSuffix":"I"}},"wdio_ui5_key":"applicationmanagepartners-display-component---masterPtm--smartFilterBar-btnBasicSearch"}]}
RESULT: undefined
COMMAND: POST /session/ffff9f21ee28ff8e1d9aa34f42faee99/execute/async - {"script":"<script> [776 bytes]","args":[{"enterText":"1409","selector":{"id":"application-managepartners-display-component---masterPtm--smartFilterBar-btnBasicSearch","interaction":{"idSuffix":"I"}},"clearTextFirst":true,"interactionType":"ENTER_TEXT"}]}
RESULT: {"script":"<script> [776 bytes]","args":[{"enterText":"1409","selector":{"id":"application-managepartners-display-component---masterPtm--smartFilterBar-btnBasicSearch","interaction":{"idSuffix":"I"}},"clearTextFirst":true,"interactionType":"ENTER_TEXT"}]}
COMMAND: POST /session/ffff9f21ee28ff8e1d9aa34f42faee99/actions - {"actions":[{"id":"action16","type":"key","parameters":{},"actions":[{"type":"keyDown","value":"î€‡"},{"type":"pause","duration":10},{"type":"keyUp","value":"î€‡"}]}]}
RESULT: {"actions":[{"id":"action16","type":"key","parameters":{},"actions":[{"type":"keyDown","value":"î€‡"},{"type":"pause","duration":10},{"type":"keyUp","value":"î€‡"}]}]}
COMMAND: GET /session/ffff9f21ee28ff8e1d9aa34f42faee99/screenshot - {}
RESULT: {}
COMMAND: POST /session/ffff9f21ee28ff8e1d9aa34f42faee99/elements - {"using":"xpath","value":"//table[contains(@id, \"customPartnersTable-listUl\")]/tbody/tr"}
RESULT: {"using":"xpath","value":"//table[contains(@id, \"customPartnersTable-listUl\")]/tbody/tr"}
COMMAND: POST /session/ffff9f21ee28ff8e1d9aa34f42faee99/element - {"using":"xpath","value":"//table[contains(@id, \"customPartnersTable-listUl\")]/tbody/tr[1]/td[3]/span"}
RESULT: {"using":"xpath","value":"//table[contains(@id, \"customPartnersTable-listUl\")]/tbody/tr[1]/td[3]/span"}
COMMAND: POST /session/ffff9f21ee28ff8e1d9aa34f42faee99/elements - {"using":"xpath","value":"//table[contains(@id, \"customPartnersTable-listUl\")]/tbody/tr[1]/td[3]/span"}
RESULT: {"using":"xpath","value":"//table[contains(@id, \"customPartnersTable-listUl\")]/tbody/tr[1]/td[3]/span"}
COMMAND: POST /session/ffff9f21ee28ff8e1d9aa34f42faee99/execute/sync - {"script":"<script> [56 bytes]","args":[{"element-6066-11e4-a52e-4f735466cecf":"f.7E00EA53797DB7C0883B340D4376DD1B.d.4A03B67B2F51E6B490EE5B3932E4578C.e.5565","ELEMENT":"f.7E00EA53797DB7C0883B340D4376DD1B.d.4A03B67B2F51E6B490EE5B3932E4578C.e.5565"}]}
RESULT: {"script":"<script> [56 bytes]","args":[{"element-6066-11e4-a52e-4f735466cecf":"f.7E00EA53797DB7C0883B340D4376DD1B.d.4A03B67B2F51E6B490EE5B3932E4578C.e.5565","ELEMENT":"f.7E00EA53797DB7C0883B340D4376DD1B.d.4A03B67B2F51E6B490EE5B3932E4578C.e.5565"}]}
COMMAND: POST /session/ffff9f21ee28ff8e1d9aa34f42faee99/element - {"using":"xpath","value":"(//span[contains(@id, \"imgNav\")])[1]"}
COMMAND: GET /session/ffff9f21ee28ff8e1d9aa34f42faee99/screenshot - {}
RESULT: {"using":"xpath","value":"(//span[contains(@id, \"imgNav\")])[1]"}
COMMAND: POST /session/ffff9f21ee28ff8e1d9aa34f42faee99/element/f.7E00EA53797DB7C0883B340D4376DD1B.d.4A03B67B2F51E6B490EE5B3932E4578C.e.5563/click - {}
RESULT: {}
RESULT: {}
COMMAND: GET /session/ffff9f21ee28ff8e1d9aa34f42faee99/screenshot - {}
RESULT: {}
COMMAND: POST /session/ffff9f21ee28ff8e1d9aa34f42faee99/element - {"using":"xpath","value":"//bdi[contains(text(), \"Edit\")]"}
RESULT: {"using":"xpath","value":"//bdi[contains(text(), \"Edit\")]"}
COMMAND: POST /session/ffff9f21ee28ff8e1d9aa34f42faee99/element/f.7E00EA53797DB7C0883B340D4376DD1B.d.4A03B67B2F51E6B490EE5B3932E4578C.e.5709/click - {}
RESULT: {}
COMMAND: GET /session/ffff9f21ee28ff8e1d9aa34f42faee99/screenshot - {}
RESULT: {}
COMMAND: POST /session/ffff9f21ee28ff8e1d9aa34f42faee99/execute/async - {"script":"<script> [1562 bytes]","args":[{"selector":{"controlType":"sap.m.Input","viewName":"etm.portal.ui.managepartners.view.EditDetail","labelFor":{"text":"Name"},"interaction":{"idSuffix":"inner"}},"wdio_ui5_key":"etmportal.ui.managepartners.view.EditDetailsap.m.Input{\"text\":\"Name\"}"}]}
RESULT: {"script":"<script> [1562 bytes]","args":[{"selector":{"controlType":"sap.m.Input","viewName":"etm.portal.ui.managepartners.view.EditDetail","labelFor":{"text":"Name"},"interaction":{"idSuffix":"inner"}},"wdio_ui5_key":"etmportal.ui.managepartners.view.EditDetailsap.m.Input{\"text\":\"Name\"}"}]}
RESULT: undefined
COMMAND: POST /session/ffff9f21ee28ff8e1d9aa34f42faee99/execute/async - {"script":"<script> [776 bytes]","args":[{"enterText":"Intracompany EDIT","selector":{"controlType":"sap.m.Input","viewName":"etm.portal.ui.managepartners.view.EditDetail","labelFor":{"text":"Name"},"interaction":{"idSuffix":"inner"}},"clearTextFirst":true,"interactionType":"ENTER_TEXT"}]}
RESULT: {"script":"<script> [776 bytes]","args":[{"enterText":"Intracompany EDIT","selector":{"controlType":"sap.m.Input","viewName":"etm.portal.ui.managepartners.view.EditDetail","labelFor":{"text":"Name"},"interaction":{"idSuffix":"inner"}},"clearTextFirst":true,"interactionType":"ENTER_TEXT"}]}
COMMAND: POST /session/ffff9f21ee28ff8e1d9aa34f42faee99/element - {"using":"xpath","value":"(//span[contains(@id,\"addressDetailDetailsLanguage-arrow\")])[1]"}
RESULT: {"using":"xpath","value":"(//span[contains(@id,\"addressDetailDetailsLanguage-arrow\")])[1]"}
COMMAND: POST /session/ffff9f21ee28ff8e1d9aa34f42faee99/element/f.7E00EA53797DB7C0883B340D4376DD1B.d.4A03B67B2F51E6B490EE5B3932E4578C.e.5794/click - {}
RESULT: {}
COMMAND: POST /session/ffff9f21ee28ff8e1d9aa34f42faee99/element - {"using":"xpath","value":"//span[contains(text(), \"Chinese\")]"}
COMMAND: GET /session/ffff9f21ee28ff8e1d9aa34f42faee99/screenshot - {}
RESULT: {"using":"xpath","value":"//span[contains(text(), \"Chinese\")]"}
COMMAND: POST /session/ffff9f21ee28ff8e1d9aa34f42faee99/element/f.7E00EA53797DB7C0883B340D4376DD1B.d.4A03B67B2F51E6B490EE5B3932E4578C.e.5795/click - {}
RESULT: {}
RESULT: {}
COMMAND: GET /session/ffff9f21ee28ff8e1d9aa34f42faee99/screenshot - {}
RESULT: {}
COMMAND: POST /session/ffff9f21ee28ff8e1d9aa34f42faee99/execute/async - {"script":"<script> [1562 bytes]","args":[{"selector":{"controlType":"sap.m.Input","viewName":"etm.portal.ui.managepartners.view.EditDetail","labelFor":{"text":"City"},"interaction":{"idSuffix":"inner"}},"wdio_ui5_key":"etmportal.ui.managepartners.view.EditDetailsap.m.Input{\"text\":\"City\"}"}]}
RESULT: {"script":"<script> [1562 bytes]","args":[{"selector":{"controlType":"sap.m.Input","viewName":"etm.portal.ui.managepartners.view.EditDetail","labelFor":{"text":"City"},"interaction":{"idSuffix":"inner"}},"wdio_ui5_key":"etmportal.ui.managepartners.view.EditDetailsap.m.Input{\"text\":\"City\"}"}]}
RESULT: undefined
COMMAND: POST /session/ffff9f21ee28ff8e1d9aa34f42faee99/execute/async - {"script":"<script> [776 bytes]","args":[{"enterText":"Clooj-Napoca","selector":{"controlType":"sap.m.Input","viewName":"etm.portal.ui.managepartners.view.EditDetail","labelFor":{"text":"City"},"interaction":{"idSuffix":"inner"}},"clearTextFirst":true,"interactionType":"ENTER_TEXT"}]}
RESULT: {"script":"<script> [776 bytes]","args":[{"enterText":"Clooj-Napoca","selector":{"controlType":"sap.m.Input","viewName":"etm.portal.ui.managepartners.view.EditDetail","labelFor":{"text":"City"},"interaction":{"idSuffix":"inner"}},"clearTextFirst":true,"interactionType":"ENTER_TEXT"}]}
COMMAND: POST /session/ffff9f21ee28ff8e1d9aa34f42faee99/element - {"using":"xpath","value":"//button[@data-kt=\"saveButton\"]"}
RESULT: {"using":"xpath","value":"//button[@data-kt=\"saveButton\"]"}
COMMAND: POST /session/ffff9f21ee28ff8e1d9aa34f42faee99/element/f.7E00EA53797DB7C0883B340D4376DD1B.d.4A03B67B2F51E6B490EE5B3932E4578C.e.5771/click - {}
RESULT: {}
COMMAND: GET /session/ffff9f21ee28ff8e1d9aa34f42faee99/screenshot - {}
RESULT: {}
COMMAND: POST /session/ffff9f21ee28ff8e1d9aa34f42faee99/execute/async - {"script":"<script> [1562 bytes]","args":[{"selector":{"id":"application-managepartners-display-component---detailPtm--addressDetailDetailsName1"},"wdio_ui5_key":"applicationmanagepartners-display-component---detailPtm--addressDetailDetailsName1"}]}
RESULT: {"script":"<script> [1562 bytes]","args":[{"selector":{"id":"application-managepartners-display-component---detailPtm--addressDetailDetailsName1"},"wdio_ui5_key":"applicationmanagepartners-display-component---detailPtm--addressDetailDetailsName1"}]}
RESULT: undefined
COMMAND: POST /session/ffff9f21ee28ff8e1d9aa34f42faee99/execute/async - {"script":"<script> [6424 bytes]","args":[{"element-6066-11e4-a52e-4f735466cecf":"f.7E00EA53797DB7C0883B340D4376DD1B.d.4A03B67B2F51E6B490EE5B3932E4578C.e.5828"},"getValue",[]]}
RESULT: {"script":"<script> [6424 bytes]","args":[{"element-6066-11e4-a52e-4f735466cecf":"f.7E00EA53797DB7C0883B340D4376DD1B.d.4A03B67B2F51E6B490EE5B3932E4578C.e.5828"},"getValue",[]]}
COMMAND: POST /session/ffff9f21ee28ff8e1d9aa34f42faee99/element - {"using":"xpath","value":"//input[@id = \"application-managepartners-display-component---detailPtm--addressDetailDetailsLanguage-inner\"]"}
RESULT: {"using":"xpath","value":"//input[@id = \"application-managepartners-display-component---detailPtm--addressDetailDetailsLanguage-inner\"]"}
COMMAND: GET /session/ffff9f21ee28ff8e1d9aa34f42faee99/element/f.7E00EA53797DB7C0883B340D4376DD1B.d.4A03B67B2F51E6B490EE5B3932E4578C.e.5829/property/value - {}
RESULT: {}
COMMAND: POST /session/ffff9f21ee28ff8e1d9aa34f42faee99/execute/async - {"script":"<script> [1562 bytes]","args":[{"selector":{"id":"application-managepartners-display-component---detailPtm--addressDetailDetailsCity1"},"wdio_ui5_key":"applicationmanagepartners-display-component---detailPtm--addressDetailDetailsCity1"}]}
COMMAND: GET /session/ffff9f21ee28ff8e1d9aa34f42faee99/screenshot - {}
RESULT: {}
RESULT: {"script":"<script> [1562 bytes]","args":[{"selector":{"id":"application-managepartners-display-component---detailPtm--addressDetailDetailsCity1"},"wdio_ui5_key":"applicationmanagepartners-display-component---detailPtm--addressDetailDetailsCity1"}]}
RESULT: undefined
COMMAND: POST /session/ffff9f21ee28ff8e1d9aa34f42faee99/execute/async - {"script":"<script> [6424 bytes]","args":[{"element-6066-11e4-a52e-4f735466cecf":"f.7E00EA53797DB7C0883B340D4376DD1B.d.4A03B67B2F51E6B490EE5B3932E4578C.e.5830"},"getValue",[]]}
RESULT: {"script":"<script> [6424 bytes]","args":[{"element-6066-11e4-a52e-4f735466cecf":"f.7E00EA53797DB7C0883B340D4376DD1B.d.4A03B67B2F51E6B490EE5B3932E4578C.e.5830"},"getValue",[]]}
COMMAND: POST /session/ffff9f21ee28ff8e1d9aa34f42faee99/element - {"using":"css selector","value":"#shell-header-logo"}
RESULT: {"using":"css selector","value":"#shell-header-logo"}
COMMAND: POST /session/ffff9f21ee28ff8e1d9aa34f42faee99/element/f.7E00EA53797DB7C0883B340D4376DD1B.d.4A03B67B2F51E6B490EE5B3932E4578C.e.5383/click - {}
RESULT: {}
COMMAND: GET /session/ffff9f21ee28ff8e1d9aa34f42faee99/screenshot - {}
RESULT: {}
]]></system-out>
    </testcase>
    <testcase classname="chrome.135_0_7049_96.windows.Partner_specific_tests_US150819_US151080_US151654_US151176_US103444_US151078_US151079_US151109_US151174_US151175_US151189" name="Should do filtering and navigation tests US151109" time="171.236">
      <system-out><![CDATA[
COMMAND: POST /session/ffff9f21ee28ff8e1d9aa34f42faee99/element - {"using":"xpath","value":"//li[.//span[text()=\"Manage Partners\"]]"}
RESULT: {"using":"xpath","value":"//li[.//span[text()=\"Manage Partners\"]]"}
COMMAND: POST /session/ffff9f21ee28ff8e1d9aa34f42faee99/element - {"using":"xpath","value":"//li[.//span[text()=\"Manage Partners\"]]"}
RESULT: {"using":"xpath","value":"//li[.//span[text()=\"Manage Partners\"]]"}
COMMAND: POST /session/ffff9f21ee28ff8e1d9aa34f42faee99/element - {"using":"css selector","value":"#shell-header-logo"}
RESULT: {"using":"css selector","value":"#shell-header-logo"}
COMMAND: POST /session/ffff9f21ee28ff8e1d9aa34f42faee99/element/f.7E00EA53797DB7C0883B340D4376DD1B.d.4A03B67B2F51E6B490EE5B3932E4578C.e.5860/click - {}
COMMAND: POST /session/ffff9f21ee28ff8e1d9aa34f42faee99/execute/sync - {"script":"<script> [8489 bytes]","args":[{"element-6066-11e4-a52e-4f735466cecf":"f.7E00EA53797DB7C0883B340D4376DD1B.d.4A03B67B2F51E6B490EE5B3932E4578C.e.5860","ELEMENT":"f.7E00EA53797DB7C0883B340D4376DD1B.d.4A03B67B2F51E6B490EE5B3932E4578C.e.5860"}]}
RESULT: {"script":"<script> [8489 bytes]","args":[{"element-6066-11e4-a52e-4f735466cecf":"f.7E00EA53797DB7C0883B340D4376DD1B.d.4A03B67B2F51E6B490EE5B3932E4578C.e.5860","ELEMENT":"f.7E00EA53797DB7C0883B340D4376DD1B.d.4A03B67B2F51E6B490EE5B3932E4578C.e.5860"}]}
COMMAND: POST /session/ffff9f21ee28ff8e1d9aa34f42faee99/execute/sync - {"script":"<script> [5351 bytes]","args":[{"element-6066-11e4-a52e-4f735466cecf":"f.7E00EA53797DB7C0883B340D4376DD1B.d.4A03B67B2F51E6B490EE5B3932E4578C.e.5860","ELEMENT":"f.7E00EA53797DB7C0883B340D4376DD1B.d.4A03B67B2F51E6B490EE5B3932E4578C.e.5860"}]}
COMMAND: GET /session/ffff9f21ee28ff8e1d9aa34f42faee99/screenshot - {}
RESULT: {}
COMMAND: GET /session/ffff9f21ee28ff8e1d9aa34f42faee99/screenshot - {}
RESULT: {"script":"<script> [5351 bytes]","args":[{"element-6066-11e4-a52e-4f735466cecf":"f.7E00EA53797DB7C0883B340D4376DD1B.d.4A03B67B2F51E6B490EE5B3932E4578C.e.5860","ELEMENT":"f.7E00EA53797DB7C0883B340D4376DD1B.d.4A03B67B2F51E6B490EE5B3932E4578C.e.5860"}]}
COMMAND: GET /session/ffff9f21ee28ff8e1d9aa34f42faee99/screenshot - {}
RESULT: {}
RESULT: {}
RESULT: {}
RESULT: undefined
COMMAND: POST /session/ffff9f21ee28ff8e1d9aa34f42faee99/element - {"using":"xpath","value":"//*[@id=\"__tile30\"]"}
RESULT: {"using":"xpath","value":"//*[@id=\"__tile30\"]"}
COMMAND: POST /session/ffff9f21ee28ff8e1d9aa34f42faee99/element/f.7E00EA53797DB7C0883B340D4376DD1B.d.4A03B67B2F51E6B490EE5B3932E4578C.e.4516/click - {}
RESULT: {}
COMMAND: POST /session/ffff9f21ee28ff8e1d9aa34f42faee99/element - {"using":"xpath","value":"//button[@data-kt=\"addButton\"]"}
COMMAND: GET /session/ffff9f21ee28ff8e1d9aa34f42faee99/screenshot - {}
RESULT: {"using":"xpath","value":"//button[@data-kt=\"addButton\"]"}
COMMAND: POST /session/ffff9f21ee28ff8e1d9aa34f42faee99/elements - {"using":"xpath","value":"//button[@data-kt=\"addButton\"]"}
RESULT: {}
RESULT: {"using":"xpath","value":"//button[@data-kt=\"addButton\"]"}
COMMAND: POST /session/ffff9f21ee28ff8e1d9aa34f42faee99/element - {"using":"xpath","value":"//button[@data-kt=\"addButton\"]"}
RESULT: {"using":"xpath","value":"//button[@data-kt=\"addButton\"]"}
COMMAND: POST /session/ffff9f21ee28ff8e1d9aa34f42faee99/execute/sync - {"script":"<script> [8489 bytes]","args":[{"element-6066-11e4-a52e-4f735466cecf":"f.7E00EA53797DB7C0883B340D4376DD1B.d.4A03B67B2F51E6B490EE5B3932E4578C.e.5905","ELEMENT":"f.7E00EA53797DB7C0883B340D4376DD1B.d.4A03B67B2F51E6B490EE5B3932E4578C.e.5905"}]}
RESULT: {"script":"<script> [8489 bytes]","args":[{"element-6066-11e4-a52e-4f735466cecf":"f.7E00EA53797DB7C0883B340D4376DD1B.d.4A03B67B2F51E6B490EE5B3932E4578C.e.5905","ELEMENT":"f.7E00EA53797DB7C0883B340D4376DD1B.d.4A03B67B2F51E6B490EE5B3932E4578C.e.5905"}]}
COMMAND: GET /session/ffff9f21ee28ff8e1d9aa34f42faee99/element/f.7E00EA53797DB7C0883B340D4376DD1B.d.4A03B67B2F51E6B490EE5B3932E4578C.e.5905/enabled - {}
COMMAND: GET /session/ffff9f21ee28ff8e1d9aa34f42faee99/screenshot - {}
RESULT: {}
COMMAND: POST /session/ffff9f21ee28ff8e1d9aa34f42faee99/execute/sync - {"script":"<script> [8489 bytes]","args":[{"element-6066-11e4-a52e-4f735466cecf":"f.7E00EA53797DB7C0883B340D4376DD1B.d.4A03B67B2F51E6B490EE5B3932E4578C.e.5905","ELEMENT":"f.7E00EA53797DB7C0883B340D4376DD1B.d.4A03B67B2F51E6B490EE5B3932E4578C.e.5905"}]}
COMMAND: GET /session/ffff9f21ee28ff8e1d9aa34f42faee99/screenshot - {}
RESULT: {}
RESULT: {"script":"<script> [8489 bytes]","args":[{"element-6066-11e4-a52e-4f735466cecf":"f.7E00EA53797DB7C0883B340D4376DD1B.d.4A03B67B2F51E6B490EE5B3932E4578C.e.5905","ELEMENT":"f.7E00EA53797DB7C0883B340D4376DD1B.d.4A03B67B2F51E6B490EE5B3932E4578C.e.5905"}]}
COMMAND: POST /session/ffff9f21ee28ff8e1d9aa34f42faee99/execute/sync - {"script":"<script> [5351 bytes]","args":[{"element-6066-11e4-a52e-4f735466cecf":"f.7E00EA53797DB7C0883B340D4376DD1B.d.4A03B67B2F51E6B490EE5B3932E4578C.e.5905","ELEMENT":"f.7E00EA53797DB7C0883B340D4376DD1B.d.4A03B67B2F51E6B490EE5B3932E4578C.e.5905"}]}
COMMAND: GET /session/ffff9f21ee28ff8e1d9aa34f42faee99/screenshot - {}
RESULT: {}
RESULT: {"script":"<script> [5351 bytes]","args":[{"element-6066-11e4-a52e-4f735466cecf":"f.7E00EA53797DB7C0883B340D4376DD1B.d.4A03B67B2F51E6B490EE5B3932E4578C.e.5905","ELEMENT":"f.7E00EA53797DB7C0883B340D4376DD1B.d.4A03B67B2F51E6B490EE5B3932E4578C.e.5905"}]}
COMMAND: GET /session/ffff9f21ee28ff8e1d9aa34f42faee99/screenshot - {}
RESULT: {}
RESULT: {}
COMMAND: POST /session/ffff9f21ee28ff8e1d9aa34f42faee99/element - {"using":"xpath","value":"//span[@id=\"application-managepartners-display-component---masterPtm--smartTable-header-inner\"]"}
RESULT: {"using":"xpath","value":"//span[@id=\"application-managepartners-display-component---masterPtm--smartTable-header-inner\"]"}
COMMAND: POST /session/ffff9f21ee28ff8e1d9aa34f42faee99/elements - {"using":"xpath","value":"//span[@id=\"application-managepartners-display-component---masterPtm--smartTable-header-inner\"]"}
RESULT: {"using":"xpath","value":"//span[@id=\"application-managepartners-display-component---masterPtm--smartTable-header-inner\"]"}
COMMAND: POST /session/ffff9f21ee28ff8e1d9aa34f42faee99/execute/sync - {"script":"<script> [56 bytes]","args":[{"element-6066-11e4-a52e-4f735466cecf":"f.7E00EA53797DB7C0883B340D4376DD1B.d.4A03B67B2F51E6B490EE5B3932E4578C.e.6032","ELEMENT":"f.7E00EA53797DB7C0883B340D4376DD1B.d.4A03B67B2F51E6B490EE5B3932E4578C.e.6032"}]}
RESULT: {"script":"<script> [56 bytes]","args":[{"element-6066-11e4-a52e-4f735466cecf":"f.7E00EA53797DB7C0883B340D4376DD1B.d.4A03B67B2F51E6B490EE5B3932E4578C.e.6032","ELEMENT":"f.7E00EA53797DB7C0883B340D4376DD1B.d.4A03B67B2F51E6B490EE5B3932E4578C.e.6032"}]}
RESULT: undefined
COMMAND: POST /session/ffff9f21ee28ff8e1d9aa34f42faee99/execute/async - {"script":"<script> [776 bytes]","args":[{"enterText":"External Partner WDIO","selector":{"id":"application-managepartners-display-component---masterPtm--smartFilterBar-btnBasicSearch","interaction":{"idSuffix":"I"}},"clearTextFirst":true,"interactionType":"ENTER_TEXT"}]}
COMMAND: GET /session/ffff9f21ee28ff8e1d9aa34f42faee99/screenshot - {}
RESULT: {"script":"<script> [776 bytes]","args":[{"enterText":"External Partner WDIO","selector":{"id":"application-managepartners-display-component---masterPtm--smartFilterBar-btnBasicSearch","interaction":{"idSuffix":"I"}},"clearTextFirst":true,"interactionType":"ENTER_TEXT"}]}
RESULT: {}
COMMAND: POST /session/ffff9f21ee28ff8e1d9aa34f42faee99/actions - {"actions":[{"id":"action17","type":"key","parameters":{},"actions":[{"type":"keyDown","value":"î€‡"},{"type":"pause","duration":10},{"type":"keyUp","value":"î€‡"}]}]}
RESULT: {"actions":[{"id":"action17","type":"key","parameters":{},"actions":[{"type":"keyDown","value":"î€‡"},{"type":"pause","duration":10},{"type":"keyUp","value":"î€‡"}]}]}
COMMAND: GET /session/ffff9f21ee28ff8e1d9aa34f42faee99/screenshot - {}
RESULT: {}
COMMAND: POST /session/ffff9f21ee28ff8e1d9aa34f42faee99/element - {"using":"xpath","value":"//span[@id=\"application-managepartners-display-component---masterPtm--smartTable-header-inner\"]"}
RESULT: {"using":"xpath","value":"//span[@id=\"application-managepartners-display-component---masterPtm--smartTable-header-inner\"]"}
COMMAND: POST /session/ffff9f21ee28ff8e1d9aa34f42faee99/elements - {"using":"xpath","value":"//span[@id=\"application-managepartners-display-component---masterPtm--smartTable-header-inner\"]"}
RESULT: {"using":"xpath","value":"//span[@id=\"application-managepartners-display-component---masterPtm--smartTable-header-inner\"]"}
COMMAND: POST /session/ffff9f21ee28ff8e1d9aa34f42faee99/execute/sync - {"script":"<script> [56 bytes]","args":[{"element-6066-11e4-a52e-4f735466cecf":"f.7E00EA53797DB7C0883B340D4376DD1B.d.4A03B67B2F51E6B490EE5B3932E4578C.e.6032","ELEMENT":"f.7E00EA53797DB7C0883B340D4376DD1B.d.4A03B67B2F51E6B490EE5B3932E4578C.e.6032"}]}
RESULT: {"script":"<script> [56 bytes]","args":[{"element-6066-11e4-a52e-4f735466cecf":"f.7E00EA53797DB7C0883B340D4376DD1B.d.4A03B67B2F51E6B490EE5B3932E4578C.e.6032","ELEMENT":"f.7E00EA53797DB7C0883B340D4376DD1B.d.4A03B67B2F51E6B490EE5B3932E4578C.e.6032"}]}
COMMAND: POST /session/ffff9f21ee28ff8e1d9aa34f42faee99/element - {"using":"xpath","value":"//div[contains(@id, \"managepartners-display-component---masterPtm--smartFilterBar-btnBasicSearch-reset\")]"}
COMMAND: GET /session/ffff9f21ee28ff8e1d9aa34f42faee99/screenshot - {}
RESULT: {"using":"xpath","value":"//div[contains(@id, \"managepartners-display-component---masterPtm--smartFilterBar-btnBasicSearch-reset\")]"}
COMMAND: POST /session/ffff9f21ee28ff8e1d9aa34f42faee99/element/f.7E00EA53797DB7C0883B340D4376DD1B.d.4A03B67B2F51E6B490EE5B3932E4578C.e.6144/click - {}
RESULT: {}
RESULT: {}
COMMAND: GET /session/ffff9f21ee28ff8e1d9aa34f42faee99/screenshot - {}
RESULT: {}
COMMAND: POST /session/ffff9f21ee28ff8e1d9aa34f42faee99/execute/async - {"script":"<script> [1562 bytes]","args":[{"selector":{"id":"application-managepartners-display-component---masterPtm--smartFilterBar-filterItemControl_BASIC-MAIN_ADDRESS-vhi"},"wdio_ui5_key":"applicationmanagepartners-display-component---masterPtm--smartFilterBar-filterItemControl_BASIC-MAIN_ADDRESS-vhi"}]}
RESULT: {"script":"<script> [1562 bytes]","args":[{"selector":{"id":"application-managepartners-display-component---masterPtm--smartFilterBar-filterItemControl_BASIC-MAIN_ADDRESS-vhi"},"wdio_ui5_key":"applicationmanagepartners-display-component---masterPtm--smartFilterBar-filterItemControl_BASIC-MAIN_ADDRESS-vhi"}]}
RESULT: undefined
COMMAND: POST /session/ffff9f21ee28ff8e1d9aa34f42faee99/element - {"using":"xpath","value":"//*[@id=\"application-managepartners-display-component---masterPtm--smartFilterBar-filterItemControl_BASIC-MAIN_ADDRESS-vhi\"]"}
RESULT: {"using":"xpath","value":"//*[@id=\"application-managepartners-display-component---masterPtm--smartFilterBar-filterItemControl_BASIC-MAIN_ADDRESS-vhi\"]"}
COMMAND: POST /session/ffff9f21ee28ff8e1d9aa34f42faee99/element/f.7E00EA53797DB7C0883B340D4376DD1B.d.4A03B67B2F51E6B490EE5B3932E4578C.e.6238/click - {}
RESULT: {}
COMMAND: GET /session/ffff9f21ee28ff8e1d9aa34f42faee99/screenshot - {}
RESULT: {}
COMMAND: POST /session/ffff9f21ee28ff8e1d9aa34f42faee99/execute/async - {"script":"<script> [1562 bytes]","args":[{"selector":{"id":"application-managepartners-display-component---masterPtm--smartFilterBar-filterItemControl_BASIC-MAIN_ADDRESS-valueHelpDialog-smartFilterBar-btnBasicSearch","searchOpenDialogs":true,"interaction":{"idSuffix":"I"}},"wdio_ui5_key":"applicationmanagepartners-display-component---masterPtm--smartFilterBar-filterItemControl_BASIC-MAIN_ADDRESS-valueHelpDialog-smartFilterBar-btnBasicSearch"}]}
RESULT: {"script":"<script> [1562 bytes]","args":[{"selector":{"id":"application-managepartners-display-component---masterPtm--smartFilterBar-filterItemControl_BASIC-MAIN_ADDRESS-valueHelpDialog-smartFilterBar-btnBasicSearch","searchOpenDialogs":true,"interaction":{"idSuffix":"I"}},"wdio_ui5_key":"applicationmanagepartners-display-component---masterPtm--smartFilterBar-filterItemControl_BASIC-MAIN_ADDRESS-valueHelpDialog-smartFilterBar-btnBasicSearch"}]}
RESULT: undefined
COMMAND: POST /session/ffff9f21ee28ff8e1d9aa34f42faee99/execute/async - {"script":"<script> [776 bytes]","args":[{"enterText":"Romania","selector":{"id":"application-managepartners-display-component---masterPtm--smartFilterBar-filterItemControl_BASIC-MAIN_ADDRESS-valueHelpDialog-smartFilterBar-btnBasicSearch","searchOpenDialogs":true,"interaction":{"idSuffix":"I"}},"clearTextFirst":true,"interactionType":"ENTER_TEXT"}]}
RESULT: {"script":"<script> [776 bytes]","args":[{"enterText":"Romania","selector":{"id":"application-managepartners-display-component---masterPtm--smartFilterBar-filterItemControl_BASIC-MAIN_ADDRESS-valueHelpDialog-smartFilterBar-btnBasicSearch","searchOpenDialogs":true,"interaction":{"idSuffix":"I"}},"clearTextFirst":true,"interactionType":"ENTER_TEXT"}]}
COMMAND: POST /session/ffff9f21ee28ff8e1d9aa34f42faee99/actions - {"actions":[{"id":"action18","type":"key","parameters":{},"actions":[{"type":"keyDown","value":"î€‡"},{"type":"pause","duration":10},{"type":"keyUp","value":"î€‡"}]}]}
RESULT: {"actions":[{"id":"action18","type":"key","parameters":{},"actions":[{"type":"keyDown","value":"î€‡"},{"type":"pause","duration":10},{"type":"keyUp","value":"î€‡"}]}]}
COMMAND: POST /session/ffff9f21ee28ff8e1d9aa34f42faee99/elements - {"using":"xpath","value":"//table[contains(@id, \"smartFilterBar-filterItemControl_BASIC-MAIN_ADDRESS-valueHelpDialog-table-table\")]/tbody/tr"}
COMMAND: GET /session/ffff9f21ee28ff8e1d9aa34f42faee99/screenshot - {}
RESULT: {"using":"xpath","value":"//table[contains(@id, \"smartFilterBar-filterItemControl_BASIC-MAIN_ADDRESS-valueHelpDialog-table-table\")]/tbody/tr"}
COMMAND: POST /session/ffff9f21ee28ff8e1d9aa34f42faee99/element - {"using":"xpath","value":"//table[contains(@id, \"smartFilterBar-filterItemControl_BASIC-MAIN_ADDRESS-valueHelpDialog-table-table\")]/tbody/tr[1]/td[1]/div/span"}
RESULT: {}
RESULT: {"using":"xpath","value":"//table[contains(@id, \"smartFilterBar-filterItemControl_BASIC-MAIN_ADDRESS-valueHelpDialog-table-table\")]/tbody/tr[1]/td[1]/div/span"}
COMMAND: POST /session/ffff9f21ee28ff8e1d9aa34f42faee99/elements - {"using":"xpath","value":"//table[contains(@id, \"smartFilterBar-filterItemControl_BASIC-MAIN_ADDRESS-valueHelpDialog-table-table\")]/tbody/tr[1]/td[1]/div/span"}
RESULT: {"using":"xpath","value":"//table[contains(@id, \"smartFilterBar-filterItemControl_BASIC-MAIN_ADDRESS-valueHelpDialog-table-table\")]/tbody/tr[1]/td[1]/div/span"}
COMMAND: POST /session/ffff9f21ee28ff8e1d9aa34f42faee99/execute/sync - {"script":"<script> [56 bytes]","args":[{"element-6066-11e4-a52e-4f735466cecf":"f.7E00EA53797DB7C0883B340D4376DD1B.d.4A03B67B2F51E6B490EE5B3932E4578C.e.6259","ELEMENT":"f.7E00EA53797DB7C0883B340D4376DD1B.d.4A03B67B2F51E6B490EE5B3932E4578C.e.6259"}]}
RESULT: {"script":"<script> [56 bytes]","args":[{"element-6066-11e4-a52e-4f735466cecf":"f.7E00EA53797DB7C0883B340D4376DD1B.d.4A03B67B2F51E6B490EE5B3932E4578C.e.6259","ELEMENT":"f.7E00EA53797DB7C0883B340D4376DD1B.d.4A03B67B2F51E6B490EE5B3932E4578C.e.6259"}]}
COMMAND: POST /session/ffff9f21ee28ff8e1d9aa34f42faee99/element - {"using":"xpath","value":"//div[contains(@id, \"filterItemControl_BASIC-MAIN_ADDRESS-valueHelpDialog-table-rowsel0\")]"}
COMMAND: GET /session/ffff9f21ee28ff8e1d9aa34f42faee99/screenshot - {}
RESULT: {"using":"xpath","value":"//div[contains(@id, \"filterItemControl_BASIC-MAIN_ADDRESS-valueHelpDialog-table-rowsel0\")]"}
COMMAND: POST /session/ffff9f21ee28ff8e1d9aa34f42faee99/element/f.7E00EA53797DB7C0883B340D4376DD1B.d.4A03B67B2F51E6B490EE5B3932E4578C.e.6260/click - {}
RESULT: {}
RESULT: {}
COMMAND: GET /session/ffff9f21ee28ff8e1d9aa34f42faee99/screenshot - {}
RESULT: {}
COMMAND: POST /session/ffff9f21ee28ff8e1d9aa34f42faee99/element - {"using":"xpath","value":"(//bdi[contains(text(), \"OK\")])[1]"}
RESULT: {"using":"xpath","value":"(//bdi[contains(text(), \"OK\")])[1]"}
COMMAND: POST /session/ffff9f21ee28ff8e1d9aa34f42faee99/element/f.7E00EA53797DB7C0883B340D4376DD1B.d.4A03B67B2F51E6B490EE5B3932E4578C.e.6262/click - {}
RESULT: {}
COMMAND: GET /session/ffff9f21ee28ff8e1d9aa34f42faee99/screenshot - {}
RESULT: {}
COMMAND: POST /session/ffff9f21ee28ff8e1d9aa34f42faee99/element - {"using":"xpath","value":"//span[@id=\"application-managepartners-display-component---masterPtm--smartTable-header-inner\"]"}
RESULT: {"using":"xpath","value":"//span[@id=\"application-managepartners-display-component---masterPtm--smartTable-header-inner\"]"}
COMMAND: POST /session/ffff9f21ee28ff8e1d9aa34f42faee99/elements - {"using":"xpath","value":"//span[@id=\"application-managepartners-display-component---masterPtm--smartTable-header-inner\"]"}
RESULT: {"using":"xpath","value":"//span[@id=\"application-managepartners-display-component---masterPtm--smartTable-header-inner\"]"}
COMMAND: POST /session/ffff9f21ee28ff8e1d9aa34f42faee99/execute/sync - {"script":"<script> [56 bytes]","args":[{"element-6066-11e4-a52e-4f735466cecf":"f.7E00EA53797DB7C0883B340D4376DD1B.d.4A03B67B2F51E6B490EE5B3932E4578C.e.6032","ELEMENT":"f.7E00EA53797DB7C0883B340D4376DD1B.d.4A03B67B2F51E6B490EE5B3932E4578C.e.6032"}]}
RESULT: {"script":"<script> [56 bytes]","args":[{"element-6066-11e4-a52e-4f735466cecf":"f.7E00EA53797DB7C0883B340D4376DD1B.d.4A03B67B2F51E6B490EE5B3932E4578C.e.6032","ELEMENT":"f.7E00EA53797DB7C0883B340D4376DD1B.d.4A03B67B2F51E6B490EE5B3932E4578C.e.6032"}]}
COMMAND: POST /session/ffff9f21ee28ff8e1d9aa34f42faee99/element - {"using":"xpath","value":"//span[contains(@title, \"Remove\")]"}
COMMAND: GET /session/ffff9f21ee28ff8e1d9aa34f42faee99/screenshot - {}
RESULT: {"using":"xpath","value":"//span[contains(@title, \"Remove\")]"}
COMMAND: POST /session/ffff9f21ee28ff8e1d9aa34f42faee99/element/f.7E00EA53797DB7C0883B340D4376DD1B.d.4A03B67B2F51E6B490EE5B3932E4578C.e.6275/click - {}
RESULT: {}
RESULT: {}
COMMAND: GET /session/ffff9f21ee28ff8e1d9aa34f42faee99/screenshot - {}
RESULT: {}
COMMAND: POST /session/ffff9f21ee28ff8e1d9aa34f42faee99/element - {"using":"xpath","value":"//span[@id=\"application-managepartners-display-component---masterPtm--smartTable-header-inner\"]"}
RESULT: {"using":"xpath","value":"//span[@id=\"application-managepartners-display-component---masterPtm--smartTable-header-inner\"]"}
COMMAND: POST /session/ffff9f21ee28ff8e1d9aa34f42faee99/elements - {"using":"xpath","value":"//span[@id=\"application-managepartners-display-component---masterPtm--smartTable-header-inner\"]"}
RESULT: {"using":"xpath","value":"//span[@id=\"application-managepartners-display-component---masterPtm--smartTable-header-inner\"]"}
COMMAND: POST /session/ffff9f21ee28ff8e1d9aa34f42faee99/execute/sync - {"script":"<script> [56 bytes]","args":[{"element-6066-11e4-a52e-4f735466cecf":"f.7E00EA53797DB7C0883B340D4376DD1B.d.4A03B67B2F51E6B490EE5B3932E4578C.e.6032","ELEMENT":"f.7E00EA53797DB7C0883B340D4376DD1B.d.4A03B67B2F51E6B490EE5B3932E4578C.e.6032"}]}
RESULT: {"script":"<script> [56 bytes]","args":[{"element-6066-11e4-a52e-4f735466cecf":"f.7E00EA53797DB7C0883B340D4376DD1B.d.4A03B67B2F51E6B490EE5B3932E4578C.e.6032","ELEMENT":"f.7E00EA53797DB7C0883B340D4376DD1B.d.4A03B67B2F51E6B490EE5B3932E4578C.e.6032"}]}
COMMAND: POST /session/ffff9f21ee28ff8e1d9aa34f42faee99/execute/async - {"script":"<script> [1562 bytes]","args":[{"selector":{"id":"application-managepartners-display-component---masterPtm--smartFilterBar-filterItemControl_BASIC-YARD-vhi"},"wdio_ui5_key":"applicationmanagepartners-display-component---masterPtm--smartFilterBar-filterItemControl_BASIC-YARD-vhi"}]}
COMMAND: GET /session/ffff9f21ee28ff8e1d9aa34f42faee99/screenshot - {}
RESULT: {"script":"<script> [1562 bytes]","args":[{"selector":{"id":"application-managepartners-display-component---masterPtm--smartFilterBar-filterItemControl_BASIC-YARD-vhi"},"wdio_ui5_key":"applicationmanagepartners-display-component---masterPtm--smartFilterBar-filterItemControl_BASIC-YARD-vhi"}]}
RESULT: undefined
COMMAND: POST /session/ffff9f21ee28ff8e1d9aa34f42faee99/element - {"using":"xpath","value":"//*[@id=\"application-managepartners-display-component---masterPtm--smartFilterBar-filterItemControl_BASIC-YARD-vhi\"]"}
RESULT: {}
RESULT: {"using":"xpath","value":"//*[@id=\"application-managepartners-display-component---masterPtm--smartFilterBar-filterItemControl_BASIC-YARD-vhi\"]"}
COMMAND: POST /session/ffff9f21ee28ff8e1d9aa34f42faee99/element/f.7E00EA53797DB7C0883B340D4376DD1B.d.4A03B67B2F51E6B490EE5B3932E4578C.e.6379/click - {}
RESULT: {}
COMMAND: GET /session/ffff9f21ee28ff8e1d9aa34f42faee99/screenshot - {}
RESULT: {}
COMMAND: POST /session/ffff9f21ee28ff8e1d9aa34f42faee99/execute/async - {"script":"<script> [1562 bytes]","args":[{"selector":{"id":"application-managepartners-display-component---masterPtm--smartFilterBar-filterItemControl_BASIC-YARD-valueHelpDialog-smartFilterBar-btnBasicSearch","searchOpenDialogs":true,"interaction":{"idSuffix":"I"}},"wdio_ui5_key":"applicationmanagepartners-display-component---masterPtm--smartFilterBar-filterItemControl_BASIC-YARD-valueHelpDialog-smartFilterBar-btnBasicSearch"}]}
RESULT: {"script":"<script> [1562 bytes]","args":[{"selector":{"id":"application-managepartners-display-component---masterPtm--smartFilterBar-filterItemControl_BASIC-YARD-valueHelpDialog-smartFilterBar-btnBasicSearch","searchOpenDialogs":true,"interaction":{"idSuffix":"I"}},"wdio_ui5_key":"applicationmanagepartners-display-component---masterPtm--smartFilterBar-filterItemControl_BASIC-YARD-valueHelpDialog-smartFilterBar-btnBasicSearch"}]}
RESULT: undefined
COMMAND: POST /session/ffff9f21ee28ff8e1d9aa34f42faee99/execute/async - {"script":"<script> [776 bytes]","args":[{"enterText":"Test","selector":{"id":"application-managepartners-display-component---masterPtm--smartFilterBar-filterItemControl_BASIC-YARD-valueHelpDialog-smartFilterBar-btnBasicSearch","searchOpenDialogs":true,"interaction":{"idSuffix":"I"}},"clearTextFirst":true,"interactionType":"ENTER_TEXT"}]}
RESULT: {"script":"<script> [776 bytes]","args":[{"enterText":"Test","selector":{"id":"application-managepartners-display-component---masterPtm--smartFilterBar-filterItemControl_BASIC-YARD-valueHelpDialog-smartFilterBar-btnBasicSearch","searchOpenDialogs":true,"interaction":{"idSuffix":"I"}},"clearTextFirst":true,"interactionType":"ENTER_TEXT"}]}
COMMAND: POST /session/ffff9f21ee28ff8e1d9aa34f42faee99/actions - {"actions":[{"id":"action19","type":"key","parameters":{},"actions":[{"type":"keyDown","value":"î€‡"},{"type":"pause","duration":10},{"type":"keyUp","value":"î€‡"}]}]}
RESULT: {"actions":[{"id":"action19","type":"key","parameters":{},"actions":[{"type":"keyDown","value":"î€‡"},{"type":"pause","duration":10},{"type":"keyUp","value":"î€‡"}]}]}
COMMAND: POST /session/ffff9f21ee28ff8e1d9aa34f42faee99/elements - {"using":"xpath","value":"//table[contains(@id, \"smartFilterBar-filterItemControl_BASIC-YARD-valueHelpDialog-table-table\")]/tbody/tr"}
COMMAND: GET /session/ffff9f21ee28ff8e1d9aa34f42faee99/screenshot - {}
RESULT: {"using":"xpath","value":"//table[contains(@id, \"smartFilterBar-filterItemControl_BASIC-YARD-valueHelpDialog-table-table\")]/tbody/tr"}
COMMAND: POST /session/ffff9f21ee28ff8e1d9aa34f42faee99/element - {"using":"xpath","value":"//table[contains(@id, \"smartFilterBar-filterItemControl_BASIC-YARD-valueHelpDialog-table-table\")]/tbody/tr[1]/td[1]/div/span"}
RESULT: {}
RESULT: {"using":"xpath","value":"//table[contains(@id, \"smartFilterBar-filterItemControl_BASIC-YARD-valueHelpDialog-table-table\")]/tbody/tr[1]/td[1]/div/span"}
COMMAND: POST /session/ffff9f21ee28ff8e1d9aa34f42faee99/elements - {"using":"xpath","value":"//table[contains(@id, \"smartFilterBar-filterItemControl_BASIC-YARD-valueHelpDialog-table-table\")]/tbody/tr[1]/td[1]/div/span"}
RESULT: {"using":"xpath","value":"//table[contains(@id, \"smartFilterBar-filterItemControl_BASIC-YARD-valueHelpDialog-table-table\")]/tbody/tr[1]/td[1]/div/span"}
COMMAND: POST /session/ffff9f21ee28ff8e1d9aa34f42faee99/execute/sync - {"script":"<script> [56 bytes]","args":[{"element-6066-11e4-a52e-4f735466cecf":"f.7E00EA53797DB7C0883B340D4376DD1B.d.4A03B67B2F51E6B490EE5B3932E4578C.e.6402","ELEMENT":"f.7E00EA53797DB7C0883B340D4376DD1B.d.4A03B67B2F51E6B490EE5B3932E4578C.e.6402"}]}
RESULT: {"script":"<script> [56 bytes]","args":[{"element-6066-11e4-a52e-4f735466cecf":"f.7E00EA53797DB7C0883B340D4376DD1B.d.4A03B67B2F51E6B490EE5B3932E4578C.e.6402","ELEMENT":"f.7E00EA53797DB7C0883B340D4376DD1B.d.4A03B67B2F51E6B490EE5B3932E4578C.e.6402"}]}
COMMAND: POST /session/ffff9f21ee28ff8e1d9aa34f42faee99/element - {"using":"xpath","value":"//table[contains(@id, \"smartFilterBar-filterItemControl_BASIC-YARD-valueHelpDialog-table-table\")]/tbody/tr[2]/td[1]/div/span"}
COMMAND: GET /session/ffff9f21ee28ff8e1d9aa34f42faee99/screenshot - {}
RESULT: {"using":"xpath","value":"//table[contains(@id, \"smartFilterBar-filterItemControl_BASIC-YARD-valueHelpDialog-table-table\")]/tbody/tr[2]/td[1]/div/span"}
COMMAND: POST /session/ffff9f21ee28ff8e1d9aa34f42faee99/elements - {"using":"xpath","value":"//table[contains(@id, \"smartFilterBar-filterItemControl_BASIC-YARD-valueHelpDialog-table-table\")]/tbody/tr[2]/td[1]/div/span"}
RESULT: {}
RESULT: {"using":"xpath","value":"//table[contains(@id, \"smartFilterBar-filterItemControl_BASIC-YARD-valueHelpDialog-table-table\")]/tbody/tr[2]/td[1]/div/span"}
COMMAND: POST /session/ffff9f21ee28ff8e1d9aa34f42faee99/execute/sync - {"script":"<script> [56 bytes]","args":[{"element-6066-11e4-a52e-4f735466cecf":"f.7E00EA53797DB7C0883B340D4376DD1B.d.4A03B67B2F51E6B490EE5B3932E4578C.e.6403","ELEMENT":"f.7E00EA53797DB7C0883B340D4376DD1B.d.4A03B67B2F51E6B490EE5B3932E4578C.e.6403"}]}
RESULT: {"script":"<script> [56 bytes]","args":[{"element-6066-11e4-a52e-4f735466cecf":"f.7E00EA53797DB7C0883B340D4376DD1B.d.4A03B67B2F51E6B490EE5B3932E4578C.e.6403","ELEMENT":"f.7E00EA53797DB7C0883B340D4376DD1B.d.4A03B67B2F51E6B490EE5B3932E4578C.e.6403"}]}
COMMAND: POST /session/ffff9f21ee28ff8e1d9aa34f42faee99/element - {"using":"xpath","value":"//table[contains(@id, \"smartFilterBar-filterItemControl_BASIC-YARD-valueHelpDialog-table-table\")]/tbody/tr[3]/td[1]/div/span"}
COMMAND: GET /session/ffff9f21ee28ff8e1d9aa34f42faee99/screenshot - {}
RESULT: {"using":"xpath","value":"//table[contains(@id, \"smartFilterBar-filterItemControl_BASIC-YARD-valueHelpDialog-table-table\")]/tbody/tr[3]/td[1]/div/span"}
COMMAND: POST /session/ffff9f21ee28ff8e1d9aa34f42faee99/elements - {"using":"xpath","value":"//table[contains(@id, \"smartFilterBar-filterItemControl_BASIC-YARD-valueHelpDialog-table-table\")]/tbody/tr[3]/td[1]/div/span"}
RESULT: {}
RESULT: {"using":"xpath","value":"//table[contains(@id, \"smartFilterBar-filterItemControl_BASIC-YARD-valueHelpDialog-table-table\")]/tbody/tr[3]/td[1]/div/span"}
COMMAND: POST /session/ffff9f21ee28ff8e1d9aa34f42faee99/execute/sync - {"script":"<script> [56 bytes]","args":[{"element-6066-11e4-a52e-4f735466cecf":"f.7E00EA53797DB7C0883B340D4376DD1B.d.4A03B67B2F51E6B490EE5B3932E4578C.e.6404","ELEMENT":"f.7E00EA53797DB7C0883B340D4376DD1B.d.4A03B67B2F51E6B490EE5B3932E4578C.e.6404"}]}
RESULT: {"script":"<script> [56 bytes]","args":[{"element-6066-11e4-a52e-4f735466cecf":"f.7E00EA53797DB7C0883B340D4376DD1B.d.4A03B67B2F51E6B490EE5B3932E4578C.e.6404","ELEMENT":"f.7E00EA53797DB7C0883B340D4376DD1B.d.4A03B67B2F51E6B490EE5B3932E4578C.e.6404"}]}
COMMAND: POST /session/ffff9f21ee28ff8e1d9aa34f42faee99/element - {"using":"xpath","value":"//div[contains(@id, \"filterItemControl_BASIC-YARD-valueHelpDialog-table-rowsel2\")]"}
COMMAND: GET /session/ffff9f21ee28ff8e1d9aa34f42faee99/screenshot - {}
RESULT: {"using":"xpath","value":"//div[contains(@id, \"filterItemControl_BASIC-YARD-valueHelpDialog-table-rowsel2\")]"}
COMMAND: POST /session/ffff9f21ee28ff8e1d9aa34f42faee99/element/f.7E00EA53797DB7C0883B340D4376DD1B.d.4A03B67B2F51E6B490EE5B3932E4578C.e.6405/click - {}
RESULT: {}
RESULT: {}
COMMAND: GET /session/ffff9f21ee28ff8e1d9aa34f42faee99/screenshot - {}
RESULT: {}
COMMAND: POST /session/ffff9f21ee28ff8e1d9aa34f42faee99/element - {"using":"xpath","value":"(//bdi[contains(text(), \"OK\")])[1]"}
RESULT: {"using":"xpath","value":"(//bdi[contains(text(), \"OK\")])[1]"}
COMMAND: POST /session/ffff9f21ee28ff8e1d9aa34f42faee99/element/f.7E00EA53797DB7C0883B340D4376DD1B.d.4A03B67B2F51E6B490EE5B3932E4578C.e.6407/click - {}
RESULT: {}
COMMAND: GET /session/ffff9f21ee28ff8e1d9aa34f42faee99/screenshot - {}
RESULT: {}
COMMAND: POST /session/ffff9f21ee28ff8e1d9aa34f42faee99/element - {"using":"xpath","value":"//span[@id=\"application-managepartners-display-component---masterPtm--smartTable-header-inner\"]"}
RESULT: {"using":"xpath","value":"//span[@id=\"application-managepartners-display-component---masterPtm--smartTable-header-inner\"]"}
COMMAND: POST /session/ffff9f21ee28ff8e1d9aa34f42faee99/elements - {"using":"xpath","value":"//span[@id=\"application-managepartners-display-component---masterPtm--smartTable-header-inner\"]"}
RESULT: {"using":"xpath","value":"//span[@id=\"application-managepartners-display-component---masterPtm--smartTable-header-inner\"]"}
COMMAND: POST /session/ffff9f21ee28ff8e1d9aa34f42faee99/execute/sync - {"script":"<script> [56 bytes]","args":[{"element-6066-11e4-a52e-4f735466cecf":"f.7E00EA53797DB7C0883B340D4376DD1B.d.4A03B67B2F51E6B490EE5B3932E4578C.e.6032","ELEMENT":"f.7E00EA53797DB7C0883B340D4376DD1B.d.4A03B67B2F51E6B490EE5B3932E4578C.e.6032"}]}
RESULT: {"script":"<script> [56 bytes]","args":[{"element-6066-11e4-a52e-4f735466cecf":"f.7E00EA53797DB7C0883B340D4376DD1B.d.4A03B67B2F51E6B490EE5B3932E4578C.e.6032","ELEMENT":"f.7E00EA53797DB7C0883B340D4376DD1B.d.4A03B67B2F51E6B490EE5B3932E4578C.e.6032"}]}
COMMAND: POST /session/ffff9f21ee28ff8e1d9aa34f42faee99/element - {"using":"xpath","value":"//span[contains(@title, \"Remove\")]"}
COMMAND: GET /session/ffff9f21ee28ff8e1d9aa34f42faee99/screenshot - {}
RESULT: {"using":"xpath","value":"//span[contains(@title, \"Remove\")]"}
COMMAND: POST /session/ffff9f21ee28ff8e1d9aa34f42faee99/element/f.7E00EA53797DB7C0883B340D4376DD1B.d.4A03B67B2F51E6B490EE5B3932E4578C.e.6420/click - {}
RESULT: {}
RESULT: {}
COMMAND: GET /session/ffff9f21ee28ff8e1d9aa34f42faee99/screenshot - {}
COMMAND: POST /session/ffff9f21ee28ff8e1d9aa34f42faee99/element - {"using":"xpath","value":"//span[@id=\"application-managepartners-display-component---masterPtm--smartTable-header-inner\"]"}
RESULT: {}
RESULT: {"using":"xpath","value":"//span[@id=\"application-managepartners-display-component---masterPtm--smartTable-header-inner\"]"}
COMMAND: POST /session/ffff9f21ee28ff8e1d9aa34f42faee99/elements - {"using":"xpath","value":"//span[@id=\"application-managepartners-display-component---masterPtm--smartTable-header-inner\"]"}
RESULT: {"using":"xpath","value":"//span[@id=\"application-managepartners-display-component---masterPtm--smartTable-header-inner\"]"}
COMMAND: POST /session/ffff9f21ee28ff8e1d9aa34f42faee99/execute/sync - {"script":"<script> [56 bytes]","args":[{"element-6066-11e4-a52e-4f735466cecf":"f.7E00EA53797DB7C0883B340D4376DD1B.d.4A03B67B2F51E6B490EE5B3932E4578C.e.6032","ELEMENT":"f.7E00EA53797DB7C0883B340D4376DD1B.d.4A03B67B2F51E6B490EE5B3932E4578C.e.6032"}]}
RESULT: {"script":"<script> [56 bytes]","args":[{"element-6066-11e4-a52e-4f735466cecf":"f.7E00EA53797DB7C0883B340D4376DD1B.d.4A03B67B2F51E6B490EE5B3932E4578C.e.6032","ELEMENT":"f.7E00EA53797DB7C0883B340D4376DD1B.d.4A03B67B2F51E6B490EE5B3932E4578C.e.6032"}]}
COMMAND: POST /session/ffff9f21ee28ff8e1d9aa34f42faee99/execute/async - {"script":"<script> [1562 bytes]","args":[{"selector":{"id":"application-managepartners-display-component---masterPtm--smartFilterBar-filterItemControl_BASIC-ALL_TAGS-vhi"},"wdio_ui5_key":"applicationmanagepartners-display-component---masterPtm--smartFilterBar-filterItemControl_BASIC-ALL_TAGS-vhi"}]}
COMMAND: GET /session/ffff9f21ee28ff8e1d9aa34f42faee99/screenshot - {}
RESULT: {"script":"<script> [1562 bytes]","args":[{"selector":{"id":"application-managepartners-display-component---masterPtm--smartFilterBar-filterItemControl_BASIC-ALL_TAGS-vhi"},"wdio_ui5_key":"applicationmanagepartners-display-component---masterPtm--smartFilterBar-filterItemControl_BASIC-ALL_TAGS-vhi"}]}
RESULT: undefined
COMMAND: POST /session/ffff9f21ee28ff8e1d9aa34f42faee99/element - {"using":"xpath","value":"//*[@id=\"application-managepartners-display-component---masterPtm--smartFilterBar-filterItemControl_BASIC-ALL_TAGS-vhi\"]"}
RESULT: {}
RESULT: {"using":"xpath","value":"//*[@id=\"application-managepartners-display-component---masterPtm--smartFilterBar-filterItemControl_BASIC-ALL_TAGS-vhi\"]"}
COMMAND: POST /session/ffff9f21ee28ff8e1d9aa34f42faee99/element/f.7E00EA53797DB7C0883B340D4376DD1B.d.4A03B67B2F51E6B490EE5B3932E4578C.e.6526/click - {}
RESULT: {}
COMMAND: GET /session/ffff9f21ee28ff8e1d9aa34f42faee99/screenshot - {}
RESULT: {}
COMMAND: POST /session/ffff9f21ee28ff8e1d9aa34f42faee99/execute/async - {"script":"<script> [1562 bytes]","args":[{"selector":{"id":"application-managepartners-display-component---masterPtm--smartFilterBar-filterItemControl_BASIC-ALL_TAGS-valueHelpDialog-smartFilterBar-btnBasicSearch","searchOpenDialogs":true,"interaction":{"idSuffix":"I"}},"wdio_ui5_key":"applicationmanagepartners-display-component---masterPtm--smartFilterBar-filterItemControl_BASIC-ALL_TAGS-valueHelpDialog-smartFilterBar-btnBasicSearch"}]}
RESULT: {"script":"<script> [1562 bytes]","args":[{"selector":{"id":"application-managepartners-display-component---masterPtm--smartFilterBar-filterItemControl_BASIC-ALL_TAGS-valueHelpDialog-smartFilterBar-btnBasicSearch","searchOpenDialogs":true,"interaction":{"idSuffix":"I"}},"wdio_ui5_key":"applicationmanagepartners-display-component---masterPtm--smartFilterBar-filterItemControl_BASIC-ALL_TAGS-valueHelpDialog-smartFilterBar-btnBasicSearch"}]}
RESULT: undefined
COMMAND: POST /session/ffff9f21ee28ff8e1d9aa34f42faee99/execute/async - {"script":"<script> [776 bytes]","args":[{"enterText":"test-tag-1","selector":{"id":"application-managepartners-display-component---masterPtm--smartFilterBar-filterItemControl_BASIC-ALL_TAGS-valueHelpDialog-smartFilterBar-btnBasicSearch","searchOpenDialogs":true,"interaction":{"idSuffix":"I"}},"clearTextFirst":true,"interactionType":"ENTER_TEXT"}]}
RESULT: {"script":"<script> [776 bytes]","args":[{"enterText":"test-tag-1","selector":{"id":"application-managepartners-display-component---masterPtm--smartFilterBar-filterItemControl_BASIC-ALL_TAGS-valueHelpDialog-smartFilterBar-btnBasicSearch","searchOpenDialogs":true,"interaction":{"idSuffix":"I"}},"clearTextFirst":true,"interactionType":"ENTER_TEXT"}]}
COMMAND: POST /session/ffff9f21ee28ff8e1d9aa34f42faee99/actions - {"actions":[{"id":"action20","type":"key","parameters":{},"actions":[{"type":"keyDown","value":"î€‡"},{"type":"pause","duration":10},{"type":"keyUp","value":"î€‡"}]}]}
RESULT: {"actions":[{"id":"action20","type":"key","parameters":{},"actions":[{"type":"keyDown","value":"î€‡"},{"type":"pause","duration":10},{"type":"keyUp","value":"î€‡"}]}]}
COMMAND: POST /session/ffff9f21ee28ff8e1d9aa34f42faee99/elements - {"using":"xpath","value":"//table[contains(@id, \"smartFilterBar-filterItemControl_BASIC-ALL_TAGS-valueHelpDialog-table-table\")]/tbody/tr"}
COMMAND: GET /session/ffff9f21ee28ff8e1d9aa34f42faee99/screenshot - {}
RESULT: {"using":"xpath","value":"//table[contains(@id, \"smartFilterBar-filterItemControl_BASIC-ALL_TAGS-valueHelpDialog-table-table\")]/tbody/tr"}
COMMAND: POST /session/ffff9f21ee28ff8e1d9aa34f42faee99/element - {"using":"xpath","value":"//table[contains(@id, \"smartFilterBar-filterItemControl_BASIC-ALL_TAGS-valueHelpDialog-table-table\")]/tbody/tr[1]/td[1]/div/span"}
RESULT: {}
RESULT: {"using":"xpath","value":"//table[contains(@id, \"smartFilterBar-filterItemControl_BASIC-ALL_TAGS-valueHelpDialog-table-table\")]/tbody/tr[1]/td[1]/div/span"}
COMMAND: POST /session/ffff9f21ee28ff8e1d9aa34f42faee99/elements - {"using":"xpath","value":"//table[contains(@id, \"smartFilterBar-filterItemControl_BASIC-ALL_TAGS-valueHelpDialog-table-table\")]/tbody/tr[1]/td[1]/div/span"}
RESULT: {"using":"xpath","value":"//table[contains(@id, \"smartFilterBar-filterItemControl_BASIC-ALL_TAGS-valueHelpDialog-table-table\")]/tbody/tr[1]/td[1]/div/span"}
COMMAND: POST /session/ffff9f21ee28ff8e1d9aa34f42faee99/execute/sync - {"script":"<script> [56 bytes]","args":[{"element-6066-11e4-a52e-4f735466cecf":"f.7E00EA53797DB7C0883B340D4376DD1B.d.4A03B67B2F51E6B490EE5B3932E4578C.e.6546","ELEMENT":"f.7E00EA53797DB7C0883B340D4376DD1B.d.4A03B67B2F51E6B490EE5B3932E4578C.e.6546"}]}
RESULT: {"script":"<script> [56 bytes]","args":[{"element-6066-11e4-a52e-4f735466cecf":"f.7E00EA53797DB7C0883B340D4376DD1B.d.4A03B67B2F51E6B490EE5B3932E4578C.e.6546","ELEMENT":"f.7E00EA53797DB7C0883B340D4376DD1B.d.4A03B67B2F51E6B490EE5B3932E4578C.e.6546"}]}
COMMAND: POST /session/ffff9f21ee28ff8e1d9aa34f42faee99/element - {"using":"xpath","value":"//div[contains(@id, \"filterItemControl_BASIC-ALL_TAGS-valueHelpDialog-table-rowsel0\")]"}
COMMAND: GET /session/ffff9f21ee28ff8e1d9aa34f42faee99/screenshot - {}
RESULT: {"using":"xpath","value":"//div[contains(@id, \"filterItemControl_BASIC-ALL_TAGS-valueHelpDialog-table-rowsel0\")]"}
COMMAND: POST /session/ffff9f21ee28ff8e1d9aa34f42faee99/element/f.7E00EA53797DB7C0883B340D4376DD1B.d.4A03B67B2F51E6B490EE5B3932E4578C.e.6547/click - {}
RESULT: {}
RESULT: {}
COMMAND: GET /session/ffff9f21ee28ff8e1d9aa34f42faee99/screenshot - {}
RESULT: {}
COMMAND: POST /session/ffff9f21ee28ff8e1d9aa34f42faee99/element - {"using":"xpath","value":"(//bdi[contains(text(), \"OK\")])[1]"}
RESULT: {"using":"xpath","value":"(//bdi[contains(text(), \"OK\")])[1]"}
COMMAND: POST /session/ffff9f21ee28ff8e1d9aa34f42faee99/element/f.7E00EA53797DB7C0883B340D4376DD1B.d.4A03B67B2F51E6B490EE5B3932E4578C.e.6549/click - {}
RESULT: {}
COMMAND: GET /session/ffff9f21ee28ff8e1d9aa34f42faee99/screenshot - {}
RESULT: {}
COMMAND: POST /session/ffff9f21ee28ff8e1d9aa34f42faee99/element - {"using":"xpath","value":"//span[@id=\"application-managepartners-display-component---masterPtm--smartTable-header-inner\"]"}
RESULT: {"using":"xpath","value":"//span[@id=\"application-managepartners-display-component---masterPtm--smartTable-header-inner\"]"}
COMMAND: POST /session/ffff9f21ee28ff8e1d9aa34f42faee99/elements - {"using":"xpath","value":"//span[@id=\"application-managepartners-display-component---masterPtm--smartTable-header-inner\"]"}
RESULT: {"using":"xpath","value":"//span[@id=\"application-managepartners-display-component---masterPtm--smartTable-header-inner\"]"}
COMMAND: POST /session/ffff9f21ee28ff8e1d9aa34f42faee99/execute/sync - {"script":"<script> [56 bytes]","args":[{"element-6066-11e4-a52e-4f735466cecf":"f.7E00EA53797DB7C0883B340D4376DD1B.d.4A03B67B2F51E6B490EE5B3932E4578C.e.6032","ELEMENT":"f.7E00EA53797DB7C0883B340D4376DD1B.d.4A03B67B2F51E6B490EE5B3932E4578C.e.6032"}]}
RESULT: {"script":"<script> [56 bytes]","args":[{"element-6066-11e4-a52e-4f735466cecf":"f.7E00EA53797DB7C0883B340D4376DD1B.d.4A03B67B2F51E6B490EE5B3932E4578C.e.6032","ELEMENT":"f.7E00EA53797DB7C0883B340D4376DD1B.d.4A03B67B2F51E6B490EE5B3932E4578C.e.6032"}]}
COMMAND: POST /session/ffff9f21ee28ff8e1d9aa34f42faee99/element - {"using":"xpath","value":"//span[contains(@title, \"Remove\")]"}
COMMAND: GET /session/ffff9f21ee28ff8e1d9aa34f42faee99/screenshot - {}
RESULT: {"using":"xpath","value":"//span[contains(@title, \"Remove\")]"}
COMMAND: POST /session/ffff9f21ee28ff8e1d9aa34f42faee99/element/f.7E00EA53797DB7C0883B340D4376DD1B.d.4A03B67B2F51E6B490EE5B3932E4578C.e.6571/click - {}
RESULT: {}
RESULT: {}
COMMAND: GET /session/ffff9f21ee28ff8e1d9aa34f42faee99/screenshot - {}
RESULT: {}
COMMAND: POST /session/ffff9f21ee28ff8e1d9aa34f42faee99/execute/async - {"script":"<script> [1562 bytes]","args":[{"selector":{"id":"application-managepartners-display-component---masterPtm--partnerTypes-arrow"},"wdio_ui5_key":"applicationmanagepartners-display-component---masterPtm--partnerTypes-arrow"}]}
RESULT: {"script":"<script> [1562 bytes]","args":[{"selector":{"id":"application-managepartners-display-component---masterPtm--partnerTypes-arrow"},"wdio_ui5_key":"applicationmanagepartners-display-component---masterPtm--partnerTypes-arrow"}]}
RESULT: undefined
COMMAND: POST /session/ffff9f21ee28ff8e1d9aa34f42faee99/element - {"using":"xpath","value":"//*[@id=\"application-managepartners-display-component---masterPtm--partnerTypes-arrow\"]"}
RESULT: {"using":"xpath","value":"//*[@id=\"application-managepartners-display-component---masterPtm--partnerTypes-arrow\"]"}
COMMAND: POST /session/ffff9f21ee28ff8e1d9aa34f42faee99/element/f.7E00EA53797DB7C0883B340D4376DD1B.d.4A03B67B2F51E6B490EE5B3932E4578C.e.6673/click - {}
RESULT: {}
COMMAND: GET /session/ffff9f21ee28ff8e1d9aa34f42faee99/screenshot - {}
RESULT: {}
COMMAND: POST /session/ffff9f21ee28ff8e1d9aa34f42faee99/element - {"using":"xpath","value":"//li[.//span[text()=\"External partner\"]]//div[contains(@class,\"sapMCbBg\")]"}
RESULT: {"using":"xpath","value":"//li[.//span[text()=\"External partner\"]]//div[contains(@class,\"sapMCbBg\")]"}
COMMAND: POST /session/ffff9f21ee28ff8e1d9aa34f42faee99/element/f.7E00EA53797DB7C0883B340D4376DD1B.d.4A03B67B2F51E6B490EE5B3932E4578C.e.6678/click - {}
RESULT: {}
COMMAND: GET /session/ffff9f21ee28ff8e1d9aa34f42faee99/screenshot - {}
RESULT: {}
COMMAND: POST /session/ffff9f21ee28ff8e1d9aa34f42faee99/element - {"using":"xpath","value":"//span[@id=\"application-managepartners-display-component---masterPtm--smartTable-header-inner\"]"}
RESULT: {"using":"xpath","value":"//span[@id=\"application-managepartners-display-component---masterPtm--smartTable-header-inner\"]"}
COMMAND: POST /session/ffff9f21ee28ff8e1d9aa34f42faee99/elements - {"using":"xpath","value":"//span[@id=\"application-managepartners-display-component---masterPtm--smartTable-header-inner\"]"}
RESULT: {"using":"xpath","value":"//span[@id=\"application-managepartners-display-component---masterPtm--smartTable-header-inner\"]"}
COMMAND: POST /session/ffff9f21ee28ff8e1d9aa34f42faee99/execute/sync - {"script":"<script> [56 bytes]","args":[{"element-6066-11e4-a52e-4f735466cecf":"f.7E00EA53797DB7C0883B340D4376DD1B.d.4A03B67B2F51E6B490EE5B3932E4578C.e.6032","ELEMENT":"f.7E00EA53797DB7C0883B340D4376DD1B.d.4A03B67B2F51E6B490EE5B3932E4578C.e.6032"}]}
RESULT: {"script":"<script> [56 bytes]","args":[{"element-6066-11e4-a52e-4f735466cecf":"f.7E00EA53797DB7C0883B340D4376DD1B.d.4A03B67B2F51E6B490EE5B3932E4578C.e.6032","ELEMENT":"f.7E00EA53797DB7C0883B340D4376DD1B.d.4A03B67B2F51E6B490EE5B3932E4578C.e.6032"}]}
COMMAND: POST /session/ffff9f21ee28ff8e1d9aa34f42faee99/element - {"using":"xpath","value":"//span[contains(@title, \"Remove\")]"}
COMMAND: GET /session/ffff9f21ee28ff8e1d9aa34f42faee99/screenshot - {}
RESULT: {"using":"xpath","value":"//span[contains(@title, \"Remove\")]"}
COMMAND: POST /session/ffff9f21ee28ff8e1d9aa34f42faee99/element/f.7E00EA53797DB7C0883B340D4376DD1B.d.4A03B67B2F51E6B490EE5B3932E4578C.e.6767/click - {}
RESULT: {}
RESULT: {}
COMMAND: GET /session/ffff9f21ee28ff8e1d9aa34f42faee99/screenshot - {}
RESULT: {}
COMMAND: POST /session/ffff9f21ee28ff8e1d9aa34f42faee99/execute/async - {"script":"<script> [1562 bytes]","args":[{"selector":{"id":"application-managepartners-display-component---masterPtm--smartFilterBar-btnFilters","interaction":{"idSuffix":"BDI-content"}},"wdio_ui5_key":"applicationmanagepartners-display-component---masterPtm--smartFilterBar-btnFilters"}]}
RESULT: {"script":"<script> [1562 bytes]","args":[{"selector":{"id":"application-managepartners-display-component---masterPtm--smartFilterBar-btnFilters","interaction":{"idSuffix":"BDI-content"}},"wdio_ui5_key":"applicationmanagepartners-display-component---masterPtm--smartFilterBar-btnFilters"}]}
RESULT: undefined
COMMAND: POST /session/ffff9f21ee28ff8e1d9aa34f42faee99/element - {"using":"xpath","value":"//*[@id=\"application-managepartners-display-component---masterPtm--smartFilterBar-btnFilters\"]"}
RESULT: {"using":"xpath","value":"//*[@id=\"application-managepartners-display-component---masterPtm--smartFilterBar-btnFilters\"]"}
COMMAND: POST /session/ffff9f21ee28ff8e1d9aa34f42faee99/element/f.7E00EA53797DB7C0883B340D4376DD1B.d.4A03B67B2F51E6B490EE5B3932E4578C.e.5870/click - {}
RESULT: {}
COMMAND: GET /session/ffff9f21ee28ff8e1d9aa34f42faee99/screenshot - {}
RESULT: {}
COMMAND: POST /session/ffff9f21ee28ff8e1d9aa34f42faee99/elements - {"using":"xpath","value":"//table[contains(@id, \"listView-innerSelectionPanelTable-listUl\")]/tbody/tr"}
RESULT: {"using":"xpath","value":"//table[contains(@id, \"listView-innerSelectionPanelTable-listUl\")]/tbody/tr"}
COMMAND: POST /session/ffff9f21ee28ff8e1d9aa34f42faee99/element - {"using":"xpath","value":"//table[contains(@id, \"listView-innerSelectionPanelTable-listUl\")]/tbody/tr[2]/td[2]/div/div"}
RESULT: {"using":"xpath","value":"//table[contains(@id, \"listView-innerSelectionPanelTable-listUl\")]/tbody/tr[2]/td[2]/div/div"}
COMMAND: POST /session/ffff9f21ee28ff8e1d9aa34f42faee99/element - {"using":"xpath","value":"//table[contains(@id, \"listView-innerSelectionPanelTable-listUl\")]/tbody/tr[2]/td[2]/div"}
RESULT: {"using":"xpath","value":"//table[contains(@id, \"listView-innerSelectionPanelTable-listUl\")]/tbody/tr[2]/td[2]/div"}
COMMAND: POST /session/ffff9f21ee28ff8e1d9aa34f42faee99/element - {"using":"xpath","value":"//table[contains(@id, \"listView-innerSelectionPanelTable-listUl\")]/tbody/tr[2]/td[3]/div/div/span/span[1]/bdi"}
RESULT: {"using":"xpath","value":"//table[contains(@id, \"listView-innerSelectionPanelTable-listUl\")]/tbody/tr[2]/td[3]/div/div/span/span[1]/bdi"}
COMMAND: POST /session/ffff9f21ee28ff8e1d9aa34f42faee99/execute/sync - {"script":"<script> [56 bytes]","args":[{"element-6066-11e4-a52e-4f735466cecf":"f.7E00EA53797DB7C0883B340D4376DD1B.d.4A03B67B2F51E6B490EE5B3932E4578C.e.6884","ELEMENT":"f.7E00EA53797DB7C0883B340D4376DD1B.d.4A03B67B2F51E6B490EE5B3932E4578C.e.6884"}]}
RESULT: {"script":"<script> [56 bytes]","args":[{"element-6066-11e4-a52e-4f735466cecf":"f.7E00EA53797DB7C0883B340D4376DD1B.d.4A03B67B2F51E6B490EE5B3932E4578C.e.6884","ELEMENT":"f.7E00EA53797DB7C0883B340D4376DD1B.d.4A03B67B2F51E6B490EE5B3932E4578C.e.6884"}]}
COMMAND: GET /session/ffff9f21ee28ff8e1d9aa34f42faee99/element/f.7E00EA53797DB7C0883B340D4376DD1B.d.4A03B67B2F51E6B490EE5B3932E4578C.e.6883/attribute/aria-checked - {}
COMMAND: GET /session/ffff9f21ee28ff8e1d9aa34f42faee99/screenshot - {}
RESULT: {}
COMMAND: POST /session/ffff9f21ee28ff8e1d9aa34f42faee99/element - {"using":"xpath","value":"//table[contains(@id, \"listView-innerSelectionPanelTable-listUl\")]/tbody/tr[3]/td[2]/div/div"}
RESULT: {}
RESULT: {"using":"xpath","value":"//table[contains(@id, \"listView-innerSelectionPanelTable-listUl\")]/tbody/tr[3]/td[2]/div/div"}
COMMAND: POST /session/ffff9f21ee28ff8e1d9aa34f42faee99/element - {"using":"xpath","value":"//table[contains(@id, \"listView-innerSelectionPanelTable-listUl\")]/tbody/tr[3]/td[2]/div"}
RESULT: {"using":"xpath","value":"//table[contains(@id, \"listView-innerSelectionPanelTable-listUl\")]/tbody/tr[3]/td[2]/div"}
COMMAND: POST /session/ffff9f21ee28ff8e1d9aa34f42faee99/element - {"using":"xpath","value":"//table[contains(@id, \"listView-innerSelectionPanelTable-listUl\")]/tbody/tr[3]/td[3]/div/div/span/span[1]/bdi"}
RESULT: {"using":"xpath","value":"//table[contains(@id, \"listView-innerSelectionPanelTable-listUl\")]/tbody/tr[3]/td[3]/div/div/span/span[1]/bdi"}
COMMAND: POST /session/ffff9f21ee28ff8e1d9aa34f42faee99/execute/sync - {"script":"<script> [56 bytes]","args":[{"element-6066-11e4-a52e-4f735466cecf":"f.7E00EA53797DB7C0883B340D4376DD1B.d.4A03B67B2F51E6B490EE5B3932E4578C.e.6887","ELEMENT":"f.7E00EA53797DB7C0883B340D4376DD1B.d.4A03B67B2F51E6B490EE5B3932E4578C.e.6887"}]}
RESULT: {"script":"<script> [56 bytes]","args":[{"element-6066-11e4-a52e-4f735466cecf":"f.7E00EA53797DB7C0883B340D4376DD1B.d.4A03B67B2F51E6B490EE5B3932E4578C.e.6887","ELEMENT":"f.7E00EA53797DB7C0883B340D4376DD1B.d.4A03B67B2F51E6B490EE5B3932E4578C.e.6887"}]}
COMMAND: GET /session/ffff9f21ee28ff8e1d9aa34f42faee99/element/f.7E00EA53797DB7C0883B340D4376DD1B.d.4A03B67B2F51E6B490EE5B3932E4578C.e.6886/attribute/aria-checked - {}
COMMAND: GET /session/ffff9f21ee28ff8e1d9aa34f42faee99/screenshot - {}
RESULT: {}
COMMAND: POST /session/ffff9f21ee28ff8e1d9aa34f42faee99/element - {"using":"xpath","value":"//table[contains(@id, \"listView-innerSelectionPanelTable-listUl\")]/tbody/tr[4]/td[2]/div/div"}
RESULT: {}
RESULT: {"using":"xpath","value":"//table[contains(@id, \"listView-innerSelectionPanelTable-listUl\")]/tbody/tr[4]/td[2]/div/div"}
COMMAND: POST /session/ffff9f21ee28ff8e1d9aa34f42faee99/element - {"using":"xpath","value":"//table[contains(@id, \"listView-innerSelectionPanelTable-listUl\")]/tbody/tr[4]/td[2]/div"}
RESULT: {"using":"xpath","value":"//table[contains(@id, \"listView-innerSelectionPanelTable-listUl\")]/tbody/tr[4]/td[2]/div"}
COMMAND: POST /session/ffff9f21ee28ff8e1d9aa34f42faee99/element - {"using":"xpath","value":"//table[contains(@id, \"listView-innerSelectionPanelTable-listUl\")]/tbody/tr[4]/td[3]/div/div/span/span[1]/bdi"}
RESULT: {"using":"xpath","value":"//table[contains(@id, \"listView-innerSelectionPanelTable-listUl\")]/tbody/tr[4]/td[3]/div/div/span/span[1]/bdi"}
COMMAND: POST /session/ffff9f21ee28ff8e1d9aa34f42faee99/execute/sync - {"script":"<script> [56 bytes]","args":[{"element-6066-11e4-a52e-4f735466cecf":"f.7E00EA53797DB7C0883B340D4376DD1B.d.4A03B67B2F51E6B490EE5B3932E4578C.e.6890","ELEMENT":"f.7E00EA53797DB7C0883B340D4376DD1B.d.4A03B67B2F51E6B490EE5B3932E4578C.e.6890"}]}
RESULT: {"script":"<script> [56 bytes]","args":[{"element-6066-11e4-a52e-4f735466cecf":"f.7E00EA53797DB7C0883B340D4376DD1B.d.4A03B67B2F51E6B490EE5B3932E4578C.e.6890","ELEMENT":"f.7E00EA53797DB7C0883B340D4376DD1B.d.4A03B67B2F51E6B490EE5B3932E4578C.e.6890"}]}
COMMAND: GET /session/ffff9f21ee28ff8e1d9aa34f42faee99/element/f.7E00EA53797DB7C0883B340D4376DD1B.d.4A03B67B2F51E6B490EE5B3932E4578C.e.6889/attribute/aria-checked - {}
COMMAND: GET /session/ffff9f21ee28ff8e1d9aa34f42faee99/screenshot - {}
RESULT: {}
COMMAND: POST /session/ffff9f21ee28ff8e1d9aa34f42faee99/element - {"using":"xpath","value":"//table[contains(@id, \"listView-innerSelectionPanelTable-listUl\")]/tbody/tr[5]/td[2]/div/div"}
RESULT: {}
RESULT: {"using":"xpath","value":"//table[contains(@id, \"listView-innerSelectionPanelTable-listUl\")]/tbody/tr[5]/td[2]/div/div"}
COMMAND: POST /session/ffff9f21ee28ff8e1d9aa34f42faee99/element - {"using":"xpath","value":"//table[contains(@id, \"listView-innerSelectionPanelTable-listUl\")]/tbody/tr[5]/td[2]/div"}
RESULT: {"using":"xpath","value":"//table[contains(@id, \"listView-innerSelectionPanelTable-listUl\")]/tbody/tr[5]/td[2]/div"}
COMMAND: POST /session/ffff9f21ee28ff8e1d9aa34f42faee99/element - {"using":"xpath","value":"//table[contains(@id, \"listView-innerSelectionPanelTable-listUl\")]/tbody/tr[5]/td[3]/div/div/span/span[1]/bdi"}
RESULT: {"using":"xpath","value":"//table[contains(@id, \"listView-innerSelectionPanelTable-listUl\")]/tbody/tr[5]/td[3]/div/div/span/span[1]/bdi"}
COMMAND: POST /session/ffff9f21ee28ff8e1d9aa34f42faee99/execute/sync - {"script":"<script> [56 bytes]","args":[{"element-6066-11e4-a52e-4f735466cecf":"f.7E00EA53797DB7C0883B340D4376DD1B.d.4A03B67B2F51E6B490EE5B3932E4578C.e.6893","ELEMENT":"f.7E00EA53797DB7C0883B340D4376DD1B.d.4A03B67B2F51E6B490EE5B3932E4578C.e.6893"}]}
RESULT: {"script":"<script> [56 bytes]","args":[{"element-6066-11e4-a52e-4f735466cecf":"f.7E00EA53797DB7C0883B340D4376DD1B.d.4A03B67B2F51E6B490EE5B3932E4578C.e.6893","ELEMENT":"f.7E00EA53797DB7C0883B340D4376DD1B.d.4A03B67B2F51E6B490EE5B3932E4578C.e.6893"}]}
COMMAND: GET /session/ffff9f21ee28ff8e1d9aa34f42faee99/element/f.7E00EA53797DB7C0883B340D4376DD1B.d.4A03B67B2F51E6B490EE5B3932E4578C.e.6892/attribute/aria-checked - {}
COMMAND: GET /session/ffff9f21ee28ff8e1d9aa34f42faee99/screenshot - {}
RESULT: {}
COMMAND: POST /session/ffff9f21ee28ff8e1d9aa34f42faee99/element - {"using":"xpath","value":"//table[contains(@id, \"listView-innerSelectionPanelTable-listUl\")]/tbody/tr[6]/td[2]/div/div"}
RESULT: {}
RESULT: {"using":"xpath","value":"//table[contains(@id, \"listView-innerSelectionPanelTable-listUl\")]/tbody/tr[6]/td[2]/div/div"}
COMMAND: POST /session/ffff9f21ee28ff8e1d9aa34f42faee99/element - {"using":"xpath","value":"//table[contains(@id, \"listView-innerSelectionPanelTable-listUl\")]/tbody/tr[6]/td[2]/div"}
RESULT: {"using":"xpath","value":"//table[contains(@id, \"listView-innerSelectionPanelTable-listUl\")]/tbody/tr[6]/td[2]/div"}
COMMAND: POST /session/ffff9f21ee28ff8e1d9aa34f42faee99/element - {"using":"xpath","value":"//table[contains(@id, \"listView-innerSelectionPanelTable-listUl\")]/tbody/tr[6]/td[3]/div/div/span/span[1]/bdi"}
RESULT: {"using":"xpath","value":"//table[contains(@id, \"listView-innerSelectionPanelTable-listUl\")]/tbody/tr[6]/td[3]/div/div/span/span[1]/bdi"}
COMMAND: POST /session/ffff9f21ee28ff8e1d9aa34f42faee99/execute/sync - {"script":"<script> [56 bytes]","args":[{"element-6066-11e4-a52e-4f735466cecf":"f.7E00EA53797DB7C0883B340D4376DD1B.d.4A03B67B2F51E6B490EE5B3932E4578C.e.6896","ELEMENT":"f.7E00EA53797DB7C0883B340D4376DD1B.d.4A03B67B2F51E6B490EE5B3932E4578C.e.6896"}]}
RESULT: {"script":"<script> [56 bytes]","args":[{"element-6066-11e4-a52e-4f735466cecf":"f.7E00EA53797DB7C0883B340D4376DD1B.d.4A03B67B2F51E6B490EE5B3932E4578C.e.6896","ELEMENT":"f.7E00EA53797DB7C0883B340D4376DD1B.d.4A03B67B2F51E6B490EE5B3932E4578C.e.6896"}]}
COMMAND: GET /session/ffff9f21ee28ff8e1d9aa34f42faee99/element/f.7E00EA53797DB7C0883B340D4376DD1B.d.4A03B67B2F51E6B490EE5B3932E4578C.e.6895/attribute/aria-checked - {}
COMMAND: GET /session/ffff9f21ee28ff8e1d9aa34f42faee99/screenshot - {}
RESULT: {}
COMMAND: POST /session/ffff9f21ee28ff8e1d9aa34f42faee99/element - {"using":"xpath","value":"//table[contains(@id, \"listView-innerSelectionPanelTable-listUl\")]/tbody/tr[7]/td[2]/div/div"}
RESULT: {}
RESULT: {"using":"xpath","value":"//table[contains(@id, \"listView-innerSelectionPanelTable-listUl\")]/tbody/tr[7]/td[2]/div/div"}
COMMAND: POST /session/ffff9f21ee28ff8e1d9aa34f42faee99/element - {"using":"xpath","value":"//table[contains(@id, \"listView-innerSelectionPanelTable-listUl\")]/tbody/tr[7]/td[2]/div"}
RESULT: {"using":"xpath","value":"//table[contains(@id, \"listView-innerSelectionPanelTable-listUl\")]/tbody/tr[7]/td[2]/div"}
COMMAND: POST /session/ffff9f21ee28ff8e1d9aa34f42faee99/element - {"using":"xpath","value":"//table[contains(@id, \"listView-innerSelectionPanelTable-listUl\")]/tbody/tr[7]/td[3]/div/div/span/span[1]/bdi"}
RESULT: {"using":"xpath","value":"//table[contains(@id, \"listView-innerSelectionPanelTable-listUl\")]/tbody/tr[7]/td[3]/div/div/span/span[1]/bdi"}
COMMAND: POST /session/ffff9f21ee28ff8e1d9aa34f42faee99/execute/sync - {"script":"<script> [56 bytes]","args":[{"element-6066-11e4-a52e-4f735466cecf":"f.7E00EA53797DB7C0883B340D4376DD1B.d.4A03B67B2F51E6B490EE5B3932E4578C.e.6899","ELEMENT":"f.7E00EA53797DB7C0883B340D4376DD1B.d.4A03B67B2F51E6B490EE5B3932E4578C.e.6899"}]}
RESULT: {"script":"<script> [56 bytes]","args":[{"element-6066-11e4-a52e-4f735466cecf":"f.7E00EA53797DB7C0883B340D4376DD1B.d.4A03B67B2F51E6B490EE5B3932E4578C.e.6899","ELEMENT":"f.7E00EA53797DB7C0883B340D4376DD1B.d.4A03B67B2F51E6B490EE5B3932E4578C.e.6899"}]}
COMMAND: GET /session/ffff9f21ee28ff8e1d9aa34f42faee99/element/f.7E00EA53797DB7C0883B340D4376DD1B.d.4A03B67B2F51E6B490EE5B3932E4578C.e.6898/attribute/aria-checked - {}
COMMAND: GET /session/ffff9f21ee28ff8e1d9aa34f42faee99/screenshot - {}
RESULT: {}
COMMAND: POST /session/ffff9f21ee28ff8e1d9aa34f42faee99/element - {"using":"xpath","value":"//table[contains(@id, \"listView-innerSelectionPanelTable-listUl\")]/tbody/tr[8]/td[2]/div/div"}
RESULT: {}
RESULT: {"using":"xpath","value":"//table[contains(@id, \"listView-innerSelectionPanelTable-listUl\")]/tbody/tr[8]/td[2]/div/div"}
COMMAND: POST /session/ffff9f21ee28ff8e1d9aa34f42faee99/element - {"using":"xpath","value":"//table[contains(@id, \"listView-innerSelectionPanelTable-listUl\")]/tbody/tr[8]/td[2]/div"}
RESULT: {"using":"xpath","value":"//table[contains(@id, \"listView-innerSelectionPanelTable-listUl\")]/tbody/tr[8]/td[2]/div"}
COMMAND: POST /session/ffff9f21ee28ff8e1d9aa34f42faee99/element - {"using":"xpath","value":"//table[contains(@id, \"listView-innerSelectionPanelTable-listUl\")]/tbody/tr[8]/td[3]/div/div/span/span[1]/bdi"}
RESULT: {"using":"xpath","value":"//table[contains(@id, \"listView-innerSelectionPanelTable-listUl\")]/tbody/tr[8]/td[3]/div/div/span/span[1]/bdi"}
COMMAND: POST /session/ffff9f21ee28ff8e1d9aa34f42faee99/execute/sync - {"script":"<script> [56 bytes]","args":[{"element-6066-11e4-a52e-4f735466cecf":"f.7E00EA53797DB7C0883B340D4376DD1B.d.4A03B67B2F51E6B490EE5B3932E4578C.e.6902","ELEMENT":"f.7E00EA53797DB7C0883B340D4376DD1B.d.4A03B67B2F51E6B490EE5B3932E4578C.e.6902"}]}
RESULT: {"script":"<script> [56 bytes]","args":[{"element-6066-11e4-a52e-4f735466cecf":"f.7E00EA53797DB7C0883B340D4376DD1B.d.4A03B67B2F51E6B490EE5B3932E4578C.e.6902","ELEMENT":"f.7E00EA53797DB7C0883B340D4376DD1B.d.4A03B67B2F51E6B490EE5B3932E4578C.e.6902"}]}
COMMAND: GET /session/ffff9f21ee28ff8e1d9aa34f42faee99/element/f.7E00EA53797DB7C0883B340D4376DD1B.d.4A03B67B2F51E6B490EE5B3932E4578C.e.6901/attribute/aria-checked - {}
COMMAND: GET /session/ffff9f21ee28ff8e1d9aa34f42faee99/screenshot - {}
RESULT: {}
COMMAND: POST /session/ffff9f21ee28ff8e1d9aa34f42faee99/element - {"using":"xpath","value":"//table[contains(@id, \"listView-innerSelectionPanelTable-listUl\")]/tbody/tr[9]/td[2]/div/div"}
RESULT: {}
RESULT: {"using":"xpath","value":"//table[contains(@id, \"listView-innerSelectionPanelTable-listUl\")]/tbody/tr[9]/td[2]/div/div"}
COMMAND: POST /session/ffff9f21ee28ff8e1d9aa34f42faee99/element - {"using":"xpath","value":"//table[contains(@id, \"listView-innerSelectionPanelTable-listUl\")]/tbody/tr[9]/td[2]/div"}
RESULT: {"using":"xpath","value":"//table[contains(@id, \"listView-innerSelectionPanelTable-listUl\")]/tbody/tr[9]/td[2]/div"}
COMMAND: POST /session/ffff9f21ee28ff8e1d9aa34f42faee99/element - {"using":"xpath","value":"//table[contains(@id, \"listView-innerSelectionPanelTable-listUl\")]/tbody/tr[9]/td[3]/div/div/span/span[1]/bdi"}
RESULT: {"using":"xpath","value":"//table[contains(@id, \"listView-innerSelectionPanelTable-listUl\")]/tbody/tr[9]/td[3]/div/div/span/span[1]/bdi"}
COMMAND: POST /session/ffff9f21ee28ff8e1d9aa34f42faee99/execute/sync - {"script":"<script> [56 bytes]","args":[{"element-6066-11e4-a52e-4f735466cecf":"f.7E00EA53797DB7C0883B340D4376DD1B.d.4A03B67B2F51E6B490EE5B3932E4578C.e.6905","ELEMENT":"f.7E00EA53797DB7C0883B340D4376DD1B.d.4A03B67B2F51E6B490EE5B3932E4578C.e.6905"}]}
RESULT: {"script":"<script> [56 bytes]","args":[{"element-6066-11e4-a52e-4f735466cecf":"f.7E00EA53797DB7C0883B340D4376DD1B.d.4A03B67B2F51E6B490EE5B3932E4578C.e.6905","ELEMENT":"f.7E00EA53797DB7C0883B340D4376DD1B.d.4A03B67B2F51E6B490EE5B3932E4578C.e.6905"}]}
COMMAND: GET /session/ffff9f21ee28ff8e1d9aa34f42faee99/element/f.7E00EA53797DB7C0883B340D4376DD1B.d.4A03B67B2F51E6B490EE5B3932E4578C.e.6904/attribute/aria-checked - {}
COMMAND: GET /session/ffff9f21ee28ff8e1d9aa34f42faee99/screenshot - {}
RESULT: {}
COMMAND: POST /session/ffff9f21ee28ff8e1d9aa34f42faee99/element - {"using":"xpath","value":"//table[contains(@id, \"listView-innerSelectionPanelTable-listUl\")]/tbody/tr[10]/td[2]/div/div"}
RESULT: {}
RESULT: {"using":"xpath","value":"//table[contains(@id, \"listView-innerSelectionPanelTable-listUl\")]/tbody/tr[10]/td[2]/div/div"}
COMMAND: POST /session/ffff9f21ee28ff8e1d9aa34f42faee99/element - {"using":"xpath","value":"//table[contains(@id, \"listView-innerSelectionPanelTable-listUl\")]/tbody/tr[10]/td[2]/div"}
RESULT: {"using":"xpath","value":"//table[contains(@id, \"listView-innerSelectionPanelTable-listUl\")]/tbody/tr[10]/td[2]/div"}
COMMAND: POST /session/ffff9f21ee28ff8e1d9aa34f42faee99/element - {"using":"xpath","value":"//table[contains(@id, \"listView-innerSelectionPanelTable-listUl\")]/tbody/tr[10]/td[3]/div/div/span/span[1]/bdi"}
RESULT: {"using":"xpath","value":"//table[contains(@id, \"listView-innerSelectionPanelTable-listUl\")]/tbody/tr[10]/td[3]/div/div/span/span[1]/bdi"}
COMMAND: POST /session/ffff9f21ee28ff8e1d9aa34f42faee99/execute/sync - {"script":"<script> [56 bytes]","args":[{"element-6066-11e4-a52e-4f735466cecf":"f.7E00EA53797DB7C0883B340D4376DD1B.d.4A03B67B2F51E6B490EE5B3932E4578C.e.6908","ELEMENT":"f.7E00EA53797DB7C0883B340D4376DD1B.d.4A03B67B2F51E6B490EE5B3932E4578C.e.6908"}]}
RESULT: {"script":"<script> [56 bytes]","args":[{"element-6066-11e4-a52e-4f735466cecf":"f.7E00EA53797DB7C0883B340D4376DD1B.d.4A03B67B2F51E6B490EE5B3932E4578C.e.6908","ELEMENT":"f.7E00EA53797DB7C0883B340D4376DD1B.d.4A03B67B2F51E6B490EE5B3932E4578C.e.6908"}]}
COMMAND: GET /session/ffff9f21ee28ff8e1d9aa34f42faee99/element/f.7E00EA53797DB7C0883B340D4376DD1B.d.4A03B67B2F51E6B490EE5B3932E4578C.e.6907/attribute/aria-checked - {}
COMMAND: GET /session/ffff9f21ee28ff8e1d9aa34f42faee99/screenshot - {}
RESULT: {}
COMMAND: POST /session/ffff9f21ee28ff8e1d9aa34f42faee99/element - {"using":"xpath","value":"//table[contains(@id, \"listView-innerSelectionPanelTable-listUl\")]/tbody/tr[11]/td[2]/div/div"}
RESULT: {}
RESULT: {"using":"xpath","value":"//table[contains(@id, \"listView-innerSelectionPanelTable-listUl\")]/tbody/tr[11]/td[2]/div/div"}
COMMAND: POST /session/ffff9f21ee28ff8e1d9aa34f42faee99/element - {"using":"xpath","value":"//table[contains(@id, \"listView-innerSelectionPanelTable-listUl\")]/tbody/tr[11]/td[2]/div"}
RESULT: {"using":"xpath","value":"//table[contains(@id, \"listView-innerSelectionPanelTable-listUl\")]/tbody/tr[11]/td[2]/div"}
COMMAND: POST /session/ffff9f21ee28ff8e1d9aa34f42faee99/element - {"using":"xpath","value":"//table[contains(@id, \"listView-innerSelectionPanelTable-listUl\")]/tbody/tr[11]/td[3]/div/div/span/span[1]/bdi"}
RESULT: {"using":"xpath","value":"//table[contains(@id, \"listView-innerSelectionPanelTable-listUl\")]/tbody/tr[11]/td[3]/div/div/span/span[1]/bdi"}
COMMAND: POST /session/ffff9f21ee28ff8e1d9aa34f42faee99/execute/sync - {"script":"<script> [56 bytes]","args":[{"element-6066-11e4-a52e-4f735466cecf":"f.7E00EA53797DB7C0883B340D4376DD1B.d.4A03B67B2F51E6B490EE5B3932E4578C.e.6911","ELEMENT":"f.7E00EA53797DB7C0883B340D4376DD1B.d.4A03B67B2F51E6B490EE5B3932E4578C.e.6911"}]}
RESULT: {"script":"<script> [56 bytes]","args":[{"element-6066-11e4-a52e-4f735466cecf":"f.7E00EA53797DB7C0883B340D4376DD1B.d.4A03B67B2F51E6B490EE5B3932E4578C.e.6911","ELEMENT":"f.7E00EA53797DB7C0883B340D4376DD1B.d.4A03B67B2F51E6B490EE5B3932E4578C.e.6911"}]}
COMMAND: GET /session/ffff9f21ee28ff8e1d9aa34f42faee99/element/f.7E00EA53797DB7C0883B340D4376DD1B.d.4A03B67B2F51E6B490EE5B3932E4578C.e.6910/attribute/aria-checked - {}
COMMAND: GET /session/ffff9f21ee28ff8e1d9aa34f42faee99/screenshot - {}
RESULT: {}
COMMAND: POST /session/ffff9f21ee28ff8e1d9aa34f42faee99/element - {"using":"xpath","value":"//table[contains(@id, \"listView-innerSelectionPanelTable-listUl\")]/tbody/tr[12]/td[2]/div/div"}
RESULT: {}
RESULT: {"using":"xpath","value":"//table[contains(@id, \"listView-innerSelectionPanelTable-listUl\")]/tbody/tr[12]/td[2]/div/div"}
COMMAND: POST /session/ffff9f21ee28ff8e1d9aa34f42faee99/element - {"using":"xpath","value":"//table[contains(@id, \"listView-innerSelectionPanelTable-listUl\")]/tbody/tr[12]/td[2]/div"}
RESULT: {"using":"xpath","value":"//table[contains(@id, \"listView-innerSelectionPanelTable-listUl\")]/tbody/tr[12]/td[2]/div"}
COMMAND: POST /session/ffff9f21ee28ff8e1d9aa34f42faee99/element - {"using":"xpath","value":"//table[contains(@id, \"listView-innerSelectionPanelTable-listUl\")]/tbody/tr[12]/td[3]/div/div/span/span[1]/bdi"}
RESULT: {"using":"xpath","value":"//table[contains(@id, \"listView-innerSelectionPanelTable-listUl\")]/tbody/tr[12]/td[3]/div/div/span/span[1]/bdi"}
COMMAND: POST /session/ffff9f21ee28ff8e1d9aa34f42faee99/execute/sync - {"script":"<script> [56 bytes]","args":[{"element-6066-11e4-a52e-4f735466cecf":"f.7E00EA53797DB7C0883B340D4376DD1B.d.4A03B67B2F51E6B490EE5B3932E4578C.e.6914","ELEMENT":"f.7E00EA53797DB7C0883B340D4376DD1B.d.4A03B67B2F51E6B490EE5B3932E4578C.e.6914"}]}
RESULT: {"script":"<script> [56 bytes]","args":[{"element-6066-11e4-a52e-4f735466cecf":"f.7E00EA53797DB7C0883B340D4376DD1B.d.4A03B67B2F51E6B490EE5B3932E4578C.e.6914","ELEMENT":"f.7E00EA53797DB7C0883B340D4376DD1B.d.4A03B67B2F51E6B490EE5B3932E4578C.e.6914"}]}
COMMAND: GET /session/ffff9f21ee28ff8e1d9aa34f42faee99/element/f.7E00EA53797DB7C0883B340D4376DD1B.d.4A03B67B2F51E6B490EE5B3932E4578C.e.6913/attribute/aria-checked - {}
COMMAND: GET /session/ffff9f21ee28ff8e1d9aa34f42faee99/screenshot - {}
RESULT: {}
COMMAND: POST /session/ffff9f21ee28ff8e1d9aa34f42faee99/element - {"using":"xpath","value":"//table[contains(@id, \"listView-innerSelectionPanelTable-listUl\")]/tbody/tr[13]/td[2]/div/div"}
RESULT: {}
RESULT: {"using":"xpath","value":"//table[contains(@id, \"listView-innerSelectionPanelTable-listUl\")]/tbody/tr[13]/td[2]/div/div"}
COMMAND: POST /session/ffff9f21ee28ff8e1d9aa34f42faee99/element - {"using":"xpath","value":"//table[contains(@id, \"listView-innerSelectionPanelTable-listUl\")]/tbody/tr[13]/td[2]/div"}
RESULT: {"using":"xpath","value":"//table[contains(@id, \"listView-innerSelectionPanelTable-listUl\")]/tbody/tr[13]/td[2]/div"}
COMMAND: POST /session/ffff9f21ee28ff8e1d9aa34f42faee99/element - {"using":"xpath","value":"//table[contains(@id, \"listView-innerSelectionPanelTable-listUl\")]/tbody/tr[13]/td[3]/div/div/span/span[1]/bdi"}
RESULT: {"using":"xpath","value":"//table[contains(@id, \"listView-innerSelectionPanelTable-listUl\")]/tbody/tr[13]/td[3]/div/div/span/span[1]/bdi"}
COMMAND: POST /session/ffff9f21ee28ff8e1d9aa34f42faee99/execute/sync - {"script":"<script> [56 bytes]","args":[{"element-6066-11e4-a52e-4f735466cecf":"f.7E00EA53797DB7C0883B340D4376DD1B.d.4A03B67B2F51E6B490EE5B3932E4578C.e.6917","ELEMENT":"f.7E00EA53797DB7C0883B340D4376DD1B.d.4A03B67B2F51E6B490EE5B3932E4578C.e.6917"}]}
RESULT: {"script":"<script> [56 bytes]","args":[{"element-6066-11e4-a52e-4f735466cecf":"f.7E00EA53797DB7C0883B340D4376DD1B.d.4A03B67B2F51E6B490EE5B3932E4578C.e.6917","ELEMENT":"f.7E00EA53797DB7C0883B340D4376DD1B.d.4A03B67B2F51E6B490EE5B3932E4578C.e.6917"}]}
COMMAND: GET /session/ffff9f21ee28ff8e1d9aa34f42faee99/element/f.7E00EA53797DB7C0883B340D4376DD1B.d.4A03B67B2F51E6B490EE5B3932E4578C.e.6916/attribute/aria-checked - {}
COMMAND: GET /session/ffff9f21ee28ff8e1d9aa34f42faee99/screenshot - {}
RESULT: {}
COMMAND: POST /session/ffff9f21ee28ff8e1d9aa34f42faee99/element - {"using":"xpath","value":"//table[contains(@id, \"listView-innerSelectionPanelTable-listUl\")]/tbody/tr[14]/td[2]/div/div"}
COMMAND: POST /session/ffff9f21ee28ff8e1d9aa34f42faee99/element/f.7E00EA53797DB7C0883B340D4376DD1B.d.4A03B67B2F51E6B490EE5B3932E4578C.e.6915/click - {}
RESULT: {}
RESULT: {}
COMMAND: GET /session/ffff9f21ee28ff8e1d9aa34f42faee99/screenshot - {}
RESULT: {"using":"xpath","value":"//table[contains(@id, \"listView-innerSelectionPanelTable-listUl\")]/tbody/tr[14]/td[2]/div/div"}
COMMAND: POST /session/ffff9f21ee28ff8e1d9aa34f42faee99/element - {"using":"xpath","value":"//table[contains(@id, \"listView-innerSelectionPanelTable-listUl\")]/tbody/tr[14]/td[2]/div"}
RESULT: {}
RESULT: {"using":"xpath","value":"//table[contains(@id, \"listView-innerSelectionPanelTable-listUl\")]/tbody/tr[14]/td[2]/div"}
COMMAND: POST /session/ffff9f21ee28ff8e1d9aa34f42faee99/element - {"using":"xpath","value":"//table[contains(@id, \"listView-innerSelectionPanelTable-listUl\")]/tbody/tr[14]/td[3]/div/div/span/span[1]/bdi"}
RESULT: {"using":"xpath","value":"//table[contains(@id, \"listView-innerSelectionPanelTable-listUl\")]/tbody/tr[14]/td[3]/div/div/span/span[1]/bdi"}
COMMAND: POST /session/ffff9f21ee28ff8e1d9aa34f42faee99/execute/sync - {"script":"<script> [56 bytes]","args":[{"element-6066-11e4-a52e-4f735466cecf":"f.7E00EA53797DB7C0883B340D4376DD1B.d.4A03B67B2F51E6B490EE5B3932E4578C.e.6921","ELEMENT":"f.7E00EA53797DB7C0883B340D4376DD1B.d.4A03B67B2F51E6B490EE5B3932E4578C.e.6921"}]}
RESULT: {"script":"<script> [56 bytes]","args":[{"element-6066-11e4-a52e-4f735466cecf":"f.7E00EA53797DB7C0883B340D4376DD1B.d.4A03B67B2F51E6B490EE5B3932E4578C.e.6921","ELEMENT":"f.7E00EA53797DB7C0883B340D4376DD1B.d.4A03B67B2F51E6B490EE5B3932E4578C.e.6921"}]}
COMMAND: GET /session/ffff9f21ee28ff8e1d9aa34f42faee99/element/f.7E00EA53797DB7C0883B340D4376DD1B.d.4A03B67B2F51E6B490EE5B3932E4578C.e.6920/attribute/aria-checked - {}
COMMAND: GET /session/ffff9f21ee28ff8e1d9aa34f42faee99/screenshot - {}
RESULT: {}
COMMAND: POST /session/ffff9f21ee28ff8e1d9aa34f42faee99/element - {"using":"xpath","value":"//table[contains(@id, \"listView-innerSelectionPanelTable-listUl\")]/tbody/tr[15]/td[2]/div/div"}
RESULT: {}
RESULT: {"using":"xpath","value":"//table[contains(@id, \"listView-innerSelectionPanelTable-listUl\")]/tbody/tr[15]/td[2]/div/div"}
COMMAND: POST /session/ffff9f21ee28ff8e1d9aa34f42faee99/element - {"using":"xpath","value":"//table[contains(@id, \"listView-innerSelectionPanelTable-listUl\")]/tbody/tr[15]/td[2]/div"}
RESULT: {"using":"xpath","value":"//table[contains(@id, \"listView-innerSelectionPanelTable-listUl\")]/tbody/tr[15]/td[2]/div"}
COMMAND: POST /session/ffff9f21ee28ff8e1d9aa34f42faee99/element - {"using":"xpath","value":"//table[contains(@id, \"listView-innerSelectionPanelTable-listUl\")]/tbody/tr[15]/td[3]/div/div/span/span[1]/bdi"}
RESULT: {"using":"xpath","value":"//table[contains(@id, \"listView-innerSelectionPanelTable-listUl\")]/tbody/tr[15]/td[3]/div/div/span/span[1]/bdi"}
COMMAND: POST /session/ffff9f21ee28ff8e1d9aa34f42faee99/execute/sync - {"script":"<script> [56 bytes]","args":[{"element-6066-11e4-a52e-4f735466cecf":"f.7E00EA53797DB7C0883B340D4376DD1B.d.4A03B67B2F51E6B490EE5B3932E4578C.e.6924","ELEMENT":"f.7E00EA53797DB7C0883B340D4376DD1B.d.4A03B67B2F51E6B490EE5B3932E4578C.e.6924"}]}
RESULT: {"script":"<script> [56 bytes]","args":[{"element-6066-11e4-a52e-4f735466cecf":"f.7E00EA53797DB7C0883B340D4376DD1B.d.4A03B67B2F51E6B490EE5B3932E4578C.e.6924","ELEMENT":"f.7E00EA53797DB7C0883B340D4376DD1B.d.4A03B67B2F51E6B490EE5B3932E4578C.e.6924"}]}
COMMAND: GET /session/ffff9f21ee28ff8e1d9aa34f42faee99/element/f.7E00EA53797DB7C0883B340D4376DD1B.d.4A03B67B2F51E6B490EE5B3932E4578C.e.6923/attribute/aria-checked - {}
COMMAND: GET /session/ffff9f21ee28ff8e1d9aa34f42faee99/screenshot - {}
RESULT: {}
COMMAND: POST /session/ffff9f21ee28ff8e1d9aa34f42faee99/element - {"using":"xpath","value":"//table[contains(@id, \"listView-innerSelectionPanelTable-listUl\")]/tbody/tr[16]/td[2]/div/div"}
RESULT: {}
RESULT: {"using":"xpath","value":"//table[contains(@id, \"listView-innerSelectionPanelTable-listUl\")]/tbody/tr[16]/td[2]/div/div"}
COMMAND: POST /session/ffff9f21ee28ff8e1d9aa34f42faee99/element - {"using":"xpath","value":"//table[contains(@id, \"listView-innerSelectionPanelTable-listUl\")]/tbody/tr[16]/td[2]/div"}
RESULT: {"using":"xpath","value":"//table[contains(@id, \"listView-innerSelectionPanelTable-listUl\")]/tbody/tr[16]/td[2]/div"}
COMMAND: POST /session/ffff9f21ee28ff8e1d9aa34f42faee99/element - {"using":"xpath","value":"//table[contains(@id, \"listView-innerSelectionPanelTable-listUl\")]/tbody/tr[16]/td[3]/div/div/span/span[1]/bdi"}
RESULT: {"using":"xpath","value":"//table[contains(@id, \"listView-innerSelectionPanelTable-listUl\")]/tbody/tr[16]/td[3]/div/div/span/span[1]/bdi"}
COMMAND: POST /session/ffff9f21ee28ff8e1d9aa34f42faee99/execute/sync - {"script":"<script> [56 bytes]","args":[{"element-6066-11e4-a52e-4f735466cecf":"f.7E00EA53797DB7C0883B340D4376DD1B.d.4A03B67B2F51E6B490EE5B3932E4578C.e.6927","ELEMENT":"f.7E00EA53797DB7C0883B340D4376DD1B.d.4A03B67B2F51E6B490EE5B3932E4578C.e.6927"}]}
RESULT: {"script":"<script> [56 bytes]","args":[{"element-6066-11e4-a52e-4f735466cecf":"f.7E00EA53797DB7C0883B340D4376DD1B.d.4A03B67B2F51E6B490EE5B3932E4578C.e.6927","ELEMENT":"f.7E00EA53797DB7C0883B340D4376DD1B.d.4A03B67B2F51E6B490EE5B3932E4578C.e.6927"}]}
COMMAND: GET /session/ffff9f21ee28ff8e1d9aa34f42faee99/element/f.7E00EA53797DB7C0883B340D4376DD1B.d.4A03B67B2F51E6B490EE5B3932E4578C.e.6926/attribute/aria-checked - {}
COMMAND: GET /session/ffff9f21ee28ff8e1d9aa34f42faee99/screenshot - {}
RESULT: {}
COMMAND: POST /session/ffff9f21ee28ff8e1d9aa34f42faee99/element - {"using":"xpath","value":"//table[contains(@id, \"listView-innerSelectionPanelTable-listUl\")]/tbody/tr[17]/td[2]/div/div"}
RESULT: {}
RESULT: {"using":"xpath","value":"//table[contains(@id, \"listView-innerSelectionPanelTable-listUl\")]/tbody/tr[17]/td[2]/div/div"}
COMMAND: POST /session/ffff9f21ee28ff8e1d9aa34f42faee99/element - {"using":"xpath","value":"//table[contains(@id, \"listView-innerSelectionPanelTable-listUl\")]/tbody/tr[17]/td[2]/div"}
RESULT: {"using":"xpath","value":"//table[contains(@id, \"listView-innerSelectionPanelTable-listUl\")]/tbody/tr[17]/td[2]/div"}
COMMAND: POST /session/ffff9f21ee28ff8e1d9aa34f42faee99/element - {"using":"xpath","value":"//table[contains(@id, \"listView-innerSelectionPanelTable-listUl\")]/tbody/tr[17]/td[3]/div/div/span/span[1]/bdi"}
RESULT: {"using":"xpath","value":"//table[contains(@id, \"listView-innerSelectionPanelTable-listUl\")]/tbody/tr[17]/td[3]/div/div/span/span[1]/bdi"}
COMMAND: POST /session/ffff9f21ee28ff8e1d9aa34f42faee99/execute/sync - {"script":"<script> [56 bytes]","args":[{"element-6066-11e4-a52e-4f735466cecf":"f.7E00EA53797DB7C0883B340D4376DD1B.d.4A03B67B2F51E6B490EE5B3932E4578C.e.6930","ELEMENT":"f.7E00EA53797DB7C0883B340D4376DD1B.d.4A03B67B2F51E6B490EE5B3932E4578C.e.6930"}]}
RESULT: {"script":"<script> [56 bytes]","args":[{"element-6066-11e4-a52e-4f735466cecf":"f.7E00EA53797DB7C0883B340D4376DD1B.d.4A03B67B2F51E6B490EE5B3932E4578C.e.6930","ELEMENT":"f.7E00EA53797DB7C0883B340D4376DD1B.d.4A03B67B2F51E6B490EE5B3932E4578C.e.6930"}]}
COMMAND: GET /session/ffff9f21ee28ff8e1d9aa34f42faee99/element/f.7E00EA53797DB7C0883B340D4376DD1B.d.4A03B67B2F51E6B490EE5B3932E4578C.e.6929/attribute/aria-checked - {}
COMMAND: GET /session/ffff9f21ee28ff8e1d9aa34f42faee99/screenshot - {}
RESULT: {}
COMMAND: POST /session/ffff9f21ee28ff8e1d9aa34f42faee99/element - {"using":"xpath","value":"//table[contains(@id, \"listView-innerSelectionPanelTable-listUl\")]/tbody/tr[18]/td[2]/div/div"}
RESULT: {}
RESULT: {"using":"xpath","value":"//table[contains(@id, \"listView-innerSelectionPanelTable-listUl\")]/tbody/tr[18]/td[2]/div/div"}
COMMAND: POST /session/ffff9f21ee28ff8e1d9aa34f42faee99/element - {"using":"xpath","value":"//table[contains(@id, \"listView-innerSelectionPanelTable-listUl\")]/tbody/tr[18]/td[2]/div"}
RESULT: {"using":"xpath","value":"//table[contains(@id, \"listView-innerSelectionPanelTable-listUl\")]/tbody/tr[18]/td[2]/div"}
COMMAND: POST /session/ffff9f21ee28ff8e1d9aa34f42faee99/element - {"using":"xpath","value":"//table[contains(@id, \"listView-innerSelectionPanelTable-listUl\")]/tbody/tr[18]/td[3]/div/div/span/span[1]/bdi"}
RESULT: {"using":"xpath","value":"//table[contains(@id, \"listView-innerSelectionPanelTable-listUl\")]/tbody/tr[18]/td[3]/div/div/span/span[1]/bdi"}
COMMAND: POST /session/ffff9f21ee28ff8e1d9aa34f42faee99/execute/sync - {"script":"<script> [56 bytes]","args":[{"element-6066-11e4-a52e-4f735466cecf":"f.7E00EA53797DB7C0883B340D4376DD1B.d.4A03B67B2F51E6B490EE5B3932E4578C.e.6933","ELEMENT":"f.7E00EA53797DB7C0883B340D4376DD1B.d.4A03B67B2F51E6B490EE5B3932E4578C.e.6933"}]}
RESULT: {"script":"<script> [56 bytes]","args":[{"element-6066-11e4-a52e-4f735466cecf":"f.7E00EA53797DB7C0883B340D4376DD1B.d.4A03B67B2F51E6B490EE5B3932E4578C.e.6933","ELEMENT":"f.7E00EA53797DB7C0883B340D4376DD1B.d.4A03B67B2F51E6B490EE5B3932E4578C.e.6933"}]}
COMMAND: GET /session/ffff9f21ee28ff8e1d9aa34f42faee99/element/f.7E00EA53797DB7C0883B340D4376DD1B.d.4A03B67B2F51E6B490EE5B3932E4578C.e.6932/attribute/aria-checked - {}
COMMAND: GET /session/ffff9f21ee28ff8e1d9aa34f42faee99/screenshot - {}
RESULT: {}
COMMAND: POST /session/ffff9f21ee28ff8e1d9aa34f42faee99/element - {"using":"xpath","value":"//table[contains(@id, \"listView-innerSelectionPanelTable-listUl\")]/tbody/tr[19]/td[2]/div/div"}
RESULT: {}
RESULT: {"using":"xpath","value":"//table[contains(@id, \"listView-innerSelectionPanelTable-listUl\")]/tbody/tr[19]/td[2]/div/div"}
COMMAND: POST /session/ffff9f21ee28ff8e1d9aa34f42faee99/element - {"using":"xpath","value":"//table[contains(@id, \"listView-innerSelectionPanelTable-listUl\")]/tbody/tr[19]/td[2]/div"}
RESULT: {"using":"xpath","value":"//table[contains(@id, \"listView-innerSelectionPanelTable-listUl\")]/tbody/tr[19]/td[2]/div"}
COMMAND: POST /session/ffff9f21ee28ff8e1d9aa34f42faee99/element - {"using":"xpath","value":"//table[contains(@id, \"listView-innerSelectionPanelTable-listUl\")]/tbody/tr[19]/td[3]/div/div/span/span[1]/bdi"}
RESULT: {"using":"xpath","value":"//table[contains(@id, \"listView-innerSelectionPanelTable-listUl\")]/tbody/tr[19]/td[3]/div/div/span/span[1]/bdi"}
COMMAND: POST /session/ffff9f21ee28ff8e1d9aa34f42faee99/execute/sync - {"script":"<script> [56 bytes]","args":[{"element-6066-11e4-a52e-4f735466cecf":"f.7E00EA53797DB7C0883B340D4376DD1B.d.4A03B67B2F51E6B490EE5B3932E4578C.e.6936","ELEMENT":"f.7E00EA53797DB7C0883B340D4376DD1B.d.4A03B67B2F51E6B490EE5B3932E4578C.e.6936"}]}
RESULT: {"script":"<script> [56 bytes]","args":[{"element-6066-11e4-a52e-4f735466cecf":"f.7E00EA53797DB7C0883B340D4376DD1B.d.4A03B67B2F51E6B490EE5B3932E4578C.e.6936","ELEMENT":"f.7E00EA53797DB7C0883B340D4376DD1B.d.4A03B67B2F51E6B490EE5B3932E4578C.e.6936"}]}
COMMAND: GET /session/ffff9f21ee28ff8e1d9aa34f42faee99/element/f.7E00EA53797DB7C0883B340D4376DD1B.d.4A03B67B2F51E6B490EE5B3932E4578C.e.6935/attribute/aria-checked - {}
COMMAND: GET /session/ffff9f21ee28ff8e1d9aa34f42faee99/screenshot - {}
RESULT: {}
COMMAND: POST /session/ffff9f21ee28ff8e1d9aa34f42faee99/element - {"using":"xpath","value":"//table[contains(@id, \"listView-innerSelectionPanelTable-listUl\")]/tbody/tr[20]/td[2]/div/div"}
RESULT: {}
RESULT: {"using":"xpath","value":"//table[contains(@id, \"listView-innerSelectionPanelTable-listUl\")]/tbody/tr[20]/td[2]/div/div"}
COMMAND: POST /session/ffff9f21ee28ff8e1d9aa34f42faee99/element - {"using":"xpath","value":"//table[contains(@id, \"listView-innerSelectionPanelTable-listUl\")]/tbody/tr[20]/td[2]/div"}
RESULT: {"using":"xpath","value":"//table[contains(@id, \"listView-innerSelectionPanelTable-listUl\")]/tbody/tr[20]/td[2]/div"}
COMMAND: POST /session/ffff9f21ee28ff8e1d9aa34f42faee99/element - {"using":"xpath","value":"//table[contains(@id, \"listView-innerSelectionPanelTable-listUl\")]/tbody/tr[20]/td[3]/div/div/span/span[1]/bdi"}
RESULT: {"using":"xpath","value":"//table[contains(@id, \"listView-innerSelectionPanelTable-listUl\")]/tbody/tr[20]/td[3]/div/div/span/span[1]/bdi"}
COMMAND: POST /session/ffff9f21ee28ff8e1d9aa34f42faee99/execute/sync - {"script":"<script> [56 bytes]","args":[{"element-6066-11e4-a52e-4f735466cecf":"f.7E00EA53797DB7C0883B340D4376DD1B.d.4A03B67B2F51E6B490EE5B3932E4578C.e.6939","ELEMENT":"f.7E00EA53797DB7C0883B340D4376DD1B.d.4A03B67B2F51E6B490EE5B3932E4578C.e.6939"}]}
RESULT: {"script":"<script> [56 bytes]","args":[{"element-6066-11e4-a52e-4f735466cecf":"f.7E00EA53797DB7C0883B340D4376DD1B.d.4A03B67B2F51E6B490EE5B3932E4578C.e.6939","ELEMENT":"f.7E00EA53797DB7C0883B340D4376DD1B.d.4A03B67B2F51E6B490EE5B3932E4578C.e.6939"}]}
COMMAND: GET /session/ffff9f21ee28ff8e1d9aa34f42faee99/element/f.7E00EA53797DB7C0883B340D4376DD1B.d.4A03B67B2F51E6B490EE5B3932E4578C.e.6938/attribute/aria-checked - {}
COMMAND: GET /session/ffff9f21ee28ff8e1d9aa34f42faee99/screenshot - {}
RESULT: {}
COMMAND: POST /session/ffff9f21ee28ff8e1d9aa34f42faee99/element - {"using":"xpath","value":"//table[contains(@id, \"listView-innerSelectionPanelTable-listUl\")]/tbody/tr[21]/td[2]/div/div"}
RESULT: {}
RESULT: {"using":"xpath","value":"//table[contains(@id, \"listView-innerSelectionPanelTable-listUl\")]/tbody/tr[21]/td[2]/div/div"}
COMMAND: POST /session/ffff9f21ee28ff8e1d9aa34f42faee99/element - {"using":"xpath","value":"//table[contains(@id, \"listView-innerSelectionPanelTable-listUl\")]/tbody/tr[21]/td[2]/div"}
RESULT: {"using":"xpath","value":"//table[contains(@id, \"listView-innerSelectionPanelTable-listUl\")]/tbody/tr[21]/td[2]/div"}
COMMAND: POST /session/ffff9f21ee28ff8e1d9aa34f42faee99/element - {"using":"xpath","value":"//table[contains(@id, \"listView-innerSelectionPanelTable-listUl\")]/tbody/tr[21]/td[3]/div/div/span/span[1]/bdi"}
RESULT: {"using":"xpath","value":"//table[contains(@id, \"listView-innerSelectionPanelTable-listUl\")]/tbody/tr[21]/td[3]/div/div/span/span[1]/bdi"}
COMMAND: POST /session/ffff9f21ee28ff8e1d9aa34f42faee99/execute/sync - {"script":"<script> [56 bytes]","args":[{"element-6066-11e4-a52e-4f735466cecf":"f.7E00EA53797DB7C0883B340D4376DD1B.d.4A03B67B2F51E6B490EE5B3932E4578C.e.6942","ELEMENT":"f.7E00EA53797DB7C0883B340D4376DD1B.d.4A03B67B2F51E6B490EE5B3932E4578C.e.6942"}]}
RESULT: {"script":"<script> [56 bytes]","args":[{"element-6066-11e4-a52e-4f735466cecf":"f.7E00EA53797DB7C0883B340D4376DD1B.d.4A03B67B2F51E6B490EE5B3932E4578C.e.6942","ELEMENT":"f.7E00EA53797DB7C0883B340D4376DD1B.d.4A03B67B2F51E6B490EE5B3932E4578C.e.6942"}]}
COMMAND: GET /session/ffff9f21ee28ff8e1d9aa34f42faee99/element/f.7E00EA53797DB7C0883B340D4376DD1B.d.4A03B67B2F51E6B490EE5B3932E4578C.e.6941/attribute/aria-checked - {}
COMMAND: GET /session/ffff9f21ee28ff8e1d9aa34f42faee99/screenshot - {}
RESULT: {}
COMMAND: POST /session/ffff9f21ee28ff8e1d9aa34f42faee99/element - {"using":"xpath","value":"//table[contains(@id, \"listView-innerSelectionPanelTable-listUl\")]/tbody/tr[22]/td[2]/div/div"}
RESULT: {}
RESULT: {"using":"xpath","value":"//table[contains(@id, \"listView-innerSelectionPanelTable-listUl\")]/tbody/tr[22]/td[2]/div/div"}
COMMAND: POST /session/ffff9f21ee28ff8e1d9aa34f42faee99/element - {"using":"xpath","value":"//table[contains(@id, \"listView-innerSelectionPanelTable-listUl\")]/tbody/tr[22]/td[2]/div"}
RESULT: {"using":"xpath","value":"//table[contains(@id, \"listView-innerSelectionPanelTable-listUl\")]/tbody/tr[22]/td[2]/div"}
COMMAND: POST /session/ffff9f21ee28ff8e1d9aa34f42faee99/element - {"using":"xpath","value":"//table[contains(@id, \"listView-innerSelectionPanelTable-listUl\")]/tbody/tr[22]/td[3]/div/div/span/span[1]/bdi"}
RESULT: {"using":"xpath","value":"//table[contains(@id, \"listView-innerSelectionPanelTable-listUl\")]/tbody/tr[22]/td[3]/div/div/span/span[1]/bdi"}
COMMAND: POST /session/ffff9f21ee28ff8e1d9aa34f42faee99/execute/sync - {"script":"<script> [56 bytes]","args":[{"element-6066-11e4-a52e-4f735466cecf":"f.7E00EA53797DB7C0883B340D4376DD1B.d.4A03B67B2F51E6B490EE5B3932E4578C.e.6945","ELEMENT":"f.7E00EA53797DB7C0883B340D4376DD1B.d.4A03B67B2F51E6B490EE5B3932E4578C.e.6945"}]}
RESULT: {"script":"<script> [56 bytes]","args":[{"element-6066-11e4-a52e-4f735466cecf":"f.7E00EA53797DB7C0883B340D4376DD1B.d.4A03B67B2F51E6B490EE5B3932E4578C.e.6945","ELEMENT":"f.7E00EA53797DB7C0883B340D4376DD1B.d.4A03B67B2F51E6B490EE5B3932E4578C.e.6945"}]}
COMMAND: GET /session/ffff9f21ee28ff8e1d9aa34f42faee99/element/f.7E00EA53797DB7C0883B340D4376DD1B.d.4A03B67B2F51E6B490EE5B3932E4578C.e.6944/attribute/aria-checked - {}
COMMAND: GET /session/ffff9f21ee28ff8e1d9aa34f42faee99/screenshot - {}
RESULT: {}
COMMAND: POST /session/ffff9f21ee28ff8e1d9aa34f42faee99/element - {"using":"xpath","value":"//table[contains(@id, \"listView-innerSelectionPanelTable-listUl\")]/tbody/tr[23]/td[2]/div/div"}
RESULT: {}
RESULT: {"using":"xpath","value":"//table[contains(@id, \"listView-innerSelectionPanelTable-listUl\")]/tbody/tr[23]/td[2]/div/div"}
COMMAND: POST /session/ffff9f21ee28ff8e1d9aa34f42faee99/element - {"using":"xpath","value":"//table[contains(@id, \"listView-innerSelectionPanelTable-listUl\")]/tbody/tr[23]/td[2]/div"}
RESULT: {"using":"xpath","value":"//table[contains(@id, \"listView-innerSelectionPanelTable-listUl\")]/tbody/tr[23]/td[2]/div"}
COMMAND: POST /session/ffff9f21ee28ff8e1d9aa34f42faee99/element - {"using":"xpath","value":"//table[contains(@id, \"listView-innerSelectionPanelTable-listUl\")]/tbody/tr[23]/td[3]/div/div/span/span[1]/bdi"}
RESULT: {"using":"xpath","value":"//table[contains(@id, \"listView-innerSelectionPanelTable-listUl\")]/tbody/tr[23]/td[3]/div/div/span/span[1]/bdi"}
COMMAND: POST /session/ffff9f21ee28ff8e1d9aa34f42faee99/execute/sync - {"script":"<script> [56 bytes]","args":[{"element-6066-11e4-a52e-4f735466cecf":"f.7E00EA53797DB7C0883B340D4376DD1B.d.4A03B67B2F51E6B490EE5B3932E4578C.e.6948","ELEMENT":"f.7E00EA53797DB7C0883B340D4376DD1B.d.4A03B67B2F51E6B490EE5B3932E4578C.e.6948"}]}
RESULT: {"script":"<script> [56 bytes]","args":[{"element-6066-11e4-a52e-4f735466cecf":"f.7E00EA53797DB7C0883B340D4376DD1B.d.4A03B67B2F51E6B490EE5B3932E4578C.e.6948","ELEMENT":"f.7E00EA53797DB7C0883B340D4376DD1B.d.4A03B67B2F51E6B490EE5B3932E4578C.e.6948"}]}
COMMAND: GET /session/ffff9f21ee28ff8e1d9aa34f42faee99/element/f.7E00EA53797DB7C0883B340D4376DD1B.d.4A03B67B2F51E6B490EE5B3932E4578C.e.6947/attribute/aria-checked - {}
COMMAND: GET /session/ffff9f21ee28ff8e1d9aa34f42faee99/screenshot - {}
RESULT: {}
COMMAND: POST /session/ffff9f21ee28ff8e1d9aa34f42faee99/element - {"using":"xpath","value":"//table[contains(@id, \"listView-innerSelectionPanelTable-listUl\")]/tbody/tr[24]/td[2]/div/div"}
RESULT: {}
RESULT: {"using":"xpath","value":"//table[contains(@id, \"listView-innerSelectionPanelTable-listUl\")]/tbody/tr[24]/td[2]/div/div"}
COMMAND: POST /session/ffff9f21ee28ff8e1d9aa34f42faee99/element - {"using":"xpath","value":"//table[contains(@id, \"listView-innerSelectionPanelTable-listUl\")]/tbody/tr[24]/td[2]/div"}
RESULT: {"using":"xpath","value":"//table[contains(@id, \"listView-innerSelectionPanelTable-listUl\")]/tbody/tr[24]/td[2]/div"}
COMMAND: POST /session/ffff9f21ee28ff8e1d9aa34f42faee99/element - {"using":"xpath","value":"//table[contains(@id, \"listView-innerSelectionPanelTable-listUl\")]/tbody/tr[24]/td[3]/div/div/span/span[1]/bdi"}
RESULT: {"using":"xpath","value":"//table[contains(@id, \"listView-innerSelectionPanelTable-listUl\")]/tbody/tr[24]/td[3]/div/div/span/span[1]/bdi"}
COMMAND: POST /session/ffff9f21ee28ff8e1d9aa34f42faee99/execute/sync - {"script":"<script> [56 bytes]","args":[{"element-6066-11e4-a52e-4f735466cecf":"f.7E00EA53797DB7C0883B340D4376DD1B.d.4A03B67B2F51E6B490EE5B3932E4578C.e.6951","ELEMENT":"f.7E00EA53797DB7C0883B340D4376DD1B.d.4A03B67B2F51E6B490EE5B3932E4578C.e.6951"}]}
RESULT: {"script":"<script> [56 bytes]","args":[{"element-6066-11e4-a52e-4f735466cecf":"f.7E00EA53797DB7C0883B340D4376DD1B.d.4A03B67B2F51E6B490EE5B3932E4578C.e.6951","ELEMENT":"f.7E00EA53797DB7C0883B340D4376DD1B.d.4A03B67B2F51E6B490EE5B3932E4578C.e.6951"}]}
COMMAND: GET /session/ffff9f21ee28ff8e1d9aa34f42faee99/element/f.7E00EA53797DB7C0883B340D4376DD1B.d.4A03B67B2F51E6B490EE5B3932E4578C.e.6950/attribute/aria-checked - {}
COMMAND: GET /session/ffff9f21ee28ff8e1d9aa34f42faee99/screenshot - {}
RESULT: {}
COMMAND: POST /session/ffff9f21ee28ff8e1d9aa34f42faee99/element - {"using":"xpath","value":"//table[contains(@id, \"listView-innerSelectionPanelTable-listUl\")]/tbody/tr[25]/td[2]/div/div"}
RESULT: {}
RESULT: {"using":"xpath","value":"//table[contains(@id, \"listView-innerSelectionPanelTable-listUl\")]/tbody/tr[25]/td[2]/div/div"}
COMMAND: POST /session/ffff9f21ee28ff8e1d9aa34f42faee99/element - {"using":"xpath","value":"//table[contains(@id, \"listView-innerSelectionPanelTable-listUl\")]/tbody/tr[25]/td[2]/div"}
RESULT: {"using":"xpath","value":"//table[contains(@id, \"listView-innerSelectionPanelTable-listUl\")]/tbody/tr[25]/td[2]/div"}
COMMAND: POST /session/ffff9f21ee28ff8e1d9aa34f42faee99/element - {"using":"xpath","value":"//table[contains(@id, \"listView-innerSelectionPanelTable-listUl\")]/tbody/tr[25]/td[3]/div/div/span/span[1]/bdi"}
RESULT: {"using":"xpath","value":"//table[contains(@id, \"listView-innerSelectionPanelTable-listUl\")]/tbody/tr[25]/td[3]/div/div/span/span[1]/bdi"}
COMMAND: POST /session/ffff9f21ee28ff8e1d9aa34f42faee99/execute/sync - {"script":"<script> [56 bytes]","args":[{"element-6066-11e4-a52e-4f735466cecf":"f.7E00EA53797DB7C0883B340D4376DD1B.d.4A03B67B2F51E6B490EE5B3932E4578C.e.6954","ELEMENT":"f.7E00EA53797DB7C0883B340D4376DD1B.d.4A03B67B2F51E6B490EE5B3932E4578C.e.6954"}]}
RESULT: {"script":"<script> [56 bytes]","args":[{"element-6066-11e4-a52e-4f735466cecf":"f.7E00EA53797DB7C0883B340D4376DD1B.d.4A03B67B2F51E6B490EE5B3932E4578C.e.6954","ELEMENT":"f.7E00EA53797DB7C0883B340D4376DD1B.d.4A03B67B2F51E6B490EE5B3932E4578C.e.6954"}]}
COMMAND: GET /session/ffff9f21ee28ff8e1d9aa34f42faee99/element/f.7E00EA53797DB7C0883B340D4376DD1B.d.4A03B67B2F51E6B490EE5B3932E4578C.e.6953/attribute/aria-checked - {}
COMMAND: GET /session/ffff9f21ee28ff8e1d9aa34f42faee99/screenshot - {}
RESULT: {}
COMMAND: POST /session/ffff9f21ee28ff8e1d9aa34f42faee99/element - {"using":"xpath","value":"//bdi[contains(text(), \"OK\")]"}
RESULT: {}
RESULT: {"using":"xpath","value":"//bdi[contains(text(), \"OK\")]"}
COMMAND: POST /session/ffff9f21ee28ff8e1d9aa34f42faee99/element/f.7E00EA53797DB7C0883B340D4376DD1B.d.4A03B67B2F51E6B490EE5B3932E4578C.e.6955/click - {}
RESULT: {}
COMMAND: GET /session/ffff9f21ee28ff8e1d9aa34f42faee99/screenshot - {}
RESULT: {}
COMMAND: POST /session/ffff9f21ee28ff8e1d9aa34f42faee99/execute/async - {"script":"<script> [1562 bytes]","args":[{"selector":{"id":"application-managepartners-display-component---masterPtm--smartFilterBar-filterItemControlA_-LINK_TO_ADDRESSES_MAIN.CITY1-vhi"},"wdio_ui5_key":"applicationmanagepartners-display-component---masterPtm--smartFilterBar-filterItemControlA_-LINK_TO_ADDRESSES_MAIN.CITY1-vhi"}]}
RESULT: {"script":"<script> [1562 bytes]","args":[{"selector":{"id":"application-managepartners-display-component---masterPtm--smartFilterBar-filterItemControlA_-LINK_TO_ADDRESSES_MAIN.CITY1-vhi"},"wdio_ui5_key":"applicationmanagepartners-display-component---masterPtm--smartFilterBar-filterItemControlA_-LINK_TO_ADDRESSES_MAIN.CITY1-vhi"}]}
RESULT: undefined
COMMAND: POST /session/ffff9f21ee28ff8e1d9aa34f42faee99/element - {"using":"xpath","value":"//*[@id=\"application-managepartners-display-component---masterPtm--smartFilterBar-filterItemControlA_-LINK_TO_ADDRESSES_MAIN.CITY1-vhi\"]"}
RESULT: {"using":"xpath","value":"//*[@id=\"application-managepartners-display-component---masterPtm--smartFilterBar-filterItemControlA_-LINK_TO_ADDRESSES_MAIN.CITY1-vhi\"]"}
COMMAND: POST /session/ffff9f21ee28ff8e1d9aa34f42faee99/element/f.7E00EA53797DB7C0883B340D4376DD1B.d.4A03B67B2F51E6B490EE5B3932E4578C.e.6969/click - {}
RESULT: {}
COMMAND: GET /session/ffff9f21ee28ff8e1d9aa34f42faee99/screenshot - {}
RESULT: {}
COMMAND: POST /session/ffff9f21ee28ff8e1d9aa34f42faee99/execute/async - {"script":"<script> [1562 bytes]","args":[{"selector":{"controlType":"sap.m.Input","viewName":"etm.portal.ui.managepartners.view.Master","viewId":"application-managepartners-display-component---masterPtm","properties":{"valueState":"None"},"searchOpenDialogs":true,"interaction":{"idSuffix":"inner"}},"wdio_ui5_key":"etmportal.ui.managepartners.view.Mastersap.m.Input{\"valueState\":\"None\"}"}]}
RESULT: {"script":"<script> [1562 bytes]","args":[{"selector":{"controlType":"sap.m.Input","viewName":"etm.portal.ui.managepartners.view.Master","viewId":"application-managepartners-display-component---masterPtm","properties":{"valueState":"None"},"searchOpenDialogs":true,"interaction":{"idSuffix":"inner"}},"wdio_ui5_key":"etmportal.ui.managepartners.view.Mastersap.m.Input{\"valueState\":\"None\"}"}]}
RESULT: undefined
COMMAND: POST /session/ffff9f21ee28ff8e1d9aa34f42faee99/execute/async - {"script":"<script> [776 bytes]","args":[{"enterText":"Bangalore","selector":{"controlType":"sap.m.Input","viewName":"etm.portal.ui.managepartners.view.Master","viewId":"application-managepartners-display-component---masterPtm","properties":{"valueState":"None"},"searchOpenDialogs":true,"interaction":{"idSuffix":"inner"}},"clearTextFirst":true,"interactionType":"ENTER_TEXT"}]}
RESULT: {"script":"<script> [776 bytes]","args":[{"enterText":"Bangalore","selector":{"controlType":"sap.m.Input","viewName":"etm.portal.ui.managepartners.view.Master","viewId":"application-managepartners-display-component---masterPtm","properties":{"valueState":"None"},"searchOpenDialogs":true,"interaction":{"idSuffix":"inner"}},"clearTextFirst":true,"interactionType":"ENTER_TEXT"}]}
COMMAND: POST /session/ffff9f21ee28ff8e1d9aa34f42faee99/actions - {"actions":[{"id":"action21","type":"key","parameters":{},"actions":[{"type":"keyDown","value":"î€‡"},{"type":"pause","duration":10},{"type":"keyUp","value":"î€‡"}]}]}
RESULT: {"actions":[{"id":"action21","type":"key","parameters":{},"actions":[{"type":"keyDown","value":"î€‡"},{"type":"pause","duration":10},{"type":"keyUp","value":"î€‡"}]}]}
COMMAND: GET /session/ffff9f21ee28ff8e1d9aa34f42faee99/screenshot - {}
RESULT: {}
COMMAND: POST /session/ffff9f21ee28ff8e1d9aa34f42faee99/element - {"using":"xpath","value":"(//bdi[contains(text(), \"OK\")])[1]"}
RESULT: {"using":"xpath","value":"(//bdi[contains(text(), \"OK\")])[1]"}
COMMAND: POST /session/ffff9f21ee28ff8e1d9aa34f42faee99/element/f.7E00EA53797DB7C0883B340D4376DD1B.d.4A03B67B2F51E6B490EE5B3932E4578C.e.6975/click - {}
RESULT: {}
COMMAND: GET /session/ffff9f21ee28ff8e1d9aa34f42faee99/screenshot - {}
RESULT: {}
COMMAND: POST /session/ffff9f21ee28ff8e1d9aa34f42faee99/element - {"using":"xpath","value":"//span[@id=\"application-managepartners-display-component---masterPtm--smartTable-header-inner\"]"}
RESULT: {"using":"xpath","value":"//span[@id=\"application-managepartners-display-component---masterPtm--smartTable-header-inner\"]"}
COMMAND: POST /session/ffff9f21ee28ff8e1d9aa34f42faee99/elements - {"using":"xpath","value":"//span[@id=\"application-managepartners-display-component---masterPtm--smartTable-header-inner\"]"}
RESULT: {"using":"xpath","value":"//span[@id=\"application-managepartners-display-component---masterPtm--smartTable-header-inner\"]"}
COMMAND: POST /session/ffff9f21ee28ff8e1d9aa34f42faee99/execute/sync - {"script":"<script> [56 bytes]","args":[{"element-6066-11e4-a52e-4f735466cecf":"f.7E00EA53797DB7C0883B340D4376DD1B.d.4A03B67B2F51E6B490EE5B3932E4578C.e.6032","ELEMENT":"f.7E00EA53797DB7C0883B340D4376DD1B.d.4A03B67B2F51E6B490EE5B3932E4578C.e.6032"}]}
RESULT: {"script":"<script> [56 bytes]","args":[{"element-6066-11e4-a52e-4f735466cecf":"f.7E00EA53797DB7C0883B340D4376DD1B.d.4A03B67B2F51E6B490EE5B3932E4578C.e.6032","ELEMENT":"f.7E00EA53797DB7C0883B340D4376DD1B.d.4A03B67B2F51E6B490EE5B3932E4578C.e.6032"}]}
COMMAND: POST /session/ffff9f21ee28ff8e1d9aa34f42faee99/element - {"using":"xpath","value":"//span[contains(@title, \"Remove\")]"}
COMMAND: GET /session/ffff9f21ee28ff8e1d9aa34f42faee99/screenshot - {}
RESULT: {"using":"xpath","value":"//span[contains(@title, \"Remove\")]"}
COMMAND: POST /session/ffff9f21ee28ff8e1d9aa34f42faee99/element/f.7E00EA53797DB7C0883B340D4376DD1B.d.4A03B67B2F51E6B490EE5B3932E4578C.e.7051/click - {}
RESULT: {}
RESULT: {}
COMMAND: GET /session/ffff9f21ee28ff8e1d9aa34f42faee99/screenshot - {}
COMMAND: POST /session/ffff9f21ee28ff8e1d9aa34f42faee99/element - {"using":"xpath","value":"//span[@id=\"application-managepartners-display-component---masterPtm--smartTable-header-inner\"]"}
RESULT: {}
RESULT: {"using":"xpath","value":"//span[@id=\"application-managepartners-display-component---masterPtm--smartTable-header-inner\"]"}
COMMAND: POST /session/ffff9f21ee28ff8e1d9aa34f42faee99/elements - {"using":"xpath","value":"//span[@id=\"application-managepartners-display-component---masterPtm--smartTable-header-inner\"]"}
RESULT: {"using":"xpath","value":"//span[@id=\"application-managepartners-display-component---masterPtm--smartTable-header-inner\"]"}
COMMAND: POST /session/ffff9f21ee28ff8e1d9aa34f42faee99/execute/sync - {"script":"<script> [56 bytes]","args":[{"element-6066-11e4-a52e-4f735466cecf":"f.7E00EA53797DB7C0883B340D4376DD1B.d.4A03B67B2F51E6B490EE5B3932E4578C.e.6032","ELEMENT":"f.7E00EA53797DB7C0883B340D4376DD1B.d.4A03B67B2F51E6B490EE5B3932E4578C.e.6032"}]}
RESULT: {"script":"<script> [56 bytes]","args":[{"element-6066-11e4-a52e-4f735466cecf":"f.7E00EA53797DB7C0883B340D4376DD1B.d.4A03B67B2F51E6B490EE5B3932E4578C.e.6032","ELEMENT":"f.7E00EA53797DB7C0883B340D4376DD1B.d.4A03B67B2F51E6B490EE5B3932E4578C.e.6032"}]}
COMMAND: POST /session/ffff9f21ee28ff8e1d9aa34f42faee99/element - {"using":"css selector","value":"#shell-header-logo"}
COMMAND: GET /session/ffff9f21ee28ff8e1d9aa34f42faee99/screenshot - {}
RESULT: {"using":"css selector","value":"#shell-header-logo"}
COMMAND: POST /session/ffff9f21ee28ff8e1d9aa34f42faee99/element/f.7E00EA53797DB7C0883B340D4376DD1B.d.4A03B67B2F51E6B490EE5B3932E4578C.e.5860/click - {}
RESULT: {}
RESULT: {}
COMMAND: GET /session/ffff9f21ee28ff8e1d9aa34f42faee99/screenshot - {}
RESULT: {}
]]></system-out>
    </testcase>
    <testcase classname="chrome.135_0_7049_96.windows.Partner_specific_tests_US150819_US151080_US151654_US151176_US103444_US151078_US151079_US151109_US151174_US151175_US151189" name="Should try to save empty partner US151174" time="47.817">
      <system-out><![CDATA[
COMMAND: POST /session/ffff9f21ee28ff8e1d9aa34f42faee99/element - {"using":"xpath","value":"//li[.//span[text()=\"Manage Partners\"]]"}
RESULT: {"using":"xpath","value":"//li[.//span[text()=\"Manage Partners\"]]"}
COMMAND: POST /session/ffff9f21ee28ff8e1d9aa34f42faee99/element - {"using":"xpath","value":"//li[.//span[text()=\"Manage Partners\"]]"}
RESULT: {"using":"xpath","value":"//li[.//span[text()=\"Manage Partners\"]]"}
COMMAND: POST /session/ffff9f21ee28ff8e1d9aa34f42faee99/element - {"using":"css selector","value":"#shell-header-logo"}
RESULT: {"using":"css selector","value":"#shell-header-logo"}
COMMAND: POST /session/ffff9f21ee28ff8e1d9aa34f42faee99/element/f.7E00EA53797DB7C0883B340D4376DD1B.d.4A03B67B2F51E6B490EE5B3932E4578C.e.7144/click - {}
COMMAND: POST /session/ffff9f21ee28ff8e1d9aa34f42faee99/execute/sync - {"script":"<script> [8489 bytes]","args":[{"element-6066-11e4-a52e-4f735466cecf":"f.7E00EA53797DB7C0883B340D4376DD1B.d.4A03B67B2F51E6B490EE5B3932E4578C.e.7144","ELEMENT":"f.7E00EA53797DB7C0883B340D4376DD1B.d.4A03B67B2F51E6B490EE5B3932E4578C.e.7144"}]}
RESULT: {}
COMMAND: GET /session/ffff9f21ee28ff8e1d9aa34f42faee99/screenshot - {}
RESULT: {"script":"<script> [8489 bytes]","args":[{"element-6066-11e4-a52e-4f735466cecf":"f.7E00EA53797DB7C0883B340D4376DD1B.d.4A03B67B2F51E6B490EE5B3932E4578C.e.7144","ELEMENT":"f.7E00EA53797DB7C0883B340D4376DD1B.d.4A03B67B2F51E6B490EE5B3932E4578C.e.7144"}]}
COMMAND: POST /session/ffff9f21ee28ff8e1d9aa34f42faee99/execute/sync - {"script":"<script> [5351 bytes]","args":[{"element-6066-11e4-a52e-4f735466cecf":"f.7E00EA53797DB7C0883B340D4376DD1B.d.4A03B67B2F51E6B490EE5B3932E4578C.e.7144","ELEMENT":"f.7E00EA53797DB7C0883B340D4376DD1B.d.4A03B67B2F51E6B490EE5B3932E4578C.e.7144"}]}
COMMAND: GET /session/ffff9f21ee28ff8e1d9aa34f42faee99/screenshot - {}
RESULT: {}
RESULT: {"script":"<script> [5351 bytes]","args":[{"element-6066-11e4-a52e-4f735466cecf":"f.7E00EA53797DB7C0883B340D4376DD1B.d.4A03B67B2F51E6B490EE5B3932E4578C.e.7144","ELEMENT":"f.7E00EA53797DB7C0883B340D4376DD1B.d.4A03B67B2F51E6B490EE5B3932E4578C.e.7144"}]}
COMMAND: GET /session/ffff9f21ee28ff8e1d9aa34f42faee99/screenshot - {}
RESULT: {}
RESULT: {}
RESULT: undefined
COMMAND: POST /session/ffff9f21ee28ff8e1d9aa34f42faee99/element - {"using":"xpath","value":"//*[@id=\"__tile30\"]"}
RESULT: {"using":"xpath","value":"//*[@id=\"__tile30\"]"}
COMMAND: POST /session/ffff9f21ee28ff8e1d9aa34f42faee99/element/f.7E00EA53797DB7C0883B340D4376DD1B.d.4A03B67B2F51E6B490EE5B3932E4578C.e.4516/click - {}
RESULT: {}
COMMAND: POST /session/ffff9f21ee28ff8e1d9aa34f42faee99/element - {"using":"xpath","value":"//button[@data-kt=\"addButton\"]"}
COMMAND: GET /session/ffff9f21ee28ff8e1d9aa34f42faee99/screenshot - {}
RESULT: {"using":"xpath","value":"//button[@data-kt=\"addButton\"]"}
COMMAND: POST /session/ffff9f21ee28ff8e1d9aa34f42faee99/elements - {"using":"xpath","value":"//button[@data-kt=\"addButton\"]"}
RESULT: {}
RESULT: {"using":"xpath","value":"//button[@data-kt=\"addButton\"]"}
COMMAND: POST /session/ffff9f21ee28ff8e1d9aa34f42faee99/element - {"using":"xpath","value":"//button[@data-kt=\"addButton\"]"}
RESULT: {"using":"xpath","value":"//button[@data-kt=\"addButton\"]"}
COMMAND: POST /session/ffff9f21ee28ff8e1d9aa34f42faee99/execute/sync - {"script":"<script> [8489 bytes]","args":[{"element-6066-11e4-a52e-4f735466cecf":"f.7E00EA53797DB7C0883B340D4376DD1B.d.4A03B67B2F51E6B490EE5B3932E4578C.e.7191","ELEMENT":"f.7E00EA53797DB7C0883B340D4376DD1B.d.4A03B67B2F51E6B490EE5B3932E4578C.e.7191"}]}
RESULT: {"script":"<script> [8489 bytes]","args":[{"element-6066-11e4-a52e-4f735466cecf":"f.7E00EA53797DB7C0883B340D4376DD1B.d.4A03B67B2F51E6B490EE5B3932E4578C.e.7191","ELEMENT":"f.7E00EA53797DB7C0883B340D4376DD1B.d.4A03B67B2F51E6B490EE5B3932E4578C.e.7191"}]}
COMMAND: GET /session/ffff9f21ee28ff8e1d9aa34f42faee99/element/f.7E00EA53797DB7C0883B340D4376DD1B.d.4A03B67B2F51E6B490EE5B3932E4578C.e.7191/enabled - {}
COMMAND: GET /session/ffff9f21ee28ff8e1d9aa34f42faee99/screenshot - {}
RESULT: {}
COMMAND: POST /session/ffff9f21ee28ff8e1d9aa34f42faee99/execute/sync - {"script":"<script> [8489 bytes]","args":[{"element-6066-11e4-a52e-4f735466cecf":"f.7E00EA53797DB7C0883B340D4376DD1B.d.4A03B67B2F51E6B490EE5B3932E4578C.e.7191","ELEMENT":"f.7E00EA53797DB7C0883B340D4376DD1B.d.4A03B67B2F51E6B490EE5B3932E4578C.e.7191"}]}
COMMAND: GET /session/ffff9f21ee28ff8e1d9aa34f42faee99/screenshot - {}
RESULT: {}
RESULT: {"script":"<script> [8489 bytes]","args":[{"element-6066-11e4-a52e-4f735466cecf":"f.7E00EA53797DB7C0883B340D4376DD1B.d.4A03B67B2F51E6B490EE5B3932E4578C.e.7191","ELEMENT":"f.7E00EA53797DB7C0883B340D4376DD1B.d.4A03B67B2F51E6B490EE5B3932E4578C.e.7191"}]}
COMMAND: POST /session/ffff9f21ee28ff8e1d9aa34f42faee99/execute/sync - {"script":"<script> [5351 bytes]","args":[{"element-6066-11e4-a52e-4f735466cecf":"f.7E00EA53797DB7C0883B340D4376DD1B.d.4A03B67B2F51E6B490EE5B3932E4578C.e.7191","ELEMENT":"f.7E00EA53797DB7C0883B340D4376DD1B.d.4A03B67B2F51E6B490EE5B3932E4578C.e.7191"}]}
COMMAND: GET /session/ffff9f21ee28ff8e1d9aa34f42faee99/screenshot - {}
RESULT: {}
RESULT: {"script":"<script> [5351 bytes]","args":[{"element-6066-11e4-a52e-4f735466cecf":"f.7E00EA53797DB7C0883B340D4376DD1B.d.4A03B67B2F51E6B490EE5B3932E4578C.e.7191","ELEMENT":"f.7E00EA53797DB7C0883B340D4376DD1B.d.4A03B67B2F51E6B490EE5B3932E4578C.e.7191"}]}
COMMAND: POST /session/ffff9f21ee28ff8e1d9aa34f42faee99/element/f.7E00EA53797DB7C0883B340D4376DD1B.d.4A03B67B2F51E6B490EE5B3932E4578C.e.7191/click - {}
COMMAND: GET /session/ffff9f21ee28ff8e1d9aa34f42faee99/screenshot - {}
RESULT: {}
RESULT: {}
COMMAND: GET /session/ffff9f21ee28ff8e1d9aa34f42faee99/screenshot - {}
COMMAND: POST /session/ffff9f21ee28ff8e1d9aa34f42faee99/element - {"using":"xpath","value":"//button[@data-kt=\"saveButton\"]"}
RESULT: {}
RESULT: {}
RESULT: {"using":"xpath","value":"//button[@data-kt=\"saveButton\"]"}
COMMAND: POST /session/ffff9f21ee28ff8e1d9aa34f42faee99/element/f.7E00EA53797DB7C0883B340D4376DD1B.d.4A03B67B2F51E6B490EE5B3932E4578C.e.7541/click - {}
RESULT: {}
COMMAND: GET /session/ffff9f21ee28ff8e1d9aa34f42faee99/screenshot - {}
RESULT: {}
COMMAND: POST /session/ffff9f21ee28ff8e1d9aa34f42faee99/element - {"using":"xpath","value":"//span[contains(@class, \"sapMMsgBoxText\")]"}
RESULT: {"using":"xpath","value":"//span[contains(@class, \"sapMMsgBoxText\")]"}
COMMAND: POST /session/ffff9f21ee28ff8e1d9aa34f42faee99/execute/sync - {"script":"<script> [56 bytes]","args":[{"element-6066-11e4-a52e-4f735466cecf":"f.7E00EA53797DB7C0883B340D4376DD1B.d.4A03B67B2F51E6B490EE5B3932E4578C.e.7623","ELEMENT":"f.7E00EA53797DB7C0883B340D4376DD1B.d.4A03B67B2F51E6B490EE5B3932E4578C.e.7623"}]}
RESULT: {"script":"<script> [56 bytes]","args":[{"element-6066-11e4-a52e-4f735466cecf":"f.7E00EA53797DB7C0883B340D4376DD1B.d.4A03B67B2F51E6B490EE5B3932E4578C.e.7623","ELEMENT":"f.7E00EA53797DB7C0883B340D4376DD1B.d.4A03B67B2F51E6B490EE5B3932E4578C.e.7623"}]}
COMMAND: POST /session/ffff9f21ee28ff8e1d9aa34f42faee99/element - {"using":"xpath","value":"(//bdi[contains(text(), \"Close\")])[1]"}
COMMAND: POST /session/ffff9f21ee28ff8e1d9aa34f42faee99/elements - {"using":"xpath","value":"//span[contains(@class, \"sapMMsgBoxText\")]"}
COMMAND: GET /session/ffff9f21ee28ff8e1d9aa34f42faee99/screenshot - {}
RESULT: {"using":"xpath","value":"(//bdi[contains(text(), \"Close\")])[1]"}
COMMAND: POST /session/ffff9f21ee28ff8e1d9aa34f42faee99/element/f.7E00EA53797DB7C0883B340D4376DD1B.d.4A03B67B2F51E6B490EE5B3932E4578C.e.7624/click - {}
RESULT: {"using":"xpath","value":"//span[contains(@class, \"sapMMsgBoxText\")]"}
RESULT: {}
RESULT: {}
COMMAND: GET /session/ffff9f21ee28ff8e1d9aa34f42faee99/screenshot - {}
RESULT: {}
COMMAND: POST /session/ffff9f21ee28ff8e1d9aa34f42faee99/element - {"using":"css selector","value":"#shell-header-logo"}
RESULT: {"using":"css selector","value":"#shell-header-logo"}
COMMAND: POST /session/ffff9f21ee28ff8e1d9aa34f42faee99/element/f.7E00EA53797DB7C0883B340D4376DD1B.d.4A03B67B2F51E6B490EE5B3932E4578C.e.7144/click - {}
RESULT: {}
COMMAND: GET /session/ffff9f21ee28ff8e1d9aa34f42faee99/screenshot - {}
RESULT: {}
]]></system-out>
    </testcase>
    <testcase classname="chrome.135_0_7049_96.windows.Partner_specific_tests_US150819_US151080_US151654_US151176_US103444_US151078_US151079_US151109_US151174_US151175_US151189" name="Should do various searches US151175" time="162.633">
      <system-out><![CDATA[
COMMAND: POST /session/ffff9f21ee28ff8e1d9aa34f42faee99/element - {"using":"xpath","value":"//li[.//span[text()=\"Manage Partners\"]]"}
RESULT: {"using":"xpath","value":"//li[.//span[text()=\"Manage Partners\"]]"}
COMMAND: POST /session/ffff9f21ee28ff8e1d9aa34f42faee99/element - {"using":"xpath","value":"//li[.//span[text()=\"Manage Partners\"]]"}
RESULT: {"using":"xpath","value":"//li[.//span[text()=\"Manage Partners\"]]"}
COMMAND: POST /session/ffff9f21ee28ff8e1d9aa34f42faee99/element - {"using":"css selector","value":"#shell-header-logo"}
RESULT: {"using":"css selector","value":"#shell-header-logo"}
COMMAND: POST /session/ffff9f21ee28ff8e1d9aa34f42faee99/element/f.7E00EA53797DB7C0883B340D4376DD1B.d.4A03B67B2F51E6B490EE5B3932E4578C.e.7626/click - {}
COMMAND: POST /session/ffff9f21ee28ff8e1d9aa34f42faee99/execute/sync - {"script":"<script> [8489 bytes]","args":[{"element-6066-11e4-a52e-4f735466cecf":"f.7E00EA53797DB7C0883B340D4376DD1B.d.4A03B67B2F51E6B490EE5B3932E4578C.e.7626","ELEMENT":"f.7E00EA53797DB7C0883B340D4376DD1B.d.4A03B67B2F51E6B490EE5B3932E4578C.e.7626"}]}
RESULT: {"script":"<script> [8489 bytes]","args":[{"element-6066-11e4-a52e-4f735466cecf":"f.7E00EA53797DB7C0883B340D4376DD1B.d.4A03B67B2F51E6B490EE5B3932E4578C.e.7626","ELEMENT":"f.7E00EA53797DB7C0883B340D4376DD1B.d.4A03B67B2F51E6B490EE5B3932E4578C.e.7626"}]}
COMMAND: POST /session/ffff9f21ee28ff8e1d9aa34f42faee99/execute/sync - {"script":"<script> [5351 bytes]","args":[{"element-6066-11e4-a52e-4f735466cecf":"f.7E00EA53797DB7C0883B340D4376DD1B.d.4A03B67B2F51E6B490EE5B3932E4578C.e.7626","ELEMENT":"f.7E00EA53797DB7C0883B340D4376DD1B.d.4A03B67B2F51E6B490EE5B3932E4578C.e.7626"}]}
COMMAND: GET /session/ffff9f21ee28ff8e1d9aa34f42faee99/screenshot - {}
RESULT: {}
COMMAND: GET /session/ffff9f21ee28ff8e1d9aa34f42faee99/screenshot - {}
RESULT: {"script":"<script> [5351 bytes]","args":[{"element-6066-11e4-a52e-4f735466cecf":"f.7E00EA53797DB7C0883B340D4376DD1B.d.4A03B67B2F51E6B490EE5B3932E4578C.e.7626","ELEMENT":"f.7E00EA53797DB7C0883B340D4376DD1B.d.4A03B67B2F51E6B490EE5B3932E4578C.e.7626"}]}
COMMAND: GET /session/ffff9f21ee28ff8e1d9aa34f42faee99/screenshot - {}
RESULT: {}
RESULT: {}
RESULT: {}
RESULT: undefined
COMMAND: POST /session/ffff9f21ee28ff8e1d9aa34f42faee99/element - {"using":"xpath","value":"//*[@id=\"__tile30\"]"}
RESULT: {"using":"xpath","value":"//*[@id=\"__tile30\"]"}
COMMAND: POST /session/ffff9f21ee28ff8e1d9aa34f42faee99/element/f.7E00EA53797DB7C0883B340D4376DD1B.d.4A03B67B2F51E6B490EE5B3932E4578C.e.4516/click - {}
RESULT: {}
COMMAND: POST /session/ffff9f21ee28ff8e1d9aa34f42faee99/element - {"using":"xpath","value":"//button[@data-kt=\"addButton\"]"}
COMMAND: GET /session/ffff9f21ee28ff8e1d9aa34f42faee99/screenshot - {}
RESULT: {"using":"xpath","value":"//button[@data-kt=\"addButton\"]"}
COMMAND: POST /session/ffff9f21ee28ff8e1d9aa34f42faee99/elements - {"using":"xpath","value":"//button[@data-kt=\"addButton\"]"}
RESULT: {}
RESULT: {"using":"xpath","value":"//button[@data-kt=\"addButton\"]"}
COMMAND: POST /session/ffff9f21ee28ff8e1d9aa34f42faee99/element - {"using":"xpath","value":"//button[@data-kt=\"addButton\"]"}
RESULT: {"using":"xpath","value":"//button[@data-kt=\"addButton\"]"}
COMMAND: POST /session/ffff9f21ee28ff8e1d9aa34f42faee99/execute/sync - {"script":"<script> [8489 bytes]","args":[{"element-6066-11e4-a52e-4f735466cecf":"f.7E00EA53797DB7C0883B340D4376DD1B.d.4A03B67B2F51E6B490EE5B3932E4578C.e.7661","ELEMENT":"f.7E00EA53797DB7C0883B340D4376DD1B.d.4A03B67B2F51E6B490EE5B3932E4578C.e.7661"}]}
RESULT: {"script":"<script> [8489 bytes]","args":[{"element-6066-11e4-a52e-4f735466cecf":"f.7E00EA53797DB7C0883B340D4376DD1B.d.4A03B67B2F51E6B490EE5B3932E4578C.e.7661","ELEMENT":"f.7E00EA53797DB7C0883B340D4376DD1B.d.4A03B67B2F51E6B490EE5B3932E4578C.e.7661"}]}
COMMAND: GET /session/ffff9f21ee28ff8e1d9aa34f42faee99/element/f.7E00EA53797DB7C0883B340D4376DD1B.d.4A03B67B2F51E6B490EE5B3932E4578C.e.7661/enabled - {}
COMMAND: GET /session/ffff9f21ee28ff8e1d9aa34f42faee99/screenshot - {}
RESULT: {}
COMMAND: POST /session/ffff9f21ee28ff8e1d9aa34f42faee99/execute/sync - {"script":"<script> [8489 bytes]","args":[{"element-6066-11e4-a52e-4f735466cecf":"f.7E00EA53797DB7C0883B340D4376DD1B.d.4A03B67B2F51E6B490EE5B3932E4578C.e.7661","ELEMENT":"f.7E00EA53797DB7C0883B340D4376DD1B.d.4A03B67B2F51E6B490EE5B3932E4578C.e.7661"}]}
COMMAND: GET /session/ffff9f21ee28ff8e1d9aa34f42faee99/screenshot - {}
RESULT: {}
RESULT: {"script":"<script> [8489 bytes]","args":[{"element-6066-11e4-a52e-4f735466cecf":"f.7E00EA53797DB7C0883B340D4376DD1B.d.4A03B67B2F51E6B490EE5B3932E4578C.e.7661","ELEMENT":"f.7E00EA53797DB7C0883B340D4376DD1B.d.4A03B67B2F51E6B490EE5B3932E4578C.e.7661"}]}
COMMAND: POST /session/ffff9f21ee28ff8e1d9aa34f42faee99/execute/sync - {"script":"<script> [5351 bytes]","args":[{"element-6066-11e4-a52e-4f735466cecf":"f.7E00EA53797DB7C0883B340D4376DD1B.d.4A03B67B2F51E6B490EE5B3932E4578C.e.7661","ELEMENT":"f.7E00EA53797DB7C0883B340D4376DD1B.d.4A03B67B2F51E6B490EE5B3932E4578C.e.7661"}]}
COMMAND: GET /session/ffff9f21ee28ff8e1d9aa34f42faee99/screenshot - {}
RESULT: {}
RESULT: {"script":"<script> [5351 bytes]","args":[{"element-6066-11e4-a52e-4f735466cecf":"f.7E00EA53797DB7C0883B340D4376DD1B.d.4A03B67B2F51E6B490EE5B3932E4578C.e.7661","ELEMENT":"f.7E00EA53797DB7C0883B340D4376DD1B.d.4A03B67B2F51E6B490EE5B3932E4578C.e.7661"}]}
COMMAND: GET /session/ffff9f21ee28ff8e1d9aa34f42faee99/screenshot - {}
RESULT: {}
RESULT: {}
COMMAND: POST /session/ffff9f21ee28ff8e1d9aa34f42faee99/element - {"using":"xpath","value":"//span[@id=\"application-managepartners-display-component---masterPtm--smartTable-header-inner\"]"}
RESULT: {"using":"xpath","value":"//span[@id=\"application-managepartners-display-component---masterPtm--smartTable-header-inner\"]"}
COMMAND: POST /session/ffff9f21ee28ff8e1d9aa34f42faee99/elements - {"using":"xpath","value":"//span[@id=\"application-managepartners-display-component---masterPtm--smartTable-header-inner\"]"}
RESULT: {"using":"xpath","value":"//span[@id=\"application-managepartners-display-component---masterPtm--smartTable-header-inner\"]"}
COMMAND: POST /session/ffff9f21ee28ff8e1d9aa34f42faee99/execute/sync - {"script":"<script> [56 bytes]","args":[{"element-6066-11e4-a52e-4f735466cecf":"f.7E00EA53797DB7C0883B340D4376DD1B.d.4A03B67B2F51E6B490EE5B3932E4578C.e.7802","ELEMENT":"f.7E00EA53797DB7C0883B340D4376DD1B.d.4A03B67B2F51E6B490EE5B3932E4578C.e.7802"}]}
RESULT: {"script":"<script> [56 bytes]","args":[{"element-6066-11e4-a52e-4f735466cecf":"f.7E00EA53797DB7C0883B340D4376DD1B.d.4A03B67B2F51E6B490EE5B3932E4578C.e.7802","ELEMENT":"f.7E00EA53797DB7C0883B340D4376DD1B.d.4A03B67B2F51E6B490EE5B3932E4578C.e.7802"}]}
RESULT: undefined
COMMAND: POST /session/ffff9f21ee28ff8e1d9aa34f42faee99/element - {"using":"xpath","value":"//*[@id=\"application-managepartners-display-component---masterPtm--smartFilterBar-btnFilters\"]"}
COMMAND: GET /session/ffff9f21ee28ff8e1d9aa34f42faee99/screenshot - {}
RESULT: {"using":"xpath","value":"//*[@id=\"application-managepartners-display-component---masterPtm--smartFilterBar-btnFilters\"]"}
COMMAND: POST /session/ffff9f21ee28ff8e1d9aa34f42faee99/element/f.7E00EA53797DB7C0883B340D4376DD1B.d.4A03B67B2F51E6B490EE5B3932E4578C.e.7636/click - {}
RESULT: {}
RESULT: {}
COMMAND: GET /session/ffff9f21ee28ff8e1d9aa34f42faee99/screenshot - {}
RESULT: {}
COMMAND: POST /session/ffff9f21ee28ff8e1d9aa34f42faee99/elements - {"using":"xpath","value":"//table[contains(@id, \"listView-innerSelectionPanelTable-listUl\")]/tbody/tr"}
RESULT: {"using":"xpath","value":"//table[contains(@id, \"listView-innerSelectionPanelTable-listUl\")]/tbody/tr"}
COMMAND: POST /session/ffff9f21ee28ff8e1d9aa34f42faee99/element - {"using":"xpath","value":"//table[contains(@id, \"listView-innerSelectionPanelTable-listUl\")]/tbody/tr[2]/td[2]/div/div"}
RESULT: {"using":"xpath","value":"//table[contains(@id, \"listView-innerSelectionPanelTable-listUl\")]/tbody/tr[2]/td[2]/div/div"}
COMMAND: POST /session/ffff9f21ee28ff8e1d9aa34f42faee99/element - {"using":"xpath","value":"//table[contains(@id, \"listView-innerSelectionPanelTable-listUl\")]/tbody/tr[2]/td[2]/div"}
RESULT: {"using":"xpath","value":"//table[contains(@id, \"listView-innerSelectionPanelTable-listUl\")]/tbody/tr[2]/td[2]/div"}
COMMAND: POST /session/ffff9f21ee28ff8e1d9aa34f42faee99/element - {"using":"xpath","value":"//table[contains(@id, \"listView-innerSelectionPanelTable-listUl\")]/tbody/tr[2]/td[3]/div/div/span/span[1]/bdi"}
RESULT: {"using":"xpath","value":"//table[contains(@id, \"listView-innerSelectionPanelTable-listUl\")]/tbody/tr[2]/td[3]/div/div/span/span[1]/bdi"}
COMMAND: POST /session/ffff9f21ee28ff8e1d9aa34f42faee99/execute/sync - {"script":"<script> [56 bytes]","args":[{"element-6066-11e4-a52e-4f735466cecf":"f.7E00EA53797DB7C0883B340D4376DD1B.d.4A03B67B2F51E6B490EE5B3932E4578C.e.7870","ELEMENT":"f.7E00EA53797DB7C0883B340D4376DD1B.d.4A03B67B2F51E6B490EE5B3932E4578C.e.7870"}]}
RESULT: {"script":"<script> [56 bytes]","args":[{"element-6066-11e4-a52e-4f735466cecf":"f.7E00EA53797DB7C0883B340D4376DD1B.d.4A03B67B2F51E6B490EE5B3932E4578C.e.7870","ELEMENT":"f.7E00EA53797DB7C0883B340D4376DD1B.d.4A03B67B2F51E6B490EE5B3932E4578C.e.7870"}]}
COMMAND: GET /session/ffff9f21ee28ff8e1d9aa34f42faee99/element/f.7E00EA53797DB7C0883B340D4376DD1B.d.4A03B67B2F51E6B490EE5B3932E4578C.e.7869/attribute/aria-checked - {}
COMMAND: GET /session/ffff9f21ee28ff8e1d9aa34f42faee99/screenshot - {}
RESULT: {}
COMMAND: POST /session/ffff9f21ee28ff8e1d9aa34f42faee99/element - {"using":"xpath","value":"//table[contains(@id, \"listView-innerSelectionPanelTable-listUl\")]/tbody/tr[3]/td[2]/div/div"}
RESULT: {}
RESULT: {"using":"xpath","value":"//table[contains(@id, \"listView-innerSelectionPanelTable-listUl\")]/tbody/tr[3]/td[2]/div/div"}
COMMAND: POST /session/ffff9f21ee28ff8e1d9aa34f42faee99/element - {"using":"xpath","value":"//table[contains(@id, \"listView-innerSelectionPanelTable-listUl\")]/tbody/tr[3]/td[2]/div"}
RESULT: {"using":"xpath","value":"//table[contains(@id, \"listView-innerSelectionPanelTable-listUl\")]/tbody/tr[3]/td[2]/div"}
COMMAND: POST /session/ffff9f21ee28ff8e1d9aa34f42faee99/element - {"using":"xpath","value":"//table[contains(@id, \"listView-innerSelectionPanelTable-listUl\")]/tbody/tr[3]/td[3]/div/div/span/span[1]/bdi"}
RESULT: {"using":"xpath","value":"//table[contains(@id, \"listView-innerSelectionPanelTable-listUl\")]/tbody/tr[3]/td[3]/div/div/span/span[1]/bdi"}
COMMAND: POST /session/ffff9f21ee28ff8e1d9aa34f42faee99/execute/sync - {"script":"<script> [56 bytes]","args":[{"element-6066-11e4-a52e-4f735466cecf":"f.7E00EA53797DB7C0883B340D4376DD1B.d.4A03B67B2F51E6B490EE5B3932E4578C.e.7873","ELEMENT":"f.7E00EA53797DB7C0883B340D4376DD1B.d.4A03B67B2F51E6B490EE5B3932E4578C.e.7873"}]}
RESULT: {"script":"<script> [56 bytes]","args":[{"element-6066-11e4-a52e-4f735466cecf":"f.7E00EA53797DB7C0883B340D4376DD1B.d.4A03B67B2F51E6B490EE5B3932E4578C.e.7873","ELEMENT":"f.7E00EA53797DB7C0883B340D4376DD1B.d.4A03B67B2F51E6B490EE5B3932E4578C.e.7873"}]}
COMMAND: GET /session/ffff9f21ee28ff8e1d9aa34f42faee99/element/f.7E00EA53797DB7C0883B340D4376DD1B.d.4A03B67B2F51E6B490EE5B3932E4578C.e.7872/attribute/aria-checked - {}
COMMAND: GET /session/ffff9f21ee28ff8e1d9aa34f42faee99/screenshot - {}
RESULT: {}
COMMAND: POST /session/ffff9f21ee28ff8e1d9aa34f42faee99/element - {"using":"xpath","value":"//table[contains(@id, \"listView-innerSelectionPanelTable-listUl\")]/tbody/tr[4]/td[2]/div/div"}
RESULT: {}
RESULT: {"using":"xpath","value":"//table[contains(@id, \"listView-innerSelectionPanelTable-listUl\")]/tbody/tr[4]/td[2]/div/div"}
COMMAND: POST /session/ffff9f21ee28ff8e1d9aa34f42faee99/element - {"using":"xpath","value":"//table[contains(@id, \"listView-innerSelectionPanelTable-listUl\")]/tbody/tr[4]/td[2]/div"}
RESULT: {"using":"xpath","value":"//table[contains(@id, \"listView-innerSelectionPanelTable-listUl\")]/tbody/tr[4]/td[2]/div"}
COMMAND: POST /session/ffff9f21ee28ff8e1d9aa34f42faee99/element - {"using":"xpath","value":"//table[contains(@id, \"listView-innerSelectionPanelTable-listUl\")]/tbody/tr[4]/td[3]/div/div/span/span[1]/bdi"}
RESULT: {"using":"xpath","value":"//table[contains(@id, \"listView-innerSelectionPanelTable-listUl\")]/tbody/tr[4]/td[3]/div/div/span/span[1]/bdi"}
COMMAND: POST /session/ffff9f21ee28ff8e1d9aa34f42faee99/execute/sync - {"script":"<script> [56 bytes]","args":[{"element-6066-11e4-a52e-4f735466cecf":"f.7E00EA53797DB7C0883B340D4376DD1B.d.4A03B67B2F51E6B490EE5B3932E4578C.e.7876","ELEMENT":"f.7E00EA53797DB7C0883B340D4376DD1B.d.4A03B67B2F51E6B490EE5B3932E4578C.e.7876"}]}
RESULT: {"script":"<script> [56 bytes]","args":[{"element-6066-11e4-a52e-4f735466cecf":"f.7E00EA53797DB7C0883B340D4376DD1B.d.4A03B67B2F51E6B490EE5B3932E4578C.e.7876","ELEMENT":"f.7E00EA53797DB7C0883B340D4376DD1B.d.4A03B67B2F51E6B490EE5B3932E4578C.e.7876"}]}
COMMAND: GET /session/ffff9f21ee28ff8e1d9aa34f42faee99/element/f.7E00EA53797DB7C0883B340D4376DD1B.d.4A03B67B2F51E6B490EE5B3932E4578C.e.7875/attribute/aria-checked - {}
COMMAND: GET /session/ffff9f21ee28ff8e1d9aa34f42faee99/screenshot - {}
RESULT: {}
COMMAND: POST /session/ffff9f21ee28ff8e1d9aa34f42faee99/element - {"using":"xpath","value":"//table[contains(@id, \"listView-innerSelectionPanelTable-listUl\")]/tbody/tr[5]/td[2]/div/div"}
RESULT: {}
RESULT: {"using":"xpath","value":"//table[contains(@id, \"listView-innerSelectionPanelTable-listUl\")]/tbody/tr[5]/td[2]/div/div"}
COMMAND: POST /session/ffff9f21ee28ff8e1d9aa34f42faee99/element - {"using":"xpath","value":"//table[contains(@id, \"listView-innerSelectionPanelTable-listUl\")]/tbody/tr[5]/td[2]/div"}
RESULT: {"using":"xpath","value":"//table[contains(@id, \"listView-innerSelectionPanelTable-listUl\")]/tbody/tr[5]/td[2]/div"}
COMMAND: POST /session/ffff9f21ee28ff8e1d9aa34f42faee99/element - {"using":"xpath","value":"//table[contains(@id, \"listView-innerSelectionPanelTable-listUl\")]/tbody/tr[5]/td[3]/div/div/span/span[1]/bdi"}
RESULT: {"using":"xpath","value":"//table[contains(@id, \"listView-innerSelectionPanelTable-listUl\")]/tbody/tr[5]/td[3]/div/div/span/span[1]/bdi"}
COMMAND: POST /session/ffff9f21ee28ff8e1d9aa34f42faee99/execute/sync - {"script":"<script> [56 bytes]","args":[{"element-6066-11e4-a52e-4f735466cecf":"f.7E00EA53797DB7C0883B340D4376DD1B.d.4A03B67B2F51E6B490EE5B3932E4578C.e.7879","ELEMENT":"f.7E00EA53797DB7C0883B340D4376DD1B.d.4A03B67B2F51E6B490EE5B3932E4578C.e.7879"}]}
RESULT: {"script":"<script> [56 bytes]","args":[{"element-6066-11e4-a52e-4f735466cecf":"f.7E00EA53797DB7C0883B340D4376DD1B.d.4A03B67B2F51E6B490EE5B3932E4578C.e.7879","ELEMENT":"f.7E00EA53797DB7C0883B340D4376DD1B.d.4A03B67B2F51E6B490EE5B3932E4578C.e.7879"}]}
COMMAND: GET /session/ffff9f21ee28ff8e1d9aa34f42faee99/element/f.7E00EA53797DB7C0883B340D4376DD1B.d.4A03B67B2F51E6B490EE5B3932E4578C.e.7878/attribute/aria-checked - {}
COMMAND: GET /session/ffff9f21ee28ff8e1d9aa34f42faee99/screenshot - {}
RESULT: {}
COMMAND: POST /session/ffff9f21ee28ff8e1d9aa34f42faee99/element - {"using":"xpath","value":"//table[contains(@id, \"listView-innerSelectionPanelTable-listUl\")]/tbody/tr[6]/td[2]/div/div"}
RESULT: {}
RESULT: {"using":"xpath","value":"//table[contains(@id, \"listView-innerSelectionPanelTable-listUl\")]/tbody/tr[6]/td[2]/div/div"}
COMMAND: POST /session/ffff9f21ee28ff8e1d9aa34f42faee99/element - {"using":"xpath","value":"//table[contains(@id, \"listView-innerSelectionPanelTable-listUl\")]/tbody/tr[6]/td[2]/div"}
RESULT: {"using":"xpath","value":"//table[contains(@id, \"listView-innerSelectionPanelTable-listUl\")]/tbody/tr[6]/td[2]/div"}
COMMAND: POST /session/ffff9f21ee28ff8e1d9aa34f42faee99/element - {"using":"xpath","value":"//table[contains(@id, \"listView-innerSelectionPanelTable-listUl\")]/tbody/tr[6]/td[3]/div/div/span/span[1]/bdi"}
RESULT: {"using":"xpath","value":"//table[contains(@id, \"listView-innerSelectionPanelTable-listUl\")]/tbody/tr[6]/td[3]/div/div/span/span[1]/bdi"}
COMMAND: POST /session/ffff9f21ee28ff8e1d9aa34f42faee99/execute/sync - {"script":"<script> [56 bytes]","args":[{"element-6066-11e4-a52e-4f735466cecf":"f.7E00EA53797DB7C0883B340D4376DD1B.d.4A03B67B2F51E6B490EE5B3932E4578C.e.7882","ELEMENT":"f.7E00EA53797DB7C0883B340D4376DD1B.d.4A03B67B2F51E6B490EE5B3932E4578C.e.7882"}]}
RESULT: {"script":"<script> [56 bytes]","args":[{"element-6066-11e4-a52e-4f735466cecf":"f.7E00EA53797DB7C0883B340D4376DD1B.d.4A03B67B2F51E6B490EE5B3932E4578C.e.7882","ELEMENT":"f.7E00EA53797DB7C0883B340D4376DD1B.d.4A03B67B2F51E6B490EE5B3932E4578C.e.7882"}]}
COMMAND: GET /session/ffff9f21ee28ff8e1d9aa34f42faee99/element/f.7E00EA53797DB7C0883B340D4376DD1B.d.4A03B67B2F51E6B490EE5B3932E4578C.e.7881/attribute/aria-checked - {}
COMMAND: GET /session/ffff9f21ee28ff8e1d9aa34f42faee99/screenshot - {}
RESULT: {}
COMMAND: POST /session/ffff9f21ee28ff8e1d9aa34f42faee99/element - {"using":"xpath","value":"//table[contains(@id, \"listView-innerSelectionPanelTable-listUl\")]/tbody/tr[7]/td[2]/div/div"}
RESULT: {}
RESULT: {"using":"xpath","value":"//table[contains(@id, \"listView-innerSelectionPanelTable-listUl\")]/tbody/tr[7]/td[2]/div/div"}
COMMAND: POST /session/ffff9f21ee28ff8e1d9aa34f42faee99/element - {"using":"xpath","value":"//table[contains(@id, \"listView-innerSelectionPanelTable-listUl\")]/tbody/tr[7]/td[2]/div"}
RESULT: {"using":"xpath","value":"//table[contains(@id, \"listView-innerSelectionPanelTable-listUl\")]/tbody/tr[7]/td[2]/div"}
COMMAND: POST /session/ffff9f21ee28ff8e1d9aa34f42faee99/element - {"using":"xpath","value":"//table[contains(@id, \"listView-innerSelectionPanelTable-listUl\")]/tbody/tr[7]/td[3]/div/div/span/span[1]/bdi"}
RESULT: {"using":"xpath","value":"//table[contains(@id, \"listView-innerSelectionPanelTable-listUl\")]/tbody/tr[7]/td[3]/div/div/span/span[1]/bdi"}
COMMAND: POST /session/ffff9f21ee28ff8e1d9aa34f42faee99/execute/sync - {"script":"<script> [56 bytes]","args":[{"element-6066-11e4-a52e-4f735466cecf":"f.7E00EA53797DB7C0883B340D4376DD1B.d.4A03B67B2F51E6B490EE5B3932E4578C.e.7885","ELEMENT":"f.7E00EA53797DB7C0883B340D4376DD1B.d.4A03B67B2F51E6B490EE5B3932E4578C.e.7885"}]}
RESULT: {"script":"<script> [56 bytes]","args":[{"element-6066-11e4-a52e-4f735466cecf":"f.7E00EA53797DB7C0883B340D4376DD1B.d.4A03B67B2F51E6B490EE5B3932E4578C.e.7885","ELEMENT":"f.7E00EA53797DB7C0883B340D4376DD1B.d.4A03B67B2F51E6B490EE5B3932E4578C.e.7885"}]}
COMMAND: GET /session/ffff9f21ee28ff8e1d9aa34f42faee99/element/f.7E00EA53797DB7C0883B340D4376DD1B.d.4A03B67B2F51E6B490EE5B3932E4578C.e.7884/attribute/aria-checked - {}
COMMAND: GET /session/ffff9f21ee28ff8e1d9aa34f42faee99/screenshot - {}
RESULT: {}
COMMAND: POST /session/ffff9f21ee28ff8e1d9aa34f42faee99/element - {"using":"xpath","value":"//table[contains(@id, \"listView-innerSelectionPanelTable-listUl\")]/tbody/tr[8]/td[2]/div/div"}
RESULT: {}
RESULT: {"using":"xpath","value":"//table[contains(@id, \"listView-innerSelectionPanelTable-listUl\")]/tbody/tr[8]/td[2]/div/div"}
COMMAND: POST /session/ffff9f21ee28ff8e1d9aa34f42faee99/element - {"using":"xpath","value":"//table[contains(@id, \"listView-innerSelectionPanelTable-listUl\")]/tbody/tr[8]/td[2]/div"}
RESULT: {"using":"xpath","value":"//table[contains(@id, \"listView-innerSelectionPanelTable-listUl\")]/tbody/tr[8]/td[2]/div"}
COMMAND: POST /session/ffff9f21ee28ff8e1d9aa34f42faee99/element - {"using":"xpath","value":"//table[contains(@id, \"listView-innerSelectionPanelTable-listUl\")]/tbody/tr[8]/td[3]/div/div/span/span[1]/bdi"}
RESULT: {"using":"xpath","value":"//table[contains(@id, \"listView-innerSelectionPanelTable-listUl\")]/tbody/tr[8]/td[3]/div/div/span/span[1]/bdi"}
COMMAND: POST /session/ffff9f21ee28ff8e1d9aa34f42faee99/execute/sync - {"script":"<script> [56 bytes]","args":[{"element-6066-11e4-a52e-4f735466cecf":"f.7E00EA53797DB7C0883B340D4376DD1B.d.4A03B67B2F51E6B490EE5B3932E4578C.e.7888","ELEMENT":"f.7E00EA53797DB7C0883B340D4376DD1B.d.4A03B67B2F51E6B490EE5B3932E4578C.e.7888"}]}
RESULT: {"script":"<script> [56 bytes]","args":[{"element-6066-11e4-a52e-4f735466cecf":"f.7E00EA53797DB7C0883B340D4376DD1B.d.4A03B67B2F51E6B490EE5B3932E4578C.e.7888","ELEMENT":"f.7E00EA53797DB7C0883B340D4376DD1B.d.4A03B67B2F51E6B490EE5B3932E4578C.e.7888"}]}
COMMAND: GET /session/ffff9f21ee28ff8e1d9aa34f42faee99/element/f.7E00EA53797DB7C0883B340D4376DD1B.d.4A03B67B2F51E6B490EE5B3932E4578C.e.7887/attribute/aria-checked - {}
COMMAND: GET /session/ffff9f21ee28ff8e1d9aa34f42faee99/screenshot - {}
RESULT: {}
COMMAND: POST /session/ffff9f21ee28ff8e1d9aa34f42faee99/element - {"using":"xpath","value":"//table[contains(@id, \"listView-innerSelectionPanelTable-listUl\")]/tbody/tr[9]/td[2]/div/div"}
RESULT: {}
RESULT: {"using":"xpath","value":"//table[contains(@id, \"listView-innerSelectionPanelTable-listUl\")]/tbody/tr[9]/td[2]/div/div"}
COMMAND: POST /session/ffff9f21ee28ff8e1d9aa34f42faee99/element - {"using":"xpath","value":"//table[contains(@id, \"listView-innerSelectionPanelTable-listUl\")]/tbody/tr[9]/td[2]/div"}
RESULT: {"using":"xpath","value":"//table[contains(@id, \"listView-innerSelectionPanelTable-listUl\")]/tbody/tr[9]/td[2]/div"}
COMMAND: POST /session/ffff9f21ee28ff8e1d9aa34f42faee99/element - {"using":"xpath","value":"//table[contains(@id, \"listView-innerSelectionPanelTable-listUl\")]/tbody/tr[9]/td[3]/div/div/span/span[1]/bdi"}
RESULT: {"using":"xpath","value":"//table[contains(@id, \"listView-innerSelectionPanelTable-listUl\")]/tbody/tr[9]/td[3]/div/div/span/span[1]/bdi"}
COMMAND: POST /session/ffff9f21ee28ff8e1d9aa34f42faee99/execute/sync - {"script":"<script> [56 bytes]","args":[{"element-6066-11e4-a52e-4f735466cecf":"f.7E00EA53797DB7C0883B340D4376DD1B.d.4A03B67B2F51E6B490EE5B3932E4578C.e.7891","ELEMENT":"f.7E00EA53797DB7C0883B340D4376DD1B.d.4A03B67B2F51E6B490EE5B3932E4578C.e.7891"}]}
RESULT: {"script":"<script> [56 bytes]","args":[{"element-6066-11e4-a52e-4f735466cecf":"f.7E00EA53797DB7C0883B340D4376DD1B.d.4A03B67B2F51E6B490EE5B3932E4578C.e.7891","ELEMENT":"f.7E00EA53797DB7C0883B340D4376DD1B.d.4A03B67B2F51E6B490EE5B3932E4578C.e.7891"}]}
COMMAND: GET /session/ffff9f21ee28ff8e1d9aa34f42faee99/element/f.7E00EA53797DB7C0883B340D4376DD1B.d.4A03B67B2F51E6B490EE5B3932E4578C.e.7890/attribute/aria-checked - {}
COMMAND: GET /session/ffff9f21ee28ff8e1d9aa34f42faee99/screenshot - {}
RESULT: {}
COMMAND: POST /session/ffff9f21ee28ff8e1d9aa34f42faee99/element - {"using":"xpath","value":"//table[contains(@id, \"listView-innerSelectionPanelTable-listUl\")]/tbody/tr[10]/td[2]/div/div"}
RESULT: {}
RESULT: {"using":"xpath","value":"//table[contains(@id, \"listView-innerSelectionPanelTable-listUl\")]/tbody/tr[10]/td[2]/div/div"}
COMMAND: POST /session/ffff9f21ee28ff8e1d9aa34f42faee99/element - {"using":"xpath","value":"//table[contains(@id, \"listView-innerSelectionPanelTable-listUl\")]/tbody/tr[10]/td[2]/div"}
RESULT: {"using":"xpath","value":"//table[contains(@id, \"listView-innerSelectionPanelTable-listUl\")]/tbody/tr[10]/td[2]/div"}
COMMAND: POST /session/ffff9f21ee28ff8e1d9aa34f42faee99/element - {"using":"xpath","value":"//table[contains(@id, \"listView-innerSelectionPanelTable-listUl\")]/tbody/tr[10]/td[3]/div/div/span/span[1]/bdi"}
RESULT: {"using":"xpath","value":"//table[contains(@id, \"listView-innerSelectionPanelTable-listUl\")]/tbody/tr[10]/td[3]/div/div/span/span[1]/bdi"}
COMMAND: POST /session/ffff9f21ee28ff8e1d9aa34f42faee99/execute/sync - {"script":"<script> [56 bytes]","args":[{"element-6066-11e4-a52e-4f735466cecf":"f.7E00EA53797DB7C0883B340D4376DD1B.d.4A03B67B2F51E6B490EE5B3932E4578C.e.7894","ELEMENT":"f.7E00EA53797DB7C0883B340D4376DD1B.d.4A03B67B2F51E6B490EE5B3932E4578C.e.7894"}]}
RESULT: {"script":"<script> [56 bytes]","args":[{"element-6066-11e4-a52e-4f735466cecf":"f.7E00EA53797DB7C0883B340D4376DD1B.d.4A03B67B2F51E6B490EE5B3932E4578C.e.7894","ELEMENT":"f.7E00EA53797DB7C0883B340D4376DD1B.d.4A03B67B2F51E6B490EE5B3932E4578C.e.7894"}]}
COMMAND: GET /session/ffff9f21ee28ff8e1d9aa34f42faee99/element/f.7E00EA53797DB7C0883B340D4376DD1B.d.4A03B67B2F51E6B490EE5B3932E4578C.e.7893/attribute/aria-checked - {}
COMMAND: GET /session/ffff9f21ee28ff8e1d9aa34f42faee99/screenshot - {}
RESULT: {}
COMMAND: POST /session/ffff9f21ee28ff8e1d9aa34f42faee99/element - {"using":"xpath","value":"//table[contains(@id, \"listView-innerSelectionPanelTable-listUl\")]/tbody/tr[11]/td[2]/div/div"}
RESULT: {}
RESULT: {"using":"xpath","value":"//table[contains(@id, \"listView-innerSelectionPanelTable-listUl\")]/tbody/tr[11]/td[2]/div/div"}
COMMAND: POST /session/ffff9f21ee28ff8e1d9aa34f42faee99/element - {"using":"xpath","value":"//table[contains(@id, \"listView-innerSelectionPanelTable-listUl\")]/tbody/tr[11]/td[2]/div"}
RESULT: {"using":"xpath","value":"//table[contains(@id, \"listView-innerSelectionPanelTable-listUl\")]/tbody/tr[11]/td[2]/div"}
COMMAND: POST /session/ffff9f21ee28ff8e1d9aa34f42faee99/element - {"using":"xpath","value":"//table[contains(@id, \"listView-innerSelectionPanelTable-listUl\")]/tbody/tr[11]/td[3]/div/div/span/span[1]/bdi"}
RESULT: {"using":"xpath","value":"//table[contains(@id, \"listView-innerSelectionPanelTable-listUl\")]/tbody/tr[11]/td[3]/div/div/span/span[1]/bdi"}
COMMAND: POST /session/ffff9f21ee28ff8e1d9aa34f42faee99/execute/sync - {"script":"<script> [56 bytes]","args":[{"element-6066-11e4-a52e-4f735466cecf":"f.7E00EA53797DB7C0883B340D4376DD1B.d.4A03B67B2F51E6B490EE5B3932E4578C.e.7897","ELEMENT":"f.7E00EA53797DB7C0883B340D4376DD1B.d.4A03B67B2F51E6B490EE5B3932E4578C.e.7897"}]}
RESULT: {"script":"<script> [56 bytes]","args":[{"element-6066-11e4-a52e-4f735466cecf":"f.7E00EA53797DB7C0883B340D4376DD1B.d.4A03B67B2F51E6B490EE5B3932E4578C.e.7897","ELEMENT":"f.7E00EA53797DB7C0883B340D4376DD1B.d.4A03B67B2F51E6B490EE5B3932E4578C.e.7897"}]}
COMMAND: GET /session/ffff9f21ee28ff8e1d9aa34f42faee99/element/f.7E00EA53797DB7C0883B340D4376DD1B.d.4A03B67B2F51E6B490EE5B3932E4578C.e.7896/attribute/aria-checked - {}
COMMAND: GET /session/ffff9f21ee28ff8e1d9aa34f42faee99/screenshot - {}
RESULT: {}
COMMAND: POST /session/ffff9f21ee28ff8e1d9aa34f42faee99/element - {"using":"xpath","value":"//table[contains(@id, \"listView-innerSelectionPanelTable-listUl\")]/tbody/tr[12]/td[2]/div/div"}
RESULT: {}
RESULT: {"using":"xpath","value":"//table[contains(@id, \"listView-innerSelectionPanelTable-listUl\")]/tbody/tr[12]/td[2]/div/div"}
COMMAND: POST /session/ffff9f21ee28ff8e1d9aa34f42faee99/element - {"using":"xpath","value":"//table[contains(@id, \"listView-innerSelectionPanelTable-listUl\")]/tbody/tr[12]/td[2]/div"}
RESULT: {"using":"xpath","value":"//table[contains(@id, \"listView-innerSelectionPanelTable-listUl\")]/tbody/tr[12]/td[2]/div"}
COMMAND: POST /session/ffff9f21ee28ff8e1d9aa34f42faee99/element - {"using":"xpath","value":"//table[contains(@id, \"listView-innerSelectionPanelTable-listUl\")]/tbody/tr[12]/td[3]/div/div/span/span[1]/bdi"}
RESULT: {"using":"xpath","value":"//table[contains(@id, \"listView-innerSelectionPanelTable-listUl\")]/tbody/tr[12]/td[3]/div/div/span/span[1]/bdi"}
COMMAND: POST /session/ffff9f21ee28ff8e1d9aa34f42faee99/execute/sync - {"script":"<script> [56 bytes]","args":[{"element-6066-11e4-a52e-4f735466cecf":"f.7E00EA53797DB7C0883B340D4376DD1B.d.4A03B67B2F51E6B490EE5B3932E4578C.e.7900","ELEMENT":"f.7E00EA53797DB7C0883B340D4376DD1B.d.4A03B67B2F51E6B490EE5B3932E4578C.e.7900"}]}
RESULT: {"script":"<script> [56 bytes]","args":[{"element-6066-11e4-a52e-4f735466cecf":"f.7E00EA53797DB7C0883B340D4376DD1B.d.4A03B67B2F51E6B490EE5B3932E4578C.e.7900","ELEMENT":"f.7E00EA53797DB7C0883B340D4376DD1B.d.4A03B67B2F51E6B490EE5B3932E4578C.e.7900"}]}
COMMAND: GET /session/ffff9f21ee28ff8e1d9aa34f42faee99/element/f.7E00EA53797DB7C0883B340D4376DD1B.d.4A03B67B2F51E6B490EE5B3932E4578C.e.7899/attribute/aria-checked - {}
COMMAND: GET /session/ffff9f21ee28ff8e1d9aa34f42faee99/screenshot - {}
RESULT: {}
COMMAND: POST /session/ffff9f21ee28ff8e1d9aa34f42faee99/element - {"using":"xpath","value":"//table[contains(@id, \"listView-innerSelectionPanelTable-listUl\")]/tbody/tr[13]/td[2]/div/div"}
RESULT: {}
RESULT: {"using":"xpath","value":"//table[contains(@id, \"listView-innerSelectionPanelTable-listUl\")]/tbody/tr[13]/td[2]/div/div"}
COMMAND: POST /session/ffff9f21ee28ff8e1d9aa34f42faee99/element - {"using":"xpath","value":"//table[contains(@id, \"listView-innerSelectionPanelTable-listUl\")]/tbody/tr[13]/td[2]/div"}
RESULT: {"using":"xpath","value":"//table[contains(@id, \"listView-innerSelectionPanelTable-listUl\")]/tbody/tr[13]/td[2]/div"}
COMMAND: POST /session/ffff9f21ee28ff8e1d9aa34f42faee99/element - {"using":"xpath","value":"//table[contains(@id, \"listView-innerSelectionPanelTable-listUl\")]/tbody/tr[13]/td[3]/div/div/span/span[1]/bdi"}
RESULT: {"using":"xpath","value":"//table[contains(@id, \"listView-innerSelectionPanelTable-listUl\")]/tbody/tr[13]/td[3]/div/div/span/span[1]/bdi"}
COMMAND: POST /session/ffff9f21ee28ff8e1d9aa34f42faee99/execute/sync - {"script":"<script> [56 bytes]","args":[{"element-6066-11e4-a52e-4f735466cecf":"f.7E00EA53797DB7C0883B340D4376DD1B.d.4A03B67B2F51E6B490EE5B3932E4578C.e.7903","ELEMENT":"f.7E00EA53797DB7C0883B340D4376DD1B.d.4A03B67B2F51E6B490EE5B3932E4578C.e.7903"}]}
RESULT: {"script":"<script> [56 bytes]","args":[{"element-6066-11e4-a52e-4f735466cecf":"f.7E00EA53797DB7C0883B340D4376DD1B.d.4A03B67B2F51E6B490EE5B3932E4578C.e.7903","ELEMENT":"f.7E00EA53797DB7C0883B340D4376DD1B.d.4A03B67B2F51E6B490EE5B3932E4578C.e.7903"}]}
COMMAND: GET /session/ffff9f21ee28ff8e1d9aa34f42faee99/element/f.7E00EA53797DB7C0883B340D4376DD1B.d.4A03B67B2F51E6B490EE5B3932E4578C.e.7902/attribute/aria-checked - {}
COMMAND: GET /session/ffff9f21ee28ff8e1d9aa34f42faee99/screenshot - {}
RESULT: {}
COMMAND: POST /session/ffff9f21ee28ff8e1d9aa34f42faee99/element - {"using":"xpath","value":"//table[contains(@id, \"listView-innerSelectionPanelTable-listUl\")]/tbody/tr[14]/td[2]/div/div"}
RESULT: {}
RESULT: {"using":"xpath","value":"//table[contains(@id, \"listView-innerSelectionPanelTable-listUl\")]/tbody/tr[14]/td[2]/div/div"}
COMMAND: POST /session/ffff9f21ee28ff8e1d9aa34f42faee99/element - {"using":"xpath","value":"//table[contains(@id, \"listView-innerSelectionPanelTable-listUl\")]/tbody/tr[14]/td[2]/div"}
RESULT: {"using":"xpath","value":"//table[contains(@id, \"listView-innerSelectionPanelTable-listUl\")]/tbody/tr[14]/td[2]/div"}
COMMAND: POST /session/ffff9f21ee28ff8e1d9aa34f42faee99/element - {"using":"xpath","value":"//table[contains(@id, \"listView-innerSelectionPanelTable-listUl\")]/tbody/tr[14]/td[3]/div/div/span/span[1]/bdi"}
RESULT: {"using":"xpath","value":"//table[contains(@id, \"listView-innerSelectionPanelTable-listUl\")]/tbody/tr[14]/td[3]/div/div/span/span[1]/bdi"}
COMMAND: POST /session/ffff9f21ee28ff8e1d9aa34f42faee99/execute/sync - {"script":"<script> [56 bytes]","args":[{"element-6066-11e4-a52e-4f735466cecf":"f.7E00EA53797DB7C0883B340D4376DD1B.d.4A03B67B2F51E6B490EE5B3932E4578C.e.7906","ELEMENT":"f.7E00EA53797DB7C0883B340D4376DD1B.d.4A03B67B2F51E6B490EE5B3932E4578C.e.7906"}]}
RESULT: {"script":"<script> [56 bytes]","args":[{"element-6066-11e4-a52e-4f735466cecf":"f.7E00EA53797DB7C0883B340D4376DD1B.d.4A03B67B2F51E6B490EE5B3932E4578C.e.7906","ELEMENT":"f.7E00EA53797DB7C0883B340D4376DD1B.d.4A03B67B2F51E6B490EE5B3932E4578C.e.7906"}]}
COMMAND: GET /session/ffff9f21ee28ff8e1d9aa34f42faee99/element/f.7E00EA53797DB7C0883B340D4376DD1B.d.4A03B67B2F51E6B490EE5B3932E4578C.e.7905/attribute/aria-checked - {}
COMMAND: GET /session/ffff9f21ee28ff8e1d9aa34f42faee99/screenshot - {}
RESULT: {}
COMMAND: POST /session/ffff9f21ee28ff8e1d9aa34f42faee99/element - {"using":"xpath","value":"//table[contains(@id, \"listView-innerSelectionPanelTable-listUl\")]/tbody/tr[15]/td[2]/div/div"}
RESULT: {}
RESULT: {"using":"xpath","value":"//table[contains(@id, \"listView-innerSelectionPanelTable-listUl\")]/tbody/tr[15]/td[2]/div/div"}
COMMAND: POST /session/ffff9f21ee28ff8e1d9aa34f42faee99/element - {"using":"xpath","value":"//table[contains(@id, \"listView-innerSelectionPanelTable-listUl\")]/tbody/tr[15]/td[2]/div"}
RESULT: {"using":"xpath","value":"//table[contains(@id, \"listView-innerSelectionPanelTable-listUl\")]/tbody/tr[15]/td[2]/div"}
COMMAND: POST /session/ffff9f21ee28ff8e1d9aa34f42faee99/element - {"using":"xpath","value":"//table[contains(@id, \"listView-innerSelectionPanelTable-listUl\")]/tbody/tr[15]/td[3]/div/div/span/span[1]/bdi"}
RESULT: {"using":"xpath","value":"//table[contains(@id, \"listView-innerSelectionPanelTable-listUl\")]/tbody/tr[15]/td[3]/div/div/span/span[1]/bdi"}
COMMAND: POST /session/ffff9f21ee28ff8e1d9aa34f42faee99/execute/sync - {"script":"<script> [56 bytes]","args":[{"element-6066-11e4-a52e-4f735466cecf":"f.7E00EA53797DB7C0883B340D4376DD1B.d.4A03B67B2F51E6B490EE5B3932E4578C.e.7909","ELEMENT":"f.7E00EA53797DB7C0883B340D4376DD1B.d.4A03B67B2F51E6B490EE5B3932E4578C.e.7909"}]}
RESULT: {"script":"<script> [56 bytes]","args":[{"element-6066-11e4-a52e-4f735466cecf":"f.7E00EA53797DB7C0883B340D4376DD1B.d.4A03B67B2F51E6B490EE5B3932E4578C.e.7909","ELEMENT":"f.7E00EA53797DB7C0883B340D4376DD1B.d.4A03B67B2F51E6B490EE5B3932E4578C.e.7909"}]}
COMMAND: GET /session/ffff9f21ee28ff8e1d9aa34f42faee99/element/f.7E00EA53797DB7C0883B340D4376DD1B.d.4A03B67B2F51E6B490EE5B3932E4578C.e.7908/attribute/aria-checked - {}
COMMAND: GET /session/ffff9f21ee28ff8e1d9aa34f42faee99/screenshot - {}
RESULT: {}
COMMAND: POST /session/ffff9f21ee28ff8e1d9aa34f42faee99/element - {"using":"xpath","value":"//table[contains(@id, \"listView-innerSelectionPanelTable-listUl\")]/tbody/tr[16]/td[2]/div/div"}
RESULT: {}
RESULT: {"using":"xpath","value":"//table[contains(@id, \"listView-innerSelectionPanelTable-listUl\")]/tbody/tr[16]/td[2]/div/div"}
COMMAND: POST /session/ffff9f21ee28ff8e1d9aa34f42faee99/element - {"using":"xpath","value":"//table[contains(@id, \"listView-innerSelectionPanelTable-listUl\")]/tbody/tr[16]/td[2]/div"}
RESULT: {"using":"xpath","value":"//table[contains(@id, \"listView-innerSelectionPanelTable-listUl\")]/tbody/tr[16]/td[2]/div"}
COMMAND: POST /session/ffff9f21ee28ff8e1d9aa34f42faee99/element - {"using":"xpath","value":"//table[contains(@id, \"listView-innerSelectionPanelTable-listUl\")]/tbody/tr[16]/td[3]/div/div/span/span[1]/bdi"}
RESULT: {"using":"xpath","value":"//table[contains(@id, \"listView-innerSelectionPanelTable-listUl\")]/tbody/tr[16]/td[3]/div/div/span/span[1]/bdi"}
COMMAND: POST /session/ffff9f21ee28ff8e1d9aa34f42faee99/execute/sync - {"script":"<script> [56 bytes]","args":[{"element-6066-11e4-a52e-4f735466cecf":"f.7E00EA53797DB7C0883B340D4376DD1B.d.4A03B67B2F51E6B490EE5B3932E4578C.e.7912","ELEMENT":"f.7E00EA53797DB7C0883B340D4376DD1B.d.4A03B67B2F51E6B490EE5B3932E4578C.e.7912"}]}
RESULT: {"script":"<script> [56 bytes]","args":[{"element-6066-11e4-a52e-4f735466cecf":"f.7E00EA53797DB7C0883B340D4376DD1B.d.4A03B67B2F51E6B490EE5B3932E4578C.e.7912","ELEMENT":"f.7E00EA53797DB7C0883B340D4376DD1B.d.4A03B67B2F51E6B490EE5B3932E4578C.e.7912"}]}
COMMAND: GET /session/ffff9f21ee28ff8e1d9aa34f42faee99/element/f.7E00EA53797DB7C0883B340D4376DD1B.d.4A03B67B2F51E6B490EE5B3932E4578C.e.7911/attribute/aria-checked - {}
COMMAND: GET /session/ffff9f21ee28ff8e1d9aa34f42faee99/screenshot - {}
RESULT: {}
COMMAND: POST /session/ffff9f21ee28ff8e1d9aa34f42faee99/element - {"using":"xpath","value":"//table[contains(@id, \"listView-innerSelectionPanelTable-listUl\")]/tbody/tr[17]/td[2]/div/div"}
RESULT: {}
RESULT: {"using":"xpath","value":"//table[contains(@id, \"listView-innerSelectionPanelTable-listUl\")]/tbody/tr[17]/td[2]/div/div"}
COMMAND: POST /session/ffff9f21ee28ff8e1d9aa34f42faee99/element - {"using":"xpath","value":"//table[contains(@id, \"listView-innerSelectionPanelTable-listUl\")]/tbody/tr[17]/td[2]/div"}
RESULT: {"using":"xpath","value":"//table[contains(@id, \"listView-innerSelectionPanelTable-listUl\")]/tbody/tr[17]/td[2]/div"}
COMMAND: POST /session/ffff9f21ee28ff8e1d9aa34f42faee99/element - {"using":"xpath","value":"//table[contains(@id, \"listView-innerSelectionPanelTable-listUl\")]/tbody/tr[17]/td[3]/div/div/span/span[1]/bdi"}
RESULT: {"using":"xpath","value":"//table[contains(@id, \"listView-innerSelectionPanelTable-listUl\")]/tbody/tr[17]/td[3]/div/div/span/span[1]/bdi"}
COMMAND: POST /session/ffff9f21ee28ff8e1d9aa34f42faee99/execute/sync - {"script":"<script> [56 bytes]","args":[{"element-6066-11e4-a52e-4f735466cecf":"f.7E00EA53797DB7C0883B340D4376DD1B.d.4A03B67B2F51E6B490EE5B3932E4578C.e.7915","ELEMENT":"f.7E00EA53797DB7C0883B340D4376DD1B.d.4A03B67B2F51E6B490EE5B3932E4578C.e.7915"}]}
RESULT: {"script":"<script> [56 bytes]","args":[{"element-6066-11e4-a52e-4f735466cecf":"f.7E00EA53797DB7C0883B340D4376DD1B.d.4A03B67B2F51E6B490EE5B3932E4578C.e.7915","ELEMENT":"f.7E00EA53797DB7C0883B340D4376DD1B.d.4A03B67B2F51E6B490EE5B3932E4578C.e.7915"}]}
COMMAND: GET /session/ffff9f21ee28ff8e1d9aa34f42faee99/element/f.7E00EA53797DB7C0883B340D4376DD1B.d.4A03B67B2F51E6B490EE5B3932E4578C.e.7914/attribute/aria-checked - {}
COMMAND: GET /session/ffff9f21ee28ff8e1d9aa34f42faee99/screenshot - {}
RESULT: {}
COMMAND: POST /session/ffff9f21ee28ff8e1d9aa34f42faee99/element - {"using":"xpath","value":"//table[contains(@id, \"listView-innerSelectionPanelTable-listUl\")]/tbody/tr[18]/td[2]/div/div"}
RESULT: {}
RESULT: {"using":"xpath","value":"//table[contains(@id, \"listView-innerSelectionPanelTable-listUl\")]/tbody/tr[18]/td[2]/div/div"}
COMMAND: POST /session/ffff9f21ee28ff8e1d9aa34f42faee99/element - {"using":"xpath","value":"//table[contains(@id, \"listView-innerSelectionPanelTable-listUl\")]/tbody/tr[18]/td[2]/div"}
RESULT: {"using":"xpath","value":"//table[contains(@id, \"listView-innerSelectionPanelTable-listUl\")]/tbody/tr[18]/td[2]/div"}
COMMAND: POST /session/ffff9f21ee28ff8e1d9aa34f42faee99/element - {"using":"xpath","value":"//table[contains(@id, \"listView-innerSelectionPanelTable-listUl\")]/tbody/tr[18]/td[3]/div/div/span/span[1]/bdi"}
RESULT: {"using":"xpath","value":"//table[contains(@id, \"listView-innerSelectionPanelTable-listUl\")]/tbody/tr[18]/td[3]/div/div/span/span[1]/bdi"}
COMMAND: POST /session/ffff9f21ee28ff8e1d9aa34f42faee99/execute/sync - {"script":"<script> [56 bytes]","args":[{"element-6066-11e4-a52e-4f735466cecf":"f.7E00EA53797DB7C0883B340D4376DD1B.d.4A03B67B2F51E6B490EE5B3932E4578C.e.7918","ELEMENT":"f.7E00EA53797DB7C0883B340D4376DD1B.d.4A03B67B2F51E6B490EE5B3932E4578C.e.7918"}]}
RESULT: {"script":"<script> [56 bytes]","args":[{"element-6066-11e4-a52e-4f735466cecf":"f.7E00EA53797DB7C0883B340D4376DD1B.d.4A03B67B2F51E6B490EE5B3932E4578C.e.7918","ELEMENT":"f.7E00EA53797DB7C0883B340D4376DD1B.d.4A03B67B2F51E6B490EE5B3932E4578C.e.7918"}]}
COMMAND: GET /session/ffff9f21ee28ff8e1d9aa34f42faee99/element/f.7E00EA53797DB7C0883B340D4376DD1B.d.4A03B67B2F51E6B490EE5B3932E4578C.e.7917/attribute/aria-checked - {}
COMMAND: GET /session/ffff9f21ee28ff8e1d9aa34f42faee99/screenshot - {}
RESULT: {}
COMMAND: POST /session/ffff9f21ee28ff8e1d9aa34f42faee99/element - {"using":"xpath","value":"//table[contains(@id, \"listView-innerSelectionPanelTable-listUl\")]/tbody/tr[19]/td[2]/div/div"}
RESULT: {}
RESULT: {"using":"xpath","value":"//table[contains(@id, \"listView-innerSelectionPanelTable-listUl\")]/tbody/tr[19]/td[2]/div/div"}
COMMAND: POST /session/ffff9f21ee28ff8e1d9aa34f42faee99/element - {"using":"xpath","value":"//table[contains(@id, \"listView-innerSelectionPanelTable-listUl\")]/tbody/tr[19]/td[2]/div"}
RESULT: {"using":"xpath","value":"//table[contains(@id, \"listView-innerSelectionPanelTable-listUl\")]/tbody/tr[19]/td[2]/div"}
COMMAND: POST /session/ffff9f21ee28ff8e1d9aa34f42faee99/element - {"using":"xpath","value":"//table[contains(@id, \"listView-innerSelectionPanelTable-listUl\")]/tbody/tr[19]/td[3]/div/div/span/span[1]/bdi"}
RESULT: {"using":"xpath","value":"//table[contains(@id, \"listView-innerSelectionPanelTable-listUl\")]/tbody/tr[19]/td[3]/div/div/span/span[1]/bdi"}
COMMAND: POST /session/ffff9f21ee28ff8e1d9aa34f42faee99/execute/sync - {"script":"<script> [56 bytes]","args":[{"element-6066-11e4-a52e-4f735466cecf":"f.7E00EA53797DB7C0883B340D4376DD1B.d.4A03B67B2F51E6B490EE5B3932E4578C.e.7921","ELEMENT":"f.7E00EA53797DB7C0883B340D4376DD1B.d.4A03B67B2F51E6B490EE5B3932E4578C.e.7921"}]}
RESULT: {"script":"<script> [56 bytes]","args":[{"element-6066-11e4-a52e-4f735466cecf":"f.7E00EA53797DB7C0883B340D4376DD1B.d.4A03B67B2F51E6B490EE5B3932E4578C.e.7921","ELEMENT":"f.7E00EA53797DB7C0883B340D4376DD1B.d.4A03B67B2F51E6B490EE5B3932E4578C.e.7921"}]}
COMMAND: GET /session/ffff9f21ee28ff8e1d9aa34f42faee99/element/f.7E00EA53797DB7C0883B340D4376DD1B.d.4A03B67B2F51E6B490EE5B3932E4578C.e.7920/attribute/aria-checked - {}
COMMAND: GET /session/ffff9f21ee28ff8e1d9aa34f42faee99/screenshot - {}
RESULT: {}
COMMAND: POST /session/ffff9f21ee28ff8e1d9aa34f42faee99/element - {"using":"xpath","value":"//table[contains(@id, \"listView-innerSelectionPanelTable-listUl\")]/tbody/tr[20]/td[2]/div/div"}
RESULT: {}
RESULT: {"using":"xpath","value":"//table[contains(@id, \"listView-innerSelectionPanelTable-listUl\")]/tbody/tr[20]/td[2]/div/div"}
COMMAND: POST /session/ffff9f21ee28ff8e1d9aa34f42faee99/element - {"using":"xpath","value":"//table[contains(@id, \"listView-innerSelectionPanelTable-listUl\")]/tbody/tr[20]/td[2]/div"}
RESULT: {"using":"xpath","value":"//table[contains(@id, \"listView-innerSelectionPanelTable-listUl\")]/tbody/tr[20]/td[2]/div"}
COMMAND: POST /session/ffff9f21ee28ff8e1d9aa34f42faee99/element - {"using":"xpath","value":"//table[contains(@id, \"listView-innerSelectionPanelTable-listUl\")]/tbody/tr[20]/td[3]/div/div/span/span[1]/bdi"}
RESULT: {"using":"xpath","value":"//table[contains(@id, \"listView-innerSelectionPanelTable-listUl\")]/tbody/tr[20]/td[3]/div/div/span/span[1]/bdi"}
COMMAND: POST /session/ffff9f21ee28ff8e1d9aa34f42faee99/execute/sync - {"script":"<script> [56 bytes]","args":[{"element-6066-11e4-a52e-4f735466cecf":"f.7E00EA53797DB7C0883B340D4376DD1B.d.4A03B67B2F51E6B490EE5B3932E4578C.e.7924","ELEMENT":"f.7E00EA53797DB7C0883B340D4376DD1B.d.4A03B67B2F51E6B490EE5B3932E4578C.e.7924"}]}
RESULT: {"script":"<script> [56 bytes]","args":[{"element-6066-11e4-a52e-4f735466cecf":"f.7E00EA53797DB7C0883B340D4376DD1B.d.4A03B67B2F51E6B490EE5B3932E4578C.e.7924","ELEMENT":"f.7E00EA53797DB7C0883B340D4376DD1B.d.4A03B67B2F51E6B490EE5B3932E4578C.e.7924"}]}
COMMAND: GET /session/ffff9f21ee28ff8e1d9aa34f42faee99/element/f.7E00EA53797DB7C0883B340D4376DD1B.d.4A03B67B2F51E6B490EE5B3932E4578C.e.7923/attribute/aria-checked - {}
COMMAND: GET /session/ffff9f21ee28ff8e1d9aa34f42faee99/screenshot - {}
RESULT: {}
COMMAND: POST /session/ffff9f21ee28ff8e1d9aa34f42faee99/element - {"using":"xpath","value":"//table[contains(@id, \"listView-innerSelectionPanelTable-listUl\")]/tbody/tr[21]/td[2]/div/div"}
COMMAND: POST /session/ffff9f21ee28ff8e1d9aa34f42faee99/element/f.7E00EA53797DB7C0883B340D4376DD1B.d.4A03B67B2F51E6B490EE5B3932E4578C.e.7922/click - {}
RESULT: {}
RESULT: {"using":"xpath","value":"//table[contains(@id, \"listView-innerSelectionPanelTable-listUl\")]/tbody/tr[21]/td[2]/div/div"}
COMMAND: POST /session/ffff9f21ee28ff8e1d9aa34f42faee99/element - {"using":"xpath","value":"//table[contains(@id, \"listView-innerSelectionPanelTable-listUl\")]/tbody/tr[21]/td[2]/div"}
RESULT: {}
COMMAND: GET /session/ffff9f21ee28ff8e1d9aa34f42faee99/screenshot - {}
RESULT: {"using":"xpath","value":"//table[contains(@id, \"listView-innerSelectionPanelTable-listUl\")]/tbody/tr[21]/td[2]/div"}
COMMAND: POST /session/ffff9f21ee28ff8e1d9aa34f42faee99/element - {"using":"xpath","value":"//table[contains(@id, \"listView-innerSelectionPanelTable-listUl\")]/tbody/tr[21]/td[3]/div/div/span/span[1]/bdi"}
RESULT: {}
RESULT: {"using":"xpath","value":"//table[contains(@id, \"listView-innerSelectionPanelTable-listUl\")]/tbody/tr[21]/td[3]/div/div/span/span[1]/bdi"}
COMMAND: POST /session/ffff9f21ee28ff8e1d9aa34f42faee99/execute/sync - {"script":"<script> [56 bytes]","args":[{"element-6066-11e4-a52e-4f735466cecf":"f.7E00EA53797DB7C0883B340D4376DD1B.d.4A03B67B2F51E6B490EE5B3932E4578C.e.7930","ELEMENT":"f.7E00EA53797DB7C0883B340D4376DD1B.d.4A03B67B2F51E6B490EE5B3932E4578C.e.7930"}]}
RESULT: {"script":"<script> [56 bytes]","args":[{"element-6066-11e4-a52e-4f735466cecf":"f.7E00EA53797DB7C0883B340D4376DD1B.d.4A03B67B2F51E6B490EE5B3932E4578C.e.7930","ELEMENT":"f.7E00EA53797DB7C0883B340D4376DD1B.d.4A03B67B2F51E6B490EE5B3932E4578C.e.7930"}]}
COMMAND: GET /session/ffff9f21ee28ff8e1d9aa34f42faee99/element/f.7E00EA53797DB7C0883B340D4376DD1B.d.4A03B67B2F51E6B490EE5B3932E4578C.e.7929/attribute/aria-checked - {}
COMMAND: GET /session/ffff9f21ee28ff8e1d9aa34f42faee99/screenshot - {}
RESULT: {}
COMMAND: POST /session/ffff9f21ee28ff8e1d9aa34f42faee99/element - {"using":"xpath","value":"//table[contains(@id, \"listView-innerSelectionPanelTable-listUl\")]/tbody/tr[22]/td[2]/div/div"}
COMMAND: POST /session/ffff9f21ee28ff8e1d9aa34f42faee99/element/f.7E00EA53797DB7C0883B340D4376DD1B.d.4A03B67B2F51E6B490EE5B3932E4578C.e.7925/click - {}
RESULT: {}
RESULT: {}
COMMAND: GET /session/ffff9f21ee28ff8e1d9aa34f42faee99/screenshot - {}
RESULT: {"using":"xpath","value":"//table[contains(@id, \"listView-innerSelectionPanelTable-listUl\")]/tbody/tr[22]/td[2]/div/div"}
COMMAND: POST /session/ffff9f21ee28ff8e1d9aa34f42faee99/element - {"using":"xpath","value":"//table[contains(@id, \"listView-innerSelectionPanelTable-listUl\")]/tbody/tr[22]/td[2]/div"}
RESULT: {}
RESULT: {"using":"xpath","value":"//table[contains(@id, \"listView-innerSelectionPanelTable-listUl\")]/tbody/tr[22]/td[2]/div"}
COMMAND: POST /session/ffff9f21ee28ff8e1d9aa34f42faee99/element - {"using":"xpath","value":"//table[contains(@id, \"listView-innerSelectionPanelTable-listUl\")]/tbody/tr[22]/td[3]/div/div/span/span[1]/bdi"}
RESULT: {"using":"xpath","value":"//table[contains(@id, \"listView-innerSelectionPanelTable-listUl\")]/tbody/tr[22]/td[3]/div/div/span/span[1]/bdi"}
COMMAND: POST /session/ffff9f21ee28ff8e1d9aa34f42faee99/execute/sync - {"script":"<script> [56 bytes]","args":[{"element-6066-11e4-a52e-4f735466cecf":"f.7E00EA53797DB7C0883B340D4376DD1B.d.4A03B67B2F51E6B490EE5B3932E4578C.e.7934","ELEMENT":"f.7E00EA53797DB7C0883B340D4376DD1B.d.4A03B67B2F51E6B490EE5B3932E4578C.e.7934"}]}
RESULT: {"script":"<script> [56 bytes]","args":[{"element-6066-11e4-a52e-4f735466cecf":"f.7E00EA53797DB7C0883B340D4376DD1B.d.4A03B67B2F51E6B490EE5B3932E4578C.e.7934","ELEMENT":"f.7E00EA53797DB7C0883B340D4376DD1B.d.4A03B67B2F51E6B490EE5B3932E4578C.e.7934"}]}
COMMAND: GET /session/ffff9f21ee28ff8e1d9aa34f42faee99/element/f.7E00EA53797DB7C0883B340D4376DD1B.d.4A03B67B2F51E6B490EE5B3932E4578C.e.7933/attribute/aria-checked - {}
COMMAND: GET /session/ffff9f21ee28ff8e1d9aa34f42faee99/screenshot - {}
RESULT: {}
COMMAND: POST /session/ffff9f21ee28ff8e1d9aa34f42faee99/element - {"using":"xpath","value":"//table[contains(@id, \"listView-innerSelectionPanelTable-listUl\")]/tbody/tr[23]/td[2]/div/div"}
RESULT: {}
RESULT: {"using":"xpath","value":"//table[contains(@id, \"listView-innerSelectionPanelTable-listUl\")]/tbody/tr[23]/td[2]/div/div"}
COMMAND: POST /session/ffff9f21ee28ff8e1d9aa34f42faee99/element - {"using":"xpath","value":"//table[contains(@id, \"listView-innerSelectionPanelTable-listUl\")]/tbody/tr[23]/td[2]/div"}
RESULT: {"using":"xpath","value":"//table[contains(@id, \"listView-innerSelectionPanelTable-listUl\")]/tbody/tr[23]/td[2]/div"}
COMMAND: POST /session/ffff9f21ee28ff8e1d9aa34f42faee99/element - {"using":"xpath","value":"//table[contains(@id, \"listView-innerSelectionPanelTable-listUl\")]/tbody/tr[23]/td[3]/div/div/span/span[1]/bdi"}
RESULT: {"using":"xpath","value":"//table[contains(@id, \"listView-innerSelectionPanelTable-listUl\")]/tbody/tr[23]/td[3]/div/div/span/span[1]/bdi"}
COMMAND: POST /session/ffff9f21ee28ff8e1d9aa34f42faee99/execute/sync - {"script":"<script> [56 bytes]","args":[{"element-6066-11e4-a52e-4f735466cecf":"f.7E00EA53797DB7C0883B340D4376DD1B.d.4A03B67B2F51E6B490EE5B3932E4578C.e.7937","ELEMENT":"f.7E00EA53797DB7C0883B340D4376DD1B.d.4A03B67B2F51E6B490EE5B3932E4578C.e.7937"}]}
RESULT: {"script":"<script> [56 bytes]","args":[{"element-6066-11e4-a52e-4f735466cecf":"f.7E00EA53797DB7C0883B340D4376DD1B.d.4A03B67B2F51E6B490EE5B3932E4578C.e.7937","ELEMENT":"f.7E00EA53797DB7C0883B340D4376DD1B.d.4A03B67B2F51E6B490EE5B3932E4578C.e.7937"}]}
COMMAND: GET /session/ffff9f21ee28ff8e1d9aa34f42faee99/element/f.7E00EA53797DB7C0883B340D4376DD1B.d.4A03B67B2F51E6B490EE5B3932E4578C.e.7936/attribute/aria-checked - {}
COMMAND: GET /session/ffff9f21ee28ff8e1d9aa34f42faee99/screenshot - {}
RESULT: {}
COMMAND: POST /session/ffff9f21ee28ff8e1d9aa34f42faee99/element - {"using":"xpath","value":"//table[contains(@id, \"listView-innerSelectionPanelTable-listUl\")]/tbody/tr[24]/td[2]/div/div"}
RESULT: {}
RESULT: {"using":"xpath","value":"//table[contains(@id, \"listView-innerSelectionPanelTable-listUl\")]/tbody/tr[24]/td[2]/div/div"}
COMMAND: POST /session/ffff9f21ee28ff8e1d9aa34f42faee99/element - {"using":"xpath","value":"//table[contains(@id, \"listView-innerSelectionPanelTable-listUl\")]/tbody/tr[24]/td[2]/div"}
RESULT: {"using":"xpath","value":"//table[contains(@id, \"listView-innerSelectionPanelTable-listUl\")]/tbody/tr[24]/td[2]/div"}
COMMAND: POST /session/ffff9f21ee28ff8e1d9aa34f42faee99/element - {"using":"xpath","value":"//table[contains(@id, \"listView-innerSelectionPanelTable-listUl\")]/tbody/tr[24]/td[3]/div/div/span/span[1]/bdi"}
RESULT: {"using":"xpath","value":"//table[contains(@id, \"listView-innerSelectionPanelTable-listUl\")]/tbody/tr[24]/td[3]/div/div/span/span[1]/bdi"}
COMMAND: POST /session/ffff9f21ee28ff8e1d9aa34f42faee99/execute/sync - {"script":"<script> [56 bytes]","args":[{"element-6066-11e4-a52e-4f735466cecf":"f.7E00EA53797DB7C0883B340D4376DD1B.d.4A03B67B2F51E6B490EE5B3932E4578C.e.7940","ELEMENT":"f.7E00EA53797DB7C0883B340D4376DD1B.d.4A03B67B2F51E6B490EE5B3932E4578C.e.7940"}]}
RESULT: {"script":"<script> [56 bytes]","args":[{"element-6066-11e4-a52e-4f735466cecf":"f.7E00EA53797DB7C0883B340D4376DD1B.d.4A03B67B2F51E6B490EE5B3932E4578C.e.7940","ELEMENT":"f.7E00EA53797DB7C0883B340D4376DD1B.d.4A03B67B2F51E6B490EE5B3932E4578C.e.7940"}]}
COMMAND: GET /session/ffff9f21ee28ff8e1d9aa34f42faee99/element/f.7E00EA53797DB7C0883B340D4376DD1B.d.4A03B67B2F51E6B490EE5B3932E4578C.e.7939/attribute/aria-checked - {}
COMMAND: GET /session/ffff9f21ee28ff8e1d9aa34f42faee99/screenshot - {}
RESULT: {}
COMMAND: POST /session/ffff9f21ee28ff8e1d9aa34f42faee99/element - {"using":"xpath","value":"//table[contains(@id, \"listView-innerSelectionPanelTable-listUl\")]/tbody/tr[25]/td[2]/div/div"}
RESULT: {}
RESULT: {"using":"xpath","value":"//table[contains(@id, \"listView-innerSelectionPanelTable-listUl\")]/tbody/tr[25]/td[2]/div/div"}
COMMAND: POST /session/ffff9f21ee28ff8e1d9aa34f42faee99/element - {"using":"xpath","value":"//table[contains(@id, \"listView-innerSelectionPanelTable-listUl\")]/tbody/tr[25]/td[2]/div"}
RESULT: {"using":"xpath","value":"//table[contains(@id, \"listView-innerSelectionPanelTable-listUl\")]/tbody/tr[25]/td[2]/div"}
COMMAND: POST /session/ffff9f21ee28ff8e1d9aa34f42faee99/element - {"using":"xpath","value":"//table[contains(@id, \"listView-innerSelectionPanelTable-listUl\")]/tbody/tr[25]/td[3]/div/div/span/span[1]/bdi"}
RESULT: {"using":"xpath","value":"//table[contains(@id, \"listView-innerSelectionPanelTable-listUl\")]/tbody/tr[25]/td[3]/div/div/span/span[1]/bdi"}
COMMAND: POST /session/ffff9f21ee28ff8e1d9aa34f42faee99/execute/sync - {"script":"<script> [56 bytes]","args":[{"element-6066-11e4-a52e-4f735466cecf":"f.7E00EA53797DB7C0883B340D4376DD1B.d.4A03B67B2F51E6B490EE5B3932E4578C.e.7943","ELEMENT":"f.7E00EA53797DB7C0883B340D4376DD1B.d.4A03B67B2F51E6B490EE5B3932E4578C.e.7943"}]}
RESULT: {"script":"<script> [56 bytes]","args":[{"element-6066-11e4-a52e-4f735466cecf":"f.7E00EA53797DB7C0883B340D4376DD1B.d.4A03B67B2F51E6B490EE5B3932E4578C.e.7943","ELEMENT":"f.7E00EA53797DB7C0883B340D4376DD1B.d.4A03B67B2F51E6B490EE5B3932E4578C.e.7943"}]}
COMMAND: GET /session/ffff9f21ee28ff8e1d9aa34f42faee99/element/f.7E00EA53797DB7C0883B340D4376DD1B.d.4A03B67B2F51E6B490EE5B3932E4578C.e.7942/attribute/aria-checked - {}
COMMAND: GET /session/ffff9f21ee28ff8e1d9aa34f42faee99/screenshot - {}
RESULT: {}
COMMAND: POST /session/ffff9f21ee28ff8e1d9aa34f42faee99/element - {"using":"xpath","value":"//bdi[contains(text(), \"OK\")]"}
RESULT: {}
RESULT: {"using":"xpath","value":"//bdi[contains(text(), \"OK\")]"}
COMMAND: POST /session/ffff9f21ee28ff8e1d9aa34f42faee99/element/f.7E00EA53797DB7C0883B340D4376DD1B.d.4A03B67B2F51E6B490EE5B3932E4578C.e.7944/click - {}
RESULT: {}
COMMAND: GET /session/ffff9f21ee28ff8e1d9aa34f42faee99/screenshot - {}
RESULT: {}
COMMAND: POST /session/ffff9f21ee28ff8e1d9aa34f42faee99/execute/async - {"script":"<script> [1562 bytes]","args":[{"selector":{"id":"application-managepartners-display-component---masterPtm--smartFilterBar-filterItemControlA_-LINK_TO_ADDRESSES_MAIN.ID-vhi"},"wdio_ui5_key":"applicationmanagepartners-display-component---masterPtm--smartFilterBar-filterItemControlA_-LINK_TO_ADDRESSES_MAIN.ID-vhi"}]}
RESULT: {"script":"<script> [1562 bytes]","args":[{"selector":{"id":"application-managepartners-display-component---masterPtm--smartFilterBar-filterItemControlA_-LINK_TO_ADDRESSES_MAIN.ID-vhi"},"wdio_ui5_key":"applicationmanagepartners-display-component---masterPtm--smartFilterBar-filterItemControlA_-LINK_TO_ADDRESSES_MAIN.ID-vhi"}]}
RESULT: undefined
COMMAND: POST /session/ffff9f21ee28ff8e1d9aa34f42faee99/element - {"using":"xpath","value":"//*[@id=\"application-managepartners-display-component---masterPtm--smartFilterBar-filterItemControlA_-LINK_TO_ADDRESSES_MAIN.ID-vhi\"]"}
RESULT: {"using":"xpath","value":"//*[@id=\"application-managepartners-display-component---masterPtm--smartFilterBar-filterItemControlA_-LINK_TO_ADDRESSES_MAIN.ID-vhi\"]"}
COMMAND: POST /session/ffff9f21ee28ff8e1d9aa34f42faee99/element/f.7E00EA53797DB7C0883B340D4376DD1B.d.4A03B67B2F51E6B490EE5B3932E4578C.e.7957/click - {}
RESULT: {}
COMMAND: GET /session/ffff9f21ee28ff8e1d9aa34f42faee99/screenshot - {}
RESULT: {}
COMMAND: POST /session/ffff9f21ee28ff8e1d9aa34f42faee99/element - {"using":"xpath","value":"//div[input[@value=\"contains\"]]//span[contains(@id, \"arrow\")]"}
RESULT: {"using":"xpath","value":"//div[input[@value=\"contains\"]]//span[contains(@id, \"arrow\")]"}
COMMAND: POST /session/ffff9f21ee28ff8e1d9aa34f42faee99/element/f.7E00EA53797DB7C0883B340D4376DD1B.d.4A03B67B2F51E6B490EE5B3932E4578C.e.7962/click - {}
RESULT: {}
COMMAND: GET /session/ffff9f21ee28ff8e1d9aa34f42faee99/screenshot - {}
RESULT: {}
COMMAND: POST /session/ffff9f21ee28ff8e1d9aa34f42faee99/element - {"using":"xpath","value":"//li[.//span[text()='equal to']]"}
RESULT: {"using":"xpath","value":"//li[.//span[text()='equal to']]"}
COMMAND: POST /session/ffff9f21ee28ff8e1d9aa34f42faee99/element/f.7E00EA53797DB7C0883B340D4376DD1B.d.4A03B67B2F51E6B490EE5B3932E4578C.e.7963/click - {}
RESULT: {}
COMMAND: GET /session/ffff9f21ee28ff8e1d9aa34f42faee99/screenshot - {}
RESULT: {}
RESULT: undefined
COMMAND: POST /session/ffff9f21ee28ff8e1d9aa34f42faee99/execute/async - {"script":"<script> [776 bytes]","args":[{"enterText":"1006","selector":{"controlType":"sap.m.Input","viewName":"etm.portal.ui.managepartners.view.Master","viewId":"application-managepartners-display-component---masterPtm","properties":{"valueState":"None"},"searchOpenDialogs":true,"interaction":{"idSuffix":"inner"}},"clearTextFirst":true,"interactionType":"ENTER_TEXT"}]}
RESULT: {"script":"<script> [776 bytes]","args":[{"enterText":"1006","selector":{"controlType":"sap.m.Input","viewName":"etm.portal.ui.managepartners.view.Master","viewId":"application-managepartners-display-component---masterPtm","properties":{"valueState":"None"},"searchOpenDialogs":true,"interaction":{"idSuffix":"inner"}},"clearTextFirst":true,"interactionType":"ENTER_TEXT"}]}
COMMAND: POST /session/ffff9f21ee28ff8e1d9aa34f42faee99/actions - {"actions":[{"id":"action22","type":"key","parameters":{},"actions":[{"type":"keyDown","value":"î€‡"},{"type":"pause","duration":10},{"type":"keyUp","value":"î€‡"}]}]}
RESULT: {"actions":[{"id":"action22","type":"key","parameters":{},"actions":[{"type":"keyDown","value":"î€‡"},{"type":"pause","duration":10},{"type":"keyUp","value":"î€‡"}]}]}
COMMAND: GET /session/ffff9f21ee28ff8e1d9aa34f42faee99/screenshot - {}
RESULT: {}
COMMAND: POST /session/ffff9f21ee28ff8e1d9aa34f42faee99/element - {"using":"xpath","value":"(//bdi[contains(text(), \"OK\")])[1]"}
RESULT: {"using":"xpath","value":"(//bdi[contains(text(), \"OK\")])[1]"}
COMMAND: POST /session/ffff9f21ee28ff8e1d9aa34f42faee99/element/f.7E00EA53797DB7C0883B340D4376DD1B.d.4A03B67B2F51E6B490EE5B3932E4578C.e.7964/click - {}
RESULT: {}
COMMAND: GET /session/ffff9f21ee28ff8e1d9aa34f42faee99/screenshot - {}
RESULT: {}
COMMAND: POST /session/ffff9f21ee28ff8e1d9aa34f42faee99/element - {"using":"xpath","value":"//span[@id=\"application-managepartners-display-component---masterPtm--smartTable-header-inner\"]"}
RESULT: {"using":"xpath","value":"//span[@id=\"application-managepartners-display-component---masterPtm--smartTable-header-inner\"]"}
COMMAND: POST /session/ffff9f21ee28ff8e1d9aa34f42faee99/elements - {"using":"xpath","value":"//span[@id=\"application-managepartners-display-component---masterPtm--smartTable-header-inner\"]"}
RESULT: {"using":"xpath","value":"//span[@id=\"application-managepartners-display-component---masterPtm--smartTable-header-inner\"]"}
COMMAND: POST /session/ffff9f21ee28ff8e1d9aa34f42faee99/execute/sync - {"script":"<script> [56 bytes]","args":[{"element-6066-11e4-a52e-4f735466cecf":"f.7E00EA53797DB7C0883B340D4376DD1B.d.4A03B67B2F51E6B490EE5B3932E4578C.e.7802","ELEMENT":"f.7E00EA53797DB7C0883B340D4376DD1B.d.4A03B67B2F51E6B490EE5B3932E4578C.e.7802"}]}
RESULT: {"script":"<script> [56 bytes]","args":[{"element-6066-11e4-a52e-4f735466cecf":"f.7E00EA53797DB7C0883B340D4376DD1B.d.4A03B67B2F51E6B490EE5B3932E4578C.e.7802","ELEMENT":"f.7E00EA53797DB7C0883B340D4376DD1B.d.4A03B67B2F51E6B490EE5B3932E4578C.e.7802"}]}
COMMAND: POST /session/ffff9f21ee28ff8e1d9aa34f42faee99/element - {"using":"xpath","value":"//span[contains(@title, \"Remove\")]"}
COMMAND: GET /session/ffff9f21ee28ff8e1d9aa34f42faee99/screenshot - {}
RESULT: {"using":"xpath","value":"//span[contains(@title, \"Remove\")]"}
COMMAND: POST /session/ffff9f21ee28ff8e1d9aa34f42faee99/element/f.7E00EA53797DB7C0883B340D4376DD1B.d.4A03B67B2F51E6B490EE5B3932E4578C.e.7969/click - {}
RESULT: {}
RESULT: {}
COMMAND: GET /session/ffff9f21ee28ff8e1d9aa34f42faee99/screenshot - {}
RESULT: {}
RESULT: undefined
COMMAND: POST /session/ffff9f21ee28ff8e1d9aa34f42faee99/element - {"using":"xpath","value":"//*[@id=\"application-managepartners-display-component---masterPtm--smartFilterBar-filterItemControl_BASIC-YARD-vhi\"]"}
RESULT: {"using":"xpath","value":"//*[@id=\"application-managepartners-display-component---masterPtm--smartFilterBar-filterItemControl_BASIC-YARD-vhi\"]"}
COMMAND: POST /session/ffff9f21ee28ff8e1d9aa34f42faee99/element/f.7E00EA53797DB7C0883B340D4376DD1B.d.4A03B67B2F51E6B490EE5B3932E4578C.e.8073/click - {}
RESULT: {}
COMMAND: GET /session/ffff9f21ee28ff8e1d9aa34f42faee99/screenshot - {}
RESULT: {}
RESULT: undefined
COMMAND: POST /session/ffff9f21ee28ff8e1d9aa34f42faee99/execute/async - {"script":"<script> [776 bytes]","args":[{"enterText":"Test","selector":{"id":"application-managepartners-display-component---masterPtm--smartFilterBar-filterItemControl_BASIC-YARD-valueHelpDialog-smartFilterBar-btnBasicSearch","searchOpenDialogs":true,"interaction":{"idSuffix":"I"}},"clearTextFirst":true,"interactionType":"ENTER_TEXT"}]}
RESULT: {"script":"<script> [776 bytes]","args":[{"enterText":"Test","selector":{"id":"application-managepartners-display-component---masterPtm--smartFilterBar-filterItemControl_BASIC-YARD-valueHelpDialog-smartFilterBar-btnBasicSearch","searchOpenDialogs":true,"interaction":{"idSuffix":"I"}},"clearTextFirst":true,"interactionType":"ENTER_TEXT"}]}
COMMAND: POST /session/ffff9f21ee28ff8e1d9aa34f42faee99/actions - {"actions":[{"id":"action23","type":"key","parameters":{},"actions":[{"type":"keyDown","value":"î€‡"},{"type":"pause","duration":10},{"type":"keyUp","value":"î€‡"}]}]}
RESULT: {"actions":[{"id":"action23","type":"key","parameters":{},"actions":[{"type":"keyDown","value":"î€‡"},{"type":"pause","duration":10},{"type":"keyUp","value":"î€‡"}]}]}
COMMAND: POST /session/ffff9f21ee28ff8e1d9aa34f42faee99/elements - {"using":"xpath","value":"//table[contains(@id, \"smartFilterBar-filterItemControl_BASIC-YARD-valueHelpDialog-table-table\")]/tbody/tr"}
COMMAND: GET /session/ffff9f21ee28ff8e1d9aa34f42faee99/screenshot - {}
RESULT: {"using":"xpath","value":"//table[contains(@id, \"smartFilterBar-filterItemControl_BASIC-YARD-valueHelpDialog-table-table\")]/tbody/tr"}
COMMAND: POST /session/ffff9f21ee28ff8e1d9aa34f42faee99/element - {"using":"xpath","value":"//table[contains(@id, \"smartFilterBar-filterItemControl_BASIC-YARD-valueHelpDialog-table-table\")]/tbody/tr[1]/td[1]/div/span"}
RESULT: {}
RESULT: {"using":"xpath","value":"//table[contains(@id, \"smartFilterBar-filterItemControl_BASIC-YARD-valueHelpDialog-table-table\")]/tbody/tr[1]/td[1]/div/span"}
COMMAND: POST /session/ffff9f21ee28ff8e1d9aa34f42faee99/elements - {"using":"xpath","value":"//table[contains(@id, \"smartFilterBar-filterItemControl_BASIC-YARD-valueHelpDialog-table-table\")]/tbody/tr[1]/td[1]/div/span"}
RESULT: {"using":"xpath","value":"//table[contains(@id, \"smartFilterBar-filterItemControl_BASIC-YARD-valueHelpDialog-table-table\")]/tbody/tr[1]/td[1]/div/span"}
COMMAND: POST /session/ffff9f21ee28ff8e1d9aa34f42faee99/execute/sync - {"script":"<script> [56 bytes]","args":[{"element-6066-11e4-a52e-4f735466cecf":"f.7E00EA53797DB7C0883B340D4376DD1B.d.4A03B67B2F51E6B490EE5B3932E4578C.e.8093","ELEMENT":"f.7E00EA53797DB7C0883B340D4376DD1B.d.4A03B67B2F51E6B490EE5B3932E4578C.e.8093"}]}
RESULT: {"script":"<script> [56 bytes]","args":[{"element-6066-11e4-a52e-4f735466cecf":"f.7E00EA53797DB7C0883B340D4376DD1B.d.4A03B67B2F51E6B490EE5B3932E4578C.e.8093","ELEMENT":"f.7E00EA53797DB7C0883B340D4376DD1B.d.4A03B67B2F51E6B490EE5B3932E4578C.e.8093"}]}
COMMAND: POST /session/ffff9f21ee28ff8e1d9aa34f42faee99/element - {"using":"xpath","value":"//table[contains(@id, \"smartFilterBar-filterItemControl_BASIC-YARD-valueHelpDialog-table-table\")]/tbody/tr[2]/td[1]/div/span"}
COMMAND: GET /session/ffff9f21ee28ff8e1d9aa34f42faee99/screenshot - {}
RESULT: {"using":"xpath","value":"//table[contains(@id, \"smartFilterBar-filterItemControl_BASIC-YARD-valueHelpDialog-table-table\")]/tbody/tr[2]/td[1]/div/span"}
COMMAND: POST /session/ffff9f21ee28ff8e1d9aa34f42faee99/elements - {"using":"xpath","value":"//table[contains(@id, \"smartFilterBar-filterItemControl_BASIC-YARD-valueHelpDialog-table-table\")]/tbody/tr[2]/td[1]/div/span"}
RESULT: {}
RESULT: {"using":"xpath","value":"//table[contains(@id, \"smartFilterBar-filterItemControl_BASIC-YARD-valueHelpDialog-table-table\")]/tbody/tr[2]/td[1]/div/span"}
COMMAND: POST /session/ffff9f21ee28ff8e1d9aa34f42faee99/execute/sync - {"script":"<script> [56 bytes]","args":[{"element-6066-11e4-a52e-4f735466cecf":"f.7E00EA53797DB7C0883B340D4376DD1B.d.4A03B67B2F51E6B490EE5B3932E4578C.e.8094","ELEMENT":"f.7E00EA53797DB7C0883B340D4376DD1B.d.4A03B67B2F51E6B490EE5B3932E4578C.e.8094"}]}
RESULT: {"script":"<script> [56 bytes]","args":[{"element-6066-11e4-a52e-4f735466cecf":"f.7E00EA53797DB7C0883B340D4376DD1B.d.4A03B67B2F51E6B490EE5B3932E4578C.e.8094","ELEMENT":"f.7E00EA53797DB7C0883B340D4376DD1B.d.4A03B67B2F51E6B490EE5B3932E4578C.e.8094"}]}
COMMAND: POST /session/ffff9f21ee28ff8e1d9aa34f42faee99/element - {"using":"xpath","value":"//table[contains(@id, \"smartFilterBar-filterItemControl_BASIC-YARD-valueHelpDialog-table-table\")]/tbody/tr[3]/td[1]/div/span"}
COMMAND: GET /session/ffff9f21ee28ff8e1d9aa34f42faee99/screenshot - {}
RESULT: {"using":"xpath","value":"//table[contains(@id, \"smartFilterBar-filterItemControl_BASIC-YARD-valueHelpDialog-table-table\")]/tbody/tr[3]/td[1]/div/span"}
COMMAND: POST /session/ffff9f21ee28ff8e1d9aa34f42faee99/elements - {"using":"xpath","value":"//table[contains(@id, \"smartFilterBar-filterItemControl_BASIC-YARD-valueHelpDialog-table-table\")]/tbody/tr[3]/td[1]/div/span"}
RESULT: {}
RESULT: {"using":"xpath","value":"//table[contains(@id, \"smartFilterBar-filterItemControl_BASIC-YARD-valueHelpDialog-table-table\")]/tbody/tr[3]/td[1]/div/span"}
COMMAND: POST /session/ffff9f21ee28ff8e1d9aa34f42faee99/execute/sync - {"script":"<script> [56 bytes]","args":[{"element-6066-11e4-a52e-4f735466cecf":"f.7E00EA53797DB7C0883B340D4376DD1B.d.4A03B67B2F51E6B490EE5B3932E4578C.e.8095","ELEMENT":"f.7E00EA53797DB7C0883B340D4376DD1B.d.4A03B67B2F51E6B490EE5B3932E4578C.e.8095"}]}
RESULT: {"script":"<script> [56 bytes]","args":[{"element-6066-11e4-a52e-4f735466cecf":"f.7E00EA53797DB7C0883B340D4376DD1B.d.4A03B67B2F51E6B490EE5B3932E4578C.e.8095","ELEMENT":"f.7E00EA53797DB7C0883B340D4376DD1B.d.4A03B67B2F51E6B490EE5B3932E4578C.e.8095"}]}
COMMAND: POST /session/ffff9f21ee28ff8e1d9aa34f42faee99/element - {"using":"xpath","value":"//div[contains(@id, \"filterItemControl_BASIC-YARD-valueHelpDialog-table-rowsel2\")]"}
COMMAND: GET /session/ffff9f21ee28ff8e1d9aa34f42faee99/screenshot - {}
RESULT: {"using":"xpath","value":"//div[contains(@id, \"filterItemControl_BASIC-YARD-valueHelpDialog-table-rowsel2\")]"}
COMMAND: POST /session/ffff9f21ee28ff8e1d9aa34f42faee99/element/f.7E00EA53797DB7C0883B340D4376DD1B.d.4A03B67B2F51E6B490EE5B3932E4578C.e.8096/click - {}
RESULT: {}
RESULT: {}
COMMAND: GET /session/ffff9f21ee28ff8e1d9aa34f42faee99/screenshot - {}
RESULT: {}
COMMAND: POST /session/ffff9f21ee28ff8e1d9aa34f42faee99/element - {"using":"xpath","value":"(//bdi[contains(text(), \"OK\")])[1]"}
RESULT: {"using":"xpath","value":"(//bdi[contains(text(), \"OK\")])[1]"}
COMMAND: POST /session/ffff9f21ee28ff8e1d9aa34f42faee99/element/f.7E00EA53797DB7C0883B340D4376DD1B.d.4A03B67B2F51E6B490EE5B3932E4578C.e.8098/click - {}
RESULT: {}
COMMAND: GET /session/ffff9f21ee28ff8e1d9aa34f42faee99/screenshot - {}
RESULT: {}
COMMAND: POST /session/ffff9f21ee28ff8e1d9aa34f42faee99/element - {"using":"xpath","value":"//span[@id=\"application-managepartners-display-component---masterPtm--smartTable-header-inner\"]"}
RESULT: {"using":"xpath","value":"//span[@id=\"application-managepartners-display-component---masterPtm--smartTable-header-inner\"]"}
COMMAND: POST /session/ffff9f21ee28ff8e1d9aa34f42faee99/elements - {"using":"xpath","value":"//span[@id=\"application-managepartners-display-component---masterPtm--smartTable-header-inner\"]"}
RESULT: {"using":"xpath","value":"//span[@id=\"application-managepartners-display-component---masterPtm--smartTable-header-inner\"]"}
COMMAND: POST /session/ffff9f21ee28ff8e1d9aa34f42faee99/execute/sync - {"script":"<script> [56 bytes]","args":[{"element-6066-11e4-a52e-4f735466cecf":"f.7E00EA53797DB7C0883B340D4376DD1B.d.4A03B67B2F51E6B490EE5B3932E4578C.e.7802","ELEMENT":"f.7E00EA53797DB7C0883B340D4376DD1B.d.4A03B67B2F51E6B490EE5B3932E4578C.e.7802"}]}
RESULT: {"script":"<script> [56 bytes]","args":[{"element-6066-11e4-a52e-4f735466cecf":"f.7E00EA53797DB7C0883B340D4376DD1B.d.4A03B67B2F51E6B490EE5B3932E4578C.e.7802","ELEMENT":"f.7E00EA53797DB7C0883B340D4376DD1B.d.4A03B67B2F51E6B490EE5B3932E4578C.e.7802"}]}
COMMAND: POST /session/ffff9f21ee28ff8e1d9aa34f42faee99/element - {"using":"xpath","value":"//span[contains(@title, \"Remove\")]"}
COMMAND: GET /session/ffff9f21ee28ff8e1d9aa34f42faee99/screenshot - {}
RESULT: {"using":"xpath","value":"//span[contains(@title, \"Remove\")]"}
COMMAND: POST /session/ffff9f21ee28ff8e1d9aa34f42faee99/element/f.7E00EA53797DB7C0883B340D4376DD1B.d.4A03B67B2F51E6B490EE5B3932E4578C.e.8112/click - {}
RESULT: {}
RESULT: {}
COMMAND: GET /session/ffff9f21ee28ff8e1d9aa34f42faee99/screenshot - {}
RESULT: {}
RESULT: undefined
COMMAND: POST /session/ffff9f21ee28ff8e1d9aa34f42faee99/element - {"using":"xpath","value":"//*[@id=\"application-managepartners-display-component---masterPtm--smartFilterBar-filterItemControl_BASIC-MAIN_ADDRESS-vhi\"]"}
RESULT: {"using":"xpath","value":"//*[@id=\"application-managepartners-display-component---masterPtm--smartFilterBar-filterItemControl_BASIC-MAIN_ADDRESS-vhi\"]"}
COMMAND: POST /session/ffff9f21ee28ff8e1d9aa34f42faee99/element/f.7E00EA53797DB7C0883B340D4376DD1B.d.4A03B67B2F51E6B490EE5B3932E4578C.e.8214/click - {}
RESULT: {}
COMMAND: GET /session/ffff9f21ee28ff8e1d9aa34f42faee99/screenshot - {}
RESULT: {}
RESULT: undefined
COMMAND: POST /session/ffff9f21ee28ff8e1d9aa34f42faee99/execute/async - {"script":"<script> [776 bytes]","args":[{"enterText":"Romania","selector":{"id":"application-managepartners-display-component---masterPtm--smartFilterBar-filterItemControl_BASIC-MAIN_ADDRESS-valueHelpDialog-smartFilterBar-btnBasicSearch","searchOpenDialogs":true,"interaction":{"idSuffix":"I"}},"clearTextFirst":true,"interactionType":"ENTER_TEXT"}]}
RESULT: {"script":"<script> [776 bytes]","args":[{"enterText":"Romania","selector":{"id":"application-managepartners-display-component---masterPtm--smartFilterBar-filterItemControl_BASIC-MAIN_ADDRESS-valueHelpDialog-smartFilterBar-btnBasicSearch","searchOpenDialogs":true,"interaction":{"idSuffix":"I"}},"clearTextFirst":true,"interactionType":"ENTER_TEXT"}]}
COMMAND: POST /session/ffff9f21ee28ff8e1d9aa34f42faee99/actions - {"actions":[{"id":"action24","type":"key","parameters":{},"actions":[{"type":"keyDown","value":"î€‡"},{"type":"pause","duration":10},{"type":"keyUp","value":"î€‡"}]}]}
RESULT: {"actions":[{"id":"action24","type":"key","parameters":{},"actions":[{"type":"keyDown","value":"î€‡"},{"type":"pause","duration":10},{"type":"keyUp","value":"î€‡"}]}]}
COMMAND: POST /session/ffff9f21ee28ff8e1d9aa34f42faee99/elements - {"using":"xpath","value":"//table[contains(@id, \"smartFilterBar-filterItemControl_BASIC-MAIN_ADDRESS-valueHelpDialog-table-table\")]/tbody/tr"}
COMMAND: GET /session/ffff9f21ee28ff8e1d9aa34f42faee99/screenshot - {}
RESULT: {"using":"xpath","value":"//table[contains(@id, \"smartFilterBar-filterItemControl_BASIC-MAIN_ADDRESS-valueHelpDialog-table-table\")]/tbody/tr"}
COMMAND: POST /session/ffff9f21ee28ff8e1d9aa34f42faee99/element - {"using":"xpath","value":"//table[contains(@id, \"smartFilterBar-filterItemControl_BASIC-MAIN_ADDRESS-valueHelpDialog-table-table\")]/tbody/tr[1]/td[1]/div/span"}
RESULT: {}
RESULT: {"using":"xpath","value":"//table[contains(@id, \"smartFilterBar-filterItemControl_BASIC-MAIN_ADDRESS-valueHelpDialog-table-table\")]/tbody/tr[1]/td[1]/div/span"}
COMMAND: POST /session/ffff9f21ee28ff8e1d9aa34f42faee99/elements - {"using":"xpath","value":"//table[contains(@id, \"smartFilterBar-filterItemControl_BASIC-MAIN_ADDRESS-valueHelpDialog-table-table\")]/tbody/tr[1]/td[1]/div/span"}
RESULT: {"using":"xpath","value":"//table[contains(@id, \"smartFilterBar-filterItemControl_BASIC-MAIN_ADDRESS-valueHelpDialog-table-table\")]/tbody/tr[1]/td[1]/div/span"}
COMMAND: POST /session/ffff9f21ee28ff8e1d9aa34f42faee99/execute/sync - {"script":"<script> [56 bytes]","args":[{"element-6066-11e4-a52e-4f735466cecf":"f.7E00EA53797DB7C0883B340D4376DD1B.d.4A03B67B2F51E6B490EE5B3932E4578C.e.8234","ELEMENT":"f.7E00EA53797DB7C0883B340D4376DD1B.d.4A03B67B2F51E6B490EE5B3932E4578C.e.8234"}]}
RESULT: {"script":"<script> [56 bytes]","args":[{"element-6066-11e4-a52e-4f735466cecf":"f.7E00EA53797DB7C0883B340D4376DD1B.d.4A03B67B2F51E6B490EE5B3932E4578C.e.8234","ELEMENT":"f.7E00EA53797DB7C0883B340D4376DD1B.d.4A03B67B2F51E6B490EE5B3932E4578C.e.8234"}]}
COMMAND: POST /session/ffff9f21ee28ff8e1d9aa34f42faee99/element - {"using":"xpath","value":"//div[contains(@id, \"filterItemControl_BASIC-MAIN_ADDRESS-valueHelpDialog-table-rowsel0\")]"}
COMMAND: GET /session/ffff9f21ee28ff8e1d9aa34f42faee99/screenshot - {}
RESULT: {"using":"xpath","value":"//div[contains(@id, \"filterItemControl_BASIC-MAIN_ADDRESS-valueHelpDialog-table-rowsel0\")]"}
COMMAND: POST /session/ffff9f21ee28ff8e1d9aa34f42faee99/element/f.7E00EA53797DB7C0883B340D4376DD1B.d.4A03B67B2F51E6B490EE5B3932E4578C.e.8235/click - {}
RESULT: {}
RESULT: {}
COMMAND: GET /session/ffff9f21ee28ff8e1d9aa34f42faee99/screenshot - {}
RESULT: {}
COMMAND: POST /session/ffff9f21ee28ff8e1d9aa34f42faee99/element - {"using":"xpath","value":"(//bdi[contains(text(), \"OK\")])[1]"}
RESULT: {"using":"xpath","value":"(//bdi[contains(text(), \"OK\")])[1]"}
COMMAND: POST /session/ffff9f21ee28ff8e1d9aa34f42faee99/element/f.7E00EA53797DB7C0883B340D4376DD1B.d.4A03B67B2F51E6B490EE5B3932E4578C.e.8237/click - {}
RESULT: {}
COMMAND: GET /session/ffff9f21ee28ff8e1d9aa34f42faee99/screenshot - {}
RESULT: {}
COMMAND: POST /session/ffff9f21ee28ff8e1d9aa34f42faee99/element - {"using":"xpath","value":"//span[@id=\"application-managepartners-display-component---masterPtm--smartTable-header-inner\"]"}
RESULT: {"using":"xpath","value":"//span[@id=\"application-managepartners-display-component---masterPtm--smartTable-header-inner\"]"}
COMMAND: POST /session/ffff9f21ee28ff8e1d9aa34f42faee99/elements - {"using":"xpath","value":"//span[@id=\"application-managepartners-display-component---masterPtm--smartTable-header-inner\"]"}
RESULT: {"using":"xpath","value":"//span[@id=\"application-managepartners-display-component---masterPtm--smartTable-header-inner\"]"}
COMMAND: POST /session/ffff9f21ee28ff8e1d9aa34f42faee99/execute/sync - {"script":"<script> [56 bytes]","args":[{"element-6066-11e4-a52e-4f735466cecf":"f.7E00EA53797DB7C0883B340D4376DD1B.d.4A03B67B2F51E6B490EE5B3932E4578C.e.7802","ELEMENT":"f.7E00EA53797DB7C0883B340D4376DD1B.d.4A03B67B2F51E6B490EE5B3932E4578C.e.7802"}]}
RESULT: {"script":"<script> [56 bytes]","args":[{"element-6066-11e4-a52e-4f735466cecf":"f.7E00EA53797DB7C0883B340D4376DD1B.d.4A03B67B2F51E6B490EE5B3932E4578C.e.7802","ELEMENT":"f.7E00EA53797DB7C0883B340D4376DD1B.d.4A03B67B2F51E6B490EE5B3932E4578C.e.7802"}]}
COMMAND: POST /session/ffff9f21ee28ff8e1d9aa34f42faee99/element - {"using":"xpath","value":"//span[contains(@title, \"Remove\")]"}
COMMAND: GET /session/ffff9f21ee28ff8e1d9aa34f42faee99/screenshot - {}
RESULT: {"using":"xpath","value":"//span[contains(@title, \"Remove\")]"}
COMMAND: POST /session/ffff9f21ee28ff8e1d9aa34f42faee99/element/f.7E00EA53797DB7C0883B340D4376DD1B.d.4A03B67B2F51E6B490EE5B3932E4578C.e.8251/click - {}
RESULT: {}
RESULT: {}
COMMAND: GET /session/ffff9f21ee28ff8e1d9aa34f42faee99/screenshot - {}
COMMAND: POST /session/ffff9f21ee28ff8e1d9aa34f42faee99/execute/async - {"script":"<script> [1562 bytes]","args":[{"selector":{"id":"application-managepartners-display-component---masterPtm--catalogs-arrow"},"wdio_ui5_key":"applicationmanagepartners-display-component---masterPtm--catalogs-arrow"}]}
RESULT: {}
RESULT: {"script":"<script> [1562 bytes]","args":[{"selector":{"id":"application-managepartners-display-component---masterPtm--catalogs-arrow"},"wdio_ui5_key":"applicationmanagepartners-display-component---masterPtm--catalogs-arrow"}]}
RESULT: undefined
COMMAND: POST /session/ffff9f21ee28ff8e1d9aa34f42faee99/element - {"using":"xpath","value":"//*[@id=\"application-managepartners-display-component---masterPtm--catalogs-arrow\"]"}
RESULT: {"using":"xpath","value":"//*[@id=\"application-managepartners-display-component---masterPtm--catalogs-arrow\"]"}
COMMAND: POST /session/ffff9f21ee28ff8e1d9aa34f42faee99/element/f.7E00EA53797DB7C0883B340D4376DD1B.d.4A03B67B2F51E6B490EE5B3932E4578C.e.8353/click - {}
RESULT: {}
COMMAND: GET /session/ffff9f21ee28ff8e1d9aa34f42faee99/screenshot - {}
RESULT: {}
COMMAND: POST /session/ffff9f21ee28ff8e1d9aa34f42faee99/element - {"using":"xpath","value":"//li[.//span[text()=\"Webshop Catalog\"]]//div[contains(@class,\"sapMCbBg\")]"}
RESULT: {"using":"xpath","value":"//li[.//span[text()=\"Webshop Catalog\"]]//div[contains(@class,\"sapMCbBg\")]"}
COMMAND: POST /session/ffff9f21ee28ff8e1d9aa34f42faee99/element/f.7E00EA53797DB7C0883B340D4376DD1B.d.4A03B67B2F51E6B490EE5B3932E4578C.e.8367/click - {}
RESULT: {}
COMMAND: GET /session/ffff9f21ee28ff8e1d9aa34f42faee99/screenshot - {}
RESULT: {}
RESULT: undefined
COMMAND: POST /session/ffff9f21ee28ff8e1d9aa34f42faee99/element - {"using":"xpath","value":"//*[@id=\"application-managepartners-display-component---masterPtm--catalogs-arrow\"]"}
RESULT: {"using":"xpath","value":"//*[@id=\"application-managepartners-display-component---masterPtm--catalogs-arrow\"]"}
COMMAND: POST /session/ffff9f21ee28ff8e1d9aa34f42faee99/element/f.7E00EA53797DB7C0883B340D4376DD1B.d.4A03B67B2F51E6B490EE5B3932E4578C.e.8353/click - {}
RESULT: {}
COMMAND: POST /session/ffff9f21ee28ff8e1d9aa34f42faee99/element - {"using":"xpath","value":"//span[@id=\"application-managepartners-display-component---masterPtm--smartTable-header-inner\"]"}
COMMAND: GET /session/ffff9f21ee28ff8e1d9aa34f42faee99/screenshot - {}
RESULT: {"using":"xpath","value":"//span[@id=\"application-managepartners-display-component---masterPtm--smartTable-header-inner\"]"}
COMMAND: POST /session/ffff9f21ee28ff8e1d9aa34f42faee99/elements - {"using":"xpath","value":"//span[@id=\"application-managepartners-display-component---masterPtm--smartTable-header-inner\"]"}
RESULT: {}
RESULT: {"using":"xpath","value":"//span[@id=\"application-managepartners-display-component---masterPtm--smartTable-header-inner\"]"}
COMMAND: POST /session/ffff9f21ee28ff8e1d9aa34f42faee99/execute/sync - {"script":"<script> [56 bytes]","args":[{"element-6066-11e4-a52e-4f735466cecf":"f.7E00EA53797DB7C0883B340D4376DD1B.d.4A03B67B2F51E6B490EE5B3932E4578C.e.7802","ELEMENT":"f.7E00EA53797DB7C0883B340D4376DD1B.d.4A03B67B2F51E6B490EE5B3932E4578C.e.7802"}]}
RESULT: {"script":"<script> [56 bytes]","args":[{"element-6066-11e4-a52e-4f735466cecf":"f.7E00EA53797DB7C0883B340D4376DD1B.d.4A03B67B2F51E6B490EE5B3932E4578C.e.7802","ELEMENT":"f.7E00EA53797DB7C0883B340D4376DD1B.d.4A03B67B2F51E6B490EE5B3932E4578C.e.7802"}]}
COMMAND: POST /session/ffff9f21ee28ff8e1d9aa34f42faee99/element - {"using":"xpath","value":"//span[contains(@title, \"Remove\")]"}
COMMAND: GET /session/ffff9f21ee28ff8e1d9aa34f42faee99/screenshot - {}
RESULT: {}
RESULT: {"using":"xpath","value":"//span[contains(@title, \"Remove\")]"}
COMMAND: POST /session/ffff9f21ee28ff8e1d9aa34f42faee99/element/f.7E00EA53797DB7C0883B340D4376DD1B.d.4A03B67B2F51E6B490EE5B3932E4578C.e.8381/click - {}
RESULT: {}
COMMAND: GET /session/ffff9f21ee28ff8e1d9aa34f42faee99/screenshot - {}
RESULT: {}
COMMAND: POST /session/ffff9f21ee28ff8e1d9aa34f42faee99/execute/async - {"script":"<script> [1562 bytes]","args":[{"selector":{"id":"application-managepartners-display-component---masterPtm--currencies-arrow"},"wdio_ui5_key":"applicationmanagepartners-display-component---masterPtm--currencies-arrow"}]}
RESULT: {"script":"<script> [1562 bytes]","args":[{"selector":{"id":"application-managepartners-display-component---masterPtm--currencies-arrow"},"wdio_ui5_key":"applicationmanagepartners-display-component---masterPtm--currencies-arrow"}]}
RESULT: undefined
COMMAND: POST /session/ffff9f21ee28ff8e1d9aa34f42faee99/element - {"using":"xpath","value":"//*[@id=\"application-managepartners-display-component---masterPtm--currencies-arrow\"]"}
RESULT: {"using":"xpath","value":"//*[@id=\"application-managepartners-display-component---masterPtm--currencies-arrow\"]"}
COMMAND: POST /session/ffff9f21ee28ff8e1d9aa34f42faee99/element/f.7E00EA53797DB7C0883B340D4376DD1B.d.4A03B67B2F51E6B490EE5B3932E4578C.e.8499/click - {}
RESULT: {}
COMMAND: GET /session/ffff9f21ee28ff8e1d9aa34f42faee99/screenshot - {}
RESULT: {}
COMMAND: POST /session/ffff9f21ee28ff8e1d9aa34f42faee99/element - {"using":"xpath","value":"//li[.//span[text()=\"US Dollar\"]]//div[contains(@class,\"sapMCbBg\")]"}
RESULT: {"using":"xpath","value":"//li[.//span[text()=\"US Dollar\"]]//div[contains(@class,\"sapMCbBg\")]"}
COMMAND: POST /session/ffff9f21ee28ff8e1d9aa34f42faee99/element/f.7E00EA53797DB7C0883B340D4376DD1B.d.4A03B67B2F51E6B490EE5B3932E4578C.e.8502/click - {}
RESULT: {}
COMMAND: GET /session/ffff9f21ee28ff8e1d9aa34f42faee99/screenshot - {}
RESULT: {}
RESULT: undefined
COMMAND: POST /session/ffff9f21ee28ff8e1d9aa34f42faee99/element - {"using":"xpath","value":"//*[@id=\"application-managepartners-display-component---masterPtm--currencies-arrow\"]"}
RESULT: {"using":"xpath","value":"//*[@id=\"application-managepartners-display-component---masterPtm--currencies-arrow\"]"}
COMMAND: POST /session/ffff9f21ee28ff8e1d9aa34f42faee99/element/f.7E00EA53797DB7C0883B340D4376DD1B.d.4A03B67B2F51E6B490EE5B3932E4578C.e.8499/click - {}
RESULT: {}
COMMAND: POST /session/ffff9f21ee28ff8e1d9aa34f42faee99/element - {"using":"xpath","value":"//span[@id=\"application-managepartners-display-component---masterPtm--smartTable-header-inner\"]"}
COMMAND: GET /session/ffff9f21ee28ff8e1d9aa34f42faee99/screenshot - {}
RESULT: {"using":"xpath","value":"//span[@id=\"application-managepartners-display-component---masterPtm--smartTable-header-inner\"]"}
COMMAND: POST /session/ffff9f21ee28ff8e1d9aa34f42faee99/elements - {"using":"xpath","value":"//span[@id=\"application-managepartners-display-component---masterPtm--smartTable-header-inner\"]"}
RESULT: {}
RESULT: {"using":"xpath","value":"//span[@id=\"application-managepartners-display-component---masterPtm--smartTable-header-inner\"]"}
COMMAND: POST /session/ffff9f21ee28ff8e1d9aa34f42faee99/execute/sync - {"script":"<script> [56 bytes]","args":[{"element-6066-11e4-a52e-4f735466cecf":"f.7E00EA53797DB7C0883B340D4376DD1B.d.4A03B67B2F51E6B490EE5B3932E4578C.e.7802","ELEMENT":"f.7E00EA53797DB7C0883B340D4376DD1B.d.4A03B67B2F51E6B490EE5B3932E4578C.e.7802"}]}
RESULT: {"script":"<script> [56 bytes]","args":[{"element-6066-11e4-a52e-4f735466cecf":"f.7E00EA53797DB7C0883B340D4376DD1B.d.4A03B67B2F51E6B490EE5B3932E4578C.e.7802","ELEMENT":"f.7E00EA53797DB7C0883B340D4376DD1B.d.4A03B67B2F51E6B490EE5B3932E4578C.e.7802"}]}
COMMAND: POST /session/ffff9f21ee28ff8e1d9aa34f42faee99/element - {"using":"xpath","value":"//span[contains(@title, \"Remove\")]"}
COMMAND: GET /session/ffff9f21ee28ff8e1d9aa34f42faee99/screenshot - {}
RESULT: {"using":"xpath","value":"//span[contains(@title, \"Remove\")]"}
COMMAND: POST /session/ffff9f21ee28ff8e1d9aa34f42faee99/element/f.7E00EA53797DB7C0883B340D4376DD1B.d.4A03B67B2F51E6B490EE5B3932E4578C.e.8600/click - {}
RESULT: {}
RESULT: {}
COMMAND: GET /session/ffff9f21ee28ff8e1d9aa34f42faee99/screenshot - {}
RESULT: {}
COMMAND: POST /session/ffff9f21ee28ff8e1d9aa34f42faee99/execute/async - {"script":"<script> [1562 bytes]","args":[{"selector":{"id":"application-managepartners-display-component---masterPtm--languages-arrow"},"wdio_ui5_key":"applicationmanagepartners-display-component---masterPtm--languages-arrow"}]}
RESULT: {"script":"<script> [1562 bytes]","args":[{"selector":{"id":"application-managepartners-display-component---masterPtm--languages-arrow"},"wdio_ui5_key":"applicationmanagepartners-display-component---masterPtm--languages-arrow"}]}
RESULT: undefined
COMMAND: POST /session/ffff9f21ee28ff8e1d9aa34f42faee99/element - {"using":"xpath","value":"//*[@id=\"application-managepartners-display-component---masterPtm--languages-arrow\"]"}
RESULT: {"using":"xpath","value":"//*[@id=\"application-managepartners-display-component---masterPtm--languages-arrow\"]"}
COMMAND: POST /session/ffff9f21ee28ff8e1d9aa34f42faee99/element/f.7E00EA53797DB7C0883B340D4376DD1B.d.4A03B67B2F51E6B490EE5B3932E4578C.e.8690/click - {}
RESULT: {}
COMMAND: GET /session/ffff9f21ee28ff8e1d9aa34f42faee99/screenshot - {}
RESULT: {}
COMMAND: POST /session/ffff9f21ee28ff8e1d9aa34f42faee99/element - {"using":"xpath","value":"//li[.//span[text()=\"German\"]]//div[contains(@class,\"sapMCbBg\")]"}
RESULT: {"using":"xpath","value":"//li[.//span[text()=\"German\"]]//div[contains(@class,\"sapMCbBg\")]"}
COMMAND: POST /session/ffff9f21ee28ff8e1d9aa34f42faee99/element/f.7E00EA53797DB7C0883B340D4376DD1B.d.4A03B67B2F51E6B490EE5B3932E4578C.e.8736/click - {}
RESULT: {}
COMMAND: GET /session/ffff9f21ee28ff8e1d9aa34f42faee99/screenshot - {}
RESULT: {}
RESULT: undefined
COMMAND: POST /session/ffff9f21ee28ff8e1d9aa34f42faee99/element - {"using":"xpath","value":"//*[@id=\"application-managepartners-display-component---masterPtm--languages-arrow\"]"}
RESULT: {"using":"xpath","value":"//*[@id=\"application-managepartners-display-component---masterPtm--languages-arrow\"]"}
COMMAND: POST /session/ffff9f21ee28ff8e1d9aa34f42faee99/element/f.7E00EA53797DB7C0883B340D4376DD1B.d.4A03B67B2F51E6B490EE5B3932E4578C.e.8690/click - {}
RESULT: {}
COMMAND: POST /session/ffff9f21ee28ff8e1d9aa34f42faee99/element - {"using":"xpath","value":"//span[@id=\"application-managepartners-display-component---masterPtm--smartTable-header-inner\"]"}
COMMAND: GET /session/ffff9f21ee28ff8e1d9aa34f42faee99/screenshot - {}
RESULT: {"using":"xpath","value":"//span[@id=\"application-managepartners-display-component---masterPtm--smartTable-header-inner\"]"}
COMMAND: POST /session/ffff9f21ee28ff8e1d9aa34f42faee99/elements - {"using":"xpath","value":"//span[@id=\"application-managepartners-display-component---masterPtm--smartTable-header-inner\"]"}
RESULT: {}
RESULT: {"using":"xpath","value":"//span[@id=\"application-managepartners-display-component---masterPtm--smartTable-header-inner\"]"}
COMMAND: POST /session/ffff9f21ee28ff8e1d9aa34f42faee99/execute/sync - {"script":"<script> [56 bytes]","args":[{"element-6066-11e4-a52e-4f735466cecf":"f.7E00EA53797DB7C0883B340D4376DD1B.d.4A03B67B2F51E6B490EE5B3932E4578C.e.7802","ELEMENT":"f.7E00EA53797DB7C0883B340D4376DD1B.d.4A03B67B2F51E6B490EE5B3932E4578C.e.7802"}]}
RESULT: {"script":"<script> [56 bytes]","args":[{"element-6066-11e4-a52e-4f735466cecf":"f.7E00EA53797DB7C0883B340D4376DD1B.d.4A03B67B2F51E6B490EE5B3932E4578C.e.7802","ELEMENT":"f.7E00EA53797DB7C0883B340D4376DD1B.d.4A03B67B2F51E6B490EE5B3932E4578C.e.7802"}]}
COMMAND: POST /session/ffff9f21ee28ff8e1d9aa34f42faee99/element - {"using":"css selector","value":"#shell-header-logo"}
COMMAND: GET /session/ffff9f21ee28ff8e1d9aa34f42faee99/screenshot - {}
RESULT: {"using":"css selector","value":"#shell-header-logo"}
COMMAND: POST /session/ffff9f21ee28ff8e1d9aa34f42faee99/element/f.7E00EA53797DB7C0883B340D4376DD1B.d.4A03B67B2F51E6B490EE5B3932E4578C.e.7626/click - {}
RESULT: {}
RESULT: {}
COMMAND: GET /session/ffff9f21ee28ff8e1d9aa34f42faee99/screenshot - {}
RESULT: {}
COMMAND: DELETE /session/ffff9f21ee28ff8e1d9aa34f42faee99 - {}
RESULT: {}
]]></system-out>
    </testcase>
  </testsuite>
</testsuites>