<?xml version="1.0" encoding="UTF-8"?>
<testsuites tests="49" failures="0" errors="0" skipped="0">
  <testsuite timestamp="2025-04-14T15:12:42" time="1690.847" tests="49" failures="0" errors="0" skipped="0">
    <properties>
      <property name="specId" value="0"/>
      <property name="suiteName" value="Sanity Tests US104253"/>
      <property name="capabilities" value="chrome.135_0_7049_42.windows"/>
      <property name="file" value="file:///D:/a/1/s/test/specs/General/sanity.spec.js"/>
    </properties>
    <testcase classname="chrome.135_0_7049_42.windows.Sanity_Tests_US104253" name="Should open Manage Partners page" time="29.899">
      <system-out><![CDATA[
COMMAND: POST /session/f99cb1a050fbe9a90033840217c5bfe8/execute/async - {"script":"<script> [1562 bytes]","args":[{"selector":{"controlType":"sap.m.GenericTile","properties":{"header":"Manage Partners"}},"wdio_ui5_key":"sapm.GenericTile{\"header\":\"Manage Partners\"}"}]}
RESULT: {"script":"<script> [1562 bytes]","args":[{"selector":{"controlType":"sap.m.GenericTile","properties":{"header":"Manage Partners"}},"wdio_ui5_key":"sapm.GenericTile{\"header\":\"Manage Partners\"}"}]}
RESULT: undefined
COMMAND: POST /session/f99cb1a050fbe9a90033840217c5bfe8/element - {"using":"xpath","value":"//*[@id=\"__tile49\"]"}
RESULT: {"using":"xpath","value":"//*[@id=\"__tile49\"]"}
COMMAND: POST /session/f99cb1a050fbe9a90033840217c5bfe8/element/f.92807732B44260480D43414758AACD61.d.F8BEF230FDE6D5B4CB73937B8D51242F.e.122/click - {}
RESULT: {}
COMMAND: GET /session/f99cb1a050fbe9a90033840217c5bfe8/screenshot - {}
RESULT: {}
RESULT: undefined
COMMAND: POST /session/f99cb1a050fbe9a90033840217c5bfe8/element - {"using":"xpath","value":"//*[@id=\"__tile49\"]"}
RESULT: {"using":"xpath","value":"//*[@id=\"__tile49\"]"}
COMMAND: POST /session/f99cb1a050fbe9a90033840217c5bfe8/element/f.92807732B44260480D43414758AACD61.d.F8BEF230FDE6D5B4CB73937B8D51242F.e.122/click - {}
RESULT: undefined
COMMAND: POST /session/f99cb1a050fbe9a90033840217c5bfe8/element - {"using":"xpath","value":"//*[@id=\"__tile49\"]"}
RESULT: {"using":"xpath","value":"//*[@id=\"__tile49\"]"}
COMMAND: POST /session/f99cb1a050fbe9a90033840217c5bfe8/element/f.92807732B44260480D43414758AACD61.d.F8BEF230FDE6D5B4CB73937B8D51242F.e.122/click - {}
COMMAND: POST /session/f99cb1a050fbe9a90033840217c5bfe8/execute/async - {"script":"<script> [1562 bytes]","args":[{"selector":{"id":"shellAppTitle"},"wdio_ui5_key":"shellAppTitle"}]}
RESULT: {"script":"<script> [1562 bytes]","args":[{"selector":{"id":"shellAppTitle"},"wdio_ui5_key":"shellAppTitle"}]}
RESULT: undefined
COMMAND: POST /session/f99cb1a050fbe9a90033840217c5bfe8/execute/async - {"script":"<script> [6424 bytes]","args":[{"element-6066-11e4-a52e-4f735466cecf":"f.92807732B44260480D43414758AACD61.d.F8BEF230FDE6D5B4CB73937B8D51242F.e.295"},"getTitle",[]]}
RESULT: {"script":"<script> [6424 bytes]","args":[{"element-6066-11e4-a52e-4f735466cecf":"f.92807732B44260480D43414758AACD61.d.F8BEF230FDE6D5B4CB73937B8D51242F.e.295"},"getTitle",[]]}
COMMAND: POST /session/f99cb1a050fbe9a90033840217c5bfe8/execute/async - {"script":"<script> [1562 bytes]","args":[{"selector":{"id":"backBtn"},"wdio_ui5_key":"backBtn"}]}
RESULT: {"script":"<script> [1562 bytes]","args":[{"selector":{"id":"backBtn"},"wdio_ui5_key":"backBtn"}]}
RESULT: undefined
COMMAND: POST /session/f99cb1a050fbe9a90033840217c5bfe8/element - {"using":"xpath","value":"//*[@id=\"backBtn\"]"}
RESULT: {"using":"xpath","value":"//*[@id=\"backBtn\"]"}
COMMAND: POST /session/f99cb1a050fbe9a90033840217c5bfe8/element/f.92807732B44260480D43414758AACD61.d.F8BEF230FDE6D5B4CB73937B8D51242F.e.296/click - {}
RESULT: {}
COMMAND: GET /session/f99cb1a050fbe9a90033840217c5bfe8/screenshot - {}
RESULT: {}
]]></system-out>
    </testcase>
    <testcase classname="chrome.135_0_7049_42.windows.Sanity_Tests_US104253" name="Should open Manage Sites page" time="34.014">
      <system-out><![CDATA[
COMMAND: POST /session/f99cb1a050fbe9a90033840217c5bfe8/execute/async - {"script":"<script> [1562 bytes]","args":[{"selector":{"controlType":"sap.m.GenericTile","properties":{"header":"Manage Sites"}},"wdio_ui5_key":"sapm.GenericTile{\"header\":\"Manage Sites\"}"}]}
RESULT: {"script":"<script> [1562 bytes]","args":[{"selector":{"controlType":"sap.m.GenericTile","properties":{"header":"Manage Sites"}},"wdio_ui5_key":"sapm.GenericTile{\"header\":\"Manage Sites\"}"}]}
RESULT: undefined
COMMAND: POST /session/f99cb1a050fbe9a90033840217c5bfe8/element - {"using":"xpath","value":"//*[@id=\"__tile51\"]"}
RESULT: {"using":"xpath","value":"//*[@id=\"__tile51\"]"}
COMMAND: POST /session/f99cb1a050fbe9a90033840217c5bfe8/element/f.92807732B44260480D43414758AACD61.d.F8BEF230FDE6D5B4CB73937B8D51242F.e.298/click - {}
RESULT: {}
COMMAND: GET /session/f99cb1a050fbe9a90033840217c5bfe8/screenshot - {}
RESULT: {}
RESULT: undefined
COMMAND: POST /session/f99cb1a050fbe9a90033840217c5bfe8/element - {"using":"xpath","value":"//*[@id=\"__tile51\"]"}
RESULT: {"using":"xpath","value":"//*[@id=\"__tile51\"]"}
COMMAND: POST /session/f99cb1a050fbe9a90033840217c5bfe8/element/f.92807732B44260480D43414758AACD61.d.F8BEF230FDE6D5B4CB73937B8D51242F.e.298/click - {}
RESULT: undefined
COMMAND: POST /session/f99cb1a050fbe9a90033840217c5bfe8/element - {"using":"xpath","value":"//*[@id=\"__tile51\"]"}
RESULT: {"using":"xpath","value":"//*[@id=\"__tile51\"]"}
COMMAND: POST /session/f99cb1a050fbe9a90033840217c5bfe8/element/f.92807732B44260480D43414758AACD61.d.F8BEF230FDE6D5B4CB73937B8D51242F.e.298/click - {}
RESULT: undefined
COMMAND: POST /session/f99cb1a050fbe9a90033840217c5bfe8/execute/async - {"script":"<script> [6424 bytes]","args":[{"element-6066-11e4-a52e-4f735466cecf":"f.92807732B44260480D43414758AACD61.d.F8BEF230FDE6D5B4CB73937B8D51242F.e.295"},"getTitle",[]]}
COMMAND: POST /session/f99cb1a050fbe9a90033840217c5bfe8/execute/async - {"script":"<script> [1562 bytes]","args":[{"selector":{"id":"shellAppTitle"},"wdio_ui5_key":"shellAppTitle"}]}
RESULT: {"script":"<script> [1562 bytes]","args":[{"selector":{"id":"shellAppTitle"},"wdio_ui5_key":"shellAppTitle"}]}
COMMAND: POST /session/f99cb1a050fbe9a90033840217c5bfe8/execute/async - {"script":"<script> [6424 bytes]","args":[{"element-6066-11e4-a52e-4f735466cecf":"f.92807732B44260480D43414758AACD61.d.F8BEF230FDE6D5B4CB73937B8D51242F.e.546"},"getTitle",[]]}
RESULT: {"script":"<script> [6424 bytes]","args":[{"element-6066-11e4-a52e-4f735466cecf":"f.92807732B44260480D43414758AACD61.d.F8BEF230FDE6D5B4CB73937B8D51242F.e.546"},"getTitle",[]]}
RESULT: undefined
COMMAND: POST /session/f99cb1a050fbe9a90033840217c5bfe8/element/f.92807732B44260480D43414758AACD61.d.F8BEF230FDE6D5B4CB73937B8D51242F.e.296/click - {}
RESULT: {}
COMMAND: GET /session/f99cb1a050fbe9a90033840217c5bfe8/screenshot - {}
RESULT: {}
]]></system-out>
    </testcase>
    <testcase classname="chrome.135_0_7049_42.windows.Sanity_Tests_US104253" name="Should open Manage Resources page" time="30.779">
      <system-out><![CDATA[
COMMAND: POST /session/f99cb1a050fbe9a90033840217c5bfe8/execute/async - {"script":"<script> [1562 bytes]","args":[{"selector":{"controlType":"sap.m.GenericTile","properties":{"header":"Manage Resources"}},"wdio_ui5_key":"sapm.GenericTile{\"header\":\"Manage Resources\"}"}]}
RESULT: {"script":"<script> [1562 bytes]","args":[{"selector":{"controlType":"sap.m.GenericTile","properties":{"header":"Manage Resources"}},"wdio_ui5_key":"sapm.GenericTile{\"header\":\"Manage Resources\"}"}]}
RESULT: undefined
COMMAND: POST /session/f99cb1a050fbe9a90033840217c5bfe8/element - {"using":"xpath","value":"//*[@id=\"__tile50\"]"}
RESULT: {"using":"xpath","value":"//*[@id=\"__tile50\"]"}
COMMAND: POST /session/f99cb1a050fbe9a90033840217c5bfe8/element/f.92807732B44260480D43414758AACD61.d.F8BEF230FDE6D5B4CB73937B8D51242F.e.548/click - {}
RESULT: {}
COMMAND: GET /session/f99cb1a050fbe9a90033840217c5bfe8/screenshot - {}
RESULT: {}
RESULT: undefined
COMMAND: POST /session/f99cb1a050fbe9a90033840217c5bfe8/element - {"using":"xpath","value":"//*[@id=\"__tile50\"]"}
RESULT: {"using":"xpath","value":"//*[@id=\"__tile50\"]"}
COMMAND: POST /session/f99cb1a050fbe9a90033840217c5bfe8/element/f.92807732B44260480D43414758AACD61.d.F8BEF230FDE6D5B4CB73937B8D51242F.e.548/click - {}
RESULT: undefined
COMMAND: POST /session/f99cb1a050fbe9a90033840217c5bfe8/element - {"using":"xpath","value":"//*[@id=\"__tile50\"]"}
RESULT: {"using":"xpath","value":"//*[@id=\"__tile50\"]"}
COMMAND: POST /session/f99cb1a050fbe9a90033840217c5bfe8/element/f.92807732B44260480D43414758AACD61.d.F8BEF230FDE6D5B4CB73937B8D51242F.e.548/click - {}
RESULT: undefined
RESULT: undefined
COMMAND: POST /session/f99cb1a050fbe9a90033840217c5bfe8/execute/async - {"script":"<script> [6424 bytes]","args":[{"element-6066-11e4-a52e-4f735466cecf":"f.92807732B44260480D43414758AACD61.d.F8BEF230FDE6D5B4CB73937B8D51242F.e.295"},"getTitle",[]]}
COMMAND: POST /session/f99cb1a050fbe9a90033840217c5bfe8/execute/async - {"script":"<script> [1562 bytes]","args":[{"selector":{"id":"shellAppTitle"},"wdio_ui5_key":"shellAppTitle"}]}
RESULT: {"script":"<script> [1562 bytes]","args":[{"selector":{"id":"shellAppTitle"},"wdio_ui5_key":"shellAppTitle"}]}
COMMAND: POST /session/f99cb1a050fbe9a90033840217c5bfe8/execute/async - {"script":"<script> [6424 bytes]","args":[{"element-6066-11e4-a52e-4f735466cecf":"f.92807732B44260480D43414758AACD61.d.F8BEF230FDE6D5B4CB73937B8D51242F.e.718"},"getTitle",[]]}
RESULT: {"script":"<script> [6424 bytes]","args":[{"element-6066-11e4-a52e-4f735466cecf":"f.92807732B44260480D43414758AACD61.d.F8BEF230FDE6D5B4CB73937B8D51242F.e.718"},"getTitle",[]]}
RESULT: undefined
COMMAND: POST /session/f99cb1a050fbe9a90033840217c5bfe8/element/f.92807732B44260480D43414758AACD61.d.F8BEF230FDE6D5B4CB73937B8D51242F.e.296/click - {}
COMMAND: POST /session/f99cb1a050fbe9a90033840217c5bfe8/element - {"using":"xpath","value":"//*[@id=\"backBtn\"]"}
RESULT: {"using":"xpath","value":"//*[@id=\"backBtn\"]"}
COMMAND: POST /session/f99cb1a050fbe9a90033840217c5bfe8/element/f.92807732B44260480D43414758AACD61.d.F8BEF230FDE6D5B4CB73937B8D51242F.e.296/click - {}
COMMAND: POST /session/f99cb1a050fbe9a90033840217c5bfe8/element - {"using":"xpath","value":"//*[@id=\"backBtn\"]"}
RESULT: {"using":"xpath","value":"//*[@id=\"backBtn\"]"}
COMMAND: POST /session/f99cb1a050fbe9a90033840217c5bfe8/element/f.92807732B44260480D43414758AACD61.d.F8BEF230FDE6D5B4CB73937B8D51242F.e.719/click - {}
RESULT: {}
COMMAND: GET /session/f99cb1a050fbe9a90033840217c5bfe8/screenshot - {}
RESULT: {}
]]></system-out>
    </testcase>
    <testcase classname="chrome.135_0_7049_42.windows.Sanity_Tests_US104253" name="Should open Manage Catalogs page" time="32.588">
      <system-out><![CDATA[
COMMAND: POST /session/f99cb1a050fbe9a90033840217c5bfe8/execute/async - {"script":"<script> [1562 bytes]","args":[{"selector":{"controlType":"sap.m.GenericTile","properties":{"header":"Manage Catalogs"}},"wdio_ui5_key":"sapm.GenericTile{\"header\":\"Manage Catalogs\"}"}]}
RESULT: {"script":"<script> [1562 bytes]","args":[{"selector":{"controlType":"sap.m.GenericTile","properties":{"header":"Manage Catalogs"}},"wdio_ui5_key":"sapm.GenericTile{\"header\":\"Manage Catalogs\"}"}]}
RESULT: undefined
COMMAND: POST /session/f99cb1a050fbe9a90033840217c5bfe8/element - {"using":"xpath","value":"//*[@id=\"__tile48\"]"}
RESULT: {"using":"xpath","value":"//*[@id=\"__tile48\"]"}
COMMAND: POST /session/f99cb1a050fbe9a90033840217c5bfe8/element/f.92807732B44260480D43414758AACD61.d.F8BEF230FDE6D5B4CB73937B8D51242F.e.721/click - {}
RESULT: {}
COMMAND: GET /session/f99cb1a050fbe9a90033840217c5bfe8/screenshot - {}
RESULT: {}
RESULT: undefined
COMMAND: POST /session/f99cb1a050fbe9a90033840217c5bfe8/element - {"using":"xpath","value":"//*[@id=\"__tile48\"]"}
RESULT: {"using":"xpath","value":"//*[@id=\"__tile48\"]"}
COMMAND: POST /session/f99cb1a050fbe9a90033840217c5bfe8/element/f.92807732B44260480D43414758AACD61.d.F8BEF230FDE6D5B4CB73937B8D51242F.e.721/click - {}
RESULT: undefined
COMMAND: POST /session/f99cb1a050fbe9a90033840217c5bfe8/element - {"using":"xpath","value":"//*[@id=\"__tile48\"]"}
RESULT: {"using":"xpath","value":"//*[@id=\"__tile48\"]"}
COMMAND: POST /session/f99cb1a050fbe9a90033840217c5bfe8/element/f.92807732B44260480D43414758AACD61.d.F8BEF230FDE6D5B4CB73937B8D51242F.e.721/click - {}
RESULT: undefined
COMMAND: POST /session/f99cb1a050fbe9a90033840217c5bfe8/execute/async - {"script":"<script> [6424 bytes]","args":[{"element-6066-11e4-a52e-4f735466cecf":"f.92807732B44260480D43414758AACD61.d.F8BEF230FDE6D5B4CB73937B8D51242F.e.295"},"getTitle",[]]}
COMMAND: POST /session/f99cb1a050fbe9a90033840217c5bfe8/execute/async - {"script":"<script> [1562 bytes]","args":[{"selector":{"id":"shellAppTitle"},"wdio_ui5_key":"shellAppTitle"}]}
RESULT: {"script":"<script> [1562 bytes]","args":[{"selector":{"id":"shellAppTitle"},"wdio_ui5_key":"shellAppTitle"}]}
COMMAND: POST /session/f99cb1a050fbe9a90033840217c5bfe8/execute/async - {"script":"<script> [6424 bytes]","args":[{"element-6066-11e4-a52e-4f735466cecf":"f.92807732B44260480D43414758AACD61.d.F8BEF230FDE6D5B4CB73937B8D51242F.e.790"},"getTitle",[]]}
RESULT: {"script":"<script> [6424 bytes]","args":[{"element-6066-11e4-a52e-4f735466cecf":"f.92807732B44260480D43414758AACD61.d.F8BEF230FDE6D5B4CB73937B8D51242F.e.790"},"getTitle",[]]}
RESULT: undefined
COMMAND: POST /session/f99cb1a050fbe9a90033840217c5bfe8/element/f.92807732B44260480D43414758AACD61.d.F8BEF230FDE6D5B4CB73937B8D51242F.e.719/click - {}
RESULT: {}
COMMAND: GET /session/f99cb1a050fbe9a90033840217c5bfe8/screenshot - {}
RESULT: {}
]]></system-out>
    </testcase>
    <testcase classname="chrome.135_0_7049_42.windows.Sanity_Tests_US104253" name="Should open Manage Calendars page" time="33.469">
      <system-out><![CDATA[
COMMAND: POST /session/f99cb1a050fbe9a90033840217c5bfe8/execute/async - {"script":"<script> [1562 bytes]","args":[{"selector":{"controlType":"sap.m.GenericTile","properties":{"header":"Manage Calendars"}},"wdio_ui5_key":"sapm.GenericTile{\"header\":\"Manage Calendars\"}"}]}
RESULT: {"script":"<script> [1562 bytes]","args":[{"selector":{"controlType":"sap.m.GenericTile","properties":{"header":"Manage Calendars"}},"wdio_ui5_key":"sapm.GenericTile{\"header\":\"Manage Calendars\"}"}]}
RESULT: undefined
COMMAND: POST /session/f99cb1a050fbe9a90033840217c5bfe8/element - {"using":"xpath","value":"//*[@id=\"__tile47\"]"}
RESULT: {"using":"xpath","value":"//*[@id=\"__tile47\"]"}
COMMAND: POST /session/f99cb1a050fbe9a90033840217c5bfe8/element/f.92807732B44260480D43414758AACD61.d.F8BEF230FDE6D5B4CB73937B8D51242F.e.793/click - {}
RESULT: {}
COMMAND: GET /session/f99cb1a050fbe9a90033840217c5bfe8/screenshot - {}
RESULT: {}
RESULT: undefined
COMMAND: POST /session/f99cb1a050fbe9a90033840217c5bfe8/element - {"using":"xpath","value":"//*[@id=\"__tile47\"]"}
RESULT: {"using":"xpath","value":"//*[@id=\"__tile47\"]"}
COMMAND: POST /session/f99cb1a050fbe9a90033840217c5bfe8/element/f.92807732B44260480D43414758AACD61.d.F8BEF230FDE6D5B4CB73937B8D51242F.e.793/click - {}
RESULT: undefined
COMMAND: POST /session/f99cb1a050fbe9a90033840217c5bfe8/element - {"using":"xpath","value":"//*[@id=\"__tile47\"]"}
RESULT: {"using":"xpath","value":"//*[@id=\"__tile47\"]"}
COMMAND: POST /session/f99cb1a050fbe9a90033840217c5bfe8/element/f.92807732B44260480D43414758AACD61.d.F8BEF230FDE6D5B4CB73937B8D51242F.e.793/click - {}
RESULT: undefined
COMMAND: POST /session/f99cb1a050fbe9a90033840217c5bfe8/execute/async - {"script":"<script> [6424 bytes]","args":[{"element-6066-11e4-a52e-4f735466cecf":"f.92807732B44260480D43414758AACD61.d.F8BEF230FDE6D5B4CB73937B8D51242F.e.295"},"getTitle",[]]}
COMMAND: POST /session/f99cb1a050fbe9a90033840217c5bfe8/execute/async - {"script":"<script> [1562 bytes]","args":[{"selector":{"id":"shellAppTitle"},"wdio_ui5_key":"shellAppTitle"}]}
RESULT: {"script":"<script> [1562 bytes]","args":[{"selector":{"id":"shellAppTitle"},"wdio_ui5_key":"shellAppTitle"}]}
COMMAND: POST /session/f99cb1a050fbe9a90033840217c5bfe8/execute/async - {"script":"<script> [6424 bytes]","args":[{"element-6066-11e4-a52e-4f735466cecf":"f.92807732B44260480D43414758AACD61.d.F8BEF230FDE6D5B4CB73937B8D51242F.e.860"},"getTitle",[]]}
RESULT: {"script":"<script> [6424 bytes]","args":[{"element-6066-11e4-a52e-4f735466cecf":"f.92807732B44260480D43414758AACD61.d.F8BEF230FDE6D5B4CB73937B8D51242F.e.860"},"getTitle",[]]}
RESULT: undefined
COMMAND: POST /session/f99cb1a050fbe9a90033840217c5bfe8/element/f.92807732B44260480D43414758AACD61.d.F8BEF230FDE6D5B4CB73937B8D51242F.e.719/click - {}
COMMAND: POST /session/f99cb1a050fbe9a90033840217c5bfe8/element - {"using":"xpath","value":"//*[@id=\"backBtn\"]"}
RESULT: {"using":"xpath","value":"//*[@id=\"backBtn\"]"}
COMMAND: POST /session/f99cb1a050fbe9a90033840217c5bfe8/element/f.92807732B44260480D43414758AACD61.d.F8BEF230FDE6D5B4CB73937B8D51242F.e.719/click - {}
COMMAND: POST /session/f99cb1a050fbe9a90033840217c5bfe8/element - {"using":"xpath","value":"//*[@id=\"backBtn\"]"}
RESULT: {"using":"xpath","value":"//*[@id=\"backBtn\"]"}
COMMAND: POST /session/f99cb1a050fbe9a90033840217c5bfe8/element/f.92807732B44260480D43414758AACD61.d.F8BEF230FDE6D5B4CB73937B8D51242F.e.861/click - {}
RESULT: {}
COMMAND: GET /session/f99cb1a050fbe9a90033840217c5bfe8/screenshot - {}
RESULT: {}
]]></system-out>
    </testcase>
    <testcase classname="chrome.135_0_7049_42.windows.Sanity_Tests_US104253" name="Should open Address Management page" time="33.759">
      <system-out><![CDATA[
COMMAND: POST /session/f99cb1a050fbe9a90033840217c5bfe8/execute/async - {"script":"<script> [1562 bytes]","args":[{"selector":{"controlType":"sap.m.GenericTile","properties":{"header":"Address Management"}},"wdio_ui5_key":"sapm.GenericTile{\"header\":\"Address Management\"}"}]}
RESULT: {"script":"<script> [1562 bytes]","args":[{"selector":{"controlType":"sap.m.GenericTile","properties":{"header":"Address Management"}},"wdio_ui5_key":"sapm.GenericTile{\"header\":\"Address Management\"}"}]}
RESULT: undefined
COMMAND: POST /session/f99cb1a050fbe9a90033840217c5bfe8/element - {"using":"xpath","value":"//*[@id=\"__tile44\"]"}
RESULT: {"using":"xpath","value":"//*[@id=\"__tile44\"]"}
COMMAND: POST /session/f99cb1a050fbe9a90033840217c5bfe8/element/f.92807732B44260480D43414758AACD61.d.F8BEF230FDE6D5B4CB73937B8D51242F.e.863/click - {}
RESULT: {}
COMMAND: GET /session/f99cb1a050fbe9a90033840217c5bfe8/screenshot - {}
RESULT: {}
RESULT: undefined
COMMAND: POST /session/f99cb1a050fbe9a90033840217c5bfe8/element - {"using":"xpath","value":"//*[@id=\"__tile44\"]"}
RESULT: {"using":"xpath","value":"//*[@id=\"__tile44\"]"}
COMMAND: POST /session/f99cb1a050fbe9a90033840217c5bfe8/element/f.92807732B44260480D43414758AACD61.d.F8BEF230FDE6D5B4CB73937B8D51242F.e.863/click - {}
RESULT: undefined
COMMAND: POST /session/f99cb1a050fbe9a90033840217c5bfe8/element - {"using":"xpath","value":"//*[@id=\"__tile44\"]"}
RESULT: {"using":"xpath","value":"//*[@id=\"__tile44\"]"}
COMMAND: POST /session/f99cb1a050fbe9a90033840217c5bfe8/element/f.92807732B44260480D43414758AACD61.d.F8BEF230FDE6D5B4CB73937B8D51242F.e.863/click - {}
RESULT: undefined
COMMAND: POST /session/f99cb1a050fbe9a90033840217c5bfe8/execute/async - {"script":"<script> [6424 bytes]","args":[{"element-6066-11e4-a52e-4f735466cecf":"f.92807732B44260480D43414758AACD61.d.F8BEF230FDE6D5B4CB73937B8D51242F.e.295"},"getTitle",[]]}
COMMAND: POST /session/f99cb1a050fbe9a90033840217c5bfe8/execute/async - {"script":"<script> [1562 bytes]","args":[{"selector":{"id":"shellAppTitle"},"wdio_ui5_key":"shellAppTitle"}]}
RESULT: {"script":"<script> [1562 bytes]","args":[{"selector":{"id":"shellAppTitle"},"wdio_ui5_key":"shellAppTitle"}]}
COMMAND: POST /session/f99cb1a050fbe9a90033840217c5bfe8/execute/async - {"script":"<script> [6424 bytes]","args":[{"element-6066-11e4-a52e-4f735466cecf":"f.92807732B44260480D43414758AACD61.d.F8BEF230FDE6D5B4CB73937B8D51242F.e.1052"},"getTitle",[]]}
RESULT: {"script":"<script> [6424 bytes]","args":[{"element-6066-11e4-a52e-4f735466cecf":"f.92807732B44260480D43414758AACD61.d.F8BEF230FDE6D5B4CB73937B8D51242F.e.1052"},"getTitle",[]]}
RESULT: undefined
COMMAND: POST /session/f99cb1a050fbe9a90033840217c5bfe8/element/f.92807732B44260480D43414758AACD61.d.F8BEF230FDE6D5B4CB73937B8D51242F.e.861/click - {}
RESULT: {}
COMMAND: GET /session/f99cb1a050fbe9a90033840217c5bfe8/screenshot - {}
RESULT: {}
]]></system-out>
    </testcase>
    <testcase classname="chrome.135_0_7049_42.windows.Sanity_Tests_US104253" name="Should open Bill Of Resources page" time="34.382">
      <system-out><![CDATA[
COMMAND: POST /session/f99cb1a050fbe9a90033840217c5bfe8/execute/async - {"script":"<script> [1562 bytes]","args":[{"selector":{"controlType":"sap.m.GenericTile","properties":{"header":"Bill Of Resources"}},"wdio_ui5_key":"sapm.GenericTile{\"header\":\"Bill Of Resources\"}"}]}
RESULT: {"script":"<script> [1562 bytes]","args":[{"selector":{"controlType":"sap.m.GenericTile","properties":{"header":"Bill Of Resources"}},"wdio_ui5_key":"sapm.GenericTile{\"header\":\"Bill Of Resources\"}"}]}
RESULT: undefined
COMMAND: POST /session/f99cb1a050fbe9a90033840217c5bfe8/element - {"using":"xpath","value":"//*[@id=\"__tile45\"]"}
RESULT: {"using":"xpath","value":"//*[@id=\"__tile45\"]"}
COMMAND: POST /session/f99cb1a050fbe9a90033840217c5bfe8/element/f.92807732B44260480D43414758AACD61.d.F8BEF230FDE6D5B4CB73937B8D51242F.e.1054/click - {}
RESULT: {}
COMMAND: GET /session/f99cb1a050fbe9a90033840217c5bfe8/screenshot - {}
RESULT: {}
RESULT: undefined
COMMAND: POST /session/f99cb1a050fbe9a90033840217c5bfe8/element - {"using":"xpath","value":"//*[@id=\"__tile45\"]"}
RESULT: {"using":"xpath","value":"//*[@id=\"__tile45\"]"}
COMMAND: POST /session/f99cb1a050fbe9a90033840217c5bfe8/element/f.92807732B44260480D43414758AACD61.d.F8BEF230FDE6D5B4CB73937B8D51242F.e.1054/click - {}
RESULT: undefined
COMMAND: POST /session/f99cb1a050fbe9a90033840217c5bfe8/element - {"using":"xpath","value":"//*[@id=\"__tile45\"]"}
RESULT: {"using":"xpath","value":"//*[@id=\"__tile45\"]"}
COMMAND: POST /session/f99cb1a050fbe9a90033840217c5bfe8/element/f.92807732B44260480D43414758AACD61.d.F8BEF230FDE6D5B4CB73937B8D51242F.e.1054/click - {}
RESULT: undefined
COMMAND: POST /session/f99cb1a050fbe9a90033840217c5bfe8/execute/async - {"script":"<script> [6424 bytes]","args":[{"element-6066-11e4-a52e-4f735466cecf":"f.92807732B44260480D43414758AACD61.d.F8BEF230FDE6D5B4CB73937B8D51242F.e.295"},"getTitle",[]]}
COMMAND: POST /session/f99cb1a050fbe9a90033840217c5bfe8/execute/async - {"script":"<script> [1562 bytes]","args":[{"selector":{"id":"shellAppTitle"},"wdio_ui5_key":"shellAppTitle"}]}
RESULT: {"script":"<script> [1562 bytes]","args":[{"selector":{"id":"shellAppTitle"},"wdio_ui5_key":"shellAppTitle"}]}
COMMAND: POST /session/f99cb1a050fbe9a90033840217c5bfe8/execute/async - {"script":"<script> [6424 bytes]","args":[{"element-6066-11e4-a52e-4f735466cecf":"f.92807732B44260480D43414758AACD61.d.F8BEF230FDE6D5B4CB73937B8D51242F.e.1139"},"getTitle",[]]}
RESULT: {"script":"<script> [6424 bytes]","args":[{"element-6066-11e4-a52e-4f735466cecf":"f.92807732B44260480D43414758AACD61.d.F8BEF230FDE6D5B4CB73937B8D51242F.e.1139"},"getTitle",[]]}
RESULT: undefined
COMMAND: POST /session/f99cb1a050fbe9a90033840217c5bfe8/element/f.92807732B44260480D43414758AACD61.d.F8BEF230FDE6D5B4CB73937B8D51242F.e.861/click - {}
COMMAND: POST /session/f99cb1a050fbe9a90033840217c5bfe8/element - {"using":"xpath","value":"//*[@id=\"backBtn\"]"}
RESULT: {"using":"xpath","value":"//*[@id=\"backBtn\"]"}
COMMAND: POST /session/f99cb1a050fbe9a90033840217c5bfe8/element/f.92807732B44260480D43414758AACD61.d.F8BEF230FDE6D5B4CB73937B8D51242F.e.861/click - {}
COMMAND: POST /session/f99cb1a050fbe9a90033840217c5bfe8/element - {"using":"xpath","value":"//*[@id=\"backBtn\"]"}
RESULT: {"using":"xpath","value":"//*[@id=\"backBtn\"]"}
COMMAND: POST /session/f99cb1a050fbe9a90033840217c5bfe8/element/f.92807732B44260480D43414758AACD61.d.F8BEF230FDE6D5B4CB73937B8D51242F.e.1140/click - {}
RESULT: {}
COMMAND: GET /session/f99cb1a050fbe9a90033840217c5bfe8/screenshot - {}
RESULT: {}
]]></system-out>
    </testcase>
    <testcase classname="chrome.135_0_7049_42.windows.Sanity_Tests_US104253" name="Should open Manage Yards page" time="33.134">
      <system-out><![CDATA[
COMMAND: POST /session/f99cb1a050fbe9a90033840217c5bfe8/execute/async - {"script":"<script> [1562 bytes]","args":[{"selector":{"controlType":"sap.m.GenericTile","properties":{"header":"Manage Yards"}},"wdio_ui5_key":"sapm.GenericTile{\"header\":\"Manage Yards\"}"}]}
RESULT: {"script":"<script> [1562 bytes]","args":[{"selector":{"controlType":"sap.m.GenericTile","properties":{"header":"Manage Yards"}},"wdio_ui5_key":"sapm.GenericTile{\"header\":\"Manage Yards\"}"}]}
RESULT: undefined
COMMAND: POST /session/f99cb1a050fbe9a90033840217c5bfe8/element - {"using":"xpath","value":"//*[@id=\"__tile52\"]"}
RESULT: {"using":"xpath","value":"//*[@id=\"__tile52\"]"}
COMMAND: POST /session/f99cb1a050fbe9a90033840217c5bfe8/element/f.92807732B44260480D43414758AACD61.d.F8BEF230FDE6D5B4CB73937B8D51242F.e.1142/click - {}
RESULT: {}
COMMAND: GET /session/f99cb1a050fbe9a90033840217c5bfe8/screenshot - {}
RESULT: {}
RESULT: undefined
COMMAND: POST /session/f99cb1a050fbe9a90033840217c5bfe8/element - {"using":"xpath","value":"//*[@id=\"__tile52\"]"}
RESULT: {"using":"xpath","value":"//*[@id=\"__tile52\"]"}
COMMAND: POST /session/f99cb1a050fbe9a90033840217c5bfe8/element/f.92807732B44260480D43414758AACD61.d.F8BEF230FDE6D5B4CB73937B8D51242F.e.1142/click - {}
RESULT: undefined
COMMAND: POST /session/f99cb1a050fbe9a90033840217c5bfe8/element - {"using":"xpath","value":"//*[@id=\"__tile52\"]"}
RESULT: {"using":"xpath","value":"//*[@id=\"__tile52\"]"}
COMMAND: POST /session/f99cb1a050fbe9a90033840217c5bfe8/element/f.92807732B44260480D43414758AACD61.d.F8BEF230FDE6D5B4CB73937B8D51242F.e.1142/click - {}
RESULT: undefined
COMMAND: POST /session/f99cb1a050fbe9a90033840217c5bfe8/execute/async - {"script":"<script> [6424 bytes]","args":[{"element-6066-11e4-a52e-4f735466cecf":"f.92807732B44260480D43414758AACD61.d.F8BEF230FDE6D5B4CB73937B8D51242F.e.295"},"getTitle",[]]}
COMMAND: POST /session/f99cb1a050fbe9a90033840217c5bfe8/execute/async - {"script":"<script> [1562 bytes]","args":[{"selector":{"id":"shellAppTitle"},"wdio_ui5_key":"shellAppTitle"}]}
RESULT: {"script":"<script> [1562 bytes]","args":[{"selector":{"id":"shellAppTitle"},"wdio_ui5_key":"shellAppTitle"}]}
COMMAND: POST /session/f99cb1a050fbe9a90033840217c5bfe8/execute/async - {"script":"<script> [6424 bytes]","args":[{"element-6066-11e4-a52e-4f735466cecf":"f.92807732B44260480D43414758AACD61.d.F8BEF230FDE6D5B4CB73937B8D51242F.e.1320"},"getTitle",[]]}
RESULT: {"script":"<script> [6424 bytes]","args":[{"element-6066-11e4-a52e-4f735466cecf":"f.92807732B44260480D43414758AACD61.d.F8BEF230FDE6D5B4CB73937B8D51242F.e.1320"},"getTitle",[]]}
RESULT: undefined
COMMAND: POST /session/f99cb1a050fbe9a90033840217c5bfe8/element/f.92807732B44260480D43414758AACD61.d.F8BEF230FDE6D5B4CB73937B8D51242F.e.1140/click - {}
RESULT: {}
COMMAND: GET /session/f99cb1a050fbe9a90033840217c5bfe8/screenshot - {}
RESULT: {}
]]></system-out>
    </testcase>
    <testcase classname="chrome.135_0_7049_42.windows.Sanity_Tests_US104253" name="Should open Manage Requests page" time="30.092">
      <system-out><![CDATA[
COMMAND: POST /session/f99cb1a050fbe9a90033840217c5bfe8/execute/async - {"script":"<script> [1562 bytes]","args":[{"selector":{"controlType":"sap.m.GenericTile","properties":{"header":"Manage Requests"}},"wdio_ui5_key":"sapm.GenericTile{\"header\":\"Manage Requests\"}"}]}
RESULT: {"script":"<script> [1562 bytes]","args":[{"selector":{"controlType":"sap.m.GenericTile","properties":{"header":"Manage Requests"}},"wdio_ui5_key":"sapm.GenericTile{\"header\":\"Manage Requests\"}"}]}
RESULT: undefined
COMMAND: POST /session/f99cb1a050fbe9a90033840217c5bfe8/element - {"using":"xpath","value":"//*[@id=\"__tile58\"]"}
RESULT: {"using":"xpath","value":"//*[@id=\"__tile58\"]"}
COMMAND: POST /session/f99cb1a050fbe9a90033840217c5bfe8/element/f.92807732B44260480D43414758AACD61.d.F8BEF230FDE6D5B4CB73937B8D51242F.e.1322/click - {}
RESULT: {}
COMMAND: GET /session/f99cb1a050fbe9a90033840217c5bfe8/screenshot - {}
RESULT: {}
RESULT: undefined
COMMAND: POST /session/f99cb1a050fbe9a90033840217c5bfe8/element - {"using":"xpath","value":"//*[@id=\"__tile58\"]"}
RESULT: {"using":"xpath","value":"//*[@id=\"__tile58\"]"}
COMMAND: POST /session/f99cb1a050fbe9a90033840217c5bfe8/element/f.92807732B44260480D43414758AACD61.d.F8BEF230FDE6D5B4CB73937B8D51242F.e.1322/click - {}
RESULT: undefined
COMMAND: POST /session/f99cb1a050fbe9a90033840217c5bfe8/element - {"using":"xpath","value":"//*[@id=\"__tile58\"]"}
RESULT: {"using":"xpath","value":"//*[@id=\"__tile58\"]"}
COMMAND: POST /session/f99cb1a050fbe9a90033840217c5bfe8/element/f.92807732B44260480D43414758AACD61.d.F8BEF230FDE6D5B4CB73937B8D51242F.e.1322/click - {}
RESULT: undefined
COMMAND: POST /session/f99cb1a050fbe9a90033840217c5bfe8/execute/async - {"script":"<script> [6424 bytes]","args":[{"element-6066-11e4-a52e-4f735466cecf":"f.92807732B44260480D43414758AACD61.d.F8BEF230FDE6D5B4CB73937B8D51242F.e.295"},"getTitle",[]]}
COMMAND: POST /session/f99cb1a050fbe9a90033840217c5bfe8/execute/async - {"script":"<script> [1562 bytes]","args":[{"selector":{"id":"shellAppTitle"},"wdio_ui5_key":"shellAppTitle"}]}
RESULT: {"script":"<script> [1562 bytes]","args":[{"selector":{"id":"shellAppTitle"},"wdio_ui5_key":"shellAppTitle"}]}
COMMAND: POST /session/f99cb1a050fbe9a90033840217c5bfe8/execute/async - {"script":"<script> [6424 bytes]","args":[{"element-6066-11e4-a52e-4f735466cecf":"f.92807732B44260480D43414758AACD61.d.F8BEF230FDE6D5B4CB73937B8D51242F.e.1414"},"getTitle",[]]}
RESULT: {"script":"<script> [6424 bytes]","args":[{"element-6066-11e4-a52e-4f735466cecf":"f.92807732B44260480D43414758AACD61.d.F8BEF230FDE6D5B4CB73937B8D51242F.e.1414"},"getTitle",[]]}
RESULT: undefined
COMMAND: POST /session/f99cb1a050fbe9a90033840217c5bfe8/element/f.92807732B44260480D43414758AACD61.d.F8BEF230FDE6D5B4CB73937B8D51242F.e.1140/click - {}
COMMAND: POST /session/f99cb1a050fbe9a90033840217c5bfe8/element - {"using":"xpath","value":"//*[@id=\"backBtn\"]"}
RESULT: {"using":"xpath","value":"//*[@id=\"backBtn\"]"}
COMMAND: POST /session/f99cb1a050fbe9a90033840217c5bfe8/element/f.92807732B44260480D43414758AACD61.d.F8BEF230FDE6D5B4CB73937B8D51242F.e.1140/click - {}
COMMAND: POST /session/f99cb1a050fbe9a90033840217c5bfe8/element - {"using":"xpath","value":"//*[@id=\"backBtn\"]"}
RESULT: {"using":"xpath","value":"//*[@id=\"backBtn\"]"}
COMMAND: POST /session/f99cb1a050fbe9a90033840217c5bfe8/element/f.92807732B44260480D43414758AACD61.d.F8BEF230FDE6D5B4CB73937B8D51242F.e.1415/click - {}
RESULT: {}
COMMAND: GET /session/f99cb1a050fbe9a90033840217c5bfe8/screenshot - {}
RESULT: {}
]]></system-out>
    </testcase>
    <testcase classname="chrome.135_0_7049_42.windows.Sanity_Tests_US104253" name="Should open Manage Purchasing page" time="34.317">
      <system-out><![CDATA[
COMMAND: POST /session/f99cb1a050fbe9a90033840217c5bfe8/execute/async - {"script":"<script> [1562 bytes]","args":[{"selector":{"controlType":"sap.m.GenericTile","properties":{"header":"Manage Purchasing"}},"wdio_ui5_key":"sapm.GenericTile{\"header\":\"Manage Purchasing\"}"}]}
RESULT: {"script":"<script> [1562 bytes]","args":[{"selector":{"controlType":"sap.m.GenericTile","properties":{"header":"Manage Purchasing"}},"wdio_ui5_key":"sapm.GenericTile{\"header\":\"Manage Purchasing\"}"}]}
RESULT: undefined
COMMAND: POST /session/f99cb1a050fbe9a90033840217c5bfe8/element - {"using":"xpath","value":"//*[@id=\"__tile57\"]"}
RESULT: {"using":"xpath","value":"//*[@id=\"__tile57\"]"}
COMMAND: POST /session/f99cb1a050fbe9a90033840217c5bfe8/element/f.92807732B44260480D43414758AACD61.d.F8BEF230FDE6D5B4CB73937B8D51242F.e.1419/click - {}
RESULT: {}
COMMAND: GET /session/f99cb1a050fbe9a90033840217c5bfe8/screenshot - {}
RESULT: {}
RESULT: undefined
COMMAND: POST /session/f99cb1a050fbe9a90033840217c5bfe8/element - {"using":"xpath","value":"//*[@id=\"__tile57\"]"}
RESULT: {"using":"xpath","value":"//*[@id=\"__tile57\"]"}
COMMAND: POST /session/f99cb1a050fbe9a90033840217c5bfe8/element/f.92807732B44260480D43414758AACD61.d.F8BEF230FDE6D5B4CB73937B8D51242F.e.1419/click - {}
RESULT: undefined
COMMAND: POST /session/f99cb1a050fbe9a90033840217c5bfe8/element - {"using":"xpath","value":"//*[@id=\"__tile57\"]"}
RESULT: {"using":"xpath","value":"//*[@id=\"__tile57\"]"}
COMMAND: POST /session/f99cb1a050fbe9a90033840217c5bfe8/element/f.92807732B44260480D43414758AACD61.d.F8BEF230FDE6D5B4CB73937B8D51242F.e.1419/click - {}
RESULT: undefined
COMMAND: POST /session/f99cb1a050fbe9a90033840217c5bfe8/execute/async - {"script":"<script> [6424 bytes]","args":[{"element-6066-11e4-a52e-4f735466cecf":"f.92807732B44260480D43414758AACD61.d.F8BEF230FDE6D5B4CB73937B8D51242F.e.295"},"getTitle",[]]}
COMMAND: POST /session/f99cb1a050fbe9a90033840217c5bfe8/execute/async - {"script":"<script> [1562 bytes]","args":[{"selector":{"id":"shellAppTitle"},"wdio_ui5_key":"shellAppTitle"}]}
RESULT: {"script":"<script> [1562 bytes]","args":[{"selector":{"id":"shellAppTitle"},"wdio_ui5_key":"shellAppTitle"}]}
COMMAND: POST /session/f99cb1a050fbe9a90033840217c5bfe8/execute/async - {"script":"<script> [6424 bytes]","args":[{"element-6066-11e4-a52e-4f735466cecf":"f.92807732B44260480D43414758AACD61.d.F8BEF230FDE6D5B4CB73937B8D51242F.e.1497"},"getTitle",[]]}
RESULT: {"script":"<script> [6424 bytes]","args":[{"element-6066-11e4-a52e-4f735466cecf":"f.92807732B44260480D43414758AACD61.d.F8BEF230FDE6D5B4CB73937B8D51242F.e.1497"},"getTitle",[]]}
RESULT: undefined
COMMAND: POST /session/f99cb1a050fbe9a90033840217c5bfe8/element/f.92807732B44260480D43414758AACD61.d.F8BEF230FDE6D5B4CB73937B8D51242F.e.1415/click - {}
RESULT: {}
COMMAND: GET /session/f99cb1a050fbe9a90033840217c5bfe8/screenshot - {}
RESULT: {}
]]></system-out>
    </testcase>
    <testcase classname="chrome.135_0_7049_42.windows.Sanity_Tests_US104253" name="Should open Planning Board page" time="31.647">
      <system-out><![CDATA[
COMMAND: POST /session/f99cb1a050fbe9a90033840217c5bfe8/execute/async - {"script":"<script> [1562 bytes]","args":[{"selector":{"controlType":"sap.m.GenericTile","properties":{"header":"Planning Board"}},"wdio_ui5_key":"sapm.GenericTile{\"header\":\"Planning Board\"}"}]}
RESULT: {"script":"<script> [1562 bytes]","args":[{"selector":{"controlType":"sap.m.GenericTile","properties":{"header":"Planning Board"}},"wdio_ui5_key":"sapm.GenericTile{\"header\":\"Planning Board\"}"}]}
RESULT: undefined
COMMAND: POST /session/f99cb1a050fbe9a90033840217c5bfe8/element - {"using":"xpath","value":"//*[@id=\"__tile132\"]"}
RESULT: {"using":"xpath","value":"//*[@id=\"__tile132\"]"}
COMMAND: POST /session/f99cb1a050fbe9a90033840217c5bfe8/element/f.92807732B44260480D43414758AACD61.d.F8BEF230FDE6D5B4CB73937B8D51242F.e.1499/click - {}
RESULT: {}
COMMAND: GET /session/f99cb1a050fbe9a90033840217c5bfe8/screenshot - {}
RESULT: {}
RESULT: undefined
COMMAND: POST /session/f99cb1a050fbe9a90033840217c5bfe8/element - {"using":"xpath","value":"//*[@id=\"__tile132\"]"}
RESULT: {"using":"xpath","value":"//*[@id=\"__tile132\"]"}
COMMAND: POST /session/f99cb1a050fbe9a90033840217c5bfe8/element/f.92807732B44260480D43414758AACD61.d.F8BEF230FDE6D5B4CB73937B8D51242F.e.1499/click - {}
RESULT: undefined
COMMAND: POST /session/f99cb1a050fbe9a90033840217c5bfe8/element - {"using":"xpath","value":"//*[@id=\"__tile132\"]"}
RESULT: {"using":"xpath","value":"//*[@id=\"__tile132\"]"}
COMMAND: POST /session/f99cb1a050fbe9a90033840217c5bfe8/element/f.92807732B44260480D43414758AACD61.d.F8BEF230FDE6D5B4CB73937B8D51242F.e.1499/click - {}
RESULT: undefined
COMMAND: POST /session/f99cb1a050fbe9a90033840217c5bfe8/execute/async - {"script":"<script> [6424 bytes]","args":[{"element-6066-11e4-a52e-4f735466cecf":"f.92807732B44260480D43414758AACD61.d.F8BEF230FDE6D5B4CB73937B8D51242F.e.295"},"getTitle",[]]}
COMMAND: POST /session/f99cb1a050fbe9a90033840217c5bfe8/execute/async - {"script":"<script> [1562 bytes]","args":[{"selector":{"id":"shellAppTitle"},"wdio_ui5_key":"shellAppTitle"}]}
RESULT: {"script":"<script> [1562 bytes]","args":[{"selector":{"id":"shellAppTitle"},"wdio_ui5_key":"shellAppTitle"}]}
COMMAND: POST /session/f99cb1a050fbe9a90033840217c5bfe8/execute/async - {"script":"<script> [6424 bytes]","args":[{"element-6066-11e4-a52e-4f735466cecf":"f.92807732B44260480D43414758AACD61.d.F8BEF230FDE6D5B4CB73937B8D51242F.e.1548"},"getTitle",[]]}
RESULT: {"script":"<script> [6424 bytes]","args":[{"element-6066-11e4-a52e-4f735466cecf":"f.92807732B44260480D43414758AACD61.d.F8BEF230FDE6D5B4CB73937B8D51242F.e.1548"},"getTitle",[]]}
RESULT: undefined
COMMAND: POST /session/f99cb1a050fbe9a90033840217c5bfe8/element/f.92807732B44260480D43414758AACD61.d.F8BEF230FDE6D5B4CB73937B8D51242F.e.1415/click - {}
COMMAND: POST /session/f99cb1a050fbe9a90033840217c5bfe8/element/f.92807732B44260480D43414758AACD61.d.F8BEF230FDE6D5B4CB73937B8D51242F.e.1415/click - {}
COMMAND: POST /session/f99cb1a050fbe9a90033840217c5bfe8/element - {"using":"xpath","value":"//*[@id=\"backBtn\"]"}
COMMAND: POST /session/f99cb1a050fbe9a90033840217c5bfe8/element - {"using":"xpath","value":"//*[@id=\"backBtn\"]"}
RESULT: {"using":"xpath","value":"//*[@id=\"backBtn\"]"}
COMMAND: POST /session/f99cb1a050fbe9a90033840217c5bfe8/element/f.92807732B44260480D43414758AACD61.d.F8BEF230FDE6D5B4CB73937B8D51242F.e.1415/click - {}
RESULT: {"using":"xpath","value":"//*[@id=\"backBtn\"]"}
COMMAND: POST /session/f99cb1a050fbe9a90033840217c5bfe8/element/f.92807732B44260480D43414758AACD61.d.F8BEF230FDE6D5B4CB73937B8D51242F.e.1415/click - {}
COMMAND: POST /session/f99cb1a050fbe9a90033840217c5bfe8/element - {"using":"xpath","value":"//*[@id=\"backBtn\"]"}
COMMAND: POST /session/f99cb1a050fbe9a90033840217c5bfe8/element - {"using":"xpath","value":"//*[@id=\"backBtn\"]"}
RESULT: {"using":"xpath","value":"//*[@id=\"backBtn\"]"}
COMMAND: POST /session/f99cb1a050fbe9a90033840217c5bfe8/element/f.92807732B44260480D43414758AACD61.d.F8BEF230FDE6D5B4CB73937B8D51242F.e.1549/click - {}
RESULT: {"using":"xpath","value":"//*[@id=\"backBtn\"]"}
COMMAND: POST /session/f99cb1a050fbe9a90033840217c5bfe8/element/f.92807732B44260480D43414758AACD61.d.F8BEF230FDE6D5B4CB73937B8D51242F.e.1549/click - {}
RESULT: {}
COMMAND: GET /session/f99cb1a050fbe9a90033840217c5bfe8/screenshot - {}
RESULT: {}
COMMAND: GET /session/f99cb1a050fbe9a90033840217c5bfe8/screenshot - {}
RESULT: {}
RESULT: {}
]]></system-out>
    </testcase>
    <testcase classname="chrome.135_0_7049_42.windows.Sanity_Tests_US104253" name="Should open Manage Contracts page" time="31.578">
      <system-out><![CDATA[
COMMAND: POST /session/f99cb1a050fbe9a90033840217c5bfe8/execute/async - {"script":"<script> [1562 bytes]","args":[{"selector":{"controlType":"sap.m.GenericTile","properties":{"header":"Manage Contracts"}},"wdio_ui5_key":"sapm.GenericTile{\"header\":\"Manage Contracts\"}"}]}
RESULT: {"script":"<script> [1562 bytes]","args":[{"selector":{"controlType":"sap.m.GenericTile","properties":{"header":"Manage Contracts"}},"wdio_ui5_key":"sapm.GenericTile{\"header\":\"Manage Contracts\"}"}]}
RESULT: undefined
COMMAND: POST /session/f99cb1a050fbe9a90033840217c5bfe8/element - {"using":"xpath","value":"//*[@id=\"__tile133\"]"}
RESULT: {"using":"xpath","value":"//*[@id=\"__tile133\"]"}
COMMAND: POST /session/f99cb1a050fbe9a90033840217c5bfe8/element/f.92807732B44260480D43414758AACD61.d.F8BEF230FDE6D5B4CB73937B8D51242F.e.1551/click - {}
RESULT: {}
COMMAND: GET /session/f99cb1a050fbe9a90033840217c5bfe8/screenshot - {}
RESULT: {}
RESULT: undefined
COMMAND: POST /session/f99cb1a050fbe9a90033840217c5bfe8/element - {"using":"xpath","value":"//*[@id=\"__tile133\"]"}
RESULT: {"using":"xpath","value":"//*[@id=\"__tile133\"]"}
COMMAND: POST /session/f99cb1a050fbe9a90033840217c5bfe8/element/f.92807732B44260480D43414758AACD61.d.F8BEF230FDE6D5B4CB73937B8D51242F.e.1551/click - {}
RESULT: undefined
RESULT: undefined
COMMAND: POST /session/f99cb1a050fbe9a90033840217c5bfe8/element - {"using":"xpath","value":"//*[@id=\"__tile133\"]"}
RESULT: {"using":"xpath","value":"//*[@id=\"__tile133\"]"}
COMMAND: POST /session/f99cb1a050fbe9a90033840217c5bfe8/element/f.92807732B44260480D43414758AACD61.d.F8BEF230FDE6D5B4CB73937B8D51242F.e.1551/click - {}
RESULT: undefined
COMMAND: POST /session/f99cb1a050fbe9a90033840217c5bfe8/execute/async - {"script":"<script> [6424 bytes]","args":[{"element-6066-11e4-a52e-4f735466cecf":"f.92807732B44260480D43414758AACD61.d.F8BEF230FDE6D5B4CB73937B8D51242F.e.295"},"getTitle",[]]}
COMMAND: POST /session/f99cb1a050fbe9a90033840217c5bfe8/execute/async - {"script":"<script> [1562 bytes]","args":[{"selector":{"id":"shellAppTitle"},"wdio_ui5_key":"shellAppTitle"}]}
RESULT: {"script":"<script> [1562 bytes]","args":[{"selector":{"id":"shellAppTitle"},"wdio_ui5_key":"shellAppTitle"}]}
COMMAND: POST /session/f99cb1a050fbe9a90033840217c5bfe8/execute/async - {"script":"<script> [6424 bytes]","args":[{"element-6066-11e4-a52e-4f735466cecf":"f.92807732B44260480D43414758AACD61.d.F8BEF230FDE6D5B4CB73937B8D51242F.e.1651"},"getTitle",[]]}
RESULT: {"script":"<script> [6424 bytes]","args":[{"element-6066-11e4-a52e-4f735466cecf":"f.92807732B44260480D43414758AACD61.d.F8BEF230FDE6D5B4CB73937B8D51242F.e.1651"},"getTitle",[]]}
RESULT: undefined
COMMAND: POST /session/f99cb1a050fbe9a90033840217c5bfe8/element/f.92807732B44260480D43414758AACD61.d.F8BEF230FDE6D5B4CB73937B8D51242F.e.1549/click - {}
RESULT: {}
COMMAND: GET /session/f99cb1a050fbe9a90033840217c5bfe8/screenshot - {}
RESULT: {}
]]></system-out>
    </testcase>
    <testcase classname="chrome.135_0_7049_42.windows.Sanity_Tests_US104253" name="Should open Manage Quotations page" time="32.212">
      <system-out><![CDATA[
COMMAND: POST /session/f99cb1a050fbe9a90033840217c5bfe8/execute/async - {"script":"<script> [1562 bytes]","args":[{"selector":{"controlType":"sap.m.GenericTile","properties":{"header":"Manage Quotations"}},"wdio_ui5_key":"sapm.GenericTile{\"header\":\"Manage Quotations\"}"}]}
RESULT: {"script":"<script> [1562 bytes]","args":[{"selector":{"controlType":"sap.m.GenericTile","properties":{"header":"Manage Quotations"}},"wdio_ui5_key":"sapm.GenericTile{\"header\":\"Manage Quotations\"}"}]}
RESULT: undefined
COMMAND: POST /session/f99cb1a050fbe9a90033840217c5bfe8/element - {"using":"xpath","value":"//*[@id=\"__tile131\"]"}
RESULT: {"using":"xpath","value":"//*[@id=\"__tile131\"]"}
COMMAND: POST /session/f99cb1a050fbe9a90033840217c5bfe8/element/f.92807732B44260480D43414758AACD61.d.F8BEF230FDE6D5B4CB73937B8D51242F.e.1653/click - {}
RESULT: {}
COMMAND: GET /session/f99cb1a050fbe9a90033840217c5bfe8/screenshot - {}
RESULT: {}
RESULT: undefined
COMMAND: POST /session/f99cb1a050fbe9a90033840217c5bfe8/element - {"using":"xpath","value":"//*[@id=\"__tile131\"]"}
RESULT: {"using":"xpath","value":"//*[@id=\"__tile131\"]"}
COMMAND: POST /session/f99cb1a050fbe9a90033840217c5bfe8/element/f.92807732B44260480D43414758AACD61.d.F8BEF230FDE6D5B4CB73937B8D51242F.e.1653/click - {}
RESULT: undefined
RESULT: undefined
COMMAND: POST /session/f99cb1a050fbe9a90033840217c5bfe8/element - {"using":"xpath","value":"//*[@id=\"__tile131\"]"}
RESULT: {"using":"xpath","value":"//*[@id=\"__tile131\"]"}
COMMAND: POST /session/f99cb1a050fbe9a90033840217c5bfe8/element/f.92807732B44260480D43414758AACD61.d.F8BEF230FDE6D5B4CB73937B8D51242F.e.1653/click - {}
RESULT: undefined
COMMAND: POST /session/f99cb1a050fbe9a90033840217c5bfe8/execute/async - {"script":"<script> [6424 bytes]","args":[{"element-6066-11e4-a52e-4f735466cecf":"f.92807732B44260480D43414758AACD61.d.F8BEF230FDE6D5B4CB73937B8D51242F.e.295"},"getTitle",[]]}
COMMAND: POST /session/f99cb1a050fbe9a90033840217c5bfe8/execute/async - {"script":"<script> [1562 bytes]","args":[{"selector":{"id":"shellAppTitle"},"wdio_ui5_key":"shellAppTitle"}]}
RESULT: {"script":"<script> [1562 bytes]","args":[{"selector":{"id":"shellAppTitle"},"wdio_ui5_key":"shellAppTitle"}]}
COMMAND: POST /session/f99cb1a050fbe9a90033840217c5bfe8/execute/async - {"script":"<script> [6424 bytes]","args":[{"element-6066-11e4-a52e-4f735466cecf":"f.92807732B44260480D43414758AACD61.d.F8BEF230FDE6D5B4CB73937B8D51242F.e.1937"},"getTitle",[]]}
RESULT: {"script":"<script> [6424 bytes]","args":[{"element-6066-11e4-a52e-4f735466cecf":"f.92807732B44260480D43414758AACD61.d.F8BEF230FDE6D5B4CB73937B8D51242F.e.1937"},"getTitle",[]]}
RESULT: undefined
COMMAND: POST /session/f99cb1a050fbe9a90033840217c5bfe8/element/f.92807732B44260480D43414758AACD61.d.F8BEF230FDE6D5B4CB73937B8D51242F.e.1549/click - {}
COMMAND: POST /session/f99cb1a050fbe9a90033840217c5bfe8/element - {"using":"xpath","value":"//*[@id=\"backBtn\"]"}
RESULT: {"using":"xpath","value":"//*[@id=\"backBtn\"]"}
COMMAND: POST /session/f99cb1a050fbe9a90033840217c5bfe8/element/f.92807732B44260480D43414758AACD61.d.F8BEF230FDE6D5B4CB73937B8D51242F.e.1549/click - {}
COMMAND: POST /session/f99cb1a050fbe9a90033840217c5bfe8/element - {"using":"xpath","value":"//*[@id=\"backBtn\"]"}
RESULT: {"using":"xpath","value":"//*[@id=\"backBtn\"]"}
COMMAND: POST /session/f99cb1a050fbe9a90033840217c5bfe8/element/f.92807732B44260480D43414758AACD61.d.F8BEF230FDE6D5B4CB73937B8D51242F.e.1938/click - {}
RESULT: {}
COMMAND: GET /session/f99cb1a050fbe9a90033840217c5bfe8/screenshot - {}
RESULT: {}
]]></system-out>
    </testcase>
    <testcase classname="chrome.135_0_7049_42.windows.Sanity_Tests_US104253" name="Should open Manage Handovers page" time="34.667">
      <system-out><![CDATA[
COMMAND: POST /session/f99cb1a050fbe9a90033840217c5bfe8/execute/async - {"script":"<script> [1562 bytes]","args":[{"selector":{"controlType":"sap.m.GenericTile","properties":{"header":"Manage Handovers"}},"wdio_ui5_key":"sapm.GenericTile{\"header\":\"Manage Handovers\"}"}]}
RESULT: {"script":"<script> [1562 bytes]","args":[{"selector":{"controlType":"sap.m.GenericTile","properties":{"header":"Manage Handovers"}},"wdio_ui5_key":"sapm.GenericTile{\"header\":\"Manage Handovers\"}"}]}
RESULT: undefined
COMMAND: POST /session/f99cb1a050fbe9a90033840217c5bfe8/element - {"using":"xpath","value":"//*[@id=\"__tile130\"]"}
RESULT: {"using":"xpath","value":"//*[@id=\"__tile130\"]"}
COMMAND: POST /session/f99cb1a050fbe9a90033840217c5bfe8/element/f.92807732B44260480D43414758AACD61.d.F8BEF230FDE6D5B4CB73937B8D51242F.e.1940/click - {}
RESULT: {}
COMMAND: GET /session/f99cb1a050fbe9a90033840217c5bfe8/screenshot - {}
RESULT: {}
RESULT: undefined
COMMAND: POST /session/f99cb1a050fbe9a90033840217c5bfe8/element - {"using":"xpath","value":"//*[@id=\"__tile130\"]"}
RESULT: {"using":"xpath","value":"//*[@id=\"__tile130\"]"}
COMMAND: POST /session/f99cb1a050fbe9a90033840217c5bfe8/element/f.92807732B44260480D43414758AACD61.d.F8BEF230FDE6D5B4CB73937B8D51242F.e.1940/click - {}
RESULT: undefined
COMMAND: POST /session/f99cb1a050fbe9a90033840217c5bfe8/element - {"using":"xpath","value":"//*[@id=\"__tile130\"]"}
RESULT: {"using":"xpath","value":"//*[@id=\"__tile130\"]"}
COMMAND: POST /session/f99cb1a050fbe9a90033840217c5bfe8/element/f.92807732B44260480D43414758AACD61.d.F8BEF230FDE6D5B4CB73937B8D51242F.e.1940/click - {}
RESULT: undefined
COMMAND: POST /session/f99cb1a050fbe9a90033840217c5bfe8/execute/async - {"script":"<script> [6424 bytes]","args":[{"element-6066-11e4-a52e-4f735466cecf":"f.92807732B44260480D43414758AACD61.d.F8BEF230FDE6D5B4CB73937B8D51242F.e.295"},"getTitle",[]]}
COMMAND: POST /session/f99cb1a050fbe9a90033840217c5bfe8/execute/async - {"script":"<script> [1562 bytes]","args":[{"selector":{"id":"shellAppTitle"},"wdio_ui5_key":"shellAppTitle"}]}
RESULT: {"script":"<script> [1562 bytes]","args":[{"selector":{"id":"shellAppTitle"},"wdio_ui5_key":"shellAppTitle"}]}
COMMAND: POST /session/f99cb1a050fbe9a90033840217c5bfe8/execute/async - {"script":"<script> [6424 bytes]","args":[{"element-6066-11e4-a52e-4f735466cecf":"f.92807732B44260480D43414758AACD61.d.F8BEF230FDE6D5B4CB73937B8D51242F.e.2051"},"getTitle",[]]}
RESULT: {"script":"<script> [6424 bytes]","args":[{"element-6066-11e4-a52e-4f735466cecf":"f.92807732B44260480D43414758AACD61.d.F8BEF230FDE6D5B4CB73937B8D51242F.e.2051"},"getTitle",[]]}
RESULT: undefined
COMMAND: POST /session/f99cb1a050fbe9a90033840217c5bfe8/element/f.92807732B44260480D43414758AACD61.d.F8BEF230FDE6D5B4CB73937B8D51242F.e.1938/click - {}
RESULT: {}
COMMAND: GET /session/f99cb1a050fbe9a90033840217c5bfe8/screenshot - {}
RESULT: {}
]]></system-out>
    </testcase>
    <testcase classname="chrome.135_0_7049_42.windows.Sanity_Tests_US104253" name="Should open Delivery Monitor page" time="39.58">
      <system-out><![CDATA[
COMMAND: POST /session/f99cb1a050fbe9a90033840217c5bfe8/execute/async - {"script":"<script> [1562 bytes]","args":[{"selector":{"controlType":"sap.m.GenericTile","properties":{"header":"Delivery Monitor"}},"wdio_ui5_key":"sapm.GenericTile{\"header\":\"Delivery Monitor\"}"}]}
RESULT: {"script":"<script> [1562 bytes]","args":[{"selector":{"controlType":"sap.m.GenericTile","properties":{"header":"Delivery Monitor"}},"wdio_ui5_key":"sapm.GenericTile{\"header\":\"Delivery Monitor\"}"}]}
RESULT: undefined
COMMAND: POST /session/f99cb1a050fbe9a90033840217c5bfe8/element - {"using":"xpath","value":"//*[@id=\"__tile54\"]"}
RESULT: {"using":"xpath","value":"//*[@id=\"__tile54\"]"}
COMMAND: POST /session/f99cb1a050fbe9a90033840217c5bfe8/element/f.92807732B44260480D43414758AACD61.d.F8BEF230FDE6D5B4CB73937B8D51242F.e.2053/click - {}
RESULT: {}
COMMAND: GET /session/f99cb1a050fbe9a90033840217c5bfe8/screenshot - {}
RESULT: {}
RESULT: undefined
COMMAND: POST /session/f99cb1a050fbe9a90033840217c5bfe8/element - {"using":"xpath","value":"//*[@id=\"__tile54\"]"}
RESULT: {"using":"xpath","value":"//*[@id=\"__tile54\"]"}
COMMAND: POST /session/f99cb1a050fbe9a90033840217c5bfe8/element/f.92807732B44260480D43414758AACD61.d.F8BEF230FDE6D5B4CB73937B8D51242F.e.2053/click - {}
RESULT: undefined
COMMAND: POST /session/f99cb1a050fbe9a90033840217c5bfe8/element - {"using":"xpath","value":"//*[@id=\"__tile54\"]"}
RESULT: {"using":"xpath","value":"//*[@id=\"__tile54\"]"}
COMMAND: POST /session/f99cb1a050fbe9a90033840217c5bfe8/element/f.92807732B44260480D43414758AACD61.d.F8BEF230FDE6D5B4CB73937B8D51242F.e.2053/click - {}
RESULT: undefined
COMMAND: POST /session/f99cb1a050fbe9a90033840217c5bfe8/execute/async - {"script":"<script> [6424 bytes]","args":[{"element-6066-11e4-a52e-4f735466cecf":"f.92807732B44260480D43414758AACD61.d.F8BEF230FDE6D5B4CB73937B8D51242F.e.295"},"getTitle",[]]}
COMMAND: POST /session/f99cb1a050fbe9a90033840217c5bfe8/execute/async - {"script":"<script> [1562 bytes]","args":[{"selector":{"id":"shellAppTitle"},"wdio_ui5_key":"shellAppTitle"}]}
RESULT: {"script":"<script> [1562 bytes]","args":[{"selector":{"id":"shellAppTitle"},"wdio_ui5_key":"shellAppTitle"}]}
COMMAND: POST /session/f99cb1a050fbe9a90033840217c5bfe8/execute/async - {"script":"<script> [6424 bytes]","args":[{"element-6066-11e4-a52e-4f735466cecf":"f.92807732B44260480D43414758AACD61.d.F8BEF230FDE6D5B4CB73937B8D51242F.e.2151"},"getTitle",[]]}
RESULT: {"script":"<script> [6424 bytes]","args":[{"element-6066-11e4-a52e-4f735466cecf":"f.92807732B44260480D43414758AACD61.d.F8BEF230FDE6D5B4CB73937B8D51242F.e.2151"},"getTitle",[]]}
RESULT: undefined
COMMAND: POST /session/f99cb1a050fbe9a90033840217c5bfe8/element/f.92807732B44260480D43414758AACD61.d.F8BEF230FDE6D5B4CB73937B8D51242F.e.1938/click - {}
COMMAND: POST /session/f99cb1a050fbe9a90033840217c5bfe8/element - {"using":"xpath","value":"//*[@id=\"backBtn\"]"}
RESULT: {"using":"xpath","value":"//*[@id=\"backBtn\"]"}
COMMAND: POST /session/f99cb1a050fbe9a90033840217c5bfe8/element/f.92807732B44260480D43414758AACD61.d.F8BEF230FDE6D5B4CB73937B8D51242F.e.1938/click - {}
COMMAND: POST /session/f99cb1a050fbe9a90033840217c5bfe8/element - {"using":"xpath","value":"//*[@id=\"backBtn\"]"}
RESULT: {"using":"xpath","value":"//*[@id=\"backBtn\"]"}
COMMAND: POST /session/f99cb1a050fbe9a90033840217c5bfe8/element/f.92807732B44260480D43414758AACD61.d.F8BEF230FDE6D5B4CB73937B8D51242F.e.2152/click - {}
RESULT: {}
COMMAND: GET /session/f99cb1a050fbe9a90033840217c5bfe8/screenshot - {}
RESULT: {}
]]></system-out>
    </testcase>
    <testcase classname="chrome.135_0_7049_42.windows.Sanity_Tests_US104253" name="Should open Manage Calendar Exceptions page" time="33.45">
      <system-out><![CDATA[
COMMAND: POST /session/f99cb1a050fbe9a90033840217c5bfe8/execute/async - {"script":"<script> [1562 bytes]","args":[{"selector":{"controlType":"sap.m.GenericTile","properties":{"header":"Manage Calendar Exceptions"}},"wdio_ui5_key":"sapm.GenericTile{\"header\":\"Manage Calendar Exceptions\"}"}]}
RESULT: {"script":"<script> [1562 bytes]","args":[{"selector":{"controlType":"sap.m.GenericTile","properties":{"header":"Manage Calendar Exceptions"}},"wdio_ui5_key":"sapm.GenericTile{\"header\":\"Manage Calendar Exceptions\"}"}]}
RESULT: undefined
COMMAND: POST /session/f99cb1a050fbe9a90033840217c5bfe8/element - {"using":"xpath","value":"//*[@id=\"__tile63\"]"}
RESULT: {"using":"xpath","value":"//*[@id=\"__tile63\"]"}
COMMAND: POST /session/f99cb1a050fbe9a90033840217c5bfe8/element/f.92807732B44260480D43414758AACD61.d.F8BEF230FDE6D5B4CB73937B8D51242F.e.2154/click - {}
RESULT: {}
COMMAND: GET /session/f99cb1a050fbe9a90033840217c5bfe8/screenshot - {}
RESULT: {}
RESULT: undefined
COMMAND: POST /session/f99cb1a050fbe9a90033840217c5bfe8/element - {"using":"xpath","value":"//*[@id=\"__tile63\"]"}
RESULT: {"using":"xpath","value":"//*[@id=\"__tile63\"]"}
COMMAND: POST /session/f99cb1a050fbe9a90033840217c5bfe8/element/f.92807732B44260480D43414758AACD61.d.F8BEF230FDE6D5B4CB73937B8D51242F.e.2154/click - {}
RESULT: undefined
COMMAND: POST /session/f99cb1a050fbe9a90033840217c5bfe8/element - {"using":"xpath","value":"//*[@id=\"__tile63\"]"}
RESULT: {"using":"xpath","value":"//*[@id=\"__tile63\"]"}
COMMAND: POST /session/f99cb1a050fbe9a90033840217c5bfe8/element/f.92807732B44260480D43414758AACD61.d.F8BEF230FDE6D5B4CB73937B8D51242F.e.2154/click - {}
RESULT: undefined
COMMAND: POST /session/f99cb1a050fbe9a90033840217c5bfe8/execute/async - {"script":"<script> [6424 bytes]","args":[{"element-6066-11e4-a52e-4f735466cecf":"f.92807732B44260480D43414758AACD61.d.F8BEF230FDE6D5B4CB73937B8D51242F.e.295"},"getTitle",[]]}
COMMAND: POST /session/f99cb1a050fbe9a90033840217c5bfe8/execute/async - {"script":"<script> [1562 bytes]","args":[{"selector":{"id":"shellAppTitle"},"wdio_ui5_key":"shellAppTitle"}]}
RESULT: {"script":"<script> [1562 bytes]","args":[{"selector":{"id":"shellAppTitle"},"wdio_ui5_key":"shellAppTitle"}]}
COMMAND: POST /session/f99cb1a050fbe9a90033840217c5bfe8/execute/async - {"script":"<script> [6424 bytes]","args":[{"element-6066-11e4-a52e-4f735466cecf":"f.92807732B44260480D43414758AACD61.d.F8BEF230FDE6D5B4CB73937B8D51242F.e.2214"},"getTitle",[]]}
RESULT: {"script":"<script> [6424 bytes]","args":[{"element-6066-11e4-a52e-4f735466cecf":"f.92807732B44260480D43414758AACD61.d.F8BEF230FDE6D5B4CB73937B8D51242F.e.2214"},"getTitle",[]]}
RESULT: undefined
COMMAND: POST /session/f99cb1a050fbe9a90033840217c5bfe8/element/f.92807732B44260480D43414758AACD61.d.F8BEF230FDE6D5B4CB73937B8D51242F.e.2152/click - {}
RESULT: {}
COMMAND: GET /session/f99cb1a050fbe9a90033840217c5bfe8/screenshot - {}
RESULT: {}
]]></system-out>
    </testcase>
    <testcase classname="chrome.135_0_7049_42.windows.Sanity_Tests_US104253" name="Should open Manage States Performance page" time="33.55">
      <system-out><![CDATA[
COMMAND: POST /session/f99cb1a050fbe9a90033840217c5bfe8/execute/async - {"script":"<script> [1562 bytes]","args":[{"selector":{"controlType":"sap.m.GenericTile","properties":{"header":"Manage States & Performance"}},"wdio_ui5_key":"sapm.GenericTile{\"header\":\"Manage States & Performance\"}"}]}
RESULT: {"script":"<script> [1562 bytes]","args":[{"selector":{"controlType":"sap.m.GenericTile","properties":{"header":"Manage States & Performance"}},"wdio_ui5_key":"sapm.GenericTile{\"header\":\"Manage States & Performance\"}"}]}
RESULT: undefined
COMMAND: POST /session/f99cb1a050fbe9a90033840217c5bfe8/element - {"using":"xpath","value":"//*[@id=\"__tile67\"]"}
RESULT: {"using":"xpath","value":"//*[@id=\"__tile67\"]"}
COMMAND: POST /session/f99cb1a050fbe9a90033840217c5bfe8/element/f.92807732B44260480D43414758AACD61.d.F8BEF230FDE6D5B4CB73937B8D51242F.e.2218/click - {}
RESULT: {}
COMMAND: GET /session/f99cb1a050fbe9a90033840217c5bfe8/screenshot - {}
RESULT: {}
RESULT: undefined
COMMAND: POST /session/f99cb1a050fbe9a90033840217c5bfe8/element - {"using":"xpath","value":"//*[@id=\"__tile67\"]"}
RESULT: {"using":"xpath","value":"//*[@id=\"__tile67\"]"}
COMMAND: POST /session/f99cb1a050fbe9a90033840217c5bfe8/element/f.92807732B44260480D43414758AACD61.d.F8BEF230FDE6D5B4CB73937B8D51242F.e.2218/click - {}
RESULT: undefined
COMMAND: POST /session/f99cb1a050fbe9a90033840217c5bfe8/element - {"using":"xpath","value":"//*[@id=\"__tile67\"]"}
RESULT: {"using":"xpath","value":"//*[@id=\"__tile67\"]"}
COMMAND: POST /session/f99cb1a050fbe9a90033840217c5bfe8/element/f.92807732B44260480D43414758AACD61.d.F8BEF230FDE6D5B4CB73937B8D51242F.e.2218/click - {}
RESULT: undefined
COMMAND: POST /session/f99cb1a050fbe9a90033840217c5bfe8/execute/async - {"script":"<script> [6424 bytes]","args":[{"element-6066-11e4-a52e-4f735466cecf":"f.92807732B44260480D43414758AACD61.d.F8BEF230FDE6D5B4CB73937B8D51242F.e.295"},"getTitle",[]]}
COMMAND: POST /session/f99cb1a050fbe9a90033840217c5bfe8/execute/async - {"script":"<script> [1562 bytes]","args":[{"selector":{"id":"shellAppTitle"},"wdio_ui5_key":"shellAppTitle"}]}
RESULT: {"script":"<script> [1562 bytes]","args":[{"selector":{"id":"shellAppTitle"},"wdio_ui5_key":"shellAppTitle"}]}
COMMAND: POST /session/f99cb1a050fbe9a90033840217c5bfe8/execute/async - {"script":"<script> [6424 bytes]","args":[{"element-6066-11e4-a52e-4f735466cecf":"f.92807732B44260480D43414758AACD61.d.F8BEF230FDE6D5B4CB73937B8D51242F.e.2291"},"getTitle",[]]}
RESULT: {"script":"<script> [6424 bytes]","args":[{"element-6066-11e4-a52e-4f735466cecf":"f.92807732B44260480D43414758AACD61.d.F8BEF230FDE6D5B4CB73937B8D51242F.e.2291"},"getTitle",[]]}
RESULT: undefined
COMMAND: POST /session/f99cb1a050fbe9a90033840217c5bfe8/element/f.92807732B44260480D43414758AACD61.d.F8BEF230FDE6D5B4CB73937B8D51242F.e.2152/click - {}
COMMAND: POST /session/f99cb1a050fbe9a90033840217c5bfe8/element - {"using":"xpath","value":"//*[@id=\"backBtn\"]"}
RESULT: {"using":"xpath","value":"//*[@id=\"backBtn\"]"}
COMMAND: POST /session/f99cb1a050fbe9a90033840217c5bfe8/element/f.92807732B44260480D43414758AACD61.d.F8BEF230FDE6D5B4CB73937B8D51242F.e.2152/click - {}
COMMAND: POST /session/f99cb1a050fbe9a90033840217c5bfe8/element - {"using":"xpath","value":"//*[@id=\"backBtn\"]"}
RESULT: {"using":"xpath","value":"//*[@id=\"backBtn\"]"}
COMMAND: POST /session/f99cb1a050fbe9a90033840217c5bfe8/element/f.92807732B44260480D43414758AACD61.d.F8BEF230FDE6D5B4CB73937B8D51242F.e.2292/click - {}
RESULT: {}
COMMAND: GET /session/f99cb1a050fbe9a90033840217c5bfe8/screenshot - {}
RESULT: {}
]]></system-out>
    </testcase>
    <testcase classname="chrome.135_0_7049_42.windows.Sanity_Tests_US104253" name="Should open Manage Billings page" time="36.413">
      <system-out><![CDATA[
COMMAND: POST /session/f99cb1a050fbe9a90033840217c5bfe8/execute/async - {"script":"<script> [1562 bytes]","args":[{"selector":{"controlType":"sap.m.GenericTile","properties":{"header":"Manage Billings"}},"wdio_ui5_key":"sapm.GenericTile{\"header\":\"Manage Billings\"}"}]}
RESULT: {"script":"<script> [1562 bytes]","args":[{"selector":{"controlType":"sap.m.GenericTile","properties":{"header":"Manage Billings"}},"wdio_ui5_key":"sapm.GenericTile{\"header\":\"Manage Billings\"}"}]}
RESULT: undefined
COMMAND: POST /session/f99cb1a050fbe9a90033840217c5bfe8/element - {"using":"xpath","value":"//*[@id=\"__tile62\"]"}
RESULT: {"using":"xpath","value":"//*[@id=\"__tile62\"]"}
COMMAND: POST /session/f99cb1a050fbe9a90033840217c5bfe8/element/f.92807732B44260480D43414758AACD61.d.F8BEF230FDE6D5B4CB73937B8D51242F.e.2294/click - {}
RESULT: {}
COMMAND: GET /session/f99cb1a050fbe9a90033840217c5bfe8/screenshot - {}
RESULT: {}
RESULT: undefined
COMMAND: POST /session/f99cb1a050fbe9a90033840217c5bfe8/element - {"using":"xpath","value":"//*[@id=\"__tile62\"]"}
RESULT: {"using":"xpath","value":"//*[@id=\"__tile62\"]"}
COMMAND: POST /session/f99cb1a050fbe9a90033840217c5bfe8/element/f.92807732B44260480D43414758AACD61.d.F8BEF230FDE6D5B4CB73937B8D51242F.e.2294/click - {}
RESULT: undefined
COMMAND: POST /session/f99cb1a050fbe9a90033840217c5bfe8/element - {"using":"xpath","value":"//*[@id=\"__tile62\"]"}
RESULT: {"using":"xpath","value":"//*[@id=\"__tile62\"]"}
COMMAND: POST /session/f99cb1a050fbe9a90033840217c5bfe8/element/f.92807732B44260480D43414758AACD61.d.F8BEF230FDE6D5B4CB73937B8D51242F.e.2294/click - {}
RESULT: undefined
COMMAND: POST /session/f99cb1a050fbe9a90033840217c5bfe8/execute/async - {"script":"<script> [6424 bytes]","args":[{"element-6066-11e4-a52e-4f735466cecf":"f.92807732B44260480D43414758AACD61.d.F8BEF230FDE6D5B4CB73937B8D51242F.e.295"},"getTitle",[]]}
COMMAND: POST /session/f99cb1a050fbe9a90033840217c5bfe8/execute/async - {"script":"<script> [1562 bytes]","args":[{"selector":{"id":"shellAppTitle"},"wdio_ui5_key":"shellAppTitle"}]}
RESULT: {"script":"<script> [1562 bytes]","args":[{"selector":{"id":"shellAppTitle"},"wdio_ui5_key":"shellAppTitle"}]}
COMMAND: POST /session/f99cb1a050fbe9a90033840217c5bfe8/execute/async - {"script":"<script> [6424 bytes]","args":[{"element-6066-11e4-a52e-4f735466cecf":"f.92807732B44260480D43414758AACD61.d.F8BEF230FDE6D5B4CB73937B8D51242F.e.2484"},"getTitle",[]]}
RESULT: {"script":"<script> [6424 bytes]","args":[{"element-6066-11e4-a52e-4f735466cecf":"f.92807732B44260480D43414758AACD61.d.F8BEF230FDE6D5B4CB73937B8D51242F.e.2484"},"getTitle",[]]}
RESULT: undefined
COMMAND: POST /session/f99cb1a050fbe9a90033840217c5bfe8/element/f.92807732B44260480D43414758AACD61.d.F8BEF230FDE6D5B4CB73937B8D51242F.e.2292/click - {}
COMMAND: POST /session/f99cb1a050fbe9a90033840217c5bfe8/element/f.92807732B44260480D43414758AACD61.d.F8BEF230FDE6D5B4CB73937B8D51242F.e.2292/click - {}
RESULT: {}
COMMAND: GET /session/f99cb1a050fbe9a90033840217c5bfe8/screenshot - {}
COMMAND: POST /session/f99cb1a050fbe9a90033840217c5bfe8/element - {"using":"xpath","value":"//*[@id=\"backBtn\"]"}
RESULT: {}
RESULT: {"using":"xpath","value":"//*[@id=\"backBtn\"]"}
COMMAND: POST /session/f99cb1a050fbe9a90033840217c5bfe8/elements - {"using":"xpath","value":"//*[@id=\"backBtn\"]"}
RESULT: {"using":"xpath","value":"//*[@id=\"backBtn\"]"}
COMMAND: POST /session/f99cb1a050fbe9a90033840217c5bfe8/elements - {"using":"xpath","value":"//*[@id=\"backBtn\"]"}
RESULT: {"using":"xpath","value":"//*[@id=\"backBtn\"]"}
COMMAND: POST /session/f99cb1a050fbe9a90033840217c5bfe8/elements - {"using":"xpath","value":"//*[@id=\"backBtn\"]"}
RESULT: {"using":"xpath","value":"//*[@id=\"backBtn\"]"}
COMMAND: POST /session/f99cb1a050fbe9a90033840217c5bfe8/elements - {"using":"xpath","value":"//*[@id=\"backBtn\"]"}
RESULT: {"using":"xpath","value":"//*[@id=\"backBtn\"]"}
COMMAND: POST /session/f99cb1a050fbe9a90033840217c5bfe8/elements - {"using":"xpath","value":"//*[@id=\"backBtn\"]"}
RESULT: {"using":"xpath","value":"//*[@id=\"backBtn\"]"}
COMMAND: POST /session/f99cb1a050fbe9a90033840217c5bfe8/elements - {"using":"xpath","value":"//*[@id=\"backBtn\"]"}
RESULT: {"using":"xpath","value":"//*[@id=\"backBtn\"]"}
COMMAND: POST /session/f99cb1a050fbe9a90033840217c5bfe8/elements - {"using":"xpath","value":"//*[@id=\"backBtn\"]"}
RESULT: {"using":"xpath","value":"//*[@id=\"backBtn\"]"}
COMMAND: POST /session/f99cb1a050fbe9a90033840217c5bfe8/elements - {"using":"xpath","value":"//*[@id=\"backBtn\"]"}
RESULT: {"using":"xpath","value":"//*[@id=\"backBtn\"]"}
COMMAND: POST /session/f99cb1a050fbe9a90033840217c5bfe8/elements - {"using":"xpath","value":"//*[@id=\"backBtn\"]"}
RESULT: {"using":"xpath","value":"//*[@id=\"backBtn\"]"}
COMMAND: POST /session/f99cb1a050fbe9a90033840217c5bfe8/elements - {"using":"xpath","value":"//*[@id=\"backBtn\"]"}
RESULT: {"using":"xpath","value":"//*[@id=\"backBtn\"]"}
COMMAND: POST /session/f99cb1a050fbe9a90033840217c5bfe8/elements - {"using":"xpath","value":"//*[@id=\"backBtn\"]"}
RESULT: {"using":"xpath","value":"//*[@id=\"backBtn\"]"}
COMMAND: POST /session/f99cb1a050fbe9a90033840217c5bfe8/elements - {"using":"xpath","value":"//*[@id=\"backBtn\"]"}
RESULT: {"using":"xpath","value":"//*[@id=\"backBtn\"]"}
COMMAND: POST /session/f99cb1a050fbe9a90033840217c5bfe8/elements - {"using":"xpath","value":"//*[@id=\"backBtn\"]"}
RESULT: {"using":"xpath","value":"//*[@id=\"backBtn\"]"}
COMMAND: POST /session/f99cb1a050fbe9a90033840217c5bfe8/elements - {"using":"xpath","value":"//*[@id=\"backBtn\"]"}
RESULT: {"using":"xpath","value":"//*[@id=\"backBtn\"]"}
COMMAND: POST /session/f99cb1a050fbe9a90033840217c5bfe8/elements - {"using":"xpath","value":"//*[@id=\"backBtn\"]"}
RESULT: {"using":"xpath","value":"//*[@id=\"backBtn\"]"}
COMMAND: POST /session/f99cb1a050fbe9a90033840217c5bfe8/elements - {"using":"xpath","value":"//*[@id=\"backBtn\"]"}
RESULT: {"using":"xpath","value":"//*[@id=\"backBtn\"]"}
COMMAND: POST /session/f99cb1a050fbe9a90033840217c5bfe8/elements - {"using":"xpath","value":"//*[@id=\"backBtn\"]"}
RESULT: {"using":"xpath","value":"//*[@id=\"backBtn\"]"}
]]></system-out>
    </testcase>
    <testcase classname="chrome.135_0_7049_42.windows.Sanity_Tests_US104253" name="Should open Manage Conditions Prices page" time="44.069">
      <system-out><![CDATA[
COMMAND: POST /session/f99cb1a050fbe9a90033840217c5bfe8/execute/async - {"script":"<script> [1562 bytes]","args":[{"selector":{"controlType":"sap.m.GenericTile","properties":{"header":"Manage Conditions & Prices"}},"wdio_ui5_key":"sapm.GenericTile{\"header\":\"Manage Conditions & Prices\"}"}]}
COMMAND: POST /session/f99cb1a050fbe9a90033840217c5bfe8/elements - {"using":"xpath","value":"//*[@id=\"backBtn\"]"}
RESULT: {"script":"<script> [1562 bytes]","args":[{"selector":{"controlType":"sap.m.GenericTile","properties":{"header":"Manage Conditions & Prices"}},"wdio_ui5_key":"sapm.GenericTile{\"header\":\"Manage Conditions & Prices\"}"}]}
RESULT: undefined
COMMAND: POST /session/f99cb1a050fbe9a90033840217c5bfe8/element - {"using":"xpath","value":"//*[@id=\"__tile64\"]"}
RESULT: {"using":"xpath","value":"//*[@id=\"backBtn\"]"}
RESULT: {"using":"xpath","value":"//*[@id=\"__tile64\"]"}
COMMAND: POST /session/f99cb1a050fbe9a90033840217c5bfe8/element/f.92807732B44260480D43414758AACD61.d.F8BEF230FDE6D5B4CB73937B8D51242F.e.2486/click - {}
RESULT: {}
COMMAND: GET /session/f99cb1a050fbe9a90033840217c5bfe8/screenshot - {}
COMMAND: POST /session/f99cb1a050fbe9a90033840217c5bfe8/elements - {"using":"xpath","value":"//*[@id=\"backBtn\"]"}
RESULT: {}
RESULT: {"using":"xpath","value":"//*[@id=\"backBtn\"]"}
COMMAND: POST /session/f99cb1a050fbe9a90033840217c5bfe8/elements - {"using":"xpath","value":"//*[@id=\"backBtn\"]"}
RESULT: {"using":"xpath","value":"//*[@id=\"backBtn\"]"}
COMMAND: POST /session/f99cb1a050fbe9a90033840217c5bfe8/elements - {"using":"xpath","value":"//*[@id=\"backBtn\"]"}
RESULT: {"using":"xpath","value":"//*[@id=\"backBtn\"]"}
COMMAND: POST /session/f99cb1a050fbe9a90033840217c5bfe8/elements - {"using":"xpath","value":"//*[@id=\"backBtn\"]"}
RESULT: undefined
COMMAND: POST /session/f99cb1a050fbe9a90033840217c5bfe8/element - {"using":"xpath","value":"//*[@id=\"__tile64\"]"}
RESULT: {"using":"xpath","value":"//*[@id=\"backBtn\"]"}
COMMAND: POST /session/f99cb1a050fbe9a90033840217c5bfe8/element - {"using":"xpath","value":"//*[@id=\"backBtn\"]"}
RESULT: {"using":"xpath","value":"//*[@id=\"__tile64\"]"}
COMMAND: POST /session/f99cb1a050fbe9a90033840217c5bfe8/element/f.92807732B44260480D43414758AACD61.d.F8BEF230FDE6D5B4CB73937B8D51242F.e.2486/click - {}
RESULT: {"using":"xpath","value":"//*[@id=\"backBtn\"]"}
COMMAND: POST /session/f99cb1a050fbe9a90033840217c5bfe8/element/f.92807732B44260480D43414758AACD61.d.F8BEF230FDE6D5B4CB73937B8D51242F.e.2292/click - {}
COMMAND: POST /session/f99cb1a050fbe9a90033840217c5bfe8/element - {"using":"xpath","value":"//*[@id=\"backBtn\"]"}
RESULT: {"using":"xpath","value":"//*[@id=\"backBtn\"]"}
COMMAND: POST /session/f99cb1a050fbe9a90033840217c5bfe8/element/f.92807732B44260480D43414758AACD61.d.F8BEF230FDE6D5B4CB73937B8D51242F.e.2490/click - {}
RESULT: {}
COMMAND: GET /session/f99cb1a050fbe9a90033840217c5bfe8/screenshot - {}
RESULT: {}
RESULT: undefined
COMMAND: POST /session/f99cb1a050fbe9a90033840217c5bfe8/element - {"using":"xpath","value":"//*[@id=\"__tile64\"]"}
COMMAND: GET /session/f99cb1a050fbe9a90033840217c5bfe8/screenshot - {}
RESULT: {}
RESULT: {"using":"xpath","value":"//*[@id=\"__tile64\"]"}
COMMAND: POST /session/f99cb1a050fbe9a90033840217c5bfe8/element/f.92807732B44260480D43414758AACD61.d.F8BEF230FDE6D5B4CB73937B8D51242F.e.2486/click - {}
RESULT: {}
RESULT: undefined
COMMAND: POST /session/f99cb1a050fbe9a90033840217c5bfe8/execute/async - {"script":"<script> [6424 bytes]","args":[{"element-6066-11e4-a52e-4f735466cecf":"f.92807732B44260480D43414758AACD61.d.F8BEF230FDE6D5B4CB73937B8D51242F.e.295"},"getTitle",[]]}
COMMAND: POST /session/f99cb1a050fbe9a90033840217c5bfe8/execute/async - {"script":"<script> [1562 bytes]","args":[{"selector":{"id":"shellAppTitle"},"wdio_ui5_key":"shellAppTitle"}]}
RESULT: {"script":"<script> [1562 bytes]","args":[{"selector":{"id":"shellAppTitle"},"wdio_ui5_key":"shellAppTitle"}]}
COMMAND: POST /session/f99cb1a050fbe9a90033840217c5bfe8/execute/async - {"script":"<script> [6424 bytes]","args":[{"element-6066-11e4-a52e-4f735466cecf":"f.92807732B44260480D43414758AACD61.d.F8BEF230FDE6D5B4CB73937B8D51242F.e.2630"},"getTitle",[]]}
RESULT: {"script":"<script> [6424 bytes]","args":[{"element-6066-11e4-a52e-4f735466cecf":"f.92807732B44260480D43414758AACD61.d.F8BEF230FDE6D5B4CB73937B8D51242F.e.2630"},"getTitle",[]]}
RESULT: undefined
COMMAND: POST /session/f99cb1a050fbe9a90033840217c5bfe8/element/f.92807732B44260480D43414758AACD61.d.F8BEF230FDE6D5B4CB73937B8D51242F.e.2490/click - {}
RESULT: {}
COMMAND: GET /session/f99cb1a050fbe9a90033840217c5bfe8/screenshot - {}
RESULT: {}
]]></system-out>
    </testcase>
    <testcase classname="chrome.135_0_7049_42.windows.Sanity_Tests_US104253" name="Should open Billing Transfer page" time="33.39">
      <system-out><![CDATA[
COMMAND: POST /session/f99cb1a050fbe9a90033840217c5bfe8/execute/async - {"script":"<script> [1562 bytes]","args":[{"selector":{"controlType":"sap.m.GenericTile","properties":{"header":"Billing Transfer"}},"wdio_ui5_key":"sapm.GenericTile{\"header\":\"Billing Transfer\"}"}]}
RESULT: {"script":"<script> [1562 bytes]","args":[{"selector":{"controlType":"sap.m.GenericTile","properties":{"header":"Billing Transfer"}},"wdio_ui5_key":"sapm.GenericTile{\"header\":\"Billing Transfer\"}"}]}
RESULT: undefined
COMMAND: POST /session/f99cb1a050fbe9a90033840217c5bfe8/element - {"using":"xpath","value":"//*[@id=\"__tile61\"]"}
RESULT: {"using":"xpath","value":"//*[@id=\"__tile61\"]"}
COMMAND: POST /session/f99cb1a050fbe9a90033840217c5bfe8/element/f.92807732B44260480D43414758AACD61.d.F8BEF230FDE6D5B4CB73937B8D51242F.e.2632/click - {}
RESULT: {}
COMMAND: GET /session/f99cb1a050fbe9a90033840217c5bfe8/screenshot - {}
RESULT: {}
RESULT: undefined
COMMAND: POST /session/f99cb1a050fbe9a90033840217c5bfe8/element - {"using":"xpath","value":"//*[@id=\"__tile61\"]"}
RESULT: {"using":"xpath","value":"//*[@id=\"__tile61\"]"}
COMMAND: POST /session/f99cb1a050fbe9a90033840217c5bfe8/element/f.92807732B44260480D43414758AACD61.d.F8BEF230FDE6D5B4CB73937B8D51242F.e.2632/click - {}
RESULT: undefined
COMMAND: POST /session/f99cb1a050fbe9a90033840217c5bfe8/element - {"using":"xpath","value":"//*[@id=\"__tile61\"]"}
RESULT: {"using":"xpath","value":"//*[@id=\"__tile61\"]"}
COMMAND: POST /session/f99cb1a050fbe9a90033840217c5bfe8/element/f.92807732B44260480D43414758AACD61.d.F8BEF230FDE6D5B4CB73937B8D51242F.e.2632/click - {}
RESULT: undefined
COMMAND: POST /session/f99cb1a050fbe9a90033840217c5bfe8/execute/async - {"script":"<script> [6424 bytes]","args":[{"element-6066-11e4-a52e-4f735466cecf":"f.92807732B44260480D43414758AACD61.d.F8BEF230FDE6D5B4CB73937B8D51242F.e.295"},"getTitle",[]]}
COMMAND: POST /session/f99cb1a050fbe9a90033840217c5bfe8/execute/async - {"script":"<script> [1562 bytes]","args":[{"selector":{"id":"shellAppTitle"},"wdio_ui5_key":"shellAppTitle"}]}
RESULT: {"script":"<script> [1562 bytes]","args":[{"selector":{"id":"shellAppTitle"},"wdio_ui5_key":"shellAppTitle"}]}
COMMAND: POST /session/f99cb1a050fbe9a90033840217c5bfe8/execute/async - {"script":"<script> [6424 bytes]","args":[{"element-6066-11e4-a52e-4f735466cecf":"f.92807732B44260480D43414758AACD61.d.F8BEF230FDE6D5B4CB73937B8D51242F.e.2738"},"getTitle",[]]}
RESULT: {"script":"<script> [6424 bytes]","args":[{"element-6066-11e4-a52e-4f735466cecf":"f.92807732B44260480D43414758AACD61.d.F8BEF230FDE6D5B4CB73937B8D51242F.e.2738"},"getTitle",[]]}
RESULT: undefined
COMMAND: POST /session/f99cb1a050fbe9a90033840217c5bfe8/element/f.92807732B44260480D43414758AACD61.d.F8BEF230FDE6D5B4CB73937B8D51242F.e.2490/click - {}
COMMAND: POST /session/f99cb1a050fbe9a90033840217c5bfe8/element - {"using":"xpath","value":"//*[@id=\"backBtn\"]"}
RESULT: {"using":"xpath","value":"//*[@id=\"backBtn\"]"}
COMMAND: POST /session/f99cb1a050fbe9a90033840217c5bfe8/element/f.92807732B44260480D43414758AACD61.d.F8BEF230FDE6D5B4CB73937B8D51242F.e.2490/click - {}
COMMAND: POST /session/f99cb1a050fbe9a90033840217c5bfe8/element - {"using":"xpath","value":"//*[@id=\"backBtn\"]"}
RESULT: {"using":"xpath","value":"//*[@id=\"backBtn\"]"}
COMMAND: POST /session/f99cb1a050fbe9a90033840217c5bfe8/element/f.92807732B44260480D43414758AACD61.d.F8BEF230FDE6D5B4CB73937B8D51242F.e.2739/click - {}
RESULT: {}
COMMAND: GET /session/f99cb1a050fbe9a90033840217c5bfe8/screenshot - {}
RESULT: {}
]]></system-out>
    </testcase>
    <testcase classname="chrome.135_0_7049_42.windows.Sanity_Tests_US104253" name="Should open Manage Pricing Rules page" time="32.701">
      <system-out><![CDATA[
COMMAND: POST /session/f99cb1a050fbe9a90033840217c5bfe8/execute/async - {"script":"<script> [1562 bytes]","args":[{"selector":{"controlType":"sap.m.GenericTile","properties":{"header":"Manage Pricing Rules"}},"wdio_ui5_key":"sapm.GenericTile{\"header\":\"Manage Pricing Rules\"}"}]}
RESULT: {"script":"<script> [1562 bytes]","args":[{"selector":{"controlType":"sap.m.GenericTile","properties":{"header":"Manage Pricing Rules"}},"wdio_ui5_key":"sapm.GenericTile{\"header\":\"Manage Pricing Rules\"}"}]}
RESULT: undefined
COMMAND: POST /session/f99cb1a050fbe9a90033840217c5bfe8/element - {"using":"xpath","value":"//*[@id=\"__tile66\"]"}
RESULT: {"using":"xpath","value":"//*[@id=\"__tile66\"]"}
COMMAND: POST /session/f99cb1a050fbe9a90033840217c5bfe8/element/f.92807732B44260480D43414758AACD61.d.F8BEF230FDE6D5B4CB73937B8D51242F.e.2741/click - {}
RESULT: {}
COMMAND: GET /session/f99cb1a050fbe9a90033840217c5bfe8/screenshot - {}
RESULT: {}
RESULT: undefined
COMMAND: POST /session/f99cb1a050fbe9a90033840217c5bfe8/element - {"using":"xpath","value":"//*[@id=\"__tile66\"]"}
RESULT: {"using":"xpath","value":"//*[@id=\"__tile66\"]"}
COMMAND: POST /session/f99cb1a050fbe9a90033840217c5bfe8/element/f.92807732B44260480D43414758AACD61.d.F8BEF230FDE6D5B4CB73937B8D51242F.e.2741/click - {}
RESULT: undefined
COMMAND: POST /session/f99cb1a050fbe9a90033840217c5bfe8/element - {"using":"xpath","value":"//*[@id=\"__tile66\"]"}
RESULT: {"using":"xpath","value":"//*[@id=\"__tile66\"]"}
COMMAND: POST /session/f99cb1a050fbe9a90033840217c5bfe8/element/f.92807732B44260480D43414758AACD61.d.F8BEF230FDE6D5B4CB73937B8D51242F.e.2741/click - {}
RESULT: undefined
COMMAND: POST /session/f99cb1a050fbe9a90033840217c5bfe8/execute/async - {"script":"<script> [6424 bytes]","args":[{"element-6066-11e4-a52e-4f735466cecf":"f.92807732B44260480D43414758AACD61.d.F8BEF230FDE6D5B4CB73937B8D51242F.e.295"},"getTitle",[]]}
COMMAND: POST /session/f99cb1a050fbe9a90033840217c5bfe8/execute/async - {"script":"<script> [1562 bytes]","args":[{"selector":{"id":"shellAppTitle"},"wdio_ui5_key":"shellAppTitle"}]}
RESULT: {"script":"<script> [1562 bytes]","args":[{"selector":{"id":"shellAppTitle"},"wdio_ui5_key":"shellAppTitle"}]}
COMMAND: POST /session/f99cb1a050fbe9a90033840217c5bfe8/execute/async - {"script":"<script> [6424 bytes]","args":[{"element-6066-11e4-a52e-4f735466cecf":"f.92807732B44260480D43414758AACD61.d.F8BEF230FDE6D5B4CB73937B8D51242F.e.2788"},"getTitle",[]]}
RESULT: {"script":"<script> [6424 bytes]","args":[{"element-6066-11e4-a52e-4f735466cecf":"f.92807732B44260480D43414758AACD61.d.F8BEF230FDE6D5B4CB73937B8D51242F.e.2788"},"getTitle",[]]}
RESULT: undefined
COMMAND: POST /session/f99cb1a050fbe9a90033840217c5bfe8/element/f.92807732B44260480D43414758AACD61.d.F8BEF230FDE6D5B4CB73937B8D51242F.e.2739/click - {}
RESULT: {}
COMMAND: GET /session/f99cb1a050fbe9a90033840217c5bfe8/screenshot - {}
RESULT: {}
]]></system-out>
    </testcase>
    <testcase classname="chrome.135_0_7049_42.windows.Sanity_Tests_US104253" name="Should open Manage Price Determination Matrices page" time="35.071">
      <system-out><![CDATA[
COMMAND: POST /session/f99cb1a050fbe9a90033840217c5bfe8/execute/async - {"script":"<script> [1562 bytes]","args":[{"selector":{"controlType":"sap.m.GenericTile","properties":{"header":"Manage Price Determination Matrices"}},"wdio_ui5_key":"sapm.GenericTile{\"header\":\"Manage Price Determination Matrices\"}"}]}
RESULT: {"script":"<script> [1562 bytes]","args":[{"selector":{"controlType":"sap.m.GenericTile","properties":{"header":"Manage Price Determination Matrices"}},"wdio_ui5_key":"sapm.GenericTile{\"header\":\"Manage Price Determination Matrices\"}"}]}
RESULT: undefined
COMMAND: POST /session/f99cb1a050fbe9a90033840217c5bfe8/element - {"using":"xpath","value":"//*[@id=\"__tile65\"]"}
RESULT: {"using":"xpath","value":"//*[@id=\"__tile65\"]"}
COMMAND: POST /session/f99cb1a050fbe9a90033840217c5bfe8/element/f.92807732B44260480D43414758AACD61.d.F8BEF230FDE6D5B4CB73937B8D51242F.e.106/click - {}
RESULT: {}
COMMAND: GET /session/f99cb1a050fbe9a90033840217c5bfe8/screenshot - {}
RESULT: {}
RESULT: undefined
COMMAND: POST /session/f99cb1a050fbe9a90033840217c5bfe8/element - {"using":"xpath","value":"//*[@id=\"__tile65\"]"}
RESULT: {"using":"xpath","value":"//*[@id=\"__tile65\"]"}
COMMAND: POST /session/f99cb1a050fbe9a90033840217c5bfe8/element/f.92807732B44260480D43414758AACD61.d.F8BEF230FDE6D5B4CB73937B8D51242F.e.106/click - {}
RESULT: undefined
COMMAND: POST /session/f99cb1a050fbe9a90033840217c5bfe8/element - {"using":"xpath","value":"//*[@id=\"__tile65\"]"}
RESULT: {"using":"xpath","value":"//*[@id=\"__tile65\"]"}
COMMAND: POST /session/f99cb1a050fbe9a90033840217c5bfe8/element/f.92807732B44260480D43414758AACD61.d.F8BEF230FDE6D5B4CB73937B8D51242F.e.106/click - {}
RESULT: undefined
COMMAND: POST /session/f99cb1a050fbe9a90033840217c5bfe8/execute/async - {"script":"<script> [6424 bytes]","args":[{"element-6066-11e4-a52e-4f735466cecf":"f.92807732B44260480D43414758AACD61.d.F8BEF230FDE6D5B4CB73937B8D51242F.e.295"},"getTitle",[]]}
COMMAND: POST /session/f99cb1a050fbe9a90033840217c5bfe8/execute/async - {"script":"<script> [1562 bytes]","args":[{"selector":{"id":"shellAppTitle"},"wdio_ui5_key":"shellAppTitle"}]}
RESULT: {"script":"<script> [1562 bytes]","args":[{"selector":{"id":"shellAppTitle"},"wdio_ui5_key":"shellAppTitle"}]}
COMMAND: POST /session/f99cb1a050fbe9a90033840217c5bfe8/execute/async - {"script":"<script> [6424 bytes]","args":[{"element-6066-11e4-a52e-4f735466cecf":"f.92807732B44260480D43414758AACD61.d.F8BEF230FDE6D5B4CB73937B8D51242F.e.2871"},"getTitle",[]]}
RESULT: {"script":"<script> [6424 bytes]","args":[{"element-6066-11e4-a52e-4f735466cecf":"f.92807732B44260480D43414758AACD61.d.F8BEF230FDE6D5B4CB73937B8D51242F.e.2871"},"getTitle",[]]}
RESULT: undefined
COMMAND: POST /session/f99cb1a050fbe9a90033840217c5bfe8/element/f.92807732B44260480D43414758AACD61.d.F8BEF230FDE6D5B4CB73937B8D51242F.e.2739/click - {}
COMMAND: POST /session/f99cb1a050fbe9a90033840217c5bfe8/element - {"using":"xpath","value":"//*[@id=\"backBtn\"]"}
RESULT: {"using":"xpath","value":"//*[@id=\"backBtn\"]"}
COMMAND: POST /session/f99cb1a050fbe9a90033840217c5bfe8/element/f.92807732B44260480D43414758AACD61.d.F8BEF230FDE6D5B4CB73937B8D51242F.e.2739/click - {}
COMMAND: POST /session/f99cb1a050fbe9a90033840217c5bfe8/element - {"using":"xpath","value":"//*[@id=\"backBtn\"]"}
RESULT: {"using":"xpath","value":"//*[@id=\"backBtn\"]"}
COMMAND: POST /session/f99cb1a050fbe9a90033840217c5bfe8/element/f.92807732B44260480D43414758AACD61.d.F8BEF230FDE6D5B4CB73937B8D51242F.e.2872/click - {}
RESULT: {}
COMMAND: GET /session/f99cb1a050fbe9a90033840217c5bfe8/screenshot - {}
RESULT: {}
]]></system-out>
    </testcase>
    <testcase classname="chrome.135_0_7049_42.windows.Sanity_Tests_US104253" name="Should open Yard Overview page" time="31.549">
      <system-out><![CDATA[
COMMAND: POST /session/f99cb1a050fbe9a90033840217c5bfe8/execute/async - {"script":"<script> [1562 bytes]","args":[{"selector":{"controlType":"sap.m.GenericTile","properties":{"header":"Yard Overview"}},"wdio_ui5_key":"sapm.GenericTile{\"header\":\"Yard Overview\"}"}]}
RESULT: {"script":"<script> [1562 bytes]","args":[{"selector":{"controlType":"sap.m.GenericTile","properties":{"header":"Yard Overview"}},"wdio_ui5_key":"sapm.GenericTile{\"header\":\"Yard Overview\"}"}]}
RESULT: undefined
COMMAND: POST /session/f99cb1a050fbe9a90033840217c5bfe8/element - {"using":"xpath","value":"//*[@id=\"__tile73\"]"}
RESULT: {"using":"xpath","value":"//*[@id=\"__tile73\"]"}
COMMAND: POST /session/f99cb1a050fbe9a90033840217c5bfe8/element/f.92807732B44260480D43414758AACD61.d.F8BEF230FDE6D5B4CB73937B8D51242F.e.2874/click - {}
RESULT: {}
COMMAND: GET /session/f99cb1a050fbe9a90033840217c5bfe8/screenshot - {}
RESULT: {}
RESULT: undefined
COMMAND: POST /session/f99cb1a050fbe9a90033840217c5bfe8/element - {"using":"xpath","value":"//*[@id=\"__tile73\"]"}
RESULT: {"using":"xpath","value":"//*[@id=\"__tile73\"]"}
COMMAND: POST /session/f99cb1a050fbe9a90033840217c5bfe8/element/f.92807732B44260480D43414758AACD61.d.F8BEF230FDE6D5B4CB73937B8D51242F.e.2874/click - {}
RESULT: undefined
COMMAND: POST /session/f99cb1a050fbe9a90033840217c5bfe8/element - {"using":"xpath","value":"//*[@id=\"__tile73\"]"}
RESULT: {"using":"xpath","value":"//*[@id=\"__tile73\"]"}
COMMAND: POST /session/f99cb1a050fbe9a90033840217c5bfe8/element/f.92807732B44260480D43414758AACD61.d.F8BEF230FDE6D5B4CB73937B8D51242F.e.2874/click - {}
RESULT: undefined
COMMAND: POST /session/f99cb1a050fbe9a90033840217c5bfe8/execute/async - {"script":"<script> [6424 bytes]","args":[{"element-6066-11e4-a52e-4f735466cecf":"f.92807732B44260480D43414758AACD61.d.F8BEF230FDE6D5B4CB73937B8D51242F.e.295"},"getTitle",[]]}
COMMAND: POST /session/f99cb1a050fbe9a90033840217c5bfe8/execute/async - {"script":"<script> [1562 bytes]","args":[{"selector":{"id":"shellAppTitle"},"wdio_ui5_key":"shellAppTitle"}]}
RESULT: {"script":"<script> [1562 bytes]","args":[{"selector":{"id":"shellAppTitle"},"wdio_ui5_key":"shellAppTitle"}]}
COMMAND: POST /session/f99cb1a050fbe9a90033840217c5bfe8/execute/async - {"script":"<script> [6424 bytes]","args":[{"element-6066-11e4-a52e-4f735466cecf":"f.92807732B44260480D43414758AACD61.d.F8BEF230FDE6D5B4CB73937B8D51242F.e.2934"},"getTitle",[]]}
RESULT: {"script":"<script> [6424 bytes]","args":[{"element-6066-11e4-a52e-4f735466cecf":"f.92807732B44260480D43414758AACD61.d.F8BEF230FDE6D5B4CB73937B8D51242F.e.2934"},"getTitle",[]]}
RESULT: undefined
COMMAND: POST /session/f99cb1a050fbe9a90033840217c5bfe8/element/f.92807732B44260480D43414758AACD61.d.F8BEF230FDE6D5B4CB73937B8D51242F.e.2872/click - {}
RESULT: {}
COMMAND: GET /session/f99cb1a050fbe9a90033840217c5bfe8/screenshot - {}
RESULT: {}
]]></system-out>
    </testcase>
    <testcase classname="chrome.135_0_7049_42.windows.Sanity_Tests_US104253" name="Should open Site Overview page" time="41.869">
      <system-out><![CDATA[
COMMAND: POST /session/f99cb1a050fbe9a90033840217c5bfe8/execute/async - {"script":"<script> [1562 bytes]","args":[{"selector":{"controlType":"sap.m.GenericTile","properties":{"header":"Site Overview"}},"wdio_ui5_key":"sapm.GenericTile{\"header\":\"Site Overview\"}"}]}
RESULT: {"script":"<script> [1562 bytes]","args":[{"selector":{"controlType":"sap.m.GenericTile","properties":{"header":"Site Overview"}},"wdio_ui5_key":"sapm.GenericTile{\"header\":\"Site Overview\"}"}]}
RESULT: undefined
COMMAND: POST /session/f99cb1a050fbe9a90033840217c5bfe8/element - {"using":"xpath","value":"//*[@id=\"__tile71\"]"}
RESULT: {"using":"xpath","value":"//*[@id=\"__tile71\"]"}
COMMAND: POST /session/f99cb1a050fbe9a90033840217c5bfe8/element/f.92807732B44260480D43414758AACD61.d.F8BEF230FDE6D5B4CB73937B8D51242F.e.2937/click - {}
RESULT: {}
COMMAND: GET /session/f99cb1a050fbe9a90033840217c5bfe8/screenshot - {}
RESULT: {}
RESULT: undefined
COMMAND: POST /session/f99cb1a050fbe9a90033840217c5bfe8/element - {"using":"xpath","value":"//*[@id=\"__tile71\"]"}
RESULT: {"using":"xpath","value":"//*[@id=\"__tile71\"]"}
COMMAND: POST /session/f99cb1a050fbe9a90033840217c5bfe8/element/f.92807732B44260480D43414758AACD61.d.F8BEF230FDE6D5B4CB73937B8D51242F.e.2937/click - {}
RESULT: undefined
COMMAND: POST /session/f99cb1a050fbe9a90033840217c5bfe8/element - {"using":"xpath","value":"//*[@id=\"__tile71\"]"}
RESULT: {"using":"xpath","value":"//*[@id=\"__tile71\"]"}
COMMAND: POST /session/f99cb1a050fbe9a90033840217c5bfe8/element/f.92807732B44260480D43414758AACD61.d.F8BEF230FDE6D5B4CB73937B8D51242F.e.2937/click - {}
RESULT: undefined
COMMAND: POST /session/f99cb1a050fbe9a90033840217c5bfe8/execute/async - {"script":"<script> [6424 bytes]","args":[{"element-6066-11e4-a52e-4f735466cecf":"f.92807732B44260480D43414758AACD61.d.F8BEF230FDE6D5B4CB73937B8D51242F.e.295"},"getTitle",[]]}
COMMAND: POST /session/f99cb1a050fbe9a90033840217c5bfe8/execute/async - {"script":"<script> [1562 bytes]","args":[{"selector":{"id":"shellAppTitle"},"wdio_ui5_key":"shellAppTitle"}]}
RESULT: {"script":"<script> [1562 bytes]","args":[{"selector":{"id":"shellAppTitle"},"wdio_ui5_key":"shellAppTitle"}]}
COMMAND: POST /session/f99cb1a050fbe9a90033840217c5bfe8/execute/async - {"script":"<script> [6424 bytes]","args":[{"element-6066-11e4-a52e-4f735466cecf":"f.92807732B44260480D43414758AACD61.d.F8BEF230FDE6D5B4CB73937B8D51242F.e.3068"},"getTitle",[]]}
RESULT: {"script":"<script> [6424 bytes]","args":[{"element-6066-11e4-a52e-4f735466cecf":"f.92807732B44260480D43414758AACD61.d.F8BEF230FDE6D5B4CB73937B8D51242F.e.3068"},"getTitle",[]]}
RESULT: undefined
COMMAND: POST /session/f99cb1a050fbe9a90033840217c5bfe8/element/f.92807732B44260480D43414758AACD61.d.F8BEF230FDE6D5B4CB73937B8D51242F.e.2872/click - {}
COMMAND: POST /session/f99cb1a050fbe9a90033840217c5bfe8/element - {"using":"xpath","value":"//*[@id=\"backBtn\"]"}
RESULT: {"using":"xpath","value":"//*[@id=\"backBtn\"]"}
COMMAND: POST /session/f99cb1a050fbe9a90033840217c5bfe8/element/f.92807732B44260480D43414758AACD61.d.F8BEF230FDE6D5B4CB73937B8D51242F.e.2872/click - {}
COMMAND: POST /session/f99cb1a050fbe9a90033840217c5bfe8/element - {"using":"xpath","value":"//*[@id=\"backBtn\"]"}
RESULT: {"using":"xpath","value":"//*[@id=\"backBtn\"]"}
COMMAND: POST /session/f99cb1a050fbe9a90033840217c5bfe8/element/f.92807732B44260480D43414758AACD61.d.F8BEF230FDE6D5B4CB73937B8D51242F.e.3069/click - {}
RESULT: {}
COMMAND: GET /session/f99cb1a050fbe9a90033840217c5bfe8/screenshot - {}
RESULT: {}
]]></system-out>
    </testcase>
    <testcase classname="chrome.135_0_7049_42.windows.Sanity_Tests_US104253" name="Should open Trace Track Resources page" time="33.262">
      <system-out><![CDATA[
COMMAND: POST /session/f99cb1a050fbe9a90033840217c5bfe8/execute/async - {"script":"<script> [1562 bytes]","args":[{"selector":{"controlType":"sap.m.GenericTile","properties":{"header":"Trace & Track Resources"}},"wdio_ui5_key":"sapm.GenericTile{\"header\":\"Trace & Track Resources\"}"}]}
RESULT: {"script":"<script> [1562 bytes]","args":[{"selector":{"controlType":"sap.m.GenericTile","properties":{"header":"Trace & Track Resources"}},"wdio_ui5_key":"sapm.GenericTile{\"header\":\"Trace & Track Resources\"}"}]}
RESULT: undefined
COMMAND: POST /session/f99cb1a050fbe9a90033840217c5bfe8/element - {"using":"xpath","value":"//*[@id=\"__tile72\"]"}
RESULT: {"using":"xpath","value":"//*[@id=\"__tile72\"]"}
COMMAND: POST /session/f99cb1a050fbe9a90033840217c5bfe8/element/f.92807732B44260480D43414758AACD61.d.F8BEF230FDE6D5B4CB73937B8D51242F.e.3071/click - {}
RESULT: {}
COMMAND: GET /session/f99cb1a050fbe9a90033840217c5bfe8/screenshot - {}
RESULT: {}
RESULT: undefined
COMMAND: POST /session/f99cb1a050fbe9a90033840217c5bfe8/element - {"using":"xpath","value":"//*[@id=\"__tile72\"]"}
RESULT: {"using":"xpath","value":"//*[@id=\"__tile72\"]"}
COMMAND: POST /session/f99cb1a050fbe9a90033840217c5bfe8/element/f.92807732B44260480D43414758AACD61.d.F8BEF230FDE6D5B4CB73937B8D51242F.e.3071/click - {}
RESULT: undefined
COMMAND: POST /session/f99cb1a050fbe9a90033840217c5bfe8/element - {"using":"xpath","value":"//*[@id=\"__tile72\"]"}
RESULT: {"using":"xpath","value":"//*[@id=\"__tile72\"]"}
COMMAND: POST /session/f99cb1a050fbe9a90033840217c5bfe8/element/f.92807732B44260480D43414758AACD61.d.F8BEF230FDE6D5B4CB73937B8D51242F.e.3071/click - {}
RESULT: undefined
COMMAND: POST /session/f99cb1a050fbe9a90033840217c5bfe8/execute/async - {"script":"<script> [6424 bytes]","args":[{"element-6066-11e4-a52e-4f735466cecf":"f.92807732B44260480D43414758AACD61.d.F8BEF230FDE6D5B4CB73937B8D51242F.e.295"},"getTitle",[]]}
COMMAND: POST /session/f99cb1a050fbe9a90033840217c5bfe8/execute/async - {"script":"<script> [1562 bytes]","args":[{"selector":{"id":"shellAppTitle"},"wdio_ui5_key":"shellAppTitle"}]}
RESULT: {"script":"<script> [1562 bytes]","args":[{"selector":{"id":"shellAppTitle"},"wdio_ui5_key":"shellAppTitle"}]}
COMMAND: POST /session/f99cb1a050fbe9a90033840217c5bfe8/execute/async - {"script":"<script> [6424 bytes]","args":[{"element-6066-11e4-a52e-4f735466cecf":"f.92807732B44260480D43414758AACD61.d.F8BEF230FDE6D5B4CB73937B8D51242F.e.3108"},"getTitle",[]]}
RESULT: {"script":"<script> [6424 bytes]","args":[{"element-6066-11e4-a52e-4f735466cecf":"f.92807732B44260480D43414758AACD61.d.F8BEF230FDE6D5B4CB73937B8D51242F.e.3108"},"getTitle",[]]}
RESULT: undefined
COMMAND: POST /session/f99cb1a050fbe9a90033840217c5bfe8/element/f.92807732B44260480D43414758AACD61.d.F8BEF230FDE6D5B4CB73937B8D51242F.e.3069/click - {}
RESULT: {}
COMMAND: GET /session/f99cb1a050fbe9a90033840217c5bfe8/screenshot - {}
RESULT: {}
]]></system-out>
    </testcase>
    <testcase classname="chrome.135_0_7049_42.windows.Sanity_Tests_US104253" name="Should open RU Inventory List page" time="35.301">
      <system-out><![CDATA[
COMMAND: POST /session/f99cb1a050fbe9a90033840217c5bfe8/execute/async - {"script":"<script> [1562 bytes]","args":[{"selector":{"controlType":"sap.m.GenericTile","properties":{"header":"RU Inventory List"}},"wdio_ui5_key":"sapm.GenericTile{\"header\":\"RU Inventory List\"}"}]}
RESULT: {"script":"<script> [1562 bytes]","args":[{"selector":{"controlType":"sap.m.GenericTile","properties":{"header":"RU Inventory List"}},"wdio_ui5_key":"sapm.GenericTile{\"header\":\"RU Inventory List\"}"}]}
RESULT: undefined
COMMAND: POST /session/f99cb1a050fbe9a90033840217c5bfe8/element - {"using":"xpath","value":"//*[@id=\"__tile70\"]"}
RESULT: {"using":"xpath","value":"//*[@id=\"__tile70\"]"}
COMMAND: POST /session/f99cb1a050fbe9a90033840217c5bfe8/element/f.92807732B44260480D43414758AACD61.d.F8BEF230FDE6D5B4CB73937B8D51242F.e.3110/click - {}
RESULT: {}
COMMAND: GET /session/f99cb1a050fbe9a90033840217c5bfe8/screenshot - {}
RESULT: {}
RESULT: undefined
COMMAND: POST /session/f99cb1a050fbe9a90033840217c5bfe8/element - {"using":"xpath","value":"//*[@id=\"__tile70\"]"}
RESULT: {"using":"xpath","value":"//*[@id=\"__tile70\"]"}
COMMAND: POST /session/f99cb1a050fbe9a90033840217c5bfe8/element/f.92807732B44260480D43414758AACD61.d.F8BEF230FDE6D5B4CB73937B8D51242F.e.3110/click - {}
RESULT: undefined
COMMAND: POST /session/f99cb1a050fbe9a90033840217c5bfe8/element - {"using":"xpath","value":"//*[@id=\"__tile70\"]"}
RESULT: {"using":"xpath","value":"//*[@id=\"__tile70\"]"}
COMMAND: POST /session/f99cb1a050fbe9a90033840217c5bfe8/element/f.92807732B44260480D43414758AACD61.d.F8BEF230FDE6D5B4CB73937B8D51242F.e.3110/click - {}
RESULT: undefined
COMMAND: POST /session/f99cb1a050fbe9a90033840217c5bfe8/execute/async - {"script":"<script> [6424 bytes]","args":[{"element-6066-11e4-a52e-4f735466cecf":"f.92807732B44260480D43414758AACD61.d.F8BEF230FDE6D5B4CB73937B8D51242F.e.295"},"getTitle",[]]}
COMMAND: POST /session/f99cb1a050fbe9a90033840217c5bfe8/execute/async - {"script":"<script> [1562 bytes]","args":[{"selector":{"id":"shellAppTitle"},"wdio_ui5_key":"shellAppTitle"}]}
RESULT: {"script":"<script> [1562 bytes]","args":[{"selector":{"id":"shellAppTitle"},"wdio_ui5_key":"shellAppTitle"}]}
COMMAND: POST /session/f99cb1a050fbe9a90033840217c5bfe8/execute/async - {"script":"<script> [6424 bytes]","args":[{"element-6066-11e4-a52e-4f735466cecf":"f.92807732B44260480D43414758AACD61.d.F8BEF230FDE6D5B4CB73937B8D51242F.e.3300"},"getTitle",[]]}
RESULT: {"script":"<script> [6424 bytes]","args":[{"element-6066-11e4-a52e-4f735466cecf":"f.92807732B44260480D43414758AACD61.d.F8BEF230FDE6D5B4CB73937B8D51242F.e.3300"},"getTitle",[]]}
RESULT: undefined
COMMAND: POST /session/f99cb1a050fbe9a90033840217c5bfe8/element/f.92807732B44260480D43414758AACD61.d.F8BEF230FDE6D5B4CB73937B8D51242F.e.3069/click - {}
COMMAND: POST /session/f99cb1a050fbe9a90033840217c5bfe8/element - {"using":"xpath","value":"//*[@id=\"backBtn\"]"}
RESULT: {"using":"xpath","value":"//*[@id=\"backBtn\"]"}
COMMAND: POST /session/f99cb1a050fbe9a90033840217c5bfe8/element/f.92807732B44260480D43414758AACD61.d.F8BEF230FDE6D5B4CB73937B8D51242F.e.3069/click - {}
COMMAND: POST /session/f99cb1a050fbe9a90033840217c5bfe8/element - {"using":"xpath","value":"//*[@id=\"backBtn\"]"}
RESULT: {"using":"xpath","value":"//*[@id=\"backBtn\"]"}
COMMAND: POST /session/f99cb1a050fbe9a90033840217c5bfe8/element/f.92807732B44260480D43414758AACD61.d.F8BEF230FDE6D5B4CB73937B8D51242F.e.3301/click - {}
RESULT: {}
COMMAND: GET /session/f99cb1a050fbe9a90033840217c5bfe8/screenshot - {}
RESULT: {}
]]></system-out>
    </testcase>
    <testcase classname="chrome.135_0_7049_42.windows.Sanity_Tests_US104253" name="Should open Contracts Dashboard page" time="34.457">
      <system-out><![CDATA[
COMMAND: POST /session/f99cb1a050fbe9a90033840217c5bfe8/execute/async - {"script":"<script> [1562 bytes]","args":[{"selector":{"controlType":"sap.m.GenericTile","properties":{"header":"Contracts Dashboard"}},"wdio_ui5_key":"sapm.GenericTile{\"header\":\"Contracts Dashboard\"}"}]}
RESULT: {"script":"<script> [1562 bytes]","args":[{"selector":{"controlType":"sap.m.GenericTile","properties":{"header":"Contracts Dashboard"}},"wdio_ui5_key":"sapm.GenericTile{\"header\":\"Contracts Dashboard\"}"}]}
RESULT: undefined
COMMAND: POST /session/f99cb1a050fbe9a90033840217c5bfe8/element - {"using":"xpath","value":"//*[@id=\"__tile68\"]"}
RESULT: {"using":"xpath","value":"//*[@id=\"__tile68\"]"}
COMMAND: POST /session/f99cb1a050fbe9a90033840217c5bfe8/element/f.92807732B44260480D43414758AACD61.d.F8BEF230FDE6D5B4CB73937B8D51242F.e.3303/click - {}
RESULT: {}
COMMAND: GET /session/f99cb1a050fbe9a90033840217c5bfe8/screenshot - {}
RESULT: {}
RESULT: undefined
COMMAND: POST /session/f99cb1a050fbe9a90033840217c5bfe8/element - {"using":"xpath","value":"//*[@id=\"__tile68\"]"}
RESULT: {"using":"xpath","value":"//*[@id=\"__tile68\"]"}
COMMAND: POST /session/f99cb1a050fbe9a90033840217c5bfe8/element/f.92807732B44260480D43414758AACD61.d.F8BEF230FDE6D5B4CB73937B8D51242F.e.3303/click - {}
RESULT: undefined
COMMAND: POST /session/f99cb1a050fbe9a90033840217c5bfe8/element - {"using":"xpath","value":"//*[@id=\"__tile68\"]"}
RESULT: {"using":"xpath","value":"//*[@id=\"__tile68\"]"}
COMMAND: POST /session/f99cb1a050fbe9a90033840217c5bfe8/element/f.92807732B44260480D43414758AACD61.d.F8BEF230FDE6D5B4CB73937B8D51242F.e.3303/click - {}
RESULT: undefined
COMMAND: POST /session/f99cb1a050fbe9a90033840217c5bfe8/execute/async - {"script":"<script> [6424 bytes]","args":[{"element-6066-11e4-a52e-4f735466cecf":"f.92807732B44260480D43414758AACD61.d.F8BEF230FDE6D5B4CB73937B8D51242F.e.295"},"getTitle",[]]}
COMMAND: POST /session/f99cb1a050fbe9a90033840217c5bfe8/execute/async - {"script":"<script> [1562 bytes]","args":[{"selector":{"id":"shellAppTitle"},"wdio_ui5_key":"shellAppTitle"}]}
RESULT: {"script":"<script> [1562 bytes]","args":[{"selector":{"id":"shellAppTitle"},"wdio_ui5_key":"shellAppTitle"}]}
COMMAND: POST /session/f99cb1a050fbe9a90033840217c5bfe8/execute/async - {"script":"<script> [6424 bytes]","args":[{"element-6066-11e4-a52e-4f735466cecf":"f.92807732B44260480D43414758AACD61.d.F8BEF230FDE6D5B4CB73937B8D51242F.e.3353"},"getTitle",[]]}
RESULT: {"script":"<script> [6424 bytes]","args":[{"element-6066-11e4-a52e-4f735466cecf":"f.92807732B44260480D43414758AACD61.d.F8BEF230FDE6D5B4CB73937B8D51242F.e.3353"},"getTitle",[]]}
RESULT: undefined
COMMAND: POST /session/f99cb1a050fbe9a90033840217c5bfe8/element/f.92807732B44260480D43414758AACD61.d.F8BEF230FDE6D5B4CB73937B8D51242F.e.3301/click - {}
RESULT: {}
COMMAND: GET /session/f99cb1a050fbe9a90033840217c5bfe8/screenshot - {}
RESULT: {}
]]></system-out>
    </testcase>
    <testcase classname="chrome.135_0_7049_42.windows.Sanity_Tests_US104253" name="Should open Bin Status Report page" time="40.663">
      <system-out><![CDATA[
COMMAND: POST /session/f99cb1a050fbe9a90033840217c5bfe8/execute/async - {"script":"<script> [1562 bytes]","args":[{"selector":{"controlType":"sap.m.GenericTile","properties":{"header":"Bin Status Report"}},"wdio_ui5_key":"sapm.GenericTile{\"header\":\"Bin Status Report\"}"}]}
RESULT: {"script":"<script> [1562 bytes]","args":[{"selector":{"controlType":"sap.m.GenericTile","properties":{"header":"Bin Status Report"}},"wdio_ui5_key":"sapm.GenericTile{\"header\":\"Bin Status Report\"}"}]}
RESULT: undefined
COMMAND: POST /session/f99cb1a050fbe9a90033840217c5bfe8/element - {"using":"xpath","value":"//*[@id=\"__tile108\"]"}
RESULT: {"using":"xpath","value":"//*[@id=\"__tile108\"]"}
COMMAND: POST /session/f99cb1a050fbe9a90033840217c5bfe8/element/f.92807732B44260480D43414758AACD61.d.F8BEF230FDE6D5B4CB73937B8D51242F.e.3356/click - {}
RESULT: {}
COMMAND: GET /session/f99cb1a050fbe9a90033840217c5bfe8/screenshot - {}
RESULT: {}
RESULT: undefined
COMMAND: POST /session/f99cb1a050fbe9a90033840217c5bfe8/element - {"using":"xpath","value":"//*[@id=\"__tile108\"]"}
RESULT: {"using":"xpath","value":"//*[@id=\"__tile108\"]"}
COMMAND: POST /session/f99cb1a050fbe9a90033840217c5bfe8/element/f.92807732B44260480D43414758AACD61.d.F8BEF230FDE6D5B4CB73937B8D51242F.e.3356/click - {}
RESULT: undefined
COMMAND: POST /session/f99cb1a050fbe9a90033840217c5bfe8/element - {"using":"xpath","value":"//*[@id=\"__tile108\"]"}
RESULT: {"using":"xpath","value":"//*[@id=\"__tile108\"]"}
COMMAND: POST /session/f99cb1a050fbe9a90033840217c5bfe8/element/f.92807732B44260480D43414758AACD61.d.F8BEF230FDE6D5B4CB73937B8D51242F.e.3356/click - {}
RESULT: undefined
COMMAND: POST /session/f99cb1a050fbe9a90033840217c5bfe8/execute/async - {"script":"<script> [6424 bytes]","args":[{"element-6066-11e4-a52e-4f735466cecf":"f.92807732B44260480D43414758AACD61.d.F8BEF230FDE6D5B4CB73937B8D51242F.e.295"},"getTitle",[]]}
COMMAND: POST /session/f99cb1a050fbe9a90033840217c5bfe8/execute/async - {"script":"<script> [1562 bytes]","args":[{"selector":{"id":"shellAppTitle"},"wdio_ui5_key":"shellAppTitle"}]}
RESULT: {"script":"<script> [1562 bytes]","args":[{"selector":{"id":"shellAppTitle"},"wdio_ui5_key":"shellAppTitle"}]}
COMMAND: POST /session/f99cb1a050fbe9a90033840217c5bfe8/execute/async - {"script":"<script> [6424 bytes]","args":[{"element-6066-11e4-a52e-4f735466cecf":"f.92807732B44260480D43414758AACD61.d.F8BEF230FDE6D5B4CB73937B8D51242F.e.3447"},"getTitle",[]]}
RESULT: {"script":"<script> [6424 bytes]","args":[{"element-6066-11e4-a52e-4f735466cecf":"f.92807732B44260480D43414758AACD61.d.F8BEF230FDE6D5B4CB73937B8D51242F.e.3447"},"getTitle",[]]}
RESULT: undefined
COMMAND: POST /session/f99cb1a050fbe9a90033840217c5bfe8/element/f.92807732B44260480D43414758AACD61.d.F8BEF230FDE6D5B4CB73937B8D51242F.e.3301/click - {}
COMMAND: POST /session/f99cb1a050fbe9a90033840217c5bfe8/element - {"using":"xpath","value":"//*[@id=\"backBtn\"]"}
RESULT: {"using":"xpath","value":"//*[@id=\"backBtn\"]"}
COMMAND: POST /session/f99cb1a050fbe9a90033840217c5bfe8/element/f.92807732B44260480D43414758AACD61.d.F8BEF230FDE6D5B4CB73937B8D51242F.e.3301/click - {}
COMMAND: POST /session/f99cb1a050fbe9a90033840217c5bfe8/element - {"using":"xpath","value":"//*[@id=\"backBtn\"]"}
RESULT: {"using":"xpath","value":"//*[@id=\"backBtn\"]"}
COMMAND: POST /session/f99cb1a050fbe9a90033840217c5bfe8/element/f.92807732B44260480D43414758AACD61.d.F8BEF230FDE6D5B4CB73937B8D51242F.e.3448/click - {}
RESULT: {}
COMMAND: GET /session/f99cb1a050fbe9a90033840217c5bfe8/screenshot - {}
RESULT: {}
]]></system-out>
    </testcase>
    <testcase classname="chrome.135_0_7049_42.windows.Sanity_Tests_US104253" name="Should open Manage Warehouse Movements page" time="34.457">
      <system-out><![CDATA[
COMMAND: POST /session/f99cb1a050fbe9a90033840217c5bfe8/execute/async - {"script":"<script> [1562 bytes]","args":[{"selector":{"controlType":"sap.m.GenericTile","properties":{"header":"Manage Warehouse Movements"}},"wdio_ui5_key":"sapm.GenericTile{\"header\":\"Manage Warehouse Movements\"}"}]}
RESULT: {"script":"<script> [1562 bytes]","args":[{"selector":{"controlType":"sap.m.GenericTile","properties":{"header":"Manage Warehouse Movements"}},"wdio_ui5_key":"sapm.GenericTile{\"header\":\"Manage Warehouse Movements\"}"}]}
RESULT: undefined
COMMAND: POST /session/f99cb1a050fbe9a90033840217c5bfe8/element - {"using":"xpath","value":"//*[@id=\"__tile109\"]"}
RESULT: {"using":"xpath","value":"//*[@id=\"__tile109\"]"}
COMMAND: POST /session/f99cb1a050fbe9a90033840217c5bfe8/element/f.92807732B44260480D43414758AACD61.d.F8BEF230FDE6D5B4CB73937B8D51242F.e.3451/click - {}
RESULT: {}
COMMAND: GET /session/f99cb1a050fbe9a90033840217c5bfe8/screenshot - {}
RESULT: {}
RESULT: undefined
COMMAND: POST /session/f99cb1a050fbe9a90033840217c5bfe8/element - {"using":"xpath","value":"//*[@id=\"__tile109\"]"}
RESULT: {"using":"xpath","value":"//*[@id=\"__tile109\"]"}
COMMAND: POST /session/f99cb1a050fbe9a90033840217c5bfe8/element/f.92807732B44260480D43414758AACD61.d.F8BEF230FDE6D5B4CB73937B8D51242F.e.3451/click - {}
RESULT: undefined
COMMAND: POST /session/f99cb1a050fbe9a90033840217c5bfe8/element - {"using":"xpath","value":"//*[@id=\"__tile109\"]"}
RESULT: {"using":"xpath","value":"//*[@id=\"__tile109\"]"}
COMMAND: POST /session/f99cb1a050fbe9a90033840217c5bfe8/element/f.92807732B44260480D43414758AACD61.d.F8BEF230FDE6D5B4CB73937B8D51242F.e.3451/click - {}
RESULT: undefined
COMMAND: POST /session/f99cb1a050fbe9a90033840217c5bfe8/execute/async - {"script":"<script> [6424 bytes]","args":[{"element-6066-11e4-a52e-4f735466cecf":"f.92807732B44260480D43414758AACD61.d.F8BEF230FDE6D5B4CB73937B8D51242F.e.295"},"getTitle",[]]}
COMMAND: POST /session/f99cb1a050fbe9a90033840217c5bfe8/execute/async - {"script":"<script> [1562 bytes]","args":[{"selector":{"id":"shellAppTitle"},"wdio_ui5_key":"shellAppTitle"}]}
RESULT: {"script":"<script> [1562 bytes]","args":[{"selector":{"id":"shellAppTitle"},"wdio_ui5_key":"shellAppTitle"}]}
COMMAND: POST /session/f99cb1a050fbe9a90033840217c5bfe8/execute/async - {"script":"<script> [6424 bytes]","args":[{"element-6066-11e4-a52e-4f735466cecf":"f.92807732B44260480D43414758AACD61.d.F8BEF230FDE6D5B4CB73937B8D51242F.e.3528"},"getTitle",[]]}
RESULT: {"script":"<script> [6424 bytes]","args":[{"element-6066-11e4-a52e-4f735466cecf":"f.92807732B44260480D43414758AACD61.d.F8BEF230FDE6D5B4CB73937B8D51242F.e.3528"},"getTitle",[]]}
RESULT: undefined
COMMAND: POST /session/f99cb1a050fbe9a90033840217c5bfe8/element/f.92807732B44260480D43414758AACD61.d.F8BEF230FDE6D5B4CB73937B8D51242F.e.3448/click - {}
RESULT: {}
COMMAND: GET /session/f99cb1a050fbe9a90033840217c5bfe8/screenshot - {}
RESULT: {}
]]></system-out>
    </testcase>
    <testcase classname="chrome.135_0_7049_42.windows.Sanity_Tests_US104253" name="Should open Bin Inventory List page" time="33.385">
      <system-out><![CDATA[
COMMAND: POST /session/f99cb1a050fbe9a90033840217c5bfe8/execute/async - {"script":"<script> [1562 bytes]","args":[{"selector":{"controlType":"sap.m.GenericTile","properties":{"header":"Bin Inventory List"}},"wdio_ui5_key":"sapm.GenericTile{\"header\":\"Bin Inventory List\"}"}]}
RESULT: {"script":"<script> [1562 bytes]","args":[{"selector":{"controlType":"sap.m.GenericTile","properties":{"header":"Bin Inventory List"}},"wdio_ui5_key":"sapm.GenericTile{\"header\":\"Bin Inventory List\"}"}]}
RESULT: undefined
COMMAND: POST /session/f99cb1a050fbe9a90033840217c5bfe8/element - {"using":"xpath","value":"//*[@id=\"__tile107\"]"}
RESULT: {"using":"xpath","value":"//*[@id=\"__tile107\"]"}
COMMAND: POST /session/f99cb1a050fbe9a90033840217c5bfe8/element/f.92807732B44260480D43414758AACD61.d.F8BEF230FDE6D5B4CB73937B8D51242F.e.3530/click - {}
RESULT: {}
COMMAND: GET /session/f99cb1a050fbe9a90033840217c5bfe8/screenshot - {}
RESULT: {}
RESULT: undefined
COMMAND: POST /session/f99cb1a050fbe9a90033840217c5bfe8/element - {"using":"xpath","value":"//*[@id=\"__tile107\"]"}
RESULT: {"using":"xpath","value":"//*[@id=\"__tile107\"]"}
COMMAND: POST /session/f99cb1a050fbe9a90033840217c5bfe8/element/f.92807732B44260480D43414758AACD61.d.F8BEF230FDE6D5B4CB73937B8D51242F.e.3530/click - {}
RESULT: undefined
COMMAND: POST /session/f99cb1a050fbe9a90033840217c5bfe8/element - {"using":"xpath","value":"//*[@id=\"__tile107\"]"}
RESULT: {"using":"xpath","value":"//*[@id=\"__tile107\"]"}
COMMAND: POST /session/f99cb1a050fbe9a90033840217c5bfe8/element/f.92807732B44260480D43414758AACD61.d.F8BEF230FDE6D5B4CB73937B8D51242F.e.3530/click - {}
RESULT: undefined
COMMAND: POST /session/f99cb1a050fbe9a90033840217c5bfe8/execute/async - {"script":"<script> [6424 bytes]","args":[{"element-6066-11e4-a52e-4f735466cecf":"f.92807732B44260480D43414758AACD61.d.F8BEF230FDE6D5B4CB73937B8D51242F.e.295"},"getTitle",[]]}
COMMAND: POST /session/f99cb1a050fbe9a90033840217c5bfe8/execute/async - {"script":"<script> [1562 bytes]","args":[{"selector":{"id":"shellAppTitle"},"wdio_ui5_key":"shellAppTitle"}]}
RESULT: {"script":"<script> [1562 bytes]","args":[{"selector":{"id":"shellAppTitle"},"wdio_ui5_key":"shellAppTitle"}]}
COMMAND: POST /session/f99cb1a050fbe9a90033840217c5bfe8/execute/async - {"script":"<script> [6424 bytes]","args":[{"element-6066-11e4-a52e-4f735466cecf":"f.92807732B44260480D43414758AACD61.d.F8BEF230FDE6D5B4CB73937B8D51242F.e.3616"},"getTitle",[]]}
RESULT: {"script":"<script> [6424 bytes]","args":[{"element-6066-11e4-a52e-4f735466cecf":"f.92807732B44260480D43414758AACD61.d.F8BEF230FDE6D5B4CB73937B8D51242F.e.3616"},"getTitle",[]]}
RESULT: undefined
COMMAND: POST /session/f99cb1a050fbe9a90033840217c5bfe8/element/f.92807732B44260480D43414758AACD61.d.F8BEF230FDE6D5B4CB73937B8D51242F.e.3448/click - {}
COMMAND: POST /session/f99cb1a050fbe9a90033840217c5bfe8/element - {"using":"xpath","value":"//*[@id=\"backBtn\"]"}
RESULT: {"using":"xpath","value":"//*[@id=\"backBtn\"]"}
COMMAND: POST /session/f99cb1a050fbe9a90033840217c5bfe8/element/f.92807732B44260480D43414758AACD61.d.F8BEF230FDE6D5B4CB73937B8D51242F.e.3448/click - {}
COMMAND: POST /session/f99cb1a050fbe9a90033840217c5bfe8/element - {"using":"xpath","value":"//*[@id=\"backBtn\"]"}
RESULT: {"using":"xpath","value":"//*[@id=\"backBtn\"]"}
COMMAND: POST /session/f99cb1a050fbe9a90033840217c5bfe8/element/f.92807732B44260480D43414758AACD61.d.F8BEF230FDE6D5B4CB73937B8D51242F.e.3617/click - {}
RESULT: {}
COMMAND: GET /session/f99cb1a050fbe9a90033840217c5bfe8/screenshot - {}
RESULT: {}
]]></system-out>
    </testcase>
    <testcase classname="chrome.135_0_7049_42.windows.Sanity_Tests_US104253" name="Should open ISC Templates page" time="33.271">
      <system-out><![CDATA[
COMMAND: POST /session/f99cb1a050fbe9a90033840217c5bfe8/execute/async - {"script":"<script> [1562 bytes]","args":[{"selector":{"controlType":"sap.m.GenericTile","properties":{"header":"ISC Templates"}},"wdio_ui5_key":"sapm.GenericTile{\"header\":\"ISC Templates\"}"}]}
RESULT: {"script":"<script> [1562 bytes]","args":[{"selector":{"controlType":"sap.m.GenericTile","properties":{"header":"ISC Templates"}},"wdio_ui5_key":"sapm.GenericTile{\"header\":\"ISC Templates\"}"}]}
RESULT: undefined
COMMAND: POST /session/f99cb1a050fbe9a90033840217c5bfe8/element - {"using":"xpath","value":"//*[@id=\"__tile115\"]"}
RESULT: {"using":"xpath","value":"//*[@id=\"__tile115\"]"}
COMMAND: POST /session/f99cb1a050fbe9a90033840217c5bfe8/element/f.92807732B44260480D43414758AACD61.d.F8BEF230FDE6D5B4CB73937B8D51242F.e.3619/click - {}
RESULT: {}
COMMAND: GET /session/f99cb1a050fbe9a90033840217c5bfe8/screenshot - {}
RESULT: {}
RESULT: undefined
COMMAND: POST /session/f99cb1a050fbe9a90033840217c5bfe8/element - {"using":"xpath","value":"//*[@id=\"__tile115\"]"}
RESULT: {"using":"xpath","value":"//*[@id=\"__tile115\"]"}
COMMAND: POST /session/f99cb1a050fbe9a90033840217c5bfe8/element/f.92807732B44260480D43414758AACD61.d.F8BEF230FDE6D5B4CB73937B8D51242F.e.3619/click - {}
RESULT: undefined
COMMAND: POST /session/f99cb1a050fbe9a90033840217c5bfe8/element - {"using":"xpath","value":"//*[@id=\"__tile115\"]"}
RESULT: {"using":"xpath","value":"//*[@id=\"__tile115\"]"}
COMMAND: POST /session/f99cb1a050fbe9a90033840217c5bfe8/element/f.92807732B44260480D43414758AACD61.d.F8BEF230FDE6D5B4CB73937B8D51242F.e.3619/click - {}
RESULT: undefined
COMMAND: POST /session/f99cb1a050fbe9a90033840217c5bfe8/execute/async - {"script":"<script> [6424 bytes]","args":[{"element-6066-11e4-a52e-4f735466cecf":"f.92807732B44260480D43414758AACD61.d.F8BEF230FDE6D5B4CB73937B8D51242F.e.295"},"getTitle",[]]}
COMMAND: POST /session/f99cb1a050fbe9a90033840217c5bfe8/execute/async - {"script":"<script> [1562 bytes]","args":[{"selector":{"id":"shellAppTitle"},"wdio_ui5_key":"shellAppTitle"}]}
RESULT: {"script":"<script> [1562 bytes]","args":[{"selector":{"id":"shellAppTitle"},"wdio_ui5_key":"shellAppTitle"}]}
COMMAND: POST /session/f99cb1a050fbe9a90033840217c5bfe8/execute/async - {"script":"<script> [6424 bytes]","args":[{"element-6066-11e4-a52e-4f735466cecf":"f.92807732B44260480D43414758AACD61.d.F8BEF230FDE6D5B4CB73937B8D51242F.e.3870"},"getTitle",[]]}
RESULT: {"script":"<script> [6424 bytes]","args":[{"element-6066-11e4-a52e-4f735466cecf":"f.92807732B44260480D43414758AACD61.d.F8BEF230FDE6D5B4CB73937B8D51242F.e.3870"},"getTitle",[]]}
RESULT: undefined
COMMAND: POST /session/f99cb1a050fbe9a90033840217c5bfe8/element/f.92807732B44260480D43414758AACD61.d.F8BEF230FDE6D5B4CB73937B8D51242F.e.3617/click - {}
RESULT: {}
COMMAND: GET /session/f99cb1a050fbe9a90033840217c5bfe8/screenshot - {}
RESULT: {}
]]></system-out>
    </testcase>
    <testcase classname="chrome.135_0_7049_42.windows.Sanity_Tests_US104253" name="Should open ISC Schedules page" time="34.6">
      <system-out><![CDATA[
COMMAND: POST /session/f99cb1a050fbe9a90033840217c5bfe8/execute/async - {"script":"<script> [1562 bytes]","args":[{"selector":{"controlType":"sap.m.GenericTile","properties":{"header":"ISC Schedules"}},"wdio_ui5_key":"sapm.GenericTile{\"header\":\"ISC Schedules\"}"}]}
RESULT: {"script":"<script> [1562 bytes]","args":[{"selector":{"controlType":"sap.m.GenericTile","properties":{"header":"ISC Schedules"}},"wdio_ui5_key":"sapm.GenericTile{\"header\":\"ISC Schedules\"}"}]}
RESULT: undefined
COMMAND: POST /session/f99cb1a050fbe9a90033840217c5bfe8/element - {"using":"xpath","value":"//*[@id=\"__tile113\"]"}
RESULT: {"using":"xpath","value":"//*[@id=\"__tile113\"]"}
COMMAND: POST /session/f99cb1a050fbe9a90033840217c5bfe8/element/f.92807732B44260480D43414758AACD61.d.F8BEF230FDE6D5B4CB73937B8D51242F.e.3873/click - {}
RESULT: {}
COMMAND: GET /session/f99cb1a050fbe9a90033840217c5bfe8/screenshot - {}
RESULT: {}
RESULT: undefined
COMMAND: POST /session/f99cb1a050fbe9a90033840217c5bfe8/element - {"using":"xpath","value":"//*[@id=\"__tile113\"]"}
RESULT: {"using":"xpath","value":"//*[@id=\"__tile113\"]"}
COMMAND: POST /session/f99cb1a050fbe9a90033840217c5bfe8/element/f.92807732B44260480D43414758AACD61.d.F8BEF230FDE6D5B4CB73937B8D51242F.e.3873/click - {}
RESULT: undefined
COMMAND: POST /session/f99cb1a050fbe9a90033840217c5bfe8/element - {"using":"xpath","value":"//*[@id=\"__tile113\"]"}
RESULT: {"using":"xpath","value":"//*[@id=\"__tile113\"]"}
COMMAND: POST /session/f99cb1a050fbe9a90033840217c5bfe8/element/f.92807732B44260480D43414758AACD61.d.F8BEF230FDE6D5B4CB73937B8D51242F.e.3873/click - {}
RESULT: undefined
COMMAND: POST /session/f99cb1a050fbe9a90033840217c5bfe8/execute/async - {"script":"<script> [6424 bytes]","args":[{"element-6066-11e4-a52e-4f735466cecf":"f.92807732B44260480D43414758AACD61.d.F8BEF230FDE6D5B4CB73937B8D51242F.e.295"},"getTitle",[]]}
COMMAND: POST /session/f99cb1a050fbe9a90033840217c5bfe8/execute/async - {"script":"<script> [1562 bytes]","args":[{"selector":{"id":"shellAppTitle"},"wdio_ui5_key":"shellAppTitle"}]}
RESULT: {"script":"<script> [1562 bytes]","args":[{"selector":{"id":"shellAppTitle"},"wdio_ui5_key":"shellAppTitle"}]}
COMMAND: POST /session/f99cb1a050fbe9a90033840217c5bfe8/execute/async - {"script":"<script> [6424 bytes]","args":[{"element-6066-11e4-a52e-4f735466cecf":"f.92807732B44260480D43414758AACD61.d.F8BEF230FDE6D5B4CB73937B8D51242F.e.4051"},"getTitle",[]]}
RESULT: {"script":"<script> [6424 bytes]","args":[{"element-6066-11e4-a52e-4f735466cecf":"f.92807732B44260480D43414758AACD61.d.F8BEF230FDE6D5B4CB73937B8D51242F.e.4051"},"getTitle",[]]}
RESULT: undefined
COMMAND: POST /session/f99cb1a050fbe9a90033840217c5bfe8/element/f.92807732B44260480D43414758AACD61.d.F8BEF230FDE6D5B4CB73937B8D51242F.e.3617/click - {}
COMMAND: POST /session/f99cb1a050fbe9a90033840217c5bfe8/element - {"using":"xpath","value":"//*[@id=\"backBtn\"]"}
RESULT: {"using":"xpath","value":"//*[@id=\"backBtn\"]"}
COMMAND: POST /session/f99cb1a050fbe9a90033840217c5bfe8/element/f.92807732B44260480D43414758AACD61.d.F8BEF230FDE6D5B4CB73937B8D51242F.e.3617/click - {}
COMMAND: POST /session/f99cb1a050fbe9a90033840217c5bfe8/element - {"using":"xpath","value":"//*[@id=\"backBtn\"]"}
RESULT: {"using":"xpath","value":"//*[@id=\"backBtn\"]"}
COMMAND: POST /session/f99cb1a050fbe9a90033840217c5bfe8/element/f.92807732B44260480D43414758AACD61.d.F8BEF230FDE6D5B4CB73937B8D51242F.e.4052/click - {}
RESULT: {}
COMMAND: GET /session/f99cb1a050fbe9a90033840217c5bfe8/screenshot - {}
RESULT: {}
]]></system-out>
    </testcase>
    <testcase classname="chrome.135_0_7049_42.windows.Sanity_Tests_US104253" name="Should open ISC Dashboard page" time="36.3">
      <system-out><![CDATA[
COMMAND: POST /session/f99cb1a050fbe9a90033840217c5bfe8/execute/async - {"script":"<script> [1562 bytes]","args":[{"selector":{"controlType":"sap.m.GenericTile","properties":{"header":"ISC Dashboard"}},"wdio_ui5_key":"sapm.GenericTile{\"header\":\"ISC Dashboard\"}"}]}
RESULT: {"script":"<script> [1562 bytes]","args":[{"selector":{"controlType":"sap.m.GenericTile","properties":{"header":"ISC Dashboard"}},"wdio_ui5_key":"sapm.GenericTile{\"header\":\"ISC Dashboard\"}"}]}
RESULT: undefined
COMMAND: POST /session/f99cb1a050fbe9a90033840217c5bfe8/element - {"using":"xpath","value":"//*[@id=\"__tile110\"]"}
RESULT: {"using":"xpath","value":"//*[@id=\"__tile110\"]"}
COMMAND: POST /session/f99cb1a050fbe9a90033840217c5bfe8/element/f.92807732B44260480D43414758AACD61.d.F8BEF230FDE6D5B4CB73937B8D51242F.e.4054/click - {}
RESULT: {}
COMMAND: GET /session/f99cb1a050fbe9a90033840217c5bfe8/screenshot - {}
RESULT: {}
RESULT: undefined
COMMAND: POST /session/f99cb1a050fbe9a90033840217c5bfe8/element - {"using":"xpath","value":"//*[@id=\"__tile110\"]"}
RESULT: {"using":"xpath","value":"//*[@id=\"__tile110\"]"}
COMMAND: POST /session/f99cb1a050fbe9a90033840217c5bfe8/element/f.92807732B44260480D43414758AACD61.d.F8BEF230FDE6D5B4CB73937B8D51242F.e.4054/click - {}
RESULT: undefined
COMMAND: POST /session/f99cb1a050fbe9a90033840217c5bfe8/element - {"using":"xpath","value":"//*[@id=\"__tile110\"]"}
RESULT: {"using":"xpath","value":"//*[@id=\"__tile110\"]"}
COMMAND: POST /session/f99cb1a050fbe9a90033840217c5bfe8/element/f.92807732B44260480D43414758AACD61.d.F8BEF230FDE6D5B4CB73937B8D51242F.e.4054/click - {}
RESULT: undefined
COMMAND: POST /session/f99cb1a050fbe9a90033840217c5bfe8/execute/async - {"script":"<script> [6424 bytes]","args":[{"element-6066-11e4-a52e-4f735466cecf":"f.92807732B44260480D43414758AACD61.d.F8BEF230FDE6D5B4CB73937B8D51242F.e.295"},"getTitle",[]]}
COMMAND: POST /session/f99cb1a050fbe9a90033840217c5bfe8/execute/async - {"script":"<script> [1562 bytes]","args":[{"selector":{"id":"shellAppTitle"},"wdio_ui5_key":"shellAppTitle"}]}
RESULT: {"script":"<script> [1562 bytes]","args":[{"selector":{"id":"shellAppTitle"},"wdio_ui5_key":"shellAppTitle"}]}
COMMAND: POST /session/f99cb1a050fbe9a90033840217c5bfe8/execute/async - {"script":"<script> [6424 bytes]","args":[{"element-6066-11e4-a52e-4f735466cecf":"f.92807732B44260480D43414758AACD61.d.F8BEF230FDE6D5B4CB73937B8D51242F.e.4245"},"getTitle",[]]}
RESULT: {"script":"<script> [6424 bytes]","args":[{"element-6066-11e4-a52e-4f735466cecf":"f.92807732B44260480D43414758AACD61.d.F8BEF230FDE6D5B4CB73937B8D51242F.e.4245"},"getTitle",[]]}
RESULT: undefined
COMMAND: POST /session/f99cb1a050fbe9a90033840217c5bfe8/element/f.92807732B44260480D43414758AACD61.d.F8BEF230FDE6D5B4CB73937B8D51242F.e.4052/click - {}
RESULT: {}
COMMAND: GET /session/f99cb1a050fbe9a90033840217c5bfe8/screenshot - {}
RESULT: {}
]]></system-out>
    </testcase>
    <testcase classname="chrome.135_0_7049_42.windows.Sanity_Tests_US104253" name="Should open ISC Orders page" time="32.048">
      <system-out><![CDATA[
COMMAND: POST /session/f99cb1a050fbe9a90033840217c5bfe8/execute/async - {"script":"<script> [1562 bytes]","args":[{"selector":{"controlType":"sap.m.GenericTile","properties":{"header":"ISC Orders"}},"wdio_ui5_key":"sapm.GenericTile{\"header\":\"ISC Orders\"}"}]}
RESULT: {"script":"<script> [1562 bytes]","args":[{"selector":{"controlType":"sap.m.GenericTile","properties":{"header":"ISC Orders"}},"wdio_ui5_key":"sapm.GenericTile{\"header\":\"ISC Orders\"}"}]}
RESULT: undefined
COMMAND: POST /session/f99cb1a050fbe9a90033840217c5bfe8/element - {"using":"xpath","value":"//*[@id=\"__tile112\"]"}
RESULT: {"using":"xpath","value":"//*[@id=\"__tile112\"]"}
COMMAND: POST /session/f99cb1a050fbe9a90033840217c5bfe8/element/f.92807732B44260480D43414758AACD61.d.F8BEF230FDE6D5B4CB73937B8D51242F.e.4247/click - {}
RESULT: {}
COMMAND: GET /session/f99cb1a050fbe9a90033840217c5bfe8/screenshot - {}
RESULT: {}
RESULT: undefined
COMMAND: POST /session/f99cb1a050fbe9a90033840217c5bfe8/element - {"using":"xpath","value":"//*[@id=\"__tile112\"]"}
RESULT: {"using":"xpath","value":"//*[@id=\"__tile112\"]"}
COMMAND: POST /session/f99cb1a050fbe9a90033840217c5bfe8/element/f.92807732B44260480D43414758AACD61.d.F8BEF230FDE6D5B4CB73937B8D51242F.e.4247/click - {}
RESULT: undefined
COMMAND: POST /session/f99cb1a050fbe9a90033840217c5bfe8/element - {"using":"xpath","value":"//*[@id=\"__tile112\"]"}
RESULT: {"using":"xpath","value":"//*[@id=\"__tile112\"]"}
COMMAND: POST /session/f99cb1a050fbe9a90033840217c5bfe8/element/f.92807732B44260480D43414758AACD61.d.F8BEF230FDE6D5B4CB73937B8D51242F.e.4247/click - {}
RESULT: undefined
COMMAND: POST /session/f99cb1a050fbe9a90033840217c5bfe8/execute/async - {"script":"<script> [6424 bytes]","args":[{"element-6066-11e4-a52e-4f735466cecf":"f.92807732B44260480D43414758AACD61.d.F8BEF230FDE6D5B4CB73937B8D51242F.e.295"},"getTitle",[]]}
COMMAND: POST /session/f99cb1a050fbe9a90033840217c5bfe8/execute/async - {"script":"<script> [1562 bytes]","args":[{"selector":{"id":"shellAppTitle"},"wdio_ui5_key":"shellAppTitle"}]}
RESULT: {"script":"<script> [1562 bytes]","args":[{"selector":{"id":"shellAppTitle"},"wdio_ui5_key":"shellAppTitle"}]}
COMMAND: POST /session/f99cb1a050fbe9a90033840217c5bfe8/execute/async - {"script":"<script> [6424 bytes]","args":[{"element-6066-11e4-a52e-4f735466cecf":"f.92807732B44260480D43414758AACD61.d.F8BEF230FDE6D5B4CB73937B8D51242F.e.4355"},"getTitle",[]]}
RESULT: {"script":"<script> [6424 bytes]","args":[{"element-6066-11e4-a52e-4f735466cecf":"f.92807732B44260480D43414758AACD61.d.F8BEF230FDE6D5B4CB73937B8D51242F.e.4355"},"getTitle",[]]}
RESULT: undefined
COMMAND: POST /session/f99cb1a050fbe9a90033840217c5bfe8/element/f.92807732B44260480D43414758AACD61.d.F8BEF230FDE6D5B4CB73937B8D51242F.e.4052/click - {}
COMMAND: POST /session/f99cb1a050fbe9a90033840217c5bfe8/element - {"using":"xpath","value":"//*[@id=\"backBtn\"]"}
RESULT: {"using":"xpath","value":"//*[@id=\"backBtn\"]"}
COMMAND: POST /session/f99cb1a050fbe9a90033840217c5bfe8/element/f.92807732B44260480D43414758AACD61.d.F8BEF230FDE6D5B4CB73937B8D51242F.e.4052/click - {}
COMMAND: POST /session/f99cb1a050fbe9a90033840217c5bfe8/element - {"using":"xpath","value":"//*[@id=\"backBtn\"]"}
RESULT: {"using":"xpath","value":"//*[@id=\"backBtn\"]"}
COMMAND: POST /session/f99cb1a050fbe9a90033840217c5bfe8/element/f.92807732B44260480D43414758AACD61.d.F8BEF230FDE6D5B4CB73937B8D51242F.e.4356/click - {}
RESULT: {}
COMMAND: GET /session/f99cb1a050fbe9a90033840217c5bfe8/screenshot - {}
RESULT: {}
]]></system-out>
    </testcase>
    <testcase classname="chrome.135_0_7049_42.windows.Sanity_Tests_US104253" name="Should open ISC Tasks page" time="35.484">
      <system-out><![CDATA[
COMMAND: POST /session/f99cb1a050fbe9a90033840217c5bfe8/execute/async - {"script":"<script> [1562 bytes]","args":[{"selector":{"controlType":"sap.m.GenericTile","properties":{"header":"ISC Tasks"}},"wdio_ui5_key":"sapm.GenericTile{\"header\":\"ISC Tasks\"}"}]}
RESULT: {"script":"<script> [1562 bytes]","args":[{"selector":{"controlType":"sap.m.GenericTile","properties":{"header":"ISC Tasks"}},"wdio_ui5_key":"sapm.GenericTile{\"header\":\"ISC Tasks\"}"}]}
RESULT: undefined
COMMAND: POST /session/f99cb1a050fbe9a90033840217c5bfe8/element - {"using":"xpath","value":"//*[@id=\"__tile114\"]"}
RESULT: {"using":"xpath","value":"//*[@id=\"__tile114\"]"}
COMMAND: POST /session/f99cb1a050fbe9a90033840217c5bfe8/element/f.92807732B44260480D43414758AACD61.d.F8BEF230FDE6D5B4CB73937B8D51242F.e.4358/click - {}
RESULT: {}
COMMAND: GET /session/f99cb1a050fbe9a90033840217c5bfe8/screenshot - {}
RESULT: {}
RESULT: undefined
COMMAND: POST /session/f99cb1a050fbe9a90033840217c5bfe8/element - {"using":"xpath","value":"//*[@id=\"__tile114\"]"}
RESULT: {"using":"xpath","value":"//*[@id=\"__tile114\"]"}
COMMAND: POST /session/f99cb1a050fbe9a90033840217c5bfe8/element/f.92807732B44260480D43414758AACD61.d.F8BEF230FDE6D5B4CB73937B8D51242F.e.4358/click - {}
RESULT: undefined
COMMAND: POST /session/f99cb1a050fbe9a90033840217c5bfe8/element - {"using":"xpath","value":"//*[@id=\"__tile114\"]"}
RESULT: {"using":"xpath","value":"//*[@id=\"__tile114\"]"}
COMMAND: POST /session/f99cb1a050fbe9a90033840217c5bfe8/element/f.92807732B44260480D43414758AACD61.d.F8BEF230FDE6D5B4CB73937B8D51242F.e.4358/click - {}
RESULT: undefined
COMMAND: POST /session/f99cb1a050fbe9a90033840217c5bfe8/execute/async - {"script":"<script> [6424 bytes]","args":[{"element-6066-11e4-a52e-4f735466cecf":"f.92807732B44260480D43414758AACD61.d.F8BEF230FDE6D5B4CB73937B8D51242F.e.295"},"getTitle",[]]}
COMMAND: POST /session/f99cb1a050fbe9a90033840217c5bfe8/execute/async - {"script":"<script> [1562 bytes]","args":[{"selector":{"id":"shellAppTitle"},"wdio_ui5_key":"shellAppTitle"}]}
RESULT: {"script":"<script> [1562 bytes]","args":[{"selector":{"id":"shellAppTitle"},"wdio_ui5_key":"shellAppTitle"}]}
COMMAND: POST /session/f99cb1a050fbe9a90033840217c5bfe8/execute/async - {"script":"<script> [6424 bytes]","args":[{"element-6066-11e4-a52e-4f735466cecf":"f.92807732B44260480D43414758AACD61.d.F8BEF230FDE6D5B4CB73937B8D51242F.e.4452"},"getTitle",[]]}
RESULT: {"script":"<script> [6424 bytes]","args":[{"element-6066-11e4-a52e-4f735466cecf":"f.92807732B44260480D43414758AACD61.d.F8BEF230FDE6D5B4CB73937B8D51242F.e.4452"},"getTitle",[]]}
RESULT: undefined
COMMAND: POST /session/f99cb1a050fbe9a90033840217c5bfe8/element/f.92807732B44260480D43414758AACD61.d.F8BEF230FDE6D5B4CB73937B8D51242F.e.4356/click - {}
RESULT: {}
COMMAND: GET /session/f99cb1a050fbe9a90033840217c5bfe8/screenshot - {}
RESULT: {}
]]></system-out>
    </testcase>
    <testcase classname="chrome.135_0_7049_42.windows.Sanity_Tests_US104253" name="Should open Manage Resource Logbook page" time="40.711">
      <system-out><![CDATA[
COMMAND: POST /session/f99cb1a050fbe9a90033840217c5bfe8/execute/async - {"script":"<script> [1562 bytes]","args":[{"selector":{"controlType":"sap.m.GenericTile","properties":{"header":"Manage Resource Logbook"}},"wdio_ui5_key":"sapm.GenericTile{\"header\":\"Manage Resource Logbook\"}"}]}
RESULT: {"script":"<script> [1562 bytes]","args":[{"selector":{"controlType":"sap.m.GenericTile","properties":{"header":"Manage Resource Logbook"}},"wdio_ui5_key":"sapm.GenericTile{\"header\":\"Manage Resource Logbook\"}"}]}
RESULT: undefined
COMMAND: POST /session/f99cb1a050fbe9a90033840217c5bfe8/element - {"using":"xpath","value":"//*[@id=\"__tile117\"]"}
RESULT: {"using":"xpath","value":"//*[@id=\"__tile117\"]"}
COMMAND: POST /session/f99cb1a050fbe9a90033840217c5bfe8/element/f.92807732B44260480D43414758AACD61.d.F8BEF230FDE6D5B4CB73937B8D51242F.e.4454/click - {}
RESULT: {}
COMMAND: GET /session/f99cb1a050fbe9a90033840217c5bfe8/screenshot - {}
RESULT: {}
RESULT: undefined
COMMAND: POST /session/f99cb1a050fbe9a90033840217c5bfe8/element - {"using":"xpath","value":"//*[@id=\"__tile117\"]"}
RESULT: {"using":"xpath","value":"//*[@id=\"__tile117\"]"}
COMMAND: POST /session/f99cb1a050fbe9a90033840217c5bfe8/element/f.92807732B44260480D43414758AACD61.d.F8BEF230FDE6D5B4CB73937B8D51242F.e.4454/click - {}
RESULT: undefined
COMMAND: POST /session/f99cb1a050fbe9a90033840217c5bfe8/element - {"using":"xpath","value":"//*[@id=\"__tile117\"]"}
RESULT: {"using":"xpath","value":"//*[@id=\"__tile117\"]"}
COMMAND: POST /session/f99cb1a050fbe9a90033840217c5bfe8/element/f.92807732B44260480D43414758AACD61.d.F8BEF230FDE6D5B4CB73937B8D51242F.e.4454/click - {}
RESULT: undefined
COMMAND: POST /session/f99cb1a050fbe9a90033840217c5bfe8/execute/async - {"script":"<script> [6424 bytes]","args":[{"element-6066-11e4-a52e-4f735466cecf":"f.92807732B44260480D43414758AACD61.d.F8BEF230FDE6D5B4CB73937B8D51242F.e.295"},"getTitle",[]]}
COMMAND: POST /session/f99cb1a050fbe9a90033840217c5bfe8/execute/async - {"script":"<script> [1562 bytes]","args":[{"selector":{"id":"shellAppTitle"},"wdio_ui5_key":"shellAppTitle"}]}
RESULT: {"script":"<script> [1562 bytes]","args":[{"selector":{"id":"shellAppTitle"},"wdio_ui5_key":"shellAppTitle"}]}
COMMAND: POST /session/f99cb1a050fbe9a90033840217c5bfe8/execute/async - {"script":"<script> [6424 bytes]","args":[{"element-6066-11e4-a52e-4f735466cecf":"f.92807732B44260480D43414758AACD61.d.F8BEF230FDE6D5B4CB73937B8D51242F.e.4559"},"getTitle",[]]}
RESULT: {"script":"<script> [6424 bytes]","args":[{"element-6066-11e4-a52e-4f735466cecf":"f.92807732B44260480D43414758AACD61.d.F8BEF230FDE6D5B4CB73937B8D51242F.e.4559"},"getTitle",[]]}
RESULT: undefined
COMMAND: POST /session/f99cb1a050fbe9a90033840217c5bfe8/element/f.92807732B44260480D43414758AACD61.d.F8BEF230FDE6D5B4CB73937B8D51242F.e.4356/click - {}
COMMAND: POST /session/f99cb1a050fbe9a90033840217c5bfe8/element - {"using":"xpath","value":"//*[@id=\"backBtn\"]"}
RESULT: {"using":"xpath","value":"//*[@id=\"backBtn\"]"}
COMMAND: POST /session/f99cb1a050fbe9a90033840217c5bfe8/element/f.92807732B44260480D43414758AACD61.d.F8BEF230FDE6D5B4CB73937B8D51242F.e.4356/click - {}
COMMAND: POST /session/f99cb1a050fbe9a90033840217c5bfe8/element - {"using":"xpath","value":"//*[@id=\"backBtn\"]"}
RESULT: {"using":"xpath","value":"//*[@id=\"backBtn\"]"}
COMMAND: POST /session/f99cb1a050fbe9a90033840217c5bfe8/element/f.92807732B44260480D43414758AACD61.d.F8BEF230FDE6D5B4CB73937B8D51242F.e.4560/click - {}
RESULT: {}
COMMAND: GET /session/f99cb1a050fbe9a90033840217c5bfe8/screenshot - {}
RESULT: {}
]]></system-out>
    </testcase>
    <testcase classname="chrome.135_0_7049_42.windows.Sanity_Tests_US104253" name="Should open Manage Logbook page" time="34.405">
      <system-out><![CDATA[
COMMAND: POST /session/f99cb1a050fbe9a90033840217c5bfe8/execute/async - {"script":"<script> [1562 bytes]","args":[{"selector":{"controlType":"sap.m.GenericTile","properties":{"header":"Manage Logbook"}},"wdio_ui5_key":"sapm.GenericTile{\"header\":\"Manage Logbook\"}"}]}
RESULT: {"script":"<script> [1562 bytes]","args":[{"selector":{"controlType":"sap.m.GenericTile","properties":{"header":"Manage Logbook"}},"wdio_ui5_key":"sapm.GenericTile{\"header\":\"Manage Logbook\"}"}]}
RESULT: undefined
COMMAND: POST /session/f99cb1a050fbe9a90033840217c5bfe8/element - {"using":"xpath","value":"//*[@id=\"__tile116\"]"}
RESULT: {"using":"xpath","value":"//*[@id=\"__tile116\"]"}
COMMAND: POST /session/f99cb1a050fbe9a90033840217c5bfe8/element/f.92807732B44260480D43414758AACD61.d.F8BEF230FDE6D5B4CB73937B8D51242F.e.4562/click - {}
RESULT: {}
COMMAND: GET /session/f99cb1a050fbe9a90033840217c5bfe8/screenshot - {}
RESULT: {}
RESULT: undefined
COMMAND: POST /session/f99cb1a050fbe9a90033840217c5bfe8/element - {"using":"xpath","value":"//*[@id=\"__tile116\"]"}
RESULT: {"using":"xpath","value":"//*[@id=\"__tile116\"]"}
COMMAND: POST /session/f99cb1a050fbe9a90033840217c5bfe8/element/f.92807732B44260480D43414758AACD61.d.F8BEF230FDE6D5B4CB73937B8D51242F.e.4562/click - {}
RESULT: undefined
COMMAND: POST /session/f99cb1a050fbe9a90033840217c5bfe8/element - {"using":"xpath","value":"//*[@id=\"__tile116\"]"}
RESULT: {"using":"xpath","value":"//*[@id=\"__tile116\"]"}
COMMAND: POST /session/f99cb1a050fbe9a90033840217c5bfe8/element/f.92807732B44260480D43414758AACD61.d.F8BEF230FDE6D5B4CB73937B8D51242F.e.4562/click - {}
RESULT: undefined
COMMAND: POST /session/f99cb1a050fbe9a90033840217c5bfe8/execute/async - {"script":"<script> [6424 bytes]","args":[{"element-6066-11e4-a52e-4f735466cecf":"f.92807732B44260480D43414758AACD61.d.F8BEF230FDE6D5B4CB73937B8D51242F.e.295"},"getTitle",[]]}
COMMAND: POST /session/f99cb1a050fbe9a90033840217c5bfe8/execute/async - {"script":"<script> [1562 bytes]","args":[{"selector":{"id":"shellAppTitle"},"wdio_ui5_key":"shellAppTitle"}]}
RESULT: {"script":"<script> [1562 bytes]","args":[{"selector":{"id":"shellAppTitle"},"wdio_ui5_key":"shellAppTitle"}]}
COMMAND: POST /session/f99cb1a050fbe9a90033840217c5bfe8/execute/async - {"script":"<script> [6424 bytes]","args":[{"element-6066-11e4-a52e-4f735466cecf":"f.92807732B44260480D43414758AACD61.d.F8BEF230FDE6D5B4CB73937B8D51242F.e.4844"},"getTitle",[]]}
RESULT: {"script":"<script> [6424 bytes]","args":[{"element-6066-11e4-a52e-4f735466cecf":"f.92807732B44260480D43414758AACD61.d.F8BEF230FDE6D5B4CB73937B8D51242F.e.4844"},"getTitle",[]]}
RESULT: undefined
COMMAND: POST /session/f99cb1a050fbe9a90033840217c5bfe8/element/f.92807732B44260480D43414758AACD61.d.F8BEF230FDE6D5B4CB73937B8D51242F.e.4560/click - {}
RESULT: {}
COMMAND: GET /session/f99cb1a050fbe9a90033840217c5bfe8/screenshot - {}
RESULT: {}
]]></system-out>
    </testcase>
    <testcase classname="chrome.135_0_7049_42.windows.Sanity_Tests_US104253" name="Should open ISC Orders Calendar page" time="38.347">
      <system-out><![CDATA[
COMMAND: POST /session/f99cb1a050fbe9a90033840217c5bfe8/execute/async - {"script":"<script> [1562 bytes]","args":[{"selector":{"controlType":"sap.m.GenericTile","properties":{"header":"ISC Orders Calendar"}},"wdio_ui5_key":"sapm.GenericTile{\"header\":\"ISC Orders Calendar\"}"}]}
RESULT: {"script":"<script> [1562 bytes]","args":[{"selector":{"controlType":"sap.m.GenericTile","properties":{"header":"ISC Orders Calendar"}},"wdio_ui5_key":"sapm.GenericTile{\"header\":\"ISC Orders Calendar\"}"}]}
RESULT: undefined
COMMAND: POST /session/f99cb1a050fbe9a90033840217c5bfe8/element - {"using":"xpath","value":"//*[@id=\"__tile111\"]"}
RESULT: {"using":"xpath","value":"//*[@id=\"__tile111\"]"}
COMMAND: POST /session/f99cb1a050fbe9a90033840217c5bfe8/element/f.92807732B44260480D43414758AACD61.d.F8BEF230FDE6D5B4CB73937B8D51242F.e.4846/click - {}
RESULT: {}
COMMAND: GET /session/f99cb1a050fbe9a90033840217c5bfe8/screenshot - {}
RESULT: {}
RESULT: undefined
COMMAND: POST /session/f99cb1a050fbe9a90033840217c5bfe8/element - {"using":"xpath","value":"//*[@id=\"__tile111\"]"}
RESULT: {"using":"xpath","value":"//*[@id=\"__tile111\"]"}
COMMAND: POST /session/f99cb1a050fbe9a90033840217c5bfe8/element/f.92807732B44260480D43414758AACD61.d.F8BEF230FDE6D5B4CB73937B8D51242F.e.4846/click - {}
RESULT: undefined
COMMAND: POST /session/f99cb1a050fbe9a90033840217c5bfe8/element - {"using":"xpath","value":"//*[@id=\"__tile111\"]"}
RESULT: {"using":"xpath","value":"//*[@id=\"__tile111\"]"}
COMMAND: POST /session/f99cb1a050fbe9a90033840217c5bfe8/element/f.92807732B44260480D43414758AACD61.d.F8BEF230FDE6D5B4CB73937B8D51242F.e.4846/click - {}
RESULT: undefined
COMMAND: POST /session/f99cb1a050fbe9a90033840217c5bfe8/execute/async - {"script":"<script> [6424 bytes]","args":[{"element-6066-11e4-a52e-4f735466cecf":"f.92807732B44260480D43414758AACD61.d.F8BEF230FDE6D5B4CB73937B8D51242F.e.295"},"getTitle",[]]}
COMMAND: POST /session/f99cb1a050fbe9a90033840217c5bfe8/execute/async - {"script":"<script> [1562 bytes]","args":[{"selector":{"id":"shellAppTitle"},"wdio_ui5_key":"shellAppTitle"}]}
RESULT: {"script":"<script> [1562 bytes]","args":[{"selector":{"id":"shellAppTitle"},"wdio_ui5_key":"shellAppTitle"}]}
COMMAND: POST /session/f99cb1a050fbe9a90033840217c5bfe8/execute/async - {"script":"<script> [6424 bytes]","args":[{"element-6066-11e4-a52e-4f735466cecf":"f.92807732B44260480D43414758AACD61.d.F8BEF230FDE6D5B4CB73937B8D51242F.e.5047"},"getTitle",[]]}
RESULT: {"script":"<script> [6424 bytes]","args":[{"element-6066-11e4-a52e-4f735466cecf":"f.92807732B44260480D43414758AACD61.d.F8BEF230FDE6D5B4CB73937B8D51242F.e.5047"},"getTitle",[]]}
RESULT: undefined
COMMAND: POST /session/f99cb1a050fbe9a90033840217c5bfe8/element/f.92807732B44260480D43414758AACD61.d.F8BEF230FDE6D5B4CB73937B8D51242F.e.4560/click - {}
COMMAND: POST /session/f99cb1a050fbe9a90033840217c5bfe8/element - {"using":"xpath","value":"//*[@id=\"backBtn\"]"}
RESULT: {"using":"xpath","value":"//*[@id=\"backBtn\"]"}
COMMAND: POST /session/f99cb1a050fbe9a90033840217c5bfe8/element/f.92807732B44260480D43414758AACD61.d.F8BEF230FDE6D5B4CB73937B8D51242F.e.4560/click - {}
COMMAND: POST /session/f99cb1a050fbe9a90033840217c5bfe8/element - {"using":"xpath","value":"//*[@id=\"backBtn\"]"}
RESULT: {"using":"xpath","value":"//*[@id=\"backBtn\"]"}
COMMAND: POST /session/f99cb1a050fbe9a90033840217c5bfe8/element/f.92807732B44260480D43414758AACD61.d.F8BEF230FDE6D5B4CB73937B8D51242F.e.5048/click - {}
RESULT: {}
COMMAND: GET /session/f99cb1a050fbe9a90033840217c5bfe8/screenshot - {}
RESULT: {}
]]></system-out>
    </testcase>
    <testcase classname="chrome.135_0_7049_42.windows.Sanity_Tests_US104253" name="Should open Configure System page" time="33.707">
      <system-out><![CDATA[
COMMAND: POST /session/f99cb1a050fbe9a90033840217c5bfe8/execute/async - {"script":"<script> [1562 bytes]","args":[{"selector":{"controlType":"sap.m.GenericTile","properties":{"header":"Configure System"}},"wdio_ui5_key":"sapm.GenericTile{\"header\":\"Configure System\"}"}]}
RESULT: {"script":"<script> [1562 bytes]","args":[{"selector":{"controlType":"sap.m.GenericTile","properties":{"header":"Configure System"}},"wdio_ui5_key":"sapm.GenericTile{\"header\":\"Configure System\"}"}]}
RESULT: undefined
COMMAND: POST /session/f99cb1a050fbe9a90033840217c5bfe8/element - {"using":"xpath","value":"//*[@id=\"__tile118\"]"}
RESULT: {"using":"xpath","value":"//*[@id=\"__tile118\"]"}
COMMAND: POST /session/f99cb1a050fbe9a90033840217c5bfe8/element/f.92807732B44260480D43414758AACD61.d.F8BEF230FDE6D5B4CB73937B8D51242F.e.5050/click - {}
RESULT: {}
COMMAND: GET /session/f99cb1a050fbe9a90033840217c5bfe8/screenshot - {}
RESULT: {}
RESULT: undefined
COMMAND: POST /session/f99cb1a050fbe9a90033840217c5bfe8/element - {"using":"xpath","value":"//*[@id=\"__tile118\"]"}
RESULT: {"using":"xpath","value":"//*[@id=\"__tile118\"]"}
COMMAND: POST /session/f99cb1a050fbe9a90033840217c5bfe8/element/f.92807732B44260480D43414758AACD61.d.F8BEF230FDE6D5B4CB73937B8D51242F.e.5050/click - {}
RESULT: undefined
COMMAND: POST /session/f99cb1a050fbe9a90033840217c5bfe8/element - {"using":"xpath","value":"//*[@id=\"__tile118\"]"}
RESULT: {"using":"xpath","value":"//*[@id=\"__tile118\"]"}
COMMAND: POST /session/f99cb1a050fbe9a90033840217c5bfe8/element/f.92807732B44260480D43414758AACD61.d.F8BEF230FDE6D5B4CB73937B8D51242F.e.5050/click - {}
RESULT: undefined
COMMAND: POST /session/f99cb1a050fbe9a90033840217c5bfe8/execute/async - {"script":"<script> [6424 bytes]","args":[{"element-6066-11e4-a52e-4f735466cecf":"f.92807732B44260480D43414758AACD61.d.F8BEF230FDE6D5B4CB73937B8D51242F.e.295"},"getTitle",[]]}
COMMAND: POST /session/f99cb1a050fbe9a90033840217c5bfe8/execute/async - {"script":"<script> [1562 bytes]","args":[{"selector":{"id":"shellAppTitle"},"wdio_ui5_key":"shellAppTitle"}]}
RESULT: {"script":"<script> [1562 bytes]","args":[{"selector":{"id":"shellAppTitle"},"wdio_ui5_key":"shellAppTitle"}]}
COMMAND: POST /session/f99cb1a050fbe9a90033840217c5bfe8/execute/async - {"script":"<script> [6424 bytes]","args":[{"element-6066-11e4-a52e-4f735466cecf":"f.92807732B44260480D43414758AACD61.d.F8BEF230FDE6D5B4CB73937B8D51242F.e.5088"},"getTitle",[]]}
RESULT: {"script":"<script> [6424 bytes]","args":[{"element-6066-11e4-a52e-4f735466cecf":"f.92807732B44260480D43414758AACD61.d.F8BEF230FDE6D5B4CB73937B8D51242F.e.5088"},"getTitle",[]]}
RESULT: undefined
COMMAND: POST /session/f99cb1a050fbe9a90033840217c5bfe8/element/f.92807732B44260480D43414758AACD61.d.F8BEF230FDE6D5B4CB73937B8D51242F.e.5048/click - {}
RESULT: {}
COMMAND: GET /session/f99cb1a050fbe9a90033840217c5bfe8/screenshot - {}
RESULT: {}
]]></system-out>
    </testcase>
    <testcase classname="chrome.135_0_7049_42.windows.Sanity_Tests_US104253" name="Should open Manage Classifications page" time="33.678">
      <system-out><![CDATA[
COMMAND: POST /session/f99cb1a050fbe9a90033840217c5bfe8/execute/async - {"script":"<script> [1562 bytes]","args":[{"selector":{"controlType":"sap.m.GenericTile","properties":{"header":"Manage Classifications"}},"wdio_ui5_key":"sapm.GenericTile{\"header\":\"Manage Classifications\"}"}]}
RESULT: {"script":"<script> [1562 bytes]","args":[{"selector":{"controlType":"sap.m.GenericTile","properties":{"header":"Manage Classifications"}},"wdio_ui5_key":"sapm.GenericTile{\"header\":\"Manage Classifications\"}"}]}
RESULT: undefined
COMMAND: POST /session/f99cb1a050fbe9a90033840217c5bfe8/element - {"using":"xpath","value":"//*[@id=\"__tile119\"]"}
RESULT: {"using":"xpath","value":"//*[@id=\"__tile119\"]"}
COMMAND: POST /session/f99cb1a050fbe9a90033840217c5bfe8/element/f.92807732B44260480D43414758AACD61.d.F8BEF230FDE6D5B4CB73937B8D51242F.e.5091/click - {}
RESULT: {}
COMMAND: GET /session/f99cb1a050fbe9a90033840217c5bfe8/screenshot - {}
RESULT: {}
RESULT: undefined
COMMAND: POST /session/f99cb1a050fbe9a90033840217c5bfe8/element - {"using":"xpath","value":"//*[@id=\"__tile119\"]"}
RESULT: {"using":"xpath","value":"//*[@id=\"__tile119\"]"}
COMMAND: POST /session/f99cb1a050fbe9a90033840217c5bfe8/element/f.92807732B44260480D43414758AACD61.d.F8BEF230FDE6D5B4CB73937B8D51242F.e.5091/click - {}
RESULT: undefined
COMMAND: POST /session/f99cb1a050fbe9a90033840217c5bfe8/element - {"using":"xpath","value":"//*[@id=\"__tile119\"]"}
RESULT: {"using":"xpath","value":"//*[@id=\"__tile119\"]"}
COMMAND: POST /session/f99cb1a050fbe9a90033840217c5bfe8/element/f.92807732B44260480D43414758AACD61.d.F8BEF230FDE6D5B4CB73937B8D51242F.e.5091/click - {}
RESULT: undefined
COMMAND: POST /session/f99cb1a050fbe9a90033840217c5bfe8/execute/async - {"script":"<script> [6424 bytes]","args":[{"element-6066-11e4-a52e-4f735466cecf":"f.92807732B44260480D43414758AACD61.d.F8BEF230FDE6D5B4CB73937B8D51242F.e.295"},"getTitle",[]]}
COMMAND: POST /session/f99cb1a050fbe9a90033840217c5bfe8/execute/async - {"script":"<script> [1562 bytes]","args":[{"selector":{"id":"shellAppTitle"},"wdio_ui5_key":"shellAppTitle"}]}
RESULT: {"script":"<script> [1562 bytes]","args":[{"selector":{"id":"shellAppTitle"},"wdio_ui5_key":"shellAppTitle"}]}
COMMAND: POST /session/f99cb1a050fbe9a90033840217c5bfe8/execute/async - {"script":"<script> [6424 bytes]","args":[{"element-6066-11e4-a52e-4f735466cecf":"f.92807732B44260480D43414758AACD61.d.F8BEF230FDE6D5B4CB73937B8D51242F.e.5188"},"getTitle",[]]}
RESULT: {"script":"<script> [6424 bytes]","args":[{"element-6066-11e4-a52e-4f735466cecf":"f.92807732B44260480D43414758AACD61.d.F8BEF230FDE6D5B4CB73937B8D51242F.e.5188"},"getTitle",[]]}
RESULT: undefined
COMMAND: POST /session/f99cb1a050fbe9a90033840217c5bfe8/element/f.92807732B44260480D43414758AACD61.d.F8BEF230FDE6D5B4CB73937B8D51242F.e.5048/click - {}
COMMAND: POST /session/f99cb1a050fbe9a90033840217c5bfe8/element - {"using":"xpath","value":"//*[@id=\"backBtn\"]"}
RESULT: {"using":"xpath","value":"//*[@id=\"backBtn\"]"}
COMMAND: POST /session/f99cb1a050fbe9a90033840217c5bfe8/element/f.92807732B44260480D43414758AACD61.d.F8BEF230FDE6D5B4CB73937B8D51242F.e.5048/click - {}
COMMAND: POST /session/f99cb1a050fbe9a90033840217c5bfe8/element - {"using":"xpath","value":"//*[@id=\"backBtn\"]"}
RESULT: {"using":"xpath","value":"//*[@id=\"backBtn\"]"}
COMMAND: POST /session/f99cb1a050fbe9a90033840217c5bfe8/element/f.92807732B44260480D43414758AACD61.d.F8BEF230FDE6D5B4CB73937B8D51242F.e.5189/click - {}
RESULT: {}
COMMAND: GET /session/f99cb1a050fbe9a90033840217c5bfe8/screenshot - {}
RESULT: {}
]]></system-out>
    </testcase>
    <testcase classname="chrome.135_0_7049_42.windows.Sanity_Tests_US104253" name="Should open Data Explorer page" time="32.545">
      <system-out><![CDATA[
COMMAND: POST /session/f99cb1a050fbe9a90033840217c5bfe8/execute/async - {"script":"<script> [1562 bytes]","args":[{"selector":{"controlType":"sap.m.GenericTile","properties":{"header":"Data Explorer"}},"wdio_ui5_key":"sapm.GenericTile{\"header\":\"Data Explorer\"}"}]}
RESULT: {"script":"<script> [1562 bytes]","args":[{"selector":{"controlType":"sap.m.GenericTile","properties":{"header":"Data Explorer"}},"wdio_ui5_key":"sapm.GenericTile{\"header\":\"Data Explorer\"}"}]}
RESULT: undefined
COMMAND: POST /session/f99cb1a050fbe9a90033840217c5bfe8/element - {"using":"xpath","value":"//*[@id=\"__tile121\"]"}
RESULT: {"using":"xpath","value":"//*[@id=\"__tile121\"]"}
COMMAND: POST /session/f99cb1a050fbe9a90033840217c5bfe8/element/f.92807732B44260480D43414758AACD61.d.F8BEF230FDE6D5B4CB73937B8D51242F.e.5191/click - {}
RESULT: {}
COMMAND: GET /session/f99cb1a050fbe9a90033840217c5bfe8/screenshot - {}
RESULT: {}
RESULT: undefined
COMMAND: POST /session/f99cb1a050fbe9a90033840217c5bfe8/element - {"using":"xpath","value":"//*[@id=\"__tile121\"]"}
RESULT: {"using":"xpath","value":"//*[@id=\"__tile121\"]"}
COMMAND: POST /session/f99cb1a050fbe9a90033840217c5bfe8/element/f.92807732B44260480D43414758AACD61.d.F8BEF230FDE6D5B4CB73937B8D51242F.e.5191/click - {}
RESULT: undefined
COMMAND: POST /session/f99cb1a050fbe9a90033840217c5bfe8/element - {"using":"xpath","value":"//*[@id=\"__tile121\"]"}
RESULT: {"using":"xpath","value":"//*[@id=\"__tile121\"]"}
COMMAND: POST /session/f99cb1a050fbe9a90033840217c5bfe8/element/f.92807732B44260480D43414758AACD61.d.F8BEF230FDE6D5B4CB73937B8D51242F.e.5191/click - {}
RESULT: undefined
COMMAND: POST /session/f99cb1a050fbe9a90033840217c5bfe8/execute/async - {"script":"<script> [6424 bytes]","args":[{"element-6066-11e4-a52e-4f735466cecf":"f.92807732B44260480D43414758AACD61.d.F8BEF230FDE6D5B4CB73937B8D51242F.e.295"},"getTitle",[]]}
COMMAND: POST /session/f99cb1a050fbe9a90033840217c5bfe8/execute/async - {"script":"<script> [1562 bytes]","args":[{"selector":{"id":"shellAppTitle"},"wdio_ui5_key":"shellAppTitle"}]}
RESULT: {"script":"<script> [1562 bytes]","args":[{"selector":{"id":"shellAppTitle"},"wdio_ui5_key":"shellAppTitle"}]}
COMMAND: POST /session/f99cb1a050fbe9a90033840217c5bfe8/execute/async - {"script":"<script> [6424 bytes]","args":[{"element-6066-11e4-a52e-4f735466cecf":"f.92807732B44260480D43414758AACD61.d.F8BEF230FDE6D5B4CB73937B8D51242F.e.5363"},"getTitle",[]]}
RESULT: {"script":"<script> [6424 bytes]","args":[{"element-6066-11e4-a52e-4f735466cecf":"f.92807732B44260480D43414758AACD61.d.F8BEF230FDE6D5B4CB73937B8D51242F.e.5363"},"getTitle",[]]}
RESULT: undefined
COMMAND: POST /session/f99cb1a050fbe9a90033840217c5bfe8/element/f.92807732B44260480D43414758AACD61.d.F8BEF230FDE6D5B4CB73937B8D51242F.e.5189/click - {}
RESULT: {}
COMMAND: GET /session/f99cb1a050fbe9a90033840217c5bfe8/screenshot - {}
RESULT: {}
]]></system-out>
    </testcase>
    <testcase classname="chrome.135_0_7049_42.windows.Sanity_Tests_US104253" name="Should open Performance Monitor page" time="30.217">
      <system-out><![CDATA[
COMMAND: POST /session/f99cb1a050fbe9a90033840217c5bfe8/execute/async - {"script":"<script> [1562 bytes]","args":[{"selector":{"controlType":"sap.m.GenericTile","properties":{"header":"Performance Monitor"}},"wdio_ui5_key":"sapm.GenericTile{\"header\":\"Performance Monitor\"}"}]}
RESULT: {"script":"<script> [1562 bytes]","args":[{"selector":{"controlType":"sap.m.GenericTile","properties":{"header":"Performance Monitor"}},"wdio_ui5_key":"sapm.GenericTile{\"header\":\"Performance Monitor\"}"}]}
RESULT: undefined
COMMAND: POST /session/f99cb1a050fbe9a90033840217c5bfe8/element - {"using":"xpath","value":"//*[@id=\"__tile120\"]"}
RESULT: {"using":"xpath","value":"//*[@id=\"__tile120\"]"}
COMMAND: POST /session/f99cb1a050fbe9a90033840217c5bfe8/element/f.92807732B44260480D43414758AACD61.d.F8BEF230FDE6D5B4CB73937B8D51242F.e.5365/click - {}
RESULT: {}
COMMAND: GET /session/f99cb1a050fbe9a90033840217c5bfe8/screenshot - {}
RESULT: {}
RESULT: undefined
COMMAND: POST /session/f99cb1a050fbe9a90033840217c5bfe8/element - {"using":"xpath","value":"//*[@id=\"__tile120\"]"}
RESULT: {"using":"xpath","value":"//*[@id=\"__tile120\"]"}
COMMAND: POST /session/f99cb1a050fbe9a90033840217c5bfe8/element/f.92807732B44260480D43414758AACD61.d.F8BEF230FDE6D5B4CB73937B8D51242F.e.5365/click - {}
RESULT: undefined
COMMAND: POST /session/f99cb1a050fbe9a90033840217c5bfe8/element - {"using":"xpath","value":"//*[@id=\"__tile120\"]"}
RESULT: {"using":"xpath","value":"//*[@id=\"__tile120\"]"}
COMMAND: POST /session/f99cb1a050fbe9a90033840217c5bfe8/element/f.92807732B44260480D43414758AACD61.d.F8BEF230FDE6D5B4CB73937B8D51242F.e.5365/click - {}
RESULT: undefined
COMMAND: POST /session/f99cb1a050fbe9a90033840217c5bfe8/execute/async - {"script":"<script> [6424 bytes]","args":[{"element-6066-11e4-a52e-4f735466cecf":"f.92807732B44260480D43414758AACD61.d.F8BEF230FDE6D5B4CB73937B8D51242F.e.295"},"getTitle",[]]}
COMMAND: POST /session/f99cb1a050fbe9a90033840217c5bfe8/execute/async - {"script":"<script> [1562 bytes]","args":[{"selector":{"id":"shellAppTitle"},"wdio_ui5_key":"shellAppTitle"}]}
RESULT: {"script":"<script> [1562 bytes]","args":[{"selector":{"id":"shellAppTitle"},"wdio_ui5_key":"shellAppTitle"}]}
COMMAND: POST /session/f99cb1a050fbe9a90033840217c5bfe8/execute/async - {"script":"<script> [6424 bytes]","args":[{"element-6066-11e4-a52e-4f735466cecf":"f.92807732B44260480D43414758AACD61.d.F8BEF230FDE6D5B4CB73937B8D51242F.e.5406"},"getTitle",[]]}
RESULT: {"script":"<script> [6424 bytes]","args":[{"element-6066-11e4-a52e-4f735466cecf":"f.92807732B44260480D43414758AACD61.d.F8BEF230FDE6D5B4CB73937B8D51242F.e.5406"},"getTitle",[]]}
RESULT: undefined
COMMAND: POST /session/f99cb1a050fbe9a90033840217c5bfe8/element/f.92807732B44260480D43414758AACD61.d.F8BEF230FDE6D5B4CB73937B8D51242F.e.5189/click - {}
COMMAND: POST /session/f99cb1a050fbe9a90033840217c5bfe8/element - {"using":"xpath","value":"//*[@id=\"backBtn\"]"}
RESULT: {"using":"xpath","value":"//*[@id=\"backBtn\"]"}
COMMAND: POST /session/f99cb1a050fbe9a90033840217c5bfe8/element/f.92807732B44260480D43414758AACD61.d.F8BEF230FDE6D5B4CB73937B8D51242F.e.5189/click - {}
COMMAND: POST /session/f99cb1a050fbe9a90033840217c5bfe8/element - {"using":"xpath","value":"//*[@id=\"backBtn\"]"}
RESULT: {"using":"xpath","value":"//*[@id=\"backBtn\"]"}
COMMAND: POST /session/f99cb1a050fbe9a90033840217c5bfe8/element/f.92807732B44260480D43414758AACD61.d.F8BEF230FDE6D5B4CB73937B8D51242F.e.5407/click - {}
RESULT: {}
COMMAND: GET /session/f99cb1a050fbe9a90033840217c5bfe8/screenshot - {}
RESULT: {}
]]></system-out>
    </testcase>
    <testcase classname="chrome.135_0_7049_42.windows.Sanity_Tests_US104253" name="Should open Organizational Model page" time="33.393">
      <system-out><![CDATA[
COMMAND: POST /session/f99cb1a050fbe9a90033840217c5bfe8/execute/async - {"script":"<script> [1562 bytes]","args":[{"selector":{"controlType":"sap.m.GenericTile","properties":{"header":"Organizational Model"}},"wdio_ui5_key":"sapm.GenericTile{\"header\":\"Organizational Model\"}"}]}
RESULT: {"script":"<script> [1562 bytes]","args":[{"selector":{"controlType":"sap.m.GenericTile","properties":{"header":"Organizational Model"}},"wdio_ui5_key":"sapm.GenericTile{\"header\":\"Organizational Model\"}"}]}
RESULT: undefined
COMMAND: POST /session/f99cb1a050fbe9a90033840217c5bfe8/element - {"using":"xpath","value":"//*[@id=\"__tile124\"]"}
RESULT: {"using":"xpath","value":"//*[@id=\"__tile124\"]"}
COMMAND: POST /session/f99cb1a050fbe9a90033840217c5bfe8/element/f.92807732B44260480D43414758AACD61.d.F8BEF230FDE6D5B4CB73937B8D51242F.e.5410/click - {}
RESULT: {}
COMMAND: GET /session/f99cb1a050fbe9a90033840217c5bfe8/screenshot - {}
RESULT: {}
RESULT: undefined
COMMAND: POST /session/f99cb1a050fbe9a90033840217c5bfe8/element - {"using":"xpath","value":"//*[@id=\"__tile124\"]"}
RESULT: {"using":"xpath","value":"//*[@id=\"__tile124\"]"}
COMMAND: POST /session/f99cb1a050fbe9a90033840217c5bfe8/element/f.92807732B44260480D43414758AACD61.d.F8BEF230FDE6D5B4CB73937B8D51242F.e.5410/click - {}
RESULT: undefined
COMMAND: POST /session/f99cb1a050fbe9a90033840217c5bfe8/element - {"using":"xpath","value":"//*[@id=\"__tile124\"]"}
RESULT: {"using":"xpath","value":"//*[@id=\"__tile124\"]"}
COMMAND: POST /session/f99cb1a050fbe9a90033840217c5bfe8/element/f.92807732B44260480D43414758AACD61.d.F8BEF230FDE6D5B4CB73937B8D51242F.e.5410/click - {}
RESULT: undefined
COMMAND: POST /session/f99cb1a050fbe9a90033840217c5bfe8/execute/async - {"script":"<script> [6424 bytes]","args":[{"element-6066-11e4-a52e-4f735466cecf":"f.92807732B44260480D43414758AACD61.d.F8BEF230FDE6D5B4CB73937B8D51242F.e.295"},"getTitle",[]]}
COMMAND: POST /session/f99cb1a050fbe9a90033840217c5bfe8/execute/async - {"script":"<script> [1562 bytes]","args":[{"selector":{"id":"shellAppTitle"},"wdio_ui5_key":"shellAppTitle"}]}
RESULT: {"script":"<script> [1562 bytes]","args":[{"selector":{"id":"shellAppTitle"},"wdio_ui5_key":"shellAppTitle"}]}
COMMAND: POST /session/f99cb1a050fbe9a90033840217c5bfe8/execute/async - {"script":"<script> [6424 bytes]","args":[{"element-6066-11e4-a52e-4f735466cecf":"f.92807732B44260480D43414758AACD61.d.F8BEF230FDE6D5B4CB73937B8D51242F.e.5427"},"getTitle",[]]}
RESULT: {"script":"<script> [6424 bytes]","args":[{"element-6066-11e4-a52e-4f735466cecf":"f.92807732B44260480D43414758AACD61.d.F8BEF230FDE6D5B4CB73937B8D51242F.e.5427"},"getTitle",[]]}
RESULT: undefined
COMMAND: POST /session/f99cb1a050fbe9a90033840217c5bfe8/element/f.92807732B44260480D43414758AACD61.d.F8BEF230FDE6D5B4CB73937B8D51242F.e.5407/click - {}
RESULT: {}
COMMAND: GET /session/f99cb1a050fbe9a90033840217c5bfe8/screenshot - {}
RESULT: {}
]]></system-out>
    </testcase>
    <testcase classname="chrome.135_0_7049_42.windows.Sanity_Tests_US104253" name="Should open Manage Roles page" time="32.439">
      <system-out><![CDATA[
COMMAND: POST /session/f99cb1a050fbe9a90033840217c5bfe8/execute/async - {"script":"<script> [1562 bytes]","args":[{"selector":{"controlType":"sap.m.GenericTile","properties":{"header":"Manage Roles"}},"wdio_ui5_key":"sapm.GenericTile{\"header\":\"Manage Roles\"}"}]}
RESULT: {"script":"<script> [1562 bytes]","args":[{"selector":{"controlType":"sap.m.GenericTile","properties":{"header":"Manage Roles"}},"wdio_ui5_key":"sapm.GenericTile{\"header\":\"Manage Roles\"}"}]}
RESULT: undefined
COMMAND: POST /session/f99cb1a050fbe9a90033840217c5bfe8/element - {"using":"xpath","value":"//*[@id=\"__tile123\"]"}
RESULT: {"using":"xpath","value":"//*[@id=\"__tile123\"]"}
COMMAND: POST /session/f99cb1a050fbe9a90033840217c5bfe8/element/f.92807732B44260480D43414758AACD61.d.F8BEF230FDE6D5B4CB73937B8D51242F.e.5430/click - {}
RESULT: {}
COMMAND: GET /session/f99cb1a050fbe9a90033840217c5bfe8/screenshot - {}
RESULT: {}
RESULT: undefined
COMMAND: POST /session/f99cb1a050fbe9a90033840217c5bfe8/element - {"using":"xpath","value":"//*[@id=\"__tile123\"]"}
RESULT: {"using":"xpath","value":"//*[@id=\"__tile123\"]"}
COMMAND: POST /session/f99cb1a050fbe9a90033840217c5bfe8/element/f.92807732B44260480D43414758AACD61.d.F8BEF230FDE6D5B4CB73937B8D51242F.e.5430/click - {}
RESULT: undefined
COMMAND: POST /session/f99cb1a050fbe9a90033840217c5bfe8/element - {"using":"xpath","value":"//*[@id=\"__tile123\"]"}
RESULT: {"using":"xpath","value":"//*[@id=\"__tile123\"]"}
COMMAND: POST /session/f99cb1a050fbe9a90033840217c5bfe8/element/f.92807732B44260480D43414758AACD61.d.F8BEF230FDE6D5B4CB73937B8D51242F.e.5430/click - {}
RESULT: undefined
COMMAND: POST /session/f99cb1a050fbe9a90033840217c5bfe8/execute/async - {"script":"<script> [6424 bytes]","args":[{"element-6066-11e4-a52e-4f735466cecf":"f.92807732B44260480D43414758AACD61.d.F8BEF230FDE6D5B4CB73937B8D51242F.e.295"},"getTitle",[]]}
COMMAND: POST /session/f99cb1a050fbe9a90033840217c5bfe8/execute/async - {"script":"<script> [1562 bytes]","args":[{"selector":{"id":"shellAppTitle"},"wdio_ui5_key":"shellAppTitle"}]}
RESULT: {"script":"<script> [1562 bytes]","args":[{"selector":{"id":"shellAppTitle"},"wdio_ui5_key":"shellAppTitle"}]}
COMMAND: POST /session/f99cb1a050fbe9a90033840217c5bfe8/execute/async - {"script":"<script> [6424 bytes]","args":[{"element-6066-11e4-a52e-4f735466cecf":"f.92807732B44260480D43414758AACD61.d.F8BEF230FDE6D5B4CB73937B8D51242F.e.5473"},"getTitle",[]]}
RESULT: {"script":"<script> [6424 bytes]","args":[{"element-6066-11e4-a52e-4f735466cecf":"f.92807732B44260480D43414758AACD61.d.F8BEF230FDE6D5B4CB73937B8D51242F.e.5473"},"getTitle",[]]}
RESULT: undefined
COMMAND: POST /session/f99cb1a050fbe9a90033840217c5bfe8/element/f.92807732B44260480D43414758AACD61.d.F8BEF230FDE6D5B4CB73937B8D51242F.e.5407/click - {}
COMMAND: POST /session/f99cb1a050fbe9a90033840217c5bfe8/element - {"using":"xpath","value":"//*[@id=\"backBtn\"]"}
RESULT: {"using":"xpath","value":"//*[@id=\"backBtn\"]"}
COMMAND: POST /session/f99cb1a050fbe9a90033840217c5bfe8/element/f.92807732B44260480D43414758AACD61.d.F8BEF230FDE6D5B4CB73937B8D51242F.e.5407/click - {}
COMMAND: POST /session/f99cb1a050fbe9a90033840217c5bfe8/element - {"using":"xpath","value":"//*[@id=\"backBtn\"]"}
RESULT: {"using":"xpath","value":"//*[@id=\"backBtn\"]"}
COMMAND: POST /session/f99cb1a050fbe9a90033840217c5bfe8/element/f.92807732B44260480D43414758AACD61.d.F8BEF230FDE6D5B4CB73937B8D51242F.e.5474/click - {}
RESULT: {}
COMMAND: GET /session/f99cb1a050fbe9a90033840217c5bfe8/screenshot - {}
RESULT: {}
]]></system-out>
    </testcase>
    <testcase classname="chrome.135_0_7049_42.windows.Sanity_Tests_US104253" name="Should open Authorization Tables page" time="31.275">
      <system-out><![CDATA[
COMMAND: POST /session/f99cb1a050fbe9a90033840217c5bfe8/execute/async - {"script":"<script> [1562 bytes]","args":[{"selector":{"controlType":"sap.m.GenericTile","properties":{"header":"Authorization Tables"}},"wdio_ui5_key":"sapm.GenericTile{\"header\":\"Authorization Tables\"}"}]}
RESULT: {"script":"<script> [1562 bytes]","args":[{"selector":{"controlType":"sap.m.GenericTile","properties":{"header":"Authorization Tables"}},"wdio_ui5_key":"sapm.GenericTile{\"header\":\"Authorization Tables\"}"}]}
RESULT: undefined
COMMAND: POST /session/f99cb1a050fbe9a90033840217c5bfe8/element - {"using":"xpath","value":"//*[@id=\"__tile122\"]"}
RESULT: {"using":"xpath","value":"//*[@id=\"__tile122\"]"}
COMMAND: POST /session/f99cb1a050fbe9a90033840217c5bfe8/element/f.92807732B44260480D43414758AACD61.d.F8BEF230FDE6D5B4CB73937B8D51242F.e.5476/click - {}
RESULT: {}
COMMAND: GET /session/f99cb1a050fbe9a90033840217c5bfe8/screenshot - {}
RESULT: undefined
COMMAND: POST /session/f99cb1a050fbe9a90033840217c5bfe8/element - {"using":"xpath","value":"//*[@id=\"__tile122\"]"}
RESULT: {}
RESULT: {"using":"xpath","value":"//*[@id=\"__tile122\"]"}
COMMAND: POST /session/f99cb1a050fbe9a90033840217c5bfe8/element/f.92807732B44260480D43414758AACD61.d.F8BEF230FDE6D5B4CB73937B8D51242F.e.5476/click - {}
RESULT: undefined
COMMAND: POST /session/f99cb1a050fbe9a90033840217c5bfe8/element - {"using":"xpath","value":"//*[@id=\"__tile122\"]"}
RESULT: {"using":"xpath","value":"//*[@id=\"__tile122\"]"}
COMMAND: POST /session/f99cb1a050fbe9a90033840217c5bfe8/element/f.92807732B44260480D43414758AACD61.d.F8BEF230FDE6D5B4CB73937B8D51242F.e.5476/click - {}
RESULT: undefined
COMMAND: POST /session/f99cb1a050fbe9a90033840217c5bfe8/execute/async - {"script":"<script> [6424 bytes]","args":[{"element-6066-11e4-a52e-4f735466cecf":"f.92807732B44260480D43414758AACD61.d.F8BEF230FDE6D5B4CB73937B8D51242F.e.295"},"getTitle",[]]}
COMMAND: POST /session/f99cb1a050fbe9a90033840217c5bfe8/execute/async - {"script":"<script> [1562 bytes]","args":[{"selector":{"id":"shellAppTitle"},"wdio_ui5_key":"shellAppTitle"}]}
RESULT: {"script":"<script> [1562 bytes]","args":[{"selector":{"id":"shellAppTitle"},"wdio_ui5_key":"shellAppTitle"}]}
COMMAND: POST /session/f99cb1a050fbe9a90033840217c5bfe8/execute/async - {"script":"<script> [6424 bytes]","args":[{"element-6066-11e4-a52e-4f735466cecf":"f.92807732B44260480D43414758AACD61.d.F8BEF230FDE6D5B4CB73937B8D51242F.e.5540"},"getTitle",[]]}
RESULT: {"script":"<script> [6424 bytes]","args":[{"element-6066-11e4-a52e-4f735466cecf":"f.92807732B44260480D43414758AACD61.d.F8BEF230FDE6D5B4CB73937B8D51242F.e.5540"},"getTitle",[]]}
RESULT: undefined
COMMAND: POST /session/f99cb1a050fbe9a90033840217c5bfe8/element/f.92807732B44260480D43414758AACD61.d.F8BEF230FDE6D5B4CB73937B8D51242F.e.5474/click - {}
RESULT: {}
COMMAND: GET /session/f99cb1a050fbe9a90033840217c5bfe8/screenshot - {}
RESULT: {}
]]></system-out>
    </testcase>
    <testcase classname="chrome.135_0_7049_42.windows.Sanity_Tests_US104253" name="Should open User Maintenance page" time="38.457">
      <system-out><![CDATA[
COMMAND: POST /session/f99cb1a050fbe9a90033840217c5bfe8/execute/async - {"script":"<script> [1562 bytes]","args":[{"selector":{"controlType":"sap.m.GenericTile","properties":{"header":"User Maintenance"}},"wdio_ui5_key":"sapm.GenericTile{\"header\":\"User Maintenance\"}"}]}
RESULT: {"script":"<script> [1562 bytes]","args":[{"selector":{"controlType":"sap.m.GenericTile","properties":{"header":"User Maintenance"}},"wdio_ui5_key":"sapm.GenericTile{\"header\":\"User Maintenance\"}"}]}
RESULT: undefined
COMMAND: POST /session/f99cb1a050fbe9a90033840217c5bfe8/element - {"using":"xpath","value":"//*[@id=\"__tile125\"]"}
RESULT: {"using":"xpath","value":"//*[@id=\"__tile125\"]"}
COMMAND: POST /session/f99cb1a050fbe9a90033840217c5bfe8/element/f.92807732B44260480D43414758AACD61.d.F8BEF230FDE6D5B4CB73937B8D51242F.e.5542/click - {}
RESULT: {}
COMMAND: GET /session/f99cb1a050fbe9a90033840217c5bfe8/screenshot - {}
RESULT: {}
RESULT: undefined
COMMAND: POST /session/f99cb1a050fbe9a90033840217c5bfe8/element - {"using":"xpath","value":"//*[@id=\"__tile125\"]"}
RESULT: {"using":"xpath","value":"//*[@id=\"__tile125\"]"}
COMMAND: POST /session/f99cb1a050fbe9a90033840217c5bfe8/element/f.92807732B44260480D43414758AACD61.d.F8BEF230FDE6D5B4CB73937B8D51242F.e.5542/click - {}
RESULT: undefined
COMMAND: POST /session/f99cb1a050fbe9a90033840217c5bfe8/element - {"using":"xpath","value":"//*[@id=\"__tile125\"]"}
RESULT: {"using":"xpath","value":"//*[@id=\"__tile125\"]"}
COMMAND: POST /session/f99cb1a050fbe9a90033840217c5bfe8/element/f.92807732B44260480D43414758AACD61.d.F8BEF230FDE6D5B4CB73937B8D51242F.e.5542/click - {}
RESULT: undefined
COMMAND: POST /session/f99cb1a050fbe9a90033840217c5bfe8/execute/async - {"script":"<script> [6424 bytes]","args":[{"element-6066-11e4-a52e-4f735466cecf":"f.92807732B44260480D43414758AACD61.d.F8BEF230FDE6D5B4CB73937B8D51242F.e.295"},"getTitle",[]]}
COMMAND: POST /session/f99cb1a050fbe9a90033840217c5bfe8/execute/async - {"script":"<script> [1562 bytes]","args":[{"selector":{"id":"shellAppTitle"},"wdio_ui5_key":"shellAppTitle"}]}
RESULT: {"script":"<script> [1562 bytes]","args":[{"selector":{"id":"shellAppTitle"},"wdio_ui5_key":"shellAppTitle"}]}
COMMAND: POST /session/f99cb1a050fbe9a90033840217c5bfe8/execute/async - {"script":"<script> [6424 bytes]","args":[{"element-6066-11e4-a52e-4f735466cecf":"f.92807732B44260480D43414758AACD61.d.F8BEF230FDE6D5B4CB73937B8D51242F.e.5647"},"getTitle",[]]}
RESULT: {"script":"<script> [6424 bytes]","args":[{"element-6066-11e4-a52e-4f735466cecf":"f.92807732B44260480D43414758AACD61.d.F8BEF230FDE6D5B4CB73937B8D51242F.e.5647"},"getTitle",[]]}
RESULT: undefined
COMMAND: POST /session/f99cb1a050fbe9a90033840217c5bfe8/element/f.92807732B44260480D43414758AACD61.d.F8BEF230FDE6D5B4CB73937B8D51242F.e.5474/click - {}
COMMAND: POST /session/f99cb1a050fbe9a90033840217c5bfe8/element - {"using":"xpath","value":"//*[@id=\"backBtn\"]"}
RESULT: {"using":"xpath","value":"//*[@id=\"backBtn\"]"}
COMMAND: POST /session/f99cb1a050fbe9a90033840217c5bfe8/element/f.92807732B44260480D43414758AACD61.d.F8BEF230FDE6D5B4CB73937B8D51242F.e.5474/click - {}
COMMAND: POST /session/f99cb1a050fbe9a90033840217c5bfe8/element - {"using":"xpath","value":"//*[@id=\"backBtn\"]"}
RESULT: {"using":"xpath","value":"//*[@id=\"backBtn\"]"}
COMMAND: POST /session/f99cb1a050fbe9a90033840217c5bfe8/element/f.92807732B44260480D43414758AACD61.d.F8BEF230FDE6D5B4CB73937B8D51242F.e.5648/click - {}
RESULT: {}
COMMAND: GET /session/f99cb1a050fbe9a90033840217c5bfe8/screenshot - {}
RESULT: {}
]]></system-out>
    </testcase>
    <testcase classname="chrome.135_0_7049_42.windows.Sanity_Tests_US104253" name="Should open Schedule Jobs page" time="26.75">
      <system-out><![CDATA[
COMMAND: POST /session/f99cb1a050fbe9a90033840217c5bfe8/execute/async - {"script":"<script> [1562 bytes]","args":[{"selector":{"controlType":"sap.m.GenericTile","properties":{"header":"Schedule Jobs"}},"wdio_ui5_key":"sapm.GenericTile{\"header\":\"Schedule Jobs\"}"}]}
RESULT: {"script":"<script> [1562 bytes]","args":[{"selector":{"controlType":"sap.m.GenericTile","properties":{"header":"Schedule Jobs"}},"wdio_ui5_key":"sapm.GenericTile{\"header\":\"Schedule Jobs\"}"}]}
RESULT: undefined
COMMAND: POST /session/f99cb1a050fbe9a90033840217c5bfe8/element - {"using":"xpath","value":"//*[@id=\"__tile127\"]"}
RESULT: {"using":"xpath","value":"//*[@id=\"__tile127\"]"}
COMMAND: POST /session/f99cb1a050fbe9a90033840217c5bfe8/element/f.92807732B44260480D43414758AACD61.d.F8BEF230FDE6D5B4CB73937B8D51242F.e.5650/click - {}
RESULT: {}
COMMAND: GET /session/f99cb1a050fbe9a90033840217c5bfe8/screenshot - {}
RESULT: {}
RESULT: undefined
COMMAND: POST /session/f99cb1a050fbe9a90033840217c5bfe8/element - {"using":"xpath","value":"//*[@id=\"__tile127\"]"}
RESULT: {"using":"xpath","value":"//*[@id=\"__tile127\"]"}
COMMAND: POST /session/f99cb1a050fbe9a90033840217c5bfe8/element/f.92807732B44260480D43414758AACD61.d.F8BEF230FDE6D5B4CB73937B8D51242F.e.5650/click - {}
RESULT: undefined
COMMAND: POST /session/f99cb1a050fbe9a90033840217c5bfe8/element - {"using":"xpath","value":"//*[@id=\"__tile127\"]"}
RESULT: {"using":"xpath","value":"//*[@id=\"__tile127\"]"}
COMMAND: POST /session/f99cb1a050fbe9a90033840217c5bfe8/element/f.92807732B44260480D43414758AACD61.d.F8BEF230FDE6D5B4CB73937B8D51242F.e.5650/click - {}
RESULT: undefined
COMMAND: POST /session/f99cb1a050fbe9a90033840217c5bfe8/execute/async - {"script":"<script> [6424 bytes]","args":[{"element-6066-11e4-a52e-4f735466cecf":"f.92807732B44260480D43414758AACD61.d.F8BEF230FDE6D5B4CB73937B8D51242F.e.295"},"getTitle",[]]}
COMMAND: POST /session/f99cb1a050fbe9a90033840217c5bfe8/execute/async - {"script":"<script> [1562 bytes]","args":[{"selector":{"id":"shellAppTitle"},"wdio_ui5_key":"shellAppTitle"}]}
RESULT: {"script":"<script> [1562 bytes]","args":[{"selector":{"id":"shellAppTitle"},"wdio_ui5_key":"shellAppTitle"}]}
COMMAND: POST /session/f99cb1a050fbe9a90033840217c5bfe8/execute/async - {"script":"<script> [6424 bytes]","args":[{"element-6066-11e4-a52e-4f735466cecf":"f.92807732B44260480D43414758AACD61.d.F8BEF230FDE6D5B4CB73937B8D51242F.e.5694"},"getTitle",[]]}
RESULT: {"script":"<script> [6424 bytes]","args":[{"element-6066-11e4-a52e-4f735466cecf":"f.92807732B44260480D43414758AACD61.d.F8BEF230FDE6D5B4CB73937B8D51242F.e.5694"},"getTitle",[]]}
RESULT: undefined
COMMAND: POST /session/f99cb1a050fbe9a90033840217c5bfe8/element/f.92807732B44260480D43414758AACD61.d.F8BEF230FDE6D5B4CB73937B8D51242F.e.5648/click - {}
COMMAND: POST /session/f99cb1a050fbe9a90033840217c5bfe8/element/f.92807732B44260480D43414758AACD61.d.F8BEF230FDE6D5B4CB73937B8D51242F.e.5648/click - {}
RESULT: {}
COMMAND: GET /session/f99cb1a050fbe9a90033840217c5bfe8/screenshot - {}
COMMAND: POST /session/f99cb1a050fbe9a90033840217c5bfe8/element - {"using":"xpath","value":"//*[@id=\"backBtn\"]"}
RESULT: {}
RESULT: {"using":"xpath","value":"//*[@id=\"backBtn\"]"}
COMMAND: POST /session/f99cb1a050fbe9a90033840217c5bfe8/elements - {"using":"xpath","value":"//*[@id=\"backBtn\"]"}
RESULT: {"using":"xpath","value":"//*[@id=\"backBtn\"]"}
COMMAND: POST /session/f99cb1a050fbe9a90033840217c5bfe8/elements - {"using":"xpath","value":"//*[@id=\"backBtn\"]"}
RESULT: {"using":"xpath","value":"//*[@id=\"backBtn\"]"}
COMMAND: POST /session/f99cb1a050fbe9a90033840217c5bfe8/elements - {"using":"xpath","value":"//*[@id=\"backBtn\"]"}
RESULT: {"using":"xpath","value":"//*[@id=\"backBtn\"]"}
COMMAND: POST /session/f99cb1a050fbe9a90033840217c5bfe8/elements - {"using":"xpath","value":"//*[@id=\"backBtn\"]"}
RESULT: {"using":"xpath","value":"//*[@id=\"backBtn\"]"}
COMMAND: POST /session/f99cb1a050fbe9a90033840217c5bfe8/elements - {"using":"xpath","value":"//*[@id=\"backBtn\"]"}
RESULT: {"using":"xpath","value":"//*[@id=\"backBtn\"]"}
COMMAND: POST /session/f99cb1a050fbe9a90033840217c5bfe8/elements - {"using":"xpath","value":"//*[@id=\"backBtn\"]"}
RESULT: {"using":"xpath","value":"//*[@id=\"backBtn\"]"}
COMMAND: POST /session/f99cb1a050fbe9a90033840217c5bfe8/elements - {"using":"xpath","value":"//*[@id=\"backBtn\"]"}
RESULT: {"using":"xpath","value":"//*[@id=\"backBtn\"]"}
COMMAND: POST /session/f99cb1a050fbe9a90033840217c5bfe8/elements - {"using":"xpath","value":"//*[@id=\"backBtn\"]"}
RESULT: {"using":"xpath","value":"//*[@id=\"backBtn\"]"}
COMMAND: POST /session/f99cb1a050fbe9a90033840217c5bfe8/elements - {"using":"xpath","value":"//*[@id=\"backBtn\"]"}
RESULT: {"using":"xpath","value":"//*[@id=\"backBtn\"]"}
COMMAND: POST /session/f99cb1a050fbe9a90033840217c5bfe8/elements - {"using":"xpath","value":"//*[@id=\"backBtn\"]"}
RESULT: {"using":"xpath","value":"//*[@id=\"backBtn\"]"}
COMMAND: POST /session/f99cb1a050fbe9a90033840217c5bfe8/elements - {"using":"xpath","value":"//*[@id=\"backBtn\"]"}
RESULT: {"using":"xpath","value":"//*[@id=\"backBtn\"]"}
COMMAND: POST /session/f99cb1a050fbe9a90033840217c5bfe8/elements - {"using":"xpath","value":"//*[@id=\"backBtn\"]"}
RESULT: {"using":"xpath","value":"//*[@id=\"backBtn\"]"}
COMMAND: POST /session/f99cb1a050fbe9a90033840217c5bfe8/elements - {"using":"xpath","value":"//*[@id=\"backBtn\"]"}
RESULT: {"using":"xpath","value":"//*[@id=\"backBtn\"]"}
COMMAND: POST /session/f99cb1a050fbe9a90033840217c5bfe8/elements - {"using":"xpath","value":"//*[@id=\"backBtn\"]"}
RESULT: {"using":"xpath","value":"//*[@id=\"backBtn\"]"}
COMMAND: POST /session/f99cb1a050fbe9a90033840217c5bfe8/elements - {"using":"xpath","value":"//*[@id=\"backBtn\"]"}
RESULT: {"using":"xpath","value":"//*[@id=\"backBtn\"]"}
COMMAND: POST /session/f99cb1a050fbe9a90033840217c5bfe8/elements - {"using":"xpath","value":"//*[@id=\"backBtn\"]"}
RESULT: {"using":"xpath","value":"//*[@id=\"backBtn\"]"}
COMMAND: POST /session/f99cb1a050fbe9a90033840217c5bfe8/elements - {"using":"xpath","value":"//*[@id=\"backBtn\"]"}
RESULT: {"using":"xpath","value":"//*[@id=\"backBtn\"]"}
COMMAND: POST /session/f99cb1a050fbe9a90033840217c5bfe8/elements - {"using":"xpath","value":"//*[@id=\"backBtn\"]"}
RESULT: {"using":"xpath","value":"//*[@id=\"backBtn\"]"}
COMMAND: POST /session/f99cb1a050fbe9a90033840217c5bfe8/elements - {"using":"xpath","value":"//*[@id=\"backBtn\"]"}
RESULT: {"using":"xpath","value":"//*[@id=\"backBtn\"]"}
]]></system-out>
    </testcase>
    <testcase classname="chrome.135_0_7049_42.windows.Sanity_Tests_US104253" name="Should open Jobs Setup page" time="25.973">
      <system-out><![CDATA[
COMMAND: POST /session/f99cb1a050fbe9a90033840217c5bfe8/execute/async - {"script":"<script> [1562 bytes]","args":[{"selector":{"controlType":"sap.m.GenericTile","properties":{"header":"Jobs Setup"}},"wdio_ui5_key":"sapm.GenericTile{\"header\":\"Jobs Setup\"}"}]}
COMMAND: POST /session/f99cb1a050fbe9a90033840217c5bfe8/elements - {"using":"xpath","value":"//*[@id=\"backBtn\"]"}
RESULT: {"script":"<script> [1562 bytes]","args":[{"selector":{"controlType":"sap.m.GenericTile","properties":{"header":"Jobs Setup"}},"wdio_ui5_key":"sapm.GenericTile{\"header\":\"Jobs Setup\"}"}]}
RESULT: undefined
COMMAND: POST /session/f99cb1a050fbe9a90033840217c5bfe8/element - {"using":"xpath","value":"//*[@id=\"__tile128\"]"}
RESULT: {"using":"xpath","value":"//*[@id=\"backBtn\"]"}
RESULT: {"using":"xpath","value":"//*[@id=\"__tile128\"]"}
COMMAND: POST /session/f99cb1a050fbe9a90033840217c5bfe8/element/f.92807732B44260480D43414758AACD61.d.F8BEF230FDE6D5B4CB73937B8D51242F.e.5696/click - {}
COMMAND: POST /session/f99cb1a050fbe9a90033840217c5bfe8/elements - {"using":"xpath","value":"//*[@id=\"backBtn\"]"}
RESULT: {}
COMMAND: GET /session/f99cb1a050fbe9a90033840217c5bfe8/screenshot - {}
RESULT: {"using":"xpath","value":"//*[@id=\"backBtn\"]"}
COMMAND: POST /session/f99cb1a050fbe9a90033840217c5bfe8/elements - {"using":"xpath","value":"//*[@id=\"backBtn\"]"}
RESULT: {}
RESULT: {"using":"xpath","value":"//*[@id=\"backBtn\"]"}
COMMAND: POST /session/f99cb1a050fbe9a90033840217c5bfe8/element - {"using":"xpath","value":"//*[@id=\"backBtn\"]"}
RESULT: {"using":"xpath","value":"//*[@id=\"backBtn\"]"}
COMMAND: POST /session/f99cb1a050fbe9a90033840217c5bfe8/element/f.92807732B44260480D43414758AACD61.d.F8BEF230FDE6D5B4CB73937B8D51242F.e.5648/click - {}
COMMAND: POST /session/f99cb1a050fbe9a90033840217c5bfe8/element - {"using":"xpath","value":"//*[@id=\"backBtn\"]"}
RESULT: {"using":"xpath","value":"//*[@id=\"backBtn\"]"}
COMMAND: POST /session/f99cb1a050fbe9a90033840217c5bfe8/element/f.92807732B44260480D43414758AACD61.d.F8BEF230FDE6D5B4CB73937B8D51242F.e.5952/click - {}
RESULT: {}
COMMAND: GET /session/f99cb1a050fbe9a90033840217c5bfe8/screenshot - {}
RESULT: {}
RESULT: undefined
COMMAND: POST /session/f99cb1a050fbe9a90033840217c5bfe8/element - {"using":"xpath","value":"//*[@id=\"__tile128\"]"}
RESULT: {"using":"xpath","value":"//*[@id=\"__tile128\"]"}
COMMAND: POST /session/f99cb1a050fbe9a90033840217c5bfe8/element/f.92807732B44260480D43414758AACD61.d.F8BEF230FDE6D5B4CB73937B8D51242F.e.5696/click - {}
RESULT: undefined
COMMAND: POST /session/f99cb1a050fbe9a90033840217c5bfe8/element - {"using":"xpath","value":"//*[@id=\"__tile128\"]"}
RESULT: {"using":"xpath","value":"//*[@id=\"__tile128\"]"}
COMMAND: POST /session/f99cb1a050fbe9a90033840217c5bfe8/element/f.92807732B44260480D43414758AACD61.d.F8BEF230FDE6D5B4CB73937B8D51242F.e.5696/click - {}
RESULT: undefined
COMMAND: POST /session/f99cb1a050fbe9a90033840217c5bfe8/execute/async - {"script":"<script> [6424 bytes]","args":[{"element-6066-11e4-a52e-4f735466cecf":"f.92807732B44260480D43414758AACD61.d.F8BEF230FDE6D5B4CB73937B8D51242F.e.295"},"getTitle",[]]}
COMMAND: POST /session/f99cb1a050fbe9a90033840217c5bfe8/execute/async - {"script":"<script> [1562 bytes]","args":[{"selector":{"id":"shellAppTitle"},"wdio_ui5_key":"shellAppTitle"}]}
RESULT: {"script":"<script> [1562 bytes]","args":[{"selector":{"id":"shellAppTitle"},"wdio_ui5_key":"shellAppTitle"}]}
COMMAND: POST /session/f99cb1a050fbe9a90033840217c5bfe8/execute/async - {"script":"<script> [6424 bytes]","args":[{"element-6066-11e4-a52e-4f735466cecf":"f.92807732B44260480D43414758AACD61.d.F8BEF230FDE6D5B4CB73937B8D51242F.e.5953"},"getTitle",[]]}
RESULT: {"script":"<script> [6424 bytes]","args":[{"element-6066-11e4-a52e-4f735466cecf":"f.92807732B44260480D43414758AACD61.d.F8BEF230FDE6D5B4CB73937B8D51242F.e.5953"},"getTitle",[]]}
RESULT: undefined
COMMAND: POST /session/f99cb1a050fbe9a90033840217c5bfe8/element/f.92807732B44260480D43414758AACD61.d.F8BEF230FDE6D5B4CB73937B8D51242F.e.5952/click - {}
COMMAND: POST /session/f99cb1a050fbe9a90033840217c5bfe8/element/f.92807732B44260480D43414758AACD61.d.F8BEF230FDE6D5B4CB73937B8D51242F.e.5952/click - {}
RESULT: {}
COMMAND: GET /session/f99cb1a050fbe9a90033840217c5bfe8/screenshot - {}
RESULT: {}
COMMAND: GET /session/f99cb1a050fbe9a90033840217c5bfe8/screenshot - {}
RESULT: {}
RESULT: {}
]]></system-out>
    </testcase>
    <testcase classname="chrome.135_0_7049_42.windows.Sanity_Tests_US104253" name="Should open Target Systems Configuration page" time="25.808">
      <system-out><![CDATA[
COMMAND: POST /session/f99cb1a050fbe9a90033840217c5bfe8/execute/async - {"script":"<script> [1562 bytes]","args":[{"selector":{"controlType":"sap.m.GenericTile","properties":{"header":"Target Systems Configuration"}},"wdio_ui5_key":"sapm.GenericTile{\"header\":\"Target Systems Configuration\"}"}]}
RESULT: {"script":"<script> [1562 bytes]","args":[{"selector":{"controlType":"sap.m.GenericTile","properties":{"header":"Target Systems Configuration"}},"wdio_ui5_key":"sapm.GenericTile{\"header\":\"Target Systems Configuration\"}"}]}
RESULT: undefined
COMMAND: POST /session/f99cb1a050fbe9a90033840217c5bfe8/element - {"using":"xpath","value":"//*[@id=\"__tile129\"]"}
RESULT: {"using":"xpath","value":"//*[@id=\"__tile129\"]"}
COMMAND: POST /session/f99cb1a050fbe9a90033840217c5bfe8/element/f.92807732B44260480D43414758AACD61.d.F8BEF230FDE6D5B4CB73937B8D51242F.e.5955/click - {}
RESULT: {}
COMMAND: GET /session/f99cb1a050fbe9a90033840217c5bfe8/screenshot - {}
RESULT: {}
RESULT: undefined
COMMAND: POST /session/f99cb1a050fbe9a90033840217c5bfe8/element - {"using":"xpath","value":"//*[@id=\"__tile129\"]"}
RESULT: {"using":"xpath","value":"//*[@id=\"__tile129\"]"}
COMMAND: POST /session/f99cb1a050fbe9a90033840217c5bfe8/element/f.92807732B44260480D43414758AACD61.d.F8BEF230FDE6D5B4CB73937B8D51242F.e.5955/click - {}
RESULT: undefined
COMMAND: POST /session/f99cb1a050fbe9a90033840217c5bfe8/element - {"using":"xpath","value":"//*[@id=\"__tile129\"]"}
RESULT: {"using":"xpath","value":"//*[@id=\"__tile129\"]"}
COMMAND: POST /session/f99cb1a050fbe9a90033840217c5bfe8/element/f.92807732B44260480D43414758AACD61.d.F8BEF230FDE6D5B4CB73937B8D51242F.e.5955/click - {}
RESULT: undefined
COMMAND: POST /session/f99cb1a050fbe9a90033840217c5bfe8/execute/async - {"script":"<script> [6424 bytes]","args":[{"element-6066-11e4-a52e-4f735466cecf":"f.92807732B44260480D43414758AACD61.d.F8BEF230FDE6D5B4CB73937B8D51242F.e.295"},"getTitle",[]]}
COMMAND: POST /session/f99cb1a050fbe9a90033840217c5bfe8/execute/async - {"script":"<script> [1562 bytes]","args":[{"selector":{"id":"shellAppTitle"},"wdio_ui5_key":"shellAppTitle"}]}
RESULT: {"script":"<script> [1562 bytes]","args":[{"selector":{"id":"shellAppTitle"},"wdio_ui5_key":"shellAppTitle"}]}
COMMAND: POST /session/f99cb1a050fbe9a90033840217c5bfe8/execute/async - {"script":"<script> [6424 bytes]","args":[{"element-6066-11e4-a52e-4f735466cecf":"f.92807732B44260480D43414758AACD61.d.F8BEF230FDE6D5B4CB73937B8D51242F.e.6042"},"getTitle",[]]}
RESULT: {"script":"<script> [6424 bytes]","args":[{"element-6066-11e4-a52e-4f735466cecf":"f.92807732B44260480D43414758AACD61.d.F8BEF230FDE6D5B4CB73937B8D51242F.e.6042"},"getTitle",[]]}
RESULT: undefined
COMMAND: POST /session/f99cb1a050fbe9a90033840217c5bfe8/element/f.92807732B44260480D43414758AACD61.d.F8BEF230FDE6D5B4CB73937B8D51242F.e.5952/click - {}
COMMAND: POST /session/f99cb1a050fbe9a90033840217c5bfe8/element/f.92807732B44260480D43414758AACD61.d.F8BEF230FDE6D5B4CB73937B8D51242F.e.5952/click - {}
RESULT: {}
COMMAND: GET /session/f99cb1a050fbe9a90033840217c5bfe8/screenshot - {}
COMMAND: POST /session/f99cb1a050fbe9a90033840217c5bfe8/element - {"using":"xpath","value":"//*[@id=\"backBtn\"]"}
RESULT: {}
RESULT: {"using":"xpath","value":"//*[@id=\"backBtn\"]"}
COMMAND: POST /session/f99cb1a050fbe9a90033840217c5bfe8/elements - {"using":"xpath","value":"//*[@id=\"backBtn\"]"}
RESULT: {"using":"xpath","value":"//*[@id=\"backBtn\"]"}
COMMAND: POST /session/f99cb1a050fbe9a90033840217c5bfe8/elements - {"using":"xpath","value":"//*[@id=\"backBtn\"]"}
RESULT: {"using":"xpath","value":"//*[@id=\"backBtn\"]"}
COMMAND: POST /session/f99cb1a050fbe9a90033840217c5bfe8/elements - {"using":"xpath","value":"//*[@id=\"backBtn\"]"}
RESULT: {"using":"xpath","value":"//*[@id=\"backBtn\"]"}
COMMAND: POST /session/f99cb1a050fbe9a90033840217c5bfe8/elements - {"using":"xpath","value":"//*[@id=\"backBtn\"]"}
RESULT: {"using":"xpath","value":"//*[@id=\"backBtn\"]"}
COMMAND: POST /session/f99cb1a050fbe9a90033840217c5bfe8/elements - {"using":"xpath","value":"//*[@id=\"backBtn\"]"}
RESULT: {"using":"xpath","value":"//*[@id=\"backBtn\"]"}
COMMAND: POST /session/f99cb1a050fbe9a90033840217c5bfe8/elements - {"using":"xpath","value":"//*[@id=\"backBtn\"]"}
RESULT: {"using":"xpath","value":"//*[@id=\"backBtn\"]"}
COMMAND: POST /session/f99cb1a050fbe9a90033840217c5bfe8/elements - {"using":"xpath","value":"//*[@id=\"backBtn\"]"}
RESULT: {"using":"xpath","value":"//*[@id=\"backBtn\"]"}
COMMAND: POST /session/f99cb1a050fbe9a90033840217c5bfe8/elements - {"using":"xpath","value":"//*[@id=\"backBtn\"]"}
RESULT: {"using":"xpath","value":"//*[@id=\"backBtn\"]"}
COMMAND: POST /session/f99cb1a050fbe9a90033840217c5bfe8/elements - {"using":"xpath","value":"//*[@id=\"backBtn\"]"}
RESULT: {"using":"xpath","value":"//*[@id=\"backBtn\"]"}
COMMAND: POST /session/f99cb1a050fbe9a90033840217c5bfe8/elements - {"using":"xpath","value":"//*[@id=\"backBtn\"]"}
RESULT: {"using":"xpath","value":"//*[@id=\"backBtn\"]"}
COMMAND: POST /session/f99cb1a050fbe9a90033840217c5bfe8/elements - {"using":"xpath","value":"//*[@id=\"backBtn\"]"}
RESULT: {"using":"xpath","value":"//*[@id=\"backBtn\"]"}
COMMAND: POST /session/f99cb1a050fbe9a90033840217c5bfe8/elements - {"using":"xpath","value":"//*[@id=\"backBtn\"]"}
RESULT: {"using":"xpath","value":"//*[@id=\"backBtn\"]"}
COMMAND: POST /session/f99cb1a050fbe9a90033840217c5bfe8/elements - {"using":"xpath","value":"//*[@id=\"backBtn\"]"}
RESULT: {"using":"xpath","value":"//*[@id=\"backBtn\"]"}
COMMAND: POST /session/f99cb1a050fbe9a90033840217c5bfe8/elements - {"using":"xpath","value":"//*[@id=\"backBtn\"]"}
RESULT: {"using":"xpath","value":"//*[@id=\"backBtn\"]"}
COMMAND: POST /session/f99cb1a050fbe9a90033840217c5bfe8/elements - {"using":"xpath","value":"//*[@id=\"backBtn\"]"}
RESULT: {"using":"xpath","value":"//*[@id=\"backBtn\"]"}
COMMAND: POST /session/f99cb1a050fbe9a90033840217c5bfe8/elements - {"using":"xpath","value":"//*[@id=\"backBtn\"]"}
RESULT: {"using":"xpath","value":"//*[@id=\"backBtn\"]"}
COMMAND: POST /session/f99cb1a050fbe9a90033840217c5bfe8/elements - {"using":"xpath","value":"//*[@id=\"backBtn\"]"}
RESULT: {"using":"xpath","value":"//*[@id=\"backBtn\"]"}
COMMAND: POST /session/f99cb1a050fbe9a90033840217c5bfe8/elements - {"using":"xpath","value":"//*[@id=\"backBtn\"]"}
RESULT: {"using":"xpath","value":"//*[@id=\"backBtn\"]"}
COMMAND: POST /session/f99cb1a050fbe9a90033840217c5bfe8/elements - {"using":"xpath","value":"//*[@id=\"backBtn\"]"}
RESULT: {"using":"xpath","value":"//*[@id=\"backBtn\"]"}
COMMAND: POST /session/f99cb1a050fbe9a90033840217c5bfe8/elements - {"using":"xpath","value":"//*[@id=\"backBtn\"]"}
RESULT: {"using":"xpath","value":"//*[@id=\"backBtn\"]"}
COMMAND: POST /session/f99cb1a050fbe9a90033840217c5bfe8/elements - {"using":"xpath","value":"//*[@id=\"backBtn\"]"}
RESULT: {"using":"xpath","value":"//*[@id=\"backBtn\"]"}
COMMAND: POST /session/f99cb1a050fbe9a90033840217c5bfe8/elements - {"using":"xpath","value":"//*[@id=\"backBtn\"]"}
RESULT: {"using":"xpath","value":"//*[@id=\"backBtn\"]"}
COMMAND: POST /session/f99cb1a050fbe9a90033840217c5bfe8/elements - {"using":"xpath","value":"//*[@id=\"backBtn\"]"}
RESULT: {"using":"xpath","value":"//*[@id=\"backBtn\"]"}
COMMAND: POST /session/f99cb1a050fbe9a90033840217c5bfe8/elements - {"using":"xpath","value":"//*[@id=\"backBtn\"]"}
RESULT: {"using":"xpath","value":"//*[@id=\"backBtn\"]"}
COMMAND: POST /session/f99cb1a050fbe9a90033840217c5bfe8/elements - {"using":"xpath","value":"//*[@id=\"backBtn\"]"}
RESULT: {"using":"xpath","value":"//*[@id=\"backBtn\"]"}
COMMAND: POST /session/f99cb1a050fbe9a90033840217c5bfe8/elements - {"using":"xpath","value":"//*[@id=\"backBtn\"]"}
RESULT: {"using":"xpath","value":"//*[@id=\"backBtn\"]"}
COMMAND: POST /session/f99cb1a050fbe9a90033840217c5bfe8/elements - {"using":"xpath","value":"//*[@id=\"backBtn\"]"}
RESULT: {"using":"xpath","value":"//*[@id=\"backBtn\"]"}
COMMAND: POST /session/f99cb1a050fbe9a90033840217c5bfe8/elements - {"using":"xpath","value":"//*[@id=\"backBtn\"]"}
RESULT: {"using":"xpath","value":"//*[@id=\"backBtn\"]"}
COMMAND: POST /session/f99cb1a050fbe9a90033840217c5bfe8/elements - {"using":"xpath","value":"//*[@id=\"backBtn\"]"}
RESULT: {"using":"xpath","value":"//*[@id=\"backBtn\"]"}
COMMAND: POST /session/f99cb1a050fbe9a90033840217c5bfe8/elements - {"using":"xpath","value":"//*[@id=\"backBtn\"]"}
RESULT: {"using":"xpath","value":"//*[@id=\"backBtn\"]"}
COMMAND: POST /session/f99cb1a050fbe9a90033840217c5bfe8/elements - {"using":"xpath","value":"//*[@id=\"backBtn\"]"}
RESULT: {"using":"xpath","value":"//*[@id=\"backBtn\"]"}
COMMAND: POST /session/f99cb1a050fbe9a90033840217c5bfe8/elements - {"using":"xpath","value":"//*[@id=\"backBtn\"]"}
RESULT: {"using":"xpath","value":"//*[@id=\"backBtn\"]"}
COMMAND: POST /session/f99cb1a050fbe9a90033840217c5bfe8/elements - {"using":"xpath","value":"//*[@id=\"backBtn\"]"}
RESULT: {"using":"xpath","value":"//*[@id=\"backBtn\"]"}
COMMAND: POST /session/f99cb1a050fbe9a90033840217c5bfe8/elements - {"using":"xpath","value":"//*[@id=\"backBtn\"]"}
RESULT: {"using":"xpath","value":"//*[@id=\"backBtn\"]"}
COMMAND: POST /session/f99cb1a050fbe9a90033840217c5bfe8/elements - {"using":"xpath","value":"//*[@id=\"backBtn\"]"}
RESULT: {"using":"xpath","value":"//*[@id=\"backBtn\"]"}
COMMAND: POST /session/f99cb1a050fbe9a90033840217c5bfe8/elements - {"using":"xpath","value":"//*[@id=\"backBtn\"]"}
RESULT: {"using":"xpath","value":"//*[@id=\"backBtn\"]"}
COMMAND: POST /session/f99cb1a050fbe9a90033840217c5bfe8/elements - {"using":"xpath","value":"//*[@id=\"backBtn\"]"}
RESULT: {"using":"xpath","value":"//*[@id=\"backBtn\"]"}
COMMAND: POST /session/f99cb1a050fbe9a90033840217c5bfe8/elements - {"using":"xpath","value":"//*[@id=\"backBtn\"]"}
RESULT: {"using":"xpath","value":"//*[@id=\"backBtn\"]"}
COMMAND: POST /session/f99cb1a050fbe9a90033840217c5bfe8/elements - {"using":"xpath","value":"//*[@id=\"backBtn\"]"}
RESULT: {"using":"xpath","value":"//*[@id=\"backBtn\"]"}
COMMAND: DELETE /session/f99cb1a050fbe9a90033840217c5bfe8 - {}
COMMAND: POST /session/f99cb1a050fbe9a90033840217c5bfe8/elements - {"using":"xpath","value":"//*[@id=\"backBtn\"]"}
RESULT: {}
]]></system-out>
    </testcase>
  </testsuite>
</testsuites>