<?xml version="1.0" encoding="UTF-8"?>
<testsuites tests="24" failures="0" errors="0" skipped="0">
  <testsuite timestamp="2025-04-28T15:37:34" time="683.361" tests="5" failures="0" errors="0" skipped="0">
    <properties>
      <property name="specId" value="0" />
      <property name="suiteName" value="Manage Requests Tags Tests US120163" />
      <property name="capabilities" value="chrome.135_0_7049_96.windows" />
      <property name="file" value="file:///D:/a/1/s/test/specs/R2C/create-request-Tags.spec.js" />
    </properties>
    <testcase classname="chrome.135_0_7049_96.windows.Manage_Requests_Tags_Tests_US120163" name="Should create a new yard" time="150.066">
      <system-out><![CDATA[
COMMAND: POST /session/93f43bcbd844a5d98eb964b157ec9441/execute/async - {"script":"<script> [1562 bytes]","args":[{"selector":{"controlType":"sap.m.GenericTile","properties":{"header":"Manage Yards"}},"wdio_ui5_key":"sapm.GenericTile{\"header\":\"Manage Yards\"}"}]}
RESULT: {"script":"<script> [1562 bytes]","args":[{"selector":{"controlType":"sap.m.GenericTile","properties":{"header":"Manage Yards"}},"wdio_ui5_key":"sapm.GenericTile{\"header\":\"Manage Yards\"}"}]}
RESULT: undefined
COMMAND: POST /session/93f43bcbd844a5d98eb964b157ec9441/element - {"using":"xpath","value":"//*[@id=\"__tile41\"]"}
RESULT: {"using":"xpath","value":"//*[@id=\"__tile41\"]"}
COMMAND: POST /session/93f43bcbd844a5d98eb964b157ec9441/element/f.0C3632C05FD2F0739639ED0A0E4218C8.d.F8EE5A3640933042E563C1F68BCCBF27.e.119/click - {}
RESULT: {}
COMMAND: GET /session/93f43bcbd844a5d98eb964b157ec9441/screenshot - {}
RESULT: {}
COMMAND: POST /session/93f43bcbd844a5d98eb964b157ec9441/execute/async - {"script":"<script> [1562 bytes]","args":[{"selector":{"controlType":"sap.ui.core.Icon","viewName":"etm.portal.ui.manageyards.view.Master","viewId":"application-manageyards-display-component---masterYard","properties":{"src":{"regex":{"source":"add"}}}},"wdio_ui5_key":"etmportal.ui.manageyards.view.Mastersap.ui.core.Icon{\"src\":{\"regex\":{\"source\":\"add\"}}}"}]}
RESULT: {"script":"<script> [1562 bytes]","args":[{"selector":{"controlType":"sap.ui.core.Icon","viewName":"etm.portal.ui.manageyards.view.Master","viewId":"application-manageyards-display-component---masterYard","properties":{"src":{"regex":{"source":"add"}}}},"wdio_ui5_key":"etmportal.ui.manageyards.view.Mastersap.ui.core.Icon{\"src\":{\"regex\":{\"source\":\"add\"}}}"}]}
RESULT: undefined
COMMAND: POST /session/93f43bcbd844a5d98eb964b157ec9441/element - {"using":"xpath","value":"//*[@id=\"__button4-img\"]"}
RESULT: {"using":"xpath","value":"//*[@id=\"__button4-img\"]"}
COMMAND: POST /session/93f43bcbd844a5d98eb964b157ec9441/element/f.0C3632C05FD2F0739639ED0A0E4218C8.d.F8EE5A3640933042E563C1F68BCCBF27.e.167/click - {}
RESULT: {}
COMMAND: GET /session/93f43bcbd844a5d98eb964b157ec9441/screenshot - {}
RESULT: {}
COMMAND: POST /session/93f43bcbd844a5d98eb964b157ec9441/execute/async - {"script":"<script> [1562 bytes]","args":[{"selector":{"id":"application-manageyards-display-component---NewYard--yardId","interaction":{"idSuffix":"inner"}},"wdio_ui5_key":"applicationmanageyards-display-component---NewYard--yardId"}]}
RESULT: {"script":"<script> [1562 bytes]","args":[{"selector":{"id":"application-manageyards-display-component---NewYard--yardId","interaction":{"idSuffix":"inner"}},"wdio_ui5_key":"applicationmanageyards-display-component---NewYard--yardId"}]}
RESULT: undefined
COMMAND: POST /session/93f43bcbd844a5d98eb964b157ec9441/element - {"using":"xpath","value":"//*[@id=\"application-manageyards-display-component---NewYard--addressDetailDetailsName1-inner\"]"}
RESULT: {"using":"xpath","value":"//*[@id=\"application-manageyards-display-component---NewYard--addressDetailDetailsName1-inner\"]"}
COMMAND: POST /session/93f43bcbd844a5d98eb964b157ec9441/element/f.0C3632C05FD2F0739639ED0A0E4218C8.d.F8EE5A3640933042E563C1F68BCCBF27.e.401/clear - {}
RESULT: {}
COMMAND: POST /session/93f43bcbd844a5d98eb964b157ec9441/element/f.0C3632C05FD2F0739639ED0A0E4218C8.d.F8EE5A3640933042E563C1F68BCCBF27.e.401/value - {"text":"WebdriverYardsvnzc"}
COMMAND: GET /session/93f43bcbd844a5d98eb964b157ec9441/screenshot - {}
RESULT: {"text":"WebdriverYardsvnzc"}
COMMAND: POST /session/93f43bcbd844a5d98eb964b157ec9441/element - {"using":"xpath","value":"//*[@id=\"application-manageyards-display-component---NewYard--addressDetailDetailsLanguage-inner\"]"}
COMMAND: GET /session/93f43bcbd844a5d98eb964b157ec9441/screenshot - {}
RESULT: {}
RESULT: {"using":"xpath","value":"//*[@id=\"application-manageyards-display-component---NewYard--addressDetailDetailsLanguage-inner\"]"}
COMMAND: POST /session/93f43bcbd844a5d98eb964b157ec9441/element/f.0C3632C05FD2F0739639ED0A0E4218C8.d.F8EE5A3640933042E563C1F68BCCBF27.e.402/clear - {}
RESULT: {}
RESULT: {}
COMMAND: POST /session/93f43bcbd844a5d98eb964b157ec9441/element/f.0C3632C05FD2F0739639ED0A0E4218C8.d.F8EE5A3640933042E563C1F68BCCBF27.e.402/value - {"text":"Romanian"}
COMMAND: GET /session/93f43bcbd844a5d98eb964b157ec9441/screenshot - {}
RESULT: {"text":"Romanian"}
COMMAND: POST /session/93f43bcbd844a5d98eb964b157ec9441/element - {"using":"xpath","value":"//input[contains(@id ,\"application-manageyards-display-component---NewYard--addressDetailDetailsName1-inner\")]"}
COMMAND: GET /session/93f43bcbd844a5d98eb964b157ec9441/screenshot - {}
RESULT: {}
RESULT: {"using":"xpath","value":"//input[contains(@id ,\"application-manageyards-display-component---NewYard--addressDetailDetailsName1-inner\")]"}
COMMAND: GET /session/93f43bcbd844a5d98eb964b157ec9441/element/f.0C3632C05FD2F0739639ED0A0E4218C8.d.F8EE5A3640933042E563C1F68BCCBF27.e.401/property/value - {}
RESULT: {}
RESULT: {}
COMMAND: GET /session/93f43bcbd844a5d98eb964b157ec9441/screenshot - {}
RESULT: {}
COMMAND: POST /session/93f43bcbd844a5d98eb964b157ec9441/element - {"using":"xpath","value":"//*[@id=\"application-manageyards-display-component---NewYard--addressDetailDetailsCity1-inner\"]"}
RESULT: {"using":"xpath","value":"//*[@id=\"application-manageyards-display-component---NewYard--addressDetailDetailsCity1-inner\"]"}
COMMAND: POST /session/93f43bcbd844a5d98eb964b157ec9441/element/f.0C3632C05FD2F0739639ED0A0E4218C8.d.F8EE5A3640933042E563C1F68BCCBF27.e.404/clear - {}
RESULT: {}
COMMAND: POST /session/93f43bcbd844a5d98eb964b157ec9441/element/f.0C3632C05FD2F0739639ED0A0E4218C8.d.F8EE5A3640933042E563C1F68BCCBF27.e.404/value - {"text":"Bucuresti"}
COMMAND: GET /session/93f43bcbd844a5d98eb964b157ec9441/screenshot - {}
RESULT: {"text":"Bucuresti"}
COMMAND: GET /session/93f43bcbd844a5d98eb964b157ec9441/screenshot - {}
RESULT: {}
RESULT: {}
COMMAND: POST /session/93f43bcbd844a5d98eb964b157ec9441/element - {"using":"xpath","value":"//*[@id=\"application-manageyards-display-component---NewYard--addressDetailDetailsCountry-inner\"]"}
RESULT: {"using":"xpath","value":"//*[@id=\"application-manageyards-display-component---NewYard--addressDetailDetailsCountry-inner\"]"}
COMMAND: POST /session/93f43bcbd844a5d98eb964b157ec9441/element/f.0C3632C05FD2F0739639ED0A0E4218C8.d.F8EE5A3640933042E563C1F68BCCBF27.e.408/clear - {}
RESULT: {}
COMMAND: POST /session/93f43bcbd844a5d98eb964b157ec9441/element/f.0C3632C05FD2F0739639ED0A0E4218C8.d.F8EE5A3640933042E563C1F68BCCBF27.e.408/value - {"text":"Romania"}
COMMAND: GET /session/93f43bcbd844a5d98eb964b157ec9441/screenshot - {}
RESULT: {"text":"Romania"}
COMMAND: GET /session/93f43bcbd844a5d98eb964b157ec9441/screenshot - {}
RESULT: {}
RESULT: {}
COMMAND: POST /session/93f43bcbd844a5d98eb964b157ec9441/element - {"using":"xpath","value":"//div[contains(text(), \"Commercial\")]"}
RESULT: {"using":"xpath","value":"//div[contains(text(), \"Commercial\")]"}
COMMAND: GET /session/93f43bcbd844a5d98eb964b157ec9441/element/f.0C3632C05FD2F0739639ED0A0E4218C8.d.F8EE5A3640933042E563C1F68BCCBF27.e.579/rect - {}
RESULT: {}
COMMAND: GET /session/93f43bcbd844a5d98eb964b157ec9441/window/rect - {}
RESULT: {}
COMMAND: POST /session/93f43bcbd844a5d98eb964b157ec9441/execute/sync - {"script":"<script> [92 bytes]","args":[]}
RESULT: {"script":"<script> [92 bytes]","args":[]}
COMMAND: POST /session/93f43bcbd844a5d98eb964b157ec9441/actions - {"actions":[{"id":"action1","type":"wheel","parameters":{},"actions":[{"type":"scroll","x":-1841,"y":-44,"deltaX":0,"deltaY":0,"duration":0,"origin":{"element-6066-11e4-a52e-4f735466cecf":"f.0C3632C05FD2F0739639ED0A0E4218C8.d.F8EE5A3640933042E563C1F68BCCBF27.e.579"}}]}]}
COMMAND: GET /session/93f43bcbd844a5d98eb964b157ec9441/screenshot - {}
RESULT: {}
COMMAND: POST /session/93f43bcbd844a5d98eb964b157ec9441/execute/sync - {"script":"<script> [79 bytes]","args":[{"element-6066-11e4-a52e-4f735466cecf":"f.0C3632C05FD2F0739639ED0A0E4218C8.d.F8EE5A3640933042E563C1F68BCCBF27.e.579","ELEMENT":"f.0C3632C05FD2F0739639ED0A0E4218C8.d.F8EE5A3640933042E563C1F68BCCBF27.e.579"},{"block":"start","inline":"nearest"}]}
RESULT: {"script":"<script> [79 bytes]","args":[{"element-6066-11e4-a52e-4f735466cecf":"f.0C3632C05FD2F0739639ED0A0E4218C8.d.F8EE5A3640933042E563C1F68BCCBF27.e.579","ELEMENT":"f.0C3632C05FD2F0739639ED0A0E4218C8.d.F8EE5A3640933042E563C1F68BCCBF27.e.579"},{"block":"start","inline":"nearest"}]}
COMMAND: GET /session/93f43bcbd844a5d98eb964b157ec9441/screenshot - {}
RESULT: {}
COMMAND: POST /session/93f43bcbd844a5d98eb964b157ec9441/execute/async - {"script":"<script> [1562 bytes]","args":[{"selector":{"id":"application-manageyards-display-component---NewYard--addressEditDetailsCostObjectCstType-arrow"},"wdio_ui5_key":"applicationmanageyards-display-component---NewYard--addressEditDetailsCostObjectCstType-arrow"}]}
RESULT: {"script":"<script> [1562 bytes]","args":[{"selector":{"id":"application-manageyards-display-component---NewYard--addressEditDetailsCostObjectCstType-arrow"},"wdio_ui5_key":"applicationmanageyards-display-component---NewYard--addressEditDetailsCostObjectCstType-arrow"}]}
RESULT: undefined
COMMAND: POST /session/93f43bcbd844a5d98eb964b157ec9441/element - {"using":"xpath","value":"//*[@id=\"application-manageyards-display-component---NewYard--addressEditDetailsCostObjectCstType-arrow\"]"}
RESULT: {"using":"xpath","value":"//*[@id=\"application-manageyards-display-component---NewYard--addressEditDetailsCostObjectCstType-arrow\"]"}
COMMAND: POST /session/93f43bcbd844a5d98eb964b157ec9441/element/f.0C3632C05FD2F0739639ED0A0E4218C8.d.F8EE5A3640933042E563C1F68BCCBF27.e.587/click - {}
RESULT: {}
COMMAND: POST /session/93f43bcbd844a5d98eb964b157ec9441/element - {"using":"xpath","value":"//span[contains(text(), \"Cost Center\")]"}
COMMAND: GET /session/93f43bcbd844a5d98eb964b157ec9441/screenshot - {}
RESULT: {"using":"xpath","value":"//span[contains(text(), \"Cost Center\")]"}
COMMAND: POST /session/93f43bcbd844a5d98eb964b157ec9441/element/f.0C3632C05FD2F0739639ED0A0E4218C8.d.F8EE5A3640933042E563C1F68BCCBF27.e.588/click - {}
RESULT: {}
RESULT: {}
COMMAND: GET /session/93f43bcbd844a5d98eb964b157ec9441/screenshot - {}
RESULT: {}
COMMAND: POST /session/93f43bcbd844a5d98eb964b157ec9441/execute/async - {"script":"<script> [1562 bytes]","args":[{"selector":{"id":"application-manageyards-display-component---NewYard--addressNewCostObjectCstID-vhi"},"wdio_ui5_key":"applicationmanageyards-display-component---NewYard--addressNewCostObjectCstID-vhi"}]}
RESULT: {"script":"<script> [1562 bytes]","args":[{"selector":{"id":"application-manageyards-display-component---NewYard--addressNewCostObjectCstID-vhi"},"wdio_ui5_key":"applicationmanageyards-display-component---NewYard--addressNewCostObjectCstID-vhi"}]}
RESULT: undefined
COMMAND: POST /session/93f43bcbd844a5d98eb964b157ec9441/element - {"using":"xpath","value":"//*[@id=\"application-manageyards-display-component---NewYard--addressNewCostObjectCstID-vhi\"]"}
RESULT: {"using":"xpath","value":"//*[@id=\"application-manageyards-display-component---NewYard--addressNewCostObjectCstID-vhi\"]"}
COMMAND: POST /session/93f43bcbd844a5d98eb964b157ec9441/element/f.0C3632C05FD2F0739639ED0A0E4218C8.d.F8EE5A3640933042E563C1F68BCCBF27.e.603/click - {}
RESULT: {}
COMMAND: GET /session/93f43bcbd844a5d98eb964b157ec9441/screenshot - {}
RESULT: {}
COMMAND: POST /session/93f43bcbd844a5d98eb964b157ec9441/execute/async - {"script":"<script> [1562 bytes]","args":[{"selector":{"controlType":"sap.m.SearchField","properties":{"placeholder":"Search"},"searchOpenDialogs":true,"interaction":{"idSuffix":"I"}},"wdio_ui5_key":"sapm.SearchField{\"placeholder\":\"Search\"}"}]}
RESULT: {"script":"<script> [1562 bytes]","args":[{"selector":{"controlType":"sap.m.SearchField","properties":{"placeholder":"Search"},"searchOpenDialogs":true,"interaction":{"idSuffix":"I"}},"wdio_ui5_key":"sapm.SearchField{\"placeholder\":\"Search\"}"}]}
RESULT: undefined
COMMAND: POST /session/93f43bcbd844a5d98eb964b157ec9441/execute/async - {"script":"<script> [776 bytes]","args":[{"enterText":"10001013","selector":{"controlType":"sap.m.SearchField","properties":{"placeholder":"Search"},"searchOpenDialogs":true,"interaction":{"idSuffix":"I"}},"clearTextFirst":true,"interactionType":"ENTER_TEXT"}]}
RESULT: {"script":"<script> [776 bytes]","args":[{"enterText":"10001013","selector":{"controlType":"sap.m.SearchField","properties":{"placeholder":"Search"},"searchOpenDialogs":true,"interaction":{"idSuffix":"I"}},"clearTextFirst":true,"interactionType":"ENTER_TEXT"}]}
COMMAND: POST /session/93f43bcbd844a5d98eb964b157ec9441/actions - {"actions":[{"id":"action2","type":"key","parameters":{},"actions":[{"type":"keyDown","value":"î€‡"},{"type":"pause","duration":10},{"type":"keyUp","value":"î€‡"}]}]}
RESULT: {"actions":[{"id":"action2","type":"key","parameters":{},"actions":[{"type":"keyDown","value":"î€‡"},{"type":"pause","duration":10},{"type":"keyUp","value":"î€‡"}]}]}
COMMAND: GET /session/93f43bcbd844a5d98eb964b157ec9441/screenshot - {}
RESULT: {}
COMMAND: POST /session/93f43bcbd844a5d98eb964b157ec9441/element - {"using":"xpath","value":"//span[contains(text(), \"General Management\")]"}
RESULT: {"using":"xpath","value":"//span[contains(text(), \"General Management\")]"}
COMMAND: POST /session/93f43bcbd844a5d98eb964b157ec9441/element/f.0C3632C05FD2F0739639ED0A0E4218C8.d.F8EE5A3640933042E563C1F68BCCBF27.e.644/click - {}
RESULT: {}
COMMAND: GET /session/93f43bcbd844a5d98eb964b157ec9441/screenshot - {}
RESULT: {}
COMMAND: POST /session/93f43bcbd844a5d98eb964b157ec9441/element - {"using":"xpath","value":"//bdi[contains(text(), \"OK\")]"}
RESULT: {"using":"xpath","value":"//bdi[contains(text(), \"OK\")]"}
COMMAND: POST /session/93f43bcbd844a5d98eb964b157ec9441/element/f.0C3632C05FD2F0739639ED0A0E4218C8.d.F8EE5A3640933042E563C1F68BCCBF27.e.645/click - {}
RESULT: {}
COMMAND: GET /session/93f43bcbd844a5d98eb964b157ec9441/screenshot - {}
RESULT: {}
COMMAND: POST /session/93f43bcbd844a5d98eb964b157ec9441/execute/async - {"script":"<script> [1562 bytes]","args":[{"selector":{"controlType":"sap.m.Button","viewName":"etm.portal.ui.manageyards.view.New","viewId":"application-manageyards-display-component---NewYard","i18NText":{"propertyName":"text","key":"save"},"interaction":{"idSuffix":"inner"}},"wdio_ui5_key":"etmportal.ui.manageyards.view.Newsap.m.Button{\"propertyName\":\"text\",\"key\":\"save\"}"}]}
RESULT: {"script":"<script> [1562 bytes]","args":[{"selector":{"controlType":"sap.m.Button","viewName":"etm.portal.ui.manageyards.view.New","viewId":"application-manageyards-display-component---NewYard","i18NText":{"propertyName":"text","key":"save"},"interaction":{"idSuffix":"inner"}},"wdio_ui5_key":"etmportal.ui.manageyards.view.Newsap.m.Button{\"propertyName\":\"text\",\"key\":\"save\"}"}]}
RESULT: undefined
COMMAND: POST /session/93f43bcbd844a5d98eb964b157ec9441/element - {"using":"xpath","value":"//*[@id=\"__button18\"]"}
RESULT: {"using":"xpath","value":"//*[@id=\"__button18\"]"}
COMMAND: POST /session/93f43bcbd844a5d98eb964b157ec9441/element/f.0C3632C05FD2F0739639ED0A0E4218C8.d.F8EE5A3640933042E563C1F68BCCBF27.e.567/click - {}
RESULT: {}
COMMAND: GET /session/93f43bcbd844a5d98eb964b157ec9441/screenshot - {}
RESULT: {}
COMMAND: POST /session/93f43bcbd844a5d98eb964b157ec9441/element - {"using":"xpath","value":"//header/div/div[2]/div[2]/span"}
RESULT: {"using":"xpath","value":"//header/div/div[2]/div[2]/span"}
COMMAND: GET /session/93f43bcbd844a5d98eb964b157ec9441/element/f.0C3632C05FD2F0739639ED0A0E4218C8.d.F8EE5A3640933042E563C1F68BCCBF27.e.842/text - {}
RESULT: {}
COMMAND: POST /session/93f43bcbd844a5d98eb964b157ec9441/execute/async - {"script":"<script> [1562 bytes]","args":[{"selector":{"controlType":"sap.m.OverflowToolbarButton","viewName":"etm.portal.ui.manageyards.view.Detail","viewId":"application-manageyards-display-component---detailYard","i18NText":{"propertyName":"tooltip","key":"closeColumn"},"interaction":{"idSuffix":"inner"}},"wdio_ui5_key":"etmportal.ui.manageyards.view.Detailsap.m.OverflowToolbarButton{\"propertyName\":\"tooltip\",\"key\":\"closeColumn\"}"}]}
RESULT: {"script":"<script> [1562 bytes]","args":[{"selector":{"controlType":"sap.m.OverflowToolbarButton","viewName":"etm.portal.ui.manageyards.view.Detail","viewId":"application-manageyards-display-component---detailYard","i18NText":{"propertyName":"tooltip","key":"closeColumn"},"interaction":{"idSuffix":"inner"}},"wdio_ui5_key":"etmportal.ui.manageyards.view.Detailsap.m.OverflowToolbarButton{\"propertyName\":\"tooltip\",\"key\":\"closeColumn\"}"}]}
RESULT: undefined
COMMAND: POST /session/93f43bcbd844a5d98eb964b157ec9441/element - {"using":"xpath","value":"//*[@id=\"__button42\"]"}
RESULT: {"using":"xpath","value":"//*[@id=\"__button42\"]"}
COMMAND: POST /session/93f43bcbd844a5d98eb964b157ec9441/element/f.0C3632C05FD2F0739639ED0A0E4218C8.d.F8EE5A3640933042E563C1F68BCCBF27.e.844/click - {}
RESULT: {}
COMMAND: GET /session/93f43bcbd844a5d98eb964b157ec9441/screenshot - {}
RESULT: {}
COMMAND: POST /session/93f43bcbd844a5d98eb964b157ec9441/element - {"using":"css selector","value":"#shell-header-logo"}
RESULT: {"using":"css selector","value":"#shell-header-logo"}
COMMAND: POST /session/93f43bcbd844a5d98eb964b157ec9441/element/f.0C3632C05FD2F0739639ED0A0E4218C8.d.F8EE5A3640933042E563C1F68BCCBF27.e.122/click - {}
RESULT: {}
COMMAND: GET /session/93f43bcbd844a5d98eb964b157ec9441/screenshot - {}
RESULT: {}
COMMAND: POST /session/93f43bcbd844a5d98eb964b157ec9441/refresh - {}
RESULT: {}
COMMAND: GET /session/93f43bcbd844a5d98eb964b157ec9441/screenshot - {}
RESULT: {}
COMMAND: POST /session/93f43bcbd844a5d98eb964b157ec9441/execute/async - {"script":"<script> [189 bytes]","args":[]}
RESULT: {"script":"<script> [189 bytes]","args":[]}
COMMAND: POST /session/93f43bcbd844a5d98eb964b157ec9441/execute/async - {"script":"<script> [123 bytes]","args":[]}
RESULT: {"script":"<script> [123 bytes]","args":[]}
COMMAND: POST /session/93f43bcbd844a5d98eb964b157ec9441/timeouts - {"script":"<number>"}
RESULT: {"script":"<number>"}
COMMAND: GET /session/93f43bcbd844a5d98eb964b157ec9441/timeouts - {}
RESULT: {}
RESULT: undefined
COMMAND: POST /session/93f43bcbd844a5d98eb964b157ec9441/execute/async - {"script":"<script> [2676 bytes]","args":[]}
RESULT: {"script":"<script> [2676 bytes]","args":[]}
COMMAND: POST /session/93f43bcbd844a5d98eb964b157ec9441/execute/async - {"script":"<script> [2342 bytes]","args":[{"protocol":"http","hostname":"0.0.0.0","path":"/","capabilities":{"browserName":"chrome","goog:chromeOptions":{"binary":"C:\\Program Files\\Google\\Chrome\\Application\\chrome.exe","args":["--start-maximized"]}},"logLevel":"warn","connectionRetryTimeout":120000,"connectionRetryCount":3,"logLevels":{},"enableDirectConnect":true,"strictSSL":true,"_":"65 more keys: [\"cacheDir\",\"port\",\"requestedCapabilities\",\"automationProtocol\",\"baseUrl\",\"waitforInterval\",\"waitforTimeout\",\"onReload\",\"beforeCommand\",\"afterCommand\",\"rootDir\",\"specs\",\"suites\",\"exclude\",\"groupLogsByTestSpec\",\"excludeDriverLogs\",\"bail\",\"framework\",\"reporters\",\"services\",\"maxInstances\",\"maxInstancesPerCapability\",\"injectGlobals\",\"filesToWatch\",\"execArgv\",\"runnerEnv\",\"runner\",\"shard\",\"specFileRetries\",\"specFileRetriesDelay\",\"specFileRetriesDeferred\",\"reporterSyncInterval\",\"reporterSyncTimeout\",\"cucumberFeaturesWithLineNumbers\",\"autoCompileOpts\",\"mochaOpts\",\"jasmineOpts\",\"cucumberOpts\",\"onPrepare\",\"onWorkerStart\",\"onWorkerEnd\",\"before\",\"beforeSession\",\"beforeSuite\",\"beforeHook\",\"beforeTest\",\"afterTest\",\"afterHook\",\"afterSuite\",\"afterSession\",\"after\",\"onComplete\",\"beforeAssertion\",\"afterAssertion\",\"beforeFeature\",\"beforeScenario\",\"beforeStep\",\"afterStep\",\"afterScenario\",\"afterFeature\",\"_\",\"suite\",\"$0\",\"ignoredWorkerServices\",\"wdi5\"]"}]}
RESULT: {"script":"<script> [2342 bytes]","args":[{"protocol":"http","hostname":"0.0.0.0","path":"/","capabilities":{"browserName":"chrome","goog:chromeOptions":{"binary":"C:\\Program Files\\Google\\Chrome\\Application\\chrome.exe","args":["--start-maximized"]}},"logLevel":"warn","connectionRetryTimeout":120000,"connectionRetryCount":3,"logLevels":{},"enableDirectConnect":true,"strictSSL":true,"_":"65 more keys: [\"cacheDir\",\"port\",\"requestedCapabilities\",\"automationProtocol\",\"baseUrl\",\"waitforInterval\",\"waitforTimeout\",\"onReload\",\"beforeCommand\",\"afterCommand\",\"rootDir\",\"specs\",\"suites\",\"exclude\",\"groupLogsByTestSpec\",\"excludeDriverLogs\",\"bail\",\"framework\",\"reporters\",\"services\",\"maxInstances\",\"maxInstancesPerCapability\",\"injectGlobals\",\"filesToWatch\",\"execArgv\",\"runnerEnv\",\"runner\",\"shard\",\"specFileRetries\",\"specFileRetriesDelay\",\"specFileRetriesDeferred\",\"reporterSyncInterval\",\"reporterSyncTimeout\",\"cucumberFeaturesWithLineNumbers\",\"autoCompileOpts\",\"mochaOpts\",\"jasmineOpts\",\"cucumberOpts\",\"onPrepare\",\"onWorkerStart\",\"onWorkerEnd\",\"before\",\"beforeSession\",\"beforeSuite\",\"beforeHook\",\"beforeTest\",\"afterTest\",\"afterHook\",\"afterSuite\",\"afterSession\",\"after\",\"onComplete\",\"beforeAssertion\",\"afterAssertion\",\"beforeFeature\",\"beforeScenario\",\"beforeStep\",\"afterStep\",\"afterScenario\",\"afterFeature\",\"_\",\"suite\",\"$0\",\"ignoredWorkerServices\",\"wdi5\"]"}]}
COMMAND: POST /session/93f43bcbd844a5d98eb964b157ec9441/execute/async - {"script":"<script> [21126 bytes]","args":[35000]}
RESULT: {"script":"<script> [21126 bytes]","args":[35000]}
]]></system-out>
    </testcase>
    <testcase classname="chrome.135_0_7049_96.windows.Manage_Requests_Tags_Tests_US120163" name="Should create a new partner" time="82.879">
      <system-out><![CDATA[
COMMAND: POST /session/93f43bcbd844a5d98eb964b157ec9441/execute/async - {"script":"<script> [1562 bytes]","args":[{"selector":{"controlType":"sap.m.GenericTile","properties":{"header":"Manage Partners"}},"wdio_ui5_key":"sapm.GenericTile{\"header\":\"Manage Partners\"}"}]}
RESULT: {"script":"<script> [1562 bytes]","args":[{"selector":{"controlType":"sap.m.GenericTile","properties":{"header":"Manage Partners"}},"wdio_ui5_key":"sapm.GenericTile{\"header\":\"Manage Partners\"}"}]}
RESULT: undefined
COMMAND: POST /session/93f43bcbd844a5d98eb964b157ec9441/element - {"using":"xpath","value":"//*[@id=\"__tile38\"]"}
RESULT: {"using":"xpath","value":"//*[@id=\"__tile38\"]"}
COMMAND: POST /session/93f43bcbd844a5d98eb964b157ec9441/element/f.0C3632C05FD2F0739639ED0A0E4218C8.d.D4F1AC69F656D46A11A959A31CC16C2F.e.1195/click - {}
RESULT: {}
COMMAND: GET /session/93f43bcbd844a5d98eb964b157ec9441/screenshot - {}
RESULT: {}
COMMAND: POST /session/93f43bcbd844a5d98eb964b157ec9441/execute/async - {"script":"<script> [1562 bytes]","args":[{"selector":{"controlType":"sap.ui.core.Icon","viewName":"etm.portal.ui.managepartners.view.Master","viewId":"application-managepartners-display-component---masterPtm","properties":{"src":{"regex":{"source":"add"}}}},"wdio_ui5_key":"etmportal.ui.managepartners.view.Mastersap.ui.core.Icon{\"src\":{\"regex\":{\"source\":\"add\"}}}"}]}
RESULT: {"script":"<script> [1562 bytes]","args":[{"selector":{"controlType":"sap.ui.core.Icon","viewName":"etm.portal.ui.managepartners.view.Master","viewId":"application-managepartners-display-component---masterPtm","properties":{"src":{"regex":{"source":"add"}}}},"wdio_ui5_key":"etmportal.ui.managepartners.view.Mastersap.ui.core.Icon{\"src\":{\"regex\":{\"source\":\"add\"}}}"}]}
RESULT: undefined
COMMAND: POST /session/93f43bcbd844a5d98eb964b157ec9441/element - {"using":"xpath","value":"//*[@id=\"__button4-img\"]"}
RESULT: {"using":"xpath","value":"//*[@id=\"__button4-img\"]"}
COMMAND: POST /session/93f43bcbd844a5d98eb964b157ec9441/element/f.0C3632C05FD2F0739639ED0A0E4218C8.d.D4F1AC69F656D46A11A959A31CC16C2F.e.1246/click - {}
RESULT: {}
COMMAND: GET /session/93f43bcbd844a5d98eb964b157ec9441/screenshot - {}
RESULT: {}
COMMAND: POST /session/93f43bcbd844a5d98eb964b157ec9441/execute/async - {"script":"<script> [1562 bytes]","args":[{"selector":{"id":"application-managepartners-display-component---NewPartner--partnerId","interaction":{"idSuffix":"inner"}},"wdio_ui5_key":"applicationmanagepartners-display-component---NewPartner--partnerId"}]}
RESULT: {"script":"<script> [1562 bytes]","args":[{"selector":{"id":"application-managepartners-display-component---NewPartner--partnerId","interaction":{"idSuffix":"inner"}},"wdio_ui5_key":"applicationmanagepartners-display-component---NewPartner--partnerId"}]}
RESULT: undefined
COMMAND: POST /session/93f43bcbd844a5d98eb964b157ec9441/execute/async - {"script":"<script> [1562 bytes]","args":[{"selector":{"id":"application-managepartners-display-component---NewPartner--addressDetailDetailsName1","interaction":{"idSuffix":"inner"}},"wdio_ui5_key":"applicationmanagepartners-display-component---NewPartner--addressDetailDetailsName1"}]}
RESULT: {"script":"<script> [1562 bytes]","args":[{"selector":{"id":"application-managepartners-display-component---NewPartner--addressDetailDetailsName1","interaction":{"idSuffix":"inner"}},"wdio_ui5_key":"applicationmanagepartners-display-component---NewPartner--addressDetailDetailsName1"}]}
RESULT: undefined
COMMAND: POST /session/93f43bcbd844a5d98eb964b157ec9441/execute/async - {"script":"<script> [776 bytes]","args":[{"enterText":"WebdriverPartnerhbzzz","selector":{"id":"application-managepartners-display-component---NewPartner--addressDetailDetailsName1","interaction":{"idSuffix":"inner"}},"clearTextFirst":true,"interactionType":"ENTER_TEXT"}]}
RESULT: {"script":"<script> [776 bytes]","args":[{"enterText":"WebdriverPartnerhbzzz","selector":{"id":"application-managepartners-display-component---NewPartner--addressDetailDetailsName1","interaction":{"idSuffix":"inner"}},"clearTextFirst":true,"interactionType":"ENTER_TEXT"}]}
COMMAND: POST /session/93f43bcbd844a5d98eb964b157ec9441/execute/async - {"script":"<script> [1562 bytes]","args":[{"selector":{"id":"application-managepartners-display-component---NewPartner--addressDetailDetailsLanguage","interaction":{"idSuffix":"inner"}},"wdio_ui5_key":"applicationmanagepartners-display-component---NewPartner--addressDetailDetailsLanguage"}]}
RESULT: {"script":"<script> [1562 bytes]","args":[{"selector":{"id":"application-managepartners-display-component---NewPartner--addressDetailDetailsLanguage","interaction":{"idSuffix":"inner"}},"wdio_ui5_key":"applicationmanagepartners-display-component---NewPartner--addressDetailDetailsLanguage"}]}
RESULT: undefined
COMMAND: POST /session/93f43bcbd844a5d98eb964b157ec9441/execute/async - {"script":"<script> [776 bytes]","args":[{"enterText":"Romanian","selector":{"id":"application-managepartners-display-component---NewPartner--addressDetailDetailsLanguage","interaction":{"idSuffix":"inner"}},"clearTextFirst":true,"interactionType":"ENTER_TEXT"}]}
RESULT: {"script":"<script> [776 bytes]","args":[{"enterText":"Romanian","selector":{"id":"application-managepartners-display-component---NewPartner--addressDetailDetailsLanguage","interaction":{"idSuffix":"inner"}},"clearTextFirst":true,"interactionType":"ENTER_TEXT"}]}
COMMAND: POST /session/93f43bcbd844a5d98eb964b157ec9441/element - {"using":"xpath","value":"//input[contains(@id ,\"application-managepartners-display-component---NewPartner--addressDetailDetailsName1-inner\")]"}
RESULT: {"using":"xpath","value":"//input[contains(@id ,\"application-managepartners-display-component---NewPartner--addressDetailDetailsName1-inner\")]"}
COMMAND: GET /session/93f43bcbd844a5d98eb964b157ec9441/element/f.0C3632C05FD2F0739639ED0A0E4218C8.d.D4F1AC69F656D46A11A959A31CC16C2F.e.1460/property/value - {}
RESULT: {}
COMMAND: POST /session/93f43bcbd844a5d98eb964b157ec9441/execute/async - {"script":"<script> [1562 bytes]","args":[{"selector":{"id":"application-managepartners-display-component---NewPartner--addressDetailDetailsCity1","interaction":{"idSuffix":"inner"}},"wdio_ui5_key":"applicationmanagepartners-display-component---NewPartner--addressDetailDetailsCity1"}]}
COMMAND: GET /session/93f43bcbd844a5d98eb964b157ec9441/screenshot - {}
RESULT: {"script":"<script> [1562 bytes]","args":[{"selector":{"id":"application-managepartners-display-component---NewPartner--addressDetailDetailsCity1","interaction":{"idSuffix":"inner"}},"wdio_ui5_key":"applicationmanagepartners-display-component---NewPartner--addressDetailDetailsCity1"}]}
RESULT: undefined
COMMAND: POST /session/93f43bcbd844a5d98eb964b157ec9441/execute/async - {"script":"<script> [776 bytes]","args":[{"enterText":"Bucharest","selector":{"id":"application-managepartners-display-component---NewPartner--addressDetailDetailsCity1","interaction":{"idSuffix":"inner"}},"clearTextFirst":true,"interactionType":"ENTER_TEXT"}]}
RESULT: {}
RESULT: {"script":"<script> [776 bytes]","args":[{"enterText":"Bucharest","selector":{"id":"application-managepartners-display-component---NewPartner--addressDetailDetailsCity1","interaction":{"idSuffix":"inner"}},"clearTextFirst":true,"interactionType":"ENTER_TEXT"}]}
COMMAND: POST /session/93f43bcbd844a5d98eb964b157ec9441/execute/async - {"script":"<script> [1562 bytes]","args":[{"selector":{"id":"application-managepartners-display-component---NewPartner--addressDetailDetailsCountry","interaction":{"idSuffix":"inner"}},"wdio_ui5_key":"applicationmanagepartners-display-component---NewPartner--addressDetailDetailsCountry"}]}
RESULT: {"script":"<script> [1562 bytes]","args":[{"selector":{"id":"application-managepartners-display-component---NewPartner--addressDetailDetailsCountry","interaction":{"idSuffix":"inner"}},"wdio_ui5_key":"applicationmanagepartners-display-component---NewPartner--addressDetailDetailsCountry"}]}
RESULT: undefined
COMMAND: POST /session/93f43bcbd844a5d98eb964b157ec9441/execute/async - {"script":"<script> [6424 bytes]","args":[{"element-6066-11e4-a52e-4f735466cecf":"f.0C3632C05FD2F0739639ED0A0E4218C8.d.D4F1AC69F656D46A11A959A31CC16C2F.e.1467"},"setValue",["Romania"]]}
RESULT: {"script":"<script> [6424 bytes]","args":[{"element-6066-11e4-a52e-4f735466cecf":"f.0C3632C05FD2F0739639ED0A0E4218C8.d.D4F1AC69F656D46A11A959A31CC16C2F.e.1467"},"setValue",["Romania"]]}
COMMAND: POST /session/93f43bcbd844a5d98eb964b157ec9441/execute/async - {"script":"<script> [1562 bytes]","args":[{"selector":{"id":"application-managepartners-display-component---NewPartner--partnerDetailInternal","interaction":{"idSuffix":"inner"}},"wdio_ui5_key":"applicationmanagepartners-display-component---NewPartner--partnerDetailInternal"}]}
RESULT: {"script":"<script> [1562 bytes]","args":[{"selector":{"id":"application-managepartners-display-component---NewPartner--partnerDetailInternal","interaction":{"idSuffix":"inner"}},"wdio_ui5_key":"applicationmanagepartners-display-component---NewPartner--partnerDetailInternal"}]}
RESULT: undefined
COMMAND: POST /session/93f43bcbd844a5d98eb964b157ec9441/execute/async - {"script":"<script> [776 bytes]","args":[{"enterText":"External partner","selector":{"id":"application-managepartners-display-component---NewPartner--partnerDetailInternal","interaction":{"idSuffix":"inner"}},"clearTextFirst":true,"interactionType":"ENTER_TEXT"}]}
RESULT: {"script":"<script> [776 bytes]","args":[{"enterText":"External partner","selector":{"id":"application-managepartners-display-component---NewPartner--partnerDetailInternal","interaction":{"idSuffix":"inner"}},"clearTextFirst":true,"interactionType":"ENTER_TEXT"}]}
COMMAND: POST /session/93f43bcbd844a5d98eb964b157ec9441/execute/async - {"script":"<script> [1562 bytes]","args":[{"selector":{"id":"application-managepartners-display-component---NewPartner--partnerDetailsCurrency","interaction":{"idSuffix":"inner"}},"wdio_ui5_key":"applicationmanagepartners-display-component---NewPartner--partnerDetailsCurrency"}]}
RESULT: {"script":"<script> [1562 bytes]","args":[{"selector":{"id":"application-managepartners-display-component---NewPartner--partnerDetailsCurrency","interaction":{"idSuffix":"inner"}},"wdio_ui5_key":"applicationmanagepartners-display-component---NewPartner--partnerDetailsCurrency"}]}
RESULT: undefined
COMMAND: POST /session/93f43bcbd844a5d98eb964b157ec9441/execute/async - {"script":"<script> [776 bytes]","args":[{"enterText":"Euro","selector":{"id":"application-managepartners-display-component---NewPartner--partnerDetailsCurrency","interaction":{"idSuffix":"inner"}},"clearTextFirst":true,"interactionType":"ENTER_TEXT"}]}
RESULT: {"script":"<script> [776 bytes]","args":[{"enterText":"Euro","selector":{"id":"application-managepartners-display-component---NewPartner--partnerDetailsCurrency","interaction":{"idSuffix":"inner"}},"clearTextFirst":true,"interactionType":"ENTER_TEXT"}]}
COMMAND: POST /session/93f43bcbd844a5d98eb964b157ec9441/execute/async - {"script":"<script> [1562 bytes]","args":[{"selector":{"controlType":"sap.m.Button","viewName":"etm.portal.ui.managepartners.view.NewPartner","viewId":"application-managepartners-display-component---NewPartner","properties":{"text":"Commercial"},"interaction":{"idSuffix":"BDI-content"}},"wdio_ui5_key":"etmportal.ui.managepartners.view.NewPartnersap.m.Button{\"text\":\"Commercial\"}"}]}
RESULT: {"script":"<script> [1562 bytes]","args":[{"selector":{"controlType":"sap.m.Button","viewName":"etm.portal.ui.managepartners.view.NewPartner","viewId":"application-managepartners-display-component---NewPartner","properties":{"text":"Commercial"},"interaction":{"idSuffix":"BDI-content"}},"wdio_ui5_key":"etmportal.ui.managepartners.view.NewPartnersap.m.Button{\"text\":\"Commercial\"}"}]}
RESULT: undefined
COMMAND: POST /session/93f43bcbd844a5d98eb964b157ec9441/element - {"using":"xpath","value":"//*[@id=\"application-managepartners-display-component---NewPartner--ObjectPageLayout-anchBar-__section5-anchor\"]"}
RESULT: {"using":"xpath","value":"//*[@id=\"application-managepartners-display-component---NewPartner--ObjectPageLayout-anchBar-__section5-anchor\"]"}
COMMAND: POST /session/93f43bcbd844a5d98eb964b157ec9441/element/f.0C3632C05FD2F0739639ED0A0E4218C8.d.D4F1AC69F656D46A11A959A31CC16C2F.e.1664/click - {}
RESULT: {}
COMMAND: GET /session/93f43bcbd844a5d98eb964b157ec9441/screenshot - {}
RESULT: {}
COMMAND: POST /session/93f43bcbd844a5d98eb964b157ec9441/execute/async - {"script":"<script> [1562 bytes]","args":[{"selector":{"id":"application-managepartners-display-component---NewPartner--btnAddTableRow-img"},"wdio_ui5_key":"applicationmanagepartners-display-component---NewPartner--btnAddTableRow-img"}]}
RESULT: {"script":"<script> [1562 bytes]","args":[{"selector":{"id":"application-managepartners-display-component---NewPartner--btnAddTableRow-img"},"wdio_ui5_key":"applicationmanagepartners-display-component---NewPartner--btnAddTableRow-img"}]}
RESULT: undefined
COMMAND: POST /session/93f43bcbd844a5d98eb964b157ec9441/element - {"using":"xpath","value":"//*[@id=\"application-managepartners-display-component---NewPartner--btnAddTableRow-img\"]"}
RESULT: {"using":"xpath","value":"//*[@id=\"application-managepartners-display-component---NewPartner--btnAddTableRow-img\"]"}
COMMAND: POST /session/93f43bcbd844a5d98eb964b157ec9441/element/f.0C3632C05FD2F0739639ED0A0E4218C8.d.D4F1AC69F656D46A11A959A31CC16C2F.e.1670/click - {}
RESULT: {}
COMMAND: POST /session/93f43bcbd844a5d98eb964b157ec9441/element - {"using":"xpath","value":"//input[contains(@id ,\"application-managepartners-display-component---NewPartner--assignmentYard-application-managepartners-display-component---NewPartner\")]"}
COMMAND: GET /session/93f43bcbd844a5d98eb964b157ec9441/screenshot - {}
RESULT: {"using":"xpath","value":"//input[contains(@id ,\"application-managepartners-display-component---NewPartner--assignmentYard-application-managepartners-display-component---NewPartner\")]"}
COMMAND: POST /session/93f43bcbd844a5d98eb964b157ec9441/element/f.0C3632C05FD2F0739639ED0A0E4218C8.d.D4F1AC69F656D46A11A959A31CC16C2F.e.1675/clear - {}
RESULT: {}
RESULT: {}
COMMAND: POST /session/93f43bcbd844a5d98eb964b157ec9441/element/f.0C3632C05FD2F0739639ED0A0E4218C8.d.D4F1AC69F656D46A11A959A31CC16C2F.e.1675/value - {"text":"332"}
COMMAND: GET /session/93f43bcbd844a5d98eb964b157ec9441/screenshot - {}
RESULT: {"text":"332"}
COMMAND: GET /session/93f43bcbd844a5d98eb964b157ec9441/screenshot - {}
RESULT: {}
RESULT: {}
COMMAND: POST /session/93f43bcbd844a5d98eb964b157ec9441/execute/async - {"script":"<script> [1562 bytes]","args":[{"selector":{"controlType":"sap.m.Button","viewName":"etm.portal.ui.managepartners.view.NewPartner","viewId":"application-managepartners-display-component---NewPartner","i18NText":{"propertyName":"text","key":"save"},"interaction":{"idSuffix":"BDI-content"}},"wdio_ui5_key":"etmportal.ui.managepartners.view.NewPartnersap.m.Button{\"propertyName\":\"text\",\"key\":\"save\"}"}]}
RESULT: {"script":"<script> [1562 bytes]","args":[{"selector":{"controlType":"sap.m.Button","viewName":"etm.portal.ui.managepartners.view.NewPartner","viewId":"application-managepartners-display-component---NewPartner","i18NText":{"propertyName":"text","key":"save"},"interaction":{"idSuffix":"BDI-content"}},"wdio_ui5_key":"etmportal.ui.managepartners.view.NewPartnersap.m.Button{\"propertyName\":\"text\",\"key\":\"save\"}"}]}
RESULT: undefined
COMMAND: POST /session/93f43bcbd844a5d98eb964b157ec9441/element - {"using":"xpath","value":"//*[@id=\"__button12\"]"}
RESULT: {"using":"xpath","value":"//*[@id=\"__button12\"]"}
COMMAND: POST /session/93f43bcbd844a5d98eb964b157ec9441/element/f.0C3632C05FD2F0739639ED0A0E4218C8.d.D4F1AC69F656D46A11A959A31CC16C2F.e.1621/click - {}
RESULT: {}
COMMAND: GET /session/93f43bcbd844a5d98eb964b157ec9441/screenshot - {}
RESULT: {}
COMMAND: POST /session/93f43bcbd844a5d98eb964b157ec9441/element - {"using":"xpath","value":"//header/div/div[2]/div[2]/span"}
RESULT: {"using":"xpath","value":"//header/div/div[2]/div[2]/span"}
COMMAND: GET /session/93f43bcbd844a5d98eb964b157ec9441/element/f.0C3632C05FD2F0739639ED0A0E4218C8.d.D4F1AC69F656D46A11A959A31CC16C2F.e.1848/text - {}
RESULT: {}
COMMAND: POST /session/93f43bcbd844a5d98eb964b157ec9441/element - {"using":"xpath","value":"//header/div/div/div/div/div/div[2]/div/span"}
RESULT: {"using":"xpath","value":"//header/div/div/div/div/div/div[2]/div/span"}
COMMAND: GET /session/93f43bcbd844a5d98eb964b157ec9441/element/f.0C3632C05FD2F0739639ED0A0E4218C8.d.D4F1AC69F656D46A11A959A31CC16C2F.e.1849/text - {}
RESULT: {}
COMMAND: POST /session/93f43bcbd844a5d98eb964b157ec9441/execute/async - {"script":"<script> [1562 bytes]","args":[{"selector":{"id":"application-managepartners-display-component---detailPtm--partnerType"},"wdio_ui5_key":"applicationmanagepartners-display-component---detailPtm--partnerType"}]}
RESULT: {"script":"<script> [1562 bytes]","args":[{"selector":{"id":"application-managepartners-display-component---detailPtm--partnerType"},"wdio_ui5_key":"applicationmanagepartners-display-component---detailPtm--partnerType"}]}
RESULT: undefined
COMMAND: POST /session/93f43bcbd844a5d98eb964b157ec9441/execute/async - {"script":"<script> [6424 bytes]","args":[{"element-6066-11e4-a52e-4f735466cecf":"f.0C3632C05FD2F0739639ED0A0E4218C8.d.D4F1AC69F656D46A11A959A31CC16C2F.e.1850"},"getText",[]]}
RESULT: {"script":"<script> [6424 bytes]","args":[{"element-6066-11e4-a52e-4f735466cecf":"f.0C3632C05FD2F0739639ED0A0E4218C8.d.D4F1AC69F656D46A11A959A31CC16C2F.e.1850"},"getText",[]]}
COMMAND: POST /session/93f43bcbd844a5d98eb964b157ec9441/element - {"using":"css selector","value":"#shell-header-logo"}
RESULT: {"using":"css selector","value":"#shell-header-logo"}
COMMAND: POST /session/93f43bcbd844a5d98eb964b157ec9441/element/f.0C3632C05FD2F0739639ED0A0E4218C8.d.D4F1AC69F656D46A11A959A31CC16C2F.e.1197/click - {}
RESULT: {}
COMMAND: GET /session/93f43bcbd844a5d98eb964b157ec9441/screenshot - {}
RESULT: {}
]]></system-out>
    </testcase>
    <testcase classname="chrome.135_0_7049_96.windows.Manage_Requests_Tags_Tests_US120163" name="Should create a new site" time="98.789">
      <system-out><![CDATA[
COMMAND: POST /session/93f43bcbd844a5d98eb964b157ec9441/execute/async - {"script":"<script> [1562 bytes]","args":[{"selector":{"controlType":"sap.m.GenericTile","properties":{"header":"Manage Sites"}},"wdio_ui5_key":"sapm.GenericTile{\"header\":\"Manage Sites\"}"}]}
RESULT: {"script":"<script> [1562 bytes]","args":[{"selector":{"controlType":"sap.m.GenericTile","properties":{"header":"Manage Sites"}},"wdio_ui5_key":"sapm.GenericTile{\"header\":\"Manage Sites\"}"}]}
RESULT: undefined
COMMAND: POST /session/93f43bcbd844a5d98eb964b157ec9441/element - {"using":"xpath","value":"//*[@id=\"__tile40\"]"}
RESULT: {"using":"xpath","value":"//*[@id=\"__tile40\"]"}
COMMAND: POST /session/93f43bcbd844a5d98eb964b157ec9441/element/f.0C3632C05FD2F0739639ED0A0E4218C8.d.D4F1AC69F656D46A11A959A31CC16C2F.e.1852/click - {}
RESULT: {}
COMMAND: GET /session/93f43bcbd844a5d98eb964b157ec9441/screenshot - {}
RESULT: {}
COMMAND: POST /session/93f43bcbd844a5d98eb964b157ec9441/execute/async - {"script":"<script> [1562 bytes]","args":[{"selector":{"controlType":"sap.ui.core.Icon","viewName":"etm.portal.ui.managesites.view.Master","viewId":"application-managesites-display-component---masterSite","properties":{"src":{"regex":{"source":"add"}}}},"wdio_ui5_key":"etmportal.ui.managesites.view.Mastersap.ui.core.Icon{\"src\":{\"regex\":{\"source\":\"add\"}}}"}]}
RESULT: {"script":"<script> [1562 bytes]","args":[{"selector":{"controlType":"sap.ui.core.Icon","viewName":"etm.portal.ui.managesites.view.Master","viewId":"application-managesites-display-component---masterSite","properties":{"src":{"regex":{"source":"add"}}}},"wdio_ui5_key":"etmportal.ui.managesites.view.Mastersap.ui.core.Icon{\"src\":{\"regex\":{\"source\":\"add\"}}}"}]}
RESULT: undefined
COMMAND: POST /session/93f43bcbd844a5d98eb964b157ec9441/element - {"using":"xpath","value":"//*[@id=\"__button52-img\"]"}
RESULT: {"using":"xpath","value":"//*[@id=\"__button52-img\"]"}
COMMAND: POST /session/93f43bcbd844a5d98eb964b157ec9441/element/f.0C3632C05FD2F0739639ED0A0E4218C8.d.D4F1AC69F656D46A11A959A31CC16C2F.e.1901/click - {}
RESULT: {}
COMMAND: POST /session/93f43bcbd844a5d98eb964b157ec9441/execute/async - {"script":"<script> [1562 bytes]","args":[{"selector":{"id":"application-managesites-display-component---NewSite--siteId","interaction":{"idSuffix":"inner"}},"wdio_ui5_key":"applicationmanagesites-display-component---NewSite--siteId"}]}
COMMAND: GET /session/93f43bcbd844a5d98eb964b157ec9441/screenshot - {}
RESULT: {"script":"<script> [1562 bytes]","args":[{"selector":{"id":"application-managesites-display-component---NewSite--siteId","interaction":{"idSuffix":"inner"}},"wdio_ui5_key":"applicationmanagesites-display-component---NewSite--siteId"}]}
RESULT: undefined
COMMAND: POST /session/93f43bcbd844a5d98eb964b157ec9441/execute/async - {"script":"<script> [1562 bytes]","args":[{"selector":{"id":"application-managesites-display-component---NewSite--addressDetailDetailsName1","interaction":{"idSuffix":"inner"}},"wdio_ui5_key":"applicationmanagesites-display-component---NewSite--addressDetailDetailsName1"}]}
RESULT: {}
RESULT: {"script":"<script> [1562 bytes]","args":[{"selector":{"id":"application-managesites-display-component---NewSite--addressDetailDetailsName1","interaction":{"idSuffix":"inner"}},"wdio_ui5_key":"applicationmanagesites-display-component---NewSite--addressDetailDetailsName1"}]}
RESULT: undefined
COMMAND: POST /session/93f43bcbd844a5d98eb964b157ec9441/execute/async - {"script":"<script> [776 bytes]","args":[{"enterText":"WebdriverSiteasz2v","selector":{"id":"application-managesites-display-component---NewSite--addressDetailDetailsName1","interaction":{"idSuffix":"inner"}},"clearTextFirst":true,"interactionType":"ENTER_TEXT"}]}
RESULT: {"script":"<script> [776 bytes]","args":[{"enterText":"WebdriverSiteasz2v","selector":{"id":"application-managesites-display-component---NewSite--addressDetailDetailsName1","interaction":{"idSuffix":"inner"}},"clearTextFirst":true,"interactionType":"ENTER_TEXT"}]}
COMMAND: POST /session/93f43bcbd844a5d98eb964b157ec9441/execute/async - {"script":"<script> [1562 bytes]","args":[{"selector":{"id":"application-managesites-display-component---NewSite--addressDetailDetailsLanguage","interaction":{"idSuffix":"inner"}},"wdio_ui5_key":"applicationmanagesites-display-component---NewSite--addressDetailDetailsLanguage"}]}
RESULT: {"script":"<script> [1562 bytes]","args":[{"selector":{"id":"application-managesites-display-component---NewSite--addressDetailDetailsLanguage","interaction":{"idSuffix":"inner"}},"wdio_ui5_key":"applicationmanagesites-display-component---NewSite--addressDetailDetailsLanguage"}]}
RESULT: undefined
COMMAND: POST /session/93f43bcbd844a5d98eb964b157ec9441/execute/async - {"script":"<script> [776 bytes]","args":[{"enterText":"Romanian","selector":{"id":"application-managesites-display-component---NewSite--addressDetailDetailsLanguage","interaction":{"idSuffix":"inner"}},"clearTextFirst":true,"interactionType":"ENTER_TEXT"}]}
RESULT: {"script":"<script> [776 bytes]","args":[{"enterText":"Romanian","selector":{"id":"application-managesites-display-component---NewSite--addressDetailDetailsLanguage","interaction":{"idSuffix":"inner"}},"clearTextFirst":true,"interactionType":"ENTER_TEXT"}]}
COMMAND: POST /session/93f43bcbd844a5d98eb964b157ec9441/execute/async - {"script":"<script> [1562 bytes]","args":[{"selector":{"id":"application-managesites-display-component---NewSite--addressDetailDetailsCity1","interaction":{"idSuffix":"inner"}},"wdio_ui5_key":"applicationmanagesites-display-component---NewSite--addressDetailDetailsCity1"}]}
RESULT: {"script":"<script> [1562 bytes]","args":[{"selector":{"id":"application-managesites-display-component---NewSite--addressDetailDetailsCity1","interaction":{"idSuffix":"inner"}},"wdio_ui5_key":"applicationmanagesites-display-component---NewSite--addressDetailDetailsCity1"}]}
RESULT: undefined
COMMAND: POST /session/93f43bcbd844a5d98eb964b157ec9441/execute/async - {"script":"<script> [776 bytes]","args":[{"enterText":"Bucharest","selector":{"id":"application-managesites-display-component---NewSite--addressDetailDetailsCity1","interaction":{"idSuffix":"inner"}},"clearTextFirst":true,"interactionType":"ENTER_TEXT"}]}
RESULT: {"script":"<script> [776 bytes]","args":[{"enterText":"Bucharest","selector":{"id":"application-managesites-display-component---NewSite--addressDetailDetailsCity1","interaction":{"idSuffix":"inner"}},"clearTextFirst":true,"interactionType":"ENTER_TEXT"}]}
COMMAND: POST /session/93f43bcbd844a5d98eb964b157ec9441/execute/async - {"script":"<script> [1562 bytes]","args":[{"selector":{"id":"application-managesites-display-component---NewSite--addressDetailDetailsCountry","interaction":{"idSuffix":"inner"}},"wdio_ui5_key":"applicationmanagesites-display-component---NewSite--addressDetailDetailsCountry"}]}
RESULT: {"script":"<script> [1562 bytes]","args":[{"selector":{"id":"application-managesites-display-component---NewSite--addressDetailDetailsCountry","interaction":{"idSuffix":"inner"}},"wdio_ui5_key":"applicationmanagesites-display-component---NewSite--addressDetailDetailsCountry"}]}
RESULT: undefined
COMMAND: POST /session/93f43bcbd844a5d98eb964b157ec9441/execute/async - {"script":"<script> [776 bytes]","args":[{"enterText":"Romania","selector":{"id":"application-managesites-display-component---NewSite--addressDetailDetailsCountry","interaction":{"idSuffix":"inner"}},"clearTextFirst":true,"interactionType":"ENTER_TEXT"}]}
RESULT: {"script":"<script> [776 bytes]","args":[{"enterText":"Romania","selector":{"id":"application-managesites-display-component---NewSite--addressDetailDetailsCountry","interaction":{"idSuffix":"inner"}},"clearTextFirst":true,"interactionType":"ENTER_TEXT"}]}
COMMAND: POST /session/93f43bcbd844a5d98eb964b157ec9441/element - {"using":"css selector","value":"#application-managesites-display-component---NewSite--addressDetailDetailsCalendar-inner"}
RESULT: {"using":"css selector","value":"#application-managesites-display-component---NewSite--addressDetailDetailsCalendar-inner"}
COMMAND: POST /session/93f43bcbd844a5d98eb964b157ec9441/element/f.0C3632C05FD2F0739639ED0A0E4218C8.d.D4F1AC69F656D46A11A959A31CC16C2F.e.2150/clear - {}
RESULT: {}
COMMAND: POST /session/93f43bcbd844a5d98eb964b157ec9441/element/f.0C3632C05FD2F0739639ED0A0E4218C8.d.D4F1AC69F656D46A11A959A31CC16C2F.e.2150/value - {"text":"Germany"}
COMMAND: GET /session/93f43bcbd844a5d98eb964b157ec9441/screenshot - {}
RESULT: {"text":"Germany"}
COMMAND: POST /session/93f43bcbd844a5d98eb964b157ec9441/execute/async - {"script":"<script> [1562 bytes]","args":[{"selector":{"id":"application-managesites-display-component---NewSite--addressEditDetailsCostObjectCstType-arrow"},"wdio_ui5_key":"applicationmanagesites-display-component---NewSite--addressEditDetailsCostObjectCstType-arrow"}]}
COMMAND: GET /session/93f43bcbd844a5d98eb964b157ec9441/screenshot - {}
RESULT: {}
RESULT: {"script":"<script> [1562 bytes]","args":[{"selector":{"id":"application-managesites-display-component---NewSite--addressEditDetailsCostObjectCstType-arrow"},"wdio_ui5_key":"applicationmanagesites-display-component---NewSite--addressEditDetailsCostObjectCstType-arrow"}]}
RESULT: undefined
COMMAND: POST /session/93f43bcbd844a5d98eb964b157ec9441/element - {"using":"xpath","value":"//*[@id=\"application-managesites-display-component---NewSite--addressEditDetailsCostObjectCstType-arrow\"]"}
RESULT: {}
RESULT: {"using":"xpath","value":"//*[@id=\"application-managesites-display-component---NewSite--addressEditDetailsCostObjectCstType-arrow\"]"}
COMMAND: POST /session/93f43bcbd844a5d98eb964b157ec9441/element/f.0C3632C05FD2F0739639ED0A0E4218C8.d.D4F1AC69F656D46A11A959A31CC16C2F.e.2301/click - {}
RESULT: {}
COMMAND: POST /session/93f43bcbd844a5d98eb964b157ec9441/element - {"using":"xpath","value":"//span[contains(text(), \"Work Breakdown Structure\")]"}
COMMAND: GET /session/93f43bcbd844a5d98eb964b157ec9441/screenshot - {}
RESULT: {"using":"xpath","value":"//span[contains(text(), \"Work Breakdown Structure\")]"}
COMMAND: POST /session/93f43bcbd844a5d98eb964b157ec9441/element/f.0C3632C05FD2F0739639ED0A0E4218C8.d.D4F1AC69F656D46A11A959A31CC16C2F.e.2302/click - {}
RESULT: {}
RESULT: {}
COMMAND: GET /session/93f43bcbd844a5d98eb964b157ec9441/screenshot - {}
RESULT: {}
COMMAND: POST /session/93f43bcbd844a5d98eb964b157ec9441/execute/async - {"script":"<script> [1562 bytes]","args":[{"selector":{"id":"application-managesites-display-component---NewSite--addressNewCostObjectCstID-vhi"},"wdio_ui5_key":"applicationmanagesites-display-component---NewSite--addressNewCostObjectCstID-vhi"}]}
RESULT: {"script":"<script> [1562 bytes]","args":[{"selector":{"id":"application-managesites-display-component---NewSite--addressNewCostObjectCstID-vhi"},"wdio_ui5_key":"applicationmanagesites-display-component---NewSite--addressNewCostObjectCstID-vhi"}]}
RESULT: undefined
COMMAND: POST /session/93f43bcbd844a5d98eb964b157ec9441/element - {"using":"xpath","value":"//*[@id=\"application-managesites-display-component---NewSite--addressNewCostObjectCstID-vhi\"]"}
RESULT: {"using":"xpath","value":"//*[@id=\"application-managesites-display-component---NewSite--addressNewCostObjectCstID-vhi\"]"}
COMMAND: POST /session/93f43bcbd844a5d98eb964b157ec9441/element/f.0C3632C05FD2F0739639ED0A0E4218C8.d.D4F1AC69F656D46A11A959A31CC16C2F.e.2306/click - {}
RESULT: {}
COMMAND: GET /session/93f43bcbd844a5d98eb964b157ec9441/screenshot - {}
RESULT: {}
COMMAND: POST /session/93f43bcbd844a5d98eb964b157ec9441/execute/async - {"script":"<script> [1562 bytes]","args":[{"selector":{"controlType":"sap.m.SearchField","properties":{"placeholder":"Search"},"searchOpenDialogs":true,"interaction":{"idSuffix":"I"}},"wdio_ui5_key":"sapm.SearchField{\"placeholder\":\"Search\"}"}]}
RESULT: {"script":"<script> [1562 bytes]","args":[{"selector":{"controlType":"sap.m.SearchField","properties":{"placeholder":"Search"},"searchOpenDialogs":true,"interaction":{"idSuffix":"I"}},"wdio_ui5_key":"sapm.SearchField{\"placeholder\":\"Search\"}"}]}
RESULT: undefined
COMMAND: POST /session/93f43bcbd844a5d98eb964b157ec9441/execute/async - {"script":"<script> [776 bytes]","args":[{"enterText":"A1-000100-01","selector":{"controlType":"sap.m.SearchField","properties":{"placeholder":"Search"},"searchOpenDialogs":true,"interaction":{"idSuffix":"I"}},"clearTextFirst":true,"interactionType":"ENTER_TEXT"}]}
RESULT: {"script":"<script> [776 bytes]","args":[{"enterText":"A1-000100-01","selector":{"controlType":"sap.m.SearchField","properties":{"placeholder":"Search"},"searchOpenDialogs":true,"interaction":{"idSuffix":"I"}},"clearTextFirst":true,"interactionType":"ENTER_TEXT"}]}
COMMAND: POST /session/93f43bcbd844a5d98eb964b157ec9441/actions - {"actions":[{"id":"action3","type":"key","parameters":{},"actions":[{"type":"keyDown","value":"î€‡"},{"type":"pause","duration":10},{"type":"keyUp","value":"î€‡"}]}]}
RESULT: {"actions":[{"id":"action3","type":"key","parameters":{},"actions":[{"type":"keyDown","value":"î€‡"},{"type":"pause","duration":10},{"type":"keyUp","value":"î€‡"}]}]}
COMMAND: GET /session/93f43bcbd844a5d98eb964b157ec9441/screenshot - {}
RESULT: {}
COMMAND: POST /session/93f43bcbd844a5d98eb964b157ec9441/element - {"using":"xpath","value":"//span[contains(text(), \"Template for ETO-Process\")]"}
RESULT: {"using":"xpath","value":"//span[contains(text(), \"Template for ETO-Process\")]"}
COMMAND: POST /session/93f43bcbd844a5d98eb964b157ec9441/element/f.0C3632C05FD2F0739639ED0A0E4218C8.d.D4F1AC69F656D46A11A959A31CC16C2F.e.2327/click - {}
RESULT: {}
COMMAND: GET /session/93f43bcbd844a5d98eb964b157ec9441/screenshot - {}
RESULT: {}
COMMAND: POST /session/93f43bcbd844a5d98eb964b157ec9441/element - {"using":"xpath","value":"//bdi[contains(text(), \"OK\")]"}
RESULT: {"using":"xpath","value":"//bdi[contains(text(), \"OK\")]"}
COMMAND: POST /session/93f43bcbd844a5d98eb964b157ec9441/element/f.0C3632C05FD2F0739639ED0A0E4218C8.d.D4F1AC69F656D46A11A959A31CC16C2F.e.2328/click - {}
RESULT: {}
COMMAND: GET /session/93f43bcbd844a5d98eb964b157ec9441/screenshot - {}
RESULT: {}
COMMAND: POST /session/93f43bcbd844a5d98eb964b157ec9441/element - {"using":"xpath","value":"//input[@id=\"application-managesites-display-component---NewSite--addressDetailDetailsYard-inner\"]"}
RESULT: {"using":"xpath","value":"//input[@id=\"application-managesites-display-component---NewSite--addressDetailDetailsYard-inner\"]"}
COMMAND: POST /session/93f43bcbd844a5d98eb964b157ec9441/element/f.0C3632C05FD2F0739639ED0A0E4218C8.d.D4F1AC69F656D46A11A959A31CC16C2F.e.2151/value - {"text":"332"}
RESULT: {"text":"332"}
COMMAND: GET /session/93f43bcbd844a5d98eb964b157ec9441/screenshot - {}
RESULT: {}
COMMAND: POST /session/93f43bcbd844a5d98eb964b157ec9441/actions - {"actions":[{"id":"action4","type":"key","parameters":{},"actions":[{"type":"keyDown","value":"î€‡"},{"type":"pause","duration":10},{"type":"keyUp","value":"î€‡"}]}]}
RESULT: {"actions":[{"id":"action4","type":"key","parameters":{},"actions":[{"type":"keyDown","value":"î€‡"},{"type":"pause","duration":10},{"type":"keyUp","value":"î€‡"}]}]}
COMMAND: GET /session/93f43bcbd844a5d98eb964b157ec9441/screenshot - {}
RESULT: {}
COMMAND: POST /session/93f43bcbd844a5d98eb964b157ec9441/element - {"using":"xpath","value":"//input[@id=\"application-managesites-display-component---NewSite--addressDetailDetailsPartner-inner\"]"}
RESULT: {"using":"xpath","value":"//input[@id=\"application-managesites-display-component---NewSite--addressDetailDetailsPartner-inner\"]"}
COMMAND: POST /session/93f43bcbd844a5d98eb964b157ec9441/elements - {"using":"xpath","value":"//input[@id=\"application-managesites-display-component---NewSite--addressDetailDetailsPartner-inner\"]"}
RESULT: {"using":"xpath","value":"//input[@id=\"application-managesites-display-component---NewSite--addressDetailDetailsPartner-inner\"]"}
COMMAND: POST /session/93f43bcbd844a5d98eb964b157ec9441/execute/async - {"script":"<script> [1562 bytes]","args":[{"selector":{"controlType":"sap.m.Button","viewName":"etm.portal.ui.managesites.view.NewSmartSite","viewId":"application-managesites-display-component---NewSite","properties":{"text":"Commercial"},"interaction":{"idSuffix":"BDI-content"}},"wdio_ui5_key":"etmportal.ui.managesites.view.NewSmartSitesap.m.Button{\"text\":\"Commercial\"}"}]}
RESULT: {"script":"<script> [1562 bytes]","args":[{"selector":{"controlType":"sap.m.Button","viewName":"etm.portal.ui.managesites.view.NewSmartSite","viewId":"application-managesites-display-component---NewSite","properties":{"text":"Commercial"},"interaction":{"idSuffix":"BDI-content"}},"wdio_ui5_key":"etmportal.ui.managesites.view.NewSmartSitesap.m.Button{\"text\":\"Commercial\"}"}]}
RESULT: undefined
COMMAND: POST /session/93f43bcbd844a5d98eb964b157ec9441/element - {"using":"xpath","value":"//*[@id=\"application-managesites-display-component---NewSite--ObjectPageLayout-anchBar-__section31-anchor\"]"}
RESULT: {"using":"xpath","value":"//*[@id=\"application-managesites-display-component---NewSite--ObjectPageLayout-anchBar-__section31-anchor\"]"}
COMMAND: POST /session/93f43bcbd844a5d98eb964b157ec9441/element/f.0C3632C05FD2F0739639ED0A0E4218C8.d.D4F1AC69F656D46A11A959A31CC16C2F.e.2335/click - {}
RESULT: {}
COMMAND: POST /session/93f43bcbd844a5d98eb964b157ec9441/execute/async - {"script":"<script> [1562 bytes]","args":[{"selector":{"controlType":"sap.m.Button","viewName":"etm.portal.ui.managesites.view.NewSmartSite","viewId":"application-managesites-display-component---NewSite","i18NText":{"propertyName":"text","key":"save"},"interaction":{"idSuffix":"BDI-content"}},"wdio_ui5_key":"etmportal.ui.managesites.view.NewSmartSitesap.m.Button{\"propertyName\":\"text\",\"key\":\"save\"}"}]}
COMMAND: GET /session/93f43bcbd844a5d98eb964b157ec9441/screenshot - {}
RESULT: {"script":"<script> [1562 bytes]","args":[{"selector":{"controlType":"sap.m.Button","viewName":"etm.portal.ui.managesites.view.NewSmartSite","viewId":"application-managesites-display-component---NewSite","i18NText":{"propertyName":"text","key":"save"},"interaction":{"idSuffix":"BDI-content"}},"wdio_ui5_key":"etmportal.ui.managesites.view.NewSmartSitesap.m.Button{\"propertyName\":\"text\",\"key\":\"save\"}"}]}
RESULT: undefined
COMMAND: POST /session/93f43bcbd844a5d98eb964b157ec9441/element - {"using":"xpath","value":"//*[@id=\"__button64\"]"}
RESULT: {}
RESULT: {"using":"xpath","value":"//*[@id=\"__button64\"]"}
COMMAND: POST /session/93f43bcbd844a5d98eb964b157ec9441/element/f.0C3632C05FD2F0739639ED0A0E4218C8.d.D4F1AC69F656D46A11A959A31CC16C2F.e.2280/click - {}
RESULT: {}
COMMAND: GET /session/93f43bcbd844a5d98eb964b157ec9441/screenshot - {}
RESULT: {}
COMMAND: POST /session/93f43bcbd844a5d98eb964b157ec9441/execute/async - {"script":"<script> [1562 bytes]","args":[{"selector":{"id":"application-managesites-display-component---detailSite--addressDetailDetailsYardText"},"wdio_ui5_key":"applicationmanagesites-display-component---detailSite--addressDetailDetailsYardText"}]}
RESULT: {"script":"<script> [1562 bytes]","args":[{"selector":{"id":"application-managesites-display-component---detailSite--addressDetailDetailsYardText"},"wdio_ui5_key":"applicationmanagesites-display-component---detailSite--addressDetailDetailsYardText"}]}
RESULT: undefined
COMMAND: POST /session/93f43bcbd844a5d98eb964b157ec9441/element - {"using":"xpath","value":"//header/div/div[2]/div[2]/span"}
RESULT: {"using":"xpath","value":"//header/div/div[2]/div[2]/span"}
COMMAND: GET /session/93f43bcbd844a5d98eb964b157ec9441/element/f.0C3632C05FD2F0739639ED0A0E4218C8.d.D4F1AC69F656D46A11A959A31CC16C2F.e.2537/text - {}
RESULT: {}
COMMAND: POST /session/93f43bcbd844a5d98eb964b157ec9441/element - {"using":"xpath","value":"//header/div/div/div/div/div/div[2]/div/span"}
RESULT: {"using":"xpath","value":"//header/div/div/div/div/div/div[2]/div/span"}
COMMAND: GET /session/93f43bcbd844a5d98eb964b157ec9441/element/f.0C3632C05FD2F0739639ED0A0E4218C8.d.D4F1AC69F656D46A11A959A31CC16C2F.e.2538/text - {}
RESULT: {}
COMMAND: POST /session/93f43bcbd844a5d98eb964b157ec9441/element - {"using":"css selector","value":"#shell-header-logo"}
RESULT: {"using":"css selector","value":"#shell-header-logo"}
COMMAND: POST /session/93f43bcbd844a5d98eb964b157ec9441/element/f.0C3632C05FD2F0739639ED0A0E4218C8.d.D4F1AC69F656D46A11A959A31CC16C2F.e.1857/click - {}
RESULT: {}
COMMAND: GET /session/93f43bcbd844a5d98eb964b157ec9441/screenshot - {}
RESULT: {}
]]></system-out>
    </testcase>
    <testcase classname="chrome.135_0_7049_96.windows.Manage_Requests_Tags_Tests_US120163" name="Should Create New Request Tags" time="202.617">
      <system-out><![CDATA[
COMMAND: POST /session/93f43bcbd844a5d98eb964b157ec9441/execute/async - {"script":"<script> [1562 bytes]","args":[{"selector":{"controlType":"sap.m.GenericTile","properties":{"header":"Manage Requests"}},"wdio_ui5_key":"sapm.GenericTile{\"header\":\"Manage Requests\"}"}]}
RESULT: {"script":"<script> [1562 bytes]","args":[{"selector":{"controlType":"sap.m.GenericTile","properties":{"header":"Manage Requests"}},"wdio_ui5_key":"sapm.GenericTile{\"header\":\"Manage Requests\"}"}]}
RESULT: undefined
COMMAND: POST /session/93f43bcbd844a5d98eb964b157ec9441/element - {"using":"xpath","value":"//*[@id=\"__tile47\"]"}
RESULT: {"using":"xpath","value":"//*[@id=\"__tile47\"]"}
COMMAND: POST /session/93f43bcbd844a5d98eb964b157ec9441/element/f.0C3632C05FD2F0739639ED0A0E4218C8.d.D4F1AC69F656D46A11A959A31CC16C2F.e.2540/click - {}
RESULT: {}
COMMAND: GET /session/93f43bcbd844a5d98eb964b157ec9441/screenshot - {}
RESULT: {}
COMMAND: POST /session/93f43bcbd844a5d98eb964b157ec9441/element - {"using":"xpath","value":"//button[contains(@data-kt ,\"btnCreateNewOverflowToolbarButton\")]"}
COMMAND: POST /session/93f43bcbd844a5d98eb964b157ec9441/element - {"using":"xpath","value":"(//span[contains(@class ,\"sapMObjStatusText\")])[1]"}
RESULT: {"using":"xpath","value":"//button[contains(@data-kt ,\"btnCreateNewOverflowToolbarButton\")]"}
COMMAND: POST /session/93f43bcbd844a5d98eb964b157ec9441/element/f.0C3632C05FD2F0739639ED0A0E4218C8.d.D4F1AC69F656D46A11A959A31CC16C2F.e.2597/click - {}
RESULT: {"using":"xpath","value":"(//span[contains(@class ,\"sapMObjStatusText\")])[1]"}
COMMAND: POST /session/93f43bcbd844a5d98eb964b157ec9441/execute/sync - {"script":"<script> [8489 bytes]","args":[{"element-6066-11e4-a52e-4f735466cecf":"f.0C3632C05FD2F0739639ED0A0E4218C8.d.D4F1AC69F656D46A11A959A31CC16C2F.e.2639","ELEMENT":"f.0C3632C05FD2F0739639ED0A0E4218C8.d.D4F1AC69F656D46A11A959A31CC16C2F.e.2639"}]}
RESULT: {}
RESULT: {"script":"<script> [8489 bytes]","args":[{"element-6066-11e4-a52e-4f735466cecf":"f.0C3632C05FD2F0739639ED0A0E4218C8.d.D4F1AC69F656D46A11A959A31CC16C2F.e.2639","ELEMENT":"f.0C3632C05FD2F0739639ED0A0E4218C8.d.D4F1AC69F656D46A11A959A31CC16C2F.e.2639"}]}
COMMAND: GET /session/93f43bcbd844a5d98eb964b157ec9441/screenshot - {}
COMMAND: GET /session/93f43bcbd844a5d98eb964b157ec9441/screenshot - {}
RESULT: {}
RESULT: {}
COMMAND: POST /session/93f43bcbd844a5d98eb964b157ec9441/element - {"using":"xpath","value":"//input[contains(@id ,\"yardId-inner\")]"}
RESULT: {"using":"xpath","value":"//input[contains(@id ,\"yardId-inner\")]"}
COMMAND: POST /session/93f43bcbd844a5d98eb964b157ec9441/execute/sync - {"script":"<script> [8489 bytes]","args":[{"element-6066-11e4-a52e-4f735466cecf":"f.0C3632C05FD2F0739639ED0A0E4218C8.d.D4F1AC69F656D46A11A959A31CC16C2F.e.2855","ELEMENT":"f.0C3632C05FD2F0739639ED0A0E4218C8.d.D4F1AC69F656D46A11A959A31CC16C2F.e.2855"}]}
RESULT: {"script":"<script> [8489 bytes]","args":[{"element-6066-11e4-a52e-4f735466cecf":"f.0C3632C05FD2F0739639ED0A0E4218C8.d.D4F1AC69F656D46A11A959A31CC16C2F.e.2855","ELEMENT":"f.0C3632C05FD2F0739639ED0A0E4218C8.d.D4F1AC69F656D46A11A959A31CC16C2F.e.2855"}]}
COMMAND: POST /session/93f43bcbd844a5d98eb964b157ec9441/element - {"using":"xpath","value":"//input[contains(@id ,\"yardId-inner\")]"}
COMMAND: GET /session/93f43bcbd844a5d98eb964b157ec9441/screenshot - {}
RESULT: {"using":"xpath","value":"//input[contains(@id ,\"yardId-inner\")]"}
COMMAND: GET /session/93f43bcbd844a5d98eb964b157ec9441/element/f.0C3632C05FD2F0739639ED0A0E4218C8.d.D4F1AC69F656D46A11A959A31CC16C2F.e.2855/enabled - {}
RESULT: {}
RESULT: {}
COMMAND: POST /session/93f43bcbd844a5d98eb964b157ec9441/element/f.0C3632C05FD2F0739639ED0A0E4218C8.d.D4F1AC69F656D46A11A959A31CC16C2F.e.2855/clear - {}
COMMAND: GET /session/93f43bcbd844a5d98eb964b157ec9441/screenshot - {}
RESULT: {}
COMMAND: POST /session/93f43bcbd844a5d98eb964b157ec9441/element/f.0C3632C05FD2F0739639ED0A0E4218C8.d.D4F1AC69F656D46A11A959A31CC16C2F.e.2855/value - {"text":"WebdriverYardsvnzc"}
RESULT: {}
RESULT: {"text":"WebdriverYardsvnzc"}
COMMAND: POST /session/93f43bcbd844a5d98eb964b157ec9441/element - {"using":"xpath","value":"//input[contains(@id ,\"customerNumber-inner\")]"}
COMMAND: GET /session/93f43bcbd844a5d98eb964b157ec9441/screenshot - {}
COMMAND: GET /session/93f43bcbd844a5d98eb964b157ec9441/screenshot - {}
RESULT: {"using":"xpath","value":"//input[contains(@id ,\"customerNumber-inner\")]"}
COMMAND: POST /session/93f43bcbd844a5d98eb964b157ec9441/element/f.0C3632C05FD2F0739639ED0A0E4218C8.d.D4F1AC69F656D46A11A959A31CC16C2F.e.2849/value - {"text":"WebdriverPartnerhbzzz"}
RESULT: {}
RESULT: {}
RESULT: {"text":"WebdriverPartnerhbzzz"}
COMMAND: GET /session/93f43bcbd844a5d98eb964b157ec9441/screenshot - {}
RESULT: {}
COMMAND: POST /session/93f43bcbd844a5d98eb964b157ec9441/actions - {"actions":[{"id":"action5","type":"key","parameters":{},"actions":[{"type":"keyDown","value":"î€‡"},{"type":"pause","duration":10},{"type":"keyUp","value":"î€‡"}]}]}
RESULT: {"actions":[{"id":"action5","type":"key","parameters":{},"actions":[{"type":"keyDown","value":"î€‡"},{"type":"pause","duration":10},{"type":"keyUp","value":"î€‡"}]}]}
COMMAND: GET /session/93f43bcbd844a5d98eb964b157ec9441/screenshot - {}
RESULT: {}
COMMAND: POST /session/93f43bcbd844a5d98eb964b157ec9441/element/f.0C3632C05FD2F0739639ED0A0E4218C8.d.D4F1AC69F656D46A11A959A31CC16C2F.e.2855/clear - {}
RESULT: {}
COMMAND: POST /session/93f43bcbd844a5d98eb964b157ec9441/element/f.0C3632C05FD2F0739639ED0A0E4218C8.d.D4F1AC69F656D46A11A959A31CC16C2F.e.2855/clear - {}
COMMAND: GET /session/93f43bcbd844a5d98eb964b157ec9441/screenshot - {}
RESULT: {}
COMMAND: POST /session/93f43bcbd844a5d98eb964b157ec9441/element/f.0C3632C05FD2F0739639ED0A0E4218C8.d.D4F1AC69F656D46A11A959A31CC16C2F.e.2855/value - {"text":"WebdriverYardsvnzc"}
COMMAND: GET /session/93f43bcbd844a5d98eb964b157ec9441/screenshot - {}
RESULT: {}
RESULT: {"text":"WebdriverYardsvnzc"}
COMMAND: GET /session/93f43bcbd844a5d98eb964b157ec9441/screenshot - {}
COMMAND: POST /session/93f43bcbd844a5d98eb964b157ec9441/actions - {"actions":[{"id":"action6","type":"key","parameters":{},"actions":[{"type":"keyDown","value":"î€‡"},{"type":"pause","duration":10},{"type":"keyUp","value":"î€‡"}]}]}
RESULT: {}
RESULT: {}
RESULT: {"actions":[{"id":"action6","type":"key","parameters":{},"actions":[{"type":"keyDown","value":"î€‡"},{"type":"pause","duration":10},{"type":"keyUp","value":"î€‡"}]}]}
COMMAND: GET /session/93f43bcbd844a5d98eb964b157ec9441/screenshot - {}
RESULT: {}
COMMAND: GET /session/93f43bcbd844a5d98eb964b157ec9441/element/f.0C3632C05FD2F0739639ED0A0E4218C8.d.D4F1AC69F656D46A11A959A31CC16C2F.e.2849/property/value - {}
RESULT: {}
COMMAND: GET /session/93f43bcbd844a5d98eb964b157ec9441/screenshot - {}
RESULT: {}
COMMAND: POST /session/93f43bcbd844a5d98eb964b157ec9441/actions - {"actions":[{"id":"action7","type":"key","parameters":{},"actions":[{"type":"keyDown","value":"î€‡"},{"type":"pause","duration":10},{"type":"keyUp","value":"î€‡"}]}]}
RESULT: {"actions":[{"id":"action7","type":"key","parameters":{},"actions":[{"type":"keyDown","value":"î€‡"},{"type":"pause","duration":10},{"type":"keyUp","value":"î€‡"}]}]}
COMMAND: GET /session/93f43bcbd844a5d98eb964b157ec9441/screenshot - {}
RESULT: {}
COMMAND: POST /session/93f43bcbd844a5d98eb964b157ec9441/element - {"using":"xpath","value":"//input[contains(@id ,\"requestSiteId-inner\")]"}
RESULT: {"using":"xpath","value":"//input[contains(@id ,\"requestSiteId-inner\")]"}
COMMAND: POST /session/93f43bcbd844a5d98eb964b157ec9441/element/f.0C3632C05FD2F0739639ED0A0E4218C8.d.D4F1AC69F656D46A11A959A31CC16C2F.e.2848/value - {"text":"WebdriverSiteasz2v"}
RESULT: {"text":"WebdriverSiteasz2v"}
COMMAND: GET /session/93f43bcbd844a5d98eb964b157ec9441/screenshot - {}
RESULT: {}
COMMAND: POST /session/93f43bcbd844a5d98eb964b157ec9441/actions - {"actions":[{"id":"action8","type":"key","parameters":{},"actions":[{"type":"keyDown","value":"î€‡"},{"type":"pause","duration":10},{"type":"keyUp","value":"î€‡"}]}]}
RESULT: {"actions":[{"id":"action8","type":"key","parameters":{},"actions":[{"type":"keyDown","value":"î€‡"},{"type":"pause","duration":10},{"type":"keyUp","value":"î€‡"}]}]}
COMMAND: GET /session/93f43bcbd844a5d98eb964b157ec9441/screenshot - {}
RESULT: {}
COMMAND: POST /session/93f43bcbd844a5d98eb964b157ec9441/execute/async - {"script":"<script> [1562 bytes]","args":[{"selector":{"controlType":"sap.m.Input","viewName":"etm.portal.ui.managerequests.view.NewRequest","bindingPath":{"path":"","propertyPath":"/DESCRIPTION","modelName":"oNewRequestModel"},"interaction":{"idSuffix":"inner"}},"wdio_ui5_key":"etmportal.ui.managerequests.view.NewRequestsap.m.Input{\"path\":\"\",\"propertyPath\":\"/DESCRIPTION\",\"modelName\":\"oNewRequestModel\"}"}]}
RESULT: {"script":"<script> [1562 bytes]","args":[{"selector":{"controlType":"sap.m.Input","viewName":"etm.portal.ui.managerequests.view.NewRequest","bindingPath":{"path":"","propertyPath":"/DESCRIPTION","modelName":"oNewRequestModel"},"interaction":{"idSuffix":"inner"}},"wdio_ui5_key":"etmportal.ui.managerequests.view.NewRequestsap.m.Input{\"path\":\"\",\"propertyPath\":\"/DESCRIPTION\",\"modelName\":\"oNewRequestModel\"}"}]}
RESULT: undefined
COMMAND: POST /session/93f43bcbd844a5d98eb964b157ec9441/execute/async - {"script":"<script> [776 bytes]","args":[{"enterText":"Wdi5 Tags Test","selector":{"controlType":"sap.m.Input","viewName":"etm.portal.ui.managerequests.view.NewRequest","bindingPath":{"path":"","propertyPath":"/DESCRIPTION","modelName":"oNewRequestModel"},"interaction":{"idSuffix":"inner"}},"clearTextFirst":true,"interactionType":"ENTER_TEXT"}]}
RESULT: {"script":"<script> [776 bytes]","args":[{"enterText":"Wdi5 Tags Test","selector":{"controlType":"sap.m.Input","viewName":"etm.portal.ui.managerequests.view.NewRequest","bindingPath":{"path":"","propertyPath":"/DESCRIPTION","modelName":"oNewRequestModel"},"interaction":{"idSuffix":"inner"}},"clearTextFirst":true,"interactionType":"ENTER_TEXT"}]}
COMMAND: POST /session/93f43bcbd844a5d98eb964b157ec9441/execute/async - {"script":"<script> [1562 bytes]","args":[{"selector":{"id":"tagInputAdd","viewName":"etm.portal.ui.managerequests.view.NewRequest","interaction":{"idSuffix":"inner"}},"wdio_ui5_key":"tagInputAddetmportal.ui.managerequests.view.NewRequest"}]}
RESULT: {"script":"<script> [1562 bytes]","args":[{"selector":{"id":"tagInputAdd","viewName":"etm.portal.ui.managerequests.view.NewRequest","interaction":{"idSuffix":"inner"}},"wdio_ui5_key":"tagInputAddetmportal.ui.managerequests.view.NewRequest"}]}
RESULT: undefined
COMMAND: POST /session/93f43bcbd844a5d98eb964b157ec9441/execute/async - {"script":"<script> [776 bytes]","args":[{"enterText":"RefTag","selector":{"id":"tagInputAdd","viewName":"etm.portal.ui.managerequests.view.NewRequest","interaction":{"idSuffix":"inner"}},"clearTextFirst":true,"interactionType":"ENTER_TEXT"}]}
RESULT: {"script":"<script> [776 bytes]","args":[{"enterText":"RefTag","selector":{"id":"tagInputAdd","viewName":"etm.portal.ui.managerequests.view.NewRequest","interaction":{"idSuffix":"inner"}},"clearTextFirst":true,"interactionType":"ENTER_TEXT"}]}
COMMAND: POST /session/93f43bcbd844a5d98eb964b157ec9441/actions - {"actions":[{"id":"action9","type":"key","parameters":{},"actions":[{"type":"keyDown","value":"î€‡"},{"type":"pause","duration":10},{"type":"keyUp","value":"î€‡"}]}]}
RESULT: {"actions":[{"id":"action9","type":"key","parameters":{},"actions":[{"type":"keyDown","value":"î€‡"},{"type":"pause","duration":10},{"type":"keyUp","value":"î€‡"}]}]}
COMMAND: GET /session/93f43bcbd844a5d98eb964b157ec9441/screenshot - {}
RESULT: {}
RESULT: undefined
COMMAND: POST /session/93f43bcbd844a5d98eb964b157ec9441/execute/async - {"script":"<script> [776 bytes]","args":[{"enterText":"tag-header","selector":{"id":"tagInputAdd","viewName":"etm.portal.ui.managerequests.view.NewRequest","interaction":{"idSuffix":"inner"}},"clearTextFirst":true,"interactionType":"ENTER_TEXT"}]}
RESULT: {"script":"<script> [776 bytes]","args":[{"enterText":"tag-header","selector":{"id":"tagInputAdd","viewName":"etm.portal.ui.managerequests.view.NewRequest","interaction":{"idSuffix":"inner"}},"clearTextFirst":true,"interactionType":"ENTER_TEXT"}]}
COMMAND: POST /session/93f43bcbd844a5d98eb964b157ec9441/actions - {"actions":[{"id":"action10","type":"key","parameters":{},"actions":[{"type":"keyDown","value":"î€‡"},{"type":"pause","duration":10},{"type":"keyUp","value":"î€‡"}]}]}
RESULT: {"actions":[{"id":"action10","type":"key","parameters":{},"actions":[{"type":"keyDown","value":"î€‡"},{"type":"pause","duration":10},{"type":"keyUp","value":"î€‡"}]}]}
COMMAND: GET /session/93f43bcbd844a5d98eb964b157ec9441/screenshot - {}
RESULT: {}
RESULT: undefined
COMMAND: POST /session/93f43bcbd844a5d98eb964b157ec9441/execute/async - {"script":"<script> [776 bytes]","args":[{"enterText":"tag-duplicate","selector":{"id":"tagInputAdd","viewName":"etm.portal.ui.managerequests.view.NewRequest","interaction":{"idSuffix":"inner"}},"clearTextFirst":true,"interactionType":"ENTER_TEXT"}]}
RESULT: {"script":"<script> [776 bytes]","args":[{"enterText":"tag-duplicate","selector":{"id":"tagInputAdd","viewName":"etm.portal.ui.managerequests.view.NewRequest","interaction":{"idSuffix":"inner"}},"clearTextFirst":true,"interactionType":"ENTER_TEXT"}]}
COMMAND: POST /session/93f43bcbd844a5d98eb964b157ec9441/actions - {"actions":[{"id":"action11","type":"key","parameters":{},"actions":[{"type":"keyDown","value":"î€‡"},{"type":"pause","duration":10},{"type":"keyUp","value":"î€‡"}]}]}
RESULT: {"actions":[{"id":"action11","type":"key","parameters":{},"actions":[{"type":"keyDown","value":"î€‡"},{"type":"pause","duration":10},{"type":"keyUp","value":"î€‡"}]}]}
COMMAND: GET /session/93f43bcbd844a5d98eb964b157ec9441/screenshot - {}
RESULT: {}
COMMAND: POST /session/93f43bcbd844a5d98eb964b157ec9441/execute/async - {"script":"<script> [1562 bytes]","args":[{"selector":{"id":"tagsLayoutAdd","viewName":"etm.portal.ui.managerequests.view.NewRequest"},"wdio_ui5_key":"tagsLayoutAddetmportal.ui.managerequests.view.NewRequest"}]}
RESULT: {"script":"<script> [1562 bytes]","args":[{"selector":{"id":"tagsLayoutAdd","viewName":"etm.portal.ui.managerequests.view.NewRequest"},"wdio_ui5_key":"tagsLayoutAddetmportal.ui.managerequests.view.NewRequest"}]}
RESULT: undefined
COMMAND: POST /session/93f43bcbd844a5d98eb964b157ec9441/execute/async - {"script":"<script> [6424 bytes]","args":[{"element-6066-11e4-a52e-4f735466cecf":"f.0C3632C05FD2F0739639ED0A0E4218C8.d.D4F1AC69F656D46A11A959A31CC16C2F.e.2945"},"getTokens",[]]}
RESULT: {"script":"<script> [6424 bytes]","args":[{"element-6066-11e4-a52e-4f735466cecf":"f.0C3632C05FD2F0739639ED0A0E4218C8.d.D4F1AC69F656D46A11A959A31CC16C2F.e.2945"},"getTokens",[]]}
COMMAND: POST /session/93f43bcbd844a5d98eb964b157ec9441/execute/async - {"script":"<script> [1562 bytes]","args":[{"wdio_ui5_key":"__token9","selector":{"id":"__token9"}}]}
COMMAND: POST /session/93f43bcbd844a5d98eb964b157ec9441/execute/async - {"script":"<script> [1562 bytes]","args":[{"wdio_ui5_key":"__token10","selector":{"id":"__token10"}}]}
COMMAND: POST /session/93f43bcbd844a5d98eb964b157ec9441/execute/async - {"script":"<script> [1562 bytes]","args":[{"wdio_ui5_key":"__token8","selector":{"id":"__token8"}}]}
RESULT: {"script":"<script> [1562 bytes]","args":[{"wdio_ui5_key":"__token9","selector":{"id":"__token9"}}]}
RESULT: undefined
RESULT: {"script":"<script> [1562 bytes]","args":[{"wdio_ui5_key":"__token10","selector":{"id":"__token10"}}]}
RESULT: undefined
RESULT: {"script":"<script> [1562 bytes]","args":[{"wdio_ui5_key":"__token8","selector":{"id":"__token8"}}]}
RESULT: undefined
COMMAND: POST /session/93f43bcbd844a5d98eb964b157ec9441/execute/async - {"script":"<script> [1562 bytes]","args":[{"selector":{"controlType":"sap.ui.core.Icon","viewName":"etm.portal.ui.managerequests.view.NewRequest","properties":{"src":{"regex":{"source":"decline"}}},"ancestor":{"controlType":"sap.m.Token","viewName":"etm.portal.ui.managerequests.view.NewRequest","properties":{"text":"tag-duplicate"}}},"wdio_ui5_key":"etmportal.ui.managerequests.view.NewRequestsap.ui.core.Icon{\"src\":{\"regex\":{\"source\":\"decline\"}}}{\"controlType\":\"sap.m.Token\",\"viewName\":\"etm.portal.ui.managerequests.view.NewRequest\",\"properties\":{\"text\":\"tag-duplicate\"}}"}]}
RESULT: {"script":"<script> [1562 bytes]","args":[{"selector":{"controlType":"sap.ui.core.Icon","viewName":"etm.portal.ui.managerequests.view.NewRequest","properties":{"src":{"regex":{"source":"decline"}}},"ancestor":{"controlType":"sap.m.Token","viewName":"etm.portal.ui.managerequests.view.NewRequest","properties":{"text":"tag-duplicate"}}},"wdio_ui5_key":"etmportal.ui.managerequests.view.NewRequestsap.ui.core.Icon{\"src\":{\"regex\":{\"source\":\"decline\"}}}{\"controlType\":\"sap.m.Token\",\"viewName\":\"etm.portal.ui.managerequests.view.NewRequest\",\"properties\":{\"text\":\"tag-duplicate\"}}"}]}
RESULT: undefined
COMMAND: POST /session/93f43bcbd844a5d98eb964b157ec9441/element - {"using":"xpath","value":"//*[@id=\"__token10-icon\"]"}
RESULT: {"using":"xpath","value":"//*[@id=\"__token10-icon\"]"}
COMMAND: POST /session/93f43bcbd844a5d98eb964b157ec9441/element/f.0C3632C05FD2F0739639ED0A0E4218C8.d.D4F1AC69F656D46A11A959A31CC16C2F.e.2994/click - {}
RESULT: {}
COMMAND: POST /session/93f43bcbd844a5d98eb964b157ec9441/execute/async - {"script":"<script> [1562 bytes]","args":[{"selector":{"controlType":"sap.ui.core.Icon","viewName":"etm.portal.ui.managerequests.view.NewRequest","properties":{"src":{"regex":{"source":"decline"}}},"ancestor":{"controlType":"sap.m.Token","viewName":"etm.portal.ui.managerequests.view.NewRequest","properties":{"text":"tag1"}}},"wdio_ui5_key":"etmportal.ui.managerequests.view.NewRequestsap.ui.core.Icon{\"src\":{\"regex\":{\"source\":\"decline\"}}}{\"controlType\":\"sap.m.Token\",\"viewName\":\"etm.portal.ui.managerequests.view.NewRequest\",\"properties\":{\"text\":\"tag1\"}}"}]}
COMMAND: GET /session/93f43bcbd844a5d98eb964b157ec9441/screenshot - {}
RESULT: {"script":"<script> [1562 bytes]","args":[{"selector":{"controlType":"sap.ui.core.Icon","viewName":"etm.portal.ui.managerequests.view.NewRequest","properties":{"src":{"regex":{"source":"decline"}}},"ancestor":{"controlType":"sap.m.Token","viewName":"etm.portal.ui.managerequests.view.NewRequest","properties":{"text":"tag1"}}},"wdio_ui5_key":"etmportal.ui.managerequests.view.NewRequestsap.ui.core.Icon{\"src\":{\"regex\":{\"source\":\"decline\"}}}{\"controlType\":\"sap.m.Token\",\"viewName\":\"etm.portal.ui.managerequests.view.NewRequest\",\"properties\":{\"text\":\"tag1\"}}"}]}
RESULT: undefined
RESULT: {}
COMMAND: POST /session/93f43bcbd844a5d98eb964b157ec9441/actions - {"actions":[{"id":"action12","type":"key","parameters":{},"actions":[{"type":"keyDown","value":"î€Œ"},{"type":"pause","duration":10},{"type":"keyUp","value":"î€Œ"}]}]}
RESULT: {"actions":[{"id":"action12","type":"key","parameters":{},"actions":[{"type":"keyDown","value":"î€Œ"},{"type":"pause","duration":10},{"type":"keyUp","value":"î€Œ"}]}]}
COMMAND: GET /session/93f43bcbd844a5d98eb964b157ec9441/screenshot - {}
RESULT: {}
RESULT: undefined
COMMAND: POST /session/93f43bcbd844a5d98eb964b157ec9441/execute/async - {"script":"<script> [6424 bytes]","args":[{"element-6066-11e4-a52e-4f735466cecf":"f.0C3632C05FD2F0739639ED0A0E4218C8.d.D4F1AC69F656D46A11A959A31CC16C2F.e.2945"},"getTokens",[]]}
RESULT: {"script":"<script> [6424 bytes]","args":[{"element-6066-11e4-a52e-4f735466cecf":"f.0C3632C05FD2F0739639ED0A0E4218C8.d.D4F1AC69F656D46A11A959A31CC16C2F.e.2945"},"getTokens",[]]}
RESULT: undefined
RESULT: undefined
COMMAND: POST /session/93f43bcbd844a5d98eb964b157ec9441/execute/async - {"script":"<script> [1562 bytes]","args":[{"selector":{"controlType":"sap.m.Button","viewName":"etm.portal.ui.managerequests.view.NewRequest","properties":{"text":"Items"},"interaction":{"idSuffix":"BDI-content"}},"wdio_ui5_key":"etmportal.ui.managerequests.view.NewRequestsap.m.Button{\"text\":\"Items\"}"}]}
RESULT: {"script":"<script> [1562 bytes]","args":[{"selector":{"controlType":"sap.m.Button","viewName":"etm.portal.ui.managerequests.view.NewRequest","properties":{"text":"Items"},"interaction":{"idSuffix":"BDI-content"}},"wdio_ui5_key":"etmportal.ui.managerequests.view.NewRequestsap.m.Button{\"text\":\"Items\"}"}]}
RESULT: undefined
COMMAND: POST /session/93f43bcbd844a5d98eb964b157ec9441/element - {"using":"xpath","value":"//*[@id=\"__xmlview59--newRequestPage-anchBar-__xmlview59--requestItemsSection-anchor\"]"}
RESULT: {"using":"xpath","value":"//*[@id=\"__xmlview59--newRequestPage-anchBar-__xmlview59--requestItemsSection-anchor\"]"}
COMMAND: POST /session/93f43bcbd844a5d98eb964b157ec9441/element/f.0C3632C05FD2F0739639ED0A0E4218C8.d.D4F1AC69F656D46A11A959A31CC16C2F.e.3001/click - {}
RESULT: {}
COMMAND: GET /session/93f43bcbd844a5d98eb964b157ec9441/screenshot - {}
RESULT: {}
COMMAND: POST /session/93f43bcbd844a5d98eb964b157ec9441/execute/async - {"script":"<script> [1562 bytes]","args":[{"selector":{"controlType":"sap.ui.core.Icon","viewName":"etm.portal.ui.managerequests.view.NewRequest","properties":{"src":{"regex":{"source":"inspect"}}}},"wdio_ui5_key":"etmportal.ui.managerequests.view.NewRequestsap.ui.core.Icon{\"src\":{\"regex\":{\"source\":\"inspect\"}}}"}]}
RESULT: {"script":"<script> [1562 bytes]","args":[{"selector":{"controlType":"sap.ui.core.Icon","viewName":"etm.portal.ui.managerequests.view.NewRequest","properties":{"src":{"regex":{"source":"inspect"}}}},"wdio_ui5_key":"etmportal.ui.managerequests.view.NewRequestsap.ui.core.Icon{\"src\":{\"regex\":{\"source\":\"inspect\"}}}"}]}
RESULT: undefined
COMMAND: POST /session/93f43bcbd844a5d98eb964b157ec9441/element - {"using":"xpath","value":"//*[@id=\"__button114-img\"]"}
RESULT: {"using":"xpath","value":"//*[@id=\"__button114-img\"]"}
COMMAND: POST /session/93f43bcbd844a5d98eb964b157ec9441/element/f.0C3632C05FD2F0739639ED0A0E4218C8.d.D4F1AC69F656D46A11A959A31CC16C2F.e.3006/click - {}
RESULT: {}
COMMAND: GET /session/93f43bcbd844a5d98eb964b157ec9441/screenshot - {}
RESULT: {}
COMMAND: POST /session/93f43bcbd844a5d98eb964b157ec9441/execute/async - {"script":"<script> [1562 bytes]","args":[{"selector":{"controlType":"sap.ui.core.Icon","viewName":"etm.portal.ui.managerequests.view.NewRequest","properties":{"src":{"regex":{"source":"add"}}}},"wdio_ui5_key":"etmportal.ui.managerequests.view.NewRequestsap.ui.core.Icon{\"src\":{\"regex\":{\"source\":\"add\"}}}"}]}
RESULT: {"script":"<script> [1562 bytes]","args":[{"selector":{"controlType":"sap.ui.core.Icon","viewName":"etm.portal.ui.managerequests.view.NewRequest","properties":{"src":{"regex":{"source":"add"}}}},"wdio_ui5_key":"etmportal.ui.managerequests.view.NewRequestsap.ui.core.Icon{\"src\":{\"regex\":{\"source\":\"add\"}}}"}]}
RESULT: undefined
COMMAND: POST /session/93f43bcbd844a5d98eb964b157ec9441/element - {"using":"xpath","value":"//*[@id=\"__xmlview59--btnAddTableRow-img\"]"}
RESULT: {"using":"xpath","value":"//*[@id=\"__xmlview59--btnAddTableRow-img\"]"}
COMMAND: POST /session/93f43bcbd844a5d98eb964b157ec9441/element/f.0C3632C05FD2F0739639ED0A0E4218C8.d.D4F1AC69F656D46A11A959A31CC16C2F.e.2829/click - {}
RESULT: {}
COMMAND: GET /session/93f43bcbd844a5d98eb964b157ec9441/screenshot - {}
RESULT: {}
COMMAND: POST /session/93f43bcbd844a5d98eb964b157ec9441/execute/async - {"script":"<script> [1562 bytes]","args":[{"selector":{"controlType":"sap.ui.unified.MenuItem","viewName":"etm.portal.ui.managerequests.view.NewRequest","i18NText":{"propertyName":"text","key":"standardEntry"},"searchOpenDialogs":true,"interaction":{"idSuffix":"txt"}},"wdio_ui5_key":"etmportal.ui.managerequests.view.NewRequestsap.ui.unified.MenuItem{\"propertyName\":\"text\",\"key\":\"standardEntry\"}"}]}
RESULT: {"script":"<script> [1562 bytes]","args":[{"selector":{"controlType":"sap.ui.unified.MenuItem","viewName":"etm.portal.ui.managerequests.view.NewRequest","i18NText":{"propertyName":"text","key":"standardEntry"},"searchOpenDialogs":true,"interaction":{"idSuffix":"txt"}},"wdio_ui5_key":"etmportal.ui.managerequests.view.NewRequestsap.ui.unified.MenuItem{\"propertyName\":\"text\",\"key\":\"standardEntry\"}"}]}
RESULT: undefined
COMMAND: POST /session/93f43bcbd844a5d98eb964b157ec9441/element - {"using":"xpath","value":"//*[@id=\"__item1269\"]"}
RESULT: {"using":"xpath","value":"//*[@id=\"__item1269\"]"}
COMMAND: POST /session/93f43bcbd844a5d98eb964b157ec9441/element/f.0C3632C05FD2F0739639ED0A0E4218C8.d.D4F1AC69F656D46A11A959A31CC16C2F.e.3014/click - {}
RESULT: {}
COMMAND: GET /session/93f43bcbd844a5d98eb964b157ec9441/screenshot - {}
RESULT: {}
RESULT: undefined
COMMAND: POST /session/93f43bcbd844a5d98eb964b157ec9441/element - {"using":"xpath","value":"//*[@id=\"__xmlview59--btnAddTableRow-img\"]"}
RESULT: {"using":"xpath","value":"//*[@id=\"__xmlview59--btnAddTableRow-img\"]"}
COMMAND: POST /session/93f43bcbd844a5d98eb964b157ec9441/element/f.0C3632C05FD2F0739639ED0A0E4218C8.d.D4F1AC69F656D46A11A959A31CC16C2F.e.2829/click - {}
RESULT: {}
COMMAND: GET /session/93f43bcbd844a5d98eb964b157ec9441/screenshot - {}
RESULT: {}
RESULT: undefined
COMMAND: POST /session/93f43bcbd844a5d98eb964b157ec9441/element - {"using":"xpath","value":"//*[@id=\"__item1269\"]"}
RESULT: {"using":"xpath","value":"//*[@id=\"__item1269\"]"}
COMMAND: POST /session/93f43bcbd844a5d98eb964b157ec9441/element/f.0C3632C05FD2F0739639ED0A0E4218C8.d.D4F1AC69F656D46A11A959A31CC16C2F.e.3035/click - {}
RESULT: {}
COMMAND: GET /session/93f43bcbd844a5d98eb964b157ec9441/screenshot - {}
RESULT: {}
COMMAND: POST /session/93f43bcbd844a5d98eb964b157ec9441/element - {"using":"xpath","value":"(//input[contains(@id ,\"requestItemsTable-0-inner\")])[5]"}
RESULT: {"using":"xpath","value":"(//input[contains(@id ,\"requestItemsTable-0-inner\")])[5]"}
COMMAND: POST /session/93f43bcbd844a5d98eb964b157ec9441/element/f.0C3632C05FD2F0739639ED0A0E4218C8.d.D4F1AC69F656D46A11A959A31CC16C2F.e.3026/clear - {}
RESULT: {}
COMMAND: POST /session/93f43bcbd844a5d98eb964b157ec9441/element/f.0C3632C05FD2F0739639ED0A0E4218C8.d.D4F1AC69F656D46A11A959A31CC16C2F.e.3026/value - {"text":"1000001"}
COMMAND: GET /session/93f43bcbd844a5d98eb964b157ec9441/screenshot - {}
RESULT: {"text":"1000001"}
COMMAND: GET /session/93f43bcbd844a5d98eb964b157ec9441/screenshot - {}
RESULT: {}
RESULT: {}
COMMAND: POST /session/93f43bcbd844a5d98eb964b157ec9441/actions - {"actions":[{"id":"action13","type":"key","parameters":{},"actions":[{"type":"keyDown","value":"î€‡"},{"type":"pause","duration":10},{"type":"keyUp","value":"î€‡"}]}]}
RESULT: {"actions":[{"id":"action13","type":"key","parameters":{},"actions":[{"type":"keyDown","value":"î€‡"},{"type":"pause","duration":10},{"type":"keyUp","value":"î€‡"}]}]}
COMMAND: POST /session/93f43bcbd844a5d98eb964b157ec9441/element - {"using":"xpath","value":"(//input[contains(@id ,\"requestItemsTable-1-inner\")])[5]"}
COMMAND: GET /session/93f43bcbd844a5d98eb964b157ec9441/screenshot - {}
RESULT: {"using":"xpath","value":"(//input[contains(@id ,\"requestItemsTable-1-inner\")])[5]"}
COMMAND: POST /session/93f43bcbd844a5d98eb964b157ec9441/element/f.0C3632C05FD2F0739639ED0A0E4218C8.d.D4F1AC69F656D46A11A959A31CC16C2F.e.3041/clear - {}
RESULT: {}
RESULT: {}
COMMAND: POST /session/93f43bcbd844a5d98eb964b157ec9441/element/f.0C3632C05FD2F0739639ED0A0E4218C8.d.D4F1AC69F656D46A11A959A31CC16C2F.e.3041/value - {"text":"1000002"}
COMMAND: GET /session/93f43bcbd844a5d98eb964b157ec9441/screenshot - {}
RESULT: {"text":"1000002"}
COMMAND: GET /session/93f43bcbd844a5d98eb964b157ec9441/screenshot - {}
RESULT: {}
RESULT: {}
COMMAND: POST /session/93f43bcbd844a5d98eb964b157ec9441/actions - {"actions":[{"id":"action14","type":"key","parameters":{},"actions":[{"type":"keyDown","value":"î€‡"},{"type":"pause","duration":10},{"type":"keyUp","value":"î€‡"}]}]}
RESULT: {"actions":[{"id":"action14","type":"key","parameters":{},"actions":[{"type":"keyDown","value":"î€‡"},{"type":"pause","duration":10},{"type":"keyUp","value":"î€‡"}]}]}
COMMAND: POST /session/93f43bcbd844a5d98eb964b157ec9441/execute/async - {"script":"<script> [1562 bytes]","args":[{"selector":{"controlType":"sap.m.Input","viewName":"etm.portal.ui.managerequests.view.NewRequest","bindingPath":{"path":"","propertyPath":"/Tags","modelName":"catalogModel"},"ancestor":{"controlType":"sap.m.ColumnListItem","viewName":"etm.portal.ui.managerequests.view.NewRequest","bindingPath":{"modelName":"newRequestItems","path":"/RequestItems/0"},"ancestor":{"id":"requestItemsTable","viewName":"etm.portal.ui.managerequests.view.NewRequest"}},"interaction":{"idSuffix":"inner"}},"wdio_ui5_key":"etmportal.ui.managerequests.view.NewRequestsap.m.Input{\"path\":\"\",\"propertyPath\":\"/Tags\",\"modelName\":\"catalogModel\"}{\"controlType\":\"sap.m.ColumnListItem\",\"viewName\":\"etm.portal.ui.managerequests.view.NewRequest\",\"bindingPath\":{\"modelName\":\"newRequestItems\",\"path\":\"/RequestItems/0\"},\"ancestor\":{\"id\":\"requestItemsTable\",\"viewName\":\"etm.portal.ui.managerequests.view.NewRequest\"}}"}]}
COMMAND: GET /session/93f43bcbd844a5d98eb964b157ec9441/screenshot - {}
RESULT: {"script":"<script> [1562 bytes]","args":[{"selector":{"controlType":"sap.m.Input","viewName":"etm.portal.ui.managerequests.view.NewRequest","bindingPath":{"path":"","propertyPath":"/Tags","modelName":"catalogModel"},"ancestor":{"controlType":"sap.m.ColumnListItem","viewName":"etm.portal.ui.managerequests.view.NewRequest","bindingPath":{"modelName":"newRequestItems","path":"/RequestItems/0"},"ancestor":{"id":"requestItemsTable","viewName":"etm.portal.ui.managerequests.view.NewRequest"}},"interaction":{"idSuffix":"inner"}},"wdio_ui5_key":"etmportal.ui.managerequests.view.NewRequestsap.m.Input{\"path\":\"\",\"propertyPath\":\"/Tags\",\"modelName\":\"catalogModel\"}{\"controlType\":\"sap.m.ColumnListItem\",\"viewName\":\"etm.portal.ui.managerequests.view.NewRequest\",\"bindingPath\":{\"modelName\":\"newRequestItems\",\"path\":\"/RequestItems/0\"},\"ancestor\":{\"id\":\"requestItemsTable\",\"viewName\":\"etm.portal.ui.managerequests.view.NewRequest\"}}"}]}
RESULT: undefined
COMMAND: POST /session/93f43bcbd844a5d98eb964b157ec9441/execute/async - {"script":"<script> [776 bytes]","args":[{"enterText":"tag1","selector":{"controlType":"sap.m.Input","viewName":"etm.portal.ui.managerequests.view.NewRequest","bindingPath":{"path":"","propertyPath":"/Tags","modelName":"catalogModel"},"ancestor":{"controlType":"sap.m.ColumnListItem","viewName":"etm.portal.ui.managerequests.view.NewRequest","bindingPath":{"modelName":"newRequestItems","path":"/RequestItems/0"},"ancestor":{"id":"requestItemsTable","viewName":"etm.portal.ui.managerequests.view.NewRequest"}},"interaction":{"idSuffix":"inner"}},"clearTextFirst":true,"interactionType":"ENTER_TEXT"}]}
RESULT: {}
RESULT: {"script":"<script> [776 bytes]","args":[{"enterText":"tag1","selector":{"controlType":"sap.m.Input","viewName":"etm.portal.ui.managerequests.view.NewRequest","bindingPath":{"path":"","propertyPath":"/Tags","modelName":"catalogModel"},"ancestor":{"controlType":"sap.m.ColumnListItem","viewName":"etm.portal.ui.managerequests.view.NewRequest","bindingPath":{"modelName":"newRequestItems","path":"/RequestItems/0"},"ancestor":{"id":"requestItemsTable","viewName":"etm.portal.ui.managerequests.view.NewRequest"}},"interaction":{"idSuffix":"inner"}},"clearTextFirst":true,"interactionType":"ENTER_TEXT"}]}
COMMAND: POST /session/93f43bcbd844a5d98eb964b157ec9441/actions - {"actions":[{"id":"action15","type":"key","parameters":{},"actions":[{"type":"keyDown","value":"î€‡"},{"type":"pause","duration":10},{"type":"keyUp","value":"î€‡"}]}]}
RESULT: {"actions":[{"id":"action15","type":"key","parameters":{},"actions":[{"type":"keyDown","value":"î€‡"},{"type":"pause","duration":10},{"type":"keyUp","value":"î€‡"}]}]}
RESULT: undefined
COMMAND: POST /session/93f43bcbd844a5d98eb964b157ec9441/execute/async - {"script":"<script> [776 bytes]","args":[{"enterText":"tag-duplicate","selector":{"controlType":"sap.m.Input","viewName":"etm.portal.ui.managerequests.view.NewRequest","bindingPath":{"path":"","propertyPath":"/Tags","modelName":"catalogModel"},"ancestor":{"controlType":"sap.m.ColumnListItem","viewName":"etm.portal.ui.managerequests.view.NewRequest","bindingPath":{"modelName":"newRequestItems","path":"/RequestItems/0"},"ancestor":{"id":"requestItemsTable","viewName":"etm.portal.ui.managerequests.view.NewRequest"}},"interaction":{"idSuffix":"inner"}},"clearTextFirst":true,"interactionType":"ENTER_TEXT"}]}
COMMAND: GET /session/93f43bcbd844a5d98eb964b157ec9441/screenshot - {}
RESULT: {"script":"<script> [776 bytes]","args":[{"enterText":"tag-duplicate","selector":{"controlType":"sap.m.Input","viewName":"etm.portal.ui.managerequests.view.NewRequest","bindingPath":{"path":"","propertyPath":"/Tags","modelName":"catalogModel"},"ancestor":{"controlType":"sap.m.ColumnListItem","viewName":"etm.portal.ui.managerequests.view.NewRequest","bindingPath":{"modelName":"newRequestItems","path":"/RequestItems/0"},"ancestor":{"id":"requestItemsTable","viewName":"etm.portal.ui.managerequests.view.NewRequest"}},"interaction":{"idSuffix":"inner"}},"clearTextFirst":true,"interactionType":"ENTER_TEXT"}]}
RESULT: {}
COMMAND: POST /session/93f43bcbd844a5d98eb964b157ec9441/actions - {"actions":[{"id":"action16","type":"key","parameters":{},"actions":[{"type":"keyDown","value":"î€‡"},{"type":"pause","duration":10},{"type":"keyUp","value":"î€‡"}]}]}
RESULT: {"actions":[{"id":"action16","type":"key","parameters":{},"actions":[{"type":"keyDown","value":"î€‡"},{"type":"pause","duration":10},{"type":"keyUp","value":"î€‡"}]}]}
COMMAND: GET /session/93f43bcbd844a5d98eb964b157ec9441/screenshot - {}
RESULT: {}
COMMAND: POST /session/93f43bcbd844a5d98eb964b157ec9441/execute/async - {"script":"<script> [1562 bytes]","args":[{"selector":{"controlType":"sap.m.Input","viewName":"etm.portal.ui.managerequests.view.NewRequest","bindingPath":{"path":"","propertyPath":"/Tags","modelName":"catalogModel"},"ancestor":{"controlType":"sap.m.ColumnListItem","viewName":"etm.portal.ui.managerequests.view.NewRequest","bindingPath":{"modelName":"newRequestItems","path":"/RequestItems/1"},"ancestor":{"id":"requestItemsTable","viewName":"etm.portal.ui.managerequests.view.NewRequest"}},"interaction":{"idSuffix":"inner"}},"wdio_ui5_key":"etmportal.ui.managerequests.view.NewRequestsap.m.Input{\"path\":\"\",\"propertyPath\":\"/Tags\",\"modelName\":\"catalogModel\"}{\"controlType\":\"sap.m.ColumnListItem\",\"viewName\":\"etm.portal.ui.managerequests.view.NewRequest\",\"bindingPath\":{\"modelName\":\"newRequestItems\",\"path\":\"/RequestItems/1\"},\"ancestor\":{\"id\":\"requestItemsTable\",\"viewName\":\"etm.portal.ui.managerequests.view.NewRequest\"}}"}]}
RESULT: {"script":"<script> [1562 bytes]","args":[{"selector":{"controlType":"sap.m.Input","viewName":"etm.portal.ui.managerequests.view.NewRequest","bindingPath":{"path":"","propertyPath":"/Tags","modelName":"catalogModel"},"ancestor":{"controlType":"sap.m.ColumnListItem","viewName":"etm.portal.ui.managerequests.view.NewRequest","bindingPath":{"modelName":"newRequestItems","path":"/RequestItems/1"},"ancestor":{"id":"requestItemsTable","viewName":"etm.portal.ui.managerequests.view.NewRequest"}},"interaction":{"idSuffix":"inner"}},"wdio_ui5_key":"etmportal.ui.managerequests.view.NewRequestsap.m.Input{\"path\":\"\",\"propertyPath\":\"/Tags\",\"modelName\":\"catalogModel\"}{\"controlType\":\"sap.m.ColumnListItem\",\"viewName\":\"etm.portal.ui.managerequests.view.NewRequest\",\"bindingPath\":{\"modelName\":\"newRequestItems\",\"path\":\"/RequestItems/1\"},\"ancestor\":{\"id\":\"requestItemsTable\",\"viewName\":\"etm.portal.ui.managerequests.view.NewRequest\"}}"}]}
RESULT: undefined
COMMAND: POST /session/93f43bcbd844a5d98eb964b157ec9441/execute/async - {"script":"<script> [776 bytes]","args":[{"enterText":"tag1","selector":{"controlType":"sap.m.Input","viewName":"etm.portal.ui.managerequests.view.NewRequest","bindingPath":{"path":"","propertyPath":"/Tags","modelName":"catalogModel"},"ancestor":{"controlType":"sap.m.ColumnListItem","viewName":"etm.portal.ui.managerequests.view.NewRequest","bindingPath":{"modelName":"newRequestItems","path":"/RequestItems/1"},"ancestor":{"id":"requestItemsTable","viewName":"etm.portal.ui.managerequests.view.NewRequest"}},"interaction":{"idSuffix":"inner"}},"clearTextFirst":true,"interactionType":"ENTER_TEXT"}]}
RESULT: {"script":"<script> [776 bytes]","args":[{"enterText":"tag1","selector":{"controlType":"sap.m.Input","viewName":"etm.portal.ui.managerequests.view.NewRequest","bindingPath":{"path":"","propertyPath":"/Tags","modelName":"catalogModel"},"ancestor":{"controlType":"sap.m.ColumnListItem","viewName":"etm.portal.ui.managerequests.view.NewRequest","bindingPath":{"modelName":"newRequestItems","path":"/RequestItems/1"},"ancestor":{"id":"requestItemsTable","viewName":"etm.portal.ui.managerequests.view.NewRequest"}},"interaction":{"idSuffix":"inner"}},"clearTextFirst":true,"interactionType":"ENTER_TEXT"}]}
COMMAND: POST /session/93f43bcbd844a5d98eb964b157ec9441/actions - {"actions":[{"id":"action17","type":"key","parameters":{},"actions":[{"type":"keyDown","value":"î€‡"},{"type":"pause","duration":10},{"type":"keyUp","value":"î€‡"}]}]}
RESULT: {"actions":[{"id":"action17","type":"key","parameters":{},"actions":[{"type":"keyDown","value":"î€‡"},{"type":"pause","duration":10},{"type":"keyUp","value":"î€‡"}]}]}
RESULT: undefined
COMMAND: POST /session/93f43bcbd844a5d98eb964b157ec9441/execute/async - {"script":"<script> [776 bytes]","args":[{"enterText":"tag-duplicate","selector":{"controlType":"sap.m.Input","viewName":"etm.portal.ui.managerequests.view.NewRequest","bindingPath":{"path":"","propertyPath":"/Tags","modelName":"catalogModel"},"ancestor":{"controlType":"sap.m.ColumnListItem","viewName":"etm.portal.ui.managerequests.view.NewRequest","bindingPath":{"modelName":"newRequestItems","path":"/RequestItems/1"},"ancestor":{"id":"requestItemsTable","viewName":"etm.portal.ui.managerequests.view.NewRequest"}},"interaction":{"idSuffix":"inner"}},"clearTextFirst":true,"interactionType":"ENTER_TEXT"}]}
COMMAND: GET /session/93f43bcbd844a5d98eb964b157ec9441/screenshot - {}
RESULT: {"script":"<script> [776 bytes]","args":[{"enterText":"tag-duplicate","selector":{"controlType":"sap.m.Input","viewName":"etm.portal.ui.managerequests.view.NewRequest","bindingPath":{"path":"","propertyPath":"/Tags","modelName":"catalogModel"},"ancestor":{"controlType":"sap.m.ColumnListItem","viewName":"etm.portal.ui.managerequests.view.NewRequest","bindingPath":{"modelName":"newRequestItems","path":"/RequestItems/1"},"ancestor":{"id":"requestItemsTable","viewName":"etm.portal.ui.managerequests.view.NewRequest"}},"interaction":{"idSuffix":"inner"}},"clearTextFirst":true,"interactionType":"ENTER_TEXT"}]}
RESULT: {}
COMMAND: POST /session/93f43bcbd844a5d98eb964b157ec9441/actions - {"actions":[{"id":"action18","type":"key","parameters":{},"actions":[{"type":"keyDown","value":"î€‡"},{"type":"pause","duration":10},{"type":"keyUp","value":"î€‡"}]}]}
RESULT: {"actions":[{"id":"action18","type":"key","parameters":{},"actions":[{"type":"keyDown","value":"î€‡"},{"type":"pause","duration":10},{"type":"keyUp","value":"î€‡"}]}]}
COMMAND: GET /session/93f43bcbd844a5d98eb964b157ec9441/screenshot - {}
RESULT: {}
COMMAND: POST /session/93f43bcbd844a5d98eb964b157ec9441/execute/async - {"script":"<script> [1562 bytes]","args":[{"selector":{"controlType":"sap.ui.core.Icon","viewName":"etm.portal.ui.managerequests.view.NewRequest","properties":{"src":{"regex":{"source":"slim\\-arrow\\-down"}}},"ancestor":{"controlType":"sap.m.Button","viewName":"etm.portal.ui.managerequests.view.NewRequest","properties":{"icon":"sap-icon://slim-arrow-down"}}},"wdio_ui5_key":"etmportal.ui.managerequests.view.NewRequestsap.ui.core.Icon{\"src\":{\"regex\":{\"source\":\"slim\\\\-arrow\\\\-down\"}}}{\"controlType\":\"sap.m.Button\",\"viewName\":\"etm.portal.ui.managerequests.view.NewRequest\",\"properties\":{\"icon\":\"sap-icon://slim-arrow-down\"}}"}]}
RESULT: {"script":"<script> [1562 bytes]","args":[{"selector":{"controlType":"sap.ui.core.Icon","viewName":"etm.portal.ui.managerequests.view.NewRequest","properties":{"src":{"regex":{"source":"slim\\-arrow\\-down"}}},"ancestor":{"controlType":"sap.m.Button","viewName":"etm.portal.ui.managerequests.view.NewRequest","properties":{"icon":"sap-icon://slim-arrow-down"}}},"wdio_ui5_key":"etmportal.ui.managerequests.view.NewRequestsap.ui.core.Icon{\"src\":{\"regex\":{\"source\":\"slim\\\\-arrow\\\\-down\"}}}{\"controlType\":\"sap.m.Button\",\"viewName\":\"etm.portal.ui.managerequests.view.NewRequest\",\"properties\":{\"icon\":\"sap-icon://slim-arrow-down\"}}"}]}
RESULT: undefined
COMMAND: POST /session/93f43bcbd844a5d98eb964b157ec9441/element - {"using":"xpath","value":"//*[@id=\"__title25-expandBtn-img\"]"}
RESULT: {"using":"xpath","value":"//*[@id=\"__title25-expandBtn-img\"]"}
COMMAND: POST /session/93f43bcbd844a5d98eb964b157ec9441/element/f.0C3632C05FD2F0739639ED0A0E4218C8.d.D4F1AC69F656D46A11A959A31CC16C2F.e.3086/click - {}
RESULT: {}
COMMAND: GET /session/93f43bcbd844a5d98eb964b157ec9441/screenshot - {}
RESULT: {}
COMMAND: POST /session/93f43bcbd844a5d98eb964b157ec9441/element - {"using":"xpath","value":"//div[contains(@data-kt ,\"splitAllocationObjectStatus\")]"}
RESULT: {"using":"xpath","value":"//div[contains(@data-kt ,\"splitAllocationObjectStatus\")]"}
COMMAND: POST /session/93f43bcbd844a5d98eb964b157ec9441/elements - {"using":"xpath","value":"//div[contains(@data-kt ,\"splitAllocationObjectStatus\")]"}
RESULT: {"using":"xpath","value":"//div[contains(@data-kt ,\"splitAllocationObjectStatus\")]"}
COMMAND: POST /session/93f43bcbd844a5d98eb964b157ec9441/execute/async - {"script":"<script> [1562 bytes]","args":[{"selector":{"controlType":"sap.ui.core.Icon","viewName":"etm.portal.ui.managerequests.view.NewRequest","properties":{"src":{"regex":{"source":"message\\-error"}}},"ancestor":{"controlType":"sap.m.ColumnListItem","viewName":"etm.portal.ui.managerequests.view.NewRequest","bindingPath":{"modelName":"newRequestItems","path":"/RequestItems/0"},"ancestor":{"id":"requestItemsTable","viewName":"etm.portal.ui.managerequests.view.NewRequest"}}},"wdio_ui5_key":"etmportal.ui.managerequests.view.NewRequestsap.ui.core.Icon{\"src\":{\"regex\":{\"source\":\"message\\\\-error\"}}}{\"controlType\":\"sap.m.ColumnListItem\",\"viewName\":\"etm.portal.ui.managerequests.view.NewRequest\",\"bindingPath\":{\"modelName\":\"newRequestItems\",\"path\":\"/RequestItems/0\"},\"ancestor\":{\"id\":\"requestItemsTable\",\"viewName\":\"etm.portal.ui.managerequests.view.NewRequest\"}}"}]}
RESULT: {"script":"<script> [1562 bytes]","args":[{"selector":{"controlType":"sap.ui.core.Icon","viewName":"etm.portal.ui.managerequests.view.NewRequest","properties":{"src":{"regex":{"source":"message\\-error"}}},"ancestor":{"controlType":"sap.m.ColumnListItem","viewName":"etm.portal.ui.managerequests.view.NewRequest","bindingPath":{"modelName":"newRequestItems","path":"/RequestItems/0"},"ancestor":{"id":"requestItemsTable","viewName":"etm.portal.ui.managerequests.view.NewRequest"}}},"wdio_ui5_key":"etmportal.ui.managerequests.view.NewRequestsap.ui.core.Icon{\"src\":{\"regex\":{\"source\":\"message\\\\-error\"}}}{\"controlType\":\"sap.m.ColumnListItem\",\"viewName\":\"etm.portal.ui.managerequests.view.NewRequest\",\"bindingPath\":{\"modelName\":\"newRequestItems\",\"path\":\"/RequestItems/0\"},\"ancestor\":{\"id\":\"requestItemsTable\",\"viewName\":\"etm.portal.ui.managerequests.view.NewRequest\"}}"}]}
RESULT: undefined
COMMAND: POST /session/93f43bcbd844a5d98eb964b157ec9441/element - {"using":"xpath","value":"//*[@id=\"__status6-__xmlview59--requestItemsTable-0-icon\"]"}
RESULT: {"using":"xpath","value":"//*[@id=\"__status6-__xmlview59--requestItemsTable-0-icon\"]"}
COMMAND: POST /session/93f43bcbd844a5d98eb964b157ec9441/element/f.0C3632C05FD2F0739639ED0A0E4218C8.d.D4F1AC69F656D46A11A959A31CC16C2F.e.3067/click - {}
RESULT: {}
COMMAND: GET /session/93f43bcbd844a5d98eb964b157ec9441/screenshot - {}
RESULT: {}
COMMAND: POST /session/93f43bcbd844a5d98eb964b157ec9441/execute/async - {"script":"<script> [1562 bytes]","args":[{"selector":{"id":"costObjectAdminTypeComboBox","viewName":"etm.portal.ui.managerequests.view.NewRequest","searchOpenDialogs":true,"interaction":{"idSuffix":"inner"}},"wdio_ui5_key":"costObjectAdminTypeComboBoxetmportal.ui.managerequests.view.NewRequest"}]}
RESULT: {"script":"<script> [1562 bytes]","args":[{"selector":{"id":"costObjectAdminTypeComboBox","viewName":"etm.portal.ui.managerequests.view.NewRequest","searchOpenDialogs":true,"interaction":{"idSuffix":"inner"}},"wdio_ui5_key":"costObjectAdminTypeComboBoxetmportal.ui.managerequests.view.NewRequest"}]}
RESULT: undefined
COMMAND: POST /session/93f43bcbd844a5d98eb964b157ec9441/execute/async - {"script":"<script> [776 bytes]","args":[{"enterText":"Cost Center","selector":{"id":"costObjectAdminTypeComboBox","viewName":"etm.portal.ui.managerequests.view.NewRequest","searchOpenDialogs":true,"interaction":{"idSuffix":"inner"}},"clearTextFirst":true,"interactionType":"ENTER_TEXT"}]}
RESULT: {"script":"<script> [776 bytes]","args":[{"enterText":"Cost Center","selector":{"id":"costObjectAdminTypeComboBox","viewName":"etm.portal.ui.managerequests.view.NewRequest","searchOpenDialogs":true,"interaction":{"idSuffix":"inner"}},"clearTextFirst":true,"interactionType":"ENTER_TEXT"}]}
COMMAND: POST /session/93f43bcbd844a5d98eb964b157ec9441/actions - {"actions":[{"id":"action19","type":"key","parameters":{},"actions":[{"type":"keyDown","value":"î€‡"},{"type":"pause","duration":10},{"type":"keyUp","value":"î€‡"}]}]}
RESULT: {"actions":[{"id":"action19","type":"key","parameters":{},"actions":[{"type":"keyDown","value":"î€‡"},{"type":"pause","duration":10},{"type":"keyUp","value":"î€‡"}]}]}
COMMAND: GET /session/93f43bcbd844a5d98eb964b157ec9441/screenshot - {}
RESULT: {}
COMMAND: POST /session/93f43bcbd844a5d98eb964b157ec9441/execute/async - {"script":"<script> [1562 bytes]","args":[{"selector":{"id":"costObjectIdComboBox","viewName":"etm.portal.ui.managerequests.view.NewRequest","searchOpenDialogs":true,"interaction":{"idSuffix":"inner"}},"wdio_ui5_key":"costObjectIdComboBoxetmportal.ui.managerequests.view.NewRequest"}]}
RESULT: {"script":"<script> [1562 bytes]","args":[{"selector":{"id":"costObjectIdComboBox","viewName":"etm.portal.ui.managerequests.view.NewRequest","searchOpenDialogs":true,"interaction":{"idSuffix":"inner"}},"wdio_ui5_key":"costObjectIdComboBoxetmportal.ui.managerequests.view.NewRequest"}]}
RESULT: undefined
COMMAND: POST /session/93f43bcbd844a5d98eb964b157ec9441/execute/async - {"script":"<script> [776 bytes]","args":[{"enterText":"1001 - 1001","selector":{"id":"costObjectIdComboBox","viewName":"etm.portal.ui.managerequests.view.NewRequest","searchOpenDialogs":true,"interaction":{"idSuffix":"inner"}},"clearTextFirst":true,"interactionType":"ENTER_TEXT"}]}
RESULT: {"script":"<script> [776 bytes]","args":[{"enterText":"1001 - 1001","selector":{"id":"costObjectIdComboBox","viewName":"etm.portal.ui.managerequests.view.NewRequest","searchOpenDialogs":true,"interaction":{"idSuffix":"inner"}},"clearTextFirst":true,"interactionType":"ENTER_TEXT"}]}
COMMAND: POST /session/93f43bcbd844a5d98eb964b157ec9441/actions - {"actions":[{"id":"action20","type":"key","parameters":{},"actions":[{"type":"keyDown","value":"î€‡"},{"type":"pause","duration":10},{"type":"keyUp","value":"î€‡"}]}]}
RESULT: {"actions":[{"id":"action20","type":"key","parameters":{},"actions":[{"type":"keyDown","value":"î€‡"},{"type":"pause","duration":10},{"type":"keyUp","value":"î€‡"}]}]}
COMMAND: GET /session/93f43bcbd844a5d98eb964b157ec9441/screenshot - {}
RESULT: {}
COMMAND: POST /session/93f43bcbd844a5d98eb964b157ec9441/element - {"using":"xpath","value":"(//bdi[(text() = 'Save' or . = 'Save')])[1]"}
RESULT: {"using":"xpath","value":"(//bdi[(text() = 'Save' or . = 'Save')])[1]"}
COMMAND: POST /session/93f43bcbd844a5d98eb964b157ec9441/element/f.0C3632C05FD2F0739639ED0A0E4218C8.d.D4F1AC69F656D46A11A959A31CC16C2F.e.3107/click - {}
RESULT: {}
COMMAND: POST /session/93f43bcbd844a5d98eb964b157ec9441/execute/async - {"script":"<script> [1562 bytes]","args":[{"selector":{"controlType":"sap.ui.core.Icon","viewName":"etm.portal.ui.managerequests.view.NewRequest","properties":{"src":{"regex":{"source":"message\\-error"}}},"ancestor":{"controlType":"sap.m.ColumnListItem","viewName":"etm.portal.ui.managerequests.view.NewRequest","bindingPath":{"modelName":"newRequestItems","path":"/RequestItems/1"},"ancestor":{"id":"requestItemsTable","viewName":"etm.portal.ui.managerequests.view.NewRequest"}}},"wdio_ui5_key":"etmportal.ui.managerequests.view.NewRequestsap.ui.core.Icon{\"src\":{\"regex\":{\"source\":\"message\\\\-error\"}}}{\"controlType\":\"sap.m.ColumnListItem\",\"viewName\":\"etm.portal.ui.managerequests.view.NewRequest\",\"bindingPath\":{\"modelName\":\"newRequestItems\",\"path\":\"/RequestItems/1\"},\"ancestor\":{\"id\":\"requestItemsTable\",\"viewName\":\"etm.portal.ui.managerequests.view.NewRequest\"}}"}]}
COMMAND: GET /session/93f43bcbd844a5d98eb964b157ec9441/screenshot - {}
RESULT: {}
RESULT: {"script":"<script> [1562 bytes]","args":[{"selector":{"controlType":"sap.ui.core.Icon","viewName":"etm.portal.ui.managerequests.view.NewRequest","properties":{"src":{"regex":{"source":"message\\-error"}}},"ancestor":{"controlType":"sap.m.ColumnListItem","viewName":"etm.portal.ui.managerequests.view.NewRequest","bindingPath":{"modelName":"newRequestItems","path":"/RequestItems/1"},"ancestor":{"id":"requestItemsTable","viewName":"etm.portal.ui.managerequests.view.NewRequest"}}},"wdio_ui5_key":"etmportal.ui.managerequests.view.NewRequestsap.ui.core.Icon{\"src\":{\"regex\":{\"source\":\"message\\\\-error\"}}}{\"controlType\":\"sap.m.ColumnListItem\",\"viewName\":\"etm.portal.ui.managerequests.view.NewRequest\",\"bindingPath\":{\"modelName\":\"newRequestItems\",\"path\":\"/RequestItems/1\"},\"ancestor\":{\"id\":\"requestItemsTable\",\"viewName\":\"etm.portal.ui.managerequests.view.NewRequest\"}}"}]}
RESULT: undefined
COMMAND: POST /session/93f43bcbd844a5d98eb964b157ec9441/element - {"using":"xpath","value":"//*[@id=\"__status6-__xmlview59--requestItemsTable-1-icon\"]"}
RESULT: {"using":"xpath","value":"//*[@id=\"__status6-__xmlview59--requestItemsTable-1-icon\"]"}
COMMAND: POST /session/93f43bcbd844a5d98eb964b157ec9441/element/f.0C3632C05FD2F0739639ED0A0E4218C8.d.D4F1AC69F656D46A11A959A31CC16C2F.e.3084/click - {}
RESULT: {}
COMMAND: GET /session/93f43bcbd844a5d98eb964b157ec9441/screenshot - {}
RESULT: {}
RESULT: undefined
COMMAND: POST /session/93f43bcbd844a5d98eb964b157ec9441/execute/async - {"script":"<script> [776 bytes]","args":[{"enterText":"Cost Center","selector":{"id":"costObjectAdminTypeComboBox","viewName":"etm.portal.ui.managerequests.view.NewRequest","searchOpenDialogs":true,"interaction":{"idSuffix":"inner"}},"clearTextFirst":true,"interactionType":"ENTER_TEXT"}]}
RESULT: {"script":"<script> [776 bytes]","args":[{"enterText":"Cost Center","selector":{"id":"costObjectAdminTypeComboBox","viewName":"etm.portal.ui.managerequests.view.NewRequest","searchOpenDialogs":true,"interaction":{"idSuffix":"inner"}},"clearTextFirst":true,"interactionType":"ENTER_TEXT"}]}
COMMAND: POST /session/93f43bcbd844a5d98eb964b157ec9441/actions - {"actions":[{"id":"action21","type":"key","parameters":{},"actions":[{"type":"keyDown","value":"î€‡"},{"type":"pause","duration":10},{"type":"keyUp","value":"î€‡"}]}]}
RESULT: {"actions":[{"id":"action21","type":"key","parameters":{},"actions":[{"type":"keyDown","value":"î€‡"},{"type":"pause","duration":10},{"type":"keyUp","value":"î€‡"}]}]}
COMMAND: GET /session/93f43bcbd844a5d98eb964b157ec9441/screenshot - {}
RESULT: {}
RESULT: undefined
COMMAND: POST /session/93f43bcbd844a5d98eb964b157ec9441/execute/async - {"script":"<script> [776 bytes]","args":[{"enterText":"1001 - 1001","selector":{"id":"costObjectIdComboBox","viewName":"etm.portal.ui.managerequests.view.NewRequest","searchOpenDialogs":true,"interaction":{"idSuffix":"inner"}},"clearTextFirst":true,"interactionType":"ENTER_TEXT"}]}
RESULT: {"script":"<script> [776 bytes]","args":[{"enterText":"1001 - 1001","selector":{"id":"costObjectIdComboBox","viewName":"etm.portal.ui.managerequests.view.NewRequest","searchOpenDialogs":true,"interaction":{"idSuffix":"inner"}},"clearTextFirst":true,"interactionType":"ENTER_TEXT"}]}
COMMAND: POST /session/93f43bcbd844a5d98eb964b157ec9441/actions - {"actions":[{"id":"action22","type":"key","parameters":{},"actions":[{"type":"keyDown","value":"î€‡"},{"type":"pause","duration":10},{"type":"keyUp","value":"î€‡"}]}]}
RESULT: {"actions":[{"id":"action22","type":"key","parameters":{},"actions":[{"type":"keyDown","value":"î€‡"},{"type":"pause","duration":10},{"type":"keyUp","value":"î€‡"}]}]}
COMMAND: GET /session/93f43bcbd844a5d98eb964b157ec9441/screenshot - {}
RESULT: {}
COMMAND: POST /session/93f43bcbd844a5d98eb964b157ec9441/element - {"using":"xpath","value":"(//bdi[(text() = 'Save' or . = 'Save')])[1]"}
RESULT: {"using":"xpath","value":"(//bdi[(text() = 'Save' or . = 'Save')])[1]"}
COMMAND: POST /session/93f43bcbd844a5d98eb964b157ec9441/element/f.0C3632C05FD2F0739639ED0A0E4218C8.d.D4F1AC69F656D46A11A959A31CC16C2F.e.3121/click - {}
RESULT: {}
COMMAND: POST /session/93f43bcbd844a5d98eb964b157ec9441/execute/async - {"script":"<script> [1562 bytes]","args":[{"selector":{"controlType":"sap.ui.core.Icon","viewName":"etm.portal.ui.managerequests.view.NewRequest","properties":{"src":{"regex":{"source":"decline"}}},"ancestor":{"controlType":"sap.m.Token","viewName":"etm.portal.ui.managerequests.view.NewRequest","bindingPath":{"path":"/RequestItems/0/TOKENS/0","propertyPath":"TAG","modelName":"newRequestItems"}}},"wdio_ui5_key":"etmportal.ui.managerequests.view.NewRequestsap.ui.core.Icon{\"src\":{\"regex\":{\"source\":\"decline\"}}}{\"controlType\":\"sap.m.Token\",\"viewName\":\"etm.portal.ui.managerequests.view.NewRequest\",\"bindingPath\":{\"path\":\"/RequestItems/0/TOKENS/0\",\"propertyPath\":\"TAG\",\"modelName\":\"newRequestItems\"}}"}]}
COMMAND: GET /session/93f43bcbd844a5d98eb964b157ec9441/screenshot - {}
RESULT: {"script":"<script> [1562 bytes]","args":[{"selector":{"controlType":"sap.ui.core.Icon","viewName":"etm.portal.ui.managerequests.view.NewRequest","properties":{"src":{"regex":{"source":"decline"}}},"ancestor":{"controlType":"sap.m.Token","viewName":"etm.portal.ui.managerequests.view.NewRequest","bindingPath":{"path":"/RequestItems/0/TOKENS/0","propertyPath":"TAG","modelName":"newRequestItems"}}},"wdio_ui5_key":"etmportal.ui.managerequests.view.NewRequestsap.ui.core.Icon{\"src\":{\"regex\":{\"source\":\"decline\"}}}{\"controlType\":\"sap.m.Token\",\"viewName\":\"etm.portal.ui.managerequests.view.NewRequest\",\"bindingPath\":{\"path\":\"/RequestItems/0/TOKENS/0\",\"propertyPath\":\"TAG\",\"modelName\":\"newRequestItems\"}}"}]}
RESULT: undefined
COMMAND: POST /session/93f43bcbd844a5d98eb964b157ec9441/element - {"using":"xpath","value":"//*[@id=\"__token7-__tokenizer62-__xmlview59--requestItemsTable-0-0-icon\"]"}
RESULT: {}
RESULT: {"using":"xpath","value":"//*[@id=\"__token7-__tokenizer62-__xmlview59--requestItemsTable-0-0-icon\"]"}
COMMAND: POST /session/93f43bcbd844a5d98eb964b157ec9441/element/f.0C3632C05FD2F0739639ED0A0E4218C8.d.D4F1AC69F656D46A11A959A31CC16C2F.e.3123/click - {}
RESULT: {}
COMMAND: GET /session/93f43bcbd844a5d98eb964b157ec9441/screenshot - {}
RESULT: {}
COMMAND: POST /session/93f43bcbd844a5d98eb964b157ec9441/actions - {"actions":[{"id":"action23","type":"key","parameters":{},"actions":[{"type":"keyDown","value":"î€Œ"},{"type":"pause","duration":10},{"type":"keyUp","value":"î€Œ"}]}]}
RESULT: {"actions":[{"id":"action23","type":"key","parameters":{},"actions":[{"type":"keyDown","value":"î€Œ"},{"type":"pause","duration":10},{"type":"keyUp","value":"î€Œ"}]}]}
COMMAND: GET /session/93f43bcbd844a5d98eb964b157ec9441/screenshot - {}
RESULT: {}
COMMAND: POST /session/93f43bcbd844a5d98eb964b157ec9441/execute/async - {"script":"<script> [1562 bytes]","args":[{"selector":{"controlType":"sap.m.Tokenizer","viewName":"etm.portal.ui.managerequests.view.NewRequest","bindingPath":{"path":"/RequestItems/0","propertyPath":"TOKENS","modelName":"newRequestItems"}},"wdio_ui5_key":"etmportal.ui.managerequests.view.NewRequestsap.m.Tokenizer{\"path\":\"/RequestItems/0\",\"propertyPath\":\"TOKENS\",\"modelName\":\"newRequestItems\"}"}]}
RESULT: {"script":"<script> [1562 bytes]","args":[{"selector":{"controlType":"sap.m.Tokenizer","viewName":"etm.portal.ui.managerequests.view.NewRequest","bindingPath":{"path":"/RequestItems/0","propertyPath":"TOKENS","modelName":"newRequestItems"}},"wdio_ui5_key":"etmportal.ui.managerequests.view.NewRequestsap.m.Tokenizer{\"path\":\"/RequestItems/0\",\"propertyPath\":\"TOKENS\",\"modelName\":\"newRequestItems\"}"}]}
RESULT: undefined
COMMAND: POST /session/93f43bcbd844a5d98eb964b157ec9441/execute/async - {"script":"<script> [6424 bytes]","args":[{"element-6066-11e4-a52e-4f735466cecf":"f.0C3632C05FD2F0739639ED0A0E4218C8.d.D4F1AC69F656D46A11A959A31CC16C2F.e.3129"},"getTokens",[]]}
RESULT: {"script":"<script> [6424 bytes]","args":[{"element-6066-11e4-a52e-4f735466cecf":"f.0C3632C05FD2F0739639ED0A0E4218C8.d.D4F1AC69F656D46A11A959A31CC16C2F.e.3129"},"getTokens",[]]}
COMMAND: POST /session/93f43bcbd844a5d98eb964b157ec9441/execute/async - {"script":"<script> [1562 bytes]","args":[{"wdio_ui5_key":"__token7-__tokenizer62-__xmlview59--requestItemsTable-0-0","selector":{"id":"__token7-__tokenizer62-__xmlview59--requestItemsTable-0-0"}}]}
RESULT: {"script":"<script> [1562 bytes]","args":[{"wdio_ui5_key":"__token7-__tokenizer62-__xmlview59--requestItemsTable-0-0","selector":{"id":"__token7-__tokenizer62-__xmlview59--requestItemsTable-0-0"}}]}
RESULT: undefined
RESULT: undefined
COMMAND: POST /session/93f43bcbd844a5d98eb964b157ec9441/execute/async - {"script":"<script> [776 bytes]","args":[{"enterText":"tagRequest1","selector":{"controlType":"sap.m.Input","viewName":"etm.portal.ui.managerequests.view.NewRequest","bindingPath":{"path":"","propertyPath":"/Tags","modelName":"catalogModel"},"ancestor":{"controlType":"sap.m.ColumnListItem","viewName":"etm.portal.ui.managerequests.view.NewRequest","bindingPath":{"modelName":"newRequestItems","path":"/RequestItems/0"},"ancestor":{"id":"requestItemsTable","viewName":"etm.portal.ui.managerequests.view.NewRequest"}},"interaction":{"idSuffix":"inner"}},"clearTextFirst":true,"interactionType":"ENTER_TEXT"}]}
RESULT: {"script":"<script> [776 bytes]","args":[{"enterText":"tagRequest1","selector":{"controlType":"sap.m.Input","viewName":"etm.portal.ui.managerequests.view.NewRequest","bindingPath":{"path":"","propertyPath":"/Tags","modelName":"catalogModel"},"ancestor":{"controlType":"sap.m.ColumnListItem","viewName":"etm.portal.ui.managerequests.view.NewRequest","bindingPath":{"modelName":"newRequestItems","path":"/RequestItems/0"},"ancestor":{"id":"requestItemsTable","viewName":"etm.portal.ui.managerequests.view.NewRequest"}},"interaction":{"idSuffix":"inner"}},"clearTextFirst":true,"interactionType":"ENTER_TEXT"}]}
COMMAND: POST /session/93f43bcbd844a5d98eb964b157ec9441/actions - {"actions":[{"id":"action24","type":"key","parameters":{},"actions":[{"type":"keyDown","value":"î€‡"},{"type":"pause","duration":10},{"type":"keyUp","value":"î€‡"}]}]}
RESULT: {"actions":[{"id":"action24","type":"key","parameters":{},"actions":[{"type":"keyDown","value":"î€‡"},{"type":"pause","duration":10},{"type":"keyUp","value":"î€‡"}]}]}
COMMAND: GET /session/93f43bcbd844a5d98eb964b157ec9441/screenshot - {}
RESULT: {}
RESULT: undefined
COMMAND: POST /session/93f43bcbd844a5d98eb964b157ec9441/execute/async - {"script":"<script> [6424 bytes]","args":[{"element-6066-11e4-a52e-4f735466cecf":"f.0C3632C05FD2F0739639ED0A0E4218C8.d.D4F1AC69F656D46A11A959A31CC16C2F.e.3129"},"getTokens",[]]}
RESULT: {"script":"<script> [6424 bytes]","args":[{"element-6066-11e4-a52e-4f735466cecf":"f.0C3632C05FD2F0739639ED0A0E4218C8.d.D4F1AC69F656D46A11A959A31CC16C2F.e.3129"},"getTokens",[]]}
COMMAND: POST /session/93f43bcbd844a5d98eb964b157ec9441/execute/async - {"script":"<script> [1562 bytes]","args":[{"wdio_ui5_key":"__token7-__tokenizer62-__xmlview59--requestItemsTable-0-1","selector":{"id":"__token7-__tokenizer62-__xmlview59--requestItemsTable-0-1"}}]}
RESULT: undefined
RESULT: {"script":"<script> [1562 bytes]","args":[{"wdio_ui5_key":"__token7-__tokenizer62-__xmlview59--requestItemsTable-0-1","selector":{"id":"__token7-__tokenizer62-__xmlview59--requestItemsTable-0-1"}}]}
RESULT: undefined
COMMAND: POST /session/93f43bcbd844a5d98eb964b157ec9441/execute/async - {"script":"<script> [1562 bytes]","args":[{"selector":{"controlType":"sap.ui.core.Icon","viewName":"etm.portal.ui.managerequests.view.NewRequest","properties":{"src":{"regex":{"source":"decline"}}},"ancestor":{"controlType":"sap.m.Token","viewName":"etm.portal.ui.managerequests.view.NewRequest","bindingPath":{"path":"/RequestItems/1/TOKENS/0","propertyPath":"TAG","modelName":"newRequestItems"}}},"wdio_ui5_key":"etmportal.ui.managerequests.view.NewRequestsap.ui.core.Icon{\"src\":{\"regex\":{\"source\":\"decline\"}}}{\"controlType\":\"sap.m.Token\",\"viewName\":\"etm.portal.ui.managerequests.view.NewRequest\",\"bindingPath\":{\"path\":\"/RequestItems/1/TOKENS/0\",\"propertyPath\":\"TAG\",\"modelName\":\"newRequestItems\"}}"}]}
RESULT: {"script":"<script> [1562 bytes]","args":[{"selector":{"controlType":"sap.ui.core.Icon","viewName":"etm.portal.ui.managerequests.view.NewRequest","properties":{"src":{"regex":{"source":"decline"}}},"ancestor":{"controlType":"sap.m.Token","viewName":"etm.portal.ui.managerequests.view.NewRequest","bindingPath":{"path":"/RequestItems/1/TOKENS/0","propertyPath":"TAG","modelName":"newRequestItems"}}},"wdio_ui5_key":"etmportal.ui.managerequests.view.NewRequestsap.ui.core.Icon{\"src\":{\"regex\":{\"source\":\"decline\"}}}{\"controlType\":\"sap.m.Token\",\"viewName\":\"etm.portal.ui.managerequests.view.NewRequest\",\"bindingPath\":{\"path\":\"/RequestItems/1/TOKENS/0\",\"propertyPath\":\"TAG\",\"modelName\":\"newRequestItems\"}}"}]}
RESULT: undefined
COMMAND: POST /session/93f43bcbd844a5d98eb964b157ec9441/element - {"using":"xpath","value":"//*[@id=\"__token7-__tokenizer62-__xmlview59--requestItemsTable-1-0-icon\"]"}
RESULT: {"using":"xpath","value":"//*[@id=\"__token7-__tokenizer62-__xmlview59--requestItemsTable-1-0-icon\"]"}
COMMAND: POST /session/93f43bcbd844a5d98eb964b157ec9441/element/f.0C3632C05FD2F0739639ED0A0E4218C8.d.D4F1AC69F656D46A11A959A31CC16C2F.e.3131/click - {}
RESULT: {}
COMMAND: GET /session/93f43bcbd844a5d98eb964b157ec9441/screenshot - {}
COMMAND: POST /session/93f43bcbd844a5d98eb964b157ec9441/actions - {"actions":[{"id":"action25","type":"key","parameters":{},"actions":[{"type":"keyDown","value":"î€Œ"},{"type":"pause","duration":10},{"type":"keyUp","value":"î€Œ"}]}]}
RESULT: {}
RESULT: {"actions":[{"id":"action25","type":"key","parameters":{},"actions":[{"type":"keyDown","value":"î€Œ"},{"type":"pause","duration":10},{"type":"keyUp","value":"î€Œ"}]}]}
COMMAND: GET /session/93f43bcbd844a5d98eb964b157ec9441/screenshot - {}
RESULT: {}
COMMAND: POST /session/93f43bcbd844a5d98eb964b157ec9441/execute/async - {"script":"<script> [1562 bytes]","args":[{"selector":{"controlType":"sap.m.Tokenizer","viewName":"etm.portal.ui.managerequests.view.NewRequest","bindingPath":{"path":"/RequestItems/1","propertyPath":"TOKENS","modelName":"newRequestItems"}},"wdio_ui5_key":"etmportal.ui.managerequests.view.NewRequestsap.m.Tokenizer{\"path\":\"/RequestItems/1\",\"propertyPath\":\"TOKENS\",\"modelName\":\"newRequestItems\"}"}]}
RESULT: {"script":"<script> [1562 bytes]","args":[{"selector":{"controlType":"sap.m.Tokenizer","viewName":"etm.portal.ui.managerequests.view.NewRequest","bindingPath":{"path":"/RequestItems/1","propertyPath":"TOKENS","modelName":"newRequestItems"}},"wdio_ui5_key":"etmportal.ui.managerequests.view.NewRequestsap.m.Tokenizer{\"path\":\"/RequestItems/1\",\"propertyPath\":\"TOKENS\",\"modelName\":\"newRequestItems\"}"}]}
RESULT: undefined
COMMAND: POST /session/93f43bcbd844a5d98eb964b157ec9441/execute/async - {"script":"<script> [6424 bytes]","args":[{"element-6066-11e4-a52e-4f735466cecf":"f.0C3632C05FD2F0739639ED0A0E4218C8.d.D4F1AC69F656D46A11A959A31CC16C2F.e.3137"},"getTokens",[]]}
RESULT: {"script":"<script> [6424 bytes]","args":[{"element-6066-11e4-a52e-4f735466cecf":"f.0C3632C05FD2F0739639ED0A0E4218C8.d.D4F1AC69F656D46A11A959A31CC16C2F.e.3137"},"getTokens",[]]}
COMMAND: POST /session/93f43bcbd844a5d98eb964b157ec9441/execute/async - {"script":"<script> [1562 bytes]","args":[{"wdio_ui5_key":"__token7-__tokenizer62-__xmlview59--requestItemsTable-1-0","selector":{"id":"__token7-__tokenizer62-__xmlview59--requestItemsTable-1-0"}}]}
RESULT: {"script":"<script> [1562 bytes]","args":[{"wdio_ui5_key":"__token7-__tokenizer62-__xmlview59--requestItemsTable-1-0","selector":{"id":"__token7-__tokenizer62-__xmlview59--requestItemsTable-1-0"}}]}
RESULT: undefined
RESULT: undefined
COMMAND: POST /session/93f43bcbd844a5d98eb964b157ec9441/execute/async - {"script":"<script> [776 bytes]","args":[{"enterText":"tagRequest1","selector":{"controlType":"sap.m.Input","viewName":"etm.portal.ui.managerequests.view.NewRequest","bindingPath":{"path":"","propertyPath":"/Tags","modelName":"catalogModel"},"ancestor":{"controlType":"sap.m.ColumnListItem","viewName":"etm.portal.ui.managerequests.view.NewRequest","bindingPath":{"modelName":"newRequestItems","path":"/RequestItems/1"},"ancestor":{"id":"requestItemsTable","viewName":"etm.portal.ui.managerequests.view.NewRequest"}},"interaction":{"idSuffix":"inner"}},"clearTextFirst":true,"interactionType":"ENTER_TEXT"}]}
RESULT: {"script":"<script> [776 bytes]","args":[{"enterText":"tagRequest1","selector":{"controlType":"sap.m.Input","viewName":"etm.portal.ui.managerequests.view.NewRequest","bindingPath":{"path":"","propertyPath":"/Tags","modelName":"catalogModel"},"ancestor":{"controlType":"sap.m.ColumnListItem","viewName":"etm.portal.ui.managerequests.view.NewRequest","bindingPath":{"modelName":"newRequestItems","path":"/RequestItems/1"},"ancestor":{"id":"requestItemsTable","viewName":"etm.portal.ui.managerequests.view.NewRequest"}},"interaction":{"idSuffix":"inner"}},"clearTextFirst":true,"interactionType":"ENTER_TEXT"}]}
COMMAND: POST /session/93f43bcbd844a5d98eb964b157ec9441/actions - {"actions":[{"id":"action26","type":"key","parameters":{},"actions":[{"type":"keyDown","value":"î€‡"},{"type":"pause","duration":10},{"type":"keyUp","value":"î€‡"}]}]}
RESULT: {"actions":[{"id":"action26","type":"key","parameters":{},"actions":[{"type":"keyDown","value":"î€‡"},{"type":"pause","duration":10},{"type":"keyUp","value":"î€‡"}]}]}
COMMAND: GET /session/93f43bcbd844a5d98eb964b157ec9441/screenshot - {}
RESULT: {}
RESULT: undefined
COMMAND: POST /session/93f43bcbd844a5d98eb964b157ec9441/execute/async - {"script":"<script> [6424 bytes]","args":[{"element-6066-11e4-a52e-4f735466cecf":"f.0C3632C05FD2F0739639ED0A0E4218C8.d.D4F1AC69F656D46A11A959A31CC16C2F.e.3137"},"getTokens",[]]}
RESULT: {"script":"<script> [6424 bytes]","args":[{"element-6066-11e4-a52e-4f735466cecf":"f.0C3632C05FD2F0739639ED0A0E4218C8.d.D4F1AC69F656D46A11A959A31CC16C2F.e.3137"},"getTokens",[]]}
COMMAND: POST /session/93f43bcbd844a5d98eb964b157ec9441/execute/async - {"script":"<script> [1562 bytes]","args":[{"wdio_ui5_key":"__token7-__tokenizer62-__xmlview59--requestItemsTable-1-1","selector":{"id":"__token7-__tokenizer62-__xmlview59--requestItemsTable-1-1"}}]}
RESULT: undefined
RESULT: {"script":"<script> [1562 bytes]","args":[{"wdio_ui5_key":"__token7-__tokenizer62-__xmlview59--requestItemsTable-1-1","selector":{"id":"__token7-__tokenizer62-__xmlview59--requestItemsTable-1-1"}}]}
RESULT: undefined
COMMAND: POST /session/93f43bcbd844a5d98eb964b157ec9441/execute/async - {"script":"<script> [1562 bytes]","args":[{"selector":{"controlType":"sap.m.Button","viewName":"etm.portal.ui.managerequests.view.NewRequest","properties":{"text":"Save"},"i18NText":{"propertyName":"tooltip","key":"save"},"interaction":{"idSuffix":"BDI-content"}},"wdio_ui5_key":"etmportal.ui.managerequests.view.NewRequestsap.m.Button{\"propertyName\":\"tooltip\",\"key\":\"save\"}{\"text\":\"Save\"}"}]}
RESULT: {"script":"<script> [1562 bytes]","args":[{"selector":{"controlType":"sap.m.Button","viewName":"etm.portal.ui.managerequests.view.NewRequest","properties":{"text":"Save"},"i18NText":{"propertyName":"tooltip","key":"save"},"interaction":{"idSuffix":"BDI-content"}},"wdio_ui5_key":"etmportal.ui.managerequests.view.NewRequestsap.m.Button{\"propertyName\":\"tooltip\",\"key\":\"save\"}{\"text\":\"Save\"}"}]}
RESULT: undefined
COMMAND: POST /session/93f43bcbd844a5d98eb964b157ec9441/element - {"using":"xpath","value":"//*[@id=\"__button117\"]"}
RESULT: {"using":"xpath","value":"//*[@id=\"__button117\"]"}
COMMAND: POST /session/93f43bcbd844a5d98eb964b157ec9441/element/f.0C3632C05FD2F0739639ED0A0E4218C8.d.D4F1AC69F656D46A11A959A31CC16C2F.e.2915/click - {}
RESULT: {}
COMMAND: GET /session/93f43bcbd844a5d98eb964b157ec9441/screenshot - {}
RESULT: {}
COMMAND: POST /session/93f43bcbd844a5d98eb964b157ec9441/element - {"using":"xpath","value":"//bdi[contains(@id ,\"BDI-content\")][contains(text(), \"Close\")]"}
RESULT: {"using":"xpath","value":"//bdi[contains(@id ,\"BDI-content\")][contains(text(), \"Close\")]"}
COMMAND: POST /session/93f43bcbd844a5d98eb964b157ec9441/element/f.0C3632C05FD2F0739639ED0A0E4218C8.d.D4F1AC69F656D46A11A959A31CC16C2F.e.3146/click - {}
RESULT: {}
COMMAND: GET /session/93f43bcbd844a5d98eb964b157ec9441/screenshot - {}
]]></system-out>
    </testcase>
    <testcase classname="chrome.135_0_7049_96.windows.Manage_Requests_Tags_Tests_US120163" name="Should Edit Request Tags" time="107.561">
      <system-out><![CDATA[
COMMAND: POST /session/93f43bcbd844a5d98eb964b157ec9441/execute/async - {"script":"<script> [1562 bytes]","args":[{"selector":{"controlType":"sap.ui.core.Icon","viewName":"etm.portal.ui.managerequests.view.Detail","properties":{"src":{"regex":{"source":"overflow"}}}},"wdio_ui5_key":"etmportal.ui.managerequests.view.Detailsap.ui.core.Icon{\"src\":{\"regex\":{\"source\":\"overflow\"}}}"}]}
RESULT: {}
RESULT: {"script":"<script> [1562 bytes]","args":[{"selector":{"controlType":"sap.ui.core.Icon","viewName":"etm.portal.ui.managerequests.view.Detail","properties":{"src":{"regex":{"source":"overflow"}}}},"wdio_ui5_key":"etmportal.ui.managerequests.view.Detailsap.ui.core.Icon{\"src\":{\"regex\":{\"source\":\"overflow\"}}}"}]}
RESULT: undefined
COMMAND: POST /session/93f43bcbd844a5d98eb964b157ec9441/element - {"using":"xpath","value":"//*[@id=\"__xmlview60--detailHeaderTitle-_actionsToolbar-overflowButton-img\"]"}
RESULT: {"using":"xpath","value":"//*[@id=\"__xmlview60--detailHeaderTitle-_actionsToolbar-overflowButton-img\"]"}
COMMAND: POST /session/93f43bcbd844a5d98eb964b157ec9441/element/f.0C3632C05FD2F0739639ED0A0E4218C8.d.D4F1AC69F656D46A11A959A31CC16C2F.e.3268/click - {}
RESULT: {}
COMMAND: GET /session/93f43bcbd844a5d98eb964b157ec9441/screenshot - {}
RESULT: {}
COMMAND: POST /session/93f43bcbd844a5d98eb964b157ec9441/execute/async - {"script":"<script> [1562 bytes]","args":[{"selector":{"controlType":"sap.uxap.ObjectPageHeaderActionButton","viewName":"etm.portal.ui.managerequests.view.Detail","i18NText":{"propertyName":"text","key":"edit"},"searchOpenDialogs":true,"interaction":{"idSuffix":"inner"}},"wdio_ui5_key":"etmportal.ui.managerequests.view.Detailsap.uxap.ObjectPageHeaderActionButton{\"propertyName\":\"text\",\"key\":\"edit\"}"}]}
RESULT: {"script":"<script> [1562 bytes]","args":[{"selector":{"controlType":"sap.uxap.ObjectPageHeaderActionButton","viewName":"etm.portal.ui.managerequests.view.Detail","i18NText":{"propertyName":"text","key":"edit"},"searchOpenDialogs":true,"interaction":{"idSuffix":"inner"}},"wdio_ui5_key":"etmportal.ui.managerequests.view.Detailsap.uxap.ObjectPageHeaderActionButton{\"propertyName\":\"text\",\"key\":\"edit\"}"}]}
RESULT: undefined
COMMAND: POST /session/93f43bcbd844a5d98eb964b157ec9441/element - {"using":"xpath","value":"//*[@id=\"__button138\"]"}
RESULT: {"using":"xpath","value":"//*[@id=\"__button138\"]"}
COMMAND: POST /session/93f43bcbd844a5d98eb964b157ec9441/element/f.0C3632C05FD2F0739639ED0A0E4218C8.d.D4F1AC69F656D46A11A959A31CC16C2F.e.3272/click - {}
RESULT: {}
COMMAND: GET /session/93f43bcbd844a5d98eb964b157ec9441/screenshot - {}
COMMAND: POST /session/93f43bcbd844a5d98eb964b157ec9441/execute/async - {"script":"<script> [1562 bytes]","args":[{"selector":{"controlType":"sap.ui.core.Icon","viewName":"etm.portal.ui.managerequests.view.Edit","properties":{"src":{"regex":{"source":"decline"}}},"ancestor":{"controlType":"sap.m.Token","viewName":"etm.portal.ui.managerequests.view.Edit","bindingPath":{"propertyPath":"TAG","modelName":"catalogModel"},"properties":{"text":"RefTag"}}},"wdio_ui5_key":"etmportal.ui.managerequests.view.Editsap.ui.core.Icon{\"src\":{\"regex\":{\"source\":\"decline\"}}}{\"controlType\":\"sap.m.Token\",\"viewName\":\"etm.portal.ui.managerequests.view.Edit\",\"bindingPath\":{\"propertyPath\":\"TAG\",\"modelName\":\"catalogModel\"},\"properties\":{\"text\":\"RefTag\"}}"}]}
RESULT: {}
RESULT: {"script":"<script> [1562 bytes]","args":[{"selector":{"controlType":"sap.ui.core.Icon","viewName":"etm.portal.ui.managerequests.view.Edit","properties":{"src":{"regex":{"source":"decline"}}},"ancestor":{"controlType":"sap.m.Token","viewName":"etm.portal.ui.managerequests.view.Edit","bindingPath":{"propertyPath":"TAG","modelName":"catalogModel"},"properties":{"text":"RefTag"}}},"wdio_ui5_key":"etmportal.ui.managerequests.view.Editsap.ui.core.Icon{\"src\":{\"regex\":{\"source\":\"decline\"}}}{\"controlType\":\"sap.m.Token\",\"viewName\":\"etm.portal.ui.managerequests.view.Edit\",\"bindingPath\":{\"propertyPath\":\"TAG\",\"modelName\":\"catalogModel\"},\"properties\":{\"text\":\"RefTag\"}}"}]}
RESULT: undefined
COMMAND: POST /session/93f43bcbd844a5d98eb964b157ec9441/element - {"using":"xpath","value":"//*[@id=\"__token13-__tokenizer64-0-icon\"]"}
RESULT: {"using":"xpath","value":"//*[@id=\"__token13-__tokenizer64-0-icon\"]"}
COMMAND: POST /session/93f43bcbd844a5d98eb964b157ec9441/element/f.0C3632C05FD2F0739639ED0A0E4218C8.d.D4F1AC69F656D46A11A959A31CC16C2F.e.3389/click - {}
RESULT: {}
COMMAND: POST /session/93f43bcbd844a5d98eb964b157ec9441/execute/async - {"script":"<script> [1562 bytes]","args":[{"selector":{"id":"tagMultiInputRequests","viewName":"etm.portal.ui.managerequests.view.Edit","interaction":{"idSuffix":"inner"}},"wdio_ui5_key":"tagMultiInputRequestsetmportal.ui.managerequests.view.Edit"}]}
COMMAND: GET /session/93f43bcbd844a5d98eb964b157ec9441/screenshot - {}
RESULT: {"script":"<script> [1562 bytes]","args":[{"selector":{"id":"tagMultiInputRequests","viewName":"etm.portal.ui.managerequests.view.Edit","interaction":{"idSuffix":"inner"}},"wdio_ui5_key":"tagMultiInputRequestsetmportal.ui.managerequests.view.Edit"}]}
RESULT: undefined
COMMAND: POST /session/93f43bcbd844a5d98eb964b157ec9441/execute/async - {"script":"<script> [6424 bytes]","args":[{"element-6066-11e4-a52e-4f735466cecf":"f.0C3632C05FD2F0739639ED0A0E4218C8.d.D4F1AC69F656D46A11A959A31CC16C2F.e.3306"},"getTokens",[]]}
RESULT: {}
RESULT: {"script":"<script> [6424 bytes]","args":[{"element-6066-11e4-a52e-4f735466cecf":"f.0C3632C05FD2F0739639ED0A0E4218C8.d.D4F1AC69F656D46A11A959A31CC16C2F.e.3306"},"getTokens",[]]}
COMMAND: POST /session/93f43bcbd844a5d98eb964b157ec9441/execute/async - {"script":"<script> [1562 bytes]","args":[{"wdio_ui5_key":"__token13-__tokenizer64-1","selector":{"id":"__token13-__tokenizer64-1"}}]}
RESULT: {"script":"<script> [1562 bytes]","args":[{"wdio_ui5_key":"__token13-__tokenizer64-1","selector":{"id":"__token13-__tokenizer64-1"}}]}
RESULT: undefined
RESULT: undefined
COMMAND: POST /session/93f43bcbd844a5d98eb964b157ec9441/execute/async - {"script":"<script> [776 bytes]","args":[{"enterText":"RefTag","selector":{"id":"tagMultiInputRequests","viewName":"etm.portal.ui.managerequests.view.Edit","interaction":{"idSuffix":"inner"}},"clearTextFirst":true,"interactionType":"ENTER_TEXT"}]}
RESULT: {"script":"<script> [776 bytes]","args":[{"enterText":"RefTag","selector":{"id":"tagMultiInputRequests","viewName":"etm.portal.ui.managerequests.view.Edit","interaction":{"idSuffix":"inner"}},"clearTextFirst":true,"interactionType":"ENTER_TEXT"}]}
COMMAND: POST /session/93f43bcbd844a5d98eb964b157ec9441/actions - {"actions":[{"id":"action27","type":"key","parameters":{},"actions":[{"type":"keyDown","value":"î€‡"},{"type":"pause","duration":10},{"type":"keyUp","value":"î€‡"}]}]}
RESULT: {"actions":[{"id":"action27","type":"key","parameters":{},"actions":[{"type":"keyDown","value":"î€‡"},{"type":"pause","duration":10},{"type":"keyUp","value":"î€‡"}]}]}
COMMAND: GET /session/93f43bcbd844a5d98eb964b157ec9441/screenshot - {}
RESULT: {}
RESULT: undefined
COMMAND: POST /session/93f43bcbd844a5d98eb964b157ec9441/execute/async - {"script":"<script> [6424 bytes]","args":[{"element-6066-11e4-a52e-4f735466cecf":"f.0C3632C05FD2F0739639ED0A0E4218C8.d.D4F1AC69F656D46A11A959A31CC16C2F.e.3306"},"getTokens",[]]}
RESULT: {"script":"<script> [6424 bytes]","args":[{"element-6066-11e4-a52e-4f735466cecf":"f.0C3632C05FD2F0739639ED0A0E4218C8.d.D4F1AC69F656D46A11A959A31CC16C2F.e.3306"},"getTokens",[]]}
COMMAND: POST /session/93f43bcbd844a5d98eb964b157ec9441/execute/async - {"script":"<script> [1562 bytes]","args":[{"wdio_ui5_key":"__token16","selector":{"id":"__token16"}}]}
RESULT: undefined
RESULT: {"script":"<script> [1562 bytes]","args":[{"wdio_ui5_key":"__token16","selector":{"id":"__token16"}}]}
RESULT: undefined
COMMAND: POST /session/93f43bcbd844a5d98eb964b157ec9441/execute/async - {"script":"<script> [1562 bytes]","args":[{"selector":{"controlType":"sap.m.Button","viewName":"etm.portal.ui.managerequests.view.Edit","properties":{"text":"Items (2)"},"interaction":{"idSuffix":"BDI-content"}},"wdio_ui5_key":"etmportal.ui.managerequests.view.Editsap.m.Button{\"text\":\"Items (2)\"}"}]}
RESULT: {"script":"<script> [1562 bytes]","args":[{"selector":{"controlType":"sap.m.Button","viewName":"etm.portal.ui.managerequests.view.Edit","properties":{"text":"Items (2)"},"interaction":{"idSuffix":"BDI-content"}},"wdio_ui5_key":"etmportal.ui.managerequests.view.Editsap.m.Button{\"text\":\"Items (2)\"}"}]}
RESULT: undefined
COMMAND: POST /session/93f43bcbd844a5d98eb964b157ec9441/element - {"using":"xpath","value":"//*[@id=\"__xmlview61--editRequestPage-anchBar-__xmlview61--requestItemsSection-anchor\"]"}
RESULT: {"using":"xpath","value":"//*[@id=\"__xmlview61--editRequestPage-anchBar-__xmlview61--requestItemsSection-anchor\"]"}
COMMAND: POST /session/93f43bcbd844a5d98eb964b157ec9441/element/f.0C3632C05FD2F0739639ED0A0E4218C8.d.D4F1AC69F656D46A11A959A31CC16C2F.e.3394/click - {}
RESULT: {}
COMMAND: GET /session/93f43bcbd844a5d98eb964b157ec9441/screenshot - {}
RESULT: {}
COMMAND: POST /session/93f43bcbd844a5d98eb964b157ec9441/execute/async - {"script":"<script> [1562 bytes]","args":[{"selector":{"controlType":"sap.ui.core.Icon","viewName":"etm.portal.ui.managerequests.view.Edit","properties":{"src":{"regex":{"source":"inspect"}}}},"wdio_ui5_key":"etmportal.ui.managerequests.view.Editsap.ui.core.Icon{\"src\":{\"regex\":{\"source\":\"inspect\"}}}"}]}
RESULT: {"script":"<script> [1562 bytes]","args":[{"selector":{"controlType":"sap.ui.core.Icon","viewName":"etm.portal.ui.managerequests.view.Edit","properties":{"src":{"regex":{"source":"inspect"}}}},"wdio_ui5_key":"etmportal.ui.managerequests.view.Editsap.ui.core.Icon{\"src\":{\"regex\":{\"source\":\"inspect\"}}}"}]}
RESULT: undefined
COMMAND: POST /session/93f43bcbd844a5d98eb964b157ec9441/element - {"using":"xpath","value":"//*[@id=\"__button165-img\"]"}
RESULT: {"using":"xpath","value":"//*[@id=\"__button165-img\"]"}
COMMAND: POST /session/93f43bcbd844a5d98eb964b157ec9441/element/f.0C3632C05FD2F0739639ED0A0E4218C8.d.D4F1AC69F656D46A11A959A31CC16C2F.e.3400/click - {}
RESULT: {}
COMMAND: GET /session/93f43bcbd844a5d98eb964b157ec9441/screenshot - {}
RESULT: {}
COMMAND: POST /session/93f43bcbd844a5d98eb964b157ec9441/execute/async - {"script":"<script> [1562 bytes]","args":[{"selector":{"controlType":"sap.m.Tokenizer","viewName":"etm.portal.ui.managerequests.view.Edit","bindingPath":{"path":"/RequestItems/0","propertyPath":"LINK_TO_TAGS","modelName":"RequestItemsModel"}},"wdio_ui5_key":"etmportal.ui.managerequests.view.Editsap.m.Tokenizer{\"path\":\"/RequestItems/0\",\"propertyPath\":\"LINK_TO_TAGS\",\"modelName\":\"RequestItemsModel\"}"}]}
RESULT: {"script":"<script> [1562 bytes]","args":[{"selector":{"controlType":"sap.m.Tokenizer","viewName":"etm.portal.ui.managerequests.view.Edit","bindingPath":{"path":"/RequestItems/0","propertyPath":"LINK_TO_TAGS","modelName":"RequestItemsModel"}},"wdio_ui5_key":"etmportal.ui.managerequests.view.Editsap.m.Tokenizer{\"path\":\"/RequestItems/0\",\"propertyPath\":\"LINK_TO_TAGS\",\"modelName\":\"RequestItemsModel\"}"}]}
RESULT: undefined
COMMAND: POST /session/93f43bcbd844a5d98eb964b157ec9441/element - {"using":"xpath","value":"//*[@id=\"__tokenizer66\"]"}
RESULT: {"using":"xpath","value":"//*[@id=\"__tokenizer66\"]"}
COMMAND: POST /session/93f43bcbd844a5d98eb964b157ec9441/element/f.0C3632C05FD2F0739639ED0A0E4218C8.d.D4F1AC69F656D46A11A959A31CC16C2F.e.3402/click - {}
RESULT: {}
COMMAND: GET /session/93f43bcbd844a5d98eb964b157ec9441/screenshot - {}
RESULT: {}
COMMAND: POST /session/93f43bcbd844a5d98eb964b157ec9441/execute/async - {"script":"<script> [1562 bytes]","args":[{"selector":{"controlType":"sap.ui.core.Icon","viewName":"etm.portal.ui.managerequests.view.Edit","properties":{"src":{"regex":{"source":"decline"}}},"searchOpenDialogs":true,"ancestor":{"controlType":"sap.m.StandardListItem","viewName":"etm.portal.ui.managerequests.view.Edit","properties":{"title":"tag-duplicate"},"searchOpenDialogs":true}},"wdio_ui5_key":"etmportal.ui.managerequests.view.Editsap.ui.core.Icon{\"src\":{\"regex\":{\"source\":\"decline\"}}}{\"controlType\":\"sap.m.StandardListItem\",\"viewName\":\"etm.portal.ui.managerequests.view.Edit\",\"properties\":{\"title\":\"tag-duplicate\"},\"searchOpenDialogs\":true}"}]}
RESULT: {"script":"<script> [1562 bytes]","args":[{"selector":{"controlType":"sap.ui.core.Icon","viewName":"etm.portal.ui.managerequests.view.Edit","properties":{"src":{"regex":{"source":"decline"}}},"searchOpenDialogs":true,"ancestor":{"controlType":"sap.m.StandardListItem","viewName":"etm.portal.ui.managerequests.view.Edit","properties":{"title":"tag-duplicate"},"searchOpenDialogs":true}},"wdio_ui5_key":"etmportal.ui.managerequests.view.Editsap.ui.core.Icon{\"src\":{\"regex\":{\"source\":\"decline\"}}}{\"controlType\":\"sap.m.StandardListItem\",\"viewName\":\"etm.portal.ui.managerequests.view.Edit\",\"properties\":{\"title\":\"tag-duplicate\"},\"searchOpenDialogs\":true}"}]}
RESULT: undefined
COMMAND: POST /session/93f43bcbd844a5d98eb964b157ec9441/element - {"using":"xpath","value":"//*[@id=\"__item1608-imgDel-img\"]"}
RESULT: {"using":"xpath","value":"//*[@id=\"__item1608-imgDel-img\"]"}
COMMAND: POST /session/93f43bcbd844a5d98eb964b157ec9441/element/f.0C3632C05FD2F0739639ED0A0E4218C8.d.D4F1AC69F656D46A11A959A31CC16C2F.e.3405/click - {}
RESULT: {}
COMMAND: GET /session/93f43bcbd844a5d98eb964b157ec9441/screenshot - {}
RESULT: {}
COMMAND: POST /session/93f43bcbd844a5d98eb964b157ec9441/actions - {"actions":[{"id":"action28","type":"key","parameters":{},"actions":[{"type":"keyDown","value":"î€Œ"},{"type":"pause","duration":10},{"type":"keyUp","value":"î€Œ"}]}]}
RESULT: {"actions":[{"id":"action28","type":"key","parameters":{},"actions":[{"type":"keyDown","value":"î€Œ"},{"type":"pause","duration":10},{"type":"keyUp","value":"î€Œ"}]}]}
COMMAND: POST /session/93f43bcbd844a5d98eb964b157ec9441/execute/async - {"script":"<script> [1562 bytes]","args":[{"selector":{"controlType":"sap.m.Tokenizer","viewName":"etm.portal.ui.managerequests.view.Edit","bindingPath":{"path":"/RequestItems/1","propertyPath":"LINK_TO_TAGS","modelName":"RequestItemsModel"}},"wdio_ui5_key":"etmportal.ui.managerequests.view.Editsap.m.Tokenizer{\"path\":\"/RequestItems/1\",\"propertyPath\":\"LINK_TO_TAGS\",\"modelName\":\"RequestItemsModel\"}"}]}
COMMAND: GET /session/93f43bcbd844a5d98eb964b157ec9441/screenshot - {}
RESULT: {"script":"<script> [1562 bytes]","args":[{"selector":{"controlType":"sap.m.Tokenizer","viewName":"etm.portal.ui.managerequests.view.Edit","bindingPath":{"path":"/RequestItems/1","propertyPath":"LINK_TO_TAGS","modelName":"RequestItemsModel"}},"wdio_ui5_key":"etmportal.ui.managerequests.view.Editsap.m.Tokenizer{\"path\":\"/RequestItems/1\",\"propertyPath\":\"LINK_TO_TAGS\",\"modelName\":\"RequestItemsModel\"}"}]}
RESULT: undefined
COMMAND: POST /session/93f43bcbd844a5d98eb964b157ec9441/element - {"using":"xpath","value":"//*[@id=\"__tokenizer67\"]"}
RESULT: {}
RESULT: {"using":"xpath","value":"//*[@id=\"__tokenizer67\"]"}
COMMAND: POST /session/93f43bcbd844a5d98eb964b157ec9441/element/f.0C3632C05FD2F0739639ED0A0E4218C8.d.D4F1AC69F656D46A11A959A31CC16C2F.e.3408/click - {}
RESULT: {}
COMMAND: GET /session/93f43bcbd844a5d98eb964b157ec9441/screenshot - {}
RESULT: {}
COMMAND: POST /session/93f43bcbd844a5d98eb964b157ec9441/execute/async - {"script":"<script> [1562 bytes]","args":[{"selector":{"controlType":"sap.ui.core.Icon","viewName":"etm.portal.ui.managerequests.view.Edit","properties":{"src":{"regex":{"source":"decline"}}},"searchOpenDialogs":true,"ancestor":{"controlType":"sap.m.StandardListItem","viewName":"etm.portal.ui.managerequests.view.Edit","properties":{"title":"tagRequest1"},"searchOpenDialogs":true}},"wdio_ui5_key":"etmportal.ui.managerequests.view.Editsap.ui.core.Icon{\"src\":{\"regex\":{\"source\":\"decline\"}}}{\"controlType\":\"sap.m.StandardListItem\",\"viewName\":\"etm.portal.ui.managerequests.view.Edit\",\"properties\":{\"title\":\"tagRequest1\"},\"searchOpenDialogs\":true}"}]}
RESULT: {"script":"<script> [1562 bytes]","args":[{"selector":{"controlType":"sap.ui.core.Icon","viewName":"etm.portal.ui.managerequests.view.Edit","properties":{"src":{"regex":{"source":"decline"}}},"searchOpenDialogs":true,"ancestor":{"controlType":"sap.m.StandardListItem","viewName":"etm.portal.ui.managerequests.view.Edit","properties":{"title":"tagRequest1"},"searchOpenDialogs":true}},"wdio_ui5_key":"etmportal.ui.managerequests.view.Editsap.ui.core.Icon{\"src\":{\"regex\":{\"source\":\"decline\"}}}{\"controlType\":\"sap.m.StandardListItem\",\"viewName\":\"etm.portal.ui.managerequests.view.Edit\",\"properties\":{\"title\":\"tagRequest1\"},\"searchOpenDialogs\":true}"}]}
RESULT: undefined
COMMAND: POST /session/93f43bcbd844a5d98eb964b157ec9441/element - {"using":"xpath","value":"//*[@id=\"__item1616-imgDel-img\"]"}
RESULT: {"using":"xpath","value":"//*[@id=\"__item1616-imgDel-img\"]"}
COMMAND: POST /session/93f43bcbd844a5d98eb964b157ec9441/element/f.0C3632C05FD2F0739639ED0A0E4218C8.d.D4F1AC69F656D46A11A959A31CC16C2F.e.3411/click - {}
RESULT: {}
COMMAND: GET /session/93f43bcbd844a5d98eb964b157ec9441/screenshot - {}
RESULT: {}
COMMAND: POST /session/93f43bcbd844a5d98eb964b157ec9441/execute/async - {"script":"<script> [1562 bytes]","args":[{"selector":{"controlType":"sap.ui.core.Icon","viewName":"etm.portal.ui.managerequests.view.Edit","properties":{"src":{"regex":{"source":"decline"}}},"searchOpenDialogs":true,"ancestor":{"controlType":"sap.m.StandardListItem","viewName":"etm.portal.ui.managerequests.view.Edit","properties":{"title":"RefTag"},"searchOpenDialogs":true}},"wdio_ui5_key":"etmportal.ui.managerequests.view.Editsap.ui.core.Icon{\"src\":{\"regex\":{\"source\":\"decline\"}}}{\"controlType\":\"sap.m.StandardListItem\",\"viewName\":\"etm.portal.ui.managerequests.view.Edit\",\"properties\":{\"title\":\"RefTag\"},\"searchOpenDialogs\":true}"}]}
RESULT: {"script":"<script> [1562 bytes]","args":[{"selector":{"controlType":"sap.ui.core.Icon","viewName":"etm.portal.ui.managerequests.view.Edit","properties":{"src":{"regex":{"source":"decline"}}},"searchOpenDialogs":true,"ancestor":{"controlType":"sap.m.StandardListItem","viewName":"etm.portal.ui.managerequests.view.Edit","properties":{"title":"RefTag"},"searchOpenDialogs":true}},"wdio_ui5_key":"etmportal.ui.managerequests.view.Editsap.ui.core.Icon{\"src\":{\"regex\":{\"source\":\"decline\"}}}{\"controlType\":\"sap.m.StandardListItem\",\"viewName\":\"etm.portal.ui.managerequests.view.Edit\",\"properties\":{\"title\":\"RefTag\"},\"searchOpenDialogs\":true}"}]}
RESULT: undefined
COMMAND: POST /session/93f43bcbd844a5d98eb964b157ec9441/element - {"using":"xpath","value":"//*[@id=\"__item1620-imgDel-img\"]"}
RESULT: {"using":"xpath","value":"//*[@id=\"__item1620-imgDel-img\"]"}
COMMAND: POST /session/93f43bcbd844a5d98eb964b157ec9441/element/f.0C3632C05FD2F0739639ED0A0E4218C8.d.D4F1AC69F656D46A11A959A31CC16C2F.e.3414/click - {}
RESULT: {}
COMMAND: GET /session/93f43bcbd844a5d98eb964b157ec9441/screenshot - {}
RESULT: {}
COMMAND: POST /session/93f43bcbd844a5d98eb964b157ec9441/execute/async - {"script":"<script> [1562 bytes]","args":[{"selector":{"controlType":"sap.ui.core.Icon","viewName":"etm.portal.ui.managerequests.view.Edit","properties":{"src":{"regex":{"source":"decline"}}},"searchOpenDialogs":true,"ancestor":{"controlType":"sap.m.StandardListItem","viewName":"etm.portal.ui.managerequests.view.Edit","properties":{"title":"tag-header"},"searchOpenDialogs":true}},"wdio_ui5_key":"etmportal.ui.managerequests.view.Editsap.ui.core.Icon{\"src\":{\"regex\":{\"source\":\"decline\"}}}{\"controlType\":\"sap.m.StandardListItem\",\"viewName\":\"etm.portal.ui.managerequests.view.Edit\",\"properties\":{\"title\":\"tag-header\"},\"searchOpenDialogs\":true}"}]}
RESULT: {"script":"<script> [1562 bytes]","args":[{"selector":{"controlType":"sap.ui.core.Icon","viewName":"etm.portal.ui.managerequests.view.Edit","properties":{"src":{"regex":{"source":"decline"}}},"searchOpenDialogs":true,"ancestor":{"controlType":"sap.m.StandardListItem","viewName":"etm.portal.ui.managerequests.view.Edit","properties":{"title":"tag-header"},"searchOpenDialogs":true}},"wdio_ui5_key":"etmportal.ui.managerequests.view.Editsap.ui.core.Icon{\"src\":{\"regex\":{\"source\":\"decline\"}}}{\"controlType\":\"sap.m.StandardListItem\",\"viewName\":\"etm.portal.ui.managerequests.view.Edit\",\"properties\":{\"title\":\"tag-header\"},\"searchOpenDialogs\":true}"}]}
RESULT: undefined
COMMAND: POST /session/93f43bcbd844a5d98eb964b157ec9441/element - {"using":"xpath","value":"//*[@id=\"__item1623-imgDel-img\"]"}
RESULT: {"using":"xpath","value":"//*[@id=\"__item1623-imgDel-img\"]"}
COMMAND: POST /session/93f43bcbd844a5d98eb964b157ec9441/element/f.0C3632C05FD2F0739639ED0A0E4218C8.d.D4F1AC69F656D46A11A959A31CC16C2F.e.3417/click - {}
RESULT: {}
COMMAND: GET /session/93f43bcbd844a5d98eb964b157ec9441/screenshot - {}
RESULT: {}
COMMAND: POST /session/93f43bcbd844a5d98eb964b157ec9441/actions - {"actions":[{"id":"action29","type":"key","parameters":{},"actions":[{"type":"keyDown","value":"î€ƒ"},{"type":"pause","duration":10},{"type":"keyUp","value":"î€ƒ"}]}]}
RESULT: {"actions":[{"id":"action29","type":"key","parameters":{},"actions":[{"type":"keyDown","value":"î€ƒ"},{"type":"pause","duration":10},{"type":"keyUp","value":"î€ƒ"}]}]}
COMMAND: POST /session/93f43bcbd844a5d98eb964b157ec9441/actions - {"actions":[{"id":"action30","type":"key","parameters":{},"actions":[{"type":"keyDown","value":"î€ƒ"},{"type":"pause","duration":10},{"type":"keyUp","value":"î€ƒ"}]}]}
COMMAND: GET /session/93f43bcbd844a5d98eb964b157ec9441/screenshot - {}
RESULT: {"actions":[{"id":"action30","type":"key","parameters":{},"actions":[{"type":"keyDown","value":"î€ƒ"},{"type":"pause","duration":10},{"type":"keyUp","value":"î€ƒ"}]}]}
COMMAND: GET /session/93f43bcbd844a5d98eb964b157ec9441/screenshot - {}
RESULT: {}
RESULT: {}
COMMAND: POST /session/93f43bcbd844a5d98eb964b157ec9441/execute/async - {"script":"<script> [1562 bytes]","args":[{"selector":{"controlType":"sap.m.Button","viewName":"etm.portal.ui.managerequests.view.Edit","i18NText":{"propertyName":"tooltip","key":"save"},"interaction":{"idSuffix":"BDI-content"}},"wdio_ui5_key":"etmportal.ui.managerequests.view.Editsap.m.Button{\"propertyName\":\"tooltip\",\"key\":\"save\"}"}]}
RESULT: {"script":"<script> [1562 bytes]","args":[{"selector":{"controlType":"sap.m.Button","viewName":"etm.portal.ui.managerequests.view.Edit","i18NText":{"propertyName":"tooltip","key":"save"},"interaction":{"idSuffix":"BDI-content"}},"wdio_ui5_key":"etmportal.ui.managerequests.view.Editsap.m.Button{\"propertyName\":\"tooltip\",\"key\":\"save\"}"}]}
RESULT: undefined
COMMAND: POST /session/93f43bcbd844a5d98eb964b157ec9441/element - {"using":"xpath","value":"//*[@id=\"__xmlview61--saveButtonId\"]"}
RESULT: {"using":"xpath","value":"//*[@id=\"__xmlview61--saveButtonId\"]"}
COMMAND: POST /session/93f43bcbd844a5d98eb964b157ec9441/element/f.0C3632C05FD2F0739639ED0A0E4218C8.d.D4F1AC69F656D46A11A959A31CC16C2F.e.3320/click - {}
RESULT: {}
COMMAND: GET /session/93f43bcbd844a5d98eb964b157ec9441/screenshot - {}
RESULT: {}
COMMAND: POST /session/93f43bcbd844a5d98eb964b157ec9441/execute/async - {"script":"<script> [1562 bytes]","args":[{"selector":{"id":"tagsLayoutViewMode","viewName":"etm.portal.ui.managerequests.view.Detail"},"wdio_ui5_key":"tagsLayoutViewModeetmportal.ui.managerequests.view.Detail"}]}
RESULT: {"script":"<script> [1562 bytes]","args":[{"selector":{"id":"tagsLayoutViewMode","viewName":"etm.portal.ui.managerequests.view.Detail"},"wdio_ui5_key":"tagsLayoutViewModeetmportal.ui.managerequests.view.Detail"}]}
RESULT: undefined
COMMAND: POST /session/93f43bcbd844a5d98eb964b157ec9441/execute/async - {"script":"<script> [6424 bytes]","args":[{"element-6066-11e4-a52e-4f735466cecf":"f.0C3632C05FD2F0739639ED0A0E4218C8.d.D4F1AC69F656D46A11A959A31CC16C2F.e.3545"},"getTokens",[]]}
RESULT: {"script":"<script> [6424 bytes]","args":[{"element-6066-11e4-a52e-4f735466cecf":"f.0C3632C05FD2F0739639ED0A0E4218C8.d.D4F1AC69F656D46A11A959A31CC16C2F.e.3545"},"getTokens",[]]}
COMMAND: POST /session/93f43bcbd844a5d98eb964b157ec9441/execute/async - {"script":"<script> [1562 bytes]","args":[{"wdio_ui5_key":"__token11-__xmlview60--tagsLayoutViewMode-1","selector":{"id":"__token11-__xmlview60--tagsLayoutViewMode-1"}}]}
COMMAND: POST /session/93f43bcbd844a5d98eb964b157ec9441/execute/async - {"script":"<script> [1562 bytes]","args":[{"wdio_ui5_key":"__token11-__xmlview60--tagsLayoutViewMode-0","selector":{"id":"__token11-__xmlview60--tagsLayoutViewMode-0"}}]}
RESULT: {"script":"<script> [1562 bytes]","args":[{"wdio_ui5_key":"__token11-__xmlview60--tagsLayoutViewMode-1","selector":{"id":"__token11-__xmlview60--tagsLayoutViewMode-1"}}]}
RESULT: undefined
RESULT: {"script":"<script> [1562 bytes]","args":[{"wdio_ui5_key":"__token11-__xmlview60--tagsLayoutViewMode-0","selector":{"id":"__token11-__xmlview60--tagsLayoutViewMode-0"}}]}
RESULT: undefined
COMMAND: POST /session/93f43bcbd844a5d98eb964b157ec9441/execute/async - {"script":"<script> [1562 bytes]","args":[{"selector":{"controlType":"sap.m.OverflowToolbarButton","viewName":"etm.portal.ui.managerequests.view.Detail","properties":{"text":"Settings"},"interaction":{"idSuffix":"inner"}},"wdio_ui5_key":"etmportal.ui.managerequests.view.Detailsap.m.OverflowToolbarButton{\"text\":\"Settings\"}"}]}
RESULT: {"script":"<script> [1562 bytes]","args":[{"selector":{"controlType":"sap.m.OverflowToolbarButton","viewName":"etm.portal.ui.managerequests.view.Detail","properties":{"text":"Settings"},"interaction":{"idSuffix":"inner"}},"wdio_ui5_key":"etmportal.ui.managerequests.view.Detailsap.m.OverflowToolbarButton{\"text\":\"Settings\"}"}]}
RESULT: undefined
COMMAND: POST /session/93f43bcbd844a5d98eb964b157ec9441/element - {"using":"xpath","value":"//*[@id=\"__xmlview60--smartTableRequestItems-btnPersonalisation\"]"}
RESULT: {"using":"xpath","value":"//*[@id=\"__xmlview60--smartTableRequestItems-btnPersonalisation\"]"}
COMMAND: POST /session/93f43bcbd844a5d98eb964b157ec9441/element/f.0C3632C05FD2F0739639ED0A0E4218C8.d.D4F1AC69F656D46A11A959A31CC16C2F.e.3549/click - {}
RESULT: {}
COMMAND: POST /session/93f43bcbd844a5d98eb964b157ec9441/execute/async - {"script":"<script> [1562 bytes]","args":[{"selector":{"controlType":"sap.m.SearchField","viewName":"etm.portal.ui.managerequests.view.Detail","searchOpenDialogs":true,"interaction":{"idSuffix":"I"}},"wdio_ui5_key":"etmportal.ui.managerequests.view.Detailsap.m.SearchField"}]}
COMMAND: GET /session/93f43bcbd844a5d98eb964b157ec9441/screenshot - {}
RESULT: {"script":"<script> [1562 bytes]","args":[{"selector":{"controlType":"sap.m.SearchField","viewName":"etm.portal.ui.managerequests.view.Detail","searchOpenDialogs":true,"interaction":{"idSuffix":"I"}},"wdio_ui5_key":"etmportal.ui.managerequests.view.Detailsap.m.SearchField"}]}
RESULT: undefined
COMMAND: POST /session/93f43bcbd844a5d98eb964b157ec9441/execute/async - {"script":"<script> [776 bytes]","args":[{"enterText":"tag","selector":{"controlType":"sap.m.SearchField","viewName":"etm.portal.ui.managerequests.view.Detail","searchOpenDialogs":true,"interaction":{"idSuffix":"I"}},"clearTextFirst":true,"interactionType":"ENTER_TEXT"}]}
RESULT: {}
RESULT: {"script":"<script> [776 bytes]","args":[{"enterText":"tag","selector":{"controlType":"sap.m.SearchField","viewName":"etm.portal.ui.managerequests.view.Detail","searchOpenDialogs":true,"interaction":{"idSuffix":"I"}},"clearTextFirst":true,"interactionType":"ENTER_TEXT"}]}
COMMAND: POST /session/93f43bcbd844a5d98eb964b157ec9441/element - {"using":"xpath","value":"//div[contains(@id ,\"innerSelectionPanelTable-0-selectMulti-CbBg\")]"}
RESULT: {"using":"xpath","value":"//div[contains(@id ,\"innerSelectionPanelTable-0-selectMulti-CbBg\")]"}
COMMAND: POST /session/93f43bcbd844a5d98eb964b157ec9441/element/f.0C3632C05FD2F0739639ED0A0E4218C8.d.D4F1AC69F656D46A11A959A31CC16C2F.e.3586/click - {}
RESULT: {}
COMMAND: POST /session/93f43bcbd844a5d98eb964b157ec9441/execute/async - {"script":"<script> [1562 bytes]","args":[{"selector":{"controlType":"sap.m.Button","viewName":"etm.portal.ui.managerequests.view.Detail","properties":{"text":"OK"},"searchOpenDialogs":true,"interaction":{"idSuffix":"BDI-content"}},"wdio_ui5_key":"etmportal.ui.managerequests.view.Detailsap.m.Button{\"text\":\"OK\"}"}]}
COMMAND: GET /session/93f43bcbd844a5d98eb964b157ec9441/screenshot - {}
RESULT: {"script":"<script> [1562 bytes]","args":[{"selector":{"controlType":"sap.m.Button","viewName":"etm.portal.ui.managerequests.view.Detail","properties":{"text":"OK"},"searchOpenDialogs":true,"interaction":{"idSuffix":"BDI-content"}},"wdio_ui5_key":"etmportal.ui.managerequests.view.Detailsap.m.Button{\"text\":\"OK\"}"}]}
RESULT: undefined
COMMAND: POST /session/93f43bcbd844a5d98eb964b157ec9441/element - {"using":"xpath","value":"//*[@id=\"__popup377-confirmBtn\"]"}
RESULT: {}
RESULT: {"using":"xpath","value":"//*[@id=\"__popup377-confirmBtn\"]"}
COMMAND: POST /session/93f43bcbd844a5d98eb964b157ec9441/element/f.0C3632C05FD2F0739639ED0A0E4218C8.d.D4F1AC69F656D46A11A959A31CC16C2F.e.3591/click - {}
RESULT: {}
COMMAND: GET /session/93f43bcbd844a5d98eb964b157ec9441/screenshot - {}
RESULT: {}
COMMAND: POST /session/93f43bcbd844a5d98eb964b157ec9441/execute/async - {"script":"<script> [1562 bytes]","args":[{"selector":{"controlType":"sap.m.Text","viewName":"etm.portal.ui.managerequests.view.Detail","bindingPath":{"propertyPath":"NO","modelName":"catalogModel"}},"wdio_ui5_key":"etmportal.ui.managerequests.view.Detailsap.m.Text{\"propertyPath\":\"NO\",\"modelName\":\"catalogModel\"}"}]}
RESULT: {"script":"<script> [1562 bytes]","args":[{"selector":{"controlType":"sap.m.Text","viewName":"etm.portal.ui.managerequests.view.Detail","bindingPath":{"propertyPath":"NO","modelName":"catalogModel"}},"wdio_ui5_key":"etmportal.ui.managerequests.view.Detailsap.m.Text{\"propertyPath\":\"NO\",\"modelName\":\"catalogModel\"}"}]}
RESULT: undefined
COMMAND: POST /session/93f43bcbd844a5d98eb964b157ec9441/execute/async - {"script":"<script> [6424 bytes]","args":[{"element-6066-11e4-a52e-4f735466cecf":"f.0C3632C05FD2F0739639ED0A0E4218C8.d.D4F1AC69F656D46A11A959A31CC16C2F.e.3603"},"getText",[]]}
RESULT: {"script":"<script> [6424 bytes]","args":[{"element-6066-11e4-a52e-4f735466cecf":"f.0C3632C05FD2F0739639ED0A0E4218C8.d.D4F1AC69F656D46A11A959A31CC16C2F.e.3603"},"getText",[]]}
COMMAND: POST /session/93f43bcbd844a5d98eb964b157ec9441/execute/async - {"script":"<script> [1562 bytes]","args":[{"selector":{"controlType":"sap.m.Tokenizer","viewName":"etm.portal.ui.managerequests.view.Detail","bindingPath":{"path":"/SmartRequestItemsPlanningBoard(ITEM=10m,REQUEST='20239')","propertyPath":"LINK_TO_TAGS"}},"wdio_ui5_key":"etmportal.ui.managerequests.view.Detailsap.m.Tokenizer{\"path\":\"/SmartRequestItemsPlanningBoard(ITEM=10m,REQUEST='20239')\",\"propertyPath\":\"LINK_TO_TAGS\"}"}]}
RESULT: {"script":"<script> [1562 bytes]","args":[{"selector":{"controlType":"sap.m.Tokenizer","viewName":"etm.portal.ui.managerequests.view.Detail","bindingPath":{"path":"/SmartRequestItemsPlanningBoard(ITEM=10m,REQUEST='20239')","propertyPath":"LINK_TO_TAGS"}},"wdio_ui5_key":"etmportal.ui.managerequests.view.Detailsap.m.Tokenizer{\"path\":\"/SmartRequestItemsPlanningBoard(ITEM=10m,REQUEST='20239')\",\"propertyPath\":\"LINK_TO_TAGS\"}"}]}
RESULT: undefined
COMMAND: POST /session/93f43bcbd844a5d98eb964b157ec9441/execute/async - {"script":"<script> [6424 bytes]","args":[{"element-6066-11e4-a52e-4f735466cecf":"f.0C3632C05FD2F0739639ED0A0E4218C8.d.D4F1AC69F656D46A11A959A31CC16C2F.e.3604"},"getTokens",[]]}
RESULT: {"script":"<script> [6424 bytes]","args":[{"element-6066-11e4-a52e-4f735466cecf":"f.0C3632C05FD2F0739639ED0A0E4218C8.d.D4F1AC69F656D46A11A959A31CC16C2F.e.3604"},"getTokens",[]]}
COMMAND: POST /session/93f43bcbd844a5d98eb964b157ec9441/execute/async - {"script":"<script> [1562 bytes]","args":[{"wdio_ui5_key":"__token12-__tokenizer63-__clone4537-1","selector":{"id":"__token12-__tokenizer63-__clone4537-1"}}]}
COMMAND: POST /session/93f43bcbd844a5d98eb964b157ec9441/execute/async - {"script":"<script> [1562 bytes]","args":[{"wdio_ui5_key":"__token12-__tokenizer63-__clone4537-2","selector":{"id":"__token12-__tokenizer63-__clone4537-2"}}]}
COMMAND: POST /session/93f43bcbd844a5d98eb964b157ec9441/execute/async - {"script":"<script> [1562 bytes]","args":[{"wdio_ui5_key":"__token12-__tokenizer63-__clone4537-0","selector":{"id":"__token12-__tokenizer63-__clone4537-0"}}]}
RESULT: {"script":"<script> [1562 bytes]","args":[{"wdio_ui5_key":"__token12-__tokenizer63-__clone4537-1","selector":{"id":"__token12-__tokenizer63-__clone4537-1"}}]}
RESULT: undefined
RESULT: {"script":"<script> [1562 bytes]","args":[{"wdio_ui5_key":"__token12-__tokenizer63-__clone4537-2","selector":{"id":"__token12-__tokenizer63-__clone4537-2"}}]}
RESULT: undefined
RESULT: {"script":"<script> [1562 bytes]","args":[{"wdio_ui5_key":"__token12-__tokenizer63-__clone4537-0","selector":{"id":"__token12-__tokenizer63-__clone4537-0"}}]}
RESULT: undefined
COMMAND: POST /session/93f43bcbd844a5d98eb964b157ec9441/element - {"using":"xpath","value":"(//span[contains(text(), \"tag-header\")])[2]"}
RESULT: {"using":"xpath","value":"(//span[contains(text(), \"tag-header\")])[2]"}
COMMAND: POST /session/93f43bcbd844a5d98eb964b157ec9441/elements - {"using":"xpath","value":"(//span[contains(text(), \"tag-header\")])[2]"}
RESULT: {"using":"xpath","value":"(//span[contains(text(), \"tag-header\")])[2]"}
COMMAND: POST /session/93f43bcbd844a5d98eb964b157ec9441/execute/async - {"script":"<script> [1562 bytes]","args":[{"selector":{"controlType":"sap.m.Tokenizer","viewName":"etm.portal.ui.managerequests.view.Detail","bindingPath":{"path":"/SmartRequestItemsPlanningBoard(ITEM=20m,REQUEST='20239')","propertyPath":"LINK_TO_TAGS"}},"wdio_ui5_key":"etmportal.ui.managerequests.view.Detailsap.m.Tokenizer{\"path\":\"/SmartRequestItemsPlanningBoard(ITEM=20m,REQUEST='20239')\",\"propertyPath\":\"LINK_TO_TAGS\"}"}]}
RESULT: {"script":"<script> [1562 bytes]","args":[{"selector":{"controlType":"sap.m.Tokenizer","viewName":"etm.portal.ui.managerequests.view.Detail","bindingPath":{"path":"/SmartRequestItemsPlanningBoard(ITEM=20m,REQUEST='20239')","propertyPath":"LINK_TO_TAGS"}},"wdio_ui5_key":"etmportal.ui.managerequests.view.Detailsap.m.Tokenizer{\"path\":\"/SmartRequestItemsPlanningBoard(ITEM=20m,REQUEST='20239')\",\"propertyPath\":\"LINK_TO_TAGS\"}"}]}
RESULT: undefined
COMMAND: POST /session/93f43bcbd844a5d98eb964b157ec9441/execute/async - {"script":"<script> [6424 bytes]","args":[{"element-6066-11e4-a52e-4f735466cecf":"f.0C3632C05FD2F0739639ED0A0E4218C8.d.D4F1AC69F656D46A11A959A31CC16C2F.e.3609"},"getTokens",[]]}
RESULT: {"script":"<script> [6424 bytes]","args":[{"element-6066-11e4-a52e-4f735466cecf":"f.0C3632C05FD2F0739639ED0A0E4218C8.d.D4F1AC69F656D46A11A959A31CC16C2F.e.3609"},"getTokens",[]]}
COMMAND: POST /session/93f43bcbd844a5d98eb964b157ec9441/element - {"using":"css selector","value":"#shell-header-logo"}
RESULT: {"using":"css selector","value":"#shell-header-logo"}
COMMAND: POST /session/93f43bcbd844a5d98eb964b157ec9441/element/f.0C3632C05FD2F0739639ED0A0E4218C8.d.D4F1AC69F656D46A11A959A31CC16C2F.e.2542/click - {}
RESULT: {}
COMMAND: GET /session/93f43bcbd844a5d98eb964b157ec9441/screenshot - {}
RESULT: {}
]]></system-out>
    </testcase>
  </testsuite>
  <testsuite timestamp="2025-04-28T15:48:57" time="665.329" tests="4" failures="0" errors="0" skipped="0">
    <properties>
      <property name="specId" value="0" />
      <property name="suiteName" value="Manage request + Contract processing pick up option US120163 " />
      <property name="capabilities" value="chrome.135_0_7049_96.windows" />
      <property name="file" value="file:///D:/a/1/s/test/specs/R2C/create-request-Pickup.spec.js" />
    </properties>
    <testcase classname="chrome.135_0_7049_96.windows.Manage_request_+_Contract_processing_pick_up_option_US120163_" name="Should create a new contract" time="75.82">
      <system-out><![CDATA[
COMMAND: POST /session/93f43bcbd844a5d98eb964b157ec9441/execute/async - {"script":"<script> [1562 bytes]","args":[{"selector":{"controlType":"sap.m.Text","viewName":"etm.portal.ui.managecontractstile.view.Master","properties":{"text":"Manage Contracts"},"interaction":{"idSuffix":"inner"}},"wdio_ui5_key":"etmportal.ui.managecontractstile.view.Mastersap.m.Text{\"text\":\"Manage Contracts\"}"}]}
RESULT: {"script":"<script> [1562 bytes]","args":[{"selector":{"controlType":"sap.m.Text","viewName":"etm.portal.ui.managecontractstile.view.Master","properties":{"text":"Manage Contracts"},"interaction":{"idSuffix":"inner"}},"wdio_ui5_key":"etmportal.ui.managecontractstile.view.Mastersap.m.Text{\"text\":\"Manage Contracts\"}"}]}
RESULT: undefined
COMMAND: POST /session/93f43bcbd844a5d98eb964b157ec9441/element - {"using":"xpath","value":"//*[@id=\"__tile131-title\"]"}
RESULT: {"using":"xpath","value":"//*[@id=\"__tile131-title\"]"}
COMMAND: POST /session/93f43bcbd844a5d98eb964b157ec9441/element/f.0C3632C05FD2F0739639ED0A0E4218C8.d.D4F1AC69F656D46A11A959A31CC16C2F.e.3613/click - {}
RESULT: {}
COMMAND: GET /session/93f43bcbd844a5d98eb964b157ec9441/screenshot - {}
RESULT: {}
COMMAND: POST /session/93f43bcbd844a5d98eb964b157ec9441/execute/async - {"script":"<script> [1562 bytes]","args":[{"selector":{"controlType":"sap.ui.core.Icon","viewName":"etm.portal.ui.managecontracts.view.Master","properties":{"src":{"regex":{"source":"add"}}}},"wdio_ui5_key":"etmportal.ui.managecontracts.view.Mastersap.ui.core.Icon{\"src\":{\"regex\":{\"source\":\"add\"}}}"}]}
RESULT: {"script":"<script> [1562 bytes]","args":[{"selector":{"controlType":"sap.ui.core.Icon","viewName":"etm.portal.ui.managecontracts.view.Master","properties":{"src":{"regex":{"source":"add"}}}},"wdio_ui5_key":"etmportal.ui.managecontracts.view.Mastersap.ui.core.Icon{\"src\":{\"regex\":{\"source\":\"add\"}}}"}]}
RESULT: undefined
COMMAND: POST /session/93f43bcbd844a5d98eb964b157ec9441/element - {"using":"xpath","value":"//*[@id=\"__button187-img\"]"}
RESULT: {"using":"xpath","value":"//*[@id=\"__button187-img\"]"}
COMMAND: POST /session/93f43bcbd844a5d98eb964b157ec9441/element/f.0C3632C05FD2F0739639ED0A0E4218C8.d.D4F1AC69F656D46A11A959A31CC16C2F.e.3664/click - {}
RESULT: {}
COMMAND: POST /session/93f43bcbd844a5d98eb964b157ec9441/execute/async - {"script":"<script> [1562 bytes]","args":[{"selector":{"id":"application-managecontracts-display-component---AddNewContract--projectDescription","interaction":{"idSuffix":"inner"}},"wdio_ui5_key":"applicationmanagecontracts-display-component---AddNewContract--projectDescription"}]}
COMMAND: GET /session/93f43bcbd844a5d98eb964b157ec9441/screenshot - {}
RESULT: {"script":"<script> [1562 bytes]","args":[{"selector":{"id":"application-managecontracts-display-component---AddNewContract--projectDescription","interaction":{"idSuffix":"inner"}},"wdio_ui5_key":"applicationmanagecontracts-display-component---AddNewContract--projectDescription"}]}
RESULT: undefined
COMMAND: POST /session/93f43bcbd844a5d98eb964b157ec9441/execute/async - {"script":"<script> [776 bytes]","args":[{"enterText":"PickupContractyhjvn","selector":{"id":"application-managecontracts-display-component---AddNewContract--projectDescription","interaction":{"idSuffix":"inner"}},"clearTextFirst":true,"interactionType":"ENTER_TEXT"}]}
RESULT: {}
RESULT: {"script":"<script> [776 bytes]","args":[{"enterText":"PickupContractyhjvn","selector":{"id":"application-managecontracts-display-component---AddNewContract--projectDescription","interaction":{"idSuffix":"inner"}},"clearTextFirst":true,"interactionType":"ENTER_TEXT"}]}
COMMAND: POST /session/93f43bcbd844a5d98eb964b157ec9441/element - {"using":"xpath","value":"//input[contains(@id ,\"application-managecontracts-display-component---AddNewContract--yardId-inner\")]"}
RESULT: {"using":"xpath","value":"//input[contains(@id ,\"application-managecontracts-display-component---AddNewContract--yardId-inner\")]"}
COMMAND: POST /session/93f43bcbd844a5d98eb964b157ec9441/element/f.0C3632C05FD2F0739639ED0A0E4218C8.d.D4F1AC69F656D46A11A959A31CC16C2F.e.3950/value - {"text":"WebdriverYardsvnzc"}
RESULT: {"text":"WebdriverYardsvnzc"}
COMMAND: GET /session/93f43bcbd844a5d98eb964b157ec9441/screenshot - {}
RESULT: {}
COMMAND: POST /session/93f43bcbd844a5d98eb964b157ec9441/actions - {"actions":[{"id":"action31","type":"key","parameters":{},"actions":[{"type":"keyDown","value":"î€‡"},{"type":"pause","duration":10},{"type":"keyUp","value":"î€‡"}]}]}
RESULT: {"actions":[{"id":"action31","type":"key","parameters":{},"actions":[{"type":"keyDown","value":"î€‡"},{"type":"pause","duration":10},{"type":"keyUp","value":"î€‡"}]}]}
COMMAND: GET /session/93f43bcbd844a5d98eb964b157ec9441/screenshot - {}
RESULT: {}
COMMAND: POST /session/93f43bcbd844a5d98eb964b157ec9441/element - {"using":"xpath","value":"//input[contains(@id ,\"application-managecontracts-display-component---AddNewContract--customerSelect-inner\")]"}
RESULT: {"using":"xpath","value":"//input[contains(@id ,\"application-managecontracts-display-component---AddNewContract--customerSelect-inner\")]"}
COMMAND: POST /session/93f43bcbd844a5d98eb964b157ec9441/element/f.0C3632C05FD2F0739639ED0A0E4218C8.d.D4F1AC69F656D46A11A959A31CC16C2F.e.3948/value - {"text":"WebdriverPartnerhbzzz"}
RESULT: {"text":"WebdriverPartnerhbzzz"}
COMMAND: GET /session/93f43bcbd844a5d98eb964b157ec9441/screenshot - {}
RESULT: {}
COMMAND: POST /session/93f43bcbd844a5d98eb964b157ec9441/actions - {"actions":[{"id":"action32","type":"key","parameters":{},"actions":[{"type":"keyDown","value":"î€‡"},{"type":"pause","duration":10},{"type":"keyUp","value":"î€‡"}]}]}
RESULT: {"actions":[{"id":"action32","type":"key","parameters":{},"actions":[{"type":"keyDown","value":"î€‡"},{"type":"pause","duration":10},{"type":"keyUp","value":"î€‡"}]}]}
COMMAND: GET /session/93f43bcbd844a5d98eb964b157ec9441/screenshot - {}
RESULT: {}
COMMAND: POST /session/93f43bcbd844a5d98eb964b157ec9441/element - {"using":"xpath","value":"//input[contains(@id ,\"application-managecontracts-display-component---AddNewContract--site-inner\")]"}
RESULT: {"using":"xpath","value":"//input[contains(@id ,\"application-managecontracts-display-component---AddNewContract--site-inner\")]"}
COMMAND: POST /session/93f43bcbd844a5d98eb964b157ec9441/element/f.0C3632C05FD2F0739639ED0A0E4218C8.d.D4F1AC69F656D46A11A959A31CC16C2F.e.3949/value - {"text":"WebdriverSiteasz2v"}
RESULT: {"text":"WebdriverSiteasz2v"}
COMMAND: GET /session/93f43bcbd844a5d98eb964b157ec9441/screenshot - {}
RESULT: {}
COMMAND: POST /session/93f43bcbd844a5d98eb964b157ec9441/actions - {"actions":[{"id":"action33","type":"key","parameters":{},"actions":[{"type":"keyDown","value":"î€‡"},{"type":"pause","duration":10},{"type":"keyUp","value":"î€‡"}]}]}
RESULT: {"actions":[{"id":"action33","type":"key","parameters":{},"actions":[{"type":"keyDown","value":"î€‡"},{"type":"pause","duration":10},{"type":"keyUp","value":"î€‡"}]}]}
COMMAND: GET /session/93f43bcbd844a5d98eb964b157ec9441/screenshot - {}
RESULT: {}
COMMAND: POST /session/93f43bcbd844a5d98eb964b157ec9441/execute/async - {"script":"<script> [1562 bytes]","args":[{"selector":{"id":"application-managecontracts-display-component---AddNewContract--saveBtn","interaction":{"idSuffix":"BDI-content"}},"wdio_ui5_key":"applicationmanagecontracts-display-component---AddNewContract--saveBtn"}]}
RESULT: {"script":"<script> [1562 bytes]","args":[{"selector":{"id":"application-managecontracts-display-component---AddNewContract--saveBtn","interaction":{"idSuffix":"BDI-content"}},"wdio_ui5_key":"applicationmanagecontracts-display-component---AddNewContract--saveBtn"}]}
RESULT: undefined
COMMAND: POST /session/93f43bcbd844a5d98eb964b157ec9441/element - {"using":"xpath","value":"//*[@id=\"application-managecontracts-display-component---AddNewContract--saveBtn\"]"}
RESULT: {"using":"xpath","value":"//*[@id=\"application-managecontracts-display-component---AddNewContract--saveBtn\"]"}
COMMAND: POST /session/93f43bcbd844a5d98eb964b157ec9441/element/f.0C3632C05FD2F0739639ED0A0E4218C8.d.D4F1AC69F656D46A11A959A31CC16C2F.e.3965/click - {}
RESULT: {}
COMMAND: GET /session/93f43bcbd844a5d98eb964b157ec9441/screenshot - {}
RESULT: {}
COMMAND: POST /session/93f43bcbd844a5d98eb964b157ec9441/element - {"using":"xpath","value":"//span[contains(@id ,\"contractDetailTitleNoExpanded\")]"}
RESULT: {"using":"xpath","value":"//span[contains(@id ,\"contractDetailTitleNoExpanded\")]"}
COMMAND: GET /session/93f43bcbd844a5d98eb964b157ec9441/element/f.0C3632C05FD2F0739639ED0A0E4218C8.d.D4F1AC69F656D46A11A959A31CC16C2F.e.3985/text - {}
RESULT: {}
COMMAND: POST /session/93f43bcbd844a5d98eb964b157ec9441/element - {"using":"css selector","value":"#shell-header-logo"}
RESULT: {"using":"css selector","value":"#shell-header-logo"}
COMMAND: POST /session/93f43bcbd844a5d98eb964b157ec9441/element/f.0C3632C05FD2F0739639ED0A0E4218C8.d.D4F1AC69F656D46A11A959A31CC16C2F.e.3615/click - {}
RESULT: {}
COMMAND: GET /session/93f43bcbd844a5d98eb964b157ec9441/screenshot - {}
RESULT: {}
]]></system-out>
    </testcase>
    <testcase classname="chrome.135_0_7049_96.windows.Manage_request_+_Contract_processing_pick_up_option_US120163_" name="Should create a new material" time="150.567">
      <system-out><![CDATA[
COMMAND: POST /session/93f43bcbd844a5d98eb964b157ec9441/execute/async - {"script":"<script> [1562 bytes]","args":[{"selector":{"controlType":"sap.m.GenericTile","properties":{"header":"Manage Resources"}},"wdio_ui5_key":"sapm.GenericTile{\"header\":\"Manage Resources\"}"}]}
RESULT: {"script":"<script> [1562 bytes]","args":[{"selector":{"controlType":"sap.m.GenericTile","properties":{"header":"Manage Resources"}},"wdio_ui5_key":"sapm.GenericTile{\"header\":\"Manage Resources\"}"}]}
RESULT: undefined
COMMAND: POST /session/93f43bcbd844a5d98eb964b157ec9441/element - {"using":"xpath","value":"//*[@id=\"__tile39\"]"}
RESULT: {"using":"xpath","value":"//*[@id=\"__tile39\"]"}
COMMAND: POST /session/93f43bcbd844a5d98eb964b157ec9441/element/f.0C3632C05FD2F0739639ED0A0E4218C8.d.D4F1AC69F656D46A11A959A31CC16C2F.e.3987/click - {}
RESULT: {}
COMMAND: GET /session/93f43bcbd844a5d98eb964b157ec9441/screenshot - {}
RESULT: {}
COMMAND: POST /session/93f43bcbd844a5d98eb964b157ec9441/element - {"using":"xpath","value":"//button[@data-kt=\"addNewRUOverflowToolbarButton\"]"}
RESULT: {"using":"xpath","value":"//button[@data-kt=\"addNewRUOverflowToolbarButton\"]"}
COMMAND: POST /session/93f43bcbd844a5d98eb964b157ec9441/execute/sync - {"script":"<script> [8489 bytes]","args":[{"element-6066-11e4-a52e-4f735466cecf":"f.0C3632C05FD2F0739639ED0A0E4218C8.d.D4F1AC69F656D46A11A959A31CC16C2F.e.4028","ELEMENT":"f.0C3632C05FD2F0739639ED0A0E4218C8.d.D4F1AC69F656D46A11A959A31CC16C2F.e.4028"}]}
RESULT: {"script":"<script> [8489 bytes]","args":[{"element-6066-11e4-a52e-4f735466cecf":"f.0C3632C05FD2F0739639ED0A0E4218C8.d.D4F1AC69F656D46A11A959A31CC16C2F.e.4028","ELEMENT":"f.0C3632C05FD2F0739639ED0A0E4218C8.d.D4F1AC69F656D46A11A959A31CC16C2F.e.4028"}]}
COMMAND: POST /session/93f43bcbd844a5d98eb964b157ec9441/element/f.0C3632C05FD2F0739639ED0A0E4218C8.d.D4F1AC69F656D46A11A959A31CC16C2F.e.4028/click - {}
COMMAND: GET /session/93f43bcbd844a5d98eb964b157ec9441/screenshot - {}
RESULT: {}
RESULT: {}
COMMAND: POST /session/93f43bcbd844a5d98eb964b157ec9441/execute/async - {"script":"<script> [1562 bytes]","args":[{"selector":{"id":"application-manageresources-display-component---newResourceUnit--TYPE-arrow"},"wdio_ui5_key":"applicationmanageresources-display-component---newResourceUnit--TYPE-arrow"}]}
COMMAND: GET /session/93f43bcbd844a5d98eb964b157ec9441/screenshot - {}
RESULT: {"script":"<script> [1562 bytes]","args":[{"selector":{"id":"application-manageresources-display-component---newResourceUnit--TYPE-arrow"},"wdio_ui5_key":"applicationmanageresources-display-component---newResourceUnit--TYPE-arrow"}]}
RESULT: undefined
COMMAND: POST /session/93f43bcbd844a5d98eb964b157ec9441/element - {"using":"xpath","value":"//*[@id=\"application-manageresources-display-component---newResourceUnit--TYPE-arrow\"]"}
RESULT: {}
RESULT: {"using":"xpath","value":"//*[@id=\"application-manageresources-display-component---newResourceUnit--TYPE-arrow\"]"}
COMMAND: POST /session/93f43bcbd844a5d98eb964b157ec9441/element/f.0C3632C05FD2F0739639ED0A0E4218C8.d.D4F1AC69F656D46A11A959A31CC16C2F.e.4348/click - {}
RESULT: {}
COMMAND: POST /session/93f43bcbd844a5d98eb964b157ec9441/execute/async - {"script":"<script> [1562 bytes]","args":[{"selector":{"controlType":"sap.m.StandardListItem","viewName":"reusables.view.manageresources.NewResourceUnit","viewId":"application-manageresources-display-component---newResourceUnit","properties":{"title":"Material"},"searchOpenDialogs":true,"interaction":{"idSuffix":"titleText"}},"wdio_ui5_key":"reusablesview.manageresources.NewResourceUnitsap.m.StandardListItem{\"title\":\"Material\"}"}]}
COMMAND: GET /session/93f43bcbd844a5d98eb964b157ec9441/screenshot - {}
RESULT: {"script":"<script> [1562 bytes]","args":[{"selector":{"controlType":"sap.m.StandardListItem","viewName":"reusables.view.manageresources.NewResourceUnit","viewId":"application-manageresources-display-component---newResourceUnit","properties":{"title":"Material"},"searchOpenDialogs":true,"interaction":{"idSuffix":"titleText"}},"wdio_ui5_key":"reusablesview.manageresources.NewResourceUnitsap.m.StandardListItem{\"title\":\"Material\"}"}]}
RESULT: undefined
COMMAND: POST /session/93f43bcbd844a5d98eb964b157ec9441/element - {"using":"xpath","value":"//*[@id=\"__item2857\"]"}
RESULT: {}
RESULT: {"using":"xpath","value":"//*[@id=\"__item2857\"]"}
COMMAND: POST /session/93f43bcbd844a5d98eb964b157ec9441/element/f.0C3632C05FD2F0739639ED0A0E4218C8.d.D4F1AC69F656D46A11A959A31CC16C2F.e.4351/click - {}
RESULT: {}
COMMAND: POST /session/93f43bcbd844a5d98eb964b157ec9441/execute/async - {"script":"<script> [1562 bytes]","args":[{"selector":{"id":"application-manageresources-display-component---newResourceUnit--SHORT_TEXT","interaction":{"idSuffix":"inner"}},"wdio_ui5_key":"applicationmanageresources-display-component---newResourceUnit--SHORT_TEXT"}]}
COMMAND: GET /session/93f43bcbd844a5d98eb964b157ec9441/screenshot - {}
RESULT: {"script":"<script> [1562 bytes]","args":[{"selector":{"id":"application-manageresources-display-component---newResourceUnit--SHORT_TEXT","interaction":{"idSuffix":"inner"}},"wdio_ui5_key":"applicationmanageresources-display-component---newResourceUnit--SHORT_TEXT"}]}
RESULT: undefined
COMMAND: POST /session/93f43bcbd844a5d98eb964b157ec9441/execute/async - {"script":"<script> [776 bytes]","args":[{"enterText":"WebdriverRUR2C3pbgj","selector":{"id":"application-manageresources-display-component---newResourceUnit--SHORT_TEXT","interaction":{"idSuffix":"inner"}},"clearTextFirst":true,"interactionType":"ENTER_TEXT"}]}
RESULT: {}
RESULT: {"script":"<script> [776 bytes]","args":[{"enterText":"WebdriverRUR2C3pbgj","selector":{"id":"application-manageresources-display-component---newResourceUnit--SHORT_TEXT","interaction":{"idSuffix":"inner"}},"clearTextFirst":true,"interactionType":"ENTER_TEXT"}]}
COMMAND: POST /session/93f43bcbd844a5d98eb964b157ec9441/execute/async - {"script":"<script> [1562 bytes]","args":[{"selector":{"id":"application-manageresources-display-component---newResourceUnit--BASE_UNIT_OF_MEASURE-arrow"},"wdio_ui5_key":"applicationmanageresources-display-component---newResourceUnit--BASE_UNIT_OF_MEASURE-arrow"}]}
RESULT: {"script":"<script> [1562 bytes]","args":[{"selector":{"id":"application-manageresources-display-component---newResourceUnit--BASE_UNIT_OF_MEASURE-arrow"},"wdio_ui5_key":"applicationmanageresources-display-component---newResourceUnit--BASE_UNIT_OF_MEASURE-arrow"}]}
RESULT: undefined
COMMAND: POST /session/93f43bcbd844a5d98eb964b157ec9441/element - {"using":"xpath","value":"//*[@id=\"application-manageresources-display-component---newResourceUnit--BASE_UNIT_OF_MEASURE-arrow\"]"}
RESULT: {"using":"xpath","value":"//*[@id=\"application-manageresources-display-component---newResourceUnit--BASE_UNIT_OF_MEASURE-arrow\"]"}
COMMAND: POST /session/93f43bcbd844a5d98eb964b157ec9441/element/f.0C3632C05FD2F0739639ED0A0E4218C8.d.D4F1AC69F656D46A11A959A31CC16C2F.e.4407/click - {}
RESULT: {}
COMMAND: POST /session/93f43bcbd844a5d98eb964b157ec9441/execute/async - {"script":"<script> [1562 bytes]","args":[{"selector":{"controlType":"sap.m.StandardListItem","viewName":"reusables.view.manageresources.NewResourceUnit","viewId":"application-manageresources-display-component---newResourceUnit","properties":{"title":"Piece"},"searchOpenDialogs":true,"interaction":{"idSuffix":"titleText"}},"wdio_ui5_key":"reusablesview.manageresources.NewResourceUnitsap.m.StandardListItem{\"title\":\"Piece\"}"}]}
COMMAND: GET /session/93f43bcbd844a5d98eb964b157ec9441/screenshot - {}
RESULT: {"script":"<script> [1562 bytes]","args":[{"selector":{"controlType":"sap.m.StandardListItem","viewName":"reusables.view.manageresources.NewResourceUnit","viewId":"application-manageresources-display-component---newResourceUnit","properties":{"title":"Piece"},"searchOpenDialogs":true,"interaction":{"idSuffix":"titleText"}},"wdio_ui5_key":"reusablesview.manageresources.NewResourceUnitsap.m.StandardListItem{\"title\":\"Piece\"}"}]}
RESULT: undefined
COMMAND: POST /session/93f43bcbd844a5d98eb964b157ec9441/element - {"using":"xpath","value":"//*[@id=\"__item2901\"]"}
RESULT: {}
RESULT: {"using":"xpath","value":"//*[@id=\"__item2901\"]"}
COMMAND: POST /session/93f43bcbd844a5d98eb964b157ec9441/element/f.0C3632C05FD2F0739639ED0A0E4218C8.d.D4F1AC69F656D46A11A959A31CC16C2F.e.4409/click - {}
RESULT: {}
COMMAND: POST /session/93f43bcbd844a5d98eb964b157ec9441/element - {"using":"xpath","value":"//input[contains(@id ,\"application-manageresources-display-component---newResourceUnit--SHORT_TEXT-inner\")]"}
COMMAND: GET /session/93f43bcbd844a5d98eb964b157ec9441/screenshot - {}
RESULT: {"using":"xpath","value":"//input[contains(@id ,\"application-manageresources-display-component---newResourceUnit--SHORT_TEXT-inner\")]"}
COMMAND: GET /session/93f43bcbd844a5d98eb964b157ec9441/element/f.0C3632C05FD2F0739639ED0A0E4218C8.d.D4F1AC69F656D46A11A959A31CC16C2F.e.4368/property/value - {}
RESULT: {}
RESULT: {}
COMMAND: POST /session/93f43bcbd844a5d98eb964b157ec9441/execute/async - {"script":"<script> [1562 bytes]","args":[{"selector":{"id":"application-manageresources-display-component---newResourceUnit--WEIGHT_UNIT-arrow"},"wdio_ui5_key":"applicationmanageresources-display-component---newResourceUnit--WEIGHT_UNIT-arrow"}]}
COMMAND: GET /session/93f43bcbd844a5d98eb964b157ec9441/screenshot - {}
RESULT: {"script":"<script> [1562 bytes]","args":[{"selector":{"id":"application-manageresources-display-component---newResourceUnit--WEIGHT_UNIT-arrow"},"wdio_ui5_key":"applicationmanageresources-display-component---newResourceUnit--WEIGHT_UNIT-arrow"}]}
RESULT: undefined
COMMAND: POST /session/93f43bcbd844a5d98eb964b157ec9441/element - {"using":"xpath","value":"//*[@id=\"application-manageresources-display-component---newResourceUnit--WEIGHT_UNIT-arrow\"]"}
RESULT: {}
RESULT: {"using":"xpath","value":"//*[@id=\"application-manageresources-display-component---newResourceUnit--WEIGHT_UNIT-arrow\"]"}
COMMAND: POST /session/93f43bcbd844a5d98eb964b157ec9441/element/f.0C3632C05FD2F0739639ED0A0E4218C8.d.D4F1AC69F656D46A11A959A31CC16C2F.e.4410/click - {}
RESULT: {}
COMMAND: POST /session/93f43bcbd844a5d98eb964b157ec9441/execute/async - {"script":"<script> [1562 bytes]","args":[{"selector":{"controlType":"sap.m.StandardListItem","viewName":"reusables.view.manageresources.NewResourceUnit","viewId":"application-manageresources-display-component---newResourceUnit","properties":{"title":"Gram"},"searchOpenDialogs":true,"interaction":{"idSuffix":"content"}},"wdio_ui5_key":"reusablesview.manageresources.NewResourceUnitsap.m.StandardListItem{\"title\":\"Gram\"}"}]}
COMMAND: GET /session/93f43bcbd844a5d98eb964b157ec9441/screenshot - {}
RESULT: {"script":"<script> [1562 bytes]","args":[{"selector":{"controlType":"sap.m.StandardListItem","viewName":"reusables.view.manageresources.NewResourceUnit","viewId":"application-manageresources-display-component---newResourceUnit","properties":{"title":"Gram"},"searchOpenDialogs":true,"interaction":{"idSuffix":"content"}},"wdio_ui5_key":"reusablesview.manageresources.NewResourceUnitsap.m.StandardListItem{\"title\":\"Gram\"}"}]}
RESULT: undefined
COMMAND: POST /session/93f43bcbd844a5d98eb964b157ec9441/element - {"using":"xpath","value":"//*[@id=\"__item2966\"]"}
RESULT: {}
RESULT: {"using":"xpath","value":"//*[@id=\"__item2966\"]"}
COMMAND: POST /session/93f43bcbd844a5d98eb964b157ec9441/element/f.0C3632C05FD2F0739639ED0A0E4218C8.d.D4F1AC69F656D46A11A959A31CC16C2F.e.4412/click - {}
RESULT: {}
COMMAND: POST /session/93f43bcbd844a5d98eb964b157ec9441/execute/async - {"script":"<script> [1562 bytes]","args":[{"selector":{"id":"application-manageresources-display-component---newResourceUnit--newRRUPage-OPHeaderContent-collapseBtn-img"},"wdio_ui5_key":"applicationmanageresources-display-component---newResourceUnit--newRRUPage-OPHeaderContent-collapseBtn-img"}]}
COMMAND: GET /session/93f43bcbd844a5d98eb964b157ec9441/screenshot - {}
RESULT: {"script":"<script> [1562 bytes]","args":[{"selector":{"id":"application-manageresources-display-component---newResourceUnit--newRRUPage-OPHeaderContent-collapseBtn-img"},"wdio_ui5_key":"applicationmanageresources-display-component---newResourceUnit--newRRUPage-OPHeaderContent-collapseBtn-img"}]}
RESULT: undefined
COMMAND: POST /session/93f43bcbd844a5d98eb964b157ec9441/element - {"using":"xpath","value":"//*[@id=\"application-manageresources-display-component---newResourceUnit--newRRUPage-OPHeaderContent-collapseBtn-img\"]"}
RESULT: {}
RESULT: {"using":"xpath","value":"//*[@id=\"application-manageresources-display-component---newResourceUnit--newRRUPage-OPHeaderContent-collapseBtn-img\"]"}
COMMAND: POST /session/93f43bcbd844a5d98eb964b157ec9441/element/f.0C3632C05FD2F0739639ED0A0E4218C8.d.D4F1AC69F656D46A11A959A31CC16C2F.e.4358/click - {}
RESULT: {}
COMMAND: GET /session/93f43bcbd844a5d98eb964b157ec9441/screenshot - {}
RESULT: {}
COMMAND: POST /session/93f43bcbd844a5d98eb964b157ec9441/element - {"using":"xpath","value":"(//span[contains(@id ,\"application-manageresources-display-component---newResourceUnit--DIMENSION_UNIT-arrow\")])[1]"}
RESULT: {"using":"xpath","value":"(//span[contains(@id ,\"application-manageresources-display-component---newResourceUnit--DIMENSION_UNIT-arrow\")])[1]"}
COMMAND: POST /session/93f43bcbd844a5d98eb964b157ec9441/element/f.0C3632C05FD2F0739639ED0A0E4218C8.d.D4F1AC69F656D46A11A959A31CC16C2F.e.4418/click - {}
RESULT: {}
COMMAND: GET /session/93f43bcbd844a5d98eb964b157ec9441/screenshot - {}
RESULT: {}
COMMAND: POST /session/93f43bcbd844a5d98eb964b157ec9441/execute/async - {"script":"<script> [1562 bytes]","args":[{"selector":{"controlType":"sap.m.StandardListItem","viewName":"reusables.view.manageresources.NewResourceUnit","viewId":"application-manageresources-display-component---newResourceUnit","properties":{"title":"Centimeter"},"searchOpenDialogs":true,"interaction":{"idSuffix":"titleText"}},"wdio_ui5_key":"reusablesview.manageresources.NewResourceUnitsap.m.StandardListItem{\"title\":\"Centimeter\"}"}]}
RESULT: {"script":"<script> [1562 bytes]","args":[{"selector":{"controlType":"sap.m.StandardListItem","viewName":"reusables.view.manageresources.NewResourceUnit","viewId":"application-manageresources-display-component---newResourceUnit","properties":{"title":"Centimeter"},"searchOpenDialogs":true,"interaction":{"idSuffix":"titleText"}},"wdio_ui5_key":"reusablesview.manageresources.NewResourceUnitsap.m.StandardListItem{\"title\":\"Centimeter\"}"}]}
RESULT: undefined
COMMAND: POST /session/93f43bcbd844a5d98eb964b157ec9441/element - {"using":"xpath","value":"//*[@id=\"__item2969\"]"}
RESULT: {"using":"xpath","value":"//*[@id=\"__item2969\"]"}
COMMAND: POST /session/93f43bcbd844a5d98eb964b157ec9441/element/f.0C3632C05FD2F0739639ED0A0E4218C8.d.D4F1AC69F656D46A11A959A31CC16C2F.e.4420/click - {}
RESULT: {}
COMMAND: POST /session/93f43bcbd844a5d98eb964b157ec9441/execute/async - {"script":"<script> [1562 bytes]","args":[{"selector":{"id":"application-manageresources-display-component---newResourceUnit--newRRUPage-anchBar-application-manageresources-display-component---newResourceUnit--reference-anchor","interaction":{"idSuffix":"BDI-content"}},"wdio_ui5_key":"applicationmanageresources-display-component---newResourceUnit--newRRUPage-anchBar-application-manageresources-display-component---newResourceUnit--reference-anchor"}]}
COMMAND: GET /session/93f43bcbd844a5d98eb964b157ec9441/screenshot - {}
RESULT: {"script":"<script> [1562 bytes]","args":[{"selector":{"id":"application-manageresources-display-component---newResourceUnit--newRRUPage-anchBar-application-manageresources-display-component---newResourceUnit--reference-anchor","interaction":{"idSuffix":"BDI-content"}},"wdio_ui5_key":"applicationmanageresources-display-component---newResourceUnit--newRRUPage-anchBar-application-manageresources-display-component---newResourceUnit--reference-anchor"}]}
RESULT: undefined
COMMAND: POST /session/93f43bcbd844a5d98eb964b157ec9441/element - {"using":"xpath","value":"//*[@id=\"application-manageresources-display-component---newResourceUnit--newRRUPage-anchBar-application-manageresources-display-component---newResourceUnit--reference-anchor\"]"}
RESULT: {}
RESULT: {"using":"xpath","value":"//*[@id=\"application-manageresources-display-component---newResourceUnit--newRRUPage-anchBar-application-manageresources-display-component---newResourceUnit--reference-anchor\"]"}
COMMAND: POST /session/93f43bcbd844a5d98eb964b157ec9441/element/f.0C3632C05FD2F0739639ED0A0E4218C8.d.D4F1AC69F656D46A11A959A31CC16C2F.e.4422/click - {}
RESULT: {}
COMMAND: POST /session/93f43bcbd844a5d98eb964b157ec9441/execute/async - {"script":"<script> [1562 bytes]","args":[{"selector":{"id":"application-manageresources-display-component---newResourceUnit--PLANNING_GROUP-arrow"},"wdio_ui5_key":"applicationmanageresources-display-component---newResourceUnit--PLANNING_GROUP-arrow"}]}
COMMAND: GET /session/93f43bcbd844a5d98eb964b157ec9441/screenshot - {}
RESULT: {"script":"<script> [1562 bytes]","args":[{"selector":{"id":"application-manageresources-display-component---newResourceUnit--PLANNING_GROUP-arrow"},"wdio_ui5_key":"applicationmanageresources-display-component---newResourceUnit--PLANNING_GROUP-arrow"}]}
RESULT: undefined
COMMAND: POST /session/93f43bcbd844a5d98eb964b157ec9441/element - {"using":"xpath","value":"//*[@id=\"application-manageresources-display-component---newResourceUnit--PLANNING_GROUP-arrow\"]"}
RESULT: {}
RESULT: {"using":"xpath","value":"//*[@id=\"application-manageresources-display-component---newResourceUnit--PLANNING_GROUP-arrow\"]"}
COMMAND: POST /session/93f43bcbd844a5d98eb964b157ec9441/element/f.0C3632C05FD2F0739639ED0A0E4218C8.d.D4F1AC69F656D46A11A959A31CC16C2F.e.4427/click - {}
RESULT: {}
COMMAND: POST /session/93f43bcbd844a5d98eb964b157ec9441/execute/async - {"script":"<script> [1562 bytes]","args":[{"selector":{"controlType":"sap.m.StandardListItem","viewName":"reusables.view.manageresources.NewResourceUnit","viewId":"application-manageresources-display-component---newResourceUnit","properties":{"title":"Heavy Equi"},"searchOpenDialogs":true,"interaction":{"idSuffix":"content"}},"wdio_ui5_key":"reusablesview.manageresources.NewResourceUnitsap.m.StandardListItem{\"title\":\"Heavy Equi\"}"}]}
COMMAND: GET /session/93f43bcbd844a5d98eb964b157ec9441/screenshot - {}
RESULT: {"script":"<script> [1562 bytes]","args":[{"selector":{"controlType":"sap.m.StandardListItem","viewName":"reusables.view.manageresources.NewResourceUnit","viewId":"application-manageresources-display-component---newResourceUnit","properties":{"title":"Heavy Equi"},"searchOpenDialogs":true,"interaction":{"idSuffix":"content"}},"wdio_ui5_key":"reusablesview.manageresources.NewResourceUnitsap.m.StandardListItem{\"title\":\"Heavy Equi\"}"}]}
RESULT: undefined
COMMAND: POST /session/93f43bcbd844a5d98eb964b157ec9441/element - {"using":"xpath","value":"//*[@id=\"__item2977\"]"}
RESULT: {}
RESULT: {"using":"xpath","value":"//*[@id=\"__item2977\"]"}
COMMAND: POST /session/93f43bcbd844a5d98eb964b157ec9441/element/f.0C3632C05FD2F0739639ED0A0E4218C8.d.D4F1AC69F656D46A11A959A31CC16C2F.e.4429/click - {}
RESULT: {}
COMMAND: GET /session/93f43bcbd844a5d98eb964b157ec9441/screenshot - {}
RESULT: {}
COMMAND: POST /session/93f43bcbd844a5d98eb964b157ec9441/execute/async - {"script":"<script> [1562 bytes]","args":[{"selector":{"id":"application-manageresources-display-component---newResourceUnit--PLANNING_INDICATOR-arrow"},"wdio_ui5_key":"applicationmanageresources-display-component---newResourceUnit--PLANNING_INDICATOR-arrow"}]}
RESULT: {"script":"<script> [1562 bytes]","args":[{"selector":{"id":"application-manageresources-display-component---newResourceUnit--PLANNING_INDICATOR-arrow"},"wdio_ui5_key":"applicationmanageresources-display-component---newResourceUnit--PLANNING_INDICATOR-arrow"}]}
RESULT: undefined
COMMAND: POST /session/93f43bcbd844a5d98eb964b157ec9441/element - {"using":"xpath","value":"//*[@id=\"application-manageresources-display-component---newResourceUnit--PLANNING_INDICATOR-arrow\"]"}
RESULT: {"using":"xpath","value":"//*[@id=\"application-manageresources-display-component---newResourceUnit--PLANNING_INDICATOR-arrow\"]"}
COMMAND: POST /session/93f43bcbd844a5d98eb964b157ec9441/element/f.0C3632C05FD2F0739639ED0A0E4218C8.d.D4F1AC69F656D46A11A959A31CC16C2F.e.4430/click - {}
RESULT: {}
COMMAND: POST /session/93f43bcbd844a5d98eb964b157ec9441/execute/async - {"script":"<script> [1562 bytes]","args":[{"selector":{"controlType":"sap.m.StandardListItem","viewName":"reusables.view.manageresources.NewResourceUnit","viewId":"application-manageresources-display-component---newResourceUnit","properties":{"title":"10 - infinite"},"searchOpenDialogs":true,"interaction":{"idSuffix":"content"}},"wdio_ui5_key":"reusablesview.manageresources.NewResourceUnitsap.m.StandardListItem{\"title\":\"10 - infinite\"}"}]}
COMMAND: GET /session/93f43bcbd844a5d98eb964b157ec9441/screenshot - {}
RESULT: {"script":"<script> [1562 bytes]","args":[{"selector":{"controlType":"sap.m.StandardListItem","viewName":"reusables.view.manageresources.NewResourceUnit","viewId":"application-manageresources-display-component---newResourceUnit","properties":{"title":"10 - infinite"},"searchOpenDialogs":true,"interaction":{"idSuffix":"content"}},"wdio_ui5_key":"reusablesview.manageresources.NewResourceUnitsap.m.StandardListItem{\"title\":\"10 - infinite\"}"}]}
RESULT: undefined
COMMAND: POST /session/93f43bcbd844a5d98eb964b157ec9441/element - {"using":"xpath","value":"//*[@id=\"__item2987\"]"}
RESULT: {}
RESULT: {"using":"xpath","value":"//*[@id=\"__item2987\"]"}
COMMAND: POST /session/93f43bcbd844a5d98eb964b157ec9441/element/f.0C3632C05FD2F0739639ED0A0E4218C8.d.D4F1AC69F656D46A11A959A31CC16C2F.e.4432/click - {}
RESULT: {}
COMMAND: GET /session/93f43bcbd844a5d98eb964b157ec9441/screenshot - {}
RESULT: {}
COMMAND: POST /session/93f43bcbd844a5d98eb964b157ec9441/element - {"using":"xpath","value":"//bdi[contains(text(), \"Time Segment\")]"}
RESULT: {"using":"xpath","value":"//bdi[contains(text(), \"Time Segment\")]"}
COMMAND: GET /session/93f43bcbd844a5d98eb964b157ec9441/element/f.0C3632C05FD2F0739639ED0A0E4218C8.d.D4F1AC69F656D46A11A959A31CC16C2F.e.4433/rect - {}
RESULT: {}
COMMAND: GET /session/93f43bcbd844a5d98eb964b157ec9441/window/rect - {}
RESULT: {}
COMMAND: POST /session/93f43bcbd844a5d98eb964b157ec9441/execute/sync - {"script":"<script> [92 bytes]","args":[]}
RESULT: {"script":"<script> [92 bytes]","args":[]}
COMMAND: POST /session/93f43bcbd844a5d98eb964b157ec9441/actions - {"actions":[{"id":"action34","type":"wheel","parameters":{},"actions":[{"type":"scroll","x":-1820,"y":-21,"deltaX":0,"deltaY":0,"duration":0,"origin":{"element-6066-11e4-a52e-4f735466cecf":"f.0C3632C05FD2F0739639ED0A0E4218C8.d.D4F1AC69F656D46A11A959A31CC16C2F.e.4433"}}]}]}
COMMAND: GET /session/93f43bcbd844a5d98eb964b157ec9441/screenshot - {}
RESULT: {}
COMMAND: POST /session/93f43bcbd844a5d98eb964b157ec9441/execute/sync - {"script":"<script> [79 bytes]","args":[{"element-6066-11e4-a52e-4f735466cecf":"f.0C3632C05FD2F0739639ED0A0E4218C8.d.D4F1AC69F656D46A11A959A31CC16C2F.e.4433","ELEMENT":"f.0C3632C05FD2F0739639ED0A0E4218C8.d.D4F1AC69F656D46A11A959A31CC16C2F.e.4433"},{"block":"start","inline":"nearest"}]}
RESULT: {"script":"<script> [79 bytes]","args":[{"element-6066-11e4-a52e-4f735466cecf":"f.0C3632C05FD2F0739639ED0A0E4218C8.d.D4F1AC69F656D46A11A959A31CC16C2F.e.4433","ELEMENT":"f.0C3632C05FD2F0739639ED0A0E4218C8.d.D4F1AC69F656D46A11A959A31CC16C2F.e.4433"},{"block":"start","inline":"nearest"}]}
COMMAND: GET /session/93f43bcbd844a5d98eb964b157ec9441/screenshot - {}
RESULT: {}
COMMAND: POST /session/93f43bcbd844a5d98eb964b157ec9441/element - {"using":"xpath","value":"//span[@id=\"application-manageresources-display-component---newResourceUnit--btnAddTimeSegment-img\"]"}
RESULT: {"using":"xpath","value":"//span[@id=\"application-manageresources-display-component---newResourceUnit--btnAddTimeSegment-img\"]"}
COMMAND: POST /session/93f43bcbd844a5d98eb964b157ec9441/execute/sync - {"script":"<script> [8489 bytes]","args":[{"element-6066-11e4-a52e-4f735466cecf":"f.0C3632C05FD2F0739639ED0A0E4218C8.d.D4F1AC69F656D46A11A959A31CC16C2F.e.4436","ELEMENT":"f.0C3632C05FD2F0739639ED0A0E4218C8.d.D4F1AC69F656D46A11A959A31CC16C2F.e.4436"}]}
RESULT: {"script":"<script> [8489 bytes]","args":[{"element-6066-11e4-a52e-4f735466cecf":"f.0C3632C05FD2F0739639ED0A0E4218C8.d.D4F1AC69F656D46A11A959A31CC16C2F.e.4436","ELEMENT":"f.0C3632C05FD2F0739639ED0A0E4218C8.d.D4F1AC69F656D46A11A959A31CC16C2F.e.4436"}]}
COMMAND: POST /session/93f43bcbd844a5d98eb964b157ec9441/element/f.0C3632C05FD2F0739639ED0A0E4218C8.d.D4F1AC69F656D46A11A959A31CC16C2F.e.4436/click - {}
COMMAND: GET /session/93f43bcbd844a5d98eb964b157ec9441/screenshot - {}
RESULT: {}
COMMAND: GET /session/93f43bcbd844a5d98eb964b157ec9441/screenshot - {}
RESULT: {}
COMMAND: POST /session/93f43bcbd844a5d98eb964b157ec9441/element - {"using":"xpath","value":"//input[@id=\"application-manageresources-display-component---newResourceUnit--idRuTSAdmin-application-manageresources-display-component---newResourceUnit--RUTimeSegment-0-inner\"]"}
RESULT: {}
RESULT: {"using":"xpath","value":"//input[@id=\"application-manageresources-display-component---newResourceUnit--idRuTSAdmin-application-manageresources-display-component---newResourceUnit--RUTimeSegment-0-inner\"]"}
COMMAND: POST /session/93f43bcbd844a5d98eb964b157ec9441/element/f.0C3632C05FD2F0739639ED0A0E4218C8.d.D4F1AC69F656D46A11A959A31CC16C2F.e.4439/clear - {}
RESULT: {}
COMMAND: POST /session/93f43bcbd844a5d98eb964b157ec9441/element/f.0C3632C05FD2F0739639ED0A0E4218C8.d.D4F1AC69F656D46A11A959A31CC16C2F.e.4439/value - {"text":"WebdriverYardsvnzc"}
COMMAND: GET /session/93f43bcbd844a5d98eb964b157ec9441/screenshot - {}
RESULT: {"text":"WebdriverYardsvnzc"}
COMMAND: GET /session/93f43bcbd844a5d98eb964b157ec9441/screenshot - {}
RESULT: {}
RESULT: {}
COMMAND: POST /session/93f43bcbd844a5d98eb964b157ec9441/actions - {"actions":[{"id":"action35","type":"key","parameters":{},"actions":[{"type":"keyDown","value":"î€‡"},{"type":"pause","duration":10},{"type":"keyUp","value":"î€‡"}]}]}
RESULT: {"actions":[{"id":"action35","type":"key","parameters":{},"actions":[{"type":"keyDown","value":"î€‡"},{"type":"pause","duration":10},{"type":"keyUp","value":"î€‡"}]}]}
COMMAND: GET /session/93f43bcbd844a5d98eb964b157ec9441/screenshot - {}
RESULT: {}
COMMAND: POST /session/93f43bcbd844a5d98eb964b157ec9441/execute/async - {"script":"<script> [1562 bytes]","args":[{"selector":{"controlType":"sap.m.Button","viewName":"reusables.view.manageresources.NewResourceUnit","viewId":"application-manageresources-display-component---newResourceUnit","i18NText":{"propertyName":"tooltip","key":"save"},"interaction":{"idSuffix":"BDI-content"}},"wdio_ui5_key":"reusablesview.manageresources.NewResourceUnitsap.m.Button{\"propertyName\":\"tooltip\",\"key\":\"save\"}"}]}
RESULT: {"script":"<script> [1562 bytes]","args":[{"selector":{"controlType":"sap.m.Button","viewName":"reusables.view.manageresources.NewResourceUnit","viewId":"application-manageresources-display-component---newResourceUnit","i18NText":{"propertyName":"tooltip","key":"save"},"interaction":{"idSuffix":"BDI-content"}},"wdio_ui5_key":"reusablesview.manageresources.NewResourceUnitsap.m.Button{\"propertyName\":\"tooltip\",\"key\":\"save\"}"}]}
RESULT: undefined
COMMAND: POST /session/93f43bcbd844a5d98eb964b157ec9441/element - {"using":"xpath","value":"//*[@id=\"application-manageresources-display-component---newResourceUnit--createRuButton\"]"}
RESULT: {"using":"xpath","value":"//*[@id=\"application-manageresources-display-component---newResourceUnit--createRuButton\"]"}
COMMAND: POST /session/93f43bcbd844a5d98eb964b157ec9441/element/f.0C3632C05FD2F0739639ED0A0E4218C8.d.D4F1AC69F656D46A11A959A31CC16C2F.e.4364/click - {}
RESULT: {}
COMMAND: GET /session/93f43bcbd844a5d98eb964b157ec9441/screenshot - {}
RESULT: {}
COMMAND: POST /session/93f43bcbd844a5d98eb964b157ec9441/execute/async - {"script":"<script> [1562 bytes]","args":[{"selector":{"controlType":"sap.m.Title","properties":{"text":"Success"},"searchOpenDialogs":true},"wdio_ui5_key":"sapm.Title{\"text\":\"Success\"}"}]}
RESULT: {"script":"<script> [1562 bytes]","args":[{"selector":{"controlType":"sap.m.Title","properties":{"text":"Success"},"searchOpenDialogs":true},"wdio_ui5_key":"sapm.Title{\"text\":\"Success\"}"}]}
RESULT: undefined
COMMAND: POST /session/93f43bcbd844a5d98eb964b157ec9441/execute/async - {"script":"<script> [6424 bytes]","args":[{"element-6066-11e4-a52e-4f735466cecf":"f.0C3632C05FD2F0739639ED0A0E4218C8.d.D4F1AC69F656D46A11A959A31CC16C2F.e.4453"},"getText",[]]}
RESULT: {"script":"<script> [6424 bytes]","args":[{"element-6066-11e4-a52e-4f735466cecf":"f.0C3632C05FD2F0739639ED0A0E4218C8.d.D4F1AC69F656D46A11A959A31CC16C2F.e.4453"},"getText",[]]}
COMMAND: POST /session/93f43bcbd844a5d98eb964b157ec9441/element - {"using":"xpath","value":"//*[contains(@id, '__text') and (contains(text(), 'successfully created') or contains(., 'successfully created'))]"}
RESULT: {"using":"xpath","value":"//*[contains(@id, '__text') and (contains(text(), 'successfully created') or contains(., 'successfully created'))]"}
COMMAND: GET /session/93f43bcbd844a5d98eb964b157ec9441/element/f.0C3632C05FD2F0739639ED0A0E4218C8.d.D4F1AC69F656D46A11A959A31CC16C2F.e.4452/text - {}
RESULT: {}
COMMAND: POST /session/93f43bcbd844a5d98eb964b157ec9441/execute/async - {"script":"<script> [1562 bytes]","args":[{"selector":{"controlType":"sap.m.Button","properties":{"text":"Close"},"searchOpenDialogs":true,"interaction":{"idSuffix":"BDI-content"}},"wdio_ui5_key":"sapm.Button{\"text\":\"Close\"}"}]}
RESULT: {"script":"<script> [1562 bytes]","args":[{"selector":{"controlType":"sap.m.Button","properties":{"text":"Close"},"searchOpenDialogs":true,"interaction":{"idSuffix":"BDI-content"}},"wdio_ui5_key":"sapm.Button{\"text\":\"Close\"}"}]}
RESULT: undefined
COMMAND: POST /session/93f43bcbd844a5d98eb964b157ec9441/element - {"using":"xpath","value":"//*[@id=\"__mbox-btn-1\"]"}
RESULT: {"using":"xpath","value":"//*[@id=\"__mbox-btn-1\"]"}
COMMAND: POST /session/93f43bcbd844a5d98eb964b157ec9441/element/f.0C3632C05FD2F0739639ED0A0E4218C8.d.D4F1AC69F656D46A11A959A31CC16C2F.e.4450/click - {}
RESULT: {}
COMMAND: GET /session/93f43bcbd844a5d98eb964b157ec9441/screenshot - {}
RESULT: {}
COMMAND: POST /session/93f43bcbd844a5d98eb964b157ec9441/execute/async - {"script":"<script> [1562 bytes]","args":[{"selector":{"controlType":"sap.ui.core.Icon","viewName":"etm.portal.ui.manageresources.view.Detail","viewId":"application-manageresources-display-component---detailRU","properties":{"src":{"regex":{"source":"overflow"}}}},"wdio_ui5_key":"etmportal.ui.manageresources.view.Detailsap.ui.core.Icon{\"src\":{\"regex\":{\"source\":\"overflow\"}}}"}]}
RESULT: {"script":"<script> [1562 bytes]","args":[{"selector":{"controlType":"sap.ui.core.Icon","viewName":"etm.portal.ui.manageresources.view.Detail","viewId":"application-manageresources-display-component---detailRU","properties":{"src":{"regex":{"source":"overflow"}}}},"wdio_ui5_key":"etmportal.ui.manageresources.view.Detailsap.ui.core.Icon{\"src\":{\"regex\":{\"source\":\"overflow\"}}}"}]}
RESULT: undefined
COMMAND: POST /session/93f43bcbd844a5d98eb964b157ec9441/element - {"using":"xpath","value":"//*[@id=\"__title82-_actionsToolbar-overflowButton-img\"]"}
RESULT: {"using":"xpath","value":"//*[@id=\"__title82-_actionsToolbar-overflowButton-img\"]"}
COMMAND: POST /session/93f43bcbd844a5d98eb964b157ec9441/element/f.0C3632C05FD2F0739639ED0A0E4218C8.d.D4F1AC69F656D46A11A959A31CC16C2F.e.4485/click - {}
RESULT: {}
COMMAND: POST /session/93f43bcbd844a5d98eb964b157ec9441/execute/async - {"script":"<script> [1562 bytes]","args":[{"selector":{"controlType":"sap.m.Button","viewName":"etm.portal.ui.manageresources.view.Detail","viewId":"application-manageresources-display-component---detailRU","i18NText":{"propertyName":"tooltip","key":"closeColumn"},"searchOpenDialogs":true,"interaction":{"idSuffix":"inner"}},"wdio_ui5_key":"etmportal.ui.manageresources.view.Detailsap.m.Button{\"propertyName\":\"tooltip\",\"key\":\"closeColumn\"}"}]}
COMMAND: GET /session/93f43bcbd844a5d98eb964b157ec9441/screenshot - {}
RESULT: {"script":"<script> [1562 bytes]","args":[{"selector":{"controlType":"sap.m.Button","viewName":"etm.portal.ui.manageresources.view.Detail","viewId":"application-manageresources-display-component---detailRU","i18NText":{"propertyName":"tooltip","key":"closeColumn"},"searchOpenDialogs":true,"interaction":{"idSuffix":"inner"}},"wdio_ui5_key":"etmportal.ui.manageresources.view.Detailsap.m.Button{\"propertyName\":\"tooltip\",\"key\":\"closeColumn\"}"}]}
RESULT: undefined
COMMAND: POST /session/93f43bcbd844a5d98eb964b157ec9441/element - {"using":"xpath","value":"//*[@id=\"__button251\"]"}
RESULT: {}
RESULT: {"using":"xpath","value":"//*[@id=\"__button251\"]"}
COMMAND: POST /session/93f43bcbd844a5d98eb964b157ec9441/element/f.0C3632C05FD2F0739639ED0A0E4218C8.d.D4F1AC69F656D46A11A959A31CC16C2F.e.4489/click - {}
RESULT: {}
COMMAND: GET /session/93f43bcbd844a5d98eb964b157ec9441/screenshot - {}
RESULT: {}
COMMAND: POST /session/93f43bcbd844a5d98eb964b157ec9441/refresh - {}
RESULT: {}
COMMAND: GET /session/93f43bcbd844a5d98eb964b157ec9441/screenshot - {}
RESULT: {}
COMMAND: POST /session/93f43bcbd844a5d98eb964b157ec9441/execute/async - {"script":"<script> [189 bytes]","args":[]}
RESULT: {"script":"<script> [189 bytes]","args":[]}
COMMAND: POST /session/93f43bcbd844a5d98eb964b157ec9441/execute/async - {"script":"<script> [123 bytes]","args":[]}
RESULT: {"script":"<script> [123 bytes]","args":[]}
COMMAND: POST /session/93f43bcbd844a5d98eb964b157ec9441/timeouts - {"script":"<number>"}
RESULT: {"script":"<number>"}
COMMAND: GET /session/93f43bcbd844a5d98eb964b157ec9441/timeouts - {}
RESULT: {}
RESULT: undefined
COMMAND: POST /session/93f43bcbd844a5d98eb964b157ec9441/execute/async - {"script":"<script> [2676 bytes]","args":[]}
RESULT: {"script":"<script> [2676 bytes]","args":[]}
COMMAND: POST /session/93f43bcbd844a5d98eb964b157ec9441/execute/async - {"script":"<script> [2342 bytes]","args":[{"protocol":"http","hostname":"0.0.0.0","path":"/","capabilities":{"browserName":"chrome","goog:chromeOptions":{"binary":"C:\\Program Files\\Google\\Chrome\\Application\\chrome.exe","args":["--start-maximized"]}},"logLevel":"warn","connectionRetryTimeout":120000,"connectionRetryCount":3,"logLevels":{},"enableDirectConnect":true,"strictSSL":true,"_":"65 more keys: [\"cacheDir\",\"port\",\"requestedCapabilities\",\"automationProtocol\",\"baseUrl\",\"waitforInterval\",\"waitforTimeout\",\"onReload\",\"beforeCommand\",\"afterCommand\",\"rootDir\",\"specs\",\"suites\",\"exclude\",\"groupLogsByTestSpec\",\"excludeDriverLogs\",\"bail\",\"framework\",\"reporters\",\"services\",\"maxInstances\",\"maxInstancesPerCapability\",\"injectGlobals\",\"filesToWatch\",\"execArgv\",\"runnerEnv\",\"runner\",\"shard\",\"specFileRetries\",\"specFileRetriesDelay\",\"specFileRetriesDeferred\",\"reporterSyncInterval\",\"reporterSyncTimeout\",\"cucumberFeaturesWithLineNumbers\",\"autoCompileOpts\",\"mochaOpts\",\"jasmineOpts\",\"cucumberOpts\",\"onPrepare\",\"onWorkerStart\",\"onWorkerEnd\",\"before\",\"beforeSession\",\"beforeSuite\",\"beforeHook\",\"beforeTest\",\"afterTest\",\"afterHook\",\"afterSuite\",\"afterSession\",\"after\",\"onComplete\",\"beforeAssertion\",\"afterAssertion\",\"beforeFeature\",\"beforeScenario\",\"beforeStep\",\"afterStep\",\"afterScenario\",\"afterFeature\",\"_\",\"suite\",\"$0\",\"ignoredWorkerServices\",\"wdi5\"]"}]}
RESULT: {"script":"<script> [2342 bytes]","args":[{"protocol":"http","hostname":"0.0.0.0","path":"/","capabilities":{"browserName":"chrome","goog:chromeOptions":{"binary":"C:\\Program Files\\Google\\Chrome\\Application\\chrome.exe","args":["--start-maximized"]}},"logLevel":"warn","connectionRetryTimeout":120000,"connectionRetryCount":3,"logLevels":{},"enableDirectConnect":true,"strictSSL":true,"_":"65 more keys: [\"cacheDir\",\"port\",\"requestedCapabilities\",\"automationProtocol\",\"baseUrl\",\"waitforInterval\",\"waitforTimeout\",\"onReload\",\"beforeCommand\",\"afterCommand\",\"rootDir\",\"specs\",\"suites\",\"exclude\",\"groupLogsByTestSpec\",\"excludeDriverLogs\",\"bail\",\"framework\",\"reporters\",\"services\",\"maxInstances\",\"maxInstancesPerCapability\",\"injectGlobals\",\"filesToWatch\",\"execArgv\",\"runnerEnv\",\"runner\",\"shard\",\"specFileRetries\",\"specFileRetriesDelay\",\"specFileRetriesDeferred\",\"reporterSyncInterval\",\"reporterSyncTimeout\",\"cucumberFeaturesWithLineNumbers\",\"autoCompileOpts\",\"mochaOpts\",\"jasmineOpts\",\"cucumberOpts\",\"onPrepare\",\"onWorkerStart\",\"onWorkerEnd\",\"before\",\"beforeSession\",\"beforeSuite\",\"beforeHook\",\"beforeTest\",\"afterTest\",\"afterHook\",\"afterSuite\",\"afterSession\",\"after\",\"onComplete\",\"beforeAssertion\",\"afterAssertion\",\"beforeFeature\",\"beforeScenario\",\"beforeStep\",\"afterStep\",\"afterScenario\",\"afterFeature\",\"_\",\"suite\",\"$0\",\"ignoredWorkerServices\",\"wdi5\"]"}]}
COMMAND: POST /session/93f43bcbd844a5d98eb964b157ec9441/execute/async - {"script":"<script> [21126 bytes]","args":[35000]}
RESULT: {"script":"<script> [21126 bytes]","args":[35000]}
COMMAND: POST /session/93f43bcbd844a5d98eb964b157ec9441/element - {"using":"css selector","value":"#shell-header-logo"}
RESULT: {"using":"css selector","value":"#shell-header-logo"}
COMMAND: POST /session/93f43bcbd844a5d98eb964b157ec9441/element/f.0C3632C05FD2F0739639ED0A0E4218C8.d.AA7AB5EE239FE850F7EB0D0F003566E9.e.4590/click - {}
RESULT: {}
COMMAND: GET /session/93f43bcbd844a5d98eb964b157ec9441/screenshot - {}
RESULT: {}
COMMAND: POST /session/93f43bcbd844a5d98eb964b157ec9441/element - {"using":"css selector","value":"#shell-header-logo"}
RESULT: {"using":"css selector","value":"#shell-header-logo"}
COMMAND: POST /session/93f43bcbd844a5d98eb964b157ec9441/element/f.0C3632C05FD2F0739639ED0A0E4218C8.d.AA7AB5EE239FE850F7EB0D0F003566E9.e.4590/click - {}
RESULT: {}
COMMAND: GET /session/93f43bcbd844a5d98eb964b157ec9441/screenshot - {}
RESULT: {}
]]></system-out>
    </testcase>
    <testcase classname="chrome.135_0_7049_96.windows.Manage_request_+_Contract_processing_pick_up_option_US120163_" name="Should Create New Request pick up option" time="218.863">
      <system-out><![CDATA[
COMMAND: POST /session/93f43bcbd844a5d98eb964b157ec9441/element - {"using":"css selector","value":"#shell-header-logo"}
RESULT: {"using":"css selector","value":"#shell-header-logo"}
COMMAND: POST /session/93f43bcbd844a5d98eb964b157ec9441/element/f.0C3632C05FD2F0739639ED0A0E4218C8.d.AA7AB5EE239FE850F7EB0D0F003566E9.e.4766/click - {}
RESULT: {}
COMMAND: GET /session/93f43bcbd844a5d98eb964b157ec9441/screenshot - {}
RESULT: {}
COMMAND: POST /session/93f43bcbd844a5d98eb964b157ec9441/execute/async - {"script":"<script> [1562 bytes]","args":[{"selector":{"controlType":"sap.m.GenericTile","properties":{"header":"Manage Requests"}},"wdio_ui5_key":"sapm.GenericTile{\"header\":\"Manage Requests\"}"}]}
RESULT: {"script":"<script> [1562 bytes]","args":[{"selector":{"controlType":"sap.m.GenericTile","properties":{"header":"Manage Requests"}},"wdio_ui5_key":"sapm.GenericTile{\"header\":\"Manage Requests\"}"}]}
RESULT: undefined
COMMAND: POST /session/93f43bcbd844a5d98eb964b157ec9441/element - {"using":"xpath","value":"//*[@id=\"__tile47\"]"}
RESULT: {"using":"xpath","value":"//*[@id=\"__tile47\"]"}
COMMAND: POST /session/93f43bcbd844a5d98eb964b157ec9441/element/f.0C3632C05FD2F0739639ED0A0E4218C8.d.AA7AB5EE239FE850F7EB0D0F003566E9.e.4775/click - {}
RESULT: {}
COMMAND: GET /session/93f43bcbd844a5d98eb964b157ec9441/screenshot - {}
RESULT: {}
COMMAND: POST /session/93f43bcbd844a5d98eb964b157ec9441/refresh - {}
RESULT: {}
COMMAND: GET /session/93f43bcbd844a5d98eb964b157ec9441/screenshot - {}
RESULT: {}
COMMAND: POST /session/93f43bcbd844a5d98eb964b157ec9441/execute/async - {"script":"<script> [189 bytes]","args":[]}
RESULT: {"script":"<script> [189 bytes]","args":[]}
COMMAND: POST /session/93f43bcbd844a5d98eb964b157ec9441/execute/async - {"script":"<script> [123 bytes]","args":[]}
RESULT: {"script":"<script> [123 bytes]","args":[]}
COMMAND: POST /session/93f43bcbd844a5d98eb964b157ec9441/timeouts - {"script":"<number>"}
RESULT: {"script":"<number>"}
COMMAND: GET /session/93f43bcbd844a5d98eb964b157ec9441/timeouts - {}
RESULT: {}
RESULT: undefined
COMMAND: POST /session/93f43bcbd844a5d98eb964b157ec9441/execute/async - {"script":"<script> [2676 bytes]","args":[]}
RESULT: {"script":"<script> [2676 bytes]","args":[]}
COMMAND: POST /session/93f43bcbd844a5d98eb964b157ec9441/execute/async - {"script":"<script> [2342 bytes]","args":[{"protocol":"http","hostname":"0.0.0.0","path":"/","capabilities":{"browserName":"chrome","goog:chromeOptions":{"binary":"C:\\Program Files\\Google\\Chrome\\Application\\chrome.exe","args":["--start-maximized"]}},"logLevel":"warn","connectionRetryTimeout":120000,"connectionRetryCount":3,"logLevels":{},"enableDirectConnect":true,"strictSSL":true,"_":"65 more keys: [\"cacheDir\",\"port\",\"requestedCapabilities\",\"automationProtocol\",\"baseUrl\",\"waitforInterval\",\"waitforTimeout\",\"onReload\",\"beforeCommand\",\"afterCommand\",\"rootDir\",\"specs\",\"suites\",\"exclude\",\"groupLogsByTestSpec\",\"excludeDriverLogs\",\"bail\",\"framework\",\"reporters\",\"services\",\"maxInstances\",\"maxInstancesPerCapability\",\"injectGlobals\",\"filesToWatch\",\"execArgv\",\"runnerEnv\",\"runner\",\"shard\",\"specFileRetries\",\"specFileRetriesDelay\",\"specFileRetriesDeferred\",\"reporterSyncInterval\",\"reporterSyncTimeout\",\"cucumberFeaturesWithLineNumbers\",\"autoCompileOpts\",\"mochaOpts\",\"jasmineOpts\",\"cucumberOpts\",\"onPrepare\",\"onWorkerStart\",\"onWorkerEnd\",\"before\",\"beforeSession\",\"beforeSuite\",\"beforeHook\",\"beforeTest\",\"afterTest\",\"afterHook\",\"afterSuite\",\"afterSession\",\"after\",\"onComplete\",\"beforeAssertion\",\"afterAssertion\",\"beforeFeature\",\"beforeScenario\",\"beforeStep\",\"afterStep\",\"afterScenario\",\"afterFeature\",\"_\",\"suite\",\"$0\",\"ignoredWorkerServices\",\"wdi5\"]"}]}
RESULT: {"script":"<script> [2342 bytes]","args":[{"protocol":"http","hostname":"0.0.0.0","path":"/","capabilities":{"browserName":"chrome","goog:chromeOptions":{"binary":"C:\\Program Files\\Google\\Chrome\\Application\\chrome.exe","args":["--start-maximized"]}},"logLevel":"warn","connectionRetryTimeout":120000,"connectionRetryCount":3,"logLevels":{},"enableDirectConnect":true,"strictSSL":true,"_":"65 more keys: [\"cacheDir\",\"port\",\"requestedCapabilities\",\"automationProtocol\",\"baseUrl\",\"waitforInterval\",\"waitforTimeout\",\"onReload\",\"beforeCommand\",\"afterCommand\",\"rootDir\",\"specs\",\"suites\",\"exclude\",\"groupLogsByTestSpec\",\"excludeDriverLogs\",\"bail\",\"framework\",\"reporters\",\"services\",\"maxInstances\",\"maxInstancesPerCapability\",\"injectGlobals\",\"filesToWatch\",\"execArgv\",\"runnerEnv\",\"runner\",\"shard\",\"specFileRetries\",\"specFileRetriesDelay\",\"specFileRetriesDeferred\",\"reporterSyncInterval\",\"reporterSyncTimeout\",\"cucumberFeaturesWithLineNumbers\",\"autoCompileOpts\",\"mochaOpts\",\"jasmineOpts\",\"cucumberOpts\",\"onPrepare\",\"onWorkerStart\",\"onWorkerEnd\",\"before\",\"beforeSession\",\"beforeSuite\",\"beforeHook\",\"beforeTest\",\"afterTest\",\"afterHook\",\"afterSuite\",\"afterSession\",\"after\",\"onComplete\",\"beforeAssertion\",\"afterAssertion\",\"beforeFeature\",\"beforeScenario\",\"beforeStep\",\"afterStep\",\"afterScenario\",\"afterFeature\",\"_\",\"suite\",\"$0\",\"ignoredWorkerServices\",\"wdi5\"]"}]}
COMMAND: POST /session/93f43bcbd844a5d98eb964b157ec9441/execute/async - {"script":"<script> [21126 bytes]","args":[35000]}
RESULT: {"script":"<script> [21126 bytes]","args":[35000]}
COMMAND: POST /session/93f43bcbd844a5d98eb964b157ec9441/element - {"using":"xpath","value":"//button[contains(@data-kt ,\"btnCreateNewOverflowToolbarButton\")]"}
COMMAND: POST /session/93f43bcbd844a5d98eb964b157ec9441/element - {"using":"xpath","value":"(//span[contains(@class ,\"sapMObjStatusText\")])[1]"}
RESULT: {"using":"xpath","value":"//button[contains(@data-kt ,\"btnCreateNewOverflowToolbarButton\")]"}
COMMAND: POST /session/93f43bcbd844a5d98eb964b157ec9441/element/f.0C3632C05FD2F0739639ED0A0E4218C8.d.11AE2267742BBCA7468322B5CCA8B2B2.e.4870/click - {}
RESULT: {"using":"xpath","value":"(//span[contains(@class ,\"sapMObjStatusText\")])[1]"}
COMMAND: POST /session/93f43bcbd844a5d98eb964b157ec9441/execute/sync - {"script":"<script> [8489 bytes]","args":[{"element-6066-11e4-a52e-4f735466cecf":"f.0C3632C05FD2F0739639ED0A0E4218C8.d.11AE2267742BBCA7468322B5CCA8B2B2.e.4911","ELEMENT":"f.0C3632C05FD2F0739639ED0A0E4218C8.d.11AE2267742BBCA7468322B5CCA8B2B2.e.4911"}]}
RESULT: {}
COMMAND: GET /session/93f43bcbd844a5d98eb964b157ec9441/screenshot - {}
RESULT: {"script":"<script> [8489 bytes]","args":[{"element-6066-11e4-a52e-4f735466cecf":"f.0C3632C05FD2F0739639ED0A0E4218C8.d.11AE2267742BBCA7468322B5CCA8B2B2.e.4911","ELEMENT":"f.0C3632C05FD2F0739639ED0A0E4218C8.d.11AE2267742BBCA7468322B5CCA8B2B2.e.4911"}]}
COMMAND: GET /session/93f43bcbd844a5d98eb964b157ec9441/screenshot - {}
RESULT: {}
RESULT: {}
COMMAND: POST /session/93f43bcbd844a5d98eb964b157ec9441/element - {"using":"xpath","value":"//input[contains(@id ,\"yardId-inner\")]"}
RESULT: {"using":"xpath","value":"//input[contains(@id ,\"yardId-inner\")]"}
COMMAND: POST /session/93f43bcbd844a5d98eb964b157ec9441/execute/sync - {"script":"<script> [8489 bytes]","args":[{"element-6066-11e4-a52e-4f735466cecf":"f.0C3632C05FD2F0739639ED0A0E4218C8.d.11AE2267742BBCA7468322B5CCA8B2B2.e.5158","ELEMENT":"f.0C3632C05FD2F0739639ED0A0E4218C8.d.11AE2267742BBCA7468322B5CCA8B2B2.e.5158"}]}
RESULT: {"script":"<script> [8489 bytes]","args":[{"element-6066-11e4-a52e-4f735466cecf":"f.0C3632C05FD2F0739639ED0A0E4218C8.d.11AE2267742BBCA7468322B5CCA8B2B2.e.5158","ELEMENT":"f.0C3632C05FD2F0739639ED0A0E4218C8.d.11AE2267742BBCA7468322B5CCA8B2B2.e.5158"}]}
COMMAND: POST /session/93f43bcbd844a5d98eb964b157ec9441/element - {"using":"xpath","value":"//input[contains(@id ,\"requestContractNo-inner\")]"}
COMMAND: POST /session/93f43bcbd844a5d98eb964b157ec9441/element - {"using":"xpath","value":"//input[contains(@id ,\"yardId-inner\")]"}
COMMAND: GET /session/93f43bcbd844a5d98eb964b157ec9441/screenshot - {}
RESULT: {"using":"xpath","value":"//input[contains(@id ,\"yardId-inner\")]"}
COMMAND: GET /session/93f43bcbd844a5d98eb964b157ec9441/element/f.0C3632C05FD2F0739639ED0A0E4218C8.d.11AE2267742BBCA7468322B5CCA8B2B2.e.5158/enabled - {}
RESULT: {"using":"xpath","value":"//input[contains(@id ,\"requestContractNo-inner\")]"}
COMMAND: POST /session/93f43bcbd844a5d98eb964b157ec9441/element/f.0C3632C05FD2F0739639ED0A0E4218C8.d.11AE2267742BBCA7468322B5CCA8B2B2.e.5153/value - {"text":"10272"}
RESULT: {}
RESULT: {}
COMMAND: GET /session/93f43bcbd844a5d98eb964b157ec9441/screenshot - {}
RESULT: {"text":"10272"}
COMMAND: GET /session/93f43bcbd844a5d98eb964b157ec9441/screenshot - {}
RESULT: {}
RESULT: {}
COMMAND: POST /session/93f43bcbd844a5d98eb964b157ec9441/actions - {"actions":[{"id":"action36","type":"key","parameters":{},"actions":[{"type":"keyDown","value":"î€‡"},{"type":"pause","duration":10},{"type":"keyUp","value":"î€‡"}]}]}
RESULT: {"actions":[{"id":"action36","type":"key","parameters":{},"actions":[{"type":"keyDown","value":"î€‡"},{"type":"pause","duration":10},{"type":"keyUp","value":"î€‡"}]}]}
COMMAND: GET /session/93f43bcbd844a5d98eb964b157ec9441/screenshot - {}
RESULT: {}
COMMAND: POST /session/93f43bcbd844a5d98eb964b157ec9441/execute/async - {"script":"<script> [1562 bytes]","args":[{"selector":{"controlType":"sap.m.Button","viewName":"etm.portal.ui.managerequests.view.NewRequest","properties":{"text":"Items"},"interaction":{"idSuffix":"BDI-content"}},"wdio_ui5_key":"etmportal.ui.managerequests.view.NewRequestsap.m.Button{\"text\":\"Items\"}"}]}
RESULT: {"script":"<script> [1562 bytes]","args":[{"selector":{"controlType":"sap.m.Button","viewName":"etm.portal.ui.managerequests.view.NewRequest","properties":{"text":"Items"},"interaction":{"idSuffix":"BDI-content"}},"wdio_ui5_key":"etmportal.ui.managerequests.view.NewRequestsap.m.Button{\"text\":\"Items\"}"}]}
RESULT: undefined
COMMAND: POST /session/93f43bcbd844a5d98eb964b157ec9441/element - {"using":"xpath","value":"//*[@id=\"__xmlview1--newRequestPage-anchBar-__xmlview1--requestItemsSection-anchor\"]"}
RESULT: {"using":"xpath","value":"//*[@id=\"__xmlview1--newRequestPage-anchBar-__xmlview1--requestItemsSection-anchor\"]"}
COMMAND: POST /session/93f43bcbd844a5d98eb964b157ec9441/element/f.0C3632C05FD2F0739639ED0A0E4218C8.d.11AE2267742BBCA7468322B5CCA8B2B2.e.5265/click - {}
RESULT: {}
COMMAND: GET /session/93f43bcbd844a5d98eb964b157ec9441/screenshot - {}
RESULT: {}
COMMAND: POST /session/93f43bcbd844a5d98eb964b157ec9441/execute/async - {"script":"<script> [1562 bytes]","args":[{"selector":{"controlType":"sap.ui.core.Icon","viewName":"etm.portal.ui.managerequests.view.NewRequest","properties":{"src":{"regex":{"source":"inspect"}}}},"wdio_ui5_key":"etmportal.ui.managerequests.view.NewRequestsap.ui.core.Icon{\"src\":{\"regex\":{\"source\":\"inspect\"}}}"}]}
RESULT: {"script":"<script> [1562 bytes]","args":[{"selector":{"controlType":"sap.ui.core.Icon","viewName":"etm.portal.ui.managerequests.view.NewRequest","properties":{"src":{"regex":{"source":"inspect"}}}},"wdio_ui5_key":"etmportal.ui.managerequests.view.NewRequestsap.ui.core.Icon{\"src\":{\"regex\":{\"source\":\"inspect\"}}}"}]}
RESULT: undefined
COMMAND: POST /session/93f43bcbd844a5d98eb964b157ec9441/element - {"using":"xpath","value":"//*[@id=\"__button8-img\"]"}
RESULT: {"using":"xpath","value":"//*[@id=\"__button8-img\"]"}
COMMAND: POST /session/93f43bcbd844a5d98eb964b157ec9441/element/f.0C3632C05FD2F0739639ED0A0E4218C8.d.11AE2267742BBCA7468322B5CCA8B2B2.e.5271/click - {}
RESULT: {}
COMMAND: GET /session/93f43bcbd844a5d98eb964b157ec9441/screenshot - {}
RESULT: {}
COMMAND: POST /session/93f43bcbd844a5d98eb964b157ec9441/execute/async - {"script":"<script> [1562 bytes]","args":[{"selector":{"controlType":"sap.ui.core.Icon","viewName":"etm.portal.ui.managerequests.view.NewRequest","properties":{"src":{"regex":{"source":"add"}}}},"wdio_ui5_key":"etmportal.ui.managerequests.view.NewRequestsap.ui.core.Icon{\"src\":{\"regex\":{\"source\":\"add\"}}}"}]}
RESULT: {"script":"<script> [1562 bytes]","args":[{"selector":{"controlType":"sap.ui.core.Icon","viewName":"etm.portal.ui.managerequests.view.NewRequest","properties":{"src":{"regex":{"source":"add"}}}},"wdio_ui5_key":"etmportal.ui.managerequests.view.NewRequestsap.ui.core.Icon{\"src\":{\"regex\":{\"source\":\"add\"}}}"}]}
RESULT: undefined
COMMAND: POST /session/93f43bcbd844a5d98eb964b157ec9441/element - {"using":"xpath","value":"//*[@id=\"__xmlview1--btnAddTableRow-img\"]"}
RESULT: {"using":"xpath","value":"//*[@id=\"__xmlview1--btnAddTableRow-img\"]"}
COMMAND: POST /session/93f43bcbd844a5d98eb964b157ec9441/element/f.0C3632C05FD2F0739639ED0A0E4218C8.d.11AE2267742BBCA7468322B5CCA8B2B2.e.5091/click - {}
RESULT: {}
COMMAND: GET /session/93f43bcbd844a5d98eb964b157ec9441/screenshot - {}
RESULT: {}
COMMAND: POST /session/93f43bcbd844a5d98eb964b157ec9441/execute/async - {"script":"<script> [1562 bytes]","args":[{"selector":{"controlType":"sap.ui.unified.MenuItem","viewName":"etm.portal.ui.managerequests.view.NewRequest","i18NText":{"propertyName":"text","key":"standardEntry"},"searchOpenDialogs":true,"interaction":{"idSuffix":"txt"}},"wdio_ui5_key":"etmportal.ui.managerequests.view.NewRequestsap.ui.unified.MenuItem{\"propertyName\":\"text\",\"key\":\"standardEntry\"}"}]}
RESULT: {"script":"<script> [1562 bytes]","args":[{"selector":{"controlType":"sap.ui.unified.MenuItem","viewName":"etm.portal.ui.managerequests.view.NewRequest","i18NText":{"propertyName":"text","key":"standardEntry"},"searchOpenDialogs":true,"interaction":{"idSuffix":"txt"}},"wdio_ui5_key":"etmportal.ui.managerequests.view.NewRequestsap.ui.unified.MenuItem{\"propertyName\":\"text\",\"key\":\"standardEntry\"}"}]}
RESULT: undefined
COMMAND: POST /session/93f43bcbd844a5d98eb964b157ec9441/element - {"using":"xpath","value":"//*[@id=\"__item178\"]"}
RESULT: {"using":"xpath","value":"//*[@id=\"__item178\"]"}
COMMAND: POST /session/93f43bcbd844a5d98eb964b157ec9441/element/f.0C3632C05FD2F0739639ED0A0E4218C8.d.11AE2267742BBCA7468322B5CCA8B2B2.e.5280/click - {}
RESULT: {}
COMMAND: GET /session/93f43bcbd844a5d98eb964b157ec9441/screenshot - {}
RESULT: {}
RESULT: undefined
COMMAND: POST /session/93f43bcbd844a5d98eb964b157ec9441/element - {"using":"xpath","value":"//*[@id=\"__xmlview1--btnAddTableRow-img\"]"}
RESULT: {"using":"xpath","value":"//*[@id=\"__xmlview1--btnAddTableRow-img\"]"}
COMMAND: POST /session/93f43bcbd844a5d98eb964b157ec9441/element/f.0C3632C05FD2F0739639ED0A0E4218C8.d.11AE2267742BBCA7468322B5CCA8B2B2.e.5091/click - {}
RESULT: {}
COMMAND: GET /session/93f43bcbd844a5d98eb964b157ec9441/screenshot - {}
RESULT: {}
RESULT: undefined
COMMAND: POST /session/93f43bcbd844a5d98eb964b157ec9441/element - {"using":"xpath","value":"//*[@id=\"__item178\"]"}
RESULT: {"using":"xpath","value":"//*[@id=\"__item178\"]"}
COMMAND: POST /session/93f43bcbd844a5d98eb964b157ec9441/element/f.0C3632C05FD2F0739639ED0A0E4218C8.d.11AE2267742BBCA7468322B5CCA8B2B2.e.5301/click - {}
RESULT: {}
COMMAND: GET /session/93f43bcbd844a5d98eb964b157ec9441/screenshot - {}
COMMAND: POST /session/93f43bcbd844a5d98eb964b157ec9441/element - {"using":"xpath","value":"(//input[contains(@id ,\"requestItemsTable-0-inner\")])[5]"}
RESULT: {}
RESULT: {"using":"xpath","value":"(//input[contains(@id ,\"requestItemsTable-0-inner\")])[5]"}
COMMAND: POST /session/93f43bcbd844a5d98eb964b157ec9441/element/f.0C3632C05FD2F0739639ED0A0E4218C8.d.11AE2267742BBCA7468322B5CCA8B2B2.e.5292/clear - {}
RESULT: {}
COMMAND: POST /session/93f43bcbd844a5d98eb964b157ec9441/element/f.0C3632C05FD2F0739639ED0A0E4218C8.d.11AE2267742BBCA7468322B5CCA8B2B2.e.5292/value - {"text":"1000001"}
COMMAND: GET /session/93f43bcbd844a5d98eb964b157ec9441/screenshot - {}
RESULT: {"text":"1000001"}
COMMAND: GET /session/93f43bcbd844a5d98eb964b157ec9441/screenshot - {}
RESULT: {}
RESULT: {}
COMMAND: POST /session/93f43bcbd844a5d98eb964b157ec9441/actions - {"actions":[{"id":"action37","type":"key","parameters":{},"actions":[{"type":"keyDown","value":"î€‡"},{"type":"pause","duration":10},{"type":"keyUp","value":"î€‡"}]}]}
RESULT: {"actions":[{"id":"action37","type":"key","parameters":{},"actions":[{"type":"keyDown","value":"î€‡"},{"type":"pause","duration":10},{"type":"keyUp","value":"î€‡"}]}]}
COMMAND: POST /session/93f43bcbd844a5d98eb964b157ec9441/element - {"using":"xpath","value":"(//input[contains(@id ,\"requestItemsTable-1-inner\")])[5]"}
COMMAND: GET /session/93f43bcbd844a5d98eb964b157ec9441/screenshot - {}
RESULT: {"using":"xpath","value":"(//input[contains(@id ,\"requestItemsTable-1-inner\")])[5]"}
COMMAND: POST /session/93f43bcbd844a5d98eb964b157ec9441/element/f.0C3632C05FD2F0739639ED0A0E4218C8.d.11AE2267742BBCA7468322B5CCA8B2B2.e.5307/clear - {}
RESULT: {}
RESULT: {}
COMMAND: POST /session/93f43bcbd844a5d98eb964b157ec9441/element/f.0C3632C05FD2F0739639ED0A0E4218C8.d.11AE2267742BBCA7468322B5CCA8B2B2.e.5307/value - {"text":"200158"}
COMMAND: GET /session/93f43bcbd844a5d98eb964b157ec9441/screenshot - {}
RESULT: {"text":"200158"}
COMMAND: GET /session/93f43bcbd844a5d98eb964b157ec9441/screenshot - {}
RESULT: {}
RESULT: {}
COMMAND: POST /session/93f43bcbd844a5d98eb964b157ec9441/actions - {"actions":[{"id":"action38","type":"key","parameters":{},"actions":[{"type":"keyDown","value":"î€‡"},{"type":"pause","duration":10},{"type":"keyUp","value":"î€‡"}]}]}
RESULT: {"actions":[{"id":"action38","type":"key","parameters":{},"actions":[{"type":"keyDown","value":"î€‡"},{"type":"pause","duration":10},{"type":"keyUp","value":"î€‡"}]}]}
COMMAND: POST /session/93f43bcbd844a5d98eb964b157ec9441/element - {"using":"xpath","value":"//div[contains(@data-kt ,\"splitAllocationObjectStatus\")]"}
COMMAND: GET /session/93f43bcbd844a5d98eb964b157ec9441/screenshot - {}
RESULT: {"using":"xpath","value":"//div[contains(@data-kt ,\"splitAllocationObjectStatus\")]"}
COMMAND: POST /session/93f43bcbd844a5d98eb964b157ec9441/elements - {"using":"xpath","value":"//div[contains(@data-kt ,\"splitAllocationObjectStatus\")]"}
RESULT: {}
RESULT: {"using":"xpath","value":"//div[contains(@data-kt ,\"splitAllocationObjectStatus\")]"}
COMMAND: POST /session/93f43bcbd844a5d98eb964b157ec9441/execute/async - {"script":"<script> [1562 bytes]","args":[{"selector":{"controlType":"sap.ui.core.Icon","viewName":"etm.portal.ui.managerequests.view.NewRequest","properties":{"src":{"regex":{"source":"message\\-error"}}},"ancestor":{"controlType":"sap.m.ColumnListItem","viewName":"etm.portal.ui.managerequests.view.NewRequest","bindingPath":{"modelName":"newRequestItems","path":"/RequestItems/0"},"ancestor":{"id":"requestItemsTable","viewName":"etm.portal.ui.managerequests.view.NewRequest"}}},"wdio_ui5_key":"etmportal.ui.managerequests.view.NewRequestsap.ui.core.Icon{\"src\":{\"regex\":{\"source\":\"message\\\\-error\"}}}{\"controlType\":\"sap.m.ColumnListItem\",\"viewName\":\"etm.portal.ui.managerequests.view.NewRequest\",\"bindingPath\":{\"modelName\":\"newRequestItems\",\"path\":\"/RequestItems/0\"},\"ancestor\":{\"id\":\"requestItemsTable\",\"viewName\":\"etm.portal.ui.managerequests.view.NewRequest\"}}"}]}
RESULT: {"script":"<script> [1562 bytes]","args":[{"selector":{"controlType":"sap.ui.core.Icon","viewName":"etm.portal.ui.managerequests.view.NewRequest","properties":{"src":{"regex":{"source":"message\\-error"}}},"ancestor":{"controlType":"sap.m.ColumnListItem","viewName":"etm.portal.ui.managerequests.view.NewRequest","bindingPath":{"modelName":"newRequestItems","path":"/RequestItems/0"},"ancestor":{"id":"requestItemsTable","viewName":"etm.portal.ui.managerequests.view.NewRequest"}}},"wdio_ui5_key":"etmportal.ui.managerequests.view.NewRequestsap.ui.core.Icon{\"src\":{\"regex\":{\"source\":\"message\\\\-error\"}}}{\"controlType\":\"sap.m.ColumnListItem\",\"viewName\":\"etm.portal.ui.managerequests.view.NewRequest\",\"bindingPath\":{\"modelName\":\"newRequestItems\",\"path\":\"/RequestItems/0\"},\"ancestor\":{\"id\":\"requestItemsTable\",\"viewName\":\"etm.portal.ui.managerequests.view.NewRequest\"}}"}]}
RESULT: undefined
COMMAND: POST /session/93f43bcbd844a5d98eb964b157ec9441/element - {"using":"xpath","value":"//*[@id=\"__status4-__xmlview1--requestItemsTable-0-icon\"]"}
RESULT: {"using":"xpath","value":"//*[@id=\"__status4-__xmlview1--requestItemsTable-0-icon\"]"}
COMMAND: POST /session/93f43bcbd844a5d98eb964b157ec9441/element/f.0C3632C05FD2F0739639ED0A0E4218C8.d.11AE2267742BBCA7468322B5CCA8B2B2.e.5318/click - {}
RESULT: {}
COMMAND: GET /session/93f43bcbd844a5d98eb964b157ec9441/screenshot - {}
RESULT: {}
COMMAND: POST /session/93f43bcbd844a5d98eb964b157ec9441/execute/async - {"script":"<script> [1562 bytes]","args":[{"selector":{"id":"costObjectAdminTypeComboBox","viewName":"etm.portal.ui.managerequests.view.NewRequest","searchOpenDialogs":true,"interaction":{"idSuffix":"inner"}},"wdio_ui5_key":"costObjectAdminTypeComboBoxetmportal.ui.managerequests.view.NewRequest"}]}
RESULT: {"script":"<script> [1562 bytes]","args":[{"selector":{"id":"costObjectAdminTypeComboBox","viewName":"etm.portal.ui.managerequests.view.NewRequest","searchOpenDialogs":true,"interaction":{"idSuffix":"inner"}},"wdio_ui5_key":"costObjectAdminTypeComboBoxetmportal.ui.managerequests.view.NewRequest"}]}
RESULT: undefined
COMMAND: POST /session/93f43bcbd844a5d98eb964b157ec9441/execute/async - {"script":"<script> [776 bytes]","args":[{"enterText":"Cost Center","selector":{"id":"costObjectAdminTypeComboBox","viewName":"etm.portal.ui.managerequests.view.NewRequest","searchOpenDialogs":true,"interaction":{"idSuffix":"inner"}},"clearTextFirst":true,"interactionType":"ENTER_TEXT"}]}
RESULT: {"script":"<script> [776 bytes]","args":[{"enterText":"Cost Center","selector":{"id":"costObjectAdminTypeComboBox","viewName":"etm.portal.ui.managerequests.view.NewRequest","searchOpenDialogs":true,"interaction":{"idSuffix":"inner"}},"clearTextFirst":true,"interactionType":"ENTER_TEXT"}]}
COMMAND: POST /session/93f43bcbd844a5d98eb964b157ec9441/actions - {"actions":[{"id":"action39","type":"key","parameters":{},"actions":[{"type":"keyDown","value":"î€‡"},{"type":"pause","duration":10},{"type":"keyUp","value":"î€‡"}]}]}
RESULT: {"actions":[{"id":"action39","type":"key","parameters":{},"actions":[{"type":"keyDown","value":"î€‡"},{"type":"pause","duration":10},{"type":"keyUp","value":"î€‡"}]}]}
COMMAND: GET /session/93f43bcbd844a5d98eb964b157ec9441/screenshot - {}
RESULT: {}
COMMAND: POST /session/93f43bcbd844a5d98eb964b157ec9441/execute/async - {"script":"<script> [1562 bytes]","args":[{"selector":{"id":"costObjectIdComboBox","viewName":"etm.portal.ui.managerequests.view.NewRequest","searchOpenDialogs":true,"interaction":{"idSuffix":"inner"}},"wdio_ui5_key":"costObjectIdComboBoxetmportal.ui.managerequests.view.NewRequest"}]}
RESULT: {"script":"<script> [1562 bytes]","args":[{"selector":{"id":"costObjectIdComboBox","viewName":"etm.portal.ui.managerequests.view.NewRequest","searchOpenDialogs":true,"interaction":{"idSuffix":"inner"}},"wdio_ui5_key":"costObjectIdComboBoxetmportal.ui.managerequests.view.NewRequest"}]}
RESULT: undefined
COMMAND: POST /session/93f43bcbd844a5d98eb964b157ec9441/execute/async - {"script":"<script> [776 bytes]","args":[{"enterText":"1001 - 1001","selector":{"id":"costObjectIdComboBox","viewName":"etm.portal.ui.managerequests.view.NewRequest","searchOpenDialogs":true,"interaction":{"idSuffix":"inner"}},"clearTextFirst":true,"interactionType":"ENTER_TEXT"}]}
RESULT: {"script":"<script> [776 bytes]","args":[{"enterText":"1001 - 1001","selector":{"id":"costObjectIdComboBox","viewName":"etm.portal.ui.managerequests.view.NewRequest","searchOpenDialogs":true,"interaction":{"idSuffix":"inner"}},"clearTextFirst":true,"interactionType":"ENTER_TEXT"}]}
COMMAND: POST /session/93f43bcbd844a5d98eb964b157ec9441/actions - {"actions":[{"id":"action40","type":"key","parameters":{},"actions":[{"type":"keyDown","value":"î€‡"},{"type":"pause","duration":10},{"type":"keyUp","value":"î€‡"}]}]}
RESULT: {"actions":[{"id":"action40","type":"key","parameters":{},"actions":[{"type":"keyDown","value":"î€‡"},{"type":"pause","duration":10},{"type":"keyUp","value":"î€‡"}]}]}
COMMAND: GET /session/93f43bcbd844a5d98eb964b157ec9441/screenshot - {}
RESULT: {}
COMMAND: POST /session/93f43bcbd844a5d98eb964b157ec9441/element - {"using":"xpath","value":"(//bdi[(text() = 'Save' or . = 'Save')])[1]"}
RESULT: {"using":"xpath","value":"(//bdi[(text() = 'Save' or . = 'Save')])[1]"}
COMMAND: POST /session/93f43bcbd844a5d98eb964b157ec9441/element/f.0C3632C05FD2F0739639ED0A0E4218C8.d.11AE2267742BBCA7468322B5CCA8B2B2.e.5332/click - {}
RESULT: {}
COMMAND: POST /session/93f43bcbd844a5d98eb964b157ec9441/execute/async - {"script":"<script> [1562 bytes]","args":[{"selector":{"controlType":"sap.ui.core.Icon","viewName":"etm.portal.ui.managerequests.view.NewRequest","properties":{"src":{"regex":{"source":"message\\-error"}}},"ancestor":{"controlType":"sap.m.ColumnListItem","viewName":"etm.portal.ui.managerequests.view.NewRequest","bindingPath":{"modelName":"newRequestItems","path":"/RequestItems/1"},"ancestor":{"id":"requestItemsTable","viewName":"etm.portal.ui.managerequests.view.NewRequest"}}},"wdio_ui5_key":"etmportal.ui.managerequests.view.NewRequestsap.ui.core.Icon{\"src\":{\"regex\":{\"source\":\"message\\\\-error\"}}}{\"controlType\":\"sap.m.ColumnListItem\",\"viewName\":\"etm.portal.ui.managerequests.view.NewRequest\",\"bindingPath\":{\"modelName\":\"newRequestItems\",\"path\":\"/RequestItems/1\"},\"ancestor\":{\"id\":\"requestItemsTable\",\"viewName\":\"etm.portal.ui.managerequests.view.NewRequest\"}}"}]}
COMMAND: GET /session/93f43bcbd844a5d98eb964b157ec9441/screenshot - {}
RESULT: {"script":"<script> [1562 bytes]","args":[{"selector":{"controlType":"sap.ui.core.Icon","viewName":"etm.portal.ui.managerequests.view.NewRequest","properties":{"src":{"regex":{"source":"message\\-error"}}},"ancestor":{"controlType":"sap.m.ColumnListItem","viewName":"etm.portal.ui.managerequests.view.NewRequest","bindingPath":{"modelName":"newRequestItems","path":"/RequestItems/1"},"ancestor":{"id":"requestItemsTable","viewName":"etm.portal.ui.managerequests.view.NewRequest"}}},"wdio_ui5_key":"etmportal.ui.managerequests.view.NewRequestsap.ui.core.Icon{\"src\":{\"regex\":{\"source\":\"message\\\\-error\"}}}{\"controlType\":\"sap.m.ColumnListItem\",\"viewName\":\"etm.portal.ui.managerequests.view.NewRequest\",\"bindingPath\":{\"modelName\":\"newRequestItems\",\"path\":\"/RequestItems/1\"},\"ancestor\":{\"id\":\"requestItemsTable\",\"viewName\":\"etm.portal.ui.managerequests.view.NewRequest\"}}"}]}
RESULT: undefined
COMMAND: POST /session/93f43bcbd844a5d98eb964b157ec9441/element - {"using":"xpath","value":"//*[@id=\"__status4-__xmlview1--requestItemsTable-1-icon\"]"}
RESULT: {}
RESULT: {"using":"xpath","value":"//*[@id=\"__status4-__xmlview1--requestItemsTable-1-icon\"]"}
COMMAND: POST /session/93f43bcbd844a5d98eb964b157ec9441/element/f.0C3632C05FD2F0739639ED0A0E4218C8.d.11AE2267742BBCA7468322B5CCA8B2B2.e.5335/click - {}
RESULT: {}
COMMAND: GET /session/93f43bcbd844a5d98eb964b157ec9441/screenshot - {}
RESULT: {}
RESULT: undefined
COMMAND: POST /session/93f43bcbd844a5d98eb964b157ec9441/execute/async - {"script":"<script> [776 bytes]","args":[{"enterText":"Cost Center","selector":{"id":"costObjectAdminTypeComboBox","viewName":"etm.portal.ui.managerequests.view.NewRequest","searchOpenDialogs":true,"interaction":{"idSuffix":"inner"}},"clearTextFirst":true,"interactionType":"ENTER_TEXT"}]}
RESULT: {"script":"<script> [776 bytes]","args":[{"enterText":"Cost Center","selector":{"id":"costObjectAdminTypeComboBox","viewName":"etm.portal.ui.managerequests.view.NewRequest","searchOpenDialogs":true,"interaction":{"idSuffix":"inner"}},"clearTextFirst":true,"interactionType":"ENTER_TEXT"}]}
COMMAND: POST /session/93f43bcbd844a5d98eb964b157ec9441/actions - {"actions":[{"id":"action41","type":"key","parameters":{},"actions":[{"type":"keyDown","value":"î€‡"},{"type":"pause","duration":10},{"type":"keyUp","value":"î€‡"}]}]}
RESULT: {"actions":[{"id":"action41","type":"key","parameters":{},"actions":[{"type":"keyDown","value":"î€‡"},{"type":"pause","duration":10},{"type":"keyUp","value":"î€‡"}]}]}
COMMAND: GET /session/93f43bcbd844a5d98eb964b157ec9441/screenshot - {}
RESULT: {}
RESULT: undefined
COMMAND: POST /session/93f43bcbd844a5d98eb964b157ec9441/execute/async - {"script":"<script> [776 bytes]","args":[{"enterText":"1001 - 1001","selector":{"id":"costObjectIdComboBox","viewName":"etm.portal.ui.managerequests.view.NewRequest","searchOpenDialogs":true,"interaction":{"idSuffix":"inner"}},"clearTextFirst":true,"interactionType":"ENTER_TEXT"}]}
RESULT: {"script":"<script> [776 bytes]","args":[{"enterText":"1001 - 1001","selector":{"id":"costObjectIdComboBox","viewName":"etm.portal.ui.managerequests.view.NewRequest","searchOpenDialogs":true,"interaction":{"idSuffix":"inner"}},"clearTextFirst":true,"interactionType":"ENTER_TEXT"}]}
COMMAND: POST /session/93f43bcbd844a5d98eb964b157ec9441/actions - {"actions":[{"id":"action42","type":"key","parameters":{},"actions":[{"type":"keyDown","value":"î€‡"},{"type":"pause","duration":10},{"type":"keyUp","value":"î€‡"}]}]}
RESULT: {"actions":[{"id":"action42","type":"key","parameters":{},"actions":[{"type":"keyDown","value":"î€‡"},{"type":"pause","duration":10},{"type":"keyUp","value":"î€‡"}]}]}
COMMAND: GET /session/93f43bcbd844a5d98eb964b157ec9441/screenshot - {}
RESULT: {}
COMMAND: POST /session/93f43bcbd844a5d98eb964b157ec9441/element - {"using":"xpath","value":"(//bdi[(text() = 'Save' or . = 'Save')])[1]"}
RESULT: {"using":"xpath","value":"(//bdi[(text() = 'Save' or . = 'Save')])[1]"}
COMMAND: POST /session/93f43bcbd844a5d98eb964b157ec9441/element/f.0C3632C05FD2F0739639ED0A0E4218C8.d.11AE2267742BBCA7468322B5CCA8B2B2.e.5348/click - {}
RESULT: {}
COMMAND: GET /session/93f43bcbd844a5d98eb964b157ec9441/screenshot - {}
RESULT: {}
COMMAND: POST /session/93f43bcbd844a5d98eb964b157ec9441/execute/async - {"script":"<script> [1562 bytes]","args":[{"selector":{"controlType":"sap.m.Button","viewName":"etm.portal.ui.managerequests.view.NewRequest","bindingPath":{"path":"/RequestItems/0","propertyPath":"PICK_UP","modelName":"newRequestItems"},"interaction":{"idSuffix":"BDI-content"}},"wdio_ui5_key":"etmportal.ui.managerequests.view.NewRequestsap.m.Button{\"path\":\"/RequestItems/0\",\"propertyPath\":\"PICK_UP\",\"modelName\":\"newRequestItems\"}"}]}
RESULT: {"script":"<script> [1562 bytes]","args":[{"selector":{"controlType":"sap.m.Button","viewName":"etm.portal.ui.managerequests.view.NewRequest","bindingPath":{"path":"/RequestItems/0","propertyPath":"PICK_UP","modelName":"newRequestItems"},"interaction":{"idSuffix":"BDI-content"}},"wdio_ui5_key":"etmportal.ui.managerequests.view.NewRequestsap.m.Button{\"path\":\"/RequestItems/0\",\"propertyPath\":\"PICK_UP\",\"modelName\":\"newRequestItems\"}"}]}
RESULT: undefined
COMMAND: POST /session/93f43bcbd844a5d98eb964b157ec9441/element - {"using":"xpath","value":"//*[@id=\"__xmlview1--pickUpItemButton-__xmlview1--requestItemsTable-0\"]"}
RESULT: {"using":"xpath","value":"//*[@id=\"__xmlview1--pickUpItemButton-__xmlview1--requestItemsTable-0\"]"}
COMMAND: POST /session/93f43bcbd844a5d98eb964b157ec9441/element/f.0C3632C05FD2F0739639ED0A0E4218C8.d.11AE2267742BBCA7468322B5CCA8B2B2.e.5352/click - {}
RESULT: {}
COMMAND: GET /session/93f43bcbd844a5d98eb964b157ec9441/screenshot - {}
RESULT: {}
COMMAND: POST /session/93f43bcbd844a5d98eb964b157ec9441/execute/async - {"script":"<script> [1562 bytes]","args":[{"selector":{"controlType":"sap.m.Button","viewName":"etm.portal.ui.managerequests.view.NewRequest","properties":{"text":"Save"},"i18NText":{"propertyName":"tooltip","key":"save"},"interaction":{"idSuffix":"BDI-content"}},"wdio_ui5_key":"etmportal.ui.managerequests.view.NewRequestsap.m.Button{\"propertyName\":\"tooltip\",\"key\":\"save\"}{\"text\":\"Save\"}"}]}
RESULT: {"script":"<script> [1562 bytes]","args":[{"selector":{"controlType":"sap.m.Button","viewName":"etm.portal.ui.managerequests.view.NewRequest","properties":{"text":"Save"},"i18NText":{"propertyName":"tooltip","key":"save"},"interaction":{"idSuffix":"BDI-content"}},"wdio_ui5_key":"etmportal.ui.managerequests.view.NewRequestsap.m.Button{\"propertyName\":\"tooltip\",\"key\":\"save\"}{\"text\":\"Save\"}"}]}
RESULT: undefined
COMMAND: POST /session/93f43bcbd844a5d98eb964b157ec9441/element - {"using":"xpath","value":"//*[@id=\"__button11\"]"}
RESULT: {"using":"xpath","value":"//*[@id=\"__button11\"]"}
COMMAND: POST /session/93f43bcbd844a5d98eb964b157ec9441/element/f.0C3632C05FD2F0739639ED0A0E4218C8.d.11AE2267742BBCA7468322B5CCA8B2B2.e.5209/click - {}
RESULT: {}
COMMAND: GET /session/93f43bcbd844a5d98eb964b157ec9441/screenshot - {}
RESULT: {}
COMMAND: POST /session/93f43bcbd844a5d98eb964b157ec9441/execute/async - {"script":"<script> [1562 bytes]","args":[{"selector":{"controlType":"sap.m.Text","searchOpenDialogs":true},"wdio_ui5_key":"sapm.Text"}]}
RESULT: {"script":"<script> [1562 bytes]","args":[{"selector":{"controlType":"sap.m.Text","searchOpenDialogs":true},"wdio_ui5_key":"sapm.Text"}]}
RESULT: undefined
COMMAND: POST /session/93f43bcbd844a5d98eb964b157ec9441/execute/async - {"script":"<script> [6424 bytes]","args":[{"element-6066-11e4-a52e-4f735466cecf":"f.0C3632C05FD2F0739639ED0A0E4218C8.d.11AE2267742BBCA7468322B5CCA8B2B2.e.5355"},"getText",[]]}
RESULT: {"script":"<script> [6424 bytes]","args":[{"element-6066-11e4-a52e-4f735466cecf":"f.0C3632C05FD2F0739639ED0A0E4218C8.d.11AE2267742BBCA7468322B5CCA8B2B2.e.5355"},"getText",[]]}
COMMAND: POST /session/93f43bcbd844a5d98eb964b157ec9441/execute/async - {"script":"<script> [1562 bytes]","args":[{"selector":{"controlType":"sap.m.Button","properties":{"text":"Close"},"searchOpenDialogs":true,"interaction":{"idSuffix":"BDI-content"}},"wdio_ui5_key":"sapm.Button{\"text\":\"Close\"}"}]}
RESULT: {"script":"<script> [1562 bytes]","args":[{"selector":{"controlType":"sap.m.Button","properties":{"text":"Close"},"searchOpenDialogs":true,"interaction":{"idSuffix":"BDI-content"}},"wdio_ui5_key":"sapm.Button{\"text\":\"Close\"}"}]}
RESULT: undefined
COMMAND: POST /session/93f43bcbd844a5d98eb964b157ec9441/element - {"using":"xpath","value":"//*[@id=\"__mbox-btn-0\"]"}
RESULT: {"using":"xpath","value":"//*[@id=\"__mbox-btn-0\"]"}
COMMAND: POST /session/93f43bcbd844a5d98eb964b157ec9441/element/f.0C3632C05FD2F0739639ED0A0E4218C8.d.11AE2267742BBCA7468322B5CCA8B2B2.e.5354/click - {}
RESULT: {}
COMMAND: GET /session/93f43bcbd844a5d98eb964b157ec9441/screenshot - {}
RESULT: {}
COMMAND: POST /session/93f43bcbd844a5d98eb964b157ec9441/execute/async - {"script":"<script> [1562 bytes]","args":[{"selector":{"controlType":"sap.m.Button","viewName":"etm.portal.ui.managerequests.view.Detail","bindingPath":{"path":"/SmartRequestItemsPlanningBoard(ITEM=10m,REQUEST='20241')","propertyPath":"PICK_UP"}},"wdio_ui5_key":"etmportal.ui.managerequests.view.Detailsap.m.Button{\"path\":\"/SmartRequestItemsPlanningBoard(ITEM=10m,REQUEST='20241')\",\"propertyPath\":\"PICK_UP\"}"}]}
RESULT: {"script":"<script> [1562 bytes]","args":[{"selector":{"controlType":"sap.m.Button","viewName":"etm.portal.ui.managerequests.view.Detail","bindingPath":{"path":"/SmartRequestItemsPlanningBoard(ITEM=10m,REQUEST='20241')","propertyPath":"PICK_UP"}},"wdio_ui5_key":"etmportal.ui.managerequests.view.Detailsap.m.Button{\"path\":\"/SmartRequestItemsPlanningBoard(ITEM=10m,REQUEST='20241')\",\"propertyPath\":\"PICK_UP\"}"}]}
RESULT: undefined
COMMAND: POST /session/93f43bcbd844a5d98eb964b157ec9441/execute/async - {"script":"<script> [6424 bytes]","args":[{"element-6066-11e4-a52e-4f735466cecf":"f.0C3632C05FD2F0739639ED0A0E4218C8.d.11AE2267742BBCA7468322B5CCA8B2B2.e.5463"},"getType",[]]}
RESULT: {"script":"<script> [6424 bytes]","args":[{"element-6066-11e4-a52e-4f735466cecf":"f.0C3632C05FD2F0739639ED0A0E4218C8.d.11AE2267742BBCA7468322B5CCA8B2B2.e.5463"},"getType",[]]}
COMMAND: POST /session/93f43bcbd844a5d98eb964b157ec9441/execute/async - {"script":"<script> [1562 bytes]","args":[{"selector":{"controlType":"sap.m.Button","viewName":"etm.portal.ui.managerequests.view.Detail","bindingPath":{"path":"/SmartRequestItemsPlanningBoard(ITEM=20m,REQUEST='20241')","propertyPath":"PICK_UP"}},"wdio_ui5_key":"etmportal.ui.managerequests.view.Detailsap.m.Button{\"path\":\"/SmartRequestItemsPlanningBoard(ITEM=20m,REQUEST='20241')\",\"propertyPath\":\"PICK_UP\"}"}]}
RESULT: {"script":"<script> [1562 bytes]","args":[{"selector":{"controlType":"sap.m.Button","viewName":"etm.portal.ui.managerequests.view.Detail","bindingPath":{"path":"/SmartRequestItemsPlanningBoard(ITEM=20m,REQUEST='20241')","propertyPath":"PICK_UP"}},"wdio_ui5_key":"etmportal.ui.managerequests.view.Detailsap.m.Button{\"path\":\"/SmartRequestItemsPlanningBoard(ITEM=20m,REQUEST='20241')\",\"propertyPath\":\"PICK_UP\"}"}]}
RESULT: undefined
COMMAND: POST /session/93f43bcbd844a5d98eb964b157ec9441/execute/async - {"script":"<script> [6424 bytes]","args":[{"element-6066-11e4-a52e-4f735466cecf":"f.0C3632C05FD2F0739639ED0A0E4218C8.d.11AE2267742BBCA7468322B5CCA8B2B2.e.5493"},"getType",[]]}
RESULT: {"script":"<script> [6424 bytes]","args":[{"element-6066-11e4-a52e-4f735466cecf":"f.0C3632C05FD2F0739639ED0A0E4218C8.d.11AE2267742BBCA7468322B5CCA8B2B2.e.5493"},"getType",[]]}
COMMAND: POST /session/93f43bcbd844a5d98eb964b157ec9441/execute/async - {"script":"<script> [1562 bytes]","args":[{"selector":{"id":"pickUpSwitchHeader","viewName":"etm.portal.ui.managerequests.view.Detail","interaction":{"idSuffix":"handle"}},"wdio_ui5_key":"pickUpSwitchHeaderetmportal.ui.managerequests.view.Detail"}]}
RESULT: {"script":"<script> [1562 bytes]","args":[{"selector":{"id":"pickUpSwitchHeader","viewName":"etm.portal.ui.managerequests.view.Detail","interaction":{"idSuffix":"handle"}},"wdio_ui5_key":"pickUpSwitchHeaderetmportal.ui.managerequests.view.Detail"}]}
RESULT: undefined
COMMAND: POST /session/93f43bcbd844a5d98eb964b157ec9441/element - {"using":"xpath","value":"//*[@id=\"__xmlview2--pickUpSwitchHeader\"]"}
RESULT: {"using":"xpath","value":"//*[@id=\"__xmlview2--pickUpSwitchHeader\"]"}
COMMAND: POST /session/93f43bcbd844a5d98eb964b157ec9441/element/f.0C3632C05FD2F0739639ED0A0E4218C8.d.11AE2267742BBCA7468322B5CCA8B2B2.e.5433/click - {}
RESULT: {}
COMMAND: POST /session/93f43bcbd844a5d98eb964b157ec9441/execute/async - {"script":"<script> [1562 bytes]","args":[{"selector":{"controlType":"sap.ui.core.Icon","viewName":"etm.portal.ui.managerequests.view.Detail","properties":{"src":{"regex":{"source":"pushpin\\-off"}}}},"wdio_ui5_key":"etmportal.ui.managerequests.view.Detailsap.ui.core.Icon{\"src\":{\"regex\":{\"source\":\"pushpin\\\\-off\"}}}"}]}
COMMAND: GET /session/93f43bcbd844a5d98eb964b157ec9441/screenshot - {}
RESULT: {"script":"<script> [1562 bytes]","args":[{"selector":{"controlType":"sap.ui.core.Icon","viewName":"etm.portal.ui.managerequests.view.Detail","properties":{"src":{"regex":{"source":"pushpin\\-off"}}}},"wdio_ui5_key":"etmportal.ui.managerequests.view.Detailsap.ui.core.Icon{\"src\":{\"regex\":{\"source\":\"pushpin\\\\-off\"}}}"}]}
RESULT: undefined
COMMAND: POST /session/93f43bcbd844a5d98eb964b157ec9441/element - {"using":"xpath","value":"//*[@id=\"__xmlview2--detailRequestPage-OPHeaderContent-pinBtn-img\"]"}
RESULT: {}
RESULT: {"using":"xpath","value":"//*[@id=\"__xmlview2--detailRequestPage-OPHeaderContent-pinBtn-img\"]"}
COMMAND: POST /session/93f43bcbd844a5d98eb964b157ec9441/element/f.0C3632C05FD2F0739639ED0A0E4218C8.d.11AE2267742BBCA7468322B5CCA8B2B2.e.5441/click - {}
RESULT: {}
RESULT: undefined
COMMAND: POST /session/93f43bcbd844a5d98eb964b157ec9441/execute/async - {"script":"<script> [6424 bytes]","args":[{"element-6066-11e4-a52e-4f735466cecf":"f.0C3632C05FD2F0739639ED0A0E4218C8.d.11AE2267742BBCA7468322B5CCA8B2B2.e.5463"},"getType",[]]}
COMMAND: GET /session/93f43bcbd844a5d98eb964b157ec9441/screenshot - {}
RESULT: {"script":"<script> [6424 bytes]","args":[{"element-6066-11e4-a52e-4f735466cecf":"f.0C3632C05FD2F0739639ED0A0E4218C8.d.11AE2267742BBCA7468322B5CCA8B2B2.e.5463"},"getType",[]]}
RESULT: undefined
COMMAND: POST /session/93f43bcbd844a5d98eb964b157ec9441/execute/async - {"script":"<script> [6424 bytes]","args":[{"element-6066-11e4-a52e-4f735466cecf":"f.0C3632C05FD2F0739639ED0A0E4218C8.d.11AE2267742BBCA7468322B5CCA8B2B2.e.5493"},"getType",[]]}
RESULT: {}
RESULT: {"script":"<script> [6424 bytes]","args":[{"element-6066-11e4-a52e-4f735466cecf":"f.0C3632C05FD2F0739639ED0A0E4218C8.d.11AE2267742BBCA7468322B5CCA8B2B2.e.5493"},"getType",[]]}
COMMAND: POST /session/93f43bcbd844a5d98eb964b157ec9441/execute/async - {"script":"<script> [1562 bytes]","args":[{"selector":{"controlType":"sap.ui.core.Icon","viewName":"etm.portal.ui.managerequests.view.Detail","properties":{"src":{"regex":{"source":"date\\-time"}}},"ancestor":{"controlType":"sap.m.ColumnListItem","viewName":"etm.portal.ui.managerequests.view.Detail","bindingPath":{"path":"/SmartRequestItemsPlanningBoard(ITEM=10m,REQUEST='20241')"},"ancestor":{"id":"requestItemsTable","viewName":"etm.portal.ui.managerequests.view.Detail"}}},"wdio_ui5_key":"etmportal.ui.managerequests.view.Detailsap.ui.core.Icon{\"src\":{\"regex\":{\"source\":\"date\\\\-time\"}}}{\"controlType\":\"sap.m.ColumnListItem\",\"viewName\":\"etm.portal.ui.managerequests.view.Detail\",\"bindingPath\":{\"path\":\"/SmartRequestItemsPlanningBoard(ITEM=10m,REQUEST='20241')\"},\"ancestor\":{\"id\":\"requestItemsTable\",\"viewName\":\"etm.portal.ui.managerequests.view.Detail\"}}"}]}
RESULT: {"script":"<script> [1562 bytes]","args":[{"selector":{"controlType":"sap.ui.core.Icon","viewName":"etm.portal.ui.managerequests.view.Detail","properties":{"src":{"regex":{"source":"date\\-time"}}},"ancestor":{"controlType":"sap.m.ColumnListItem","viewName":"etm.portal.ui.managerequests.view.Detail","bindingPath":{"path":"/SmartRequestItemsPlanningBoard(ITEM=10m,REQUEST='20241')"},"ancestor":{"id":"requestItemsTable","viewName":"etm.portal.ui.managerequests.view.Detail"}}},"wdio_ui5_key":"etmportal.ui.managerequests.view.Detailsap.ui.core.Icon{\"src\":{\"regex\":{\"source\":\"date\\\\-time\"}}}{\"controlType\":\"sap.m.ColumnListItem\",\"viewName\":\"etm.portal.ui.managerequests.view.Detail\",\"bindingPath\":{\"path\":\"/SmartRequestItemsPlanningBoard(ITEM=10m,REQUEST='20241')\"},\"ancestor\":{\"id\":\"requestItemsTable\",\"viewName\":\"etm.portal.ui.managerequests.view.Detail\"}}"}]}
RESULT: undefined
COMMAND: POST /session/93f43bcbd844a5d98eb964b157ec9441/element - {"using":"xpath","value":"//*[@id=\"__button39-__clone1825-img\"]"}
RESULT: {"using":"xpath","value":"//*[@id=\"__button39-__clone1825-img\"]"}
COMMAND: POST /session/93f43bcbd844a5d98eb964b157ec9441/element/f.0C3632C05FD2F0739639ED0A0E4218C8.d.11AE2267742BBCA7468322B5CCA8B2B2.e.5501/click - {}
RESULT: {}
COMMAND: POST /session/93f43bcbd844a5d98eb964b157ec9441/execute/async - {"script":"<script> [1562 bytes]","args":[{"selector":{"controlType":"sap.m.Button","viewName":"etm.portal.ui.managerequests.view.Detail","properties":{"text":"Close"},"searchOpenDialogs":true,"interaction":{"idSuffix":"inner"}},"wdio_ui5_key":"etmportal.ui.managerequests.view.Detailsap.m.Button{\"text\":\"Close\"}"}]}
COMMAND: GET /session/93f43bcbd844a5d98eb964b157ec9441/screenshot - {}
RESULT: {"script":"<script> [1562 bytes]","args":[{"selector":{"controlType":"sap.m.Button","viewName":"etm.portal.ui.managerequests.view.Detail","properties":{"text":"Close"},"searchOpenDialogs":true,"interaction":{"idSuffix":"inner"}},"wdio_ui5_key":"etmportal.ui.managerequests.view.Detailsap.m.Button{\"text\":\"Close\"}"}]}
RESULT: undefined
COMMAND: POST /session/93f43bcbd844a5d98eb964b157ec9441/element - {"using":"xpath","value":"//*[@id=\"__button49\"]"}
RESULT: {}
RESULT: {"using":"xpath","value":"//*[@id=\"__button49\"]"}
COMMAND: POST /session/93f43bcbd844a5d98eb964b157ec9441/element/f.0C3632C05FD2F0739639ED0A0E4218C8.d.11AE2267742BBCA7468322B5CCA8B2B2.e.5503/click - {}
RESULT: {}
COMMAND: POST /session/93f43bcbd844a5d98eb964b157ec9441/execute/async - {"script":"<script> [1562 bytes]","args":[{"selector":{"controlType":"sap.ui.core.Icon","viewName":"etm.portal.ui.managerequests.view.Detail","properties":{"src":{"regex":{"source":"date\\-time"}}},"ancestor":{"controlType":"sap.m.ColumnListItem","viewName":"etm.portal.ui.managerequests.view.Detail","bindingPath":{"path":"/SmartRequestItemsPlanningBoard(ITEM=20m,REQUEST='20241')"},"ancestor":{"id":"requestItemsTable","viewName":"etm.portal.ui.managerequests.view.Detail"}}},"wdio_ui5_key":"etmportal.ui.managerequests.view.Detailsap.ui.core.Icon{\"src\":{\"regex\":{\"source\":\"date\\\\-time\"}}}{\"controlType\":\"sap.m.ColumnListItem\",\"viewName\":\"etm.portal.ui.managerequests.view.Detail\",\"bindingPath\":{\"path\":\"/SmartRequestItemsPlanningBoard(ITEM=20m,REQUEST='20241')\"},\"ancestor\":{\"id\":\"requestItemsTable\",\"viewName\":\"etm.portal.ui.managerequests.view.Detail\"}}"}]}
COMMAND: GET /session/93f43bcbd844a5d98eb964b157ec9441/screenshot - {}
RESULT: {"script":"<script> [1562 bytes]","args":[{"selector":{"controlType":"sap.ui.core.Icon","viewName":"etm.portal.ui.managerequests.view.Detail","properties":{"src":{"regex":{"source":"date\\-time"}}},"ancestor":{"controlType":"sap.m.ColumnListItem","viewName":"etm.portal.ui.managerequests.view.Detail","bindingPath":{"path":"/SmartRequestItemsPlanningBoard(ITEM=20m,REQUEST='20241')"},"ancestor":{"id":"requestItemsTable","viewName":"etm.portal.ui.managerequests.view.Detail"}}},"wdio_ui5_key":"etmportal.ui.managerequests.view.Detailsap.ui.core.Icon{\"src\":{\"regex\":{\"source\":\"date\\\\-time\"}}}{\"controlType\":\"sap.m.ColumnListItem\",\"viewName\":\"etm.portal.ui.managerequests.view.Detail\",\"bindingPath\":{\"path\":\"/SmartRequestItemsPlanningBoard(ITEM=20m,REQUEST='20241')\"},\"ancestor\":{\"id\":\"requestItemsTable\",\"viewName\":\"etm.portal.ui.managerequests.view.Detail\"}}"}]}
RESULT: undefined
COMMAND: POST /session/93f43bcbd844a5d98eb964b157ec9441/element - {"using":"xpath","value":"//*[@id=\"__button39-__clone1826-img\"]"}
RESULT: {}
RESULT: {"using":"xpath","value":"//*[@id=\"__button39-__clone1826-img\"]"}
COMMAND: POST /session/93f43bcbd844a5d98eb964b157ec9441/element/f.0C3632C05FD2F0739639ED0A0E4218C8.d.11AE2267742BBCA7468322B5CCA8B2B2.e.5510/click - {}
RESULT: {}
RESULT: undefined
COMMAND: POST /session/93f43bcbd844a5d98eb964b157ec9441/element - {"using":"xpath","value":"//*[@id=\"__button49\"]"}
COMMAND: GET /session/93f43bcbd844a5d98eb964b157ec9441/screenshot - {}
RESULT: {"using":"xpath","value":"//*[@id=\"__button49\"]"}
COMMAND: POST /session/93f43bcbd844a5d98eb964b157ec9441/elements - {"using":"xpath","value":"//*[@id=\"__button49\"]"}
RESULT: {}
RESULT: {"using":"xpath","value":"//*[@id=\"__button49\"]"}
COMMAND: POST /session/93f43bcbd844a5d98eb964b157ec9441/element - {"using":"xpath","value":"//*[@id=\"__button49\"]"}
RESULT: {"using":"xpath","value":"//*[@id=\"__button49\"]"}
COMMAND: POST /session/93f43bcbd844a5d98eb964b157ec9441/element/f.0C3632C05FD2F0739639ED0A0E4218C8.d.11AE2267742BBCA7468322B5CCA8B2B2.e.5516/click - {}
RESULT: {}
COMMAND: POST /session/93f43bcbd844a5d98eb964b157ec9441/execute/async - {"script":"<script> [189 bytes]","args":[]}
COMMAND: GET /session/93f43bcbd844a5d98eb964b157ec9441/screenshot - {}
RESULT: {"script":"<script> [189 bytes]","args":[]}
COMMAND: POST /session/93f43bcbd844a5d98eb964b157ec9441/execute/async - {"script":"<script> [123 bytes]","args":[]}
RESULT: {}
RESULT: {"script":"<script> [123 bytes]","args":[]}
COMMAND: POST /session/93f43bcbd844a5d98eb964b157ec9441/timeouts - {"script":"<number>"}
RESULT: {"script":"<number>"}
COMMAND: GET /session/93f43bcbd844a5d98eb964b157ec9441/timeouts - {}
RESULT: {}
RESULT: undefined
COMMAND: POST /session/93f43bcbd844a5d98eb964b157ec9441/execute/async - {"script":"<script> [2676 bytes]","args":[]}
RESULT: {"script":"<script> [2676 bytes]","args":[]}
COMMAND: POST /session/93f43bcbd844a5d98eb964b157ec9441/execute/async - {"script":"<script> [2342 bytes]","args":[{"protocol":"http","hostname":"0.0.0.0","path":"/","capabilities":{"browserName":"chrome","goog:chromeOptions":{"binary":"C:\\Program Files\\Google\\Chrome\\Application\\chrome.exe","args":["--start-maximized"]}},"logLevel":"warn","connectionRetryTimeout":120000,"connectionRetryCount":3,"logLevels":{},"enableDirectConnect":true,"strictSSL":true,"_":"65 more keys: [\"cacheDir\",\"port\",\"requestedCapabilities\",\"automationProtocol\",\"baseUrl\",\"waitforInterval\",\"waitforTimeout\",\"onReload\",\"beforeCommand\",\"afterCommand\",\"rootDir\",\"specs\",\"suites\",\"exclude\",\"groupLogsByTestSpec\",\"excludeDriverLogs\",\"bail\",\"framework\",\"reporters\",\"services\",\"maxInstances\",\"maxInstancesPerCapability\",\"injectGlobals\",\"filesToWatch\",\"execArgv\",\"runnerEnv\",\"runner\",\"shard\",\"specFileRetries\",\"specFileRetriesDelay\",\"specFileRetriesDeferred\",\"reporterSyncInterval\",\"reporterSyncTimeout\",\"cucumberFeaturesWithLineNumbers\",\"autoCompileOpts\",\"mochaOpts\",\"jasmineOpts\",\"cucumberOpts\",\"onPrepare\",\"onWorkerStart\",\"onWorkerEnd\",\"before\",\"beforeSession\",\"beforeSuite\",\"beforeHook\",\"beforeTest\",\"afterTest\",\"afterHook\",\"afterSuite\",\"afterSession\",\"after\",\"onComplete\",\"beforeAssertion\",\"afterAssertion\",\"beforeFeature\",\"beforeScenario\",\"beforeStep\",\"afterStep\",\"afterScenario\",\"afterFeature\",\"_\",\"suite\",\"$0\",\"ignoredWorkerServices\",\"wdi5\"]"}]}
RESULT: {"script":"<script> [2342 bytes]","args":[{"protocol":"http","hostname":"0.0.0.0","path":"/","capabilities":{"browserName":"chrome","goog:chromeOptions":{"binary":"C:\\Program Files\\Google\\Chrome\\Application\\chrome.exe","args":["--start-maximized"]}},"logLevel":"warn","connectionRetryTimeout":120000,"connectionRetryCount":3,"logLevels":{},"enableDirectConnect":true,"strictSSL":true,"_":"65 more keys: [\"cacheDir\",\"port\",\"requestedCapabilities\",\"automationProtocol\",\"baseUrl\",\"waitforInterval\",\"waitforTimeout\",\"onReload\",\"beforeCommand\",\"afterCommand\",\"rootDir\",\"specs\",\"suites\",\"exclude\",\"groupLogsByTestSpec\",\"excludeDriverLogs\",\"bail\",\"framework\",\"reporters\",\"services\",\"maxInstances\",\"maxInstancesPerCapability\",\"injectGlobals\",\"filesToWatch\",\"execArgv\",\"runnerEnv\",\"runner\",\"shard\",\"specFileRetries\",\"specFileRetriesDelay\",\"specFileRetriesDeferred\",\"reporterSyncInterval\",\"reporterSyncTimeout\",\"cucumberFeaturesWithLineNumbers\",\"autoCompileOpts\",\"mochaOpts\",\"jasmineOpts\",\"cucumberOpts\",\"onPrepare\",\"onWorkerStart\",\"onWorkerEnd\",\"before\",\"beforeSession\",\"beforeSuite\",\"beforeHook\",\"beforeTest\",\"afterTest\",\"afterHook\",\"afterSuite\",\"afterSession\",\"after\",\"onComplete\",\"beforeAssertion\",\"afterAssertion\",\"beforeFeature\",\"beforeScenario\",\"beforeStep\",\"afterStep\",\"afterScenario\",\"afterFeature\",\"_\",\"suite\",\"$0\",\"ignoredWorkerServices\",\"wdi5\"]"}]}
COMMAND: POST /session/93f43bcbd844a5d98eb964b157ec9441/execute/async - {"script":"<script> [21126 bytes]","args":[35000]}
RESULT: {"script":"<script> [21126 bytes]","args":[35000]}
COMMAND: POST /session/93f43bcbd844a5d98eb964b157ec9441/execute/async - {"script":"<script> [1562 bytes]","args":[{"selector":{"controlType":"sap.m.Button","viewName":"etm.portal.ui.managerequests.view.Detail","bindingPath":{"path":"/SmartRequestItemsPlanningBoard(ITEM=10m,REQUEST='20241')","propertyPath":"PICK_UP"}},"wdio_ui5_key":"etmportal.ui.managerequests.view.Detailsap.m.Button{\"path\":\"/SmartRequestItemsPlanningBoard(ITEM=10m,REQUEST='20241')\",\"propertyPath\":\"PICK_UP\"}"}]}
RESULT: {"script":"<script> [1562 bytes]","args":[{"selector":{"controlType":"sap.m.Button","viewName":"etm.portal.ui.managerequests.view.Detail","bindingPath":{"path":"/SmartRequestItemsPlanningBoard(ITEM=10m,REQUEST='20241')","propertyPath":"PICK_UP"}},"wdio_ui5_key":"etmportal.ui.managerequests.view.Detailsap.m.Button{\"path\":\"/SmartRequestItemsPlanningBoard(ITEM=10m,REQUEST='20241')\",\"propertyPath\":\"PICK_UP\"}"}]}
RESULT: undefined
COMMAND: POST /session/93f43bcbd844a5d98eb964b157ec9441/execute/async - {"script":"<script> [6424 bytes]","args":[{"element-6066-11e4-a52e-4f735466cecf":"f.0C3632C05FD2F0739639ED0A0E4218C8.d.11AE2267742BBCA7468322B5CCA8B2B2.e.5463"},"getType",[]]}
RESULT: {"script":"<script> [6424 bytes]","args":[{"element-6066-11e4-a52e-4f735466cecf":"f.0C3632C05FD2F0739639ED0A0E4218C8.d.11AE2267742BBCA7468322B5CCA8B2B2.e.5463"},"getType",[]]}
COMMAND: POST /session/93f43bcbd844a5d98eb964b157ec9441/execute/async - {"script":"<script> [1562 bytes]","args":[{"selector":{"controlType":"sap.m.Button","viewName":"etm.portal.ui.managerequests.view.Detail","bindingPath":{"path":"/SmartRequestItemsPlanningBoard(ITEM=20m,REQUEST='20241')","propertyPath":"PICK_UP"}},"wdio_ui5_key":"etmportal.ui.managerequests.view.Detailsap.m.Button{\"path\":\"/SmartRequestItemsPlanningBoard(ITEM=20m,REQUEST='20241')\",\"propertyPath\":\"PICK_UP\"}"}]}
RESULT: {"script":"<script> [1562 bytes]","args":[{"selector":{"controlType":"sap.m.Button","viewName":"etm.portal.ui.managerequests.view.Detail","bindingPath":{"path":"/SmartRequestItemsPlanningBoard(ITEM=20m,REQUEST='20241')","propertyPath":"PICK_UP"}},"wdio_ui5_key":"etmportal.ui.managerequests.view.Detailsap.m.Button{\"path\":\"/SmartRequestItemsPlanningBoard(ITEM=20m,REQUEST='20241')\",\"propertyPath\":\"PICK_UP\"}"}]}
RESULT: undefined
COMMAND: POST /session/93f43bcbd844a5d98eb964b157ec9441/execute/async - {"script":"<script> [6424 bytes]","args":[{"element-6066-11e4-a52e-4f735466cecf":"f.0C3632C05FD2F0739639ED0A0E4218C8.d.11AE2267742BBCA7468322B5CCA8B2B2.e.5493"},"getType",[]]}
RESULT: {"script":"<script> [6424 bytes]","args":[{"element-6066-11e4-a52e-4f735466cecf":"f.0C3632C05FD2F0739639ED0A0E4218C8.d.11AE2267742BBCA7468322B5CCA8B2B2.e.5493"},"getType",[]]}
]]></system-out>
    </testcase>
    <testcase classname="chrome.135_0_7049_96.windows.Manage_request_+_Contract_processing_pick_up_option_US120163_" name="Should Contract processing pick up option" time="212.502">
      <system-out><![CDATA[
COMMAND: POST /session/93f43bcbd844a5d98eb964b157ec9441/execute/async - {"script":"<script> [1562 bytes]","args":[{"selector":{"id":"requestContractNo","viewName":"etm.portal.ui.managerequests.view.Detail"},"wdio_ui5_key":"requestContractNoetmportal.ui.managerequests.view.Detail"}]}
RESULT: {"script":"<script> [1562 bytes]","args":[{"selector":{"id":"requestContractNo","viewName":"etm.portal.ui.managerequests.view.Detail"},"wdio_ui5_key":"requestContractNoetmportal.ui.managerequests.view.Detail"}]}
RESULT: undefined
COMMAND: POST /session/93f43bcbd844a5d98eb964b157ec9441/element - {"using":"xpath","value":"//*[@id=\"__xmlview2--requestContractNo\"]"}
RESULT: {"using":"xpath","value":"//*[@id=\"__xmlview2--requestContractNo\"]"}
COMMAND: POST /session/93f43bcbd844a5d98eb964b157ec9441/element/f.0C3632C05FD2F0739639ED0A0E4218C8.d.11AE2267742BBCA7468322B5CCA8B2B2.e.5520/click - {}
RESULT: {}
COMMAND: POST /session/93f43bcbd844a5d98eb964b157ec9441/execute/async - {"script":"<script> [1562 bytes]","args":[{"selector":{"controlType":"sap.m.Link","viewName":"etm.portal.ui.managerequests.view.Detail","properties":{"text":"Contract Overview"},"searchOpenDialogs":true},"wdio_ui5_key":"etmportal.ui.managerequests.view.Detailsap.m.Link{\"text\":\"Contract Overview\"}"}]}
COMMAND: GET /session/93f43bcbd844a5d98eb964b157ec9441/screenshot - {}
RESULT: {"script":"<script> [1562 bytes]","args":[{"selector":{"controlType":"sap.m.Link","viewName":"etm.portal.ui.managerequests.view.Detail","properties":{"text":"Contract Overview"},"searchOpenDialogs":true},"wdio_ui5_key":"etmportal.ui.managerequests.view.Detailsap.m.Link{\"text\":\"Contract Overview\"}"}]}
RESULT: undefined
COMMAND: POST /session/93f43bcbd844a5d98eb964b157ec9441/element - {"using":"xpath","value":"//*[@id=\"__link8\"]"}
RESULT: {}
RESULT: {"using":"xpath","value":"//*[@id=\"__link8\"]"}
COMMAND: POST /session/93f43bcbd844a5d98eb964b157ec9441/element/f.0C3632C05FD2F0739639ED0A0E4218C8.d.11AE2267742BBCA7468322B5CCA8B2B2.e.5522/click - {}
RESULT: {}
COMMAND: GET /session/93f43bcbd844a5d98eb964b157ec9441/screenshot - {}
RESULT: {}
COMMAND: POST /session/93f43bcbd844a5d98eb964b157ec9441/element - {"using":"xpath","value":"//div[contains(@id ,\"headerBillingItemsTabFilter-text\")]"}
RESULT: {"using":"xpath","value":"//div[contains(@id ,\"headerBillingItemsTabFilter-text\")]"}
COMMAND: POST /session/93f43bcbd844a5d98eb964b157ec9441/elements - {"using":"xpath","value":"//div[contains(@id ,\"headerBillingItemsTabFilter-text\")]"}
RESULT: {"using":"xpath","value":"//div[contains(@id ,\"headerBillingItemsTabFilter-text\")]"}
COMMAND: POST /session/93f43bcbd844a5d98eb964b157ec9441/elements - {"using":"xpath","value":"//div[contains(@id ,\"headerBillingItemsTabFilter-text\")]"}
RESULT: {"using":"xpath","value":"//div[contains(@id ,\"headerBillingItemsTabFilter-text\")]"}
COMMAND: POST /session/93f43bcbd844a5d98eb964b157ec9441/elements - {"using":"xpath","value":"//div[contains(@id ,\"headerBillingItemsTabFilter-text\")]"}
RESULT: {"using":"xpath","value":"//div[contains(@id ,\"headerBillingItemsTabFilter-text\")]"}
COMMAND: POST /session/93f43bcbd844a5d98eb964b157ec9441/elements - {"using":"xpath","value":"//div[contains(@id ,\"headerBillingItemsTabFilter-text\")]"}
RESULT: {"using":"xpath","value":"//div[contains(@id ,\"headerBillingItemsTabFilter-text\")]"}
COMMAND: POST /session/93f43bcbd844a5d98eb964b157ec9441/elements - {"using":"xpath","value":"//div[contains(@id ,\"headerBillingItemsTabFilter-text\")]"}
RESULT: {"using":"xpath","value":"//div[contains(@id ,\"headerBillingItemsTabFilter-text\")]"}
COMMAND: POST /session/93f43bcbd844a5d98eb964b157ec9441/elements - {"using":"xpath","value":"//div[contains(@id ,\"headerBillingItemsTabFilter-text\")]"}
RESULT: {"using":"xpath","value":"//div[contains(@id ,\"headerBillingItemsTabFilter-text\")]"}
COMMAND: POST /session/93f43bcbd844a5d98eb964b157ec9441/elements - {"using":"xpath","value":"//div[contains(@id ,\"headerBillingItemsTabFilter-text\")]"}
RESULT: {"using":"xpath","value":"//div[contains(@id ,\"headerBillingItemsTabFilter-text\")]"}
COMMAND: POST /session/93f43bcbd844a5d98eb964b157ec9441/elements - {"using":"xpath","value":"//div[contains(@id ,\"headerBillingItemsTabFilter-text\")]"}
RESULT: {"using":"xpath","value":"//div[contains(@id ,\"headerBillingItemsTabFilter-text\")]"}
COMMAND: POST /session/93f43bcbd844a5d98eb964b157ec9441/elements - {"using":"xpath","value":"//div[contains(@id ,\"headerBillingItemsTabFilter-text\")]"}
RESULT: {"using":"xpath","value":"//div[contains(@id ,\"headerBillingItemsTabFilter-text\")]"}
COMMAND: POST /session/93f43bcbd844a5d98eb964b157ec9441/elements - {"using":"xpath","value":"//div[contains(@id ,\"headerBillingItemsTabFilter-text\")]"}
RESULT: {"using":"xpath","value":"//div[contains(@id ,\"headerBillingItemsTabFilter-text\")]"}
COMMAND: POST /session/93f43bcbd844a5d98eb964b157ec9441/elements - {"using":"xpath","value":"//div[contains(@id ,\"headerBillingItemsTabFilter-text\")]"}
RESULT: {"using":"xpath","value":"//div[contains(@id ,\"headerBillingItemsTabFilter-text\")]"}
COMMAND: POST /session/93f43bcbd844a5d98eb964b157ec9441/elements - {"using":"xpath","value":"//div[contains(@id ,\"headerBillingItemsTabFilter-text\")]"}
RESULT: {"using":"xpath","value":"//div[contains(@id ,\"headerBillingItemsTabFilter-text\")]"}
COMMAND: POST /session/93f43bcbd844a5d98eb964b157ec9441/element - {"using":"xpath","value":"//div[contains(@id ,\"headerBillingItemsTabFilter-text\")]"}
RESULT: {"using":"xpath","value":"//div[contains(@id ,\"headerBillingItemsTabFilter-text\")]"}
COMMAND: POST /session/93f43bcbd844a5d98eb964b157ec9441/element/f.0C3632C05FD2F0739639ED0A0E4218C8.d.11AE2267742BBCA7468322B5CCA8B2B2.e.5715/click - {}
RESULT: {}
COMMAND: GET /session/93f43bcbd844a5d98eb964b157ec9441/screenshot - {}
RESULT: {}
COMMAND: POST /session/93f43bcbd844a5d98eb964b157ec9441/execute/async - {"script":"<script> [1562 bytes]","args":[{"selector":{"id":"addRequestItemBtn","viewName":"etm.portal.ui.managecontracts.view.Detail","interaction":{"idSuffix":"BDI-content"}},"wdio_ui5_key":"addRequestItemBtnetmportal.ui.managecontracts.view.Detail"}]}
RESULT: {"script":"<script> [1562 bytes]","args":[{"selector":{"id":"addRequestItemBtn","viewName":"etm.portal.ui.managecontracts.view.Detail","interaction":{"idSuffix":"BDI-content"}},"wdio_ui5_key":"addRequestItemBtnetmportal.ui.managecontracts.view.Detail"}]}
RESULT: undefined
COMMAND: POST /session/93f43bcbd844a5d98eb964b157ec9441/element - {"using":"xpath","value":"//*[@id=\"__xmlview4--addRequestItemBtn\"]"}
RESULT: {"using":"xpath","value":"//*[@id=\"__xmlview4--addRequestItemBtn\"]"}
COMMAND: POST /session/93f43bcbd844a5d98eb964b157ec9441/element/f.0C3632C05FD2F0739639ED0A0E4218C8.d.11AE2267742BBCA7468322B5CCA8B2B2.e.5627/click - {}
RESULT: {}
COMMAND: GET /session/93f43bcbd844a5d98eb964b157ec9441/screenshot - {}
RESULT: {}
COMMAND: POST /session/93f43bcbd844a5d98eb964b157ec9441/element - {"using":"xpath","value":"//div[contains(@id ,\"popupRequestTable-sa-CbBg\")]"}
RESULT: {"using":"xpath","value":"//div[contains(@id ,\"popupRequestTable-sa-CbBg\")]"}
COMMAND: POST /session/93f43bcbd844a5d98eb964b157ec9441/element/f.0C3632C05FD2F0739639ED0A0E4218C8.d.11AE2267742BBCA7468322B5CCA8B2B2.e.5787/click - {}
RESULT: {}
COMMAND: GET /session/93f43bcbd844a5d98eb964b157ec9441/screenshot - {}
RESULT: {}
COMMAND: POST /session/93f43bcbd844a5d98eb964b157ec9441/execute/async - {"script":"<script> [1562 bytes]","args":[{"selector":{"controlType":"sap.m.Button","viewName":"etm.portal.ui.managecontracts.view.Detail","i18NText":{"propertyName":"text","key":"selectionDone"},"searchOpenDialogs":true,"interaction":{"idSuffix":"content"}},"wdio_ui5_key":"etmportal.ui.managecontracts.view.Detailsap.m.Button{\"propertyName\":\"text\",\"key\":\"selectionDone\"}"}]}
RESULT: {"script":"<script> [1562 bytes]","args":[{"selector":{"controlType":"sap.m.Button","viewName":"etm.portal.ui.managecontracts.view.Detail","i18NText":{"propertyName":"text","key":"selectionDone"},"searchOpenDialogs":true,"interaction":{"idSuffix":"content"}},"wdio_ui5_key":"etmportal.ui.managecontracts.view.Detailsap.m.Button{\"propertyName\":\"text\",\"key\":\"selectionDone\"}"}]}
RESULT: undefined
COMMAND: POST /session/93f43bcbd844a5d98eb964b157ec9441/element - {"using":"xpath","value":"//*[@id=\"__button65\"]"}
RESULT: {"using":"xpath","value":"//*[@id=\"__button65\"]"}
COMMAND: POST /session/93f43bcbd844a5d98eb964b157ec9441/element/f.0C3632C05FD2F0739639ED0A0E4218C8.d.11AE2267742BBCA7468322B5CCA8B2B2.e.5790/click - {}
RESULT: {}
COMMAND: POST /session/93f43bcbd844a5d98eb964b157ec9441/execute/async - {"script":"<script> [1562 bytes]","args":[{"selector":{"controlType":"sap.m.Button","properties":{"text":"OK"},"searchOpenDialogs":true,"interaction":{"idSuffix":"inner"}},"wdio_ui5_key":"sapm.Button{\"text\":\"OK\"}"}]}
COMMAND: GET /session/93f43bcbd844a5d98eb964b157ec9441/screenshot - {}
RESULT: {"script":"<script> [1562 bytes]","args":[{"selector":{"controlType":"sap.m.Button","properties":{"text":"OK"},"searchOpenDialogs":true,"interaction":{"idSuffix":"inner"}},"wdio_ui5_key":"sapm.Button{\"text\":\"OK\"}"}]}
RESULT: undefined
COMMAND: POST /session/93f43bcbd844a5d98eb964b157ec9441/element - {"using":"xpath","value":"//*[@id=\"__mbox-btn-1\"]"}
RESULT: {}
RESULT: {"using":"xpath","value":"//*[@id=\"__mbox-btn-1\"]"}
COMMAND: POST /session/93f43bcbd844a5d98eb964b157ec9441/element/f.0C3632C05FD2F0739639ED0A0E4218C8.d.11AE2267742BBCA7468322B5CCA8B2B2.e.5791/click - {}
RESULT: {}
COMMAND: GET /session/93f43bcbd844a5d98eb964b157ec9441/screenshot - {}
RESULT: {}
COMMAND: POST /session/93f43bcbd844a5d98eb964b157ec9441/element - {"using":"xpath","value":"//div[contains(@id ,\"headerBillingItemsTabFilter-text\")]"}
RESULT: {"using":"xpath","value":"//div[contains(@id ,\"headerBillingItemsTabFilter-text\")]"}
COMMAND: POST /session/93f43bcbd844a5d98eb964b157ec9441/element/f.0C3632C05FD2F0739639ED0A0E4218C8.d.11AE2267742BBCA7468322B5CCA8B2B2.e.5715/click - {}
RESULT: {}
COMMAND: GET /session/93f43bcbd844a5d98eb964b157ec9441/screenshot - {}
RESULT: {}
COMMAND: POST /session/93f43bcbd844a5d98eb964b157ec9441/element - {"using":"xpath","value":"//button[contains(@data-kt ,\"refreshButton\")]"}
RESULT: {"using":"xpath","value":"//button[contains(@data-kt ,\"refreshButton\")]"}
COMMAND: POST /session/93f43bcbd844a5d98eb964b157ec9441/element/f.0C3632C05FD2F0739639ED0A0E4218C8.d.11AE2267742BBCA7468322B5CCA8B2B2.e.5624/click - {}
RESULT: {}
COMMAND: GET /session/93f43bcbd844a5d98eb964b157ec9441/screenshot - {}
RESULT: {}
COMMAND: POST /session/93f43bcbd844a5d98eb964b157ec9441/element - {"using":"xpath","value":"//div[contains(@id ,\"headerBillingItemsTabFilter-text\")]"}
RESULT: {"using":"xpath","value":"//div[contains(@id ,\"headerBillingItemsTabFilter-text\")]"}
COMMAND: POST /session/93f43bcbd844a5d98eb964b157ec9441/element/f.0C3632C05FD2F0739639ED0A0E4218C8.d.11AE2267742BBCA7468322B5CCA8B2B2.e.5715/click - {}
RESULT: {}
COMMAND: GET /session/93f43bcbd844a5d98eb964b157ec9441/screenshot - {}
RESULT: {}
COMMAND: POST /session/93f43bcbd844a5d98eb964b157ec9441/execute/async - {"script":"<script> [1562 bytes]","args":[{"selector":{"id":"contractDetailProvideButton","viewName":"etm.portal.ui.managecontracts.view.Detail","interaction":{"idSuffix":"BDI-content"}},"wdio_ui5_key":"contractDetailProvideButtonetmportal.ui.managecontracts.view.Detail"}]}
RESULT: {"script":"<script> [1562 bytes]","args":[{"selector":{"id":"contractDetailProvideButton","viewName":"etm.portal.ui.managecontracts.view.Detail","interaction":{"idSuffix":"BDI-content"}},"wdio_ui5_key":"contractDetailProvideButtonetmportal.ui.managecontracts.view.Detail"}]}
RESULT: undefined
COMMAND: POST /session/93f43bcbd844a5d98eb964b157ec9441/element - {"using":"xpath","value":"//*[@id=\"__xmlview4--contractDetailProvideButton\"]"}
RESULT: {"using":"xpath","value":"//*[@id=\"__xmlview4--contractDetailProvideButton\"]"}
COMMAND: POST /session/93f43bcbd844a5d98eb964b157ec9441/element/f.0C3632C05FD2F0739639ED0A0E4218C8.d.11AE2267742BBCA7468322B5CCA8B2B2.e.5633/click - {}
RESULT: {}
COMMAND: GET /session/93f43bcbd844a5d98eb964b157ec9441/screenshot - {}
RESULT: {}
COMMAND: POST /session/93f43bcbd844a5d98eb964b157ec9441/execute/async - {"script":"<script> [1562 bytes]","args":[{"selector":{"id":"application-managehandovers-display-component---AddNewHO--pickUpCheckbox","interaction":{"idSuffix":"CbBg"}},"wdio_ui5_key":"applicationmanagehandovers-display-component---AddNewHO--pickUpCheckbox"}]}
RESULT: {"script":"<script> [1562 bytes]","args":[{"selector":{"id":"application-managehandovers-display-component---AddNewHO--pickUpCheckbox","interaction":{"idSuffix":"CbBg"}},"wdio_ui5_key":"applicationmanagehandovers-display-component---AddNewHO--pickUpCheckbox"}]}
RESULT: undefined
COMMAND: POST /session/93f43bcbd844a5d98eb964b157ec9441/element - {"using":"xpath","value":"//*[@id=\"application-managehandovers-display-component---AddNewHO--pickUpCheckbox\"]"}
RESULT: {"using":"xpath","value":"//*[@id=\"application-managehandovers-display-component---AddNewHO--pickUpCheckbox\"]"}
COMMAND: POST /session/93f43bcbd844a5d98eb964b157ec9441/element/f.0C3632C05FD2F0739639ED0A0E4218C8.d.11AE2267742BBCA7468322B5CCA8B2B2.e.5991/click - {}
RESULT: {}
COMMAND: POST /session/93f43bcbd844a5d98eb964b157ec9441/execute/async - {"script":"<script> [1562 bytes]","args":[{"selector":{"id":"application-managehandovers-display-component---AddNewHO--ObjectPageLayout-anchBar-application-managehandovers-display-component---AddNewHO--section4-anchor","interaction":{"idSuffix":"content"}},"wdio_ui5_key":"applicationmanagehandovers-display-component---AddNewHO--ObjectPageLayout-anchBar-application-managehandovers-display-component---AddNewHO--section4-anchor"}]}
COMMAND: GET /session/93f43bcbd844a5d98eb964b157ec9441/screenshot - {}
RESULT: {"script":"<script> [1562 bytes]","args":[{"selector":{"id":"application-managehandovers-display-component---AddNewHO--ObjectPageLayout-anchBar-application-managehandovers-display-component---AddNewHO--section4-anchor","interaction":{"idSuffix":"content"}},"wdio_ui5_key":"applicationmanagehandovers-display-component---AddNewHO--ObjectPageLayout-anchBar-application-managehandovers-display-component---AddNewHO--section4-anchor"}]}
RESULT: undefined
COMMAND: POST /session/93f43bcbd844a5d98eb964b157ec9441/element - {"using":"xpath","value":"//*[@id=\"application-managehandovers-display-component---AddNewHO--ObjectPageLayout-anchBar-application-managehandovers-display-component---AddNewHO--section4-anchor\"]"}
RESULT: {}
RESULT: {"using":"xpath","value":"//*[@id=\"application-managehandovers-display-component---AddNewHO--ObjectPageLayout-anchBar-application-managehandovers-display-component---AddNewHO--section4-anchor\"]"}
COMMAND: POST /session/93f43bcbd844a5d98eb964b157ec9441/element/f.0C3632C05FD2F0739639ED0A0E4218C8.d.11AE2267742BBCA7468322B5CCA8B2B2.e.5995/click - {}
RESULT: {}
COMMAND: POST /session/93f43bcbd844a5d98eb964b157ec9441/execute/async - {"script":"<script> [1562 bytes]","args":[{"selector":{"controlType":"sap.m.Button","viewName":"etm.portal.ui.managehandovers.view.AddNewHO","viewId":"application-managehandovers-display-component---AddNewHO","i18NText":{"propertyName":"tooltip","key":"addItems"},"interaction":{"idSuffix":"inner"}},"wdio_ui5_key":"etmportal.ui.managehandovers.view.AddNewHOsap.m.Button{\"propertyName\":\"tooltip\",\"key\":\"addItems\"}"}]}
COMMAND: GET /session/93f43bcbd844a5d98eb964b157ec9441/screenshot - {}
RESULT: {"script":"<script> [1562 bytes]","args":[{"selector":{"controlType":"sap.m.Button","viewName":"etm.portal.ui.managehandovers.view.AddNewHO","viewId":"application-managehandovers-display-component---AddNewHO","i18NText":{"propertyName":"tooltip","key":"addItems"},"interaction":{"idSuffix":"inner"}},"wdio_ui5_key":"etmportal.ui.managehandovers.view.AddNewHOsap.m.Button{\"propertyName\":\"tooltip\",\"key\":\"addItems\"}"}]}
RESULT: undefined
COMMAND: POST /session/93f43bcbd844a5d98eb964b157ec9441/element - {"using":"xpath","value":"//*[@id=\"__button82\"]"}
RESULT: {}
RESULT: {"using":"xpath","value":"//*[@id=\"__button82\"]"}
COMMAND: POST /session/93f43bcbd844a5d98eb964b157ec9441/element/f.0C3632C05FD2F0739639ED0A0E4218C8.d.11AE2267742BBCA7468322B5CCA8B2B2.e.5999/click - {}
RESULT: {}
COMMAND: POST /session/93f43bcbd844a5d98eb964b157ec9441/execute/async - {"script":"<script> [1562 bytes]","args":[{"selector":{"id":"application-managehandovers-display-component---AddNewHO--smartTableHOPopup-header","searchOpenDialogs":true},"wdio_ui5_key":"applicationmanagehandovers-display-component---AddNewHO--smartTableHOPopup-header"}]}
COMMAND: GET /session/93f43bcbd844a5d98eb964b157ec9441/screenshot - {}
RESULT: {"script":"<script> [1562 bytes]","args":[{"selector":{"id":"application-managehandovers-display-component---AddNewHO--smartTableHOPopup-header","searchOpenDialogs":true},"wdio_ui5_key":"applicationmanagehandovers-display-component---AddNewHO--smartTableHOPopup-header"}]}
RESULT: undefined
COMMAND: POST /session/93f43bcbd844a5d98eb964b157ec9441/execute/async - {"script":"<script> [6424 bytes]","args":[{"element-6066-11e4-a52e-4f735466cecf":"f.0C3632C05FD2F0739639ED0A0E4218C8.d.11AE2267742BBCA7468322B5CCA8B2B2.e.6014"},"getText",[]]}
RESULT: {}
RESULT: {"script":"<script> [6424 bytes]","args":[{"element-6066-11e4-a52e-4f735466cecf":"f.0C3632C05FD2F0739639ED0A0E4218C8.d.11AE2267742BBCA7468322B5CCA8B2B2.e.6014"},"getText",[]]}
COMMAND: POST /session/93f43bcbd844a5d98eb964b157ec9441/actions - {"actions":[{"id":"action43","type":"key","parameters":{},"actions":[{"type":"keyDown","value":"î€Œ"},{"type":"pause","duration":10},{"type":"keyUp","value":"î€Œ"}]}]}
RESULT: {"actions":[{"id":"action43","type":"key","parameters":{},"actions":[{"type":"keyDown","value":"î€Œ"},{"type":"pause","duration":10},{"type":"keyUp","value":"î€Œ"}]}]}
COMMAND: GET /session/93f43bcbd844a5d98eb964b157ec9441/screenshot - {}
RESULT: {}
COMMAND: POST /session/93f43bcbd844a5d98eb964b157ec9441/execute/async - {"script":"<script> [1562 bytes]","args":[{"selector":{"id":"backBtn"},"wdio_ui5_key":"backBtn"}]}
RESULT: {"script":"<script> [1562 bytes]","args":[{"selector":{"id":"backBtn"},"wdio_ui5_key":"backBtn"}]}
RESULT: undefined
COMMAND: POST /session/93f43bcbd844a5d98eb964b157ec9441/element - {"using":"xpath","value":"//*[@id=\"backBtn\"]"}
RESULT: {"using":"xpath","value":"//*[@id=\"backBtn\"]"}
COMMAND: POST /session/93f43bcbd844a5d98eb964b157ec9441/element/f.0C3632C05FD2F0739639ED0A0E4218C8.d.11AE2267742BBCA7468322B5CCA8B2B2.e.6016/click - {}
RESULT: {}
COMMAND: GET /session/93f43bcbd844a5d98eb964b157ec9441/screenshot - {}
RESULT: {}
COMMAND: POST /session/93f43bcbd844a5d98eb964b157ec9441/refresh - {}
RESULT: {}
COMMAND: GET /session/93f43bcbd844a5d98eb964b157ec9441/screenshot - {}
RESULT: {}
COMMAND: POST /session/93f43bcbd844a5d98eb964b157ec9441/execute/async - {"script":"<script> [189 bytes]","args":[]}
RESULT: {"script":"<script> [189 bytes]","args":[]}
COMMAND: POST /session/93f43bcbd844a5d98eb964b157ec9441/execute/async - {"script":"<script> [123 bytes]","args":[]}
RESULT: {"script":"<script> [123 bytes]","args":[]}
COMMAND: POST /session/93f43bcbd844a5d98eb964b157ec9441/timeouts - {"script":"<number>"}
RESULT: {"script":"<number>"}
COMMAND: GET /session/93f43bcbd844a5d98eb964b157ec9441/timeouts - {}
RESULT: {}
RESULT: undefined
COMMAND: POST /session/93f43bcbd844a5d98eb964b157ec9441/execute/async - {"script":"<script> [2676 bytes]","args":[]}
RESULT: {"script":"<script> [2676 bytes]","args":[]}
COMMAND: POST /session/93f43bcbd844a5d98eb964b157ec9441/execute/async - {"script":"<script> [2342 bytes]","args":[{"protocol":"http","hostname":"0.0.0.0","path":"/","capabilities":{"browserName":"chrome","goog:chromeOptions":{"binary":"C:\\Program Files\\Google\\Chrome\\Application\\chrome.exe","args":["--start-maximized"]}},"logLevel":"warn","connectionRetryTimeout":120000,"connectionRetryCount":3,"logLevels":{},"enableDirectConnect":true,"strictSSL":true,"_":"65 more keys: [\"cacheDir\",\"port\",\"requestedCapabilities\",\"automationProtocol\",\"baseUrl\",\"waitforInterval\",\"waitforTimeout\",\"onReload\",\"beforeCommand\",\"afterCommand\",\"rootDir\",\"specs\",\"suites\",\"exclude\",\"groupLogsByTestSpec\",\"excludeDriverLogs\",\"bail\",\"framework\",\"reporters\",\"services\",\"maxInstances\",\"maxInstancesPerCapability\",\"injectGlobals\",\"filesToWatch\",\"execArgv\",\"runnerEnv\",\"runner\",\"shard\",\"specFileRetries\",\"specFileRetriesDelay\",\"specFileRetriesDeferred\",\"reporterSyncInterval\",\"reporterSyncTimeout\",\"cucumberFeaturesWithLineNumbers\",\"autoCompileOpts\",\"mochaOpts\",\"jasmineOpts\",\"cucumberOpts\",\"onPrepare\",\"onWorkerStart\",\"onWorkerEnd\",\"before\",\"beforeSession\",\"beforeSuite\",\"beforeHook\",\"beforeTest\",\"afterTest\",\"afterHook\",\"afterSuite\",\"afterSession\",\"after\",\"onComplete\",\"beforeAssertion\",\"afterAssertion\",\"beforeFeature\",\"beforeScenario\",\"beforeStep\",\"afterStep\",\"afterScenario\",\"afterFeature\",\"_\",\"suite\",\"$0\",\"ignoredWorkerServices\",\"wdi5\"]"}]}
RESULT: {"script":"<script> [2342 bytes]","args":[{"protocol":"http","hostname":"0.0.0.0","path":"/","capabilities":{"browserName":"chrome","goog:chromeOptions":{"binary":"C:\\Program Files\\Google\\Chrome\\Application\\chrome.exe","args":["--start-maximized"]}},"logLevel":"warn","connectionRetryTimeout":120000,"connectionRetryCount":3,"logLevels":{},"enableDirectConnect":true,"strictSSL":true,"_":"65 more keys: [\"cacheDir\",\"port\",\"requestedCapabilities\",\"automationProtocol\",\"baseUrl\",\"waitforInterval\",\"waitforTimeout\",\"onReload\",\"beforeCommand\",\"afterCommand\",\"rootDir\",\"specs\",\"suites\",\"exclude\",\"groupLogsByTestSpec\",\"excludeDriverLogs\",\"bail\",\"framework\",\"reporters\",\"services\",\"maxInstances\",\"maxInstancesPerCapability\",\"injectGlobals\",\"filesToWatch\",\"execArgv\",\"runnerEnv\",\"runner\",\"shard\",\"specFileRetries\",\"specFileRetriesDelay\",\"specFileRetriesDeferred\",\"reporterSyncInterval\",\"reporterSyncTimeout\",\"cucumberFeaturesWithLineNumbers\",\"autoCompileOpts\",\"mochaOpts\",\"jasmineOpts\",\"cucumberOpts\",\"onPrepare\",\"onWorkerStart\",\"onWorkerEnd\",\"before\",\"beforeSession\",\"beforeSuite\",\"beforeHook\",\"beforeTest\",\"afterTest\",\"afterHook\",\"afterSuite\",\"afterSession\",\"after\",\"onComplete\",\"beforeAssertion\",\"afterAssertion\",\"beforeFeature\",\"beforeScenario\",\"beforeStep\",\"afterStep\",\"afterScenario\",\"afterFeature\",\"_\",\"suite\",\"$0\",\"ignoredWorkerServices\",\"wdi5\"]"}]}
COMMAND: POST /session/93f43bcbd844a5d98eb964b157ec9441/execute/async - {"script":"<script> [21126 bytes]","args":[35000]}
RESULT: {"script":"<script> [21126 bytes]","args":[35000]}
COMMAND: POST /session/93f43bcbd844a5d98eb964b157ec9441/element - {"using":"xpath","value":"//div[contains(@id ,\"headerBillingItemsTabFilter-text\")]"}
RESULT: {"using":"xpath","value":"//div[contains(@id ,\"headerBillingItemsTabFilter-text\")]"}
COMMAND: POST /session/93f43bcbd844a5d98eb964b157ec9441/element/f.0C3632C05FD2F0739639ED0A0E4218C8.d.221D4C204FF2D437A1846A2C48808E4A.e.6383/click - {}
RESULT: {}
COMMAND: GET /session/93f43bcbd844a5d98eb964b157ec9441/screenshot - {}
RESULT: {}
COMMAND: POST /session/93f43bcbd844a5d98eb964b157ec9441/execute/async - {"script":"<script> [1562 bytes]","args":[{"selector":{"id":"revertPlanningBtn","viewName":"etm.portal.ui.managecontracts.view.Detail","interaction":{"idSuffix":"BDI-content"}},"wdio_ui5_key":"revertPlanningBtnetmportal.ui.managecontracts.view.Detail"}]}
RESULT: {"script":"<script> [1562 bytes]","args":[{"selector":{"id":"revertPlanningBtn","viewName":"etm.portal.ui.managecontracts.view.Detail","interaction":{"idSuffix":"BDI-content"}},"wdio_ui5_key":"revertPlanningBtnetmportal.ui.managecontracts.view.Detail"}]}
RESULT: undefined
COMMAND: POST /session/93f43bcbd844a5d98eb964b157ec9441/element - {"using":"xpath","value":"//*[@id=\"__xmlview1--revertPlanningBtn\"]"}
RESULT: {"using":"xpath","value":"//*[@id=\"__xmlview1--revertPlanningBtn\"]"}
COMMAND: POST /session/93f43bcbd844a5d98eb964b157ec9441/element/f.0C3632C05FD2F0739639ED0A0E4218C8.d.221D4C204FF2D437A1846A2C48808E4A.e.6416/click - {}
RESULT: {}
COMMAND: GET /session/93f43bcbd844a5d98eb964b157ec9441/screenshot - {}
RESULT: {}
COMMAND: POST /session/93f43bcbd844a5d98eb964b157ec9441/actions - {"actions":[{"id":"action44","type":"key","parameters":{},"actions":[{"type":"keyDown","value":"î€‡"},{"type":"pause","duration":10},{"type":"keyUp","value":"î€‡"}]}]}
RESULT: {"actions":[{"id":"action44","type":"key","parameters":{},"actions":[{"type":"keyDown","value":"î€‡"},{"type":"pause","duration":10},{"type":"keyUp","value":"î€‡"}]}]}
COMMAND: GET /session/93f43bcbd844a5d98eb964b157ec9441/screenshot - {}
RESULT: {}
COMMAND: POST /session/93f43bcbd844a5d98eb964b157ec9441/element - {"using":"xpath","value":"//div[contains(@id ,\"ProductsTable-sa-CbBg\")]"}
RESULT: {"using":"xpath","value":"//div[contains(@id ,\"ProductsTable-sa-CbBg\")]"}
COMMAND: POST /session/93f43bcbd844a5d98eb964b157ec9441/element/f.0C3632C05FD2F0739639ED0A0E4218C8.d.221D4C204FF2D437A1846A2C48808E4A.e.6479/click - {}
RESULT: {}
COMMAND: GET /session/93f43bcbd844a5d98eb964b157ec9441/screenshot - {}
RESULT: {}
COMMAND: POST /session/93f43bcbd844a5d98eb964b157ec9441/execute/async - {"script":"<script> [1562 bytes]","args":[{"selector":{"id":"executeRevertPlanningBtn","viewName":"etm.portal.ui.managecontracts.view.Detail","interaction":{"idSuffix":"BDI-content"}},"wdio_ui5_key":"executeRevertPlanningBtnetmportal.ui.managecontracts.view.Detail"}]}
RESULT: {"script":"<script> [1562 bytes]","args":[{"selector":{"id":"executeRevertPlanningBtn","viewName":"etm.portal.ui.managecontracts.view.Detail","interaction":{"idSuffix":"BDI-content"}},"wdio_ui5_key":"executeRevertPlanningBtnetmportal.ui.managecontracts.view.Detail"}]}
RESULT: undefined
COMMAND: POST /session/93f43bcbd844a5d98eb964b157ec9441/element - {"using":"xpath","value":"//*[@id=\"__xmlview1--executeRevertPlanningBtn\"]"}
RESULT: {"using":"xpath","value":"//*[@id=\"__xmlview1--executeRevertPlanningBtn\"]"}
COMMAND: POST /session/93f43bcbd844a5d98eb964b157ec9441/element/f.0C3632C05FD2F0739639ED0A0E4218C8.d.221D4C204FF2D437A1846A2C48808E4A.e.6470/click - {}
RESULT: {}
COMMAND: GET /session/93f43bcbd844a5d98eb964b157ec9441/screenshot - {}
RESULT: {}
COMMAND: POST /session/93f43bcbd844a5d98eb964b157ec9441/actions - {"actions":[{"id":"action45","type":"key","parameters":{},"actions":[{"type":"keyDown","value":"î€‡"},{"type":"pause","duration":10},{"type":"keyUp","value":"î€‡"}]}]}
RESULT: {"actions":[{"id":"action45","type":"key","parameters":{},"actions":[{"type":"keyDown","value":"î€‡"},{"type":"pause","duration":10},{"type":"keyUp","value":"î€‡"}]}]}
COMMAND: POST /session/93f43bcbd844a5d98eb964b157ec9441/execute/async - {"script":"<script> [1562 bytes]","args":[{"selector":{"id":"backBtn"},"wdio_ui5_key":"backBtn"}]}
COMMAND: GET /session/93f43bcbd844a5d98eb964b157ec9441/screenshot - {}
RESULT: {"script":"<script> [1562 bytes]","args":[{"selector":{"id":"backBtn"},"wdio_ui5_key":"backBtn"}]}
RESULT: undefined
COMMAND: POST /session/93f43bcbd844a5d98eb964b157ec9441/element - {"using":"xpath","value":"//*[@id=\"backBtn\"]"}
RESULT: {}
RESULT: {"using":"xpath","value":"//*[@id=\"backBtn\"]"}
COMMAND: POST /session/93f43bcbd844a5d98eb964b157ec9441/element/f.0C3632C05FD2F0739639ED0A0E4218C8.d.221D4C204FF2D437A1846A2C48808E4A.e.6498/click - {}
RESULT: {}
COMMAND: GET /session/93f43bcbd844a5d98eb964b157ec9441/screenshot - {}
COMMAND: POST /session/93f43bcbd844a5d98eb964b157ec9441/refresh - {}
RESULT: {}
RESULT: {}
COMMAND: GET /session/93f43bcbd844a5d98eb964b157ec9441/screenshot - {}
RESULT: {}
COMMAND: POST /session/93f43bcbd844a5d98eb964b157ec9441/execute/async - {"script":"<script> [189 bytes]","args":[]}
RESULT: {"script":"<script> [189 bytes]","args":[]}
COMMAND: POST /session/93f43bcbd844a5d98eb964b157ec9441/execute/async - {"script":"<script> [123 bytes]","args":[]}
RESULT: {"script":"<script> [123 bytes]","args":[]}
COMMAND: POST /session/93f43bcbd844a5d98eb964b157ec9441/timeouts - {"script":"<number>"}
RESULT: {"script":"<number>"}
COMMAND: GET /session/93f43bcbd844a5d98eb964b157ec9441/timeouts - {}
RESULT: {}
RESULT: undefined
COMMAND: POST /session/93f43bcbd844a5d98eb964b157ec9441/execute/async - {"script":"<script> [2676 bytes]","args":[]}
RESULT: {"script":"<script> [2676 bytes]","args":[]}
COMMAND: POST /session/93f43bcbd844a5d98eb964b157ec9441/execute/async - {"script":"<script> [2342 bytes]","args":[{"protocol":"http","hostname":"0.0.0.0","path":"/","capabilities":{"browserName":"chrome","goog:chromeOptions":{"binary":"C:\\Program Files\\Google\\Chrome\\Application\\chrome.exe","args":["--start-maximized"]}},"logLevel":"warn","connectionRetryTimeout":120000,"connectionRetryCount":3,"logLevels":{},"enableDirectConnect":true,"strictSSL":true,"_":"65 more keys: [\"cacheDir\",\"port\",\"requestedCapabilities\",\"automationProtocol\",\"baseUrl\",\"waitforInterval\",\"waitforTimeout\",\"onReload\",\"beforeCommand\",\"afterCommand\",\"rootDir\",\"specs\",\"suites\",\"exclude\",\"groupLogsByTestSpec\",\"excludeDriverLogs\",\"bail\",\"framework\",\"reporters\",\"services\",\"maxInstances\",\"maxInstancesPerCapability\",\"injectGlobals\",\"filesToWatch\",\"execArgv\",\"runnerEnv\",\"runner\",\"shard\",\"specFileRetries\",\"specFileRetriesDelay\",\"specFileRetriesDeferred\",\"reporterSyncInterval\",\"reporterSyncTimeout\",\"cucumberFeaturesWithLineNumbers\",\"autoCompileOpts\",\"mochaOpts\",\"jasmineOpts\",\"cucumberOpts\",\"onPrepare\",\"onWorkerStart\",\"onWorkerEnd\",\"before\",\"beforeSession\",\"beforeSuite\",\"beforeHook\",\"beforeTest\",\"afterTest\",\"afterHook\",\"afterSuite\",\"afterSession\",\"after\",\"onComplete\",\"beforeAssertion\",\"afterAssertion\",\"beforeFeature\",\"beforeScenario\",\"beforeStep\",\"afterStep\",\"afterScenario\",\"afterFeature\",\"_\",\"suite\",\"$0\",\"ignoredWorkerServices\",\"wdi5\"]"}]}
RESULT: {"script":"<script> [2342 bytes]","args":[{"protocol":"http","hostname":"0.0.0.0","path":"/","capabilities":{"browserName":"chrome","goog:chromeOptions":{"binary":"C:\\Program Files\\Google\\Chrome\\Application\\chrome.exe","args":["--start-maximized"]}},"logLevel":"warn","connectionRetryTimeout":120000,"connectionRetryCount":3,"logLevels":{},"enableDirectConnect":true,"strictSSL":true,"_":"65 more keys: [\"cacheDir\",\"port\",\"requestedCapabilities\",\"automationProtocol\",\"baseUrl\",\"waitforInterval\",\"waitforTimeout\",\"onReload\",\"beforeCommand\",\"afterCommand\",\"rootDir\",\"specs\",\"suites\",\"exclude\",\"groupLogsByTestSpec\",\"excludeDriverLogs\",\"bail\",\"framework\",\"reporters\",\"services\",\"maxInstances\",\"maxInstancesPerCapability\",\"injectGlobals\",\"filesToWatch\",\"execArgv\",\"runnerEnv\",\"runner\",\"shard\",\"specFileRetries\",\"specFileRetriesDelay\",\"specFileRetriesDeferred\",\"reporterSyncInterval\",\"reporterSyncTimeout\",\"cucumberFeaturesWithLineNumbers\",\"autoCompileOpts\",\"mochaOpts\",\"jasmineOpts\",\"cucumberOpts\",\"onPrepare\",\"onWorkerStart\",\"onWorkerEnd\",\"before\",\"beforeSession\",\"beforeSuite\",\"beforeHook\",\"beforeTest\",\"afterTest\",\"afterHook\",\"afterSuite\",\"afterSession\",\"after\",\"onComplete\",\"beforeAssertion\",\"afterAssertion\",\"beforeFeature\",\"beforeScenario\",\"beforeStep\",\"afterStep\",\"afterScenario\",\"afterFeature\",\"_\",\"suite\",\"$0\",\"ignoredWorkerServices\",\"wdi5\"]"}]}
COMMAND: POST /session/93f43bcbd844a5d98eb964b157ec9441/execute/async - {"script":"<script> [21126 bytes]","args":[35000]}
RESULT: {"script":"<script> [21126 bytes]","args":[35000]}
COMMAND: POST /session/93f43bcbd844a5d98eb964b157ec9441/execute/async - {"script":"<script> [1562 bytes]","args":[{"selector":{"controlType":"sap.m.ObjectStatus","viewName":"etm.portal.ui.managerequests.view.Detail","bindingPath":{"path":"/RequestHeaders('20241')","propertyPath":"LINK_TO_STATUS/DESCRIPTION","modelName":"catalogModel"}},"wdio_ui5_key":"etmportal.ui.managerequests.view.Detailsap.m.ObjectStatus{\"path\":\"/RequestHeaders('20241')\",\"propertyPath\":\"LINK_TO_STATUS/DESCRIPTION\",\"modelName\":\"catalogModel\"}"}]}
RESULT: {"script":"<script> [1562 bytes]","args":[{"selector":{"controlType":"sap.m.ObjectStatus","viewName":"etm.portal.ui.managerequests.view.Detail","bindingPath":{"path":"/RequestHeaders('20241')","propertyPath":"LINK_TO_STATUS/DESCRIPTION","modelName":"catalogModel"}},"wdio_ui5_key":"etmportal.ui.managerequests.view.Detailsap.m.ObjectStatus{\"path\":\"/RequestHeaders('20241')\",\"propertyPath\":\"LINK_TO_STATUS/DESCRIPTION\",\"modelName\":\"catalogModel\"}"}]}
RESULT: undefined
COMMAND: POST /session/93f43bcbd844a5d98eb964b157ec9441/execute/async - {"script":"<script> [6424 bytes]","args":[{"element-6066-11e4-a52e-4f735466cecf":"f.0C3632C05FD2F0739639ED0A0E4218C8.d.DC4DC65BE01DCF232F89331542AD06DB.e.6959"},"getText",[]]}
RESULT: {"script":"<script> [6424 bytes]","args":[{"element-6066-11e4-a52e-4f735466cecf":"f.0C3632C05FD2F0739639ED0A0E4218C8.d.DC4DC65BE01DCF232F89331542AD06DB.e.6959"},"getText",[]]}
COMMAND: POST /session/93f43bcbd844a5d98eb964b157ec9441/execute/async - {"script":"<script> [1562 bytes]","args":[{"selector":{"controlType":"sap.m.Button","viewName":"etm.portal.ui.managerequests.view.Detail","bindingPath":{"path":"/SmartRequestItemsPlanningBoard(ITEM=10m,REQUEST='20241')","propertyPath":"PICK_UP"}},"wdio_ui5_key":"etmportal.ui.managerequests.view.Detailsap.m.Button{\"path\":\"/SmartRequestItemsPlanningBoard(ITEM=10m,REQUEST='20241')\",\"propertyPath\":\"PICK_UP\"}"}]}
RESULT: {"script":"<script> [1562 bytes]","args":[{"selector":{"controlType":"sap.m.Button","viewName":"etm.portal.ui.managerequests.view.Detail","bindingPath":{"path":"/SmartRequestItemsPlanningBoard(ITEM=10m,REQUEST='20241')","propertyPath":"PICK_UP"}},"wdio_ui5_key":"etmportal.ui.managerequests.view.Detailsap.m.Button{\"path\":\"/SmartRequestItemsPlanningBoard(ITEM=10m,REQUEST='20241')\",\"propertyPath\":\"PICK_UP\"}"}]}
RESULT: undefined
COMMAND: POST /session/93f43bcbd844a5d98eb964b157ec9441/execute/async - {"script":"<script> [6424 bytes]","args":[{"element-6066-11e4-a52e-4f735466cecf":"f.0C3632C05FD2F0739639ED0A0E4218C8.d.DC4DC65BE01DCF232F89331542AD06DB.e.6960"},"getType",[]]}
RESULT: {"script":"<script> [6424 bytes]","args":[{"element-6066-11e4-a52e-4f735466cecf":"f.0C3632C05FD2F0739639ED0A0E4218C8.d.DC4DC65BE01DCF232F89331542AD06DB.e.6960"},"getType",[]]}
COMMAND: POST /session/93f43bcbd844a5d98eb964b157ec9441/execute/async - {"script":"<script> [1562 bytes]","args":[{"selector":{"controlType":"sap.m.Button","viewName":"etm.portal.ui.managerequests.view.Detail","bindingPath":{"path":"/SmartRequestItemsPlanningBoard(ITEM=20m,REQUEST='20241')","propertyPath":"PICK_UP"}},"wdio_ui5_key":"etmportal.ui.managerequests.view.Detailsap.m.Button{\"path\":\"/SmartRequestItemsPlanningBoard(ITEM=20m,REQUEST='20241')\",\"propertyPath\":\"PICK_UP\"}"}]}
RESULT: {"script":"<script> [1562 bytes]","args":[{"selector":{"controlType":"sap.m.Button","viewName":"etm.portal.ui.managerequests.view.Detail","bindingPath":{"path":"/SmartRequestItemsPlanningBoard(ITEM=20m,REQUEST='20241')","propertyPath":"PICK_UP"}},"wdio_ui5_key":"etmportal.ui.managerequests.view.Detailsap.m.Button{\"path\":\"/SmartRequestItemsPlanningBoard(ITEM=20m,REQUEST='20241')\",\"propertyPath\":\"PICK_UP\"}"}]}
RESULT: undefined
COMMAND: POST /session/93f43bcbd844a5d98eb964b157ec9441/execute/async - {"script":"<script> [6424 bytes]","args":[{"element-6066-11e4-a52e-4f735466cecf":"f.0C3632C05FD2F0739639ED0A0E4218C8.d.DC4DC65BE01DCF232F89331542AD06DB.e.6961"},"getType",[]]}
RESULT: {"script":"<script> [6424 bytes]","args":[{"element-6066-11e4-a52e-4f735466cecf":"f.0C3632C05FD2F0739639ED0A0E4218C8.d.DC4DC65BE01DCF232F89331542AD06DB.e.6961"},"getType",[]]}
COMMAND: POST /session/93f43bcbd844a5d98eb964b157ec9441/element - {"using":"css selector","value":"#shell-header-logo"}
RESULT: {"using":"css selector","value":"#shell-header-logo"}
COMMAND: POST /session/93f43bcbd844a5d98eb964b157ec9441/element/f.0C3632C05FD2F0739639ED0A0E4218C8.d.DC4DC65BE01DCF232F89331542AD06DB.e.6751/click - {}
RESULT: {}
COMMAND: GET /session/93f43bcbd844a5d98eb964b157ec9441/screenshot - {}
RESULT: {}
COMMAND: POST /session/93f43bcbd844a5d98eb964b157ec9441/execute/async - {"script":"<script> [1562 bytes]","args":[{"selector":{"controlType":"sap.m.GenericTile","properties":{"header":"Manage Classifications"}},"wdio_ui5_key":"sapm.GenericTile{\"header\":\"Manage Classifications\"}"}]}
RESULT: {"script":"<script> [1562 bytes]","args":[{"selector":{"controlType":"sap.m.GenericTile","properties":{"header":"Manage Classifications"}},"wdio_ui5_key":"sapm.GenericTile{\"header\":\"Manage Classifications\"}"}]}
RESULT: undefined
COMMAND: POST /session/93f43bcbd844a5d98eb964b157ec9441/element - {"using":"xpath","value":"//*[@id=\"__tile115\"]"}
RESULT: {"using":"xpath","value":"//*[@id=\"__tile115\"]"}
COMMAND: POST /session/93f43bcbd844a5d98eb964b157ec9441/element/f.0C3632C05FD2F0739639ED0A0E4218C8.d.DC4DC65BE01DCF232F89331542AD06DB.e.6977/click - {}
RESULT: {}
COMMAND: GET /session/93f43bcbd844a5d98eb964b157ec9441/screenshot - {}
RESULT: {}
]]></system-out>
    </testcase>
  </testsuite>
  <testsuite timestamp="2025-04-28T16:00:02" time="404.732" tests="4" failures="0" errors="0" skipped="0">
    <properties>
      <property name="specId" value="0" />
      <property name="suiteName" value="Manage requests - requests specifications US141095" />
      <property name="capabilities" value="chrome.135_0_7049_96.windows" />
      <property name="file" value="file:///D:/a/1/s/test/specs/R2C/manage-requests-request-specifications.spec.js" />
    </properties>
    <testcase classname="chrome.135_0_7049_96.windows.Manage_requests_-_requests_specifications_US141095" name="Should create a new classification of type request item" time="46.06">
      <system-out><![CDATA[
COMMAND: POST /session/93f43bcbd844a5d98eb964b157ec9441/execute/async - {"script":"<script> [1562 bytes]","args":[{"selector":{"controlType":"sap.ui.core.Icon","viewName":"etm.portal.ui.manageclassifications.view.Master","viewId":"application-manageclassifications-display-component---classificationMaster","properties":{"src":{"regex":{"source":"add"}}}},"wdio_ui5_key":"etmportal.ui.manageclassifications.view.Mastersap.ui.core.Icon{\"src\":{\"regex\":{\"source\":\"add\"}}}"}]}
RESULT: {"script":"<script> [1562 bytes]","args":[{"selector":{"controlType":"sap.ui.core.Icon","viewName":"etm.portal.ui.manageclassifications.view.Master","viewId":"application-manageclassifications-display-component---classificationMaster","properties":{"src":{"regex":{"source":"add"}}}},"wdio_ui5_key":"etmportal.ui.manageclassifications.view.Mastersap.ui.core.Icon{\"src\":{\"regex\":{\"source\":\"add\"}}}"}]}
RESULT: undefined
COMMAND: POST /session/93f43bcbd844a5d98eb964b157ec9441/element - {"using":"xpath","value":"//*[@id=\"__button27-img\"]"}
RESULT: {"using":"xpath","value":"//*[@id=\"__button27-img\"]"}
COMMAND: POST /session/93f43bcbd844a5d98eb964b157ec9441/element/f.0C3632C05FD2F0739639ED0A0E4218C8.d.DC4DC65BE01DCF232F89331542AD06DB.e.7018/click - {}
RESULT: {}
COMMAND: POST /session/93f43bcbd844a5d98eb964b157ec9441/execute/async - {"script":"<script> [1562 bytes]","args":[{"selector":{"id":"application-manageclassifications-display-component---classificationCreate--classHeaderName","interaction":{"idSuffix":"inner"}},"wdio_ui5_key":"applicationmanageclassifications-display-component---classificationCreate--classHeaderName"}]}
COMMAND: GET /session/93f43bcbd844a5d98eb964b157ec9441/screenshot - {}
RESULT: {"script":"<script> [1562 bytes]","args":[{"selector":{"id":"application-manageclassifications-display-component---classificationCreate--classHeaderName","interaction":{"idSuffix":"inner"}},"wdio_ui5_key":"applicationmanageclassifications-display-component---classificationCreate--classHeaderName"}]}
RESULT: undefined
COMMAND: POST /session/93f43bcbd844a5d98eb964b157ec9441/execute/async - {"script":"<script> [776 bytes]","args":[{"enterText":"WebdriverItemClasspndjqi","selector":{"id":"application-manageclassifications-display-component---classificationCreate--classHeaderName","interaction":{"idSuffix":"inner"}},"clearTextFirst":true,"interactionType":"ENTER_TEXT"}]}
RESULT: {}
RESULT: {"script":"<script> [776 bytes]","args":[{"enterText":"WebdriverItemClasspndjqi","selector":{"id":"application-manageclassifications-display-component---classificationCreate--classHeaderName","interaction":{"idSuffix":"inner"}},"clearTextFirst":true,"interactionType":"ENTER_TEXT"}]}
COMMAND: POST /session/93f43bcbd844a5d98eb964b157ec9441/execute/async - {"script":"<script> [1562 bytes]","args":[{"selector":{"controlType":"sap.ui.core.Icon","viewName":"etm.portal.ui.manageclassifications.view.Create","viewId":"application-manageclassifications-display-component---classificationCreate","properties":{"src":{"regex":{"source":"slim\\-arrow\\-down"}}}},"wdio_ui5_key":"etmportal.ui.manageclassifications.view.Createsap.ui.core.Icon{\"src\":{\"regex\":{\"source\":\"slim\\\\-arrow\\\\-down\"}}}"}]}
RESULT: {"script":"<script> [1562 bytes]","args":[{"selector":{"controlType":"sap.ui.core.Icon","viewName":"etm.portal.ui.manageclassifications.view.Create","viewId":"application-manageclassifications-display-component---classificationCreate","properties":{"src":{"regex":{"source":"slim\\-arrow\\-down"}}}},"wdio_ui5_key":"etmportal.ui.manageclassifications.view.Createsap.ui.core.Icon{\"src\":{\"regex\":{\"source\":\"slim\\\\-arrow\\\\-down\"}}}"}]}
RESULT: undefined
COMMAND: POST /session/93f43bcbd844a5d98eb964b157ec9441/element - {"using":"xpath","value":"//*[@id=\"__box12-arrow\"]"}
RESULT: {"using":"xpath","value":"//*[@id=\"__box12-arrow\"]"}
COMMAND: POST /session/93f43bcbd844a5d98eb964b157ec9441/element/f.0C3632C05FD2F0739639ED0A0E4218C8.d.DC4DC65BE01DCF232F89331542AD06DB.e.7345/click - {}
RESULT: {}
COMMAND: POST /session/93f43bcbd844a5d98eb964b157ec9441/execute/async - {"script":"<script> [1562 bytes]","args":[{"selector":{"controlType":"sap.m.StandardListItem","viewName":"etm.portal.ui.manageclassifications.view.Create","viewId":"application-manageclassifications-display-component---classificationCreate","properties":{"title":"Request Item Specifications"},"searchOpenDialogs":true,"interaction":{"idSuffix":"titleText"}},"wdio_ui5_key":"etmportal.ui.manageclassifications.view.Createsap.m.StandardListItem{\"title\":\"Request Item Specifications\"}"}]}
COMMAND: GET /session/93f43bcbd844a5d98eb964b157ec9441/screenshot - {}
RESULT: {"script":"<script> [1562 bytes]","args":[{"selector":{"controlType":"sap.m.StandardListItem","viewName":"etm.portal.ui.manageclassifications.view.Create","viewId":"application-manageclassifications-display-component---classificationCreate","properties":{"title":"Request Item Specifications"},"searchOpenDialogs":true,"interaction":{"idSuffix":"titleText"}},"wdio_ui5_key":"etmportal.ui.manageclassifications.view.Createsap.m.StandardListItem{\"title\":\"Request Item Specifications\"}"}]}
RESULT: undefined
COMMAND: POST /session/93f43bcbd844a5d98eb964b157ec9441/element - {"using":"xpath","value":"//*[@id=\"__item85\"]"}
RESULT: {}
RESULT: {"using":"xpath","value":"//*[@id=\"__item85\"]"}
COMMAND: POST /session/93f43bcbd844a5d98eb964b157ec9441/element/f.0C3632C05FD2F0739639ED0A0E4218C8.d.DC4DC65BE01DCF232F89331542AD06DB.e.7384/click - {}
RESULT: {}
COMMAND: POST /session/93f43bcbd844a5d98eb964b157ec9441/execute/async - {"script":"<script> [1562 bytes]","args":[{"selector":{"controlType":"sap.ui.core.Icon","viewName":"etm.portal.ui.manageclassifications.view.Create","viewId":"application-manageclassifications-display-component---classificationCreate","properties":{"src":{"regex":{"source":"add"}}}},"wdio_ui5_key":"etmportal.ui.manageclassifications.view.Createsap.ui.core.Icon{\"src\":{\"regex\":{\"source\":\"add\"}}}"}]}
COMMAND: GET /session/93f43bcbd844a5d98eb964b157ec9441/screenshot - {}
RESULT: {"script":"<script> [1562 bytes]","args":[{"selector":{"controlType":"sap.ui.core.Icon","viewName":"etm.portal.ui.manageclassifications.view.Create","viewId":"application-manageclassifications-display-component---classificationCreate","properties":{"src":{"regex":{"source":"add"}}}},"wdio_ui5_key":"etmportal.ui.manageclassifications.view.Createsap.ui.core.Icon{\"src\":{\"regex\":{\"source\":\"add\"}}}"}]}
RESULT: undefined
COMMAND: POST /session/93f43bcbd844a5d98eb964b157ec9441/element - {"using":"xpath","value":"//*[@id=\"__button32-img\"]"}
RESULT: {}
RESULT: {"using":"xpath","value":"//*[@id=\"__button32-img\"]"}
COMMAND: POST /session/93f43bcbd844a5d98eb964b157ec9441/element/f.0C3632C05FD2F0739639ED0A0E4218C8.d.DC4DC65BE01DCF232F89331542AD06DB.e.7348/click - {}
RESULT: {}
COMMAND: POST /session/93f43bcbd844a5d98eb964b157ec9441/execute/async - {"script":"<script> [1562 bytes]","args":[{"selector":{"controlType":"sap.m.Input","viewName":"etm.portal.ui.manageclassifications.view.Create","viewId":"application-manageclassifications-display-component---classificationCreate","bindingPath":{"path":"/0","propertyPath":"PROPERTY","modelName":"newConfigModel"},"interaction":{"idSuffix":"inner"}},"wdio_ui5_key":"etmportal.ui.manageclassifications.view.Createsap.m.Input{\"path\":\"/0\",\"propertyPath\":\"PROPERTY\",\"modelName\":\"newConfigModel\"}"}]}
COMMAND: GET /session/93f43bcbd844a5d98eb964b157ec9441/screenshot - {}
RESULT: {"script":"<script> [1562 bytes]","args":[{"selector":{"controlType":"sap.m.Input","viewName":"etm.portal.ui.manageclassifications.view.Create","viewId":"application-manageclassifications-display-component---classificationCreate","bindingPath":{"path":"/0","propertyPath":"PROPERTY","modelName":"newConfigModel"},"interaction":{"idSuffix":"inner"}},"wdio_ui5_key":"etmportal.ui.manageclassifications.view.Createsap.m.Input{\"path\":\"/0\",\"propertyPath\":\"PROPERTY\",\"modelName\":\"newConfigModel\"}"}]}
RESULT: undefined
COMMAND: POST /session/93f43bcbd844a5d98eb964b157ec9441/execute/async - {"script":"<script> [776 bytes]","args":[{"enterText":"Color","selector":{"controlType":"sap.m.Input","viewName":"etm.portal.ui.manageclassifications.view.Create","viewId":"application-manageclassifications-display-component---classificationCreate","bindingPath":{"path":"/0","propertyPath":"PROPERTY","modelName":"newConfigModel"},"interaction":{"idSuffix":"inner"}},"clearTextFirst":true,"interactionType":"ENTER_TEXT"}]}
RESULT: {}
RESULT: {"script":"<script> [776 bytes]","args":[{"enterText":"Color","selector":{"controlType":"sap.m.Input","viewName":"etm.portal.ui.manageclassifications.view.Create","viewId":"application-manageclassifications-display-component---classificationCreate","bindingPath":{"path":"/0","propertyPath":"PROPERTY","modelName":"newConfigModel"},"interaction":{"idSuffix":"inner"}},"clearTextFirst":true,"interactionType":"ENTER_TEXT"}]}
COMMAND: POST /session/93f43bcbd844a5d98eb964b157ec9441/execute/async - {"script":"<script> [1562 bytes]","args":[{"selector":{"controlType":"sap.m.Input","viewName":"etm.portal.ui.manageclassifications.view.Create","viewId":"application-manageclassifications-display-component---classificationCreate","bindingPath":{"path":"/0","propertyPath":"DESCRIPTION","modelName":"newConfigModel"},"interaction":{"idSuffix":"inner"}},"wdio_ui5_key":"etmportal.ui.manageclassifications.view.Createsap.m.Input{\"path\":\"/0\",\"propertyPath\":\"DESCRIPTION\",\"modelName\":\"newConfigModel\"}"}]}
RESULT: {"script":"<script> [1562 bytes]","args":[{"selector":{"controlType":"sap.m.Input","viewName":"etm.portal.ui.manageclassifications.view.Create","viewId":"application-manageclassifications-display-component---classificationCreate","bindingPath":{"path":"/0","propertyPath":"DESCRIPTION","modelName":"newConfigModel"},"interaction":{"idSuffix":"inner"}},"wdio_ui5_key":"etmportal.ui.manageclassifications.view.Createsap.m.Input{\"path\":\"/0\",\"propertyPath\":\"DESCRIPTION\",\"modelName\":\"newConfigModel\"}"}]}
RESULT: undefined
COMMAND: POST /session/93f43bcbd844a5d98eb964b157ec9441/execute/async - {"script":"<script> [776 bytes]","args":[{"enterText":"Color","selector":{"controlType":"sap.m.Input","viewName":"etm.portal.ui.manageclassifications.view.Create","viewId":"application-manageclassifications-display-component---classificationCreate","bindingPath":{"path":"/0","propertyPath":"DESCRIPTION","modelName":"newConfigModel"},"interaction":{"idSuffix":"inner"}},"clearTextFirst":true,"interactionType":"ENTER_TEXT"}]}
RESULT: {"script":"<script> [776 bytes]","args":[{"enterText":"Color","selector":{"controlType":"sap.m.Input","viewName":"etm.portal.ui.manageclassifications.view.Create","viewId":"application-manageclassifications-display-component---classificationCreate","bindingPath":{"path":"/0","propertyPath":"DESCRIPTION","modelName":"newConfigModel"},"interaction":{"idSuffix":"inner"}},"clearTextFirst":true,"interactionType":"ENTER_TEXT"}]}
COMMAND: POST /session/93f43bcbd844a5d98eb964b157ec9441/execute/async - {"script":"<script> [1562 bytes]","args":[{"selector":{"controlType":"sap.ui.core.Icon","viewName":"etm.portal.ui.manageclassifications.view.Create","viewId":"application-manageclassifications-display-component---classificationCreate","properties":{"src":{"regex":{"source":"slim\\-arrow\\-down"}}},"ancestor":{"controlType":"sap.m.ComboBox","viewName":"etm.portal.ui.manageclassifications.view.Create","viewId":"application-manageclassifications-display-component---classificationCreate","bindingPath":{"path":"/0","propertyPath":"VALUE_TYPE","modelName":"newConfigModel"}}},"wdio_ui5_key":"etmportal.ui.manageclassifications.view.Createsap.ui.core.Icon{\"src\":{\"regex\":{\"source\":\"slim\\\\-arrow\\\\-down\"}}}{\"controlType\":\"sap.m.ComboBox\",\"viewName\":\"etm.portal.ui.manageclassifications.view.Create\",\"viewId\":\"application-manageclassifications-display-component---classificationCreate\",\"bindingPath\":{\"path\":\"/0\",\"propertyPath\":\"VALUE_TYPE\",\"modelName\":\"newConfigModel\"}}"}]}
RESULT: {"script":"<script> [1562 bytes]","args":[{"selector":{"controlType":"sap.ui.core.Icon","viewName":"etm.portal.ui.manageclassifications.view.Create","viewId":"application-manageclassifications-display-component---classificationCreate","properties":{"src":{"regex":{"source":"slim\\-arrow\\-down"}}},"ancestor":{"controlType":"sap.m.ComboBox","viewName":"etm.portal.ui.manageclassifications.view.Create","viewId":"application-manageclassifications-display-component---classificationCreate","bindingPath":{"path":"/0","propertyPath":"VALUE_TYPE","modelName":"newConfigModel"}}},"wdio_ui5_key":"etmportal.ui.manageclassifications.view.Createsap.ui.core.Icon{\"src\":{\"regex\":{\"source\":\"slim\\\\-arrow\\\\-down\"}}}{\"controlType\":\"sap.m.ComboBox\",\"viewName\":\"etm.portal.ui.manageclassifications.view.Create\",\"viewId\":\"application-manageclassifications-display-component---classificationCreate\",\"bindingPath\":{\"path\":\"/0\",\"propertyPath\":\"VALUE_TYPE\",\"modelName\":\"newConfigModel\"}}"}]}
RESULT: undefined
COMMAND: POST /session/93f43bcbd844a5d98eb964b157ec9441/element - {"using":"xpath","value":"//*[@id=\"__box13-application-manageclassifications-display-component---classificationCreate--configurationList-0-arrow\"]"}
RESULT: {"using":"xpath","value":"//*[@id=\"__box13-application-manageclassifications-display-component---classificationCreate--configurationList-0-arrow\"]"}
COMMAND: POST /session/93f43bcbd844a5d98eb964b157ec9441/element/f.0C3632C05FD2F0739639ED0A0E4218C8.d.DC4DC65BE01DCF232F89331542AD06DB.e.7393/click - {}
RESULT: {}
COMMAND: POST /session/93f43bcbd844a5d98eb964b157ec9441/execute/async - {"script":"<script> [1562 bytes]","args":[{"selector":{"controlType":"sap.m.StandardListItem","viewName":"etm.portal.ui.manageclassifications.view.Create","viewId":"application-manageclassifications-display-component---classificationCreate","properties":{"title":"Dropdown"},"searchOpenDialogs":true,"interaction":{"idSuffix":"titleText"}},"wdio_ui5_key":"etmportal.ui.manageclassifications.view.Createsap.m.StandardListItem{\"title\":\"Dropdown\"}"}]}
COMMAND: GET /session/93f43bcbd844a5d98eb964b157ec9441/screenshot - {}
RESULT: {"script":"<script> [1562 bytes]","args":[{"selector":{"controlType":"sap.m.StandardListItem","viewName":"etm.portal.ui.manageclassifications.view.Create","viewId":"application-manageclassifications-display-component---classificationCreate","properties":{"title":"Dropdown"},"searchOpenDialogs":true,"interaction":{"idSuffix":"titleText"}},"wdio_ui5_key":"etmportal.ui.manageclassifications.view.Createsap.m.StandardListItem{\"title\":\"Dropdown\"}"}]}
RESULT: undefined
COMMAND: POST /session/93f43bcbd844a5d98eb964b157ec9441/element - {"using":"xpath","value":"//*[@id=\"__item93\"]"}
RESULT: {}
RESULT: {"using":"xpath","value":"//*[@id=\"__item93\"]"}
COMMAND: POST /session/93f43bcbd844a5d98eb964b157ec9441/element/f.0C3632C05FD2F0739639ED0A0E4218C8.d.DC4DC65BE01DCF232F89331542AD06DB.e.7395/click - {}
RESULT: {}
COMMAND: POST /session/93f43bcbd844a5d98eb964b157ec9441/execute/async - {"script":"<script> [1562 bytes]","args":[{"selector":{"controlType":"sap.ui.core.Icon","viewName":"etm.portal.ui.manageclassifications.view.Create","viewId":"application-manageclassifications-display-component---classificationCreate","properties":{"src":{"regex":{"source":"crm\\-service\\-manager"}}}},"wdio_ui5_key":"etmportal.ui.manageclassifications.view.Createsap.ui.core.Icon{\"src\":{\"regex\":{\"source\":\"crm\\\\-service\\\\-manager\"}}}"}]}
COMMAND: GET /session/93f43bcbd844a5d98eb964b157ec9441/screenshot - {}
RESULT: {"script":"<script> [1562 bytes]","args":[{"selector":{"controlType":"sap.ui.core.Icon","viewName":"etm.portal.ui.manageclassifications.view.Create","viewId":"application-manageclassifications-display-component---classificationCreate","properties":{"src":{"regex":{"source":"crm\\-service\\-manager"}}}},"wdio_ui5_key":"etmportal.ui.manageclassifications.view.Createsap.ui.core.Icon{\"src\":{\"regex\":{\"source\":\"crm\\\\-service\\\\-manager\"}}}"}]}
RESULT: undefined
COMMAND: POST /session/93f43bcbd844a5d98eb964b157ec9441/element - {"using":"xpath","value":"//*[@id=\"__button34-application-manageclassifications-display-component---classificationCreate--configurationList-0-img\"]"}
RESULT: {}
RESULT: {"using":"xpath","value":"//*[@id=\"__button34-application-manageclassifications-display-component---classificationCreate--configurationList-0-img\"]"}
COMMAND: POST /session/93f43bcbd844a5d98eb964b157ec9441/element/f.0C3632C05FD2F0739639ED0A0E4218C8.d.DC4DC65BE01DCF232F89331542AD06DB.e.7397/click - {}
RESULT: {}
COMMAND: POST /session/93f43bcbd844a5d98eb964b157ec9441/element - {"using":"xpath","value":"//button[@title=\"Add additional value\"]"}
COMMAND: GET /session/93f43bcbd844a5d98eb964b157ec9441/screenshot - {}
RESULT: {"using":"xpath","value":"//button[@title=\"Add additional value\"]"}
COMMAND: POST /session/93f43bcbd844a5d98eb964b157ec9441/element/f.0C3632C05FD2F0739639ED0A0E4218C8.d.DC4DC65BE01DCF232F89331542AD06DB.e.7398/click - {}
RESULT: {}
RESULT: {}
COMMAND: POST /session/93f43bcbd844a5d98eb964b157ec9441/execute/async - {"script":"<script> [1562 bytes]","args":[{"selector":{"controlType":"sap.m.Input","viewName":"etm.portal.ui.manageclassifications.view.Create","viewId":"application-manageclassifications-display-component---classificationCreate","bindingPath":{"path":"/VALUES/0","propertyPath":"VALUE","modelName":"dropdownValuesModel"},"searchOpenDialogs":true,"interaction":{"idSuffix":"inner"}},"wdio_ui5_key":"etmportal.ui.manageclassifications.view.Createsap.m.Input{\"path\":\"/VALUES/0\",\"propertyPath\":\"VALUE\",\"modelName\":\"dropdownValuesModel\"}"}]}
COMMAND: GET /session/93f43bcbd844a5d98eb964b157ec9441/screenshot - {}
RESULT: {"script":"<script> [1562 bytes]","args":[{"selector":{"controlType":"sap.m.Input","viewName":"etm.portal.ui.manageclassifications.view.Create","viewId":"application-manageclassifications-display-component---classificationCreate","bindingPath":{"path":"/VALUES/0","propertyPath":"VALUE","modelName":"dropdownValuesModel"},"searchOpenDialogs":true,"interaction":{"idSuffix":"inner"}},"wdio_ui5_key":"etmportal.ui.manageclassifications.view.Createsap.m.Input{\"path\":\"/VALUES/0\",\"propertyPath\":\"VALUE\",\"modelName\":\"dropdownValuesModel\"}"}]}
RESULT: undefined
COMMAND: POST /session/93f43bcbd844a5d98eb964b157ec9441/execute/async - {"script":"<script> [776 bytes]","args":[{"enterText":"1","selector":{"controlType":"sap.m.Input","viewName":"etm.portal.ui.manageclassifications.view.Create","viewId":"application-manageclassifications-display-component---classificationCreate","bindingPath":{"path":"/VALUES/0","propertyPath":"VALUE","modelName":"dropdownValuesModel"},"searchOpenDialogs":true,"interaction":{"idSuffix":"inner"}},"clearTextFirst":true,"interactionType":"ENTER_TEXT"}]}
RESULT: {}
RESULT: {"script":"<script> [776 bytes]","args":[{"enterText":"1","selector":{"controlType":"sap.m.Input","viewName":"etm.portal.ui.manageclassifications.view.Create","viewId":"application-manageclassifications-display-component---classificationCreate","bindingPath":{"path":"/VALUES/0","propertyPath":"VALUE","modelName":"dropdownValuesModel"},"searchOpenDialogs":true,"interaction":{"idSuffix":"inner"}},"clearTextFirst":true,"interactionType":"ENTER_TEXT"}]}
COMMAND: POST /session/93f43bcbd844a5d98eb964b157ec9441/execute/async - {"script":"<script> [1562 bytes]","args":[{"selector":{"controlType":"sap.m.Input","viewName":"etm.portal.ui.manageclassifications.view.Create","viewId":"application-manageclassifications-display-component---classificationCreate","bindingPath":{"path":"/VALUES/0","propertyPath":"TEXT","modelName":"dropdownValuesModel"},"searchOpenDialogs":true,"interaction":{"idSuffix":"inner"}},"wdio_ui5_key":"etmportal.ui.manageclassifications.view.Createsap.m.Input{\"path\":\"/VALUES/0\",\"propertyPath\":\"TEXT\",\"modelName\":\"dropdownValuesModel\"}"}]}
RESULT: {"script":"<script> [1562 bytes]","args":[{"selector":{"controlType":"sap.m.Input","viewName":"etm.portal.ui.manageclassifications.view.Create","viewId":"application-manageclassifications-display-component---classificationCreate","bindingPath":{"path":"/VALUES/0","propertyPath":"TEXT","modelName":"dropdownValuesModel"},"searchOpenDialogs":true,"interaction":{"idSuffix":"inner"}},"wdio_ui5_key":"etmportal.ui.manageclassifications.view.Createsap.m.Input{\"path\":\"/VALUES/0\",\"propertyPath\":\"TEXT\",\"modelName\":\"dropdownValuesModel\"}"}]}
RESULT: undefined
COMMAND: POST /session/93f43bcbd844a5d98eb964b157ec9441/execute/async - {"script":"<script> [776 bytes]","args":[{"enterText":"blue","selector":{"controlType":"sap.m.Input","viewName":"etm.portal.ui.manageclassifications.view.Create","viewId":"application-manageclassifications-display-component---classificationCreate","bindingPath":{"path":"/VALUES/0","propertyPath":"TEXT","modelName":"dropdownValuesModel"},"searchOpenDialogs":true,"interaction":{"idSuffix":"inner"}},"clearTextFirst":true,"interactionType":"ENTER_TEXT"}]}
RESULT: {"script":"<script> [776 bytes]","args":[{"enterText":"blue","selector":{"controlType":"sap.m.Input","viewName":"etm.portal.ui.manageclassifications.view.Create","viewId":"application-manageclassifications-display-component---classificationCreate","bindingPath":{"path":"/VALUES/0","propertyPath":"TEXT","modelName":"dropdownValuesModel"},"searchOpenDialogs":true,"interaction":{"idSuffix":"inner"}},"clearTextFirst":true,"interactionType":"ENTER_TEXT"}]}
COMMAND: POST /session/93f43bcbd844a5d98eb964b157ec9441/element - {"using":"xpath","value":"//button[@title=\"Add additional value\"]"}
RESULT: {"using":"xpath","value":"//button[@title=\"Add additional value\"]"}
COMMAND: POST /session/93f43bcbd844a5d98eb964b157ec9441/element/f.0C3632C05FD2F0739639ED0A0E4218C8.d.DC4DC65BE01DCF232F89331542AD06DB.e.7398/click - {}
RESULT: {}
COMMAND: POST /session/93f43bcbd844a5d98eb964b157ec9441/execute/async - {"script":"<script> [1562 bytes]","args":[{"selector":{"controlType":"sap.m.Input","viewName":"etm.portal.ui.manageclassifications.view.Create","viewId":"application-manageclassifications-display-component---classificationCreate","bindingPath":{"path":"/VALUES/1","propertyPath":"VALUE","modelName":"dropdownValuesModel"},"searchOpenDialogs":true,"interaction":{"idSuffix":"inner"}},"wdio_ui5_key":"etmportal.ui.manageclassifications.view.Createsap.m.Input{\"path\":\"/VALUES/1\",\"propertyPath\":\"VALUE\",\"modelName\":\"dropdownValuesModel\"}"}]}
COMMAND: GET /session/93f43bcbd844a5d98eb964b157ec9441/screenshot - {}
RESULT: {"script":"<script> [1562 bytes]","args":[{"selector":{"controlType":"sap.m.Input","viewName":"etm.portal.ui.manageclassifications.view.Create","viewId":"application-manageclassifications-display-component---classificationCreate","bindingPath":{"path":"/VALUES/1","propertyPath":"VALUE","modelName":"dropdownValuesModel"},"searchOpenDialogs":true,"interaction":{"idSuffix":"inner"}},"wdio_ui5_key":"etmportal.ui.manageclassifications.view.Createsap.m.Input{\"path\":\"/VALUES/1\",\"propertyPath\":\"VALUE\",\"modelName\":\"dropdownValuesModel\"}"}]}
RESULT: undefined
COMMAND: POST /session/93f43bcbd844a5d98eb964b157ec9441/execute/async - {"script":"<script> [776 bytes]","args":[{"enterText":"2","selector":{"controlType":"sap.m.Input","viewName":"etm.portal.ui.manageclassifications.view.Create","viewId":"application-manageclassifications-display-component---classificationCreate","bindingPath":{"path":"/VALUES/1","propertyPath":"VALUE","modelName":"dropdownValuesModel"},"searchOpenDialogs":true,"interaction":{"idSuffix":"inner"}},"clearTextFirst":true,"interactionType":"ENTER_TEXT"}]}
RESULT: {}
RESULT: {"script":"<script> [776 bytes]","args":[{"enterText":"2","selector":{"controlType":"sap.m.Input","viewName":"etm.portal.ui.manageclassifications.view.Create","viewId":"application-manageclassifications-display-component---classificationCreate","bindingPath":{"path":"/VALUES/1","propertyPath":"VALUE","modelName":"dropdownValuesModel"},"searchOpenDialogs":true,"interaction":{"idSuffix":"inner"}},"clearTextFirst":true,"interactionType":"ENTER_TEXT"}]}
COMMAND: POST /session/93f43bcbd844a5d98eb964b157ec9441/execute/async - {"script":"<script> [1562 bytes]","args":[{"selector":{"controlType":"sap.m.Input","viewName":"etm.portal.ui.manageclassifications.view.Create","viewId":"application-manageclassifications-display-component---classificationCreate","bindingPath":{"path":"/VALUES/1","propertyPath":"TEXT","modelName":"dropdownValuesModel"},"searchOpenDialogs":true,"interaction":{"idSuffix":"inner"}},"wdio_ui5_key":"etmportal.ui.manageclassifications.view.Createsap.m.Input{\"path\":\"/VALUES/1\",\"propertyPath\":\"TEXT\",\"modelName\":\"dropdownValuesModel\"}"}]}
RESULT: {"script":"<script> [1562 bytes]","args":[{"selector":{"controlType":"sap.m.Input","viewName":"etm.portal.ui.manageclassifications.view.Create","viewId":"application-manageclassifications-display-component---classificationCreate","bindingPath":{"path":"/VALUES/1","propertyPath":"TEXT","modelName":"dropdownValuesModel"},"searchOpenDialogs":true,"interaction":{"idSuffix":"inner"}},"wdio_ui5_key":"etmportal.ui.manageclassifications.view.Createsap.m.Input{\"path\":\"/VALUES/1\",\"propertyPath\":\"TEXT\",\"modelName\":\"dropdownValuesModel\"}"}]}
RESULT: undefined
COMMAND: POST /session/93f43bcbd844a5d98eb964b157ec9441/execute/async - {"script":"<script> [776 bytes]","args":[{"enterText":"red","selector":{"controlType":"sap.m.Input","viewName":"etm.portal.ui.manageclassifications.view.Create","viewId":"application-manageclassifications-display-component---classificationCreate","bindingPath":{"path":"/VALUES/1","propertyPath":"TEXT","modelName":"dropdownValuesModel"},"searchOpenDialogs":true,"interaction":{"idSuffix":"inner"}},"clearTextFirst":true,"interactionType":"ENTER_TEXT"}]}
RESULT: {"script":"<script> [776 bytes]","args":[{"enterText":"red","selector":{"controlType":"sap.m.Input","viewName":"etm.portal.ui.manageclassifications.view.Create","viewId":"application-manageclassifications-display-component---classificationCreate","bindingPath":{"path":"/VALUES/1","propertyPath":"TEXT","modelName":"dropdownValuesModel"},"searchOpenDialogs":true,"interaction":{"idSuffix":"inner"}},"clearTextFirst":true,"interactionType":"ENTER_TEXT"}]}
COMMAND: POST /session/93f43bcbd844a5d98eb964b157ec9441/execute/async - {"script":"<script> [1562 bytes]","args":[{"selector":{"controlType":"sap.m.Button","viewName":"etm.portal.ui.manageclassifications.view.Create","viewId":"application-manageclassifications-display-component---classificationCreate","i18NText":{"propertyName":"text","key":"save"},"searchOpenDialogs":true,"interaction":{"idSuffix":"BDI-content"}},"wdio_ui5_key":"etmportal.ui.manageclassifications.view.Createsap.m.Button{\"propertyName\":\"text\",\"key\":\"save\"}"}]}
RESULT: {"script":"<script> [1562 bytes]","args":[{"selector":{"controlType":"sap.m.Button","viewName":"etm.portal.ui.manageclassifications.view.Create","viewId":"application-manageclassifications-display-component---classificationCreate","i18NText":{"propertyName":"text","key":"save"},"searchOpenDialogs":true,"interaction":{"idSuffix":"BDI-content"}},"wdio_ui5_key":"etmportal.ui.manageclassifications.view.Createsap.m.Button{\"propertyName\":\"text\",\"key\":\"save\"}"}]}
RESULT: undefined
COMMAND: POST /session/93f43bcbd844a5d98eb964b157ec9441/element - {"using":"xpath","value":"//*[@id=\"__button44\"]"}
RESULT: {"using":"xpath","value":"//*[@id=\"__button44\"]"}
COMMAND: POST /session/93f43bcbd844a5d98eb964b157ec9441/element/f.0C3632C05FD2F0739639ED0A0E4218C8.d.DC4DC65BE01DCF232F89331542AD06DB.e.7418/click - {}
RESULT: {}
COMMAND: GET /session/93f43bcbd844a5d98eb964b157ec9441/screenshot - {}
RESULT: {}
COMMAND: POST /session/93f43bcbd844a5d98eb964b157ec9441/element - {"using":"xpath","value":"//button[@title=\"Save\"]"}
RESULT: {"using":"xpath","value":"//button[@title=\"Save\"]"}
COMMAND: POST /session/93f43bcbd844a5d98eb964b157ec9441/element/f.0C3632C05FD2F0739639ED0A0E4218C8.d.DC4DC65BE01DCF232F89331542AD06DB.e.7355/click - {}
RESULT: {}
COMMAND: GET /session/93f43bcbd844a5d98eb964b157ec9441/screenshot - {}
RESULT: {}
COMMAND: POST /session/93f43bcbd844a5d98eb964b157ec9441/execute/async - {"script":"<script> [1562 bytes]","args":[{"selector":{"id":"application-manageclassifications-display-component---classificationMaster--smartFilterBar-btnBasicSearch","interaction":{"idSuffix":"I"}},"wdio_ui5_key":"applicationmanageclassifications-display-component---classificationMaster--smartFilterBar-btnBasicSearch"}]}
RESULT: {"script":"<script> [1562 bytes]","args":[{"selector":{"id":"application-manageclassifications-display-component---classificationMaster--smartFilterBar-btnBasicSearch","interaction":{"idSuffix":"I"}},"wdio_ui5_key":"applicationmanageclassifications-display-component---classificationMaster--smartFilterBar-btnBasicSearch"}]}
RESULT: undefined
COMMAND: POST /session/93f43bcbd844a5d98eb964b157ec9441/execute/async - {"script":"<script> [776 bytes]","args":[{"enterText":"WebdriverItemClasspndjqi","selector":{"id":"application-manageclassifications-display-component---classificationMaster--smartFilterBar-btnBasicSearch","interaction":{"idSuffix":"I"}},"clearTextFirst":true,"interactionType":"ENTER_TEXT"}]}
RESULT: {"script":"<script> [776 bytes]","args":[{"enterText":"WebdriverItemClasspndjqi","selector":{"id":"application-manageclassifications-display-component---classificationMaster--smartFilterBar-btnBasicSearch","interaction":{"idSuffix":"I"}},"clearTextFirst":true,"interactionType":"ENTER_TEXT"}]}
COMMAND: POST /session/93f43bcbd844a5d98eb964b157ec9441/actions - {"actions":[{"id":"action46","type":"key","parameters":{},"actions":[{"type":"keyDown","value":"î€‡"},{"type":"pause","duration":10},{"type":"keyUp","value":"î€‡"}]}]}
RESULT: {"actions":[{"id":"action46","type":"key","parameters":{},"actions":[{"type":"keyDown","value":"î€‡"},{"type":"pause","duration":10},{"type":"keyUp","value":"î€‡"}]}]}
COMMAND: POST /session/93f43bcbd844a5d98eb964b157ec9441/execute/async - {"script":"<script> [1562 bytes]","args":[{"selector":{"id":"application-manageclassifications-display-component---classificationMaster--smartTable-header"},"wdio_ui5_key":"applicationmanageclassifications-display-component---classificationMaster--smartTable-header"}]}
COMMAND: GET /session/93f43bcbd844a5d98eb964b157ec9441/screenshot - {}
RESULT: {"script":"<script> [1562 bytes]","args":[{"selector":{"id":"application-manageclassifications-display-component---classificationMaster--smartTable-header"},"wdio_ui5_key":"applicationmanageclassifications-display-component---classificationMaster--smartTable-header"}]}
RESULT: undefined
COMMAND: POST /session/93f43bcbd844a5d98eb964b157ec9441/execute/async - {"script":"<script> [6424 bytes]","args":[{"element-6066-11e4-a52e-4f735466cecf":"f.0C3632C05FD2F0739639ED0A0E4218C8.d.DC4DC65BE01DCF232F89331542AD06DB.e.7610"},"getText",[]]}
RESULT: {}
RESULT: {"script":"<script> [6424 bytes]","args":[{"element-6066-11e4-a52e-4f735466cecf":"f.0C3632C05FD2F0739639ED0A0E4218C8.d.DC4DC65BE01DCF232F89331542AD06DB.e.7610"},"getText",[]]}
COMMAND: POST /session/93f43bcbd844a5d98eb964b157ec9441/element - {"using":"css selector","value":"#shell-header-logo"}
RESULT: {"using":"css selector","value":"#shell-header-logo"}
COMMAND: POST /session/93f43bcbd844a5d98eb964b157ec9441/element/f.0C3632C05FD2F0739639ED0A0E4218C8.d.DC4DC65BE01DCF232F89331542AD06DB.e.6984/click - {}
RESULT: {}
COMMAND: GET /session/93f43bcbd844a5d98eb964b157ec9441/screenshot - {}
RESULT: {}
]]></system-out>
    </testcase>
    <testcase classname="chrome.135_0_7049_96.windows.Manage_requests_-_requests_specifications_US141095" name="Should create a new section and a catalog item" time="153.797">
      <system-out><![CDATA[
COMMAND: POST /session/93f43bcbd844a5d98eb964b157ec9441/execute/async - {"script":"<script> [1562 bytes]","args":[{"selector":{"controlType":"sap.m.GenericTile","properties":{"header":"Manage Catalogs"}},"wdio_ui5_key":"sapm.GenericTile{\"header\":\"Manage Catalogs\"}"}]}
RESULT: {"script":"<script> [1562 bytes]","args":[{"selector":{"controlType":"sap.m.GenericTile","properties":{"header":"Manage Catalogs"}},"wdio_ui5_key":"sapm.GenericTile{\"header\":\"Manage Catalogs\"}"}]}
RESULT: undefined
COMMAND: POST /session/93f43bcbd844a5d98eb964b157ec9441/element - {"using":"xpath","value":"//*[@id=\"__tile37\"]"}
RESULT: {"using":"xpath","value":"//*[@id=\"__tile37\"]"}
COMMAND: POST /session/93f43bcbd844a5d98eb964b157ec9441/element/f.0C3632C05FD2F0739639ED0A0E4218C8.d.DC4DC65BE01DCF232F89331542AD06DB.e.7614/click - {}
RESULT: {}
COMMAND: GET /session/93f43bcbd844a5d98eb964b157ec9441/screenshot - {}
RESULT: {}
COMMAND: POST /session/93f43bcbd844a5d98eb964b157ec9441/execute/async - {"script":"<script> [1562 bytes]","args":[{"selector":{"controlType":"sap.m.Text","viewName":"etm.portal.ui.managecatalogs.view.MasterCatalogs","viewId":"application-managecatalogs-display-component---masterCatalogs","bindingPath":{"path":"/Catalogs('0D7502D073D53A0F1700BE067B89AFF9')","propertyPath":"DESCRIPTION","modelName":"catalogModel"}},"wdio_ui5_key":"etmportal.ui.managecatalogs.view.MasterCatalogssap.m.Text{\"path\":\"/Catalogs('0D7502D073D53A0F1700BE067B89AFF9')\",\"propertyPath\":\"DESCRIPTION\",\"modelName\":\"catalogModel\"}"}]}
RESULT: {"script":"<script> [1562 bytes]","args":[{"selector":{"controlType":"sap.m.Text","viewName":"etm.portal.ui.managecatalogs.view.MasterCatalogs","viewId":"application-managecatalogs-display-component---masterCatalogs","bindingPath":{"path":"/Catalogs('0D7502D073D53A0F1700BE067B89AFF9')","propertyPath":"DESCRIPTION","modelName":"catalogModel"}},"wdio_ui5_key":"etmportal.ui.managecatalogs.view.MasterCatalogssap.m.Text{\"path\":\"/Catalogs('0D7502D073D53A0F1700BE067B89AFF9')\",\"propertyPath\":\"DESCRIPTION\",\"modelName\":\"catalogModel\"}"}]}
RESULT: undefined
COMMAND: POST /session/93f43bcbd844a5d98eb964b157ec9441/element - {"using":"xpath","value":"//*[@id=\"__text434-application-managecatalogs-display-component---masterCatalogs--CatalogsTable-11\"]"}
RESULT: {"using":"xpath","value":"//*[@id=\"__text434-application-managecatalogs-display-component---masterCatalogs--CatalogsTable-11\"]"}
COMMAND: POST /session/93f43bcbd844a5d98eb964b157ec9441/element/f.0C3632C05FD2F0739639ED0A0E4218C8.d.DC4DC65BE01DCF232F89331542AD06DB.e.7684/click - {}
RESULT: {}
COMMAND: POST /session/93f43bcbd844a5d98eb964b157ec9441/execute/async - {"script":"<script> [1562 bytes]","args":[{"selector":{"controlType":"sap.ui.layout.HorizontalLayout","viewName":"etm.portal.ui.managecatalogs.view.MasterItems","viewId":"application-managecatalogs-display-component---masterCatalogItems","ancestor":{"id":"application-managecatalogs-display-component---masterCatalogItems--idCatalogItemsTree-rows-row0"}},"wdio_ui5_key":"etmportal.ui.managecatalogs.view.MasterItemssap.ui.layout.HorizontalLayout{\"id\":\"application-managecatalogs-display-component---masterCatalogItems--idCatalogItemsTree-rows-row0\"}"}]}
COMMAND: GET /session/93f43bcbd844a5d98eb964b157ec9441/screenshot - {}
RESULT: {"script":"<script> [1562 bytes]","args":[{"selector":{"controlType":"sap.ui.layout.HorizontalLayout","viewName":"etm.portal.ui.managecatalogs.view.MasterItems","viewId":"application-managecatalogs-display-component---masterCatalogItems","ancestor":{"id":"application-managecatalogs-display-component---masterCatalogItems--idCatalogItemsTree-rows-row0"}},"wdio_ui5_key":"etmportal.ui.managecatalogs.view.MasterItemssap.ui.layout.HorizontalLayout{\"id\":\"application-managecatalogs-display-component---masterCatalogItems--idCatalogItemsTree-rows-row0\"}"}]}
RESULT: undefined
COMMAND: POST /session/93f43bcbd844a5d98eb964b157ec9441/element - {"using":"xpath","value":"//*[@id=\"__layout40-__clone440\"]"}
RESULT: {}
RESULT: {"using":"xpath","value":"//*[@id=\"__layout40-__clone440\"]"}
COMMAND: POST /session/93f43bcbd844a5d98eb964b157ec9441/element/f.0C3632C05FD2F0739639ED0A0E4218C8.d.DC4DC65BE01DCF232F89331542AD06DB.e.7718/click - {}
RESULT: {}
COMMAND: GET /session/93f43bcbd844a5d98eb964b157ec9441/screenshot - {}
COMMAND: POST /session/93f43bcbd844a5d98eb964b157ec9441/execute/async - {"script":"<script> [1562 bytes]","args":[{"selector":{"controlType":"sap.m.Button","viewName":"etm.portal.ui.managecatalogs.view.Detail","viewId":"application-managecatalogs-display-component---detailCatalog","i18NText":{"propertyName":"text","key":"edit"},"interaction":{"idSuffix":"BDI-content"}},"wdio_ui5_key":"etmportal.ui.managecatalogs.view.Detailsap.m.Button{\"propertyName\":\"text\",\"key\":\"edit\"}"}]}
RESULT: {}
RESULT: {"script":"<script> [1562 bytes]","args":[{"selector":{"controlType":"sap.m.Button","viewName":"etm.portal.ui.managecatalogs.view.Detail","viewId":"application-managecatalogs-display-component---detailCatalog","i18NText":{"propertyName":"text","key":"edit"},"interaction":{"idSuffix":"BDI-content"}},"wdio_ui5_key":"etmportal.ui.managecatalogs.view.Detailsap.m.Button{\"propertyName\":\"text\",\"key\":\"edit\"}"}]}
RESULT: undefined
COMMAND: POST /session/93f43bcbd844a5d98eb964b157ec9441/element - {"using":"xpath","value":"//*[@id=\"__button88\"]"}
RESULT: {"using":"xpath","value":"//*[@id=\"__button88\"]"}
COMMAND: POST /session/93f43bcbd844a5d98eb964b157ec9441/element/f.0C3632C05FD2F0739639ED0A0E4218C8.d.DC4DC65BE01DCF232F89331542AD06DB.e.7812/click - {}
RESULT: {}
COMMAND: GET /session/93f43bcbd844a5d98eb964b157ec9441/screenshot - {}
RESULT: {}
COMMAND: POST /session/93f43bcbd844a5d98eb964b157ec9441/element - {"using":"xpath","value":"//bdi[contains(text(), \"Unlock\")]"}
RESULT: {"using":"xpath","value":"//bdi[contains(text(), \"Unlock\")]"}
COMMAND: POST /session/93f43bcbd844a5d98eb964b157ec9441/elements - {"using":"xpath","value":"//bdi[contains(text(), \"Unlock\")]"}
RESULT: {"using":"xpath","value":"//bdi[contains(text(), \"Unlock\")]"}
COMMAND: POST /session/93f43bcbd844a5d98eb964b157ec9441/execute/async - {"script":"<script> [1562 bytes]","args":[{"selector":{"controlType":"sap.ui.core.Icon","viewName":"etm.portal.ui.managecatalogs.view.Detail","viewId":"application-managecatalogs-display-component---detailCatalog","properties":{"src":{"regex":{"source":"add\\-folder"}}}},"wdio_ui5_key":"etmportal.ui.managecatalogs.view.Detailsap.ui.core.Icon{\"src\":{\"regex\":{\"source\":\"add\\\\-folder\"}}}"}]}
RESULT: {"script":"<script> [1562 bytes]","args":[{"selector":{"controlType":"sap.ui.core.Icon","viewName":"etm.portal.ui.managecatalogs.view.Detail","viewId":"application-managecatalogs-display-component---detailCatalog","properties":{"src":{"regex":{"source":"add\\-folder"}}}},"wdio_ui5_key":"etmportal.ui.managecatalogs.view.Detailsap.ui.core.Icon{\"src\":{\"regex\":{\"source\":\"add\\\\-folder\"}}}"}]}
RESULT: undefined
COMMAND: POST /session/93f43bcbd844a5d98eb964b157ec9441/element - {"using":"xpath","value":"//*[@id=\"__button96-img\"]"}
RESULT: {"using":"xpath","value":"//*[@id=\"__button96-img\"]"}
COMMAND: POST /session/93f43bcbd844a5d98eb964b157ec9441/element/f.0C3632C05FD2F0739639ED0A0E4218C8.d.DC4DC65BE01DCF232F89331542AD06DB.e.7822/click - {}
RESULT: {}
COMMAND: GET /session/93f43bcbd844a5d98eb964b157ec9441/screenshot - {}
RESULT: {}
COMMAND: POST /session/93f43bcbd844a5d98eb964b157ec9441/execute/async - {"script":"<script> [1562 bytes]","args":[{"selector":{"id":"application-managecatalogs-display-component---detailCatalog--numberInput","searchOpenDialogs":true,"interaction":{"idSuffix":"inner"}},"wdio_ui5_key":"applicationmanagecatalogs-display-component---detailCatalog--numberInput"}]}
RESULT: {"script":"<script> [1562 bytes]","args":[{"selector":{"id":"application-managecatalogs-display-component---detailCatalog--numberInput","searchOpenDialogs":true,"interaction":{"idSuffix":"inner"}},"wdio_ui5_key":"applicationmanagecatalogs-display-component---detailCatalog--numberInput"}]}
RESULT: undefined
COMMAND: POST /session/93f43bcbd844a5d98eb964b157ec9441/execute/async - {"script":"<script> [776 bytes]","args":[{"enterText":"Section9rw24h","selector":{"id":"application-managecatalogs-display-component---detailCatalog--numberInput","searchOpenDialogs":true,"interaction":{"idSuffix":"inner"}},"clearTextFirst":true,"interactionType":"ENTER_TEXT"}]}
RESULT: {"script":"<script> [776 bytes]","args":[{"enterText":"Section9rw24h","selector":{"id":"application-managecatalogs-display-component---detailCatalog--numberInput","searchOpenDialogs":true,"interaction":{"idSuffix":"inner"}},"clearTextFirst":true,"interactionType":"ENTER_TEXT"}]}
COMMAND: POST /session/93f43bcbd844a5d98eb964b157ec9441/element - {"using":"css selector","value":"#application-managecatalogs-display-component---detailCatalog--nameInput-inner"}
RESULT: {"using":"css selector","value":"#application-managecatalogs-display-component---detailCatalog--nameInput-inner"}
COMMAND: POST /session/93f43bcbd844a5d98eb964b157ec9441/elements - {"using":"css selector","value":"#application-managecatalogs-display-component---detailCatalog--nameInput-inner"}
RESULT: {"using":"css selector","value":"#application-managecatalogs-display-component---detailCatalog--nameInput-inner"}
COMMAND: POST /session/93f43bcbd844a5d98eb964b157ec9441/element/f.0C3632C05FD2F0739639ED0A0E4218C8.d.DC4DC65BE01DCF232F89331542AD06DB.e.7826/clear - {}
RESULT: {}
COMMAND: POST /session/93f43bcbd844a5d98eb964b157ec9441/element/f.0C3632C05FD2F0739639ED0A0E4218C8.d.DC4DC65BE01DCF232F89331542AD06DB.e.7826/value - {"text":"Webdriversn7y4l"}
COMMAND: GET /session/93f43bcbd844a5d98eb964b157ec9441/screenshot - {}
RESULT: {"text":"Webdriversn7y4l"}
COMMAND: POST /session/93f43bcbd844a5d98eb964b157ec9441/execute/async - {"script":"<script> [1562 bytes]","args":[{"selector":{"controlType":"sap.m.Button","viewName":"etm.portal.ui.managecatalogs.view.Detail","viewId":"application-managecatalogs-display-component---detailCatalog","i18NText":{"propertyName":"text","key":"create"},"searchOpenDialogs":true,"interaction":{"idSuffix":"BDI-content"}},"wdio_ui5_key":"etmportal.ui.managecatalogs.view.Detailsap.m.Button{\"propertyName\":\"text\",\"key\":\"create\"}"}]}
COMMAND: GET /session/93f43bcbd844a5d98eb964b157ec9441/screenshot - {}
RESULT: {}
RESULT: {"script":"<script> [1562 bytes]","args":[{"selector":{"controlType":"sap.m.Button","viewName":"etm.portal.ui.managecatalogs.view.Detail","viewId":"application-managecatalogs-display-component---detailCatalog","i18NText":{"propertyName":"text","key":"create"},"searchOpenDialogs":true,"interaction":{"idSuffix":"BDI-content"}},"wdio_ui5_key":"etmportal.ui.managecatalogs.view.Detailsap.m.Button{\"propertyName\":\"text\",\"key\":\"create\"}"}]}
RESULT: undefined
COMMAND: POST /session/93f43bcbd844a5d98eb964b157ec9441/element - {"using":"xpath","value":"//*[@id=\"__button66\"]"}
RESULT: {}
RESULT: {"using":"xpath","value":"//*[@id=\"__button66\"]"}
COMMAND: POST /session/93f43bcbd844a5d98eb964b157ec9441/element/f.0C3632C05FD2F0739639ED0A0E4218C8.d.DC4DC65BE01DCF232F89331542AD06DB.e.7831/click - {}
RESULT: {}
COMMAND: GET /session/93f43bcbd844a5d98eb964b157ec9441/screenshot - {}
RESULT: {}
COMMAND: POST /session/93f43bcbd844a5d98eb964b157ec9441/element - {"using":"xpath","value":"//button[@title=\"Save\"]"}
RESULT: {"using":"xpath","value":"//button[@title=\"Save\"]"}
COMMAND: POST /session/93f43bcbd844a5d98eb964b157ec9441/element/f.0C3632C05FD2F0739639ED0A0E4218C8.d.DC4DC65BE01DCF232F89331542AD06DB.e.7832/click - {}
RESULT: {}
COMMAND: POST /session/93f43bcbd844a5d98eb964b157ec9441/execute/async - {"script":"<script> [1562 bytes]","args":[{"selector":{"controlType":"sap.ui.core.Icon","viewName":"etm.portal.ui.managecatalogs.view.Detail","viewId":"application-managecatalogs-display-component---detailCatalog","properties":{"src":{"regex":{"source":"decline"}}}},"wdio_ui5_key":"etmportal.ui.managecatalogs.view.Detailsap.ui.core.Icon{\"src\":{\"regex\":{\"source\":\"decline\"}}}"}]}
COMMAND: GET /session/93f43bcbd844a5d98eb964b157ec9441/screenshot - {}
RESULT: {}
RESULT: {"script":"<script> [1562 bytes]","args":[{"selector":{"controlType":"sap.ui.core.Icon","viewName":"etm.portal.ui.managecatalogs.view.Detail","viewId":"application-managecatalogs-display-component---detailCatalog","properties":{"src":{"regex":{"source":"decline"}}}},"wdio_ui5_key":"etmportal.ui.managecatalogs.view.Detailsap.ui.core.Icon{\"src\":{\"regex\":{\"source\":\"decline\"}}}"}]}
RESULT: undefined
COMMAND: POST /session/93f43bcbd844a5d98eb964b157ec9441/element - {"using":"xpath","value":"//*[@id=\"__button91-img\"]"}
RESULT: {"using":"xpath","value":"//*[@id=\"__button91-img\"]"}
COMMAND: POST /session/93f43bcbd844a5d98eb964b157ec9441/element/f.0C3632C05FD2F0739639ED0A0E4218C8.d.DC4DC65BE01DCF232F89331542AD06DB.e.7839/click - {}
RESULT: {}
COMMAND: GET /session/93f43bcbd844a5d98eb964b157ec9441/screenshot - {}
RESULT: {}
COMMAND: POST /session/93f43bcbd844a5d98eb964b157ec9441/execute/async - {"script":"<script> [1562 bytes]","args":[{"selector":{"controlType":"sap.ui.core.Icon","viewName":"etm.portal.ui.managecatalogs.view.MasterItems","viewId":"application-managecatalogs-display-component---masterCatalogItems","properties":{"src":{"regex":{"source":"refresh"}}}},"wdio_ui5_key":"etmportal.ui.managecatalogs.view.MasterItemssap.ui.core.Icon{\"src\":{\"regex\":{\"source\":\"refresh\"}}}"}]}
RESULT: {"script":"<script> [1562 bytes]","args":[{"selector":{"controlType":"sap.ui.core.Icon","viewName":"etm.portal.ui.managecatalogs.view.MasterItems","viewId":"application-managecatalogs-display-component---masterCatalogItems","properties":{"src":{"regex":{"source":"refresh"}}}},"wdio_ui5_key":"etmportal.ui.managecatalogs.view.MasterItemssap.ui.core.Icon{\"src\":{\"regex\":{\"source\":\"refresh\"}}}"}]}
RESULT: undefined
COMMAND: POST /session/93f43bcbd844a5d98eb964b157ec9441/element - {"using":"xpath","value":"//*[@id=\"__button64-img\"]"}
RESULT: {"using":"xpath","value":"//*[@id=\"__button64-img\"]"}
COMMAND: POST /session/93f43bcbd844a5d98eb964b157ec9441/element/f.0C3632C05FD2F0739639ED0A0E4218C8.d.DC4DC65BE01DCF232F89331542AD06DB.e.7875/click - {}
RESULT: {}
COMMAND: POST /session/93f43bcbd844a5d98eb964b157ec9441/execute/async - {"script":"<script> [1562 bytes]","args":[{"selector":{"id":"application-managecatalogs-display-component---masterCatalogItems--searchItemsField","interaction":{"idSuffix":"I"}},"wdio_ui5_key":"applicationmanagecatalogs-display-component---masterCatalogItems--searchItemsField"}]}
COMMAND: GET /session/93f43bcbd844a5d98eb964b157ec9441/screenshot - {}
RESULT: {"script":"<script> [1562 bytes]","args":[{"selector":{"id":"application-managecatalogs-display-component---masterCatalogItems--searchItemsField","interaction":{"idSuffix":"I"}},"wdio_ui5_key":"applicationmanagecatalogs-display-component---masterCatalogItems--searchItemsField"}]}
RESULT: undefined
COMMAND: POST /session/93f43bcbd844a5d98eb964b157ec9441/execute/async - {"script":"<script> [776 bytes]","args":[{"enterText":"Webdriversn7y4l","selector":{"id":"application-managecatalogs-display-component---masterCatalogItems--searchItemsField","interaction":{"idSuffix":"I"}},"clearTextFirst":true,"interactionType":"ENTER_TEXT"}]}
RESULT: {}
RESULT: {"script":"<script> [776 bytes]","args":[{"enterText":"Webdriversn7y4l","selector":{"id":"application-managecatalogs-display-component---masterCatalogItems--searchItemsField","interaction":{"idSuffix":"I"}},"clearTextFirst":true,"interactionType":"ENTER_TEXT"}]}
COMMAND: POST /session/93f43bcbd844a5d98eb964b157ec9441/actions - {"actions":[{"id":"action47","type":"key","parameters":{},"actions":[{"type":"keyDown","value":"î€‡"},{"type":"pause","duration":10},{"type":"keyUp","value":"î€‡"}]}]}
RESULT: {"actions":[{"id":"action47","type":"key","parameters":{},"actions":[{"type":"keyDown","value":"î€‡"},{"type":"pause","duration":10},{"type":"keyUp","value":"î€‡"}]}]}
COMMAND: POST /session/93f43bcbd844a5d98eb964b157ec9441/element - {"using":"xpath","value":"(//span[contains(text(), \"Webdriversn7y4l\")])[1]"}
COMMAND: GET /session/93f43bcbd844a5d98eb964b157ec9441/screenshot - {}
RESULT: {"using":"xpath","value":"(//span[contains(text(), \"Webdriversn7y4l\")])[1]"}
COMMAND: POST /session/93f43bcbd844a5d98eb964b157ec9441/element/f.0C3632C05FD2F0739639ED0A0E4218C8.d.DC4DC65BE01DCF232F89331542AD06DB.e.7878/click - {}
RESULT: {}
RESULT: {}
COMMAND: GET /session/93f43bcbd844a5d98eb964b157ec9441/screenshot - {}
RESULT: {}
RESULT: undefined
COMMAND: POST /session/93f43bcbd844a5d98eb964b157ec9441/element - {"using":"xpath","value":"//*[@id=\"__button88\"]"}
RESULT: {"using":"xpath","value":"//*[@id=\"__button88\"]"}
COMMAND: POST /session/93f43bcbd844a5d98eb964b157ec9441/element/f.0C3632C05FD2F0739639ED0A0E4218C8.d.DC4DC65BE01DCF232F89331542AD06DB.e.7915/click - {}
RESULT: {}
COMMAND: GET /session/93f43bcbd844a5d98eb964b157ec9441/screenshot - {}
RESULT: {}
RESULT: undefined
COMMAND: POST /session/93f43bcbd844a5d98eb964b157ec9441/element - {"using":"xpath","value":"//*[@id=\"__button96-img\"]"}
RESULT: {"using":"xpath","value":"//*[@id=\"__button96-img\"]"}
COMMAND: POST /session/93f43bcbd844a5d98eb964b157ec9441/element/f.0C3632C05FD2F0739639ED0A0E4218C8.d.DC4DC65BE01DCF232F89331542AD06DB.e.7964/click - {}
RESULT: {}
COMMAND: GET /session/93f43bcbd844a5d98eb964b157ec9441/screenshot - {}
RESULT: {}
RESULT: undefined
COMMAND: POST /session/93f43bcbd844a5d98eb964b157ec9441/execute/async - {"script":"<script> [776 bytes]","args":[{"enterText":"SecondSectionq43tnf","selector":{"id":"application-managecatalogs-display-component---detailCatalog--numberInput","searchOpenDialogs":true,"interaction":{"idSuffix":"inner"}},"clearTextFirst":true,"interactionType":"ENTER_TEXT"}]}
RESULT: {"script":"<script> [776 bytes]","args":[{"enterText":"SecondSectionq43tnf","selector":{"id":"application-managecatalogs-display-component---detailCatalog--numberInput","searchOpenDialogs":true,"interaction":{"idSuffix":"inner"}},"clearTextFirst":true,"interactionType":"ENTER_TEXT"}]}
COMMAND: POST /session/93f43bcbd844a5d98eb964b157ec9441/element - {"using":"xpath","value":"//input[contains(@id ,\"application-managecatalogs-display-component---detailCatalog--nameInput-inner\")]"}
RESULT: {"using":"xpath","value":"//input[contains(@id ,\"application-managecatalogs-display-component---detailCatalog--nameInput-inner\")]"}
COMMAND: POST /session/93f43bcbd844a5d98eb964b157ec9441/elements - {"using":"xpath","value":"//input[contains(@id ,\"application-managecatalogs-display-component---detailCatalog--nameInput-inner\")]"}
RESULT: {"using":"xpath","value":"//input[contains(@id ,\"application-managecatalogs-display-component---detailCatalog--nameInput-inner\")]"}
COMMAND: POST /session/93f43bcbd844a5d98eb964b157ec9441/element/f.0C3632C05FD2F0739639ED0A0E4218C8.d.DC4DC65BE01DCF232F89331542AD06DB.e.7968/clear - {}
RESULT: {}
COMMAND: POST /session/93f43bcbd844a5d98eb964b157ec9441/element/f.0C3632C05FD2F0739639ED0A0E4218C8.d.DC4DC65BE01DCF232F89331542AD06DB.e.7968/value - {"text":"webdriversecond0745x"}
COMMAND: GET /session/93f43bcbd844a5d98eb964b157ec9441/screenshot - {}
RESULT: {"text":"webdriversecond0745x"}
RESULT: undefined
COMMAND: POST /session/93f43bcbd844a5d98eb964b157ec9441/element - {"using":"xpath","value":"//*[@id=\"__button66\"]"}
COMMAND: GET /session/93f43bcbd844a5d98eb964b157ec9441/screenshot - {}
RESULT: {}
RESULT: {"using":"xpath","value":"//*[@id=\"__button66\"]"}
COMMAND: POST /session/93f43bcbd844a5d98eb964b157ec9441/element/f.0C3632C05FD2F0739639ED0A0E4218C8.d.DC4DC65BE01DCF232F89331542AD06DB.e.7972/click - {}
RESULT: {}
RESULT: {}
COMMAND: GET /session/93f43bcbd844a5d98eb964b157ec9441/screenshot - {}
RESULT: {}
COMMAND: POST /session/93f43bcbd844a5d98eb964b157ec9441/element - {"using":"xpath","value":"//button[@title=\"Save\"]"}
RESULT: {"using":"xpath","value":"//button[@title=\"Save\"]"}
COMMAND: POST /session/93f43bcbd844a5d98eb964b157ec9441/element/f.0C3632C05FD2F0739639ED0A0E4218C8.d.DC4DC65BE01DCF232F89331542AD06DB.e.7949/click - {}
RESULT: {}
COMMAND: GET /session/93f43bcbd844a5d98eb964b157ec9441/screenshot - {}
RESULT: {}
RESULT: undefined
COMMAND: POST /session/93f43bcbd844a5d98eb964b157ec9441/element - {"using":"xpath","value":"//*[@id=\"__button91-img\"]"}
RESULT: {"using":"xpath","value":"//*[@id=\"__button91-img\"]"}
COMMAND: POST /session/93f43bcbd844a5d98eb964b157ec9441/element/f.0C3632C05FD2F0739639ED0A0E4218C8.d.DC4DC65BE01DCF232F89331542AD06DB.e.7922/click - {}
RESULT: {}
COMMAND: GET /session/93f43bcbd844a5d98eb964b157ec9441/screenshot - {}
RESULT: {}
RESULT: undefined
COMMAND: POST /session/93f43bcbd844a5d98eb964b157ec9441/element - {"using":"xpath","value":"//*[@id=\"__button64-img\"]"}
RESULT: {"using":"xpath","value":"//*[@id=\"__button64-img\"]"}
COMMAND: POST /session/93f43bcbd844a5d98eb964b157ec9441/element/f.0C3632C05FD2F0739639ED0A0E4218C8.d.DC4DC65BE01DCF232F89331542AD06DB.e.8013/click - {}
RESULT: {}
COMMAND: GET /session/93f43bcbd844a5d98eb964b157ec9441/screenshot - {}
RESULT: {}
RESULT: undefined
COMMAND: POST /session/93f43bcbd844a5d98eb964b157ec9441/execute/async - {"script":"<script> [776 bytes]","args":[{"enterText":"SecondSectionq43tnf","selector":{"id":"application-managecatalogs-display-component---masterCatalogItems--searchItemsField","interaction":{"idSuffix":"I"}},"clearTextFirst":true,"interactionType":"ENTER_TEXT"}]}
RESULT: {"script":"<script> [776 bytes]","args":[{"enterText":"SecondSectionq43tnf","selector":{"id":"application-managecatalogs-display-component---masterCatalogItems--searchItemsField","interaction":{"idSuffix":"I"}},"clearTextFirst":true,"interactionType":"ENTER_TEXT"}]}
COMMAND: POST /session/93f43bcbd844a5d98eb964b157ec9441/actions - {"actions":[{"id":"action48","type":"key","parameters":{},"actions":[{"type":"keyDown","value":"î€‡"},{"type":"pause","duration":10},{"type":"keyUp","value":"î€‡"}]}]}
RESULT: {"actions":[{"id":"action48","type":"key","parameters":{},"actions":[{"type":"keyDown","value":"î€‡"},{"type":"pause","duration":10},{"type":"keyUp","value":"î€‡"}]}]}
COMMAND: POST /session/93f43bcbd844a5d98eb964b157ec9441/element - {"using":"xpath","value":"(//span[contains(text(), \"SecondSectionq43tnf\")])[1]"}
COMMAND: GET /session/93f43bcbd844a5d98eb964b157ec9441/screenshot - {}
RESULT: {"using":"xpath","value":"(//span[contains(text(), \"SecondSectionq43tnf\")])[1]"}
COMMAND: POST /session/93f43bcbd844a5d98eb964b157ec9441/element/f.0C3632C05FD2F0739639ED0A0E4218C8.d.DC4DC65BE01DCF232F89331542AD06DB.e.8016/click - {}
RESULT: {}
RESULT: {}
COMMAND: POST /session/93f43bcbd844a5d98eb964b157ec9441/element - {"using":"xpath","value":"(//span[contains(text(), \"SecondSectionq43tnf\")])[1]"}
COMMAND: GET /session/93f43bcbd844a5d98eb964b157ec9441/screenshot - {}
RESULT: {"using":"xpath","value":"(//span[contains(text(), \"SecondSectionq43tnf\")])[1]"}
COMMAND: GET /session/93f43bcbd844a5d98eb964b157ec9441/element/f.0C3632C05FD2F0739639ED0A0E4218C8.d.DC4DC65BE01DCF232F89331542AD06DB.e.8016/text - {}
RESULT: {}
COMMAND: POST /session/93f43bcbd844a5d98eb964b157ec9441/element - {"using":"xpath","value":"(//span[contains(text(), \"SecondSectionq43tnf\")])[1]"}
RESULT: {"using":"xpath","value":"(//span[contains(text(), \"SecondSectionq43tnf\")])[1]"}
COMMAND: GET /session/93f43bcbd844a5d98eb964b157ec9441/element/f.0C3632C05FD2F0739639ED0A0E4218C8.d.DC4DC65BE01DCF232F89331542AD06DB.e.8016/text - {}
COMMAND: POST /session/93f43bcbd844a5d98eb964b157ec9441/element - {"using":"xpath","value":"(//span[contains(text(), \"SecondSectionq43tnf\")])[1]"}
RESULT: {"using":"xpath","value":"(//span[contains(text(), \"SecondSectionq43tnf\")])[1]"}
COMMAND: GET /session/93f43bcbd844a5d98eb964b157ec9441/element/f.0C3632C05FD2F0739639ED0A0E4218C8.d.DC4DC65BE01DCF232F89331542AD06DB.e.8071/text - {}
RESULT: {}
COMMAND: POST /session/93f43bcbd844a5d98eb964b157ec9441/refresh - {}
RESULT: {}
COMMAND: GET /session/93f43bcbd844a5d98eb964b157ec9441/screenshot - {}
RESULT: {}
COMMAND: POST /session/93f43bcbd844a5d98eb964b157ec9441/execute/async - {"script":"<script> [189 bytes]","args":[]}
RESULT: {"script":"<script> [189 bytes]","args":[]}
COMMAND: POST /session/93f43bcbd844a5d98eb964b157ec9441/execute/async - {"script":"<script> [123 bytes]","args":[]}
RESULT: {"script":"<script> [123 bytes]","args":[]}
COMMAND: POST /session/93f43bcbd844a5d98eb964b157ec9441/timeouts - {"script":"<number>"}
RESULT: {"script":"<number>"}
COMMAND: GET /session/93f43bcbd844a5d98eb964b157ec9441/timeouts - {}
RESULT: {}
RESULT: undefined
COMMAND: POST /session/93f43bcbd844a5d98eb964b157ec9441/execute/async - {"script":"<script> [2676 bytes]","args":[]}
RESULT: {"script":"<script> [2676 bytes]","args":[]}
COMMAND: POST /session/93f43bcbd844a5d98eb964b157ec9441/execute/async - {"script":"<script> [2342 bytes]","args":[{"protocol":"http","hostname":"0.0.0.0","path":"/","capabilities":{"browserName":"chrome","goog:chromeOptions":{"binary":"C:\\Program Files\\Google\\Chrome\\Application\\chrome.exe","args":["--start-maximized"]}},"logLevel":"warn","connectionRetryTimeout":120000,"connectionRetryCount":3,"logLevels":{},"enableDirectConnect":true,"strictSSL":true,"_":"65 more keys: [\"cacheDir\",\"port\",\"requestedCapabilities\",\"automationProtocol\",\"baseUrl\",\"waitforInterval\",\"waitforTimeout\",\"onReload\",\"beforeCommand\",\"afterCommand\",\"rootDir\",\"specs\",\"suites\",\"exclude\",\"groupLogsByTestSpec\",\"excludeDriverLogs\",\"bail\",\"framework\",\"reporters\",\"services\",\"maxInstances\",\"maxInstancesPerCapability\",\"injectGlobals\",\"filesToWatch\",\"execArgv\",\"runnerEnv\",\"runner\",\"shard\",\"specFileRetries\",\"specFileRetriesDelay\",\"specFileRetriesDeferred\",\"reporterSyncInterval\",\"reporterSyncTimeout\",\"cucumberFeaturesWithLineNumbers\",\"autoCompileOpts\",\"mochaOpts\",\"jasmineOpts\",\"cucumberOpts\",\"onPrepare\",\"onWorkerStart\",\"onWorkerEnd\",\"before\",\"beforeSession\",\"beforeSuite\",\"beforeHook\",\"beforeTest\",\"afterTest\",\"afterHook\",\"afterSuite\",\"afterSession\",\"after\",\"onComplete\",\"beforeAssertion\",\"afterAssertion\",\"beforeFeature\",\"beforeScenario\",\"beforeStep\",\"afterStep\",\"afterScenario\",\"afterFeature\",\"_\",\"suite\",\"$0\",\"ignoredWorkerServices\",\"wdi5\"]"}]}
RESULT: {"script":"<script> [2342 bytes]","args":[{"protocol":"http","hostname":"0.0.0.0","path":"/","capabilities":{"browserName":"chrome","goog:chromeOptions":{"binary":"C:\\Program Files\\Google\\Chrome\\Application\\chrome.exe","args":["--start-maximized"]}},"logLevel":"warn","connectionRetryTimeout":120000,"connectionRetryCount":3,"logLevels":{},"enableDirectConnect":true,"strictSSL":true,"_":"65 more keys: [\"cacheDir\",\"port\",\"requestedCapabilities\",\"automationProtocol\",\"baseUrl\",\"waitforInterval\",\"waitforTimeout\",\"onReload\",\"beforeCommand\",\"afterCommand\",\"rootDir\",\"specs\",\"suites\",\"exclude\",\"groupLogsByTestSpec\",\"excludeDriverLogs\",\"bail\",\"framework\",\"reporters\",\"services\",\"maxInstances\",\"maxInstancesPerCapability\",\"injectGlobals\",\"filesToWatch\",\"execArgv\",\"runnerEnv\",\"runner\",\"shard\",\"specFileRetries\",\"specFileRetriesDelay\",\"specFileRetriesDeferred\",\"reporterSyncInterval\",\"reporterSyncTimeout\",\"cucumberFeaturesWithLineNumbers\",\"autoCompileOpts\",\"mochaOpts\",\"jasmineOpts\",\"cucumberOpts\",\"onPrepare\",\"onWorkerStart\",\"onWorkerEnd\",\"before\",\"beforeSession\",\"beforeSuite\",\"beforeHook\",\"beforeTest\",\"afterTest\",\"afterHook\",\"afterSuite\",\"afterSession\",\"after\",\"onComplete\",\"beforeAssertion\",\"afterAssertion\",\"beforeFeature\",\"beforeScenario\",\"beforeStep\",\"afterStep\",\"afterScenario\",\"afterFeature\",\"_\",\"suite\",\"$0\",\"ignoredWorkerServices\",\"wdi5\"]"}]}
COMMAND: POST /session/93f43bcbd844a5d98eb964b157ec9441/execute/async - {"script":"<script> [21126 bytes]","args":[35000]}
RESULT: {"script":"<script> [21126 bytes]","args":[35000]}
COMMAND: POST /session/93f43bcbd844a5d98eb964b157ec9441/execute/async - {"script":"<script> [1562 bytes]","args":[{"selector":{"controlType":"sap.m.Button","viewName":"etm.portal.ui.managecatalogs.view.Detail","viewId":"application-managecatalogs-display-component---detailCatalog","i18NText":{"propertyName":"text","key":"edit"},"interaction":{"idSuffix":"BDI-content"}},"wdio_ui5_key":"etmportal.ui.managecatalogs.view.Detailsap.m.Button{\"propertyName\":\"text\",\"key\":\"edit\"}"}]}
RESULT: {"script":"<script> [1562 bytes]","args":[{"selector":{"controlType":"sap.m.Button","viewName":"etm.portal.ui.managecatalogs.view.Detail","viewId":"application-managecatalogs-display-component---detailCatalog","i18NText":{"propertyName":"text","key":"edit"},"interaction":{"idSuffix":"BDI-content"}},"wdio_ui5_key":"etmportal.ui.managecatalogs.view.Detailsap.m.Button{\"propertyName\":\"text\",\"key\":\"edit\"}"}]}
RESULT: undefined
COMMAND: POST /session/93f43bcbd844a5d98eb964b157ec9441/element - {"using":"xpath","value":"//*[@id=\"__button25\"]"}
RESULT: {"using":"xpath","value":"//*[@id=\"__button25\"]"}
COMMAND: POST /session/93f43bcbd844a5d98eb964b157ec9441/element/f.0C3632C05FD2F0739639ED0A0E4218C8.d.79F89B7F1C591BDB2890C5FE43B60D18.e.8122/click - {}
RESULT: {}
COMMAND: POST /session/93f43bcbd844a5d98eb964b157ec9441/execute/async - {"script":"<script> [1562 bytes]","args":[{"selector":{"controlType":"sap.ui.core.Icon","viewName":"etm.portal.ui.managecatalogs.view.Detail","viewId":"application-managecatalogs-display-component---detailCatalog","properties":{"src":{"regex":{"source":"add\\-document"}}}},"wdio_ui5_key":"etmportal.ui.managecatalogs.view.Detailsap.ui.core.Icon{\"src\":{\"regex\":{\"source\":\"add\\\\-document\"}}}"}]}
COMMAND: GET /session/93f43bcbd844a5d98eb964b157ec9441/screenshot - {}
RESULT: {"script":"<script> [1562 bytes]","args":[{"selector":{"controlType":"sap.ui.core.Icon","viewName":"etm.portal.ui.managecatalogs.view.Detail","viewId":"application-managecatalogs-display-component---detailCatalog","properties":{"src":{"regex":{"source":"add\\-document"}}}},"wdio_ui5_key":"etmportal.ui.managecatalogs.view.Detailsap.ui.core.Icon{\"src\":{\"regex\":{\"source\":\"add\\\\-document\"}}}"}]}
RESULT: undefined
COMMAND: POST /session/93f43bcbd844a5d98eb964b157ec9441/element - {"using":"xpath","value":"//*[@id=\"__button34-img\"]"}
RESULT: {}
RESULT: {"using":"xpath","value":"//*[@id=\"__button34-img\"]"}
COMMAND: POST /session/93f43bcbd844a5d98eb964b157ec9441/element/f.0C3632C05FD2F0739639ED0A0E4218C8.d.79F89B7F1C591BDB2890C5FE43B60D18.e.8128/click - {}
RESULT: {}
COMMAND: POST /session/93f43bcbd844a5d98eb964b157ec9441/execute/async - {"script":"<script> [1562 bytes]","args":[{"selector":{"id":"application-managecatalogs-display-component---detailCatalog--newItemNumberInput","searchOpenDialogs":true,"interaction":{"idSuffix":"inner"}},"wdio_ui5_key":"applicationmanagecatalogs-display-component---detailCatalog--newItemNumberInput"}]}
COMMAND: GET /session/93f43bcbd844a5d98eb964b157ec9441/screenshot - {}
RESULT: {"script":"<script> [1562 bytes]","args":[{"selector":{"id":"application-managecatalogs-display-component---detailCatalog--newItemNumberInput","searchOpenDialogs":true,"interaction":{"idSuffix":"inner"}},"wdio_ui5_key":"applicationmanagecatalogs-display-component---detailCatalog--newItemNumberInput"}]}
RESULT: undefined
COMMAND: POST /session/93f43bcbd844a5d98eb964b157ec9441/execute/async - {"script":"<script> [776 bytes]","args":[{"enterText":"catalogItemlh8mri","selector":{"id":"application-managecatalogs-display-component---detailCatalog--newItemNumberInput","searchOpenDialogs":true,"interaction":{"idSuffix":"inner"}},"clearTextFirst":true,"interactionType":"ENTER_TEXT"}]}
RESULT: {}
RESULT: {"script":"<script> [776 bytes]","args":[{"enterText":"catalogItemlh8mri","selector":{"id":"application-managecatalogs-display-component---detailCatalog--newItemNumberInput","searchOpenDialogs":true,"interaction":{"idSuffix":"inner"}},"clearTextFirst":true,"interactionType":"ENTER_TEXT"}]}
COMMAND: POST /session/93f43bcbd844a5d98eb964b157ec9441/execute/async - {"script":"<script> [1562 bytes]","args":[{"selector":{"controlType":"sap.m.Input","viewName":"etm.portal.ui.managecatalogs.view.Detail","viewId":"application-managecatalogs-display-component---detailCatalog","bindingPath":{"path":"","propertyPath":"/DESCRIPTION"},"searchOpenDialogs":true,"interaction":{"idSuffix":"inner"}},"wdio_ui5_key":"etmportal.ui.managecatalogs.view.Detailsap.m.Input{\"path\":\"\",\"propertyPath\":\"/DESCRIPTION\"}"}]}
RESULT: {"script":"<script> [1562 bytes]","args":[{"selector":{"controlType":"sap.m.Input","viewName":"etm.portal.ui.managecatalogs.view.Detail","viewId":"application-managecatalogs-display-component---detailCatalog","bindingPath":{"path":"","propertyPath":"/DESCRIPTION"},"searchOpenDialogs":true,"interaction":{"idSuffix":"inner"}},"wdio_ui5_key":"etmportal.ui.managecatalogs.view.Detailsap.m.Input{\"path\":\"\",\"propertyPath\":\"/DESCRIPTION\"}"}]}
RESULT: undefined
COMMAND: POST /session/93f43bcbd844a5d98eb964b157ec9441/execute/async - {"script":"<script> [776 bytes]","args":[{"enterText":"catalogItemNamemi26s","selector":{"controlType":"sap.m.Input","viewName":"etm.portal.ui.managecatalogs.view.Detail","viewId":"application-managecatalogs-display-component---detailCatalog","bindingPath":{"path":"","propertyPath":"/DESCRIPTION"},"searchOpenDialogs":true,"interaction":{"idSuffix":"inner"}},"clearTextFirst":true,"interactionType":"ENTER_TEXT"}]}
RESULT: {"script":"<script> [776 bytes]","args":[{"enterText":"catalogItemNamemi26s","selector":{"controlType":"sap.m.Input","viewName":"etm.portal.ui.managecatalogs.view.Detail","viewId":"application-managecatalogs-display-component---detailCatalog","bindingPath":{"path":"","propertyPath":"/DESCRIPTION"},"searchOpenDialogs":true,"interaction":{"idSuffix":"inner"}},"clearTextFirst":true,"interactionType":"ENTER_TEXT"}]}
COMMAND: POST /session/93f43bcbd844a5d98eb964b157ec9441/execute/async - {"script":"<script> [1562 bytes]","args":[{"selector":{"controlType":"sap.m.Button","viewName":"etm.portal.ui.managecatalogs.view.Detail","viewId":"application-managecatalogs-display-component---detailCatalog","i18NText":{"propertyName":"text","key":"create"},"searchOpenDialogs":true,"interaction":{"idSuffix":"BDI-content"}},"wdio_ui5_key":"etmportal.ui.managecatalogs.view.Detailsap.m.Button{\"propertyName\":\"text\",\"key\":\"create\"}"}]}
RESULT: {"script":"<script> [1562 bytes]","args":[{"selector":{"controlType":"sap.m.Button","viewName":"etm.portal.ui.managecatalogs.view.Detail","viewId":"application-managecatalogs-display-component---detailCatalog","i18NText":{"propertyName":"text","key":"create"},"searchOpenDialogs":true,"interaction":{"idSuffix":"BDI-content"}},"wdio_ui5_key":"etmportal.ui.managecatalogs.view.Detailsap.m.Button{\"propertyName\":\"text\",\"key\":\"create\"}"}]}
RESULT: undefined
COMMAND: POST /session/93f43bcbd844a5d98eb964b157ec9441/element - {"using":"xpath","value":"//*[@id=\"__button9\"]"}
RESULT: {"using":"xpath","value":"//*[@id=\"__button9\"]"}
COMMAND: POST /session/93f43bcbd844a5d98eb964b157ec9441/element/f.0C3632C05FD2F0739639ED0A0E4218C8.d.79F89B7F1C591BDB2890C5FE43B60D18.e.8138/click - {}
RESULT: {}
COMMAND: GET /session/93f43bcbd844a5d98eb964b157ec9441/screenshot - {}
RESULT: {}
COMMAND: POST /session/93f43bcbd844a5d98eb964b157ec9441/element - {"using":"xpath","value":"//button[@title=\"Save\"]"}
RESULT: {"using":"xpath","value":"//button[@title=\"Save\"]"}
COMMAND: POST /session/93f43bcbd844a5d98eb964b157ec9441/element/f.0C3632C05FD2F0739639ED0A0E4218C8.d.79F89B7F1C591BDB2890C5FE43B60D18.e.8139/click - {}
RESULT: {}
COMMAND: GET /session/93f43bcbd844a5d98eb964b157ec9441/screenshot - {}
RESULT: {}
COMMAND: POST /session/93f43bcbd844a5d98eb964b157ec9441/execute/async - {"script":"<script> [1562 bytes]","args":[{"selector":{"controlType":"sap.ui.core.Icon","viewName":"etm.portal.ui.managecatalogs.view.Detail","viewId":"application-managecatalogs-display-component---detailCatalog","properties":{"src":{"regex":{"source":"decline"}}}},"wdio_ui5_key":"etmportal.ui.managecatalogs.view.Detailsap.ui.core.Icon{\"src\":{\"regex\":{\"source\":\"decline\"}}}"}]}
RESULT: {"script":"<script> [1562 bytes]","args":[{"selector":{"controlType":"sap.ui.core.Icon","viewName":"etm.portal.ui.managecatalogs.view.Detail","viewId":"application-managecatalogs-display-component---detailCatalog","properties":{"src":{"regex":{"source":"decline"}}}},"wdio_ui5_key":"etmportal.ui.managecatalogs.view.Detailsap.ui.core.Icon{\"src\":{\"regex\":{\"source\":\"decline\"}}}"}]}
RESULT: undefined
COMMAND: POST /session/93f43bcbd844a5d98eb964b157ec9441/element - {"using":"xpath","value":"//*[@id=\"__button28-img\"]"}
RESULT: {"using":"xpath","value":"//*[@id=\"__button28-img\"]"}
COMMAND: POST /session/93f43bcbd844a5d98eb964b157ec9441/element/f.0C3632C05FD2F0739639ED0A0E4218C8.d.79F89B7F1C591BDB2890C5FE43B60D18.e.8144/click - {}
RESULT: {}
COMMAND: GET /session/93f43bcbd844a5d98eb964b157ec9441/screenshot - {}
RESULT: {}
COMMAND: POST /session/93f43bcbd844a5d98eb964b157ec9441/execute/async - {"script":"<script> [1562 bytes]","args":[{"selector":{"controlType":"sap.ui.core.Icon","viewName":"etm.portal.ui.managecatalogs.view.MasterItems","viewId":"application-managecatalogs-display-component---masterCatalogItems","properties":{"src":{"regex":{"source":"refresh"}}}},"wdio_ui5_key":"etmportal.ui.managecatalogs.view.MasterItemssap.ui.core.Icon{\"src\":{\"regex\":{\"source\":\"refresh\"}}}"}]}
RESULT: {"script":"<script> [1562 bytes]","args":[{"selector":{"controlType":"sap.ui.core.Icon","viewName":"etm.portal.ui.managecatalogs.view.MasterItems","viewId":"application-managecatalogs-display-component---masterCatalogItems","properties":{"src":{"regex":{"source":"refresh"}}}},"wdio_ui5_key":"etmportal.ui.managecatalogs.view.MasterItemssap.ui.core.Icon{\"src\":{\"regex\":{\"source\":\"refresh\"}}}"}]}
RESULT: undefined
COMMAND: POST /session/93f43bcbd844a5d98eb964b157ec9441/element - {"using":"xpath","value":"//*[@id=\"__button1-img\"]"}
RESULT: {"using":"xpath","value":"//*[@id=\"__button1-img\"]"}
COMMAND: POST /session/93f43bcbd844a5d98eb964b157ec9441/element/f.0C3632C05FD2F0739639ED0A0E4218C8.d.79F89B7F1C591BDB2890C5FE43B60D18.e.8154/click - {}
RESULT: {}
COMMAND: GET /session/93f43bcbd844a5d98eb964b157ec9441/screenshot - {}
RESULT: {}
COMMAND: POST /session/93f43bcbd844a5d98eb964b157ec9441/execute/async - {"script":"<script> [1562 bytes]","args":[{"selector":{"id":"application-managecatalogs-display-component---masterCatalogItems--searchItemsField","interaction":{"idSuffix":"I"}},"wdio_ui5_key":"applicationmanagecatalogs-display-component---masterCatalogItems--searchItemsField"}]}
RESULT: {"script":"<script> [1562 bytes]","args":[{"selector":{"id":"application-managecatalogs-display-component---masterCatalogItems--searchItemsField","interaction":{"idSuffix":"I"}},"wdio_ui5_key":"applicationmanagecatalogs-display-component---masterCatalogItems--searchItemsField"}]}
RESULT: undefined
COMMAND: POST /session/93f43bcbd844a5d98eb964b157ec9441/execute/async - {"script":"<script> [776 bytes]","args":[{"enterText":"catalogItemNamemi26s","selector":{"id":"application-managecatalogs-display-component---masterCatalogItems--searchItemsField","interaction":{"idSuffix":"I"}},"clearTextFirst":true,"interactionType":"ENTER_TEXT"}]}
RESULT: {"script":"<script> [776 bytes]","args":[{"enterText":"catalogItemNamemi26s","selector":{"id":"application-managecatalogs-display-component---masterCatalogItems--searchItemsField","interaction":{"idSuffix":"I"}},"clearTextFirst":true,"interactionType":"ENTER_TEXT"}]}
COMMAND: POST /session/93f43bcbd844a5d98eb964b157ec9441/actions - {"actions":[{"id":"action49","type":"key","parameters":{},"actions":[{"type":"keyDown","value":"î€‡"},{"type":"pause","duration":10},{"type":"keyUp","value":"î€‡"}]}]}
RESULT: {"actions":[{"id":"action49","type":"key","parameters":{},"actions":[{"type":"keyDown","value":"î€‡"},{"type":"pause","duration":10},{"type":"keyUp","value":"î€‡"}]}]}
COMMAND: POST /session/93f43bcbd844a5d98eb964b157ec9441/element - {"using":"xpath","value":"(//span[contains(text(), \"catalogItemNamemi26s\")])[1]"}
COMMAND: GET /session/93f43bcbd844a5d98eb964b157ec9441/screenshot - {}
RESULT: {"using":"xpath","value":"(//span[contains(text(), \"catalogItemNamemi26s\")])[1]"}
COMMAND: POST /session/93f43bcbd844a5d98eb964b157ec9441/element/f.0C3632C05FD2F0739639ED0A0E4218C8.d.79F89B7F1C591BDB2890C5FE43B60D18.e.8189/click - {}
RESULT: {}
RESULT: {}
COMMAND: GET /session/93f43bcbd844a5d98eb964b157ec9441/screenshot - {}
RESULT: {}
COMMAND: POST /session/93f43bcbd844a5d98eb964b157ec9441/element - {"using":"xpath","value":"//span[contains(text(), \"catalogItemlh8mri\")]"}
RESULT: {"using":"xpath","value":"//span[contains(text(), \"catalogItemlh8mri\")]"}
COMMAND: GET /session/93f43bcbd844a5d98eb964b157ec9441/element/f.0C3632C05FD2F0739639ED0A0E4218C8.d.79F89B7F1C591BDB2890C5FE43B60D18.e.8252/text - {}
RESULT: {}
]]></system-out>
    </testcase>
    <testcase classname="chrome.135_0_7049_96.windows.Manage_requests_-_requests_specifications_US141095" name="Should add the classification to the catalog item" time="40.962">
      <system-out><![CDATA[
RESULT: undefined
COMMAND: POST /session/93f43bcbd844a5d98eb964b157ec9441/element - {"using":"xpath","value":"//*[@id=\"__button25\"]"}
RESULT: {"using":"xpath","value":"//*[@id=\"__button25\"]"}
COMMAND: POST /session/93f43bcbd844a5d98eb964b157ec9441/element/f.0C3632C05FD2F0739639ED0A0E4218C8.d.79F89B7F1C591BDB2890C5FE43B60D18.e.8253/click - {}
RESULT: {}
COMMAND: GET /session/93f43bcbd844a5d98eb964b157ec9441/screenshot - {}
RESULT: {}
COMMAND: POST /session/93f43bcbd844a5d98eb964b157ec9441/execute/async - {"script":"<script> [1562 bytes]","args":[{"selector":{"id":"application-managecatalogs-display-component---detailCatalog--BASE_UNIT_OF_MEASURE-arrow"},"wdio_ui5_key":"applicationmanagecatalogs-display-component---detailCatalog--BASE_UNIT_OF_MEASURE-arrow"}]}
RESULT: {"script":"<script> [1562 bytes]","args":[{"selector":{"id":"application-managecatalogs-display-component---detailCatalog--BASE_UNIT_OF_MEASURE-arrow"},"wdio_ui5_key":"applicationmanagecatalogs-display-component---detailCatalog--BASE_UNIT_OF_MEASURE-arrow"}]}
RESULT: undefined
COMMAND: POST /session/93f43bcbd844a5d98eb964b157ec9441/element - {"using":"xpath","value":"//*[@id=\"application-managecatalogs-display-component---detailCatalog--BASE_UNIT_OF_MEASURE-arrow\"]"}
RESULT: {"using":"xpath","value":"//*[@id=\"application-managecatalogs-display-component---detailCatalog--BASE_UNIT_OF_MEASURE-arrow\"]"}
COMMAND: POST /session/93f43bcbd844a5d98eb964b157ec9441/element/f.0C3632C05FD2F0739639ED0A0E4218C8.d.79F89B7F1C591BDB2890C5FE43B60D18.e.8282/click - {}
RESULT: {}
COMMAND: POST /session/93f43bcbd844a5d98eb964b157ec9441/execute/async - {"script":"<script> [1562 bytes]","args":[{"selector":{"controlType":"sap.m.StandardListItem","viewName":"etm.portal.ui.managecatalogs.view.Detail","viewId":"application-managecatalogs-display-component---detailCatalog","properties":{"title":"Piece"},"searchOpenDialogs":true,"interaction":{"idSuffix":"titleText"}},"wdio_ui5_key":"etmportal.ui.managecatalogs.view.Detailsap.m.StandardListItem{\"title\":\"Piece\"}"}]}
COMMAND: GET /session/93f43bcbd844a5d98eb964b157ec9441/screenshot - {}
RESULT: {"script":"<script> [1562 bytes]","args":[{"selector":{"controlType":"sap.m.StandardListItem","viewName":"etm.portal.ui.managecatalogs.view.Detail","viewId":"application-managecatalogs-display-component---detailCatalog","properties":{"title":"Piece"},"searchOpenDialogs":true,"interaction":{"idSuffix":"titleText"}},"wdio_ui5_key":"etmportal.ui.managecatalogs.view.Detailsap.m.StandardListItem{\"title\":\"Piece\"}"}]}
RESULT: undefined
COMMAND: POST /session/93f43bcbd844a5d98eb964b157ec9441/element - {"using":"xpath","value":"//*[@id=\"__item213\"]"}
RESULT: {}
RESULT: {"using":"xpath","value":"//*[@id=\"__item213\"]"}
COMMAND: POST /session/93f43bcbd844a5d98eb964b157ec9441/element/f.0C3632C05FD2F0739639ED0A0E4218C8.d.79F89B7F1C591BDB2890C5FE43B60D18.e.8286/click - {}
RESULT: {}
COMMAND: POST /session/93f43bcbd844a5d98eb964b157ec9441/element - {"using":"xpath","value":"//button[contains(@data-kt ,\"ClassificationAddClassButton\")]"}
COMMAND: GET /session/93f43bcbd844a5d98eb964b157ec9441/screenshot - {}
RESULT: {"using":"xpath","value":"//button[contains(@data-kt ,\"ClassificationAddClassButton\")]"}
COMMAND: POST /session/93f43bcbd844a5d98eb964b157ec9441/element/f.0C3632C05FD2F0739639ED0A0E4218C8.d.79F89B7F1C591BDB2890C5FE43B60D18.e.8287/click - {}
RESULT: {}
RESULT: {}
COMMAND: GET /session/93f43bcbd844a5d98eb964b157ec9441/screenshot - {}
RESULT: {}
COMMAND: POST /session/93f43bcbd844a5d98eb964b157ec9441/element - {"using":"xpath","value":"//input[contains(@id ,\"searchField-I\")]"}
RESULT: {"using":"xpath","value":"//input[contains(@id ,\"searchField-I\")]"}
COMMAND: POST /session/93f43bcbd844a5d98eb964b157ec9441/element/f.0C3632C05FD2F0739639ED0A0E4218C8.d.79F89B7F1C591BDB2890C5FE43B60D18.e.8290/value - {"text":"WebdriverItemClasspndjqi"}
RESULT: {"text":"WebdriverItemClasspndjqi"}
COMMAND: POST /session/93f43bcbd844a5d98eb964b157ec9441/actions - {"actions":[{"id":"action50","type":"key","parameters":{},"actions":[{"type":"keyDown","value":"î€‡"},{"type":"pause","duration":10},{"type":"keyUp","value":"î€‡"}]}]}
COMMAND: GET /session/93f43bcbd844a5d98eb964b157ec9441/screenshot - {}
RESULT: {"actions":[{"id":"action50","type":"key","parameters":{},"actions":[{"type":"keyDown","value":"î€‡"},{"type":"pause","duration":10},{"type":"keyUp","value":"î€‡"}]}]}
COMMAND: GET /session/93f43bcbd844a5d98eb964b157ec9441/screenshot - {}
RESULT: {}
RESULT: {}
COMMAND: POST /session/93f43bcbd844a5d98eb964b157ec9441/element - {"using":"xpath","value":"//span[contains(text(), \"WebdriverItemClasspndjqi\")]"}
RESULT: {"using":"xpath","value":"//span[contains(text(), \"WebdriverItemClasspndjqi\")]"}
COMMAND: POST /session/93f43bcbd844a5d98eb964b157ec9441/element/f.0C3632C05FD2F0739639ED0A0E4218C8.d.79F89B7F1C591BDB2890C5FE43B60D18.e.8327/click - {}
RESULT: {}
COMMAND: GET /session/93f43bcbd844a5d98eb964b157ec9441/screenshot - {}
RESULT: {}
COMMAND: POST /session/93f43bcbd844a5d98eb964b157ec9441/execute/async - {"script":"<script> [1562 bytes]","args":[{"selector":{"controlType":"sap.m.Button","viewName":"etm.portal.ui.managecatalogs.view.Detail","viewId":"application-managecatalogs-display-component---detailCatalog","properties":{"text":"Classification"},"interaction":{"idSuffix":"BDI-content"}},"wdio_ui5_key":"etmportal.ui.managecatalogs.view.Detailsap.m.Button{\"text\":\"Classification\"}"}]}
RESULT: {"script":"<script> [1562 bytes]","args":[{"selector":{"controlType":"sap.m.Button","viewName":"etm.portal.ui.managecatalogs.view.Detail","viewId":"application-managecatalogs-display-component---detailCatalog","properties":{"text":"Classification"},"interaction":{"idSuffix":"BDI-content"}},"wdio_ui5_key":"etmportal.ui.managecatalogs.view.Detailsap.m.Button{\"text\":\"Classification\"}"}]}
RESULT: undefined
COMMAND: POST /session/93f43bcbd844a5d98eb964b157ec9441/element - {"using":"xpath","value":"//*[@id=\"application-managecatalogs-display-component---detailCatalog--ObjectPageLayout-anchBar-__section3-anchor\"]"}
RESULT: {"using":"xpath","value":"//*[@id=\"application-managecatalogs-display-component---detailCatalog--ObjectPageLayout-anchBar-__section3-anchor\"]"}
COMMAND: POST /session/93f43bcbd844a5d98eb964b157ec9441/element/f.0C3632C05FD2F0739639ED0A0E4218C8.d.79F89B7F1C591BDB2890C5FE43B60D18.e.8332/click - {}
RESULT: {}
COMMAND: POST /session/93f43bcbd844a5d98eb964b157ec9441/execute/async - {"script":"<script> [1562 bytes]","args":[{"selector":{"controlType":"sap.ui.core.Icon","viewName":"etm.portal.ui.managecatalogs.view.Detail","viewId":"application-managecatalogs-display-component---detailCatalog","properties":{"src":{"regex":{"source":"slim\\-arrow\\-right"}}},"ancestor":{"controlType":"sap.m.Panel","viewName":"etm.portal.ui.managecatalogs.view.Detail","viewId":"application-managecatalogs-display-component---detailCatalog"}},"wdio_ui5_key":"etmportal.ui.managecatalogs.view.Detailsap.ui.core.Icon{\"src\":{\"regex\":{\"source\":\"slim\\\\-arrow\\\\-right\"}}}{\"controlType\":\"sap.m.Panel\",\"viewName\":\"etm.portal.ui.managecatalogs.view.Detail\",\"viewId\":\"application-managecatalogs-display-component---detailCatalog\"}"}]}
COMMAND: GET /session/93f43bcbd844a5d98eb964b157ec9441/screenshot - {}
RESULT: {"script":"<script> [1562 bytes]","args":[{"selector":{"controlType":"sap.ui.core.Icon","viewName":"etm.portal.ui.managecatalogs.view.Detail","viewId":"application-managecatalogs-display-component---detailCatalog","properties":{"src":{"regex":{"source":"slim\\-arrow\\-right"}}},"ancestor":{"controlType":"sap.m.Panel","viewName":"etm.portal.ui.managecatalogs.view.Detail","viewId":"application-managecatalogs-display-component---detailCatalog"}},"wdio_ui5_key":"etmportal.ui.managecatalogs.view.Detailsap.ui.core.Icon{\"src\":{\"regex\":{\"source\":\"slim\\\\-arrow\\\\-right\"}}}{\"controlType\":\"sap.m.Panel\",\"viewName\":\"etm.portal.ui.managecatalogs.view.Detail\",\"viewId\":\"application-managecatalogs-display-component---detailCatalog\"}"}]}
RESULT: undefined
COMMAND: POST /session/93f43bcbd844a5d98eb964b157ec9441/element - {"using":"xpath","value":"//*[@id=\"__panel0-__layout17-0-expandButton-img\"]"}
RESULT: {}
RESULT: {"using":"xpath","value":"//*[@id=\"__panel0-__layout17-0-expandButton-img\"]"}
COMMAND: POST /session/93f43bcbd844a5d98eb964b157ec9441/element/f.0C3632C05FD2F0739639ED0A0E4218C8.d.79F89B7F1C591BDB2890C5FE43B60D18.e.8338/click - {}
RESULT: {}
COMMAND: POST /session/93f43bcbd844a5d98eb964b157ec9441/execute/async - {"script":"<script> [1562 bytes]","args":[{"selector":{"controlType":"sap.ui.core.Icon","viewName":"etm.portal.ui.managecatalogs.view.Detail","viewId":"application-managecatalogs-display-component---detailCatalog","properties":{"src":{"regex":{"source":"slim\\-arrow\\-down"}}},"ancestor":{"controlType":"sap.m.ColumnListItem","viewName":"etm.portal.ui.managecatalogs.view.Detail","viewId":"application-managecatalogs-display-component---detailCatalog","bindingPath":{"modelName":"classModel","path":"/data/0/PROPERTIES/0"},"ancestor":{"controlType":"sap.m.Table","viewName":"etm.portal.ui.managecatalogs.view.Detail","viewId":"application-managecatalogs-display-component---detailCatalog","bindingPath":{"path":"/data/0","propertyPath":"PROPERTIES","modelName":"classModel"}}}},"wdio_ui5_key":"etmportal.ui.managecatalogs.view.Detailsap.ui.core.Icon{\"src\":{\"regex\":{\"source\":\"slim\\\\-arrow\\\\-down\"}}}{\"controlType\":\"sap.m.ColumnListItem\",\"viewName\":\"etm.portal.ui.managecatalogs.view.Detail\",\"viewId\":\"application-managecatalogs-display-component---detailCatalog\",\"bindingPath\":{\"modelName\":\"classModel\",\"path\":\"/data/0/PROPERTIES/0\"},\"ancestor\":{\"controlType\":\"sap.m.Table\",\"viewName\":\"etm.portal.ui.managecatalogs.view.Detail\",\"viewId\":\"application-managecatalogs-display-component---detailCatalog\",\"bindingPath\":{\"path\":\"/data/0\",\"propertyPath\":\"PROPERTIES\",\"modelName\":\"classModel\"}}}"}]}
COMMAND: GET /session/93f43bcbd844a5d98eb964b157ec9441/screenshot - {}
RESULT: {"script":"<script> [1562 bytes]","args":[{"selector":{"controlType":"sap.ui.core.Icon","viewName":"etm.portal.ui.managecatalogs.view.Detail","viewId":"application-managecatalogs-display-component---detailCatalog","properties":{"src":{"regex":{"source":"slim\\-arrow\\-down"}}},"ancestor":{"controlType":"sap.m.ColumnListItem","viewName":"etm.portal.ui.managecatalogs.view.Detail","viewId":"application-managecatalogs-display-component---detailCatalog","bindingPath":{"modelName":"classModel","path":"/data/0/PROPERTIES/0"},"ancestor":{"controlType":"sap.m.Table","viewName":"etm.portal.ui.managecatalogs.view.Detail","viewId":"application-managecatalogs-display-component---detailCatalog","bindingPath":{"path":"/data/0","propertyPath":"PROPERTIES","modelName":"classModel"}}}},"wdio_ui5_key":"etmportal.ui.managecatalogs.view.Detailsap.ui.core.Icon{\"src\":{\"regex\":{\"source\":\"slim\\\\-arrow\\\\-down\"}}}{\"controlType\":\"sap.m.ColumnListItem\",\"viewName\":\"etm.portal.ui.managecatalogs.view.Detail\",\"viewId\":\"application-managecatalogs-display-component---detailCatalog\",\"bindingPath\":{\"modelName\":\"classModel\",\"path\":\"/data/0/PROPERTIES/0\"},\"ancestor\":{\"controlType\":\"sap.m.Table\",\"viewName\":\"etm.portal.ui.managecatalogs.view.Detail\",\"viewId\":\"application-managecatalogs-display-component---detailCatalog\",\"bindingPath\":{\"path\":\"/data/0\",\"propertyPath\":\"PROPERTIES\",\"modelName\":\"classModel\"}}}"}]}
RESULT: undefined
COMMAND: POST /session/93f43bcbd844a5d98eb964b157ec9441/element - {"using":"xpath","value":"//*[@id=\"__box31-arrow\"]"}
RESULT: {}
RESULT: {"using":"xpath","value":"//*[@id=\"__box31-arrow\"]"}
COMMAND: POST /session/93f43bcbd844a5d98eb964b157ec9441/element/f.0C3632C05FD2F0739639ED0A0E4218C8.d.79F89B7F1C591BDB2890C5FE43B60D18.e.8351/click - {}
RESULT: {}
COMMAND: POST /session/93f43bcbd844a5d98eb964b157ec9441/execute/async - {"script":"<script> [1562 bytes]","args":[{"selector":{"controlType":"sap.m.StandardListItem","viewName":"etm.portal.ui.managecatalogs.view.Detail","viewId":"application-managecatalogs-display-component---detailCatalog","properties":{"title":"red"},"searchOpenDialogs":true,"interaction":{"idSuffix":"content"}},"wdio_ui5_key":"etmportal.ui.managecatalogs.view.Detailsap.m.StandardListItem{\"title\":\"red\"}"}]}
COMMAND: GET /session/93f43bcbd844a5d98eb964b157ec9441/screenshot - {}
RESULT: {"script":"<script> [1562 bytes]","args":[{"selector":{"controlType":"sap.m.StandardListItem","viewName":"etm.portal.ui.managecatalogs.view.Detail","viewId":"application-managecatalogs-display-component---detailCatalog","properties":{"title":"red"},"searchOpenDialogs":true,"interaction":{"idSuffix":"content"}},"wdio_ui5_key":"etmportal.ui.managecatalogs.view.Detailsap.m.StandardListItem{\"title\":\"red\"}"}]}
RESULT: undefined
COMMAND: POST /session/93f43bcbd844a5d98eb964b157ec9441/element - {"using":"xpath","value":"//*[@id=\"__item221\"]"}
RESULT: {}
RESULT: {"using":"xpath","value":"//*[@id=\"__item221\"]"}
COMMAND: POST /session/93f43bcbd844a5d98eb964b157ec9441/element/f.0C3632C05FD2F0739639ED0A0E4218C8.d.79F89B7F1C591BDB2890C5FE43B60D18.e.8354/click - {}
RESULT: {}
COMMAND: GET /session/93f43bcbd844a5d98eb964b157ec9441/screenshot - {}
RESULT: {}
COMMAND: POST /session/93f43bcbd844a5d98eb964b157ec9441/execute/async - {"script":"<script> [1562 bytes]","args":[{"selector":{"controlType":"sap.m.Button","viewName":"etm.portal.ui.managecatalogs.view.Detail","viewId":"application-managecatalogs-display-component---detailCatalog","i18NText":{"propertyName":"text","key":"save"},"interaction":{"idSuffix":"BDI-content"}},"wdio_ui5_key":"etmportal.ui.managecatalogs.view.Detailsap.m.Button{\"propertyName\":\"text\",\"key\":\"save\"}"}]}
RESULT: {"script":"<script> [1562 bytes]","args":[{"selector":{"controlType":"sap.m.Button","viewName":"etm.portal.ui.managecatalogs.view.Detail","viewId":"application-managecatalogs-display-component---detailCatalog","i18NText":{"propertyName":"text","key":"save"},"interaction":{"idSuffix":"BDI-content"}},"wdio_ui5_key":"etmportal.ui.managecatalogs.view.Detailsap.m.Button{\"propertyName\":\"text\",\"key\":\"save\"}"}]}
RESULT: undefined
COMMAND: POST /session/93f43bcbd844a5d98eb964b157ec9441/element - {"using":"xpath","value":"//*[@id=\"__button43\"]"}
RESULT: {"using":"xpath","value":"//*[@id=\"__button43\"]"}
COMMAND: POST /session/93f43bcbd844a5d98eb964b157ec9441/element/f.0C3632C05FD2F0739639ED0A0E4218C8.d.79F89B7F1C591BDB2890C5FE43B60D18.e.8256/click - {}
RESULT: {}
COMMAND: GET /session/93f43bcbd844a5d98eb964b157ec9441/screenshot - {}
RESULT: {}
COMMAND: POST /session/93f43bcbd844a5d98eb964b157ec9441/element - {"using":"css selector","value":"#shell-header-logo"}
RESULT: {"using":"css selector","value":"#shell-header-logo"}
COMMAND: POST /session/93f43bcbd844a5d98eb964b157ec9441/element/f.0C3632C05FD2F0739639ED0A0E4218C8.d.79F89B7F1C591BDB2890C5FE43B60D18.e.8088/click - {}
RESULT: {}
COMMAND: GET /session/93f43bcbd844a5d98eb964b157ec9441/screenshot - {}
RESULT: {}
]]></system-out>
    </testcase>
    <testcase classname="chrome.135_0_7049_96.windows.Manage_requests_-_requests_specifications_US141095" name="Should create a new request and add the catalog item with the specifications" time="141.644">
      <system-out><![CDATA[
COMMAND: POST /session/93f43bcbd844a5d98eb964b157ec9441/element - {"using":"xpath","value":"//*[contains(@href, 'etm.portal.ui.managerequests')]"}
RESULT: {"using":"xpath","value":"//*[contains(@href, 'etm.portal.ui.managerequests')]"}
COMMAND: POST /session/93f43bcbd844a5d98eb964b157ec9441/element/f.0C3632C05FD2F0739639ED0A0E4218C8.d.79F89B7F1C591BDB2890C5FE43B60D18.e.8373/click - {}
RESULT: {}
COMMAND: GET /session/93f43bcbd844a5d98eb964b157ec9441/screenshot - {}
RESULT: {}
COMMAND: POST /session/93f43bcbd844a5d98eb964b157ec9441/element - {"using":"xpath","value":"//button[contains(@data-kt ,\"btnCreateNewOverflowToolbarButton\")]"}
COMMAND: POST /session/93f43bcbd844a5d98eb964b157ec9441/element - {"using":"xpath","value":"(//span[contains(@class ,\"sapMObjStatusText\")])[1]"}
RESULT: {"using":"xpath","value":"//button[contains(@data-kt ,\"btnCreateNewOverflowToolbarButton\")]"}
COMMAND: POST /session/93f43bcbd844a5d98eb964b157ec9441/element/f.0C3632C05FD2F0739639ED0A0E4218C8.d.79F89B7F1C591BDB2890C5FE43B60D18.e.8437/click - {}
RESULT: {"using":"xpath","value":"(//span[contains(@class ,\"sapMObjStatusText\")])[1]"}
COMMAND: POST /session/93f43bcbd844a5d98eb964b157ec9441/execute/sync - {"script":"<script> [8489 bytes]","args":[{"element-6066-11e4-a52e-4f735466cecf":"f.0C3632C05FD2F0739639ED0A0E4218C8.d.79F89B7F1C591BDB2890C5FE43B60D18.e.8475","ELEMENT":"f.0C3632C05FD2F0739639ED0A0E4218C8.d.79F89B7F1C591BDB2890C5FE43B60D18.e.8475"}]}
RESULT: {}
COMMAND: GET /session/93f43bcbd844a5d98eb964b157ec9441/screenshot - {}
RESULT: {"script":"<script> [8489 bytes]","args":[{"element-6066-11e4-a52e-4f735466cecf":"f.0C3632C05FD2F0739639ED0A0E4218C8.d.79F89B7F1C591BDB2890C5FE43B60D18.e.8475","ELEMENT":"f.0C3632C05FD2F0739639ED0A0E4218C8.d.79F89B7F1C591BDB2890C5FE43B60D18.e.8475"}]}
COMMAND: GET /session/93f43bcbd844a5d98eb964b157ec9441/screenshot - {}
RESULT: {}
RESULT: {}
COMMAND: POST /session/93f43bcbd844a5d98eb964b157ec9441/element - {"using":"xpath","value":"//input[contains(@id ,\"yardId-inner\")]"}
RESULT: {"using":"xpath","value":"//input[contains(@id ,\"yardId-inner\")]"}
COMMAND: POST /session/93f43bcbd844a5d98eb964b157ec9441/execute/sync - {"script":"<script> [8489 bytes]","args":[{"element-6066-11e4-a52e-4f735466cecf":"f.0C3632C05FD2F0739639ED0A0E4218C8.d.79F89B7F1C591BDB2890C5FE43B60D18.e.8681","ELEMENT":"f.0C3632C05FD2F0739639ED0A0E4218C8.d.79F89B7F1C591BDB2890C5FE43B60D18.e.8681"}]}
RESULT: {"script":"<script> [8489 bytes]","args":[{"element-6066-11e4-a52e-4f735466cecf":"f.0C3632C05FD2F0739639ED0A0E4218C8.d.79F89B7F1C591BDB2890C5FE43B60D18.e.8681","ELEMENT":"f.0C3632C05FD2F0739639ED0A0E4218C8.d.79F89B7F1C591BDB2890C5FE43B60D18.e.8681"}]}
COMMAND: POST /session/93f43bcbd844a5d98eb964b157ec9441/element - {"using":"xpath","value":"//input[contains(@id ,\"yardId-inner\")]"}
COMMAND: GET /session/93f43bcbd844a5d98eb964b157ec9441/screenshot - {}
RESULT: {"using":"xpath","value":"//input[contains(@id ,\"yardId-inner\")]"}
COMMAND: GET /session/93f43bcbd844a5d98eb964b157ec9441/element/f.0C3632C05FD2F0739639ED0A0E4218C8.d.79F89B7F1C591BDB2890C5FE43B60D18.e.8681/enabled - {}
RESULT: {}
RESULT: {}
COMMAND: POST /session/93f43bcbd844a5d98eb964b157ec9441/element/f.0C3632C05FD2F0739639ED0A0E4218C8.d.79F89B7F1C591BDB2890C5FE43B60D18.e.8681/clear - {}
COMMAND: GET /session/93f43bcbd844a5d98eb964b157ec9441/screenshot - {}
RESULT: {}
COMMAND: POST /session/93f43bcbd844a5d98eb964b157ec9441/element/f.0C3632C05FD2F0739639ED0A0E4218C8.d.79F89B7F1C591BDB2890C5FE43B60D18.e.8681/value - {"text":"WebdriverYardsvnzc"}
COMMAND: GET /session/93f43bcbd844a5d98eb964b157ec9441/screenshot - {}
RESULT: {}
RESULT: {"text":"WebdriverYardsvnzc"}
COMMAND: GET /session/93f43bcbd844a5d98eb964b157ec9441/screenshot - {}
RESULT: {}
RESULT: {}
COMMAND: POST /session/93f43bcbd844a5d98eb964b157ec9441/element - {"using":"xpath","value":"//input[contains(@id ,\"customerNumber-inner\")]"}
RESULT: {"using":"xpath","value":"//input[contains(@id ,\"customerNumber-inner\")]"}
COMMAND: POST /session/93f43bcbd844a5d98eb964b157ec9441/element/f.0C3632C05FD2F0739639ED0A0E4218C8.d.79F89B7F1C591BDB2890C5FE43B60D18.e.8675/value - {"text":"WebdriverPartnerhbzzz"}
COMMAND: POST /session/93f43bcbd844a5d98eb964b157ec9441/actions - {"actions":[{"id":"action51","type":"key","parameters":{},"actions":[{"type":"keyDown","value":"î€‡"},{"type":"pause","duration":10},{"type":"keyUp","value":"î€‡"}]}]}
RESULT: {"actions":[{"id":"action51","type":"key","parameters":{},"actions":[{"type":"keyDown","value":"î€‡"},{"type":"pause","duration":10},{"type":"keyUp","value":"î€‡"}]}]}
COMMAND: GET /session/93f43bcbd844a5d98eb964b157ec9441/screenshot - {}
RESULT: {"text":"WebdriverPartnerhbzzz"}
COMMAND: GET /session/93f43bcbd844a5d98eb964b157ec9441/screenshot - {}
RESULT: {}
RESULT: {}
COMMAND: POST /session/93f43bcbd844a5d98eb964b157ec9441/actions - {"actions":[{"id":"action52","type":"key","parameters":{},"actions":[{"type":"keyDown","value":"î€‡"},{"type":"pause","duration":10},{"type":"keyUp","value":"î€‡"}]}]}
RESULT: {"actions":[{"id":"action52","type":"key","parameters":{},"actions":[{"type":"keyDown","value":"î€‡"},{"type":"pause","duration":10},{"type":"keyUp","value":"î€‡"}]}]}
COMMAND: GET /session/93f43bcbd844a5d98eb964b157ec9441/screenshot - {}
RESULT: {}
COMMAND: POST /session/93f43bcbd844a5d98eb964b157ec9441/element - {"using":"xpath","value":"//input[contains(@id ,\"requestSiteId-inner\")]"}
RESULT: {"using":"xpath","value":"//input[contains(@id ,\"requestSiteId-inner\")]"}
COMMAND: POST /session/93f43bcbd844a5d98eb964b157ec9441/element/f.0C3632C05FD2F0739639ED0A0E4218C8.d.79F89B7F1C591BDB2890C5FE43B60D18.e.8674/value - {"text":"WebdriverSiteasz2v"}
RESULT: {"text":"WebdriverSiteasz2v"}
COMMAND: GET /session/93f43bcbd844a5d98eb964b157ec9441/screenshot - {}
RESULT: {}
COMMAND: POST /session/93f43bcbd844a5d98eb964b157ec9441/actions - {"actions":[{"id":"action53","type":"key","parameters":{},"actions":[{"type":"keyDown","value":"î€‡"},{"type":"pause","duration":10},{"type":"keyUp","value":"î€‡"}]}]}
RESULT: {"actions":[{"id":"action53","type":"key","parameters":{},"actions":[{"type":"keyDown","value":"î€‡"},{"type":"pause","duration":10},{"type":"keyUp","value":"î€‡"}]}]}
COMMAND: POST /session/93f43bcbd844a5d98eb964b157ec9441/execute/async - {"script":"<script> [1562 bytes]","args":[{"selector":{"controlType":"sap.ui.core.Icon","viewName":"etm.portal.ui.managerequests.view.NewRequest","properties":{"src":{"regex":{"source":"add"}}}},"wdio_ui5_key":"etmportal.ui.managerequests.view.NewRequestsap.ui.core.Icon{\"src\":{\"regex\":{\"source\":\"add\"}}}"}]}
COMMAND: GET /session/93f43bcbd844a5d98eb964b157ec9441/screenshot - {}
RESULT: {"script":"<script> [1562 bytes]","args":[{"selector":{"controlType":"sap.ui.core.Icon","viewName":"etm.portal.ui.managerequests.view.NewRequest","properties":{"src":{"regex":{"source":"add"}}}},"wdio_ui5_key":"etmportal.ui.managerequests.view.NewRequestsap.ui.core.Icon{\"src\":{\"regex\":{\"source\":\"add\"}}}"}]}
RESULT: undefined
COMMAND: POST /session/93f43bcbd844a5d98eb964b157ec9441/element - {"using":"xpath","value":"//*[@id=\"__xmlview59--btnAddTableRow-img\"]"}
RESULT: {}
RESULT: {"using":"xpath","value":"//*[@id=\"__xmlview59--btnAddTableRow-img\"]"}
COMMAND: POST /session/93f43bcbd844a5d98eb964b157ec9441/element/f.0C3632C05FD2F0739639ED0A0E4218C8.d.79F89B7F1C591BDB2890C5FE43B60D18.e.8655/click - {}
RESULT: {}
COMMAND: GET /session/93f43bcbd844a5d98eb964b157ec9441/screenshot - {}
RESULT: {}
COMMAND: POST /session/93f43bcbd844a5d98eb964b157ec9441/actions - {"actions":[{"id":"action54","type":"key","parameters":{},"actions":[{"type":"keyDown","value":"î€•"},{"type":"pause","duration":10},{"type":"keyUp","value":"î€•"}]}]}
RESULT: {"actions":[{"id":"action54","type":"key","parameters":{},"actions":[{"type":"keyDown","value":"î€•"},{"type":"pause","duration":10},{"type":"keyUp","value":"î€•"}]}]}
COMMAND: POST /session/93f43bcbd844a5d98eb964b157ec9441/actions - {"actions":[{"id":"action55","type":"key","parameters":{},"actions":[{"type":"keyDown","value":"î€‡"},{"type":"pause","duration":10},{"type":"keyUp","value":"î€‡"}]}]}
COMMAND: GET /session/93f43bcbd844a5d98eb964b157ec9441/screenshot - {}
RESULT: {"actions":[{"id":"action55","type":"key","parameters":{},"actions":[{"type":"keyDown","value":"î€‡"},{"type":"pause","duration":10},{"type":"keyUp","value":"î€‡"}]}]}
COMMAND: POST /session/93f43bcbd844a5d98eb964b157ec9441/element - {"using":"xpath","value":"(//input[contains(@id ,\"requestItemsTable-0-inner\")])[1]"}
COMMAND: GET /session/93f43bcbd844a5d98eb964b157ec9441/screenshot - {}
RESULT: {}
RESULT: {"using":"xpath","value":"(//input[contains(@id ,\"requestItemsTable-0-inner\")])[1]"}
COMMAND: POST /session/93f43bcbd844a5d98eb964b157ec9441/element/f.0C3632C05FD2F0739639ED0A0E4218C8.d.79F89B7F1C591BDB2890C5FE43B60D18.e.8830/clear - {}
RESULT: {}
RESULT: {}
COMMAND: POST /session/93f43bcbd844a5d98eb964b157ec9441/element/f.0C3632C05FD2F0739639ED0A0E4218C8.d.79F89B7F1C591BDB2890C5FE43B60D18.e.8830/value - {"text":"catalogItemNamemi26s"}
COMMAND: GET /session/93f43bcbd844a5d98eb964b157ec9441/screenshot - {}
RESULT: {"text":"catalogItemNamemi26s"}
COMMAND: GET /session/93f43bcbd844a5d98eb964b157ec9441/screenshot - {}
RESULT: {}
RESULT: {}
COMMAND: POST /session/93f43bcbd844a5d98eb964b157ec9441/actions - {"actions":[{"id":"action56","type":"key","parameters":{},"actions":[{"type":"keyDown","value":"î€‡"},{"type":"pause","duration":10},{"type":"keyUp","value":"î€‡"}]}]}
RESULT: {"actions":[{"id":"action56","type":"key","parameters":{},"actions":[{"type":"keyDown","value":"î€‡"},{"type":"pause","duration":10},{"type":"keyUp","value":"î€‡"}]}]}
COMMAND: GET /session/93f43bcbd844a5d98eb964b157ec9441/screenshot - {}
RESULT: {}
COMMAND: POST /session/93f43bcbd844a5d98eb964b157ec9441/execute/async - {"script":"<script> [1562 bytes]","args":[{"selector":{"controlType":"sap.m.Button","viewName":"etm.portal.ui.managerequests.view.NewRequest","i18NText":{"propertyName":"text","key":"requestSpecifications"},"interaction":{"idSuffix":"BDI-content"}},"wdio_ui5_key":"etmportal.ui.managerequests.view.NewRequestsap.m.Button{\"propertyName\":\"text\",\"key\":\"requestSpecifications\"}"}]}
RESULT: {"script":"<script> [1562 bytes]","args":[{"selector":{"controlType":"sap.m.Button","viewName":"etm.portal.ui.managerequests.view.NewRequest","i18NText":{"propertyName":"text","key":"requestSpecifications"},"interaction":{"idSuffix":"BDI-content"}},"wdio_ui5_key":"etmportal.ui.managerequests.view.NewRequestsap.m.Button{\"propertyName\":\"text\",\"key\":\"requestSpecifications\"}"}]}
RESULT: undefined
COMMAND: POST /session/93f43bcbd844a5d98eb964b157ec9441/element - {"using":"xpath","value":"//*[@id=\"__button78-__xmlview59--requestItemsTable-0\"]"}
RESULT: {"using":"xpath","value":"//*[@id=\"__button78-__xmlview59--requestItemsTable-0\"]"}
COMMAND: POST /session/93f43bcbd844a5d98eb964b157ec9441/element/f.0C3632C05FD2F0739639ED0A0E4218C8.d.79F89B7F1C591BDB2890C5FE43B60D18.e.8844/click - {}
RESULT: {}
COMMAND: GET /session/93f43bcbd844a5d98eb964b157ec9441/screenshot - {}
RESULT: {}
COMMAND: POST /session/93f43bcbd844a5d98eb964b157ec9441/element - {"using":"xpath","value":"//input[@value=\"red\"]"}
RESULT: {"using":"xpath","value":"//input[@value=\"red\"]"}
COMMAND: POST /session/93f43bcbd844a5d98eb964b157ec9441/elements - {"using":"xpath","value":"//input[@value=\"red\"]"}
RESULT: {"using":"xpath","value":"//input[@value=\"red\"]"}
COMMAND: POST /session/93f43bcbd844a5d98eb964b157ec9441/execute/async - {"script":"<script> [1562 bytes]","args":[{"selector":{"controlType":"sap.m.Text","viewName":"etm.portal.ui.managerequests.view.NewRequest","bindingPath":{"path":"/currentEntries/0/PROPERTIES/0","propertyPath":"DESCRIPTION","modelName":"techSpecsClassificationModel"},"searchOpenDialogs":true},"wdio_ui5_key":"etmportal.ui.managerequests.view.NewRequestsap.m.Text{\"path\":\"/currentEntries/0/PROPERTIES/0\",\"propertyPath\":\"DESCRIPTION\",\"modelName\":\"techSpecsClassificationModel\"}"}]}
RESULT: {"script":"<script> [1562 bytes]","args":[{"selector":{"controlType":"sap.m.Text","viewName":"etm.portal.ui.managerequests.view.NewRequest","bindingPath":{"path":"/currentEntries/0/PROPERTIES/0","propertyPath":"DESCRIPTION","modelName":"techSpecsClassificationModel"},"searchOpenDialogs":true},"wdio_ui5_key":"etmportal.ui.managerequests.view.NewRequestsap.m.Text{\"path\":\"/currentEntries/0/PROPERTIES/0\",\"propertyPath\":\"DESCRIPTION\",\"modelName\":\"techSpecsClassificationModel\"}"}]}
RESULT: undefined
COMMAND: POST /session/93f43bcbd844a5d98eb964b157ec9441/execute/async - {"script":"<script> [6424 bytes]","args":[{"element-6066-11e4-a52e-4f735466cecf":"f.0C3632C05FD2F0739639ED0A0E4218C8.d.79F89B7F1C591BDB2890C5FE43B60D18.e.8852"},"getText",[]]}
RESULT: {"script":"<script> [6424 bytes]","args":[{"element-6066-11e4-a52e-4f735466cecf":"f.0C3632C05FD2F0739639ED0A0E4218C8.d.79F89B7F1C591BDB2890C5FE43B60D18.e.8852"},"getText",[]]}
COMMAND: POST /session/93f43bcbd844a5d98eb964b157ec9441/execute/async - {"script":"<script> [1562 bytes]","args":[{"selector":{"controlType":"sap.ui.core.Icon","viewName":"etm.portal.ui.managerequests.view.NewRequest","properties":{"src":{"regex":{"source":"slim\\-arrow\\-down"}}},"searchOpenDialogs":true},"wdio_ui5_key":"etmportal.ui.managerequests.view.NewRequestsap.ui.core.Icon{\"src\":{\"regex\":{\"source\":\"slim\\\\-arrow\\\\-down\"}}}"}]}
RESULT: {"script":"<script> [1562 bytes]","args":[{"selector":{"controlType":"sap.ui.core.Icon","viewName":"etm.portal.ui.managerequests.view.NewRequest","properties":{"src":{"regex":{"source":"slim\\-arrow\\-down"}}},"searchOpenDialogs":true},"wdio_ui5_key":"etmportal.ui.managerequests.view.NewRequestsap.ui.core.Icon{\"src\":{\"regex\":{\"source\":\"slim\\\\-arrow\\\\-down\"}}}"}]}
RESULT: undefined
COMMAND: POST /session/93f43bcbd844a5d98eb964b157ec9441/element - {"using":"xpath","value":"//*[@id=\"__box58-arrow\"]"}
RESULT: {"using":"xpath","value":"//*[@id=\"__box58-arrow\"]"}
COMMAND: POST /session/93f43bcbd844a5d98eb964b157ec9441/element/f.0C3632C05FD2F0739639ED0A0E4218C8.d.79F89B7F1C591BDB2890C5FE43B60D18.e.8853/click - {}
RESULT: {}
COMMAND: POST /session/93f43bcbd844a5d98eb964b157ec9441/execute/async - {"script":"<script> [1562 bytes]","args":[{"selector":{"controlType":"sap.m.StandardListItem","viewName":"etm.portal.ui.managerequests.view.NewRequest","properties":{"title":"blue"},"searchOpenDialogs":true,"interaction":{"idSuffix":"content"}},"wdio_ui5_key":"etmportal.ui.managerequests.view.NewRequestsap.m.StandardListItem{\"title\":\"blue\"}"}]}
COMMAND: GET /session/93f43bcbd844a5d98eb964b157ec9441/screenshot - {}
RESULT: {"script":"<script> [1562 bytes]","args":[{"selector":{"controlType":"sap.m.StandardListItem","viewName":"etm.portal.ui.managerequests.view.NewRequest","properties":{"title":"blue"},"searchOpenDialogs":true,"interaction":{"idSuffix":"content"}},"wdio_ui5_key":"etmportal.ui.managerequests.view.NewRequestsap.m.StandardListItem{\"title\":\"blue\"}"}]}
RESULT: undefined
COMMAND: POST /session/93f43bcbd844a5d98eb964b157ec9441/element - {"using":"xpath","value":"//*[@id=\"__item762\"]"}
RESULT: {}
RESULT: {"using":"xpath","value":"//*[@id=\"__item762\"]"}
COMMAND: POST /session/93f43bcbd844a5d98eb964b157ec9441/element/f.0C3632C05FD2F0739639ED0A0E4218C8.d.79F89B7F1C591BDB2890C5FE43B60D18.e.8856/click - {}
RESULT: {}
COMMAND: GET /session/93f43bcbd844a5d98eb964b157ec9441/screenshot - {}
RESULT: {}
COMMAND: POST /session/93f43bcbd844a5d98eb964b157ec9441/execute/async - {"script":"<script> [1562 bytes]","args":[{"selector":{"id":"saveButton","viewName":"etm.portal.ui.managerequests.view.NewRequest","searchOpenDialogs":true,"interaction":{"idSuffix":"BDI-content"}},"wdio_ui5_key":"saveButtonetmportal.ui.managerequests.view.NewRequest"}]}
RESULT: {"script":"<script> [1562 bytes]","args":[{"selector":{"id":"saveButton","viewName":"etm.portal.ui.managerequests.view.NewRequest","searchOpenDialogs":true,"interaction":{"idSuffix":"BDI-content"}},"wdio_ui5_key":"saveButtonetmportal.ui.managerequests.view.NewRequest"}]}
RESULT: undefined
COMMAND: POST /session/93f43bcbd844a5d98eb964b157ec9441/element - {"using":"xpath","value":"//*[@id=\"__xmlview59--saveButton\"]"}
RESULT: {"using":"xpath","value":"//*[@id=\"__xmlview59--saveButton\"]"}
COMMAND: POST /session/93f43bcbd844a5d98eb964b157ec9441/element/f.0C3632C05FD2F0739639ED0A0E4218C8.d.79F89B7F1C591BDB2890C5FE43B60D18.e.8850/click - {}
RESULT: {}
COMMAND: POST /session/93f43bcbd844a5d98eb964b157ec9441/execute/async - {"script":"<script> [1562 bytes]","args":[{"selector":{"controlType":"sap.ui.core.Icon","viewName":"etm.portal.ui.managerequests.view.NewRequest","properties":{"src":{"regex":{"source":"slim\\-arrow\\-down"}}},"ancestor":{"controlType":"sap.m.Button","viewName":"etm.portal.ui.managerequests.view.NewRequest","properties":{"icon":"sap-icon://slim-arrow-down"}}},"wdio_ui5_key":"etmportal.ui.managerequests.view.NewRequestsap.ui.core.Icon{\"src\":{\"regex\":{\"source\":\"slim\\\\-arrow\\\\-down\"}}}{\"controlType\":\"sap.m.Button\",\"viewName\":\"etm.portal.ui.managerequests.view.NewRequest\",\"properties\":{\"icon\":\"sap-icon://slim-arrow-down\"}}"}]}
COMMAND: GET /session/93f43bcbd844a5d98eb964b157ec9441/screenshot - {}
RESULT: {"script":"<script> [1562 bytes]","args":[{"selector":{"controlType":"sap.ui.core.Icon","viewName":"etm.portal.ui.managerequests.view.NewRequest","properties":{"src":{"regex":{"source":"slim\\-arrow\\-down"}}},"ancestor":{"controlType":"sap.m.Button","viewName":"etm.portal.ui.managerequests.view.NewRequest","properties":{"icon":"sap-icon://slim-arrow-down"}}},"wdio_ui5_key":"etmportal.ui.managerequests.view.NewRequestsap.ui.core.Icon{\"src\":{\"regex\":{\"source\":\"slim\\\\-arrow\\\\-down\"}}}{\"controlType\":\"sap.m.Button\",\"viewName\":\"etm.portal.ui.managerequests.view.NewRequest\",\"properties\":{\"icon\":\"sap-icon://slim-arrow-down\"}}"}]}
RESULT: undefined
RESULT: {}
COMMAND: POST /session/93f43bcbd844a5d98eb964b157ec9441/element - {"using":"xpath","value":"//div[contains(@data-kt ,\"splitAllocationObjectStatus\")]"}
RESULT: {"using":"xpath","value":"//div[contains(@data-kt ,\"splitAllocationObjectStatus\")]"}
COMMAND: POST /session/93f43bcbd844a5d98eb964b157ec9441/elements - {"using":"xpath","value":"//div[contains(@data-kt ,\"splitAllocationObjectStatus\")]"}
RESULT: {"using":"xpath","value":"//div[contains(@data-kt ,\"splitAllocationObjectStatus\")]"}
COMMAND: POST /session/93f43bcbd844a5d98eb964b157ec9441/execute/async - {"script":"<script> [1562 bytes]","args":[{"selector":{"controlType":"sap.ui.core.Icon","viewName":"etm.portal.ui.managerequests.view.NewRequest","properties":{"src":{"regex":{"source":"message\\-error"}}}},"wdio_ui5_key":"etmportal.ui.managerequests.view.NewRequestsap.ui.core.Icon{\"src\":{\"regex\":{\"source\":\"message\\\\-error\"}}}"}]}
RESULT: {"script":"<script> [1562 bytes]","args":[{"selector":{"controlType":"sap.ui.core.Icon","viewName":"etm.portal.ui.managerequests.view.NewRequest","properties":{"src":{"regex":{"source":"message\\-error"}}}},"wdio_ui5_key":"etmportal.ui.managerequests.view.NewRequestsap.ui.core.Icon{\"src\":{\"regex\":{\"source\":\"message\\\\-error\"}}}"}]}
RESULT: undefined
COMMAND: POST /session/93f43bcbd844a5d98eb964b157ec9441/element - {"using":"xpath","value":"//*[@id=\"__status4-__xmlview59--requestItemsTable-0-icon\"]"}
RESULT: {"using":"xpath","value":"//*[@id=\"__status4-__xmlview59--requestItemsTable-0-icon\"]"}
COMMAND: POST /session/93f43bcbd844a5d98eb964b157ec9441/element/f.0C3632C05FD2F0739639ED0A0E4218C8.d.79F89B7F1C591BDB2890C5FE43B60D18.e.8859/click - {}
RESULT: {}
COMMAND: POST /session/93f43bcbd844a5d98eb964b157ec9441/execute/async - {"script":"<script> [1562 bytes]","args":[{"selector":{"controlType":"sap.ui.core.Icon","viewName":"etm.portal.ui.managerequests.view.NewRequest","properties":{"src":{"regex":{"source":"slim\\-arrow\\-down"}}},"searchOpenDialogs":true,"ancestor":{"id":"costObjectAdminTypeComboBox","viewName":"etm.portal.ui.managerequests.view.NewRequest","searchOpenDialogs":true}},"wdio_ui5_key":"etmportal.ui.managerequests.view.NewRequestsap.ui.core.Icon{\"src\":{\"regex\":{\"source\":\"slim\\\\-arrow\\\\-down\"}}}{\"id\":\"costObjectAdminTypeComboBox\",\"viewName\":\"etm.portal.ui.managerequests.view.NewRequest\",\"searchOpenDialogs\":true}"}]}
COMMAND: GET /session/93f43bcbd844a5d98eb964b157ec9441/screenshot - {}
RESULT: {"script":"<script> [1562 bytes]","args":[{"selector":{"controlType":"sap.ui.core.Icon","viewName":"etm.portal.ui.managerequests.view.NewRequest","properties":{"src":{"regex":{"source":"slim\\-arrow\\-down"}}},"searchOpenDialogs":true,"ancestor":{"id":"costObjectAdminTypeComboBox","viewName":"etm.portal.ui.managerequests.view.NewRequest","searchOpenDialogs":true}},"wdio_ui5_key":"etmportal.ui.managerequests.view.NewRequestsap.ui.core.Icon{\"src\":{\"regex\":{\"source\":\"slim\\\\-arrow\\\\-down\"}}}{\"id\":\"costObjectAdminTypeComboBox\",\"viewName\":\"etm.portal.ui.managerequests.view.NewRequest\",\"searchOpenDialogs\":true}"}]}
RESULT: undefined
COMMAND: POST /session/93f43bcbd844a5d98eb964b157ec9441/element - {"using":"xpath","value":"//*[@id=\"__xmlview59--costObjectAdminTypeComboBox-arrow\"]"}
RESULT: {}
RESULT: {"using":"xpath","value":"//*[@id=\"__xmlview59--costObjectAdminTypeComboBox-arrow\"]"}
COMMAND: POST /session/93f43bcbd844a5d98eb964b157ec9441/element/f.0C3632C05FD2F0739639ED0A0E4218C8.d.79F89B7F1C591BDB2890C5FE43B60D18.e.8863/click - {}
RESULT: {}
COMMAND: POST /session/93f43bcbd844a5d98eb964b157ec9441/execute/async - {"script":"<script> [1562 bytes]","args":[{"selector":{"controlType":"sap.m.StandardListItem","viewName":"etm.portal.ui.managerequests.view.NewRequest","properties":{"title":"Cost Center"},"searchOpenDialogs":true,"interaction":{"idSuffix":"titleText"}},"wdio_ui5_key":"etmportal.ui.managerequests.view.NewRequestsap.m.StandardListItem{\"title\":\"Cost Center\"}"}]}
COMMAND: GET /session/93f43bcbd844a5d98eb964b157ec9441/screenshot - {}
RESULT: {"script":"<script> [1562 bytes]","args":[{"selector":{"controlType":"sap.m.StandardListItem","viewName":"etm.portal.ui.managerequests.view.NewRequest","properties":{"title":"Cost Center"},"searchOpenDialogs":true,"interaction":{"idSuffix":"titleText"}},"wdio_ui5_key":"etmportal.ui.managerequests.view.NewRequestsap.m.StandardListItem{\"title\":\"Cost Center\"}"}]}
RESULT: undefined
COMMAND: POST /session/93f43bcbd844a5d98eb964b157ec9441/element - {"using":"xpath","value":"//*[@id=\"__item765\"]"}
RESULT: {}
RESULT: {"using":"xpath","value":"//*[@id=\"__item765\"]"}
COMMAND: POST /session/93f43bcbd844a5d98eb964b157ec9441/element/f.0C3632C05FD2F0739639ED0A0E4218C8.d.79F89B7F1C591BDB2890C5FE43B60D18.e.8866/click - {}
RESULT: {}
COMMAND: GET /session/93f43bcbd844a5d98eb964b157ec9441/screenshot - {}
RESULT: {}
COMMAND: POST /session/93f43bcbd844a5d98eb964b157ec9441/execute/async - {"script":"<script> [1562 bytes]","args":[{"selector":{"controlType":"sap.ui.core.Icon","viewName":"etm.portal.ui.managerequests.view.NewRequest","properties":{"src":{"regex":{"source":"value\\-help"}}},"searchOpenDialogs":true},"wdio_ui5_key":"etmportal.ui.managerequests.view.NewRequestsap.ui.core.Icon{\"src\":{\"regex\":{\"source\":\"value\\\\-help\"}}}"}]}
RESULT: {"script":"<script> [1562 bytes]","args":[{"selector":{"controlType":"sap.ui.core.Icon","viewName":"etm.portal.ui.managerequests.view.NewRequest","properties":{"src":{"regex":{"source":"value\\-help"}}},"searchOpenDialogs":true},"wdio_ui5_key":"etmportal.ui.managerequests.view.NewRequestsap.ui.core.Icon{\"src\":{\"regex\":{\"source\":\"value\\\\-help\"}}}"}]}
RESULT: undefined
COMMAND: POST /session/93f43bcbd844a5d98eb964b157ec9441/element - {"using":"xpath","value":"//*[@id=\"__xmlview59--costObjectIdComboBox-vhi\"]"}
RESULT: {"using":"xpath","value":"//*[@id=\"__xmlview59--costObjectIdComboBox-vhi\"]"}
COMMAND: POST /session/93f43bcbd844a5d98eb964b157ec9441/element/f.0C3632C05FD2F0739639ED0A0E4218C8.d.79F89B7F1C591BDB2890C5FE43B60D18.e.8873/click - {}
RESULT: {}
COMMAND: POST /session/93f43bcbd844a5d98eb964b157ec9441/execute/async - {"script":"<script> [1562 bytes]","args":[{"selector":{"controlType":"sap.m.SearchField","properties":{"placeholder":"Search"},"searchOpenDialogs":true,"interaction":{"idSuffix":"I"}},"wdio_ui5_key":"sapm.SearchField{\"placeholder\":\"Search\"}"}]}
COMMAND: GET /session/93f43bcbd844a5d98eb964b157ec9441/screenshot - {}
RESULT: {"script":"<script> [1562 bytes]","args":[{"selector":{"controlType":"sap.m.SearchField","properties":{"placeholder":"Search"},"searchOpenDialogs":true,"interaction":{"idSuffix":"I"}},"wdio_ui5_key":"sapm.SearchField{\"placeholder\":\"Search\"}"}]}
RESULT: undefined
COMMAND: POST /session/93f43bcbd844a5d98eb964b157ec9441/execute/async - {"script":"<script> [776 bytes]","args":[{"enterText":"10001010","selector":{"controlType":"sap.m.SearchField","properties":{"placeholder":"Search"},"searchOpenDialogs":true,"interaction":{"idSuffix":"I"}},"clearTextFirst":true,"interactionType":"ENTER_TEXT"}]}
RESULT: {}
RESULT: {"script":"<script> [776 bytes]","args":[{"enterText":"10001010","selector":{"controlType":"sap.m.SearchField","properties":{"placeholder":"Search"},"searchOpenDialogs":true,"interaction":{"idSuffix":"I"}},"clearTextFirst":true,"interactionType":"ENTER_TEXT"}]}
COMMAND: POST /session/93f43bcbd844a5d98eb964b157ec9441/actions - {"actions":[{"id":"action57","type":"key","parameters":{},"actions":[{"type":"keyDown","value":"î€‡"},{"type":"pause","duration":10},{"type":"keyUp","value":"î€‡"}]}]}
RESULT: {"actions":[{"id":"action57","type":"key","parameters":{},"actions":[{"type":"keyDown","value":"î€‡"},{"type":"pause","duration":10},{"type":"keyUp","value":"î€‡"}]}]}
COMMAND: GET /session/93f43bcbd844a5d98eb964b157ec9441/screenshot - {}
RESULT: {}
COMMAND: POST /session/93f43bcbd844a5d98eb964b157ec9441/execute/async - {"script":"<script> [1562 bytes]","args":[{"selector":{"controlType":"sap.m.Text","bindingPath":{"path":"/C_CostCtrValueHelp(CostCenter='10001010',ControllingArea='Z001')","propertyPath":"CostCenterName","modelName":"CostCenterModel"},"searchOpenDialogs":true},"wdio_ui5_key":"sapm.Text{\"path\":\"/C_CostCtrValueHelp(CostCenter='10001010',ControllingArea='Z001')\",\"propertyPath\":\"CostCenterName\",\"modelName\":\"CostCenterModel\"}"}]}
RESULT: {"script":"<script> [1562 bytes]","args":[{"selector":{"controlType":"sap.m.Text","bindingPath":{"path":"/C_CostCtrValueHelp(CostCenter='10001010',ControllingArea='Z001')","propertyPath":"CostCenterName","modelName":"CostCenterModel"},"searchOpenDialogs":true},"wdio_ui5_key":"sapm.Text{\"path\":\"/C_CostCtrValueHelp(CostCenter='10001010',ControllingArea='Z001')\",\"propertyPath\":\"CostCenterName\",\"modelName\":\"CostCenterModel\"}"}]}
RESULT: undefined
COMMAND: POST /session/93f43bcbd844a5d98eb964b157ec9441/element - {"using":"xpath","value":"//*[@id=\"__text550-__clone982\"]"}
RESULT: {"using":"xpath","value":"//*[@id=\"__text550-__clone982\"]"}
COMMAND: POST /session/93f43bcbd844a5d98eb964b157ec9441/element/f.0C3632C05FD2F0739639ED0A0E4218C8.d.79F89B7F1C591BDB2890C5FE43B60D18.e.8913/click - {}
RESULT: {}
COMMAND: POST /session/93f43bcbd844a5d98eb964b157ec9441/execute/async - {"script":"<script> [1562 bytes]","args":[{"selector":{"controlType":"sap.m.Button","properties":{"text":"OK"},"searchOpenDialogs":true,"interaction":{"idSuffix":"BDI-content"}},"wdio_ui5_key":"sapm.Button{\"text\":\"OK\"}"}]}
COMMAND: GET /session/93f43bcbd844a5d98eb964b157ec9441/screenshot - {}
RESULT: {"script":"<script> [1562 bytes]","args":[{"selector":{"controlType":"sap.m.Button","properties":{"text":"OK"},"searchOpenDialogs":true,"interaction":{"idSuffix":"BDI-content"}},"wdio_ui5_key":"sapm.Button{\"text\":\"OK\"}"}]}
RESULT: undefined
COMMAND: POST /session/93f43bcbd844a5d98eb964b157ec9441/element - {"using":"xpath","value":"//*[@id=\"__dialog2-ok\"]"}
RESULT: {}
RESULT: {"using":"xpath","value":"//*[@id=\"__dialog2-ok\"]"}
COMMAND: POST /session/93f43bcbd844a5d98eb964b157ec9441/element/f.0C3632C05FD2F0739639ED0A0E4218C8.d.79F89B7F1C591BDB2890C5FE43B60D18.e.8915/click - {}
RESULT: {}
COMMAND: GET /session/93f43bcbd844a5d98eb964b157ec9441/screenshot - {}
RESULT: {}
COMMAND: POST /session/93f43bcbd844a5d98eb964b157ec9441/execute/async - {"script":"<script> [1562 bytes]","args":[{"selector":{"controlType":"sap.m.Button","viewName":"etm.portal.ui.managerequests.view.NewRequest","i18NText":{"propertyName":"text","key":"save"},"searchOpenDialogs":true,"interaction":{"idSuffix":"BDI-content"}},"wdio_ui5_key":"etmportal.ui.managerequests.view.NewRequestsap.m.Button{\"propertyName\":\"text\",\"key\":\"save\"}"}]}
RESULT: {"script":"<script> [1562 bytes]","args":[{"selector":{"controlType":"sap.m.Button","viewName":"etm.portal.ui.managerequests.view.NewRequest","i18NText":{"propertyName":"text","key":"save"},"searchOpenDialogs":true,"interaction":{"idSuffix":"BDI-content"}},"wdio_ui5_key":"etmportal.ui.managerequests.view.NewRequestsap.m.Button{\"propertyName\":\"text\",\"key\":\"save\"}"}]}
RESULT: undefined
COMMAND: POST /session/93f43bcbd844a5d98eb964b157ec9441/element - {"using":"xpath","value":"//*[@id=\"__button91\"]"}
RESULT: {"using":"xpath","value":"//*[@id=\"__button91\"]"}
COMMAND: POST /session/93f43bcbd844a5d98eb964b157ec9441/element/f.0C3632C05FD2F0739639ED0A0E4218C8.d.79F89B7F1C591BDB2890C5FE43B60D18.e.8919/click - {}
RESULT: {}
COMMAND: GET /session/93f43bcbd844a5d98eb964b157ec9441/screenshot - {}
RESULT: {}
COMMAND: POST /session/93f43bcbd844a5d98eb964b157ec9441/execute/async - {"script":"<script> [1562 bytes]","args":[{"selector":{"controlType":"sap.m.Button","viewName":"etm.portal.ui.managerequests.view.NewRequest","i18NText":{"propertyName":"tooltip","key":"save"},"interaction":{"idSuffix":"content"}},"wdio_ui5_key":"etmportal.ui.managerequests.view.NewRequestsap.m.Button{\"propertyName\":\"tooltip\",\"key\":\"save\"}"}]}
RESULT: {"script":"<script> [1562 bytes]","args":[{"selector":{"controlType":"sap.m.Button","viewName":"etm.portal.ui.managerequests.view.NewRequest","i18NText":{"propertyName":"tooltip","key":"save"},"interaction":{"idSuffix":"content"}},"wdio_ui5_key":"etmportal.ui.managerequests.view.NewRequestsap.m.Button{\"propertyName\":\"tooltip\",\"key\":\"save\"}"}]}
RESULT: undefined
COMMAND: POST /session/93f43bcbd844a5d98eb964b157ec9441/element - {"using":"xpath","value":"//*[@id=\"__button80\"]"}
RESULT: {"using":"xpath","value":"//*[@id=\"__button80\"]"}
COMMAND: POST /session/93f43bcbd844a5d98eb964b157ec9441/element/f.0C3632C05FD2F0739639ED0A0E4218C8.d.79F89B7F1C591BDB2890C5FE43B60D18.e.8803/click - {}
RESULT: {}
COMMAND: GET /session/93f43bcbd844a5d98eb964b157ec9441/screenshot - {}
RESULT: {}
COMMAND: POST /session/93f43bcbd844a5d98eb964b157ec9441/execute/async - {"script":"<script> [1562 bytes]","args":[{"selector":{"controlType":"sap.m.Title","properties":{"text":"Success"},"searchOpenDialogs":true},"wdio_ui5_key":"sapm.Title{\"text\":\"Success\"}"}]}
RESULT: {"script":"<script> [1562 bytes]","args":[{"selector":{"controlType":"sap.m.Title","properties":{"text":"Success"},"searchOpenDialogs":true},"wdio_ui5_key":"sapm.Title{\"text\":\"Success\"}"}]}
RESULT: undefined
COMMAND: POST /session/93f43bcbd844a5d98eb964b157ec9441/execute/async - {"script":"<script> [6424 bytes]","args":[{"element-6066-11e4-a52e-4f735466cecf":"f.0C3632C05FD2F0739639ED0A0E4218C8.d.79F89B7F1C591BDB2890C5FE43B60D18.e.8924"},"getText",[]]}
RESULT: {"script":"<script> [6424 bytes]","args":[{"element-6066-11e4-a52e-4f735466cecf":"f.0C3632C05FD2F0739639ED0A0E4218C8.d.79F89B7F1C591BDB2890C5FE43B60D18.e.8924"},"getText",[]]}
COMMAND: POST /session/93f43bcbd844a5d98eb964b157ec9441/execute/async - {"script":"<script> [1562 bytes]","args":[{"selector":{"controlType":"sap.m.Button","properties":{"text":"Close"},"searchOpenDialogs":true,"interaction":{"idSuffix":"BDI-content"}},"wdio_ui5_key":"sapm.Button{\"text\":\"Close\"}"}]}
RESULT: {"script":"<script> [1562 bytes]","args":[{"selector":{"controlType":"sap.m.Button","properties":{"text":"Close"},"searchOpenDialogs":true,"interaction":{"idSuffix":"BDI-content"}},"wdio_ui5_key":"sapm.Button{\"text\":\"Close\"}"}]}
RESULT: undefined
COMMAND: POST /session/93f43bcbd844a5d98eb964b157ec9441/element - {"using":"xpath","value":"//*[@id=\"__mbox-btn-0\"]"}
RESULT: {"using":"xpath","value":"//*[@id=\"__mbox-btn-0\"]"}
COMMAND: POST /session/93f43bcbd844a5d98eb964b157ec9441/element/f.0C3632C05FD2F0739639ED0A0E4218C8.d.79F89B7F1C591BDB2890C5FE43B60D18.e.8922/click - {}
RESULT: {}
COMMAND: GET /session/93f43bcbd844a5d98eb964b157ec9441/screenshot - {}
RESULT: {}
COMMAND: POST /session/93f43bcbd844a5d98eb964b157ec9441/execute/async - {"script":"<script> [1562 bytes]","args":[{"selector":{"controlType":"sap.m.Button","viewName":"etm.portal.ui.managerequests.view.Detail","i18NText":{"propertyName":"text","key":"requestSpecifications"},"interaction":{"idSuffix":"BDI-content"}},"wdio_ui5_key":"etmportal.ui.managerequests.view.Detailsap.m.Button{\"propertyName\":\"text\",\"key\":\"requestSpecifications\"}"}]}
RESULT: {"script":"<script> [1562 bytes]","args":[{"selector":{"controlType":"sap.m.Button","viewName":"etm.portal.ui.managerequests.view.Detail","i18NText":{"propertyName":"text","key":"requestSpecifications"},"interaction":{"idSuffix":"BDI-content"}},"wdio_ui5_key":"etmportal.ui.managerequests.view.Detailsap.m.Button{\"propertyName\":\"text\",\"key\":\"requestSpecifications\"}"}]}
RESULT: undefined
COMMAND: POST /session/93f43bcbd844a5d98eb964b157ec9441/element - {"using":"xpath","value":"//*[@id=\"__button107-__clone1021\"]"}
RESULT: {"using":"xpath","value":"//*[@id=\"__button107-__clone1021\"]"}
COMMAND: POST /session/93f43bcbd844a5d98eb964b157ec9441/element/f.0C3632C05FD2F0739639ED0A0E4218C8.d.79F89B7F1C591BDB2890C5FE43B60D18.e.9047/click - {}
RESULT: {}
COMMAND: GET /session/93f43bcbd844a5d98eb964b157ec9441/screenshot - {}
RESULT: {}
COMMAND: POST /session/93f43bcbd844a5d98eb964b157ec9441/element - {"using":"xpath","value":"//input[@value=\"blue\"]"}
RESULT: {"using":"xpath","value":"//input[@value=\"blue\"]"}
COMMAND: POST /session/93f43bcbd844a5d98eb964b157ec9441/elements - {"using":"xpath","value":"//input[@value=\"blue\"]"}
RESULT: {"using":"xpath","value":"//input[@value=\"blue\"]"}
COMMAND: POST /session/93f43bcbd844a5d98eb964b157ec9441/execute/async - {"script":"<script> [1562 bytes]","args":[{"selector":{"id":"cancelRequestSpecificationsButton","viewName":"etm.portal.ui.managerequests.view.Detail","searchOpenDialogs":true,"interaction":{"idSuffix":"BDI-content"}},"wdio_ui5_key":"cancelRequestSpecificationsButtonetmportal.ui.managerequests.view.Detail"}]}
RESULT: {"script":"<script> [1562 bytes]","args":[{"selector":{"id":"cancelRequestSpecificationsButton","viewName":"etm.portal.ui.managerequests.view.Detail","searchOpenDialogs":true,"interaction":{"idSuffix":"BDI-content"}},"wdio_ui5_key":"cancelRequestSpecificationsButtonetmportal.ui.managerequests.view.Detail"}]}
RESULT: undefined
COMMAND: POST /session/93f43bcbd844a5d98eb964b157ec9441/element - {"using":"xpath","value":"//*[@id=\"__xmlview60--cancelRequestSpecificationsButton\"]"}
RESULT: {"using":"xpath","value":"//*[@id=\"__xmlview60--cancelRequestSpecificationsButton\"]"}
COMMAND: POST /session/93f43bcbd844a5d98eb964b157ec9441/element/f.0C3632C05FD2F0739639ED0A0E4218C8.d.79F89B7F1C591BDB2890C5FE43B60D18.e.9051/click - {}
RESULT: {}
COMMAND: POST /session/93f43bcbd844a5d98eb964b157ec9441/element - {"using":"css selector","value":"#shell-header-logo"}
COMMAND: GET /session/93f43bcbd844a5d98eb964b157ec9441/screenshot - {}
RESULT: {"using":"css selector","value":"#shell-header-logo"}
COMMAND: POST /session/93f43bcbd844a5d98eb964b157ec9441/element/f.0C3632C05FD2F0739639ED0A0E4218C8.d.79F89B7F1C591BDB2890C5FE43B60D18.e.8382/click - {}
RESULT: {}
RESULT: {}
COMMAND: GET /session/93f43bcbd844a5d98eb964b157ec9441/screenshot - {}
RESULT: {}
]]></system-out>
    </testcase>
  </testsuite>
  <testsuite timestamp="2025-04-28T16:06:47" time="343.142" tests="3" failures="0" errors="0" skipped="0">
    <properties>
      <property name="specId" value="0" />
      <property name="suiteName" value="Reserve/Unreserve request item via reserve option US139161" />
      <property name="capabilities" value="chrome.135_0_7049_96.windows" />
      <property name="file" value="file:///D:/a/1/s/test/specs/R2C/reserve-unreserve-request-item-via-reserve-option.spec.js" />
    </properties>
    <testcase classname="chrome.135_0_7049_96.windows.Reserve/Unreserve_request_item_via_reserve_option_US139161" name="Should add the material to the catalog item" time="78.085">
      <system-out><![CDATA[
COMMAND: POST /session/93f43bcbd844a5d98eb964b157ec9441/element - {"using":"xpath","value":"//*[contains(@href, 'etm.portal.ui.managecatalogs')]"}
RESULT: {"using":"xpath","value":"//*[contains(@href, 'etm.portal.ui.managecatalogs')]"}
COMMAND: POST /session/93f43bcbd844a5d98eb964b157ec9441/element/f.0C3632C05FD2F0739639ED0A0E4218C8.d.79F89B7F1C591BDB2890C5FE43B60D18.e.9058/click - {}
RESULT: {}
COMMAND: GET /session/93f43bcbd844a5d98eb964b157ec9441/screenshot - {}
RESULT: {}
COMMAND: POST /session/93f43bcbd844a5d98eb964b157ec9441/execute/async - {"script":"<script> [1562 bytes]","args":[{"selector":{"controlType":"sap.m.Text","viewName":"etm.portal.ui.managecatalogs.view.MasterCatalogs","viewId":"application-managecatalogs-display-component---masterCatalogs","bindingPath":{"path":"/Catalogs('0D7502D073D53A0F1700BE067B89AFF9')","propertyPath":"DESCRIPTION","modelName":"catalogModel"}},"wdio_ui5_key":"etmportal.ui.managecatalogs.view.MasterCatalogssap.m.Text{\"path\":\"/Catalogs('0D7502D073D53A0F1700BE067B89AFF9')\",\"propertyPath\":\"DESCRIPTION\",\"modelName\":\"catalogModel\"}"}]}
RESULT: {"script":"<script> [1562 bytes]","args":[{"selector":{"controlType":"sap.m.Text","viewName":"etm.portal.ui.managecatalogs.view.MasterCatalogs","viewId":"application-managecatalogs-display-component---masterCatalogs","bindingPath":{"path":"/Catalogs('0D7502D073D53A0F1700BE067B89AFF9')","propertyPath":"DESCRIPTION","modelName":"catalogModel"}},"wdio_ui5_key":"etmportal.ui.managecatalogs.view.MasterCatalogssap.m.Text{\"path\":\"/Catalogs('0D7502D073D53A0F1700BE067B89AFF9')\",\"propertyPath\":\"DESCRIPTION\",\"modelName\":\"catalogModel\"}"}]}
RESULT: undefined
COMMAND: POST /session/93f43bcbd844a5d98eb964b157ec9441/element - {"using":"xpath","value":"//*[@id=\"__text685-application-managecatalogs-display-component---masterCatalogs--CatalogsTable-11\"]"}
RESULT: {"using":"xpath","value":"//*[@id=\"__text685-application-managecatalogs-display-component---masterCatalogs--CatalogsTable-11\"]"}
COMMAND: POST /session/93f43bcbd844a5d98eb964b157ec9441/element/f.0C3632C05FD2F0739639ED0A0E4218C8.d.79F89B7F1C591BDB2890C5FE43B60D18.e.9128/click - {}
RESULT: {}
RESULT: undefined
COMMAND: POST /session/93f43bcbd844a5d98eb964b157ec9441/execute/async - {"script":"<script> [776 bytes]","args":[{"enterText":"catalogItemlh8mri","selector":{"id":"application-managecatalogs-display-component---masterCatalogItems--searchItemsField","interaction":{"idSuffix":"I"}},"clearTextFirst":true,"interactionType":"ENTER_TEXT"}]}
COMMAND: GET /session/93f43bcbd844a5d98eb964b157ec9441/screenshot - {}
RESULT: {"script":"<script> [776 bytes]","args":[{"enterText":"catalogItemlh8mri","selector":{"id":"application-managecatalogs-display-component---masterCatalogItems--searchItemsField","interaction":{"idSuffix":"I"}},"clearTextFirst":true,"interactionType":"ENTER_TEXT"}]}
COMMAND: POST /session/93f43bcbd844a5d98eb964b157ec9441/actions - {"actions":[{"id":"action58","type":"key","parameters":{},"actions":[{"type":"keyDown","value":"î€‡"},{"type":"pause","duration":10},{"type":"keyUp","value":"î€‡"}]}]}
RESULT: {}
RESULT: {"actions":[{"id":"action58","type":"key","parameters":{},"actions":[{"type":"keyDown","value":"î€‡"},{"type":"pause","duration":10},{"type":"keyUp","value":"î€‡"}]}]}
COMMAND: POST /session/93f43bcbd844a5d98eb964b157ec9441/element - {"using":"xpath","value":"(//span[contains(text(), \"catalogItemlh8mri\")])[1]"}
COMMAND: GET /session/93f43bcbd844a5d98eb964b157ec9441/screenshot - {}
RESULT: {"using":"xpath","value":"(//span[contains(text(), \"catalogItemlh8mri\")])[1]"}
COMMAND: POST /session/93f43bcbd844a5d98eb964b157ec9441/element/f.0C3632C05FD2F0739639ED0A0E4218C8.d.79F89B7F1C591BDB2890C5FE43B60D18.e.9166/click - {}
RESULT: {}
RESULT: {}
COMMAND: GET /session/93f43bcbd844a5d98eb964b157ec9441/screenshot - {}
RESULT: {}
COMMAND: POST /session/93f43bcbd844a5d98eb964b157ec9441/element - {"using":"xpath","value":"//*[contains(@id ,\"BDI-content\")][contains(text(), \"Edit\")]"}
RESULT: {"using":"xpath","value":"//*[contains(@id ,\"BDI-content\")][contains(text(), \"Edit\")]"}
COMMAND: POST /session/93f43bcbd844a5d98eb964b157ec9441/element/f.0C3632C05FD2F0739639ED0A0E4218C8.d.79F89B7F1C591BDB2890C5FE43B60D18.e.9244/click - {}
RESULT: {}
COMMAND: GET /session/93f43bcbd844a5d98eb964b157ec9441/screenshot - {}
RESULT: {}
COMMAND: POST /session/93f43bcbd844a5d98eb964b157ec9441/element - {"using":"xpath","value":"//bdi[contains(text(), \"Assigned Resources\")]"}
RESULT: {"using":"xpath","value":"//bdi[contains(text(), \"Assigned Resources\")]"}
COMMAND: POST /session/93f43bcbd844a5d98eb964b157ec9441/element/f.0C3632C05FD2F0739639ED0A0E4218C8.d.79F89B7F1C591BDB2890C5FE43B60D18.e.9270/click - {}
RESULT: {}
COMMAND: GET /session/93f43bcbd844a5d98eb964b157ec9441/screenshot - {}
RESULT: {}
COMMAND: POST /session/93f43bcbd844a5d98eb964b157ec9441/element - {"using":"xpath","value":"//button[contains(@data-kt ,\"catalogItemAssignRuButton\")]"}
RESULT: {"using":"xpath","value":"//button[contains(@data-kt ,\"catalogItemAssignRuButton\")]"}
COMMAND: POST /session/93f43bcbd844a5d98eb964b157ec9441/element/f.0C3632C05FD2F0739639ED0A0E4218C8.d.79F89B7F1C591BDB2890C5FE43B60D18.e.9278/click - {}
RESULT: {}
COMMAND: GET /session/93f43bcbd844a5d98eb964b157ec9441/screenshot - {}
RESULT: {}
COMMAND: POST /session/93f43bcbd844a5d98eb964b157ec9441/actions - {"actions":[{"id":"action59","type":"key","parameters":{},"actions":[{"type":"keyDown","value":"î€‡"},{"type":"pause","duration":10},{"type":"keyUp","value":"î€‡"}]}]}
RESULT: {"actions":[{"id":"action59","type":"key","parameters":{},"actions":[{"type":"keyDown","value":"î€‡"},{"type":"pause","duration":10},{"type":"keyUp","value":"î€‡"}]}]}
COMMAND: GET /session/93f43bcbd844a5d98eb964b157ec9441/screenshot - {}
RESULT: {}
COMMAND: POST /session/93f43bcbd844a5d98eb964b157ec9441/execute/async - {"script":"<script> [1562 bytes]","args":[{"selector":{"id":"application-managecatalogs-display-component---detailCatalog--assignRUSearchField-vhi","searchOpenDialogs":true},"wdio_ui5_key":"applicationmanagecatalogs-display-component---detailCatalog--assignRUSearchField-vhi"}]}
RESULT: {"script":"<script> [1562 bytes]","args":[{"selector":{"id":"application-managecatalogs-display-component---detailCatalog--assignRUSearchField-vhi","searchOpenDialogs":true},"wdio_ui5_key":"applicationmanagecatalogs-display-component---detailCatalog--assignRUSearchField-vhi"}]}
RESULT: undefined
COMMAND: POST /session/93f43bcbd844a5d98eb964b157ec9441/element - {"using":"xpath","value":"//*[@id=\"application-managecatalogs-display-component---detailCatalog--assignRUSearchField-vhi\"]"}
RESULT: {"using":"xpath","value":"//*[@id=\"application-managecatalogs-display-component---detailCatalog--assignRUSearchField-vhi\"]"}
COMMAND: POST /session/93f43bcbd844a5d98eb964b157ec9441/element/f.0C3632C05FD2F0739639ED0A0E4218C8.d.79F89B7F1C591BDB2890C5FE43B60D18.e.9296/click - {}
RESULT: {}
COMMAND: GET /session/93f43bcbd844a5d98eb964b157ec9441/screenshot - {}
RESULT: {}
COMMAND: POST /session/93f43bcbd844a5d98eb964b157ec9441/element - {"using":"xpath","value":"//input[contains(@id ,\"searchField-I\")]"}
RESULT: {"using":"xpath","value":"//input[contains(@id ,\"searchField-I\")]"}
COMMAND: POST /session/93f43bcbd844a5d98eb964b157ec9441/element/f.0C3632C05FD2F0739639ED0A0E4218C8.d.79F89B7F1C591BDB2890C5FE43B60D18.e.9298/clear - {}
RESULT: {}
COMMAND: POST /session/93f43bcbd844a5d98eb964b157ec9441/element/f.0C3632C05FD2F0739639ED0A0E4218C8.d.79F89B7F1C591BDB2890C5FE43B60D18.e.9298/value - {"text":"WebdriverRUR2C3pbgj"}
COMMAND: GET /session/93f43bcbd844a5d98eb964b157ec9441/screenshot - {}
RESULT: {"text":"WebdriverRUR2C3pbgj"}
COMMAND: GET /session/93f43bcbd844a5d98eb964b157ec9441/screenshot - {}
RESULT: {}
RESULT: {}
COMMAND: POST /session/93f43bcbd844a5d98eb964b157ec9441/actions - {"actions":[{"id":"action60","type":"key","parameters":{},"actions":[{"type":"keyDown","value":"î€‡"},{"type":"pause","duration":10},{"type":"keyUp","value":"î€‡"}]}]}
RESULT: {"actions":[{"id":"action60","type":"key","parameters":{},"actions":[{"type":"keyDown","value":"î€‡"},{"type":"pause","duration":10},{"type":"keyUp","value":"î€‡"}]}]}
COMMAND: GET /session/93f43bcbd844a5d98eb964b157ec9441/screenshot - {}
RESULT: {}
COMMAND: POST /session/93f43bcbd844a5d98eb964b157ec9441/actions - {"actions":[{"id":"action61","type":"key","parameters":{},"actions":[{"type":"keyDown","value":"î€„"},{"type":"pause","duration":10},{"type":"keyUp","value":"î€„"}]}]}
RESULT: {"actions":[{"id":"action61","type":"key","parameters":{},"actions":[{"type":"keyDown","value":"î€„"},{"type":"pause","duration":10},{"type":"keyUp","value":"î€„"}]}]}
COMMAND: GET /session/93f43bcbd844a5d98eb964b157ec9441/screenshot - {}
RESULT: {}
COMMAND: POST /session/93f43bcbd844a5d98eb964b157ec9441/actions - {"actions":[{"id":"action62","type":"key","parameters":{},"actions":[{"type":"keyDown","value":"î€‡"},{"type":"pause","duration":10},{"type":"keyUp","value":"î€‡"}]}]}
RESULT: {"actions":[{"id":"action62","type":"key","parameters":{},"actions":[{"type":"keyDown","value":"î€‡"},{"type":"pause","duration":10},{"type":"keyUp","value":"î€‡"}]}]}
COMMAND: GET /session/93f43bcbd844a5d98eb964b157ec9441/screenshot - {}
RESULT: {}
COMMAND: POST /session/93f43bcbd844a5d98eb964b157ec9441/element - {"using":"xpath","value":"//bdi[contains(@id ,\"application-managecatalogs-display-component---detailCatalog--RUAssignmentSaveButton-BDI-content\")]"}
RESULT: {"using":"xpath","value":"//bdi[contains(@id ,\"application-managecatalogs-display-component---detailCatalog--RUAssignmentSaveButton-BDI-content\")]"}
COMMAND: POST /session/93f43bcbd844a5d98eb964b157ec9441/element/f.0C3632C05FD2F0739639ED0A0E4218C8.d.79F89B7F1C591BDB2890C5FE43B60D18.e.9329/click - {}
RESULT: {}
COMMAND: GET /session/93f43bcbd844a5d98eb964b157ec9441/screenshot - {}
RESULT: {}
COMMAND: POST /session/93f43bcbd844a5d98eb964b157ec9441/element - {"using":"xpath","value":"//bdi[contains(text(), \"Save\")]"}
RESULT: {"using":"xpath","value":"//bdi[contains(text(), \"Save\")]"}
COMMAND: POST /session/93f43bcbd844a5d98eb964b157ec9441/element/f.0C3632C05FD2F0739639ED0A0E4218C8.d.79F89B7F1C591BDB2890C5FE43B60D18.e.9353/click - {}
RESULT: {}
COMMAND: GET /session/93f43bcbd844a5d98eb964b157ec9441/screenshot - {}
RESULT: {}
COMMAND: POST /session/93f43bcbd844a5d98eb964b157ec9441/element - {"using":"css selector","value":"#shell-header-logo"}
RESULT: {"using":"css selector","value":"#shell-header-logo"}
COMMAND: POST /session/93f43bcbd844a5d98eb964b157ec9441/element/f.0C3632C05FD2F0739639ED0A0E4218C8.d.79F89B7F1C591BDB2890C5FE43B60D18.e.9062/click - {}
RESULT: {}
COMMAND: GET /session/93f43bcbd844a5d98eb964b157ec9441/screenshot - {}
RESULT: {}
COMMAND: POST /session/93f43bcbd844a5d98eb964b157ec9441/refresh - {}
RESULT: {}
COMMAND: GET /session/93f43bcbd844a5d98eb964b157ec9441/screenshot - {}
RESULT: {}
COMMAND: POST /session/93f43bcbd844a5d98eb964b157ec9441/execute/async - {"script":"<script> [189 bytes]","args":[]}
RESULT: {"script":"<script> [189 bytes]","args":[]}
COMMAND: POST /session/93f43bcbd844a5d98eb964b157ec9441/execute/async - {"script":"<script> [123 bytes]","args":[]}
RESULT: {"script":"<script> [123 bytes]","args":[]}
COMMAND: POST /session/93f43bcbd844a5d98eb964b157ec9441/timeouts - {"script":"<number>"}
RESULT: {"script":"<number>"}
COMMAND: GET /session/93f43bcbd844a5d98eb964b157ec9441/timeouts - {}
RESULT: {}
RESULT: undefined
COMMAND: POST /session/93f43bcbd844a5d98eb964b157ec9441/execute/async - {"script":"<script> [2676 bytes]","args":[]}
RESULT: {"script":"<script> [2676 bytes]","args":[]}
COMMAND: POST /session/93f43bcbd844a5d98eb964b157ec9441/execute/async - {"script":"<script> [2342 bytes]","args":[{"protocol":"http","hostname":"0.0.0.0","path":"/","capabilities":{"browserName":"chrome","goog:chromeOptions":{"binary":"C:\\Program Files\\Google\\Chrome\\Application\\chrome.exe","args":["--start-maximized"]}},"logLevel":"warn","connectionRetryTimeout":120000,"connectionRetryCount":3,"logLevels":{},"enableDirectConnect":true,"strictSSL":true,"_":"65 more keys: [\"cacheDir\",\"port\",\"requestedCapabilities\",\"automationProtocol\",\"baseUrl\",\"waitforInterval\",\"waitforTimeout\",\"onReload\",\"beforeCommand\",\"afterCommand\",\"rootDir\",\"specs\",\"suites\",\"exclude\",\"groupLogsByTestSpec\",\"excludeDriverLogs\",\"bail\",\"framework\",\"reporters\",\"services\",\"maxInstances\",\"maxInstancesPerCapability\",\"injectGlobals\",\"filesToWatch\",\"execArgv\",\"runnerEnv\",\"runner\",\"shard\",\"specFileRetries\",\"specFileRetriesDelay\",\"specFileRetriesDeferred\",\"reporterSyncInterval\",\"reporterSyncTimeout\",\"cucumberFeaturesWithLineNumbers\",\"autoCompileOpts\",\"mochaOpts\",\"jasmineOpts\",\"cucumberOpts\",\"onPrepare\",\"onWorkerStart\",\"onWorkerEnd\",\"before\",\"beforeSession\",\"beforeSuite\",\"beforeHook\",\"beforeTest\",\"afterTest\",\"afterHook\",\"afterSuite\",\"afterSession\",\"after\",\"onComplete\",\"beforeAssertion\",\"afterAssertion\",\"beforeFeature\",\"beforeScenario\",\"beforeStep\",\"afterStep\",\"afterScenario\",\"afterFeature\",\"_\",\"suite\",\"$0\",\"ignoredWorkerServices\",\"wdi5\"]"}]}
RESULT: {"script":"<script> [2342 bytes]","args":[{"protocol":"http","hostname":"0.0.0.0","path":"/","capabilities":{"browserName":"chrome","goog:chromeOptions":{"binary":"C:\\Program Files\\Google\\Chrome\\Application\\chrome.exe","args":["--start-maximized"]}},"logLevel":"warn","connectionRetryTimeout":120000,"connectionRetryCount":3,"logLevels":{},"enableDirectConnect":true,"strictSSL":true,"_":"65 more keys: [\"cacheDir\",\"port\",\"requestedCapabilities\",\"automationProtocol\",\"baseUrl\",\"waitforInterval\",\"waitforTimeout\",\"onReload\",\"beforeCommand\",\"afterCommand\",\"rootDir\",\"specs\",\"suites\",\"exclude\",\"groupLogsByTestSpec\",\"excludeDriverLogs\",\"bail\",\"framework\",\"reporters\",\"services\",\"maxInstances\",\"maxInstancesPerCapability\",\"injectGlobals\",\"filesToWatch\",\"execArgv\",\"runnerEnv\",\"runner\",\"shard\",\"specFileRetries\",\"specFileRetriesDelay\",\"specFileRetriesDeferred\",\"reporterSyncInterval\",\"reporterSyncTimeout\",\"cucumberFeaturesWithLineNumbers\",\"autoCompileOpts\",\"mochaOpts\",\"jasmineOpts\",\"cucumberOpts\",\"onPrepare\",\"onWorkerStart\",\"onWorkerEnd\",\"before\",\"beforeSession\",\"beforeSuite\",\"beforeHook\",\"beforeTest\",\"afterTest\",\"afterHook\",\"afterSuite\",\"afterSession\",\"after\",\"onComplete\",\"beforeAssertion\",\"afterAssertion\",\"beforeFeature\",\"beforeScenario\",\"beforeStep\",\"afterStep\",\"afterScenario\",\"afterFeature\",\"_\",\"suite\",\"$0\",\"ignoredWorkerServices\",\"wdi5\"]"}]}
COMMAND: POST /session/93f43bcbd844a5d98eb964b157ec9441/execute/async - {"script":"<script> [21126 bytes]","args":[35000]}
RESULT: {"script":"<script> [21126 bytes]","args":[35000]}
]]></system-out>
    </testcase>
    <testcase classname="chrome.135_0_7049_96.windows.Reserve/Unreserve_request_item_via_reserve_option_US139161" name="Should create a new request with a catalog item that can be planned" time="159.914">
      <system-out><![CDATA[
COMMAND: POST /session/93f43bcbd844a5d98eb964b157ec9441/element - {"using":"xpath","value":"//*[contains(@href, 'etm.portal.ui.managerequests')]"}
RESULT: {"using":"xpath","value":"//*[contains(@href, 'etm.portal.ui.managerequests')]"}
COMMAND: POST /session/93f43bcbd844a5d98eb964b157ec9441/element/f.0C3632C05FD2F0739639ED0A0E4218C8.d.DA8A7846A9C10552F8C5C1FD65CB96CF.e.9399/click - {}
RESULT: {}
COMMAND: GET /session/93f43bcbd844a5d98eb964b157ec9441/screenshot - {}
RESULT: {}
COMMAND: POST /session/93f43bcbd844a5d98eb964b157ec9441/element - {"using":"xpath","value":"//button[contains(@data-kt ,\"btnCreateNewOverflowToolbarButton\")]"}
COMMAND: POST /session/93f43bcbd844a5d98eb964b157ec9441/element - {"using":"xpath","value":"(//span[contains(@class ,\"sapMObjStatusText\")])[1]"}
RESULT: {"using":"xpath","value":"//button[contains(@data-kt ,\"btnCreateNewOverflowToolbarButton\")]"}
COMMAND: POST /session/93f43bcbd844a5d98eb964b157ec9441/element/f.0C3632C05FD2F0739639ED0A0E4218C8.d.DA8A7846A9C10552F8C5C1FD65CB96CF.e.9457/click - {}
RESULT: {"using":"xpath","value":"(//span[contains(@class ,\"sapMObjStatusText\")])[1]"}
COMMAND: POST /session/93f43bcbd844a5d98eb964b157ec9441/execute/sync - {"script":"<script> [8489 bytes]","args":[{"element-6066-11e4-a52e-4f735466cecf":"f.0C3632C05FD2F0739639ED0A0E4218C8.d.DA8A7846A9C10552F8C5C1FD65CB96CF.e.9498","ELEMENT":"f.0C3632C05FD2F0739639ED0A0E4218C8.d.DA8A7846A9C10552F8C5C1FD65CB96CF.e.9498"}]}
RESULT: {}
COMMAND: GET /session/93f43bcbd844a5d98eb964b157ec9441/screenshot - {}
RESULT: {"script":"<script> [8489 bytes]","args":[{"element-6066-11e4-a52e-4f735466cecf":"f.0C3632C05FD2F0739639ED0A0E4218C8.d.DA8A7846A9C10552F8C5C1FD65CB96CF.e.9498","ELEMENT":"f.0C3632C05FD2F0739639ED0A0E4218C8.d.DA8A7846A9C10552F8C5C1FD65CB96CF.e.9498"}]}
COMMAND: GET /session/93f43bcbd844a5d98eb964b157ec9441/screenshot - {}
RESULT: {}
RESULT: {}
COMMAND: POST /session/93f43bcbd844a5d98eb964b157ec9441/element - {"using":"xpath","value":"//input[contains(@id ,\"yardId-inner\")]"}
RESULT: {"using":"xpath","value":"//input[contains(@id ,\"yardId-inner\")]"}
COMMAND: POST /session/93f43bcbd844a5d98eb964b157ec9441/execute/sync - {"script":"<script> [8489 bytes]","args":[{"element-6066-11e4-a52e-4f735466cecf":"f.0C3632C05FD2F0739639ED0A0E4218C8.d.DA8A7846A9C10552F8C5C1FD65CB96CF.e.9704","ELEMENT":"f.0C3632C05FD2F0739639ED0A0E4218C8.d.DA8A7846A9C10552F8C5C1FD65CB96CF.e.9704"}]}
RESULT: {"script":"<script> [8489 bytes]","args":[{"element-6066-11e4-a52e-4f735466cecf":"f.0C3632C05FD2F0739639ED0A0E4218C8.d.DA8A7846A9C10552F8C5C1FD65CB96CF.e.9704","ELEMENT":"f.0C3632C05FD2F0739639ED0A0E4218C8.d.DA8A7846A9C10552F8C5C1FD65CB96CF.e.9704"}]}
COMMAND: POST /session/93f43bcbd844a5d98eb964b157ec9441/element - {"using":"xpath","value":"//input[contains(@id ,\"yardId-inner\")]"}
COMMAND: GET /session/93f43bcbd844a5d98eb964b157ec9441/screenshot - {}
RESULT: {"using":"xpath","value":"//input[contains(@id ,\"yardId-inner\")]"}
COMMAND: GET /session/93f43bcbd844a5d98eb964b157ec9441/element/f.0C3632C05FD2F0739639ED0A0E4218C8.d.DA8A7846A9C10552F8C5C1FD65CB96CF.e.9704/enabled - {}
RESULT: {}
RESULT: {}
COMMAND: POST /session/93f43bcbd844a5d98eb964b157ec9441/element/f.0C3632C05FD2F0739639ED0A0E4218C8.d.DA8A7846A9C10552F8C5C1FD65CB96CF.e.9704/clear - {}
COMMAND: GET /session/93f43bcbd844a5d98eb964b157ec9441/screenshot - {}
RESULT: {}
COMMAND: POST /session/93f43bcbd844a5d98eb964b157ec9441/element/f.0C3632C05FD2F0739639ED0A0E4218C8.d.DA8A7846A9C10552F8C5C1FD65CB96CF.e.9704/value - {"text":"WebdriverYardsvnzc"}
COMMAND: GET /session/93f43bcbd844a5d98eb964b157ec9441/screenshot - {}
RESULT: {}
RESULT: {"text":"WebdriverYardsvnzc"}
COMMAND: GET /session/93f43bcbd844a5d98eb964b157ec9441/screenshot - {}
RESULT: {}
RESULT: {}
COMMAND: POST /session/93f43bcbd844a5d98eb964b157ec9441/element - {"using":"xpath","value":"//input[contains(@id ,\"customerNumber-inner\")]"}
RESULT: {"using":"xpath","value":"//input[contains(@id ,\"customerNumber-inner\")]"}
COMMAND: POST /session/93f43bcbd844a5d98eb964b157ec9441/element/f.0C3632C05FD2F0739639ED0A0E4218C8.d.DA8A7846A9C10552F8C5C1FD65CB96CF.e.9698/value - {"text":"WebdriverPartnerhbzzz"}
COMMAND: POST /session/93f43bcbd844a5d98eb964b157ec9441/actions - {"actions":[{"id":"action63","type":"key","parameters":{},"actions":[{"type":"keyDown","value":"î€‡"},{"type":"pause","duration":10},{"type":"keyUp","value":"î€‡"}]}]}
RESULT: {"actions":[{"id":"action63","type":"key","parameters":{},"actions":[{"type":"keyDown","value":"î€‡"},{"type":"pause","duration":10},{"type":"keyUp","value":"î€‡"}]}]}
COMMAND: GET /session/93f43bcbd844a5d98eb964b157ec9441/screenshot - {}
RESULT: {"text":"WebdriverPartnerhbzzz"}
COMMAND: GET /session/93f43bcbd844a5d98eb964b157ec9441/screenshot - {}
RESULT: {}
RESULT: {}
COMMAND: POST /session/93f43bcbd844a5d98eb964b157ec9441/actions - {"actions":[{"id":"action64","type":"key","parameters":{},"actions":[{"type":"keyDown","value":"î€‡"},{"type":"pause","duration":10},{"type":"keyUp","value":"î€‡"}]}]}
RESULT: {"actions":[{"id":"action64","type":"key","parameters":{},"actions":[{"type":"keyDown","value":"î€‡"},{"type":"pause","duration":10},{"type":"keyUp","value":"î€‡"}]}]}
COMMAND: GET /session/93f43bcbd844a5d98eb964b157ec9441/screenshot - {}
RESULT: {}
COMMAND: GET /session/93f43bcbd844a5d98eb964b157ec9441/element/f.0C3632C05FD2F0739639ED0A0E4218C8.d.DA8A7846A9C10552F8C5C1FD65CB96CF.e.9698/property/value - {}
RESULT: {}
COMMAND: GET /session/93f43bcbd844a5d98eb964b157ec9441/screenshot - {}
RESULT: {}
COMMAND: POST /session/93f43bcbd844a5d98eb964b157ec9441/element - {"using":"xpath","value":"//input[contains(@id ,\"requestSiteId-inner\")]"}
RESULT: {"using":"xpath","value":"//input[contains(@id ,\"requestSiteId-inner\")]"}
COMMAND: POST /session/93f43bcbd844a5d98eb964b157ec9441/element/f.0C3632C05FD2F0739639ED0A0E4218C8.d.DA8A7846A9C10552F8C5C1FD65CB96CF.e.9697/value - {"text":"WebdriverSiteasz2v"}
RESULT: {"text":"WebdriverSiteasz2v"}
COMMAND: GET /session/93f43bcbd844a5d98eb964b157ec9441/screenshot - {}
RESULT: {}
COMMAND: POST /session/93f43bcbd844a5d98eb964b157ec9441/actions - {"actions":[{"id":"action65","type":"key","parameters":{},"actions":[{"type":"keyDown","value":"î€‡"},{"type":"pause","duration":10},{"type":"keyUp","value":"î€‡"}]}]}
RESULT: {"actions":[{"id":"action65","type":"key","parameters":{},"actions":[{"type":"keyDown","value":"î€‡"},{"type":"pause","duration":10},{"type":"keyUp","value":"î€‡"}]}]}
COMMAND: GET /session/93f43bcbd844a5d98eb964b157ec9441/screenshot - {}
RESULT: {}
COMMAND: POST /session/93f43bcbd844a5d98eb964b157ec9441/element - {"using":"xpath","value":"//button[contains(@data-kt ,\"requestItemAddOverflowToolbarButton\")]"}
RESULT: {"using":"xpath","value":"//button[contains(@data-kt ,\"requestItemAddOverflowToolbarButton\")]"}
COMMAND: POST /session/93f43bcbd844a5d98eb964b157ec9441/element/f.0C3632C05FD2F0739639ED0A0E4218C8.d.DA8A7846A9C10552F8C5C1FD65CB96CF.e.9676/click - {}
RESULT: {}
COMMAND: GET /session/93f43bcbd844a5d98eb964b157ec9441/screenshot - {}
RESULT: {}
COMMAND: POST /session/93f43bcbd844a5d98eb964b157ec9441/actions - {"actions":[{"id":"action66","type":"key","parameters":{},"actions":[{"type":"keyDown","value":"î€•"},{"type":"pause","duration":10},{"type":"keyUp","value":"î€•"}]}]}
RESULT: {"actions":[{"id":"action66","type":"key","parameters":{},"actions":[{"type":"keyDown","value":"î€•"},{"type":"pause","duration":10},{"type":"keyUp","value":"î€•"}]}]}
COMMAND: POST /session/93f43bcbd844a5d98eb964b157ec9441/actions - {"actions":[{"id":"action67","type":"key","parameters":{},"actions":[{"type":"keyDown","value":"î€‡"},{"type":"pause","duration":10},{"type":"keyUp","value":"î€‡"}]}]}
COMMAND: GET /session/93f43bcbd844a5d98eb964b157ec9441/screenshot - {}
RESULT: {"actions":[{"id":"action67","type":"key","parameters":{},"actions":[{"type":"keyDown","value":"î€‡"},{"type":"pause","duration":10},{"type":"keyUp","value":"î€‡"}]}]}
COMMAND: POST /session/93f43bcbd844a5d98eb964b157ec9441/element - {"using":"xpath","value":"(//input[contains(@id ,\"requestItemsTable-0-inner\")])[1]"}
COMMAND: GET /session/93f43bcbd844a5d98eb964b157ec9441/screenshot - {}
RESULT: {}
RESULT: {"using":"xpath","value":"(//input[contains(@id ,\"requestItemsTable-0-inner\")])[1]"}
COMMAND: POST /session/93f43bcbd844a5d98eb964b157ec9441/element/f.0C3632C05FD2F0739639ED0A0E4218C8.d.DA8A7846A9C10552F8C5C1FD65CB96CF.e.9856/clear - {}
RESULT: {}
RESULT: {}
COMMAND: POST /session/93f43bcbd844a5d98eb964b157ec9441/element/f.0C3632C05FD2F0739639ED0A0E4218C8.d.DA8A7846A9C10552F8C5C1FD65CB96CF.e.9856/value - {"text":"catalogItemlh8mri"}
COMMAND: GET /session/93f43bcbd844a5d98eb964b157ec9441/screenshot - {}
RESULT: {"text":"catalogItemlh8mri"}
COMMAND: GET /session/93f43bcbd844a5d98eb964b157ec9441/screenshot - {}
RESULT: {}
RESULT: {}
COMMAND: POST /session/93f43bcbd844a5d98eb964b157ec9441/actions - {"actions":[{"id":"action68","type":"key","parameters":{},"actions":[{"type":"keyDown","value":"î€‡"},{"type":"pause","duration":10},{"type":"keyUp","value":"î€‡"}]}]}
RESULT: {"actions":[{"id":"action68","type":"key","parameters":{},"actions":[{"type":"keyDown","value":"î€‡"},{"type":"pause","duration":10},{"type":"keyUp","value":"î€‡"}]}]}
COMMAND: GET /session/93f43bcbd844a5d98eb964b157ec9441/screenshot - {}
RESULT: {}
COMMAND: POST /session/93f43bcbd844a5d98eb964b157ec9441/execute/async - {"script":"<script> [1562 bytes]","args":[{"selector":{"controlType":"sap.ui.core.Icon","viewName":"etm.portal.ui.managerequests.view.NewRequest","properties":{"src":{"regex":{"source":"slim\\-arrow\\-down"}}},"ancestor":{"controlType":"sap.m.Button","viewName":"etm.portal.ui.managerequests.view.NewRequest","properties":{"icon":"sap-icon://slim-arrow-down"}}},"wdio_ui5_key":"etmportal.ui.managerequests.view.NewRequestsap.ui.core.Icon{\"src\":{\"regex\":{\"source\":\"slim\\\\-arrow\\\\-down\"}}}{\"controlType\":\"sap.m.Button\",\"viewName\":\"etm.portal.ui.managerequests.view.NewRequest\",\"properties\":{\"icon\":\"sap-icon://slim-arrow-down\"}}"}]}
RESULT: {"script":"<script> [1562 bytes]","args":[{"selector":{"controlType":"sap.ui.core.Icon","viewName":"etm.portal.ui.managerequests.view.NewRequest","properties":{"src":{"regex":{"source":"slim\\-arrow\\-down"}}},"ancestor":{"controlType":"sap.m.Button","viewName":"etm.portal.ui.managerequests.view.NewRequest","properties":{"icon":"sap-icon://slim-arrow-down"}}},"wdio_ui5_key":"etmportal.ui.managerequests.view.NewRequestsap.ui.core.Icon{\"src\":{\"regex\":{\"source\":\"slim\\\\-arrow\\\\-down\"}}}{\"controlType\":\"sap.m.Button\",\"viewName\":\"etm.portal.ui.managerequests.view.NewRequest\",\"properties\":{\"icon\":\"sap-icon://slim-arrow-down\"}}"}]}
RESULT: undefined
COMMAND: POST /session/93f43bcbd844a5d98eb964b157ec9441/element - {"using":"xpath","value":"//div[contains(@data-kt ,\"splitAllocationObjectStatus\")]"}
RESULT: {"using":"xpath","value":"//div[contains(@data-kt ,\"splitAllocationObjectStatus\")]"}
COMMAND: POST /session/93f43bcbd844a5d98eb964b157ec9441/elements - {"using":"xpath","value":"//div[contains(@data-kt ,\"splitAllocationObjectStatus\")]"}
RESULT: {"using":"xpath","value":"//div[contains(@data-kt ,\"splitAllocationObjectStatus\")]"}
COMMAND: POST /session/93f43bcbd844a5d98eb964b157ec9441/execute/async - {"script":"<script> [1562 bytes]","args":[{"selector":{"controlType":"sap.ui.core.Icon","viewName":"etm.portal.ui.managerequests.view.NewRequest","properties":{"src":{"regex":{"source":"message\\-error"}}}},"wdio_ui5_key":"etmportal.ui.managerequests.view.NewRequestsap.ui.core.Icon{\"src\":{\"regex\":{\"source\":\"message\\\\-error\"}}}"}]}
RESULT: {"script":"<script> [1562 bytes]","args":[{"selector":{"controlType":"sap.ui.core.Icon","viewName":"etm.portal.ui.managerequests.view.NewRequest","properties":{"src":{"regex":{"source":"message\\-error"}}}},"wdio_ui5_key":"etmportal.ui.managerequests.view.NewRequestsap.ui.core.Icon{\"src\":{\"regex\":{\"source\":\"message\\\\-error\"}}}"}]}
RESULT: undefined
COMMAND: POST /session/93f43bcbd844a5d98eb964b157ec9441/element - {"using":"xpath","value":"//*[@id=\"__status4-__xmlview59--requestItemsTable-0-icon\"]"}
RESULT: {"using":"xpath","value":"//*[@id=\"__status4-__xmlview59--requestItemsTable-0-icon\"]"}
COMMAND: POST /session/93f43bcbd844a5d98eb964b157ec9441/element/f.0C3632C05FD2F0739639ED0A0E4218C8.d.DA8A7846A9C10552F8C5C1FD65CB96CF.e.9871/click - {}
RESULT: {}
COMMAND: POST /session/93f43bcbd844a5d98eb964b157ec9441/execute/async - {"script":"<script> [1562 bytes]","args":[{"selector":{"controlType":"sap.ui.core.Icon","viewName":"etm.portal.ui.managerequests.view.NewRequest","properties":{"src":{"regex":{"source":"slim\\-arrow\\-down"}}},"searchOpenDialogs":true,"ancestor":{"id":"costObjectAdminTypeComboBox","viewName":"etm.portal.ui.managerequests.view.NewRequest","searchOpenDialogs":true}},"wdio_ui5_key":"etmportal.ui.managerequests.view.NewRequestsap.ui.core.Icon{\"src\":{\"regex\":{\"source\":\"slim\\\\-arrow\\\\-down\"}}}{\"id\":\"costObjectAdminTypeComboBox\",\"viewName\":\"etm.portal.ui.managerequests.view.NewRequest\",\"searchOpenDialogs\":true}"}]}
COMMAND: GET /session/93f43bcbd844a5d98eb964b157ec9441/screenshot - {}
RESULT: {"script":"<script> [1562 bytes]","args":[{"selector":{"controlType":"sap.ui.core.Icon","viewName":"etm.portal.ui.managerequests.view.NewRequest","properties":{"src":{"regex":{"source":"slim\\-arrow\\-down"}}},"searchOpenDialogs":true,"ancestor":{"id":"costObjectAdminTypeComboBox","viewName":"etm.portal.ui.managerequests.view.NewRequest","searchOpenDialogs":true}},"wdio_ui5_key":"etmportal.ui.managerequests.view.NewRequestsap.ui.core.Icon{\"src\":{\"regex\":{\"source\":\"slim\\\\-arrow\\\\-down\"}}}{\"id\":\"costObjectAdminTypeComboBox\",\"viewName\":\"etm.portal.ui.managerequests.view.NewRequest\",\"searchOpenDialogs\":true}"}]}
RESULT: undefined
COMMAND: POST /session/93f43bcbd844a5d98eb964b157ec9441/element - {"using":"xpath","value":"//*[@id=\"__xmlview59--costObjectAdminTypeComboBox-arrow\"]"}
RESULT: {}
RESULT: {"using":"xpath","value":"//*[@id=\"__xmlview59--costObjectAdminTypeComboBox-arrow\"]"}
COMMAND: POST /session/93f43bcbd844a5d98eb964b157ec9441/element/f.0C3632C05FD2F0739639ED0A0E4218C8.d.DA8A7846A9C10552F8C5C1FD65CB96CF.e.9876/click - {}
RESULT: {}
COMMAND: POST /session/93f43bcbd844a5d98eb964b157ec9441/execute/async - {"script":"<script> [1562 bytes]","args":[{"selector":{"controlType":"sap.m.StandardListItem","viewName":"etm.portal.ui.managerequests.view.NewRequest","properties":{"title":"Cost Center"},"searchOpenDialogs":true,"interaction":{"idSuffix":"titleText"}},"wdio_ui5_key":"etmportal.ui.managerequests.view.NewRequestsap.m.StandardListItem{\"title\":\"Cost Center\"}"}]}
COMMAND: GET /session/93f43bcbd844a5d98eb964b157ec9441/screenshot - {}
RESULT: {"script":"<script> [1562 bytes]","args":[{"selector":{"controlType":"sap.m.StandardListItem","viewName":"etm.portal.ui.managerequests.view.NewRequest","properties":{"title":"Cost Center"},"searchOpenDialogs":true,"interaction":{"idSuffix":"titleText"}},"wdio_ui5_key":"etmportal.ui.managerequests.view.NewRequestsap.m.StandardListItem{\"title\":\"Cost Center\"}"}]}
RESULT: undefined
COMMAND: POST /session/93f43bcbd844a5d98eb964b157ec9441/element - {"using":"xpath","value":"//*[@id=\"__item517\"]"}
RESULT: {}
RESULT: {"using":"xpath","value":"//*[@id=\"__item517\"]"}
COMMAND: POST /session/93f43bcbd844a5d98eb964b157ec9441/element/f.0C3632C05FD2F0739639ED0A0E4218C8.d.DA8A7846A9C10552F8C5C1FD65CB96CF.e.9879/click - {}
RESULT: {}
COMMAND: GET /session/93f43bcbd844a5d98eb964b157ec9441/screenshot - {}
RESULT: {}
COMMAND: POST /session/93f43bcbd844a5d98eb964b157ec9441/execute/async - {"script":"<script> [1562 bytes]","args":[{"selector":{"controlType":"sap.ui.core.Icon","viewName":"etm.portal.ui.managerequests.view.NewRequest","properties":{"src":{"regex":{"source":"value\\-help"}}},"searchOpenDialogs":true},"wdio_ui5_key":"etmportal.ui.managerequests.view.NewRequestsap.ui.core.Icon{\"src\":{\"regex\":{\"source\":\"value\\\\-help\"}}}"}]}
RESULT: {"script":"<script> [1562 bytes]","args":[{"selector":{"controlType":"sap.ui.core.Icon","viewName":"etm.portal.ui.managerequests.view.NewRequest","properties":{"src":{"regex":{"source":"value\\-help"}}},"searchOpenDialogs":true},"wdio_ui5_key":"etmportal.ui.managerequests.view.NewRequestsap.ui.core.Icon{\"src\":{\"regex\":{\"source\":\"value\\\\-help\"}}}"}]}
RESULT: undefined
COMMAND: POST /session/93f43bcbd844a5d98eb964b157ec9441/element - {"using":"xpath","value":"//*[@id=\"__xmlview59--costObjectIdComboBox-vhi\"]"}
RESULT: {"using":"xpath","value":"//*[@id=\"__xmlview59--costObjectIdComboBox-vhi\"]"}
COMMAND: POST /session/93f43bcbd844a5d98eb964b157ec9441/element/f.0C3632C05FD2F0739639ED0A0E4218C8.d.DA8A7846A9C10552F8C5C1FD65CB96CF.e.9886/click - {}
RESULT: {}
COMMAND: POST /session/93f43bcbd844a5d98eb964b157ec9441/execute/async - {"script":"<script> [1562 bytes]","args":[{"selector":{"controlType":"sap.m.SearchField","properties":{"placeholder":"Search"},"searchOpenDialogs":true,"interaction":{"idSuffix":"I"}},"wdio_ui5_key":"sapm.SearchField{\"placeholder\":\"Search\"}"}]}
COMMAND: GET /session/93f43bcbd844a5d98eb964b157ec9441/screenshot - {}
RESULT: {"script":"<script> [1562 bytes]","args":[{"selector":{"controlType":"sap.m.SearchField","properties":{"placeholder":"Search"},"searchOpenDialogs":true,"interaction":{"idSuffix":"I"}},"wdio_ui5_key":"sapm.SearchField{\"placeholder\":\"Search\"}"}]}
RESULT: undefined
COMMAND: POST /session/93f43bcbd844a5d98eb964b157ec9441/execute/async - {"script":"<script> [776 bytes]","args":[{"enterText":"10001010","selector":{"controlType":"sap.m.SearchField","properties":{"placeholder":"Search"},"searchOpenDialogs":true,"interaction":{"idSuffix":"I"}},"clearTextFirst":true,"interactionType":"ENTER_TEXT"}]}
RESULT: {}
RESULT: {"script":"<script> [776 bytes]","args":[{"enterText":"10001010","selector":{"controlType":"sap.m.SearchField","properties":{"placeholder":"Search"},"searchOpenDialogs":true,"interaction":{"idSuffix":"I"}},"clearTextFirst":true,"interactionType":"ENTER_TEXT"}]}
COMMAND: POST /session/93f43bcbd844a5d98eb964b157ec9441/actions - {"actions":[{"id":"action69","type":"key","parameters":{},"actions":[{"type":"keyDown","value":"î€‡"},{"type":"pause","duration":10},{"type":"keyUp","value":"î€‡"}]}]}
RESULT: {"actions":[{"id":"action69","type":"key","parameters":{},"actions":[{"type":"keyDown","value":"î€‡"},{"type":"pause","duration":10},{"type":"keyUp","value":"î€‡"}]}]}
COMMAND: GET /session/93f43bcbd844a5d98eb964b157ec9441/screenshot - {}
RESULT: {}
COMMAND: POST /session/93f43bcbd844a5d98eb964b157ec9441/execute/async - {"script":"<script> [1562 bytes]","args":[{"selector":{"controlType":"sap.m.Text","bindingPath":{"path":"/C_CostCtrValueHelp(CostCenter='10001010',ControllingArea='Z001')","propertyPath":"CostCenterName","modelName":"CostCenterModel"},"searchOpenDialogs":true},"wdio_ui5_key":"sapm.Text{\"path\":\"/C_CostCtrValueHelp(CostCenter='10001010',ControllingArea='Z001')\",\"propertyPath\":\"CostCenterName\",\"modelName\":\"CostCenterModel\"}"}]}
RESULT: {"script":"<script> [1562 bytes]","args":[{"selector":{"controlType":"sap.m.Text","bindingPath":{"path":"/C_CostCtrValueHelp(CostCenter='10001010',ControllingArea='Z001')","propertyPath":"CostCenterName","modelName":"CostCenterModel"},"searchOpenDialogs":true},"wdio_ui5_key":"sapm.Text{\"path\":\"/C_CostCtrValueHelp(CostCenter='10001010',ControllingArea='Z001')\",\"propertyPath\":\"CostCenterName\",\"modelName\":\"CostCenterModel\"}"}]}
RESULT: undefined
COMMAND: POST /session/93f43bcbd844a5d98eb964b157ec9441/element - {"using":"xpath","value":"//*[@id=\"__text291-__clone659\"]"}
RESULT: {"using":"xpath","value":"//*[@id=\"__text291-__clone659\"]"}
COMMAND: POST /session/93f43bcbd844a5d98eb964b157ec9441/element/f.0C3632C05FD2F0739639ED0A0E4218C8.d.DA8A7846A9C10552F8C5C1FD65CB96CF.e.9927/click - {}
RESULT: {}
COMMAND: POST /session/93f43bcbd844a5d98eb964b157ec9441/execute/async - {"script":"<script> [1562 bytes]","args":[{"selector":{"controlType":"sap.m.Button","properties":{"text":"OK"},"searchOpenDialogs":true,"interaction":{"idSuffix":"BDI-content"}},"wdio_ui5_key":"sapm.Button{\"text\":\"OK\"}"}]}
COMMAND: GET /session/93f43bcbd844a5d98eb964b157ec9441/screenshot - {}
RESULT: {"script":"<script> [1562 bytes]","args":[{"selector":{"controlType":"sap.m.Button","properties":{"text":"OK"},"searchOpenDialogs":true,"interaction":{"idSuffix":"BDI-content"}},"wdio_ui5_key":"sapm.Button{\"text\":\"OK\"}"}]}
RESULT: undefined
COMMAND: POST /session/93f43bcbd844a5d98eb964b157ec9441/element - {"using":"xpath","value":"//*[@id=\"__dialog1-ok\"]"}
RESULT: {}
RESULT: {"using":"xpath","value":"//*[@id=\"__dialog1-ok\"]"}
COMMAND: POST /session/93f43bcbd844a5d98eb964b157ec9441/element/f.0C3632C05FD2F0739639ED0A0E4218C8.d.DA8A7846A9C10552F8C5C1FD65CB96CF.e.9929/click - {}
RESULT: {}
COMMAND: GET /session/93f43bcbd844a5d98eb964b157ec9441/screenshot - {}
RESULT: {}
COMMAND: POST /session/93f43bcbd844a5d98eb964b157ec9441/execute/async - {"script":"<script> [1562 bytes]","args":[{"selector":{"controlType":"sap.m.Button","viewName":"etm.portal.ui.managerequests.view.NewRequest","i18NText":{"propertyName":"text","key":"save"},"searchOpenDialogs":true,"interaction":{"idSuffix":"BDI-content"}},"wdio_ui5_key":"etmportal.ui.managerequests.view.NewRequestsap.m.Button{\"propertyName\":\"text\",\"key\":\"save\"}"}]}
RESULT: {"script":"<script> [1562 bytes]","args":[{"selector":{"controlType":"sap.m.Button","viewName":"etm.portal.ui.managerequests.view.NewRequest","i18NText":{"propertyName":"text","key":"save"},"searchOpenDialogs":true,"interaction":{"idSuffix":"BDI-content"}},"wdio_ui5_key":"etmportal.ui.managerequests.view.NewRequestsap.m.Button{\"propertyName\":\"text\",\"key\":\"save\"}"}]}
RESULT: undefined
COMMAND: POST /session/93f43bcbd844a5d98eb964b157ec9441/element - {"using":"xpath","value":"//*[@id=\"__button24\"]"}
RESULT: {"using":"xpath","value":"//*[@id=\"__button24\"]"}
COMMAND: POST /session/93f43bcbd844a5d98eb964b157ec9441/element/f.0C3632C05FD2F0739639ED0A0E4218C8.d.DA8A7846A9C10552F8C5C1FD65CB96CF.e.9933/click - {}
RESULT: {}
COMMAND: GET /session/93f43bcbd844a5d98eb964b157ec9441/screenshot - {}
RESULT: {}
COMMAND: POST /session/93f43bcbd844a5d98eb964b157ec9441/element - {"using":"xpath","value":"(//bdi[contains(text() ,\"Save\")])[1]"}
RESULT: {"using":"xpath","value":"(//bdi[contains(text() ,\"Save\")])[1]"}
COMMAND: POST /session/93f43bcbd844a5d98eb964b157ec9441/element/f.0C3632C05FD2F0739639ED0A0E4218C8.d.DA8A7846A9C10552F8C5C1FD65CB96CF.e.9935/click - {}
RESULT: {}
COMMAND: GET /session/93f43bcbd844a5d98eb964b157ec9441/screenshot - {}
RESULT: {}
COMMAND: POST /session/93f43bcbd844a5d98eb964b157ec9441/execute/async - {"script":"<script> [1562 bytes]","args":[{"selector":{"controlType":"sap.m.Title","properties":{"text":"Success"},"searchOpenDialogs":true},"wdio_ui5_key":"sapm.Title{\"text\":\"Success\"}"}]}
RESULT: {"script":"<script> [1562 bytes]","args":[{"selector":{"controlType":"sap.m.Title","properties":{"text":"Success"},"searchOpenDialogs":true},"wdio_ui5_key":"sapm.Title{\"text\":\"Success\"}"}]}
RESULT: undefined
COMMAND: POST /session/93f43bcbd844a5d98eb964b157ec9441/execute/async - {"script":"<script> [6424 bytes]","args":[{"element-6066-11e4-a52e-4f735466cecf":"f.0C3632C05FD2F0739639ED0A0E4218C8.d.DA8A7846A9C10552F8C5C1FD65CB96CF.e.9938"},"getText",[]]}
RESULT: {"script":"<script> [6424 bytes]","args":[{"element-6066-11e4-a52e-4f735466cecf":"f.0C3632C05FD2F0739639ED0A0E4218C8.d.DA8A7846A9C10552F8C5C1FD65CB96CF.e.9938"},"getText",[]]}
COMMAND: POST /session/93f43bcbd844a5d98eb964b157ec9441/execute/async - {"script":"<script> [1562 bytes]","args":[{"selector":{"controlType":"sap.m.Button","properties":{"text":"Close"},"searchOpenDialogs":true,"interaction":{"idSuffix":"BDI-content"}},"wdio_ui5_key":"sapm.Button{\"text\":\"Close\"}"}]}
RESULT: {"script":"<script> [1562 bytes]","args":[{"selector":{"controlType":"sap.m.Button","properties":{"text":"Close"},"searchOpenDialogs":true,"interaction":{"idSuffix":"BDI-content"}},"wdio_ui5_key":"sapm.Button{\"text\":\"Close\"}"}]}
RESULT: undefined
COMMAND: POST /session/93f43bcbd844a5d98eb964b157ec9441/element - {"using":"xpath","value":"//*[@id=\"__mbox-btn-0\"]"}
RESULT: {"using":"xpath","value":"//*[@id=\"__mbox-btn-0\"]"}
COMMAND: POST /session/93f43bcbd844a5d98eb964b157ec9441/element/f.0C3632C05FD2F0739639ED0A0E4218C8.d.DA8A7846A9C10552F8C5C1FD65CB96CF.e.9937/click - {}
RESULT: {}
COMMAND: GET /session/93f43bcbd844a5d98eb964b157ec9441/screenshot - {}
RESULT: {}
]]></system-out>
    </testcase>
    <testcase classname="chrome.135_0_7049_96.windows.Reserve/Unreserve_request_item_via_reserve_option_US139161" name="Should navigate to planning board and reserve the resource" time="99.869">
      <system-out><![CDATA[
COMMAND: POST /session/93f43bcbd844a5d98eb964b157ec9441/execute/async - {"script":"<script> [1562 bytes]","args":[{"selector":{"controlType":"sap.m.Button","viewName":"etm.portal.ui.managerequests.view.Detail","i18NText":{"propertyName":"text","key":"planningSituation"},"interaction":{"idSuffix":"BDI-content"}},"wdio_ui5_key":"etmportal.ui.managerequests.view.Detailsap.m.Button{\"propertyName\":\"text\",\"key\":\"planningSituation\"}"}]}
RESULT: {"script":"<script> [1562 bytes]","args":[{"selector":{"controlType":"sap.m.Button","viewName":"etm.portal.ui.managerequests.view.Detail","i18NText":{"propertyName":"text","key":"planningSituation"},"interaction":{"idSuffix":"BDI-content"}},"wdio_ui5_key":"etmportal.ui.managerequests.view.Detailsap.m.Button{\"propertyName\":\"text\",\"key\":\"planningSituation\"}"}]}
RESULT: undefined
COMMAND: POST /session/93f43bcbd844a5d98eb964b157ec9441/element - {"using":"xpath","value":"//*[@id=\"__button27\"]"}
RESULT: {"using":"xpath","value":"//*[@id=\"__button27\"]"}
COMMAND: POST /session/93f43bcbd844a5d98eb964b157ec9441/element/f.0C3632C05FD2F0739639ED0A0E4218C8.d.DA8A7846A9C10552F8C5C1FD65CB96CF.e.9957/click - {}
RESULT: {}
COMMAND: GET /session/93f43bcbd844a5d98eb964b157ec9441/screenshot - {}
RESULT: {}
COMMAND: POST /session/93f43bcbd844a5d98eb964b157ec9441/element - {"using":"xpath","value":"(//span[contains(@title ,\"WebdriverYardsvnzc\")])[1]"}
RESULT: {"using":"xpath","value":"(//span[contains(@title ,\"WebdriverYardsvnzc\")])[1]"}
COMMAND: POST /session/93f43bcbd844a5d98eb964b157ec9441/elements - {"using":"xpath","value":"(//span[contains(@title ,\"WebdriverYardsvnzc\")])[1]"}
RESULT: {"using":"xpath","value":"(//span[contains(@title ,\"WebdriverYardsvnzc\")])[1]"}
COMMAND: POST /session/93f43bcbd844a5d98eb964b157ec9441/element - {"using":"xpath","value":"(//span[contains(@title ,\"WebdriverYardsvnzc\")])[1]"}
RESULT: {"using":"xpath","value":"(//span[contains(@title ,\"WebdriverYardsvnzc\")])[1]"}
COMMAND: POST /session/93f43bcbd844a5d98eb964b157ec9441/execute/sync - {"script":"<script> [8489 bytes]","args":[{"element-6066-11e4-a52e-4f735466cecf":"f.0C3632C05FD2F0739639ED0A0E4218C8.d.DA8A7846A9C10552F8C5C1FD65CB96CF.e.10404","ELEMENT":"f.0C3632C05FD2F0739639ED0A0E4218C8.d.DA8A7846A9C10552F8C5C1FD65CB96CF.e.10404"}]}
RESULT: {"script":"<script> [8489 bytes]","args":[{"element-6066-11e4-a52e-4f735466cecf":"f.0C3632C05FD2F0739639ED0A0E4218C8.d.DA8A7846A9C10552F8C5C1FD65CB96CF.e.10404","ELEMENT":"f.0C3632C05FD2F0739639ED0A0E4218C8.d.DA8A7846A9C10552F8C5C1FD65CB96CF.e.10404"}]}
COMMAND: POST /session/93f43bcbd844a5d98eb964b157ec9441/element - {"using":"xpath","value":"(//span[contains(@title ,\"WebdriverYardsvnzc\")])[1]"}
COMMAND: GET /session/93f43bcbd844a5d98eb964b157ec9441/screenshot - {}
RESULT: {"using":"xpath","value":"(//span[contains(@title ,\"WebdriverYardsvnzc\")])[1]"}
COMMAND: POST /session/93f43bcbd844a5d98eb964b157ec9441/actions - {"actions":[{"id":"action70","type":"pointer","parameters":{"pointerType":"mouse"},"actions":[{"type":"pointerMove","button":0,"width":0,"height":0,"pressure":0,"tangentialPressure":0,"tiltX":0,"tiltY":0,"twist":0,"altitudeAngle":0,"_":"5 more keys: [\"azimuthAngle\",\"x\",\"y\",\"duration\",\"origin\"]"},{"type":"pointerDown","button":2,"width":0,"height":0,"pressure":0,"tangentialPressure":0,"tiltX":0,"tiltY":0,"twist":0,"altitudeAngle":0,"_":"1 more keys: [\"azimuthAngle\"]"},{"type":"pointerUp","button":2}]}]}
RESULT: {}
RESULT: {"actions":[{"id":"action70","type":"pointer","parameters":{"pointerType":"mouse"},"actions":[{"type":"pointerMove","button":0,"width":0,"height":0,"pressure":0,"tangentialPressure":0,"tiltX":0,"tiltY":0,"twist":0,"altitudeAngle":0,"_":"5 more keys: [\"azimuthAngle\",\"x\",\"y\",\"duration\",\"origin\"]"},{"type":"pointerDown","button":2,"width":0,"height":0,"pressure":0,"tangentialPressure":0,"tiltX":0,"tiltY":0,"twist":0,"altitudeAngle":0,"_":"1 more keys: [\"azimuthAngle\"]"},{"type":"pointerUp","button":2}]}]}
COMMAND: DELETE /session/93f43bcbd844a5d98eb964b157ec9441/actions - {}
COMMAND: GET /session/93f43bcbd844a5d98eb964b157ec9441/screenshot - {}
RESULT: {}
COMMAND: GET /session/93f43bcbd844a5d98eb964b157ec9441/screenshot - {}
RESULT: {}
RESULT: {}
COMMAND: POST /session/93f43bcbd844a5d98eb964b157ec9441/actions - {"actions":[{"id":"action71","type":"key","parameters":{},"actions":[{"type":"keyDown","value":"î€•"},{"type":"pause","duration":10},{"type":"keyUp","value":"î€•"}]}]}
RESULT: {"actions":[{"id":"action71","type":"key","parameters":{},"actions":[{"type":"keyDown","value":"î€•"},{"type":"pause","duration":10},{"type":"keyUp","value":"î€•"}]}]}
COMMAND: GET /session/93f43bcbd844a5d98eb964b157ec9441/screenshot - {}
RESULT: {}
COMMAND: POST /session/93f43bcbd844a5d98eb964b157ec9441/actions - {"actions":[{"id":"action72","type":"key","parameters":{},"actions":[{"type":"keyDown","value":"î€‡"},{"type":"pause","duration":10},{"type":"keyUp","value":"î€‡"}]}]}
RESULT: {"actions":[{"id":"action72","type":"key","parameters":{},"actions":[{"type":"keyDown","value":"î€‡"},{"type":"pause","duration":10},{"type":"keyUp","value":"î€‡"}]}]}
COMMAND: GET /session/93f43bcbd844a5d98eb964b157ec9441/screenshot - {}
RESULT: {}
COMMAND: POST /session/93f43bcbd844a5d98eb964b157ec9441/execute/async - {"script":"<script> [1562 bytes]","args":[{"selector":{"id":"application-planningboard-display-component---pB_RequestHeader--RUreservationComment","searchOpenDialogs":true,"interaction":{"idSuffix":"inner"}},"wdio_ui5_key":"applicationplanningboard-display-component---pB_RequestHeader--RUreservationComment"}]}
RESULT: {"script":"<script> [1562 bytes]","args":[{"selector":{"id":"application-planningboard-display-component---pB_RequestHeader--RUreservationComment","searchOpenDialogs":true,"interaction":{"idSuffix":"inner"}},"wdio_ui5_key":"applicationplanningboard-display-component---pB_RequestHeader--RUreservationComment"}]}
RESULT: undefined
COMMAND: POST /session/93f43bcbd844a5d98eb964b157ec9441/execute/async - {"script":"<script> [776 bytes]","args":[{"enterText":"WdIORes1xnuctk","selector":{"id":"application-planningboard-display-component---pB_RequestHeader--RUreservationComment","searchOpenDialogs":true,"interaction":{"idSuffix":"inner"}},"clearTextFirst":true,"interactionType":"ENTER_TEXT"}]}
RESULT: {"script":"<script> [776 bytes]","args":[{"enterText":"WdIORes1xnuctk","selector":{"id":"application-planningboard-display-component---pB_RequestHeader--RUreservationComment","searchOpenDialogs":true,"interaction":{"idSuffix":"inner"}},"clearTextFirst":true,"interactionType":"ENTER_TEXT"}]}
COMMAND: POST /session/93f43bcbd844a5d98eb964b157ec9441/execute/async - {"script":"<script> [1562 bytes]","args":[{"selector":{"controlType":"sap.m.Button","viewName":"etm.portal.ui.planningboard.view.detail.RequestHeader","viewId":"application-planningboard-display-component---pB_RequestHeader","properties":{"text":"Ok"},"searchOpenDialogs":true,"interaction":{"idSuffix":"BDI-content"}},"wdio_ui5_key":"etmportal.ui.planningboard.view.detail.RequestHeadersap.m.Button{\"text\":\"Ok\"}"}]}
RESULT: {"script":"<script> [1562 bytes]","args":[{"selector":{"controlType":"sap.m.Button","viewName":"etm.portal.ui.planningboard.view.detail.RequestHeader","viewId":"application-planningboard-display-component---pB_RequestHeader","properties":{"text":"Ok"},"searchOpenDialogs":true,"interaction":{"idSuffix":"BDI-content"}},"wdio_ui5_key":"etmportal.ui.planningboard.view.detail.RequestHeadersap.m.Button{\"text\":\"Ok\"}"}]}
RESULT: undefined
COMMAND: POST /session/93f43bcbd844a5d98eb964b157ec9441/element - {"using":"xpath","value":"//*[@id=\"__button192\"]"}
RESULT: {"using":"xpath","value":"//*[@id=\"__button192\"]"}
COMMAND: POST /session/93f43bcbd844a5d98eb964b157ec9441/element/f.0C3632C05FD2F0739639ED0A0E4218C8.d.DA8A7846A9C10552F8C5C1FD65CB96CF.e.10418/click - {}
RESULT: {}
COMMAND: GET /session/93f43bcbd844a5d98eb964b157ec9441/screenshot - {}
RESULT: {}
COMMAND: POST /session/93f43bcbd844a5d98eb964b157ec9441/element - {"using":"xpath","value":"//span[contains(@title ,\"WebdriverYardsvnzc\")]"}
RESULT: {"using":"xpath","value":"//span[contains(@title ,\"WebdriverYardsvnzc\")]"}
COMMAND: POST /session/93f43bcbd844a5d98eb964b157ec9441/actions - {"actions":[{"id":"action73","type":"pointer","parameters":{"pointerType":"mouse"},"actions":[{"type":"pointerMove","button":0,"width":0,"height":0,"pressure":0,"tangentialPressure":0,"tiltX":0,"tiltY":0,"twist":0,"altitudeAngle":0,"_":"5 more keys: [\"azimuthAngle\",\"x\",\"y\",\"duration\",\"origin\"]"},{"type":"pointerDown","button":2,"width":0,"height":0,"pressure":0,"tangentialPressure":0,"tiltX":0,"tiltY":0,"twist":0,"altitudeAngle":0,"_":"1 more keys: [\"azimuthAngle\"]"},{"type":"pointerUp","button":2}]}]}
RESULT: {"actions":[{"id":"action73","type":"pointer","parameters":{"pointerType":"mouse"},"actions":[{"type":"pointerMove","button":0,"width":0,"height":0,"pressure":0,"tangentialPressure":0,"tiltX":0,"tiltY":0,"twist":0,"altitudeAngle":0,"_":"5 more keys: [\"azimuthAngle\",\"x\",\"y\",\"duration\",\"origin\"]"},{"type":"pointerDown","button":2,"width":0,"height":0,"pressure":0,"tangentialPressure":0,"tiltX":0,"tiltY":0,"twist":0,"altitudeAngle":0,"_":"1 more keys: [\"azimuthAngle\"]"},{"type":"pointerUp","button":2}]}]}
COMMAND: DELETE /session/93f43bcbd844a5d98eb964b157ec9441/actions - {}
COMMAND: GET /session/93f43bcbd844a5d98eb964b157ec9441/screenshot - {}
RESULT: {}
COMMAND: GET /session/93f43bcbd844a5d98eb964b157ec9441/screenshot - {}
RESULT: {}
RESULT: {}
COMMAND: POST /session/93f43bcbd844a5d98eb964b157ec9441/actions - {"actions":[{"id":"action74","type":"key","parameters":{},"actions":[{"type":"keyDown","value":"î€•"},{"type":"pause","duration":10},{"type":"keyUp","value":"î€•"}]}]}
RESULT: {"actions":[{"id":"action74","type":"key","parameters":{},"actions":[{"type":"keyDown","value":"î€•"},{"type":"pause","duration":10},{"type":"keyUp","value":"î€•"}]}]}
COMMAND: GET /session/93f43bcbd844a5d98eb964b157ec9441/screenshot - {}
RESULT: {}
COMMAND: POST /session/93f43bcbd844a5d98eb964b157ec9441/actions - {"actions":[{"id":"action75","type":"key","parameters":{},"actions":[{"type":"keyDown","value":"î€‡"},{"type":"pause","duration":10},{"type":"keyUp","value":"î€‡"}]}]}
RESULT: {"actions":[{"id":"action75","type":"key","parameters":{},"actions":[{"type":"keyDown","value":"î€‡"},{"type":"pause","duration":10},{"type":"keyUp","value":"î€‡"}]}]}
COMMAND: GET /session/93f43bcbd844a5d98eb964b157ec9441/screenshot - {}
RESULT: {}
RESULT: undefined
COMMAND: POST /session/93f43bcbd844a5d98eb964b157ec9441/execute/async - {"script":"<script> [776 bytes]","args":[{"enterText":"WdIORes2pwns6","selector":{"id":"application-planningboard-display-component---pB_RequestHeader--RUreservationComment","searchOpenDialogs":true,"interaction":{"idSuffix":"inner"}},"clearTextFirst":true,"interactionType":"ENTER_TEXT"}]}
RESULT: {"script":"<script> [776 bytes]","args":[{"enterText":"WdIORes2pwns6","selector":{"id":"application-planningboard-display-component---pB_RequestHeader--RUreservationComment","searchOpenDialogs":true,"interaction":{"idSuffix":"inner"}},"clearTextFirst":true,"interactionType":"ENTER_TEXT"}]}
RESULT: undefined
COMMAND: POST /session/93f43bcbd844a5d98eb964b157ec9441/element - {"using":"xpath","value":"//*[@id=\"__button192\"]"}
RESULT: {"using":"xpath","value":"//*[@id=\"__button192\"]"}
COMMAND: POST /session/93f43bcbd844a5d98eb964b157ec9441/element/f.0C3632C05FD2F0739639ED0A0E4218C8.d.DA8A7846A9C10552F8C5C1FD65CB96CF.e.10495/click - {}
RESULT: {}
COMMAND: GET /session/93f43bcbd844a5d98eb964b157ec9441/screenshot - {}
RESULT: {}
COMMAND: POST /session/93f43bcbd844a5d98eb964b157ec9441/execute/async - {"script":"<script> [1562 bytes]","args":[{"selector":{"controlType":"sap.m.Button","viewName":"etm.portal.ui.planningboard.view.detail.RequestHeader","viewId":"application-planningboard-display-component---pB_RequestHeader","i18NText":{"propertyName":"text","key":"close"},"ancestor":{"id":"application-planningboard-display-component---pB_RequestHeader--requestItemDetails"},"interaction":{"idSuffix":"BDI-content"}},"wdio_ui5_key":"etmportal.ui.planningboard.view.detail.RequestHeadersap.m.Button{\"propertyName\":\"text\",\"key\":\"close\"}{\"id\":\"application-planningboard-display-component---pB_RequestHeader--requestItemDetails\"}"}]}
RESULT: {"script":"<script> [1562 bytes]","args":[{"selector":{"controlType":"sap.m.Button","viewName":"etm.portal.ui.planningboard.view.detail.RequestHeader","viewId":"application-planningboard-display-component---pB_RequestHeader","i18NText":{"propertyName":"text","key":"close"},"ancestor":{"id":"application-planningboard-display-component---pB_RequestHeader--requestItemDetails"},"interaction":{"idSuffix":"BDI-content"}},"wdio_ui5_key":"etmportal.ui.planningboard.view.detail.RequestHeadersap.m.Button{\"propertyName\":\"text\",\"key\":\"close\"}{\"id\":\"application-planningboard-display-component---pB_RequestHeader--requestItemDetails\"}"}]}
RESULT: undefined
COMMAND: POST /session/93f43bcbd844a5d98eb964b157ec9441/element - {"using":"xpath","value":"//*[@id=\"__button68\"]"}
RESULT: {"using":"xpath","value":"//*[@id=\"__button68\"]"}
COMMAND: POST /session/93f43bcbd844a5d98eb964b157ec9441/element/f.0C3632C05FD2F0739639ED0A0E4218C8.d.DA8A7846A9C10552F8C5C1FD65CB96CF.e.10291/click - {}
RESULT: {}
COMMAND: GET /session/93f43bcbd844a5d98eb964b157ec9441/screenshot - {}
RESULT: {}
COMMAND: POST /session/93f43bcbd844a5d98eb964b157ec9441/execute/async - {"script":"<script> [1562 bytes]","args":[{"selector":{"id":"application-planningboard-display-component---pB_Master--selectView","interaction":{"idSuffix":"arrow"}},"wdio_ui5_key":"applicationplanningboard-display-component---pB_Master--selectView"}]}
RESULT: {"script":"<script> [1562 bytes]","args":[{"selector":{"id":"application-planningboard-display-component---pB_Master--selectView","interaction":{"idSuffix":"arrow"}},"wdio_ui5_key":"applicationplanningboard-display-component---pB_Master--selectView"}]}
RESULT: undefined
COMMAND: POST /session/93f43bcbd844a5d98eb964b157ec9441/element - {"using":"xpath","value":"//*[@id=\"application-planningboard-display-component---pB_Master--selectView\"]"}
RESULT: {"using":"xpath","value":"//*[@id=\"application-planningboard-display-component---pB_Master--selectView\"]"}
COMMAND: POST /session/93f43bcbd844a5d98eb964b157ec9441/element/f.0C3632C05FD2F0739639ED0A0E4218C8.d.DA8A7846A9C10552F8C5C1FD65CB96CF.e.10713/click - {}
RESULT: {}
COMMAND: GET /session/93f43bcbd844a5d98eb964b157ec9441/screenshot - {}
RESULT: {}
COMMAND: POST /session/93f43bcbd844a5d98eb964b157ec9441/execute/async - {"script":"<script> [1562 bytes]","args":[{"selector":{"controlType":"sap.ui.core.Item","viewName":"etm.portal.ui.planningboard.view.Master","viewId":"application-planningboard-display-component---pB_Master","i18NText":{"propertyName":"text","key":"manageReservations"},"searchOpenDialogs":true},"wdio_ui5_key":"etmportal.ui.planningboard.view.Mastersap.ui.core.Item{\"propertyName\":\"text\",\"key\":\"manageReservations\"}"}]}
RESULT: {"script":"<script> [1562 bytes]","args":[{"selector":{"controlType":"sap.ui.core.Item","viewName":"etm.portal.ui.planningboard.view.Master","viewId":"application-planningboard-display-component---pB_Master","i18NText":{"propertyName":"text","key":"manageReservations"},"searchOpenDialogs":true},"wdio_ui5_key":"etmportal.ui.planningboard.view.Mastersap.ui.core.Item{\"propertyName\":\"text\",\"key\":\"manageReservations\"}"}]}
RESULT: undefined
COMMAND: POST /session/93f43bcbd844a5d98eb964b157ec9441/element - {"using":"xpath","value":"//*[@id=\"__item564\"]"}
RESULT: {"using":"xpath","value":"//*[@id=\"__item564\"]"}
COMMAND: POST /session/93f43bcbd844a5d98eb964b157ec9441/element/f.0C3632C05FD2F0739639ED0A0E4218C8.d.DA8A7846A9C10552F8C5C1FD65CB96CF.e.10714/click - {}
RESULT: {}
COMMAND: GET /session/93f43bcbd844a5d98eb964b157ec9441/screenshot - {}
RESULT: {}
COMMAND: POST /session/93f43bcbd844a5d98eb964b157ec9441/element - {"using":"xpath","value":"//span[contains(@id ,\"clone\")][contains(text(), \"WdIORes1xnuctk\")]"}
RESULT: {"using":"xpath","value":"//span[contains(@id ,\"clone\")][contains(text(), \"WdIORes1xnuctk\")]"}
COMMAND: GET /session/93f43bcbd844a5d98eb964b157ec9441/element/f.0C3632C05FD2F0739639ED0A0E4218C8.d.DA8A7846A9C10552F8C5C1FD65CB96CF.e.10730/text - {}
RESULT: {}
COMMAND: POST /session/93f43bcbd844a5d98eb964b157ec9441/element - {"using":"xpath","value":"//span[contains(@id ,\"clone\")][contains(text(), \"WdIORes2pwns6\")]"}
RESULT: {"using":"xpath","value":"//span[contains(@id ,\"clone\")][contains(text(), \"WdIORes2pwns6\")]"}
COMMAND: POST /session/93f43bcbd844a5d98eb964b157ec9441/element/f.0C3632C05FD2F0739639ED0A0E4218C8.d.DA8A7846A9C10552F8C5C1FD65CB96CF.e.10731/click - {}
RESULT: {}
COMMAND: GET /session/93f43bcbd844a5d98eb964b157ec9441/screenshot - {}
RESULT: {}
COMMAND: POST /session/93f43bcbd844a5d98eb964b157ec9441/actions - {"actions":[{"id":"action76","type":"key","parameters":{},"actions":[{"type":"keyDown","value":"î€‡"},{"type":"pause","duration":10},{"type":"keyUp","value":"î€‡"}]}]}
RESULT: {"actions":[{"id":"action76","type":"key","parameters":{},"actions":[{"type":"keyDown","value":"î€‡"},{"type":"pause","duration":10},{"type":"keyUp","value":"î€‡"}]}]}
COMMAND: GET /session/93f43bcbd844a5d98eb964b157ec9441/screenshot - {}
RESULT: {}
COMMAND: POST /session/93f43bcbd844a5d98eb964b157ec9441/execute/async - {"script":"<script> [1562 bytes]","args":[{"selector":{"controlType":"sap.m.Button","viewName":"etm.portal.ui.planningboard.view.detail.Planning","viewId":"application-planningboard-display-component---pB_Planning","i18NText":{"propertyName":"text","key":"unplan"},"interaction":{"idSuffix":"BDI-content"}},"wdio_ui5_key":"etmportal.ui.planningboard.view.detail.Planningsap.m.Button{\"propertyName\":\"text\",\"key\":\"unplan\"}"}]}
RESULT: {"script":"<script> [1562 bytes]","args":[{"selector":{"controlType":"sap.m.Button","viewName":"etm.portal.ui.planningboard.view.detail.Planning","viewId":"application-planningboard-display-component---pB_Planning","i18NText":{"propertyName":"text","key":"unplan"},"interaction":{"idSuffix":"BDI-content"}},"wdio_ui5_key":"etmportal.ui.planningboard.view.detail.Planningsap.m.Button{\"propertyName\":\"text\",\"key\":\"unplan\"}"}]}
RESULT: undefined
COMMAND: POST /session/93f43bcbd844a5d98eb964b157ec9441/element - {"using":"xpath","value":"//*[@id=\"__button258\"]"}
RESULT: {"using":"xpath","value":"//*[@id=\"__button258\"]"}
COMMAND: POST /session/93f43bcbd844a5d98eb964b157ec9441/element/f.0C3632C05FD2F0739639ED0A0E4218C8.d.DA8A7846A9C10552F8C5C1FD65CB96CF.e.10767/click - {}
RESULT: {}
COMMAND: GET /session/93f43bcbd844a5d98eb964b157ec9441/screenshot - {}
RESULT: {}
COMMAND: POST /session/93f43bcbd844a5d98eb964b157ec9441/element - {"using":"xpath","value":"//span[contains(@id ,\"clone\")][contains(text(), \"WdIORes2pwns6\")]"}
RESULT: {"using":"xpath","value":"//span[contains(@id ,\"clone\")][contains(text(), \"WdIORes2pwns6\")]"}
COMMAND: POST /session/93f43bcbd844a5d98eb964b157ec9441/element - {"using":"xpath","value":"//span[contains(@id ,\"clone\")][contains(text(), \"WdIORes2pwns6\")]"}
RESULT: {"using":"xpath","value":"//span[contains(@id ,\"clone\")][contains(text(), \"WdIORes2pwns6\")]"}
COMMAND: POST /session/93f43bcbd844a5d98eb964b157ec9441/element - {"using":"xpath","value":"//span[contains(@id ,\"clone\")][contains(text(), \"WdIORes1xnuctk\")]"}
RESULT: {"using":"xpath","value":"//span[contains(@id ,\"clone\")][contains(text(), \"WdIORes1xnuctk\")]"}
COMMAND: POST /session/93f43bcbd844a5d98eb964b157ec9441/element/f.0C3632C05FD2F0739639ED0A0E4218C8.d.DA8A7846A9C10552F8C5C1FD65CB96CF.e.10831/click - {}
RESULT: {}
COMMAND: GET /session/93f43bcbd844a5d98eb964b157ec9441/screenshot - {}
RESULT: {}
COMMAND: POST /session/93f43bcbd844a5d98eb964b157ec9441/actions - {"actions":[{"id":"action77","type":"key","parameters":{},"actions":[{"type":"keyDown","value":"î€‡"},{"type":"pause","duration":10},{"type":"keyUp","value":"î€‡"}]}]}
RESULT: {"actions":[{"id":"action77","type":"key","parameters":{},"actions":[{"type":"keyDown","value":"î€‡"},{"type":"pause","duration":10},{"type":"keyUp","value":"î€‡"}]}]}
COMMAND: GET /session/93f43bcbd844a5d98eb964b157ec9441/screenshot - {}
RESULT: {}
]]></system-out>
    </testcase>
  </testsuite>
  <testsuite timestamp="2025-04-28T16:12:30" time="31.791" tests="1" failures="0" errors="0" skipped="0">
    <properties>
      <property name="specId" value="0" />
      <property name="suiteName" value="Reserve/Unreserve request item via reserve option US139161" />
      <property name="capabilities" value="chrome.135_0_7049_96.windows" />
      <property name="file" value="file:///D:/a/1/s/test/specs/R2C/manage-reservations-view-planning-board.spec.js" />
    </properties>
    <testcase classname="chrome.135_0_7049_96.windows.Reserve/Unreserve_request_item_via_reserve_option_US139161" name="Should open a reservation to verify and edit the details" time="31.784">
      <system-out><![CDATA[
COMMAND: POST /session/93f43bcbd844a5d98eb964b157ec9441/element - {"using":"xpath","value":"//button[contains(@data-kt, \"editButton\")]"}
RESULT: {"using":"xpath","value":"//button[contains(@data-kt, \"editButton\")]"}
COMMAND: POST /session/93f43bcbd844a5d98eb964b157ec9441/execute/sync - {"script":"<script> [8489 bytes]","args":[{"element-6066-11e4-a52e-4f735466cecf":"f.0C3632C05FD2F0739639ED0A0E4218C8.d.DA8A7846A9C10552F8C5C1FD65CB96CF.e.10884","ELEMENT":"f.0C3632C05FD2F0739639ED0A0E4218C8.d.DA8A7846A9C10552F8C5C1FD65CB96CF.e.10884"}]}
RESULT: {"script":"<script> [8489 bytes]","args":[{"element-6066-11e4-a52e-4f735466cecf":"f.0C3632C05FD2F0739639ED0A0E4218C8.d.DA8A7846A9C10552F8C5C1FD65CB96CF.e.10884","ELEMENT":"f.0C3632C05FD2F0739639ED0A0E4218C8.d.DA8A7846A9C10552F8C5C1FD65CB96CF.e.10884"}]}
COMMAND: POST /session/93f43bcbd844a5d98eb964b157ec9441/element - {"using":"xpath","value":"//button[contains(@data-kt, \"unplanButton\")]"}
COMMAND: GET /session/93f43bcbd844a5d98eb964b157ec9441/screenshot - {}
RESULT: {"using":"xpath","value":"//button[contains(@data-kt, \"unplanButton\")]"}
COMMAND: POST /session/93f43bcbd844a5d98eb964b157ec9441/execute/sync - {"script":"<script> [8489 bytes]","args":[{"element-6066-11e4-a52e-4f735466cecf":"f.0C3632C05FD2F0739639ED0A0E4218C8.d.DA8A7846A9C10552F8C5C1FD65CB96CF.e.10885","ELEMENT":"f.0C3632C05FD2F0739639ED0A0E4218C8.d.DA8A7846A9C10552F8C5C1FD65CB96CF.e.10885"}]}
RESULT: {}
RESULT: {"script":"<script> [8489 bytes]","args":[{"element-6066-11e4-a52e-4f735466cecf":"f.0C3632C05FD2F0739639ED0A0E4218C8.d.DA8A7846A9C10552F8C5C1FD65CB96CF.e.10885","ELEMENT":"f.0C3632C05FD2F0739639ED0A0E4218C8.d.DA8A7846A9C10552F8C5C1FD65CB96CF.e.10885"}]}
COMMAND: POST /session/93f43bcbd844a5d98eb964b157ec9441/element - {"using":"xpath","value":"//button[contains(@data-kt, \"editButton\")]"}
COMMAND: GET /session/93f43bcbd844a5d98eb964b157ec9441/screenshot - {}
RESULT: {"using":"xpath","value":"//button[contains(@data-kt, \"editButton\")]"}
COMMAND: POST /session/93f43bcbd844a5d98eb964b157ec9441/element/f.0C3632C05FD2F0739639ED0A0E4218C8.d.DA8A7846A9C10552F8C5C1FD65CB96CF.e.10884/click - {}
RESULT: {}
RESULT: {}
COMMAND: POST /session/93f43bcbd844a5d98eb964b157ec9441/element - {"using":"xpath","value":"(//input[contains(@id ,\"picker\")][contains(@aria-roledescription ,\"Date Input\")])[4]"}
COMMAND: GET /session/93f43bcbd844a5d98eb964b157ec9441/screenshot - {}
RESULT: {"using":"xpath","value":"(//input[contains(@id ,\"picker\")][contains(@aria-roledescription ,\"Date Input\")])[4]"}
COMMAND: POST /session/93f43bcbd844a5d98eb964b157ec9441/element/f.0C3632C05FD2F0739639ED0A0E4218C8.d.DA8A7846A9C10552F8C5C1FD65CB96CF.e.10851/clear - {}
RESULT: {}
RESULT: {}
COMMAND: POST /session/93f43bcbd844a5d98eb964b157ec9441/element/f.0C3632C05FD2F0739639ED0A0E4218C8.d.DA8A7846A9C10552F8C5C1FD65CB96CF.e.10851/value - {"text":"4/30/25"}
COMMAND: GET /session/93f43bcbd844a5d98eb964b157ec9441/screenshot - {}
RESULT: {"text":"4/30/25"}
COMMAND: GET /session/93f43bcbd844a5d98eb964b157ec9441/screenshot - {}
RESULT: {}
RESULT: {}
COMMAND: POST /session/93f43bcbd844a5d98eb964b157ec9441/element - {"using":"xpath","value":"//bdi[contains(text(), \"Save\")]"}
RESULT: {"using":"xpath","value":"//bdi[contains(text(), \"Save\")]"}
COMMAND: POST /session/93f43bcbd844a5d98eb964b157ec9441/element/f.0C3632C05FD2F0739639ED0A0E4218C8.d.DA8A7846A9C10552F8C5C1FD65CB96CF.e.10908/click - {}
RESULT: {}
COMMAND: GET /session/93f43bcbd844a5d98eb964b157ec9441/screenshot - {}
RESULT: {}
COMMAND: POST /session/93f43bcbd844a5d98eb964b157ec9441/element - {"using":"xpath","value":"(//input[contains(@id ,\"picker\")][contains(@aria-roledescription ,\"Date Input\")])[4]"}
RESULT: {"using":"xpath","value":"(//input[contains(@id ,\"picker\")][contains(@aria-roledescription ,\"Date Input\")])[4]"}
COMMAND: GET /session/93f43bcbd844a5d98eb964b157ec9441/element/f.0C3632C05FD2F0739639ED0A0E4218C8.d.DA8A7846A9C10552F8C5C1FD65CB96CF.e.10851/property/value - {}
RESULT: {}
COMMAND: GET /session/93f43bcbd844a5d98eb964b157ec9441/screenshot - {}
RESULT: {}
COMMAND: POST /session/93f43bcbd844a5d98eb964b157ec9441/element - {"using":"xpath","value":"//bdi[contains(text(), \"Unplan\")]"}
RESULT: {"using":"xpath","value":"//bdi[contains(text(), \"Unplan\")]"}
COMMAND: POST /session/93f43bcbd844a5d98eb964b157ec9441/element/f.0C3632C05FD2F0739639ED0A0E4218C8.d.DA8A7846A9C10552F8C5C1FD65CB96CF.e.10920/click - {}
RESULT: {}
COMMAND: GET /session/93f43bcbd844a5d98eb964b157ec9441/screenshot - {}
RESULT: {}
COMMAND: POST /session/93f43bcbd844a5d98eb964b157ec9441/element - {"using":"css selector","value":"#shell-header-logo"}
RESULT: {"using":"css selector","value":"#shell-header-logo"}
COMMAND: POST /session/93f43bcbd844a5d98eb964b157ec9441/element/f.0C3632C05FD2F0739639ED0A0E4218C8.d.DA8A7846A9C10552F8C5C1FD65CB96CF.e.9400/click - {}
RESULT: {}
COMMAND: GET /session/93f43bcbd844a5d98eb964b157ec9441/screenshot - {}
RESULT: {}
COMMAND: POST /session/93f43bcbd844a5d98eb964b157ec9441/refresh - {}
RESULT: {}
COMMAND: GET /session/93f43bcbd844a5d98eb964b157ec9441/screenshot - {}
RESULT: {}
COMMAND: POST /session/93f43bcbd844a5d98eb964b157ec9441/execute/async - {"script":"<script> [189 bytes]","args":[]}
RESULT: {"script":"<script> [189 bytes]","args":[]}
COMMAND: POST /session/93f43bcbd844a5d98eb964b157ec9441/execute/async - {"script":"<script> [123 bytes]","args":[]}
RESULT: {"script":"<script> [123 bytes]","args":[]}
COMMAND: POST /session/93f43bcbd844a5d98eb964b157ec9441/timeouts - {"script":"<number>"}
RESULT: {"script":"<number>"}
COMMAND: GET /session/93f43bcbd844a5d98eb964b157ec9441/timeouts - {}
RESULT: {}
RESULT: undefined
COMMAND: POST /session/93f43bcbd844a5d98eb964b157ec9441/execute/async - {"script":"<script> [2676 bytes]","args":[]}
RESULT: {"script":"<script> [2676 bytes]","args":[]}
COMMAND: POST /session/93f43bcbd844a5d98eb964b157ec9441/execute/async - {"script":"<script> [2342 bytes]","args":[{"protocol":"http","hostname":"0.0.0.0","path":"/","capabilities":{"browserName":"chrome","goog:chromeOptions":{"binary":"C:\\Program Files\\Google\\Chrome\\Application\\chrome.exe","args":["--start-maximized"]}},"logLevel":"warn","connectionRetryTimeout":120000,"connectionRetryCount":3,"logLevels":{},"enableDirectConnect":true,"strictSSL":true,"_":"65 more keys: [\"cacheDir\",\"port\",\"requestedCapabilities\",\"automationProtocol\",\"baseUrl\",\"waitforInterval\",\"waitforTimeout\",\"onReload\",\"beforeCommand\",\"afterCommand\",\"rootDir\",\"specs\",\"suites\",\"exclude\",\"groupLogsByTestSpec\",\"excludeDriverLogs\",\"bail\",\"framework\",\"reporters\",\"services\",\"maxInstances\",\"maxInstancesPerCapability\",\"injectGlobals\",\"filesToWatch\",\"execArgv\",\"runnerEnv\",\"runner\",\"shard\",\"specFileRetries\",\"specFileRetriesDelay\",\"specFileRetriesDeferred\",\"reporterSyncInterval\",\"reporterSyncTimeout\",\"cucumberFeaturesWithLineNumbers\",\"autoCompileOpts\",\"mochaOpts\",\"jasmineOpts\",\"cucumberOpts\",\"onPrepare\",\"onWorkerStart\",\"onWorkerEnd\",\"before\",\"beforeSession\",\"beforeSuite\",\"beforeHook\",\"beforeTest\",\"afterTest\",\"afterHook\",\"afterSuite\",\"afterSession\",\"after\",\"onComplete\",\"beforeAssertion\",\"afterAssertion\",\"beforeFeature\",\"beforeScenario\",\"beforeStep\",\"afterStep\",\"afterScenario\",\"afterFeature\",\"_\",\"suite\",\"$0\",\"ignoredWorkerServices\",\"wdi5\"]"}]}
RESULT: {"script":"<script> [2342 bytes]","args":[{"protocol":"http","hostname":"0.0.0.0","path":"/","capabilities":{"browserName":"chrome","goog:chromeOptions":{"binary":"C:\\Program Files\\Google\\Chrome\\Application\\chrome.exe","args":["--start-maximized"]}},"logLevel":"warn","connectionRetryTimeout":120000,"connectionRetryCount":3,"logLevels":{},"enableDirectConnect":true,"strictSSL":true,"_":"65 more keys: [\"cacheDir\",\"port\",\"requestedCapabilities\",\"automationProtocol\",\"baseUrl\",\"waitforInterval\",\"waitforTimeout\",\"onReload\",\"beforeCommand\",\"afterCommand\",\"rootDir\",\"specs\",\"suites\",\"exclude\",\"groupLogsByTestSpec\",\"excludeDriverLogs\",\"bail\",\"framework\",\"reporters\",\"services\",\"maxInstances\",\"maxInstancesPerCapability\",\"injectGlobals\",\"filesToWatch\",\"execArgv\",\"runnerEnv\",\"runner\",\"shard\",\"specFileRetries\",\"specFileRetriesDelay\",\"specFileRetriesDeferred\",\"reporterSyncInterval\",\"reporterSyncTimeout\",\"cucumberFeaturesWithLineNumbers\",\"autoCompileOpts\",\"mochaOpts\",\"jasmineOpts\",\"cucumberOpts\",\"onPrepare\",\"onWorkerStart\",\"onWorkerEnd\",\"before\",\"beforeSession\",\"beforeSuite\",\"beforeHook\",\"beforeTest\",\"afterTest\",\"afterHook\",\"afterSuite\",\"afterSession\",\"after\",\"onComplete\",\"beforeAssertion\",\"afterAssertion\",\"beforeFeature\",\"beforeScenario\",\"beforeStep\",\"afterStep\",\"afterScenario\",\"afterFeature\",\"_\",\"suite\",\"$0\",\"ignoredWorkerServices\",\"wdi5\"]"}]}
COMMAND: POST /session/93f43bcbd844a5d98eb964b157ec9441/execute/async - {"script":"<script> [21126 bytes]","args":[35000]}
RESULT: {"script":"<script> [21126 bytes]","args":[35000]}
]]></system-out>
    </testcase>
  </testsuite>
  <testsuite timestamp="2025-04-28T16:13:02" time="316.887" tests="3" failures="0" errors="0" skipped="0">
    <properties>
      <property name="specId" value="0" />
      <property name="suiteName" value="Process request items into new quotation US120163" />
      <property name="capabilities" value="chrome.135_0_7049_96.windows" />
      <property name="file" value="file:///D:/a/1/s/test/specs/R2C/process-request-items-into-new-quotation.spec.js" />
    </properties>
    <testcase classname="chrome.135_0_7049_96.windows.Process_request_items_into_new_quotation_US120163" name="Should create a new request with catalog items and plan it" time="194.625">
      <system-out><![CDATA[
COMMAND: POST /session/93f43bcbd844a5d98eb964b157ec9441/element - {"using":"xpath","value":"//*[contains(@href, 'etm.portal.ui.managerequests')]"}
RESULT: {"using":"xpath","value":"//*[contains(@href, 'etm.portal.ui.managerequests')]"}
COMMAND: POST /session/93f43bcbd844a5d98eb964b157ec9441/element/f.0C3632C05FD2F0739639ED0A0E4218C8.d.C2FB1F3F04BE2B2EE0BA24B8DFE0DB56.e.10989/click - {}
RESULT: {}
COMMAND: GET /session/93f43bcbd844a5d98eb964b157ec9441/screenshot - {}
RESULT: {}
COMMAND: POST /session/93f43bcbd844a5d98eb964b157ec9441/element - {"using":"xpath","value":"//button[contains(@data-kt ,\"btnCreateNewOverflowToolbarButton\")]"}
COMMAND: POST /session/93f43bcbd844a5d98eb964b157ec9441/element - {"using":"xpath","value":"(//span[contains(@class ,\"sapMObjStatusText\")])[1]"}
RESULT: {"using":"xpath","value":"//button[contains(@data-kt ,\"btnCreateNewOverflowToolbarButton\")]"}
COMMAND: POST /session/93f43bcbd844a5d98eb964b157ec9441/element/f.0C3632C05FD2F0739639ED0A0E4218C8.d.C2FB1F3F04BE2B2EE0BA24B8DFE0DB56.e.11046/click - {}
RESULT: {"using":"xpath","value":"(//span[contains(@class ,\"sapMObjStatusText\")])[1]"}
COMMAND: POST /session/93f43bcbd844a5d98eb964b157ec9441/execute/sync - {"script":"<script> [8489 bytes]","args":[{"element-6066-11e4-a52e-4f735466cecf":"f.0C3632C05FD2F0739639ED0A0E4218C8.d.C2FB1F3F04BE2B2EE0BA24B8DFE0DB56.e.11085","ELEMENT":"f.0C3632C05FD2F0739639ED0A0E4218C8.d.C2FB1F3F04BE2B2EE0BA24B8DFE0DB56.e.11085"}]}
RESULT: {}
COMMAND: GET /session/93f43bcbd844a5d98eb964b157ec9441/screenshot - {}
RESULT: {"script":"<script> [8489 bytes]","args":[{"element-6066-11e4-a52e-4f735466cecf":"f.0C3632C05FD2F0739639ED0A0E4218C8.d.C2FB1F3F04BE2B2EE0BA24B8DFE0DB56.e.11085","ELEMENT":"f.0C3632C05FD2F0739639ED0A0E4218C8.d.C2FB1F3F04BE2B2EE0BA24B8DFE0DB56.e.11085"}]}
COMMAND: GET /session/93f43bcbd844a5d98eb964b157ec9441/screenshot - {}
RESULT: {}
RESULT: {}
COMMAND: POST /session/93f43bcbd844a5d98eb964b157ec9441/element - {"using":"xpath","value":"//input[contains(@id ,\"yardId-inner\")]"}
RESULT: {"using":"xpath","value":"//input[contains(@id ,\"yardId-inner\")]"}
COMMAND: POST /session/93f43bcbd844a5d98eb964b157ec9441/execute/sync - {"script":"<script> [8489 bytes]","args":[{"element-6066-11e4-a52e-4f735466cecf":"f.0C3632C05FD2F0739639ED0A0E4218C8.d.C2FB1F3F04BE2B2EE0BA24B8DFE0DB56.e.11291","ELEMENT":"f.0C3632C05FD2F0739639ED0A0E4218C8.d.C2FB1F3F04BE2B2EE0BA24B8DFE0DB56.e.11291"}]}
RESULT: {"script":"<script> [8489 bytes]","args":[{"element-6066-11e4-a52e-4f735466cecf":"f.0C3632C05FD2F0739639ED0A0E4218C8.d.C2FB1F3F04BE2B2EE0BA24B8DFE0DB56.e.11291","ELEMENT":"f.0C3632C05FD2F0739639ED0A0E4218C8.d.C2FB1F3F04BE2B2EE0BA24B8DFE0DB56.e.11291"}]}
COMMAND: POST /session/93f43bcbd844a5d98eb964b157ec9441/element - {"using":"xpath","value":"//input[contains(@id ,\"yardId-inner\")]"}
COMMAND: GET /session/93f43bcbd844a5d98eb964b157ec9441/screenshot - {}
RESULT: {"using":"xpath","value":"//input[contains(@id ,\"yardId-inner\")]"}
COMMAND: GET /session/93f43bcbd844a5d98eb964b157ec9441/element/f.0C3632C05FD2F0739639ED0A0E4218C8.d.C2FB1F3F04BE2B2EE0BA24B8DFE0DB56.e.11291/enabled - {}
RESULT: {}
RESULT: {}
COMMAND: POST /session/93f43bcbd844a5d98eb964b157ec9441/element/f.0C3632C05FD2F0739639ED0A0E4218C8.d.C2FB1F3F04BE2B2EE0BA24B8DFE0DB56.e.11291/clear - {}
COMMAND: GET /session/93f43bcbd844a5d98eb964b157ec9441/screenshot - {}
RESULT: {}
COMMAND: POST /session/93f43bcbd844a5d98eb964b157ec9441/element/f.0C3632C05FD2F0739639ED0A0E4218C8.d.C2FB1F3F04BE2B2EE0BA24B8DFE0DB56.e.11291/value - {"text":"WebdriverYardsvnzc"}
COMMAND: GET /session/93f43bcbd844a5d98eb964b157ec9441/screenshot - {}
RESULT: {}
RESULT: {"text":"WebdriverYardsvnzc"}
COMMAND: GET /session/93f43bcbd844a5d98eb964b157ec9441/screenshot - {}
RESULT: {}
RESULT: {}
COMMAND: POST /session/93f43bcbd844a5d98eb964b157ec9441/element - {"using":"xpath","value":"//input[contains(@id ,\"customerNumber-inner\")]"}
RESULT: {"using":"xpath","value":"//input[contains(@id ,\"customerNumber-inner\")]"}
COMMAND: POST /session/93f43bcbd844a5d98eb964b157ec9441/element/f.0C3632C05FD2F0739639ED0A0E4218C8.d.C2FB1F3F04BE2B2EE0BA24B8DFE0DB56.e.11285/value - {"text":"WebdriverPartnerhbzzz"}
COMMAND: POST /session/93f43bcbd844a5d98eb964b157ec9441/actions - {"actions":[{"id":"action78","type":"key","parameters":{},"actions":[{"type":"keyDown","value":"î€‡"},{"type":"pause","duration":10},{"type":"keyUp","value":"î€‡"}]}]}
RESULT: {"text":"WebdriverPartnerhbzzz"}
COMMAND: GET /session/93f43bcbd844a5d98eb964b157ec9441/screenshot - {}
RESULT: {"actions":[{"id":"action78","type":"key","parameters":{},"actions":[{"type":"keyDown","value":"î€‡"},{"type":"pause","duration":10},{"type":"keyUp","value":"î€‡"}]}]}
COMMAND: GET /session/93f43bcbd844a5d98eb964b157ec9441/screenshot - {}
RESULT: {}
RESULT: {}
COMMAND: POST /session/93f43bcbd844a5d98eb964b157ec9441/element/f.0C3632C05FD2F0739639ED0A0E4218C8.d.C2FB1F3F04BE2B2EE0BA24B8DFE0DB56.e.11291/clear - {}
RESULT: {}
COMMAND: POST /session/93f43bcbd844a5d98eb964b157ec9441/element/f.0C3632C05FD2F0739639ED0A0E4218C8.d.C2FB1F3F04BE2B2EE0BA24B8DFE0DB56.e.11291/clear - {}
COMMAND: GET /session/93f43bcbd844a5d98eb964b157ec9441/screenshot - {}
RESULT: {}
COMMAND: POST /session/93f43bcbd844a5d98eb964b157ec9441/element/f.0C3632C05FD2F0739639ED0A0E4218C8.d.C2FB1F3F04BE2B2EE0BA24B8DFE0DB56.e.11291/value - {"text":"WebdriverYardsvnzc"}
COMMAND: GET /session/93f43bcbd844a5d98eb964b157ec9441/screenshot - {}
RESULT: {}
COMMAND: POST /session/93f43bcbd844a5d98eb964b157ec9441/actions - {"actions":[{"id":"action79","type":"key","parameters":{},"actions":[{"type":"keyDown","value":"î€‡"},{"type":"pause","duration":10},{"type":"keyUp","value":"î€‡"}]}]}
RESULT: {"text":"WebdriverYardsvnzc"}
COMMAND: GET /session/93f43bcbd844a5d98eb964b157ec9441/screenshot - {}
RESULT: {}
RESULT: {"actions":[{"id":"action79","type":"key","parameters":{},"actions":[{"type":"keyDown","value":"î€‡"},{"type":"pause","duration":10},{"type":"keyUp","value":"î€‡"}]}]}
COMMAND: GET /session/93f43bcbd844a5d98eb964b157ec9441/screenshot - {}
RESULT: {}
RESULT: {}
COMMAND: GET /session/93f43bcbd844a5d98eb964b157ec9441/element/f.0C3632C05FD2F0739639ED0A0E4218C8.d.C2FB1F3F04BE2B2EE0BA24B8DFE0DB56.e.11285/property/value - {}
RESULT: {}
COMMAND: POST /session/93f43bcbd844a5d98eb964b157ec9441/element - {"using":"xpath","value":"//input[contains(@id ,\"requestSiteId-inner\")]"}
COMMAND: GET /session/93f43bcbd844a5d98eb964b157ec9441/screenshot - {}
RESULT: {"using":"xpath","value":"//input[contains(@id ,\"requestSiteId-inner\")]"}
COMMAND: POST /session/93f43bcbd844a5d98eb964b157ec9441/element/f.0C3632C05FD2F0739639ED0A0E4218C8.d.C2FB1F3F04BE2B2EE0BA24B8DFE0DB56.e.11284/value - {"text":"WebdriverSiteasz2v"}
COMMAND: POST /session/93f43bcbd844a5d98eb964b157ec9441/actions - {"actions":[{"id":"action80","type":"key","parameters":{},"actions":[{"type":"keyDown","value":"î€‡"},{"type":"pause","duration":10},{"type":"keyUp","value":"î€‡"}]}]}
RESULT: {}
RESULT: {"text":"WebdriverSiteasz2v"}
COMMAND: GET /session/93f43bcbd844a5d98eb964b157ec9441/screenshot - {}
RESULT: {"actions":[{"id":"action80","type":"key","parameters":{},"actions":[{"type":"keyDown","value":"î€‡"},{"type":"pause","duration":10},{"type":"keyUp","value":"î€‡"}]}]}
COMMAND: GET /session/93f43bcbd844a5d98eb964b157ec9441/screenshot - {}
RESULT: {}
RESULT: {}
COMMAND: POST /session/93f43bcbd844a5d98eb964b157ec9441/actions - {"actions":[{"id":"action81","type":"key","parameters":{},"actions":[{"type":"keyDown","value":"î€‡"},{"type":"pause","duration":10},{"type":"keyUp","value":"î€‡"}]}]}
RESULT: {"actions":[{"id":"action81","type":"key","parameters":{},"actions":[{"type":"keyDown","value":"î€‡"},{"type":"pause","duration":10},{"type":"keyUp","value":"î€‡"}]}]}
COMMAND: GET /session/93f43bcbd844a5d98eb964b157ec9441/screenshot - {}
RESULT: {}
COMMAND: POST /session/93f43bcbd844a5d98eb964b157ec9441/element - {"using":"xpath","value":"//button[contains(@data-kt ,\"requestItemAddOverflowToolbarButton\")]"}
RESULT: {"using":"xpath","value":"//button[contains(@data-kt ,\"requestItemAddOverflowToolbarButton\")]"}
COMMAND: POST /session/93f43bcbd844a5d98eb964b157ec9441/element/f.0C3632C05FD2F0739639ED0A0E4218C8.d.C2FB1F3F04BE2B2EE0BA24B8DFE0DB56.e.11263/click - {}
RESULT: {}
COMMAND: GET /session/93f43bcbd844a5d98eb964b157ec9441/screenshot - {}
RESULT: {}
COMMAND: POST /session/93f43bcbd844a5d98eb964b157ec9441/actions - {"actions":[{"id":"action82","type":"key","parameters":{},"actions":[{"type":"keyDown","value":"î€•"},{"type":"pause","duration":10},{"type":"keyUp","value":"î€•"}]}]}
RESULT: {"actions":[{"id":"action82","type":"key","parameters":{},"actions":[{"type":"keyDown","value":"î€•"},{"type":"pause","duration":10},{"type":"keyUp","value":"î€•"}]}]}
COMMAND: POST /session/93f43bcbd844a5d98eb964b157ec9441/actions - {"actions":[{"id":"action83","type":"key","parameters":{},"actions":[{"type":"keyDown","value":"î€‡"},{"type":"pause","duration":10},{"type":"keyUp","value":"î€‡"}]}]}
COMMAND: GET /session/93f43bcbd844a5d98eb964b157ec9441/screenshot - {}
RESULT: {"actions":[{"id":"action83","type":"key","parameters":{},"actions":[{"type":"keyDown","value":"î€‡"},{"type":"pause","duration":10},{"type":"keyUp","value":"î€‡"}]}]}
COMMAND: GET /session/93f43bcbd844a5d98eb964b157ec9441/screenshot - {}
RESULT: {}
RESULT: {}
COMMAND: POST /session/93f43bcbd844a5d98eb964b157ec9441/element - {"using":"xpath","value":"(//input[contains(@id ,\"requestItemsTable-0-inner\")])[1]"}
RESULT: {"using":"xpath","value":"(//input[contains(@id ,\"requestItemsTable-0-inner\")])[1]"}
COMMAND: POST /session/93f43bcbd844a5d98eb964b157ec9441/element/f.0C3632C05FD2F0739639ED0A0E4218C8.d.C2FB1F3F04BE2B2EE0BA24B8DFE0DB56.e.11461/clear - {}
RESULT: {}
COMMAND: POST /session/93f43bcbd844a5d98eb964b157ec9441/element/f.0C3632C05FD2F0739639ED0A0E4218C8.d.C2FB1F3F04BE2B2EE0BA24B8DFE0DB56.e.11461/value - {"text":"catalogItemlh8mri"}
COMMAND: GET /session/93f43bcbd844a5d98eb964b157ec9441/screenshot - {}
RESULT: {"text":"catalogItemlh8mri"}
COMMAND: GET /session/93f43bcbd844a5d98eb964b157ec9441/screenshot - {}
RESULT: {}
RESULT: {}
COMMAND: POST /session/93f43bcbd844a5d98eb964b157ec9441/actions - {"actions":[{"id":"action84","type":"key","parameters":{},"actions":[{"type":"keyDown","value":"î€‡"},{"type":"pause","duration":10},{"type":"keyUp","value":"î€‡"}]}]}
RESULT: {"actions":[{"id":"action84","type":"key","parameters":{},"actions":[{"type":"keyDown","value":"î€‡"},{"type":"pause","duration":10},{"type":"keyUp","value":"î€‡"}]}]}
COMMAND: GET /session/93f43bcbd844a5d98eb964b157ec9441/screenshot - {}
RESULT: {}
COMMAND: POST /session/93f43bcbd844a5d98eb964b157ec9441/execute/async - {"script":"<script> [1562 bytes]","args":[{"selector":{"controlType":"sap.ui.core.Icon","viewName":"etm.portal.ui.managerequests.view.NewRequest","properties":{"src":{"regex":{"source":"slim\\-arrow\\-down"}}},"ancestor":{"controlType":"sap.m.Button","viewName":"etm.portal.ui.managerequests.view.NewRequest","properties":{"icon":"sap-icon://slim-arrow-down"}}},"wdio_ui5_key":"etmportal.ui.managerequests.view.NewRequestsap.ui.core.Icon{\"src\":{\"regex\":{\"source\":\"slim\\\\-arrow\\\\-down\"}}}{\"controlType\":\"sap.m.Button\",\"viewName\":\"etm.portal.ui.managerequests.view.NewRequest\",\"properties\":{\"icon\":\"sap-icon://slim-arrow-down\"}}"}]}
RESULT: {"script":"<script> [1562 bytes]","args":[{"selector":{"controlType":"sap.ui.core.Icon","viewName":"etm.portal.ui.managerequests.view.NewRequest","properties":{"src":{"regex":{"source":"slim\\-arrow\\-down"}}},"ancestor":{"controlType":"sap.m.Button","viewName":"etm.portal.ui.managerequests.view.NewRequest","properties":{"icon":"sap-icon://slim-arrow-down"}}},"wdio_ui5_key":"etmportal.ui.managerequests.view.NewRequestsap.ui.core.Icon{\"src\":{\"regex\":{\"source\":\"slim\\\\-arrow\\\\-down\"}}}{\"controlType\":\"sap.m.Button\",\"viewName\":\"etm.portal.ui.managerequests.view.NewRequest\",\"properties\":{\"icon\":\"sap-icon://slim-arrow-down\"}}"}]}
RESULT: undefined
COMMAND: POST /session/93f43bcbd844a5d98eb964b157ec9441/element - {"using":"xpath","value":"//div[contains(@data-kt ,\"splitAllocationObjectStatus\")]"}
RESULT: {"using":"xpath","value":"//div[contains(@data-kt ,\"splitAllocationObjectStatus\")]"}
COMMAND: POST /session/93f43bcbd844a5d98eb964b157ec9441/elements - {"using":"xpath","value":"//div[contains(@data-kt ,\"splitAllocationObjectStatus\")]"}
RESULT: {"using":"xpath","value":"//div[contains(@data-kt ,\"splitAllocationObjectStatus\")]"}
COMMAND: POST /session/93f43bcbd844a5d98eb964b157ec9441/execute/async - {"script":"<script> [1562 bytes]","args":[{"selector":{"controlType":"sap.ui.core.Icon","viewName":"etm.portal.ui.managerequests.view.NewRequest","properties":{"src":{"regex":{"source":"message\\-error"}}}},"wdio_ui5_key":"etmportal.ui.managerequests.view.NewRequestsap.ui.core.Icon{\"src\":{\"regex\":{\"source\":\"message\\\\-error\"}}}"}]}
RESULT: {"script":"<script> [1562 bytes]","args":[{"selector":{"controlType":"sap.ui.core.Icon","viewName":"etm.portal.ui.managerequests.view.NewRequest","properties":{"src":{"regex":{"source":"message\\-error"}}}},"wdio_ui5_key":"etmportal.ui.managerequests.view.NewRequestsap.ui.core.Icon{\"src\":{\"regex\":{\"source\":\"message\\\\-error\"}}}"}]}
RESULT: undefined
COMMAND: POST /session/93f43bcbd844a5d98eb964b157ec9441/element - {"using":"xpath","value":"//*[@id=\"__status4-__xmlview59--requestItemsTable-0-icon\"]"}
RESULT: {"using":"xpath","value":"//*[@id=\"__status4-__xmlview59--requestItemsTable-0-icon\"]"}
COMMAND: POST /session/93f43bcbd844a5d98eb964b157ec9441/element/f.0C3632C05FD2F0739639ED0A0E4218C8.d.C2FB1F3F04BE2B2EE0BA24B8DFE0DB56.e.11477/click - {}
RESULT: {}
COMMAND: POST /session/93f43bcbd844a5d98eb964b157ec9441/execute/async - {"script":"<script> [1562 bytes]","args":[{"selector":{"controlType":"sap.ui.core.Icon","viewName":"etm.portal.ui.managerequests.view.NewRequest","properties":{"src":{"regex":{"source":"slim\\-arrow\\-down"}}},"searchOpenDialogs":true,"ancestor":{"id":"costObjectAdminTypeComboBox","viewName":"etm.portal.ui.managerequests.view.NewRequest","searchOpenDialogs":true}},"wdio_ui5_key":"etmportal.ui.managerequests.view.NewRequestsap.ui.core.Icon{\"src\":{\"regex\":{\"source\":\"slim\\\\-arrow\\\\-down\"}}}{\"id\":\"costObjectAdminTypeComboBox\",\"viewName\":\"etm.portal.ui.managerequests.view.NewRequest\",\"searchOpenDialogs\":true}"}]}
COMMAND: GET /session/93f43bcbd844a5d98eb964b157ec9441/screenshot - {}
RESULT: {"script":"<script> [1562 bytes]","args":[{"selector":{"controlType":"sap.ui.core.Icon","viewName":"etm.portal.ui.managerequests.view.NewRequest","properties":{"src":{"regex":{"source":"slim\\-arrow\\-down"}}},"searchOpenDialogs":true,"ancestor":{"id":"costObjectAdminTypeComboBox","viewName":"etm.portal.ui.managerequests.view.NewRequest","searchOpenDialogs":true}},"wdio_ui5_key":"etmportal.ui.managerequests.view.NewRequestsap.ui.core.Icon{\"src\":{\"regex\":{\"source\":\"slim\\\\-arrow\\\\-down\"}}}{\"id\":\"costObjectAdminTypeComboBox\",\"viewName\":\"etm.portal.ui.managerequests.view.NewRequest\",\"searchOpenDialogs\":true}"}]}
RESULT: undefined
COMMAND: POST /session/93f43bcbd844a5d98eb964b157ec9441/element - {"using":"xpath","value":"//*[@id=\"__xmlview59--costObjectAdminTypeComboBox-arrow\"]"}
RESULT: {}
RESULT: {"using":"xpath","value":"//*[@id=\"__xmlview59--costObjectAdminTypeComboBox-arrow\"]"}
COMMAND: POST /session/93f43bcbd844a5d98eb964b157ec9441/element/f.0C3632C05FD2F0739639ED0A0E4218C8.d.C2FB1F3F04BE2B2EE0BA24B8DFE0DB56.e.11482/click - {}
RESULT: {}
COMMAND: POST /session/93f43bcbd844a5d98eb964b157ec9441/execute/async - {"script":"<script> [1562 bytes]","args":[{"selector":{"controlType":"sap.m.StandardListItem","viewName":"etm.portal.ui.managerequests.view.NewRequest","properties":{"title":"Cost Center"},"searchOpenDialogs":true,"interaction":{"idSuffix":"titleText"}},"wdio_ui5_key":"etmportal.ui.managerequests.view.NewRequestsap.m.StandardListItem{\"title\":\"Cost Center\"}"}]}
COMMAND: GET /session/93f43bcbd844a5d98eb964b157ec9441/screenshot - {}
RESULT: {"script":"<script> [1562 bytes]","args":[{"selector":{"controlType":"sap.m.StandardListItem","viewName":"etm.portal.ui.managerequests.view.NewRequest","properties":{"title":"Cost Center"},"searchOpenDialogs":true,"interaction":{"idSuffix":"titleText"}},"wdio_ui5_key":"etmportal.ui.managerequests.view.NewRequestsap.m.StandardListItem{\"title\":\"Cost Center\"}"}]}
RESULT: undefined
COMMAND: POST /session/93f43bcbd844a5d98eb964b157ec9441/element - {"using":"xpath","value":"//*[@id=\"__item679\"]"}
RESULT: {}
RESULT: {"using":"xpath","value":"//*[@id=\"__item679\"]"}
COMMAND: POST /session/93f43bcbd844a5d98eb964b157ec9441/element/f.0C3632C05FD2F0739639ED0A0E4218C8.d.C2FB1F3F04BE2B2EE0BA24B8DFE0DB56.e.11485/click - {}
RESULT: {}
COMMAND: GET /session/93f43bcbd844a5d98eb964b157ec9441/screenshot - {}
RESULT: {}
COMMAND: POST /session/93f43bcbd844a5d98eb964b157ec9441/execute/async - {"script":"<script> [1562 bytes]","args":[{"selector":{"controlType":"sap.ui.core.Icon","viewName":"etm.portal.ui.managerequests.view.NewRequest","properties":{"src":{"regex":{"source":"value\\-help"}}},"searchOpenDialogs":true},"wdio_ui5_key":"etmportal.ui.managerequests.view.NewRequestsap.ui.core.Icon{\"src\":{\"regex\":{\"source\":\"value\\\\-help\"}}}"}]}
RESULT: {"script":"<script> [1562 bytes]","args":[{"selector":{"controlType":"sap.ui.core.Icon","viewName":"etm.portal.ui.managerequests.view.NewRequest","properties":{"src":{"regex":{"source":"value\\-help"}}},"searchOpenDialogs":true},"wdio_ui5_key":"etmportal.ui.managerequests.view.NewRequestsap.ui.core.Icon{\"src\":{\"regex\":{\"source\":\"value\\\\-help\"}}}"}]}
RESULT: undefined
COMMAND: POST /session/93f43bcbd844a5d98eb964b157ec9441/element - {"using":"xpath","value":"//*[@id=\"__xmlview59--costObjectIdComboBox-vhi\"]"}
RESULT: {"using":"xpath","value":"//*[@id=\"__xmlview59--costObjectIdComboBox-vhi\"]"}
COMMAND: POST /session/93f43bcbd844a5d98eb964b157ec9441/element/f.0C3632C05FD2F0739639ED0A0E4218C8.d.C2FB1F3F04BE2B2EE0BA24B8DFE0DB56.e.11493/click - {}
RESULT: {}
COMMAND: POST /session/93f43bcbd844a5d98eb964b157ec9441/execute/async - {"script":"<script> [1562 bytes]","args":[{"selector":{"controlType":"sap.m.SearchField","properties":{"placeholder":"Search"},"searchOpenDialogs":true,"interaction":{"idSuffix":"I"}},"wdio_ui5_key":"sapm.SearchField{\"placeholder\":\"Search\"}"}]}
COMMAND: GET /session/93f43bcbd844a5d98eb964b157ec9441/screenshot - {}
RESULT: {"script":"<script> [1562 bytes]","args":[{"selector":{"controlType":"sap.m.SearchField","properties":{"placeholder":"Search"},"searchOpenDialogs":true,"interaction":{"idSuffix":"I"}},"wdio_ui5_key":"sapm.SearchField{\"placeholder\":\"Search\"}"}]}
RESULT: undefined
COMMAND: POST /session/93f43bcbd844a5d98eb964b157ec9441/execute/async - {"script":"<script> [776 bytes]","args":[{"enterText":"10001010","selector":{"controlType":"sap.m.SearchField","properties":{"placeholder":"Search"},"searchOpenDialogs":true,"interaction":{"idSuffix":"I"}},"clearTextFirst":true,"interactionType":"ENTER_TEXT"}]}
RESULT: {}
RESULT: {"script":"<script> [776 bytes]","args":[{"enterText":"10001010","selector":{"controlType":"sap.m.SearchField","properties":{"placeholder":"Search"},"searchOpenDialogs":true,"interaction":{"idSuffix":"I"}},"clearTextFirst":true,"interactionType":"ENTER_TEXT"}]}
COMMAND: POST /session/93f43bcbd844a5d98eb964b157ec9441/actions - {"actions":[{"id":"action85","type":"key","parameters":{},"actions":[{"type":"keyDown","value":"î€‡"},{"type":"pause","duration":10},{"type":"keyUp","value":"î€‡"}]}]}
RESULT: {"actions":[{"id":"action85","type":"key","parameters":{},"actions":[{"type":"keyDown","value":"î€‡"},{"type":"pause","duration":10},{"type":"keyUp","value":"î€‡"}]}]}
COMMAND: GET /session/93f43bcbd844a5d98eb964b157ec9441/screenshot - {}
RESULT: {}
COMMAND: POST /session/93f43bcbd844a5d98eb964b157ec9441/execute/async - {"script":"<script> [1562 bytes]","args":[{"selector":{"controlType":"sap.m.Text","bindingPath":{"path":"/C_CostCtrValueHelp(CostCenter='10001010',ControllingArea='Z001')","propertyPath":"CostCenterName","modelName":"CostCenterModel"},"searchOpenDialogs":true},"wdio_ui5_key":"sapm.Text{\"path\":\"/C_CostCtrValueHelp(CostCenter='10001010',ControllingArea='Z001')\",\"propertyPath\":\"CostCenterName\",\"modelName\":\"CostCenterModel\"}"}]}
RESULT: {"script":"<script> [1562 bytes]","args":[{"selector":{"controlType":"sap.m.Text","bindingPath":{"path":"/C_CostCtrValueHelp(CostCenter='10001010',ControllingArea='Z001')","propertyPath":"CostCenterName","modelName":"CostCenterModel"},"searchOpenDialogs":true},"wdio_ui5_key":"sapm.Text{\"path\":\"/C_CostCtrValueHelp(CostCenter='10001010',ControllingArea='Z001')\",\"propertyPath\":\"CostCenterName\",\"modelName\":\"CostCenterModel\"}"}]}
RESULT: undefined
COMMAND: POST /session/93f43bcbd844a5d98eb964b157ec9441/element - {"using":"xpath","value":"//*[@id=\"__text291-__clone812\"]"}
RESULT: {"using":"xpath","value":"//*[@id=\"__text291-__clone812\"]"}
COMMAND: POST /session/93f43bcbd844a5d98eb964b157ec9441/element/f.0C3632C05FD2F0739639ED0A0E4218C8.d.C2FB1F3F04BE2B2EE0BA24B8DFE0DB56.e.11534/click - {}
RESULT: {}
COMMAND: POST /session/93f43bcbd844a5d98eb964b157ec9441/execute/async - {"script":"<script> [1562 bytes]","args":[{"selector":{"controlType":"sap.m.Button","properties":{"text":"OK"},"searchOpenDialogs":true,"interaction":{"idSuffix":"BDI-content"}},"wdio_ui5_key":"sapm.Button{\"text\":\"OK\"}"}]}
COMMAND: GET /session/93f43bcbd844a5d98eb964b157ec9441/screenshot - {}
RESULT: {"script":"<script> [1562 bytes]","args":[{"selector":{"controlType":"sap.m.Button","properties":{"text":"OK"},"searchOpenDialogs":true,"interaction":{"idSuffix":"BDI-content"}},"wdio_ui5_key":"sapm.Button{\"text\":\"OK\"}"}]}
RESULT: undefined
COMMAND: POST /session/93f43bcbd844a5d98eb964b157ec9441/element - {"using":"xpath","value":"//*[@id=\"__dialog1-ok\"]"}
RESULT: {}
RESULT: {"using":"xpath","value":"//*[@id=\"__dialog1-ok\"]"}
COMMAND: POST /session/93f43bcbd844a5d98eb964b157ec9441/element/f.0C3632C05FD2F0739639ED0A0E4218C8.d.C2FB1F3F04BE2B2EE0BA24B8DFE0DB56.e.11536/click - {}
RESULT: {}
COMMAND: GET /session/93f43bcbd844a5d98eb964b157ec9441/screenshot - {}
RESULT: {}
COMMAND: POST /session/93f43bcbd844a5d98eb964b157ec9441/execute/async - {"script":"<script> [1562 bytes]","args":[{"selector":{"controlType":"sap.m.Button","viewName":"etm.portal.ui.managerequests.view.NewRequest","i18NText":{"propertyName":"text","key":"save"},"searchOpenDialogs":true,"interaction":{"idSuffix":"BDI-content"}},"wdio_ui5_key":"etmportal.ui.managerequests.view.NewRequestsap.m.Button{\"propertyName\":\"text\",\"key\":\"save\"}"}]}
RESULT: {"script":"<script> [1562 bytes]","args":[{"selector":{"controlType":"sap.m.Button","viewName":"etm.portal.ui.managerequests.view.NewRequest","i18NText":{"propertyName":"text","key":"save"},"searchOpenDialogs":true,"interaction":{"idSuffix":"BDI-content"}},"wdio_ui5_key":"etmportal.ui.managerequests.view.NewRequestsap.m.Button{\"propertyName\":\"text\",\"key\":\"save\"}"}]}
RESULT: undefined
COMMAND: POST /session/93f43bcbd844a5d98eb964b157ec9441/element - {"using":"xpath","value":"//*[@id=\"__button24\"]"}
RESULT: {"using":"xpath","value":"//*[@id=\"__button24\"]"}
COMMAND: POST /session/93f43bcbd844a5d98eb964b157ec9441/element/f.0C3632C05FD2F0739639ED0A0E4218C8.d.C2FB1F3F04BE2B2EE0BA24B8DFE0DB56.e.11540/click - {}
RESULT: {}
COMMAND: GET /session/93f43bcbd844a5d98eb964b157ec9441/screenshot - {}
RESULT: {}
COMMAND: POST /session/93f43bcbd844a5d98eb964b157ec9441/element - {"using":"xpath","value":"(//bdi[contains(text() ,\"Save\")])[1]"}
RESULT: {"using":"xpath","value":"(//bdi[contains(text() ,\"Save\")])[1]"}
COMMAND: POST /session/93f43bcbd844a5d98eb964b157ec9441/element/f.0C3632C05FD2F0739639ED0A0E4218C8.d.C2FB1F3F04BE2B2EE0BA24B8DFE0DB56.e.11542/click - {}
RESULT: {}
COMMAND: GET /session/93f43bcbd844a5d98eb964b157ec9441/screenshot - {}
RESULT: {}
COMMAND: POST /session/93f43bcbd844a5d98eb964b157ec9441/execute/async - {"script":"<script> [1562 bytes]","args":[{"selector":{"controlType":"sap.m.Title","properties":{"text":"Success"},"searchOpenDialogs":true},"wdio_ui5_key":"sapm.Title{\"text\":\"Success\"}"}]}
RESULT: {"script":"<script> [1562 bytes]","args":[{"selector":{"controlType":"sap.m.Title","properties":{"text":"Success"},"searchOpenDialogs":true},"wdio_ui5_key":"sapm.Title{\"text\":\"Success\"}"}]}
RESULT: undefined
COMMAND: POST /session/93f43bcbd844a5d98eb964b157ec9441/execute/async - {"script":"<script> [6424 bytes]","args":[{"element-6066-11e4-a52e-4f735466cecf":"f.0C3632C05FD2F0739639ED0A0E4218C8.d.C2FB1F3F04BE2B2EE0BA24B8DFE0DB56.e.11546"},"getText",[]]}
RESULT: {"script":"<script> [6424 bytes]","args":[{"element-6066-11e4-a52e-4f735466cecf":"f.0C3632C05FD2F0739639ED0A0E4218C8.d.C2FB1F3F04BE2B2EE0BA24B8DFE0DB56.e.11546"},"getText",[]]}
COMMAND: POST /session/93f43bcbd844a5d98eb964b157ec9441/execute/async - {"script":"<script> [1562 bytes]","args":[{"selector":{"controlType":"sap.m.Button","properties":{"text":"Close"},"searchOpenDialogs":true,"interaction":{"idSuffix":"BDI-content"}},"wdio_ui5_key":"sapm.Button{\"text\":\"Close\"}"}]}
RESULT: {"script":"<script> [1562 bytes]","args":[{"selector":{"controlType":"sap.m.Button","properties":{"text":"Close"},"searchOpenDialogs":true,"interaction":{"idSuffix":"BDI-content"}},"wdio_ui5_key":"sapm.Button{\"text\":\"Close\"}"}]}
RESULT: undefined
COMMAND: POST /session/93f43bcbd844a5d98eb964b157ec9441/element - {"using":"xpath","value":"//*[@id=\"__mbox-btn-0\"]"}
RESULT: {"using":"xpath","value":"//*[@id=\"__mbox-btn-0\"]"}
COMMAND: POST /session/93f43bcbd844a5d98eb964b157ec9441/element/f.0C3632C05FD2F0739639ED0A0E4218C8.d.C2FB1F3F04BE2B2EE0BA24B8DFE0DB56.e.11544/click - {}
RESULT: {}
COMMAND: GET /session/93f43bcbd844a5d98eb964b157ec9441/screenshot - {}
RESULT: {}
COMMAND: POST /session/93f43bcbd844a5d98eb964b157ec9441/execute/async - {"script":"<script> [1562 bytes]","args":[{"selector":{"controlType":"sap.m.Text","viewName":"etm.portal.ui.managerequests.view.Detail","bindingPath":{"propertyPath":"NO","modelName":"catalogModel"}},"wdio_ui5_key":"etmportal.ui.managerequests.view.Detailsap.m.Text{\"propertyPath\":\"NO\",\"modelName\":\"catalogModel\"}"}]}
RESULT: {"script":"<script> [1562 bytes]","args":[{"selector":{"controlType":"sap.m.Text","viewName":"etm.portal.ui.managerequests.view.Detail","bindingPath":{"propertyPath":"NO","modelName":"catalogModel"}},"wdio_ui5_key":"etmportal.ui.managerequests.view.Detailsap.m.Text{\"propertyPath\":\"NO\",\"modelName\":\"catalogModel\"}"}]}
RESULT: undefined
COMMAND: POST /session/93f43bcbd844a5d98eb964b157ec9441/execute/async - {"script":"<script> [6424 bytes]","args":[{"element-6066-11e4-a52e-4f735466cecf":"f.0C3632C05FD2F0739639ED0A0E4218C8.d.C2FB1F3F04BE2B2EE0BA24B8DFE0DB56.e.11672"},"getText",[]]}
RESULT: {"script":"<script> [6424 bytes]","args":[{"element-6066-11e4-a52e-4f735466cecf":"f.0C3632C05FD2F0739639ED0A0E4218C8.d.C2FB1F3F04BE2B2EE0BA24B8DFE0DB56.e.11672"},"getText",[]]}
COMMAND: POST /session/93f43bcbd844a5d98eb964b157ec9441/execute/async - {"script":"<script> [1562 bytes]","args":[{"selector":{"controlType":"sap.ui.core.Icon","viewName":"etm.portal.ui.managerequests.view.Detail","properties":{"src":{"regex":{"source":"date\\-time"}}},"ancestor":{"controlType":"sap.m.ColumnListItem","viewName":"etm.portal.ui.managerequests.view.Detail","bindingPath":{"path":"/SmartRequestItemsPlanningBoard(ITEM=10m,REQUEST='20244')"},"ancestor":{"id":"requestItemsTable","viewName":"etm.portal.ui.managerequests.view.Detail"}}},"wdio_ui5_key":"etmportal.ui.managerequests.view.Detailsap.ui.core.Icon{\"src\":{\"regex\":{\"source\":\"date\\\\-time\"}}}{\"controlType\":\"sap.m.ColumnListItem\",\"viewName\":\"etm.portal.ui.managerequests.view.Detail\",\"bindingPath\":{\"path\":\"/SmartRequestItemsPlanningBoard(ITEM=10m,REQUEST='20244')\"},\"ancestor\":{\"id\":\"requestItemsTable\",\"viewName\":\"etm.portal.ui.managerequests.view.Detail\"}}"}]}
RESULT: {"script":"<script> [1562 bytes]","args":[{"selector":{"controlType":"sap.ui.core.Icon","viewName":"etm.portal.ui.managerequests.view.Detail","properties":{"src":{"regex":{"source":"date\\-time"}}},"ancestor":{"controlType":"sap.m.ColumnListItem","viewName":"etm.portal.ui.managerequests.view.Detail","bindingPath":{"path":"/SmartRequestItemsPlanningBoard(ITEM=10m,REQUEST='20244')"},"ancestor":{"id":"requestItemsTable","viewName":"etm.portal.ui.managerequests.view.Detail"}}},"wdio_ui5_key":"etmportal.ui.managerequests.view.Detailsap.ui.core.Icon{\"src\":{\"regex\":{\"source\":\"date\\\\-time\"}}}{\"controlType\":\"sap.m.ColumnListItem\",\"viewName\":\"etm.portal.ui.managerequests.view.Detail\",\"bindingPath\":{\"path\":\"/SmartRequestItemsPlanningBoard(ITEM=10m,REQUEST='20244')\"},\"ancestor\":{\"id\":\"requestItemsTable\",\"viewName\":\"etm.portal.ui.managerequests.view.Detail\"}}"}]}
RESULT: undefined
COMMAND: POST /session/93f43bcbd844a5d98eb964b157ec9441/element - {"using":"xpath","value":"//*[@id=\"__button39-__clone851-img\"]"}
RESULT: {"using":"xpath","value":"//*[@id=\"__button39-__clone851-img\"]"}
COMMAND: POST /session/93f43bcbd844a5d98eb964b157ec9441/element/f.0C3632C05FD2F0739639ED0A0E4218C8.d.C2FB1F3F04BE2B2EE0BA24B8DFE0DB56.e.11673/click - {}
RESULT: {}
COMMAND: POST /session/93f43bcbd844a5d98eb964b157ec9441/execute/async - {"script":"<script> [1562 bytes]","args":[{"selector":{"controlType":"sap.m.Button","viewName":"etm.portal.ui.managerequests.view.Detail","properties":{"text":"Close"},"searchOpenDialogs":true,"interaction":{"idSuffix":"BDI-content"}},"wdio_ui5_key":"etmportal.ui.managerequests.view.Detailsap.m.Button{\"text\":\"Close\"}"}]}
COMMAND: GET /session/93f43bcbd844a5d98eb964b157ec9441/screenshot - {}
RESULT: {"script":"<script> [1562 bytes]","args":[{"selector":{"controlType":"sap.m.Button","viewName":"etm.portal.ui.managerequests.view.Detail","properties":{"text":"Close"},"searchOpenDialogs":true,"interaction":{"idSuffix":"BDI-content"}},"wdio_ui5_key":"etmportal.ui.managerequests.view.Detailsap.m.Button{\"text\":\"Close\"}"}]}
RESULT: undefined
COMMAND: POST /session/93f43bcbd844a5d98eb964b157ec9441/element - {"using":"xpath","value":"//*[@id=\"__button49\"]"}
RESULT: {}
RESULT: {"using":"xpath","value":"//*[@id=\"__button49\"]"}
COMMAND: POST /session/93f43bcbd844a5d98eb964b157ec9441/element/f.0C3632C05FD2F0739639ED0A0E4218C8.d.C2FB1F3F04BE2B2EE0BA24B8DFE0DB56.e.11676/click - {}
RESULT: {}
COMMAND: POST /session/93f43bcbd844a5d98eb964b157ec9441/refresh - {}
COMMAND: GET /session/93f43bcbd844a5d98eb964b157ec9441/screenshot - {}
RESULT: {}
COMMAND: GET /session/93f43bcbd844a5d98eb964b157ec9441/screenshot - {}
RESULT: {}
RESULT: {}
COMMAND: POST /session/93f43bcbd844a5d98eb964b157ec9441/execute/async - {"script":"<script> [189 bytes]","args":[]}
RESULT: {"script":"<script> [189 bytes]","args":[]}
COMMAND: POST /session/93f43bcbd844a5d98eb964b157ec9441/execute/async - {"script":"<script> [123 bytes]","args":[]}
RESULT: {"script":"<script> [123 bytes]","args":[]}
COMMAND: POST /session/93f43bcbd844a5d98eb964b157ec9441/timeouts - {"script":"<number>"}
RESULT: {"script":"<number>"}
COMMAND: GET /session/93f43bcbd844a5d98eb964b157ec9441/timeouts - {}
RESULT: {}
RESULT: undefined
COMMAND: POST /session/93f43bcbd844a5d98eb964b157ec9441/execute/async - {"script":"<script> [2676 bytes]","args":[]}
RESULT: {"script":"<script> [2676 bytes]","args":[]}
COMMAND: POST /session/93f43bcbd844a5d98eb964b157ec9441/execute/async - {"script":"<script> [2342 bytes]","args":[{"protocol":"http","hostname":"0.0.0.0","path":"/","capabilities":{"browserName":"chrome","goog:chromeOptions":{"binary":"C:\\Program Files\\Google\\Chrome\\Application\\chrome.exe","args":["--start-maximized"]}},"logLevel":"warn","connectionRetryTimeout":120000,"connectionRetryCount":3,"logLevels":{},"enableDirectConnect":true,"strictSSL":true,"_":"65 more keys: [\"cacheDir\",\"port\",\"requestedCapabilities\",\"automationProtocol\",\"baseUrl\",\"waitforInterval\",\"waitforTimeout\",\"onReload\",\"beforeCommand\",\"afterCommand\",\"rootDir\",\"specs\",\"suites\",\"exclude\",\"groupLogsByTestSpec\",\"excludeDriverLogs\",\"bail\",\"framework\",\"reporters\",\"services\",\"maxInstances\",\"maxInstancesPerCapability\",\"injectGlobals\",\"filesToWatch\",\"execArgv\",\"runnerEnv\",\"runner\",\"shard\",\"specFileRetries\",\"specFileRetriesDelay\",\"specFileRetriesDeferred\",\"reporterSyncInterval\",\"reporterSyncTimeout\",\"cucumberFeaturesWithLineNumbers\",\"autoCompileOpts\",\"mochaOpts\",\"jasmineOpts\",\"cucumberOpts\",\"onPrepare\",\"onWorkerStart\",\"onWorkerEnd\",\"before\",\"beforeSession\",\"beforeSuite\",\"beforeHook\",\"beforeTest\",\"afterTest\",\"afterHook\",\"afterSuite\",\"afterSession\",\"after\",\"onComplete\",\"beforeAssertion\",\"afterAssertion\",\"beforeFeature\",\"beforeScenario\",\"beforeStep\",\"afterStep\",\"afterScenario\",\"afterFeature\",\"_\",\"suite\",\"$0\",\"ignoredWorkerServices\",\"wdi5\"]"}]}
RESULT: {"script":"<script> [2342 bytes]","args":[{"protocol":"http","hostname":"0.0.0.0","path":"/","capabilities":{"browserName":"chrome","goog:chromeOptions":{"binary":"C:\\Program Files\\Google\\Chrome\\Application\\chrome.exe","args":["--start-maximized"]}},"logLevel":"warn","connectionRetryTimeout":120000,"connectionRetryCount":3,"logLevels":{},"enableDirectConnect":true,"strictSSL":true,"_":"65 more keys: [\"cacheDir\",\"port\",\"requestedCapabilities\",\"automationProtocol\",\"baseUrl\",\"waitforInterval\",\"waitforTimeout\",\"onReload\",\"beforeCommand\",\"afterCommand\",\"rootDir\",\"specs\",\"suites\",\"exclude\",\"groupLogsByTestSpec\",\"excludeDriverLogs\",\"bail\",\"framework\",\"reporters\",\"services\",\"maxInstances\",\"maxInstancesPerCapability\",\"injectGlobals\",\"filesToWatch\",\"execArgv\",\"runnerEnv\",\"runner\",\"shard\",\"specFileRetries\",\"specFileRetriesDelay\",\"specFileRetriesDeferred\",\"reporterSyncInterval\",\"reporterSyncTimeout\",\"cucumberFeaturesWithLineNumbers\",\"autoCompileOpts\",\"mochaOpts\",\"jasmineOpts\",\"cucumberOpts\",\"onPrepare\",\"onWorkerStart\",\"onWorkerEnd\",\"before\",\"beforeSession\",\"beforeSuite\",\"beforeHook\",\"beforeTest\",\"afterTest\",\"afterHook\",\"afterSuite\",\"afterSession\",\"after\",\"onComplete\",\"beforeAssertion\",\"afterAssertion\",\"beforeFeature\",\"beforeScenario\",\"beforeStep\",\"afterStep\",\"afterScenario\",\"afterFeature\",\"_\",\"suite\",\"$0\",\"ignoredWorkerServices\",\"wdi5\"]"}]}
COMMAND: POST /session/93f43bcbd844a5d98eb964b157ec9441/execute/async - {"script":"<script> [21126 bytes]","args":[35000]}
RESULT: {"script":"<script> [21126 bytes]","args":[35000]}
]]></system-out>
    </testcase>
    <testcase classname="chrome.135_0_7049_96.windows.Process_request_items_into_new_quotation_US120163" name="Should process the request into a new quotation" time="63.513">
      <system-out><![CDATA[
COMMAND: GET /session/93f43bcbd844a5d98eb964b157ec9441/window - {}
RESULT: {}
COMMAND: POST /session/93f43bcbd844a5d98eb964b157ec9441/element - {"using":"xpath","value":"//span[contains(@id ,\"detailHeaderTitle-_actionsToolbar-overflowButton-img\")]"}
RESULT: {"using":"xpath","value":"//span[contains(@id ,\"detailHeaderTitle-_actionsToolbar-overflowButton-img\")]"}
COMMAND: POST /session/93f43bcbd844a5d98eb964b157ec9441/element/f.0C3632C05FD2F0739639ED0A0E4218C8.d.0AE3168FF0EC85253331AC578C5E62E0.e.11897/click - {}
RESULT: {}
COMMAND: GET /session/93f43bcbd844a5d98eb964b157ec9441/screenshot - {}
RESULT: {}
COMMAND: POST /session/93f43bcbd844a5d98eb964b157ec9441/element - {"using":"xpath","value":"//span[contains(@id ,\"actionsMenuButton-internalSplitBtn-arrowButton-img\")]"}
RESULT: {"using":"xpath","value":"//span[contains(@id ,\"actionsMenuButton-internalSplitBtn-arrowButton-img\")]"}
COMMAND: POST /session/93f43bcbd844a5d98eb964b157ec9441/element/f.0C3632C05FD2F0739639ED0A0E4218C8.d.0AE3168FF0EC85253331AC578C5E62E0.e.11901/click - {}
RESULT: {}
COMMAND: GET /session/93f43bcbd844a5d98eb964b157ec9441/screenshot - {}
RESULT: {}
COMMAND: POST /session/93f43bcbd844a5d98eb964b157ec9441/actions - {"actions":[{"id":"action86","type":"key","parameters":{},"actions":[{"type":"keyDown","value":"î€•"},{"type":"pause","duration":10},{"type":"keyUp","value":"î€•"}]}]}
RESULT: {"actions":[{"id":"action86","type":"key","parameters":{},"actions":[{"type":"keyDown","value":"î€•"},{"type":"pause","duration":10},{"type":"keyUp","value":"î€•"}]}]}
COMMAND: GET /session/93f43bcbd844a5d98eb964b157ec9441/screenshot - {}
RESULT: {}
COMMAND: POST /session/93f43bcbd844a5d98eb964b157ec9441/actions - {"actions":[{"id":"action87","type":"key","parameters":{},"actions":[{"type":"keyDown","value":"î€‡"},{"type":"pause","duration":10},{"type":"keyUp","value":"î€‡"}]}]}
RESULT: {"actions":[{"id":"action87","type":"key","parameters":{},"actions":[{"type":"keyDown","value":"î€‡"},{"type":"pause","duration":10},{"type":"keyUp","value":"î€‡"}]}]}
COMMAND: GET /session/93f43bcbd844a5d98eb964b157ec9441/screenshot - {}
RESULT: {}
COMMAND: POST /session/93f43bcbd844a5d98eb964b157ec9441/actions - {"actions":[{"id":"action88","type":"key","parameters":{},"actions":[{"type":"keyDown","value":"î€‡"},{"type":"pause","duration":10},{"type":"keyUp","value":"î€‡"}]}]}
RESULT: {"actions":[{"id":"action88","type":"key","parameters":{},"actions":[{"type":"keyDown","value":"î€‡"},{"type":"pause","duration":10},{"type":"keyUp","value":"î€‡"}]}]}
COMMAND: GET /session/93f43bcbd844a5d98eb964b157ec9441/screenshot - {}
RESULT: {}
COMMAND: POST /session/93f43bcbd844a5d98eb964b157ec9441/actions - {"actions":[{"id":"action89","type":"key","parameters":{},"actions":[{"type":"keyDown","value":"î€‡"},{"type":"pause","duration":10},{"type":"keyUp","value":"î€‡"}]}]}
RESULT: {"actions":[{"id":"action89","type":"key","parameters":{},"actions":[{"type":"keyDown","value":"î€‡"},{"type":"pause","duration":10},{"type":"keyUp","value":"î€‡"}]}]}
COMMAND: GET /session/93f43bcbd844a5d98eb964b157ec9441/screenshot - {}
RESULT: {}
COMMAND: POST /session/93f43bcbd844a5d98eb964b157ec9441/actions - {"actions":[{"id":"action90","type":"key","parameters":{},"actions":[{"type":"keyDown","value":"î€‡"},{"type":"pause","duration":10},{"type":"keyUp","value":"î€‡"}]}]}
RESULT: {"actions":[{"id":"action90","type":"key","parameters":{},"actions":[{"type":"keyDown","value":"î€‡"},{"type":"pause","duration":10},{"type":"keyUp","value":"î€‡"}]}]}
COMMAND: GET /session/93f43bcbd844a5d98eb964b157ec9441/screenshot - {}
RESULT: {}
COMMAND: GET /session/93f43bcbd844a5d98eb964b157ec9441/window/handles - {}
RESULT: {}
COMMAND: GET /session/93f43bcbd844a5d98eb964b157ec9441/window/handles - {}
RESULT: {}
COMMAND: POST /session/93f43bcbd844a5d98eb964b157ec9441/window - {"handle":"1EB3708387B0818F875D7CB402B158D9"}
RESULT: {"handle":"1EB3708387B0818F875D7CB402B158D9"}
COMMAND: GET /session/93f43bcbd844a5d98eb964b157ec9441/url - {}
RESULT: {}
COMMAND: GET /session/93f43bcbd844a5d98eb964b157ec9441/screenshot - {}
RESULT: {}
COMMAND: POST /session/93f43bcbd844a5d98eb964b157ec9441/element - {"using":"xpath","value":"//span[contains(text(), \"Header Billing Items\")]"}
RESULT: {"using":"xpath","value":"//span[contains(text(), \"Header Billing Items\")]"}
COMMAND: POST /session/93f43bcbd844a5d98eb964b157ec9441/element/f.1EB3708387B0818F875D7CB402B158D9.d.F87946884C46FBA6C551B7FC0463CC22.e.12101/click - {}
RESULT: {}
COMMAND: GET /session/93f43bcbd844a5d98eb964b157ec9441/screenshot - {}
RESULT: {}
COMMAND: POST /session/93f43bcbd844a5d98eb964b157ec9441/element - {"using":"xpath","value":"//span[contains(@id ,\"contractItemsSmartTable-header-inner\")]"}
RESULT: {"using":"xpath","value":"//span[contains(@id ,\"contractItemsSmartTable-header-inner\")]"}
COMMAND: GET /session/93f43bcbd844a5d98eb964b157ec9441/element/f.1EB3708387B0818F875D7CB402B158D9.d.F87946884C46FBA6C551B7FC0463CC22.e.12107/text - {}
RESULT: {}
COMMAND: POST /session/93f43bcbd844a5d98eb964b157ec9441/element - {"using":"xpath","value":"//span[@class=\"sapMObjStatusText\"][contains(text(), \"proposed\")]"}
RESULT: {"using":"xpath","value":"//span[@class=\"sapMObjStatusText\"][contains(text(), \"proposed\")]"}
COMMAND: GET /session/93f43bcbd844a5d98eb964b157ec9441/element/f.1EB3708387B0818F875D7CB402B158D9.d.F87946884C46FBA6C551B7FC0463CC22.e.12108/text - {}
RESULT: {}
COMMAND: DELETE /session/93f43bcbd844a5d98eb964b157ec9441/window - {}
RESULT: {}
COMMAND: POST /session/93f43bcbd844a5d98eb964b157ec9441/window - {"handle":"0C3632C05FD2F0739639ED0A0E4218C8"}
RESULT: {"handle":"0C3632C05FD2F0739639ED0A0E4218C8"}
COMMAND: GET /session/93f43bcbd844a5d98eb964b157ec9441/url - {}
RESULT: {}
COMMAND: GET /session/93f43bcbd844a5d98eb964b157ec9441/screenshot - {}
RESULT: {}
]]></system-out>
    </testcase>
    <testcase classname="chrome.135_0_7049_96.windows.Process_request_items_into_new_quotation_US120163" name="Should navigate back to the request and check the request and item statuses" time="31.326">
      <system-out><![CDATA[
COMMAND: POST /session/93f43bcbd844a5d98eb964b157ec9441/refresh - {}
RESULT: {}
COMMAND: GET /session/93f43bcbd844a5d98eb964b157ec9441/screenshot - {}
RESULT: {}
COMMAND: POST /session/93f43bcbd844a5d98eb964b157ec9441/execute/async - {"script":"<script> [189 bytes]","args":[]}
RESULT: {"script":"<script> [189 bytes]","args":[]}
COMMAND: POST /session/93f43bcbd844a5d98eb964b157ec9441/execute/async - {"script":"<script> [123 bytes]","args":[]}
RESULT: {"script":"<script> [123 bytes]","args":[]}
COMMAND: POST /session/93f43bcbd844a5d98eb964b157ec9441/timeouts - {"script":"<number>"}
RESULT: {"script":"<number>"}
COMMAND: GET /session/93f43bcbd844a5d98eb964b157ec9441/timeouts - {}
RESULT: {}
RESULT: undefined
COMMAND: POST /session/93f43bcbd844a5d98eb964b157ec9441/execute/async - {"script":"<script> [2676 bytes]","args":[]}
RESULT: {"script":"<script> [2676 bytes]","args":[]}
COMMAND: POST /session/93f43bcbd844a5d98eb964b157ec9441/execute/async - {"script":"<script> [2342 bytes]","args":[{"protocol":"http","hostname":"0.0.0.0","path":"/","capabilities":{"browserName":"chrome","goog:chromeOptions":{"binary":"C:\\Program Files\\Google\\Chrome\\Application\\chrome.exe","args":["--start-maximized"]}},"logLevel":"warn","connectionRetryTimeout":120000,"connectionRetryCount":3,"logLevels":{},"enableDirectConnect":true,"strictSSL":true,"_":"65 more keys: [\"cacheDir\",\"port\",\"requestedCapabilities\",\"automationProtocol\",\"baseUrl\",\"waitforInterval\",\"waitforTimeout\",\"onReload\",\"beforeCommand\",\"afterCommand\",\"rootDir\",\"specs\",\"suites\",\"exclude\",\"groupLogsByTestSpec\",\"excludeDriverLogs\",\"bail\",\"framework\",\"reporters\",\"services\",\"maxInstances\",\"maxInstancesPerCapability\",\"injectGlobals\",\"filesToWatch\",\"execArgv\",\"runnerEnv\",\"runner\",\"shard\",\"specFileRetries\",\"specFileRetriesDelay\",\"specFileRetriesDeferred\",\"reporterSyncInterval\",\"reporterSyncTimeout\",\"cucumberFeaturesWithLineNumbers\",\"autoCompileOpts\",\"mochaOpts\",\"jasmineOpts\",\"cucumberOpts\",\"onPrepare\",\"onWorkerStart\",\"onWorkerEnd\",\"before\",\"beforeSession\",\"beforeSuite\",\"beforeHook\",\"beforeTest\",\"afterTest\",\"afterHook\",\"afterSuite\",\"afterSession\",\"after\",\"onComplete\",\"beforeAssertion\",\"afterAssertion\",\"beforeFeature\",\"beforeScenario\",\"beforeStep\",\"afterStep\",\"afterScenario\",\"afterFeature\",\"_\",\"suite\",\"$0\",\"ignoredWorkerServices\",\"wdi5\"]"}]}
RESULT: {"script":"<script> [2342 bytes]","args":[{"protocol":"http","hostname":"0.0.0.0","path":"/","capabilities":{"browserName":"chrome","goog:chromeOptions":{"binary":"C:\\Program Files\\Google\\Chrome\\Application\\chrome.exe","args":["--start-maximized"]}},"logLevel":"warn","connectionRetryTimeout":120000,"connectionRetryCount":3,"logLevels":{},"enableDirectConnect":true,"strictSSL":true,"_":"65 more keys: [\"cacheDir\",\"port\",\"requestedCapabilities\",\"automationProtocol\",\"baseUrl\",\"waitforInterval\",\"waitforTimeout\",\"onReload\",\"beforeCommand\",\"afterCommand\",\"rootDir\",\"specs\",\"suites\",\"exclude\",\"groupLogsByTestSpec\",\"excludeDriverLogs\",\"bail\",\"framework\",\"reporters\",\"services\",\"maxInstances\",\"maxInstancesPerCapability\",\"injectGlobals\",\"filesToWatch\",\"execArgv\",\"runnerEnv\",\"runner\",\"shard\",\"specFileRetries\",\"specFileRetriesDelay\",\"specFileRetriesDeferred\",\"reporterSyncInterval\",\"reporterSyncTimeout\",\"cucumberFeaturesWithLineNumbers\",\"autoCompileOpts\",\"mochaOpts\",\"jasmineOpts\",\"cucumberOpts\",\"onPrepare\",\"onWorkerStart\",\"onWorkerEnd\",\"before\",\"beforeSession\",\"beforeSuite\",\"beforeHook\",\"beforeTest\",\"afterTest\",\"afterHook\",\"afterSuite\",\"afterSession\",\"after\",\"onComplete\",\"beforeAssertion\",\"afterAssertion\",\"beforeFeature\",\"beforeScenario\",\"beforeStep\",\"afterStep\",\"afterScenario\",\"afterFeature\",\"_\",\"suite\",\"$0\",\"ignoredWorkerServices\",\"wdi5\"]"}]}
COMMAND: POST /session/93f43bcbd844a5d98eb964b157ec9441/execute/async - {"script":"<script> [21126 bytes]","args":[35000]}
RESULT: {"script":"<script> [21126 bytes]","args":[35000]}
COMMAND: POST /session/93f43bcbd844a5d98eb964b157ec9441/execute/async - {"script":"<script> [1562 bytes]","args":[{"selector":{"controlType":"sap.m.Text","viewName":"etm.portal.ui.managerequests.view.Detail","bindingPath":{"path":"/SmartRequestItemsPlanningBoard(ITEM=10m,REQUEST='20244')","propertyPath":"STATUS_DESC"}},"wdio_ui5_key":"etmportal.ui.managerequests.view.Detailsap.m.Text{\"path\":\"/SmartRequestItemsPlanningBoard(ITEM=10m,REQUEST='20244')\",\"propertyPath\":\"STATUS_DESC\"}"}]}
RESULT: {"script":"<script> [1562 bytes]","args":[{"selector":{"controlType":"sap.m.Text","viewName":"etm.portal.ui.managerequests.view.Detail","bindingPath":{"path":"/SmartRequestItemsPlanningBoard(ITEM=10m,REQUEST='20244')","propertyPath":"STATUS_DESC"}},"wdio_ui5_key":"etmportal.ui.managerequests.view.Detailsap.m.Text{\"path\":\"/SmartRequestItemsPlanningBoard(ITEM=10m,REQUEST='20244')\",\"propertyPath\":\"STATUS_DESC\"}"}]}
RESULT: undefined
COMMAND: POST /session/93f43bcbd844a5d98eb964b157ec9441/execute/async - {"script":"<script> [6424 bytes]","args":[{"element-6066-11e4-a52e-4f735466cecf":"f.0C3632C05FD2F0739639ED0A0E4218C8.d.1B65B9968E2D1D370BF52CEB45FF23C5.e.12322"},"getText",[]]}
RESULT: {"script":"<script> [6424 bytes]","args":[{"element-6066-11e4-a52e-4f735466cecf":"f.0C3632C05FD2F0739639ED0A0E4218C8.d.1B65B9968E2D1D370BF52CEB45FF23C5.e.12322"},"getText",[]]}
COMMAND: POST /session/93f43bcbd844a5d98eb964b157ec9441/execute/async - {"script":"<script> [1562 bytes]","args":[{"selector":{"controlType":"sap.m.ObjectStatus","viewName":"etm.portal.ui.managerequests.view.Detail","bindingPath":{"path":"/RequestHeaders('20244')","propertyPath":"LINK_TO_STATUS/DESCRIPTION","modelName":"catalogModel"}},"wdio_ui5_key":"etmportal.ui.managerequests.view.Detailsap.m.ObjectStatus{\"path\":\"/RequestHeaders('20244')\",\"propertyPath\":\"LINK_TO_STATUS/DESCRIPTION\",\"modelName\":\"catalogModel\"}"}]}
RESULT: {"script":"<script> [1562 bytes]","args":[{"selector":{"controlType":"sap.m.ObjectStatus","viewName":"etm.portal.ui.managerequests.view.Detail","bindingPath":{"path":"/RequestHeaders('20244')","propertyPath":"LINK_TO_STATUS/DESCRIPTION","modelName":"catalogModel"}},"wdio_ui5_key":"etmportal.ui.managerequests.view.Detailsap.m.ObjectStatus{\"path\":\"/RequestHeaders('20244')\",\"propertyPath\":\"LINK_TO_STATUS/DESCRIPTION\",\"modelName\":\"catalogModel\"}"}]}
RESULT: undefined
COMMAND: POST /session/93f43bcbd844a5d98eb964b157ec9441/execute/async - {"script":"<script> [6424 bytes]","args":[{"element-6066-11e4-a52e-4f735466cecf":"f.0C3632C05FD2F0739639ED0A0E4218C8.d.1B65B9968E2D1D370BF52CEB45FF23C5.e.12323"},"getText",[]]}
RESULT: {"script":"<script> [6424 bytes]","args":[{"element-6066-11e4-a52e-4f735466cecf":"f.0C3632C05FD2F0739639ED0A0E4218C8.d.1B65B9968E2D1D370BF52CEB45FF23C5.e.12323"},"getText",[]]}
COMMAND: POST /session/93f43bcbd844a5d98eb964b157ec9441/element - {"using":"css selector","value":"#shell-header-logo"}
RESULT: {"using":"css selector","value":"#shell-header-logo"}
COMMAND: POST /session/93f43bcbd844a5d98eb964b157ec9441/element/f.0C3632C05FD2F0739639ED0A0E4218C8.d.1B65B9968E2D1D370BF52CEB45FF23C5.e.12117/click - {}
RESULT: {}
COMMAND: GET /session/93f43bcbd844a5d98eb964b157ec9441/screenshot - {}
]]></system-out>
    </testcase>
  </testsuite>
  <testsuite timestamp="2025-04-28T16:18:19" time="462.154" tests="4" failures="0" errors="0" skipped="0">
    <properties>
      <property name="specId" value="0" />
      <property name="suiteName" value="Process request items into an existing quotation US120163" />
      <property name="capabilities" value="chrome.135_0_7049_96.windows" />
      <property name="file" value="file:///D:/a/1/s/test/specs/R2C/process-request-items-into-existing-quotation.spec.js" />
    </properties>
    <testcase classname="chrome.135_0_7049_96.windows.Process_request_items_into_an_existing_quotation_US120163" name="Should create a new quotation" time="93.682">
      <system-out><![CDATA[
COMMAND: POST /session/93f43bcbd844a5d98eb964b157ec9441/execute/async - {"script":"<script> [1562 bytes]","args":[{"selector":{"controlType":"sap.m.GenericTile","properties":{"header":"Manage Quotations"}},"wdio_ui5_key":"sapm.GenericTile{\"header\":\"Manage Quotations\"}"}]}
RESULT: {}
RESULT: {"script":"<script> [1562 bytes]","args":[{"selector":{"controlType":"sap.m.GenericTile","properties":{"header":"Manage Quotations"}},"wdio_ui5_key":"sapm.GenericTile{\"header\":\"Manage Quotations\"}"}]}
RESULT: undefined
COMMAND: POST /session/93f43bcbd844a5d98eb964b157ec9441/element - {"using":"xpath","value":"//*[@id=\"__tile133\"]"}
RESULT: {"using":"xpath","value":"//*[@id=\"__tile133\"]"}
COMMAND: POST /session/93f43bcbd844a5d98eb964b157ec9441/element/f.0C3632C05FD2F0739639ED0A0E4218C8.d.1B65B9968E2D1D370BF52CEB45FF23C5.e.12338/click - {}
RESULT: {}
COMMAND: GET /session/93f43bcbd844a5d98eb964b157ec9441/screenshot - {}
RESULT: {}
COMMAND: POST /session/93f43bcbd844a5d98eb964b157ec9441/element - {"using":"xpath","value":"//button[contains(@title ,\"Add new contract\")]"}
RESULT: {"using":"xpath","value":"//button[contains(@title ,\"Add new contract\")]"}
COMMAND: POST /session/93f43bcbd844a5d98eb964b157ec9441/element/f.0C3632C05FD2F0739639ED0A0E4218C8.d.1B65B9968E2D1D370BF52CEB45FF23C5.e.12378/click - {}
RESULT: {}
COMMAND: GET /session/93f43bcbd844a5d98eb964b157ec9441/screenshot - {}
RESULT: {}
COMMAND: POST /session/93f43bcbd844a5d98eb964b157ec9441/element - {"using":"xpath","value":"//input[contains(@id ,\"application-managequotations-display-component---AddNewContract--projectDescription-inner\")]"}
RESULT: {"using":"xpath","value":"//input[contains(@id ,\"application-managequotations-display-component---AddNewContract--projectDescription-inner\")]"}
COMMAND: POST /session/93f43bcbd844a5d98eb964b157ec9441/element/f.0C3632C05FD2F0739639ED0A0E4218C8.d.1B65B9968E2D1D370BF52CEB45FF23C5.e.12632/value - {"text":"WdIOQuotation7xea"}
RESULT: {"text":"WdIOQuotation7xea"}
COMMAND: GET /session/93f43bcbd844a5d98eb964b157ec9441/screenshot - {}
RESULT: {}
COMMAND: POST /session/93f43bcbd844a5d98eb964b157ec9441/element - {"using":"xpath","value":"//input[contains(@id ,\"application-managequotations-display-component---AddNewContract--yardId-inner\")]"}
RESULT: {"using":"xpath","value":"//input[contains(@id ,\"application-managequotations-display-component---AddNewContract--yardId-inner\")]"}
COMMAND: POST /session/93f43bcbd844a5d98eb964b157ec9441/element/f.0C3632C05FD2F0739639ED0A0E4218C8.d.1B65B9968E2D1D370BF52CEB45FF23C5.e.12635/value - {"text":"WebdriverYardsvnzc"}
RESULT: {"text":"WebdriverYardsvnzc"}
COMMAND: GET /session/93f43bcbd844a5d98eb964b157ec9441/screenshot - {}
RESULT: {}
COMMAND: POST /session/93f43bcbd844a5d98eb964b157ec9441/actions - {"actions":[{"id":"action91","type":"key","parameters":{},"actions":[{"type":"keyDown","value":"î€‡"},{"type":"pause","duration":10},{"type":"keyUp","value":"î€‡"}]}]}
RESULT: {"actions":[{"id":"action91","type":"key","parameters":{},"actions":[{"type":"keyDown","value":"î€‡"},{"type":"pause","duration":10},{"type":"keyUp","value":"î€‡"}]}]}
COMMAND: GET /session/93f43bcbd844a5d98eb964b157ec9441/screenshot - {}
RESULT: {}
COMMAND: POST /session/93f43bcbd844a5d98eb964b157ec9441/element - {"using":"xpath","value":"//input[contains(@id ,\"application-managequotations-display-component---AddNewContract--customerSelect-inner\")]"}
RESULT: {"using":"xpath","value":"//input[contains(@id ,\"application-managequotations-display-component---AddNewContract--customerSelect-inner\")]"}
COMMAND: POST /session/93f43bcbd844a5d98eb964b157ec9441/element/f.0C3632C05FD2F0739639ED0A0E4218C8.d.1B65B9968E2D1D370BF52CEB45FF23C5.e.12633/value - {"text":"WebdriverPartnerhbzzz"}
RESULT: {"text":"WebdriverPartnerhbzzz"}
COMMAND: GET /session/93f43bcbd844a5d98eb964b157ec9441/screenshot - {}
RESULT: {}
COMMAND: POST /session/93f43bcbd844a5d98eb964b157ec9441/actions - {"actions":[{"id":"action92","type":"key","parameters":{},"actions":[{"type":"keyDown","value":"î€‡"},{"type":"pause","duration":10},{"type":"keyUp","value":"î€‡"}]}]}
RESULT: {"actions":[{"id":"action92","type":"key","parameters":{},"actions":[{"type":"keyDown","value":"î€‡"},{"type":"pause","duration":10},{"type":"keyUp","value":"î€‡"}]}]}
COMMAND: GET /session/93f43bcbd844a5d98eb964b157ec9441/screenshot - {}
RESULT: {}
COMMAND: POST /session/93f43bcbd844a5d98eb964b157ec9441/element - {"using":"xpath","value":"//input[contains(@id ,\"application-managequotations-display-component---AddNewContract--site-inner\")]"}
RESULT: {"using":"xpath","value":"//input[contains(@id ,\"application-managequotations-display-component---AddNewContract--site-inner\")]"}
COMMAND: POST /session/93f43bcbd844a5d98eb964b157ec9441/element/f.0C3632C05FD2F0739639ED0A0E4218C8.d.1B65B9968E2D1D370BF52CEB45FF23C5.e.12634/value - {"text":"WebdriverSiteasz2v"}
RESULT: {"text":"WebdriverSiteasz2v"}
COMMAND: GET /session/93f43bcbd844a5d98eb964b157ec9441/screenshot - {}
RESULT: {}
COMMAND: POST /session/93f43bcbd844a5d98eb964b157ec9441/actions - {"actions":[{"id":"action93","type":"key","parameters":{},"actions":[{"type":"keyDown","value":"î€‡"},{"type":"pause","duration":10},{"type":"keyUp","value":"î€‡"}]}]}
RESULT: {"actions":[{"id":"action93","type":"key","parameters":{},"actions":[{"type":"keyDown","value":"î€‡"},{"type":"pause","duration":10},{"type":"keyUp","value":"î€‡"}]}]}
COMMAND: GET /session/93f43bcbd844a5d98eb964b157ec9441/screenshot - {}
RESULT: {}
COMMAND: POST /session/93f43bcbd844a5d98eb964b157ec9441/element - {"using":"xpath","value":"//bdi[contains(text(), \"Save\")]"}
RESULT: {"using":"xpath","value":"//bdi[contains(text(), \"Save\")]"}
COMMAND: POST /session/93f43bcbd844a5d98eb964b157ec9441/element/f.0C3632C05FD2F0739639ED0A0E4218C8.d.1B65B9968E2D1D370BF52CEB45FF23C5.e.12665/click - {}
RESULT: {}
COMMAND: GET /session/93f43bcbd844a5d98eb964b157ec9441/screenshot - {}
RESULT: {}
COMMAND: POST /session/93f43bcbd844a5d98eb964b157ec9441/element - {"using":"css selector","value":"#shell-header-logo"}
RESULT: {"using":"css selector","value":"#shell-header-logo"}
COMMAND: POST /session/93f43bcbd844a5d98eb964b157ec9441/element/f.0C3632C05FD2F0739639ED0A0E4218C8.d.1B65B9968E2D1D370BF52CEB45FF23C5.e.12340/click - {}
RESULT: {}
COMMAND: GET /session/93f43bcbd844a5d98eb964b157ec9441/screenshot - {}
RESULT: {}
COMMAND: POST /session/93f43bcbd844a5d98eb964b157ec9441/refresh - {}
RESULT: {}
COMMAND: GET /session/93f43bcbd844a5d98eb964b157ec9441/screenshot - {}
RESULT: {}
COMMAND: POST /session/93f43bcbd844a5d98eb964b157ec9441/execute/async - {"script":"<script> [189 bytes]","args":[]}
RESULT: {"script":"<script> [189 bytes]","args":[]}
COMMAND: POST /session/93f43bcbd844a5d98eb964b157ec9441/execute/async - {"script":"<script> [123 bytes]","args":[]}
RESULT: {"script":"<script> [123 bytes]","args":[]}
COMMAND: POST /session/93f43bcbd844a5d98eb964b157ec9441/timeouts - {"script":"<number>"}
RESULT: {"script":"<number>"}
COMMAND: GET /session/93f43bcbd844a5d98eb964b157ec9441/timeouts - {}
RESULT: {}
RESULT: undefined
COMMAND: POST /session/93f43bcbd844a5d98eb964b157ec9441/execute/async - {"script":"<script> [2676 bytes]","args":[]}
RESULT: {"script":"<script> [2676 bytes]","args":[]}
COMMAND: POST /session/93f43bcbd844a5d98eb964b157ec9441/execute/async - {"script":"<script> [2342 bytes]","args":[{"protocol":"http","hostname":"0.0.0.0","path":"/","capabilities":{"browserName":"chrome","goog:chromeOptions":{"binary":"C:\\Program Files\\Google\\Chrome\\Application\\chrome.exe","args":["--start-maximized"]}},"logLevel":"warn","connectionRetryTimeout":120000,"connectionRetryCount":3,"logLevels":{},"enableDirectConnect":true,"strictSSL":true,"_":"65 more keys: [\"cacheDir\",\"port\",\"requestedCapabilities\",\"automationProtocol\",\"baseUrl\",\"waitforInterval\",\"waitforTimeout\",\"onReload\",\"beforeCommand\",\"afterCommand\",\"rootDir\",\"specs\",\"suites\",\"exclude\",\"groupLogsByTestSpec\",\"excludeDriverLogs\",\"bail\",\"framework\",\"reporters\",\"services\",\"maxInstances\",\"maxInstancesPerCapability\",\"injectGlobals\",\"filesToWatch\",\"execArgv\",\"runnerEnv\",\"runner\",\"shard\",\"specFileRetries\",\"specFileRetriesDelay\",\"specFileRetriesDeferred\",\"reporterSyncInterval\",\"reporterSyncTimeout\",\"cucumberFeaturesWithLineNumbers\",\"autoCompileOpts\",\"mochaOpts\",\"jasmineOpts\",\"cucumberOpts\",\"onPrepare\",\"onWorkerStart\",\"onWorkerEnd\",\"before\",\"beforeSession\",\"beforeSuite\",\"beforeHook\",\"beforeTest\",\"afterTest\",\"afterHook\",\"afterSuite\",\"afterSession\",\"after\",\"onComplete\",\"beforeAssertion\",\"afterAssertion\",\"beforeFeature\",\"beforeScenario\",\"beforeStep\",\"afterStep\",\"afterScenario\",\"afterFeature\",\"_\",\"suite\",\"$0\",\"ignoredWorkerServices\",\"wdi5\"]"}]}
RESULT: {"script":"<script> [2342 bytes]","args":[{"protocol":"http","hostname":"0.0.0.0","path":"/","capabilities":{"browserName":"chrome","goog:chromeOptions":{"binary":"C:\\Program Files\\Google\\Chrome\\Application\\chrome.exe","args":["--start-maximized"]}},"logLevel":"warn","connectionRetryTimeout":120000,"connectionRetryCount":3,"logLevels":{},"enableDirectConnect":true,"strictSSL":true,"_":"65 more keys: [\"cacheDir\",\"port\",\"requestedCapabilities\",\"automationProtocol\",\"baseUrl\",\"waitforInterval\",\"waitforTimeout\",\"onReload\",\"beforeCommand\",\"afterCommand\",\"rootDir\",\"specs\",\"suites\",\"exclude\",\"groupLogsByTestSpec\",\"excludeDriverLogs\",\"bail\",\"framework\",\"reporters\",\"services\",\"maxInstances\",\"maxInstancesPerCapability\",\"injectGlobals\",\"filesToWatch\",\"execArgv\",\"runnerEnv\",\"runner\",\"shard\",\"specFileRetries\",\"specFileRetriesDelay\",\"specFileRetriesDeferred\",\"reporterSyncInterval\",\"reporterSyncTimeout\",\"cucumberFeaturesWithLineNumbers\",\"autoCompileOpts\",\"mochaOpts\",\"jasmineOpts\",\"cucumberOpts\",\"onPrepare\",\"onWorkerStart\",\"onWorkerEnd\",\"before\",\"beforeSession\",\"beforeSuite\",\"beforeHook\",\"beforeTest\",\"afterTest\",\"afterHook\",\"afterSuite\",\"afterSession\",\"after\",\"onComplete\",\"beforeAssertion\",\"afterAssertion\",\"beforeFeature\",\"beforeScenario\",\"beforeStep\",\"afterStep\",\"afterScenario\",\"afterFeature\",\"_\",\"suite\",\"$0\",\"ignoredWorkerServices\",\"wdi5\"]"}]}
COMMAND: POST /session/93f43bcbd844a5d98eb964b157ec9441/execute/async - {"script":"<script> [21126 bytes]","args":[35000]}
RESULT: {"script":"<script> [21126 bytes]","args":[35000]}
]]></system-out>
    </testcase>
    <testcase classname="chrome.135_0_7049_96.windows.Process_request_items_into_an_existing_quotation_US120163" name="Should create a new request with catalog items and plan it" time="232.566">
      <system-out><![CDATA[
COMMAND: POST /session/93f43bcbd844a5d98eb964b157ec9441/element - {"using":"xpath","value":"//*[contains(@href, 'etm.portal.ui.managerequests')]"}
RESULT: {"using":"xpath","value":"//*[contains(@href, 'etm.portal.ui.managerequests')]"}
COMMAND: POST /session/93f43bcbd844a5d98eb964b157ec9441/element/f.0C3632C05FD2F0739639ED0A0E4218C8.d.2DC5BA4DF4B508D10381A64D659DC10B.e.12761/click - {}
RESULT: {}
COMMAND: GET /session/93f43bcbd844a5d98eb964b157ec9441/screenshot - {}
RESULT: {}
COMMAND: POST /session/93f43bcbd844a5d98eb964b157ec9441/element - {"using":"xpath","value":"(//span[contains(@class ,\"sapMObjStatusText\")])[1]"}
RESULT: {"using":"xpath","value":"(//span[contains(@class ,\"sapMObjStatusText\")])[1]"}
COMMAND: POST /session/93f43bcbd844a5d98eb964b157ec9441/execute/sync - {"script":"<script> [8489 bytes]","args":[{"element-6066-11e4-a52e-4f735466cecf":"f.0C3632C05FD2F0739639ED0A0E4218C8.d.2DC5BA4DF4B508D10381A64D659DC10B.e.12850","ELEMENT":"f.0C3632C05FD2F0739639ED0A0E4218C8.d.2DC5BA4DF4B508D10381A64D659DC10B.e.12850"}]}
RESULT: {"script":"<script> [8489 bytes]","args":[{"element-6066-11e4-a52e-4f735466cecf":"f.0C3632C05FD2F0739639ED0A0E4218C8.d.2DC5BA4DF4B508D10381A64D659DC10B.e.12850","ELEMENT":"f.0C3632C05FD2F0739639ED0A0E4218C8.d.2DC5BA4DF4B508D10381A64D659DC10B.e.12850"}]}
COMMAND: POST /session/93f43bcbd844a5d98eb964b157ec9441/element - {"using":"xpath","value":"//button[contains(@data-kt ,\"btnCreateNewOverflowToolbarButton\")]"}
COMMAND: GET /session/93f43bcbd844a5d98eb964b157ec9441/screenshot - {}
RESULT: {"using":"xpath","value":"//button[contains(@data-kt ,\"btnCreateNewOverflowToolbarButton\")]"}
COMMAND: POST /session/93f43bcbd844a5d98eb964b157ec9441/element/f.0C3632C05FD2F0739639ED0A0E4218C8.d.2DC5BA4DF4B508D10381A64D659DC10B.e.12818/click - {}
RESULT: {}
RESULT: {}
COMMAND: GET /session/93f43bcbd844a5d98eb964b157ec9441/screenshot - {}
RESULT: {}
COMMAND: POST /session/93f43bcbd844a5d98eb964b157ec9441/element - {"using":"xpath","value":"//input[contains(@id ,\"yardId-inner\")]"}
RESULT: {"using":"xpath","value":"//input[contains(@id ,\"yardId-inner\")]"}
COMMAND: POST /session/93f43bcbd844a5d98eb964b157ec9441/execute/sync - {"script":"<script> [8489 bytes]","args":[{"element-6066-11e4-a52e-4f735466cecf":"f.0C3632C05FD2F0739639ED0A0E4218C8.d.2DC5BA4DF4B508D10381A64D659DC10B.e.13066","ELEMENT":"f.0C3632C05FD2F0739639ED0A0E4218C8.d.2DC5BA4DF4B508D10381A64D659DC10B.e.13066"}]}
RESULT: {"script":"<script> [8489 bytes]","args":[{"element-6066-11e4-a52e-4f735466cecf":"f.0C3632C05FD2F0739639ED0A0E4218C8.d.2DC5BA4DF4B508D10381A64D659DC10B.e.13066","ELEMENT":"f.0C3632C05FD2F0739639ED0A0E4218C8.d.2DC5BA4DF4B508D10381A64D659DC10B.e.13066"}]}
COMMAND: POST /session/93f43bcbd844a5d98eb964b157ec9441/element - {"using":"xpath","value":"//input[contains(@id ,\"yardId-inner\")]"}
COMMAND: GET /session/93f43bcbd844a5d98eb964b157ec9441/screenshot - {}
RESULT: {"using":"xpath","value":"//input[contains(@id ,\"yardId-inner\")]"}
COMMAND: GET /session/93f43bcbd844a5d98eb964b157ec9441/element/f.0C3632C05FD2F0739639ED0A0E4218C8.d.2DC5BA4DF4B508D10381A64D659DC10B.e.13066/enabled - {}
RESULT: {}
RESULT: {}
COMMAND: POST /session/93f43bcbd844a5d98eb964b157ec9441/element/f.0C3632C05FD2F0739639ED0A0E4218C8.d.2DC5BA4DF4B508D10381A64D659DC10B.e.13066/clear - {}
COMMAND: GET /session/93f43bcbd844a5d98eb964b157ec9441/screenshot - {}
RESULT: {}
COMMAND: POST /session/93f43bcbd844a5d98eb964b157ec9441/element/f.0C3632C05FD2F0739639ED0A0E4218C8.d.2DC5BA4DF4B508D10381A64D659DC10B.e.13066/value - {"text":"WebdriverYardsvnzc"}
COMMAND: GET /session/93f43bcbd844a5d98eb964b157ec9441/screenshot - {}
RESULT: {}
RESULT: {"text":"WebdriverYardsvnzc"}
COMMAND: GET /session/93f43bcbd844a5d98eb964b157ec9441/screenshot - {}
RESULT: {}
RESULT: {}
COMMAND: POST /session/93f43bcbd844a5d98eb964b157ec9441/actions - {"actions":[{"id":"action94","type":"key","parameters":{},"actions":[{"type":"keyDown","value":"î€‡"},{"type":"pause","duration":10},{"type":"keyUp","value":"î€‡"}]}]}
RESULT: {"actions":[{"id":"action94","type":"key","parameters":{},"actions":[{"type":"keyDown","value":"î€‡"},{"type":"pause","duration":10},{"type":"keyUp","value":"î€‡"}]}]}
COMMAND: GET /session/93f43bcbd844a5d98eb964b157ec9441/screenshot - {}
RESULT: {}
COMMAND: POST /session/93f43bcbd844a5d98eb964b157ec9441/element - {"using":"xpath","value":"//input[contains(@id ,\"customerNumber-inner\")]"}
RESULT: {"using":"xpath","value":"//input[contains(@id ,\"customerNumber-inner\")]"}
COMMAND: POST /session/93f43bcbd844a5d98eb964b157ec9441/element/f.0C3632C05FD2F0739639ED0A0E4218C8.d.2DC5BA4DF4B508D10381A64D659DC10B.e.13060/value - {"text":"WebdriverPartnerhbzzz"}
RESULT: {"text":"WebdriverPartnerhbzzz"}
COMMAND: GET /session/93f43bcbd844a5d98eb964b157ec9441/screenshot - {}
RESULT: {}
COMMAND: POST /session/93f43bcbd844a5d98eb964b157ec9441/actions - {"actions":[{"id":"action95","type":"key","parameters":{},"actions":[{"type":"keyDown","value":"î€‡"},{"type":"pause","duration":10},{"type":"keyUp","value":"î€‡"}]}]}
RESULT: {"actions":[{"id":"action95","type":"key","parameters":{},"actions":[{"type":"keyDown","value":"î€‡"},{"type":"pause","duration":10},{"type":"keyUp","value":"î€‡"}]}]}
COMMAND: GET /session/93f43bcbd844a5d98eb964b157ec9441/screenshot - {}
RESULT: {}
COMMAND: GET /session/93f43bcbd844a5d98eb964b157ec9441/element/f.0C3632C05FD2F0739639ED0A0E4218C8.d.2DC5BA4DF4B508D10381A64D659DC10B.e.13060/property/value - {}
RESULT: {}
COMMAND: POST /session/93f43bcbd844a5d98eb964b157ec9441/element/f.0C3632C05FD2F0739639ED0A0E4218C8.d.2DC5BA4DF4B508D10381A64D659DC10B.e.13060/value - {"text":"WebdriverPartnerhbzzz"}
COMMAND: GET /session/93f43bcbd844a5d98eb964b157ec9441/screenshot - {}
RESULT: {"text":"WebdriverPartnerhbzzz"}
COMMAND: GET /session/93f43bcbd844a5d98eb964b157ec9441/screenshot - {}
RESULT: {}
RESULT: {}
COMMAND: POST /session/93f43bcbd844a5d98eb964b157ec9441/actions - {"actions":[{"id":"action96","type":"key","parameters":{},"actions":[{"type":"keyDown","value":"î€‡"},{"type":"pause","duration":10},{"type":"keyUp","value":"î€‡"}]}]}
RESULT: {"actions":[{"id":"action96","type":"key","parameters":{},"actions":[{"type":"keyDown","value":"î€‡"},{"type":"pause","duration":10},{"type":"keyUp","value":"î€‡"}]}]}
COMMAND: GET /session/93f43bcbd844a5d98eb964b157ec9441/screenshot - {}
RESULT: {}
COMMAND: POST /session/93f43bcbd844a5d98eb964b157ec9441/element - {"using":"xpath","value":"//input[contains(@id ,\"requestSiteId-inner\")]"}
RESULT: {"using":"xpath","value":"//input[contains(@id ,\"requestSiteId-inner\")]"}
COMMAND: POST /session/93f43bcbd844a5d98eb964b157ec9441/element/f.0C3632C05FD2F0739639ED0A0E4218C8.d.2DC5BA4DF4B508D10381A64D659DC10B.e.13059/value - {"text":"WebdriverSiteasz2v"}
RESULT: {"text":"WebdriverSiteasz2v"}
COMMAND: GET /session/93f43bcbd844a5d98eb964b157ec9441/screenshot - {}
RESULT: {}
COMMAND: POST /session/93f43bcbd844a5d98eb964b157ec9441/actions - {"actions":[{"id":"action97","type":"key","parameters":{},"actions":[{"type":"keyDown","value":"î€‡"},{"type":"pause","duration":10},{"type":"keyUp","value":"î€‡"}]}]}
RESULT: {"actions":[{"id":"action97","type":"key","parameters":{},"actions":[{"type":"keyDown","value":"î€‡"},{"type":"pause","duration":10},{"type":"keyUp","value":"î€‡"}]}]}
COMMAND: GET /session/93f43bcbd844a5d98eb964b157ec9441/screenshot - {}
RESULT: {}
COMMAND: POST /session/93f43bcbd844a5d98eb964b157ec9441/element - {"using":"xpath","value":"//button[contains(@data-kt ,\"requestItemAddOverflowToolbarButton\")]"}
RESULT: {"using":"xpath","value":"//button[contains(@data-kt ,\"requestItemAddOverflowToolbarButton\")]"}
COMMAND: POST /session/93f43bcbd844a5d98eb964b157ec9441/element/f.0C3632C05FD2F0739639ED0A0E4218C8.d.2DC5BA4DF4B508D10381A64D659DC10B.e.13038/click - {}
RESULT: {}
COMMAND: GET /session/93f43bcbd844a5d98eb964b157ec9441/screenshot - {}
RESULT: {}
COMMAND: POST /session/93f43bcbd844a5d98eb964b157ec9441/actions - {"actions":[{"id":"action98","type":"key","parameters":{},"actions":[{"type":"keyDown","value":"î€•"},{"type":"pause","duration":10},{"type":"keyUp","value":"î€•"}]}]}
RESULT: {"actions":[{"id":"action98","type":"key","parameters":{},"actions":[{"type":"keyDown","value":"î€•"},{"type":"pause","duration":10},{"type":"keyUp","value":"î€•"}]}]}
COMMAND: POST /session/93f43bcbd844a5d98eb964b157ec9441/actions - {"actions":[{"id":"action99","type":"key","parameters":{},"actions":[{"type":"keyDown","value":"î€‡"},{"type":"pause","duration":10},{"type":"keyUp","value":"î€‡"}]}]}
COMMAND: GET /session/93f43bcbd844a5d98eb964b157ec9441/screenshot - {}
RESULT: {"actions":[{"id":"action99","type":"key","parameters":{},"actions":[{"type":"keyDown","value":"î€‡"},{"type":"pause","duration":10},{"type":"keyUp","value":"î€‡"}]}]}
COMMAND: GET /session/93f43bcbd844a5d98eb964b157ec9441/screenshot - {}
RESULT: {}
RESULT: {}
COMMAND: POST /session/93f43bcbd844a5d98eb964b157ec9441/element - {"using":"xpath","value":"(//input[contains(@id ,\"requestItemsTable-0-inner\")])[1]"}
RESULT: {"using":"xpath","value":"(//input[contains(@id ,\"requestItemsTable-0-inner\")])[1]"}
COMMAND: POST /session/93f43bcbd844a5d98eb964b157ec9441/element/f.0C3632C05FD2F0739639ED0A0E4218C8.d.2DC5BA4DF4B508D10381A64D659DC10B.e.13216/clear - {}
RESULT: {}
COMMAND: POST /session/93f43bcbd844a5d98eb964b157ec9441/element/f.0C3632C05FD2F0739639ED0A0E4218C8.d.2DC5BA4DF4B508D10381A64D659DC10B.e.13216/value - {"text":"catalogItemlh8mri"}
COMMAND: GET /session/93f43bcbd844a5d98eb964b157ec9441/screenshot - {}
RESULT: {"text":"catalogItemlh8mri"}
COMMAND: GET /session/93f43bcbd844a5d98eb964b157ec9441/screenshot - {}
RESULT: {}
RESULT: {}
COMMAND: POST /session/93f43bcbd844a5d98eb964b157ec9441/actions - {"actions":[{"id":"action100","type":"key","parameters":{},"actions":[{"type":"keyDown","value":"î€‡"},{"type":"pause","duration":10},{"type":"keyUp","value":"î€‡"}]}]}
RESULT: {"actions":[{"id":"action100","type":"key","parameters":{},"actions":[{"type":"keyDown","value":"î€‡"},{"type":"pause","duration":10},{"type":"keyUp","value":"î€‡"}]}]}
COMMAND: GET /session/93f43bcbd844a5d98eb964b157ec9441/screenshot - {}
RESULT: {}
COMMAND: POST /session/93f43bcbd844a5d98eb964b157ec9441/execute/async - {"script":"<script> [1562 bytes]","args":[{"selector":{"controlType":"sap.ui.core.Icon","viewName":"etm.portal.ui.managerequests.view.NewRequest","properties":{"src":{"regex":{"source":"slim\\-arrow\\-down"}}},"ancestor":{"controlType":"sap.m.Button","viewName":"etm.portal.ui.managerequests.view.NewRequest","properties":{"icon":"sap-icon://slim-arrow-down"}}},"wdio_ui5_key":"etmportal.ui.managerequests.view.NewRequestsap.ui.core.Icon{\"src\":{\"regex\":{\"source\":\"slim\\\\-arrow\\\\-down\"}}}{\"controlType\":\"sap.m.Button\",\"viewName\":\"etm.portal.ui.managerequests.view.NewRequest\",\"properties\":{\"icon\":\"sap-icon://slim-arrow-down\"}}"}]}
RESULT: {"script":"<script> [1562 bytes]","args":[{"selector":{"controlType":"sap.ui.core.Icon","viewName":"etm.portal.ui.managerequests.view.NewRequest","properties":{"src":{"regex":{"source":"slim\\-arrow\\-down"}}},"ancestor":{"controlType":"sap.m.Button","viewName":"etm.portal.ui.managerequests.view.NewRequest","properties":{"icon":"sap-icon://slim-arrow-down"}}},"wdio_ui5_key":"etmportal.ui.managerequests.view.NewRequestsap.ui.core.Icon{\"src\":{\"regex\":{\"source\":\"slim\\\\-arrow\\\\-down\"}}}{\"controlType\":\"sap.m.Button\",\"viewName\":\"etm.portal.ui.managerequests.view.NewRequest\",\"properties\":{\"icon\":\"sap-icon://slim-arrow-down\"}}"}]}
RESULT: undefined
COMMAND: POST /session/93f43bcbd844a5d98eb964b157ec9441/element - {"using":"xpath","value":"//div[contains(@data-kt ,\"splitAllocationObjectStatus\")]"}
RESULT: {"using":"xpath","value":"//div[contains(@data-kt ,\"splitAllocationObjectStatus\")]"}
COMMAND: POST /session/93f43bcbd844a5d98eb964b157ec9441/elements - {"using":"xpath","value":"//div[contains(@data-kt ,\"splitAllocationObjectStatus\")]"}
RESULT: {"using":"xpath","value":"//div[contains(@data-kt ,\"splitAllocationObjectStatus\")]"}
COMMAND: POST /session/93f43bcbd844a5d98eb964b157ec9441/execute/async - {"script":"<script> [1562 bytes]","args":[{"selector":{"controlType":"sap.ui.core.Icon","viewName":"etm.portal.ui.managerequests.view.NewRequest","properties":{"src":{"regex":{"source":"message\\-error"}}}},"wdio_ui5_key":"etmportal.ui.managerequests.view.NewRequestsap.ui.core.Icon{\"src\":{\"regex\":{\"source\":\"message\\\\-error\"}}}"}]}
RESULT: {"script":"<script> [1562 bytes]","args":[{"selector":{"controlType":"sap.ui.core.Icon","viewName":"etm.portal.ui.managerequests.view.NewRequest","properties":{"src":{"regex":{"source":"message\\-error"}}}},"wdio_ui5_key":"etmportal.ui.managerequests.view.NewRequestsap.ui.core.Icon{\"src\":{\"regex\":{\"source\":\"message\\\\-error\"}}}"}]}
RESULT: undefined
COMMAND: POST /session/93f43bcbd844a5d98eb964b157ec9441/element - {"using":"xpath","value":"//*[@id=\"__status4-__xmlview59--requestItemsTable-0-icon\"]"}
RESULT: {"using":"xpath","value":"//*[@id=\"__status4-__xmlview59--requestItemsTable-0-icon\"]"}
COMMAND: POST /session/93f43bcbd844a5d98eb964b157ec9441/element/f.0C3632C05FD2F0739639ED0A0E4218C8.d.2DC5BA4DF4B508D10381A64D659DC10B.e.13231/click - {}
RESULT: {}
COMMAND: POST /session/93f43bcbd844a5d98eb964b157ec9441/execute/async - {"script":"<script> [1562 bytes]","args":[{"selector":{"controlType":"sap.ui.core.Icon","viewName":"etm.portal.ui.managerequests.view.NewRequest","properties":{"src":{"regex":{"source":"slim\\-arrow\\-down"}}},"searchOpenDialogs":true,"ancestor":{"id":"costObjectAdminTypeComboBox","viewName":"etm.portal.ui.managerequests.view.NewRequest","searchOpenDialogs":true}},"wdio_ui5_key":"etmportal.ui.managerequests.view.NewRequestsap.ui.core.Icon{\"src\":{\"regex\":{\"source\":\"slim\\\\-arrow\\\\-down\"}}}{\"id\":\"costObjectAdminTypeComboBox\",\"viewName\":\"etm.portal.ui.managerequests.view.NewRequest\",\"searchOpenDialogs\":true}"}]}
COMMAND: GET /session/93f43bcbd844a5d98eb964b157ec9441/screenshot - {}
RESULT: {"script":"<script> [1562 bytes]","args":[{"selector":{"controlType":"sap.ui.core.Icon","viewName":"etm.portal.ui.managerequests.view.NewRequest","properties":{"src":{"regex":{"source":"slim\\-arrow\\-down"}}},"searchOpenDialogs":true,"ancestor":{"id":"costObjectAdminTypeComboBox","viewName":"etm.portal.ui.managerequests.view.NewRequest","searchOpenDialogs":true}},"wdio_ui5_key":"etmportal.ui.managerequests.view.NewRequestsap.ui.core.Icon{\"src\":{\"regex\":{\"source\":\"slim\\\\-arrow\\\\-down\"}}}{\"id\":\"costObjectAdminTypeComboBox\",\"viewName\":\"etm.portal.ui.managerequests.view.NewRequest\",\"searchOpenDialogs\":true}"}]}
RESULT: undefined
COMMAND: POST /session/93f43bcbd844a5d98eb964b157ec9441/element - {"using":"xpath","value":"//*[@id=\"__xmlview59--costObjectAdminTypeComboBox-arrow\"]"}
RESULT: {}
RESULT: {"using":"xpath","value":"//*[@id=\"__xmlview59--costObjectAdminTypeComboBox-arrow\"]"}
COMMAND: POST /session/93f43bcbd844a5d98eb964b157ec9441/element/f.0C3632C05FD2F0739639ED0A0E4218C8.d.2DC5BA4DF4B508D10381A64D659DC10B.e.13235/click - {}
RESULT: {}
COMMAND: POST /session/93f43bcbd844a5d98eb964b157ec9441/execute/async - {"script":"<script> [1562 bytes]","args":[{"selector":{"controlType":"sap.m.StandardListItem","viewName":"etm.portal.ui.managerequests.view.NewRequest","properties":{"title":"Cost Center"},"searchOpenDialogs":true,"interaction":{"idSuffix":"titleText"}},"wdio_ui5_key":"etmportal.ui.managerequests.view.NewRequestsap.m.StandardListItem{\"title\":\"Cost Center\"}"}]}
COMMAND: GET /session/93f43bcbd844a5d98eb964b157ec9441/screenshot - {}
RESULT: {"script":"<script> [1562 bytes]","args":[{"selector":{"controlType":"sap.m.StandardListItem","viewName":"etm.portal.ui.managerequests.view.NewRequest","properties":{"title":"Cost Center"},"searchOpenDialogs":true,"interaction":{"idSuffix":"titleText"}},"wdio_ui5_key":"etmportal.ui.managerequests.view.NewRequestsap.m.StandardListItem{\"title\":\"Cost Center\"}"}]}
RESULT: undefined
COMMAND: POST /session/93f43bcbd844a5d98eb964b157ec9441/element - {"using":"xpath","value":"//*[@id=\"__item517\"]"}
RESULT: {}
RESULT: {"using":"xpath","value":"//*[@id=\"__item517\"]"}
COMMAND: POST /session/93f43bcbd844a5d98eb964b157ec9441/element/f.0C3632C05FD2F0739639ED0A0E4218C8.d.2DC5BA4DF4B508D10381A64D659DC10B.e.13238/click - {}
RESULT: {}
COMMAND: GET /session/93f43bcbd844a5d98eb964b157ec9441/screenshot - {}
RESULT: {}
COMMAND: POST /session/93f43bcbd844a5d98eb964b157ec9441/execute/async - {"script":"<script> [1562 bytes]","args":[{"selector":{"controlType":"sap.ui.core.Icon","viewName":"etm.portal.ui.managerequests.view.NewRequest","properties":{"src":{"regex":{"source":"value\\-help"}}},"searchOpenDialogs":true},"wdio_ui5_key":"etmportal.ui.managerequests.view.NewRequestsap.ui.core.Icon{\"src\":{\"regex\":{\"source\":\"value\\\\-help\"}}}"}]}
RESULT: {"script":"<script> [1562 bytes]","args":[{"selector":{"controlType":"sap.ui.core.Icon","viewName":"etm.portal.ui.managerequests.view.NewRequest","properties":{"src":{"regex":{"source":"value\\-help"}}},"searchOpenDialogs":true},"wdio_ui5_key":"etmportal.ui.managerequests.view.NewRequestsap.ui.core.Icon{\"src\":{\"regex\":{\"source\":\"value\\\\-help\"}}}"}]}
RESULT: undefined
COMMAND: POST /session/93f43bcbd844a5d98eb964b157ec9441/element - {"using":"xpath","value":"//*[@id=\"__xmlview59--costObjectIdComboBox-vhi\"]"}
RESULT: {"using":"xpath","value":"//*[@id=\"__xmlview59--costObjectIdComboBox-vhi\"]"}
COMMAND: POST /session/93f43bcbd844a5d98eb964b157ec9441/element/f.0C3632C05FD2F0739639ED0A0E4218C8.d.2DC5BA4DF4B508D10381A64D659DC10B.e.13245/click - {}
RESULT: {}
COMMAND: POST /session/93f43bcbd844a5d98eb964b157ec9441/execute/async - {"script":"<script> [1562 bytes]","args":[{"selector":{"controlType":"sap.m.SearchField","properties":{"placeholder":"Search"},"searchOpenDialogs":true,"interaction":{"idSuffix":"I"}},"wdio_ui5_key":"sapm.SearchField{\"placeholder\":\"Search\"}"}]}
COMMAND: GET /session/93f43bcbd844a5d98eb964b157ec9441/screenshot - {}
RESULT: {"script":"<script> [1562 bytes]","args":[{"selector":{"controlType":"sap.m.SearchField","properties":{"placeholder":"Search"},"searchOpenDialogs":true,"interaction":{"idSuffix":"I"}},"wdio_ui5_key":"sapm.SearchField{\"placeholder\":\"Search\"}"}]}
RESULT: undefined
COMMAND: POST /session/93f43bcbd844a5d98eb964b157ec9441/execute/async - {"script":"<script> [776 bytes]","args":[{"enterText":"10001010","selector":{"controlType":"sap.m.SearchField","properties":{"placeholder":"Search"},"searchOpenDialogs":true,"interaction":{"idSuffix":"I"}},"clearTextFirst":true,"interactionType":"ENTER_TEXT"}]}
RESULT: {}
RESULT: {"script":"<script> [776 bytes]","args":[{"enterText":"10001010","selector":{"controlType":"sap.m.SearchField","properties":{"placeholder":"Search"},"searchOpenDialogs":true,"interaction":{"idSuffix":"I"}},"clearTextFirst":true,"interactionType":"ENTER_TEXT"}]}
COMMAND: POST /session/93f43bcbd844a5d98eb964b157ec9441/actions - {"actions":[{"id":"action101","type":"key","parameters":{},"actions":[{"type":"keyDown","value":"î€‡"},{"type":"pause","duration":10},{"type":"keyUp","value":"î€‡"}]}]}
RESULT: {"actions":[{"id":"action101","type":"key","parameters":{},"actions":[{"type":"keyDown","value":"î€‡"},{"type":"pause","duration":10},{"type":"keyUp","value":"î€‡"}]}]}
COMMAND: GET /session/93f43bcbd844a5d98eb964b157ec9441/screenshot - {}
RESULT: {}
COMMAND: POST /session/93f43bcbd844a5d98eb964b157ec9441/execute/async - {"script":"<script> [1562 bytes]","args":[{"selector":{"controlType":"sap.m.Text","bindingPath":{"path":"/C_CostCtrValueHelp(CostCenter='10001010',ControllingArea='Z001')","propertyPath":"CostCenterName","modelName":"CostCenterModel"},"searchOpenDialogs":true},"wdio_ui5_key":"sapm.Text{\"path\":\"/C_CostCtrValueHelp(CostCenter='10001010',ControllingArea='Z001')\",\"propertyPath\":\"CostCenterName\",\"modelName\":\"CostCenterModel\"}"}]}
RESULT: {"script":"<script> [1562 bytes]","args":[{"selector":{"controlType":"sap.m.Text","bindingPath":{"path":"/C_CostCtrValueHelp(CostCenter='10001010',ControllingArea='Z001')","propertyPath":"CostCenterName","modelName":"CostCenterModel"},"searchOpenDialogs":true},"wdio_ui5_key":"sapm.Text{\"path\":\"/C_CostCtrValueHelp(CostCenter='10001010',ControllingArea='Z001')\",\"propertyPath\":\"CostCenterName\",\"modelName\":\"CostCenterModel\"}"}]}
RESULT: undefined
COMMAND: POST /session/93f43bcbd844a5d98eb964b157ec9441/element - {"using":"xpath","value":"//*[@id=\"__text291-__clone655\"]"}
RESULT: {"using":"xpath","value":"//*[@id=\"__text291-__clone655\"]"}
COMMAND: POST /session/93f43bcbd844a5d98eb964b157ec9441/element/f.0C3632C05FD2F0739639ED0A0E4218C8.d.2DC5BA4DF4B508D10381A64D659DC10B.e.13285/click - {}
RESULT: {}
COMMAND: POST /session/93f43bcbd844a5d98eb964b157ec9441/execute/async - {"script":"<script> [1562 bytes]","args":[{"selector":{"controlType":"sap.m.Button","properties":{"text":"OK"},"searchOpenDialogs":true,"interaction":{"idSuffix":"BDI-content"}},"wdio_ui5_key":"sapm.Button{\"text\":\"OK\"}"}]}
COMMAND: GET /session/93f43bcbd844a5d98eb964b157ec9441/screenshot - {}
RESULT: {"script":"<script> [1562 bytes]","args":[{"selector":{"controlType":"sap.m.Button","properties":{"text":"OK"},"searchOpenDialogs":true,"interaction":{"idSuffix":"BDI-content"}},"wdio_ui5_key":"sapm.Button{\"text\":\"OK\"}"}]}
RESULT: undefined
COMMAND: POST /session/93f43bcbd844a5d98eb964b157ec9441/element - {"using":"xpath","value":"//*[@id=\"__dialog1-ok\"]"}
RESULT: {}
RESULT: {"using":"xpath","value":"//*[@id=\"__dialog1-ok\"]"}
COMMAND: POST /session/93f43bcbd844a5d98eb964b157ec9441/element/f.0C3632C05FD2F0739639ED0A0E4218C8.d.2DC5BA4DF4B508D10381A64D659DC10B.e.13287/click - {}
RESULT: {}
COMMAND: GET /session/93f43bcbd844a5d98eb964b157ec9441/screenshot - {}
RESULT: {}
COMMAND: POST /session/93f43bcbd844a5d98eb964b157ec9441/execute/async - {"script":"<script> [1562 bytes]","args":[{"selector":{"controlType":"sap.m.Button","viewName":"etm.portal.ui.managerequests.view.NewRequest","i18NText":{"propertyName":"text","key":"save"},"searchOpenDialogs":true,"interaction":{"idSuffix":"BDI-content"}},"wdio_ui5_key":"etmportal.ui.managerequests.view.NewRequestsap.m.Button{\"propertyName\":\"text\",\"key\":\"save\"}"}]}
RESULT: {"script":"<script> [1562 bytes]","args":[{"selector":{"controlType":"sap.m.Button","viewName":"etm.portal.ui.managerequests.view.NewRequest","i18NText":{"propertyName":"text","key":"save"},"searchOpenDialogs":true,"interaction":{"idSuffix":"BDI-content"}},"wdio_ui5_key":"etmportal.ui.managerequests.view.NewRequestsap.m.Button{\"propertyName\":\"text\",\"key\":\"save\"}"}]}
RESULT: undefined
COMMAND: POST /session/93f43bcbd844a5d98eb964b157ec9441/element - {"using":"xpath","value":"//*[@id=\"__button24\"]"}
RESULT: {"using":"xpath","value":"//*[@id=\"__button24\"]"}
COMMAND: POST /session/93f43bcbd844a5d98eb964b157ec9441/element/f.0C3632C05FD2F0739639ED0A0E4218C8.d.2DC5BA4DF4B508D10381A64D659DC10B.e.13291/click - {}
RESULT: {}
COMMAND: GET /session/93f43bcbd844a5d98eb964b157ec9441/screenshot - {}
RESULT: {}
COMMAND: POST /session/93f43bcbd844a5d98eb964b157ec9441/element - {"using":"xpath","value":"(//bdi[contains(text() ,\"Save\")])[1]"}
RESULT: {"using":"xpath","value":"(//bdi[contains(text() ,\"Save\")])[1]"}
COMMAND: POST /session/93f43bcbd844a5d98eb964b157ec9441/element/f.0C3632C05FD2F0739639ED0A0E4218C8.d.2DC5BA4DF4B508D10381A64D659DC10B.e.13293/click - {}
RESULT: {}
COMMAND: GET /session/93f43bcbd844a5d98eb964b157ec9441/screenshot - {}
RESULT: {}
COMMAND: POST /session/93f43bcbd844a5d98eb964b157ec9441/execute/async - {"script":"<script> [1562 bytes]","args":[{"selector":{"controlType":"sap.m.Title","properties":{"text":"Success"},"searchOpenDialogs":true},"wdio_ui5_key":"sapm.Title{\"text\":\"Success\"}"}]}
RESULT: {"script":"<script> [1562 bytes]","args":[{"selector":{"controlType":"sap.m.Title","properties":{"text":"Success"},"searchOpenDialogs":true},"wdio_ui5_key":"sapm.Title{\"text\":\"Success\"}"}]}
RESULT: undefined
COMMAND: POST /session/93f43bcbd844a5d98eb964b157ec9441/execute/async - {"script":"<script> [6424 bytes]","args":[{"element-6066-11e4-a52e-4f735466cecf":"f.0C3632C05FD2F0739639ED0A0E4218C8.d.2DC5BA4DF4B508D10381A64D659DC10B.e.13297"},"getText",[]]}
RESULT: {"script":"<script> [6424 bytes]","args":[{"element-6066-11e4-a52e-4f735466cecf":"f.0C3632C05FD2F0739639ED0A0E4218C8.d.2DC5BA4DF4B508D10381A64D659DC10B.e.13297"},"getText",[]]}
COMMAND: POST /session/93f43bcbd844a5d98eb964b157ec9441/execute/async - {"script":"<script> [1562 bytes]","args":[{"selector":{"controlType":"sap.m.Button","properties":{"text":"Close"},"searchOpenDialogs":true,"interaction":{"idSuffix":"BDI-content"}},"wdio_ui5_key":"sapm.Button{\"text\":\"Close\"}"}]}
RESULT: {"script":"<script> [1562 bytes]","args":[{"selector":{"controlType":"sap.m.Button","properties":{"text":"Close"},"searchOpenDialogs":true,"interaction":{"idSuffix":"BDI-content"}},"wdio_ui5_key":"sapm.Button{\"text\":\"Close\"}"}]}
RESULT: undefined
COMMAND: POST /session/93f43bcbd844a5d98eb964b157ec9441/element - {"using":"xpath","value":"//*[@id=\"__mbox-btn-0\"]"}
RESULT: {"using":"xpath","value":"//*[@id=\"__mbox-btn-0\"]"}
COMMAND: POST /session/93f43bcbd844a5d98eb964b157ec9441/element/f.0C3632C05FD2F0739639ED0A0E4218C8.d.2DC5BA4DF4B508D10381A64D659DC10B.e.13296/click - {}
RESULT: {}
COMMAND: GET /session/93f43bcbd844a5d98eb964b157ec9441/screenshot - {}
RESULT: {}
COMMAND: POST /session/93f43bcbd844a5d98eb964b157ec9441/execute/async - {"script":"<script> [1562 bytes]","args":[{"selector":{"controlType":"sap.m.Text","viewName":"etm.portal.ui.managerequests.view.Detail","bindingPath":{"propertyPath":"NO","modelName":"catalogModel"}},"wdio_ui5_key":"etmportal.ui.managerequests.view.Detailsap.m.Text{\"propertyPath\":\"NO\",\"modelName\":\"catalogModel\"}"}]}
RESULT: {"script":"<script> [1562 bytes]","args":[{"selector":{"controlType":"sap.m.Text","viewName":"etm.portal.ui.managerequests.view.Detail","bindingPath":{"propertyPath":"NO","modelName":"catalogModel"}},"wdio_ui5_key":"etmportal.ui.managerequests.view.Detailsap.m.Text{\"propertyPath\":\"NO\",\"modelName\":\"catalogModel\"}"}]}
RESULT: undefined
COMMAND: POST /session/93f43bcbd844a5d98eb964b157ec9441/execute/async - {"script":"<script> [6424 bytes]","args":[{"element-6066-11e4-a52e-4f735466cecf":"f.0C3632C05FD2F0739639ED0A0E4218C8.d.2DC5BA4DF4B508D10381A64D659DC10B.e.13423"},"getText",[]]}
RESULT: {"script":"<script> [6424 bytes]","args":[{"element-6066-11e4-a52e-4f735466cecf":"f.0C3632C05FD2F0739639ED0A0E4218C8.d.2DC5BA4DF4B508D10381A64D659DC10B.e.13423"},"getText",[]]}
COMMAND: POST /session/93f43bcbd844a5d98eb964b157ec9441/execute/async - {"script":"<script> [1562 bytes]","args":[{"selector":{"controlType":"sap.ui.core.Icon","viewName":"etm.portal.ui.managerequests.view.Detail","properties":{"src":{"regex":{"source":"date\\-time"}}},"ancestor":{"controlType":"sap.m.ColumnListItem","viewName":"etm.portal.ui.managerequests.view.Detail","bindingPath":{"path":"/SmartRequestItemsPlanningBoard(ITEM=10m,REQUEST='20246')"},"ancestor":{"id":"requestItemsTable","viewName":"etm.portal.ui.managerequests.view.Detail"}}},"wdio_ui5_key":"etmportal.ui.managerequests.view.Detailsap.ui.core.Icon{\"src\":{\"regex\":{\"source\":\"date\\\\-time\"}}}{\"controlType\":\"sap.m.ColumnListItem\",\"viewName\":\"etm.portal.ui.managerequests.view.Detail\",\"bindingPath\":{\"path\":\"/SmartRequestItemsPlanningBoard(ITEM=10m,REQUEST='20246')\"},\"ancestor\":{\"id\":\"requestItemsTable\",\"viewName\":\"etm.portal.ui.managerequests.view.Detail\"}}"}]}
RESULT: {"script":"<script> [1562 bytes]","args":[{"selector":{"controlType":"sap.ui.core.Icon","viewName":"etm.portal.ui.managerequests.view.Detail","properties":{"src":{"regex":{"source":"date\\-time"}}},"ancestor":{"controlType":"sap.m.ColumnListItem","viewName":"etm.portal.ui.managerequests.view.Detail","bindingPath":{"path":"/SmartRequestItemsPlanningBoard(ITEM=10m,REQUEST='20246')"},"ancestor":{"id":"requestItemsTable","viewName":"etm.portal.ui.managerequests.view.Detail"}}},"wdio_ui5_key":"etmportal.ui.managerequests.view.Detailsap.ui.core.Icon{\"src\":{\"regex\":{\"source\":\"date\\\\-time\"}}}{\"controlType\":\"sap.m.ColumnListItem\",\"viewName\":\"etm.portal.ui.managerequests.view.Detail\",\"bindingPath\":{\"path\":\"/SmartRequestItemsPlanningBoard(ITEM=10m,REQUEST='20246')\"},\"ancestor\":{\"id\":\"requestItemsTable\",\"viewName\":\"etm.portal.ui.managerequests.view.Detail\"}}"}]}
RESULT: undefined
COMMAND: POST /session/93f43bcbd844a5d98eb964b157ec9441/element - {"using":"xpath","value":"//*[@id=\"__button39-__clone694-img\"]"}
RESULT: {"using":"xpath","value":"//*[@id=\"__button39-__clone694-img\"]"}
COMMAND: POST /session/93f43bcbd844a5d98eb964b157ec9441/element/f.0C3632C05FD2F0739639ED0A0E4218C8.d.2DC5BA4DF4B508D10381A64D659DC10B.e.13424/click - {}
RESULT: {}
COMMAND: POST /session/93f43bcbd844a5d98eb964b157ec9441/execute/async - {"script":"<script> [1562 bytes]","args":[{"selector":{"controlType":"sap.m.Button","viewName":"etm.portal.ui.managerequests.view.Detail","properties":{"text":"Close"},"searchOpenDialogs":true,"interaction":{"idSuffix":"BDI-content"}},"wdio_ui5_key":"etmportal.ui.managerequests.view.Detailsap.m.Button{\"text\":\"Close\"}"}]}
COMMAND: GET /session/93f43bcbd844a5d98eb964b157ec9441/screenshot - {}
RESULT: {"script":"<script> [1562 bytes]","args":[{"selector":{"controlType":"sap.m.Button","viewName":"etm.portal.ui.managerequests.view.Detail","properties":{"text":"Close"},"searchOpenDialogs":true,"interaction":{"idSuffix":"BDI-content"}},"wdio_ui5_key":"etmportal.ui.managerequests.view.Detailsap.m.Button{\"text\":\"Close\"}"}]}
RESULT: undefined
COMMAND: POST /session/93f43bcbd844a5d98eb964b157ec9441/element - {"using":"xpath","value":"//*[@id=\"__button49\"]"}
RESULT: {}
RESULT: {"using":"xpath","value":"//*[@id=\"__button49\"]"}
COMMAND: POST /session/93f43bcbd844a5d98eb964b157ec9441/element/f.0C3632C05FD2F0739639ED0A0E4218C8.d.2DC5BA4DF4B508D10381A64D659DC10B.e.13426/click - {}
RESULT: {}
COMMAND: GET /session/93f43bcbd844a5d98eb964b157ec9441/screenshot - {}
RESULT: {}
COMMAND: POST /session/93f43bcbd844a5d98eb964b157ec9441/refresh - {}
RESULT: {}
COMMAND: GET /session/93f43bcbd844a5d98eb964b157ec9441/screenshot - {}
RESULT: {}
COMMAND: POST /session/93f43bcbd844a5d98eb964b157ec9441/execute/async - {"script":"<script> [189 bytes]","args":[]}
RESULT: {"script":"<script> [189 bytes]","args":[]}
COMMAND: POST /session/93f43bcbd844a5d98eb964b157ec9441/execute/async - {"script":"<script> [123 bytes]","args":[]}
RESULT: {"script":"<script> [123 bytes]","args":[]}
COMMAND: POST /session/93f43bcbd844a5d98eb964b157ec9441/timeouts - {"script":"<number>"}
RESULT: {"script":"<number>"}
COMMAND: GET /session/93f43bcbd844a5d98eb964b157ec9441/timeouts - {}
RESULT: {}
RESULT: undefined
COMMAND: POST /session/93f43bcbd844a5d98eb964b157ec9441/execute/async - {"script":"<script> [2676 bytes]","args":[]}
RESULT: {"script":"<script> [2676 bytes]","args":[]}
COMMAND: POST /session/93f43bcbd844a5d98eb964b157ec9441/execute/async - {"script":"<script> [2342 bytes]","args":[{"protocol":"http","hostname":"0.0.0.0","path":"/","capabilities":{"browserName":"chrome","goog:chromeOptions":{"binary":"C:\\Program Files\\Google\\Chrome\\Application\\chrome.exe","args":["--start-maximized"]}},"logLevel":"warn","connectionRetryTimeout":120000,"connectionRetryCount":3,"logLevels":{},"enableDirectConnect":true,"strictSSL":true,"_":"65 more keys: [\"cacheDir\",\"port\",\"requestedCapabilities\",\"automationProtocol\",\"baseUrl\",\"waitforInterval\",\"waitforTimeout\",\"onReload\",\"beforeCommand\",\"afterCommand\",\"rootDir\",\"specs\",\"suites\",\"exclude\",\"groupLogsByTestSpec\",\"excludeDriverLogs\",\"bail\",\"framework\",\"reporters\",\"services\",\"maxInstances\",\"maxInstancesPerCapability\",\"injectGlobals\",\"filesToWatch\",\"execArgv\",\"runnerEnv\",\"runner\",\"shard\",\"specFileRetries\",\"specFileRetriesDelay\",\"specFileRetriesDeferred\",\"reporterSyncInterval\",\"reporterSyncTimeout\",\"cucumberFeaturesWithLineNumbers\",\"autoCompileOpts\",\"mochaOpts\",\"jasmineOpts\",\"cucumberOpts\",\"onPrepare\",\"onWorkerStart\",\"onWorkerEnd\",\"before\",\"beforeSession\",\"beforeSuite\",\"beforeHook\",\"beforeTest\",\"afterTest\",\"afterHook\",\"afterSuite\",\"afterSession\",\"after\",\"onComplete\",\"beforeAssertion\",\"afterAssertion\",\"beforeFeature\",\"beforeScenario\",\"beforeStep\",\"afterStep\",\"afterScenario\",\"afterFeature\",\"_\",\"suite\",\"$0\",\"ignoredWorkerServices\",\"wdi5\"]"}]}
RESULT: {"script":"<script> [2342 bytes]","args":[{"protocol":"http","hostname":"0.0.0.0","path":"/","capabilities":{"browserName":"chrome","goog:chromeOptions":{"binary":"C:\\Program Files\\Google\\Chrome\\Application\\chrome.exe","args":["--start-maximized"]}},"logLevel":"warn","connectionRetryTimeout":120000,"connectionRetryCount":3,"logLevels":{},"enableDirectConnect":true,"strictSSL":true,"_":"65 more keys: [\"cacheDir\",\"port\",\"requestedCapabilities\",\"automationProtocol\",\"baseUrl\",\"waitforInterval\",\"waitforTimeout\",\"onReload\",\"beforeCommand\",\"afterCommand\",\"rootDir\",\"specs\",\"suites\",\"exclude\",\"groupLogsByTestSpec\",\"excludeDriverLogs\",\"bail\",\"framework\",\"reporters\",\"services\",\"maxInstances\",\"maxInstancesPerCapability\",\"injectGlobals\",\"filesToWatch\",\"execArgv\",\"runnerEnv\",\"runner\",\"shard\",\"specFileRetries\",\"specFileRetriesDelay\",\"specFileRetriesDeferred\",\"reporterSyncInterval\",\"reporterSyncTimeout\",\"cucumberFeaturesWithLineNumbers\",\"autoCompileOpts\",\"mochaOpts\",\"jasmineOpts\",\"cucumberOpts\",\"onPrepare\",\"onWorkerStart\",\"onWorkerEnd\",\"before\",\"beforeSession\",\"beforeSuite\",\"beforeHook\",\"beforeTest\",\"afterTest\",\"afterHook\",\"afterSuite\",\"afterSession\",\"after\",\"onComplete\",\"beforeAssertion\",\"afterAssertion\",\"beforeFeature\",\"beforeScenario\",\"beforeStep\",\"afterStep\",\"afterScenario\",\"afterFeature\",\"_\",\"suite\",\"$0\",\"ignoredWorkerServices\",\"wdi5\"]"}]}
COMMAND: POST /session/93f43bcbd844a5d98eb964b157ec9441/execute/async - {"script":"<script> [21126 bytes]","args":[35000]}
RESULT: {"script":"<script> [21126 bytes]","args":[35000]}
]]></system-out>
    </testcase>
    <testcase classname="chrome.135_0_7049_96.windows.Process_request_items_into_an_existing_quotation_US120163" name="Should process the request into an existing quotation" time="86.456">
      <system-out><![CDATA[
COMMAND: GET /session/93f43bcbd844a5d98eb964b157ec9441/window - {}
RESULT: {}
COMMAND: POST /session/93f43bcbd844a5d98eb964b157ec9441/element - {"using":"xpath","value":"//span[contains(@id ,\"detailHeaderTitle-_actionsToolbar-overflowButton-img\")]"}
RESULT: {"using":"xpath","value":"//span[contains(@id ,\"detailHeaderTitle-_actionsToolbar-overflowButton-img\")]"}
COMMAND: POST /session/93f43bcbd844a5d98eb964b157ec9441/element/f.0C3632C05FD2F0739639ED0A0E4218C8.d.F6698429BD0A3ED2939C2FBE00AB48C2.e.13646/click - {}
RESULT: {}
COMMAND: GET /session/93f43bcbd844a5d98eb964b157ec9441/screenshot - {}
RESULT: {}
COMMAND: POST /session/93f43bcbd844a5d98eb964b157ec9441/element - {"using":"xpath","value":"//span[contains(@id ,\"actionsMenuButton-internalSplitBtn-arrowButton-img\")]"}
RESULT: {"using":"xpath","value":"//span[contains(@id ,\"actionsMenuButton-internalSplitBtn-arrowButton-img\")]"}
COMMAND: POST /session/93f43bcbd844a5d98eb964b157ec9441/element/f.0C3632C05FD2F0739639ED0A0E4218C8.d.F6698429BD0A3ED2939C2FBE00AB48C2.e.13649/click - {}
RESULT: {}
COMMAND: GET /session/93f43bcbd844a5d98eb964b157ec9441/screenshot - {}
RESULT: {}
COMMAND: POST /session/93f43bcbd844a5d98eb964b157ec9441/actions - {"actions":[{"id":"action102","type":"key","parameters":{},"actions":[{"type":"keyDown","value":"î€•"},{"type":"pause","duration":10},{"type":"keyUp","value":"î€•"}]}]}
RESULT: {"actions":[{"id":"action102","type":"key","parameters":{},"actions":[{"type":"keyDown","value":"î€•"},{"type":"pause","duration":10},{"type":"keyUp","value":"î€•"}]}]}
COMMAND: GET /session/93f43bcbd844a5d98eb964b157ec9441/screenshot - {}
RESULT: {}
COMMAND: POST /session/93f43bcbd844a5d98eb964b157ec9441/actions - {"actions":[{"id":"action103","type":"key","parameters":{},"actions":[{"type":"keyDown","value":"î€‡"},{"type":"pause","duration":10},{"type":"keyUp","value":"î€‡"}]}]}
RESULT: {"actions":[{"id":"action103","type":"key","parameters":{},"actions":[{"type":"keyDown","value":"î€‡"},{"type":"pause","duration":10},{"type":"keyUp","value":"î€‡"}]}]}
COMMAND: GET /session/93f43bcbd844a5d98eb964b157ec9441/screenshot - {}
RESULT: {}
COMMAND: POST /session/93f43bcbd844a5d98eb964b157ec9441/actions - {"actions":[{"id":"action104","type":"key","parameters":{},"actions":[{"type":"keyDown","value":"î€•"},{"type":"pause","duration":10},{"type":"keyUp","value":"î€•"}]}]}
RESULT: {"actions":[{"id":"action104","type":"key","parameters":{},"actions":[{"type":"keyDown","value":"î€•"},{"type":"pause","duration":10},{"type":"keyUp","value":"î€•"}]}]}
COMMAND: GET /session/93f43bcbd844a5d98eb964b157ec9441/screenshot - {}
RESULT: {}
COMMAND: POST /session/93f43bcbd844a5d98eb964b157ec9441/actions - {"actions":[{"id":"action105","type":"key","parameters":{},"actions":[{"type":"keyDown","value":"î€‡"},{"type":"pause","duration":10},{"type":"keyUp","value":"î€‡"}]}]}
RESULT: {"actions":[{"id":"action105","type":"key","parameters":{},"actions":[{"type":"keyDown","value":"î€‡"},{"type":"pause","duration":10},{"type":"keyUp","value":"î€‡"}]}]}
COMMAND: GET /session/93f43bcbd844a5d98eb964b157ec9441/screenshot - {}
RESULT: {}
COMMAND: POST /session/93f43bcbd844a5d98eb964b157ec9441/element - {"using":"xpath","value":"//input[contains(@id ,\"quotationsSearchField-I\")]"}
RESULT: {"using":"xpath","value":"//input[contains(@id ,\"quotationsSearchField-I\")]"}
COMMAND: POST /session/93f43bcbd844a5d98eb964b157ec9441/element/f.0C3632C05FD2F0739639ED0A0E4218C8.d.F6698429BD0A3ED2939C2FBE00AB48C2.e.13652/clear - {}
RESULT: {}
COMMAND: POST /session/93f43bcbd844a5d98eb964b157ec9441/element/f.0C3632C05FD2F0739639ED0A0E4218C8.d.F6698429BD0A3ED2939C2FBE00AB48C2.e.13652/value - {"text":"WdIOQuotation7xea"}
COMMAND: GET /session/93f43bcbd844a5d98eb964b157ec9441/screenshot - {}
RESULT: {"text":"WdIOQuotation7xea"}
COMMAND: GET /session/93f43bcbd844a5d98eb964b157ec9441/screenshot - {}
RESULT: {}
RESULT: {}
COMMAND: POST /session/93f43bcbd844a5d98eb964b157ec9441/actions - {"actions":[{"id":"action106","type":"key","parameters":{},"actions":[{"type":"keyDown","value":"î€‡"},{"type":"pause","duration":10},{"type":"keyUp","value":"î€‡"}]}]}
RESULT: {"actions":[{"id":"action106","type":"key","parameters":{},"actions":[{"type":"keyDown","value":"î€‡"},{"type":"pause","duration":10},{"type":"keyUp","value":"î€‡"}]}]}
COMMAND: GET /session/93f43bcbd844a5d98eb964b157ec9441/screenshot - {}
RESULT: {}
COMMAND: POST /session/93f43bcbd844a5d98eb964b157ec9441/element - {"using":"xpath","value":"//div[contains(@id ,\"selectSingle\")]"}
RESULT: {"using":"xpath","value":"//div[contains(@id ,\"selectSingle\")]"}
COMMAND: POST /session/93f43bcbd844a5d98eb964b157ec9441/element/f.0C3632C05FD2F0739639ED0A0E4218C8.d.F6698429BD0A3ED2939C2FBE00AB48C2.e.13656/click - {}
RESULT: {}
COMMAND: GET /session/93f43bcbd844a5d98eb964b157ec9441/screenshot - {}
RESULT: {}
COMMAND: POST /session/93f43bcbd844a5d98eb964b157ec9441/element - {"using":"xpath","value":"//bdi[contains(text() ,\"Selection Done\")]"}
RESULT: {"using":"xpath","value":"//bdi[contains(text() ,\"Selection Done\")]"}
COMMAND: POST /session/93f43bcbd844a5d98eb964b157ec9441/element/f.0C3632C05FD2F0739639ED0A0E4218C8.d.F6698429BD0A3ED2939C2FBE00AB48C2.e.13664/click - {}
RESULT: {}
COMMAND: GET /session/93f43bcbd844a5d98eb964b157ec9441/screenshot - {}
RESULT: {}
COMMAND: POST /session/93f43bcbd844a5d98eb964b157ec9441/actions - {"actions":[{"id":"action107","type":"key","parameters":{},"actions":[{"type":"keyDown","value":"î€‡"},{"type":"pause","duration":10},{"type":"keyUp","value":"î€‡"}]}]}
RESULT: {"actions":[{"id":"action107","type":"key","parameters":{},"actions":[{"type":"keyDown","value":"î€‡"},{"type":"pause","duration":10},{"type":"keyUp","value":"î€‡"}]}]}
COMMAND: GET /session/93f43bcbd844a5d98eb964b157ec9441/screenshot - {}
RESULT: {}
COMMAND: POST /session/93f43bcbd844a5d98eb964b157ec9441/actions - {"actions":[{"id":"action108","type":"key","parameters":{},"actions":[{"type":"keyDown","value":"î€‡"},{"type":"pause","duration":10},{"type":"keyUp","value":"î€‡"}]}]}
RESULT: {"actions":[{"id":"action108","type":"key","parameters":{},"actions":[{"type":"keyDown","value":"î€‡"},{"type":"pause","duration":10},{"type":"keyUp","value":"î€‡"}]}]}
COMMAND: GET /session/93f43bcbd844a5d98eb964b157ec9441/screenshot - {}
RESULT: {}
COMMAND: GET /session/93f43bcbd844a5d98eb964b157ec9441/window/handles - {}
RESULT: {}
COMMAND: GET /session/93f43bcbd844a5d98eb964b157ec9441/window/handles - {}
RESULT: {}
COMMAND: POST /session/93f43bcbd844a5d98eb964b157ec9441/window - {"handle":"27A9274C5548AE6A260018152CE93B04"}
RESULT: {"handle":"27A9274C5548AE6A260018152CE93B04"}
COMMAND: GET /session/93f43bcbd844a5d98eb964b157ec9441/url - {}
RESULT: {}
COMMAND: GET /session/93f43bcbd844a5d98eb964b157ec9441/screenshot - {}
RESULT: {}
COMMAND: POST /session/93f43bcbd844a5d98eb964b157ec9441/element - {"using":"xpath","value":"//span[contains(text(), \"Header Billing Items\")]"}
RESULT: {"using":"xpath","value":"//span[contains(text(), \"Header Billing Items\")]"}
COMMAND: POST /session/93f43bcbd844a5d98eb964b157ec9441/element/f.27A9274C5548AE6A260018152CE93B04.d.3EE8B4E15528032B62282BFFF5FBD4D1.e.13857/click - {}
COMMAND: POST /session/93f43bcbd844a5d98eb964b157ec9441/element - {"using":"xpath","value":"//span[contains(text(), \"Header Billing Items\")]"}
RESULT: {"using":"xpath","value":"//span[contains(text(), \"Header Billing Items\")]"}
COMMAND: POST /session/93f43bcbd844a5d98eb964b157ec9441/element/f.27A9274C5548AE6A260018152CE93B04.d.3EE8B4E15528032B62282BFFF5FBD4D1.e.13857/click - {}
COMMAND: POST /session/93f43bcbd844a5d98eb964b157ec9441/element - {"using":"xpath","value":"//span[contains(text(), \"Header Billing Items\")]"}
RESULT: {"using":"xpath","value":"//span[contains(text(), \"Header Billing Items\")]"}
COMMAND: POST /session/93f43bcbd844a5d98eb964b157ec9441/element/f.27A9274C5548AE6A260018152CE93B04.d.3EE8B4E15528032B62282BFFF5FBD4D1.e.13862/click - {}
RESULT: {}
COMMAND: GET /session/93f43bcbd844a5d98eb964b157ec9441/screenshot - {}
RESULT: {}
COMMAND: POST /session/93f43bcbd844a5d98eb964b157ec9441/element - {"using":"xpath","value":"//span[contains(@id ,\"contractItemsSmartTable-header-inner\")]"}
RESULT: {"using":"xpath","value":"//span[contains(@id ,\"contractItemsSmartTable-header-inner\")]"}
COMMAND: GET /session/93f43bcbd844a5d98eb964b157ec9441/element/f.27A9274C5548AE6A260018152CE93B04.d.3EE8B4E15528032B62282BFFF5FBD4D1.e.13866/text - {}
RESULT: {}
COMMAND: POST /session/93f43bcbd844a5d98eb964b157ec9441/element - {"using":"xpath","value":"//span[@class=\"sapMObjStatusText\"][contains(text(), \"proposed\")]"}
RESULT: {"using":"xpath","value":"//span[@class=\"sapMObjStatusText\"][contains(text(), \"proposed\")]"}
COMMAND: GET /session/93f43bcbd844a5d98eb964b157ec9441/element/f.27A9274C5548AE6A260018152CE93B04.d.3EE8B4E15528032B62282BFFF5FBD4D1.e.13867/text - {}
RESULT: {}
COMMAND: DELETE /session/93f43bcbd844a5d98eb964b157ec9441/window - {}
RESULT: {}
COMMAND: POST /session/93f43bcbd844a5d98eb964b157ec9441/window - {"handle":"0C3632C05FD2F0739639ED0A0E4218C8"}
RESULT: {"handle":"0C3632C05FD2F0739639ED0A0E4218C8"}
COMMAND: GET /session/93f43bcbd844a5d98eb964b157ec9441/url - {}
RESULT: {}
COMMAND: GET /session/93f43bcbd844a5d98eb964b157ec9441/screenshot - {}
RESULT: {}
]]></system-out>
    </testcase>
    <testcase classname="chrome.135_0_7049_96.windows.Process_request_items_into_an_existing_quotation_US120163" name="Should navigate back to the request and check the request and item statuses" time="46.131">
      <system-out><![CDATA[
COMMAND: POST /session/93f43bcbd844a5d98eb964b157ec9441/refresh - {}
RESULT: {}
COMMAND: GET /session/93f43bcbd844a5d98eb964b157ec9441/screenshot - {}
RESULT: {}
COMMAND: POST /session/93f43bcbd844a5d98eb964b157ec9441/execute/async - {"script":"<script> [189 bytes]","args":[]}
RESULT: {"script":"<script> [189 bytes]","args":[]}
COMMAND: POST /session/93f43bcbd844a5d98eb964b157ec9441/execute/async - {"script":"<script> [123 bytes]","args":[]}
RESULT: {"script":"<script> [123 bytes]","args":[]}
COMMAND: POST /session/93f43bcbd844a5d98eb964b157ec9441/timeouts - {"script":"<number>"}
RESULT: {"script":"<number>"}
COMMAND: GET /session/93f43bcbd844a5d98eb964b157ec9441/timeouts - {}
RESULT: {}
RESULT: undefined
COMMAND: POST /session/93f43bcbd844a5d98eb964b157ec9441/execute/async - {"script":"<script> [2676 bytes]","args":[]}
RESULT: {"script":"<script> [2676 bytes]","args":[]}
COMMAND: POST /session/93f43bcbd844a5d98eb964b157ec9441/execute/async - {"script":"<script> [2342 bytes]","args":[{"protocol":"http","hostname":"0.0.0.0","path":"/","capabilities":{"browserName":"chrome","goog:chromeOptions":{"binary":"C:\\Program Files\\Google\\Chrome\\Application\\chrome.exe","args":["--start-maximized"]}},"logLevel":"warn","connectionRetryTimeout":120000,"connectionRetryCount":3,"logLevels":{},"enableDirectConnect":true,"strictSSL":true,"_":"65 more keys: [\"cacheDir\",\"port\",\"requestedCapabilities\",\"automationProtocol\",\"baseUrl\",\"waitforInterval\",\"waitforTimeout\",\"onReload\",\"beforeCommand\",\"afterCommand\",\"rootDir\",\"specs\",\"suites\",\"exclude\",\"groupLogsByTestSpec\",\"excludeDriverLogs\",\"bail\",\"framework\",\"reporters\",\"services\",\"maxInstances\",\"maxInstancesPerCapability\",\"injectGlobals\",\"filesToWatch\",\"execArgv\",\"runnerEnv\",\"runner\",\"shard\",\"specFileRetries\",\"specFileRetriesDelay\",\"specFileRetriesDeferred\",\"reporterSyncInterval\",\"reporterSyncTimeout\",\"cucumberFeaturesWithLineNumbers\",\"autoCompileOpts\",\"mochaOpts\",\"jasmineOpts\",\"cucumberOpts\",\"onPrepare\",\"onWorkerStart\",\"onWorkerEnd\",\"before\",\"beforeSession\",\"beforeSuite\",\"beforeHook\",\"beforeTest\",\"afterTest\",\"afterHook\",\"afterSuite\",\"afterSession\",\"after\",\"onComplete\",\"beforeAssertion\",\"afterAssertion\",\"beforeFeature\",\"beforeScenario\",\"beforeStep\",\"afterStep\",\"afterScenario\",\"afterFeature\",\"_\",\"suite\",\"$0\",\"ignoredWorkerServices\",\"wdi5\"]"}]}
RESULT: {"script":"<script> [2342 bytes]","args":[{"protocol":"http","hostname":"0.0.0.0","path":"/","capabilities":{"browserName":"chrome","goog:chromeOptions":{"binary":"C:\\Program Files\\Google\\Chrome\\Application\\chrome.exe","args":["--start-maximized"]}},"logLevel":"warn","connectionRetryTimeout":120000,"connectionRetryCount":3,"logLevels":{},"enableDirectConnect":true,"strictSSL":true,"_":"65 more keys: [\"cacheDir\",\"port\",\"requestedCapabilities\",\"automationProtocol\",\"baseUrl\",\"waitforInterval\",\"waitforTimeout\",\"onReload\",\"beforeCommand\",\"afterCommand\",\"rootDir\",\"specs\",\"suites\",\"exclude\",\"groupLogsByTestSpec\",\"excludeDriverLogs\",\"bail\",\"framework\",\"reporters\",\"services\",\"maxInstances\",\"maxInstancesPerCapability\",\"injectGlobals\",\"filesToWatch\",\"execArgv\",\"runnerEnv\",\"runner\",\"shard\",\"specFileRetries\",\"specFileRetriesDelay\",\"specFileRetriesDeferred\",\"reporterSyncInterval\",\"reporterSyncTimeout\",\"cucumberFeaturesWithLineNumbers\",\"autoCompileOpts\",\"mochaOpts\",\"jasmineOpts\",\"cucumberOpts\",\"onPrepare\",\"onWorkerStart\",\"onWorkerEnd\",\"before\",\"beforeSession\",\"beforeSuite\",\"beforeHook\",\"beforeTest\",\"afterTest\",\"afterHook\",\"afterSuite\",\"afterSession\",\"after\",\"onComplete\",\"beforeAssertion\",\"afterAssertion\",\"beforeFeature\",\"beforeScenario\",\"beforeStep\",\"afterStep\",\"afterScenario\",\"afterFeature\",\"_\",\"suite\",\"$0\",\"ignoredWorkerServices\",\"wdi5\"]"}]}
COMMAND: POST /session/93f43bcbd844a5d98eb964b157ec9441/execute/async - {"script":"<script> [21126 bytes]","args":[35000]}
RESULT: {"script":"<script> [21126 bytes]","args":[35000]}
COMMAND: POST /session/93f43bcbd844a5d98eb964b157ec9441/execute/async - {"script":"<script> [1562 bytes]","args":[{"selector":{"controlType":"sap.m.Text","viewName":"etm.portal.ui.managerequests.view.Detail","bindingPath":{"path":"/SmartRequestItemsPlanningBoard(ITEM=10m,REQUEST='20246')","propertyPath":"STATUS_DESC"}},"wdio_ui5_key":"etmportal.ui.managerequests.view.Detailsap.m.Text{\"path\":\"/SmartRequestItemsPlanningBoard(ITEM=10m,REQUEST='20246')\",\"propertyPath\":\"STATUS_DESC\"}"}]}
RESULT: {"script":"<script> [1562 bytes]","args":[{"selector":{"controlType":"sap.m.Text","viewName":"etm.portal.ui.managerequests.view.Detail","bindingPath":{"path":"/SmartRequestItemsPlanningBoard(ITEM=10m,REQUEST='20246')","propertyPath":"STATUS_DESC"}},"wdio_ui5_key":"etmportal.ui.managerequests.view.Detailsap.m.Text{\"path\":\"/SmartRequestItemsPlanningBoard(ITEM=10m,REQUEST='20246')\",\"propertyPath\":\"STATUS_DESC\"}"}]}
RESULT: undefined
COMMAND: POST /session/93f43bcbd844a5d98eb964b157ec9441/execute/async - {"script":"<script> [6424 bytes]","args":[{"element-6066-11e4-a52e-4f735466cecf":"f.0C3632C05FD2F0739639ED0A0E4218C8.d.7DF1F4E4FD65D12D14047CF42A2FBB49.e.14078"},"getText",[]]}
RESULT: {"script":"<script> [6424 bytes]","args":[{"element-6066-11e4-a52e-4f735466cecf":"f.0C3632C05FD2F0739639ED0A0E4218C8.d.7DF1F4E4FD65D12D14047CF42A2FBB49.e.14078"},"getText",[]]}
COMMAND: POST /session/93f43bcbd844a5d98eb964b157ec9441/execute/async - {"script":"<script> [1562 bytes]","args":[{"selector":{"controlType":"sap.m.ObjectStatus","viewName":"etm.portal.ui.managerequests.view.Detail","bindingPath":{"path":"/RequestHeaders('20246')","propertyPath":"LINK_TO_STATUS/DESCRIPTION","modelName":"catalogModel"}},"wdio_ui5_key":"etmportal.ui.managerequests.view.Detailsap.m.ObjectStatus{\"path\":\"/RequestHeaders('20246')\",\"propertyPath\":\"LINK_TO_STATUS/DESCRIPTION\",\"modelName\":\"catalogModel\"}"}]}
RESULT: {"script":"<script> [1562 bytes]","args":[{"selector":{"controlType":"sap.m.ObjectStatus","viewName":"etm.portal.ui.managerequests.view.Detail","bindingPath":{"path":"/RequestHeaders('20246')","propertyPath":"LINK_TO_STATUS/DESCRIPTION","modelName":"catalogModel"}},"wdio_ui5_key":"etmportal.ui.managerequests.view.Detailsap.m.ObjectStatus{\"path\":\"/RequestHeaders('20246')\",\"propertyPath\":\"LINK_TO_STATUS/DESCRIPTION\",\"modelName\":\"catalogModel\"}"}]}
RESULT: undefined
COMMAND: POST /session/93f43bcbd844a5d98eb964b157ec9441/execute/async - {"script":"<script> [6424 bytes]","args":[{"element-6066-11e4-a52e-4f735466cecf":"f.0C3632C05FD2F0739639ED0A0E4218C8.d.7DF1F4E4FD65D12D14047CF42A2FBB49.e.14079"},"getText",[]]}
RESULT: {"script":"<script> [6424 bytes]","args":[{"element-6066-11e4-a52e-4f735466cecf":"f.0C3632C05FD2F0739639ED0A0E4218C8.d.7DF1F4E4FD65D12D14047CF42A2FBB49.e.14079"},"getText",[]]}
COMMAND: DELETE /session/93f43bcbd844a5d98eb964b157ec9441 - {}
RESULT: {}
]]></system-out>
    </testcase>
  </testsuite>
</testsuites>